<?xml version="1.0" encoding="UTF-8"?>
<testsuite xmlns:xsi="http://www.w3.org/2001/XMLSchema-instance" xsi:noNamespaceSchemaLocation="https://maven.apache.org/surefire/maven-failsafe-plugin/xsd/failsafe-test-report-3.0.xsd" version="3.0" name="starter.CucumberTestSuite" time="56.315" tests="38" errors="0" skipped="0" failures="12">
  <properties>
    <property name="java.specification.version" value="14"/>
    <property name="sun.cpu.isalist" value="amd64"/>
    <property name="sun.jnu.encoding" value="Cp1252"/>
    <property name="java.class.path" value="C:\Users\Lenovo\IdeaProjects\MiniProject\MiniprojectApi\target\test-classes;C:\Users\Lenovo\.m2\repository\net\serenity-bdd\serenity-core\3.5.1\serenity-core-3.5.1.jar;C:\Users\Lenovo\.m2\repository\net\serenity-bdd\serenity-model\3.5.1\serenity-model-3.5.1.jar;C:\Users\Lenovo\.m2\repository\org\apache\commons\commons-text\1.10.0\commons-text-1.10.0.jar;C:\Users\Lenovo\.m2\repository\commons-net\commons-net\3.8.0\commons-net-3.8.0.jar;C:\Users\Lenovo\.m2\repository\com\google\guava\guava\31.1-jre\guava-31.1-jre.jar;C:\Users\Lenovo\.m2\repository\com\google\guava\failureaccess\1.0.1\failureaccess-1.0.1.jar;C:\Users\Lenovo\.m2\repository\com\google\guava\listenablefuture\9999.0-empty-to-avoid-conflict-with-guava\listenablefuture-9999.0-empty-to-avoid-conflict-with-guava.jar;C:\Users\Lenovo\.m2\repository\com\google\code\findbugs\jsr305\3.0.2\jsr305-3.0.2.jar;C:\Users\Lenovo\.m2\repository\org\checkerframework\checker-qual\3.12.0\checker-qual-3.12.0.jar;C:\Users\Lenovo\.m2\repository\com\google\errorprone\error_prone_annotations\2.11.0\error_prone_annotations-2.11.0.jar;C:\Users\Lenovo\.m2\repository\com\google\j2objc\j2objc-annotations\1.3\j2objc-annotations-1.3.jar;C:\Users\Lenovo\.m2\repository\com\google\inject\guice\5.1.0\guice-5.1.0.jar;C:\Users\Lenovo\.m2\repository\javax\inject\javax.inject\1\javax.inject-1.jar;C:\Users\Lenovo\.m2\repository\aopalliance\aopalliance\1.0\aopalliance-1.0.jar;C:\Users\Lenovo\.m2\repository\org\jsoup\jsoup\1.14.3\jsoup-1.14.3.jar;C:\Users\Lenovo\.m2\repository\com\thoughtworks\xstream\xstream\1.4.19\xstream-1.4.19.jar;C:\Users\Lenovo\.m2\repository\io\github\x-stream\mxparser\1.2.2\mxparser-1.2.2.jar;C:\Users\Lenovo\.m2\repository\xmlpull\xmlpull\1.1.3.1\xmlpull-1.1.3.1.jar;C:\Users\Lenovo\.m2\repository\com\typesafe\config\1.4.2\config-1.4.2.jar;C:\Users\Lenovo\.m2\repository\org\imgscalr\imgscalr-lib\4.2\imgscalr-lib-4.2.jar;C:\Users\Lenovo\.m2\repository\org\awaitility\awaitility\4.2.0\awaitility-4.2.0.jar;C:\Users\Lenovo\.m2\repository\org\freemarker\freemarker\2.3.31\freemarker-2.3.31.jar;C:\Users\Lenovo\.m2\repository\io\github\classgraph\classgraph\4.8.138\classgraph-4.8.138.jar;C:\Users\Lenovo\.m2\repository\net\sourceforge\jexcelapi\jxl\2.6.12\jxl-2.6.12.jar;C:\Users\Lenovo\.m2\repository\net\bytebuddy\byte-buddy-agent\1.12.18\byte-buddy-agent-1.12.18.jar;C:\Users\Lenovo\.m2\repository\org\objenesis\objenesis\3.1\objenesis-3.1.jar;C:\Users\Lenovo\.m2\repository\net\serenity-bdd\serenity-reports\3.5.1\serenity-reports-3.5.1.jar;C:\Users\Lenovo\.m2\repository\net\serenity-bdd\serenity-stats\3.5.1\serenity-stats-3.5.1.jar;C:\Users\Lenovo\.m2\repository\net\serenity-bdd\serenity-reports-configuration\3.5.1\serenity-reports-configuration-3.5.1.jar;C:\Users\Lenovo\.m2\repository\com\vladsch\flexmark\flexmark-all\0.34.30\flexmark-all-0.34.30.jar;C:\Users\Lenovo\.m2\repository\com\vladsch\flexmark\flexmark\0.34.30\flexmark-0.34.30.jar;C:\Users\Lenovo\.m2\repository\com\vladsch\flexmark\flexmark-ext-abbreviation\0.34.30\flexmark-ext-abbreviation-0.34.30.jar;C:\Users\Lenovo\.m2\repository\com\vladsch\flexmark\flexmark-ext-admonition\0.34.30\flexmark-ext-admonition-0.34.30.jar;C:\Users\Lenovo\.m2\repository\com\vladsch\flexmark\flexmark-ext-anchorlink\0.34.30\flexmark-ext-anchorlink-0.34.30.jar;C:\Users\Lenovo\.m2\repository\com\vladsch\flexmark\flexmark-ext-aside\0.34.30\flexmark-ext-aside-0.34.30.jar;C:\Users\Lenovo\.m2\repository\com\vladsch\flexmark\flexmark-ext-attributes\0.34.30\flexmark-ext-attributes-0.34.30.jar;C:\Users\Lenovo\.m2\repository\com\vladsch\flexmark\flexmark-ext-autolink\0.34.30\flexmark-ext-autolink-0.34.30.jar;C:\Users\Lenovo\.m2\repository\org\nibor\autolink\autolink\0.6.0\autolink-0.6.0.jar;C:\Users\Lenovo\.m2\repository\com\vladsch\flexmark\flexmark-ext-definition\0.34.30\flexmark-ext-definition-0.34.30.jar;C:\Users\Lenovo\.m2\repository\com\vladsch\flexmark\flexmark-ext-emoji\0.34.30\flexmark-ext-emoji-0.34.30.jar;C:\Users\Lenovo\.m2\repository\com\vladsch\flexmark\flexmark-ext-enumerated-reference\0.34.30\flexmark-ext-enumerated-reference-0.34.30.jar;C:\Users\Lenovo\.m2\repository\com\vladsch\flexmark\flexmark-ext-escaped-character\0.34.30\flexmark-ext-escaped-character-0.34.30.jar;C:\Users\Lenovo\.m2\repository\com\vladsch\flexmark\flexmark-ext-footnotes\0.34.30\flexmark-ext-footnotes-0.34.30.jar;C:\Users\Lenovo\.m2\repository\com\vladsch\flexmark\flexmark-ext-gfm-issues\0.34.30\flexmark-ext-gfm-issues-0.34.30.jar;C:\Users\Lenovo\.m2\repository\com\vladsch\flexmark\flexmark-ext-gfm-strikethrough\0.34.30\flexmark-ext-gfm-strikethrough-0.34.30.jar;C:\Users\Lenovo\.m2\repository\com\vladsch\flexmark\flexmark-ext-gfm-tables\0.34.30\flexmark-ext-gfm-tables-0.34.30.jar;C:\Users\Lenovo\.m2\repository\com\vladsch\flexmark\flexmark-ext-gfm-tasklist\0.34.30\flexmark-ext-gfm-tasklist-0.34.30.jar;C:\Users\Lenovo\.m2\repository\com\vladsch\flexmark\flexmark-ext-gfm-users\0.34.30\flexmark-ext-gfm-users-0.34.30.jar;C:\Users\Lenovo\.m2\repository\com\vladsch\flexmark\flexmark-ext-gitlab\0.34.30\flexmark-ext-gitlab-0.34.30.jar;C:\Users\Lenovo\.m2\repository\com\vladsch\flexmark\flexmark-ext-jekyll-front-matter\0.34.30\flexmark-ext-jekyll-front-matter-0.34.30.jar;C:\Users\Lenovo\.m2\repository\com\vladsch\flexmark\flexmark-ext-jekyll-tag\0.34.30\flexmark-ext-jekyll-tag-0.34.30.jar;C:\Users\Lenovo\.m2\repository\com\vladsch\flexmark\flexmark-ext-media-tags\0.34.30\flexmark-ext-media-tags-0.34.30.jar;C:\Users\Lenovo\.m2\repository\com\vladsch\flexmark\flexmark-test-util\0.34.30\flexmark-test-util-0.34.30.jar;C:\Users\Lenovo\.m2\repository\com\vladsch\flexmark\flexmark-ext-ins\0.34.30\flexmark-ext-ins-0.34.30.jar;C:\Users\Lenovo\.m2\repository\com\vladsch\flexmark\flexmark-ext-xwiki-macros\0.34.30\flexmark-ext-xwiki-macros-0.34.30.jar;C:\Users\Lenovo\.m2\repository\com\vladsch\flexmark\flexmark-ext-superscript\0.34.30\flexmark-ext-superscript-0.34.30.jar;C:\Users\Lenovo\.m2\repository\com\vladsch\flexmark\flexmark-ext-tables\0.34.30\flexmark-ext-tables-0.34.30.jar;C:\Users\Lenovo\.m2\repository\com\vladsch\flexmark\flexmark-ext-toc\0.34.30\flexmark-ext-toc-0.34.30.jar;C:\Users\Lenovo\.m2\repository\com\vladsch\flexmark\flexmark-ext-typographic\0.34.30\flexmark-ext-typographic-0.34.30.jar;C:\Users\Lenovo\.m2\repository\com\vladsch\flexmark\flexmark-ext-wikilink\0.34.30\flexmark-ext-wikilink-0.34.30.jar;C:\Users\Lenovo\.m2\repository\com\vladsch\flexmark\flexmark-ext-yaml-front-matter\0.34.30\flexmark-ext-yaml-front-matter-0.34.30.jar;C:\Users\Lenovo\.m2\repository\com\vladsch\flexmark\flexmark-ext-youtube-embedded\0.34.30\flexmark-ext-youtube-embedded-0.34.30.jar;C:\Users\Lenovo\.m2\repository\com\vladsch\flexmark\flexmark-formatter\0.34.30\flexmark-formatter-0.34.30.jar;C:\Users\Lenovo\.m2\repository\com\vladsch\flexmark\flexmark-html-parser\0.34.30\flexmark-html-parser-0.34.30.jar;C:\Users\Lenovo\.m2\repository\com\vladsch\flexmark\flexmark-jira-converter\0.34.30\flexmark-jira-converter-0.34.30.jar;C:\Users\Lenovo\.m2\repository\com\vladsch\flexmark\flexmark-pdf-converter\0.34.30\flexmark-pdf-converter-0.34.30.jar;C:\Users\Lenovo\.m2\repository\com\openhtmltopdf\openhtmltopdf-core\0.0.1-RC13\openhtmltopdf-core-0.0.1-RC13.jar;C:\Users\Lenovo\.m2\repository\com\openhtmltopdf\openhtmltopdf-pdfbox\0.0.1-RC13\openhtmltopdf-pdfbox-0.0.1-RC13.jar;C:\Users\Lenovo\.m2\repository\org\apache\pdfbox\pdfbox\2.0.8\pdfbox-2.0.8.jar;C:\Users\Lenovo\.m2\repository\org\apache\pdfbox\fontbox\2.0.8\fontbox-2.0.8.jar;C:\Users\Lenovo\.m2\repository\org\apache\pdfbox\xmpbox\2.0.8\xmpbox-2.0.8.jar;C:\Users\Lenovo\.m2\repository\de\rototor\pdfbox\graphics2d\0.12\graphics2d-0.12.jar;C:\Users\Lenovo\.m2\repository\com\openhtmltopdf\openhtmltopdf-rtl-support\0.0.1-RC13\openhtmltopdf-rtl-support-0.0.1-RC13.jar;C:\Users\Lenovo\.m2\repository\com\ibm\icu\icu4j\59.1\icu4j-59.1.jar;C:\Users\Lenovo\.m2\repository\com\openhtmltopdf\openhtmltopdf-jsoup-dom-converter\0.0.1-RC13\openhtmltopdf-jsoup-dom-converter-0.0.1-RC13.jar;C:\Users\Lenovo\.m2\repository\com\vladsch\flexmark\flexmark-profile-pegdown\0.34.30\flexmark-profile-pegdown-0.34.30.jar;C:\Users\Lenovo\.m2\repository\com\vladsch\flexmark\flexmark-util\0.34.30\flexmark-util-0.34.30.jar;C:\Users\Lenovo\.m2\repository\com\vladsch\flexmark\flexmark-youtrack-converter\0.34.30\flexmark-youtrack-converter-0.34.30.jar;C:\Users\Lenovo\.m2\repository\es\nitaur\markdown\txtmark\0.16\txtmark-0.16.jar;C:\Users\Lenovo\.m2\repository\net\serenity-bdd\serenity-report-resources\3.5.1\serenity-report-resources-3.5.1.jar;C:\Users\Lenovo\.m2\repository\com\google\code\gson\gson\2.9.0\gson-2.9.0.jar;C:\Users\Lenovo\.m2\repository\com\fasterxml\jackson\core\jackson-core\2.13.4\jackson-core-2.13.4.jar;C:\Users\Lenovo\.m2\repository\com\fasterxml\jackson\core\jackson-databind\2.13.4\jackson-databind-2.13.4.jar;C:\Users\Lenovo\.m2\repository\com\fasterxml\jackson\core\jackson-annotations\2.13.4\jackson-annotations-2.13.4.jar;C:\Users\Lenovo\.m2\repository\commons-codec\commons-codec\1.15\commons-codec-1.15.jar;C:\Users\Lenovo\.m2\repository\commons-io\commons-io\2.11.0\commons-io-2.11.0.jar;C:\Users\Lenovo\.m2\repository\org\apache\httpcomponents\httpclient\4.5.13\httpclient-4.5.13.jar;C:\Users\Lenovo\.m2\repository\org\apache\httpcomponents\httpcore\4.4.13\httpcore-4.4.13.jar;C:\Users\Lenovo\.m2\repository\commons-logging\commons-logging\1.2\commons-logging-1.2.jar;C:\Users\Lenovo\.m2\repository\org\seleniumhq\selenium\selenium-java\4.7.1\selenium-java-4.7.1.jar;C:\Users\Lenovo\.m2\repository\org\seleniumhq\selenium\selenium-devtools-v106\4.7.1\selenium-devtools-v106-4.7.1.jar;C:\Users\Lenovo\.m2\repository\org\seleniumhq\selenium\selenium-devtools-v107\4.7.1\selenium-devtools-v107-4.7.1.jar;C:\Users\Lenovo\.m2\repository\org\seleniumhq\selenium\selenium-devtools-v108\4.7.1\selenium-devtools-v108-4.7.1.jar;C:\Users\Lenovo\.m2\repository\org\seleniumhq\selenium\selenium-devtools-v85\4.7.1\selenium-devtools-v85-4.7.1.jar;C:\Users\Lenovo\.m2\repository\org\seleniumhq\selenium\selenium-remote-driver\4.7.1\selenium-remote-driver-4.7.1.jar;C:\Users\Lenovo\.m2\repository\com\beust\jcommander\1.82\jcommander-1.82.jar;C:\Users\Lenovo\.m2\repository\io\netty\netty-buffer\4.1.84.Final\netty-buffer-4.1.84.Final.jar;C:\Users\Lenovo\.m2\repository\io\netty\netty-codec-http\4.1.84.Final\netty-codec-http-4.1.84.Final.jar;C:\Users\Lenovo\.m2\repository\io\netty\netty-codec\4.1.84.Final\netty-codec-4.1.84.Final.jar;C:\Users\Lenovo\.m2\repository\io\netty\netty-handler\4.1.84.Final\netty-handler-4.1.84.Final.jar;C:\Users\Lenovo\.m2\repository\io\netty\netty-common\4.1.84.Final\netty-common-4.1.84.Final.jar;C:\Users\Lenovo\.m2\repository\io\netty\netty-transport-classes-epoll\4.1.84.Final\netty-transport-classes-epoll-4.1.84.Final.jar;C:\Users\Lenovo\.m2\repository\io\netty\netty-transport-classes-kqueue\4.1.84.Final\netty-transport-classes-kqueue-4.1.84.Final.jar;C:\Users\Lenovo\.m2\repository\io\netty\netty-transport-native-epoll\4.1.84.Final\netty-transport-native-epoll-4.1.84.Final.jar;C:\Users\Lenovo\.m2\repository\io\netty\netty-transport-native-kqueue\4.1.84.Final\netty-transport-native-kqueue-4.1.84.Final.jar;C:\Users\Lenovo\.m2\repository\io\netty\netty-transport-native-unix-common\4.1.84.Final\netty-transport-native-unix-common-4.1.84.Final.jar;C:\Users\Lenovo\.m2\repository\io\netty\netty-transport\4.1.84.Final\netty-transport-4.1.84.Final.jar;C:\Users\Lenovo\.m2\repository\io\netty\netty-resolver\4.1.84.Final\netty-resolver-4.1.84.Final.jar;C:\Users\Lenovo\.m2\repository\io\opentelemetry\opentelemetry-api\1.19.0\opentelemetry-api-1.19.0.jar;C:\Users\Lenovo\.m2\repository\io\opentelemetry\opentelemetry-context\1.19.0\opentelemetry-context-1.19.0.jar;C:\Users\Lenovo\.m2\repository\io\opentelemetry\opentelemetry-exporter-logging\1.19.0\opentelemetry-exporter-logging-1.19.0.jar;C:\Users\Lenovo\.m2\repository\io\opentelemetry\opentelemetry-sdk-metrics\1.19.0\opentelemetry-sdk-metrics-1.19.0.jar;C:\Users\Lenovo\.m2\repository\io\opentelemetry\opentelemetry-sdk-logs\1.19.0-alpha\opentelemetry-sdk-logs-1.19.0-alpha.jar;C:\Users\Lenovo\.m2\repository\io\opentelemetry\opentelemetry-api-logs\1.19.0-alpha\opentelemetry-api-logs-1.19.0-alpha.jar;C:\Users\Lenovo\.m2\repository\io\opentelemetry\opentelemetry-sdk-common\1.19.0\opentelemetry-sdk-common-1.19.0.jar;C:\Users\Lenovo\.m2\repository\io\opentelemetry\opentelemetry-sdk-extension-autoconfigure-spi\1.19.0\opentelemetry-sdk-extension-autoconfigure-spi-1.19.0.jar;C:\Users\Lenovo\.m2\repository\io\opentelemetry\opentelemetry-sdk-extension-autoconfigure\1.19.0-alpha\opentelemetry-sdk-extension-autoconfigure-1.19.0-alpha.jar;C:\Users\Lenovo\.m2\repository\io\opentelemetry\opentelemetry-exporter-common\1.19.0\opentelemetry-exporter-common-1.19.0.jar;C:\Users\Lenovo\.m2\repository\io\opentelemetry\opentelemetry-sdk-trace\1.19.0\opentelemetry-sdk-trace-1.19.0.jar;C:\Users\Lenovo\.m2\repository\io\opentelemetry\opentelemetry-sdk\1.19.0\opentelemetry-sdk-1.19.0.jar;C:\Users\Lenovo\.m2\repository\io\opentelemetry\opentelemetry-semconv\1.19.0-alpha\opentelemetry-semconv-1.19.0-alpha.jar;C:\Users\Lenovo\.m2\repository\io\ous\jtoml\2.0.0\jtoml-2.0.0.jar;C:\Users\Lenovo\.m2\repository\org\apache\commons\commons-exec\1.3\commons-exec-1.3.jar;C:\Users\Lenovo\.m2\repository\org\asynchttpclient\async-http-client\2.12.3\async-http-client-2.12.3.jar;C:\Users\Lenovo\.m2\repository\org\asynchttpclient\async-http-client-netty-utils\2.12.3\async-http-client-netty-utils-2.12.3.jar;C:\Users\Lenovo\.m2\repository\io\netty\netty-codec-socks\4.1.60.Final\netty-codec-socks-4.1.60.Final.jar;C:\Users\Lenovo\.m2\repository\io\netty\netty-handler-proxy\4.1.60.Final\netty-handler-proxy-4.1.60.Final.jar;C:\Users\Lenovo\.m2\repository\io\netty\netty-transport-native-epoll\4.1.60.Final\netty-transport-native-epoll-4.1.60.Final-linux-x86_64.jar;C:\Users\Lenovo\.m2\repository\io\netty\netty-transport-native-kqueue\4.1.60.Final\netty-transport-native-kqueue-4.1.60.Final-osx-x86_64.jar;C:\Users\Lenovo\.m2\repository\org\reactivestreams\reactive-streams\1.0.3\reactive-streams-1.0.3.jar;C:\Users\Lenovo\.m2\repository\com\typesafe\netty\netty-reactive-streams\2.0.4\netty-reactive-streams-2.0.4.jar;C:\Users\Lenovo\.m2\repository\org\seleniumhq\selenium\selenium-manager\4.7.1\selenium-manager-4.7.1.jar;C:\Users\Lenovo\.m2\repository\org\seleniumhq\selenium\selenium-safari-driver\4.7.1\selenium-safari-driver-4.7.1.jar;C:\Users\Lenovo\.m2\repository\org\seleniumhq\selenium\selenium-api\4.7.1\selenium-api-4.7.1.jar;C:\Users\Lenovo\.m2\repository\org\seleniumhq\selenium\selenium-support\4.7.1\selenium-support-4.7.1.jar;C:\Users\Lenovo\.m2\repository\com\google\auto\service\auto-service-annotations\1.0.1\auto-service-annotations-1.0.1.jar;C:\Users\Lenovo\.m2\repository\com\google\auto\service\auto-service\1.0.1\auto-service-1.0.1.jar;C:\Users\Lenovo\.m2\repository\com\google\auto\auto-common\1.2\auto-common-1.2.jar;C:\Users\Lenovo\.m2\repository\org\seleniumhq\selenium\selenium-json\4.7.1\selenium-json-4.7.1.jar;C:\Users\Lenovo\.m2\repository\org\seleniumhq\selenium\selenium-chrome-driver\4.7.1\selenium-chrome-driver-4.7.1.jar;C:\Users\Lenovo\.m2\repository\org\seleniumhq\selenium\selenium-chromium-driver\4.7.1\selenium-chromium-driver-4.7.1.jar;C:\Users\Lenovo\.m2\repository\org\seleniumhq\selenium\selenium-firefox-driver\4.7.1\selenium-firefox-driver-4.7.1.jar;C:\Users\Lenovo\.m2\repository\org\seleniumhq\selenium\selenium-http\4.7.1\selenium-http-4.7.1.jar;C:\Users\Lenovo\.m2\repository\dev\failsafe\failsafe\3.3.0\failsafe-3.3.0.jar;C:\Users\Lenovo\.m2\repository\org\seleniumhq\selenium\selenium-edge-driver\4.7.1\selenium-edge-driver-4.7.1.jar;C:\Users\Lenovo\.m2\repository\org\seleniumhq\selenium\selenium-ie-driver\4.7.1\selenium-ie-driver-4.7.1.jar;C:\Users\Lenovo\.m2\repository\org\projectlombok\lombok\1.18.20\lombok-1.18.20.jar;C:\Users\Lenovo\.m2\repository\io\appium\java-client\8.3.0\java-client-8.3.0.jar;C:\Users\Lenovo\.m2\repository\commons-validator\commons-validator\1.7\commons-validator-1.7.jar;C:\Users\Lenovo\.m2\repository\commons-digester\commons-digester\2.1\commons-digester-2.1.jar;C:\Users\Lenovo\.m2\repository\org\apache\groovy\groovy\4.0.6\groovy-4.0.6.jar;C:\Users\Lenovo\.m2\repository\net\sf\opencsv\opencsv\2.0\opencsv-2.0.jar;C:\Users\Lenovo\.m2\repository\commons-beanutils\commons-beanutils\1.9.4\commons-beanutils-1.9.4.jar;C:\Users\Lenovo\.m2\repository\org\apache\commons\commons-lang3\3.12.0\commons-lang3-3.12.0.jar;C:\Users\Lenovo\.m2\repository\commons-collections\commons-collections\3.2.2\commons-collections-3.2.2.jar;C:\Users\Lenovo\.m2\repository\org\fluentlenium\fluentlenium-core\0.10.2\fluentlenium-core-0.10.2.jar;C:\Users\Lenovo\.m2\repository\io\github\bonigarcia\webdrivermanager\5.3.0\webdrivermanager-5.3.0.jar;C:\Users\Lenovo\.m2\repository\com\github\docker-java\docker-java\3.2.13\docker-java-3.2.13.jar;C:\Users\Lenovo\.m2\repository\com\github\docker-java\docker-java-core\3.2.13\docker-java-core-3.2.13.jar;C:\Users\Lenovo\.m2\repository\com\github\docker-java\docker-java-api\3.2.13\docker-java-api-3.2.13.jar;C:\Users\Lenovo\.m2\repository\org\apache\commons\commons-compress\1.21\commons-compress-1.21.jar;C:\Users\Lenovo\.m2\repository\org\bouncycastle\bcpkix-jdk15on\1.64\bcpkix-jdk15on-1.64.jar;C:\Users\Lenovo\.m2\repository\org\bouncycastle\bcprov-jdk15on\1.64\bcprov-jdk15on-1.64.jar;C:\Users\Lenovo\.m2\repository\org\slf4j\jcl-over-slf4j\1.7.30\jcl-over-slf4j-1.7.30.jar;C:\Users\Lenovo\.m2\repository\com\github\docker-java\docker-java-transport-httpclient5\3.2.13\docker-java-transport-httpclient5-3.2.13.jar;C:\Users\Lenovo\.m2\repository\com\github\docker-java\docker-java-transport\3.2.13\docker-java-transport-3.2.13.jar;C:\Users\Lenovo\.m2\repository\net\java\dev\jna\jna\5.8.0\jna-5.8.0.jar;C:\Users\Lenovo\.m2\repository\org\brotli\dec\0.1.2\dec-0.1.2.jar;C:\Users\Lenovo\.m2\repository\org\apache\httpcomponents\client5\httpclient5\5.1.3\httpclient5-5.1.3.jar;C:\Users\Lenovo\.m2\repository\org\apache\httpcomponents\core5\httpcore5\5.1.3\httpcore5-5.1.3.jar;C:\Users\Lenovo\.m2\repository\org\apache\httpcomponents\core5\httpcore5-h2\5.1.3\httpcore5-h2-5.1.3.jar;C:\Users\Lenovo\.m2\repository\com\jhlabs\filters\2.0.235\filters-2.0.235.jar;C:\Users\Lenovo\.m2\repository\com\paulhammant\ngwebdriver\1.1.6\ngwebdriver-1.1.6.jar;C:\Users\Lenovo\.m2\repository\joda-time\joda-time\2.8.2\joda-time-2.8.2.jar;C:\Users\Lenovo\.m2\repository\com\google\jimfs\jimfs\1.2\jimfs-1.2.jar;C:\Users\Lenovo\.m2\repository\org\mockito\mockito-core\3.3.3\mockito-core-3.3.3.jar;C:\Users\Lenovo\.m2\repository\javax\xml\bind\jaxb-api\2.3.1\jaxb-api-2.3.1.jar;C:\Users\Lenovo\.m2\repository\javax\activation\javax.activation-api\1.2.0\javax.activation-api-1.2.0.jar;C:\Users\Lenovo\.m2\repository\com\sun\xml\bind\jaxb-core\2.3.0.1\jaxb-core-2.3.0.1.jar;C:\Users\Lenovo\.m2\repository\com\sun\xml\bind\jaxb-impl\2.3.3\jaxb-impl-2.3.3.jar;C:\Users\Lenovo\.m2\repository\jakarta\xml\bind\jakarta.xml.bind-api\2.3.3\jakarta.xml.bind-api-2.3.3.jar;C:\Users\Lenovo\.m2\repository\com\sun\activation\jakarta.activation\1.2.2\jakarta.activation-1.2.2.jar;C:\Users\Lenovo\.m2\repository\javax\activation\activation\1.1.1\activation-1.1.1.jar;C:\Users\Lenovo\.m2\repository\net\serenity-bdd\serenity-cucumber\3.5.1\serenity-cucumber-3.5.1.jar;C:\Users\Lenovo\.m2\repository\io\cucumber\cucumber-core\7.8.1\cucumber-core-7.8.1.jar;C:\Users\Lenovo\.m2\repository\io\cucumber\cucumber-gherkin\7.8.1\cucumber-gherkin-7.8.1.jar;C:\Users\Lenovo\.m2\repository\io\cucumber\cucumber-gherkin-messages\7.8.1\cucumber-gherkin-messages-7.8.1.jar;C:\Users\Lenovo\.m2\repository\io\cucumber\gherkin\24.0.0\gherkin-24.0.0.jar;C:\Users\Lenovo\.m2\repository\io\cucumber\messages\19.1.4\messages-19.1.4.jar;C:\Users\Lenovo\.m2\repository\io\cucumber\tag-expressions\4.1.0\tag-expressions-4.1.0.jar;C:\Users\Lenovo\.m2\repository\io\cucumber\cucumber-expressions\16.0.0\cucumber-expressions-16.0.0.jar;C:\Users\Lenovo\.m2\repository\io\cucumber\datatable\7.8.1\datatable-7.8.1.jar;C:\Users\Lenovo\.m2\repository\io\cucumber\cucumber-plugin\7.8.1\cucumber-plugin-7.8.1.jar;C:\Users\Lenovo\.m2\repository\io\cucumber\docstring\7.8.1\docstring-7.8.1.jar;C:\Users\Lenovo\.m2\repository\io\cucumber\html-formatter\20.1.0\html-formatter-20.1.0.jar;C:\Users\Lenovo\.m2\repository\io\cucumber\ci-environment\9.1.0\ci-environment-9.1.0.jar;C:\Users\Lenovo\.m2\repository\io\cucumber\cucumber-java\7.8.1\cucumber-java-7.8.1.jar;C:\Users\Lenovo\.m2\repository\io\cucumber\cucumber-junit\7.8.1\cucumber-junit-7.8.1.jar;C:\Users\Lenovo\.m2\repository\org\apache\commons\commons-csv\1.5\commons-csv-1.5.jar;C:\Users\Lenovo\.m2\repository\net\serenity-bdd\serenity-screenplay\3.5.1\serenity-screenplay-3.5.1.jar;C:\Users\Lenovo\.m2\repository\net\serenity-bdd\serenity-screenplay-webdriver\3.5.1\serenity-screenplay-webdriver-3.5.1.jar;C:\Users\Lenovo\.m2\repository\net\serenity-bdd\serenity-ensure\3.5.1\serenity-ensure-3.5.1.jar;C:\Users\Lenovo\.m2\repository\net\serenity-bdd\serenity-junit\3.5.1\serenity-junit-3.5.1.jar;C:\Users\Lenovo\.m2\repository\org\jetbrains\kotlin\kotlin-stdlib\1.7.21\kotlin-stdlib-1.7.21.jar;C:\Users\Lenovo\.m2\repository\org\jetbrains\kotlin\kotlin-stdlib-common\1.7.21\kotlin-stdlib-common-1.7.21.jar;C:\Users\Lenovo\.m2\repository\org\jetbrains\annotations\13.0\annotations-13.0.jar;C:\Users\Lenovo\.m2\repository\org\junit\platform\junit-platform-launcher\1.8.2\junit-platform-launcher-1.8.2.jar;C:\Users\Lenovo\.m2\repository\org\junit\platform\junit-platform-engine\1.8.2\junit-platform-engine-1.8.2.jar;C:\Users\Lenovo\.m2\repository\org\junit\platform\junit-platform-commons\1.8.2\junit-platform-commons-1.8.2.jar;C:\Users\Lenovo\.m2\repository\org\apiguardian\apiguardian-api\1.1.2\apiguardian-api-1.1.2.jar;C:\Users\Lenovo\.m2\repository\org\junit\jupiter\junit-jupiter-engine\5.8.2\junit-jupiter-engine-5.8.2.jar;C:\Users\Lenovo\.m2\repository\org\junit\jupiter\junit-jupiter-api\5.8.2\junit-jupiter-api-5.8.2.jar;C:\Users\Lenovo\.m2\repository\org\junit\vintage\junit-vintage-engine\5.8.2\junit-vintage-engine-5.8.2.jar;C:\Users\Lenovo\.m2\repository\ch\qos\logback\logback-classic\1.2.10\logback-classic-1.2.10.jar;C:\Users\Lenovo\.m2\repository\ch\qos\logback\logback-core\1.2.10\logback-core-1.2.10.jar;C:\Users\Lenovo\.m2\repository\org\slf4j\slf4j-api\1.7.32\slf4j-api-1.7.32.jar;C:\Users\Lenovo\.m2\repository\org\assertj\assertj-core\3.23.1\assertj-core-3.23.1.jar;C:\Users\Lenovo\.m2\repository\net\bytebuddy\byte-buddy\1.12.10\byte-buddy-1.12.10.jar;C:\Users\Lenovo\.m2\repository\junit\junit\4.13.2\junit-4.13.2.jar;C:\Users\Lenovo\.m2\repository\org\hamcrest\hamcrest-core\1.3\hamcrest-core-1.3.jar;C:\Users\Lenovo\.m2\repository\net\serenity-bdd\serenity-rest-assured\3.5.1\serenity-rest-assured-3.5.1.jar;C:\Users\Lenovo\.m2\repository\org\apache\groovy\groovy-json\4.0.6\groovy-json-4.0.6.jar;C:\Users\Lenovo\.m2\repository\org\apache\groovy\groovy-xml\4.0.6\groovy-xml-4.0.6.jar;C:\Users\Lenovo\.m2\repository\org\opentest4j\opentest4j\1.2.0\opentest4j-1.2.0.jar;C:\Users\Lenovo\.m2\repository\io\rest-assured\rest-assured\5.2.0\rest-assured-5.2.0.jar;C:\Users\Lenovo\.m2\repository\org\apache\httpcomponents\httpmime\4.5.13\httpmime-4.5.13.jar;C:\Users\Lenovo\.m2\repository\org\ccil\cowan\tagsoup\tagsoup\1.2.1\tagsoup-1.2.1.jar;C:\Users\Lenovo\.m2\repository\io\rest-assured\json-path\5.2.0\json-path-5.2.0.jar;C:\Users\Lenovo\.m2\repository\io\rest-assured\rest-assured-common\5.2.0\rest-assured-common-5.2.0.jar;C:\Users\Lenovo\.m2\repository\io\rest-assured\xml-path\5.2.0\xml-path-5.2.0.jar;C:\Users\Lenovo\.m2\repository\org\json\json\20230227\json-20230227.jar;C:\Users\Lenovo\.m2\repository\org\hamcrest\hamcrest\2.2\hamcrest-2.2.jar;"/>
    <property name="java.vm.vendor" value="Oracle Corporation"/>
    <property name="sun.arch.data.model" value="64"/>
    <property name="user.variant" value=""/>
    <property name="java.vendor.url" value="https://java.oracle.com/"/>
    <property name="user.timezone" value="Asia/Bangkok"/>
    <property name="os.name" value="Windows 10"/>
    <property name="java.vm.specification.version" value="14"/>
    <property name="sun.java.launcher" value="SUN_STANDARD"/>
    <property name="user.country" value="US"/>
    <property name="sun.boot.library.path" value="C:\Program Files\Java\jdk-14.0.2\bin"/>
    <property name="sun.java.command" value="org.apache.maven.surefire.booter.ForkedBooter C:\Users\Lenovo\AppData\Local\Temp\surefire8912411584503885710 2023-05-06T12-43-45_847-jvmRun1 surefire3890786444271569885tmp surefire_08316675530838996971tmp"/>
    <property name="jdk.debug" value="release"/>
    <property name="surefire.test.class.path" value="C:\Users\Lenovo\IdeaProjects\MiniProject\MiniprojectApi\target\test-classes;C:\Users\Lenovo\.m2\repository\net\serenity-bdd\serenity-core\3.5.1\serenity-core-3.5.1.jar;C:\Users\Lenovo\.m2\repository\net\serenity-bdd\serenity-model\3.5.1\serenity-model-3.5.1.jar;C:\Users\Lenovo\.m2\repository\org\apache\commons\commons-text\1.10.0\commons-text-1.10.0.jar;C:\Users\Lenovo\.m2\repository\commons-net\commons-net\3.8.0\commons-net-3.8.0.jar;C:\Users\Lenovo\.m2\repository\com\google\guava\guava\31.1-jre\guava-31.1-jre.jar;C:\Users\Lenovo\.m2\repository\com\google\guava\failureaccess\1.0.1\failureaccess-1.0.1.jar;C:\Users\Lenovo\.m2\repository\com\google\guava\listenablefuture\9999.0-empty-to-avoid-conflict-with-guava\listenablefuture-9999.0-empty-to-avoid-conflict-with-guava.jar;C:\Users\Lenovo\.m2\repository\com\google\code\findbugs\jsr305\3.0.2\jsr305-3.0.2.jar;C:\Users\Lenovo\.m2\repository\org\checkerframework\checker-qual\3.12.0\checker-qual-3.12.0.jar;C:\Users\Lenovo\.m2\repository\com\google\errorprone\error_prone_annotations\2.11.0\error_prone_annotations-2.11.0.jar;C:\Users\Lenovo\.m2\repository\com\google\j2objc\j2objc-annotations\1.3\j2objc-annotations-1.3.jar;C:\Users\Lenovo\.m2\repository\com\google\inject\guice\5.1.0\guice-5.1.0.jar;C:\Users\Lenovo\.m2\repository\javax\inject\javax.inject\1\javax.inject-1.jar;C:\Users\Lenovo\.m2\repository\aopalliance\aopalliance\1.0\aopalliance-1.0.jar;C:\Users\Lenovo\.m2\repository\org\jsoup\jsoup\1.14.3\jsoup-1.14.3.jar;C:\Users\Lenovo\.m2\repository\com\thoughtworks\xstream\xstream\1.4.19\xstream-1.4.19.jar;C:\Users\Lenovo\.m2\repository\io\github\x-stream\mxparser\1.2.2\mxparser-1.2.2.jar;C:\Users\Lenovo\.m2\repository\xmlpull\xmlpull\1.1.3.1\xmlpull-1.1.3.1.jar;C:\Users\Lenovo\.m2\repository\com\typesafe\config\1.4.2\config-1.4.2.jar;C:\Users\Lenovo\.m2\repository\org\imgscalr\imgscalr-lib\4.2\imgscalr-lib-4.2.jar;C:\Users\Lenovo\.m2\repository\org\awaitility\awaitility\4.2.0\awaitility-4.2.0.jar;C:\Users\Lenovo\.m2\repository\org\freemarker\freemarker\2.3.31\freemarker-2.3.31.jar;C:\Users\Lenovo\.m2\repository\io\github\classgraph\classgraph\4.8.138\classgraph-4.8.138.jar;C:\Users\Lenovo\.m2\repository\net\sourceforge\jexcelapi\jxl\2.6.12\jxl-2.6.12.jar;C:\Users\Lenovo\.m2\repository\net\bytebuddy\byte-buddy-agent\1.12.18\byte-buddy-agent-1.12.18.jar;C:\Users\Lenovo\.m2\repository\org\objenesis\objenesis\3.1\objenesis-3.1.jar;C:\Users\Lenovo\.m2\repository\net\serenity-bdd\serenity-reports\3.5.1\serenity-reports-3.5.1.jar;C:\Users\Lenovo\.m2\repository\net\serenity-bdd\serenity-stats\3.5.1\serenity-stats-3.5.1.jar;C:\Users\Lenovo\.m2\repository\net\serenity-bdd\serenity-reports-configuration\3.5.1\serenity-reports-configuration-3.5.1.jar;C:\Users\Lenovo\.m2\repository\com\vladsch\flexmark\flexmark-all\0.34.30\flexmark-all-0.34.30.jar;C:\Users\Lenovo\.m2\repository\com\vladsch\flexmark\flexmark\0.34.30\flexmark-0.34.30.jar;C:\Users\Lenovo\.m2\repository\com\vladsch\flexmark\flexmark-ext-abbreviation\0.34.30\flexmark-ext-abbreviation-0.34.30.jar;C:\Users\Lenovo\.m2\repository\com\vladsch\flexmark\flexmark-ext-admonition\0.34.30\flexmark-ext-admonition-0.34.30.jar;C:\Users\Lenovo\.m2\repository\com\vladsch\flexmark\flexmark-ext-anchorlink\0.34.30\flexmark-ext-anchorlink-0.34.30.jar;C:\Users\Lenovo\.m2\repository\com\vladsch\flexmark\flexmark-ext-aside\0.34.30\flexmark-ext-aside-0.34.30.jar;C:\Users\Lenovo\.m2\repository\com\vladsch\flexmark\flexmark-ext-attributes\0.34.30\flexmark-ext-attributes-0.34.30.jar;C:\Users\Lenovo\.m2\repository\com\vladsch\flexmark\flexmark-ext-autolink\0.34.30\flexmark-ext-autolink-0.34.30.jar;C:\Users\Lenovo\.m2\repository\org\nibor\autolink\autolink\0.6.0\autolink-0.6.0.jar;C:\Users\Lenovo\.m2\repository\com\vladsch\flexmark\flexmark-ext-definition\0.34.30\flexmark-ext-definition-0.34.30.jar;C:\Users\Lenovo\.m2\repository\com\vladsch\flexmark\flexmark-ext-emoji\0.34.30\flexmark-ext-emoji-0.34.30.jar;C:\Users\Lenovo\.m2\repository\com\vladsch\flexmark\flexmark-ext-enumerated-reference\0.34.30\flexmark-ext-enumerated-reference-0.34.30.jar;C:\Users\Lenovo\.m2\repository\com\vladsch\flexmark\flexmark-ext-escaped-character\0.34.30\flexmark-ext-escaped-character-0.34.30.jar;C:\Users\Lenovo\.m2\repository\com\vladsch\flexmark\flexmark-ext-footnotes\0.34.30\flexmark-ext-footnotes-0.34.30.jar;C:\Users\Lenovo\.m2\repository\com\vladsch\flexmark\flexmark-ext-gfm-issues\0.34.30\flexmark-ext-gfm-issues-0.34.30.jar;C:\Users\Lenovo\.m2\repository\com\vladsch\flexmark\flexmark-ext-gfm-strikethrough\0.34.30\flexmark-ext-gfm-strikethrough-0.34.30.jar;C:\Users\Lenovo\.m2\repository\com\vladsch\flexmark\flexmark-ext-gfm-tables\0.34.30\flexmark-ext-gfm-tables-0.34.30.jar;C:\Users\Lenovo\.m2\repository\com\vladsch\flexmark\flexmark-ext-gfm-tasklist\0.34.30\flexmark-ext-gfm-tasklist-0.34.30.jar;C:\Users\Lenovo\.m2\repository\com\vladsch\flexmark\flexmark-ext-gfm-users\0.34.30\flexmark-ext-gfm-users-0.34.30.jar;C:\Users\Lenovo\.m2\repository\com\vladsch\flexmark\flexmark-ext-gitlab\0.34.30\flexmark-ext-gitlab-0.34.30.jar;C:\Users\Lenovo\.m2\repository\com\vladsch\flexmark\flexmark-ext-jekyll-front-matter\0.34.30\flexmark-ext-jekyll-front-matter-0.34.30.jar;C:\Users\Lenovo\.m2\repository\com\vladsch\flexmark\flexmark-ext-jekyll-tag\0.34.30\flexmark-ext-jekyll-tag-0.34.30.jar;C:\Users\Lenovo\.m2\repository\com\vladsch\flexmark\flexmark-ext-media-tags\0.34.30\flexmark-ext-media-tags-0.34.30.jar;C:\Users\Lenovo\.m2\repository\com\vladsch\flexmark\flexmark-test-util\0.34.30\flexmark-test-util-0.34.30.jar;C:\Users\Lenovo\.m2\repository\com\vladsch\flexmark\flexmark-ext-ins\0.34.30\flexmark-ext-ins-0.34.30.jar;C:\Users\Lenovo\.m2\repository\com\vladsch\flexmark\flexmark-ext-xwiki-macros\0.34.30\flexmark-ext-xwiki-macros-0.34.30.jar;C:\Users\Lenovo\.m2\repository\com\vladsch\flexmark\flexmark-ext-superscript\0.34.30\flexmark-ext-superscript-0.34.30.jar;C:\Users\Lenovo\.m2\repository\com\vladsch\flexmark\flexmark-ext-tables\0.34.30\flexmark-ext-tables-0.34.30.jar;C:\Users\Lenovo\.m2\repository\com\vladsch\flexmark\flexmark-ext-toc\0.34.30\flexmark-ext-toc-0.34.30.jar;C:\Users\Lenovo\.m2\repository\com\vladsch\flexmark\flexmark-ext-typographic\0.34.30\flexmark-ext-typographic-0.34.30.jar;C:\Users\Lenovo\.m2\repository\com\vladsch\flexmark\flexmark-ext-wikilink\0.34.30\flexmark-ext-wikilink-0.34.30.jar;C:\Users\Lenovo\.m2\repository\com\vladsch\flexmark\flexmark-ext-yaml-front-matter\0.34.30\flexmark-ext-yaml-front-matter-0.34.30.jar;C:\Users\Lenovo\.m2\repository\com\vladsch\flexmark\flexmark-ext-youtube-embedded\0.34.30\flexmark-ext-youtube-embedded-0.34.30.jar;C:\Users\Lenovo\.m2\repository\com\vladsch\flexmark\flexmark-formatter\0.34.30\flexmark-formatter-0.34.30.jar;C:\Users\Lenovo\.m2\repository\com\vladsch\flexmark\flexmark-html-parser\0.34.30\flexmark-html-parser-0.34.30.jar;C:\Users\Lenovo\.m2\repository\com\vladsch\flexmark\flexmark-jira-converter\0.34.30\flexmark-jira-converter-0.34.30.jar;C:\Users\Lenovo\.m2\repository\com\vladsch\flexmark\flexmark-pdf-converter\0.34.30\flexmark-pdf-converter-0.34.30.jar;C:\Users\Lenovo\.m2\repository\com\openhtmltopdf\openhtmltopdf-core\0.0.1-RC13\openhtmltopdf-core-0.0.1-RC13.jar;C:\Users\Lenovo\.m2\repository\com\openhtmltopdf\openhtmltopdf-pdfbox\0.0.1-RC13\openhtmltopdf-pdfbox-0.0.1-RC13.jar;C:\Users\Lenovo\.m2\repository\org\apache\pdfbox\pdfbox\2.0.8\pdfbox-2.0.8.jar;C:\Users\Lenovo\.m2\repository\org\apache\pdfbox\fontbox\2.0.8\fontbox-2.0.8.jar;C:\Users\Lenovo\.m2\repository\org\apache\pdfbox\xmpbox\2.0.8\xmpbox-2.0.8.jar;C:\Users\Lenovo\.m2\repository\de\rototor\pdfbox\graphics2d\0.12\graphics2d-0.12.jar;C:\Users\Lenovo\.m2\repository\com\openhtmltopdf\openhtmltopdf-rtl-support\0.0.1-RC13\openhtmltopdf-rtl-support-0.0.1-RC13.jar;C:\Users\Lenovo\.m2\repository\com\ibm\icu\icu4j\59.1\icu4j-59.1.jar;C:\Users\Lenovo\.m2\repository\com\openhtmltopdf\openhtmltopdf-jsoup-dom-converter\0.0.1-RC13\openhtmltopdf-jsoup-dom-converter-0.0.1-RC13.jar;C:\Users\Lenovo\.m2\repository\com\vladsch\flexmark\flexmark-profile-pegdown\0.34.30\flexmark-profile-pegdown-0.34.30.jar;C:\Users\Lenovo\.m2\repository\com\vladsch\flexmark\flexmark-util\0.34.30\flexmark-util-0.34.30.jar;C:\Users\Lenovo\.m2\repository\com\vladsch\flexmark\flexmark-youtrack-converter\0.34.30\flexmark-youtrack-converter-0.34.30.jar;C:\Users\Lenovo\.m2\repository\es\nitaur\markdown\txtmark\0.16\txtmark-0.16.jar;C:\Users\Lenovo\.m2\repository\net\serenity-bdd\serenity-report-resources\3.5.1\serenity-report-resources-3.5.1.jar;C:\Users\Lenovo\.m2\repository\com\google\code\gson\gson\2.9.0\gson-2.9.0.jar;C:\Users\Lenovo\.m2\repository\com\fasterxml\jackson\core\jackson-core\2.13.4\jackson-core-2.13.4.jar;C:\Users\Lenovo\.m2\repository\com\fasterxml\jackson\core\jackson-databind\2.13.4\jackson-databind-2.13.4.jar;C:\Users\Lenovo\.m2\repository\com\fasterxml\jackson\core\jackson-annotations\2.13.4\jackson-annotations-2.13.4.jar;C:\Users\Lenovo\.m2\repository\commons-codec\commons-codec\1.15\commons-codec-1.15.jar;C:\Users\Lenovo\.m2\repository\commons-io\commons-io\2.11.0\commons-io-2.11.0.jar;C:\Users\Lenovo\.m2\repository\org\apache\httpcomponents\httpclient\4.5.13\httpclient-4.5.13.jar;C:\Users\Lenovo\.m2\repository\org\apache\httpcomponents\httpcore\4.4.13\httpcore-4.4.13.jar;C:\Users\Lenovo\.m2\repository\commons-logging\commons-logging\1.2\commons-logging-1.2.jar;C:\Users\Lenovo\.m2\repository\org\seleniumhq\selenium\selenium-java\4.7.1\selenium-java-4.7.1.jar;C:\Users\Lenovo\.m2\repository\org\seleniumhq\selenium\selenium-devtools-v106\4.7.1\selenium-devtools-v106-4.7.1.jar;C:\Users\Lenovo\.m2\repository\org\seleniumhq\selenium\selenium-devtools-v107\4.7.1\selenium-devtools-v107-4.7.1.jar;C:\Users\Lenovo\.m2\repository\org\seleniumhq\selenium\selenium-devtools-v108\4.7.1\selenium-devtools-v108-4.7.1.jar;C:\Users\Lenovo\.m2\repository\org\seleniumhq\selenium\selenium-devtools-v85\4.7.1\selenium-devtools-v85-4.7.1.jar;C:\Users\Lenovo\.m2\repository\org\seleniumhq\selenium\selenium-remote-driver\4.7.1\selenium-remote-driver-4.7.1.jar;C:\Users\Lenovo\.m2\repository\com\beust\jcommander\1.82\jcommander-1.82.jar;C:\Users\Lenovo\.m2\repository\io\netty\netty-buffer\4.1.84.Final\netty-buffer-4.1.84.Final.jar;C:\Users\Lenovo\.m2\repository\io\netty\netty-codec-http\4.1.84.Final\netty-codec-http-4.1.84.Final.jar;C:\Users\Lenovo\.m2\repository\io\netty\netty-codec\4.1.84.Final\netty-codec-4.1.84.Final.jar;C:\Users\Lenovo\.m2\repository\io\netty\netty-handler\4.1.84.Final\netty-handler-4.1.84.Final.jar;C:\Users\Lenovo\.m2\repository\io\netty\netty-common\4.1.84.Final\netty-common-4.1.84.Final.jar;C:\Users\Lenovo\.m2\repository\io\netty\netty-transport-classes-epoll\4.1.84.Final\netty-transport-classes-epoll-4.1.84.Final.jar;C:\Users\Lenovo\.m2\repository\io\netty\netty-transport-classes-kqueue\4.1.84.Final\netty-transport-classes-kqueue-4.1.84.Final.jar;C:\Users\Lenovo\.m2\repository\io\netty\netty-transport-native-epoll\4.1.84.Final\netty-transport-native-epoll-4.1.84.Final.jar;C:\Users\Lenovo\.m2\repository\io\netty\netty-transport-native-kqueue\4.1.84.Final\netty-transport-native-kqueue-4.1.84.Final.jar;C:\Users\Lenovo\.m2\repository\io\netty\netty-transport-native-unix-common\4.1.84.Final\netty-transport-native-unix-common-4.1.84.Final.jar;C:\Users\Lenovo\.m2\repository\io\netty\netty-transport\4.1.84.Final\netty-transport-4.1.84.Final.jar;C:\Users\Lenovo\.m2\repository\io\netty\netty-resolver\4.1.84.Final\netty-resolver-4.1.84.Final.jar;C:\Users\Lenovo\.m2\repository\io\opentelemetry\opentelemetry-api\1.19.0\opentelemetry-api-1.19.0.jar;C:\Users\Lenovo\.m2\repository\io\opentelemetry\opentelemetry-context\1.19.0\opentelemetry-context-1.19.0.jar;C:\Users\Lenovo\.m2\repository\io\opentelemetry\opentelemetry-exporter-logging\1.19.0\opentelemetry-exporter-logging-1.19.0.jar;C:\Users\Lenovo\.m2\repository\io\opentelemetry\opentelemetry-sdk-metrics\1.19.0\opentelemetry-sdk-metrics-1.19.0.jar;C:\Users\Lenovo\.m2\repository\io\opentelemetry\opentelemetry-sdk-logs\1.19.0-alpha\opentelemetry-sdk-logs-1.19.0-alpha.jar;C:\Users\Lenovo\.m2\repository\io\opentelemetry\opentelemetry-api-logs\1.19.0-alpha\opentelemetry-api-logs-1.19.0-alpha.jar;C:\Users\Lenovo\.m2\repository\io\opentelemetry\opentelemetry-sdk-common\1.19.0\opentelemetry-sdk-common-1.19.0.jar;C:\Users\Lenovo\.m2\repository\io\opentelemetry\opentelemetry-sdk-extension-autoconfigure-spi\1.19.0\opentelemetry-sdk-extension-autoconfigure-spi-1.19.0.jar;C:\Users\Lenovo\.m2\repository\io\opentelemetry\opentelemetry-sdk-extension-autoconfigure\1.19.0-alpha\opentelemetry-sdk-extension-autoconfigure-1.19.0-alpha.jar;C:\Users\Lenovo\.m2\repository\io\opentelemetry\opentelemetry-exporter-common\1.19.0\opentelemetry-exporter-common-1.19.0.jar;C:\Users\Lenovo\.m2\repository\io\opentelemetry\opentelemetry-sdk-trace\1.19.0\opentelemetry-sdk-trace-1.19.0.jar;C:\Users\Lenovo\.m2\repository\io\opentelemetry\opentelemetry-sdk\1.19.0\opentelemetry-sdk-1.19.0.jar;C:\Users\Lenovo\.m2\repository\io\opentelemetry\opentelemetry-semconv\1.19.0-alpha\opentelemetry-semconv-1.19.0-alpha.jar;C:\Users\Lenovo\.m2\repository\io\ous\jtoml\2.0.0\jtoml-2.0.0.jar;C:\Users\Lenovo\.m2\repository\org\apache\commons\commons-exec\1.3\commons-exec-1.3.jar;C:\Users\Lenovo\.m2\repository\org\asynchttpclient\async-http-client\2.12.3\async-http-client-2.12.3.jar;C:\Users\Lenovo\.m2\repository\org\asynchttpclient\async-http-client-netty-utils\2.12.3\async-http-client-netty-utils-2.12.3.jar;C:\Users\Lenovo\.m2\repository\io\netty\netty-codec-socks\4.1.60.Final\netty-codec-socks-4.1.60.Final.jar;C:\Users\Lenovo\.m2\repository\io\netty\netty-handler-proxy\4.1.60.Final\netty-handler-proxy-4.1.60.Final.jar;C:\Users\Lenovo\.m2\repository\io\netty\netty-transport-native-epoll\4.1.60.Final\netty-transport-native-epoll-4.1.60.Final-linux-x86_64.jar;C:\Users\Lenovo\.m2\repository\io\netty\netty-transport-native-kqueue\4.1.60.Final\netty-transport-native-kqueue-4.1.60.Final-osx-x86_64.jar;C:\Users\Lenovo\.m2\repository\org\reactivestreams\reactive-streams\1.0.3\reactive-streams-1.0.3.jar;C:\Users\Lenovo\.m2\repository\com\typesafe\netty\netty-reactive-streams\2.0.4\netty-reactive-streams-2.0.4.jar;C:\Users\Lenovo\.m2\repository\org\seleniumhq\selenium\selenium-manager\4.7.1\selenium-manager-4.7.1.jar;C:\Users\Lenovo\.m2\repository\org\seleniumhq\selenium\selenium-safari-driver\4.7.1\selenium-safari-driver-4.7.1.jar;C:\Users\Lenovo\.m2\repository\org\seleniumhq\selenium\selenium-api\4.7.1\selenium-api-4.7.1.jar;C:\Users\Lenovo\.m2\repository\org\seleniumhq\selenium\selenium-support\4.7.1\selenium-support-4.7.1.jar;C:\Users\Lenovo\.m2\repository\com\google\auto\service\auto-service-annotations\1.0.1\auto-service-annotations-1.0.1.jar;C:\Users\Lenovo\.m2\repository\com\google\auto\service\auto-service\1.0.1\auto-service-1.0.1.jar;C:\Users\Lenovo\.m2\repository\com\google\auto\auto-common\1.2\auto-common-1.2.jar;C:\Users\Lenovo\.m2\repository\org\seleniumhq\selenium\selenium-json\4.7.1\selenium-json-4.7.1.jar;C:\Users\Lenovo\.m2\repository\org\seleniumhq\selenium\selenium-chrome-driver\4.7.1\selenium-chrome-driver-4.7.1.jar;C:\Users\Lenovo\.m2\repository\org\seleniumhq\selenium\selenium-chromium-driver\4.7.1\selenium-chromium-driver-4.7.1.jar;C:\Users\Lenovo\.m2\repository\org\seleniumhq\selenium\selenium-firefox-driver\4.7.1\selenium-firefox-driver-4.7.1.jar;C:\Users\Lenovo\.m2\repository\org\seleniumhq\selenium\selenium-http\4.7.1\selenium-http-4.7.1.jar;C:\Users\Lenovo\.m2\repository\dev\failsafe\failsafe\3.3.0\failsafe-3.3.0.jar;C:\Users\Lenovo\.m2\repository\org\seleniumhq\selenium\selenium-edge-driver\4.7.1\selenium-edge-driver-4.7.1.jar;C:\Users\Lenovo\.m2\repository\org\seleniumhq\selenium\selenium-ie-driver\4.7.1\selenium-ie-driver-4.7.1.jar;C:\Users\Lenovo\.m2\repository\org\projectlombok\lombok\1.18.20\lombok-1.18.20.jar;C:\Users\Lenovo\.m2\repository\io\appium\java-client\8.3.0\java-client-8.3.0.jar;C:\Users\Lenovo\.m2\repository\commons-validator\commons-validator\1.7\commons-validator-1.7.jar;C:\Users\Lenovo\.m2\repository\commons-digester\commons-digester\2.1\commons-digester-2.1.jar;C:\Users\Lenovo\.m2\repository\org\apache\groovy\groovy\4.0.6\groovy-4.0.6.jar;C:\Users\Lenovo\.m2\repository\net\sf\opencsv\opencsv\2.0\opencsv-2.0.jar;C:\Users\Lenovo\.m2\repository\commons-beanutils\commons-beanutils\1.9.4\commons-beanutils-1.9.4.jar;C:\Users\Lenovo\.m2\repository\org\apache\commons\commons-lang3\3.12.0\commons-lang3-3.12.0.jar;C:\Users\Lenovo\.m2\repository\commons-collections\commons-collections\3.2.2\commons-collections-3.2.2.jar;C:\Users\Lenovo\.m2\repository\org\fluentlenium\fluentlenium-core\0.10.2\fluentlenium-core-0.10.2.jar;C:\Users\Lenovo\.m2\repository\io\github\bonigarcia\webdrivermanager\5.3.0\webdrivermanager-5.3.0.jar;C:\Users\Lenovo\.m2\repository\com\github\docker-java\docker-java\3.2.13\docker-java-3.2.13.jar;C:\Users\Lenovo\.m2\repository\com\github\docker-java\docker-java-core\3.2.13\docker-java-core-3.2.13.jar;C:\Users\Lenovo\.m2\repository\com\github\docker-java\docker-java-api\3.2.13\docker-java-api-3.2.13.jar;C:\Users\Lenovo\.m2\repository\org\apache\commons\commons-compress\1.21\commons-compress-1.21.jar;C:\Users\Lenovo\.m2\repository\org\bouncycastle\bcpkix-jdk15on\1.64\bcpkix-jdk15on-1.64.jar;C:\Users\Lenovo\.m2\repository\org\bouncycastle\bcprov-jdk15on\1.64\bcprov-jdk15on-1.64.jar;C:\Users\Lenovo\.m2\repository\org\slf4j\jcl-over-slf4j\1.7.30\jcl-over-slf4j-1.7.30.jar;C:\Users\Lenovo\.m2\repository\com\github\docker-java\docker-java-transport-httpclient5\3.2.13\docker-java-transport-httpclient5-3.2.13.jar;C:\Users\Lenovo\.m2\repository\com\github\docker-java\docker-java-transport\3.2.13\docker-java-transport-3.2.13.jar;C:\Users\Lenovo\.m2\repository\net\java\dev\jna\jna\5.8.0\jna-5.8.0.jar;C:\Users\Lenovo\.m2\repository\org\brotli\dec\0.1.2\dec-0.1.2.jar;C:\Users\Lenovo\.m2\repository\org\apache\httpcomponents\client5\httpclient5\5.1.3\httpclient5-5.1.3.jar;C:\Users\Lenovo\.m2\repository\org\apache\httpcomponents\core5\httpcore5\5.1.3\httpcore5-5.1.3.jar;C:\Users\Lenovo\.m2\repository\org\apache\httpcomponents\core5\httpcore5-h2\5.1.3\httpcore5-h2-5.1.3.jar;C:\Users\Lenovo\.m2\repository\com\jhlabs\filters\2.0.235\filters-2.0.235.jar;C:\Users\Lenovo\.m2\repository\com\paulhammant\ngwebdriver\1.1.6\ngwebdriver-1.1.6.jar;C:\Users\Lenovo\.m2\repository\joda-time\joda-time\2.8.2\joda-time-2.8.2.jar;C:\Users\Lenovo\.m2\repository\com\google\jimfs\jimfs\1.2\jimfs-1.2.jar;C:\Users\Lenovo\.m2\repository\org\mockito\mockito-core\3.3.3\mockito-core-3.3.3.jar;C:\Users\Lenovo\.m2\repository\javax\xml\bind\jaxb-api\2.3.1\jaxb-api-2.3.1.jar;C:\Users\Lenovo\.m2\repository\javax\activation\javax.activation-api\1.2.0\javax.activation-api-1.2.0.jar;C:\Users\Lenovo\.m2\repository\com\sun\xml\bind\jaxb-core\2.3.0.1\jaxb-core-2.3.0.1.jar;C:\Users\Lenovo\.m2\repository\com\sun\xml\bind\jaxb-impl\2.3.3\jaxb-impl-2.3.3.jar;C:\Users\Lenovo\.m2\repository\jakarta\xml\bind\jakarta.xml.bind-api\2.3.3\jakarta.xml.bind-api-2.3.3.jar;C:\Users\Lenovo\.m2\repository\com\sun\activation\jakarta.activation\1.2.2\jakarta.activation-1.2.2.jar;C:\Users\Lenovo\.m2\repository\javax\activation\activation\1.1.1\activation-1.1.1.jar;C:\Users\Lenovo\.m2\repository\net\serenity-bdd\serenity-cucumber\3.5.1\serenity-cucumber-3.5.1.jar;C:\Users\Lenovo\.m2\repository\io\cucumber\cucumber-core\7.8.1\cucumber-core-7.8.1.jar;C:\Users\Lenovo\.m2\repository\io\cucumber\cucumber-gherkin\7.8.1\cucumber-gherkin-7.8.1.jar;C:\Users\Lenovo\.m2\repository\io\cucumber\cucumber-gherkin-messages\7.8.1\cucumber-gherkin-messages-7.8.1.jar;C:\Users\Lenovo\.m2\repository\io\cucumber\gherkin\24.0.0\gherkin-24.0.0.jar;C:\Users\Lenovo\.m2\repository\io\cucumber\messages\19.1.4\messages-19.1.4.jar;C:\Users\Lenovo\.m2\repository\io\cucumber\tag-expressions\4.1.0\tag-expressions-4.1.0.jar;C:\Users\Lenovo\.m2\repository\io\cucumber\cucumber-expressions\16.0.0\cucumber-expressions-16.0.0.jar;C:\Users\Lenovo\.m2\repository\io\cucumber\datatable\7.8.1\datatable-7.8.1.jar;C:\Users\Lenovo\.m2\repository\io\cucumber\cucumber-plugin\7.8.1\cucumber-plugin-7.8.1.jar;C:\Users\Lenovo\.m2\repository\io\cucumber\docstring\7.8.1\docstring-7.8.1.jar;C:\Users\Lenovo\.m2\repository\io\cucumber\html-formatter\20.1.0\html-formatter-20.1.0.jar;C:\Users\Lenovo\.m2\repository\io\cucumber\ci-environment\9.1.0\ci-environment-9.1.0.jar;C:\Users\Lenovo\.m2\repository\io\cucumber\cucumber-java\7.8.1\cucumber-java-7.8.1.jar;C:\Users\Lenovo\.m2\repository\io\cucumber\cucumber-junit\7.8.1\cucumber-junit-7.8.1.jar;C:\Users\Lenovo\.m2\repository\org\apache\commons\commons-csv\1.5\commons-csv-1.5.jar;C:\Users\Lenovo\.m2\repository\net\serenity-bdd\serenity-screenplay\3.5.1\serenity-screenplay-3.5.1.jar;C:\Users\Lenovo\.m2\repository\net\serenity-bdd\serenity-screenplay-webdriver\3.5.1\serenity-screenplay-webdriver-3.5.1.jar;C:\Users\Lenovo\.m2\repository\net\serenity-bdd\serenity-ensure\3.5.1\serenity-ensure-3.5.1.jar;C:\Users\Lenovo\.m2\repository\net\serenity-bdd\serenity-junit\3.5.1\serenity-junit-3.5.1.jar;C:\Users\Lenovo\.m2\repository\org\jetbrains\kotlin\kotlin-stdlib\1.7.21\kotlin-stdlib-1.7.21.jar;C:\Users\Lenovo\.m2\repository\org\jetbrains\kotlin\kotlin-stdlib-common\1.7.21\kotlin-stdlib-common-1.7.21.jar;C:\Users\Lenovo\.m2\repository\org\jetbrains\annotations\13.0\annotations-13.0.jar;C:\Users\Lenovo\.m2\repository\org\junit\platform\junit-platform-launcher\1.8.2\junit-platform-launcher-1.8.2.jar;C:\Users\Lenovo\.m2\repository\org\junit\platform\junit-platform-engine\1.8.2\junit-platform-engine-1.8.2.jar;C:\Users\Lenovo\.m2\repository\org\junit\platform\junit-platform-commons\1.8.2\junit-platform-commons-1.8.2.jar;C:\Users\Lenovo\.m2\repository\org\apiguardian\apiguardian-api\1.1.2\apiguardian-api-1.1.2.jar;C:\Users\Lenovo\.m2\repository\org\junit\jupiter\junit-jupiter-engine\5.8.2\junit-jupiter-engine-5.8.2.jar;C:\Users\Lenovo\.m2\repository\org\junit\jupiter\junit-jupiter-api\5.8.2\junit-jupiter-api-5.8.2.jar;C:\Users\Lenovo\.m2\repository\org\junit\vintage\junit-vintage-engine\5.8.2\junit-vintage-engine-5.8.2.jar;C:\Users\Lenovo\.m2\repository\ch\qos\logback\logback-classic\1.2.10\logback-classic-1.2.10.jar;C:\Users\Lenovo\.m2\repository\ch\qos\logback\logback-core\1.2.10\logback-core-1.2.10.jar;C:\Users\Lenovo\.m2\repository\org\slf4j\slf4j-api\1.7.32\slf4j-api-1.7.32.jar;C:\Users\Lenovo\.m2\repository\org\assertj\assertj-core\3.23.1\assertj-core-3.23.1.jar;C:\Users\Lenovo\.m2\repository\net\bytebuddy\byte-buddy\1.12.10\byte-buddy-1.12.10.jar;C:\Users\Lenovo\.m2\repository\junit\junit\4.13.2\junit-4.13.2.jar;C:\Users\Lenovo\.m2\repository\org\hamcrest\hamcrest-core\1.3\hamcrest-core-1.3.jar;C:\Users\Lenovo\.m2\repository\net\serenity-bdd\serenity-rest-assured\3.5.1\serenity-rest-assured-3.5.1.jar;C:\Users\Lenovo\.m2\repository\org\apache\groovy\groovy-json\4.0.6\groovy-json-4.0.6.jar;C:\Users\Lenovo\.m2\repository\org\apache\groovy\groovy-xml\4.0.6\groovy-xml-4.0.6.jar;C:\Users\Lenovo\.m2\repository\org\opentest4j\opentest4j\1.2.0\opentest4j-1.2.0.jar;C:\Users\Lenovo\.m2\repository\io\rest-assured\rest-assured\5.2.0\rest-assured-5.2.0.jar;C:\Users\Lenovo\.m2\repository\org\apache\httpcomponents\httpmime\4.5.13\httpmime-4.5.13.jar;C:\Users\Lenovo\.m2\repository\org\ccil\cowan\tagsoup\tagsoup\1.2.1\tagsoup-1.2.1.jar;C:\Users\Lenovo\.m2\repository\io\rest-assured\json-path\5.2.0\json-path-5.2.0.jar;C:\Users\Lenovo\.m2\repository\io\rest-assured\rest-assured-common\5.2.0\rest-assured-common-5.2.0.jar;C:\Users\Lenovo\.m2\repository\io\rest-assured\xml-path\5.2.0\xml-path-5.2.0.jar;C:\Users\Lenovo\.m2\repository\org\json\json\20230227\json-20230227.jar;C:\Users\Lenovo\.m2\repository\org\hamcrest\hamcrest\2.2\hamcrest-2.2.jar;"/>
    <property name="sun.cpu.endian" value="little"/>
    <property name="user.home" value="C:\Users\Lenovo"/>
    <property name="user.language" value="en"/>
    <property name="java.specification.vendor" value="Oracle Corporation"/>
    <property name="jdk.module.path" value="C:\Users\Lenovo\IdeaProjects\MiniProject\MiniprojectApi\target\MiniprojectApi-1.0-SNAPSHOT.jar"/>
    <property name="java.version.date" value="2020-07-14"/>
    <property name="java.home" value="C:\Program Files\Java\jdk-14.0.2"/>
    <property name="file.separator" value="\"/>
    <property name="basedir" value="C:\Users\Lenovo\IdeaProjects\MiniProject\MiniprojectApi"/>
    <property name="java.vm.compressedOopsMode" value="32-bit"/>
    <property name="line.separator" value="&#10;"/>
    <property name="java.vm.specification.vendor" value="Oracle Corporation"/>
    <property name="java.specification.name" value="Java Platform API Specification"/>
    <property name="surefire.real.class.path" value="C:\Users\Lenovo\.m2\repository\org\apache\maven\surefire\surefire-booter\3.0.0-M5\surefire-booter-3.0.0-M5.jar;C:\Users\Lenovo\.m2\repository\org\apache\maven\surefire\surefire-api\3.0.0-M5\surefire-api-3.0.0-M5.jar;C:\Users\Lenovo\.m2\repository\org\apache\maven\surefire\surefire-logger-api\3.0.0-M5\surefire-logger-api-3.0.0-M5.jar;C:\Users\Lenovo\.m2\repository\org\apache\maven\surefire\surefire-shared-utils\3.0.0-M4\surefire-shared-utils-3.0.0-M4.jar;C:\Users\Lenovo\.m2\repository\org\apache\maven\surefire\surefire-extensions-spi\3.0.0-M5\surefire-extensions-spi-3.0.0-M5.jar;C:\Users\Lenovo\IdeaProjects\MiniProject\MiniprojectApi\target\test-classes;C:\Users\Lenovo\.m2\repository\net\serenity-bdd\serenity-core\3.5.1\serenity-core-3.5.1.jar;C:\Users\Lenovo\.m2\repository\net\serenity-bdd\serenity-model\3.5.1\serenity-model-3.5.1.jar;C:\Users\Lenovo\.m2\repository\org\apache\commons\commons-text\1.10.0\commons-text-1.10.0.jar;C:\Users\Lenovo\.m2\repository\commons-net\commons-net\3.8.0\commons-net-3.8.0.jar;C:\Users\Lenovo\.m2\repository\com\google\guava\guava\31.1-jre\guava-31.1-jre.jar;C:\Users\Lenovo\.m2\repository\com\google\guava\failureaccess\1.0.1\failureaccess-1.0.1.jar;C:\Users\Lenovo\.m2\repository\com\google\guava\listenablefuture\9999.0-empty-to-avoid-conflict-with-guava\listenablefuture-9999.0-empty-to-avoid-conflict-with-guava.jar;C:\Users\Lenovo\.m2\repository\com\google\code\findbugs\jsr305\3.0.2\jsr305-3.0.2.jar;C:\Users\Lenovo\.m2\repository\org\checkerframework\checker-qual\3.12.0\checker-qual-3.12.0.jar;C:\Users\Lenovo\.m2\repository\com\google\errorprone\error_prone_annotations\2.11.0\error_prone_annotations-2.11.0.jar;C:\Users\Lenovo\.m2\repository\com\google\j2objc\j2objc-annotations\1.3\j2objc-annotations-1.3.jar;C:\Users\Lenovo\.m2\repository\com\google\inject\guice\5.1.0\guice-5.1.0.jar;C:\Users\Lenovo\.m2\repository\javax\inject\javax.inject\1\javax.inject-1.jar;C:\Users\Lenovo\.m2\repository\aopalliance\aopalliance\1.0\aopalliance-1.0.jar;C:\Users\Lenovo\.m2\repository\org\jsoup\jsoup\1.14.3\jsoup-1.14.3.jar;C:\Users\Lenovo\.m2\repository\com\thoughtworks\xstream\xstream\1.4.19\xstream-1.4.19.jar;C:\Users\Lenovo\.m2\repository\io\github\x-stream\mxparser\1.2.2\mxparser-1.2.2.jar;C:\Users\Lenovo\.m2\repository\xmlpull\xmlpull\1.1.3.1\xmlpull-1.1.3.1.jar;C:\Users\Lenovo\.m2\repository\com\typesafe\config\1.4.2\config-1.4.2.jar;C:\Users\Lenovo\.m2\repository\org\imgscalr\imgscalr-lib\4.2\imgscalr-lib-4.2.jar;C:\Users\Lenovo\.m2\repository\org\awaitility\awaitility\4.2.0\awaitility-4.2.0.jar;C:\Users\Lenovo\.m2\repository\org\freemarker\freemarker\2.3.31\freemarker-2.3.31.jar;C:\Users\Lenovo\.m2\repository\io\github\classgraph\classgraph\4.8.138\classgraph-4.8.138.jar;C:\Users\Lenovo\.m2\repository\net\sourceforge\jexcelapi\jxl\2.6.12\jxl-2.6.12.jar;C:\Users\Lenovo\.m2\repository\net\bytebuddy\byte-buddy-agent\1.12.18\byte-buddy-agent-1.12.18.jar;C:\Users\Lenovo\.m2\repository\org\objenesis\objenesis\3.1\objenesis-3.1.jar;C:\Users\Lenovo\.m2\repository\net\serenity-bdd\serenity-reports\3.5.1\serenity-reports-3.5.1.jar;C:\Users\Lenovo\.m2\repository\net\serenity-bdd\serenity-stats\3.5.1\serenity-stats-3.5.1.jar;C:\Users\Lenovo\.m2\repository\net\serenity-bdd\serenity-reports-configuration\3.5.1\serenity-reports-configuration-3.5.1.jar;C:\Users\Lenovo\.m2\repository\com\vladsch\flexmark\flexmark-all\0.34.30\flexmark-all-0.34.30.jar;C:\Users\Lenovo\.m2\repository\com\vladsch\flexmark\flexmark\0.34.30\flexmark-0.34.30.jar;C:\Users\Lenovo\.m2\repository\com\vladsch\flexmark\flexmark-ext-abbreviation\0.34.30\flexmark-ext-abbreviation-0.34.30.jar;C:\Users\Lenovo\.m2\repository\com\vladsch\flexmark\flexmark-ext-admonition\0.34.30\flexmark-ext-admonition-0.34.30.jar;C:\Users\Lenovo\.m2\repository\com\vladsch\flexmark\flexmark-ext-anchorlink\0.34.30\flexmark-ext-anchorlink-0.34.30.jar;C:\Users\Lenovo\.m2\repository\com\vladsch\flexmark\flexmark-ext-aside\0.34.30\flexmark-ext-aside-0.34.30.jar;C:\Users\Lenovo\.m2\repository\com\vladsch\flexmark\flexmark-ext-attributes\0.34.30\flexmark-ext-attributes-0.34.30.jar;C:\Users\Lenovo\.m2\repository\com\vladsch\flexmark\flexmark-ext-autolink\0.34.30\flexmark-ext-autolink-0.34.30.jar;C:\Users\Lenovo\.m2\repository\org\nibor\autolink\autolink\0.6.0\autolink-0.6.0.jar;C:\Users\Lenovo\.m2\repository\com\vladsch\flexmark\flexmark-ext-definition\0.34.30\flexmark-ext-definition-0.34.30.jar;C:\Users\Lenovo\.m2\repository\com\vladsch\flexmark\flexmark-ext-emoji\0.34.30\flexmark-ext-emoji-0.34.30.jar;C:\Users\Lenovo\.m2\repository\com\vladsch\flexmark\flexmark-ext-enumerated-reference\0.34.30\flexmark-ext-enumerated-reference-0.34.30.jar;C:\Users\Lenovo\.m2\repository\com\vladsch\flexmark\flexmark-ext-escaped-character\0.34.30\flexmark-ext-escaped-character-0.34.30.jar;C:\Users\Lenovo\.m2\repository\com\vladsch\flexmark\flexmark-ext-footnotes\0.34.30\flexmark-ext-footnotes-0.34.30.jar;C:\Users\Lenovo\.m2\repository\com\vladsch\flexmark\flexmark-ext-gfm-issues\0.34.30\flexmark-ext-gfm-issues-0.34.30.jar;C:\Users\Lenovo\.m2\repository\com\vladsch\flexmark\flexmark-ext-gfm-strikethrough\0.34.30\flexmark-ext-gfm-strikethrough-0.34.30.jar;C:\Users\Lenovo\.m2\repository\com\vladsch\flexmark\flexmark-ext-gfm-tables\0.34.30\flexmark-ext-gfm-tables-0.34.30.jar;C:\Users\Lenovo\.m2\repository\com\vladsch\flexmark\flexmark-ext-gfm-tasklist\0.34.30\flexmark-ext-gfm-tasklist-0.34.30.jar;C:\Users\Lenovo\.m2\repository\com\vladsch\flexmark\flexmark-ext-gfm-users\0.34.30\flexmark-ext-gfm-users-0.34.30.jar;C:\Users\Lenovo\.m2\repository\com\vladsch\flexmark\flexmark-ext-gitlab\0.34.30\flexmark-ext-gitlab-0.34.30.jar;C:\Users\Lenovo\.m2\repository\com\vladsch\flexmark\flexmark-ext-jekyll-front-matter\0.34.30\flexmark-ext-jekyll-front-matter-0.34.30.jar;C:\Users\Lenovo\.m2\repository\com\vladsch\flexmark\flexmark-ext-jekyll-tag\0.34.30\flexmark-ext-jekyll-tag-0.34.30.jar;C:\Users\Lenovo\.m2\repository\com\vladsch\flexmark\flexmark-ext-media-tags\0.34.30\flexmark-ext-media-tags-0.34.30.jar;C:\Users\Lenovo\.m2\repository\com\vladsch\flexmark\flexmark-test-util\0.34.30\flexmark-test-util-0.34.30.jar;C:\Users\Lenovo\.m2\repository\com\vladsch\flexmark\flexmark-ext-ins\0.34.30\flexmark-ext-ins-0.34.30.jar;C:\Users\Lenovo\.m2\repository\com\vladsch\flexmark\flexmark-ext-xwiki-macros\0.34.30\flexmark-ext-xwiki-macros-0.34.30.jar;C:\Users\Lenovo\.m2\repository\com\vladsch\flexmark\flexmark-ext-superscript\0.34.30\flexmark-ext-superscript-0.34.30.jar;C:\Users\Lenovo\.m2\repository\com\vladsch\flexmark\flexmark-ext-tables\0.34.30\flexmark-ext-tables-0.34.30.jar;C:\Users\Lenovo\.m2\repository\com\vladsch\flexmark\flexmark-ext-toc\0.34.30\flexmark-ext-toc-0.34.30.jar;C:\Users\Lenovo\.m2\repository\com\vladsch\flexmark\flexmark-ext-typographic\0.34.30\flexmark-ext-typographic-0.34.30.jar;C:\Users\Lenovo\.m2\repository\com\vladsch\flexmark\flexmark-ext-wikilink\0.34.30\flexmark-ext-wikilink-0.34.30.jar;C:\Users\Lenovo\.m2\repository\com\vladsch\flexmark\flexmark-ext-yaml-front-matter\0.34.30\flexmark-ext-yaml-front-matter-0.34.30.jar;C:\Users\Lenovo\.m2\repository\com\vladsch\flexmark\flexmark-ext-youtube-embedded\0.34.30\flexmark-ext-youtube-embedded-0.34.30.jar;C:\Users\Lenovo\.m2\repository\com\vladsch\flexmark\flexmark-formatter\0.34.30\flexmark-formatter-0.34.30.jar;C:\Users\Lenovo\.m2\repository\com\vladsch\flexmark\flexmark-html-parser\0.34.30\flexmark-html-parser-0.34.30.jar;C:\Users\Lenovo\.m2\repository\com\vladsch\flexmark\flexmark-jira-converter\0.34.30\flexmark-jira-converter-0.34.30.jar;C:\Users\Lenovo\.m2\repository\com\vladsch\flexmark\flexmark-pdf-converter\0.34.30\flexmark-pdf-converter-0.34.30.jar;C:\Users\Lenovo\.m2\repository\com\openhtmltopdf\openhtmltopdf-core\0.0.1-RC13\openhtmltopdf-core-0.0.1-RC13.jar;C:\Users\Lenovo\.m2\repository\com\openhtmltopdf\openhtmltopdf-pdfbox\0.0.1-RC13\openhtmltopdf-pdfbox-0.0.1-RC13.jar;C:\Users\Lenovo\.m2\repository\org\apache\pdfbox\pdfbox\2.0.8\pdfbox-2.0.8.jar;C:\Users\Lenovo\.m2\repository\org\apache\pdfbox\fontbox\2.0.8\fontbox-2.0.8.jar;C:\Users\Lenovo\.m2\repository\org\apache\pdfbox\xmpbox\2.0.8\xmpbox-2.0.8.jar;C:\Users\Lenovo\.m2\repository\de\rototor\pdfbox\graphics2d\0.12\graphics2d-0.12.jar;C:\Users\Lenovo\.m2\repository\com\openhtmltopdf\openhtmltopdf-rtl-support\0.0.1-RC13\openhtmltopdf-rtl-support-0.0.1-RC13.jar;C:\Users\Lenovo\.m2\repository\com\ibm\icu\icu4j\59.1\icu4j-59.1.jar;C:\Users\Lenovo\.m2\repository\com\openhtmltopdf\openhtmltopdf-jsoup-dom-converter\0.0.1-RC13\openhtmltopdf-jsoup-dom-converter-0.0.1-RC13.jar;C:\Users\Lenovo\.m2\repository\com\vladsch\flexmark\flexmark-profile-pegdown\0.34.30\flexmark-profile-pegdown-0.34.30.jar;C:\Users\Lenovo\.m2\repository\com\vladsch\flexmark\flexmark-util\0.34.30\flexmark-util-0.34.30.jar;C:\Users\Lenovo\.m2\repository\com\vladsch\flexmark\flexmark-youtrack-converter\0.34.30\flexmark-youtrack-converter-0.34.30.jar;C:\Users\Lenovo\.m2\repository\es\nitaur\markdown\txtmark\0.16\txtmark-0.16.jar;C:\Users\Lenovo\.m2\repository\net\serenity-bdd\serenity-report-resources\3.5.1\serenity-report-resources-3.5.1.jar;C:\Users\Lenovo\.m2\repository\com\google\code\gson\gson\2.9.0\gson-2.9.0.jar;C:\Users\Lenovo\.m2\repository\com\fasterxml\jackson\core\jackson-core\2.13.4\jackson-core-2.13.4.jar;C:\Users\Lenovo\.m2\repository\com\fasterxml\jackson\core\jackson-databind\2.13.4\jackson-databind-2.13.4.jar;C:\Users\Lenovo\.m2\repository\com\fasterxml\jackson\core\jackson-annotations\2.13.4\jackson-annotations-2.13.4.jar;C:\Users\Lenovo\.m2\repository\commons-codec\commons-codec\1.15\commons-codec-1.15.jar;C:\Users\Lenovo\.m2\repository\commons-io\commons-io\2.11.0\commons-io-2.11.0.jar;C:\Users\Lenovo\.m2\repository\org\apache\httpcomponents\httpclient\4.5.13\httpclient-4.5.13.jar;C:\Users\Lenovo\.m2\repository\org\apache\httpcomponents\httpcore\4.4.13\httpcore-4.4.13.jar;C:\Users\Lenovo\.m2\repository\commons-logging\commons-logging\1.2\commons-logging-1.2.jar;C:\Users\Lenovo\.m2\repository\org\seleniumhq\selenium\selenium-java\4.7.1\selenium-java-4.7.1.jar;C:\Users\Lenovo\.m2\repository\org\seleniumhq\selenium\selenium-devtools-v106\4.7.1\selenium-devtools-v106-4.7.1.jar;C:\Users\Lenovo\.m2\repository\org\seleniumhq\selenium\selenium-devtools-v107\4.7.1\selenium-devtools-v107-4.7.1.jar;C:\Users\Lenovo\.m2\repository\org\seleniumhq\selenium\selenium-devtools-v108\4.7.1\selenium-devtools-v108-4.7.1.jar;C:\Users\Lenovo\.m2\repository\org\seleniumhq\selenium\selenium-devtools-v85\4.7.1\selenium-devtools-v85-4.7.1.jar;C:\Users\Lenovo\.m2\repository\org\seleniumhq\selenium\selenium-remote-driver\4.7.1\selenium-remote-driver-4.7.1.jar;C:\Users\Lenovo\.m2\repository\com\beust\jcommander\1.82\jcommander-1.82.jar;C:\Users\Lenovo\.m2\repository\io\netty\netty-buffer\4.1.84.Final\netty-buffer-4.1.84.Final.jar;C:\Users\Lenovo\.m2\repository\io\netty\netty-codec-http\4.1.84.Final\netty-codec-http-4.1.84.Final.jar;C:\Users\Lenovo\.m2\repository\io\netty\netty-codec\4.1.84.Final\netty-codec-4.1.84.Final.jar;C:\Users\Lenovo\.m2\repository\io\netty\netty-handler\4.1.84.Final\netty-handler-4.1.84.Final.jar;C:\Users\Lenovo\.m2\repository\io\netty\netty-common\4.1.84.Final\netty-common-4.1.84.Final.jar;C:\Users\Lenovo\.m2\repository\io\netty\netty-transport-classes-epoll\4.1.84.Final\netty-transport-classes-epoll-4.1.84.Final.jar;C:\Users\Lenovo\.m2\repository\io\netty\netty-transport-classes-kqueue\4.1.84.Final\netty-transport-classes-kqueue-4.1.84.Final.jar;C:\Users\Lenovo\.m2\repository\io\netty\netty-transport-native-epoll\4.1.84.Final\netty-transport-native-epoll-4.1.84.Final.jar;C:\Users\Lenovo\.m2\repository\io\netty\netty-transport-native-kqueue\4.1.84.Final\netty-transport-native-kqueue-4.1.84.Final.jar;C:\Users\Lenovo\.m2\repository\io\netty\netty-transport-native-unix-common\4.1.84.Final\netty-transport-native-unix-common-4.1.84.Final.jar;C:\Users\Lenovo\.m2\repository\io\netty\netty-transport\4.1.84.Final\netty-transport-4.1.84.Final.jar;C:\Users\Lenovo\.m2\repository\io\netty\netty-resolver\4.1.84.Final\netty-resolver-4.1.84.Final.jar;C:\Users\Lenovo\.m2\repository\io\opentelemetry\opentelemetry-api\1.19.0\opentelemetry-api-1.19.0.jar;C:\Users\Lenovo\.m2\repository\io\opentelemetry\opentelemetry-context\1.19.0\opentelemetry-context-1.19.0.jar;C:\Users\Lenovo\.m2\repository\io\opentelemetry\opentelemetry-exporter-logging\1.19.0\opentelemetry-exporter-logging-1.19.0.jar;C:\Users\Lenovo\.m2\repository\io\opentelemetry\opentelemetry-sdk-metrics\1.19.0\opentelemetry-sdk-metrics-1.19.0.jar;C:\Users\Lenovo\.m2\repository\io\opentelemetry\opentelemetry-sdk-logs\1.19.0-alpha\opentelemetry-sdk-logs-1.19.0-alpha.jar;C:\Users\Lenovo\.m2\repository\io\opentelemetry\opentelemetry-api-logs\1.19.0-alpha\opentelemetry-api-logs-1.19.0-alpha.jar;C:\Users\Lenovo\.m2\repository\io\opentelemetry\opentelemetry-sdk-common\1.19.0\opentelemetry-sdk-common-1.19.0.jar;C:\Users\Lenovo\.m2\repository\io\opentelemetry\opentelemetry-sdk-extension-autoconfigure-spi\1.19.0\opentelemetry-sdk-extension-autoconfigure-spi-1.19.0.jar;C:\Users\Lenovo\.m2\repository\io\opentelemetry\opentelemetry-sdk-extension-autoconfigure\1.19.0-alpha\opentelemetry-sdk-extension-autoconfigure-1.19.0-alpha.jar;C:\Users\Lenovo\.m2\repository\io\opentelemetry\opentelemetry-exporter-common\1.19.0\opentelemetry-exporter-common-1.19.0.jar;C:\Users\Lenovo\.m2\repository\io\opentelemetry\opentelemetry-sdk-trace\1.19.0\opentelemetry-sdk-trace-1.19.0.jar;C:\Users\Lenovo\.m2\repository\io\opentelemetry\opentelemetry-sdk\1.19.0\opentelemetry-sdk-1.19.0.jar;C:\Users\Lenovo\.m2\repository\io\opentelemetry\opentelemetry-semconv\1.19.0-alpha\opentelemetry-semconv-1.19.0-alpha.jar;C:\Users\Lenovo\.m2\repository\io\ous\jtoml\2.0.0\jtoml-2.0.0.jar;C:\Users\Lenovo\.m2\repository\org\apache\commons\commons-exec\1.3\commons-exec-1.3.jar;C:\Users\Lenovo\.m2\repository\org\asynchttpclient\async-http-client\2.12.3\async-http-client-2.12.3.jar;C:\Users\Lenovo\.m2\repository\org\asynchttpclient\async-http-client-netty-utils\2.12.3\async-http-client-netty-utils-2.12.3.jar;C:\Users\Lenovo\.m2\repository\io\netty\netty-codec-socks\4.1.60.Final\netty-codec-socks-4.1.60.Final.jar;C:\Users\Lenovo\.m2\repository\io\netty\netty-handler-proxy\4.1.60.Final\netty-handler-proxy-4.1.60.Final.jar;C:\Users\Lenovo\.m2\repository\io\netty\netty-transport-native-epoll\4.1.60.Final\netty-transport-native-epoll-4.1.60.Final-linux-x86_64.jar;C:\Users\Lenovo\.m2\repository\io\netty\netty-transport-native-kqueue\4.1.60.Final\netty-transport-native-kqueue-4.1.60.Final-osx-x86_64.jar;C:\Users\Lenovo\.m2\repository\org\reactivestreams\reactive-streams\1.0.3\reactive-streams-1.0.3.jar;C:\Users\Lenovo\.m2\repository\com\typesafe\netty\netty-reactive-streams\2.0.4\netty-reactive-streams-2.0.4.jar;C:\Users\Lenovo\.m2\repository\org\seleniumhq\selenium\selenium-manager\4.7.1\selenium-manager-4.7.1.jar;C:\Users\Lenovo\.m2\repository\org\seleniumhq\selenium\selenium-safari-driver\4.7.1\selenium-safari-driver-4.7.1.jar;C:\Users\Lenovo\.m2\repository\org\seleniumhq\selenium\selenium-api\4.7.1\selenium-api-4.7.1.jar;C:\Users\Lenovo\.m2\repository\org\seleniumhq\selenium\selenium-support\4.7.1\selenium-support-4.7.1.jar;C:\Users\Lenovo\.m2\repository\com\google\auto\service\auto-service-annotations\1.0.1\auto-service-annotations-1.0.1.jar;C:\Users\Lenovo\.m2\repository\com\google\auto\service\auto-service\1.0.1\auto-service-1.0.1.jar;C:\Users\Lenovo\.m2\repository\com\google\auto\auto-common\1.2\auto-common-1.2.jar;C:\Users\Lenovo\.m2\repository\org\seleniumhq\selenium\selenium-json\4.7.1\selenium-json-4.7.1.jar;C:\Users\Lenovo\.m2\repository\org\seleniumhq\selenium\selenium-chrome-driver\4.7.1\selenium-chrome-driver-4.7.1.jar;C:\Users\Lenovo\.m2\repository\org\seleniumhq\selenium\selenium-chromium-driver\4.7.1\selenium-chromium-driver-4.7.1.jar;C:\Users\Lenovo\.m2\repository\org\seleniumhq\selenium\selenium-firefox-driver\4.7.1\selenium-firefox-driver-4.7.1.jar;C:\Users\Lenovo\.m2\repository\org\seleniumhq\selenium\selenium-http\4.7.1\selenium-http-4.7.1.jar;C:\Users\Lenovo\.m2\repository\dev\failsafe\failsafe\3.3.0\failsafe-3.3.0.jar;C:\Users\Lenovo\.m2\repository\org\seleniumhq\selenium\selenium-edge-driver\4.7.1\selenium-edge-driver-4.7.1.jar;C:\Users\Lenovo\.m2\repository\org\seleniumhq\selenium\selenium-ie-driver\4.7.1\selenium-ie-driver-4.7.1.jar;C:\Users\Lenovo\.m2\repository\org\projectlombok\lombok\1.18.20\lombok-1.18.20.jar;C:\Users\Lenovo\.m2\repository\io\appium\java-client\8.3.0\java-client-8.3.0.jar;C:\Users\Lenovo\.m2\repository\commons-validator\commons-validator\1.7\commons-validator-1.7.jar;C:\Users\Lenovo\.m2\repository\commons-digester\commons-digester\2.1\commons-digester-2.1.jar;C:\Users\Lenovo\.m2\repository\org\apache\groovy\groovy\4.0.6\groovy-4.0.6.jar;C:\Users\Lenovo\.m2\repository\net\sf\opencsv\opencsv\2.0\opencsv-2.0.jar;C:\Users\Lenovo\.m2\repository\commons-beanutils\commons-beanutils\1.9.4\commons-beanutils-1.9.4.jar;C:\Users\Lenovo\.m2\repository\org\apache\commons\commons-lang3\3.12.0\commons-lang3-3.12.0.jar;C:\Users\Lenovo\.m2\repository\commons-collections\commons-collections\3.2.2\commons-collections-3.2.2.jar;C:\Users\Lenovo\.m2\repository\org\fluentlenium\fluentlenium-core\0.10.2\fluentlenium-core-0.10.2.jar;C:\Users\Lenovo\.m2\repository\io\github\bonigarcia\webdrivermanager\5.3.0\webdrivermanager-5.3.0.jar;C:\Users\Lenovo\.m2\repository\com\github\docker-java\docker-java\3.2.13\docker-java-3.2.13.jar;C:\Users\Lenovo\.m2\repository\com\github\docker-java\docker-java-core\3.2.13\docker-java-core-3.2.13.jar;C:\Users\Lenovo\.m2\repository\com\github\docker-java\docker-java-api\3.2.13\docker-java-api-3.2.13.jar;C:\Users\Lenovo\.m2\repository\org\apache\commons\commons-compress\1.21\commons-compress-1.21.jar;C:\Users\Lenovo\.m2\repository\org\bouncycastle\bcpkix-jdk15on\1.64\bcpkix-jdk15on-1.64.jar;C:\Users\Lenovo\.m2\repository\org\bouncycastle\bcprov-jdk15on\1.64\bcprov-jdk15on-1.64.jar;C:\Users\Lenovo\.m2\repository\org\slf4j\jcl-over-slf4j\1.7.30\jcl-over-slf4j-1.7.30.jar;C:\Users\Lenovo\.m2\repository\com\github\docker-java\docker-java-transport-httpclient5\3.2.13\docker-java-transport-httpclient5-3.2.13.jar;C:\Users\Lenovo\.m2\repository\com\github\docker-java\docker-java-transport\3.2.13\docker-java-transport-3.2.13.jar;C:\Users\Lenovo\.m2\repository\net\java\dev\jna\jna\5.8.0\jna-5.8.0.jar;C:\Users\Lenovo\.m2\repository\org\brotli\dec\0.1.2\dec-0.1.2.jar;C:\Users\Lenovo\.m2\repository\org\apache\httpcomponents\client5\httpclient5\5.1.3\httpclient5-5.1.3.jar;C:\Users\Lenovo\.m2\repository\org\apache\httpcomponents\core5\httpcore5\5.1.3\httpcore5-5.1.3.jar;C:\Users\Lenovo\.m2\repository\org\apache\httpcomponents\core5\httpcore5-h2\5.1.3\httpcore5-h2-5.1.3.jar;C:\Users\Lenovo\.m2\repository\com\jhlabs\filters\2.0.235\filters-2.0.235.jar;C:\Users\Lenovo\.m2\repository\com\paulhammant\ngwebdriver\1.1.6\ngwebdriver-1.1.6.jar;C:\Users\Lenovo\.m2\repository\joda-time\joda-time\2.8.2\joda-time-2.8.2.jar;C:\Users\Lenovo\.m2\repository\com\google\jimfs\jimfs\1.2\jimfs-1.2.jar;C:\Users\Lenovo\.m2\repository\org\mockito\mockito-core\3.3.3\mockito-core-3.3.3.jar;C:\Users\Lenovo\.m2\repository\javax\xml\bind\jaxb-api\2.3.1\jaxb-api-2.3.1.jar;C:\Users\Lenovo\.m2\repository\javax\activation\javax.activation-api\1.2.0\javax.activation-api-1.2.0.jar;C:\Users\Lenovo\.m2\repository\com\sun\xml\bind\jaxb-core\2.3.0.1\jaxb-core-2.3.0.1.jar;C:\Users\Lenovo\.m2\repository\com\sun\xml\bind\jaxb-impl\2.3.3\jaxb-impl-2.3.3.jar;C:\Users\Lenovo\.m2\repository\jakarta\xml\bind\jakarta.xml.bind-api\2.3.3\jakarta.xml.bind-api-2.3.3.jar;C:\Users\Lenovo\.m2\repository\com\sun\activation\jakarta.activation\1.2.2\jakarta.activation-1.2.2.jar;C:\Users\Lenovo\.m2\repository\javax\activation\activation\1.1.1\activation-1.1.1.jar;C:\Users\Lenovo\.m2\repository\net\serenity-bdd\serenity-cucumber\3.5.1\serenity-cucumber-3.5.1.jar;C:\Users\Lenovo\.m2\repository\io\cucumber\cucumber-core\7.8.1\cucumber-core-7.8.1.jar;C:\Users\Lenovo\.m2\repository\io\cucumber\cucumber-gherkin\7.8.1\cucumber-gherkin-7.8.1.jar;C:\Users\Lenovo\.m2\repository\io\cucumber\cucumber-gherkin-messages\7.8.1\cucumber-gherkin-messages-7.8.1.jar;C:\Users\Lenovo\.m2\repository\io\cucumber\gherkin\24.0.0\gherkin-24.0.0.jar;C:\Users\Lenovo\.m2\repository\io\cucumber\messages\19.1.4\messages-19.1.4.jar;C:\Users\Lenovo\.m2\repository\io\cucumber\tag-expressions\4.1.0\tag-expressions-4.1.0.jar;C:\Users\Lenovo\.m2\repository\io\cucumber\cucumber-expressions\16.0.0\cucumber-expressions-16.0.0.jar;C:\Users\Lenovo\.m2\repository\io\cucumber\datatable\7.8.1\datatable-7.8.1.jar;C:\Users\Lenovo\.m2\repository\io\cucumber\cucumber-plugin\7.8.1\cucumber-plugin-7.8.1.jar;C:\Users\Lenovo\.m2\repository\io\cucumber\docstring\7.8.1\docstring-7.8.1.jar;C:\Users\Lenovo\.m2\repository\io\cucumber\html-formatter\20.1.0\html-formatter-20.1.0.jar;C:\Users\Lenovo\.m2\repository\io\cucumber\ci-environment\9.1.0\ci-environment-9.1.0.jar;C:\Users\Lenovo\.m2\repository\io\cucumber\cucumber-java\7.8.1\cucumber-java-7.8.1.jar;C:\Users\Lenovo\.m2\repository\io\cucumber\cucumber-junit\7.8.1\cucumber-junit-7.8.1.jar;C:\Users\Lenovo\.m2\repository\org\apache\commons\commons-csv\1.5\commons-csv-1.5.jar;C:\Users\Lenovo\.m2\repository\net\serenity-bdd\serenity-screenplay\3.5.1\serenity-screenplay-3.5.1.jar;C:\Users\Lenovo\.m2\repository\net\serenity-bdd\serenity-screenplay-webdriver\3.5.1\serenity-screenplay-webdriver-3.5.1.jar;C:\Users\Lenovo\.m2\repository\net\serenity-bdd\serenity-ensure\3.5.1\serenity-ensure-3.5.1.jar;C:\Users\Lenovo\.m2\repository\net\serenity-bdd\serenity-junit\3.5.1\serenity-junit-3.5.1.jar;C:\Users\Lenovo\.m2\repository\org\jetbrains\kotlin\kotlin-stdlib\1.7.21\kotlin-stdlib-1.7.21.jar;C:\Users\Lenovo\.m2\repository\org\jetbrains\kotlin\kotlin-stdlib-common\1.7.21\kotlin-stdlib-common-1.7.21.jar;C:\Users\Lenovo\.m2\repository\org\jetbrains\annotations\13.0\annotations-13.0.jar;C:\Users\Lenovo\.m2\repository\org\junit\platform\junit-platform-launcher\1.8.2\junit-platform-launcher-1.8.2.jar;C:\Users\Lenovo\.m2\repository\org\junit\platform\junit-platform-engine\1.8.2\junit-platform-engine-1.8.2.jar;C:\Users\Lenovo\.m2\repository\org\junit\platform\junit-platform-commons\1.8.2\junit-platform-commons-1.8.2.jar;C:\Users\Lenovo\.m2\repository\org\apiguardian\apiguardian-api\1.1.2\apiguardian-api-1.1.2.jar;C:\Users\Lenovo\.m2\repository\org\junit\jupiter\junit-jupiter-engine\5.8.2\junit-jupiter-engine-5.8.2.jar;C:\Users\Lenovo\.m2\repository\org\junit\jupiter\junit-jupiter-api\5.8.2\junit-jupiter-api-5.8.2.jar;C:\Users\Lenovo\.m2\repository\org\junit\vintage\junit-vintage-engine\5.8.2\junit-vintage-engine-5.8.2.jar;C:\Users\Lenovo\.m2\repository\ch\qos\logback\logback-classic\1.2.10\logback-classic-1.2.10.jar;C:\Users\Lenovo\.m2\repository\ch\qos\logback\logback-core\1.2.10\logback-core-1.2.10.jar;C:\Users\Lenovo\.m2\repository\org\slf4j\slf4j-api\1.7.32\slf4j-api-1.7.32.jar;C:\Users\Lenovo\.m2\repository\org\assertj\assertj-core\3.23.1\assertj-core-3.23.1.jar;C:\Users\Lenovo\.m2\repository\net\bytebuddy\byte-buddy\1.12.10\byte-buddy-1.12.10.jar;C:\Users\Lenovo\.m2\repository\junit\junit\4.13.2\junit-4.13.2.jar;C:\Users\Lenovo\.m2\repository\org\hamcrest\hamcrest-core\1.3\hamcrest-core-1.3.jar;C:\Users\Lenovo\.m2\repository\net\serenity-bdd\serenity-rest-assured\3.5.1\serenity-rest-assured-3.5.1.jar;C:\Users\Lenovo\.m2\repository\org\apache\groovy\groovy-json\4.0.6\groovy-json-4.0.6.jar;C:\Users\Lenovo\.m2\repository\org\apache\groovy\groovy-xml\4.0.6\groovy-xml-4.0.6.jar;C:\Users\Lenovo\.m2\repository\org\opentest4j\opentest4j\1.2.0\opentest4j-1.2.0.jar;C:\Users\Lenovo\.m2\repository\io\rest-assured\rest-assured\5.2.0\rest-assured-5.2.0.jar;C:\Users\Lenovo\.m2\repository\org\apache\httpcomponents\httpmime\4.5.13\httpmime-4.5.13.jar;C:\Users\Lenovo\.m2\repository\org\ccil\cowan\tagsoup\tagsoup\1.2.1\tagsoup-1.2.1.jar;C:\Users\Lenovo\.m2\repository\io\rest-assured\json-path\5.2.0\json-path-5.2.0.jar;C:\Users\Lenovo\.m2\repository\io\rest-assured\rest-assured-common\5.2.0\rest-assured-common-5.2.0.jar;C:\Users\Lenovo\.m2\repository\io\rest-assured\xml-path\5.2.0\xml-path-5.2.0.jar;C:\Users\Lenovo\.m2\repository\org\json\json\20230227\json-20230227.jar;C:\Users\Lenovo\.m2\repository\org\hamcrest\hamcrest\2.2\hamcrest-2.2.jar;C:\Users\Lenovo\.m2\repository\org\apache\maven\surefire\surefire-junit-platform\3.0.0-M5\surefire-junit-platform-3.0.0-M5.jar;C:\Users\Lenovo\.m2\repository\org\apache\maven\surefire\common-java5\3.0.0-M5\common-java5-3.0.0-M5.jar"/>
    <property name="user.script" value=""/>
    <property name="sun.management.compiler" value="HotSpot 64-Bit Tiered Compilers"/>
    <property name="java.runtime.version" value="14.0.2+12-46"/>
    <property name="user.name" value="Lenovo"/>
    <property name="path.separator" value=";"/>
    <property name="os.version" value="10.0"/>
    <property name="java.runtime.name" value="Java(TM) SE Runtime Environment"/>
    <property name="file.encoding" value="Cp1252"/>
    <property name="java.vm.name" value="Java HotSpot(TM) 64-Bit Server VM"/>
    <property name="localRepository" value="C:\Users\Lenovo\.m2\repository"/>
    <property name="java.vendor.url.bug" value="https://bugreport.java.com/bugreport/"/>
    <property name="java.io.tmpdir" value="C:\Users\Lenovo\AppData\Local\Temp\"/>
    <property name="java.version" value="14.0.2"/>
    <property name="user.dir" value="C:\Users\Lenovo\IdeaProjects\MiniProject\MiniprojectApi"/>
    <property name="os.arch" value="amd64"/>
    <property name="java.vm.specification.name" value="Java Virtual Machine Specification"/>
    <property name="sun.os.patch.level" value=""/>
    <property name="java.library.path" value="C:\Program Files\Java\jdk-14.0.2\bin;C:\WINDOWS\Sun\Java\bin;C:\WINDOWS\system32;C:\WINDOWS;C:\Program Files (x86)\Common Files\Intel\Shared Files\cpp\bin\Intel64;C:\WINDOWS\system32;C:\WINDOWS;C:\WINDOWS\System32\Wbem;C:\WINDOWS\System32\WindowsPowerShell\v1.0\;C:\WINDOWS\System32\OpenSSH\;C:\Program Files\Java\jdk-14.0.2\bin;C:\Program Files\Microsoft SQL Server\Client SDK\ODBC\170\Tools\Binn\;C:\Program Files (x86)\Microsoft SQL Server\150\Tools\Binn\;C:\Program Files\Microsoft SQL Server\150\Tools\Binn\;C:\Program Files\Microsoft SQL Server\150\DTS\Binn\;C:\Program Files (x86)\Microsoft SQL Server\150\DTS\Binn\;C:\Program Files\Azure Data Studio\bin;C:\Program Files\Git\cmd;C:\Program Files\nodejs\;D:\laragon\bin\php\php-7.4.19-Win32-vc15-x64;C:\Program Files\dotnet\;C:\Program Files\Microsoft SQL Server\130\Tools\Binn\;C:\Program Files (x86)\Microsoft SQL Server\110\DTS\Binn\;C:\Program Files (x86)\Microsoft SQL Server\120\DTS\Binn\;C:\Program Files (x86)\Microsoft SQL Server\130\DTS\Binn\;C:\Program Files (x86)\Microsoft SQL Server\140\DTS\Binn\;C:\Program Files (x86)\dotnet\;C:\xampp\php;C:\flutter\bin;C:\Program Files\k6\;C:\Program Files\PuTTY\;C:\Program Files\Docker\Docker\resources\bin;C:\Users\Lenovo\apache-maven-3.9.1-bin\apache-maven-3.9.1\bin;C:\Users\Lenovo\AppData\Local\Android\Sdk;C:\Users\Lenovo\AppData\Local\Android\Sdk\platform-tools;C:\Program Files\PowerShell\7\;C:\Users\Lenovo\AppData\Local\Microsoft\WindowsApps;C:\Program Files\Java\jdk-14.0.2\bin;C:\Program Files\Azure Data Studio\bin;C:\Users\Lenovo\AppData\Local\Programs\Microsoft VS Code\bin;C:\Users\Lenovo\anaconda3\Library\bin;C:\Users\Lenovo\anaconda3\Scripts;C:\Users\Lenovo\anaconda3\condabin;C:\Users\Lenovo\AppData\Roaming\npm;D:\laragon\bin\php\php-7.4.19-Win32-vc15-x64;C:\Users\Lenovo\AppData\Local\ComposerSetup\bin;C:\Users\Lenovo\AppData\Roaming\Composer\vendor\bin;C:\Users\Lenovo\.dotnet\tools;C:\Users\Lenovo\Downloads\flutter_windows_3.3.0-stable\flutter\bin;C:\Program Files\JetBrains\IntelliJ IDEA Community Edition 2022.3.2\bin;;;."/>
    <property name="java.vm.info" value="mixed mode"/>
    <property name="java.vendor" value="Oracle Corporation"/>
    <property name="java.vm.version" value="14.0.2+12-46"/>
    <property name="sun.io.unicode.encoding" value="UnicodeLittle"/>
    <property name="java.class.version" value="58.0"/>
  </properties>
  <testcase name="GET - As admin I can get all product data" classname="User" time="6.909">
    <system-out><![CDATA[12:43:49.814 [main] DEBUG net.thucydides.core.guice.Injectors - Created injector for module net.thucydides.core.guice.ThucydidesModule
12:43:50.937 [main] INFO io.cucumber.core.plugin.SerenityReporter - Running feature from file:///C:/Users/Lenovo/IdeaProjects/MiniProject/MiniprojectApi/src/test/resources/api/user.feature
12:43:50.937 [main] WARN io.cucumber.core.plugin.SerenityReporter - Feature from file:///C:/Users/Lenovo/IdeaProjects/MiniProject/MiniprojectApi/src/test/resources/api/user.feature is not under the 'features' directory. Requirements report will not be correctly generated!
12:43:51.138 [main] DEBUG net.thucydides.core.guice.Injectors - Created injector for module net.thucydides.core.guice.webdriver.WebDriverModule
12:43:51.168 [main] INFO  - 

-------------------------------------------------------------------------------------
     _______. _______ .______       _______ .__   __.  __  .___________.____    ____ 
    /       ||   ____||   _  \     |   ____||  \ |  | |  | |           |\   \  /   / 
   |   (----`|  |__   |  |_)  |    |  |__   |   \|  | |  | `---|  |----` \   \/   /  
    \   \    |   __|  |      /     |   __|  |  . `  | |  |     |  |       \_    _/   
.----)   |   |  |____ |  |\  \----.|  |____ |  |\   | |  |     |  |         |  |     
|_______/    |_______|| _| `._____||_______||__| \__| |__|     |__|         |__|    
                                                                                     
 News and tutorials at http://www.serenity-bdd.info                                  
 Documentation at https://wakaleo.gitbooks.io/the-serenity-book/content/             
 Join the Serenity Community on Gitter: https://gitter.im/serenity-bdd/serenity-core 
 Serenity BDD Support and Training at http://serenity-bdd.info/#/trainingandsupport  
-------------------------------------------------------------------------------------

12:43:51.171 [main] DEBUG net.thucydides.core.steps.StepEventBus - Test suite started for story net.thucydides.core.model.Story@a39b15ff
12:43:51.176 [main] INFO  - Test Suite Started: User
12:43:51.192 [main] INFO io.cucumber.core.plugin.SerenityReporter - Running feature from file:///C:/Users/Lenovo/IdeaProjects/MiniProject/MiniprojectApi/src/test/resources/api/user.feature
12:43:51.192 [main] WARN io.cucumber.core.plugin.SerenityReporter - Feature from file:///C:/Users/Lenovo/IdeaProjects/MiniProject/MiniprojectApi/src/test/resources/api/user.feature is not under the 'features' directory. Requirements report will not be correctly generated!
12:43:51.196 [main] DEBUG net.thucydides.core.steps.StepEventBus - Test suite started for story net.thucydides.core.model.Story@a39b15ff
12:43:51.197 [main] INFO  - Test Suite Started: User

@TC-oo1
Scenario: GET - As admin I can get all product data &amp#27;[90m# src/test/resources/api/user.feature:8&amp#27;[0m
12:43:51.340 [main] INFO io.cucumber.core.plugin.SerenityReporter - Running feature from file:///C:/Users/Lenovo/IdeaProjects/MiniProject/MiniprojectApi/src/test/resources/api/user.feature
12:43:51.340 [main] WARN io.cucumber.core.plugin.SerenityReporter - Feature from file:///C:/Users/Lenovo/IdeaProjects/MiniProject/MiniprojectApi/src/test/resources/api/user.feature is not under the 'features' directory. Requirements report will not be correctly generated!
12:43:51.523 [main] INFO  - 
  _____   ___   ___   _____     ___   _____     _     ___   _____   ___   ___  
 |_   _| | __| / __| |_   _|   / __| |_   _|   /_\   | _ \ |_   _| | __| |   \ 
   | |   | _|  \__ \   | |     \__ \   | |    / _ \  |   /   | |   | _|  | |) |
   |_|   |___| |___/   |_|     |___/   |_|   /_/ \_\ |_|_\   |_|   |___| |___/ 

GET - As admin I can get all product data(user;get---as-admin-i-can-get-all-product-data)
--------------------------------------------------------------------------------
12:43:52.558 [main] DEBUG net.thucydides.core.steps.StepInterceptor - STARTING STEP: UserSteps.iSetGETApiEndpoints - I set the GET api endpoints
12:43:52.562 [main] DEBUG net.thucydides.core.steps.StepInterceptor - STEP DONE: I set the GET api endpoints
  &amp#27;[32mGiven &amp#27;[0m&amp#27;[32mI set GET api endpoints&amp#27;[0m                     &amp#27;[90m# starter.stepdefinitions.UserSteps.iSetGETApiEndpoints()&amp#27;[0m
12:43:52.573 [main] DEBUG net.thucydides.core.steps.StepInterceptor - STARTING STEP: UserSteps.iSendGETHTTPRequest - I send HTTP GET request
12:43:54.828 [main] DEBUG net.thucydides.core.steps.StepInterceptor - STARTING STEP: GetAllProduct.iSendGETHTTPRequest - I set the GET api endpoints
12:43:54.829 [main] DEBUG net.thucydides.core.steps.StepInterceptor - STEP DONE: I set the GET api endpoints
12:43:55.935 [main] DEBUG org.apache.http.impl.conn.BasicClientConnectionManager - Get connection for route {s}->https://altashop-api.fly.dev:443
12:43:55.956 [main] DEBUG org.apache.http.impl.conn.DefaultClientConnectionOperator - Connecting to altashop-api.fly.dev:443
12:43:56.312 [main] DEBUG org.apache.http.client.protocol.RequestAddCookies - CookieSpec selected: ignoreCookies
12:43:56.314 [main] DEBUG org.apache.http.client.protocol.RequestAuthCache - Auth cache not set in the context
12:43:56.315 [main] DEBUG org.apache.http.client.protocol.RequestTargetAuthentication - Target auth state: UNCHALLENGED
12:43:56.315 [main] DEBUG org.apache.http.client.protocol.RequestProxyAuthentication - Proxy auth state: UNCHALLENGED
12:43:56.316 [main] DEBUG org.apache.http.impl.client.DefaultHttpClient - Attempt 1 to execute request
12:43:56.317 [main] DEBUG org.apache.http.impl.conn.DefaultClientConnection - Sending request: GET /api/products HTTP/1.1
12:43:56.317 [main] DEBUG org.apache.http.wire -  >> "GET /api/products HTTP/1.1[\r][\n]"
12:43:56.318 [main] DEBUG org.apache.http.wire -  >> "Accept: */*[\r][\n]"
12:43:56.319 [main] DEBUG org.apache.http.wire -  >> "Host: altashop-api.fly.dev[\r][\n]"
12:43:56.319 [main] DEBUG org.apache.http.wire -  >> "Connection: Keep-Alive[\r][\n]"
12:43:56.320 [main] DEBUG org.apache.http.wire -  >> "User-Agent: Apache-HttpClient/4.5.13 (Java/14.0.2)[\r][\n]"
12:43:56.320 [main] DEBUG org.apache.http.wire -  >> "Accept-Encoding: gzip,deflate[\r][\n]"
12:43:56.320 [main] DEBUG org.apache.http.wire -  >> "[\r][\n]"
12:43:56.320 [main] DEBUG org.apache.http.headers - >> GET /api/products HTTP/1.1
12:43:56.320 [main] DEBUG org.apache.http.headers - >> Accept: */*
12:43:56.320 [main] DEBUG org.apache.http.headers - >> Host: altashop-api.fly.dev
12:43:56.320 [main] DEBUG org.apache.http.headers - >> Connection: Keep-Alive
12:43:56.320 [main] DEBUG org.apache.http.headers - >> User-Agent: Apache-HttpClient/4.5.13 (Java/14.0.2)
12:43:56.320 [main] DEBUG org.apache.http.headers - >> Accept-Encoding: gzip,deflate
12:43:56.583 [main] DEBUG org.apache.http.wire -  << "HTTP/1.1 200 OK[\r][\n]"
12:43:56.586 [main] DEBUG org.apache.http.wire -  << "content-type: application/json[\r][\n]"
12:43:56.586 [main] DEBUG org.apache.http.wire -  << "date: Sat, 06 May 2023 05:52:42 GMT[\r][\n]"
12:43:56.586 [main] DEBUG org.apache.http.wire -  << "transfer-encoding: chunked[\r][\n]"
12:43:56.587 [main] DEBUG org.apache.http.wire -  << "content-encoding: gzip[\r][\n]"
12:43:56.587 [main] DEBUG org.apache.http.wire -  << "server: Fly/3f2597ca (2023-05-03)[\r][\n]"
12:43:56.587 [main] DEBUG org.apache.http.wire -  << "via: 1.1 fly.io[\r][\n]"
12:43:56.587 [main] DEBUG org.apache.http.wire -  << "fly-request-id: 01GZQSX7JBXW7C7T6K6VEQTKJQ-sin[\r][\n]"
12:43:56.587 [main] DEBUG org.apache.http.wire -  << "[\r][\n]"
12:43:56.589 [main] DEBUG org.apache.http.impl.conn.DefaultClientConnection - Receiving response: HTTP/1.1 200 OK
12:43:56.589 [main] DEBUG org.apache.http.headers - << HTTP/1.1 200 OK
12:43:56.589 [main] DEBUG org.apache.http.headers - << content-type: application/json
12:43:56.590 [main] DEBUG org.apache.http.headers - << date: Sat, 06 May 2023 05:52:42 GMT
12:43:56.590 [main] DEBUG org.apache.http.headers - << transfer-encoding: chunked
12:43:56.590 [main] DEBUG org.apache.http.headers - << content-encoding: gzip
12:43:56.590 [main] DEBUG org.apache.http.headers - << server: Fly/3f2597ca (2023-05-03)
12:43:56.590 [main] DEBUG org.apache.http.headers - << via: 1.1 fly.io
12:43:56.590 [main] DEBUG org.apache.http.headers - << fly-request-id: 01GZQSX7JBXW7C7T6K6VEQTKJQ-sin
12:43:56.605 [main] DEBUG org.apache.http.impl.client.DefaultHttpClient - Connection can be kept alive indefinitely
12:43:56.618 [main] DEBUG io.restassured.internal.RestAssuredHttpBuilder - Parsing response as: application/json
12:43:56.620 [main] DEBUG org.apache.http.wire -  << "57A[\r][\n]"
12:43:56.621 [main] DEBUG org.apache.http.wire -  << "[0x1f][0x8b][0x8][0x0][0x0][0x0][0x0][0x0][0x4][0xff][0xaa]VJI,IT[0xb2][0x8a][0xae]V[0xf2]tQ[0xb2]24[0xb2][0xb0]0[0xd7]Q[0xf2]K[0xcc]MU[0xb2]Rr[0xcd][0xcb]/[0xca][0xcd]/-Vp[0xce]/)[0xc9][0xcf]Sp[0xce][0xcf]-(-I-R[0xd2]QrI-N.[0xca],([0xc9][0xcc][0xcf]S[0xb2]R[\n]"
12:43:56.621 [main] DEBUG org.apache.http.wire -  << "-Q[0xc8]KMN-.[0xce],I,[0xc9]L*-V([0xcb],ILU[0xc8],-JUH[0xc9][0xcf][0xc9]/J-V(J-H[0xcd][0xc9]I[0xcd]K)-V([0xce][0xcc][0xcd][0xcc][0xc9],,M[0xd5]S[0xd2]Q[\n]"
12:43:56.621 [main] DEBUG org.apache.http.wire -  << "([0xca]LNU[0xb2][0xb2]4[0xd4]Q[\n]"
12:43:56.622 [main] DEBUG org.apache.http.wire -  << "J,[0xc9][0xcc]K/V[0xb2]2[0xd1]QrN,IM[0xcf]/[0xca]L-V[0xb2][0x8a][0x8e][0xad][0xd5]A[0xb8][0xd0][0x2][0xee][0xc2][0x80][0xa2][0xc4][0xe4][0x92][0xcc][0xe4][0xc4][0x1c][0x5][0xdf][0xc4][0xa2][0xa4][0x9c]T[0x85][0x90][0xc4][0xa4][0x9c]T[0xc][0xf7][0x85][0xa4][0xe6][0x16][0xe4][0x17][0x81][0x1d]V\[0x9a]W[0xa2][0x90]X\[0x90]Z[0x94][0x9]r[0x15][0x92][0xfd][0x16]FH[0xf6][0x1b][0xe3][0xb3][0xdf][0x12]nPiqIf[0xb2][0x82]{Qb^fI[0xaa]BpF~j1[0xa6][0xed][0xf9]%[0x89][0xb9][\n]"
12:43:56.622 [main] DEBUG org.apache.http.wire -  << "[0x85][0xa5] [0xfb]S[0x12]s[0x15][0xca]Rs[0x90][0xac]51#[0xd2]ZK[0x3][0xb8][0xb5][0xc1][0xf9]y[0x95][\n]"
12:43:56.622 [main] DEBUG org.apache.http.wire -  << "[0x1][0xc1][0xa6][0x18]V[0x15][0xe4]$V*d$[0x16]+[0xe4][0xe5]+[0xe4]d[0xe6]f[0x96][0x80]\[0x3][\r]_#KK$[0x9b][0xf0][0x5][0xb0][0xa5][0x11][0xdd]l2[0xa6][0xa6]M[0x86]x"[0xcd][0xd2][0x94]n6[0x99][0xc1]mr-J[0xcf][0xcf][0xcb][0xcf][0xcd]LV[0x8][0xcf][0xcf]OI[0xcd]Sp[0xcf][0xc9]/[0xc3][0x92]B[0x82]3s[0xb2][0x11][0x19][0xc1][0xd8][0xd2][0x18]9M[0x98][0xe2][0xf3][0x15]"[0xb3][0xba][0xe7][0x17][0xa5][0xa7][0x82]2+[0xc8]0\[0x16]A22[0xc2]*3[0xb]Cc[0xa4]Da[0x80][0xcf]*D[0xae]sL-[0xca]O[0xa9][0xcc]K[0x4]y[0xc][0x9a][0xef][0x82]32[0x8b]J0[0x92][0xa3]gQ~[0x1e][0xc2]2[0xb][0x13]S[0xe4],[0x86][0xd7]_[0x88],[0xe6]RZ[0x4][0xca][0xd3][0xf0]<[0xe6][0x94][0x98][0x8e]a[0x8f]s~^rQj[0x9]([0xe3]C[0x13][0xbb][0xb1][0x85][0xa1][0x1][0x92][0xc7][0xf0][0xa4]vK[0x3]D[0xbe][0x82][0x87]a@bAj[0x11][0xee][0xf2][0xe][0x12][0x9b][0x8][0x9f][0x99][Z[0x98][0x10]k[0x1b]U[0xf3][0x16][0x9e][0x8][0xb3]40[0x81][0xa7]C*[0x94][0x17]xb[0xcb][0xd2][0x80][0xaa]y[0xb][0xaf][0x9f][0x10][0x89][0xd0]#5[0xb1][0xac]R[0xc1][0xa5][0xb4][0xa4]R![0xb8]$55G[0xc1]#[0x11]3[0x1][0xa2]G[0x94][0x99][0x81][0xa9]9RD[0xe1][0xb5][\n]"
12:43:56.624 [main] DEBUG org.apache.http.wire -  << "3[0x9]BSEFb&f[0x15][0x8]v[0x3]"E[0x98][0x99][0x1a]"Wg[0xf8],[0x2]%Th[0x85][0xeb]X[0x9e]Z[0x9c][0x9f][0x9b][0xaa][0xe0][0x93][0x9a]X[0x92][0x1]J[0x80]9[0xf9][0xc9][0xa0][0x82][0x1][0xb5][0xb6]E[0xcd]U[0xe6][0x86][0x16]DfaK[0x90][0x93][0xa0]6[0xc1][0xab]v[0xa7][0xa2][0xfc][0xbc][0xaa]T[0xdc]I=[0xa8]4)[0x9]\[0xe3]C3[0x96][0x5][0xd1]%[0x86][0xa5]!"[0xa9]C[0xeb]I[0x9f][0xcc][0xbc][0xd4]<[0x85][0x80][0x9c]DpVE[0xf5][0x15][0xba]E[0xc6][0x86]&[0xa6]DF[0x15][0xa8][0xc][0x83][0xfa][0xcb]75%3?[0xb9][0x8][0xe4]!H[0x91][0xa0][0xe0][0x8c]5[0xc][0xc1].AD[0x97][0x89][0x99]!r[0x91][0x8b]7[0xba][0x90][0xb2]Ue^jQz&[0xb8][0x9][0x0][0x8a][0x14][0x5][0xec][0xa5]`@N"H[0x9][0xc2]6Sc[0xb][0xe4][0xc2][0x9][0xaf]m[0x88][0xac][0x85]\[0xea]B[0xca]q[0x5][0xef][0xbc][0xcc]4P[0xa1][0x87][0x1a][0x92]X[0xec]3%:[0x89] */d[0xfb][0x1c]sJs3[0xf3]Js[0x15][0xb0][0x95][0xbe][0xd0][0xd4][0x8a][0xe4]?Kc[0xa2][0xfd][0x87][0xa8][0xc0][0x90]3tfN[0xb6]BxbNN*f[0x96][0x86]$X[0x84]e[0x96]f[0x6][0x16][0xc4][0xa6][0x13]D[0xe9][0x81][0xd1]p[0xc4]a[0x1b][0x86][0xdf],[0xcc][0xc][0x91][0x8b]z[0xbc]q[0x87](A[0x90][0xc3][0x12]Zc[0xe2][0xb0][0xd0]9[0xbf][0xa0][0x0]9[0xbf]Y[0x9a][0x19]"7[0xdb][0xf0][0xd9]g[0x84][0xa8][0xc8]`[0x5][0x9]4)(8'b[0x96]X[0xe8][0x1]ill@l[0x91]ed[0x8][0xaf]Z`6AJZ\[0xed][0xe]P[0x9b][0x4][0x11]e[0xa6][0xc4][0x97][0xc2]F[0x88]2[0x4]^dA[0xad][0xc2][0x9e][0xd9] [0x92][0x8][0xbb][0xcc][0xcc][0xcd][0x90][0x1b][0x1d]x[0xc3][0xf][0xd1][0x18][0x85][0x17]#[0xe1][0xf9][0xf9]98[0x8a][0x10][0xf4][0xf0]3[0xb5]0!:[0xfc][0x10]e[0x8][0xdc]&[0x88]q8[0xba][0x10][0xe8][0xbe]260%6[0xd1][0x1b]!J[0x10]h)[0xc]Ib8l[0x82][0xa6][0x18]D[0x0][0x1a][0x1b][0x11]]e[0x1a]![\n]"
12:43:56.624 [main] DEBUG org.apache.http.wire -  << "[0xf]*[0xb4]8[0xf0]F[0x15][0xa2][0xd8]@[0xe4]dH[0xf5][0x8c][0xa3][0x19][0x90][0x83][0xf0][0x91][0xa5]%[0xa8][0xca][0x85]w5[0xf1][0xda][0x83](1[0xe0]mCXg[0xf]{5[0x6][0x95]E[0xd8]fnhIl[0x93][0xc3][0x8]Q`x[0xe6][0x95][0xa4][0xe6][0xe4]d[0xa6][0xa7][0xe6][0x95](@S[0x6][0xb6]<[0x8c]a[0x9b][0xa9][0x89])[0xb1][0x15][0x19][0xa8][0x8c][0x86][0xd6][0x9a][0xf0][0xac][0x5]n[0xc5](8[0xe5][0x97][0x94]`[0xe9]E[0x83][0xaa]8[0x84][0xbf][0x8c]-[0xc][0x88][0xad]T[0x8c][0x11][0xc5][0x85]'[0xa8]VN[0xc9][0x4]u[0xd5][0xa1])M[0xc1][0x19]k{[\n]"
12:43:56.625 [main] DEBUG org.apache.http.wire -  << "V[0xe3] ,42 :[0xda][0x8c][0x11][0xa5][0x6]"y@[0x93][0xbd]s>[0x96]v"[0xd4]-[0x8][0xcb],[0xcd]L[0x88][0xad][0xc2][0x8c][0x11][0xc5]FpNjj[0xb6][0x2][0xb8]m[0xa1][0x80][0xd5][0x1e][0xd4]r[0xd0][0xd8][0xd4][0x88][0xe8] D[0x94][0x18]>[0x99][0xe9][0x19]%[0xe5][0xa9] [0x12]6[0xea][0xe1][0x94][0x9a][0x97][0x9c][0x81][0xd1]+[0xc2][0xa8][0xbb]L[0xcd]A[0x5]7Q[0x9][0xdf][0x18]Qj[0xc0]K(hbS[0xf0]N[0xad]L[0xca]O,J[0xc1][0xb0][0x10]TX"[0x82][0xd0][0xc8][0xc8][0x84][0xd8][0x9a][0xb][0xd4][0xdf][0x85]&E[0xe4][0x9a][0x12][0x14]Z[0xb8]m[0x3]gw[0x84]u[0xe6][0x16][0xc4][0xc7][0x18][0xa2][0xf4]@jt@[0x83][0xb]G[0xb9][0x88][0xde]<[0xb5]4[0x2][\r][0x94][0x11][0x17][0x96][0x88]B[0x4][0xc9]:X[0x9f][0x15]WnC[0xb7][0xd0][0xcc][0xc]T[0xbf][0x13]g![0xa2][0x1c][0x81][0x97]Z[0xa0][0xcc]K\[0xed]laAt;[0x0][0x14][0xe2][0xd0]x[0x83]u[0xd3][0xa1][0xb9], 1[0xf]<[0xf6][0x84][0xda]2E[0xaf][0xc6][0x8c]L[0xcd][0x88]-[0xad]@u+[0xd4]*xi[0x5][0x9]"[0x1c][0xad]nPt[0x2][0x0][0x0][0x0][0xff][0xff]"
12:43:56.625 [main] DEBUG org.apache.http.wire -  << "[\r][\n]"
12:43:56.626 [main] DEBUG org.apache.http.wire -  << "668[\r][\n]"
12:43:56.627 [main] DEBUG org.apache.http.wire -  << "[0xca]@nI[0x99][0x1a][0x1a][0x13][0xdb]r3A[0x94][0x1f]n[0x89]y%[0xe0][0xe6];l[0x8][0x7][[0xb][0x18][0xa3][0xf8][0xb0][0xb0] [0xba][0xc5]m[0x82](>[0xa0][0xf5]3([0x1b][0xe1]hs@|[0x8c]H[0xf4]&[0x86][0xa0]QA[0xa2][0x12][0x85][0x9][0xa2][0x4][0x9]F[0xea][0xb7][0xc0][0xca]Y[0xac][0xdd]g[0xb4],ff`It[0x8]"[0xca][0xf][0xe4][0xaa][0xc][0x9c][0xa3][0xb1][0x8f][0x92][0x82][0x12]([0xc2]cF[0x6]D[0xd7]c[0xa0][0x1]Th[0xca]@D[0x16][0xc8]4[0x5][0xec][0x89][0x10][0xcd]S[0x16]&[0x16][0xc4]6[0xdb]L[0x10][0xe5][0x6]r=[0x6][0x19]+"[0xa2][0x85]ma[0x4][0x1a]k".[0xb6][0x10]e[0x6][0x92]U[0xe0][0xe0][0xc3][0xde][0xee][0x0]I![0x82][0xcf][0xcc][0x4][0x14][0xdd][0xc4][0xd9][0x84](,[0xe0][0x19][0xb]V[0xd2]c[0xaf]W0r[0xb1][0x5][0xa8][0xb6] [0xca]2S[0xcc].[\n]"
12:43:56.628 [main] DEBUG org.apache.http.wire -  << "8[0xa6][0x8]7[0xda][0x8c][0xcd]M[0x89][0xad]ML[0x11][0xcd][\r][0xc4][0x0],[0xbc][0xb8][0xc5]f[0x15][0xc8][\r][0x88][0xc0][0xb3]41&[0xda]*D[0xa6][0x82]W[0x93][0xe0][0xf4][0x85][0xa3]P[0x82][0xe5]6[0x84]e[0xa6]fD'tSD[0x9e][0x82][0x96][0x14][0xa0]H[0xc7][0x9a]qQ=ddiFl[0x13][0x14][0xe4][0x18]hfBJw[0xb0][0xf4][0x10][0x9e]X[0x82][0xa5][0x9d][0x81]Q[0xfa][0x99][0x19][0xa0][0xc][0x87][0xe2]k`[0x83][0xfa][0x16]P[0xfb][0xe0]U[0x15]lp[0x3]W3[0x3][0xdc]HE[0x84][0xa0][0x99][0x91][0x19][0xb1]}!P[0xa7][0x9]j[0x1b][0x92][0xef] [0x11][0x86][0xad]\[0x87]TfHV[0x19][0x1b][0x13][0x1d][0x90][0x88]l[0x85]([0x95]`[0xd1][0xaf][0x80]=c[0xa1]y[0xcc][0xd4][0x94][0xe8]Ll[0x86][0xc8]W[0xc8][0x85];4$[0xb1][0xf][0x81]A[0xba][0x15][0x8][0xcf][0x99][0xa2]N[0x10][0xe1][0x8b]53D[0xe][0x83][0xd5][0xfb][0xb0]$[0x82][0xa3]t[0x2][0x8d][0xd0]"[0xac]26$z[0x0][0xc][0xd4]{[0x87]F[0x19]4[0xd1]#[0x2][0x11]{7[0x5][0xe2]i[0x84]e&&[0xa0][0xf1]A[0xa2][0x8a]'3D[0xe][0x83][0x97][0x85][0xa0][0xac][0x84]c[0xa0][\r]=[0x4]M[0x8c][0xcd][0x89]M[0x1e][0xa0]$[0xb][0xf5][0x16][0xdc]&Hj[0xc3]1<[\n]"
12:43:56.628 [main] DEBUG org.apache.http.wire -  << "[0xca][0xea][0x8]?Y[0x98][0x11][0xdd]p2G$[\r][0xb8]M[0x90][0x12]\[0x1]{v[0x86][0x95][0x94][0x8][0xdb][0x8c][0x8d][0x89][0x1e]b6G[0xb4][0x9c] [0x9d]![0xe8]h[0x17][0xf6][0x91]JL[0xab],[0xcd]A[0xee]%*[0xb2][0xcc][0x11]e/r1[0xf][0x9e][0xa9][0xc6]>6[0x84]i[0x9d][0xb1][0x5][0xa8][0x0]"[0xce]:[0xa4][0xc1][\r][0xa4][0xf6][0x13][0xb4][0xf0][0xc3][0xd5][0x8a][0x87]%VD`Z[0x18][0x10][0x1f]u[0x88]F[0x0]4[0xed][0x83][0x13]#[0xf6][0xf6][0x13]4[0x3]",261&[0xb6]\[0x4][0xe5]Fhj[0xc][0xce]M[0xcc][0xc9][0x81]O[0xb6]a[0xf]G[0xf4]toi[0x2][0x9a]k"*[0x14]Am-[0xa8]MP/AS=v[0x9b] [0x9][0x15][0xc9]O[0xa6]D[0xb7][0xab]A[0xd3][0xf9]P[0x9b][0x90][[0xa0][0xb0][0x8][0xc1][0xde]?[0x87][0xc9]"l[0xb4]0[0x5][0x15]v[0xc4][0xf9][\r][0xd1][0x92]G[0xea][0xe7][0x81][0xb]u[0x1c]MQ[0xc][0xef][0x11][0x9f][0xfa]A5,[0xdc]{[0xc9]E[0xa9][0xd0]1[0x15]p[[0x14][0xc7][0xf8][\r]j[0x11]bdnF[0xec][0xe0][0x83][0x5][0xa2]XD[0xee][0x9e][0xc3][0xb2][0x13][0xae][0x91]zPbE[0x4][0xa4]1[0x9][0x89][0x4][0x91][0xd5]P[0x13][0x9][0xf6][0x6]=x[0xbc][0x5]a[0x91][0xb9][0x5]h[0x1c][0x8d][0x88][0x18]36F[0xf2]X[0x84][0x93][0x84]![0xc6][0x88][0x6][0xc2]T[0x13][0x94][0xd5][0x13][0xe8][0x95]#lm[0x8a])R7[0xd5]=173[0xf]s[0xae][0xda]-[0xbf]H![0x1d],[0xa5]PPZT[0x90]_[0x9c]Z[0xac]T[0x8b][0xb4][0xbc][0xc5][0x12]4[0xae][0x0][0x8d]Y[0xe4][0xa1][0x1e]h>[0xc1]Q[0xbf][0xa2], 0[0xb1][0x4]5[0xe3][0x88][0x8][0x1]#K[0xb]D[0x11][0x83][0xd4]"[0x82][0xf6][0x9d]qTE[0xa0][0xfe])"`[0x8c][0x8c]@y[0x9a]([0xcb]@}U,>[0x83][0xe4][0x2][0x9c][0xb5][0x11][0xa8]@GXgn[\n]"
12:43:56.628 [main] DEBUG org.apache.http.wire -  << "j[0x11][0x10]g[0x1d][0xa2].B4[0xc1][0xa0][0xf5][0x11][0xf6][0x6][0x18]ZJ[0xb2][0xb4] :[0x8b]X"[0xf2]>[0xbc][0x1d][0x1b][0x4][0x9e]:[0xc5]3[0x80][0x85]>/hlfD[0xec]p[0x8][0xa8]#[0xe][\r]J[0xe4][0xd2][\r][0x94][0xe5][0xb0]N[0xf6]@c[0x14][0x11][0x8e][0xa6][0x6][0xa0]Y{[0xe2][0xc2][0x11][0x91][0xfd][0x91][0xd2][0x8][0xb4][0xbe][0xc1]n[0x1b]h[0x9e][0x17]a[0x97][0x91][0x5][0xa8]}J[0x9c]][0x88][0xac][0xf][0xa9][0x89][0xc0]Q[0x82][0xa3][0xbd][0x8c]YZ[0x1b][0x13]?l[0xb][0x1a][0x95][0x87][0x86] Ri[\r]M[0x8b][0xd8]s[0x19]j[0xc2][0xb7][0xb0]$z[0xe2][0xd1][0x12][0x91][0xcb][0x10])[0x11][0x9a]<[0xb0][0xf5]; [0x89][0x14][0x11][0x80][0xc6][0x16][0xa0]Afx[0x0][0xe2][[0xcd][0x2]*[0xa6][0xa0][0xde]B[0x8a],H%[0x84]=[0xd1][0xc3][0x8a]q[0x84]u[0xe6][0xa6][0xa0][0x1]0[0xb8]u[0xb8][0x97]~[0x18][0x1b][0x80][0x6]4[0xe0][0xd6]![0xa6],`1[0x83][0xa3][0x1b][0x8c][0xde][0x80]0C[0x9d][0x91][0xc1][0xed]?c[0x3][0x3]D[0xa6]F[0xf2][0x1f]4[0xda][0xb0]7h[0xd1]C[0xd3][0xc4][0x8c][0xc8][0xfe][0xbd][0xb1][0x1][0xa8]][0x83][0xc5]{[0x10][0x13]q[0xf4][\n]"
12:43:56.629 [main] DEBUG org.apache.http.wire -  << "[0xa0]-BDp[0x1a][0x99][0x19][0x11][0xd7][0x10]3[0x6][0xe7]I[0xa8]}[0x90][0xe6]3< [0xb1]/lD[0xab][0xd2]M[0x89]L[0x91][0xc6][0x6][0x6]H[0xf9][0xc][0xa9]5[0xb][0xc9]m[0xd8][0x1b][0x98][0xe8][0xfd]*#[0x3][0xd0][0xb0]=<[0x95][0xe0][0x8d]4Dg[0x18]6_[0xc].[0xa9]|[0x12]s[0xb]0[0xea]\pw[0x1c][0x11]z[0x16][0xa6][0xa0]^;[0xdc][0x1a][0xf4][0x9a][0x17]Qs[0x1a][0x83][0xe7][0x87]`[0xa1][0x7]n[0xc6]B[0xbc][0x83]c[0xd1][0x1d]F<[0x99][0x12][m[0x1a][0x1b] [0xad][0xa4]A[0x8b]'[0xec][0xed]Xt?[0x11];[0x8e]`l[0x80][0xb4][0x88][0x6][0x16]t[0xd0][0x82][0x3][0xdb]@[0x16][0xb4]PF[0x84][0x9e][0x11]x[0x15][0xe]q[0xa1][0x87][0xe8]O![0x15][0x88][0x90]X[0xc7][0xbd]>[0x8][0xc3]F[0xa2][0xbb][0xa6][0xc6][0x6][0xa0]57[0xb0][0xf8][0xa2]|E+[0xde][0x94][0x81][0x18][0xb9][0xa5][0xe9][0xcc][0xb4][0xb1][0x81]![0xa2][0xa8][0xf][0x8]V[0xc0]\[0xa1][0x9b][0x9e][0x98][0x9b][0xaa]`[0xaa]P\[0x2][0x1e]/[0x86].[0xaa][0xc2][0xdf][0xb8]DI[0xe2][0x88][0x9c][0x4][0xf1][0x88][0xa1][0x11]F[0x6][0x82]/[0x2]F_[0x1]l[0xc]*[0xad][0x89]J[0xb][0xa0][0xa9]&[0xe4][0x98])03[0xc3][0xb0]&9?)1[0x11]D R[0x1b][0x9][0x16] F[0x90][0x9c][0xf3][0x93][0x12][0x15]RJsJ1l[0xc8][0xcc][0xcb]T[0xc8]H[0xcc][0xab]LT(H-[0x2][0xd9][0x94][0x98][0xa7]P[0x90]_[0xc]Z[0x13][0x4][\r]8SKKP[0x85]G[0x9c][0x9f][0x10]5[0x7]-b[0x6]4[0x95][0xb][\r]2[0x9a][0x18][0x8f][0xc8][0x9d]![0x89][0x98]A[0x5][0x8f]s,[0xb][0xbf][\r][\r]0[0x0]Q[0xb][0xa6][0x8c][\r]@[0xf5][0x16][0xd4]O[0x1e][0x5][\n]"
12:43:56.629 [main] DEBUG org.apache.http.wire -  << "a[0x99]e[0xf9][\n]"
12:43:56.629 [main] DEBUG org.apache.http.wire -  << "[0x91]F[0x98][0x9].7573'3;S[0xa1][0xb8] [0xb5]83-3;[0xb1]8S[0xa1]21/]![0xb1] [0x13][0xb4]~[0x11][0x1a][[0xa0][0xe6][0x2][0xb8][0xc5]@\|![0x92]:[0xfd]|[0x8c][0xb4]T[0x81][0xfe]>FZ[0xb6]0[0x0][0x96]#z0%[0xa9][0xc5][0xa0]m[0x18][\n]"
12:43:56.630 [main] DEBUG org.apache.http.wire -  << "[0x5]E[0xf9])[0xa5][0xc9][0xa0][0xec][0x86]:[0x8d][[0x92][0x91]Y[0xac][0x90]Y[0xac]P[0x92][0x91][\n]"
12:43:56.630 [main] DEBUG org.apache.http.wire -  << "S[0xa3][0x90][0x82][0xb4]![0x4][0xbe][0xa5][0x3][0x9c][0xf2][0x88]Lk[0xa0][0xc9]YhZ[0x3][0x97]lf[0x6][0x6][0x6][0x18]%[0x2][0xbe]dnJtI[0x0][0x9a][0xae][0x82]Z50^E4[0xbe][0x6][0xc6]~[0xba][0xd5][0x86][0xa0][0x11]HhH[0x83]#[0x95][0xe4]=+D[0xd7]X[0xa0]&=[0xd4]&D[0xde][0x1][0x0][0x0][0x0][0xff][0xff]"
12:43:56.630 [main] DEBUG org.apache.http.wire -  << "[\r][\n]"
12:43:56.631 [main] DEBUG org.apache.http.wire -  << "5FD[\r][\n]"
12:43:56.632 [main] DEBUG org.apache.http.wire -  << "[0xa2]WQ[0x85][0xb4][0xe]b@"[0x14]i[0xd4]i`[0xec]GT[0xad][0x3]c?[0xa2][0xec][0x82][0xc][0xad]a[0x14][0x1c]iXF[0xdd][0xe0][0xc5][0x14][0xb1][0x13]_[0xc6][0x6][0xa0][0x9]9h*[0x83]M|[0x81];2[0xd8][0xd7][0xb0][0x5][0xa5]f&g[0xa6][0xe6][0xa5]d[0x16]+[0x14][0xa7][0xa6](d[0xe6][0x95][0xa5][0xe6][0x95][0xe4][0x17][0xa5]*d[0xe6]%g[0xa6][0x80]6[0xa2][0xa5][0x96]($[0x96][0x96][0xa4][0xe6]"[0xed][0x7]#v[0x8d][0x80][0xb1][0x1]h}<[0xd4]1[0x3][0x13][0xea][0x88]bl[0x0][0xb2][0x1c][0xa2][0xc][0xa3][0x9a][0xe7][0x89][[0xf1]gl`[0x82]h[0xe3][0x13][0xb2][0x1b][0xd1]6[0x6][0xd5][0x85]DV[0x85][0xa0]us[0x3][0x19][0xb1]H[0xab]4[0x8][0xf9][0x8f]&M[0x1][0xa4][0x5][0x1c]T[0xb3][0x9f][0xd8][0xb8][0x5]mQ#2[0xec][0xc9][0x8a][[0xd0][0xfc][0x15][0x91][0xe6][0xd3]&l[0x11][0xfd][0x8][0xaa][0x85]-(i[0x13][0x1d][0xbe][0x88][0xc1]d[0xaa][0xd9]O[0xb4][0xdd][0x88][0x2][0x8b][0x90][0xdd][0xe4][0xc5]-[\r][0xca]$[0x92][0xc2][0x16]Q.[0xd1][0xb6][0x1a][0x4]-[0xc5][0x82]&b[0xda]Z[0x4][0x9a]7[0x80]ZD([0xc6]h[0x92][@s[0xbf][0xd4][0xb6][0x9f][0xd8][0xd4][\n]"
12:43:56.632 [main] DEBUG org.apache.http.wire -  << "[0x9a][0xe7]"[0xd2]n[0xb2]R+hn[0x8b]H[0xf3]i[0x13][0xb6]4*[0x89][0x88][0xac]d[0x91][0xd6][0xfa][0x90][0xd7]5![0xba][0xbb][0x9]Z|[0x7][\r]hZ[0xdb][0x84]([0x0]"[0x9c][0xf2]+[0x14][0x6][0xc3][0x84][0xb6][0xb1][0x81]9b[0xac]o@21[0xd2][0x9a]$[0xaa][0xd9]Ol&6G[0xf4]L[0x8][0xd9]MV&FZ[0x4]E[0xc8]|[0x9a]dbs[0x1a]T[0xe7][0xa0]*[0x8f][0xc8]L[0x8c][0xb4]pi@[0xbc][0xf]Z[0xfa][0x0][0xcd][0xda]T[0xb3][0x9f][0xd8][0xa4][0x85][0xb4][0xc0][0x89][0x90][0xdd]d%-[0xd0][0x9a]?j[0xfb][\r][0x14][0xb5]D[0xfb]o`[0xeb][0x7][0xa4][0xc5]*[0x84][0x82][0x97][0x16]9[0xcb][0x8][0xb4]U[0xb][0x1a][0xfc][0xb4]mc[0x81][0xce][0xdd][0x81]ZD5[0x8f][0x12][0x1b][0xc7]H'[0xcd][0x10][0xb2][0x1b]g[0x1a][0xc6][0xb7]<[0x1]iY[0xe]![0xf3]i[0x11][0x89][0xe0][0xfd]2[0xd4][0xe][P[0x1e]"[0xae]x4[0x4][0x8d][0x9e][0xd2][0xc2]z"[0xa3][0xd7][0x10][0xb4][0x91]l@[0xed][0xa7][0xc1][0xb8]$[0xd1]~[0xa7]m[0xcd]o[0x88][0xb4]4e [0x92][0xb6]!h[0xf9][0x18]-[0xe2][0x96][0xc8][0xa4][0x8d][0xb4][0x2]c@[0xbc][0x8f][0xb4].[0x83][0xb6][0x8d]zC[0xd0][0xee][0x5]h@[0xd3][0xda]&D[0x8d]Kk[0x9b][0x10][0xcd]FZ[0xdb][0x84][0x18][0xf3][0xa1][0xb5]M[0x88][0xd1][0x1f]Z[0xdb][0x84][0xe8][0xe6][0xd1][0xda]&[0xc4][0x1c]<[0x8d]mB_qB[0xf2]L![0xb1][0xdd]qC[0xa4][0x86][0x15][0xad][0xfd][0x84][0xa8]~hm[0x13][0xa2][0xb2][0xa1][0xb5]Mt[0xcb]OF[0x88][0xfc]4 %<[0xd2][0xe2][0x17][0xaa][0xd9]Ol[0xe3][0x1][0xb4][0x83][0x1]Z[0xe6][0x13][0xb2][0x1b]g[0xbb][0x18][0xcf]z8C[0xa4][0xb3]?h[0x9c]^[0x90][0x16][0xd4][0x10][0xf2][0x9]-Z[0xe0][0x86]Hkj[0xa8]j?[0x91][0xcd][0x14][0xa4]e[0x9]T[0xb5][0x9e][0xd8][0x84][0x84][0xb4]2[0x81][0xc6][0x11][0x8d]45Nk[0x9b][0x10]E[0x10][\r]V[0xda][0x19]"[0xcd]~"[0xf6][0x15]B[0x97][0xb9][0xe2]:A#[0xb0][0x14][0xb4][0x1c][\n]"
12:43:56.633 [main] DEBUG org.apache.http.wire -  << "q[0xca]lbqqinj^J[0xa2]BiNN"Y[0xd3][0xfb][0x86]H[0xb3][0xa0]4[0xe]P[0xa4]9[0xcf][0x80]`[0x13][0x8c][0xb5][0x13][0x5][0xc5]&[\n]"
12:43:56.633 [main] DEBUG org.apache.http.wire -  << "I[0x89]E[0xa0]E[0x87]H[0xb][0xf9][0x88][0xcc][0x0][0x3]<[0xdf]ih[0x8a]h[0xd3]R-[0x3][0x12][0x9b][0xf9][0x90]6[0xec][0x13][0xb2][0x9b][0xac]R[0x1c][0xb4][0xcb][0x8b][0xc8]Z[0x82]&e+h[0xef],-[0xec]'2i[\r][0xf0][0x4][0x96]![0xd2][0xc][0x12][0xa1][0xe8][0xa5]I[0xf0][0x83][0xf6][0x11]S;[0xf8][0x89]M[0xda]HsZ[0x84][0xfc]NV[0xd2]F[0xda][0x1f]O[0xc8]|[0xda][0x84]-[0xa2][0xe3]CU[0xfb][0x89]L[0xda][0xb4][0x9a]V!6zA[0xe7][0x18]@[0x93][0x16]-[0xaa]Xs[0xa4][0xe],[0xd2][0xee]#[0xf0].[0x19][0x1c][0xbb][0xaa][0xfc]s[0xf3][0xa0][0xcb][0xe8][\n]"
12:43:56.633 [main] DEBUG org.apache.http.wire -  << "Aumr~^qjaibIi[0x91]Br~[0x11][0xe8]tw[0xd0][0xa1][0xe7]I[0x99][0xc5][\n]"
12:43:56.634 [main] DEBUG org.apache.http.wire -  << "E[0x89][0xa0]S[0xe9][0x91]O[0x96]'zI[0x9d][0xa1]9"[0xda]i[0xe1]o[0xa4][0xe9]**T[0xe9]xv\[0x19]"MLA6(A7[\r]a[0xdf][0xda][0xe5]XZ[0xa2][0x90]Z\[0xa2][0x90][0x93][0x98][0x94]_T[0x9a][0xab]P[0x9c]X[0x90][0x99][0x9a]W[0x92][0x8a][0x8]Z[0xf0]*E[0xd0]*FrV*[0x1a]"MU[0xe5]%[0xe6]&B[0x16][0x8d][0x83]6[0x6][0xa0][0xae]+[0xcf][0x86][0x9e][0xf8][0x8f][0x90][0x87][0xb6]7[0x88]M[0xb6]HSV4[0x89]>D[[0x2][0xba]/[0x1d][0xba][0x87][0xc][0xd7][0xe][0xf8]`[0xd0][0x1a][0xcf][0xbc]D[0xf0][0xe1][0xff][0x89][0xe4][0x85][0x1c]b[0xa0][0xc]y[0x9f]/tW[0x16][0xf6]M[0x81]~[0x89]%[0xa5][0xc5][\n]"
12:43:56.634 [main] DEBUG org.apache.http.wire -  << "[0xa9]%[\n]"
12:43:56.634 [main] DEBUG org.apache.http.wire -  << "[0xc5][0x99]y%[0xe4][0xd9][0x8a]haS[0xb5][0xf4]#:[0x1e][0x7][0xb8][0xeb][0x8f][0xb4]+[0x1e]i+[0x1c],[0xb2][0xb1]m[0xbc][0xb][0xcb][0xcf])-(I,I-V(At[0x3]RK[0x14]RK[0xc1][0xb1][0xaf]P[\n]"
12:43:56.634 [main] DEBUG org.apache.http.wire -  << "^[0xe9]K^l [\n]"
12:43:56.634 [main] DEBUG org.apache.http.wire -  << "[0xa5][0x1][0x89][\r]z[0xcc][0x84][0xe2]+[0xcb]h1A[0x9][0x9a]DCN[0x8d]x&[0x11][\r][0x91]&)a[0A[0xfb]nq[0x9c][0x8e][0xe0][0x8][0xba][$[0xf]\1[0xc1][0x97]y[0x17][0x96]f*[0xe4][0x95][0xe6][0x16][0x96][0x92][0xd9][0x15][0xa4][0xc7]4&[0xde][0x10][0xc0]([0xf8][0xa0][0xe7][0x9][0xe0]8,[0xd3]3[0xb7] 5%[0xb3]D[0xa1]([0x15]T[0x9b][0xc0].[0x80][0x1]W[0xdc][0xa0]Z;[0x13][0x9c][0x1b][0xe0]]dp[0xad]C^}[0x8d]t[0xab][0xc7][0xc0]d[\r]DA[0x89][0xd8][0xd8][0xf]-[0x9c][0xb1][0x9f][0xba][0x85]t[0x15]MQjAiJfb^Jb*E[0x8d][0x16][0xa4][0x93][0xc]h[0x16][0x8]xS[0x7][0xa2]5G3[0xfb][0xf1][\r]f[0x82]F[0xfe][0xa1][0x8d][0xd5][0x81][0xb0][0x1f][0xdc][0xba][0x1c]P[0xfb]i[0xb0][0xbe][0xe][0xb9]l[0xc4][0x13][0xf6]FH[0xc7]1[0x10][\n]"
12:43:56.635 [main] DEBUG org.apache.http.wire -  << "{r[0xfa][0x81]F[0xa0]3[0xa6][0x7]2lA[0x87][0xef]C[0xed][0xa7][0xe9]*[0x1c]#ZM[0xe7][0x13][0xd7][0xe1]4[0x2][0x1d][0xad][\r][0xf5]'[0xa1]x[0xa4]E[0xdb][0x8]i:[0x9d]f[0xf6][0xe3])[0xc3][0x8c][0x90]&[0xd9]if?[0xbe]|[0x4][0xba]Tb@[0xc3][0x1f][0xd1][0xcf][0x18][0x18][0xff]#*R*[0xf4][0x8c][0xf1][0x86]4[0xa2][0xb6][0xa2][0xb1]Mt[0x9b][0xd2]6B[0xba]%[0x83][\n]"
12:43:56.635 [main] DEBUG org.apache.http.wire -  << "~[0xc2][0xd3][0x16]7B:[0xe5][0x80][0xb6][0xe5][0xa1][0x11][0xa2][0xc9]I[0x5]/[0xe1]K[0x10]H[0x17]d[0xd0][0xda]&D"[0xcf][0xcc]K[0xc9][0xcf][0xcd][0xc4][0xbc][0xbb]'1[0xbb]T[0xa1][0xb8]4;Q[0x1][0xa1][0x0]:[0x6]bD[0xf4][0xc9][0x9]FH3[0xe7][0x8]cP[0x87]Z[0xa8]c[0xf]RVJ[0xcc]-.[0xcd]KW[0x8]62V[0x8][0xcd]))J[0xc4][0x98]EB[0xaa][0xfe][0xcd][0xc][0x88];_[0xd9][0xd8][0x8]i[0x1e][0x9c][0xc6]q[0x83]4O[0x1d]L[0xd0]/[0xee][0x89]9[0x89][0x15][0x95][0x8][0x1f][0x11][0xdb]ZB[0x9a][0x8c][0xa6][0xb5]w[0xe8][0xb5] [0xc4][0x8][0xf9][0xdc][0x6][0x82][0x1][0x87][0x8]2C[0xe2][0x13][0x1][0xd2]q[\r]$[0x86][0x1a][0x0][0x0][0x0][0xff][0xff]"
12:43:56.635 [main] DEBUG org.apache.http.wire -  << "[\r][\n]"
12:43:56.637 [main] DEBUG org.apache.http.wire -  << "ADF[\r][\n]"
12:43:56.637 [main] DEBUG org.apache.http.wire -  << "[0x82]\,J[0xf4][0xf6]n#[0xd0][0x81]V[0xd0]Z[0x98][0xd6]6!F[0xb8]hm[0x13]"[0x93][0x6][0xe0]8[0xcf][0x3]t[0xce]NJjqvQfAq&[0xb9][0x83][0xaf]FHK[0x1d]h[5 [0xad]i[0xa0][0xb1]E[0x88][0x8e][0x15][0x8d]-B,[0x14][0xa3][0xb1]E[0x88]b[0x1][0xf5]$W[0xd0][0xa5]c8f^[0xc2]R[0x8b][0xc0][0xd7][0xfa]B[0xe]1@[0x1a][0xdd]D[0xdc][0xa2][0xab][0x90][0x92][0x99][0x9e][0x97]Y\[0x9c][0x99][0x9b]_L[0xce][0x10][0xa7][0x11][0xdd][0x16][0x8f][0x18]![0x1d][0x9a]@[0xe3][0x8c][0x87]t/[0x5][0xad]m[0xa2][a[0x82]t[0xf2][0x1][0xac][0x96][0x84][0xd4][0x85][\n]"
12:43:56.638 [main] DEBUG org.apache.http.wire -  << "[0x8e][0xc6][0xa4][0x9d][0xd6]C|[0xa1][0x8c]t[0x1a][0x2][\r]&u[0x8c][0x90][0x96][0xfb][0xc]H[0xcf][0x7]i[0x99][0xcf][0xc0][0xd8][0x8f]({[0x6][0xc6]~D[0x91]40[0xf6][0xa3]u4hw[0xee][0x94][0x11][0xd2]z [0xe4][0xd2][0x17]|[0x82][0xc][0xd6][0xa3]0A[0xd3][0xc][0x88]&[0x93][0x91]9[0xa8]%D[0xcc][0xd9]iFH+[0x83][0x90][0xef][0x83][0x0][0xdb]D[0xd4]![0xda][0x90][0x83]'[0x89][0xb3][0xb]Q[0xfa][0xc0][0xce][0xc4][0x81]L[0xe4]c?[0x14][0x7]:s[0x80][0xf0][0x96][0xa9]![0x91]G[0xfe][0x1b][0x1b][0x81]N[0x2][0x85][0xb6][0xcf]`31[0xb0][0xd3]kq[0x9c][0xb0][0xe][0x9d][0xb3]C[0xd8]fa[0x2]:[0x8c][0x97]8[0x8f]![0xe6][0xdd][0x10][0xb7][0xc8]A[0x8e][0xae][0xc5]QUBW[0x9]"l31[0x5][\r] [0x12]e[0x1b][0xd2]Q[0x7][0x90][0x19]{pdaM[0x16][0x90][0xb9]|[0x84]-F[0xe0]5[0x8b][0xc4][0xd9][0x82]h[0xd2] [0x1f].[0xe]1[0x11][0xd7][0xea]F[0xd4]dhj[0x9][0x9a][0x8e]"[0xce]6D[0xd9][0x2][0xbf][0x1e][0x7][0x1a]FX[0xaf][0xad][0x81][0x4].[0xc2]c[0xc6][0xe0][0xea][0x9a]8[0xab][0x10][0xc5][0x8]r[0xde][0x82]z[0xc]{R[0x84][0x9c][0x1a][0x8c]d[0x9d][0x5][0xa8]0&[0xce]:[0xc4]x[0x19][0xdc]gx[0xed][0x82][0x1c][0x19][0x8c][0xb0][0xcb][0x8c][0xe8][0xb3]z[0x8d]HXkE[0x93][0xb1][0xd9][0x1]^[0x8b]ed[0x86][0xc8][0x87][0xe0][0x86][0x14][\r]KhPI[0x4]-`[0x6][0xa4]2[0x1a][0xe0][0xa3][0x12][0x8c]hqT[0x2][0xfa]T;[0xbe][0xb1]8[0x12][0x8e]K[0xa0]IR[0x1f][0xe0][0xe3][0x14][0x8c][0x6]x[0xdd][0x9f][0x11][0xfa][0x2]5[0x1a]f5[0xe4][0x15]j4=[0xfc][0xd9][0x8]iU[0x18][0xad][0xcb][0xf][0xb][0xb4][0xc6]$[0xcd]v[0xb1][0x19]Y [0xc6][0x92][0xc1][0x9e][0xa2][0xa1]M[0x88][0xf6][0x1d][0xad]mB+[0xe8]i[0xe7]'[0xa4]%E[0x88]u[0x1b][0xd0][0xb6]"[0xae]V[0x90]cQrFfIjrI[0xbe][0x2]lEK1h}_>xejj1YK[0xed][0x8c][0x90][0x16][0x17][0x81]C[0x97][0x86]9[0xe][0xd4]l[0x83]Vn[0x8]OC[0xaf][0x95][0xc1][0xbe].[0xd4]/3#3G!5[0x11][0xb4]8[0x94][0xac]q[0x1d]K[0xba][0xe5][0x7]K[0xba][0xe5][0x7][0xa4][0xe5]&4[0x1d][0xac]3F:=[0x1]6[0xd8][0xe2][0x98][0x85]9[0xb1][0x82][0xef]Ld[0xa2]GY[0x8c][0x91][0x16]r[0x80][0xd3]![0xcd][0xf2][0x9e]1[0xf2][0xd5][0x13]4-[0xf8][0x8d][0x91][0x16]5[0xd0][0xd8]OH[0xd3][0xf7][0xb4][0xb6][0x9]1[0x9c]Oc[0x9b][0xa8];[0xa9][0x8c][0xa7][0xd5]g[0xc][0xba][0xf5][0x8]Z0!wJ[0xe1]]{lW[0xe4][0xf8][0xa5][0x16][0x96][0xa6]*[0x94]A[0x96][0xdd][0x16][0x83][\n]"
12:43:56.638 [main] DEBUG org.apache.http.wire -  << "([0x85][0xcc][0x14]h[0xc1][0x8c][0xbc][0xdf][0xe]4[0x12]BL[0x8f][0xce][0x18]i[0xd2][0x94][0xc6][0x1]K[0xb7][0xcd][0xb7][0xc6][0xa0][[0x83][0xa0][0x1]Kk?[0xd1][0xab][0xa0][0x7][0xdf][0x9c]B[0x1f]?![0xcd]3[0xd1]8[0xf4][0x90][0xa6]?[0x6][0xcf][0xb9]}[0xc6]H[0x13][0x18][0x83][0xc9]U[0x88][0xe6][0xe8]`r[0x15][0xa2]X[0x1e]L[0xae][0xb2][0xd4]Q[0x82][0xe6][0x95][0xc1]r[0xbf][0xa1][0xb1]1h[0x8c]m[0xf0]9[\n]"
12:43:56.638 [main] DEBUG org.apache.http.wire -  << "1|8[0x88]B[\n]"
12:43:56.639 [main] DEBUG org.apache.http.wire -  << "1[0xc8]H[0xe3][0x2][0x8]i`[0x9d][0xc6]6![0x9d][0xa8]Kk[0x9b][0xe8]V%![\r][0xd0]z[0x4]([0xe4]f[0x96][0xe4]c[0xac]~[0x2]7[0xd2]KR[0x8b][0x92][0x12][0x91]/[0xc4]1[0x5][0xe9]$[0xaa]u2[0xc0]c[0xb0][0xc6]Hc[0xb0]T[0x1b][0x18]%r[0xd5][0x94]1[0x9][0x83][0xb2][0x88][0xf1]u[0xd0][0xa8]#qk[0x9f][0x8d][0x7]x[0xd0][0xd5][0x98]V[0x83][0xae][0xc4]z[0x1f][0x91]O[0xa8][0x16][0xb5][0xa0][0xd0]':z[0x11]=w[0x9a][0xd9][0x8f]g[0xe9]7[0xf8][0xce]vh}D3[0xfb][0xf1][0xf5]~[0x90]6C[0xf][0x8c][0xfd][0x88]F[0xc2][0x80][0xd8][0x8f]4[0xe6]<0[0xf6]#[0xa6]D[0x7][0xc6]~[0xc4]$[0xe9][0xc0][0xd8][0x8f]h[0xfa][0xc][0x8c][0xfd][0x88][0xf2][0x87]V[0xb5]'[0xd2][0x95][0xda][0x83][0xa7]ug[0x81][0xc8]wTh[0x9][0x19][0xeb](9C[0xb7][0xcf][0xa7][0x16]+YE#][0x1a]i[0x8c][0xb4][0x81]w[0xf0]x[0x1f]i[0xe0][0x1b][0xba].U[0xc1]5'[0x11][0xcb][0x85][0xe9][0xa0][0x8b][0x1f][0xc1][0xfb]#[0xc1]r[0xd0]5[0xbd][0xa0]AXx[0xc3][0x9][0xaf][0xdf][0x11][0xa9][0x9b][0x6][0xab][0xc7][0x8c][0x91][0x6][0xb8][0xdd]J[0x8b][0xf2]2KJ[0x8b]R[0x15]B[0xf2]1o[0xb5]E[0xc8][0xa6]$[0x16]e*x[0xa5][0x16]$[0x82][0x17][0xc9]C[0xfd]c[0x8]Z[0xe5][0x6][0xf7][0x10][0xbe][0xea][0x82]n[0x3][0xdd]&H[0xa7][0x7]S![0x81][0xe2][0xf1][0x93][0x9][0xd2]H7"[0x9c]h[0x19][0x8a]&H[0xfb][\n]"
12:43:56.640 [main] DEBUG org.apache.http.wire -  << "i[0xed]7D[0xf1][0x86]XE[0x4]Yy[0x82]c[0x15][0x91]cNfb[0xb1]BZiz[0xa2]B)[0xf2][0xa4][0x12][0xf8]8gb[0xd2][0x88][0x89][0x1]b[0x8c][0xc4][0xb3] #?/U[0xc1][0xd0]P[0xc1][0xcc]D!=[0x9]{[0xc7]$#[0x11]tx[0x8a][0x2][0xfa]}[0xb1]D[0xcf][0x1e][0x98][0x80]6t@[0xdb]P0[0xb][0x8d]hj![0xd2][0xd0]>[0xcc]B[0xda][0xfa][0x10][0xe9][0xbc]a:Y[0x88]([0xb8]h[0x9c]B[\r]1[0x86][0x19][0xcc]i[0x94]L[0xc][0x11][0xe9]2 1'[0xd1]'[0xdf][0x7][0xcf]t[0x16][0x96][0xd4][0x8][0x1a][0xcf][0x86]g[0x0]<[0xdb][0xd4]Lh{[0xb][0xb3][0x9]hQ[0x1f]4[0xb9][0xd3][0xa0]R1A[0xda]8[0xe8]T[0x94][0x98][0x9c][0x9a][0x93][0x8a]y[0x7][0xab]obJ[0xaa]B~[0x9a]BFfz[0x86]BaibNfI[0xa5]BAjbQN1[0xa2][0x13]l[0x4]2[0x9][0x1e]`[0xf8]J`[0xa4]Cqi[0xe2]#D[0x1b][0x97]&[0xc6]#[0xf2][\n]"
12:43:56.640 [main] DEBUG org.apache.http.wire -  << "[0xdd][0x2][0xc]Q[0xac][0xd3][0xcd]JD>[0xa5][0xa6][0x95][0xf8][0xf2][0x11][0xd2][0xcc][0x1c]5[0xad][0xc4][0x9b][0x12][0x11]e[0x4][0x8d][0xcb]=[0xa4][0xcd][0x85]4[0xea]x[0x98] M[0xf5][0xd1]2[0xfc][0xaa][0x95]<][0x94][0xac][0xc][0x8d],[0x90][0x8a]r[0xc7][0xe4][0xe4][0xd4][0xe2][0xe2][0xfc][0xa2][0xcc]TP[0x81][0x80][0xba][0xfb][0xb3]$_!5/#1/9U![0xb1][0x0]Th[0x80][0x98]J[0xb5]H}[0x6][0x13][0xa4][0xfd][0x90][0xc5][0xa9][0x5][0xa9])[0x98][0x5]ubf%H[0x10][0xda][0x80][0x5][0xef][0xa3] [0xaa][0xa8]A[0xda][0x4]I[0xcb]0A[0xf1][0xc][0xa2]|[0xa0][0xb6]g[0xe8]_[0xc][0x80]6[0x1]@+[0x9f]`p[0xcc]([0xf8]d[0x16][0x97][0x14][0x81][0xc7][0x95]Q[0xa3][0x19]*[0x9d][0x3][0x91]V[0xc8]KOM*[0x5][0xd5]$[0xa4]G[0x19]b[0x88][0xe]j&[0xd4]J[0x5][0xa7][0xc4][0x9c]D[0xcc][0xce][0xe]T[0x11][0xaa][0xc5][\n]"
12:43:56.640 [main] DEBUG org.apache.http.wire -  << "I[0x89]y[0xe9][0xe0][0x9a][0xc]j[0xbf])h[0xeb][\r]qI[0x6]Q&[0xd0]-[0xc9] &[0xf4][0xe8]f%b@[0x80]^V"MqCO[0xb4][0x83][0xf6]L[0xb0]-[0xb9][0x8]-QH-*[0xca]/R(JM.-[0x86][0x9c][T[0x90][0xf][0xda][0xf5]WZ[0xac][0x90][0x9b][0x9f][0x3][0xba]5>1[0x15]tH[0xa0]B&[0xe4][0x0]([0xa4]5c[0xc4]w^[0x90].[0xb3]Ft[0x98]|2[0xf3]R[0xf3][0x14][0x9c][0xf2]KJr07[0xcd][0x83][0x8e]/,H-*.[0xc8]L[0xce]L,[0xc9],[0x86].[0x3]QH[0xc9]L.IT([0xc8]/*[0xca]W[0xc8],(.[0xcd]UHE>[0x85][0x8f][0x4]'![0x9a]/t[0x8b][0x19]D[0x91][0x5][0xd9][0xe][0x2][0x9][0x1][0xf7][0x9c][0xfc]2,[0x5][0xba]ZZfrff[0xb1][0x2][0xf2][0xb9][0x98][0x89]y[0x99][0xb9][0x99][0xf0][0x88])[0x86]-[0x96])IUHI[0xcd]I[0xcd][0xcb],[0xc9]$/~[0xe8]_[0xe4]!m[0xda]t[0xcf]/JO[0xcd]/-V[0x80][0xed][0xb6]H,[0xc2][0xe8][0xac][0xf8][0x83][0xce][0x1e][0x3][0xaf][0xd1],[0xcd][0x5][0xdd][0xaf][\r]M[0x2][0xe0]s[0xc6]2[0xf3][0x8b]![0xe7]1*$[0xe6]d[0x16][0x96]f[0xa6]([0x14]g[0x92][0xd7][0xc9]FZ[0x1e][0x81]H[0xa7][0xb0][0xdd]-[0xce][0xf9][0x89][0xa0][0x92][0x16][0xb5]<v-[0x1][0xf5][0xea]3[0x13]K[0x14] kFs3[0xf3]2s[0x13]a'[0xc3])[0x14][0x97][0x16]'g[0x16][0x90][0xeb][0x1a]D[0x11][0x89][0xbc][0xe3]+<??G!8#[0xb3][0x8][0xab]k@g~B[0x97]P[0x95]d&[0x95][0x16]+[0x14][0xe4]$&[0xa7]&[0x96]([0xa4][0x92][0x19]$[0x88]B[0x93][0xc6]m7P[0xd5][0x1][0xad][0x4][0x15]0[0xe2][0x1f]<[0xd9]J[0xf1][0x98][0x6][0xd2][0xa9][0xe8]dy[0x86][0xc8][0xf9]/[0x13][0xa4][0x13][0xd2][0xc9][0xb2][0x87][0xf8]Q[0x1a][0xa4][0xb3][0xd0][0xe9]U[0x8c]!my[0xa4][0x9b][0x95][0x88][0xc6][\n]"
12:43:56.641 [main] DEBUG org.apache.http.wire -  << "[0xdd][0xac]Dd>[0xba]YI[0xbf][0xac][0x86]h[0x96][0xd0]8}"o[0x81][0x84][0xac][0xc][0xc6][0xbc][0xc0][0x16]_[0xde]6A[0x99][0x15]@[0xef]d[0xc2]:I[0xa6]H[\r][0xc][0xf7][0xc4][0xdc]L[0xf0][0xb4][0x2]jA[0xed][0x96]_[0xa4][0x0]Y[0xdb][0xad]PPZT[0x90]_[0x9c]Z[0x8c][0xda];[0xa2][0xdb]*[0x16][0x13][0xa4][[0xa0]i[0x1d][0xfa]H-[0xe]H[0xe8][0x9b][0xd2][0xa8]d5C[0xb4] h[0xed]'[0xc4][0x90][0x9][0xad]mB[0x94]:P[0x9b][0x6]m[0xda]E[0x14]V8][0x8a][0x18]B[0xc4]W[0x8b]Q5Ga[0x94]g[0x83]6[0xfc]0[0xca]CL[0x97][0xd2]?[0xfc][0x90][0x16]IAc[0x95]V[0xb9][0x17]i[0xb9][0x94]_bq[0xa6][0x82]Kbi[0x9e][0x82]WjQ)[0xe6][0x81][0xee]`[0xf9][0xf2][0xd4][0xbc][0xc4][0xec]l[0x85][0x92][0xd4][0xbc][0xc4]<[0x85][0xdc][0xd2][0xa2][0xdc]TP[0x8b][0x1d]:[0x6]`h[0x89][0xff]X3X[0x12][0xb3]@:[0xe4]69?[0xaf]$?C7[0x19]1[0xdd][0xad][0xa3][0x84]V~'[0x16]gd[0xe6][0xe7]%&[0xe5][0xa4][0xa2][0x96][0xdb]HK[0xad][0xc0]nC[0xb8]]![0xb1]21W!=[0xbf]([0x15]K}[0x0]VK% [0xd2]9a`[0xaa]@[0x19][0xa3]C[0xda]-K[0xeb]8[0xa7][9[0x8a]t[0xf3][0x4][0xad][0xfd][0x84][0x91][0x8f]i[0x95]c[0xe8][0xb6][0xd5][0xd5][0x4]i[0xab]+[0xc1]e[0xe8][0xf4]*[0xd9][0x91][0xf6][0xc4][0xe2]p[0x13][0xa2][0xb9][0x85](7[0xe9][0xd7][0x96]C:[0xec]p[0xba][0x8f]n[0xe9][0x14]iW,[0x8e][0x90][0x18][0x88][0xf8]AZ(4[0x98]\E[0xb7][0xd6]2[0xd2][0x12]#[0xec][0xab][0xb7][0x6]6[0xfb] [0xad]G[0xc2][0xee][0xbc][0x1]I3[0x88]Z[0x16][0xbb][0xa3][0x6]4[0xcc]L[0x91]VVaw[0xde][0x0][0x84][0x99])[0xd2]",[0xda][0xd6][0xbc][0xa6]H[0x8b][0xaf][0xb0]{[0x80]c[0x7][0xd1][0xd8][0xc1][0xee][0xbc][0x1][0x89][0x1d][0x8c][0xfe]%[0x8d]Z+[0xe0]s[0x89][0xa0]C[0xab][0xd8][0xbd]?[0xb0][0xb1][0x83][0xb4][0xf2][0xb][0xbb][0xf3][0x6]"v[0x90]V[0x87]aw[0xd4][0x0][0x87][0x19][0xa2][0xb2][0xc2][0xee][0xbc][0x1][0x9]3z[0x8d][0x2][0x99]"[0xad][0x8a][0xa0]q[0xc9]fH[0xb7]\[0x8a][0xb4][0x94][0x8e][0xd6]~B[0xd4][0xa5]4[0xb6][0x9][0xb4]Z[\r]Z[0xf2][0xd0][0xda]&[0xc4][0x84].[0xad]m[0xa2][*[0xa7][0xdb]9[0xf6][0xa6]H[0xab][0xc2]h[0x1d]z[0x18]c[0x95][0xb4][0xaa][0xf5][0x90]n{[0xa7][0xb5][0x9f][0xe8][0xd5][0x9f]3EZ}Fc?![0xad][0x16][0xa3][0xb5]M[0x88][0x9c][0x8b][0xbd]*[0x1b][0xd8][0x9a][0xd6][0x18][0x91][0xdd][0xb1];o jZ[0xe4][0x15]c4[0x9d][0xd9]1[0xa5][0xdb][0x1][0xfa][0xa6][0xc6][0x88][0x92][0xc1]#@[0xc1]9[0xbf](U!S[0x1][0xb3]p[0xc8]I-([0xc9]/P[0xc0][0xd8]ym[0x9][0x2][0xc4]m[0x90]55[0xa6][[0x5][0x88][0xb4][0x1c][0x8b]n[[0xf1]`#[0xec][0xa6]H7P[0xc1]7[0xe1]`L[0x0][0xa6]a[0x9b][0x19][0xd5]A[0x98][0x81][0xe8]:[0x91]h[0x6][0xd2]rM[0xe4][0x9]Z[0xaa][0x5][0x3]Q[0xa3][0x9d][0x83]([0x8][0x10][0xc5][0x1c][0xa1] @[0x94]([0xa0]][0xd7]x[0xd2]4"[0x96][0x10][0x85][0x14][0x89][0xb1]D[0xf5][0x98]FtL[0x8]y[0x93][0x16][0xe7]}[0x9a]"[0x1d][0xbc]CU[0xfb]i[0x1b][0xb](y[0x5][0xd1][0xe3][0xa0][0xaa][0xf][0x86]Z~A[0x94][0xd1]4[0xb][0x6][0xf4]C[0x4][0x6]c~B[0xb4]-i[0x16][0xc]8[0xd7][0xd5][0xc][0x9e][0xd2][0x13]iu[0xe0][0x88][0xe][0x86][0x1]8[0xd9]`[0x10]f[\n]"
12:43:56.641 [main] DEBUG org.apache.http.wire -  << "[0xa4][0x85][0x9c]#:5[0xc]@];[0x18]S[0x3][0xa2][0xf1]3[0xa2]S[0x3][0xa2][0xa5]>[0xa2][0x83][0x1][0xd1]|[0x82][\r]\[0x98][0x9a]bv#[0xf1][0xad]:%z[0xfd][0xb5][0xa9])[0xa2][0xcf]J[0xdd]mh[0xa6]H[0xe7][0xb7]y[0xe6][0x95][0xa4][0xe6][0xe4]d[0xa6][0xa7][0xe6][0x95]([0x4][0x97][0xa4][0xa6][0x82][0x96][0xff][0xe7]c[0xd9]2[0xe2][0x99][0x2][0xda]6\[0x9c][0xa9][0x0][0xba][0xab][0xbe]X[0x1]|9{aib1)[0x9b]Bbk[0xb9][0x0][0x0][0x0][0x0][0xff][0xff]"
12:43:56.642 [main] DEBUG org.apache.http.wire -  << "[\r][\n]"
12:43:56.642 [main] DEBUG org.apache.http.wire -  << "A[\r][\n]"
12:43:56.642 [main] DEBUG org.apache.http.wire -  << "[0x3][0x0]\[0x6][0xcb]^A[0xe4][0x0][0x0]"
12:43:56.643 [main] DEBUG org.apache.http.wire -  << "[\r][\n]"
12:43:56.643 [main] DEBUG org.apache.http.wire -  << "0[\r][\n]"
12:43:56.643 [main] DEBUG org.apache.http.wire -  << "[\r][\n]"
12:43:56.644 [main] DEBUG io.restassured.internal.RestAssuredHttpBuilder - Parsed data to instance of: class org.apache.http.conn.EofSensorInputStream
12:43:56.777 [main] DEBUG org.apache.http.impl.conn.BasicClientConnectionManager - Releasing connection org.apache.http.impl.conn.ManagedClientConnectionImpl@2c02a007
12:43:56.777 [main] DEBUG org.apache.http.impl.conn.BasicClientConnectionManager - Connection can be kept alive indefinitely
12:43:56.942 [main] DEBUG net.thucydides.core.steps.StepInterceptor - STEP DONE: I send HTTP GET request
  &amp#27;[32mWhen &amp#27;[0m&amp#27;[32mI send GET HTTP request&amp#27;[0m                      &amp#27;[90m# starter.stepdefinitions.UserSteps.iSendGETHTTPRequest()&amp#27;[0m
12:43:56.949 [main] DEBUG net.thucydides.core.steps.StepInterceptor - STARTING STEP: UserSteps.iReceiveValidHTTPResponseCode - I receive valids HTTP response code 200
12:43:56.987 [main] DEBUG net.thucydides.core.steps.StepInterceptor - STEP DONE: I receive valids HTTP response code 200
  &amp#27;[32mThen &amp#27;[0m&amp#27;[32mI receive valid HTTP response code 200&amp#27;[0m       &amp#27;[90m# starter.stepdefinitions.UserSteps.iReceiveValidHTTPResponseCode()&amp#27;[0m
12:43:56.994 [main] DEBUG net.thucydides.core.steps.StepInterceptor - STARTING STEP: UserSteps.iReceiveValidDataForAllProducts - I receive valid data for all products
12:43:58.096 [main] DEBUG net.thucydides.core.steps.StepInterceptor - STEP DONE: I receive valid data for all products
  &amp#27;[32mAnd &amp#27;[0m&amp#27;[32mI receive valid data for all products&amp#27;[0m         &amp#27;[90m# starter.stepdefinitions.UserSteps.iReceiveValidDataForAllProducts()&amp#27;[0m
12:43:58.102 [main] INFO  - 
  _____   ___   ___   _____     ___     _     ___   ___   ___   ___  
 |_   _| | __| / __| |_   _|   | _ \   /_\   / __| / __| | __| |   \ 
   | |   | _|  \__ \   | |     |  _/  / _ \  \__ \ \__ \ | _|  | |) |
   |_|   |___| |___/   |_|     |_|   /_/ \_\ |___/ |___/ |___| |___/ 

GET - As admin I can get all product data
----------------------------------------------------------------------
]]></system-out>
  </testcase>
  <testcase name="GET - As admin I cannot get all product data" classname="User" time="1.151">
    <failure type="java.lang.AssertionError"><![CDATA[java.lang.AssertionError: 
1 expectation failed.
Expected status code <404> but was <200>.

]]></failure>
    <system-out><![CDATA[
@TC-002
Scenario: GET - As admin I cannot get all product data &amp#27;[90m# src/test/resources/api/user.feature:15&amp#27;[0m
12:43:58.148 [main] INFO io.cucumber.core.plugin.SerenityReporter - Running feature from file:///C:/Users/Lenovo/IdeaProjects/MiniProject/MiniprojectApi/src/test/resources/api/user.feature
12:43:58.148 [main] WARN io.cucumber.core.plugin.SerenityReporter - Feature from file:///C:/Users/Lenovo/IdeaProjects/MiniProject/MiniprojectApi/src/test/resources/api/user.feature is not under the 'features' directory. Requirements report will not be correctly generated!
12:43:58.153 [main] INFO  - 
  _____   ___   ___   _____     ___   _____     _     ___   _____   ___   ___  
 |_   _| | __| / __| |_   _|   / __| |_   _|   /_\   | _ \ |_   _| | __| |   \ 
   | |   | _|  \__ \   | |     \__ \   | |    / _ \  |   /   | |   | _|  | |) |
   |_|   |___| |___/   |_|     |___/   |_|   /_/ \_\ |_|_\   |_|   |___| |___/ 

GET - As admin I cannot get all product data(user;get---as-admin-i-cannot-get-all-product-data)
--------------------------------------------------------------------------------
12:43:58.292 [main] DEBUG net.thucydides.core.steps.StepInterceptor - STARTING STEP: UserSteps.iSetUnmatchedGETApiEndpoints - I set the GET api endpoints
12:43:58.293 [main] DEBUG net.thucydides.core.steps.StepInterceptor - STEP DONE: I set the GET api endpoints
  &amp#27;[32mGiven &amp#27;[0m&amp#27;[32mI set unmatched GET api endpoints&amp#27;[0m              &amp#27;[90m# starter.stepdefinitions.UserSteps.iSetUnmatchedGETApiEndpoints()&amp#27;[0m
12:43:58.297 [main] DEBUG net.thucydides.core.steps.StepInterceptor - STARTING STEP: UserSteps.iSendGETHTTPRequest - I send HTTP GET request
12:43:58.299 [main] DEBUG net.thucydides.core.steps.StepInterceptor - STARTING STEP: GetAllProduct.iSendGETHTTPRequest - I set the GET api endpoints
12:43:58.300 [main] DEBUG net.thucydides.core.steps.StepInterceptor - STEP DONE: I set the GET api endpoints
12:43:58.323 [main] DEBUG org.apache.http.impl.conn.BasicClientConnectionManager - Get connection for route {s}->https://altashop-api.fly.dev:443
12:43:58.323 [main] DEBUG org.apache.http.impl.conn.DefaultClientConnectionOperator - Connecting to altashop-api.fly.dev:443
12:43:58.551 [main] DEBUG org.apache.http.client.protocol.RequestAddCookies - CookieSpec selected: ignoreCookies
12:43:58.551 [main] DEBUG org.apache.http.client.protocol.RequestAuthCache - Auth cache not set in the context
12:43:58.551 [main] DEBUG org.apache.http.client.protocol.RequestTargetAuthentication - Target auth state: UNCHALLENGED
12:43:58.551 [main] DEBUG org.apache.http.client.protocol.RequestProxyAuthentication - Proxy auth state: UNCHALLENGED
12:43:58.551 [main] DEBUG org.apache.http.impl.client.DefaultHttpClient - Attempt 1 to execute request
12:43:58.551 [main] DEBUG org.apache.http.impl.conn.DefaultClientConnection - Sending request: GET /api/products HTTP/1.1
12:43:58.551 [main] DEBUG org.apache.http.wire -  >> "GET /api/products HTTP/1.1[\r][\n]"
12:43:58.551 [main] DEBUG org.apache.http.wire -  >> "Accept: */*[\r][\n]"
12:43:58.552 [main] DEBUG org.apache.http.wire -  >> "Host: altashop-api.fly.dev[\r][\n]"
12:43:58.552 [main] DEBUG org.apache.http.wire -  >> "Connection: Keep-Alive[\r][\n]"
12:43:58.552 [main] DEBUG org.apache.http.wire -  >> "User-Agent: Apache-HttpClient/4.5.13 (Java/14.0.2)[\r][\n]"
12:43:58.552 [main] DEBUG org.apache.http.wire -  >> "Accept-Encoding: gzip,deflate[\r][\n]"
12:43:58.552 [main] DEBUG org.apache.http.wire -  >> "[\r][\n]"
12:43:58.552 [main] DEBUG org.apache.http.headers - >> GET /api/products HTTP/1.1
12:43:58.552 [main] DEBUG org.apache.http.headers - >> Accept: */*
12:43:58.552 [main] DEBUG org.apache.http.headers - >> Host: altashop-api.fly.dev
12:43:58.552 [main] DEBUG org.apache.http.headers - >> Connection: Keep-Alive
12:43:58.552 [main] DEBUG org.apache.http.headers - >> User-Agent: Apache-HttpClient/4.5.13 (Java/14.0.2)
12:43:58.552 [main] DEBUG org.apache.http.headers - >> Accept-Encoding: gzip,deflate
12:43:58.847 [main] DEBUG org.apache.http.wire -  << "HTTP/1.1 200 OK[\r][\n]"
12:43:58.847 [main] DEBUG org.apache.http.wire -  << "content-type: application/json[\r][\n]"
12:43:58.847 [main] DEBUG org.apache.http.wire -  << "date: Sat, 06 May 2023 05:52:44 GMT[\r][\n]"
12:43:58.847 [main] DEBUG org.apache.http.wire -  << "transfer-encoding: chunked[\r][\n]"
12:43:58.849 [main] DEBUG org.apache.http.wire -  << "content-encoding: gzip[\r][\n]"
12:43:58.849 [main] DEBUG org.apache.http.wire -  << "server: Fly/3f2597ca (2023-05-03)[\r][\n]"
12:43:58.849 [main] DEBUG org.apache.http.wire -  << "via: 1.1 fly.io[\r][\n]"
12:43:58.849 [main] DEBUG org.apache.http.wire -  << "fly-request-id: 01GZQSX9R34HJM3WQ33G1ZXTC5-sin[\r][\n]"
12:43:58.849 [main] DEBUG org.apache.http.wire -  << "[\r][\n]"
12:43:58.849 [main] DEBUG org.apache.http.impl.conn.DefaultClientConnection - Receiving response: HTTP/1.1 200 OK
12:43:58.849 [main] DEBUG org.apache.http.headers - << HTTP/1.1 200 OK
12:43:58.849 [main] DEBUG org.apache.http.headers - << content-type: application/json
12:43:58.849 [main] DEBUG org.apache.http.headers - << date: Sat, 06 May 2023 05:52:44 GMT
12:43:58.849 [main] DEBUG org.apache.http.headers - << transfer-encoding: chunked
12:43:58.849 [main] DEBUG org.apache.http.headers - << content-encoding: gzip
12:43:58.850 [main] DEBUG org.apache.http.headers - << server: Fly/3f2597ca (2023-05-03)
12:43:58.850 [main] DEBUG org.apache.http.headers - << via: 1.1 fly.io
12:43:58.850 [main] DEBUG org.apache.http.headers - << fly-request-id: 01GZQSX9R34HJM3WQ33G1ZXTC5-sin
12:43:58.850 [main] DEBUG org.apache.http.impl.client.DefaultHttpClient - Connection can be kept alive indefinitely
12:43:58.851 [main] DEBUG io.restassured.internal.RestAssuredHttpBuilder - Parsing response as: application/json
12:43:58.851 [main] DEBUG org.apache.http.wire -  << "331[\r][\n]"
12:43:58.851 [main] DEBUG org.apache.http.wire -  << "[0x1f][0x8b][0x8][0x0][0x0][0x0][0x0][0x0][0x4][0xff][0xaa]VJI,IT[0xb2][0x8a][0xae]V[0xf2]tQ[0xb2]24[0xb2][0xb0]0[0xd7]Q[0xf2]K[0xcc]MU[0xb2]Rr[0xcd][0xcb]/[0xca][0xcd]/-Vp[0xce]/)[0xc9][0xcf]Sp[0xce][0xcf]-(-I-R[0xd2]QrI-N.[0xca],([0xc9][0xcc][0xcf]S[0xb2]R[\n]"
12:43:58.851 [main] DEBUG org.apache.http.wire -  << "-Q[0xc8]KMN-.[0xce],I,[0xc9]L*-V([0xcb],ILU[0xc8],-JUH[0xc9][0xcf][0xc9]/J-V(J-H[0xcd][0xc9]I[0xcd]K)-V([0xce][0xcc][0xcd][0xcc][0xc9],,M[0xd5]S[0xd2]Q[\n]"
12:43:58.851 [main] DEBUG org.apache.http.wire -  << "([0xca]LNU[0xb2][0xb2]4[0xd4]Q[\n]"
12:43:58.851 [main] DEBUG org.apache.http.wire -  << "J,[0xc9][0xcc]K/V[0xb2]2[0xd1]QrN,IM[0xcf]/[0xca]L-V[0xb2][0x8a][0x8e][0xad][0xd5]A[0xb8][0xd0][0x2][0xee][0xc2][0x80][0xa2][0xc4][0xe4][0x92][0xcc][0xe4][0xc4][0x1c][0x5][0xdf][0xc4][0xa2][0xa4][0x9c]T[0x85][0x90][0xc4][0xa4][0x9c]T[0xc][0xf7][0x85][0xa4][0xe6][0x16][0xe4][0x17][0x81][0x1d]V\[0x9a]W[0xa2][0x90]X\[0x90]Z[0x94][0x9]r[0x15][0x92][0xfd][0x16]FH[0xf6][0x1b][0xe3][0xb3][0xdf][0x12]nPiqIf[0xb2][0x82]{Qb^fI[0xaa]BpF~j1[0xa6][0xed][0xf9]%[0x89][0xb9][\n]"
12:43:58.851 [main] DEBUG org.apache.http.wire -  << "[0x85][0xa5] [0xfb]S[0x12]s[0x15][0xca]Rs[0x90][0xac]51#[0xd2]ZK[0x3][0xb8][0xb5][0xc1][0xf9]y[0x95][\n]"
12:43:58.852 [main] DEBUG org.apache.http.wire -  << "[0x1][0xc1][0xa6][0x18]V[0x15][0xe4]$V*d$[0x16]+[0xe4][0xe5]+[0xe4]d[0xe6]f[0x96][0x80]\[0x3][\r]_#KK$[0x9b][0xf0][0x5][0xb0][0xa5][0x11][0xdd]l2[0xa6][0xa6]M[0x86]x"[0xcd][0xd2][0x94]n6[0x99][0xc1]mr-J[0xcf][0xcf][0xcb][0xcf][0xcd]LV[0x8][0xcf][0xcf]OI[0xcd]Sp[0xcf][0xc9]/[0xc3][0x92]B[0x82]3s[0xb2][0x11][0x19][0xc1][0xd8][0xd2][0x18]9M[0x98][0xe2][0xf3][0x15]"[0xb3][0xba][0xe7][0x17][0xa5][0xa7][0x82]2+[0xc8]0\[0x16]A22[0xc2]*3[0xb]Cc[0xa4]Da[0x80][0xcf]*D[0xae]sL-[0xca]O[0xa9][0xcc]K[0x4]y[0xc][0x9a][0xef][0x82]32[0x8b]J0[0x92][0xa3]gQ~[0x1e][0xc2]2[0xb][0x13]S[0xe4],[0x86][0xd7]_[0x88],[0xe6]RZ[0x4][0xca][0xd3][0xf0]<[0xe6][0x94][0x98][0x8e]a[0x8f]s~^rQj[0x9]([0xe3]C[0x13][0xbb][0xb1][0x85][0xa1][0x1][0x92][0xc7][0xf0][0xa4]vK[0x3]D[0xbe][0x82][0x87]a@bAj[0x11][0xee][0xf2][0xe][0x12][0x9b][0x8][0x9f][0x99][Z[0x98][0x10]k[0x1b]U[0xf3][0x16][0x9e][0x8][0xb3]40[0x81][0xa7]C*[0x94][0x17]xb[0xcb][0xd2][0x80][0xaa]y[0xb][0xaf][0x9f][0x10][0x89][0xd0]#5[0xb1][0xac]R[0xc1][0xa5][0xb4][0xa4]R![0xb8]$55G[0xc1]#[0x11]3[0x1][0xa2]G[0x94][0x99][0x81][0xa9]9RD[0xe1][0xb5][\n]"
12:43:58.853 [main] DEBUG org.apache.http.wire -  << "3[0x9]BSEFb&f[0x15][0x8]v[0x3]"E[0x98][0x99][0x1a]"Wg[0xf8],[0x2]%Th[0x85][0xeb]X[0x9e]Z[0x9c][0x9f][0x9b][0xaa][0xe0][0x93][0x9a]X[0x92][0x1]J[0x80]9[0xf9][0xc9][0xa0][0x82][0x1][0xb5][0xb6]E[0xcd]U[0xe6][0x86][0x16]DfaK[0x90][0x93][0xa0]6[0xc1][0xab]v[0xa7][0xa2][0xfc][0xbc][0xaa]T[0xdc]I=[0xa8]4)[0x9]\[0xe3]C3[0x96][0x5][0xd1]%[0x86][0xa5]!"[0xa9]C[0xeb]I[0x9f][0xcc][0xbc][0xd4]<[0x85][0x80][0x9c]DpVE[0xf5][0x15][0xba]E[0xc6][0x86]&[0xa6]DF[0x15][0xa8][0xc][0x83][0xfa][0xcb]75%3?[0xb9][0x8][0xe4]!H[0x91][0xa0][0xe0][0x8c]5[0xc][0xc1].AD[0x97][0x89][0x99]!r[0x91][0x8b]7[0xba][0x90][0xb2]Ue^jQz&[0xb8][0x9][0x0][0x8a][0x14][0x5][0xec][0xa5]`@N"H[0x9][0xc2]6Sc[0xb][0xe4][0xc2][0x9][0xaf]m[0x88][0xac][0x85]\[0xea]B[0xca]q[0x5][0xef][0xbc][0xcc]4P[0xa1][0x87][0x1a][0x92]X[0xec]3%:[0x89] */d[0xfb][0x1c]sJs3[0xf3]Js[0x15] [0xa5]/[0x0][0x0][0x0][0xff][0xff]"
12:43:58.853 [main] DEBUG org.apache.http.wire -  << "[\r][\n]"
12:43:58.854 [main] DEBUG org.apache.http.wire -  << "6C8[\r][\n]"
12:43:58.854 [main] DEBUG org.apache.http.wire -  << "B[0xb5][0xf][0x9a]Z[0x91][0xfc]giL[0xb4][0xff][0x10][0x15][0x18]r[0x86][0xce][0xcc][0xc9]V[0x8]O[0xcc][0xc9]I[0xc5][0xcc][0xd2][0x90][0x4][0x8b][0xb0][0xcc][0xd2][0xcc][0xc0][0x82][0xd8]t[0x82](=0[0x1a][0x8e]8l[0xc3][0xf0][0x9b][0x85][0x99]!rQ[0x8f]7[0xee][0x10]%[0x8]rXBkL[0x1c][0x16]:[0xe7][0x17][0x14] [0xe7]7K3C[0xe4]f[0x1b]>[0xfb][0x8c][0x10][0x15][0x19][0xac] [0x81]&[0x5][0x5][0xe7]D[0xcc][0x12][0xb]= [0x8d][0x8d][\r][0x88]-[0xb2][0x8c][0xc][0xe1]U[0xb][0xcc]&HI[0x8b][0xab][0xdd][0x1]j[0x93] [0xa2][0xcc][0x94][0xf8]R[0xd8][0x8]Q[0x86][0xc0][0x8b],[0xa8]U[0xd8]3[0x1b]D[0x12]a[0x97][0x99][0xb9][0x19]r[0xa3][0x3]o[0xf8]![0x1a][0xa3][0xf0]b$<??[0x7]G[0x11][0x82][0x1e]~[0xa6][0x16]&D[0x87][0x1f][0xa2][0xc][0x81][0xdb][0x4]1[0xe]G[0x17][0x2][0xdd]W[0xc6][0x6][0xa6][0xc4]&z#D[0x9][0x2]-[0x85]!I[0xc][0x87]M[0xd0][0x14][0x83][0x8]@c#[0xa2][0xab]L#D[0xe1]A[0x85][0x16][0x7][0xde][0xa8]B[0x14][0x1b][0x88][0x9c][0xc][0xa9][0x9e]q4[0x3]r[0x10]>[0xb2][0xb4][0x4]U[0xb9][0xf0][0xae]&^{[0x10]%[0x6][0xbc]m[0x8][0xeb][0xec]a[0xaf][0xc6][0xa0][0xb2][0x8][0xdb][0xcc][\r]-[0x89]mr[0x18]![\n]"
12:43:58.855 [main] DEBUG org.apache.http.wire -  << "[0xc][0xcf][0xbc][0x92][0xd4][0x9c][0x9c][0xcc][0xf4][0xd4][0xbc][0x12][0x5]h[0xca][0xc0][0x96][0x87]1l351%[0xb6]"[0x3][0x95][0xd1][0xd0]Z[0x13][0x9e][0xb5][0xc0][0xad][0x18][0x5][0xa7][0xfc][0x92][0x12],[0xbd]hP[0x15][0x87][0xf0][0x97][0xb1][0x85][0x1][0xb1][0x95][0x8a]1[0xa2][0xb8][0xf0][0x4][0xd5][0xca])[0x99][0xa0][0xae]:4[0xa5])8cmO[0xc1]j[0x1c][0x84][0x85]F[0x6]DG[0x9b]1[0xa2][0xd4]@$[0xf]h[0xb2]w[0xce][0xc7][0xd2]N[0x84][0xba][0x5]a[0x99][0xa5][0x99][0x9][0xb1]U[0x98]1[0xa2][0xd8][0x8][0xce]IM[0xcd]V[0x0][0xb7]-[0x14][0xb0][0xda][0x83]Z[0xe][0x1a][0x9b][0x1a][0x11][0x1d][0x84][0x88][0x12][0xc3]'3=[0xa3][0xa4]<[0x15]D[0xc2]F=[0x9c]R[0xf3][0x92]3[0x88][0xa8][0x97][0xcd]A[0x5]7Q[0x9][0xdf][0x18]Qj[0xc0]K(hbS[0xf0]N[0xad]L[0xca]O,J[0xc1][0xb0][0x10]TX"[0x82][0xd0][0xc8][0xc8][0x84][0xd8][0x9a][0xb][0xd4][0xdf][0x85]&E[0xe4][0x9a][0x12][0x14]Z[0xb8]m[0x3]gw[0x84]u[0xe6][0x16][0xc4][0xc7][0x18][0xa2][0xf4]@jt@[0xab]z[0x1c][0xe5]"z[0xf3][0xd4][0xd2][0x8]4PF\X"[\n]"
12:43:58.855 [main] DEBUG org.apache.http.wire -  << "[0x11]$[0xeb]`}V\[0xb9][\r][0xdd]B33P[0xfd]N[0x9c][0x85][0x88]r[0x4]^j[0x81]2/q[0xb5][0xb3][0x85][0x5][0xd1][0xed][0x0]P[0x88]C[0xe3][\r][0xd6]M[0x87][0xe6][0xb2][0x80][0xc4]<[0xf0][0xd8][0x13]jK[0x11][0xbd][0x1a]325#[0xb6][0xb4][0x2][0xd5][0xad]P[0xab][0xe0][0xa5][0x15]$[0x88]p[0xb4][0xba][0xa1][0xd1][0x89]H [0xa6][0x86][0xc6][0xc4][0xb6][0xdc]L[0x10][0xe5][0x87][b^[0x9][0xb8][0xf9][0xe][0x1b][0xc2][0xc1][0xd6][0x2][0xc6](>,,[0x88]nq[0x9b] [0x8a][0xf]h[0xfd][0xc][0xca]F8[0xda][0x1c][0x10][0x1f]#[0xfc]db[0x8][0x1a][0x15]$*Q[0x98] J[0x90]`[0xa4]~[0xb][0xac][0x9c][0xc5][0xda]}F[0xcb]bf[0x6][0x96]D[0x87] [0xa2][0xfc]@[0xae][0xca][0xc0]9[0x1a][0xfb]()([0x81]"<fd@t=[0x6][0x1a]@[0x85][0xa6][0xc]Dd[0x81]LS[0xc0][0x9e][0x8][0xd1]<eabAl[0xb3][0xcd][0x4]Qn [0xd7]c[0x90][0xb1]""Z[0xd8][0x16]F[0xa0][0xb1]&[0xe2]b[0xb]Qf Y[0x5][0xe]>[0xec][0xed][0xe][0x90][0x14]"[0xf8][0xcc]L@[0xd1]M[0x9c]M[0x88][0xc2][0x2][0x9e][0xb1]`%=[0xf6]z[0x5]#[0x17][[0x80]j[0xb][0xa2],3[0xc5][0xec][0xa2][0x80]c[0x8a]p[0xa3][0xcd][0xd8][0xdc][0x94][0xd8][0xda][0xc4][0x14][0xd1][0xdc]@[0xc][0xc0][0xc2][0x8b][lV[0x81][0xdc][0x80][0x8]<K[0x13]c[0xa2][0xad]Bd*x5[0x9]N_8[\n]"
12:43:58.855 [main] DEBUG org.apache.http.wire -  << "%XnCXfjFtB7E[0xe4])hI[0x1][0x8a]t[0xac][0x19][0x17][0xd5]CF[0x96]f[0xc4]6AA[0x8e][0x81]f&[0xa4]t[0x7]K[0xf][0xe1][0x89]%X[0xda][0x19][0x18][0xa5][0x9f][0x99][0x1][0xca]p([0xbe][0x6]6[0xa8]o[0x1][0xb5][0xf]^U[0xc1][0x6]7p53[0xc0][0x8d]TD[0x8][0x9a][0x19][0x99][0x11][0xdb][0x17][0x2]u[0x9a][0xa0][0xb6]![0xf9][0xe][0x12]a[0xd8][0xca]uHe[0x86]d[0x95][0xb1]1[0xd1][0x1][0x89][0xc8]V[0x88]R[0x9][0x16][0xfd][\n]"
12:43:58.856 [main] DEBUG org.apache.http.wire -  << "[0xd8]3[0x16][0x9a][0xc7]LM[0x89][0xce][0xc4]f[0x88]|[0x85]\[0xb8]CC[0x12][0xfb][0x10][0x18][0xa4][[0x81][0xf0][0x9c])[0xea][0x4][0x11][0xbe]X3C[0xe4]0X[0xbd][0xf]K"8J'[0xd0][0x8]-[0xc2]*cC[0xa2][0x7][0xc0]@[0xbd]wh[0x94]A[0x13]="[0x10][0xb1]wS [0x9e]FXfb[0x2][0x1a][0x1f]$[0xaa]x2C[0xe4]0xY[0x8][0xca]J8[0x6][0xda][0xd0]C[0xd0][0xc4][0xd8][0x9c][0xd8][0xe4][0x1]J[0xb2]Po[0xc1]m[0x82][0xa4]6[0x1c][0xc3][0xa3][0xa0][0xac][0x8e][0xf0][0x93][0x85][0x19][0xd1][\r]'sD[0xd2][0x80][0xdb][0x4])[0xc1][0x15][0xb0]ggXI[0x89][0xb0][0xcd][0xd8][0x98][0xe8]!fsD[0xcb][0x9][0xd2][0x19][0x82][0x8e]va[0x1f][0xa9][0xc4][0xb4][0xca][0xd2][0x1c][0xe4]^[0xa2]"[0xcb][0x1c]Q[0xf6]"[0x17][0xf3][0xe0][0x99]j[0xec]cC[0x98][0xd6][0x19][[0x80][\n]"
12:43:58.856 [main] DEBUG org.apache.http.wire -  << " [0xe2][0xac]C[0x1a][0xdc]@j?A[0xb]?\[0xad]xXbE[0x4][0xa6][0x85][0x1][0xf1]Q[0x87]h[0x4]@[0xd3]>81bo?A3 [0xc2]"c[0x13]cb[0xcb]EPn[0x84][0xa6][0xc6][0xe0][0xdc][0xc4][0x9c][0x1c][0xf8]d[0x1b][0xf6]pDO[0xf7][0x96]&[0xa0][0xb9]&[0xa2]B[0x11][0xd4][0xd6][0x82][0xda][0x4][0xf5][0x12]4[0xd5]c[0xb7][0x9][0x92]P[0x91][0xfc]dJt[0xbb][0x1a]4[0x9d][0xf][0xb5][0x9][0xb9][0x5][\n]"
12:43:58.856 [main] DEBUG org.apache.http.wire -  << "[0x8b][0x10][0xec][0xfd]s[0x98],[0xc2]F[0xb]SPaG[0x9c][0xdf][0x10]-y[0xa4]~[0x1e][0xb8]P[0xc7][0xd1][0x14][0xc5][0xf0][0x1e][0xf1][0xa9][0x1f]T[0xc3][0xc2][0xbd][0x97]\[0x94][\n]"
12:43:58.856 [main] DEBUG org.apache.http.wire -  << "[0x1d]S[0x1][0xb7]Eq[0x8c][0xdf][0xa0][0x16]!F[0xe6]f[0xc4][0xe]>X [0x8a]E[0xe4][0xee]9,;[0xe1][0x1a][0xa9][0x7]%VD@[0x1a][0x93][0x90]H[0x10]Y[\r]5[0x91]`o[0xd0][0x83][0xc7][[0x10][0x16][0x99][[0x80][0xc6][0xd1][0x88][0x88]1cc$[0x8f]E8[0xf9]G[0x18]b[0x8c]h L5AY=[0x81]^9[0xc2][0xd6][0xa6][0x98]"uS[0xdd][0x13]s3[0xf3]0[0xe7][0xaa][0xdd][0xf2][0x8b][0x14][0xd2][0xc1]R[\n]"
12:43:58.856 [main] DEBUG org.apache.http.wire -  << "[0x5][0xa5]E[0x5][0xf9][0xc5][0xa9][0xc5]J[0xb5]H[0xcb][,A[0xe3][\n]"
12:43:58.856 [main] DEBUG org.apache.http.wire -  << "[0xd0][0x98]E[0x1e][0xea][0x81][0xe6][0x13][0x1c][0xf5]+[0xca][0x2][0x2][0x13]KP3[0x8e][0x88][0x10]0[0xb2][0xb4]@[0x14]1H-"h[0xdf][0x19]GU[0x4][0xea][0x9f]"[0x2][0xc6][0xc8][0x8][0x94][0xa7][0x89][0xb2][0xc][0xd4]W[0xc5][0xe2]3H.[0xc0]Y[0x1b][0x81][\n]"
12:43:58.857 [main] DEBUG org.apache.http.wire -  << "t[0x84]u[0xe6][0xa6][0xa0][0x16][0x1]q[0xd6]![0xea]"D[0x13][0xc]Z[0x1f]ao[0x80][0xa1][0xa5]$K[0xb][0xa2][0xb3][0x88]%"[0xef][0xc3][0xdb][0xb1]A[0xe0][0xa9]S<[0x3]X[0xe8][0xf3][0x82][0xc6]fF[0xc4][0xe][0x87][0x80]:[0xe2][0xd0][0xa0]D.[0xdd]@Y[0xe][0xeb]d[0xf]4F[0x11][0xe1]hj[0x0][0x9a][0xb5]'.[0x1c][0x11][0xd9][0x1f])[0x8d]@[0xeb][0x1b][0xec][0xb6][0x81][0xe6]y[0x11]v[0x19]Y[0x80][0xda][0xa7][0xc4][0xd9][0x85][0xc8][0xfa][0x90][0x9a][0x8][0x1c]%8[0xda][0xcb][0x98][0xa5][0xb5]1[0xf1][0xc3][0xb6][0xa0]Qyh[0x8]"[0x95][0xd6][0xd0][0xb4][0x88]=[0x97][0xa1]&|[0xb]K[0xa2]'[0x1e]-[0x11][0xb9][0xc][0x91][0x12][0xa1][0xc9][0x3][[0xbf][0x3][0x92]H[0x11][0x1]hl[0x1][0x1a]d[0x86][0x7] [0xbe][0xd5],[0xa0]b[\n]"
12:43:58.857 [main] DEBUG org.apache.http.wire -  << "[0xea]-[0xa4][0xc8][0x82]TB[0xd8][0x13]=[0xac][0x18]GXgn[\n]"
12:43:58.857 [main] DEBUG org.apache.http.wire -  << "[0x1a][0x0][0x83][[0x87]{[0xe9][0x87][0xb1][0x1]h@[0x3]n[0x1d]b[0xca][0x2][0x16]38[0xba][0xc1][0xe8][\r][0x8]3[0xd4][0x19][0x19][0xdc][0xfe]360@dj$[0xff]A[0xa3][\r]{[0x83][0x16]=4M[0xcc][0x88][0xec][0xdf][0x1b][0x1b][0x80][0xda]5X[0xbc][0x7]1[0x11]G[0xaf][0x0][0xda]"D[0x4][0xa7][0x91][0x99][0x11]q[\r]1cp[0x9e][0x84][0xda][0x7]i>[0xc3][0x3][0x12][0xfb][0xc2]F[0xb4]*[0xdd][0x94][0xc8][0x14]il`[0x80][0x94][0xcf][0x90]Z[0xb3][0x90][0xdc][0x86][0xbd][0x81][0x89][0xd4][0xaf][0x2][0x0][0x0][0x0][0xff][0xff]"
12:43:58.857 [main] DEBUG org.apache.http.wire -  << "[\r][\n]"
12:43:58.859 [main] DEBUG org.apache.http.wire -  << "6E7[\r][\n]"
12:43:58.859 [main] DEBUG org.apache.http.wire -  << "[0x2][0xaf][0xd7]42[0x0][\r][0xdb][0xc3]S[0x9][0xde]HCt[0x86]a[0xf3][0xc5][0xe0][0x92][0xca]'1[0xb7][0x0][0xa3][0xce][0x5]w[0xc7][0x11][0xa1]ga[\n]"
12:43:58.859 [main] DEBUG org.apache.http.wire -  << "[0xea][0xb5][0xc3][0xad]A[0xaf]y[0x11]5[0xa7]1x~[0x8][0x16]z[0xe0]f,[0xc4];8[0x16][0xdd]a[0xc4][0x93])[0xb1][0xd5][0xa6][0xb1][0x1][0xd2]J[0x1a][0xb4]x[0xc2][0xde][0x8e]E[0xf7][0x13][0xb1][0xe3][0x8][0xc6][0x6]H[0x8b]h`A[0x7]-8[0xb0][\r]dA[0xb]eD[0xe8][0x19][0x81]W[0xe1][0x10][0x17]z[0x88][0xfe][0x14]R[0x81][0x8][0x89]u[0xdc][0xeb][0x83]0l$[0xba]kjl[0x0]Zs[0x3][0x8b]/[0xca]W[0xb4][0xe2]M[0x19][0x88][0x91][[0x9a][0xce]L[0x1b][0x1b][0x18]"[0x8a][0xfa][0x80]`[0x5][0xcc][0x15][0xba][0xe9][0x89][0xb9][0xa9][\n]"
12:43:58.859 [main] DEBUG org.apache.http.wire -  << "[0xa6][\n]"
12:43:58.860 [main] DEBUG org.apache.http.wire -  << "[0xc5]%[0xe0][0xf1]bhV[0xc2][0xdf][0xb8]DI[0xe2][0x88][0x9c][0x4][0xf1][0x88][0xa1][0x11]F[0x6][0x82]/[0x2]F_[0x1]l[0xc]*[0xad][0x89]J[0xb][0xa0][0xa9]&[0xe4][0x98])03[0xc3][0xb0]&9?)1[0x11]D R[0x1b][0x9][0x16] F[0x90][0x9c][0xf3][0x93][0x12][0x15]RJsJ1l[0xc8][0xcc][0xcb]T[0xc8]H[0xcc][0xab]LT(H-[0x2][0xd9][0x94][0x98][0xa7]P[0x90]_[0xc]Z[0x13][0x4][\r]8SKKP[0x85]G[0x9c][0x9f][0x10]5[0x7]-b[0x6]4[0x95][0xb][\r]2[0x9a][0x18][0x8f][0xc8][0x9d]![0x89][0x98]A[0x5][0x8f]s,[0xb][0xbf][\r][\r]0[0x0]Q[0xb][0xa6][0x8c][\r]@[0xf5][0x16][0xd4]O[0x1e][0x5][\n]"
12:43:58.860 [main] DEBUG org.apache.http.wire -  << "a[0x99]e[0xf9][\n]"
12:43:58.860 [main] DEBUG org.apache.http.wire -  << "[0x91]F[0x98][0x9].7573'3;S[0xa1][0xb8] [0xb5]83-3;[0xb1]8S[0xa1]21/]![0xb1] [0x13][0xb4]~[0x11][0x1a][[0xa0][0xe6][0x2][0xb8][0xc5]@\|![0x92]:[0xfd]|[0x8c][0xb4]T[0x81][0xfe]>FZ[0xb6]0[0x0][0x96]#z0%[0xa9][0xc5][0xa0]m[0x18][\n]"
12:43:58.860 [main] DEBUG org.apache.http.wire -  << "[0x5]E[0xf9])[0xa5][0xc9][0xa0][0xec][0x86]:[0x8d][[0x92][0x91]Y[0xac][0x90]Y[0xac]P[0x92][0x91][\n]"
12:43:58.860 [main] DEBUG org.apache.http.wire -  << "S[0xa3][0x90][0x82][0xb4]![0x4][0xbe][0xa5][0x3][0x9c][0xf2][0x88]Lk[0xa0][0xc9]YhZ[0x3][0x97]lf[0x6][0x6][0x6][0x18]%[0x2][0xbe]dnJtI[0x0][0x9a][0xae][0x82]Z50^E4[0xbe][0x6][0xc6]~[0xba][0xd5][0x86][0xa0][0x11]HhH[0x83]#[0x95][0xe4]=+D[0xd7]X[0xa0]&=[0xd4]&[0xfa][0xe7][0x1d][0xa4]u[0x10][0x3][0x12][0xa1]H[0xa3]N[0x3]c?[0xa2]j[0x1d][0x18][0xfb][0x11]e[0x17]dh[\r][0xa3][0xe0]H[0xc3]2[0xea][0x6]/[0xa6][0x88][0x9d][0xf8]26[0x0]M[0xc8]AS[0x19]l[0xe2][0xb][0xdc][0x91][0xc1][0xbe][0x86]-(53935/%[0xb3]X[0xa1]85E!3[0xaf],5[0xaf]$[0xbf](U!3/93[0x5][0xb4][0x11]-[0xb5]D![0xb1][0xb4]$5[0x17]i?[0x18][0xb1]k[0x4][0x8c][\r]@[0xeb][0xe3][0xa1][0x8e][0x19][0x98]PG[0x14]c[0x3][0x90][0xe5][0x10]e[0x18][0xd5]<O[0xdc][0x8a]?c[0x3][0x13]D[0x1b][0x9f][0x90][0xdd][0x88][0xb6]1[0xa8].$[0xb2]*[0x4][0xad][0x9b][0x1b][0xc8][0x88]EZ[0xa5]A[0xc8]4i[\n]"
12:43:58.860 [main] DEBUG org.apache.http.wire -  << " -[0xe0][0xa0][0x9a][0xfd][0xc4][0xc6]-h[0x8b][0x1a][0x91]aOV[0xdc][0x82][0xe6][0xaf][0x88]4[0x9f]6a[0x8b][0xe8]GP-lAI[0x9b][0xe8][0xf0]E[0xc]&S[0xcd]~[0xa2][0xed]F[0x14]X[0x84][0xec]&/niP&[0x91][0x14][0xb6][0x88]r[0x89][0xb6][0xd5] h)[0x16]4[0x11][0xd3][0xd6]"[0xd0][0xbc][0x1][0xd4]"B1F[0x93][0xdc][0x2][0x9a][0xfb][0xa5][0xb6][0xfd][0xc4][0xa6]V[0xd0]<[0x17][0x91]v[0x93][0x95]ZAs[D[0x9a]O[0x9b][0xb0][0xa5]QIDd%[0x8b][0xb4][0xd6][0x87][0xbc][0xae][0x9][0xd1][0xdd]M[0xd0][0xe2];h@[0xd3][0xda]&D[0x1][0x10][0xe1][0x94]_[0xa1]0[0x18]&[0xb4][0x8d][\r][0xcc][0x11]c}[0x3][0x92][0x89][0x91][0xd6]$Q[0xcd]~b3[0xb1]9[0xa2]gB[0xc8]n[0xb2]21[0xd2]"(B[0xe6][0xd3]$[0x13][0x9b][0xd3][0xa0]:[0x7]UyDfb[0xa4][0x85]K[0x3][0xe2]}[0xd0][0xd2][0x7]h[0xd6][0xa6][0x9a][0xfd][0xc4]&-[0xa4][0x5]N[0x84][0xec]&+i[0x81][0xd6][0xfc]Q[0xdb]o[0xa0][0xa8]%[0xda][0x3][? -V![0x14][0xbc][0xb4][0xc8]YF[0xa0][0xad]Z[0xd0][0xe0][0xa7]m[0x1b][0xb]t[0xee][0xe][0xd4]"[0xaa]y[0x94][0xd8]8F:i[0x86][0x90][0xdd]8[0xd3]0[0xbe][0xe5][0x9]H[0xcb]r[0x8][0x99]O[0x8b]H[0x4][0xef][0x97][0xa1]v[0xd8][0x82][0xf2][0x10]q[0xc5][0xa3]!h[0xf4][0x94][0x16][0xd6][0x13][0x19][0xbd][0x86][0xa0][0x8d]d[0x3]j?[\r][0xc6]%[0x89][0xf6];mk~C[0xa4][0xa5])[0x3][0x91][0xb4][\r]A[0xcb][0xc7]h[0x11][0xb7]D&m[0xa4][0x15][0x18][0x3][0xe2]}[0xa4]u[0x19][0xb4]m[0xd4][0x1b][0x82]v/@[0x3][0x9a][0xd6]6!j\Z[0xdb][0x84]h6[0xd2][0xda]&[0xc4][0x98][0xf][0xad]mB[0x8c][0xfe][0xd0][0xda]&D7[0x8f][0xd6]6![0xe6][0xe0]il[0x13][0xfa][0x8a][0x13][0x92]g[\n]"
12:43:58.861 [main] DEBUG org.apache.http.wire -  << "[0x89][0xed][0x8e][0x1b]"5[0xac]h[0xed]'D[0xf5]Ck[0x9b][0x10][0x95][\r][0xad]m[0xa2][~2B[0xe4][0xa7][0x1])[0xe1][0x91][0x16][0xbf]P[0xcd]~b[0x1b][0xf][0xa0][0x1d][0xc][0xd0]2[0x9f][0x90][0xdd]8[0xdb][0xc5]x[0xd6][0xc3][0x19]"[0x9d][0xfd]A[0xe3][0xf4][0x82][0xb4][0xa0][0x86][0x90]Oh[0xd1][0x2]7DZSCU[0xfb][0x89]l[0xa6] -K[0xa0][0xaa][0xf5][0xc4]&$[0xa4][0x95][0x9]4[0x8e]h[0xa4][0xa9]qZ[0xdb][0x84]([0x82]h[0xb0][0xd2][0xce][0x10]i[0xf6][0x13][0xb1][0xaf][0x10][0xba][0xcc][0x15][0xd7][0x9][0x1a][0x81][0xa5][0xa0][0xe5]P[0x88]Sf[0x13][0x8b][0x8b]KsS[0xf3]R[0x12][0x15]Jsr[0x12][0xc9][0x9a][0xde]7D[0x9a][0x5][0xa5]q[0x80]"[0xcd]y[0x6][0x4][0x9b]`[0xac][0x9d]((6QHJ,[0x2]-:DZ[0xc8]Gd[0x6][0x18][0xe0][0xf9]NCSD[0x9b][0x96]j[0x19][0x90][0xd8][0xcc][0x87][0xb4]a[0x9f][0x90][0xdd]d[0x95][0xe2][0xa0]]^D[0xd6][0x12]4)[A{gia?[0x91]Ik[0x80]'[0xb0][0xc][0x91]f[0x90][0x8]E/M[0x82][0x1f][0xb4][0x8f][0x98][0xda][0xc1]Ol[0xd2]F[0x9a][0xd3]"[0xe4]w[0xb2][0x92]6[0xd2][0xfe]xB[0xe6][0xd3]&l[0x11][0x1d][0x1f][0xaa][0xda]Od[0xd2][0xa6][0xd5][0xb4][\n]"
12:43:58.861 [main] DEBUG org.apache.http.wire -  << "[0xb1][0xd1][0xb]:[0xc7][0x0][0x9a][0xb4]hQ[0xc5][0x9a]#u`[0x91]v[0x1f][0x81]w[0xc9][0xe0][0xd8]U[0xe5][0x9f][0x9b][0x7]]FW[0x8][0xaa]k[0x93][0xf3][0xf3][0x8a]S[0xb]K[0x13]KJ[0x8b][0x14][0x92][0xf3][0x8b]@[0xa7][0xbb][0x83][0xe]=O[0xca],V(J[0x4][0x9d]J[0x8f]|[0xb2]<[0xd1]K[0xea][0xc][0xcd][0x11][0xd1]N[0xb]#MWQ[0xa1]J[0xc7][0xb3][0xe3][0xca][0x10]ib[\n]"
12:43:58.861 [main] DEBUG org.apache.http.wire -  << "[0xb2]A[0x9][0xba]i[0x8][0xfb][0xd6].[0xc7][0xd2][0x12][0x85][0xd4][0xe2][0x12][0x85][0x9c][0xc4][0xa4][0xfc][0xa2][0xd2]\[0x85][0xe2][0xc4][0x82][0xcc][0xd4][0xbc][0x92]TD[0xd0][0x82]W)[0x82]V1[0x92][0xb3]R[0xd1][0x10]i[0xaa]*/17[0x11][0xb2]h[0x1c][0xb4]1[0x0]u]y6[0xf4][0xc4][0x84]<[0xb4][0xbd]Al[0xb2]E[0x9a][0xb2][0xa2]I[0xf4]![0xda][0x12][0xd0]}[0xe9][0xd0]=d[0xb8]v[0xc0][0x7][0x83][0xd6]x[0xe6]%[0x82][0xf][0xff]O$/[0xe4][0x10][0x3]e[0xc8][0xfb]|[0xa1][0xbb][0xb2][0xb0]o[\n]"
12:43:58.861 [main] DEBUG org.apache.http.wire -  << "[0xf4]K,)-VH-Q([0xce][0xcc]+![0xcf]VD[0xb][0x9b][0xaa][0xa5][0x1f][0xd1][0xf1]8[0xc0]][0xa4]][0xf1]H[[0xe1]`[0x91][0x8d]m[0xe3]]X~NiAIbIj[0xb1]B[0x9][0xa2][0x1b][0x90]Z[0xa2][0x90]Z[\n]"
12:43:58.861 [main] DEBUG org.apache.http.wire -  << "[0x8e]}[0x85]R[0xf0]J_[0xf2]b[0x3]Q([\r]Hl[0xd0]c&[0x14]_YF[0x8b][0x9]J[0xd0]$[0x1a]rj[0xc4]3[0x89]h[0x88]4I[0x9][0xdb][0x82][0x9][0xda]w[0x8b][0xe3]t[0x4]G[0xd0][0xdd]"y[0xe0][0x8a][0x9][0xbe][0xcc][0xbb][0xb0]4S![0xaf]4[0xb7][0xb0][0x94][0xcc][0xae] =[0xa6]1[0xf1][0x86][0x0]F[0xc1][0x7]=O[0x0][0xc7]a[0x99][0x9e][0xb9][0x5][0xa9])[0x99]%[\n]"
12:43:58.862 [main] DEBUG org.apache.http.wire -  << "E[0xa9][0xa0][0xda][0x4]v[0x1][0xc][0xb8][0xe2][0x6][0xd5][0xda][0x99][0xe0][0xdc][0x0][0xef]"[0x83]k[0x1d][0xf2][0xea]k[0xa4][=[0x6]&k [\n]"
12:43:58.862 [main] DEBUG org.apache.http.wire -  << "J[0xc4][0xc6]~h[0xe1][0x8c][0xfd][0xd4]-[0xa4][0xab]h[0x8a]R[0xb]JS2[0x13][0xf3]R[0x12]S)j[0xb4] [0x9d]d@[0xb3]@[0xc0][0x9b]:[0x10][0xad]9[0x9a][0xd9][0x8f]o0[0x13]4[0xf2][0xf]m[0xac][0xe][0x84][0xfd][0xe0][0xd6][0xe5][0x80][0xda]O[0x83][0xf5]u[0xc8]e#f[0xd8][0x3][0x0][0x0][0x0][0xff][0xff]"
12:43:58.862 [main] DEBUG org.apache.http.wire -  << "[\r][\n]"
12:43:58.864 [main] DEBUG org.apache.http.wire -  << "BD0[\r][\n]"
12:43:58.865 [main] DEBUG org.apache.http.wire -  << "[0x82][0xdd][0xc5]dl[0x84]t[0x1c][0x3][0xa1][0xb0]'[0xa7][0x1f]h[0x4]:cz [0xc3][0x16]t[0xf8]>[0xd4]~[0x9a][0xae][0xc2]1[0xa2][0xd5]t>q[0x1d]N#[0xd0][0xd1][0xda]P[0x12][0x8a]GZ[0xf4][0xb7][0x8d][0x90][0xa6][0xd3]if?[0x9e]2[0xcc][0x8]i[0x92][0x9d]f[0xf6][0xe3][0xcb]G[0xa0]K%[0x6]4[0xfc][0x11][0xfd][0x8c][0x81][0xf1]?[0xa2]"[0xa5]B[0xcf][0x18]oH#j+[0x1a][0xdb]D[0xb7])m#[0xa4][2[0xa8][0xe0]'<mq#[0xa4]S[0xe]h[[0x1e][0x1a]![0x9a][0x9c]T[0xf0][0x12][0xbe][0x4][0x81]tA[0x6][0xad]mB$[0xf2][0xcc][0xbc][0x94][0xfc][0xdc]L[0xcc][0xbb]{[0x12][0xb3]K[0x15][0x8a]K[0xb3][0x13][0x15][0x10][\n]"
12:43:58.865 [main] DEBUG org.apache.http.wire -  << "[0xa0]c FD[0x9f][0x9c]`[0x84]4s[0x8e]0[0x6]u[0xa8][0x85]:[0xf6] e[0xa5][0xc4][0xdc][0xe2][0xd2][0xbc]t[0x85]`#c[0x85][0xd0][0x9c][0x92][0xa2]D[0x8c]Y$[0xa4][0xea][0xdf][0xcc][0x80][0xb8][0xf3][0x95][0x8d][0x8d][0x90][0xe6][0xc1]i[0x1c]7H[0xf3][0xd4][0xc1][0x4][0xfd][0xe2][0x9e][0x98][0x93]XQ[0x89][0xf0][0x11][0xb1][0xad]%[0xa4][0xc9]hZ{[0x87]^[0xb]B[0x8c][0x90][0xcf]m [0x18]p[0x88] 3$>[0x11] [0x1d][0xd7]@[0xeb]PCdPZ[0xdb][0x84][0x18][0xe1][0xa2][0xb5]M[0x88]L[0x1a][0x80][0xe3]<[0xf][0xd0]9;)[0xa9][0xc5][0xd9]E[0x99][0x5][0xc5][0x99][0xe4][0xe][0xbe][0x1a]!-u[0xa0]m[0xd5][0x80][0xb4][0xa6][0x81][0xc6][0x16]!:V4[0xb6][0x8][0xb1]P[0x8c][0xc6][0x16]![0x8a][0x5][0xd4][0x93]\A[0x97][0x8e][0xe1][0x98]y[0x9]K-[0x2]_[0xeb][0xb]9[0xc4][0x0]it[0x13]q[0x8b][0xae]BJfz^fqqfn~19C[0x9c]Ft[<b[0x84]th[0x2][0x8d]3[0x1e][0xd2][0xbd][0x14][0xb4][0xb6][0x89]n[0x85][0x9][0xd2][0xc9][0x7][0xb0]Z[0x12]R[0x17]*8[0x1a][0x93]vZ[0xf][0xd1]gn[0x80]o[0x11][0x82]v[0x8d]h0[0xa9]c[0x84][0xb4][0xdc]g@z>H[0xcb]|[0x6][0xc6]~D[0xd9]30[0xf6]#[0x8a][0xa4][0x81][0xb1][0x1f][0xad][0xa3]A[0xbb]s[0xa7][0x8c][0x90][0xd6][0x3]![0x97][0xbe][0xe0][0x13]d[0xb0][0x1e][0x85][0x9][0x9a]f@4[0x99][0x8c][0xcc]A-!b[0xce]N3BZ[0x19][0x84]|[0x1f][0x4][0xd8]&[0xa2][0xe][0xd1][0x86][0x1c]<I[0x9c]][0x88][0xd2][0x7]v&[0xe]d"[0x1f][0xfb][0xa1]8[0xd0][0x99][0x3][0x84][0xb7]L[\r][0x89]<[0xf2][0xdf][0xd8][0x8]t[0x12]([0xb4]([0x80][0xcd][0xc4][0xc0]N[0xaf][0xc5]q[0xc2]:t[0xce][0xe]a[0x9b][0x85][0x9][0xe8]0^[0xe2]<[0x86][0x98]wC[0xdc]"[0x7]9[0xba][0x16]GU[0x9]]%[0x88][0xb0][0xcd][0xc4][0x14]4[0x80]H[0x94]mHG[0x1d]@f[0xec][0xc1][0x91][0x85]5Y@[0xe6][0xf2][0x11][0xb6][0x18][0x81][0xd7],[0x12]g[0xb][0xa2]I[0x83]|[0xb8]8[0xc4]D\[0xab][0x1b]Q[0x93][0xa1][0xa9]%h:[0x8a]8[0xdb][0x10]e[0xb][0xfc]z[0x1c]h[0x18]a[0xbd][0xb6][0x6][0x12][0xb8][0x8][0x8f][0x19][0x83][0xab]k[0xe2][0xac]B[0x14]#[0xc8]y[0xb][0xea]1[0xec]I[0x11]rj0[0x92]u[0x16][0xa0][0xc2][0x98]8[0xeb][0x10][0xe3]ep[0x9f][0xe1][0xb5][0xb]rd0[0xc2].3[0xa2][0xcf][0xea]5"a[0xad][0x15]M[0xc6]f[0x7]x-[0x96][0x91][0x19]"[0x1f][0x82][0x1b]R4,[0xa1]A%[0x11][0xb4][0x80][0x19][0x90][0xca]h[0x80][0x8f]J0[0xa2][0xc5]Q[0x9][0xe8]S[0xed][0xf8][0xc6][0xe2]H8.[0x81]&I}[0x80][0x8f]S0[0x1a][0xe0]uF[0xe8][0xb][0xd4]h[0x98][0xd5][0x90]W[0xa8][0xd1][0xf4][0xf0]g#[0xa4]Ua[0xb4].?,[0xd0][0x1a][0x93]4[0xdb][0xc5]fdA[0xb7][0xa1]*[0xa4][0xfb]H[0xc0][0xc1]GC?[0xa1][0x15][0xf4][0xb4][0xb3][0x9]iI[0x11]b[0xdd][0x6][0xb4][0xad][0x88][0xab][0x15][0xe4]X[0x94][0x9c][0x91]Y[0x92][0x9a]\[0x92][0xaf][0x0][[0xd1]R[0xc]Z[0xdf][0x97][0xf]^[0x99][0x9a]ZL[0xd6]R;#[0xa4][0xc5]E[0xe0][0xd0][0xa5]a[0x8e][0x3]5[0xdb][0xa0][0x95][0x1b][0xc2][0xd3][0xd0]ke[0xb0][0xaf][0xb][0xf5][0xcb][0xcc][0xc8][0xcc]QHM[0x4]-[0xe]%k\[0xc7][0x92]n[0xf9][0xc1][0x92]n[0xf9][0x1]i[0xb9][0x9]M[0x7][0xeb][0x8c][0x91]NO[0x80][\r][0xb6]8faN[0xac][0xe0];[0x13][0x99][0xe8]Q[0x16]c[0xa4][0x85][0x1c][0xe0]tH[0xb3][0xbc]g[0x8c]|[0xf5][0x4]M[0xb]~c[0xa4]E[\r]4[0xf6][0x13][0xd2][0xf4]=[0xad]mB[0xc][0xe7][0xd3][0xd8]&[0xea]N*[0xe3]i[0xf5][0x19][0x83]n=[0x82][0x16]L[0xc8][0x9d]Rx[0xd7][0x1e][0xdb][0x15]9~[0xa9][0x85][0xa5][0xa9][\n]"
12:43:58.866 [main] DEBUG org.apache.http.wire -  << "e[0x90]e[0xb7][0xc5][0xa0][0x2]J!3[0x5]Z0#[0xef][0xb7][0x3][0x8d][0x84][0x10][0xd3][0xa3]3F[0x9a]4[0xa5]q[0xc0][0xd2]m[0xf3][0xad]1[0xe8][0xd6] h[0xc0][0xd2][0xda]O[0xf4]*[0xe8][0xc1]7[0xa7][0xd0][0xc7]OH[0xf3]L4[0xe]=[0xa4][0xe9][0x8f][0xc1]sn[0x9f]1[0xd2][0x4][0xc6]`r[0x15]b[0xb8]q0[0xb9][\n]"
12:43:58.866 [main] DEBUG org.apache.http.wire -  << "Q,[0xf]&WY[0xea](A[0xf3][0xca]`[0xb9][0xdf][0xd0][0xd8][0x18]4[0xc6]6[0xf8][0x1c][0x85][0x18]>[0x1c]D![0x85][0x18]d[0xa4]q[0x1][0x84]4[0xb0]Nc[0x9b][0x90]N[0xd4][0xa5][0xb5]Mt[0xab][0x92][0x90][0x6]h=[0x2][0x14]r3K[0xf2]1V?[0x81][0x1b][0xe9]%[0xa9]EI[0x89][0xc8][0x17][0xe2][0x98][0x82]t[0x12][0xd5]:[0x19][0xe0]1Xc[0xa4]1X[0xaa][\r][0x8c][0x12][0xb9]j[0xca][0x98][0x84]AY[0xc4][0xf8]:h[0xd4][0x91][0xb8][0xb5][0xcf][0xc6][0x3]<[0xe8]jL[0xab]AWb[0xbd][0x8f][0xc8]'T[0x8b]ZP[0xe8][0x13][0x1d][0xbd][0x88][0x9e];[0xcd][0xec][0xc7][0xb3][0xf4][0x1b]|g;[0xb4]>[0xa2][0x99][0xfd][0xf8]z?H[0x9b][0xa1][0x7][0xc6]~D#a@[0xec]G[0x1a]s[0x1e][0x18][0xfb][0x11]S[0xa2][0x3]c?b[0x92]t`[0xec]G4}[0x6][0xc6]~D[0xf9]C[0xab][0xda][0x13]i[0x8]{[0xf0][0xb4][0xee],[0x10][0xf9][0x8e][\n]"
12:43:58.866 [main] DEBUG org.apache.http.wire -  << "-!c[0x1d]%g[0xe8][0xf6][0xf9][0xd4]b%+[0xe4]MZ[0xc6]H[0x1b]x[0x7][0x8f][0xf7][0x91][0x6][0xbe][0xa1][0xeb]R[0x15]\s[0x12][0xb1]\[0x98][0xe][0xba][0xf8][0x11][0xbc]?[0x12],[0x7]][\r][0xf][0x1a][0x84][0x85]7[0x9c][0xf0][0xfa][0x1d][0x91][0xba]i[0xb0]z[0xcc][0x18]i[0x80][0xdb][0xad][0xb4](/[0xb3][0xa4][0xb4](U!$[0x1f][0xf3]V[[0x84]lJbQ[0xa6][0x82]WjA"x[0x91]<[0xd4]?[0x86][0xa0];[0xe0][0x1e][0xc2]W][0xd0]m[0xa0][0xdb][0x4][0xe9][0xf4]`*$P<~2A[0x1a][0xe9]F[0x84][0x13]-C[0xd1][0x4]i_![0xad][0xfd][0x86]([0xde][0x10][0xab][0x88] +Op[0xac]"r[0xcc][0xc9]L,VH+MOT(E[0x9e]T[0x2][0x1f][0xe7]LL[0x1a]11@[0x8c][0x91]x[0x16]d[0xe4][0xe7][0xa5]*[0x18][0x1a]*[0x98][0x99]([0xa4]'a[0xef][0x98]d$[0x82][0xe]OQ@[0xbf]/[0x96][0xe8][0xd9][0x3][0x13][0xd0][0x86][0xe]h[0x1b][\n]"
12:43:58.867 [main] DEBUG org.apache.http.wire -  << "f[0xa1][0x11]M-D[0x1a][0xda][0x87]YH[[0x1f]"[0x9d]7L'[0xb][0x11][0x5][0x17][0x8d]S[0xa8]![0xc6]0[0x83]9[0x8d][0x92][0x89]!"][0x6]$[0xe6]$[0xfa][0xe4][0xfb][0xe0][0x99][0xce][0xc2][0x92][0x1a]A[0xe3][0xd9][0xf0][0xc][0x80]g[0x9b][0x9a][0x9]moa6[0x1]-[0xea][0x83]&w[0x1a]T*&H[0x1b][0x7][0x9d][0x8a][0x12][0x93]SsR1[0xef]`[0xf5]MLIU[0xc8]OS[0xc8][0xc8]L[0xcf]P(,M[0xcc][0xc9],[0xa9]T(HM,[0xca])Ft[0x82][0x8d]@&[0xc1][0x3][0xc]_[0x9][0x8c]t(.M|[0x84]h[0xe3][0xd2][0xc4]xD^[0xa1][[0x80]![0x8a]u[0xba]Y[0x89][0xc8][0xa7][0xd4][0xb4][0x12]_>B[0x9a][0x99][0xa3][0xa6][0x95]xS"[0xa2][0x8c][0xa0]q[0xb9][0x87][0xb4][0xb9][0x90]F[0x1d][0xf][0x13][0xa4][0xa9]>Z[0x86]_[0xb5][0x92][0xa7][0x8b][0x92][0x95][0xa1][0x91][0x5]RQ[0xee][0x98][0x9c][0x9c]Z\[0x9c]_[0x94][0x99][\n]"
12:43:58.867 [main] DEBUG org.apache.http.wire -  << "*[0x10]Pw[0x96][0xe4]+[0xa4][0xe6]e$[0xe6]%[0xa7]*$[0x16][0x80][\n]"
12:43:58.867 [main] DEBUG org.apache.http.wire -  << "[\r][0x10]S[0xa9][0x16][0xe9]`[0x7][0x13][0xa4][0xfd][0x90][0xc5][0xa9][0x5][0xa9])[0x98][0x5]ubf%H[0x10][0xda][0x80][0x5][0xef][0xa3] [0xaa][0xa8]A[0xda][0x4]I[0xcb]0A[0xf1][0xc][0xa2]|[0xa0][0xb6]g[0xe8]_[0xc][0x80]6[0x1]@+[0x9f]`p[0xcc]([0xf8]d[0x16][0x97][0x14][0x81][0xc7][0x95]Q[0xa3][0x19]*[0x9d][0x3][0x91]V[0xc8]KOM*[0x5][0xd5]$[0xa4]G[0x19]b[0x88][0xe]j&[0xd4]J[0x5][0xa7][0xc4][0x9c]D[0xcc][0xce][0xe]T[0x11][0xaa][0xc5][\n]"
12:43:58.867 [main] DEBUG org.apache.http.wire -  << "I[0x89]y[0xe9][0xe0][0x9a][0xc]j[0xbf])h[0xeb][\r]qI[0x6]Q&[0xd0]-[0xc9] &[0xf4][0xe8]f%b@[0x80]^V"MqCO[0xb4][0x83][0xf6]L[0xb0]-[0xb9][0x8]-QH-*[0xca]/R(JM.-[0x86][0x9c][T[0x90][0xf][0xda][0xf5]WZ[0xac][0x90][0x9b][0x9f][0x3][0xba]5>1[0x15]tH[0xa0]B&[0xe4][0x0]([0xa4]5c[0xc4]w^[0x90].[0xb3]Ft[0x98]|2[0xf3]R[0xf3][0x14][0x9c][0xf2]KJr07[0xcd][0x83][0x8e]/,H-*.[0xc8]L[0xce]L,[0xc9],[0x86].[0x3]QH[0xc9]L.IT([0xc8]/*[0xca]W[0xc8],(.[0xcd]UHE>[0x85][0x8f][0x4]'![0x9a]/t[0x8b][0x19]D[0x91][0x5][0xd9][0xe][0x2][0x9][0x1][0xf7][0x9c][0xfc]2,[0x5][0xba]ZZfrff[0xb1][0x2][0xf2][0xb9][0x98][0x89]y[0x99][0xb9][0x99][0xf0][0x88])[0x86]-[0x96])IUHI[0xcd]I[0xcd][0xcb],[0xc9]$/~[0xe8]_[0xe4]!m[0xda]t[0xcf]/JO[0xcd]/-V[0x80][0xed][0xb6]H,[0xc2][0xe8][0xac][0xf8][0x83][0xce][0x1e][0x3][0xaf][0xd1],[0xcd][0x5][0xdd][0xaf][\r]M[0x2][0xe0]s[0xc6]2[0xf3][0x8b]![0xe7]1*$[0xe6]d[0x16][0x96]f[0xa6]([0x14]g[0x92][0xd7][0xc9]FZ[0x1e][0x81]H[0xa7][0xb0][0xdd]-[0xce][0xf9][0x89][0xa0][0x92][0x16][0xb5]<v-[0x1][0xf5][0xea]3[0x13]K[0x14] kFs3[0xf3]2s[0x13]a'[0xc3])[0x14][0x97][0x16]'g[0x16][0x90][0xeb][0x1a]D[0x11][0x89][0xbc][0xe3]+<??G!8#[0xb3][0x8][0xab]k@g~B[0x97]P[0x95]d&[0x95][0x16]+[0x14][0xe4]$&[0xa7]&[0x96]([0xa4][0x92][0x19]$[0x88]B[0x93][0xc6]m7P[0xd5][0x1][0xad][0x4][0x15]0[0xe2][0x1f]<[0xd9]J[0xf1][0x98][0x6][0xd2][0xa9][0xe8]dy[0x86][0xc8][0xf9]/[0x13][0xa4][0x13][0xd2][0xc9][0xb2][0x87][0xf8]Q[0x1a][0xa4][0xb3][0xd0][0xe9]U[0x8c]!my[0xa4][0x9b][0x95][0x88][0xc6][\n]"
12:43:58.868 [main] DEBUG org.apache.http.wire -  << "[0xdd][0xac]Dd>[0xba]YI[0xbf][0xac][0x86]h[0x96][0xd0]8}"o[0x81][0x84][0xac][0xc][0xc6][0xbc][0xc0][0x16]_[0xde]6A[0x99][0x15]@[0xef]d[0xc2]:I[0xa6]H[\r][0xc][0xf7][0xc4][0xdc]L[0xf0][0xb4][0x2]jA[0xed][0x96]_[0xa4][0x0]Y[0xdb][0xad]PPZT[0x90]_[0x9c]Z[0x8c][0xda];[0xa2][0xdb]*[0x16][0x13][0xa4][[0xa0]i[0x1d][0xfa]H-[0xe]H[0xe8][0x9b][0xd2][0xa8]d5C[0xb4] h[0xed]'[0xc4][0x90][0x9][0xad]mB[0x94]:P[0x9b][0x6]m[0xda]E[0x14]V8][0x8a][0x18]B[0xc4]W[0x8b]Q5Ga[0x94]g[0x83]6[0xfc]0[0xca]CL[0x97][0xd2]?[0xfc][0x90][0x16]IAc[0x95]V[0xb9][0x17]i[0xb9][0x94]_bq[0xa6][0x82]Kbi[0x9e][0x82]WjQ)[0xe6][0x81][0xee]`[0xf9][0xf2][0xd4][0xbc][0xc4][0xec]l[0x85][0x92][0xd4][0xbc][0xc4]<[0x85][0xdc][0xd2][0xa2][0xdc]TP[0x8b][0x1d]:[0x6]`h[0x89][0xff]X3X[0x12][0xb3]@:[0xe4]69?[0xaf]$?C7[0x19]1[0xdd][0xad][0xa3][0x84]V~'[0x16]gd[0xe6][0xe7]%&[0xe5][0xa4][0xa2][0x96][0xdb]HK[0xad][0xc0]nC[0xb8]]![0xb1]21W!=[0xbf]([0x15]K}[0x0]VK% [0xd2]9a`[0xaa]@[0x19][0xa3]C[0xda]-K[0xeb]8[0xa7][9[0x8a]t[0xf3][0x4][0xad][0xfd][0x84][0x91][0x8f]i[0x95]c[0xe8][0xb6][0xd5][0xd5][0x4]i[0xab]+[0xc1]e[0xe8][0xf4]*[0xd9][0x91][0xf6][0xc4][0xe2]p[0x13][0xa2][0xb9][0x85](7[0xe9][0xd7][0x96]C:[0xec]p[0xba][0x8f]n[0xe9][0x14]iW,[0x8e][0x90][0x18][0x88][0xf8]AZ(4[0x98]\E[0xb7][0xd6]2[0xd2][0x12]#[0xec][0xab][0xb7][0x6]6[0xfb] [0xad]G[0xc2][0xee][0xbc][0x1]I3[0x88]Z[0x16][0xbb][0xa3][0x6]4[0xcc]L[0x91]VVaw[0xde][0x0][0x84][0x99])[0xd2]",[0xda][0xd6][0xbc][0xa6]H[0x8b][0xaf][0xb0]{[0x80]c[0x7][0xd1][0xd8][0xc1][0xee][0xbc][0x1][0x89][0x1d][0x8c][0xfe]%[0x8d]Z+[0xe0]s[0x89][0xa0]C[0xab][0xd8][0xbd]?[0xb0][0xb1][0x83][0xb4][0xf2][0xb][0xbb][0xf3][0x6]"v[0x90]V[0x87]aw[0xd4][0x0][0x87][0x19][0xa2][0xb2][0xc2][0xee][0xbc][0x1][0x9]3z[0x8d][0x2][0x99]"[0xad][0x8a][0xa0]q[0xc9]fH[0xb7]\[0x8a][0xb4][0x94][0x8e][0xd6]~B[0xd4][0xa5]4[0xb6][0x9][0xb4]Z[\r]Z[0xf2][0xd0][0xda]&[0xc4][0x84].[0xad]m[0xa2][*[0xa7][0xdb]9[0xf6][0xa6]H[0xab][0xc2]h[0x1d]z[0x18]c[0x95][0xb4][0xaa][0xf5][0x90]n{[0xa7][0xb5][0x9f][0xe8][0xd5][0x9f]3EZ}Fc?![0xad][0x16][0xa3][0xb5]M[0x88][0x9c][0x8b][0xbd]*[0x1b][0xd8][0x9a][0xd6][0x18][0x91][0xdd][0xb1];o jZ[0xe4][0x15]c4[0x9d][0xd9]15[0xa6][[0xfd]g[0x8c]([0x19]<[0x2][0x14][0x9c][0xf3][0x8b]R[0x15]2[0x15]0[0xb][0x87][0x9c][0xd4][0x82][0x92][0xfc][0x2][0x5][0x8c][0x9d][0xd7][0x96] @[0xdc][0x6]YSc[0xba]U[0x80]H[0xcb][0xb1][0xe8][0xb6][0x15][0xf]6[0xc2]n[0x8a]t[0x3][0x15]|[0x13][0xe][0xc6][0x4]`[0x1a][0xb6][0x99]Q[0xd8]u`F[0xa6][0x6][0x88][0xae][0x13][0x89]f -[0xd7]D[0x9e][0xa0][0xa5]Z0[0x10]5[0xda]9[0x88][0x82][0x0]Q[0xcc][0x11][\n]"
12:43:58.869 [main] DEBUG org.apache.http.wire -  << "[0x2]D[0x89][0x2][0xda]u[0x8d]'M[0xf][0xc6][0x98]FtL[0x8]y[0x93][0x16][0xe7]}[0x9a]"[0x1d][0xbc]CU[0xfb]i[0x1b][0xb](y[0x5]Q[0xe2]R[0xd5][0x7]C-[0xbf] [0xca]h[0x9a][0x5][0x3][0xfa]![0x2][0x83]1?![0xda][0x96]4[0xb][0x6][0x9c][0xeb]j[0x6]O[0xe9][0x89][0xb4]:pD[0x7][0xc3][0x0][0x9c]l0[0x8]3[0x5][0xd2]B[0xce][0x11][0x9d][0x1a][0x6][0xa0][0xae][0x1d][0x8c][0xa9][0x1][0xd1]C[0x1b][0xd1][0xa9][0x1][0xd1]R[0x1f][0xd1][0xc1][0x80]h>[0xc1][0x6].LM1[0xbb][0x91][0xf8]V[0x9d][0x12][0xbd][0xfe][0xda][0xd4][0x14][0xd1]g[0xa5][0xee]64S[0xa4][0xf3][0xdb]<[0xf3]JRsr2[0xd3]S[0xf3]J[0x14][0x82]KRSA[0xcb][0xff][0xf3][0xb1]l[0x19][0xf1]L[0x1]m[0x1b].[0xce]T[0x0][0xdd]U_[0xac][0x0][0xbe][0x9c][0xbd][0xb0]4[0xb1][0x98][0x94]M![0xb1][0xb5]\[0x0][0x0][0x0][0x0][0xff][0xff]"
12:43:58.869 [main] DEBUG org.apache.http.wire -  << "[\r][\n]"
12:43:58.869 [main] DEBUG org.apache.http.wire -  << "A[\r][\n]"
12:43:58.870 [main] DEBUG org.apache.http.wire -  << "[0x3][0x0]\[0x6][0xcb]^A[0xe4][0x0][0x0]"
12:43:58.870 [main] DEBUG org.apache.http.wire -  << "[\r][\n]"
12:43:58.870 [main] DEBUG org.apache.http.wire -  << "0[\r][\n]"
12:43:58.870 [main] DEBUG org.apache.http.wire -  << "[\r][\n]"
12:43:58.870 [main] DEBUG io.restassured.internal.RestAssuredHttpBuilder - Parsed data to instance of: class org.apache.http.conn.EofSensorInputStream
12:43:58.876 [main] DEBUG org.apache.http.impl.conn.BasicClientConnectionManager - Releasing connection org.apache.http.impl.conn.ManagedClientConnectionImpl@3ebc6d8b
12:43:58.876 [main] DEBUG org.apache.http.impl.conn.BasicClientConnectionManager - Connection can be kept alive indefinitely
12:43:58.958 [main] DEBUG net.thucydides.core.steps.StepInterceptor - STEP DONE: I send HTTP GET request
  &amp#27;[32mWhen &amp#27;[0m&amp#27;[32mI send GET HTTP request&amp#27;[0m                         &amp#27;[90m# starter.stepdefinitions.UserSteps.iSendGETHTTPRequest()&amp#27;[0m
12:43:58.968 [main] DEBUG net.thucydides.core.steps.StepInterceptor - STARTING STEP: UserSteps.iReceiveValidHTTPResponseCode404 - I receive valids HTTP response code 404
  &amp#27;[31mThen &amp#27;[0m&amp#27;[31mI receive valid HTTP response code 404&amp#27;[0m          &amp#27;[90m# starter.stepdefinitions.UserSteps.iReceiveValidHTTPResponseCode404()&amp#27;[0m
      &amp#27;[31mjava.lang.AssertionError: 1 expectation failed.
Expected status code <404> but was <200>.

	at java.base/jdk.internal.reflect.NativeConstructorAccessorImpl.newInstance0(Native Method)
	at java.base/jdk.internal.reflect.NativeConstructorAccessorImpl.newInstance(NativeConstructorAccessorImpl.java:62)
	at java.base/jdk.internal.reflect.DelegatingConstructorAccessorImpl.newInstance(DelegatingConstructorAccessorImpl.java:45)
	at java.base/java.lang.reflect.Constructor.newInstanceWithCaller(Constructor.java:500)
	at java.base/java.lang.reflect.Constructor.newInstance(Constructor.java:481)
	at org.codehaus.groovy.reflection.CachedConstructor.invoke(CachedConstructor.java:73)
	at org.codehaus.groovy.reflection.CachedConstructor.doConstructorInvoke(CachedConstructor.java:60)
	at org.codehaus.groovy.runtime.callsite.ConstructorSite$ConstructorSiteNoUnwrap.callConstructor(ConstructorSite.java:86)
	at org.codehaus.groovy.runtime.callsite.CallSiteArray.defaultCallConstructor(CallSiteArray.java:57)
	at org.codehaus.groovy.runtime.callsite.AbstractCallSite.callConstructor(AbstractCallSite.java:263)
	at org.codehaus.groovy.runtime.callsite.AbstractCallSite.callConstructor(AbstractCallSite.java:277)
	at io.restassured.internal.ResponseSpecificationImpl$HamcrestAssertionClosure.validate(ResponseSpecificationImpl.groovy:512)
	at io.restassured.internal.ResponseSpecificationImpl$HamcrestAssertionClosure$validate$1.call(Unknown Source)
	at io.restassured.internal.ResponseSpecificationImpl.validateResponseIfRequired(ResponseSpecificationImpl.groovy:696)
	at io.restassured.internal.ResponseSpecificationImpl.this$2$validateResponseIfRequired(ResponseSpecificationImpl.groovy)
	at java.base/jdk.internal.reflect.NativeMethodAccessorImpl.invoke0(Native Method)
	at java.base/jdk.internal.reflect.NativeMethodAccessorImpl.invoke(NativeMethodAccessorImpl.java:62)
	at java.base/jdk.internal.reflect.DelegatingMethodAccessorImpl.invoke(DelegatingMethodAccessorImpl.java:43)
	at java.base/java.lang.reflect.Method.invoke(Method.java:564)
	at org.codehaus.groovy.runtime.callsite.PlainObjectMetaMethodSite.doInvoke(PlainObjectMetaMethodSite.java:43)
	at org.codehaus.groovy.runtime.callsite.PogoMetaMethodSite$PogoCachedMethodSiteNoUnwrapNoCoerce.invoke(PogoMetaMethodSite.java:198)
	at org.codehaus.groovy.runtime.callsite.PogoMetaMethodSite.callCurrent(PogoMetaMethodSite.java:62)
	at org.codehaus.groovy.runtime.callsite.AbstractCallSite.callCurrent(AbstractCallSite.java:185)
	at io.restassured.internal.ResponseSpecificationImpl.statusCode(ResponseSpecificationImpl.groovy:135)
	at io.restassured.specification.ResponseSpecification$statusCode$0.callCurrent(Unknown Source)
	at io.restassured.internal.ResponseSpecificationImpl.statusCode(ResponseSpecificationImpl.groovy:143)
	at io.restassured.internal.ValidatableResponseOptionsImpl.statusCode(ValidatableResponseOptionsImpl.java:89)
	at MiniprojectApi@1.0-SNAPSHOT/starter.user.NGetAllProduct.lambda$iReceiveValidHTTPResponseCode404$0(NGetAllProduct.java:22)
	at net.serenitybdd.rest.SerenityRest.restAssuredThat(SerenityRest.java:626)
	at MiniprojectApi@1.0-SNAPSHOT/starter.user.NGetAllProduct.iReceiveValidHTTPResponseCode404(NGetAllProduct.java:22)
	at MiniprojectApi@1.0-SNAPSHOT/starter.user.NGetAllProduct$ByteBuddy$T6rU2pu4.iReceiveValidHTTPResponseCode404$accessor$SNdTGYJw(Unknown Source)
	at java.base/jdk.internal.reflect.NativeMethodAccessorImpl.invoke0(Native Method)
	at java.base/jdk.internal.reflect.NativeMethodAccessorImpl.invoke(NativeMethodAccessorImpl.java:62)
	at java.base/jdk.internal.reflect.DelegatingMethodAccessorImpl.invoke(DelegatingMethodAccessorImpl.java:43)
	at java.base/java.lang.reflect.Method.invoke(Method.java:564)
	at net.thucydides.core.steps.StepInterceptor.invokeMethod(StepInterceptor.java:503)
	at net.thucydides.core.steps.StepInterceptor.executeTestStepMethod(StepInterceptor.java:483)
	at net.thucydides.core.steps.StepInterceptor.runTestStep(StepInterceptor.java:457)
	at net.thucydides.core.steps.StepInterceptor.runOrSkipMethod(StepInterceptor.java:209)
	at net.thucydides.core.steps.StepInterceptor.testStepResult(StepInterceptor.java:196)
	at net.thucydides.core.steps.StepInterceptor.intercept(StepInterceptor.java:84)
	at net.thucydides.core.steps.ProxyConfiguration$InterceptorDispatcher.intercept(ProxyConfiguration.java:51)
	at MiniprojectApi@1.0-SNAPSHOT/starter.user.NGetAllProduct$ByteBuddy$T6rU2pu4.iReceiveValidHTTPResponseCode404(Unknown Source)
	at MiniprojectApi@1.0-SNAPSHOT/starter.stepdefinitions.UserSteps.iReceiveValidHTTPResponseCode404(UserSteps.java:40)
	at âœ½.I receive valid HTTP response code 404(file:///C:/Users/Lenovo/IdeaProjects/MiniProject/MiniprojectApi/src/test/resources/api/user.feature:18)
&amp#27;[0m
12:43:59.101 [main] ERROR  - 
  _____   ___   ___   _____     ___     _     ___   _      ___   ___  
 |_   _| | __| / __| |_   _|   | __|   /_\   |_ _| | |    | __| |   \ 
   | |   | _|  \__ \   | |     | _|   / _ \   | |  | |__  | _|  | |) |
   |_|   |___| |___/   |_|     |_|   /_/ \_\ |___| |____| |___| |___/ 

GET - As admin I cannot get all product data
-----------------------------------------------------------------------
12:43:59.105 [main] DEBUG  - RELATED ISSUES: 
12:43:59.221 [main] ERROR  -     Test failed at step: I receive valids HTTP response code 404
12:43:59.222 [main] ERROR  -     1 expectation failed.Expected status code <404> but was <200>.
]]></system-out>
  </testcase>
  <testcase name="GET - As admin I can get one detail product data" classname="User" time="0.911">
    <system-out><![CDATA[
@TC-005
Scenario: GET - As admin I can get one detail product data &amp#27;[90m# src/test/resources/api/user.feature:21&amp#27;[0m
12:43:59.293 [main] INFO io.cucumber.core.plugin.SerenityReporter - Running feature from file:///C:/Users/Lenovo/IdeaProjects/MiniProject/MiniprojectApi/src/test/resources/api/user.feature
12:43:59.293 [main] WARN io.cucumber.core.plugin.SerenityReporter - Feature from file:///C:/Users/Lenovo/IdeaProjects/MiniProject/MiniprojectApi/src/test/resources/api/user.feature is not under the 'features' directory. Requirements report will not be correctly generated!
12:43:59.302 [main] INFO  - 
  _____   ___   ___   _____     ___   _____     _     ___   _____   ___   ___  
 |_   _| | __| / __| |_   _|   / __| |_   _|   /_\   | _ \ |_   _| | __| |   \ 
   | |   | _|  \__ \   | |     \__ \   | |    / _ \  |   /   | |   | _|  | |) |
   |_|   |___| |___/   |_|     |___/   |_|   /_/ \_\ |_|_\   |_|   |___| |___/ 

GET - As admin I can get one detail product data(user;get---as-admin-i-can-get-one-detail-product-data)
--------------------------------------------------------------------------------
12:43:59.436 [main] DEBUG net.thucydides.core.steps.StepInterceptor - STARTING STEP: UserSteps.iSetGETApiEndpointsById - I set the GET api endpoints by Id
12:43:59.436 [main] DEBUG net.thucydides.core.steps.StepInterceptor - STEP DONE: I set the GET api endpoints by Id
  &amp#27;[32mGiven &amp#27;[0m&amp#27;[32mI set GET api endpoints by Id&amp#27;[0m                      &amp#27;[90m# starter.stepdefinitions.UserSteps.iSetGETApiEndpointsById()&amp#27;[0m
12:43:59.441 [main] DEBUG net.thucydides.core.steps.StepInterceptor - STARTING STEP: UserSteps.iSendGETHTTPRequest - I send HTTP GET request
12:43:59.444 [main] DEBUG net.thucydides.core.steps.StepInterceptor - STARTING STEP: GetAllProduct.iSendGETHTTPRequest - I set the GET api endpoints
12:43:59.444 [main] DEBUG net.thucydides.core.steps.StepInterceptor - STEP DONE: I set the GET api endpoints
12:43:59.463 [main] DEBUG org.apache.http.impl.conn.BasicClientConnectionManager - Get connection for route {s}->https://altashop-api.fly.dev:443
12:43:59.463 [main] DEBUG org.apache.http.impl.conn.DefaultClientConnectionOperator - Connecting to altashop-api.fly.dev:443
12:43:59.679 [main] DEBUG org.apache.http.client.protocol.RequestAddCookies - CookieSpec selected: ignoreCookies
12:43:59.679 [main] DEBUG org.apache.http.client.protocol.RequestAuthCache - Auth cache not set in the context
12:43:59.679 [main] DEBUG org.apache.http.client.protocol.RequestTargetAuthentication - Target auth state: UNCHALLENGED
12:43:59.679 [main] DEBUG org.apache.http.client.protocol.RequestProxyAuthentication - Proxy auth state: UNCHALLENGED
12:43:59.679 [main] DEBUG org.apache.http.impl.client.DefaultHttpClient - Attempt 1 to execute request
12:43:59.679 [main] DEBUG org.apache.http.impl.conn.DefaultClientConnection - Sending request: GET /api/products HTTP/1.1
12:43:59.679 [main] DEBUG org.apache.http.wire -  >> "GET /api/products HTTP/1.1[\r][\n]"
12:43:59.679 [main] DEBUG org.apache.http.wire -  >> "Accept: */*[\r][\n]"
12:43:59.679 [main] DEBUG org.apache.http.wire -  >> "Host: altashop-api.fly.dev[\r][\n]"
12:43:59.680 [main] DEBUG org.apache.http.wire -  >> "Connection: Keep-Alive[\r][\n]"
12:43:59.680 [main] DEBUG org.apache.http.wire -  >> "User-Agent: Apache-HttpClient/4.5.13 (Java/14.0.2)[\r][\n]"
12:43:59.680 [main] DEBUG org.apache.http.wire -  >> "Accept-Encoding: gzip,deflate[\r][\n]"
12:43:59.680 [main] DEBUG org.apache.http.wire -  >> "[\r][\n]"
12:43:59.680 [main] DEBUG org.apache.http.headers - >> GET /api/products HTTP/1.1
12:43:59.680 [main] DEBUG org.apache.http.headers - >> Accept: */*
12:43:59.680 [main] DEBUG org.apache.http.headers - >> Host: altashop-api.fly.dev
12:43:59.680 [main] DEBUG org.apache.http.headers - >> Connection: Keep-Alive
12:43:59.680 [main] DEBUG org.apache.http.headers - >> User-Agent: Apache-HttpClient/4.5.13 (Java/14.0.2)
12:43:59.680 [main] DEBUG org.apache.http.headers - >> Accept-Encoding: gzip,deflate
12:44:00.058 [main] DEBUG org.apache.http.wire -  << "HTTP/1.1 200 OK[\r][\n]"
12:44:00.058 [main] DEBUG org.apache.http.wire -  << "content-type: application/json[\r][\n]"
12:44:00.058 [main] DEBUG org.apache.http.wire -  << "date: Sat, 06 May 2023 05:52:46 GMT[\r][\n]"
12:44:00.058 [main] DEBUG org.apache.http.wire -  << "transfer-encoding: chunked[\r][\n]"
12:44:00.058 [main] DEBUG org.apache.http.wire -  << "content-encoding: gzip[\r][\n]"
12:44:00.058 [main] DEBUG org.apache.http.wire -  << "server: Fly/3f2597ca (2023-05-03)[\r][\n]"
12:44:00.058 [main] DEBUG org.apache.http.wire -  << "via: 1.1 fly.io[\r][\n]"
12:44:00.058 [main] DEBUG org.apache.http.wire -  << "fly-request-id: 01GZQSXAVAHSDZ7SG4CXX2Y75J-sin[\r][\n]"
12:44:00.058 [main] DEBUG org.apache.http.wire -  << "[\r][\n]"
12:44:00.058 [main] DEBUG org.apache.http.impl.conn.DefaultClientConnection - Receiving response: HTTP/1.1 200 OK
12:44:00.059 [main] DEBUG org.apache.http.headers - << HTTP/1.1 200 OK
12:44:00.059 [main] DEBUG org.apache.http.headers - << content-type: application/json
12:44:00.059 [main] DEBUG org.apache.http.headers - << date: Sat, 06 May 2023 05:52:46 GMT
12:44:00.059 [main] DEBUG org.apache.http.headers - << transfer-encoding: chunked
12:44:00.059 [main] DEBUG org.apache.http.headers - << content-encoding: gzip
12:44:00.059 [main] DEBUG org.apache.http.headers - << server: Fly/3f2597ca (2023-05-03)
12:44:00.059 [main] DEBUG org.apache.http.headers - << via: 1.1 fly.io
12:44:00.059 [main] DEBUG org.apache.http.headers - << fly-request-id: 01GZQSXAVAHSDZ7SG4CXX2Y75J-sin
12:44:00.059 [main] DEBUG org.apache.http.impl.client.DefaultHttpClient - Connection can be kept alive indefinitely
12:44:00.060 [main] DEBUG io.restassured.internal.RestAssuredHttpBuilder - Parsing response as: application/json
12:44:00.060 [main] DEBUG org.apache.http.wire -  << "331[\r][\n]"
12:44:00.061 [main] DEBUG org.apache.http.wire -  << "[0x1f][0x8b][0x8][0x0][0x0][0x0][0x0][0x0][0x4][0xff][0xaa]VJI,IT[0xb2][0x8a][0xae]V[0xf2]tQ[0xb2]24[0xb2][0xb0]0[0xd7]Q[0xf2]K[0xcc]MU[0xb2]Rr[0xcd][0xcb]/[0xca][0xcd]/-Vp[0xce]/)[0xc9][0xcf]Sp[0xce][0xcf]-(-I-R[0xd2]QrI-N.[0xca],([0xc9][0xcc][0xcf]S[0xb2]R[\n]"
12:44:00.061 [main] DEBUG org.apache.http.wire -  << "-Q[0xc8]KMN-.[0xce],I,[0xc9]L*-V([0xcb],ILU[0xc8],-JUH[0xc9][0xcf][0xc9]/J-V(J-H[0xcd][0xc9]I[0xcd]K)-V([0xce][0xcc][0xcd][0xcc][0xc9],,M[0xd5]S[0xd2]Q[\n]"
12:44:00.061 [main] DEBUG org.apache.http.wire -  << "([0xca]LNU[0xb2][0xb2]4[0xd4]Q[\n]"
12:44:00.061 [main] DEBUG org.apache.http.wire -  << "J,[0xc9][0xcc]K/V[0xb2]2[0xd1]QrN,IM[0xcf]/[0xca]L-V[0xb2][0x8a][0x8e][0xad][0xd5]A[0xb8][0xd0][0x2][0xee][0xc2][0x80][0xa2][0xc4][0xe4][0x92][0xcc][0xe4][0xc4][0x1c][0x5][0xdf][0xc4][0xa2][0xa4][0x9c]T[0x85][0x90][0xc4][0xa4][0x9c]T[0xc][0xf7][0x85][0xa4][0xe6][0x16][0xe4][0x17][0x81][0x1d]V\[0x9a]W[0xa2][0x90]X\[0x90]Z[0x94][0x9]r[0x15][0x92][0xfd][0x16]FH[0xf6][0x1b][0xe3][0xb3][0xdf][0x12]nPiqIf[0xb2][0x82]{Qb^fI[0xaa]BpF~j1[0xa6][0xed][0xf9]%[0x89][0xb9][\n]"
12:44:00.061 [main] DEBUG org.apache.http.wire -  << "[0x85][0xa5] [0xfb]S[0x12]s[0x15][0xca]Rs[0x90][0xac]51#[0xd2]ZK[0x3][0xb8][0xb5][0xc1][0xf9]y[0x95][\n]"
12:44:00.061 [main] DEBUG org.apache.http.wire -  << "[0x1][0xc1][0xa6][0x18]V[0x15][0xe4]$V*d$[0x16]+[0xe4][0xe5]+[0xe4]d[0xe6]f[0x96][0x80]\[0x3][\r]_#KK$[0x9b][0xf0][0x5][0xb0][0xa5][0x11][0xdd]l2[0xa6][0xa6]M[0x86]x"[0xcd][0xd2][0x94]n6[0x99][0xc1]mr-J[0xcf][0xcf][0xcb][0xcf][0xcd]LV[0x8][0xcf][0xcf]OI[0xcd]Sp[0xcf][0xc9]/[0xc3][0x92]B[0x82]3s[0xb2][0x11][0x19][0xc1][0xd8][0xd2][0x18]9M[0x98][0xe2][0xf3][0x15]"[0xb3][0xba][0xe7][0x17][0xa5][0xa7][0x82]2+[0xc8]0\[0x16]A22[0xc2]*3[0xb]Cc[0xa4]Da[0x80][0xcf]*D[0xae]sL-[0xca]O[0xa9][0xcc]K[0x4]y[0xc][0x9a][0xef][0x82]32[0x8b]J0[0x92][0xa3]gQ~[0x1e][0xc2]2[0xb][0x13]S[0xe4],[0x86][0xd7]_[0x88],[0xe6]RZ[0x4][0xca][0xd3][0xf0]<[0xe6][0x94][0x98][0x8e]a[0x8f]s~^rQj[0x9]([0xe3]C[0x13][0xbb][0xb1][0x85][0xa1][0x1][0x92][0xc7][0xf0][0xa4]vK[0x3]D[0xbe][0x82][0x87]a@bAj[0x11][0xee][0xf2][0xe][0x12][0x9b][0x8][0x9f][0x99][Z[0x98][0x10]k[0x1b]U[0xf3][0x16][0x9e][0x8][0xb3]40[0x81][0xa7]C*[0x94][0x17]xb[0xcb][0xd2][0x80][0xaa]y[0xb][0xaf][0x9f][0x10][0x89][0xd0]#5[0xb1][0xac]R[0xc1][0xa5][0xb4][0xa4]R![0xb8]$55G[0xc1]#[0x11]3[0x1][0xa2]G[0x94][0x99][0x81][0xa9]9RD[0xe1][0xb5][\n]"
12:44:00.061 [main] DEBUG org.apache.http.wire -  << "3[0x9]BSEFb&f[0x15][0x8]v[0x3]"E[0x98][0x99][0x1a]"Wg[0xf8],[0x2]%Th[0x85][0xeb]X[0x9e]Z[0x9c][0x9f][0x9b][0xaa][0xe0][0x93][0x9a]X[0x92][0x1]J[0x80]9[0xf9][0xc9][0xa0][0x82][0x1][0xb5][0xb6]E[0xcd]U[0xe6][0x86][0x16]DfaK[0x90][0x93][0xa0]6[0xc1][0xab]v[0xa7][0xa2][0xfc][0xbc][0xaa]T[0xdc]I=[0xa8]4)[0x9]\[0xe3]C3[0x96][0x5][0xd1]%[0x86][0xa5]!"[0xa9]C[0xeb]I[0x9f][0xcc][0xbc][0xd4]<[0x85][0x80][0x9c]DpVE[0xf5][0x15][0xba]E[0xc6][0x86]&[0xa6]DF[0x15][0xa8][0xc][0x83][0xfa][0xcb]75%3?[0xb9][0x8][0xe4]!H[0x91][0xa0][0xe0][0x8c]5[0xc][0xc1].AD[0x97][0x89][0x99]!r[0x91][0x8b]7[0xba][0x90][0xb2]Ue^jQz&[0xb8][0x9][0x0][0x8a][0x14][0x5][0xec][0xa5]`@N"H[0x9][0xc2]6Sc[0xb][0xe4][0xc2][0x9][0xaf]m[0x88][0xac][0x85]\[0xea]B[0xca]q[0x5][0xef][0xbc][0xcc]4P[0xa1][0x87][0x1a][0x92]X[0xec]3%:[0x89] */d[0xfb][0x1c]sJs3[0xf3]Js[0x15] [0xa5]/[0x0][0x0][0x0][0xff][0xff]"
12:44:00.061 [main] DEBUG org.apache.http.wire -  << "[\r][\n]"
12:44:00.062 [main] DEBUG org.apache.http.wire -  << "6C8[\r][\n]"
12:44:00.062 [main] DEBUG org.apache.http.wire -  << "B[0xb5][0xf][0x9a]Z[0x91][0xfc]giL[0xb4][0xff][0x10][0x15][0x18]r[0x86][0xce][0xcc][0xc9]V[0x8]O[0xcc][0xc9]I[0xc5][0xcc][0xd2][0x90][0x4][0x8b][0xb0][0xcc][0xd2][0xcc][0xc0][0x82][0xd8]t[0x82](=0[0x1a][0x8e]8l[0xc3][0xf0][0x9b][0x85][0x99]!rQ[0x8f]7[0xee][0x10]%[0x8]rXBkL[0x1c][0x16]:[0xe7][0x17][0x14] [0xe7]7K3C[0xe4]f[0x1b]>[0xfb][0x8c][0x10][0x15][0x19][0xac] [0x81]&[0x5][0x5][0xe7]D[0xcc][0x12][0xb]= [0x8d][0x8d][\r][0x88]-[0xb2][0x8c][0xc][0xe1]U[0xb][0xcc]&HI[0x8b][0xab][0xdd][0x1]j[0x93] [0xa2][0xcc][0x94][0xf8]R[0xd8][0x8]Q[0x86][0xc0][0x8b],[0xa8]U[0xd8]3[0x1b]D[0x12]a[0x97][0x99][0xb9][0x19]r[0xa3][0x3]o[0xf8]![0x1a][0xa3][0xf0]b$<??[0x7]G[0x11][0x82][0x1e]~[0xa6][0x16]&D[0x87][0x1f][0xa2][0xc][0x81][0xdb][0x4]1[0xe]G[0x17][0x2][0xdd]W[0xc6][0x6][0xa6][0xc4]&z#D[0x9][0x2]-[0x85]!I[0xc][0x87]M[0xd0][0x14][0x83][0x8]@c#[0xa2][0xab]L#D[0xe1]A[0x85][0x16][0x7][0xde][0xa8]B[0x14][0x1b][0x88][0x9c][0xc][0xa9][0x9e]q4[0x3]r[0x10]>[0xb2][0xb4][0x4]U[0xb9][0xf0][0xae]&^{[0x10]%[0x6][0xbc]m[0x8][0xeb][0xec]a[0xaf][0xc6][0xa0][0xb2][0x8][0xdb][0xcc][\r]-[0x89]mr[0x18]![\n]"
12:44:00.063 [main] DEBUG org.apache.http.wire -  << "[0xc][0xcf][0xbc][0x92][0xd4][0x9c][0x9c][0xcc][0xf4][0xd4][0xbc][0x12][0x5]h[0xca][0xc0][0x96][0x87]1l351%[0xb6]"[0x3][0x95][0xd1][0xd0]Z[0x13][0x9e][0xb5][0xc0][0xad][0x18][0x5][0xa7][0xfc][0x92][0x12],[0xbd]hP[0x15][0x87][0xf0][0x97][0xb1][0x85][0x1][0xb1][0x95][0x8a]1[0xa2][0xb8][0xf0][0x4][0xd5][0xca])[0x99][0xa0][0xae]:4[0xa5])8cmO[0xc1]j[0x1c][0x84][0x85]F[0x6]DG[0x9b]1[0xa2][0xd4]@$[0xf]h[0xb2]w[0xce][0xc7][0xd2]N[0x84][0xba][0x5]a[0x99][0xa5][0x99][0x9][0xb1]U[0x98]1[0xa2][0xd8][0x8][0xce]IM[0xcd]V[0x0][0xb7]-[0x14][0xb0][0xda][0x83]Z[0xe][0x1a][0x9b][0x1a][0x11][0x1d][0x84][0x88][0x12][0xc3]'3=[0xa3][0xa4]<[0x15]D[0xc2]F=[0x9c]R[0xf3][0x92]3[0x88][0xa8][0x97][0xcd]A[0x5]7Q[0x9][0xdf][0x18]Qj[0xc0]K(hbS[0xf0]N[0xad]L[0xca]O,J[0xc1][0xb0][0x10]TX"[0x82][0xd0][0xc8][0xc8][0x84][0xd8][0x9a][0xb][0xd4][0xdf][0x85]&E[0xe4][0x9a][0x12][0x14]Z[0xb8]m[0x3]gw[0x84]u[0xe6][0x16][0xc4][0xc7][0x18][0xa2][0xf4]@jt@[0xab]z[0x1c][0xe5]"z[0xf3][0xd4][0xd2][0x8]4PF\X"[\n]"
12:44:00.065 [main] DEBUG org.apache.http.wire -  << "[0x11]$[0xeb]`}V\[0xb9][\r][0xdd]B33P[0xfd]N[0x9c][0x85][0x88]r[0x4]^j[0x81]2/q[0xb5][0xb3][0x85][0x5][0xd1][0xed][0x0]P[0x88]C[0xe3][\r][0xd6]M[0x87][0xe6][0xb2][0x80][0xc4]<[0xf0][0xd8][0x13]jK[0x11][0xbd][0x1a]325#[0xb6][0xb4][0x2][0xd5][0xad]P[0xab][0xe0][0xa5][0x15]$[0x88]p[0xb4][0xba][0xa1][0xd1][0x89]H [0xa6][0x86][0xc6][0xc4][0xb6][0xdc]L[0x10][0xe5][0x87][b^[0x9][0xb8][0xf9][0xe][0x1b][0xc2][0xc1][0xd6][0x2][0xc6](>,,[0x88]nq[0x9b] [0x8a][0xf]h[0xfd][0xc][0xca]F8[0xda][0x1c][0x10][0x1f]#[0xfc]db[0x8][0x1a][0x15]$*Q[0x98] J[0x90]`[0xa4]~[0xb][0xac][0x9c][0xc5][0xda]}F[0xcb]bf[0x6][0x96]D[0x87] [0xa2][0xfc]@[0xae][0xca][0xc0]9[0x1a][0xfb]()([0x81]"<fd@t=[0x6][0x1a]@[0x85][0xa6][0xc]Dd[0x81]LS[0xc0][0x9e][0x8][0xd1]<eabAl[0xb3][0xcd][0x4]Qn [0xd7]c[0x90][0xb1]""Z[0xd8][0x16]F[0xa0][0xb1]&[0xe2]b[0xb]Qf Y[0x5][0xe]>[0xec][0xed][0xe][0x90][0x14]"[0xf8][0xcc]L@[0xd1]M[0x9c]M[0x88][0xc2][0x2][0x9e][0xb1]`%=[0xf6]z[0x5]#[0x17][[0x80]j[0xb][0xa2],3[0xc5][0xec][0xa2][0x80]c[0x8a]p[0xa3][0xcd][0xd8][0xdc][0x94][0xd8][0xda][0xc4][0x14][0xd1][0xdc]@[0xc][0xc0][0xc2][0x8b][lV[0x81][0xdc][0x80][0x8]<K[0x13]c[0xa2][0xad]Bd*x5[0x9]N_8[\n]"
12:44:00.066 [main] DEBUG org.apache.http.wire -  << "%XnCXfjFtB7E[0xe4])hI[0x1][0x8a]t[0xac][0x19][0x17][0xd5]CF[0x96]f[0xc4]6AA[0x8e][0x81]f&[0xa4]t[0x7]K[0xf][0xe1][0x89]%X[0xda][0x19][0x18][0xa5][0x9f][0x99][0x1][0xca]p([0xbe][0x6]6[0xa8]o[0x1][0xb5][0xf]^U[0xc1][0x6]7p53[0xc0][0x8d]TD[0x8][0x9a][0x19][0x99][0x11][0xdb][0x17][0x2]u[0x9a][0xa0][0xb6]![0xf9][0xe][0x12]a[0xd8][0xca]uHe[0x86]d[0x95][0xb1]1[0xd1][0x1][0x89][0xc8]V[0x88]R[0x9][0x16][0xfd][\n]"
12:44:00.066 [main] DEBUG org.apache.http.wire -  << "[0xd8]3[0x16][0x9a][0xc7]LM[0x89][0xce][0xc4]f[0x88]|[0x85]\[0xb8]CC[0x12][0xfb][0x10][0x18][0xa4][[0x81][0xf0][0x9c])[0xea][0x4][0x11][0xbe]X3C[0xe4]0X[0xbd][0xf]K"8J'[0xd0][0x8]-[0xc2]*cC[0xa2][0x7][0xc0]@[0xbd]wh[0x94]A[0x13]="[0x10][0xb1]wS [0x9e]FXfb[0x2][0x1a][0x1f]$[0xaa]x2C[0xe4]0xY[0x8][0xca]J8[0x6][0xda][0xd0]C[0xd0][0xc4][0xd8][0x9c][0xd8][0xe4][0x1]J[0xb2]Po[0xc1]m[0x82][0xa4]6[0x1c][0xc3][0xa3][0xa0][0xac][0x8e][0xf0][0x93][0x85][0x19][0xd1][\r]'sD[0xd2][0x80][0xdb][0x4])[0xc1][0x15][0xb0]ggXI[0x89][0xb0][0xcd][0xd8][0x98][0xe8]!fsD[0xcb][0x9][0xd2][0x19][0x82][0x8e]va[0x1f][0xa9][0xc4][0xb4][0xca][0xd2][0x1c][0xe4]^[0xa2]"[0xcb][0x1c]Q[0xf6]"[0x17][0xf3][0xe0][0x99]j[0xec]cC[0x98][0xd6][0x19][[0x80][\n]"
12:44:00.066 [main] DEBUG org.apache.http.wire -  << " [0xe2][0xac]C[0x1a][0xdc]@j?A[0xb]?\[0xad]xXbE[0x4][0xa6][0x85][0x1][0xf1]Q[0x87]h[0x4]@[0xd3]>81bo?A3 [0xc2]"c[0x13]cb[0xcb]EPn[0x84][0xa6][0xc6][0xe0][0xdc][0xc4][0x9c][0x1c][0xf8]d[0x1b][0xf6]pDO[0xf7][0x96]&[0xa0][0xb9]&[0xa2]B[0x11][0xd4][0xd6][0x82][0xda][0x4][0xf5][0x12]4[0xd5]c[0xb7][0x9][0x92]P[0x91][0xfc]dJt[0xbb][0x1a]4[0x9d][0xf][0xb5][0x9][0xb9][0x5][\n]"
12:44:00.066 [main] DEBUG org.apache.http.wire -  << "[0x8b][0x10][0xec][0xfd]s[0x98],[0xc2]F[0xb]SPaG[0x9c][0xdf][0x10]-y[0xa4]~[0x1e][0xb8]P[0xc7][0xd1][0x14][0xc5][0xf0][0x1e][0xf1][0xa9][0x1f]T[0xc3][0xc2][0xbd][0x97]\[0x94][\n]"
12:44:00.066 [main] DEBUG org.apache.http.wire -  << "[0x1d]S[0x1][0xb7]Eq[0x8c][0xdf][0xa0][0x16]!F[0xe6]f[0xc4][0xe]>X [0x8a]E[0xe4][0xee]9,;[0xe1][0x1a][0xa9][0x7]%VD@[0x1a][0x93][0x90]H[0x10]Y[\r]5[0x91]`o[0xd0][0x83][0xc7][[0x10][0x16][0x99][[0x80][0xc6][0xd1][0x88][0x88]1cc$[0x8f]E8[0xf9]G[0x18]b[0x8c]h L5AY=[0x81]^9[0xc2][0xd6][0xa6][0x98]"uS[0xdd][0x13]s3[0xf3]0[0xe7][0xaa][0xdd][0xf2][0x8b][0x14][0xd2][0xc1]R[\n]"
12:44:00.067 [main] DEBUG org.apache.http.wire -  << "[0x5][0xa5]E[0x5][0xf9][0xc5][0xa9][0xc5]J[0xb5]H[0xcb][,A[0xe3][\n]"
12:44:00.067 [main] DEBUG org.apache.http.wire -  << "[0xd0][0x98]E[0x1e][0xea][0x81][0xe6][0x13][0x1c][0xf5]+[0xca][0x2][0x2][0x13]KP3[0x8e][0x88][0x10]0[0xb2][0xb4]@[0x14]1H-"h[0xdf][0x19]GU[0x4][0xea][0x9f]"[0x2][0xc6][0xc8][0x8][0x94][0xa7][0x89][0xb2][0xc][0xd4]W[0xc5][0xe2]3H.[0xc0]Y[0x1b][0x81][\n]"
12:44:00.067 [main] DEBUG org.apache.http.wire -  << "t[0x84]u[0xe6][0xa6][0xa0][0x16][0x1]q[0xd6]![0xea]"D[0x13][0xc]Z[0x1f]ao[0x80][0xa1][0xa5]$K[0xb][0xa2][0xb3][0x88]%"[0xef][0xc3][0xdb][0xb1]A[0xe0][0xa9]S<[0x3]X[0xe8][0xf3][0x82][0xc6]fF[0xc4][0xe][0x87][0x80]:[0xe2][0xd0][0xa0]D.[0xdd]@Y[0xe][0xeb]d[0xf]4F[0x11][0xe1]hj[0x0][0x9a][0xb5]'.[0x1c][0x11][0xd9][0x1f])[0x8d]@[0xeb][0x1b][0xec][0xb6][0x81][0xe6]y[0x11]v[0x19]Y[0x80][0xda][0xa7][0xc4][0xd9][0x85][0xc8][0xfa][0x90][0x9a][0x8][0x1c]%8[0xda][0xcb][0x98][0xa5][0xb5]1[0xf1][0xc3][0xb6][0xa0]Qyh[0x8]"[0x95][0xd6][0xd0][0xb4][0x88]=[0x97][0xa1]&|[0xb]K[0xa2]'[0x1e]-[0x11][0xb9][0xc][0x91][0x12][0xa1][0xc9][0x3][[0xbf][0x3][0x92]H[0x11][0x1]hl[0x1][0x1a]d[0x86][0x7] [0xbe][0xd5],[0xa0]b[\n]"
12:44:00.067 [main] DEBUG org.apache.http.wire -  << "[0xea]-[0xa4][0xc8][0x82]TB[0xd8][0x13]=[0xac][0x18]GXgn[\n]"
12:44:00.067 [main] DEBUG org.apache.http.wire -  << "[0x1a][0x0][0x83][[0x87]{[0xe9][0x87][0xb1][0x1]h@[0x3]n[0x1d]b[0xca][0x2][0x16]38[0xba][0xc1][0xe8][\r][0x8]3[0xd4][0x19][0x19][0xdc][0xfe]360@dj$[0xff]A[0xa3][\r]{[0x83][0x16]=4M[0xcc][0x88][0xec][0xdf][0x1b][0x1b][0x80][0xda]5X[0xbc][0x7]1[0x11]G[0xaf][0x0][0xda]"D[0x4][0xa7][0x91][0x99][0x11]q[\r]1cp[0x9e][0x84][0xda][0x7]i>[0xc3][0x3][0x12][0xfb][0xc2]F[0xb4]*[0xdd][0x94][0xc8][0x14]il`[0x80][0x94][0xcf][0x90]Z[0xb3][0x90][0xdc][0x86][0xbd][0x81][0x89][0xd4][0xaf][0x2][0x0][0x0][0x0][0xff][0xff]"
12:44:00.067 [main] DEBUG org.apache.http.wire -  << "[\r][\n]"
12:44:00.068 [main] DEBUG org.apache.http.wire -  << "6E7[\r][\n]"
12:44:00.068 [main] DEBUG org.apache.http.wire -  << "[0x2][0xaf][0xd7]42[0x0][\r][0xdb][0xc3]S[0x9][0xde]HCt[0x86]a[0xf3][0xc5][0xe0][0x92][0xca]'1[0xb7][0x0][0xa3][0xce][0x5]w[0xc7][0x11][0xa1]ga[\n]"
12:44:00.069 [main] DEBUG org.apache.http.wire -  << "[0xea][0xb5][0xc3][0xad]A[0xaf]y[0x11]5[0xa7]1x~[0x8][0x16]z[0xe0]f,[0xc4];8[0x16][0xdd]a[0xc4][0x93])[0xb1][0xd5][0xa6][0xb1][0x1][0xd2]J[0x1a][0xb4]x[0xc2][0xde][0x8e]E[0xf7][0x13][0xb1][0xe3][0x8][0xc6][0x6]H[0x8b]h`A[0x7]-8[0xb0][\r]dA[0xb]eD[0xe8][0x19][0x81]W[0xe1][0x10][0x17]z[0x88][0xfe][0x14]R[0x81][0x8][0x89]u[0xdc][0xeb][0x83]0l$[0xba]kjl[0x0]Zs[0x3][0x8b]/[0xca]W[0xb4][0xe2]M[0x19][0x88][0x91][[0x9a][0xce]L[0x1b][0x1b][0x18]"[0x8a][0xfa][0x80]`[0x5][0xcc][0x15][0xba][0xe9][0x89][0xb9][0xa9][\n]"
12:44:00.069 [main] DEBUG org.apache.http.wire -  << "[0xa6][\n]"
12:44:00.069 [main] DEBUG org.apache.http.wire -  << "[0xc5]%[0xe0][0xf1]bhV[0xc2][0xdf][0xb8]DI[0xe2][0x88][0x9c][0x4][0xf1][0x88][0xa1][0x11]F[0x6][0x82]/[0x2]F_[0x1]l[0xc]*[0xad][0x89]J[0xb][0xa0][0xa9]&[0xe4][0x98])03[0xc3][0xb0]&9?)1[0x11]D R[0x1b][0x9][0x16] F[0x90][0x9c][0xf3][0x93][0x12][0x15]RJsJ1l[0xc8][0xcc][0xcb]T[0xc8]H[0xcc][0xab]LT(H-[0x2][0xd9][0x94][0x98][0xa7]P[0x90]_[0xc]Z[0x13][0x4][\r]8SKKP[0x85]G[0x9c][0x9f][0x10]5[0x7]-b[0x6]4[0x95][0xb][\r]2[0x9a][0x18][0x8f][0xc8][0x9d]![0x89][0x98]A[0x5][0x8f]s,[0xb][0xbf][\r][\r]0[0x0]Q[0xb][0xa6][0x8c][\r]@[0xf5][0x16][0xd4]O[0x1e][0x5][\n]"
12:44:00.069 [main] DEBUG org.apache.http.wire -  << "a[0x99]e[0xf9][\n]"
12:44:00.069 [main] DEBUG org.apache.http.wire -  << "[0x91]F[0x98][0x9].7573'3;S[0xa1][0xb8] [0xb5]83-3;[0xb1]8S[0xa1]21/]![0xb1] [0x13][0xb4]~[0x11][0x1a][[0xa0][0xe6][0x2][0xb8][0xc5]@\|![0x92]:[0xfd]|[0x8c][0xb4]T[0x81][0xfe]>FZ[0xb6]0[0x0][0x96]#z0%[0xa9][0xc5][0xa0]m[0x18][\n]"
12:44:00.069 [main] DEBUG org.apache.http.wire -  << "[0x5]E[0xf9])[0xa5][0xc9][0xa0][0xec][0x86]:[0x8d][[0x92][0x91]Y[0xac][0x90]Y[0xac]P[0x92][0x91][\n]"
12:44:00.069 [main] DEBUG org.apache.http.wire -  << "S[0xa3][0x90][0x82][0xb4]![0x4][0xbe][0xa5][0x3][0x9c][0xf2][0x88]Lk[0xa0][0xc9]YhZ[0x3][0x97]lf[0x6][0x6][0x6][0x18]%[0x2][0xbe]dnJtI[0x0][0x9a][0xae][0x82]Z50^E4[0xbe][0x6][0xc6]~[0xba][0xd5][0x86][0xa0][0x11]HhH[0x83]#[0x95][0xe4]=+D[0xd7]X[0xa0]&=[0xd4]&[0xfa][0xe7][0x1d][0xa4]u[0x10][0x3][0x12][0xa1]H[0xa3]N[0x3]c?[0xa2]j[0x1d][0x18][0xfb][0x11]e[0x17]dh[\r][0xa3][0xe0]H[0xc3]2[0xea][0x6]/[0xa6][0x88][0x9d][0xf8]26[0x0]M[0xc8]AS[0x19]l[0xe2][0xb][0xdc][0x91][0xc1][0xbe][0x86]-(53935/%[0xb3]X[0xa1]85E!3[0xaf],5[0xaf]$[0xbf](U!3/93[0x5][0xb4][0x11]-[0xb5]D![0xb1][0xb4]$5[0x17]i?[0x18][0xb1]k[0x4][0x8c][\r]@[0xeb][0xe3][0xa1][0x8e][0x19][0x98]PG[0x14]c[0x3][0x90][0xe5][0x10]e[0x18][0xd5]<O[0xdc][0x8a]?c[0x3][0x13]D[0x1b][0x9f][0x90][0xdd][0x88][0xb6]1[0xa8].$[0xb2]*[0x4][0xad][0x9b][0x1b][0xc8][0x88]EZ[0xa5]A[0xc8]4i[\n]"
12:44:00.070 [main] DEBUG org.apache.http.wire -  << " -[0xe0][0xa0][0x9a][0xfd][0xc4][0xc6]-h[0x8b][0x1a][0x91]aOV[0xdc][0x82][0xe6][0xaf][0x88]4[0x9f]6a[0x8b][0xe8]GP-lAI[0x9b][0xe8][0xf0]E[0xc]&S[0xcd]~[0xa2][0xed]F[0x14]X[0x84][0xec]&/niP&[0x91][0x14][0xb6][0x88]r[0x89][0xb6][0xd5] h)[0x16]4[0x11][0xd3][0xd6]"[0xd0][0xbc][0x1][0xd4]"B1F[0x93][0xdc][0x2][0x9a][0xfb][0xa5][0xb6][0xfd][0xc4][0xa6]V[0xd0]<[0x17][0x91]v[0x93][0x95]ZAs[D[0x9a]O[0x9b][0xb0][0xa5]QIDd%[0x8b][0xb4][0xd6][0x87][0xbc][0xae][0x9][0xd1][0xdd]M[0xd0][0xe2];h@[0xd3][0xda]&D[0x1][0x10][0xe1][0x94]_[0xa1]0[0x18]&[0xb4][0x8d][\r][0xcc][0x11]c}[0x3][0x92][0x89][0x91][0xd6]$Q[0xcd]~b3[0xb1]9[0xa2]gB[0xc8]n[0xb2]21[0xd2]"(B[0xe6][0xd3]$[0x13][0x9b][0xd3][0xa0]:[0x7]UyDfb[0xa4][0x85]K[0x3][0xe2]}[0xd0][0xd2][0x7]h[0xd6][0xa6][0x9a][0xfd][0xc4]&-[0xa4][0x5]N[0x84][0xec]&+i[0x81][0xd6][0xfc]Q[0xdb]o[0xa0][0xa8]%[0xda][0x3][? -V![0x14][0xbc][0xb4][0xc8]YF[0xa0][0xad]Z[0xd0][0xe0][0xa7]m[0x1b][0xb]t[0xee][0xe][0xd4]"[0xaa]y[0x94][0xd8]8F:i[0x86][0x90][0xdd]8[0xd3]0[0xbe][0xe5][0x9]H[0xcb]r[0x8][0x99]O[0x8b]H[0x4][0xef][0x97][0xa1]v[0xd8][0x82][0xf2][0x10]q[0xc5][0xa3]!h[0xf4][0x94][0x16][0xd6][0x13][0x19][0xbd][0x86][0xa0][0x8d]d[0x3]j?[\r][0xc6]%[0x89][0xf6];mk~C[0xa4][0xa5])[0x3][0x91][0xb4][\r]A[0xcb][0xc7]h[0x11][0xb7]D&m[0xa4][0x15][0x18][0x3][0xe2]}[0xa4]u[0x19][0xb4]m[0xd4][0x1b][0x82]v/@[0x3][0x9a][0xd6]6!j\Z[0xdb][0x84]h6[0xd2][0xda]&[0xc4][0x98][0xf][0xad]mB[0x8c][0xfe][0xd0][0xda]&D7[0x8f][0xd6]6![0xe6][0xe0]il[0x13][0xfa][0x8a][0x13][0x92]g[\n]"
12:44:00.070 [main] DEBUG org.apache.http.wire -  << "[0x89][0xed][0x8e][0x1b]"5[0xac]h[0xed]'D[0xf5]Ck[0x9b][0x10][0x95][\r][0xad]m[0xa2][~2B[0xe4][0xa7][0x1])[0xe1][0x91][0x16][0xbf]P[0xcd]~b[0x1b][0xf][0xa0][0x1d][0xc][0xd0]2[0x9f][0x90][0xdd]8[0xdb][0xc5]x[0xd6][0xc3][0x19]"[0x9d][0xfd]A[0xe3][0xf4][0x82][0xb4][0xa0][0x86][0x90]Oh[0xd1][0x2]7DZSCU[0xfb][0x89]l[0xa6] -K[0xa0][0xaa][0xf5][0xc4]&$[0xa4][0x95][0x9]4[0x8e]h[0xa4][0xa9]qZ[0xdb][0x84]([0x82]h[0xb0][0xd2][0xce][0x10]i[0xf6][0x13][0xb1][0xaf][0x10][0xba][0xcc][0x15][0xd7][0x9][0x1a][0x81][0xa5][0xa0][0xe5]P[0x88]Sf[0x13][0x8b][0x8b]KsS[0xf3]R[0x12][0x15]Jsr[0x12][0xc9][0x9a][0xde]7D[0x9a][0x5][0xa5]q[0x80]"[0xcd]y[0x6][0x4][0x9b]`[0xac][0x9d]((6QHJ,[0x2]-:DZ[0xc8]Gd[0x6][0x18][0xe0][0xf9]NCSD[0x9b][0x96]j[0x19][0x90][0xd8][0xcc][0x87][0xb4]a[0x9f][0x90][0xdd]d[0x95][0xe2][0xa0]]^D[0xd6][0x12]4)[A{gia?[0x91]Ik[0x80]'[0xb0][0xc][0x91]f[0x90][0x8]E/M[0x82][0x1f][0xb4][0x8f][0x98][0xda][0xc1]Ol[0xd2]F[0x9a][0xd3]"[0xe4]w[0xb2][0x92]6[0xd2][0xfe]xB[0xe6][0xd3]&l[0x11][0x1d][0x1f][0xaa][0xda]Od[0xd2][0xa6][0xd5][0xb4][\n]"
12:44:00.070 [main] DEBUG org.apache.http.wire -  << "[0xb1][0xd1][0xb]:[0xc7][0x0][0x9a][0xb4]hQ[0xc5][0x9a]#u`[0x91]v[0x1f][0x81]w[0xc9][0xe0][0xd8]U[0xe5][0x9f][0x9b][0x7]]FW[0x8][0xaa]k[0x93][0xf3][0xf3][0x8a]S[0xb]K[0x13]KJ[0x8b][0x14][0x92][0xf3][0x8b]@[0xa7][0xbb][0x83][0xe]=O[0xca],V(J[0x4][0x9d]J[0x8f]|[0xb2]<[0xd1]K[0xea][0xc][0xcd][0x11][0xd1]N[0xb]#MWQ[0xa1]J[0xc7][0xb3][0xe3][0xca][0x10]ib[\n]"
12:44:00.071 [main] DEBUG org.apache.http.wire -  << "[0xb2]A[0x9][0xba]i[0x8][0xfb][0xd6].[0xc7][0xd2][0x12][0x85][0xd4][0xe2][0x12][0x85][0x9c][0xc4][0xa4][0xfc][0xa2][0xd2]\[0x85][0xe2][0xc4][0x82][0xcc][0xd4][0xbc][0x92]TD[0xd0][0x82]W)[0x82]V1[0x92][0xb3]R[0xd1][0x10]i[0xaa]*/17[0x11][0xb2]h[0x1c][0xb4]1[0x0]u]y6[0xf4][0xc4][0x84]<[0xb4][0xbd]Al[0xb2]E[0x9a][0xb2][0xa2]I[0xf4]![0xda][0x12][0xd0]}[0xe9][0xd0]=d[0xb8]v[0xc0][0x7][0x83][0xd6]x[0xe6]%[0x82][0xf][0xff]O$/[0xe4][0x10][0x3]e[0xc8][0xfb]|[0xa1][0xbb][0xb2][0xb0]o[\n]"
12:44:00.071 [main] DEBUG org.apache.http.wire -  << "[0xf4]K,)-VH-Q([0xce][0xcc]+![0xcf]VD[0xb][0x9b][0xaa][0xa5][0x1f][0xd1][0xf1]8[0xc0]][0xa4]][0xf1]H[[0xe1]`[0x91][0x8d]m[0xe3]]X~NiAIbIj[0xb1]B[0x9][0xa2][0x1b][0x90]Z[0xa2][0x90]Z[\n]"
12:44:00.071 [main] DEBUG org.apache.http.wire -  << "[0x8e]}[0x85]R[0xf0]J_[0xf2]b[0x3]Q([\r]Hl[0xd0]c&[0x14]_YF[0x8b][0x9]J[0xd0]$[0x1a]rj[0xc4]3[0x89]h[0x88]4I[0x9][0xdb][0x82][0x9][0xda]w[0x8b][0xe3]t[0x4]G[0xd0][0xdd]"y[0xe0][0x8a][0x9][0xbe][0xcc][0xbb][0xb0]4S![0xaf]4[0xb7][0xb0][0x94][0xcc][0xae] =[0xa6]1[0xf1][0x86][0x0]F[0xc1][0x7]=O[0x0][0xc7]a[0x99][0x9e][0xb9][0x5][0xa9])[0x99]%[\n]"
12:44:00.071 [main] DEBUG org.apache.http.wire -  << "E[0xa9][0xa0][0xda][0x4]v[0x1][0xc][0xb8][0xe2][0x6][0xd5][0xda][0x99][0xe0][0xdc][0x0][0xef]"[0x83]k[0x1d][0xf2][0xea]k[0xa4][=[0x6]&k [\n]"
12:44:00.071 [main] DEBUG org.apache.http.wire -  << "J[0xc4][0xc6]~h[0xe1][0x8c][0xfd][0xd4]-[0xa4][0xab]h[0x8a]R[0xb]JS2[0x13][0xf3]R[0x12]S)j[0xb4] [0x9d]d@[0xb3]@[0xc0][0x9b]:[0x10][0xad]9[0x9a][0xd9][0x8f]o0[0x13]4[0xf2][0xf]m[0xac][0xe][0x84][0xfd][0xe0][0xd6][0xe5][0x80][0xda]O[0x83][0xf5]u[0xc8]e#f[0xd8][0x3][0x0][0x0][0x0][0xff][0xff]"
12:44:00.071 [main] DEBUG org.apache.http.wire -  << "[\r][\n]"
12:44:00.072 [main] DEBUG org.apache.http.wire -  << "99E[\r][\n]"
12:44:00.072 [main] DEBUG org.apache.http.wire -  << "[0x82][0xdd][0xc5]dl[0x84]t[0x1c][0x3][0xa1][0xb0]'[0xa7][0x1f]h[0x4]:cz [0xc3][0x16]t[0xf8]>[0xd4]~[0x9a][0xae][0xc2]1[0xa2][0xd5]t>q[0x1d]N#[0xd0][0xd1][0xda]P[0x12][0x8a]GZ[0xf4][0xb7][0x8d][0x90][0xa6][0xd3]if?[0x9e]2[0xcc][0x8]i[0x92][0x9d]f[0xf6][0xe3][0xcb]G[0xa0]K%[0x6]4[0xfc][0x11][0xfd][0x8c][0x81][0xf1]?[0xa2]"[0xa5]B[0xcf][0x18]oH#j+[0x1a][0xdb]D[0xb7])m#[0xa4][2[0xa8][0xe0]'<mq#[0xa4]S[0xe]h[[0x1e][0x1a]![0x9a][0x9c]T[0xf0][0x12][0xbe][0x4][0x81]tA[0x6][0xad]mB$[0xf2][0xcc][0xbc][0x94][0xfc][0xdc]L[0xcc][0xbb]{[0x12][0xb3]K[0x15][0x8a]K[0xb3][0x13][0x15][0x10][\n]"
12:44:00.073 [main] DEBUG org.apache.http.wire -  << "[0xa0]c FD[0x9f][0x9c]`[0x84]4s[0x8e]0[0x6]u[0xa8][0x85]:[0xf6] e[0xa5][0xc4][0xdc][0xe2][0xd2][0xbc]t[0x85]`#c[0x85][0xd0][0x9c][0x92][0xa2]D[0x8c]Y$[0xa4][0xea][0xdf][0xcc][0x80][0xb8][0xf3][0x95][0x8d][0x8d][0x90][0xe6][0xc1]i[0x1c]7H[0xf3][0xd4][0xc1][0x4][0xfd][0xe2][0x9e][0x98][0x93]XQ[0x89][0xf0][0x11][0xb1][0xad]%[0xa4][0xc9]hZ{[0x87]^[0xb]B[0x8c][0x90][0xcf]m [0x18]p[0x88] 3$>[0x11] [0x1d][0xd7]@[0xeb]PCdPZ[0xdb][0x84][0x18][0xe1][0xa2][0xb5]M[0x88]L[0x1a][0x80][0xe3]<[0xf][0xd0]9;)[0xa9][0xc5][0xd9]E[0x99][0x5][0xc5][0x99][0xe4][0xe][0xbe][0x1a]!-u[0xa0]m[0xd5][0x80][0xb4][0xa6][0x81][0xc6][0x16]!:V4[0xb6][0x8][0xb1]P[0x8c][0xc6][0x16]![0x8a][0x5][0xd4][0x93]\A[0x97][0x8e][0xe1][0x98]y[0x9]K-[0x2]_[0xeb][0xb]9[0xc4][0x0]it[0x13]q[0x8b][0xae]BJfz^fqqfn~19C[0x9c]Ft[<b[0x84]th[0x2][0x8d]3[0x1e][0xd2][0xbd][0x14][0xb4][0xb6][0x89]n[0x85][0x9][0xd2][0xc9][0x7][0xb0]Z[0x12]R[0x17]*8[0x1a][0x93]vZ[0xf][0xd1]gn[0x80]o[0x11][0x82]v[0x8d]h0[0xa9]c[0x84][0xb4][0xdc]g@z>H[0xcb]|[0x6][0xc6]~D[0xd9]30[0xf6]#[0x8a][0xa4][0x81][0xb1][0x1f][0xad][0xa3]A[0xbb]s[0xa7][0x8c][0x90][0xd6][0x3]![0x97][0xbe][0xe0][0x13]d[0xb0][0x1e][0x85][0x9][0x9a]f@4[0x99][0x8c][0xcc]A-!b[0xce]N3BZ[0x19][0x84]|[0x1f][0x4][0xd8]&[0xa2][0xe][0xd1][0x86][0x1c]<I[0x9c]][0x88][0xd2][0x7]v&[0xe]d"[0x1f][0xfb][0xa1]8[0xd0][0x99][0x3][0x84][0xb7]L[\r][0x89]<[0xf2][0xdf][0xd8][0x8]t[0x12]([0xb4]([0x80][0xcd][0xc4][0xc0]N[0xaf][0xc5]q[0xc2]:t[0xce][0xe]a[0x9b][0x85][0x9][0xe8]0^[0xe2]<[0x86][0x98]wC[0xdc]"[0x7]9[0xba][0x16]GU[0x9]]%[0x88][0xb0][0xcd][0xc4][0x14]4[0x80]H[0x94]mHG[0x1d]@f[0xec][0xc1][0x91][0x85]5Y@[0xe6][0xf2][0x11][0xb6][0x18][0x81][0xd7],[0x12]g[0xb][0xa2]I[0x83]|[0xb8]8[0xc4]D\[0xab][0x1b]Q[0x93][0xa1][0xa9]%h:[0x8a]8[0xdb][0x10]e[0xb][0xfc]z[0x1c]h[0x18]a[0xbd][0xb6][0x6][0x12][0xb8][0x8][0x8f][0x19][0x83][0xab]k[0xe2][0xac]B[0x14]#[0xc8]y[0xb][0xea]1[0xec]I[0x11]rj0[0x92]u[0x16][0xa0][0xc2][0x98]8[0xeb][0x10][0xe3]ep[0x9f][0xe1][0xb5][0xb]rd0[0xc2].3[0xa2][0xcf][0xea]5"a[0xad][0x15]M[0xc6]f[0x7]x-[0x96][0x91][0x19]"[0x1f][0x82][0x1b]R4,[0xa1]A%[0x11][0xb4][0x80][0x19][0x90][0xca]h[0x80][0x8f]J0[0xa2][0xc5]Q[0x9][0xe8]S[0xed][0xf8][0xc6][0xe2]H8.[0x81]&I}[0x80][0x8f]S0[0x1a][0xe0]uF[0xe8][0xb][0xd4]h[0x98][0xd5][0x90]W[0xa8][0xd1][0xf4][0xf0]g#[0xa4]Ua[0xb4].?,[0xd0][0x1a][0x93]4[0xdb][0xc5]fdA[0xb7][0xa1]*[0xa4][0xfb]H[0xc0][0xc1]GC?[0xa1][0x15][0xf4][0xb4][0xb3][0x9]iI[0x11]b[0xdd][0x6][0xb4][0xad][0x88][0xab][0x15][0xe4]X[0x94][0x9c][0x91]Y[0x92][0x9a]\[0x92][0xaf][0x0][[0xd1]R[0xc]Z[0xdf][0x97][0xf]^[0x99][0x9a]ZL[0xd6]R;#[0xa4][0xc5]E[0xe0][0xd0][0xa5]a[0x8e][0x3]5[0xdb][0xa0][0x95][0x1b][0xc2][0xd3][0xd0]ke[0xb0][0xaf][0xb][0xf5][0xcb][0xcc][0xc8][0xcc]QHM[0x4]-[0xe]%k\[0xc7][0x92]n[0xf9][0xc1][0x92]n[0xf9][0x1]i[0xb9][0x9]M[0x7][0xeb][0x8c][0x91]NO[0x80][\r][0xb6]8faN[0xac][0xe0];[0x13][0x99][0xe8]Q[0x16]c[0xa4][0x85][0x1c][0xe0]tH[0xb3][0xbc]g[0x8c]|[0xf5][0x4]M[0xb]~c[0xa4]E[\r]4[0xf6][0x13][0xd2][0xf4]=[0xad]mB[0xc][0xe7][0xd3][0xd8]&[0xea]N*[0xe3]i[0xf5][0x19][0x83]n=[0x82][0x16]L[0xc8][0x9d]Rx[0xd7][0x1e][0xdb][0x15]9~[0xa9][0x85][0xa5][0xa9][\n]"
12:44:00.073 [main] DEBUG org.apache.http.wire -  << "e[0x90]e[0xb7][0xc5][0xa0][0x2]J!3[0x5]Z0#[0xef][0xb7][0x3][0x8d][0x84][0x10][0xd3][0xa3]3F[0x9a]4[0xa5]q[0xc0][0xd2]m[0xf3][0xad]1[0xe8][0xd6] h[0xc0][0xd2][0xda]O[0xf4]*[0xe8][0xc1]7[0xa7][0xd0][0xc7]OH[0xf3]L4[0xe]=[0xa4][0xe9][0x8f][0xc1]sn[0x9f]1[0xd2][0x4][0xc6]`r[0x15]b[0xb8]q0[0xb9][\n]"
12:44:00.073 [main] DEBUG org.apache.http.wire -  << "Q,[0xf]&WY[0xea](A[0xf3][0xca]`[0xb9][0xdf][0xd0][0xd8][0x18]4[0xc6]6[0xf8][0x1c][0x85][0x18]>[0x1c]D![0x85][0x18]d[0xa4]q[0x1][0x84]4[0xb0]Nc[0x9b][0x90]N[0xd4][0xa5][0xb5]Mt[0xab][0x92][0x90][0x6]h=[0x2][0x14]r3K[0xf2]1V?[0x81][0x1b][0xe9]%[0xa9]EI[0x89][0xc8][0x17][0xe2][0x98][0x82]t[0x12][0xd5]:[0x19][0xe0]1Xc[0xa4]1X[0xaa][\r][0x8c][0x12][0xb9]j[0xca][0x98][0x84]AY[0xc4][0xf8]:h[0xd4][0x91][0xb8][0xb5][0xcf][0xc6][0x3]<[0xe8]jL[0xab]AWb[0xbd][0x8f][0xc8]'T[0x8b]ZP[0xe8][0x13][0x1d][0xbd][0x88][0x9e];[0xcd][0xec][0xc7][0xb3][0xf4][0x1b]|g;[0xb4]>[0xa2][0x99][0xfd][0xf8]z?H[0x9b][0xa1][0x7][0xc6]~D#a@[0xec]G[0x1a]s[0x1e][0x18][0xfb][0x11]S[0xa2][0x3]c?b[0x92]t`[0xec]G4}[0x6][0xc6]~D[0xf9]C[0xab][0xda][0x13]i[0x8]{[0xf0][0xb4][0xee],[0x10][0xf9][0x8e][\n]"
12:44:00.074 [main] DEBUG org.apache.http.wire -  << "-!c[0x1d]%g[0xe8][0xf6][0xf9][0xd4]b%+[0xe4]MZ[0xc6]H[0x1b]x[0x7][0x8f][0xf7][0x91][0x6][0xbe][0xa1][0xeb]R[0x15]\s[0x12][0xb1]\[0x98][0xe][0xba][0xf8][0x11][0xbc]?[0x12],[0x7]][\r][0xf][0x1a][0x84][0x85]7[0x9c][0xf0][0xfa][0x1d][0x91][0xba]i[0xb0]z[0xcc][0x18]i[0x80][0xdb][0xad][0xb4](/[0xb3][0xa4][0xb4](U!$[0x1f][0xf3]V[[0x84]lJbQ[0xa6][0x82]WjA"x[0x91]<[0xd4]?[0x86][0xa0];[0xe0][0x1e][0xc2]W][0xd0]m[0xa0][0xdb][0x4][0xe9][0xf4]`*$P<~2A[0x1a][0xe9]F[0x84][0x13]-C[0xd1][0x4]i_![0xad][0xfd][0x86]([0xde][0x10][0xab][0x88] +Op[0xac]"r[0xcc][0xc9]L,VH+MOT(E[0x9e]T[0x2][0x1f][0xe7]LL[0x1a]11@[0x8c][0x91]x[0x16]d[0xe4][0xe7][0xa5]*[0x18][0x1a]*[0x98][0x99]([0xa4]'a[0xef][0x98]d$[0x82][0xe]OQ@[0xbf]/[0x96][0xe8][0xd9][0x3][0x13][0xd0][0x86][0xe]h[0x1b][\n]"
12:44:00.074 [main] DEBUG org.apache.http.wire -  << "f[0xa1][0x11]M-D[0x1a][0xda][0x87]YH[[0x1f]"[0x9d]7L'[0xb][0x11][0x5][0x17][0x8d]S[0xa8]![0xc6]0[0x83]9[0x8d][0x92][0x89]!"][0x6]$[0xe6]$[0xfa][0xe4][0xfb][0xe0][0x99][0xce][0xc2][0x92][0x1a]A[0xe3][0xd9][0xf0][0xc][0x80]g[0x9b][0x9a][0x9]moa6[0x1]-[0xea][0x83]&w[0x1a]T*&H[0x1b][0x7][0x9d][0x8a][0x12][0x93]SsR1[0xef]`[0xf5]MLIU[0xc8]OS[0xc8][0xc8]L[0xcf]P(,M[0xcc][0xc9],[0xa9]T(HM,[0xca])Ft[0x82][0x8d]@&[0xc1][0x3][0xc]_[0x9][0x8c]t(.M|[0x84]h[0xe3][0xd2][0xc4]xD^[0xa1][[0x80]![0x8a]u[0xba]Y[0x89][0xc8][0xa7][0xd4][0xb4][0x12]_>B[0x9a][0x99][0xa3][0xa6][0x95]xS"[0xa2][0x8c][0xa0]q[0xb9][0x87][0xb4][0xb9][0x90]F[0x1d][0xf][0x13][0xa4][0xa9]>Z[0x86]_[0xb5][0x92][0xa7][0x8b][0x92][0x95][0xa1][0x91][0x5]RQ[0xee][0x98][0x9c][0x9c]Z\[0x9c]_[0x94][0x99][\n]"
12:44:00.074 [main] DEBUG org.apache.http.wire -  << "*[0x10]Pw[0x96][0xe4]+[0xa4][0xe6]e$[0xe6]%[0xa7]*$[0x16][0x80][\n]"
12:44:00.074 [main] DEBUG org.apache.http.wire -  << "[\r][0x10]S[0xa9][0x16][0xe9]`[0x7][0x13][0xa4][0xfd][0x90][0xc5][0xa9][0x5][0xa9])[0x98][0x5]ubf%H[0x10][0xda][0x80][0x5][0xef][0xa3] [0xaa][0xa8]A[0xda][0x4]I[0xcb]0A[0xf1][0xc][0xa2]|[0xa0][0xb6]g[0xe8]_[0xc][0x80]6[0x1]@+[0x9f]`p[0xcc]([0xf8]d[0x16][0x97][0x14][0x81][0xc7][0x95]Q[0xa3][0x19]*[0x9d][0x3][0x91]V[0xc8]KOM*[0x5][0xd5]$[0xa4]G[0x19]b[0x88][0xe]j&[0xd4]J[0x5][0xa7][0xc4][0x9c]D[0xcc][0xce][0xe]T[0x11][0xaa][0xc5][\n]"
12:44:00.075 [main] DEBUG org.apache.http.wire -  << "I[0x89]y[0xe9][0xe0][0x9a][0xc]j[0xbf])h[0xeb][\r]qI[0x6]Q&[0xd0]-[0xc9] &[0xf4][0xe8]f%b@[0x80]^V"MqCO[0xb4][0x83][0xf6]L[0xb0]-[0xb9][0x8]-QH-*[0xca]/R(JM.-[0x86][0x9c][T[0x90][0xf][0xda][0xf5]WZ[0xac][0x90][0x9b][0x9f][0x3][0xba]5>1[0x15]tH[0xa0]B&[0xe4][0x0]([0xa4]5c[0xc4]w^[0x90].[0xb3]Ft[0x98]|2[0xf3]R[0xf3][0x14][0x9c][0xf2]KJr07[0xcd][0x83][0x8e]/,H-*.[0xc8]L[0xce]L,[0xc9],[0x86].[0x3]QH[0xc9]L.IT([0xc8]/*[0xca]W[0xc8],(.[0xcd]UHE>[0x85][0x8f][0x4]'![0x9a]/t[0x8b][0x19]D[0x91][0x5][0xd9][0xe][0x2][0x9][0x1][0xf7][0x9c][0xfc]2,[0x5][0xba]ZZfrff[0xb1][0x2][0xf2][0xb9][0x98][0x89]y[0x99][0xb9][0x99][0xf0][0x88])[0x86]-[0x96])IUHI[0xcd]I[0xcd][0xcb],[0xc9]$/~[0xe8]_[0xe4]!m[0xda]t[0xcf]/JO[0xcd]/-V[0x80][0xed][0xb6]H,[0xc2][0xe8][0xac][0xf8][0x83][0xce][0x1e][0x3][0xaf][0xd1],[0xcd][0x5][0xdd][0xaf][\r]M[0x2][0xe0]s[0xc6]2[0xf3][0x8b]![0xe7]1*$[0xe6]d[0x16][0x96]f[0xa6]([0x14]g[0x92][0xd7][0xc9]FZ[0x1e][0x81]H[0xa7][0xb0][0xdd]-[0xce][0xf9][0x89][0xa0][0x92][0x16][0xb5]<v-[0x1][0xf5][0xea]3[0x13]K[0x14] kFs3[0xf3]2s[0x13]a'[0xc3])[0x14][0x97][0x16]'g[0x16][0x90][0xeb][0x1a]D[0x11][0x89][0xbc][0xe3]+<??G!8#[0xb3][0x8][0xab]k@g~B[0x97]P[0x95]d&[0x95][0x16]+[0x14][0xe4]$&[0xa7]&[0x96]([0xa4][0x92][0x19]$[0x88]B[0x93][0xc6]m7P[0xd5][0x1][0xad][0x4][0x15]0[0xe2][0x1f]<[0xd9]J[0xf1][0x98][0x6][0xd2][0xa9][0xe8]dy[0x86][0xc8][0xf9]/[0x13][0xa4][0x13][0xd2][0xc9][0xb2][0x87][0xf8]Q[0x1a][0xa4][0xb3][0xd0][0xe9]U[0x8c]!my[0xa4][0x9b][0x95][0x88][0xc6][\n]"
12:44:00.075 [main] DEBUG org.apache.http.wire -  << "[0xdd][0xac]Dd>[0xba]YI[0xbf][0xac][0x86]h[0x96][0xd0]8}"o[0x81][0x84][0xac][0xc][0xc6][0xbc][0xc0][0x16]_[0xde]6A[0x99][0x15]@[0xef]d[0xc2]:I[0xa6]H[\r][0xc][0xf7][0xc4][0xdc]L[0xf0][0xb4][0x2]jA[0xed][0x96]_[0xa4][0x0]Y[0xdb][0xad]PPZT[0x90]_[0x9c]Z[0x8c][0xda];[0xa2][0xdb]*[0x16][0x13][0xa4][[0xa0]i[0x1d][0xfa]H-[0xe]H[0xe8][0x9b][0xd2][0xa8]d5C[0xb4] h[0xed]'[0xc4][0x90][0x9][0xad]mB[0x94]:P[0x9b][0x6]m[0xda]E[0x14]V8][0x8a][0x18]B[0xc4]W[0x8b]Q5Ga[0x94]g[0x83]6[0xfc]0[0xca]CL[0x97][0xd2]?[0xfc][0x90][0x16]IAc[0x95]V[0xb9][0x17]i[0xb9][0x94]_bq[0xa6][0x82]Kbi[0x9e][0x82]WjQ)[0xe6][0x81][0xee]`[0xf9][0xf2][0xd4][0xbc][0xc4][0xec]l[0x85][0x92][0xd4][0xbc][0xc4]<[0x85][0xdc][0xd2][0xa2][0xdc]TP[0x8b][0x1d]:[0x6]`h[0x89][0xff]X3X[0x12][0xb3]@:[0xe4]69?[0xaf]$?C7[0x19]1[0xdd][0xad][0xa3][0x84]V~'[0x16]gd[0xe6][0xe7]%&[0xe5][0xa4][0xa2][0x96][0xdb]HK[0xad][0xc0]nC[0xb8]]![0xb1]21W!=[0xbf]([0x15]K}[0x0]VK% [0xd2]9a`[0xaa]@[0x19][0xa3]C[0xda]-[0x8b]=[0xce][0x1][0x0][0x0][0x0][0xff][0xff]"
12:44:00.075 [main] DEBUG org.apache.http.wire -  << "[\r][\n]"
12:44:00.075 [main] DEBUG org.apache.http.wire -  << "23E[\r][\n]"
12:44:00.076 [main] DEBUG org.apache.http.wire -  << "R[0xb2]R[0xc2]W_[0x12][0xdf]rD[0xda][0x97]Jk[0x9b]0J'[0x9a][0xa5]c[0x8c]|L+[0x9b][0xe8][0xb6][0xd5][0xd5][0x4]i[0xab]+[0xc1]e[0xe8][0xf4]*[0xd9][0x91][0xf6][0xc4][0xe2]p[0x13][0xa2][0xb9][0x85](7[0xe9][0xd7][0x96]C:[0xec]p[0xba][0x8f]n[0xe9][0x14]iW,[0x8e][0x90][0x18][0x88][0xf8]AZ(4[0x98]\E[0xb7][0xd6]2[0xd2][0x12]#[0xec][0xab][0xb7][0x6]6[0xfb] [0xad]G[0xc2][0xee][0xbc][0x1]I3[0x88]Z[0x16][0xbb][0xa3][0x6]4[0xcc]L[0x91]VVaw[0xde][0x0][0x84][0x99])[0xd2]",[0xda][0xd6][0xf1][0xa6]H[0x8b][0xaf][0xb0]{[0x80]c[0x7][0xd1]i[0xc4][0xee][0xbc][0x1][0x89][0x1d][0x8c][0xfe]%[0x8d]Z+[0xe0]s[0x89][0xa0]C[0xab][0xd8][0xbd]?[0xb0][0xb1][0x83][0xb4][0xf2][0xb][0xbb][0xf3][0x6]"v[0x90]V[0x87]aw[0xd4][0x0][0x87][0x19][0xa2][0xb2][0xc2][0xee][0xbc][0x1][0x9]3z[0x8d][0x2][0x99]"[0xad][0x8a][0xa0]q[0xc9]fH[0xb7]\[0x8a][0xb4][0x94][0x8e][0xd6]~B[0xd4][0xa5]4[0xb6][0x9][0xb4]Z[\r]Z[0xf2][0xd0][0xda]&[0xc4][0x84].[0xad]m[0xa2][*[0xa7][0xdb]9[0xf6][0xa6]H[0xab][0xc2]h[0x1d]z[0xf4][0x1a][\r]0E[0xba][0xed][0x9d][0xd6]~[0xa2]W[0xce][0x14]i[0xf5][0x19][0x8d][0xfd][0x84][0xb4]Z[0x8c][0xd6]6!r.[0xf6][0xaa]l`kZcDv[0xc7][0xee][0xbc][0x81][0xa8]i[0x91]W[0x8c][0xd1]tf[0xc7][0xd4][0x98]n[0xf5][0x9f]1[0xa2]d[0xf0][0x8]Pp[0xce]/JU[0xc8]T[0xc0]l[0x12][0xe7][0xa4][0x16][0x94][0xe4][0x17](`[0xec][0xbc][0xb6][0x4][0x1][0xe2]6[0xc8][0x9a][0x1a][0xd3][0xad][0x2]DZ[0x8e]E[0xb7][0xad]x[0xb0][0x11]vS[0xa4][0x1b][0xa8][0xe0][0x9b]p0&[0x0][0xd3][0xb0][0xcd][0x8c][0xc2][0xae][0x3]325@t[0x9d]H4[0x3]i[0xb9]&[0xf2][0x4]-[0xd5][0x82][0x81][0xa8][0xd1][0xce]A[0x14][0x4][0x88]b[0x8e]P[0x10] J[0x14][0xd0][0xae]k<iz0[0xc6]4[0xa2]cB[0xc8][0x9b][0xb4]8[0xef][0xd3][0x14][0xe9][0xe0][0x1d][0xaa][0xda]O[0xdb]X@[0xc9]+[0x88][0x12][0x97][0xaa]>[0x18]j[0xf9][0x5]QF[0xd3],[0x18][0xd0][0xf][0x11][0x18][0x8c][0xf9][0x9][0xd1][0xb6][0xa4]Y0[0xe0]\W3xJO[0xa4][0xd5][0x81]#:[0x18][0x6][0xe0]d[0x83]A[0x98])[0x90][0x16]r[0x8e][0xe8][0xd4]0[0x0]u[0xed]`L[\r][0x88][0x1e][0xda][0x88]N[\r][0x88][0x96][0xfa][0x88][0xe][0x6]D[0xf3][0x9]6paj[0x8a][0xd9][0x8d][0xa4][0xca]*[0x1a]SSD[0x9f][0x95][0xba][0xdb][0xd0]L[0x91][0xce]o[0xf3][0xcc]+I[0xcd][0xc9][0xc9]LO[0xcd]+Q[0x8].IM[0x5]-[0xff][0xcf][0xc7][0xb2]e[0xc4]3[0x5][0xb4]m[0xb8]8S[0x1]tW}[0xb1][0x2][0xf8]r[0xf6][0xc2][0xd2][0xc4]bR6[0x85][0xc4][0xd6]r[0x1][0x0][0x0][0x0][0xff][0xff]"
12:44:00.077 [main] DEBUG org.apache.http.wire -  << "[\r][\n]"
12:44:00.077 [main] DEBUG org.apache.http.wire -  << "A[\r][\n]"
12:44:00.077 [main] DEBUG org.apache.http.wire -  << "[0x3][0x0]\[0x6][0xcb]^A[0xe4][0x0][0x0]"
12:44:00.077 [main] DEBUG org.apache.http.wire -  << "[\r][\n]"
12:44:00.078 [main] DEBUG org.apache.http.wire -  << "0[\r][\n]"
12:44:00.078 [main] DEBUG org.apache.http.wire -  << "[\r][\n]"
12:44:00.078 [main] DEBUG io.restassured.internal.RestAssuredHttpBuilder - Parsed data to instance of: class org.apache.http.conn.EofSensorInputStream
12:44:00.085 [main] DEBUG org.apache.http.impl.conn.BasicClientConnectionManager - Releasing connection org.apache.http.impl.conn.ManagedClientConnectionImpl@261099e1
12:44:00.086 [main] DEBUG org.apache.http.impl.conn.BasicClientConnectionManager - Connection can be kept alive indefinitely
12:44:00.144 [main] DEBUG net.thucydides.core.steps.StepInterceptor - STEP DONE: I send HTTP GET request
  &amp#27;[32mWhen &amp#27;[0m&amp#27;[32mI send GET HTTP request&amp#27;[0m                             &amp#27;[90m# starter.stepdefinitions.UserSteps.iSendGETHTTPRequest()&amp#27;[0m
12:44:00.155 [main] DEBUG net.thucydides.core.steps.StepInterceptor - STARTING STEP: UserSteps.iReceiveValidHTTPResponseCode - I receive valids HTTP response code 200
12:44:00.157 [main] DEBUG net.thucydides.core.steps.StepInterceptor - STEP DONE: I receive valids HTTP response code 200
  &amp#27;[32mThen &amp#27;[0m&amp#27;[32mI receive valid HTTP response code 200&amp#27;[0m              &amp#27;[90m# starter.stepdefinitions.UserSteps.iReceiveValidHTTPResponseCode()&amp#27;[0m
12:44:00.167 [main] DEBUG net.thucydides.core.steps.StepInterceptor - STARTING STEP: UserSteps.iReceiveValidDataForOneDetailProduct - I receive valid data for one detail product
12:44:00.168 [main] DEBUG net.thucydides.core.steps.StepInterceptor - STEP DONE: I receive valid data for one detail product
  &amp#27;[32mAnd &amp#27;[0m&amp#27;[32mI receive valid data for one detail product&amp#27;[0m          &amp#27;[90m# starter.stepdefinitions.UserSteps.iReceiveValidDataForOneDetailProduct()&amp#27;[0m
12:44:00.177 [main] INFO  - 
  _____   ___   ___   _____     ___     _     ___   ___   ___   ___  
 |_   _| | __| / __| |_   _|   | _ \   /_\   / __| / __| | __| |   \ 
   | |   | _|  \__ \   | |     |  _/  / _ \  \__ \ \__ \ | _|  | |) |
   |_|   |___| |___/   |_|     |_|   /_/ \_\ |___/ |___/ |___| |___/ 

GET - As admin I can get one detail product data
----------------------------------------------------------------------
]]></system-out>
  </testcase>
  <testcase name="GET - As admin I cannot get one detail product data" classname="User" time="0.915">
    <failure type="java.lang.AssertionError"><![CDATA[java.lang.AssertionError: 
1 expectation failed.
Expected status code <404> but was <200>.

]]></failure>
    <system-out><![CDATA[
@TC-006
Scenario: GET - As admin I cannot get one detail product data &amp#27;[90m# src/test/resources/api/user.feature:28&amp#27;[0m
12:44:00.225 [main] INFO io.cucumber.core.plugin.SerenityReporter - Running feature from file:///C:/Users/Lenovo/IdeaProjects/MiniProject/MiniprojectApi/src/test/resources/api/user.feature
12:44:00.225 [main] WARN io.cucumber.core.plugin.SerenityReporter - Feature from file:///C:/Users/Lenovo/IdeaProjects/MiniProject/MiniprojectApi/src/test/resources/api/user.feature is not under the 'features' directory. Requirements report will not be correctly generated!
12:44:00.235 [main] INFO  - 
  _____   ___   ___   _____     ___   _____     _     ___   _____   ___   ___  
 |_   _| | __| / __| |_   _|   / __| |_   _|   /_\   | _ \ |_   _| | __| |   \ 
   | |   | _|  \__ \   | |     \__ \   | |    / _ \  |   /   | |   | _|  | |) |
   |_|   |___| |___/   |_|     |___/   |_|   /_/ \_\ |_|_\   |_|   |___| |___/ 

GET - As admin I cannot get one detail product data(user;get---as-admin-i-cannot-get-one-detail-product-data)
--------------------------------------------------------------------------------
12:44:00.322 [Finalizer] DEBUG org.apache.http.impl.conn.DefaultClientConnection - Connection 0.0.0.0:65156<->149.248.193.56:443 closed
12:44:00.373 [main] DEBUG net.thucydides.core.steps.StepInterceptor - STARTING STEP: UserSteps.iSetUnmatchedGETApiEndpointsById - I set unmatched GET api endpoints by Id
12:44:00.374 [main] DEBUG net.thucydides.core.steps.StepInterceptor - STEP DONE: I set unmatched GET api endpoints by Id
  &amp#27;[32mGiven &amp#27;[0m&amp#27;[32mI set unmatched GET api endpoints by Id&amp#27;[0m               &amp#27;[90m# starter.stepdefinitions.UserSteps.iSetUnmatchedGETApiEndpointsById()&amp#27;[0m
12:44:00.380 [main] DEBUG net.thucydides.core.steps.StepInterceptor - STARTING STEP: UserSteps.iSendGETHTTPRequest - I send HTTP GET request
12:44:00.381 [main] DEBUG net.thucydides.core.steps.StepInterceptor - STARTING STEP: GetAllProduct.iSendGETHTTPRequest - I set the GET api endpoints
12:44:00.381 [main] DEBUG net.thucydides.core.steps.StepInterceptor - STEP DONE: I set the GET api endpoints
12:44:00.400 [main] DEBUG org.apache.http.impl.conn.BasicClientConnectionManager - Get connection for route {s}->https://altashop-api.fly.dev:443
12:44:00.400 [main] DEBUG org.apache.http.impl.conn.DefaultClientConnectionOperator - Connecting to altashop-api.fly.dev:443
12:44:00.799 [main] DEBUG org.apache.http.client.protocol.RequestAddCookies - CookieSpec selected: ignoreCookies
12:44:00.799 [main] DEBUG org.apache.http.client.protocol.RequestAuthCache - Auth cache not set in the context
12:44:00.799 [main] DEBUG org.apache.http.client.protocol.RequestTargetAuthentication - Target auth state: UNCHALLENGED
12:44:00.799 [main] DEBUG org.apache.http.client.protocol.RequestProxyAuthentication - Proxy auth state: UNCHALLENGED
12:44:00.799 [main] DEBUG org.apache.http.impl.client.DefaultHttpClient - Attempt 1 to execute request
12:44:00.799 [main] DEBUG org.apache.http.impl.conn.DefaultClientConnection - Sending request: GET /api/products HTTP/1.1
12:44:00.799 [main] DEBUG org.apache.http.wire -  >> "GET /api/products HTTP/1.1[\r][\n]"
12:44:00.800 [main] DEBUG org.apache.http.wire -  >> "Accept: */*[\r][\n]"
12:44:00.800 [main] DEBUG org.apache.http.wire -  >> "Host: altashop-api.fly.dev[\r][\n]"
12:44:00.800 [main] DEBUG org.apache.http.wire -  >> "Connection: Keep-Alive[\r][\n]"
12:44:00.800 [main] DEBUG org.apache.http.wire -  >> "User-Agent: Apache-HttpClient/4.5.13 (Java/14.0.2)[\r][\n]"
12:44:00.800 [main] DEBUG org.apache.http.wire -  >> "Accept-Encoding: gzip,deflate[\r][\n]"
12:44:00.800 [main] DEBUG org.apache.http.wire -  >> "[\r][\n]"
12:44:00.800 [main] DEBUG org.apache.http.headers - >> GET /api/products HTTP/1.1
12:44:00.800 [main] DEBUG org.apache.http.headers - >> Accept: */*
12:44:00.800 [main] DEBUG org.apache.http.headers - >> Host: altashop-api.fly.dev
12:44:00.800 [main] DEBUG org.apache.http.headers - >> Connection: Keep-Alive
12:44:00.800 [main] DEBUG org.apache.http.headers - >> User-Agent: Apache-HttpClient/4.5.13 (Java/14.0.2)
12:44:00.801 [main] DEBUG org.apache.http.headers - >> Accept-Encoding: gzip,deflate
12:44:00.982 [main] DEBUG org.apache.http.wire -  << "HTTP/1.1 200 OK[\r][\n]"
12:44:00.983 [main] DEBUG org.apache.http.wire -  << "content-type: application/json[\r][\n]"
12:44:00.983 [main] DEBUG org.apache.http.wire -  << "date: Sat, 06 May 2023 05:52:47 GMT[\r][\n]"
12:44:00.983 [main] DEBUG org.apache.http.wire -  << "transfer-encoding: chunked[\r][\n]"
12:44:00.983 [main] DEBUG org.apache.http.wire -  << "content-encoding: gzip[\r][\n]"
12:44:00.983 [main] DEBUG org.apache.http.wire -  << "server: Fly/3f2597ca (2023-05-03)[\r][\n]"
12:44:00.983 [main] DEBUG org.apache.http.wire -  << "via: 1.1 fly.io[\r][\n]"
12:44:00.983 [main] DEBUG org.apache.http.wire -  << "fly-request-id: 01GZQSXBYBWN1PG06ZBBCZTZ6X-sin[\r][\n]"
12:44:00.983 [main] DEBUG org.apache.http.wire -  << "[\r][\n]"
12:44:00.983 [main] DEBUG org.apache.http.impl.conn.DefaultClientConnection - Receiving response: HTTP/1.1 200 OK
12:44:00.983 [main] DEBUG org.apache.http.headers - << HTTP/1.1 200 OK
12:44:00.983 [main] DEBUG org.apache.http.headers - << content-type: application/json
12:44:00.983 [main] DEBUG org.apache.http.headers - << date: Sat, 06 May 2023 05:52:47 GMT
12:44:00.983 [main] DEBUG org.apache.http.headers - << transfer-encoding: chunked
12:44:00.983 [main] DEBUG org.apache.http.headers - << content-encoding: gzip
12:44:00.983 [main] DEBUG org.apache.http.headers - << server: Fly/3f2597ca (2023-05-03)
12:44:00.983 [main] DEBUG org.apache.http.headers - << via: 1.1 fly.io
12:44:00.983 [main] DEBUG org.apache.http.headers - << fly-request-id: 01GZQSXBYBWN1PG06ZBBCZTZ6X-sin
12:44:00.984 [main] DEBUG org.apache.http.impl.client.DefaultHttpClient - Connection can be kept alive indefinitely
12:44:00.984 [main] DEBUG io.restassured.internal.RestAssuredHttpBuilder - Parsing response as: application/json
12:44:00.984 [main] DEBUG org.apache.http.wire -  << "57A[\r][\n]"
12:44:00.984 [main] DEBUG org.apache.http.wire -  << "[0x1f][0x8b][0x8][0x0][0x0][0x0][0x0][0x0][0x4][0xff][0xaa]VJI,IT[0xb2][0x8a][0xae]V[0xf2]tQ[0xb2]24[0xb2][0xb0]0[0xd7]Q[0xf2]K[0xcc]MU[0xb2]Rr[0xcd][0xcb]/[0xca][0xcd]/-Vp[0xce]/)[0xc9][0xcf]Sp[0xce][0xcf]-(-I-R[0xd2]QrI-N.[0xca],([0xc9][0xcc][0xcf]S[0xb2]R[\n]"
12:44:00.984 [main] DEBUG org.apache.http.wire -  << "-Q[0xc8]KMN-.[0xce],I,[0xc9]L*-V([0xcb],ILU[0xc8],-JUH[0xc9][0xcf][0xc9]/J-V(J-H[0xcd][0xc9]I[0xcd]K)-V([0xce][0xcc][0xcd][0xcc][0xc9],,M[0xd5]S[0xd2]Q[\n]"
12:44:00.984 [main] DEBUG org.apache.http.wire -  << "([0xca]LNU[0xb2][0xb2]4[0xd4]Q[\n]"
12:44:00.984 [main] DEBUG org.apache.http.wire -  << "J,[0xc9][0xcc]K/V[0xb2]2[0xd1]QrN,IM[0xcf]/[0xca]L-V[0xb2][0x8a][0x8e][0xad][0xd5]A[0xb8][0xd0][0x2][0xee][0xc2][0x80][0xa2][0xc4][0xe4][0x92][0xcc][0xe4][0xc4][0x1c][0x5][0xdf][0xc4][0xa2][0xa4][0x9c]T[0x85][0x90][0xc4][0xa4][0x9c]T[0xc][0xf7][0x85][0xa4][0xe6][0x16][0xe4][0x17][0x81][0x1d]V\[0x9a]W[0xa2][0x90]X\[0x90]Z[0x94][0x9]r[0x15][0x92][0xfd][0x16]FH[0xf6][0x1b][0xe3][0xb3][0xdf][0x12]nPiqIf[0xb2][0x82]{Qb^fI[0xaa]BpF~j1[0xa6][0xed][0xf9]%[0x89][0xb9][\n]"
12:44:00.984 [main] DEBUG org.apache.http.wire -  << "[0x85][0xa5] [0xfb]S[0x12]s[0x15][0xca]Rs[0x90][0xac]51#[0xd2]ZK[0x3][0xb8][0xb5][0xc1][0xf9]y[0x95][\n]"
12:44:00.985 [main] DEBUG org.apache.http.wire -  << "[0x1][0xc1][0xa6][0x18]V[0x15][0xe4]$V*d$[0x16]+[0xe4][0xe5]+[0xe4]d[0xe6]f[0x96][0x80]\[0x3][\r]_#KK$[0x9b][0xf0][0x5][0xb0][0xa5][0x11][0xdd]l2[0xa6][0xa6]M[0x86]x"[0xcd][0xd2][0x94]n6[0x99][0xc1]mr-J[0xcf][0xcf][0xcb][0xcf][0xcd]LV[0x8][0xcf][0xcf]OI[0xcd]Sp[0xcf][0xc9]/[0xc3][0x92]B[0x82]3s[0xb2][0x11][0x19][0xc1][0xd8][0xd2][0x18]9M[0x98][0xe2][0xf3][0x15]"[0xb3][0xba][0xe7][0x17][0xa5][0xa7][0x82]2+[0xc8]0\[0x16]A22[0xc2]*3[0xb]Cc[0xa4]Da[0x80][0xcf]*D[0xae]sL-[0xca]O[0xa9][0xcc]K[0x4]y[0xc][0x9a][0xef][0x82]32[0x8b]J0[0x92][0xa3]gQ~[0x1e][0xc2]2[0xb][0x13]S[0xe4],[0x86][0xd7]_[0x88],[0xe6]RZ[0x4][0xca][0xd3][0xf0]<[0xe6][0x94][0x98][0x8e]a[0x8f]s~^rQj[0x9]([0xe3]C[0x13][0xbb][0xb1][0x85][0xa1][0x1][0x92][0xc7][0xf0][0xa4]vK[0x3]D[0xbe][0x82][0x87]a@bAj[0x11][0xee][0xf2][0xe][0x12][0x9b][0x8][0x9f][0x99][Z[0x98][0x10]k[0x1b]U[0xf3][0x16][0x9e][0x8][0xb3]40[0x81][0xa7]C*[0x94][0x17]xb[0xcb][0xd2][0x80][0xaa]y[0xb][0xaf][0x9f][0x10][0x89][0xd0]#5[0xb1][0xac]R[0xc1][0xa5][0xb4][0xa4]R![0xb8]$55G[0xc1]#[0x11]3[0x1][0xa2]G[0x94][0x99][0x81][0xa9]9RD[0xe1][0xb5][\n]"
12:44:00.985 [main] DEBUG org.apache.http.wire -  << "3[0x9]BSEFb&f[0x15][0x8]v[0x3]"E[0x98][0x99][0x1a]"Wg[0xf8],[0x2]%Th[0x85][0xeb]X[0x9e]Z[0x9c][0x9f][0x9b][0xaa][0xe0][0x93][0x9a]X[0x92][0x1]J[0x80]9[0xf9][0xc9][0xa0][0x82][0x1][0xb5][0xb6]E[0xcd]U[0xe6][0x86][0x16]DfaK[0x90][0x93][0xa0]6[0xc1][0xab]v[0xa7][0xa2][0xfc][0xbc][0xaa]T[0xdc]I=[0xa8]4)[0x9]\[0xe3]C3[0x96][0x5][0xd1]%[0x86][0xa5]!"[0xa9]C[0xeb]I[0x9f][0xcc][0xbc][0xd4]<[0x85][0x80][0x9c]DpVE[0xf5][0x15][0xba]E[0xc6][0x86]&[0xa6]DF[0x15][0xa8][0xc][0x83][0xfa][0xcb]75%3?[0xb9][0x8][0xe4]!H[0x91][0xa0][0xe0][0x8c]5[0xc][0xc1].AD[0x97][0x89][0x99]!r[0x91][0x8b]7[0xba][0x90][0xb2]Ue^jQz&[0xb8][0x9][0x0][0x8a][0x14][0x5][0xec][0xa5]`@N"H[0x9][0xc2]6Sc[0xb][0xe4][0xc2][0x9][0xaf]m[0x88][0xac][0x85]\[0xea]B[0xca]q[0x5][0xef][0xbc][0xcc]4P[0xa1][0x87][0x1a][0x92]X[0xec]3%:[0x89] */d[0xfb][0x1c]sJs3[0xf3]Js[0x15][0xb0][0x95][0xbe][0xd0][0xd4][0x8a][0xe4]?Kc[0xa2][0xfd][0x87][0xa8][0xc0][0x90]3tfN[0xb6]BxbNN*f[0x96][0x86]$X[0x84]e[0x96]f[0x6][0x16][0xc4][0xa6][0x13]D[0xe9][0x81][0xd1]p[0xc4]a[0x1b][0x86][0xdf],[0xcc][0xc][0x91][0x8b]z[0xbc]q[0x87](A[0x90][0xc3][0x12]Zc[0xe2][0xb0][0xd0]9[0xbf][0xa0][0x0]9[0xbf]Y[0x9a][0x19]"7[0xdb][0xf0][0xd9]g[0x84][0xa8][0xc8]`[0x5][0x9]4)(8'b[0x96]X[0xe8][0x1]ill@l[0x91]ed[0x8][0xaf]Z`6AJZ\[0xed][0xe]P[0x9b][0x4][0x11]e[0xa6][0xc4][0x97][0xc2]F[0x88]2[0x4]^dA[0xad][0xc2][0x9e][0xd9] [0x92][0x8][0xbb][0xcc][0xcc][0xcd][0x90][0x1b][0x1d]x[0xc3][0xf][0xd1][0x18][0x85][0x17]#[0xe1][0xf9][0xf9]98[0x8a][0x10][0xf4][0xf0]3[0xb5]0!:[0xfc][0x10]e[0x8][0xdc]&[0x88]q8[0xba][0x10][0xe8][0xbe]260%6[0xd1][0x1b]!J[0x10]h)[0xc]Ib8l[0x82][0xa6][0x18]D[0x0][0x1a][0x1b][0x11]]e[0x1a]![\n]"
12:44:00.985 [main] DEBUG org.apache.http.wire -  << "[0xf]*[0xb4]8[0xf0]F[0x15][0xa2][0xd8]@[0xe4]dH[0xf5][0x8c][0xa3][0x19][0x90][0x83][0xf0][0x91][0xa5]%[0xa8][0xca][0x85]w5[0xf1][0xda][0x83](1[0xe0]mCXg[0xf]{5[0x6][0x95]E[0xd8]fnhIl[0x93][0xc3][0x8]Q`x[0xe6][0x95][0xa4][0xe6][0xe4]d[0xa6][0xa7][0xe6][0x95](@S[0x6][0xb6]<[0x8c]a[0x9b][0xa9][0x89])[0xb1][0x15][0x19][0xa8][0x8c][0x86][0xd6][0x9a][0xf0][0xac][0x5]n[0xc5](8[0xe5][0x97][0x94]`[0xe9]E[0x83][0xaa]8[0x84][0xbf][0x8c]-[0xc][0x88][0xad]T[0x8c][0x11][0xc5][0x85]'[0xa8]VN[0xc9][0x4]u[0xd5][0xa1])M[0xc1][0x19]k{[\n]"
12:44:00.985 [main] DEBUG org.apache.http.wire -  << "V[0xe3] ,42 :[0xda][0x8c][0x11][0xa5][0x6]"y@[0x93][0xbd]s>[0x96]v"[0xd4]-[0x8][0xcb],[0xcd]L[0x88][0xad][0xc2][0x8c][0x11][0xc5]FpNjj[0xb6][0x2][0xb8]m[0xa1][0x80][0xd5][0x1e][0xd4]r[0xd0][0xd8][0xd4][0x88][0xe8] D[0x94][0x18]>[0x99][0xe9][0x19]%[0xe5][0xa9] [0x12]6[0xea][0xe1][0x94][0x9a][0x97][0x9c][0x81][0xd1]+[0xc2][0xa8][0xbb]L[0xcd]A[0x5]7Q[0x9][0xdf][0x18]Qj[0xc0]K(hbS[0xf0]N[0xad]L[0xca]O,J[0xc1][0xb0][0x10]TX"[0x82][0xd0][0xc8][0xc8][0x84][0xd8][0x9a][0xb][0xd4][0xdf][0x85]&E[0xe4][0x9a][0x12][0x14]Z[0xb8]m[0x3]gw[0x84]u[0xe6][0x16][0xc4][0xc7][0x18][0xa2][0xf4]@jt@[0x83][0xb]G[0xb9][0x88][0xde]<[0xb5]4[0x2][\r][0x94][0x11][0x17][0x96][0x88]B[0x4][0xc9]:X[0x9f][0x15]WnC[0xb7][0xd0][0xcc][0xc]T[0xbf][0x13]g![0xa2][0x1c][0x81][0x97]Z[0xa0][0xcc]K\[0xed]laAt;[0x0][0x14][0xe2][0xd0]x[0x83]u[0xd3][0xa1][0xb9], 1[0xf]<[0xf6][0x84][0xda]2E[0xaf][0xc6][0x8c]L[0xcd][0x88]-[0xad]@u+[0xd4]*xi[0x5][0x9]"[0x1c][0xad]nPt[0x2][0x0][0x0][0x0][0xff][0xff]"
12:44:00.985 [main] DEBUG org.apache.http.wire -  << "[\r][\n]"
12:44:00.986 [main] DEBUG org.apache.http.wire -  << "668[\r][\n]"
12:44:00.986 [main] DEBUG org.apache.http.wire -  << "[0xca]@nI[0x99][0x1a][0x1a][0x13][0xdb]r3A[0x94][0x1f]n[0x89]y%[0xe0][0xe6];l[0x8][0x7][[0xb][0x18][0xa3][0xf8][0xb0][0xb0] [0xba][0xc5]m[0x82](>[0xa0][0xf5]3([0x1b][0xe1]hs@|[0x8c]H[0xf4]&[0x86][0xa0]QA[0xa2][0x12][0x85][0x9][0xa2][0x4][0x9]F[0xea][0xb7][0xc0][0xca]Y[0xac][0xdd]g[0xb4],ff`It[0x8]"[0xca][0xf][0xe4][0xaa][0xc][0x9c][0xa3][0xb1][0x8f][0x92][0x82][0x12]([0xc2]cF[0x6]D[0xd7]c[0xa0][0x1]Th[0xca]@D[0x16][0xc8]4[0x5][0xec][0x89][0x10][0xcd]S[0x16]&[0x16][0xc4]6[0xdb]L[0x10][0xe5][0x6]r=[0x6][0x19]+"[0xa2][0x85]ma[0x4][0x1a]k".[0xb6][0x10]e[0x6][0x92]U[0xe0][0xe0][0xc3][0xde][0xee][0x0]I![0x82][0xcf][0xcc][0x4][0x14][0xdd][0xc4][0xd9][0x84](,[0xe0][0x19][0xb]V[0xd2]c[0xaf]W0r[0xb1][0x5][0xa8][0xb6] [0xca]2S[0xcc].[\n]"
12:44:00.986 [main] DEBUG org.apache.http.wire -  << "8[0xa6][0x8]7[0xda][0x8c][0xcd]M[0x89][0xad]ML[0x11][0xcd][\r][0xc4][0x0],[0xbc][0xb8][0xc5]f[0x15][0xc8][\r][0x88][0xc0][0xb3]41&[0xda]*D[0xa6][0x82]W[0x93][0xe0][0xf4][0x85][0xa3]P[0x82][0xe5]6[0x84]e[0xa6]fD'tSD[0x9e][0x82][0x96][0x14][0xa0]H[0xc7][0x9a]qQ=ddiFl[0x13][0x14][0xe4][0x18]hfBJw[0xb0][0xf4][0x10][0x9e]X[0x82][0xa5][0x9d][0x81]Q[0xfa][0x99][0x19][0xa0][0xc][0x87][0xe2]k`[0x83][0xfa][0x16]P[0xfb][0xe0]U[0x15]lp[0x3]W3[0x3][0xdc]HE[0x84][0xa0][0x99][0x91][0x19][0xb1]}!P[0xa7][0x9]j[0x1b][0x92][0xef] [0x11][0x86][0xad]\[0x87]TfHV[0x19][0x1b][0x13][0x1d][0x90][0x88]l[0x85]([0x95]`[0xd1][0xaf][0x80]=c[0xa1]y[0xcc][0xd4][0x94][0xe8]Ll[0x86][0xc8]W[0xc8][0x85];4$[0xb1][0xf][0x81]A[0xba][0x15][0x8][0xcf][0x99][0xa2]N[0x10][0xe1][0x8b]53D[0xe][0x83][0xd5][0xfb][0xb0]$[0x82][0xa3]t[0x2][0x8d][0xd0]"[0xac]26$z[0x0][0xc][0xd4]{[0x87]F[0x19]4[0xd1]#[0x2][0x11]{7[0x5][0xe2]i[0x84]e&&[0xa0][0xf1]A[0xa2][0x8a]'3D[0xe][0x83][0x97][0x85][0xa0][0xac][0x84]c[0xa0][\r]=[0x4]M[0x8c][0xcd][0x89]M[0x1e][0xa0]$[0xb][0xf5][0x16][0xdc]&Hj[0xc3]1<[\n]"
12:44:00.987 [main] DEBUG org.apache.http.wire -  << "[0xca][0xea][0x8]?Y[0x98][0x11][0xdd]p2G$[\r][0xb8]M[0x90][0x12]\[0x1]{v[0x86][0x95][0x94][0x8][0xdb][0x8c][0x8d][0x89][0x1e]b6G[0xb4][0x9c] [0x9d]![0xe8]h[0x17][0xf6][0x91]JL[0xab],[0xcd]A[0xee]%*[0xb2][0xcc][0x11]e/r1[0xf][0x9e][0xa9][0xc6]>6[0x84]i[0x9d][0xb1][0x5][0xa8][0x0]"[0xce]:[0xa4][0xc1][\r][0xa4][0xf6][0x13][0xb4][0xf0][0xc3][0xd5][0x8a][0x87]%VD`Z[0x18][0x10][0x1f]u[0x88]F[0x0]4[0xed][0x83][0x13]#[0xf6][0xf6][0x13]4[0x3]",261&[0xb6]\[0x4][0xe5]Fhj[0xc][0xce]M[0xcc][0xc9][0x81]O[0xb6]a[0xf]G[0xf4]toi[0x2][0x9a]k"*[0x14]Am-[0xa8]MP/AS=v[0x9b] [0x9][0x15][0xc9]O[0xa6]D[0xb7][0xab]A[0xd3][0xf9]P[0x9b][0x90][[0xa0][0xb0][0x8][0xc1][0xde]?[0x87][0xc9]"l[0xb4]0[0x5][0x15]v[0xc4][0xf9][\r][0xd1][0x92]G[0xea][0xe7][0x81][0xb]u[0x1c]MQ[0xc][0xef][0x11][0x9f][0xfa]A5,[0xdc]{[0xc9]E[0xa9][0xd0]1[0x15]p[[0x14][0xc7][0xf8][\r]j[0x11]bdnF[0xec][0xe0][0x83][0x5][0xa2]XD[0xee][0x9e][0xc3][0xb2][0x13][0xae][0x91]zPbE[0x4][0xa4]1[0x9][0x89][0x4][0x91][0xd5]P[0x13][0x9][0xf6][0x6]=x[0xbc][0x5]a[0x91][0xb9][0x5]h[0x1c][0x8d][0x88][0x18]36F[0xf2]X[0x84][0x93][0x84]![0xc6][0x88][0x6][0xc2]T[0x13][0x94][0xd5][0x13][0xe8][0x95]#lm[0x8a])R7[0xd5]=173[0xf]s[0xae][0xda]-[0xbf]H![0x1d],[0xa5]PPZT[0x90]_[0x9c]Z[0xac]T[0x8b][0xb4][0xbc][0xc5][0x12]4[0xae][0x0][0x8d]Y[0xe4][0xa1][0x1e]h>[0xc1]Q[0xbf][0xa2], 0[0xb1][0x4]5[0xe3][0x88][0x8][0x1]#K[0xb]D[0x11][0x83][0xd4]"[0x82][0xf6][0x9d]qTE[0xa0][0xfe])"`[0x8c][0x8c]@y[0x9a]([0xcb]@}U,>[0x83][0xe4][0x2][0x9c][0xb5][0x11][0xa8]@GXgn[\n]"
12:44:00.987 [main] DEBUG org.apache.http.wire -  << "j[0x11][0x10]g[0x1d][0xa2].B4[0xc1][0xa0][0xf5][0x11][0xf6][0x6][0x18]ZJ[0xb2][0xb4] :[0x8b]X"[0xf2]>[0xbc][0x1d][0x1b][0x4][0x9e]:[0xc5]3[0x80][0x85]>/hlfD[0xec]p[0x8][0xa8]#[0xe][\r]J[0xe4][0xd2][\r][0x94][0xe5][0xb0]N[0xf6]@c[0x14][0x11][0x8e][0xa6][0x6][0xa0]Y{[0xe2][0xc2][0x11][0x91][0xfd][0x91][0xd2][0x8][0xb4][0xbe][0xc1]n[0x1b]h[0x9e][0x17]a[0x97][0x91][0x5][0xa8]}J[0x9c]][0x88][0xac][0xf][0xa9][0x89][0xc0]Q[0x82][0xa3][0xbd][0x8c]YZ[0x1b][0x13]?l[0xb][0x1a][0x95][0x87][0x86] Ri[\r]M[0x8b][0xd8]s[0x19]j[0xc2][0xb7][0xb0]$z[0xe2][0xd1][0x12][0x91][0xcb][0x10])[0x11][0x9a]<[0xb0][0xf5]; [0x89][0x14][0x11][0x80][0xc6][0x16][0xa0]Afx[0x0][0xe2][[0xcd][0x2]*[0xa6][0xa0][0xde]B[0x8a],H%[0x84]=[0xd1][0xc3][0x8a]q[0x84]u[0xe6][0xa6][0xa0][0x1]0[0xb8]u[0xb8][0x97]~[0x18][0x1b][0x80][0x6]4[0xe0][0xd6]![0xa6],`1[0x83][0xa3][0x1b][0x8c][0xde][0x80]0C[0x9d][0x91][0xc1][0xed]?c[0x3][0x3]D[0xa6]F[0xf2][0x1f]4[0xda][0xb0]7h[0xd1]C[0xd3][0xc4][0x8c][0xc8][0xfe][0xbd][0xb1][0x1][0xa8]][0x83][0xc5]{[0x10][0x13]q[0xf4][\n]"
12:44:00.987 [main] DEBUG org.apache.http.wire -  << "[0xa0]-BDp[0x1a][0x99][0x19][0x11][0xd7][0x10]3[0x6][0xe7]I[0xa8]}[0x90][0xe6]3< [0xb1]/lD[0xab][0xd2]M[0x89]L[0x91][0xc6][0x6][0x6]H[0xf9][0xc][0xa9]5[0xb][0xc9]m[0xd8][0x1b][0x98][0xe8][0xfd]*#[0x3][0xd0][0xb0]=<[0x95][0xe0][0x8d]4Dg[0x18]6_[0xc].[0xa9]|[0x12]s[0xb]0[0xea]\pw[0x1c][0x11]z[0x16][0xa6][0xa0]^;[0xdc][0x1a][0xf4][0x9a][0x17]Qs[0x1a][0x83][0xe7][0x87]`[0xa1][0x7]n[0xc6]B[0xbc][0x83]c[0xd1][0x1d]F<[0x99][0x12][m[0x1a][0x1b] [0xad][0xa4]A[0x8b]'[0xec][0xed]Xt?[0x11];[0x8e]`l[0x80][0xb4][0x88][0x6][0x16]t[0xd0][0x82][0x3][0xdb]@[0x16][0xb4]PF[0x84][0x9e][0x11]x[0x15][0xe]q[0xa1][0x87][0xe8]O![0x15][0x88][0x90]X[0xc7][0xbd]>[0x8][0xc3]F[0xa2][0xbb][0xa6][0xc6][0x6][0xa0]57[0xb0][0xf8][0xa2]|E+[0xde][0x94][0x81][0x18][0xb9][0xa5][0xe9][0xcc][0xb4][0xb1][0x81]![0xa2][0xa8][0xf][0x8]V[0xc0]\[0xa1][0x9b][0x9e][0x98][0x9b][0xaa]`[0xaa]P\[0x2][0x1e]/[0x86].[0xaa][0xc2][0xdf][0xb8]DI[0xe2][0x88][0x9c][0x4][0xf1][0x88][0xa1][0x11]F[0x6][0x82]/[0x2]F_[0x1]l[0xc]*[0xad][0x89]J[0xb][0xa0][0xa9]&[0xe4][0x98])03[0xc3][0xb0]&9?)1[0x11]D R[0x1b][0x9][0x16] F[0x90][0x9c][0xf3][0x93][0x12][0x15]RJsJ1l[0xc8][0xcc][0xcb]T[0xc8]H[0xcc][0xab]LT(H-[0x2][0xd9][0x94][0x98][0xa7]P[0x90]_[0xc]Z[0x13][0x4][\r]8SKKP[0x85]G[0x9c][0x9f][0x10]5[0x7]-b[0x6]4[0x95][0xb][\r]2[0x9a][0x18][0x8f][0xc8][0x9d]![0x89][0x98]A[0x5][0x8f]s,[0xb][0xbf][\r][\r]0[0x0]Q[0xb][0xa6][0x8c][\r]@[0xf5][0x16][0xd4]O[0x1e][0x5][\n]"
12:44:00.987 [main] DEBUG org.apache.http.wire -  << "a[0x99]e[0xf9][\n]"
12:44:00.987 [main] DEBUG org.apache.http.wire -  << "[0x91]F[0x98][0x9].7573'3;S[0xa1][0xb8] [0xb5]83-3;[0xb1]8S[0xa1]21/]![0xb1] [0x13][0xb4]~[0x11][0x1a][[0xa0][0xe6][0x2][0xb8][0xc5]@\|![0x92]:[0xfd]|[0x8c][0xb4]T[0x81][0xfe]>FZ[0xb6]0[0x0][0x96]#z0%[0xa9][0xc5][0xa0]m[0x18][\n]"
12:44:00.987 [main] DEBUG org.apache.http.wire -  << "[0x5]E[0xf9])[0xa5][0xc9][0xa0][0xec][0x86]:[0x8d][[0x92][0x91]Y[0xac][0x90]Y[0xac]P[0x92][0x91][\n]"
12:44:00.987 [main] DEBUG org.apache.http.wire -  << "S[0xa3][0x90][0x82][0xb4]![0x4][0xbe][0xa5][0x3][0x9c][0xf2][0x88]Lk[0xa0][0xc9]YhZ[0x3][0x97]lf[0x6][0x6][0x6][0x18]%[0x2][0xbe]dnJtI[0x0][0x9a][0xae][0x82]Z50^E4[0xbe][0x6][0xc6]~[0xba][0xd5][0x86][0xa0][0x11]HhH[0x83]#[0x95][0xe4]=+D[0xd7]X[0xa0]&=[0xd4]&D[0xde][0x1][0x0][0x0][0x0][0xff][0xff]"
12:44:00.987 [main] DEBUG org.apache.http.wire -  << "[\r][\n]"
12:44:00.988 [main] DEBUG org.apache.http.wire -  << "5FD[\r][\n]"
12:44:00.988 [main] DEBUG org.apache.http.wire -  << "[0xa2]WQ[0x85][0xb4][0xe]b@"[0x14]i[0xd4]i`[0xec]GT[0xad][0x3]c?[0xa2][0xec][0x82][0xc][0xad]a[0x14][0x1c]iXF[0xdd][0xe0][0xc5][0x14][0xb1][0x13]_[0xc6][0x6][0xa0][0x9]9h*[0x83]M|[0x81];2[0xd8][0xd7][0xb0][0x5][0xa5]f&g[0xa6][0xe6][0xa5]d[0x16]+[0x14][0xa7][0xa6](d[0xe6][0x95][0xa5][0xe6][0x95][0xe4][0x17][0xa5]*d[0xe6]%g[0xa6][0x80]6[0xa2][0xa5][0x96]($[0x96][0x96][0xa4][0xe6]"[0xed][0x7]#v[0x8d][0x80][0xb1][0x1]h}<[0xd4]1[0x3][0x13][0xea][0x88]bl[0x0][0xb2][0x1c][0xa2][0xc][0xa3][0x9a][0xe7][0x89][[0xf1]gl`[0x82]h[0xe3][0x13][0xb2][0x1b][0xd1]6[0x6][0xd5][0x85]DV[0x85][0xa0]us[0x3][0x19][0xb1]H[0xab]4[0x8][0xf9][0x8f]&M[0x1][0xa4][0x5][0x1c]T[0xb3][0x9f][0xd8][0xb8][0x5]mQ#2[0xec][0xc9][0x8a][[0xd0][0xfc][0x15][0x91][0xe6][0xd3]&l[0x11][0xfd][0x8][0xaa][0x85]-(i[0x13][0x1d][0xbe][0x88][0xc1]d[0xaa][0xd9]O[0xb4][0xdd][0x88][0x2][0x8b][0x90][0xdd][0xe4][0xc5]-[\r][0xca]$[0x92][0xc2][0x16]Q.[0xd1][0xb6][0x1a][0x4]-[0xc5][0x82]&b[0xda]Z[0x4][0x9a]7[0x80]ZD([0xc6]h[0x92][@s[0xbf][0xd4][0xb6][0x9f][0xd8][0xd4][\n]"
12:44:00.988 [main] DEBUG org.apache.http.wire -  << "[0x9a][0xe7]"[0xd2]n[0xb2]R+hn[0x8b]H[0xf3]i[0x13][0xb6]4*[0x89][0x88][0xac]d[0x91][0xd6][0xfa][0x90][0xd7]5![0xba][0xbb][0x9]Z|[0x7][\r]hZ[0xdb][0x84]([0x0]"[0x9c][0xf2]+[0x14][0x6][0xc3][0x84][0xb6][0xb1][0x81]9b[0xac]o@21[0xd2][0x9a]$[0xaa][0xd9]Ol&6G[0xf4]L[0x8][0xd9]MV&FZ[0x4]E[0xc8]|[0x9a]dbs[0x1a]T[0xe7][0xa0]*[0x8f][0xc8]L[0x8c][0xb4]pi@[0xbc][0xf]Z[0xfa][0x0][0xcd][0xda]T[0xb3][0x9f][0xd8][0xa4][0x85][0xb4][0xc0][0x89][0x90][0xdd]d%-[0xd0][0x9a]?j[0xfb][\r][0x14][0xb5]D[0xfb]o`[0xeb][0x7][0xa4][0xc5]*[0x84][0x82][0x97][0x16]9[0xcb][0x8][0xb4]U[0xb][0x1a][0xfc][0xb4]mc[0x81][0xce][0xdd][0x81]ZD5[0x8f][0x12][0x1b][0xc7]H'[0xcd][0x10][0xb2][0x1b]g[0x1a][0xc6][0xb7]<[0x1]iY[0xe]![0xf3]i[0x11][0x89][0xe0][0xfd]2[0xd4][0xe][P[0x1e]"[0xae]x4[0x4][0x8d][0x9e][0xd2][0xc2]z"[0xa3][0xd7][0x10][0xb4][0x91]l@[0xed][0xa7][0xc1][0xb8]$[0xd1]~[0xa7]m[0xcd]o[0x88][0xb4]4e [0x92][0xb6]!h[0xf9][0x18]-[0xe2][0x96][0xc8][0xa4][0x8d][0xb4][0x2]c@[0xbc][0x8f][0xb4].[0x83][0xb6][0x8d]zC[0xd0][0xee][0x5]h@[0xd3][0xda]&D[0x8d]Kk[0x9b][0x10][0xcd]FZ[0xdb][0x84][0x18][0xf3][0xa1][0xb5]M[0x88][0xd1][0x1f]Z[0xdb][0x84][0xe8][0xe6][0xd1][0xda]&[0xc4][0x1c]<[0x8d]mB_qB[0xf2]L![0xb1][0xdd]qC[0xa4][0x86][0x15][0xad][0xfd][0x84][0xa8]~hm[0x13][0xa2][0xb2][0xa1][0xb5]Mt[0xcb]OF[0x88][0xfc]4 %<[0xd2][0xe2][0x17][0xaa][0xd9]Ol[0xe3][0x1][0xb4][0x83][0x1]Z[0xe6][0x13][0xb2][0x1b]g[0xbb][0x18][0xcf]z8C[0xa4][0xb3]?h[0x9c]^[0x90][0x16][0xd4][0x10][0xf2][0x9]-Z[0xe0][0x86]Hkj[0xa8]j?[0x91][0xcd][0x14][0xa4]e[0x9]T[0xb5][0x9e][0xd8][0x84][0x84][0xb4]2[0x81][0xc6][0x11][0x8d]45Nk[0x9b][0x10]E[0x10][\r]V[0xda][0x19]"[0xcd]~"[0xf6][0x15]B[0x97][0xb9][0xe2]:A#[0xb0][0x14][0xb4][0x1c][\n]"
12:44:00.988 [main] DEBUG org.apache.http.wire -  << "q[0xca]lbqqinj^J[0xa2]BiNN"Y[0xd3][0xfb][0x86]H[0xb3][0xa0]4[0xe]P[0xa4]9[0xcf][0x80]`[0x13][0x8c][0xb5][0x13][0x5][0xc5]&[\n]"
12:44:00.988 [main] DEBUG org.apache.http.wire -  << "I[0x89]E[0xa0]E[0x87]H[0xb][0xf9][0x88][0xcc][0x0][0x3]<[0xdf]ih[0x8a]h[0xd3]R-[0x3][0x12][0x9b][0xf9][0x90]6[0xec][0x13][0xb2][0x9b][0xac]R[0x1c][0xb4][0xcb][0x8b][0xc8]Z[0x82]&e+h[0xef],-[0xec]'2i[\r][0xf0][0x4][0x96]![0xd2][0xc][0x12][0xa1][0xe8][0xa5]I[0xf0][0x83][0xf6][0x11]S;[0xf8][0x89]M[0xda]HsZ[0x84][0xfc]NV[0xd2]F[0xda][0x1f]O[0xc8]|[0xda][0x84]-[0xa2][0xe3]CU[0xfb][0x89]L[0xda][0xb4][0x9a]V!6zA[0xe7][0x18]@[0x93][0x16]-[0xaa]Xs[0xa4][0xe],[0xd2][0xee]#[0xf0].[0x19][0x1c][0xbb][0xaa][0xfc]s[0xf3][0xa0][0xcb][0xe8][\n]"
12:44:00.988 [main] DEBUG org.apache.http.wire -  << "Aumr~^qjaibIi[0x91]Br~[0x11][0xe8]tw[0xd0][0xa1][0xe7]I[0x99][0xc5][\n]"
12:44:00.988 [main] DEBUG org.apache.http.wire -  << "E[0x89][0xa0]S[0xe9][0x91]O[0x96]'zI[0x9d][0xa1]9"[0xda]i[0xe1]o[0xa4][0xe9]**T[0xe9]xv\[0x19]"MLA6(A7[\r]a[0xdf][0xda][0xe5]XZ[0xa2][0x90]Z\[0xa2][0x90][0x93][0x98][0x94]_T[0x9a][0xab]P[0x9c]X[0x90][0x99][0x9a]W[0x92][0x8a][0x8]Z[0xf0]*E[0xd0]*FrV*[0x1a]"MU[0xe5]%[0xe6]&B[0x16][0x8d][0x83]6[0x6][0xa0][0xae]+[0xcf][0x86][0x9e][0xf8][0x8f][0x90][0x87][0xb6]7[0x88]M[0xb6]HSV4[0x89]>D[[0x2][0xba]/[0x1d][0xba][0x87][0xc][0xd7][0xe][0xf8]`[0xd0][0x1a][0xcf][0xbc]D[0xf0][0xe1][0xff][0x89][0xe4][0x85][0x1c]b[0xa0][0xc]y[0x9f]/tW[0x16][0xf6]M[0x81]~[0x89]%[0xa5][0xc5][\n]"
12:44:00.989 [main] DEBUG org.apache.http.wire -  << "[0xa9]%[\n]"
12:44:00.989 [main] DEBUG org.apache.http.wire -  << "[0xc5][0x99]y%[0xe4][0xd9][0x8a]haS[0xb5][0xf4]#:[0x1e][0x7][0xb8][0xeb][0x8f][0xb4]+[0x1e]i+[0x1c],[0xb2][0xb1]m[0xbc][0xb][0xcb][0xcf])-(I,I-V(At[0x3]RK[0x14]RK[0xc1][0xb1][0xaf]P[\n]"
12:44:00.989 [main] DEBUG org.apache.http.wire -  << "^[0xe9]K^l [\n]"
12:44:00.989 [main] DEBUG org.apache.http.wire -  << "[0xa5][0x1][0x89][\r]z[0xcc][0x84][0xe2]+[0xcb]h1A[0x9][0x9a]DCN[0x8d]x&[0x11][\r][0x91]&)a[0A[0xfb]nq[0x9c][0x8e][0xe0][0x8][0xba][$[0xf]\1[0xc1][0x97]y[0x17][0x96]f*[0xe4][0x95][0xe6][0x16][0x96][0x92][0xd9][0x15][0xa4][0xc7]4&[0xde][0x10][0xc0]([0xf8][0xa0][0xe7][0x9][0xe0]8,[0xd3]3[0xb7] 5%[0xb3]D[0xa1]([0x15]T[0x9b][0xc0].[0x80][0x1]W[0xdc][0xa0]Z;[0x13][0x9c][0x1b][0xe0]]dp[0xad]C^}[0x8d]t[0xab][0xc7][0xc0]d[\r]DA[0x89][0xd8][0xd8][0xf]-[0x9c][0xb1][0x9f][0xba][0x85]t[0x15]MQjAiJfb^Jb*E[0x8d][0x16][0xa4][0x93][0xc]h[0x16][0x8]xS[0x7][0xa2]5G3[0xfb][0xf1][\r]f[0x82]F[0xfe][0xa1][0x8d][0xd5][0x81][0xb0][0x1f][0xdc][0xba][0x1c]P[0xfb]i[0xb0][0xbe][0xe][0xb9]l[0xc4][0x13][0xf6]FH[0xc7]1[0x10][\n]"
12:44:00.989 [main] DEBUG org.apache.http.wire -  << "{r[0xfa][0x81]F[0xa0]3[0xa6][0x7]2lA[0x87][0xef]C[0xed][0xa7][0xe9]*[0x1c]#ZM[0xe7][0x13][0xd7][0xe1]4[0x2][0x1d][0xad][\r][0xf5]'[0xa1]x[0xa4]E[0xdb][0x8]i:[0x9d]f[0xf6][0xe3])[0xc3][0x8c][0x90]&[0xd9]if?[0xbe]|[0x4][0xba]Tb@[0xc3][0x1f][0xd1][0xcf][0x18][0x18][0xff]#*R*[0xf4][0x8c][0xf1][0x86]4[0xa2][0xb6][0xa2][0xb1]Mt[0x9b][0xd2]6B[0xba]%[0x83][\n]"
12:44:00.989 [main] DEBUG org.apache.http.wire -  << "~[0xc2][0xd3][0x16]7B:[0xe5][0x80][0xb6][0xe5][0xa1][0x11][0xa2][0xc9]I[0x5]/[0xe1]K[0x10]H[0x17]d[0xd0][0xda]&D"[0xcf][0xcc]K[0xc9][0xcf][0xcd][0xc4][0xbc][0xbb]'1[0xbb]T[0xa1][0xb8]4;Q[0x1][0xa1][0x0]:[0x6]bD[0xf4][0xc9][0x9]FH3[0xe7][0x8]cP[0x87]Z[0xa8]c[0xf]RVJ[0xcc]-.[0xcd]KW[0x8]62V[0x8][0xcd]))J[0xc4][0x98]EB[0xaa][0xfe][0xcd][0xc][0x88];_[0xd9][0xd8][0x8]i[0x1e][0x9c][0xc6]q[0x83]4O[0x1d]L[0xd0]/[0xee][0x89]9[0x89][0x15][0x95][0x8][0x1f][0x11][0xdb]ZB[0x9a][0x8c][0xa6][0xb5]w[0xe8][0xb5] [0xc4][0x8][0xf9][0xdc][0x6][0x82][0x1][0x87][0x8]2C[0xe2][0x13][0x1][0xd2]q[\r]$[0x86][0x1a][0x0][0x0][0x0][0xff][0xff]"
12:44:00.989 [main] DEBUG org.apache.http.wire -  << "[\r][\n]"
12:44:00.990 [main] DEBUG org.apache.http.wire -  << "613[\r][\n]"
12:44:00.990 [main] DEBUG org.apache.http.wire -  << "[0x82]\,J[0xf4][0xf6]n#[0xd0][0x81]V[0xd0]Z[0x98][0xd6]6!F[0xb8]hm[0x13]"[0x93][0x6][0xe0]8[0xcf][0x3]t[0xce]NJjqvQfAq&[0xb9][0x83][0xaf]FHK[0x1d]h[5 [0xad]i[0xa0][0xb1]E[0x88][0x8e][0x15][0x8d]-B,[0x14][0xa3][0xb1]E[0x88]b[0x1][0xf5]$W[0xd0][0xa5]c8f^[0xc2]R[0x8b][0xc0][0xd7][0xfa]B[0xe]1@[0x1a][0xdd]D[0xdc][0xa2][0xab][0x90][0x92][0x99][0x9e][0x97]Y\[0x9c][0x99][0x9b]_L[0xce][0x10][0xa7][0x11][0xdd][0x16][0x8f][0x18]![0x1d][0x9a]@[0xe3][0x8c][0x87]t/[0x5][0xad]m[0xa2][a[0x82]t[0xf2][0x1][0xac][0x96][0x84][0xd4][0x85][\n]"
12:44:00.990 [main] DEBUG org.apache.http.wire -  << "[0x8e][0xc6][0xa4][0x9d][0xd6]C|[0xa1][0x8c]t[0x1a][0x2][\r]&u[0x8c][0x90][0x96][0xfb][0xc]H[0xcf][0x7]i[0x99][0xcf][0xc0][0xd8][0x8f]({[0x6][0xc6]~D[0x91]40[0xf6][0xa3]u4hw[0xee][0x94][0x11][0xd2]z [0xe4][0xd2][0x17]|[0x82][0xc][0xd6][0xa3]0A[0xd3][0xc][0x88]&[0x93][0x91]9[0xa8]%D[0xcc][0xd9]iFH+[0x83][0x90][0xef][0x83][0x0][0xdb]D[0xd4]![0xda][0x90][0x83]'[0x89][0xb3][0xb]Q[0xfa][0xc0][0xce][0xc4][0x81]L[0xe4]c?[0x14][0x7]:s[0x80][0xf0][0x96][0xa9]![0x91]G[0xfe][0x1b][0x1b][0x81]N[0x2][0x85][0xb6][0xcf]`31[0xb0][0xd3]kq[0x9c][0xb0][0xe][0x9d][0xb3]C[0xd8]fa[0x2]:[0x8c][0x97]8[0x8f]![0xe6][0xdd][0x10][0xb7][0xc8]A[0x8e][0xae][0xc5]QUBW[0x9]"l31[0x5][\r] [0x12]e[0x1b][0xd2]Q[0x7][0x90][0x19]{pdaM[0x16][0x90][0xb9]|[0x84]-F[0xe0]5[0x8b][0xc4][0xd9][0x82]h[0xd2] [0x1f].[0xe]1[0x11][0xd7][0xea]F[0xd4]dhj[0x9][0x9a][0x8e]"[0xce]6D[0xd9][0x2][0xbf][0x1e][0x7][0x1a]FX[0xaf][0xad][0x81][0x4].[0xc2]c[0xc6][0xe0][0xea][0x9a]8[0xab][0x10][0xc5][0x8]r[0xde][0x82]z[0xc]{R[0x84][0x9c][0x1a][0x8c]d[0x9d][0x5][0xa8]0&[0xce]:[0xc4]x[0x19][0xdc]gx[0xed][0x82][0x1c][0x19][0x8c][0xb0][0xcb][0x8c][0xe8][0xb3]z[0x8d]HXkE[0x93][0xb1][0xd9][0x1]^[0x8b]ed[0x86][0xc8][0x87][0xe0][0x86][0x14][\r]KhPI[0x4]-`[0x6][0xa4]2[0x1a][0xe0][0xa3][0x12][0x8c]hqT[0x2][0xfa]T;[0xbe][0xb1]8[0x12][0x8e]K[0xa0]IR[0x1f][0xe0][0xe3][0x14][0x8c][0x6]x[0xdd][0x9f][0x11][0xfa][0x2]5[0x1a]f5[0xe4][0x15]j4=[0xfc][0xd9][0x8]iU[0x18][0xad][0xcb][0xf][0xb][0xb4][0xc6]$[0xcd]v[0xb1][0x19]Y [0xc6][0x92][0xc1][0x9e][0xa2][0xa1]M[0x88][0xf6][0x1d][0xad]mB+[0xe8]i[0xe7]'[0xa4]%E[0x88]u[0x1b][0xd0][0xb6]"[0xae]V[0x90]cQrFfIjrI[0xbe][0x2]lEK1h}_>xejj1YK[0xed][0x8c][0x90][0x16][0x17][0x81]C[0x97][0x86]9[0xe][0xd4]l[0x83]Vn[0x8]OC[0xaf][0x95][0xc1][0xbe].[0xd4]/3#3G!5[0x11][0xb4]8[0x94][0xac]q[0x1d]K[0xba][0xe5][0x7]K[0xba][0xe5][0x7][0xa4][0xe5]&4[0x1d][0xac]3F:=[0x1]6[0xd8][0xe2][0x98][0x85]9[0xb1][0x82][0xef]Ld[0xa2]GY[0x8c][0x91][0x16]r[0x80][0xd3]![0xcd][0xf2][0x9e]1[0xf2][0xd5][0x13]4-[0xf8][0x8d][0x91][0x16]5[0xd0][0xd8]OH[0xd3][0xf7][0xb4][0xb6][0x9]1[0x9c]Oc[0x9b][0xa8];[0xa9][0x8c][0xa7][0xd5]g[0xc][0xba][0xf5][0x8]Z0!wJ[0xe1]]{lW[0xe4][0xf8][0xa5][0x16][0x96][0xa6]*[0x94]A[0x96][0xdd][0x16][0x83][\n]"
12:44:00.990 [main] DEBUG org.apache.http.wire -  << "([0x85][0xcc][0x14]h[0xc1][0x8c][0xbc][0xdf][0xe]4[0x12]BL[0x8f][0xce][0x18]i[0xd2][0x94][0xc6][0x1]K[0xb7][0xcd][0xb7][0xc6][0xa0][[0x83][0xa0][0x1]Kk?[0xd1][0xab][0xa0][0x7][0xdf][0x9c]B[0x1f]?![0xcd]3[0xd1]8[0xf4][0x90][0xa6]?[0x6][0xcf][0xb9]}[0xc6]H[0x13][0x18][0x83][0xc9]U[0x88][0xe6][0xe8]`r[0x15][0xa2]X[0x1e]L[0xae][0xb2][0xd4]Q[0x82][0xe6][0x95][0xc1]r[0xbf][0xa1][0xb1]1h[0x8c]m[0xf0]9[\n]"
12:44:00.990 [main] DEBUG org.apache.http.wire -  << "1|8[0x88]B[\n]"
12:44:00.990 [main] DEBUG org.apache.http.wire -  << "1[0xc8]H[0xe3][0x2][0x8]i`[0x9d][0xc6]6![0x9d][0xa8]Kk[0x9b][0xe8]V%![\r][0xd0]z[0x4]([0xe4]f[0x96][0xe4]c[0xac]~[0x2]7[0xd2]KR[0x8b][0x92][0x12][0x91]/[0xc4]1[0x5][0xe9]$[0xaa]u2[0xc0]c[0xb0][0xc6]Hc[0xb0]T[0x1b][0x18]%r[0xd5][0x94]1[0x9][0x83][0xb2][0x88][0xf1]u[0xd0][0xa8]#qk[0x9f][0x8d][0x7]x[0xd0][0xd5][0x98]V[0x83][0xae][0xc4]z[0x1f][0x91]O[0xa8][0x16][0xb5][0xa0][0xd0]':z[0x11]=w[0x9a][0xd9][0x8f]g[0xe9]7[0xf8][0xce]vh}D3[0xfb][0xf1][0xf5]~[0x90]6C[0xf][0x8c][0xfd][0x88]F[0xc2][0x80][0xd8][0x8f]4[0xe6]<0[0xf6]#[0xa6]D[0x7][0xc6]~[0xc4]$[0xe9][0xc0][0xd8][0x8f]h[0xfa][0xc][0x8c][0xfd][0x88][0xf2][0x87]V[0xb5]'[0xd2][0x95][0xda][0x83][0xa7]ug[0x81][0xc8]wTh[0x9][0x19][0xeb](9C[0xb7][0xcf][0xa7][0x16]+YE#][0x1a]i[0x8c][0xb4][0x81]w[0xf0]x[0x1f]i[0xe0][0x1b][0xba].U[0xc1]5'[0x11][0xcb][0x85][0xe9][0xa0][0x8b][0x1f][0xc1][0xfb]#[0xc1]r[0xd0]5[0xbd][0xa0]AXx[0xc3][0x9][0xaf][0xdf][0x11][0xa9][0x9b][0x6][0xab][0xc7][0x8c][0x91][0x6][0xb8][0xdd]J[0x8b][0xf2]2KJ[0x8b]R[0x15]B[0xf2]1o[0xb5]E[0xc8][0xa6]$[0x16]e*x[0xa5][0x16]$[0x82][0x17][0xc9]C[0xfd]c[0x8]Z[0xe5][0x6][0xf7][0x10][0xbe][0xea][0x82]n[0x3][0xdd]&H[0xa7][0x7]S![0x81][0xe2][0xf1][0x93][0x9][0xd2]H7"[0x9c]h[0x19][0x8a]&H[0xfb][\n]"
12:44:00.990 [main] DEBUG org.apache.http.wire -  << "i[0xed]7D[0xf1][0x86]XE[0x4]Yy[0x82]c[0x15][0x91]cNfb[0xb1]BZiz[0xa2]B)[0xf2][0xa4][0x12][0xf8]8gb[0xd2][0x88][0x89][0x1]b[0x8c][0xc4][0xb3] #?/U[0xc1][0xd0]P[0xc1][0xcc]D!=[0x9]{[0xc7]$#[0x11]tx[0x8a][0x2][0xfa]}[0xb1]D[0xcf][0x1e][0x98][0x80]6t@[0xdb]P0[0xb][0x8d]hj![0xd2][0xd0]>[0xcc]B[0xda][0xfa][0x10][0xe9][0xbc]a:Y[0x88]([0xb8]h[0x9c]B[\r]1[0x86][0x19][0xcc]i[0x94]L[0xc][0x11][0xe9]2 1'[0xd1]'[0xdf][0x7][0xcf]t[0x16][0x96][0xd4][0x8][0x1a][0xcf][0x86]g[0x0]<[0xdb][0xd4]Lh{[0xb][0xb3][0x9]hQ[0x1f]4[0xb9][0xd3][0xa0]R1A[0xda]8[0xe8]T[0x94][0x98][0x9c][0x9a][0x93][0x8a]y[0x7][0xab]obJ[0xaa]B~[0x9a]BFfz[0x86]BaibNfI[0xa5]BAjbQN1[0xa2][0x13]l[0x4]2[0x9][0x1e]`[0xf8]J`[0xa4]Cqi[0xe2]#D[0x1b][0x97]&[0xc6]#[0xf2][\n]"
12:44:00.990 [main] DEBUG org.apache.http.wire -  << "[0xdd][0x2][0xc]Q[0xac][0xd3][0xcd]JD>[0xa5][0xa6][0x95][0xf8][0xf2][0x11][0xd2][0xcc][0x1c]5[0xad][0xc4][0x9b][0x12][0x11]e[0x4][0x8d][0xcb]=[0xa4][0xcd][0x85]4[0xea]x[0x98] M[0xf5][0xd1]2[0xfc][0xaa][0x95]<][0x94][0xac][0xc][0x8d],[0x90][0x8a]r[0xc7][0xe4][0xe4][0xd4][0xe2][0xe2][0xfc][0xa2][0xcc]TP[0x81][0x80][0xba][0xfb][0xb3]$_!5/#1/9U![0xb1][0x0]Th[0x80][0x98]J[0xb5]H}[0x6][0x13][0xa4][0xfd][0x90][0xc5][0xa9][0x5][0xa9])[0x98][0x5]ubf%H[0x10][0xda][0x80][0x5][0xef][0xa3] [0xaa][0xa8]A[0xda][0x4]I[0xcb]0A[0xf1][0xc][0xa2]|[0xa0][0xb6]g[0xe8]_[0xc][0x80]6[0x1]@+[0x9f]`p[0xcc]([0xf8]d[0x16][0x97][0x14][0x81][0xc7][0x95]Q[0xa3][0x19]*[0x9d][0x3][0x91]V[0xc8]KOM*[0x5][0xd5]$[0xa4]G[0x19]b[0x88][0xe]j&[0xd4]J[0x5][0xa7][0xc4][0x9c]D[0xcc][0xce][0xe]T[0x11][0xaa][0xc5][\n]"
12:44:00.991 [main] DEBUG org.apache.http.wire -  << "I[0x89]y[0xe9][0xe0][0x9a][0xc]j[0xbf])h[0xeb][\r]qI[0x6]Q&[0xd0]-[0xc9] &[0xf4][0xe8]f%b@[0x80]B+[0x1][0x0][0x0][0x0][0xff][0xff]"
12:44:00.991 [main] DEBUG org.apache.http.wire -  << "[\r][\n]"
12:44:00.995 [main] DEBUG org.apache.http.wire -  << "2E1[\r][\n]"
12:44:00.995 [main] DEBUG org.apache.http.wire -  << ""[0xba][0xda]G[0x9a][0xe2][0x86][0x9e]h[0x7][0xed][0x99]`[r[0x11]Z[0xa2][0x90]ZT[0x94]_[0xa4]P[0x94][0x9a]\Z[0xc]9[0xb7][0xa8] [0x1f][0xb4][0xeb][0xaf][0xb4]X!7?[0x7]tk|b*[0xe8][0x90]@[0x85]L[0xc8][0x1]PHk[0xc6][0x88][0xef][0xbc] ]f[0x8d][0xe8]0[0xf9]d[0xe6][0xa5][0xe6])8[0xe5][0x97][0x94][0xe4]`n[0x9a][0x7][0x1d]_X[0x90]ZT\[0x90][0x99][0x9c][0x99]X[0x92]Y[0xc]][0x6][0xa2][0x90][0x92][0x99]\[0x92][0xa8]P[0x90]_T[0x94][0xaf][0x90]YP\[0x9a][0xab][0x90][0x8a]|[\n]"
12:44:00.995 [main] DEBUG org.apache.http.wire -  << "[0x1f][0x9]NB4_[0xe8][0x16]3[0x88]"[0xb][0xb2][0x1d][0x4][0x12][0x2][0xee]9[0xf9]eX[\n]"
12:44:00.995 [main] DEBUG org.apache.http.wire -  << "t[0xff][0xb4][0xb4][0xcc][0xe4][0xcc][0xcc]b[0x5][0xe4]s1[0x13][0xf3]2s3[0xe1][0x11]S[0xc][,S[0x92][0xaa][0x90][0x92][0x9a][0x93][0x9a][0x97]Y[0x92]I^[0xfc][0xd0][0xbf][0xc8]C[0xda][0xb4][0xe9][0x9e]_[0x94][0x9e][0x9a]_Z[0xac][0x0][0xdb]m[0x91]X[0x84][0xd1]Y[0xf1][0x7][0x9d]=[0x6]^[0xa3]Y[0x9a][0xb][0xba]_[0x1b][0x9a][0x4][0xc0][0xe7][0x8c]e[0xe6][0x17]C[0xce]cTH[0xcc][0xc9],,[0xcd]LQ([0xce]$[0xaf][0x93][0x8d][0xb4]<[0x2][0x91]Na[0xbb][[0x9c][0xf3][0x13]A%-jy[0xec]Z[0x2][0xea][0xd5]g&[0x96](@[0xd6][0x8c][0xe6]f[0xe6]e[0xe6]&[0xc2]N[0x86]S(.-N[0xce], [0xd7]5[0x88]"[0x12]y[0xc7]Wx~~[0x8e]BpFf[0x11]V[0xd7][0x80][0xce][0xfc][0x84].[0xa1]*[0xc9]L*-V([0xc8]ILNM,QH%3H[0x10][0x85]&[0x8d][0xdb]n[0xa0][0xaa][0x3]Z[0x9]*`[0xc4]?x[0xb2][0x95][0xe2]1[\r][0xa4]S[0xd1][0xc9][0xf2][0xc][0x91][0xf3]_&H'[0xa4][0x93]e[0xf][0xf1][0xa3]4Hg[0xa1][0xd3][0xab][0x18]C[0xda][0xf2]H7+[0x11][0x8d][0x15][0xba]Y[0x89][0xc8]|t[0xb3][0x92]~Y[\r][0xd1],[0xa1]q[0xfa]D[0xde][0x2][0x9]Y[0x19][0x8c]y[0x81]-[0xbe][0xbc]m[0x82]2+[0x80][0xde][0xc9][0x84]u[0x92]L[0x91][0x1a][0x18][0xee][0x89][0xb9][0x99][0xe0]i[0x5][0xd4][0x82][0xda]-[0xbf]H[0x1][0xb2][0xb6][[0xa1][0xa0][0xb4][0xa8] [0xbf]8[0xb5][0x18][0xb5]wD[0xb7]U,&H[0xb7]@[0xd3]:[0xf4][0x91]Z[0x1c][0x90][0xd0]7[0xa5]Q[0xc9]j[0x86]hA[0xd0][0xda]O[0x88]![0x13]Z[0xdb][0x84](u[0xa0]6[\r][0xda][0xb4][0x8b]([0xac]p[0xba][0x14]1[0x84][0x88][0xaf][0x16][0xa3]j[0x8e][0xc2]([0xcf][0x6]m[0xf8]a[0x94][0x87][0x98].[0xa5][0xf8]!-[0x92][0x82][0xc6]*[0xad]r/[0xd2]r)[0xbf][0xc4][0xe2]L[0x5][0x97][0xc4][0xd2]<[0x5][0xaf][0xd4][0xa2]R[0xcc][0x3][0xdd][0xc1][0xf2][0xe5][0xa9]y[0x89][0xd9][0xd9][\n]"
12:44:00.996 [main] DEBUG org.apache.http.wire -  << "%[0xa9]y[0x89]y[\n]"
12:44:00.996 [main] DEBUG org.apache.http.wire -  << "[0xb9][0xa5]E[0xb9][0xa9][0xa0][0x16];t[0xc][0xc0][0xd0][0x12][0xff][0xb1]f[0xb0]$f[0x81]t[0xc8]mr~^I~[0x86]n2b[0xba][G[0x9][0xad][0xfc]N,[0xce][0xc8][0xcc][0xcf]KL[0xca]IE-[0xb7][0x91][0x96]Z[0x81][0xdd][0x86]p[0xbb]Bbeb[0xae]Bz~Q*[0x96][0xfa][0x0][0xac][0x96]J[0xfe]@[0xa4]s[0xc2][0xfe][0xc0]T[0x81]2F[0x87][0xb4][[0x96][0xd6]qN[0xb7]r[0x14][0xe9][0xe6][0x9]Z[0xfb][0x9]#[0x1f][0xd3]*[0xc7][0xd0]m[0xab][0xab][0x9][0xd2]VW[0x82][0xcb][0xd0][0xe9]U[0xb2]#[0xed][0x89][0xc5][0xe1]&Ds[0xb]Qn[0xd2][0xaf]-[0x87]t[0xd8][0xff][0xe0]t[0x1f][0xdd][0xd2])[0xd2][0xae]X[0x1c]!1[0x10][0xf1][0x83][0xb4]Ph[0xb0][0xb8][\n]"
12:44:00.996 [main] DEBUG org.apache.http.wire -  << "[0x0][0x0][0x0][0xff][0xff]"
12:44:00.996 [main] DEBUG org.apache.http.wire -  << "[\r][\n]"
12:44:00.997 [main] DEBUG org.apache.http.wire -  << "200[\r][\n]"
12:44:00.997 [main] DEBUG org.apache.http.wire -  << "246A[0xda]LK[0xe3]r[\n]"
12:44:00.997 [main] DEBUG org.apache.http.wire -  << "i[0x89][0x11][0xf6][0xd5][[0x3][0x9b]}[0x90][0xd6]#aw[0xde][0x80][0xa4][0x19]D-[0x8b][0xdd]Q[0x3][0x1a]f[0xa6]H+[0xab][0xb0];o[0x0][0xc2][0xcc][0x14]i[0x11][0x16]mS[0xb4])[0xd2][0xe2]+[0xec][0xde][0x1f][0xe0][0xd8]A4v[0xb0];o@b[0x7][0xa3]I[0xa3][0xd6][\n]"
12:44:00.997 [main] DEBUG org.apache.http.wire -  << "[0xf8]\"[0xe8][0xd0]*v[0xef][0xf]l[0xec] [0xad][0xfc][0xc2][0xee][0xbc][0x81][0x88][0x1d][0xa4][0xd5]a[0xd8][0x1d]5[0xc0]a[0x86][0x18][0xda][0xc1][0xee][0xbc][0x1][0x9]3z[0x8d][0x2][0x99]"[0xad][0x8a][0xa0]q[0xc9]fH[0xb7]\[0x8a][0xb4][0x94][0x8e][0xd6]~B[0xd4][0xa5]4[0xb6][0x9]4m[\r]-yhm[0x13]bB[0x97][0xd6]6[0xd1]-[0x95][0xd3][0xed][0x1c]{S[0xa4]Ua[0xb4][0xe]=[0x8c][0xb1]JZ[0xd5]zH[0xb7][0xbd][0xd3][0xda]O[0xf4][0xea][0xcf][0x99]"[0xad]>[0xa3][0xb1][0x9f][0x90]V[0x8b][0xd1][0xda]&D[0xce][0xc5]^[0x95][\r]lMk[0x8c][0xc8][0xee][0xd8][0x9d]7[0x10]5-[0xf2][0x8a]1[0x9a][0xce][0xec][0x98][0xd2][0xed][0x0]}ScD[0xc9][0xe0][0x11][0xa0][0xe0][0x9c]_[0x94][0xaa][0x90][0xa9][0x80]Y8[0xe4][0xa4][0x16][0x94][0xe4][0x17](`[0xec][0xbc][0xb6][0x4][0x1][0xe2]6[0xc8][0x9a][0x1a][0xd3][0xad][0x2]DZ[0x8e]E[0xb7][0xad]x[0xb0][0x11]vS[0xa4][0x1b][0xa8][0xe0][0x9b]p0&[0x0][0xd3][0xb0][0xcd][0x8c][0xea] [0xcc]@t[0x9d]H4[0x3]i[0xb9]&[0xf2][0x4]-[0xd5][0x82][0x81][0xa8][0xd1][0xce]A[0x14][0x4][0x88]b[0x8e]P[0x10] J[0x14][0xd0][0xae]k<i[0x1a][0x11]K[0x88]B[0x8a][0xc4]X[0xa2]zL#:&[0x84][0xbc]I[0x8b][0xf3]>M[0x91][0xe][0xde][0xa1][0xaa][0xfd][0xb4][0x8d][0x5][0x94][0xbc][0x82][0xe8]qP[0xd5][0x7]C-[0xbf] [0xca]h[0x9a][0x5][0x3][0xfa]![0x2][0x83]1?![0xda][0x96]4[0xb][0x6][0x9c][0xeb]j[0x6]O[0xe9][0x89][0xb4]:pD[0x7][0xc3][0x0][0x9c]l0[0x8]3[0x5][0xd2]B[0xce][0x11][0x9d][0x1a][0x6][0xa0][0xae][0x1d][0x8c][0xa9][0x1][0xd1][0xf8][0x19][0xd1][0xa9][0x1][0xd1]R[0x1f][0xd1][0xc1][0x80]h>[0xc1][0x6].LM1[0xbb][0x91][0xf8]V[0x9d][0x12][0xbd][0xfe][0xda][0xd4][0x14][0xd1]g[0xa5][0xee]64S[0xa4][0xf3][0xdb]<[0xf3]JRsr2[0xd3]S[0xf3]J[0x14][0x82]KRSA[0xcb][0xff][0xf3][0xb1]l[0x19][0xf1]L[0x1]m[0x1b].[0xce]T[0x0][0xdd]U_[0xac][0x0][0xbe][0x9c][0xbd][0xb0]4[0xb1][0x98][0x94]M![0xb1][0xb5]\[0x0][0x0][0x0][0x0][0xff][0xff]"
12:44:00.997 [main] DEBUG org.apache.http.wire -  << "[\r][\n]"
12:44:00.997 [main] DEBUG org.apache.http.wire -  << "A[\r][\n]"
12:44:00.997 [main] DEBUG org.apache.http.wire -  << "[0x3][0x0]\[0x6][0xcb]^A[0xe4][0x0][0x0]"
12:44:00.998 [main] DEBUG org.apache.http.wire -  << "[\r][\n]"
12:44:00.998 [main] DEBUG org.apache.http.wire -  << "0[\r][\n]"
12:44:00.998 [main] DEBUG org.apache.http.wire -  << "[\r][\n]"
12:44:00.998 [main] DEBUG io.restassured.internal.RestAssuredHttpBuilder - Parsed data to instance of: class org.apache.http.conn.EofSensorInputStream
12:44:01.003 [main] DEBUG org.apache.http.impl.conn.BasicClientConnectionManager - Releasing connection org.apache.http.impl.conn.ManagedClientConnectionImpl@4b4bc73d
12:44:01.003 [main] DEBUG org.apache.http.impl.conn.BasicClientConnectionManager - Connection can be kept alive indefinitely
12:44:01.043 [main] DEBUG net.thucydides.core.steps.StepInterceptor - STEP DONE: I send HTTP GET request
  &amp#27;[32mWhen &amp#27;[0m&amp#27;[32mI send GET HTTP request&amp#27;[0m                                &amp#27;[90m# starter.stepdefinitions.UserSteps.iSendGETHTTPRequest()&amp#27;[0m
12:44:01.050 [main] DEBUG net.thucydides.core.steps.StepInterceptor - STARTING STEP: UserSteps.iReceiveValidHTTPResponseCode404 - I receive valids HTTP response code 404
  &amp#27;[31mThen &amp#27;[0m&amp#27;[31mI receive valid HTTP response code 404&amp#27;[0m                 &amp#27;[90m# starter.stepdefinitions.UserSteps.iReceiveValidHTTPResponseCode404()&amp#27;[0m
      &amp#27;[31mjava.lang.AssertionError: 1 expectation failed.
Expected status code <404> but was <200>.

	at java.base/jdk.internal.reflect.NativeConstructorAccessorImpl.newInstance0(Native Method)
	at java.base/jdk.internal.reflect.NativeConstructorAccessorImpl.newInstance(NativeConstructorAccessorImpl.java:62)
	at java.base/jdk.internal.reflect.DelegatingConstructorAccessorImpl.newInstance(DelegatingConstructorAccessorImpl.java:45)
	at java.base/java.lang.reflect.Constructor.newInstanceWithCaller(Constructor.java:500)
	at java.base/java.lang.reflect.Constructor.newInstance(Constructor.java:481)
	at org.codehaus.groovy.reflection.CachedConstructor.invoke(CachedConstructor.java:73)
	at org.codehaus.groovy.reflection.CachedConstructor.doConstructorInvoke(CachedConstructor.java:60)
	at org.codehaus.groovy.runtime.callsite.ConstructorSite$ConstructorSiteNoUnwrap.callConstructor(ConstructorSite.java:86)
	at org.codehaus.groovy.runtime.callsite.AbstractCallSite.callConstructor(AbstractCallSite.java:277)
	at io.restassured.internal.ResponseSpecificationImpl$HamcrestAssertionClosure.validate(ResponseSpecificationImpl.groovy:512)
	at io.restassured.internal.ResponseSpecificationImpl$HamcrestAssertionClosure$validate$1.call(Unknown Source)
	at io.restassured.internal.ResponseSpecificationImpl.validateResponseIfRequired(ResponseSpecificationImpl.groovy:696)
	at io.restassured.internal.ResponseSpecificationImpl.this$2$validateResponseIfRequired(ResponseSpecificationImpl.groovy)
	at java.base/jdk.internal.reflect.NativeMethodAccessorImpl.invoke0(Native Method)
	at java.base/jdk.internal.reflect.NativeMethodAccessorImpl.invoke(NativeMethodAccessorImpl.java:62)
	at java.base/jdk.internal.reflect.DelegatingMethodAccessorImpl.invoke(DelegatingMethodAccessorImpl.java:43)
	at java.base/java.lang.reflect.Method.invoke(Method.java:564)
	at org.codehaus.groovy.runtime.callsite.PlainObjectMetaMethodSite.doInvoke(PlainObjectMetaMethodSite.java:43)
	at org.codehaus.groovy.runtime.callsite.PogoMetaMethodSite$PogoCachedMethodSiteNoUnwrapNoCoerce.invoke(PogoMetaMethodSite.java:198)
	at org.codehaus.groovy.runtime.callsite.PogoMetaMethodSite.callCurrent(PogoMetaMethodSite.java:62)
	at org.codehaus.groovy.runtime.callsite.AbstractCallSite.callCurrent(AbstractCallSite.java:185)
	at io.restassured.internal.ResponseSpecificationImpl.statusCode(ResponseSpecificationImpl.groovy:135)
	at io.restassured.specification.ResponseSpecification$statusCode$0.callCurrent(Unknown Source)
	at io.restassured.internal.ResponseSpecificationImpl.statusCode(ResponseSpecificationImpl.groovy:143)
	at io.restassured.internal.ValidatableResponseOptionsImpl.statusCode(ValidatableResponseOptionsImpl.java:89)
	at MiniprojectApi@1.0-SNAPSHOT/starter.user.NGetAllProduct.lambda$iReceiveValidHTTPResponseCode404$0(NGetAllProduct.java:22)
	at net.serenitybdd.rest.SerenityRest.restAssuredThat(SerenityRest.java:626)
	at MiniprojectApi@1.0-SNAPSHOT/starter.user.NGetAllProduct.iReceiveValidHTTPResponseCode404(NGetAllProduct.java:22)
	at MiniprojectApi@1.0-SNAPSHOT/starter.user.NGetAllProduct$ByteBuddy$T6rU2pu4.iReceiveValidHTTPResponseCode404$accessor$SNdTGYJw(Unknown Source)
	at java.base/jdk.internal.reflect.NativeMethodAccessorImpl.invoke0(Native Method)
	at java.base/jdk.internal.reflect.NativeMethodAccessorImpl.invoke(NativeMethodAccessorImpl.java:62)
	at java.base/jdk.internal.reflect.DelegatingMethodAccessorImpl.invoke(DelegatingMethodAccessorImpl.java:43)
	at java.base/java.lang.reflect.Method.invoke(Method.java:564)
	at net.thucydides.core.steps.StepInterceptor.invokeMethod(StepInterceptor.java:503)
	at net.thucydides.core.steps.StepInterceptor.executeTestStepMethod(StepInterceptor.java:483)
	at net.thucydides.core.steps.StepInterceptor.runTestStep(StepInterceptor.java:457)
	at net.thucydides.core.steps.StepInterceptor.runOrSkipMethod(StepInterceptor.java:209)
	at net.thucydides.core.steps.StepInterceptor.testStepResult(StepInterceptor.java:196)
	at net.thucydides.core.steps.StepInterceptor.intercept(StepInterceptor.java:84)
	at net.thucydides.core.steps.ProxyConfiguration$InterceptorDispatcher.intercept(ProxyConfiguration.java:51)
	at MiniprojectApi@1.0-SNAPSHOT/starter.user.NGetAllProduct$ByteBuddy$T6rU2pu4.iReceiveValidHTTPResponseCode404(Unknown Source)
	at MiniprojectApi@1.0-SNAPSHOT/starter.stepdefinitions.UserSteps.iReceiveValidHTTPResponseCode404(UserSteps.java:40)
	at âœ½.I receive valid HTTP response code 404(file:///C:/Users/Lenovo/IdeaProjects/MiniProject/MiniprojectApi/src/test/resources/api/user.feature:31)
&amp#27;[0m
12:44:01.087 [main] ERROR  - 
  _____   ___   ___   _____     ___     _     ___   _      ___   ___  
 |_   _| | __| / __| |_   _|   | __|   /_\   |_ _| | |    | __| |   \ 
   | |   | _|  \__ \   | |     | _|   / _ \   | |  | |__  | _|  | |) |
   |_|   |___| |___/   |_|     |_|   /_/ \_\ |___| |____| |___| |___/ 

GET - As admin I cannot get one detail product data
-----------------------------------------------------------------------
12:44:01.088 [main] DEBUG  - RELATED ISSUES: 
12:44:01.088 [main] ERROR  -     Test failed at step: I receive valids HTTP response code 404
12:44:01.089 [main] ERROR  -     1 expectation failed.Expected status code <404> but was <200>.
]]></system-out>
  </testcase>
  <testcase name="GET - As admin I can get product ratings" classname="User" time="0.965">
    <system-out><![CDATA[
@TC-0011
Scenario: GET - As admin I can get product ratings &amp#27;[90m# src/test/resources/api/user.feature:34&amp#27;[0m
12:44:01.136 [main] INFO io.cucumber.core.plugin.SerenityReporter - Running feature from file:///C:/Users/Lenovo/IdeaProjects/MiniProject/MiniprojectApi/src/test/resources/api/user.feature
12:44:01.137 [main] WARN io.cucumber.core.plugin.SerenityReporter - Feature from file:///C:/Users/Lenovo/IdeaProjects/MiniProject/MiniprojectApi/src/test/resources/api/user.feature is not under the 'features' directory. Requirements report will not be correctly generated!
12:44:01.143 [main] INFO  - 
  _____   ___   ___   _____     ___   _____     _     ___   _____   ___   ___  
 |_   _| | __| / __| |_   _|   / __| |_   _|   /_\   | _ \ |_   _| | __| |   \ 
   | |   | _|  \__ \   | |     \__ \   | |    / _ \  |   /   | |   | _|  | |) |
   |_|   |___| |___/   |_|     |___/   |_|   /_/ \_\ |_|_\   |_|   |___| |___/ 

GET - As admin I can get product ratings(user;get---as-admin-i-can-get-product-ratings)
--------------------------------------------------------------------------------
12:44:01.250 [main] DEBUG net.thucydides.core.steps.StepInterceptor - STARTING STEP: UserSteps.iSetGETApiEndpointsProductRatings - I set the GET api endpoints product ratings
12:44:01.250 [main] DEBUG net.thucydides.core.steps.StepInterceptor - STEP DONE: I set the GET api endpoints product ratings
  &amp#27;[32mGiven &amp#27;[0m&amp#27;[32mI set GET api endpoints product ratings&amp#27;[0m    &amp#27;[90m# starter.stepdefinitions.UserSteps.iSetGETApiEndpointsProductRatings()&amp#27;[0m
12:44:01.255 [main] DEBUG net.thucydides.core.steps.StepInterceptor - STARTING STEP: UserSteps.iSendGETHTTPRequest - I send HTTP GET request
12:44:01.257 [main] DEBUG net.thucydides.core.steps.StepInterceptor - STARTING STEP: GetAllProduct.iSendGETHTTPRequest - I set the GET api endpoints
12:44:01.257 [main] DEBUG net.thucydides.core.steps.StepInterceptor - STEP DONE: I set the GET api endpoints
12:44:01.270 [main] DEBUG org.apache.http.impl.conn.BasicClientConnectionManager - Get connection for route {s}->https://altashop-api.fly.dev:443
12:44:01.270 [main] DEBUG org.apache.http.impl.conn.DefaultClientConnectionOperator - Connecting to altashop-api.fly.dev:443
12:44:01.619 [main] DEBUG org.apache.http.client.protocol.RequestAddCookies - CookieSpec selected: ignoreCookies
12:44:01.619 [main] DEBUG org.apache.http.client.protocol.RequestAuthCache - Auth cache not set in the context
12:44:01.619 [main] DEBUG org.apache.http.client.protocol.RequestTargetAuthentication - Target auth state: UNCHALLENGED
12:44:01.619 [main] DEBUG org.apache.http.client.protocol.RequestProxyAuthentication - Proxy auth state: UNCHALLENGED
12:44:01.619 [main] DEBUG org.apache.http.impl.client.DefaultHttpClient - Attempt 1 to execute request
12:44:01.619 [main] DEBUG org.apache.http.impl.conn.DefaultClientConnection - Sending request: GET /api/products HTTP/1.1
12:44:01.620 [main] DEBUG org.apache.http.wire -  >> "GET /api/products HTTP/1.1[\r][\n]"
12:44:01.620 [main] DEBUG org.apache.http.wire -  >> "Accept: */*[\r][\n]"
12:44:01.620 [main] DEBUG org.apache.http.wire -  >> "Host: altashop-api.fly.dev[\r][\n]"
12:44:01.620 [main] DEBUG org.apache.http.wire -  >> "Connection: Keep-Alive[\r][\n]"
12:44:01.620 [main] DEBUG org.apache.http.wire -  >> "User-Agent: Apache-HttpClient/4.5.13 (Java/14.0.2)[\r][\n]"
12:44:01.620 [main] DEBUG org.apache.http.wire -  >> "Accept-Encoding: gzip,deflate[\r][\n]"
12:44:01.620 [main] DEBUG org.apache.http.wire -  >> "[\r][\n]"
12:44:01.621 [main] DEBUG org.apache.http.headers - >> GET /api/products HTTP/1.1
12:44:01.621 [main] DEBUG org.apache.http.headers - >> Accept: */*
12:44:01.621 [main] DEBUG org.apache.http.headers - >> Host: altashop-api.fly.dev
12:44:01.621 [main] DEBUG org.apache.http.headers - >> Connection: Keep-Alive
12:44:01.621 [main] DEBUG org.apache.http.headers - >> User-Agent: Apache-HttpClient/4.5.13 (Java/14.0.2)
12:44:01.621 [main] DEBUG org.apache.http.headers - >> Accept-Encoding: gzip,deflate
12:44:01.799 [main] DEBUG org.apache.http.wire -  << "HTTP/1.1 200 OK[\r][\n]"
12:44:01.799 [main] DEBUG org.apache.http.wire -  << "content-type: application/json[\r][\n]"
12:44:01.800 [main] DEBUG org.apache.http.wire -  << "date: Sat, 06 May 2023 05:52:48 GMT[\r][\n]"
12:44:01.800 [main] DEBUG org.apache.http.wire -  << "transfer-encoding: chunked[\r][\n]"
12:44:01.800 [main] DEBUG org.apache.http.wire -  << "content-encoding: gzip[\r][\n]"
12:44:01.800 [main] DEBUG org.apache.http.wire -  << "server: Fly/3f2597ca (2023-05-03)[\r][\n]"
12:44:01.800 [main] DEBUG org.apache.http.wire -  << "via: 1.1 fly.io[\r][\n]"
12:44:01.800 [main] DEBUG org.apache.http.wire -  << "fly-request-id: 01GZQSXCR0KAKAK0X0E3QB9RGZ-sin[\r][\n]"
12:44:01.800 [main] DEBUG org.apache.http.wire -  << "[\r][\n]"
12:44:01.800 [main] DEBUG org.apache.http.impl.conn.DefaultClientConnection - Receiving response: HTTP/1.1 200 OK
12:44:01.800 [main] DEBUG org.apache.http.headers - << HTTP/1.1 200 OK
12:44:01.800 [main] DEBUG org.apache.http.headers - << content-type: application/json
12:44:01.800 [main] DEBUG org.apache.http.headers - << date: Sat, 06 May 2023 05:52:48 GMT
12:44:01.800 [main] DEBUG org.apache.http.headers - << transfer-encoding: chunked
12:44:01.800 [main] DEBUG org.apache.http.headers - << content-encoding: gzip
12:44:01.800 [main] DEBUG org.apache.http.headers - << server: Fly/3f2597ca (2023-05-03)
12:44:01.800 [main] DEBUG org.apache.http.headers - << via: 1.1 fly.io
12:44:01.800 [main] DEBUG org.apache.http.headers - << fly-request-id: 01GZQSXCR0KAKAK0X0E3QB9RGZ-sin
12:44:01.801 [main] DEBUG org.apache.http.impl.client.DefaultHttpClient - Connection can be kept alive indefinitely
12:44:01.802 [main] DEBUG io.restassured.internal.RestAssuredHttpBuilder - Parsing response as: application/json
12:44:01.802 [main] DEBUG org.apache.http.wire -  << "331[\r][\n]"
12:44:01.802 [main] DEBUG org.apache.http.wire -  << "[0x1f][0x8b][0x8][0x0][0x0][0x0][0x0][0x0][0x4][0xff][0xaa]VJI,IT[0xb2][0x8a][0xae]V[0xf2]tQ[0xb2]24[0xb2][0xb0]0[0xd7]Q[0xf2]K[0xcc]MU[0xb2]Rr[0xcd][0xcb]/[0xca][0xcd]/-Vp[0xce]/)[0xc9][0xcf]Sp[0xce][0xcf]-(-I-R[0xd2]QrI-N.[0xca],([0xc9][0xcc][0xcf]S[0xb2]R[\n]"
12:44:01.802 [main] DEBUG org.apache.http.wire -  << "-Q[0xc8]KMN-.[0xce],I,[0xc9]L*-V([0xcb],ILU[0xc8],-JUH[0xc9][0xcf][0xc9]/J-V(J-H[0xcd][0xc9]I[0xcd]K)-V([0xce][0xcc][0xcd][0xcc][0xc9],,M[0xd5]S[0xd2]Q[\n]"
12:44:01.802 [main] DEBUG org.apache.http.wire -  << "([0xca]LNU[0xb2][0xb2]4[0xd4]Q[\n]"
12:44:01.802 [main] DEBUG org.apache.http.wire -  << "J,[0xc9][0xcc]K/V[0xb2]2[0xd1]QrN,IM[0xcf]/[0xca]L-V[0xb2][0x8a][0x8e][0xad][0xd5]A[0xb8][0xd0][0x2][0xee][0xc2][0x80][0xa2][0xc4][0xe4][0x92][0xcc][0xe4][0xc4][0x1c][0x5][0xdf][0xc4][0xa2][0xa4][0x9c]T[0x85][0x90][0xc4][0xa4][0x9c]T[0xc][0xf7][0x85][0xa4][0xe6][0x16][0xe4][0x17][0x81][0x1d]V\[0x9a]W[0xa2][0x90]X\[0x90]Z[0x94][0x9]r[0x15][0x92][0xfd][0x16]FH[0xf6][0x1b][0xe3][0xb3][0xdf][0x12]nPiqIf[0xb2][0x82]{Qb^fI[0xaa]BpF~j1[0xa6][0xed][0xf9]%[0x89][0xb9][\n]"
12:44:01.802 [main] DEBUG org.apache.http.wire -  << "[0x85][0xa5] [0xfb]S[0x12]s[0x15][0xca]Rs[0x90][0xac]51#[0xd2]ZK[0x3][0xb8][0xb5][0xc1][0xf9]y[0x95][\n]"
12:44:01.802 [main] DEBUG org.apache.http.wire -  << "[0x1][0xc1][0xa6][0x18]V[0x15][0xe4]$V*d$[0x16]+[0xe4][0xe5]+[0xe4]d[0xe6]f[0x96][0x80]\[0x3][\r]_#KK$[0x9b][0xf0][0x5][0xb0][0xa5][0x11][0xdd]l2[0xa6][0xa6]M[0x86]x"[0xcd][0xd2][0x94]n6[0x99][0xc1]mr-J[0xcf][0xcf][0xcb][0xcf][0xcd]LV[0x8][0xcf][0xcf]OI[0xcd]Sp[0xcf][0xc9]/[0xc3][0x92]B[0x82]3s[0xb2][0x11][0x19][0xc1][0xd8][0xd2][0x18]9M[0x98][0xe2][0xf3][0x15]"[0xb3][0xba][0xe7][0x17][0xa5][0xa7][0x82]2+[0xc8]0\[0x16]A22[0xc2]*3[0xb]Cc[0xa4]Da[0x80][0xcf]*D[0xae]sL-[0xca]O[0xa9][0xcc]K[0x4]y[0xc][0x9a][0xef][0x82]32[0x8b]J0[0x92][0xa3]gQ~[0x1e][0xc2]2[0xb][0x13]S[0xe4],[0x86][0xd7]_[0x88],[0xe6]RZ[0x4][0xca][0xd3][0xf0]<[0xe6][0x94][0x98][0x8e]a[0x8f]s~^rQj[0x9]([0xe3]C[0x13][0xbb][0xb1][0x85][0xa1][0x1][0x92][0xc7][0xf0][0xa4]vK[0x3]D[0xbe][0x82][0x87]a@bAj[0x11][0xee][0xf2][0xe][0x12][0x9b][0x8][0x9f][0x99][Z[0x98][0x10]k[0x1b]U[0xf3][0x16][0x9e][0x8][0xb3]40[0x81][0xa7]C*[0x94][0x17]xb[0xcb][0xd2][0x80][0xaa]y[0xb][0xaf][0x9f][0x10][0x89][0xd0]#5[0xb1][0xac]R[0xc1][0xa5][0xb4][0xa4]R![0xb8]$55G[0xc1]#[0x11]3[0x1][0xa2]G[0x94][0x99][0x81][0xa9]9RD[0xe1][0xb5][\n]"
12:44:01.802 [main] DEBUG org.apache.http.wire -  << "3[0x9]BSEFb&f[0x15][0x8]v[0x3]"E[0x98][0x99][0x1a]"Wg[0xf8],[0x2]%Th[0x85][0xeb]X[0x9e]Z[0x9c][0x9f][0x9b][0xaa][0xe0][0x93][0x9a]X[0x92][0x1]J[0x80]9[0xf9][0xc9][0xa0][0x82][0x1][0xb5][0xb6]E[0xcd]U[0xe6][0x86][0x16]DfaK[0x90][0x93][0xa0]6[0xc1][0xab]v[0xa7][0xa2][0xfc][0xbc][0xaa]T[0xdc]I=[0xa8]4)[0x9]\[0xe3]C3[0x96][0x5][0xd1]%[0x86][0xa5]!"[0xa9]C[0xeb]I[0x9f][0xcc][0xbc][0xd4]<[0x85][0x80][0x9c]DpVE[0xf5][0x15][0xba]E[0xc6][0x86]&[0xa6]DF[0x15][0xa8][0xc][0x83][0xfa][0xcb]75%3?[0xb9][0x8][0xe4]!H[0x91][0xa0][0xe0][0x8c]5[0xc][0xc1].AD[0x97][0x89][0x99]!r[0x91][0x8b]7[0xba][0x90][0xb2]Ue^jQz&[0xb8][0x9][0x0][0x8a][0x14][0x5][0xec][0xa5]`@N"H[0x9][0xc2]6Sc[0xb][0xe4][0xc2][0x9][0xaf]m[0x88][0xac][0x85]\[0xea]B[0xca]q[0x5][0xef][0xbc][0xcc]4P[0xa1][0x87][0x1a][0x92]X[0xec]3%:[0x89] */d[0xfb][0x1c]sJs3[0xf3]Js[0x15] [0xa5]/[0x0][0x0][0x0][0xff][0xff]"
12:44:01.802 [main] DEBUG org.apache.http.wire -  << "[\r][\n]"
12:44:01.802 [main] DEBUG org.apache.http.wire -  << "6C8[\r][\n]"
12:44:01.802 [main] DEBUG org.apache.http.wire -  << "B[0xb5][0xf][0x9a]Z[0x91][0xfc]giL[0xb4][0xff][0x10][0x15][0x18]r[0x86][0xce][0xcc][0xc9]V[0x8]O[0xcc][0xc9]I[0xc5][0xcc][0xd2][0x90][0x4][0x8b][0xb0][0xcc][0xd2][0xcc][0xc0][0x82][0xd8]t[0x82](=0[0x1a][0x8e]8l[0xc3][0xf0][0x9b][0x85][0x99]!rQ[0x8f]7[0xee][0x10]%[0x8]rXBkL[0x1c][0x16]:[0xe7][0x17][0x14] [0xe7]7K3C[0xe4]f[0x1b]>[0xfb][0x8c][0x10][0x15][0x19][0xac] [0x81]&[0x5][0x5][0xe7]D[0xcc][0x12][0xb]= [0x8d][0x8d][\r][0x88]-[0xb2][0x8c][0xc][0xe1]U[0xb][0xcc]&HI[0x8b][0xab][0xdd][0x1]j[0x93] [0xa2][0xcc][0x94][0xf8]R[0xd8][0x8]Q[0x86][0xc0][0x8b],[0xa8]U[0xd8]3[0x1b]D[0x12]a[0x97][0x99][0xb9][0x19]r[0xa3][0x3]o[0xf8]![0x1a][0xa3][0xf0]b$<??[0x7]G[0x11][0x82][0x1e]~[0xa6][0x16]&D[0x87][0x1f][0xa2][0xc][0x81][0xdb][0x4]1[0xe]G[0x17][0x2][0xdd]W[0xc6][0x6][0xa6][0xc4]&z#D[0x9][0x2]-[0x85]!I[0xc][0x87]M[0xd0][0x14][0x83][0x8]@c#[0xa2][0xab]L#D[0xe1]A[0x85][0x16][0x7][0xde][0xa8]B[0x14][0x1b][0x88][0x9c][0xc][0xa9][0x9e]q4[0x3]r[0x10]>[0xb2][0xb4][0x4]U[0xb9][0xf0][0xae]&^{[0x10]%[0x6][0xbc]m[0x8][0xeb][0xec]a[0xaf][0xc6][0xa0][0xb2][0x8][0xdb][0xcc][\r]-[0x89]mr[0x18]![\n]"
12:44:01.803 [main] DEBUG org.apache.http.wire -  << "[0xc][0xcf][0xbc][0x92][0xd4][0x9c][0x9c][0xcc][0xf4][0xd4][0xbc][0x12][0x5]h[0xca][0xc0][0x96][0x87]1l351%[0xb6]"[0x3][0x95][0xd1][0xd0]Z[0x13][0x9e][0xb5][0xc0][0xad][0x18][0x5][0xa7][0xfc][0x92][0x12],[0xbd]hP[0x15][0x87][0xf0][0x97][0xb1][0x85][0x1][0xb1][0x95][0x8a]1[0xa2][0xb8][0xf0][0x4][0xd5][0xca])[0x99][0xa0][0xae]:4[0xa5])8cmO[0xc1]j[0x1c][0x84][0x85]F[0x6]DG[0x9b]1[0xa2][0xd4]@$[0xf]h[0xb2]w[0xce][0xc7][0xd2]N[0x84][0xba][0x5]a[0x99][0xa5][0x99][0x9][0xb1]U[0x98]1[0xa2][0xd8][0x8][0xce]IM[0xcd]V[0x0][0xb7]-[0x14][0xb0][0xda][0x83]Z[0xe][0x1a][0x9b][0x1a][0x11][0x1d][0x84][0x88][0x12][0xc3]'3=[0xa3][0xa4]<[0x15]D[0xc2]F=[0x9c]R[0xf3][0x92]3[0x88][0xa8][0x97][0xcd]A[0x5]7Q[0x9][0xdf][0x18]Qj[0xc0]K(hbS[0xf0]N[0xad]L[0xca]O,J[0xc1][0xb0][0x10]TX"[0x82][0xd0][0xc8][0xc8][0x84][0xd8][0x9a][0xb][0xd4][0xdf][0x85]&E[0xe4][0x9a][0x12][0x14]Z[0xb8]m[0x3]gw[0x84]u[0xe6][0x16][0xc4][0xc7][0x18][0xa2][0xf4]@jt@[0xab]z[0x1c][0xe5]"z[0xf3][0xd4][0xd2][0x8]4PF\X"[\n]"
12:44:01.803 [main] DEBUG org.apache.http.wire -  << "[0x11]$[0xeb]`}V\[0xb9][\r][0xdd]B33P[0xfd]N[0x9c][0x85][0x88]r[0x4]^j[0x81]2/q[0xb5][0xb3][0x85][0x5][0xd1][0xed][0x0]P[0x88]C[0xe3][\r][0xd6]M[0x87][0xe6][0xb2][0x80][0xc4]<[0xf0][0xd8][0x13]jK[0x11][0xbd][0x1a]325#[0xb6][0xb4][0x2][0xd5][0xad]P[0xab][0xe0][0xa5][0x15]$[0x88]p[0xb4][0xba][0xa1][0xd1][0x89]H [0xa6][0x86][0xc6][0xc4][0xb6][0xdc]L[0x10][0xe5][0x87][b^[0x9][0xb8][0xf9][0xe][0x1b][0xc2][0xc1][0xd6][0x2][0xc6](>,,[0x88]nq[0x9b] [0x8a][0xf]h[0xfd][0xc][0xca]F8[0xda][0x1c][0x10][0x1f]#[0xfc]db[0x8][0x1a][0x15]$*Q[0x98] J[0x90]`[0xa4]~[0xb][0xac][0x9c][0xc5][0xda]}F[0xcb]bf[0x6][0x96]D[0x87] [0xa2][0xfc]@[0xae][0xca][0xc0]9[0x1a][0xfb]()([0x81]"<fd@t=[0x6][0x1a]@[0x85][0xa6][0xc]Dd[0x81]LS[0xc0][0x9e][0x8][0xd1]<eabAl[0xb3][0xcd][0x4]Qn [0xd7]c[0x90][0xb1]""Z[0xd8][0x16]F[0xa0][0xb1]&[0xe2]b[0xb]Qf Y[0x5][0xe]>[0xec][0xed][0xe][0x90][0x14]"[0xf8][0xcc]L@[0xd1]M[0x9c]M[0x88][0xc2][0x2][0x9e][0xb1]`%=[0xf6]z[0x5]#[0x17][[0x80]j[0xb][0xa2],3[0xc5][0xec][0xa2][0x80]c[0x8a]p[0xa3][0xcd][0xd8][0xdc][0x94][0xd8][0xda][0xc4][0x14][0xd1][0xdc]@[0xc][0xc0][0xc2][0x8b][lV[0x81][0xdc][0x80][0x8]<K[0x13]c[0xa2][0xad]Bd*x5[0x9]N_8[\n]"
12:44:01.803 [main] DEBUG org.apache.http.wire -  << "%XnCXfjFtB7E[0xe4])hI[0x1][0x8a]t[0xac][0x19][0x17][0xd5]CF[0x96]f[0xc4]6AA[0x8e][0x81]f&[0xa4]t[0x7]K[0xf][0xe1][0x89]%X[0xda][0x19][0x18][0xa5][0x9f][0x99][0x1][0xca]p([0xbe][0x6]6[0xa8]o[0x1][0xb5][0xf]^U[0xc1][0x6]7p53[0xc0][0x8d]TD[0x8][0x9a][0x19][0x99][0x11][0xdb][0x17][0x2]u[0x9a][0xa0][0xb6]![0xf9][0xe][0x12]a[0xd8][0xca]uHe[0x86]d[0x95][0xb1]1[0xd1][0x1][0x89][0xc8]V[0x88]R[0x9][0x16][0xfd][\n]"
12:44:01.803 [main] DEBUG org.apache.http.wire -  << "[0xd8]3[0x16][0x9a][0xc7]LM[0x89][0xce][0xc4]f[0x88]|[0x85]\[0xb8]CC[0x12][0xfb][0x10][0x18][0xa4][[0x81][0xf0][0x9c])[0xea][0x4][0x11][0xbe]X3C[0xe4]0X[0xbd][0xf]K"8J'[0xd0][0x8]-[0xc2]*cC[0xa2][0x7][0xc0]@[0xbd]wh[0x94]A[0x13]="[0x10][0xb1]wS [0x9e]FXfb[0x2][0x1a][0x1f]$[0xaa]x2C[0xe4]0xY[0x8][0xca]J8[0x6][0xda][0xd0]C[0xd0][0xc4][0xd8][0x9c][0xd8][0xe4][0x1]J[0xb2]Po[0xc1]m[0x82][0xa4]6[0x1c][0xc3][0xa3][0xa0][0xac][0x8e][0xf0][0x93][0x85][0x19][0xd1][\r]'sD[0xd2][0x80][0xdb][0x4])[0xc1][0x15][0xb0]ggXI[0x89][0xb0][0xcd][0xd8][0x98][0xe8]!fsD[0xcb][0x9][0xd2][0x19][0x82][0x8e]va[0x1f][0xa9][0xc4][0xb4][0xca][0xd2][0x1c][0xe4]^[0xa2]"[0xcb][0x1c]Q[0xf6]"[0x17][0xf3][0xe0][0x99]j[0xec]cC[0x98][0xd6][0x19][[0x80][\n]"
12:44:01.803 [main] DEBUG org.apache.http.wire -  << " [0xe2][0xac]C[0x1a][0xdc]@j?A[0xb]?\[0xad]xXbE[0x4][0xa6][0x85][0x1][0xf1]Q[0x87]h[0x4]@[0xd3]>81bo?A3 [0xc2]"c[0x13]cb[0xcb]EPn[0x84][0xa6][0xc6][0xe0][0xdc][0xc4][0x9c][0x1c][0xf8]d[0x1b][0xf6]pDO[0xf7][0x96]&[0xa0][0xb9]&[0xa2]B[0x11][0xd4][0xd6][0x82][0xda][0x4][0xf5][0x12]4[0xd5]c[0xb7][0x9][0x92]P[0x91][0xfc]dJt[0xbb][0x1a]4[0x9d][0xf][0xb5][0x9][0xb9][0x5][\n]"
12:44:01.803 [main] DEBUG org.apache.http.wire -  << "[0x8b][0x10][0xec][0xfd]s[0x98],[0xc2]F[0xb]SPaG[0x9c][0xdf][0x10]-y[0xa4]~[0x1e][0xb8]P[0xc7][0xd1][0x14][0xc5][0xf0][0x1e][0xf1][0xa9][0x1f]T[0xc3][0xc2][0xbd][0x97]\[0x94][\n]"
12:44:01.803 [main] DEBUG org.apache.http.wire -  << "[0x1d]S[0x1][0xb7]Eq[0x8c][0xdf][0xa0][0x16]!F[0xe6]f[0xc4][0xe]>X [0x8a]E[0xe4][0xee]9,;[0xe1][0x1a][0xa9][0x7]%VD@[0x1a][0x93][0x90]H[0x10]Y[\r]5[0x91]`o[0xd0][0x83][0xc7][[0x10][0x16][0x99][[0x80][0xc6][0xd1][0x88][0x88]1cc$[0x8f]E8[0xf9]G[0x18]b[0x8c]h L5AY=[0x81]^9[0xc2][0xd6][0xa6][0x98]"uS[0xdd][0x13]s3[0xf3]0[0xe7][0xaa][0xdd][0xf2][0x8b][0x14][0xd2][0xc1]R[\n]"
12:44:01.803 [main] DEBUG org.apache.http.wire -  << "[0x5][0xa5]E[0x5][0xf9][0xc5][0xa9][0xc5]J[0xb5]H[0xcb][,A[0xe3][\n]"
12:44:01.803 [main] DEBUG org.apache.http.wire -  << "[0xd0][0x98]E[0x1e][0xea][0x81][0xe6][0x13][0x1c][0xf5]+[0xca][0x2][0x2][0x13]KP3[0x8e][0x88][0x10]0[0xb2][0xb4]@[0x14]1H-"h[0xdf][0x19]GU[0x4][0xea][0x9f]"[0x2][0xc6][0xc8][0x8][0x94][0xa7][0x89][0xb2][0xc][0xd4]W[0xc5][0xe2]3H.[0xc0]Y[0x1b][0x81][\n]"
12:44:01.804 [main] DEBUG org.apache.http.wire -  << "t[0x84]u[0xe6][0xa6][0xa0][0x16][0x1]q[0xd6]![0xea]"D[0x13][0xc]Z[0x1f]ao[0x80][0xa1][0xa5]$K[0xb][0xa2][0xb3][0x88]%"[0xef][0xc3][0xdb][0xb1]A[0xe0][0xa9]S<[0x3]X[0xe8][0xf3][0x82][0xc6]fF[0xc4][0xe][0x87][0x80]:[0xe2][0xd0][0xa0]D.[0xdd]@Y[0xe][0xeb]d[0xf]4F[0x11][0xe1]hj[0x0][0x9a][0xb5]'.[0x1c][0x11][0xd9][0x1f])[0x8d]@[0xeb][0x1b][0xec][0xb6][0x81][0xe6]y[0x11]v[0x19]Y[0x80][0xda][0xa7][0xc4][0xd9][0x85][0xc8][0xfa][0x90][0x9a][0x8][0x1c]%8[0xda][0xcb][0x98][0xa5][0xb5]1[0xf1][0xc3][0xb6][0xa0]Qyh[0x8]"[0x95][0xd6][0xd0][0xb4][0x88]=[0x97][0xa1]&|[0xb]K[0xa2]'[0x1e]-[0x11][0xb9][0xc][0x91][0x12][0xa1][0xc9][0x3][[0xbf][0x3][0x92]H[0x11][0x1]hl[0x1][0x1a]d[0x86][0x7] [0xbe][0xd5],[0xa0]b[\n]"
12:44:01.804 [main] DEBUG org.apache.http.wire -  << "[0xea]-[0xa4][0xc8][0x82]TB[0xd8][0x13]=[0xac][0x18]GXgn[\n]"
12:44:01.804 [main] DEBUG org.apache.http.wire -  << "[0x1a][0x0][0x83][[0x87]{[0xe9][0x87][0xb1][0x1]h@[0x3]n[0x1d]b[0xca][0x2][0x16]38[0xba][0xc1][0xe8][\r][0x8]3[0xd4][0x19][0x19][0xdc][0xfe]360@dj$[0xff]A[0xa3][\r]{[0x83][0x16]=4M[0xcc][0x88][0xec][0xdf][0x1b][0x1b][0x80][0xda]5X[0xbc][0x7]1[0x11]G[0xaf][0x0][0xda]"D[0x4][0xa7][0x91][0x99][0x11]q[\r]1cp[0x9e][0x84][0xda][0x7]i>[0xc3][0x3][0x12][0xfb][0xc2]F[0xb4]*[0xdd][0x94][0xc8][0x14]il`[0x80][0x94][0xcf][0x90]Z[0xb3][0x90][0xdc][0x86][0xbd][0x81][0x89][0xd4][0xaf][0x2][0x0][0x0][0x0][0xff][0xff]"
12:44:01.804 [main] DEBUG org.apache.http.wire -  << "[\r][\n]"
12:44:01.804 [main] DEBUG org.apache.http.wire -  << "6E7[\r][\n]"
12:44:01.804 [main] DEBUG org.apache.http.wire -  << "[0x2][0xaf][0xd7]42[0x0][\r][0xdb][0xc3]S[0x9][0xde]HCt[0x86]a[0xf3][0xc5][0xe0][0x92][0xca]'1[0xb7][0x0][0xa3][0xce][0x5]w[0xc7][0x11][0xa1]ga[\n]"
12:44:01.804 [main] DEBUG org.apache.http.wire -  << "[0xea][0xb5][0xc3][0xad]A[0xaf]y[0x11]5[0xa7]1x~[0x8][0x16]z[0xe0]f,[0xc4];8[0x16][0xdd]a[0xc4][0x93])[0xb1][0xd5][0xa6][0xb1][0x1][0xd2]J[0x1a][0xb4]x[0xc2][0xde][0x8e]E[0xf7][0x13][0xb1][0xe3][0x8][0xc6][0x6]H[0x8b]h`A[0x7]-8[0xb0][\r]dA[0xb]eD[0xe8][0x19][0x81]W[0xe1][0x10][0x17]z[0x88][0xfe][0x14]R[0x81][0x8][0x89]u[0xdc][0xeb][0x83]0l$[0xba]kjl[0x0]Zs[0x3][0x8b]/[0xca]W[0xb4][0xe2]M[0x19][0x88][0x91][[0x9a][0xce]L[0x1b][0x1b][0x18]"[0x8a][0xfa][0x80]`[0x5][0xcc][0x15][0xba][0xe9][0x89][0xb9][0xa9][\n]"
12:44:01.804 [main] DEBUG org.apache.http.wire -  << "[0xa6][\n]"
12:44:01.804 [main] DEBUG org.apache.http.wire -  << "[0xc5]%[0xe0][0xf1]bhV[0xc2][0xdf][0xb8]DI[0xe2][0x88][0x9c][0x4][0xf1][0x88][0xa1][0x11]F[0x6][0x82]/[0x2]F_[0x1]l[0xc]*[0xad][0x89]J[0xb][0xa0][0xa9]&[0xe4][0x98])03[0xc3][0xb0]&9?)1[0x11]D R[0x1b][0x9][0x16] F[0x90][0x9c][0xf3][0x93][0x12][0x15]RJsJ1l[0xc8][0xcc][0xcb]T[0xc8]H[0xcc][0xab]LT(H-[0x2][0xd9][0x94][0x98][0xa7]P[0x90]_[0xc]Z[0x13][0x4][\r]8SKKP[0x85]G[0x9c][0x9f][0x10]5[0x7]-b[0x6]4[0x95][0xb][\r]2[0x9a][0x18][0x8f][0xc8][0x9d]![0x89][0x98]A[0x5][0x8f]s,[0xb][0xbf][\r][\r]0[0x0]Q[0xb][0xa6][0x8c][\r]@[0xf5][0x16][0xd4]O[0x1e][0x5][\n]"
12:44:01.804 [main] DEBUG org.apache.http.wire -  << "a[0x99]e[0xf9][\n]"
12:44:01.804 [main] DEBUG org.apache.http.wire -  << "[0x91]F[0x98][0x9].7573'3;S[0xa1][0xb8] [0xb5]83-3;[0xb1]8S[0xa1]21/]![0xb1] [0x13][0xb4]~[0x11][0x1a][[0xa0][0xe6][0x2][0xb8][0xc5]@\|![0x92]:[0xfd]|[0x8c][0xb4]T[0x81][0xfe]>FZ[0xb6]0[0x0][0x96]#z0%[0xa9][0xc5][0xa0]m[0x18][\n]"
12:44:01.804 [main] DEBUG org.apache.http.wire -  << "[0x5]E[0xf9])[0xa5][0xc9][0xa0][0xec][0x86]:[0x8d][[0x92][0x91]Y[0xac][0x90]Y[0xac]P[0x92][0x91][\n]"
12:44:01.804 [main] DEBUG org.apache.http.wire -  << "S[0xa3][0x90][0x82][0xb4]![0x4][0xbe][0xa5][0x3][0x9c][0xf2][0x88]Lk[0xa0][0xc9]YhZ[0x3][0x97]lf[0x6][0x6][0x6][0x18]%[0x2][0xbe]dnJtI[0x0][0x9a][0xae][0x82]Z50^E4[0xbe][0x6][0xc6]~[0xba][0xd5][0x86][0xa0][0x11]HhH[0x83]#[0x95][0xe4]=+D[0xd7]X[0xa0]&=[0xd4]&[0xfa][0xe7][0x1d][0xa4]u[0x10][0x3][0x12][0xa1]H[0xa3]N[0x3]c?[0xa2]j[0x1d][0x18][0xfb][0x11]e[0x17]dh[\r][0xa3][0xe0]H[0xc3]2[0xea][0x6]/[0xa6][0x88][0x9d][0xf8]26[0x0]M[0xc8]AS[0x19]l[0xe2][0xb][0xdc][0x91][0xc1][0xbe][0x86]-(53935/%[0xb3]X[0xa1]85E!3[0xaf],5[0xaf]$[0xbf](U!3/93[0x5][0xb4][0x11]-[0xb5]D![0xb1][0xb4]$5[0x17]i?[0x18][0xb1]k[0x4][0x8c][\r]@[0xeb][0xe3][0xa1][0x8e][0x19][0x98]PG[0x14]c[0x3][0x90][0xe5][0x10]e[0x18][0xd5]<O[0xdc][0x8a]?c[0x3][0x13]D[0x1b][0x9f][0x90][0xdd][0x88][0xb6]1[0xa8].$[0xb2]*[0x4][0xad][0x9b][0x1b][0xc8][0x88]EZ[0xa5]A[0xc8]4i[\n]"
12:44:01.804 [main] DEBUG org.apache.http.wire -  << " -[0xe0][0xa0][0x9a][0xfd][0xc4][0xc6]-h[0x8b][0x1a][0x91]aOV[0xdc][0x82][0xe6][0xaf][0x88]4[0x9f]6a[0x8b][0xe8]GP-lAI[0x9b][0xe8][0xf0]E[0xc]&S[0xcd]~[0xa2][0xed]F[0x14]X[0x84][0xec]&/niP&[0x91][0x14][0xb6][0x88]r[0x89][0xb6][0xd5] h)[0x16]4[0x11][0xd3][0xd6]"[0xd0][0xbc][0x1][0xd4]"B1F[0x93][0xdc][0x2][0x9a][0xfb][0xa5][0xb6][0xfd][0xc4][0xa6]V[0xd0]<[0x17][0x91]v[0x93][0x95]ZAs[D[0x9a]O[0x9b][0xb0][0xa5]QIDd%[0x8b][0xb4][0xd6][0x87][0xbc][0xae][0x9][0xd1][0xdd]M[0xd0][0xe2];h@[0xd3][0xda]&D[0x1][0x10][0xe1][0x94]_[0xa1]0[0x18]&[0xb4][0x8d][\r][0xcc][0x11]c}[0x3][0x92][0x89][0x91][0xd6]$Q[0xcd]~b3[0xb1]9[0xa2]gB[0xc8]n[0xb2]21[0xd2]"(B[0xe6][0xd3]$[0x13][0x9b][0xd3][0xa0]:[0x7]UyDfb[0xa4][0x85]K[0x3][0xe2]}[0xd0][0xd2][0x7]h[0xd6][0xa6][0x9a][0xfd][0xc4]&-[0xa4][0x5]N[0x84][0xec]&+i[0x81][0xd6][0xfc]Q[0xdb]o[0xa0][0xa8]%[0xda][0x3][? -V![0x14][0xbc][0xb4][0xc8]YF[0xa0][0xad]Z[0xd0][0xe0][0xa7]m[0x1b][0xb]t[0xee][0xe][0xd4]"[0xaa]y[0x94][0xd8]8F:i[0x86][0x90][0xdd]8[0xd3]0[0xbe][0xe5][0x9]H[0xcb]r[0x8][0x99]O[0x8b]H[0x4][0xef][0x97][0xa1]v[0xd8][0x82][0xf2][0x10]q[0xc5][0xa3]!h[0xf4][0x94][0x16][0xd6][0x13][0x19][0xbd][0x86][0xa0][0x8d]d[0x3]j?[\r][0xc6]%[0x89][0xf6];mk~C[0xa4][0xa5])[0x3][0x91][0xb4][\r]A[0xcb][0xc7]h[0x11][0xb7]D&m[0xa4][0x15][0x18][0x3][0xe2]}[0xa4]u[0x19][0xb4]m[0xd4][0x1b][0x82]v/@[0x3][0x9a][0xd6]6!j\Z[0xdb][0x84]h6[0xd2][0xda]&[0xc4][0x98][0xf][0xad]mB[0x8c][0xfe][0xd0][0xda]&D7[0x8f][0xd6]6![0xe6][0xe0]il[0x13][0xfa][0x8a][0x13][0x92]g[\n]"
12:44:01.804 [main] DEBUG org.apache.http.wire -  << "[0x89][0xed][0x8e][0x1b]"5[0xac]h[0xed]'D[0xf5]Ck[0x9b][0x10][0x95][\r][0xad]m[0xa2][~2B[0xe4][0xa7][0x1])[0xe1][0x91][0x16][0xbf]P[0xcd]~b[0x1b][0xf][0xa0][0x1d][0xc][0xd0]2[0x9f][0x90][0xdd]8[0xdb][0xc5]x[0xd6][0xc3][0x19]"[0x9d][0xfd]A[0xe3][0xf4][0x82][0xb4][0xa0][0x86][0x90]Oh[0xd1][0x2]7DZSCU[0xfb][0x89]l[0xa6] -K[0xa0][0xaa][0xf5][0xc4]&$[0xa4][0x95][0x9]4[0x8e]h[0xa4][0xa9]qZ[0xdb][0x84]([0x82]h[0xb0][0xd2][0xce][0x10]i[0xf6][0x13][0xb1][0xaf][0x10][0xba][0xcc][0x15][0xd7][0x9][0x1a][0x81][0xa5][0xa0][0xe5]P[0x88]Sf[0x13][0x8b][0x8b]KsS[0xf3]R[0x12][0x15]Jsr[0x12][0xc9][0x9a][0xde]7D[0x9a][0x5][0xa5]q[0x80]"[0xcd]y[0x6][0x4][0x9b]`[0xac][0x9d]((6QHJ,[0x2]-:DZ[0xc8]Gd[0x6][0x18][0xe0][0xf9]NCSD[0x9b][0x96]j[0x19][0x90][0xd8][0xcc][0x87][0xb4]a[0x9f][0x90][0xdd]d[0x95][0xe2][0xa0]]^D[0xd6][0x12]4)[A{gia?[0x91]Ik[0x80]'[0xb0][0xc][0x91]f[0x90][0x8]E/M[0x82][0x1f][0xb4][0x8f][0x98][0xda][0xc1]Ol[0xd2]F[0x9a][0xd3]"[0xe4]w[0xb2][0x92]6[0xd2][0xfe]xB[0xe6][0xd3]&l[0x11][0x1d][0x1f][0xaa][0xda]Od[0xd2][0xa6][0xd5][0xb4][\n]"
12:44:01.805 [main] DEBUG org.apache.http.wire -  << "[0xb1][0xd1][0xb]:[0xc7][0x0][0x9a][0xb4]hQ[0xc5][0x9a]#u`[0x91]v[0x1f][0x81]w[0xc9][0xe0][0xd8]U[0xe5][0x9f][0x9b][0x7]]FW[0x8][0xaa]k[0x93][0xf3][0xf3][0x8a]S[0xb]K[0x13]KJ[0x8b][0x14][0x92][0xf3][0x8b]@[0xa7][0xbb][0x83][0xe]=O[0xca],V(J[0x4][0x9d]J[0x8f]|[0xb2]<[0xd1]K[0xea][0xc][0xcd][0x11][0xd1]N[0xb]#MWQ[0xa1]J[0xc7][0xb3][0xe3][0xca][0x10]ib[\n]"
12:44:01.805 [main] DEBUG org.apache.http.wire -  << "[0xb2]A[0x9][0xba]i[0x8][0xfb][0xd6].[0xc7][0xd2][0x12][0x85][0xd4][0xe2][0x12][0x85][0x9c][0xc4][0xa4][0xfc][0xa2][0xd2]\[0x85][0xe2][0xc4][0x82][0xcc][0xd4][0xbc][0x92]TD[0xd0][0x82]W)[0x82]V1[0x92][0xb3]R[0xd1][0x10]i[0xaa]*/17[0x11][0xb2]h[0x1c][0xb4]1[0x0]u]y6[0xf4][0xc4][0x84]<[0xb4][0xbd]Al[0xb2]E[0x9a][0xb2][0xa2]I[0xf4]![0xda][0x12][0xd0]}[0xe9][0xd0]=d[0xb8]v[0xc0][0x7][0x83][0xd6]x[0xe6]%[0x82][0xf][0xff]O$/[0xe4][0x10][0x3]e[0xc8][0xfb]|[0xa1][0xbb][0xb2][0xb0]o[\n]"
12:44:01.805 [main] DEBUG org.apache.http.wire -  << "[0xf4]K,)-VH-Q([0xce][0xcc]+![0xcf]VD[0xb][0x9b][0xaa][0xa5][0x1f][0xd1][0xf1]8[0xc0]][0xa4]][0xf1]H[[0xe1]`[0x91][0x8d]m[0xe3]]X~NiAIbIj[0xb1]B[0x9][0xa2][0x1b][0x90]Z[0xa2][0x90]Z[\n]"
12:44:01.805 [main] DEBUG org.apache.http.wire -  << "[0x8e]}[0x85]R[0xf0]J_[0xf2]b[0x3]Q([\r]Hl[0xd0]c&[0x14]_YF[0x8b][0x9]J[0xd0]$[0x1a]rj[0xc4]3[0x89]h[0x88]4I[0x9][0xdb][0x82][0x9][0xda]w[0x8b][0xe3]t[0x4]G[0xd0][0xdd]"y[0xe0][0x8a][0x9][0xbe][0xcc][0xbb][0xb0]4S![0xaf]4[0xb7][0xb0][0x94][0xcc][0xae] =[0xa6]1[0xf1][0x86][0x0]F[0xc1][0x7]=O[0x0][0xc7]a[0x99][0x9e][0xb9][0x5][0xa9])[0x99]%[\n]"
12:44:01.805 [main] DEBUG org.apache.http.wire -  << "E[0xa9][0xa0][0xda][0x4]v[0x1][0xc][0xb8][0xe2][0x6][0xd5][0xda][0x99][0xe0][0xdc][0x0][0xef]"[0x83]k[0x1d][0xf2][0xea]k[0xa4][=[0x6]&k [\n]"
12:44:01.805 [main] DEBUG org.apache.http.wire -  << "J[0xc4][0xc6]~h[0xe1][0x8c][0xfd][0xd4]-[0xa4][0xab]h[0x8a]R[0xb]JS2[0x13][0xf3]R[0x12]S)j[0xb4] [0x9d]d@[0xb3]@[0xc0][0x9b]:[0x10][0xad]9[0x9a][0xd9][0x8f]o0[0x13]4[0xf2][0xf]m[0xac][0xe][0x84][0xfd][0xe0][0xd6][0xe5][0x80][0xda]O[0x83][0xf5]u[0xc8]e#f[0xd8][0x3][0x0][0x0][0x0][0xff][0xff]"
12:44:01.805 [main] DEBUG org.apache.http.wire -  << "[\r][\n]"
12:44:01.805 [main] DEBUG org.apache.http.wire -  << "640[\r][\n]"
12:44:01.806 [main] DEBUG org.apache.http.wire -  << "[0x82][0xdd][0xc5]dl[0x84]t[0x1c][0x3][0xa1][0xb0]'[0xa7][0x1f]h[0x4]:cz [0xc3][0x16]t[0xf8]>[0xd4]~[0x9a][0xae][0xc2]1[0xa2][0xd5]t>q[0x1d]N#[0xd0][0xd1][0xda]P[0x12][0x8a]GZ[0xf4][0xb7][0x8d][0x90][0xa6][0xd3]if?[0x9e]2[0xcc][0x8]i[0x92][0x9d]f[0xf6][0xe3][0xcb]G[0xa0]K%[0x6]4[0xfc][0x11][0xfd][0x8c][0x81][0xf1]?[0xa2]"[0xa5]B[0xcf][0x18]oH#j+[0x1a][0xdb]D[0xb7])m#[0xa4][2[0xa8][0xe0]'<mq#[0xa4]S[0xe]h[[0x1e][0x1a]![0x9a][0x9c]T[0xf0][0x12][0xbe][0x4][0x81]tA[0x6][0xad]mB$[0xf2][0xcc][0xbc][0x94][0xfc][0xdc]L[0xcc][0xbb]{[0x12][0xb3]K[0x15][0x8a]K[0xb3][0x13][0x15][0x10][\n]"
12:44:01.807 [main] DEBUG org.apache.http.wire -  << "[0xa0]c FD[0x9f][0x9c]`[0x84]4s[0x8e]0[0x6]u[0xa8][0x85]:[0xf6] e[0xa5][0xc4][0xdc][0xe2][0xd2][0xbc]t[0x85]`#c[0x85][0xd0][0x9c][0x92][0xa2]D[0x8c]Y$[0xa4][0xea][0xdf][0xcc][0x80][0xb8][0xf3][0x95][0x8d][0x8d][0x90][0xe6][0xc1]i[0x1c]7H[0xf3][0xd4][0xc1][0x4][0xfd][0xe2][0x9e][0x98][0x93]XQ[0x89][0xf0][0x11][0xb1][0xad]%[0xa4][0xc9]hZ{[0x87]^[0xb]B[0x8c][0x90][0xcf]m [0x18]p[0x88] 3$>[0x11] [0x1d][0xd7]@[0xeb]PCdPZ[0xdb][0x84][0x18][0xe1][0xa2][0xb5]M[0x88]L[0x1a][0x80][0xe3]<[0xf][0xd0]9;)[0xa9][0xc5][0xd9]E[0x99][0x5][0xc5][0x99][0xe4][0xe][0xbe][0x1a]!-u[0xa0]m[0xd5][0x80][0xb4][0xa6][0x81][0xc6][0x16]!:V4[0xb6][0x8][0xb1]P[0x8c][0xc6][0x16]![0x8a][0x5][0xd4][0x93]\A[0x97][0x8e][0xe1][0x98]y[0x9]K-[0x2]_[0xeb][0xb]9[0xc4][0x0]it[0x13]q[0x8b][0xae]BJfz^fqqfn~19C[0x9c]Ft[<b[0x84]th[0x2][0x8d]3[0x1e][0xd2][0xbd][0x14][0xb4][0xb6][0x89]n[0x85][0x9][0xd2][0xc9][0x7][0xb0]Z[0x12]R[0x17]*8[0x1a][0x93]vZ[0xf][0xd1]gn[0x80]o[0x11][0x82]v[0x8d]h0[0xa9]c[0x84][0xb4][0xdc]g@z>H[0xcb]|[0x6][0xc6]~D[0xd9]30[0xf6]#[0x8a][0xa4][0x81][0xb1][0x1f][0xad][0xa3]A[0xbb]s[0xa7][0x8c][0x90][0xd6][0x3]![0x97][0xbe][0xe0][0x13]d[0xb0][0x1e][0x85][0x9][0x9a]f@4[0x99][0x8c][0xcc]A-!b[0xce]N3BZ[0x19][0x84]|[0x1f][0x4][0xd8]&[0xa2][0xe][0xd1][0x86][0x1c]<I[0x9c]][0x88][0xd2][0x7]v&[0xe]d"[0x1f][0xfb][0xa1]8[0xd0][0x99][0x3][0x84][0xb7]L[\r][0x89]<[0xf2][0xdf][0xd8][0x8]t[0x12]([0xb4]([0x80][0xcd][0xc4][0xc0]N[0xaf][0xc5]q[0xc2]:t[0xce][0xe]a[0x9b][0x85][0x9][0xe8]0^[0xe2]<[0x86][0x98]wC[0xdc]"[0x7]9[0xba][0x16]GU[0x9]]%[0x88][0xb0][0xcd][0xc4][0x14]4[0x80]H[0x94]mHG[0x1d]@f[0xec][0xc1][0x91][0x85]5Y@[0xe6][0xf2][0x11][0xb6][0x18][0x81][0xd7],[0x12]g[0xb][0xa2]I[0x83]|[0xb8]8[0xc4]D\[0xab][0x1b]Q[0x93][0xa1][0xa9]%h:[0x8a]8[0xdb][0x10]e[0xb][0xfc]z[0x1c]h[0x18]a[0xbd][0xb6][0x6][0x12][0xb8][0x8][0x8f][0x19][0x83][0xab]k[0xe2][0xac]B[0x14]#[0xc8]y[0xb][0xea]1[0xec]I[0x11]rj0[0x92]u[0x16][0xa0][0xc2][0x98]8[0xeb][0x10][0xe3]ep[0x9f][0xe1][0xb5][0xb]rd0[0xc2].3[0xa2][0xcf][0xea]5"a[0xad][0x15]M[0xc6]f[0x7]x-[0x96][0x91][0x19]"[0x1f][0x82][0x1b]R4,[0xa1]A%[0x11][0xb4][0x80][0x19][0x90][0xca]h[0x80][0x8f]J0[0xa2][0xc5]Q[0x9][0xe8]S[0xed][0xf8][0xc6][0xe2]H8.[0x81]&I}[0x80][0x8f]S0[0x1a][0xe0]uF[0xe8][0xb][0xd4]h[0x98][0xd5][0x90]W[0xa8][0xd1][0xf4][0xf0]g#[0xa4]Ua[0xb4].?,[0xd0][0x1a][0x93]4[0xdb][0xc5]fdA[0xb7][0xa1]*[0xa4][0xfb]H[0xc0][0xc1]GC?[0xa1][0x15][0xf4][0xb4][0xb3][0x9]iI[0x11]b[0xdd][0x6][0xb4][0xad][0x88][0xab][0x15][0xe4]X[0x94][0x9c][0x91]Y[0x92][0x9a]\[0x92][0xaf][0x0][[0xd1]R[0xc]Z[0xdf][0x97][0xf]^[0x99][0x9a]ZL[0xd6]R;#[0xa4][0xc5]E[0xe0][0xd0][0xa5]a[0x8e][0x3]5[0xdb][0xa0][0x95][0x1b][0xc2][0xd3][0xd0]ke[0xb0][0xaf][0xb][0xf5][0xcb][0xcc][0xc8][0xcc]QHM[0x4]-[0xe]%k\[0xc7][0x92]n[0xf9][0xc1][0x92]n[0xf9][0x1]i[0xb9][0x9]M[0x7][0xeb][0x8c][0x91]NO[0x80][\r][0xb6]8faN[0xac][0xe0];[0x13][0x99][0xe8]Q[0x16]c[0xa4][0x85][0x1c][0xe0]tH[0xb3][0xbc]g[0x8c]|[0xf5][0x4]M[0xb]~c[0xa4]E[\r]4[0xf6][0x13][0xd2][0xf4]=[0xad]mB[0xc][0xe7][0xd3][0xd8]&[0xea]N*[0xe3]i[0xf5][0x19][0x83]n=[0x82][0x16]L[0xc8][0x9d]Rx[0xd7][0x1e][0xdb][0x15]9~[0xa9][0x85][0xa5][0xa9][\n]"
12:44:01.807 [main] DEBUG org.apache.http.wire -  << "e[0x90]e[0xb7][0xc5][0xa0][0x2]J!3[0x5]Z0#[0xef][0xb7][0x3][0x8d][0x84][0x10][0xd3][0xa3]3F[0x9a]4[0xa5]q[0xc0][0xd2]m[0xf3][0xad]1[0xe8][0xd6] h[0xc0][0xd2][0xda]O[0xf4]*[0xe8][0xc1]7[0xa7][0xd0][0xc7]OH[0xf3]L4[0xe]=[0xa4][0xe9][0x8f][0xc1]sn[0x9f]1[0xd2][0x4][0xc6]`r[0x15]b[0xb8]q0[0xb9][\n]"
12:44:01.807 [main] DEBUG org.apache.http.wire -  << "Q,[0xf]&WY[0xea](A[0xf3][0xca]`[0xb9][0xdf][0xd0][0xd8][0x18]4[0xc6]6[0xf8][0x1c][0x85][0x18]>[0x1c]D![0x85][0x18]d[0xa4]q[0x1][0x84]4[0xb0]Nc[0x9b][0x90]N[0xd4][0xa5][0xb5]Mt[0xab][0x92][0x90][0x6]h=[0x2][0x14]r3K[0xf2]1V?[0x81][0x1b][0xe9]%[0xa9]EI[0x89][0xc8][0x17][0xe2][0x98][0x82]t[0x12][0xd5]:[0x19][0xe0]1Xc[0xa4]1X[0xaa][\r][0x8c][0x12][0xb9]j[0xca][0x98][0x84]AY[0xc4][0xf8]:h[0xd4][0x91][0xb8][0xb5][0xcf][0xc6][0x3]<[0xe8]jL[0xab]AWb[0xbd][0x8f][0xc8]'T[0x8b]ZP[0xe8][0x13][0x1d][0xbd][0x88][0x9e];[0xcd][0xec][0xc7][0xb3][0xf4][0x1b]|g;[0xb4]>[0xa2][0x99][0xfd][0xf8]z?H[0x9b][0xa1][0x7][0xc6]~D#a@[0xec]G[0x1a]s[0x1e][0x18][0xfb][0x11]S[0xa2][0x3]c?b[0x92]t`[0xec]G4}[0x6][0xc6]~D[0xf9]C[0xab][0xda][0x13]i[0x8]{[0xf0][0xb4][0xee],[0x10][0xf9][0x8e][\n]"
12:44:01.807 [main] DEBUG org.apache.http.wire -  << "-!c[0x1d]%g[0xe8][0xf6][0xf9][0xd4]b%+[0xe4]MZ[0xc6]H[0x1b]x[0x7][0x8f][0xf7][0x91][0x6][0xbe][0xa1][0xeb]R[0x15]\s[0x12][0xb1]\[0x98][0xe][0xba][0xf8][0x11][0xbc]?[0x12],[0x7]][\r][0xf][0x1a][0x84][0x85]7[0x9c][0xf0][0xfa][0x1d][0x91][0xba]i[0xb0]z[0xcc][0x18]i[0x80][0xdb][0xad][0xb4](/[0xb3][0xa4][0xb4](U!$[0x1f][0xf3]V[[0x84]lJbQ[0xa6][0x82]WjA"x[0x91]<[0xd4]?[0x86][0xa0];[0xe0][0x1e][0xc2]W][0xd0]m[0xa0][0xdb][0x4][0xe9][0xf4]`*$P<~2A[0x1a][0xe9]F[0x84][0x13]-C[0xd1][0x4]i_![0xad][0xfd][0x86]([0xde][0x10][0xab][0x88] +Op[0xac]"r[0xcc][0xc9]L,VH+MOT(E[0x9e]T[0x2][0x1f][0xe7]LL[0x1a]11@[0x8c][0x91]x[0x16]d[0xe4][0xe7][0xa5]*[0x18][0x1a]*[0x98][0x99]([0xa4]'a[0xef][0x98]d$[0x82][0xe]OQ@[0xbf]/[0x96][0xe8][0xd9][0x3][0x13][0xd0][0x86][0xe]h[0x1b][\n]"
12:44:01.807 [main] DEBUG org.apache.http.wire -  << "f[0xa1][0x11]M-D[0x1a][0xda][0x87]YH[[0x1f]"[0x9d]7L'[0xb][0x11][0x5][0x17][0x8d]S[0xa8]![0xc6]0[0x83]9[0x8d][0x92][0x89]!"][0x6]$[0xe6]$[0xfa][0xe4][0xfb][0xe0][0x99][0xce][0xc2][0x92][0x1a]A[0xe3][0xd9][0xf0][0xc][0x80]g[0x9b][0x9a][0x9]moa6[0x1]-[0xea][0x83]&w[0x1a]T*&H[0x1b][0x7][0x9d][0x8a][0x12][0x93]SsR1[0xef]`[0xf5]MLIU[0xc8]OS[0xc8][0xc8]L[0xcf]P(,M[0xcc][0xc9],[0xa9]T(HM,[0xca])Ft[0x82][0x8d]@&[0xc1][0x3][0xc]_[0x9][0x8c]t(.M|[0x84]h[0xe3][0xd2][0xc4]xD^[0xa1][[0x80]![0x8a]u[0xba]Y[0x89][0xc8][0xa7][0xd4][0xb4][0x12]_>B[0x9a][0x99][0xa3][0xa6][0x95][0xb0][0x94][0x8][0x0][0x0][0x0][0xff][0xff]"
12:44:01.807 [main] DEBUG org.apache.http.wire -  << "[\r][\n]"
12:44:01.807 [main] DEBUG org.apache.http.wire -  << "59B[\r][\n]"
12:44:01.807 [main] DEBUG org.apache.http.wire -  << "[0xca]/[0xca]Do[0xac][0x9a][0xd0]m[0x1e][0xce][0x4]is![0x8d]:[0x1e]&HS}[0xb4][0xc][0xbf]j%O[0x17]%+C#[0xb][0xa4][0xa2][0xdc]199[0xb5][0xb8][0x18][0x12][0xc2]:J[0xa8][0xbb]?K[0xf2][0x15]R[0xf3]2[0x12][0xf3][0x92]S[0x15][0x12][0xb]@[0x85][0x6][0x88][0xa9]T[0x8b]t[0xb0][0x83][0x9][0xd2]~[0xc8][0xe2][0xd4][0x82][0xd4][0x14][0xcc][0x82]:1[0xb3][0x12]$[0x8]m[0xc0][0x82][0xf7]Q[0x10]U[0xd4] m[0x82][0xa4]e[0x98][0xa0]x[0x6]Q>P[0xdb]3[0xf4]/[0x6]@[0x9b][0x0][0xa0][0x95]O08f[0x14]|2[0x8b]K[0x8a][0xc0][0xe3][0xca][0xa8][0xd1][0xc][0x95][0xce][0x81]H+[0xe4][0xa5][0xa7]&[0x95][0x82]j[0x12][0xd2][0xa3][0xc]1D[0x7]5[0x13]j[0xa5][0x82]SbN"fg[0x7][0xaa][0x8][0xd5]b[0x85][0xa4][0xc4][0xbc]tpM[0x6][0xb5][0xdf][0x14][0xb4][0xf5][0x86][0xb8]$[0x83]h7[0xd0]-[0xc9] &[0xf4][0xe8]f%b@[0x80]^V"MqCO[0xb4][0x83][0xf6]L[0xb0]-[0xb9][0x8]-QH-*[0xca]/R(JM.-[0x86][0x9c][T[0x90][0xf][0xda][0xf5]WZ[0xac][0x90][0x9b][0x9f][0x3][0xba]5>1[0x15]tH[0xa0]B&[0xe4][0x0]([0xa4]5c[0xc4]w^[0x90].[0xb3]Ft[0x98]|2[0xf3]R[0xf3][0x14][0x9c][0xf2]KJr07[0xcd][0x83][0x8e]/,H-*.[0xc8]L[0xce]L,[0xc9],[0x86].[0x3]QH[0xc9]L.IT([0xc8]/*[0xca]W[0xc8],(.[0xcd]UHE>[0x85][0x8f][0x4]'![0x9a]/t[0x8b][0x19]D[0x91][0x5][0xd9][0xe][0x2][0x9][0x1][0xf7][0x9c][0xfc][0xb2]TP[0xb][0xf]5[0xa7][0xfb][0xa7][0xa5]e&gf[0x16]+ [0x9f][0x8b][0x99][0x98][0x97][0x99][0x9b][0x9][0x8f][0x98]b[0xd8]b[0x99][0x92]T[0x85][0x94][0xd4][0x9c][0xd4][0xbc][0xcc][0x92]L[0xf2][0xe2][0x87][0xfe]E[0x1e][0xd2][0xa6]M[0xf7][0xfc][0xa2][0xf4][0xd4][0xfc][0xd2]b[0x5][0xd8]n[0x8b][0xc4]"[0x8c][0xce][0x8a]?[0xe8][0xec]1[0xf0][0x1a][0xcd][0xd2]\[0xd0][0xfd][0xda][0xd0]$[0x0]>g,3[0xbf][0x18]r[0x1e][0xa3]BbNfaif[0x8a]Bq&y[0x9d]l[0xa4][0xe5][0x11][0x88]t[\n]"
12:44:01.807 [main] DEBUG org.apache.http.wire -  << "[0xdb][0xdd][0xe2][0x9c][0x9f][0x8]*iQc[0xc9][0xb5][0x4][0xd4][0xab][0xcf]L,Q[0x80][0xac][0x19][0xcd][0xcd][0xcc][0xcb][0xcc]M[0x84][0x9d][0xc][0xa7]P\Z[0x9c][0x9c]Y@[0xae]k[0x10]E$[0xf2][0x8e][0xaf][0xf0][0xfc][0xfc][0x1c][0x85][0xe0][0x8c][0xcc]"[0xac][0xae][0x1][0x9d][0xf9][0x9]]BU[0x92][0x99]TZ[0xac]P[0x90][0x93][0x98][0x9c][0x9a]X[0xa2][0x90]Jf[0x90] [\n]"
12:44:01.807 [main] DEBUG org.apache.http.wire -  << "M[0x1a][0xf7]YAU[0x7][0xb4][0x12]T[0xc0][0x88][0xf0]d+[0xc5]c[0x1a]H[0xa7][0xa2][0x93][0xe5][0x19]"[0xe7][0xbf]L[0x90]NH'[0xcb][0x1e][0xe2]Gi[0x90][0xce]B[0xa7]W1[0x86][0xb4][0xe5][0x91]nV"[0x1a]+t[0xb3][0x12][0x91][0xf9][0xe8]f%[0xfd][0xb2][0x1a][0xa2]YB[0xe3][0xf4][0x89][0xbc][0x5][0x12][0xb2]2[0x18][0xf3][0x2][|y[0xdb][0x4]eV[0x0][0xbd][0x93][0x9][0xeb]$[0x99]"50[0xdc][0x13]s3[0xc1][0xd3][\n]"
12:44:01.807 [main] DEBUG org.apache.http.wire -  << "[0xa8][0x5][0xb5][~[0x91][0x2]dm[0xb7]BAiQA~qj1j[0xef][0x88]n[0xab]XL[0x90]n[0x81][0xa6]u[0xe8]#[0xb5]8 [0xa1]oJ[0xa3][0x92][0xd5][0xc][0xd1][0x82][0xa0][0xb5][0x9f][0x10]C&[0xb4][0xb6][0x9]Q[0xea]@m[0x1a][0xb4]i[0x17]QX[0xe1]t)b[0x8][0x11]_-F[0xd5][0x1c][0x85]Q[0x9e][\r][0xda][0xf0][0xc3]([0xf]1]J[0xff][0xf0]CZ$[0x5][0x8d]UZ[0xe5]^[0xa4][0xe5]R~[0x89][0xc5][0x99][\n]"
12:44:01.807 [main] DEBUG org.apache.http.wire -  << ".[0x89][0xa5]y[\n]"
12:44:01.807 [main] DEBUG org.apache.http.wire -  << "^[0xa9]E[0xa5][0x98][0x7][0xba][0x83][0xe5][0xcb]S[0xf3][0x12][0xb3][0xb3][0x15]JR[0xf3][0x12][0xf3][0x14]rK[0x8b]rSA-v[0xe8][0x18][0x80][0xa1]%[0xfe]c[0xcd]`I[0xcc][0x2][0xe9][0x90][0xdb][0xe4][0xfc][0xbc][0x92][0xfc][0xc][0xdd]d[0xc4]t7[0xfa][0xf8][0x96][bqFf~^bRN*j[0xb9][0x8d][0xb4][0xd4][\n]"
12:44:01.807 [main] DEBUG org.apache.http.wire -  << "[0xec]6[0x84][0xdb][0x15][0x12]+[0x13]s[0x15][0xd2][0xf3][0x8b]R[0xb1][0xd4][0x7]`[0xb5]T[0xf2][0x7]"[0x9d][0x13][0xf6][0x7][0xa6][\n]"
12:44:01.807 [main] DEBUG org.apache.http.wire -  << "[0x94]1:[0xa4][0xdd][0xb2][0xb4][0x8e]s[0xba][0x95][0xa3]H7O[0xd0][0xda]O[0x18][0xf9][0x98]V9[0x86]n[]M[0x90][0xb6][0xba][0x12]\[0x86]N[0xaf][0x92][0x1d]iO,[0xe]7![0x9a][[0x88]r[0x93]~m9[0xa4][0xc3][0xfe][0x7][0xa7][0xfb][0xe8][0x96]N[0x91]v[0xc5][0xe2][0x8][0x89][0x81][0x88][0x1f][0xa4][0x85]B[0x83][0xc9]Utk-#-1[0xc2][0xbe]zk`[0xb3][0xf][0xd2]z$[0xec][0xce][0x1b][0x90]4[0x83][0xa8]e[0xb1];j@[0xc3][0xcc][0x14]ie[0x15]v[0xe7][\r]@[0x98][0x99]"-[0xc2][0xa2]m[0xcd]k[0x8a][0xb4][0xf8][\n]"
12:44:01.807 [main] DEBUG org.apache.http.wire -  << "[0xbb][0xf7][0x7]8v[0x10][0x8d][0x1d][0xec][0xce][0x1b][0x90][0xd8][0xc1][0xe8]_[0xd2][0xa8][0xb5][0x2]>[0x97][0x8]:[0xb4][0x8a][0xdd][0xfb][0x3][0x1b];H+[0xbf][0xb0];o b[0x7]iu[0x18]vG[\r]p[0x98]!*+[0xec][0xce][0x1b][0x90]0[0xa3][0xd7]([0x90])[0xd2][0xaa][0x8][0x1a][0x97]l[0x86]t[0xcb][0xa5]HK[0xe9]h[0xed]'D]Jc[0x9b]@[0xab][0xd5][0xa0]%[0xf][0xad]mBL[0xe8][0xd2][0xda]&[0xba][0xa5]r[0xba][0x9d]co[0x8a][0xb4]*[0x8c][0xd6][0xa1][0x87]1VI[0xab]Z[0xf][0xe9][0xb6]wZ[0xfb][0x89]^[0xfd]9S[0xa4][0xd5]g4[0xf6][0x13][0xd2]j1Z[0xdb][0x84][0xc8][0xb9][0xd8][0xab][0xb2][0x81][0xad]i[0x8d][0x11][0xd9][0x1d][0xbb][0xf3][0x6][0xa2][0xa6]E^1F[0xd3][0x99][0x1d]Sc[0xba][0xd5][0xc6][0x88][0x92][0xc1]#@[0xc1]9[0xbf](U!S[0x1][0xb3]p[0xc8]I-([0xc9]/P[0xc0][0xd8]ym[0x9][0x2][0xc4]m[0x90]55[0xa6][[0x5][0x88][0xb4][0x1c][0x8b]n[[0xf1]`#[0xec][0xa6]H7P[0xc1]7[0xe1]`L[0x0][0xa6]a[0x9b][0x19][0x85]][0x7]fdj[0x80][0xe8]:[0x91]h[0x6][0xd2]rM[0xe4][0x9]Z[0xaa][0x5][0x3]Q[0xa3][0x9d][0x83]([0x8][0x10][0xc5][0x1c][0xa1] @[0x94]([0xa0]][0xd7]x[0xd2][0xf4]`[0x8c]iD[0xc7][0x84][0x90]7iq[0xde][0xa7])[0xd2][0xc1];T[0xb5][0x9f][0xb6][0xb1][0x80][0x92]W[0x10]%.U}0[0xd4][0xf2][0xb][0xa2][0x8c][0xa6]Y0[0xa0][0x1f]"0[0x18][0xf3][0x13][0xa2]mI[0xb3]`[0xc0][0xb9][0xae]f[0xf0][0x94][0x9e]H[0xab][0x3]Gt0[0xc][0xc0][0xc9][0x6][0x83]0S -[0xe4][0x1c][0xd1][0xa9]a[0x0][0xea][0xda][0xc1][0x98][0x1a][0x10]=[0xb4][0x11][0x9d][0x1a][0x10]-[0xf5][0x11][0x1d][0xc][0x88][0xe6][0x13]l[0xe0][0xc2][0xd4][0x14][0xb3][0x1b][0x89]o[0xd5])[0xd1][0xeb][0xaf]MM[0x11]}V[0xea]nC3E:[0xbf][0xcd]3[0xaf]$5''3=5[0xaf]D![0xb8]$5[0x15][0xb4][0xfc]?[0x1f][0xcb][0x96][0x11][0xcf][0x14][0xd0][0xb6][0xe1][0xe2]L[0x5][0xd0]][0xf5][0xc5][\n]"
12:44:01.808 [main] DEBUG org.apache.http.wire -  << "[0xe0][0xcb][0xd9][0xb]K[0x13][0x8b]I[0xd9][0x14][0x12][[0xcb][0x5][0x0][0x0][0x0][0xff][0xff]"
12:44:01.808 [main] DEBUG org.apache.http.wire -  << "[\r][\n]"
12:44:01.809 [main] DEBUG org.apache.http.wire -  << "A[\r][\n]"
12:44:01.809 [main] DEBUG org.apache.http.wire -  << "[0x3][0x0]\[0x6][0xcb]^A[0xe4][0x0][0x0]"
12:44:01.809 [main] DEBUG org.apache.http.wire -  << "[\r][\n]"
12:44:01.809 [main] DEBUG org.apache.http.wire -  << "0[\r][\n]"
12:44:01.809 [main] DEBUG org.apache.http.wire -  << "[\r][\n]"
12:44:01.809 [main] DEBUG io.restassured.internal.RestAssuredHttpBuilder - Parsed data to instance of: class org.apache.http.conn.EofSensorInputStream
12:44:01.812 [main] DEBUG org.apache.http.impl.conn.BasicClientConnectionManager - Releasing connection org.apache.http.impl.conn.ManagedClientConnectionImpl@1693d505
12:44:01.812 [main] DEBUG org.apache.http.impl.conn.BasicClientConnectionManager - Connection can be kept alive indefinitely
12:44:01.849 [main] DEBUG net.thucydides.core.steps.StepInterceptor - STEP DONE: I send HTTP GET request
  &amp#27;[32mWhen &amp#27;[0m&amp#27;[32mI send GET HTTP request&amp#27;[0m                     &amp#27;[90m# starter.stepdefinitions.UserSteps.iSendGETHTTPRequest()&amp#27;[0m
12:44:01.858 [main] DEBUG net.thucydides.core.steps.StepInterceptor - STARTING STEP: UserSteps.iReceiveValidHTTPResponseCode - I receive valids HTTP response code 200
12:44:01.859 [main] DEBUG net.thucydides.core.steps.StepInterceptor - STEP DONE: I receive valids HTTP response code 200
  &amp#27;[32mThen &amp#27;[0m&amp#27;[32mI receive valid HTTP response code 200&amp#27;[0m      &amp#27;[90m# starter.stepdefinitions.UserSteps.iReceiveValidHTTPResponseCode()&amp#27;[0m
12:44:01.869 [main] DEBUG net.thucydides.core.steps.StepInterceptor - STARTING STEP: UserSteps.iReceiveValidDataForProductRatings - I receive valid data for product ratings
12:44:01.931 [Finalizer] DEBUG org.apache.http.impl.conn.DefaultClientConnection - Connection 0.0.0.0:65158<->149.248.193.56:443 closed
12:44:01.936 [Finalizer] DEBUG org.apache.http.impl.conn.DefaultClientConnection - Connection 0.0.0.0:65157<->149.248.193.56:443 closed
12:44:02.063 [main] DEBUG net.thucydides.core.steps.StepInterceptor - STEP DONE: I receive valid data for product ratings
  &amp#27;[32mAnd &amp#27;[0m&amp#27;[32mI receive valid data for product ratings&amp#27;[0m     &amp#27;[90m# starter.stepdefinitions.UserSteps.iReceiveValidDataForProductRatings()&amp#27;[0m
12:44:02.067 [main] INFO  - 
  _____   ___   ___   _____     ___     _     ___   ___   ___   ___  
 |_   _| | __| / __| |_   _|   | _ \   /_\   / __| / __| | __| |   \ 
   | |   | _|  \__ \   | |     |  _/  / _ \  \__ \ \__ \ | _|  | |) |
   |_|   |___| |___/   |_|     |_|   /_/ \_\ |___/ |___/ |___| |___/ 

GET - As admin I can get product ratings
----------------------------------------------------------------------
]]></system-out>
  </testcase>
  <testcase name="GET - As admin I cannot get product ratings" classname="User" time="0.731">
    <failure type="java.lang.AssertionError"><![CDATA[java.lang.AssertionError: 
1 expectation failed.
Expected status code <404> but was <200>.

]]></failure>
    <system-out><![CDATA[
@TC-0012
Scenario: GET - As admin I cannot get product ratings     &amp#27;[90m# src/test/resources/api/user.feature:41&amp#27;[0m
12:44:02.086 [main] INFO io.cucumber.core.plugin.SerenityReporter - Running feature from file:///C:/Users/Lenovo/IdeaProjects/MiniProject/MiniprojectApi/src/test/resources/api/user.feature
12:44:02.086 [main] WARN io.cucumber.core.plugin.SerenityReporter - Feature from file:///C:/Users/Lenovo/IdeaProjects/MiniProject/MiniprojectApi/src/test/resources/api/user.feature is not under the 'features' directory. Requirements report will not be correctly generated!
12:44:02.089 [main] INFO  - 
  _____   ___   ___   _____     ___   _____     _     ___   _____   ___   ___  
 |_   _| | __| / __| |_   _|   / __| |_   _|   /_\   | _ \ |_   _| | __| |   \ 
   | |   | _|  \__ \   | |     \__ \   | |    / _ \  |   /   | |   | _|  | |) |
   |_|   |___| |___/   |_|     |___/   |_|   /_/ \_\ |_|_\   |_|   |___| |___/ 

GET - As admin I cannot get product ratings(user;get---as-admin-i-cannot-get-product-ratings)
--------------------------------------------------------------------------------
12:44:02.202 [main] DEBUG net.thucydides.core.steps.StepInterceptor - STARTING STEP: UserSteps.iSetUnmatchedGETApiEndpointsProductRatings - I set the unmatched GET api endpoints product ratings
12:44:02.203 [main] DEBUG net.thucydides.core.steps.StepInterceptor - STEP DONE: I set the unmatched GET api endpoints product ratings
  &amp#27;[32mGiven &amp#27;[0m&amp#27;[32mI set unmatched GET api endpoints product ratings&amp#27;[0m &amp#27;[90m# starter.stepdefinitions.UserSteps.iSetUnmatchedGETApiEndpointsProductRatings()&amp#27;[0m
12:44:02.209 [main] DEBUG net.thucydides.core.steps.StepInterceptor - STARTING STEP: UserSteps.iSendGETHTTPRequest - I send HTTP GET request
12:44:02.211 [main] DEBUG net.thucydides.core.steps.StepInterceptor - STARTING STEP: GetAllProduct.iSendGETHTTPRequest - I set the GET api endpoints
12:44:02.211 [main] DEBUG net.thucydides.core.steps.StepInterceptor - STEP DONE: I set the GET api endpoints
12:44:02.229 [main] DEBUG org.apache.http.impl.conn.BasicClientConnectionManager - Get connection for route {s}->https://altashop-api.fly.dev:443
12:44:02.230 [main] DEBUG org.apache.http.impl.conn.DefaultClientConnectionOperator - Connecting to altashop-api.fly.dev:443
12:44:02.489 [main] DEBUG org.apache.http.client.protocol.RequestAddCookies - CookieSpec selected: ignoreCookies
12:44:02.489 [main] DEBUG org.apache.http.client.protocol.RequestAuthCache - Auth cache not set in the context
12:44:02.489 [main] DEBUG org.apache.http.client.protocol.RequestTargetAuthentication - Target auth state: UNCHALLENGED
12:44:02.489 [main] DEBUG org.apache.http.client.protocol.RequestProxyAuthentication - Proxy auth state: UNCHALLENGED
12:44:02.489 [main] DEBUG org.apache.http.impl.client.DefaultHttpClient - Attempt 1 to execute request
12:44:02.490 [main] DEBUG org.apache.http.impl.conn.DefaultClientConnection - Sending request: GET /api/products HTTP/1.1
12:44:02.490 [main] DEBUG org.apache.http.wire -  >> "GET /api/products HTTP/1.1[\r][\n]"
12:44:02.490 [main] DEBUG org.apache.http.wire -  >> "Accept: */*[\r][\n]"
12:44:02.490 [main] DEBUG org.apache.http.wire -  >> "Host: altashop-api.fly.dev[\r][\n]"
12:44:02.490 [main] DEBUG org.apache.http.wire -  >> "Connection: Keep-Alive[\r][\n]"
12:44:02.490 [main] DEBUG org.apache.http.wire -  >> "User-Agent: Apache-HttpClient/4.5.13 (Java/14.0.2)[\r][\n]"
12:44:02.490 [main] DEBUG org.apache.http.wire -  >> "Accept-Encoding: gzip,deflate[\r][\n]"
12:44:02.490 [main] DEBUG org.apache.http.wire -  >> "[\r][\n]"
12:44:02.490 [main] DEBUG org.apache.http.headers - >> GET /api/products HTTP/1.1
12:44:02.490 [main] DEBUG org.apache.http.headers - >> Accept: */*
12:44:02.490 [main] DEBUG org.apache.http.headers - >> Host: altashop-api.fly.dev
12:44:02.490 [main] DEBUG org.apache.http.headers - >> Connection: Keep-Alive
12:44:02.491 [main] DEBUG org.apache.http.headers - >> User-Agent: Apache-HttpClient/4.5.13 (Java/14.0.2)
12:44:02.491 [main] DEBUG org.apache.http.headers - >> Accept-Encoding: gzip,deflate
12:44:02.700 [main] DEBUG org.apache.http.wire -  << "HTTP/1.1 200 OK[\r][\n]"
12:44:02.701 [main] DEBUG org.apache.http.wire -  << "content-type: application/json[\r][\n]"
12:44:02.701 [main] DEBUG org.apache.http.wire -  << "date: Sat, 06 May 2023 05:52:48 GMT[\r][\n]"
12:44:02.701 [main] DEBUG org.apache.http.wire -  << "transfer-encoding: chunked[\r][\n]"
12:44:02.701 [main] DEBUG org.apache.http.wire -  << "content-encoding: gzip[\r][\n]"
12:44:02.701 [main] DEBUG org.apache.http.wire -  << "server: Fly/3f2597ca (2023-05-03)[\r][\n]"
12:44:02.701 [main] DEBUG org.apache.http.wire -  << "via: 1.1 fly.io[\r][\n]"
12:44:02.702 [main] DEBUG org.apache.http.wire -  << "fly-request-id: 01GZQSXDK5KDHW4K8TAGBEDAF3-sin[\r][\n]"
12:44:02.702 [main] DEBUG org.apache.http.wire -  << "[\r][\n]"
12:44:02.702 [main] DEBUG org.apache.http.impl.conn.DefaultClientConnection - Receiving response: HTTP/1.1 200 OK
12:44:02.702 [main] DEBUG org.apache.http.headers - << HTTP/1.1 200 OK
12:44:02.702 [main] DEBUG org.apache.http.headers - << content-type: application/json
12:44:02.702 [main] DEBUG org.apache.http.headers - << date: Sat, 06 May 2023 05:52:48 GMT
12:44:02.702 [main] DEBUG org.apache.http.headers - << transfer-encoding: chunked
12:44:02.702 [main] DEBUG org.apache.http.headers - << content-encoding: gzip
12:44:02.702 [main] DEBUG org.apache.http.headers - << server: Fly/3f2597ca (2023-05-03)
12:44:02.702 [main] DEBUG org.apache.http.headers - << via: 1.1 fly.io
12:44:02.702 [main] DEBUG org.apache.http.headers - << fly-request-id: 01GZQSXDK5KDHW4K8TAGBEDAF3-sin
12:44:02.702 [main] DEBUG org.apache.http.impl.client.DefaultHttpClient - Connection can be kept alive indefinitely
12:44:02.704 [main] DEBUG io.restassured.internal.RestAssuredHttpBuilder - Parsing response as: application/json
12:44:02.704 [main] DEBUG org.apache.http.wire -  << "331[\r][\n]"
12:44:02.704 [main] DEBUG org.apache.http.wire -  << "[0x1f][0x8b][0x8][0x0][0x0][0x0][0x0][0x0][0x4][0xff][0xaa]VJI,IT[0xb2][0x8a][0xae]V[0xf2]tQ[0xb2]24[0xb2][0xb0]0[0xd7]Q[0xf2]K[0xcc]MU[0xb2]Rr[0xcd][0xcb]/[0xca][0xcd]/-Vp[0xce]/)[0xc9][0xcf]Sp[0xce][0xcf]-(-I-R[0xd2]QrI-N.[0xca],([0xc9][0xcc][0xcf]S[0xb2]R[\n]"
12:44:02.704 [main] DEBUG org.apache.http.wire -  << "-Q[0xc8]KMN-.[0xce],I,[0xc9]L*-V([0xcb],ILU[0xc8],-JUH[0xc9][0xcf][0xc9]/J-V(J-H[0xcd][0xc9]I[0xcd]K)-V([0xce][0xcc][0xcd][0xcc][0xc9],,M[0xd5]S[0xd2]Q[\n]"
12:44:02.704 [main] DEBUG org.apache.http.wire -  << "([0xca]LNU[0xb2][0xb2]4[0xd4]Q[\n]"
12:44:02.704 [main] DEBUG org.apache.http.wire -  << "J,[0xc9][0xcc]K/V[0xb2]2[0xd1]QrN,IM[0xcf]/[0xca]L-V[0xb2][0x8a][0x8e][0xad][0xd5]A[0xb8][0xd0][0x2][0xee][0xc2][0x80][0xa2][0xc4][0xe4][0x92][0xcc][0xe4][0xc4][0x1c][0x5][0xdf][0xc4][0xa2][0xa4][0x9c]T[0x85][0x90][0xc4][0xa4][0x9c]T[0xc][0xf7][0x85][0xa4][0xe6][0x16][0xe4][0x17][0x81][0x1d]V\[0x9a]W[0xa2][0x90]X\[0x90]Z[0x94][0x9]r[0x15][0x92][0xfd][0x16]FH[0xf6][0x1b][0xe3][0xb3][0xdf][0x12]nPiqIf[0xb2][0x82]{Qb^fI[0xaa]BpF~j1[0xa6][0xed][0xf9]%[0x89][0xb9][\n]"
12:44:02.704 [main] DEBUG org.apache.http.wire -  << "[0x85][0xa5] [0xfb]S[0x12]s[0x15][0xca]Rs[0x90][0xac]51#[0xd2]ZK[0x3][0xb8][0xb5][0xc1][0xf9]y[0x95][\n]"
12:44:02.705 [main] DEBUG org.apache.http.wire -  << "[0x1][0xc1][0xa6][0x18]V[0x15][0xe4]$V*d$[0x16]+[0xe4][0xe5]+[0xe4]d[0xe6]f[0x96][0x80]\[0x3][\r]_#KK$[0x9b][0xf0][0x5][0xb0][0xa5][0x11][0xdd]l2[0xa6][0xa6]M[0x86]x"[0xcd][0xd2][0x94]n6[0x99][0xc1]mr-J[0xcf][0xcf][0xcb][0xcf][0xcd]LV[0x8][0xcf][0xcf]OI[0xcd]Sp[0xcf][0xc9]/[0xc3][0x92]B[0x82]3s[0xb2][0x11][0x19][0xc1][0xd8][0xd2][0x18]9M[0x98][0xe2][0xf3][0x15]"[0xb3][0xba][0xe7][0x17][0xa5][0xa7][0x82]2+[0xc8]0\[0x16]A22[0xc2]*3[0xb]Cc[0xa4]Da[0x80][0xcf]*D[0xae]sL-[0xca]O[0xa9][0xcc]K[0x4]y[0xc][0x9a][0xef][0x82]32[0x8b]J0[0x92][0xa3]gQ~[0x1e][0xc2]2[0xb][0x13]S[0xe4],[0x86][0xd7]_[0x88],[0xe6]RZ[0x4][0xca][0xd3][0xf0]<[0xe6][0x94][0x98][0x8e]a[0x8f]s~^rQj[0x9]([0xe3]C[0x13][0xbb][0xb1][0x85][0xa1][0x1][0x92][0xc7][0xf0][0xa4]vK[0x3]D[0xbe][0x82][0x87]a@bAj[0x11][0xee][0xf2][0xe][0x12][0x9b][0x8][0x9f][0x99][Z[0x98][0x10]k[0x1b]U[0xf3][0x16][0x9e][0x8][0xb3]40[0x81][0xa7]C*[0x94][0x17]xb[0xcb][0xd2][0x80][0xaa]y[0xb][0xaf][0x9f][0x10][0x89][0xd0]#5[0xb1][0xac]R[0xc1][0xa5][0xb4][0xa4]R![0xb8]$55G[0xc1]#[0x11]3[0x1][0xa2]G[0x94][0x99][0x81][0xa9]9RD[0xe1][0xb5][\n]"
12:44:02.705 [main] DEBUG org.apache.http.wire -  << "3[0x9]BSEFb&f[0x15][0x8]v[0x3]"E[0x98][0x99][0x1a]"Wg[0xf8],[0x2]%Th[0x85][0xeb]X[0x9e]Z[0x9c][0x9f][0x9b][0xaa][0xe0][0x93][0x9a]X[0x92][0x1]J[0x80]9[0xf9][0xc9][0xa0][0x82][0x1][0xb5][0xb6]E[0xcd]U[0xe6][0x86][0x16]DfaK[0x90][0x93][0xa0]6[0xc1][0xab]v[0xa7][0xa2][0xfc][0xbc][0xaa]T[0xdc]I=[0xa8]4)[0x9]\[0xe3]C3[0x96][0x5][0xd1]%[0x86][0xa5]!"[0xa9]C[0xeb]I[0x9f][0xcc][0xbc][0xd4]<[0x85][0x80][0x9c]DpVE[0xf5][0x15][0xba]E[0xc6][0x86]&[0xa6]DF[0x15][0xa8][0xc][0x83][0xfa][0xcb]75%3?[0xb9][0x8][0xe4]!H[0x91][0xa0][0xe0][0x8c]5[0xc][0xc1].AD[0x97][0x89][0x99]!r[0x91][0x8b]7[0xba][0x90][0xb2]Ue^jQz&[0xb8][0x9][0x0][0x8a][0x14][0x5][0xec][0xa5]`@N"H[0x9][0xc2]6Sc[0xb][0xe4][0xc2][0x9][0xaf]m[0x88][0xac][0x85]\[0xea]B[0xca]q[0x5][0xef][0xbc][0xcc]4P[0xa1][0x87][0x1a][0x92]X[0xec]3%:[0x89] */d[0xfb][0x1c]sJs3[0xf3]Js[0x15] [0xa5]/[0x0][0x0][0x0][0xff][0xff]"
12:44:02.705 [main] DEBUG org.apache.http.wire -  << "[\r][\n]"
12:44:02.713 [main] DEBUG org.apache.http.wire -  << "6C8[\r][\n]"
12:44:02.713 [main] DEBUG org.apache.http.wire -  << "B[0xb5][0xf][0x9a]Z[0x91][0xfc]giL[0xb4][0xff][0x10][0x15][0x18]r[0x86][0xce][0xcc][0xc9]V[0x8]O[0xcc][0xc9]I[0xc5][0xcc][0xd2][0x90][0x4][0x8b][0xb0][0xcc][0xd2][0xcc][0xc0][0x82][0xd8]t[0x82](=0[0x1a][0x8e]8l[0xc3][0xf0][0x9b][0x85][0x99]!rQ[0x8f]7[0xee][0x10]%[0x8]rXBkL[0x1c][0x16]:[0xe7][0x17][0x14] [0xe7]7K3C[0xe4]f[0x1b]>[0xfb][0x8c][0x10][0x15][0x19][0xac] [0x81]&[0x5][0x5][0xe7]D[0xcc][0x12][0xb]= [0x8d][0x8d][\r][0x88]-[0xb2][0x8c][0xc][0xe1]U[0xb][0xcc]&HI[0x8b][0xab][0xdd][0x1]j[0x93] [0xa2][0xcc][0x94][0xf8]R[0xd8][0x8]Q[0x86][0xc0][0x8b],[0xa8]U[0xd8]3[0x1b]D[0x12]a[0x97][0x99][0xb9][0x19]r[0xa3][0x3]o[0xf8]![0x1a][0xa3][0xf0]b$<??[0x7]G[0x11][0x82][0x1e]~[0xa6][0x16]&D[0x87][0x1f][0xa2][0xc][0x81][0xdb][0x4]1[0xe]G[0x17][0x2][0xdd]W[0xc6][0x6][0xa6][0xc4]&z#D[0x9][0x2]-[0x85]!I[0xc][0x87]M[0xd0][0x14][0x83][0x8]@c#[0xa2][0xab]L#D[0xe1]A[0x85][0x16][0x7][0xde][0xa8]B[0x14][0x1b][0x88][0x9c][0xc][0xa9][0x9e]q4[0x3]r[0x10]>[0xb2][0xb4][0x4]U[0xb9][0xf0][0xae]&^{[0x10]%[0x6][0xbc]m[0x8][0xeb][0xec]a[0xaf][0xc6][0xa0][0xb2][0x8][0xdb][0xcc][\r]-[0x89]mr[0x18]![\n]"
12:44:02.713 [main] DEBUG org.apache.http.wire -  << "[0xc][0xcf][0xbc][0x92][0xd4][0x9c][0x9c][0xcc][0xf4][0xd4][0xbc][0x12][0x5]h[0xca][0xc0][0x96][0x87]1l351%[0xb6]"[0x3][0x95][0xd1][0xd0]Z[0x13][0x9e][0xb5][0xc0][0xad][0x18][0x5][0xa7][0xfc][0x92][0x12],[0xbd]hP[0x15][0x87][0xf0][0x97][0xb1][0x85][0x1][0xb1][0x95][0x8a]1[0xa2][0xb8][0xf0][0x4][0xd5][0xca])[0x99][0xa0][0xae]:4[0xa5])8cmO[0xc1]j[0x1c][0x84][0x85]F[0x6]DG[0x9b]1[0xa2][0xd4]@$[0xf]h[0xb2]w[0xce][0xc7][0xd2]N[0x84][0xba][0x5]a[0x99][0xa5][0x99][0x9][0xb1]U[0x98]1[0xa2][0xd8][0x8][0xce]IM[0xcd]V[0x0][0xb7]-[0x14][0xb0][0xda][0x83]Z[0xe][0x1a][0x9b][0x1a][0x11][0x1d][0x84][0x88][0x12][0xc3]'3=[0xa3][0xa4]<[0x15]D[0xc2]F=[0x9c]R[0xf3][0x92]3[0x88][0xa8][0x97][0xcd]A[0x5]7Q[0x9][0xdf][0x18]Qj[0xc0]K(hbS[0xf0]N[0xad]L[0xca]O,J[0xc1][0xb0][0x10]TX"[0x82][0xd0][0xc8][0xc8][0x84][0xd8][0x9a][0xb][0xd4][0xdf][0x85]&E[0xe4][0x9a][0x12][0x14]Z[0xb8]m[0x3]gw[0x84]u[0xe6][0x16][0xc4][0xc7][0x18][0xa2][0xf4]@jt@[0xab]z[0x1c][0xe5]"z[0xf3][0xd4][0xd2][0x8]4PF\X"[\n]"
12:44:02.713 [main] DEBUG org.apache.http.wire -  << "[0x11]$[0xeb]`}V\[0xb9][\r][0xdd]B33P[0xfd]N[0x9c][0x85][0x88]r[0x4]^j[0x81]2/q[0xb5][0xb3][0x85][0x5][0xd1][0xed][0x0]P[0x88]C[0xe3][\r][0xd6]M[0x87][0xe6][0xb2][0x80][0xc4]<[0xf0][0xd8][0x13]jK[0x11][0xbd][0x1a]325#[0xb6][0xb4][0x2][0xd5][0xad]P[0xab][0xe0][0xa5][0x15]$[0x88]p[0xb4][0xba][0xa1][0xd1][0x89]H [0xa6][0x86][0xc6][0xc4][0xb6][0xdc]L[0x10][0xe5][0x87][b^[0x9][0xb8][0xf9][0xe][0x1b][0xc2][0xc1][0xd6][0x2][0xc6](>,,[0x88]nq[0x9b] [0x8a][0xf]h[0xfd][0xc][0xca]F8[0xda][0x1c][0x10][0x1f]#[0xfc]db[0x8][0x1a][0x15]$*Q[0x98] J[0x90]`[0xa4]~[0xb][0xac][0x9c][0xc5][0xda]}F[0xcb]bf[0x6][0x96]D[0x87] [0xa2][0xfc]@[0xae][0xca][0xc0]9[0x1a][0xfb]()([0x81]"<fd@t=[0x6][0x1a]@[0x85][0xa6][0xc]Dd[0x81]LS[0xc0][0x9e][0x8][0xd1]<eabAl[0xb3][0xcd][0x4]Qn [0xd7]c[0x90][0xb1]""Z[0xd8][0x16]F[0xa0][0xb1]&[0xe2]b[0xb]Qf Y[0x5][0xe]>[0xec][0xed][0xe][0x90][0x14]"[0xf8][0xcc]L@[0xd1]M[0x9c]M[0x88][0xc2][0x2][0x9e][0xb1]`%=[0xf6]z[0x5]#[0x17][[0x80]j[0xb][0xa2],3[0xc5][0xec][0xa2][0x80]c[0x8a]p[0xa3][0xcd][0xd8][0xdc][0x94][0xd8][0xda][0xc4][0x14][0xd1][0xdc]@[0xc][0xc0][0xc2][0x8b][lV[0x81][0xdc][0x80][0x8]<K[0x13]c[0xa2][0xad]Bd*x5[0x9]N_8[\n]"
12:44:02.714 [main] DEBUG org.apache.http.wire -  << "%XnCXfjFtB7E[0xe4])hI[0x1][0x8a]t[0xac][0x19][0x17][0xd5]CF[0x96]f[0xc4]6AA[0x8e][0x81]f&[0xa4]t[0x7]K[0xf][0xe1][0x89]%X[0xda][0x19][0x18][0xa5][0x9f][0x99][0x1][0xca]p([0xbe][0x6]6[0xa8]o[0x1][0xb5][0xf]^U[0xc1][0x6]7p53[0xc0][0x8d]TD[0x8][0x9a][0x19][0x99][0x11][0xdb][0x17][0x2]u[0x9a][0xa0][0xb6]![0xf9][0xe][0x12]a[0xd8][0xca]uHe[0x86]d[0x95][0xb1]1[0xd1][0x1][0x89][0xc8]V[0x88]R[0x9][0x16][0xfd][\n]"
12:44:02.714 [main] DEBUG org.apache.http.wire -  << "[0xd8]3[0x16][0x9a][0xc7]LM[0x89][0xce][0xc4]f[0x88]|[0x85]\[0xb8]CC[0x12][0xfb][0x10][0x18][0xa4][[0x81][0xf0][0x9c])[0xea][0x4][0x11][0xbe]X3C[0xe4]0X[0xbd][0xf]K"8J'[0xd0][0x8]-[0xc2]*cC[0xa2][0x7][0xc0]@[0xbd]wh[0x94]A[0x13]="[0x10][0xb1]wS [0x9e]FXfb[0x2][0x1a][0x1f]$[0xaa]x2C[0xe4]0xY[0x8][0xca]J8[0x6][0xda][0xd0]C[0xd0][0xc4][0xd8][0x9c][0xd8][0xe4][0x1]J[0xb2]Po[0xc1]m[0x82][0xa4]6[0x1c][0xc3][0xa3][0xa0][0xac][0x8e][0xf0][0x93][0x85][0x19][0xd1][\r]'sD[0xd2][0x80][0xdb][0x4])[0xc1][0x15][0xb0]ggXI[0x89][0xb0][0xcd][0xd8][0x98][0xe8]!fsD[0xcb][0x9][0xd2][0x19][0x82][0x8e]va[0x1f][0xa9][0xc4][0xb4][0xca][0xd2][0x1c][0xe4]^[0xa2]"[0xcb][0x1c]Q[0xf6]"[0x17][0xf3][0xe0][0x99]j[0xec]cC[0x98][0xd6][0x19][[0x80][\n]"
12:44:02.714 [main] DEBUG org.apache.http.wire -  << " [0xe2][0xac]C[0x1a][0xdc]@j?A[0xb]?\[0xad]xXbE[0x4][0xa6][0x85][0x1][0xf1]Q[0x87]h[0x4]@[0xd3]>81bo?A3 [0xc2]"c[0x13]cb[0xcb]EPn[0x84][0xa6][0xc6][0xe0][0xdc][0xc4][0x9c][0x1c][0xf8]d[0x1b][0xf6]pDO[0xf7][0x96]&[0xa0][0xb9]&[0xa2]B[0x11][0xd4][0xd6][0x82][0xda][0x4][0xf5][0x12]4[0xd5]c[0xb7][0x9][0x92]P[0x91][0xfc]dJt[0xbb][0x1a]4[0x9d][0xf][0xb5][0x9][0xb9][0x5][\n]"
12:44:02.714 [main] DEBUG org.apache.http.wire -  << "[0x8b][0x10][0xec][0xfd]s[0x98],[0xc2]F[0xb]SPaG[0x9c][0xdf][0x10]-y[0xa4]~[0x1e][0xb8]P[0xc7][0xd1][0x14][0xc5][0xf0][0x1e][0xf1][0xa9][0x1f]T[0xc3][0xc2][0xbd][0x97]\[0x94][\n]"
12:44:02.714 [main] DEBUG org.apache.http.wire -  << "[0x1d]S[0x1][0xb7]Eq[0x8c][0xdf][0xa0][0x16]!F[0xe6]f[0xc4][0xe]>X [0x8a]E[0xe4][0xee]9,;[0xe1][0x1a][0xa9][0x7]%VD@[0x1a][0x93][0x90]H[0x10]Y[\r]5[0x91]`o[0xd0][0x83][0xc7][[0x10][0x16][0x99][[0x80][0xc6][0xd1][0x88][0x88]1cc$[0x8f]E8[0xf9]G[0x18]b[0x8c]h L5AY=[0x81]^9[0xc2][0xd6][0xa6][0x98]"uS[0xdd][0x13]s3[0xf3]0[0xe7][0xaa][0xdd][0xf2][0x8b][0x14][0xd2][0xc1]R[\n]"
12:44:02.714 [main] DEBUG org.apache.http.wire -  << "[0x5][0xa5]E[0x5][0xf9][0xc5][0xa9][0xc5]J[0xb5]H[0xcb][,A[0xe3][\n]"
12:44:02.714 [main] DEBUG org.apache.http.wire -  << "[0xd0][0x98]E[0x1e][0xea][0x81][0xe6][0x13][0x1c][0xf5]+[0xca][0x2][0x2][0x13]KP3[0x8e][0x88][0x10]0[0xb2][0xb4]@[0x14]1H-"h[0xdf][0x19]GU[0x4][0xea][0x9f]"[0x2][0xc6][0xc8][0x8][0x94][0xa7][0x89][0xb2][0xc][0xd4]W[0xc5][0xe2]3H.[0xc0]Y[0x1b][0x81][\n]"
12:44:02.714 [main] DEBUG org.apache.http.wire -  << "t[0x84]u[0xe6][0xa6][0xa0][0x16][0x1]q[0xd6]![0xea]"D[0x13][0xc]Z[0x1f]ao[0x80][0xa1][0xa5]$K[0xb][0xa2][0xb3][0x88]%"[0xef][0xc3][0xdb][0xb1]A[0xe0][0xa9]S<[0x3]X[0xe8][0xf3][0x82][0xc6]fF[0xc4][0xe][0x87][0x80]:[0xe2][0xd0][0xa0]D.[0xdd]@Y[0xe][0xeb]d[0xf]4F[0x11][0xe1]hj[0x0][0x9a][0xb5]'.[0x1c][0x11][0xd9][0x1f])[0x8d]@[0xeb][0x1b][0xec][0xb6][0x81][0xe6]y[0x11]v[0x19]Y[0x80][0xda][0xa7][0xc4][0xd9][0x85][0xc8][0xfa][0x90][0x9a][0x8][0x1c]%8[0xda][0xcb][0x98][0xa5][0xb5]1[0xf1][0xc3][0xb6][0xa0]Qyh[0x8]"[0x95][0xd6][0xd0][0xb4][0x88]=[0x97][0xa1]&|[0xb]K[0xa2]'[0x1e]-[0x11][0xb9][0xc][0x91][0x12][0xa1][0xc9][0x3][[0xbf][0x3][0x92]H[0x11][0x1]hl[0x1][0x1a]d[0x86][0x7] [0xbe][0xd5],[0xa0]b[\n]"
12:44:02.714 [main] DEBUG org.apache.http.wire -  << "[0xea]-[0xa4][0xc8][0x82]TB[0xd8][0x13]=[0xac][0x18]GXgn[\n]"
12:44:02.714 [main] DEBUG org.apache.http.wire -  << "[0x1a][0x0][0x83][[0x87]{[0xe9][0x87][0xb1][0x1]h@[0x3]n[0x1d]b[0xca][0x2][0x16]38[0xba][0xc1][0xe8][\r][0x8]3[0xd4][0x19][0x19][0xdc][0xfe]360@dj$[0xff]A[0xa3][\r]{[0x83][0x16]=4M[0xcc][0x88][0xec][0xdf][0x1b][0x1b][0x80][0xda]5X[0xbc][0x7]1[0x11]G[0xaf][0x0][0xda]"D[0x4][0xa7][0x91][0x99][0x11]q[\r]1cp[0x9e][0x84][0xda][0x7]i>[0xc3][0x3][0x12][0xfb][0xc2]F[0xb4]*[0xdd][0x94][0xc8][0x14]il`[0x80][0x94][0xcf][0x90]Z[0xb3][0x90][0xdc][0x86][0xbd][0x81][0x89][0xd4][0xaf][0x2][0x0][0x0][0x0][0xff][0xff]"
12:44:02.714 [main] DEBUG org.apache.http.wire -  << "[\r][\n]"
12:44:02.715 [main] DEBUG org.apache.http.wire -  << "6E7[\r][\n]"
12:44:02.715 [main] DEBUG org.apache.http.wire -  << "[0x2][0xaf][0xd7]42[0x0][\r][0xdb][0xc3]S[0x9][0xde]HCt[0x86]a[0xf3][0xc5][0xe0][0x92][0xca]'1[0xb7][0x0][0xa3][0xce][0x5]w[0xc7][0x11][0xa1]ga[\n]"
12:44:02.715 [main] DEBUG org.apache.http.wire -  << "[0xea][0xb5][0xc3][0xad]A[0xaf]y[0x11]5[0xa7]1x~[0x8][0x16]z[0xe0]f,[0xc4];8[0x16][0xdd]a[0xc4][0x93])[0xb1][0xd5][0xa6][0xb1][0x1][0xd2]J[0x1a][0xb4]x[0xc2][0xde][0x8e]E[0xf7][0x13][0xb1][0xe3][0x8][0xc6][0x6]H[0x8b]h`A[0x7]-8[0xb0][\r]dA[0xb]eD[0xe8][0x19][0x81]W[0xe1][0x10][0x17]z[0x88][0xfe][0x14]R[0x81][0x8][0x89]u[0xdc][0xeb][0x83]0l$[0xba]kjl[0x0]Zs[0x3][0x8b]/[0xca]W[0xb4][0xe2]M[0x19][0x88][0x91][[0x9a][0xce]L[0x1b][0x1b][0x18]"[0x8a][0xfa][0x80]`[0x5][0xcc][0x15][0xba][0xe9][0x89][0xb9][0xa9][\n]"
12:44:02.715 [main] DEBUG org.apache.http.wire -  << "[0xa6][\n]"
12:44:02.715 [main] DEBUG org.apache.http.wire -  << "[0xc5]%[0xe0][0xf1]bhV[0xc2][0xdf][0xb8]DI[0xe2][0x88][0x9c][0x4][0xf1][0x88][0xa1][0x11]F[0x6][0x82]/[0x2]F_[0x1]l[0xc]*[0xad][0x89]J[0xb][0xa0][0xa9]&[0xe4][0x98])03[0xc3][0xb0]&9?)1[0x11]D R[0x1b][0x9][0x16] F[0x90][0x9c][0xf3][0x93][0x12][0x15]RJsJ1l[0xc8][0xcc][0xcb]T[0xc8]H[0xcc][0xab]LT(H-[0x2][0xd9][0x94][0x98][0xa7]P[0x90]_[0xc]Z[0x13][0x4][\r]8SKKP[0x85]G[0x9c][0x9f][0x10]5[0x7]-b[0x6]4[0x95][0xb][\r]2[0x9a][0x18][0x8f][0xc8][0x9d]![0x89][0x98]A[0x5][0x8f]s,[0xb][0xbf][\r][\r]0[0x0]Q[0xb][0xa6][0x8c][\r]@[0xf5][0x16][0xd4]O[0x1e][0x5][\n]"
12:44:02.715 [main] DEBUG org.apache.http.wire -  << "a[0x99]e[0xf9][\n]"
12:44:02.715 [main] DEBUG org.apache.http.wire -  << "[0x91]F[0x98][0x9].7573'3;S[0xa1][0xb8] [0xb5]83-3;[0xb1]8S[0xa1]21/]![0xb1] [0x13][0xb4]~[0x11][0x1a][[0xa0][0xe6][0x2][0xb8][0xc5]@\|![0x92]:[0xfd]|[0x8c][0xb4]T[0x81][0xfe]>FZ[0xb6]0[0x0][0x96]#z0%[0xa9][0xc5][0xa0]m[0x18][\n]"
12:44:02.715 [main] DEBUG org.apache.http.wire -  << "[0x5]E[0xf9])[0xa5][0xc9][0xa0][0xec][0x86]:[0x8d][[0x92][0x91]Y[0xac][0x90]Y[0xac]P[0x92][0x91][\n]"
12:44:02.716 [main] DEBUG org.apache.http.wire -  << "S[0xa3][0x90][0x82][0xb4]![0x4][0xbe][0xa5][0x3][0x9c][0xf2][0x88]Lk[0xa0][0xc9]YhZ[0x3][0x97]lf[0x6][0x6][0x6][0x18]%[0x2][0xbe]dnJtI[0x0][0x9a][0xae][0x82]Z50^E4[0xbe][0x6][0xc6]~[0xba][0xd5][0x86][0xa0][0x11]HhH[0x83]#[0x95][0xe4]=+D[0xd7]X[0xa0]&=[0xd4]&[0xfa][0xe7][0x1d][0xa4]u[0x10][0x3][0x12][0xa1]H[0xa3]N[0x3]c?[0xa2]j[0x1d][0x18][0xfb][0x11]e[0x17]dh[\r][0xa3][0xe0]H[0xc3]2[0xea][0x6]/[0xa6][0x88][0x9d][0xf8]26[0x0]M[0xc8]AS[0x19]l[0xe2][0xb][0xdc][0x91][0xc1][0xbe][0x86]-(53935/%[0xb3]X[0xa1]85E!3[0xaf],5[0xaf]$[0xbf](U!3/93[0x5][0xb4][0x11]-[0xb5]D![0xb1][0xb4]$5[0x17]i?[0x18][0xb1]k[0x4][0x8c][\r]@[0xeb][0xe3][0xa1][0x8e][0x19][0x98]PG[0x14]c[0x3][0x90][0xe5][0x10]e[0x18][0xd5]<O[0xdc][0x8a]?c[0x3][0x13]D[0x1b][0x9f][0x90][0xdd][0x88][0xb6]1[0xa8].$[0xb2]*[0x4][0xad][0x9b][0x1b][0xc8][0x88]EZ[0xa5]A[0xc8]4i[\n]"
12:44:02.716 [main] DEBUG org.apache.http.wire -  << " -[0xe0][0xa0][0x9a][0xfd][0xc4][0xc6]-h[0x8b][0x1a][0x91]aOV[0xdc][0x82][0xe6][0xaf][0x88]4[0x9f]6a[0x8b][0xe8]GP-lAI[0x9b][0xe8][0xf0]E[0xc]&S[0xcd]~[0xa2][0xed]F[0x14]X[0x84][0xec]&/niP&[0x91][0x14][0xb6][0x88]r[0x89][0xb6][0xd5] h)[0x16]4[0x11][0xd3][0xd6]"[0xd0][0xbc][0x1][0xd4]"B1F[0x93][0xdc][0x2][0x9a][0xfb][0xa5][0xb6][0xfd][0xc4][0xa6]V[0xd0]<[0x17][0x91]v[0x93][0x95]ZAs[D[0x9a]O[0x9b][0xb0][0xa5]QIDd%[0x8b][0xb4][0xd6][0x87][0xbc][0xae][0x9][0xd1][0xdd]M[0xd0][0xe2];h@[0xd3][0xda]&D[0x1][0x10][0xe1][0x94]_[0xa1]0[0x18]&[0xb4][0x8d][\r][0xcc][0x11]c}[0x3][0x92][0x89][0x91][0xd6]$Q[0xcd]~b3[0xb1]9[0xa2]gB[0xc8]n[0xb2]21[0xd2]"(B[0xe6][0xd3]$[0x13][0x9b][0xd3][0xa0]:[0x7]UyDfb[0xa4][0x85]K[0x3][0xe2]}[0xd0][0xd2][0x7]h[0xd6][0xa6][0x9a][0xfd][0xc4]&-[0xa4][0x5]N[0x84][0xec]&+i[0x81][0xd6][0xfc]Q[0xdb]o[0xa0][0xa8]%[0xda][0x3][? -V![0x14][0xbc][0xb4][0xc8]YF[0xa0][0xad]Z[0xd0][0xe0][0xa7]m[0x1b][0xb]t[0xee][0xe][0xd4]"[0xaa]y[0x94][0xd8]8F:i[0x86][0x90][0xdd]8[0xd3]0[0xbe][0xe5][0x9]H[0xcb]r[0x8][0x99]O[0x8b]H[0x4][0xef][0x97][0xa1]v[0xd8][0x82][0xf2][0x10]q[0xc5][0xa3]!h[0xf4][0x94][0x16][0xd6][0x13][0x19][0xbd][0x86][0xa0][0x8d]d[0x3]j?[\r][0xc6]%[0x89][0xf6];mk~C[0xa4][0xa5])[0x3][0x91][0xb4][\r]A[0xcb][0xc7]h[0x11][0xb7]D&m[0xa4][0x15][0x18][0x3][0xe2]}[0xa4]u[0x19][0xb4]m[0xd4][0x1b][0x82]v/@[0x3][0x9a][0xd6]6!j\Z[0xdb][0x84]h6[0xd2][0xda]&[0xc4][0x98][0xf][0xad]mB[0x8c][0xfe][0xd0][0xda]&D7[0x8f][0xd6]6![0xe6][0xe0]il[0x13][0xfa][0x8a][0x13][0x92]g[\n]"
12:44:02.716 [main] DEBUG org.apache.http.wire -  << "[0x89][0xed][0x8e][0x1b]"5[0xac]h[0xed]'D[0xf5]Ck[0x9b][0x10][0x95][\r][0xad]m[0xa2][~2B[0xe4][0xa7][0x1])[0xe1][0x91][0x16][0xbf]P[0xcd]~b[0x1b][0xf][0xa0][0x1d][0xc][0xd0]2[0x9f][0x90][0xdd]8[0xdb][0xc5]x[0xd6][0xc3][0x19]"[0x9d][0xfd]A[0xe3][0xf4][0x82][0xb4][0xa0][0x86][0x90]Oh[0xd1][0x2]7DZSCU[0xfb][0x89]l[0xa6] -K[0xa0][0xaa][0xf5][0xc4]&$[0xa4][0x95][0x9]4[0x8e]h[0xa4][0xa9]qZ[0xdb][0x84]([0x82]h[0xb0][0xd2][0xce][0x10]i[0xf6][0x13][0xb1][0xaf][0x10][0xba][0xcc][0x15][0xd7][0x9][0x1a][0x81][0xa5][0xa0][0xe5]P[0x88]Sf[0x13][0x8b][0x8b]KsS[0xf3]R[0x12][0x15]Jsr[0x12][0xc9][0x9a][0xde]7D[0x9a][0x5][0xa5]q[0x80]"[0xcd]y[0x6][0x4][0x9b]`[0xac][0x9d]((6QHJ,[0x2]-:DZ[0xc8]Gd[0x6][0x18][0xe0][0xf9]NCSD[0x9b][0x96]j[0x19][0x90][0xd8][0xcc][0x87][0xb4]a[0x9f][0x90][0xdd]d[0x95][0xe2][0xa0]]^D[0xd6][0x12]4)[A{gia?[0x91]Ik[0x80]'[0xb0][0xc][0x91]f[0x90][0x8]E/M[0x82][0x1f][0xb4][0x8f][0x98][0xda][0xc1]Ol[0xd2]F[0x9a][0xd3]"[0xe4]w[0xb2][0x92]6[0xd2][0xfe]xB[0xe6][0xd3]&l[0x11][0x1d][0x1f][0xaa][0xda]Od[0xd2][0xa6][0xd5][0xb4][\n]"
12:44:02.716 [main] DEBUG org.apache.http.wire -  << "[0xb1][0xd1][0xb]:[0xc7][0x0][0x9a][0xb4]hQ[0xc5][0x9a]#u`[0x91]v[0x1f][0x81]w[0xc9][0xe0][0xd8]U[0xe5][0x9f][0x9b][0x7]]FW[0x8][0xaa]k[0x93][0xf3][0xf3][0x8a]S[0xb]K[0x13]KJ[0x8b][0x14][0x92][0xf3][0x8b]@[0xa7][0xbb][0x83][0xe]=O[0xca],V(J[0x4][0x9d]J[0x8f]|[0xb2]<[0xd1]K[0xea][0xc][0xcd][0x11][0xd1]N[0xb]#MWQ[0xa1]J[0xc7][0xb3][0xe3][0xca][0x10]ib[\n]"
12:44:02.716 [main] DEBUG org.apache.http.wire -  << "[0xb2]A[0x9][0xba]i[0x8][0xfb][0xd6].[0xc7][0xd2][0x12][0x85][0xd4][0xe2][0x12][0x85][0x9c][0xc4][0xa4][0xfc][0xa2][0xd2]\[0x85][0xe2][0xc4][0x82][0xcc][0xd4][0xbc][0x92]TD[0xd0][0x82]W)[0x82]V1[0x92][0xb3]R[0xd1][0x10]i[0xaa]*/17[0x11][0xb2]h[0x1c][0xb4]1[0x0]u]y6[0xf4][0xc4][0x84]<[0xb4][0xbd]Al[0xb2]E[0x9a][0xb2][0xa2]I[0xf4]![0xda][0x12][0xd0]}[0xe9][0xd0]=d[0xb8]v[0xc0][0x7][0x83][0xd6]x[0xe6]%[0x82][0xf][0xff]O$/[0xe4][0x10][0x3]e[0xc8][0xfb]|[0xa1][0xbb][0xb2][0xb0]o[\n]"
12:44:02.716 [main] DEBUG org.apache.http.wire -  << "[0xf4]K,)-VH-Q([0xce][0xcc]+![0xcf]VD[0xb][0x9b][0xaa][0xa5][0x1f][0xd1][0xf1]8[0xc0]][0xa4]][0xf1]H[[0xe1]`[0x91][0x8d]m[0xe3]]X~NiAIbIj[0xb1]B[0x9][0xa2][0x1b][0x90]Z[0xa2][0x90]Z[\n]"
12:44:02.716 [main] DEBUG org.apache.http.wire -  << "[0x8e]}[0x85]R[0xf0]J_[0xf2]b[0x3]Q([\r]Hl[0xd0]c&[0x14]_YF[0x8b][0x9]J[0xd0]$[0x1a]rj[0xc4]3[0x89]h[0x88]4I[0x9][0xdb][0x82][0x9][0xda]w[0x8b][0xe3]t[0x4]G[0xd0][0xdd]"y[0xe0][0x8a][0x9][0xbe][0xcc][0xbb][0xb0]4S![0xaf]4[0xb7][0xb0][0x94][0xcc][0xae] =[0xa6]1[0xf1][0x86][0x0]F[0xc1][0x7]=O[0x0][0xc7]a[0x99][0x9e][0xb9][0x5][0xa9])[0x99]%[\n]"
12:44:02.716 [main] DEBUG org.apache.http.wire -  << "E[0xa9][0xa0][0xda][0x4]v[0x1][0xc][0xb8][0xe2][0x6][0xd5][0xda][0x99][0xe0][0xdc][0x0][0xef]"[0x83]k[0x1d][0xf2][0xea]k[0xa4][=[0x6]&k [\n]"
12:44:02.716 [main] DEBUG org.apache.http.wire -  << "J[0xc4][0xc6]~h[0xe1][0x8c][0xfd][0xd4]-[0xa4][0xab]h[0x8a]R[0xb]JS2[0x13][0xf3]R[0x12]S)j[0xb4] [0x9d]d@[0xb3]@[0xc0][0x9b]:[0x10][0xad]9[0x9a][0xd9][0x8f]o0[0x13]4[0xf2][0xf]m[0xac][0xe][0x84][0xfd][0xe0][0xd6][0xe5][0x80][0xda]O[0x83][0xf5]u[0xc8]e#f[0xd8][0x3][0x0][0x0][0x0][0xff][0xff]"
12:44:02.716 [main] DEBUG org.apache.http.wire -  << "[\r][\n]"
12:44:02.717 [main] DEBUG org.apache.http.wire -  << "553[\r][\n]"
12:44:02.717 [main] DEBUG org.apache.http.wire -  << "[0x82][0xdd][0xc5]dl[0x84]t[0x1c][0x3][0xa1][0xb0]'[0xa7][0x1f]h[0x4]:cz [0xc3][0x16]t[0xf8]>[0xd4]~[0x9a][0xae][0xc2]1[0xa2][0xd5]t>q[0x1d]N#[0xd0][0xd1][0xda]P[0x12][0x8a]GZ[0xf4][0xb7][0x8d][0x90][0xa6][0xd3]if?[0x9e]2[0xcc][0x8]i[0x92][0x9d]f[0xf6][0xe3][0xcb]G[0xa0]K%[0x6]4[0xfc][0x11][0xfd][0x8c][0x81][0xf1]?[0xa2]"[0xa5]B[0xcf][0x18]oH#j+[0x1a][0xdb]D[0xb7])m#[0xa4][2[0xa8][0xe0]'<mq#[0xa4]S[0xe]h[[0x1e][0x1a]![0x9a][0x9c]T[0xf0][0x12][0xbe][0x4][0x81]tA[0x6][0xad]mB$[0xf2][0xcc][0xbc][0x94][0xfc][0xdc]L[0xcc][0xbb]{[0x12][0xb3]K[0x15][0x8a]K[0xb3][0x13][0x15][0x10][\n]"
12:44:02.717 [main] DEBUG org.apache.http.wire -  << "[0xa0]c FD[0x9f][0x9c]`[0x84]4s[0x8e]0[0x6]u[0xa8][0x85]:[0xf6] e[0xa5][0xc4][0xdc][0xe2][0xd2][0xbc]t[0x85]`#c[0x85][0xd0][0x9c][0x92][0xa2]D[0x8c]Y$[0xa4][0xea][0xdf][0xcc][0x80][0xb8][0xf3][0x95][0x8d][0x8d][0x90][0xe6][0xc1]i[0x1c]7H[0xf3][0xd4][0xc1][0x4][0xfd][0xe2][0x9e][0x98][0x93]XQ[0x89][0xf0][0x11][0xb1][0xad]%[0xa4][0xc9]hZ{[0x87]^[0xb]B[0x8c][0x90][0xcf]m [0x18]p[0x88] 3$>[0x11] [0x1d][0xd7]@[0xeb]PCdPZ[0xdb][0x84][0x18][0xe1][0xa2][0xb5]M[0x88]L[0x1a][0x80][0xe3]<[0xf][0xd0]9;)[0xa9][0xc5][0xd9]E[0x99][0x5][0xc5][0x99][0xe4][0xe][0xbe][0x1a]!-u[0xa0]m[0xd5][0x80][0xb4][0xa6][0x81][0xc6][0x16]!:V4[0xb6][0x8][0xb1]P[0x8c][0xc6][0x16]![0x8a][0x5][0xd4][0x93]\A[0x97][0x8e][0xe1][0x98]y[0x9]K-[0x2]_[0xeb][0xb]9[0xc4][0x0]it[0x13]q[0x8b][0xae]BJfz^fqqfn~19C[0x9c]Ft[<b[0x84]th[0x2][0x8d]3[0x1e][0xd2][0xbd][0x14][0xb4][0xb6][0x89]n[0x85][0x9][0xd2][0xc9][0x7][0xb0]Z[0x12]R[0x17]*8[0x1a][0x93]vZ[0xf][0xd1]gn[0x80]o[0x11][0x82]v[0x8d]h0[0xa9]c[0x84][0xb4][0xdc]g@z>H[0xcb]|[0x6][0xc6]~D[0xd9]30[0xf6]#[0x8a][0xa4][0x81][0xb1][0x1f][0xad][0xa3]A[0xbb]s[0xa7][0x8c][0x90][0xd6][0x3]![0x97][0xbe][0xe0][0x13]d[0xb0][0x1e][0x85][0x9][0x9a]f@4[0x99][0x8c][0xcc]A-!b[0xce]N3BZ[0x19][0x84]|[0x1f][0x4][0xd8]&[0xa2][0xe][0xd1][0x86][0x1c]<I[0x9c]][0x88][0xd2][0x7]v&[0xe]d"[0x1f][0xfb][0xa1]8[0xd0][0x99][0x3][0x84][0xb7]L[\r][0x89]<[0xf2][0xdf][0xd8][0x8]t[0x12]([0xb4]([0x80][0xcd][0xc4][0xc0]N[0xaf][0xc5]q[0xc2]:t[0xce][0xe]a[0x9b][0x85][0x9][0xe8]0^[0xe2]<[0x86][0x98]wC[0xdc]"[0x7]9[0xba][0x16]GU[0x9]]%[0x88][0xb0][0xcd][0xc4][0x14]4[0x80]H[0x94]mHG[0x1d]@f[0xec][0xc1][0x91][0x85]5Y@[0xe6][0xf2][0x11][0xb6][0x18][0x81][0xd7],[0x12]g[0xb][0xa2]I[0x83]|[0xb8]8[0xc4]D\[0xab][0x1b]Q[0x93][0xa1][0xa9]%h:[0x8a]8[0xdb][0x10]e[0xb][0xfc]z[0x1c]h[0x18]a[0xbd][0xb6][0x6][0x12][0xb8][0x8][0x8f][0x19][0x83][0xab]k[0xe2][0xac]B[0x14]#[0xc8]y[0xb][0xea]1[0xec]I[0x11]rj0[0x92]u[0x16][0xa0][0xc2][0x98]8[0xeb][0x10][0xe3]ep[0x9f][0xe1][0xb5][0xb]rd0[0xc2].3[0xa2][0xcf][0xea]5"a[0xad][0x15]M[0xc6]f[0x7]x-[0x96][0x91][0x19]"[0x1f][0x82][0x1b]R4,[0xa1]A%[0x11][0xb4][0x80][0x19][0x90][0xca]h[0x80][0x8f]J0[0xa2][0xc5]Q[0x9][0xe8]S[0xed][0xf8][0xc6][0xe2]H8.[0x81]&I}[0x80][0x8f]S0[0x1a][0xe0]uF[0xe8][0xb][0xd4]h[0x98][0xd5][0x90]W[0xa8][0xd1][0xf4][0xf0]g#[0xa4]Ua[0xb4].?,[0xd0][0x1a][0x93]4[0xdb][0xc5]fdA[0xb7][0xa1]*[0xa4][0xfb]H[0xc0][0xc1]GC?[0xa1][0x15][0xf4][0xb4][0xb3][0x9]iI[0x11]b[0xdd][0x6][0xb4][0xad][0x88][0xab][0x15][0xe4]X[0x94][0x9c][0x91]Y[0x92][0x9a]\[0x92][0xaf][0x0][[0xd1]R[0xc]Z[0xdf][0x97][0xf]^[0x99][0x9a]ZL[0xd6]R;#[0xa4][0xc5]E[0xe0][0xd0][0xa5]a[0x8e][0x3]5[0xdb][0xa0][0x95][0x1b][0xc2][0xd3][0xd0]ke[0xb0][0xaf][0xb][0xf5][0xcb][0xcc][0xc8][0xcc]QHM[0x4]-[0xe]%k\[0xc7][0x92]n[0xf9][0xc1][0x92]n[0xf9][0x1]i[0xb9][0x9]M[0x7][0xeb][0x8c][0x91]NO[0x80][\r][0xb6]8faN[0xac][0xe0];[0x13][0x99][0xe8]Q[0x16]c[0xa4][0x85][0x1c][0xe0]tH[0xb3][0xbc]g[0x8c]|[0xf5][0x4]M[0xb]~c[0xa4]E[\r]4[0xf6][0x13][0xd2][0xf4]=[0xad]mB[0xc][0xe7][0xd3][0xd8]&[0xea]N*[0xe3]i[0xf5][0x19][0x83]n=[0x82][0x16]L[0xc8][0x9d]Rx[0xd7][0x1e][0xdb][0x15]9~[0xa9][0x85][0xa5][0xa9][\n]"
12:44:02.718 [main] DEBUG org.apache.http.wire -  << "e[0x90]e[0xb7][0xc5][0xa0][0x2]J!3[0x5]Z0#[0xef][0xb7][0x3][0x8d][0x84][0x10][0xd3][0xa3]3F[0x9a]4[0xa5]q[0xc0][0xd2]m[0xf3][0xad]1[0xe8][0xd6] h[0xc0][0xd2][0xda]O[0xf4]*[0xe8][0xc1]7[0xa7][0xd0][0xc7]OH[0xf3]L4[0xe]=[0xa4][0xe9][0x8f][0xc1]sn[0x9f]1[0xd2][0x4][0xc6]`r[0x15]b[0xb8]q0[0xb9][\n]"
12:44:02.718 [main] DEBUG org.apache.http.wire -  << "Q,[0xf]&WY[0xea](A[0xf3][0xca]`[0xb9][0xdf][0xd0][0xd8][0x18]4[0xc6]6[0xf8][0x1c][0x85][0x18]>[0x1c]D![0x85][0x18]d[0xa4]q[0x1][0x84]4[0xb0]Nc[0x9b][0x90]N[0xd4][0xa5][0xb5]Mt[0xab][0x92][0x90][0x6]h=[0x2][0x14]r3K[0xf2]1V?[0x81][0x1b][0xe9]%[0xa9]EI[0x89][0xc8][0x17][0xe2][0x98][0x82]t[0x12][0xd5]:[0x19][0xe0]1Xc[0xa4]1X[0xaa][\r][0x8c][0x12][0xb9]j[0xca][0x98][0x84]AY[0xc4][0xf8]:h[0xd4][0x91][0xb8][0xb5][0xcf][0xc6][0x3]<[0xe8]jL[0xab]AWb[0xbd][0x8f][0xc8]'T[0x8b]ZP[0xe8][0x13][0x1d][0xbd][0x88][0x9e];[0xcd][0xec][0xc7][0xb3][0xf4][0x1b]|g;[0xb4]>[0xa2][0x99][0xfd][0xf8]z?H[0x9b][0xa1][0x7][0xc6]~D#a@[0xec]G[0x1a]s[0x1e][0x18][0xfb][0x11]S[0xa2][0x3]c?b[0x92]t`[0xec]G4}[0x6][0xc6]~D[0xf9]C[0xab][0xda][0x13]i[0x8]{[0xf0][0xb4][0xee],[0x10][0xf9][0x8e][\n]"
12:44:02.718 [main] DEBUG org.apache.http.wire -  << "-!c[0x1d]%g[0xe8][0xf6][0xf9][0xd4]b%+[0xe4]MZ[0xc6]H[0x1b]x[0x7][0x8f][0xf7][0x91][0x6][0xbe][0xa1][0xeb]R[0x15]\s[0x12][0xb1]\[0x98][0xe][0xba][0xf8][0x11][0xbc]?[0x12],[0x7]][\r][0xf][0x1a][0x84][0x85]7[0x9c][0xf0][0xfa][0x1d][0x91][0xba]i[0xb0]z[0xcc][0x18]i[0x80][0xdb][0xad][0xb4](/[0xb3][0xa4][0xb4](U!$[0x1f][0xf3]V[[0x84]lJbQ[0xa6][0x82]WjA"x[0x91]<[0xd4]?[0x86][0xa0];[0xe0][0x1e][0xc2]W][0xd0]m[0xa0][0xdb][0x4][0xe9][0xf4]`*$P<~2A[0x1a][0xe9]F[0x84][0x13]-C[0xd1][0x4]i_![0xad][0xfd][0x86]([0xde][0x10][0xab][0x88] "
12:44:02.718 [main] DEBUG org.apache.http.wire -  << "[\r][\n]"
12:44:02.718 [main] DEBUG org.apache.http.wire -  << "67D[\r][\n]"
12:44:02.718 [main] DEBUG org.apache.http.wire -  << "+Op[0xac]"r[0xcc][0xc9]L,VH+MOT(E[0x9e]T[0x2][0x1f][0xe7]LL[0x1a]11@[0x8c][0x91]x[0x16]d[0xe4][0xe7][0xa5]*[0x18][0x1a]*[0x98][0x99]([0xa4]'a[0xef][0x98]d$[0x82][0xe]OQ@[0xbf]/[0x96][0xe8][0xd9][0x3][0x13][0xd0][0x86][0xe]h[0x1b][\n]"
12:44:02.719 [main] DEBUG org.apache.http.wire -  << "f[0xa1][0x11]M-D[0x1a][0xda][0x87]YH[[0x1f]"[0x9d]7L'[0xb][0x11][0x5][0x17][0x8d]S[0xa8]![0xc6]0[0x83]9[0x8d][0x92][0x89]!"][0x6]$[0xe6]$[0xfa][0xe4][0xfb][0xe0][0x99][0xce][0xc2][0x92][0x1a]A[0xe3][0xd9][0xf0][0xc][0x80]g[0x9b][0x9a][0x9]moa6[0x1]-[0xea][0x83]&w[0x1a]T*&H[0x1b][0x7][0x9d][0x8a][0x12][0x93]SsR1[0xef]`[0xf5]MLIU[0xc8]OS[0xc8][0xc8]L[0xcf]P(,M[0xcc][0xc9],[0xa9]T(HM,[0xca])Ft[0x82][0x8d]@&[0xc1][0x3][0xc]_[0x9][0x8c]t(.M|[0x84]h[0xe3][0xd2][0xc4]xD^[0xa1][[0x80]![0x8a]u[0xba]Y[0x89][0xc8][0xa7][0xd4][0xb4][0x12]_>B[0x9a][0x99][0xa3][0xa6][0x95]xS"[0xa2][0x8c][0xa0]q[0xb9][0x87][0xb4][0xb9][0x90]F[0x1d][0xf][0x13][0xa4][0xa9]>Z[0x86]_[0xb5][0x92][0xa7][0x8b][0x92][0x95][0xa1][0x91][0x5]RQ[0xee][0x98][0x9c][0x9c]Z\[0x9c]_[0x94][0x99][\n]"
12:44:02.719 [main] DEBUG org.apache.http.wire -  << "*[0x10]Pw[0x96][0xe4]+[0xa4][0xe6]e$[0xe6]%[0xa7]*$[0x16][0x80][\n]"
12:44:02.719 [main] DEBUG org.apache.http.wire -  << "[\r][0x10]S[0xa9][0x16][0xe9]`[0x7][0x13][0xa4][0xfd][0x90][0xc5][0xa9][0x5][0xa9])[0x98][0x5]ubf%H[0x10][0xda][0x80][0x5][0xef][0xa3] [0xaa][0xa8]A[0xda][0x4]I[0xcb]0A[0xf1][0xc][0xa2]|[0xa0][0xb6]g[0xe8]_[0xc][0x80]6[0x1]@+[0x9f]`p[0xcc]([0xf8]d[0x16][0x97][0x14][0x81][0xc7][0x95]Q[0xa3][0x19]*[0x9d][0x3][0x91]V[0xc8]KOM*[0x5][0xd5]$[0xa4]G[0x19]b[0x88][0xe]j&[0xd4]J[0x5][0xa7][0xc4][0x9c]D[0xcc][0xce][0xe]T[0x11][0xaa][0xc5][\n]"
12:44:02.719 [main] DEBUG org.apache.http.wire -  << "I[0x89]y[0xe9][0xe0][0x9a][0xc]j[0xbf])h[0xeb][\r]qI[0x6]Q&[0xd0]-[0xc9] &[0xf4][0xe8]f%b@[0x80]^V"MqCO[0xb4][0x83][0xf6]L[0xb0]-[0xb9][0x8]-QH-*[0xca]/R(JM.-[0x86][0x9c][T[0x90][0xf][0xda][0xf5]WZ[0xac][0x90][0x9b][0x9f][0x3][0xba]5>1[0x15]tH[0xa0]B&[0xe4][0x0]([0xa4]5c[0xc4]w^[0x90].[0xb3]Ft[0x98]|2[0xf3]R[0xf3][0x14][0x9c][0xf2]KJr07[0xcd][0x83][0x8e]/,H-*.[0xc8]L[0xce]L,[0xc9],[0x86].[0x3]QH[0xc9]L.IT([0xc8]/*[0xca]W[0xc8],(.[0xcd]UHE>[0x85][0x8f][0x4]'![0x9a]/t[0x8b][0x19]D[0x91][0x5][0xd9][0xe][0x2][0x9][0x1][0xf7][0x9c][0xfc]2,[0x5][0xba]ZZfrff[0xb1][0x2][0xf2][0xb9][0x98][0x89]y[0x99][0xb9][0x99][0xf0][0x88])[0x86]-[0x96])IUHI[0xcd]I[0xcd][0xcb],[0xc9]$/~[0xe8]_[0xe4]!m[0xda]t[0xcf]/JO[0xcd]/-V[0x80][0xed][0xb6]H,[0xc2][0xe8][0xac][0xf8][0x83][0xce][0x1e][0x3][0xaf][0xd1],[0xcd][0x5][0xdd][0xaf][\r]M[0x2][0xe0]s[0xc6]2[0xf3][0x8b]![0xe7]1*$[0xe6]d[0x16][0x96]f[0xa6]([0x14]g[0x92][0xd7][0xc9]FZ[0x1e][0x81]H[0xa7][0xb0][0xdd]-[0xce][0xf9][0x89][0xa0][0x92][0x16][0xb5]<v-[0x1][0xf5][0xea]3[0x13]K[0x14] kFs3[0xf3]2s[0x13]a'[0xc3])[0x14][0x97][0x16]'g[0x16][0x90][0xeb][0x1a]D[0x11][0x89][0xbc][0xe3]+<??G!8#[0xb3][0x8][0xab]k@g~B[0x97]P[0x95]d&[0x95][0x16]+[0x14][0xe4]$&[0xa7]&[0x96]([0xa4][0x92][0x19]$[0x88]B[0x93][0xc6]m7P[0xd5][0x1][0xad][0x4][0x15]0[0xe2][0x1f]<[0xd9]J[0xf1][0x98][0x6][0xd2][0xa9][0xe8]dy[0x86][0xc8][0xf9]/[0x13][0xa4][0x13][0xd2][0xc9][0xb2][0x87][0xf8]Q[0x1a][0xa4][0xb3][0xd0][0xe9]U[0x8c]!my[0xa4][0x9b][0x95][0x88][0xc6][\n]"
12:44:02.719 [main] DEBUG org.apache.http.wire -  << "[0xdd][0xac]Dd>[0xba]YI[0xbf][0xac][0x86]h[0x96][0xd0]8}"o[0x81][0x84][0xac][0xc][0xc6][0xbc][0xc0][0x16]_[0xde]6A[0x99][0x15]@[0xef]d[0xc2]:I[0xa6]H[\r][0xc][0xf7][0xc4][0xdc]L[0xf0][0xb4][0x2]jA[0xed][0x96]_[0xa4][0x0]Y[0xdb][0xad]PPZT[0x90]_[0x9c]Z[0x8c][0xda];[0xa2][0xdb]*[0x16][0x13][0xa4][[0xa0]i[0x1d][0xfa]H-[0xe]H[0xe8][0x9b][0xd2][0xa8]d5C[0xb4] h[0xed]'[0xc4][0x90][0x9][0xad]mB[0x94]:P[0x9b][0x6]m[0xda]E[0x14]V8][0x8a][0x18]B[0xc4]W[0x8b]Q5Ga[0x94]g[0x83]6[0xfc]0[0xca]CL[0x97][0xd2]?[0xfc][0x90][0x16]IAc[0x95]V[0xb9][0x17]i[0xb9][0x94]_bq[0xa6][0x82]Kbi[0x9e][0x82]WjQ)[0xe6][0x81][0xee]`[0xf9][0xf2][0xd4][0xbc][0xc4][0xec]l[0x85][0x92][0xd4][0xbc][0xc4]<[0x85][0xdc][0xd2][0xa2][0xdc]TP[0x8b][0x1d]:[0x6]`h[0x89][0xff]X3X[0x12][0xb3]@:[0xe4]69?[0xaf]$?C7[0x19]1[0xdd][0xad][0xa3][0x84]V~'[0x16]gd[0xe6][0xe7]%&[0xe5][0xa4][0xa2][0x96][0xdb]HK[0xad][0xc0]nC[0xb8]]![0xb1]21W!=[0xbf]([0x15]K}[0x0]VK% [0xd2]9a`[0xaa]@[0x19][0xa3]C[0xda]-K[0xeb]8[0xa7][9[0x8a]t[0xf3][0x4][0xad][0xfd][0x84][0x91][0x8f]i[0x95]c[0xe8][0xb6][0xd5][0xd5][0x4]i[0xab]+[0xc1]e[0xe8][0xf4]*[0xd9][0x91][0xf6][0xc4][0xe2]p[0x13][0xa2][0xb9][0x85](7[0xe9][0xd7][0x96]C:[0xec]p[0xba][0x8f]n[0xe9][0x14]iW,[0x8e][0x90][0x18][0x88][0xf8]AZ(4[0x98]\E[0xb7][0xd6]2[0xd2][0x12]#[0xec][0xab][0xb7][0x6]6[0xfb] [0xad]G[0xc2][0xee][0xbc][0x1]I3[0x88]Z[0x16][0xbb][0xa3][0x6]4[0xcc]L[0x91]VVaw[0xde][0x0][0x84][0x99])[0xd2]",[0xda][0xd6][0xbc][0xa6]H[0x8b][0xaf][0xb0]{[0x80]c[0x7][0xd1][0xd8][0xc1][0xee][0xbc][0x1][0x89][0x1d][0x8c][0xfe]%[0x8d]Z+[0xe0]s[0x89][0xa0]C[0xab][0xd8][0xbd]?[0xb0][0xb1][0x83][0xb4][0xf2][0xb][0xbb][0xf3][0x6]"v[0x90]V[0x87]aw[0xd4][0x0][0x87][0x19][0xa2][0xb2][0xc2][0xee][0xbc][0x1][0x9]3z[0x8d][0x2][0x99]"[0xad][0x8a][0xa0]q[0xc9]fH[0xb7]\[0x8a][0xb4][0x94][0x8e][0xd6]~B[0xd4][0xa5]4[0xb6][0x9][0xb4]Z[\r]Z[0xf2][0xd0][0xda]&[0xc4][0x84].[0xad]m[0xa2][*[0xa7][0xdb]9[0xf6][0xa6]H[0xab][0xc2]h[0x1d]z[0x18]c[0x95][0xb4][0xaa][0xf5][0x90]n{[0xa7][0xb5][0x9f][0xe8][0xd5][0x9f]3EZ}Fc?![0xad][0x16][0xa3][0xb5]M[0x88][0x9c][0x8b][0xbd]*[0x1b][0xd8][0x9a][0xd6][0x18][0x91][0xdd][0xb1];o jZ[0xe4][0x15]c4[0x9d][0xd9]15[0xa6][[0xfd]g[0x8c]([0x19]<[0x2][0x14][0x9c][0xf3][0x8b]R[0x15]2[0x15]0[0xb][0x87][0x9c][0xd4][0x82][0x92][0xfc][0x2][0x5][0x8c][0x9d][0xd7][0x96] @[0xdc][0x6]YSc[0xba]U[0x80]H[0xcb][0xb1][0xe8][0xb6][0x15][0xf]6[0xc2]n[0x8a]t[0x3][0x15]|[0x13][0xe][0xc6][0x4]`[0x1a][0xb6][0x99]Q[0xd8]u`F[0xa6][0x6][0x88][0xae][0x13][0x89]f -[0xd7]D[0x9e][0xa0][0xa5]Z0[0x10]5[0xda]9[0x88][0x82][0x0]Q[0xcc][0x11][\n]"
12:44:02.719 [main] DEBUG org.apache.http.wire -  << "[0x2]D[0x89][0x2][0xda]u[0x8d]'M[0xf][0xc6][0x98]FtL[0x8]y[0x93][0x16][0xe7]}[0x9a]"[0x1d][0xbc]CU[0xfb]i[0x1b][0xb](y[0x5]Q[0xe2]R[0xd5][0x7]C-[0xbf] [0xca]h[0x9a][0x5][0x3][0xfa]![0x2][0x83]1?![0xda][0x96]4[0xb][0x6][0x9c][0xeb]j[0x6]O[0xe9][0x89][0xb4]:pD[0x7][0xc3][0x0][0x9c]l0[0x8]3[0x5][0xd2]B[0xce][0x11][0x9d][0x1a][0x6][0xa0][0xae][0x1d][0x8c][0xa9][0x1][0xd1]C[0x1b][0xd1][0xa9][0x1][0xd1]R[0x1f][0xd1][0xc1][0x80]h>[0xc1][0x6].LM1[0xbb][0x91][0xf8]V[0x9d][0x12][0xbd][0xfe][0xda][0xd4][0x14][0xd1]g[0xa5][0xee]64S[0xa4][0xf3][0xdb]<[0xf3]JRsr2[0xd3]S[0xf3]J[0x14][0x82]KRSA[0xcb][0xff][0xf3][0xb1]l[0x19][0xf1]L[0x1]m[0x1b].[0xce]T[0x0][0xdd]U_[0xac][0x0][0xbe][0x9c][0xbd][0xb0]4[0xb1][0x98][0x94]M![0xb1][0xb5]\[0x0][0x0][0x0][0x0][0xff][0xff]"
12:44:02.719 [main] DEBUG org.apache.http.wire -  << "[\r][\n]"
12:44:02.720 [main] DEBUG org.apache.http.wire -  << "A[\r][\n]"
12:44:02.720 [main] DEBUG org.apache.http.wire -  << "[0x3][0x0]\[0x6][0xcb]^A[0xe4][0x0][0x0]"
12:44:02.720 [main] DEBUG org.apache.http.wire -  << "[\r][\n]"
12:44:02.720 [main] DEBUG org.apache.http.wire -  << "0[\r][\n]"
12:44:02.721 [main] DEBUG org.apache.http.wire -  << "[\r][\n]"
12:44:02.721 [main] DEBUG io.restassured.internal.RestAssuredHttpBuilder - Parsed data to instance of: class org.apache.http.conn.EofSensorInputStream
12:44:02.725 [main] DEBUG org.apache.http.impl.conn.BasicClientConnectionManager - Releasing connection org.apache.http.impl.conn.ManagedClientConnectionImpl@17873842
12:44:02.725 [main] DEBUG org.apache.http.impl.conn.BasicClientConnectionManager - Connection can be kept alive indefinitely
12:44:02.754 [main] DEBUG net.thucydides.core.steps.StepInterceptor - STEP DONE: I send HTTP GET request
  &amp#27;[32mWhen &amp#27;[0m&amp#27;[32mI send GET HTTP request&amp#27;[0m                            &amp#27;[90m# starter.stepdefinitions.UserSteps.iSendGETHTTPRequest()&amp#27;[0m
12:44:02.762 [main] DEBUG net.thucydides.core.steps.StepInterceptor - STARTING STEP: UserSteps.iReceiveValidHTTPResponseCode404 - I receive valids HTTP response code 404
  &amp#27;[31mThen &amp#27;[0m&amp#27;[31mI receive valid HTTP response code 404&amp#27;[0m             &amp#27;[90m# starter.stepdefinitions.UserSteps.iReceiveValidHTTPResponseCode404()&amp#27;[0m
      &amp#27;[31mjava.lang.AssertionError: 1 expectation failed.
Expected status code <404> but was <200>.

	at java.base/jdk.internal.reflect.NativeConstructorAccessorImpl.newInstance0(Native Method)
	at java.base/jdk.internal.reflect.NativeConstructorAccessorImpl.newInstance(NativeConstructorAccessorImpl.java:62)
	at java.base/jdk.internal.reflect.DelegatingConstructorAccessorImpl.newInstance(DelegatingConstructorAccessorImpl.java:45)
	at java.base/java.lang.reflect.Constructor.newInstanceWithCaller(Constructor.java:500)
	at java.base/java.lang.reflect.Constructor.newInstance(Constructor.java:481)
	at org.codehaus.groovy.reflection.CachedConstructor.invoke(CachedConstructor.java:73)
	at org.codehaus.groovy.reflection.CachedConstructor.doConstructorInvoke(CachedConstructor.java:60)
	at org.codehaus.groovy.runtime.callsite.ConstructorSite$ConstructorSiteNoUnwrap.callConstructor(ConstructorSite.java:86)
	at org.codehaus.groovy.runtime.callsite.AbstractCallSite.callConstructor(AbstractCallSite.java:277)
	at io.restassured.internal.ResponseSpecificationImpl$HamcrestAssertionClosure.validate(ResponseSpecificationImpl.groovy:512)
	at io.restassured.internal.ResponseSpecificationImpl$HamcrestAssertionClosure$validate$1.call(Unknown Source)
	at io.restassured.internal.ResponseSpecificationImpl.validateResponseIfRequired(ResponseSpecificationImpl.groovy:696)
	at io.restassured.internal.ResponseSpecificationImpl.this$2$validateResponseIfRequired(ResponseSpecificationImpl.groovy)
	at java.base/jdk.internal.reflect.NativeMethodAccessorImpl.invoke0(Native Method)
	at java.base/jdk.internal.reflect.NativeMethodAccessorImpl.invoke(NativeMethodAccessorImpl.java:62)
	at java.base/jdk.internal.reflect.DelegatingMethodAccessorImpl.invoke(DelegatingMethodAccessorImpl.java:43)
	at java.base/java.lang.reflect.Method.invoke(Method.java:564)
	at org.codehaus.groovy.runtime.callsite.PlainObjectMetaMethodSite.doInvoke(PlainObjectMetaMethodSite.java:43)
	at org.codehaus.groovy.runtime.callsite.PogoMetaMethodSite$PogoCachedMethodSiteNoUnwrapNoCoerce.invoke(PogoMetaMethodSite.java:198)
	at org.codehaus.groovy.runtime.callsite.PogoMetaMethodSite.callCurrent(PogoMetaMethodSite.java:62)
	at org.codehaus.groovy.runtime.callsite.AbstractCallSite.callCurrent(AbstractCallSite.java:185)
	at io.restassured.internal.ResponseSpecificationImpl.statusCode(ResponseSpecificationImpl.groovy:135)
	at io.restassured.specification.ResponseSpecification$statusCode$0.callCurrent(Unknown Source)
	at io.restassured.internal.ResponseSpecificationImpl.statusCode(ResponseSpecificationImpl.groovy:143)
	at io.restassured.internal.ValidatableResponseOptionsImpl.statusCode(ValidatableResponseOptionsImpl.java:89)
	at MiniprojectApi@1.0-SNAPSHOT/starter.user.NGetAllProduct.lambda$iReceiveValidHTTPResponseCode404$0(NGetAllProduct.java:22)
	at net.serenitybdd.rest.SerenityRest.restAssuredThat(SerenityRest.java:626)
	at MiniprojectApi@1.0-SNAPSHOT/starter.user.NGetAllProduct.iReceiveValidHTTPResponseCode404(NGetAllProduct.java:22)
	at MiniprojectApi@1.0-SNAPSHOT/starter.user.NGetAllProduct$ByteBuddy$T6rU2pu4.iReceiveValidHTTPResponseCode404$accessor$SNdTGYJw(Unknown Source)
	at java.base/jdk.internal.reflect.NativeMethodAccessorImpl.invoke0(Native Method)
	at java.base/jdk.internal.reflect.NativeMethodAccessorImpl.invoke(NativeMethodAccessorImpl.java:62)
	at java.base/jdk.internal.reflect.DelegatingMethodAccessorImpl.invoke(DelegatingMethodAccessorImpl.java:43)
	at java.base/java.lang.reflect.Method.invoke(Method.java:564)
	at net.thucydides.core.steps.StepInterceptor.invokeMethod(StepInterceptor.java:503)
	at net.thucydides.core.steps.StepInterceptor.executeTestStepMethod(StepInterceptor.java:483)
	at net.thucydides.core.steps.StepInterceptor.runTestStep(StepInterceptor.java:457)
	at net.thucydides.core.steps.StepInterceptor.runOrSkipMethod(StepInterceptor.java:209)
	at net.thucydides.core.steps.StepInterceptor.testStepResult(StepInterceptor.java:196)
	at net.thucydides.core.steps.StepInterceptor.intercept(StepInterceptor.java:84)
	at net.thucydides.core.steps.ProxyConfiguration$InterceptorDispatcher.intercept(ProxyConfiguration.java:51)
	at MiniprojectApi@1.0-SNAPSHOT/starter.user.NGetAllProduct$ByteBuddy$T6rU2pu4.iReceiveValidHTTPResponseCode404(Unknown Source)
	at MiniprojectApi@1.0-SNAPSHOT/starter.stepdefinitions.UserSteps.iReceiveValidHTTPResponseCode404(UserSteps.java:40)
	at âœ½.I receive valid HTTP response code 404(file:///C:/Users/Lenovo/IdeaProjects/MiniProject/MiniprojectApi/src/test/resources/api/user.feature:44)
&amp#27;[0m
12:44:02.789 [main] ERROR  - 
  _____   ___   ___   _____     ___     _     ___   _      ___   ___  
 |_   _| | __| / __| |_   _|   | __|   /_\   |_ _| | |    | __| |   \ 
   | |   | _|  \__ \   | |     | _|   / _ \   | |  | |__  | _|  | |) |
   |_|   |___| |___/   |_|     |_|   /_/ \_\ |___| |____| |___| |___/ 

GET - As admin I cannot get product ratings
-----------------------------------------------------------------------
12:44:02.790 [main] DEBUG  - RELATED ISSUES: 
12:44:02.791 [main] ERROR  -     Test failed at step: I receive valids HTTP response code 404
12:44:02.791 [main] ERROR  -     1 expectation failed.Expected status code <404> but was <200>.
]]></system-out>
  </testcase>
  <testcase name="GET - As admin I can get product comments" classname="User" time="0.755">
    <system-out><![CDATA[
@TC-0015
Scenario: GET - As admin I can get product comments &amp#27;[90m# src/test/resources/api/user.feature:47&amp#27;[0m
12:44:02.824 [main] INFO io.cucumber.core.plugin.SerenityReporter - Running feature from file:///C:/Users/Lenovo/IdeaProjects/MiniProject/MiniprojectApi/src/test/resources/api/user.feature
12:44:02.824 [main] WARN io.cucumber.core.plugin.SerenityReporter - Feature from file:///C:/Users/Lenovo/IdeaProjects/MiniProject/MiniprojectApi/src/test/resources/api/user.feature is not under the 'features' directory. Requirements report will not be correctly generated!
12:44:02.829 [main] INFO  - 
  _____   ___   ___   _____     ___   _____     _     ___   _____   ___   ___  
 |_   _| | __| / __| |_   _|   / __| |_   _|   /_\   | _ \ |_   _| | __| |   \ 
   | |   | _|  \__ \   | |     \__ \   | |    / _ \  |   /   | |   | _|  | |) |
   |_|   |___| |___/   |_|     |___/   |_|   /_/ \_\ |_|_\   |_|   |___| |___/ 

GET - As admin I can get product comments(user;get---as-admin-i-can-get-product-comments)
--------------------------------------------------------------------------------
12:44:02.980 [main] DEBUG net.thucydides.core.steps.StepInterceptor - STARTING STEP: UserSteps.iSetGETApiEndpointsProductComments - I set the GET api endpoints product comments
12:44:02.981 [main] DEBUG net.thucydides.core.steps.StepInterceptor - STEP DONE: I set the GET api endpoints product comments
  &amp#27;[32mGiven &amp#27;[0m&amp#27;[32mI set GET api endpoints product comments&amp#27;[0m    &amp#27;[90m# starter.stepdefinitions.UserSteps.iSetGETApiEndpointsProductComments()&amp#27;[0m
12:44:02.986 [main] DEBUG net.thucydides.core.steps.StepInterceptor - STARTING STEP: UserSteps.iSendGETHTTPRequest - I send HTTP GET request
12:44:02.987 [main] DEBUG net.thucydides.core.steps.StepInterceptor - STARTING STEP: GetAllProduct.iSendGETHTTPRequest - I set the GET api endpoints
12:44:02.987 [main] DEBUG net.thucydides.core.steps.StepInterceptor - STEP DONE: I set the GET api endpoints
12:44:02.998 [main] DEBUG org.apache.http.impl.conn.BasicClientConnectionManager - Get connection for route {s}->https://altashop-api.fly.dev:443
12:44:02.999 [main] DEBUG org.apache.http.impl.conn.DefaultClientConnectionOperator - Connecting to altashop-api.fly.dev:443
12:44:03.104 [main] DEBUG org.apache.http.client.protocol.RequestAddCookies - CookieSpec selected: ignoreCookies
12:44:03.104 [main] DEBUG org.apache.http.client.protocol.RequestAuthCache - Auth cache not set in the context
12:44:03.104 [main] DEBUG org.apache.http.client.protocol.RequestTargetAuthentication - Target auth state: UNCHALLENGED
12:44:03.104 [main] DEBUG org.apache.http.client.protocol.RequestProxyAuthentication - Proxy auth state: UNCHALLENGED
12:44:03.104 [main] DEBUG org.apache.http.impl.client.DefaultHttpClient - Attempt 1 to execute request
12:44:03.104 [main] DEBUG org.apache.http.impl.conn.DefaultClientConnection - Sending request: GET /api/products HTTP/1.1
12:44:03.105 [main] DEBUG org.apache.http.wire -  >> "GET /api/products HTTP/1.1[\r][\n]"
12:44:03.105 [main] DEBUG org.apache.http.wire -  >> "Accept: */*[\r][\n]"
12:44:03.105 [main] DEBUG org.apache.http.wire -  >> "Host: altashop-api.fly.dev[\r][\n]"
12:44:03.105 [main] DEBUG org.apache.http.wire -  >> "Connection: Keep-Alive[\r][\n]"
12:44:03.105 [main] DEBUG org.apache.http.wire -  >> "User-Agent: Apache-HttpClient/4.5.13 (Java/14.0.2)[\r][\n]"
12:44:03.105 [main] DEBUG org.apache.http.wire -  >> "Accept-Encoding: gzip,deflate[\r][\n]"
12:44:03.105 [main] DEBUG org.apache.http.wire -  >> "[\r][\n]"
12:44:03.105 [main] DEBUG org.apache.http.headers - >> GET /api/products HTTP/1.1
12:44:03.105 [main] DEBUG org.apache.http.headers - >> Accept: */*
12:44:03.105 [main] DEBUG org.apache.http.headers - >> Host: altashop-api.fly.dev
12:44:03.105 [main] DEBUG org.apache.http.headers - >> Connection: Keep-Alive
12:44:03.105 [main] DEBUG org.apache.http.headers - >> User-Agent: Apache-HttpClient/4.5.13 (Java/14.0.2)
12:44:03.105 [main] DEBUG org.apache.http.headers - >> Accept-Encoding: gzip,deflate
12:44:03.282 [main] DEBUG org.apache.http.wire -  << "HTTP/1.1 200 OK[\r][\n]"
12:44:03.282 [main] DEBUG org.apache.http.wire -  << "content-type: application/json[\r][\n]"
12:44:03.282 [main] DEBUG org.apache.http.wire -  << "date: Sat, 06 May 2023 05:52:49 GMT[\r][\n]"
12:44:03.282 [main] DEBUG org.apache.http.wire -  << "transfer-encoding: chunked[\r][\n]"
12:44:03.282 [main] DEBUG org.apache.http.wire -  << "content-encoding: gzip[\r][\n]"
12:44:03.282 [main] DEBUG org.apache.http.wire -  << "server: Fly/3f2597ca (2023-05-03)[\r][\n]"
12:44:03.282 [main] DEBUG org.apache.http.wire -  << "via: 1.1 fly.io[\r][\n]"
12:44:03.282 [main] DEBUG org.apache.http.wire -  << "fly-request-id: 01GZQSXE6AJB6MEKHB3V5E367R-sin[\r][\n]"
12:44:03.282 [main] DEBUG org.apache.http.wire -  << "[\r][\n]"
12:44:03.282 [main] DEBUG org.apache.http.impl.conn.DefaultClientConnection - Receiving response: HTTP/1.1 200 OK
12:44:03.282 [main] DEBUG org.apache.http.headers - << HTTP/1.1 200 OK
12:44:03.282 [main] DEBUG org.apache.http.headers - << content-type: application/json
12:44:03.282 [main] DEBUG org.apache.http.headers - << date: Sat, 06 May 2023 05:52:49 GMT
12:44:03.282 [main] DEBUG org.apache.http.headers - << transfer-encoding: chunked
12:44:03.282 [main] DEBUG org.apache.http.headers - << content-encoding: gzip
12:44:03.282 [main] DEBUG org.apache.http.headers - << server: Fly/3f2597ca (2023-05-03)
12:44:03.282 [main] DEBUG org.apache.http.headers - << via: 1.1 fly.io
12:44:03.282 [main] DEBUG org.apache.http.headers - << fly-request-id: 01GZQSXE6AJB6MEKHB3V5E367R-sin
12:44:03.283 [main] DEBUG org.apache.http.impl.client.DefaultHttpClient - Connection can be kept alive indefinitely
12:44:03.283 [main] DEBUG io.restassured.internal.RestAssuredHttpBuilder - Parsing response as: application/json
12:44:03.283 [main] DEBUG org.apache.http.wire -  << "331[\r][\n]"
12:44:03.283 [main] DEBUG org.apache.http.wire -  << "[0x1f][0x8b][0x8][0x0][0x0][0x0][0x0][0x0][0x4][0xff][0xaa]VJI,IT[0xb2][0x8a][0xae]V[0xf2]tQ[0xb2]24[0xb2][0xb0]0[0xd7]Q[0xf2]K[0xcc]MU[0xb2]Rr[0xcd][0xcb]/[0xca][0xcd]/-Vp[0xce]/)[0xc9][0xcf]Sp[0xce][0xcf]-(-I-R[0xd2]QrI-N.[0xca],([0xc9][0xcc][0xcf]S[0xb2]R[\n]"
12:44:03.283 [main] DEBUG org.apache.http.wire -  << "-Q[0xc8]KMN-.[0xce],I,[0xc9]L*-V([0xcb],ILU[0xc8],-JUH[0xc9][0xcf][0xc9]/J-V(J-H[0xcd][0xc9]I[0xcd]K)-V([0xce][0xcc][0xcd][0xcc][0xc9],,M[0xd5]S[0xd2]Q[\n]"
12:44:03.284 [main] DEBUG org.apache.http.wire -  << "([0xca]LNU[0xb2][0xb2]4[0xd4]Q[\n]"
12:44:03.284 [main] DEBUG org.apache.http.wire -  << "J,[0xc9][0xcc]K/V[0xb2]2[0xd1]QrN,IM[0xcf]/[0xca]L-V[0xb2][0x8a][0x8e][0xad][0xd5]A[0xb8][0xd0][0x2][0xee][0xc2][0x80][0xa2][0xc4][0xe4][0x92][0xcc][0xe4][0xc4][0x1c][0x5][0xdf][0xc4][0xa2][0xa4][0x9c]T[0x85][0x90][0xc4][0xa4][0x9c]T[0xc][0xf7][0x85][0xa4][0xe6][0x16][0xe4][0x17][0x81][0x1d]V\[0x9a]W[0xa2][0x90]X\[0x90]Z[0x94][0x9]r[0x15][0x92][0xfd][0x16]FH[0xf6][0x1b][0xe3][0xb3][0xdf][0x12]nPiqIf[0xb2][0x82]{Qb^fI[0xaa]BpF~j1[0xa6][0xed][0xf9]%[0x89][0xb9][\n]"
12:44:03.284 [main] DEBUG org.apache.http.wire -  << "[0x85][0xa5] [0xfb]S[0x12]s[0x15][0xca]Rs[0x90][0xac]51#[0xd2]ZK[0x3][0xb8][0xb5][0xc1][0xf9]y[0x95][\n]"
12:44:03.284 [main] DEBUG org.apache.http.wire -  << "[0x1][0xc1][0xa6][0x18]V[0x15][0xe4]$V*d$[0x16]+[0xe4][0xe5]+[0xe4]d[0xe6]f[0x96][0x80]\[0x3][\r]_#KK$[0x9b][0xf0][0x5][0xb0][0xa5][0x11][0xdd]l2[0xa6][0xa6]M[0x86]x"[0xcd][0xd2][0x94]n6[0x99][0xc1]mr-J[0xcf][0xcf][0xcb][0xcf][0xcd]LV[0x8][0xcf][0xcf]OI[0xcd]Sp[0xcf][0xc9]/[0xc3][0x92]B[0x82]3s[0xb2][0x11][0x19][0xc1][0xd8][0xd2][0x18]9M[0x98][0xe2][0xf3][0x15]"[0xb3][0xba][0xe7][0x17][0xa5][0xa7][0x82]2+[0xc8]0\[0x16]A22[0xc2]*3[0xb]Cc[0xa4]Da[0x80][0xcf]*D[0xae]sL-[0xca]O[0xa9][0xcc]K[0x4]y[0xc][0x9a][0xef][0x82]32[0x8b]J0[0x92][0xa3]gQ~[0x1e][0xc2]2[0xb][0x13]S[0xe4],[0x86][0xd7]_[0x88],[0xe6]RZ[0x4][0xca][0xd3][0xf0]<[0xe6][0x94][0x98][0x8e]a[0x8f]s~^rQj[0x9]([0xe3]C[0x13][0xbb][0xb1][0x85][0xa1][0x1][0x92][0xc7][0xf0][0xa4]vK[0x3]D[0xbe][0x82][0x87]a@bAj[0x11][0xee][0xf2][0xe][0x12][0x9b][0x8][0x9f][0x99][Z[0x98][0x10]k[0x1b]U[0xf3][0x16][0x9e][0x8][0xb3]40[0x81][0xa7]C*[0x94][0x17]xb[0xcb][0xd2][0x80][0xaa]y[0xb][0xaf][0x9f][0x10][0x89][0xd0]#5[0xb1][0xac]R[0xc1][0xa5][0xb4][0xa4]R![0xb8]$55G[0xc1]#[0x11]3[0x1][0xa2]G[0x94][0x99][0x81][0xa9]9RD[0xe1][0xb5][\n]"
12:44:03.284 [main] DEBUG org.apache.http.wire -  << "3[0x9]BSEFb&f[0x15][0x8]v[0x3]"E[0x98][0x99][0x1a]"Wg[0xf8],[0x2]%Th[0x85][0xeb]X[0x9e]Z[0x9c][0x9f][0x9b][0xaa][0xe0][0x93][0x9a]X[0x92][0x1]J[0x80]9[0xf9][0xc9][0xa0][0x82][0x1][0xb5][0xb6]E[0xcd]U[0xe6][0x86][0x16]DfaK[0x90][0x93][0xa0]6[0xc1][0xab]v[0xa7][0xa2][0xfc][0xbc][0xaa]T[0xdc]I=[0xa8]4)[0x9]\[0xe3]C3[0x96][0x5][0xd1]%[0x86][0xa5]!"[0xa9]C[0xeb]I[0x9f][0xcc][0xbc][0xd4]<[0x85][0x80][0x9c]DpVE[0xf5][0x15][0xba]E[0xc6][0x86]&[0xa6]DF[0x15][0xa8][0xc][0x83][0xfa][0xcb]75%3?[0xb9][0x8][0xe4]!H[0x91][0xa0][0xe0][0x8c]5[0xc][0xc1].AD[0x97][0x89][0x99]!r[0x91][0x8b]7[0xba][0x90][0xb2]Ue^jQz&[0xb8][0x9][0x0][0x8a][0x14][0x5][0xec][0xa5]`@N"H[0x9][0xc2]6Sc[0xb][0xe4][0xc2][0x9][0xaf]m[0x88][0xac][0x85]\[0xea]B[0xca]q[0x5][0xef][0xbc][0xcc]4P[0xa1][0x87][0x1a][0x92]X[0xec]3%:[0x89] */d[0xfb][0x1c]sJs3[0xf3]Js[0x15] [0xa5]/[0x0][0x0][0x0][0xff][0xff]"
12:44:03.284 [main] DEBUG org.apache.http.wire -  << "[\r][\n]"
12:44:03.285 [main] DEBUG org.apache.http.wire -  << "6C8[\r][\n]"
12:44:03.285 [main] DEBUG org.apache.http.wire -  << "B[0xb5][0xf][0x9a]Z[0x91][0xfc]giL[0xb4][0xff][0x10][0x15][0x18]r[0x86][0xce][0xcc][0xc9]V[0x8]O[0xcc][0xc9]I[0xc5][0xcc][0xd2][0x90][0x4][0x8b][0xb0][0xcc][0xd2][0xcc][0xc0][0x82][0xd8]t[0x82](=0[0x1a][0x8e]8l[0xc3][0xf0][0x9b][0x85][0x99]!rQ[0x8f]7[0xee][0x10]%[0x8]rXBkL[0x1c][0x16]:[0xe7][0x17][0x14] [0xe7]7K3C[0xe4]f[0x1b]>[0xfb][0x8c][0x10][0x15][0x19][0xac] [0x81]&[0x5][0x5][0xe7]D[0xcc][0x12][0xb]= [0x8d][0x8d][\r][0x88]-[0xb2][0x8c][0xc][0xe1]U[0xb][0xcc]&HI[0x8b][0xab][0xdd][0x1]j[0x93] [0xa2][0xcc][0x94][0xf8]R[0xd8][0x8]Q[0x86][0xc0][0x8b],[0xa8]U[0xd8]3[0x1b]D[0x12]a[0x97][0x99][0xb9][0x19]r[0xa3][0x3]o[0xf8]![0x1a][0xa3][0xf0]b$<??[0x7]G[0x11][0x82][0x1e]~[0xa6][0x16]&D[0x87][0x1f][0xa2][0xc][0x81][0xdb][0x4]1[0xe]G[0x17][0x2][0xdd]W[0xc6][0x6][0xa6][0xc4]&z#D[0x9][0x2]-[0x85]!I[0xc][0x87]M[0xd0][0x14][0x83][0x8]@c#[0xa2][0xab]L#D[0xe1]A[0x85][0x16][0x7][0xde][0xa8]B[0x14][0x1b][0x88][0x9c][0xc][0xa9][0x9e]q4[0x3]r[0x10]>[0xb2][0xb4][0x4]U[0xb9][0xf0][0xae]&^{[0x10]%[0x6][0xbc]m[0x8][0xeb][0xec]a[0xaf][0xc6][0xa0][0xb2][0x8][0xdb][0xcc][\r]-[0x89]mr[0x18]![\n]"
12:44:03.286 [main] DEBUG org.apache.http.wire -  << "[0xc][0xcf][0xbc][0x92][0xd4][0x9c][0x9c][0xcc][0xf4][0xd4][0xbc][0x12][0x5]h[0xca][0xc0][0x96][0x87]1l351%[0xb6]"[0x3][0x95][0xd1][0xd0]Z[0x13][0x9e][0xb5][0xc0][0xad][0x18][0x5][0xa7][0xfc][0x92][0x12],[0xbd]hP[0x15][0x87][0xf0][0x97][0xb1][0x85][0x1][0xb1][0x95][0x8a]1[0xa2][0xb8][0xf0][0x4][0xd5][0xca])[0x99][0xa0][0xae]:4[0xa5])8cmO[0xc1]j[0x1c][0x84][0x85]F[0x6]DG[0x9b]1[0xa2][0xd4]@$[0xf]h[0xb2]w[0xce][0xc7][0xd2]N[0x84][0xba][0x5]a[0x99][0xa5][0x99][0x9][0xb1]U[0x98]1[0xa2][0xd8][0x8][0xce]IM[0xcd]V[0x0][0xb7]-[0x14][0xb0][0xda][0x83]Z[0xe][0x1a][0x9b][0x1a][0x11][0x1d][0x84][0x88][0x12][0xc3]'3=[0xa3][0xa4]<[0x15]D[0xc2]F=[0x9c]R[0xf3][0x92]3[0x88][0xa8][0x97][0xcd]A[0x5]7Q[0x9][0xdf][0x18]Qj[0xc0]K(hbS[0xf0]N[0xad]L[0xca]O,J[0xc1][0xb0][0x10]TX"[0x82][0xd0][0xc8][0xc8][0x84][0xd8][0x9a][0xb][0xd4][0xdf][0x85]&E[0xe4][0x9a][0x12][0x14]Z[0xb8]m[0x3]gw[0x84]u[0xe6][0x16][0xc4][0xc7][0x18][0xa2][0xf4]@jt@[0xab]z[0x1c][0xe5]"z[0xf3][0xd4][0xd2][0x8]4PF\X"[\n]"
12:44:03.286 [main] DEBUG org.apache.http.wire -  << "[0x11]$[0xeb]`}V\[0xb9][\r][0xdd]B33P[0xfd]N[0x9c][0x85][0x88]r[0x4]^j[0x81]2/q[0xb5][0xb3][0x85][0x5][0xd1][0xed][0x0]P[0x88]C[0xe3][\r][0xd6]M[0x87][0xe6][0xb2][0x80][0xc4]<[0xf0][0xd8][0x13]jK[0x11][0xbd][0x1a]325#[0xb6][0xb4][0x2][0xd5][0xad]P[0xab][0xe0][0xa5][0x15]$[0x88]p[0xb4][0xba][0xa1][0xd1][0x89]H [0xa6][0x86][0xc6][0xc4][0xb6][0xdc]L[0x10][0xe5][0x87][b^[0x9][0xb8][0xf9][0xe][0x1b][0xc2][0xc1][0xd6][0x2][0xc6](>,,[0x88]nq[0x9b] [0x8a][0xf]h[0xfd][0xc][0xca]F8[0xda][0x1c][0x10][0x1f]#[0xfc]db[0x8][0x1a][0x15]$*Q[0x98] J[0x90]`[0xa4]~[0xb][0xac][0x9c][0xc5][0xda]}F[0xcb]bf[0x6][0x96]D[0x87] [0xa2][0xfc]@[0xae][0xca][0xc0]9[0x1a][0xfb]()([0x81]"<fd@t=[0x6][0x1a]@[0x85][0xa6][0xc]Dd[0x81]LS[0xc0][0x9e][0x8][0xd1]<eabAl[0xb3][0xcd][0x4]Qn [0xd7]c[0x90][0xb1]""Z[0xd8][0x16]F[0xa0][0xb1]&[0xe2]b[0xb]Qf Y[0x5][0xe]>[0xec][0xed][0xe][0x90][0x14]"[0xf8][0xcc]L@[0xd1]M[0x9c]M[0x88][0xc2][0x2][0x9e][0xb1]`%=[0xf6]z[0x5]#[0x17][[0x80]j[0xb][0xa2],3[0xc5][0xec][0xa2][0x80]c[0x8a]p[0xa3][0xcd][0xd8][0xdc][0x94][0xd8][0xda][0xc4][0x14][0xd1][0xdc]@[0xc][0xc0][0xc2][0x8b][lV[0x81][0xdc][0x80][0x8]<K[0x13]c[0xa2][0xad]Bd*x5[0x9]N_8[\n]"
12:44:03.286 [main] DEBUG org.apache.http.wire -  << "%XnCXfjFtB7E[0xe4])hI[0x1][0x8a]t[0xac][0x19][0x17][0xd5]CF[0x96]f[0xc4]6AA[0x8e][0x81]f&[0xa4]t[0x7]K[0xf][0xe1][0x89]%X[0xda][0x19][0x18][0xa5][0x9f][0x99][0x1][0xca]p([0xbe][0x6]6[0xa8]o[0x1][0xb5][0xf]^U[0xc1][0x6]7p53[0xc0][0x8d]TD[0x8][0x9a][0x19][0x99][0x11][0xdb][0x17][0x2]u[0x9a][0xa0][0xb6]![0xf9][0xe][0x12]a[0xd8][0xca]uHe[0x86]d[0x95][0xb1]1[0xd1][0x1][0x89][0xc8]V[0x88]R[0x9][0x16][0xfd][\n]"
12:44:03.286 [main] DEBUG org.apache.http.wire -  << "[0xd8]3[0x16][0x9a][0xc7]LM[0x89][0xce][0xc4]f[0x88]|[0x85]\[0xb8]CC[0x12][0xfb][0x10][0x18][0xa4][[0x81][0xf0][0x9c])[0xea][0x4][0x11][0xbe]X3C[0xe4]0X[0xbd][0xf]K"8J'[0xd0][0x8]-[0xc2]*cC[0xa2][0x7][0xc0]@[0xbd]wh[0x94]A[0x13]="[0x10][0xb1]wS [0x9e]FXfb[0x2][0x1a][0x1f]$[0xaa]x2C[0xe4]0xY[0x8][0xca]J8[0x6][0xda][0xd0]C[0xd0][0xc4][0xd8][0x9c][0xd8][0xe4][0x1]J[0xb2]Po[0xc1]m[0x82][0xa4]6[0x1c][0xc3][0xa3][0xa0][0xac][0x8e][0xf0][0x93][0x85][0x19][0xd1][\r]'sD[0xd2][0x80][0xdb][0x4])[0xc1][0x15][0xb0]ggXI[0x89][0xb0][0xcd][0xd8][0x98][0xe8]!fsD[0xcb][0x9][0xd2][0x19][0x82][0x8e]va[0x1f][0xa9][0xc4][0xb4][0xca][0xd2][0x1c][0xe4]^[0xa2]"[0xcb][0x1c]Q[0xf6]"[0x17][0xf3][0xe0][0x99]j[0xec]cC[0x98][0xd6][0x19][[0x80][\n]"
12:44:03.286 [main] DEBUG org.apache.http.wire -  << " [0xe2][0xac]C[0x1a][0xdc]@j?A[0xb]?\[0xad]xXbE[0x4][0xa6][0x85][0x1][0xf1]Q[0x87]h[0x4]@[0xd3]>81bo?A3 [0xc2]"c[0x13]cb[0xcb]EPn[0x84][0xa6][0xc6][0xe0][0xdc][0xc4][0x9c][0x1c][0xf8]d[0x1b][0xf6]pDO[0xf7][0x96]&[0xa0][0xb9]&[0xa2]B[0x11][0xd4][0xd6][0x82][0xda][0x4][0xf5][0x12]4[0xd5]c[0xb7][0x9][0x92]P[0x91][0xfc]dJt[0xbb][0x1a]4[0x9d][0xf][0xb5][0x9][0xb9][0x5][\n]"
12:44:03.286 [main] DEBUG org.apache.http.wire -  << "[0x8b][0x10][0xec][0xfd]s[0x98],[0xc2]F[0xb]SPaG[0x9c][0xdf][0x10]-y[0xa4]~[0x1e][0xb8]P[0xc7][0xd1][0x14][0xc5][0xf0][0x1e][0xf1][0xa9][0x1f]T[0xc3][0xc2][0xbd][0x97]\[0x94][\n]"
12:44:03.286 [main] DEBUG org.apache.http.wire -  << "[0x1d]S[0x1][0xb7]Eq[0x8c][0xdf][0xa0][0x16]!F[0xe6]f[0xc4][0xe]>X [0x8a]E[0xe4][0xee]9,;[0xe1][0x1a][0xa9][0x7]%VD@[0x1a][0x93][0x90]H[0x10]Y[\r]5[0x91]`o[0xd0][0x83][0xc7][[0x10][0x16][0x99][[0x80][0xc6][0xd1][0x88][0x88]1cc$[0x8f]E8[0xf9]G[0x18]b[0x8c]h L5AY=[0x81]^9[0xc2][0xd6][0xa6][0x98]"uS[0xdd][0x13]s3[0xf3]0[0xe7][0xaa][0xdd][0xf2][0x8b][0x14][0xd2][0xc1]R[\n]"
12:44:03.286 [main] DEBUG org.apache.http.wire -  << "[0x5][0xa5]E[0x5][0xf9][0xc5][0xa9][0xc5]J[0xb5]H[0xcb][,A[0xe3][\n]"
12:44:03.286 [main] DEBUG org.apache.http.wire -  << "[0xd0][0x98]E[0x1e][0xea][0x81][0xe6][0x13][0x1c][0xf5]+[0xca][0x2][0x2][0x13]KP3[0x8e][0x88][0x10]0[0xb2][0xb4]@[0x14]1H-"h[0xdf][0x19]GU[0x4][0xea][0x9f]"[0x2][0xc6][0xc8][0x8][0x94][0xa7][0x89][0xb2][0xc][0xd4]W[0xc5][0xe2]3H.[0xc0]Y[0x1b][0x81][\n]"
12:44:03.286 [main] DEBUG org.apache.http.wire -  << "t[0x84]u[0xe6][0xa6][0xa0][0x16][0x1]q[0xd6]![0xea]"D[0x13][0xc]Z[0x1f]ao[0x80][0xa1][0xa5]$K[0xb][0xa2][0xb3][0x88]%"[0xef][0xc3][0xdb][0xb1]A[0xe0][0xa9]S<[0x3]X[0xe8][0xf3][0x82][0xc6]fF[0xc4][0xe][0x87][0x80]:[0xe2][0xd0][0xa0]D.[0xdd]@Y[0xe][0xeb]d[0xf]4F[0x11][0xe1]hj[0x0][0x9a][0xb5]'.[0x1c][0x11][0xd9][0x1f])[0x8d]@[0xeb][0x1b][0xec][0xb6][0x81][0xe6]y[0x11]v[0x19]Y[0x80][0xda][0xa7][0xc4][0xd9][0x85][0xc8][0xfa][0x90][0x9a][0x8][0x1c]%8[0xda][0xcb][0x98][0xa5][0xb5]1[0xf1][0xc3][0xb6][0xa0]Qyh[0x8]"[0x95][0xd6][0xd0][0xb4][0x88]=[0x97][0xa1]&|[0xb]K[0xa2]'[0x1e]-[0x11][0xb9][0xc][0x91][0x12][0xa1][0xc9][0x3][[0xbf][0x3][0x92]H[0x11][0x1]hl[0x1][0x1a]d[0x86][0x7] [0xbe][0xd5],[0xa0]b[\n]"
12:44:03.287 [main] DEBUG org.apache.http.wire -  << "[0xea]-[0xa4][0xc8][0x82]TB[0xd8][0x13]=[0xac][0x18]GXgn[\n]"
12:44:03.287 [main] DEBUG org.apache.http.wire -  << "[0x1a][0x0][0x83][[0x87]{[0xe9][0x87][0xb1][0x1]h@[0x3]n[0x1d]b[0xca][0x2][0x16]38[0xba][0xc1][0xe8][\r][0x8]3[0xd4][0x19][0x19][0xdc][0xfe]360@dj$[0xff]A[0xa3][\r]{[0x83][0x16]=4M[0xcc][0x88][0xec][0xdf][0x1b][0x1b][0x80][0xda]5X[0xbc][0x7]1[0x11]G[0xaf][0x0][0xda]"D[0x4][0xa7][0x91][0x99][0x11]q[\r]1cp[0x9e][0x84][0xda][0x7]i>[0xc3][0x3][0x12][0xfb][0xc2]F[0xb4]*[0xdd][0x94][0xc8][0x14]il`[0x80][0x94][0xcf][0x90]Z[0xb3][0x90][0xdc][0x86][0xbd][0x81][0x89][0xd4][0xaf][0x2][0x0][0x0][0x0][0xff][0xff]"
12:44:03.287 [main] DEBUG org.apache.http.wire -  << "[\r][\n]"
12:44:03.288 [main] DEBUG org.apache.http.wire -  << "553[\r][\n]"
12:44:03.288 [main] DEBUG org.apache.http.wire -  << "[0x2][0xaf][0xd7]42[0x0][\r][0xdb][0xc3]S[0x9][0xde]HCt[0x86]a[0xf3][0xc5][0xe0][0x92][0xca]'1[0xb7][0x0][0xa3][0xce][0x5]w[0xc7][0x11][0xa1]ga[\n]"
12:44:03.288 [main] DEBUG org.apache.http.wire -  << "[0xea][0xb5][0xc3][0xad]A[0xaf]y[0x11]5[0xa7]1x~[0x8][0x16]z[0xe0]f,[0xc4];8[0x16][0xdd]a[0xc4][0x93])[0xb1][0xd5][0xa6][0xb1][0x1][0xd2]J[0x1a][0xb4]x[0xc2][0xde][0x8e]E[0xf7][0x13][0xb1][0xe3][0x8][0xc6][0x6]H[0x8b]h`A[0x7]-8[0xb0][\r]dA[0xb]eD[0xe8][0x19][0x81]W[0xe1][0x10][0x17]z[0x88][0xfe][0x14]R[0x81][0x8][0x89]u[0xdc][0xeb][0x83]0l$[0xba]kjl[0x0]Zs[0x3][0x8b]/[0xca]W[0xb4][0xe2]M[0x19][0x88][0x91][[0x9a][0xce]L[0x1b][0x1b][0x18]"[0x8a][0xfa][0x80]`[0x5][0xcc][0x15][0xba][0xe9][0x89][0xb9][0xa9][\n]"
12:44:03.288 [main] DEBUG org.apache.http.wire -  << "[0xa6][\n]"
12:44:03.288 [main] DEBUG org.apache.http.wire -  << "[0xc5]%[0xe0][0xf1]bhV[0xc2][0xdf][0xb8]DI[0xe2][0x88][0x9c][0x4][0xf1][0x88][0xa1][0x11]F[0x6][0x82]/[0x2]F_[0x1]l[0xc]*[0xad][0x89]J[0xb][0xa0][0xa9]&[0xe4][0x98])03[0xc3][0xb0]&9?)1[0x11]D R[0x1b][0x9][0x16] F[0x90][0x9c][0xf3][0x93][0x12][0x15]RJsJ1l[0xc8][0xcc][0xcb]T[0xc8]H[0xcc][0xab]LT(H-[0x2][0xd9][0x94][0x98][0xa7]P[0x90]_[0xc]Z[0x13][0x4][\r]8SKKP[0x85]G[0x9c][0x9f][0x10]5[0x7]-b[0x6]4[0x95][0xb][\r]2[0x9a][0x18][0x8f][0xc8][0x9d]![0x89][0x98]A[0x5][0x8f]s,[0xb][0xbf][\r][\r]0[0x0]Q[0xb][0xa6][0x8c][\r]@[0xf5][0x16][0xd4]O[0x1e][0x5][\n]"
12:44:03.288 [main] DEBUG org.apache.http.wire -  << "a[0x99]e[0xf9][\n]"
12:44:03.288 [main] DEBUG org.apache.http.wire -  << "[0x91]F[0x98][0x9].7573'3;S[0xa1][0xb8] [0xb5]83-3;[0xb1]8S[0xa1]21/]![0xb1] [0x13][0xb4]~[0x11][0x1a][[0xa0][0xe6][0x2][0xb8][0xc5]@\|![0x92]:[0xfd]|[0x8c][0xb4]T[0x81][0xfe]>FZ[0xb6]0[0x0][0x96]#z0%[0xa9][0xc5][0xa0]m[0x18][\n]"
12:44:03.288 [main] DEBUG org.apache.http.wire -  << "[0x5]E[0xf9])[0xa5][0xc9][0xa0][0xec][0x86]:[0x8d][[0x92][0x91]Y[0xac][0x90]Y[0xac]P[0x92][0x91][\n]"
12:44:03.288 [main] DEBUG org.apache.http.wire -  << "S[0xa3][0x90][0x82][0xb4]![0x4][0xbe][0xa5][0x3][0x9c][0xf2][0x88]Lk[0xa0][0xc9]YhZ[0x3][0x97]lf[0x6][0x6][0x6][0x18]%[0x2][0xbe]dnJtI[0x0][0x9a][0xae][0x82]Z50^E4[0xbe][0x6][0xc6]~[0xba][0xd5][0x86][0xa0][0x11]HhH[0x83]#[0x95][0xe4]=+D[0xd7]X[0xa0]&=[0xd4]&[0xfa][0xe7][0x1d][0xa4]u[0x10][0x3][0x12][0xa1]H[0xa3]N[0x3]c?[0xa2]j[0x1d][0x18][0xfb][0x11]e[0x17]dh[\r][0xa3][0xe0]H[0xc3]2[0xea][0x6]/[0xa6][0x88][0x9d][0xf8]26[0x0]M[0xc8]AS[0x19]l[0xe2][0xb][0xdc][0x91][0xc1][0xbe][0x86]-(53935/%[0xb3]X[0xa1]85E!3[0xaf],5[0xaf]$[0xbf](U!3/93[0x5][0xb4][0x11]-[0xb5]D![0xb1][0xb4]$5[0x17]i?[0x18][0xb1]k[0x4][0x8c][\r]@[0xeb][0xe3][0xa1][0x8e][0x19][0x98]PG[0x14]c[0x3][0x90][0xe5][0x10]e[0x18][0xd5]<O[0xdc][0x8a]?c[0x3][0x13]D[0x1b][0x9f][0x90][0xdd][0x88][0xb6]1[0xa8].$[0xb2]*[0x4][0xad][0x9b][0x1b][0xc8][0x88]EZ[0xa5]A[0xc8]4i[\n]"
12:44:03.289 [main] DEBUG org.apache.http.wire -  << " -[0xe0][0xa0][0x9a][0xfd][0xc4][0xc6]-h[0x8b][0x1a][0x91]aOV[0xdc][0x82][0xe6][0xaf][0x88]4[0x9f]6a[0x8b][0xe8]GP-lAI[0x9b][0xe8][0xf0]E[0xc]&S[0xcd]~[0xa2][0xed]F[0x14]X[0x84][0xec]&/niP&[0x91][0x14][0xb6][0x88]r[0x89][0xb6][0xd5] h)[0x16]4[0x11][0xd3][0xd6]"[0xd0][0xbc][0x1][0xd4]"B1F[0x93][0xdc][0x2][0x9a][0xfb][0xa5][0xb6][0xfd][0xc4][0xa6]V[0xd0]<[0x17][0x91]v[0x93][0x95]ZAs[D[0x9a]O[0x9b][0xb0][0xa5]QIDd%[0x8b][0xb4][0xd6][0x87][0xbc][0xae][0x9][0xd1][0xdd]M[0xd0][0xe2];h@[0xd3][0xda]&D[0x1][0x10][0xe1][0x94]_[0xa1]0[0x18]&[0xb4][0x8d][\r][0xcc][0x11]c}[0x3][0x92][0x89][0x91][0xd6]$Q[0xcd]~b3[0xb1]9[0xa2]gB[0xc8]n[0xb2]21[0xd2]"(B[0xe6][0xd3]$[0x13][0x9b][0xd3][0xa0]:[0x7]UyDfb[0xa4][0x85]K[0x3][0xe2]}[0xd0][0xd2][0x7]h[0xd6][0xa6][0x9a][0xfd][0xc4]&-[0xa4][0x5]N[0x84][0xec]&+i[0x81][0xd6][0xfc]Q[0xdb]o[0xa0][0xa8]%[0xda][0x3][? -V![0x14][0xbc][0xb4][0xc8]YF[0xa0][0xad]Z[0xd0][0xe0][0xa7]m[0x1b][0xb]t[0xee][0xe][0xd4]"[0xaa]y[0x94][0xd8]8F:i[0x86][0x90][0xdd]8[0xd3]0[0xbe][0xe5][0x9]H[0xcb]r[0x8][0x99]O[0x8b]H[0x4][0xef][0x97][0xa1]v[0xd8][0x82][0xf2][0x10]q[0xc5][0xa3]!h[0xf4][0x94][0x16][0xd6][0x13][0x19][0xbd][0x86][0xa0][0x8d]d[0x3]j?[\r][0xc6]%[0x89][0xf6];mk~C[0xa4][0xa5])[0x3][0x91][0xb4][\r]A[0xcb][0xc7]h[0x11][0xb7]D&m[0xa4][0x15][0x18][0x3][0xe2]}[0xa4]u[0x19][0xb4]m[0xd4][0x1b][0x82]v/@[0x3][0x9a][0xd6]6!j\Z[0xdb][0x84]h6[0xd2][0xda]&[0xc4][0x98][0xf][0xad]mB[0x8c][0xfe][0xd0][0xda]&D7[0x8f][0xd6]6![0xe6][0xe0]il[0x13][0xfa][0x8a][0x13][0x92]g[\n]"
12:44:03.289 [main] DEBUG org.apache.http.wire -  << "[0x89][0xed][0x8e][0x1b]"5[0xac]h[0xed]'D[0xf5]Ck[0x9b][0x10][0x95][\r][0xad]m[0xa2][~2B[0xe4][0xa7][0x1])[0xe1][0x91][0x16][0xbf]P[0xcd]~b[0x1b][0xf][0xa0][0x1d][0xc][0xd0]2[0x9f][0x90][0xdd]8[0xdb][0xc5]x[0xd6][0xc3][0x19]"[0x9d][0xfd]A[0xe3][0xf4][0x82][0xb4][0xa0][0x86][0x90]Oh[0xd1][0x2]7DZSCU[0xfb][0x89]l[0xa6] -K[0xa0][0xaa][0xf5][0xc4]&$[0xa4][0x95][0x9]4[0x8e]h[0xa4][0xa9]qZ[0xdb][0x84]([0x82]h[0xb0][0xd2][0xce][0x10]i[0xf6][0x13][0xb1][0xaf][0x10][0xba][0xcc][0x15][0xd7][0x9][0x1a][0x81][0xa5][0xa0][0xe5]P[0x88]Sf[0x13][0x8b][0x8b]KsS[0xf3]R[0x12][0x15]Jsr[0x12][0xc9][0x9a][0xde]7D[0x9a][0x5][0xa5]q[0x80]"[0xcd]y[0x6][0x4][0x9b]`[0xac][0x9d]((6QHJ,[0x2]-:DZ[0xc8]Gd[0x6][0x18][0xe0][0xf9]NCSD[0x9b][0x96]j[0x19][0x90][0xd8][0xcc][0x87][0xb4]a[0x9f][0x90][0xdd]d[0x95][0xe2][0xa0]]^D[0xd6][0x12]4)[A{gia?[0x91]Ik[0x80]'[0xb0][0xc][0x91]f[0x90][0x8]E/M[0x82][0x1f][0xb4][0x8f][0x98][0xda][0xc1]Ol[0xd2]F[0x9a][0xd3]"[0xe4]w[0xb2][0x92]6[0xd2][0xfe]xB[0xe6][0xd3]&l[0x11][0x1d][0x1f][0xaa][0xda]Od[0xd2][0xa6][0xd5][0xb4][\n]"
12:44:03.289 [main] DEBUG org.apache.http.wire -  << "[0xb1][0xd1][0xb]:[0xc7][0x0][0x9a][0xb4]hQ[0xc5][0x9a]#u`[0x91]v[0x1f][0x81]w[0xc9][0xe0][0xd8]U[0xe5][0x9f][0x9b][0x7]]FW[0x8][0xaa]k[0x93][0xf3][0xf3][0x8a]S[0xb]K[0x13]KJ[0x8b][0x14][0x92][0xf3][0x8b]@[0xa7][0xbb][0x83][0xe]=O[0xca],V(J[0x4][0x9d]"
12:44:03.289 [main] DEBUG org.apache.http.wire -  << "[\r][\n]"
12:44:03.290 [main] DEBUG org.apache.http.wire -  << "194[\r][\n]"
12:44:03.290 [main] DEBUG org.apache.http.wire -  << "J[0x8f]|[0xb2]<[0xd1]K[0xea][0xc][0xcd][0x11][0xd1]N[0xb]#MWQ[0xa1]J[0xc7][0xb3][0xe3][0xca][0x10]ib[\n]"
12:44:03.290 [main] DEBUG org.apache.http.wire -  << "[0xb2]A[0x9][0xba]i[0x8][0xfb][0xd6].[0xc7][0xd2][0x12][0x85][0xd4][0xe2][0x12][0x85][0x9c][0xc4][0xa4][0xfc][0xa2][0xd2]\[0x85][0xe2][0xc4][0x82][0xcc][0xd4][0xbc][0x92]TD[0xd0][0x82]W)[0x82]V1[0x92][0xb3]R[0xd1][0x10]i[0xaa]*/17[0x11][0xb2]h[0x1c][0xb4]1[0x0]u]y6[0xf4][0xc4][0x84]<[0xb4][0xbd]Al[0xb2]E[0x9a][0xb2][0xa2]I[0xf4]![0xda][0x12][0xd0]}[0xe9][0xd0]=d[0xb8]v[0xc0][0x7][0x83][0xd6]x[0xe6]%[0x82][0xf][0xff]O$/[0xe4][0x10][0x3]e[0xc8][0xfb]|[0xa1][0xbb][0xb2][0xb0]o[\n]"
12:44:03.290 [main] DEBUG org.apache.http.wire -  << "[0xf4]K,)-VH-Q([0xce][0xcc]+![0xcf]VD[0xb][0x9b][0xaa][0xa5][0x1f][0xd1][0xf1]8[0xc0]][0xa4]][0xf1]H[[0xe1]`[0x91][0x8d]m[0xe3]]X~NiAIbIj[0xb1]B[0x9][0xa2][0x1b][0x90]Z[0xa2][0x90]Z[\n]"
12:44:03.290 [main] DEBUG org.apache.http.wire -  << "[0x8e]}[0x85]R[0xf0]J_[0xf2]b[0x3]Q([\r]Hl[0xd0]c&[0x14]_YF[0x8b][0x9]J[0xd0]$[0x1a]rj[0xc4]3[0x89]h[0x88]4I[0x9][0xdb][0x82][0x9][0xda]w[0x8b][0xe3]t[0x4]G[0xd0][0xdd]"y[0xe0][0x8a][0x9][0xbe][0xcc][0xbb][0xb0]4S![0xaf]4[0xb7][0xb0][0x94][0xcc][0xae] =[0xa6]1[0xf1][0x86][0x0]F[0xc1][0x7]=O[0x0][0xc7]a[0x99][0x9e][0xb9][0x5][0xa9])[0x99]%[\n]"
12:44:03.290 [main] DEBUG org.apache.http.wire -  << "E[0xa9][0xa0][0xda][0x4]v[0x1][0xc][0xb8][0xe2][0x6][0xd5][0xda][0x99][0xe0][0xdc][0x0][0xef]"[0x83]k[0x1d][0xf2][0xea]k[0xa4][=[0x6]&k [\n]"
12:44:03.290 [main] DEBUG org.apache.http.wire -  << "J[0xc4][0xc6]~h[0xe1][0x8c][0xfd][0xd4]-[0xa4][0xab]h[0x8a]R[0xb]JS2[0x13][0xf3]R[0x12]S)j[0xb4] [0x9d]d@[0xb3]@[0xc0][0x9b]:[0x10][0xad]9[0x9a][0xd9][0x8f]o0[0x13]4[0xf2][0xf]m[0xac][0xe][0x84][0xfd][0xe0][0xd6][0xe5][0x80][0xda]O[0x83][0xf5]u[0xc8]e#f[0xd8][0x3][0x0][0x0][0x0][0xff][0xff]"
12:44:03.290 [main] DEBUG org.apache.http.wire -  << "[\r][\n]"
12:44:03.291 [main] DEBUG org.apache.http.wire -  << "BD0[\r][\n]"
12:44:03.292 [main] DEBUG org.apache.http.wire -  << "[0x82][0xdd][0xc5]dl[0x84]t[0x1c][0x3][0xa1][0xb0]'[0xa7][0x1f]h[0x4]:cz [0xc3][0x16]t[0xf8]>[0xd4]~[0x9a][0xae][0xc2]1[0xa2][0xd5]t>q[0x1d]N#[0xd0][0xd1][0xda]P[0x12][0x8a]GZ[0xf4][0xb7][0x8d][0x90][0xa6][0xd3]if?[0x9e]2[0xcc][0x8]i[0x92][0x9d]f[0xf6][0xe3][0xcb]G[0xa0]K%[0x6]4[0xfc][0x11][0xfd][0x8c][0x81][0xf1]?[0xa2]"[0xa5]B[0xcf][0x18]oH#j+[0x1a][0xdb]D[0xb7])m#[0xa4][2[0xa8][0xe0]'<mq#[0xa4]S[0xe]h[[0x1e][0x1a]![0x9a][0x9c]T[0xf0][0x12][0xbe][0x4][0x81]tA[0x6][0xad]mB$[0xf2][0xcc][0xbc][0x94][0xfc][0xdc]L[0xcc][0xbb]{[0x12][0xb3]K[0x15][0x8a]K[0xb3][0x13][0x15][0x10][\n]"
12:44:03.292 [main] DEBUG org.apache.http.wire -  << "[0xa0]c FD[0x9f][0x9c]`[0x84]4s[0x8e]0[0x6]u[0xa8][0x85]:[0xf6] e[0xa5][0xc4][0xdc][0xe2][0xd2][0xbc]t[0x85]`#c[0x85][0xd0][0x9c][0x92][0xa2]D[0x8c]Y$[0xa4][0xea][0xdf][0xcc][0x80][0xb8][0xf3][0x95][0x8d][0x8d][0x90][0xe6][0xc1]i[0x1c]7H[0xf3][0xd4][0xc1][0x4][0xfd][0xe2][0x9e][0x98][0x93]XQ[0x89][0xf0][0x11][0xb1][0xad]%[0xa4][0xc9]hZ{[0x87]^[0xb]B[0x8c][0x90][0xcf]m [0x18]p[0x88] 3$>[0x11] [0x1d][0xd7]@[0xeb]PCdPZ[0xdb][0x84][0x18][0xe1][0xa2][0xb5]M[0x88]L[0x1a][0x80][0xe3]<[0xf][0xd0]9;)[0xa9][0xc5][0xd9]E[0x99][0x5][0xc5][0x99][0xe4][0xe][0xbe][0x1a]!-u[0xa0]m[0xd5][0x80][0xb4][0xa6][0x81][0xc6][0x16]!:V4[0xb6][0x8][0xb1]P[0x8c][0xc6][0x16]![0x8a][0x5][0xd4][0x93]\A[0x97][0x8e][0xe1][0x98]y[0x9]K-[0x2]_[0xeb][0xb]9[0xc4][0x0]it[0x13]q[0x8b][0xae]BJfz^fqqfn~19C[0x9c]Ft[<b[0x84]th[0x2][0x8d]3[0x1e][0xd2][0xbd][0x14][0xb4][0xb6][0x89]n[0x85][0x9][0xd2][0xc9][0x7][0xb0]Z[0x12]R[0x17]*8[0x1a][0x93]vZ[0xf][0xd1]gn[0x80]o[0x11][0x82]v[0x8d]h0[0xa9]c[0x84][0xb4][0xdc]g@z>H[0xcb]|[0x6][0xc6]~D[0xd9]30[0xf6]#[0x8a][0xa4][0x81][0xb1][0x1f][0xad][0xa3]A[0xbb]s[0xa7][0x8c][0x90][0xd6][0x3]![0x97][0xbe][0xe0][0x13]d[0xb0][0x1e][0x85][0x9][0x9a]f@4[0x99][0x8c][0xcc]A-!b[0xce]N3BZ[0x19][0x84]|[0x1f][0x4][0xd8]&[0xa2][0xe][0xd1][0x86][0x1c]<I[0x9c]][0x88][0xd2][0x7]v&[0xe]d"[0x1f][0xfb][0xa1]8[0xd0][0x99][0x3][0x84][0xb7]L[\r][0x89]<[0xf2][0xdf][0xd8][0x8]t[0x12]([0xb4]([0x80][0xcd][0xc4][0xc0]N[0xaf][0xc5]q[0xc2]:t[0xce][0xe]a[0x9b][0x85][0x9][0xe8]0^[0xe2]<[0x86][0x98]wC[0xdc]"[0x7]9[0xba][0x16]GU[0x9]]%[0x88][0xb0][0xcd][0xc4][0x14]4[0x80]H[0x94]mHG[0x1d]@f[0xec][0xc1][0x91][0x85]5Y@[0xe6][0xf2][0x11][0xb6][0x18][0x81][0xd7],[0x12]g[0xb][0xa2]I[0x83]|[0xb8]8[0xc4]D\[0xab][0x1b]Q[0x93][0xa1][0xa9]%h:[0x8a]8[0xdb][0x10]e[0xb][0xfc]z[0x1c]h[0x18]a[0xbd][0xb6][0x6][0x12][0xb8][0x8][0x8f][0x19][0x83][0xab]k[0xe2][0xac]B[0x14]#[0xc8]y[0xb][0xea]1[0xec]I[0x11]rj0[0x92]u[0x16][0xa0][0xc2][0x98]8[0xeb][0x10][0xe3]ep[0x9f][0xe1][0xb5][0xb]rd0[0xc2].3[0xa2][0xcf][0xea]5"a[0xad][0x15]M[0xc6]f[0x7]x-[0x96][0x91][0x19]"[0x1f][0x82][0x1b]R4,[0xa1]A%[0x11][0xb4][0x80][0x19][0x90][0xca]h[0x80][0x8f]J0[0xa2][0xc5]Q[0x9][0xe8]S[0xed][0xf8][0xc6][0xe2]H8.[0x81]&I}[0x80][0x8f]S0[0x1a][0xe0]uF[0xe8][0xb][0xd4]h[0x98][0xd5][0x90]W[0xa8][0xd1][0xf4][0xf0]g#[0xa4]Ua[0xb4].?,[0xd0][0x1a][0x93]4[0xdb][0xc5]fdA[0xb7][0xa1]*[0xa4][0xfb]H[0xc0][0xc1]GC?[0xa1][0x15][0xf4][0xb4][0xb3][0x9]iI[0x11]b[0xdd][0x6][0xb4][0xad][0x88][0xab][0x15][0xe4]X[0x94][0x9c][0x91]Y[0x92][0x9a]\[0x92][0xaf][0x0][[0xd1]R[0xc]Z[0xdf][0x97][0xf]^[0x99][0x9a]ZL[0xd6]R;#[0xa4][0xc5]E[0xe0][0xd0][0xa5]a[0x8e][0x3]5[0xdb][0xa0][0x95][0x1b][0xc2][0xd3][0xd0]ke[0xb0][0xaf][0xb][0xf5][0xcb][0xcc][0xc8][0xcc]QHM[0x4]-[0xe]%k\[0xc7][0x92]n[0xf9][0xc1][0x92]n[0xf9][0x1]i[0xb9][0x9]M[0x7][0xeb][0x8c][0x91]NO[0x80][\r][0xb6]8faN[0xac][0xe0];[0x13][0x99][0xe8]Q[0x16]c[0xa4][0x85][0x1c][0xe0]tH[0xb3][0xbc]g[0x8c]|[0xf5][0x4]M[0xb]~c[0xa4]E[\r]4[0xf6][0x13][0xd2][0xf4]=[0xad]mB[0xc][0xe7][0xd3][0xd8]&[0xea]N*[0xe3]i[0xf5][0x19][0x83]n=[0x82][0x16]L[0xc8][0x9d]Rx[0xd7][0x1e][0xdb][0x15]9~[0xa9][0x85][0xa5][0xa9][\n]"
12:44:03.292 [main] DEBUG org.apache.http.wire -  << "e[0x90]e[0xb7][0xc5][0xa0][0x2]J!3[0x5]Z0#[0xef][0xb7][0x3][0x8d][0x84][0x10][0xd3][0xa3]3F[0x9a]4[0xa5]q[0xc0][0xd2]m[0xf3][0xad]1[0xe8][0xd6] h[0xc0][0xd2][0xda]O[0xf4]*[0xe8][0xc1]7[0xa7][0xd0][0xc7]OH[0xf3]L4[0xe]=[0xa4][0xe9][0x8f][0xc1]sn[0x9f]1[0xd2][0x4][0xc6]`r[0x15]b[0xb8]q0[0xb9][\n]"
12:44:03.292 [main] DEBUG org.apache.http.wire -  << "Q,[0xf]&WY[0xea](A[0xf3][0xca]`[0xb9][0xdf][0xd0][0xd8][0x18]4[0xc6]6[0xf8][0x1c][0x85][0x18]>[0x1c]D![0x85][0x18]d[0xa4]q[0x1][0x84]4[0xb0]Nc[0x9b][0x90]N[0xd4][0xa5][0xb5]Mt[0xab][0x92][0x90][0x6]h=[0x2][0x14]r3K[0xf2]1V?[0x81][0x1b][0xe9]%[0xa9]EI[0x89][0xc8][0x17][0xe2][0x98][0x82]t[0x12][0xd5]:[0x19][0xe0]1Xc[0xa4]1X[0xaa][\r][0x8c][0x12][0xb9]j[0xca][0x98][0x84]AY[0xc4][0xf8]:h[0xd4][0x91][0xb8][0xb5][0xcf][0xc6][0x3]<[0xe8]jL[0xab]AWb[0xbd][0x8f][0xc8]'T[0x8b]ZP[0xe8][0x13][0x1d][0xbd][0x88][0x9e];[0xcd][0xec][0xc7][0xb3][0xf4][0x1b]|g;[0xb4]>[0xa2][0x99][0xfd][0xf8]z?H[0x9b][0xa1][0x7][0xc6]~D#a@[0xec]G[0x1a]s[0x1e][0x18][0xfb][0x11]S[0xa2][0x3]c?b[0x92]t`[0xec]G4}[0x6][0xc6]~D[0xf9]C[0xab][0xda][0x13]i[0x8]{[0xf0][0xb4][0xee],[0x10][0xf9][0x8e][\n]"
12:44:03.293 [main] DEBUG org.apache.http.wire -  << "-!c[0x1d]%g[0xe8][0xf6][0xf9][0xd4]b%+[0xe4]MZ[0xc6]H[0x1b]x[0x7][0x8f][0xf7][0x91][0x6][0xbe][0xa1][0xeb]R[0x15]\s[0x12][0xb1]\[0x98][0xe][0xba][0xf8][0x11][0xbc]?[0x12],[0x7]][\r][0xf][0x1a][0x84][0x85]7[0x9c][0xf0][0xfa][0x1d][0x91][0xba]i[0xb0]z[0xcc][0x18]i[0x80][0xdb][0xad][0xb4](/[0xb3][0xa4][0xb4](U!$[0x1f][0xf3]V[[0x84]lJbQ[0xa6][0x82]WjA"x[0x91]<[0xd4]?[0x86][0xa0];[0xe0][0x1e][0xc2]W][0xd0]m[0xa0][0xdb][0x4][0xe9][0xf4]`*$P<~2A[0x1a][0xe9]F[0x84][0x13]-C[0xd1][0x4]i_![0xad][0xfd][0x86]([0xde][0x10][0xab][0x88] +Op[0xac]"r[0xcc][0xc9]L,VH+MOT(E[0x9e]T[0x2][0x1f][0xe7]LL[0x1a]11@[0x8c][0x91]x[0x16]d[0xe4][0xe7][0xa5]*[0x18][0x1a]*[0x98][0x99]([0xa4]'a[0xef][0x98]d$[0x82][0xe]OQ@[0xbf]/[0x96][0xe8][0xd9][0x3][0x13][0xd0][0x86][0xe]h[0x1b][\n]"
12:44:03.293 [main] DEBUG org.apache.http.wire -  << "f[0xa1][0x11]M-D[0x1a][0xda][0x87]YH[[0x1f]"[0x9d]7L'[0xb][0x11][0x5][0x17][0x8d]S[0xa8]![0xc6]0[0x83]9[0x8d][0x92][0x89]!"][0x6]$[0xe6]$[0xfa][0xe4][0xfb][0xe0][0x99][0xce][0xc2][0x92][0x1a]A[0xe3][0xd9][0xf0][0xc][0x80]g[0x9b][0x9a][0x9]moa6[0x1]-[0xea][0x83]&w[0x1a]T*&H[0x1b][0x7][0x9d][0x8a][0x12][0x93]SsR1[0xef]`[0xf5]MLIU[0xc8]OS[0xc8][0xc8]L[0xcf]P(,M[0xcc][0xc9],[0xa9]T(HM,[0xca])Ft[0x82][0x8d]@&[0xc1][0x3][0xc]_[0x9][0x8c]t(.M|[0x84]h[0xe3][0xd2][0xc4]xD^[0xa1][[0x80]![0x8a]u[0xba]Y[0x89][0xc8][0xa7][0xd4][0xb4][0x12]_>B[0x9a][0x99][0xa3][0xa6][0x95]xS"[0xa2][0x8c][0xa0]q[0xb9][0x87][0xb4][0xb9][0x90]F[0x1d][0xf][0x13][0xa4][0xa9]>Z[0x86]_[0xb5][0x92][0xa7][0x8b][0x92][0x95][0xa1][0x91][0x5]RQ[0xee][0x98][0x9c][0x9c]Z\[0x9c]_[0x94][0x99][\n]"
12:44:03.293 [main] DEBUG org.apache.http.wire -  << "*[0x10]Pw[0x96][0xe4]+[0xa4][0xe6]e$[0xe6]%[0xa7]*$[0x16][0x80][\n]"
12:44:03.293 [main] DEBUG org.apache.http.wire -  << "[\r][0x10]S[0xa9][0x16][0xe9]`[0x7][0x13][0xa4][0xfd][0x90][0xc5][0xa9][0x5][0xa9])[0x98][0x5]ubf%H[0x10][0xda][0x80][0x5][0xef][0xa3] [0xaa][0xa8]A[0xda][0x4]I[0xcb]0A[0xf1][0xc][0xa2]|[0xa0][0xb6]g[0xe8]_[0xc][0x80]6[0x1]@+[0x9f]`p[0xcc]([0xf8]d[0x16][0x97][0x14][0x81][0xc7][0x95]Q[0xa3][0x19]*[0x9d][0x3][0x91]V[0xc8]KOM*[0x5][0xd5]$[0xa4]G[0x19]b[0x88][0xe]j&[0xd4]J[0x5][0xa7][0xc4][0x9c]D[0xcc][0xce][0xe]T[0x11][0xaa][0xc5][\n]"
12:44:03.293 [main] DEBUG org.apache.http.wire -  << "I[0x89]y[0xe9][0xe0][0x9a][0xc]j[0xbf])h[0xeb][\r]qI[0x6]Q&[0xd0]-[0xc9] &[0xf4][0xe8]f%b@[0x80]^V"MqCO[0xb4][0x83][0xf6]L[0xb0]-[0xb9][0x8]-QH-*[0xca]/R(JM.-[0x86][0x9c][T[0x90][0xf][0xda][0xf5]WZ[0xac][0x90][0x9b][0x9f][0x3][0xba]5>1[0x15]tH[0xa0]B&[0xe4][0x0]([0xa4]5c[0xc4]w^[0x90].[0xb3]Ft[0x98]|2[0xf3]R[0xf3][0x14][0x9c][0xf2]KJr07[0xcd][0x83][0x8e]/,H-*.[0xc8]L[0xce]L,[0xc9],[0x86].[0x3]QH[0xc9]L.IT([0xc8]/*[0xca]W[0xc8],(.[0xcd]UHE>[0x85][0x8f][0x4]'![0x9a]/t[0x8b][0x19]D[0x91][0x5][0xd9][0xe][0x2][0x9][0x1][0xf7][0x9c][0xfc]2,[0x5][0xba]ZZfrff[0xb1][0x2][0xf2][0xb9][0x98][0x89]y[0x99][0xb9][0x99][0xf0][0x88])[0x86]-[0x96])IUHI[0xcd]I[0xcd][0xcb],[0xc9]$/~[0xe8]_[0xe4]!m[0xda]t[0xcf]/JO[0xcd]/-V[0x80][0xed][0xb6]H,[0xc2][0xe8][0xac][0xf8][0x83][0xce][0x1e][0x3][0xaf][0xd1],[0xcd][0x5][0xdd][0xaf][\r]M[0x2][0xe0]s[0xc6]2[0xf3][0x8b]![0xe7]1*$[0xe6]d[0x16][0x96]f[0xa6]([0x14]g[0x92][0xd7][0xc9]FZ[0x1e][0x81]H[0xa7][0xb0][0xdd]-[0xce][0xf9][0x89][0xa0][0x92][0x16][0xb5]<v-[0x1][0xf5][0xea]3[0x13]K[0x14] kFs3[0xf3]2s[0x13]a'[0xc3])[0x14][0x97][0x16]'g[0x16][0x90][0xeb][0x1a]D[0x11][0x89][0xbc][0xe3]+<??G!8#[0xb3][0x8][0xab]k@g~B[0x97]P[0x95]d&[0x95][0x16]+[0x14][0xe4]$&[0xa7]&[0x96]([0xa4][0x92][0x19]$[0x88]B[0x93][0xc6]m7P[0xd5][0x1][0xad][0x4][0x15]0[0xe2][0x1f]<[0xd9]J[0xf1][0x98][0x6][0xd2][0xa9][0xe8]dy[0x86][0xc8][0xf9]/[0x13][0xa4][0x13][0xd2][0xc9][0xb2][0x87][0xf8]Q[0x1a][0xa4][0xb3][0xd0][0xe9]U[0x8c]!my[0xa4][0x9b][0x95][0x88][0xc6][\n]"
12:44:03.293 [main] DEBUG org.apache.http.wire -  << "[0xdd][0xac]Dd>[0xba]YI[0xbf][0xac][0x86]h[0x96][0xd0]8}"o[0x81][0x84][0xac][0xc][0xc6][0xbc][0xc0][0x16]_[0xde]6A[0x99][0x15]@[0xef]d[0xc2]:I[0xa6]H[\r][0xc][0xf7][0xc4][0xdc]L[0xf0][0xb4][0x2]jA[0xed][0x96]_[0xa4][0x0]Y[0xdb][0xad]PPZT[0x90]_[0x9c]Z[0x8c][0xda];[0xa2][0xdb]*[0x16][0x13][0xa4][[0xa0]i[0x1d][0xfa]H-[0xe]H[0xe8][0x9b][0xd2][0xa8]d5C[0xb4] h[0xed]'[0xc4][0x90][0x9][0xad]mB[0x94]:P[0x9b][0x6]m[0xda]E[0x14]V8][0x8a][0x18]B[0xc4]W[0x8b]Q5Ga[0x94]g[0x83]6[0xfc]0[0xca]CL[0x97][0xd2]?[0xfc][0x90][0x16]IAc[0x95]V[0xb9][0x17]i[0xb9][0x94]_bq[0xa6][0x82]Kbi[0x9e][0x82]WjQ)[0xe6][0x81][0xee]`[0xf9][0xf2][0xd4][0xbc][0xc4][0xec]l[0x85][0x92][0xd4][0xbc][0xc4]<[0x85][0xdc][0xd2][0xa2][0xdc]TP[0x8b][0x1d]:[0x6]`h[0x89][0xff]X3X[0x12][0xb3]@:[0xe4]69?[0xaf]$?C7[0x19]1[0xdd][0xad][0xa3][0x84]V~'[0x16]gd[0xe6][0xe7]%&[0xe5][0xa4][0xa2][0x96][0xdb]HK[0xad][0xc0]nC[0xb8]]![0xb1]21W!=[0xbf]([0x15]K}[0x0]VK% [0xd2]9a`[0xaa]@[0x19][0xa3]C[0xda]-K[0xeb]8[0xa7][9[0x8a]t[0xf3][0x4][0xad][0xfd][0x84][0x91][0x8f]i[0x95]c[0xe8][0xb6][0xd5][0xd5][0x4]i[0xab]+[0xc1]e[0xe8][0xf4]*[0xd9][0x91][0xf6][0xc4][0xe2]p[0x13][0xa2][0xb9][0x85](7[0xe9][0xd7][0x96]C:[0xec]p[0xba][0x8f]n[0xe9][0x14]iW,[0x8e][0x90][0x18][0x88][0xf8]AZ(4[0x98]\E[0xb7][0xd6]2[0xd2][0x12]#[0xec][0xab][0xb7][0x6]6[0xfb] [0xad]G[0xc2][0xee][0xbc][0x1]I3[0x88]Z[0x16][0xbb][0xa3][0x6]4[0xcc]L[0x91]VVaw[0xde][0x0][0x84][0x99])[0xd2]",[0xda][0xd6][0xbc][0xa6]H[0x8b][0xaf][0xb0]{[0x80]c[0x7][0xd1][0xd8][0xc1][0xee][0xbc][0x1][0x89][0x1d][0x8c][0xfe]%[0x8d]Z+[0xe0]s[0x89][0xa0]C[0xab][0xd8][0xbd]?[0xb0][0xb1][0x83][0xb4][0xf2][0xb][0xbb][0xf3][0x6]"v[0x90]V[0x87]aw[0xd4][0x0][0x87][0x19][0xa2][0xb2][0xc2][0xee][0xbc][0x1][0x9]3z[0x8d][0x2][0x99]"[0xad][0x8a][0xa0]q[0xc9]fH[0xb7]\[0x8a][0xb4][0x94][0x8e][0xd6]~B[0xd4][0xa5]4[0xb6][0x9][0xb4]Z[\r]Z[0xf2][0xd0][0xda]&[0xc4][0x84].[0xad]m[0xa2][*[0xa7][0xdb]9[0xf6][0xa6]H[0xab][0xc2]h[0x1d]z[0x18]c[0x95][0xb4][0xaa][0xf5][0x90]n{[0xa7][0xb5][0x9f][0xe8][0xd5][0x9f]3EZ}Fc?![0xad][0x16][0xa3][0xb5]M[0x88][0x9c][0x8b][0xbd]*[0x1b][0xd8][0x9a][0xd6][0x18][0x91][0xdd][0xb1];o jZ[0xe4][0x15]c4[0x9d][0xd9]15[0xa6][[0xfd]g[0x8c]([0x19]<[0x2][0x14][0x9c][0xf3][0x8b]R[0x15]2[0x15]0[0xb][0x87][0x9c][0xd4][0x82][0x92][0xfc][0x2][0x5][0x8c][0x9d][0xd7][0x96] @[0xdc][0x6]YSc[0xba]U[0x80]H[0xcb][0xb1][0xe8][0xb6][0x15][0xf]6[0xc2]n[0x8a]t[0x3][0x15]|[0x13][0xe][0xc6][0x4]`[0x1a][0xb6][0x99]Q[0xd8]u`F[0xa6][0x6][0x88][0xae][0x13][0x89]f -[0xd7]D[0x9e][0xa0][0xa5]Z0[0x10]5[0xda]9[0x88][0x82][0x0]Q[0xcc][0x11][\n]"
12:44:03.294 [main] DEBUG org.apache.http.wire -  << "[0x2]D[0x89][0x2][0xda]u[0x8d]'M[0xf][0xc6][0x98]FtL[0x8]y[0x93][0x16][0xe7]}[0x9a]"[0x1d][0xbc]CU[0xfb]i[0x1b][0xb](y[0x5]Q[0xe2]R[0xd5][0x7]C-[0xbf] [0xca]h[0x9a][0x5][0x3][0xfa]![0x2][0x83]1?![0xda][0x96]4[0xb][0x6][0x9c][0xeb]j[0x6]O[0xe9][0x89][0xb4]:pD[0x7][0xc3][0x0][0x9c]l0[0x8]3[0x5][0xd2]B[0xce][0x11][0x9d][0x1a][0x6][0xa0][0xae][0x1d][0x8c][0xa9][0x1][0xd1]C[0x1b][0xd1][0xa9][0x1][0xd1]R[0x1f][0xd1][0xc1][0x80]h>[0xc1][0x6].LM1[0xbb][0x91][0xf8]V[0x9d][0x12][0xbd][0xfe][0xda][0xd4][0x14][0xd1]g[0xa5][0xee]64S[0xa4][0xf3][0xdb]<[0xf3]JRsr2[0xd3]S[0xf3]J[0x14][0x82]KRSA[0xcb][0xff][0xf3][0xb1]l[0x19][0xf1]L[0x1]m[0x1b].[0xce]T[0x0][0xdd]U_[0xac][0x0][0xbe][0x9c][0xbd][0xb0]4[0xb1][0x98][0x94]M![0xb1][0xb5]\[0x0][0x0][0x0][0x0][0xff][0xff]"
12:44:03.294 [main] DEBUG org.apache.http.wire -  << "[\r][\n]"
12:44:03.294 [main] DEBUG org.apache.http.wire -  << "A[\r][\n]"
12:44:03.294 [main] DEBUG org.apache.http.wire -  << "[0x3][0x0]\[0x6][0xcb]^A[0xe4][0x0][0x0]"
12:44:03.295 [main] DEBUG org.apache.http.wire -  << "[\r][\n]"
12:44:03.295 [main] DEBUG org.apache.http.wire -  << "0[\r][\n]"
12:44:03.295 [main] DEBUG org.apache.http.wire -  << "[\r][\n]"
12:44:03.295 [main] DEBUG io.restassured.internal.RestAssuredHttpBuilder - Parsed data to instance of: class org.apache.http.conn.EofSensorInputStream
12:44:03.300 [main] DEBUG org.apache.http.impl.conn.BasicClientConnectionManager - Releasing connection org.apache.http.impl.conn.ManagedClientConnectionImpl@6334c0d8
12:44:03.300 [main] DEBUG org.apache.http.impl.conn.BasicClientConnectionManager - Connection can be kept alive indefinitely
12:44:03.341 [main] DEBUG net.thucydides.core.steps.StepInterceptor - STEP DONE: I send HTTP GET request
  &amp#27;[32mWhen &amp#27;[0m&amp#27;[32mI send GET HTTP request&amp#27;[0m                      &amp#27;[90m# starter.stepdefinitions.UserSteps.iSendGETHTTPRequest()&amp#27;[0m
12:44:03.358 [main] DEBUG net.thucydides.core.steps.StepInterceptor - STARTING STEP: UserSteps.iReceiveValidHTTPResponseCode - I receive valids HTTP response code 200
12:44:03.363 [main] DEBUG net.thucydides.core.steps.StepInterceptor - STEP DONE: I receive valids HTTP response code 200
  &amp#27;[32mThen &amp#27;[0m&amp#27;[32mI receive valid HTTP response code 200&amp#27;[0m       &amp#27;[90m# starter.stepdefinitions.UserSteps.iReceiveValidHTTPResponseCode()&amp#27;[0m
12:44:03.371 [main] DEBUG net.thucydides.core.steps.StepInterceptor - STARTING STEP: UserSteps.iReceiveValidDataForProductComments - I receive valid data for product comments
12:44:03.417 [Finalizer] DEBUG org.apache.http.impl.conn.DefaultClientConnection - Connection 0.0.0.0:65159<->149.248.193.56:443 closed
12:44:03.422 [Finalizer] DEBUG org.apache.http.impl.conn.DefaultClientConnection - Connection 0.0.0.0:65160<->149.248.193.56:443 closed
12:44:03.548 [main] DEBUG net.thucydides.core.steps.StepInterceptor - STEP DONE: I receive valid data for product comments
  &amp#27;[32mAnd &amp#27;[0m&amp#27;[32mI receive valid data for product comments&amp#27;[0m     &amp#27;[90m# starter.stepdefinitions.UserSteps.iReceiveValidDataForProductComments()&amp#27;[0m
12:44:03.555 [main] INFO  - 
  _____   ___   ___   _____     ___     _     ___   ___   ___   ___  
 |_   _| | __| / __| |_   _|   | _ \   /_\   / __| / __| | __| |   \ 
   | |   | _|  \__ \   | |     |  _/  / _ \  \__ \ \__ \ | _|  | |) |
   |_|   |___| |___/   |_|     |_|   /_/ \_\ |___/ |___/ |___| |___/ 

GET - As admin I can get product comments
----------------------------------------------------------------------
]]></system-out>
  </testcase>
  <testcase name="GET - As admin I cannot get product comments" classname="User" time="0.475">
    <system-out><![CDATA[
@TC-0016
Scenario: GET - As admin I cannot get product comments     &amp#27;[90m# src/test/resources/api/user.feature:54&amp#27;[0m
12:44:03.579 [main] INFO io.cucumber.core.plugin.SerenityReporter - Running feature from file:///C:/Users/Lenovo/IdeaProjects/MiniProject/MiniprojectApi/src/test/resources/api/user.feature
12:44:03.579 [main] WARN io.cucumber.core.plugin.SerenityReporter - Feature from file:///C:/Users/Lenovo/IdeaProjects/MiniProject/MiniprojectApi/src/test/resources/api/user.feature is not under the 'features' directory. Requirements report will not be correctly generated!
12:44:03.582 [main] INFO  - 
  _____   ___   ___   _____     ___   _____     _     ___   _____   ___   ___  
 |_   _| | __| / __| |_   _|   / __| |_   _|   /_\   | _ \ |_   _| | __| |   \ 
   | |   | _|  \__ \   | |     \__ \   | |    / _ \  |   /   | |   | _|  | |) |
   |_|   |___| |___/   |_|     |___/   |_|   /_/ \_\ |_|_\   |_|   |___| |___/ 

GET - As admin I cannot get product comments(user;get---as-admin-i-cannot-get-product-comments)
--------------------------------------------------------------------------------
12:44:03.609 [Finalizer] DEBUG org.apache.http.impl.conn.DefaultClientConnection - Connection 0.0.0.0:65155<->149.248.193.56:443 closed
12:44:03.690 [main] DEBUG net.thucydides.core.steps.StepInterceptor - STARTING STEP: UserSteps.iSetUnmatchedGETApiEndpointsProductComments - I set unmatched GET api endpoints product comments
12:44:03.691 [main] DEBUG net.thucydides.core.steps.StepInterceptor - STEP DONE: I set unmatched GET api endpoints product comments
  &amp#27;[32mGiven &amp#27;[0m&amp#27;[32mI set unmatched GET api endpoints product comments&amp#27;[0m &amp#27;[90m# starter.stepdefinitions.UserSteps.iSetUnmatchedGETApiEndpointsProductComments()&amp#27;[0m
12:44:03.695 [main] DEBUG net.thucydides.core.steps.StepInterceptor - STARTING STEP: UserSteps.iSendGETHTTPRequest - I send HTTP GET request
12:44:03.697 [main] DEBUG net.thucydides.core.steps.StepInterceptor - STARTING STEP: GetAllProduct.iSendGETHTTPRequest - I set the GET api endpoints
12:44:03.697 [main] DEBUG net.thucydides.core.steps.StepInterceptor - STEP DONE: I set the GET api endpoints
12:44:03.717 [main] DEBUG org.apache.http.impl.conn.BasicClientConnectionManager - Get connection for route {s}->https://altashop-api.fly.dev:443
12:44:03.717 [main] DEBUG org.apache.http.impl.conn.DefaultClientConnectionOperator - Connecting to altashop-api.fly.dev:443
12:44:03.796 [main] DEBUG org.apache.http.client.protocol.RequestAddCookies - CookieSpec selected: ignoreCookies
12:44:03.796 [main] DEBUG org.apache.http.client.protocol.RequestAuthCache - Auth cache not set in the context
12:44:03.796 [main] DEBUG org.apache.http.client.protocol.RequestTargetAuthentication - Target auth state: UNCHALLENGED
12:44:03.796 [main] DEBUG org.apache.http.client.protocol.RequestProxyAuthentication - Proxy auth state: UNCHALLENGED
12:44:03.796 [main] DEBUG org.apache.http.impl.client.DefaultHttpClient - Attempt 1 to execute request
12:44:03.796 [main] DEBUG org.apache.http.impl.conn.DefaultClientConnection - Sending request: GET /api/products HTTP/1.1
12:44:03.796 [main] DEBUG org.apache.http.wire -  >> "GET /api/products HTTP/1.1[\r][\n]"
12:44:03.796 [main] DEBUG org.apache.http.wire -  >> "Accept: */*[\r][\n]"
12:44:03.796 [main] DEBUG org.apache.http.wire -  >> "Host: altashop-api.fly.dev[\r][\n]"
12:44:03.796 [main] DEBUG org.apache.http.wire -  >> "Connection: Keep-Alive[\r][\n]"
12:44:03.796 [main] DEBUG org.apache.http.wire -  >> "User-Agent: Apache-HttpClient/4.5.13 (Java/14.0.2)[\r][\n]"
12:44:03.796 [main] DEBUG org.apache.http.wire -  >> "Accept-Encoding: gzip,deflate[\r][\n]"
12:44:03.796 [main] DEBUG org.apache.http.wire -  >> "[\r][\n]"
12:44:03.796 [main] DEBUG org.apache.http.headers - >> GET /api/products HTTP/1.1
12:44:03.796 [main] DEBUG org.apache.http.headers - >> Accept: */*
12:44:03.797 [main] DEBUG org.apache.http.headers - >> Host: altashop-api.fly.dev
12:44:03.797 [main] DEBUG org.apache.http.headers - >> Connection: Keep-Alive
12:44:03.797 [main] DEBUG org.apache.http.headers - >> User-Agent: Apache-HttpClient/4.5.13 (Java/14.0.2)
12:44:03.797 [main] DEBUG org.apache.http.headers - >> Accept-Encoding: gzip,deflate
12:44:03.970 [main] DEBUG org.apache.http.wire -  << "HTTP/1.1 200 OK[\r][\n]"
12:44:03.971 [main] DEBUG org.apache.http.wire -  << "content-type: application/json[\r][\n]"
12:44:03.971 [main] DEBUG org.apache.http.wire -  << "date: Sat, 06 May 2023 05:52:50 GMT[\r][\n]"
12:44:03.971 [main] DEBUG org.apache.http.wire -  << "transfer-encoding: chunked[\r][\n]"
12:44:03.971 [main] DEBUG org.apache.http.wire -  << "content-encoding: gzip[\r][\n]"
12:44:03.971 [main] DEBUG org.apache.http.wire -  << "server: Fly/3f2597ca (2023-05-03)[\r][\n]"
12:44:03.971 [main] DEBUG org.apache.http.wire -  << "via: 1.1 fly.io[\r][\n]"
12:44:03.971 [main] DEBUG org.apache.http.wire -  << "fly-request-id: 01GZQSXEVYE7E6FCKCJA6G3TEV-sin[\r][\n]"
12:44:03.971 [main] DEBUG org.apache.http.wire -  << "[\r][\n]"
12:44:03.971 [main] DEBUG org.apache.http.impl.conn.DefaultClientConnection - Receiving response: HTTP/1.1 200 OK
12:44:03.971 [main] DEBUG org.apache.http.headers - << HTTP/1.1 200 OK
12:44:03.971 [main] DEBUG org.apache.http.headers - << content-type: application/json
12:44:03.971 [main] DEBUG org.apache.http.headers - << date: Sat, 06 May 2023 05:52:50 GMT
12:44:03.971 [main] DEBUG org.apache.http.headers - << transfer-encoding: chunked
12:44:03.971 [main] DEBUG org.apache.http.headers - << content-encoding: gzip
12:44:03.971 [main] DEBUG org.apache.http.headers - << server: Fly/3f2597ca (2023-05-03)
12:44:03.971 [main] DEBUG org.apache.http.headers - << via: 1.1 fly.io
12:44:03.971 [main] DEBUG org.apache.http.headers - << fly-request-id: 01GZQSXEVYE7E6FCKCJA6G3TEV-sin
12:44:03.971 [main] DEBUG org.apache.http.impl.client.DefaultHttpClient - Connection can be kept alive indefinitely
12:44:03.971 [main] DEBUG io.restassured.internal.RestAssuredHttpBuilder - Parsing response as: application/json
12:44:03.971 [main] DEBUG org.apache.http.wire -  << "331[\r][\n]"
12:44:03.972 [main] DEBUG org.apache.http.wire -  << "[0x1f][0x8b][0x8][0x0][0x0][0x0][0x0][0x0][0x4][0xff][0xaa]VJI,IT[0xb2][0x8a][0xae]V[0xf2]tQ[0xb2]24[0xb2][0xb0]0[0xd7]Q[0xf2]K[0xcc]MU[0xb2]Rr[0xcd][0xcb]/[0xca][0xcd]/-Vp[0xce]/)[0xc9][0xcf]Sp[0xce][0xcf]-(-I-R[0xd2]QrI-N.[0xca],([0xc9][0xcc][0xcf]S[0xb2]R[\n]"
12:44:03.972 [main] DEBUG org.apache.http.wire -  << "-Q[0xc8]KMN-.[0xce],I,[0xc9]L*-V([0xcb],ILU[0xc8],-JUH[0xc9][0xcf][0xc9]/J-V(J-H[0xcd][0xc9]I[0xcd]K)-V([0xce][0xcc][0xcd][0xcc][0xc9],,M[0xd5]S[0xd2]Q[\n]"
12:44:03.972 [main] DEBUG org.apache.http.wire -  << "([0xca]LNU[0xb2][0xb2]4[0xd4]Q[\n]"
12:44:03.972 [main] DEBUG org.apache.http.wire -  << "J,[0xc9][0xcc]K/V[0xb2]2[0xd1]QrN,IM[0xcf]/[0xca]L-V[0xb2][0x8a][0x8e][0xad][0xd5]A[0xb8][0xd0][0x2][0xee][0xc2][0x80][0xa2][0xc4][0xe4][0x92][0xcc][0xe4][0xc4][0x1c][0x5][0xdf][0xc4][0xa2][0xa4][0x9c]T[0x85][0x90][0xc4][0xa4][0x9c]T[0xc][0xf7][0x85][0xa4][0xe6][0x16][0xe4][0x17][0x81][0x1d]V\[0x9a]W[0xa2][0x90]X\[0x90]Z[0x94][0x9]r[0x15][0x92][0xfd][0x16]FH[0xf6][0x1b][0xe3][0xb3][0xdf][0x12]nPiqIf[0xb2][0x82]{Qb^fI[0xaa]BpF~j1[0xa6][0xed][0xf9]%[0x89][0xb9][\n]"
12:44:03.972 [main] DEBUG org.apache.http.wire -  << "[0x85][0xa5] [0xfb]S[0x12]s[0x15][0xca]Rs[0x90][0xac]51#[0xd2]ZK[0x3][0xb8][0xb5][0xc1][0xf9]y[0x95][\n]"
12:44:03.972 [main] DEBUG org.apache.http.wire -  << "[0x1][0xc1][0xa6][0x18]V[0x15][0xe4]$V*d$[0x16]+[0xe4][0xe5]+[0xe4]d[0xe6]f[0x96][0x80]\[0x3][\r]_#KK$[0x9b][0xf0][0x5][0xb0][0xa5][0x11][0xdd]l2[0xa6][0xa6]M[0x86]x"[0xcd][0xd2][0x94]n6[0x99][0xc1]mr-J[0xcf][0xcf][0xcb][0xcf][0xcd]LV[0x8][0xcf][0xcf]OI[0xcd]Sp[0xcf][0xc9]/[0xc3][0x92]B[0x82]3s[0xb2][0x11][0x19][0xc1][0xd8][0xd2][0x18]9M[0x98][0xe2][0xf3][0x15]"[0xb3][0xba][0xe7][0x17][0xa5][0xa7][0x82]2+[0xc8]0\[0x16]A22[0xc2]*3[0xb]Cc[0xa4]Da[0x80][0xcf]*D[0xae]sL-[0xca]O[0xa9][0xcc]K[0x4]y[0xc][0x9a][0xef][0x82]32[0x8b]J0[0x92][0xa3]gQ~[0x1e][0xc2]2[0xb][0x13]S[0xe4],[0x86][0xd7]_[0x88],[0xe6]RZ[0x4][0xca][0xd3][0xf0]<[0xe6][0x94][0x98][0x8e]a[0x8f]s~^rQj[0x9]([0xe3]C[0x13][0xbb][0xb1][0x85][0xa1][0x1][0x92][0xc7][0xf0][0xa4]vK[0x3]D[0xbe][0x82][0x87]a@bAj[0x11][0xee][0xf2][0xe][0x12][0x9b][0x8][0x9f][0x99][Z[0x98][0x10]k[0x1b]U[0xf3][0x16][0x9e][0x8][0xb3]40[0x81][0xa7]C*[0x94][0x17]xb[0xcb][0xd2][0x80][0xaa]y[0xb][0xaf][0x9f][0x10][0x89][0xd0]#5[0xb1][0xac]R[0xc1][0xa5][0xb4][0xa4]R![0xb8]$55G[0xc1]#[0x11]3[0x1][0xa2]G[0x94][0x99][0x81][0xa9]9RD[0xe1][0xb5][\n]"
12:44:03.972 [main] DEBUG org.apache.http.wire -  << "3[0x9]BSEFb&f[0x15][0x8]v[0x3]"E[0x98][0x99][0x1a]"Wg[0xf8],[0x2]%Th[0x85][0xeb]X[0x9e]Z[0x9c][0x9f][0x9b][0xaa][0xe0][0x93][0x9a]X[0x92][0x1]J[0x80]9[0xf9][0xc9][0xa0][0x82][0x1][0xb5][0xb6]E[0xcd]U[0xe6][0x86][0x16]DfaK[0x90][0x93][0xa0]6[0xc1][0xab]v[0xa7][0xa2][0xfc][0xbc][0xaa]T[0xdc]I=[0xa8]4)[0x9]\[0xe3]C3[0x96][0x5][0xd1]%[0x86][0xa5]!"[0xa9]C[0xeb]I[0x9f][0xcc][0xbc][0xd4]<[0x85][0x80][0x9c]DpVE[0xf5][0x15][0xba]E[0xc6][0x86]&[0xa6]DF[0x15][0xa8][0xc][0x83][0xfa][0xcb]75%3?[0xb9][0x8][0xe4]!H[0x91][0xa0][0xe0][0x8c]5[0xc][0xc1].AD[0x97][0x89][0x99]!r[0x91][0x8b]7[0xba][0x90][0xb2]Ue^jQz&[0xb8][0x9][0x0][0x8a][0x14][0x5][0xec][0xa5]`@N"H[0x9][0xc2]6Sc[0xb][0xe4][0xc2][0x9][0xaf]m[0x88][0xac][0x85]\[0xea]B[0xca]q[0x5][0xef][0xbc][0xcc]4P[0xa1][0x87][0x1a][0x92]X[0xec]3%:[0x89] */d[0xfb][0x1c]sJs3[0xf3]Js[0x15] [0xa5]/[0x0][0x0][0x0][0xff][0xff]"
12:44:03.972 [main] DEBUG org.apache.http.wire -  << "[\r][\n]"
12:44:03.973 [main] DEBUG org.apache.http.wire -  << "6C8[\r][\n]"
12:44:03.973 [main] DEBUG org.apache.http.wire -  << "B[0xb5][0xf][0x9a]Z[0x91][0xfc]giL[0xb4][0xff][0x10][0x15][0x18]r[0x86][0xce][0xcc][0xc9]V[0x8]O[0xcc][0xc9]I[0xc5][0xcc][0xd2][0x90][0x4][0x8b][0xb0][0xcc][0xd2][0xcc][0xc0][0x82][0xd8]t[0x82](=0[0x1a][0x8e]8l[0xc3][0xf0][0x9b][0x85][0x99]!rQ[0x8f]7[0xee][0x10]%[0x8]rXBkL[0x1c][0x16]:[0xe7][0x17][0x14] [0xe7]7K3C[0xe4]f[0x1b]>[0xfb][0x8c][0x10][0x15][0x19][0xac] [0x81]&[0x5][0x5][0xe7]D[0xcc][0x12][0xb]= [0x8d][0x8d][\r][0x88]-[0xb2][0x8c][0xc][0xe1]U[0xb][0xcc]&HI[0x8b][0xab][0xdd][0x1]j[0x93] [0xa2][0xcc][0x94][0xf8]R[0xd8][0x8]Q[0x86][0xc0][0x8b],[0xa8]U[0xd8]3[0x1b]D[0x12]a[0x97][0x99][0xb9][0x19]r[0xa3][0x3]o[0xf8]![0x1a][0xa3][0xf0]b$<??[0x7]G[0x11][0x82][0x1e]~[0xa6][0x16]&D[0x87][0x1f][0xa2][0xc][0x81][0xdb][0x4]1[0xe]G[0x17][0x2][0xdd]W[0xc6][0x6][0xa6][0xc4]&z#D[0x9][0x2]-[0x85]!I[0xc][0x87]M[0xd0][0x14][0x83][0x8]@c#[0xa2][0xab]L#D[0xe1]A[0x85][0x16][0x7][0xde][0xa8]B[0x14][0x1b][0x88][0x9c][0xc][0xa9][0x9e]q4[0x3]r[0x10]>[0xb2][0xb4][0x4]U[0xb9][0xf0][0xae]&^{[0x10]%[0x6][0xbc]m[0x8][0xeb][0xec]a[0xaf][0xc6][0xa0][0xb2][0x8][0xdb][0xcc][\r]-[0x89]mr[0x18]![\n]"
12:44:03.973 [main] DEBUG org.apache.http.wire -  << "[0xc][0xcf][0xbc][0x92][0xd4][0x9c][0x9c][0xcc][0xf4][0xd4][0xbc][0x12][0x5]h[0xca][0xc0][0x96][0x87]1l351%[0xb6]"[0x3][0x95][0xd1][0xd0]Z[0x13][0x9e][0xb5][0xc0][0xad][0x18][0x5][0xa7][0xfc][0x92][0x12],[0xbd]hP[0x15][0x87][0xf0][0x97][0xb1][0x85][0x1][0xb1][0x95][0x8a]1[0xa2][0xb8][0xf0][0x4][0xd5][0xca])[0x99][0xa0][0xae]:4[0xa5])8cmO[0xc1]j[0x1c][0x84][0x85]F[0x6]DG[0x9b]1[0xa2][0xd4]@$[0xf]h[0xb2]w[0xce][0xc7][0xd2]N[0x84][0xba][0x5]a[0x99][0xa5][0x99][0x9][0xb1]U[0x98]1[0xa2][0xd8][0x8][0xce]IM[0xcd]V[0x0][0xb7]-[0x14][0xb0][0xda][0x83]Z[0xe][0x1a][0x9b][0x1a][0x11][0x1d][0x84][0x88][0x12][0xc3]'3=[0xa3][0xa4]<[0x15]D[0xc2]F=[0x9c]R[0xf3][0x92]3[0x88][0xa8][0x97][0xcd]A[0x5]7Q[0x9][0xdf][0x18]Qj[0xc0]K(hbS[0xf0]N[0xad]L[0xca]O,J[0xc1][0xb0][0x10]TX"[0x82][0xd0][0xc8][0xc8][0x84][0xd8][0x9a][0xb][0xd4][0xdf][0x85]&E[0xe4][0x9a][0x12][0x14]Z[0xb8]m[0x3]gw[0x84]u[0xe6][0x16][0xc4][0xc7][0x18][0xa2][0xf4]@jt@[0xab]z[0x1c][0xe5]"z[0xf3][0xd4][0xd2][0x8]4PF\X"[\n]"
12:44:03.973 [main] DEBUG org.apache.http.wire -  << "[0x11]$[0xeb]`}V\[0xb9][\r][0xdd]B33P[0xfd]N[0x9c][0x85][0x88]r[0x4]^j[0x81]2/q[0xb5][0xb3][0x85][0x5][0xd1][0xed][0x0]P[0x88]C[0xe3][\r][0xd6]M[0x87][0xe6][0xb2][0x80][0xc4]<[0xf0][0xd8][0x13]jK[0x11][0xbd][0x1a]325#[0xb6][0xb4][0x2][0xd5][0xad]P[0xab][0xe0][0xa5][0x15]$[0x88]p[0xb4][0xba][0xa1][0xd1][0x89]H [0xa6][0x86][0xc6][0xc4][0xb6][0xdc]L[0x10][0xe5][0x87][b^[0x9][0xb8][0xf9][0xe][0x1b][0xc2][0xc1][0xd6][0x2][0xc6](>,,[0x88]nq[0x9b] [0x8a][0xf]h[0xfd][0xc][0xca]F8[0xda][0x1c][0x10][0x1f]#[0xfc]db[0x8][0x1a][0x15]$*Q[0x98] J[0x90]`[0xa4]~[0xb][0xac][0x9c][0xc5][0xda]}F[0xcb]bf[0x6][0x96]D[0x87] [0xa2][0xfc]@[0xae][0xca][0xc0]9[0x1a][0xfb]()([0x81]"<fd@t=[0x6][0x1a]@[0x85][0xa6][0xc]Dd[0x81]LS[0xc0][0x9e][0x8][0xd1]<eabAl[0xb3][0xcd][0x4]Qn [0xd7]c[0x90][0xb1]""Z[0xd8][0x16]F[0xa0][0xb1]&[0xe2]b[0xb]Qf Y[0x5][0xe]>[0xec][0xed][0xe][0x90][0x14]"[0xf8][0xcc]L@[0xd1]M[0x9c]M[0x88][0xc2][0x2][0x9e][0xb1]`%=[0xf6]z[0x5]#[0x17][[0x80]j[0xb][0xa2],3[0xc5][0xec][0xa2][0x80]c[0x8a]p[0xa3][0xcd][0xd8][0xdc][0x94][0xd8][0xda][0xc4][0x14][0xd1][0xdc]@[0xc][0xc0][0xc2][0x8b][lV[0x81][0xdc][0x80][0x8]<K[0x13]c[0xa2][0xad]Bd*x5[0x9]N_8[\n]"
12:44:03.974 [main] DEBUG org.apache.http.wire -  << "%XnCXfjFtB7E[0xe4])hI[0x1][0x8a]t[0xac][0x19][0x17][0xd5]CF[0x96]f[0xc4]6AA[0x8e][0x81]f&[0xa4]t[0x7]K[0xf][0xe1][0x89]%X[0xda][0x19][0x18][0xa5][0x9f][0x99][0x1][0xca]p([0xbe][0x6]6[0xa8]o[0x1][0xb5][0xf]^U[0xc1][0x6]7p53[0xc0][0x8d]TD[0x8][0x9a][0x19][0x99][0x11][0xdb][0x17][0x2]u[0x9a][0xa0][0xb6]![0xf9][0xe][0x12]a[0xd8][0xca]uHe[0x86]d[0x95][0xb1]1[0xd1][0x1][0x89][0xc8]V[0x88]R[0x9][0x16][0xfd][\n]"
12:44:03.974 [main] DEBUG org.apache.http.wire -  << "[0xd8]3[0x16][0x9a][0xc7]LM[0x89][0xce][0xc4]f[0x88]|[0x85]\[0xb8]CC[0x12][0xfb][0x10][0x18][0xa4][[0x81][0xf0][0x9c])[0xea][0x4][0x11][0xbe]X3C[0xe4]0X[0xbd][0xf]K"8J'[0xd0][0x8]-[0xc2]*cC[0xa2][0x7][0xc0]@[0xbd]wh[0x94]A[0x13]="[0x10][0xb1]wS [0x9e]FXfb[0x2][0x1a][0x1f]$[0xaa]x2C[0xe4]0xY[0x8][0xca]J8[0x6][0xda][0xd0]C[0xd0][0xc4][0xd8][0x9c][0xd8][0xe4][0x1]J[0xb2]Po[0xc1]m[0x82][0xa4]6[0x1c][0xc3][0xa3][0xa0][0xac][0x8e][0xf0][0x93][0x85][0x19][0xd1][\r]'sD[0xd2][0x80][0xdb][0x4])[0xc1][0x15][0xb0]ggXI[0x89][0xb0][0xcd][0xd8][0x98][0xe8]!fsD[0xcb][0x9][0xd2][0x19][0x82][0x8e]va[0x1f][0xa9][0xc4][0xb4][0xca][0xd2][0x1c][0xe4]^[0xa2]"[0xcb][0x1c]Q[0xf6]"[0x17][0xf3][0xe0][0x99]j[0xec]cC[0x98][0xd6][0x19][[0x80][\n]"
12:44:03.974 [main] DEBUG org.apache.http.wire -  << " [0xe2][0xac]C[0x1a][0xdc]@j?A[0xb]?\[0xad]xXbE[0x4][0xa6][0x85][0x1][0xf1]Q[0x87]h[0x4]@[0xd3]>81bo?A3 [0xc2]"c[0x13]cb[0xcb]EPn[0x84][0xa6][0xc6][0xe0][0xdc][0xc4][0x9c][0x1c][0xf8]d[0x1b][0xf6]pDO[0xf7][0x96]&[0xa0][0xb9]&[0xa2]B[0x11][0xd4][0xd6][0x82][0xda][0x4][0xf5][0x12]4[0xd5]c[0xb7][0x9][0x92]P[0x91][0xfc]dJt[0xbb][0x1a]4[0x9d][0xf][0xb5][0x9][0xb9][0x5][\n]"
12:44:03.974 [main] DEBUG org.apache.http.wire -  << "[0x8b][0x10][0xec][0xfd]s[0x98],[0xc2]F[0xb]SPaG[0x9c][0xdf][0x10]-y[0xa4]~[0x1e][0xb8]P[0xc7][0xd1][0x14][0xc5][0xf0][0x1e][0xf1][0xa9][0x1f]T[0xc3][0xc2][0xbd][0x97]\[0x94][\n]"
12:44:03.975 [main] DEBUG org.apache.http.wire -  << "[0x1d]S[0x1][0xb7]Eq[0x8c][0xdf][0xa0][0x16]!F[0xe6]f[0xc4][0xe]>X [0x8a]E[0xe4][0xee]9,;[0xe1][0x1a][0xa9][0x7]%VD@[0x1a][0x93][0x90]H[0x10]Y[\r]5[0x91]`o[0xd0][0x83][0xc7][[0x10][0x16][0x99][[0x80][0xc6][0xd1][0x88][0x88]1cc$[0x8f]E8[0xf9]G[0x18]b[0x8c]h L5AY=[0x81]^9[0xc2][0xd6][0xa6][0x98]"uS[0xdd][0x13]s3[0xf3]0[0xe7][0xaa][0xdd][0xf2][0x8b][0x14][0xd2][0xc1]R[\n]"
12:44:03.975 [main] DEBUG org.apache.http.wire -  << "[0x5][0xa5]E[0x5][0xf9][0xc5][0xa9][0xc5]J[0xb5]H[0xcb][,A[0xe3][\n]"
12:44:03.975 [main] DEBUG org.apache.http.wire -  << "[0xd0][0x98]E[0x1e][0xea][0x81][0xe6][0x13][0x1c][0xf5]+[0xca][0x2][0x2][0x13]KP3[0x8e][0x88][0x10]0[0xb2][0xb4]@[0x14]1H-"h[0xdf][0x19]GU[0x4][0xea][0x9f]"[0x2][0xc6][0xc8][0x8][0x94][0xa7][0x89][0xb2][0xc][0xd4]W[0xc5][0xe2]3H.[0xc0]Y[0x1b][0x81][\n]"
12:44:03.975 [main] DEBUG org.apache.http.wire -  << "t[0x84]u[0xe6][0xa6][0xa0][0x16][0x1]q[0xd6]![0xea]"D[0x13][0xc]Z[0x1f]ao[0x80][0xa1][0xa5]$K[0xb][0xa2][0xb3][0x88]%"[0xef][0xc3][0xdb][0xb1]A[0xe0][0xa9]S<[0x3]X[0xe8][0xf3][0x82][0xc6]fF[0xc4][0xe][0x87][0x80]:[0xe2][0xd0][0xa0]D.[0xdd]@Y[0xe][0xeb]d[0xf]4F[0x11][0xe1]hj[0x0][0x9a][0xb5]'.[0x1c][0x11][0xd9][0x1f])[0x8d]@[0xeb][0x1b][0xec][0xb6][0x81][0xe6]y[0x11]v[0x19]Y[0x80][0xda][0xa7][0xc4][0xd9][0x85][0xc8][0xfa][0x90][0x9a][0x8][0x1c]%8[0xda][0xcb][0x98][0xa5][0xb5]1[0xf1][0xc3][0xb6][0xa0]Qyh[0x8]"[0x95][0xd6][0xd0][0xb4][0x88]=[0x97][0xa1]&|[0xb]K[0xa2]'[0x1e]-[0x11][0xb9][0xc][0x91][0x12][0xa1][0xc9][0x3][[0xbf][0x3][0x92]H[0x11][0x1]hl[0x1][0x1a]d[0x86][0x7] [0xbe][0xd5],[0xa0]b[\n]"
12:44:03.975 [main] DEBUG org.apache.http.wire -  << "[0xea]-[0xa4][0xc8][0x82]TB[0xd8][0x13]=[0xac][0x18]GXgn[\n]"
12:44:03.975 [main] DEBUG org.apache.http.wire -  << "[0x1a][0x0][0x83][[0x87]{[0xe9][0x87][0xb1][0x1]h@[0x3]n[0x1d]b[0xca][0x2][0x16]38[0xba][0xc1][0xe8][\r][0x8]3[0xd4][0x19][0x19][0xdc][0xfe]360@dj$[0xff]A[0xa3][\r]{[0x83][0x16]=4M[0xcc][0x88][0xec][0xdf][0x1b][0x1b][0x80][0xda]5X[0xbc][0x7]1[0x11]G[0xaf][0x0][0xda]"D[0x4][0xa7][0x91][0x99][0x11]q[\r]1cp[0x9e][0x84][0xda][0x7]i>[0xc3][0x3][0x12][0xfb][0xc2]F[0xb4]*[0xdd][0x94][0xc8][0x14]il`[0x80][0x94][0xcf][0x90]Z[0xb3][0x90][0xdc][0x86][0xbd][0x81][0x89][0xd4][0xaf][0x2][0x0][0x0][0x0][0xff][0xff]"
12:44:03.975 [main] DEBUG org.apache.http.wire -  << "[\r][\n]"
12:44:03.976 [main] DEBUG org.apache.http.wire -  << "6E7[\r][\n]"
12:44:03.976 [main] DEBUG org.apache.http.wire -  << "[0x2][0xaf][0xd7]42[0x0][\r][0xdb][0xc3]S[0x9][0xde]HCt[0x86]a[0xf3][0xc5][0xe0][0x92][0xca]'1[0xb7][0x0][0xa3][0xce][0x5]w[0xc7][0x11][0xa1]ga[\n]"
12:44:03.976 [main] DEBUG org.apache.http.wire -  << "[0xea][0xb5][0xc3][0xad]A[0xaf]y[0x11]5[0xa7]1x~[0x8][0x16]z[0xe0]f,[0xc4];8[0x16][0xdd]a[0xc4][0x93])[0xb1][0xd5][0xa6][0xb1][0x1][0xd2]J[0x1a][0xb4]x[0xc2][0xde][0x8e]E[0xf7][0x13][0xb1][0xe3][0x8][0xc6][0x6]H[0x8b]h`A[0x7]-8[0xb0][\r]dA[0xb]eD[0xe8][0x19][0x81]W[0xe1][0x10][0x17]z[0x88][0xfe][0x14]R[0x81][0x8][0x89]u[0xdc][0xeb][0x83]0l$[0xba]kjl[0x0]Zs[0x3][0x8b]/[0xca]W[0xb4][0xe2]M[0x19][0x88][0x91][[0x9a][0xce]L[0x1b][0x1b][0x18]"[0x8a][0xfa][0x80]`[0x5][0xcc][0x15][0xba][0xe9][0x89][0xb9][0xa9][\n]"
12:44:03.976 [main] DEBUG org.apache.http.wire -  << "[0xa6][\n]"
12:44:03.976 [main] DEBUG org.apache.http.wire -  << "[0xc5]%[0xe0][0xf1]bhV[0xc2][0xdf][0xb8]DI[0xe2][0x88][0x9c][0x4][0xf1][0x88][0xa1][0x11]F[0x6][0x82]/[0x2]F_[0x1]l[0xc]*[0xad][0x89]J[0xb][0xa0][0xa9]&[0xe4][0x98])03[0xc3][0xb0]&9?)1[0x11]D R[0x1b][0x9][0x16] F[0x90][0x9c][0xf3][0x93][0x12][0x15]RJsJ1l[0xc8][0xcc][0xcb]T[0xc8]H[0xcc][0xab]LT(H-[0x2][0xd9][0x94][0x98][0xa7]P[0x90]_[0xc]Z[0x13][0x4][\r]8SKKP[0x85]G[0x9c][0x9f][0x10]5[0x7]-b[0x6]4[0x95][0xb][\r]2[0x9a][0x18][0x8f][0xc8][0x9d]![0x89][0x98]A[0x5][0x8f]s,[0xb][0xbf][\r][\r]0[0x0]Q[0xb][0xa6][0x8c][\r]@[0xf5][0x16][0xd4]O[0x1e][0x5][\n]"
12:44:03.976 [main] DEBUG org.apache.http.wire -  << "a[0x99]e[0xf9][\n]"
12:44:03.976 [main] DEBUG org.apache.http.wire -  << "[0x91]F[0x98][0x9].7573'3;S[0xa1][0xb8] [0xb5]83-3;[0xb1]8S[0xa1]21/]![0xb1] [0x13][0xb4]~[0x11][0x1a][[0xa0][0xe6][0x2][0xb8][0xc5]@\|![0x92]:[0xfd]|[0x8c][0xb4]T[0x81][0xfe]>FZ[0xb6]0[0x0][0x96]#z0%[0xa9][0xc5][0xa0]m[0x18][\n]"
12:44:03.976 [main] DEBUG org.apache.http.wire -  << "[0x5]E[0xf9])[0xa5][0xc9][0xa0][0xec][0x86]:[0x8d][[0x92][0x91]Y[0xac][0x90]Y[0xac]P[0x92][0x91][\n]"
12:44:03.976 [main] DEBUG org.apache.http.wire -  << "S[0xa3][0x90][0x82][0xb4]![0x4][0xbe][0xa5][0x3][0x9c][0xf2][0x88]Lk[0xa0][0xc9]YhZ[0x3][0x97]lf[0x6][0x6][0x6][0x18]%[0x2][0xbe]dnJtI[0x0][0x9a][0xae][0x82]Z50^E4[0xbe][0x6][0xc6]~[0xba][0xd5][0x86][0xa0][0x11]HhH[0x83]#[0x95][0xe4]=+D[0xd7]X[0xa0]&=[0xd4]&[0xfa][0xe7][0x1d][0xa4]u[0x10][0x3][0x12][0xa1]H[0xa3]N[0x3]c?[0xa2]j[0x1d][0x18][0xfb][0x11]e[0x17]dh[\r][0xa3][0xe0]H[0xc3]2[0xea][0x6]/[0xa6][0x88][0x9d][0xf8]26[0x0]M[0xc8]AS[0x19]l[0xe2][0xb][0xdc][0x91][0xc1][0xbe][0x86]-(53935/%[0xb3]X[0xa1]85E!3[0xaf],5[0xaf]$[0xbf](U!3/93[0x5][0xb4][0x11]-[0xb5]D![0xb1][0xb4]$5[0x17]i?[0x18][0xb1]k[0x4][0x8c][\r]@[0xeb][0xe3][0xa1][0x8e][0x19][0x98]PG[0x14]c[0x3][0x90][0xe5][0x10]e[0x18][0xd5]<O[0xdc][0x8a]?c[0x3][0x13]D[0x1b][0x9f][0x90][0xdd][0x88][0xb6]1[0xa8].$[0xb2]*[0x4][0xad][0x9b][0x1b][0xc8][0x88]EZ[0xa5]A[0xc8]4i[\n]"
12:44:03.976 [main] DEBUG org.apache.http.wire -  << " -[0xe0][0xa0][0x9a][0xfd][0xc4][0xc6]-h[0x8b][0x1a][0x91]aOV[0xdc][0x82][0xe6][0xaf][0x88]4[0x9f]6a[0x8b][0xe8]GP-lAI[0x9b][0xe8][0xf0]E[0xc]&S[0xcd]~[0xa2][0xed]F[0x14]X[0x84][0xec]&/niP&[0x91][0x14][0xb6][0x88]r[0x89][0xb6][0xd5] h)[0x16]4[0x11][0xd3][0xd6]"[0xd0][0xbc][0x1][0xd4]"B1F[0x93][0xdc][0x2][0x9a][0xfb][0xa5][0xb6][0xfd][0xc4][0xa6]V[0xd0]<[0x17][0x91]v[0x93][0x95]ZAs[D[0x9a]O[0x9b][0xb0][0xa5]QIDd%[0x8b][0xb4][0xd6][0x87][0xbc][0xae][0x9][0xd1][0xdd]M[0xd0][0xe2];h@[0xd3][0xda]&D[0x1][0x10][0xe1][0x94]_[0xa1]0[0x18]&[0xb4][0x8d][\r][0xcc][0x11]c}[0x3][0x92][0x89][0x91][0xd6]$Q[0xcd]~b3[0xb1]9[0xa2]gB[0xc8]n[0xb2]21[0xd2]"(B[0xe6][0xd3]$[0x13][0x9b][0xd3][0xa0]:[0x7]UyDfb[0xa4][0x85]K[0x3][0xe2]}[0xd0][0xd2][0x7]h[0xd6][0xa6][0x9a][0xfd][0xc4]&-[0xa4][0x5]N[0x84][0xec]&+i[0x81][0xd6][0xfc]Q[0xdb]o[0xa0][0xa8]%[0xda][0x3][? -V![0x14][0xbc][0xb4][0xc8]YF[0xa0][0xad]Z[0xd0][0xe0][0xa7]m[0x1b][0xb]t[0xee][0xe][0xd4]"[0xaa]y[0x94][0xd8]8F:i[0x86][0x90][0xdd]8[0xd3]0[0xbe][0xe5][0x9]H[0xcb]r[0x8][0x99]O[0x8b]H[0x4][0xef][0x97][0xa1]v[0xd8][0x82][0xf2][0x10]q[0xc5][0xa3]!h[0xf4][0x94][0x16][0xd6][0x13][0x19][0xbd][0x86][0xa0][0x8d]d[0x3]j?[\r][0xc6]%[0x89][0xf6];mk~C[0xa4][0xa5])[0x3][0x91][0xb4][\r]A[0xcb][0xc7]h[0x11][0xb7]D&m[0xa4][0x15][0x18][0x3][0xe2]}[0xa4]u[0x19][0xb4]m[0xd4][0x1b][0x82]v/@[0x3][0x9a][0xd6]6!j\Z[0xdb][0x84]h6[0xd2][0xda]&[0xc4][0x98][0xf][0xad]mB[0x8c][0xfe][0xd0][0xda]&D7[0x8f][0xd6]6![0xe6][0xe0]il[0x13][0xfa][0x8a][0x13][0x92]g[\n]"
12:44:03.976 [main] DEBUG org.apache.http.wire -  << "[0x89][0xed][0x8e][0x1b]"5[0xac]h[0xed]'D[0xf5]Ck[0x9b][0x10][0x95][\r][0xad]m[0xa2][~2B[0xe4][0xa7][0x1])[0xe1][0x91][0x16][0xbf]P[0xcd]~b[0x1b][0xf][0xa0][0x1d][0xc][0xd0]2[0x9f][0x90][0xdd]8[0xdb][0xc5]x[0xd6][0xc3][0x19]"[0x9d][0xfd]A[0xe3][0xf4][0x82][0xb4][0xa0][0x86][0x90]Oh[0xd1][0x2]7DZSCU[0xfb][0x89]l[0xa6] -K[0xa0][0xaa][0xf5][0xc4]&$[0xa4][0x95][0x9]4[0x8e]h[0xa4][0xa9]qZ[0xdb][0x84]([0x82]h[0xb0][0xd2][0xce][0x10]i[0xf6][0x13][0xb1][0xaf][0x10][0xba][0xcc][0x15][0xd7][0x9][0x1a][0x81][0xa5][0xa0][0xe5]P[0x88]Sf[0x13][0x8b][0x8b]KsS[0xf3]R[0x12][0x15]Jsr[0x12][0xc9][0x9a][0xde]7D[0x9a][0x5][0xa5]q[0x80]"[0xcd]y[0x6][0x4][0x9b]`[0xac][0x9d]((6QHJ,[0x2]-:DZ[0xc8]Gd[0x6][0x18][0xe0][0xf9]NCSD[0x9b][0x96]j[0x19][0x90][0xd8][0xcc][0x87][0xb4]a[0x9f][0x90][0xdd]d[0x95][0xe2][0xa0]]^D[0xd6][0x12]4)[A{gia?[0x91]Ik[0x80]'[0xb0][0xc][0x91]f[0x90][0x8]E/M[0x82][0x1f][0xb4][0x8f][0x98][0xda][0xc1]Ol[0xd2]F[0x9a][0xd3]"[0xe4]w[0xb2][0x92]6[0xd2][0xfe]xB[0xe6][0xd3]&l[0x11][0x1d][0x1f][0xaa][0xda]Od[0xd2][0xa6][0xd5][0xb4][\n]"
12:44:03.976 [main] DEBUG org.apache.http.wire -  << "[0xb1][0xd1][0xb]:[0xc7][0x0][0x9a][0xb4]hQ[0xc5][0x9a]#u`[0x91]v[0x1f][0x81]w[0xc9][0xe0][0xd8]U[0xe5][0x9f][0x9b][0x7]]FW[0x8][0xaa]k[0x93][0xf3][0xf3][0x8a]S[0xb]K[0x13]KJ[0x8b][0x14][0x92][0xf3][0x8b]@[0xa7][0xbb][0x83][0xe]=O[0xca],V(J[0x4][0x9d]J[0x8f]|[0xb2]<[0xd1]K[0xea][0xc][0xcd][0x11][0xd1]N[0xb]#MWQ[0xa1]J[0xc7][0xb3][0xe3][0xca][0x10]ib[\n]"
12:44:03.976 [main] DEBUG org.apache.http.wire -  << "[0xb2]A[0x9][0xba]i[0x8][0xfb][0xd6].[0xc7][0xd2][0x12][0x85][0xd4][0xe2][0x12][0x85][0x9c][0xc4][0xa4][0xfc][0xa2][0xd2]\[0x85][0xe2][0xc4][0x82][0xcc][0xd4][0xbc][0x92]TD[0xd0][0x82]W)[0x82]V1[0x92][0xb3]R[0xd1][0x10]i[0xaa]*/17[0x11][0xb2]h[0x1c][0xb4]1[0x0]u]y6[0xf4][0xc4][0x84]<[0xb4][0xbd]Al[0xb2]E[0x9a][0xb2][0xa2]I[0xf4]![0xda][0x12][0xd0]}[0xe9][0xd0]=d[0xb8]v[0xc0][0x7][0x83][0xd6]x[0xe6]%[0x82][0xf][0xff]O$/[0xe4][0x10][0x3]e[0xc8][0xfb]|[0xa1][0xbb][0xb2][0xb0]o[\n]"
12:44:03.976 [main] DEBUG org.apache.http.wire -  << "[0xf4]K,)-VH-Q([0xce][0xcc]+![0xcf]VD[0xb][0x9b][0xaa][0xa5][0x1f][0xd1][0xf1]8[0xc0]][0xa4]][0xf1]H[[0xe1]`[0x91][0x8d]m[0xe3]]X~NiAIbIj[0xb1]B[0x9][0xa2][0x1b][0x90]Z[0xa2][0x90]Z[\n]"
12:44:03.976 [main] DEBUG org.apache.http.wire -  << "[0x8e]}[0x85]R[0xf0]J_[0xf2]b[0x3]Q([\r]Hl[0xd0]c&[0x14]_YF[0x8b][0x9]J[0xd0]$[0x1a]rj[0xc4]3[0x89]h[0x88]4I[0x9][0xdb][0x82][0x9][0xda]w[0x8b][0xe3]t[0x4]G[0xd0][0xdd]"y[0xe0][0x8a][0x9][0xbe][0xcc][0xbb][0xb0]4S![0xaf]4[0xb7][0xb0][0x94][0xcc][0xae] =[0xa6]1[0xf1][0x86][0x0]F[0xc1][0x7]=O[0x0][0xc7]a[0x99][0x9e][0xb9][0x5][0xa9])[0x99]%[\n]"
12:44:03.976 [main] DEBUG org.apache.http.wire -  << "E[0xa9][0xa0][0xda][0x4]v[0x1][0xc][0xb8][0xe2][0x6][0xd5][0xda][0x99][0xe0][0xdc][0x0][0xef]"[0x83]k[0x1d][0xf2][0xea]k[0xa4][=[0x6]&k [\n]"
12:44:03.976 [main] DEBUG org.apache.http.wire -  << "J[0xc4][0xc6]~h[0xe1][0x8c][0xfd][0xd4]-[0xa4][0xab]h[0x8a]R[0xb]JS2[0x13][0xf3]R[0x12]S)j[0xb4] [0x9d]d@[0xb3]@[0xc0][0x9b]:[0x10][0xad]9[0x9a][0xd9][0x8f]o0[0x13]4[0xf2][0xf]m[0xac][0xe][0x84][0xfd][0xe0][0xd6][0xe5][0x80][0xda]O[0x83][0xf5]u[0xc8]e#f[0xd8][0x3][0x0][0x0][0x0][0xff][0xff]"
12:44:03.976 [main] DEBUG org.apache.http.wire -  << "[\r][\n]"
12:44:03.976 [main] DEBUG org.apache.http.wire -  << "4D2[\r][\n]"
12:44:03.976 [main] DEBUG org.apache.http.wire -  << "[0x82][0xdd][0xc5]dl[0x84]t[0x1c][0x3][0xa1][0xb0]'[0xa7][0x1f]h[0x4]:cz [0xc3][0x16]t[0xf8]>[0xd4]~[0x9a][0xae][0xc2]1[0xa2][0xd5]t>q[0x1d]N#[0xd0][0xd1][0xda]P[0x12][0x8a]GZ[0xf4][0xb7][0x8d][0x90][0xa6][0xd3]if?[0x9e]2[0xcc][0x8]i[0x92][0x9d]f[0xf6][0xe3][0xcb]G[0xa0]K%[0x6]4[0xfc][0x11][0xfd][0x8c][0x81][0xf1]?[0xa2]"[0xa5]B[0xcf][0x18]oH#j+[0x1a][0xdb]D[0xb7])m#[0xa4][2[0xa8][0xe0]'<mq#[0xa4]S[0xe]h[[0x1e][0x1a]![0x9a][0x9c]T[0xf0][0x12][0xbe][0x4][0x81]tA[0x6][0xad]mB$[0xf2][0xcc][0xbc][0x94][0xfc][0xdc]L[0xcc][0xbb]{[0x12][0xb3]K[0x15][0x8a]K[0xb3][0x13][0x15][0x10][\n]"
12:44:03.977 [main] DEBUG org.apache.http.wire -  << "[0xa0]c FD[0x9f][0x9c]`[0x84]4s[0x8e]0[0x6]u[0xa8][0x85]:[0xf6] e[0xa5][0xc4][0xdc][0xe2][0xd2][0xbc]t[0x85]`#c[0x85][0xd0][0x9c][0x92][0xa2]D[0x8c]Y$[0xa4][0xea][0xdf][0xcc][0x80][0xb8][0xf3][0x95][0x8d][0x8d][0x90][0xe6][0xc1]i[0x1c]7H[0xf3][0xd4][0xc1][0x4][0xfd][0xe2][0x9e][0x98][0x93]XQ[0x89][0xf0][0x11][0xb1][0xad]%[0xa4][0xc9]hZ{[0x87]^[0xb]B[0x8c][0x90][0xcf]m [0x18]p[0x88] 3$>[0x11] [0x1d][0xd7]@[0xeb]PCdPZ[0xdb][0x84][0x18][0xe1][0xa2][0xb5]M[0x88]L[0x1a][0x80][0xe3]<[0xf][0xd0]9;)[0xa9][0xc5][0xd9]E[0x99][0x5][0xc5][0x99][0xe4][0xe][0xbe][0x1a]!-u[0xa0]m[0xd5][0x80][0xb4][0xa6][0x81][0xc6][0x16]!:V4[0xb6][0x8][0xb1]P[0x8c][0xc6][0x16]![0x8a][0x5][0xd4][0x93]\A[0x97][0x8e][0xe1][0x98]y[0x9]K-[0x2]_[0xeb][0xb]9[0xc4][0x0]it[0x13]q[0x8b][0xae]BJfz^fqqfn~19C[0x9c]Ft[<b[0x84]th[0x2][0x8d]3[0x1e][0xd2][0xbd][0x14][0xb4][0xb6][0x89]n[0x85][0x9][0xd2][0xc9][0x7][0xb0]Z[0x12]R[0x17]*8[0x1a][0x93]vZ[0xf][0xd1]gn[0x80]o[0x11][0x82]v[0x8d]h0[0xa9]c[0x84][0xb4][0xdc]g@z>H[0xcb]|[0x6][0xc6]~D[0xd9]30[0xf6]#[0x8a][0xa4][0x81][0xb1][0x1f][0xad][0xa3]A[0xbb]s[0xa7][0x8c][0x90][0xd6][0x3]![0x97][0xbe][0xe0][0x13]d[0xb0][0x1e][0x85][0x9][0x9a]f@4[0x99][0x8c][0xcc]A-!b[0xce]N3BZ[0x19][0x84]|[0x1f][0x4][0xd8]&[0xa2][0xe][0xd1][0x86][0x1c]<I[0x9c]][0x88][0xd2][0x7]v&[0xe]d"[0x1f][0xfb][0xa1]8[0xd0][0x99][0x3][0x84][0xb7]L[\r][0x89]<[0xf2][0xdf][0xd8][0x8]t[0x12]([0xb4]([0x80][0xcd][0xc4][0xc0]N[0xaf][0xc5]q[0xc2]:t[0xce][0xe]a[0x9b][0x85][0x9][0xe8]0^[0xe2]<[0x86][0x98]wC[0xdc]"[0x7]9[0xba][0x16]GU[0x9]]%[0x88][0xb0][0xcd][0xc4][0x14]4[0x80]H[0x94]mHG[0x1d]@f[0xec][0xc1][0x91][0x85]5Y@[0xe6][0xf2][0x11][0xb6][0x18][0x81][0xd7],[0x12]g[0xb][0xa2]I[0x83]|[0xb8]8[0xc4]D\[0xab][0x1b]Q[0x93][0xa1][0xa9]%h:[0x8a]8[0xdb][0x10]e[0xb][0xfc]z[0x1c]h[0x18]a[0xbd][0xb6][0x6][0x12][0xb8][0x8][0x8f][0x19][0x83][0xab]k[0xe2][0xac]B[0x14]#[0xc8]y[0xb][0xea]1[0xec]I[0x11]rj0[0x92]u[0x16][0xa0][0xc2][0x98]8[0xeb][0x10][0xe3]ep[0x9f][0xe1][0xb5][0xb]rd0[0xc2].3[0xa2][0xcf][0xea]5"a[0xad][0x15]M[0xc6]f[0x7]x-[0x96][0x91][0x19]"[0x1f][0x82][0x1b]R4,[0xa1]A%[0x11][0xb4][0x80][0x19][0x90][0xca]h[0x80][0x8f]J0[0xa2][0xc5]Q[0x9][0xe8]S[0xed][0xf8][0xc6][0xe2]H8.[0x81]&I}[0x80][0x8f]S0[0x1a][0xe0]uF[0xe8][0xb][0xd4]h[0x98][0xd5][0x90]W[0xa8][0xd1][0xf4][0xf0]g#[0xa4]Ua[0xb4].?,[0xd0][0x1a][0x93]4[0xdb][0xc5]fdA[0xb7][0xa1]*[0xa4][0xfb]H[0xc0][0xc1]GC?[0xa1][0x15][0xf4][0xb4][0xb3][0x9]iI[0x11]b[0xdd][0x6][0xb4][0xad][0x88][0xab][0x15][0xe4]X[0x94][0x9c][0x91]Y[0x92][0x9a]\[0x92][0xaf][0x0][[0xd1]R[0xc]Z[0xdf][0x97][0xf]^[0x99][0x9a]ZL[0xd6]R;#[0xa4][0xc5]E[0xe0][0xd0][0xa5]a[0x8e][0x3]5[0xdb][0xa0][0x95][0x1b][0xc2][0xd3][0xd0]ke[0xb0][0xaf][0xb][0xf5][0xcb][0xcc][0xc8][0xcc]QHM[0x4]-[0xe]%k\[0xc7][0x92]n[0xf9][0xc1][0x92]n[0xf9][0x1]i[0xb9][0x9]M[0x7][0xeb][0x8c][0x91]NO[0x80][\r][0xb6]8faN[0xac][0xe0];[0x13][0x99][0xe8]Q[0x16]c[0xa4][0x85][0x1c][0xe0]tH[0xb3][0xbc]g[0x8c]|[0xf5][0x4]M[0xb]~c[0xa4]E[\r]4[0xf6][0x13][0xd2][0xf4]=[0xad]mB[0xc][0xe7][0xd3][0xd8]&[0xea]N*[0xe3]i[0xf5][0x19][0x83]n=[0x82][0x16]L[0xc8][0x9d]Rx[0xd7][0x1e][0xdb][0x15]9~[0xa9][0x85][0xa5][0xa9][\n]"
12:44:03.977 [main] DEBUG org.apache.http.wire -  << "e[0x90]e[0xb7][0xc5][0xa0][0x2]J!3[0x5]Z0#[0xef][0xb7][0x3][0x8d][0x84][0x10][0xd3][0xa3]3F[0x9a]4[0xa5]q[0xc0][0xd2]m[0xf3][0xad]1[0xe8][0xd6] h[0xc0][0xd2][0xda]O[0xf4]*[0xe8][0xc1]7[0xa7][0xd0][0xc7]OH[0xf3]L4[0xe]=[0xa4][0xe9][0x8f][0xc1]sn[0x9f]1[0xd2][0x4][0xc6]`r[0x15]b[0xb8]q0[0xb9][\n]"
12:44:03.977 [main] DEBUG org.apache.http.wire -  << "Q,[0xf]&WY[0xea](A[0xf3][0xca]`[0xb9][0xdf][0xd0][0xd8][0x18]4[0xc6]6[0xf8][0x1c][0x85][0x18]>[0x1c]D![0x85][0x18]d[0xa4]q[0x1][0x84]4[0xb0]Nc[0x9b][0x90]N[0xd4][0xa5][0xb5]Mt[0xab][0x92][0x90][0x6]h=[0x2][0x14]r3K[0xf2]1V?[0x81][0x1b][0xe9]%[0xa9]EI[0x89][0xc8][0x17][0xe2][0x98][0x82]t[0x12][0xd5]:[0x19][0xe0]1Xc[0xa4]1X[0xaa][\r][0x8c][0x12][0xb9]j[0xca][0x98][0x84]AY[0xc4][0xf8]:h[0xd4][0x91][0xb8][0xb5][0xcf][0xc6][0x3]<[0xe8]jL[0xab]AWb[0xbd][0x8f][0xc8]'T[0x8b]ZP[0xe8][0x13][0x1d][0xbd][0x88][0x9e];[0xcd][0xec][0xc7][0xb3][0xf4][0x1b]|g;[0xb4]>[0xa2][0x99][0xfd][0xf8]z?H[0x9b][0xa1][0x7][0xc6]~D#a@[0xec]G[0x1a]s[0x1e][0x18][0xfb][0x11]S[0xa2][0x3]c?b[0x92]t`[0xec]G4}[0x6][0xc6]~D[0xf9]C[0xab][0xda][0x13]i[0x8]{[0xf0][0xb4][0xee],[0x10][0xf9][0x8e][\n]"
12:44:03.977 [main] DEBUG org.apache.http.wire -  << "-!c[0x1d]%[0xe7]D[0x0][0x0][0x0][0x0][0xff][0xff]"
12:44:03.977 [main] DEBUG org.apache.http.wire -  << "[\r][\n]"
12:44:03.977 [main] DEBUG org.apache.http.wire -  << "23F[\r][\n]"
12:44:03.977 [main] DEBUG org.apache.http.wire -  << "*IM[0xcf]/[0xca]L-V[0xb2]B[0xde][0xa4]e[0x8c][0xb4][0x81]w[0xf0]x[0x1f]i[0xe0][0x1b][0xba].U[0xc1]5'[0x11][0xcb][0x85][0xe9][0xa0][0x8b][0x1f][0xc1][0xfb]#[0xc1]r[0xd0][0xd5][0xf0][0xa0]AXx[0xc3][0x9][0xaf][0xdf][0x11][0xa9][0x9b][0x6][0xab][0xc7][0x8c][0x91][0x6][0xb8][0xdd]J[0x8b][0xf2]2KJ[0x8b]R[0x15]B[0xf2]1o[0xb5]E[0xc8][0xa6]$[0x16]e*x[0xa5][0x16]$[0x82][0x17][0xc9]C[0xfd]c[0x8][0xba][0xf3][0x7][0xee]!|[0xd5][0x5][0xdd][0x6][0xba]M[0x90]N[0xf][0xa6]B[0x2][0xc5][0xe3]'[0x13][0xa4][0x91]nD8[0xd1]2[0x14]M[0x90][0xf6][0x15][0xd2][0xda]o[0x88][0xe2][\r][0xb1][0x8a][0x8][0xb2][0xf2][0x4][0xc7]*"[0xc7][0x9c][0xcc][0xc4]b[0x85][0xb4][0xd2][0xf4]D[0x85]R[0xe4]I%[0xf0]q[0xce][0xc4][0xa4][0x11][0x13][0x3][0xc4][0x18][0x89]gAF~^[0xaa][0x82][0xa1][0xa1][0x82][0x99][0x89]Bz[0x12][0xf6][0x8e]IF"[0xe8][0xf0][0x14][0x5][0xf4][0xfb]b[0x89][0x9e]=0[0x1]m[0xe8][0x80][0xb6][0xa1]`[0x16][0x1a][0xd1][0xd4]B[0xa4][0xa1]}[0x98][0x85][0xb4][0xf5]![0xd2]y[0xc3]t[0xb2][0x10]Qp[0xd1]8[0x85][0x1a]b[0xc]3[0x98][0xd3]([0x99][0x18]"[0xd2]e@bN[0xa2]O[0xbe][0xf][0x9e][0xe9],,[0xa9][0x11]4[0x9e][\r][0xcf][0x0]x[0xb6][0xa9][0x99][0xd0][0xf6][0x16]f[0x13][0xd0][0xa2]>hr[0xa7]A[0xa5]b[0x82][0xb4]q[0xd0][0xa9](195'[0x15][0xf3][0xe]V[0xdf][0xc4][0x94]T[0x85][0xfc]4[0x85][0x8c][0xcc][0xf4][0xc][0x85][0xc2][0xd2][0xc4][0x9c][0xcc][0x92]J[0x85][0x82][0xd4][0xc4][0xa2][0x9c]bD'[0xd8][0x8]d[0x12]<[0xc0][0xf0][0x95][0xc0]H[0x87][0xe2][0xd2][0xc4]G[0x88]6.M[0x8c]G[0xe4][0x15][0xba][0x5][0x18][0xa2]X[0xa7][0x9b][0x95][0x88]|JM+[0xf1][0xe5]#[0xa4][0x99]9jZ[0x89]7%"[0xca][0x8][0x1a][0x97]{H[0x9b][0xb]i[0xd4][0xf1]0A[0x9a][0xea][0xa3]e[0xf8]U+y[0xba](Y[0x19][0x1a]Y [0x15][0xe5][0x8e][0xc9][0xc9][0xa9][0xc5][0xc5][0x90][0xee][0x80][0x8e][0x12][0xea][0xee][0xcf][0x92]|[0x85][0xd4][0xbc][0x8c][0xc4][0xbc][0xe4]T[0x85][0xc4][0x2]P[0xa1][0x1]b*[0xd5]"[0x1d][0xec]`[0x82][0xb4][0x1f][0xb2]8[0xb5] 5[0x5][0xb3][0xa0]N[0xcc][0xac][0x4][0x9]B[0x1b][0xb0][0xe0]}[0x14]D[0x15]5H[0x9b] i[0x19]&([0x9e]A[0x94][0xf][0xd4][0xf6][0xc][0xfd][0x8b][0x1][0xd0]&[0x0]h[0xe5][0x13][0xc][0x8e][0x19][0x5][0x9f][0xcc][0xe2][0x92]"[0xf0][0xb8]2j4C[0xa5]s [0xd2][\n]"
12:44:03.977 [main] DEBUG org.apache.http.wire -  << "y[0xe9][0xa9]I[0xa5][0xa0][0x9a][0x84][0xf4](C[0xc][0xd1]A[0xcd][0x84]Z[0xa9][0xe0][0x94][0x98][0x93][0x88][0xd9][0xd9][0x81]*B[0xb5]X!)1/[0x1d]\[0x93]A[0xed]7[0x5]m[0xbd]!.[0xc9] [0xca][0x4][0xba]%[0x19][0xc4][0x84][0x1e][0xdd][0xac]D[0xc][0x8]Ph%[0x0][0x0][0x0][0xff][0xff]"
12:44:03.977 [main] DEBUG org.apache.http.wire -  << "[\r][\n]"
12:44:03.978 [main] DEBUG org.apache.http.wire -  << "4D2[\r][\n]"
12:44:03.978 [main] DEBUG org.apache.http.wire -  << ""[0xba][0xda]G[0x9a][0xe2][0x86][0x9e]h[0x7][0xed][0x99]`[r[0x11]Z[0xa2][0x90]ZT[0x94]_[0xa4]P[0x94][0x9a]\Z[0xc]9[0xb7][0xa8] [0x1f][0xb4][0xeb][0xaf][0xb4]X!7?[0x7]tk|b*[0xe8][0x90]@[0x85]L[0xc8][0x1]PHk[0xc6][0x88][0xef][0xbc] ]f[0x8d][0xe8]0[0xf9]d[0xe6][0xa5][0xe6])8[0xe5][0x97][0x94][0xe4]`n[0x9a][0x7][0x1d]_X[0x90]ZT\[0x90][0x99][0x9c][0x99]X[0x92]Y[0xc]][0x6][0xa2][0x90][0x92][0x99]\[0x92][0xa8]P[0x90]_T[0x94][0xaf][0x90]YP\[0x9a][0xab][0x90][0x8a]|[\n]"
12:44:03.978 [main] DEBUG org.apache.http.wire -  << "[0x1f][0x9]NB4_[0xe8][0x16]3[0x88]"[0xb][0xb2][0x1d][0x4][0x12][0x2][0xee]9[0xf9]e[0xa9][0xa0][0x16][0x1e]jN[0xf7]OK[0xcb]L[0xce][0xcc],V@>[0x17]31/37[0x13][0x1e]1[0xc5][0xb0][0xc5]2%[0xa9][\n]"
12:44:03.978 [main] DEBUG org.apache.http.wire -  << ")[0xa9]9[0xa9]y[0x99]%[0x99][0xe4][0xc5][0xf][0xfd][0x8b]<[0xa4]M[0x9b][0xee][0xf9]E[0xe9][0xa9][0xf9][0xa5][0xc5][\n]"
12:44:03.978 [main] DEBUG org.apache.http.wire -  << "[0xb0][0xdd][0x16][0x89]E[0x18][0x9d][0x15][0xd0][0xd9]c[0xe0]5[0x9a][0xa5][0xb9][0xa0][0xfb][0xb5][0xa1]I[0x0]|[0xce]Xf~1[0xe4]<F[0x85][0xc4][0x9c][0xcc][0xc2][0xd2][0xcc][0x14][0x85][0xe2]L[0xf2]:[0xd9]H[0xcb]#[0x10][0xe9][0x14][0xb6][0xbb][0xc5]9?[0x11]T[0xd2][0xa2][0xc6][0x92]k[0x9][0xa8]W[0x9f][0x99]X[0xa2][0x0]Y3[0x9a][0x9b][0x99][0x97][0x99][0x9b][0x8];[0x19]N[0xa1][0xb8][0xb4]89[0xb3][0x80]\[0xd7] [0x8a]H[0xe4][0x1d]_[0xe1][0xf9][0xf9]9[\n]"
12:44:03.978 [main] DEBUG org.apache.http.wire -  << "[0xc1][0x19][0x99]EX][0x3]:[0xf3][0x13][0xba][0x84][0xaa]$3[0xa9][0xb4]X[0xa1] '195[0xb1]D![0x95][0xcc] A[0x14][0x9a]4n[0xbb][0x81][0xaa][0xe]h%[0xa8][0x80][0x11][0xff][0xe0][0xc9]V[0x8a][0xc7]4[0x90]NE'[0xcb]3D[0xce][0x99] [0x9d][0x90]N[0x96]=[0xc4][0x8f][0xd2] [0x9d][0x85]N[0xaf]b[0xc]i[0xcb]#[0xdd][0xac]D4V[0xe8]f%"[0xf3][0xd1][0xcd]J[0xfa]e5D[0xb3][0x84][0xc6][0xe9][0x13]y[0xb]$de0[0xe6][0x5][0xb6][0xf8][0xf2][0xb6][0x9][0xca][0xac][0x0]z'[0x13][0xd6]I2Ej`[0xb8]'[0xe6]f[0x82][0xa7][0x15]P[0xb]j[0xb7][0xfc]"[0x5][0xc8][0xda]n[0x85][0x82][0xd2][0xa2][0x82][0xfc][0xe2][0xd4]b[0xd4][0xde][0x11][0xdd]V[0xb1][0x98] [0xdd][0x2]M[0xeb][0xd0]Gjq@B[0xdf][0x94]F%[0xab][0x19][0xa2][0x5]Ak?![0x86]Lhm[0x13][0xa2][0xd4][0x81][0xda]4h[0xd3].[0xa2][0xb0][0xc2][0xe9]R[0xc4][0x10]"[0xbe]Z[0x8c][0xaa]9[\n]"
12:44:03.978 [main] DEBUG org.apache.http.wire -  << "[0xa3]<[0x1b][0xb4][0xe1][0x87]Q[0x1e]b[0xba][0x94][0xfe][0xe1][0x87][0xb4]H[\n]"
12:44:03.978 [main] DEBUG org.apache.http.wire -  << "[0x1a][0xab][0xb4][0xca][0xbd]H[0xcb][0xa5][0xfc][0x12][0x8b]3[0x15]\[0x12]K[0xf3][0x14][0xbc]R[0x8b]J1[0xf]t[0x7][0xcb][0x97][0xa7][0xe6]%fg+[0x94][0xa4][0xe6]%[0xe6])[0xe4][0x96][0x16][0xe5][0xa6][0x82]Z[0xec][0xd0]1[0x0]CK[0xfc][0xc7][0x9a][0xc1][0x92][0x98][0x5][0xd2]![0xb7][0xc9][0xf9]y%[0xf9][0x19][0xba][0xc9][0x88][0xe9]n[0xf4][0xf1]-[0xb7][0xc4][0xe2][0x8c][0xcc][0xfc][0xbc][0xc4][0xa4][0x9c]T[0xd4]r[0x1b]i[0xa9][0x15][0xd8]m[0x8][0xb7]+$V&[0xe6]*[0xa4][0xe7][0x17][0xa5]b[0xa9][0xf][0xc0]j[0xa9][0xe4][0xf]D:'[0xec][0xf]L[0x15](ctH[0xbb]ei[0x1d][0xe7]t+G[0x91]n[0x9e][0xa0][0xb5][0x9f]0[0xf2]1[0xad]r[0xc][0xdd][0xb6][0xba][0x9a] mu%[0xb8][0xc][0x9d]^%;[0xd2][0x9e]X[0x1c]nB4[0xb7][0x10][0xe5]&[0xfd][0xda]rH[0x87][0xfd][0xf]N[0xf7][0xd1]-[0x9d]"[0xed][0x8a][0xc5][0x11][0x12][0x3][0x11]?H[0xb][0x85][0x6][0x93][0xab][0xe8][0xd6]ZFZb[0x84]}[0xf5][0xd6][0xc0]f[0x1f][0xa4][0xf5]H[0xd8][0x9d]7 i[0x6]Q[0xcb]bw[0xd4][0x80][0x86][0x99])[0xd2][0xca]*[0xec][0xce][0x1b][0x80]03EZ[0x84]E[0xdb][0x9a][0xd7][0x14]i[0xf1][0x15]v[0xef][0xf]p[0xec] [0x1a];[0xd8][0x9d]7 [0xb1][0x83][0xd1][0xbf][0xa4]Qk[0x5]|.[0x11]th[0x15][0xbb][0xf7][0x7]6v[0x90]V~aw[0xde]@[0xc4][0xe][0xd2][0xea]0[0xec][0x8e][0x1a][0xe0]0CTV[0xd8][0x9d]7 aF[0xaf]Q S[0xa4]U[0x11]4.[0xd9][0xc][0xe9][0x96]K[0x91][0x96][0xd2][0xd1][0xda]O[0x88][0xba][0x94][0xc6]6[0x81][0xa6][0xad][0xa1]%[0xf][0xad]mBL[0xe8][0xd2][0xda]&[0xba][0xa5]r[0xba][0x9d]co[0x8a][0xb4]*[0x8c][0xd6][0xa1][0x87]1VI[0xab]Z[0xf][0xe9][0xb6]wZ[0xfb][0x89]^[0xfd]9S[0xa4][0xd5]g4[0xf6][0x13][0xd2]j1Z[0xdb][0x84][0xc8][0xb9][0xd8][0xab][0xb2][0x81][0xad]i[0x8d][0x11][0xd9][0x1d][0xbb][0xf3][0x6][0xa2][0xa6]E^1F[0xd3][0x99][0x1d]Sc[0xba][0xd5][0xc6][0x88][0x92][0xc1]#@[0xc1]9[0xbf](U!S[0x1][0xb3]p[0xc8]I-([0xc9]/P[0xc0][0xd8]ym[0x9][0x2][0xc4]m[0x90]55[0xa6][[0x5][0x88][0xb4][0x1c][0x8b]n[[0xf1]`#[0xec][0xa6]H7P[0xc1]7[0xe1]`L[0x0][0xa6]a[0x9b][0x19][0x85]][0x7]fdj[0x80][0xe8]:[0x91]h[0x6][0xd2]rM[0xe4][0x9]Z[0xaa][0x5][0x3]Q[0xa3][0x9d][0x83]([0x8][0x10][0xc5][0x1c][0xa1] @[0x94]([0xa0]][0xd7]x[0xd2][0xf4]`[0x8c]iD[0xc7][0x84][0x90]7iq[0xde][0xa7])[0xd2][0xc1];T[0xb5][0x9f][0xb6][0xb1][0x80][0x92]W[0x10]%.U}0[0xd4][0xf2][0xb][0xa2][0x8c][0xa6]Y0[0xa0][0x1f]"0[0x18][0xf3][0x13][0xa2]mI[0xb3]`[0xc0][0xb9][0xae]f[0xf0][0x94][0x9e]H[0xab][0x3]Gt0[0xc][0xc0][0xc9][0x6][0x83]0S -[0xe4][0x1c][0xd1][0xa9]a[0x0][0xea][0xda][0xc1][0x98][0x1a][0x10]=[0xb4][0x11][0x9d][0x1a][0x10]-[0xf5][0x11][0x1d][0xc][0x88][0xe6][0x13]l[0xe0][0xc2][0xd4][0x14][0xb3][0x1b][0x89]o[0xd5])[0xd1][0xeb][0xaf]MM[0x11]}V[0xea]nC3E:[0xbf][0xcd]3[0xaf]$5''3=5[0xaf]D![0xb8]$5[0x15][0xb4][0xfc]?[0x1f][0xcb][0x96][0x11][0xcf][0x14][0xd0][0xb6][0xe1][0xe2]L[0x5][0xd0]][0xf5][0xc5][\n]"
12:44:03.978 [main] DEBUG org.apache.http.wire -  << "[0xe0][0xcb][0xd9][0xb]K[0x13][0x8b]I[0xd9][0x14][0x12][[0xcb][0x5][0x0][0x0][0x0][0xff][0xff]"
12:44:03.978 [main] DEBUG org.apache.http.wire -  << "[\r][\n]"
12:44:03.978 [main] DEBUG org.apache.http.wire -  << "A[\r][\n]"
12:44:03.978 [main] DEBUG org.apache.http.wire -  << "[0x3][0x0]\[0x6][0xcb]^A[0xe4][0x0][0x0]"
12:44:03.979 [main] DEBUG org.apache.http.wire -  << "[\r][\n]"
12:44:03.979 [main] DEBUG org.apache.http.wire -  << "0[\r][\n]"
12:44:03.979 [main] DEBUG org.apache.http.wire -  << "[\r][\n]"
12:44:03.979 [main] DEBUG io.restassured.internal.RestAssuredHttpBuilder - Parsed data to instance of: class org.apache.http.conn.EofSensorInputStream
12:44:03.984 [main] DEBUG org.apache.http.impl.conn.BasicClientConnectionManager - Releasing connection org.apache.http.impl.conn.ManagedClientConnectionImpl@dc24732
12:44:03.984 [main] DEBUG org.apache.http.impl.conn.BasicClientConnectionManager - Connection can be kept alive indefinitely
12:44:04.017 [main] DEBUG net.thucydides.core.steps.StepInterceptor - STEP DONE: I send HTTP GET request
  &amp#27;[32mWhen &amp#27;[0m&amp#27;[32mI send GET HTTP request&amp#27;[0m                             &amp#27;[90m# starter.stepdefinitions.UserSteps.iSendGETHTTPRequest()&amp#27;[0m
12:44:04.025 [main] DEBUG net.thucydides.core.steps.StepInterceptor - STARTING STEP: UserSteps.iReceiveValidHTTPResponseCode - I receive valids HTTP response code 200
12:44:04.026 [main] DEBUG net.thucydides.core.steps.StepInterceptor - STEP DONE: I receive valids HTTP response code 200
  &amp#27;[32mThen &amp#27;[0m&amp#27;[32mI receive valid HTTP response code 200&amp#27;[0m              &amp#27;[90m# starter.stepdefinitions.UserSteps.iReceiveValidHTTPResponseCode()&amp#27;[0m
12:44:04.031 [main] INFO  - 
  _____   ___   ___   _____     ___     _     ___   ___   ___   ___  
 |_   _| | __| / __| |_   _|   | _ \   /_\   / __| / __| | __| |   \ 
   | |   | _|  \__ \   | |     |  _/  / _ \  \__ \ \__ \ | _|  | |) |
   |_|   |___| |___/   |_|     |_|   /_/ \_\ |___/ |___/ |___| |___/ 

GET - As admin I cannot get product comments
----------------------------------------------------------------------
]]></system-out>
  </testcase>
  <testcase name="DELETE - As admin I have be able to delete product" classname="User" time="0.399">
    <system-out><![CDATA[
@TC-007
Scenario: DELETE - As admin I have be able to delete product &amp#27;[90m# src/test/resources/api/user.feature:60&amp#27;[0m
12:44:04.052 [main] INFO io.cucumber.core.plugin.SerenityReporter - Running feature from file:///C:/Users/Lenovo/IdeaProjects/MiniProject/MiniprojectApi/src/test/resources/api/user.feature
12:44:04.053 [main] WARN io.cucumber.core.plugin.SerenityReporter - Feature from file:///C:/Users/Lenovo/IdeaProjects/MiniProject/MiniprojectApi/src/test/resources/api/user.feature is not under the 'features' directory. Requirements report will not be correctly generated!
12:44:04.058 [main] INFO  - 
  _____   ___   ___   _____     ___   _____     _     ___   _____   ___   ___  
 |_   _| | __| / __| |_   _|   / __| |_   _|   /_\   | _ \ |_   _| | __| |   \ 
   | |   | _|  \__ \   | |     \__ \   | |    / _ \  |   /   | |   | _|  | |) |
   |_|   |___| |___/   |_|     |___/   |_|   /_/ \_\ |_|_\   |_|   |___| |___/ 

DELETE - As admin I have be able to delete product(user;delete---as-admin-i-have-be-able-to-delete-product)
--------------------------------------------------------------------------------
12:44:04.261 [main] DEBUG net.thucydides.core.steps.StepInterceptor - STARTING STEP: UserSteps.iSetDELETEApiEndpointsProduct - I set DELETE api endpoints product
12:44:04.261 [main] DEBUG net.thucydides.core.steps.StepInterceptor - STEP DONE: I set DELETE api endpoints product
  &amp#27;[32mGiven &amp#27;[0m&amp#27;[32mI set DELETE api endpoints product&amp#27;[0m                   &amp#27;[90m# starter.stepdefinitions.UserSteps.iSetDELETEApiEndpointsProduct()&amp#27;[0m
12:44:04.265 [main] DEBUG net.thucydides.core.steps.StepInterceptor - STARTING STEP: UserSteps.iSendDELETEHTTPRequest - I send DELETE HTTP request
12:44:04.267 [main] DEBUG net.thucydides.core.steps.StepInterceptor - STARTING STEP: DelProduct.iSendDELETEHTTPRequest - I set DELETE api endpoints product
12:44:04.267 [main] DEBUG net.thucydides.core.steps.StepInterceptor - STEP DONE: I set DELETE api endpoints product
12:44:04.279 [main] DEBUG org.apache.http.impl.conn.BasicClientConnectionManager - Get connection for route {s}->https://altashop-api.fly.dev:443
12:44:04.279 [main] DEBUG org.apache.http.impl.conn.DefaultClientConnectionOperator - Connecting to altashop-api.fly.dev:443
12:44:04.373 [main] DEBUG org.apache.http.client.protocol.RequestAddCookies - CookieSpec selected: ignoreCookies
12:44:04.373 [main] DEBUG org.apache.http.client.protocol.RequestAuthCache - Auth cache not set in the context
12:44:04.373 [main] DEBUG org.apache.http.client.protocol.RequestTargetAuthentication - Target auth state: UNCHALLENGED
12:44:04.374 [main] DEBUG org.apache.http.client.protocol.RequestProxyAuthentication - Proxy auth state: UNCHALLENGED
12:44:04.375 [main] DEBUG org.apache.http.impl.client.DefaultHttpClient - Attempt 1 to execute request
12:44:04.375 [main] DEBUG org.apache.http.impl.conn.DefaultClientConnection - Sending request: DELETE /api/products/1 HTTP/1.1
12:44:04.375 [main] DEBUG org.apache.http.wire -  >> "DELETE /api/products/1 HTTP/1.1[\r][\n]"
12:44:04.375 [main] DEBUG org.apache.http.wire -  >> "Accept: */*[\r][\n]"
12:44:04.375 [main] DEBUG org.apache.http.wire -  >> "Host: altashop-api.fly.dev[\r][\n]"
12:44:04.375 [main] DEBUG org.apache.http.wire -  >> "Connection: Keep-Alive[\r][\n]"
12:44:04.375 [main] DEBUG org.apache.http.wire -  >> "User-Agent: Apache-HttpClient/4.5.13 (Java/14.0.2)[\r][\n]"
12:44:04.375 [main] DEBUG org.apache.http.wire -  >> "Accept-Encoding: gzip,deflate[\r][\n]"
12:44:04.375 [main] DEBUG org.apache.http.wire -  >> "[\r][\n]"
12:44:04.375 [main] DEBUG org.apache.http.headers - >> DELETE /api/products/1 HTTP/1.1
12:44:04.375 [main] DEBUG org.apache.http.headers - >> Accept: */*
12:44:04.375 [main] DEBUG org.apache.http.headers - >> Host: altashop-api.fly.dev
12:44:04.375 [main] DEBUG org.apache.http.headers - >> Connection: Keep-Alive
12:44:04.375 [main] DEBUG org.apache.http.headers - >> User-Agent: Apache-HttpClient/4.5.13 (Java/14.0.2)
12:44:04.375 [main] DEBUG org.apache.http.headers - >> Accept-Encoding: gzip,deflate
12:44:04.410 [main] DEBUG org.apache.http.wire -  << "HTTP/1.1 200 OK[\r][\n]"
12:44:04.411 [main] DEBUG org.apache.http.wire -  << "content-type: application/json[\r][\n]"
12:44:04.411 [main] DEBUG org.apache.http.wire -  << "date: Sat, 06 May 2023 05:52:50 GMT[\r][\n]"
12:44:04.411 [main] DEBUG org.apache.http.wire -  << "content-encoding: gzip[\r][\n]"
12:44:04.411 [main] DEBUG org.apache.http.wire -  << "transfer-encoding: chunked[\r][\n]"
12:44:04.412 [main] DEBUG org.apache.http.wire -  << "server: Fly/3f2597ca (2023-05-03)[\r][\n]"
12:44:04.412 [main] DEBUG org.apache.http.wire -  << "via: 1.1 fly.io[\r][\n]"
12:44:04.412 [main] DEBUG org.apache.http.wire -  << "fly-request-id: 01GZQSXFE0ZQ04FT1JHB0XTD14-sin[\r][\n]"
12:44:04.412 [main] DEBUG org.apache.http.wire -  << "[\r][\n]"
12:44:04.412 [main] DEBUG org.apache.http.impl.conn.DefaultClientConnection - Receiving response: HTTP/1.1 200 OK
12:44:04.412 [main] DEBUG org.apache.http.headers - << HTTP/1.1 200 OK
12:44:04.412 [main] DEBUG org.apache.http.headers - << content-type: application/json
12:44:04.412 [main] DEBUG org.apache.http.headers - << date: Sat, 06 May 2023 05:52:50 GMT
12:44:04.412 [main] DEBUG org.apache.http.headers - << content-encoding: gzip
12:44:04.412 [main] DEBUG org.apache.http.headers - << transfer-encoding: chunked
12:44:04.412 [main] DEBUG org.apache.http.headers - << server: Fly/3f2597ca (2023-05-03)
12:44:04.412 [main] DEBUG org.apache.http.headers - << via: 1.1 fly.io
12:44:04.412 [main] DEBUG org.apache.http.headers - << fly-request-id: 01GZQSXFE0ZQ04FT1JHB0XTD14-sin
12:44:04.412 [main] DEBUG org.apache.http.impl.client.DefaultHttpClient - Connection can be kept alive indefinitely
12:44:04.412 [main] DEBUG io.restassured.internal.RestAssuredHttpBuilder - Parsing response as: application/json
12:44:04.412 [main] DEBUG org.apache.http.wire -  << "22[\r][\n]"
12:44:04.412 [main] DEBUG org.apache.http.wire -  << "[0x1f][0x8b][0x8][0x0][0x0][0x0][0x0][0x0][0x4][0xff][0xab]VJI,IT[0xb2][0xca]+[0xcd][0xc9][0xa9][0xe5][0x2][0x0][0xa3][0xab][0x8f]W[0xe][0x0][0x0][0x0]"
12:44:04.412 [main] DEBUG org.apache.http.wire -  << "[\r][\n]"
12:44:04.413 [main] DEBUG org.apache.http.wire -  << "0[\r][\n]"
12:44:04.413 [main] DEBUG org.apache.http.wire -  << "[\r][\n]"
12:44:04.413 [main] DEBUG io.restassured.internal.RestAssuredHttpBuilder - Parsed data to instance of: class org.apache.http.conn.EofSensorInputStream
12:44:04.415 [main] DEBUG org.apache.http.impl.conn.BasicClientConnectionManager - Releasing connection org.apache.http.impl.conn.ManagedClientConnectionImpl@9da386c
12:44:04.416 [main] DEBUG org.apache.http.impl.conn.BasicClientConnectionManager - Connection can be kept alive indefinitely
12:44:04.417 [main] DEBUG net.thucydides.core.steps.StepInterceptor - STEP DONE: I send DELETE HTTP request
  &amp#27;[32mWhen &amp#27;[0m&amp#27;[32mI send DELETE HTTP request&amp#27;[0m                            &amp#27;[90m# starter.stepdefinitions.UserSteps.iSendDELETEHTTPRequest()&amp#27;[0m
12:44:04.425 [main] DEBUG net.thucydides.core.steps.StepInterceptor - STARTING STEP: UserSteps.iReceiveValidHTTPResponseCode - I receive valids HTTP response code 200
12:44:04.426 [main] DEBUG net.thucydides.core.steps.StepInterceptor - STEP DONE: I receive valids HTTP response code 200
  &amp#27;[32mThen &amp#27;[0m&amp#27;[32mI receive valid HTTP response code 200&amp#27;[0m                &amp#27;[90m# starter.stepdefinitions.UserSteps.iReceiveValidHTTPResponseCode()&amp#27;[0m
12:44:04.431 [main] INFO  - 
  _____   ___   ___   _____     ___     _     ___   ___   ___   ___  
 |_   _| | __| / __| |_   _|   | _ \   /_\   / __| / __| | __| |   \ 
   | |   | _|  \__ \   | |     |  _/  / _ \  \__ \ \__ \ | _|  | |) |
   |_|   |___| |___/   |_|     |_|   /_/ \_\ |___/ |___/ |___| |___/ 

DELETE - As admin I have be able to delete product
----------------------------------------------------------------------
]]></system-out>
  </testcase>
  <testcase name="DELETE - As admin I cannot delete product" classname="User" time="0.345">
    <failure type="java.lang.AssertionError"><![CDATA[java.lang.AssertionError: 
1 expectation failed.
Expected status code <500> but was <200>.

]]></failure>
    <system-out><![CDATA[
@TC-008
Scenario: DELETE - As admin I cannot delete product  &amp#27;[90m# src/test/resources/api/user.feature:66&amp#27;[0m
12:44:04.462 [main] INFO io.cucumber.core.plugin.SerenityReporter - Running feature from file:///C:/Users/Lenovo/IdeaProjects/MiniProject/MiniprojectApi/src/test/resources/api/user.feature
12:44:04.462 [main] WARN io.cucumber.core.plugin.SerenityReporter - Feature from file:///C:/Users/Lenovo/IdeaProjects/MiniProject/MiniprojectApi/src/test/resources/api/user.feature is not under the 'features' directory. Requirements report will not be correctly generated!
12:44:04.467 [main] INFO  - 
  _____   ___   ___   _____     ___   _____     _     ___   _____   ___   ___  
 |_   _| | __| / __| |_   _|   / __| |_   _|   /_\   | _ \ |_   _| | __| |   \ 
   | |   | _|  \__ \   | |     \__ \   | |    / _ \  |   /   | |   | _|  | |) |
   |_|   |___| |___/   |_|     |___/   |_|   /_/ \_\ |_|_\   |_|   |___| |___/ 

DELETE - As admin I cannot delete product(user;delete---as-admin-i-cannot-delete-product)
--------------------------------------------------------------------------------
12:44:04.594 [main] DEBUG net.thucydides.core.steps.StepInterceptor - STARTING STEP: UserSteps.iSetUnmatchedDELETEApiEndpointsProduct - I set unmatched DELETE api endpoints product
12:44:04.595 [main] DEBUG net.thucydides.core.steps.StepInterceptor - STEP DONE: I set unmatched DELETE api endpoints product
  &amp#27;[32mGiven &amp#27;[0m&amp#27;[32mI set unmatched DELETE api endpoints product&amp#27;[0m &amp#27;[90m# starter.stepdefinitions.UserSteps.iSetUnmatchedDELETEApiEndpointsProduct()&amp#27;[0m
12:44:04.600 [main] DEBUG net.thucydides.core.steps.StepInterceptor - STARTING STEP: UserSteps.iSendDELETEHTTPRequest - I send DELETE HTTP request
12:44:04.601 [main] DEBUG net.thucydides.core.steps.StepInterceptor - STARTING STEP: DelProduct.iSendDELETEHTTPRequest - I set DELETE api endpoints product
12:44:04.601 [main] DEBUG net.thucydides.core.steps.StepInterceptor - STEP DONE: I set DELETE api endpoints product
12:44:04.615 [main] DEBUG org.apache.http.impl.conn.BasicClientConnectionManager - Get connection for route {s}->https://altashop-api.fly.dev:443
12:44:04.615 [main] DEBUG org.apache.http.impl.conn.DefaultClientConnectionOperator - Connecting to altashop-api.fly.dev:443
12:44:04.722 [main] DEBUG org.apache.http.client.protocol.RequestAddCookies - CookieSpec selected: ignoreCookies
12:44:04.722 [main] DEBUG org.apache.http.client.protocol.RequestAuthCache - Auth cache not set in the context
12:44:04.722 [main] DEBUG org.apache.http.client.protocol.RequestTargetAuthentication - Target auth state: UNCHALLENGED
12:44:04.722 [main] DEBUG org.apache.http.client.protocol.RequestProxyAuthentication - Proxy auth state: UNCHALLENGED
12:44:04.723 [main] DEBUG org.apache.http.impl.client.DefaultHttpClient - Attempt 1 to execute request
12:44:04.723 [main] DEBUG org.apache.http.impl.conn.DefaultClientConnection - Sending request: DELETE /api/products/1 HTTP/1.1
12:44:04.723 [main] DEBUG org.apache.http.wire -  >> "DELETE /api/products/1 HTTP/1.1[\r][\n]"
12:44:04.723 [main] DEBUG org.apache.http.wire -  >> "Accept: */*[\r][\n]"
12:44:04.723 [main] DEBUG org.apache.http.wire -  >> "Host: altashop-api.fly.dev[\r][\n]"
12:44:04.723 [main] DEBUG org.apache.http.wire -  >> "Connection: Keep-Alive[\r][\n]"
12:44:04.723 [main] DEBUG org.apache.http.wire -  >> "User-Agent: Apache-HttpClient/4.5.13 (Java/14.0.2)[\r][\n]"
12:44:04.723 [main] DEBUG org.apache.http.wire -  >> "Accept-Encoding: gzip,deflate[\r][\n]"
12:44:04.723 [main] DEBUG org.apache.http.wire -  >> "[\r][\n]"
12:44:04.724 [main] DEBUG org.apache.http.headers - >> DELETE /api/products/1 HTTP/1.1
12:44:04.724 [main] DEBUG org.apache.http.headers - >> Accept: */*
12:44:04.724 [main] DEBUG org.apache.http.headers - >> Host: altashop-api.fly.dev
12:44:04.724 [main] DEBUG org.apache.http.headers - >> Connection: Keep-Alive
12:44:04.724 [main] DEBUG org.apache.http.headers - >> User-Agent: Apache-HttpClient/4.5.13 (Java/14.0.2)
12:44:04.724 [main] DEBUG org.apache.http.headers - >> Accept-Encoding: gzip,deflate
12:44:04.758 [main] DEBUG org.apache.http.wire -  << "HTTP/1.1 200 OK[\r][\n]"
12:44:04.758 [main] DEBUG org.apache.http.wire -  << "content-type: application/json[\r][\n]"
12:44:04.758 [main] DEBUG org.apache.http.wire -  << "date: Sat, 06 May 2023 05:52:50 GMT[\r][\n]"
12:44:04.758 [main] DEBUG org.apache.http.wire -  << "content-encoding: gzip[\r][\n]"
12:44:04.758 [main] DEBUG org.apache.http.wire -  << "transfer-encoding: chunked[\r][\n]"
12:44:04.758 [main] DEBUG org.apache.http.wire -  << "server: Fly/3f2597ca (2023-05-03)[\r][\n]"
12:44:04.758 [main] DEBUG org.apache.http.wire -  << "via: 1.1 fly.io[\r][\n]"
12:44:04.758 [main] DEBUG org.apache.http.wire -  << "fly-request-id: 01GZQSXFRYY5KY8MAJS27R9K8M-sin[\r][\n]"
12:44:04.758 [main] DEBUG org.apache.http.wire -  << "[\r][\n]"
12:44:04.758 [main] DEBUG org.apache.http.impl.conn.DefaultClientConnection - Receiving response: HTTP/1.1 200 OK
12:44:04.758 [main] DEBUG org.apache.http.headers - << HTTP/1.1 200 OK
12:44:04.758 [main] DEBUG org.apache.http.headers - << content-type: application/json
12:44:04.758 [main] DEBUG org.apache.http.headers - << date: Sat, 06 May 2023 05:52:50 GMT
12:44:04.758 [main] DEBUG org.apache.http.headers - << content-encoding: gzip
12:44:04.758 [main] DEBUG org.apache.http.headers - << transfer-encoding: chunked
12:44:04.758 [main] DEBUG org.apache.http.headers - << server: Fly/3f2597ca (2023-05-03)
12:44:04.758 [main] DEBUG org.apache.http.headers - << via: 1.1 fly.io
12:44:04.758 [main] DEBUG org.apache.http.headers - << fly-request-id: 01GZQSXFRYY5KY8MAJS27R9K8M-sin
12:44:04.759 [main] DEBUG org.apache.http.impl.client.DefaultHttpClient - Connection can be kept alive indefinitely
12:44:04.759 [main] DEBUG io.restassured.internal.RestAssuredHttpBuilder - Parsing response as: application/json
12:44:04.759 [main] DEBUG org.apache.http.wire -  << "22[\r][\n]"
12:44:04.759 [main] DEBUG org.apache.http.wire -  << "[0x1f][0x8b][0x8][0x0][0x0][0x0][0x0][0x0][0x4][0xff][0xab]VJI,IT[0xb2][0xca]+[0xcd][0xc9][0xa9][0xe5][0x2][0x0][0xa3][0xab][0x8f]W[0xe][0x0][0x0][0x0]"
12:44:04.759 [main] DEBUG org.apache.http.wire -  << "[\r][\n]"
12:44:04.759 [main] DEBUG org.apache.http.wire -  << "0[\r][\n]"
12:44:04.759 [main] DEBUG org.apache.http.wire -  << "[\r][\n]"
12:44:04.759 [main] DEBUG io.restassured.internal.RestAssuredHttpBuilder - Parsed data to instance of: class org.apache.http.conn.EofSensorInputStream
12:44:04.760 [main] DEBUG org.apache.http.impl.conn.BasicClientConnectionManager - Releasing connection org.apache.http.impl.conn.ManagedClientConnectionImpl@6ddc817f
12:44:04.760 [main] DEBUG org.apache.http.impl.conn.BasicClientConnectionManager - Connection can be kept alive indefinitely
12:44:04.761 [main] DEBUG net.thucydides.core.steps.StepInterceptor - STEP DONE: I send DELETE HTTP request
  &amp#27;[32mWhen &amp#27;[0m&amp#27;[32mI send DELETE HTTP request&amp#27;[0m                    &amp#27;[90m# starter.stepdefinitions.UserSteps.iSendDELETEHTTPRequest()&amp#27;[0m
12:44:04.765 [main] DEBUG net.thucydides.core.steps.StepInterceptor - STARTING STEP: UserSteps.iReceiveValidHTTPResponseCode500 - I receive valid HTTP response code 500
  &amp#27;[31mThen &amp#27;[0m&amp#27;[31mI receive valid HTTP response code 500&amp#27;[0m        &amp#27;[90m# starter.stepdefinitions.UserSteps.iReceiveValidHTTPResponseCode500()&amp#27;[0m
      &amp#27;[31mjava.lang.AssertionError: 1 expectation failed.
Expected status code <500> but was <200>.

	at java.base/jdk.internal.reflect.NativeConstructorAccessorImpl.newInstance0(Native Method)
	at java.base/jdk.internal.reflect.NativeConstructorAccessorImpl.newInstance(NativeConstructorAccessorImpl.java:62)
	at java.base/jdk.internal.reflect.DelegatingConstructorAccessorImpl.newInstance(DelegatingConstructorAccessorImpl.java:45)
	at java.base/java.lang.reflect.Constructor.newInstanceWithCaller(Constructor.java:500)
	at java.base/java.lang.reflect.Constructor.newInstance(Constructor.java:481)
	at org.codehaus.groovy.reflection.CachedConstructor.invoke(CachedConstructor.java:73)
	at org.codehaus.groovy.reflection.CachedConstructor.doConstructorInvoke(CachedConstructor.java:60)
	at org.codehaus.groovy.runtime.callsite.ConstructorSite$ConstructorSiteNoUnwrap.callConstructor(ConstructorSite.java:86)
	at org.codehaus.groovy.runtime.callsite.AbstractCallSite.callConstructor(AbstractCallSite.java:277)
	at io.restassured.internal.ResponseSpecificationImpl$HamcrestAssertionClosure.validate(ResponseSpecificationImpl.groovy:512)
	at io.restassured.internal.ResponseSpecificationImpl$HamcrestAssertionClosure$validate$1.call(Unknown Source)
	at io.restassured.internal.ResponseSpecificationImpl.validateResponseIfRequired(ResponseSpecificationImpl.groovy:696)
	at io.restassured.internal.ResponseSpecificationImpl.this$2$validateResponseIfRequired(ResponseSpecificationImpl.groovy)
	at java.base/jdk.internal.reflect.NativeMethodAccessorImpl.invoke0(Native Method)
	at java.base/jdk.internal.reflect.NativeMethodAccessorImpl.invoke(NativeMethodAccessorImpl.java:62)
	at java.base/jdk.internal.reflect.DelegatingMethodAccessorImpl.invoke(DelegatingMethodAccessorImpl.java:43)
	at java.base/java.lang.reflect.Method.invoke(Method.java:564)
	at org.codehaus.groovy.runtime.callsite.PlainObjectMetaMethodSite.doInvoke(PlainObjectMetaMethodSite.java:43)
	at org.codehaus.groovy.runtime.callsite.PogoMetaMethodSite$PogoCachedMethodSiteNoUnwrapNoCoerce.invoke(PogoMetaMethodSite.java:198)
	at org.codehaus.groovy.runtime.callsite.PogoMetaMethodSite.callCurrent(PogoMetaMethodSite.java:62)
	at org.codehaus.groovy.runtime.callsite.AbstractCallSite.callCurrent(AbstractCallSite.java:185)
	at io.restassured.internal.ResponseSpecificationImpl.statusCode(ResponseSpecificationImpl.groovy:135)
	at io.restassured.specification.ResponseSpecification$statusCode$0.callCurrent(Unknown Source)
	at io.restassured.internal.ResponseSpecificationImpl.statusCode(ResponseSpecificationImpl.groovy:143)
	at io.restassured.internal.ValidatableResponseOptionsImpl.statusCode(ValidatableResponseOptionsImpl.java:89)
	at MiniprojectApi@1.0-SNAPSHOT/starter.user.NDelProduct.lambda$iReceiveValidHTTPResponseCode500$0(NDelProduct.java:20)
	at net.serenitybdd.rest.SerenityRest.restAssuredThat(SerenityRest.java:626)
	at MiniprojectApi@1.0-SNAPSHOT/starter.user.NDelProduct.iReceiveValidHTTPResponseCode500(NDelProduct.java:20)
	at MiniprojectApi@1.0-SNAPSHOT/starter.user.NDelProduct$ByteBuddy$LZq4A3Q6.iReceiveValidHTTPResponseCode500$accessor$vAVzZwxA(Unknown Source)
	at java.base/jdk.internal.reflect.NativeMethodAccessorImpl.invoke0(Native Method)
	at java.base/jdk.internal.reflect.NativeMethodAccessorImpl.invoke(NativeMethodAccessorImpl.java:62)
	at java.base/jdk.internal.reflect.DelegatingMethodAccessorImpl.invoke(DelegatingMethodAccessorImpl.java:43)
	at java.base/java.lang.reflect.Method.invoke(Method.java:564)
	at net.thucydides.core.steps.StepInterceptor.invokeMethod(StepInterceptor.java:503)
	at net.thucydides.core.steps.StepInterceptor.executeTestStepMethod(StepInterceptor.java:483)
	at net.thucydides.core.steps.StepInterceptor.runTestStep(StepInterceptor.java:457)
	at net.thucydides.core.steps.StepInterceptor.runOrSkipMethod(StepInterceptor.java:209)
	at net.thucydides.core.steps.StepInterceptor.testStepResult(StepInterceptor.java:196)
	at net.thucydides.core.steps.StepInterceptor.intercept(StepInterceptor.java:84)
	at net.thucydides.core.steps.ProxyConfiguration$InterceptorDispatcher.intercept(ProxyConfiguration.java:51)
	at MiniprojectApi@1.0-SNAPSHOT/starter.user.NDelProduct$ByteBuddy$LZq4A3Q6.iReceiveValidHTTPResponseCode500(Unknown Source)
	at MiniprojectApi@1.0-SNAPSHOT/starter.stepdefinitions.UserSteps.iReceiveValidHTTPResponseCode500(UserSteps.java:118)
	at âœ½.I receive valid HTTP response code 500(file:///C:/Users/Lenovo/IdeaProjects/MiniProject/MiniprojectApi/src/test/resources/api/user.feature:69)
&amp#27;[0m
12:44:04.777 [main] ERROR  - 
  _____   ___   ___   _____     ___     _     ___   _      ___   ___  
 |_   _| | __| / __| |_   _|   | __|   /_\   |_ _| | |    | __| |   \ 
   | |   | _|  \__ \   | |     | _|   / _ \   | |  | |__  | _|  | |) |
   |_|   |___| |___/   |_|     |_|   /_/ \_\ |___| |____| |___| |___/ 

DELETE - As admin I cannot delete product
-----------------------------------------------------------------------
12:44:04.777 [main] DEBUG  - RELATED ISSUES: 
12:44:04.778 [main] ERROR  -     Test failed at step: I receive valid HTTP response code 500
12:44:04.778 [main] ERROR  -     1 expectation failed.Expected status code <500> but was <200>.
]]></system-out>
  </testcase>
  <testcase name="POST - As admin I have be able to create new product" classname="User" time="0.976">
    <system-out><![CDATA[12:44:04.800 [Finalizer] DEBUG org.apache.http.impl.conn.DefaultClientConnection - Connection 0.0.0.0:65162<->149.248.193.56:443 closed
12:44:04.802 [Finalizer] DEBUG org.apache.http.impl.conn.DefaultClientConnection - Connection 0.0.0.0:65161<->149.248.193.56:443 closed
12:44:04.804 [Finalizer] DEBUG org.apache.http.impl.conn.DefaultClientConnection - Connection 0.0.0.0:65163<->149.248.193.56:443 closed

@TC-003
Scenario: POST - As admin I have be able to create new product  &amp#27;[90m# src/test/resources/api/user.feature:72&amp#27;[0m
12:44:04.809 [main] INFO io.cucumber.core.plugin.SerenityReporter - Running feature from file:///C:/Users/Lenovo/IdeaProjects/MiniProject/MiniprojectApi/src/test/resources/api/user.feature
12:44:04.809 [main] WARN io.cucumber.core.plugin.SerenityReporter - Feature from file:///C:/Users/Lenovo/IdeaProjects/MiniProject/MiniprojectApi/src/test/resources/api/user.feature is not under the 'features' directory. Requirements report will not be correctly generated!
12:44:04.812 [main] INFO  - 
  _____   ___   ___   _____     ___   _____     _     ___   _____   ___   ___  
 |_   _| | __| / __| |_   _|   / __| |_   _|   /_\   | _ \ |_   _| | __| |   \ 
   | |   | _|  \__ \   | |     \__ \   | |    / _ \  |   /   | |   | _|  | |) |
   |_|   |___| |___/   |_|     |___/   |_|   /_/ \_\ |_|_\   |_|   |___| |___/ 

POST - As admin I have be able to create new product(user;post---as-admin-i-have-be-able-to-create-new-product)
--------------------------------------------------------------------------------
12:44:04.894 [main] DEBUG net.thucydides.core.steps.StepInterceptor - STARTING STEP: UserSteps.iSetPOSTApiEndpointsLogin - I set POST api endpoints login
12:44:04.895 [main] DEBUG net.thucydides.core.steps.StepInterceptor - STEP DONE: I set POST api endpoints login
  &amp#27;[32mGiven &amp#27;[0m&amp#27;[32mI set POST api endpoints login&amp#27;[0m                          &amp#27;[90m# starter.stepdefinitions.UserSteps.iSetPOSTApiEndpointsLogin()&amp#27;[0m
12:44:04.899 [main] DEBUG net.thucydides.core.steps.StepInterceptor - STARTING STEP: UserSteps.iSendPOSTHTTPRequestLogin - I send POST HTTP request login
12:44:04.919 [main] DEBUG net.thucydides.core.steps.StepInterceptor - STARTING STEP: PostLogin.iSendPOSTHTTPRequestLogin - I set POST api endpoints login
12:44:04.919 [main] DEBUG net.thucydides.core.steps.StepInterceptor - STEP DONE: I set POST api endpoints login
12:44:04.995 [main] DEBUG org.apache.http.impl.conn.BasicClientConnectionManager - Get connection for route {s}->https://altashop-api.fly.dev:443
12:44:04.996 [main] DEBUG org.apache.http.impl.conn.DefaultClientConnectionOperator - Connecting to altashop-api.fly.dev:443
12:44:05.102 [main] DEBUG org.apache.http.client.protocol.RequestAddCookies - CookieSpec selected: ignoreCookies
12:44:05.102 [main] DEBUG org.apache.http.client.protocol.RequestAuthCache - Auth cache not set in the context
12:44:05.102 [main] DEBUG org.apache.http.client.protocol.RequestTargetAuthentication - Target auth state: UNCHALLENGED
12:44:05.102 [main] DEBUG org.apache.http.client.protocol.RequestProxyAuthentication - Proxy auth state: UNCHALLENGED
12:44:05.102 [main] DEBUG org.apache.http.impl.client.DefaultHttpClient - Attempt 1 to execute request
12:44:05.102 [main] DEBUG org.apache.http.impl.conn.DefaultClientConnection - Sending request: POST /api/auth/login HTTP/1.1
12:44:05.102 [main] DEBUG org.apache.http.wire -  >> "POST /api/auth/login HTTP/1.1[\r][\n]"
12:44:05.102 [main] DEBUG org.apache.http.wire -  >> "Accept: */*[\r][\n]"
12:44:05.102 [main] DEBUG org.apache.http.wire -  >> "Content-Type: application/json[\r][\n]"
12:44:05.102 [main] DEBUG org.apache.http.wire -  >> "Content-Length: 48[\r][\n]"
12:44:05.102 [main] DEBUG org.apache.http.wire -  >> "Host: altashop-api.fly.dev[\r][\n]"
12:44:05.102 [main] DEBUG org.apache.http.wire -  >> "Connection: Keep-Alive[\r][\n]"
12:44:05.103 [main] DEBUG org.apache.http.wire -  >> "User-Agent: Apache-HttpClient/4.5.13 (Java/14.0.2)[\r][\n]"
12:44:05.103 [main] DEBUG org.apache.http.wire -  >> "Accept-Encoding: gzip,deflate[\r][\n]"
12:44:05.103 [main] DEBUG org.apache.http.wire -  >> "[\r][\n]"
12:44:05.103 [main] DEBUG org.apache.http.headers - >> POST /api/auth/login HTTP/1.1
12:44:05.103 [main] DEBUG org.apache.http.headers - >> Accept: */*
12:44:05.103 [main] DEBUG org.apache.http.headers - >> Content-Type: application/json
12:44:05.103 [main] DEBUG org.apache.http.headers - >> Content-Length: 48
12:44:05.103 [main] DEBUG org.apache.http.headers - >> Host: altashop-api.fly.dev
12:44:05.103 [main] DEBUG org.apache.http.headers - >> Connection: Keep-Alive
12:44:05.103 [main] DEBUG org.apache.http.headers - >> User-Agent: Apache-HttpClient/4.5.13 (Java/14.0.2)
12:44:05.103 [main] DEBUG org.apache.http.headers - >> Accept-Encoding: gzip,deflate
12:44:05.103 [main] DEBUG org.apache.http.wire -  >> "{"password":"123123","email":"someone@mail.com"}"
12:44:05.143 [main] DEBUG org.apache.http.wire -  << "HTTP/1.1 200 OK[\r][\n]"
12:44:05.143 [main] DEBUG org.apache.http.wire -  << "content-type: application/json[\r][\n]"
12:44:05.143 [main] DEBUG org.apache.http.wire -  << "date: Sat, 06 May 2023 05:52:51 GMT[\r][\n]"
12:44:05.143 [main] DEBUG org.apache.http.wire -  << "content-encoding: gzip[\r][\n]"
12:44:05.143 [main] DEBUG org.apache.http.wire -  << "transfer-encoding: chunked[\r][\n]"
12:44:05.143 [main] DEBUG org.apache.http.wire -  << "server: Fly/3f2597ca (2023-05-03)[\r][\n]"
12:44:05.143 [main] DEBUG org.apache.http.wire -  << "via: 1.1 fly.io[\r][\n]"
12:44:05.143 [main] DEBUG org.apache.http.wire -  << "fly-request-id: 01GZQSXG4T0RDG1A8YZSV6MHJ2-sin[\r][\n]"
12:44:05.143 [main] DEBUG org.apache.http.wire -  << "[\r][\n]"
12:44:05.143 [main] DEBUG org.apache.http.impl.conn.DefaultClientConnection - Receiving response: HTTP/1.1 200 OK
12:44:05.143 [main] DEBUG org.apache.http.headers - << HTTP/1.1 200 OK
12:44:05.143 [main] DEBUG org.apache.http.headers - << content-type: application/json
12:44:05.144 [main] DEBUG org.apache.http.headers - << date: Sat, 06 May 2023 05:52:51 GMT
12:44:05.144 [main] DEBUG org.apache.http.headers - << content-encoding: gzip
12:44:05.144 [main] DEBUG org.apache.http.headers - << transfer-encoding: chunked
12:44:05.144 [main] DEBUG org.apache.http.headers - << server: Fly/3f2597ca (2023-05-03)
12:44:05.144 [main] DEBUG org.apache.http.headers - << via: 1.1 fly.io
12:44:05.144 [main] DEBUG org.apache.http.headers - << fly-request-id: 01GZQSXG4T0RDG1A8YZSV6MHJ2-sin
12:44:05.144 [main] DEBUG org.apache.http.impl.client.DefaultHttpClient - Connection can be kept alive indefinitely
12:44:05.144 [main] DEBUG io.restassured.internal.RestAssuredHttpBuilder - Parsing response as: application/json
12:44:05.144 [main] DEBUG org.apache.http.wire -  << "AC[\r][\n]"
12:44:05.144 [main] DEBUG org.apache.http.wire -  << "[0x1f][0x8b][0x8][0x0][0x0][0x0][0x0][0x0][0x4][0xff][0xab]VJI,IT[0xb2]RJ[0xad][0xf4][0xca]HrO[0xce][0xf4][0xcf][0xf4][0xf2][0xc][0xad][0xf2]4[0xf4][0xcb][0xf4],[0xf6][0xcc][0xb]2Mv[0xf6]4[0xf3][0xcc].[0x88][0x8]s[0xf6][0xb2][0xd4]K[0xad][0xf4]rO[0x9][0xaf](N[0xca]u+[0x89][\n]"
12:44:05.144 [main] DEBUG org.apache.http.wire -  << "[0x6]K[0x94]%[0xba][0x9b][0xa4][0x7][0xb9][[0xe6]xf[0x96]g[0x6][0x85][0x1b]f$[0x86][0x97][0x83][0xc][0xa9]J22[0xcc]I22[0xcd][0x9]t[0x7][0x8b][0x95]F[0x1a]Y[0x96]x[0xe6][0x19][0xe8][0x85][0x97]9[0x5]W$[0x7][0xba][0x16][0x16][0xe6]e:[0x1b][0x96][0x19]X[0xf8]Te[0x17]y$[0xbb][0xfa][0xa4][0xa6][0x17][0x1b]$[0x99][0x97][0x95]d[0xb9][0x7][0x84]g&[0xba][0x86]'{*[0xd5]r[0x1][0x0]?[0x99][0xcf]j[0xa0][0x0][0x0][0x0]"
12:44:05.144 [main] DEBUG org.apache.http.wire -  << "[\r][\n]"
12:44:05.144 [main] DEBUG org.apache.http.wire -  << "0[\r][\n]"
12:44:05.144 [main] DEBUG org.apache.http.wire -  << "[\r][\n]"
12:44:05.144 [main] DEBUG io.restassured.internal.RestAssuredHttpBuilder - Parsed data to instance of: class org.apache.http.conn.EofSensorInputStream
12:44:05.147 [main] DEBUG org.apache.http.impl.conn.BasicClientConnectionManager - Releasing connection org.apache.http.impl.conn.ManagedClientConnectionImpl@27563444
12:44:05.147 [main] DEBUG org.apache.http.impl.conn.BasicClientConnectionManager - Connection can be kept alive indefinitely
12:44:05.201 [main] DEBUG net.thucydides.core.steps.StepInterceptor - STEP DONE: I send POST HTTP request login
  &amp#27;[32mWhen &amp#27;[0m&amp#27;[32mI send POST HTTP request login&amp#27;[0m                           &amp#27;[90m# starter.stepdefinitions.UserSteps.iSendPOSTHTTPRequestLogin()&amp#27;[0m
12:44:05.206 [main] DEBUG net.thucydides.core.steps.StepInterceptor - STARTING STEP: UserSteps.iSetPOSTApiEndpointsProduct - I set POST api endpoints product
12:44:05.207 [main] DEBUG net.thucydides.core.steps.StepInterceptor - STEP DONE: I set POST api endpoints product
  &amp#27;[32mAnd &amp#27;[0m&amp#27;[32mI set POST api endpoints product&amp#27;[0m                          &amp#27;[90m# starter.stepdefinitions.UserSteps.iSetPOSTApiEndpointsProduct()&amp#27;[0m
12:44:05.212 [main] DEBUG net.thucydides.core.steps.StepInterceptor - STARTING STEP: UserSteps.iSendPOSTHTTPRequestpostproduct - I send POST HTTP request product
12:44:05.216 [main] DEBUG net.thucydides.core.steps.StepInterceptor - STARTING STEP: PostProduct.iSendPOSTHTTPRequestpostproduct - I set POST api endpoints product
12:44:05.217 [main] DEBUG net.thucydides.core.steps.StepInterceptor - STEP DONE: I set POST api endpoints product
12:44:05.238 [main] DEBUG org.apache.http.impl.conn.BasicClientConnectionManager - Get connection for route {s}->https://altashop-api.fly.dev:443
12:44:05.238 [main] DEBUG org.apache.http.impl.conn.DefaultClientConnectionOperator - Connecting to altashop-api.fly.dev:443
12:44:05.322 [main] DEBUG org.apache.http.client.protocol.RequestAddCookies - CookieSpec selected: ignoreCookies
12:44:05.322 [main] DEBUG org.apache.http.client.protocol.RequestAuthCache - Auth cache not set in the context
12:44:05.322 [main] DEBUG org.apache.http.client.protocol.RequestTargetAuthentication - Target auth state: UNCHALLENGED
12:44:05.322 [main] DEBUG org.apache.http.client.protocol.RequestProxyAuthentication - Proxy auth state: UNCHALLENGED
12:44:05.322 [main] DEBUG org.apache.http.impl.client.DefaultHttpClient - Attempt 1 to execute request
12:44:05.322 [main] DEBUG org.apache.http.impl.conn.DefaultClientConnection - Sending request: POST /api/products HTTP/1.1
12:44:05.322 [main] DEBUG org.apache.http.wire -  >> "POST /api/products HTTP/1.1[\r][\n]"
12:44:05.322 [main] DEBUG org.apache.http.wire -  >> "Accept: */*[\r][\n]"
12:44:05.322 [main] DEBUG org.apache.http.wire -  >> "Content-Type: application/json[\r][\n]"
12:44:05.323 [main] DEBUG org.apache.http.wire -  >> "Content-Length: 83[\r][\n]"
12:44:05.323 [main] DEBUG org.apache.http.wire -  >> "Host: altashop-api.fly.dev[\r][\n]"
12:44:05.323 [main] DEBUG org.apache.http.wire -  >> "Connection: Keep-Alive[\r][\n]"
12:44:05.323 [main] DEBUG org.apache.http.wire -  >> "User-Agent: Apache-HttpClient/4.5.13 (Java/14.0.2)[\r][\n]"
12:44:05.323 [main] DEBUG org.apache.http.wire -  >> "Accept-Encoding: gzip,deflate[\r][\n]"
12:44:05.323 [main] DEBUG org.apache.http.wire -  >> "[\r][\n]"
12:44:05.323 [main] DEBUG org.apache.http.headers - >> POST /api/products HTTP/1.1
12:44:05.323 [main] DEBUG org.apache.http.headers - >> Accept: */*
12:44:05.323 [main] DEBUG org.apache.http.headers - >> Content-Type: application/json
12:44:05.323 [main] DEBUG org.apache.http.headers - >> Content-Length: 83
12:44:05.323 [main] DEBUG org.apache.http.headers - >> Host: altashop-api.fly.dev
12:44:05.323 [main] DEBUG org.apache.http.headers - >> Connection: Keep-Alive
12:44:05.323 [main] DEBUG org.apache.http.headers - >> User-Agent: Apache-HttpClient/4.5.13 (Java/14.0.2)
12:44:05.323 [main] DEBUG org.apache.http.headers - >> Accept-Encoding: gzip,deflate
12:44:05.323 [main] DEBUG org.apache.http.wire -  >> "{"price":299,"name":"Sony PS5","description":"play has no limits","categories":[1]}"
12:44:05.360 [main] DEBUG org.apache.http.wire -  << "HTTP/1.1 200 OK[\r][\n]"
12:44:05.360 [main] DEBUG org.apache.http.wire -  << "content-type: application/json[\r][\n]"
12:44:05.360 [main] DEBUG org.apache.http.wire -  << "date: Sat, 06 May 2023 05:52:51 GMT[\r][\n]"
12:44:05.360 [main] DEBUG org.apache.http.wire -  << "content-encoding: gzip[\r][\n]"
12:44:05.360 [main] DEBUG org.apache.http.wire -  << "transfer-encoding: chunked[\r][\n]"
12:44:05.360 [main] DEBUG org.apache.http.wire -  << "server: Fly/3f2597ca (2023-05-03)[\r][\n]"
12:44:05.360 [main] DEBUG org.apache.http.wire -  << "via: 1.1 fly.io[\r][\n]"
12:44:05.360 [main] DEBUG org.apache.http.wire -  << "fly-request-id: 01GZQSXGBNRT4W37HMTVR8032E-sin[\r][\n]"
12:44:05.360 [main] DEBUG org.apache.http.wire -  << "[\r][\n]"
12:44:05.360 [main] DEBUG org.apache.http.impl.conn.DefaultClientConnection - Receiving response: HTTP/1.1 200 OK
12:44:05.360 [main] DEBUG org.apache.http.headers - << HTTP/1.1 200 OK
12:44:05.360 [main] DEBUG org.apache.http.headers - << content-type: application/json
12:44:05.360 [main] DEBUG org.apache.http.headers - << date: Sat, 06 May 2023 05:52:51 GMT
12:44:05.360 [main] DEBUG org.apache.http.headers - << content-encoding: gzip
12:44:05.360 [main] DEBUG org.apache.http.headers - << transfer-encoding: chunked
12:44:05.360 [main] DEBUG org.apache.http.headers - << server: Fly/3f2597ca (2023-05-03)
12:44:05.360 [main] DEBUG org.apache.http.headers - << via: 1.1 fly.io
12:44:05.360 [main] DEBUG org.apache.http.headers - << fly-request-id: 01GZQSXGBNRT4W37HMTVR8032E-sin
12:44:05.360 [main] DEBUG org.apache.http.impl.client.DefaultHttpClient - Connection can be kept alive indefinitely
12:44:05.361 [main] DEBUG io.restassured.internal.RestAssuredHttpBuilder - Parsing response as: application/json
12:44:05.361 [main] DEBUG org.apache.http.wire -  << "87[\r][\n]"
12:44:05.361 [main] DEBUG org.apache.http.wire -  << "[0x1f][0x8b][0x8][0x0][0x0][0x0][0x0][0x0][0x4][0xff][0xab]VJI,IT[0xb2][0xaa]V[0xf2]tQ[0xb2]2465[0xb5][0xd4]Q[0xf2]K[0xcc]MU[0xb2]R[\n]"
12:44:05.361 [main] DEBUG org.apache.http.wire -  << "[0xce][0xcf][0xab]T[0x8][0x8]6U[0xd2]QrI-N.[0xca],([0xc9][0xcc][0xcf]S[0xb2]R*[0xc8]I[0xac]T[0xc8]H,V[0xc8][0xcb]W[0xc8][0xc9][0xcc][0xcd],)V[0xd2]Q[\n]"
12:44:05.361 [main] DEBUG org.apache.http.wire -  << "([0xca]LNU[0xb2]2[0xb2][0xb4][0xd4]Q[\n]"
12:44:05.361 [main] DEBUG org.apache.http.wire -  << "J,[0xc9][0xcc]K/V[0xb2]2[0xd0]QrN,IM[0xcf]/[0xca]L-V[0xb2][0x8a][0x8e][0xad][0xad][0xe5][0x2][0x0][0xe1][0xf5][0xde][0xa8]s[0x0][0x0][0x0]"
12:44:05.361 [main] DEBUG org.apache.http.wire -  << "[\r][\n]"
12:44:05.361 [main] DEBUG org.apache.http.wire -  << "0[\r][\n]"
12:44:05.361 [main] DEBUG org.apache.http.wire -  << "[\r][\n]"
12:44:05.361 [main] DEBUG io.restassured.internal.RestAssuredHttpBuilder - Parsed data to instance of: class org.apache.http.conn.EofSensorInputStream
12:44:05.362 [main] DEBUG org.apache.http.impl.conn.BasicClientConnectionManager - Releasing connection org.apache.http.impl.conn.ManagedClientConnectionImpl@4e797a39
12:44:05.362 [main] DEBUG org.apache.http.impl.conn.BasicClientConnectionManager - Connection can be kept alive indefinitely
12:44:05.363 [main] DEBUG net.thucydides.core.steps.StepInterceptor - STEP DONE: I send POST HTTP request product
  &amp#27;[32mAnd &amp#27;[0m&amp#27;[32mI send POST HTTP request post product&amp#27;[0m                     &amp#27;[90m# starter.stepdefinitions.UserSteps.iSendPOSTHTTPRequestpostproduct()&amp#27;[0m
12:44:05.367 [main] DEBUG net.thucydides.core.steps.StepInterceptor - STARTING STEP: UserSteps.iReceive1ValidLoginAndProductHTTPResponseCode - I receive valid login and product HTTP response code 200
12:44:05.368 [main] DEBUG net.thucydides.core.steps.StepInterceptor - STARTING STEP: PostProduct.iReceive1ValidLoginAndProductHTTPResponseCode - I set POST api endpoints product
12:44:05.369 [main] DEBUG net.thucydides.core.steps.StepInterceptor - STEP DONE: I set POST api endpoints product
12:44:05.377 [main] DEBUG org.apache.http.impl.conn.BasicClientConnectionManager - Get connection for route {s}->https://altashop-api.fly.dev:443
12:44:05.377 [main] DEBUG org.apache.http.impl.conn.DefaultClientConnectionOperator - Connecting to altashop-api.fly.dev:443
12:44:05.478 [main] DEBUG org.apache.http.client.protocol.RequestAddCookies - CookieSpec selected: ignoreCookies
12:44:05.478 [main] DEBUG org.apache.http.client.protocol.RequestAuthCache - Auth cache not set in the context
12:44:05.478 [main] DEBUG org.apache.http.client.protocol.RequestProxyAuthentication - Proxy auth state: UNCHALLENGED
12:44:05.478 [main] DEBUG org.apache.http.impl.client.DefaultHttpClient - Attempt 1 to execute request
12:44:05.478 [main] DEBUG org.apache.http.impl.conn.DefaultClientConnection - Sending request: GET /api/products HTTP/1.1
12:44:05.478 [main] DEBUG org.apache.http.wire -  >> "GET /api/products HTTP/1.1[\r][\n]"
12:44:05.478 [main] DEBUG org.apache.http.wire -  >> "Authorization: Bearer [\r][\n]"
12:44:05.478 [main] DEBUG org.apache.http.wire -  >> "Accept: */*[\r][\n]"
12:44:05.478 [main] DEBUG org.apache.http.wire -  >> "Host: altashop-api.fly.dev[\r][\n]"
12:44:05.478 [main] DEBUG org.apache.http.wire -  >> "Connection: Keep-Alive[\r][\n]"
12:44:05.478 [main] DEBUG org.apache.http.wire -  >> "User-Agent: Apache-HttpClient/4.5.13 (Java/14.0.2)[\r][\n]"
12:44:05.478 [main] DEBUG org.apache.http.wire -  >> "Accept-Encoding: gzip,deflate[\r][\n]"
12:44:05.478 [main] DEBUG org.apache.http.wire -  >> "[\r][\n]"
12:44:05.478 [main] DEBUG org.apache.http.headers - >> GET /api/products HTTP/1.1
12:44:05.478 [main] DEBUG org.apache.http.headers - >> Authorization: Bearer 
12:44:05.478 [main] DEBUG org.apache.http.headers - >> Accept: */*
12:44:05.478 [main] DEBUG org.apache.http.headers - >> Host: altashop-api.fly.dev
12:44:05.478 [main] DEBUG org.apache.http.headers - >> Connection: Keep-Alive
12:44:05.478 [main] DEBUG org.apache.http.headers - >> User-Agent: Apache-HttpClient/4.5.13 (Java/14.0.2)
12:44:05.478 [main] DEBUG org.apache.http.headers - >> Accept-Encoding: gzip,deflate
12:44:05.644 [main] DEBUG org.apache.http.wire -  << "HTTP/1.1 200 OK[\r][\n]"
12:44:05.644 [main] DEBUG org.apache.http.wire -  << "content-type: application/json[\r][\n]"
12:44:05.644 [main] DEBUG org.apache.http.wire -  << "date: Sat, 06 May 2023 05:52:51 GMT[\r][\n]"
12:44:05.645 [main] DEBUG org.apache.http.wire -  << "transfer-encoding: chunked[\r][\n]"
12:44:05.645 [main] DEBUG org.apache.http.wire -  << "content-encoding: gzip[\r][\n]"
12:44:05.645 [main] DEBUG org.apache.http.wire -  << "server: Fly/3f2597ca (2023-05-03)[\r][\n]"
12:44:05.645 [main] DEBUG org.apache.http.wire -  << "via: 1.1 fly.io[\r][\n]"
12:44:05.645 [main] DEBUG org.apache.http.wire -  << "fly-request-id: 01GZQSXGGGSRJ6DM2NNZZVWTH5-sin[\r][\n]"
12:44:05.645 [main] DEBUG org.apache.http.wire -  << "[\r][\n]"
12:44:05.645 [main] DEBUG org.apache.http.impl.conn.DefaultClientConnection - Receiving response: HTTP/1.1 200 OK
12:44:05.645 [main] DEBUG org.apache.http.headers - << HTTP/1.1 200 OK
12:44:05.645 [main] DEBUG org.apache.http.headers - << content-type: application/json
12:44:05.645 [main] DEBUG org.apache.http.headers - << date: Sat, 06 May 2023 05:52:51 GMT
12:44:05.645 [main] DEBUG org.apache.http.headers - << transfer-encoding: chunked
12:44:05.645 [main] DEBUG org.apache.http.headers - << content-encoding: gzip
12:44:05.645 [main] DEBUG org.apache.http.headers - << server: Fly/3f2597ca (2023-05-03)
12:44:05.645 [main] DEBUG org.apache.http.headers - << via: 1.1 fly.io
12:44:05.645 [main] DEBUG org.apache.http.headers - << fly-request-id: 01GZQSXGGGSRJ6DM2NNZZVWTH5-sin
12:44:05.645 [main] DEBUG org.apache.http.impl.client.DefaultHttpClient - Connection can be kept alive indefinitely
12:44:05.646 [main] DEBUG io.restassured.internal.RestAssuredHttpBuilder - Parsing response as: application/json
12:44:05.646 [main] DEBUG org.apache.http.wire -  << "439[\r][\n]"
12:44:05.646 [main] DEBUG org.apache.http.wire -  << "[0x1f][0x8b][0x8][0x0][0x0][0x0][0x0][0x0][0x4][0xff][0xaa]VJI,IT[0xb2][0x8a][0xae]V[0xf2]tQ[0xb2]24[0xb2][0xb0]0[0xd7]Q[0xf2]K[0xcc]MU[0xb2]Rr[0xcd][0xcb]/[0xca][0xcd]/-Vp[0xce]/)[0xc9][0xcf]Sp[0xce][0xcf]-(-I-R[0xd2]QrI-N.[0xca],([0xc9][0xcc][0xcf]S[0xb2]R[\n]"
12:44:05.646 [main] DEBUG org.apache.http.wire -  << "-Q[0xc8]KMN-.[0xce],I,[0xc9]L*-V([0xcb],ILU[0xc8],-JUH[0xc9][0xcf][0xc9]/J-V(J-H[0xcd][0xc9]I[0xcd]K)-V([0xce][0xcc][0xcd][0xcc][0xc9],,M[0xd5]S[0xd2]Q[\n]"
12:44:05.646 [main] DEBUG org.apache.http.wire -  << "([0xca]LNU[0xb2][0xb2]4[0xd4]Q[\n]"
12:44:05.646 [main] DEBUG org.apache.http.wire -  << "J,[0xc9][0xcc]K/V[0xb2]2[0xd1]QrN,IM[0xcf]/[0xca]L-V[0xb2][0x8a][0x8e][0xad][0xd5]A[0xb8][0xd0][0x2][0xee][0xc2][0x80][0xa2][0xc4][0xe4][0x92][0xcc][0xe4][0xc4][0x1c][0x5][0xdf][0xc4][0xa2][0xa4][0x9c]T[0x85][0x90][0xc4][0xa4][0x9c]T[0xc][0xf7][0x85][0xa4][0xe6][0x16][0xe4][0x17][0x81][0x1d]V\[0x9a]W[0xa2][0x90]X\[0x90]Z[0x94][0x9]r[0x15][0x92][0xfd][0x16]FH[0xf6][0x1b][0xe3][0xb3][0xdf][0x12]nPiqIf[0xb2][0x82]{Qb^fI[0xaa]BpF~j1[0xa6][0xed][0xf9]%[0x89][0xb9][\n]"
12:44:05.646 [main] DEBUG org.apache.http.wire -  << "[0x85][0xa5] [0xfb]S[0x12]s[0x15][0xca]Rs[0x90][0xac]51#[0xd2]ZK[0x3][0xb8][0xb5][0xc1][0xf9]y[0x95][\n]"
12:44:05.646 [main] DEBUG org.apache.http.wire -  << "[0x1][0xc1][0xa6][0x18]V[0x15][0xe4]$V*d$[0x16]+[0xe4][0xe5]+[0xe4]d[0xe6]f[0x96][0x80]\[0x3][\r]_#KK$[0x9b][0xf0][0x5][0xb0][0xa5][0x11][0xdd]l2[0xa6][0xa6]M[0x86]x"[0xcd][0xd2][0x94]n6[0x99][0xc1]mr-J[0xcf][0xcf][0xcb][0xcf][0xcd]LV[0x8][0xcf][0xcf]OI[0xcd]Sp[0xcf][0xc9]/[0xc3][0x92]B[0x82]3s[0xb2][0x11][0x19][0xc1][0xd8][0xd2][0x18]9M[0x98][0xe2][0xf3][0x15]"[0xb3][0xba][0xe7][0x17][0xa5][0xa7][0x82]2+[0xc8]0\[0x16]A22[0xc2]*3[0xb]Cc[0xa4]Da[0x80][0xcf]*D[0xae]sL-[0xca]O[0xa9][0xcc]K[0x4]y[0xc][0x9a][0xef][0x82]32[0x8b]J0[0x92][0xa3]gQ~[0x1e][0xc2]2[0xb][0x13]S[0xe4],[0x86][0xd7]_[0x88],[0xe6]RZ[0x4][0xca][0xd3][0xf0]<[0xe6][0x94][0x98][0x8e]a[0x8f]s~^rQj[0x9]([0xe3]C[0x13][0xbb][0xb1][0x85][0xa1][0x1][0x92][0xc7][0xf0][0xa4]vK[0x3]D[0xbe][0x82][0x87]a@bAj[0x11][0xee][0xf2][0xe][0x12][0x9b][0x8][0x9f][0x99][Z[0x98][0x10]k[0x1b]U[0xf3][0x16][0x9e][0x8][0xb3]40[0x81][0xa7]C*[0x94][0x17]xb[0xcb][0xd2][0x80][0xaa]y[0xb][0xaf][0x9f][0x10][0x89][0xd0]#5[0xb1][0xac]R[0xc1][0xa5][0xb4][0xa4]R![0xb8]$55G[0xc1]#[0x11]3[0x1][0xa2]G[0x94][0x99][0x81][0xa9]9RD[0xe1][0xb5][\n]"
12:44:05.646 [main] DEBUG org.apache.http.wire -  << "3[0x9]BSEFb&f[0x15][0x8]v[0x3]"E[0x98][0x99][0x1a]"Wg[0xf8],[0x2]%Th[0x85][0xeb]X[0x9e]Z[0x9c][0x9f][0x9b][0xaa][0xe0][0x93][0x9a]X[0x92][0x1]J[0x80]9[0xf9][0xc9][0xa0][0x82][0x1][0xb5][0xb6]E[0xcd]U[0xe6][0x86][0x16]DfaK[0x90][0x93][0xa0]6[0xc1][0xab]v[0xa7][0xa2][0xfc][0xbc][0xaa]T[0xdc]I=[0xa8]4)[0x9]\[0xe3]C3[0x96][0x5][0xd1]%[0x86][0xa5]!"[0xa9]C[0xeb]I[0x9f][0xcc][0xbc][0xd4]<[0x85][0x80][0x9c]DpVE[0xf5][0x15][0xba]E[0xc6][0x86]&[0xa6]DF[0x15][0xa8][0xc][0x83][0xfa][0xcb]75%3?[0xb9][0x8][0xe4]!H[0x91][0xa0][0xe0][0x8c]5[0xc][0xc1].AD[0x97][0x89][0x99]!r[0x91][0x8b]7[0xba][0x90][0xb2]Ue^jQz&[0xb8][0x9][0x0][0x8a][0x14][0x5][0xec][0xa5]`@N"H[0x9][0xc2]6Sc[0xb][0xe4][0xc2][0x9][0xaf]m[0x88][0xac][0x85]\[0xea]B[0xca]q[0x5][0xef][0xbc][0xcc]4P[0xa1][0x87][0x1a][0x92]X[0xec]3%:[0x89] */d[0xfb][0x1c]sJs3[0xf3]Js[0x15][0xb0][0x95][0xbe][0xd0][0xd4][0x8a][0xe4]?Kc[0xa2][0xfd][0x87][0xa8][0xc0][0x90]3tfN[0xb6]BxbNN*f[0x96][0x86]$X[0x84]e[0x96]f[0x6][0x16][0xc4][0xa6][0x13]D[0xe9][0x81][0xd1]p[0xc4]a[0x1b][0x86][0xdf],[0xcc][0xc][0x91][0x8b]z[0xbc]q[0x87](A[0x90][0xc3][0x12]Zc[0xe2][0xb0][0xd0]9[0xbf][0xa0][0x0]9[0xbf]Y[0x9a][0x19]"7[0xdb][0xf0][0xd9]g[0x84][0xa8][0xc8]`[0x5][0x9]4)(8'b[0x96]X[0xe8][0x1]ill@l[0x91]ed[0x8][0xaf]Z`6AJZ\[0xed][0xe]P[0x9b][0x4][0x11]e[0xa6][0xc4][0x97][0xc2]F[0x88]2[0x4]^dA[0xad][0xc2][0x9e][0xd9] [0x92][0x8][0xbb][0xcc][0xcc][0xcd][0x90][0x1b][0x1d]x[0xc3][0xf][0xd1][0x18][0x85][0x17]#[0xe1][0xf9][0xf9]98[0x8a][0x10][0xf4][0xf0]3[0xb5]0!:[0xfc][0x10]e[0x8][0xdc]&[0x88]q8[0xba][0x10][0xe8][0xbe]260%6[0xd1][0x1b]!J[0x10]h)[0xc]Ib8l[0x82][0xa6][0x18]D[0x0][0x1a][0x1b][0x11]]e[0x1a]![\n]"
12:44:05.646 [main] DEBUG org.apache.http.wire -  << "[0xf]*[0xb4]8[0xf0]F[0x15][0xa2][0xd8]@[0xe4]dH[0xf5][0x8c][0xa3][0x19][0x90][0x83][0xf0][0x91][0xa5]%[0xa8][0xca][0x85]w5[0xf1][0xda][0x83](1[0xe0]mCXg[0xf]{5[0x6][0x95]E[0xd8]fnhI[0xb0][0xc9][0x1][0x0][0x0][0x0][0xff][0xff]"
12:44:05.646 [main] DEBUG org.apache.http.wire -  << "[\r][\n]"
12:44:05.647 [main] DEBUG org.apache.http.wire -  << "553[\r][\n]"
12:44:05.647 [main] DEBUG org.apache.http.wire -  << "[0x82]t[0xbd]-[0x8d][0x10][0x5][0x86]g^IjNNfzj^[0x89][0x2]4e`[0xcb][0xc3][0x18][0xb6][0x99][0x9a][0x98][0x12][[0x91][0x81][0xca]hh[0xad][0x9][0xcf]Z[0xe0]V[0x8c][0x82]S~I[0x9][0x96]^4[0xa8][0x8a]C[0xf8][0xcb][0xd8][0xc2][0x80][0xd8]J[0xc5][0x18]Q\x[0x82]j[0xe5][0x94]LPW[0x1d][0x9a][0xd2][0x14][0x9c][0xb1][0xb6][0xa7]`5[0xe][0xc2]B#[0x3][0xa2][0xa3][0xcd][0x18]Qj [0x92][0x7]4[0xd9];[0xe7]ci'B[0xdd][0x82][0xb0][0xcc][0xd2][0xcc][0x84][0xd8]*[0xcc][0x18]Ql[0x4][0xe7][0xa4][0xa6]f+[0x80][0xdb][0x16][\n]"
12:44:05.647 [main] DEBUG org.apache.http.wire -  << "X[0xed]A-[0x7][0x8d]M[0x8d][0x88][0xe]BD[0x89][0xe1][0x93][0x99][0x9e]QR[0x9e][\n]"
12:44:05.647 [main] DEBUG org.apache.http.wire -  << ""a[0xa3][0x1e]N[0xa9]y[0xc9][0x19][0x18][0xbd]"[0x8c][0xba][0xcb][0xd4][0x1c]Tp[0x13][0x95][0xf0][0x8d][0x11][0xa5][0x6][0xbc][0x84][0x82]&6[0x5][0xef][0xd4][0xca][0xa4][0xfc][0xc4][0xa2][0x14][0xc][0xb]A[0x85]%"[0x8][0x8d][0x8c]L[0x88][0xad][0xb9]@[0xfd]]hRD[0xae])A[0xa1][0x85][0xdb]6pvGXgnA|[0x8c]!J[0xf][0xa4]F[0x7]4[0xb8]p[0x94][0x8b][0xe8][0xcd]SK#[0xd0]@[0x19]qa[0x89](D[0x90][0xac][0x83][0xf5]Yq[0xe5]6t[0xb][0xcd][0xcc]@[0xf5];q[0x16]"[0xca][0x11]x[0xa9][0x5][0xca][0xbc][0xc4][0xd5][0xce][0x16][0x16]D[0xb7][0x3]@![0xe][0x8d]7X7[0x1d][0x9a][0xcb][0x2][0x12][0xf3][0xc0]cO[0xa8]-S[0xf4]j[0xcc][0xc8][0xd4][0x8c][0xd8][0xd2][\n]"
12:44:05.647 [main] DEBUG org.apache.http.wire -  << "T[0xb7]B[0xad][0x82][0x97]V[0x90] [0xc2][0xd1][0xea][0x86]F'"[0x81][0x98][0x1a][0x1a][0x13][0xdb]r3A[0x94][0x1f]n[0x89]y%[0xe0][0xe6];l[0x8][0x7][[0xb][0x18][0xa3][0xf8][0xb0][0xb0] [0xba][0xc5]m[0x82](>[0xa0][0xf5]3([0x1b][0xe1]hs@|[0x8c][0xf0][0x93][0x89]!hT[0x90][0xa8]Da[0x82](A[0x82][0x91][0xfa]-[0xb0]r[0x16]k[0xf7][0x19]-[0x8b][0x99][0x19]X[0x12][0x1d][0x82][0x88][0xf2][0x3][0xb9]*[0x3][0xe7]h[0xec][0xa3][0xa4][0xa0][0x4][0x8a][0xf0][0x98][0x91][0x1][0xd1][0xf5][0x18]h[0x0][0x15][0x9a]2[0x10][0x91][0x5]2M[0x1]{"D[0xf3][0x94][0x85][0x89][0x5][0xb1][0xcd]6[0x13]D[0xb9][0x81]\[0x8f]A[0xc6][0x8a][0x88]ha[[0x18][0x81][0xc6][0x9a][0x88][0x8b]-D[0x99][0x81]d[0x15]8[0xf8][0xb0][0xb7];@R[0x88][0xe0]33[0x1]E7q6![\n]"
12:44:05.647 [main] DEBUG org.apache.http.wire -  << "[0xb]x[0xc6][0x82][0x95][0xf4][0xd8][0xeb][0x15][0x8c]\l[0x1][0xaa]-[0x88][0xb2][0xcc][0x14][0xb3][0x8b][0x2][0x8e])[0xc2][0x8d]6csSbk[0x13]SDs[0x3]1[0x0][0xb]/n[0xb1]Y[0x5]r[0x3]"[0xf0],M[0x8c][0x89][0xb6][\n]"
12:44:05.647 [main] DEBUG org.apache.http.wire -  << "[0x91][0xa9][0xe0][0xd5]$8}[0xe1]([0x94]`[0xb9][\r]a[0x99][0xa9][0x19][0xd1][0x9][0xdd][0x14][0x91][0xa7][0xa0]%[0x5]([0xd2][0xb1]f\T[0xf][0x19]Y[0x9a][0x11][0xdb][0x4][0x5]9[0x6][0x9a][0x99][0x90][0xd2][0x1d],=[0x84]'[0x96]`ig`[0x94]~f[0x6]([0xc3][0xa1][0xf8][0x1a][0xd8][0xa0][0xbe][0x5][0xd4]>xU[0x5][0x1b][0xdc][0xc0][0xd5][0xcc][0x0]7R[0x11]!hfdFl_[0x8][0xd4]i[0x82][0xda][0x86][0xe4];H[0x84]a+[0xd7]![0x95][0x19][0x92]U[0xc6][0xc6]D[0x7]$"[!J%X[0xf4]+`[0xcf]Xh[0x1e]35%:[0x13][0x9b]![0xf2][0x15]r[0xe1][0xe][\r]I[0xec]C`[0x90]n[0x5][0xc2]s[0xa6][0xa8][0x13]D[0xf8]b[0xcd][0xc][0x91][0xc3]`[0xf5]>,[0x89][0xe0]([0x9d]@#[0xb4][0x8][0xab][0x8c][\r][0x89][0x1e][0x0][0x3][0xf5][0xde][0xa1]Q[0x6]M[0xf4][0x88]@[0xc4][0xde]M[0x81]x[0x1a]a[0x99][0x89][0x9]h|[0x90][0xa8][0xe2][0xc9][0xc][0x91][0xc3][0xe0]e!(+[0xe1][0x18]hC[0xf]A[0x13]csb[0x93][0x7]([0xc9]B[0xbd][0x5][0xb7][0x9][0x92][0xda]p[0xc][0x8f][0x82][0xb2]:[0xc2]O[0x16]fD7[0x9c][0xcc][0x11]I[0x3]n[0x13][0xa4][0x4]W[0xc0][0x9e][0x9d]a%%[0xc2]6cc[0xa2][0x87][0x98][0xcd][0x11]-'Hg[0x8]:[0xda][0x85]}[0xa4][0x12][0xd3]*Ks[0x90]{[0x89][0x8a],sD[0xd9][0x8b]\[0xcc][0x83]g[0xaa][0xb1][0x8f][\r]aZgl[0x1]*[0x80][0x88][0xb3][0xe]ip[0x3][0xa9][0xfd][0x4]-[0xfc]p[0xb5][0xe2]a[0x89][0x15][0x11][0x98][0x16][0x6][0xc4]G[0x1d][0xa2][0x11][0x0]M[0xfb][0xe0][0xc4][0x88][0xbd][0xfd][0x4][0xcd][0x80][0x8][0x8b][0x8c]M[0x8c][0x89]-[0x17]A[0xb9][0x11][0x9a][0x1a][0x83]s[0x13]sr[0xe0][0x93]m[0xd8][0xc3][0x11]=[0xdd][[0x9a][0x80][0xe6][0x9a][0x88][\n]"
12:44:05.647 [main] DEBUG org.apache.http.wire -  << "EP[[0xb]j[0x13][0xd4]K[0xd0]T[0x8f][0xdd]&HBE[0xf2][0x93])[0xd1][0xed]j[0xd0]t>[0xd4]&[0xe4][0x16](,B[0xb0][0xf7][0xcf]a[0xb2][0x8][0x1b]-LA[0x85][0x1d]q~C[0xb4][0xe4][0x91][0xfa]y[0xe0]B[0x1d]GS[0x14][0xc3]{[0xc4][0xa7]~P[\r][0xb][0xf7]^rQ*tL[0x5][0xdc][0x16][0xc5]1~[0x83]Z[0x84][0x18][0x99][0x9b][0x11];[0xf8]`[0x81]([0x16][0x91][0xbb][0xe7][0xb0][0xec][0x84]k[0xa4][0x1e][0x94]X[0x11][0x1]iLB"Ad5[0xd4]D[0x82][0xbd]A[0xf][0x1e]oAXdn[0x1][0x1a]G#"[0xc6][0x8c][0x8d][0x91]<[0x16][0xe1][0xe4][0x1f]a[0x88]1[0xa2][0x81]0[0xd5][0x4]e[0xf5][0x4]z[0xe5][0x8][0x1b][0xc2]3E[0xea][0xa6][0xba]'[0xe6]f[0xe6]a[0xce]U[0xbb][0xe5][0x17])[0xa4][0x83][0xa5][0x14][\n]"
12:44:05.647 [main] DEBUG org.apache.http.wire -  << "J[0x8b][\n]"
12:44:05.647 [main] DEBUG org.apache.http.wire -  << "[0xf2][0x8b]S[0x8b][0x95]j[0x91][0x96][0xb7]X[0x82][0xc6][0x15][0xa0]1[0x8b]<[0xd4][0x3][0xcd]'8[0xea]W[0x94][0x5][0x4]&[0x96][0xa0]f[0x1c][0x11]!`di[0x81](b[0x90]ZD[0xd0][0xbe]3[0x8e][0xaa][0x8][0xd4]?E[0x4][0x8c][0x91][0x11](O[0x13]e[0x19][0xa8][0xaf][0x8a][0xc5]g[0x90]\[0x80][0xb3]6[0x2][0x15][0xe8][0x8][0xeb][0xcc]MA-[0x2][0xe2][0xac]C[0xd4]E[0x88]&[0x18][0xb4]>[0xc2][0xde][0x0]CKI[0x96][0x16]Dg[0x11]KD[0xde][0x87][0xb7]c[0x83][0xc0]S[0xa7]x[0x6][0xb0][0xd0][0xe7][0x5][0x8d][0xcd][0x8c][0x88][0x1d][0xe][0x1]u[0xc4][0xa1]A[0x89]\[0xba][0x81][0xb2][0x1c][0xd6][0xc9][0x1e]h[0x8c]"[0xc2][0xd1][0xd4][0x0]4kO\8"[0xb2]?R[0x1a][0x81][0xd6]7[0xd8]m[0x3][0xcd][0xf3]"[0xec]2[0xb2][0x0][0xb5]O[0x89][0xb3][0xb][0x91][0xf5]!5[0x11]8Jp[0xb4][0x97]1Kkc[0xe2][0x87]mA[0xa3][0xf2][0xd0][0x10]D*[0xad][0xa1]i[0x11]{.CM[0xf8][0x16][0x96]DO<Z"r[0x19]"%B[0x93][0x7][0xb6]~[0x7]$[0x91]"[0x2][0xd0][0xd8][0x2]4[0xc8][0xc][0xf]@|[0xab]Y@[0xc5][0x14][0xd4][H[0x91][0x5][0xa9][0x84][0xb0]'zX1[0x8e][0xb0][0xce][0xdc][0x14]4[0x0][0x6][0xb7][0xe][0xf7]"
12:44:05.647 [main] DEBUG org.apache.http.wire -  << "[\r][\n]"
12:44:05.648 [main] DEBUG org.apache.http.wire -  << "18A[\r][\n]"
12:44:05.648 [main] DEBUG org.apache.http.wire -  << "[0xd2][0xf]c[0x3][0xd0][0x80][0x6][0xdc]:[0xc4][0x94][0x5],fpt[0x83][0xd1][0x1b][0x10]f[0xa8]32[0xb8][0xfd]gl`[0x80][0xc8][0xd4]H[0xfe][0x83]F[0x1b][0xf6][0x6]-zh[0x9a][0x98][0x11][0xd9][0xbf]76[0x0][0xb5]k[0xb0]x[0xf]b"[0x8e]^[0x1][0xb4]E[0x88][0x8]N#3#[0xe2][0x1a]b[0xc6][0xe0]<[0x9][0xb5][0xf][0xd2]|[0x86][0x7]$[0xf6][0x85][0x8d]hU[0xba])[0x91])[0xd2][0xd8][0xc0][0x0])[0x9f]![0xb5]f![0xb9][\r]{[0x3][0x13][0xbd]_ed[0x0][0x1a][0xb6][0x87][0xa7][0x12][0xbc][0x91][0x86][0xe8][0xc][0xc3][0xe6][0x8b][0xc1]%[0x95]Obn[0x1]F[0x9d][0xb][0xee][0x8e]#B[0xcf][0xc2][0x14][0xd4]k[0x87][[0x83]^[0xf3]"jNc[0xf0][0xfc][0x10],[0xf4][0xc0][0xcd]X[0x88]wp,[0xba][0xc3][0x88]'Sb[0xab]Mc[0x3][0xa4][0x95]4h[0xf1][0x84][0xbd][0x1d][0x8b][0xee]'b[0xc7][0x11][0x8c][\r][0x90][0x16][0xd1][0xc0][0x82][0xe]Zp`[0x1b][0xc8][0x82][0x16][0xca][0x88][0xd0]3[0x2][0xaf][0xc2]!.[0xf4][0x10][0xfd])[0xa4][0x2][0x11][0x12][0xeb][0xb8][0xd7][0x7]a[0xd8]Ht[0xd7][0xd4][0xd8][0x0][0xb4][0xe6][0x6][0x16]_[0x94][0xaf]h[0xc5][0x9b]2[0x10]#[0xb7]4[0x9d][0x99]660D[0x14][0xf5][0x1][0xc1][\n]"
12:44:05.648 [main] DEBUG org.apache.http.wire -  << "[0x98]+t[0xd3][0x13]sS[0x15]L[0x15][0x8a]K[0xc0][0xe3][0xc5][0xd0]EU[0xf8][0x1b][0x97](I[0x1c][0x91][0x93] [0x1e]14[0xc2][0xc8]@[0xf0]E[0xc0][0xe8]+[0x80][0x8d]A[0xa5]5Qi[0x1]4[0xd5][0x84][0x1c]3[0x5]ff[0x18][0xd6]$[0xe7]'%&[0x82][0x8]Dj#[0xc1][0x2][0xc4][0x8][0x92]s~R[0xa2]BJiN)[0x86][\r][0x99]y[0x99][\n]"
12:44:05.648 [main] DEBUG org.apache.http.wire -  << "[0x19][0x89]y[0x95][0x89][\n]"
12:44:05.648 [main] DEBUG org.apache.http.wire -  << "[0x5][0xa9]E [0x9b][0x12][0xf3][0x14][\n]"
12:44:05.648 [main] DEBUG org.apache.http.wire -  << "[0xf2][0x8b]Ak[0x82][0xa0][0x1]gji[0x9][0xaa][0xf0][0x88][0xf3][0x13][0xa2][0xe6][0xa0]E[0xcc][0x80][0xa6]r[0xa1]AF[0xb2][0xf1][0x0][0x0][0x0][0x0][0xff][0xff]"
12:44:05.648 [main] DEBUG org.apache.http.wire -  << "[\r][\n]"
12:44:05.648 [main] DEBUG org.apache.http.wire -  << "630[\r][\n]"
12:44:05.648 [main] DEBUG org.apache.http.wire -  << "[0x82].z[0xc7][0x97][0x82][0x8d][0x10][0xb9]3$[0x11]3[0xa8][0xe0]q[0x8e]e[0xe1][0xb7][0xa1][0x1][0x6] j[0xc1][0x94][0xb1][0x1][0xa8][0xde][0x82][0xfa][0xc9][0xa3]@!,[0xb3],_![0xd2][0x8]3[0xc1][0xe5][0xa6][0xe6]f[0xe6]dfg*[0x14][0x17][0xa4][0x16]g[0xa6]ef'[0x16]g*T&[0xe6][0xa5]+$[0x16]d[0x82][0xd6]/Bc[0xb][0xd4]\[0x0][0xb7][0x18][0x88][0xf3]1"[0xa9][0xd3][0xcf][0xc7]HK[0x15][0xe8][0xef]c[0xa4]e[0xb][0x3]`9[0xa2][0x7]S[0x92]Z[0xc]J[0x91][\n]"
12:44:05.648 [main] DEBUG org.apache.http.wire -  << "[0x5]E[0xf9])[0xa5][0xc9][0xa0][0xec][0x86]:[0x8d][[0x92][0x91]Y[0xac][0x90]Y[0xac]P[0x92][0x91][\n]"
12:44:05.648 [main] DEBUG org.apache.http.wire -  << "S[0xa3][0x90][0x82][0xb4]![0x4][0xbe][0xa5][0x3][0x9c][0xf2][0x88]Lk[0xa0][0xc9]YhZ[0x3][0x97]lf[0x6][0x6][0x6][0x18]%[0x2][0xbe]dnJtI[0x0][0x9a][0xae][0x82]Z50^E4[0xbe][0x6][0xc6]~[0xba][0xd5][0x86][0xa0][0x11]HhH[0x83]#[0x95][0xe4]=+D[0xd7]X[0xa0]&=[0xd4]&[0xfa][0xe7][0x1d][0xa4]u[0x10][0x3][0x12][0xa1]H[0xa3]N[0x3]c?[0xa2]j[0x1d][0x18][0xfb][0x11]e[0x17]dh[\r][0xa3][0xe0]H[0xc3]2[0xea][0x6]/[0xa6][0x88][0x9d][0xf8]26[0x0]M[0xc8]AS[0x19]l[0xe2][0xb][0xdc][0x91][0xc1][0xbe][0x86]-(53935/%[0xb3]X[0xa1]85E!3[0xaf],5[0xaf]$[0xbf](U!3/93[0x5][0xb4][0x11]-[0xb5]D![0xb1][0xb4]$5[0x17]i?[0x18][0xb1]k[0x4][0x8c][\r]@[0xeb][0xe3][0xa1][0x8e][0x19][0x98]PG[0x14]c[0x3][0x90][0xe5][0x10]e[0x18][0xd5]<O[0xdc][0x8a]?c[0x3][0x13]D[0x1b][0x9f][0x90][0xdd][0x88][0xb6]1[0xa8].$[0xb2]*[0x4][0xad][0x9b][0x1b][0xc8][0x88]EZ[0xa5]A[0xc8]4i[\n]"
12:44:05.649 [main] DEBUG org.apache.http.wire -  << " -[0xe0][0xa0][0x9a][0xfd][0xc4][0xc6]-h[0x8b][0x1a][0x91]aOV[0xdc][0x82][0xe6][0xaf][0x88]4[0x9f]6a[0x8b][0xe8]GP-lAI[0x9b][0xe8][0xf0]E[0xc]&S[0xcd]~[0xa2][0xed]F[0x14]X[0x84][0xec]&/niP&[0x91][0x14][0xb6][0x88]r[0x89][0xb6][0xd5] h)[0x16]4[0x11][0xd3][0xd6]"[0xd0][0xbc][0x1][0xd4]"B1F[0x93][0xdc][0x2][0x9a][0xfb][0xa5][0xb6][0xfd][0xc4][0xa6]V[0xd0]<[0x17][0x91]v[0x93][0x95]ZAs[D[0x9a]O[0x9b][0xb0][0xa5]QIDd%[0x8b][0xb4][0xd6][0x87][0xbc][0xae][0x9][0xd1][0xdd]M[0xd0][0xe2];h@[0xd3][0xda]&D[0x1][0x10][0xe1][0x94]_[0xa1]0[0x18]&[0xb4][0x8d][\r][0xcc][0x11]c}[0x3][0x92][0x89][0x91][0xd6]$Q[0xcd]~b3[0xb1]9[0xa2]gB[0xc8]n[0xb2]21[0xd2]"(B[0xe6][0xd3]$[0x13][0x9b][0xd3][0xa0]:[0x7]UyDfb[0xa4][0x85]K[0x3][0xe2]}[0xd0][0xd2][0x7]h[0xd6][0xa6][0x9a][0xfd][0xc4]&-[0xa4][0x5]N[0x84][0xec]&+i[0x81][0xd6][0xfc]Q[0xdb]o[0xa0][0xa8]%[0xda][0x3][? -V![0x14][0xbc][0xb4][0xc8]YF[0xa0][0xad]Z[0xd0][0xe0][0xa7]m[0x1b][0xb]t[0xee][0xe][0xd4]"[0xaa]y[0x94][0xd8]8F:i[0x86][0x90][0xdd]8[0xd3]0[0xbe][0xe5][0x9]H[0xcb]r[0x8][0x99]O[0x8b]H[0x4][0xef][0x97][0xa1]v[0xd8][0x82][0xf2][0x10]q[0xc5][0xa3]!h[0xf4][0x94][0x16][0xd6][0x13][0x19][0xbd][0x86][0xa0][0x8d]d[0x3]j?[\r][0xc6]%[0x89][0xf6];mk~C[0xa4][0xa5])[0x3][0x91][0xb4][\r]A[0xcb][0xc7]h[0x11][0xb7]D&m[0xa4][0x15][0x18][0x3][0xe2]}[0xa4]u[0x19][0xb4]m[0xd4][0x1b][0x82]v/@[0x3][0x9a][0xd6]6!j\Z[0xdb][0x84]h6[0xd2][0xda]&[0xc4][0x98][0xf][0xad]mB[0x8c][0xfe][0xd0][0xda]&D7[0x8f][0xd6]6![0xe6][0xe0]il[0x13][0xfa][0x8a][0x13][0x92]g[\n]"
12:44:05.649 [main] DEBUG org.apache.http.wire -  << "[0x89][0xed][0x8e][0x1b]"5[0xac]h[0xed]'D[0xf5]Ck[0x9b][0x10][0x95][\r][0xad]m[0xa2][~2B[0xe4][0xa7][0x1])[0xe1][0x91][0x16][0xbf]P[0xcd]~b[0x1b][0xf][0xa0][0x1d][0xc][0xd0]2[0x9f][0x90][0xdd]8[0xdb][0xc5]xV[0x13][0x19]"[0x9d][0xfd]A[0xe3][0xf4][0x82][0xb4][0xa0][0x86][0x90]Oh[0xd1][0x2]7DZSCU[0xfb][0x89]l[0xa6] -K[0xa0][0xaa][0xf5][0xc4]&$[0xa4][0x95][0x9]4[0x8e]h[0xa4][0xa9]qZ[0xdb][0x84]([0x82]h[0xb0][0xd2][0xce][0x10]i[0xf6][0x13][0xb1][0xaf][0x10][0xba][0xcc][0x15][0xd7][0x9][0x1a][0x81][0xa5][0xa0][0xe5]P[0x88]Sf[0x13][0x8b][0x8b]KsS[0xf3]R[0x12][0x15]Jsr[0x12][0xc9][0x9a][0xde]7D[0x9a][0x5][0xa5]q[0x80]"[0xcd]y[0x6][0x4][0x9b]`[0xac][0x9d]((6QHJ,[0x2]-:DZ[0xc8]Gd[0x6][0x18][0xe0][0xf9]NCSD[0x9b][0x96]j[0x19][0x90][0xd8][0xcc][0x87][0xb4]a[0x9f][0x90][0xdd]d[0x95][0xe2][0xa0]]^D[0xd6][0x12]4)[A{gia?[0x91]Ik[0x80]'[0xb0][0xc][0x91]f[0x90][0x8]E/M[0x82][0x1f][0xb4][0x8f][0x98][0xda][0xc1]Ol[0xd2]F[0x9a][0xd3]"[0xe4]w[0xb2][0x92]6[0xd2][0xfe]xB[0xe6][0xd3]&l[0x11][0x1d][0x1f][0xaa][0xda]Od[0xd2][0xa6][0xd5][0xb4][\n]"
12:44:05.649 [main] DEBUG org.apache.http.wire -  << "[0xb1][0xd1][0xb]:[0xc7][0x0][0x9a][0xb4]hQ[0xc5][0x9a]#u`[0x91]v[0x1f][0x81]w[0xc9][0xe0][0xd8]U[0xe5][0x9f][0x9b][0x7]]FW[0x8][0xaa]k[0x93][0xf3][0xf3][0x8a]S[0xb]K[0x13]KJ[0x8b][0x14][0x92][0xf3][0x8b]@[0xa7][0xbb][0x83][0xe]=O[0xca],V(J[0x4][0x9d]J[0x8f]|[0xb2]<[0xd1]K[0xea][0xc][0xcd][0x11][0xd1]N[0xb]#MWQ[0xa1]J[0xc7][0xb3][0xe3][0xca][0x10]ib[\n]"
12:44:05.649 [main] DEBUG org.apache.http.wire -  << "[0xb2]A[0x9][0xba]i[0x8][0xfb][0xd6].[0xc7][0xd2][0x12][0x85][0xd4][0xe2][0x12][0x85][0x9c][0xc4][0xa4][0xfc][0xa2][0xd2]\[0x85][0xe2][0xc4][0x82][0xcc][0xd4][0xbc][0x92]TD[0xd0][0x82]W)[0x82]V1[0x92][0xb3]R[0xd1][0x10]i[0xaa]*/17[0x11][0xb2]h[0x1c][0xb4]1[0x0]u]y6[0xf4][0xc4][0x84]<[0xb4][0xbd]Al[0xb2]E[0x9a][0xb2][0xa2]I[0xf4]![0xda][0x12][0xd0]}[0xe9][0xd0]=d[0xb8]v[0xc0][0x7][0x83][0xd6]x[0xe6]%[0x82][0xf][0xff]O$/[0xe4][0x10][0x3]e[0xc8][0xfb]|[0xa1][0xbb][0xb2][0xb0]o[\n]"
12:44:05.649 [main] DEBUG org.apache.http.wire -  << "[0xf4]K,)-VH-Q([0xce][0xcc]+![0xcf]VD[0xb][0x9b][0xaa][0xa5][0x1f][0xd1][0xf1]8[0xc0]][0xa4]][0xf1]H[[0xe1]`[0x91][0x8d]m[0xe3]]X~NiAIbIj[0xb1]B[0x9][0xa2][0x1b][0x90]Z[0xa2][0x90]Z[\n]"
12:44:05.649 [main] DEBUG org.apache.http.wire -  << "[0x8e]}[0x85]R[0xf0]J_[0xf2]b[0x3]Q([\r]Hl[0xd0]c&[0x14]_YF[0x8b][0x9]J[0xd0]$[0x1a]rj[0xc4]3[0x89]h[0x88]4I[0x9][0xdb][0x82][0x9][0xda]w[0x8b][0xe3]t[0x4]G[0xd0][0xdd]"y[0xe0][0x8a][0x9][0xbe][0xcc][0xbb][0xb0]4S![0xaf]4[0xb7][0xb0][0x94][0xcc][0xae] =[0xa6]1[0xf1][0x86][0x0]F[0xc1][0x7]=O[0x0][0xc7]a[0x99][0x9e][0xb9][0x5][0xa9])[0x99]%[\n]"
12:44:05.649 [main] DEBUG org.apache.http.wire -  << "E[0xa9][0xa0][0xda][0x4]v[0x1][0xc][0xb8][0xe2][0x6][0xd5][0xda][0x99][0xe0][0xdc][0x0][0xef]"[0x83]k[0x1d][0xf2][0xea]k[0xa4][=[0x6]&k [\n]"
12:44:05.649 [main] DEBUG org.apache.http.wire -  << "J[0xc4][0xc6]~h[0xe1][0x8c][0xfd][0xd4]-[0xa4][0xab]h[0x8a]R[0xb]JS2[0x13][0xf3]R[0x12]S)j[0xb4] [0x9d]d@[0xb3]@[0xc0][0x9b]:[0x10][0xad]9[0x9a][0xd9][0x8f]o0[0x13]4[0xf2][0xf]m[0xac][0xe][0x84][0xfd][0xe0][0xd6][0xe5][0x80][0xda]O[0x83][0xf5]u[0xc8]e#[0x9e][0xb0]7B:[0x8e][0x81]P[0xd8][0x93][0xd3][0xf]4[0x2][0x9d]1=[0x90]a[0xb]:|[0x1f]j?MW[0xe1][0x18][0xd1]j:[0x9f][0xb8][0xe][0xa7][0x11][0xe8]hm[0xa8]?[0x9][0xc5]#-[0xfa][0xdb]FH[0xd3][0xe9]4[0xb3][0x1f]O[0x19]f[0x84]4[0xc9]N3[0xfb][0xf1][0xe5]#[0xd0][0xa5][0x12][0x3][0x1a][0xfe][0x88]~[0xc6][0xc0][0xf8][0x1f]Q[0x91]R[0xa1]g[0x8c]7[0xa4][0x11][0xb5][0x15][0x8d]m"~J[0x1b][0x0][0x0][0x0][0xff][0xff]"
12:44:05.649 [main] DEBUG org.apache.http.wire -  << "[\r][\n]"
12:44:05.650 [main] DEBUG org.apache.http.wire -  << "B7D[\r][\n]"
12:44:05.650 [main] DEBUG org.apache.http.wire -  << ""[0xe6][0xc2]6|~B[0xba]%[0x83][\n]"
12:44:05.650 [main] DEBUG org.apache.http.wire -  << "~[0xc2][0xd3][0x16]7B:[0xe5][0x80][0xb6][0xe5]![0xd2]y[0x7]T[0xf0][0x12][0xde][0xc0]C$}Z[0xdb][0x84]H[0xe4][0x99]y)[0xf9][0xb9][0x99][0x98]w[0xf7]$f[0x97]*[0x14][0x97]f'* [0x14]@[0xc7]@[0x8c][0x88]>9[0xc1][0x8]i[0xe6][0x1c]a[0xc][0xea]P[0xb]u[0xec]A[0xca]J[0x89][0xb9][0xc5][0xa5]y[0xe9][\n]"
12:44:05.651 [main] DEBUG org.apache.http.wire -  << "[0xc1]F[0xc6][\n]"
12:44:05.651 [main] DEBUG org.apache.http.wire -  << "[0xa1]9%E[0x89][0x18][0xb3]HH[0xd5][0xbf][0x99][0x1]q[0xe7]+[0x1b][0x1b]![0xcd][0x83][0xd3]8n[0x90][0xe6][0xa9][0x83][0x9][0xfa][0xc5]=1'[0xb1][0xa2][0x12][0xe1]#b[KH[0x93][0xd1][0xb4][0xf6][0xe][0xbd][0x16][0x84][0x18]![0x9f][0xdb]@0[0xe0][0x10]AfH|"@:[0xae][0x81][0xd6][0xa1][0x86][0xc8][0xa0][0xb4][0xb6][0x9]1[0xc2]Ek[0x9b][0x10][0x99]4[0x0][0xc7]y[0x1e][0xa0]svRR[0x8b][0xb3][0x8b]2[0xb][0x8a]3[0xc9][0x1d]|5BZ[0xea]@[0xdb][0xaa][0x1]iM[0x3][0x8d]-Bt[0xac]hl[0x11]b[0xa1][0x18][0x8d]-B[0x14][0xb][0xa8]'[0xb9][0x82].[0x1d][0xc3]1[0xf3][0x12][0x96]Z[0x4][0xbe][0xd6][0x17]r[0x88][0x1][0xd2][0xe8]&[0xe2][0x16]][0x85][0x94][0xcc][0xf4][0xbc][0xcc][0xe2][0xe2][0xcc][0xdc][0xfc]br[0x86]8[0x8d][0xe8][0xb6]x[0xc4][0x8][0xe9][0xd0][0x4][0x1a]g<[0xa4]{)hm[0x13][0xdd][\n]"
12:44:05.651 [main] DEBUG org.apache.http.wire -  << "[0x13][0xa4][0x93][0xf]`[0xb5]$[0xa4].Tp4&[0xed][0xb4][0x1e][0xa2][0xcf][0xdc][0x0][0xdf]"[0x4][0xed][0x1a][0xd1]`R[0xc7][0x8]i[0xb9][0xcf][0x80][0xf4]|[0x90][0x96][0xf9][0xc][0x8c][0xfd][0x88][0xb2]g`[0xec]G[0x14]I[0x3]c?bl[0x1b][0x9c]Miw[0xee][0x94][0x11][0xd2]z [0xe4][0xd2][0x17]|[0x82][0xc][0xd6][0xa3]0A[0xd3][0xc][0x88]&[0x93][0x91]9[0xa8]%D[0xcc][0xd9]iFH+[0x83][0x90][0xef][0x83][0x0][0xdb]D[0xd4]![0xda][0x90][0x83]'[0x89][0xb3][0xb]Q[0xfa][0xc0][0xce][0xc4][0x81]L[0xe4]c?[0x14][0x7]:s[0x80][0xf0][0x96][0xa9]![0x91]G[0xfe][0x1b][0x1b][0x81]N[0x2][0x85][0x16][0x5][0xb0][0x99][0x18][0xd8][0xe9][0xb5]8NX[0x87][0xce][0xd9]!l[0xb3]0[0x1][0x1d][0xc6]K[0x9c][0xc7][0x10][0xf3]n[0x88][[0xe4] G[0xd7][0xe2][0xa8]*[0xa1][0xab][0x4][0x11][0xb6][0x99][0x98][0x82][0x6][0x10][0x89][0xb2][\r][0xe9][0xa8][0x3][0xc8][0x8c]=8[0xb2][0xb0]&[0xb][0xc8]\>[0xc2][0x16]#[0xf0][0x9a]E[0xe2]lA4i[0x90][0xf][0x17][0x87][0x98][0x88]ku#j24[0xb5][0x4]MG[0x11]g[0x1b][0xa2]l[0x81]_[0x8f][0x3][\r]#[0xac][0xd7][0xd6]@[0x2][0x17][0xe1]1cpuM[0x9c]U[0x88]b[0x4]9oA=[0x86]=)BN[\r]F[0xb2][0xce][0x2]T[0x18][0x13]g[0x1d]b[0xd0][0x0][0xee]3[0xbc]vA[0x8e][0xc]F[0xd8]eF[0xf4]Y[0xbd]F$[0xac][0xb5][0xa2][0xc9][0xd8][0xec][0x0][0xaf][0xc5]22C[0xe4]CZ[0x97][0xd0][0xa0][0x92][0x8]Z[0xc0][0xc]He4[0xc0]G%[0x18][0xd1][0xe2][0xa8][0x4][0xf4][0xa9]v|cq$[0x1c][0x97]@[0x93][0xa4]>[0xc0][0xc7])[0x18][\r][0xf0][0xba]?#[0xf4][0x5]j4l[0xc]![0xaf]P[0xa3][0xe9][0xe1][0xcf]FH[0xab][0xc2]h]~X[0xa0]5&i[0xb6][0x8b][0xcd][0xc8][0x82]nCUH[0xf7][0x91][0x80][0x83][0x8f][0x86]~B+[0xe8]ig[0x13][0xd2][0x92]"[0xc4][0xba][\r]h[[0x11]W+[0xc8][0xb1](9#[0xb3]$5[0xb9]$_[0x1][0xb6][0xa2][0xa5][0x18][0xb4][0xbe]/[0x1f][0xbc]25[0xb5][0x98][0xac][0xa5]vFH[0x8b][0x8b][0xc0][0xa1]K[0xc3][0x1c][0x7]j[0xb6]A+7[0x84][0xa7][0xa1][0xd7][0xca]`_[0x17][0xea][0x97][0x99][0x91][0x99][0xa3][0x90][0x9a][0x8]Z[0x1c]J[0xd6][0xb8][0x8e]%[0xdd][0xf2][0x83]%[0xdd][0xf2][0x3][0xd2]r[0x13][0x9a][0xe][0xd6][0x19]#[0x9d][0x9e][0x0][0x1b]lq[0xcc][0xc2][0x9c]X[0xc1]w&2[0xd1][0xa3],[0xc6]H[0xb]9[0xc0][0xe9][0x90]fy[0xcf][0x18][0xf9][0xea][0x9][0x9a][0x16][0xfc][0xc6]H[0x8b][0x1a]h[0xec]'[0xa4][0xe9]{Z[0xdb][0x84][0x18][0xce][0xa7][0xb1]M[0xd4][0x9d]T[0xc6][0xd3][0xea]3[0x6][0xdd]z[0x4]-[0x98][0x90];[0xa5][0xf0][0xae]=[0xb6]+r[0xfc]R[0xb]KS[0x15][0xca] [0xcb]n[0x8b]A[0x5][0x94]Bf[\n]"
12:44:05.651 [main] DEBUG org.apache.http.wire -  << "[0xb4]`F[0xde]o[0x7][0x1a][0x9]![0xa6]Gg[0x8c]4iJ[0xe3][0x80][0xa5][0xdb][0xe6][c[0xd0][0xad]A[0xd0][0x80][0xa5][0xb5][0x9f][0xe8]U[0xd0][0x83]oN[0xa1][0x8f][0x9f][0x90][0xe6][0x99]h[0x1c]zH[0xd3][0x1f][0x83][0xe7][0xdc]>c[0xa4][0x9][0x8c][0xc1][0xe4]*[0xc4]p[0xe3]`r[0x15][0xa2]X[0x1e]L[0xae][0xb2][0xd4]Q[0x82][0xe6][0x95][0xc1]r[0xbf][0xa1][0xb1]1h[0x8c]m[0xf0]9[\n]"
12:44:05.651 [main] DEBUG org.apache.http.wire -  << "1|8[0x88]B[\n]"
12:44:05.651 [main] DEBUG org.apache.http.wire -  << "1[0xc8]H[0xe3][0x2][0x8]i`[0x9d][0xc6]6![0x9d][0xa8]Kk[0x9b][0xe8]V%![\r][0xd0]z[0x4]([0xe4]f[0x96][0xe4]c[0xac]~[0x2]7[0xd2]KR[0x8b][0x92][0x12][0x91]/[0xc4]1[0x5][0xe9]$[0xaa]u2[0xc0]c[0xb0][0xc6]Hc[0xb0]T[0x1b][0x18]%r[0xd5][0x94]1[0x9][0x83][0xb2][0x88][0xf1]u[0xd0][0xa8]#qk[0x9f][0x8d][0x7]x[0xd0][0xd5][0x98]V[0x83][0xae][0xc4]z[0x1f][0x91]O[0xa8][0x16][0xb5][0xa0][0xd0]':z[0x11]=w[0x9a][0xd9][0x8f]g[0xe9]7[0xf8][0xce]vh}D3[0xfb][0xf1][0xf5]~[0x90]6C[0xf][0x8c][0xfd][0x88]F[0xc2][0x80][0xd8][0x8f]4[0xe6]<0[0xf6]#[0xa6]D[0x7][0xc6]~[0xc4]$[0xe9][0xc0][0xd8][0x8f]h[0xfa][0xc][0x8c][0xfd][0x88][0xf2][0x87]V[0xb5]'[0xd2][0x10][0xf6][0xe0]i[0xdd]Y [0xf2][0x1d][0x15]ZB[0xc6]:J[0xce][0xd0][0xed][0xf3][0xa9][0xc5]JV[0xd1]H[0x97]F[0x1a]#m[0xe0][0x1d]<[0xde]G[0x1a][0xf8][0x86][0xae]KUp[0xcd]I[0xc4]ra:[0xe8][0xe2]G[0xf0][0xfe]H[0xb0][0x1c]t5<h[0x10][0x16][0xde]p[0xc2][0xeb]wD[0xea][0xa6][0xc1][0xea]1c[0xa4][0x1]n[0xb7][0xd2][0xa2][0xbc][0xcc][0x92][0xd2][0xa2]T[0x85][0x90]|[0xcc][m[0x11][0xb2])[0x89]E[0x99][\n]"
12:44:05.651 [main] DEBUG org.apache.http.wire -  << "^[0xa9][0x5][0x89][0xe0]E[0xf2]P[0xff][0x18][0x82][0xee][0xfc][0x81]{[0x8]_uA[0xb7][0x81]n[0x13][0xa4][0xd3][0x83][0xa9][0x90]@[0xf1][0xf8][0xc9][0x4]i[0xa4][0x1b][0x11]N[0xb4][0xc]E[0x13][0xa4]}[0x85][0xb4][0xf6][0x1b][0xa2]xC[0xac]"[0x82][0xac]<[0xc1][0xb1][0x8a][0xc8]1'3[0xb1]X![0xad]4=Q[0xa1][0x14]yR[0x9]|[0x9c]31i[0xc4][0xc4][0x0]1F[0xe2]Y[0x90][0x91][0x9f][0x97][0xaa]`h[0xa8]`f[0xa2][0x90][0x9e][0x84][0xbd]cB[0xe9][0x6]$[0x13][0xd0][0x86][0xe]h[0x1b][\n]"
12:44:05.651 [main] DEBUG org.apache.http.wire -  << "f[0xa1][0x11]M-D[0x1a][0xda][0x87]YH[[0x1f]"[0x9d]7L'[0xb][0x11][0x5][0x17][0x8d]S[0xa8]![0xc6]0[0x83]9[0x8d][0x92][0x89]!"][0x6]$[0xe6]$[0xfa][0xe4][0xfb][0xe0][0x99][0xce]B[0xbf][0xbd][0xd8][0xc8][0xd2][0x12]4[0x9e][\r][0xcf][0x0]x[0xb6][0xa9][0x99][0xd0][0xf6][0x16]f[0x13][0xd0][0xa2]>hr[0xa7]A[0xa5]b[0x82][0xb4]q[0xd0][0xa9](195'[0x15][0xf3][0xe]V[0xdf][0xc4][0x94]T[0x85][0xfc]4[0x85][0x8c][0xcc][0xf4][0xc][0x85][0xc2][0xd2][0xc4][0x9c][0xcc][0x92]J[0x85][0x82][0xd4][0xc4][0xa2][0x9c]bD'[0xd8][0x8]d[0x12]<[0xc0][0xf0][0x95][0xc0]H[0x87][0xe2][0xd2][0xc4]G[0x88]6.M[0x8c]G[0xe4][0x15][0xba][0x5][0x18][0xa2]X[0xa7][0x9b][0x95][0x88]|JM+[0xf1][0xe5]#[0xa4][0x99]9jZ[0x89]7%"[0xca][0x8][0x1a][0x97]{H[0x9b][0xb]i[0xd4][0xf1]0A[0x9a][0xea][0xa3]e[0xf8]U+y[0xba](Y[0x19][0x1a]Y [0x15][0xe5][0x8e][0xc9][0xc9][0xa9][0xc5][0xc5][0xf9]E[0x99][0xa9][0xa0][0x2][0x1]u[0xf7]gI[0xbe]Bj^Fb^r[0xaa]Bb[0x1][0xa8][0xd0][0x0]1[0x95]j[0x91][0xfa][0xc]&H[0xfb]![0x8b]S[0xb]RS0[0xb][0xea][0xc4][0xcc]J[0x90] [0xb4][0x1][0xb][0xde]GATQ[0x83][0xb4][0x9][0x92][0x96]a[0x82][0xe2][0x19]D[0xf9]@m[0xcf][0xd0][0xbf][0x18][0x0]m[0x2][0x80]V>[0xc1][0xe0][0x98]Q[0xf0][0xc9],.)[0x2][0x8f]+[0xa3]F3T:[0x7]"[0xad][0x90][0x97][0x9e][0x9a]T[\n]"
12:44:05.651 [main] DEBUG org.apache.http.wire -  << "[0xaa]IH[0x8f]2[0xc4][0x10][0x1d][0xd4]L[0xa8][0x95][\n]"
12:44:05.651 [main] DEBUG org.apache.http.wire -  << "N[0x89]9[0x89][0x98][0x9d][0x1d][0xa8]"T[0x8b][0x15][0x92][0x12][0xf3][0xd2][0xc1]5[0x19][0xd4]~S[0xd0][0xd6][0x1b][0xe2][0x92][0xc][0xa2]L[0xa0][[0x92]AL[0xe8][0xd1][0xcd]J[0xc4][0x80][0x0][0xbd][0xac]D[0x9a][0xe2][0x86][0x9e]h[0x7][0xed][0x99]`[r[0x11]Z[0xa2][0x90]ZT[0x94]_[0xa4]P[0x94][0x9a]\Z[0xc]9[0xb7][0xa8] [0x1f][0xb4][0xeb][0xaf][0xb4]X!7?[0x7]tk|b*[0xe8][0x90]@[0x85]L[0xc8][0x1]PHk[0xc6][0x88][0xef][0xbc] ]f[0x8d][0xe8]0[0xf9]d[0xe6][0xa5][0xe6])8[0xe5][0x97][0x94][0xe4]`n[0x9a][0x7][0x1d]_X[0x90]ZT\[0x90][0x99][0x9c][0x99]X[0x92]Y[0xc]][0x6][0xa2][0x90][0x92][0x99]\[0x92][0xa8]P[0x90]_T[0x94][0xaf][0x90]YP\[0x9a][0xab][0x90][0x8a]|[\n]"
12:44:05.651 [main] DEBUG org.apache.http.wire -  << "[0x1f][0x9]NB4_[0xe8][0x16]3[0x88]"[0xb][0xb2][0x1d][0x4][0x12][0x2][0xee]9[0xf9]eX[\n]"
12:44:05.651 [main] DEBUG org.apache.http.wire -  << "t[0xff][0xb4][0xb4][0xcc][0xe4][0xcc][0xcc]b[0x5][0xe4]s1[0x13][0xf3]2s3[0xe1][0x11]S[0xc][,S[0x92][0xaa][0x90][0x92][0x9a][0x93][0x9a][0x97]Y[0x92]I^[0xfc][0xd0][0xbf][0xc8]C[0xda][0xb4][0xe9][0x9e]_[0x94][0x9e][0x9a]_Z[0xac][0x0][0xdb]m[0x91]X[0x84][0xd1]Y[0xf1][0x7][0x9d]=[0x6]^[0xa3]Y[0x9a][0xb][0xba]_[0x1b][0x9a][0x4][0xc0][0xe7][0x8c]e[0xe6][0x17]C[0xce]cTH[0xcc][0xc9],,[0xcd]LQ([0xce]$[0xaf][0x93][0x8d][0xb4]<[0x2][0x91]Na[0xbb][[0x9c][0xf3][0x13]A%-jy[0xec]Z[0x2][0xea][0xd5]g&[0x96](@[0xd6][0x8c][0xe6]f[0xe6]e[0xe6]&[0xc2]N[0x86]S(.-N[0xce], [0xd7]5[0x88]"[0x12]y[0xc7]Wx~~[0x8e]BpFf[0x11]V[0xd7][0x80][0xce][0xfc][0x84].[0xa1]*[0xc9]L*-V([0xc8]ILNM,QH%3H[0x10][0x85]&[0x8d][0xdb]n[0xa0][0xaa][0x3]Z[0x9]*`[0xc4]?x[0xb2][0x95][0xe2]1[\r][0xa4]S[0xd1][0xc9][0xf2][0xc][0x91][0xf3]_&H'[0xa4][0x93]e[0xf][0xd1]k<M[0x90][0xce]B[0xa7]W1[0x86][0xb4][0xe5][0x91]nV"[0x1a]+t[0xb3][0x12][0x91][0xf9][0xe8]f%[0xfd][0xb2][0x1a][0xa2]YB[0xe3][0xf4][0x89][0xbc][0x5][0x12][0xb2]2[0x18][0xf3][0x2][|y[0xdb][0x4]eV[0x0][0xbd][0x93][0x9][0xeb]$[0x99]"50[0xdc][0x13]s3[0xc1][0xd3][\n]"
12:44:05.651 [main] DEBUG org.apache.http.wire -  << "[0xa8][0x5][0xb5][~[0x91][0x2]dm[0xb7]BAiQA~qj1j[0xef][0x88]n[0xab]XL[0x90]n[0x81][0xa6]u[0xe8]#[0xb5]8 [0xa1]oJ[0xa3][0x92][0xd5][0xc][0xd1][0x82][0xa0][0xb5][0x9f][0x10]C&[0xb4][0xb6][0x9]Q[0xea]@m[0x1a][0xb4]i[0x17]QX[0xe1]t)b[0x8][0x11]_-F[0xd5][0x1c][0x85]Q[0x9e][\r][0xda][0xf0][0xc3]([0xf]1]J[0xff][0xf0]CZ$[0x5][0x8d]UZ[0xe5]^[0xa4][0xe5]R~[0x89][0xc5][0x99][\n]"
12:44:05.652 [main] DEBUG org.apache.http.wire -  << ".[0x89][0xa5]y[\n]"
12:44:05.652 [main] DEBUG org.apache.http.wire -  << "^[0xa9]E[0xa5][0x98][0x7][0xba][0x83][0xe5][0xcb]S[0xf3][0x12][0xb3][0xb3][0x15]JR[0xf3][0x12][0xf3][0x14]rK[0x8b]rSA-v[0xe8][0x18][0x80][0xa1]%[0xfe]c[0xcd]`I[0xcc][0x2][0xe9][0x90][0xdb][0xe4][0xfc][0xbc][0x92][0xfc][0xc][0xdd]d[0xc4]t[0xb7][0x8e][0x12]Z[0xf9][0x9d]X[0x9c][0x91][0x99][0x9f][0x97][0x98][0x94][0x93][0x8a]Zn#-[0xb5][0x2][0xbb][\r][0xe1]v[0x85][0xc4][0xca][0xc4]\[0x85][0xf4][0xfc][0xa2]T,[0xf5][0x1]X-[0x95][0xfc][0x81]H[0xe7][0x84][0xfd][0x81][0xa9][0x2]e[0x8c][0xe]i[0xb7],[0xad][0xe3][0x9c]n[0xe5]([0xd2][0xcd][0x13][0xb4][0xf6][0x13]F>[0xa6]U[0x8e][0xa1][0xdb]VW[0x13][0xa4][0xad][0xae][0x4][0x97][0xa1][0xd3][0xab]dG[0xda][0x13][0x8b][0xc3]M[0x88][0xe6][0x16][0xa2][0xdc][0xa4]_[[0xe][0xe9][0xb0][0xff][0xc1][0xe9]>[0xba][0xa5]S[0xa4]][0xb1]8Bb [0xe2][0x7]i[0xa1][0xd0]`r[0x15][0xdd]Z[0xcb]HK[0x8c][0xb0][0xaf][0xde][0x1a][0xd8][0xec][0x83][0xb4][0x1e][0x9][0xbb][0xf3][0x6]$[0xcd] jY[0xec][0x8e][0x1a][0xd0]03EZY[0x85][0xdd]y[0x3][0x10]f[0xa6]H[0x8b][0xb0]h[[0xf3][0x9a]"-[0xbe][0xc2][0xee][0xfd][0x1][0x8e][0x1d]Dc[0x7][0xbb][0xf3][0x6]$v0[0xfa][0x97]4j[0xad][0x80][0xcf]%[0x82][0xe][0xad]b[0xf7][0xfe][0xc0][0xc6][0xe][0xd2][0xca]/[0xec][0xce][0x1b][0x88][0xd8]AZ[0x1d][0x86][0xdd]Q[0x3][0x1c]f[0x88][0xca][\n]"
12:44:05.652 [main] DEBUG org.apache.http.wire -  << "[0xbb][0xf3][0x6]$[0xcc][0xe8]5[\n]"
12:44:05.652 [main] DEBUG org.apache.http.wire -  << "d[0x8a][0xb4]*[0x82][0xc6]%[0x9b]![0xdd]r)[0xd2]R:Z[0xfb][0x9]Q[0x97][0xd2][0xd8]&[0xd0]j5h[0xc9]Ck[0x9b][0x10][0x13][0xba][0xb4][0xb6][0x89]n[0xa9][0xdc][0x8]Qm[0xd1][0xda]OtK[0xe5]t;[0x94][0xc1][0x14][0xe9][0xb6]wZ[0x87][0x1e][0xbd][0xfa]s[0xa6]H[0xab][0xcf]h[0xec]'[0xa4][0xd5]b[0xb4][0xb6][0x9][0x91]s[0xb1]We[0x3][[0xd3][0x1a]#[0xb2];v[0xe7][\r]DM[0x8b][0xbc]b[0x8c][0xa6]3;[0xa6][0xc6]t+[0x19][0x8c][0x11][0xb3][0x18][0x1e][0x1][\n]"
12:44:05.652 [main] DEBUG org.apache.http.wire -  << "[0xce][0xf9]E[0xa9][\n]"
12:44:05.652 [main] DEBUG org.apache.http.wire -  << "[0x99][\n]"
12:44:05.652 [main] DEBUG org.apache.http.wire -  << "[0x98]M[0xe2][0x9c][0xd4][0x82][0x92][0xfc][0x2][0x5][0x8c][0x9d][0xd7][0x96] @[0xdc][0x6]YSc[0xba]U[0x80]H[0xcb][0xb1][0xe8][0xb6][0x15][0xf]6[0xc2]n[0x8a]t[0x3][0x15]|[0x13][0xe][0xc6][0x4]`[0x1a][0xb6][0x99]Q[0x1d][0x84][0x19][0x88]:[0x88]D3[0x90][0x96]k"O[0xd0]R-[0x18][0x88][0x1a][0xed][0x1c]DA[0x80]([0xe6][0x8][0x5][0x1][0xa2]D[0x1][0xed][0xba][0xc6][0x93][0xa6][0x11][0xb1][0x84]([0xa4]H[0x8c]%[0xaa][0xc7]4[0xa2]cB[0xc8][0x9b][0xb4]8[0xef][0xd3][0x14][0xe9][0xe0][0x1d][0xaa][0xda]O[0xdb]X@[0xc9]+[0x88][0x12][0x97][0xaa]>[0x18]j[0xf9][0x5]QF[0xd3],[0x18][0xd0][0xf][0x11][0x18][0x8c][0xf9][0x9][0xd1][0xb6][0xa4]Y0[0xe0]\W3xJO[0xa4][0xd5][0x81]#:[0x18][0x6][0xe0]d[0x83]A[0x98])[0x90][0x16]r[0x8e][0xe8][0xd4]0[0x0]u[0xed]`L[\r][0x88][0xc6][0xcf][0x88]N[\r][0x88][0x96][0xfa][0x88][0xe][0x6]D[0xf3][0x9]6paj[0x8a][0xd9][0x8d][0xc4][0xb7][0xea][0x94][0xe8][0xf5][0xd7][0xa6][0xa6][0x88]>+u[0xb7][0xa1][0x99]"[0x9d][0xdf][0xe6][0x99]W[0x92][0x9a][0x93][0x93][0x99][0x9e][0x9a]W[0xa2][0x10]\[0x92][0x9a][\n]"
12:44:05.652 [main] DEBUG org.apache.http.wire -  << "Z[0xfe][0x9f][0x8f]e[0xcb][0x88]g[\n]"
12:44:05.652 [main] DEBUG org.apache.http.wire -  << "h[0xdb]pq[0xa6][0x2][0xe8][0xae][0xfa]b[0x5][0xf0][0xe5][0xec][0x85][0xa5][0x89][0xc5]dm[\n]"
12:44:05.652 [main] DEBUG org.apache.http.wire -  << "15E4<`[0xe1][0x88][0xd1]w[0xa4]$[0x10]ck[0xb9][0x0][0x0][0x0][0x0][0xff][0xff]"
12:44:05.652 [main] DEBUG org.apache.http.wire -  << "[\r][\n]"
12:44:05.653 [main] DEBUG org.apache.http.wire -  << "A[\r][\n]"
12:44:05.653 [main] DEBUG org.apache.http.wire -  << "[0x3][0x0]`[0xbc]we[0xab][0xe4][0x0][0x0]"
12:44:05.653 [main] DEBUG org.apache.http.wire -  << "[\r][\n]"
12:44:05.653 [main] DEBUG org.apache.http.wire -  << "0[\r][\n]"
12:44:05.653 [main] DEBUG org.apache.http.wire -  << "[\r][\n]"
12:44:05.653 [main] DEBUG io.restassured.internal.RestAssuredHttpBuilder - Parsed data to instance of: class org.apache.http.conn.EofSensorInputStream
12:44:05.658 [main] DEBUG org.apache.http.impl.conn.BasicClientConnectionManager - Releasing connection org.apache.http.impl.conn.ManagedClientConnectionImpl@2060df8
12:44:05.658 [main] DEBUG org.apache.http.impl.conn.BasicClientConnectionManager - Connection can be kept alive indefinitely
12:44:05.733 [main] DEBUG net.thucydides.core.steps.StepInterceptor - STEP DONE: I receive valid login and product HTTP response code 200
  &amp#27;[32mThen &amp#27;[0m&amp#27;[32mI receive valid login and product HTTP response code 200&amp#27;[0m &amp#27;[90m# starter.stepdefinitions.UserSteps.iReceive1ValidLoginAndProductHTTPResponseCode()&amp#27;[0m
12:44:05.744 [main] DEBUG net.thucydides.core.steps.StepInterceptor - STARTING STEP: UserSteps.iReceiveValidDataForNewProduct - I receive valid data for new product
12:44:05.745 [main] DEBUG net.thucydides.core.steps.StepInterceptor - STEP DONE: I receive valid data for new product
  &amp#27;[32mAnd &amp#27;[0m&amp#27;[32mI receive valid data for new product&amp#27;[0m                      &amp#27;[90m# starter.stepdefinitions.UserSteps.iReceiveValidDataForNewProduct()&amp#27;[0m
12:44:05.753 [main] INFO  - 
  _____   ___   ___   _____     ___     _     ___   ___   ___   ___  
 |_   _| | __| / __| |_   _|   | _ \   /_\   / __| / __| | __| |   \ 
   | |   | _|  \__ \   | |     |  _/  / _ \  \__ \ \__ \ | _|  | |) |
   |_|   |___| |___/   |_|     |_|   /_/ \_\ |___/ |___/ |___| |___/ 

POST - As admin I have be able to create new product
----------------------------------------------------------------------
]]></system-out>
  </testcase>
  <testcase name="POST - As admin I cannot create new product" classname="User" time="0.757">
    <system-out><![CDATA[
@TC-004
Scenario: POST - As admin I cannot create new product           &amp#27;[90m# src/test/resources/api/user.feature:81&amp#27;[0m
12:44:05.789 [main] INFO io.cucumber.core.plugin.SerenityReporter - Running feature from file:///C:/Users/Lenovo/IdeaProjects/MiniProject/MiniprojectApi/src/test/resources/api/user.feature
12:44:05.790 [main] WARN io.cucumber.core.plugin.SerenityReporter - Feature from file:///C:/Users/Lenovo/IdeaProjects/MiniProject/MiniprojectApi/src/test/resources/api/user.feature is not under the 'features' directory. Requirements report will not be correctly generated!
12:44:05.795 [main] INFO  - 
  _____   ___   ___   _____     ___   _____     _     ___   _____   ___   ___  
 |_   _| | __| / __| |_   _|   / __| |_   _|   /_\   | _ \ |_   _| | __| |   \ 
   | |   | _|  \__ \   | |     \__ \   | |    / _ \  |   /   | |   | _|  | |) |
   |_|   |___| |___/   |_|     |___/   |_|   /_/ \_\ |_|_\   |_|   |___| |___/ 

POST - As admin I cannot create new product(user;post---as-admin-i-cannot-create-new-product)
--------------------------------------------------------------------------------
12:44:05.900 [main] DEBUG net.thucydides.core.steps.StepInterceptor - STARTING STEP: UserSteps.iSetPOSTApiEndpointsLogin - I set POST api endpoints login
12:44:05.900 [main] DEBUG net.thucydides.core.steps.StepInterceptor - STEP DONE: I set POST api endpoints login
  &amp#27;[32mGiven &amp#27;[0m&amp#27;[32mI set POST api endpoints login&amp#27;[0m                          &amp#27;[90m# starter.stepdefinitions.UserSteps.iSetPOSTApiEndpointsLogin()&amp#27;[0m
12:44:05.905 [main] DEBUG net.thucydides.core.steps.StepInterceptor - STARTING STEP: UserSteps.iSendPOSTHTTPRequestLogin - I send POST HTTP request login
12:44:05.907 [main] DEBUG net.thucydides.core.steps.StepInterceptor - STARTING STEP: PostLogin.iSendPOSTHTTPRequestLogin - I set POST api endpoints login
12:44:05.907 [main] DEBUG net.thucydides.core.steps.StepInterceptor - STEP DONE: I set POST api endpoints login
12:44:05.919 [main] DEBUG org.apache.http.impl.conn.BasicClientConnectionManager - Get connection for route {s}->https://altashop-api.fly.dev:443
12:44:05.920 [main] DEBUG org.apache.http.impl.conn.DefaultClientConnectionOperator - Connecting to altashop-api.fly.dev:443
12:44:06.036 [main] DEBUG org.apache.http.client.protocol.RequestAddCookies - CookieSpec selected: ignoreCookies
12:44:06.036 [main] DEBUG org.apache.http.client.protocol.RequestAuthCache - Auth cache not set in the context
12:44:06.036 [main] DEBUG org.apache.http.client.protocol.RequestTargetAuthentication - Target auth state: UNCHALLENGED
12:44:06.036 [main] DEBUG org.apache.http.client.protocol.RequestProxyAuthentication - Proxy auth state: UNCHALLENGED
12:44:06.036 [main] DEBUG org.apache.http.impl.client.DefaultHttpClient - Attempt 1 to execute request
12:44:06.036 [main] DEBUG org.apache.http.impl.conn.DefaultClientConnection - Sending request: POST /api/auth/login HTTP/1.1
12:44:06.036 [main] DEBUG org.apache.http.wire -  >> "POST /api/auth/login HTTP/1.1[\r][\n]"
12:44:06.036 [main] DEBUG org.apache.http.wire -  >> "Accept: */*[\r][\n]"
12:44:06.036 [main] DEBUG org.apache.http.wire -  >> "Content-Type: application/json[\r][\n]"
12:44:06.036 [main] DEBUG org.apache.http.wire -  >> "Content-Length: 48[\r][\n]"
12:44:06.036 [main] DEBUG org.apache.http.wire -  >> "Host: altashop-api.fly.dev[\r][\n]"
12:44:06.036 [main] DEBUG org.apache.http.wire -  >> "Connection: Keep-Alive[\r][\n]"
12:44:06.036 [main] DEBUG org.apache.http.wire -  >> "User-Agent: Apache-HttpClient/4.5.13 (Java/14.0.2)[\r][\n]"
12:44:06.036 [main] DEBUG org.apache.http.wire -  >> "Accept-Encoding: gzip,deflate[\r][\n]"
12:44:06.036 [main] DEBUG org.apache.http.wire -  >> "[\r][\n]"
12:44:06.036 [main] DEBUG org.apache.http.headers - >> POST /api/auth/login HTTP/1.1
12:44:06.036 [main] DEBUG org.apache.http.headers - >> Accept: */*
12:44:06.036 [main] DEBUG org.apache.http.headers - >> Content-Type: application/json
12:44:06.036 [main] DEBUG org.apache.http.headers - >> Content-Length: 48
12:44:06.036 [main] DEBUG org.apache.http.headers - >> Host: altashop-api.fly.dev
12:44:06.036 [main] DEBUG org.apache.http.headers - >> Connection: Keep-Alive
12:44:06.036 [main] DEBUG org.apache.http.headers - >> User-Agent: Apache-HttpClient/4.5.13 (Java/14.0.2)
12:44:06.036 [main] DEBUG org.apache.http.headers - >> Accept-Encoding: gzip,deflate
12:44:06.036 [main] DEBUG org.apache.http.wire -  >> "{"password":"123123","email":"someone@mail.com"}"
12:44:06.080 [main] DEBUG org.apache.http.wire -  << "HTTP/1.1 200 OK[\r][\n]"
12:44:06.081 [main] DEBUG org.apache.http.wire -  << "content-type: application/json[\r][\n]"
12:44:06.081 [main] DEBUG org.apache.http.wire -  << "date: Sat, 06 May 2023 05:52:52 GMT[\r][\n]"
12:44:06.081 [main] DEBUG org.apache.http.wire -  << "content-encoding: gzip[\r][\n]"
12:44:06.081 [main] DEBUG org.apache.http.wire -  << "transfer-encoding: chunked[\r][\n]"
12:44:06.081 [main] DEBUG org.apache.http.wire -  << "server: Fly/3f2597ca (2023-05-03)[\r][\n]"
12:44:06.081 [main] DEBUG org.apache.http.wire -  << "via: 1.1 fly.io[\r][\n]"
12:44:06.081 [main] DEBUG org.apache.http.wire -  << "fly-request-id: 01GZQSXH1YAFGE03F0AVPM8JQ3-sin[\r][\n]"
12:44:06.081 [main] DEBUG org.apache.http.wire -  << "[\r][\n]"
12:44:06.081 [main] DEBUG org.apache.http.impl.conn.DefaultClientConnection - Receiving response: HTTP/1.1 200 OK
12:44:06.081 [main] DEBUG org.apache.http.headers - << HTTP/1.1 200 OK
12:44:06.081 [main] DEBUG org.apache.http.headers - << content-type: application/json
12:44:06.081 [main] DEBUG org.apache.http.headers - << date: Sat, 06 May 2023 05:52:52 GMT
12:44:06.081 [main] DEBUG org.apache.http.headers - << content-encoding: gzip
12:44:06.081 [main] DEBUG org.apache.http.headers - << transfer-encoding: chunked
12:44:06.081 [main] DEBUG org.apache.http.headers - << server: Fly/3f2597ca (2023-05-03)
12:44:06.081 [main] DEBUG org.apache.http.headers - << via: 1.1 fly.io
12:44:06.081 [main] DEBUG org.apache.http.headers - << fly-request-id: 01GZQSXH1YAFGE03F0AVPM8JQ3-sin
12:44:06.081 [main] DEBUG org.apache.http.impl.client.DefaultHttpClient - Connection can be kept alive indefinitely
12:44:06.082 [main] DEBUG io.restassured.internal.RestAssuredHttpBuilder - Parsing response as: application/json
12:44:06.082 [main] DEBUG org.apache.http.wire -  << "AC[\r][\n]"
12:44:06.082 [main] DEBUG org.apache.http.wire -  << "[0x1f][0x8b][0x8][0x0][0x0][0x0][0x0][0x0][0x4][0xff][0xab]VJI,IT[0xb2]RJ[0xad][0xf4][0xca]HrO[0xce][0xf4][0xcf][0xf4][0xf2][0xc][0xad][0xf2]4[0xf4][0xcb][0xf4],[0xf6][0xcc][0xb]2Mv[0xf6]4[0xf3][0xcc].[0x88][0x8]s[0xf6][0xb2][0xd4]K[0xad][0xf4]rO[0x9][0xaf](N[0xca]u+[0x89][\n]"
12:44:06.082 [main] DEBUG org.apache.http.wire -  << "[0x6]K[0x94]%[0xba][0x9b][0xa4][0x7][0xb9][[0xe6]xf[0x96]g[0x6][0x85][0x1b]f$[0x86][0x97][0x83][0xc][0xa9]J22[0xcc]I22[0xcd][0x9]t[0x7][0x8b][0x95]F[0x1a]Y[0x96]x[0xe6][0x19][0xe8][0x85][0x97]9[0x5]W$[0x7][0xba][0x16][0x16][0xe6]e:[0x1b][0x96][0x19]X[0xf8]Te[0x17]y$[0xbb][0xfa][0xa4][0xa6][0x17][0x1b]$[0x99][0x97][0x95]d[0xb9][0x7][0x84]g&[0xba][0x86]'{*[0xd5]r[0x1][0x0]?[0x99][0xcf]j[0xa0][0x0][0x0][0x0]"
12:44:06.082 [main] DEBUG org.apache.http.wire -  << "[\r][\n]"
12:44:06.082 [main] DEBUG org.apache.http.wire -  << "0[\r][\n]"
12:44:06.082 [main] DEBUG org.apache.http.wire -  << "[\r][\n]"
12:44:06.083 [main] DEBUG io.restassured.internal.RestAssuredHttpBuilder - Parsed data to instance of: class org.apache.http.conn.EofSensorInputStream
12:44:06.085 [main] DEBUG org.apache.http.impl.conn.BasicClientConnectionManager - Releasing connection org.apache.http.impl.conn.ManagedClientConnectionImpl@3d273300
12:44:06.085 [main] DEBUG org.apache.http.impl.conn.BasicClientConnectionManager - Connection can be kept alive indefinitely
12:44:06.117 [main] DEBUG net.thucydides.core.steps.StepInterceptor - STEP DONE: I send POST HTTP request login
  &amp#27;[32mWhen &amp#27;[0m&amp#27;[32mI send POST HTTP request login&amp#27;[0m                           &amp#27;[90m# starter.stepdefinitions.UserSteps.iSendPOSTHTTPRequestLogin()&amp#27;[0m
12:44:06.127 [main] DEBUG net.thucydides.core.steps.StepInterceptor - STARTING STEP: UserSteps.iSetUnmatchedPOSTApiEndpointsProduct - I set POST api endpoints product
12:44:06.128 [main] DEBUG net.thucydides.core.steps.StepInterceptor - STEP DONE: I set POST api endpoints product
  &amp#27;[32mAnd &amp#27;[0m&amp#27;[32mI set unmatched POST api endpoints product&amp#27;[0m                &amp#27;[90m# starter.stepdefinitions.UserSteps.iSetUnmatchedPOSTApiEndpointsProduct()&amp#27;[0m
12:44:06.137 [main] DEBUG net.thucydides.core.steps.StepInterceptor - STARTING STEP: UserSteps.iSendPOSTHTTPRequestpostproduct - I send POST HTTP request product
12:44:06.141 [main] DEBUG net.thucydides.core.steps.StepInterceptor - STARTING STEP: PostProduct.iSendPOSTHTTPRequestpostproduct - I set POST api endpoints product
12:44:06.141 [main] DEBUG net.thucydides.core.steps.StepInterceptor - STEP DONE: I set POST api endpoints product
12:44:06.179 [main] DEBUG org.apache.http.impl.conn.BasicClientConnectionManager - Get connection for route {s}->https://altashop-api.fly.dev:443
12:44:06.179 [main] DEBUG org.apache.http.impl.conn.DefaultClientConnectionOperator - Connecting to altashop-api.fly.dev:443
12:44:06.282 [main] DEBUG org.apache.http.client.protocol.RequestAddCookies - CookieSpec selected: ignoreCookies
12:44:06.282 [main] DEBUG org.apache.http.client.protocol.RequestAuthCache - Auth cache not set in the context
12:44:06.282 [main] DEBUG org.apache.http.client.protocol.RequestTargetAuthentication - Target auth state: UNCHALLENGED
12:44:06.282 [main] DEBUG org.apache.http.client.protocol.RequestProxyAuthentication - Proxy auth state: UNCHALLENGED
12:44:06.292 [main] DEBUG org.apache.http.impl.client.DefaultHttpClient - Attempt 1 to execute request
12:44:06.292 [main] DEBUG org.apache.http.impl.conn.DefaultClientConnection - Sending request: POST /api/products HTTP/1.1
12:44:06.293 [main] DEBUG org.apache.http.wire -  >> "POST /api/products HTTP/1.1[\r][\n]"
12:44:06.293 [main] DEBUG org.apache.http.wire -  >> "Accept: */*[\r][\n]"
12:44:06.293 [main] DEBUG org.apache.http.wire -  >> "Content-Type: application/json[\r][\n]"
12:44:06.293 [main] DEBUG org.apache.http.wire -  >> "Content-Length: 83[\r][\n]"
12:44:06.293 [main] DEBUG org.apache.http.wire -  >> "Host: altashop-api.fly.dev[\r][\n]"
12:44:06.293 [main] DEBUG org.apache.http.wire -  >> "Connection: Keep-Alive[\r][\n]"
12:44:06.293 [main] DEBUG org.apache.http.wire -  >> "User-Agent: Apache-HttpClient/4.5.13 (Java/14.0.2)[\r][\n]"
12:44:06.293 [main] DEBUG org.apache.http.wire -  >> "Accept-Encoding: gzip,deflate[\r][\n]"
12:44:06.293 [main] DEBUG org.apache.http.wire -  >> "[\r][\n]"
12:44:06.293 [main] DEBUG org.apache.http.headers - >> POST /api/products HTTP/1.1
12:44:06.293 [main] DEBUG org.apache.http.headers - >> Accept: */*
12:44:06.293 [main] DEBUG org.apache.http.headers - >> Content-Type: application/json
12:44:06.293 [main] DEBUG org.apache.http.headers - >> Content-Length: 83
12:44:06.293 [main] DEBUG org.apache.http.headers - >> Host: altashop-api.fly.dev
12:44:06.293 [main] DEBUG org.apache.http.headers - >> Connection: Keep-Alive
12:44:06.293 [main] DEBUG org.apache.http.headers - >> User-Agent: Apache-HttpClient/4.5.13 (Java/14.0.2)
12:44:06.293 [main] DEBUG org.apache.http.headers - >> Accept-Encoding: gzip,deflate
12:44:06.293 [main] DEBUG org.apache.http.wire -  >> "{"price":299,"name":"Sony PS5","description":"play has no limits","categories":[1]}"
12:44:06.294 [Finalizer] DEBUG org.apache.http.impl.conn.DefaultClientConnection - Connection 0.0.0.0:65165<->149.248.193.56:443 closed
12:44:06.297 [Finalizer] DEBUG org.apache.http.impl.conn.DefaultClientConnection - Connection 0.0.0.0:65164<->149.248.193.56:443 closed
12:44:06.298 [Finalizer] DEBUG org.apache.http.impl.conn.DefaultClientConnection - Connection 0.0.0.0:65167<->149.248.193.56:443 closed
12:44:06.300 [Finalizer] DEBUG org.apache.http.impl.conn.DefaultClientConnection - Connection 0.0.0.0:65166<->149.248.193.56:443 closed
12:44:06.302 [Finalizer] DEBUG org.apache.http.impl.conn.DefaultClientConnection - Connection 0.0.0.0:65168<->149.248.193.56:443 closed
12:44:06.330 [main] DEBUG org.apache.http.wire -  << "HTTP/1.1 200 OK[\r][\n]"
12:44:06.330 [main] DEBUG org.apache.http.wire -  << "content-type: application/json[\r][\n]"
12:44:06.330 [main] DEBUG org.apache.http.wire -  << "date: Sat, 06 May 2023 05:52:52 GMT[\r][\n]"
12:44:06.330 [main] DEBUG org.apache.http.wire -  << "content-encoding: gzip[\r][\n]"
12:44:06.330 [main] DEBUG org.apache.http.wire -  << "transfer-encoding: chunked[\r][\n]"
12:44:06.330 [main] DEBUG org.apache.http.wire -  << "server: Fly/3f2597ca (2023-05-03)[\r][\n]"
12:44:06.330 [main] DEBUG org.apache.http.wire -  << "via: 1.1 fly.io[\r][\n]"
12:44:06.330 [main] DEBUG org.apache.http.wire -  << "fly-request-id: 01GZQSXH9ZA8797WVZ5X2MSS5K-sin[\r][\n]"
12:44:06.330 [main] DEBUG org.apache.http.wire -  << "[\r][\n]"
12:44:06.330 [main] DEBUG org.apache.http.impl.conn.DefaultClientConnection - Receiving response: HTTP/1.1 200 OK
12:44:06.330 [main] DEBUG org.apache.http.headers - << HTTP/1.1 200 OK
12:44:06.330 [main] DEBUG org.apache.http.headers - << content-type: application/json
12:44:06.330 [main] DEBUG org.apache.http.headers - << date: Sat, 06 May 2023 05:52:52 GMT
12:44:06.330 [main] DEBUG org.apache.http.headers - << content-encoding: gzip
12:44:06.330 [main] DEBUG org.apache.http.headers - << transfer-encoding: chunked
12:44:06.330 [main] DEBUG org.apache.http.headers - << server: Fly/3f2597ca (2023-05-03)
12:44:06.330 [main] DEBUG org.apache.http.headers - << via: 1.1 fly.io
12:44:06.330 [main] DEBUG org.apache.http.headers - << fly-request-id: 01GZQSXH9ZA8797WVZ5X2MSS5K-sin
12:44:06.330 [main] DEBUG org.apache.http.impl.client.DefaultHttpClient - Connection can be kept alive indefinitely
12:44:06.331 [main] DEBUG io.restassured.internal.RestAssuredHttpBuilder - Parsing response as: application/json
12:44:06.331 [main] DEBUG org.apache.http.wire -  << "87[\r][\n]"
12:44:06.331 [main] DEBUG org.apache.http.wire -  << "[0x1f][0x8b][0x8][0x0][0x0][0x0][0x0][0x0][0x4][0xff][0xab]VJI,IT[0xb2][0xaa]V[0xf2]tQ[0xb2]24653[0xd0]Q[0xf2]K[0xcc]MU[0xb2]R[\n]"
12:44:06.331 [main] DEBUG org.apache.http.wire -  << "[0xce][0xcf][0xab]T[0x8][0x8]6U[0xd2]QrI-N.[0xca],([0xc9][0xcc][0xcf]S[0xb2]R*[0xc8]I[0xac]T[0xc8]H,V[0xc8][0xcb]W[0xc8][0xc9][0xcc][0xcd],)V[0xd2]Q[\n]"
12:44:06.331 [main] DEBUG org.apache.http.wire -  << "([0xca]LNU[0xb2]2[0xb2][0xb4][0xd4]Q[\n]"
12:44:06.331 [main] DEBUG org.apache.http.wire -  << "J,[0xc9][0xcc]K/V[0xb2]2[0xd0]QrN,IM[0xcf]/[0xca]L-V[0xb2][0x8a][0x8e][0xad][0xad][0xe5][0x2][0x0][0x3][0xcb]jys[0x0][0x0][0x0]"
12:44:06.331 [main] DEBUG org.apache.http.wire -  << "[\r][\n]"
12:44:06.331 [main] DEBUG org.apache.http.wire -  << "0[\r][\n]"
12:44:06.331 [main] DEBUG org.apache.http.wire -  << "[\r][\n]"
12:44:06.331 [main] DEBUG io.restassured.internal.RestAssuredHttpBuilder - Parsed data to instance of: class org.apache.http.conn.EofSensorInputStream
12:44:06.332 [main] DEBUG org.apache.http.impl.conn.BasicClientConnectionManager - Releasing connection org.apache.http.impl.conn.ManagedClientConnectionImpl@2df40273
12:44:06.332 [main] DEBUG org.apache.http.impl.conn.BasicClientConnectionManager - Connection can be kept alive indefinitely
12:44:06.333 [main] DEBUG net.thucydides.core.steps.StepInterceptor - STEP DONE: I send POST HTTP request product
  &amp#27;[32mAnd &amp#27;[0m&amp#27;[32mI send POST HTTP request post product&amp#27;[0m                     &amp#27;[90m# starter.stepdefinitions.UserSteps.iSendPOSTHTTPRequestpostproduct()&amp#27;[0m
12:44:06.336 [main] DEBUG net.thucydides.core.steps.StepInterceptor - STARTING STEP: UserSteps.iReceiveValidLoginAndProductHTTPResponseCode404 - I receive valid login and product HTTP response code 404
12:44:06.339 [main] DEBUG net.thucydides.core.steps.StepInterceptor - STARTING STEP: NPostProduct.iReceiveValidLoginAndProductHTTPResponseCode404 - I set POST api endpoints product
12:44:06.339 [main] DEBUG net.thucydides.core.steps.StepInterceptor - STEP DONE: I set POST api endpoints product
12:44:06.360 [main] DEBUG org.apache.http.impl.conn.BasicClientConnectionManager - Get connection for route {s}->https://altashop-api.fly.dev:443
12:44:06.360 [main] DEBUG org.apache.http.impl.conn.DefaultClientConnectionOperator - Connecting to altashop-api.fly.dev:443
12:44:06.459 [main] DEBUG org.apache.http.client.protocol.RequestAddCookies - CookieSpec selected: ignoreCookies
12:44:06.459 [main] DEBUG org.apache.http.client.protocol.RequestAuthCache - Auth cache not set in the context
12:44:06.459 [main] DEBUG org.apache.http.client.protocol.RequestProxyAuthentication - Proxy auth state: UNCHALLENGED
12:44:06.459 [main] DEBUG org.apache.http.impl.client.DefaultHttpClient - Attempt 1 to execute request
12:44:06.459 [main] DEBUG org.apache.http.impl.conn.DefaultClientConnection - Sending request: GET /api/product HTTP/1.1
12:44:06.460 [main] DEBUG org.apache.http.wire -  >> "GET /api/product HTTP/1.1[\r][\n]"
12:44:06.460 [main] DEBUG org.apache.http.wire -  >> "Authorization: Bearer [\r][\n]"
12:44:06.460 [main] DEBUG org.apache.http.wire -  >> "Accept: */*[\r][\n]"
12:44:06.460 [main] DEBUG org.apache.http.wire -  >> "Host: altashop-api.fly.dev[\r][\n]"
12:44:06.460 [main] DEBUG org.apache.http.wire -  >> "Connection: Keep-Alive[\r][\n]"
12:44:06.460 [main] DEBUG org.apache.http.wire -  >> "User-Agent: Apache-HttpClient/4.5.13 (Java/14.0.2)[\r][\n]"
12:44:06.460 [main] DEBUG org.apache.http.wire -  >> "Accept-Encoding: gzip,deflate[\r][\n]"
12:44:06.460 [main] DEBUG org.apache.http.wire -  >> "[\r][\n]"
12:44:06.460 [main] DEBUG org.apache.http.headers - >> GET /api/product HTTP/1.1
12:44:06.460 [main] DEBUG org.apache.http.headers - >> Authorization: Bearer 
12:44:06.460 [main] DEBUG org.apache.http.headers - >> Accept: */*
12:44:06.460 [main] DEBUG org.apache.http.headers - >> Host: altashop-api.fly.dev
12:44:06.460 [main] DEBUG org.apache.http.headers - >> Connection: Keep-Alive
12:44:06.460 [main] DEBUG org.apache.http.headers - >> User-Agent: Apache-HttpClient/4.5.13 (Java/14.0.2)
12:44:06.460 [main] DEBUG org.apache.http.headers - >> Accept-Encoding: gzip,deflate
12:44:06.495 [main] DEBUG org.apache.http.wire -  << "HTTP/1.1 404 Not Found[\r][\n]"
12:44:06.495 [main] DEBUG org.apache.http.wire -  << "date: Sat, 06 May 2023 05:52:52 GMT[\r][\n]"
12:44:06.495 [main] DEBUG org.apache.http.wire -  << "content-encoding: gzip[\r][\n]"
12:44:06.495 [main] DEBUG org.apache.http.wire -  << "content-type: text/plain; charset=utf-8[\r][\n]"
12:44:06.495 [main] DEBUG org.apache.http.wire -  << "transfer-encoding: chunked[\r][\n]"
12:44:06.495 [main] DEBUG org.apache.http.wire -  << "server: Fly/3f2597ca (2023-05-03)[\r][\n]"
12:44:06.495 [main] DEBUG org.apache.http.wire -  << "via: 1.1 fly.io[\r][\n]"
12:44:06.495 [main] DEBUG org.apache.http.wire -  << "fly-request-id: 01GZQSXHF54S8JFVRA8P1ZHWJS-sin[\r][\n]"
12:44:06.495 [main] DEBUG org.apache.http.wire -  << "[\r][\n]"
12:44:06.495 [main] DEBUG org.apache.http.impl.conn.DefaultClientConnection - Receiving response: HTTP/1.1 404 Not Found
12:44:06.495 [main] DEBUG org.apache.http.headers - << HTTP/1.1 404 Not Found
12:44:06.495 [main] DEBUG org.apache.http.headers - << date: Sat, 06 May 2023 05:52:52 GMT
12:44:06.495 [main] DEBUG org.apache.http.headers - << content-encoding: gzip
12:44:06.495 [main] DEBUG org.apache.http.headers - << content-type: text/plain; charset=utf-8
12:44:06.495 [main] DEBUG org.apache.http.headers - << transfer-encoding: chunked
12:44:06.495 [main] DEBUG org.apache.http.headers - << server: Fly/3f2597ca (2023-05-03)
12:44:06.495 [main] DEBUG org.apache.http.headers - << via: 1.1 fly.io
12:44:06.495 [main] DEBUG org.apache.http.headers - << fly-request-id: 01GZQSXHF54S8JFVRA8P1ZHWJS-sin
12:44:06.495 [main] DEBUG org.apache.http.impl.client.DefaultHttpClient - Connection can be kept alive indefinitely
12:44:06.496 [main] DEBUG io.restassured.internal.RestAssuredHttpBuilder - Parsing response as: text/plain; charset=utf-8
12:44:06.496 [main] DEBUG org.apache.http.wire -  << "1E[\r][\n]"
12:44:06.496 [main] DEBUG org.apache.http.wire -  << "[0x1f][0x8b][0x8][0x0][0x0][0x0][0x0][0x0][0x4][0xff][0xcb][0xcb]/QH[0xcb]/[0xcd]K[0xe1][0x2][0x0][0xd4]I[0xfa]r[\n]"
12:44:06.496 [main] DEBUG org.apache.http.wire -  << "[0x0][0x0][0x0]"
12:44:06.496 [main] DEBUG org.apache.http.wire -  << "[\r][\n]"
12:44:06.497 [main] DEBUG org.apache.http.wire -  << "0[\r][\n]"
12:44:06.497 [main] DEBUG org.apache.http.wire -  << "[\r][\n]"
12:44:06.497 [main] DEBUG io.restassured.internal.RestAssuredHttpBuilder - Parsed data to instance of: class org.apache.http.conn.EofSensorInputStream
12:44:06.511 [main] DEBUG org.apache.http.impl.conn.BasicClientConnectionManager - Releasing connection org.apache.http.impl.conn.ManagedClientConnectionImpl@54e39504
12:44:06.511 [main] DEBUG org.apache.http.impl.conn.BasicClientConnectionManager - Connection can be kept alive indefinitely
12:44:06.514 [main] DEBUG net.thucydides.core.steps.StepInterceptor - STEP DONE: I receive valid login and product HTTP response code 404
  &amp#27;[32mThen &amp#27;[0m&amp#27;[32mI receive valid login and product HTTP response code 404&amp#27;[0m &amp#27;[90m# starter.stepdefinitions.UserSteps.iReceiveValidLoginAndProductHTTPResponseCode404()&amp#27;[0m
12:44:06.517 [main] INFO  - 
  _____   ___   ___   _____     ___     _     ___   ___   ___   ___  
 |_   _| | __| / __| |_   _|   | _ \   /_\   / __| / __| | __| |   \ 
   | |   | _|  \__ \   | |     |  _/  / _ \  \__ \ \__ \ | _|  | |) |
   |_|   |___| |___/   |_|     |_|   /_/ \_\ |___/ |___/ |___| |___/ 

POST - As admin I cannot create new product
----------------------------------------------------------------------
]]></system-out>
  </testcase>
  <testcase name="POST - As admin I have be able to assign product rating" classname="User" time="1.092">
    <system-out><![CDATA[
@TC-009
Scenario: POST - As admin I have be able to assign product rating &amp#27;[90m# src/test/resources/api/user.feature:89&amp#27;[0m
12:44:06.531 [main] INFO io.cucumber.core.plugin.SerenityReporter - Running feature from file:///C:/Users/Lenovo/IdeaProjects/MiniProject/MiniprojectApi/src/test/resources/api/user.feature
12:44:06.531 [main] WARN io.cucumber.core.plugin.SerenityReporter - Feature from file:///C:/Users/Lenovo/IdeaProjects/MiniProject/MiniprojectApi/src/test/resources/api/user.feature is not under the 'features' directory. Requirements report will not be correctly generated!
12:44:06.534 [main] INFO  - 
  _____   ___   ___   _____     ___   _____     _     ___   _____   ___   ___  
 |_   _| | __| / __| |_   _|   / __| |_   _|   /_\   | _ \ |_   _| | __| |   \ 
   | |   | _|  \__ \   | |     \__ \   | |    / _ \  |   /   | |   | _|  | |) |
   |_|   |___| |___/   |_|     |___/   |_|   /_/ \_\ |_|_\   |_|   |___| |___/ 

POST - As admin I have be able to assign product rating(user;post---as-admin-i-have-be-able-to-assign-product-rating)
--------------------------------------------------------------------------------
12:44:06.650 [main] DEBUG net.thucydides.core.steps.StepInterceptor - STARTING STEP: UserSteps.iSetPOSTApiEndpointsLogin - I set POST api endpoints login
12:44:06.650 [main] DEBUG net.thucydides.core.steps.StepInterceptor - STEP DONE: I set POST api endpoints login
  &amp#27;[32mGiven &amp#27;[0m&amp#27;[32mI set POST api endpoints login&amp#27;[0m                            &amp#27;[90m# starter.stepdefinitions.UserSteps.iSetPOSTApiEndpointsLogin()&amp#27;[0m
12:44:06.656 [main] DEBUG net.thucydides.core.steps.StepInterceptor - STARTING STEP: UserSteps.iSendPOSTHTTPRequestLogin - I send POST HTTP request login
12:44:06.659 [main] DEBUG net.thucydides.core.steps.StepInterceptor - STARTING STEP: PostLogin.iSendPOSTHTTPRequestLogin - I set POST api endpoints login
12:44:06.659 [main] DEBUG net.thucydides.core.steps.StepInterceptor - STEP DONE: I set POST api endpoints login
12:44:06.677 [main] DEBUG org.apache.http.impl.conn.BasicClientConnectionManager - Get connection for route {s}->https://altashop-api.fly.dev:443
12:44:06.677 [main] DEBUG org.apache.http.impl.conn.DefaultClientConnectionOperator - Connecting to altashop-api.fly.dev:443
12:44:06.763 [main] DEBUG org.apache.http.client.protocol.RequestAddCookies - CookieSpec selected: ignoreCookies
12:44:06.763 [main] DEBUG org.apache.http.client.protocol.RequestAuthCache - Auth cache not set in the context
12:44:06.763 [main] DEBUG org.apache.http.client.protocol.RequestTargetAuthentication - Target auth state: UNCHALLENGED
12:44:06.763 [main] DEBUG org.apache.http.client.protocol.RequestProxyAuthentication - Proxy auth state: UNCHALLENGED
12:44:06.763 [main] DEBUG org.apache.http.impl.client.DefaultHttpClient - Attempt 1 to execute request
12:44:06.763 [main] DEBUG org.apache.http.impl.conn.DefaultClientConnection - Sending request: POST /api/auth/login HTTP/1.1
12:44:06.763 [main] DEBUG org.apache.http.wire -  >> "POST /api/auth/login HTTP/1.1[\r][\n]"
12:44:06.763 [main] DEBUG org.apache.http.wire -  >> "Accept: */*[\r][\n]"
12:44:06.764 [main] DEBUG org.apache.http.wire -  >> "Content-Type: application/json[\r][\n]"
12:44:06.764 [main] DEBUG org.apache.http.wire -  >> "Content-Length: 48[\r][\n]"
12:44:06.764 [main] DEBUG org.apache.http.wire -  >> "Host: altashop-api.fly.dev[\r][\n]"
12:44:06.764 [main] DEBUG org.apache.http.wire -  >> "Connection: Keep-Alive[\r][\n]"
12:44:06.764 [main] DEBUG org.apache.http.wire -  >> "User-Agent: Apache-HttpClient/4.5.13 (Java/14.0.2)[\r][\n]"
12:44:06.764 [main] DEBUG org.apache.http.wire -  >> "Accept-Encoding: gzip,deflate[\r][\n]"
12:44:06.764 [main] DEBUG org.apache.http.wire -  >> "[\r][\n]"
12:44:06.764 [main] DEBUG org.apache.http.headers - >> POST /api/auth/login HTTP/1.1
12:44:06.764 [main] DEBUG org.apache.http.headers - >> Accept: */*
12:44:06.764 [main] DEBUG org.apache.http.headers - >> Content-Type: application/json
12:44:06.764 [main] DEBUG org.apache.http.headers - >> Content-Length: 48
12:44:06.764 [main] DEBUG org.apache.http.headers - >> Host: altashop-api.fly.dev
12:44:06.764 [main] DEBUG org.apache.http.headers - >> Connection: Keep-Alive
12:44:06.764 [main] DEBUG org.apache.http.headers - >> User-Agent: Apache-HttpClient/4.5.13 (Java/14.0.2)
12:44:06.764 [main] DEBUG org.apache.http.headers - >> Accept-Encoding: gzip,deflate
12:44:06.764 [main] DEBUG org.apache.http.wire -  >> "{"password":"123123","email":"someone@mail.com"}"
12:44:06.801 [main] DEBUG org.apache.http.wire -  << "HTTP/1.1 200 OK[\r][\n]"
12:44:06.801 [main] DEBUG org.apache.http.wire -  << "content-type: application/json[\r][\n]"
12:44:06.801 [main] DEBUG org.apache.http.wire -  << "date: Sat, 06 May 2023 05:52:53 GMT[\r][\n]"
12:44:06.801 [main] DEBUG org.apache.http.wire -  << "content-encoding: gzip[\r][\n]"
12:44:06.801 [main] DEBUG org.apache.http.wire -  << "transfer-encoding: chunked[\r][\n]"
12:44:06.801 [main] DEBUG org.apache.http.wire -  << "server: Fly/3f2597ca (2023-05-03)[\r][\n]"
12:44:06.801 [main] DEBUG org.apache.http.wire -  << "via: 1.1 fly.io[\r][\n]"
12:44:06.801 [main] DEBUG org.apache.http.wire -  << "fly-request-id: 01GZQSXHRQ159YP1BVJ35CYXKA-sin[\r][\n]"
12:44:06.801 [main] DEBUG org.apache.http.wire -  << "[\r][\n]"
12:44:06.801 [main] DEBUG org.apache.http.impl.conn.DefaultClientConnection - Receiving response: HTTP/1.1 200 OK
12:44:06.801 [main] DEBUG org.apache.http.headers - << HTTP/1.1 200 OK
12:44:06.801 [main] DEBUG org.apache.http.headers - << content-type: application/json
12:44:06.801 [main] DEBUG org.apache.http.headers - << date: Sat, 06 May 2023 05:52:53 GMT
12:44:06.801 [main] DEBUG org.apache.http.headers - << content-encoding: gzip
12:44:06.801 [main] DEBUG org.apache.http.headers - << transfer-encoding: chunked
12:44:06.801 [main] DEBUG org.apache.http.headers - << server: Fly/3f2597ca (2023-05-03)
12:44:06.801 [main] DEBUG org.apache.http.headers - << via: 1.1 fly.io
12:44:06.801 [main] DEBUG org.apache.http.headers - << fly-request-id: 01GZQSXHRQ159YP1BVJ35CYXKA-sin
12:44:06.801 [main] DEBUG org.apache.http.impl.client.DefaultHttpClient - Connection can be kept alive indefinitely
12:44:06.801 [main] DEBUG io.restassured.internal.RestAssuredHttpBuilder - Parsing response as: application/json
12:44:06.801 [main] DEBUG org.apache.http.wire -  << "AC[\r][\n]"
12:44:06.801 [main] DEBUG org.apache.http.wire -  << "[0x1f][0x8b][0x8][0x0][0x0][0x0][0x0][0x0][0x4][0xff][0xab]VJI,IT[0xb2]RJ[0xad][0xf4][0xca]HrO[0xce][0xf4][0xcf][0xf4][0xf2][0xc][0xad][0xf2]4[0xf4][0xcb][0xf4],[0xf6][0xcc][0xb]2Mv[0xf6]4[0xf3][0xcc].[0x88][0x8]s[0xf6][0xb2][0xd4]K[0xad][0xf4]rO[0x9][0xaf](N[0xca]u+[0x89][\n]"
12:44:06.801 [main] DEBUG org.apache.http.wire -  << "[0x6]K[0x94]%[0xba][0x9b][0xa4][0x7][0xb9][[0xe6]xf[0x96]g[0x6][0x85][0x1b]f$[0x86][0x97][0x83][0xc][0xa9]J22[0xcc]I22[0xcd][0x9]t[0x7][0x8b][0x95]F[0x1a]Y[0x96]x[0xe6][0x19][0xe8][0x85][0x97]9[0x5]W$[0x7][0xba][0x16][0x16][0xe6]e:[0x1b][0x96][0x19]X[0xf8]Te[0x17]y$[0xbb][0xfa][0xa4][0xa6][0x17][0x1b]$[0x99][0x97][0x95]d[0xb9][0x7][0x84]g&[0xba][0x86]'{*[0xd5]r[0x1][0x0]?[0x99][0xcf]j[0xa0][0x0][0x0][0x0]"
12:44:06.801 [main] DEBUG org.apache.http.wire -  << "[\r][\n]"
12:44:06.801 [main] DEBUG org.apache.http.wire -  << "0[\r][\n]"
12:44:06.801 [main] DEBUG org.apache.http.wire -  << "[\r][\n]"
12:44:06.801 [main] DEBUG io.restassured.internal.RestAssuredHttpBuilder - Parsed data to instance of: class org.apache.http.conn.EofSensorInputStream
12:44:06.802 [main] DEBUG org.apache.http.impl.conn.BasicClientConnectionManager - Releasing connection org.apache.http.impl.conn.ManagedClientConnectionImpl@308498a8
12:44:06.802 [main] DEBUG org.apache.http.impl.conn.BasicClientConnectionManager - Connection can be kept alive indefinitely
12:44:06.819 [main] DEBUG net.thucydides.core.steps.StepInterceptor - STEP DONE: I send POST HTTP request login
  &amp#27;[32mWhen &amp#27;[0m&amp#27;[32mI send POST HTTP request login&amp#27;[0m                             &amp#27;[90m# starter.stepdefinitions.UserSteps.iSendPOSTHTTPRequestLogin()&amp#27;[0m
12:44:06.824 [main] DEBUG net.thucydides.core.steps.StepInterceptor - STARTING STEP: UserSteps.iSetPOSTApiEndpointsRating - I set POST api endpoints rating
12:44:06.825 [main] DEBUG net.thucydides.core.steps.StepInterceptor - STEP DONE: I set POST api endpoints rating
  &amp#27;[32mAnd &amp#27;[0m&amp#27;[32mI set POST api endpoints rating&amp#27;[0m                             &amp#27;[90m# starter.stepdefinitions.UserSteps.iSetPOSTApiEndpointsRating()&amp#27;[0m
12:44:06.830 [main] DEBUG net.thucydides.core.steps.StepInterceptor - STARTING STEP: UserSteps.iSendPOSTHTTPRequestPostRating - I send POST HTTP request post rating
12:44:06.833 [main] DEBUG net.thucydides.core.steps.StepInterceptor - STARTING STEP: PostProductRating.iSendPOSTHTTPRequestPostRating - I set POST api endpoints rating
12:44:06.833 [main] DEBUG net.thucydides.core.steps.StepInterceptor - STEP DONE: I set POST api endpoints rating
12:44:06.846 [main] DEBUG org.apache.http.impl.conn.BasicClientConnectionManager - Get connection for route {s}->https://altashop-api.fly.dev:443
12:44:06.846 [main] DEBUG org.apache.http.impl.conn.DefaultClientConnectionOperator - Connecting to altashop-api.fly.dev:443
12:44:06.944 [main] DEBUG org.apache.http.client.protocol.RequestAddCookies - CookieSpec selected: ignoreCookies
12:44:06.944 [main] DEBUG org.apache.http.client.protocol.RequestAuthCache - Auth cache not set in the context
12:44:06.944 [main] DEBUG org.apache.http.client.protocol.RequestTargetAuthentication - Target auth state: UNCHALLENGED
12:44:06.945 [main] DEBUG org.apache.http.client.protocol.RequestProxyAuthentication - Proxy auth state: UNCHALLENGED
12:44:06.945 [main] DEBUG org.apache.http.impl.client.DefaultHttpClient - Attempt 1 to execute request
12:44:06.945 [main] DEBUG org.apache.http.impl.conn.DefaultClientConnection - Sending request: POST /api/products/2/ratings HTTP/1.1
12:44:06.945 [main] DEBUG org.apache.http.wire -  >> "POST /api/products/2/ratings HTTP/1.1[\r][\n]"
12:44:06.945 [main] DEBUG org.apache.http.wire -  >> "Accept: */*[\r][\n]"
12:44:06.945 [main] DEBUG org.apache.http.wire -  >> "Content-Type: application/json[\r][\n]"
12:44:06.945 [main] DEBUG org.apache.http.wire -  >> "Content-Length: 11[\r][\n]"
12:44:06.945 [main] DEBUG org.apache.http.wire -  >> "Host: altashop-api.fly.dev[\r][\n]"
12:44:06.945 [main] DEBUG org.apache.http.wire -  >> "Connection: Keep-Alive[\r][\n]"
12:44:06.945 [main] DEBUG org.apache.http.wire -  >> "User-Agent: Apache-HttpClient/4.5.13 (Java/14.0.2)[\r][\n]"
12:44:06.945 [main] DEBUG org.apache.http.wire -  >> "Accept-Encoding: gzip,deflate[\r][\n]"
12:44:06.945 [main] DEBUG org.apache.http.wire -  >> "[\r][\n]"
12:44:06.945 [main] DEBUG org.apache.http.headers - >> POST /api/products/2/ratings HTTP/1.1
12:44:06.945 [main] DEBUG org.apache.http.headers - >> Accept: */*
12:44:06.945 [main] DEBUG org.apache.http.headers - >> Content-Type: application/json
12:44:06.945 [main] DEBUG org.apache.http.headers - >> Content-Length: 11
12:44:06.945 [main] DEBUG org.apache.http.headers - >> Host: altashop-api.fly.dev
12:44:06.945 [main] DEBUG org.apache.http.headers - >> Connection: Keep-Alive
12:44:06.945 [main] DEBUG org.apache.http.headers - >> User-Agent: Apache-HttpClient/4.5.13 (Java/14.0.2)
12:44:06.945 [main] DEBUG org.apache.http.headers - >> Accept-Encoding: gzip,deflate
12:44:06.945 [main] DEBUG org.apache.http.wire -  >> "{"count":4}"
12:44:06.980 [main] DEBUG org.apache.http.wire -  << "HTTP/1.1 401 Unauthorized[\r][\n]"
12:44:06.980 [main] DEBUG org.apache.http.wire -  << "content-type: application/json[\r][\n]"
12:44:06.980 [main] DEBUG org.apache.http.wire -  << "date: Sat, 06 May 2023 05:52:53 GMT[\r][\n]"
12:44:06.980 [main] DEBUG org.apache.http.wire -  << "content-encoding: gzip[\r][\n]"
12:44:06.980 [main] DEBUG org.apache.http.wire -  << "transfer-encoding: chunked[\r][\n]"
12:44:06.980 [main] DEBUG org.apache.http.wire -  << "server: Fly/3f2597ca (2023-05-03)[\r][\n]"
12:44:06.981 [main] DEBUG org.apache.http.wire -  << "via: 1.1 fly.io[\r][\n]"
12:44:06.981 [main] DEBUG org.apache.http.wire -  << "fly-request-id: 01GZQSXHYCHM6YR381K0D8E602-sin[\r][\n]"
12:44:06.981 [main] DEBUG org.apache.http.wire -  << "[\r][\n]"
12:44:06.981 [main] DEBUG org.apache.http.impl.conn.DefaultClientConnection - Receiving response: HTTP/1.1 401 Unauthorized
12:44:06.981 [main] DEBUG org.apache.http.headers - << HTTP/1.1 401 Unauthorized
12:44:06.981 [main] DEBUG org.apache.http.headers - << content-type: application/json
12:44:06.981 [main] DEBUG org.apache.http.headers - << date: Sat, 06 May 2023 05:52:53 GMT
12:44:06.981 [main] DEBUG org.apache.http.headers - << content-encoding: gzip
12:44:06.981 [main] DEBUG org.apache.http.headers - << transfer-encoding: chunked
12:44:06.981 [main] DEBUG org.apache.http.headers - << server: Fly/3f2597ca (2023-05-03)
12:44:06.981 [main] DEBUG org.apache.http.headers - << via: 1.1 fly.io
12:44:06.981 [main] DEBUG org.apache.http.headers - << fly-request-id: 01GZQSXHYCHM6YR381K0D8E602-sin
12:44:06.981 [main] DEBUG org.apache.http.impl.client.DefaultHttpClient - Connection can be kept alive indefinitely
12:44:06.981 [main] DEBUG org.apache.http.impl.client.DefaultHttpClient - Authentication required
12:44:06.981 [main] DEBUG org.apache.http.impl.client.DefaultHttpClient - altashop-api.fly.dev:443 requested authentication
12:44:06.981 [main] DEBUG org.apache.http.impl.client.DefaultHttpClient - Response contains no authentication challenges
12:44:06.982 [main] DEBUG io.restassured.internal.RestAssuredHttpBuilder - Parsing response as: application/json
12:44:06.982 [main] DEBUG org.apache.http.wire -  << "2D[\r][\n]"
12:44:06.982 [main] DEBUG org.apache.http.wire -  << "[0x1f][0x8b][0x8][0x0][0x0][0x0][0x0][0x0][0x4][0xff][0xab]VJ-*[0xca]/R[0xb2]R*[0xcd]K,-[0xc9][0xc8]/[0xca][0xac]JMQ[0xaa][0xe5][0x2][0x0]@[0x17]da[0x19][0x0][0x0][0x0]"
12:44:06.982 [main] DEBUG org.apache.http.wire -  << "[\r][\n]"
12:44:06.982 [main] DEBUG org.apache.http.wire -  << "0[\r][\n]"
12:44:06.982 [main] DEBUG org.apache.http.wire -  << "[\r][\n]"
12:44:06.982 [main] DEBUG io.restassured.internal.RestAssuredHttpBuilder - Parsed data to instance of: class org.apache.http.conn.EofSensorInputStream
12:44:06.985 [main] DEBUG org.apache.http.impl.conn.BasicClientConnectionManager - Releasing connection org.apache.http.impl.conn.ManagedClientConnectionImpl@68823b6b
12:44:06.985 [main] DEBUG org.apache.http.impl.conn.BasicClientConnectionManager - Connection can be kept alive indefinitely
12:44:06.986 [main] DEBUG net.thucydides.core.steps.StepInterceptor - STEP DONE: I send POST HTTP request post rating
  &amp#27;[32mAnd &amp#27;[0m&amp#27;[32mI send POST HTTP request post rating&amp#27;[0m                        &amp#27;[90m# starter.stepdefinitions.UserSteps.iSendPOSTHTTPRequestPostRating()&amp#27;[0m
12:44:06.993 [main] DEBUG net.thucydides.core.steps.StepInterceptor - STARTING STEP: UserSteps.iReceive1ValidLoginAndProductHTTPResponseCode - I receive valid login and product HTTP response code 200
12:44:06.995 [main] DEBUG net.thucydides.core.steps.StepInterceptor - STARTING STEP: PostProduct.iReceive1ValidLoginAndProductHTTPResponseCode - I set POST api endpoints product
12:44:06.996 [main] DEBUG net.thucydides.core.steps.StepInterceptor - STEP DONE: I set POST api endpoints product
12:44:07.010 [main] DEBUG org.apache.http.impl.conn.BasicClientConnectionManager - Get connection for route {s}->https://altashop-api.fly.dev:443
12:44:07.011 [main] DEBUG org.apache.http.impl.conn.DefaultClientConnectionOperator - Connecting to altashop-api.fly.dev:443
12:44:07.110 [main] DEBUG org.apache.http.client.protocol.RequestAddCookies - CookieSpec selected: ignoreCookies
12:44:07.110 [main] DEBUG org.apache.http.client.protocol.RequestAuthCache - Auth cache not set in the context
12:44:07.110 [main] DEBUG org.apache.http.client.protocol.RequestProxyAuthentication - Proxy auth state: UNCHALLENGED
12:44:07.110 [main] DEBUG org.apache.http.impl.client.DefaultHttpClient - Attempt 1 to execute request
12:44:07.110 [main] DEBUG org.apache.http.impl.conn.DefaultClientConnection - Sending request: GET /api/products HTTP/1.1
12:44:07.111 [main] DEBUG org.apache.http.wire -  >> "GET /api/products HTTP/1.1[\r][\n]"
12:44:07.111 [main] DEBUG org.apache.http.wire -  >> "Authorization: Bearer [\r][\n]"
12:44:07.111 [main] DEBUG org.apache.http.wire -  >> "Accept: */*[\r][\n]"
12:44:07.111 [main] DEBUG org.apache.http.wire -  >> "Host: altashop-api.fly.dev[\r][\n]"
12:44:07.111 [main] DEBUG org.apache.http.wire -  >> "Connection: Keep-Alive[\r][\n]"
12:44:07.111 [main] DEBUG org.apache.http.wire -  >> "User-Agent: Apache-HttpClient/4.5.13 (Java/14.0.2)[\r][\n]"
12:44:07.111 [main] DEBUG org.apache.http.wire -  >> "Accept-Encoding: gzip,deflate[\r][\n]"
12:44:07.111 [main] DEBUG org.apache.http.wire -  >> "[\r][\n]"
12:44:07.111 [main] DEBUG org.apache.http.headers - >> GET /api/products HTTP/1.1
12:44:07.111 [main] DEBUG org.apache.http.headers - >> Authorization: Bearer 
12:44:07.111 [main] DEBUG org.apache.http.headers - >> Accept: */*
12:44:07.111 [main] DEBUG org.apache.http.headers - >> Host: altashop-api.fly.dev
12:44:07.111 [main] DEBUG org.apache.http.headers - >> Connection: Keep-Alive
12:44:07.111 [main] DEBUG org.apache.http.headers - >> User-Agent: Apache-HttpClient/4.5.13 (Java/14.0.2)
12:44:07.111 [main] DEBUG org.apache.http.headers - >> Accept-Encoding: gzip,deflate
12:44:07.370 [main] DEBUG org.apache.http.wire -  << "HTTP/1.1 200 OK[\r][\n]"
12:44:07.370 [main] DEBUG org.apache.http.wire -  << "content-type: application/json[\r][\n]"
12:44:07.370 [main] DEBUG org.apache.http.wire -  << "date: Sat, 06 May 2023 05:52:53 GMT[\r][\n]"
12:44:07.370 [main] DEBUG org.apache.http.wire -  << "transfer-encoding: chunked[\r][\n]"
12:44:07.370 [main] DEBUG org.apache.http.wire -  << "content-encoding: gzip[\r][\n]"
12:44:07.370 [main] DEBUG org.apache.http.wire -  << "server: Fly/3f2597ca (2023-05-03)[\r][\n]"
12:44:07.370 [main] DEBUG org.apache.http.wire -  << "via: 1.1 fly.io[\r][\n]"
12:44:07.370 [main] DEBUG org.apache.http.wire -  << "fly-request-id: 01GZQSXJ3HHM16STY9QA8Q2NS3-sin[\r][\n]"
12:44:07.370 [main] DEBUG org.apache.http.wire -  << "[\r][\n]"
12:44:07.370 [main] DEBUG org.apache.http.impl.conn.DefaultClientConnection - Receiving response: HTTP/1.1 200 OK
12:44:07.370 [main] DEBUG org.apache.http.headers - << HTTP/1.1 200 OK
12:44:07.370 [main] DEBUG org.apache.http.headers - << content-type: application/json
12:44:07.370 [main] DEBUG org.apache.http.headers - << date: Sat, 06 May 2023 05:52:53 GMT
12:44:07.370 [main] DEBUG org.apache.http.headers - << transfer-encoding: chunked
12:44:07.370 [main] DEBUG org.apache.http.headers - << content-encoding: gzip
12:44:07.370 [main] DEBUG org.apache.http.headers - << server: Fly/3f2597ca (2023-05-03)
12:44:07.370 [main] DEBUG org.apache.http.headers - << via: 1.1 fly.io
12:44:07.370 [main] DEBUG org.apache.http.headers - << fly-request-id: 01GZQSXJ3HHM16STY9QA8Q2NS3-sin
12:44:07.371 [main] DEBUG org.apache.http.impl.client.DefaultHttpClient - Connection can be kept alive indefinitely
12:44:07.371 [main] DEBUG io.restassured.internal.RestAssuredHttpBuilder - Parsing response as: application/json
12:44:07.371 [main] DEBUG org.apache.http.wire -  << "331[\r][\n]"
12:44:07.371 [main] DEBUG org.apache.http.wire -  << "[0x1f][0x8b][0x8][0x0][0x0][0x0][0x0][0x0][0x4][0xff][0xaa]VJI,IT[0xb2][0x8a][0xae]V[0xf2]tQ[0xb2]24[0xb2][0xb0]0[0xd7]Q[0xf2]K[0xcc]MU[0xb2]Rr[0xcd][0xcb]/[0xca][0xcd]/-Vp[0xce]/)[0xc9][0xcf]Sp[0xce][0xcf]-(-I-R[0xd2]QrI-N.[0xca],([0xc9][0xcc][0xcf]S[0xb2]R[\n]"
12:44:07.371 [main] DEBUG org.apache.http.wire -  << "-Q[0xc8]KMN-.[0xce],I,[0xc9]L*-V([0xcb],ILU[0xc8],-JUH[0xc9][0xcf][0xc9]/J-V(J-H[0xcd][0xc9]I[0xcd]K)-V([0xce][0xcc][0xcd][0xcc][0xc9],,M[0xd5]S[0xd2]Q[\n]"
12:44:07.371 [main] DEBUG org.apache.http.wire -  << "([0xca]LNU[0xb2][0xb2]4[0xd4]Q[\n]"
12:44:07.371 [main] DEBUG org.apache.http.wire -  << "J,[0xc9][0xcc]K/V[0xb2]2[0xd1]QrN,IM[0xcf]/[0xca]L-V[0xb2][0x8a][0x8e][0xad][0xd5]A[0xb8][0xd0][0x2][0xee][0xc2][0x80][0xa2][0xc4][0xe4][0x92][0xcc][0xe4][0xc4][0x1c][0x5][0xdf][0xc4][0xa2][0xa4][0x9c]T[0x85][0x90][0xc4][0xa4][0x9c]T[0xc][0xf7][0x85][0xa4][0xe6][0x16][0xe4][0x17][0x81][0x1d]V\[0x9a]W[0xa2][0x90]X\[0x90]Z[0x94][0x9]r[0x15][0x92][0xfd][0x16]FH[0xf6][0x1b][0xe3][0xb3][0xdf][0x12]nPiqIf[0xb2][0x82]{Qb^fI[0xaa]BpF~j1[0xa6][0xed][0xf9]%[0x89][0xb9][\n]"
12:44:07.371 [main] DEBUG org.apache.http.wire -  << "[0x85][0xa5] [0xfb]S[0x12]s[0x15][0xca]Rs[0x90][0xac]51#[0xd2]ZK[0x3][0xb8][0xb5][0xc1][0xf9]y[0x95][\n]"
12:44:07.371 [main] DEBUG org.apache.http.wire -  << "[0x1][0xc1][0xa6][0x18]V[0x15][0xe4]$V*d$[0x16]+[0xe4][0xe5]+[0xe4]d[0xe6]f[0x96][0x80]\[0x3][\r]_#KK$[0x9b][0xf0][0x5][0xb0][0xa5][0x11][0xdd]l2[0xa6][0xa6]M[0x86]x"[0xcd][0xd2][0x94]n6[0x99][0xc1]mr-J[0xcf][0xcf][0xcb][0xcf][0xcd]LV[0x8][0xcf][0xcf]OI[0xcd]Sp[0xcf][0xc9]/[0xc3][0x92]B[0x82]3s[0xb2][0x11][0x19][0xc1][0xd8][0xd2][0x18]9M[0x98][0xe2][0xf3][0x15]"[0xb3][0xba][0xe7][0x17][0xa5][0xa7][0x82]2+[0xc8]0\[0x16]A22[0xc2]*3[0xb]Cc[0xa4]Da[0x80][0xcf]*D[0xae]sL-[0xca]O[0xa9][0xcc]K[0x4]y[0xc][0x9a][0xef][0x82]32[0x8b]J0[0x92][0xa3]gQ~[0x1e][0xc2]2[0xb][0x13]S[0xe4],[0x86][0xd7]_[0x88],[0xe6]RZ[0x4][0xca][0xd3][0xf0]<[0xe6][0x94][0x98][0x8e]a[0x8f]s~^rQj[0x9]([0xe3]C[0x13][0xbb][0xb1][0x85][0xa1][0x1][0x92][0xc7][0xf0][0xa4]vK[0x3]D[0xbe][0x82][0x87]a@bAj[0x11][0xee][0xf2][0xe][0x12][0x9b][0x8][0x9f][0x99][Z[0x98][0x10]k[0x1b]U[0xf3][0x16][0x9e][0x8][0xb3]40[0x81][0xa7]C*[0x94][0x17]xb[0xcb][0xd2][0x80][0xaa]y[0xb][0xaf][0x9f][0x10][0x89][0xd0]#5[0xb1][0xac]R[0xc1][0xa5][0xb4][0xa4]R![0xb8]$55G[0xc1]#[0x11]3[0x1][0xa2]G[0x94][0x99][0x81][0xa9]9RD[0xe1][0xb5][\n]"
12:44:07.371 [main] DEBUG org.apache.http.wire -  << "3[0x9]BSEFb&f[0x15][0x8]v[0x3]"E[0x98][0x99][0x1a]"Wg[0xf8],[0x2]%Th[0x85][0xeb]X[0x9e]Z[0x9c][0x9f][0x9b][0xaa][0xe0][0x93][0x9a]X[0x92][0x1]J[0x80]9[0xf9][0xc9][0xa0][0x82][0x1][0xb5][0xb6]E[0xcd]U[0xe6][0x86][0x16]DfaK[0x90][0x93][0xa0]6[0xc1][0xab]v[0xa7][0xa2][0xfc][0xbc][0xaa]T[0xdc]I=[0xa8]4)[0x9]\[0xe3]C3[0x96][0x5][0xd1]%[0x86][0xa5]!"[0xa9]C[0xeb]I[0x9f][0xcc][0xbc][0xd4]<[0x85][0x80][0x9c]DpVE[0xf5][0x15][0xba]E[0xc6][0x86]&[0xa6]DF[0x15][0xa8][0xc][0x83][0xfa][0xcb]75%3?[0xb9][0x8][0xe4]!H[0x91][0xa0][0xe0][0x8c]5[0xc][0xc1].AD[0x97][0x89][0x99]!r[0x91][0x8b]7[0xba][0x90][0xb2]Ue^jQz&[0xb8][0x9][0x0][0x8a][0x14][0x5][0xec][0xa5]`@N"H[0x9][0xc2]6Sc[0xb][0xe4][0xc2][0x9][0xaf]m[0x88][0xac][0x85]\[0xea]B[0xca]q[0x5][0xef][0xbc][0xcc]4P[0xa1][0x87][0x1a][0x92]X[0xec]3%:[0x89] */d[0xfb][0x1c]sJs3[0xf3]Js[0x15] [0xa5]/[0x0][0x0][0x0][0xff][0xff]"
12:44:07.371 [main] DEBUG org.apache.http.wire -  << "[\r][\n]"
12:44:07.372 [main] DEBUG org.apache.http.wire -  << "6C8[\r][\n]"
12:44:07.372 [main] DEBUG org.apache.http.wire -  << "B[0xb5][0xf][0x9a]Z[0x91][0xfc]giL[0xb4][0xff][0x10][0x15][0x18]r[0x86][0xce][0xcc][0xc9]V[0x8]O[0xcc][0xc9]I[0xc5][0xcc][0xd2][0x90][0x4][0x8b][0xb0][0xcc][0xd2][0xcc][0xc0][0x82][0xd8]t[0x82](=0[0x1a][0x8e]8l[0xc3][0xf0][0x9b][0x85][0x99]!rQ[0x8f]7[0xee][0x10]%[0x8]rXBkL[0x1c][0x16]:[0xe7][0x17][0x14] [0xe7]7K3C[0xe4]f[0x1b]>[0xfb][0x8c][0x10][0x15][0x19][0xac] [0x81]&[0x5][0x5][0xe7]D[0xcc][0x12][0xb]= [0x8d][0x8d][\r][0x88]-[0xb2][0x8c][0xc][0xe1]U[0xb][0xcc]&HI[0x8b][0xab][0xdd][0x1]j[0x93] [0xa2][0xcc][0x94][0xf8]R[0xd8][0x8]Q[0x86][0xc0][0x8b],[0xa8]U[0xd8]3[0x1b]D[0x12]a[0x97][0x99][0xb9][0x19]r[0xa3][0x3]o[0xf8]![0x1a][0xa3][0xf0]b$<??[0x7]G[0x11][0x82][0x1e]~[0xa6][0x16]&D[0x87][0x1f][0xa2][0xc][0x81][0xdb][0x4]1[0xe]G[0x17][0x2][0xdd]W[0xc6][0x6][0xa6][0xc4]&z#D[0x9][0x2]-[0x85]!I[0xc][0x87]M[0xd0][0x14][0x83][0x8]@c#[0xa2][0xab]L#D[0xe1]A[0x85][0x16][0x7][0xde][0xa8]B[0x14][0x1b][0x88][0x9c][0xc][0xa9][0x9e]q4[0x3]r[0x10]>[0xb2][0xb4][0x4]U[0xb9][0xf0][0xae]&^{[0x10]%[0x6][0xbc]m[0x8][0xeb][0xec]a[0xaf][0xc6][0xa0][0xb2][0x8][0xdb][0xcc][\r]-[0x89]mr[0x18]![\n]"
12:44:07.372 [main] DEBUG org.apache.http.wire -  << "[0xc][0xcf][0xbc][0x92][0xd4][0x9c][0x9c][0xcc][0xf4][0xd4][0xbc][0x12][0x5]h[0xca][0xc0][0x96][0x87]1l351%[0xb6]"[0x3][0x95][0xd1][0xd0]Z[0x13][0x9e][0xb5][0xc0][0xad][0x18][0x5][0xa7][0xfc][0x92][0x12],[0xbd]hP[0x15][0x87][0xf0][0x97][0xb1][0x85][0x1][0xb1][0x95][0x8a]1[0xa2][0xb8][0xf0][0x4][0xd5][0xca])[0x99][0xa0][0xae]:4[0xa5])8cmO[0xc1]j[0x1c][0x84][0x85]F[0x6]DG[0x9b]1[0xa2][0xd4]@$[0xf]h[0xb2]w[0xce][0xc7][0xd2]N[0x84][0xba][0x5]a[0x99][0xa5][0x99][0x9][0xb1]U[0x98]1[0xa2][0xd8][0x8][0xce]IM[0xcd]V[0x0][0xb7]-[0x14][0xb0][0xda][0x83]Z[0xe][0x1a][0x9b][0x1a][0x11][0x1d][0x84][0x88][0x12][0xc3]'3=[0xa3][0xa4]<[0x15]D[0xc2]F=[0x9c]R[0xf3][0x92]3[0x88][0xa8][0x97][0xcd]A[0x5]7Q[0x9][0xdf][0x18]Qj[0xc0]K(hbS[0xf0]N[0xad]L[0xca]O,J[0xc1][0xb0][0x10]TX"[0x82][0xd0][0xc8][0xc8][0x84][0xd8][0x9a][0xb][0xd4][0xdf][0x85]&E[0xe4][0x9a][0x12][0x14]Z[0xb8]m[0x3]gw[0x84]u[0xe6][0x16][0xc4][0xc7][0x18][0xa2][0xf4]@jt@[0xab]z[0x1c][0xe5]"z[0xf3][0xd4][0xd2][0x8]4PF\X"[\n]"
12:44:07.372 [main] DEBUG org.apache.http.wire -  << "[0x11]$[0xeb]`}V\[0xb9][\r][0xdd]B33P[0xfd]N[0x9c][0x85][0x88]r[0x4]^j[0x81]2/q[0xb5][0xb3][0x85][0x5][0xd1][0xed][0x0]P[0x88]C[0xe3][\r][0xd6]M[0x87][0xe6][0xb2][0x80][0xc4]<[0xf0][0xd8][0x13]jK[0x11][0xbd][0x1a]325#[0xb6][0xb4][0x2][0xd5][0xad]P[0xab][0xe0][0xa5][0x15]$[0x88]p[0xb4][0xba][0xa1][0xd1][0x89]H [0xa6][0x86][0xc6][0xc4][0xb6][0xdc]L[0x10][0xe5][0x87][b^[0x9][0xb8][0xf9][0xe][0x1b][0xc2][0xc1][0xd6][0x2][0xc6](>,,[0x88]nq[0x9b] [0x8a][0xf]h[0xfd][0xc][0xca]F8[0xda][0x1c][0x10][0x1f]#[0xfc]db[0x8][0x1a][0x15]$*Q[0x98] J[0x90]`[0xa4]~[0xb][0xac][0x9c][0xc5][0xda]}F[0xcb]bf[0x6][0x96]D[0x87] [0xa2][0xfc]@[0xae][0xca][0xc0]9[0x1a][0xfb]()([0x81]"<fd@t=[0x6][0x1a]@[0x85][0xa6][0xc]Dd[0x81]LS[0xc0][0x9e][0x8][0xd1]<eabAl[0xb3][0xcd][0x4]Qn [0xd7]c[0x90][0xb1]""Z[0xd8][0x16]F[0xa0][0xb1]&[0xe2]b[0xb]Qf Y[0x5][0xe]>[0xec][0xed][0xe][0x90][0x14]"[0xf8][0xcc]L@[0xd1]M[0x9c]M[0x88][0xc2][0x2][0x9e][0xb1]`%=[0xf6]z[0x5]#[0x17][[0x80]j[0xb][0xa2],3[0xc5][0xec][0xa2][0x80]c[0x8a]p[0xa3][0xcd][0xd8][0xdc][0x94][0xd8][0xda][0xc4][0x14][0xd1][0xdc]@[0xc][0xc0][0xc2][0x8b][lV[0x81][0xdc][0x80][0x8]<K[0x13]c[0xa2][0xad]Bd*x5[0x9]N_8[\n]"
12:44:07.372 [main] DEBUG org.apache.http.wire -  << "%XnCXfjFtB7E[0xe4])hI[0x1][0x8a]t[0xac][0x19][0x17][0xd5]CF[0x96]f[0xc4]6AA[0x8e][0x81]f&[0xa4]t[0x7]K[0xf][0xe1][0x89]%X[0xda][0x19][0x18][0xa5][0x9f][0x99][0x1][0xca]p([0xbe][0x6]6[0xa8]o[0x1][0xb5][0xf]^U[0xc1][0x6]7p53[0xc0][0x8d]TD[0x8][0x9a][0x19][0x99][0x11][0xdb][0x17][0x2]u[0x9a][0xa0][0xb6]![0xf9][0xe][0x12]a[0xd8][0xca]uHe[0x86]d[0x95][0xb1]1[0xd1][0x1][0x89][0xc8]V[0x88]R[0x9][0x16][0xfd][\n]"
12:44:07.372 [main] DEBUG org.apache.http.wire -  << "[0xd8]3[0x16][0x9a][0xc7]LM[0x89][0xce][0xc4]f[0x88]|[0x85]\[0xb8]CC[0x12][0xfb][0x10][0x18][0xa4][[0x81][0xf0][0x9c])[0xea][0x4][0x11][0xbe]X3C[0xe4]0X[0xbd][0xf]K"8J'[0xd0][0x8]-[0xc2]*cC[0xa2][0x7][0xc0]@[0xbd]wh[0x94]A[0x13]="[0x10][0xb1]wS [0x9e]FXfb[0x2][0x1a][0x1f]$[0xaa]x2C[0xe4]0xY[0x8][0xca]J8[0x6][0xda][0xd0]C[0xd0][0xc4][0xd8][0x9c][0xd8][0xe4][0x1]J[0xb2]Po[0xc1]m[0x82][0xa4]6[0x1c][0xc3][0xa3][0xa0][0xac][0x8e][0xf0][0x93][0x85][0x19][0xd1][\r]'sD[0xd2][0x80][0xdb][0x4])[0xc1][0x15][0xb0]ggXI[0x89][0xb0][0xcd][0xd8][0x98][0xe8]!fsD[0xcb][0x9][0xd2][0x19][0x82][0x8e]va[0x1f][0xa9][0xc4][0xb4][0xca][0xd2][0x1c][0xe4]^[0xa2]"[0xcb][0x1c]Q[0xf6]"[0x17][0xf3][0xe0][0x99]j[0xec]cC[0x98][0xd6][0x19][[0x80][\n]"
12:44:07.372 [main] DEBUG org.apache.http.wire -  << " [0xe2][0xac]C[0x1a][0xdc]@j?A[0xb]?\[0xad]xXbE[0x4][0xa6][0x85][0x1][0xf1]Q[0x87]h[0x4]@[0xd3]>81bo?A3 [0xc2]"c[0x13]cb[0xcb]EPn[0x84][0xa6][0xc6][0xe0][0xdc][0xc4][0x9c][0x1c][0xf8]d[0x1b][0xf6]pDO[0xf7][0x96]&[0xa0][0xb9]&[0xa2]B[0x11][0xd4][0xd6][0x82][0xda][0x4][0xf5][0x12]4[0xd5]c[0xb7][0x9][0x92]P[0x91][0xfc]dJt[0xbb][0x1a]4[0x9d][0xf][0xb5][0x9][0xb9][0x5][\n]"
12:44:07.372 [main] DEBUG org.apache.http.wire -  << "[0x8b][0x10][0xec][0xfd]s[0x98],[0xc2]F[0xb]SPaG[0x9c][0xdf][0x10]-y[0xa4]~[0x1e][0xb8]P[0xc7][0xd1][0x14][0xc5][0xf0][0x1e][0xf1][0xa9][0x1f]T[0xc3][0xc2][0xbd][0x97]\[0x94][\n]"
12:44:07.372 [main] DEBUG org.apache.http.wire -  << "[0x1d]S[0x1][0xb7]Eq[0x8c][0xdf][0xa0][0x16]!F[0xe6]f[0xc4][0xe]>X [0x8a]E[0xe4][0xee]9,;[0xe1][0x1a][0xa9][0x7]%VD@[0x1a][0x93][0x90]H[0x10]Y[\r]5[0x91]`o[0xd0][0x83][0xc7][[0x10][0x16][0x99][[0x80][0xc6][0xd1][0x88][0x88]1cc$[0x8f]E8[0xf9]G[0x18]b[0x8c]h L5AY=[0x81]^9[0xc2][0xd6][0xa6][0x98]"uS[0xdd][0x13]s3[0xf3]0[0xe7][0xaa][0xdd][0xf2][0x8b][0x14][0xd2][0xc1]R[\n]"
12:44:07.372 [main] DEBUG org.apache.http.wire -  << "[0x5][0xa5]E[0x5][0xf9][0xc5][0xa9][0xc5]J[0xb5]H[0xcb][,A[0xe3][\n]"
12:44:07.372 [main] DEBUG org.apache.http.wire -  << "[0xd0][0x98]E[0x1e][0xea][0x81][0xe6][0x13][0x1c][0xf5]+[0xca][0x2][0x2][0x13]KP3[0x8e][0x88][0x10]0[0xb2][0xb4]@[0x14]1H-"h[0xdf][0x19]GU[0x4][0xea][0x9f]"[0x2][0xc6][0xc8][0x8][0x94][0xa7][0x89][0xb2][0xc][0xd4]W[0xc5][0xe2]3H.[0xc0]Y[0x1b][0x81][\n]"
12:44:07.372 [main] DEBUG org.apache.http.wire -  << "t[0x84]u[0xe6][0xa6][0xa0][0x16][0x1]q[0xd6]![0xea]"D[0x13][0xc]Z[0x1f]ao[0x80][0xa1][0xa5]$K[0xb][0xa2][0xb3][0x88]%"[0xef][0xc3][0xdb][0xb1]A[0xe0][0xa9]S<[0x3]X[0xe8][0xf3][0x82][0xc6]fF[0xc4][0xe][0x87][0x80]:[0xe2][0xd0][0xa0]D.[0xdd]@Y[0xe][0xeb]d[0xf]4F[0x11][0xe1]hj[0x0][0x9a][0xb5]'.[0x1c][0x11][0xd9][0x1f])[0x8d]@[0xeb][0x1b][0xec][0xb6][0x81][0xe6]y[0x11]v[0x19]Y[0x80][0xda][0xa7][0xc4][0xd9][0x85][0xc8][0xfa][0x90][0x9a][0x8][0x1c]%8[0xda][0xcb][0x98][0xa5][0xb5]1[0xf1][0xc3][0xb6][0xa0]Qyh[0x8]"[0x95][0xd6][0xd0][0xb4][0x88]=[0x97][0xa1]&|[0xb]K[0xa2]'[0x1e]-[0x11][0xb9][0xc][0x91][0x12][0xa1][0xc9][0x3][[0xbf][0x3][0x92]H[0x11][0x1]hl[0x1][0x1a]d[0x86][0x7] [0xbe][0xd5],[0xa0]b[\n]"
12:44:07.372 [main] DEBUG org.apache.http.wire -  << "[0xea]-[0xa4][0xc8][0x82]TB[0xd8][0x13]=[0xac][0x18]GXgn[\n]"
12:44:07.372 [main] DEBUG org.apache.http.wire -  << "[0x1a][0x0][0x83][[0x87]{[0xe9][0x87][0xb1][0x1]h@[0x3]n[0x1d]b[0xca][0x2][0x16]38[0xba][0xc1][0xe8][\r][0x8]3[0xd4][0x19][0x19][0xdc][0xfe]360@dj$[0xff]A[0xa3][\r]{[0x83][0x16]=4M[0xcc][0x88][0xec][0xdf][0x1b][0x1b][0x80][0xda]5X[0xbc][0x7]1[0x11]G[0xaf][0x0][0xda]"D[0x4][0xa7][0x91][0x99][0x11]q[\r]1cp[0x9e][0x84][0xda][0x7]i>[0xc3][0x3][0x12][0xfb][0xc2]F[0xb4]*[0xdd][0x94][0xc8][0x14]il`[0x80][0x94][0xcf][0x90]Z[0xb3][0x90][0xdc][0x86][0xbd][0x81][0x89][0xd4][0xaf][0x2][0x0][0x0][0x0][0xff][0xff]"
12:44:07.372 [main] DEBUG org.apache.http.wire -  << "[\r][\n]"
12:44:07.373 [main] DEBUG org.apache.http.wire -  << "553[\r][\n]"
12:44:07.373 [main] DEBUG org.apache.http.wire -  << "[0x2][0xaf][0xd7]42[0x0][\r][0xdb][0xc3]S[0x9][0xde]HCt[0x86]a[0xf3][0xc5][0xe0][0x92][0xca]'1[0xb7][0x0][0xa3][0xce][0x5]w[0xc7][0x11][0xa1]ga[\n]"
12:44:07.373 [main] DEBUG org.apache.http.wire -  << "[0xea][0xb5][0xc3][0xad]A[0xaf]y[0x11]5[0xa7]1x~[0x8][0x16]z[0xe0]f,[0xc4];8[0x16][0xdd]a[0xc4][0x93])[0xb1][0xd5][0xa6][0xb1][0x1][0xd2]J[0x1a][0xb4]x[0xc2][0xde][0x8e]E[0xf7][0x13][0xb1][0xe3][0x8][0xc6][0x6]H[0x8b]h`A[0x7]-8[0xb0][\r]dA[0xb]eD[0xe8][0x19][0x81]W[0xe1][0x10][0x17]z[0x88][0xfe][0x14]R[0x81][0x8][0x89]u[0xdc][0xeb][0x83]0l$[0xba]kjl[0x0]Zs[0x3][0x8b]/[0xca]W[0xb4][0xe2]M[0x19][0x88][0x91][[0x9a][0xce]L[0x1b][0x1b][0x18]"[0x8a][0xfa][0x80]`[0x5][0xcc][0x15][0xba][0xe9][0x89][0xb9][0xa9][\n]"
12:44:07.373 [main] DEBUG org.apache.http.wire -  << "[0xa6][\n]"
12:44:07.373 [main] DEBUG org.apache.http.wire -  << "[0xc5]%[0xe0][0xf1]bhV[0xc2][0xdf][0xb8]DI[0xe2][0x88][0x9c][0x4][0xf1][0x88][0xa1][0x11]F[0x6][0x82]/[0x2]F_[0x1]l[0xc]*[0xad][0x89]J[0xb][0xa0][0xa9]&[0xe4][0x98])03[0xc3][0xb0]&9?)1[0x11]D R[0x1b][0x9][0x16] F[0x90][0x9c][0xf3][0x93][0x12][0x15]RJsJ1l[0xc8][0xcc][0xcb]T[0xc8]H[0xcc][0xab]LT(H-[0x2][0xd9][0x94][0x98][0xa7]P[0x90]_[0xc]Z[0x13][0x4][\r]8SKKP[0x85]G[0x9c][0x9f][0x10]5[0x7]-b[0x6]4[0x95][0xb][\r]2[0x9a][0x18][0x8f][0xc8][0x9d]![0x89][0x98]A[0x5][0x8f]s,[0xb][0xbf][\r][\r]0[0x0]Q[0xb][0xa6][0x8c][\r]@[0xf5][0x16][0xd4]O[0x1e][0x5][\n]"
12:44:07.373 [main] DEBUG org.apache.http.wire -  << "a[0x99]e[0xf9][\n]"
12:44:07.373 [main] DEBUG org.apache.http.wire -  << "[0x91]F[0x98][0x9].7573'3;S[0xa1][0xb8] [0xb5]83-3;[0xb1]8S[0xa1]21/]![0xb1] [0x13][0xb4]~[0x11][0x1a][[0xa0][0xe6][0x2][0xb8][0xc5]@\|![0x92]:[0xfd]|[0x8c][0xb4]T[0x81][0xfe]>FZ[0xb6]0[0x0][0x96]#z0%[0xa9][0xc5][0xa0]m[0x18][\n]"
12:44:07.373 [main] DEBUG org.apache.http.wire -  << "[0x5]E[0xf9])[0xa5][0xc9][0xa0][0xec][0x86]:[0x8d][[0x92][0x91]Y[0xac][0x90]Y[0xac]P[0x92][0x91][\n]"
12:44:07.373 [main] DEBUG org.apache.http.wire -  << "S[0xa3][0x90][0x82][0xb4]![0x4][0xbe][0xa5][0x3][0x9c][0xf2][0x88]Lk[0xa0][0xc9]YhZ[0x3][0x97]lf[0x6][0x6][0x6][0x18]%[0x2][0xbe]dnJtI[0x0][0x9a][0xae][0x82]Z50^E4[0xbe][0x6][0xc6]~[0xba][0xd5][0x86][0xa0][0x11]HhH[0x83]#[0x95][0xe4]=+D[0xd7]X[0xa0]&=[0xd4]&[0xfa][0xe7][0x1d][0xa4]u[0x10][0x3][0x12][0xa1]H[0xa3]N[0x3]c?[0xa2]j[0x1d][0x18][0xfb][0x11]e[0x17]dh[\r][0xa3][0xe0]H[0xc3]2[0xea][0x6]/[0xa6][0x88][0x9d][0xf8]26[0x0]M[0xc8]AS[0x19]l[0xe2][0xb][0xdc][0x91][0xc1][0xbe][0x86]-(53935/%[0xb3]X[0xa1]85E!3[0xaf],5[0xaf]$[0xbf](U!3/93[0x5][0xb4][0x11]-[0xb5]D![0xb1][0xb4]$5[0x17]i?[0x18][0xb1]k[0x4][0x8c][\r]@[0xeb][0xe3][0xa1][0x8e][0x19][0x98]PG[0x14]c[0x3][0x90][0xe5][0x10]e[0x18][0xd5]<O[0xdc][0x8a]?c[0x3][0x13]D[0x1b][0x9f][0x90][0xdd][0x88][0xb6]1[0xa8].$[0xb2]*[0x4][0xad][0x9b][0x1b][0xc8][0x88]EZ[0xa5]A[0xc8]4i[\n]"
12:44:07.373 [main] DEBUG org.apache.http.wire -  << " -[0xe0][0xa0][0x9a][0xfd][0xc4][0xc6]-h[0x8b][0x1a][0x91]aOV[0xdc][0x82][0xe6][0xaf][0x88]4[0x9f]6a[0x8b][0xe8]GP-lAI[0x9b][0xe8][0xf0]E[0xc]&S[0xcd]~[0xa2][0xed]F[0x14]X[0x84][0xec]&/niP&[0x91][0x14][0xb6][0x88]r[0x89][0xb6][0xd5] h)[0x16]4[0x11][0xd3][0xd6]"[0xd0][0xbc][0x1][0xd4]"B1F[0x93][0xdc][0x2][0x9a][0xfb][0xa5][0xb6][0xfd][0xc4][0xa6]V[0xd0]<[0x17][0x91]v[0x93][0x95]ZAs[D[0x9a]O[0x9b][0xb0][0xa5]QIDd%[0x8b][0xb4][0xd6][0x87][0xbc][0xae][0x9][0xd1][0xdd]M[0xd0][0xe2];h@[0xd3][0xda]&D[0x1][0x10][0xe1][0x94]_[0xa1]0[0x18]&[0xb4][0x8d][\r][0xcc][0x11]c}[0x3][0x92][0x89][0x91][0xd6]$Q[0xcd]~b3[0xb1]9[0xa2]gB[0xc8]n[0xb2]21[0xd2]"(B[0xe6][0xd3]$[0x13][0x9b][0xd3][0xa0]:[0x7]UyDfb[0xa4][0x85]K[0x3][0xe2]}[0xd0][0xd2][0x7]h[0xd6][0xa6][0x9a][0xfd][0xc4]&-[0xa4][0x5]N[0x84][0xec]&+i[0x81][0xd6][0xfc]Q[0xdb]o[0xa0][0xa8]%[0xda][0x3][? -V![0x14][0xbc][0xb4][0xc8]YF[0xa0][0xad]Z[0xd0][0xe0][0xa7]m[0x1b][0xb]t[0xee][0xe][0xd4]"[0xaa]y[0x94][0xd8]8F:i[0x86][0x90][0xdd]8[0xd3]0[0xbe][0xe5][0x9]H[0xcb]r[0x8][0x99]O[0x8b]H[0x4][0xef][0x97][0xa1]v[0xd8][0x82][0xf2][0x10]q[0xc5][0xa3]!h[0xf4][0x94][0x16][0xd6][0x13][0x19][0xbd][0x86][0xa0][0x8d]d[0x3]j?[\r][0xc6]%[0x89][0xf6];mk~C[0xa4][0xa5])[0x3][0x91][0xb4][\r]A[0xcb][0xc7]h[0x11][0xb7]D&m[0xa4][0x15][0x18][0x3][0xe2]}[0xa4]u[0x19][0xb4]m[0xd4][0x1b][0x82]v/@[0x3][0x9a][0xd6]6!j\Z[0xdb][0x84]h6[0xd2][0xda]&[0xc4][0x98][0xf][0xad]mB[0x8c][0xfe][0xd0][0xda]&D7[0x8f][0xd6]6![0xe6][0xe0]il[0x13][0xfa][0x8a][0x13][0x92]g[\n]"
12:44:07.373 [main] DEBUG org.apache.http.wire -  << "[0x89][0xed][0x8e][0x1b]"5[0xac]h[0xed]'D[0xf5]Ck[0x9b][0x10][0x95][\r][0xad]m[0xa2][~2B[0xe4][0xa7][0x1])[0xe1][0x91][0x16][0xbf]P[0xcd]~b[0x1b][0xf][0xa0][0x1d][0xc][0xd0]2[0x9f][0x90][0xdd]8[0xdb][0xc5]x[0xd6][0xc3][0x19]"[0x9d][0xfd]A[0xe3][0xf4][0x82][0xb4][0xa0][0x86][0x90]Oh[0xd1][0x2]7DZSCU[0xfb][0x89]l[0xa6] -K[0xa0][0xaa][0xf5][0xc4]&$[0xa4][0x95][0x9]4[0x8e]h[0xa4][0xa9]qZ[0xdb][0x84]([0x82]h[0xb0][0xd2][0xce][0x10]i[0xf6][0x13][0xb1][0xaf][0x10][0xba][0xcc][0x15][0xd7][0x9][0x1a][0x81][0xa5][0xa0][0xe5]P[0x88]Sf[0x13][0x8b][0x8b]KsS[0xf3]R[0x12][0x15]Jsr[0x12][0xc9][0x9a][0xde]7D[0x9a][0x5][0xa5]q[0x80]"[0xcd]y[0x6][0x4][0x9b]`[0xac][0x9d]((6QHJ,[0x2]-:DZ[0xc8]Gd[0x6][0x18][0xe0][0xf9]NCSD[0x9b][0x96]j[0x19][0x90][0xd8][0xcc][0x87][0xb4]a[0x9f][0x90][0xdd]d[0x95][0xe2][0xa0]]^D[0xd6][0x12]4)[A{gia?[0x91]Ik[0x80]'[0xb0][0xc][0x91]f[0x90][0x8]E/M[0x82][0x1f][0xb4][0x8f][0x98][0xda][0xc1]Ol[0xd2]F[0x9a][0xd3]"[0xe4]w[0xb2][0x92]6[0xd2][0xfe]xB[0xe6][0xd3]&l[0x11][0x1d][0x1f][0xaa][0xda]Od[0xd2][0xa6][0xd5][0xb4][\n]"
12:44:07.373 [main] DEBUG org.apache.http.wire -  << "[0xb1][0xd1][0xb]:[0xc7][0x0][0x9a][0xb4]hQ[0xc5][0x9a]#u`[0x91]v[0x1f][0x81]w[0xc9][0xe0][0xd8]U[0xe5][0x9f][0x9b][0x7]]FW[0x8][0xaa]k[0x93][0xf3][0xf3][0x8a]S[0xb]K[0x13]KJ[0x8b][0x14][0x92][0xf3][0x8b]@[0xa7][0xbb][0x83][0xe]=O[0xca],V(J[0x4][0x9d]"
12:44:07.373 [main] DEBUG org.apache.http.wire -  << "[\r][\n]"
12:44:07.373 [main] DEBUG org.apache.http.wire -  << "194[\r][\n]"
12:44:07.373 [main] DEBUG org.apache.http.wire -  << "J[0x8f]|[0xb2]<[0xd1]K[0xea][0xc][0xcd][0x11][0xd1]N[0xb]#MWQ[0xa1]J[0xc7][0xb3][0xe3][0xca][0x10]ib[\n]"
12:44:07.373 [main] DEBUG org.apache.http.wire -  << "[0xb2]A[0x9][0xba]i[0x8][0xfb][0xd6].[0xc7][0xd2][0x12][0x85][0xd4][0xe2][0x12][0x85][0x9c][0xc4][0xa4][0xfc][0xa2][0xd2]\[0x85][0xe2][0xc4][0x82][0xcc][0xd4][0xbc][0x92]TD[0xd0][0x82]W)[0x82]V1[0x92][0xb3]R[0xd1][0x10]i[0xaa]*/17[0x11][0xb2]h[0x1c][0xb4]1[0x0]u]y6[0xf4][0xc4][0x84]<[0xb4][0xbd]Al[0xb2]E[0x9a][0xb2][0xa2]I[0xf4]![0xda][0x12][0xd0]}[0xe9][0xd0]=d[0xb8]v[0xc0][0x7][0x83][0xd6]x[0xe6]%[0x82][0xf][0xff]O$/[0xe4][0x10][0x3]e[0xc8][0xfb]|[0xa1][0xbb][0xb2][0xb0]o[\n]"
12:44:07.374 [main] DEBUG org.apache.http.wire -  << "[0xf4]K,)-VH-Q([0xce][0xcc]+![0xcf]VD[0xb][0x9b][0xaa][0xa5][0x1f][0xd1][0xf1]8[0xc0]][0xa4]][0xf1]H[[0xe1]`[0x91][0x8d]m[0xe3]]X~NiAIbIj[0xb1]B[0x9][0xa2][0x1b][0x90]Z[0xa2][0x90]Z[\n]"
12:44:07.374 [main] DEBUG org.apache.http.wire -  << "[0x8e]}[0x85]R[0xf0]J_[0xf2]b[0x3]Q([\r]Hl[0xd0]c&[0x14]_YF[0x8b][0x9]J[0xd0]$[0x1a]rj[0xc4]3[0x89]h[0x88]4I[0x9][0xdb][0x82][0x9][0xda]w[0x8b][0xe3]t[0x4]G[0xd0][0xdd]"y[0xe0][0x8a][0x9][0xbe][0xcc][0xbb][0xb0]4S![0xaf]4[0xb7][0xb0][0x94][0xcc][0xae] =[0xa6]1[0xf1][0x86][0x0]F[0xc1][0x7]=O[0x0][0xc7]a[0x99][0x9e][0xb9][0x5][0xa9])[0x99]%[\n]"
12:44:07.374 [main] DEBUG org.apache.http.wire -  << "E[0xa9][0xa0][0xda][0x4]v[0x1][0xc][0xb8][0xe2][0x6][0xd5][0xda][0x99][0xe0][0xdc][0x0][0xef]"[0x83]k[0x1d][0xf2][0xea]k[0xa4][=[0x6]&k [\n]"
12:44:07.374 [main] DEBUG org.apache.http.wire -  << "J[0xc4][0xc6]~h[0xe1][0x8c][0xfd][0xd4]-[0xa4][0xab]h[0x8a]R[0xb]JS2[0x13][0xf3]R[0x12]S)j[0xb4] [0x9d]d@[0xb3]@[0xc0][0x9b]:[0x10][0xad]9[0x9a][0xd9][0x8f]o0[0x13]4[0xf2][0xf]m[0xac][0xe][0x84][0xfd][0xe0][0xd6][0xe5][0x80][0xda]O[0x83][0xf5]u[0xc8]e#f[0xd8][0x3][0x0][0x0][0x0][0xff][0xff]"
12:44:07.374 [main] DEBUG org.apache.http.wire -  << "[\r][\n]"
12:44:07.401 [main] DEBUG org.apache.http.wire -  << "BE3[\r][\n]"
12:44:07.401 [main] DEBUG org.apache.http.wire -  << "[0x82][0xdd][0xc5]dl[0x84]t[0x1c][0x3][0xa1][0xb0]'[0xa7][0x1f]h[0x4]:cz [0xc3][0x16]t[0xf8]>[0xd4]~[0x9a][0xae][0xc2]1[0xa2][0xd5]t>q[0x1d]N#[0xd0][0xd1][0xda]P[0x12][0x8a]GZ[0xf4][0xb7][0x8d][0x90][0xa6][0xd3]if?[0x9e]2[0xcc][0x8]i[0x92][0x9d]f[0xf6][0xe3][0xcb]G[0xa0]K%[0x6]4[0xfc][0x11][0xfd][0x8c][0x81][0xf1]?[0xa2]"[0xa5]B[0xcf][0x18]oH#j+[0x1a][0xdb]D[0xb7])m#[0xa4][2[0xa8][0xe0]'<mq#[0xa4]S[0xe]h[[0x1e][0x1a]![0x9a][0x9c]T[0xf0][0x12][0xbe][0x4][0x81]tA[0x6][0xad]mB$[0xf2][0xcc][0xbc][0x94][0xfc][0xdc]L[0xcc][0xbb]{[0x12][0xb3]K[0x15][0x8a]K[0xb3][0x13][0x15][0x10][\n]"
12:44:07.401 [main] DEBUG org.apache.http.wire -  << "[0xa0]c FD[0x9f][0x9c]`[0x84]4s[0x8e]0[0x6]u[0xa8][0x85]:[0xf6] e[0xa5][0xc4][0xdc][0xe2][0xd2][0xbc]t[0x85]`#c[0x85][0xd0][0x9c][0x92][0xa2]D[0x8c]Y$[0xa4][0xea][0xdf][0xcc][0x80][0xb8][0xf3][0x95][0x8d][0x8d][0x90][0xe6][0xc1]i[0x1c]7H[0xf3][0xd4][0xc1][0x4][0xfd][0xe2][0x9e][0x98][0x93]XQ[0x89][0xf0][0x11][0xb1][0xad]%[0xa4][0xc9]hZ{[0x87]^[0xb]B[0x8c][0x90][0xcf]m [0x18]p[0x88] 3$>[0x11] [0x1d][0xd7]@[0xeb]PCdPZ[0xdb][0x84][0x18][0xe1][0xa2][0xb5]M[0x88]L[0x1a][0x80][0xe3]<[0xf][0xd0]9;)[0xa9][0xc5][0xd9]E[0x99][0x5][0xc5][0x99][0xe4][0xe][0xbe][0x1a]!-u[0xa0]m[0xd5][0x80][0xb4][0xa6][0x81][0xc6][0x16]!:V4[0xb6][0x8][0xb1]P[0x8c][0xc6][0x16]![0x8a][0x5][0xd4][0x93]\A[0x97][0x8e][0xe1][0x98]y[0x9]K-[0x2]_[0xeb][0xb]9[0xc4][0x0]it[0x13]q[0x8b][0xae]BJfz^fqqfn~19C[0x9c]Ft[<b[0x84]th[0x2][0x8d]3[0x1e][0xd2][0xbd][0x14][0xb4][0xb6][0x89]n[0x85][0x9][0xd2][0xc9][0x7][0xb0]Z[0x12]R[0x17]*8[0x1a][0x93]vZ[0xf][0xd1]gn[0x80]o[0x11][0x82]v[0x8d]h0[0xa9]c[0x84][0xb4][0xdc]g@z>H[0xcb]|[0x6][0xc6]~D[0xd9]30[0xf6]#[0x8a][0xa4][0x81][0xb1][0x1f][0xad][0xa3]A[0xbb]s[0xa7][0x8c][0x90][0xd6][0x3]![0x97][0xbe][0xe0][0x13]d[0xb0][0x1e][0x85][0x9][0x9a]f@4[0x99][0x8c][0xcc]A-!b[0xce]N3BZ[0x19][0x84]|[0x1f][0x4][0xd8]&[0xa2][0xe][0xd1][0x86][0x1c]<I[0x9c]][0x88][0xd2][0x7]v&[0xe]d"[0x1f][0xfb][0xa1]8[0xd0][0x99][0x3][0x84][0xb7]L[\r][0x89]<[0xf2][0xdf][0xd8][0x8]t[0x12]([0xb4]([0x80][0xcd][0xc4][0xc0]N[0xaf][0xc5]q[0xc2]:t[0xce][0xe]a[0x9b][0x85][0x9][0xe8]0^[0xe2]<[0x86][0x98]wC[0xdc]"[0x7]9[0xba][0x16]GU[0x9]]%[0x88][0xb0][0xcd][0xc4][0x14]4[0x80]H[0x94]mHG[0x1d]@f[0xec][0xc1][0x91][0x85]5Y@[0xe6][0xf2][0x11][0xb6][0x18][0x81][0xd7],[0x12]g[0xb][0xa2]I[0x83]|[0xb8]8[0xc4]D\[0xab][0x1b]Q[0x93][0xa1][0xa9]%h:[0x8a]8[0xdb][0x10]e[0xb][0xfc]z[0x1c]h[0x18]a[0xbd][0xb6][0x6][0x12][0xb8][0x8][0x8f][0x19][0x83][0xab]k[0xe2][0xac]B[0x14]#[0xc8]y[0xb][0xea]1[0xec]I[0x11]rj0[0x92]u[0x16][0xa0][0xc2][0x98]8[0xeb][0x10][0xe3]ep[0x9f][0xe1][0xb5][0xb]rd0[0xc2].3[0xa2][0xcf][0xea]5"a[0xad][0x15]M[0xc6]f[0x7]x-[0x96][0x91][0x19]"[0x1f][0x82][0x1b]R4,[0xa1]A%[0x11][0xb4][0x80][0x19][0x90][0xca]h[0x80][0x8f]J0[0xa2][0xc5]Q[0x9][0xe8]S[0xed][0xf8][0xc6][0xe2]H8.[0x81]&I}[0x80][0x8f]S0[0x1a][0xe0]uF[0xe8][0xb][0xd4]h[0x98][0xd5][0x90]W[0xa8][0xd1][0xf4][0xf0]g#[0xa4]Ua[0xb4].?,[0xd0][0x1a][0x93]4[0xdb][0xc5]fdA[0xb7][0xa1]*[0xa4][0xfb]H[0xc0][0xc1]GC?[0xa1][0x15][0xf4][0xb4][0xb3][0x9]iI[0x11]b[0xdd][0x6][0xb4][0xad][0x88][0xab][0x15][0xe4]X[0x94][0x9c][0x91]Y[0x92][0x9a]\[0x92][0xaf][0x0][[0xd1]R[0xc]Z[0xdf][0x97][0xf]^[0x99][0x9a]ZL[0xd6]R;#[0xa4][0xc5]E[0xe0][0xd0][0xa5]a[0x8e][0x3]5[0xdb][0xa0][0x95][0x1b][0xc2][0xd3][0xd0]ke[0xb0][0xaf][0xb][0xf5][0xcb][0xcc][0xc8][0xcc]QHM[0x4]-[0xe]%k\[0xc7][0x92]n[0xf9][0xc1][0x92]n[0xf9][0x1]i[0xb9][0x9]M[0x7][0xeb][0x8c][0x91]NO[0x80][\r][0xb6]8faN[0xac][0xe0];[0x13][0x99][0xe8]Q[0x16]c[0xa4][0x85][0x1c][0xe0]tH[0xb3][0xbc]g[0x8c]|[0xf5][0x4]M[0xb]~c[0xa4]E[\r]4[0xf6][0x13][0xd2][0xf4]=[0xad]mB[0xc][0xe7][0xd3][0xd8]&[0xea]N*[0xe3]i[0xf5][0x19][0x83]n=[0x82][0x16]L[0xc8][0x9d]Rx[0xd7][0x1e][0xdb][0x15]9~[0xa9][0x85][0xa5][0xa9][\n]"
12:44:07.401 [main] DEBUG org.apache.http.wire -  << "e[0x90]e[0xb7][0xc5][0xa0][0x2]J!3[0x5]Z0#[0xef][0xb7][0x3][0x8d][0x84][0x10][0xd3][0xa3]3F[0x9a]4[0xa5]q[0xc0][0xd2]m[0xf3][0xad]1[0xe8][0xd6] h[0xc0][0xd2][0xda]O[0xf4]*[0xe8][0xc1]7[0xa7][0xd0][0xc7]OH[0xf3]L4[0xe]=[0xa4][0xe9][0x8f][0xc1]sn[0x9f]1[0xd2][0x4][0xc6]`r[0x15]b[0xb8]q0[0xb9][\n]"
12:44:07.401 [main] DEBUG org.apache.http.wire -  << "Q,[0xf]&WY[0xea](A[0xf3][0xca]`[0xb9][0xdf][0xd0][0xd8][0x18]4[0xc6]6[0xf8][0x1c][0x85][0x18]>[0x1c]D![0x85][0x18]d[0xa4]q[0x1][0x84]4[0xb0]Nc[0x9b][0x90]N[0xd4][0xa5][0xb5]Mt[0xab][0x92][0x90][0x6]h=[0x2][0x14]r3K[0xf2]1V?[0x81][0x1b][0xe9]%[0xa9]EI[0x89][0xc8][0x17][0xe2][0x98][0x82]t[0x12][0xd5]:[0x19][0xe0]1Xc[0xa4]1X[0xaa][\r][0x8c][0x12][0xb9]j[0xca][0x98][0x84]AY[0xc4][0xf8]:h[0xd4][0x91][0xb8][0xb5][0xcf][0xc6][0x3]<[0xe8]jL[0xab]AWb[0xbd][0x8f][0xc8]'T[0x8b]ZP[0xe8][0x13][0x1d][0xbd][0x88][0x9e];[0xcd][0xec][0xc7][0xb3][0xf4][0x1b]|g;[0xb4]>[0xa2][0x99][0xfd][0xf8]z?H[0x9b][0xa1][0x7][0xc6]~D#a@[0xec]G[0x1a]s[0x1e][0x18][0xfb][0x11]S[0xa2][0x3]c?b[0x92]t`[0xec]G4}[0x6][0xc6]~D[0xf9]C[0xab][0xda][0x13]i[0x8]{[0xf0][0xb4][0xee],[0x10][0xf9][0x8e][\n]"
12:44:07.402 [main] DEBUG org.apache.http.wire -  << "-!c[0x1d]%g[0xe8][0xf6][0xf9][0xd4]b%+[0xe4]MZ[0xc6]H[0x1b]x[0x7][0x8f][0xf7][0x91][0x6][0xbe][0xa1][0xeb]R[0x15]\s[0x12][0xb1]\[0x98][0xe][0xba][0xf8][0x11][0xbc]?[0x12],[0x7]][\r][0xf][0x1a][0x84][0x85]7[0x9c][0xf0][0xfa][0x1d][0x91][0xba]i[0xb0]z[0xcc][0x18]i[0x80][0xdb][0xad][0xb4](/[0xb3][0xa4][0xb4](U!$[0x1f][0xf3]V[[0x84]lJbQ[0xa6][0x82]WjA"x[0x91]<[0xd4]?[0x86][0xa0];[0xe0][0x1e][0xc2]W][0xd0]m[0xa0][0xdb][0x4][0xe9][0xf4]`*$P<~2A[0x1a][0xe9]F[0x84][0x13]-C[0xd1][0x4]i_![0xad][0xfd][0x86]([0xde][0x10][0xab][0x88] +Op[0xac]"r[0xcc][0xc9]L,VH+MOT(E[0x9e]T[0x2][0x1f][0xe7]LL[0x1a]11@[0x8c][0x91]x[0x16]d[0xe4][0xe7][0xa5]*[0x18][0x1a]*[0x98][0x99]([0xa4]'a[0xef][0x98]d$[0x82][0xe]OQ@[0xbf]/[0x96][0xe8][0xd9][0x3][0x13][0xd0][0x86][0xe]h[0x1b][\n]"
12:44:07.402 [main] DEBUG org.apache.http.wire -  << "f[0xa1][0x11]M-D[0x1a][0xda][0x87]YH[[0x1f]"[0x9d]7L'[0xb][0x11][0x5][0x17][0x8d]S[0xa8]![0xc6]0[0x83]9[0x8d][0x92][0x89]!"][0x6]$[0xe6]$[0xfa][0xe4][0xfb][0xe0][0x99][0xce][0xc2][0x92][0x1a]A[0xe3][0xd9][0xf0][0xc][0x80]g[0x9b][0x9a][0x9]moa6[0x1]-[0xea][0x83]&w[0x1a]T*&H[0x1b][0x7][0x9d][0x8a][0x12][0x93]SsR1[0xef]`[0xf5]MLIU[0xc8]OS[0xc8][0xc8]L[0xcf]P(,M[0xcc][0xc9],[0xa9]T(HM,[0xca])Ft[0x82][0x8d]@&[0xc1][0x3][0xc]_[0x9][0x8c]t(.M|[0x84]h[0xe3][0xd2][0xc4]xD^[0xa1][[0x80]![0x8a]u[0xba]Y[0x89][0xc8][0xa7][0xd4][0xb4][0x12]_>B[0x9a][0x99][0xa3][0xa6][0x95]xS"[0xa2][0x8c][0xa0]q[0xb9][0x87][0xb4][0xb9][0x90]F[0x1d][0xf][0x13][0xa4][0xa9]>Z[0x86]_[0xb5][0x92][0xa7][0x8b][0x92][0x95][0xa1][0x91][0x5]RQ[0xee][0x98][0x9c][0x9c]Z\[0x9c]_[0x94][0x99][\n]"
12:44:07.402 [main] DEBUG org.apache.http.wire -  << "*[0x10]Pw[0x96][0xe4]+[0xa4][0xe6]e$[0xe6]%[0xa7]*$[0x16][0x80][\n]"
12:44:07.402 [main] DEBUG org.apache.http.wire -  << "[\r][0x10]S[0xa9][0x16][0xe9]`[0x7][0x13][0xa4][0xfd][0x90][0xc5][0xa9][0x5][0xa9])[0x98][0x5]ubf%H[0x10][0xda][0x80][0x5][0xef][0xa3] [0xaa][0xa8]A[0xda][0x4]I[0xcb]0A[0xf1][0xc][0xa2]|[0xa0][0xb6]g[0xe8]_[0xc][0x80]6[0x1]@+[0x9f]`p[0xcc]([0xf8]d[0x16][0x97][0x14][0x81][0xc7][0x95]Q[0xa3][0x19]*[0x9d][0x3][0x91]V[0xc8]KOM*[0x5][0xd5]$[0xa4]G[0x19]b[0x88][0xe]j&[0xd4]J[0x5][0xa7][0xc4][0x9c]D[0xcc][0xce][0xe]T[0x11][0xaa][0xc5][\n]"
12:44:07.402 [main] DEBUG org.apache.http.wire -  << "I[0x89]y[0xe9][0xe0][0x9a][0xc]j[0xbf])h[0xeb][\r]qI[0x6]Q&[0xd0]-[0xc9] &[0xf4][0xe8]f%b@[0x80]^V"MqCO[0xb4][0x83][0xf6]L[0xb0]-[0xb9][0x8]-QH-*[0xca]/R(JM.-[0x86][0x9c][T[0x90][0xf][0xda][0xf5]WZ[0xac][0x90][0x9b][0x9f][0x3][0xba]5>1[0x15]tH[0xa0]B&[0xe4][0x0]([0xa4]5c[0xc4]w^[0x90].[0xb3]Ft[0x98]|2[0xf3]R[0xf3][0x14][0x9c][0xf2]KJr07[0xcd][0x83][0x8e]/,H-*.[0xc8]L[0xce]L,[0xc9],[0x86].[0x3]QH[0xc9]L.IT([0xc8]/*[0xca]W[0xc8],(.[0xcd]UHE>[0x85][0x8f][0x4]'![0x9a]/t[0x8b][0x19]D[0x91][0x5][0xd9][0xe][0x2][0x9][0x1][0xf7][0x9c][0xfc]2,[0x5][0xba]ZZfrff[0xb1][0x2][0xf2][0xb9][0x98][0x89]y[0x99][0xb9][0x99][0xf0][0x88])[0x86]-[0x96])IUHI[0xcd]I[0xcd][0xcb],[0xc9]$/~[0xe8]_[0xe4]!m[0xda]t[0xcf]/JO[0xcd]/-V[0x80][0xed][0xb6]H,[0xc2][0xe8][0xac][0xf8][0x83][0xce][0x1e][0x3][0xaf][0xd1],[0xcd][0x5][0xdd][0xaf][\r]M[0x2][0xe0]s[0xc6]2[0xf3][0x8b]![0xe7]1*$[0xe6]d[0x16][0x96]f[0xa6]([0x14]g[0x92][0xd7][0xc9]FZ[0x1e][0x81]H[0xa7][0xb0][0xdd]-[0xce][0xf9][0x89][0xa0][0x92][0x16][0xb5]<v-[0x1][0xf5][0xea]3[0x13]K[0x14] kFs3[0xf3]2s[0x13]a'[0xc3])[0x14][0x97][0x16]'g[0x16][0x90][0xeb][0x1a]D[0x11][0x89][0xbc][0xe3]+<??G!8#[0xb3][0x8][0xab]k@g~B[0x97]P[0x95]d&[0x95][0x16]+[0x14][0xe4]$&[0xa7]&[0x96]([0xa4][0x92][0x19]$[0x88]B[0x93][0xc6]m7P[0xd5][0x1][0xad][0x4][0x15]0[0xe2][0x1f]<[0xd9]J[0xf1][0x98][0x6][0xd2][0xa9][0xe8]dy[0x86][0xc8][0xf9]/[0x13][0xa4][0x13][0xd2][0xc9][0xb2][0x87][0xf8]Q[0x1a][0xa4][0xb3][0xd0][0xe9]U[0x8c]!my[0xa4][0x9b][0x95][0x88][0xc6][\n]"
12:44:07.402 [main] DEBUG org.apache.http.wire -  << "[0xdd][0xac]Dd>[0xba]YI[0xbf][0xac][0x86]h[0x96][0xd0]8}"o[0x81][0x84][0xac][0xc][0xc6][0xbc][0xc0][0x16]_[0xde]6A[0x99][0x15]@[0xef]d[0xc2]:I[0xa6]H[\r][0xc][0xf7][0xc4][0xdc]L[0xf0][0xb4][0x2]jA[0xed][0x96]_[0xa4][0x0]Y[0xdb][0xad]PPZT[0x90]_[0x9c]Z[0x8c][0xda];[0xa2][0xdb]*[0x16][0x13][0xa4][[0xa0]i[0x1d][0xfa]H-[0xe]H[0xe8][0x9b][0xd2][0xa8]d5C[0xb4] h[0xed]'[0xc4][0x90][0x9][0xad]mB[0x94]:P[0x9b][0x6]m[0xda]E[0x14]V8][0x8a][0x18]B[0xc4]W[0x8b]Q5Ga[0x94]g[0x83]6[0xfc]0[0xca]CL[0x97][0xd2]?[0xfc][0x90][0x16]IAc[0x95]V[0xb9][0x17]i[0xb9][0x94]_bq[0xa6][0x82]Kbi[0x9e][0x82]WjQ)[0xe6][0x81][0xee]`[0xf9][0xf2][0xd4][0xbc][0xc4][0xec]l[0x85][0x92][0xd4][0xbc][0xc4]<[0x85][0xdc][0xd2][0xa2][0xdc]TP[0x8b][0x1d]:[0x6]`h[0x89][0xff]X3X[0x12][0xb3]@:[0xe4]69?[0xaf]$?C7[0x19]1[0xdd][0xad][0xa3][0x84]V~'[0x16]gd[0xe6][0xe7]%&[0xe5][0xa4][0xa2][0x96][0xdb]HK[0xad][0xc0]nC[0xb8]]![0xb1]21W!=[0xbf]([0x15]K}[0x0]VK% [0xd2]9a`[0xaa]@[0x19][0xa3]C[0xda]-K[0xeb]8[0xa7][9[0x8a]t[0xf3][0x4][0xad][0xfd][0x84][0x91][0x8f]i[0x95]c[0xe8][0xb6][0xd5][0xd5][0x4]i[0xab]+[0xc1]e[0xe8][0xf4]*[0xd9][0x91][0xf6][0xc4][0xe2]p[0x13][0xa2][0xb9][0x85](7[0xe9][0xd7][0x96]C:[0xec]p[0xba][0x8f]n[0xe9][0x14]iW,[0x8e][0x90][0x18][0x88][0xf8]AZ(4[0x98]\E[0xb7][0xd6]2[0xd2][0x12]#[0xec][0xab][0xb7][0x6]6[0xfb] [0xad]G[0xc2][0xee][0xbc][0x1]I3[0x88]Z[0x16][0xbb][0xa3][0x6]4[0xcc]L[0x91]VVaw[0xde][0x0][0x84][0x99])[0xd2]",[0xda][0xd6][0xbc][0xa6]H[0x8b][0xaf][0xb0]{[0x80]c[0x7][0xd1][0xd8][0xc1][0xee][0xbc][0x1][0x89][0x1d][0x8c][0xfe]%[0x8d]Z+[0xe0]s[0x89][0xa0]C[0xab][0xd8][0xbd]?[0xb0][0xb1][0x83][0xb4][0xf2][0xb][0xbb][0xf3][0x6]"v[0x90]V[0x87]aw[0xd4][0x0][0x87][0x19][0xa2][0xb2][0xc2][0xee][0xbc][0x1][0x9]3z[0x8d][0x2][0x99]"[0xad][0x8a][0xa0]q[0xc9]fH[0xb7]\[0x8a][0xb4][0x94][0x8e][0xd6]~B[0xd4][0xa5]4[0xb6][0x9][0xb4]Z[\r]Z[0xf2][0xd0][0xda]&[0xc4][0x84].[0xad]m[0xa2][*[0xa7][0xdb]9[0xf6][0xa6]H[0xab][0xc2]h[0x1d]z[0x18]c[0x95][0xb4][0xaa][0xf5][0x90]n{[0xa7][0xb5][0x9f][0xe8][0xd5][0x9f]3EZ}Fc?![0xad][0x16][0xa3][0xb5]M[0x88][0x9c][0x8b][0xbd]*[0x1b][0xd8][0x9a][0xd6][0x18][0x91][0xdd][0xb1];o jZ[0xe4][0x15]c4[0x9d][0xd9]15[0xa6][[0xfd]g[0x8c]([0x19]<[0x2][0x14][0x9c][0xf3][0x8b]R[0x15]2[0x15]0[0xb][0x87][0x9c][0xd4][0x82][0x92][0xfc][0x2][0x5][0x8c][0x9d][0xd7][0x96] @[0xdc][0x6]YSc[0xba]U[0x80]H[0xcb][0xb1][0xe8][0xb6][0x15][0xf]6[0xc2]n[0x8a]t[0x3][0x15]|[0x13][0xe][0xc6][0x4]`[0x1a][0xb6][0x99]Q[0xd8]u`F[0xa6][0x6][0x88][0xae][0x13][0x89]f -[0xd7]D[0x9e][0xa0][0xa5]Z0[0x10]5[0xda]9[0x88][0x82][0x0]Q[0xcc][0x11][\n]"
12:44:07.403 [main] DEBUG org.apache.http.wire -  << "[0x2]D[0x89][0x2][0xda]u[0x8d]'M[0xf][0xc6][0x98]FtL[0x8]y[0x93][0x16][0xe7]}[0x9a]"[0x1d][0xbc]CU[0xfb]i[0x1b][0xb](y[0x5]Q[0xe2]R[0xd5][0x7]C-[0xbf] [0xca]h[0x9a][0x5][0x3][0xfa]![0x2][0x83]1?![0xda][0x96]4[0xb][0x6][0x9c][0xeb]j[0x6]O[0xe9][0x89][0xb4]:pD[0x7][0xc3][0x0][0x9c]l0[0x8]3[0x5][0xd2]B[0xce][0x11][0x9d][0x1a][0x6][0xa0][0xae][0x1d][0x8c][0xa9][0x1][0xd1]C[0x1b][0xd1][0xa9][0x1][0xd1]R[0x1f][0xd1][0xc1][0x80]h>[0xc1][0x6].LM1[0xbb][0x91][0xf8]V[0x9d][0x12][0xbd][0xfe][0xda][0xd4][0x14][0xd1]g[0xa5][0xee]64S[0xa4][0xf3][0xdb]<[0xf3]JRsr2[0xd3]S[0xf3]J[0x14][0x82]KRSA[0xcb][0xff][0xf3][0xb1]l[0x19][0xf1]L[0x1]m[0x1b].[0xce]T[0x0][0xdd]U_[0xac][0x0][0xbe][0x9c][0xbd][0xb0]4[0xb1][0x98][0xac]M![0xa6][0xa6][0x88][0x86][0x7],[0x1c]1[0xfa][0x8e][0xd4][0x9]D[0xcc]E[0xc2][0xd4][0x8d][0xae][0xd8]Z.[0x0][0x0][0x0][0x0][0xff][0xff]"
12:44:07.403 [main] DEBUG org.apache.http.wire -  << "[\r][\n]"
12:44:07.403 [main] DEBUG org.apache.http.wire -  << "A[\r][\n]"
12:44:07.403 [main] DEBUG org.apache.http.wire -  << "[0x3][0x0][0xf2]B[0xf6][0x1e][0x15][0xe5][0x0][0x0]"
12:44:07.403 [main] DEBUG org.apache.http.wire -  << "[\r][\n]"
12:44:07.403 [main] DEBUG org.apache.http.wire -  << "0[\r][\n]"
12:44:07.403 [main] DEBUG org.apache.http.wire -  << "[\r][\n]"
12:44:07.403 [main] DEBUG io.restassured.internal.RestAssuredHttpBuilder - Parsed data to instance of: class org.apache.http.conn.EofSensorInputStream
12:44:07.406 [main] DEBUG org.apache.http.impl.conn.BasicClientConnectionManager - Releasing connection org.apache.http.impl.conn.ManagedClientConnectionImpl@7314f4cb
12:44:07.406 [main] DEBUG org.apache.http.impl.conn.BasicClientConnectionManager - Connection can be kept alive indefinitely
12:44:07.460 [main] DEBUG net.thucydides.core.steps.StepInterceptor - STEP DONE: I receive valid login and product HTTP response code 200
  &amp#27;[32mThen &amp#27;[0m&amp#27;[32mI receive valid login and product HTTP response code 200&amp#27;[0m   &amp#27;[90m# starter.stepdefinitions.UserSteps.iReceive1ValidLoginAndProductHTTPResponseCode()&amp#27;[0m
12:44:07.471 [main] DEBUG net.thucydides.core.steps.StepInterceptor - STARTING STEP: UserSteps.iReceiveValidDataForRating - I receive valid data for rating
12:44:07.605 [main] DEBUG net.thucydides.core.steps.StepInterceptor - STEP DONE: I receive valid data for rating
  &amp#27;[32mAnd &amp#27;[0m&amp#27;[32mI receive valid data for rating&amp#27;[0m                             &amp#27;[90m# starter.stepdefinitions.UserSteps.iReceiveValidDataForRating()&amp#27;[0m
12:44:07.609 [main] INFO  - 
  _____   ___   ___   _____     ___     _     ___   ___   ___   ___  
 |_   _| | __| / __| |_   _|   | _ \   /_\   / __| / __| | __| |   \ 
   | |   | _|  \__ \   | |     |  _/  / _ \  \__ \ \__ \ | _|  | |) |
   |_|   |___| |___/   |_|     |_|   /_/ \_\ |___/ |___/ |___| |___/ 

POST - As admin I have be able to assign product rating
----------------------------------------------------------------------
]]></system-out>
  </testcase>
  <testcase name="POST - As admin I cannot assign product rating" classname="User" time="0.662">
    <system-out><![CDATA[
@TC-0010
Scenario: POST - As admin I cannot assign product rating        &amp#27;[90m# src/test/resources/api/user.feature:98&amp#27;[0m
12:44:07.629 [main] INFO io.cucumber.core.plugin.SerenityReporter - Running feature from file:///C:/Users/Lenovo/IdeaProjects/MiniProject/MiniprojectApi/src/test/resources/api/user.feature
12:44:07.629 [main] WARN io.cucumber.core.plugin.SerenityReporter - Feature from file:///C:/Users/Lenovo/IdeaProjects/MiniProject/MiniprojectApi/src/test/resources/api/user.feature is not under the 'features' directory. Requirements report will not be correctly generated!
12:44:07.634 [main] INFO  - 
  _____   ___   ___   _____     ___   _____     _     ___   _____   ___   ___  
 |_   _| | __| / __| |_   _|   / __| |_   _|   /_\   | _ \ |_   _| | __| |   \ 
   | |   | _|  \__ \   | |     \__ \   | |    / _ \  |   /   | |   | _|  | |) |
   |_|   |___| |___/   |_|     |___/   |_|   /_/ \_\ |_|_\   |_|   |___| |___/ 

POST - As admin I cannot assign product rating(user;post---as-admin-i-cannot-assign-product-rating)
--------------------------------------------------------------------------------
12:44:07.694 [Finalizer] DEBUG org.apache.http.impl.conn.DefaultClientConnection - Connection 0.0.0.0:65170<->149.248.193.56:443 closed
12:44:07.697 [Finalizer] DEBUG org.apache.http.impl.conn.DefaultClientConnection - Connection 0.0.0.0:65169<->149.248.193.56:443 closed
12:44:07.699 [Finalizer] DEBUG org.apache.http.impl.conn.DefaultClientConnection - Connection 0.0.0.0:65172<->149.248.193.56:443 closed
12:44:07.701 [Finalizer] DEBUG org.apache.http.impl.conn.DefaultClientConnection - Connection 0.0.0.0:65171<->149.248.193.56:443 closed
12:44:07.786 [main] DEBUG net.thucydides.core.steps.StepInterceptor - STARTING STEP: UserSteps.iSetPOSTApiEndpointsLogin - I set POST api endpoints login
12:44:07.787 [main] DEBUG net.thucydides.core.steps.StepInterceptor - STEP DONE: I set POST api endpoints login
  &amp#27;[32mGiven &amp#27;[0m&amp#27;[32mI set POST api endpoints login&amp#27;[0m                          &amp#27;[90m# starter.stepdefinitions.UserSteps.iSetPOSTApiEndpointsLogin()&amp#27;[0m
12:44:07.792 [main] DEBUG net.thucydides.core.steps.StepInterceptor - STARTING STEP: UserSteps.iSendPOSTHTTPRequestLogin - I send POST HTTP request login
12:44:07.794 [main] DEBUG net.thucydides.core.steps.StepInterceptor - STARTING STEP: PostLogin.iSendPOSTHTTPRequestLogin - I set POST api endpoints login
12:44:07.795 [main] DEBUG net.thucydides.core.steps.StepInterceptor - STEP DONE: I set POST api endpoints login
12:44:07.814 [main] DEBUG org.apache.http.impl.conn.BasicClientConnectionManager - Get connection for route {s}->https://altashop-api.fly.dev:443
12:44:07.815 [main] DEBUG org.apache.http.impl.conn.DefaultClientConnectionOperator - Connecting to altashop-api.fly.dev:443
12:44:07.913 [main] DEBUG org.apache.http.client.protocol.RequestAddCookies - CookieSpec selected: ignoreCookies
12:44:07.913 [main] DEBUG org.apache.http.client.protocol.RequestAuthCache - Auth cache not set in the context
12:44:07.913 [main] DEBUG org.apache.http.client.protocol.RequestTargetAuthentication - Target auth state: UNCHALLENGED
12:44:07.913 [main] DEBUG org.apache.http.client.protocol.RequestProxyAuthentication - Proxy auth state: UNCHALLENGED
12:44:07.913 [main] DEBUG org.apache.http.impl.client.DefaultHttpClient - Attempt 1 to execute request
12:44:07.913 [main] DEBUG org.apache.http.impl.conn.DefaultClientConnection - Sending request: POST /api/auth/login HTTP/1.1
12:44:07.913 [main] DEBUG org.apache.http.wire -  >> "POST /api/auth/login HTTP/1.1[\r][\n]"
12:44:07.913 [main] DEBUG org.apache.http.wire -  >> "Accept: */*[\r][\n]"
12:44:07.913 [main] DEBUG org.apache.http.wire -  >> "Content-Type: application/json[\r][\n]"
12:44:07.913 [main] DEBUG org.apache.http.wire -  >> "Content-Length: 48[\r][\n]"
12:44:07.913 [main] DEBUG org.apache.http.wire -  >> "Host: altashop-api.fly.dev[\r][\n]"
12:44:07.913 [main] DEBUG org.apache.http.wire -  >> "Connection: Keep-Alive[\r][\n]"
12:44:07.913 [main] DEBUG org.apache.http.wire -  >> "User-Agent: Apache-HttpClient/4.5.13 (Java/14.0.2)[\r][\n]"
12:44:07.913 [main] DEBUG org.apache.http.wire -  >> "Accept-Encoding: gzip,deflate[\r][\n]"
12:44:07.913 [main] DEBUG org.apache.http.wire -  >> "[\r][\n]"
12:44:07.913 [main] DEBUG org.apache.http.headers - >> POST /api/auth/login HTTP/1.1
12:44:07.913 [main] DEBUG org.apache.http.headers - >> Accept: */*
12:44:07.913 [main] DEBUG org.apache.http.headers - >> Content-Type: application/json
12:44:07.913 [main] DEBUG org.apache.http.headers - >> Content-Length: 48
12:44:07.913 [main] DEBUG org.apache.http.headers - >> Host: altashop-api.fly.dev
12:44:07.913 [main] DEBUG org.apache.http.headers - >> Connection: Keep-Alive
12:44:07.913 [main] DEBUG org.apache.http.headers - >> User-Agent: Apache-HttpClient/4.5.13 (Java/14.0.2)
12:44:07.913 [main] DEBUG org.apache.http.headers - >> Accept-Encoding: gzip,deflate
12:44:07.914 [main] DEBUG org.apache.http.wire -  >> "{"password":"123123","email":"someone@mail.com"}"
12:44:07.949 [main] DEBUG org.apache.http.wire -  << "HTTP/1.1 200 OK[\r][\n]"
12:44:07.949 [main] DEBUG org.apache.http.wire -  << "content-type: application/json[\r][\n]"
12:44:07.949 [main] DEBUG org.apache.http.wire -  << "date: Sat, 06 May 2023 05:52:54 GMT[\r][\n]"
12:44:07.949 [main] DEBUG org.apache.http.wire -  << "content-encoding: gzip[\r][\n]"
12:44:07.949 [main] DEBUG org.apache.http.wire -  << "transfer-encoding: chunked[\r][\n]"
12:44:07.949 [main] DEBUG org.apache.http.wire -  << "server: Fly/3f2597ca (2023-05-03)[\r][\n]"
12:44:07.949 [main] DEBUG org.apache.http.wire -  << "via: 1.1 fly.io[\r][\n]"
12:44:07.949 [main] DEBUG org.apache.http.wire -  << "fly-request-id: 01GZQSXJWK1S6MYB00V496N6H6-sin[\r][\n]"
12:44:07.949 [main] DEBUG org.apache.http.wire -  << "[\r][\n]"
12:44:07.949 [main] DEBUG org.apache.http.impl.conn.DefaultClientConnection - Receiving response: HTTP/1.1 200 OK
12:44:07.949 [main] DEBUG org.apache.http.headers - << HTTP/1.1 200 OK
12:44:07.949 [main] DEBUG org.apache.http.headers - << content-type: application/json
12:44:07.949 [main] DEBUG org.apache.http.headers - << date: Sat, 06 May 2023 05:52:54 GMT
12:44:07.949 [main] DEBUG org.apache.http.headers - << content-encoding: gzip
12:44:07.949 [main] DEBUG org.apache.http.headers - << transfer-encoding: chunked
12:44:07.949 [main] DEBUG org.apache.http.headers - << server: Fly/3f2597ca (2023-05-03)
12:44:07.949 [main] DEBUG org.apache.http.headers - << via: 1.1 fly.io
12:44:07.949 [main] DEBUG org.apache.http.headers - << fly-request-id: 01GZQSXJWK1S6MYB00V496N6H6-sin
12:44:07.949 [main] DEBUG org.apache.http.impl.client.DefaultHttpClient - Connection can be kept alive indefinitely
12:44:07.949 [main] DEBUG io.restassured.internal.RestAssuredHttpBuilder - Parsing response as: application/json
12:44:07.949 [main] DEBUG org.apache.http.wire -  << "AC[\r][\n]"
12:44:07.949 [main] DEBUG org.apache.http.wire -  << "[0x1f][0x8b][0x8][0x0][0x0][0x0][0x0][0x0][0x4][0xff][0xab]VJI,IT[0xb2]RJ[0xad][0xf4][0xca]HrO[0xce][0xf4][0xcf][0xf4][0xf2][0xc][0xad][0xf2]4[0xf4][0xcb][0xf4],[0xf6][0xcc][0xb]2Mv[0xf6]4[0xf3][0xcc].[0x88][0x8]s[0xf6][0xb2][0xd4]K[0xad][0xf4]rO[0x9][0xaf](N[0xca]u+[0x89][\n]"
12:44:07.949 [main] DEBUG org.apache.http.wire -  << "[0x6]K[0x94]%[0xba][0x9b][0xa4][0x7][0xb9][[0xe6]xf[0x96]g[0x6][0x85][0x1b]f$[0x86][0x97][0x83][0xc][0xa9]J22[0xcc]I22[0xcd][0x9]t[0x7][0x8b][0x95]F[0x1a]Y[0x96]x[0xe6][0x19][0xe8][0x85][0x97]9[0x5]W$[0x7][0xba][0x16][0x16][0xe6]e:[0x1b][0x96][0x19]X[0xf8]Te[0x17]y$[0xbb][0xfa][0xa4][0xa6][0x17][0x1b]$[0x99][0x97][0x95]d[0xb9][0x7][0x84]g&[0xba][0x86]'{*[0xd5]r[0x1][0x0]?[0x99][0xcf]j[0xa0][0x0][0x0][0x0]"
12:44:07.949 [main] DEBUG org.apache.http.wire -  << "[\r][\n]"
12:44:07.949 [main] DEBUG org.apache.http.wire -  << "0[\r][\n]"
12:44:07.949 [main] DEBUG org.apache.http.wire -  << "[\r][\n]"
12:44:07.949 [main] DEBUG io.restassured.internal.RestAssuredHttpBuilder - Parsed data to instance of: class org.apache.http.conn.EofSensorInputStream
12:44:07.952 [main] DEBUG org.apache.http.impl.conn.BasicClientConnectionManager - Releasing connection org.apache.http.impl.conn.ManagedClientConnectionImpl@28ab7ffb
12:44:07.952 [main] DEBUG org.apache.http.impl.conn.BasicClientConnectionManager - Connection can be kept alive indefinitely
12:44:07.971 [main] DEBUG net.thucydides.core.steps.StepInterceptor - STEP DONE: I send POST HTTP request login
  &amp#27;[32mWhen &amp#27;[0m&amp#27;[32mI send POST HTTP request login&amp#27;[0m                           &amp#27;[90m# starter.stepdefinitions.UserSteps.iSendPOSTHTTPRequestLogin()&amp#27;[0m
12:44:07.976 [main] DEBUG net.thucydides.core.steps.StepInterceptor - STARTING STEP: UserSteps.iSetUnmatchedPOSTApiEndpointsRating - I set unmatched POST api endpoints rating
12:44:07.977 [main] DEBUG net.thucydides.core.steps.StepInterceptor - STEP DONE: I set unmatched POST api endpoints rating
  &amp#27;[32mAnd &amp#27;[0m&amp#27;[32mI set unmatched POST api endpoints rating&amp#27;[0m                 &amp#27;[90m# starter.stepdefinitions.UserSteps.iSetUnmatchedPOSTApiEndpointsRating()&amp#27;[0m
12:44:07.982 [main] DEBUG net.thucydides.core.steps.StepInterceptor - STARTING STEP: UserSteps.iSendPOSTHTTPRequestPostRating - I send POST HTTP request post rating
12:44:07.984 [main] DEBUG net.thucydides.core.steps.StepInterceptor - STARTING STEP: PostProductRating.iSendPOSTHTTPRequestPostRating - I set POST api endpoints rating
12:44:07.984 [main] DEBUG net.thucydides.core.steps.StepInterceptor - STEP DONE: I set POST api endpoints rating
12:44:07.998 [main] DEBUG org.apache.http.impl.conn.BasicClientConnectionManager - Get connection for route {s}->https://altashop-api.fly.dev:443
12:44:07.998 [main] DEBUG org.apache.http.impl.conn.DefaultClientConnectionOperator - Connecting to altashop-api.fly.dev:443
12:44:08.095 [main] DEBUG org.apache.http.client.protocol.RequestAddCookies - CookieSpec selected: ignoreCookies
12:44:08.095 [main] DEBUG org.apache.http.client.protocol.RequestAuthCache - Auth cache not set in the context
12:44:08.095 [main] DEBUG org.apache.http.client.protocol.RequestTargetAuthentication - Target auth state: UNCHALLENGED
12:44:08.095 [main] DEBUG org.apache.http.client.protocol.RequestProxyAuthentication - Proxy auth state: UNCHALLENGED
12:44:08.095 [main] DEBUG org.apache.http.impl.client.DefaultHttpClient - Attempt 1 to execute request
12:44:08.095 [main] DEBUG org.apache.http.impl.conn.DefaultClientConnection - Sending request: POST /api/products/2/ratings HTTP/1.1
12:44:08.095 [main] DEBUG org.apache.http.wire -  >> "POST /api/products/2/ratings HTTP/1.1[\r][\n]"
12:44:08.095 [main] DEBUG org.apache.http.wire -  >> "Accept: */*[\r][\n]"
12:44:08.095 [main] DEBUG org.apache.http.wire -  >> "Content-Type: application/json[\r][\n]"
12:44:08.095 [main] DEBUG org.apache.http.wire -  >> "Content-Length: 11[\r][\n]"
12:44:08.095 [main] DEBUG org.apache.http.wire -  >> "Host: altashop-api.fly.dev[\r][\n]"
12:44:08.095 [main] DEBUG org.apache.http.wire -  >> "Connection: Keep-Alive[\r][\n]"
12:44:08.095 [main] DEBUG org.apache.http.wire -  >> "User-Agent: Apache-HttpClient/4.5.13 (Java/14.0.2)[\r][\n]"
12:44:08.095 [main] DEBUG org.apache.http.wire -  >> "Accept-Encoding: gzip,deflate[\r][\n]"
12:44:08.095 [main] DEBUG org.apache.http.wire -  >> "[\r][\n]"
12:44:08.095 [main] DEBUG org.apache.http.headers - >> POST /api/products/2/ratings HTTP/1.1
12:44:08.095 [main] DEBUG org.apache.http.headers - >> Accept: */*
12:44:08.095 [main] DEBUG org.apache.http.headers - >> Content-Type: application/json
12:44:08.095 [main] DEBUG org.apache.http.headers - >> Content-Length: 11
12:44:08.095 [main] DEBUG org.apache.http.headers - >> Host: altashop-api.fly.dev
12:44:08.095 [main] DEBUG org.apache.http.headers - >> Connection: Keep-Alive
12:44:08.095 [main] DEBUG org.apache.http.headers - >> User-Agent: Apache-HttpClient/4.5.13 (Java/14.0.2)
12:44:08.095 [main] DEBUG org.apache.http.headers - >> Accept-Encoding: gzip,deflate
12:44:08.095 [main] DEBUG org.apache.http.wire -  >> "{"count":4}"
12:44:08.132 [main] DEBUG org.apache.http.wire -  << "HTTP/1.1 401 Unauthorized[\r][\n]"
12:44:08.132 [main] DEBUG org.apache.http.wire -  << "content-type: application/json[\r][\n]"
12:44:08.132 [main] DEBUG org.apache.http.wire -  << "date: Sat, 06 May 2023 05:52:54 GMT[\r][\n]"
12:44:08.132 [main] DEBUG org.apache.http.wire -  << "content-encoding: gzip[\r][\n]"
12:44:08.132 [main] DEBUG org.apache.http.wire -  << "transfer-encoding: chunked[\r][\n]"
12:44:08.132 [main] DEBUG org.apache.http.wire -  << "server: Fly/3f2597ca (2023-05-03)[\r][\n]"
12:44:08.132 [main] DEBUG org.apache.http.wire -  << "via: 1.1 fly.io[\r][\n]"
12:44:08.132 [main] DEBUG org.apache.http.wire -  << "fly-request-id: 01GZQSXK2AHTQSY8FVX221QG3J-sin[\r][\n]"
12:44:08.132 [main] DEBUG org.apache.http.wire -  << "[\r][\n]"
12:44:08.132 [main] DEBUG org.apache.http.impl.conn.DefaultClientConnection - Receiving response: HTTP/1.1 401 Unauthorized
12:44:08.132 [main] DEBUG org.apache.http.headers - << HTTP/1.1 401 Unauthorized
12:44:08.132 [main] DEBUG org.apache.http.headers - << content-type: application/json
12:44:08.132 [main] DEBUG org.apache.http.headers - << date: Sat, 06 May 2023 05:52:54 GMT
12:44:08.132 [main] DEBUG org.apache.http.headers - << content-encoding: gzip
12:44:08.132 [main] DEBUG org.apache.http.headers - << transfer-encoding: chunked
12:44:08.132 [main] DEBUG org.apache.http.headers - << server: Fly/3f2597ca (2023-05-03)
12:44:08.132 [main] DEBUG org.apache.http.headers - << via: 1.1 fly.io
12:44:08.132 [main] DEBUG org.apache.http.headers - << fly-request-id: 01GZQSXK2AHTQSY8FVX221QG3J-sin
12:44:08.132 [main] DEBUG org.apache.http.impl.client.DefaultHttpClient - Connection can be kept alive indefinitely
12:44:08.132 [main] DEBUG org.apache.http.impl.client.DefaultHttpClient - Authentication required
12:44:08.132 [main] DEBUG org.apache.http.impl.client.DefaultHttpClient - altashop-api.fly.dev:443 requested authentication
12:44:08.132 [main] DEBUG org.apache.http.impl.client.DefaultHttpClient - Response contains no authentication challenges
12:44:08.132 [main] DEBUG io.restassured.internal.RestAssuredHttpBuilder - Parsing response as: application/json
12:44:08.132 [main] DEBUG org.apache.http.wire -  << "2D[\r][\n]"
12:44:08.132 [main] DEBUG org.apache.http.wire -  << "[0x1f][0x8b][0x8][0x0][0x0][0x0][0x0][0x0][0x4][0xff][0xab]VJ-*[0xca]/R[0xb2]R*[0xcd]K,-[0xc9][0xc8]/[0xca][0xac]JMQ[0xaa][0xe5][0x2][0x0]@[0x17]da[0x19][0x0][0x0][0x0]"
12:44:08.132 [main] DEBUG org.apache.http.wire -  << "[\r][\n]"
12:44:08.132 [main] DEBUG org.apache.http.wire -  << "0[\r][\n]"
12:44:08.132 [main] DEBUG org.apache.http.wire -  << "[\r][\n]"
12:44:08.132 [main] DEBUG io.restassured.internal.RestAssuredHttpBuilder - Parsed data to instance of: class org.apache.http.conn.EofSensorInputStream
12:44:08.133 [main] DEBUG org.apache.http.impl.conn.BasicClientConnectionManager - Releasing connection org.apache.http.impl.conn.ManagedClientConnectionImpl@72557e0d
12:44:08.133 [main] DEBUG org.apache.http.impl.conn.BasicClientConnectionManager - Connection can be kept alive indefinitely
12:44:08.134 [main] DEBUG net.thucydides.core.steps.StepInterceptor - STEP DONE: I send POST HTTP request post rating
  &amp#27;[32mAnd &amp#27;[0m&amp#27;[32mI send POST HTTP request post rating&amp#27;[0m                      &amp#27;[90m# starter.stepdefinitions.UserSteps.iSendPOSTHTTPRequestPostRating()&amp#27;[0m
12:44:08.137 [main] DEBUG net.thucydides.core.steps.StepInterceptor - STARTING STEP: UserSteps.iReceiveValidLoginAndProductHTTPResponseCode404 - I receive valid login and product HTTP response code 404
12:44:08.139 [main] DEBUG net.thucydides.core.steps.StepInterceptor - STARTING STEP: NPostProduct.iReceiveValidLoginAndProductHTTPResponseCode404 - I set POST api endpoints product
12:44:08.140 [main] DEBUG net.thucydides.core.steps.StepInterceptor - STEP DONE: I set POST api endpoints product
12:44:08.148 [main] DEBUG org.apache.http.impl.conn.BasicClientConnectionManager - Get connection for route {s}->https://altashop-api.fly.dev:443
12:44:08.148 [main] DEBUG org.apache.http.impl.conn.DefaultClientConnectionOperator - Connecting to altashop-api.fly.dev:443
12:44:08.231 [main] DEBUG org.apache.http.client.protocol.RequestAddCookies - CookieSpec selected: ignoreCookies
12:44:08.231 [main] DEBUG org.apache.http.client.protocol.RequestAuthCache - Auth cache not set in the context
12:44:08.231 [main] DEBUG org.apache.http.client.protocol.RequestProxyAuthentication - Proxy auth state: UNCHALLENGED
12:44:08.231 [main] DEBUG org.apache.http.impl.client.DefaultHttpClient - Attempt 1 to execute request
12:44:08.231 [main] DEBUG org.apache.http.impl.conn.DefaultClientConnection - Sending request: GET /api/product HTTP/1.1
12:44:08.231 [main] DEBUG org.apache.http.wire -  >> "GET /api/product HTTP/1.1[\r][\n]"
12:44:08.231 [main] DEBUG org.apache.http.wire -  >> "Authorization: Bearer [\r][\n]"
12:44:08.231 [main] DEBUG org.apache.http.wire -  >> "Accept: */*[\r][\n]"
12:44:08.232 [main] DEBUG org.apache.http.wire -  >> "Host: altashop-api.fly.dev[\r][\n]"
12:44:08.232 [main] DEBUG org.apache.http.wire -  >> "Connection: Keep-Alive[\r][\n]"
12:44:08.232 [main] DEBUG org.apache.http.wire -  >> "User-Agent: Apache-HttpClient/4.5.13 (Java/14.0.2)[\r][\n]"
12:44:08.232 [main] DEBUG org.apache.http.wire -  >> "Accept-Encoding: gzip,deflate[\r][\n]"
12:44:08.232 [main] DEBUG org.apache.http.wire -  >> "[\r][\n]"
12:44:08.232 [main] DEBUG org.apache.http.headers - >> GET /api/product HTTP/1.1
12:44:08.232 [main] DEBUG org.apache.http.headers - >> Authorization: Bearer 
12:44:08.232 [main] DEBUG org.apache.http.headers - >> Accept: */*
12:44:08.232 [main] DEBUG org.apache.http.headers - >> Host: altashop-api.fly.dev
12:44:08.232 [main] DEBUG org.apache.http.headers - >> Connection: Keep-Alive
12:44:08.232 [main] DEBUG org.apache.http.headers - >> User-Agent: Apache-HttpClient/4.5.13 (Java/14.0.2)
12:44:08.232 [main] DEBUG org.apache.http.headers - >> Accept-Encoding: gzip,deflate
12:44:08.267 [main] DEBUG org.apache.http.wire -  << "HTTP/1.1 404 Not Found[\r][\n]"
12:44:08.267 [main] DEBUG org.apache.http.wire -  << "date: Sat, 06 May 2023 05:52:54 GMT[\r][\n]"
12:44:08.267 [main] DEBUG org.apache.http.wire -  << "content-encoding: gzip[\r][\n]"
12:44:08.267 [main] DEBUG org.apache.http.wire -  << "content-type: text/plain; charset=utf-8[\r][\n]"
12:44:08.267 [main] DEBUG org.apache.http.wire -  << "transfer-encoding: chunked[\r][\n]"
12:44:08.267 [main] DEBUG org.apache.http.wire -  << "server: Fly/3f2597ca (2023-05-03)[\r][\n]"
12:44:08.267 [main] DEBUG org.apache.http.wire -  << "via: 1.1 fly.io[\r][\n]"
12:44:08.267 [main] DEBUG org.apache.http.wire -  << "fly-request-id: 01GZQSXK6G4DT5RP8J61ESY8DG-sin[\r][\n]"
12:44:08.267 [main] DEBUG org.apache.http.wire -  << "[\r][\n]"
12:44:08.267 [main] DEBUG org.apache.http.impl.conn.DefaultClientConnection - Receiving response: HTTP/1.1 404 Not Found
12:44:08.267 [main] DEBUG org.apache.http.headers - << HTTP/1.1 404 Not Found
12:44:08.267 [main] DEBUG org.apache.http.headers - << date: Sat, 06 May 2023 05:52:54 GMT
12:44:08.267 [main] DEBUG org.apache.http.headers - << content-encoding: gzip
12:44:08.267 [main] DEBUG org.apache.http.headers - << content-type: text/plain; charset=utf-8
12:44:08.267 [main] DEBUG org.apache.http.headers - << transfer-encoding: chunked
12:44:08.267 [main] DEBUG org.apache.http.headers - << server: Fly/3f2597ca (2023-05-03)
12:44:08.267 [main] DEBUG org.apache.http.headers - << via: 1.1 fly.io
12:44:08.267 [main] DEBUG org.apache.http.headers - << fly-request-id: 01GZQSXK6G4DT5RP8J61ESY8DG-sin
12:44:08.267 [main] DEBUG org.apache.http.impl.client.DefaultHttpClient - Connection can be kept alive indefinitely
12:44:08.267 [main] DEBUG io.restassured.internal.RestAssuredHttpBuilder - Parsing response as: text/plain; charset=utf-8
12:44:08.267 [main] DEBUG org.apache.http.wire -  << "1E[\r][\n]"
12:44:08.267 [main] DEBUG org.apache.http.wire -  << "[0x1f][0x8b][0x8][0x0][0x0][0x0][0x0][0x0][0x4][0xff][0xcb][0xcb]/QH[0xcb]/[0xcd]K[0xe1][0x2][0x0][0xd4]I[0xfa]r[\n]"
12:44:08.267 [main] DEBUG org.apache.http.wire -  << "[0x0][0x0][0x0]"
12:44:08.267 [main] DEBUG org.apache.http.wire -  << "[\r][\n]"
12:44:08.267 [main] DEBUG org.apache.http.wire -  << "0[\r][\n]"
12:44:08.267 [main] DEBUG org.apache.http.wire -  << "[\r][\n]"
12:44:08.268 [main] DEBUG io.restassured.internal.RestAssuredHttpBuilder - Parsed data to instance of: class org.apache.http.conn.EofSensorInputStream
12:44:08.269 [main] DEBUG org.apache.http.impl.conn.BasicClientConnectionManager - Releasing connection org.apache.http.impl.conn.ManagedClientConnectionImpl@7649d350
12:44:08.270 [main] DEBUG org.apache.http.impl.conn.BasicClientConnectionManager - Connection can be kept alive indefinitely
12:44:08.270 [main] DEBUG net.thucydides.core.steps.StepInterceptor - STEP DONE: I receive valid login and product HTTP response code 404
  &amp#27;[32mThen &amp#27;[0m&amp#27;[32mI receive valid login and product HTTP response code 404&amp#27;[0m &amp#27;[90m# starter.stepdefinitions.UserSteps.iReceiveValidLoginAndProductHTTPResponseCode404()&amp#27;[0m
12:44:08.273 [main] INFO  - 
  _____   ___   ___   _____     ___     _     ___   ___   ___   ___  
 |_   _| | __| / __| |_   _|   | _ \   /_\   / __| / __| | __| |   \ 
   | |   | _|  \__ \   | |     |  _/  / _ \  \__ \ \__ \ | _|  | |) |
   |_|   |___| |___/   |_|     |_|   /_/ \_\ |___/ |___/ |___| |___/ 

POST - As admin I cannot assign product rating
----------------------------------------------------------------------
]]></system-out>
  </testcase>
  <testcase name="POST - As admin I have be able to create comment for product" classname="User" time="3.826">
    <system-out><![CDATA[
@TC-0013
Scenario: POST - As admin I have be able to create comment for product &amp#27;[90m# src/test/resources/api/user.feature:106&amp#27;[0m
12:44:08.288 [main] INFO io.cucumber.core.plugin.SerenityReporter - Running feature from file:///C:/Users/Lenovo/IdeaProjects/MiniProject/MiniprojectApi/src/test/resources/api/user.feature
12:44:08.289 [main] WARN io.cucumber.core.plugin.SerenityReporter - Feature from file:///C:/Users/Lenovo/IdeaProjects/MiniProject/MiniprojectApi/src/test/resources/api/user.feature is not under the 'features' directory. Requirements report will not be correctly generated!
12:44:08.292 [main] INFO  - 
  _____   ___   ___   _____     ___   _____     _     ___   _____   ___   ___  
 |_   _| | __| / __| |_   _|   / __| |_   _|   /_\   | _ \ |_   _| | __| |   \ 
   | |   | _|  \__ \   | |     \__ \   | |    / _ \  |   /   | |   | _|  | |) |
   |_|   |___| |___/   |_|     |___/   |_|   /_/ \_\ |_|_\   |_|   |___| |___/ 

POST - As admin I have be able to create comment for product(user;post---as-admin-i-have-be-able-to-create-comment-for-product)
--------------------------------------------------------------------------------
12:44:08.370 [main] DEBUG net.thucydides.core.steps.StepInterceptor - STARTING STEP: UserSteps.iSetPOSTApiEndpointsLogin - I set POST api endpoints login
12:44:08.370 [main] DEBUG net.thucydides.core.steps.StepInterceptor - STEP DONE: I set POST api endpoints login
  &amp#27;[32mGiven &amp#27;[0m&amp#27;[32mI set POST api endpoints login&amp#27;[0m                                 &amp#27;[90m# starter.stepdefinitions.UserSteps.iSetPOSTApiEndpointsLogin()&amp#27;[0m
12:44:08.374 [main] DEBUG net.thucydides.core.steps.StepInterceptor - STARTING STEP: UserSteps.iSendPOSTHTTPRequestLogin - I send POST HTTP request login
12:44:08.376 [main] DEBUG net.thucydides.core.steps.StepInterceptor - STARTING STEP: PostLogin.iSendPOSTHTTPRequestLogin - I set POST api endpoints login
12:44:08.376 [main] DEBUG net.thucydides.core.steps.StepInterceptor - STEP DONE: I set POST api endpoints login
12:44:08.387 [main] DEBUG org.apache.http.impl.conn.BasicClientConnectionManager - Get connection for route {s}->https://altashop-api.fly.dev:443
12:44:08.387 [main] DEBUG org.apache.http.impl.conn.DefaultClientConnectionOperator - Connecting to altashop-api.fly.dev:443
12:44:10.525 [main] DEBUG org.apache.http.client.protocol.RequestAddCookies - CookieSpec selected: ignoreCookies
12:44:10.525 [main] DEBUG org.apache.http.client.protocol.RequestAuthCache - Auth cache not set in the context
12:44:10.525 [main] DEBUG org.apache.http.client.protocol.RequestTargetAuthentication - Target auth state: UNCHALLENGED
12:44:10.525 [main] DEBUG org.apache.http.client.protocol.RequestProxyAuthentication - Proxy auth state: UNCHALLENGED
12:44:10.525 [main] DEBUG org.apache.http.impl.client.DefaultHttpClient - Attempt 1 to execute request
12:44:10.525 [main] DEBUG org.apache.http.impl.conn.DefaultClientConnection - Sending request: POST /api/auth/login HTTP/1.1
12:44:10.525 [main] DEBUG org.apache.http.wire -  >> "POST /api/auth/login HTTP/1.1[\r][\n]"
12:44:10.525 [main] DEBUG org.apache.http.wire -  >> "Accept: */*[\r][\n]"
12:44:10.525 [main] DEBUG org.apache.http.wire -  >> "Content-Type: application/json[\r][\n]"
12:44:10.525 [main] DEBUG org.apache.http.wire -  >> "Content-Length: 48[\r][\n]"
12:44:10.525 [main] DEBUG org.apache.http.wire -  >> "Host: altashop-api.fly.dev[\r][\n]"
12:44:10.525 [main] DEBUG org.apache.http.wire -  >> "Connection: Keep-Alive[\r][\n]"
12:44:10.525 [main] DEBUG org.apache.http.wire -  >> "User-Agent: Apache-HttpClient/4.5.13 (Java/14.0.2)[\r][\n]"
12:44:10.525 [main] DEBUG org.apache.http.wire -  >> "Accept-Encoding: gzip,deflate[\r][\n]"
12:44:10.525 [main] DEBUG org.apache.http.wire -  >> "[\r][\n]"
12:44:10.525 [main] DEBUG org.apache.http.headers - >> POST /api/auth/login HTTP/1.1
12:44:10.526 [main] DEBUG org.apache.http.headers - >> Accept: */*
12:44:10.526 [main] DEBUG org.apache.http.headers - >> Content-Type: application/json
12:44:10.526 [main] DEBUG org.apache.http.headers - >> Content-Length: 48
12:44:10.526 [main] DEBUG org.apache.http.headers - >> Host: altashop-api.fly.dev
12:44:10.526 [main] DEBUG org.apache.http.headers - >> Connection: Keep-Alive
12:44:10.526 [main] DEBUG org.apache.http.headers - >> User-Agent: Apache-HttpClient/4.5.13 (Java/14.0.2)
12:44:10.526 [main] DEBUG org.apache.http.headers - >> Accept-Encoding: gzip,deflate
12:44:10.526 [main] DEBUG org.apache.http.wire -  >> "{"password":"123123","email":"someone@mail.com"}"
12:44:10.609 [main] DEBUG org.apache.http.wire -  << "HTTP/1.1 200 OK[\r][\n]"
12:44:10.609 [main] DEBUG org.apache.http.wire -  << "content-type: application/json[\r][\n]"
12:44:10.609 [main] DEBUG org.apache.http.wire -  << "date: Sat, 06 May 2023 05:52:56 GMT[\r][\n]"
12:44:10.609 [main] DEBUG org.apache.http.wire -  << "content-encoding: gzip[\r][\n]"
12:44:10.609 [main] DEBUG org.apache.http.wire -  << "transfer-encoding: chunked[\r][\n]"
12:44:10.609 [main] DEBUG org.apache.http.wire -  << "server: Fly/3f2597ca (2023-05-03)[\r][\n]"
12:44:10.609 [main] DEBUG org.apache.http.wire -  << "via: 1.1 fly.io[\r][\n]"
12:44:10.609 [main] DEBUG org.apache.http.wire -  << "fly-request-id: 01GZQSXNE8ESYVBC215ZRGN3H7-sin[\r][\n]"
12:44:10.609 [main] DEBUG org.apache.http.wire -  << "[\r][\n]"
12:44:10.609 [main] DEBUG org.apache.http.impl.conn.DefaultClientConnection - Receiving response: HTTP/1.1 200 OK
12:44:10.610 [main] DEBUG org.apache.http.headers - << HTTP/1.1 200 OK
12:44:10.610 [main] DEBUG org.apache.http.headers - << content-type: application/json
12:44:10.610 [main] DEBUG org.apache.http.headers - << date: Sat, 06 May 2023 05:52:56 GMT
12:44:10.610 [main] DEBUG org.apache.http.headers - << content-encoding: gzip
12:44:10.610 [main] DEBUG org.apache.http.headers - << transfer-encoding: chunked
12:44:10.610 [main] DEBUG org.apache.http.headers - << server: Fly/3f2597ca (2023-05-03)
12:44:10.610 [main] DEBUG org.apache.http.headers - << via: 1.1 fly.io
12:44:10.610 [main] DEBUG org.apache.http.headers - << fly-request-id: 01GZQSXNE8ESYVBC215ZRGN3H7-sin
12:44:10.610 [main] DEBUG org.apache.http.impl.client.DefaultHttpClient - Connection can be kept alive indefinitely
12:44:10.610 [main] DEBUG io.restassured.internal.RestAssuredHttpBuilder - Parsing response as: application/json
12:44:10.610 [main] DEBUG org.apache.http.wire -  << "AC[\r][\n]"
12:44:10.610 [main] DEBUG org.apache.http.wire -  << "[0x1f][0x8b][0x8][0x0][0x0][0x0][0x0][0x0][0x4][0xff][0xab]VJI,IT[0xb2]RJ[0xad][0xf4][0xca]HrO[0xce][0xf4][0xcf][0xf4][0xf2][0xc][0xad][0xf2]4[0xf4][0xcb][0xf4],[0xf6][0xcc][0xb]2Mv[0xf6]4[0xf3][0xcc].[0x88][0x8]s[0xf6][0xb2][0xd4]K[0xad][0xf4]rO[0x9][0xaf](N[0xca]u+[0x89][\n]"
12:44:10.611 [main] DEBUG org.apache.http.wire -  << "[0x6]K[0x94]%[0xba][0x9b][0xa4][0x7][0xb9][[0xe6]xf[0x96]g[0x6][0x85][0x1b]f$[0x86][0x97][0x83][0xc][0xa9]J22[0xcc]I22[0xcd][0x9]t[0x7][0x8b][0x95]F[0x1a]Y[0x96]x[0xe6][0x19][0xe8][0x85][0x97]9[0x5]W$[0x7][0xba][0x16][0x16][0xe6]e:[0x1b][0x96][0x19]X[0xf8]Te[0x17]y$[0xbb][0xfa][0xa4][0xa6][0x17][0x1b]$[0x99][0x97][0x95]d[0xb9][0x7][0x84]g&[0xba][0x86]'{*[0xd5]r[0x1][0x0]?[0x99][0xcf]j[0xa0][0x0][0x0][0x0]"
12:44:10.611 [main] DEBUG org.apache.http.wire -  << "[\r][\n]"
12:44:10.611 [main] DEBUG org.apache.http.wire -  << "0[\r][\n]"
12:44:10.611 [main] DEBUG org.apache.http.wire -  << "[\r][\n]"
12:44:10.611 [main] DEBUG io.restassured.internal.RestAssuredHttpBuilder - Parsed data to instance of: class org.apache.http.conn.EofSensorInputStream
12:44:10.615 [main] DEBUG org.apache.http.impl.conn.BasicClientConnectionManager - Releasing connection org.apache.http.impl.conn.ManagedClientConnectionImpl@4e7d77ec
12:44:10.615 [main] DEBUG org.apache.http.impl.conn.BasicClientConnectionManager - Connection can be kept alive indefinitely
12:44:10.646 [main] DEBUG net.thucydides.core.steps.StepInterceptor - STEP DONE: I send POST HTTP request login
  &amp#27;[32mWhen &amp#27;[0m&amp#27;[32mI send POST HTTP request login&amp#27;[0m                                  &amp#27;[90m# starter.stepdefinitions.UserSteps.iSendPOSTHTTPRequestLogin()&amp#27;[0m
12:44:10.655 [main] DEBUG net.thucydides.core.steps.StepInterceptor - STARTING STEP: UserSteps.iSetPOSTApiEndpointsComment - I set POST api endpoints comment
12:44:10.655 [main] DEBUG net.thucydides.core.steps.StepInterceptor - STEP DONE: I set POST api endpoints comment
  &amp#27;[32mAnd &amp#27;[0m&amp#27;[32mI set POST api endpoints comment&amp#27;[0m                                 &amp#27;[90m# starter.stepdefinitions.UserSteps.iSetPOSTApiEndpointsComment()&amp#27;[0m
12:44:10.663 [main] DEBUG net.thucydides.core.steps.StepInterceptor - STARTING STEP: UserSteps.iSendPOSTHTTPRequestPostComment - I send POST HTTP request post comment
12:44:10.666 [main] DEBUG net.thucydides.core.steps.StepInterceptor - STARTING STEP: PostProductComment.iSendPOSTHTTPRequestPostComment - I set POST api endpoints comment
12:44:10.666 [main] DEBUG net.thucydides.core.steps.StepInterceptor - STEP DONE: I set POST api endpoints comment
12:44:10.687 [main] DEBUG org.apache.http.impl.conn.BasicClientConnectionManager - Get connection for route {s}->https://altashop-api.fly.dev:443
12:44:10.688 [main] DEBUG org.apache.http.impl.conn.DefaultClientConnectionOperator - Connecting to altashop-api.fly.dev:443
12:44:10.925 [main] DEBUG org.apache.http.client.protocol.RequestAddCookies - CookieSpec selected: ignoreCookies
12:44:10.925 [main] DEBUG org.apache.http.client.protocol.RequestAuthCache - Auth cache not set in the context
12:44:10.925 [main] DEBUG org.apache.http.client.protocol.RequestTargetAuthentication - Target auth state: UNCHALLENGED
12:44:10.925 [main] DEBUG org.apache.http.client.protocol.RequestProxyAuthentication - Proxy auth state: UNCHALLENGED
12:44:10.925 [main] DEBUG org.apache.http.impl.client.DefaultHttpClient - Attempt 1 to execute request
12:44:10.925 [main] DEBUG org.apache.http.impl.conn.DefaultClientConnection - Sending request: POST /api/products/2/comments HTTP/1.1
12:44:10.925 [main] DEBUG org.apache.http.wire -  >> "POST /api/products/2/comments HTTP/1.1[\r][\n]"
12:44:10.925 [main] DEBUG org.apache.http.wire -  >> "Accept: */*[\r][\n]"
12:44:10.925 [main] DEBUG org.apache.http.wire -  >> "Content-Type: application/json[\r][\n]"
12:44:10.925 [main] DEBUG org.apache.http.wire -  >> "Content-Length: 87[\r][\n]"
12:44:10.925 [main] DEBUG org.apache.http.wire -  >> "Host: altashop-api.fly.dev[\r][\n]"
12:44:10.925 [main] DEBUG org.apache.http.wire -  >> "Connection: Keep-Alive[\r][\n]"
12:44:10.925 [main] DEBUG org.apache.http.wire -  >> "User-Agent: Apache-HttpClient/4.5.13 (Java/14.0.2)[\r][\n]"
12:44:10.925 [main] DEBUG org.apache.http.wire -  >> "Accept-Encoding: gzip,deflate[\r][\n]"
12:44:10.925 [main] DEBUG org.apache.http.wire -  >> "[\r][\n]"
12:44:10.925 [main] DEBUG org.apache.http.headers - >> POST /api/products/2/comments HTTP/1.1
12:44:10.925 [main] DEBUG org.apache.http.headers - >> Accept: */*
12:44:10.925 [main] DEBUG org.apache.http.headers - >> Content-Type: application/json
12:44:10.925 [main] DEBUG org.apache.http.headers - >> Content-Length: 87
12:44:10.925 [main] DEBUG org.apache.http.headers - >> Host: altashop-api.fly.dev
12:44:10.925 [main] DEBUG org.apache.http.headers - >> Connection: Keep-Alive
12:44:10.925 [main] DEBUG org.apache.http.headers - >> User-Agent: Apache-HttpClient/4.5.13 (Java/14.0.2)
12:44:10.925 [main] DEBUG org.apache.http.headers - >> Accept-Encoding: gzip,deflate
12:44:10.925 [main] DEBUG org.apache.http.wire -  >> "{"content":"the games are great including Gran Turismo 7 but sadly GT4 is much better"}"
12:44:11.124 [main] DEBUG org.apache.http.wire -  << "HTTP/1.1 401 Unauthorized[\r][\n]"
12:44:11.124 [main] DEBUG org.apache.http.wire -  << "content-type: application/json[\r][\n]"
12:44:11.124 [main] DEBUG org.apache.http.wire -  << "date: Sat, 06 May 2023 05:52:57 GMT[\r][\n]"
12:44:11.124 [main] DEBUG org.apache.http.wire -  << "content-encoding: gzip[\r][\n]"
12:44:11.124 [main] DEBUG org.apache.http.wire -  << "transfer-encoding: chunked[\r][\n]"
12:44:11.124 [main] DEBUG org.apache.http.wire -  << "server: Fly/3f2597ca (2023-05-03)[\r][\n]"
12:44:11.124 [main] DEBUG org.apache.http.wire -  << "via: 1.1 fly.io[\r][\n]"
12:44:11.124 [main] DEBUG org.apache.http.wire -  << "fly-request-id: 01GZQSXNTQPWRN3NS1S5ZT82EG-sin[\r][\n]"
12:44:11.124 [main] DEBUG org.apache.http.wire -  << "[\r][\n]"
12:44:11.124 [main] DEBUG org.apache.http.impl.conn.DefaultClientConnection - Receiving response: HTTP/1.1 401 Unauthorized
12:44:11.124 [main] DEBUG org.apache.http.headers - << HTTP/1.1 401 Unauthorized
12:44:11.124 [main] DEBUG org.apache.http.headers - << content-type: application/json
12:44:11.124 [main] DEBUG org.apache.http.headers - << date: Sat, 06 May 2023 05:52:57 GMT
12:44:11.124 [main] DEBUG org.apache.http.headers - << content-encoding: gzip
12:44:11.124 [main] DEBUG org.apache.http.headers - << transfer-encoding: chunked
12:44:11.124 [main] DEBUG org.apache.http.headers - << server: Fly/3f2597ca (2023-05-03)
12:44:11.124 [main] DEBUG org.apache.http.headers - << via: 1.1 fly.io
12:44:11.124 [main] DEBUG org.apache.http.headers - << fly-request-id: 01GZQSXNTQPWRN3NS1S5ZT82EG-sin
12:44:11.125 [main] DEBUG org.apache.http.impl.client.DefaultHttpClient - Connection can be kept alive indefinitely
12:44:11.125 [main] DEBUG org.apache.http.impl.client.DefaultHttpClient - Authentication required
12:44:11.125 [main] DEBUG org.apache.http.impl.client.DefaultHttpClient - altashop-api.fly.dev:443 requested authentication
12:44:11.125 [main] DEBUG org.apache.http.impl.client.DefaultHttpClient - Response contains no authentication challenges
12:44:11.125 [main] DEBUG io.restassured.internal.RestAssuredHttpBuilder - Parsing response as: application/json
12:44:11.125 [main] DEBUG org.apache.http.wire -  << "2D[\r][\n]"
12:44:11.125 [main] DEBUG org.apache.http.wire -  << "[0x1f][0x8b][0x8][0x0][0x0][0x0][0x0][0x0][0x4][0xff][0xab]VJ-*[0xca]/R[0xb2]R*[0xcd]K,-[0xc9][0xc8]/[0xca][0xac]JMQ[0xaa][0xe5][0x2][0x0]@[0x17]da[0x19][0x0][0x0][0x0]"
12:44:11.125 [main] DEBUG org.apache.http.wire -  << "[\r][\n]"
12:44:11.125 [main] DEBUG org.apache.http.wire -  << "0[\r][\n]"
12:44:11.125 [main] DEBUG org.apache.http.wire -  << "[\r][\n]"
12:44:11.125 [main] DEBUG io.restassured.internal.RestAssuredHttpBuilder - Parsed data to instance of: class org.apache.http.conn.EofSensorInputStream
12:44:11.128 [main] DEBUG org.apache.http.impl.conn.BasicClientConnectionManager - Releasing connection org.apache.http.impl.conn.ManagedClientConnectionImpl@4271960c
12:44:11.128 [main] DEBUG org.apache.http.impl.conn.BasicClientConnectionManager - Connection can be kept alive indefinitely
12:44:11.129 [main] DEBUG net.thucydides.core.steps.StepInterceptor - STEP DONE: I send POST HTTP request post comment
  &amp#27;[32mAnd &amp#27;[0m&amp#27;[32mI send POST HTTP request post comment&amp#27;[0m                            &amp#27;[90m# starter.stepdefinitions.UserSteps.iSendPOSTHTTPRequestPostComment()&amp#27;[0m
12:44:11.136 [main] DEBUG net.thucydides.core.steps.StepInterceptor - STARTING STEP: UserSteps.iReceive1ValidLoginAndProductHTTPResponseCode - I receive valid login and product HTTP response code 200
12:44:11.140 [main] DEBUG net.thucydides.core.steps.StepInterceptor - STARTING STEP: PostProduct.iReceive1ValidLoginAndProductHTTPResponseCode - I set POST api endpoints product
12:44:11.140 [main] DEBUG net.thucydides.core.steps.StepInterceptor - STEP DONE: I set POST api endpoints product
12:44:11.154 [main] DEBUG org.apache.http.impl.conn.BasicClientConnectionManager - Get connection for route {s}->https://altashop-api.fly.dev:443
12:44:11.155 [main] DEBUG org.apache.http.impl.conn.DefaultClientConnectionOperator - Connecting to altashop-api.fly.dev:443
12:44:11.545 [main] DEBUG org.apache.http.client.protocol.RequestAddCookies - CookieSpec selected: ignoreCookies
12:44:11.545 [main] DEBUG org.apache.http.client.protocol.RequestAuthCache - Auth cache not set in the context
12:44:11.545 [main] DEBUG org.apache.http.client.protocol.RequestProxyAuthentication - Proxy auth state: UNCHALLENGED
12:44:11.545 [main] DEBUG org.apache.http.impl.client.DefaultHttpClient - Attempt 1 to execute request
12:44:11.545 [main] DEBUG org.apache.http.impl.conn.DefaultClientConnection - Sending request: GET /api/products HTTP/1.1
12:44:11.545 [main] DEBUG org.apache.http.wire -  >> "GET /api/products HTTP/1.1[\r][\n]"
12:44:11.546 [main] DEBUG org.apache.http.wire -  >> "Authorization: Bearer [\r][\n]"
12:44:11.546 [main] DEBUG org.apache.http.wire -  >> "Accept: */*[\r][\n]"
12:44:11.546 [main] DEBUG org.apache.http.wire -  >> "Host: altashop-api.fly.dev[\r][\n]"
12:44:11.546 [main] DEBUG org.apache.http.wire -  >> "Connection: Keep-Alive[\r][\n]"
12:44:11.546 [main] DEBUG org.apache.http.wire -  >> "User-Agent: Apache-HttpClient/4.5.13 (Java/14.0.2)[\r][\n]"
12:44:11.546 [main] DEBUG org.apache.http.wire -  >> "Accept-Encoding: gzip,deflate[\r][\n]"
12:44:11.546 [main] DEBUG org.apache.http.wire -  >> "[\r][\n]"
12:44:11.546 [main] DEBUG org.apache.http.headers - >> GET /api/products HTTP/1.1
12:44:11.546 [main] DEBUG org.apache.http.headers - >> Authorization: Bearer 
12:44:11.546 [main] DEBUG org.apache.http.headers - >> Accept: */*
12:44:11.546 [main] DEBUG org.apache.http.headers - >> Host: altashop-api.fly.dev
12:44:11.546 [main] DEBUG org.apache.http.headers - >> Connection: Keep-Alive
12:44:11.546 [main] DEBUG org.apache.http.headers - >> User-Agent: Apache-HttpClient/4.5.13 (Java/14.0.2)
12:44:11.546 [main] DEBUG org.apache.http.headers - >> Accept-Encoding: gzip,deflate
12:44:11.797 [main] DEBUG org.apache.http.wire -  << "HTTP/1.1 200 OK[\r][\n]"
12:44:11.799 [main] DEBUG org.apache.http.wire -  << "content-type: application/json[\r][\n]"
12:44:11.799 [main] DEBUG org.apache.http.wire -  << "date: Sat, 06 May 2023 05:52:57 GMT[\r][\n]"
12:44:11.799 [main] DEBUG org.apache.http.wire -  << "transfer-encoding: chunked[\r][\n]"
12:44:11.799 [main] DEBUG org.apache.http.wire -  << "content-encoding: gzip[\r][\n]"
12:44:11.799 [main] DEBUG org.apache.http.wire -  << "server: Fly/3f2597ca (2023-05-03)[\r][\n]"
12:44:11.799 [main] DEBUG org.apache.http.wire -  << "via: 1.1 fly.io[\r][\n]"
12:44:11.799 [main] DEBUG org.apache.http.wire -  << "fly-request-id: 01GZQSXPE63T9Z10HWY7TAS6C6-sin[\r][\n]"
12:44:11.799 [main] DEBUG org.apache.http.wire -  << "[\r][\n]"
12:44:11.799 [main] DEBUG org.apache.http.impl.conn.DefaultClientConnection - Receiving response: HTTP/1.1 200 OK
12:44:11.799 [main] DEBUG org.apache.http.headers - << HTTP/1.1 200 OK
12:44:11.799 [main] DEBUG org.apache.http.headers - << content-type: application/json
12:44:11.799 [main] DEBUG org.apache.http.headers - << date: Sat, 06 May 2023 05:52:57 GMT
12:44:11.799 [main] DEBUG org.apache.http.headers - << transfer-encoding: chunked
12:44:11.799 [main] DEBUG org.apache.http.headers - << content-encoding: gzip
12:44:11.799 [main] DEBUG org.apache.http.headers - << server: Fly/3f2597ca (2023-05-03)
12:44:11.799 [main] DEBUG org.apache.http.headers - << via: 1.1 fly.io
12:44:11.799 [main] DEBUG org.apache.http.headers - << fly-request-id: 01GZQSXPE63T9Z10HWY7TAS6C6-sin
12:44:11.799 [main] DEBUG org.apache.http.impl.client.DefaultHttpClient - Connection can be kept alive indefinitely
12:44:11.799 [main] DEBUG io.restassured.internal.RestAssuredHttpBuilder - Parsing response as: application/json
12:44:11.799 [main] DEBUG org.apache.http.wire -  << "331[\r][\n]"
12:44:11.799 [main] DEBUG org.apache.http.wire -  << "[0x1f][0x8b][0x8][0x0][0x0][0x0][0x0][0x0][0x4][0xff][0xaa]VJI,IT[0xb2][0x8a][0xae]V[0xf2]tQ[0xb2]24[0xb2][0xb0]0[0xd7]Q[0xf2]K[0xcc]MU[0xb2]Rr[0xcd][0xcb]/[0xca][0xcd]/-Vp[0xce]/)[0xc9][0xcf]Sp[0xce][0xcf]-(-I-R[0xd2]QrI-N.[0xca],([0xc9][0xcc][0xcf]S[0xb2]R[\n]"
12:44:11.799 [main] DEBUG org.apache.http.wire -  << "-Q[0xc8]KMN-.[0xce],I,[0xc9]L*-V([0xcb],ILU[0xc8],-JUH[0xc9][0xcf][0xc9]/J-V(J-H[0xcd][0xc9]I[0xcd]K)-V([0xce][0xcc][0xcd][0xcc][0xc9],,M[0xd5]S[0xd2]Q[\n]"
12:44:11.799 [main] DEBUG org.apache.http.wire -  << "([0xca]LNU[0xb2][0xb2]4[0xd4]Q[\n]"
12:44:11.799 [main] DEBUG org.apache.http.wire -  << "J,[0xc9][0xcc]K/V[0xb2]2[0xd1]QrN,IM[0xcf]/[0xca]L-V[0xb2][0x8a][0x8e][0xad][0xd5]A[0xb8][0xd0][0x2][0xee][0xc2][0x80][0xa2][0xc4][0xe4][0x92][0xcc][0xe4][0xc4][0x1c][0x5][0xdf][0xc4][0xa2][0xa4][0x9c]T[0x85][0x90][0xc4][0xa4][0x9c]T[0xc][0xf7][0x85][0xa4][0xe6][0x16][0xe4][0x17][0x81][0x1d]V\[0x9a]W[0xa2][0x90]X\[0x90]Z[0x94][0x9]r[0x15][0x92][0xfd][0x16]FH[0xf6][0x1b][0xe3][0xb3][0xdf][0x12]nPiqIf[0xb2][0x82]{Qb^fI[0xaa]BpF~j1[0xa6][0xed][0xf9]%[0x89][0xb9][\n]"
12:44:11.799 [main] DEBUG org.apache.http.wire -  << "[0x85][0xa5] [0xfb]S[0x12]s[0x15][0xca]Rs[0x90][0xac]51#[0xd2]ZK[0x3][0xb8][0xb5][0xc1][0xf9]y[0x95][\n]"
12:44:11.799 [main] DEBUG org.apache.http.wire -  << "[0x1][0xc1][0xa6][0x18]V[0x15][0xe4]$V*d$[0x16]+[0xe4][0xe5]+[0xe4]d[0xe6]f[0x96][0x80]\[0x3][\r]_#KK$[0x9b][0xf0][0x5][0xb0][0xa5][0x11][0xdd]l2[0xa6][0xa6]M[0x86]x"[0xcd][0xd2][0x94]n6[0x99][0xc1]mr-J[0xcf][0xcf][0xcb][0xcf][0xcd]LV[0x8][0xcf][0xcf]OI[0xcd]Sp[0xcf][0xc9]/[0xc3][0x92]B[0x82]3s[0xb2][0x11][0x19][0xc1][0xd8][0xd2][0x18]9M[0x98][0xe2][0xf3][0x15]"[0xb3][0xba][0xe7][0x17][0xa5][0xa7][0x82]2+[0xc8]0\[0x16]A22[0xc2]*3[0xb]Cc[0xa4]Da[0x80][0xcf]*D[0xae]sL-[0xca]O[0xa9][0xcc]K[0x4]y[0xc][0x9a][0xef][0x82]32[0x8b]J0[0x92][0xa3]gQ~[0x1e][0xc2]2[0xb][0x13]S[0xe4],[0x86][0xd7]_[0x88],[0xe6]RZ[0x4][0xca][0xd3][0xf0]<[0xe6][0x94][0x98][0x8e]a[0x8f]s~^rQj[0x9]([0xe3]C[0x13][0xbb][0xb1][0x85][0xa1][0x1][0x92][0xc7][0xf0][0xa4]vK[0x3]D[0xbe][0x82][0x87]a@bAj[0x11][0xee][0xf2][0xe][0x12][0x9b][0x8][0x9f][0x99][Z[0x98][0x10]k[0x1b]U[0xf3][0x16][0x9e][0x8][0xb3]40[0x81][0xa7]C*[0x94][0x17]xb[0xcb][0xd2][0x80][0xaa]y[0xb][0xaf][0x9f][0x10][0x89][0xd0]#5[0xb1][0xac]R[0xc1][0xa5][0xb4][0xa4]R![0xb8]$55G[0xc1]#[0x11]3[0x1][0xa2]G[0x94][0x99][0x81][0xa9]9RD[0xe1][0xb5][\n]"
12:44:11.799 [main] DEBUG org.apache.http.wire -  << "3[0x9]BSEFb&f[0x15][0x8]v[0x3]"E[0x98][0x99][0x1a]"Wg[0xf8],[0x2]%Th[0x85][0xeb]X[0x9e]Z[0x9c][0x9f][0x9b][0xaa][0xe0][0x93][0x9a]X[0x92][0x1]J[0x80]9[0xf9][0xc9][0xa0][0x82][0x1][0xb5][0xb6]E[0xcd]U[0xe6][0x86][0x16]DfaK[0x90][0x93][0xa0]6[0xc1][0xab]v[0xa7][0xa2][0xfc][0xbc][0xaa]T[0xdc]I=[0xa8]4)[0x9]\[0xe3]C3[0x96][0x5][0xd1]%[0x86][0xa5]!"[0xa9]C[0xeb]I[0x9f][0xcc][0xbc][0xd4]<[0x85][0x80][0x9c]DpVE[0xf5][0x15][0xba]E[0xc6][0x86]&[0xa6]DF[0x15][0xa8][0xc][0x83][0xfa][0xcb]75%3?[0xb9][0x8][0xe4]!H[0x91][0xa0][0xe0][0x8c]5[0xc][0xc1].AD[0x97][0x89][0x99]!r[0x91][0x8b]7[0xba][0x90][0xb2]Ue^jQz&[0xb8][0x9][0x0][0x8a][0x14][0x5][0xec][0xa5]`@N"H[0x9][0xc2]6Sc[0xb][0xe4][0xc2][0x9][0xaf]m[0x88][0xac][0x85]\[0xea]B[0xca]q[0x5][0xef][0xbc][0xcc]4P[0xa1][0x87][0x1a][0x92]X[0xec]3%:[0x89] */d[0xfb][0x1c]sJs3[0xf3]Js[0x15] [0xa5]/[0x0][0x0][0x0][0xff][0xff]"
12:44:11.799 [main] DEBUG org.apache.http.wire -  << "[\r][\n]"
12:44:12.043 [main] DEBUG org.apache.http.wire -  << "6C8[\r][\n]"
12:44:12.043 [main] DEBUG org.apache.http.wire -  << "B[0xb5][0xf][0x9a]Z[0x91][0xfc]giL[0xb4][0xff][0x10][0x15][0x18]r[0x86][0xce][0xcc][0xc9]V[0x8]O[0xcc][0xc9]I[0xc5][0xcc][0xd2][0x90][0x4][0x8b][0xb0][0xcc][0xd2][0xcc][0xc0][0x82][0xd8]t[0x82](=0[0x1a][0x8e]8l[0xc3][0xf0][0x9b][0x85][0x99]!rQ[0x8f]7[0xee][0x10]%[0x8]rXBkL[0x1c][0x16]:[0xe7][0x17][0x14] [0xe7]7K3C[0xe4]f[0x1b]>[0xfb][0x8c][0x10][0x15][0x19][0xac] [0x81]&[0x5][0x5][0xe7]D[0xcc][0x12][0xb]= [0x8d][0x8d][\r][0x88]-[0xb2][0x8c][0xc][0xe1]U[0xb][0xcc]&HI[0x8b][0xab][0xdd][0x1]j[0x93] [0xa2][0xcc][0x94][0xf8]R[0xd8][0x8]Q[0x86][0xc0][0x8b],[0xa8]U[0xd8]3[0x1b]D[0x12]a[0x97][0x99][0xb9][0x19]r[0xa3][0x3]o[0xf8]![0x1a][0xa3][0xf0]b$<??[0x7]G[0x11][0x82][0x1e]~[0xa6][0x16]&D[0x87][0x1f][0xa2][0xc][0x81][0xdb][0x4]1[0xe]G[0x17][0x2][0xdd]W[0xc6][0x6][0xa6][0xc4]&z#D[0x9][0x2]-[0x85]!I[0xc][0x87]M[0xd0][0x14][0x83][0x8]@c#[0xa2][0xab]L#D[0xe1]A[0x85][0x16][0x7][0xde][0xa8]B[0x14][0x1b][0x88][0x9c][0xc][0xa9][0x9e]q4[0x3]r[0x10]>[0xb2][0xb4][0x4]U[0xb9][0xf0][0xae]&^{[0x10]%[0x6][0xbc]m[0x8][0xeb][0xec]a[0xaf][0xc6][0xa0][0xb2][0x8][0xdb][0xcc][\r]-[0x89]mr[0x18]![\n]"
12:44:12.043 [main] DEBUG org.apache.http.wire -  << "[0xc][0xcf][0xbc][0x92][0xd4][0x9c][0x9c][0xcc][0xf4][0xd4][0xbc][0x12][0x5]h[0xca][0xc0][0x96][0x87]1l351%[0xb6]"[0x3][0x95][0xd1][0xd0]Z[0x13][0x9e][0xb5][0xc0][0xad][0x18][0x5][0xa7][0xfc][0x92][0x12],[0xbd]hP[0x15][0x87][0xf0][0x97][0xb1][0x85][0x1][0xb1][0x95][0x8a]1[0xa2][0xb8][0xf0][0x4][0xd5][0xca])[0x99][0xa0][0xae]:4[0xa5])8cmO[0xc1]j[0x1c][0x84][0x85]F[0x6]DG[0x9b]1[0xa2][0xd4]@$[0xf]h[0xb2]w[0xce][0xc7][0xd2]N[0x84][0xba][0x5]a[0x99][0xa5][0x99][0x9][0xb1]U[0x98]1[0xa2][0xd8][0x8][0xce]IM[0xcd]V[0x0][0xb7]-[0x14][0xb0][0xda][0x83]Z[0xe][0x1a][0x9b][0x1a][0x11][0x1d][0x84][0x88][0x12][0xc3]'3=[0xa3][0xa4]<[0x15]D[0xc2]F=[0x9c]R[0xf3][0x92]3[0x88][0xa8][0x97][0xcd]A[0x5]7Q[0x9][0xdf][0x18]Qj[0xc0]K(hbS[0xf0]N[0xad]L[0xca]O,J[0xc1][0xb0][0x10]TX"[0x82][0xd0][0xc8][0xc8][0x84][0xd8][0x9a][0xb][0xd4][0xdf][0x85]&E[0xe4][0x9a][0x12][0x14]Z[0xb8]m[0x3]gw[0x84]u[0xe6][0x16][0xc4][0xc7][0x18][0xa2][0xf4]@jt@[0xab]z[0x1c][0xe5]"z[0xf3][0xd4][0xd2][0x8]4PF\X"[\n]"
12:44:12.043 [main] DEBUG org.apache.http.wire -  << "[0x11]$[0xeb]`}V\[0xb9][\r][0xdd]B33P[0xfd]N[0x9c][0x85][0x88]r[0x4]^j[0x81]2/q[0xb5][0xb3][0x85][0x5][0xd1][0xed][0x0]P[0x88]C[0xe3][\r][0xd6]M[0x87][0xe6][0xb2][0x80][0xc4]<[0xf0][0xd8][0x13]jK[0x11][0xbd][0x1a]325#[0xb6][0xb4][0x2][0xd5][0xad]P[0xab][0xe0][0xa5][0x15]$[0x88]p[0xb4][0xba][0xa1][0xd1][0x89]H [0xa6][0x86][0xc6][0xc4][0xb6][0xdc]L[0x10][0xe5][0x87][b^[0x9][0xb8][0xf9][0xe][0x1b][0xc2][0xc1][0xd6][0x2][0xc6](>,,[0x88]nq[0x9b] [0x8a][0xf]h[0xfd][0xc][0xca]F8[0xda][0x1c][0x10][0x1f]#[0xfc]db[0x8][0x1a][0x15]$*Q[0x98] J[0x90]`[0xa4]~[0xb][0xac][0x9c][0xc5][0xda]}F[0xcb]bf[0x6][0x96]D[0x87] [0xa2][0xfc]@[0xae][0xca][0xc0]9[0x1a][0xfb]()([0x81]"<fd@t=[0x6][0x1a]@[0x85][0xa6][0xc]Dd[0x81]LS[0xc0][0x9e][0x8][0xd1]<eabAl[0xb3][0xcd][0x4]Qn [0xd7]c[0x90][0xb1]""Z[0xd8][0x16]F[0xa0][0xb1]&[0xe2]b[0xb]Qf Y[0x5][0xe]>[0xec][0xed][0xe][0x90][0x14]"[0xf8][0xcc]L@[0xd1]M[0x9c]M[0x88][0xc2][0x2][0x9e][0xb1]`%=[0xf6]z[0x5]#[0x17][[0x80]j[0xb][0xa2],3[0xc5][0xec][0xa2][0x80]c[0x8a]p[0xa3][0xcd][0xd8][0xdc][0x94][0xd8][0xda][0xc4][0x14][0xd1][0xdc]@[0xc][0xc0][0xc2][0x8b][lV[0x81][0xdc][0x80][0x8]<K[0x13]c[0xa2][0xad]Bd*x5[0x9]N_8[\n]"
12:44:12.043 [main] DEBUG org.apache.http.wire -  << "%XnCXfjFtB7E[0xe4])hI[0x1][0x8a]t[0xac][0x19][0x17][0xd5]CF[0x96]f[0xc4]6AA[0x8e][0x81]f&[0xa4]t[0x7]K[0xf][0xe1][0x89]%X[0xda][0x19][0x18][0xa5][0x9f][0x99][0x1][0xca]p([0xbe][0x6]6[0xa8]o[0x1][0xb5][0xf]^U[0xc1][0x6]7p53[0xc0][0x8d]TD[0x8][0x9a][0x19][0x99][0x11][0xdb][0x17][0x2]u[0x9a][0xa0][0xb6]![0xf9][0xe][0x12]a[0xd8][0xca]uHe[0x86]d[0x95][0xb1]1[0xd1][0x1][0x89][0xc8]V[0x88]R[0x9][0x16][0xfd][\n]"
12:44:12.043 [main] DEBUG org.apache.http.wire -  << "[0xd8]3[0x16][0x9a][0xc7]LM[0x89][0xce][0xc4]f[0x88]|[0x85]\[0xb8]CC[0x12][0xfb][0x10][0x18][0xa4][[0x81][0xf0][0x9c])[0xea][0x4][0x11][0xbe]X3C[0xe4]0X[0xbd][0xf]K"8J'[0xd0][0x8]-[0xc2]*cC[0xa2][0x7][0xc0]@[0xbd]wh[0x94]A[0x13]="[0x10][0xb1]wS [0x9e]FXfb[0x2][0x1a][0x1f]$[0xaa]x2C[0xe4]0xY[0x8][0xca]J8[0x6][0xda][0xd0]C[0xd0][0xc4][0xd8][0x9c][0xd8][0xe4][0x1]J[0xb2]Po[0xc1]m[0x82][0xa4]6[0x1c][0xc3][0xa3][0xa0][0xac][0x8e][0xf0][0x93][0x85][0x19][0xd1][\r]'sD[0xd2][0x80][0xdb][0x4])[0xc1][0x15][0xb0]ggXI[0x89][0xb0][0xcd][0xd8][0x98][0xe8]!fsD[0xcb][0x9][0xd2][0x19][0x82][0x8e]va[0x1f][0xa9][0xc4][0xb4][0xca][0xd2][0x1c][0xe4]^[0xa2]"[0xcb][0x1c]Q[0xf6]"[0x17][0xf3][0xe0][0x99]j[0xec]cC[0x98][0xd6][0x19][[0x80][\n]"
12:44:12.043 [main] DEBUG org.apache.http.wire -  << " [0xe2][0xac]C[0x1a][0xdc]@j?A[0xb]?\[0xad]xXbE[0x4][0xa6][0x85][0x1][0xf1]Q[0x87]h[0x4]@[0xd3]>81bo?A3 [0xc2]"c[0x13]cb[0xcb]EPn[0x84][0xa6][0xc6][0xe0][0xdc][0xc4][0x9c][0x1c][0xf8]d[0x1b][0xf6]pDO[0xf7][0x96]&[0xa0][0xb9]&[0xa2]B[0x11][0xd4][0xd6][0x82][0xda][0x4][0xf5][0x12]4[0xd5]c[0xb7][0x9][0x92]P[0x91][0xfc]dJt[0xbb][0x1a]4[0x9d][0xf][0xb5][0x9][0xb9][0x5][\n]"
12:44:12.043 [main] DEBUG org.apache.http.wire -  << "[0x8b][0x10][0xec][0xfd]s[0x98],[0xc2]F[0xb]SPaG[0x9c][0xdf][0x10]-y[0xa4]~[0x1e][0xb8]P[0xc7][0xd1][0x14][0xc5][0xf0][0x1e][0xf1][0xa9][0x1f]T[0xc3][0xc2][0xbd][0x97]\[0x94][\n]"
12:44:12.043 [main] DEBUG org.apache.http.wire -  << "[0x1d]S[0x1][0xb7]Eq[0x8c][0xdf][0xa0][0x16]!F[0xe6]f[0xc4][0xe]>X [0x8a]E[0xe4][0xee]9,;[0xe1][0x1a][0xa9][0x7]%VD@[0x1a][0x93][0x90]H[0x10]Y[\r]5[0x91]`o[0xd0][0x83][0xc7][[0x10][0x16][0x99][[0x80][0xc6][0xd1][0x88][0x88]1cc$[0x8f]E8[0xf9]G[0x18]b[0x8c]h L5AY=[0x81]^9[0xc2][0xd6][0xa6][0x98]"uS[0xdd][0x13]s3[0xf3]0[0xe7][0xaa][0xdd][0xf2][0x8b][0x14][0xd2][0xc1]R[\n]"
12:44:12.043 [main] DEBUG org.apache.http.wire -  << "[0x5][0xa5]E[0x5][0xf9][0xc5][0xa9][0xc5]J[0xb5]H[0xcb][,A[0xe3][\n]"
12:44:12.043 [main] DEBUG org.apache.http.wire -  << "[0xd0][0x98]E[0x1e][0xea][0x81][0xe6][0x13][0x1c][0xf5]+[0xca][0x2][0x2][0x13]KP3[0x8e][0x88][0x10]0[0xb2][0xb4]@[0x14]1H-"h[0xdf][0x19]GU[0x4][0xea][0x9f]"[0x2][0xc6][0xc8][0x8][0x94][0xa7][0x89][0xb2][0xc][0xd4]W[0xc5][0xe2]3H.[0xc0]Y[0x1b][0x81][\n]"
12:44:12.043 [main] DEBUG org.apache.http.wire -  << "t[0x84]u[0xe6][0xa6][0xa0][0x16][0x1]q[0xd6]![0xea]"D[0x13][0xc]Z[0x1f]ao[0x80][0xa1][0xa5]$K[0xb][0xa2][0xb3][0x88]%"[0xef][0xc3][0xdb][0xb1]A[0xe0][0xa9]S<[0x3]X[0xe8][0xf3][0x82][0xc6]fF[0xc4][0xe][0x87][0x80]:[0xe2][0xd0][0xa0]D.[0xdd]@Y[0xe][0xeb]d[0xf]4F[0x11][0xe1]hj[0x0][0x9a][0xb5]'.[0x1c][0x11][0xd9][0x1f])[0x8d]@[0xeb][0x1b][0xec][0xb6][0x81][0xe6]y[0x11]v[0x19]Y[0x80][0xda][0xa7][0xc4][0xd9][0x85][0xc8][0xfa][0x90][0x9a][0x8][0x1c]%8[0xda][0xcb][0x98][0xa5][0xb5]1[0xf1][0xc3][0xb6][0xa0]Qyh[0x8]"[0x95][0xd6][0xd0][0xb4][0x88]=[0x97][0xa1]&|[0xb]K[0xa2]'[0x1e]-[0x11][0xb9][0xc][0x91][0x12][0xa1][0xc9][0x3][[0xbf][0x3][0x92]H[0x11][0x1]hl[0x1][0x1a]d[0x86][0x7] [0xbe][0xd5],[0xa0]b[\n]"
12:44:12.043 [main] DEBUG org.apache.http.wire -  << "[0xea]-[0xa4][0xc8][0x82]TB[0xd8][0x13]=[0xac][0x18]GXgn[\n]"
12:44:12.043 [main] DEBUG org.apache.http.wire -  << "[0x1a][0x0][0x83][[0x87]{[0xe9][0x87][0xb1][0x1]h@[0x3]n[0x1d]b[0xca][0x2][0x16]38[0xba][0xc1][0xe8][\r][0x8]3[0xd4][0x19][0x19][0xdc][0xfe]360@dj$[0xff]A[0xa3][\r]{[0x83][0x16]=4M[0xcc][0x88][0xec][0xdf][0x1b][0x1b][0x80][0xda]5X[0xbc][0x7]1[0x11]G[0xaf][0x0][0xda]"D[0x4][0xa7][0x91][0x99][0x11]q[\r]1cp[0x9e][0x84][0xda][0x7]i>[0xc3][0x3][0x12][0xfb][0xc2]F[0xb4]*[0xdd][0x94][0xc8][0x14]il`[0x80][0x94][0xcf][0x90]Z[0xb3][0x90][0xdc][0x86][0xbd][0x81][0x89][0xd4][0xaf][0x2][0x0][0x0][0x0][0xff][0xff]"
12:44:12.043 [main] DEBUG org.apache.http.wire -  << "[\r][\n]"
12:44:12.043 [main] DEBUG org.apache.http.wire -  << "6E7[\r][\n]"
12:44:12.043 [main] DEBUG org.apache.http.wire -  << "[0x2][0xaf][0xd7]42[0x0][\r][0xdb][0xc3]S[0x9][0xde]HCt[0x86]a[0xf3][0xc5][0xe0][0x92][0xca]'1[0xb7][0x0][0xa3][0xce][0x5]w[0xc7][0x11][0xa1]ga[\n]"
12:44:12.043 [main] DEBUG org.apache.http.wire -  << "[0xea][0xb5][0xc3][0xad]A[0xaf]y[0x11]5[0xa7]1x~[0x8][0x16]z[0xe0]f,[0xc4];8[0x16][0xdd]a[0xc4][0x93])[0xb1][0xd5][0xa6][0xb1][0x1][0xd2]J[0x1a][0xb4]x[0xc2][0xde][0x8e]E[0xf7][0x13][0xb1][0xe3][0x8][0xc6][0x6]H[0x8b]h`A[0x7]-8[0xb0][\r]dA[0xb]eD[0xe8][0x19][0x81]W[0xe1][0x10][0x17]z[0x88][0xfe][0x14]R[0x81][0x8][0x89]u[0xdc][0xeb][0x83]0l$[0xba]kjl[0x0]Zs[0x3][0x8b]/[0xca]W[0xb4][0xe2]M[0x19][0x88][0x91][[0x9a][0xce]L[0x1b][0x1b][0x18]"[0x8a][0xfa][0x80]`[0x5][0xcc][0x15][0xba][0xe9][0x89][0xb9][0xa9][\n]"
12:44:12.043 [main] DEBUG org.apache.http.wire -  << "[0xa6][\n]"
12:44:12.043 [main] DEBUG org.apache.http.wire -  << "[0xc5]%[0xe0][0xf1]bhV[0xc2][0xdf][0xb8]DI[0xe2][0x88][0x9c][0x4][0xf1][0x88][0xa1][0x11]F[0x6][0x82]/[0x2]F_[0x1]l[0xc]*[0xad][0x89]J[0xb][0xa0][0xa9]&[0xe4][0x98])03[0xc3][0xb0]&9?)1[0x11]D R[0x1b][0x9][0x16] F[0x90][0x9c][0xf3][0x93][0x12][0x15]RJsJ1l[0xc8][0xcc][0xcb]T[0xc8]H[0xcc][0xab]LT(H-[0x2][0xd9][0x94][0x98][0xa7]P[0x90]_[0xc]Z[0x13][0x4][\r]8SKKP[0x85]G[0x9c][0x9f][0x10]5[0x7]-b[0x6]4[0x95][0xb][\r]2[0x9a][0x18][0x8f][0xc8][0x9d]![0x89][0x98]A[0x5][0x8f]s,[0xb][0xbf][\r][\r]0[0x0]Q[0xb][0xa6][0x8c][\r]@[0xf5][0x16][0xd4]O[0x1e][0x5][\n]"
12:44:12.044 [main] DEBUG org.apache.http.wire -  << "a[0x99]e[0xf9][\n]"
12:44:12.044 [main] DEBUG org.apache.http.wire -  << "[0x91]F[0x98][0x9].7573'3;S[0xa1][0xb8] [0xb5]83-3;[0xb1]8S[0xa1]21/]![0xb1] [0x13][0xb4]~[0x11][0x1a][[0xa0][0xe6][0x2][0xb8][0xc5]@\|![0x92]:[0xfd]|[0x8c][0xb4]T[0x81][0xfe]>FZ[0xb6]0[0x0][0x96]#z0%[0xa9][0xc5][0xa0]m[0x18][\n]"
12:44:12.044 [main] DEBUG org.apache.http.wire -  << "[0x5]E[0xf9])[0xa5][0xc9][0xa0][0xec][0x86]:[0x8d][[0x92][0x91]Y[0xac][0x90]Y[0xac]P[0x92][0x91][\n]"
12:44:12.044 [main] DEBUG org.apache.http.wire -  << "S[0xa3][0x90][0x82][0xb4]![0x4][0xbe][0xa5][0x3][0x9c][0xf2][0x88]Lk[0xa0][0xc9]YhZ[0x3][0x97]lf[0x6][0x6][0x6][0x18]%[0x2][0xbe]dnJtI[0x0][0x9a][0xae][0x82]Z50^E4[0xbe][0x6][0xc6]~[0xba][0xd5][0x86][0xa0][0x11]HhH[0x83]#[0x95][0xe4]=+D[0xd7]X[0xa0]&=[0xd4]&[0xfa][0xe7][0x1d][0xa4]u[0x10][0x3][0x12][0xa1]H[0xa3]N[0x3]c?[0xa2]j[0x1d][0x18][0xfb][0x11]e[0x17]dh[\r][0xa3][0xe0]H[0xc3]2[0xea][0x6]/[0xa6][0x88][0x9d][0xf8]26[0x0]M[0xc8]AS[0x19]l[0xe2][0xb][0xdc][0x91][0xc1][0xbe][0x86]-(53935/%[0xb3]X[0xa1]85E!3[0xaf],5[0xaf]$[0xbf](U!3/93[0x5][0xb4][0x11]-[0xb5]D![0xb1][0xb4]$5[0x17]i?[0x18][0xb1]k[0x4][0x8c][\r]@[0xeb][0xe3][0xa1][0x8e][0x19][0x98]PG[0x14]c[0x3][0x90][0xe5][0x10]e[0x18][0xd5]<O[0xdc][0x8a]?c[0x3][0x13]D[0x1b][0x9f][0x90][0xdd][0x88][0xb6]1[0xa8].$[0xb2]*[0x4][0xad][0x9b][0x1b][0xc8][0x88]EZ[0xa5]A[0xc8]4i[\n]"
12:44:12.044 [main] DEBUG org.apache.http.wire -  << " -[0xe0][0xa0][0x9a][0xfd][0xc4][0xc6]-h[0x8b][0x1a][0x91]aOV[0xdc][0x82][0xe6][0xaf][0x88]4[0x9f]6a[0x8b][0xe8]GP-lAI[0x9b][0xe8][0xf0]E[0xc]&S[0xcd]~[0xa2][0xed]F[0x14]X[0x84][0xec]&/niP&[0x91][0x14][0xb6][0x88]r[0x89][0xb6][0xd5] h)[0x16]4[0x11][0xd3][0xd6]"[0xd0][0xbc][0x1][0xd4]"B1F[0x93][0xdc][0x2][0x9a][0xfb][0xa5][0xb6][0xfd][0xc4][0xa6]V[0xd0]<[0x17][0x91]v[0x93][0x95]ZAs[D[0x9a]O[0x9b][0xb0][0xa5]QIDd%[0x8b][0xb4][0xd6][0x87][0xbc][0xae][0x9][0xd1][0xdd]M[0xd0][0xe2];h@[0xd3][0xda]&D[0x1][0x10][0xe1][0x94]_[0xa1]0[0x18]&[0xb4][0x8d][\r][0xcc][0x11]c}[0x3][0x92][0x89][0x91][0xd6]$Q[0xcd]~b3[0xb1]9[0xa2]gB[0xc8]n[0xb2]21[0xd2]"(B[0xe6][0xd3]$[0x13][0x9b][0xd3][0xa0]:[0x7]UyDfb[0xa4][0x85]K[0x3][0xe2]}[0xd0][0xd2][0x7]h[0xd6][0xa6][0x9a][0xfd][0xc4]&-[0xa4][0x5]N[0x84][0xec]&+i[0x81][0xd6][0xfc]Q[0xdb]o[0xa0][0xa8]%[0xda][0x3][? -V![0x14][0xbc][0xb4][0xc8]YF[0xa0][0xad]Z[0xd0][0xe0][0xa7]m[0x1b][0xb]t[0xee][0xe][0xd4]"[0xaa]y[0x94][0xd8]8F:i[0x86][0x90][0xdd]8[0xd3]0[0xbe][0xe5][0x9]H[0xcb]r[0x8][0x99]O[0x8b]H[0x4][0xef][0x97][0xa1]v[0xd8][0x82][0xf2][0x10]q[0xc5][0xa3]!h[0xf4][0x94][0x16][0xd6][0x13][0x19][0xbd][0x86][0xa0][0x8d]d[0x3]j?[\r][0xc6]%[0x89][0xf6];mk~C[0xa4][0xa5])[0x3][0x91][0xb4][\r]A[0xcb][0xc7]h[0x11][0xb7]D&m[0xa4][0x15][0x18][0x3][0xe2]}[0xa4]u[0x19][0xb4]m[0xd4][0x1b][0x82]v/@[0x3][0x9a][0xd6]6!j\Z[0xdb][0x84]h6[0xd2][0xda]&[0xc4][0x98][0xf][0xad]mB[0x8c][0xfe][0xd0][0xda]&D7[0x8f][0xd6]6![0xe6][0xe0]il[0x13][0xfa][0x8a][0x13][0x92]g[\n]"
12:44:12.044 [main] DEBUG org.apache.http.wire -  << "[0x89][0xed][0x8e][0x1b]"5[0xac]h[0xed]'D[0xf5]Ck[0x9b][0x10][0x95][\r][0xad]m[0xa2][~2B[0xe4][0xa7][0x1])[0xe1][0x91][0x16][0xbf]P[0xcd]~b[0x1b][0xf][0xa0][0x1d][0xc][0xd0]2[0x9f][0x90][0xdd]8[0xdb][0xc5]x[0xd6][0xc3][0x19]"[0x9d][0xfd]A[0xe3][0xf4][0x82][0xb4][0xa0][0x86][0x90]Oh[0xd1][0x2]7DZSCU[0xfb][0x89]l[0xa6] -K[0xa0][0xaa][0xf5][0xc4]&$[0xa4][0x95][0x9]4[0x8e]h[0xa4][0xa9]qZ[0xdb][0x84]([0x82]h[0xb0][0xd2][0xce][0x10]i[0xf6][0x13][0xb1][0xaf][0x10][0xba][0xcc][0x15][0xd7][0x9][0x1a][0x81][0xa5][0xa0][0xe5]P[0x88]Sf[0x13][0x8b][0x8b]KsS[0xf3]R[0x12][0x15]Jsr[0x12][0xc9][0x9a][0xde]7D[0x9a][0x5][0xa5]q[0x80]"[0xcd]y[0x6][0x4][0x9b]`[0xac][0x9d]((6QHJ,[0x2]-:DZ[0xc8]Gd[0x6][0x18][0xe0][0xf9]NCSD[0x9b][0x96]j[0x19][0x90][0xd8][0xcc][0x87][0xb4]a[0x9f][0x90][0xdd]d[0x95][0xe2][0xa0]]^D[0xd6][0x12]4)[A{gia?[0x91]Ik[0x80]'[0xb0][0xc][0x91]f[0x90][0x8]E/M[0x82][0x1f][0xb4][0x8f][0x98][0xda][0xc1]Ol[0xd2]F[0x9a][0xd3]"[0xe4]w[0xb2][0x92]6[0xd2][0xfe]xB[0xe6][0xd3]&l[0x11][0x1d][0x1f][0xaa][0xda]Od[0xd2][0xa6][0xd5][0xb4][\n]"
12:44:12.044 [main] DEBUG org.apache.http.wire -  << "[0xb1][0xd1][0xb]:[0xc7][0x0][0x9a][0xb4]hQ[0xc5][0x9a]#u`[0x91]v[0x1f][0x81]w[0xc9][0xe0][0xd8]U[0xe5][0x9f][0x9b][0x7]]FW[0x8][0xaa]k[0x93][0xf3][0xf3][0x8a]S[0xb]K[0x13]KJ[0x8b][0x14][0x92][0xf3][0x8b]@[0xa7][0xbb][0x83][0xe]=O[0xca],V(J[0x4][0x9d]J[0x8f]|[0xb2]<[0xd1]K[0xea][0xc][0xcd][0x11][0xd1]N[0xb]#MWQ[0xa1]J[0xc7][0xb3][0xe3][0xca][0x10]ib[\n]"
12:44:12.044 [main] DEBUG org.apache.http.wire -  << "[0xb2]A[0x9][0xba]i[0x8][0xfb][0xd6].[0xc7][0xd2][0x12][0x85][0xd4][0xe2][0x12][0x85][0x9c][0xc4][0xa4][0xfc][0xa2][0xd2]\[0x85][0xe2][0xc4][0x82][0xcc][0xd4][0xbc][0x92]TD[0xd0][0x82]W)[0x82]V1[0x92][0xb3]R[0xd1][0x10]i[0xaa]*/17[0x11][0xb2]h[0x1c][0xb4]1[0x0]u]y6[0xf4][0xc4][0x84]<[0xb4][0xbd]Al[0xb2]E[0x9a][0xb2][0xa2]I[0xf4]![0xda][0x12][0xd0]}[0xe9][0xd0]=d[0xb8]v[0xc0][0x7][0x83][0xd6]x[0xe6]%[0x82][0xf][0xff]O$/[0xe4][0x10][0x3]e[0xc8][0xfb]|[0xa1][0xbb][0xb2][0xb0]o[\n]"
12:44:12.044 [main] DEBUG org.apache.http.wire -  << "[0xf4]K,)-VH-Q([0xce][0xcc]+![0xcf]VD[0xb][0x9b][0xaa][0xa5][0x1f][0xd1][0xf1]8[0xc0]][0xa4]][0xf1]H[[0xe1]`[0x91][0x8d]m[0xe3]]X~NiAIbIj[0xb1]B[0x9][0xa2][0x1b][0x90]Z[0xa2][0x90]Z[\n]"
12:44:12.044 [main] DEBUG org.apache.http.wire -  << "[0x8e]}[0x85]R[0xf0]J_[0xf2]b[0x3]Q([\r]Hl[0xd0]c&[0x14]_YF[0x8b][0x9]J[0xd0]$[0x1a]rj[0xc4]3[0x89]h[0x88]4I[0x9][0xdb][0x82][0x9][0xda]w[0x8b][0xe3]t[0x4]G[0xd0][0xdd]"y[0xe0][0x8a][0x9][0xbe][0xcc][0xbb][0xb0]4S![0xaf]4[0xb7][0xb0][0x94][0xcc][0xae] =[0xa6]1[0xf1][0x86][0x0]F[0xc1][0x7]=O[0x0][0xc7]a[0x99][0x9e][0xb9][0x5][0xa9])[0x99]%[\n]"
12:44:12.045 [main] DEBUG org.apache.http.wire -  << "E[0xa9][0xa0][0xda][0x4]v[0x1][0xc][0xb8][0xe2][0x6][0xd5][0xda][0x99][0xe0][0xdc][0x0][0xef]"[0x83]k[0x1d][0xf2][0xea]k[0xa4][=[0x6]&k [\n]"
12:44:12.045 [main] DEBUG org.apache.http.wire -  << "J[0xc4][0xc6]~h[0xe1][0x8c][0xfd][0xd4]-[0xa4][0xab]h[0x8a]R[0xb]JS2[0x13][0xf3]R[0x12]S)j[0xb4] [0x9d]d@[0xb3]@[0xc0][0x9b]:[0x10][0xad]9[0x9a][0xd9][0x8f]o0[0x13]4[0xf2][0xf]m[0xac][0xe][0x84][0xfd][0xe0][0xd6][0xe5][0x80][0xda]O[0x83][0xf5]u[0xc8]e#f[0xd8][0x3][0x0][0x0][0x0][0xff][0xff]"
12:44:12.045 [main] DEBUG org.apache.http.wire -  << "[\r][\n]"
12:44:12.045 [main] DEBUG org.apache.http.wire -  << "BE3[\r][\n]"
12:44:12.045 [main] DEBUG org.apache.http.wire -  << "[0x82][0xdd][0xc5]dl[0x84]t[0x1c][0x3][0xa1][0xb0]'[0xa7][0x1f]h[0x4]:cz [0xc3][0x16]t[0xf8]>[0xd4]~[0x9a][0xae][0xc2]1[0xa2][0xd5]t>q[0x1d]N#[0xd0][0xd1][0xda]P[0x12][0x8a]GZ[0xf4][0xb7][0x8d][0x90][0xa6][0xd3]if?[0x9e]2[0xcc][0x8]i[0x92][0x9d]f[0xf6][0xe3][0xcb]G[0xa0]K%[0x6]4[0xfc][0x11][0xfd][0x8c][0x81][0xf1]?[0xa2]"[0xa5]B[0xcf][0x18]oH#j+[0x1a][0xdb]D[0xb7])m#[0xa4][2[0xa8][0xe0]'<mq#[0xa4]S[0xe]h[[0x1e][0x1a]![0x9a][0x9c]T[0xf0][0x12][0xbe][0x4][0x81]tA[0x6][0xad]mB$[0xf2][0xcc][0xbc][0x94][0xfc][0xdc]L[0xcc][0xbb]{[0x12][0xb3]K[0x15][0x8a]K[0xb3][0x13][0x15][0x10][\n]"
12:44:12.045 [main] DEBUG org.apache.http.wire -  << "[0xa0]c FD[0x9f][0x9c]`[0x84]4s[0x8e]0[0x6]u[0xa8][0x85]:[0xf6] e[0xa5][0xc4][0xdc][0xe2][0xd2][0xbc]t[0x85]`#c[0x85][0xd0][0x9c][0x92][0xa2]D[0x8c]Y$[0xa4][0xea][0xdf][0xcc][0x80][0xb8][0xf3][0x95][0x8d][0x8d][0x90][0xe6][0xc1]i[0x1c]7H[0xf3][0xd4][0xc1][0x4][0xfd][0xe2][0x9e][0x98][0x93]XQ[0x89][0xf0][0x11][0xb1][0xad]%[0xa4][0xc9]hZ{[0x87]^[0xb]B[0x8c][0x90][0xcf]m [0x18]p[0x88] 3$>[0x11] [0x1d][0xd7]@[0xeb]PCdPZ[0xdb][0x84][0x18][0xe1][0xa2][0xb5]M[0x88]L[0x1a][0x80][0xe3]<[0xf][0xd0]9;)[0xa9][0xc5][0xd9]E[0x99][0x5][0xc5][0x99][0xe4][0xe][0xbe][0x1a]!-u[0xa0]m[0xd5][0x80][0xb4][0xa6][0x81][0xc6][0x16]!:V4[0xb6][0x8][0xb1]P[0x8c][0xc6][0x16]![0x8a][0x5][0xd4][0x93]\A[0x97][0x8e][0xe1][0x98]y[0x9]K-[0x2]_[0xeb][0xb]9[0xc4][0x0]it[0x13]q[0x8b][0xae]BJfz^fqqfn~19C[0x9c]Ft[<b[0x84]th[0x2][0x8d]3[0x1e][0xd2][0xbd][0x14][0xb4][0xb6][0x89]n[0x85][0x9][0xd2][0xc9][0x7][0xb0]Z[0x12]R[0x17]*8[0x1a][0x93]vZ[0xf][0xd1]gn[0x80]o[0x11][0x82]v[0x8d]h0[0xa9]c[0x84][0xb4][0xdc]g@z>H[0xcb]|[0x6][0xc6]~D[0xd9]30[0xf6]#[0x8a][0xa4][0x81][0xb1][0x1f][0xad][0xa3]A[0xbb]s[0xa7][0x8c][0x90][0xd6][0x3]![0x97][0xbe][0xe0][0x13]d[0xb0][0x1e][0x85][0x9][0x9a]f@4[0x99][0x8c][0xcc]A-!b[0xce]N3BZ[0x19][0x84]|[0x1f][0x4][0xd8]&[0xa2][0xe][0xd1][0x86][0x1c]<I[0x9c]][0x88][0xd2][0x7]v&[0xe]d"[0x1f][0xfb][0xa1]8[0xd0][0x99][0x3][0x84][0xb7]L[\r][0x89]<[0xf2][0xdf][0xd8][0x8]t[0x12]([0xb4]([0x80][0xcd][0xc4][0xc0]N[0xaf][0xc5]q[0xc2]:t[0xce][0xe]a[0x9b][0x85][0x9][0xe8]0^[0xe2]<[0x86][0x98]wC[0xdc]"[0x7]9[0xba][0x16]GU[0x9]]%[0x88][0xb0][0xcd][0xc4][0x14]4[0x80]H[0x94]mHG[0x1d]@f[0xec][0xc1][0x91][0x85]5Y@[0xe6][0xf2][0x11][0xb6][0x18][0x81][0xd7],[0x12]g[0xb][0xa2]I[0x83]|[0xb8]8[0xc4]D\[0xab][0x1b]Q[0x93][0xa1][0xa9]%h:[0x8a]8[0xdb][0x10]e[0xb][0xfc]z[0x1c]h[0x18]a[0xbd][0xb6][0x6][0x12][0xb8][0x8][0x8f][0x19][0x83][0xab]k[0xe2][0xac]B[0x14]#[0xc8]y[0xb][0xea]1[0xec]I[0x11]rj0[0x92]u[0x16][0xa0][0xc2][0x98]8[0xeb][0x10][0xe3]ep[0x9f][0xe1][0xb5][0xb]rd0[0xc2].3[0xa2][0xcf][0xea]5"a[0xad][0x15]M[0xc6]f[0x7]x-[0x96][0x91][0x19]"[0x1f][0x82][0x1b]R4,[0xa1]A%[0x11][0xb4][0x80][0x19][0x90][0xca]h[0x80][0x8f]J0[0xa2][0xc5]Q[0x9][0xe8]S[0xed][0xf8][0xc6][0xe2]H8.[0x81]&I}[0x80][0x8f]S0[0x1a][0xe0]uF[0xe8][0xb][0xd4]h[0x98][0xd5][0x90]W[0xa8][0xd1][0xf4][0xf0]g#[0xa4]Ua[0xb4].?,[0xd0][0x1a][0x93]4[0xdb][0xc5]fdA[0xb7][0xa1]*[0xa4][0xfb]H[0xc0][0xc1]GC?[0xa1][0x15][0xf4][0xb4][0xb3][0x9]iI[0x11]b[0xdd][0x6][0xb4][0xad][0x88][0xab][0x15][0xe4]X[0x94][0x9c][0x91]Y[0x92][0x9a]\[0x92][0xaf][0x0][[0xd1]R[0xc]Z[0xdf][0x97][0xf]^[0x99][0x9a]ZL[0xd6]R;#[0xa4][0xc5]E[0xe0][0xd0][0xa5]a[0x8e][0x3]5[0xdb][0xa0][0x95][0x1b][0xc2][0xd3][0xd0]ke[0xb0][0xaf][0xb][0xf5][0xcb][0xcc][0xc8][0xcc]QHM[0x4]-[0xe]%k\[0xc7][0x92]n[0xf9][0xc1][0x92]n[0xf9][0x1]i[0xb9][0x9]M[0x7][0xeb][0x8c][0x91]NO[0x80][\r][0xb6]8faN[0xac][0xe0];[0x13][0x99][0xe8]Q[0x16]c[0xa4][0x85][0x1c][0xe0]tH[0xb3][0xbc]g[0x8c]|[0xf5][0x4]M[0xb]~c[0xa4]E[\r]4[0xf6][0x13][0xd2][0xf4]=[0xad]mB[0xc][0xe7][0xd3][0xd8]&[0xea]N*[0xe3]i[0xf5][0x19][0x83]n=[0x82][0x16]L[0xc8][0x9d]Rx[0xd7][0x1e][0xdb][0x15]9~[0xa9][0x85][0xa5][0xa9][\n]"
12:44:12.045 [main] DEBUG org.apache.http.wire -  << "e[0x90]e[0xb7][0xc5][0xa0][0x2]J!3[0x5]Z0#[0xef][0xb7][0x3][0x8d][0x84][0x10][0xd3][0xa3]3F[0x9a]4[0xa5]q[0xc0][0xd2]m[0xf3][0xad]1[0xe8][0xd6] h[0xc0][0xd2][0xda]O[0xf4]*[0xe8][0xc1]7[0xa7][0xd0][0xc7]OH[0xf3]L4[0xe]=[0xa4][0xe9][0x8f][0xc1]sn[0x9f]1[0xd2][0x4][0xc6]`r[0x15]b[0xb8]q0[0xb9][\n]"
12:44:12.045 [main] DEBUG org.apache.http.wire -  << "Q,[0xf]&WY[0xea](A[0xf3][0xca]`[0xb9][0xdf][0xd0][0xd8][0x18]4[0xc6]6[0xf8][0x1c][0x85][0x18]>[0x1c]D![0x85][0x18]d[0xa4]q[0x1][0x84]4[0xb0]Nc[0x9b][0x90]N[0xd4][0xa5][0xb5]Mt[0xab][0x92][0x90][0x6]h=[0x2][0x14]r3K[0xf2]1V?[0x81][0x1b][0xe9]%[0xa9]EI[0x89][0xc8][0x17][0xe2][0x98][0x82]t[0x12][0xd5]:[0x19][0xe0]1Xc[0xa4]1X[0xaa][\r][0x8c][0x12][0xb9]j[0xca][0x98][0x84]AY[0xc4][0xf8]:h[0xd4][0x91][0xb8][0xb5][0xcf][0xc6][0x3]<[0xe8]jL[0xab]AWb[0xbd][0x8f][0xc8]'T[0x8b]ZP[0xe8][0x13][0x1d][0xbd][0x88][0x9e];[0xcd][0xec][0xc7][0xb3][0xf4][0x1b]|g;[0xb4]>[0xa2][0x99][0xfd][0xf8]z?H[0x9b][0xa1][0x7][0xc6]~D#a@[0xec]G[0x1a]s[0x1e][0x18][0xfb][0x11]S[0xa2][0x3]c?b[0x92]t`[0xec]G4}[0x6][0xc6]~D[0xf9]C[0xab][0xda][0x13]i[0x8]{[0xf0][0xb4][0xee],[0x10][0xf9][0x8e][\n]"
12:44:12.045 [main] DEBUG org.apache.http.wire -  << "-!c[0x1d]%g[0xe8][0xf6][0xf9][0xd4]b%+[0xe4]MZ[0xc6]H[0x1b]x[0x7][0x8f][0xf7][0x91][0x6][0xbe][0xa1][0xeb]R[0x15]\s[0x12][0xb1]\[0x98][0xe][0xba][0xf8][0x11][0xbc]?[0x12],[0x7]][\r][0xf][0x1a][0x84][0x85]7[0x9c][0xf0][0xfa][0x1d][0x91][0xba]i[0xb0]z[0xcc][0x18]i[0x80][0xdb][0xad][0xb4](/[0xb3][0xa4][0xb4](U!$[0x1f][0xf3]V[[0x84]lJbQ[0xa6][0x82]WjA"x[0x91]<[0xd4]?[0x86][0xa0];[0xe0][0x1e][0xc2]W][0xd0]m[0xa0][0xdb][0x4][0xe9][0xf4]`*$P<~2A[0x1a][0xe9]F[0x84][0x13]-C[0xd1][0x4]i_![0xad][0xfd][0x86]([0xde][0x10][0xab][0x88] +Op[0xac]"r[0xcc][0xc9]L,VH+MOT(E[0x9e]T[0x2][0x1f][0xe7]LL[0x1a]11@[0x8c][0x91]x[0x16]d[0xe4][0xe7][0xa5]*[0x18][0x1a]*[0x98][0x99]([0xa4]'a[0xef][0x98]d$[0x82][0xe]OQ@[0xbf]/[0x96][0xe8][0xd9][0x3][0x13][0xd0][0x86][0xe]h[0x1b][\n]"
12:44:12.045 [main] DEBUG org.apache.http.wire -  << "f[0xa1][0x11]M-D[0x1a][0xda][0x87]YH[[0x1f]"[0x9d]7L'[0xb][0x11][0x5][0x17][0x8d]S[0xa8]![0xc6]0[0x83]9[0x8d][0x92][0x89]!"][0x6]$[0xe6]$[0xfa][0xe4][0xfb][0xe0][0x99][0xce][0xc2][0x92][0x1a]A[0xe3][0xd9][0xf0][0xc][0x80]g[0x9b][0x9a][0x9]moa6[0x1]-[0xea][0x83]&w[0x1a]T*&H[0x1b][0x7][0x9d][0x8a][0x12][0x93]SsR1[0xef]`[0xf5]MLIU[0xc8]OS[0xc8][0xc8]L[0xcf]P(,M[0xcc][0xc9],[0xa9]T(HM,[0xca])Ft[0x82][0x8d]@&[0xc1][0x3][0xc]_[0x9][0x8c]t(.M|[0x84]h[0xe3][0xd2][0xc4]xD^[0xa1][[0x80]![0x8a]u[0xba]Y[0x89][0xc8][0xa7][0xd4][0xb4][0x12]_>B[0x9a][0x99][0xa3][0xa6][0x95]xS"[0xa2][0x8c][0xa0]q[0xb9][0x87][0xb4][0xb9][0x90]F[0x1d][0xf][0x13][0xa4][0xa9]>Z[0x86]_[0xb5][0x92][0xa7][0x8b][0x92][0x95][0xa1][0x91][0x5]RQ[0xee][0x98][0x9c][0x9c]Z\[0x9c]_[0x94][0x99][\n]"
12:44:12.045 [main] DEBUG org.apache.http.wire -  << "*[0x10]Pw[0x96][0xe4]+[0xa4][0xe6]e$[0xe6]%[0xa7]*$[0x16][0x80][\n]"
12:44:12.045 [main] DEBUG org.apache.http.wire -  << "[\r][0x10]S[0xa9][0x16][0xe9]`[0x7][0x13][0xa4][0xfd][0x90][0xc5][0xa9][0x5][0xa9])[0x98][0x5]ubf%H[0x10][0xda][0x80][0x5][0xef][0xa3] [0xaa][0xa8]A[0xda][0x4]I[0xcb]0A[0xf1][0xc][0xa2]|[0xa0][0xb6]g[0xe8]_[0xc][0x80]6[0x1]@+[0x9f]`p[0xcc]([0xf8]d[0x16][0x97][0x14][0x81][0xc7][0x95]Q[0xa3][0x19]*[0x9d][0x3][0x91]V[0xc8]KOM*[0x5][0xd5]$[0xa4]G[0x19]b[0x88][0xe]j&[0xd4]J[0x5][0xa7][0xc4][0x9c]D[0xcc][0xce][0xe]T[0x11][0xaa][0xc5][\n]"
12:44:12.045 [main] DEBUG org.apache.http.wire -  << "I[0x89]y[0xe9][0xe0][0x9a][0xc]j[0xbf])h[0xeb][\r]qI[0x6]Q&[0xd0]-[0xc9] &[0xf4][0xe8]f%b@[0x80]^V"MqCO[0xb4][0x83][0xf6]L[0xb0]-[0xb9][0x8]-QH-*[0xca]/R(JM.-[0x86][0x9c][T[0x90][0xf][0xda][0xf5]WZ[0xac][0x90][0x9b][0x9f][0x3][0xba]5>1[0x15]tH[0xa0]B&[0xe4][0x0]([0xa4]5c[0xc4]w^[0x90].[0xb3]Ft[0x98]|2[0xf3]R[0xf3][0x14][0x9c][0xf2]KJr07[0xcd][0x83][0x8e]/,H-*.[0xc8]L[0xce]L,[0xc9],[0x86].[0x3]QH[0xc9]L.IT([0xc8]/*[0xca]W[0xc8],(.[0xcd]UHE>[0x85][0x8f][0x4]'![0x9a]/t[0x8b][0x19]D[0x91][0x5][0xd9][0xe][0x2][0x9][0x1][0xf7][0x9c][0xfc]2,[0x5][0xba]ZZfrff[0xb1][0x2][0xf2][0xb9][0x98][0x89]y[0x99][0xb9][0x99][0xf0][0x88])[0x86]-[0x96])IUHI[0xcd]I[0xcd][0xcb],[0xc9]$/~[0xe8]_[0xe4]!m[0xda]t[0xcf]/JO[0xcd]/-V[0x80][0xed][0xb6]H,[0xc2][0xe8][0xac][0xf8][0x83][0xce][0x1e][0x3][0xaf][0xd1],[0xcd][0x5][0xdd][0xaf][\r]M[0x2][0xe0]s[0xc6]2[0xf3][0x8b]![0xe7]1*$[0xe6]d[0x16][0x96]f[0xa6]([0x14]g[0x92][0xd7][0xc9]FZ[0x1e][0x81]H[0xa7][0xb0][0xdd]-[0xce][0xf9][0x89][0xa0][0x92][0x16][0xb5]<v-[0x1][0xf5][0xea]3[0x13]K[0x14] kFs3[0xf3]2s[0x13]a'[0xc3])[0x14][0x97][0x16]'g[0x16][0x90][0xeb][0x1a]D[0x11][0x89][0xbc][0xe3]+<??G!8#[0xb3][0x8][0xab]k@g~B[0x97]P[0x95]d&[0x95][0x16]+[0x14][0xe4]$&[0xa7]&[0x96]([0xa4][0x92][0x19]$[0x88]B[0x93][0xc6]m7P[0xd5][0x1][0xad][0x4][0x15]0[0xe2][0x1f]<[0xd9]J[0xf1][0x98][0x6][0xd2][0xa9][0xe8]dy[0x86][0xc8][0xf9]/[0x13][0xa4][0x13][0xd2][0xc9][0xb2][0x87][0xf8]Q[0x1a][0xa4][0xb3][0xd0][0xe9]U[0x8c]!my[0xa4][0x9b][0x95][0x88][0xc6][\n]"
12:44:12.045 [main] DEBUG org.apache.http.wire -  << "[0xdd][0xac]Dd>[0xba]YI[0xbf][0xac][0x86]h[0x96][0xd0]8}"o[0x81][0x84][0xac][0xc][0xc6][0xbc][0xc0][0x16]_[0xde]6A[0x99][0x15]@[0xef]d[0xc2]:I[0xa6]H[\r][0xc][0xf7][0xc4][0xdc]L[0xf0][0xb4][0x2]jA[0xed][0x96]_[0xa4][0x0]Y[0xdb][0xad]PPZT[0x90]_[0x9c]Z[0x8c][0xda];[0xa2][0xdb]*[0x16][0x13][0xa4][[0xa0]i[0x1d][0xfa]H-[0xe]H[0xe8][0x9b][0xd2][0xa8]d5C[0xb4] h[0xed]'[0xc4][0x90][0x9][0xad]mB[0x94]:P[0x9b][0x6]m[0xda]E[0x14]V8][0x8a][0x18]B[0xc4]W[0x8b]Q5Ga[0x94]g[0x83]6[0xfc]0[0xca]CL[0x97][0xd2]?[0xfc][0x90][0x16]IAc[0x95]V[0xb9][0x17]i[0xb9][0x94]_bq[0xa6][0x82]Kbi[0x9e][0x82]WjQ)[0xe6][0x81][0xee]`[0xf9][0xf2][0xd4][0xbc][0xc4][0xec]l[0x85][0x92][0xd4][0xbc][0xc4]<[0x85][0xdc][0xd2][0xa2][0xdc]TP[0x8b][0x1d]:[0x6]`h[0x89][0xff]X3X[0x12][0xb3]@:[0xe4]69?[0xaf]$?C7[0x19]1[0xdd][0xad][0xa3][0x84]V~'[0x16]gd[0xe6][0xe7]%&[0xe5][0xa4][0xa2][0x96][0xdb]HK[0xad][0xc0]nC[0xb8]]![0xb1]21W!=[0xbf]([0x15]K}[0x0]VK% [0xd2]9a`[0xaa]@[0x19][0xa3]C[0xda]-K[0xeb]8[0xa7][9[0x8a]t[0xf3][0x4][0xad][0xfd][0x84][0x91][0x8f]i[0x95]c[0xe8][0xb6][0xd5][0xd5][0x4]i[0xab]+[0xc1]e[0xe8][0xf4]*[0xd9][0x91][0xf6][0xc4][0xe2]p[0x13][0xa2][0xb9][0x85](7[0xe9][0xd7][0x96]C:[0xec]p[0xba][0x8f]n[0xe9][0x14]iW,[0x8e][0x90][0x18][0x88][0xf8]AZ(4[0x98]\E[0xb7][0xd6]2[0xd2][0x12]#[0xec][0xab][0xb7][0x6]6[0xfb] [0xad]G[0xc2][0xee][0xbc][0x1]I3[0x88]Z[0x16][0xbb][0xa3][0x6]4[0xcc]L[0x91]VVaw[0xde][0x0][0x84][0x99])[0xd2]",[0xda][0xd6][0xbc][0xa6]H[0x8b][0xaf][0xb0]{[0x80]c[0x7][0xd1][0xd8][0xc1][0xee][0xbc][0x1][0x89][0x1d][0x8c][0xfe]%[0x8d]Z+[0xe0]s[0x89][0xa0]C[0xab][0xd8][0xbd]?[0xb0][0xb1][0x83][0xb4][0xf2][0xb][0xbb][0xf3][0x6]"v[0x90]V[0x87]aw[0xd4][0x0][0x87][0x19][0xa2][0xb2][0xc2][0xee][0xbc][0x1][0x9]3z[0x8d][0x2][0x99]"[0xad][0x8a][0xa0]q[0xc9]fH[0xb7]\[0x8a][0xb4][0x94][0x8e][0xd6]~B[0xd4][0xa5]4[0xb6][0x9][0xb4]Z[\r]Z[0xf2][0xd0][0xda]&[0xc4][0x84].[0xad]m[0xa2][*[0xa7][0xdb]9[0xf6][0xa6]H[0xab][0xc2]h[0x1d]z[0x18]c[0x95][0xb4][0xaa][0xf5][0x90]n{[0xa7][0xb5][0x9f][0xe8][0xd5][0x9f]3EZ}Fc?![0xad][0x16][0xa3][0xb5]M[0x88][0x9c][0x8b][0xbd]*[0x1b][0xd8][0x9a][0xd6][0x18][0x91][0xdd][0xb1];o jZ[0xe4][0x15]c4[0x9d][0xd9]15[0xa6][[0xfd]g[0x8c]([0x19]<[0x2][0x14][0x9c][0xf3][0x8b]R[0x15]2[0x15]0[0xb][0x87][0x9c][0xd4][0x82][0x92][0xfc][0x2][0x5][0x8c][0x9d][0xd7][0x96] @[0xdc][0x6]YSc[0xba]U[0x80]H[0xcb][0xb1][0xe8][0xb6][0x15][0xf]6[0xc2]n[0x8a]t[0x3][0x15]|[0x13][0xe][0xc6][0x4]`[0x1a][0xb6][0x99]Q[0xd8]u`F[0xa6][0x6][0x88][0xae][0x13][0x89]f -[0xd7]D[0x9e][0xa0][0xa5]Z0[0x10]5[0xda]9[0x88][0x82][0x0]Q[0xcc][0x11][\n]"
12:44:12.046 [main] DEBUG org.apache.http.wire -  << "[0x2]D[0x89][0x2][0xda]u[0x8d]'M[0xf][0xc6][0x98]FtL[0x8]y[0x93][0x16][0xe7]}[0x9a]"[0x1d][0xbc]CU[0xfb]i[0x1b][0xb](y[0x5]Q[0xe2]R[0xd5][0x7]C-[0xbf] [0xca]h[0x9a][0x5][0x3][0xfa]![0x2][0x83]1?![0xda][0x96]4[0xb][0x6][0x9c][0xeb]j[0x6]O[0xe9][0x89][0xb4]:pD[0x7][0xc3][0x0][0x9c]l0[0x8]3[0x5][0xd2]B[0xce][0x11][0x9d][0x1a][0x6][0xa0][0xae][0x1d][0x8c][0xa9][0x1][0xd1]C[0x1b][0xd1][0xa9][0x1][0xd1]R[0x1f][0xd1][0xc1][0x80]h>[0xc1][0x6].LM1[0xbb][0x91][0xf8]V[0x9d][0x12][0xbd][0xfe][0xda][0xd4][0x14][0xd1]g[0xa5][0xee]64S[0xa4][0xf3][0xdb]<[0xf3]JRsr2[0xd3]S[0xf3]J[0x14][0x82]KRSA[0xcb][0xff][0xf3][0xb1]l[0x19][0xf1]L[0x1]m[0x1b].[0xce]T[0x0][0xdd]U_[0xac][0x0][0xbe][0x9c][0xbd][0xb0]4[0xb1][0x98][0xac]M![0xa6][0xa6][0x88][0x86][0x7],[0x1c]1[0xfa][0x8e][0xd4][0x9]D[0xcc]E[0xc2][0xd4][0x8d][0xae][0xd8]Z.[0x0][0x0][0x0][0x0][0xff][0xff]"
12:44:12.046 [main] DEBUG org.apache.http.wire -  << "[\r][\n]"
12:44:12.047 [main] DEBUG org.apache.http.wire -  << "A[\r][\n]"
12:44:12.047 [main] DEBUG org.apache.http.wire -  << "[0x3][0x0][0xf2]B[0xf6][0x1e][0x15][0xe5][0x0][0x0]"
12:44:12.047 [main] DEBUG org.apache.http.wire -  << "[\r][\n]"
12:44:12.047 [main] DEBUG org.apache.http.wire -  << "0[\r][\n]"
12:44:12.047 [main] DEBUG org.apache.http.wire -  << "[\r][\n]"
12:44:12.047 [main] DEBUG io.restassured.internal.RestAssuredHttpBuilder - Parsed data to instance of: class org.apache.http.conn.EofSensorInputStream
12:44:12.049 [main] DEBUG org.apache.http.impl.conn.BasicClientConnectionManager - Releasing connection org.apache.http.impl.conn.ManagedClientConnectionImpl@140449d9
12:44:12.049 [main] DEBUG org.apache.http.impl.conn.BasicClientConnectionManager - Connection can be kept alive indefinitely
12:44:12.082 [main] DEBUG net.thucydides.core.steps.StepInterceptor - STEP DONE: I receive valid login and product HTTP response code 200
  &amp#27;[32mThen &amp#27;[0m&amp#27;[32mI receive valid login and product HTTP response code 200&amp#27;[0m        &amp#27;[90m# starter.stepdefinitions.UserSteps.iReceive1ValidLoginAndProductHTTPResponseCode()&amp#27;[0m
12:44:12.092 [main] DEBUG net.thucydides.core.steps.StepInterceptor - STARTING STEP: UserSteps.iReceiveValidDataForComment - I receive valid data for comment
12:44:12.092 [main] DEBUG net.thucydides.core.steps.StepInterceptor - STEP DONE: I receive valid data for comment
  &amp#27;[32mAnd &amp#27;[0m&amp#27;[32mI receive valid data for comment&amp#27;[0m                                 &amp#27;[90m# starter.stepdefinitions.UserSteps.iReceiveValidDataForComment()&amp#27;[0m
12:44:12.097 [main] INFO  - 
  _____   ___   ___   _____     ___     _     ___   ___   ___   ___  
 |_   _| | __| / __| |_   _|   | _ \   /_\   / __| / __| | __| |   \ 
   | |   | _|  \__ \   | |     |  _/  / _ \  \__ \ \__ \ | _|  | |) |
   |_|   |___| |___/   |_|     |_|   /_/ \_\ |___/ |___/ |___| |___/ 

POST - As admin I have be able to create comment for product
----------------------------------------------------------------------
]]></system-out>
  </testcase>
  <testcase name="POST - As admin I cannot comment for product" classname="User" time="1.996">
    <system-out><![CDATA[
@TC-0014
Scenario: POST - As admin I cannot comment for product          &amp#27;[90m# src/test/resources/api/user.feature:115&amp#27;[0m
12:44:12.123 [main] INFO io.cucumber.core.plugin.SerenityReporter - Running feature from file:///C:/Users/Lenovo/IdeaProjects/MiniProject/MiniprojectApi/src/test/resources/api/user.feature
12:44:12.123 [main] WARN io.cucumber.core.plugin.SerenityReporter - Feature from file:///C:/Users/Lenovo/IdeaProjects/MiniProject/MiniprojectApi/src/test/resources/api/user.feature is not under the 'features' directory. Requirements report will not be correctly generated!
12:44:12.128 [main] INFO  - 
  _____   ___   ___   _____     ___   _____     _     ___   _____   ___   ___  
 |_   _| | __| / __| |_   _|   / __| |_   _|   /_\   | _ \ |_   _| | __| |   \ 
   | |   | _|  \__ \   | |     \__ \   | |    / _ \  |   /   | |   | _|  | |) |
   |_|   |___| |___/   |_|     |___/   |_|   /_/ \_\ |_|_\   |_|   |___| |___/ 

POST - As admin I cannot comment for product(user;post---as-admin-i-cannot-comment-for-product)
--------------------------------------------------------------------------------
12:44:12.208 [Finalizer] DEBUG org.apache.http.impl.conn.DefaultClientConnection - Connection 0.0.0.0:65175<->149.248.193.56:443 closed
12:44:12.212 [Finalizer] DEBUG org.apache.http.impl.conn.DefaultClientConnection - Connection 0.0.0.0:65174<->149.248.193.56:443 closed
12:44:12.213 [Finalizer] DEBUG org.apache.http.impl.conn.DefaultClientConnection - Connection 0.0.0.0:65173<->149.248.193.56:443 closed
12:44:12.215 [Finalizer] DEBUG org.apache.http.impl.conn.DefaultClientConnection - Connection 0.0.0.0:65176<->149.248.193.56:443 closed
12:44:12.216 [Finalizer] DEBUG org.apache.http.impl.conn.DefaultClientConnection - Connection 0.0.0.0:65178<->149.248.193.56:443 closed
12:44:12.218 [Finalizer] DEBUG org.apache.http.impl.conn.DefaultClientConnection - Connection 0.0.0.0:65177<->149.248.193.56:443 closed
12:44:12.357 [main] DEBUG net.thucydides.core.steps.StepInterceptor - STARTING STEP: UserSteps.iSetPOSTApiEndpointsLogin - I set POST api endpoints login
12:44:12.357 [main] DEBUG net.thucydides.core.steps.StepInterceptor - STEP DONE: I set POST api endpoints login
  &amp#27;[32mGiven &amp#27;[0m&amp#27;[32mI set POST api endpoints login&amp#27;[0m                          &amp#27;[90m# starter.stepdefinitions.UserSteps.iSetPOSTApiEndpointsLogin()&amp#27;[0m
12:44:12.364 [main] DEBUG net.thucydides.core.steps.StepInterceptor - STARTING STEP: UserSteps.iSendPOSTHTTPRequestLogin - I send POST HTTP request login
12:44:12.369 [main] DEBUG net.thucydides.core.steps.StepInterceptor - STARTING STEP: PostLogin.iSendPOSTHTTPRequestLogin - I set POST api endpoints login
12:44:12.369 [main] DEBUG net.thucydides.core.steps.StepInterceptor - STEP DONE: I set POST api endpoints login
12:44:12.387 [main] DEBUG org.apache.http.impl.conn.BasicClientConnectionManager - Get connection for route {s}->https://altashop-api.fly.dev:443
12:44:12.388 [main] DEBUG org.apache.http.impl.conn.DefaultClientConnectionOperator - Connecting to altashop-api.fly.dev:443
12:44:12.780 [main] DEBUG org.apache.http.client.protocol.RequestAddCookies - CookieSpec selected: ignoreCookies
12:44:12.780 [main] DEBUG org.apache.http.client.protocol.RequestAuthCache - Auth cache not set in the context
12:44:12.780 [main] DEBUG org.apache.http.client.protocol.RequestTargetAuthentication - Target auth state: UNCHALLENGED
12:44:12.780 [main] DEBUG org.apache.http.client.protocol.RequestProxyAuthentication - Proxy auth state: UNCHALLENGED
12:44:12.780 [main] DEBUG org.apache.http.impl.client.DefaultHttpClient - Attempt 1 to execute request
12:44:12.780 [main] DEBUG org.apache.http.impl.conn.DefaultClientConnection - Sending request: POST /api/auth/login HTTP/1.1
12:44:12.780 [main] DEBUG org.apache.http.wire -  >> "POST /api/auth/login HTTP/1.1[\r][\n]"
12:44:12.780 [main] DEBUG org.apache.http.wire -  >> "Accept: */*[\r][\n]"
12:44:12.780 [main] DEBUG org.apache.http.wire -  >> "Content-Type: application/json[\r][\n]"
12:44:12.780 [main] DEBUG org.apache.http.wire -  >> "Content-Length: 48[\r][\n]"
12:44:12.780 [main] DEBUG org.apache.http.wire -  >> "Host: altashop-api.fly.dev[\r][\n]"
12:44:12.780 [main] DEBUG org.apache.http.wire -  >> "Connection: Keep-Alive[\r][\n]"
12:44:12.780 [main] DEBUG org.apache.http.wire -  >> "User-Agent: Apache-HttpClient/4.5.13 (Java/14.0.2)[\r][\n]"
12:44:12.781 [main] DEBUG org.apache.http.wire -  >> "Accept-Encoding: gzip,deflate[\r][\n]"
12:44:12.781 [main] DEBUG org.apache.http.wire -  >> "[\r][\n]"
12:44:12.781 [main] DEBUG org.apache.http.headers - >> POST /api/auth/login HTTP/1.1
12:44:12.781 [main] DEBUG org.apache.http.headers - >> Accept: */*
12:44:12.781 [main] DEBUG org.apache.http.headers - >> Content-Type: application/json
12:44:12.781 [main] DEBUG org.apache.http.headers - >> Content-Length: 48
12:44:12.781 [main] DEBUG org.apache.http.headers - >> Host: altashop-api.fly.dev
12:44:12.781 [main] DEBUG org.apache.http.headers - >> Connection: Keep-Alive
12:44:12.781 [main] DEBUG org.apache.http.headers - >> User-Agent: Apache-HttpClient/4.5.13 (Java/14.0.2)
12:44:12.781 [main] DEBUG org.apache.http.headers - >> Accept-Encoding: gzip,deflate
12:44:12.781 [main] DEBUG org.apache.http.wire -  >> "{"password":"123123","email":"someone@mail.com"}"
12:44:12.967 [main] DEBUG org.apache.http.wire -  << "HTTP/1.1 200 OK[\r][\n]"
12:44:12.967 [main] DEBUG org.apache.http.wire -  << "content-type: application/json[\r][\n]"
12:44:12.967 [main] DEBUG org.apache.http.wire -  << "date: Sat, 06 May 2023 05:52:59 GMT[\r][\n]"
12:44:12.967 [main] DEBUG org.apache.http.wire -  << "content-encoding: gzip[\r][\n]"
12:44:12.967 [main] DEBUG org.apache.http.wire -  << "transfer-encoding: chunked[\r][\n]"
12:44:12.967 [main] DEBUG org.apache.http.wire -  << "server: Fly/3f2597ca (2023-05-03)[\r][\n]"
12:44:12.967 [main] DEBUG org.apache.http.wire -  << "via: 1.1 fly.io[\r][\n]"
12:44:12.967 [main] DEBUG org.apache.http.wire -  << "fly-request-id: 01GZQSXQMQ1Y9CBBC8CJV9BNXT-sin[\r][\n]"
12:44:12.967 [main] DEBUG org.apache.http.wire -  << "[\r][\n]"
12:44:12.967 [main] DEBUG org.apache.http.impl.conn.DefaultClientConnection - Receiving response: HTTP/1.1 200 OK
12:44:12.967 [main] DEBUG org.apache.http.headers - << HTTP/1.1 200 OK
12:44:12.967 [main] DEBUG org.apache.http.headers - << content-type: application/json
12:44:12.967 [main] DEBUG org.apache.http.headers - << date: Sat, 06 May 2023 05:52:59 GMT
12:44:12.967 [main] DEBUG org.apache.http.headers - << content-encoding: gzip
12:44:12.967 [main] DEBUG org.apache.http.headers - << transfer-encoding: chunked
12:44:12.967 [main] DEBUG org.apache.http.headers - << server: Fly/3f2597ca (2023-05-03)
12:44:12.967 [main] DEBUG org.apache.http.headers - << via: 1.1 fly.io
12:44:12.967 [main] DEBUG org.apache.http.headers - << fly-request-id: 01GZQSXQMQ1Y9CBBC8CJV9BNXT-sin
12:44:12.969 [main] DEBUG org.apache.http.impl.client.DefaultHttpClient - Connection can be kept alive indefinitely
12:44:12.969 [main] DEBUG io.restassured.internal.RestAssuredHttpBuilder - Parsing response as: application/json
12:44:12.969 [main] DEBUG org.apache.http.wire -  << "AC[\r][\n]"
12:44:12.969 [main] DEBUG org.apache.http.wire -  << "[0x1f][0x8b][0x8][0x0][0x0][0x0][0x0][0x0][0x4][0xff][0xab]VJI,IT[0xb2]RJ[0xad][0xf4][0xca]HrO[0xce][0xf4][0xcf][0xf4][0xf2][0xc][0xad][0xf2]4[0xf4][0xcb][0xf4],[0xf6][0xcc][0xb]2Mv[0xf6]4[0xf3][0xcc].[0x88][0x8]s[0xf6][0xb2][0xd4]K[0xad][0xf4]rO[0x9][0xaf](N[0xca]u+[0x89][\n]"
12:44:12.969 [main] DEBUG org.apache.http.wire -  << "[0x6]K[0x94]%[0xba][0x9b][0xa4][0x7][0xb9][[0xe6]xf[0x96]g[0x6][0x85][0x1b]f$[0x86][0x97][0x83][0xc][0xa9]J22[0xcc]I22[0xcd][0x9]t[0x7][0x8b][0x95]F[0x1a]Y[0x96]x[0xe6][0x19][0xe8][0x85][0x97]9[0x5]W$[0x7][0xba][0x16][0x16][0xe6]e:[0x1b][0x96][0x19]X[0xf8]Te[0x17]y$[0xbb][0xfa][0xa4][0xa6][0x17][0x1b]$[0x99][0x97][0x95]d[0xb9][0x7][0x84]g&[0xba][0x86]'{*[0xd5]r[0x1][0x0]?[0x99][0xcf]j[0xa0][0x0][0x0][0x0]"
12:44:12.969 [main] DEBUG org.apache.http.wire -  << "[\r][\n]"
12:44:12.970 [main] DEBUG org.apache.http.wire -  << "0[\r][\n]"
12:44:12.970 [main] DEBUG org.apache.http.wire -  << "[\r][\n]"
12:44:12.970 [main] DEBUG io.restassured.internal.RestAssuredHttpBuilder - Parsed data to instance of: class org.apache.http.conn.EofSensorInputStream
12:44:12.973 [main] DEBUG org.apache.http.impl.conn.BasicClientConnectionManager - Releasing connection org.apache.http.impl.conn.ManagedClientConnectionImpl@2d9cc10
12:44:12.973 [main] DEBUG org.apache.http.impl.conn.BasicClientConnectionManager - Connection can be kept alive indefinitely
12:44:13.005 [main] DEBUG net.thucydides.core.steps.StepInterceptor - STEP DONE: I send POST HTTP request login
  &amp#27;[32mWhen &amp#27;[0m&amp#27;[32mI send POST HTTP request login&amp#27;[0m                           &amp#27;[90m# starter.stepdefinitions.UserSteps.iSendPOSTHTTPRequestLogin()&amp#27;[0m
12:44:13.012 [main] DEBUG net.thucydides.core.steps.StepInterceptor - STARTING STEP: UserSteps.iSetUnmatchedPOSTApiEndpointsComment - I set unmatched POST api endpoints comment
12:44:13.014 [main] DEBUG net.thucydides.core.steps.StepInterceptor - STEP DONE: I set unmatched POST api endpoints comment
  &amp#27;[32mAnd &amp#27;[0m&amp#27;[32mI set unmatched POST api endpoints comment&amp#27;[0m                &amp#27;[90m# starter.stepdefinitions.UserSteps.iSetUnmatchedPOSTApiEndpointsComment()&amp#27;[0m
12:44:13.023 [main] DEBUG net.thucydides.core.steps.StepInterceptor - STARTING STEP: UserSteps.iSendPOSTHTTPRequestPostComment - I send POST HTTP request post comment
12:44:13.026 [main] DEBUG net.thucydides.core.steps.StepInterceptor - STARTING STEP: PostProductComment.iSendPOSTHTTPRequestPostComment - I set POST api endpoints comment
12:44:13.026 [main] DEBUG net.thucydides.core.steps.StepInterceptor - STEP DONE: I set POST api endpoints comment
12:44:13.044 [main] DEBUG org.apache.http.impl.conn.BasicClientConnectionManager - Get connection for route {s}->https://altashop-api.fly.dev:443
12:44:13.045 [main] DEBUG org.apache.http.impl.conn.DefaultClientConnectionOperator - Connecting to altashop-api.fly.dev:443
12:44:13.390 [main] DEBUG org.apache.http.client.protocol.RequestAddCookies - CookieSpec selected: ignoreCookies
12:44:13.390 [main] DEBUG org.apache.http.client.protocol.RequestAuthCache - Auth cache not set in the context
12:44:13.390 [main] DEBUG org.apache.http.client.protocol.RequestTargetAuthentication - Target auth state: UNCHALLENGED
12:44:13.390 [main] DEBUG org.apache.http.client.protocol.RequestProxyAuthentication - Proxy auth state: UNCHALLENGED
12:44:13.391 [main] DEBUG org.apache.http.impl.client.DefaultHttpClient - Attempt 1 to execute request
12:44:13.391 [main] DEBUG org.apache.http.impl.conn.DefaultClientConnection - Sending request: POST /api/products/2/comments HTTP/1.1
12:44:13.391 [main] DEBUG org.apache.http.wire -  >> "POST /api/products/2/comments HTTP/1.1[\r][\n]"
12:44:13.391 [main] DEBUG org.apache.http.wire -  >> "Accept: */*[\r][\n]"
12:44:13.391 [main] DEBUG org.apache.http.wire -  >> "Content-Type: application/json[\r][\n]"
12:44:13.391 [main] DEBUG org.apache.http.wire -  >> "Content-Length: 87[\r][\n]"
12:44:13.391 [main] DEBUG org.apache.http.wire -  >> "Host: altashop-api.fly.dev[\r][\n]"
12:44:13.391 [main] DEBUG org.apache.http.wire -  >> "Connection: Keep-Alive[\r][\n]"
12:44:13.391 [main] DEBUG org.apache.http.wire -  >> "User-Agent: Apache-HttpClient/4.5.13 (Java/14.0.2)[\r][\n]"
12:44:13.391 [main] DEBUG org.apache.http.wire -  >> "Accept-Encoding: gzip,deflate[\r][\n]"
12:44:13.391 [main] DEBUG org.apache.http.wire -  >> "[\r][\n]"
12:44:13.391 [main] DEBUG org.apache.http.headers - >> POST /api/products/2/comments HTTP/1.1
12:44:13.391 [main] DEBUG org.apache.http.headers - >> Accept: */*
12:44:13.391 [main] DEBUG org.apache.http.headers - >> Content-Type: application/json
12:44:13.391 [main] DEBUG org.apache.http.headers - >> Content-Length: 87
12:44:13.391 [main] DEBUG org.apache.http.headers - >> Host: altashop-api.fly.dev
12:44:13.391 [main] DEBUG org.apache.http.headers - >> Connection: Keep-Alive
12:44:13.391 [main] DEBUG org.apache.http.headers - >> User-Agent: Apache-HttpClient/4.5.13 (Java/14.0.2)
12:44:13.391 [main] DEBUG org.apache.http.headers - >> Accept-Encoding: gzip,deflate
12:44:13.391 [main] DEBUG org.apache.http.wire -  >> "{"content":"the games are great including Gran Turismo 7 but sadly GT4 is much better"}"
12:44:13.581 [main] DEBUG org.apache.http.wire -  << "HTTP/1.1 401 Unauthorized[\r][\n]"
12:44:13.581 [main] DEBUG org.apache.http.wire -  << "content-type: application/json[\r][\n]"
12:44:13.581 [main] DEBUG org.apache.http.wire -  << "date: Sat, 06 May 2023 05:52:59 GMT[\r][\n]"
12:44:13.581 [main] DEBUG org.apache.http.wire -  << "content-encoding: gzip[\r][\n]"
12:44:13.581 [main] DEBUG org.apache.http.wire -  << "transfer-encoding: chunked[\r][\n]"
12:44:13.582 [main] DEBUG org.apache.http.wire -  << "server: Fly/3f2597ca (2023-05-03)[\r][\n]"
12:44:13.582 [main] DEBUG org.apache.http.wire -  << "via: 1.1 fly.io[\r][\n]"
12:44:13.582 [main] DEBUG org.apache.http.wire -  << "fly-request-id: 01GZQSXR7TJ6R9ZRS1A9GZR6AW-sin[\r][\n]"
12:44:13.582 [main] DEBUG org.apache.http.wire -  << "[\r][\n]"
12:44:13.582 [main] DEBUG org.apache.http.impl.conn.DefaultClientConnection - Receiving response: HTTP/1.1 401 Unauthorized
12:44:13.582 [main] DEBUG org.apache.http.headers - << HTTP/1.1 401 Unauthorized
12:44:13.582 [main] DEBUG org.apache.http.headers - << content-type: application/json
12:44:13.582 [main] DEBUG org.apache.http.headers - << date: Sat, 06 May 2023 05:52:59 GMT
12:44:13.582 [main] DEBUG org.apache.http.headers - << content-encoding: gzip
12:44:13.582 [main] DEBUG org.apache.http.headers - << transfer-encoding: chunked
12:44:13.582 [main] DEBUG org.apache.http.headers - << server: Fly/3f2597ca (2023-05-03)
12:44:13.582 [main] DEBUG org.apache.http.headers - << via: 1.1 fly.io
12:44:13.582 [main] DEBUG org.apache.http.headers - << fly-request-id: 01GZQSXR7TJ6R9ZRS1A9GZR6AW-sin
12:44:13.582 [main] DEBUG org.apache.http.impl.client.DefaultHttpClient - Connection can be kept alive indefinitely
12:44:13.582 [main] DEBUG org.apache.http.impl.client.DefaultHttpClient - Authentication required
12:44:13.582 [main] DEBUG org.apache.http.impl.client.DefaultHttpClient - altashop-api.fly.dev:443 requested authentication
12:44:13.582 [main] DEBUG org.apache.http.impl.client.DefaultHttpClient - Response contains no authentication challenges
12:44:13.582 [main] DEBUG io.restassured.internal.RestAssuredHttpBuilder - Parsing response as: application/json
12:44:13.582 [main] DEBUG org.apache.http.wire -  << "2D[\r][\n]"
12:44:13.583 [main] DEBUG org.apache.http.wire -  << "[0x1f][0x8b][0x8][0x0][0x0][0x0][0x0][0x0][0x4][0xff][0xab]VJ-*[0xca]/R[0xb2]R*[0xcd]K,-[0xc9][0xc8]/[0xca][0xac]JMQ[0xaa][0xe5][0x2][0x0]@[0x17]da[0x19][0x0][0x0][0x0]"
12:44:13.583 [main] DEBUG org.apache.http.wire -  << "[\r][\n]"
12:44:13.583 [main] DEBUG org.apache.http.wire -  << "0[\r][\n]"
12:44:13.583 [main] DEBUG org.apache.http.wire -  << "[\r][\n]"
12:44:13.583 [main] DEBUG io.restassured.internal.RestAssuredHttpBuilder - Parsed data to instance of: class org.apache.http.conn.EofSensorInputStream
12:44:13.586 [main] DEBUG org.apache.http.impl.conn.BasicClientConnectionManager - Releasing connection org.apache.http.impl.conn.ManagedClientConnectionImpl@69497a36
12:44:13.586 [main] DEBUG org.apache.http.impl.conn.BasicClientConnectionManager - Connection can be kept alive indefinitely
12:44:13.587 [main] DEBUG net.thucydides.core.steps.StepInterceptor - STEP DONE: I send POST HTTP request post comment
  &amp#27;[32mAnd &amp#27;[0m&amp#27;[32mI send POST HTTP request post comment&amp#27;[0m                     &amp#27;[90m# starter.stepdefinitions.UserSteps.iSendPOSTHTTPRequestPostComment()&amp#27;[0m
12:44:13.595 [main] DEBUG net.thucydides.core.steps.StepInterceptor - STARTING STEP: UserSteps.iReceiveValidLoginAndProductHTTPResponseCode404 - I receive valid login and product HTTP response code 404
12:44:13.598 [main] DEBUG net.thucydides.core.steps.StepInterceptor - STARTING STEP: NPostProduct.iReceiveValidLoginAndProductHTTPResponseCode404 - I set POST api endpoints product
12:44:13.598 [main] DEBUG net.thucydides.core.steps.StepInterceptor - STEP DONE: I set POST api endpoints product
12:44:13.616 [main] DEBUG org.apache.http.impl.conn.BasicClientConnectionManager - Get connection for route {s}->https://altashop-api.fly.dev:443
12:44:13.617 [main] DEBUG org.apache.http.impl.conn.DefaultClientConnectionOperator - Connecting to altashop-api.fly.dev:443
12:44:13.994 [main] DEBUG org.apache.http.client.protocol.RequestAddCookies - CookieSpec selected: ignoreCookies
12:44:13.994 [main] DEBUG org.apache.http.client.protocol.RequestAuthCache - Auth cache not set in the context
12:44:13.994 [main] DEBUG org.apache.http.client.protocol.RequestProxyAuthentication - Proxy auth state: UNCHALLENGED
12:44:13.994 [main] DEBUG org.apache.http.impl.client.DefaultHttpClient - Attempt 1 to execute request
12:44:13.994 [main] DEBUG org.apache.http.impl.conn.DefaultClientConnection - Sending request: GET /api/product HTTP/1.1
12:44:13.994 [main] DEBUG org.apache.http.wire -  >> "GET /api/product HTTP/1.1[\r][\n]"
12:44:13.994 [main] DEBUG org.apache.http.wire -  >> "Authorization: Bearer [\r][\n]"
12:44:13.994 [main] DEBUG org.apache.http.wire -  >> "Accept: */*[\r][\n]"
12:44:13.994 [main] DEBUG org.apache.http.wire -  >> "Host: altashop-api.fly.dev[\r][\n]"
12:44:13.994 [main] DEBUG org.apache.http.wire -  >> "Connection: Keep-Alive[\r][\n]"
12:44:13.994 [main] DEBUG org.apache.http.wire -  >> "User-Agent: Apache-HttpClient/4.5.13 (Java/14.0.2)[\r][\n]"
12:44:13.995 [main] DEBUG org.apache.http.wire -  >> "Accept-Encoding: gzip,deflate[\r][\n]"
12:44:13.995 [main] DEBUG org.apache.http.wire -  >> "[\r][\n]"
12:44:13.995 [main] DEBUG org.apache.http.headers - >> GET /api/product HTTP/1.1
12:44:13.995 [main] DEBUG org.apache.http.headers - >> Authorization: Bearer 
12:44:13.995 [main] DEBUG org.apache.http.headers - >> Accept: */*
12:44:13.995 [main] DEBUG org.apache.http.headers - >> Host: altashop-api.fly.dev
12:44:13.995 [main] DEBUG org.apache.http.headers - >> Connection: Keep-Alive
12:44:13.995 [main] DEBUG org.apache.http.headers - >> User-Agent: Apache-HttpClient/4.5.13 (Java/14.0.2)
12:44:13.995 [main] DEBUG org.apache.http.headers - >> Accept-Encoding: gzip,deflate
12:44:14.089 [main] DEBUG org.apache.http.wire -  << "HTTP/1.1 404 Not Found[\r][\n]"
12:44:14.089 [main] DEBUG org.apache.http.wire -  << "date: Sat, 06 May 2023 05:53:00 GMT[\r][\n]"
12:44:14.089 [main] DEBUG org.apache.http.wire -  << "content-encoding: gzip[\r][\n]"
12:44:14.089 [main] DEBUG org.apache.http.wire -  << "content-type: text/plain; charset=utf-8[\r][\n]"
12:44:14.089 [main] DEBUG org.apache.http.wire -  << "transfer-encoding: chunked[\r][\n]"
12:44:14.089 [main] DEBUG org.apache.http.wire -  << "server: Fly/3f2597ca (2023-05-03)[\r][\n]"
12:44:14.089 [main] DEBUG org.apache.http.wire -  << "via: 1.1 fly.io[\r][\n]"
12:44:14.089 [main] DEBUG org.apache.http.wire -  << "fly-request-id: 01GZQSXRTK14GX78FSFHBWV3GT-sin[\r][\n]"
12:44:14.089 [main] DEBUG org.apache.http.wire -  << "[\r][\n]"
12:44:14.089 [main] DEBUG org.apache.http.impl.conn.DefaultClientConnection - Receiving response: HTTP/1.1 404 Not Found
12:44:14.089 [main] DEBUG org.apache.http.headers - << HTTP/1.1 404 Not Found
12:44:14.089 [main] DEBUG org.apache.http.headers - << date: Sat, 06 May 2023 05:53:00 GMT
12:44:14.089 [main] DEBUG org.apache.http.headers - << content-encoding: gzip
12:44:14.089 [main] DEBUG org.apache.http.headers - << content-type: text/plain; charset=utf-8
12:44:14.089 [main] DEBUG org.apache.http.headers - << transfer-encoding: chunked
12:44:14.089 [main] DEBUG org.apache.http.headers - << server: Fly/3f2597ca (2023-05-03)
12:44:14.089 [main] DEBUG org.apache.http.headers - << via: 1.1 fly.io
12:44:14.089 [main] DEBUG org.apache.http.headers - << fly-request-id: 01GZQSXRTK14GX78FSFHBWV3GT-sin
12:44:14.089 [main] DEBUG org.apache.http.impl.client.DefaultHttpClient - Connection can be kept alive indefinitely
12:44:14.090 [main] DEBUG io.restassured.internal.RestAssuredHttpBuilder - Parsing response as: text/plain; charset=utf-8
12:44:14.090 [main] DEBUG org.apache.http.wire -  << "1E[\r][\n]"
12:44:14.090 [main] DEBUG org.apache.http.wire -  << "[0x1f][0x8b][0x8][0x0][0x0][0x0][0x0][0x0][0x4][0xff][0xcb][0xcb]/QH[0xcb]/[0xcd]K[0xe1][0x2][0x0][0xd4]I[0xfa]r[\n]"
12:44:14.090 [main] DEBUG org.apache.http.wire -  << "[0x0][0x0][0x0]"
12:44:14.090 [main] DEBUG org.apache.http.wire -  << "[\r][\n]"
12:44:14.090 [main] DEBUG org.apache.http.wire -  << "0[\r][\n]"
12:44:14.090 [main] DEBUG org.apache.http.wire -  << "[\r][\n]"
12:44:14.090 [main] DEBUG io.restassured.internal.RestAssuredHttpBuilder - Parsed data to instance of: class org.apache.http.conn.EofSensorInputStream
12:44:14.091 [main] DEBUG org.apache.http.impl.conn.BasicClientConnectionManager - Releasing connection org.apache.http.impl.conn.ManagedClientConnectionImpl@2968d3c0
12:44:14.091 [main] DEBUG org.apache.http.impl.conn.BasicClientConnectionManager - Connection can be kept alive indefinitely
12:44:14.092 [main] DEBUG net.thucydides.core.steps.StepInterceptor - STEP DONE: I receive valid login and product HTTP response code 404
  &amp#27;[32mThen &amp#27;[0m&amp#27;[32mI receive valid login and product HTTP response code 404&amp#27;[0m &amp#27;[90m# starter.stepdefinitions.UserSteps.iReceiveValidLoginAndProductHTTPResponseCode404()&amp#27;[0m
12:44:14.095 [main] DEBUG net.thucydides.core.steps.StepInterceptor - STARTING STEP: UserSteps.iReceiveValidDataForComment - I receive valid data for comment
12:44:14.095 [main] DEBUG net.thucydides.core.steps.StepInterceptor - STEP DONE: I receive valid data for comment
  &amp#27;[32mAnd &amp#27;[0m&amp#27;[32mI receive valid data for comment&amp#27;[0m                          &amp#27;[90m# starter.stepdefinitions.UserSteps.iReceiveValidDataForComment()&amp#27;[0m
12:44:14.097 [main] INFO  - 
  _____   ___   ___   _____     ___     _     ___   ___   ___   ___  
 |_   _| | __| / __| |_   _|   | _ \   /_\   / __| / __| | __| |   \ 
   | |   | _|  \__ \   | |     |  _/  / _ \  \__ \ \__ \ | _|  | |) |
   |_|   |___| |___/   |_|     |_|   /_/ \_\ |___/ |___/ |___| |___/ 

POST - As admin I cannot comment for product
----------------------------------------------------------------------
]]></system-out>
  </testcase>
  <testcase name="GET - As admin I can get category by ID" classname="User" time="0.641">
    <system-out><![CDATA[
@TC-0019
Scenario: GET - As admin I can get category by ID &amp#27;[90m# src/test/resources/api/user.feature:125&amp#27;[0m
12:44:14.107 [main] INFO io.cucumber.core.plugin.SerenityReporter - Running feature from file:///C:/Users/Lenovo/IdeaProjects/MiniProject/MiniprojectApi/src/test/resources/api/user.feature
12:44:14.107 [main] WARN io.cucumber.core.plugin.SerenityReporter - Feature from file:///C:/Users/Lenovo/IdeaProjects/MiniProject/MiniprojectApi/src/test/resources/api/user.feature is not under the 'features' directory. Requirements report will not be correctly generated!
12:44:14.109 [main] INFO  - 
  _____   ___   ___   _____     ___   _____     _     ___   _____   ___   ___  
 |_   _| | __| / __| |_   _|   / __| |_   _|   /_\   | _ \ |_   _| | __| |   \ 
   | |   | _|  \__ \   | |     \__ \   | |    / _ \  |   /   | |   | _|  | |) |
   |_|   |___| |___/   |_|     |___/   |_|   /_/ \_\ |_|_\   |_|   |___| |___/ 

GET - As admin I can get category by ID(user;get---as-admin-i-can-get-category-by-id)
--------------------------------------------------------------------------------
12:44:14.178 [main] DEBUG net.thucydides.core.steps.StepInterceptor - STARTING STEP: UserSteps.iSetGETApiEndpointsCategoryId - I set the GET api endpoints category Id
12:44:14.178 [main] DEBUG net.thucydides.core.steps.StepInterceptor - STEP DONE: I set the GET api endpoints category Id
  &amp#27;[32mGiven &amp#27;[0m&amp#27;[32mI set GET api endpoints category Id&amp#27;[0m       &amp#27;[90m# starter.stepdefinitions.UserSteps.iSetGETApiEndpointsCategoryId()&amp#27;[0m
12:44:14.181 [main] DEBUG net.thucydides.core.steps.StepInterceptor - STARTING STEP: UserSteps.iSendGETHTTPRequest - I send HTTP GET request
12:44:14.182 [main] DEBUG net.thucydides.core.steps.StepInterceptor - STARTING STEP: GetAllProduct.iSendGETHTTPRequest - I set the GET api endpoints
12:44:14.182 [main] DEBUG net.thucydides.core.steps.StepInterceptor - STEP DONE: I set the GET api endpoints
12:44:14.188 [main] DEBUG org.apache.http.impl.conn.BasicClientConnectionManager - Get connection for route {s}->https://altashop-api.fly.dev:443
12:44:14.188 [main] DEBUG org.apache.http.impl.conn.DefaultClientConnectionOperator - Connecting to altashop-api.fly.dev:443
12:44:14.487 [main] DEBUG org.apache.http.client.protocol.RequestAddCookies - CookieSpec selected: ignoreCookies
12:44:14.488 [main] DEBUG org.apache.http.client.protocol.RequestAuthCache - Auth cache not set in the context
12:44:14.488 [main] DEBUG org.apache.http.client.protocol.RequestTargetAuthentication - Target auth state: UNCHALLENGED
12:44:14.488 [main] DEBUG org.apache.http.client.protocol.RequestProxyAuthentication - Proxy auth state: UNCHALLENGED
12:44:14.488 [main] DEBUG org.apache.http.impl.client.DefaultHttpClient - Attempt 1 to execute request
12:44:14.488 [main] DEBUG org.apache.http.impl.conn.DefaultClientConnection - Sending request: GET /api/products HTTP/1.1
12:44:14.488 [main] DEBUG org.apache.http.wire -  >> "GET /api/products HTTP/1.1[\r][\n]"
12:44:14.488 [main] DEBUG org.apache.http.wire -  >> "Accept: */*[\r][\n]"
12:44:14.488 [main] DEBUG org.apache.http.wire -  >> "Host: altashop-api.fly.dev[\r][\n]"
12:44:14.488 [main] DEBUG org.apache.http.wire -  >> "Connection: Keep-Alive[\r][\n]"
12:44:14.488 [main] DEBUG org.apache.http.wire -  >> "User-Agent: Apache-HttpClient/4.5.13 (Java/14.0.2)[\r][\n]"
12:44:14.488 [main] DEBUG org.apache.http.wire -  >> "Accept-Encoding: gzip,deflate[\r][\n]"
12:44:14.488 [main] DEBUG org.apache.http.wire -  >> "[\r][\n]"
12:44:14.488 [main] DEBUG org.apache.http.headers - >> GET /api/products HTTP/1.1
12:44:14.488 [main] DEBUG org.apache.http.headers - >> Accept: */*
12:44:14.488 [main] DEBUG org.apache.http.headers - >> Host: altashop-api.fly.dev
12:44:14.488 [main] DEBUG org.apache.http.headers - >> Connection: Keep-Alive
12:44:14.488 [main] DEBUG org.apache.http.headers - >> User-Agent: Apache-HttpClient/4.5.13 (Java/14.0.2)
12:44:14.488 [main] DEBUG org.apache.http.headers - >> Accept-Encoding: gzip,deflate
12:44:14.675 [main] DEBUG org.apache.http.wire -  << "HTTP/1.1 200 OK[\r][\n]"
12:44:14.675 [main] DEBUG org.apache.http.wire -  << "content-type: application/json[\r][\n]"
12:44:14.675 [main] DEBUG org.apache.http.wire -  << "date: Sat, 06 May 2023 05:53:00 GMT[\r][\n]"
12:44:14.675 [main] DEBUG org.apache.http.wire -  << "transfer-encoding: chunked[\r][\n]"
12:44:14.675 [main] DEBUG org.apache.http.wire -  << "content-encoding: gzip[\r][\n]"
12:44:14.675 [main] DEBUG org.apache.http.wire -  << "server: Fly/3f2597ca (2023-05-03)[\r][\n]"
12:44:14.675 [main] DEBUG org.apache.http.wire -  << "via: 1.1 fly.io[\r][\n]"
12:44:14.675 [main] DEBUG org.apache.http.wire -  << "fly-request-id: 01GZQSXSA24RA4QDA27QTFSXPD-sin[\r][\n]"
12:44:14.675 [main] DEBUG org.apache.http.wire -  << "[\r][\n]"
12:44:14.675 [main] DEBUG org.apache.http.impl.conn.DefaultClientConnection - Receiving response: HTTP/1.1 200 OK
12:44:14.675 [main] DEBUG org.apache.http.headers - << HTTP/1.1 200 OK
12:44:14.675 [main] DEBUG org.apache.http.headers - << content-type: application/json
12:44:14.675 [main] DEBUG org.apache.http.headers - << date: Sat, 06 May 2023 05:53:00 GMT
12:44:14.675 [main] DEBUG org.apache.http.headers - << transfer-encoding: chunked
12:44:14.675 [main] DEBUG org.apache.http.headers - << content-encoding: gzip
12:44:14.675 [main] DEBUG org.apache.http.headers - << server: Fly/3f2597ca (2023-05-03)
12:44:14.675 [main] DEBUG org.apache.http.headers - << via: 1.1 fly.io
12:44:14.675 [main] DEBUG org.apache.http.headers - << fly-request-id: 01GZQSXSA24RA4QDA27QTFSXPD-sin
12:44:14.675 [main] DEBUG org.apache.http.impl.client.DefaultHttpClient - Connection can be kept alive indefinitely
12:44:14.675 [main] DEBUG io.restassured.internal.RestAssuredHttpBuilder - Parsing response as: application/json
12:44:14.676 [main] DEBUG org.apache.http.wire -  << "331[\r][\n]"
12:44:14.676 [main] DEBUG org.apache.http.wire -  << "[0x1f][0x8b][0x8][0x0][0x0][0x0][0x0][0x0][0x4][0xff][0xaa]VJI,IT[0xb2][0x8a][0xae]V[0xf2]tQ[0xb2]24[0xb2][0xb0]0[0xd7]Q[0xf2]K[0xcc]MU[0xb2]Rr[0xcd][0xcb]/[0xca][0xcd]/-Vp[0xce]/)[0xc9][0xcf]Sp[0xce][0xcf]-(-I-R[0xd2]QrI-N.[0xca],([0xc9][0xcc][0xcf]S[0xb2]R[\n]"
12:44:14.676 [main] DEBUG org.apache.http.wire -  << "-Q[0xc8]KMN-.[0xce],I,[0xc9]L*-V([0xcb],ILU[0xc8],-JUH[0xc9][0xcf][0xc9]/J-V(J-H[0xcd][0xc9]I[0xcd]K)-V([0xce][0xcc][0xcd][0xcc][0xc9],,M[0xd5]S[0xd2]Q[\n]"
12:44:14.676 [main] DEBUG org.apache.http.wire -  << "([0xca]LNU[0xb2][0xb2]4[0xd4]Q[\n]"
12:44:14.676 [main] DEBUG org.apache.http.wire -  << "J,[0xc9][0xcc]K/V[0xb2]2[0xd1]QrN,IM[0xcf]/[0xca]L-V[0xb2][0x8a][0x8e][0xad][0xd5]A[0xb8][0xd0][0x2][0xee][0xc2][0x80][0xa2][0xc4][0xe4][0x92][0xcc][0xe4][0xc4][0x1c][0x5][0xdf][0xc4][0xa2][0xa4][0x9c]T[0x85][0x90][0xc4][0xa4][0x9c]T[0xc][0xf7][0x85][0xa4][0xe6][0x16][0xe4][0x17][0x81][0x1d]V\[0x9a]W[0xa2][0x90]X\[0x90]Z[0x94][0x9]r[0x15][0x92][0xfd][0x16]FH[0xf6][0x1b][0xe3][0xb3][0xdf][0x12]nPiqIf[0xb2][0x82]{Qb^fI[0xaa]BpF~j1[0xa6][0xed][0xf9]%[0x89][0xb9][\n]"
12:44:14.676 [main] DEBUG org.apache.http.wire -  << "[0x85][0xa5] [0xfb]S[0x12]s[0x15][0xca]Rs[0x90][0xac]51#[0xd2]ZK[0x3][0xb8][0xb5][0xc1][0xf9]y[0x95][\n]"
12:44:14.676 [main] DEBUG org.apache.http.wire -  << "[0x1][0xc1][0xa6][0x18]V[0x15][0xe4]$V*d$[0x16]+[0xe4][0xe5]+[0xe4]d[0xe6]f[0x96][0x80]\[0x3][\r]_#KK$[0x9b][0xf0][0x5][0xb0][0xa5][0x11][0xdd]l2[0xa6][0xa6]M[0x86]x"[0xcd][0xd2][0x94]n6[0x99][0xc1]mr-J[0xcf][0xcf][0xcb][0xcf][0xcd]LV[0x8][0xcf][0xcf]OI[0xcd]Sp[0xcf][0xc9]/[0xc3][0x92]B[0x82]3s[0xb2][0x11][0x19][0xc1][0xd8][0xd2][0x18]9M[0x98][0xe2][0xf3][0x15]"[0xb3][0xba][0xe7][0x17][0xa5][0xa7][0x82]2+[0xc8]0\[0x16]A22[0xc2]*3[0xb]Cc[0xa4]Da[0x80][0xcf]*D[0xae]sL-[0xca]O[0xa9][0xcc]K[0x4]y[0xc][0x9a][0xef][0x82]32[0x8b]J0[0x92][0xa3]gQ~[0x1e][0xc2]2[0xb][0x13]S[0xe4],[0x86][0xd7]_[0x88],[0xe6]RZ[0x4][0xca][0xd3][0xf0]<[0xe6][0x94][0x98][0x8e]a[0x8f]s~^rQj[0x9]([0xe3]C[0x13][0xbb][0xb1][0x85][0xa1][0x1][0x92][0xc7][0xf0][0xa4]vK[0x3]D[0xbe][0x82][0x87]a@bAj[0x11][0xee][0xf2][0xe][0x12][0x9b][0x8][0x9f][0x99][Z[0x98][0x10]k[0x1b]U[0xf3][0x16][0x9e][0x8][0xb3]40[0x81][0xa7]C*[0x94][0x17]xb[0xcb][0xd2][0x80][0xaa]y[0xb][0xaf][0x9f][0x10][0x89][0xd0]#5[0xb1][0xac]R[0xc1][0xa5][0xb4][0xa4]R![0xb8]$55G[0xc1]#[0x11]3[0x1][0xa2]G[0x94][0x99][0x81][0xa9]9RD[0xe1][0xb5][\n]"
12:44:14.676 [main] DEBUG org.apache.http.wire -  << "3[0x9]BSEFb&f[0x15][0x8]v[0x3]"E[0x98][0x99][0x1a]"Wg[0xf8],[0x2]%Th[0x85][0xeb]X[0x9e]Z[0x9c][0x9f][0x9b][0xaa][0xe0][0x93][0x9a]X[0x92][0x1]J[0x80]9[0xf9][0xc9][0xa0][0x82][0x1][0xb5][0xb6]E[0xcd]U[0xe6][0x86][0x16]DfaK[0x90][0x93][0xa0]6[0xc1][0xab]v[0xa7][0xa2][0xfc][0xbc][0xaa]T[0xdc]I=[0xa8]4)[0x9]\[0xe3]C3[0x96][0x5][0xd1]%[0x86][0xa5]!"[0xa9]C[0xeb]I[0x9f][0xcc][0xbc][0xd4]<[0x85][0x80][0x9c]DpVE[0xf5][0x15][0xba]E[0xc6][0x86]&[0xa6]DF[0x15][0xa8][0xc][0x83][0xfa][0xcb]75%3?[0xb9][0x8][0xe4]!H[0x91][0xa0][0xe0][0x8c]5[0xc][0xc1].AD[0x97][0x89][0x99]!r[0x91][0x8b]7[0xba][0x90][0xb2]Ue^jQz&[0xb8][0x9][0x0][0x8a][0x14][0x5][0xec][0xa5]`@N"H[0x9][0xc2]6Sc[0xb][0xe4][0xc2][0x9][0xaf]m[0x88][0xac][0x85]\[0xea]B[0xca]q[0x5][0xef][0xbc][0xcc]4P[0xa1][0x87][0x1a][0x92]X[0xec]3%:[0x89] */d[0xfb][0x1c]sJs3[0xf3]Js[0x15] [0xa5]/[0x0][0x0][0x0][0xff][0xff]"
12:44:14.676 [main] DEBUG org.apache.http.wire -  << "[\r][\n]"
12:44:14.676 [main] DEBUG org.apache.http.wire -  << "6C8[\r][\n]"
12:44:14.676 [main] DEBUG org.apache.http.wire -  << "B[0xb5][0xf][0x9a]Z[0x91][0xfc]giL[0xb4][0xff][0x10][0x15][0x18]r[0x86][0xce][0xcc][0xc9]V[0x8]O[0xcc][0xc9]I[0xc5][0xcc][0xd2][0x90][0x4][0x8b][0xb0][0xcc][0xd2][0xcc][0xc0][0x82][0xd8]t[0x82](=0[0x1a][0x8e]8l[0xc3][0xf0][0x9b][0x85][0x99]!rQ[0x8f]7[0xee][0x10]%[0x8]rXBkL[0x1c][0x16]:[0xe7][0x17][0x14] [0xe7]7K3C[0xe4]f[0x1b]>[0xfb][0x8c][0x10][0x15][0x19][0xac] [0x81]&[0x5][0x5][0xe7]D[0xcc][0x12][0xb]= [0x8d][0x8d][\r][0x88]-[0xb2][0x8c][0xc][0xe1]U[0xb][0xcc]&HI[0x8b][0xab][0xdd][0x1]j[0x93] [0xa2][0xcc][0x94][0xf8]R[0xd8][0x8]Q[0x86][0xc0][0x8b],[0xa8]U[0xd8]3[0x1b]D[0x12]a[0x97][0x99][0xb9][0x19]r[0xa3][0x3]o[0xf8]![0x1a][0xa3][0xf0]b$<??[0x7]G[0x11][0x82][0x1e]~[0xa6][0x16]&D[0x87][0x1f][0xa2][0xc][0x81][0xdb][0x4]1[0xe]G[0x17][0x2][0xdd]W[0xc6][0x6][0xa6][0xc4]&z#D[0x9][0x2]-[0x85]!I[0xc][0x87]M[0xd0][0x14][0x83][0x8]@c#[0xa2][0xab]L#D[0xe1]A[0x85][0x16][0x7][0xde][0xa8]B[0x14][0x1b][0x88][0x9c][0xc][0xa9][0x9e]q4[0x3]r[0x10]>[0xb2][0xb4][0x4]U[0xb9][0xf0][0xae]&^{[0x10]%[0x6][0xbc]m[0x8][0xeb][0xec]a[0xaf][0xc6][0xa0][0xb2][0x8][0xdb][0xcc][\r]-[0x89]mr[0x18]![\n]"
12:44:14.676 [main] DEBUG org.apache.http.wire -  << "[0xc][0xcf][0xbc][0x92][0xd4][0x9c][0x9c][0xcc][0xf4][0xd4][0xbc][0x12][0x5]h[0xca][0xc0][0x96][0x87]1l351%[0xb6]"[0x3][0x95][0xd1][0xd0]Z[0x13][0x9e][0xb5][0xc0][0xad][0x18][0x5][0xa7][0xfc][0x92][0x12],[0xbd]hP[0x15][0x87][0xf0][0x97][0xb1][0x85][0x1][0xb1][0x95][0x8a]1[0xa2][0xb8][0xf0][0x4][0xd5][0xca])[0x99][0xa0][0xae]:4[0xa5])8cmO[0xc1]j[0x1c][0x84][0x85]F[0x6]DG[0x9b]1[0xa2][0xd4]@$[0xf]h[0xb2]w[0xce][0xc7][0xd2]N[0x84][0xba][0x5]a[0x99][0xa5][0x99][0x9][0xb1]U[0x98]1[0xa2][0xd8][0x8][0xce]IM[0xcd]V[0x0][0xb7]-[0x14][0xb0][0xda][0x83]Z[0xe][0x1a][0x9b][0x1a][0x11][0x1d][0x84][0x88][0x12][0xc3]'3=[0xa3][0xa4]<[0x15]D[0xc2]F=[0x9c]R[0xf3][0x92]3[0x88][0xa8][0x97][0xcd]A[0x5]7Q[0x9][0xdf][0x18]Qj[0xc0]K(hbS[0xf0]N[0xad]L[0xca]O,J[0xc1][0xb0][0x10]TX"[0x82][0xd0][0xc8][0xc8][0x84][0xd8][0x9a][0xb][0xd4][0xdf][0x85]&E[0xe4][0x9a][0x12][0x14]Z[0xb8]m[0x3]gw[0x84]u[0xe6][0x16][0xc4][0xc7][0x18][0xa2][0xf4]@jt@[0xab]z[0x1c][0xe5]"z[0xf3][0xd4][0xd2][0x8]4PF\X"[\n]"
12:44:14.676 [main] DEBUG org.apache.http.wire -  << "[0x11]$[0xeb]`}V\[0xb9][\r][0xdd]B33P[0xfd]N[0x9c][0x85][0x88]r[0x4]^j[0x81]2/q[0xb5][0xb3][0x85][0x5][0xd1][0xed][0x0]P[0x88]C[0xe3][\r][0xd6]M[0x87][0xe6][0xb2][0x80][0xc4]<[0xf0][0xd8][0x13]jK[0x11][0xbd][0x1a]325#[0xb6][0xb4][0x2][0xd5][0xad]P[0xab][0xe0][0xa5][0x15]$[0x88]p[0xb4][0xba][0xa1][0xd1][0x89]H [0xa6][0x86][0xc6][0xc4][0xb6][0xdc]L[0x10][0xe5][0x87][b^[0x9][0xb8][0xf9][0xe][0x1b][0xc2][0xc1][0xd6][0x2][0xc6](>,,[0x88]nq[0x9b] [0x8a][0xf]h[0xfd][0xc][0xca]F8[0xda][0x1c][0x10][0x1f]#[0xfc]db[0x8][0x1a][0x15]$*Q[0x98] J[0x90]`[0xa4]~[0xb][0xac][0x9c][0xc5][0xda]}F[0xcb]bf[0x6][0x96]D[0x87] [0xa2][0xfc]@[0xae][0xca][0xc0]9[0x1a][0xfb]()([0x81]"<fd@t=[0x6][0x1a]@[0x85][0xa6][0xc]Dd[0x81]LS[0xc0][0x9e][0x8][0xd1]<eabAl[0xb3][0xcd][0x4]Qn [0xd7]c[0x90][0xb1]""Z[0xd8][0x16]F[0xa0][0xb1]&[0xe2]b[0xb]Qf Y[0x5][0xe]>[0xec][0xed][0xe][0x90][0x14]"[0xf8][0xcc]L@[0xd1]M[0x9c]M[0x88][0xc2][0x2][0x9e][0xb1]`%=[0xf6]z[0x5]#[0x17][[0x80]j[0xb][0xa2],3[0xc5][0xec][0xa2][0x80]c[0x8a]p[0xa3][0xcd][0xd8][0xdc][0x94][0xd8][0xda][0xc4][0x14][0xd1][0xdc]@[0xc][0xc0][0xc2][0x8b][lV[0x81][0xdc][0x80][0x8]<K[0x13]c[0xa2][0xad]Bd*x5[0x9]N_8[\n]"
12:44:14.677 [main] DEBUG org.apache.http.wire -  << "%XnCXfjFtB7E[0xe4])hI[0x1][0x8a]t[0xac][0x19][0x17][0xd5]CF[0x96]f[0xc4]6AA[0x8e][0x81]f&[0xa4]t[0x7]K[0xf][0xe1][0x89]%X[0xda][0x19][0x18][0xa5][0x9f][0x99][0x1][0xca]p([0xbe][0x6]6[0xa8]o[0x1][0xb5][0xf]^U[0xc1][0x6]7p53[0xc0][0x8d]TD[0x8][0x9a][0x19][0x99][0x11][0xdb][0x17][0x2]u[0x9a][0xa0][0xb6]![0xf9][0xe][0x12]a[0xd8][0xca]uHe[0x86]d[0x95][0xb1]1[0xd1][0x1][0x89][0xc8]V[0x88]R[0x9][0x16][0xfd][\n]"
12:44:14.677 [main] DEBUG org.apache.http.wire -  << "[0xd8]3[0x16][0x9a][0xc7]LM[0x89][0xce][0xc4]f[0x88]|[0x85]\[0xb8]CC[0x12][0xfb][0x10][0x18][0xa4][[0x81][0xf0][0x9c])[0xea][0x4][0x11][0xbe]X3C[0xe4]0X[0xbd][0xf]K"8J'[0xd0][0x8]-[0xc2]*cC[0xa2][0x7][0xc0]@[0xbd]wh[0x94]A[0x13]="[0x10][0xb1]wS [0x9e]FXfb[0x2][0x1a][0x1f]$[0xaa]x2C[0xe4]0xY[0x8][0xca]J8[0x6][0xda][0xd0]C[0xd0][0xc4][0xd8][0x9c][0xd8][0xe4][0x1]J[0xb2]Po[0xc1]m[0x82][0xa4]6[0x1c][0xc3][0xa3][0xa0][0xac][0x8e][0xf0][0x93][0x85][0x19][0xd1][\r]'sD[0xd2][0x80][0xdb][0x4])[0xc1][0x15][0xb0]ggXI[0x89][0xb0][0xcd][0xd8][0x98][0xe8]!fsD[0xcb][0x9][0xd2][0x19][0x82][0x8e]va[0x1f][0xa9][0xc4][0xb4][0xca][0xd2][0x1c][0xe4]^[0xa2]"[0xcb][0x1c]Q[0xf6]"[0x17][0xf3][0xe0][0x99]j[0xec]cC[0x98][0xd6][0x19][[0x80][\n]"
12:44:14.677 [main] DEBUG org.apache.http.wire -  << " [0xe2][0xac]C[0x1a][0xdc]@j?A[0xb]?\[0xad]xXbE[0x4][0xa6][0x85][0x1][0xf1]Q[0x87]h[0x4]@[0xd3]>81bo?A3 [0xc2]"c[0x13]cb[0xcb]EPn[0x84][0xa6][0xc6][0xe0][0xdc][0xc4][0x9c][0x1c][0xf8]d[0x1b][0xf6]pDO[0xf7][0x96]&[0xa0][0xb9]&[0xa2]B[0x11][0xd4][0xd6][0x82][0xda][0x4][0xf5][0x12]4[0xd5]c[0xb7][0x9][0x92]P[0x91][0xfc]dJt[0xbb][0x1a]4[0x9d][0xf][0xb5][0x9][0xb9][0x5][\n]"
12:44:14.677 [main] DEBUG org.apache.http.wire -  << "[0x8b][0x10][0xec][0xfd]s[0x98],[0xc2]F[0xb]SPaG[0x9c][0xdf][0x10]-y[0xa4]~[0x1e][0xb8]P[0xc7][0xd1][0x14][0xc5][0xf0][0x1e][0xf1][0xa9][0x1f]T[0xc3][0xc2][0xbd][0x97]\[0x94][\n]"
12:44:14.677 [main] DEBUG org.apache.http.wire -  << "[0x1d]S[0x1][0xb7]Eq[0x8c][0xdf][0xa0][0x16]!F[0xe6]f[0xc4][0xe]>X [0x8a]E[0xe4][0xee]9,;[0xe1][0x1a][0xa9][0x7]%VD@[0x1a][0x93][0x90]H[0x10]Y[\r]5[0x91]`o[0xd0][0x83][0xc7][[0x10][0x16][0x99][[0x80][0xc6][0xd1][0x88][0x88]1cc$[0x8f]E8[0xf9]G[0x18]b[0x8c]h L5AY=[0x81]^9[0xc2][0xd6][0xa6][0x98]"uS[0xdd][0x13]s3[0xf3]0[0xe7][0xaa][0xdd][0xf2][0x8b][0x14][0xd2][0xc1]R[\n]"
12:44:14.677 [main] DEBUG org.apache.http.wire -  << "[0x5][0xa5]E[0x5][0xf9][0xc5][0xa9][0xc5]J[0xb5]H[0xcb][,A[0xe3][\n]"
12:44:14.677 [main] DEBUG org.apache.http.wire -  << "[0xd0][0x98]E[0x1e][0xea][0x81][0xe6][0x13][0x1c][0xf5]+[0xca][0x2][0x2][0x13]KP3[0x8e][0x88][0x10]0[0xb2][0xb4]@[0x14]1H-"h[0xdf][0x19]GU[0x4][0xea][0x9f]"[0x2][0xc6][0xc8][0x8][0x94][0xa7][0x89][0xb2][0xc][0xd4]W[0xc5][0xe2]3H.[0xc0]Y[0x1b][0x81][\n]"
12:44:14.677 [main] DEBUG org.apache.http.wire -  << "t[0x84]u[0xe6][0xa6][0xa0][0x16][0x1]q[0xd6]![0xea]"D[0x13][0xc]Z[0x1f]ao[0x80][0xa1][0xa5]$K[0xb][0xa2][0xb3][0x88]%"[0xef][0xc3][0xdb][0xb1]A[0xe0][0xa9]S<[0x3]X[0xe8][0xf3][0x82][0xc6]fF[0xc4][0xe][0x87][0x80]:[0xe2][0xd0][0xa0]D.[0xdd]@Y[0xe][0xeb]d[0xf]4F[0x11][0xe1]hj[0x0][0x9a][0xb5]'.[0x1c][0x11][0xd9][0x1f])[0x8d]@[0xeb][0x1b][0xec][0xb6][0x81][0xe6]y[0x11]v[0x19]Y[0x80][0xda][0xa7][0xc4][0xd9][0x85][0xc8][0xfa][0x90][0x9a][0x8][0x1c]%8[0xda][0xcb][0x98][0xa5][0xb5]1[0xf1][0xc3][0xb6][0xa0]Qyh[0x8]"[0x95][0xd6][0xd0][0xb4][0x88]=[0x97][0xa1]&|[0xb]K[0xa2]'[0x1e]-[0x11][0xb9][0xc][0x91][0x12][0xa1][0xc9][0x3][[0xbf][0x3][0x92]H[0x11][0x1]hl[0x1][0x1a]d[0x86][0x7] [0xbe][0xd5],[0xa0]b[\n]"
12:44:14.677 [main] DEBUG org.apache.http.wire -  << "[0xea]-[0xa4][0xc8][0x82]TB[0xd8][0x13]=[0xac][0x18]GXgn[\n]"
12:44:14.677 [main] DEBUG org.apache.http.wire -  << "[0x1a][0x0][0x83][[0x87]{[0xe9][0x87][0xb1][0x1]h@[0x3]n[0x1d]b[0xca][0x2][0x16]38[0xba][0xc1][0xe8][\r][0x8]3[0xd4][0x19][0x19][0xdc][0xfe]360@dj$[0xff]A[0xa3][\r]{[0x83][0x16]=4M[0xcc][0x88][0xec][0xdf][0x1b][0x1b][0x80][0xda]5X[0xbc][0x7]1[0x11]G[0xaf][0x0][0xda]"D[0x4][0xa7][0x91][0x99][0x11]q[\r]1cp[0x9e][0x84][0xda][0x7]i>[0xc3][0x3][0x12][0xfb][0xc2]F[0xb4]*[0xdd][0x94][0xc8][0x14]il`[0x80][0x94][0xcf][0x90]Z[0xb3][0x90][0xdc][0x86][0xbd][0x81][0x89][0xd4][0xaf][0x2][0x0][0x0][0x0][0xff][0xff]"
12:44:14.677 [main] DEBUG org.apache.http.wire -  << "[\r][\n]"
12:44:14.677 [main] DEBUG org.apache.http.wire -  << "6E7[\r][\n]"
12:44:14.677 [main] DEBUG org.apache.http.wire -  << "[0x2][0xaf][0xd7]42[0x0][\r][0xdb][0xc3]S[0x9][0xde]HCt[0x86]a[0xf3][0xc5][0xe0][0x92][0xca]'1[0xb7][0x0][0xa3][0xce][0x5]w[0xc7][0x11][0xa1]ga[\n]"
12:44:14.677 [main] DEBUG org.apache.http.wire -  << "[0xea][0xb5][0xc3][0xad]A[0xaf]y[0x11]5[0xa7]1x~[0x8][0x16]z[0xe0]f,[0xc4];8[0x16][0xdd]a[0xc4][0x93])[0xb1][0xd5][0xa6][0xb1][0x1][0xd2]J[0x1a][0xb4]x[0xc2][0xde][0x8e]E[0xf7][0x13][0xb1][0xe3][0x8][0xc6][0x6]H[0x8b]h`A[0x7]-8[0xb0][\r]dA[0xb]eD[0xe8][0x19][0x81]W[0xe1][0x10][0x17]z[0x88][0xfe][0x14]R[0x81][0x8][0x89]u[0xdc][0xeb][0x83]0l$[0xba]kjl[0x0]Zs[0x3][0x8b]/[0xca]W[0xb4][0xe2]M[0x19][0x88][0x91][[0x9a][0xce]L[0x1b][0x1b][0x18]"[0x8a][0xfa][0x80]`[0x5][0xcc][0x15][0xba][0xe9][0x89][0xb9][0xa9][\n]"
12:44:14.677 [main] DEBUG org.apache.http.wire -  << "[0xa6][\n]"
12:44:14.677 [main] DEBUG org.apache.http.wire -  << "[0xc5]%[0xe0][0xf1]bhV[0xc2][0xdf][0xb8]DI[0xe2][0x88][0x9c][0x4][0xf1][0x88][0xa1][0x11]F[0x6][0x82]/[0x2]F_[0x1]l[0xc]*[0xad][0x89]J[0xb][0xa0][0xa9]&[0xe4][0x98])03[0xc3][0xb0]&9?)1[0x11]D R[0x1b][0x9][0x16] F[0x90][0x9c][0xf3][0x93][0x12][0x15]RJsJ1l[0xc8][0xcc][0xcb]T[0xc8]H[0xcc][0xab]LT(H-[0x2][0xd9][0x94][0x98][0xa7]P[0x90]_[0xc]Z[0x13][0x4][\r]8SKKP[0x85]G[0x9c][0x9f][0x10]5[0x7]-b[0x6]4[0x95][0xb][\r]2[0x9a][0x18][0x8f][0xc8][0x9d]![0x89][0x98]A[0x5][0x8f]s,[0xb][0xbf][\r][\r]0[0x0]Q[0xb][0xa6][0x8c][\r]@[0xf5][0x16][0xd4]O[0x1e][0x5][\n]"
12:44:14.677 [main] DEBUG org.apache.http.wire -  << "a[0x99]e[0xf9][\n]"
12:44:14.677 [main] DEBUG org.apache.http.wire -  << "[0x91]F[0x98][0x9].7573'3;S[0xa1][0xb8] [0xb5]83-3;[0xb1]8S[0xa1]21/]![0xb1] [0x13][0xb4]~[0x11][0x1a][[0xa0][0xe6][0x2][0xb8][0xc5]@\|![0x92]:[0xfd]|[0x8c][0xb4]T[0x81][0xfe]>FZ[0xb6]0[0x0][0x96]#z0%[0xa9][0xc5][0xa0]m[0x18][\n]"
12:44:14.677 [main] DEBUG org.apache.http.wire -  << "[0x5]E[0xf9])[0xa5][0xc9][0xa0][0xec][0x86]:[0x8d][[0x92][0x91]Y[0xac][0x90]Y[0xac]P[0x92][0x91][\n]"
12:44:14.677 [main] DEBUG org.apache.http.wire -  << "S[0xa3][0x90][0x82][0xb4]![0x4][0xbe][0xa5][0x3][0x9c][0xf2][0x88]Lk[0xa0][0xc9]YhZ[0x3][0x97]lf[0x6][0x6][0x6][0x18]%[0x2][0xbe]dnJtI[0x0][0x9a][0xae][0x82]Z50^E4[0xbe][0x6][0xc6]~[0xba][0xd5][0x86][0xa0][0x11]HhH[0x83]#[0x95][0xe4]=+D[0xd7]X[0xa0]&=[0xd4]&[0xfa][0xe7][0x1d][0xa4]u[0x10][0x3][0x12][0xa1]H[0xa3]N[0x3]c?[0xa2]j[0x1d][0x18][0xfb][0x11]e[0x17]dh[\r][0xa3][0xe0]H[0xc3]2[0xea][0x6]/[0xa6][0x88][0x9d][0xf8]26[0x0]M[0xc8]AS[0x19]l[0xe2][0xb][0xdc][0x91][0xc1][0xbe][0x86]-(53935/%[0xb3]X[0xa1]85E!3[0xaf],5[0xaf]$[0xbf](U!3/93[0x5][0xb4][0x11]-[0xb5]D![0xb1][0xb4]$5[0x17]i?[0x18][0xb1]k[0x4][0x8c][\r]@[0xeb][0xe3][0xa1][0x8e][0x19][0x98]PG[0x14]c[0x3][0x90][0xe5][0x10]e[0x18][0xd5]<O[0xdc][0x8a]?c[0x3][0x13]D[0x1b][0x9f][0x90][0xdd][0x88][0xb6]1[0xa8].$[0xb2]*[0x4][0xad][0x9b][0x1b][0xc8][0x88]EZ[0xa5]A[0xc8]4i[\n]"
12:44:14.678 [main] DEBUG org.apache.http.wire -  << " -[0xe0][0xa0][0x9a][0xfd][0xc4][0xc6]-h[0x8b][0x1a][0x91]aOV[0xdc][0x82][0xe6][0xaf][0x88]4[0x9f]6a[0x8b][0xe8]GP-lAI[0x9b][0xe8][0xf0]E[0xc]&S[0xcd]~[0xa2][0xed]F[0x14]X[0x84][0xec]&/niP&[0x91][0x14][0xb6][0x88]r[0x89][0xb6][0xd5] h)[0x16]4[0x11][0xd3][0xd6]"[0xd0][0xbc][0x1][0xd4]"B1F[0x93][0xdc][0x2][0x9a][0xfb][0xa5][0xb6][0xfd][0xc4][0xa6]V[0xd0]<[0x17][0x91]v[0x93][0x95]ZAs[D[0x9a]O[0x9b][0xb0][0xa5]QIDd%[0x8b][0xb4][0xd6][0x87][0xbc][0xae][0x9][0xd1][0xdd]M[0xd0][0xe2];h@[0xd3][0xda]&D[0x1][0x10][0xe1][0x94]_[0xa1]0[0x18]&[0xb4][0x8d][\r][0xcc][0x11]c}[0x3][0x92][0x89][0x91][0xd6]$Q[0xcd]~b3[0xb1]9[0xa2]gB[0xc8]n[0xb2]21[0xd2]"(B[0xe6][0xd3]$[0x13][0x9b][0xd3][0xa0]:[0x7]UyDfb[0xa4][0x85]K[0x3][0xe2]}[0xd0][0xd2][0x7]h[0xd6][0xa6][0x9a][0xfd][0xc4]&-[0xa4][0x5]N[0x84][0xec]&+i[0x81][0xd6][0xfc]Q[0xdb]o[0xa0][0xa8]%[0xda][0x3][? -V![0x14][0xbc][0xb4][0xc8]YF[0xa0][0xad]Z[0xd0][0xe0][0xa7]m[0x1b][0xb]t[0xee][0xe][0xd4]"[0xaa]y[0x94][0xd8]8F:i[0x86][0x90][0xdd]8[0xd3]0[0xbe][0xe5][0x9]H[0xcb]r[0x8][0x99]O[0x8b]H[0x4][0xef][0x97][0xa1]v[0xd8][0x82][0xf2][0x10]q[0xc5][0xa3]!h[0xf4][0x94][0x16][0xd6][0x13][0x19][0xbd][0x86][0xa0][0x8d]d[0x3]j?[\r][0xc6]%[0x89][0xf6];mk~C[0xa4][0xa5])[0x3][0x91][0xb4][\r]A[0xcb][0xc7]h[0x11][0xb7]D&m[0xa4][0x15][0x18][0x3][0xe2]}[0xa4]u[0x19][0xb4]m[0xd4][0x1b][0x82]v/@[0x3][0x9a][0xd6]6!j\Z[0xdb][0x84]h6[0xd2][0xda]&[0xc4][0x98][0xf][0xad]mB[0x8c][0xfe][0xd0][0xda]&D7[0x8f][0xd6]6![0xe6][0xe0]il[0x13][0xfa][0x8a][0x13][0x92]g[\n]"
12:44:14.678 [main] DEBUG org.apache.http.wire -  << "[0x89][0xed][0x8e][0x1b]"5[0xac]h[0xed]'D[0xf5]Ck[0x9b][0x10][0x95][\r][0xad]m[0xa2][~2B[0xe4][0xa7][0x1])[0xe1][0x91][0x16][0xbf]P[0xcd]~b[0x1b][0xf][0xa0][0x1d][0xc][0xd0]2[0x9f][0x90][0xdd]8[0xdb][0xc5]x[0xd6][0xc3][0x19]"[0x9d][0xfd]A[0xe3][0xf4][0x82][0xb4][0xa0][0x86][0x90]Oh[0xd1][0x2]7DZSCU[0xfb][0x89]l[0xa6] -K[0xa0][0xaa][0xf5][0xc4]&$[0xa4][0x95][0x9]4[0x8e]h[0xa4][0xa9]qZ[0xdb][0x84]([0x82]h[0xb0][0xd2][0xce][0x10]i[0xf6][0x13][0xb1][0xaf][0x10][0xba][0xcc][0x15][0xd7][0x9][0x1a][0x81][0xa5][0xa0][0xe5]P[0x88]Sf[0x13][0x8b][0x8b]KsS[0xf3]R[0x12][0x15]Jsr[0x12][0xc9][0x9a][0xde]7D[0x9a][0x5][0xa5]q[0x80]"[0xcd]y[0x6][0x4][0x9b]`[0xac][0x9d]((6QHJ,[0x2]-:DZ[0xc8]Gd[0x6][0x18][0xe0][0xf9]NCSD[0x9b][0x96]j[0x19][0x90][0xd8][0xcc][0x87][0xb4]a[0x9f][0x90][0xdd]d[0x95][0xe2][0xa0]]^D[0xd6][0x12]4)[A{gia?[0x91]Ik[0x80]'[0xb0][0xc][0x91]f[0x90][0x8]E/M[0x82][0x1f][0xb4][0x8f][0x98][0xda][0xc1]Ol[0xd2]F[0x9a][0xd3]"[0xe4]w[0xb2][0x92]6[0xd2][0xfe]xB[0xe6][0xd3]&l[0x11][0x1d][0x1f][0xaa][0xda]Od[0xd2][0xa6][0xd5][0xb4][\n]"
12:44:14.678 [main] DEBUG org.apache.http.wire -  << "[0xb1][0xd1][0xb]:[0xc7][0x0][0x9a][0xb4]hQ[0xc5][0x9a]#u`[0x91]v[0x1f][0x81]w[0xc9][0xe0][0xd8]U[0xe5][0x9f][0x9b][0x7]]FW[0x8][0xaa]k[0x93][0xf3][0xf3][0x8a]S[0xb]K[0x13]KJ[0x8b][0x14][0x92][0xf3][0x8b]@[0xa7][0xbb][0x83][0xe]=O[0xca],V(J[0x4][0x9d]J[0x8f]|[0xb2]<[0xd1]K[0xea][0xc][0xcd][0x11][0xd1]N[0xb]#MWQ[0xa1]J[0xc7][0xb3][0xe3][0xca][0x10]ib[\n]"
12:44:14.678 [main] DEBUG org.apache.http.wire -  << "[0xb2]A[0x9][0xba]i[0x8][0xfb][0xd6].[0xc7][0xd2][0x12][0x85][0xd4][0xe2][0x12][0x85][0x9c][0xc4][0xa4][0xfc][0xa2][0xd2]\[0x85][0xe2][0xc4][0x82][0xcc][0xd4][0xbc][0x92]TD[0xd0][0x82]W)[0x82]V1[0x92][0xb3]R[0xd1][0x10]i[0xaa]*/17[0x11][0xb2]h[0x1c][0xb4]1[0x0]u]y6[0xf4][0xc4][0x84]<[0xb4][0xbd]Al[0xb2]E[0x9a][0xb2][0xa2]I[0xf4]![0xda][0x12][0xd0]}[0xe9][0xd0]=d[0xb8]v[0xc0][0x7][0x83][0xd6]x[0xe6]%[0x82][0xf][0xff]O$/[0xe4][0x10][0x3]e[0xc8][0xfb]|[0xa1][0xbb][0xb2][0xb0]o[\n]"
12:44:14.678 [main] DEBUG org.apache.http.wire -  << "[0xf4]K,)-VH-Q([0xce][0xcc]+![0xcf]VD[0xb][0x9b][0xaa][0xa5][0x1f][0xd1][0xf1]8[0xc0]][0xa4]][0xf1]H[[0xe1]`[0x91][0x8d]m[0xe3]]X~NiAIbIj[0xb1]B[0x9][0xa2][0x1b][0x90]Z[0xa2][0x90]Z[\n]"
12:44:14.678 [main] DEBUG org.apache.http.wire -  << "[0x8e]}[0x85]R[0xf0]J_[0xf2]b[0x3]Q([\r]Hl[0xd0]c&[0x14]_YF[0x8b][0x9]J[0xd0]$[0x1a]rj[0xc4]3[0x89]h[0x88]4I[0x9][0xdb][0x82][0x9][0xda]w[0x8b][0xe3]t[0x4]G[0xd0][0xdd]"y[0xe0][0x8a][0x9][0xbe][0xcc][0xbb][0xb0]4S![0xaf]4[0xb7][0xb0][0x94][0xcc][0xae] =[0xa6]1[0xf1][0x86][0x0]F[0xc1][0x7]=O[0x0][0xc7]a[0x99][0x9e][0xb9][0x5][0xa9])[0x99]%[\n]"
12:44:14.678 [main] DEBUG org.apache.http.wire -  << "E[0xa9][0xa0][0xda][0x4]v[0x1][0xc][0xb8][0xe2][0x6][0xd5][0xda][0x99][0xe0][0xdc][0x0][0xef]"[0x83]k[0x1d][0xf2][0xea]k[0xa4][=[0x6]&k [\n]"
12:44:14.678 [main] DEBUG org.apache.http.wire -  << "J[0xc4][0xc6]~h[0xe1][0x8c][0xfd][0xd4]-[0xa4][0xab]h[0x8a]R[0xb]JS2[0x13][0xf3]R[0x12]S)j[0xb4] [0x9d]d@[0xb3]@[0xc0][0x9b]:[0x10][0xad]9[0x9a][0xd9][0x8f]o0[0x13]4[0xf2][0xf]m[0xac][0xe][0x84][0xfd][0xe0][0xd6][0xe5][0x80][0xda]O[0x83][0xf5]u[0xc8]e#f[0xd8][0x3][0x0][0x0][0x0][0xff][0xff]"
12:44:14.678 [main] DEBUG org.apache.http.wire -  << "[\r][\n]"
12:44:14.679 [main] DEBUG org.apache.http.wire -  << "8EC[\r][\n]"
12:44:14.679 [main] DEBUG org.apache.http.wire -  << "[0x82][0xdd][0xc5]dl[0x84]t[0x1c][0x3][0xa1][0xb0]'[0xa7][0x1f]h[0x4]:cz [0xc3][0x16]t[0xf8]>[0xd4]~[0x9a][0xae][0xc2]1[0xa2][0xd5]t>q[0x1d]N#[0xd0][0xd1][0xda]P[0x12][0x8a]GZ[0xf4][0xb7][0x8d][0x90][0xa6][0xd3]if?[0x9e]2[0xcc][0x8]i[0x92][0x9d]f[0xf6][0xe3][0xcb]G[0xa0]K%[0x6]4[0xfc][0x11][0xfd][0x8c][0x81][0xf1]?[0xa2]"[0xa5]B[0xcf][0x18]oH#j+[0x1a][0xdb]D[0xb7])m#[0xa4][2[0xa8][0xe0]'<mq#[0xa4]S[0xe]h[[0x1e][0x1a]![0x9a][0x9c]T[0xf0][0x12][0xbe][0x4][0x81]tA[0x6][0xad]mB$[0xf2][0xcc][0xbc][0x94][0xfc][0xdc]L[0xcc][0xbb]{[0x12][0xb3]K[0x15][0x8a]K[0xb3][0x13][0x15][0x10][\n]"
12:44:14.679 [main] DEBUG org.apache.http.wire -  << "[0xa0]c FD[0x9f][0x9c]`[0x84]4s[0x8e]0[0x6]u[0xa8][0x85]:[0xf6] e[0xa5][0xc4][0xdc][0xe2][0xd2][0xbc]t[0x85]`#c[0x85][0xd0][0x9c][0x92][0xa2]D[0x8c]Y$[0xa4][0xea][0xdf][0xcc][0x80][0xb8][0xf3][0x95][0x8d][0x8d][0x90][0xe6][0xc1]i[0x1c]7H[0xf3][0xd4][0xc1][0x4][0xfd][0xe2][0x9e][0x98][0x93]XQ[0x89][0xf0][0x11][0xb1][0xad]%[0xa4][0xc9]hZ{[0x87]^[0xb]B[0x8c][0x90][0xcf]m [0x18]p[0x88] 3$>[0x11] [0x1d][0xd7]@[0xeb]PCdPZ[0xdb][0x84][0x18][0xe1][0xa2][0xb5]M[0x88]L[0x1a][0x80][0xe3]<[0xf][0xd0]9;)[0xa9][0xc5][0xd9]E[0x99][0x5][0xc5][0x99][0xe4][0xe][0xbe][0x1a]!-u[0xa0]m[0xd5][0x80][0xb4][0xa6][0x81][0xc6][0x16]!:V4[0xb6][0x8][0xb1]P[0x8c][0xc6][0x16]![0x8a][0x5][0xd4][0x93]\A[0x97][0x8e][0xe1][0x98]y[0x9]K-[0x2]_[0xeb][0xb]9[0xc4][0x0]it[0x13]q[0x8b][0xae]BJfz^fqqfn~19C[0x9c]Ft[<b[0x84]th[0x2][0x8d]3[0x1e][0xd2][0xbd][0x14][0xb4][0xb6][0x89]n[0x85][0x9][0xd2][0xc9][0x7][0xb0]Z[0x12]R[0x17]*8[0x1a][0x93]vZ[0xf][0xd1]gn[0x80]o[0x11][0x82]v[0x8d]h0[0xa9]c[0x84][0xb4][0xdc]g@z>H[0xcb]|[0x6][0xc6]~D[0xd9]30[0xf6]#[0x8a][0xa4][0x81][0xb1][0x1f][0xad][0xa3]A[0xbb]s[0xa7][0x8c][0x90][0xd6][0x3]![0x97][0xbe][0xe0][0x13]d[0xb0][0x1e][0x85][0x9][0x9a]f@4[0x99][0x8c][0xcc]A-!b[0xce]N3BZ[0x19][0x84]|[0x1f][0x4][0xd8]&[0xa2][0xe][0xd1][0x86][0x1c]<I[0x9c]][0x88][0xd2][0x7]v&[0xe]d"[0x1f][0xfb][0xa1]8[0xd0][0x99][0x3][0x84][0xb7]L[\r][0x89]<[0xf2][0xdf][0xd8][0x8]t[0x12]([0xb4]([0x80][0xcd][0xc4][0xc0]N[0xaf][0xc5]q[0xc2]:t[0xce][0xe]a[0x9b][0x85][0x9][0xe8]0^[0xe2]<[0x86][0x98]wC[0xdc]"[0x7]9[0xba][0x16]GU[0x9]]%[0x88][0xb0][0xcd][0xc4][0x14]4[0x80]H[0x94]mHG[0x1d]@f[0xec][0xc1][0x91][0x85]5Y@[0xe6][0xf2][0x11][0xb6][0x18][0x81][0xd7],[0x12]g[0xb][0xa2]I[0x83]|[0xb8]8[0xc4]D\[0xab][0x1b]Q[0x93][0xa1][0xa9]%h:[0x8a]8[0xdb][0x10]e[0xb][0xfc]z[0x1c]h[0x18]a[0xbd][0xb6][0x6][0x12][0xb8][0x8][0x8f][0x19][0x83][0xab]k[0xe2][0xac]B[0x14]#[0xc8]y[0xb][0xea]1[0xec]I[0x11]rj0[0x92]u[0x16][0xa0][0xc2][0x98]8[0xeb][0x10][0xe3]ep[0x9f][0xe1][0xb5][0xb]rd0[0xc2].3[0xa2][0xcf][0xea]5"a[0xad][0x15]M[0xc6]f[0x7]x-[0x96][0x91][0x19]"[0x1f][0x82][0x1b]R4,[0xa1]A%[0x11][0xb4][0x80][0x19][0x90][0xca]h[0x80][0x8f]J0[0xa2][0xc5]Q[0x9][0xe8]S[0xed][0xf8][0xc6][0xe2]H8.[0x81]&I}[0x80][0x8f]S0[0x1a][0xe0]uF[0xe8][0xb][0xd4]h[0x98][0xd5][0x90]W[0xa8][0xd1][0xf4][0xf0]g#[0xa4]Ua[0xb4].?,[0xd0][0x1a][0x93]4[0xdb][0xc5]fdA[0xb7][0xa1]*[0xa4][0xfb]H[0xc0][0xc1]GC?[0xa1][0x15][0xf4][0xb4][0xb3][0x9]iI[0x11]b[0xdd][0x6][0xb4][0xad][0x88][0xab][0x15][0xe4]X[0x94][0x9c][0x91]Y[0x92][0x9a]\[0x92][0xaf][0x0][[0xd1]R[0xc]Z[0xdf][0x97][0xf]^[0x99][0x9a]ZL[0xd6]R;#[0xa4][0xc5]E[0xe0][0xd0][0xa5]a[0x8e][0x3]5[0xdb][0xa0][0x95][0x1b][0xc2][0xd3][0xd0]ke[0xb0][0xaf][0xb][0xf5][0xcb][0xcc][0xc8][0xcc]QHM[0x4]-[0xe]%k\[0xc7][0x92]n[0xf9][0xc1][0x92]n[0xf9][0x1]i[0xb9][0x9]M[0x7][0xeb][0x8c][0x91]NO[0x80][\r][0xb6]8faN[0xac][0xe0];[0x13][0x99][0xe8]Q[0x16]c[0xa4][0x85][0x1c][0xe0]tH[0xb3][0xbc]g[0x8c]|[0xf5][0x4]M[0xb]~c[0xa4]E[\r]4[0xf6][0x13][0xd2][0xf4]=[0xad]mB[0xc][0xe7][0xd3][0xd8]&[0xea]N*[0xe3]i[0xf5][0x19][0x83]n=[0x82][0x16]L[0xc8][0x9d]Rx[0xd7][0x1e][0xdb][0x15]9~[0xa9][0x85][0xa5][0xa9][\n]"
12:44:14.679 [main] DEBUG org.apache.http.wire -  << "e[0x90]e[0xb7][0xc5][0xa0][0x2]J!3[0x5]Z0#[0xef][0xb7][0x3][0x8d][0x84][0x10][0xd3][0xa3]3F[0x9a]4[0xa5]q[0xc0][0xd2]m[0xf3][0xad]1[0xe8][0xd6] h[0xc0][0xd2][0xda]O[0xf4]*[0xe8][0xc1]7[0xa7][0xd0][0xc7]OH[0xf3]L4[0xe]=[0xa4][0xe9][0x8f][0xc1]sn[0x9f]1[0xd2][0x4][0xc6]`r[0x15]b[0xb8]q0[0xb9][\n]"
12:44:14.679 [main] DEBUG org.apache.http.wire -  << "Q,[0xf]&WY[0xea](A[0xf3][0xca]`[0xb9][0xdf][0xd0][0xd8][0x18]4[0xc6]6[0xf8][0x1c][0x85][0x18]>[0x1c]D![0x85][0x18]d[0xa4]q[0x1][0x84]4[0xb0]Nc[0x9b][0x90]N[0xd4][0xa5][0xb5]Mt[0xab][0x92][0x90][0x6]h=[0x2][0x14]r3K[0xf2]1V?[0x81][0x1b][0xe9]%[0xa9]EI[0x89][0xc8][0x17][0xe2][0x98][0x82]t[0x12][0xd5]:[0x19][0xe0]1Xc[0xa4]1X[0xaa][\r][0x8c][0x12][0xb9]j[0xca][0x98][0x84]AY[0xc4][0xf8]:h[0xd4][0x91][0xb8][0xb5][0xcf][0xc6][0x3]<[0xe8]jL[0xab]AWb[0xbd][0x8f][0xc8]'T[0x8b]ZP[0xe8][0x13][0x1d][0xbd][0x88][0x9e];[0xcd][0xec][0xc7][0xb3][0xf4][0x1b]|g;[0xb4]>[0xa2][0x99][0xfd][0xf8]z?H[0x9b][0xa1][0x7][0xc6]~D#a@[0xec]G[0x1a]s[0x1e][0x18][0xfb][0x11]S[0xa2][0x3]c?b[0x92]t`[0xec]G4}[0x6][0xc6]~D[0xf9]C[0xab][0xda][0x13]i[0x8]{[0xf0][0xb4][0xee],[0x10][0xf9][0x8e][\n]"
12:44:14.679 [main] DEBUG org.apache.http.wire -  << "-!c[0x1d]%g[0xe8][0xf6][0xf9][0xd4]b%+[0xe4]MZ[0xc6]H[0x1b]x[0x7][0x8f][0xf7][0x91][0x6][0xbe][0xa1][0xeb]R[0x15]\s[0x12][0xb1]\[0x98][0xe][0xba][0xf8][0x11][0xbc]?[0x12],[0x7]][\r][0xf][0x1a][0x84][0x85]7[0x9c][0xf0][0xfa][0x1d][0x91][0xba]i[0xb0]z[0xcc][0x18]i[0x80][0xdb][0xad][0xb4](/[0xb3][0xa4][0xb4](U!$[0x1f][0xf3]V[[0x84]lJbQ[0xa6][0x82]WjA"x[0x91]<[0xd4]?[0x86][0xa0];[0xe0][0x1e][0xc2]W][0xd0]m[0xa0][0xdb][0x4][0xe9][0xf4]`*$P<~2A[0x1a][0xe9]F[0x84][0x13]-C[0xd1][0x4]i_![0xad][0xfd][0x86]([0xde][0x10][0xab][0x88] +Op[0xac]"r[0xcc][0xc9]L,VH+MOT(E[0x9e]T[0x2][0x1f][0xe7]LL[0x1a]11@[0x8c][0x91]x[0x16]d[0xe4][0xe7][0xa5]*[0x18][0x1a]*[0x98][0x99]([0xa4]'a[0xef][0x98]d$[0x82][0xe]OQ@[0xbf]/[0x96][0xe8][0xd9][0x3][0x13][0xd0][0x86][0xe]h[0x1b][\n]"
12:44:14.679 [main] DEBUG org.apache.http.wire -  << "f[0xa1][0x11]M-D[0x1a][0xda][0x87]YH[[0x1f]"[0x9d]7L'[0xb][0x11][0x5][0x17][0x8d]S[0xa8]![0xc6]0[0x83]9[0x8d][0x92][0x89]!"][0x6]$[0xe6]$[0xfa][0xe4][0xfb][0xe0][0x99][0xce][0xc2][0x92][0x1a]A[0xe3][0xd9][0xf0][0xc][0x80]g[0x9b][0x9a][0x9]moa6[0x1]-[0xea][0x83]&w[0x1a]T*&H[0x1b][0x7][0x9d][0x8a][0x12][0x93]SsR1[0xef]`[0xf5]MLIU[0xc8]OS[0xc8][0xc8]L[0xcf]P(,M[0xcc][0xc9],[0xa9]T(HM,[0xca])Ft[0x82][0x8d]@&[0xc1][0x3][0xc]_[0x9][0x8c]t(.M|[0x84]h[0xe3][0xd2][0xc4]xD^[0xa1][[0x80]![0x8a]u[0xba]Y[0x89][0xc8][0xa7][0xd4][0xb4][0x12]_>B[0x9a][0x99][0xa3][0xa6][0x95]xS"[0xa2][0x8c][0xa0]q[0xb9][0x87][0xb4][0xb9][0x90]F[0x1d][0xf][0x13][0xa4][0xa9]>Z[0x86]_[0xb5][0x92][0xa7][0x8b][0x92][0x95][0xa1][0x91][0x5]RQ[0xee][0x98][0x9c][0x9c]Z\[0x9c]_[0x94][0x99][\n]"
12:44:14.679 [main] DEBUG org.apache.http.wire -  << "*[0x10]Pw[0x96][0xe4]+[0xa4][0xe6]e$[0xe6]%[0xa7]*$[0x16][0x80][\n]"
12:44:14.679 [main] DEBUG org.apache.http.wire -  << "[\r][0x10]S[0xa9][0x16][0xe9]`[0x7][0x13][0xa4][0xfd][0x90][0xc5][0xa9][0x5][0xa9])[0x98][0x5]ubf%H[0x10][0xda][0x80][0x5][0xef][0xa3] [0xaa][0xa8]A[0xda][0x4]I[0xcb]0A[0xf1][0xc][0xa2]|[0xa0][0xb6]g[0xe8]_[0xc][0x80]6[0x1]@+[0x9f]`p[0xcc]([0xf8]d[0x16][0x97][0x14][0x81][0xc7][0x95]Q[0xa3][0x19]*[0x9d][0x3][0x91]V[0xc8]KOM*[0x5][0xd5]$[0xa4]G[0x19]b[0x88][0xe]j&[0xd4]J[0x5][0xa7][0xc4][0x9c]D[0xcc][0xce][0xe]T[0x11][0xaa][0xc5][\n]"
12:44:14.679 [main] DEBUG org.apache.http.wire -  << "I[0x89]y[0xe9][0xe0][0x9a][0xc]j[0xbf])h[0xeb][\r]qI[0x6]Q&[0xd0]-[0xc9] &[0xf4][0xe8]f%b@[0x80]^V"MqCO[0xb4][0x83][0xf6]L[0xb0]-[0xb9][0x8]-QH-*[0xca]/R(JM.-[0x86][0x9c][T[0x90][0xf][0xda][0xf5]WZ[0xac][0x90][0x9b][0x9f][0x3][0xba]5>1[0x15]tH[0xa0]B&[0xe4][0x0]([0xa4]5c[0xc4]w^[0x90].[0xb3]Ft[0x98]|2[0xf3]R[0xf3][0x14][0x9c][0xf2]KJr07[0xcd][0x83][0x8e]/,H-*.[0xc8]L[0xce]L,[0xc9],[0x86].[0x3]QH[0xc9]L.IT([0xc8]/*[0xca]W[0xc8],(.[0xcd]UHE>[0x85][0x8f][0x4]'![0x9a]/t[0x8b][0x19]D[0x91][0x5][0xd9][0xe][0x2][0x9][0x1][0xf7][0x9c][0xfc]2,[0x5][0xba]ZZfrff[0xb1][0x2][0xf2][0xb9][0x98][0x89]y[0x99][0xb9][0x99][0xf0][0x88])[0x86]-[0x96])IUHI[0xcd]I[0xcd][0xcb],[0xc9]$/~[0xe8]_[0xe4]!m[0xda]t[0xcf]/JO[0xcd]/-V[0x80][0xed][0xb6]H,[0xc2][0xe8][0xac][0xf8][0x83][0xce][0x1e][0x3][0xaf][0xd1],[0xcd][0x5][0xdd][0xaf][\r]M[0x2][0xe0]s[0xc6]2[0xf3][0x8b]![0xe7]1*$[0xe6]d[0x16][0x96]f[0xa6]([0x14]g[0x92][0xd7][0xc9]FZ[0x1e][0x81]H[0xa7][0xb0][0xdd]-[0xce][0xf9][0x89][0xa0][0x92][0x16][0xb5]<v-[0x1][0xf5][0xea]3[0x13]K[0x14] kFs3[0xf3]2s[0x13]a'[0xc3])[0x14][0x97][0x16]'g[0x16][0x90][0xeb][0x1a]D[0x11][0x89][0xbc][0xe3]+<??G!8#[0xb3][0x8][0xab]k@g~B[0x97]P[0x95]d&[0x95][0x16]+[0x14][0xe4]$&[0xa7]&[0x96]([0xa4][0x92][0x19]$[0x88]B[0x93][0xc6]m7P[0xd5][0x1][0xad][0x4][0x15]0[0xe2][0x1f]<[0xd9]J[0xf1][0x98][0x6][0xd2][0xa9][0xe8]dy[0x86][0xc8][0xf9]/[0x13][0xa4][0x13][0xd2][0xc9][0xb2][0x87][0xf8]Q[0x1a][0xa4][0xb3][0xd0][0xe9]U[0x8c]!my[0xa4][0x9b][0x95][0x88][0xc6][\n]"
12:44:14.679 [main] DEBUG org.apache.http.wire -  << "[0xdd][0xac]Dd>[0xba]YI[0xbf][0xac][0x86]h[0x96][0xd0]8}"o[0x81][0x84][0xac][0xc][0xc6][0xbc][0xc0][0x16]_[0xde]6A[0x99][0x15]@[0xef]d[0xc2]:I[0xa6]H[\r][0xc][0xf7][0xc4][0xdc]L[0xf0][0xb4][0x2]jA[0xed][0x96]_[0xa4][0x0]Y[0xdb][0xad]PPZT[0x90]_[0x9c]Z[0x8c][0xda];[0xa2][0xdb]*[0x16][0x13][0xa4][[0xa0]i[0x1d][0xfa]H-[0xe]H[0xe8][0x9b][0xd2][0xa8]d5C[0xb4]  ~[0x2][0x0][0x0][0x0][0xff][0xff]"
12:44:14.679 [main] DEBUG org.apache.http.wire -  << "[\r][\n]"
12:44:14.684 [main] DEBUG org.apache.http.wire -  << "300[\r][\n]"
12:44:14.684 [main] DEBUG org.apache.http.wire -  << "[\n]"
12:44:14.684 [main] DEBUG org.apache.http.wire -  << "[0xa6][0x99]M[0x88]![0x13]Z[0xdb][0x84](u[0xa0]6[\r][0xda][0xb4][0x8b]([0xac]p[0xba][0x14]1[0x84][0x88][0xaf][0x16][0xa3]j[0x8e][0xc2]([0xcf][0x6]m[0xf8]a[0x94][0x87][0x98].[0xa5][0xf8]!-[0x92][0x82][0xc6]*[0xad][0xf2][0x14][0xd2]r)[0xbf][0xc4][0xe2]L[0x5][0x97][0xc4][0xd2]<[0x5][0xaf][0xd4][0xa2]R[0xcc][0x3][0xdd][0xc1][0xf2][0xe5][0xa9]y[0x89][0xd9][0xd9][\n]"
12:44:14.684 [main] DEBUG org.apache.http.wire -  << "%[0xa9]y[0x89]y[\n]"
12:44:14.684 [main] DEBUG org.apache.http.wire -  << "[0xb9][0xa5]E[0xb9][0xa9][0xa0][0x16];t[0xc][0xc0][0xd0][0x12][0xff][0xb1]f[0xb0]$f[0x81]t[0xc8]mr~^I~[0x86]n2b[0xba][G[0x9][0xad][0xfc]N,[0xce][0xc8][0xcc][0xcf]KL[0xca]IE-[0xb7][0x91][0x96]Z[0x81][0xdd][0x86]p[0xbb]Bbeb[0xae]Bz~Q*[0x96][0xfa][0x0][0xac][0x96]J[0xfe]@[0xa4]s[0xc2][0xfe][0xc0]T[0x81]2F[0x87][0xb4][[0x96][0xd6]qN[0xb7]r[0x14][0xe9][0xe6][0x9]Z[0xfb][0x9]#[0x1f][0xd3]*[0xc7][0xd0]m[0xab][0xab][0x9][0xd2]VW[0x82][0xcb][0xd0][0xe9]U[0xb2]#[0xed][0x89][0xc5][0xe1]&Ds[0xb]Qn[0xd2][0xaf]-[0x87]t[0xd8][0xff][0xe0]t[0x1f][0xdd][0xd2])[0xd2][0xae]X[0x1c]!1[0x10][0xf1][0x83][0xb4]Ph0[0xb9][0x8a]n[0xad]e[0xa4]%F[0xd8]Wo[\r]l[0xf6]AZ[0x8f][0x84][0xdd]y[0x3][0x92]f[0x10][0xb5],vG[\r]h[0x98][0x99]"[0xad][0xac][0xc2][0xee][0xbc][0x1][0x8]3S[0xa4]EX[0xb4][0xad]yM[0x91][0x16]_a[0xf7][0xfe][0x0][0xc7][0xe][0xa2][0xb1][0x83][0xdd]y[0x3][0x12];[0x18][0xfd]K[0x1a][0xb5]V[0xc0][0xe7][0x12]A[0x87]V[0xb1]{`c[0x7]i[0xe5][0x17]v[0xe7][\r]D[0xec] [0xad][0xe][0xc3][0xee][0xa8][0x1][0xe]3De[0x85][0xdd]y[0x3][0x12]f[0xf4][0x1a][0x5]2EZ[0x15]A[0xe3][0x92][0xcd][0x90]n[0xb9][0x14]i)[0x1d][0xad][0xfd][0x84][0xa8]Kil[0x13]h[0xb5][0x1a][0xb4][0xe4][0xa1][0xb5]M[0x88][0x9]]Z[0xdb]D[0xb7]TN[0xb7]s[0xec]M[0x91]V[0x85][0xd1]:[0xf4]0[0xc6]*iU[0xeb]![0xdd][0xf6]Nk?[0xd1][0xab]?g[0x8a][0xb4][0xfa][0x8c][0xc6]~BZ-Fk[0x9b][0x10]9[0x17]{U6[0xb0]5[0xad]1"[0xbb]cw[0xde]@[0xd4][0xb4][0xc8]+[0xc6]h:[0xb3]cjL[0xb7][0xfa][0xcf][0x18]Q2x[0x4](8[0xe7][0x17][0xa5]*d*`[0x16][0xe]9[0xa9][0x5]%[0xf9][0x5][\n]"
12:44:14.684 [main] DEBUG org.apache.http.wire -  << "[0x18];[0xaf]-A[0x80][0xb8][\r][0xb2][0xa6][0xc6]t[0xab][0x0][0x91][0x96]c[0xd1]m+[0x1e]l[0x84][0xdd][0x14][0xe9][0x6]*[0xf8]&[0x1c][0x8c][0x9][0xc0]4l3[0xa3][0xb0][0xeb][0xc0][0x8c]L[\r][0x10]]'[0x12][0xcd]@Z[0xae][0x89]<AK[0xb5]` j[0xb4]s[0x10][0x5][0x1][0xa2][0x98]#[0x14][0x4][0x88][0x12][0x5][0xb4][0xeb][0x1a]O[0x9a][0x1e][0x8c]1[0x8d][0xe8][0x98][0x10][0xf2]&-[0xce][0xfb]4E:x[0x87][0xaa][0xf6][0xd3]6[0x16]P[0xf2][\n]"
12:44:14.684 [main] DEBUG org.apache.http.wire -  << "[0xa2][0xc4][0xa5][0xaa][0xf][0x86]Z~A[0x94][0xd1]4[0xb][0x6][0xf4]C[0x4][0x6]c~B[0xb4]-i[0x16][0xc]8[0xd7][0xd5][0xc][0x9e][0xd2][0x13]iu[0xe0][0x88][0xe][0x86][0x1]8[0xd9]`[0x10]f[\n]"
12:44:14.684 [main] DEBUG org.apache.http.wire -  << "[0xa4][0x85][0x9c]#:5[0xc]@];[0x18]S[0x3][0xa2][0x87]6[0xa2]S[0x3][0xa2][0xa5]>[0xa2][0x83][0x1][0xd1]|[0x82][\r]\[0x98][0x9a]bv#[0xf1][0xad]:%z[0xfd][0xb5][0xa9])[0xa2][0xcf]J[0xdd]mh[0xa6]H[0xe7][0xb7]y[0xe6][0x95][0xa4][0xe6][0xe4]d[0xa6][0xa7][0xe6][0x95]([0x4][0x97][0xa4][0xa6][0x82][0x96][0xff][0xe7]c[0xd9]2[0xe2][0x99][0x2][0xda]6\[0x9c][0xa9][0x0][0xba][0xab][0xbe]X[0x1]|9{aib1Y[0x9b]BLM[0x11][\r][0xf]X8b[0xf4][0x1d][0xa9][0x13][0x88][0x98][0x8b][0x84][0xa9][0x1b]][0xb1][0xb5]\[0x0][0x0][0x0][0x0][0xff][0xff]"
12:44:14.684 [main] DEBUG org.apache.http.wire -  << "[\r][\n]"
12:44:14.684 [main] DEBUG org.apache.http.wire -  << "A[\r][\n]"
12:44:14.685 [main] DEBUG org.apache.http.wire -  << "[0x3][0x0][0xf2]B[0xf6][0x1e][0x15][0xe5][0x0][0x0]"
12:44:14.685 [main] DEBUG org.apache.http.wire -  << "[\r][\n]"
12:44:14.685 [main] DEBUG org.apache.http.wire -  << "0[\r][\n]"
12:44:14.685 [main] DEBUG org.apache.http.wire -  << "[\r][\n]"
12:44:14.685 [main] DEBUG io.restassured.internal.RestAssuredHttpBuilder - Parsed data to instance of: class org.apache.http.conn.EofSensorInputStream
12:44:14.688 [main] DEBUG org.apache.http.impl.conn.BasicClientConnectionManager - Releasing connection org.apache.http.impl.conn.ManagedClientConnectionImpl@6fe43257
12:44:14.688 [main] DEBUG org.apache.http.impl.conn.BasicClientConnectionManager - Connection can be kept alive indefinitely
12:44:14.717 [main] DEBUG net.thucydides.core.steps.StepInterceptor - STEP DONE: I send HTTP GET request
  &amp#27;[32mWhen &amp#27;[0m&amp#27;[32mI send GET HTTP request&amp#27;[0m                    &amp#27;[90m# starter.stepdefinitions.UserSteps.iSendGETHTTPRequest()&amp#27;[0m
12:44:14.725 [main] DEBUG net.thucydides.core.steps.StepInterceptor - STARTING STEP: UserSteps.iReceiveValidHTTPResponseCode - I receive valids HTTP response code 200
12:44:14.726 [main] DEBUG net.thucydides.core.steps.StepInterceptor - STEP DONE: I receive valids HTTP response code 200
  &amp#27;[32mThen &amp#27;[0m&amp#27;[32mI receive valid HTTP response code 200&amp#27;[0m     &amp#27;[90m# starter.stepdefinitions.UserSteps.iReceiveValidHTTPResponseCode()&amp#27;[0m
12:44:14.733 [main] DEBUG net.thucydides.core.steps.StepInterceptor - STARTING STEP: UserSteps.iReceiveValidDataForCategoryByID - I receive valid data for category by ID
12:44:14.733 [main] DEBUG net.thucydides.core.steps.StepInterceptor - STEP DONE: I receive valid data for category by ID
  &amp#27;[32mAnd &amp#27;[0m&amp#27;[32mI receive valid data for category by ID&amp#27;[0m     &amp#27;[90m# starter.stepdefinitions.UserSteps.iReceiveValidDataForCategoryByID()&amp#27;[0m
12:44:14.737 [main] INFO  - 
  _____   ___   ___   _____     ___     _     ___   ___   ___   ___  
 |_   _| | __| / __| |_   _|   | _ \   /_\   / __| / __| | __| |   \ 
   | |   | _|  \__ \   | |     |  _/  / _ \  \__ \ \__ \ | _|  | |) |
   |_|   |___| |___/   |_|     |_|   /_/ \_\ |___/ |___/ |___| |___/ 

GET - As admin I can get category by ID
----------------------------------------------------------------------
]]></system-out>
  </testcase>
  <testcase name="GET - As admin I cannot get category by ID" classname="User" time="0.546">
    <failure type="java.lang.AssertionError"><![CDATA[java.lang.AssertionError: 
1 expectation failed.
Expected status code <404> but was <200>.

]]></failure>
    <system-out><![CDATA[
@TC-0020
Scenario: GET - As admin I cannot get category by ID  &amp#27;[90m# src/test/resources/api/user.feature:132&amp#27;[0m
12:44:14.754 [main] INFO io.cucumber.core.plugin.SerenityReporter - Running feature from file:///C:/Users/Lenovo/IdeaProjects/MiniProject/MiniprojectApi/src/test/resources/api/user.feature
12:44:14.754 [main] WARN io.cucumber.core.plugin.SerenityReporter - Feature from file:///C:/Users/Lenovo/IdeaProjects/MiniProject/MiniprojectApi/src/test/resources/api/user.feature is not under the 'features' directory. Requirements report will not be correctly generated!
12:44:14.758 [main] INFO  - 
  _____   ___   ___   _____     ___   _____     _     ___   _____   ___   ___  
 |_   _| | __| / __| |_   _|   / __| |_   _|   /_\   | _ \ |_   _| | __| |   \ 
   | |   | _|  \__ \   | |     \__ \   | |    / _ \  |   /   | |   | _|  | |) |
   |_|   |___| |___/   |_|     |___/   |_|   /_/ \_\ |_|_\   |_|   |___| |___/ 

GET - As admin I cannot get category by ID(user;get---as-admin-i-cannot-get-category-by-id)
--------------------------------------------------------------------------------
12:44:14.918 [main] DEBUG net.thucydides.core.steps.StepInterceptor - STARTING STEP: UserSteps.iSetUnmatchedGETApiEndpointsCategoryId - I set unmatched the GET api endpoints category Id
12:44:14.919 [main] DEBUG net.thucydides.core.steps.StepInterceptor - STEP DONE: I set unmatched the GET api endpoints category Id
  &amp#27;[32mGiven &amp#27;[0m&amp#27;[32mI set unmatched GET api endpoints category Id&amp#27;[0m &amp#27;[90m# starter.stepdefinitions.UserSteps.iSetUnmatchedGETApiEndpointsCategoryId()&amp#27;[0m
12:44:14.924 [main] DEBUG net.thucydides.core.steps.StepInterceptor - STARTING STEP: UserSteps.iSendGETHTTPRequest - I send HTTP GET request
12:44:14.925 [main] DEBUG net.thucydides.core.steps.StepInterceptor - STARTING STEP: GetAllProduct.iSendGETHTTPRequest - I set the GET api endpoints
12:44:14.926 [main] DEBUG net.thucydides.core.steps.StepInterceptor - STEP DONE: I set the GET api endpoints
12:44:14.933 [main] DEBUG org.apache.http.impl.conn.BasicClientConnectionManager - Get connection for route {s}->https://altashop-api.fly.dev:443
12:44:14.934 [main] DEBUG org.apache.http.impl.conn.DefaultClientConnectionOperator - Connecting to altashop-api.fly.dev:443
12:44:15.012 [main] DEBUG org.apache.http.client.protocol.RequestAddCookies - CookieSpec selected: ignoreCookies
12:44:15.012 [main] DEBUG org.apache.http.client.protocol.RequestAuthCache - Auth cache not set in the context
12:44:15.013 [main] DEBUG org.apache.http.client.protocol.RequestTargetAuthentication - Target auth state: UNCHALLENGED
12:44:15.013 [main] DEBUG org.apache.http.client.protocol.RequestProxyAuthentication - Proxy auth state: UNCHALLENGED
12:44:15.013 [main] DEBUG org.apache.http.impl.client.DefaultHttpClient - Attempt 1 to execute request
12:44:15.013 [main] DEBUG org.apache.http.impl.conn.DefaultClientConnection - Sending request: GET /api/products HTTP/1.1
12:44:15.013 [main] DEBUG org.apache.http.wire -  >> "GET /api/products HTTP/1.1[\r][\n]"
12:44:15.013 [main] DEBUG org.apache.http.wire -  >> "Accept: */*[\r][\n]"
12:44:15.013 [main] DEBUG org.apache.http.wire -  >> "Host: altashop-api.fly.dev[\r][\n]"
12:44:15.013 [main] DEBUG org.apache.http.wire -  >> "Connection: Keep-Alive[\r][\n]"
12:44:15.013 [main] DEBUG org.apache.http.wire -  >> "User-Agent: Apache-HttpClient/4.5.13 (Java/14.0.2)[\r][\n]"
12:44:15.013 [main] DEBUG org.apache.http.wire -  >> "Accept-Encoding: gzip,deflate[\r][\n]"
12:44:15.013 [main] DEBUG org.apache.http.wire -  >> "[\r][\n]"
12:44:15.013 [main] DEBUG org.apache.http.headers - >> GET /api/products HTTP/1.1
12:44:15.013 [main] DEBUG org.apache.http.headers - >> Accept: */*
12:44:15.013 [main] DEBUG org.apache.http.headers - >> Host: altashop-api.fly.dev
12:44:15.013 [main] DEBUG org.apache.http.headers - >> Connection: Keep-Alive
12:44:15.013 [main] DEBUG org.apache.http.headers - >> User-Agent: Apache-HttpClient/4.5.13 (Java/14.0.2)
12:44:15.013 [main] DEBUG org.apache.http.headers - >> Accept-Encoding: gzip,deflate
12:44:15.184 [main] DEBUG org.apache.http.wire -  << "HTTP/1.1 200 OK[\r][\n]"
12:44:15.184 [main] DEBUG org.apache.http.wire -  << "content-type: application/json[\r][\n]"
12:44:15.185 [main] DEBUG org.apache.http.wire -  << "date: Sat, 06 May 2023 05:53:01 GMT[\r][\n]"
12:44:15.185 [main] DEBUG org.apache.http.wire -  << "transfer-encoding: chunked[\r][\n]"
12:44:15.185 [main] DEBUG org.apache.http.wire -  << "content-encoding: gzip[\r][\n]"
12:44:15.185 [main] DEBUG org.apache.http.wire -  << "server: Fly/3f2597ca (2023-05-03)[\r][\n]"
12:44:15.185 [main] DEBUG org.apache.http.wire -  << "via: 1.1 fly.io[\r][\n]"
12:44:15.185 [main] DEBUG org.apache.http.wire -  << "fly-request-id: 01GZQSXSTGHJ1DPT4A5KMW3KW0-sin[\r][\n]"
12:44:15.185 [main] DEBUG org.apache.http.wire -  << "[\r][\n]"
12:44:15.185 [main] DEBUG org.apache.http.impl.conn.DefaultClientConnection - Receiving response: HTTP/1.1 200 OK
12:44:15.185 [main] DEBUG org.apache.http.headers - << HTTP/1.1 200 OK
12:44:15.185 [main] DEBUG org.apache.http.headers - << content-type: application/json
12:44:15.185 [main] DEBUG org.apache.http.headers - << date: Sat, 06 May 2023 05:53:01 GMT
12:44:15.185 [main] DEBUG org.apache.http.headers - << transfer-encoding: chunked
12:44:15.185 [main] DEBUG org.apache.http.headers - << content-encoding: gzip
12:44:15.185 [main] DEBUG org.apache.http.headers - << server: Fly/3f2597ca (2023-05-03)
12:44:15.185 [main] DEBUG org.apache.http.headers - << via: 1.1 fly.io
12:44:15.185 [main] DEBUG org.apache.http.headers - << fly-request-id: 01GZQSXSTGHJ1DPT4A5KMW3KW0-sin
12:44:15.185 [main] DEBUG org.apache.http.impl.client.DefaultHttpClient - Connection can be kept alive indefinitely
12:44:15.185 [main] DEBUG io.restassured.internal.RestAssuredHttpBuilder - Parsing response as: application/json
12:44:15.185 [main] DEBUG org.apache.http.wire -  << "1F3[\r][\n]"
12:44:15.185 [main] DEBUG org.apache.http.wire -  << "[0x1f][0x8b][0x8][0x0][0x0][0x0][0x0][0x0][0x4][0xff][0xaa]VJI,IT[0xb2][0x8a][0xae]V[0xf2]tQ[0xb2]24[0xb2][0xb0]0[0xd7]Q[0xf2]K[0xcc]MU[0xb2]Rr[0xcd][0xcb]/[0xca][0xcd]/-Vp[0xce]/)[0xc9][0xcf]Sp[0xce][0xcf]-(-I-R[0xd2]QrI-N.[0xca],([0xc9][0xcc][0xcf]S[0xb2]R[\n]"
12:44:15.185 [main] DEBUG org.apache.http.wire -  << "-Q[0xc8]KMN-.[0xce],I,[0xc9]L*-V([0xcb],ILU[0xc8],-JUH[0xc9][0xcf][0xc9]/J-V(J-H[0xcd][0xc9]I[0xcd]K)-V([0xce][0xcc][0xcd][0xcc][0xc9],,M[0xd5]S[0xd2]Q[\n]"
12:44:15.185 [main] DEBUG org.apache.http.wire -  << "([0xca]LNU[0xb2][0xb2]4[0xd4]Q[\n]"
12:44:15.185 [main] DEBUG org.apache.http.wire -  << "J,[0xc9][0xcc]K/V[0xb2]2[0xd1]QrN,IM[0xcf]/[0xca]L-V[0xb2][0x8a][0x8e][0xad][0xd5]A[0xb8][0xd0][0x2][0xee][0xc2][0x80][0xa2][0xc4][0xe4][0x92][0xcc][0xe4][0xc4][0x1c][0x5][0xdf][0xc4][0xa2][0xa4][0x9c]T[0x85][0x90][0xc4][0xa4][0x9c]T[0xc][0xf7][0x85][0xa4][0xe6][0x16][0xe4][0x17][0x81][0x1d]V\[0x9a]W[0xa2][0x90]X\[0x90]Z[0x94][0x9]r[0x15][0x92][0xfd][0x16]FH[0xf6][0x1b][0xe3][0xb3][0xdf][0x12]nPiqIf[0xb2][0x82]{Qb^fI[0xaa]BpF~j1[0xa6][0xed][0xf9]%[0x89][0xb9][\n]"
12:44:15.185 [main] DEBUG org.apache.http.wire -  << "[0x85][0xa5] [0xfb]S[0x12]s[0x15][0xca]Rs[0x90][0xac]51#[0xd2]ZK[0x3][0xb8][0xb5][0xc1][0xf9]y[0x95][\n]"
12:44:15.185 [main] DEBUG org.apache.http.wire -  << "[0x1][0xc1][0xa6][0x18]V[0x15][0xe4]$V*d$[0x16]+[0xe4][0xe5]+[0xe4]d[0xe6]f[0x96][0x80]\[0x3][\r]_#KK$[0x9b][0xf0][0x5][0xb0][0xa5][0x11][0xdd]l2[0xa6][0xa6]M[0x86]x"[0xcd][0xd2][0x94]n6[0x99][0xc1]mr-J[0xcf][0xcf][0xcb][0xcf][0xcd]LV[0x8][0xcf][0xcf]OI[0xcd]Sp[0xcf][0xc9]/[0xc3][0x92]B[0x82]3s[0xb2][0x11][0x19][0xc1][0xd8][0xd2][0x18]9M[0x98][0xe2][0xf3][0x15]"[0xb3][0xba][0xe7][0x17][0xa5][0xa7][0x82]2+[0xc8]0\[0x16]A22[0xc2]*3[0xb]Cc[0xa4]Da[0x80][0xcf]*D[0xae]sL-[0xca]O[0xa9][0xcc]K[0x4]y[0xc][0x9a][0xef][0x82]32[0x8b]J0[0x92][0xa3]gQ~[0x1e][0xc2]2[0xb][0x13]S[0xe4],[0x86][0xd7]_[0x88],[0xe6]RZ[0x4][0xca][0xd3][0xf0]<[0xe6][0x94][0x98][0x8e]a[0x8f]s~^rQj[0x9]([0xe3]C[0x13][0xbb][0xb1][0x85][0xa1][0x81][0x8e][0x12][0x0][0x0][0x0][0xff][0xff]"
12:44:15.186 [main] DEBUG org.apache.http.wire -  << "[\r][\n]"
12:44:15.186 [main] DEBUG org.apache.http.wire -  << "6E7[\r][\n]"
12:44:15.186 [main] DEBUG org.apache.http.wire -  << ""[0xa6]8[0xb1]4@[0xe4]+x[0x18][0x6]$[0x16][0xa4][0x16][0xe1].[0xef] [0xb1][0x89][0xf0][0x99][0xb9][0xa5][0x85][0x9][0xb1][0xb6]Q5o[0xe1][0x89]0K[0x3][0x13]x:[0xa4]By[0x81]'[0xb6],[\r][0xa8][0x9a][0xb7][0xf0][0xfa][0x9][0x91][0x8]=R[0x13][0xcb]*[0x15]\JK*[0x15][0x82]KRSs[0x14]<[0x12]1[0x13] zD[0x99][0x19][0x98][0x9a]#E[0x14]^[0xab]0[0x93] 4Ud$fbV[0x81]`7 R[0x84][0x99][0xa9]!ru[0x86][0xcf]"PB[0x85]V[0xb8][0x8e][0xe5][0xa9][0xc5][0xf9][0xb9][0xa9][\n]"
12:44:15.186 [main] DEBUG org.apache.http.wire -  << ">[0xa9][0x89]%[0x19][0xa0][0x4][0x98][0x93][0x9f][0xc]*[0x18]Pk[[0xd4]\enhAd[0x16][0xb6][0x4]9[0x9]j[0x13][0xbc]jw*[0xca][0xcf][0xab]J[0xc5][0x9d][0xd4][0x83]J[0x93][0x92][0xc0]5>4cY[0x10]]bX[0x1a]"[0x92]:[0xb4][0x9e][0xf4][0xc9][0xcc]K[0xcd]S[0x8][0xc8]I[0x4]gUT_[0xa1][dlhbJdT[0x81][0xca]0[0xa8][0xbf]|SS2[0xf3][0x93][0x8b]@[0x1e][0x82][0x14][0x9][\n]"
12:44:15.186 [main] DEBUG org.apache.http.wire -  << "[0xce]X[0xc3][0x10][0xec][0x12]Dt[0x99][0x98][0x19]"[0x17][0xb9]x[0xa3][0xb])[U[0xe6][0xa5][0x16][0xa5]g[0x82][0x9b][0x0][0xa0]HQ[0xc0]^[\n]"
12:44:15.186 [main] DEBUG org.apache.http.wire -  << "[0x6][0xe4]$[0x82][0x94] l35[0xb6]@.[0x9c][0xf0][0xda][0x86][0xc8]Z[0xc8][0xa5].[0xa4][0x1c]W[0xf0][0xce][0xcb]L[0x3][0x15]z[0xa8]![0x89][0xc5]>S[0xa2][0x93][0x8][0xa2][0xf2]B[0xb6][0xcf]1[0xa7]473[0xaf]4W[0x1][[0xe9][0xb]M[0xad]H[0xfe][0xb3]4&[0xda][0x88][\n]"
12:44:15.186 [main] DEBUG org.apache.http.wire -  << "[0xc]9Cg[0xe6]d+[0x84]'[0xe6][0xe4][0xa4]bfiH[0x82]EXfif`Al:A[0x94][0x1e][0x18][\r]G[0x1c][0xb6]a[0xf8][0xcd][0xc2][0xcc][0x10][0xb9][0xa8][0xc7][0x1b]w[0x88][0x12][0x4]9,[0xa1]5&[0xe][0xb][0x9d][0xf3][0xb][\n]"
12:44:15.186 [main] DEBUG org.apache.http.wire -  << "[0x90][0xf3][0x9b][0xa5][0x99]!r[0xb3][\r][0x9f]}F[0x88][0x8a][0xc]V[0x90]@[0x93][0x82][0x82]s"f[0x89][0x85][0x1e][0x90][0xc6][0xc6][0x6][0xc4][0x16]YF[0x86][0xf0][0xaa][0x5]f[0x13][0xa4][0xa4][0xc5][0xd5][0xee][0x0][0xb5]I[0x10]QfJ|)l[0x84](C[0xe0]E[0x16][0xd4]*[0xec][0x99][\r]"[0x89][0xb0][0xcb][0xcc][0xdc][0xc][0xb9][0xd1][0x81]7[0xfc][0x10][0x8d]Qx1[0x12][0x9e][0x9f][0x9f][0x83][0xa3][0x8]A[0xf]?S[0xb][0x13][0xa2][0xc3][0xf]Q[0x86][0xc0]m[0x82][0x18][0x87][0xa3][0xb][0x81][0xee]+c[0x3]Sb[0x13][0xbd][0x11][0xa2][0x4][0x81][0x96][0xc2][0x90]$[0x86][0xc3]&h[0x8a]A[0x4][0xa0][0xb1][0x11][0xd1]U[0xa6][0x11][0xa2][0xf0][0xa0]B[0x8b][0x3]oT![0x8a][\r]DN[0x86]T[0xcf]8[0x9a][0x1]9[0x8][0x1f]YZ[0x82][0xaa]\x[0xdb][0x10][0xaf]=[0x88][0x12][0x3][0xde]6[0x84]u[0xf6][0xb0]WcPY[0x84]m[0xe6][0x86][0x96][0xc4]69[0x8c][0x10][0x5][0x86]g^IjNNfzj^[0x89][0x2]4e`[0xcb][0xc3][0x18][0xb6][0x99][0x9a][0x98][0x12][[0x91][0x81][0xca]hh[0xad][0x9][0xcf]Z[0xe0]V[0x8c][0x82]S~I[0x9][0x96]^4[0xa8][0x8a]C[0xf8][0xcb][0xd8][0xc2][0x80][0xd8]J[0xc5][0x18]Q\x[0x82]j[0xe5][0x94]LPW[0x1d][0x9a][0xd2][0x14][0x9c][0xb1][0xb6][0xa7]`5[0xe][0xc2]B#[0x3][0xa2][0xa3][0xcd][0x18]Qj [0x92][0x7]4[0xd9];[0xe7]ci'B[0xdd][0x82][0xb0][0xcc][0xd2][0xcc][0x84][0xd8]*[0xcc][0x18]Ql[0x4][0xe7][0xa4][0xa6]f+[0x80][0xdb][0x16][\n]"
12:44:15.186 [main] DEBUG org.apache.http.wire -  << "X[0xed]A-[0x7][0x8d]M[0x8d][0x88][0xe]BD[0x89][0xe1][0x93][0x99][0x9e]QR[0x9e][\n]"
12:44:15.186 [main] DEBUG org.apache.http.wire -  << ""a[0xa3][0x1e]N[0xa9]y[0xc9][0x19][0x18][0xbd]"[0x8c][0xba][0xcb][0xd4][0x1c]Tp[0x13][0x95][0xf0][0x8d][0x11][0xa5][0x6][0xbc][0x84][0x82]&6[0x5][0xef][0xd4][0xca][0xa4][0xfc][0xc4][0xa2][0x14][0xc][0xb]A[0x85]%"[0x8][0x8d][0x8c]L[0x88][0xad][0xb9]@[0xfd]]hRD[0xae])A[0xa1][0x85][0xdb]6pvGXgnA|[0x8c]!J[0xf][0xa4]F[0x7]4[0xb8]p[0x94][0x8b][0xe8][0xcd]SK#[0xd0]@[0x19]qa[0x89](D[0x90][0xac][0x83][0xf5]Yq[0xe5]6t[0xb][0xcd][0xcc]@[0xf5];q[0x16]"[0xca][0x11]x[0xa9][0x5][0xca][0xbc][0xc4][0xd5][0xce][0x16][0x16]D[0xb7][0x3]@![0xe][0x8d]7X7[0x1d][0x9a][0xcb][0x2][0x12][0xf3][0xc0]cO[0xa8]-S[0xf4]j[0xcc][0xc8][0xd4][0x8c][0xd8][0xd2][\n]"
12:44:15.186 [main] DEBUG org.apache.http.wire -  << "T[0xb7]B[0xad][0x82][0x97]V[0x90] [0xc2][0xd1][0xea][0x86]F'"[0x81][0x98][0x1a][0x1a][0x13][0xdb]r3A[0x94][0x1f]n[0x89]y%[0xe0][0xe6];l[0x8][0x7][[0xb][0x18][0xa3][0xf8][0xb0][0xb0] [0xba][0xc5]m[0x82](>[0xa0][0xf5]3([0x1b][0xe1]hs@|[0x8c][0xf0][0x93][0x89]!hT[0x90][0xa8]Da[0x82](A[0x82][0x91][0xfa]-[0xb0]r[0x16]k[0xf7][0x19]-[0x8b][0x99][0x19]X[0x12][0x1d][0x82][0x88][0xf2][0x3][0xb9]*[0x3][0xe7]h[0xec][0xa3][0xa4][0xa0][0x4][0x8a][0xf0][0x98][0x91][0x1][0xd1][0xf5][0x18]h[0x0][0x15][0x9a]2[0x10][0x91][0x5]2M[0x1]{"D[0xf3][0x94][0x85][0x89][0x5][0xb1][0xcd]6[0x13]D[0xb9][0x81]\[0x8f]A[0xc6][0x8a][0x88]ha[[0x18][0x81][0xc6][0x9a][0x88][0x8b]-D[0x99][0x81]d[0x15]8[0xf8][0xb0][0xb7];@R[0x88][0xe0]33[0x1]E7q6![\n]"
12:44:15.186 [main] DEBUG org.apache.http.wire -  << "[0xb]x[0xc6][0x82][0x95][0xf4][0xd8][0xeb][0x15][0x8c]\l[0x1][0xaa]-[0x88][0xb2][0xcc][0x14][0xb3][0x8b][0x2][0x8e])[0xc2][0x8d]6csSbk[0x13]SDs[0x3]1[0x0][0xb]/n[0xb1]Y[0x5]r[0x3]"[0xf0],M[0x8c][0x89][0xb6][\n]"
12:44:15.186 [main] DEBUG org.apache.http.wire -  << "[0x91][0xa9][0xe0][0xd5]$8}[0xe1]([0x94]`[0xb9][\r]a[0x99][0xa9][0x19][0xd1][0x9][0xdd][0x14][0x91][0xa7][0xa0]%[0x5]([0xd2][0xb1]f\T[0xf][0x19]Y[0x9a][0x11][0xdb][0x4][0x5]9[0x6][0x9a][0x99][0x90][0xd2][0x1d],=[0x84]'[0x96]`ig`[0x94]~f[0x6]([0xc3][0xa1][0xf8][0x1a][0xd8][0xa0][0xbe][0x5][0xd4]>xU[0x5][0x1b][0xdc][0xc0][0xd5][0xcc][0x0]7R[0x11]!hfdFl_[0x8][0xd4]i[0x82][0xda][0x86][0xe4];H[0x84]a+[0xd7]![0x95][0x19][0x92]U[0xc6][0xc6]D[0x7]$"[!J%X[0xf4]+`[0xcf]Xh[0x1e]35%:[0x13][0x9b]![0xf2][0x15]r[0xe1][0xe][\r]I[0xec]C`[0x90]n[0x5][0xc2]s[0xa6][0xa8][0x13]D[0xf8]b[0xcd][0xc][0x91][0xc3]`[0xf5]>,[0x89][0xe0]([0x9d]@#[0xb4][0x8][0xab][0x8c][\r][0x89][0x1e][0x0][0x3][0xf5][0xde][0xa1]Q[0x6]M[0xf4][0x88]@[0xc4][0xde]M[0x81]x[0x1a]a[0x99][0x89][0x9]h|[0x90][0xa8][0xe2][0xc9][0xc][0x91][0xc3][0xe0]e!(+[0xe1][0x18]hC[0xf]A[0x13]csb[0x93][0x7]([0xc9]B[0xbd][0x5][0xb7][0x9][0x92][0xda]p[0xc][0x8f][0x82][0xb2]:[0xc2]O[0x16]fD7[0x9c][0xcc][0x11]I[0x3]n[0x13][0xa4][0x4]W[0xc0][0x9e][0x9d]a%%[0xc2]6cc[0xa2][0x87][0x98][0xcd][0x11]-'Hg[0x8]:[0xda][0x85]}[0xa4][0x12][0xd3]*Ks[0x90]{[0x89][0x8a],sD[0xd9][0x8b]\[0xcc][0x83]g[0xaa][0xb1][0x8f][\r]aZgl[0x1]*[0x80][0x88][0xb3][0xe]ip[0x3][0xa9][0xfd][0x4]-[0xfc]p[0xb5][0xe2]a[0x89][0x15][0x11][0x98][0x16][0x6][0xc4]G[0x1d][0xa2][0x11][0x0]M[0xfb][0xe0][0xc4][0x88][0xbd][0xfd][0x4][0xcd][0x80][0x8][0x8b][0x8c]M[0x8c][0x89]-[0x17]A[0xb9][0x11][0x9a][0x1a][0x83]s[0x13]sr[0xe0][0x93]m[0xd8][0xc3][0x11]=[0xdd][[0x9a][0x80][0xe6][0x9a][0x88][\n]"
12:44:15.186 [main] DEBUG org.apache.http.wire -  << "EP[[0xb]j[0x13][0xd4]K[0xd0]T[0x8f][0xdd]&HBE[0xf2][0x93])[0xd1][0xed]j[0xd0]t>[0xd4]&[0xe4][0x16](,B[0xb0][0xf7][0xcf]a[0xb2][0x8][0x1b]-LA[0x85][0x1d]q~C[0xb4][0xe4][0x91][0xfa]y[0xe0]B[0x1d]GS[0x14][0xc3]{[0xc4][0xa7]~P[\r][0xb][0xf7]^rQ*tL[0x5][0xdc][0x16][0xc5]1~[0x83]Z[0x84][0x18][0x99][0x9b][0x11];[0xf8]`[0x81]([0x16][0x91][0xbb][0xe7][0xb0][0xec][0x84]k[0xa4][0x1e][0x94]X[0x11][0x1]iLB"Ad5[0xd4]D[0x82][0xbd]A[0xf][0x1e]oAXdn[0x1][0x1a]G#"[0xc6][0x8c][0x8d][0x91]<[0x16][0xe1][0xe4][0x1f]a[0x88]1[0xa2][0x81]0[0xd5][0x4]e[0xf5][0x4]z[0xe5][0x8][[0x9b]b[0x8a][0xd4]MuO[0xcc][0xcd][0xcc][0xc3][0x9c][0xab]v[0xcb]/RH[0x7]K)[0x14][0x94][0x16][0x15][0xe4][0x17][0xa7][0x16]+[0xd5]"-o[0xb1][0x4][0x8d]+@c[0x16]y[0xa8][0x7][0x9a]Op[0xd4][0xaf]([0xb][0x8]L,A[0xcd]8"B[0xc0][0xc8][0xd2][0x2]Q[0xc4] [0xb5][0x88][0xa0]}g[0x1c]U[0x11][0xa8][0x8a][0x8][0x18]##P[0x9e]&[0xca]2P_[0x15][0x8b][0xcf] [0xb9][0x0]gm[0x4]*[0xd0][0x11][0xd6][0x99][0x9b][0x82]Z[0x4][0xc4]Yg[0x4][0x0][0x0][0x0][0xff][0xff]"
12:44:15.186 [main] DEBUG org.apache.http.wire -  << "[\r][\n]"
12:44:15.187 [main] DEBUG org.apache.http.wire -  << "760[\r][\n]"
12:44:15.187 [main] DEBUG org.apache.http.wire -  << "[0x82][0xcf]R [0x9a]`[0xd0][0xfa][0x8]{[0x3][0xc]-%YZ[0x10][0x9d]E,[0x11]y[0x1f][0xde][0x8e][\r][0x2]O[0x9d][0xe2][0x19][0xc0]B[0x9f][0x17]463"v8[0x4][0xd4][0x11][0x87][0x6]%r[0xe9][0x6][0xca]rX'{[0xa0]1[0x8a][0x8]GS[0x3][0xd0][0xac]=q[0xe1][0x88][0xc8][0xfe]Hi[0x4]Z[0xdf]`[0xb7][\r]4[0xcf][0x8b][0xb0][0xcb][0xc8][0x2][0xd4]>%[0xce].D[0xd6][0x87][0xd4]D[0xe0]([0xc1][0xd1]^[0xc6],[0xad][0x8d][0x89][0x1f][0xb6][0x5][0x8d][0xca]CC[0x10][0xa9][0xb4][0x86][0xa6]E[0xec][0xb9][0xc]5[0xe1][X[0x12]=[0xf1]h[0x89][0xc8]e[0x88][0x94][0x8]M[0x1e][0xd8][0xfa][0x1d][0x90]D[0x8a][0x8]@c[0xb][0xd0] 3<[0x0][0xf1][0xac][0xdd][0xb2][0x4][0x15]SPo!E[0x16][0xa4][0x12][0xc2][0x9e][0xe8]a[0xc5]8[0xc2]:sS[0xd0][0x0][0x18][0xdc]:[0xdc]K?[0x8c][\r]@[0x3][0x1a]p[0xeb][0x10]S[0x16][0xb0][0x98][0xc1][0xd1][\r]Fo@[0x98][0xa1][0xce][0xc8][0xe0][0xf6][0x9f][0xb1][0x81][0x1]"S#[0xf9][0xf][0x1a]m[0xd8][0x1b][0xb4][0xe8][0xa1]ibFd[0xff][0xde][0xd8][0x0][0xd4][0xae][0xc1][0xe2]=[0x88][0x89]8z[0x5][0xd0][0x16]!"8[0x8d][0xcc][0x8c][0x88]k[0x88][0x19][0x83][0xf3]$[0xd4]>H[0xf3][0x19][0x1e][0x90][0xd8][0x17]6[0xa2]U[0xe9][0xa6]D[0xa6]Hc[0x3][0x3][0xa4]|[0x86][0xd4][0x9a][0x85][0xe4]6[0xec][\r]L[0xf4]~[0x95][0x91][0x1]h[0xd8][0x1e][0x9e]J[0xf0]F[0x1a][0xa2]3[0xc][0x9b]/[0x6][0x97]T>[0x89][0xb9][0x5][0x18]u.[0xb8];[0x8e][0x8]=[0xb]SP[0xaf][0x1d]n[\r]z[0xcd][0x8b][0xa8]9[0x8d][0xc1][0xf3]C[0xb0][0xd0][0x3]7c![0xde][0xc1][0xb1][0xe8][0xe]#[0x9e]L[0x89][0xad]6[0x8d][\r][0x90]V[0xd2][0xa0][0xc5][0x13][0xf6]v,[0xba][0x9f][0x88][0x1d]G06@ZD[0x3][0xb]:h[0xc1][0x81]m [0xb]Z(#B[0xcf][0x8][0xbc][\n]"
12:44:15.187 [main] DEBUG org.apache.http.wire -  << "[0x87][0xb8][0xd0]C[0xf4][0xa7][0x90][\n]"
12:44:15.187 [main] DEBUG org.apache.http.wire -  << "DH[0xac][0xe3]^[0x1f][0x84]a#[0xd1]]Sc[0x3][0xd0][0x9a][0x1b]X|Q[0xbe][0xa2][0x15]o[0xca]@[0x8c][0xdc][0xd2]tf[0xda][0xd8][0xc0][0x10]Q[0xd4][0x7][0x4]+`[0xae][0xd0]MO[0xcc]MU0U(.[0x1][0x8f][0x17]C[0x17]U[0xe1]o\[0xa2]$qDN[0x82]x[0xc4][0xd0][0x8]#[0x3][0xc1][0x17][0x1][0xa3][0xaf][0x0]6[0x6][0x95][0xd6]D[0xa5][0x5][0xd0]T[0x13]r[0xcc][0x14][0x98][0x99]aX[0x93][0x9c][0x9f][0x94][0x98][0x8]"[0x10][0xa9][0x8d][0x4][0xb][0x10]#H[0xce][0xf9]I[0x89][\n]"
12:44:15.187 [main] DEBUG org.apache.http.wire -  << ")[0xa5]9[0xa5][0x18]6d[0xe6]e*d$[0xe6]U&*[0x14][0xa4][0x16][0x81]lJ[0xcc]S([0xc8]/[0x6][0xad][0x9][0x82][0x6][0x9c][0xa9]%[0xb8][0xc2]#[0xce]O[0x88][0x9a][0x83][0x16]1[0x3][0x9a][0xca][0x85][0x6][0x19]M[0x8c]G[0xe4][0xce][0x90]D[0xcc][0xa0][0x82][0xc7]9[0x96][0x85][0xdf][0x86][0x6][0x18][0x80][0xa8][0x5]S[0xc6][0x6][0xa0]z[0xb][0xea]'[0x8f][0x2][0x85][0xb0][0xcc][0xb2]|[0x85]H#[0xcc][0x4][0x97][0x9b][0x9a][0x9b][0x99][0x93][0x99][0x9d][0xa9]P\[0x90]Z[0x9c][0x99][0x96][0x99][0x9d]X[0x9c][0xa9]P[0x99][0x98][0x97][0xae][0x90]X[0x90][0x9]Z[0xbf][0x8][0x8d]-Ps[0x1][0xdc]b .[0xbe][0x10]I[0x9d]~>FZ[0xaa]@[0x1f]#-[[0x18][0x0][0xcb][0x11]=[0x98][0x92][0xd4]b[0xd0]6[0xc][0x85][0x82][0xa2][0xfc][0x94][0xd2]dPvC[0x9d][0xc6]-[0xc9][0xc8],V[0xc8],V([0xc9]H[0x85][0xa9]QHA[0xda][0x10][0x2][0xdf][0xd2][0x1]NyD[0xa6]5[0xd0][0xe4],4[0xad][0x81]K63[0x3][0x3][0x3][0x8c][0x12][0x1]_27[0x5]5}[0x89]JY[0xa0][0xe9]*[0xa8]U[0x3][0xe3]UD[0xe3]k`[0xec][0xa7][m[0x8][0x1a][0x81][0x84][0x86]48RI[0xde][0xb3]Bt[0x8d][0x5]j[0xd2]Cm[0xa2][0xde]AZ[0x7]1 [0x11][0x8a]4[0xea]40[0xf6]#[0xaa][0xd6][0x81][0xb1][0x1f]QvA[0x86][0xd6]0[\n]"
12:44:15.187 [main] DEBUG org.apache.http.wire -  << "[0x8e]4,[0xa3]n[0xf0]b[0x8a][0xd8][0x89]/c[0x3][0xd0][0x84][0x1c]4[0x95][0xc1]&[0xbe][0xc0][0x1d][0x19][0xec]k[0xd8][0x82]R3[0x93]3S[0xf3]R2[0x8b][0x15][0x8a]SS[0x14]2[0xf3][0xca]R[0xf3]J[0xf2][0x8b]R[0x15]2[0xf3][0x92]3S@[0x1b][0xd1]RK[0x14][0x12]KKRs[0x91][0xf6][0x83][0x11][0xbb]F[0xc0][0xd8][0x0][0xb4]>[0x1e][0xea][0x98][0x81][0x9]uD16[0x0]Y[0xe]Q[0x86]Q[0xcd][0xf3][0xc4][0xad][0xf8]360A[0xb4][0xf1][0x9][0xd9][0x8d]h[0x1b][0x83][0xea]B"[0xab]B[0xd0][0xba][0xb9][0x81][0x8c]X[0xa4]U[0x1a][0x84][0xfc]G[0x93][0xa6][0x0][0xd2][0x2][0xe][0xaa][0xd9]Ol[0xdc][0x82][0xb6][0xa8][0x11][0x19][0xf6]d[0xc5]-h[0xfe][0x8a]H[0xf3]i[0x13][0xb6][0x88]~[0x4][0xd5][0xc2][0x16][0x94][0xb4][0x89][0xe]_[0xc4]`2[0xd5][0xec]'[0xda]nD[0x81]E[0xc8]n[0xf2][0xe2][0x96][0x6]e[0x12]Ia[0x8b]([0x97]h[[\r][0x82][0x96]bA[0x13]1m-[0x2][0xcd][0x1b]@-"[0x14]c4[0xc9]-[0xa0][0xb9]_j[0xdb]Olj[0x5][0xcd]s[0x11]i7Y[0xa9][0x15]4[0xb7]E[0xa4][0xf9][0xb4][0x9][[0x1a][0x95]DDV[0xb2]Hk}[0xc8][0xeb][0x9a][0x10][0xdd][0xdd][0x4]-[0xbe][0x83][0x6]4[0xad]mB[0x14][0x0][0x11]N[0xf9][0x15][\n]"
12:44:15.187 [main] DEBUG org.apache.http.wire -  << "[0x83]aB[0xdb][0xd8][0xc0][0x1c]1[0xd6]7 [0x99][0x18]iM[0x12][0xd5][0xec]'6[0x13][0x9b]#z&[0x84][0xec]&+[0x13]#-[0x82]"d>M2[0xb1]9[\r][0xaa]sP[0x95]Gd&FZ[0xb8]4 [0xde][0x7]-}[0x80]fm[0xaa][0xd9]Ol[0xd2]BZ[0xe0]D[0xc8]n[0xb2][0x92][0x16]h[0xcd][0x1f][0xb5][0xfd][0x6][0x8a]Z[0xa2][0xfd]7[0xb0][0xf5][0x3][0xd2]b[0x15]B[0xc1]K[0x8b][0x9c]e[0x4][0xda][0xaa][0x5][\r]~[0xda][0xb6][0xb1]@[0xe7][0xee]@-[0xa2][0x9a]G[0x89][0x8d]c[0xa4]%:[0x84][0xec][0xc6][0x99][0x86][0xf1]-O@Z[0x96]C[0xc8]|ZD"x[0xbf][0xc][0xb5][0xc3][0x16][0x94][0x87][0x88]+[0x1e][\r]A[0xa3][0xa7][0xb4][0xb0][0x9e][0xc8][0xe8]5[0x4]m$[0x1b]P[0xfb]i0.I[0xb4][0xdf]i[[0xf3][0x1b]"-M[0x19][0x88][0xa4]m[0x8]Z>F[0x8b][0xb8]%2i#[0xad][0xc0][0x18][0x10][0xef]#[0xad][0xcb][0xa0]m[0xa3][0xde][0x10][0xb4]{[0x1][0x1a][0xd0][0xb4][0xb6][0x9]Q[0xe3][0xd2][0xda]&D[0xb3][0x91][0xd6]6![0xc6]|hm[0x13]b[0xf4][0x87][0xd6]6![0xba]y[0xb4][0xb6][0x9]1[0x7]Oc[0x9b][0xd0]W[0x9c][0x90]<SHlw[0xdc][0x10][0xa9]aEk?![0xaa][0x1f]Z[0xdb][0x84][0xa8]lhm[0x13][0xdd][0xf2][0x93][0x11]"?[\r]H[0x9][0x8f][0xb4][0xf8][0x85]j[0xf6][0x13][0xdb]x[0x0][0xed]`[0x80][0x96][0xf9][0x84][0xec][0xc6][0xd9].[0xc6][0xb3][0x1e][0xce][0x10][0xe9][0xec][0xf][0x1a][0xa7][0x17][0xa4][0x5]5[0x84]|B[0x8b][0x16][0xb8]![0xd2][0x9a][0x1a][0xaa][0xda]Od3[0x5]iY[0x2]U[0xad]'6!![0xad]L[0xa0]qD#M[0x8d][0xd3][0xda]&D[0x11]D[0x83][0x95]v[0x86]H[0xb3][0x9f][0x88]}[0x85][0xd0]e[0xae][0xb8]N[0xd0][0x8],[0x5]-[0x87]B[0x9c]2[0x9b]X\\[0x9a][0x9b][0x9a][0x97][0x92][0xa8]P[0x9a][0x93][0x93]H[0xd6][0xf4][0xbe]![0xd2],([0x8d][0x3][0x14]i[0xce]3 [0xd8][0x4]c[0xed]DA[0xb1][0x89]BRb[0x11]h[0xd1]![0xd2]B>"3[0xc0][0x0][0xcf]w[0x1a][0x9a]"[0xda][0xb4]T[0xcb][0x80][0xc4]f>[0xa4][\r][0xfb][0x84][0xec]&[0xab][0x14][0x7][0xed][0xf2]"[0xb2][0x96][0xa0]I[0xd9][\n]"
12:44:15.187 [main] DEBUG org.apache.http.wire -  << "[0xda];K[0xb][0xfb][0x89]LZ[0x3]<[0x81]e[0x88]4[0x83]D(zi[0x12][0xfc][0xa0]}[0xc4][0xd4][0xe]~b[0x93]6[0xd2][0x9c][0x16]![0xbf][0x93][0x95][0xb4][0x91][0xf6][0xc7][0x13]2[0x9f]6a[0x8b][0xe8][0xf8]P[0xd5]~"[0x93]6[0xad][0xa6]U[0x88][0x8d]^[0xd0]9[0x6][0xd0][0xa4]E[0x8b]*[0xd6][0x1c][0xa9][0x3][0x8b][0xb4][0xfb][0x8][0xbc]K[0x6][0xc7][0xae]*[0xff][0xdc]<[0xe8]2[0xba]BP][0x9b][0x9c][0x9f]W[0x9c]ZX[0x9a]XRZ[0xa4][0x90][0x9c]_[0x4]:[0xdd][0x1d]t[0xe8]yRf[0xb1]BQ"[0xe8]Tz[0xe4][0x93][0xe5][0x89]^Rgh[0x8e][0x88]vZ[0xf8][0x1b]i[0xba][0x8a][\n]"
12:44:15.187 [main] DEBUG org.apache.http.wire -  << "U:[0x9e][0x1d]W[0x86]H[0x13]S[0x90][\r]J[0xd0]MC[0xd8][0xb7]v9[0x96][0x96]([0xa4][0x16][0x97]([0xe4]$&[0xe5][0x17][0x95][0xe6]*[0x14]'[0x16]d[0xa6][0xe6][0x95][0xa4]"[0x82][0x16][0xbc]J[0x11][0xb4][0x8a][0x91][0x9c][0x95][0x8a][0x86]HSUy[0x89][0xb9][0x89][0x90]E[0xe3][0xa0][0x8d][0x1][0xa8][0xeb][0xca][0xb3][0xa1]'[0xfe]#[0xe4][0xa1][0xed][\r]b[0x93]-[0xd2][0x94][0x15]M[0xa2][0xf][0xd1][0x96][0x80][0xee]K[0x87][0xee]![0xc3][0xb5][0x3]>[0x18][0xb4][0xc6]3/[0x11]|[0xf8]"y![0x87][0x18](C[0xde][0xe7][0xb][0xdd][0x95][0x85]}S[0xa0]_bIi[0xb1]Bj[0x89]Bqf^[0x9]y[0xb6]"Z[0xd8]T-[0xfd][0x88][0x8e][0xc7][0x1][0xee][0xfa]#[0xed][0x8a]G[0xda][\n]"
12:44:15.187 [main] DEBUG org.apache.http.wire -  << "[0x7][0x8b]ll[0x1b][0xef][0xc2][0xf2]sJ[0xb]J[0x12]KR[0x8b][0x15]J[0x10][0xdd][0x80][0xd4][0x12][0x85][0xd4]Rp[0xec]+[0x94][0x82]W[0xfa][0x92][0x17][0x1b][0x88]Bi@b[0x83][0x1e]3[0xa1][0xf8][0xca]2[0xf2]'([0x1][0x0][0x0][0x0][0xff][0xff]"
12:44:15.187 [main] DEBUG org.apache.http.wire -  << "[\r][\n]"
12:44:15.192 [main] DEBUG org.apache.http.wire -  << "553[\r][\n]"
12:44:15.192 [main] DEBUG org.apache.http.wire -  << "[0x2][0xed]^!ng[\n]"
12:44:15.192 [main] DEBUG org.apache.http.wire -  << "[0x9e]IDC[0xa4]IJ[0xd8][0x16]L[0xd0][0xbe][[0x1c][0xa7]#8[0x82][0xee][0x16][0xc9][0x3]WL[0xf0]e[0xde][0x85][0xa5][0x99][\n]"
12:44:15.192 [main] DEBUG org.apache.http.wire -  << "y[0xa5][0xb9][0x85][0xa5]dv[0x5][0xe9]1[0x8d][0x89]7[0x4]0[\n]"
12:44:15.192 [main] DEBUG org.apache.http.wire -  << ">[0xe8]y[0x2]8[0xe][0xcb][0xf4][0xcc]-HM[0xc9],Q(J[0x5][0xd5]&[0xb0][0xb]`[0xc0][0x15]7[0xa8][0xd6][0xce][0x4][0xe7][0x6]x[0x17][0x19]\[0xeb][0x90]W_#[0xdd][0xea]10Y[0x3]QP"6[0xf6]C[0xb]g[0xec][0xa7]n!]ES[0x94]ZP[0x9a][0x92][0x99][0x98][0x97][0x92][0x98]JQ[0xa3][0x5][0xe9]$[0x3][0x9a][0x5][0x2][0xde][0xd4][0x81]h[0xcd][0xd1][0xcc]~|[0x83][0x99][0xa0][0x91]hcu [0xec][0x7][0xb7].[0x7][0xd4]~[0x1a][0xac][0xaf]#[0xb2][0xa6]6B:[0x8e][0x81]P[0xd8][0x93][0xd3][0xf]4[0x2][0x9d]1=[0x90]a[0xb]:|[0x1f]j?MW[0xe1][0x18][0xd1]j:[0x9f][0xb8][0xe][0xa7][0x11][0xe8]hm[0xa8]?[0x9][0xc5]#-[0xfa][0xdb]FH[0xd3][0xe9]4[0xb3][0x1f]O[0x19]f[0x84]4[0xc9]N3[0xfb][0xf1][0x94]aF[0xa0]K%[0x6]4[0xfc][0x11][0xfd][0x8c][0x81][0xf1]?[0xa2]"[0xa5]B[0xcf][0x18]oH#j+[0x1a][0xdb]D[0xb7])m#[0xa4][2[0xa8][0xe0]'<mq#[0xa4]S[0xe]h[[0x1e][0x1a]![0x9a][0x9c]T[0xf0][0x12][0xbe][0x4][0x81]tA[0x6][0xad]mB$[0xf2][0xcc][0xbc][0x94][0xfc][0xdc]L[0xcc][0xbb]{[0x12][0xb3]K[0x15][0x8a]K[0xb3][0x13][0x15][0x10][\n]"
12:44:15.193 [main] DEBUG org.apache.http.wire -  << "[0xa0]c FD[0x9f][0x9c]`[0x84]4s[0x8e]0[0x6]u[0xa8][0x85]:[0xf6] e[0xa5][0xc4][0xdc][0xe2][0xd2][0xbc]t[0x85]`#c[0x85][0xd0][0x9c][0x92][0xa2]D[0x8c]Y$[0xa4][0xea][0xdf][0xcc][0x80][0xb8][0xf3][0x95][0x8d][0x8d][0x90][0xe6][0xc1]i[0x1c]7H[0xf3][0xd4][0xc1][0x4][0xfd][0xe2][0x9e][0x98][0x93]XQ[0x89][0xf0][0x11][0xb1][0xad]%[0xa4][0xc9]hZ{[0x87]^[0xb]B[0x8c][0x90][0xcf]m [0x18]p[0x88] 3$>[0x11] [0x1d][0xd7]@[0xeb]PCdPZ[0xdb][0x84][0x18][0xe1][0xa2][0xb5]M[0x88]L[0x1a][0x0][0x19][0x11][0xc1][0xc8][0x9a][0xa0]svRR[0x8b][0xb3][0x8b]2[0xb][0x8a]3[0xc9][0x1d]|5BZ[0xea]@[0xdb][0xaa][0x1]iM[0x3][0x8d]-Bt[0xac]hl[0x11]b[0xa1][0x18][0x8d]-B[0x14][0xb][0xa8]'[0xb9][0x82].[0x1d][0xc3]1[0xf3][0x12][0x96]Z[0x4][0xbe][0xd6][0x17]r[0x88][0x1][0xd2][0xe8]&[0xe2][0x16]][0x85][0x94][0xcc][0xf4][0xbc][0xcc][0xe2][0xe2][0xcc][0xdc][0xfc]br[0x86]8[0x8d][0xe8][0xb6]x[0xc4][0x8][0xe9][0xd0][0x4][0x1a]g<[0xa4]{)hm[0x13][0xdd][\n]"
12:44:15.193 [main] DEBUG org.apache.http.wire -  << "[0x13][0xa4][0x93][0xf]`[0xb5]$[0xa4].Tp4&[0xed][0xb4][0x1e][0xa2][0xcf][0xdc][0x0][0xdf]"[0x4][0xed][0x1a][0xd1]`R[0xc7][0x8]i[0xb9][0xcf][0x80][0xf4]|[0x90][0x96][0xf9][0xc][0x8c][0xfd][0x88][0xb2]g`[0xec]G[0x14]I[0x3]c?ZG[0x83]v[0xe7]N[0x19]![0xad][0x7]B.}[0xc1]'[0xc8]`=[\n]"
12:44:15.193 [main] DEBUG org.apache.http.wire -  << "[0x13]4[0xcd][0x80]h2[0x19][0x99][0x83]ZB[0xc4][0x9c]pe[0x84][0xb4]2[0x8][0xf9]>[0x8][0xb0]MD[0x1d][0xa2][\r]9x[0x92]8[0xbb][0x10][0xa5][0xf][0xec]L[0x1c][0xc8]D>[0xf6]Cq[0xa0]3[0x7][0x8]o[0x99][0x1a][0x12]y[0xe4][0xbf][0xb1][0x11][0xe8]$PhQ[0x0][0x9b][0x89][0x81][0x9d]^[0x8b][0xe3][0x84]u[0xe8][0x9c][0x1d][0xc2]6[0xb][0x13][0xd0]a[0xbc][0xc4]y[0xc]1[0xef][0x86][0xb8]E[0xe]rt-[0x8e][0xaa][0x12][0xba]J[0x10]a[0x9b][0x89])h[0x0][0x91]([0xdb][0x90][0x8e]:[0x80][0xcc][0xd8][0x83]#[0xb]k[0xb2][0x80][0xcc][0xe5]#l1[0x2][0xaf]Y$[0xce][0x16]D[0x93][0x6][0xf9]pq[0x88][0x89][0xb8]V7[0xa2]&CSK[0xd0]t[0x14]q[0xb6]![0xca][0x16][0xf8][0xf5]8[0xd0]0[0xc2]zm[\r]$p[0x11][0x1e]3[0x6]W[0xd7][0xc4]Y[0x85](F[0x90][0xf3][0x16][0xd4]c[0xd8][0x93]"[0xe4][0xd4]`$[0xeb],@[0x85]1q[0xd6]![0xc6][0xcb][0xe0]>[0xc3]k[0x17][0xe4][0xc8]`[0x84]]fD[0x9f][0xd5]kD[0xc2]Z+[0x9a][0x8c][0xcd][0xe][0xf0]Z,#3D>[0x4]7[0xa4]hXB[0x83]J"h[0x1]3 [0x95][0xd1][0x0][0x1f][0x95]`D[0x8b][0xa3][0x12]@[0xfb]U[0x89][0x1d] ![0xe1][0xb8][0x4][0x9a]$[0xf5][0x1]>N[0xc1]h[0x80][0xd7][0xfd][0x19][0xa1]/P[0xa3]aVC^[0xa1]F[0xd3][0xc3][0x9f][0x8d][0x90]V[0x85][0xd1][0xba][0xfc][0xb0]@kL[0xd2]l[0x17][0x9b][0x91][0x5][0xdd][0x86][0xaa][0x90][0xee]#[0x1][0x7][0x1f][\r][0xfd][0x84]V[0xd0][0xd3][0xce]&[0xa4]%E[0x88]u[0x1b][0xd0][0xb6]"[0xae]V[0x90]cQrFfIjrI[0xbe][0x2]lEK1h}_>xejj1YK[0xed][0x8c][0x90][0x16][0x17][0x81]C[0x97][0x86]9[0xe][0xd4]l[0x83]Vn[0x8]OC[0xaf][0x95][0xc1][0xbe].[0xd4]/3#3G!5[0x11][0xb4]8[0x94][0xac]q[0x1d]K[0xba][0xe5][0x7]K[0xba][0xe5][0x7][0xa4][0xe5]&4[0x1d][0xac]3F:=[0x1]6[0xd8][0xe2][0x98][0x85]9[0xb1][0x82][0xef]Ld[0xa2]GY[0x8c][0x91][0x16]r[0x80][0xd3]![0xcd][0xf2][0x9e]1[0xf2][0xd5][0x13]4-[0xf8][0x8d][0x91][0x16]5[0xd0][0xd8]OH[0xd3][0xf7][0xb4][0xb6][0x9]1[0x9c]Oc[0x9b][0xa8];[0xa9][0x8c]g[0x6][0xd6][0x18]t[0xeb][0x11][0xb4]`B[0xee][0x94][0xc2][0xbb][0xf6][0xd8][0xae][0xc8][0xf1]K-,MU([0x83],[0xbb]-[0x6][0x15]P[\n]"
12:44:15.193 [main] DEBUG org.apache.http.wire -  << "[0x99])[0xd0][0x82][0x19]y[0xbf][0x1d]h$[0x84][0x98][0x1e][0x9d]1[0xd2][0xa4])[0x8d][0x3][0x96]n[0x9b]o[0x8d]A[0xb7][0x6]A[0x3][0x96][0xd6]~[0xa2]WA[0xf][0xbe]9[0x85]>~B[0x9a]g[0xa2]q[0xe8]!M[0xc][0x9e]s[0xfb][0x8c][0x91]&0[0x6][0x93][0xab][0x10][0xc3][0x8d][0x83][0xc9]U[0x88]by0[0xb9][0xca][0x12]~[0x3][0xde]`[0xb9][0xdf][0xd0][0xd8][0x18]4[0xc6][0x6][0xcd][0xc0][0x83][0xc8]Q[0x88][0xe1][0xc3]A[0xe4]([0xc4] #[0x8d][0xb] [0xa4][0x81]u[0x1a][0xdb][0x84]t[0xa2].[0xad]m[0xa2][[0x95][0x84]4@[0xeb][0x11][0xa0][0x90][0x9b]Y[0x92][0x8f][0xb1][0xc4][0x2][0xdc]H/I-JJD[0xbe][0x10][0xc7][0x14][0xa4][0x93][0xa8][0xd6][0xc9][0x0][0x8f][0xc1][0x1a]#[0x8d][0xc1]Rm`[0x94][0xc8]AAc[0x12][0x6]e[0x11][0xe3][0xeb][0xa0]QG[0xe2][0xd6]>[0x1b][0xf][0xf0][0xa0][0xab]1[0xad][0x6]][0x89][0xf5]>"[0x9f]P-jA[0xa1]Ot[0xf4]"z[0xee]4[0xb3][0x1f][0xcf][0xd2]o[0xf0][0x9d][0xed][0xd0][0xfa][0x88]f[0xf6][0xe3][0xeb][0xfd] m[0x86][0x1e][0x18][0xfb][0x11][0x8d][0x84][0x1][0xb1][0x1f]i[0xcc]y`[0xec]GL[0x89][0xe][0x8c][0xfd][0x88]I[0xd2]"
12:44:15.193 [main] DEBUG org.apache.http.wire -  << "[\r][\n]"
12:44:15.193 [main] DEBUG org.apache.http.wire -  << "4F3[\r][\n]"
12:44:15.193 [main] DEBUG org.apache.http.wire -  << "[0x81][0xb1][0x1f][0xd1][0xf4][0x19][0x18][0xfb][0x11][0xe5][0xf][0xad]jO[0xa4]![0xec][0xc1][0xd3][0xba][0xb3]@[0xe4];*[0xb4][0x84][0x8c]u[0x94][0x9c][0xa1][0xdb][0xe7]S[0x8b][0x95][0xac][0xa2][0x91].[0x8d]4F[0xda][0xc0];x[0xbc][0x8f]4[0xf0][\r]][0x97][0xaa][0xe0][0x9a][0x93][0x88][0xe5][0xc2]t[0xd0][0xc5][0x8f][0xe0][0xfd][0x91]`9[0xe8]jx[0xd0] ,[0xbc][0xe1][0x84][0xd7][0xef][0x88][0xd4]M[0x83][0xd5]c[0xc6]H[0x3][0xdc]n[0xa5]Ey[0x99]%[0xa5]E[0xa9][\n]"
12:44:15.193 [main] DEBUG org.apache.http.wire -  << "![0xf9][0x98][0xb7][0xda]"dS[0x12][0x8b]2[0x15][0xbc]R[0xb][0x12][0xc1][0x8b][0xe4][0xa1][0xfe]1[0x4][0xdd][0xf9][0x3][0xf7][0x10][0xbe][0xea][0x82]n[0x3][0xdd]&H[0xa7][0x7]S![0x81][0xe2][0xf1][0x93][0x9][0xd2]H7"[0x9c]h[0x19][0x8a]&H[0xfb][\n]"
12:44:15.193 [main] DEBUG org.apache.http.wire -  << "i[0xed]7D[0xf1][0x86]XE[0x4]Yy[0x82]c[0x15][0x91]cNfb[0xb1]BZiz[0xa2]B)[0xf2][0xa4][0x12][0xf8]8gb[0xd2][0x88][0x89][0x1]b[0x8c][0xc4][0xb3] #?/U[0xc1][0xd0]P[0xc1][0xcc]D!=[0x9]{[0xc7]$#[0x11]tx[0x8a][0x2][0xfa]}[0xb1]D[0xcf][0x1e][0x98][0x80]6t@[0xdb]P0[0xb][0x8d]hj![0xd2][0xd0]>[0xcc]B[0xda][0xfa][0x10][0xe9][0xbc]a:Y[0x88]([0xb8]h[0x9c]B[\r]1[0x86][0x19][0xcc]i[0x94]L[0xc][0x11][0xe9]2 1'[0xd1]'[0xdf][0x7][0xcf]t[0x16][0x96][0xd4][0x8][0x1a][0xcf][0x86]g[0x0]<[0xdb][0xd4]Lh{[0xb][0xb3][0x9]hQ[0x1f]4[0xb9][0xd3][0xa0]R1A[0xda]8[0xe8]T[0x94][0x98][0x9c][0x9a][0x93][0x8a]y[0x7][0xab]obJ[0xaa]B~[0x9a]BFfz[0x86]BaibNfI[0xa5]BAjbQN1[0xa2][0x13]l[0x4]2[0x9][0x1e]`[0xf8]J`[0xa4]Cqi[0xe2]#D[0x1b][0x97]&[0xc6]#[0xf2][\n]"
12:44:15.193 [main] DEBUG org.apache.http.wire -  << "[0xdd][0x2][0xc]Q[0xac][0xd3][0xcd]JD>[0xa5][0xa6][0x95][0xf8][0xf2][0x11][0xd2][0xcc][0x1c]5[0xad][0xc4][0x9b][0x12][0x11]e[0x4][0x8d][0xcb]=[0xa4][0xcd][0x85]4[0xea]x[0x98] M[0xf5][0xd1]2[0xfc][0xaa][0x95]<][0x94][0xac][0xc][0x8d],[0x90][0x8a]r[0xc7][0xe4][0xe4][0xd4][0xe2][0xe2][0xfc][0xa2][0xcc]TP[0x81][0x80][0xba][0xfb][0xb3]$_!5/#1/9U![0xb1][0x0]Th[0x80][0x98]J[0xb5]H}[0x6][0x13][0xa4][0xfd][0x90][0xc5][0xa9][0x5][0xa9])[0x98][0x5]ubf%H[0x10][0xda][0x80][0x5][0xef][0xa3] [0xaa][0xa8]A[0xda][0x4]I[0xcb]0A[0xf1][0xc][0xa2]|[0xa0][0xb6]g[0xe8]_[0xc][0x80]6[0x1]@+[0x9f]`p[0xcc]([0xf8]d[0x16][0x97][0x14][0x81][0xc7][0x95]Q[0xa3][0x19]*[0x9d][0x3][0x91]V[0xc8]KOM*[0x5][0xd5]$[0xa4]G[0x19]b[0x88][0xe]j&[0xd4]J[0x5][0xa7][0xc4][0x9c]D[0xcc][0xce][0xe]T[0x11][0xaa][0xc5][\n]"
12:44:15.193 [main] DEBUG org.apache.http.wire -  << "I[0x89]y[0xe9][0xe0][0x9a][0xc]j[0xbf])h[0xeb][\r]qI[0x6]Q&[0xd0]-[0xc9] &[0xf4][0xe8]f%b@[0x80]^V"MqCO[0xb4][0x83][0xf6]L[0xb0]-[0xb9][0x8]-QH-*[0xca]/R(JM.-[0x86][0x9c][T[0x90][0xf][0xda][0xf5]WZ[0xac][0x90][0x9b][0x9f][0x3][0xba]5>1[0x15]tH[0xa0]B&[0xe4][0x0]([0xa4]5c[0xc4]w^[0x90].[0xb3]Ft[0x98]|2[0xf3]R[0xf3][0x14][0x9c][0xf2]KJr07[0xcd][0x83][0x8e]/,H-*.[0xc8]L[0xce]L,[0xc9],[0x86].[0x3]QH[0xc9]L.IT([0xc8]/*[0xca]W[0xc8],(.[0xcd]UHE>[0x85][0x8f][0x4]'![0x9a]/t[0x8b][0x19]D[0x91][0x5][0xd9][0xe][0x2][0x9][0x1][0xf7][0x9c][0xfc]2,[0x5][0xba]ZZfrff[0xb1][0x2][0xf2][0xb9][0x98][0x89]y[0x99][0xb9][0x99][0xf0][0x88])[0x86]-[0x96])IUHI[0xcd]I[0xcd][0xcb],[0xc9]$/~[0xe8]_[0xe4]!m[0xda]t[0xcf]/JO[0xcd]/-V[0x80][0xed][0xb6]H,[0xc2][0xe8][0xac][0xf8][0x83][0xce][0x1e][0x3][0xaf][0xd1],[0xcd][0x5][0xdd][0xaf][\r]M[0x2][0xe0]s[0xc6]2[0xf3][0x8b]![0xe7]1*$[0xe6]d[0x16][0x96]f[0xa6]([0x14]g[0x92][0xd7][0xc9]FZ[0x1e][0x81]H[0xa7][0xb0][0xdd]-[0xce][0xf9][0x89][0xa0][0x92][0x16][0xb5]<v-[0x1][0xf5][0xea]3[0x13]K[0x14] kFs3[0xf3]2s[0x13]a'[0xc3])[0x14][0x97][0x16]'g[0x16][0x90][0xeb][0x1a]D[0x11][0x89][0xbc][0xe3]+<??G!8#[0xb3][0x8][0xab]k@g~B[0x97]P[0x95]d&[0x95][0x16]+[0x14][0xe4]$&[0xa7]&[0x96]([0xa4][0x92][0x19]$[0x88]B[0x93][0xc6]m7P[0xd5][0x1][0xad][0x4][0x15]0[0xe2][0x1f]<[0xd9]J[0xf1][0x98][0x6][0xd2][0xa9][0xe8]dy[0x86][0xc8][0xf9]/[0x13][0xa4][0x13][0xd2][0xc9][0xb2][0x87][0xf8]Q[0x1a][0xa4][0xb3][0xd0][0xe9]U[0x8c]!my[0xa4][0x9b][0x95][0x88][0xc6][\n]"
12:44:15.193 [main] DEBUG org.apache.http.wire -  << "[0xdd][0xac]Dd>[0xba]YI[0xbf][0xac][0x86]h[0x96][0xd0]8}"o[0x81][0x84][0xac][0xc][0xc6][0xbc][0xc0][0x16]_[0xde]6A[0x99][0x15]@[0xef]d[0xc2]:I[0xa6]H[\r][0xc][0xf7][0xc4][0xdc]L[0xf0][0xb4][0x2]jA[0xed][0x96]_[0xa4][0x0]Y[0xdb][0xad]PPZT[0x90]_[0x9c]Z[0x8c][0xda];[0xa2][0xdb]*[0x16][0x13][0xa4][[0xa0]i[0x1d][0xfa]H-[0xe]H[0xe8][0x9b][0xd2][0xa8]d5C[0xb4] h[0xed]'[0xc4][0x90][0x9][0xad]mB[0x94]:P[0x9b][0x6]m[0xda]E[0x14]V8][0x8a][0x18]B[0xc4]W[0x8b]Q5Ga[0x94]g[0x83]6[0xfc]0[0xca]CL[0x97][0xd2]?[0xfc][0x90][0x16]IAc[0x95]V[0xb9][0x17]i[0xb9][0x94]_bq[0xa6][0x82]Kbi[0x9e][0x82]WjQ)[0xe6][0x81][0xee]`[0xf9][0xf2][0xd4][0xbc][0xc4][0xec]l[0x85][0x92][0xd4][0xbc][0xc4]<[0x85][0xdc][0xd2][0xa2][0xdc]TP[0x8b][0x1d]:[0x6]`h[0x89][0xff]X3X[0x12][0xb3]@:[0xe4]69?[0xaf]$?C7[0x19]1[0xdd][0xad][0xa3][0x84]V~'[0x16]gd[0xe6][0xe7]%&[0xe5][0xa4][0xa2][0x96][0xdb]HK[0xad][0xc0]nC[0xb8]]![0xb1]21W!=[0xbf]([0x15]K}[0x0]VK% [0xd2]9a`[0xaa]@[0x19][0xa3]C[0xda]-[0x8b]=[0xce][0x1][0x0][0x0][0x0][0xff][0xff]"
12:44:15.193 [main] DEBUG org.apache.http.wire -  << "[\r][\n]"
12:44:15.194 [main] DEBUG org.apache.http.wire -  << "255[\r][\n]"
12:44:15.194 [main] DEBUG org.apache.http.wire -  << "R[0xb2]R[0xc2]W_[0x12][0xdf]rD[0xda][0x97]Jk[0x9b]0J'[0x9a][0xa5]c[0x8c]|L+[0x9b][0xe8][0xb6][0xd5][0xd5][0x4]i[0xab]+[0xc1]e[0xe8][0xf4]*[0xd9][0x91][0xf6][0xc4][0xe2]p[0x13][0xa2][0xb9][0x85](7[0xe9][0xd7][0x96]C:[0xec]p[0xba][0x8f]n[0xe9][0x14]iW,[0x8e][0x90][0x18][0x88][0xf8]AZ(4[0x98]\E[0xb7][0xd6]2[0xd2][0x12]#[0xec][0xab][0xb7][0x6]6[0xfb] [0xad]G[0xc2][0xee][0xbc][0x1]I3[0x88]Z[0x16][0xbb][0xa3][0x6]4[0xcc]L[0x91]VVaw[0xde][0x0][0x84][0x99])[0xd2]",[0xda][0xd6][0xf1][0xa6]H[0x8b][0xaf][0xb0]{[0x80]c[0x7][0xd1]i[0xc4][0xee][0xbc][0x1][0x89][0x1d][0x8c][0xfe]%[0x8d]Z+[0xe0]s[0x89][0xa0]C[0xab][0xd8][0xbd]?[0xb0][0xb1][0x83][0xb4][0xf2][0xb][0xbb][0xf3][0x6]"v[0x90]V[0x87]aw[0xd4][0x0][0x87][0x19][0xa2][0xb2][0xc2][0xee][0xbc][0x1][0x9]3z[0x8d][0x2][0x99]"[0xad][0x8a][0xa0]q[0xc9]fH[0xb7]\[0x8a][0xb4][0x94][0x8e][0xd6]~B[0xd4][0xa5]4[0xb6][0x9][0xb4]Z[\r]Z[0xf2][0xd0][0xda]&[0xc4][0x84].[0xad]m[0xa2][*[0xa7][0xdb]9[0xf6][0xa6]H[0xab][0xc2]h[0x1d]z[0xf4][0x1a][\r]0E[0xba][0xed][0x9d][0xd6]~[0xa2]W[0xce][0x14]i[0xf5][0x19][0x8d][0xfd][0x84][0xb4]Z[0x8c][0xd6]6!r.[0xf6][0xaa]l`kZcDv[0xc7][0xee][0xbc][0x81][0xa8]i[0x91]W[0x8c][0xd1]tf[0xc7][0xd4][0x98]n[0xf5][0x9f]1[0xa2]d[0xf0][0x8]Pp[0xce]/JU[0xc8]T[0xc0]l[0x12][0xe7][0xa4][0x16][0x94][0xe4][0x17](`[0xec][0xbc][0xb6][0x4][0x1][0xe2]6[0xc8][0x9a][0x1a][0xd3][0xad][0x2]DZ[0x8e]E[0xb7][0xad]x[0xb0][0x11]vS[0xa4][0x1b][0xa8][0xe0][0x9b]p0&[0x0][0xd3][0xb0][0xcd][0x8c][0xea] [0xcc]@t[0x9d]H4[0x3]i[0xb9]&[0xf2][0x4]-[0xd5][0x82][0x81][0xa8][0xd1][0xce]A[0x14][0x4][0x88]b[0x8e]P[0x10] J[0x14][0xd0][0xae]k<i[0x1a][0x11]K[0x88]B[0x8a][0xc4]X[0xa2]zL#:&[0x84][0xbc]I[0x8b][0xf3]>M[0x91][0xe][0xde][0xa1][0xaa][0xfd][0xb4][0x8d][0x5][0x94][0xbc][0x82](q[0xa9][0xea][0x83][0xa1][0x96]_[0x10]e4[0xcd][0x82][0x1][0xfd][0x10][0x81][0xc1][0x98][0x9f][0x10]mK[0x9a][0x5][0x3][0xce]u5[0x83][0xa7][0xf4]DZ[0x1d]8[0xa2][0x83]a[0x0]N6[0x18][0x84][0x99][0x2]i![0xe7][0x88]N[\r][0x3]P[0xd7][0xe][0xc6][0xd4][0x80]h[0xfc][0x8c][0xe8][0xd4][0x80]h[0xa9][0x8f][0xe8]`@4[0x9f]`[0x3][0x17][0xa6][0xa6][0x98][0xdd]H[0xaa][0xac][0xa2]15E[0xf4]Y[0xa9][0xbb][\r][0xcd][0x14][0xe9][0xfc]6[0xcf][0xbc][0x92][0xd4][0x9c][0x9c][0xcc][0xf4][0xd4][0xbc][0x12][0x85][0xe0][0x92][0xd4]T[0xd0][0xf2][0xff]|,[F<S@[0xdb][0x86][0x8b]3[0x15]@w[0xd5][0x17]+[0x80]/g/,M,&kS[0x88][0xa9])[0xa2][0xe1][0x1][0xb]G[0x8c][0xbe]#u[0x2][0x11]s[0x91]0u[0xa3]+[0xb6][0x96][0xb][0x0][0x0][0x0][0xff][0xff]"
12:44:15.194 [main] DEBUG org.apache.http.wire -  << "[\r][\n]"
12:44:15.194 [main] DEBUG org.apache.http.wire -  << "A[\r][\n]"
12:44:15.194 [main] DEBUG org.apache.http.wire -  << "[0x3][0x0][0xf2]B[0xf6][0x1e][0x15][0xe5][0x0][0x0]"
12:44:15.194 [main] DEBUG org.apache.http.wire -  << "[\r][\n]"
12:44:15.194 [main] DEBUG org.apache.http.wire -  << "0[\r][\n]"
12:44:15.194 [main] DEBUG org.apache.http.wire -  << "[\r][\n]"
12:44:15.194 [main] DEBUG io.restassured.internal.RestAssuredHttpBuilder - Parsed data to instance of: class org.apache.http.conn.EofSensorInputStream
12:44:15.197 [main] DEBUG org.apache.http.impl.conn.BasicClientConnectionManager - Releasing connection org.apache.http.impl.conn.ManagedClientConnectionImpl@2b53d6fc
12:44:15.197 [main] DEBUG org.apache.http.impl.conn.BasicClientConnectionManager - Connection can be kept alive indefinitely
12:44:15.236 [Finalizer] DEBUG org.apache.http.impl.conn.DefaultClientConnection - Connection 0.0.0.0:65183<->149.248.193.56:443 closed
12:44:15.239 [main] DEBUG net.thucydides.core.steps.StepInterceptor - STEP DONE: I send HTTP GET request
  &amp#27;[32mWhen &amp#27;[0m&amp#27;[32mI send GET HTTP request&amp#27;[0m                        &amp#27;[90m# starter.stepdefinitions.UserSteps.iSendGETHTTPRequest()&amp#27;[0m
12:44:15.242 [Finalizer] DEBUG org.apache.http.impl.conn.DefaultClientConnection - Connection 0.0.0.0:65180<->149.248.193.56:443 closed
12:44:15.243 [Finalizer] DEBUG org.apache.http.impl.conn.DefaultClientConnection - Connection 0.0.0.0:65179<->149.248.193.56:443 closed
12:44:15.246 [Finalizer] DEBUG org.apache.http.impl.conn.DefaultClientConnection - Connection 0.0.0.0:65181<->149.248.193.56:443 closed
12:44:15.246 [Finalizer] DEBUG org.apache.http.impl.conn.DefaultClientConnection - Connection 0.0.0.0:65182<->149.248.193.56:443 closed
12:44:15.249 [main] DEBUG net.thucydides.core.steps.StepInterceptor - STARTING STEP: UserSteps.iReceiveValidHTTPResponseCode404 - I receive valids HTTP response code 404
  &amp#27;[31mThen &amp#27;[0m&amp#27;[31mI receive valid HTTP response code 404&amp#27;[0m         &amp#27;[90m# starter.stepdefinitions.UserSteps.iReceiveValidHTTPResponseCode404()&amp#27;[0m
      &amp#27;[31mjava.lang.AssertionError: 1 expectation failed.
Expected status code <404> but was <200>.

	at java.base/jdk.internal.reflect.NativeConstructorAccessorImpl.newInstance0(Native Method)
	at java.base/jdk.internal.reflect.NativeConstructorAccessorImpl.newInstance(NativeConstructorAccessorImpl.java:62)
	at java.base/jdk.internal.reflect.DelegatingConstructorAccessorImpl.newInstance(DelegatingConstructorAccessorImpl.java:45)
	at java.base/java.lang.reflect.Constructor.newInstanceWithCaller(Constructor.java:500)
	at java.base/java.lang.reflect.Constructor.newInstance(Constructor.java:481)
	at org.codehaus.groovy.reflection.CachedConstructor.invoke(CachedConstructor.java:73)
	at org.codehaus.groovy.reflection.CachedConstructor.doConstructorInvoke(CachedConstructor.java:60)
	at org.codehaus.groovy.runtime.callsite.ConstructorSite$ConstructorSiteNoUnwrap.callConstructor(ConstructorSite.java:86)
	at org.codehaus.groovy.runtime.callsite.AbstractCallSite.callConstructor(AbstractCallSite.java:277)
	at io.restassured.internal.ResponseSpecificationImpl$HamcrestAssertionClosure.validate(ResponseSpecificationImpl.groovy:512)
	at io.restassured.internal.ResponseSpecificationImpl$HamcrestAssertionClosure$validate$1.call(Unknown Source)
	at io.restassured.internal.ResponseSpecificationImpl.validateResponseIfRequired(ResponseSpecificationImpl.groovy:696)
	at io.restassured.internal.ResponseSpecificationImpl.this$2$validateResponseIfRequired(ResponseSpecificationImpl.groovy)
	at jdk.internal.reflect.GeneratedMethodAccessor155.invoke(Unknown Source)
	at java.base/jdk.internal.reflect.DelegatingMethodAccessorImpl.invoke(DelegatingMethodAccessorImpl.java:43)
	at java.base/java.lang.reflect.Method.invoke(Method.java:564)
	at org.codehaus.groovy.runtime.callsite.PlainObjectMetaMethodSite.doInvoke(PlainObjectMetaMethodSite.java:43)
	at org.codehaus.groovy.runtime.callsite.PogoMetaMethodSite$PogoCachedMethodSiteNoUnwrapNoCoerce.invoke(PogoMetaMethodSite.java:198)
	at org.codehaus.groovy.runtime.callsite.PogoMetaMethodSite.callCurrent(PogoMetaMethodSite.java:62)
	at org.codehaus.groovy.runtime.callsite.AbstractCallSite.callCurrent(AbstractCallSite.java:185)
	at io.restassured.internal.ResponseSpecificationImpl.statusCode(ResponseSpecificationImpl.groovy:135)
	at io.restassured.specification.ResponseSpecification$statusCode$0.callCurrent(Unknown Source)
	at io.restassured.internal.ResponseSpecificationImpl.statusCode(ResponseSpecificationImpl.groovy:143)
	at io.restassured.internal.ValidatableResponseOptionsImpl.statusCode(ValidatableResponseOptionsImpl.java:89)
	at MiniprojectApi@1.0-SNAPSHOT/starter.user.NGetAllProduct.lambda$iReceiveValidHTTPResponseCode404$0(NGetAllProduct.java:22)
	at net.serenitybdd.rest.SerenityRest.restAssuredThat(SerenityRest.java:626)
	at MiniprojectApi@1.0-SNAPSHOT/starter.user.NGetAllProduct.iReceiveValidHTTPResponseCode404(NGetAllProduct.java:22)
	at MiniprojectApi@1.0-SNAPSHOT/starter.user.NGetAllProduct$ByteBuddy$T6rU2pu4.iReceiveValidHTTPResponseCode404$accessor$SNdTGYJw(Unknown Source)
	at java.base/jdk.internal.reflect.NativeMethodAccessorImpl.invoke0(Native Method)
	at java.base/jdk.internal.reflect.NativeMethodAccessorImpl.invoke(NativeMethodAccessorImpl.java:62)
	at java.base/jdk.internal.reflect.DelegatingMethodAccessorImpl.invoke(DelegatingMethodAccessorImpl.java:43)
	at java.base/java.lang.reflect.Method.invoke(Method.java:564)
	at net.thucydides.core.steps.StepInterceptor.invokeMethod(StepInterceptor.java:503)
	at net.thucydides.core.steps.StepInterceptor.executeTestStepMethod(StepInterceptor.java:483)
	at net.thucydides.core.steps.StepInterceptor.runTestStep(StepInterceptor.java:457)
	at net.thucydides.core.steps.StepInterceptor.runOrSkipMethod(StepInterceptor.java:209)
	at net.thucydides.core.steps.StepInterceptor.testStepResult(StepInterceptor.java:196)
	at net.thucydides.core.steps.StepInterceptor.intercept(StepInterceptor.java:84)
	at net.thucydides.core.steps.ProxyConfiguration$InterceptorDispatcher.intercept(ProxyConfiguration.java:51)
	at MiniprojectApi@1.0-SNAPSHOT/starter.user.NGetAllProduct$ByteBuddy$T6rU2pu4.iReceiveValidHTTPResponseCode404(Unknown Source)
	at MiniprojectApi@1.0-SNAPSHOT/starter.stepdefinitions.UserSteps.iReceiveValidHTTPResponseCode404(UserSteps.java:40)
	at âœ½.I receive valid HTTP response code 404(file:///C:/Users/Lenovo/IdeaProjects/MiniProject/MiniprojectApi/src/test/resources/api/user.feature:135)
&amp#27;[0m
12:44:15.277 [main] ERROR  - 
  _____   ___   ___   _____     ___     _     ___   _      ___   ___  
 |_   _| | __| / __| |_   _|   | __|   /_\   |_ _| | |    | __| |   \ 
   | |   | _|  \__ \   | |     | _|   / _ \   | |  | |__  | _|  | |) |
   |_|   |___| |___/   |_|     |_|   /_/ \_\ |___| |____| |___| |___/ 

GET - As admin I cannot get category by ID
-----------------------------------------------------------------------
12:44:15.277 [main] DEBUG  - RELATED ISSUES: 
12:44:15.278 [main] ERROR  -     Test failed at step: I receive valids HTTP response code 404
12:44:15.278 [main] ERROR  -     1 expectation failed.Expected status code <404> but was <200>.
]]></system-out>
  </testcase>
  <testcase name="GET - As admin I can get all categories" classname="User" time="0.578">
    <system-out><![CDATA[
@TC_0021
Scenario: GET - As admin I can get all categories &amp#27;[90m# src/test/resources/api/user.feature:138&amp#27;[0m
12:44:15.304 [main] INFO io.cucumber.core.plugin.SerenityReporter - Running feature from file:///C:/Users/Lenovo/IdeaProjects/MiniProject/MiniprojectApi/src/test/resources/api/user.feature
12:44:15.304 [main] WARN io.cucumber.core.plugin.SerenityReporter - Feature from file:///C:/Users/Lenovo/IdeaProjects/MiniProject/MiniprojectApi/src/test/resources/api/user.feature is not under the 'features' directory. Requirements report will not be correctly generated!
12:44:15.308 [main] INFO  - 
  _____   ___   ___   _____     ___   _____     _     ___   _____   ___   ___  
 |_   _| | __| / __| |_   _|   / __| |_   _|   /_\   | _ \ |_   _| | __| |   \ 
   | |   | _|  \__ \   | |     \__ \   | |    / _ \  |   /   | |   | _|  | |) |
   |_|   |___| |___/   |_|     |___/   |_|   /_/ \_\ |_|_\   |_|   |___| |___/ 

GET - As admin I can get all categories(user;get---as-admin-i-can-get-all-categories)
--------------------------------------------------------------------------------
12:44:15.454 [main] DEBUG net.thucydides.core.steps.StepInterceptor - STARTING STEP: UserSteps.iSetGETApiEndpointsAllCategories - I set the GET api endpoints all categories
12:44:15.454 [main] DEBUG net.thucydides.core.steps.StepInterceptor - STEP DONE: I set the GET api endpoints all categories
  &amp#27;[32mGiven &amp#27;[0m&amp#27;[32mI set GET api endpoints all categories&amp#27;[0m    &amp#27;[90m# starter.stepdefinitions.UserSteps.iSetGETApiEndpointsAllCategories()&amp#27;[0m
12:44:15.458 [main] DEBUG net.thucydides.core.steps.StepInterceptor - STARTING STEP: UserSteps.iSendGETHTTPRequest - I send HTTP GET request
12:44:15.460 [main] DEBUG net.thucydides.core.steps.StepInterceptor - STARTING STEP: GetAllProduct.iSendGETHTTPRequest - I set the GET api endpoints
12:44:15.460 [main] DEBUG net.thucydides.core.steps.StepInterceptor - STEP DONE: I set the GET api endpoints
12:44:15.465 [main] DEBUG org.apache.http.impl.conn.BasicClientConnectionManager - Get connection for route {s}->https://altashop-api.fly.dev:443
12:44:15.466 [main] DEBUG org.apache.http.impl.conn.DefaultClientConnectionOperator - Connecting to altashop-api.fly.dev:443
12:44:15.559 [main] DEBUG org.apache.http.client.protocol.RequestAddCookies - CookieSpec selected: ignoreCookies
12:44:15.559 [main] DEBUG org.apache.http.client.protocol.RequestAuthCache - Auth cache not set in the context
12:44:15.559 [main] DEBUG org.apache.http.client.protocol.RequestTargetAuthentication - Target auth state: UNCHALLENGED
12:44:15.559 [main] DEBUG org.apache.http.client.protocol.RequestProxyAuthentication - Proxy auth state: UNCHALLENGED
12:44:15.559 [main] DEBUG org.apache.http.impl.client.DefaultHttpClient - Attempt 1 to execute request
12:44:15.559 [main] DEBUG org.apache.http.impl.conn.DefaultClientConnection - Sending request: GET /api/products HTTP/1.1
12:44:15.559 [main] DEBUG org.apache.http.wire -  >> "GET /api/products HTTP/1.1[\r][\n]"
12:44:15.560 [main] DEBUG org.apache.http.wire -  >> "Accept: */*[\r][\n]"
12:44:15.560 [main] DEBUG org.apache.http.wire -  >> "Host: altashop-api.fly.dev[\r][\n]"
12:44:15.560 [main] DEBUG org.apache.http.wire -  >> "Connection: Keep-Alive[\r][\n]"
12:44:15.560 [main] DEBUG org.apache.http.wire -  >> "User-Agent: Apache-HttpClient/4.5.13 (Java/14.0.2)[\r][\n]"
12:44:15.560 [main] DEBUG org.apache.http.wire -  >> "Accept-Encoding: gzip,deflate[\r][\n]"
12:44:15.560 [main] DEBUG org.apache.http.wire -  >> "[\r][\n]"
12:44:15.560 [main] DEBUG org.apache.http.headers - >> GET /api/products HTTP/1.1
12:44:15.560 [main] DEBUG org.apache.http.headers - >> Accept: */*
12:44:15.560 [main] DEBUG org.apache.http.headers - >> Host: altashop-api.fly.dev
12:44:15.560 [main] DEBUG org.apache.http.headers - >> Connection: Keep-Alive
12:44:15.560 [main] DEBUG org.apache.http.headers - >> User-Agent: Apache-HttpClient/4.5.13 (Java/14.0.2)
12:44:15.560 [main] DEBUG org.apache.http.headers - >> Accept-Encoding: gzip,deflate
12:44:15.740 [main] DEBUG org.apache.http.wire -  << "HTTP/1.1 200 OK[\r][\n]"
12:44:15.740 [main] DEBUG org.apache.http.wire -  << "content-type: application/json[\r][\n]"
12:44:15.740 [main] DEBUG org.apache.http.wire -  << "date: Sat, 06 May 2023 05:53:01 GMT[\r][\n]"
12:44:15.740 [main] DEBUG org.apache.http.wire -  << "transfer-encoding: chunked[\r][\n]"
12:44:15.740 [main] DEBUG org.apache.http.wire -  << "content-encoding: gzip[\r][\n]"
12:44:15.740 [main] DEBUG org.apache.http.wire -  << "server: Fly/3f2597ca (2023-05-03)[\r][\n]"
12:44:15.740 [main] DEBUG org.apache.http.wire -  << "via: 1.1 fly.io[\r][\n]"
12:44:15.740 [main] DEBUG org.apache.http.wire -  << "fly-request-id: 01GZQSXTBJ5BRXBWW04MBTRWMF-sin[\r][\n]"
12:44:15.740 [main] DEBUG org.apache.http.wire -  << "[\r][\n]"
12:44:15.740 [main] DEBUG org.apache.http.impl.conn.DefaultClientConnection - Receiving response: HTTP/1.1 200 OK
12:44:15.740 [main] DEBUG org.apache.http.headers - << HTTP/1.1 200 OK
12:44:15.740 [main] DEBUG org.apache.http.headers - << content-type: application/json
12:44:15.740 [main] DEBUG org.apache.http.headers - << date: Sat, 06 May 2023 05:53:01 GMT
12:44:15.740 [main] DEBUG org.apache.http.headers - << transfer-encoding: chunked
12:44:15.740 [main] DEBUG org.apache.http.headers - << content-encoding: gzip
12:44:15.740 [main] DEBUG org.apache.http.headers - << server: Fly/3f2597ca (2023-05-03)
12:44:15.740 [main] DEBUG org.apache.http.headers - << via: 1.1 fly.io
12:44:15.740 [main] DEBUG org.apache.http.headers - << fly-request-id: 01GZQSXTBJ5BRXBWW04MBTRWMF-sin
12:44:15.740 [main] DEBUG org.apache.http.impl.client.DefaultHttpClient - Connection can be kept alive indefinitely
12:44:15.741 [main] DEBUG io.restassured.internal.RestAssuredHttpBuilder - Parsing response as: application/json
12:44:15.741 [main] DEBUG org.apache.http.wire -  << "331[\r][\n]"
12:44:15.741 [main] DEBUG org.apache.http.wire -  << "[0x1f][0x8b][0x8][0x0][0x0][0x0][0x0][0x0][0x4][0xff][0xaa]VJI,IT[0xb2][0x8a][0xae]V[0xf2]tQ[0xb2]24[0xb2][0xb0]0[0xd7]Q[0xf2]K[0xcc]MU[0xb2]Rr[0xcd][0xcb]/[0xca][0xcd]/-Vp[0xce]/)[0xc9][0xcf]Sp[0xce][0xcf]-(-I-R[0xd2]QrI-N.[0xca],([0xc9][0xcc][0xcf]S[0xb2]R[\n]"
12:44:15.741 [main] DEBUG org.apache.http.wire -  << "-Q[0xc8]KMN-.[0xce],I,[0xc9]L*-V([0xcb],ILU[0xc8],-JUH[0xc9][0xcf][0xc9]/J-V(J-H[0xcd][0xc9]I[0xcd]K)-V([0xce][0xcc][0xcd][0xcc][0xc9],,M[0xd5]S[0xd2]Q[\n]"
12:44:15.741 [main] DEBUG org.apache.http.wire -  << "([0xca]LNU[0xb2][0xb2]4[0xd4]Q[\n]"
12:44:15.741 [main] DEBUG org.apache.http.wire -  << "J,[0xc9][0xcc]K/V[0xb2]2[0xd1]QrN,IM[0xcf]/[0xca]L-V[0xb2][0x8a][0x8e][0xad][0xd5]A[0xb8][0xd0][0x2][0xee][0xc2][0x80][0xa2][0xc4][0xe4][0x92][0xcc][0xe4][0xc4][0x1c][0x5][0xdf][0xc4][0xa2][0xa4][0x9c]T[0x85][0x90][0xc4][0xa4][0x9c]T[0xc][0xf7][0x85][0xa4][0xe6][0x16][0xe4][0x17][0x81][0x1d]V\[0x9a]W[0xa2][0x90]X\[0x90]Z[0x94][0x9]r[0x15][0x92][0xfd][0x16]FH[0xf6][0x1b][0xe3][0xb3][0xdf][0x12]nPiqIf[0xb2][0x82]{Qb^fI[0xaa]BpF~j1[0xa6][0xed][0xf9]%[0x89][0xb9][\n]"
12:44:15.741 [main] DEBUG org.apache.http.wire -  << "[0x85][0xa5] [0xfb]S[0x12]s[0x15][0xca]Rs[0x90][0xac]51#[0xd2]ZK[0x3][0xb8][0xb5][0xc1][0xf9]y[0x95][\n]"
12:44:15.741 [main] DEBUG org.apache.http.wire -  << "[0x1][0xc1][0xa6][0x18]V[0x15][0xe4]$V*d$[0x16]+[0xe4][0xe5]+[0xe4]d[0xe6]f[0x96][0x80]\[0x3][\r]_#KK$[0x9b][0xf0][0x5][0xb0][0xa5][0x11][0xdd]l2[0xa6][0xa6]M[0x86]x"[0xcd][0xd2][0x94]n6[0x99][0xc1]mr-J[0xcf][0xcf][0xcb][0xcf][0xcd]LV[0x8][0xcf][0xcf]OI[0xcd]Sp[0xcf][0xc9]/[0xc3][0x92]B[0x82]3s[0xb2][0x11][0x19][0xc1][0xd8][0xd2][0x18]9M[0x98][0xe2][0xf3][0x15]"[0xb3][0xba][0xe7][0x17][0xa5][0xa7][0x82]2+[0xc8]0\[0x16]A22[0xc2]*3[0xb]Cc[0xa4]Da[0x80][0xcf]*D[0xae]sL-[0xca]O[0xa9][0xcc]K[0x4]y[0xc][0x9a][0xef][0x82]32[0x8b]J0[0x92][0xa3]gQ~[0x1e][0xc2]2[0xb][0x13]S[0xe4],[0x86][0xd7]_[0x88],[0xe6]RZ[0x4][0xca][0xd3][0xf0]<[0xe6][0x94][0x98][0x8e]a[0x8f]s~^rQj[0x9]([0xe3]C[0x13][0xbb][0xb1][0x85][0xa1][0x1][0x92][0xc7][0xf0][0xa4]vK[0x3]D[0xbe][0x82][0x87]a@bAj[0x11][0xee][0xf2][0xe][0x12][0x9b][0x8][0x9f][0x99][Z[0x98][0x10]k[0x1b]U[0xf3][0x16][0x9e][0x8][0xb3]40[0x81][0xa7]C*[0x94][0x17]xb[0xcb][0xd2][0x80][0xaa]y[0xb][0xaf][0x9f][0x10][0x89][0xd0]#5[0xb1][0xac]R[0xc1][0xa5][0xb4][0xa4]R![0xb8]$55G[0xc1]#[0x11]3[0x1][0xa2]G[0x94][0x99][0x81][0xa9]9RD[0xe1][0xb5][\n]"
12:44:15.741 [main] DEBUG org.apache.http.wire -  << "3[0x9]BSEFb&f[0x15][0x8]v[0x3]"E[0x98][0x99][0x1a]"Wg[0xf8],[0x2]%Th[0x85][0xeb]X[0x9e]Z[0x9c][0x9f][0x9b][0xaa][0xe0][0x93][0x9a]X[0x92][0x1]J[0x80]9[0xf9][0xc9][0xa0][0x82][0x1][0xb5][0xb6]E[0xcd]U[0xe6][0x86][0x16]DfaK[0x90][0x93][0xa0]6[0xc1][0xab]v[0xa7][0xa2][0xfc][0xbc][0xaa]T[0xdc]I=[0xa8]4)[0x9]\[0xe3]C3[0x96][0x5][0xd1]%[0x86][0xa5]!"[0xa9]C[0xeb]I[0x9f][0xcc][0xbc][0xd4]<[0x85][0x80][0x9c]DpVE[0xf5][0x15][0xba]E[0xc6][0x86]&[0xa6]DF[0x15][0xa8][0xc][0x83][0xfa][0xcb]75%3?[0xb9][0x8][0xe4]!H[0x91][0xa0][0xe0][0x8c]5[0xc][0xc1].AD[0x97][0x89][0x99]!r[0x91][0x8b]7[0xba][0x90][0xb2]Ue^jQz&[0xb8][0x9][0x0][0x8a][0x14][0x5][0xec][0xa5]`@N"H[0x9][0xc2]6Sc[0xb][0xe4][0xc2][0x9][0xaf]m[0x88][0xac][0x85]\[0xea]B[0xca]q[0x5][0xef][0xbc][0xcc]4P[0xa1][0x87][0x1a][0x92]X[0xec]3%:[0x89] */d[0xfb][0x1c]sJs3[0xf3]Js[0x15] [0xa5]/[0x0][0x0][0x0][0xff][0xff]"
12:44:15.741 [main] DEBUG org.apache.http.wire -  << "[\r][\n]"
12:44:15.741 [main] DEBUG org.apache.http.wire -  << "6C8[\r][\n]"
12:44:15.741 [main] DEBUG org.apache.http.wire -  << "B[0xb5][0xf][0x9a]Z[0x91][0xfc]giL[0xb4][0xff][0x10][0x15][0x18]r[0x86][0xce][0xcc][0xc9]V[0x8]O[0xcc][0xc9]I[0xc5][0xcc][0xd2][0x90][0x4][0x8b][0xb0][0xcc][0xd2][0xcc][0xc0][0x82][0xd8]t[0x82](=0[0x1a][0x8e]8l[0xc3][0xf0][0x9b][0x85][0x99]!rQ[0x8f]7[0xee][0x10]%[0x8]rXBkL[0x1c][0x16]:[0xe7][0x17][0x14] [0xe7]7K3C[0xe4]f[0x1b]>[0xfb][0x8c][0x10][0x15][0x19][0xac] [0x81]&[0x5][0x5][0xe7]D[0xcc][0x12][0xb]= [0x8d][0x8d][\r][0x88]-[0xb2][0x8c][0xc][0xe1]U[0xb][0xcc]&HI[0x8b][0xab][0xdd][0x1]j[0x93] [0xa2][0xcc][0x94][0xf8]R[0xd8][0x8]Q[0x86][0xc0][0x8b],[0xa8]U[0xd8]3[0x1b]D[0x12]a[0x97][0x99][0xb9][0x19]r[0xa3][0x3]o[0xf8]![0x1a][0xa3][0xf0]b$<??[0x7]G[0x11][0x82][0x1e]~[0xa6][0x16]&D[0x87][0x1f][0xa2][0xc][0x81][0xdb][0x4]1[0xe]G[0x17][0x2][0xdd]W[0xc6][0x6][0xa6][0xc4]&z#D[0x9][0x2]-[0x85]!I[0xc][0x87]M[0xd0][0x14][0x83][0x8]@c#[0xa2][0xab]L#D[0xe1]A[0x85][0x16][0x7][0xde][0xa8]B[0x14][0x1b][0x88][0x9c][0xc][0xa9][0x9e]q4[0x3]r[0x10]>[0xb2][0xb4][0x4]U[0xb9][0xf0][0xae]&^{[0x10]%[0x6][0xbc]m[0x8][0xeb][0xec]a[0xaf][0xc6][0xa0][0xb2][0x8][0xdb][0xcc][\r]-[0x89]mr[0x18]![\n]"
12:44:15.741 [main] DEBUG org.apache.http.wire -  << "[0xc][0xcf][0xbc][0x92][0xd4][0x9c][0x9c][0xcc][0xf4][0xd4][0xbc][0x12][0x5]h[0xca][0xc0][0x96][0x87]1l351%[0xb6]"[0x3][0x95][0xd1][0xd0]Z[0x13][0x9e][0xb5][0xc0][0xad][0x18][0x5][0xa7][0xfc][0x92][0x12],[0xbd]hP[0x15][0x87][0xf0][0x97][0xb1][0x85][0x1][0xb1][0x95][0x8a]1[0xa2][0xb8][0xf0][0x4][0xd5][0xca])[0x99][0xa0][0xae]:4[0xa5])8cmO[0xc1]j[0x1c][0x84][0x85]F[0x6]DG[0x9b]1[0xa2][0xd4]@$[0xf]h[0xb2]w[0xce][0xc7][0xd2]N[0x84][0xba][0x5]a[0x99][0xa5][0x99][0x9][0xb1]U[0x98]1[0xa2][0xd8][0x8][0xce]IM[0xcd]V[0x0][0xb7]-[0x14][0xb0][0xda][0x83]Z[0xe][0x1a][0x9b][0x1a][0x11][0x1d][0x84][0x88][0x12][0xc3]'3=[0xa3][0xa4]<[0x15]D[0xc2]F=[0x9c]R[0xf3][0x92]3[0x88][0xa8][0x97][0xcd]A[0x5]7Q[0x9][0xdf][0x18]Qj[0xc0]K(hbS[0xf0]N[0xad]L[0xca]O,J[0xc1][0xb0][0x10]TX"[0x82][0xd0][0xc8][0xc8][0x84][0xd8][0x9a][0xb][0xd4][0xdf][0x85]&E[0xe4][0x9a][0x12][0x14]Z[0xb8]m[0x3]gw[0x84]u[0xe6][0x16][0xc4][0xc7][0x18][0xa2][0xf4]@jt@[0xab]z[0x1c][0xe5]"z[0xf3][0xd4][0xd2][0x8]4PF\X"[\n]"
12:44:15.741 [main] DEBUG org.apache.http.wire -  << "[0x11]$[0xeb]`}V\[0xb9][\r][0xdd]B33P[0xfd]N[0x9c][0x85][0x88]r[0x4]^j[0x81]2/q[0xb5][0xb3][0x85][0x5][0xd1][0xed][0x0]P[0x88]C[0xe3][\r][0xd6]M[0x87][0xe6][0xb2][0x80][0xc4]<[0xf0][0xd8][0x13]jK[0x11][0xbd][0x1a]325#[0xb6][0xb4][0x2][0xd5][0xad]P[0xab][0xe0][0xa5][0x15]$[0x88]p[0xb4][0xba][0xa1][0xd1][0x89]H [0xa6][0x86][0xc6][0xc4][0xb6][0xdc]L[0x10][0xe5][0x87][b^[0x9][0xb8][0xf9][0xe][0x1b][0xc2][0xc1][0xd6][0x2][0xc6](>,,[0x88]nq[0x9b] [0x8a][0xf]h[0xfd][0xc][0xca]F8[0xda][0x1c][0x10][0x1f]#[0xfc]db[0x8][0x1a][0x15]$*Q[0x98] J[0x90]`[0xa4]~[0xb][0xac][0x9c][0xc5][0xda]}F[0xcb]bf[0x6][0x96]D[0x87] [0xa2][0xfc]@[0xae][0xca][0xc0]9[0x1a][0xfb]()([0x81]"<fd@t=[0x6][0x1a]@[0x85][0xa6][0xc]Dd[0x81]LS[0xc0][0x9e][0x8][0xd1]<eabAl[0xb3][0xcd][0x4]Qn [0xd7]c[0x90][0xb1]""Z[0xd8][0x16]F[0xa0][0xb1]&[0xe2]b[0xb]Qf Y[0x5][0xe]>[0xec][0xed][0xe][0x90][0x14]"[0xf8][0xcc]L@[0xd1]M[0x9c]M[0x88][0xc2][0x2][0x9e][0xb1]`%=[0xf6]z[0x5]#[0x17][[0x80]j[0xb][0xa2],3[0xc5][0xec][0xa2][0x80]c[0x8a]p[0xa3][0xcd][0xd8][0xdc][0x94][0xd8][0xda][0xc4][0x14][0xd1][0xdc]@[0xc][0xc0][0xc2][0x8b][lV[0x81][0xdc][0x80][0x8]<K[0x13]c[0xa2][0xad]Bd*x5[0x9]N_8[\n]"
12:44:15.741 [main] DEBUG org.apache.http.wire -  << "%XnCXfjFtB7E[0xe4])hI[0x1][0x8a]t[0xac][0x19][0x17][0xd5]CF[0x96]f[0xc4]6AA[0x8e][0x81]f&[0xa4]t[0x7]K[0xf][0xe1][0x89]%X[0xda][0x19][0x18][0xa5][0x9f][0x99][0x1][0xca]p([0xbe][0x6]6[0xa8]o[0x1][0xb5][0xf]^U[0xc1][0x6]7p53[0xc0][0x8d]TD[0x8][0x9a][0x19][0x99][0x11][0xdb][0x17][0x2]u[0x9a][0xa0][0xb6]![0xf9][0xe][0x12]a[0xd8][0xca]uHe[0x86]d[0x95][0xb1]1[0xd1][0x1][0x89][0xc8]V[0x88]R[0x9][0x16][0xfd][\n]"
12:44:15.742 [main] DEBUG org.apache.http.wire -  << "[0xd8]3[0x16][0x9a][0xc7]LM[0x89][0xce][0xc4]f[0x88]|[0x85]\[0xb8]CC[0x12][0xfb][0x10][0x18][0xa4][[0x81][0xf0][0x9c])[0xea][0x4][0x11][0xbe]X3C[0xe4]0X[0xbd][0xf]K"8J'[0xd0][0x8]-[0xc2]*cC[0xa2][0x7][0xc0]@[0xbd]wh[0x94]A[0x13]="[0x10][0xb1]wS [0x9e]FXfb[0x2][0x1a][0x1f]$[0xaa]x2C[0xe4]0xY[0x8][0xca]J8[0x6][0xda][0xd0]C[0xd0][0xc4][0xd8][0x9c][0xd8][0xe4][0x1]J[0xb2]Po[0xc1]m[0x82][0xa4]6[0x1c][0xc3][0xa3][0xa0][0xac][0x8e][0xf0][0x93][0x85][0x19][0xd1][\r]'sD[0xd2][0x80][0xdb][0x4])[0xc1][0x15][0xb0]ggXI[0x89][0xb0][0xcd][0xd8][0x98][0xe8]!fsD[0xcb][0x9][0xd2][0x19][0x82][0x8e]va[0x1f][0xa9][0xc4][0xb4][0xca][0xd2][0x1c][0xe4]^[0xa2]"[0xcb][0x1c]Q[0xf6]"[0x17][0xf3][0xe0][0x99]j[0xec]cC[0x98][0xd6][0x19][[0x80][\n]"
12:44:15.742 [main] DEBUG org.apache.http.wire -  << " [0xe2][0xac]C[0x1a][0xdc]@j?A[0xb]?\[0xad]xXbE[0x4][0xa6][0x85][0x1][0xf1]Q[0x87]h[0x4]@[0xd3]>81bo?A3 [0xc2]"c[0x13]cb[0xcb]EPn[0x84][0xa6][0xc6][0xe0][0xdc][0xc4][0x9c][0x1c][0xf8]d[0x1b][0xf6]pDO[0xf7][0x96]&[0xa0][0xb9]&[0xa2]B[0x11][0xd4][0xd6][0x82][0xda][0x4][0xf5][0x12]4[0xd5]c[0xb7][0x9][0x92]P[0x91][0xfc]dJt[0xbb][0x1a]4[0x9d][0xf][0xb5][0x9][0xb9][0x5][\n]"
12:44:15.742 [main] DEBUG org.apache.http.wire -  << "[0x8b][0x10][0xec][0xfd]s[0x98],[0xc2]F[0xb]SPaG[0x9c][0xdf][0x10]-y[0xa4]~[0x1e][0xb8]P[0xc7][0xd1][0x14][0xc5][0xf0][0x1e][0xf1][0xa9][0x1f]T[0xc3][0xc2][0xbd][0x97]\[0x94][\n]"
12:44:15.742 [main] DEBUG org.apache.http.wire -  << "[0x1d]S[0x1][0xb7]Eq[0x8c][0xdf][0xa0][0x16]!F[0xe6]f[0xc4][0xe]>X [0x8a]E[0xe4][0xee]9,;[0xe1][0x1a][0xa9][0x7]%VD@[0x1a][0x93][0x90]H[0x10]Y[\r]5[0x91]`o[0xd0][0x83][0xc7][[0x10][0x16][0x99][[0x80][0xc6][0xd1][0x88][0x88]1cc$[0x8f]E8[0xf9]G[0x18]b[0x8c]h L5AY=[0x81]^9[0xc2][0xd6][0xa6][0x98]"uS[0xdd][0x13]s3[0xf3]0[0xe7][0xaa][0xdd][0xf2][0x8b][0x14][0xd2][0xc1]R[\n]"
12:44:15.742 [main] DEBUG org.apache.http.wire -  << "[0x5][0xa5]E[0x5][0xf9][0xc5][0xa9][0xc5]J[0xb5]H[0xcb][,A[0xe3][\n]"
12:44:15.742 [main] DEBUG org.apache.http.wire -  << "[0xd0][0x98]E[0x1e][0xea][0x81][0xe6][0x13][0x1c][0xf5]+[0xca][0x2][0x2][0x13]KP3[0x8e][0x88][0x10]0[0xb2][0xb4]@[0x14]1H-"h[0xdf][0x19]GU[0x4][0xea][0x9f]"[0x2][0xc6][0xc8][0x8][0x94][0xa7][0x89][0xb2][0xc][0xd4]W[0xc5][0xe2]3H.[0xc0]Y[0x1b][0x81][\n]"
12:44:15.742 [main] DEBUG org.apache.http.wire -  << "t[0x84]u[0xe6][0xa6][0xa0][0x16][0x1]q[0xd6]![0xea]"D[0x13][0xc]Z[0x1f]ao[0x80][0xa1][0xa5]$K[0xb][0xa2][0xb3][0x88]%"[0xef][0xc3][0xdb][0xb1]A[0xe0][0xa9]S<[0x3]X[0xe8][0xf3][0x82][0xc6]fF[0xc4][0xe][0x87][0x80]:[0xe2][0xd0][0xa0]D.[0xdd]@Y[0xe][0xeb]d[0xf]4F[0x11][0xe1]hj[0x0][0x9a][0xb5]'.[0x1c][0x11][0xd9][0x1f])[0x8d]@[0xeb][0x1b][0xec][0xb6][0x81][0xe6]y[0x11]v[0x19]Y[0x80][0xda][0xa7][0xc4][0xd9][0x85][0xc8][0xfa][0x90][0x9a][0x8][0x1c]%8[0xda][0xcb][0x98][0xa5][0xb5]1[0xf1][0xc3][0xb6][0xa0]Qyh[0x8]"[0x95][0xd6][0xd0][0xb4][0x88]=[0x97][0xa1]&|[0xb]K[0xa2]'[0x1e]-[0x11][0xb9][0xc][0x91][0x12][0xa1][0xc9][0x3][[0xbf][0x3][0x92]H[0x11][0x1]hl[0x1][0x1a]d[0x86][0x7] [0xbe][0xd5],[0xa0]b[\n]"
12:44:15.742 [main] DEBUG org.apache.http.wire -  << "[0xea]-[0xa4][0xc8][0x82]TB[0xd8][0x13]=[0xac][0x18]GXgn[\n]"
12:44:15.742 [main] DEBUG org.apache.http.wire -  << "[0x1a][0x0][0x83][[0x87]{[0xe9][0x87][0xb1][0x1]h@[0x3]n[0x1d]b[0xca][0x2][0x16]38[0xba][0xc1][0xe8][\r][0x8]3[0xd4][0x19][0x19][0xdc][0xfe]360@dj$[0xff]A[0xa3][\r]{[0x83][0x16]=4M[0xcc][0x88][0xec][0xdf][0x1b][0x1b][0x80][0xda]5X[0xbc][0x7]1[0x11]G[0xaf][0x0][0xda]"D[0x4][0xa7][0x91][0x99][0x11]q[\r]1cp[0x9e][0x84][0xda][0x7]i>[0xc3][0x3][0x12][0xfb][0xc2]F[0xb4]*[0xdd][0x94][0xc8][0x14]il`[0x80][0x94][0xcf][0x90]Z[0xb3][0x90][0xdc][0x86][0xbd][0x81][0x89][0xd4][0xaf][0x2][0x0][0x0][0x0][0xff][0xff]"
12:44:15.742 [main] DEBUG org.apache.http.wire -  << "[\r][\n]"
12:44:15.742 [main] DEBUG org.apache.http.wire -  << "6E7[\r][\n]"
12:44:15.742 [main] DEBUG org.apache.http.wire -  << "[0x2][0xaf][0xd7]42[0x0][\r][0xdb][0xc3]S[0x9][0xde]HCt[0x86]a[0xf3][0xc5][0xe0][0x92][0xca]'1[0xb7][0x0][0xa3][0xce][0x5]w[0xc7][0x11][0xa1]ga[\n]"
12:44:15.742 [main] DEBUG org.apache.http.wire -  << "[0xea][0xb5][0xc3][0xad]A[0xaf]y[0x11]5[0xa7]1x~[0x8][0x16]z[0xe0]f,[0xc4];8[0x16][0xdd]a[0xc4][0x93])[0xb1][0xd5][0xa6][0xb1][0x1][0xd2]J[0x1a][0xb4]x[0xc2][0xde][0x8e]E[0xf7][0x13][0xb1][0xe3][0x8][0xc6][0x6]H[0x8b]h`A[0x7]-8[0xb0][\r]dA[0xb]eD[0xe8][0x19][0x81]W[0xe1][0x10][0x17]z[0x88][0xfe][0x14]R[0x81][0x8][0x89]u[0xdc][0xeb][0x83]0l$[0xba]kjl[0x0]Zs[0x3][0x8b]/[0xca]W[0xb4][0xe2]M[0x19][0x88][0x91][[0x9a][0xce]L[0x1b][0x1b][0x18]"[0x8a][0xfa][0x80]`[0x5][0xcc][0x15][0xba][0xe9][0x89][0xb9][0xa9][\n]"
12:44:15.742 [main] DEBUG org.apache.http.wire -  << "[0xa6][\n]"
12:44:15.742 [main] DEBUG org.apache.http.wire -  << "[0xc5]%[0xe0][0xf1]bhV[0xc2][0xdf][0xb8]DI[0xe2][0x88][0x9c][0x4][0xf1][0x88][0xa1][0x11]F[0x6][0x82]/[0x2]F_[0x1]l[0xc]*[0xad][0x89]J[0xb][0xa0][0xa9]&[0xe4][0x98])03[0xc3][0xb0]&9?)1[0x11]D R[0x1b][0x9][0x16] F[0x90][0x9c][0xf3][0x93][0x12][0x15]RJsJ1l[0xc8][0xcc][0xcb]T[0xc8]H[0xcc][0xab]LT(H-[0x2][0xd9][0x94][0x98][0xa7]P[0x90]_[0xc]Z[0x13][0x4][\r]8SKKP[0x85]G[0x9c][0x9f][0x10]5[0x7]-b[0x6]4[0x95][0xb][\r]2[0x9a][0x18][0x8f][0xc8][0x9d]![0x89][0x98]A[0x5][0x8f]s,[0xb][0xbf][\r][\r]0[0x0]Q[0xb][0xa6][0x8c][\r]@[0xf5][0x16][0xd4]O[0x1e][0x5][\n]"
12:44:15.743 [main] DEBUG org.apache.http.wire -  << "a[0x99]e[0xf9][\n]"
12:44:15.743 [main] DEBUG org.apache.http.wire -  << "[0x91]F[0x98][0x9].7573'3;S[0xa1][0xb8] [0xb5]83-3;[0xb1]8S[0xa1]21/]![0xb1] [0x13][0xb4]~[0x11][0x1a][[0xa0][0xe6][0x2][0xb8][0xc5]@\|![0x92]:[0xfd]|[0x8c][0xb4]T[0x81][0xfe]>FZ[0xb6]0[0x0][0x96]#z0%[0xa9][0xc5][0xa0]m[0x18][\n]"
12:44:15.743 [main] DEBUG org.apache.http.wire -  << "[0x5]E[0xf9])[0xa5][0xc9][0xa0][0xec][0x86]:[0x8d][[0x92][0x91]Y[0xac][0x90]Y[0xac]P[0x92][0x91][\n]"
12:44:15.743 [main] DEBUG org.apache.http.wire -  << "S[0xa3][0x90][0x82][0xb4]![0x4][0xbe][0xa5][0x3][0x9c][0xf2][0x88]Lk[0xa0][0xc9]YhZ[0x3][0x97]lf[0x6][0x6][0x6][0x18]%[0x2][0xbe]dnJtI[0x0][0x9a][0xae][0x82]Z50^E4[0xbe][0x6][0xc6]~[0xba][0xd5][0x86][0xa0][0x11]HhH[0x83]#[0x95][0xe4]=+D[0xd7]X[0xa0]&=[0xd4]&[0xfa][0xe7][0x1d][0xa4]u[0x10][0x3][0x12][0xa1]H[0xa3]N[0x3]c?[0xa2]j[0x1d][0x18][0xfb][0x11]e[0x17]dh[\r][0xa3][0xe0]H[0xc3]2[0xea][0x6]/[0xa6][0x88][0x9d][0xf8]26[0x0]M[0xc8]AS[0x19]l[0xe2][0xb][0xdc][0x91][0xc1][0xbe][0x86]-(53935/%[0xb3]X[0xa1]85E!3[0xaf],5[0xaf]$[0xbf](U!3/93[0x5][0xb4][0x11]-[0xb5]D![0xb1][0xb4]$5[0x17]i?[0x18][0xb1]k[0x4][0x8c][\r]@[0xeb][0xe3][0xa1][0x8e][0x19][0x98]PG[0x14]c[0x3][0x90][0xe5][0x10]e[0x18][0xd5]<O[0xdc][0x8a]?c[0x3][0x13]D[0x1b][0x9f][0x90][0xdd][0x88][0xb6]1[0xa8].$[0xb2]*[0x4][0xad][0x9b][0x1b][0xc8][0x88]EZ[0xa5]A[0xc8]4i[\n]"
12:44:15.743 [main] DEBUG org.apache.http.wire -  << " -[0xe0][0xa0][0x9a][0xfd][0xc4][0xc6]-h[0x8b][0x1a][0x91]aOV[0xdc][0x82][0xe6][0xaf][0x88]4[0x9f]6a[0x8b][0xe8]GP-lAI[0x9b][0xe8][0xf0]E[0xc]&S[0xcd]~[0xa2][0xed]F[0x14]X[0x84][0xec]&/niP&[0x91][0x14][0xb6][0x88]r[0x89][0xb6][0xd5] h)[0x16]4[0x11][0xd3][0xd6]"[0xd0][0xbc][0x1][0xd4]"B1F[0x93][0xdc][0x2][0x9a][0xfb][0xa5][0xb6][0xfd][0xc4][0xa6]V[0xd0]<[0x17][0x91]v[0x93][0x95]ZAs[D[0x9a]O[0x9b][0xb0][0xa5]QIDd%[0x8b][0xb4][0xd6][0x87][0xbc][0xae][0x9][0xd1][0xdd]M[0xd0][0xe2];h@[0xd3][0xda]&D[0x1][0x10][0xe1][0x94]_[0xa1]0[0x18]&[0xb4][0x8d][\r][0xcc][0x11]c}[0x3][0x92][0x89][0x91][0xd6]$Q[0xcd]~b3[0xb1]9[0xa2]gB[0xc8]n[0xb2]21[0xd2]"(B[0xe6][0xd3]$[0x13][0x9b][0xd3][0xa0]:[0x7]UyDfb[0xa4][0x85]K[0x3][0xe2]}[0xd0][0xd2][0x7]h[0xd6][0xa6][0x9a][0xfd][0xc4]&-[0xa4][0x5]N[0x84][0xec]&+i[0x81][0xd6][0xfc]Q[0xdb]o[0xa0][0xa8]%[0xda][0x3][? -V![0x14][0xbc][0xb4][0xc8]YF[0xa0][0xad]Z[0xd0][0xe0][0xa7]m[0x1b][0xb]t[0xee][0xe][0xd4]"[0xaa]y[0x94][0xd8]8F:i[0x86][0x90][0xdd]8[0xd3]0[0xbe][0xe5][0x9]H[0xcb]r[0x8][0x99]O[0x8b]H[0x4][0xef][0x97][0xa1]v[0xd8][0x82][0xf2][0x10]q[0xc5][0xa3]!h[0xf4][0x94][0x16][0xd6][0x13][0x19][0xbd][0x86][0xa0][0x8d]d[0x3]j?[\r][0xc6]%[0x89][0xf6];mk~C[0xa4][0xa5])[0x3][0x91][0xb4][\r]A[0xcb][0xc7]h[0x11][0xb7]D&m[0xa4][0x15][0x18][0x3][0xe2]}[0xa4]u[0x19][0xb4]m[0xd4][0x1b][0x82]v/@[0x3][0x9a][0xd6]6!j\Z[0xdb][0x84]h6[0xd2][0xda]&[0xc4][0x98][0xf][0xad]mB[0x8c][0xfe][0xd0][0xda]&D7[0x8f][0xd6]6![0xe6][0xe0]il[0x13][0xfa][0x8a][0x13][0x92]g[\n]"
12:44:15.743 [main] DEBUG org.apache.http.wire -  << "[0x89][0xed][0x8e][0x1b]"5[0xac]h[0xed]'D[0xf5]Ck[0x9b][0x10][0x95][\r][0xad]m[0xa2][~2B[0xe4][0xa7][0x1])[0xe1][0x91][0x16][0xbf]P[0xcd]~b[0x1b][0xf][0xa0][0x1d][0xc][0xd0]2[0x9f][0x90][0xdd]8[0xdb][0xc5]x[0xd6][0xc3][0x19]"[0x9d][0xfd]A[0xe3][0xf4][0x82][0xb4][0xa0][0x86][0x90]Oh[0xd1][0x2]7DZSCU[0xfb][0x89]l[0xa6] -K[0xa0][0xaa][0xf5][0xc4]&$[0xa4][0x95][0x9]4[0x8e]h[0xa4][0xa9]qZ[0xdb][0x84]([0x82]h[0xb0][0xd2][0xce][0x10]i[0xf6][0x13][0xb1][0xaf][0x10][0xba][0xcc][0x15][0xd7][0x9][0x1a][0x81][0xa5][0xa0][0xe5]P[0x88]Sf[0x13][0x8b][0x8b]KsS[0xf3]R[0x12][0x15]Jsr[0x12][0xc9][0x9a][0xde]7D[0x9a][0x5][0xa5]q[0x80]"[0xcd]y[0x6][0x4][0x9b]`[0xac][0x9d]((6QHJ,[0x2]-:DZ[0xc8]Gd[0x6][0x18][0xe0][0xf9]NCSD[0x9b][0x96]j[0x19][0x90][0xd8][0xcc][0x87][0xb4]a[0x9f][0x90][0xdd]d[0x95][0xe2][0xa0]]^D[0xd6][0x12]4)[A{gia?[0x91]Ik[0x80]'[0xb0][0xc][0x91]f[0x90][0x8]E/M[0x82][0x1f][0xb4][0x8f][0x98][0xda][0xc1]Ol[0xd2]F[0x9a][0xd3]"[0xe4]w[0xb2][0x92]6[0xd2][0xfe]xB[0xe6][0xd3]&l[0x11][0x1d][0x1f][0xaa][0xda]Od[0xd2][0xa6][0xd5][0xb4][\n]"
12:44:15.743 [main] DEBUG org.apache.http.wire -  << "[0xb1][0xd1][0xb]:[0xc7][0x0][0x9a][0xb4]hQ[0xc5][0x9a]#u`[0x91]v[0x1f][0x81]w[0xc9][0xe0][0xd8]U[0xe5][0x9f][0x9b][0x7]]FW[0x8][0xaa]k[0x93][0xf3][0xf3][0x8a]S[0xb]K[0x13]KJ[0x8b][0x14][0x92][0xf3][0x8b]@[0xa7][0xbb][0x83][0xe]=O[0xca],V(J[0x4][0x9d]J[0x8f]|[0xb2]<[0xd1]K[0xea][0xc][0xcd][0x11][0xd1]N[0xb]#MWQ[0xa1]J[0xc7][0xb3][0xe3][0xca][0x10]ib[\n]"
12:44:15.743 [main] DEBUG org.apache.http.wire -  << "[0xb2]A[0x9][0xba]i[0x8][0xfb][0xd6].[0xc7][0xd2][0x12][0x85][0xd4][0xe2][0x12][0x85][0x9c][0xc4][0xa4][0xfc][0xa2][0xd2]\[0x85][0xe2][0xc4][0x82][0xcc][0xd4][0xbc][0x92]TD[0xd0][0x82]W)[0x82]V1[0x92][0xb3]R[0xd1][0x10]i[0xaa]*/17[0x11][0xb2]h[0x1c][0xb4]1[0x0]u]y6[0xf4][0xc4][0x84]<[0xb4][0xbd]Al[0xb2]E[0x9a][0xb2][0xa2]I[0xf4]![0xda][0x12][0xd0]}[0xe9][0xd0]=d[0xb8]v[0xc0][0x7][0x83][0xd6]x[0xe6]%[0x82][0xf][0xff]O$/[0xe4][0x10][0x3]e[0xc8][0xfb]|[0xa1][0xbb][0xb2][0xb0]o[\n]"
12:44:15.743 [main] DEBUG org.apache.http.wire -  << "[0xf4]K,)-VH-Q([0xce][0xcc]+![0xcf]VD[0xb][0x9b][0xaa][0xa5][0x1f][0xd1][0xf1]8[0xc0]][0xa4]][0xf1]H[[0xe1]`[0x91][0x8d]m[0xe3]]X~NiAIbIj[0xb1]B[0x9][0xa2][0x1b][0x90]Z[0xa2][0x90]Z[\n]"
12:44:15.743 [main] DEBUG org.apache.http.wire -  << "[0x8e]}[0x85]R[0xf0]J_[0xf2]b[0x3]Q([\r]Hl[0xd0]c&[0x14]_YF[0x8b][0x9]J[0xd0]$[0x1a]rj[0xc4]3[0x89]h[0x88]4I[0x9][0xdb][0x82][0x9][0xda]w[0x8b][0xe3]t[0x4]G[0xd0][0xdd]"y[0xe0][0x8a][0x9][0xbe][0xcc][0xbb][0xb0]4S![0xaf]4[0xb7][0xb0][0x94][0xcc][0xae] =[0xa6]1[0xf1][0x86][0x0]F[0xc1][0x7]=O[0x0][0xc7]a[0x99][0x9e][0xb9][0x5][0xa9])[0x99]%[\n]"
12:44:15.743 [main] DEBUG org.apache.http.wire -  << "E[0xa9][0xa0][0xda][0x4]v[0x1][0xc][0xb8][0xe2][0x6][0xd5][0xda][0x99][0xe0][0xdc][0x0][0xef]"[0x83]k[0x1d][0xf2][0xea]k[0xa4][=[0x6]&k [\n]"
12:44:15.743 [main] DEBUG org.apache.http.wire -  << "J[0xc4][0xc6]~h[0xe1][0x8c][0xfd][0xd4]-[0xa4][0xab]h[0x8a]R[0xb]JS2[0x13][0xf3]R[0x12]S)j[0xb4] [0x9d]d@[0xb3]@[0xc0][0x9b]:[0x10][0xad]9[0x9a][0xd9][0x8f]o0[0x13]4[0xf2][0xf]m[0xac][0xe][0x84][0xfd][0xe0][0xd6][0xe5][0x80][0xda]O[0x83][0xf5]u[0xc8]e#f[0xd8][0x3][0x0][0x0][0x0][0xff][0xff]"
12:44:15.743 [main] DEBUG org.apache.http.wire -  << "[\r][\n]"
12:44:15.744 [main] DEBUG org.apache.http.wire -  << "BE3[\r][\n]"
12:44:15.744 [main] DEBUG org.apache.http.wire -  << "[0x82][0xdd][0xc5]dl[0x84]t[0x1c][0x3][0xa1][0xb0]'[0xa7][0x1f]h[0x4]:cz [0xc3][0x16]t[0xf8]>[0xd4]~[0x9a][0xae][0xc2]1[0xa2][0xd5]t>q[0x1d]N#[0xd0][0xd1][0xda]P[0x12][0x8a]GZ[0xf4][0xb7][0x8d][0x90][0xa6][0xd3]if?[0x9e]2[0xcc][0x8]i[0x92][0x9d]f[0xf6][0xe3][0xcb]G[0xa0]K%[0x6]4[0xfc][0x11][0xfd][0x8c][0x81][0xf1]?[0xa2]"[0xa5]B[0xcf][0x18]oH#j+[0x1a][0xdb]D[0xb7])m#[0xa4][2[0xa8][0xe0]'<mq#[0xa4]S[0xe]h[[0x1e][0x1a]![0x9a][0x9c]T[0xf0][0x12][0xbe][0x4][0x81]tA[0x6][0xad]mB$[0xf2][0xcc][0xbc][0x94][0xfc][0xdc]L[0xcc][0xbb]{[0x12][0xb3]K[0x15][0x8a]K[0xb3][0x13][0x15][0x10][\n]"
12:44:15.744 [main] DEBUG org.apache.http.wire -  << "[0xa0]c FD[0x9f][0x9c]`[0x84]4s[0x8e]0[0x6]u[0xa8][0x85]:[0xf6] e[0xa5][0xc4][0xdc][0xe2][0xd2][0xbc]t[0x85]`#c[0x85][0xd0][0x9c][0x92][0xa2]D[0x8c]Y$[0xa4][0xea][0xdf][0xcc][0x80][0xb8][0xf3][0x95][0x8d][0x8d][0x90][0xe6][0xc1]i[0x1c]7H[0xf3][0xd4][0xc1][0x4][0xfd][0xe2][0x9e][0x98][0x93]XQ[0x89][0xf0][0x11][0xb1][0xad]%[0xa4][0xc9]hZ{[0x87]^[0xb]B[0x8c][0x90][0xcf]m [0x18]p[0x88] 3$>[0x11] [0x1d][0xd7]@[0xeb]PCdPZ[0xdb][0x84][0x18][0xe1][0xa2][0xb5]M[0x88]L[0x1a][0x80][0xe3]<[0xf][0xd0]9;)[0xa9][0xc5][0xd9]E[0x99][0x5][0xc5][0x99][0xe4][0xe][0xbe][0x1a]!-u[0xa0]m[0xd5][0x80][0xb4][0xa6][0x81][0xc6][0x16]!:V4[0xb6][0x8][0xb1]P[0x8c][0xc6][0x16]![0x8a][0x5][0xd4][0x93]\A[0x97][0x8e][0xe1][0x98]y[0x9]K-[0x2]_[0xeb][0xb]9[0xc4][0x0]it[0x13]q[0x8b][0xae]BJfz^fqqfn~19C[0x9c]Ft[<b[0x84]th[0x2][0x8d]3[0x1e][0xd2][0xbd][0x14][0xb4][0xb6][0x89]n[0x85][0x9][0xd2][0xc9][0x7][0xb0]Z[0x12]R[0x17]*8[0x1a][0x93]vZ[0xf][0xd1]gn[0x80]o[0x11][0x82]v[0x8d]h0[0xa9]c[0x84][0xb4][0xdc]g@z>H[0xcb]|[0x6][0xc6]~D[0xd9]30[0xf6]#[0x8a][0xa4][0x81][0xb1][0x1f][0xad][0xa3]A[0xbb]s[0xa7][0x8c][0x90][0xd6][0x3]![0x97][0xbe][0xe0][0x13]d[0xb0][0x1e][0x85][0x9][0x9a]f@4[0x99][0x8c][0xcc]A-!b[0xce]N3BZ[0x19][0x84]|[0x1f][0x4][0xd8]&[0xa2][0xe][0xd1][0x86][0x1c]<I[0x9c]][0x88][0xd2][0x7]v&[0xe]d"[0x1f][0xfb][0xa1]8[0xd0][0x99][0x3][0x84][0xb7]L[\r][0x89]<[0xf2][0xdf][0xd8][0x8]t[0x12]([0xb4]([0x80][0xcd][0xc4][0xc0]N[0xaf][0xc5]q[0xc2]:t[0xce][0xe]a[0x9b][0x85][0x9][0xe8]0^[0xe2]<[0x86][0x98]wC[0xdc]"[0x7]9[0xba][0x16]GU[0x9]]%[0x88][0xb0][0xcd][0xc4][0x14]4[0x80]H[0x94]mHG[0x1d]@f[0xec][0xc1][0x91][0x85]5Y@[0xe6][0xf2][0x11][0xb6][0x18][0x81][0xd7],[0x12]g[0xb][0xa2]I[0x83]|[0xb8]8[0xc4]D\[0xab][0x1b]Q[0x93][0xa1][0xa9]%h:[0x8a]8[0xdb][0x10]e[0xb][0xfc]z[0x1c]h[0x18]a[0xbd][0xb6][0x6][0x12][0xb8][0x8][0x8f][0x19][0x83][0xab]k[0xe2][0xac]B[0x14]#[0xc8]y[0xb][0xea]1[0xec]I[0x11]rj0[0x92]u[0x16][0xa0][0xc2][0x98]8[0xeb][0x10][0xe3]ep[0x9f][0xe1][0xb5][0xb]rd0[0xc2].3[0xa2][0xcf][0xea]5"a[0xad][0x15]M[0xc6]f[0x7]x-[0x96][0x91][0x19]"[0x1f][0x82][0x1b]R4,[0xa1]A%[0x11][0xb4][0x80][0x19][0x90][0xca]h[0x80][0x8f]J0[0xa2][0xc5]Q[0x9][0xe8]S[0xed][0xf8][0xc6][0xe2]H8.[0x81]&I}[0x80][0x8f]S0[0x1a][0xe0]uF[0xe8][0xb][0xd4]h[0x98][0xd5][0x90]W[0xa8][0xd1][0xf4][0xf0]g#[0xa4]Ua[0xb4].?,[0xd0][0x1a][0x93]4[0xdb][0xc5]fdA[0xb7][0xa1]*[0xa4][0xfb]H[0xc0][0xc1]GC?[0xa1][0x15][0xf4][0xb4][0xb3][0x9]iI[0x11]b[0xdd][0x6][0xb4][0xad][0x88][0xab][0x15][0xe4]X[0x94][0x9c][0x91]Y[0x92][0x9a]\[0x92][0xaf][0x0][[0xd1]R[0xc]Z[0xdf][0x97][0xf]^[0x99][0x9a]ZL[0xd6]R;#[0xa4][0xc5]E[0xe0][0xd0][0xa5]a[0x8e][0x3]5[0xdb][0xa0][0x95][0x1b][0xc2][0xd3][0xd0]ke[0xb0][0xaf][0xb][0xf5][0xcb][0xcc][0xc8][0xcc]QHM[0x4]-[0xe]%k\[0xc7][0x92]n[0xf9][0xc1][0x92]n[0xf9][0x1]i[0xb9][0x9]M[0x7][0xeb][0x8c][0x91]NO[0x80][\r][0xb6]8faN[0xac][0xe0];[0x13][0x99][0xe8]Q[0x16]c[0xa4][0x85][0x1c][0xe0]tH[0xb3][0xbc]g[0x8c]|[0xf5][0x4]M[0xb]~c[0xa4]E[\r]4[0xf6][0x13][0xd2][0xf4]=[0xad]mB[0xc][0xe7][0xd3][0xd8]&[0xea]N*[0xe3]i[0xf5][0x19][0x83]n=[0x82][0x16]L[0xc8][0x9d]Rx[0xd7][0x1e][0xdb][0x15]9~[0xa9][0x85][0xa5][0xa9][\n]"
12:44:15.745 [main] DEBUG org.apache.http.wire -  << "e[0x90]e[0xb7][0xc5][0xa0][0x2]J!3[0x5]Z0#[0xef][0xb7][0x3][0x8d][0x84][0x10][0xd3][0xa3]3F[0x9a]4[0xa5]q[0xc0][0xd2]m[0xf3][0xad]1[0xe8][0xd6] h[0xc0][0xd2][0xda]O[0xf4]*[0xe8][0xc1]7[0xa7][0xd0][0xc7]OH[0xf3]L4[0xe]=[0xa4][0xe9][0x8f][0xc1]sn[0x9f]1[0xd2][0x4][0xc6]`r[0x15]b[0xb8]q0[0xb9][\n]"
12:44:15.745 [main] DEBUG org.apache.http.wire -  << "Q,[0xf]&WY[0xea](A[0xf3][0xca]`[0xb9][0xdf][0xd0][0xd8][0x18]4[0xc6]6[0xf8][0x1c][0x85][0x18]>[0x1c]D![0x85][0x18]d[0xa4]q[0x1][0x84]4[0xb0]Nc[0x9b][0x90]N[0xd4][0xa5][0xb5]Mt[0xab][0x92][0x90][0x6]h=[0x2][0x14]r3K[0xf2]1V?[0x81][0x1b][0xe9]%[0xa9]EI[0x89][0xc8][0x17][0xe2][0x98][0x82]t[0x12][0xd5]:[0x19][0xe0]1Xc[0xa4]1X[0xaa][\r][0x8c][0x12][0xb9]j[0xca][0x98][0x84]AY[0xc4][0xf8]:h[0xd4][0x91][0xb8][0xb5][0xcf][0xc6][0x3]<[0xe8]jL[0xab]AWb[0xbd][0x8f][0xc8]'T[0x8b]ZP[0xe8][0x13][0x1d][0xbd][0x88][0x9e];[0xcd][0xec][0xc7][0xb3][0xf4][0x1b]|g;[0xb4]>[0xa2][0x99][0xfd][0xf8]z?H[0x9b][0xa1][0x7][0xc6]~D#a@[0xec]G[0x1a]s[0x1e][0x18][0xfb][0x11]S[0xa2][0x3]c?b[0x92]t`[0xec]G4}[0x6][0xc6]~D[0xf9]C[0xab][0xda][0x13]i[0x8]{[0xf0][0xb4][0xee],[0x10][0xf9][0x8e][\n]"
12:44:15.745 [main] DEBUG org.apache.http.wire -  << "-!c[0x1d]%g[0xe8][0xf6][0xf9][0xd4]b%+[0xe4]MZ[0xc6]H[0x1b]x[0x7][0x8f][0xf7][0x91][0x6][0xbe][0xa1][0xeb]R[0x15]\s[0x12][0xb1]\[0x98][0xe][0xba][0xf8][0x11][0xbc]?[0x12],[0x7]][\r][0xf][0x1a][0x84][0x85]7[0x9c][0xf0][0xfa][0x1d][0x91][0xba]i[0xb0]z[0xcc][0x18]i[0x80][0xdb][0xad][0xb4](/[0xb3][0xa4][0xb4](U!$[0x1f][0xf3]V[[0x84]lJbQ[0xa6][0x82]WjA"x[0x91]<[0xd4]?[0x86][0xa0];[0xe0][0x1e][0xc2]W][0xd0]m[0xa0][0xdb][0x4][0xe9][0xf4]`*$P<~2A[0x1a][0xe9]F[0x84][0x13]-C[0xd1][0x4]i_![0xad][0xfd][0x86]([0xde][0x10][0xab][0x88] +Op[0xac]"r[0xcc][0xc9]L,VH+MOT(E[0x9e]T[0x2][0x1f][0xe7]LL[0x1a]11@[0x8c][0x91]x[0x16]d[0xe4][0xe7][0xa5]*[0x18][0x1a]*[0x98][0x99]([0xa4]'a[0xef][0x98]d$[0x82][0xe]OQ@[0xbf]/[0x96][0xe8][0xd9][0x3][0x13][0xd0][0x86][0xe]h[0x1b][\n]"
12:44:15.745 [main] DEBUG org.apache.http.wire -  << "f[0xa1][0x11]M-D[0x1a][0xda][0x87]YH[[0x1f]"[0x9d]7L'[0xb][0x11][0x5][0x17][0x8d]S[0xa8]![0xc6]0[0x83]9[0x8d][0x92][0x89]!"][0x6]$[0xe6]$[0xfa][0xe4][0xfb][0xe0][0x99][0xce][0xc2][0x92][0x1a]A[0xe3][0xd9][0xf0][0xc][0x80]g[0x9b][0x9a][0x9]moa6[0x1]-[0xea][0x83]&w[0x1a]T*&H[0x1b][0x7][0x9d][0x8a][0x12][0x93]SsR1[0xef]`[0xf5]MLIU[0xc8]OS[0xc8][0xc8]L[0xcf]P(,M[0xcc][0xc9],[0xa9]T(HM,[0xca])Ft[0x82][0x8d]@&[0xc1][0x3][0xc]_[0x9][0x8c]t(.M|[0x84]h[0xe3][0xd2][0xc4]xD^[0xa1][[0x80]![0x8a]u[0xba]Y[0x89][0xc8][0xa7][0xd4][0xb4][0x12]_>B[0x9a][0x99][0xa3][0xa6][0x95]xS"[0xa2][0x8c][0xa0]q[0xb9][0x87][0xb4][0xb9][0x90]F[0x1d][0xf][0x13][0xa4][0xa9]>Z[0x86]_[0xb5][0x92][0xa7][0x8b][0x92][0x95][0xa1][0x91][0x5]RQ[0xee][0x98][0x9c][0x9c]Z\[0x9c]_[0x94][0x99][\n]"
12:44:15.745 [main] DEBUG org.apache.http.wire -  << "*[0x10]Pw[0x96][0xe4]+[0xa4][0xe6]e$[0xe6]%[0xa7]*$[0x16][0x80][\n]"
12:44:15.745 [main] DEBUG org.apache.http.wire -  << "[\r][0x10]S[0xa9][0x16][0xe9]`[0x7][0x13][0xa4][0xfd][0x90][0xc5][0xa9][0x5][0xa9])[0x98][0x5]ubf%H[0x10][0xda][0x80][0x5][0xef][0xa3] [0xaa][0xa8]A[0xda][0x4]I[0xcb]0A[0xf1][0xc][0xa2]|[0xa0][0xb6]g[0xe8]_[0xc][0x80]6[0x1]@+[0x9f]`p[0xcc]([0xf8]d[0x16][0x97][0x14][0x81][0xc7][0x95]Q[0xa3][0x19]*[0x9d][0x3][0x91]V[0xc8]KOM*[0x5][0xd5]$[0xa4]G[0x19]b[0x88][0xe]j&[0xd4]J[0x5][0xa7][0xc4][0x9c]D[0xcc][0xce][0xe]T[0x11][0xaa][0xc5][\n]"
12:44:15.745 [main] DEBUG org.apache.http.wire -  << "I[0x89]y[0xe9][0xe0][0x9a][0xc]j[0xbf])h[0xeb][\r]qI[0x6]Q&[0xd0]-[0xc9] &[0xf4][0xe8]f%b@[0x80]^V"MqCO[0xb4][0x83][0xf6]L[0xb0]-[0xb9][0x8]-QH-*[0xca]/R(JM.-[0x86][0x9c][T[0x90][0xf][0xda][0xf5]WZ[0xac][0x90][0x9b][0x9f][0x3][0xba]5>1[0x15]tH[0xa0]B&[0xe4][0x0]([0xa4]5c[0xc4]w^[0x90].[0xb3]Ft[0x98]|2[0xf3]R[0xf3][0x14][0x9c][0xf2]KJr07[0xcd][0x83][0x8e]/,H-*.[0xc8]L[0xce]L,[0xc9],[0x86].[0x3]QH[0xc9]L.IT([0xc8]/*[0xca]W[0xc8],(.[0xcd]UHE>[0x85][0x8f][0x4]'![0x9a]/t[0x8b][0x19]D[0x91][0x5][0xd9][0xe][0x2][0x9][0x1][0xf7][0x9c][0xfc]2,[0x5][0xba]ZZfrff[0xb1][0x2][0xf2][0xb9][0x98][0x89]y[0x99][0xb9][0x99][0xf0][0x88])[0x86]-[0x96])IUHI[0xcd]I[0xcd][0xcb],[0xc9]$/~[0xe8]_[0xe4]!m[0xda]t[0xcf]/JO[0xcd]/-V[0x80][0xed][0xb6]H,[0xc2][0xe8][0xac][0xf8][0x83][0xce][0x1e][0x3][0xaf][0xd1],[0xcd][0x5][0xdd][0xaf][\r]M[0x2][0xe0]s[0xc6]2[0xf3][0x8b]![0xe7]1*$[0xe6]d[0x16][0x96]f[0xa6]([0x14]g[0x92][0xd7][0xc9]FZ[0x1e][0x81]H[0xa7][0xb0][0xdd]-[0xce][0xf9][0x89][0xa0][0x92][0x16][0xb5]<v-[0x1][0xf5][0xea]3[0x13]K[0x14] kFs3[0xf3]2s[0x13]a'[0xc3])[0x14][0x97][0x16]'g[0x16][0x90][0xeb][0x1a]D[0x11][0x89][0xbc][0xe3]+<??G!8#[0xb3][0x8][0xab]k@g~B[0x97]P[0x95]d&[0x95][0x16]+[0x14][0xe4]$&[0xa7]&[0x96]([0xa4][0x92][0x19]$[0x88]B[0x93][0xc6]m7P[0xd5][0x1][0xad][0x4][0x15]0[0xe2][0x1f]<[0xd9]J[0xf1][0x98][0x6][0xd2][0xa9][0xe8]dy[0x86][0xc8][0xf9]/[0x13][0xa4][0x13][0xd2][0xc9][0xb2][0x87][0xf8]Q[0x1a][0xa4][0xb3][0xd0][0xe9]U[0x8c]!my[0xa4][0x9b][0x95][0x88][0xc6][\n]"
12:44:15.745 [main] DEBUG org.apache.http.wire -  << "[0xdd][0xac]Dd>[0xba]YI[0xbf][0xac][0x86]h[0x96][0xd0]8}"o[0x81][0x84][0xac][0xc][0xc6][0xbc][0xc0][0x16]_[0xde]6A[0x99][0x15]@[0xef]d[0xc2]:I[0xa6]H[\r][0xc][0xf7][0xc4][0xdc]L[0xf0][0xb4][0x2]jA[0xed][0x96]_[0xa4][0x0]Y[0xdb][0xad]PPZT[0x90]_[0x9c]Z[0x8c][0xda];[0xa2][0xdb]*[0x16][0x13][0xa4][[0xa0]i[0x1d][0xfa]H-[0xe]H[0xe8][0x9b][0xd2][0xa8]d5C[0xb4] h[0xed]'[0xc4][0x90][0x9][0xad]mB[0x94]:P[0x9b][0x6]m[0xda]E[0x14]V8][0x8a][0x18]B[0xc4]W[0x8b]Q5Ga[0x94]g[0x83]6[0xfc]0[0xca]CL[0x97][0xd2]?[0xfc][0x90][0x16]IAc[0x95]V[0xb9][0x17]i[0xb9][0x94]_bq[0xa6][0x82]Kbi[0x9e][0x82]WjQ)[0xe6][0x81][0xee]`[0xf9][0xf2][0xd4][0xbc][0xc4][0xec]l[0x85][0x92][0xd4][0xbc][0xc4]<[0x85][0xdc][0xd2][0xa2][0xdc]TP[0x8b][0x1d]:[0x6]`h[0x89][0xff]X3X[0x12][0xb3]@:[0xe4]69?[0xaf]$?C7[0x19]1[0xdd][0xad][0xa3][0x84]V~'[0x16]gd[0xe6][0xe7]%&[0xe5][0xa4][0xa2][0x96][0xdb]HK[0xad][0xc0]nC[0xb8]]![0xb1]21W!=[0xbf]([0x15]K}[0x0]VK% [0xd2]9a`[0xaa]@[0x19][0xa3]C[0xda]-K[0xeb]8[0xa7][9[0x8a]t[0xf3][0x4][0xad][0xfd][0x84][0x91][0x8f]i[0x95]c[0xe8][0xb6][0xd5][0xd5][0x4]i[0xab]+[0xc1]e[0xe8][0xf4]*[0xd9][0x91][0xf6][0xc4][0xe2]p[0x13][0xa2][0xb9][0x85](7[0xe9][0xd7][0x96]C:[0xec]p[0xba][0x8f]n[0xe9][0x14]iW,[0x8e][0x90][0x18][0x88][0xf8]AZ(4[0x98]\E[0xb7][0xd6]2[0xd2][0x12]#[0xec][0xab][0xb7][0x6]6[0xfb] [0xad]G[0xc2][0xee][0xbc][0x1]I3[0x88]Z[0x16][0xbb][0xa3][0x6]4[0xcc]L[0x91]VVaw[0xde][0x0][0x84][0x99])[0xd2]",[0xda][0xd6][0xbc][0xa6]H[0x8b][0xaf][0xb0]{[0x80]c[0x7][0xd1][0xd8][0xc1][0xee][0xbc][0x1][0x89][0x1d][0x8c][0xfe]%[0x8d]Z+[0xe0]s[0x89][0xa0]C[0xab][0xd8][0xbd]?[0xb0][0xb1][0x83][0xb4][0xf2][0xb][0xbb][0xf3][0x6]"v[0x90]V[0x87]aw[0xd4][0x0][0x87][0x19][0xa2][0xb2][0xc2][0xee][0xbc][0x1][0x9]3z[0x8d][0x2][0x99]"[0xad][0x8a][0xa0]q[0xc9]fH[0xb7]\[0x8a][0xb4][0x94][0x8e][0xd6]~B[0xd4][0xa5]4[0xb6][0x9][0xb4]Z[\r]Z[0xf2][0xd0][0xda]&[0xc4][0x84].[0xad]m[0xa2][*[0xa7][0xdb]9[0xf6][0xa6]H[0xab][0xc2]h[0x1d]z[0x18]c[0x95][0xb4][0xaa][0xf5][0x90]n{[0xa7][0xb5][0x9f][0xe8][0xd5][0x9f]3EZ}Fc?![0xad][0x16][0xa3][0xb5]M[0x88][0x9c][0x8b][0xbd]*[0x1b][0xd8][0x9a][0xd6][0x18][0x91][0xdd][0xb1];o jZ[0xe4][0x15]c4[0x9d][0xd9]15[0xa6][[0xfd]g[0x8c]([0x19]<[0x2][0x14][0x9c][0xf3][0x8b]R[0x15]2[0x15]0[0xb][0x87][0x9c][0xd4][0x82][0x92][0xfc][0x2][0x5][0x8c][0x9d][0xd7][0x96] @[0xdc][0x6]YSc[0xba]U[0x80]H[0xcb][0xb1][0xe8][0xb6][0x15][0xf]6[0xc2]n[0x8a]t[0x3][0x15]|[0x13][0xe][0xc6][0x4]`[0x1a][0xb6][0x99]Q[0xd8]u`F[0xa6][0x6][0x88][0xae][0x13][0x89]f -[0xd7]D[0x9e][0xa0][0xa5]Z0[0x10]5[0xda]9[0x88][0x82][0x0]Q[0xcc][0x11][\n]"
12:44:15.745 [main] DEBUG org.apache.http.wire -  << "[0x2]D[0x89][0x2][0xda]u[0x8d]'M[0xf][0xc6][0x98]FtL[0x8]y[0x93][0x16][0xe7]}[0x9a]"[0x1d][0xbc]CU[0xfb]i[0x1b][0xb](y[0x5]Q[0xe2]R[0xd5][0x7]C-[0xbf] [0xca]h[0x9a][0x5][0x3][0xfa]![0x2][0x83]1?![0xda][0x96]4[0xb][0x6][0x9c][0xeb]j[0x6]O[0xe9][0x89][0xb4]:pD[0x7][0xc3][0x0][0x9c]l0[0x8]3[0x5][0xd2]B[0xce][0x11][0x9d][0x1a][0x6][0xa0][0xae][0x1d][0x8c][0xa9][0x1][0xd1]C[0x1b][0xd1][0xa9][0x1][0xd1]R[0x1f][0xd1][0xc1][0x80]h>[0xc1][0x6].LM1[0xbb][0x91][0xf8]V[0x9d][0x12][0xbd][0xfe][0xda][0xd4][0x14][0xd1]g[0xa5][0xee]64S[0xa4][0xf3][0xdb]<[0xf3]JRsr2[0xd3]S[0xf3]J[0x14][0x82]KRSA[0xcb][0xff][0xf3][0xb1]l[0x19][0xf1]L[0x1]m[0x1b].[0xce]T[0x0][0xdd]U_[0xac][0x0][0xbe][0x9c][0xbd][0xb0]4[0xb1][0x98][0xac]M![0xa6][0xa6][0x88][0x86][0x7],[0x1c]1[0xfa][0x8e][0xd4][0x9]D[0xcc]E[0xc2][0xd4][0x8d][0xae][0xd8]Z.[0x0][0x0][0x0][0x0][0xff][0xff]"
12:44:15.745 [main] DEBUG org.apache.http.wire -  << "[\r][\n]"
12:44:15.745 [main] DEBUG org.apache.http.wire -  << "A[\r][\n]"
12:44:15.745 [main] DEBUG org.apache.http.wire -  << "[0x3][0x0][0xf2]B[0xf6][0x1e][0x15][0xe5][0x0][0x0]"
12:44:15.745 [main] DEBUG org.apache.http.wire -  << "[\r][\n]"
12:44:15.746 [main] DEBUG org.apache.http.wire -  << "0[\r][\n]"
12:44:15.746 [main] DEBUG org.apache.http.wire -  << "[\r][\n]"
12:44:15.746 [main] DEBUG io.restassured.internal.RestAssuredHttpBuilder - Parsed data to instance of: class org.apache.http.conn.EofSensorInputStream
12:44:15.749 [main] DEBUG org.apache.http.impl.conn.BasicClientConnectionManager - Releasing connection org.apache.http.impl.conn.ManagedClientConnectionImpl@1743c249
12:44:15.749 [main] DEBUG org.apache.http.impl.conn.BasicClientConnectionManager - Connection can be kept alive indefinitely
12:44:15.777 [main] DEBUG net.thucydides.core.steps.StepInterceptor - STEP DONE: I send HTTP GET request
  &amp#27;[32mWhen &amp#27;[0m&amp#27;[32mI send GET HTTP request&amp#27;[0m                    &amp#27;[90m# starter.stepdefinitions.UserSteps.iSendGETHTTPRequest()&amp#27;[0m
12:44:15.784 [main] DEBUG net.thucydides.core.steps.StepInterceptor - STARTING STEP: UserSteps.iReceiveValidHTTPResponseCode - I receive valids HTTP response code 200
12:44:15.785 [main] DEBUG net.thucydides.core.steps.StepInterceptor - STEP DONE: I receive valids HTTP response code 200
  &amp#27;[32mThen &amp#27;[0m&amp#27;[32mI receive valid HTTP response code 200&amp#27;[0m     &amp#27;[90m# starter.stepdefinitions.UserSteps.iReceiveValidHTTPResponseCode()&amp#27;[0m
12:44:15.793 [main] DEBUG net.thucydides.core.steps.StepInterceptor - STARTING STEP: UserSteps.iReceiveValidDataForAllCategories - I receive valid data for all categories
12:44:15.862 [main] DEBUG net.thucydides.core.steps.StepInterceptor - STEP DONE: I receive valid data for all categories
  &amp#27;[32mAnd &amp#27;[0m&amp#27;[32mI receive valid data for all categories&amp#27;[0m     &amp#27;[90m# starter.stepdefinitions.UserSteps.iReceiveValidDataForAllCategories()&amp#27;[0m
12:44:15.864 [main] INFO  - 
  _____   ___   ___   _____     ___     _     ___   ___   ___   ___  
 |_   _| | __| / __| |_   _|   | _ \   /_\   / __| / __| | __| |   \ 
   | |   | _|  \__ \   | |     |  _/  / _ \  \__ \ \__ \ | _|  | |) |
   |_|   |___| |___/   |_|     |_|   /_/ \_\ |___/ |___/ |___| |___/ 

GET - As admin I can get all categories
----------------------------------------------------------------------
]]></system-out>
  </testcase>
  <testcase name="GET - As admin I cannot get all categories" classname="User" time="0.504">
    <failure type="java.lang.AssertionError"><![CDATA[java.lang.AssertionError: 
1 expectation failed.
Expected status code <404> but was <200>.

]]></failure>
    <system-out><![CDATA[
@TC-0022
Scenario: GET - As admin I cannot get all categories     &amp#27;[90m# src/test/resources/api/user.feature:145&amp#27;[0m
12:44:15.874 [main] INFO io.cucumber.core.plugin.SerenityReporter - Running feature from file:///C:/Users/Lenovo/IdeaProjects/MiniProject/MiniprojectApi/src/test/resources/api/user.feature
12:44:15.874 [main] WARN io.cucumber.core.plugin.SerenityReporter - Feature from file:///C:/Users/Lenovo/IdeaProjects/MiniProject/MiniprojectApi/src/test/resources/api/user.feature is not under the 'features' directory. Requirements report will not be correctly generated!
12:44:15.877 [main] INFO  - 
  _____   ___   ___   _____     ___   _____     _     ___   _____   ___   ___  
 |_   _| | __| / __| |_   _|   / __| |_   _|   /_\   | _ \ |_   _| | __| |   \ 
   | |   | _|  \__ \   | |     \__ \   | |    / _ \  |   /   | |   | _|  | |) |
   |_|   |___| |___/   |_|     |___/   |_|   /_/ \_\ |_|_\   |_|   |___| |___/ 

GET - As admin I cannot get all categories(user;get---as-admin-i-cannot-get-all-categories)
--------------------------------------------------------------------------------
12:44:15.947 [main] DEBUG net.thucydides.core.steps.StepInterceptor - STARTING STEP: UserSteps.iSetUnmatchedGETApiEndpointsAllCategories - I set the GET api endpoints all categories
12:44:15.948 [main] DEBUG net.thucydides.core.steps.StepInterceptor - STEP DONE: I set the GET api endpoints all categories
  &amp#27;[32mGiven &amp#27;[0m&amp#27;[32mI set unmatched GET api endpoints all categories&amp#27;[0m &amp#27;[90m# starter.stepdefinitions.UserSteps.iSetUnmatchedGETApiEndpointsAllCategories()&amp#27;[0m
12:44:15.951 [main] DEBUG net.thucydides.core.steps.StepInterceptor - STARTING STEP: UserSteps.iSendGETHTTPRequest - I send HTTP GET request
12:44:15.952 [main] DEBUG net.thucydides.core.steps.StepInterceptor - STARTING STEP: GetAllProduct.iSendGETHTTPRequest - I set the GET api endpoints
12:44:15.952 [main] DEBUG net.thucydides.core.steps.StepInterceptor - STEP DONE: I set the GET api endpoints
12:44:15.960 [main] DEBUG org.apache.http.impl.conn.BasicClientConnectionManager - Get connection for route {s}->https://altashop-api.fly.dev:443
12:44:15.960 [main] DEBUG org.apache.http.impl.conn.DefaultClientConnectionOperator - Connecting to altashop-api.fly.dev:443
12:44:16.045 [main] DEBUG org.apache.http.client.protocol.RequestAddCookies - CookieSpec selected: ignoreCookies
12:44:16.045 [main] DEBUG org.apache.http.client.protocol.RequestAuthCache - Auth cache not set in the context
12:44:16.045 [main] DEBUG org.apache.http.client.protocol.RequestTargetAuthentication - Target auth state: UNCHALLENGED
12:44:16.045 [main] DEBUG org.apache.http.client.protocol.RequestProxyAuthentication - Proxy auth state: UNCHALLENGED
12:44:16.045 [main] DEBUG org.apache.http.impl.client.DefaultHttpClient - Attempt 1 to execute request
12:44:16.045 [main] DEBUG org.apache.http.impl.conn.DefaultClientConnection - Sending request: GET /api/products HTTP/1.1
12:44:16.045 [main] DEBUG org.apache.http.wire -  >> "GET /api/products HTTP/1.1[\r][\n]"
12:44:16.045 [main] DEBUG org.apache.http.wire -  >> "Accept: */*[\r][\n]"
12:44:16.045 [main] DEBUG org.apache.http.wire -  >> "Host: altashop-api.fly.dev[\r][\n]"
12:44:16.045 [main] DEBUG org.apache.http.wire -  >> "Connection: Keep-Alive[\r][\n]"
12:44:16.045 [main] DEBUG org.apache.http.wire -  >> "User-Agent: Apache-HttpClient/4.5.13 (Java/14.0.2)[\r][\n]"
12:44:16.045 [main] DEBUG org.apache.http.wire -  >> "Accept-Encoding: gzip,deflate[\r][\n]"
12:44:16.045 [main] DEBUG org.apache.http.wire -  >> "[\r][\n]"
12:44:16.045 [main] DEBUG org.apache.http.headers - >> GET /api/products HTTP/1.1
12:44:16.045 [main] DEBUG org.apache.http.headers - >> Accept: */*
12:44:16.045 [main] DEBUG org.apache.http.headers - >> Host: altashop-api.fly.dev
12:44:16.045 [main] DEBUG org.apache.http.headers - >> Connection: Keep-Alive
12:44:16.045 [main] DEBUG org.apache.http.headers - >> User-Agent: Apache-HttpClient/4.5.13 (Java/14.0.2)
12:44:16.045 [main] DEBUG org.apache.http.headers - >> Accept-Encoding: gzip,deflate
12:44:16.270 [main] DEBUG org.apache.http.wire -  << "HTTP/1.1 200 OK[\r][\n]"
12:44:16.270 [main] DEBUG org.apache.http.wire -  << "content-type: application/json[\r][\n]"
12:44:16.270 [main] DEBUG org.apache.http.wire -  << "date: Sat, 06 May 2023 05:53:02 GMT[\r][\n]"
12:44:16.270 [main] DEBUG org.apache.http.wire -  << "transfer-encoding: chunked[\r][\n]"
12:44:16.270 [main] DEBUG org.apache.http.wire -  << "content-encoding: gzip[\r][\n]"
12:44:16.270 [main] DEBUG org.apache.http.wire -  << "server: Fly/3f2597ca (2023-05-03)[\r][\n]"
12:44:16.270 [main] DEBUG org.apache.http.wire -  << "via: 1.1 fly.io[\r][\n]"
12:44:16.270 [main] DEBUG org.apache.http.wire -  << "fly-request-id: 01GZQSXTTPCFAHD8T1VPYSNY8Z-sin[\r][\n]"
12:44:16.270 [main] DEBUG org.apache.http.wire -  << "[\r][\n]"
12:44:16.271 [main] DEBUG org.apache.http.impl.conn.DefaultClientConnection - Receiving response: HTTP/1.1 200 OK
12:44:16.271 [main] DEBUG org.apache.http.headers - << HTTP/1.1 200 OK
12:44:16.271 [main] DEBUG org.apache.http.headers - << content-type: application/json
12:44:16.271 [main] DEBUG org.apache.http.headers - << date: Sat, 06 May 2023 05:53:02 GMT
12:44:16.271 [main] DEBUG org.apache.http.headers - << transfer-encoding: chunked
12:44:16.271 [main] DEBUG org.apache.http.headers - << content-encoding: gzip
12:44:16.271 [main] DEBUG org.apache.http.headers - << server: Fly/3f2597ca (2023-05-03)
12:44:16.271 [main] DEBUG org.apache.http.headers - << via: 1.1 fly.io
12:44:16.271 [main] DEBUG org.apache.http.headers - << fly-request-id: 01GZQSXTTPCFAHD8T1VPYSNY8Z-sin
12:44:16.271 [main] DEBUG org.apache.http.impl.client.DefaultHttpClient - Connection can be kept alive indefinitely
12:44:16.272 [main] DEBUG io.restassured.internal.RestAssuredHttpBuilder - Parsing response as: application/json
12:44:16.272 [main] DEBUG org.apache.http.wire -  << "7A0[\r][\n]"
12:44:16.272 [main] DEBUG org.apache.http.wire -  << "[0x1f][0x8b][0x8][0x0][0x0][0x0][0x0][0x0][0x4][0xff][0xaa]VJI,IT[0xb2][0x8a][0xae]V[0xf2]tQ[0xb2]24[0xb2][0xb0]0[0xd7]Q[0xf2]K[0xcc]MU[0xb2]Rr[0xcd][0xcb]/[0xca][0xcd]/-Vp[0xce]/)[0xc9][0xcf]Sp[0xce][0xcf]-(-I-R[0xd2]QrI-N.[0xca],([0xc9][0xcc][0xcf]S[0xb2]R[\n]"
12:44:16.272 [main] DEBUG org.apache.http.wire -  << "-Q[0xc8]KMN-.[0xce],I,[0xc9]L*-V([0xcb],ILU[0xc8],-JUH[0xc9][0xcf][0xc9]/J-V(J-H[0xcd][0xc9]I[0xcd]K)-V([0xce][0xcc][0xcd][0xcc][0xc9],,M[0xd5]S[0xd2]Q[\n]"
12:44:16.272 [main] DEBUG org.apache.http.wire -  << "([0xca]LNU[0xb2][0xb2]4[0xd4]Q[\n]"
12:44:16.272 [main] DEBUG org.apache.http.wire -  << "J,[0xc9][0xcc]K/V[0xb2]2[0xd1]QrN,IM[0xcf]/[0xca]L-V[0xb2][0x8a][0x8e][0xad][0xd5]A[0xb8][0xd0][0x2][0xee][0xc2][0x80][0xa2][0xc4][0xe4][0x92][0xcc][0xe4][0xc4][0x1c][0x5][0xdf][0xc4][0xa2][0xa4][0x9c]T[0x85][0x90][0xc4][0xa4][0x9c]T[0xc][0xf7][0x85][0xa4][0xe6][0x16][0xe4][0x17][0x81][0x1d]V\[0x9a]W[0xa2][0x90]X\[0x90]Z[0x94][0x9]r[0x15][0x92][0xfd][0x16]FH[0xf6][0x1b][0xe3][0xb3][0xdf][0x12]nPiqIf[0xb2][0x82]{Qb^fI[0xaa]BpF~j1[0xa6][0xed][0xf9]%[0x89][0xb9][\n]"
12:44:16.272 [main] DEBUG org.apache.http.wire -  << "[0x85][0xa5] [0xfb]S[0x12]s[0x15][0xca]Rs[0x90][0xac]51#[0xd2]ZK[0x3][0xb8][0xb5][0xc1][0xf9]y[0x95][\n]"
12:44:16.272 [main] DEBUG org.apache.http.wire -  << "[0x1][0xc1][0xa6][0x18]V[0x15][0xe4]$V*d$[0x16]+[0xe4][0xe5]+[0xe4]d[0xe6]f[0x96][0x80]\[0x3][\r]_#KK$[0x9b][0xf0][0x5][0xb0][0xa5][0x11][0xdd]l2[0xa6][0xa6]M[0x86]x"[0xcd][0xd2][0x94]n6[0x99][0xc1]mr-J[0xcf][0xcf][0xcb][0xcf][0xcd]LV[0x8][0xcf][0xcf]OI[0xcd]Sp[0xcf][0xc9]/[0xc3][0x92]B[0x82]3s[0xb2][0x11][0x19][0xc1][0xd8][0xd2][0x18]9M[0x98][0xe2][0xf3][0x15]"[0xb3][0xba][0xe7][0x17][0xa5][0xa7][0x82]2+[0xc8]0\[0x16]A22[0xc2]*3[0xb]Cc[0xa4]Da[0x80][0xcf]*D[0xae]sL-[0xca]O[0xa9][0xcc]K[0x4]y[0xc][0x9a][0xef][0x82]32[0x8b]J0[0x92][0xa3]gQ~[0x1e][0xc2]2[0xb][0x13]S[0xe4],[0x86][0xd7]_[0x88],[0xe6]RZ[0x4][0xca][0xd3][0xf0]<[0xe6][0x94][0x98][0x8e]a[0x8f]s~^rQj[0x9]([0xe3]C[0x13][0xbb][0xb1][0x85][0xa1][0x1][0x92][0xc7][0xf0][0xa4]vK[0x3]D[0xbe][0x82][0x87]a@bAj[0x11][0xee][0xf2][0xe][0x12][0x9b][0x8][0x9f][0x99][Z[0x98][0x10]k[0x1b]U[0xf3][0x16][0x9e][0x8][0xb3]40[0x81][0xa7]C*[0x94][0x17]xb[0xcb][0xd2][0x80][0xaa]y[0xb][0xaf][0x9f][0x10][0x89][0xd0]#5[0xb1][0xac]R[0xc1][0xa5][0xb4][0xa4]R![0xb8]$55G[0xc1]#[0x11]3[0x1][0xa2]G[0x94][0x99][0x81][0xa9]9RD[0xe1][0xb5][\n]"
12:44:16.272 [main] DEBUG org.apache.http.wire -  << "3[0x9]BSEFb&f[0x15][0x8]v[0x3]"E[0x98][0x99][0x1a]"Wg[0xf8],[0x2]%Th[0x85][0xeb]X[0x9e]Z[0x9c][0x9f][0x9b][0xaa][0xe0][0x93][0x9a]X[0x92][0x1]J[0x80]9[0xf9][0xc9][0xa0][0x82][0x1][0xb5][0xb6]E[0xcd]U[0xe6][0x86][0x16]DfaK[0x90][0x93][0xa0]6[0xc1][0xab]v[0xa7][0xa2][0xfc][0xbc][0xaa]T[0xdc]I=[0xa8]4)[0x9]\[0xe3]C3[0x96][0x5][0xd1]%[0x86][0xa5]!"[0xa9]C[0xeb]I[0x9f][0xcc][0xbc][0xd4]<[0x85][0x80][0x9c]DpVE[0xf5][0x15][0xba]E[0xc6][0x86]&[0xa6]DF[0x15][0xa8][0xc][0x83][0xfa][0xcb]75%3?[0xb9][0x8][0xe4]!H[0x91][0xa0][0xe0][0x8c]5[0xc][0xc1].AD[0x97][0x89][0x99]!r[0x91][0x8b]7[0xba][0x90][0xb2]Ue^jQz&[0xb8][0x9][0x0][0x8a][0x14][0x5][0xec][0xa5]`@N"H[0x9][0xc2]6Sc[0xb][0xe4][0xc2][0x9][0xaf]m[0x88][0xac][0x85]\[0xea]B[0xca]q[0x5][0xef][0xbc][0xcc]4P[0xa1][0x87][0x1a][0x92]X[0xec]3%:[0x89] */d[0xfb][0x1c]sJs3[0xf3]Js[0x15][0xb0][0x95][0xbe][0xd0][0xd4][0x8a][0xe4]?Kc[0xa2][0xfd][0x87][0xa8][0xc0][0x90]3tfN[0xb6]BxbNN*f[0x96][0x86]$X[0x84]e[0x96]f[0x6][0x16][0xc4][0xa6][0x13]D[0xe9][0x81][0xd1]p[0xc4]a[0x1b][0x86][0xdf],[0xcc][0xc][0x91][0x8b]z[0xbc]q[0x87](A[0x90][0xc3][0x12]Zc[0xe2][0xb0][0xd0]9[0xbf][0xa0][0x0]9[0xbf]Y[0x9a][0x19]"7[0xdb][0xf0][0xd9]g[0x84][0xa8][0xc8]`[0x5][0x9]4)(8'b[0x96]X[0xe8][0x1]ill@l[0x91]ed[0x8][0xaf]Z`6AJZ\[0xed][0xe]P[0x9b][0x4][0x11]e[0xa6][0xc4][0x97][0xc2]F[0x88]2[0x4]^dA[0xad][0xc2][0x9e][0xd9] [0x92][0x8][0xbb][0xcc][0xcc][0xcd][0x90][0x1b][0x1d]x[0xc3][0xf][0xd1][0x18][0x85][0x17]#[0xe1][0xf9][0xf9]98[0x8a][0x10][0xf4][0xf0]3[0xb5]0!:[0xfc][0x10]e[0x8][0xdc]&[0x88]q8[0xba][0x10][0xe8][0xbe]260%6[0xd1][0x1b]!J[0x10]h)[0xc]Ib8l[0x82][0xa6][0x18]D[0x0][0x1a][0x1b][0x11]]e[0x1a]![\n]"
12:44:16.272 [main] DEBUG org.apache.http.wire -  << "[0xf]*[0xb4]8[0xf0]F[0x15][0xa2][0xd8]@[0xe4]dH[0xf5][0x8c][0xa3][0x19][0x90][0x83][0xf0][0x91][0xa5]%[0xa8][0xca][0x85]w5[0xf1][0xda][0x83](1[0xe0]mCXg[0xf]{5[0x6][0x95]E[0xd8]fnhIl[0x93][0xc3][0x8]Q`x[0xe6][0x95][0xa4][0xe6][0xe4]d[0xa6][0xa7][0xe6][0x95](@S[0x6][0xb6]<[0x8c]a[0x9b][0xa9][0x89])[0xb1][0x15][0x19][0xa8][0x8c][0x86][0xd6][0x9a][0xf0][0xac][0x5]n[0xc5](8[0xe5][0x97][0x94]`[0xe9]E[0x83][0xaa]8[0x84][0xbf][0x8c]-[0xc][0x88][0xad]T[0x8c][0x11][0xc5][0x85]'[0xa8]VN[0xc9][0x4]u[0xd5][0xa1])M[0xc1][0x19]k{[\n]"
12:44:16.272 [main] DEBUG org.apache.http.wire -  << "V[0xe3] ,42 :[0xda][0x8c][0x11][0xa5][0x6]"y@[0x93][0xbd]s>[0x96]v"[0xd4]-[0x8][0xcb],[0xcd]L[0x88][0xad][0xc2][0x8c][0x11][0xc5]FpNjj[0xb6][0x2][0xb8]m[0xa1][0x80][0xd5][0x1e][0xd4]r[0xd0][0xd8][0xd4][0x88][0xe8] D[0x94][0x18]>[0x99][0xe9][0x19]%[0xe5][0xa9] [0x12]6[0xea][0xe1][0x94][0x9a][0x97][0x9c][0x81][0xd1]+[0xc2][0xa8][0xbb]L[0xcd]A[0x5]7Q[0x9][0xdf][0x18]Qj[0xc0]K(hbS[0xf0]N[0xad]L[0xca]O,J[0xc1][0xb0][0x10]TX"[0x82][0xd0][0xc8][0xc8][0x84][0xd8][0x9a][0xb][0xd4][0xdf][0x85]&E[0xe4][0x9a][0x12][0x14]Z[0xb8]m[0x3]gw[0x84]u[0xe6][0x16][0xc4][0xc7][0x18][0xa2][0xf4]@jt@[0x83][0xb]G[0xb9][0x88][0xde]<[0xb5]4[0x2][\r][0x94][0x11][0x17][0x96][0x88]B[0x4][0xc9]:X[0x9f][0x15]WnC[0xb7][0xd0][0xcc][0xc]T[0xbf][0x13]g![0xa2][0x1c][0x81][0x97]Z[0xa0][0xcc]K\[0xed]laAt;[0x0][0x14][0xe2][0xd0]x[0x83]u[0xd3][0xa1][0xb9], 1[0xf]<[0xf6][0x84][0xda]2E[0xaf][0xc6][0x8c]L[0xcd][0x88]-[0xad]@u+[0xd4]*xi[0x5][0x9]"[0x1c][0xad]nht"[0x12][0x88][0xa9][0xa1]1[0xb1]-7[0x13]D[0xf9][0xe1][0x96][0x98]W[0x2]n[0xbe][0xc3][0x86]p[0xb0][0xb5][0x80]1[0x8a][0xf][0xb][0xb][0xa2][[0xdc]&[0x88][0xe2][0x3]Z?[0x83][0xb2][0x11][0x8e]6[0x7][0xc4][0xc7][0x8]?[0x99][0x18][0x82]F[0x5][0x89]J[0x14]&[0x88][0x12]$[0x18][0xa9][0xdf][0x2]+g[0xb1]v[0x9f][0xd1][0xb2][0x98][0x99][0x81]%[0xd1]![0x88](?[0x90][0xab]2p[0x8e][0xc6]>J[\n]"
12:44:16.272 [main] DEBUG org.apache.http.wire -  << "J[0xa0][0x8][0x8f][0x19][0x19][0x10]][0x8f][0x81][0x6]P[0xa1])[0x3][0x11]Y [0xd3][0x14][0xb0]'B4OY[0x98]X[0x10][0xdb]l3A[0x94][0x1b][0xc8][0xf5][0x18]d[0xac][0x88][0x88][0x16][0xb6][0x85][0x11]h[0xac][0x89][0xb8][0xd8]B[0x94][0x19]HV[0x81][0x83][0xf]{[0xbb][0x3]$[0x85][0x8]>3[0x13]Pt[0x13]g[0x13][0xa2][0xb0][0x80]g,XI[0x8f][0xbd]^[0xc1][0xc8][0xc5][0x16][0xa0][0xda][0x82]([0xcb]L1[0xbb]([0xe0][0x98]"[0xdc]h367%[0xb6]61E47[0x10][0x3][0xb0][0xf0][0xe2][0x16][0x9b]U 7 [0x2][0xcf][0xd2][0xc4][0x98]h[0xab][0x10][0x99][\n]"
12:44:16.272 [main] DEBUG org.apache.http.wire -  << "^M[0x82][0xd3][0x17][0x8e]B[0x9][0x96][0xdb][0x10][0x96][0x99][0x9a][0x11][0x9d][0xd0]M[0x11]y[\n]"
12:44:16.272 [main] DEBUG org.apache.http.wire -  << "ZR[0x80]"[0x1d]k[0xc6]E[0xf5][0x90][0x91][0xa5][0x19][0xb1]MP[0x90]c[0xa0][0x99][0x9])[0xdd][0xc1][0xd2]Cxb[0x9][0x96]v[0x6]F[0xe9]gf[0x80]2[0x1c][0x8a][0xaf][0x81][\r][0xea][@[0xed][0x83]WU[0xb0][0xc1][\r]\[0xcd][0xc]p#[0x15][0x11][0x82]fFf[0xc4][0xf6][0x85]@[0x9d]&[0xa8]mH[0xbe][0x83]D[0x18][0xb6]r[0x1d]R[0x99]!YelLt@"[0xb2][0x15][0xa2]T[0x82]E[0xbf][0x2][0xf6][0x8c][0x85][0xe6]1SS[0xa2]3[0xb1][0x19]"_![0x17][0xee][0xd0][0x90][0xc4]>[0x4][0x6][0xe9]V <g[0x8a]:A[0x84]/[0xd6][0xcc][0x10]9[0xc]V[0xef][0xc3][0x92][0x8][0x8e][0xd2][0x9]4B[0x8b][0xb0][0xca][0xd8][0x90][0xe8][0x1]0P[0xef][0x1d][0x1a]e[0xd0]D[0x8f][0x8]D[0xec][0xdd][0x14][0x88][0xa7][0x11][0x96][0x99][0x98][0x80][0xc6][0x7][0x89]*[0x9e][0xcc][0x10]9[0xc]^[0x16][0x82][0xb2][0x12][0x8e][0x81]6[0xf4][0x10]416'6y[0x80][0x92],[0xd4][p[0x9b] [0xa9][\r][0xc7][0xf0](([0xab]#[0xfc]daFt[0xc3][0xc9][0x1c][0x91]4[0xe0]6AJp[0x5][0xec][0xd9][0x19]VR"l36&z[0x88][0xd9][0x1c][0xd1]r[0x82]t[0x86][0xa0][0xa3]][0xd8]G*1[0xad][0xb2]4[0x7][0xb9][0x97][0xa8][0xc8]2G[0x94][0xbd][0xc8][0xc5]<x[0xa6][0x1a][0xfb][0xd8][0x10][0xa6]u[0xc6][0x16][0xa0][0x2][0x88]8[0xeb][0x90][0x6]7[0x90][0xda]O[0xd0][0xc2][0xf]W+[0x1e][0x96]X[0x11][0x81]ia[0x80][0x19]u[0x0][0x0][0x0][0x0][0xff][0xff]"
12:44:16.272 [main] DEBUG org.apache.http.wire -  << "[\r][\n]"
12:44:16.273 [main] DEBUG org.apache.http.wire -  << "7C5[\r][\n]"
12:44:16.273 [main] DEBUG org.apache.http.wire -  << "[0xc2]>[0xd1]mi[0x8e]h[0x4]@[0xd3]>81bo?A3 [0xc2]"c[0x13]cb[0xcb]EPn[0x84][0xa6][0xc6][0xe0][0xdc][0xc4][0x9c][0x1c][0xf8]d[0x1b][0xf6]pDO[0xf7][0x96]&[0xa0][0xb9]&[0xa2]B[0x11][0xd4][0xd6][0x82][0xda][0x4][0xf5][0x12]4[0xd5]c[0xb7][0x9][0x92]P[0x91][0xfc]dJt[0xbb][0x1a]4[0x9d][0xf][0xb5][0x9][0xb9][0x5][\n]"
12:44:16.273 [main] DEBUG org.apache.http.wire -  << "[0x8b][0x10][0xec][0xfd]s[0x98],[0xc2]F[0xb]SPaG[0x9c][0xdf][0x10]-y[0xa4]~[0x1e][0xb8]P[0xc7][0xd1][0x14][0xc5][0xf0][0x1e][0xf1][0xa9][0x1f]T[0xc3][0xc2][0xbd][0x97]\[0x94][\n]"
12:44:16.273 [main] DEBUG org.apache.http.wire -  << "[0x1d]S[0x1][0xb7]Eq[0x8c][0xdf][0xa0][0x16]!F[0xe6]f[0xc4][0xe]>X [0x8a]E[0xe4][0xee]9,;[0xe1][0x1a][0xa9][0x7]%VD@[0x1a][0x93][0x90]H[0x10]Y[\r]5[0x91]`o[0xd0][0x83][0xc7][[0x10][0x16][0x99][[0x80][0xc6][0xd1][0x88][0x88]1cc$[0x8f]E8[0xf9]G[0x18]b[0x8c]h L5AY=[0x81]^9[0xc2][0xd6][0xa6][0x98]"uS[0xdd][0x13]s3[0xf3]0[0xe7][0xaa][0xdd][0xf2][0x8b][0x14][0xd2][0xc1]R[\n]"
12:44:16.273 [main] DEBUG org.apache.http.wire -  << "[0x5][0xa5]E[0x5][0xf9][0xc5][0xa9][0xc5]J[0xb5]H[0xcb][,A[0xe3][\n]"
12:44:16.273 [main] DEBUG org.apache.http.wire -  << "[0xd0][0x98]E[0x1e][0xea][0x81][0xe6][0x13][0x1c][0xf5]+[0xca][0x2][0x2][0x13]KP3[0x8e][0x88][0x10]0[0xb2][0xb4]@[0x14]1H-"h[0xdf][0x19]GU[0x4][0xea][0x9f]"[0x2][0xc6][0xc8][0x8][0x94][0xa7][0x89][0xb2][0xc][0xd4]W[0xc5][0xe2]3H.[0xc0]Y[0x1b][0x81][\n]"
12:44:16.273 [main] DEBUG org.apache.http.wire -  << "t[0x84]u[0xe6][0xa6][0xa0][0x16][0x1]q[0xd6]![0xea]"D[0x13][0xc]Z[0x1f]ao[0x80][0xa1][0xa5]$K[0xb][0xa2][0xb3][0x88]%"[0xef][0xc3][0xdb][0xb1]A[0xe0][0xa9]S<[0x3]X[0xe8][0xf3][0x82][0xc6]fF[0xc4][0xe][0x87][0x80]:[0xe2][0xd0][0xa0]D.[0xdd]@Y[0xe][0xeb]d[0xf]4F[0x11][0xe1]hj[0x0][0x9a][0xb5]'.[0x1c][0x11][0xd9][0x1f])[0x8d]@[0xeb][0x1b][0xec][0xb6][0x81][0xe6]y[0x11]v[0x19]Y[0x80][0xda][0xa7][0xc4][0xd9][0x85][0xc8][0xfa][0x90][0x9a][0x8][0x1c]%8[0xda][0xcb][0x98][0xa5][0xb5]1[0xf1][0xc3][0xb6][0xa0]Qyh[0x8]"[0x95][0xd6][0xd0][0xb4][0x88]=[0x97][0xa1]&|[0xb]K[0xa2]'[0x1e]-[0x11][0xb9][0xc][0x91][0x12][0xa1][0xc9][0x3][[0xbf][0x3][0x92]H[0x11][0x1]hl[0x1][0x1a]d[0x86][0x7] [0xbe][0xd5],[0xa0]b[\n]"
12:44:16.273 [main] DEBUG org.apache.http.wire -  << "[0xea]-[0xa4][0xc8][0x82]TB[0xd8][0x13]=[0xac][0x18]GXgn[\n]"
12:44:16.273 [main] DEBUG org.apache.http.wire -  << "[0x1a][0x0][0x83][[0x87]{[0xe9][0x87][0xb1][0x1]h@[0x3]n[0x1d]b[0xca][0x2][0x16]38[0xba][0xc1][0xe8][\r][0x8]3[0xd4][0x19][0x19][0xdc][0xfe]360@dj$[0xff]A[0xa3][\r]{[0x83][0x16]=4M[0xcc][0x88][0xec][0xdf][0x1b][0x1b][0x80][0xda]5X[0xbc][0x7]1[0x11]G[0xaf][0x0][0xda]"D[0x4][0xa7][0x91][0x99][0x11]q[\r]1cp[0x9e][0x84][0xda][0x7]i>[0xc3][0x3][0x12][0xfb][0xc2]F[0xb4]*[0xdd][0x94][0xc8][0x14]il`[0x80][0x94][0xcf][0x90]Z[0xb3][0x90][0xdc][0x86][0xbd][0x81][0x89][0xde][0xaf]22[0x0][\r][0xdb][0xc3]S[0x9][0xde]HCt[0x86]a[0xf3][0xc5][0xe0][0x92][0xca]'1[0xb7][0x0][0xa3][0xce][0x5]w[0xc7][0x11][0xa1]ga[\n]"
12:44:16.273 [main] DEBUG org.apache.http.wire -  << "[0xea][0xb5][0xc3][0xad]A[0xaf]y[0x11]5[0xa7]1x~[0x8][0x16]z[0xe0]f,[0xc4];8[0x16][0xdd]a[0xc4][0x93])[0xb1][0xd5][0xa6][0xb1][0x1][0xd2]J[0x1a][0xb4]x[0xc2][0xde][0x8e]E[0xf7][0x13][0xb1][0xe3][0x8][0xc6][0x6]H[0x8b]h`A[0x7]-8[0xb0][\r]dA[0xb]eD[0xe8][0x19][0x81]W[0xe1][0x10][0x17]z[0x88][0xfe][0x14]R[0x81][0x8][0x89]u[0xdc][0xeb][0x83]0l$[0xba]kjl[0x0]Zs[0x3][0x8b]/[0xca]W[0xb4][0xe2]M[0x19][0x88][0x91][[0x9a][0xce]L[0x1b][0x1b][0x18]"[0x8a][0xfa][0x80]`[0x5][0xcc][0x15][0xba][0xe9][0x89][0xb9][0xa9][\n]"
12:44:16.273 [main] DEBUG org.apache.http.wire -  << "[0xa6][\n]"
12:44:16.273 [main] DEBUG org.apache.http.wire -  << "[0xc5]%[0xe0][0xf1]b[0xe8][0xa2]*[0xfc][0x8d]K[0x94]$[0x8e][0xc8]I[0x10][0x8f][0x18][0x1a]ad [0xf8]"`[0xf4][0x15][0xc0][0xc6][0xa0][0xd2][0x9a][0xa8][0xb4][0x0][0x9a]jB[0x8e][0x99][0x2]33[0xc]k[0x92][0xf3][0x93][0x12][0x13]A[0x4]"[0xb5][0x91]`[0x1]b[0x4][0xc9]9?)Q![0xa5]4[0xa7][0x14][0xc3][0x86][0xcc][0xbc]L[0x85][0x8c][0xc4][0xbc][0xca]D[0x85][0x82][0xd4]"[0x90]M[0x89]y[\n]"
12:44:16.273 [main] DEBUG org.apache.http.wire -  << "[0x5][0xf9][0xc5][0xa0]5A[0xd0][0x80]3[0xb5][0xb4][0x4]Ux[0xc4][0xf9][0x9]Qs[0xd0]"f@S[0xb9][0xd0] [0xa3][0x89][0xf1][0x88][0xdc][0x19][0x92][0x88][0x19]T[0xf0]8[0xc7][0xb2][0xf0][0xdb][0xd0][0x0][0x3][0x10][0xb5]`[0xca][0xd8][0x0]ToA[0xfd][0xe4]Q[0xa0][0x10][0x96]Y[0x96][0xaf][0x10]i[0x84][0x99][0xe0]rSs3s2[0xb3]3[0x15][0x8a][0xb]R[0x8b]3[0xd3]2[0xb3][0x13][0x8b]3[0x15]*[0x13][0xf3][0xd2][0x15][0x12][0xb]2A[0xeb][0x17][0xa1][0xb1][0x5]j.[0x80][[0xc][0xc4][0xc5][0x17]"[0xa9][0xd3][0xcf][0xc7]HK[0x15][0xe8][0xef]c[0xa4]e[0xb][0x3]`9[0xa2][0x7]S[0x92]Z[0xc][0xda][0x86][0xa1]PP[0x94][0x9f]R[0x9a][0xc][0xca]n[0xa8][0xd3][0xb8]%[0x19][0x99][0xc5][\n]"
12:44:16.273 [main] DEBUG org.apache.http.wire -  << "[0x99][0xc5][\n]"
12:44:16.273 [main] DEBUG org.apache.http.wire -  << "%[0x19][0xa9]05[\n]"
12:44:16.273 [main] DEBUG org.apache.http.wire -  << ")H[0x1b]B[0xe0][:[0xc0])[0x8f][0xc8][0xb4][0x6][0x9a][0x9c][0x85][0xa6]5p[0xc9]ff``[0x80]Q"[0xe0]K[0xe6][0xa6]D[0x97][0x4][0xa0][0xe9]*[0xa8]U[0x3][0xe3]UD[0xe3]k`[0xec][0xa7][m[0x8][0x1a][0x81][0x84][0x86]48RI[0xde][0xb3]Bt[0x8d][0x5]j[0xd2]Cm[0xa2][0xde]AZ[0x7]1 [0x11][0x8a]4[0xea]40[0xf6]#[0xaa][0xd6][0x81][0xb1][0x1f]QvA[0x86][0xd6]0[\n]"
12:44:16.274 [main] DEBUG org.apache.http.wire -  << "[0x8e]4,[0xa3]n[0xf0]b[0x8a][0xd8][0x89]/c[0x3][0xd0][0x84][0x1c]4[0x95][0xc1]&[0xbe][0xc0][0x1d][0x19][0xec]k[0xd8][0x82]R3[0x93]3S[0xf3]R2[0x8b][0x15][0x8a]SS[0x14]2[0xf3][0xca]R[0xf3]J[0xf2][0x8b]R[0x15]2[0xf3][0x92]3S@[0x1b][0xd1]RK[0x14][0x12]KKRs[0x91][0xf6][0x83][0x11][0xbb]F[0xc0][0xd8][0x0][0xb4]>[0x1e][0xea][0x98][0x81][0x9]uD16[0x0]Y[0xe]Q[0x86]Q[0xcd][0xf3][0xc4][0xad][0xf8]360A[0xb4][0xf1][0x9][0xd9][0x8d]h[0x1b][0x83][0xea]B"[0xab]B[0xd0][0xba][0xb9][0x81][0x8c]X[0xa4]U[0x1a][0x84][0xfc]G[0x93][0xa6][0x0][0xd2][0x2][0xe][0xaa][0xd9]Ol[0xdc][0x82][0xb6][0xa8][0x11][0x19][0xf6]d[0xc5]-h[0xfe][0x8a]H[0xf3]i[0x13][0xb6][0x88]~[0x4][0xd5][0xc2][0x16][0x94][0xb4][0x89][0xe]_[0xc4]`2[0xd5][0xec]'[0xda]nD[0x81]E[0xc8]n[0xf2][0xe2][0x96][0x6]e[0x12]Ia[0x8b]([0x97]h[[\r][0x82][0x96]bA[0x13]1m-[0x2][0xcd][0x1b]@-"[0x14]c4[0xc9]-[0xa0][0xb9]_j[0xdb]Olj[0x5][0xcd]s[0x11]i7Y[0xa9][0x15]4[0xb7]E[0xa4][0xf9][0xb4][0x9][[0x1a][0x95]DDV[0xb2]Hk}[0xc8][0xeb][0x9a][0x10][0xdd][0xdd][0x4]-[0xbe][0x83][0x6]4[0xad]mB[0x14][0x0][0x11]N[0xf9][0x15][\n]"
12:44:16.274 [main] DEBUG org.apache.http.wire -  << "[0x83]aB[0xdb][0xd8][0xc0][0x1c]1[0xd6]7 [0x99][0x18]iM[0x12][0xd5][0xec]'6[0x13][0x9b]#z&[0x84][0xec]&+[0x13]#-[0x82]"d>M2[0xb1]9[\r][0xaa]sP[0x95]Gd&FZ[0xb8]4 [0xde][0x7]-}[0x80]fm[0xaa][0xd9]Ol[0xd2]BZ[0xe0]D[0xc8]n[0xb2][0x92][0x16]h[0xcd][0x1f][0xb5][0xfd][0x6][0x8a]Z[0xa2][0xfd]7[0xb0][0xf5][0x3][0xd2]b[0x15]B[0xc1]K[0x8b][0x9c]e[0x4][0xda][0xaa][0x5][\r]~[0xda][0xb6][0xb1]@[0xe7][0xee]@-[0xa2][0x9a]G[0x89][0x8d]c[0xa4][0x93]f[0x8][0xd9][0x8d]3[\r][0xe3][[0x9e][0x80][0xb4],[0x87][0x90][0xf9][0xb4][0x88]D[0xf0]~[0x19]j[0x87]-([0xf][0x11]W<[0x1a][0x82]FOia=[0x91][0xd1]k[0x8][0xda]H6[0xa0][0xf6][0xd3]`\[0x92]h[0xbf][0xd3][0xb6][0xe6]7DZ[0x9a]2[0x10]I[0xdb][0x10][0xb4]|[0x8c][0x16]qKd[0xd2]FZ[0x81]1 [0xde]GZ[0x97]A[0xdb]F[0xbd]!h[0xf7][0x2]4[0xa0]im[0x13][0xa2][0xc6][0xa5][0xb5]M[0x88]f#[0xad]mB[0x8c][0xf9][0xd0][0xda]&[0xc4][0xe8][0xf][0xad]mBt[0xf3]hm[0x13]b[0xe][0x9e][0xc6]6[0xa1][0xaf]8!y[0xa6][0x90][0xd8][0xee][0xb8]!R[0xc3][0x8a][0xd6]~BT?[0xb4][0xb6][0x9]Q[0xd9][0xd0][0xda]&[0xba][0xe5]'#D~[0x1a][0x90][0x12][0x1e]i[0xf1][0xb][0xd5][0xec]'[0xb6][0xf1][0x0][0xda][0xc1][0x0]-[0xf3][0x9][0xd9][0x8d][0xb3]][0x8c]g=[0x9c]![0xd2][0xd9][0x1f]4N/H[0xb]j[0x8][0xf9][0x84][0x16]-pC[0xa4]55T[0xb5][0x9f][0xc8]f[\n]"
12:44:16.274 [main] DEBUG org.apache.http.wire -  << "[0xd2][0xb2][0x4][0xaa]ZOlBBZ[0x99]@[0xe3][0x88]F[0x9a][0x1a][0xa7][0xb5]M[0x88]"[0x88][0x6]+[0xed][0xc][0x91]f?[0x11][0xfb][\n]"
12:44:16.274 [main] DEBUG org.apache.http.wire -  << "[0xa1][0xcb]\q[0x9d][0xa0][0x11]X[\n]"
12:44:16.274 [main] DEBUG org.apache.http.wire -  << "Z[0xe][0x85]8e6[0xb1][0xb8][0xb8]475/%Q[0xa1]4''[0x91][0xac][0xe9]}C[0xa4]YP[0x1a][0x7]([0xd2][0x9c]g@[0xb0][0x9][0xc6][0xda][0x89][0x82]b[0x13][0x85][0xa4][0xc4]"[0xd0][0xa2]C[0xa4][0x85]|Df[0x80][0x1][0x9e][0xef]44E[0xb4]i[0xa9][0x96][0x1][0x89][0xcd]|H[0x1b][0xf6][0x9][0xd9]MV)[0xe][0xda][0xe5]Ed-A[0x93][0xb2][0x15][0xb4]w[0x96][0x16][0xf6][0x13][0x99][0xb4][0x6]x[0x2][0xcb][0x10]i[0x6][0x89]P[0xf4][0xd2]$[0xf8]A[0xfb][0x88][0xa9][0x1d][0xfc][0xc4]&m[0xa4]9-B~'+i#[0xed][0x8f]'d>m[0xc2][0x16][0xd1][0xf1][0xa1][0xaa][0xfd]D&mZM[0xab][0x10][0x1b][0xbd][0xa0]s[0xc][0xa0]I[0x8b][0x16]U,[0xd2][0xc6]v[0xe4][0xe3]*[0xc0][0xbb]dp[0xec][0xaa][0xf2][0xcf][0xcd][0x83].[0xa3]+[0x4][0xd5][0xb5][0xc9][0xf9]y[0xc5][0xa9][0x85][0xa5][0x89]%[0xa5]E[\n]"
12:44:16.274 [main] DEBUG org.apache.http.wire -  << "[0xc9][0xf9]E[0xa0][0xd3][0xdd]A[0x87][0x9e]'e[0x16]+[0x14]%[0x82]N[0xa5]G>Y[0x9e][0xe8]%u[0x86][0xe6][0x88]h[0xa7][0x85][0xbf][0x91][0xa6][0xab]P[0xaa]t[0x0][0x0][0x0][0x0][0xff][0xff]"
12:44:16.274 [main] DEBUG org.apache.http.wire -  << "[\r][\n]"
12:44:16.274 [main] DEBUG org.apache.http.wire -  << "CF0[\r][\n]"
12:44:16.274 [main] DEBUG org.apache.http.wire -  << "B>K[0x1f][0xdf][0x12]g[0xd4][0x85][0x8a]xv\[0x19]"MLA6(A7[\r]a[0xdf][0xda][0xe5]XZ[0xa2][0x90]Z\[0xa2][0x90][0x93][0x98][0x94]_T[0x9a][0xab]P[0x9c]X[0x90][0x99][0x9a]W[0x92][0x8a][0x8]Z[0xf0]*E[0xd0]*FrV*[0x1a]"MU[0xe5]%[0xe6]&B[0x16][0x8d][0x83]6[0x6][0xa0]z=[0x1b]z[0x10][0x2]B[0x1e][0xda][0xde] 6[0xd9]"MY[0xd1]$[0xfa][0x10]m[0x9][0xe8][0xbe]t[0xe8][0x1e]2\;[0xe0][0x83]Ak<[0xf3][0x12][0xc1][0x87][0xff]'[0x92][0x17]r[0x88][0x81]2[0xe4]}[0xbe][0xd0]]Y[0xd8]7[0x5][0xfa]%[0x96][0x94][0x16]+[0xa4][0x96]([0x14]g[0xe6][0x95][0x90]g+[0xa2][0x85]M[0xd5][0xd2][0x8f][0xe8]x[0x1c][0xe0][0xae]?[0xd2][0xae]x[0xa4][0xad]p[0xb0][0xc8][0xc6][0xb6][0xf1].,?[0xa7][0xb4][0xa0]$[0xb1]$[0xb5]X[0xa1][0x4][0xd1][\r]H-QH-[0x5][0xc7][0xbe]B)x[0xa5]/y[0xb1][0x81]([0x94][0x6]$6[0xe8]1[0x13][0x8a][0xaf],[0xa3][0xc5][0x4]%h[0x12][\r]95[0xe2][0x99]D4D[0x9a][0xa4][0x84]m[0xc1][0x4][0xed][0xbb][0xc5]q:[0x82]#[0xe8]n[0x91]<p[0xc5][0x4]_[0xe6]]X[0x9a][0xa9][0x90]W[0x9a][XJfW[0x90][0x1e][0xd3][0x98]xC[0x0][0xa3][0xe0][0x83][0x9e]'[0x80][0xe3][0xb0]L[0xcf][0xdc][0x82][0xd4][0x94][0xcc][0x12][0x85][0xa2]TPm[0x2][0xbb][0x0][0x6]\q[0x83]j[0xed]Lpn[0x80]w[0x91][0xc1][0xb5][0xe]y[0xf5]5[0xd2][0xad][0x1e][0x3][0x93]5[0x10][0x5]%bc?[0xb4]p[0xc6]~[0xea][0x16][0xd2]U4E[0xa9][0x5][0xa5])[0x99][0x89]y)[0x89][0xa9][0x14]5Z[0x90]N2[0xa0]Y [0xe0]M[0x1d][0x88][0xe9][0x8][0x9a][0xd9][0x8f]o0[0x13]4[0xf2][0xf]m[0xac][0xe][0x84][0xfd][0xe0][0xd6][0xe5][0x80][0xda]O[0x83][0xf5]u[0xc8]e#[0x9e][0xb0]7B:[0x8e][0x81]P[0xd8][0x93][0xd3][0xf]4[0x2][0x9d]1=[0x90]a[0xb]:|[0x1f]j?MW[0xe1][0x18][0xd1]j:[0x9f][0xb8][0xe][0xa7][0x11][0xe8]hm[0xa8]?[0x9][0xc5]#-[0xfa][0xdb]FH[0xd3][0xe9]4[0xb3][0x1f]O[0x19]f[0x84]4[0xc9]N3[0xfb][0xf1][0xe5]#[0xd0][0xa5][0x12][0x3][0x1a][0xfe][0x88]~[0xc6][0xc0][0xf8][0x1f]Q[0x91]R[0xa1]g[0x8c]7[0xa4][0x11][0xb5][0x15][0x8d]m[0xa2][0xdb][0x94][0xb6][0x11][0xd2]-[0x19]T[0xf0][0x13][0x9e][0xb6][0xb8][0x11][0xd2])[0x7][0xb4]-[0xf][0x8d][0x10]MN*x[0x9]_[0x82]@[0xba] [0x83][0xd6]6![0x12]yf^J~n&[0xe6][0xdd]=[0x89][0xd9][0xa5][\n]"
12:44:16.274 [main] DEBUG org.apache.http.wire -  << "[0xc5][0xa5][0xd9][0x89][\n]"
12:44:16.274 [main] DEBUG org.apache.http.wire -  << "[0x8][0x5][0xd0]1[0x10]#[0xa2]ON0B[0x9a]9G[0x18][0x83]:[0xd4]B[0x1d]{[0x90][0xb2]Rbnqi^[0xba]B[0xb0][0x91][0xb1]BhNIQ"[0xc6],[0x12]R[0xf5]of@[0xdc][0xf9][0xca][0xc6]FH[0xf3][0xe0]4[0x8e][0x1b][0xa4]y[0xea]`[0x82]~qO[0xcc]I[0xac][0xa8]D[0xf8][0x88][0xd8][0xd6][0x12][0xd2]d4[0xad][0xbd]C[0xaf][0x5]!F[0xc8][0xe7]6[0x10][0xc]8D[0x90][0x19][0x12][0x9f][0x8][0x90][0x8e]k[0xa0]u[0xa8]!2([0xad]mB[0x8c]p[0xd1][0xda]&D&[\r][0xc0]q[0x9e][0x7][0xe8][0x9c][0x9d][0x94][0xd4][0xe2][0xec][0xa2][0xcc][0x82][0xe2]Lr[0x7]_[0x8d][0x90][0x96]:[0xd0][0xb6]j@Z[0xd3]@c[0x8b][0x10][0x1d]+[0x1a][[0x84]X(Fc[0x8b][0x10][0xc5][0x2][0xea]I[0xae][0xa0]K[0xc7]p[0xcc][0xbc][0x84][0xa5][0x16][0x81][0xaf][0xf5][0x85][0x1c]b[0x80]4[0xba][0x89][0xb8]EW!%3=/[0xb3][0xb8]837[0xbf][0x98][0x9c]!N#[0xba]-[0x1e]1B:4[0x81][0xc6][0x19][0xf][0xe9]^[\n]"
12:44:16.275 [main] DEBUG org.apache.http.wire -  << "Z[0xdb]D[0xb7][0xc2][0x4][0xe9][0xe4][0x3]X-[0x9][0xa9][0xb][0x15][0x1c][0x8d]I;[0xad][0x7]u*[0xb]_[0xfb][0xc][0xe9]4[0x4][0x1a]L[0xea][0x18]!-[0xf7][0x19][0x90][0x9e][0xf][0xd2]2[0x9f][0x81][0xb1][0x1f]Q[0xf6][0xc][0x8c][0xfd][0x88]"i`[0xec]G[0xeb]h[0xd0][0xee][0xdc])#[0xa4][0xf5]@[0xc8][0xa5]/[0xf8][0x4][0x19][0xac]Ga[0x82][0xa6][0x19][0x10]M&#sPK[0x88][0x98][0xb3][0xd3][0x8c][0x90]V[0x6]!O[0xb0][0x83]m"[0xea][0x10]m[0xc8][0xc1][0x93][0xc4][0xd9][0x85](}`g[0xe2]@&[0xf2][0xb1][0x1f][0x8a][0x3][0x9d]9@x[0xcb][0xd4][0x90][0xc8]#[0xff][0x8d][0x8d]@'[0x81]BGI`31[0xb0][0xd3]kq[0x9c][0xb0][0xe][0x9d][0xb3]C[0xd8]fa[0x2]:[0x8c][0x97]8[0x8f]![0xe6][0xdd][0x10][0xb7][0xc8]A[0x8e][0xae][0xc5]QUBW[0x9]"l31[0x5][\r] [0x12]e[0x1b][0xd2]Q[0x7][0x90][0x19]{pdaM[0x16][0x90][0xb9]|[0x84]-F[0xe0]5[0x8b][0xc4][0xd9][0x82]h[0xd2] [0x1f].[0xe]1[0x11][0xd7][0xea]F[0xd4]dhj[0x9][0x9a][0x8e]"[0xce]6D[0xd9][0x2][0xbf][0x1e][0x7][0x1a]FX[0xaf][0xad][0x81][0x4].[0xc2]c[0xc6][0xe0][0xea][0x9a]8[0xab][0x10][0xc5][0x8]r[0xde][0x82]z[0xc]{R[0x84][0x9c][0x1a][0x8c]d[0x9d][0x5][0xa8]0&[0xce]:[0xc4]x[0x19][0xdc]gx[0xed][0x82][0x1c][0x19][0x8c][0xb0][0xcb][0x8c][0xe8][0xb3]z[0x8d]HXkE[0x93][0xb1][0xd9][0x1]^[0x8b]ed[0x86][0xc8][0x87][0xe0][0x86][0x14][\r]KhPI[0x4]-`[0x6][0xa4]2[0x1a][0xe0][0xa3][0x12][0x8c]hqT[0x2][0xfa]T;[0xbe][0xb6][0x1e][0x9][0xc7]%[0xd0]$[0xa9][0xf][0xf0]q[\n]"
12:44:16.275 [main] DEBUG org.apache.http.wire -  << "F[0x3][0xbc][0xee][0xcf][0x8]}[0x81][0x1a][\r][0xb3][0x1a][0xf2][\n]"
12:44:16.275 [main] DEBUG org.apache.http.wire -  << "5[0x9a][0x1e][0xfe]l[0x84][0xb4]*[0x8c][0xd6][0xe5][0x87][0x5]Zc[0x92]f[0xbb][0xd8][0x8c],[0xe8]6T[0x85]t[0x1f][0x9]8[0xf8]h[0xe8]'[0xb4][0x82][0x9e]v6!-)B[0xac][0xdb][0x80][0xb6][0x15]q[0xb5][0x82][0x1c][0x8b][0x92]32KR[0x93]K[0xf2][0x15]`+Z[0x8a]A[0xeb][0xfb][0xf2][0xc1]+SS[0x8b][0xc9]Zjg[0x84][0xb4][0xb8][0x8][0x1c][0xba]4[0xcc]q[0xa0]f[0x1b][0xb4]rCx[0x1a]z[0xad][0xc][0xf6]u[0xa1]~[0x99][0x19][0x99]9[\n]"
12:44:16.275 [main] DEBUG org.apache.http.wire -  << "[0xa9][0x89][0xa0][0xc5][0xa1]d[0x8d][0xeb]X[0xd2]-?X[0xd2]-? -7[0xa1][0xe9]`[0x9d]1[0xd2][0xe9][0x9][0xb0][0xc1][0x16][0xc7],[0xcc][0x89][0x15][0xe2][0x17][0xc][0xe3][0xa9]y[0x8d][0x91][0x16]r[0x80][0xd3]![0xcd][0xf2][0x9e]1[0xf2][0xd5][0x13]4-[0xf8][0x8d][0x91][0x16]5[0xd0][0xd8]OH[0xd3][0xf7][0xb4][0xb6][0x9]1[0x9c]Oc[0x9b][0xa8];[0xa9][0x8c]/[0xed][0x81]n=[0x82][0x16]L[0xc8][0x9d]Rx[0xd7][0x1e][0xdb][0x15]9~[0xa9][0x85][0xa5][0xa9][\n]"
12:44:16.275 [main] DEBUG org.apache.http.wire -  << "e[0x90]e[0xb7][0xc5][0xa0][0x2]J!3[0x5]Z0#[0xef][0xb7][0x3][0x8d][0x84][0x10][0xd3][0xa3]3F[0x9a]4[0xa5]q[0xc0][0xd2]m[0xf3][0xad]1[0xe8][0xd6] h[0xc0][0xd2][0xda]O[0xf4]*[0xe8][0xc1]7[0xa7][0xd0][0xc7]OH[0xf3]L4[0xe]=[0xa4][0xe9][0x8f][0xc1]sn[0x9f]1[0xd2][0x4][0xc6]`r[0x15]b[0xb8]q0[0xb9][\n]"
12:44:16.275 [main] DEBUG org.apache.http.wire -  << "Q,[0xf]&WY[0xea](A[0xf3][0xca]`[0xb9][0xdf][0xd0][0xd8][0x18]4[0xc6]6[0xf8][0x1c][0x85][0x18]>[0x1c]D![0x85][0x18]d[0xa4]q[0x1][0x84]4[0xb0]Nc[0x9b][0x90]N[0xd4][0xa5][0xb5]Mt[0xab][0x92][0x90][0x6]h=[0x2][0x14]r3K[0xf2]1V?[0x81][0x1b][0xe9]%[0xa9]EI[0x89][0xc8][0x17][0xe2][0x98][0x82]t[0x12][0xd5]:[0x19][0xe0]1Xc[0xa4]1X[0xaa][\r][0x8c][0x12][0xb9]j[0xca][0x98][0x84]AY[0xc4][0xf8]:h[0xd4][0x91][0xb8][0xb5][0xcf][0xc6][0x3]<[0xe8]jL[0xab]AWb[0xbd][0x8f][0xc8]'T[0x8b]ZP[0xe8][0x13][0x1d][0xbd][0x88][0x9e];[0xcd][0xec][0xc7][0xb3][0xf4][0x1b]|g;[0xb4]>[0xa2][0x99][0xfd][0xf8]z?H[0x9b][0xa1][0x7][0xc6]~D#a@[0xec]G[0x1a]s[0x1e][0x18][0xfb][0x11]S[0xa2][0x3]c?b[0x92]t`[0xec]G4}[0x6][0xc6]~D[0xf9]C[0xab][0xda][0x13]i[0x8]{[0xf0][0xb4][0xee],[0x10][0xf9][0x8e][\n]"
12:44:16.275 [main] DEBUG org.apache.http.wire -  << "-!c[0x1d]%g[0xe8][0xf6][0xf9][0xd4]b%[0xab]h[0xa4]K#[0x8d][0x91]6[0xf0][0xe][0x1e][0xef]#[\r]|C[0xd7][0xa5]*[0xb8][0xe6]$b[0xb9]0[0x1d]t[0xf1]#x$X[0xe][0xba][0x1a][0x1e]4[0x8][0xb]o8[0xe1][0xf5];"u[0xd3]`[0xf5][0x98]1[0xd2][0x0][0xb7][iQ^fIiQ[0xaa]BH>[0xe6][0xad][0xb6][0x8][0xd9][0x94][0xc4][0xa2]L[0x5][0xaf][0xd4][0x82]D[0xf0]"y[0xa8][0xc]A[0xab][0xdc][0xe0][0x1e][0xc2]W][0xd0]m[0xa0][0xdb][0x4][0xe9][0xf4]`*$P<~2A[0x1a][0xe9]F[0x84][0x13]-C[0xd1][0x4]i_![0xad][0xfd][0x86]([0xde][0x10][0xab][0x88] +Op[0xac]"r[0xcc][0xc9]L,VH+MOT(E[0x9e]T[0x2][0x1f][0xe7]LL[0x1a]11@[0x8c][0x91]x[0x16]d[0xe4][0xe7][0xa5]*[0x18][0x1a]*[0x98][0x99]([0xa4]'a[0xef][0x98]d$[0x82][0xe]OQ@[0xbf]/[0x96][0xe8]5[0x9a]&[0xa0][\r][0x1d][0xd0]6[0x14][0xcc]B#[0x9a]Z[0x88]4[0xb4][0xf][0xb3][0x90][0xb6]>D:o[0x98]N[0x16]"[\n]"
12:44:16.275 [main] DEBUG org.apache.http.wire -  << ".[0x1a][0xa7]PC[0x8c]a[0x6]s[0x1a]%[0x13]CD[0xba][0xc]H[0xcc]I[0xf4][0xc9][0xf7][0xc1]3[0x9d][0x85]%5[0x82][0xc6][0xb3][0xe1][0x19][0x0][0xcf]65[0x13][0xda][0xde][0xc2]l[0x2]Z[0xd4][0x7]M[0xee]4[0xa8]TL[0x90]6[0xe]:[0x15]%&[0xa7][0xe6][0xa4]b[0xde][0xc1][0xea][0x9b][0x98][0x92][0xaa][0x90][0x9f][0xa6][0x90][0x91][0x99][0x9e][0xa1]PX[0x9a][0x98][0x93]YR[0xa9]P[0x90][0x9a]X[0x94]S[0x8c][0xe8][0x4][0x1b][0x81]L[0x82][0x7][0x18][0xbe][0x12][0x18][0xe9]P\[0x9a][0xf8][0x8][0xd1][0xc6][0xa5][0x89][0xf1][0x88][0xbc]B[0xb7][0x0]C[0x14][0xeb]t[0xb3][0x12][0x91]O[0xa9]i%[0xbe]|[0x84]43GM+[0xf1][0xa6]DD[0x19]A[0xe3]r[0xf]is![0x8d]:[0x1e]&HS}[0xb4][0xc][0xbf]j%O[0x17]%+C#[0xb][0xa4][0xa2][0xdc]199[0xb5][0xb8]8[0xbf](3[0x15]T [0xa0][0xee][0xfe],[0xc9]WH[0xcd][0xcb]H[0xcc]KNUH,[0x0][0x15][0x1a] [0xa6]R-R[0x9f][0xc1][0x4]i?dqjAj[\n]"
12:44:16.275 [main] DEBUG org.apache.http.wire -  << "fA[0x9d][0x98]Y[0x9][0x12][0x84]6`[0xc1][0xfb]([0x88]*j[0x90]6A[0xd2]2LP<[0x83]([0x1f][0xa8][0xed][0x19][0xfa][0x17][0x3][0xa0]M[0x0][0xd0][0xca]'[0x18][0x1c]3[\n]"
12:44:16.275 [main] DEBUG org.apache.http.wire -  << ">[0x99][0xc5]%E[0xe0]qe[0xd4]h[0x86]J[0xe7]@[0xa4][0x15][0xf2][0xd2]S[0x93]JA5[0x9][0xe9]Q[0x86][0x18][0xa2][0x83][0x9a][0x9][0xb5]R[0xc1])1'[0x11][0xb3][0xb3][0x3]U[0x84]j[0xb1]BRb^:[0xb8]&[0x83][0xda]o[\n]"
12:44:16.275 [main] DEBUG org.apache.http.wire -  << "[0xda]zC\[0x92]A[0x94][0x9]tK2[0x88][0x9]=[0xba]Y[0x89][0x18][0x10][0xa0][0x97][0x95]HS[0xdc][0xd0][0x13][0xed][0xa0]=[0x13]lK.BK[0x14]R[0x8b][0x8a][0xf2][0x8b][0x14][0x8a]R[0x93]K[0x8b]![0xe7][0x16][0x15][0xe4][0x83]v[0xfd][0x95][0x16]+[0xe4][0xe6][0xe7][0x80]n[0x8d]OL[0x5][0x1d][0x12][0xa8][0x90][0x9]9[0x0][\n]"
12:44:16.275 [main] DEBUG org.apache.http.wire -  << "i[0xcd][0x18][0xf1][0x9d][0x17][0xa4][0xcb][0xac][0x11][0x1d]&[0x9f][0xcc][0xbc][0xd4]<[0x5][0xa7][0xfc][0x92][0x92][0x1c][0xcc]M[0xf3][0xa0][0xe3][0xb][0xb]R[0x8b][0x8a][0xb]2[0x93]3[0x13]K2[0x8b][0xa1][0xcb]@[0x14]R2[0x93]K[0x12][0x15][\n]"
12:44:16.275 [main] DEBUG org.apache.http.wire -  << "[0xf2][0x8b][0x8a][0xf2][0x15]2[0xb][0x8a]Ks[0x15]R[0x91]O[0xe1]#[0xc1]I[0x88][0xe6][0xb][0xdd]b[0x6]QdA[0xb6][0x83]@B[0xc0]='[0xbf][0xc]K[0x81][0xee][0x9f][0x96][0x96][0x99][0x9c][0x99]Y[0xac][0x80]|.fb^fn&<b[0x8a]a[0x8b]eJR[0x15]RRsR[0xf3]2K2[0xc9][0x8b][0x1f][0xfa][0x17]yH[0x9b]6[0xdd][0xf3][0x8b][0xd2]S[0xf3]K[0x8b][0x15]`[0xbb]-[0x12][0x8b]0:+[0xfe][0xa0][0xb3][0xc7][0xc0]k4KsA[0xf7]kC[0x93][0x0][0xf8][0x9c][0xb1][0xcc][0xfc]b[0xc8]y[0x8c][\n]"
12:44:16.275 [main] DEBUG org.apache.http.wire -  << "[0x89]9[0x99][0x85][0xa5][0x99])[\n]"
12:44:16.275 [main] DEBUG org.apache.http.wire -  << "[0xc5][0x99][0xe4]u[0xb2][0x91][0x96]G [0xd2])lw[0x8b]s~"[0xa8][0xa4]E-[0x8f]]K@[0xbd][0xfa][0xcc][0xc4][0x12][0x5][0xc8][0x9a][0xd1][0xdc][0xcc][0xbc][0xcc][0xdc]D[0xd8][0xc9]p[\n]"
12:44:16.275 [main] DEBUG org.apache.http.wire -  << "[0xc5][0xa5][0xc5][0xc9][0x99][0x5][0xe4][0xba][0x6]QD"[0xef][0xf8][\n]"
12:44:16.275 [main] DEBUG org.apache.http.wire -  << "[0xcf][0xcf][0xcf]Q[0x8][0xce][0xc8],[0xc2][0xea][0x1a][0xd0][0x99][0x9f][0xd0]%T%[0x99]I[0xa5][0xc5][\n]"
12:44:16.275 [main] DEBUG org.apache.http.wire -  << "[0x5]9[0x89][0xc9][0xa9][0x89]%[\n]"
12:44:16.275 [main] DEBUG org.apache.http.wire -  << "[0xa9]d[0x6][0x9][0xa2][0xd0][0xa4]q[0xdb][\r]Tu@+A[0x5][0x8c][0xf8][0x7]O[0xb6]R<[0xa6][0x81]t*:Y[0x9e]!r[0xfe][0xcb][0x4][0xe9][0x84]t[0xb2][0xec]!~[0x94][0x6][0xe9],tz[0x15]cH[[0x1e][0xe9]f%[0xa2][0xb1]B7+[0x11][0x99][0x8f]nV[0xd2]/[0xab]![0x9a]%4N[0x9f][0xc8][ !+[0x83]1/[0xb0][0xc5][0x97][0xb7]MPf[0x5][0xd0];[0x99][0xb0]N[0x92])R[0x3][0xc3]=17[0x13]<[0xad][0x80]ZP[0xbb][0xe5][0x17])@[0xd6]v+[0x14][0x94][0x16][0x15][0xe4][0x17][0xa7][0x16][0xa3][0xf6][0x8e][0xe8][0xb6][0x8a][0xc5][0x4][0xe9][0x16]hZ[0x87]>R[0x8b][0x3][0x12][0xfa][0xa6]4*Y[0xcd][0x10]-[0x8]Z[0xfb][0x9]1dBk[0x9b][0x10][0xa5][0xe][0xd4][0xa6]A[0x9b]v[0x11][0x85][0x15]N[0x97]"[0x86][0x10][0xf1][0xd5]bT[0xcd]Q[0x18][0xe5][0xd9][0xa0][\r]?[0x8c][0xf2][0x10][0xd3][0xa5][0xf4][0xf]?[0xa4]ER[0xd0]X[0xa5]U[0xee]EZ.[0xe5][0x97]X[0x9c][0xa9][0xe0][0x92]X[0x9a][0xa7][0xe0][0x95]ZT[0x8a]y[0xa0];X[0xbe]<5/1;[[0xa1]$5/1O![0xb7][0xb4](7[0x15][0xd4]b[0x87][0x8e][0x1][0x18]Z[0xe2]?[0xd6][0xc][0x96][0xc4],[0x90][0xe][0xb9]M[0xce][0xcf]+[0xc9][0xcf][0xd0]MFLw[0xeb][0xa0][0x9d][0xa1][0xef][0x96]X[0x9c][0x91][0x99][0x9f][0x97][0x98][0x94][0x93][0x8a]Zn#-[0xb5][0x2][0xbb][\r][0xe1]v[0x85][0xc4][0xca][0xc4]\[0x85][0xf4][0xfc][0xa2]T,[0xf5][0x1]X-[0x95][0xfc][0x81]H[0xe7][0x84][0xfd][0x81][0xa9][0x2]e[0x8c][0xe]i[0xb7],[0xad][0xe3][0x9c]n[0xe5]([0xd2][0xcd][0x13][0xb4][0xf6][0x13]F>[0xa6]U[0x8e][0xa1][0xdb]VW[0x13][0xa4][0xad][0xae][0x4][0x97][0xa1][0xd3][0xab]dG[0xda][0x13][0x8b][0xc3]M[0x88][0xe6][0x16][0xa2][0xdc][0xa4]_[[0xe][0xe9][0xb0][0xff][0xc1][0xe9]>[0xba][0xa5]S[0xa4]][0xb1]8Bb [0xe2][0x7]i[0xa1][0xd0]`r[0x15][0xdd]Z[0xcb]HK[0x8c][0xb0][0xaf][0xde][0x1a][0xd8][0xec][0x83][0xb4][0x1e][0x9][0xbb][0xf3][0x6]$[0xcd] jY[0xec][0x8e][0x1a][0xd0]03EZY[0x85][0xdd]y[0x3][0x10]f[0xa6]H[0x8b][0xb0]h[[0xf3][0x9a]"-[0xbe][0xc2][0xee][0xfd][0x1][0x8e][0x1d]Dc[0x7][0xbb][0xf3][0x6]$v0[0xfa][0x97]4j[0xad][0x80][0xcf]%[0x82][0xe][0xad]b[0xf7][0xfe][0xc0][0xc6][0xe][0xd2][0xca]/[0xec][0xce][0x1b][0x88][0xd8]AZ[0x1d][0x86][0xdd]Q[0x3][0x1c]f[0x88][0xca][\n]"
12:44:16.275 [main] DEBUG org.apache.http.wire -  << "[0xbb][0xf3][0x6]$[0xcc][0xe8]5[\n]"
12:44:16.275 [main] DEBUG org.apache.http.wire -  << "d[0x8a][0xb4]*[0x82][0xc6]%[0x9b]![0xdd]r)[0xd2]R:Z[0xfb][0x9]Q[0x97][0xd2][0xd8]&[0xd0]j5h[0xc9]Ck[0x9b][0x10][0x13][0xba][0xb4][0xb6][0x89]n[0xa9][0x9c]n[0xe7][0xd8][0x9b]"[0xad][\n]"
12:44:16.275 [main] DEBUG org.apache.http.wire -  << "[0xa3]u[0xe8]a[0x8c]U[0xd2][0xaa][0xd6]C[0xba][0xed][0x9d][0xd6]~[0xa2]W[0xce][0x14]i[0xf5][0x19][0x8d][0xfd][0x84][0xb4]Z[0x8c][0xd6]6!r.[0xf6][0xaa]l`kZcDv[0xc7][0xee][0xbc][0x81][0xa8]i[0x91]W[0x8c][0xd1]tf[0xc7][0xd4][0x98]n[0xf5][0x9f]1[0xa2]d[0xf0][0x8]Pp[0xce]/JU[0xc8]T[0xc0],[0x1c]rR[0xb]J[0xf2][0xb][0x14]0v^[[0x82][0x0]q[0x1b]dM[0x8d][0xe9]V[0x1]"-[0xc7][0xa2][0xdb]V<[0xd8][0x8][0xbb])[0xd2][\r]T[0xf0]M8[0x18][0x13][0x80]i[0xd8]fFu[0x10]f [0xba]N$[0x9a][0x81][0xb4]\[0x13]y[0x82][0x96]j[0xc1]@[0xd4]h[0xe7] [\n]"
12:44:16.275 [main] DEBUG org.apache.http.wire -  << "[0x2]D1G([0x8][0x10]%[\n]"
12:44:16.275 [main] DEBUG org.apache.http.wire -  << "h[0xd7]5[0x9e]4[0x8d][0x88]%D!Eb,Q=[0xa6][0x11][0x1d][0x13]B[0xde][0xa4][0xc5]y[0x9f][0xa6]H[0x7][0xef]P[0xd5]~[0xda][0xc6][0x2]J^A[0x94][0xb8]T[0xf5][0xc1]P[0xcb]/[0x88]2[0x9a]f[0xc1][0x80]~[0x88][0xc0]`[0xcc]O[0x88][0xb6]%[0xcd][0x82][0x1][0xe7][0xba][0x9a][0xc1]Sz"[0xad][0xe][0x1c][0xd1][0xc1]0[0x0]'[0x1b][0xc][0xc2]L[0x81][0xb4][0x90]s[0x90][0xa6][0x6][0x0][0x0][0x0][0x0][0xff][0xff]"
12:44:16.275 [main] DEBUG org.apache.http.wire -  << "[\r][\n]"
12:44:16.276 [main] DEBUG org.apache.http.wire -  << "7E[\r][\n]"
12:44:16.276 [main] DEBUG org.apache.http.wire -  << "[0xa2]K[0xab][\n]"
12:44:16.276 [main] DEBUG org.apache.http.wire -  << "i[0x9d][0xe9][0x88][0xe][0x6]D[0xe3]gD[0x7][0x3][0xa2][0xa5]>[0xa2][0x83][0x1][0xd1]|[0x82][\r]\[0x98][0x9a]bv#[0xf1][0xad]:%z[0xfd][0xb5][0xa9])[0xa2][0xcf]J[0xdd]mh[0xa6]H[0xe7][0xb7]y[0xe6][0x95][0xa4][0xe6][0xe4]d[0xa6][0xa7][0xe6][0x95]([0x4][0x97][0xa4][0xa6][0x82][0x96][0xff][0xe7]c[0xd9]2[0xe2][0x99][0x2][0xda]6\[0x9c][0xa9][0x0][0xba][0xab][0xbe]X[0x1]|9{aib1Y[0x9b]BLM[0x11][\r][0xf]X8b[0xf4][0x1d][0xa9][0x13][0x88][0x98][0x8b][0x84][0xa9][0x1b]][0xb1][0xb5]\[0x0][0x0][0x0][0x0][0xff][0xff]"
12:44:16.276 [main] DEBUG org.apache.http.wire -  << "[\r][\n]"
12:44:16.276 [main] DEBUG org.apache.http.wire -  << "A[\r][\n]"
12:44:16.276 [main] DEBUG org.apache.http.wire -  << "[0x3][0x0][0xf2]B[0xf6][0x1e][0x15][0xe5][0x0][0x0]"
12:44:16.276 [main] DEBUG org.apache.http.wire -  << "[\r][\n]"
12:44:16.276 [main] DEBUG org.apache.http.wire -  << "0[\r][\n]"
12:44:16.276 [main] DEBUG org.apache.http.wire -  << "[\r][\n]"
12:44:16.277 [main] DEBUG io.restassured.internal.RestAssuredHttpBuilder - Parsed data to instance of: class org.apache.http.conn.EofSensorInputStream
12:44:16.279 [main] DEBUG org.apache.http.impl.conn.BasicClientConnectionManager - Releasing connection org.apache.http.impl.conn.ManagedClientConnectionImpl@22c5652b
12:44:16.279 [main] DEBUG org.apache.http.impl.conn.BasicClientConnectionManager - Connection can be kept alive indefinitely
12:44:16.305 [main] DEBUG net.thucydides.core.steps.StepInterceptor - STEP DONE: I send HTTP GET request
  &amp#27;[32mWhen &amp#27;[0m&amp#27;[32mI send GET HTTP request&amp#27;[0m                           &amp#27;[90m# starter.stepdefinitions.UserSteps.iSendGETHTTPRequest()&amp#27;[0m
12:44:16.312 [main] DEBUG net.thucydides.core.steps.StepInterceptor - STARTING STEP: UserSteps.iReceiveValidHTTPResponseCode404 - I receive valids HTTP response code 404
  &amp#27;[31mThen &amp#27;[0m&amp#27;[31mI receive valid HTTP response code 404&amp#27;[0m            &amp#27;[90m# starter.stepdefinitions.UserSteps.iReceiveValidHTTPResponseCode404()&amp#27;[0m
      &amp#27;[31mjava.lang.AssertionError: 1 expectation failed.
Expected status code <404> but was <200>.

	at java.base/jdk.internal.reflect.NativeConstructorAccessorImpl.newInstance0(Native Method)
	at java.base/jdk.internal.reflect.NativeConstructorAccessorImpl.newInstance(NativeConstructorAccessorImpl.java:62)
	at java.base/jdk.internal.reflect.DelegatingConstructorAccessorImpl.newInstance(DelegatingConstructorAccessorImpl.java:45)
	at java.base/java.lang.reflect.Constructor.newInstanceWithCaller(Constructor.java:500)
	at java.base/java.lang.reflect.Constructor.newInstance(Constructor.java:481)
	at org.codehaus.groovy.reflection.CachedConstructor.invoke(CachedConstructor.java:73)
	at org.codehaus.groovy.reflection.CachedConstructor.doConstructorInvoke(CachedConstructor.java:60)
	at org.codehaus.groovy.runtime.callsite.ConstructorSite$ConstructorSiteNoUnwrap.callConstructor(ConstructorSite.java:86)
	at org.codehaus.groovy.runtime.callsite.AbstractCallSite.callConstructor(AbstractCallSite.java:277)
	at io.restassured.internal.ResponseSpecificationImpl$HamcrestAssertionClosure.validate(ResponseSpecificationImpl.groovy:512)
	at io.restassured.internal.ResponseSpecificationImpl$HamcrestAssertionClosure$validate$1.call(Unknown Source)
	at io.restassured.internal.ResponseSpecificationImpl.validateResponseIfRequired(ResponseSpecificationImpl.groovy:696)
	at io.restassured.internal.ResponseSpecificationImpl.this$2$validateResponseIfRequired(ResponseSpecificationImpl.groovy)
	at jdk.internal.reflect.GeneratedMethodAccessor155.invoke(Unknown Source)
	at java.base/jdk.internal.reflect.DelegatingMethodAccessorImpl.invoke(DelegatingMethodAccessorImpl.java:43)
	at java.base/java.lang.reflect.Method.invoke(Method.java:564)
	at org.codehaus.groovy.runtime.callsite.PlainObjectMetaMethodSite.doInvoke(PlainObjectMetaMethodSite.java:43)
	at org.codehaus.groovy.runtime.callsite.PogoMetaMethodSite$PogoCachedMethodSiteNoUnwrapNoCoerce.invoke(PogoMetaMethodSite.java:198)
	at org.codehaus.groovy.runtime.callsite.PogoMetaMethodSite.callCurrent(PogoMetaMethodSite.java:62)
	at org.codehaus.groovy.runtime.callsite.AbstractCallSite.callCurrent(AbstractCallSite.java:185)
	at io.restassured.internal.ResponseSpecificationImpl.statusCode(ResponseSpecificationImpl.groovy:135)
	at io.restassured.specification.ResponseSpecification$statusCode$0.callCurrent(Unknown Source)
	at io.restassured.internal.ResponseSpecificationImpl.statusCode(ResponseSpecificationImpl.groovy:143)
	at io.restassured.internal.ValidatableResponseOptionsImpl.statusCode(ValidatableResponseOptionsImpl.java:89)
	at MiniprojectApi@1.0-SNAPSHOT/starter.user.NGetAllProduct.lambda$iReceiveValidHTTPResponseCode404$0(NGetAllProduct.java:22)
	at net.serenitybdd.rest.SerenityRest.restAssuredThat(SerenityRest.java:626)
	at MiniprojectApi@1.0-SNAPSHOT/starter.user.NGetAllProduct.iReceiveValidHTTPResponseCode404(NGetAllProduct.java:22)
	at MiniprojectApi@1.0-SNAPSHOT/starter.user.NGetAllProduct$ByteBuddy$T6rU2pu4.iReceiveValidHTTPResponseCode404$accessor$SNdTGYJw(Unknown Source)
	at java.base/jdk.internal.reflect.NativeMethodAccessorImpl.invoke0(Native Method)
	at java.base/jdk.internal.reflect.NativeMethodAccessorImpl.invoke(NativeMethodAccessorImpl.java:62)
	at java.base/jdk.internal.reflect.DelegatingMethodAccessorImpl.invoke(DelegatingMethodAccessorImpl.java:43)
	at java.base/java.lang.reflect.Method.invoke(Method.java:564)
	at net.thucydides.core.steps.StepInterceptor.invokeMethod(StepInterceptor.java:503)
	at net.thucydides.core.steps.StepInterceptor.executeTestStepMethod(StepInterceptor.java:483)
	at net.thucydides.core.steps.StepInterceptor.runTestStep(StepInterceptor.java:457)
	at net.thucydides.core.steps.StepInterceptor.runOrSkipMethod(StepInterceptor.java:209)
	at net.thucydides.core.steps.StepInterceptor.testStepResult(StepInterceptor.java:196)
	at net.thucydides.core.steps.StepInterceptor.intercept(StepInterceptor.java:84)
	at net.thucydides.core.steps.ProxyConfiguration$InterceptorDispatcher.intercept(ProxyConfiguration.java:51)
	at MiniprojectApi@1.0-SNAPSHOT/starter.user.NGetAllProduct$ByteBuddy$T6rU2pu4.iReceiveValidHTTPResponseCode404(Unknown Source)
	at MiniprojectApi@1.0-SNAPSHOT/starter.stepdefinitions.UserSteps.iReceiveValidHTTPResponseCode404(UserSteps.java:40)
	at âœ½.I receive valid HTTP response code 404(file:///C:/Users/Lenovo/IdeaProjects/MiniProject/MiniprojectApi/src/test/resources/api/user.feature:148)
&amp#27;[0m
12:44:16.359 [Finalizer] DEBUG org.apache.http.impl.conn.DefaultClientConnection - Connection 0.0.0.0:65184<->149.248.193.56:443 closed
12:44:16.360 [main] ERROR  - 
  _____   ___   ___   _____     ___     _     ___   _      ___   ___  
 |_   _| | __| / __| |_   _|   | __|   /_\   |_ _| | |    | __| |   \ 
   | |   | _|  \__ \   | |     | _|   / _ \   | |  | |__  | _|  | |) |
   |_|   |___| |___/   |_|     |_|   /_/ \_\ |___| |____| |___| |___/ 

GET - As admin I cannot get all categories
-----------------------------------------------------------------------
12:44:16.360 [main] DEBUG  - RELATED ISSUES: 
12:44:16.362 [main] ERROR  -     Test failed at step: I receive valids HTTP response code 404
12:44:16.362 [main] ERROR  -     1 expectation failed.Expected status code <404> but was <200>.
12:44:16.362 [Finalizer] DEBUG org.apache.http.impl.conn.DefaultClientConnection - Connection 0.0.0.0:65185<->149.248.193.56:443 closed
]]></system-out>
  </testcase>
  <testcase name="DELETE - As admin I have be able to delete product categories" classname="User" time="0.309">
    <system-out><![CDATA[
@TC-0023
Scenario: DELETE - As admin I have be able to delete product categories &amp#27;[90m# src/test/resources/api/user.feature:151&amp#27;[0m
12:44:16.389 [main] INFO io.cucumber.core.plugin.SerenityReporter - Running feature from file:///C:/Users/Lenovo/IdeaProjects/MiniProject/MiniprojectApi/src/test/resources/api/user.feature
12:44:16.389 [main] WARN io.cucumber.core.plugin.SerenityReporter - Feature from file:///C:/Users/Lenovo/IdeaProjects/MiniProject/MiniprojectApi/src/test/resources/api/user.feature is not under the 'features' directory. Requirements report will not be correctly generated!
12:44:16.395 [main] INFO  - 
  _____   ___   ___   _____     ___   _____     _     ___   _____   ___   ___  
 |_   _| | __| / __| |_   _|   / __| |_   _|   /_\   | _ \ |_   _| | __| |   \ 
   | |   | _|  \__ \   | |     \__ \   | |    / _ \  |   /   | |   | _|  | |) |
   |_|   |___| |___/   |_|     |___/   |_|   /_/ \_\ |_|_\   |_|   |___| |___/ 

DELETE - As admin I have be able to delete product categories(user;delete---as-admin-i-have-be-able-to-delete-product-categories)
--------------------------------------------------------------------------------
12:44:16.514 [main] DEBUG net.thucydides.core.steps.StepInterceptor - STARTING STEP: UserSteps.iSetDELETEApiEndpointsProductCategories - I set DELETE api endpoints products categories
12:44:16.514 [main] DEBUG net.thucydides.core.steps.StepInterceptor - STEP DONE: I set DELETE api endpoints products categories
  &amp#27;[32mGiven &amp#27;[0m&amp#27;[32mI set DELETE api endpoints product categories&amp#27;[0m                   &amp#27;[90m# starter.stepdefinitions.UserSteps.iSetDELETEApiEndpointsProductCategories()&amp#27;[0m
12:44:16.519 [main] DEBUG net.thucydides.core.steps.StepInterceptor - STARTING STEP: UserSteps.iSendDELETEHTTPRequest - I send DELETE HTTP request
12:44:16.520 [main] DEBUG net.thucydides.core.steps.StepInterceptor - STARTING STEP: DelProduct.iSendDELETEHTTPRequest - I set DELETE api endpoints product
12:44:16.520 [main] DEBUG net.thucydides.core.steps.StepInterceptor - STEP DONE: I set DELETE api endpoints product
12:44:16.528 [main] DEBUG org.apache.http.impl.conn.BasicClientConnectionManager - Get connection for route {s}->https://altashop-api.fly.dev:443
12:44:16.528 [main] DEBUG org.apache.http.impl.conn.DefaultClientConnectionOperator - Connecting to altashop-api.fly.dev:443
12:44:16.626 [main] DEBUG org.apache.http.client.protocol.RequestAddCookies - CookieSpec selected: ignoreCookies
12:44:16.626 [main] DEBUG org.apache.http.client.protocol.RequestAuthCache - Auth cache not set in the context
12:44:16.626 [main] DEBUG org.apache.http.client.protocol.RequestTargetAuthentication - Target auth state: UNCHALLENGED
12:44:16.626 [main] DEBUG org.apache.http.client.protocol.RequestProxyAuthentication - Proxy auth state: UNCHALLENGED
12:44:16.626 [main] DEBUG org.apache.http.impl.client.DefaultHttpClient - Attempt 1 to execute request
12:44:16.626 [main] DEBUG org.apache.http.impl.conn.DefaultClientConnection - Sending request: DELETE /api/products/1 HTTP/1.1
12:44:16.626 [main] DEBUG org.apache.http.wire -  >> "DELETE /api/products/1 HTTP/1.1[\r][\n]"
12:44:16.626 [main] DEBUG org.apache.http.wire -  >> "Accept: */*[\r][\n]"
12:44:16.626 [main] DEBUG org.apache.http.wire -  >> "Host: altashop-api.fly.dev[\r][\n]"
12:44:16.626 [main] DEBUG org.apache.http.wire -  >> "Connection: Keep-Alive[\r][\n]"
12:44:16.626 [main] DEBUG org.apache.http.wire -  >> "User-Agent: Apache-HttpClient/4.5.13 (Java/14.0.2)[\r][\n]"
12:44:16.626 [main] DEBUG org.apache.http.wire -  >> "Accept-Encoding: gzip,deflate[\r][\n]"
12:44:16.626 [main] DEBUG org.apache.http.wire -  >> "[\r][\n]"
12:44:16.626 [main] DEBUG org.apache.http.headers - >> DELETE /api/products/1 HTTP/1.1
12:44:16.626 [main] DEBUG org.apache.http.headers - >> Accept: */*
12:44:16.626 [main] DEBUG org.apache.http.headers - >> Host: altashop-api.fly.dev
12:44:16.626 [main] DEBUG org.apache.http.headers - >> Connection: Keep-Alive
12:44:16.626 [main] DEBUG org.apache.http.headers - >> User-Agent: Apache-HttpClient/4.5.13 (Java/14.0.2)
12:44:16.626 [main] DEBUG org.apache.http.headers - >> Accept-Encoding: gzip,deflate
12:44:16.663 [main] DEBUG org.apache.http.wire -  << "HTTP/1.1 200 OK[\r][\n]"
12:44:16.663 [main] DEBUG org.apache.http.wire -  << "content-type: application/json[\r][\n]"
12:44:16.663 [main] DEBUG org.apache.http.wire -  << "date: Sat, 06 May 2023 05:53:02 GMT[\r][\n]"
12:44:16.663 [main] DEBUG org.apache.http.wire -  << "content-encoding: gzip[\r][\n]"
12:44:16.663 [main] DEBUG org.apache.http.wire -  << "transfer-encoding: chunked[\r][\n]"
12:44:16.663 [main] DEBUG org.apache.http.wire -  << "server: Fly/3f2597ca (2023-05-03)[\r][\n]"
12:44:16.663 [main] DEBUG org.apache.http.wire -  << "via: 1.1 fly.io[\r][\n]"
12:44:16.663 [main] DEBUG org.apache.http.wire -  << "fly-request-id: 01GZQSXVCVZEV489KR5WXYMH3J-sin[\r][\n]"
12:44:16.664 [main] DEBUG org.apache.http.wire -  << "[\r][\n]"
12:44:16.664 [main] DEBUG org.apache.http.impl.conn.DefaultClientConnection - Receiving response: HTTP/1.1 200 OK
12:44:16.664 [main] DEBUG org.apache.http.headers - << HTTP/1.1 200 OK
12:44:16.664 [main] DEBUG org.apache.http.headers - << content-type: application/json
12:44:16.664 [main] DEBUG org.apache.http.headers - << date: Sat, 06 May 2023 05:53:02 GMT
12:44:16.664 [main] DEBUG org.apache.http.headers - << content-encoding: gzip
12:44:16.664 [main] DEBUG org.apache.http.headers - << transfer-encoding: chunked
12:44:16.664 [main] DEBUG org.apache.http.headers - << server: Fly/3f2597ca (2023-05-03)
12:44:16.664 [main] DEBUG org.apache.http.headers - << via: 1.1 fly.io
12:44:16.664 [main] DEBUG org.apache.http.headers - << fly-request-id: 01GZQSXVCVZEV489KR5WXYMH3J-sin
12:44:16.664 [main] DEBUG org.apache.http.impl.client.DefaultHttpClient - Connection can be kept alive indefinitely
12:44:16.664 [main] DEBUG io.restassured.internal.RestAssuredHttpBuilder - Parsing response as: application/json
12:44:16.664 [main] DEBUG org.apache.http.wire -  << "22[\r][\n]"
12:44:16.664 [main] DEBUG org.apache.http.wire -  << "[0x1f][0x8b][0x8][0x0][0x0][0x0][0x0][0x0][0x4][0xff][0xab]VJI,IT[0xb2][0xca]+[0xcd][0xc9][0xa9][0xe5][0x2][0x0][0xa3][0xab][0x8f]W[0xe][0x0][0x0][0x0]"
12:44:16.664 [main] DEBUG org.apache.http.wire -  << "[\r][\n]"
12:44:16.664 [main] DEBUG org.apache.http.wire -  << "0[\r][\n]"
12:44:16.664 [main] DEBUG org.apache.http.wire -  << "[\r][\n]"
12:44:16.664 [main] DEBUG io.restassured.internal.RestAssuredHttpBuilder - Parsed data to instance of: class org.apache.http.conn.EofSensorInputStream
12:44:16.666 [main] DEBUG org.apache.http.impl.conn.BasicClientConnectionManager - Releasing connection org.apache.http.impl.conn.ManagedClientConnectionImpl@4f8186a5
12:44:16.666 [main] DEBUG org.apache.http.impl.conn.BasicClientConnectionManager - Connection can be kept alive indefinitely
12:44:16.667 [main] DEBUG net.thucydides.core.steps.StepInterceptor - STEP DONE: I send DELETE HTTP request
  &amp#27;[32mWhen &amp#27;[0m&amp#27;[32mI send DELETE HTTP request&amp#27;[0m                                       &amp#27;[90m# starter.stepdefinitions.UserSteps.iSendDELETEHTTPRequest()&amp#27;[0m
12:44:16.674 [main] DEBUG net.thucydides.core.steps.StepInterceptor - STARTING STEP: UserSteps.iReceiveValidHTTPResponseCode - I receive valids HTTP response code 200
12:44:16.675 [main] DEBUG net.thucydides.core.steps.StepInterceptor - STEP DONE: I receive valids HTTP response code 200
  &amp#27;[32mThen &amp#27;[0m&amp#27;[32mI receive valid HTTP response code 200&amp#27;[0m                           &amp#27;[90m# starter.stepdefinitions.UserSteps.iReceiveValidHTTPResponseCode()&amp#27;[0m
12:44:16.679 [main] INFO  - 
  _____   ___   ___   _____     ___     _     ___   ___   ___   ___  
 |_   _| | __| / __| |_   _|   | _ \   /_\   / __| / __| | __| |   \ 
   | |   | _|  \__ \   | |     |  _/  / _ \  \__ \ \__ \ | _|  | |) |
   |_|   |___| |___/   |_|     |_|   /_/ \_\ |___/ |___/ |___| |___/ 

DELETE - As admin I have be able to delete product categories
----------------------------------------------------------------------
]]></system-out>
  </testcase>
  <testcase name="DELETE - As admin cannot delete product categories" classname="User" time="0.318">
    <failure type="java.lang.AssertionError"><![CDATA[java.lang.AssertionError: 
1 expectation failed.
Expected status code <404> but was <200>.

]]></failure>
    <system-out><![CDATA[
@TC-0024
Scenario: DELETE - As admin cannot delete product categories    &amp#27;[90m# src/test/resources/api/user.feature:157&amp#27;[0m
12:44:16.701 [main] INFO io.cucumber.core.plugin.SerenityReporter - Running feature from file:///C:/Users/Lenovo/IdeaProjects/MiniProject/MiniprojectApi/src/test/resources/api/user.feature
12:44:16.701 [main] WARN io.cucumber.core.plugin.SerenityReporter - Feature from file:///C:/Users/Lenovo/IdeaProjects/MiniProject/MiniprojectApi/src/test/resources/api/user.feature is not under the 'features' directory. Requirements report will not be correctly generated!
12:44:16.706 [main] INFO  - 
  _____   ___   ___   _____     ___   _____     _     ___   _____   ___   ___  
 |_   _| | __| / __| |_   _|   / __| |_   _|   /_\   | _ \ |_   _| | __| |   \ 
   | |   | _|  \__ \   | |     \__ \   | |    / _ \  |   /   | |   | _|  | |) |
   |_|   |___| |___/   |_|     |___/   |_|   /_/ \_\ |_|_\   |_|   |___| |___/ 

DELETE - As admin cannot delete product categories(user;delete---as-admin-cannot-delete-product-categories)
--------------------------------------------------------------------------------
12:44:16.817 [main] DEBUG net.thucydides.core.steps.StepInterceptor - STARTING STEP: UserSteps.iSetUnmatchedDELETEApiEndpointsProductCategories - I set unmatched DELETE api endpoints products categories
12:44:16.818 [main] DEBUG net.thucydides.core.steps.StepInterceptor - STEP DONE: I set unmatched DELETE api endpoints products categories
  &amp#27;[32mGiven &amp#27;[0m&amp#27;[32mI set unmatched DELETE api endpoints product categories&amp#27;[0m &amp#27;[90m# starter.stepdefinitions.UserSteps.iSetUnmatchedDELETEApiEndpointsProductCategories()&amp#27;[0m
12:44:16.821 [main] DEBUG net.thucydides.core.steps.StepInterceptor - STARTING STEP: UserSteps.iSendDELETEHTTPRequest - I send DELETE HTTP request
12:44:16.821 [main] DEBUG net.thucydides.core.steps.StepInterceptor - STARTING STEP: DelProduct.iSendDELETEHTTPRequest - I set DELETE api endpoints product
12:44:16.822 [main] DEBUG net.thucydides.core.steps.StepInterceptor - STEP DONE: I set DELETE api endpoints product
12:44:16.827 [main] DEBUG org.apache.http.impl.conn.BasicClientConnectionManager - Get connection for route {s}->https://altashop-api.fly.dev:443
12:44:16.827 [main] DEBUG org.apache.http.impl.conn.DefaultClientConnectionOperator - Connecting to altashop-api.fly.dev:443
12:44:16.926 [main] DEBUG org.apache.http.client.protocol.RequestAddCookies - CookieSpec selected: ignoreCookies
12:44:16.926 [main] DEBUG org.apache.http.client.protocol.RequestAuthCache - Auth cache not set in the context
12:44:16.926 [main] DEBUG org.apache.http.client.protocol.RequestTargetAuthentication - Target auth state: UNCHALLENGED
12:44:16.926 [main] DEBUG org.apache.http.client.protocol.RequestProxyAuthentication - Proxy auth state: UNCHALLENGED
12:44:16.926 [main] DEBUG org.apache.http.impl.client.DefaultHttpClient - Attempt 1 to execute request
12:44:16.926 [main] DEBUG org.apache.http.impl.conn.DefaultClientConnection - Sending request: DELETE /api/products/1 HTTP/1.1
12:44:16.927 [main] DEBUG org.apache.http.wire -  >> "DELETE /api/products/1 HTTP/1.1[\r][\n]"
12:44:16.927 [main] DEBUG org.apache.http.wire -  >> "Accept: */*[\r][\n]"
12:44:16.927 [main] DEBUG org.apache.http.wire -  >> "Host: altashop-api.fly.dev[\r][\n]"
12:44:16.927 [main] DEBUG org.apache.http.wire -  >> "Connection: Keep-Alive[\r][\n]"
12:44:16.927 [main] DEBUG org.apache.http.wire -  >> "User-Agent: Apache-HttpClient/4.5.13 (Java/14.0.2)[\r][\n]"
12:44:16.927 [main] DEBUG org.apache.http.wire -  >> "Accept-Encoding: gzip,deflate[\r][\n]"
12:44:16.927 [main] DEBUG org.apache.http.wire -  >> "[\r][\n]"
12:44:16.927 [main] DEBUG org.apache.http.headers - >> DELETE /api/products/1 HTTP/1.1
12:44:16.927 [main] DEBUG org.apache.http.headers - >> Accept: */*
12:44:16.927 [main] DEBUG org.apache.http.headers - >> Host: altashop-api.fly.dev
12:44:16.927 [main] DEBUG org.apache.http.headers - >> Connection: Keep-Alive
12:44:16.927 [main] DEBUG org.apache.http.headers - >> User-Agent: Apache-HttpClient/4.5.13 (Java/14.0.2)
12:44:16.927 [main] DEBUG org.apache.http.headers - >> Accept-Encoding: gzip,deflate
12:44:16.963 [main] DEBUG org.apache.http.wire -  << "HTTP/1.1 200 OK[\r][\n]"
12:44:16.963 [main] DEBUG org.apache.http.wire -  << "content-type: application/json[\r][\n]"
12:44:16.963 [main] DEBUG org.apache.http.wire -  << "date: Sat, 06 May 2023 05:53:03 GMT[\r][\n]"
12:44:16.963 [main] DEBUG org.apache.http.wire -  << "content-encoding: gzip[\r][\n]"
12:44:16.963 [main] DEBUG org.apache.http.wire -  << "transfer-encoding: chunked[\r][\n]"
12:44:16.963 [main] DEBUG org.apache.http.wire -  << "server: Fly/3f2597ca (2023-05-03)[\r][\n]"
12:44:16.963 [main] DEBUG org.apache.http.wire -  << "via: 1.1 fly.io[\r][\n]"
12:44:16.963 [main] DEBUG org.apache.http.wire -  << "fly-request-id: 01GZQSXVP77AR9YEWAPBTTGBT6-sin[\r][\n]"
12:44:16.963 [main] DEBUG org.apache.http.wire -  << "[\r][\n]"
12:44:16.963 [main] DEBUG org.apache.http.impl.conn.DefaultClientConnection - Receiving response: HTTP/1.1 200 OK
12:44:16.963 [main] DEBUG org.apache.http.headers - << HTTP/1.1 200 OK
12:44:16.963 [main] DEBUG org.apache.http.headers - << content-type: application/json
12:44:16.963 [main] DEBUG org.apache.http.headers - << date: Sat, 06 May 2023 05:53:03 GMT
12:44:16.963 [main] DEBUG org.apache.http.headers - << content-encoding: gzip
12:44:16.963 [main] DEBUG org.apache.http.headers - << transfer-encoding: chunked
12:44:16.963 [main] DEBUG org.apache.http.headers - << server: Fly/3f2597ca (2023-05-03)
12:44:16.963 [main] DEBUG org.apache.http.headers - << via: 1.1 fly.io
12:44:16.963 [main] DEBUG org.apache.http.headers - << fly-request-id: 01GZQSXVP77AR9YEWAPBTTGBT6-sin
12:44:16.963 [main] DEBUG org.apache.http.impl.client.DefaultHttpClient - Connection can be kept alive indefinitely
12:44:16.963 [main] DEBUG io.restassured.internal.RestAssuredHttpBuilder - Parsing response as: application/json
12:44:16.963 [main] DEBUG org.apache.http.wire -  << "22[\r][\n]"
12:44:16.964 [main] DEBUG org.apache.http.wire -  << "[0x1f][0x8b][0x8][0x0][0x0][0x0][0x0][0x0][0x4][0xff][0xab]VJI,IT[0xb2][0xca]+[0xcd][0xc9][0xa9][0xe5][0x2][0x0][0xa3][0xab][0x8f]W[0xe][0x0][0x0][0x0]"
12:44:16.964 [main] DEBUG org.apache.http.wire -  << "[\r][\n]"
12:44:16.964 [main] DEBUG org.apache.http.wire -  << "0[\r][\n]"
12:44:16.964 [main] DEBUG org.apache.http.wire -  << "[\r][\n]"
12:44:16.964 [main] DEBUG io.restassured.internal.RestAssuredHttpBuilder - Parsed data to instance of: class org.apache.http.conn.EofSensorInputStream
12:44:16.966 [main] DEBUG org.apache.http.impl.conn.BasicClientConnectionManager - Releasing connection org.apache.http.impl.conn.ManagedClientConnectionImpl@a885aa1
12:44:16.966 [main] DEBUG org.apache.http.impl.conn.BasicClientConnectionManager - Connection can be kept alive indefinitely
12:44:16.967 [main] DEBUG net.thucydides.core.steps.StepInterceptor - STEP DONE: I send DELETE HTTP request
  &amp#27;[32mWhen &amp#27;[0m&amp#27;[32mI send DELETE HTTP request&amp#27;[0m                               &amp#27;[90m# starter.stepdefinitions.UserSteps.iSendDELETEHTTPRequest()&amp#27;[0m
12:44:16.974 [main] DEBUG net.thucydides.core.steps.StepInterceptor - STARTING STEP: UserSteps.iReceiveValidHTTPResponseCode404 - I receive valids HTTP response code 404
  &amp#27;[31mThen &amp#27;[0m&amp#27;[31mI receive valid HTTP response code 404&amp#27;[0m                   &amp#27;[90m# starter.stepdefinitions.UserSteps.iReceiveValidHTTPResponseCode404()&amp#27;[0m
      &amp#27;[31mjava.lang.AssertionError: 1 expectation failed.
Expected status code <404> but was <200>.

	at java.base/jdk.internal.reflect.NativeConstructorAccessorImpl.newInstance0(Native Method)
	at java.base/jdk.internal.reflect.NativeConstructorAccessorImpl.newInstance(NativeConstructorAccessorImpl.java:62)
	at java.base/jdk.internal.reflect.DelegatingConstructorAccessorImpl.newInstance(DelegatingConstructorAccessorImpl.java:45)
	at java.base/java.lang.reflect.Constructor.newInstanceWithCaller(Constructor.java:500)
	at java.base/java.lang.reflect.Constructor.newInstance(Constructor.java:481)
	at org.codehaus.groovy.reflection.CachedConstructor.invoke(CachedConstructor.java:73)
	at org.codehaus.groovy.reflection.CachedConstructor.doConstructorInvoke(CachedConstructor.java:60)
	at org.codehaus.groovy.runtime.callsite.ConstructorSite$ConstructorSiteNoUnwrap.callConstructor(ConstructorSite.java:86)
	at org.codehaus.groovy.runtime.callsite.AbstractCallSite.callConstructor(AbstractCallSite.java:277)
	at io.restassured.internal.ResponseSpecificationImpl$HamcrestAssertionClosure.validate(ResponseSpecificationImpl.groovy:512)
	at io.restassured.internal.ResponseSpecificationImpl$HamcrestAssertionClosure$validate$1.call(Unknown Source)
	at io.restassured.internal.ResponseSpecificationImpl.validateResponseIfRequired(ResponseSpecificationImpl.groovy:696)
	at io.restassured.internal.ResponseSpecificationImpl.this$2$validateResponseIfRequired(ResponseSpecificationImpl.groovy)
	at jdk.internal.reflect.GeneratedMethodAccessor155.invoke(Unknown Source)
	at java.base/jdk.internal.reflect.DelegatingMethodAccessorImpl.invoke(DelegatingMethodAccessorImpl.java:43)
	at java.base/java.lang.reflect.Method.invoke(Method.java:564)
	at org.codehaus.groovy.runtime.callsite.PlainObjectMetaMethodSite.doInvoke(PlainObjectMetaMethodSite.java:43)
	at org.codehaus.groovy.runtime.callsite.PogoMetaMethodSite$PogoCachedMethodSiteNoUnwrapNoCoerce.invoke(PogoMetaMethodSite.java:198)
	at org.codehaus.groovy.runtime.callsite.PogoMetaMethodSite.callCurrent(PogoMetaMethodSite.java:62)
	at org.codehaus.groovy.runtime.callsite.AbstractCallSite.callCurrent(AbstractCallSite.java:185)
	at io.restassured.internal.ResponseSpecificationImpl.statusCode(ResponseSpecificationImpl.groovy:135)
	at io.restassured.specification.ResponseSpecification$statusCode$0.callCurrent(Unknown Source)
	at io.restassured.internal.ResponseSpecificationImpl.statusCode(ResponseSpecificationImpl.groovy:143)
	at io.restassured.internal.ValidatableResponseOptionsImpl.statusCode(ValidatableResponseOptionsImpl.java:89)
	at MiniprojectApi@1.0-SNAPSHOT/starter.user.NGetAllProduct.lambda$iReceiveValidHTTPResponseCode404$0(NGetAllProduct.java:22)
	at net.serenitybdd.rest.SerenityRest.restAssuredThat(SerenityRest.java:626)
	at MiniprojectApi@1.0-SNAPSHOT/starter.user.NGetAllProduct.iReceiveValidHTTPResponseCode404(NGetAllProduct.java:22)
	at MiniprojectApi@1.0-SNAPSHOT/starter.user.NGetAllProduct$ByteBuddy$T6rU2pu4.iReceiveValidHTTPResponseCode404$accessor$SNdTGYJw(Unknown Source)
	at java.base/jdk.internal.reflect.NativeMethodAccessorImpl.invoke0(Native Method)
	at java.base/jdk.internal.reflect.NativeMethodAccessorImpl.invoke(NativeMethodAccessorImpl.java:62)
	at java.base/jdk.internal.reflect.DelegatingMethodAccessorImpl.invoke(DelegatingMethodAccessorImpl.java:43)
	at java.base/java.lang.reflect.Method.invoke(Method.java:564)
	at net.thucydides.core.steps.StepInterceptor.invokeMethod(StepInterceptor.java:503)
	at net.thucydides.core.steps.StepInterceptor.executeTestStepMethod(StepInterceptor.java:483)
	at net.thucydides.core.steps.StepInterceptor.runTestStep(StepInterceptor.java:457)
	at net.thucydides.core.steps.StepInterceptor.runOrSkipMethod(StepInterceptor.java:209)
	at net.thucydides.core.steps.StepInterceptor.testStepResult(StepInterceptor.java:196)
	at net.thucydides.core.steps.StepInterceptor.intercept(StepInterceptor.java:84)
	at net.thucydides.core.steps.ProxyConfiguration$InterceptorDispatcher.intercept(ProxyConfiguration.java:51)
	at MiniprojectApi@1.0-SNAPSHOT/starter.user.NGetAllProduct$ByteBuddy$T6rU2pu4.iReceiveValidHTTPResponseCode404(Unknown Source)
	at MiniprojectApi@1.0-SNAPSHOT/starter.stepdefinitions.UserSteps.iReceiveValidHTTPResponseCode404(UserSteps.java:40)
	at âœ½.I receive valid HTTP response code 404(file:///C:/Users/Lenovo/IdeaProjects/MiniProject/MiniprojectApi/src/test/resources/api/user.feature:160)
&amp#27;[0m
12:44:16.994 [main] ERROR  - 
  _____   ___   ___   _____     ___     _     ___   _      ___   ___  
 |_   _| | __| / __| |_   _|   | __|   /_\   |_ _| | |    | __| |   \ 
   | |   | _|  \__ \   | |     | _|   / _ \   | |  | |__  | _|  | |) |
   |_|   |___| |___/   |_|     |_|   /_/ \_\ |___| |____| |___| |___/ 

DELETE - As admin cannot delete product categories
-----------------------------------------------------------------------
12:44:16.994 [main] DEBUG  - RELATED ISSUES: 
12:44:16.994 [main] ERROR  -     Test failed at step: I receive valids HTTP response code 404
12:44:16.995 [main] ERROR  -     1 expectation failed.Expected status code <404> but was <200>.
]]></system-out>
  </testcase>
  <testcase name="POST - As admin I have be able to create new product categories" classname="User" time="0.513">
    <system-out><![CDATA[
@TC-0017
Scenario: POST - As admin I have be able to create new product categories &amp#27;[90m# src/test/resources/api/user.feature:163&amp#27;[0m
12:44:17.019 [main] INFO io.cucumber.core.plugin.SerenityReporter - Running feature from file:///C:/Users/Lenovo/IdeaProjects/MiniProject/MiniprojectApi/src/test/resources/api/user.feature
12:44:17.019 [main] WARN io.cucumber.core.plugin.SerenityReporter - Feature from file:///C:/Users/Lenovo/IdeaProjects/MiniProject/MiniprojectApi/src/test/resources/api/user.feature is not under the 'features' directory. Requirements report will not be correctly generated!
12:44:17.025 [main] INFO  - 
  _____   ___   ___   _____     ___   _____     _     ___   _____   ___   ___  
 |_   _| | __| / __| |_   _|   / __| |_   _|   /_\   | _ \ |_   _| | __| |   \ 
   | |   | _|  \__ \   | |     \__ \   | |    / _ \  |   /   | |   | _|  | |) |
   |_|   |___| |___/   |_|     |___/   |_|   /_/ \_\ |_|_\   |_|   |___| |___/ 

POST - As admin I have be able to create new product categories(user;post---as-admin-i-have-be-able-to-create-new-product-categories)
--------------------------------------------------------------------------------
12:44:17.141 [main] DEBUG net.thucydides.core.steps.StepInterceptor - STARTING STEP: UserSteps.iSetPOSTApiEndpointsLogin - I set POST api endpoints login
12:44:17.141 [main] DEBUG net.thucydides.core.steps.StepInterceptor - STEP DONE: I set POST api endpoints login
  &amp#27;[32mGiven &amp#27;[0m&amp#27;[32mI set POST api endpoints login&amp#27;[0m                                    &amp#27;[90m# starter.stepdefinitions.UserSteps.iSetPOSTApiEndpointsLogin()&amp#27;[0m
12:44:17.145 [main] DEBUG net.thucydides.core.steps.StepInterceptor - STARTING STEP: UserSteps.iSendPOSTHTTPRequestLogin - I send POST HTTP request login
12:44:17.147 [main] DEBUG net.thucydides.core.steps.StepInterceptor - STARTING STEP: PostLogin.iSendPOSTHTTPRequestLogin - I set POST api endpoints login
12:44:17.148 [main] DEBUG net.thucydides.core.steps.StepInterceptor - STEP DONE: I set POST api endpoints login
12:44:17.157 [main] DEBUG org.apache.http.impl.conn.BasicClientConnectionManager - Get connection for route {s}->https://altashop-api.fly.dev:443
12:44:17.157 [main] DEBUG org.apache.http.impl.conn.DefaultClientConnectionOperator - Connecting to altashop-api.fly.dev:443
12:44:17.253 [main] DEBUG org.apache.http.client.protocol.RequestAddCookies - CookieSpec selected: ignoreCookies
12:44:17.254 [main] DEBUG org.apache.http.client.protocol.RequestAuthCache - Auth cache not set in the context
12:44:17.254 [main] DEBUG org.apache.http.client.protocol.RequestTargetAuthentication - Target auth state: UNCHALLENGED
12:44:17.254 [main] DEBUG org.apache.http.client.protocol.RequestProxyAuthentication - Proxy auth state: UNCHALLENGED
12:44:17.254 [main] DEBUG org.apache.http.impl.client.DefaultHttpClient - Attempt 1 to execute request
12:44:17.254 [main] DEBUG org.apache.http.impl.conn.DefaultClientConnection - Sending request: POST /api/auth/login HTTP/1.1
12:44:17.254 [main] DEBUG org.apache.http.wire -  >> "POST /api/auth/login HTTP/1.1[\r][\n]"
12:44:17.254 [main] DEBUG org.apache.http.wire -  >> "Accept: */*[\r][\n]"
12:44:17.254 [main] DEBUG org.apache.http.wire -  >> "Content-Type: application/json[\r][\n]"
12:44:17.254 [main] DEBUG org.apache.http.wire -  >> "Content-Length: 48[\r][\n]"
12:44:17.254 [main] DEBUG org.apache.http.wire -  >> "Host: altashop-api.fly.dev[\r][\n]"
12:44:17.254 [main] DEBUG org.apache.http.wire -  >> "Connection: Keep-Alive[\r][\n]"
12:44:17.254 [main] DEBUG org.apache.http.wire -  >> "User-Agent: Apache-HttpClient/4.5.13 (Java/14.0.2)[\r][\n]"
12:44:17.254 [main] DEBUG org.apache.http.wire -  >> "Accept-Encoding: gzip,deflate[\r][\n]"
12:44:17.254 [main] DEBUG org.apache.http.wire -  >> "[\r][\n]"
12:44:17.254 [main] DEBUG org.apache.http.headers - >> POST /api/auth/login HTTP/1.1
12:44:17.254 [main] DEBUG org.apache.http.headers - >> Accept: */*
12:44:17.254 [main] DEBUG org.apache.http.headers - >> Content-Type: application/json
12:44:17.254 [main] DEBUG org.apache.http.headers - >> Content-Length: 48
12:44:17.254 [main] DEBUG org.apache.http.headers - >> Host: altashop-api.fly.dev
12:44:17.254 [main] DEBUG org.apache.http.headers - >> Connection: Keep-Alive
12:44:17.254 [main] DEBUG org.apache.http.headers - >> User-Agent: Apache-HttpClient/4.5.13 (Java/14.0.2)
12:44:17.254 [main] DEBUG org.apache.http.headers - >> Accept-Encoding: gzip,deflate
12:44:17.254 [main] DEBUG org.apache.http.wire -  >> "{"password":"123123","email":"someone@mail.com"}"
12:44:17.291 [main] DEBUG org.apache.http.wire -  << "HTTP/1.1 200 OK[\r][\n]"
12:44:17.291 [main] DEBUG org.apache.http.wire -  << "content-type: application/json[\r][\n]"
12:44:17.291 [main] DEBUG org.apache.http.wire -  << "date: Sat, 06 May 2023 05:53:03 GMT[\r][\n]"
12:44:17.291 [main] DEBUG org.apache.http.wire -  << "content-encoding: gzip[\r][\n]"
12:44:17.291 [main] DEBUG org.apache.http.wire -  << "transfer-encoding: chunked[\r][\n]"
12:44:17.291 [main] DEBUG org.apache.http.wire -  << "server: Fly/3f2597ca (2023-05-03)[\r][\n]"
12:44:17.291 [main] DEBUG org.apache.http.wire -  << "via: 1.1 fly.io[\r][\n]"
12:44:17.291 [main] DEBUG org.apache.http.wire -  << "fly-request-id: 01GZQSXW0H15GXZR50QRZWHXQF-sin[\r][\n]"
12:44:17.291 [main] DEBUG org.apache.http.wire -  << "[\r][\n]"
12:44:17.291 [main] DEBUG org.apache.http.impl.conn.DefaultClientConnection - Receiving response: HTTP/1.1 200 OK
12:44:17.291 [main] DEBUG org.apache.http.headers - << HTTP/1.1 200 OK
12:44:17.291 [main] DEBUG org.apache.http.headers - << content-type: application/json
12:44:17.291 [main] DEBUG org.apache.http.headers - << date: Sat, 06 May 2023 05:53:03 GMT
12:44:17.291 [main] DEBUG org.apache.http.headers - << content-encoding: gzip
12:44:17.291 [main] DEBUG org.apache.http.headers - << transfer-encoding: chunked
12:44:17.291 [main] DEBUG org.apache.http.headers - << server: Fly/3f2597ca (2023-05-03)
12:44:17.291 [main] DEBUG org.apache.http.headers - << via: 1.1 fly.io
12:44:17.291 [main] DEBUG org.apache.http.headers - << fly-request-id: 01GZQSXW0H15GXZR50QRZWHXQF-sin
12:44:17.291 [main] DEBUG org.apache.http.impl.client.DefaultHttpClient - Connection can be kept alive indefinitely
12:44:17.292 [main] DEBUG io.restassured.internal.RestAssuredHttpBuilder - Parsing response as: application/json
12:44:17.292 [main] DEBUG org.apache.http.wire -  << "AC[\r][\n]"
12:44:17.292 [main] DEBUG org.apache.http.wire -  << "[0x1f][0x8b][0x8][0x0][0x0][0x0][0x0][0x0][0x4][0xff][0xab]VJI,IT[0xb2]RJ[0xad][0xf4][0xca]HrO[0xce][0xf4][0xcf][0xf4][0xf2][0xc][0xad][0xf2]4[0xf4][0xcb][0xf4],[0xf6][0xcc][0xb]2Mv[0xf6]4[0xf3][0xcc].[0x88][0x8]s[0xf6][0xb2][0xd4]K[0xad][0xf4]rO[0x9][0xaf](N[0xca]u+[0x89][\n]"
12:44:17.292 [main] DEBUG org.apache.http.wire -  << "[0x6]K[0x94]%[0xba][0x9b][0xa4][0x7][0xb9][[0xe6]xf[0x96]g[0x6][0x85][0x1b]f$[0x86][0x97][0x83][0xc][0xa9]J22[0xcc]I22[0xcd][0x9]t[0x7][0x8b][0x95]F[0x1a]Y[0x96]x[0xe6][0x19][0xe8][0x85][0x97]9[0x5]W$[0x7][0xba][0x16][0x16][0xe6]e:[0x1b][0x96][0x19]X[0xf8]Te[0x17]y$[0xbb][0xfa][0xa4][0xa6][0x17][0x1b]$[0x99][0x97][0x95]d[0xb9][0x7][0x84]g&[0xba][0x86]'{*[0xd5]r[0x1][0x0]?[0x99][0xcf]j[0xa0][0x0][0x0][0x0]"
12:44:17.292 [main] DEBUG org.apache.http.wire -  << "[\r][\n]"
12:44:17.292 [main] DEBUG org.apache.http.wire -  << "0[\r][\n]"
12:44:17.292 [main] DEBUG org.apache.http.wire -  << "[\r][\n]"
12:44:17.292 [main] DEBUG io.restassured.internal.RestAssuredHttpBuilder - Parsed data to instance of: class org.apache.http.conn.EofSensorInputStream
12:44:17.294 [main] DEBUG org.apache.http.impl.conn.BasicClientConnectionManager - Releasing connection org.apache.http.impl.conn.ManagedClientConnectionImpl@1768c77f
12:44:17.294 [main] DEBUG org.apache.http.impl.conn.BasicClientConnectionManager - Connection can be kept alive indefinitely
12:44:17.324 [main] DEBUG net.thucydides.core.steps.StepInterceptor - STEP DONE: I send POST HTTP request login
  &amp#27;[32mWhen &amp#27;[0m&amp#27;[32mI send POST HTTP request login&amp#27;[0m                                     &amp#27;[90m# starter.stepdefinitions.UserSteps.iSendPOSTHTTPRequestLogin()&amp#27;[0m
12:44:17.332 [main] DEBUG net.thucydides.core.steps.StepInterceptor - STARTING STEP: UserSteps.iSetPOSTApiEndpointsProductCategory - I set POST api endpoints product category
12:44:17.332 [main] DEBUG net.thucydides.core.steps.StepInterceptor - STEP DONE: I set POST api endpoints product category
  &amp#27;[32mAnd &amp#27;[0m&amp#27;[32mI set POST api endpoints product category&amp#27;[0m                           &amp#27;[90m# starter.stepdefinitions.UserSteps.iSetPOSTApiEndpointsProductCategory()&amp#27;[0m
12:44:17.339 [main] DEBUG net.thucydides.core.steps.StepInterceptor - STARTING STEP: UserSteps.iSendPOSTHTTPRequestPostCategories - I send POST HTTP request post categories
12:44:17.343 [main] DEBUG net.thucydides.core.steps.StepInterceptor - STARTING STEP: PostProductCat.iSendPOSTHTTPRequestPostCategories - I set POST api endpoints product category
12:44:17.343 [main] DEBUG net.thucydides.core.steps.StepInterceptor - STEP DONE: I set POST api endpoints product category
12:44:17.358 [main] DEBUG org.apache.http.impl.conn.BasicClientConnectionManager - Get connection for route {s}->https://altashop-api.fly.dev:443
12:44:17.358 [main] DEBUG org.apache.http.impl.conn.DefaultClientConnectionOperator - Connecting to altashop-api.fly.dev:443
12:44:17.450 [main] DEBUG org.apache.http.client.protocol.RequestAddCookies - CookieSpec selected: ignoreCookies
12:44:17.450 [main] DEBUG org.apache.http.client.protocol.RequestAuthCache - Auth cache not set in the context
12:44:17.450 [main] DEBUG org.apache.http.client.protocol.RequestTargetAuthentication - Target auth state: UNCHALLENGED
12:44:17.450 [main] DEBUG org.apache.http.client.protocol.RequestProxyAuthentication - Proxy auth state: UNCHALLENGED
12:44:17.450 [main] DEBUG org.apache.http.impl.client.DefaultHttpClient - Attempt 1 to execute request
12:44:17.450 [main] DEBUG org.apache.http.impl.conn.DefaultClientConnection - Sending request: POST /api/categories HTTP/1.1
12:44:17.450 [main] DEBUG org.apache.http.wire -  >> "POST /api/categories HTTP/1.1[\r][\n]"
12:44:17.450 [main] DEBUG org.apache.http.wire -  >> "Accept: */*[\r][\n]"
12:44:17.450 [main] DEBUG org.apache.http.wire -  >> "Content-Type: application/json[\r][\n]"
12:44:17.450 [main] DEBUG org.apache.http.wire -  >> "Content-Length: 53[\r][\n]"
12:44:17.450 [main] DEBUG org.apache.http.wire -  >> "Host: altashop-api.fly.dev[\r][\n]"
12:44:17.450 [main] DEBUG org.apache.http.wire -  >> "Connection: Keep-Alive[\r][\n]"
12:44:17.450 [main] DEBUG org.apache.http.wire -  >> "User-Agent: Apache-HttpClient/4.5.13 (Java/14.0.2)[\r][\n]"
12:44:17.450 [main] DEBUG org.apache.http.wire -  >> "Accept-Encoding: gzip,deflate[\r][\n]"
12:44:17.450 [main] DEBUG org.apache.http.wire -  >> "[\r][\n]"
12:44:17.450 [main] DEBUG org.apache.http.headers - >> POST /api/categories HTTP/1.1
12:44:17.450 [main] DEBUG org.apache.http.headers - >> Accept: */*
12:44:17.450 [main] DEBUG org.apache.http.headers - >> Content-Type: application/json
12:44:17.450 [main] DEBUG org.apache.http.headers - >> Content-Length: 53
12:44:17.450 [main] DEBUG org.apache.http.headers - >> Host: altashop-api.fly.dev
12:44:17.450 [main] DEBUG org.apache.http.headers - >> Connection: Keep-Alive
12:44:17.450 [main] DEBUG org.apache.http.headers - >> User-Agent: Apache-HttpClient/4.5.13 (Java/14.0.2)
12:44:17.450 [main] DEBUG org.apache.http.headers - >> Accept-Encoding: gzip,deflate
12:44:17.450 [main] DEBUG org.apache.http.wire -  >> "{"name":"gaming","description":"for gaming purposes"}"
12:44:17.488 [main] DEBUG org.apache.http.wire -  << "HTTP/1.1 200 OK[\r][\n]"
12:44:17.488 [main] DEBUG org.apache.http.wire -  << "content-type: application/json[\r][\n]"
12:44:17.488 [main] DEBUG org.apache.http.wire -  << "date: Sat, 06 May 2023 05:53:03 GMT[\r][\n]"
12:44:17.488 [main] DEBUG org.apache.http.wire -  << "content-encoding: gzip[\r][\n]"
12:44:17.488 [main] DEBUG org.apache.http.wire -  << "transfer-encoding: chunked[\r][\n]"
12:44:17.488 [main] DEBUG org.apache.http.wire -  << "server: Fly/3f2597ca (2023-05-03)[\r][\n]"
12:44:17.488 [main] DEBUG org.apache.http.wire -  << "via: 1.1 fly.io[\r][\n]"
12:44:17.488 [main] DEBUG org.apache.http.wire -  << "fly-request-id: 01GZQSXW6KWF6GG0K4Q3DSFVEF-sin[\r][\n]"
12:44:17.488 [main] DEBUG org.apache.http.wire -  << "[\r][\n]"
12:44:17.488 [main] DEBUG org.apache.http.impl.conn.DefaultClientConnection - Receiving response: HTTP/1.1 200 OK
12:44:17.488 [main] DEBUG org.apache.http.headers - << HTTP/1.1 200 OK
12:44:17.488 [main] DEBUG org.apache.http.headers - << content-type: application/json
12:44:17.488 [main] DEBUG org.apache.http.headers - << date: Sat, 06 May 2023 05:53:03 GMT
12:44:17.488 [main] DEBUG org.apache.http.headers - << content-encoding: gzip
12:44:17.488 [main] DEBUG org.apache.http.headers - << transfer-encoding: chunked
12:44:17.488 [main] DEBUG org.apache.http.headers - << server: Fly/3f2597ca (2023-05-03)
12:44:17.488 [main] DEBUG org.apache.http.headers - << via: 1.1 fly.io
12:44:17.488 [main] DEBUG org.apache.http.headers - << fly-request-id: 01GZQSXW6KWF6GG0K4Q3DSFVEF-sin
12:44:17.488 [main] DEBUG org.apache.http.impl.client.DefaultHttpClient - Connection can be kept alive indefinitely
12:44:17.489 [main] DEBUG io.restassured.internal.RestAssuredHttpBuilder - Parsing response as: application/json
12:44:17.489 [main] DEBUG org.apache.http.wire -  << "5A[\r][\n]"
12:44:17.489 [main] DEBUG org.apache.http.wire -  << "[0x1f][0x8b][0x8][0x0][0x0][0x0][0x0][0x0][0x4][0xff][0xab]VJI,IT[0xb2][0xaa]V[0xf2]tQ[0xb2]24[0xb2]47[0xd3]Q[0xf2]K[0xcc]MU[0xb2]RJO[0xcc][0xcd][0xcc]KW[0xd2]QrI-N.[0xca],([0xc9][0xcc][0xcf]S[0xb2]RJ[0xcb]/R[0x80]H)[0x14][0x94][0x16][0x15][0xe4][0x17][0xa7][0x16]+[0xd5][0xd6]r[0x1][0x0][0xe9]#[0xd4][0x8f]J[0x0][0x0][0x0]"
12:44:17.489 [main] DEBUG org.apache.http.wire -  << "[\r][\n]"
12:44:17.489 [main] DEBUG org.apache.http.wire -  << "0[\r][\n]"
12:44:17.489 [main] DEBUG org.apache.http.wire -  << "[\r][\n]"
12:44:17.489 [main] DEBUG io.restassured.internal.RestAssuredHttpBuilder - Parsed data to instance of: class org.apache.http.conn.EofSensorInputStream
12:44:17.491 [main] DEBUG org.apache.http.impl.conn.BasicClientConnectionManager - Releasing connection org.apache.http.impl.conn.ManagedClientConnectionImpl@13ea9afc
12:44:17.491 [main] DEBUG org.apache.http.impl.conn.BasicClientConnectionManager - Connection can be kept alive indefinitely
12:44:17.492 [main] DEBUG net.thucydides.core.steps.StepInterceptor - STEP DONE: I send POST HTTP request post categories
  &amp#27;[32mAnd &amp#27;[0m&amp#27;[32mI send POST HTTP request post categories&amp#27;[0m                            &amp#27;[90m# starter.stepdefinitions.UserSteps.iSendPOSTHTTPRequestPostCategories()&amp#27;[0m
12:44:17.499 [main] DEBUG net.thucydides.core.steps.StepInterceptor - STARTING STEP: UserSteps.iReceiveValidHTTPResponseCode - I receive valids HTTP response code 200
12:44:17.500 [main] DEBUG net.thucydides.core.steps.StepInterceptor - STEP DONE: I receive valids HTTP response code 200
  &amp#27;[32mThen &amp#27;[0m&amp#27;[32mI receive valid HTTP response code 200&amp#27;[0m                             &amp#27;[90m# starter.stepdefinitions.UserSteps.iReceiveValidHTTPResponseCode()&amp#27;[0m
12:44:17.507 [main] DEBUG net.thucydides.core.steps.StepInterceptor - STARTING STEP: UserSteps.iReceiveValidDataForNewProductCategory - I set POST api endpoints product category
12:44:17.508 [main] DEBUG net.thucydides.core.steps.StepInterceptor - STEP DONE: I set POST api endpoints product category
  &amp#27;[32mAnd &amp#27;[0m&amp#27;[32mI receive valid data for new product category&amp#27;[0m                       &amp#27;[90m# starter.stepdefinitions.UserSteps.iReceiveValidDataForNewProductCategory()&amp#27;[0m
12:44:17.512 [main] INFO  - 
  _____   ___   ___   _____     ___     _     ___   ___   ___   ___  
 |_   _| | __| / __| |_   _|   | _ \   /_\   / __| / __| | __| |   \ 
   | |   | _|  \__ \   | |     |  _/  / _ \  \__ \ \__ \ | _|  | |) |
   |_|   |___| |___/   |_|     |_|   /_/ \_\ |___/ |___/ |___| |___/ 

POST - As admin I have be able to create new product categories
----------------------------------------------------------------------
]]></system-out>
  </testcase>
  <testcase name="POST - As admin I cannot create new product categories" classname="User" time="0.746">
    <system-out><![CDATA[
@TC-0018
Scenario: POST - As admin I cannot create new product categories &amp#27;[90m# src/test/resources/api/user.feature:172&amp#27;[0m
12:44:17.533 [main] INFO io.cucumber.core.plugin.SerenityReporter - Running feature from file:///C:/Users/Lenovo/IdeaProjects/MiniProject/MiniprojectApi/src/test/resources/api/user.feature
12:44:17.533 [main] WARN io.cucumber.core.plugin.SerenityReporter - Feature from file:///C:/Users/Lenovo/IdeaProjects/MiniProject/MiniprojectApi/src/test/resources/api/user.feature is not under the 'features' directory. Requirements report will not be correctly generated!
12:44:17.538 [main] INFO  - 
  _____   ___   ___   _____     ___   _____     _     ___   _____   ___   ___  
 |_   _| | __| / __| |_   _|   / __| |_   _|   /_\   | _ \ |_   _| | __| |   \ 
   | |   | _|  \__ \   | |     \__ \   | |    / _ \  |   /   | |   | _|  | |) |
   |_|   |___| |___/   |_|     |___/   |_|   /_/ \_\ |_|_\   |_|   |___| |___/ 

POST - As admin I cannot create new product categories(user;post---as-admin-i-cannot-create-new-product-categories)
--------------------------------------------------------------------------------
12:44:17.690 [main] DEBUG net.thucydides.core.steps.StepInterceptor - STARTING STEP: UserSteps.iSetPOSTApiEndpointsLogin - I set POST api endpoints login
12:44:17.691 [main] DEBUG net.thucydides.core.steps.StepInterceptor - STEP DONE: I set POST api endpoints login
  &amp#27;[32mGiven &amp#27;[0m&amp#27;[32mI set POST api endpoints login&amp#27;[0m                           &amp#27;[90m# starter.stepdefinitions.UserSteps.iSetPOSTApiEndpointsLogin()&amp#27;[0m
12:44:17.697 [main] DEBUG net.thucydides.core.steps.StepInterceptor - STARTING STEP: UserSteps.iSendPOSTHTTPRequestLogin - I send POST HTTP request login
12:44:17.701 [main] DEBUG net.thucydides.core.steps.StepInterceptor - STARTING STEP: PostLogin.iSendPOSTHTTPRequestLogin - I set POST api endpoints login
12:44:17.702 [main] DEBUG net.thucydides.core.steps.StepInterceptor - STEP DONE: I set POST api endpoints login
12:44:17.718 [main] DEBUG org.apache.http.impl.conn.BasicClientConnectionManager - Get connection for route {s}->https://altashop-api.fly.dev:443
12:44:17.718 [main] DEBUG org.apache.http.impl.conn.DefaultClientConnectionOperator - Connecting to altashop-api.fly.dev:443
12:44:17.823 [main] DEBUG org.apache.http.client.protocol.RequestAddCookies - CookieSpec selected: ignoreCookies
12:44:17.823 [main] DEBUG org.apache.http.client.protocol.RequestAuthCache - Auth cache not set in the context
12:44:17.823 [main] DEBUG org.apache.http.client.protocol.RequestTargetAuthentication - Target auth state: UNCHALLENGED
12:44:17.823 [main] DEBUG org.apache.http.client.protocol.RequestProxyAuthentication - Proxy auth state: UNCHALLENGED
12:44:17.823 [main] DEBUG org.apache.http.impl.client.DefaultHttpClient - Attempt 1 to execute request
12:44:17.823 [main] DEBUG org.apache.http.impl.conn.DefaultClientConnection - Sending request: POST /api/auth/login HTTP/1.1
12:44:17.823 [main] DEBUG org.apache.http.wire -  >> "POST /api/auth/login HTTP/1.1[\r][\n]"
12:44:17.823 [main] DEBUG org.apache.http.wire -  >> "Accept: */*[\r][\n]"
12:44:17.823 [main] DEBUG org.apache.http.wire -  >> "Content-Type: application/json[\r][\n]"
12:44:17.823 [main] DEBUG org.apache.http.wire -  >> "Content-Length: 48[\r][\n]"
12:44:17.823 [main] DEBUG org.apache.http.wire -  >> "Host: altashop-api.fly.dev[\r][\n]"
12:44:17.823 [main] DEBUG org.apache.http.wire -  >> "Connection: Keep-Alive[\r][\n]"
12:44:17.823 [main] DEBUG org.apache.http.wire -  >> "User-Agent: Apache-HttpClient/4.5.13 (Java/14.0.2)[\r][\n]"
12:44:17.823 [main] DEBUG org.apache.http.wire -  >> "Accept-Encoding: gzip,deflate[\r][\n]"
12:44:17.823 [main] DEBUG org.apache.http.wire -  >> "[\r][\n]"
12:44:17.823 [main] DEBUG org.apache.http.headers - >> POST /api/auth/login HTTP/1.1
12:44:17.823 [main] DEBUG org.apache.http.headers - >> Accept: */*
12:44:17.823 [main] DEBUG org.apache.http.headers - >> Content-Type: application/json
12:44:17.823 [main] DEBUG org.apache.http.headers - >> Content-Length: 48
12:44:17.823 [main] DEBUG org.apache.http.headers - >> Host: altashop-api.fly.dev
12:44:17.823 [main] DEBUG org.apache.http.headers - >> Connection: Keep-Alive
12:44:17.823 [main] DEBUG org.apache.http.headers - >> User-Agent: Apache-HttpClient/4.5.13 (Java/14.0.2)
12:44:17.823 [main] DEBUG org.apache.http.headers - >> Accept-Encoding: gzip,deflate
12:44:17.823 [main] DEBUG org.apache.http.wire -  >> "{"password":"123123","email":"someone@mail.com"}"
12:44:17.861 [main] DEBUG org.apache.http.wire -  << "HTTP/1.1 200 OK[\r][\n]"
12:44:17.861 [main] DEBUG org.apache.http.wire -  << "content-type: application/json[\r][\n]"
12:44:17.861 [main] DEBUG org.apache.http.wire -  << "date: Sat, 06 May 2023 05:53:04 GMT[\r][\n]"
12:44:17.861 [main] DEBUG org.apache.http.wire -  << "content-encoding: gzip[\r][\n]"
12:44:17.861 [main] DEBUG org.apache.http.wire -  << "transfer-encoding: chunked[\r][\n]"
12:44:17.861 [main] DEBUG org.apache.http.wire -  << "server: Fly/3f2597ca (2023-05-03)[\r][\n]"
12:44:17.861 [main] DEBUG org.apache.http.wire -  << "via: 1.1 fly.io[\r][\n]"
12:44:17.861 [main] DEBUG org.apache.http.wire -  << "fly-request-id: 01GZQSXWJ9AKR293R2GBJN7242-sin[\r][\n]"
12:44:17.861 [main] DEBUG org.apache.http.wire -  << "[\r][\n]"
12:44:17.862 [main] DEBUG org.apache.http.impl.conn.DefaultClientConnection - Receiving response: HTTP/1.1 200 OK
12:44:17.862 [main] DEBUG org.apache.http.headers - << HTTP/1.1 200 OK
12:44:17.862 [main] DEBUG org.apache.http.headers - << content-type: application/json
12:44:17.862 [main] DEBUG org.apache.http.headers - << date: Sat, 06 May 2023 05:53:04 GMT
12:44:17.862 [main] DEBUG org.apache.http.headers - << content-encoding: gzip
12:44:17.862 [main] DEBUG org.apache.http.headers - << transfer-encoding: chunked
12:44:17.862 [main] DEBUG org.apache.http.headers - << server: Fly/3f2597ca (2023-05-03)
12:44:17.862 [main] DEBUG org.apache.http.headers - << via: 1.1 fly.io
12:44:17.862 [main] DEBUG org.apache.http.headers - << fly-request-id: 01GZQSXWJ9AKR293R2GBJN7242-sin
12:44:17.862 [main] DEBUG org.apache.http.impl.client.DefaultHttpClient - Connection can be kept alive indefinitely
12:44:17.862 [main] DEBUG io.restassured.internal.RestAssuredHttpBuilder - Parsing response as: application/json
12:44:17.862 [main] DEBUG org.apache.http.wire -  << "AC[\r][\n]"
12:44:17.863 [main] DEBUG org.apache.http.wire -  << "[0x1f][0x8b][0x8][0x0][0x0][0x0][0x0][0x0][0x4][0xff][0xab]VJI,IT[0xb2]RJ[0xad][0xf4][0xca]HrO[0xce][0xf4][0xcf][0xf4][0xf2][0xc][0xad][0xf2]4[0xf4][0xcb][0xf4],[0xf6][0xcc][0xb]2Mv[0xf6]4[0xf3][0xcc].[0x88][0x8]s[0xf6][0xb2][0xd4]K[0xad][0xf4]rO[0x9][0xaf](N[0xca]u+[0x89][\n]"
12:44:17.863 [main] DEBUG org.apache.http.wire -  << "[0x6]K[0x94]%[0xba][0x9b][0xa4][0x7][0xb9][[0xe6]xf[0x96]g[0x6][0x85][0x1b]f$[0x86][0x97][0x83][0xc][0xa9]J22[0xcc]I22[0xcd][0x9]t[0x7][0x8b][0x95]F[0x1a]Y[0x96]x[0xe6][0x19][0xe8][0x85][0x97]9[0x5]W$[0x7][0xba][0x16][0x16][0xe6]e:[0x1b][0x96][0x19]X[0xf8]Te[0x17]y$[0xbb][0xfa][0xa4][0xa6][0x17][0x1b]$[0x99][0x97][0x95]d[0xb9][0x7][0x84]g&[0xba][0x86]'{*[0xd5]r[0x1][0x0]?[0x99][0xcf]j[0xa0][0x0][0x0][0x0]"
12:44:17.863 [main] DEBUG org.apache.http.wire -  << "[\r][\n]"
12:44:17.863 [main] DEBUG org.apache.http.wire -  << "0[\r][\n]"
12:44:17.863 [main] DEBUG org.apache.http.wire -  << "[\r][\n]"
12:44:17.863 [main] DEBUG io.restassured.internal.RestAssuredHttpBuilder - Parsed data to instance of: class org.apache.http.conn.EofSensorInputStream
12:44:17.866 [main] DEBUG org.apache.http.impl.conn.BasicClientConnectionManager - Releasing connection org.apache.http.impl.conn.ManagedClientConnectionImpl@3e492199
12:44:17.866 [main] DEBUG org.apache.http.impl.conn.BasicClientConnectionManager - Connection can be kept alive indefinitely
12:44:17.899 [main] DEBUG net.thucydides.core.steps.StepInterceptor - STEP DONE: I send POST HTTP request login
  &amp#27;[32mWhen &amp#27;[0m&amp#27;[32mI send POST HTTP request login&amp#27;[0m                            &amp#27;[90m# starter.stepdefinitions.UserSteps.iSendPOSTHTTPRequestLogin()&amp#27;[0m
12:44:17.905 [main] DEBUG net.thucydides.core.steps.StepInterceptor - STARTING STEP: UserSteps.iSetUnmatchedPOSTApiEndpointsProductCategory - I set POST api endpoints product category
12:44:17.906 [main] DEBUG net.thucydides.core.steps.StepInterceptor - STEP DONE: I set POST api endpoints product category
  &amp#27;[32mAnd &amp#27;[0m&amp#27;[32mI set unmatched POST api endpoints product category&amp#27;[0m        &amp#27;[90m# starter.stepdefinitions.UserSteps.iSetUnmatchedPOSTApiEndpointsProductCategory()&amp#27;[0m
12:44:17.912 [main] DEBUG net.thucydides.core.steps.StepInterceptor - STARTING STEP: UserSteps.iSendPOSTHTTPRequestPostCategories - I send POST HTTP request post categories
12:44:17.915 [main] DEBUG net.thucydides.core.steps.StepInterceptor - STARTING STEP: PostProductCat.iSendPOSTHTTPRequestPostCategories - I set POST api endpoints product category
12:44:17.915 [main] DEBUG net.thucydides.core.steps.StepInterceptor - STEP DONE: I set POST api endpoints product category
12:44:17.935 [main] DEBUG org.apache.http.impl.conn.BasicClientConnectionManager - Get connection for route {s}->https://altashop-api.fly.dev:443
12:44:17.936 [main] DEBUG org.apache.http.impl.conn.DefaultClientConnectionOperator - Connecting to altashop-api.fly.dev:443
12:44:18.005 [Finalizer] DEBUG org.apache.http.impl.conn.DefaultClientConnection - Connection 0.0.0.0:65187<->149.248.193.56:443 closed
12:44:18.009 [Finalizer] DEBUG org.apache.http.impl.conn.DefaultClientConnection - Connection 0.0.0.0:65186<->149.248.193.56:443 closed
12:44:18.012 [Finalizer] DEBUG org.apache.http.impl.conn.DefaultClientConnection - Connection 0.0.0.0:65189<->149.248.193.56:443 closed
12:44:18.015 [Finalizer] DEBUG org.apache.http.impl.conn.DefaultClientConnection - Connection 0.0.0.0:65188<->149.248.193.56:443 closed
12:44:18.018 [Finalizer] DEBUG org.apache.http.impl.conn.DefaultClientConnection - Connection 0.0.0.0:65191<->149.248.193.56:443 closed
12:44:18.022 [Finalizer] DEBUG org.apache.http.impl.conn.DefaultClientConnection - Connection 0.0.0.0:65190<->149.248.193.56:443 closed
12:44:18.051 [main] DEBUG org.apache.http.client.protocol.RequestAddCookies - CookieSpec selected: ignoreCookies
12:44:18.051 [main] DEBUG org.apache.http.client.protocol.RequestAuthCache - Auth cache not set in the context
12:44:18.051 [main] DEBUG org.apache.http.client.protocol.RequestTargetAuthentication - Target auth state: UNCHALLENGED
12:44:18.051 [main] DEBUG org.apache.http.client.protocol.RequestProxyAuthentication - Proxy auth state: UNCHALLENGED
12:44:18.051 [main] DEBUG org.apache.http.impl.client.DefaultHttpClient - Attempt 1 to execute request
12:44:18.051 [main] DEBUG org.apache.http.impl.conn.DefaultClientConnection - Sending request: POST /api/categories HTTP/1.1
12:44:18.051 [main] DEBUG org.apache.http.wire -  >> "POST /api/categories HTTP/1.1[\r][\n]"
12:44:18.051 [main] DEBUG org.apache.http.wire -  >> "Accept: */*[\r][\n]"
12:44:18.051 [main] DEBUG org.apache.http.wire -  >> "Content-Type: application/json[\r][\n]"
12:44:18.051 [main] DEBUG org.apache.http.wire -  >> "Content-Length: 53[\r][\n]"
12:44:18.051 [main] DEBUG org.apache.http.wire -  >> "Host: altashop-api.fly.dev[\r][\n]"
12:44:18.051 [main] DEBUG org.apache.http.wire -  >> "Connection: Keep-Alive[\r][\n]"
12:44:18.051 [main] DEBUG org.apache.http.wire -  >> "User-Agent: Apache-HttpClient/4.5.13 (Java/14.0.2)[\r][\n]"
12:44:18.051 [main] DEBUG org.apache.http.wire -  >> "Accept-Encoding: gzip,deflate[\r][\n]"
12:44:18.052 [main] DEBUG org.apache.http.wire -  >> "[\r][\n]"
12:44:18.052 [main] DEBUG org.apache.http.headers - >> POST /api/categories HTTP/1.1
12:44:18.052 [main] DEBUG org.apache.http.headers - >> Accept: */*
12:44:18.052 [main] DEBUG org.apache.http.headers - >> Content-Type: application/json
12:44:18.052 [main] DEBUG org.apache.http.headers - >> Content-Length: 53
12:44:18.052 [main] DEBUG org.apache.http.headers - >> Host: altashop-api.fly.dev
12:44:18.052 [main] DEBUG org.apache.http.headers - >> Connection: Keep-Alive
12:44:18.052 [main] DEBUG org.apache.http.headers - >> User-Agent: Apache-HttpClient/4.5.13 (Java/14.0.2)
12:44:18.052 [main] DEBUG org.apache.http.headers - >> Accept-Encoding: gzip,deflate
12:44:18.052 [main] DEBUG org.apache.http.wire -  >> "{"name":"gaming","description":"for gaming purposes"}"
12:44:18.087 [main] DEBUG org.apache.http.wire -  << "HTTP/1.1 200 OK[\r][\n]"
12:44:18.088 [main] DEBUG org.apache.http.wire -  << "content-type: application/json[\r][\n]"
12:44:18.088 [main] DEBUG org.apache.http.wire -  << "date: Sat, 06 May 2023 05:53:04 GMT[\r][\n]"
12:44:18.088 [main] DEBUG org.apache.http.wire -  << "content-encoding: gzip[\r][\n]"
12:44:18.088 [main] DEBUG org.apache.http.wire -  << "transfer-encoding: chunked[\r][\n]"
12:44:18.088 [main] DEBUG org.apache.http.wire -  << "server: Fly/3f2597ca (2023-05-03)[\r][\n]"
12:44:18.088 [main] DEBUG org.apache.http.wire -  << "via: 1.1 fly.io[\r][\n]"
12:44:18.088 [main] DEBUG org.apache.http.wire -  << "fly-request-id: 01GZQSXWSDW11HEHN89EP9EEF1-sin[\r][\n]"
12:44:18.088 [main] DEBUG org.apache.http.wire -  << "[\r][\n]"
12:44:18.088 [main] DEBUG org.apache.http.impl.conn.DefaultClientConnection - Receiving response: HTTP/1.1 200 OK
12:44:18.088 [main] DEBUG org.apache.http.headers - << HTTP/1.1 200 OK
12:44:18.088 [main] DEBUG org.apache.http.headers - << content-type: application/json
12:44:18.088 [main] DEBUG org.apache.http.headers - << date: Sat, 06 May 2023 05:53:04 GMT
12:44:18.088 [main] DEBUG org.apache.http.headers - << content-encoding: gzip
12:44:18.088 [main] DEBUG org.apache.http.headers - << transfer-encoding: chunked
12:44:18.089 [main] DEBUG org.apache.http.headers - << server: Fly/3f2597ca (2023-05-03)
12:44:18.089 [main] DEBUG org.apache.http.headers - << via: 1.1 fly.io
12:44:18.089 [main] DEBUG org.apache.http.headers - << fly-request-id: 01GZQSXWSDW11HEHN89EP9EEF1-sin
12:44:18.089 [main] DEBUG org.apache.http.impl.client.DefaultHttpClient - Connection can be kept alive indefinitely
12:44:18.089 [main] DEBUG io.restassured.internal.RestAssuredHttpBuilder - Parsing response as: application/json
12:44:18.089 [main] DEBUG org.apache.http.wire -  << "5A[\r][\n]"
12:44:18.089 [main] DEBUG org.apache.http.wire -  << "[0x1f][0x8b][0x8][0x0][0x0][0x0][0x0][0x0][0x4][0xff][0xab]VJI,IT[0xb2][0xaa]V[0xf2]tQ[0xb2]24[0xb2]47[0xd7]Q[0xf2]K[0xcc]MU[0xb2]RJO[0xcc][0xcd][0xcc]KW[0xd2]QrI-N.[0xca],([0xc9][0xcc][0xcf]S[0xb2]RJ[0xcb]/R[0x80]H)[0x14][0x94][0x16][0x15][0xe4][0x17][0xa7][0x16]+[0xd5][0xd6]r[0x1][0x0]>0A[0x92]J[0x0][0x0][0x0]"
12:44:18.089 [main] DEBUG org.apache.http.wire -  << "[\r][\n]"
12:44:18.089 [main] DEBUG org.apache.http.wire -  << "0[\r][\n]"
12:44:18.089 [main] DEBUG org.apache.http.wire -  << "[\r][\n]"
12:44:18.089 [main] DEBUG io.restassured.internal.RestAssuredHttpBuilder - Parsed data to instance of: class org.apache.http.conn.EofSensorInputStream
12:44:18.091 [main] DEBUG org.apache.http.impl.conn.BasicClientConnectionManager - Releasing connection org.apache.http.impl.conn.ManagedClientConnectionImpl@b15da69
12:44:18.092 [main] DEBUG org.apache.http.impl.conn.BasicClientConnectionManager - Connection can be kept alive indefinitely
12:44:18.092 [main] DEBUG net.thucydides.core.steps.StepInterceptor - STEP DONE: I send POST HTTP request post categories
  &amp#27;[32mAnd &amp#27;[0m&amp#27;[32mI send POST HTTP request post categories&amp#27;[0m                   &amp#27;[90m# starter.stepdefinitions.UserSteps.iSendPOSTHTTPRequestPostCategories()&amp#27;[0m
12:44:18.099 [main] DEBUG net.thucydides.core.steps.StepInterceptor - STARTING STEP: UserSteps.iReceiveValidLoginAndProductHTTPResponseCode404 - I receive valid login and product HTTP response code 404
12:44:18.102 [main] DEBUG net.thucydides.core.steps.StepInterceptor - STARTING STEP: NPostProduct.iReceiveValidLoginAndProductHTTPResponseCode404 - I set POST api endpoints product
12:44:18.102 [main] DEBUG net.thucydides.core.steps.StepInterceptor - STEP DONE: I set POST api endpoints product
12:44:18.117 [main] DEBUG org.apache.http.impl.conn.BasicClientConnectionManager - Get connection for route {s}->https://altashop-api.fly.dev:443
12:44:18.117 [main] DEBUG org.apache.http.impl.conn.DefaultClientConnectionOperator - Connecting to altashop-api.fly.dev:443
12:44:18.214 [main] DEBUG org.apache.http.client.protocol.RequestAddCookies - CookieSpec selected: ignoreCookies
12:44:18.214 [main] DEBUG org.apache.http.client.protocol.RequestAuthCache - Auth cache not set in the context
12:44:18.214 [main] DEBUG org.apache.http.client.protocol.RequestProxyAuthentication - Proxy auth state: UNCHALLENGED
12:44:18.214 [main] DEBUG org.apache.http.impl.client.DefaultHttpClient - Attempt 1 to execute request
12:44:18.214 [main] DEBUG org.apache.http.impl.conn.DefaultClientConnection - Sending request: GET /api/product HTTP/1.1
12:44:18.214 [main] DEBUG org.apache.http.wire -  >> "GET /api/product HTTP/1.1[\r][\n]"
12:44:18.214 [main] DEBUG org.apache.http.wire -  >> "Authorization: Bearer [\r][\n]"
12:44:18.214 [main] DEBUG org.apache.http.wire -  >> "Accept: */*[\r][\n]"
12:44:18.214 [main] DEBUG org.apache.http.wire -  >> "Host: altashop-api.fly.dev[\r][\n]"
12:44:18.214 [main] DEBUG org.apache.http.wire -  >> "Connection: Keep-Alive[\r][\n]"
12:44:18.214 [main] DEBUG org.apache.http.wire -  >> "User-Agent: Apache-HttpClient/4.5.13 (Java/14.0.2)[\r][\n]"
12:44:18.214 [main] DEBUG org.apache.http.wire -  >> "Accept-Encoding: gzip,deflate[\r][\n]"
12:44:18.214 [main] DEBUG org.apache.http.wire -  >> "[\r][\n]"
12:44:18.214 [main] DEBUG org.apache.http.headers - >> GET /api/product HTTP/1.1
12:44:18.214 [main] DEBUG org.apache.http.headers - >> Authorization: Bearer 
12:44:18.215 [main] DEBUG org.apache.http.headers - >> Accept: */*
12:44:18.215 [main] DEBUG org.apache.http.headers - >> Host: altashop-api.fly.dev
12:44:18.215 [main] DEBUG org.apache.http.headers - >> Connection: Keep-Alive
12:44:18.215 [main] DEBUG org.apache.http.headers - >> User-Agent: Apache-HttpClient/4.5.13 (Java/14.0.2)
12:44:18.215 [main] DEBUG org.apache.http.headers - >> Accept-Encoding: gzip,deflate
12:44:18.249 [main] DEBUG org.apache.http.wire -  << "HTTP/1.1 404 Not Found[\r][\n]"
12:44:18.250 [main] DEBUG org.apache.http.wire -  << "date: Sat, 06 May 2023 05:53:04 GMT[\r][\n]"
12:44:18.250 [main] DEBUG org.apache.http.wire -  << "content-encoding: gzip[\r][\n]"
12:44:18.250 [main] DEBUG org.apache.http.wire -  << "content-type: text/plain; charset=utf-8[\r][\n]"
12:44:18.250 [main] DEBUG org.apache.http.wire -  << "transfer-encoding: chunked[\r][\n]"
12:44:18.250 [main] DEBUG org.apache.http.wire -  << "server: Fly/3f2597ca (2023-05-03)[\r][\n]"
12:44:18.250 [main] DEBUG org.apache.http.wire -  << "via: 1.1 fly.io[\r][\n]"
12:44:18.250 [main] DEBUG org.apache.http.wire -  << "fly-request-id: 01GZQSXWYGB8TFYACJ1XTXJ15J-sin[\r][\n]"
12:44:18.250 [main] DEBUG org.apache.http.wire -  << "[\r][\n]"
12:44:18.250 [main] DEBUG org.apache.http.impl.conn.DefaultClientConnection - Receiving response: HTTP/1.1 404 Not Found
12:44:18.250 [main] DEBUG org.apache.http.headers - << HTTP/1.1 404 Not Found
12:44:18.250 [main] DEBUG org.apache.http.headers - << date: Sat, 06 May 2023 05:53:04 GMT
12:44:18.250 [main] DEBUG org.apache.http.headers - << content-encoding: gzip
12:44:18.250 [main] DEBUG org.apache.http.headers - << content-type: text/plain; charset=utf-8
12:44:18.250 [main] DEBUG org.apache.http.headers - << transfer-encoding: chunked
12:44:18.250 [main] DEBUG org.apache.http.headers - << server: Fly/3f2597ca (2023-05-03)
12:44:18.250 [main] DEBUG org.apache.http.headers - << via: 1.1 fly.io
12:44:18.250 [main] DEBUG org.apache.http.headers - << fly-request-id: 01GZQSXWYGB8TFYACJ1XTXJ15J-sin
12:44:18.250 [main] DEBUG org.apache.http.impl.client.DefaultHttpClient - Connection can be kept alive indefinitely
12:44:18.250 [main] DEBUG io.restassured.internal.RestAssuredHttpBuilder - Parsing response as: text/plain; charset=utf-8
12:44:18.250 [main] DEBUG org.apache.http.wire -  << "1E[\r][\n]"
12:44:18.250 [main] DEBUG org.apache.http.wire -  << "[0x1f][0x8b][0x8][0x0][0x0][0x0][0x0][0x0][0x4][0xff][0xcb][0xcb]/QH[0xcb]/[0xcd]K[0xe1][0x2][0x0][0xd4]I[0xfa]r[\n]"
12:44:18.250 [main] DEBUG org.apache.http.wire -  << "[0x0][0x0][0x0]"
12:44:18.250 [main] DEBUG org.apache.http.wire -  << "[\r][\n]"
12:44:18.250 [main] DEBUG org.apache.http.wire -  << "0[\r][\n]"
12:44:18.250 [main] DEBUG org.apache.http.wire -  << "[\r][\n]"
12:44:18.250 [main] DEBUG io.restassured.internal.RestAssuredHttpBuilder - Parsed data to instance of: class org.apache.http.conn.EofSensorInputStream
12:44:18.253 [main] DEBUG org.apache.http.impl.conn.BasicClientConnectionManager - Releasing connection org.apache.http.impl.conn.ManagedClientConnectionImpl@308a2eb0
12:44:18.253 [main] DEBUG org.apache.http.impl.conn.BasicClientConnectionManager - Connection can be kept alive indefinitely
12:44:18.254 [main] DEBUG net.thucydides.core.steps.StepInterceptor - STEP DONE: I receive valid login and product HTTP response code 404
  &amp#27;[32mThen &amp#27;[0m&amp#27;[32mI receive valid login and product HTTP response code 404&amp#27;[0m  &amp#27;[90m# starter.stepdefinitions.UserSteps.iReceiveValidLoginAndProductHTTPResponseCode404()&amp#27;[0m
12:44:18.259 [main] INFO  - 
  _____   ___   ___   _____     ___     _     ___   ___   ___   ___  
 |_   _| | __| / __| |_   _|   | _ \   /_\   / __| / __| | __| |   \ 
   | |   | _|  \__ \   | |     |  _/  / _ \  \__ \ \__ \ | _|  | |) |
   |_|   |___| |___/   |_|     |_|   /_/ \_\ |___/ |___/ |___| |___/ 

POST - As admin I cannot create new product categories
----------------------------------------------------------------------
]]></system-out>
  </testcase>
  <testcase name="GET - As admin I can get user information" classname="User" time="0.616">
    <system-out><![CDATA[
@TC-0029
Scenario: GET - As admin I can get user information &amp#27;[90m# src/test/resources/api/user.feature:181&amp#27;[0m
12:44:18.287 [main] INFO io.cucumber.core.plugin.SerenityReporter - Running feature from file:///C:/Users/Lenovo/IdeaProjects/MiniProject/MiniprojectApi/src/test/resources/api/user.feature
12:44:18.287 [main] WARN io.cucumber.core.plugin.SerenityReporter - Feature from file:///C:/Users/Lenovo/IdeaProjects/MiniProject/MiniprojectApi/src/test/resources/api/user.feature is not under the 'features' directory. Requirements report will not be correctly generated!
12:44:18.293 [main] INFO  - 
  _____   ___   ___   _____     ___   _____     _     ___   _____   ___   ___  
 |_   _| | __| / __| |_   _|   / __| |_   _|   /_\   | _ \ |_   _| | __| |   \ 
   | |   | _|  \__ \   | |     \__ \   | |    / _ \  |   /   | |   | _|  | |) |
   |_|   |___| |___/   |_|     |___/   |_|   /_/ \_\ |_|_\   |_|   |___| |___/ 

GET - As admin I can get user information(user;get---as-admin-i-can-get-user-information)
--------------------------------------------------------------------------------
12:44:18.449 [main] DEBUG net.thucydides.core.steps.StepInterceptor - STARTING STEP: UserSteps.iSetGETApiEndpointsUserInformation - I set the GET api endpoints user information
12:44:18.449 [main] DEBUG net.thucydides.core.steps.StepInterceptor - STEP DONE: I set the GET api endpoints user information
  &amp#27;[32mGiven &amp#27;[0m&amp#27;[32mI set GET api endpoints user information&amp#27;[0m    &amp#27;[90m# starter.stepdefinitions.UserSteps.iSetGETApiEndpointsUserInformation()&amp#27;[0m
12:44:18.456 [main] DEBUG net.thucydides.core.steps.StepInterceptor - STARTING STEP: UserSteps.iSendGETHTTPRequest - I send HTTP GET request
12:44:18.458 [main] DEBUG net.thucydides.core.steps.StepInterceptor - STARTING STEP: GetAllProduct.iSendGETHTTPRequest - I set the GET api endpoints
12:44:18.459 [main] DEBUG net.thucydides.core.steps.StepInterceptor - STEP DONE: I set the GET api endpoints
12:44:18.471 [main] DEBUG org.apache.http.impl.conn.BasicClientConnectionManager - Get connection for route {s}->https://altashop-api.fly.dev:443
12:44:18.471 [main] DEBUG org.apache.http.impl.conn.DefaultClientConnectionOperator - Connecting to altashop-api.fly.dev:443
12:44:18.576 [main] DEBUG org.apache.http.client.protocol.RequestAddCookies - CookieSpec selected: ignoreCookies
12:44:18.576 [main] DEBUG org.apache.http.client.protocol.RequestAuthCache - Auth cache not set in the context
12:44:18.576 [main] DEBUG org.apache.http.client.protocol.RequestTargetAuthentication - Target auth state: UNCHALLENGED
12:44:18.576 [main] DEBUG org.apache.http.client.protocol.RequestProxyAuthentication - Proxy auth state: UNCHALLENGED
12:44:18.576 [main] DEBUG org.apache.http.impl.client.DefaultHttpClient - Attempt 1 to execute request
12:44:18.577 [main] DEBUG org.apache.http.impl.conn.DefaultClientConnection - Sending request: GET /api/products HTTP/1.1
12:44:18.577 [main] DEBUG org.apache.http.wire -  >> "GET /api/products HTTP/1.1[\r][\n]"
12:44:18.577 [main] DEBUG org.apache.http.wire -  >> "Accept: */*[\r][\n]"
12:44:18.577 [main] DEBUG org.apache.http.wire -  >> "Host: altashop-api.fly.dev[\r][\n]"
12:44:18.577 [main] DEBUG org.apache.http.wire -  >> "Connection: Keep-Alive[\r][\n]"
12:44:18.577 [main] DEBUG org.apache.http.wire -  >> "User-Agent: Apache-HttpClient/4.5.13 (Java/14.0.2)[\r][\n]"
12:44:18.577 [main] DEBUG org.apache.http.wire -  >> "Accept-Encoding: gzip,deflate[\r][\n]"
12:44:18.577 [main] DEBUG org.apache.http.wire -  >> "[\r][\n]"
12:44:18.577 [main] DEBUG org.apache.http.headers - >> GET /api/products HTTP/1.1
12:44:18.577 [main] DEBUG org.apache.http.headers - >> Accept: */*
12:44:18.577 [main] DEBUG org.apache.http.headers - >> Host: altashop-api.fly.dev
12:44:18.577 [main] DEBUG org.apache.http.headers - >> Connection: Keep-Alive
12:44:18.577 [main] DEBUG org.apache.http.headers - >> User-Agent: Apache-HttpClient/4.5.13 (Java/14.0.2)
12:44:18.577 [main] DEBUG org.apache.http.headers - >> Accept-Encoding: gzip,deflate
12:44:18.750 [main] DEBUG org.apache.http.wire -  << "HTTP/1.1 200 OK[\r][\n]"
12:44:18.750 [main] DEBUG org.apache.http.wire -  << "content-type: application/json[\r][\n]"
12:44:18.750 [main] DEBUG org.apache.http.wire -  << "date: Sat, 06 May 2023 05:53:04 GMT[\r][\n]"
12:44:18.750 [main] DEBUG org.apache.http.wire -  << "transfer-encoding: chunked[\r][\n]"
12:44:18.750 [main] DEBUG org.apache.http.wire -  << "content-encoding: gzip[\r][\n]"
12:44:18.750 [main] DEBUG org.apache.http.wire -  << "server: Fly/3f2597ca (2023-05-03)[\r][\n]"
12:44:18.751 [main] DEBUG org.apache.http.wire -  << "via: 1.1 fly.io[\r][\n]"
12:44:18.751 [main] DEBUG org.apache.http.wire -  << "fly-request-id: 01GZQSXX9W79DVMRJTVVM1E3FM-sin[\r][\n]"
12:44:18.751 [main] DEBUG org.apache.http.wire -  << "[\r][\n]"
12:44:18.751 [main] DEBUG org.apache.http.impl.conn.DefaultClientConnection - Receiving response: HTTP/1.1 200 OK
12:44:18.751 [main] DEBUG org.apache.http.headers - << HTTP/1.1 200 OK
12:44:18.751 [main] DEBUG org.apache.http.headers - << content-type: application/json
12:44:18.751 [main] DEBUG org.apache.http.headers - << date: Sat, 06 May 2023 05:53:04 GMT
12:44:18.751 [main] DEBUG org.apache.http.headers - << transfer-encoding: chunked
12:44:18.751 [main] DEBUG org.apache.http.headers - << content-encoding: gzip
12:44:18.751 [main] DEBUG org.apache.http.headers - << server: Fly/3f2597ca (2023-05-03)
12:44:18.751 [main] DEBUG org.apache.http.headers - << via: 1.1 fly.io
12:44:18.751 [main] DEBUG org.apache.http.headers - << fly-request-id: 01GZQSXX9W79DVMRJTVVM1E3FM-sin
12:44:18.751 [main] DEBUG org.apache.http.impl.client.DefaultHttpClient - Connection can be kept alive indefinitely
12:44:18.751 [main] DEBUG io.restassured.internal.RestAssuredHttpBuilder - Parsing response as: application/json
12:44:18.751 [main] DEBUG org.apache.http.wire -  << "331[\r][\n]"
12:44:18.751 [main] DEBUG org.apache.http.wire -  << "[0x1f][0x8b][0x8][0x0][0x0][0x0][0x0][0x0][0x4][0xff][0xaa]VJI,IT[0xb2][0x8a][0xae]V[0xf2]tQ[0xb2]24[0xb2][0xb0]0[0xd7]Q[0xf2]K[0xcc]MU[0xb2]Rr[0xcd][0xcb]/[0xca][0xcd]/-Vp[0xce]/)[0xc9][0xcf]Sp[0xce][0xcf]-(-I-R[0xd2]QrI-N.[0xca],([0xc9][0xcc][0xcf]S[0xb2]R[\n]"
12:44:18.751 [main] DEBUG org.apache.http.wire -  << "-Q[0xc8]KMN-.[0xce],I,[0xc9]L*-V([0xcb],ILU[0xc8],-JUH[0xc9][0xcf][0xc9]/J-V(J-H[0xcd][0xc9]I[0xcd]K)-V([0xce][0xcc][0xcd][0xcc][0xc9],,M[0xd5]S[0xd2]Q[\n]"
12:44:18.751 [main] DEBUG org.apache.http.wire -  << "([0xca]LNU[0xb2][0xb2]4[0xd4]Q[\n]"
12:44:18.751 [main] DEBUG org.apache.http.wire -  << "J,[0xc9][0xcc]K/V[0xb2]2[0xd1]QrN,IM[0xcf]/[0xca]L-V[0xb2][0x8a][0x8e][0xad][0xd5]A[0xb8][0xd0][0x2][0xee][0xc2][0x80][0xa2][0xc4][0xe4][0x92][0xcc][0xe4][0xc4][0x1c][0x5][0xdf][0xc4][0xa2][0xa4][0x9c]T[0x85][0x90][0xc4][0xa4][0x9c]T[0xc][0xf7][0x85][0xa4][0xe6][0x16][0xe4][0x17][0x81][0x1d]V\[0x9a]W[0xa2][0x90]X\[0x90]Z[0x94][0x9]r[0x15][0x92][0xfd][0x16]FH[0xf6][0x1b][0xe3][0xb3][0xdf][0x12]nPiqIf[0xb2][0x82]{Qb^fI[0xaa]BpF~j1[0xa6][0xed][0xf9]%[0x89][0xb9][\n]"
12:44:18.751 [main] DEBUG org.apache.http.wire -  << "[0x85][0xa5] [0xfb]S[0x12]s[0x15][0xca]Rs[0x90][0xac]51#[0xd2]ZK[0x3][0xb8][0xb5][0xc1][0xf9]y[0x95][\n]"
12:44:18.751 [main] DEBUG org.apache.http.wire -  << "[0x1][0xc1][0xa6][0x18]V[0x15][0xe4]$V*d$[0x16]+[0xe4][0xe5]+[0xe4]d[0xe6]f[0x96][0x80]\[0x3][\r]_#KK$[0x9b][0xf0][0x5][0xb0][0xa5][0x11][0xdd]l2[0xa6][0xa6]M[0x86]x"[0xcd][0xd2][0x94]n6[0x99][0xc1]mr-J[0xcf][0xcf][0xcb][0xcf][0xcd]LV[0x8][0xcf][0xcf]OI[0xcd]Sp[0xcf][0xc9]/[0xc3][0x92]B[0x82]3s[0xb2][0x11][0x19][0xc1][0xd8][0xd2][0x18]9M[0x98][0xe2][0xf3][0x15]"[0xb3][0xba][0xe7][0x17][0xa5][0xa7][0x82]2+[0xc8]0\[0x16]A22[0xc2]*3[0xb]Cc[0xa4]Da[0x80][0xcf]*D[0xae]sL-[0xca]O[0xa9][0xcc]K[0x4]y[0xc][0x9a][0xef][0x82]32[0x8b]J0[0x92][0xa3]gQ~[0x1e][0xc2]2[0xb][0x13]S[0xe4],[0x86][0xd7]_[0x88],[0xe6]RZ[0x4][0xca][0xd3][0xf0]<[0xe6][0x94][0x98][0x8e]a[0x8f]s~^rQj[0x9]([0xe3]C[0x13][0xbb][0xb1][0x85][0xa1][0x1][0x92][0xc7][0xf0][0xa4]vK[0x3]D[0xbe][0x82][0x87]a@bAj[0x11][0xee][0xf2][0xe][0x12][0x9b][0x8][0x9f][0x99][Z[0x98][0x10]k[0x1b]U[0xf3][0x16][0x9e][0x8][0xb3]40[0x81][0xa7]C*[0x94][0x17]xb[0xcb][0xd2][0x80][0xaa]y[0xb][0xaf][0x9f][0x10][0x89][0xd0]#5[0xb1][0xac]R[0xc1][0xa5][0xb4][0xa4]R![0xb8]$55G[0xc1]#[0x11]3[0x1][0xa2]G[0x94][0x99][0x81][0xa9]9RD[0xe1][0xb5][\n]"
12:44:18.751 [main] DEBUG org.apache.http.wire -  << "3[0x9]BSEFb&f[0x15][0x8]v[0x3]"E[0x98][0x99][0x1a]"Wg[0xf8],[0x2]%Th[0x85][0xeb]X[0x9e]Z[0x9c][0x9f][0x9b][0xaa][0xe0][0x93][0x9a]X[0x92][0x1]J[0x80]9[0xf9][0xc9][0xa0][0x82][0x1][0xb5][0xb6]E[0xcd]U[0xe6][0x86][0x16]DfaK[0x90][0x93][0xa0]6[0xc1][0xab]v[0xa7][0xa2][0xfc][0xbc][0xaa]T[0xdc]I=[0xa8]4)[0x9]\[0xe3]C3[0x96][0x5][0xd1]%[0x86][0xa5]!"[0xa9]C[0xeb]I[0x9f][0xcc][0xbc][0xd4]<[0x85][0x80][0x9c]DpVE[0xf5][0x15][0xba]E[0xc6][0x86]&[0xa6]DF[0x15][0xa8][0xc][0x83][0xfa][0xcb]75%3?[0xb9][0x8][0xe4]!H[0x91][0xa0][0xe0][0x8c]5[0xc][0xc1].AD[0x97][0x89][0x99]!r[0x91][0x8b]7[0xba][0x90][0xb2]Ue^jQz&[0xb8][0x9][0x0][0x8a][0x14][0x5][0xec][0xa5]`@N"H[0x9][0xc2]6Sc[0xb][0xe4][0xc2][0x9][0xaf]m[0x88][0xac][0x85]\[0xea]B[0xca]q[0x5][0xef][0xbc][0xcc]4P[0xa1][0x87][0x1a][0x92]X[0xec]3%:[0x89] */d[0xfb][0x1c]sJs3[0xf3]Js[0x15] [0xa5]/[0x0][0x0][0x0][0xff][0xff]"
12:44:18.751 [main] DEBUG org.apache.http.wire -  << "[\r][\n]"
12:44:18.752 [main] DEBUG org.apache.http.wire -  << "6C8[\r][\n]"
12:44:18.752 [main] DEBUG org.apache.http.wire -  << "B[0xb5][0xf][0x9a]Z[0x91][0xfc]giL[0xb4][0xff][0x10][0x15][0x18]r[0x86][0xce][0xcc][0xc9]V[0x8]O[0xcc][0xc9]I[0xc5][0xcc][0xd2][0x90][0x4][0x8b][0xb0][0xcc][0xd2][0xcc][0xc0][0x82][0xd8]t[0x82](=0[0x1a][0x8e]8l[0xc3][0xf0][0x9b][0x85][0x99]!rQ[0x8f]7[0xee][0x10]%[0x8]rXBkL[0x1c][0x16]:[0xe7][0x17][0x14] [0xe7]7K3C[0xe4]f[0x1b]>[0xfb][0x8c][0x10][0x15][0x19][0xac] [0x81]&[0x5][0x5][0xe7]D[0xcc][0x12][0xb]= [0x8d][0x8d][\r][0x88]-[0xb2][0x8c][0xc][0xe1]U[0xb][0xcc]&HI[0x8b][0xab][0xdd][0x1]j[0x93] [0xa2][0xcc][0x94][0xf8]R[0xd8][0x8]Q[0x86][0xc0][0x8b],[0xa8]U[0xd8]3[0x1b]D[0x12]a[0x97][0x99][0xb9][0x19]r[0xa3][0x3]o[0xf8]![0x1a][0xa3][0xf0]b$<??[0x7]G[0x11][0x82][0x1e]~[0xa6][0x16]&D[0x87][0x1f][0xa2][0xc][0x81][0xdb][0x4]1[0xe]G[0x17][0x2][0xdd]W[0xc6][0x6][0xa6][0xc4]&z#D[0x9][0x2]-[0x85]!I[0xc][0x87]M[0xd0][0x14][0x83][0x8]@c#[0xa2][0xab]L#D[0xe1]A[0x85][0x16][0x7][0xde][0xa8]B[0x14][0x1b][0x88][0x9c][0xc][0xa9][0x9e]q4[0x3]r[0x10]>[0xb2][0xb4][0x4]U[0xb9][0xf0][0xae]&^{[0x10]%[0x6][0xbc]m[0x8][0xeb][0xec]a[0xaf][0xc6][0xa0][0xb2][0x8][0xdb][0xcc][\r]-[0x89]mr[0x18]![\n]"
12:44:18.752 [main] DEBUG org.apache.http.wire -  << "[0xc][0xcf][0xbc][0x92][0xd4][0x9c][0x9c][0xcc][0xf4][0xd4][0xbc][0x12][0x5]h[0xca][0xc0][0x96][0x87]1l351%[0xb6]"[0x3][0x95][0xd1][0xd0]Z[0x13][0x9e][0xb5][0xc0][0xad][0x18][0x5][0xa7][0xfc][0x92][0x12],[0xbd]hP[0x15][0x87][0xf0][0x97][0xb1][0x85][0x1][0xb1][0x95][0x8a]1[0xa2][0xb8][0xf0][0x4][0xd5][0xca])[0x99][0xa0][0xae]:4[0xa5])8cmO[0xc1]j[0x1c][0x84][0x85]F[0x6]DG[0x9b]1[0xa2][0xd4]@$[0xf]h[0xb2]w[0xce][0xc7][0xd2]N[0x84][0xba][0x5]a[0x99][0xa5][0x99][0x9][0xb1]U[0x98]1[0xa2][0xd8][0x8][0xce]IM[0xcd]V[0x0][0xb7]-[0x14][0xb0][0xda][0x83]Z[0xe][0x1a][0x9b][0x1a][0x11][0x1d][0x84][0x88][0x12][0xc3]'3=[0xa3][0xa4]<[0x15]D[0xc2]F=[0x9c]R[0xf3][0x92]3[0x88][0xa8][0x97][0xcd]A[0x5]7Q[0x9][0xdf][0x18]Qj[0xc0]K(hbS[0xf0]N[0xad]L[0xca]O,J[0xc1][0xb0][0x10]TX"[0x82][0xd0][0xc8][0xc8][0x84][0xd8][0x9a][0xb][0xd4][0xdf][0x85]&E[0xe4][0x9a][0x12][0x14]Z[0xb8]m[0x3]gw[0x84]u[0xe6][0x16][0xc4][0xc7][0x18][0xa2][0xf4]@jt@[0xab]z[0x1c][0xe5]"z[0xf3][0xd4][0xd2][0x8]4PF\X"[\n]"
12:44:18.752 [main] DEBUG org.apache.http.wire -  << "[0x11]$[0xeb]`}V\[0xb9][\r][0xdd]B33P[0xfd]N[0x9c][0x85][0x88]r[0x4]^j[0x81]2/q[0xb5][0xb3][0x85][0x5][0xd1][0xed][0x0]P[0x88]C[0xe3][\r][0xd6]M[0x87][0xe6][0xb2][0x80][0xc4]<[0xf0][0xd8][0x13]jK[0x11][0xbd][0x1a]325#[0xb6][0xb4][0x2][0xd5][0xad]P[0xab][0xe0][0xa5][0x15]$[0x88]p[0xb4][0xba][0xa1][0xd1][0x89]H [0xa6][0x86][0xc6][0xc4][0xb6][0xdc]L[0x10][0xe5][0x87][b^[0x9][0xb8][0xf9][0xe][0x1b][0xc2][0xc1][0xd6][0x2][0xc6](>,,[0x88]nq[0x9b] [0x8a][0xf]h[0xfd][0xc][0xca]F8[0xda][0x1c][0x10][0x1f]#[0xfc]db[0x8][0x1a][0x15]$*Q[0x98] J[0x90]`[0xa4]~[0xb][0xac][0x9c][0xc5][0xda]}F[0xcb]bf[0x6][0x96]D[0x87] [0xa2][0xfc]@[0xae][0xca][0xc0]9[0x1a][0xfb]()([0x81]"<fd@t=[0x6][0x1a]@[0x85][0xa6][0xc]Dd[0x81]LS[0xc0][0x9e][0x8][0xd1]<eabAl[0xb3][0xcd][0x4]Qn [0xd7]c[0x90][0xb1]""Z[0xd8][0x16]F[0xa0][0xb1]&[0xe2]b[0xb]Qf Y[0x5][0xe]>[0xec][0xed][0xe][0x90][0x14]"[0xf8][0xcc]L@[0xd1]M[0x9c]M[0x88][0xc2][0x2][0x9e][0xb1]`%=[0xf6]z[0x5]#[0x17][[0x80]j[0xb][0xa2],3[0xc5][0xec][0xa2][0x80]c[0x8a]p[0xa3][0xcd][0xd8][0xdc][0x94][0xd8][0xda][0xc4][0x14][0xd1][0xdc]@[0xc][0xc0][0xc2][0x8b][lV[0x81][0xdc][0x80][0x8]<K[0x13]c[0xa2][0xad]Bd*x5[0x9]N_8[\n]"
12:44:18.752 [main] DEBUG org.apache.http.wire -  << "%XnCXfjFtB7E[0xe4])hI[0x1][0x8a]t[0xac][0x19][0x17][0xd5]CF[0x96]f[0xc4]6AA[0x8e][0x81]f&[0xa4]t[0x7]K[0xf][0xe1][0x89]%X[0xda][0x19][0x18][0xa5][0x9f][0x99][0x1][0xca]p([0xbe][0x6]6[0xa8]o[0x1][0xb5][0xf]^U[0xc1][0x6]7p53[0xc0][0x8d]TD[0x8][0x9a][0x19][0x99][0x11][0xdb][0x17][0x2]u[0x9a][0xa0][0xb6]![0xf9][0xe][0x12]a[0xd8][0xca]uHe[0x86]d[0x95][0xb1]1[0xd1][0x1][0x89][0xc8]V[0x88]R[0x9][0x16][0xfd][\n]"
12:44:18.752 [main] DEBUG org.apache.http.wire -  << "[0xd8]3[0x16][0x9a][0xc7]LM[0x89][0xce][0xc4]f[0x88]|[0x85]\[0xb8]CC[0x12][0xfb][0x10][0x18][0xa4][[0x81][0xf0][0x9c])[0xea][0x4][0x11][0xbe]X3C[0xe4]0X[0xbd][0xf]K"8J'[0xd0][0x8]-[0xc2]*cC[0xa2][0x7][0xc0]@[0xbd]wh[0x94]A[0x13]="[0x10][0xb1]wS [0x9e]FXfb[0x2][0x1a][0x1f]$[0xaa]x2C[0xe4]0xY[0x8][0xca]J8[0x6][0xda][0xd0]C[0xd0][0xc4][0xd8][0x9c][0xd8][0xe4][0x1]J[0xb2]Po[0xc1]m[0x82][0xa4]6[0x1c][0xc3][0xa3][0xa0][0xac][0x8e][0xf0][0x93][0x85][0x19][0xd1][\r]'sD[0xd2][0x80][0xdb][0x4])[0xc1][0x15][0xb0]ggXI[0x89][0xb0][0xcd][0xd8][0x98][0xe8]!fsD[0xcb][0x9][0xd2][0x19][0x82][0x8e]va[0x1f][0xa9][0xc4][0xb4][0xca][0xd2][0x1c][0xe4]^[0xa2]"[0xcb][0x1c]Q[0xf6]"[0x17][0xf3][0xe0][0x99]j[0xec]cC[0x98][0xd6][0x19][[0x80][\n]"
12:44:18.752 [main] DEBUG org.apache.http.wire -  << " [0xe2][0xac]C[0x1a][0xdc]@j?A[0xb]?\[0xad]xXbE[0x4][0xa6][0x85][0x1][0xf1]Q[0x87]h[0x4]@[0xd3]>81bo?A3 [0xc2]"c[0x13]cb[0xcb]EPn[0x84][0xa6][0xc6][0xe0][0xdc][0xc4][0x9c][0x1c][0xf8]d[0x1b][0xf6]pDO[0xf7][0x96]&[0xa0][0xb9]&[0xa2]B[0x11][0xd4][0xd6][0x82][0xda][0x4][0xf5][0x12]4[0xd5]c[0xb7][0x9][0x92]P[0x91][0xfc]dJt[0xbb][0x1a]4[0x9d][0xf][0xb5][0x9][0xb9][0x5][\n]"
12:44:18.752 [main] DEBUG org.apache.http.wire -  << "[0x8b][0x10][0xec][0xfd]s[0x98],[0xc2]F[0xb]SPaG[0x9c][0xdf][0x10]-y[0xa4]~[0x1e][0xb8]P[0xc7][0xd1][0x14][0xc5][0xf0][0x1e][0xf1][0xa9][0x1f]T[0xc3][0xc2][0xbd][0x97]\[0x94][\n]"
12:44:18.752 [main] DEBUG org.apache.http.wire -  << "[0x1d]S[0x1][0xb7]Eq[0x8c][0xdf][0xa0][0x16]!F[0xe6]f[0xc4][0xe]>X [0x8a]E[0xe4][0xee]9,;[0xe1][0x1a][0xa9][0x7]%VD@[0x1a][0x93][0x90]H[0x10]Y[\r]5[0x91]`o[0xd0][0x83][0xc7][[0x10][0x16][0x99][[0x80][0xc6][0xd1][0x88][0x88]1cc$[0x8f]E8[0xf9]G[0x18]b[0x8c]h L5AY=[0x81]^9[0xc2][0xd6][0xa6][0x98]"uS[0xdd][0x13]s3[0xf3]0[0xe7][0xaa][0xdd][0xf2][0x8b][0x14][0xd2][0xc1]R[\n]"
12:44:18.752 [main] DEBUG org.apache.http.wire -  << "[0x5][0xa5]E[0x5][0xf9][0xc5][0xa9][0xc5]J[0xb5]H[0xcb][,A[0xe3][\n]"
12:44:18.752 [main] DEBUG org.apache.http.wire -  << "[0xd0][0x98]E[0x1e][0xea][0x81][0xe6][0x13][0x1c][0xf5]+[0xca][0x2][0x2][0x13]KP3[0x8e][0x88][0x10]0[0xb2][0xb4]@[0x14]1H-"h[0xdf][0x19]GU[0x4][0xea][0x9f]"[0x2][0xc6][0xc8][0x8][0x94][0xa7][0x89][0xb2][0xc][0xd4]W[0xc5][0xe2]3H.[0xc0]Y[0x1b][0x81][\n]"
12:44:18.752 [main] DEBUG org.apache.http.wire -  << "t[0x84]u[0xe6][0xa6][0xa0][0x16][0x1]q[0xd6]![0xea]"D[0x13][0xc]Z[0x1f]ao[0x80][0xa1][0xa5]$K[0xb][0xa2][0xb3][0x88]%"[0xef][0xc3][0xdb][0xb1]A[0xe0][0xa9]S<[0x3]X[0xe8][0xf3][0x82][0xc6]fF[0xc4][0xe][0x87][0x80]:[0xe2][0xd0][0xa0]D.[0xdd]@Y[0xe][0xeb]d[0xf]4F[0x11][0xe1]hj[0x0][0x9a][0xb5]'.[0x1c][0x11][0xd9][0x1f])[0x8d]@[0xeb][0x1b][0xec][0xb6][0x81][0xe6]y[0x11]v[0x19]Y[0x80][0xda][0xa7][0xc4][0xd9][0x85][0xc8][0xfa][0x90][0x9a][0x8][0x1c]%8[0xda][0xcb][0x98][0xa5][0xb5]1[0xf1][0xc3][0xb6][0xa0]Qyh[0x8]"[0x95][0xd6][0xd0][0xb4][0x88]=[0x97][0xa1]&|[0xb]K[0xa2]'[0x1e]-[0x11][0xb9][0xc][0x91][0x12][0xa1][0xc9][0x3][[0xbf][0x3][0x92]H[0x11][0x1]hl[0x1][0x1a]d[0x86][0x7] [0xbe][0xd5],[0xa0]b[\n]"
12:44:18.752 [main] DEBUG org.apache.http.wire -  << "[0xea]-[0xa4][0xc8][0x82]TB[0xd8][0x13]=[0xac][0x18]GXgn[\n]"
12:44:18.752 [main] DEBUG org.apache.http.wire -  << "[0x1a][0x0][0x83][[0x87]{[0xe9][0x87][0xb1][0x1]h@[0x3]n[0x1d]b[0xca][0x2][0x16]38[0xba][0xc1][0xe8][\r][0x8]3[0xd4][0x19][0x19][0xdc][0xfe]360@dj$[0xff]A[0xa3][\r]{[0x83][0x16]=4M[0xcc][0x88][0xec][0xdf][0x1b][0x1b][0x80][0xda]5X[0xbc][0x7]1[0x11]G[0xaf][0x0][0xda]"D[0x4][0xa7][0x91][0x99][0x11]q[\r]1cp[0x9e][0x84][0xda][0x7]i>[0xc3][0x3][0x12][0xfb][0xc2]F[0xb4]*[0xdd][0x94][0xc8][0x14]il`[0x80][0x94][0xcf][0x90]Z[0xb3][0x90][0xdc][0x86][0xbd][0x81][0x89][0xd4][0xaf][0x2][0x0][0x0][0x0][0xff][0xff]"
12:44:18.752 [main] DEBUG org.apache.http.wire -  << "[\r][\n]"
12:44:18.753 [main] DEBUG org.apache.http.wire -  << "6E7[\r][\n]"
12:44:18.753 [main] DEBUG org.apache.http.wire -  << "[0x2][0xaf][0xd7]42[0x0][\r][0xdb][0xc3]S[0x9][0xde]HCt[0x86]a[0xf3][0xc5][0xe0][0x92][0xca]'1[0xb7][0x0][0xa3][0xce][0x5]w[0xc7][0x11][0xa1]ga[\n]"
12:44:18.753 [main] DEBUG org.apache.http.wire -  << "[0xea][0xb5][0xc3][0xad]A[0xaf]y[0x11]5[0xa7]1x~[0x8][0x16]z[0xe0]f,[0xc4];8[0x16][0xdd]a[0xc4][0x93])[0xb1][0xd5][0xa6][0xb1][0x1][0xd2]J[0x1a][0xb4]x[0xc2][0xde][0x8e]E[0xf7][0x13][0xb1][0xe3][0x8][0xc6][0x6]H[0x8b]h`A[0x7]-8[0xb0][\r]dA[0xb]eD[0xe8][0x19][0x81]W[0xe1][0x10][0x17]z[0x88][0xfe][0x14]R[0x81][0x8][0x89]u[0xdc][0xeb][0x83]0l$[0xba]kjl[0x0]Zs[0x3][0x8b]/[0xca]W[0xb4][0xe2]M[0x19][0x88][0x91][[0x9a][0xce]L[0x1b][0x1b][0x18]"[0x8a][0xfa][0x80]`[0x5][0xcc][0x15][0xba][0xe9][0x89][0xb9][0xa9][\n]"
12:44:18.753 [main] DEBUG org.apache.http.wire -  << "[0xa6][\n]"
12:44:18.753 [main] DEBUG org.apache.http.wire -  << "[0xc5]%[0xe0][0xf1]bhV[0xc2][0xdf][0xb8]DI[0xe2][0x88][0x9c][0x4][0xf1][0x88][0xa1][0x11]F[0x6][0x82]/[0x2]F_[0x1]l[0xc]*[0xad][0x89]J[0xb][0xa0][0xa9]&[0xe4][0x98])03[0xc3][0xb0]&9?)1[0x11]D R[0x1b][0x9][0x16] F[0x90][0x9c][0xf3][0x93][0x12][0x15]RJsJ1l[0xc8][0xcc][0xcb]T[0xc8]H[0xcc][0xab]LT(H-[0x2][0xd9][0x94][0x98][0xa7]P[0x90]_[0xc]Z[0x13][0x4][\r]8SKKP[0x85]G[0x9c][0x9f][0x10]5[0x7]-b[0x6]4[0x95][0xb][\r]2[0x9a][0x18][0x8f][0xc8][0x9d]![0x89][0x98]A[0x5][0x8f]s,[0xb][0xbf][\r][\r]0[0x0]Q[0xb][0xa6][0x8c][\r]@[0xf5][0x16][0xd4]O[0x1e][0x5][\n]"
12:44:18.753 [main] DEBUG org.apache.http.wire -  << "a[0x99]e[0xf9][\n]"
12:44:18.753 [main] DEBUG org.apache.http.wire -  << "[0x91]F[0x98][0x9].7573'3;S[0xa1][0xb8] [0xb5]83-3;[0xb1]8S[0xa1]21/]![0xb1] [0x13][0xb4]~[0x11][0x1a][[0xa0][0xe6][0x2][0xb8][0xc5]@\|![0x92]:[0xfd]|[0x8c][0xb4]T[0x81][0xfe]>FZ[0xb6]0[0x0][0x96]#z0%[0xa9][0xc5][0xa0]m[0x18][\n]"
12:44:18.753 [main] DEBUG org.apache.http.wire -  << "[0x5]E[0xf9])[0xa5][0xc9][0xa0][0xec][0x86]:[0x8d][[0x92][0x91]Y[0xac][0x90]Y[0xac]P[0x92][0x91][\n]"
12:44:18.753 [main] DEBUG org.apache.http.wire -  << "S[0xa3][0x90][0x82][0xb4]![0x4][0xbe][0xa5][0x3][0x9c][0xf2][0x88]Lk[0xa0][0xc9]YhZ[0x3][0x97]lf[0x6][0x6][0x6][0x18]%[0x2][0xbe]dnJtI[0x0][0x9a][0xae][0x82]Z50^E4[0xbe][0x6][0xc6]~[0xba][0xd5][0x86][0xa0][0x11]HhH[0x83]#[0x95][0xe4]=+D[0xd7]X[0xa0]&=[0xd4]&[0xfa][0xe7][0x1d][0xa4]u[0x10][0x3][0x12][0xa1]H[0xa3]N[0x3]c?[0xa2]j[0x1d][0x18][0xfb][0x11]e[0x17]dh[\r][0xa3][0xe0]H[0xc3]2[0xea][0x6]/[0xa6][0x88][0x9d][0xf8]26[0x0]M[0xc8]AS[0x19]l[0xe2][0xb][0xdc][0x91][0xc1][0xbe][0x86]-(53935/%[0xb3]X[0xa1]85E!3[0xaf],5[0xaf]$[0xbf](U!3/93[0x5][0xb4][0x11]-[0xb5]D![0xb1][0xb4]$5[0x17]i?[0x18][0xb1]k[0x4][0x8c][\r]@[0xeb][0xe3][0xa1][0x8e][0x19][0x98]PG[0x14]c[0x3][0x90][0xe5][0x10]e[0x18][0xd5]<O[0xdc][0x8a]?c[0x3][0x13]D[0x1b][0x9f][0x90][0xdd][0x88][0xb6]1[0xa8].$[0xb2]*[0x4][0xad][0x9b][0x1b][0xc8][0x88]EZ[0xa5]A[0xc8]4i[\n]"
12:44:18.753 [main] DEBUG org.apache.http.wire -  << " -[0xe0][0xa0][0x9a][0xfd][0xc4][0xc6]-h[0x8b][0x1a][0x91]aOV[0xdc][0x82][0xe6][0xaf][0x88]4[0x9f]6a[0x8b][0xe8]GP-lAI[0x9b][0xe8][0xf0]E[0xc]&S[0xcd]~[0xa2][0xed]F[0x14]X[0x84][0xec]&/niP&[0x91][0x14][0xb6][0x88]r[0x89][0xb6][0xd5] h)[0x16]4[0x11][0xd3][0xd6]"[0xd0][0xbc][0x1][0xd4]"B1F[0x93][0xdc][0x2][0x9a][0xfb][0xa5][0xb6][0xfd][0xc4][0xa6]V[0xd0]<[0x17][0x91]v[0x93][0x95]ZAs[D[0x9a]O[0x9b][0xb0][0xa5]QIDd%[0x8b][0xb4][0xd6][0x87][0xbc][0xae][0x9][0xd1][0xdd]M[0xd0][0xe2];h@[0xd3][0xda]&D[0x1][0x10][0xe1][0x94]_[0xa1]0[0x18]&[0xb4][0x8d][\r][0xcc][0x11]c}[0x3][0x92][0x89][0x91][0xd6]$Q[0xcd]~b3[0xb1]9[0xa2]gB[0xc8]n[0xb2]21[0xd2]"(B[0xe6][0xd3]$[0x13][0x9b][0xd3][0xa0]:[0x7]UyDfb[0xa4][0x85]K[0x3][0xe2]}[0xd0][0xd2][0x7]h[0xd6][0xa6][0x9a][0xfd][0xc4]&-[0xa4][0x5]N[0x84][0xec]&+i[0x81][0xd6][0xfc]Q[0xdb]o[0xa0][0xa8]%[0xda][0x3][? -V![0x14][0xbc][0xb4][0xc8]YF[0xa0][0xad]Z[0xd0][0xe0][0xa7]m[0x1b][0xb]t[0xee][0xe][0xd4]"[0xaa]y[0x94][0xd8]8F:i[0x86][0x90][0xdd]8[0xd3]0[0xbe][0xe5][0x9]H[0xcb]r[0x8][0x99]O[0x8b]H[0x4][0xef][0x97][0xa1]v[0xd8][0x82][0xf2][0x10]q[0xc5][0xa3]!h[0xf4][0x94][0x16][0xd6][0x13][0x19][0xbd][0x86][0xa0][0x8d]d[0x3]j?[\r][0xc6]%[0x89][0xf6];mk~C[0xa4][0xa5])[0x3][0x91][0xb4][\r]A[0xcb][0xc7]h[0x11][0xb7]D&m[0xa4][0x15][0x18][0x3][0xe2]}[0xa4]u[0x19][0xb4]m[0xd4][0x1b][0x82]v/@[0x3][0x9a][0xd6]6!j\Z[0xdb][0x84]h6[0xd2][0xda]&[0xc4][0x98][0xf][0xad]mB[0x8c][0xfe][0xd0][0xda]&D7[0x8f][0xd6]6![0xe6][0xe0]il[0x13][0xfa][0x8a][0x13][0x92]g[\n]"
12:44:18.754 [main] DEBUG org.apache.http.wire -  << "[0x89][0xed][0x8e][0x1b]"5[0xac]h[0xed]'D[0xf5]Ck[0x9b][0x10][0x95][\r][0xad]m[0xa2][~2B[0xe4][0xa7][0x1])[0xe1][0x91][0x16][0xbf]P[0xcd]~b[0x1b][0xf][0xa0][0x1d][0xc][0xd0]2[0x9f][0x90][0xdd]8[0xdb][0xc5]x[0xd6][0xc3][0x19]"[0x9d][0xfd]A[0xe3][0xf4][0x82][0xb4][0xa0][0x86][0x90]Oh[0xd1][0x2]7DZSCU[0xfb][0x89]l[0xa6] -K[0xa0][0xaa][0xf5][0xc4]&$[0xa4][0x95][0x9]4[0x8e]h[0xa4][0xa9]qZ[0xdb][0x84]([0x82]h[0xb0][0xd2][0xce][0x10]i[0xf6][0x13][0xb1][0xaf][0x10][0xba][0xcc][0x15][0xd7][0x9][0x1a][0x81][0xa5][0xa0][0xe5]P[0x88]Sf[0x13][0x8b][0x8b]KsS[0xf3]R[0x12][0x15]Jsr[0x12][0xc9][0x9a][0xde]7D[0x9a][0x5][0xa5]q[0x80]"[0xcd]y[0x6][0x4][0x9b]`[0xac][0x9d]((6QHJ,[0x2]-:DZ[0xc8]Gd[0x6][0x18][0xe0][0xf9]NCSD[0x9b][0x96]j[0x19][0x90][0xd8][0xcc][0x87][0xb4]a[0x9f][0x90][0xdd]d[0x95][0xe2][0xa0]]^D[0xd6][0x12]4)[A{gia?[0x91]Ik[0x80]'[0xb0][0xc][0x91]f[0x90][0x8]E/M[0x82][0x1f][0xb4][0x8f][0x98][0xda][0xc1]Ol[0xd2]F[0x9a][0xd3]"[0xe4]w[0xb2][0x92]6[0xd2][0xfe]xB[0xe6][0xd3]&l[0x11][0x1d][0x1f][0xaa][0xda]Od[0xd2][0xa6][0xd5][0xb4][\n]"
12:44:18.754 [main] DEBUG org.apache.http.wire -  << "[0xb1][0xd1][0xb]:[0xc7][0x0][0x9a][0xb4]hQ[0xc5][0x9a]#u`[0x91]v[0x1f][0x81]w[0xc9][0xe0][0xd8]U[0xe5][0x9f][0x9b][0x7]]FW[0x8][0xaa]k[0x93][0xf3][0xf3][0x8a]S[0xb]K[0x13]KJ[0x8b][0x14][0x92][0xf3][0x8b]@[0xa7][0xbb][0x83][0xe]=O[0xca],V(J[0x4][0x9d]J[0x8f]|[0xb2]<[0xd1]K[0xea][0xc][0xcd][0x11][0xd1]N[0xb]#MWQ[0xa1]J[0xc7][0xb3][0xe3][0xca][0x10]ib[\n]"
12:44:18.754 [main] DEBUG org.apache.http.wire -  << "[0xb2]A[0x9][0xba]i[0x8][0xfb][0xd6].[0xc7][0xd2][0x12][0x85][0xd4][0xe2][0x12][0x85][0x9c][0xc4][0xa4][0xfc][0xa2][0xd2]\[0x85][0xe2][0xc4][0x82][0xcc][0xd4][0xbc][0x92]TD[0xd0][0x82]W)[0x82]V1[0x92][0xb3]R[0xd1][0x10]i[0xaa]*/17[0x11][0xb2]h[0x1c][0xb4]1[0x0]u]y6[0xf4][0xc4][0x84]<[0xb4][0xbd]Al[0xb2]E[0x9a][0xb2][0xa2]I[0xf4]![0xda][0x12][0xd0]}[0xe9][0xd0]=d[0xb8]v[0xc0][0x7][0x83][0xd6]x[0xe6]%[0x82][0xf][0xff]O$/[0xe4][0x10][0x3]e[0xc8][0xfb]|[0xa1][0xbb][0xb2][0xb0]o[\n]"
12:44:18.754 [main] DEBUG org.apache.http.wire -  << "[0xf4]K,)-VH-Q([0xce][0xcc]+![0xcf]VD[0xb][0x9b][0xaa][0xa5][0x1f][0xd1][0xf1]8[0xc0]][0xa4]][0xf1]H[[0xe1]`[0x91][0x8d]m[0xe3]]X~NiAIbIj[0xb1]B[0x9][0xa2][0x1b][0x90]Z[0xa2][0x90]Z[\n]"
12:44:18.754 [main] DEBUG org.apache.http.wire -  << "[0x8e]}[0x85]R[0xf0]J_[0xf2]b[0x3]Q([\r]Hl[0xd0]c&[0x14]_YF[0x8b][0x9]J[0xd0]$[0x1a]rj[0xc4]3[0x89]h[0x88]4I[0x9][0xdb][0x82][0x9][0xda]w[0x8b][0xe3]t[0x4]G[0xd0][0xdd]"y[0xe0][0x8a][0x9][0xbe][0xcc][0xbb][0xb0]4S![0xaf]4[0xb7][0xb0][0x94][0xcc][0xae] =[0xa6]1[0xf1][0x86][0x0]F[0xc1][0x7]=O[0x0][0xc7]a[0x99][0x9e][0xb9][0x5][0xa9])[0x99]%[\n]"
12:44:18.754 [main] DEBUG org.apache.http.wire -  << "E[0xa9][0xa0][0xda][0x4]v[0x1][0xc][0xb8][0xe2][0x6][0xd5][0xda][0x99][0xe0][0xdc][0x0][0xef]"[0x83]k[0x1d][0xf2][0xea]k[0xa4][=[0x6]&k [\n]"
12:44:18.754 [main] DEBUG org.apache.http.wire -  << "J[0xc4][0xc6]~h[0xe1][0x8c][0xfd][0xd4]-[0xa4][0xab]h[0x8a]R[0xb]JS2[0x13][0xf3]R[0x12]S)j[0xb4] [0x9d]d@[0xb3]@[0xc0][0x9b]:[0x10][0xad]9[0x9a][0xd9][0x8f]o0[0x13]4[0xf2][0xf]m[0xac][0xe][0x84][0xfd][0xe0][0xd6][0xe5][0x80][0xda]O[0x83][0xf5]u[0xc8]e#f[0xd8][0x3][0x0][0x0][0x0][0xff][0xff]"
12:44:18.754 [main] DEBUG org.apache.http.wire -  << "[\r][\n]"
12:44:18.754 [main] DEBUG org.apache.http.wire -  << "4D2[\r][\n]"
12:44:18.754 [main] DEBUG org.apache.http.wire -  << "[0x82][0xdd][0xc5]dl[0x84]t[0x1c][0x3][0xa1][0xb0]'[0xa7][0x1f]h[0x4]:cz [0xc3][0x16]t[0xf8]>[0xd4]~[0x9a][0xae][0xc2]1[0xa2][0xd5]t>q[0x1d]N#[0xd0][0xd1][0xda]P[0x12][0x8a]GZ[0xf4][0xb7][0x8d][0x90][0xa6][0xd3]if?[0x9e]2[0xcc][0x8]i[0x92][0x9d]f[0xf6][0xe3][0xcb]G[0xa0]K%[0x6]4[0xfc][0x11][0xfd][0x8c][0x81][0xf1]?[0xa2]"[0xa5]B[0xcf][0x18]oH#j+[0x1a][0xdb]D[0xb7])m#[0xa4][2[0xa8][0xe0]'<mq#[0xa4]S[0xe]h[[0x1e][0x1a]![0x9a][0x9c]T[0xf0][0x12][0xbe][0x4][0x81]tA[0x6][0xad]mB$[0xf2][0xcc][0xbc][0x94][0xfc][0xdc]L[0xcc][0xbb]{[0x12][0xb3]K[0x15][0x8a]K[0xb3][0x13][0x15][0x10][\n]"
12:44:18.754 [main] DEBUG org.apache.http.wire -  << "[0xa0]c FD[0x9f][0x9c]`[0x84]4s[0x8e]0[0x6]u[0xa8][0x85]:[0xf6] e[0xa5][0xc4][0xdc][0xe2][0xd2][0xbc]t[0x85]`#c[0x85][0xd0][0x9c][0x92][0xa2]D[0x8c]Y$[0xa4][0xea][0xdf][0xcc][0x80][0xb8][0xf3][0x95][0x8d][0x8d][0x90][0xe6][0xc1]i[0x1c]7H[0xf3][0xd4][0xc1][0x4][0xfd][0xe2][0x9e][0x98][0x93]XQ[0x89][0xf0][0x11][0xb1][0xad]%[0xa4][0xc9]hZ{[0x87]^[0xb]B[0x8c][0x90][0xcf]m [0x18]p[0x88] 3$>[0x11] [0x1d][0xd7]@[0xeb]PCdPZ[0xdb][0x84][0x18][0xe1][0xa2][0xb5]M[0x88]L[0x1a][0x80][0xe3]<[0xf][0xd0]9;)[0xa9][0xc5][0xd9]E[0x99][0x5][0xc5][0x99][0xe4][0xe][0xbe][0x1a]!-u[0xa0]m[0xd5][0x80][0xb4][0xa6][0x81][0xc6][0x16]!:V4[0xb6][0x8][0xb1]P[0x8c][0xc6][0x16]![0x8a][0x5][0xd4][0x93]\A[0x97][0x8e][0xe1][0x98]y[0x9]K-[0x2]_[0xeb][0xb]9[0xc4][0x0]it[0x13]q[0x8b][0xae]BJfz^fqqfn~19C[0x9c]Ft[<b[0x84]th[0x2][0x8d]3[0x1e][0xd2][0xbd][0x14][0xb4][0xb6][0x89]n[0x85][0x9][0xd2][0xc9][0x7][0xb0]Z[0x12]R[0x17]*8[0x1a][0x93]vZ[0xf][0xd1]gn[0x80]o[0x11][0x82]v[0x8d]h0[0xa9]c[0x84][0xb4][0xdc]g@z>H[0xcb]|[0x6][0xc6]~D[0xd9]30[0xf6]#[0x8a][0xa4][0x81][0xb1][0x1f][0xad][0xa3]A[0xbb]s[0xa7][0x8c][0x90][0xd6][0x3]![0x97][0xbe][0xe0][0x13]d[0xb0][0x1e][0x85][0x9][0x9a]f@4[0x99][0x8c][0xcc]A-!b[0xce]N3BZ[0x19][0x84]|[0x1f][0x4][0xd8]&[0xa2][0xe][0xd1][0x86][0x1c]<I[0x9c]][0x88][0xd2][0x7]v&[0xe]d"[0x1f][0xfb][0xa1]8[0xd0][0x99][0x3][0x84][0xb7]L[\r][0x89]<[0xf2][0xdf][0xd8][0x8]t[0x12]([0xb4]([0x80][0xcd][0xc4][0xc0]N[0xaf][0xc5]q[0xc2]:t[0xce][0xe]a[0x9b][0x85][0x9][0xe8]0^[0xe2]<[0x86][0x98]wC[0xdc]"[0x7]9[0xba][0x16]GU[0x9]]%[0x88][0xb0][0xcd][0xc4][0x14]4[0x80]H[0x94]mHG[0x1d]@f[0xec][0xc1][0x91][0x85]5Y@[0xe6][0xf2][0x11][0xb6][0x18][0x81][0xd7],[0x12]g[0xb][0xa2]I[0x83]|[0xb8]8[0xc4]D\[0xab][0x1b]Q[0x93][0xa1][0xa9]%h:[0x8a]8[0xdb][0x10]e[0xb][0xfc]z[0x1c]h[0x18]a[0xbd][0xb6][0x6][0x12][0xb8][0x8][0x8f][0x19][0x83][0xab]k[0xe2][0xac]B[0x14]#[0xc8]y[0xb][0xea]1[0xec]I[0x11]rj0[0x92]u[0x16][0xa0][0xc2][0x98]8[0xeb][0x10][0xe3]ep[0x9f][0xe1][0xb5][0xb]rd0[0xc2].3[0xa2][0xcf][0xea]5"a[0xad][0x15]M[0xc6]f[0x7]x-[0x96][0x91][0x19]"[0x1f][0x82][0x1b]R4,[0xa1]A%[0x11][0xb4][0x80][0x19][0x90][0xca]h[0x80][0x8f]J0[0xa2][0xc5]Q[0x9][0xe8]S[0xed][0xf8][0xc6][0xe2]H8.[0x81]&I}[0x80][0x8f]S0[0x1a][0xe0]uF[0xe8][0xb][0xd4]h[0x98][0xd5][0x90]W[0xa8][0xd1][0xf4][0xf0]g#[0xa4]Ua[0xb4].?,[0xd0][0x1a][0x93]4[0xdb][0xc5]fdA[0xb7][0xa1]*[0xa4][0xfb]H[0xc0][0xc1]GC?[0xa1][0x15][0xf4][0xb4][0xb3][0x9]iI[0x11]b[0xdd][0x6][0xb4][0xad][0x88][0xab][0x15][0xe4]X[0x94][0x9c][0x91]Y[0x92][0x9a]\[0x92][0xaf][0x0][[0xd1]R[0xc]Z[0xdf][0x97][0xf]^[0x99][0x9a]ZL[0xd6]R;#[0xa4][0xc5]E[0xe0][0xd0][0xa5]a[0x8e][0x3]5[0xdb][0xa0][0x95][0x1b][0xc2][0xd3][0xd0]ke[0xb0][0xaf][0xb][0xf5][0xcb][0xcc][0xc8][0xcc]QHM[0x4]-[0xe]%k\[0xc7][0x92]n[0xf9][0xc1][0x92]n[0xf9][0x1]i[0xb9][0x9]M[0x7][0xeb][0x8c][0x91]NO[0x80][\r][0xb6]8faN[0xac][0xe0];[0x13][0x99][0xe8]Q[0x16]c[0xa4][0x85][0x1c][0xe0]tH[0xb3][0xbc]g[0x8c]|[0xf5][0x4]M[0xb]~c[0xa4]E[\r]4[0xf6][0x13][0xd2][0xf4]=[0xad]mB[0xc][0xe7][0xd3][0xd8]&[0xea]N*[0xe3]i[0xf5][0x19][0x83]n=[0x82][0x16]L[0xc8][0x9d]Rx[0xd7][0x1e][0xdb][0x15]9~[0xa9][0x85][0xa5][0xa9][\n]"
12:44:18.754 [main] DEBUG org.apache.http.wire -  << "e[0x90]e[0xb7][0xc5][0xa0][0x2]J!3[0x5]Z0#[0xef][0xb7][0x3][0x8d][0x84][0x10][0xd3][0xa3]3F[0x9a]4[0xa5]q[0xc0][0xd2]m[0xf3][0xad]1[0xe8][0xd6] h[0xc0][0xd2][0xda]O[0xf4]*[0xe8][0xc1]7[0xa7][0xd0][0xc7]OH[0xf3]L4[0xe]=[0xa4][0xe9][0x8f][0xc1]sn[0x9f]1[0xd2][0x4][0xc6]`r[0x15]b[0xb8]q0[0xb9][\n]"
12:44:18.754 [main] DEBUG org.apache.http.wire -  << "Q,[0xf]&WY[0xea](A[0xf3][0xca]`[0xb9][0xdf][0xd0][0xd8][0x18]4[0xc6]6[0xf8][0x1c][0x85][0x18]>[0x1c]D![0x85][0x18]d[0xa4]q[0x1][0x84]4[0xb0]Nc[0x9b][0x90]N[0xd4][0xa5][0xb5]Mt[0xab][0x92][0x90][0x6]h=[0x2][0x14]r3K[0xf2]1V?[0x81][0x1b][0xe9]%[0xa9]EI[0x89][0xc8][0x17][0xe2][0x98][0x82]t[0x12][0xd5]:[0x19][0xe0]1Xc[0xa4]1X[0xaa][\r][0x8c][0x12][0xb9]j[0xca][0x98][0x84]AY[0xc4][0xf8]:h[0xd4][0x91][0xb8][0xb5][0xcf][0xc6][0x3]<[0xe8]jL[0xab]AWb[0xbd][0x8f][0xc8]'T[0x8b]ZP[0xe8][0x13][0x1d][0xbd][0x88][0x9e];[0xcd][0xec][0xc7][0xb3][0xf4][0x1b]|g;[0xb4]>[0xa2][0x99][0xfd][0xf8]z?H[0x9b][0xa1][0x7][0xc6]~D#a@[0xec]G[0x1a]s[0x1e][0x18][0xfb][0x11]S[0xa2][0x3]c?b[0x92]t`[0xec]G4}[0x6][0xc6]~D[0xf9]C[0xab][0xda][0x13]i[0x8]{[0xf0][0xb4][0xee],[0x10][0xf9][0x8e][\n]"
12:44:18.754 [main] DEBUG org.apache.http.wire -  << "-!c[0x1d]%[0xe7]D[0x0][0x0][0x0][0x0][0xff][0xff]"
12:44:18.754 [main] DEBUG org.apache.http.wire -  << "[\r][\n]"
12:44:18.754 [main] DEBUG org.apache.http.wire -  << "71C[\r][\n]"
12:44:18.754 [main] DEBUG org.apache.http.wire -  << "*IM[0xcf]/[0xca]L-V[0xb2]B[0xde][0xa4]e[0x8c][0xb4][0x81]w[0xf0]x[0x1f]i[0xe0][0x1b][0xba].U[0xc1]5'[0x11][0xcb][0x85][0xe9][0xa0][0x8b][0x1f][0xc1][0xfb]#[0xc1]r[0xd0][0xd5][0xf0][0xa0]AXx[0xc3][0x9][0xaf][0xdf][0x11][0xa9][0x9b][0x6][0xab][0xc7][0x8c][0x91][0x6][0xb8][0xdd]J[0x8b][0xf2]2KJ[0x8b]R[0x15]B[0xf2]1o[0xb5]E[0xc8][0xa6]$[0x16]e*x[0xa5][0x16]$[0x82][0x17][0xc9]C[0xfd]c[0x8][0xba][0xf3][0x7][0xee]!|[0xd5][0x5][0xdd][0x6][0xba]M[0x90]N[0xf][0xa6]B[0x2][0xc5][0xe3]'[0x13][0xa4][0x91]nD8[0xd1]2[0x14]M[0x90][0xf6][0x15][0xd2][0xda]o[0x88][0xe2][\r][0xb1][0x8a][0x8][0xb2][0xf2][0x4][0xc7]*"[0xc7][0x9c][0xcc][0xc4]b[0x85][0xb4][0xd2][0xf4]D[0x85]R[0xe4]I%[0xf0]q[0xce][0xc4][0xa4][0x11][0x13][0x3][0xc4][0x18][0x89]gAF~^[0xaa][0x82][0xa1][0xa1][0x82][0x99][0x89]Bz[0x12][0xf6][0x8e]IF"[0xe8][0xf0][0x14][0x5][0xf4][0xfb]b[0x89][0x9e]=0[0x1]m[0xe8][0x80][0xb6][0xa1]`[0x16][0x1a][0xd1][0xd4]B[0xa4][0xa1]}[0x98][0x85][0xb4][0xf5]![0xd2]y[0xc3]t[0xb2][0x10]Qp[0xd1]8[0x85][0x1a]b[0xc]3[0x98][0xd3]([0x99][0x18]"[0xd2]e@bN[0xa2]O[0xbe][0xf][0x9e][0xe9],,[0xa9][0x11]4[0x9e][\r][0xcf][0x0]x[0xb6][0xa9][0x99][0xd0][0xf6][0x16]f[0x13][0xd0][0xa2]>hr[0xa7]A[0xa5]b[0x82][0xb4]q[0xd0][0xa9](195'[0x15][0xf3][0xe]V[0xdf][0xc4][0x94]T[0x85][0xfc]4[0x85][0x8c][0xcc][0xf4][0xc][0x85][0xc2][0xd2][0xc4][0x9c][0xcc][0x92]J[0x85][0x82][0xd4][0xc4][0xa2][0x9c]bD'[0xd8][0x8]d[0x12]<[0xc0][0xf0][0x95][0xc0]H[0x87][0xe2][0xd2][0xc4]G[0x88]6.M[0x8c]G[0xe4][0x15][0xba][0x5][0x18][0xa2]X[0xa7][0x9b][0x95][0x88]|JM+[0xf1][0xe5]#[0xa4][0x99]9jZ[0x89]7%"[0xca][0x8][0x1a][0x97]{H[0x9b][0xb]i[0xd4][0xf1]0A[0x9a][0xea][0xa3]e[0xf8]U+y[0xba](Y[0x19][0x1a]Y [0x15][0xe5][0x8e][0xc9][0xc9][0xa9][0xc5][0xc5][0x90][0xee][0x80][0x8e][0x12][0xea][0xee][0xcf][0x92]|[0x85][0xd4][0xbc][0x8c][0xc4][0xbc][0xe4]T[0x85][0xc4][0x2]P[0xa1][0x1]b*[0xd5]"[0x1d][0xec]`[0x82][0xb4][0x1f][0xb2]8[0xb5] 5[0x5][0xb3][0xa0]N[0xcc][0xac][0x4][0x9]B[0x1b][0xb0][0xe0]}[0x14]D[0x15]5H[0x9b] i[0x19]&([0x9e]A[0x94][0xf][0xd4][0xf6][0xc][0xfd][0x8b][0x1][0xd0]&[0x0]h[0xe5][0x13][0xc][0x8e][0x19][0x5][0x9f][0xcc][0xe2][0x92]"[0xf0][0xb8]2j4C[0xa5]s [0xd2][\n]"
12:44:18.754 [main] DEBUG org.apache.http.wire -  << "y[0xe9][0xa9]I[0xa5][0xa0][0x9a][0x84][0xf4](C[0xc][0xd1]A[0xcd][0x84]Z[0xa9][0xe0][0x94][0x98][0x93][0x88][0xd9][0xd9][0x81]*B[0xb5]X!)1/[0x1d]\[0x93]A[0xed]7[0x5]m[0xbd]!.[0xc9] [0xca][0x4][0xba]%[0x19][0xc4][0x84][0x1e][0xdd][0xac]D[0xc][0x8][0xd0][0xcb]J[0xa4])n[0xe8][0x89]v[0xd0][0x9e][0x9][0xb6]%[0x17][0xa1]%[\n]"
12:44:18.755 [main] DEBUG org.apache.http.wire -  << "[0xa9]EE[0xf9]E[\n]"
12:44:18.755 [main] DEBUG org.apache.http.wire -  << "E[0xa9][0xc9][0xa5][0xc5][0x90]s[0x8b][\n]"
12:44:18.755 [main] DEBUG org.apache.http.wire -  << "[0xf2]A[0xbb][0xfe]J[0x8b][0x15]r[0xf3]s@[0xb7][0xc6]'[0xa6][0x82][0xe][0x9]T[0xc8][0x84][0x1c][0x0][0x85][0xb4]f[0x8c][0xf8][0xce][0xb][0xd2]e[0xd6][0x88][0xe][0x93]Of^j[0x9e][0x82]S~II[0xe][0xe6][0xa6]y[0xd0][0xf1][0x85][0x5][0xa9]E[0xc5][0x5][0x99][0xc9][0x99][0x89]%[0x99][0xc5][0xd0]e [\n]"
12:44:18.755 [main] DEBUG org.apache.http.wire -  << ")[0x99][0xc9]%[0x89][\n]"
12:44:18.755 [main] DEBUG org.apache.http.wire -  << "[0x5][0xf9]EE[0xf9][\n]"
12:44:18.755 [main] DEBUG org.apache.http.wire -  << "[0x99][0x5][0xc5][0xa5][0xb9][\n]"
12:44:18.755 [main] DEBUG org.apache.http.wire -  << "[0xa9][0xc8][0xa7][0xf0][0x91][0xe0]$D[0xf3][0x85]n1[0x83]([0xb2] [0xdb]A ![0xe0][0x9e][0x93]_[0x96][\n]"
12:44:18.755 [main] DEBUG org.apache.http.wire -  << "j[0xe1][0xa1][0xe6]t[0xff][0xb4][0xb4][0xcc][0xe4][0xcc][0xcc]b[0x5][0xe4]s1[0x13][0xf3]2s3[0xe1][0x11]S[0xc][,S[0x92][0xaa][0x90][0x92][0x9a][0x93][0x9a][0x97]Y[0x92]I^[0xfc][0xd0][0xbf][0xc8]C[0xda][0xb4][0xe9][0x9e]_[0x94][0x9e][0x9a]_Z[0xac][0x0][0xdb]m[0x91]X[0x84][0xd1]Y[0xf1][0x7][0x9d]=[0x6]^[0xa3]Y[0x9a][0xb][0xba]_[0x1b][0x9a][0x4][0xc0][0xe7][0x8c]e[0xe6][0x17]C[0xce]cTH[0xcc][0xc9],,[0xcd]LQ([0xce]$[0xaf][0x93][0x8d][0xb4]<[0x2][0x91]Na[0xbb][[0x9c][0xf3][0x13]A%-j,[0xb9][0x96][0x80]z[0xf5][0x99][0x89]%[\n]"
12:44:18.755 [main] DEBUG org.apache.http.wire -  << "[0x90]5[0xa3][0xb9][0x99]y[0x99][0xb9][0x89][0xb0][0x93][0xe1][0x14][0x8a]K[0x8b][0x93]3[0xb][0xc8]u[\r][0xa2][0x88]D[0xde][0xf1][0x15][0x9e][0x9f][0x9f][0xa3][0x10][0x9c][0x91]Y[0x84][0xd5]5[0xa0]3?[0xa1]K[0xa8]J2[0x93]J[0x8b][0x15][\n]"
12:44:18.755 [main] DEBUG org.apache.http.wire -  << "r[0x12][0x93]S[0x13]K[0x14]R[0xc9][0xc][0x12]D[0xa1]I[0xe3][0xb6][0x1b][0xa8][0xea][0x80]V[0x82][\n]"
12:44:18.755 [main] DEBUG org.apache.http.wire -  << "[0x18][0xf1][0xf][0x9e]l[0xa5]xL[0x3][0xe9]Tt[0xb2]<C[0xe4][0xfc][0x97][0x9][0xd2][0x9][0xe9]d[0xd9]C[0xfc]([\r][0xd2]Y[0xe8][0xf4]*[0xc6][0x90][0xb6]<[0xd2][0xcd]JDc[0x85]nV"2[0x1f][0xdd][0xac][0xa4]_VC4Kh[0x9c]>[0x91][0xb7]@BV[0x6]c^`[0x8b]/o[0x9b][0xa0][0xcc][\n]"
12:44:18.755 [main] DEBUG org.apache.http.wire -  << "[0xa0]w2a[0x9d]$S[0xa4][0x6][0x86]{bn&xZ[0x1][0xb5][0xa0]v[0xcb]/R[0x80][0xac][0xed]V((-*[0xc8]/N-F[0xed][0x1d][0xd1]m[0x15][0x8b][0x9][0xd2]-[0xd0][0xb4][0xe]}[0xa4][0x16][0x7]$[0xf4]MiT[0xb2][0x9a]!Z[0x10][0xb4][0xf6][0x13]b[0xc8][0x84][0xd6]6!J[0x1d][0xa8]M[0x83]6[0xed]"[\n]"
12:44:18.755 [main] DEBUG org.apache.http.wire -  << "+[0x9c].E[0xc]![0xe2][0xab][0xc5][0xa8][0x9a][0xa3]0[0xca][0xb3]A[0x1b]~[0x18][0xe5]![0xa6]K[0xe9][0x1f]~H[0x8b][0xa4][0xa0][0xb1]J[0xab][0xdc][0x8b][0xb4]\[0xca]/[0xb1]8S[0xc1]%[0xb1]4O[0xc1]+[0xb5][0xa8][0x14][0xf3]@w[0xb0]|yj^bv[0xb6]BIj^b[0x9e]BniQn*[0xa8][0xc5][0xe][0x1d][0x3]0[0xb4][0xc4][0xac][0x19],[0x89]Y [0x1d]r[0x9b][0x9c][0x9f]W[0x92][0x9f][0xa1][0x9b][0x8c][0x98][0xee]F[0x1f][0xdf]rK,[0xce][0xc8][0xcc][0xcf]KL[0xca]IE-[0xb7][0x91][0x96]Z[0x81][0xdd][0x86]p[0xbb]Bbeb[0xae]Bz~Q*[0x96][0xfa][0x0][0xac][0x96]J[0xfe]@[0xa4]s[0xc2][0xfe][0xc0]T[0x81]2F[0x87][0xb4][[0x96][0xd6]qN[0xb7]r[0x14][0xe9][0xe6][0x9]Z[0xfb][0x9]#[0x1f][0xd3]*[0xc7][0xd0]m[0xab][0xab][0x9][0xd2]VW[0x82][0xcb][0xd0][0xe9]U[0xb2]#[0xed][0x89][0xc5][0xe1]&Ds[0xb]Qn[0xd2][0xaf]-[0x87]t[0xd8][0xff][0xe0]t[0x1f][0xdd][0xd2])[0xd2][0xae]X[0x1c]!1[0x10][0xf1][0x83][0xb4]Ph0[0xb9][0x8a]n[0xad]e[0xa4]%F[0xd8]Wo[\r]l[0xf6]AZ[0x8f][0x84][0xdd]y[0x3][0x92]f[0x10][0xb5],vG[\r]h[0x98][0x99]"[0xad][0xac][0xc2][0xee][0xbc][0x1][0x8]3S[0xa4]EX[0xb4][0xad]yM[0x91][0x16]_a[0xf7][0xfe][0x0][0xc7][0xe][0xa2][0xb1][0x83][0xdd]y[0x3][0x12];[0x18][0xfd]K[0x1a][0xb5]V[0xc0][0xe7][0x12]A[0x87]V[0xb1]{`c[0x7]i[0xe5][0x17]v[0xe7][\r]D[0xec] [0xad][0xe][0xc3][0xee][0xa8][0x1][0xe]3De[0x85][0xdd]y[0x3][0x12]f[0xf4][0x1a][0x5]2EZ[0x15]A[0xe3][0x92][0xcd][0x90]n[0xb9][0x14]i)[0x1d][0xad][0xfd][0x84][0xa8]Kil[0x13]h[0xb5][0x1a][0xb4][0xe4][0xa1][0xb5]M[0x88][0x9]]Z[0xdb]D[0xb7]TN[0xb7]s[0xec]M[0x91]V[0x85][0xd1]:[0xf4]0[0xc6]*iU[0xeb]![0xdd][0xf6]Nk?[0xd1][0xab]?g[0x8a][0xb4][0xfa][0x8c][0xc6]~BZ-Fk[0x9b][0x10]9[0x17]{U6[0xb0]5[0xad]1"[0xbb]cw[0xde]@[0xd4][0xb4][0xc8]+[0xc6]h:[0xb3]cjL[0xb7][0xfa][0xcf][0x18]Q2x[0x4](8[0xe7][0x17][0xa5]*d*`[0x16][0xe]9[0xa9][0x5]%[0xf9][0x5][\n]"
12:44:18.756 [main] DEBUG org.apache.http.wire -  << "[0x18];[0xaf]-A[0x80][0xb8][\r][0xb2][0xa6][0xc6]t[0xab][0x0][0x91][0x96]c[0xd1]m+[0x1e]l[0x84][0xdd][0x14][0xe9][0x6]*[0xf8]&[0x1c][0x8c][0x9][0xc0]4l3[0xa3][0xb0][0xeb][0xc0][0x8c]L[\r][0x10]]'[0x12][0xcd]@Z[0xae][0x89]<AK[0xb5]` j[0xb4]s[0x10][0x5][0x1][0xa2][0x98]#[0x14][0x4][0x88][0x12][0x5][0xb4][0xeb][0x1a]O[0x9a][0x1e][0x8c]1[0x8d][0xe8][0x98][0x10][0xf2]&-[0xce][0xfb]4E:x[0x87][0xaa][0xf6][0xd3]6[0x16]P[0xf2][\n]"
12:44:18.756 [main] DEBUG org.apache.http.wire -  << "[0xa2][0xc4][0xa5][0xaa][0xf][0x86]Z~A[0x94][0xd1]4[0xb][0x6][0xf4]C[0x4][0x6]c~B[0xb4]-i[0x16][0xc]8[0xd7][0xd5][0xc][0x9e][0xd2][0x13]iu[0xe0][0x88][0xe][0x86][0x1]8[0xd9]`[0x10]f[\n]"
12:44:18.756 [main] DEBUG org.apache.http.wire -  << "[0xa4][0x85][0x9c]#:5[0xc]@];[0x18]S[0x3][0xa2][0x87]6[0xa2]S[0x3][0xa2][0xa5]>[0xa2][0x83][0x1][0xd1]|[0x82][\r]\[0x98][0x9a]bv#[0xf1][0xad]:%z[0xfd][0xb5][0xa9])[0xa2][0xcf]J[0xdd]mh[0xa6]H[0xe7][0xb7]y[0xe6][0x95][0xa4][0xe6][0xe4]d[0xa6][0xa7][0xe6][0x95]([0x4][0x97][0xa4][0xa6][0x82][0x96][0xff][0xe7]c[0xd9]2[0xe2][0x99][0x2][0xda]6\[0x9c][0xa9][0x0][0xba][0xab][0xbe]X[0x1]|9{aib1Y[0x9b]BLM[0x11][\r][0xf]X8b[0xf4][0x1d][0xa9][0x13][0x88][0x98][0x8b][0x84][0xa9][0x1b]][0xb1][0xb5]\[0x0][0x0][0x0][0x0][0xff][0xff]"
12:44:18.756 [main] DEBUG org.apache.http.wire -  << "[\r][\n]"
12:44:18.756 [main] DEBUG org.apache.http.wire -  << "A[\r][\n]"
12:44:18.756 [main] DEBUG org.apache.http.wire -  << "[0x3][0x0][0xf2]B[0xf6][0x1e][0x15][0xe5][0x0][0x0]"
12:44:18.756 [main] DEBUG org.apache.http.wire -  << "[\r][\n]"
12:44:18.756 [main] DEBUG org.apache.http.wire -  << "0[\r][\n]"
12:44:18.756 [main] DEBUG org.apache.http.wire -  << "[\r][\n]"
12:44:18.756 [main] DEBUG io.restassured.internal.RestAssuredHttpBuilder - Parsed data to instance of: class org.apache.http.conn.EofSensorInputStream
12:44:18.761 [main] DEBUG org.apache.http.impl.conn.BasicClientConnectionManager - Releasing connection org.apache.http.impl.conn.ManagedClientConnectionImpl@3128be29
12:44:18.761 [main] DEBUG org.apache.http.impl.conn.BasicClientConnectionManager - Connection can be kept alive indefinitely
12:44:18.793 [main] DEBUG net.thucydides.core.steps.StepInterceptor - STEP DONE: I send HTTP GET request
  &amp#27;[32mWhen &amp#27;[0m&amp#27;[32mI send GET HTTP request&amp#27;[0m                      &amp#27;[90m# starter.stepdefinitions.UserSteps.iSendGETHTTPRequest()&amp#27;[0m
12:44:18.801 [main] DEBUG net.thucydides.core.steps.StepInterceptor - STARTING STEP: UserSteps.iReceiveValidHTTPResponseCode - I receive valids HTTP response code 200
12:44:18.803 [main] DEBUG net.thucydides.core.steps.StepInterceptor - STEP DONE: I receive valids HTTP response code 200
  &amp#27;[32mThen &amp#27;[0m&amp#27;[32mI receive valid HTTP response code 200&amp#27;[0m       &amp#27;[90m# starter.stepdefinitions.UserSteps.iReceiveValidHTTPResponseCode()&amp#27;[0m
12:44:18.810 [main] DEBUG net.thucydides.core.steps.StepInterceptor - STARTING STEP: UserSteps.iReceiveValidDataForUserInformation - I receive valid data for user information
12:44:18.877 [main] DEBUG net.thucydides.core.steps.StepInterceptor - STEP DONE: I receive valid data for user information
  &amp#27;[32mAnd &amp#27;[0m&amp#27;[32mI receive valid data for user information&amp#27;[0m     &amp#27;[90m# starter.stepdefinitions.UserSteps.iReceiveValidDataForUserInformation()&amp#27;[0m
12:44:18.879 [main] INFO  - 
  _____   ___   ___   _____     ___     _     ___   ___   ___   ___  
 |_   _| | __| / __| |_   _|   | _ \   /_\   / __| / __| | __| |   \ 
   | |   | _|  \__ \   | |     |  _/  / _ \  \__ \ \__ \ | _|  | |) |
   |_|   |___| |___/   |_|     |_|   /_/ \_\ |___/ |___/ |___| |___/ 

GET - As admin I can get user information
----------------------------------------------------------------------
]]></system-out>
  </testcase>
  <testcase name="GET - As admin I cannot get user information" classname="User" time="0.456">
    <failure type="java.lang.AssertionError"><![CDATA[java.lang.AssertionError: 
1 expectation failed.
Expected status code <404> but was <200>.

]]></failure>
    <system-out><![CDATA[
@TC-0030
Scenario: GET - As admin I cannot get user information     &amp#27;[90m# src/test/resources/api/user.feature:188&amp#27;[0m
12:44:18.887 [main] INFO io.cucumber.core.plugin.SerenityReporter - Running feature from file:///C:/Users/Lenovo/IdeaProjects/MiniProject/MiniprojectApi/src/test/resources/api/user.feature
12:44:18.887 [main] WARN io.cucumber.core.plugin.SerenityReporter - Feature from file:///C:/Users/Lenovo/IdeaProjects/MiniProject/MiniprojectApi/src/test/resources/api/user.feature is not under the 'features' directory. Requirements report will not be correctly generated!
12:44:18.889 [main] INFO  - 
  _____   ___   ___   _____     ___   _____     _     ___   _____   ___   ___  
 |_   _| | __| / __| |_   _|   / __| |_   _|   /_\   | _ \ |_   _| | __| |   \ 
   | |   | _|  \__ \   | |     \__ \   | |    / _ \  |   /   | |   | _|  | |) |
   |_|   |___| |___/   |_|     |___/   |_|   /_/ \_\ |_|_\   |_|   |___| |___/ 

GET - As admin I cannot get user information(user;get---as-admin-i-cannot-get-user-information)
--------------------------------------------------------------------------------
12:44:18.950 [main] DEBUG net.thucydides.core.steps.StepInterceptor - STARTING STEP: UserSteps.iSetUnmatchedGETApiEndpointsUserInformation - I set the GET api endpoints user information
12:44:18.950 [main] DEBUG net.thucydides.core.steps.StepInterceptor - STEP DONE: I set the GET api endpoints user information
  &amp#27;[32mGiven &amp#27;[0m&amp#27;[32mI set unmatched GET api endpoints user information&amp#27;[0m &amp#27;[90m# starter.stepdefinitions.UserSteps.iSetUnmatchedGETApiEndpointsUserInformation()&amp#27;[0m
12:44:18.954 [main] DEBUG net.thucydides.core.steps.StepInterceptor - STARTING STEP: UserSteps.iSendGETHTTPRequest - I send HTTP GET request
12:44:18.955 [main] DEBUG net.thucydides.core.steps.StepInterceptor - STARTING STEP: GetAllProduct.iSendGETHTTPRequest - I set the GET api endpoints
12:44:18.955 [main] DEBUG net.thucydides.core.steps.StepInterceptor - STEP DONE: I set the GET api endpoints
12:44:18.961 [main] DEBUG org.apache.http.impl.conn.BasicClientConnectionManager - Get connection for route {s}->https://altashop-api.fly.dev:443
12:44:18.961 [main] DEBUG org.apache.http.impl.conn.DefaultClientConnectionOperator - Connecting to altashop-api.fly.dev:443
12:44:19.057 [main] DEBUG org.apache.http.client.protocol.RequestAddCookies - CookieSpec selected: ignoreCookies
12:44:19.057 [main] DEBUG org.apache.http.client.protocol.RequestAuthCache - Auth cache not set in the context
12:44:19.057 [main] DEBUG org.apache.http.client.protocol.RequestTargetAuthentication - Target auth state: UNCHALLENGED
12:44:19.057 [main] DEBUG org.apache.http.client.protocol.RequestProxyAuthentication - Proxy auth state: UNCHALLENGED
12:44:19.057 [main] DEBUG org.apache.http.impl.client.DefaultHttpClient - Attempt 1 to execute request
12:44:19.057 [main] DEBUG org.apache.http.impl.conn.DefaultClientConnection - Sending request: GET /api/products HTTP/1.1
12:44:19.057 [main] DEBUG org.apache.http.wire -  >> "GET /api/products HTTP/1.1[\r][\n]"
12:44:19.057 [main] DEBUG org.apache.http.wire -  >> "Accept: */*[\r][\n]"
12:44:19.057 [main] DEBUG org.apache.http.wire -  >> "Host: altashop-api.fly.dev[\r][\n]"
12:44:19.057 [main] DEBUG org.apache.http.wire -  >> "Connection: Keep-Alive[\r][\n]"
12:44:19.057 [main] DEBUG org.apache.http.wire -  >> "User-Agent: Apache-HttpClient/4.5.13 (Java/14.0.2)[\r][\n]"
12:44:19.057 [main] DEBUG org.apache.http.wire -  >> "Accept-Encoding: gzip,deflate[\r][\n]"
12:44:19.057 [main] DEBUG org.apache.http.wire -  >> "[\r][\n]"
12:44:19.057 [main] DEBUG org.apache.http.headers - >> GET /api/products HTTP/1.1
12:44:19.057 [main] DEBUG org.apache.http.headers - >> Accept: */*
12:44:19.057 [main] DEBUG org.apache.http.headers - >> Host: altashop-api.fly.dev
12:44:19.057 [main] DEBUG org.apache.http.headers - >> Connection: Keep-Alive
12:44:19.057 [main] DEBUG org.apache.http.headers - >> User-Agent: Apache-HttpClient/4.5.13 (Java/14.0.2)
12:44:19.057 [main] DEBUG org.apache.http.headers - >> Accept-Encoding: gzip,deflate
12:44:19.298 [main] DEBUG org.apache.http.wire -  << "HTTP/1.1 200 OK[\r][\n]"
12:44:19.298 [main] DEBUG org.apache.http.wire -  << "content-type: application/json[\r][\n]"
12:44:19.298 [main] DEBUG org.apache.http.wire -  << "date: Sat, 06 May 2023 05:53:05 GMT[\r][\n]"
12:44:19.298 [main] DEBUG org.apache.http.wire -  << "transfer-encoding: chunked[\r][\n]"
12:44:19.298 [main] DEBUG org.apache.http.wire -  << "content-encoding: gzip[\r][\n]"
12:44:19.298 [main] DEBUG org.apache.http.wire -  << "server: Fly/3f2597ca (2023-05-03)[\r][\n]"
12:44:19.298 [main] DEBUG org.apache.http.wire -  << "via: 1.1 fly.io[\r][\n]"
12:44:19.298 [main] DEBUG org.apache.http.wire -  << "fly-request-id: 01GZQSXXRWSM0EGVB59QAJMJPY-sin[\r][\n]"
12:44:19.298 [main] DEBUG org.apache.http.wire -  << "[\r][\n]"
12:44:19.298 [main] DEBUG org.apache.http.impl.conn.DefaultClientConnection - Receiving response: HTTP/1.1 200 OK
12:44:19.298 [main] DEBUG org.apache.http.headers - << HTTP/1.1 200 OK
12:44:19.298 [main] DEBUG org.apache.http.headers - << content-type: application/json
12:44:19.298 [main] DEBUG org.apache.http.headers - << date: Sat, 06 May 2023 05:53:05 GMT
12:44:19.298 [main] DEBUG org.apache.http.headers - << transfer-encoding: chunked
12:44:19.298 [main] DEBUG org.apache.http.headers - << content-encoding: gzip
12:44:19.298 [main] DEBUG org.apache.http.headers - << server: Fly/3f2597ca (2023-05-03)
12:44:19.298 [main] DEBUG org.apache.http.headers - << via: 1.1 fly.io
12:44:19.298 [main] DEBUG org.apache.http.headers - << fly-request-id: 01GZQSXXRWSM0EGVB59QAJMJPY-sin
12:44:19.298 [main] DEBUG org.apache.http.impl.client.DefaultHttpClient - Connection can be kept alive indefinitely
12:44:19.298 [main] DEBUG io.restassured.internal.RestAssuredHttpBuilder - Parsing response as: application/json
12:44:19.298 [main] DEBUG org.apache.http.wire -  << "1F3[\r][\n]"
12:44:19.298 [main] DEBUG org.apache.http.wire -  << "[0x1f][0x8b][0x8][0x0][0x0][0x0][0x0][0x0][0x4][0xff][0xaa]VJI,IT[0xb2][0x8a][0xae]V[0xf2]tQ[0xb2]24[0xb2][0xb0]0[0xd7]Q[0xf2]K[0xcc]MU[0xb2]Rr[0xcd][0xcb]/[0xca][0xcd]/-Vp[0xce]/)[0xc9][0xcf]Sp[0xce][0xcf]-(-I-R[0xd2]QrI-N.[0xca],([0xc9][0xcc][0xcf]S[0xb2]R[\n]"
12:44:19.298 [main] DEBUG org.apache.http.wire -  << "-Q[0xc8]KMN-.[0xce],I,[0xc9]L*-V([0xcb],ILU[0xc8],-JUH[0xc9][0xcf][0xc9]/J-V(J-H[0xcd][0xc9]I[0xcd]K)-V([0xce][0xcc][0xcd][0xcc][0xc9],,M[0xd5]S[0xd2]Q[\n]"
12:44:19.298 [main] DEBUG org.apache.http.wire -  << "([0xca]LNU[0xb2][0xb2]4[0xd4]Q[\n]"
12:44:19.298 [main] DEBUG org.apache.http.wire -  << "J,[0xc9][0xcc]K/V[0xb2]2[0xd1]QrN,IM[0xcf]/[0xca]L-V[0xb2][0x8a][0x8e][0xad][0xd5]A[0xb8][0xd0][0x2][0xee][0xc2][0x80][0xa2][0xc4][0xe4][0x92][0xcc][0xe4][0xc4][0x1c][0x5][0xdf][0xc4][0xa2][0xa4][0x9c]T[0x85][0x90][0xc4][0xa4][0x9c]T[0xc][0xf7][0x85][0xa4][0xe6][0x16][0xe4][0x17][0x81][0x1d]V\[0x9a]W[0xa2][0x90]X\[0x90]Z[0x94][0x9]r[0x15][0x92][0xfd][0x16]FH[0xf6][0x1b][0xe3][0xb3][0xdf][0x12]nPiqIf[0xb2][0x82]{Qb^fI[0xaa]BpF~j1[0xa6][0xed][0xf9]%[0x89][0xb9][\n]"
12:44:19.298 [main] DEBUG org.apache.http.wire -  << "[0x85][0xa5] [0xfb]S[0x12]s[0x15][0xca]Rs[0x90][0xac]51#[0xd2]ZK[0x3][0xb8][0xb5][0xc1][0xf9]y[0x95][\n]"
12:44:19.298 [main] DEBUG org.apache.http.wire -  << "[0x1][0xc1][0xa6][0x18]V[0x15][0xe4]$V*d$[0x16]+[0xe4][0xe5]+[0xe4]d[0xe6]f[0x96][0x80]\[0x3][\r]_#KK$[0x9b][0xf0][0x5][0xb0][0xa5][0x11][0xdd]l2[0xa6][0xa6]M[0x86]x"[0xcd][0xd2][0x94]n6[0x99][0xc1]mr-J[0xcf][0xcf][0xcb][0xcf][0xcd]LV[0x8][0xcf][0xcf]OI[0xcd]Sp[0xcf][0xc9]/[0xc3][0x92]B[0x82]3s[0xb2][0x11][0x19][0xc1][0xd8][0xd2][0x18]9M[0x98][0xe2][0xf3][0x15]"[0xb3][0xba][0xe7][0x17][0xa5][0xa7][0x82]2+[0xc8]0\[0x16]A22[0xc2]*3[0xb]Cc[0xa4]Da[0x80][0xcf]*D[0xae]sL-[0xca]O[0xa9][0xcc]K[0x4]y[0xc][0x9a][0xef][0x82]32[0x8b]J0[0x92][0xa3]gQ~[0x1e][0xc2]2[0xb][0x13]S[0xe4],[0x86][0xd7]_[0x88],[0xe6]RZ[0x4][0xca][0xd3][0xf0]<[0xe6][0x94][0x98][0x8e]a[0x8f]s~^rQj[0x9]([0xe3]C[0x13][0xbb][0xb1][0x85][0xa1][0x81][0x8e][0x12][0x0][0x0][0x0][0xff][0xff]"
12:44:19.298 [main] DEBUG org.apache.http.wire -  << "[\r][\n]"
12:44:19.298 [main] DEBUG org.apache.http.wire -  << "6E7[\r][\n]"
12:44:19.298 [main] DEBUG org.apache.http.wire -  << ""[0xa6]8[0xb1]4@[0xe4]+x[0x18][0x6]$[0x16][0xa4][0x16][0xe1].[0xef] [0xb1][0x89][0xf0][0x99][0xb9][0xa5][0x85][0x9][0xb1][0xb6]Q5o[0xe1][0x89]0K[0x3][0x13]x:[0xa4]By[0x81]'[0xb6],[\r][0xa8][0x9a][0xb7][0xf0][0xfa][0x9][0x91][0x8]=R[0x13][0xcb]*[0x15]\JK*[0x15][0x82]KRSs[0x14]<[0x12]1[0x13] zD[0x99][0x19][0x98][0x9a]#E[0x14]^[0xab]0[0x93] 4Ud$fbV[0x81]`7 R[0x84][0x99][0xa9]!ru[0x86][0xcf]"PB[0x85]V[0xb8][0x8e][0xe5][0xa9][0xc5][0xf9][0xb9][0xa9][\n]"
12:44:19.298 [main] DEBUG org.apache.http.wire -  << ">[0xa9][0x89]%[0x19][0xa0][0x4][0x98][0x93][0x9f][0xc]*[0x18]Pk[[0xd4]\enhAd[0x16][0xb6][0x4]9[0x9]j[0x13][0xbc]jw*[0xca][0xcf][0xab]J[0xc5][0x9d][0xd4][0x83]J[0x93][0x92][0xc0]5>4cY[0x10]]bX[0x1a]"[0x92]:[0xb4][0x9e][0xf4][0xc9][0xcc]K[0xcd]S[0x8][0xc8]I[0x4]gUT_[0xa1][dlhbJdT[0x81][0xca]0[0xa8][0xbf]|SS2[0xf3][0x93][0x8b]@[0x1e][0x82][0x14][0x9][\n]"
12:44:19.298 [main] DEBUG org.apache.http.wire -  << "[0xce]X[0xc3][0x10][0xec][0x12]Dt[0x99][0x98][0x19]"[0x17][0xb9]x[0xa3][0xb])[U[0xe6][0xa5][0x16][0xa5]g[0x82][0x9b][0x0][0xa0]HQ[0xc0]^[\n]"
12:44:19.298 [main] DEBUG org.apache.http.wire -  << "[0x6][0xe4]$[0x82][0x94] l35[0xb6]@.[0x9c][0xf0][0xda][0x86][0xc8]Z[0xc8][0xa5].[0xa4][0x1c]W[0xf0][0xce][0xcb]L[0x3][0x15]z[0xa8]![0x89][0xc5]>S[0xa2][0x93][0x8][0xa2][0xf2]B[0xb6][0xcf]1[0xa7]473[0xaf]4W[0x1][[0xe9][0xb]M[0xad]H[0xfe][0xb3]4&[0xda][0x88][\n]"
12:44:19.298 [main] DEBUG org.apache.http.wire -  << "[0xc]9Cg[0xe6]d+[0x84]'[0xe6][0xe4][0xa4]bfiH[0x82]EXfif`Al:A[0x94][0x1e][0x18][\r]G[0x1c][0xb6]a[0xf8][0xcd][0xc2][0xcc][0x10][0xb9][0xa8][0xc7][0x1b]w[0x88][0x12][0x4]9,[0xa1]5&[0xe][0xb][0x9d][0xf3][0xb][\n]"
12:44:19.298 [main] DEBUG org.apache.http.wire -  << "[0x90][0xf3][0x9b][0xa5][0x99]!r[0xb3][\r][0x9f]}F[0x88][0x8a][0xc]V[0x90]@[0x93][0x82][0x82]s"f[0x89][0x85][0x1e][0x90][0xc6][0xc6][0x6][0xc4][0x16]YF[0x86][0xf0][0xaa][0x5]f[0x13][0xa4][0xa4][0xc5][0xd5][0xee][0x0][0xb5]I[0x10]QfJ|)l[0x84](C[0xe0]E[0x16][0xd4]*[0xec][0x99][\r]"[0x89][0xb0][0xcb][0xcc][0xdc][0xc][0xb9][0xd1][0x81]7[0xfc][0x10][0x8d]Qx1[0x12][0x9e][0x9f][0x9f][0x83][0xa3][0x8]A[0xf]?S[0xb][0x13][0xa2][0xc3][0xf]Q[0x86][0xc0]m[0x82][0x18][0x87][0xa3][0xb][0x81][0xee]+c[0x3]Sb[0x13][0xbd][0x11][0xa2][0x4][0x81][0x96][0xc2][0x90]$[0x86][0xc3]&h[0x8a]A[0x4][0xa0][0xb1][0x11][0xd1]U[0xa6][0x11][0xa2][0xf0][0xa0]B[0x8b][0x3]oT![0x8a][\r]DN[0x86]T[0xcf]8[0x9a][0x1]9[0x8][0x1f]YZ[0x82][0xaa]\x[0xdb][0x10][0xaf]=[0x88][0x12][0x3][0xde]6[0x84]u[0xf6][0xb0]WcPY[0x84]m[0xe6][0x86][0x96][0xc4]69[0x8c][0x10][0x5][0x86]g^IjNNfzj^[0x89][0x2]4e`[0xcb][0xc3][0x18][0xb6][0x99][0x9a][0x98][0x12][[0x91][0x81][0xca]hh[0xad][0x9][0xcf]Z[0xe0]V[0x8c][0x82]S~I[0x9][0x96]^4[0xa8][0x8a]C[0xf8][0xcb][0xd8][0xc2][0x80][0xd8]J[0xc5][0x18]Q\x[0x82]j[0xe5][0x94]LPW[0x1d][0x9a][0xd2][0x14][0x9c][0xb1][0xb6][0xa7]`5[0xe][0xc2]B#[0x3][0xa2][0xa3][0xcd][0x18]Qj [0x92][0x7]4[0xd9];[0xe7]ci'B[0xdd][0x82][0xb0][0xcc][0xd2][0xcc][0x84][0xd8]*[0xcc][0x18]Ql[0x4][0xe7][0xa4][0xa6]f+[0x80][0xdb][0x16][\n]"
12:44:19.298 [main] DEBUG org.apache.http.wire -  << "X[0xed]A-[0x7][0x8d]M[0x8d][0x88][0xe]BD[0x89][0xe1][0x93][0x99][0x9e]QR[0x9e][\n]"
12:44:19.298 [main] DEBUG org.apache.http.wire -  << ""a[0xa3][0x1e]N[0xa9]y[0xc9][0x19][0x18][0xbd]"[0x8c][0xba][0xcb][0xd4][0x1c]Tp[0x13][0x95][0xf0][0x8d][0x11][0xa5][0x6][0xbc][0x84][0x82]&6[0x5][0xef][0xd4][0xca][0xa4][0xfc][0xc4][0xa2][0x14][0xc][0xb]A[0x85]%"[0x8][0x8d][0x8c]L[0x88][0xad][0xb9]@[0xfd]]hRD[0xae])A[0xa1][0x85][0xdb]6pvGXgnA|[0x8c]!J[0xf][0xa4]F[0x7]4[0xb8]p[0x94][0x8b][0xe8][0xcd]SK#[0xd0]@[0x19]qa[0x89](D[0x90][0xac][0x83][0xf5]Yq[0xe5]6t[0xb][0xcd][0xcc]@[0xf5];q[0x16]"[0xca][0x11]x[0xa9][0x5][0xca][0xbc][0xc4][0xd5][0xce][0x16][0x16]D[0xb7][0x3]@![0xe][0x8d]7X7[0x1d][0x9a][0xcb][0x2][0x12][0xf3][0xc0]cO[0xa8]-S[0xf4]j[0xcc][0xc8][0xd4][0x8c][0xd8][0xd2][\n]"
12:44:19.298 [main] DEBUG org.apache.http.wire -  << "T[0xb7]B[0xad][0x82][0x97]V[0x90] [0xc2][0xd1][0xea][0x86]F'"[0x81][0x98][0x1a][0x1a][0x13][0xdb]r3A[0x94][0x1f]n[0x89]y%[0xe0][0xe6];l[0x8][0x7][[0xb][0x18][0xa3][0xf8][0xb0][0xb0] [0xba][0xc5]m[0x82](>[0xa0][0xf5]3([0x1b][0xe1]hs@|[0x8c][0xf0][0x93][0x89]!hT[0x90][0xa8]Da[0x82](A[0x82][0x91][0xfa]-[0xb0]r[0x16]k[0xf7][0x19]-[0x8b][0x99][0x19]X[0x12][0x1d][0x82][0x88][0xf2][0x3][0xb9]*[0x3][0xe7]h[0xec][0xa3][0xa4][0xa0][0x4][0x8a][0xf0][0x98][0x91][0x1][0xd1][0xf5][0x18]h[0x0][0x15][0x9a]2[0x10][0x91][0x5]2M[0x1]{"D[0xf3][0x94][0x85][0x89][0x5][0xb1][0xcd]6[0x13]D[0xb9][0x81]\[0x8f]A[0xc6][0x8a][0x88]ha[[0x18][0x81][0xc6][0x9a][0x88][0x8b]-D[0x99][0x81]d[0x15]8[0xf8][0xb0][0xb7];@R[0x88][0xe0]33[0x1]E7q6![\n]"
12:44:19.298 [main] DEBUG org.apache.http.wire -  << "[0xb]x[0xc6][0x82][0x95][0xf4][0xd8][0xeb][0x15][0x8c]\l[0x1][0xaa]-[0x88][0xb2][0xcc][0x14][0xb3][0x8b][0x2][0x8e])[0xc2][0x8d]6csSbk[0x13]SDs[0x3]1[0x0][0xb]/n[0xb1]Y[0x5]r[0x3]"[0xf0],M[0x8c][0x89][0xb6][\n]"
12:44:19.298 [main] DEBUG org.apache.http.wire -  << "[0x91][0xa9][0xe0][0xd5]$8}[0xe1]([0x94]`[0xb9][\r]a[0x99][0xa9][0x19][0xd1][0x9][0xdd][0x14][0x91][0xa7][0xa0]%[0x5]([0xd2][0xb1]f\T[0xf][0x19]Y[0x9a][0x11][0xdb][0x4][0x5]9[0x6][0x9a][0x99][0x90][0xd2][0x1d],=[0x84]'[0x96]`ig`[0x94]~f[0x6]([0xc3][0xa1][0xf8][0x1a][0xd8][0xa0][0xbe][0x5][0xd4]>xU[0x5][0x1b][0xdc][0xc0][0xd5][0xcc][0x0]7R[0x11]!hfdFl_[0x8][0xd4]i[0x82][0xda][0x86][0xe4];H[0x84]a+[0xd7]![0x95][0x19][0x92]U[0xc6][0xc6]D[0x7]$"[!J%X[0xf4]+`[0xcf]Xh[0x1e]35%:[0x13][0x9b]![0xf2][0x15]r[0xe1][0xe][\r]I[0xec]C`[0x90]n[0x5][0xc2]s[0xa6][0xa8][0x13]D[0xf8]b[0xcd][0xc][0x91][0xc3]`[0xf5]>,[0x89][0xe0]([0x9d]@#[0xb4][0x8][0xab][0x8c][\r][0x89][0x1e][0x0][0x3][0xf5][0xde][0xa1]Q[0x6]M[0xf4][0x88]@[0xc4][0xde]M[0x81]x[0x1a]a[0x99][0x89][0x9]h|[0x90][0xa8][0xe2][0xc9][0xc][0x91][0xc3][0xe0]e!(+[0xe1][0x18]hC[0xf]A[0x13]csb[0x93][0x7]([0xc9]B[0xbd][0x5][0xb7][0x9][0x92][0xda]p[0xc][0x8f][0x82][0xb2]:[0xc2]O[0x16]fD7[0x9c][0xcc][0x11]I[0x3]n[0x13][0xa4][0x4]W[0xc0][0x9e][0x9d]a%%[0xc2]6cc[0xa2][0x87][0x98][0xcd][0x11]-'Hg[0x8]:[0xda][0x85]}[0xa4][0x12][0xd3]*Ks[0x90]{[0x89][0x8a],sD[0xd9][0x8b]\[0xcc][0x83]g[0xaa][0xb1][0x8f][\r]aZgl[0x1]*[0x80][0x88][0xb3][0xe]ip[0x3][0xa9][0xfd][0x4]-[0xfc]p[0xb5][0xe2]a[0x89][0x15][0x11][0x98][0x16][0x6][0xc4]G[0x1d][0xa2][0x11][0x0]M[0xfb][0xe0][0xc4][0x88][0xbd][0xfd][0x4][0xcd][0x80][0x8][0x8b][0x8c]M[0x8c][0x89]-[0x17]A[0xb9][0x11][0x9a][0x1a][0x83]s[0x13]sr[0xe0][0x93]m[0xd8][0xc3][0x11]=[0xdd][[0x9a][0x80][0xe6][0x9a][0x88][\n]"
12:44:19.298 [main] DEBUG org.apache.http.wire -  << "EP[[0xb]j[0x13][0xd4]K[0xd0]T[0x8f][0xdd]&HBE[0xf2][0x93])[0xd1][0xed]j[0xd0]t>[0xd4]&[0xe4][0x16](,B[0xb0][0xf7][0xcf]a[0xb2][0x8][0x1b]-LA[0x85][0x1d]q~C[0xb4][0xe4][0x91][0xfa]y[0xe0]B[0x1d]GS[0x14][0xc3]{[0xc4][0xa7]~P[\r][0xb][0xf7]^rQ*tL[0x5][0xdc][0x16][0xc5]1~[0x83]Z[0x84][0x18][0x99][0x9b][0x11];[0xf8]`[0x81]([0x16][0x91][0xbb][0xe7][0xb0][0xec][0x84]k[0xa4][0x1e][0x94]X[0x11][0x1]iLB"Ad5[0xd4]D[0x82][0xbd]A[0xf][0x1e]oAXdn[0x1][0x1a]G#"[0xc6][0x8c][0x8d][0x91]<[0x16][0xe1][0xe4][0x1f]a[0x88]1[0xa2][0x81]0[0xd5][0x4]e[0xf5][0x4]z[0xe5][0x8][[0x9b]b[0x8a][0xd4]MuO[0xcc][0xcd][0xcc][0xc3][0x9c][0xab]v[0xcb]/RH[0x7]K)[0x14][0x94][0x16][0x15][0xe4][0x17][0xa7][0x16]+[0xd5]"-o[0xb1][0x4][0x8d]+@c[0x16]y[0xa8][0x7][0x9a]Op[0xd4][0xaf]([0xb][0x8]L,A[0xcd]8"B[0xc0][0xc8][0xd2][0x2]Q[0xc4] [0xb5][0x88][0xa0]}g[0x1c]U[0x11][0xa8][0x8a][0x8][0x18]##P[0x9e]&[0xca]2P_[0x15][0x8b][0xcf] [0xb9][0x0]gm[0x4]*[0xd0][0x11][0xd6][0x99][0x9b][0x82]Z[0x4][0xc4]Yg[0x4][0x0][0x0][0x0][0xff][0xff]"
12:44:19.298 [main] DEBUG org.apache.http.wire -  << "[\r][\n]"
12:44:19.298 [main] DEBUG org.apache.http.wire -  << "760[\r][\n]"
12:44:19.298 [main] DEBUG org.apache.http.wire -  << "[0x82][0xcf]R [0x9a]`[0xd0][0xfa][0x8]{[0x3][0xc]-%YZ[0x10][0x9d]E,[0x11]y[0x1f][0xde][0x8e][\r][0x2]O[0x9d][0xe2][0x19][0xc0]B[0x9f][0x17]463"v8[0x4][0xd4][0x11][0x87][0x6]%r[0xe9][0x6][0xca]rX'{[0xa0]1[0x8a][0x8]GS[0x3][0xd0][0xac]=q[0xe1][0x88][0xc8][0xfe]Hi[0x4]Z[0xdf]`[0xb7][\r]4[0xcf][0x8b][0xb0][0xcb][0xc8][0x2][0xd4]>%[0xce].D[0xd6][0x87][0xd4]D[0xe0]([0xc1][0xd1]^[0xc6],[0xad][0x8d][0x89][0x1f][0xb6][0x5][0x8d][0xca]CC[0x10][0xa9][0xb4][0x86][0xa6]E[0xec][0xb9][0xc]5[0xe1][X[0x12]=[0xf1]h[0x89][0xc8]e[0x88][0x94][0x8]M[0x1e][0xd8][0xfa][0x1d][0x90]D[0x8a][0x8]@c[0xb][0xd0] 3<[0x0][0xf1][0xac][0xdd][0xb2][0x4][0x15]SPo!E[0x16][0xa4][0x12][0xc2][0x9e][0xe8]a[0xc5]8[0xc2]:sS[0xd0][0x0][0x18][0xdc]:[0xdc]K?[0x8c][\r]@[0x3][0x1a]p[0xeb][0x10]S[0x16][0xb0][0x98][0xc1][0xd1][\r]Fo@[0x98][0xa1][0xce][0xc8][0xe0][0xf6][0x9f][0xb1][0x81][0x1]"S#[0xf9][0xf][0x1a]m[0xd8][0x1b][0xb4][0xe8][0xa1]ibFd[0xff][0xde][0xd8][0x0][0xd4][0xae][0xc1][0xe2]=[0x88][0x89]8z[0x5][0xd0][0x16]!"8[0x8d][0xcc][0x8c][0x88]k[0x88][0x19][0x83][0xf3]$[0xd4]>H[0xf3][0x19][0x1e][0x90][0xd8][0x17]6[0xa2]U[0xe9][0xa6]D[0xa6]Hc[0x3][0x3][0xa4]|[0x86][0xd4][0x9a][0x85][0xe4]6[0xec][\r]L[0xf4]~[0x95][0x91][0x1]h[0xd8][0x1e][0x9e]J[0xf0]F[0x1a][0xa2]3[0xc][0x9b]/[0x6][0x97]T>[0x89][0xb9][0x5][0x18]u.[0xb8];[0x8e][0x8]=[0xb]SP[0xaf][0x1d]n[\r]z[0xcd][0x8b][0xa8]9[0x8d][0xc1][0xf3]C[0xb0][0xd0][0x3]7c![0xde][0xc1][0xb1][0xe8][0xe]#[0x9e]L[0x89][0xad]6[0x8d][\r][0x90]V[0xd2][0xa0][0xc5][0x13][0xf6]v,[0xba][0x9f][0x88][0x1d]G06@ZD[0x3][0xb]:h[0xc1][0x81]m [0xb]Z(#B[0xcf][0x8][0xbc][\n]"
12:44:19.299 [main] DEBUG org.apache.http.wire -  << "[0x87][0xb8][0xd0]C[0xf4][0xa7][0x90][\n]"
12:44:19.299 [main] DEBUG org.apache.http.wire -  << "DH[0xac][0xe3]^[0x1f][0x84]a#[0xd1]]Sc[0x3][0xd0][0x9a][0x1b]X|Q[0xbe][0xa2][0x15]o[0xca]@[0x8c][0xdc][0xd2]tf[0xda][0xd8][0xc0][0x10]Q[0xd4][0x7][0x4]+`[0xae][0xd0]MO[0xcc]MU0U(.[0x1][0x8f][0x17]C[0x17]U[0xe1]o\[0xa2]$qDN[0x82]x[0xc4][0xd0][0x8]#[0x3][0xc1][0x17][0x1][0xa3][0xaf][0x0]6[0x6][0x95][0xd6]D[0xa5][0x5][0xd0]T[0x13]r[0xcc][0x14][0x98][0x99]aX[0x93][0x9c][0x9f][0x94][0x98][0x8]"[0x10][0xa9][0x8d][0x4][0xb][0x10]#H[0xce][0xf9]I[0x89][\n]"
12:44:19.299 [main] DEBUG org.apache.http.wire -  << ")[0xa5]9[0xa5][0x18]6d[0xe6]e*d$[0xe6]U&*[0x14][0xa4][0x16][0x81]lJ[0xcc]S([0xc8]/[0x6][0xad][0x9][0x82][0x6][0x9c][0xa9]%[0xb8][0xc2]#[0xce]O[0x88][0x9a][0x83][0x16]1[0x3][0x9a][0xca][0x85][0x6][0x19]M[0x8c]G[0xe4][0xce][0x90]D[0xcc][0xa0][0x82][0xc7]9[0x96][0x85][0xdf][0x86][0x6][0x18][0x80][0xa8][0x5]S[0xc6][0x6][0xa0]z[0xb][0xea]'[0x8f][0x2][0x85][0xb0][0xcc][0xb2]|[0x85]H#[0xcc][0x4][0x97][0x9b][0x9a][0x9b][0x99][0x93][0x99][0x9d][0xa9]P\[0x90]Z[0x9c][0x99][0x96][0x99][0x9d]X[0x9c][0xa9]P[0x99][0x98][0x97][0xae][0x90]X[0x90][0x9]Z[0xbf][0x8][0x8d]-Ps[0x1][0xdc]b .[0xbe][0x10]I[0x9d]~>FZ[0xaa]@[0x1f]#-[[0x18][0x0][0xcb][0x11]=[0x98][0x92][0xd4]b[0xd0]6[0xc][0x85][0x82][0xa2][0xfc][0x94][0xd2]dPvC[0x9d][0xc6]-[0xc9][0xc8],V[0xc8],V([0xc9]H[0x85][0xa9]QHA[0xda][0x10][0x2][0xdf][0xd2][0x1]NyD[0xa6]5[0xd0][0xe4],4[0xad][0x81]K63[0x3][0x3][0x3][0x8c][0x12][0x1]_27[0x5]5}[0x89]JY[0xa0][0xe9]*[0xa8]U[0x3][0xe3]UD[0xe3]k`[0xec][0xa7][m[0x8][0x1a][0x81][0x84][0x86]48RI[0xde][0xb3]Bt[0x8d][0x5]j[0xd2]Cm[0xa2][0xde]AZ[0x7]1 [0x11][0x8a]4[0xea]40[0xf6]#[0xaa][0xd6][0x81][0xb1][0x1f]QvA[0x86][0xd6]0[\n]"
12:44:19.299 [main] DEBUG org.apache.http.wire -  << "[0x8e]4,[0xa3]n[0xf0]b[0x8a][0xd8][0x89]/c[0x3][0xd0][0x84][0x1c]4[0x95][0xc1]&[0xbe][0xc0][0x1d][0x19][0xec]k[0xd8][0x82]R3[0x93]3S[0xf3]R2[0x8b][0x15][0x8a]SS[0x14]2[0xf3][0xca]R[0xf3]J[0xf2][0x8b]R[0x15]2[0xf3][0x92]3S@[0x1b][0xd1]RK[0x14][0x12]KKRs[0x91][0xf6][0x83][0x11][0xbb]F[0xc0][0xd8][0x0][0xb4]>[0x1e][0xea][0x98][0x81][0x9]uD16[0x0]Y[0xe]Q[0x86]Q[0xcd][0xf3][0xc4][0xad][0xf8]360A[0xb4][0xf1][0x9][0xd9][0x8d]h[0x1b][0x83][0xea]B"[0xab]B[0xd0][0xba][0xb9][0x81][0x8c]X[0xa4]U[0x1a][0x84][0xfc]G[0x93][0xa6][0x0][0xd2][0x2][0xe][0xaa][0xd9]Ol[0xdc][0x82][0xb6][0xa8][0x11][0x19][0xf6]d[0xc5]-h[0xfe][0x8a]H[0xf3]i[0x13][0xb6][0x88]~[0x4][0xd5][0xc2][0x16][0x94][0xb4][0x89][0xe]_[0xc4]`2[0xd5][0xec]'[0xda]nD[0x81]E[0xc8]n[0xf2][0xe2][0x96][0x6]e[0x12]Ia[0x8b]([0x97]h[[\r][0x82][0x96]bA[0x13]1m-[0x2][0xcd][0x1b]@-"[0x14]c4[0xc9]-[0xa0][0xb9]_j[0xdb]Olj[0x5][0xcd]s[0x11]i7Y[0xa9][0x15]4[0xb7]E[0xa4][0xf9][0xb4][0x9][[0x1a][0x95]DDV[0xb2]Hk}[0xc8][0xeb][0x9a][0x10][0xdd][0xdd][0x4]-[0xbe][0x83][0x6]4[0xad]mB[0x14][0x0][0x11]N[0xf9][0x15][\n]"
12:44:19.299 [main] DEBUG org.apache.http.wire -  << "[0x83]aB[0xdb][0xd8][0xc0][0x1c]1[0xd6]7 [0x99][0x18]iM[0x12][0xd5][0xec]'6[0x13][0x9b]#z&[0x84][0xec]&+[0x13]#-[0x82]"d>M2[0xb1]9[\r][0xaa]sP[0x95]Gd&FZ[0xb8]4 [0xde][0x7]-}[0x80]fm[0xaa][0xd9]Ol[0xd2]BZ[0xe0]D[0xc8]n[0xb2][0x92][0x16]h[0xcd][0x1f][0xb5][0xfd][0x6][0x8a]Z[0xa2][0xfd]7[0xb0][0xf5][0x3][0xd2]b[0x15]B[0xc1]K[0x8b][0x9c]e[0x4][0xda][0xaa][0x5][\r]~[0xda][0xb6][0xb1]@[0xe7][0xee]@-[0xa2][0x9a]G[0x89][0x8d]c[0xa4]%:[0x84][0xec][0xc6][0x99][0x86][0xf1]-O@Z[0x96]C[0xc8]|ZD"x[0xbf][0xc][0xb5][0xc3][0x16][0x94][0x87][0x88]+[0x1e][\r]A[0xa3][0xa7][0xb4][0xb0][0x9e][0xc8][0xe8]5[0x4]m$[0x1b]P[0xfb]i0.I[0xb4][0xdf]i[[0xf3][0x1b]"-M[0x19][0x88][0xa4]m[0x8]Z>F[0x8b][0xb8]%2i#[0xad][0xc0][0x18][0x10][0xef]#[0xad][0xcb][0xa0]m[0xa3][0xde][0x10][0xb4]{[0x1][0x1a][0xd0][0xb4][0xb6][0x9]Q[0xe3][0xd2][0xda]&D[0xb3][0x91][0xd6]6![0xc6]|hm[0x13]b[0xf4][0x87][0xd6]6![0xba]y[0xb4][0xb6][0x9]1[0x7]Oc[0x9b][0xd0]W[0x9c][0x90]<SHlw[0xdc][0x10][0xa9]aEk?![0xaa][0x1f]Z[0xdb][0x84][0xa8]lhm[0x13][0xdd][0xf2][0x93][0x11]"?[\r]H[0x9][0x8f][0xb4][0xf8][0x85]j[0xf6][0x13][0xdb]x[0x0][0xed]`[0x80][0x96][0xf9][0x84][0xec][0xc6][0xd9].[0xc6][0xb3][0x1e][0xce][0x10][0xe9][0xec][0xf][0x1a][0xa7][0x17][0xa4][0x5]5[0x84]|B[0x8b][0x16][0xb8]![0xd2][0x9a][0x1a][0xaa][0xda]Od3[0x5]iY[0x2]U[0xad]'6!![0xad]L[0xa0]qD#M[0x8d][0xd3][0xda]&D[0x11]D[0x83][0x95]v[0x86]H[0xb3][0x9f][0x88]}[0x85][0xd0]e[0xae][0xb8]N[0xd0][0x8],[0x5]-[0x87]B[0x9c]2[0x9b]X\\[0x9a][0x9b][0x9a][0x97][0x92][0xa8]P[0x9a][0x93][0x93]H[0xd6][0xf4][0xbe]![0xd2],([0x8d][0x3][0x14]i[0xce]3 [0xd8][0x4]c[0xed]DA[0xb1][0x89]BRb[0x11]h[0xd1]![0xd2]B>"3[0xc0][0x0][0xcf]w[0x1a][0x9a]"[0xda][0xb4]T[0xcb][0x80][0xc4]f>[0xa4][\r][0xfb][0x84][0xec]&[0xab][0x14][0x7][0xed][0xf2]"[0xb2][0x96][0xa0]I[0xd9][\n]"
12:44:19.299 [main] DEBUG org.apache.http.wire -  << "[0xda];K[0xb][0xfb][0x89]LZ[0x3]<[0x81]e[0x88]4[0x83]D(zi[0x12][0xfc][0xa0]}[0xc4][0xd4][0xe]~b[0x93]6[0xd2][0x9c][0x16]![0xbf][0x93][0x95][0xb4][0x91][0xf6][0xc7][0x13]2[0x9f]6a[0x8b][0xe8][0xf8]P[0xd5]~"[0x93]6[0xad][0xa6]U[0x88][0x8d]^[0xd0]9[0x6][0xd0][0xa4]E[0x8b]*[0xd6][0x1c][0xa9][0x3][0x8b][0xb4][0xfb][0x8][0xbc]K[0x6][0xc7][0xae]*[0xff][0xdc]<[0xe8]2[0xba]BP][0x9b][0x9c][0x9f]W[0x9c]ZX[0x9a]XRZ[0xa4][0x90][0x9c]_[0x4]:[0xdd][0x1d]t[0xe8]yRf[0xb1]BQ"[0xe8]Tz[0xe4][0x93][0xe5][0x89]^Rgh[0x8e][0x88]vZ[0xf8][0x1b]i[0xba][0x8a][\n]"
12:44:19.299 [main] DEBUG org.apache.http.wire -  << "U:[0x9e][0x1d]W[0x86]H[0x13]S[0x90][\r]J[0xd0]MC[0xd8][0xb7]v9[0x96][0x96]([0xa4][0x16][0x97]([0xe4]$&[0xe5][0x17][0x95][0xe6]*[0x14]'[0x16]d[0xa6][0xe6][0x95][0xa4]"[0x82][0x16][0xbc]J[0x11][0xb4][0x8a][0x91][0x9c][0x95][0x8a][0x86]HSUy[0x89][0xb9][0x89][0x90]E[0xe3][0xa0][0x8d][0x1][0xa8][0xeb][0xca][0xb3][0xa1]'[0xfe]#[0xe4][0xa1][0xed][\r]b[0x93]-[0xd2][0x94][0x15]M[0xa2][0xf][0xd1][0x96][0x80][0xee]K[0x87][0xee]![0xc3][0xb5][0x3]>[0x18][0xb4][0xc6]3/[0x11]|[0xf8]"y![0x87][0x18](C[0xde][0xe7][0xb][0xdd][0x95][0x85]}S[0xa0]_bIi[0xb1]Bj[0x89]Bqf^[0x9]y[0xb6]"Z[0xd8]T-[0xfd][0x88][0x8e][0xc7][0x1][0xee][0xfa]#[0xed][0x8a]G[0xda][\n]"
12:44:19.299 [main] DEBUG org.apache.http.wire -  << "[0x7][0x8b]ll[0x1b][0xef][0xc2][0xf2]sJ[0xb]J[0x12]KR[0x8b][0x15]J[0x10][0xdd][0x80][0xd4][0x12][0x85][0xd4]Rp[0xec]+[0x94][0x82]W[0xfa][0x92][0x17][0x1b][0x88]Bi@b[0x83][0x1e]3[0xa1][0xf8][0xca]2[0xf2]'([0x1][0x0][0x0][0x0][0xff][0xff]"
12:44:19.299 [main] DEBUG org.apache.http.wire -  << "[\r][\n]"
12:44:19.299 [main] DEBUG org.apache.http.wire -  << "6E9[\r][\n]"
12:44:19.299 [main] DEBUG org.apache.http.wire -  << "[0x2][0xed]^!ng[\n]"
12:44:19.299 [main] DEBUG org.apache.http.wire -  << "[0x9e]IDC[0xa4]IJ[0xd8][0x16]L[0xd0][0xbe][[0x1c][0xa7]#8[0x82][0xee][0x16][0xc9][0x3]WL[0xf0]e[0xde][0x85][0xa5][0x99][\n]"
12:44:19.299 [main] DEBUG org.apache.http.wire -  << "y[0xa5][0xb9][0x85][0xa5]dv[0x5][0xe9]1[0x8d][0x89]7[0x4]0[\n]"
12:44:19.299 [main] DEBUG org.apache.http.wire -  << ">[0xe8]y[0x2]8[0xe][0xcb][0xf4][0xcc]-HM[0xc9],Q(J[0x5][0xd5]&[0xb0][0xb]`[0xc0][0x15]7[0xa8][0xd6][0xce][0x4][0xe7][0x6]x[0x17][0x19]\[0xeb][0x90]W_#[0xdd][0xea]10Y[0x3]QP"6[0xf6]C[0xb]g[0xec][0xa7]n!]ES[0x94]ZP[0x9a][0x92][0x99][0x98][0x97][0x92][0x98]JQ[0xa3][0x5][0xe9]$[0x3][0x9a][0x5][0x2][0xde][0xd4][0x81]h[0xcd][0xd1][0xcc]~|[0x83][0x99][0xa0][0x91]hcu [0xec][0x7][0xb7].[0x7][0xd4]~[0x1a][0xac][0xaf]#[0xb2][0xa6]6B:[0x8e][0x81]P[0xd8][0x93][0xd3][0xf]4[0x2][0x9d]1=[0x90]a[0xb]:|[0x1f]j?MW[0xe1][0x18][0xd1]j:[0x9f][0xb8][0xe][0xa7][0x11][0xe8]hm[0xa8]?[0x9][0xc5]#-[0xfa][0xdb]FH[0xd3][0xe9]4[0xb3][0x1f]O[0x19]f[0x84]4[0xc9]N3[0xfb][0xf1][0x94]aF[0xa0]K%[0x6]4[0xfc][0x11][0xfd][0x8c][0x81][0xf1]?[0xa2]"[0xa5]B[0xcf][0x18]oH#j+[0x1a][0xdb]D[0xb7])m#[0xa4][2[0xa8][0xe0]'<mq#[0xa4]S[0xe]h[[0x1e][0x1a]![0x9a][0x9c]T[0xf0][0x12][0xbe][0x4][0x81]tA[0x6][0xad]mB$[0xf2][0xcc][0xbc][0x94][0xfc][0xdc]L[0xcc][0xbb]{[0x12][0xb3]K[0x15][0x8a]K[0xb3][0x13][0x15][0x10][\n]"
12:44:19.299 [main] DEBUG org.apache.http.wire -  << "[0xa0]c FD[0x9f][0x9c]`[0x84]4s[0x8e]0[0x6]u[0xa8][0x85]:[0xf6] e[0xa5][0xc4][0xdc][0xe2][0xd2][0xbc]t[0x85]`#c[0x85][0xd0][0x9c][0x92][0xa2]D[0x8c]Y$[0xa4][0xea][0xdf][0xcc][0x80][0xb8][0xf3][0x95][0x8d][0x8d][0x90][0xe6][0xc1]i[0x1c]7H[0xf3][0xd4][0xc1][0x4][0xfd][0xe2][0x9e][0x98][0x93]XQ[0x89][0xf0][0x11][0xb1][0xad]%[0xa4][0xc9]hZ{[0x87]^[0xb]B[0x8c][0x90][0xcf]m [0x18]p[0x88] 3$>[0x11] [0x1d][0xd7]@[0xeb]PCdPZ[0xdb][0x84][0x18][0xe1][0xa2][0xb5]M[0x88]L[0x1a][0x0][0x19][0x11][0xc1][0xc8][0x9a][0xa0]svRR[0x8b][0xb3][0x8b]2[0xb][0x8a]3[0xc9][0x1d]|5BZ[0xea]@[0xdb][0xaa][0x1]iM[0x3][0x8d]-Bt[0xac]hl[0x11]b[0xa1][0x18][0x8d]-B[0x14][0xb][0xa8]'[0xb9][0x82].[0x1d][0xc3]1[0xf3][0x12][0x96]Z[0x4][0xbe][0xd6][0x17]r[0x88][0x1][0xd2][0xe8]&[0xe2][0x16]][0x85][0x94][0xcc][0xf4][0xbc][0xcc][0xe2][0xe2][0xcc][0xdc][0xfc]br[0x86]8[0x8d][0xe8][0xb6]x[0xc4][0x8][0xe9][0xd0][0x4][0x1a]g<[0xa4]{)hm[0x13][0xdd][\n]"
12:44:19.299 [main] DEBUG org.apache.http.wire -  << "[0x13][0xa4][0x93][0xf]`[0xb5]$[0xa4].Tp4&[0xed][0xb4][0x1e][0xa2][0xcf][0xdc][0x0][0xdf]"[0x4][0xed][0x1a][0xd1]`R[0xc7][0x8]i[0xb9][0xcf][0x80][0xf4]|[0x90][0x96][0xf9][0xc][0x8c][0xfd][0x88][0xb2]g`[0xec]G[0x14]I[0x3]c?ZG[0x83]v[0xe7]N[0x19]![0xad][0x7]B.}[0xc1]'[0xc8]`=[\n]"
12:44:19.299 [main] DEBUG org.apache.http.wire -  << "[0x13]4[0xcd][0x80]h2[0x19][0x99][0x83]ZB[0xc4][0x9c]pe[0x84][0xb4]2[0x8][0xf9]>[0x8][0xb0]MD[0x1d][0xa2][\r]9x[0x92]8[0xbb][0x10][0xa5][0xf][0xec]L[0x1c][0xc8]D>[0xf6]Cq[0xa0]3[0x7][0x8]o[0x99][0x1a][0x12]y[0xe4][0xbf][0xb1][0x11][0xe8]$PhQ[0x0][0x9b][0x89][0x81][0x9d]^[0x8b][0xe3][0x84]u[0xe8][0x9c][0x1d][0xc2]6[0xb][0x13][0xd0]a[0xbc][0xc4]y[0xc]1[0xef][0x86][0xb8]E[0xe]rt-[0x8e][0xaa][0x12][0xba]J[0x10]a[0x9b][0x89])h[0x0][0x91]([0xdb][0x90][0x8e]:[0x80][0xcc][0xd8][0x83]#[0xb]k[0xb2][0x80][0xcc][0xe5]#l1[0x2][0xaf]Y$[0xce][0x16]D[0x93][0x6][0xf9]pq[0x88][0x89][0xb8]V7[0xa2]&CSK[0xd0]t[0x14]q[0xb6]![0xca][0x16][0xf8][0xf5]8[0xd0]0[0xc2]zm[\r]$p[0x11][0x1e]3[0x6]W[0xd7][0xc4]Y[0x85](F[0x90][0xf3][0x16][0xd4]c[0xd8][0x93]"[0xe4][0xd4]`$[0xeb],@[0x85]1q[0xd6]![0xc6][0xcb][0xe0]>[0xc3]k[0x17][0xe4][0xc8]`[0x84]]fD[0x9f][0xd5]kD[0xc2]Z+[0x9a][0x8c][0xcd][0xe][0xf0]Z,#3D>[0x4]7[0xa4]hXB[0x83]J"h[0x1]3 [0x95][0xd1][0x0][0x1f][0x95]`D[0x8b][0xa3][0x12]@[0xfb]U[0x89][0x1d] ![0xe1][0xb8][0x4][0x9a]$[0xf5][0x1]>N[0xc1]h[0x80][0xd7][0xfd][0x19][0xa1]/P[0xa3]aVC^[0xa1]F[0xd3][0xc3][0x9f][0x8d][0x90]V[0x85][0xd1][0xba][0xfc][0xb0]@kL[0xd2]l[0x17][0x9b][0x91][0x5][0xdd][0x86][0xaa][0x90][0xee]#[0x1][0x7][0x1f][\r][0xfd][0x84]V[0xd0][0xd3][0xce]&[0xa4]%E[0x88]u[0x1b][0xd0][0xb6]"[0xae]V[0x90]cQrFfIjrI[0xbe][0x2]lEK1h}_>xejj1YK[0xed][0x8c][0x90][0x16][0x17][0x81]C[0x97][0x86]9[0xe][0xd4]l[0x83]Vn[0x8]OC[0xaf][0x95][0xc1][0xbe].[0xd4]/3#3G!5[0x11][0xb4]8[0x94][0xac]q[0x1d]K[0xba][0xe5][0x7]K[0xba][0xe5][0x7][0xa4][0xe5]&4[0x1d][0xac]3F:=[0x1]6[0xd8][0xe2][0x98][0x85]9[0xb1][0x82][0xef]Ld[0xa2]GY[0x8c][0x91][0x16]r[0x80][0xd3]![0xcd][0xf2][0x9e]1[0xf2][0xd5][0x13]4-[0xf8][0x8d][0x91][0x16]5[0xd0][0xd8]OH[0xd3][0xf7][0xb4][0xb6][0x9]1[0x9c]Oc[0x9b][0xa8];[0xa9][0x8c]g[0x6][0xd6][0x18]t[0xeb][0x11][0xb4]`B[0xee][0x94][0xc2][0xbb][0xf6][0xd8][0xae][0xc8][0xf1]K-,MU([0x83],[0xbb]-[0x6][0x15]P[\n]"
12:44:19.299 [main] DEBUG org.apache.http.wire -  << "[0x99])[0xd0][0x82][0x19]y[0xbf][0x1d]h$[0x84][0x98][0x1e][0x9d]1[0xd2][0xa4])[0x8d][0x3][0x96]n[0x9b]o[0x8d]A[0xb7][0x6]A[0x3][0x96][0xd6]~[0xa2]WA[0xf][0xbe]9[0x85]>~B[0x9a]g[0xa2]q[0xe8]!M[0xc][0x9e]s[0xfb][0x8c][0x91]&0[0x6][0x93][0xab][0x10][0xc3][0x8d][0x83][0xc9]U[0x88]by0[0xb9][0xca][0x12]~[0x3][0xde]`[0xb9][0xdf][0xd0][0xd8][0x18]4[0xc6][0x6][0xcd][0xc0][0x83][0xc8]Q[0x88][0xe1][0xc3]A[0xe4]([0xc4] #[0x8d][0xb] [0xa4][0x81]u[0x1a][0xdb][0x84]t[0xa2].[0xad]m[0xa2][[0x95][0x84]4@[0xeb][0x11][0xa0][0x90][0x9b]Y[0x92][0x8f][0xb1][0xc4][0x2][0xdc]H/I-JJD[0xbe][0x10][0xc7][0x14][0xa4][0x93][0xa8][0xd6][0xc9][0x0][0x8f][0xc1][0x1a]#[0x8d][0xc1]Rm`[0x94][0xc8]AAc[0x12][0x6]e[0x11][0xe3][0xeb][0xa0]QG[0xe2][0xd6]>[0x1b][0xf][0xf0][0xa0][0xab]1[0xad][0x6]][0x89][0xf5]>"[0x9f]P-jA[0xa1]Ot[0xf4]"z[0xee]4[0xb3][0x1f][0xcf][0xd2]o[0xf0][0x9d][0xed][0xd0][0xfa][0x88]f[0xf6][0xe3][0xeb][0xfd] m[0x86][0x1e][0x18][0xfb][0x11][0x8d][0x84][0x1][0xb1][0x1f]i[0xcc]y`[0xec]GL[0x89][0xe][0x8c][0xfd][0x88]I[0xd2][0x81][0xb1][0x1f][0xd1][0xf4][0x19][0x18][0xfb][0x11][0xe5][0xf][0xad]jO[0xa4]![0xec][0xc1][0xd3][0xba][0xb3]@[0xe4];*[0xb4][0x84][0x8c]u[0x94][0x9c][0xa1][0xdb][0xe7]S[0x8b][0x95][0xac][0xa2][0x91].[0x8d]4F[0xda][0xc0];x[0xbc][0x8f]4[0xf0][\r]][0x97][0xaa][0xe0][0x9a][0x93][0x88][0xe5][0xc2]t[0xd0][0xc5][0x8f][0xe0][0xfd][0x91]`9[0xe8]jx[0xd0] ,[0xbc][0xe1][0x84][0xd7][0xef][0x88][0xd4]M[0x83][0xd5]c[0xc6]H[0x3][0xdc]n[0xa5]Ey[0x99]%[0xa5]E[0xa9][\n]"
12:44:19.299 [main] DEBUG org.apache.http.wire -  << "![0xf9][0x98][0xb7][0xda]"dS[0x12][0x8b]2[0x15][0xbc]R[0xb][0x12][0xc1][0x8b][0xe4][0xa1][0xfe]1[0x4][0xdd][0xf9][0x3][0xf7][0x10][0xbe][0xea][0x82]n[0x3][0xdd]&H[0xa7][0x7]S![0x81][0xe2][0xf1][0x93][0x9][0xd2]H7"[0x9c]h[0x19][0x8a]&H[0xfb][\n]"
12:44:19.299 [main] DEBUG org.apache.http.wire -  << "i[0xed]7D[0xf1][0x86]XE[0x4]Yy[0x82]c[0x15][0x91]cNfb[0xb1]BZiz[0xa2]B)[0xf2][0xa4][0x12][0xf8]8gb[0xd2][0x88][0x89][0x1]b[0x8c][0xc4][0xb3] #?/U[0xc1][0xd0]P[0xc1][0xcc]D!=[0x9]{[0xc7]$#[0x11]tx[0x8a][0x2][0xfa]}[0xb1]D[0xcf][0x1e][0x98][0x80]6t@[0xdb]P0[0xb][0x8d]hj![0xd2][0xd0]>[0xcc]B[0xda][0xfa][0x10][0xe9][0xbc]a:Y[0x88]([0xb8]h[0x9c]B[\r]1[0x86][0x19][0xcc]i[0x94]L[0xc][0x11][0xe9]2 1'[0xd1]'[0xdf][0x7][0xcf]t[0x16][0x96][0xd4][0x8][0x1a][0xcf][0x86]g[0x0]<[0xdb][0xd4]Lh{[0xb][0xb3][0x9]hQ[0x1f]4[0xb9][0xd3][0xa0]R1A[0xda]8[0xe8]T[0x94][0x98][0x9c][0x9a][0x93][0x8a]y[0x7][0xab]obJ[0xaa]B~[0x9a]BFfz[0x86]BaibNfI[0xa5]BAjbQN1[0xa2][0x13]l[0x4]2[0x9][0x1e]`[0xf8]J`[0xa4]Cqi[0xe2]#D[0x1b][0x97]&[0xc6]#[0xf2][\n]"
12:44:19.299 [main] DEBUG org.apache.http.wire -  << "[0xdd][0x2][0xc]Q[0xac][0xd3][0xcd]JD>[0xa5][0xa6][0x95][0xf8][0xf2][0x11][0xd2][0xcc][0x1c]5[0xad][0x84][0xa5]D[0x0][0x0][0x0][0x0][0xff][0xff]"
12:44:19.299 [main] DEBUG org.apache.http.wire -  << "[\r][\n]"
12:44:19.299 [main] DEBUG org.apache.http.wire -  << "5B2[\r][\n]"
12:44:19.299 [main] DEBUG org.apache.http.wire -  << "[0xca]/[0xca]Do[0xac][0x9a][0xd0]m[0x1e][0xce][0x4]is![0x8d]:[0x1e]&HS}[0xb4][0xc][0xbf]j%O[0x17]%+C#[0xb][0xa4][0xa2][0xdc]199[0xb5][0xb8][0x18][0x12][0xc2]:J[0xa8][0xbb]?K[0xf2][0x15]R[0xf3]2[0x12][0xf3][0x92]S[0x15][0x12][0xb]@[0x85][0x6][0x88][0xa9]T[0x8b][0xd4]g0A[0xda][0xf]Y[0x9c]Z[0x90][0x9a][0x82]YP'fV[0x82][0x4][0xa1][\r]X[0xf0]>[\n]"
12:44:19.299 [main] DEBUG org.apache.http.wire -  << "[0xa2][0x8a][0x1a][0xa4]M[0x90][0xb4][0xc][0x13][0x14][0xcf] [0xca][0x7]j{[0x86][0xfe][0xc5][0x0]h[0x13][0x0][0xb4][0xf2][0x9][0x6][0xc7][0x8c][0x82]OfqI[0x11]x\[0x19]5[0x9a][0xa1][0xd2]9[0x10]i[0x85][0xbc][0xf4][0xd4][0xa4]RPMBz[0x94]![0x86][0xe8][0xa0]fB[0xad]TpJ[0xcc]I[0xc4][0xec][0xec]@[0x15][0xa1]Z[0xac][0x90][0x94][0x98][0x97][0xe][0xae][0xc9][0xa0][0xf6][0x9b][0x82][0xb6][0xde][0x10][0x97]d[0x10][0xed][0x6][0xba]%[0x19][0xc4][0x84][0x1e][0xdd][0xac]D[0xc][0x8][0xd0][0xcb]J[0xa4])n[0xe8][0x89]v[0xd0][0x9e][0x9][0xb6]%[0x17][0xa1]%[\n]"
12:44:19.299 [main] DEBUG org.apache.http.wire -  << "[0xa9]EE[0xf9]E[\n]"
12:44:19.299 [main] DEBUG org.apache.http.wire -  << "E[0xa9][0xc9][0xa5][0xc5][0x90]s[0x8b][\n]"
12:44:19.299 [main] DEBUG org.apache.http.wire -  << "[0xf2]A[0xbb][0xfe]J[0x8b][0x15]r[0xf3]s@[0xb7][0xc6]'[0xa6][0x82][0xe][0x9]T[0xc8][0x84][0x1c][0x0][0x85][0xb4]f[0x8c][0xf8][0xce][0xb][0xd2]e[0xd6][0x88][0xe][0x93]Of^j[0x9e][0x82]S~II[0xe][0xe6][0xa6]y[0xd0][0xf1][0x85][0x5][0xa9]E[0xc5][0x5][0x99][0xc9][0x99][0x89]%[0x99][0xc5][0xd0]e [\n]"
12:44:19.299 [main] DEBUG org.apache.http.wire -  << ")[0x99][0xc9]%[0x89][\n]"
12:44:19.299 [main] DEBUG org.apache.http.wire -  << "[0x5][0xf9]EE[0xf9][\n]"
12:44:19.299 [main] DEBUG org.apache.http.wire -  << "[0x99][0x5][0xc5][0xa5][0xb9][\n]"
12:44:19.299 [main] DEBUG org.apache.http.wire -  << "[0xa9][0xc8][0xa7][0xf0][0x91][0xe0]$D[0xf3][0x85]n1[0x83]([0xb2] [0xdb]A ![0xe0][0x9e][0x93]_[0x96][\n]"
12:44:19.299 [main] DEBUG org.apache.http.wire -  << "j[0xe1][0xa1][0xe6]t[0xff][0xb4][0xb4][0xcc][0xe4][0xcc][0xcc]b[0x5][0xe4]s1[0x13][0xf3]2s3[0xe1][0x11]S[0xc][,S[0x92][0xaa][0x90][0x92][0x9a][0x93][0x9a][0x97]Y[0x92]I^[0xfc][0xd0][0xbf][0xc8]C[0xda][0xb4][0xe9][0x9e]_[0x94][0x9e][0x9a]_Z[0xac][0x0][0xdb]m[0x91]X[0x84][0xd1]Y[0xf1][0x7][0x9d]=[0x6]^[0xa3]Y[0x9a][0xb][0xba]_[0x1b][0x9a][0x4][0xc0][0xe7][0x8c]e[0xe6][0x17]C[0xce]cTH[0xcc][0xc9],,[0xcd]LQ([0xce]$[0xaf][0x93][0x8d][0xb4]<[0x2][0x91]Na[0xbb][[0x9c][0xf3][0x13]A%-j,[0xb9][0x96][0x80]z[0xf5][0x99][0x89]%[\n]"
12:44:19.299 [main] DEBUG org.apache.http.wire -  << "[0x90]5[0xa3][0xb9][0x99]y[0x99][0xb9][0x89][0xb0][0x93][0xe1][0x14][0x8a]K[0x8b][0x93]3[0xb][0xc8]u[\r][0xa2][0x88]D[0xde][0xf1][0x15][0x9e][0x9f][0x9f][0xa3][0x10][0x9c][0x91]Y[0x84][0xd5]5[0xa0]3?[0xa1]K[0xa8]J2[0x93]J[0x8b][0x15][\n]"
12:44:19.299 [main] DEBUG org.apache.http.wire -  << "r[0x12][0x93]S[0x13]K[0x14]R[0xc9][0xc][0x12]D[0xa1]I[0xe3]>+[0xa8][0xea][0x80]V[0x82][\n]"
12:44:19.299 [main] DEBUG org.apache.http.wire -  << "[0x18][0xf1][0xf][0x9e]l[0xa5]xL[0x3][0xe9]Tt[0xb2]<C[0xe4][0xfc][0x97][0x9][0xd2][0x9][0xe9]d[0xd9]C[0xfc]([\r][0xd2]Y[0xe8][0xf4]*[0xc6][0x90][0xb6]<[0xd2][0xcd]JDc[0x85]nV"2[0x1f][0xdd][0xac][0xa4]_VC4Kh[0x9c]>[0x91][0xb7]@BV[0x6]c^`[0x8b]/o[0x9b][0xa0][0xcc][\n]"
12:44:19.299 [main] DEBUG org.apache.http.wire -  << "[0xa0]w2a[0x9d]$S[0xa4][0x6][0x86]{bn&xZ[0x1][0xb5][0xa0]v[0xcb]/R[0x80][0xac][0xed]V((-*[0xc8]/N-F[0xed][0x1d][0xd1]m[0x15][0x8b][0x9][0xd2]-[0xd0][0xb4][0xe]}[0xa4][0x16][0x7]$[0xf4]MiT[0xb2][0x9a]!Z[0x10][0xb4][0xf6][0x13]b[0xc8][0x84][0xd6]6!J[0x1d][0xa8]M[0x83]6[0xed]"[\n]"
12:44:19.299 [main] DEBUG org.apache.http.wire -  << "+[0x9c].E[0xc]![0xe2][0xab][0xc5][0xa8][0x9a][0xa3]0[0xca][0xb3]A[0x1b]~[0x18][0xe5]![0xa6]K[0xe9][0x1f]~H[0x8b][0xa4][0xa0][0xb1]J[0xab][0xdc][0x8b][0xb4]\[0xca]/[0xb1]8S[0xc1]%[0xb1]4O[0xc1]+[0xb5][0xa8][0x14][0xf3]@w[0xb0]|yj^bv[0xb6]BIj^b[0x9e]BniQn*[0xa8][0xc5][0xe][0x1d][0x3]0[0xb4][0xc4][0xac][0x19],[0x89]Y [0x1d]r[0x9b][0x9c][0x9f]W[0x92][0x9f][0xa1][0x9b][0x8c][0x98][0xee]F[0x1f][0xdf]rK,[0xce][0xc8][0xcc][0xcf]KL[0xca]IE-[0xb7][0x91][0x96]Z[0x81][0xdd][0x86]p[0xbb]Bbeb[0xae]Bz~Q*[0x96][0xfa][0x0][0xac][0x96]J[0xfe]@[0xa4]s[0xc2][0xfe][0xc0]T[0x81]2F[0x87][0xb4][[0x96][0xd6]qN[0xb7]r[0x14][0xe9][0xe6][0x9]Z[0xfb][0x9]#[0x1f][0xd3]*[0xc7][0xd0]m[0xab][0xab][0x9][0xd2]VW[0x82][0xcb][0xd0][0xe9]U[0xb2]#[0xed][0x89][0xc5][0xe1]&Ds[0xb]Qn[0xd2][0xaf]-[0x87]t[0xd8][0xff][0xe0]t[0x1f][0xdd][0xd2])[0xd2][0xae]X[0x1c]!1[0x10][0xf1][0x83][0xb4]Ph0[0xb9][0x8a]n[0xad]e[0xa4]%F[0xd8]Wo[\r]l[0xf6]AZ[0x8f][0x84][0xdd]y[0x3][0x92]f[0x10][0xb5],vG[\r]h[0x98][0x99]"[0xad][0xac][0xc2][0xee][0xbc][0x1][0x8]3S[0xa4]EX[0xb4][0xad]yM[0x91][0x16]_a[0xf7][0xfe][0x0][0xc7][0xe][0xa2][0xb1][0x83][0xdd]y[0x3][0x12];[0x18][0xfd]K[0x1a][0xb5]V[0xc0][0xe7][0x12]A[0x87]V[0xb1]{`c[0x7]i[0xe5][0x17]v[0xe7][\r]D[0xec] [0xad][0xe][0xc3][0xee][0xa8][0x1][0xe]3De[0x85][0xdd]y[0x3][0x12]f[0xf4][0x1a][0x5]2EZ[0x15]A[0xe3][0x92][0xcd][0x90]n[0xb9][0x14]i)[0x1d][0xad][0xfd][0x84][0xa8]Kil[0x13]h[0xb5][0x1a][0xb4][0xe4][0xa1][0xb5]M[0x88][0x9]]Z[0xdb]D[0xb7]TN[0xb7]s[0xec]M[0x91]V[0x85][0xd1]:[0xf4]0[0xc6]*iU[0xeb]![0xdd][0xf6]Nk?[0xd1][0xab]?g[0x8a][0xb4][0xfa][0x8c][0xc6]~BZ-Fk[0x9b][0x10]9[0x17]{U6[0xb0]5[0xad]1"[0xbb]cw[0xde]@[0xd4][0xb4][0xc8]+[0xc6]h:[0xb3]cjL[0xb7][0xfa][0xcf][0x18]Q2x[0x4](8[0xe7][0x17][0xa5]*d*`[0x16][0xe]9[0xa9][0x5]%[0xf9][0x5][\n]"
12:44:19.299 [main] DEBUG org.apache.http.wire -  << "[0x18];[0xaf]-A[0x80][0xb8][\r][0xb2][0xa6][0xc6]t[0xab][0x0][0x91][0x96]c[0xd1]m+[0x1e]l[0x84][0xdd][0x14][0xe9][0x6]*[0xf8]&[0x1c][0x8c][0x9][0xc0]4l3[0xa3]:[0x8]3[0x10]]'[0x12][0xcd]@Z[0xae][0x89]<AK[0xb5]` j[0xb4]s[0x10][0x5][0x1][0xa2][0x98]#[0x14][0x4][0x88][0x12][0x5][0xb4][0xeb][0x1a]O[0x9a]F[0xc4][0x12][0xa2][0x90]"1[0x96][0xa8][0x1e][0xd3][0x88][0x8e][0x9]!o[0xd2][0xe2][0xbc]OS[0xa4][0x83]w[0xa8]j?mc[0x1]%[0xaf] J\[0xaa][0xfa]`[0xa8][0xe5][0x17]D[0x19]M[0xb3]`@?D`0[0xe6]'D[0xdb][0x92]f[0xc1][0x80]s][0xcd][0xe0])=[0x91]V[0x7][0x8e][0xe8]`[0x18][0x80][0x93][\r][0x6]a[0xa6]@Z[0xc8]9[0xa2]S[0xc3][0x0][0xd4][0xb5][0x83]15 [0x1a]?#:5 Z[0xea]#:[0x18][0x10][0xcd]'[0xd8][0xc0][0x85][0xa9])f7[0x12][0xdf][0xaa]S[0xa2][0xd7]_[0x9b][0x9a]"[0xfa][0xac][0xd4][0xdd][0x86]f[0x8a]t~[0x9b]g^IjNNfzj^[0x89]BpIj*h[0xf9]>[0x96]-#[0x9e])[0xa0]m[0xc3][0xc5][0x99][\n]"
12:44:19.299 [main] DEBUG org.apache.http.wire -  << "[0xa0][0xbb][0xea][0x8b][0x15][0xc0][0x97][0xb3][0x17][0x96]&[0x16][0x93][0xb5])[0xc4][0xd4][0x14][0xd1][0xf0][0x80][0x85]#F[0xdf][0x91]:[0x81][0x88][0xb9]H[0x98][0xba][0xd1][0x15][[0xcb][0x5][0x0][0x0][0x0][0xff][0xff]"
12:44:19.299 [main] DEBUG org.apache.http.wire -  << "[\r][\n]"
12:44:19.300 [main] DEBUG org.apache.http.wire -  << "A[\r][\n]"
12:44:19.300 [main] DEBUG org.apache.http.wire -  << "[0x3][0x0][0xf2]B[0xf6][0x1e][0x15][0xe5][0x0][0x0]"
12:44:19.300 [main] DEBUG org.apache.http.wire -  << "[\r][\n]"
12:44:19.300 [main] DEBUG org.apache.http.wire -  << "0[\r][\n]"
12:44:19.300 [main] DEBUG org.apache.http.wire -  << "[\r][\n]"
12:44:19.300 [main] DEBUG io.restassured.internal.RestAssuredHttpBuilder - Parsed data to instance of: class org.apache.http.conn.EofSensorInputStream
12:44:19.301 [main] DEBUG org.apache.http.impl.conn.BasicClientConnectionManager - Releasing connection org.apache.http.impl.conn.ManagedClientConnectionImpl@7aece85c
12:44:19.301 [main] DEBUG org.apache.http.impl.conn.BasicClientConnectionManager - Connection can be kept alive indefinitely
12:44:19.319 [Finalizer] DEBUG org.apache.http.impl.conn.DefaultClientConnection - Connection 0.0.0.0:65192<->149.248.193.56:443 closed
12:44:19.321 [Finalizer] DEBUG org.apache.http.impl.conn.DefaultClientConnection - Connection 0.0.0.0:65194<->149.248.193.56:443 closed
12:44:19.321 [main] DEBUG net.thucydides.core.steps.StepInterceptor - STEP DONE: I send HTTP GET request
  &amp#27;[32mWhen &amp#27;[0m&amp#27;[32mI send GET HTTP request&amp#27;[0m                             &amp#27;[90m# starter.stepdefinitions.UserSteps.iSendGETHTTPRequest()&amp#27;[0m
12:44:19.322 [Finalizer] DEBUG org.apache.http.impl.conn.DefaultClientConnection - Connection 0.0.0.0:65193<->149.248.193.56:443 closed
12:44:19.324 [main] DEBUG net.thucydides.core.steps.StepInterceptor - STARTING STEP: UserSteps.iReceiveValidHTTPResponseCode404 - I receive valids HTTP response code 404
  &amp#27;[31mThen &amp#27;[0m&amp#27;[31mI receive valid HTTP response code 404&amp#27;[0m              &amp#27;[90m# starter.stepdefinitions.UserSteps.iReceiveValidHTTPResponseCode404()&amp#27;[0m
      &amp#27;[31mjava.lang.AssertionError: 1 expectation failed.
Expected status code <404> but was <200>.

	at java.base/jdk.internal.reflect.NativeConstructorAccessorImpl.newInstance0(Native Method)
	at java.base/jdk.internal.reflect.NativeConstructorAccessorImpl.newInstance(NativeConstructorAccessorImpl.java:62)
	at java.base/jdk.internal.reflect.DelegatingConstructorAccessorImpl.newInstance(DelegatingConstructorAccessorImpl.java:45)
	at java.base/java.lang.reflect.Constructor.newInstanceWithCaller(Constructor.java:500)
	at java.base/java.lang.reflect.Constructor.newInstance(Constructor.java:481)
	at org.codehaus.groovy.reflection.CachedConstructor.invoke(CachedConstructor.java:73)
	at org.codehaus.groovy.reflection.CachedConstructor.doConstructorInvoke(CachedConstructor.java:60)
	at org.codehaus.groovy.runtime.callsite.ConstructorSite$ConstructorSiteNoUnwrap.callConstructor(ConstructorSite.java:86)
	at org.codehaus.groovy.runtime.callsite.AbstractCallSite.callConstructor(AbstractCallSite.java:277)
	at io.restassured.internal.ResponseSpecificationImpl$HamcrestAssertionClosure.validate(ResponseSpecificationImpl.groovy:512)
	at io.restassured.internal.ResponseSpecificationImpl$HamcrestAssertionClosure$validate$1.call(Unknown Source)
	at io.restassured.internal.ResponseSpecificationImpl.validateResponseIfRequired(ResponseSpecificationImpl.groovy:696)
	at io.restassured.internal.ResponseSpecificationImpl.this$2$validateResponseIfRequired(ResponseSpecificationImpl.groovy)
	at jdk.internal.reflect.GeneratedMethodAccessor155.invoke(Unknown Source)
	at java.base/jdk.internal.reflect.DelegatingMethodAccessorImpl.invoke(DelegatingMethodAccessorImpl.java:43)
	at java.base/java.lang.reflect.Method.invoke(Method.java:564)
	at org.codehaus.groovy.runtime.callsite.PlainObjectMetaMethodSite.doInvoke(PlainObjectMetaMethodSite.java:43)
	at org.codehaus.groovy.runtime.callsite.PogoMetaMethodSite$PogoCachedMethodSiteNoUnwrapNoCoerce.invoke(PogoMetaMethodSite.java:198)
	at org.codehaus.groovy.runtime.callsite.PogoMetaMethodSite.callCurrent(PogoMetaMethodSite.java:62)
	at org.codehaus.groovy.runtime.callsite.AbstractCallSite.callCurrent(AbstractCallSite.java:185)
	at io.restassured.internal.ResponseSpecificationImpl.statusCode(ResponseSpecificationImpl.groovy:135)
	at io.restassured.specification.ResponseSpecification$statusCode$0.callCurrent(Unknown Source)
	at io.restassured.internal.ResponseSpecificationImpl.statusCode(ResponseSpecificationImpl.groovy:143)
	at io.restassured.internal.ValidatableResponseOptionsImpl.statusCode(ValidatableResponseOptionsImpl.java:89)
	at MiniprojectApi@1.0-SNAPSHOT/starter.user.NGetAllProduct.lambda$iReceiveValidHTTPResponseCode404$0(NGetAllProduct.java:22)
	at net.serenitybdd.rest.SerenityRest.restAssuredThat(SerenityRest.java:626)
	at MiniprojectApi@1.0-SNAPSHOT/starter.user.NGetAllProduct.iReceiveValidHTTPResponseCode404(NGetAllProduct.java:22)
	at MiniprojectApi@1.0-SNAPSHOT/starter.user.NGetAllProduct$ByteBuddy$T6rU2pu4.iReceiveValidHTTPResponseCode404$accessor$SNdTGYJw(Unknown Source)
	at java.base/jdk.internal.reflect.NativeMethodAccessorImpl.invoke0(Native Method)
	at java.base/jdk.internal.reflect.NativeMethodAccessorImpl.invoke(NativeMethodAccessorImpl.java:62)
	at java.base/jdk.internal.reflect.DelegatingMethodAccessorImpl.invoke(DelegatingMethodAccessorImpl.java:43)
	at java.base/java.lang.reflect.Method.invoke(Method.java:564)
	at net.thucydides.core.steps.StepInterceptor.invokeMethod(StepInterceptor.java:503)
	at net.thucydides.core.steps.StepInterceptor.executeTestStepMethod(StepInterceptor.java:483)
	at net.thucydides.core.steps.StepInterceptor.runTestStep(StepInterceptor.java:457)
	at net.thucydides.core.steps.StepInterceptor.runOrSkipMethod(StepInterceptor.java:209)
	at net.thucydides.core.steps.StepInterceptor.testStepResult(StepInterceptor.java:196)
	at net.thucydides.core.steps.StepInterceptor.intercept(StepInterceptor.java:84)
	at net.thucydides.core.steps.ProxyConfiguration$InterceptorDispatcher.intercept(ProxyConfiguration.java:51)
	at MiniprojectApi@1.0-SNAPSHOT/starter.user.NGetAllProduct$ByteBuddy$T6rU2pu4.iReceiveValidHTTPResponseCode404(Unknown Source)
	at MiniprojectApi@1.0-SNAPSHOT/starter.stepdefinitions.UserSteps.iReceiveValidHTTPResponseCode404(UserSteps.java:40)
	at âœ½.I receive valid HTTP response code 404(file:///C:/Users/Lenovo/IdeaProjects/MiniProject/MiniprojectApi/src/test/resources/api/user.feature:191)
&amp#27;[0m
12:44:19.334 [main] ERROR  - 
  _____   ___   ___   _____     ___     _     ___   _      ___   ___  
 |_   _| | __| / __| |_   _|   | __|   /_\   |_ _| | |    | __| |   \ 
   | |   | _|  \__ \   | |     | _|   / _ \   | |  | |__  | _|  | |) |
   |_|   |___| |___/   |_|     |_|   /_/ \_\ |___| |____| |___| |___/ 

GET - As admin I cannot get user information
-----------------------------------------------------------------------
12:44:19.334 [main] DEBUG  - RELATED ISSUES: 
12:44:19.335 [main] ERROR  -     Test failed at step: I receive valids HTTP response code 404
12:44:19.335 [main] ERROR  -     1 expectation failed.Expected status code <404> but was <200>.
]]></system-out>
  </testcase>
  <testcase name="POST - As admin I have be able to create register" classname="User" time="0.799">
    <system-out><![CDATA[
@TC-0025
Scenario: POST - As admin I have be able to create register     &amp#27;[90m# src/test/resources/api/user.feature:194&amp#27;[0m
12:44:19.344 [main] INFO io.cucumber.core.plugin.SerenityReporter - Running feature from file:///C:/Users/Lenovo/IdeaProjects/MiniProject/MiniprojectApi/src/test/resources/api/user.feature
12:44:19.344 [main] WARN io.cucumber.core.plugin.SerenityReporter - Feature from file:///C:/Users/Lenovo/IdeaProjects/MiniProject/MiniprojectApi/src/test/resources/api/user.feature is not under the 'features' directory. Requirements report will not be correctly generated!
12:44:19.347 [main] INFO  - 
  _____   ___   ___   _____     ___   _____     _     ___   _____   ___   ___  
 |_   _| | __| / __| |_   _|   / __| |_   _|   /_\   | _ \ |_   _| | __| |   \ 
   | |   | _|  \__ \   | |     \__ \   | |    / _ \  |   /   | |   | _|  | |) |
   |_|   |___| |___/   |_|     |___/   |_|   /_/ \_\ |_|_\   |_|   |___| |___/ 

POST - As admin I have be able to create register(user;post---as-admin-i-have-be-able-to-create-register)
--------------------------------------------------------------------------------
12:44:19.405 [main] DEBUG net.thucydides.core.steps.StepInterceptor - STARTING STEP: UserSteps.iSetPOSTApiEndpointsLogin - I set POST api endpoints login
12:44:19.405 [main] DEBUG net.thucydides.core.steps.StepInterceptor - STEP DONE: I set POST api endpoints login
  &amp#27;[32mGiven &amp#27;[0m&amp#27;[32mI set POST api endpoints login&amp#27;[0m                          &amp#27;[90m# starter.stepdefinitions.UserSteps.iSetPOSTApiEndpointsLogin()&amp#27;[0m
12:44:19.411 [main] DEBUG net.thucydides.core.steps.StepInterceptor - STARTING STEP: UserSteps.iSendPOSTHTTPRequestLogin - I send POST HTTP request login
12:44:19.412 [main] DEBUG net.thucydides.core.steps.StepInterceptor - STARTING STEP: PostLogin.iSendPOSTHTTPRequestLogin - I set POST api endpoints login
12:44:19.412 [main] DEBUG net.thucydides.core.steps.StepInterceptor - STEP DONE: I set POST api endpoints login
12:44:19.419 [main] DEBUG org.apache.http.impl.conn.BasicClientConnectionManager - Get connection for route {s}->https://altashop-api.fly.dev:443
12:44:19.419 [main] DEBUG org.apache.http.impl.conn.DefaultClientConnectionOperator - Connecting to altashop-api.fly.dev:443
12:44:19.502 [main] DEBUG org.apache.http.client.protocol.RequestAddCookies - CookieSpec selected: ignoreCookies
12:44:19.503 [main] DEBUG org.apache.http.client.protocol.RequestAuthCache - Auth cache not set in the context
12:44:19.503 [main] DEBUG org.apache.http.client.protocol.RequestTargetAuthentication - Target auth state: UNCHALLENGED
12:44:19.503 [main] DEBUG org.apache.http.client.protocol.RequestProxyAuthentication - Proxy auth state: UNCHALLENGED
12:44:19.503 [main] DEBUG org.apache.http.impl.client.DefaultHttpClient - Attempt 1 to execute request
12:44:19.503 [main] DEBUG org.apache.http.impl.conn.DefaultClientConnection - Sending request: POST /api/auth/login HTTP/1.1
12:44:19.503 [main] DEBUG org.apache.http.wire -  >> "POST /api/auth/login HTTP/1.1[\r][\n]"
12:44:19.503 [main] DEBUG org.apache.http.wire -  >> "Accept: */*[\r][\n]"
12:44:19.503 [main] DEBUG org.apache.http.wire -  >> "Content-Type: application/json[\r][\n]"
12:44:19.503 [main] DEBUG org.apache.http.wire -  >> "Content-Length: 48[\r][\n]"
12:44:19.503 [main] DEBUG org.apache.http.wire -  >> "Host: altashop-api.fly.dev[\r][\n]"
12:44:19.503 [main] DEBUG org.apache.http.wire -  >> "Connection: Keep-Alive[\r][\n]"
12:44:19.503 [main] DEBUG org.apache.http.wire -  >> "User-Agent: Apache-HttpClient/4.5.13 (Java/14.0.2)[\r][\n]"
12:44:19.503 [main] DEBUG org.apache.http.wire -  >> "Accept-Encoding: gzip,deflate[\r][\n]"
12:44:19.503 [main] DEBUG org.apache.http.wire -  >> "[\r][\n]"
12:44:19.503 [main] DEBUG org.apache.http.headers - >> POST /api/auth/login HTTP/1.1
12:44:19.503 [main] DEBUG org.apache.http.headers - >> Accept: */*
12:44:19.503 [main] DEBUG org.apache.http.headers - >> Content-Type: application/json
12:44:19.503 [main] DEBUG org.apache.http.headers - >> Content-Length: 48
12:44:19.503 [main] DEBUG org.apache.http.headers - >> Host: altashop-api.fly.dev
12:44:19.503 [main] DEBUG org.apache.http.headers - >> Connection: Keep-Alive
12:44:19.503 [main] DEBUG org.apache.http.headers - >> User-Agent: Apache-HttpClient/4.5.13 (Java/14.0.2)
12:44:19.503 [main] DEBUG org.apache.http.headers - >> Accept-Encoding: gzip,deflate
12:44:19.503 [main] DEBUG org.apache.http.wire -  >> "{"password":"123123","email":"someone@mail.com"}"
12:44:19.541 [main] DEBUG org.apache.http.wire -  << "HTTP/1.1 200 OK[\r][\n]"
12:44:19.542 [main] DEBUG org.apache.http.wire -  << "content-type: application/json[\r][\n]"
12:44:19.542 [main] DEBUG org.apache.http.wire -  << "date: Sat, 06 May 2023 05:53:05 GMT[\r][\n]"
12:44:19.542 [main] DEBUG org.apache.http.wire -  << "content-encoding: gzip[\r][\n]"
12:44:19.542 [main] DEBUG org.apache.http.wire -  << "transfer-encoding: chunked[\r][\n]"
12:44:19.542 [main] DEBUG org.apache.http.wire -  << "server: Fly/3f2597ca (2023-05-03)[\r][\n]"
12:44:19.542 [main] DEBUG org.apache.http.wire -  << "via: 1.1 fly.io[\r][\n]"
12:44:19.542 [main] DEBUG org.apache.http.wire -  << "fly-request-id: 01GZQSXY6VABEF437T07XDV37J-sin[\r][\n]"
12:44:19.542 [main] DEBUG org.apache.http.wire -  << "[\r][\n]"
12:44:19.542 [main] DEBUG org.apache.http.impl.conn.DefaultClientConnection - Receiving response: HTTP/1.1 200 OK
12:44:19.542 [main] DEBUG org.apache.http.headers - << HTTP/1.1 200 OK
12:44:19.542 [main] DEBUG org.apache.http.headers - << content-type: application/json
12:44:19.542 [main] DEBUG org.apache.http.headers - << date: Sat, 06 May 2023 05:53:05 GMT
12:44:19.542 [main] DEBUG org.apache.http.headers - << content-encoding: gzip
12:44:19.542 [main] DEBUG org.apache.http.headers - << transfer-encoding: chunked
12:44:19.542 [main] DEBUG org.apache.http.headers - << server: Fly/3f2597ca (2023-05-03)
12:44:19.542 [main] DEBUG org.apache.http.headers - << via: 1.1 fly.io
12:44:19.542 [main] DEBUG org.apache.http.headers - << fly-request-id: 01GZQSXY6VABEF437T07XDV37J-sin
12:44:19.542 [main] DEBUG org.apache.http.impl.client.DefaultHttpClient - Connection can be kept alive indefinitely
12:44:19.543 [main] DEBUG io.restassured.internal.RestAssuredHttpBuilder - Parsing response as: application/json
12:44:19.543 [main] DEBUG org.apache.http.wire -  << "AC[\r][\n]"
12:44:19.543 [main] DEBUG org.apache.http.wire -  << "[0x1f][0x8b][0x8][0x0][0x0][0x0][0x0][0x0][0x4][0xff][0xab]VJI,IT[0xb2]RJ[0xad][0xf4][0xca]HrO[0xce][0xf4][0xcf][0xf4][0xf2][0xc][0xad][0xf2]4[0xf4][0xcb][0xf4],[0xf6][0xcc][0xb]2Mv[0xf6]4[0xf3][0xcc].[0x88][0x8]s[0xf6][0xb2][0xd4]K[0xad][0xf4]rO[0x9][0xaf](N[0xca]u+[0x89][\n]"
12:44:19.543 [main] DEBUG org.apache.http.wire -  << "[0x6]K[0x94]%[0xba][0x9b][0xa4][0x7][0xb9][[0xe6]xf[0x96]g[0x6][0x85][0x1b]f$[0x86][0x97][0x83][0xc][0xa9]J22[0xcc]I22[0xcd][0x9]t[0x7][0x8b][0x95]F[0x1a]Y[0x96]x[0xe6][0x19][0xe8][0x85][0x97]9[0x5]W$[0x7][0xba][0x16][0x16][0xe6]e:[0x1b][0x96][0x19]X[0xf8]Te[0x17]y$[0xbb][0xfa][0xa4][0xa6][0x17][0x1b]$[0x99][0x97][0x95]d[0xb9][0x7][0x84]g&[0xba][0x86]'{*[0xd5]r[0x1][0x0]?[0x99][0xcf]j[0xa0][0x0][0x0][0x0]"
12:44:19.543 [main] DEBUG org.apache.http.wire -  << "[\r][\n]"
12:44:19.543 [main] DEBUG org.apache.http.wire -  << "0[\r][\n]"
12:44:19.543 [main] DEBUG org.apache.http.wire -  << "[\r][\n]"
12:44:19.543 [main] DEBUG io.restassured.internal.RestAssuredHttpBuilder - Parsed data to instance of: class org.apache.http.conn.EofSensorInputStream
12:44:19.545 [main] DEBUG org.apache.http.impl.conn.BasicClientConnectionManager - Releasing connection org.apache.http.impl.conn.ManagedClientConnectionImpl@15c0c274
12:44:19.545 [main] DEBUG org.apache.http.impl.conn.BasicClientConnectionManager - Connection can be kept alive indefinitely
12:44:19.573 [main] DEBUG net.thucydides.core.steps.StepInterceptor - STEP DONE: I send POST HTTP request login
  &amp#27;[32mWhen &amp#27;[0m&amp#27;[32mI send POST HTTP request login&amp#27;[0m                           &amp#27;[90m# starter.stepdefinitions.UserSteps.iSendPOSTHTTPRequestLogin()&amp#27;[0m
12:44:19.580 [main] DEBUG net.thucydides.core.steps.StepInterceptor - STARTING STEP: UserSteps.iSetPOSTApiEndpointsRegister - I set POST api endpoints register
12:44:19.581 [main] DEBUG net.thucydides.core.steps.StepInterceptor - STEP DONE: I set POST api endpoints register
  &amp#27;[32mAnd &amp#27;[0m&amp#27;[32mI set POST api endpoints register&amp#27;[0m                         &amp#27;[90m# starter.stepdefinitions.UserSteps.iSetPOSTApiEndpointsRegister()&amp#27;[0m
12:44:19.587 [main] DEBUG net.thucydides.core.steps.StepInterceptor - STARTING STEP: UserSteps.iSendPOSTHTTPRequestPostRegister - I send POST HTTP request post register
12:44:19.589 [main] DEBUG net.thucydides.core.steps.StepInterceptor - STARTING STEP: PostRegister.iSendPOSTHTTPRequestPostRegister - I set POST api endpoints register
12:44:19.590 [main] DEBUG net.thucydides.core.steps.StepInterceptor - STEP DONE: I set POST api endpoints register
12:44:19.606 [main] DEBUG org.apache.http.impl.conn.BasicClientConnectionManager - Get connection for route {s}->https://altashop-api.fly.dev:443
12:44:19.606 [main] DEBUG org.apache.http.impl.conn.DefaultClientConnectionOperator - Connecting to altashop-api.fly.dev:443
12:44:19.704 [main] DEBUG org.apache.http.client.protocol.RequestAddCookies - CookieSpec selected: ignoreCookies
12:44:19.704 [main] DEBUG org.apache.http.client.protocol.RequestAuthCache - Auth cache not set in the context
12:44:19.704 [main] DEBUG org.apache.http.client.protocol.RequestTargetAuthentication - Target auth state: UNCHALLENGED
12:44:19.704 [main] DEBUG org.apache.http.client.protocol.RequestProxyAuthentication - Proxy auth state: UNCHALLENGED
12:44:19.704 [main] DEBUG org.apache.http.impl.client.DefaultHttpClient - Attempt 1 to execute request
12:44:19.705 [main] DEBUG org.apache.http.impl.conn.DefaultClientConnection - Sending request: POST /api/auth/register HTTP/1.1
12:44:19.705 [main] DEBUG org.apache.http.wire -  >> "POST /api/auth/register HTTP/1.1[\r][\n]"
12:44:19.705 [main] DEBUG org.apache.http.wire -  >> "Accept: */*[\r][\n]"
12:44:19.705 [main] DEBUG org.apache.http.wire -  >> "Content-Type: application/json[\r][\n]"
12:44:19.705 [main] DEBUG org.apache.http.wire -  >> "Content-Length: 79[\r][\n]"
12:44:19.705 [main] DEBUG org.apache.http.wire -  >> "Host: altashop-api.fly.dev[\r][\n]"
12:44:19.705 [main] DEBUG org.apache.http.wire -  >> "Connection: Keep-Alive[\r][\n]"
12:44:19.705 [main] DEBUG org.apache.http.wire -  >> "User-Agent: Apache-HttpClient/4.5.13 (Java/14.0.2)[\r][\n]"
12:44:19.705 [main] DEBUG org.apache.http.wire -  >> "Accept-Encoding: gzip,deflate[\r][\n]"
12:44:19.705 [main] DEBUG org.apache.http.wire -  >> "[\r][\n]"
12:44:19.705 [main] DEBUG org.apache.http.headers - >> POST /api/auth/register HTTP/1.1
12:44:19.705 [main] DEBUG org.apache.http.headers - >> Accept: */*
12:44:19.705 [main] DEBUG org.apache.http.headers - >> Content-Type: application/json
12:44:19.705 [main] DEBUG org.apache.http.headers - >> Content-Length: 79
12:44:19.705 [main] DEBUG org.apache.http.headers - >> Host: altashop-api.fly.dev
12:44:19.705 [main] DEBUG org.apache.http.headers - >> Connection: Keep-Alive
12:44:19.705 [main] DEBUG org.apache.http.headers - >> User-Agent: Apache-HttpClient/4.5.13 (Java/14.0.2)
12:44:19.705 [main] DEBUG org.apache.http.headers - >> Accept-Encoding: gzip,deflate
12:44:19.705 [main] DEBUG org.apache.http.wire -  >> "{"password":"123123","fullname":"Firstname Lastname","email":"danang@mail.com"}"
12:44:19.741 [main] DEBUG org.apache.http.wire -  << "HTTP/1.1 400 Bad Request[\r][\n]"
12:44:19.741 [main] DEBUG org.apache.http.wire -  << "content-type: application/json[\r][\n]"
12:44:19.741 [main] DEBUG org.apache.http.wire -  << "date: Sat, 06 May 2023 05:53:05 GMT[\r][\n]"
12:44:19.741 [main] DEBUG org.apache.http.wire -  << "content-encoding: gzip[\r][\n]"
12:44:19.741 [main] DEBUG org.apache.http.wire -  << "transfer-encoding: chunked[\r][\n]"
12:44:19.741 [main] DEBUG org.apache.http.wire -  << "server: Fly/3f2597ca (2023-05-03)[\r][\n]"
12:44:19.741 [main] DEBUG org.apache.http.wire -  << "via: 1.1 fly.io[\r][\n]"
12:44:19.741 [main] DEBUG org.apache.http.wire -  << "fly-request-id: 01GZQSXYD3QPJSR5HEVS0SXR6C-sin[\r][\n]"
12:44:19.741 [main] DEBUG org.apache.http.wire -  << "[\r][\n]"
12:44:19.741 [main] DEBUG org.apache.http.impl.conn.DefaultClientConnection - Receiving response: HTTP/1.1 400 Bad Request
12:44:19.742 [main] DEBUG org.apache.http.headers - << HTTP/1.1 400 Bad Request
12:44:19.742 [main] DEBUG org.apache.http.headers - << content-type: application/json
12:44:19.743 [main] DEBUG org.apache.http.headers - << date: Sat, 06 May 2023 05:53:05 GMT
12:44:19.743 [main] DEBUG org.apache.http.headers - << content-encoding: gzip
12:44:19.743 [main] DEBUG org.apache.http.headers - << transfer-encoding: chunked
12:44:19.743 [main] DEBUG org.apache.http.headers - << server: Fly/3f2597ca (2023-05-03)
12:44:19.743 [main] DEBUG org.apache.http.headers - << via: 1.1 fly.io
12:44:19.743 [main] DEBUG org.apache.http.headers - << fly-request-id: 01GZQSXYD3QPJSR5HEVS0SXR6C-sin
12:44:19.743 [main] DEBUG org.apache.http.impl.client.DefaultHttpClient - Connection can be kept alive indefinitely
12:44:19.743 [main] DEBUG io.restassured.internal.RestAssuredHttpBuilder - Parsing response as: application/json
12:44:19.743 [main] DEBUG org.apache.http.wire -  << "7B[\r][\n]"
12:44:19.743 [main] DEBUG org.apache.http.wire -  << "[0x1f][0x8b][0x8][0x0][0x0][0x0][0x0][0x0][0x4][0xff][0xab]VJ-*[0xca]/R[0xb2]Rr[\r][\n]"
12:44:19.743 [main] DEBUG org.apache.http.wire -  << "[0xf2][0xf][0xb2]RH)-[0xc8][0xc9]LN,IU[0xc8]N[0xad]T(K[0xcc])MU([0xcb][0xcc][0xcf]I,I-V([0xcd][0xcb],,MUH[0xce][0xcf]+.)J[0xcc][0xcc]+Q[0x88]Q*-N-*[0x8e]O[0xcd]M[0xcc][0xcc][0x89][0xcf]N[0xad][0x8c]QR[0xd0][0x8][0xe][0xf4][0x9][0xe]q[0xc]qU02650[0xd5]T[0xaa][0xe5][0x2][0x0][0x1a]G[0x13]pg[0x0][0x0][0x0]"
12:44:19.743 [main] DEBUG org.apache.http.wire -  << "[\r][\n]"
12:44:19.743 [main] DEBUG org.apache.http.wire -  << "0[\r][\n]"
12:44:19.743 [main] DEBUG org.apache.http.wire -  << "[\r][\n]"
12:44:19.743 [main] DEBUG io.restassured.internal.RestAssuredHttpBuilder - Parsed data to instance of: class org.apache.http.conn.EofSensorInputStream
12:44:19.745 [main] DEBUG org.apache.http.impl.conn.BasicClientConnectionManager - Releasing connection org.apache.http.impl.conn.ManagedClientConnectionImpl@124bc9fa
12:44:19.745 [main] DEBUG org.apache.http.impl.conn.BasicClientConnectionManager - Connection can be kept alive indefinitely
12:44:19.747 [main] DEBUG net.thucydides.core.steps.StepInterceptor - STEP DONE: I send POST HTTP request post register
  &amp#27;[32mAnd &amp#27;[0m&amp#27;[32mI send POST HTTP request post register&amp#27;[0m                    &amp#27;[90m# starter.stepdefinitions.UserSteps.iSendPOSTHTTPRequestPostRegister()&amp#27;[0m
12:44:19.753 [main] DEBUG net.thucydides.core.steps.StepInterceptor - STARTING STEP: UserSteps.iReceive1ValidLoginAndProductHTTPResponseCode - I receive valid login and product HTTP response code 200
12:44:19.756 [main] DEBUG net.thucydides.core.steps.StepInterceptor - STARTING STEP: PostProduct.iReceive1ValidLoginAndProductHTTPResponseCode - I set POST api endpoints product
12:44:19.756 [main] DEBUG net.thucydides.core.steps.StepInterceptor - STEP DONE: I set POST api endpoints product
12:44:19.768 [main] DEBUG org.apache.http.impl.conn.BasicClientConnectionManager - Get connection for route {s}->https://altashop-api.fly.dev:443
12:44:19.769 [main] DEBUG org.apache.http.impl.conn.DefaultClientConnectionOperator - Connecting to altashop-api.fly.dev:443
12:44:19.866 [main] DEBUG org.apache.http.client.protocol.RequestAddCookies - CookieSpec selected: ignoreCookies
12:44:19.866 [main] DEBUG org.apache.http.client.protocol.RequestAuthCache - Auth cache not set in the context
12:44:19.866 [main] DEBUG org.apache.http.client.protocol.RequestProxyAuthentication - Proxy auth state: UNCHALLENGED
12:44:19.866 [main] DEBUG org.apache.http.impl.client.DefaultHttpClient - Attempt 1 to execute request
12:44:19.866 [main] DEBUG org.apache.http.impl.conn.DefaultClientConnection - Sending request: GET /api/products HTTP/1.1
12:44:19.866 [main] DEBUG org.apache.http.wire -  >> "GET /api/products HTTP/1.1[\r][\n]"
12:44:19.866 [main] DEBUG org.apache.http.wire -  >> "Authorization: Bearer [\r][\n]"
12:44:19.866 [main] DEBUG org.apache.http.wire -  >> "Accept: */*[\r][\n]"
12:44:19.866 [main] DEBUG org.apache.http.wire -  >> "Host: altashop-api.fly.dev[\r][\n]"
12:44:19.866 [main] DEBUG org.apache.http.wire -  >> "Connection: Keep-Alive[\r][\n]"
12:44:19.866 [main] DEBUG org.apache.http.wire -  >> "User-Agent: Apache-HttpClient/4.5.13 (Java/14.0.2)[\r][\n]"
12:44:19.866 [main] DEBUG org.apache.http.wire -  >> "Accept-Encoding: gzip,deflate[\r][\n]"
12:44:19.866 [main] DEBUG org.apache.http.wire -  >> "[\r][\n]"
12:44:19.866 [main] DEBUG org.apache.http.headers - >> GET /api/products HTTP/1.1
12:44:19.866 [main] DEBUG org.apache.http.headers - >> Authorization: Bearer 
12:44:19.866 [main] DEBUG org.apache.http.headers - >> Accept: */*
12:44:19.866 [main] DEBUG org.apache.http.headers - >> Host: altashop-api.fly.dev
12:44:19.866 [main] DEBUG org.apache.http.headers - >> Connection: Keep-Alive
12:44:19.866 [main] DEBUG org.apache.http.headers - >> User-Agent: Apache-HttpClient/4.5.13 (Java/14.0.2)
12:44:19.866 [main] DEBUG org.apache.http.headers - >> Accept-Encoding: gzip,deflate
12:44:20.048 [main] DEBUG org.apache.http.wire -  << "HTTP/1.1 200 OK[\r][\n]"
12:44:20.049 [main] DEBUG org.apache.http.wire -  << "content-type: application/json[\r][\n]"
12:44:20.049 [main] DEBUG org.apache.http.wire -  << "date: Sat, 06 May 2023 05:53:06 GMT[\r][\n]"
12:44:20.049 [main] DEBUG org.apache.http.wire -  << "transfer-encoding: chunked[\r][\n]"
12:44:20.049 [main] DEBUG org.apache.http.wire -  << "content-encoding: gzip[\r][\n]"
12:44:20.049 [main] DEBUG org.apache.http.wire -  << "server: Fly/3f2597ca (2023-05-03)[\r][\n]"
12:44:20.049 [main] DEBUG org.apache.http.wire -  << "via: 1.1 fly.io[\r][\n]"
12:44:20.049 [main] DEBUG org.apache.http.wire -  << "fly-request-id: 01GZQSXYJ59J8N2AWE4X7ZHTGB-sin[\r][\n]"
12:44:20.049 [main] DEBUG org.apache.http.wire -  << "[\r][\n]"
12:44:20.049 [main] DEBUG org.apache.http.impl.conn.DefaultClientConnection - Receiving response: HTTP/1.1 200 OK
12:44:20.049 [main] DEBUG org.apache.http.headers - << HTTP/1.1 200 OK
12:44:20.049 [main] DEBUG org.apache.http.headers - << content-type: application/json
12:44:20.049 [main] DEBUG org.apache.http.headers - << date: Sat, 06 May 2023 05:53:06 GMT
12:44:20.049 [main] DEBUG org.apache.http.headers - << transfer-encoding: chunked
12:44:20.049 [main] DEBUG org.apache.http.headers - << content-encoding: gzip
12:44:20.049 [main] DEBUG org.apache.http.headers - << server: Fly/3f2597ca (2023-05-03)
12:44:20.049 [main] DEBUG org.apache.http.headers - << via: 1.1 fly.io
12:44:20.049 [main] DEBUG org.apache.http.headers - << fly-request-id: 01GZQSXYJ59J8N2AWE4X7ZHTGB-sin
12:44:20.049 [main] DEBUG org.apache.http.impl.client.DefaultHttpClient - Connection can be kept alive indefinitely
12:44:20.050 [main] DEBUG io.restassured.internal.RestAssuredHttpBuilder - Parsing response as: application/json
12:44:20.050 [main] DEBUG org.apache.http.wire -  << "331[\r][\n]"
12:44:20.050 [main] DEBUG org.apache.http.wire -  << "[0x1f][0x8b][0x8][0x0][0x0][0x0][0x0][0x0][0x4][0xff][0xaa]VJI,IT[0xb2][0x8a][0xae]V[0xf2]tQ[0xb2]24[0xb2][0xb0]0[0xd7]Q[0xf2]K[0xcc]MU[0xb2]Rr[0xcd][0xcb]/[0xca][0xcd]/-Vp[0xce]/)[0xc9][0xcf]Sp[0xce][0xcf]-(-I-R[0xd2]QrI-N.[0xca],([0xc9][0xcc][0xcf]S[0xb2]R[\n]"
12:44:20.050 [main] DEBUG org.apache.http.wire -  << "-Q[0xc8]KMN-.[0xce],I,[0xc9]L*-V([0xcb],ILU[0xc8],-JUH[0xc9][0xcf][0xc9]/J-V(J-H[0xcd][0xc9]I[0xcd]K)-V([0xce][0xcc][0xcd][0xcc][0xc9],,M[0xd5]S[0xd2]Q[\n]"
12:44:20.050 [main] DEBUG org.apache.http.wire -  << "([0xca]LNU[0xb2][0xb2]4[0xd4]Q[\n]"
12:44:20.050 [main] DEBUG org.apache.http.wire -  << "J,[0xc9][0xcc]K/V[0xb2]2[0xd1]QrN,IM[0xcf]/[0xca]L-V[0xb2][0x8a][0x8e][0xad][0xd5]A[0xb8][0xd0][0x2][0xee][0xc2][0x80][0xa2][0xc4][0xe4][0x92][0xcc][0xe4][0xc4][0x1c][0x5][0xdf][0xc4][0xa2][0xa4][0x9c]T[0x85][0x90][0xc4][0xa4][0x9c]T[0xc][0xf7][0x85][0xa4][0xe6][0x16][0xe4][0x17][0x81][0x1d]V\[0x9a]W[0xa2][0x90]X\[0x90]Z[0x94][0x9]r[0x15][0x92][0xfd][0x16]FH[0xf6][0x1b][0xe3][0xb3][0xdf][0x12]nPiqIf[0xb2][0x82]{Qb^fI[0xaa]BpF~j1[0xa6][0xed][0xf9]%[0x89][0xb9][\n]"
12:44:20.050 [main] DEBUG org.apache.http.wire -  << "[0x85][0xa5] [0xfb]S[0x12]s[0x15][0xca]Rs[0x90][0xac]51#[0xd2]ZK[0x3][0xb8][0xb5][0xc1][0xf9]y[0x95][\n]"
12:44:20.050 [main] DEBUG org.apache.http.wire -  << "[0x1][0xc1][0xa6][0x18]V[0x15][0xe4]$V*d$[0x16]+[0xe4][0xe5]+[0xe4]d[0xe6]f[0x96][0x80]\[0x3][\r]_#KK$[0x9b][0xf0][0x5][0xb0][0xa5][0x11][0xdd]l2[0xa6][0xa6]M[0x86]x"[0xcd][0xd2][0x94]n6[0x99][0xc1]mr-J[0xcf][0xcf][0xcb][0xcf][0xcd]LV[0x8][0xcf][0xcf]OI[0xcd]Sp[0xcf][0xc9]/[0xc3][0x92]B[0x82]3s[0xb2][0x11][0x19][0xc1][0xd8][0xd2][0x18]9M[0x98][0xe2][0xf3][0x15]"[0xb3][0xba][0xe7][0x17][0xa5][0xa7][0x82]2+[0xc8]0\[0x16]A22[0xc2]*3[0xb]Cc[0xa4]Da[0x80][0xcf]*D[0xae]sL-[0xca]O[0xa9][0xcc]K[0x4]y[0xc][0x9a][0xef][0x82]32[0x8b]J0[0x92][0xa3]gQ~[0x1e][0xc2]2[0xb][0x13]S[0xe4],[0x86][0xd7]_[0x88],[0xe6]RZ[0x4][0xca][0xd3][0xf0]<[0xe6][0x94][0x98][0x8e]a[0x8f]s~^rQj[0x9]([0xe3]C[0x13][0xbb][0xb1][0x85][0xa1][0x1][0x92][0xc7][0xf0][0xa4]vK[0x3]D[0xbe][0x82][0x87]a@bAj[0x11][0xee][0xf2][0xe][0x12][0x9b][0x8][0x9f][0x99][Z[0x98][0x10]k[0x1b]U[0xf3][0x16][0x9e][0x8][0xb3]40[0x81][0xa7]C*[0x94][0x17]xb[0xcb][0xd2][0x80][0xaa]y[0xb][0xaf][0x9f][0x10][0x89][0xd0]#5[0xb1][0xac]R[0xc1][0xa5][0xb4][0xa4]R![0xb8]$55G[0xc1]#[0x11]3[0x1][0xa2]G[0x94][0x99][0x81][0xa9]9RD[0xe1][0xb5][\n]"
12:44:20.050 [main] DEBUG org.apache.http.wire -  << "3[0x9]BSEFb&f[0x15][0x8]v[0x3]"E[0x98][0x99][0x1a]"Wg[0xf8],[0x2]%Th[0x85][0xeb]X[0x9e]Z[0x9c][0x9f][0x9b][0xaa][0xe0][0x93][0x9a]X[0x92][0x1]J[0x80]9[0xf9][0xc9][0xa0][0x82][0x1][0xb5][0xb6]E[0xcd]U[0xe6][0x86][0x16]DfaK[0x90][0x93][0xa0]6[0xc1][0xab]v[0xa7][0xa2][0xfc][0xbc][0xaa]T[0xdc]I=[0xa8]4)[0x9]\[0xe3]C3[0x96][0x5][0xd1]%[0x86][0xa5]!"[0xa9]C[0xeb]I[0x9f][0xcc][0xbc][0xd4]<[0x85][0x80][0x9c]DpVE[0xf5][0x15][0xba]E[0xc6][0x86]&[0xa6]DF[0x15][0xa8][0xc][0x83][0xfa][0xcb]75%3?[0xb9][0x8][0xe4]!H[0x91][0xa0][0xe0][0x8c]5[0xc][0xc1].AD[0x97][0x89][0x99]!r[0x91][0x8b]7[0xba][0x90][0xb2]Ue^jQz&[0xb8][0x9][0x0][0x8a][0x14][0x5][0xec][0xa5]`@N"H[0x9][0xc2]6Sc[0xb][0xe4][0xc2][0x9][0xaf]m[0x88][0xac][0x85]\[0xea]B[0xca]q[0x5][0xef][0xbc][0xcc]4P[0xa1][0x87][0x1a][0x92]X[0xec]3%:[0x89] */d[0xfb][0x1c]sJs3[0xf3]Js[0x15] [0xa5]/[0x0][0x0][0x0][0xff][0xff]"
12:44:20.050 [main] DEBUG org.apache.http.wire -  << "[\r][\n]"
12:44:20.050 [main] DEBUG org.apache.http.wire -  << "6C8[\r][\n]"
12:44:20.050 [main] DEBUG org.apache.http.wire -  << "B[0xb5][0xf][0x9a]Z[0x91][0xfc]giL[0xb4][0xff][0x10][0x15][0x18]r[0x86][0xce][0xcc][0xc9]V[0x8]O[0xcc][0xc9]I[0xc5][0xcc][0xd2][0x90][0x4][0x8b][0xb0][0xcc][0xd2][0xcc][0xc0][0x82][0xd8]t[0x82](=0[0x1a][0x8e]8l[0xc3][0xf0][0x9b][0x85][0x99]!rQ[0x8f]7[0xee][0x10]%[0x8]rXBkL[0x1c][0x16]:[0xe7][0x17][0x14] [0xe7]7K3C[0xe4]f[0x1b]>[0xfb][0x8c][0x10][0x15][0x19][0xac] [0x81]&[0x5][0x5][0xe7]D[0xcc][0x12][0xb]= [0x8d][0x8d][\r][0x88]-[0xb2][0x8c][0xc][0xe1]U[0xb][0xcc]&HI[0x8b][0xab][0xdd][0x1]j[0x93] [0xa2][0xcc][0x94][0xf8]R[0xd8][0x8]Q[0x86][0xc0][0x8b],[0xa8]U[0xd8]3[0x1b]D[0x12]a[0x97][0x99][0xb9][0x19]r[0xa3][0x3]o[0xf8]![0x1a][0xa3][0xf0]b$<??[0x7]G[0x11][0x82][0x1e]~[0xa6][0x16]&D[0x87][0x1f][0xa2][0xc][0x81][0xdb][0x4]1[0xe]G[0x17][0x2][0xdd]W[0xc6][0x6][0xa6][0xc4]&z#D[0x9][0x2]-[0x85]!I[0xc][0x87]M[0xd0][0x14][0x83][0x8]@c#[0xa2][0xab]L#D[0xe1]A[0x85][0x16][0x7][0xde][0xa8]B[0x14][0x1b][0x88][0x9c][0xc][0xa9][0x9e]q4[0x3]r[0x10]>[0xb2][0xb4][0x4]U[0xb9][0xf0][0xae]&^{[0x10]%[0x6][0xbc]m[0x8][0xeb][0xec]a[0xaf][0xc6][0xa0][0xb2][0x8][0xdb][0xcc][\r]-[0x89]mr[0x18]![\n]"
12:44:20.050 [main] DEBUG org.apache.http.wire -  << "[0xc][0xcf][0xbc][0x92][0xd4][0x9c][0x9c][0xcc][0xf4][0xd4][0xbc][0x12][0x5]h[0xca][0xc0][0x96][0x87]1l351%[0xb6]"[0x3][0x95][0xd1][0xd0]Z[0x13][0x9e][0xb5][0xc0][0xad][0x18][0x5][0xa7][0xfc][0x92][0x12],[0xbd]hP[0x15][0x87][0xf0][0x97][0xb1][0x85][0x1][0xb1][0x95][0x8a]1[0xa2][0xb8][0xf0][0x4][0xd5][0xca])[0x99][0xa0][0xae]:4[0xa5])8cmO[0xc1]j[0x1c][0x84][0x85]F[0x6]DG[0x9b]1[0xa2][0xd4]@$[0xf]h[0xb2]w[0xce][0xc7][0xd2]N[0x84][0xba][0x5]a[0x99][0xa5][0x99][0x9][0xb1]U[0x98]1[0xa2][0xd8][0x8][0xce]IM[0xcd]V[0x0][0xb7]-[0x14][0xb0][0xda][0x83]Z[0xe][0x1a][0x9b][0x1a][0x11][0x1d][0x84][0x88][0x12][0xc3]'3=[0xa3][0xa4]<[0x15]D[0xc2]F=[0x9c]R[0xf3][0x92]3[0x88][0xa8][0x97][0xcd]A[0x5]7Q[0x9][0xdf][0x18]Qj[0xc0]K(hbS[0xf0]N[0xad]L[0xca]O,J[0xc1][0xb0][0x10]TX"[0x82][0xd0][0xc8][0xc8][0x84][0xd8][0x9a][0xb][0xd4][0xdf][0x85]&E[0xe4][0x9a][0x12][0x14]Z[0xb8]m[0x3]gw[0x84]u[0xe6][0x16][0xc4][0xc7][0x18][0xa2][0xf4]@jt@[0xab]z[0x1c][0xe5]"z[0xf3][0xd4][0xd2][0x8]4PF\X"[\n]"
12:44:20.050 [main] DEBUG org.apache.http.wire -  << "[0x11]$[0xeb]`}V\[0xb9][\r][0xdd]B33P[0xfd]N[0x9c][0x85][0x88]r[0x4]^j[0x81]2/q[0xb5][0xb3][0x85][0x5][0xd1][0xed][0x0]P[0x88]C[0xe3][\r][0xd6]M[0x87][0xe6][0xb2][0x80][0xc4]<[0xf0][0xd8][0x13]jK[0x11][0xbd][0x1a]325#[0xb6][0xb4][0x2][0xd5][0xad]P[0xab][0xe0][0xa5][0x15]$[0x88]p[0xb4][0xba][0xa1][0xd1][0x89]H [0xa6][0x86][0xc6][0xc4][0xb6][0xdc]L[0x10][0xe5][0x87][b^[0x9][0xb8][0xf9][0xe][0x1b][0xc2][0xc1][0xd6][0x2][0xc6](>,,[0x88]nq[0x9b] [0x8a][0xf]h[0xfd][0xc][0xca]F8[0xda][0x1c][0x10][0x1f]#[0xfc]db[0x8][0x1a][0x15]$*Q[0x98] J[0x90]`[0xa4]~[0xb][0xac][0x9c][0xc5][0xda]}F[0xcb]bf[0x6][0x96]D[0x87] [0xa2][0xfc]@[0xae][0xca][0xc0]9[0x1a][0xfb]()([0x81]"<fd@t=[0x6][0x1a]@[0x85][0xa6][0xc]Dd[0x81]LS[0xc0][0x9e][0x8][0xd1]<eabAl[0xb3][0xcd][0x4]Qn [0xd7]c[0x90][0xb1]""Z[0xd8][0x16]F[0xa0][0xb1]&[0xe2]b[0xb]Qf Y[0x5][0xe]>[0xec][0xed][0xe][0x90][0x14]"[0xf8][0xcc]L@[0xd1]M[0x9c]M[0x88][0xc2][0x2][0x9e][0xb1]`%=[0xf6]z[0x5]#[0x17][[0x80]j[0xb][0xa2],3[0xc5][0xec][0xa2][0x80]c[0x8a]p[0xa3][0xcd][0xd8][0xdc][0x94][0xd8][0xda][0xc4][0x14][0xd1][0xdc]@[0xc][0xc0][0xc2][0x8b][lV[0x81][0xdc][0x80][0x8]<K[0x13]c[0xa2][0xad]Bd*x5[0x9]N_8[\n]"
12:44:20.050 [main] DEBUG org.apache.http.wire -  << "%XnCXfjFtB7E[0xe4])hI[0x1][0x8a]t[0xac][0x19][0x17][0xd5]CF[0x96]f[0xc4]6AA[0x8e][0x81]f&[0xa4]t[0x7]K[0xf][0xe1][0x89]%X[0xda][0x19][0x18][0xa5][0x9f][0x99][0x1][0xca]p([0xbe][0x6]6[0xa8]o[0x1][0xb5][0xf]^U[0xc1][0x6]7p53[0xc0][0x8d]TD[0x8][0x9a][0x19][0x99][0x11][0xdb][0x17][0x2]u[0x9a][0xa0][0xb6]![0xf9][0xe][0x12]a[0xd8][0xca]uHe[0x86]d[0x95][0xb1]1[0xd1][0x1][0x89][0xc8]V[0x88]R[0x9][0x16][0xfd][\n]"
12:44:20.050 [main] DEBUG org.apache.http.wire -  << "[0xd8]3[0x16][0x9a][0xc7]LM[0x89][0xce][0xc4]f[0x88]|[0x85]\[0xb8]CC[0x12][0xfb][0x10][0x18][0xa4][[0x81][0xf0][0x9c])[0xea][0x4][0x11][0xbe]X3C[0xe4]0X[0xbd][0xf]K"8J'[0xd0][0x8]-[0xc2]*cC[0xa2][0x7][0xc0]@[0xbd]wh[0x94]A[0x13]="[0x10][0xb1]wS [0x9e]FXfb[0x2][0x1a][0x1f]$[0xaa]x2C[0xe4]0xY[0x8][0xca]J8[0x6][0xda][0xd0]C[0xd0][0xc4][0xd8][0x9c][0xd8][0xe4][0x1]J[0xb2]Po[0xc1]m[0x82][0xa4]6[0x1c][0xc3][0xa3][0xa0][0xac][0x8e][0xf0][0x93][0x85][0x19][0xd1][\r]'sD[0xd2][0x80][0xdb][0x4])[0xc1][0x15][0xb0]ggXI[0x89][0xb0][0xcd][0xd8][0x98][0xe8]!fsD[0xcb][0x9][0xd2][0x19][0x82][0x8e]va[0x1f][0xa9][0xc4][0xb4][0xca][0xd2][0x1c][0xe4]^[0xa2]"[0xcb][0x1c]Q[0xf6]"[0x17][0xf3][0xe0][0x99]j[0xec]cC[0x98][0xd6][0x19][[0x80][\n]"
12:44:20.050 [main] DEBUG org.apache.http.wire -  << " [0xe2][0xac]C[0x1a][0xdc]@j?A[0xb]?\[0xad]xXbE[0x4][0xa6][0x85][0x1][0xf1]Q[0x87]h[0x4]@[0xd3]>81bo?A3 [0xc2]"c[0x13]cb[0xcb]EPn[0x84][0xa6][0xc6][0xe0][0xdc][0xc4][0x9c][0x1c][0xf8]d[0x1b][0xf6]pDO[0xf7][0x96]&[0xa0][0xb9]&[0xa2]B[0x11][0xd4][0xd6][0x82][0xda][0x4][0xf5][0x12]4[0xd5]c[0xb7][0x9][0x92]P[0x91][0xfc]dJt[0xbb][0x1a]4[0x9d][0xf][0xb5][0x9][0xb9][0x5][\n]"
12:44:20.050 [main] DEBUG org.apache.http.wire -  << "[0x8b][0x10][0xec][0xfd]s[0x98],[0xc2]F[0xb]SPaG[0x9c][0xdf][0x10]-y[0xa4]~[0x1e][0xb8]P[0xc7][0xd1][0x14][0xc5][0xf0][0x1e][0xf1][0xa9][0x1f]T[0xc3][0xc2][0xbd][0x97]\[0x94][\n]"
12:44:20.050 [main] DEBUG org.apache.http.wire -  << "[0x1d]S[0x1][0xb7]Eq[0x8c][0xdf][0xa0][0x16]!F[0xe6]f[0xc4][0xe]>X [0x8a]E[0xe4][0xee]9,;[0xe1][0x1a][0xa9][0x7]%VD@[0x1a][0x93][0x90]H[0x10]Y[\r]5[0x91]`o[0xd0][0x83][0xc7][[0x10][0x16][0x99][[0x80][0xc6][0xd1][0x88][0x88]1cc$[0x8f]E8[0xf9]G[0x18]b[0x8c]h L5AY=[0x81]^9[0xc2][0xd6][0xa6][0x98]"uS[0xdd][0x13]s3[0xf3]0[0xe7][0xaa][0xdd][0xf2][0x8b][0x14][0xd2][0xc1]R[\n]"
12:44:20.050 [main] DEBUG org.apache.http.wire -  << "[0x5][0xa5]E[0x5][0xf9][0xc5][0xa9][0xc5]J[0xb5]H[0xcb][,A[0xe3][\n]"
12:44:20.051 [main] DEBUG org.apache.http.wire -  << "[0xd0][0x98]E[0x1e][0xea][0x81][0xe6][0x13][0x1c][0xf5]+[0xca][0x2][0x2][0x13]KP3[0x8e][0x88][0x10]0[0xb2][0xb4]@[0x14]1H-"h[0xdf][0x19]GU[0x4][0xea][0x9f]"[0x2][0xc6][0xc8][0x8][0x94][0xa7][0x89][0xb2][0xc][0xd4]W[0xc5][0xe2]3H.[0xc0]Y[0x1b][0x81][\n]"
12:44:20.051 [main] DEBUG org.apache.http.wire -  << "t[0x84]u[0xe6][0xa6][0xa0][0x16][0x1]q[0xd6]![0xea]"D[0x13][0xc]Z[0x1f]ao[0x80][0xa1][0xa5]$K[0xb][0xa2][0xb3][0x88]%"[0xef][0xc3][0xdb][0xb1]A[0xe0][0xa9]S<[0x3]X[0xe8][0xf3][0x82][0xc6]fF[0xc4][0xe][0x87][0x80]:[0xe2][0xd0][0xa0]D.[0xdd]@Y[0xe][0xeb]d[0xf]4F[0x11][0xe1]hj[0x0][0x9a][0xb5]'.[0x1c][0x11][0xd9][0x1f])[0x8d]@[0xeb][0x1b][0xec][0xb6][0x81][0xe6]y[0x11]v[0x19]Y[0x80][0xda][0xa7][0xc4][0xd9][0x85][0xc8][0xfa][0x90][0x9a][0x8][0x1c]%8[0xda][0xcb][0x98][0xa5][0xb5]1[0xf1][0xc3][0xb6][0xa0]Qyh[0x8]"[0x95][0xd6][0xd0][0xb4][0x88]=[0x97][0xa1]&|[0xb]K[0xa2]'[0x1e]-[0x11][0xb9][0xc][0x91][0x12][0xa1][0xc9][0x3][[0xbf][0x3][0x92]H[0x11][0x1]hl[0x1][0x1a]d[0x86][0x7] [0xbe][0xd5],[0xa0]b[\n]"
12:44:20.051 [main] DEBUG org.apache.http.wire -  << "[0xea]-[0xa4][0xc8][0x82]TB[0xd8][0x13]=[0xac][0x18]GXgn[\n]"
12:44:20.051 [main] DEBUG org.apache.http.wire -  << "[0x1a][0x0][0x83][[0x87]{[0xe9][0x87][0xb1][0x1]h@[0x3]n[0x1d]b[0xca][0x2][0x16]38[0xba][0xc1][0xe8][\r][0x8]3[0xd4][0x19][0x19][0xdc][0xfe]360@dj$[0xff]A[0xa3][\r]{[0x83][0x16]=4M[0xcc][0x88][0xec][0xdf][0x1b][0x1b][0x80][0xda]5X[0xbc][0x7]1[0x11]G[0xaf][0x0][0xda]"D[0x4][0xa7][0x91][0x99][0x11]q[\r]1cp[0x9e][0x84][0xda][0x7]i>[0xc3][0x3][0x12][0xfb][0xc2]F[0xb4]*[0xdd][0x94][0xc8][0x14]il`[0x80][0x94][0xcf][0x90]Z[0xb3][0x90][0xdc][0x86][0xbd][0x81][0x89][0xd4][0xaf][0x2][0x0][0x0][0x0][0xff][0xff]"
12:44:20.051 [main] DEBUG org.apache.http.wire -  << "[\r][\n]"
12:44:20.051 [main] DEBUG org.apache.http.wire -  << "6E7[\r][\n]"
12:44:20.051 [main] DEBUG org.apache.http.wire -  << "[0x2][0xaf][0xd7]42[0x0][\r][0xdb][0xc3]S[0x9][0xde]HCt[0x86]a[0xf3][0xc5][0xe0][0x92][0xca]'1[0xb7][0x0][0xa3][0xce][0x5]w[0xc7][0x11][0xa1]ga[\n]"
12:44:20.051 [main] DEBUG org.apache.http.wire -  << "[0xea][0xb5][0xc3][0xad]A[0xaf]y[0x11]5[0xa7]1x~[0x8][0x16]z[0xe0]f,[0xc4];8[0x16][0xdd]a[0xc4][0x93])[0xb1][0xd5][0xa6][0xb1][0x1][0xd2]J[0x1a][0xb4]x[0xc2][0xde][0x8e]E[0xf7][0x13][0xb1][0xe3][0x8][0xc6][0x6]H[0x8b]h`A[0x7]-8[0xb0][\r]dA[0xb]eD[0xe8][0x19][0x81]W[0xe1][0x10][0x17]z[0x88][0xfe][0x14]R[0x81][0x8][0x89]u[0xdc][0xeb][0x83]0l$[0xba]kjl[0x0]Zs[0x3][0x8b]/[0xca]W[0xb4][0xe2]M[0x19][0x88][0x91][[0x9a][0xce]L[0x1b][0x1b][0x18]"[0x8a][0xfa][0x80]`[0x5][0xcc][0x15][0xba][0xe9][0x89][0xb9][0xa9][\n]"
12:44:20.051 [main] DEBUG org.apache.http.wire -  << "[0xa6][\n]"
12:44:20.051 [main] DEBUG org.apache.http.wire -  << "[0xc5]%[0xe0][0xf1]bhV[0xc2][0xdf][0xb8]DI[0xe2][0x88][0x9c][0x4][0xf1][0x88][0xa1][0x11]F[0x6][0x82]/[0x2]F_[0x1]l[0xc]*[0xad][0x89]J[0xb][0xa0][0xa9]&[0xe4][0x98])03[0xc3][0xb0]&9?)1[0x11]D R[0x1b][0x9][0x16] F[0x90][0x9c][0xf3][0x93][0x12][0x15]RJsJ1l[0xc8][0xcc][0xcb]T[0xc8]H[0xcc][0xab]LT(H-[0x2][0xd9][0x94][0x98][0xa7]P[0x90]_[0xc]Z[0x13][0x4][\r]8SKKP[0x85]G[0x9c][0x9f][0x10]5[0x7]-b[0x6]4[0x95][0xb][\r]2[0x9a][0x18][0x8f][0xc8][0x9d]![0x89][0x98]A[0x5][0x8f]s,[0xb][0xbf][\r][\r]0[0x0]Q[0xb][0xa6][0x8c][\r]@[0xf5][0x16][0xd4]O[0x1e][0x5][\n]"
12:44:20.051 [main] DEBUG org.apache.http.wire -  << "a[0x99]e[0xf9][\n]"
12:44:20.051 [main] DEBUG org.apache.http.wire -  << "[0x91]F[0x98][0x9].7573'3;S[0xa1][0xb8] [0xb5]83-3;[0xb1]8S[0xa1]21/]![0xb1] [0x13][0xb4]~[0x11][0x1a][[0xa0][0xe6][0x2][0xb8][0xc5]@\|![0x92]:[0xfd]|[0x8c][0xb4]T[0x81][0xfe]>FZ[0xb6]0[0x0][0x96]#z0%[0xa9][0xc5][0xa0]m[0x18][\n]"
12:44:20.051 [main] DEBUG org.apache.http.wire -  << "[0x5]E[0xf9])[0xa5][0xc9][0xa0][0xec][0x86]:[0x8d][[0x92][0x91]Y[0xac][0x90]Y[0xac]P[0x92][0x91][\n]"
12:44:20.051 [main] DEBUG org.apache.http.wire -  << "S[0xa3][0x90][0x82][0xb4]![0x4][0xbe][0xa5][0x3][0x9c][0xf2][0x88]Lk[0xa0][0xc9]YhZ[0x3][0x97]lf[0x6][0x6][0x6][0x18]%[0x2][0xbe]dnJtI[0x0][0x9a][0xae][0x82]Z50^E4[0xbe][0x6][0xc6]~[0xba][0xd5][0x86][0xa0][0x11]HhH[0x83]#[0x95][0xe4]=+D[0xd7]X[0xa0]&=[0xd4]&[0xfa][0xe7][0x1d][0xa4]u[0x10][0x3][0x12][0xa1]H[0xa3]N[0x3]c?[0xa2]j[0x1d][0x18][0xfb][0x11]e[0x17]dh[\r][0xa3][0xe0]H[0xc3]2[0xea][0x6]/[0xa6][0x88][0x9d][0xf8]26[0x0]M[0xc8]AS[0x19]l[0xe2][0xb][0xdc][0x91][0xc1][0xbe][0x86]-(53935/%[0xb3]X[0xa1]85E!3[0xaf],5[0xaf]$[0xbf](U!3/93[0x5][0xb4][0x11]-[0xb5]D![0xb1][0xb4]$5[0x17]i?[0x18][0xb1]k[0x4][0x8c][\r]@[0xeb][0xe3][0xa1][0x8e][0x19][0x98]PG[0x14]c[0x3][0x90][0xe5][0x10]e[0x18][0xd5]<O[0xdc][0x8a]?c[0x3][0x13]D[0x1b][0x9f][0x90][0xdd][0x88][0xb6]1[0xa8].$[0xb2]*[0x4][0xad][0x9b][0x1b][0xc8][0x88]EZ[0xa5]A[0xc8]4i[\n]"
12:44:20.051 [main] DEBUG org.apache.http.wire -  << " -[0xe0][0xa0][0x9a][0xfd][0xc4][0xc6]-h[0x8b][0x1a][0x91]aOV[0xdc][0x82][0xe6][0xaf][0x88]4[0x9f]6a[0x8b][0xe8]GP-lAI[0x9b][0xe8][0xf0]E[0xc]&S[0xcd]~[0xa2][0xed]F[0x14]X[0x84][0xec]&/niP&[0x91][0x14][0xb6][0x88]r[0x89][0xb6][0xd5] h)[0x16]4[0x11][0xd3][0xd6]"[0xd0][0xbc][0x1][0xd4]"B1F[0x93][0xdc][0x2][0x9a][0xfb][0xa5][0xb6][0xfd][0xc4][0xa6]V[0xd0]<[0x17][0x91]v[0x93][0x95]ZAs[D[0x9a]O[0x9b][0xb0][0xa5]QIDd%[0x8b][0xb4][0xd6][0x87][0xbc][0xae][0x9][0xd1][0xdd]M[0xd0][0xe2];h@[0xd3][0xda]&D[0x1][0x10][0xe1][0x94]_[0xa1]0[0x18]&[0xb4][0x8d][\r][0xcc][0x11]c}[0x3][0x92][0x89][0x91][0xd6]$Q[0xcd]~b3[0xb1]9[0xa2]gB[0xc8]n[0xb2]21[0xd2]"(B[0xe6][0xd3]$[0x13][0x9b][0xd3][0xa0]:[0x7]UyDfb[0xa4][0x85]K[0x3][0xe2]}[0xd0][0xd2][0x7]h[0xd6][0xa6][0x9a][0xfd][0xc4]&-[0xa4][0x5]N[0x84][0xec]&+i[0x81][0xd6][0xfc]Q[0xdb]o[0xa0][0xa8]%[0xda][0x3][? -V![0x14][0xbc][0xb4][0xc8]YF[0xa0][0xad]Z[0xd0][0xe0][0xa7]m[0x1b][0xb]t[0xee][0xe][0xd4]"[0xaa]y[0x94][0xd8]8F:i[0x86][0x90][0xdd]8[0xd3]0[0xbe][0xe5][0x9]H[0xcb]r[0x8][0x99]O[0x8b]H[0x4][0xef][0x97][0xa1]v[0xd8][0x82][0xf2][0x10]q[0xc5][0xa3]!h[0xf4][0x94][0x16][0xd6][0x13][0x19][0xbd][0x86][0xa0][0x8d]d[0x3]j?[\r][0xc6]%[0x89][0xf6];mk~C[0xa4][0xa5])[0x3][0x91][0xb4][\r]A[0xcb][0xc7]h[0x11][0xb7]D&m[0xa4][0x15][0x18][0x3][0xe2]}[0xa4]u[0x19][0xb4]m[0xd4][0x1b][0x82]v/@[0x3][0x9a][0xd6]6!j\Z[0xdb][0x84]h6[0xd2][0xda]&[0xc4][0x98][0xf][0xad]mB[0x8c][0xfe][0xd0][0xda]&D7[0x8f][0xd6]6![0xe6][0xe0]il[0x13][0xfa][0x8a][0x13][0x92]g[\n]"
12:44:20.051 [main] DEBUG org.apache.http.wire -  << "[0x89][0xed][0x8e][0x1b]"5[0xac]h[0xed]'D[0xf5]Ck[0x9b][0x10][0x95][\r][0xad]m[0xa2][~2B[0xe4][0xa7][0x1])[0xe1][0x91][0x16][0xbf]P[0xcd]~b[0x1b][0xf][0xa0][0x1d][0xc][0xd0]2[0x9f][0x90][0xdd]8[0xdb][0xc5]x[0xd6][0xc3][0x19]"[0x9d][0xfd]A[0xe3][0xf4][0x82][0xb4][0xa0][0x86][0x90]Oh[0xd1][0x2]7DZSCU[0xfb][0x89]l[0xa6] -K[0xa0][0xaa][0xf5][0xc4]&$[0xa4][0x95][0x9]4[0x8e]h[0xa4][0xa9]qZ[0xdb][0x84]([0x82]h[0xb0][0xd2][0xce][0x10]i[0xf6][0x13][0xb1][0xaf][0x10][0xba][0xcc][0x15][0xd7][0x9][0x1a][0x81][0xa5][0xa0][0xe5]P[0x88]Sf[0x13][0x8b][0x8b]KsS[0xf3]R[0x12][0x15]Jsr[0x12][0xc9][0x9a][0xde]7D[0x9a][0x5][0xa5]q[0x80]"[0xcd]y[0x6][0x4][0x9b]`[0xac][0x9d]((6QHJ,[0x2]-:DZ[0xc8]Gd[0x6][0x18][0xe0][0xf9]NCSD[0x9b][0x96]j[0x19][0x90][0xd8][0xcc][0x87][0xb4]a[0x9f][0x90][0xdd]d[0x95][0xe2][0xa0]]^D[0xd6][0x12]4)[A{gia?[0x91]Ik[0x80]'[0xb0][0xc][0x91]f[0x90][0x8]E/M[0x82][0x1f][0xb4][0x8f][0x98][0xda][0xc1]Ol[0xd2]F[0x9a][0xd3]"[0xe4]w[0xb2][0x92]6[0xd2][0xfe]xB[0xe6][0xd3]&l[0x11][0x1d][0x1f][0xaa][0xda]Od[0xd2][0xa6][0xd5][0xb4][\n]"
12:44:20.051 [main] DEBUG org.apache.http.wire -  << "[0xb1][0xd1][0xb]:[0xc7][0x0][0x9a][0xb4]hQ[0xc5][0x9a]#u`[0x91]v[0x1f][0x81]w[0xc9][0xe0][0xd8]U[0xe5][0x9f][0x9b][0x7]]FW[0x8][0xaa]k[0x93][0xf3][0xf3][0x8a]S[0xb]K[0x13]KJ[0x8b][0x14][0x92][0xf3][0x8b]@[0xa7][0xbb][0x83][0xe]=O[0xca],V(J[0x4][0x9d]J[0x8f]|[0xb2]<[0xd1]K[0xea][0xc][0xcd][0x11][0xd1]N[0xb]#MWQ[0xa1]J[0xc7][0xb3][0xe3][0xca][0x10]ib[\n]"
12:44:20.051 [main] DEBUG org.apache.http.wire -  << "[0xb2]A[0x9][0xba]i[0x8][0xfb][0xd6].[0xc7][0xd2][0x12][0x85][0xd4][0xe2][0x12][0x85][0x9c][0xc4][0xa4][0xfc][0xa2][0xd2]\[0x85][0xe2][0xc4][0x82][0xcc][0xd4][0xbc][0x92]TD[0xd0][0x82]W)[0x82]V1[0x92][0xb3]R[0xd1][0x10]i[0xaa]*/17[0x11][0xb2]h[0x1c][0xb4]1[0x0]u]y6[0xf4][0xc4][0x84]<[0xb4][0xbd]Al[0xb2]E[0x9a][0xb2][0xa2]I[0xf4]![0xda][0x12][0xd0]}[0xe9][0xd0]=d[0xb8]v[0xc0][0x7][0x83][0xd6]x[0xe6]%[0x82][0xf][0xff]O$/[0xe4][0x10][0x3]e[0xc8][0xfb]|[0xa1][0xbb][0xb2][0xb0]o[\n]"
12:44:20.051 [main] DEBUG org.apache.http.wire -  << "[0xf4]K,)-VH-Q([0xce][0xcc]+![0xcf]VD[0xb][0x9b][0xaa][0xa5][0x1f][0xd1][0xf1]8[0xc0]][0xa4]][0xf1]H[[0xe1]`[0x91][0x8d]m[0xe3]]X~NiAIbIj[0xb1]B[0x9][0xa2][0x1b][0x90]Z[0xa2][0x90]Z[\n]"
12:44:20.051 [main] DEBUG org.apache.http.wire -  << "[0x8e]}[0x85]R[0xf0]J_[0xf2]b[0x3]Q([\r]Hl[0xd0]c&[0x14]_YF[0x8b][0x9]J[0xd0]$[0x1a]rj[0xc4]3[0x89]h[0x88]4I[0x9][0xdb][0x82][0x9][0xda]w[0x8b][0xe3]t[0x4]G[0xd0][0xdd]"y[0xe0][0x8a][0x9][0xbe][0xcc][0xbb][0xb0]4S![0xaf]4[0xb7][0xb0][0x94][0xcc][0xae] =[0xa6]1[0xf1][0x86][0x0]F[0xc1][0x7]=O[0x0][0xc7]a[0x99][0x9e][0xb9][0x5][0xa9])[0x99]%[\n]"
12:44:20.051 [main] DEBUG org.apache.http.wire -  << "E[0xa9][0xa0][0xda][0x4]v[0x1][0xc][0xb8][0xe2][0x6][0xd5][0xda][0x99][0xe0][0xdc][0x0][0xef]"[0x83]k[0x1d][0xf2][0xea]k[0xa4][=[0x6]&k [\n]"
12:44:20.051 [main] DEBUG org.apache.http.wire -  << "J[0xc4][0xc6]~h[0xe1][0x8c][0xfd][0xd4]-[0xa4][0xab]h[0x8a]R[0xb]JS2[0x13][0xf3]R[0x12]S)j[0xb4] [0x9d]d@[0xb3]@[0xc0][0x9b]:[0x10][0xad]9[0x9a][0xd9][0x8f]o0[0x13]4[0xf2][0xf]m[0xac][0xe][0x84][0xfd][0xe0][0xd6][0xe5][0x80][0xda]O[0x83][0xf5]u[0xc8]e#f[0xd8][0x3][0x0][0x0][0x0][0xff][0xff]"
12:44:20.051 [main] DEBUG org.apache.http.wire -  << "[\r][\n]"
12:44:20.052 [main] DEBUG org.apache.http.wire -  << "BE3[\r][\n]"
12:44:20.052 [main] DEBUG org.apache.http.wire -  << "[0x82][0xdd][0xc5]dl[0x84]t[0x1c][0x3][0xa1][0xb0]'[0xa7][0x1f]h[0x4]:cz [0xc3][0x16]t[0xf8]>[0xd4]~[0x9a][0xae][0xc2]1[0xa2][0xd5]t>q[0x1d]N#[0xd0][0xd1][0xda]P[0x12][0x8a]GZ[0xf4][0xb7][0x8d][0x90][0xa6][0xd3]if?[0x9e]2[0xcc][0x8]i[0x92][0x9d]f[0xf6][0xe3][0xcb]G[0xa0]K%[0x6]4[0xfc][0x11][0xfd][0x8c][0x81][0xf1]?[0xa2]"[0xa5]B[0xcf][0x18]oH#j+[0x1a][0xdb]D[0xb7])m#[0xa4][2[0xa8][0xe0]'<mq#[0xa4]S[0xe]h[[0x1e][0x1a]![0x9a][0x9c]T[0xf0][0x12][0xbe][0x4][0x81]tA[0x6][0xad]mB$[0xf2][0xcc][0xbc][0x94][0xfc][0xdc]L[0xcc][0xbb]{[0x12][0xb3]K[0x15][0x8a]K[0xb3][0x13][0x15][0x10][\n]"
12:44:20.052 [main] DEBUG org.apache.http.wire -  << "[0xa0]c FD[0x9f][0x9c]`[0x84]4s[0x8e]0[0x6]u[0xa8][0x85]:[0xf6] e[0xa5][0xc4][0xdc][0xe2][0xd2][0xbc]t[0x85]`#c[0x85][0xd0][0x9c][0x92][0xa2]D[0x8c]Y$[0xa4][0xea][0xdf][0xcc][0x80][0xb8][0xf3][0x95][0x8d][0x8d][0x90][0xe6][0xc1]i[0x1c]7H[0xf3][0xd4][0xc1][0x4][0xfd][0xe2][0x9e][0x98][0x93]XQ[0x89][0xf0][0x11][0xb1][0xad]%[0xa4][0xc9]hZ{[0x87]^[0xb]B[0x8c][0x90][0xcf]m [0x18]p[0x88] 3$>[0x11] [0x1d][0xd7]@[0xeb]PCdPZ[0xdb][0x84][0x18][0xe1][0xa2][0xb5]M[0x88]L[0x1a][0x80][0xe3]<[0xf][0xd0]9;)[0xa9][0xc5][0xd9]E[0x99][0x5][0xc5][0x99][0xe4][0xe][0xbe][0x1a]!-u[0xa0]m[0xd5][0x80][0xb4][0xa6][0x81][0xc6][0x16]!:V4[0xb6][0x8][0xb1]P[0x8c][0xc6][0x16]![0x8a][0x5][0xd4][0x93]\A[0x97][0x8e][0xe1][0x98]y[0x9]K-[0x2]_[0xeb][0xb]9[0xc4][0x0]it[0x13]q[0x8b][0xae]BJfz^fqqfn~19C[0x9c]Ft[<b[0x84]th[0x2][0x8d]3[0x1e][0xd2][0xbd][0x14][0xb4][0xb6][0x89]n[0x85][0x9][0xd2][0xc9][0x7][0xb0]Z[0x12]R[0x17]*8[0x1a][0x93]vZ[0xf][0xd1]gn[0x80]o[0x11][0x82]v[0x8d]h0[0xa9]c[0x84][0xb4][0xdc]g@z>H[0xcb]|[0x6][0xc6]~D[0xd9]30[0xf6]#[0x8a][0xa4][0x81][0xb1][0x1f][0xad][0xa3]A[0xbb]s[0xa7][0x8c][0x90][0xd6][0x3]![0x97][0xbe][0xe0][0x13]d[0xb0][0x1e][0x85][0x9][0x9a]f@4[0x99][0x8c][0xcc]A-!b[0xce]N3BZ[0x19][0x84]|[0x1f][0x4][0xd8]&[0xa2][0xe][0xd1][0x86][0x1c]<I[0x9c]][0x88][0xd2][0x7]v&[0xe]d"[0x1f][0xfb][0xa1]8[0xd0][0x99][0x3][0x84][0xb7]L[\r][0x89]<[0xf2][0xdf][0xd8][0x8]t[0x12]([0xb4]([0x80][0xcd][0xc4][0xc0]N[0xaf][0xc5]q[0xc2]:t[0xce][0xe]a[0x9b][0x85][0x9][0xe8]0^[0xe2]<[0x86][0x98]wC[0xdc]"[0x7]9[0xba][0x16]GU[0x9]]%[0x88][0xb0][0xcd][0xc4][0x14]4[0x80]H[0x94]mHG[0x1d]@f[0xec][0xc1][0x91][0x85]5Y@[0xe6][0xf2][0x11][0xb6][0x18][0x81][0xd7],[0x12]g[0xb][0xa2]I[0x83]|[0xb8]8[0xc4]D\[0xab][0x1b]Q[0x93][0xa1][0xa9]%h:[0x8a]8[0xdb][0x10]e[0xb][0xfc]z[0x1c]h[0x18]a[0xbd][0xb6][0x6][0x12][0xb8][0x8][0x8f][0x19][0x83][0xab]k[0xe2][0xac]B[0x14]#[0xc8]y[0xb][0xea]1[0xec]I[0x11]rj0[0x92]u[0x16][0xa0][0xc2][0x98]8[0xeb][0x10][0xe3]ep[0x9f][0xe1][0xb5][0xb]rd0[0xc2].3[0xa2][0xcf][0xea]5"a[0xad][0x15]M[0xc6]f[0x7]x-[0x96][0x91][0x19]"[0x1f][0x82][0x1b]R4,[0xa1]A%[0x11][0xb4][0x80][0x19][0x90][0xca]h[0x80][0x8f]J0[0xa2][0xc5]Q[0x9][0xe8]S[0xed][0xf8][0xc6][0xe2]H8.[0x81]&I}[0x80][0x8f]S0[0x1a][0xe0]uF[0xe8][0xb][0xd4]h[0x98][0xd5][0x90]W[0xa8][0xd1][0xf4][0xf0]g#[0xa4]Ua[0xb4].?,[0xd0][0x1a][0x93]4[0xdb][0xc5]fdA[0xb7][0xa1]*[0xa4][0xfb]H[0xc0][0xc1]GC?[0xa1][0x15][0xf4][0xb4][0xb3][0x9]iI[0x11]b[0xdd][0x6][0xb4][0xad][0x88][0xab][0x15][0xe4]X[0x94][0x9c][0x91]Y[0x92][0x9a]\[0x92][0xaf][0x0][[0xd1]R[0xc]Z[0xdf][0x97][0xf]^[0x99][0x9a]ZL[0xd6]R;#[0xa4][0xc5]E[0xe0][0xd0][0xa5]a[0x8e][0x3]5[0xdb][0xa0][0x95][0x1b][0xc2][0xd3][0xd0]ke[0xb0][0xaf][0xb][0xf5][0xcb][0xcc][0xc8][0xcc]QHM[0x4]-[0xe]%k\[0xc7][0x92]n[0xf9][0xc1][0x92]n[0xf9][0x1]i[0xb9][0x9]M[0x7][0xeb][0x8c][0x91]NO[0x80][\r][0xb6]8faN[0xac][0xe0];[0x13][0x99][0xe8]Q[0x16]c[0xa4][0x85][0x1c][0xe0]tH[0xb3][0xbc]g[0x8c]|[0xf5][0x4]M[0xb]~c[0xa4]E[\r]4[0xf6][0x13][0xd2][0xf4]=[0xad]mB[0xc][0xe7][0xd3][0xd8]&[0xea]N*[0xe3]i[0xf5][0x19][0x83]n=[0x82][0x16]L[0xc8][0x9d]Rx[0xd7][0x1e][0xdb][0x15]9~[0xa9][0x85][0xa5][0xa9][\n]"
12:44:20.052 [main] DEBUG org.apache.http.wire -  << "e[0x90]e[0xb7][0xc5][0xa0][0x2]J!3[0x5]Z0#[0xef][0xb7][0x3][0x8d][0x84][0x10][0xd3][0xa3]3F[0x9a]4[0xa5]q[0xc0][0xd2]m[0xf3][0xad]1[0xe8][0xd6] h[0xc0][0xd2][0xda]O[0xf4]*[0xe8][0xc1]7[0xa7][0xd0][0xc7]OH[0xf3]L4[0xe]=[0xa4][0xe9][0x8f][0xc1]sn[0x9f]1[0xd2][0x4][0xc6]`r[0x15]b[0xb8]q0[0xb9][\n]"
12:44:20.052 [main] DEBUG org.apache.http.wire -  << "Q,[0xf]&WY[0xea](A[0xf3][0xca]`[0xb9][0xdf][0xd0][0xd8][0x18]4[0xc6]6[0xf8][0x1c][0x85][0x18]>[0x1c]D![0x85][0x18]d[0xa4]q[0x1][0x84]4[0xb0]Nc[0x9b][0x90]N[0xd4][0xa5][0xb5]Mt[0xab][0x92][0x90][0x6]h=[0x2][0x14]r3K[0xf2]1V?[0x81][0x1b][0xe9]%[0xa9]EI[0x89][0xc8][0x17][0xe2][0x98][0x82]t[0x12][0xd5]:[0x19][0xe0]1Xc[0xa4]1X[0xaa][\r][0x8c][0x12][0xb9]j[0xca][0x98][0x84]AY[0xc4][0xf8]:h[0xd4][0x91][0xb8][0xb5][0xcf][0xc6][0x3]<[0xe8]jL[0xab]AWb[0xbd][0x8f][0xc8]'T[0x8b]ZP[0xe8][0x13][0x1d][0xbd][0x88][0x9e];[0xcd][0xec][0xc7][0xb3][0xf4][0x1b]|g;[0xb4]>[0xa2][0x99][0xfd][0xf8]z?H[0x9b][0xa1][0x7][0xc6]~D#a@[0xec]G[0x1a]s[0x1e][0x18][0xfb][0x11]S[0xa2][0x3]c?b[0x92]t`[0xec]G4}[0x6][0xc6]~D[0xf9]C[0xab][0xda][0x13]i[0x8]{[0xf0][0xb4][0xee],[0x10][0xf9][0x8e][\n]"
12:44:20.052 [main] DEBUG org.apache.http.wire -  << "-!c[0x1d]%g[0xe8][0xf6][0xf9][0xd4]b%+[0xe4]MZ[0xc6]H[0x1b]x[0x7][0x8f][0xf7][0x91][0x6][0xbe][0xa1][0xeb]R[0x15]\s[0x12][0xb1]\[0x98][0xe][0xba][0xf8][0x11][0xbc]?[0x12],[0x7]][\r][0xf][0x1a][0x84][0x85]7[0x9c][0xf0][0xfa][0x1d][0x91][0xba]i[0xb0]z[0xcc][0x18]i[0x80][0xdb][0xad][0xb4](/[0xb3][0xa4][0xb4](U!$[0x1f][0xf3]V[[0x84]lJbQ[0xa6][0x82]WjA"x[0x91]<[0xd4]?[0x86][0xa0];[0xe0][0x1e][0xc2]W][0xd0]m[0xa0][0xdb][0x4][0xe9][0xf4]`*$P<~2A[0x1a][0xe9]F[0x84][0x13]-C[0xd1][0x4]i_![0xad][0xfd][0x86]([0xde][0x10][0xab][0x88] +Op[0xac]"r[0xcc][0xc9]L,VH+MOT(E[0x9e]T[0x2][0x1f][0xe7]LL[0x1a]11@[0x8c][0x91]x[0x16]d[0xe4][0xe7][0xa5]*[0x18][0x1a]*[0x98][0x99]([0xa4]'a[0xef][0x98]d$[0x82][0xe]OQ@[0xbf]/[0x96][0xe8][0xd9][0x3][0x13][0xd0][0x86][0xe]h[0x1b][\n]"
12:44:20.052 [main] DEBUG org.apache.http.wire -  << "f[0xa1][0x11]M-D[0x1a][0xda][0x87]YH[[0x1f]"[0x9d]7L'[0xb][0x11][0x5][0x17][0x8d]S[0xa8]![0xc6]0[0x83]9[0x8d][0x92][0x89]!"][0x6]$[0xe6]$[0xfa][0xe4][0xfb][0xe0][0x99][0xce][0xc2][0x92][0x1a]A[0xe3][0xd9][0xf0][0xc][0x80]g[0x9b][0x9a][0x9]moa6[0x1]-[0xea][0x83]&w[0x1a]T*&H[0x1b][0x7][0x9d][0x8a][0x12][0x93]SsR1[0xef]`[0xf5]MLIU[0xc8]OS[0xc8][0xc8]L[0xcf]P(,M[0xcc][0xc9],[0xa9]T(HM,[0xca])Ft[0x82][0x8d]@&[0xc1][0x3][0xc]_[0x9][0x8c]t(.M|[0x84]h[0xe3][0xd2][0xc4]xD^[0xa1][[0x80]![0x8a]u[0xba]Y[0x89][0xc8][0xa7][0xd4][0xb4][0x12]_>B[0x9a][0x99][0xa3][0xa6][0x95]xS"[0xa2][0x8c][0xa0]q[0xb9][0x87][0xb4][0xb9][0x90]F[0x1d][0xf][0x13][0xa4][0xa9]>Z[0x86]_[0xb5][0x92][0xa7][0x8b][0x92][0x95][0xa1][0x91][0x5]RQ[0xee][0x98][0x9c][0x9c]Z\[0x9c]_[0x94][0x99][\n]"
12:44:20.052 [main] DEBUG org.apache.http.wire -  << "*[0x10]Pw[0x96][0xe4]+[0xa4][0xe6]e$[0xe6]%[0xa7]*$[0x16][0x80][\n]"
12:44:20.052 [main] DEBUG org.apache.http.wire -  << "[\r][0x10]S[0xa9][0x16][0xe9]`[0x7][0x13][0xa4][0xfd][0x90][0xc5][0xa9][0x5][0xa9])[0x98][0x5]ubf%H[0x10][0xda][0x80][0x5][0xef][0xa3] [0xaa][0xa8]A[0xda][0x4]I[0xcb]0A[0xf1][0xc][0xa2]|[0xa0][0xb6]g[0xe8]_[0xc][0x80]6[0x1]@+[0x9f]`p[0xcc]([0xf8]d[0x16][0x97][0x14][0x81][0xc7][0x95]Q[0xa3][0x19]*[0x9d][0x3][0x91]V[0xc8]KOM*[0x5][0xd5]$[0xa4]G[0x19]b[0x88][0xe]j&[0xd4]J[0x5][0xa7][0xc4][0x9c]D[0xcc][0xce][0xe]T[0x11][0xaa][0xc5][\n]"
12:44:20.053 [main] DEBUG org.apache.http.wire -  << "I[0x89]y[0xe9][0xe0][0x9a][0xc]j[0xbf])h[0xeb][\r]qI[0x6]Q&[0xd0]-[0xc9] &[0xf4][0xe8]f%b@[0x80]^V"MqCO[0xb4][0x83][0xf6]L[0xb0]-[0xb9][0x8]-QH-*[0xca]/R(JM.-[0x86][0x9c][T[0x90][0xf][0xda][0xf5]WZ[0xac][0x90][0x9b][0x9f][0x3][0xba]5>1[0x15]tH[0xa0]B&[0xe4][0x0]([0xa4]5c[0xc4]w^[0x90].[0xb3]Ft[0x98]|2[0xf3]R[0xf3][0x14][0x9c][0xf2]KJr07[0xcd][0x83][0x8e]/,H-*.[0xc8]L[0xce]L,[0xc9],[0x86].[0x3]QH[0xc9]L.IT([0xc8]/*[0xca]W[0xc8],(.[0xcd]UHE>[0x85][0x8f][0x4]'![0x9a]/t[0x8b][0x19]D[0x91][0x5][0xd9][0xe][0x2][0x9][0x1][0xf7][0x9c][0xfc]2,[0x5][0xba]ZZfrff[0xb1][0x2][0xf2][0xb9][0x98][0x89]y[0x99][0xb9][0x99][0xf0][0x88])[0x86]-[0x96])IUHI[0xcd]I[0xcd][0xcb],[0xc9]$/~[0xe8]_[0xe4]!m[0xda]t[0xcf]/JO[0xcd]/-V[0x80][0xed][0xb6]H,[0xc2][0xe8][0xac][0xf8][0x83][0xce][0x1e][0x3][0xaf][0xd1],[0xcd][0x5][0xdd][0xaf][\r]M[0x2][0xe0]s[0xc6]2[0xf3][0x8b]![0xe7]1*$[0xe6]d[0x16][0x96]f[0xa6]([0x14]g[0x92][0xd7][0xc9]FZ[0x1e][0x81]H[0xa7][0xb0][0xdd]-[0xce][0xf9][0x89][0xa0][0x92][0x16][0xb5]<v-[0x1][0xf5][0xea]3[0x13]K[0x14] kFs3[0xf3]2s[0x13]a'[0xc3])[0x14][0x97][0x16]'g[0x16][0x90][0xeb][0x1a]D[0x11][0x89][0xbc][0xe3]+<??G!8#[0xb3][0x8][0xab]k@g~B[0x97]P[0x95]d&[0x95][0x16]+[0x14][0xe4]$&[0xa7]&[0x96]([0xa4][0x92][0x19]$[0x88]B[0x93][0xc6]m7P[0xd5][0x1][0xad][0x4][0x15]0[0xe2][0x1f]<[0xd9]J[0xf1][0x98][0x6][0xd2][0xa9][0xe8]dy[0x86][0xc8][0xf9]/[0x13][0xa4][0x13][0xd2][0xc9][0xb2][0x87][0xf8]Q[0x1a][0xa4][0xb3][0xd0][0xe9]U[0x8c]!my[0xa4][0x9b][0x95][0x88][0xc6][\n]"
12:44:20.053 [main] DEBUG org.apache.http.wire -  << "[0xdd][0xac]Dd>[0xba]YI[0xbf][0xac][0x86]h[0x96][0xd0]8}"o[0x81][0x84][0xac][0xc][0xc6][0xbc][0xc0][0x16]_[0xde]6A[0x99][0x15]@[0xef]d[0xc2]:I[0xa6]H[\r][0xc][0xf7][0xc4][0xdc]L[0xf0][0xb4][0x2]jA[0xed][0x96]_[0xa4][0x0]Y[0xdb][0xad]PPZT[0x90]_[0x9c]Z[0x8c][0xda];[0xa2][0xdb]*[0x16][0x13][0xa4][[0xa0]i[0x1d][0xfa]H-[0xe]H[0xe8][0x9b][0xd2][0xa8]d5C[0xb4] h[0xed]'[0xc4][0x90][0x9][0xad]mB[0x94]:P[0x9b][0x6]m[0xda]E[0x14]V8][0x8a][0x18]B[0xc4]W[0x8b]Q5Ga[0x94]g[0x83]6[0xfc]0[0xca]CL[0x97][0xd2]?[0xfc][0x90][0x16]IAc[0x95]V[0xb9][0x17]i[0xb9][0x94]_bq[0xa6][0x82]Kbi[0x9e][0x82]WjQ)[0xe6][0x81][0xee]`[0xf9][0xf2][0xd4][0xbc][0xc4][0xec]l[0x85][0x92][0xd4][0xbc][0xc4]<[0x85][0xdc][0xd2][0xa2][0xdc]TP[0x8b][0x1d]:[0x6]`h[0x89][0xff]X3X[0x12][0xb3]@:[0xe4]69?[0xaf]$?C7[0x19]1[0xdd][0xad][0xa3][0x84]V~'[0x16]gd[0xe6][0xe7]%&[0xe5][0xa4][0xa2][0x96][0xdb]HK[0xad][0xc0]nC[0xb8]]![0xb1]21W!=[0xbf]([0x15]K}[0x0]VK% [0xd2]9a`[0xaa]@[0x19][0xa3]C[0xda]-K[0xeb]8[0xa7][9[0x8a]t[0xf3][0x4][0xad][0xfd][0x84][0x91][0x8f]i[0x95]c[0xe8][0xb6][0xd5][0xd5][0x4]i[0xab]+[0xc1]e[0xe8][0xf4]*[0xd9][0x91][0xf6][0xc4][0xe2]p[0x13][0xa2][0xb9][0x85](7[0xe9][0xd7][0x96]C:[0xec]p[0xba][0x8f]n[0xe9][0x14]iW,[0x8e][0x90][0x18][0x88][0xf8]AZ(4[0x98]\E[0xb7][0xd6]2[0xd2][0x12]#[0xec][0xab][0xb7][0x6]6[0xfb] [0xad]G[0xc2][0xee][0xbc][0x1]I3[0x88]Z[0x16][0xbb][0xa3][0x6]4[0xcc]L[0x91]VVaw[0xde][0x0][0x84][0x99])[0xd2]",[0xda][0xd6][0xbc][0xa6]H[0x8b][0xaf][0xb0]{[0x80]c[0x7][0xd1][0xd8][0xc1][0xee][0xbc][0x1][0x89][0x1d][0x8c][0xfe]%[0x8d]Z+[0xe0]s[0x89][0xa0]C[0xab][0xd8][0xbd]?[0xb0][0xb1][0x83][0xb4][0xf2][0xb][0xbb][0xf3][0x6]"v[0x90]V[0x87]aw[0xd4][0x0][0x87][0x19][0xa2][0xb2][0xc2][0xee][0xbc][0x1][0x9]3z[0x8d][0x2][0x99]"[0xad][0x8a][0xa0]q[0xc9]fH[0xb7]\[0x8a][0xb4][0x94][0x8e][0xd6]~B[0xd4][0xa5]4[0xb6][0x9][0xb4]Z[\r]Z[0xf2][0xd0][0xda]&[0xc4][0x84].[0xad]m[0xa2][*[0xa7][0xdb]9[0xf6][0xa6]H[0xab][0xc2]h[0x1d]z[0x18]c[0x95][0xb4][0xaa][0xf5][0x90]n{[0xa7][0xb5][0x9f][0xe8][0xd5][0x9f]3EZ}Fc?![0xad][0x16][0xa3][0xb5]M[0x88][0x9c][0x8b][0xbd]*[0x1b][0xd8][0x9a][0xd6][0x18][0x91][0xdd][0xb1];o jZ[0xe4][0x15]c4[0x9d][0xd9]15[0xa6][[0xfd]g[0x8c]([0x19]<[0x2][0x14][0x9c][0xf3][0x8b]R[0x15]2[0x15]0[0xb][0x87][0x9c][0xd4][0x82][0x92][0xfc][0x2][0x5][0x8c][0x9d][0xd7][0x96] @[0xdc][0x6]YSc[0xba]U[0x80]H[0xcb][0xb1][0xe8][0xb6][0x15][0xf]6[0xc2]n[0x8a]t[0x3][0x15]|[0x13][0xe][0xc6][0x4]`[0x1a][0xb6][0x99]Q[0xd8]u`F[0xa6][0x6][0x88][0xae][0x13][0x89]f -[0xd7]D[0x9e][0xa0][0xa5]Z0[0x10]5[0xda]9[0x88][0x82][0x0]Q[0xcc][0x11][\n]"
12:44:20.053 [main] DEBUG org.apache.http.wire -  << "[0x2]D[0x89][0x2][0xda]u[0x8d]'M[0xf][0xc6][0x98]FtL[0x8]y[0x93][0x16][0xe7]}[0x9a]"[0x1d][0xbc]CU[0xfb]i[0x1b][0xb](y[0x5]Q[0xe2]R[0xd5][0x7]C-[0xbf] [0xca]h[0x9a][0x5][0x3][0xfa]![0x2][0x83]1?![0xda][0x96]4[0xb][0x6][0x9c][0xeb]j[0x6]O[0xe9][0x89][0xb4]:pD[0x7][0xc3][0x0][0x9c]l0[0x8]3[0x5][0xd2]B[0xce][0x11][0x9d][0x1a][0x6][0xa0][0xae][0x1d][0x8c][0xa9][0x1][0xd1]C[0x1b][0xd1][0xa9][0x1][0xd1]R[0x1f][0xd1][0xc1][0x80]h>[0xc1][0x6].LM1[0xbb][0x91][0xf8]V[0x9d][0x12][0xbd][0xfe][0xda][0xd4][0x14][0xd1]g[0xa5][0xee]64S[0xa4][0xf3][0xdb]<[0xf3]JRsr2[0xd3]S[0xf3]J[0x14][0x82]KRSA[0xcb][0xff][0xf3][0xb1]l[0x19][0xf1]L[0x1]m[0x1b].[0xce]T[0x0][0xdd]U_[0xac][0x0][0xbe][0x9c][0xbd][0xb0]4[0xb1][0x98][0xac]M![0xa6][0xa6][0x88][0x86][0x7],[0x1c]1[0xfa][0x8e][0xd4][0x9]D[0xcc]E[0xc2][0xd4][0x8d][0xae][0xd8]Z.[0x0][0x0][0x0][0x0][0xff][0xff]"
12:44:20.053 [main] DEBUG org.apache.http.wire -  << "[\r][\n]"
12:44:20.053 [main] DEBUG org.apache.http.wire -  << "A[\r][\n]"
12:44:20.053 [main] DEBUG org.apache.http.wire -  << "[0x3][0x0][0xf2]B[0xf6][0x1e][0x15][0xe5][0x0][0x0]"
12:44:20.053 [main] DEBUG org.apache.http.wire -  << "[\r][\n]"
12:44:20.053 [main] DEBUG org.apache.http.wire -  << "0[\r][\n]"
12:44:20.053 [main] DEBUG org.apache.http.wire -  << "[\r][\n]"
12:44:20.053 [main] DEBUG io.restassured.internal.RestAssuredHttpBuilder - Parsed data to instance of: class org.apache.http.conn.EofSensorInputStream
12:44:20.056 [main] DEBUG org.apache.http.impl.conn.BasicClientConnectionManager - Releasing connection org.apache.http.impl.conn.ManagedClientConnectionImpl@57441348
12:44:20.056 [main] DEBUG org.apache.http.impl.conn.BasicClientConnectionManager - Connection can be kept alive indefinitely
12:44:20.113 [main] DEBUG net.thucydides.core.steps.StepInterceptor - STEP DONE: I receive valid login and product HTTP response code 200
  &amp#27;[32mThen &amp#27;[0m&amp#27;[32mI receive valid login and product HTTP response code 200&amp#27;[0m &amp#27;[90m# starter.stepdefinitions.UserSteps.iReceive1ValidLoginAndProductHTTPResponseCode()&amp#27;[0m
12:44:20.133 [main] INFO  - 
  _____   ___   ___   _____     ___     _     ___   ___   ___   ___  
 |_   _| | __| / __| |_   _|   | _ \   /_\   / __| / __| | __| |   \ 
   | |   | _|  \__ \   | |     |  _/  / _ \  \__ \ \__ \ | _|  | |) |
   |_|   |___| |___/   |_|     |_|   /_/ \_\ |___/ |___/ |___| |___/ 

POST - As admin I have be able to create register
----------------------------------------------------------------------
]]></system-out>
  </testcase>
  <testcase name="POST - As admin I cannot create register" classname="User" time="0.586">
    <system-out><![CDATA[
@TC-0026
Scenario: POST - As admin I cannot create register              &amp#27;[90m# src/test/resources/api/user.feature:202&amp#27;[0m
12:44:20.155 [main] INFO io.cucumber.core.plugin.SerenityReporter - Running feature from file:///C:/Users/Lenovo/IdeaProjects/MiniProject/MiniprojectApi/src/test/resources/api/user.feature
12:44:20.155 [main] WARN io.cucumber.core.plugin.SerenityReporter - Feature from file:///C:/Users/Lenovo/IdeaProjects/MiniProject/MiniprojectApi/src/test/resources/api/user.feature is not under the 'features' directory. Requirements report will not be correctly generated!
12:44:20.161 [main] INFO  - 
  _____   ___   ___   _____     ___   _____     _     ___   _____   ___   ___  
 |_   _| | __| / __| |_   _|   / __| |_   _|   /_\   | _ \ |_   _| | __| |   \ 
   | |   | _|  \__ \   | |     \__ \   | |    / _ \  |   /   | |   | _|  | |) |
   |_|   |___| |___/   |_|     |___/   |_|   /_/ \_\ |_|_\   |_|   |___| |___/ 

POST - As admin I cannot create register(user;post---as-admin-i-cannot-create-register)
--------------------------------------------------------------------------------
12:44:20.285 [main] DEBUG net.thucydides.core.steps.StepInterceptor - STARTING STEP: UserSteps.iSetPOSTApiEndpointsLogin - I set POST api endpoints login
12:44:20.285 [main] DEBUG net.thucydides.core.steps.StepInterceptor - STEP DONE: I set POST api endpoints login
  &amp#27;[32mGiven &amp#27;[0m&amp#27;[32mI set POST api endpoints login&amp#27;[0m                          &amp#27;[90m# starter.stepdefinitions.UserSteps.iSetPOSTApiEndpointsLogin()&amp#27;[0m
12:44:20.288 [main] DEBUG net.thucydides.core.steps.StepInterceptor - STARTING STEP: UserSteps.iSendPOSTHTTPRequestLogin - I send POST HTTP request login
12:44:20.289 [main] DEBUG net.thucydides.core.steps.StepInterceptor - STARTING STEP: PostLogin.iSendPOSTHTTPRequestLogin - I set POST api endpoints login
12:44:20.289 [main] DEBUG net.thucydides.core.steps.StepInterceptor - STEP DONE: I set POST api endpoints login
12:44:20.299 [main] DEBUG org.apache.http.impl.conn.BasicClientConnectionManager - Get connection for route {s}->https://altashop-api.fly.dev:443
12:44:20.299 [main] DEBUG org.apache.http.impl.conn.DefaultClientConnectionOperator - Connecting to altashop-api.fly.dev:443
12:44:20.392 [main] DEBUG org.apache.http.client.protocol.RequestAddCookies - CookieSpec selected: ignoreCookies
12:44:20.392 [main] DEBUG org.apache.http.client.protocol.RequestAuthCache - Auth cache not set in the context
12:44:20.392 [main] DEBUG org.apache.http.client.protocol.RequestTargetAuthentication - Target auth state: UNCHALLENGED
12:44:20.392 [main] DEBUG org.apache.http.client.protocol.RequestProxyAuthentication - Proxy auth state: UNCHALLENGED
12:44:20.392 [main] DEBUG org.apache.http.impl.client.DefaultHttpClient - Attempt 1 to execute request
12:44:20.392 [main] DEBUG org.apache.http.impl.conn.DefaultClientConnection - Sending request: POST /api/auth/login HTTP/1.1
12:44:20.392 [main] DEBUG org.apache.http.wire -  >> "POST /api/auth/login HTTP/1.1[\r][\n]"
12:44:20.392 [main] DEBUG org.apache.http.wire -  >> "Accept: */*[\r][\n]"
12:44:20.392 [main] DEBUG org.apache.http.wire -  >> "Content-Type: application/json[\r][\n]"
12:44:20.392 [main] DEBUG org.apache.http.wire -  >> "Content-Length: 48[\r][\n]"
12:44:20.392 [main] DEBUG org.apache.http.wire -  >> "Host: altashop-api.fly.dev[\r][\n]"
12:44:20.392 [main] DEBUG org.apache.http.wire -  >> "Connection: Keep-Alive[\r][\n]"
12:44:20.392 [main] DEBUG org.apache.http.wire -  >> "User-Agent: Apache-HttpClient/4.5.13 (Java/14.0.2)[\r][\n]"
12:44:20.392 [main] DEBUG org.apache.http.wire -  >> "Accept-Encoding: gzip,deflate[\r][\n]"
12:44:20.392 [main] DEBUG org.apache.http.wire -  >> "[\r][\n]"
12:44:20.392 [main] DEBUG org.apache.http.headers - >> POST /api/auth/login HTTP/1.1
12:44:20.392 [main] DEBUG org.apache.http.headers - >> Accept: */*
12:44:20.392 [main] DEBUG org.apache.http.headers - >> Content-Type: application/json
12:44:20.392 [main] DEBUG org.apache.http.headers - >> Content-Length: 48
12:44:20.392 [main] DEBUG org.apache.http.headers - >> Host: altashop-api.fly.dev
12:44:20.392 [main] DEBUG org.apache.http.headers - >> Connection: Keep-Alive
12:44:20.392 [main] DEBUG org.apache.http.headers - >> User-Agent: Apache-HttpClient/4.5.13 (Java/14.0.2)
12:44:20.392 [main] DEBUG org.apache.http.headers - >> Accept-Encoding: gzip,deflate
12:44:20.392 [main] DEBUG org.apache.http.wire -  >> "{"password":"123123","email":"someone@mail.com"}"
12:44:20.433 [main] DEBUG org.apache.http.wire -  << "HTTP/1.1 200 OK[\r][\n]"
12:44:20.433 [main] DEBUG org.apache.http.wire -  << "content-type: application/json[\r][\n]"
12:44:20.433 [main] DEBUG org.apache.http.wire -  << "date: Sat, 06 May 2023 05:53:06 GMT[\r][\n]"
12:44:20.433 [main] DEBUG org.apache.http.wire -  << "content-encoding: gzip[\r][\n]"
12:44:20.433 [main] DEBUG org.apache.http.wire -  << "transfer-encoding: chunked[\r][\n]"
12:44:20.433 [main] DEBUG org.apache.http.wire -  << "server: Fly/3f2597ca (2023-05-03)[\r][\n]"
12:44:20.433 [main] DEBUG org.apache.http.wire -  << "via: 1.1 fly.io[\r][\n]"
12:44:20.433 [main] DEBUG org.apache.http.wire -  << "fly-request-id: 01GZQSXZ2JN1SME3BM5JHRVPJE-sin[\r][\n]"
12:44:20.433 [main] DEBUG org.apache.http.wire -  << "[\r][\n]"
12:44:20.433 [main] DEBUG org.apache.http.impl.conn.DefaultClientConnection - Receiving response: HTTP/1.1 200 OK
12:44:20.433 [main] DEBUG org.apache.http.headers - << HTTP/1.1 200 OK
12:44:20.433 [main] DEBUG org.apache.http.headers - << content-type: application/json
12:44:20.433 [main] DEBUG org.apache.http.headers - << date: Sat, 06 May 2023 05:53:06 GMT
12:44:20.433 [main] DEBUG org.apache.http.headers - << content-encoding: gzip
12:44:20.433 [main] DEBUG org.apache.http.headers - << transfer-encoding: chunked
12:44:20.433 [main] DEBUG org.apache.http.headers - << server: Fly/3f2597ca (2023-05-03)
12:44:20.433 [main] DEBUG org.apache.http.headers - << via: 1.1 fly.io
12:44:20.433 [main] DEBUG org.apache.http.headers - << fly-request-id: 01GZQSXZ2JN1SME3BM5JHRVPJE-sin
12:44:20.433 [main] DEBUG org.apache.http.impl.client.DefaultHttpClient - Connection can be kept alive indefinitely
12:44:20.433 [main] DEBUG io.restassured.internal.RestAssuredHttpBuilder - Parsing response as: application/json
12:44:20.433 [main] DEBUG org.apache.http.wire -  << "AC[\r][\n]"
12:44:20.433 [main] DEBUG org.apache.http.wire -  << "[0x1f][0x8b][0x8][0x0][0x0][0x0][0x0][0x0][0x4][0xff][0xab]VJI,IT[0xb2]RJ[0xad][0xf4][0xca]HrO[0xce][0xf4][0xcf][0xf4][0xf2][0xc][0xad][0xf2]4[0xf4][0xcb][0xf4],[0xf6][0xcc][0xb]2Mv[0xf6]4[0xf3][0xcc].[0x88][0x8]s[0xf6][0xb2][0xd4]K[0xad][0xf4]rO[0x9][0xaf](N[0xca]u+[0x89][\n]"
12:44:20.433 [main] DEBUG org.apache.http.wire -  << "[0x6]K[0x94]%[0xba][0x9b][0xa4][0x7][0xb9][[0xe6]xf[0x96]g[0x6][0x85][0x1b]f$[0x86][0x97][0x83][0xc][0xa9]J22[0xcc]I22[0xcd][0x9]t[0x7][0x8b][0x95]F[0x1a]Y[0x96]x[0xe6][0x19][0xe8][0x85][0x97]9[0x5]W$[0x7][0xba][0x16][0x16][0xe6]e:[0x1b][0x96][0x19]X[0xf8]Te[0x17]y$[0xbb][0xfa][0xa4][0xa6][0x17][0x1b]$[0x99][0x97][0x95]d[0xb9][0x7][0x84]g&[0xba][0x86]'{*[0xd5]r[0x1][0x0]?[0x99][0xcf]j[0xa0][0x0][0x0][0x0]"
12:44:20.433 [main] DEBUG org.apache.http.wire -  << "[\r][\n]"
12:44:20.433 [main] DEBUG org.apache.http.wire -  << "0[\r][\n]"
12:44:20.433 [main] DEBUG org.apache.http.wire -  << "[\r][\n]"
12:44:20.433 [main] DEBUG io.restassured.internal.RestAssuredHttpBuilder - Parsed data to instance of: class org.apache.http.conn.EofSensorInputStream
12:44:20.434 [main] DEBUG org.apache.http.impl.conn.BasicClientConnectionManager - Releasing connection org.apache.http.impl.conn.ManagedClientConnectionImpl@50853850
12:44:20.434 [main] DEBUG org.apache.http.impl.conn.BasicClientConnectionManager - Connection can be kept alive indefinitely
12:44:20.449 [main] DEBUG net.thucydides.core.steps.StepInterceptor - STEP DONE: I send POST HTTP request login
  &amp#27;[32mWhen &amp#27;[0m&amp#27;[32mI send POST HTTP request login&amp#27;[0m                           &amp#27;[90m# starter.stepdefinitions.UserSteps.iSendPOSTHTTPRequestLogin()&amp#27;[0m
12:44:20.452 [main] DEBUG net.thucydides.core.steps.StepInterceptor - STARTING STEP: UserSteps.iSetPOSTApiEndpointsRegister - I set POST api endpoints register
12:44:20.452 [main] DEBUG net.thucydides.core.steps.StepInterceptor - STEP DONE: I set POST api endpoints register
  &amp#27;[32mAnd &amp#27;[0m&amp#27;[32mI set POST api endpoints register&amp#27;[0m                         &amp#27;[90m# starter.stepdefinitions.UserSteps.iSetPOSTApiEndpointsRegister()&amp#27;[0m
12:44:20.455 [main] DEBUG net.thucydides.core.steps.StepInterceptor - STARTING STEP: UserSteps.iSendPOSTHTTPRequestPostRegister - I send POST HTTP request post register
12:44:20.456 [main] DEBUG net.thucydides.core.steps.StepInterceptor - STARTING STEP: PostRegister.iSendPOSTHTTPRequestPostRegister - I set POST api endpoints register
12:44:20.456 [main] DEBUG net.thucydides.core.steps.StepInterceptor - STEP DONE: I set POST api endpoints register
12:44:20.463 [main] DEBUG org.apache.http.impl.conn.BasicClientConnectionManager - Get connection for route {s}->https://altashop-api.fly.dev:443
12:44:20.463 [main] DEBUG org.apache.http.impl.conn.DefaultClientConnectionOperator - Connecting to altashop-api.fly.dev:443
12:44:20.547 [main] DEBUG org.apache.http.client.protocol.RequestAddCookies - CookieSpec selected: ignoreCookies
12:44:20.547 [main] DEBUG org.apache.http.client.protocol.RequestAuthCache - Auth cache not set in the context
12:44:20.547 [main] DEBUG org.apache.http.client.protocol.RequestTargetAuthentication - Target auth state: UNCHALLENGED
12:44:20.547 [main] DEBUG org.apache.http.client.protocol.RequestProxyAuthentication - Proxy auth state: UNCHALLENGED
12:44:20.547 [main] DEBUG org.apache.http.impl.client.DefaultHttpClient - Attempt 1 to execute request
12:44:20.547 [main] DEBUG org.apache.http.impl.conn.DefaultClientConnection - Sending request: POST /api/auth/register HTTP/1.1
12:44:20.547 [main] DEBUG org.apache.http.wire -  >> "POST /api/auth/register HTTP/1.1[\r][\n]"
12:44:20.547 [main] DEBUG org.apache.http.wire -  >> "Accept: */*[\r][\n]"
12:44:20.547 [main] DEBUG org.apache.http.wire -  >> "Content-Type: application/json[\r][\n]"
12:44:20.547 [main] DEBUG org.apache.http.wire -  >> "Content-Length: 79[\r][\n]"
12:44:20.547 [main] DEBUG org.apache.http.wire -  >> "Host: altashop-api.fly.dev[\r][\n]"
12:44:20.547 [main] DEBUG org.apache.http.wire -  >> "Connection: Keep-Alive[\r][\n]"
12:44:20.547 [main] DEBUG org.apache.http.wire -  >> "User-Agent: Apache-HttpClient/4.5.13 (Java/14.0.2)[\r][\n]"
12:44:20.547 [main] DEBUG org.apache.http.wire -  >> "Accept-Encoding: gzip,deflate[\r][\n]"
12:44:20.547 [main] DEBUG org.apache.http.wire -  >> "[\r][\n]"
12:44:20.547 [main] DEBUG org.apache.http.headers - >> POST /api/auth/register HTTP/1.1
12:44:20.547 [main] DEBUG org.apache.http.headers - >> Accept: */*
12:44:20.547 [main] DEBUG org.apache.http.headers - >> Content-Type: application/json
12:44:20.547 [main] DEBUG org.apache.http.headers - >> Content-Length: 79
12:44:20.547 [main] DEBUG org.apache.http.headers - >> Host: altashop-api.fly.dev
12:44:20.547 [main] DEBUG org.apache.http.headers - >> Connection: Keep-Alive
12:44:20.547 [main] DEBUG org.apache.http.headers - >> User-Agent: Apache-HttpClient/4.5.13 (Java/14.0.2)
12:44:20.547 [main] DEBUG org.apache.http.headers - >> Accept-Encoding: gzip,deflate
12:44:20.548 [main] DEBUG org.apache.http.wire -  >> "{"password":"123123","fullname":"Firstname Lastname","email":"danang@mail.com"}"
12:44:20.583 [main] DEBUG org.apache.http.wire -  << "HTTP/1.1 400 Bad Request[\r][\n]"
12:44:20.584 [main] DEBUG org.apache.http.wire -  << "content-type: application/json[\r][\n]"
12:44:20.584 [main] DEBUG org.apache.http.wire -  << "date: Sat, 06 May 2023 05:53:06 GMT[\r][\n]"
12:44:20.584 [main] DEBUG org.apache.http.wire -  << "content-encoding: gzip[\r][\n]"
12:44:20.584 [main] DEBUG org.apache.http.wire -  << "transfer-encoding: chunked[\r][\n]"
12:44:20.584 [main] DEBUG org.apache.http.wire -  << "server: Fly/3f2597ca (2023-05-03)[\r][\n]"
12:44:20.584 [main] DEBUG org.apache.http.wire -  << "via: 1.1 fly.io[\r][\n]"
12:44:20.584 [main] DEBUG org.apache.http.wire -  << "fly-request-id: 01GZQSXZ7F1C14FY8F4ECF0V9T-sin[\r][\n]"
12:44:20.584 [main] DEBUG org.apache.http.wire -  << "[\r][\n]"
12:44:20.584 [main] DEBUG org.apache.http.impl.conn.DefaultClientConnection - Receiving response: HTTP/1.1 400 Bad Request
12:44:20.584 [main] DEBUG org.apache.http.headers - << HTTP/1.1 400 Bad Request
12:44:20.584 [main] DEBUG org.apache.http.headers - << content-type: application/json
12:44:20.584 [main] DEBUG org.apache.http.headers - << date: Sat, 06 May 2023 05:53:06 GMT
12:44:20.584 [main] DEBUG org.apache.http.headers - << content-encoding: gzip
12:44:20.584 [main] DEBUG org.apache.http.headers - << transfer-encoding: chunked
12:44:20.584 [main] DEBUG org.apache.http.headers - << server: Fly/3f2597ca (2023-05-03)
12:44:20.584 [main] DEBUG org.apache.http.headers - << via: 1.1 fly.io
12:44:20.584 [main] DEBUG org.apache.http.headers - << fly-request-id: 01GZQSXZ7F1C14FY8F4ECF0V9T-sin
12:44:20.584 [main] DEBUG org.apache.http.impl.client.DefaultHttpClient - Connection can be kept alive indefinitely
12:44:20.584 [main] DEBUG io.restassured.internal.RestAssuredHttpBuilder - Parsing response as: application/json
12:44:20.584 [main] DEBUG org.apache.http.wire -  << "7B[\r][\n]"
12:44:20.584 [main] DEBUG org.apache.http.wire -  << "[0x1f][0x8b][0x8][0x0][0x0][0x0][0x0][0x0][0x4][0xff][0xab]VJ-*[0xca]/R[0xb2]Rr[\r][\n]"
12:44:20.584 [main] DEBUG org.apache.http.wire -  << "[0xf2][0xf][0xb2]RH)-[0xc8][0xc9]LN,IU[0xc8]N[0xad]T(K[0xcc])MU([0xcb][0xcc][0xcf]I,I-V([0xcd][0xcb],,MUH[0xce][0xcf]+.)J[0xcc][0xcc]+Q[0x88]Q*-N-*[0x8e]O[0xcd]M[0xcc][0xcc][0x89][0xcf]N[0xad][0x8c]QR[0xd0][0x8][0xe][0xf4][0x9][0xe]q[0xc]qU02650[0xd5]T[0xaa][0xe5][0x2][0x0][0x1a]G[0x13]pg[0x0][0x0][0x0]"
12:44:20.584 [main] DEBUG org.apache.http.wire -  << "[\r][\n]"
12:44:20.584 [main] DEBUG org.apache.http.wire -  << "0[\r][\n]"
12:44:20.584 [main] DEBUG org.apache.http.wire -  << "[\r][\n]"
12:44:20.584 [main] DEBUG io.restassured.internal.RestAssuredHttpBuilder - Parsed data to instance of: class org.apache.http.conn.EofSensorInputStream
12:44:20.585 [main] DEBUG org.apache.http.impl.conn.BasicClientConnectionManager - Releasing connection org.apache.http.impl.conn.ManagedClientConnectionImpl@3e095ba6
12:44:20.585 [main] DEBUG org.apache.http.impl.conn.BasicClientConnectionManager - Connection can be kept alive indefinitely
12:44:20.586 [main] DEBUG net.thucydides.core.steps.StepInterceptor - STEP DONE: I send POST HTTP request post register
  &amp#27;[32mAnd &amp#27;[0m&amp#27;[32mI send POST HTTP request post register&amp#27;[0m                    &amp#27;[90m# starter.stepdefinitions.UserSteps.iSendPOSTHTTPRequestPostRegister()&amp#27;[0m
12:44:20.589 [main] DEBUG net.thucydides.core.steps.StepInterceptor - STARTING STEP: UserSteps.iReceiveValidLoginAndProductHTTPResponseCode405 - I receive valid login and product HTTP response code 405
12:44:20.590 [main] DEBUG net.thucydides.core.steps.StepInterceptor - STARTING STEP: NPostRegister.iReceiveValidLoginAndProductHTTPResponseCode405 - I set POST api endpoints register
12:44:20.591 [main] DEBUG net.thucydides.core.steps.StepInterceptor - STEP DONE: I set POST api endpoints register
12:44:20.598 [main] DEBUG org.apache.http.impl.conn.BasicClientConnectionManager - Get connection for route {s}->https://altashop-api.fly.dev:443
12:44:20.598 [main] DEBUG org.apache.http.impl.conn.DefaultClientConnectionOperator - Connecting to altashop-api.fly.dev:443
12:44:20.686 [main] DEBUG org.apache.http.client.protocol.RequestAddCookies - CookieSpec selected: ignoreCookies
12:44:20.686 [main] DEBUG org.apache.http.client.protocol.RequestAuthCache - Auth cache not set in the context
12:44:20.686 [main] DEBUG org.apache.http.client.protocol.RequestProxyAuthentication - Proxy auth state: UNCHALLENGED
12:44:20.686 [main] DEBUG org.apache.http.impl.client.DefaultHttpClient - Attempt 1 to execute request
12:44:20.686 [main] DEBUG org.apache.http.impl.conn.DefaultClientConnection - Sending request: GET /api/auth/register HTTP/1.1
12:44:20.686 [main] DEBUG org.apache.http.wire -  >> "GET /api/auth/register HTTP/1.1[\r][\n]"
12:44:20.686 [main] DEBUG org.apache.http.wire -  >> "Authorization: Bearer [\r][\n]"
12:44:20.686 [main] DEBUG org.apache.http.wire -  >> "Accept: */*[\r][\n]"
12:44:20.686 [main] DEBUG org.apache.http.wire -  >> "Host: altashop-api.fly.dev[\r][\n]"
12:44:20.686 [main] DEBUG org.apache.http.wire -  >> "Connection: Keep-Alive[\r][\n]"
12:44:20.686 [main] DEBUG org.apache.http.wire -  >> "User-Agent: Apache-HttpClient/4.5.13 (Java/14.0.2)[\r][\n]"
12:44:20.686 [main] DEBUG org.apache.http.wire -  >> "Accept-Encoding: gzip,deflate[\r][\n]"
12:44:20.686 [main] DEBUG org.apache.http.wire -  >> "[\r][\n]"
12:44:20.686 [main] DEBUG org.apache.http.headers - >> GET /api/auth/register HTTP/1.1
12:44:20.686 [main] DEBUG org.apache.http.headers - >> Authorization: Bearer 
12:44:20.686 [main] DEBUG org.apache.http.headers - >> Accept: */*
12:44:20.686 [main] DEBUG org.apache.http.headers - >> Host: altashop-api.fly.dev
12:44:20.686 [main] DEBUG org.apache.http.headers - >> Connection: Keep-Alive
12:44:20.686 [main] DEBUG org.apache.http.headers - >> User-Agent: Apache-HttpClient/4.5.13 (Java/14.0.2)
12:44:20.686 [main] DEBUG org.apache.http.headers - >> Accept-Encoding: gzip,deflate
12:44:20.718 [main] DEBUG org.apache.http.wire -  << "HTTP/1.1 405 Method Not Allowed[\r][\n]"
12:44:20.718 [main] DEBUG org.apache.http.wire -  << "date: Sat, 06 May 2023 05:53:06 GMT[\r][\n]"
12:44:20.718 [main] DEBUG org.apache.http.wire -  << "content-encoding: gzip[\r][\n]"
12:44:20.718 [main] DEBUG org.apache.http.wire -  << "content-type: text/plain; charset=utf-8[\r][\n]"
12:44:20.718 [main] DEBUG org.apache.http.wire -  << "transfer-encoding: chunked[\r][\n]"
12:44:20.718 [main] DEBUG org.apache.http.wire -  << "server: Fly/3f2597ca (2023-05-03)[\r][\n]"
12:44:20.718 [main] DEBUG org.apache.http.wire -  << "via: 1.1 fly.io[\r][\n]"
12:44:20.718 [main] DEBUG org.apache.http.wire -  << "fly-request-id: 01GZQSXZBRBVP3K8BT157E1388-sin[\r][\n]"
12:44:20.718 [main] DEBUG org.apache.http.wire -  << "[\r][\n]"
12:44:20.718 [main] DEBUG org.apache.http.impl.conn.DefaultClientConnection - Receiving response: HTTP/1.1 405 Method Not Allowed
12:44:20.718 [main] DEBUG org.apache.http.headers - << HTTP/1.1 405 Method Not Allowed
12:44:20.718 [main] DEBUG org.apache.http.headers - << date: Sat, 06 May 2023 05:53:06 GMT
12:44:20.718 [main] DEBUG org.apache.http.headers - << content-encoding: gzip
12:44:20.718 [main] DEBUG org.apache.http.headers - << content-type: text/plain; charset=utf-8
12:44:20.718 [main] DEBUG org.apache.http.headers - << transfer-encoding: chunked
12:44:20.718 [main] DEBUG org.apache.http.headers - << server: Fly/3f2597ca (2023-05-03)
12:44:20.718 [main] DEBUG org.apache.http.headers - << via: 1.1 fly.io
12:44:20.718 [main] DEBUG org.apache.http.headers - << fly-request-id: 01GZQSXZBRBVP3K8BT157E1388-sin
12:44:20.718 [main] DEBUG org.apache.http.impl.client.DefaultHttpClient - Connection can be kept alive indefinitely
12:44:20.718 [main] DEBUG io.restassured.internal.RestAssuredHttpBuilder - Parsing response as: text/plain; charset=utf-8
12:44:20.719 [main] DEBUG org.apache.http.wire -  << "27[\r][\n]"
12:44:20.719 [main] DEBUG org.apache.http.wire -  << "[0x1f][0x8b][0x8][0x0][0x0][0x0][0x0][0x0][0x4][0xff][0xcb]M-[0xc9][0xc8]OQ[0xc8][0xcb]/QH[0xcc][0xc9][0xc9]/OM[0xe1][0x2][0x0][0xe5]Yf[0xfa][0x13][0x0][0x0][0x0]"
12:44:20.719 [main] DEBUG org.apache.http.wire -  << "[\r][\n]"
12:44:20.719 [main] DEBUG org.apache.http.wire -  << "0[\r][\n]"
12:44:20.719 [main] DEBUG org.apache.http.wire -  << "[\r][\n]"
12:44:20.719 [main] DEBUG io.restassured.internal.RestAssuredHttpBuilder - Parsed data to instance of: class org.apache.http.conn.EofSensorInputStream
12:44:20.720 [main] DEBUG org.apache.http.impl.conn.BasicClientConnectionManager - Releasing connection org.apache.http.impl.conn.ManagedClientConnectionImpl@3f7ff364
12:44:20.720 [main] DEBUG org.apache.http.impl.conn.BasicClientConnectionManager - Connection can be kept alive indefinitely
12:44:20.721 [main] DEBUG net.thucydides.core.steps.StepInterceptor - STEP DONE: I receive valid login and product HTTP response code 405
  &amp#27;[32mThen &amp#27;[0m&amp#27;[32mI receive valid login and product HTTP response code 405&amp#27;[0m &amp#27;[90m# starter.stepdefinitions.UserSteps.iReceiveValidLoginAndProductHTTPResponseCode405()&amp#27;[0m
12:44:20.723 [main] INFO  - 
  _____   ___   ___   _____     ___     _     ___   ___   ___   ___  
 |_   _| | __| / __| |_   _|   | _ \   /_\   / __| / __| | __| |   \ 
   | |   | _|  \__ \   | |     |  _/  / _ \  \__ \ \__ \ | _|  | |) |
   |_|   |___| |___/   |_|     |_|   /_/ \_\ |___/ |___/ |___| |___/ 

POST - As admin I cannot create register
----------------------------------------------------------------------
]]></system-out>
  </testcase>
  <testcase name="POST - As admin I have be able to create login" classname="User" time="0.264">
    <system-out><![CDATA[
@TC-0027
Scenario: POST - As admin I have be able to create login &amp#27;[90m# src/test/resources/api/user.feature:210&amp#27;[0m
12:44:20.731 [main] INFO io.cucumber.core.plugin.SerenityReporter - Running feature from file:///C:/Users/Lenovo/IdeaProjects/MiniProject/MiniprojectApi/src/test/resources/api/user.feature
12:44:20.731 [main] WARN io.cucumber.core.plugin.SerenityReporter - Feature from file:///C:/Users/Lenovo/IdeaProjects/MiniProject/MiniprojectApi/src/test/resources/api/user.feature is not under the 'features' directory. Requirements report will not be correctly generated!
12:44:20.733 [main] INFO  - 
  _____   ___   ___   _____     ___   _____     _     ___   _____   ___   ___  
 |_   _| | __| / __| |_   _|   / __| |_   _|   /_\   | _ \ |_   _| | __| |   \ 
   | |   | _|  \__ \   | |     \__ \   | |    / _ \  |   /   | |   | _|  | |) |
   |_|   |___| |___/   |_|     |___/   |_|   /_/ \_\ |_|_\   |_|   |___| |___/ 

POST - As admin I have be able to create login(user;post---as-admin-i-have-be-able-to-create-login)
--------------------------------------------------------------------------------
12:44:20.799 [Finalizer] DEBUG org.apache.http.impl.conn.DefaultClientConnection - Connection 0.0.0.0:65196<->149.248.193.56:443 closed
12:44:20.801 [Finalizer] DEBUG org.apache.http.impl.conn.DefaultClientConnection - Connection 0.0.0.0:65195<->149.248.193.56:443 closed
12:44:20.802 [Finalizer] DEBUG org.apache.http.impl.conn.DefaultClientConnection - Connection 0.0.0.0:65198<->149.248.193.56:443 closed
12:44:20.804 [Finalizer] DEBUG org.apache.http.impl.conn.DefaultClientConnection - Connection 0.0.0.0:65197<->149.248.193.56:443 closed
12:44:20.805 [Finalizer] DEBUG org.apache.http.impl.conn.DefaultClientConnection - Connection 0.0.0.0:65200<->149.248.193.56:443 closed
12:44:20.806 [main] DEBUG net.thucydides.core.steps.StepInterceptor - STARTING STEP: UserSteps.iSetPOSTApiEndpointsLogin - I set POST api endpoints login
12:44:20.806 [Finalizer] DEBUG org.apache.http.impl.conn.DefaultClientConnection - Connection 0.0.0.0:65199<->149.248.193.56:443 closed
12:44:20.806 [main] DEBUG net.thucydides.core.steps.StepInterceptor - STEP DONE: I set POST api endpoints login
  &amp#27;[32mGiven &amp#27;[0m&amp#27;[32mI set POST api endpoints login&amp#27;[0m                   &amp#27;[90m# starter.stepdefinitions.UserSteps.iSetPOSTApiEndpointsLogin()&amp#27;[0m
12:44:20.809 [main] DEBUG net.thucydides.core.steps.StepInterceptor - STARTING STEP: UserSteps.iSendPOSTHTTPRequestLogin - I send POST HTTP request login
12:44:20.810 [main] DEBUG net.thucydides.core.steps.StepInterceptor - STARTING STEP: PostLogin.iSendPOSTHTTPRequestLogin - I set POST api endpoints login
12:44:20.810 [main] DEBUG net.thucydides.core.steps.StepInterceptor - STEP DONE: I set POST api endpoints login
12:44:20.816 [main] DEBUG org.apache.http.impl.conn.BasicClientConnectionManager - Get connection for route {s}->https://altashop-api.fly.dev:443
12:44:20.816 [main] DEBUG org.apache.http.impl.conn.DefaultClientConnectionOperator - Connecting to altashop-api.fly.dev:443
12:44:20.907 [main] DEBUG org.apache.http.client.protocol.RequestAddCookies - CookieSpec selected: ignoreCookies
12:44:20.907 [main] DEBUG org.apache.http.client.protocol.RequestAuthCache - Auth cache not set in the context
12:44:20.907 [main] DEBUG org.apache.http.client.protocol.RequestTargetAuthentication - Target auth state: UNCHALLENGED
12:44:20.907 [main] DEBUG org.apache.http.client.protocol.RequestProxyAuthentication - Proxy auth state: UNCHALLENGED
12:44:20.907 [main] DEBUG org.apache.http.impl.client.DefaultHttpClient - Attempt 1 to execute request
12:44:20.908 [main] DEBUG org.apache.http.impl.conn.DefaultClientConnection - Sending request: POST /api/auth/login HTTP/1.1
12:44:20.908 [main] DEBUG org.apache.http.wire -  >> "POST /api/auth/login HTTP/1.1[\r][\n]"
12:44:20.908 [main] DEBUG org.apache.http.wire -  >> "Accept: */*[\r][\n]"
12:44:20.908 [main] DEBUG org.apache.http.wire -  >> "Content-Type: application/json[\r][\n]"
12:44:20.908 [main] DEBUG org.apache.http.wire -  >> "Content-Length: 48[\r][\n]"
12:44:20.908 [main] DEBUG org.apache.http.wire -  >> "Host: altashop-api.fly.dev[\r][\n]"
12:44:20.908 [main] DEBUG org.apache.http.wire -  >> "Connection: Keep-Alive[\r][\n]"
12:44:20.908 [main] DEBUG org.apache.http.wire -  >> "User-Agent: Apache-HttpClient/4.5.13 (Java/14.0.2)[\r][\n]"
12:44:20.908 [main] DEBUG org.apache.http.wire -  >> "Accept-Encoding: gzip,deflate[\r][\n]"
12:44:20.908 [main] DEBUG org.apache.http.wire -  >> "[\r][\n]"
12:44:20.908 [main] DEBUG org.apache.http.headers - >> POST /api/auth/login HTTP/1.1
12:44:20.908 [main] DEBUG org.apache.http.headers - >> Accept: */*
12:44:20.908 [main] DEBUG org.apache.http.headers - >> Content-Type: application/json
12:44:20.908 [main] DEBUG org.apache.http.headers - >> Content-Length: 48
12:44:20.908 [main] DEBUG org.apache.http.headers - >> Host: altashop-api.fly.dev
12:44:20.908 [main] DEBUG org.apache.http.headers - >> Connection: Keep-Alive
12:44:20.908 [main] DEBUG org.apache.http.headers - >> User-Agent: Apache-HttpClient/4.5.13 (Java/14.0.2)
12:44:20.908 [main] DEBUG org.apache.http.headers - >> Accept-Encoding: gzip,deflate
12:44:20.908 [main] DEBUG org.apache.http.wire -  >> "{"password":"123123","email":"someone@mail.com"}"
12:44:20.946 [main] DEBUG org.apache.http.wire -  << "HTTP/1.1 200 OK[\r][\n]"
12:44:20.946 [main] DEBUG org.apache.http.wire -  << "content-type: application/json[\r][\n]"
12:44:20.946 [main] DEBUG org.apache.http.wire -  << "date: Sat, 06 May 2023 05:53:07 GMT[\r][\n]"
12:44:20.946 [main] DEBUG org.apache.http.wire -  << "content-encoding: gzip[\r][\n]"
12:44:20.946 [main] DEBUG org.apache.http.wire -  << "transfer-encoding: chunked[\r][\n]"
12:44:20.946 [main] DEBUG org.apache.http.wire -  << "server: Fly/3f2597ca (2023-05-03)[\r][\n]"
12:44:20.946 [main] DEBUG org.apache.http.wire -  << "via: 1.1 fly.io[\r][\n]"
12:44:20.946 [main] DEBUG org.apache.http.wire -  << "fly-request-id: 01GZQSXZJQ4FMK0KFVZ3644WVX-sin[\r][\n]"
12:44:20.946 [main] DEBUG org.apache.http.wire -  << "[\r][\n]"
12:44:20.946 [main] DEBUG org.apache.http.impl.conn.DefaultClientConnection - Receiving response: HTTP/1.1 200 OK
12:44:20.946 [main] DEBUG org.apache.http.headers - << HTTP/1.1 200 OK
12:44:20.946 [main] DEBUG org.apache.http.headers - << content-type: application/json
12:44:20.946 [main] DEBUG org.apache.http.headers - << date: Sat, 06 May 2023 05:53:07 GMT
12:44:20.946 [main] DEBUG org.apache.http.headers - << content-encoding: gzip
12:44:20.946 [main] DEBUG org.apache.http.headers - << transfer-encoding: chunked
12:44:20.946 [main] DEBUG org.apache.http.headers - << server: Fly/3f2597ca (2023-05-03)
12:44:20.946 [main] DEBUG org.apache.http.headers - << via: 1.1 fly.io
12:44:20.946 [main] DEBUG org.apache.http.headers - << fly-request-id: 01GZQSXZJQ4FMK0KFVZ3644WVX-sin
12:44:20.946 [main] DEBUG org.apache.http.impl.client.DefaultHttpClient - Connection can be kept alive indefinitely
12:44:20.946 [main] DEBUG io.restassured.internal.RestAssuredHttpBuilder - Parsing response as: application/json
12:44:20.946 [main] DEBUG org.apache.http.wire -  << "AC[\r][\n]"
12:44:20.946 [main] DEBUG org.apache.http.wire -  << "[0x1f][0x8b][0x8][0x0][0x0][0x0][0x0][0x0][0x4][0xff][0xab]VJI,IT[0xb2]RJ[0xad][0xf4][0xca]HrO[0xce][0xf4][0xcf][0xf4][0xf2][0xc][0xad][0xf2]4[0xf4][0xcb][0xf4],[0xf6][0xcc][0xb]2Mv[0xf6]4[0xf3][0xcc].[0x88][0x8]s[0xf6][0xb2][0xd4]K[0xad][0xf4]rO[0x9][0xaf](N[0xca]u+[0x89][\n]"
12:44:20.946 [main] DEBUG org.apache.http.wire -  << "[0x6]K[0x94]%[0xba][0x9b][0xa4][0x7][0xb9][[0xe6]xf[0x96]g[0x6][0x85][0x1b]f$[0x86][0x97][0x83][0xc][0xa9]J22[0xcc]I22[0xcd][0x9]t[0x7][0x8b][0x95]F[0x1a]Y[0x96]x[0xe6][0x19][0xe8][0x85][0x97]9[0x5]W$[0x7][0xba][0x16][0x16][0xe6]e:[0x1b][0x96][0x19]X[0xf8]Te[0x17]y$[0xbb][0xfa][0xa4][0xa6][0x17][0x1b]$[0x99][0x97][0x95]d[0xb9][0x7][0x84]g&[0xba][0x86]'{*[0xd5]r[0x1][0x0]?[0x99][0xcf]j[0xa0][0x0][0x0][0x0]"
12:44:20.946 [main] DEBUG org.apache.http.wire -  << "[\r][\n]"
12:44:20.946 [main] DEBUG org.apache.http.wire -  << "0[\r][\n]"
12:44:20.946 [main] DEBUG org.apache.http.wire -  << "[\r][\n]"
12:44:20.947 [main] DEBUG io.restassured.internal.RestAssuredHttpBuilder - Parsed data to instance of: class org.apache.http.conn.EofSensorInputStream
12:44:20.948 [main] DEBUG org.apache.http.impl.conn.BasicClientConnectionManager - Releasing connection org.apache.http.impl.conn.ManagedClientConnectionImpl@3543c9a4
12:44:20.948 [main] DEBUG org.apache.http.impl.conn.BasicClientConnectionManager - Connection can be kept alive indefinitely
12:44:20.971 [main] DEBUG net.thucydides.core.steps.StepInterceptor - STEP DONE: I send POST HTTP request login
  &amp#27;[32mWhen &amp#27;[0m&amp#27;[32mI send POST HTTP request login&amp#27;[0m                    &amp#27;[90m# starter.stepdefinitions.UserSteps.iSendPOSTHTTPRequestLogin()&amp#27;[0m
12:44:20.977 [main] DEBUG net.thucydides.core.steps.StepInterceptor - STARTING STEP: UserSteps.iReceiveValidHTTPResponseCode - I receive valids HTTP response code 200
12:44:20.977 [main] DEBUG net.thucydides.core.steps.StepInterceptor - STEP DONE: I receive valids HTTP response code 200
  &amp#27;[32mThen &amp#27;[0m&amp#27;[32mI receive valid HTTP response code 200&amp#27;[0m            &amp#27;[90m# starter.stepdefinitions.UserSteps.iReceiveValidHTTPResponseCode()&amp#27;[0m
12:44:20.983 [main] DEBUG net.thucydides.core.steps.StepInterceptor - STARTING STEP: UserSteps.iReceiveValidDataForLogin - I receive valid data for login
12:44:20.983 [main] DEBUG net.thucydides.core.steps.StepInterceptor - STEP DONE: I receive valid data for login
  &amp#27;[32mAnd &amp#27;[0m&amp#27;[32mI receive valid data for login&amp#27;[0m                     &amp#27;[90m# starter.stepdefinitions.UserSteps.iReceiveValidDataForLogin()&amp#27;[0m
12:44:20.987 [main] INFO  - 
  _____   ___   ___   _____     ___     _     ___   ___   ___   ___  
 |_   _| | __| / __| |_   _|   | _ \   /_\   / __| / __| | __| |   \ 
   | |   | _|  \__ \   | |     |  _/  / _ \  \__ \ \__ \ | _|  | |) |
   |_|   |___| |___/   |_|     |_|   /_/ \_\ |___/ |___/ |___| |___/ 

POST - As admin I have be able to create login
----------------------------------------------------------------------
]]></system-out>
  </testcase>
  <testcase name="POST - As admin I cannot login" classname="User" time="0.303">
    <failure type="java.lang.AssertionError"><![CDATA[java.lang.AssertionError: 
1 expectation failed.
Expected status code <400> but was <200>.

]]></failure>
    <system-out><![CDATA[
@TC-0028
Scenario: POST - As admin I cannot login      &amp#27;[90m# src/test/resources/api/user.feature:217&amp#27;[0m
12:44:21.000 [main] INFO io.cucumber.core.plugin.SerenityReporter - Running feature from file:///C:/Users/Lenovo/IdeaProjects/MiniProject/MiniprojectApi/src/test/resources/api/user.feature
12:44:21.000 [main] WARN io.cucumber.core.plugin.SerenityReporter - Feature from file:///C:/Users/Lenovo/IdeaProjects/MiniProject/MiniprojectApi/src/test/resources/api/user.feature is not under the 'features' directory. Requirements report will not be correctly generated!
12:44:21.004 [main] INFO  - 
  _____   ___   ___   _____     ___   _____     _     ___   _____   ___   ___  
 |_   _| | __| / __| |_   _|   / __| |_   _|   /_\   | _ \ |_   _| | __| |   \ 
   | |   | _|  \__ \   | |     \__ \   | |    / _ \  |   /   | |   | _|  | |) |
   |_|   |___| |___/   |_|     |___/   |_|   /_/ \_\ |_|_\   |_|   |___| |___/ 

POST - As admin I cannot login(user;post---as-admin-i-cannot-login)
--------------------------------------------------------------------------------
12:44:21.090 [main] DEBUG net.thucydides.core.steps.StepInterceptor - STARTING STEP: UserSteps.iSetPOSTApiEndpointsLogin - I set POST api endpoints login
12:44:21.090 [main] DEBUG net.thucydides.core.steps.StepInterceptor - STEP DONE: I set POST api endpoints login
  &amp#27;[32mGiven &amp#27;[0m&amp#27;[32mI set POST api endpoints login&amp#27;[0m        &amp#27;[90m# starter.stepdefinitions.UserSteps.iSetPOSTApiEndpointsLogin()&amp#27;[0m
12:44:21.093 [main] DEBUG net.thucydides.core.steps.StepInterceptor - STARTING STEP: UserSteps.iSendPOSTHTTPRequestLogin - I send POST HTTP request login
12:44:21.094 [main] DEBUG net.thucydides.core.steps.StepInterceptor - STARTING STEP: PostLogin.iSendPOSTHTTPRequestLogin - I set POST api endpoints login
12:44:21.094 [main] DEBUG net.thucydides.core.steps.StepInterceptor - STEP DONE: I set POST api endpoints login
12:44:21.100 [main] DEBUG org.apache.http.impl.conn.BasicClientConnectionManager - Get connection for route {s}->https://altashop-api.fly.dev:443
12:44:21.100 [main] DEBUG org.apache.http.impl.conn.DefaultClientConnectionOperator - Connecting to altashop-api.fly.dev:443
12:44:21.188 [main] DEBUG org.apache.http.client.protocol.RequestAddCookies - CookieSpec selected: ignoreCookies
12:44:21.188 [main] DEBUG org.apache.http.client.protocol.RequestAuthCache - Auth cache not set in the context
12:44:21.188 [main] DEBUG org.apache.http.client.protocol.RequestTargetAuthentication - Target auth state: UNCHALLENGED
12:44:21.188 [main] DEBUG org.apache.http.client.protocol.RequestProxyAuthentication - Proxy auth state: UNCHALLENGED
12:44:21.188 [main] DEBUG org.apache.http.impl.client.DefaultHttpClient - Attempt 1 to execute request
12:44:21.188 [main] DEBUG org.apache.http.impl.conn.DefaultClientConnection - Sending request: POST /api/auth/login HTTP/1.1
12:44:21.188 [main] DEBUG org.apache.http.wire -  >> "POST /api/auth/login HTTP/1.1[\r][\n]"
12:44:21.188 [main] DEBUG org.apache.http.wire -  >> "Accept: */*[\r][\n]"
12:44:21.188 [main] DEBUG org.apache.http.wire -  >> "Content-Type: application/json[\r][\n]"
12:44:21.188 [main] DEBUG org.apache.http.wire -  >> "Content-Length: 48[\r][\n]"
12:44:21.188 [main] DEBUG org.apache.http.wire -  >> "Host: altashop-api.fly.dev[\r][\n]"
12:44:21.188 [main] DEBUG org.apache.http.wire -  >> "Connection: Keep-Alive[\r][\n]"
12:44:21.188 [main] DEBUG org.apache.http.wire -  >> "User-Agent: Apache-HttpClient/4.5.13 (Java/14.0.2)[\r][\n]"
12:44:21.188 [main] DEBUG org.apache.http.wire -  >> "Accept-Encoding: gzip,deflate[\r][\n]"
12:44:21.188 [main] DEBUG org.apache.http.wire -  >> "[\r][\n]"
12:44:21.188 [main] DEBUG org.apache.http.headers - >> POST /api/auth/login HTTP/1.1
12:44:21.188 [main] DEBUG org.apache.http.headers - >> Accept: */*
12:44:21.188 [main] DEBUG org.apache.http.headers - >> Content-Type: application/json
12:44:21.188 [main] DEBUG org.apache.http.headers - >> Content-Length: 48
12:44:21.189 [main] DEBUG org.apache.http.headers - >> Host: altashop-api.fly.dev
12:44:21.189 [main] DEBUG org.apache.http.headers - >> Connection: Keep-Alive
12:44:21.189 [main] DEBUG org.apache.http.headers - >> User-Agent: Apache-HttpClient/4.5.13 (Java/14.0.2)
12:44:21.189 [main] DEBUG org.apache.http.headers - >> Accept-Encoding: gzip,deflate
12:44:21.189 [main] DEBUG org.apache.http.wire -  >> "{"password":"123123","email":"someone@mail.com"}"
12:44:21.224 [main] DEBUG org.apache.http.wire -  << "HTTP/1.1 200 OK[\r][\n]"
12:44:21.224 [main] DEBUG org.apache.http.wire -  << "content-type: application/json[\r][\n]"
12:44:21.224 [main] DEBUG org.apache.http.wire -  << "date: Sat, 06 May 2023 05:53:07 GMT[\r][\n]"
12:44:21.224 [main] DEBUG org.apache.http.wire -  << "content-encoding: gzip[\r][\n]"
12:44:21.224 [main] DEBUG org.apache.http.wire -  << "transfer-encoding: chunked[\r][\n]"
12:44:21.224 [main] DEBUG org.apache.http.wire -  << "server: Fly/3f2597ca (2023-05-03)[\r][\n]"
12:44:21.224 [main] DEBUG org.apache.http.wire -  << "via: 1.1 fly.io[\r][\n]"
12:44:21.224 [main] DEBUG org.apache.http.wire -  << "fly-request-id: 01GZQSXZVFH9RAXVWCQ4NT3KF8-sin[\r][\n]"
12:44:21.224 [main] DEBUG org.apache.http.wire -  << "[\r][\n]"
12:44:21.224 [main] DEBUG org.apache.http.impl.conn.DefaultClientConnection - Receiving response: HTTP/1.1 200 OK
12:44:21.224 [main] DEBUG org.apache.http.headers - << HTTP/1.1 200 OK
12:44:21.224 [main] DEBUG org.apache.http.headers - << content-type: application/json
12:44:21.224 [main] DEBUG org.apache.http.headers - << date: Sat, 06 May 2023 05:53:07 GMT
12:44:21.224 [main] DEBUG org.apache.http.headers - << content-encoding: gzip
12:44:21.224 [main] DEBUG org.apache.http.headers - << transfer-encoding: chunked
12:44:21.224 [main] DEBUG org.apache.http.headers - << server: Fly/3f2597ca (2023-05-03)
12:44:21.224 [main] DEBUG org.apache.http.headers - << via: 1.1 fly.io
12:44:21.224 [main] DEBUG org.apache.http.headers - << fly-request-id: 01GZQSXZVFH9RAXVWCQ4NT3KF8-sin
12:44:21.225 [main] DEBUG org.apache.http.impl.client.DefaultHttpClient - Connection can be kept alive indefinitely
12:44:21.225 [main] DEBUG io.restassured.internal.RestAssuredHttpBuilder - Parsing response as: application/json
12:44:21.225 [main] DEBUG org.apache.http.wire -  << "AC[\r][\n]"
12:44:21.225 [main] DEBUG org.apache.http.wire -  << "[0x1f][0x8b][0x8][0x0][0x0][0x0][0x0][0x0][0x4][0xff][0xab]VJI,IT[0xb2]RJ[0xad][0xf4][0xca]HrO[0xce][0xf4][0xcf][0xf4][0xf2][0xc][0xad][0xf2]4[0xf4][0xcb][0xf4],[0xf6][0xcc][0xb]2Mv[0xf6]4[0xf3][0xcc].[0x88][0x8]s[0xf6][0xb2][0xd4]K[0xad][0xf4]rO[0x9][0xaf](N[0xca]u+[0x89][\n]"
12:44:21.225 [main] DEBUG org.apache.http.wire -  << "[0x6]K[0x94]%[0xba][0x9b][0xa4][0x7][0xb9][[0xe6]xf[0x96]g[0x6][0x85][0x1b]f$[0x86][0x97][0x83][0xc][0xa9]J22[0xcc]I22[0xcd][0x9]t[0x7][0x8b][0x95]F[0x1a]Y[0x96]x[0xe6][0x19][0xe8][0x85][0x97]9[0x5]W$[0x7][0xba][0x16][0x16][0xe6]e:[0x1b][0x96][0x19]X[0xf8]Te[0x17]y$[0xbb][0xfa][0xa4][0xa6][0x17][0x1b]$[0x99][0x97][0x95]d[0xb9][0x7][0x84]g&[0xba][0x86]'{*[0xd5]r[0x1][0x0]?[0x99][0xcf]j[0xa0][0x0][0x0][0x0]"
12:44:21.225 [main] DEBUG org.apache.http.wire -  << "[\r][\n]"
12:44:21.225 [main] DEBUG org.apache.http.wire -  << "0[\r][\n]"
12:44:21.225 [main] DEBUG org.apache.http.wire -  << "[\r][\n]"
12:44:21.225 [main] DEBUG io.restassured.internal.RestAssuredHttpBuilder - Parsed data to instance of: class org.apache.http.conn.EofSensorInputStream
12:44:21.228 [main] DEBUG org.apache.http.impl.conn.BasicClientConnectionManager - Releasing connection org.apache.http.impl.conn.ManagedClientConnectionImpl@e2cf713
12:44:21.228 [main] DEBUG org.apache.http.impl.conn.BasicClientConnectionManager - Connection can be kept alive indefinitely
12:44:21.256 [main] DEBUG net.thucydides.core.steps.StepInterceptor - STEP DONE: I send POST HTTP request login
  &amp#27;[32mWhen &amp#27;[0m&amp#27;[32mI send POST HTTP request login&amp#27;[0m         &amp#27;[90m# starter.stepdefinitions.UserSteps.iSendPOSTHTTPRequestLogin()&amp#27;[0m
12:44:21.263 [main] DEBUG net.thucydides.core.steps.StepInterceptor - STARTING STEP: UserSteps.iReceiveValidHTTPResponseCode400 - I receive valid HTTP response code 400
  &amp#27;[31mThen &amp#27;[0m&amp#27;[31mI receive valid HTTP response code 400&amp#27;[0m &amp#27;[90m# starter.stepdefinitions.UserSteps.iReceiveValidHTTPResponseCode400()&amp#27;[0m
      &amp#27;[31mjava.lang.AssertionError: 1 expectation failed.
Expected status code <400> but was <200>.

	at java.base/jdk.internal.reflect.NativeConstructorAccessorImpl.newInstance0(Native Method)
	at java.base/jdk.internal.reflect.NativeConstructorAccessorImpl.newInstance(NativeConstructorAccessorImpl.java:62)
	at java.base/jdk.internal.reflect.DelegatingConstructorAccessorImpl.newInstance(DelegatingConstructorAccessorImpl.java:45)
	at java.base/java.lang.reflect.Constructor.newInstanceWithCaller(Constructor.java:500)
	at java.base/java.lang.reflect.Constructor.newInstance(Constructor.java:481)
	at org.codehaus.groovy.reflection.CachedConstructor.invoke(CachedConstructor.java:73)
	at org.codehaus.groovy.reflection.CachedConstructor.doConstructorInvoke(CachedConstructor.java:60)
	at org.codehaus.groovy.runtime.callsite.ConstructorSite$ConstructorSiteNoUnwrap.callConstructor(ConstructorSite.java:86)
	at org.codehaus.groovy.runtime.callsite.AbstractCallSite.callConstructor(AbstractCallSite.java:277)
	at io.restassured.internal.ResponseSpecificationImpl$HamcrestAssertionClosure.validate(ResponseSpecificationImpl.groovy:512)
	at io.restassured.internal.ResponseSpecificationImpl$HamcrestAssertionClosure$validate$1.call(Unknown Source)
	at io.restassured.internal.ResponseSpecificationImpl.validateResponseIfRequired(ResponseSpecificationImpl.groovy:696)
	at io.restassured.internal.ResponseSpecificationImpl.this$2$validateResponseIfRequired(ResponseSpecificationImpl.groovy)
	at jdk.internal.reflect.GeneratedMethodAccessor155.invoke(Unknown Source)
	at java.base/jdk.internal.reflect.DelegatingMethodAccessorImpl.invoke(DelegatingMethodAccessorImpl.java:43)
	at java.base/java.lang.reflect.Method.invoke(Method.java:564)
	at org.codehaus.groovy.runtime.callsite.PlainObjectMetaMethodSite.doInvoke(PlainObjectMetaMethodSite.java:43)
	at org.codehaus.groovy.runtime.callsite.PogoMetaMethodSite$PogoCachedMethodSiteNoUnwrapNoCoerce.invoke(PogoMetaMethodSite.java:198)
	at org.codehaus.groovy.runtime.callsite.PogoMetaMethodSite.callCurrent(PogoMetaMethodSite.java:62)
	at org.codehaus.groovy.runtime.callsite.AbstractCallSite.callCurrent(AbstractCallSite.java:185)
	at io.restassured.internal.ResponseSpecificationImpl.statusCode(ResponseSpecificationImpl.groovy:135)
	at io.restassured.specification.ResponseSpecification$statusCode$0.callCurrent(Unknown Source)
	at io.restassured.internal.ResponseSpecificationImpl.statusCode(ResponseSpecificationImpl.groovy:143)
	at io.restassured.internal.ValidatableResponseOptionsImpl.statusCode(ValidatableResponseOptionsImpl.java:89)
	at MiniprojectApi@1.0-SNAPSHOT/starter.user.NPostLogin.lambda$iReceiveValidHTTPResponseCode400$0(NPostLogin.java:30)
	at net.serenitybdd.rest.SerenityRest.restAssuredThat(SerenityRest.java:626)
	at MiniprojectApi@1.0-SNAPSHOT/starter.user.NPostLogin.iReceiveValidHTTPResponseCode400(NPostLogin.java:30)
	at MiniprojectApi@1.0-SNAPSHOT/starter.user.NPostLogin$ByteBuddy$b2RqXlUs.iReceiveValidHTTPResponseCode400$accessor$BICDlx4j(Unknown Source)
	at java.base/jdk.internal.reflect.NativeMethodAccessorImpl.invoke0(Native Method)
	at java.base/jdk.internal.reflect.NativeMethodAccessorImpl.invoke(NativeMethodAccessorImpl.java:62)
	at java.base/jdk.internal.reflect.DelegatingMethodAccessorImpl.invoke(DelegatingMethodAccessorImpl.java:43)
	at java.base/java.lang.reflect.Method.invoke(Method.java:564)
	at net.thucydides.core.steps.StepInterceptor.invokeMethod(StepInterceptor.java:503)
	at net.thucydides.core.steps.StepInterceptor.executeTestStepMethod(StepInterceptor.java:483)
	at net.thucydides.core.steps.StepInterceptor.runTestStep(StepInterceptor.java:457)
	at net.thucydides.core.steps.StepInterceptor.runOrSkipMethod(StepInterceptor.java:209)
	at net.thucydides.core.steps.StepInterceptor.testStepResult(StepInterceptor.java:196)
	at net.thucydides.core.steps.StepInterceptor.intercept(StepInterceptor.java:84)
	at net.thucydides.core.steps.ProxyConfiguration$InterceptorDispatcher.intercept(ProxyConfiguration.java:51)
	at MiniprojectApi@1.0-SNAPSHOT/starter.user.NPostLogin$ByteBuddy$b2RqXlUs.iReceiveValidHTTPResponseCode400(Unknown Source)
	at MiniprojectApi@1.0-SNAPSHOT/starter.stepdefinitions.UserSteps.iReceiveValidHTTPResponseCode400(UserSteps.java:328)
	at âœ½.I receive valid HTTP response code 400(file:///C:/Users/Lenovo/IdeaProjects/MiniProject/MiniprojectApi/src/test/resources/api/user.feature:220)
&amp#27;[0m
12:44:21.287 [main] ERROR  - 
  _____   ___   ___   _____     ___     _     ___   _      ___   ___  
 |_   _| | __| / __| |_   _|   | __|   /_\   |_ _| | |    | __| |   \ 
   | |   | _|  \__ \   | |     | _|   / _ \   | |  | |__  | _|  | |) |
   |_|   |___| |___/   |_|     |_|   /_/ \_\ |___| |____| |___| |___/ 

POST - As admin I cannot login
-----------------------------------------------------------------------
12:44:21.287 [main] DEBUG  - RELATED ISSUES: 
12:44:21.288 [main] ERROR  -     Test failed at step: I receive valid HTTP response code 400
12:44:21.288 [main] ERROR  -     1 expectation failed.Expected status code <400> but was <200>.
]]></system-out>
  </testcase>
  <testcase name="GET - As admin I can get index" classname="User" time="0.541">
    <system-out><![CDATA[
@TC-0031
Scenario: GET - As admin I can get index      &amp#27;[90m# src/test/resources/api/user.feature:224&amp#27;[0m
12:44:21.313 [main] INFO io.cucumber.core.plugin.SerenityReporter - Running feature from file:///C:/Users/Lenovo/IdeaProjects/MiniProject/MiniprojectApi/src/test/resources/api/user.feature
12:44:21.314 [main] WARN io.cucumber.core.plugin.SerenityReporter - Feature from file:///C:/Users/Lenovo/IdeaProjects/MiniProject/MiniprojectApi/src/test/resources/api/user.feature is not under the 'features' directory. Requirements report will not be correctly generated!
12:44:21.318 [main] INFO  - 
  _____   ___   ___   _____     ___   _____     _     ___   _____   ___   ___  
 |_   _| | __| / __| |_   _|   / __| |_   _|   /_\   | _ \ |_   _| | __| |   \ 
   | |   | _|  \__ \   | |     \__ \   | |    / _ \  |   /   | |   | _|  | |) |
   |_|   |___| |___/   |_|     |___/   |_|   /_/ \_\ |_|_\   |_|   |___| |___/ 

GET - As admin I can get index(user;get---as-admin-i-can-get-index)
--------------------------------------------------------------------------------
12:44:21.427 [main] DEBUG net.thucydides.core.steps.StepInterceptor - STARTING STEP: UserSteps.iSetGETApiEndpointsIndex - I set the GET api endpoints index
12:44:21.427 [main] DEBUG net.thucydides.core.steps.StepInterceptor - STEP DONE: I set the GET api endpoints index
  &amp#27;[32mGiven &amp#27;[0m&amp#27;[32mI set GET api endpoints index&amp#27;[0m         &amp#27;[90m# starter.stepdefinitions.UserSteps.iSetGETApiEndpointsIndex()&amp#27;[0m
12:44:21.430 [main] DEBUG net.thucydides.core.steps.StepInterceptor - STARTING STEP: UserSteps.iSendGETHTTPRequest - I send HTTP GET request
12:44:21.431 [main] DEBUG net.thucydides.core.steps.StepInterceptor - STARTING STEP: GetAllProduct.iSendGETHTTPRequest - I set the GET api endpoints
12:44:21.431 [main] DEBUG net.thucydides.core.steps.StepInterceptor - STEP DONE: I set the GET api endpoints
12:44:21.437 [main] DEBUG org.apache.http.impl.conn.BasicClientConnectionManager - Get connection for route {s}->https://altashop-api.fly.dev:443
12:44:21.437 [main] DEBUG org.apache.http.impl.conn.DefaultClientConnectionOperator - Connecting to altashop-api.fly.dev:443
12:44:21.528 [main] DEBUG org.apache.http.client.protocol.RequestAddCookies - CookieSpec selected: ignoreCookies
12:44:21.529 [main] DEBUG org.apache.http.client.protocol.RequestAuthCache - Auth cache not set in the context
12:44:21.529 [main] DEBUG org.apache.http.client.protocol.RequestTargetAuthentication - Target auth state: UNCHALLENGED
12:44:21.529 [main] DEBUG org.apache.http.client.protocol.RequestProxyAuthentication - Proxy auth state: UNCHALLENGED
12:44:21.529 [main] DEBUG org.apache.http.impl.client.DefaultHttpClient - Attempt 1 to execute request
12:44:21.529 [main] DEBUG org.apache.http.impl.conn.DefaultClientConnection - Sending request: GET /api/products HTTP/1.1
12:44:21.529 [main] DEBUG org.apache.http.wire -  >> "GET /api/products HTTP/1.1[\r][\n]"
12:44:21.529 [main] DEBUG org.apache.http.wire -  >> "Accept: */*[\r][\n]"
12:44:21.529 [main] DEBUG org.apache.http.wire -  >> "Host: altashop-api.fly.dev[\r][\n]"
12:44:21.529 [main] DEBUG org.apache.http.wire -  >> "Connection: Keep-Alive[\r][\n]"
12:44:21.529 [main] DEBUG org.apache.http.wire -  >> "User-Agent: Apache-HttpClient/4.5.13 (Java/14.0.2)[\r][\n]"
12:44:21.529 [main] DEBUG org.apache.http.wire -  >> "Accept-Encoding: gzip,deflate[\r][\n]"
12:44:21.529 [main] DEBUG org.apache.http.wire -  >> "[\r][\n]"
12:44:21.529 [main] DEBUG org.apache.http.headers - >> GET /api/products HTTP/1.1
12:44:21.529 [main] DEBUG org.apache.http.headers - >> Accept: */*
12:44:21.529 [main] DEBUG org.apache.http.headers - >> Host: altashop-api.fly.dev
12:44:21.529 [main] DEBUG org.apache.http.headers - >> Connection: Keep-Alive
12:44:21.529 [main] DEBUG org.apache.http.headers - >> User-Agent: Apache-HttpClient/4.5.13 (Java/14.0.2)
12:44:21.529 [main] DEBUG org.apache.http.headers - >> Accept-Encoding: gzip,deflate
12:44:21.694 [main] DEBUG org.apache.http.wire -  << "HTTP/1.1 200 OK[\r][\n]"
12:44:21.694 [main] DEBUG org.apache.http.wire -  << "content-type: application/json[\r][\n]"
12:44:21.694 [main] DEBUG org.apache.http.wire -  << "date: Sat, 06 May 2023 05:53:07 GMT[\r][\n]"
12:44:21.694 [main] DEBUG org.apache.http.wire -  << "transfer-encoding: chunked[\r][\n]"
12:44:21.694 [main] DEBUG org.apache.http.wire -  << "content-encoding: gzip[\r][\n]"
12:44:21.694 [main] DEBUG org.apache.http.wire -  << "server: Fly/3f2597ca (2023-05-03)[\r][\n]"
12:44:21.694 [main] DEBUG org.apache.http.wire -  << "via: 1.1 fly.io[\r][\n]"
12:44:21.694 [main] DEBUG org.apache.http.wire -  << "fly-request-id: 01GZQSY061ZHDPJVRECFXZVZW4-sin[\r][\n]"
12:44:21.694 [main] DEBUG org.apache.http.wire -  << "[\r][\n]"
12:44:21.695 [main] DEBUG org.apache.http.impl.conn.DefaultClientConnection - Receiving response: HTTP/1.1 200 OK
12:44:21.695 [main] DEBUG org.apache.http.headers - << HTTP/1.1 200 OK
12:44:21.695 [main] DEBUG org.apache.http.headers - << content-type: application/json
12:44:21.695 [main] DEBUG org.apache.http.headers - << date: Sat, 06 May 2023 05:53:07 GMT
12:44:21.695 [main] DEBUG org.apache.http.headers - << transfer-encoding: chunked
12:44:21.695 [main] DEBUG org.apache.http.headers - << content-encoding: gzip
12:44:21.695 [main] DEBUG org.apache.http.headers - << server: Fly/3f2597ca (2023-05-03)
12:44:21.695 [main] DEBUG org.apache.http.headers - << via: 1.1 fly.io
12:44:21.695 [main] DEBUG org.apache.http.headers - << fly-request-id: 01GZQSY061ZHDPJVRECFXZVZW4-sin
12:44:21.695 [main] DEBUG org.apache.http.impl.client.DefaultHttpClient - Connection can be kept alive indefinitely
12:44:21.695 [main] DEBUG io.restassured.internal.RestAssuredHttpBuilder - Parsing response as: application/json
12:44:21.695 [main] DEBUG org.apache.http.wire -  << "331[\r][\n]"
12:44:21.695 [main] DEBUG org.apache.http.wire -  << "[0x1f][0x8b][0x8][0x0][0x0][0x0][0x0][0x0][0x4][0xff][0xaa]VJI,IT[0xb2][0x8a][0xae]V[0xf2]tQ[0xb2]24[0xb2][0xb0]0[0xd7]Q[0xf2]K[0xcc]MU[0xb2]Rr[0xcd][0xcb]/[0xca][0xcd]/-Vp[0xce]/)[0xc9][0xcf]Sp[0xce][0xcf]-(-I-R[0xd2]QrI-N.[0xca],([0xc9][0xcc][0xcf]S[0xb2]R[\n]"
12:44:21.695 [main] DEBUG org.apache.http.wire -  << "-Q[0xc8]KMN-.[0xce],I,[0xc9]L*-V([0xcb],ILU[0xc8],-JUH[0xc9][0xcf][0xc9]/J-V(J-H[0xcd][0xc9]I[0xcd]K)-V([0xce][0xcc][0xcd][0xcc][0xc9],,M[0xd5]S[0xd2]Q[\n]"
12:44:21.695 [main] DEBUG org.apache.http.wire -  << "([0xca]LNU[0xb2][0xb2]4[0xd4]Q[\n]"
12:44:21.695 [main] DEBUG org.apache.http.wire -  << "J,[0xc9][0xcc]K/V[0xb2]2[0xd1]QrN,IM[0xcf]/[0xca]L-V[0xb2][0x8a][0x8e][0xad][0xd5]A[0xb8][0xd0][0x2][0xee][0xc2][0x80][0xa2][0xc4][0xe4][0x92][0xcc][0xe4][0xc4][0x1c][0x5][0xdf][0xc4][0xa2][0xa4][0x9c]T[0x85][0x90][0xc4][0xa4][0x9c]T[0xc][0xf7][0x85][0xa4][0xe6][0x16][0xe4][0x17][0x81][0x1d]V\[0x9a]W[0xa2][0x90]X\[0x90]Z[0x94][0x9]r[0x15][0x92][0xfd][0x16]FH[0xf6][0x1b][0xe3][0xb3][0xdf][0x12]nPiqIf[0xb2][0x82]{Qb^fI[0xaa]BpF~j1[0xa6][0xed][0xf9]%[0x89][0xb9][\n]"
12:44:21.695 [main] DEBUG org.apache.http.wire -  << "[0x85][0xa5] [0xfb]S[0x12]s[0x15][0xca]Rs[0x90][0xac]51#[0xd2]ZK[0x3][0xb8][0xb5][0xc1][0xf9]y[0x95][\n]"
12:44:21.695 [main] DEBUG org.apache.http.wire -  << "[0x1][0xc1][0xa6][0x18]V[0x15][0xe4]$V*d$[0x16]+[0xe4][0xe5]+[0xe4]d[0xe6]f[0x96][0x80]\[0x3][\r]_#KK$[0x9b][0xf0][0x5][0xb0][0xa5][0x11][0xdd]l2[0xa6][0xa6]M[0x86]x"[0xcd][0xd2][0x94]n6[0x99][0xc1]mr-J[0xcf][0xcf][0xcb][0xcf][0xcd]LV[0x8][0xcf][0xcf]OI[0xcd]Sp[0xcf][0xc9]/[0xc3][0x92]B[0x82]3s[0xb2][0x11][0x19][0xc1][0xd8][0xd2][0x18]9M[0x98][0xe2][0xf3][0x15]"[0xb3][0xba][0xe7][0x17][0xa5][0xa7][0x82]2+[0xc8]0\[0x16]A22[0xc2]*3[0xb]Cc[0xa4]Da[0x80][0xcf]*D[0xae]sL-[0xca]O[0xa9][0xcc]K[0x4]y[0xc][0x9a][0xef][0x82]32[0x8b]J0[0x92][0xa3]gQ~[0x1e][0xc2]2[0xb][0x13]S[0xe4],[0x86][0xd7]_[0x88],[0xe6]RZ[0x4][0xca][0xd3][0xf0]<[0xe6][0x94][0x98][0x8e]a[0x8f]s~^rQj[0x9]([0xe3]C[0x13][0xbb][0xb1][0x85][0xa1][0x1][0x92][0xc7][0xf0][0xa4]vK[0x3]D[0xbe][0x82][0x87]a@bAj[0x11][0xee][0xf2][0xe][0x12][0x9b][0x8][0x9f][0x99][Z[0x98][0x10]k[0x1b]U[0xf3][0x16][0x9e][0x8][0xb3]40[0x81][0xa7]C*[0x94][0x17]xb[0xcb][0xd2][0x80][0xaa]y[0xb][0xaf][0x9f][0x10][0x89][0xd0]#5[0xb1][0xac]R[0xc1][0xa5][0xb4][0xa4]R![0xb8]$55G[0xc1]#[0x11]3[0x1][0xa2]G[0x94][0x99][0x81][0xa9]9RD[0xe1][0xb5][\n]"
12:44:21.696 [main] DEBUG org.apache.http.wire -  << "3[0x9]BSEFb&f[0x15][0x8]v[0x3]"E[0x98][0x99][0x1a]"Wg[0xf8],[0x2]%Th[0x85][0xeb]X[0x9e]Z[0x9c][0x9f][0x9b][0xaa][0xe0][0x93][0x9a]X[0x92][0x1]J[0x80]9[0xf9][0xc9][0xa0][0x82][0x1][0xb5][0xb6]E[0xcd]U[0xe6][0x86][0x16]DfaK[0x90][0x93][0xa0]6[0xc1][0xab]v[0xa7][0xa2][0xfc][0xbc][0xaa]T[0xdc]I=[0xa8]4)[0x9]\[0xe3]C3[0x96][0x5][0xd1]%[0x86][0xa5]!"[0xa9]C[0xeb]I[0x9f][0xcc][0xbc][0xd4]<[0x85][0x80][0x9c]DpVE[0xf5][0x15][0xba]E[0xc6][0x86]&[0xa6]DF[0x15][0xa8][0xc][0x83][0xfa][0xcb]75%3?[0xb9][0x8][0xe4]!H[0x91][0xa0][0xe0][0x8c]5[0xc][0xc1].AD[0x97][0x89][0x99]!r[0x91][0x8b]7[0xba][0x90][0xb2]Ue^jQz&[0xb8][0x9][0x0][0x8a][0x14][0x5][0xec][0xa5]`@N"H[0x9][0xc2]6Sc[0xb][0xe4][0xc2][0x9][0xaf]m[0x88][0xac][0x85]\[0xea]B[0xca]q[0x5][0xef][0xbc][0xcc]4P[0xa1][0x87][0x1a][0x92]X[0xec]3%:[0x89] */d[0xfb][0x1c]sJs3[0xf3]Js[0x15] [0xa5]/[0x0][0x0][0x0][0xff][0xff]"
12:44:21.696 [main] DEBUG org.apache.http.wire -  << "[\r][\n]"
12:44:21.696 [main] DEBUG org.apache.http.wire -  << "6C8[\r][\n]"
12:44:21.696 [main] DEBUG org.apache.http.wire -  << "B[0xb5][0xf][0x9a]Z[0x91][0xfc]giL[0xb4][0xff][0x10][0x15][0x18]r[0x86][0xce][0xcc][0xc9]V[0x8]O[0xcc][0xc9]I[0xc5][0xcc][0xd2][0x90][0x4][0x8b][0xb0][0xcc][0xd2][0xcc][0xc0][0x82][0xd8]t[0x82](=0[0x1a][0x8e]8l[0xc3][0xf0][0x9b][0x85][0x99]!rQ[0x8f]7[0xee][0x10]%[0x8]rXBkL[0x1c][0x16]:[0xe7][0x17][0x14] [0xe7]7K3C[0xe4]f[0x1b]>[0xfb][0x8c][0x10][0x15][0x19][0xac] [0x81]&[0x5][0x5][0xe7]D[0xcc][0x12][0xb]= [0x8d][0x8d][\r][0x88]-[0xb2][0x8c][0xc][0xe1]U[0xb][0xcc]&HI[0x8b][0xab][0xdd][0x1]j[0x93] [0xa2][0xcc][0x94][0xf8]R[0xd8][0x8]Q[0x86][0xc0][0x8b],[0xa8]U[0xd8]3[0x1b]D[0x12]a[0x97][0x99][0xb9][0x19]r[0xa3][0x3]o[0xf8]![0x1a][0xa3][0xf0]b$<??[0x7]G[0x11][0x82][0x1e]~[0xa6][0x16]&D[0x87][0x1f][0xa2][0xc][0x81][0xdb][0x4]1[0xe]G[0x17][0x2][0xdd]W[0xc6][0x6][0xa6][0xc4]&z#D[0x9][0x2]-[0x85]!I[0xc][0x87]M[0xd0][0x14][0x83][0x8]@c#[0xa2][0xab]L#D[0xe1]A[0x85][0x16][0x7][0xde][0xa8]B[0x14][0x1b][0x88][0x9c][0xc][0xa9][0x9e]q4[0x3]r[0x10]>[0xb2][0xb4][0x4]U[0xb9][0xf0][0xae]&^{[0x10]%[0x6][0xbc]m[0x8][0xeb][0xec]a[0xaf][0xc6][0xa0][0xb2][0x8][0xdb][0xcc][\r]-[0x89]mr[0x18]![\n]"
12:44:21.696 [main] DEBUG org.apache.http.wire -  << "[0xc][0xcf][0xbc][0x92][0xd4][0x9c][0x9c][0xcc][0xf4][0xd4][0xbc][0x12][0x5]h[0xca][0xc0][0x96][0x87]1l351%[0xb6]"[0x3][0x95][0xd1][0xd0]Z[0x13][0x9e][0xb5][0xc0][0xad][0x18][0x5][0xa7][0xfc][0x92][0x12],[0xbd]hP[0x15][0x87][0xf0][0x97][0xb1][0x85][0x1][0xb1][0x95][0x8a]1[0xa2][0xb8][0xf0][0x4][0xd5][0xca])[0x99][0xa0][0xae]:4[0xa5])8cmO[0xc1]j[0x1c][0x84][0x85]F[0x6]DG[0x9b]1[0xa2][0xd4]@$[0xf]h[0xb2]w[0xce][0xc7][0xd2]N[0x84][0xba][0x5]a[0x99][0xa5][0x99][0x9][0xb1]U[0x98]1[0xa2][0xd8][0x8][0xce]IM[0xcd]V[0x0][0xb7]-[0x14][0xb0][0xda][0x83]Z[0xe][0x1a][0x9b][0x1a][0x11][0x1d][0x84][0x88][0x12][0xc3]'3=[0xa3][0xa4]<[0x15]D[0xc2]F=[0x9c]R[0xf3][0x92]3[0x88][0xa8][0x97][0xcd]A[0x5]7Q[0x9][0xdf][0x18]Qj[0xc0]K(hbS[0xf0]N[0xad]L[0xca]O,J[0xc1][0xb0][0x10]TX"[0x82][0xd0][0xc8][0xc8][0x84][0xd8][0x9a][0xb][0xd4][0xdf][0x85]&E[0xe4][0x9a][0x12][0x14]Z[0xb8]m[0x3]gw[0x84]u[0xe6][0x16][0xc4][0xc7][0x18][0xa2][0xf4]@jt@[0xab]z[0x1c][0xe5]"z[0xf3][0xd4][0xd2][0x8]4PF\X"[\n]"
12:44:21.696 [main] DEBUG org.apache.http.wire -  << "[0x11]$[0xeb]`}V\[0xb9][\r][0xdd]B33P[0xfd]N[0x9c][0x85][0x88]r[0x4]^j[0x81]2/q[0xb5][0xb3][0x85][0x5][0xd1][0xed][0x0]P[0x88]C[0xe3][\r][0xd6]M[0x87][0xe6][0xb2][0x80][0xc4]<[0xf0][0xd8][0x13]jK[0x11][0xbd][0x1a]325#[0xb6][0xb4][0x2][0xd5][0xad]P[0xab][0xe0][0xa5][0x15]$[0x88]p[0xb4][0xba][0xa1][0xd1][0x89]H [0xa6][0x86][0xc6][0xc4][0xb6][0xdc]L[0x10][0xe5][0x87][b^[0x9][0xb8][0xf9][0xe][0x1b][0xc2][0xc1][0xd6][0x2][0xc6](>,,[0x88]nq[0x9b] [0x8a][0xf]h[0xfd][0xc][0xca]F8[0xda][0x1c][0x10][0x1f]#[0xfc]db[0x8][0x1a][0x15]$*Q[0x98] J[0x90]`[0xa4]~[0xb][0xac][0x9c][0xc5][0xda]}F[0xcb]bf[0x6][0x96]D[0x87] [0xa2][0xfc]@[0xae][0xca][0xc0]9[0x1a][0xfb]()([0x81]"<fd@t=[0x6][0x1a]@[0x85][0xa6][0xc]Dd[0x81]LS[0xc0][0x9e][0x8][0xd1]<eabAl[0xb3][0xcd][0x4]Qn [0xd7]c[0x90][0xb1]""Z[0xd8][0x16]F[0xa0][0xb1]&[0xe2]b[0xb]Qf Y[0x5][0xe]>[0xec][0xed][0xe][0x90][0x14]"[0xf8][0xcc]L@[0xd1]M[0x9c]M[0x88][0xc2][0x2][0x9e][0xb1]`%=[0xf6]z[0x5]#[0x17][[0x80]j[0xb][0xa2],3[0xc5][0xec][0xa2][0x80]c[0x8a]p[0xa3][0xcd][0xd8][0xdc][0x94][0xd8][0xda][0xc4][0x14][0xd1][0xdc]@[0xc][0xc0][0xc2][0x8b][lV[0x81][0xdc][0x80][0x8]<K[0x13]c[0xa2][0xad]Bd*x5[0x9]N_8[\n]"
12:44:21.696 [main] DEBUG org.apache.http.wire -  << "%XnCXfjFtB7E[0xe4])hI[0x1][0x8a]t[0xac][0x19][0x17][0xd5]CF[0x96]f[0xc4]6AA[0x8e][0x81]f&[0xa4]t[0x7]K[0xf][0xe1][0x89]%X[0xda][0x19][0x18][0xa5][0x9f][0x99][0x1][0xca]p([0xbe][0x6]6[0xa8]o[0x1][0xb5][0xf]^U[0xc1][0x6]7p53[0xc0][0x8d]TD[0x8][0x9a][0x19][0x99][0x11][0xdb][0x17][0x2]u[0x9a][0xa0][0xb6]![0xf9][0xe][0x12]a[0xd8][0xca]uHe[0x86]d[0x95][0xb1]1[0xd1][0x1][0x89][0xc8]V[0x88]R[0x9][0x16][0xfd][\n]"
12:44:21.696 [main] DEBUG org.apache.http.wire -  << "[0xd8]3[0x16][0x9a][0xc7]LM[0x89][0xce][0xc4]f[0x88]|[0x85]\[0xb8]CC[0x12][0xfb][0x10][0x18][0xa4][[0x81][0xf0][0x9c])[0xea][0x4][0x11][0xbe]X3C[0xe4]0X[0xbd][0xf]K"8J'[0xd0][0x8]-[0xc2]*cC[0xa2][0x7][0xc0]@[0xbd]wh[0x94]A[0x13]="[0x10][0xb1]wS [0x9e]FXfb[0x2][0x1a][0x1f]$[0xaa]x2C[0xe4]0xY[0x8][0xca]J8[0x6][0xda][0xd0]C[0xd0][0xc4][0xd8][0x9c][0xd8][0xe4][0x1]J[0xb2]Po[0xc1]m[0x82][0xa4]6[0x1c][0xc3][0xa3][0xa0][0xac][0x8e][0xf0][0x93][0x85][0x19][0xd1][\r]'sD[0xd2][0x80][0xdb][0x4])[0xc1][0x15][0xb0]ggXI[0x89][0xb0][0xcd][0xd8][0x98][0xe8]!fsD[0xcb][0x9][0xd2][0x19][0x82][0x8e]va[0x1f][0xa9][0xc4][0xb4][0xca][0xd2][0x1c][0xe4]^[0xa2]"[0xcb][0x1c]Q[0xf6]"[0x17][0xf3][0xe0][0x99]j[0xec]cC[0x98][0xd6][0x19][[0x80][\n]"
12:44:21.696 [main] DEBUG org.apache.http.wire -  << " [0xe2][0xac]C[0x1a][0xdc]@j?A[0xb]?\[0xad]xXbE[0x4][0xa6][0x85][0x1][0xf1]Q[0x87]h[0x4]@[0xd3]>81bo?A3 [0xc2]"c[0x13]cb[0xcb]EPn[0x84][0xa6][0xc6][0xe0][0xdc][0xc4][0x9c][0x1c][0xf8]d[0x1b][0xf6]pDO[0xf7][0x96]&[0xa0][0xb9]&[0xa2]B[0x11][0xd4][0xd6][0x82][0xda][0x4][0xf5][0x12]4[0xd5]c[0xb7][0x9][0x92]P[0x91][0xfc]dJt[0xbb][0x1a]4[0x9d][0xf][0xb5][0x9][0xb9][0x5][\n]"
12:44:21.696 [main] DEBUG org.apache.http.wire -  << "[0x8b][0x10][0xec][0xfd]s[0x98],[0xc2]F[0xb]SPaG[0x9c][0xdf][0x10]-y[0xa4]~[0x1e][0xb8]P[0xc7][0xd1][0x14][0xc5][0xf0][0x1e][0xf1][0xa9][0x1f]T[0xc3][0xc2][0xbd][0x97]\[0x94][\n]"
12:44:21.696 [main] DEBUG org.apache.http.wire -  << "[0x1d]S[0x1][0xb7]Eq[0x8c][0xdf][0xa0][0x16]!F[0xe6]f[0xc4][0xe]>X [0x8a]E[0xe4][0xee]9,;[0xe1][0x1a][0xa9][0x7]%VD@[0x1a][0x93][0x90]H[0x10]Y[\r]5[0x91]`o[0xd0][0x83][0xc7][[0x10][0x16][0x99][[0x80][0xc6][0xd1][0x88][0x88]1cc$[0x8f]E8[0xf9]G[0x18]b[0x8c]h L5AY=[0x81]^9[0xc2][0xd6][0xa6][0x98]"uS[0xdd][0x13]s3[0xf3]0[0xe7][0xaa][0xdd][0xf2][0x8b][0x14][0xd2][0xc1]R[\n]"
12:44:21.696 [main] DEBUG org.apache.http.wire -  << "[0x5][0xa5]E[0x5][0xf9][0xc5][0xa9][0xc5]J[0xb5]H[0xcb][,A[0xe3][\n]"
12:44:21.696 [main] DEBUG org.apache.http.wire -  << "[0xd0][0x98]E[0x1e][0xea][0x81][0xe6][0x13][0x1c][0xf5]+[0xca][0x2][0x2][0x13]KP3[0x8e][0x88][0x10]0[0xb2][0xb4]@[0x14]1H-"h[0xdf][0x19]GU[0x4][0xea][0x9f]"[0x2][0xc6][0xc8][0x8][0x94][0xa7][0x89][0xb2][0xc][0xd4]W[0xc5][0xe2]3H.[0xc0]Y[0x1b][0x81][\n]"
12:44:21.696 [main] DEBUG org.apache.http.wire -  << "t[0x84]u[0xe6][0xa6][0xa0][0x16][0x1]q[0xd6]![0xea]"D[0x13][0xc]Z[0x1f]ao[0x80][0xa1][0xa5]$K[0xb][0xa2][0xb3][0x88]%"[0xef][0xc3][0xdb][0xb1]A[0xe0][0xa9]S<[0x3]X[0xe8][0xf3][0x82][0xc6]fF[0xc4][0xe][0x87][0x80]:[0xe2][0xd0][0xa0]D.[0xdd]@Y[0xe][0xeb]d[0xf]4F[0x11][0xe1]hj[0x0][0x9a][0xb5]'.[0x1c][0x11][0xd9][0x1f])[0x8d]@[0xeb][0x1b][0xec][0xb6][0x81][0xe6]y[0x11]v[0x19]Y[0x80][0xda][0xa7][0xc4][0xd9][0x85][0xc8][0xfa][0x90][0x9a][0x8][0x1c]%8[0xda][0xcb][0x98][0xa5][0xb5]1[0xf1][0xc3][0xb6][0xa0]Qyh[0x8]"[0x95][0xd6][0xd0][0xb4][0x88]=[0x97][0xa1]&|[0xb]K[0xa2]'[0x1e]-[0x11][0xb9][0xc][0x91][0x12][0xa1][0xc9][0x3][[0xbf][0x3][0x92]H[0x11][0x1]hl[0x1][0x1a]d[0x86][0x7] [0xbe][0xd5],[0xa0]b[\n]"
12:44:21.697 [main] DEBUG org.apache.http.wire -  << "[0xea]-[0xa4][0xc8][0x82]TB[0xd8][0x13]=[0xac][0x18]GXgn[\n]"
12:44:21.697 [main] DEBUG org.apache.http.wire -  << "[0x1a][0x0][0x83][[0x87]{[0xe9][0x87][0xb1][0x1]h@[0x3]n[0x1d]b[0xca][0x2][0x16]38[0xba][0xc1][0xe8][\r][0x8]3[0xd4][0x19][0x19][0xdc][0xfe]360@dj$[0xff]A[0xa3][\r]{[0x83][0x16]=4M[0xcc][0x88][0xec][0xdf][0x1b][0x1b][0x80][0xda]5X[0xbc][0x7]1[0x11]G[0xaf][0x0][0xda]"D[0x4][0xa7][0x91][0x99][0x11]q[\r]1cp[0x9e][0x84][0xda][0x7]i>[0xc3][0x3][0x12][0xfb][0xc2]F[0xb4]*[0xdd][0x94][0xc8][0x14]il`[0x80][0x94][0xcf][0x90]Z[0xb3][0x90][0xdc][0x86][0xbd][0x81][0x89][0xd4][0xaf][0x2][0x0][0x0][0x0][0xff][0xff]"
12:44:21.697 [main] DEBUG org.apache.http.wire -  << "[\r][\n]"
12:44:21.697 [main] DEBUG org.apache.http.wire -  << "6E7[\r][\n]"
12:44:21.697 [main] DEBUG org.apache.http.wire -  << "[0x2][0xaf][0xd7]42[0x0][\r][0xdb][0xc3]S[0x9][0xde]HCt[0x86]a[0xf3][0xc5][0xe0][0x92][0xca]'1[0xb7][0x0][0xa3][0xce][0x5]w[0xc7][0x11][0xa1]ga[\n]"
12:44:21.697 [main] DEBUG org.apache.http.wire -  << "[0xea][0xb5][0xc3][0xad]A[0xaf]y[0x11]5[0xa7]1x~[0x8][0x16]z[0xe0]f,[0xc4];8[0x16][0xdd]a[0xc4][0x93])[0xb1][0xd5][0xa6][0xb1][0x1][0xd2]J[0x1a][0xb4]x[0xc2][0xde][0x8e]E[0xf7][0x13][0xb1][0xe3][0x8][0xc6][0x6]H[0x8b]h`A[0x7]-8[0xb0][\r]dA[0xb]eD[0xe8][0x19][0x81]W[0xe1][0x10][0x17]z[0x88][0xfe][0x14]R[0x81][0x8][0x89]u[0xdc][0xeb][0x83]0l$[0xba]kjl[0x0]Zs[0x3][0x8b]/[0xca]W[0xb4][0xe2]M[0x19][0x88][0x91][[0x9a][0xce]L[0x1b][0x1b][0x18]"[0x8a][0xfa][0x80]`[0x5][0xcc][0x15][0xba][0xe9][0x89][0xb9][0xa9][\n]"
12:44:21.697 [main] DEBUG org.apache.http.wire -  << "[0xa6][\n]"
12:44:21.697 [main] DEBUG org.apache.http.wire -  << "[0xc5]%[0xe0][0xf1]bhV[0xc2][0xdf][0xb8]DI[0xe2][0x88][0x9c][0x4][0xf1][0x88][0xa1][0x11]F[0x6][0x82]/[0x2]F_[0x1]l[0xc]*[0xad][0x89]J[0xb][0xa0][0xa9]&[0xe4][0x98])03[0xc3][0xb0]&9?)1[0x11]D R[0x1b][0x9][0x16] F[0x90][0x9c][0xf3][0x93][0x12][0x15]RJsJ1l[0xc8][0xcc][0xcb]T[0xc8]H[0xcc][0xab]LT(H-[0x2][0xd9][0x94][0x98][0xa7]P[0x90]_[0xc]Z[0x13][0x4][\r]8SKKP[0x85]G[0x9c][0x9f][0x10]5[0x7]-b[0x6]4[0x95][0xb][\r]2[0x9a][0x18][0x8f][0xc8][0x9d]![0x89][0x98]A[0x5][0x8f]s,[0xb][0xbf][\r][\r]0[0x0]Q[0xb][0xa6][0x8c][\r]@[0xf5][0x16][0xd4]O[0x1e][0x5][\n]"
12:44:21.697 [main] DEBUG org.apache.http.wire -  << "a[0x99]e[0xf9][\n]"
12:44:21.697 [main] DEBUG org.apache.http.wire -  << "[0x91]F[0x98][0x9].7573'3;S[0xa1][0xb8] [0xb5]83-3;[0xb1]8S[0xa1]21/]![0xb1] [0x13][0xb4]~[0x11][0x1a][[0xa0][0xe6][0x2][0xb8][0xc5]@\|![0x92]:[0xfd]|[0x8c][0xb4]T[0x81][0xfe]>FZ[0xb6]0[0x0][0x96]#z0%[0xa9][0xc5][0xa0]m[0x18][\n]"
12:44:21.697 [main] DEBUG org.apache.http.wire -  << "[0x5]E[0xf9])[0xa5][0xc9][0xa0][0xec][0x86]:[0x8d][[0x92][0x91]Y[0xac][0x90]Y[0xac]P[0x92][0x91][\n]"
12:44:21.697 [main] DEBUG org.apache.http.wire -  << "S[0xa3][0x90][0x82][0xb4]![0x4][0xbe][0xa5][0x3][0x9c][0xf2][0x88]Lk[0xa0][0xc9]YhZ[0x3][0x97]lf[0x6][0x6][0x6][0x18]%[0x2][0xbe]dnJtI[0x0][0x9a][0xae][0x82]Z50^E4[0xbe][0x6][0xc6]~[0xba][0xd5][0x86][0xa0][0x11]HhH[0x83]#[0x95][0xe4]=+D[0xd7]X[0xa0]&=[0xd4]&[0xfa][0xe7][0x1d][0xa4]u[0x10][0x3][0x12][0xa1]H[0xa3]N[0x3]c?[0xa2]j[0x1d][0x18][0xfb][0x11]e[0x17]dh[\r][0xa3][0xe0]H[0xc3]2[0xea][0x6]/[0xa6][0x88][0x9d][0xf8]26[0x0]M[0xc8]AS[0x19]l[0xe2][0xb][0xdc][0x91][0xc1][0xbe][0x86]-(53935/%[0xb3]X[0xa1]85E!3[0xaf],5[0xaf]$[0xbf](U!3/93[0x5][0xb4][0x11]-[0xb5]D![0xb1][0xb4]$5[0x17]i?[0x18][0xb1]k[0x4][0x8c][\r]@[0xeb][0xe3][0xa1][0x8e][0x19][0x98]PG[0x14]c[0x3][0x90][0xe5][0x10]e[0x18][0xd5]<O[0xdc][0x8a]?c[0x3][0x13]D[0x1b][0x9f][0x90][0xdd][0x88][0xb6]1[0xa8].$[0xb2]*[0x4][0xad][0x9b][0x1b][0xc8][0x88]EZ[0xa5]A[0xc8]4i[\n]"
12:44:21.697 [main] DEBUG org.apache.http.wire -  << " -[0xe0][0xa0][0x9a][0xfd][0xc4][0xc6]-h[0x8b][0x1a][0x91]aOV[0xdc][0x82][0xe6][0xaf][0x88]4[0x9f]6a[0x8b][0xe8]GP-lAI[0x9b][0xe8][0xf0]E[0xc]&S[0xcd]~[0xa2][0xed]F[0x14]X[0x84][0xec]&/niP&[0x91][0x14][0xb6][0x88]r[0x89][0xb6][0xd5] h)[0x16]4[0x11][0xd3][0xd6]"[0xd0][0xbc][0x1][0xd4]"B1F[0x93][0xdc][0x2][0x9a][0xfb][0xa5][0xb6][0xfd][0xc4][0xa6]V[0xd0]<[0x17][0x91]v[0x93][0x95]ZAs[D[0x9a]O[0x9b][0xb0][0xa5]QIDd%[0x8b][0xb4][0xd6][0x87][0xbc][0xae][0x9][0xd1][0xdd]M[0xd0][0xe2];h@[0xd3][0xda]&D[0x1][0x10][0xe1][0x94]_[0xa1]0[0x18]&[0xb4][0x8d][\r][0xcc][0x11]c}[0x3][0x92][0x89][0x91][0xd6]$Q[0xcd]~b3[0xb1]9[0xa2]gB[0xc8]n[0xb2]21[0xd2]"(B[0xe6][0xd3]$[0x13][0x9b][0xd3][0xa0]:[0x7]UyDfb[0xa4][0x85]K[0x3][0xe2]}[0xd0][0xd2][0x7]h[0xd6][0xa6][0x9a][0xfd][0xc4]&-[0xa4][0x5]N[0x84][0xec]&+i[0x81][0xd6][0xfc]Q[0xdb]o[0xa0][0xa8]%[0xda][0x3][? -V![0x14][0xbc][0xb4][0xc8]YF[0xa0][0xad]Z[0xd0][0xe0][0xa7]m[0x1b][0xb]t[0xee][0xe][0xd4]"[0xaa]y[0x94][0xd8]8F:i[0x86][0x90][0xdd]8[0xd3]0[0xbe][0xe5][0x9]H[0xcb]r[0x8][0x99]O[0x8b]H[0x4][0xef][0x97][0xa1]v[0xd8][0x82][0xf2][0x10]q[0xc5][0xa3]!h[0xf4][0x94][0x16][0xd6][0x13][0x19][0xbd][0x86][0xa0][0x8d]d[0x3]j?[\r][0xc6]%[0x89][0xf6];mk~C[0xa4][0xa5])[0x3][0x91][0xb4][\r]A[0xcb][0xc7]h[0x11][0xb7]D&m[0xa4][0x15][0x18][0x3][0xe2]}[0xa4]u[0x19][0xb4]m[0xd4][0x1b][0x82]v/@[0x3][0x9a][0xd6]6!j\Z[0xdb][0x84]h6[0xd2][0xda]&[0xc4][0x98][0xf][0xad]mB[0x8c][0xfe][0xd0][0xda]&D7[0x8f][0xd6]6![0xe6][0xe0]il[0x13][0xfa][0x8a][0x13][0x92]g[\n]"
12:44:21.697 [main] DEBUG org.apache.http.wire -  << "[0x89][0xed][0x8e][0x1b]"5[0xac]h[0xed]'D[0xf5]Ck[0x9b][0x10][0x95][\r][0xad]m[0xa2][~2B[0xe4][0xa7][0x1])[0xe1][0x91][0x16][0xbf]P[0xcd]~b[0x1b][0xf][0xa0][0x1d][0xc][0xd0]2[0x9f][0x90][0xdd]8[0xdb][0xc5]x[0xd6][0xc3][0x19]"[0x9d][0xfd]A[0xe3][0xf4][0x82][0xb4][0xa0][0x86][0x90]Oh[0xd1][0x2]7DZSCU[0xfb][0x89]l[0xa6] -K[0xa0][0xaa][0xf5][0xc4]&$[0xa4][0x95][0x9]4[0x8e]h[0xa4][0xa9]qZ[0xdb][0x84]([0x82]h[0xb0][0xd2][0xce][0x10]i[0xf6][0x13][0xb1][0xaf][0x10][0xba][0xcc][0x15][0xd7][0x9][0x1a][0x81][0xa5][0xa0][0xe5]P[0x88]Sf[0x13][0x8b][0x8b]KsS[0xf3]R[0x12][0x15]Jsr[0x12][0xc9][0x9a][0xde]7D[0x9a][0x5][0xa5]q[0x80]"[0xcd]y[0x6][0x4][0x9b]`[0xac][0x9d]((6QHJ,[0x2]-:DZ[0xc8]Gd[0x6][0x18][0xe0][0xf9]NCSD[0x9b][0x96]j[0x19][0x90][0xd8][0xcc][0x87][0xb4]a[0x9f][0x90][0xdd]d[0x95][0xe2][0xa0]]^D[0xd6][0x12]4)[A{gia?[0x91]Ik[0x80]'[0xb0][0xc][0x91]f[0x90][0x8]E/M[0x82][0x1f][0xb4][0x8f][0x98][0xda][0xc1]Ol[0xd2]F[0x9a][0xd3]"[0xe4]w[0xb2][0x92]6[0xd2][0xfe]xB[0xe6][0xd3]&l[0x11][0x1d][0x1f][0xaa][0xda]Od[0xd2][0xa6][0xd5][0xb4][\n]"
12:44:21.697 [main] DEBUG org.apache.http.wire -  << "[0xb1][0xd1][0xb]:[0xc7][0x0][0x9a][0xb4]hQ[0xc5][0x9a]#u`[0x91]v[0x1f][0x81]w[0xc9][0xe0][0xd8]U[0xe5][0x9f][0x9b][0x7]]FW[0x8][0xaa]k[0x93][0xf3][0xf3][0x8a]S[0xb]K[0x13]KJ[0x8b][0x14][0x92][0xf3][0x8b]@[0xa7][0xbb][0x83][0xe]=O[0xca],V(J[0x4][0x9d]J[0x8f]|[0xb2]<[0xd1]K[0xea][0xc][0xcd][0x11][0xd1]N[0xb]#MWQ[0xa1]J[0xc7][0xb3][0xe3][0xca][0x10]ib[\n]"
12:44:21.697 [main] DEBUG org.apache.http.wire -  << "[0xb2]A[0x9][0xba]i[0x8][0xfb][0xd6].[0xc7][0xd2][0x12][0x85][0xd4][0xe2][0x12][0x85][0x9c][0xc4][0xa4][0xfc][0xa2][0xd2]\[0x85][0xe2][0xc4][0x82][0xcc][0xd4][0xbc][0x92]TD[0xd0][0x82]W)[0x82]V1[0x92][0xb3]R[0xd1][0x10]i[0xaa]*/17[0x11][0xb2]h[0x1c][0xb4]1[0x0]u]y6[0xf4][0xc4][0x84]<[0xb4][0xbd]Al[0xb2]E[0x9a][0xb2][0xa2]I[0xf4]![0xda][0x12][0xd0]}[0xe9][0xd0]=d[0xb8]v[0xc0][0x7][0x83][0xd6]x[0xe6]%[0x82][0xf][0xff]O$/[0xe4][0x10][0x3]e[0xc8][0xfb]|[0xa1][0xbb][0xb2][0xb0]o[\n]"
12:44:21.697 [main] DEBUG org.apache.http.wire -  << "[0xf4]K,)-VH-Q([0xce][0xcc]+![0xcf]VD[0xb][0x9b][0xaa][0xa5][0x1f][0xd1][0xf1]8[0xc0]][0xa4]][0xf1]H[[0xe1]`[0x91][0x8d]m[0xe3]]X~NiAIbIj[0xb1]B[0x9][0xa2][0x1b][0x90]Z[0xa2][0x90]Z[\n]"
12:44:21.697 [main] DEBUG org.apache.http.wire -  << "[0x8e]}[0x85]R[0xf0]J_[0xf2]b[0x3]Q([\r]Hl[0xd0]c&[0x14]_YF[0x8b][0x9]J[0xd0]$[0x1a]rj[0xc4]3[0x89]h[0x88]4I[0x9][0xdb][0x82][0x9][0xda]w[0x8b][0xe3]t[0x4]G[0xd0][0xdd]"y[0xe0][0x8a][0x9][0xbe][0xcc][0xbb][0xb0]4S![0xaf]4[0xb7][0xb0][0x94][0xcc][0xae] =[0xa6]1[0xf1][0x86][0x0]F[0xc1][0x7]=O[0x0][0xc7]a[0x99][0x9e][0xb9][0x5][0xa9])[0x99]%[\n]"
12:44:21.697 [main] DEBUG org.apache.http.wire -  << "E[0xa9][0xa0][0xda][0x4]v[0x1][0xc][0xb8][0xe2][0x6][0xd5][0xda][0x99][0xe0][0xdc][0x0][0xef]"[0x83]k[0x1d][0xf2][0xea]k[0xa4][=[0x6]&k [\n]"
12:44:21.698 [main] DEBUG org.apache.http.wire -  << "J[0xc4][0xc6]~h[0xe1][0x8c][0xfd][0xd4]-[0xa4][0xab]h[0x8a]R[0xb]JS2[0x13][0xf3]R[0x12]S)j[0xb4] [0x9d]d@[0xb3]@[0xc0][0x9b]:[0x10][0xad]9[0x9a][0xd9][0x8f]o0[0x13]4[0xf2][0xf]m[0xac][0xe][0x84][0xfd][0xe0][0xd6][0xe5][0x80][0xda]O[0x83][0xf5]u[0xc8]e#f[0xd8][0x3][0x0][0x0][0x0][0xff][0xff]"
12:44:21.698 [main] DEBUG org.apache.http.wire -  << "[\r][\n]"
12:44:21.698 [main] DEBUG org.apache.http.wire -  << "BE3[\r][\n]"
12:44:21.698 [main] DEBUG org.apache.http.wire -  << "[0x82][0xdd][0xc5]dl[0x84]t[0x1c][0x3][0xa1][0xb0]'[0xa7][0x1f]h[0x4]:cz [0xc3][0x16]t[0xf8]>[0xd4]~[0x9a][0xae][0xc2]1[0xa2][0xd5]t>q[0x1d]N#[0xd0][0xd1][0xda]P[0x12][0x8a]GZ[0xf4][0xb7][0x8d][0x90][0xa6][0xd3]if?[0x9e]2[0xcc][0x8]i[0x92][0x9d]f[0xf6][0xe3][0xcb]G[0xa0]K%[0x6]4[0xfc][0x11][0xfd][0x8c][0x81][0xf1]?[0xa2]"[0xa5]B[0xcf][0x18]oH#j+[0x1a][0xdb]D[0xb7])m#[0xa4][2[0xa8][0xe0]'<mq#[0xa4]S[0xe]h[[0x1e][0x1a]![0x9a][0x9c]T[0xf0][0x12][0xbe][0x4][0x81]tA[0x6][0xad]mB$[0xf2][0xcc][0xbc][0x94][0xfc][0xdc]L[0xcc][0xbb]{[0x12][0xb3]K[0x15][0x8a]K[0xb3][0x13][0x15][0x10][\n]"
12:44:21.698 [main] DEBUG org.apache.http.wire -  << "[0xa0]c FD[0x9f][0x9c]`[0x84]4s[0x8e]0[0x6]u[0xa8][0x85]:[0xf6] e[0xa5][0xc4][0xdc][0xe2][0xd2][0xbc]t[0x85]`#c[0x85][0xd0][0x9c][0x92][0xa2]D[0x8c]Y$[0xa4][0xea][0xdf][0xcc][0x80][0xb8][0xf3][0x95][0x8d][0x8d][0x90][0xe6][0xc1]i[0x1c]7H[0xf3][0xd4][0xc1][0x4][0xfd][0xe2][0x9e][0x98][0x93]XQ[0x89][0xf0][0x11][0xb1][0xad]%[0xa4][0xc9]hZ{[0x87]^[0xb]B[0x8c][0x90][0xcf]m [0x18]p[0x88] 3$>[0x11] [0x1d][0xd7]@[0xeb]PCdPZ[0xdb][0x84][0x18][0xe1][0xa2][0xb5]M[0x88]L[0x1a][0x80][0xe3]<[0xf][0xd0]9;)[0xa9][0xc5][0xd9]E[0x99][0x5][0xc5][0x99][0xe4][0xe][0xbe][0x1a]!-u[0xa0]m[0xd5][0x80][0xb4][0xa6][0x81][0xc6][0x16]!:V4[0xb6][0x8][0xb1]P[0x8c][0xc6][0x16]![0x8a][0x5][0xd4][0x93]\A[0x97][0x8e][0xe1][0x98]y[0x9]K-[0x2]_[0xeb][0xb]9[0xc4][0x0]it[0x13]q[0x8b][0xae]BJfz^fqqfn~19C[0x9c]Ft[<b[0x84]th[0x2][0x8d]3[0x1e][0xd2][0xbd][0x14][0xb4][0xb6][0x89]n[0x85][0x9][0xd2][0xc9][0x7][0xb0]Z[0x12]R[0x17]*8[0x1a][0x93]vZ[0xf][0xd1]gn[0x80]o[0x11][0x82]v[0x8d]h0[0xa9]c[0x84][0xb4][0xdc]g@z>H[0xcb]|[0x6][0xc6]~D[0xd9]30[0xf6]#[0x8a][0xa4][0x81][0xb1][0x1f][0xad][0xa3]A[0xbb]s[0xa7][0x8c][0x90][0xd6][0x3]![0x97][0xbe][0xe0][0x13]d[0xb0][0x1e][0x85][0x9][0x9a]f@4[0x99][0x8c][0xcc]A-!b[0xce]N3BZ[0x19][0x84]|[0x1f][0x4][0xd8]&[0xa2][0xe][0xd1][0x86][0x1c]<I[0x9c]][0x88][0xd2][0x7]v&[0xe]d"[0x1f][0xfb][0xa1]8[0xd0][0x99][0x3][0x84][0xb7]L[\r][0x89]<[0xf2][0xdf][0xd8][0x8]t[0x12]([0xb4]([0x80][0xcd][0xc4][0xc0]N[0xaf][0xc5]q[0xc2]:t[0xce][0xe]a[0x9b][0x85][0x9][0xe8]0^[0xe2]<[0x86][0x98]wC[0xdc]"[0x7]9[0xba][0x16]GU[0x9]]%[0x88][0xb0][0xcd][0xc4][0x14]4[0x80]H[0x94]mHG[0x1d]@f[0xec][0xc1][0x91][0x85]5Y@[0xe6][0xf2][0x11][0xb6][0x18][0x81][0xd7],[0x12]g[0xb][0xa2]I[0x83]|[0xb8]8[0xc4]D\[0xab][0x1b]Q[0x93][0xa1][0xa9]%h:[0x8a]8[0xdb][0x10]e[0xb][0xfc]z[0x1c]h[0x18]a[0xbd][0xb6][0x6][0x12][0xb8][0x8][0x8f][0x19][0x83][0xab]k[0xe2][0xac]B[0x14]#[0xc8]y[0xb][0xea]1[0xec]I[0x11]rj0[0x92]u[0x16][0xa0][0xc2][0x98]8[0xeb][0x10][0xe3]ep[0x9f][0xe1][0xb5][0xb]rd0[0xc2].3[0xa2][0xcf][0xea]5"a[0xad][0x15]M[0xc6]f[0x7]x-[0x96][0x91][0x19]"[0x1f][0x82][0x1b]R4,[0xa1]A%[0x11][0xb4][0x80][0x19][0x90][0xca]h[0x80][0x8f]J0[0xa2][0xc5]Q[0x9][0xe8]S[0xed][0xf8][0xc6][0xe2]H8.[0x81]&I}[0x80][0x8f]S0[0x1a][0xe0]uF[0xe8][0xb][0xd4]h[0x98][0xd5][0x90]W[0xa8][0xd1][0xf4][0xf0]g#[0xa4]Ua[0xb4].?,[0xd0][0x1a][0x93]4[0xdb][0xc5]fdA[0xb7][0xa1]*[0xa4][0xfb]H[0xc0][0xc1]GC?[0xa1][0x15][0xf4][0xb4][0xb3][0x9]iI[0x11]b[0xdd][0x6][0xb4][0xad][0x88][0xab][0x15][0xe4]X[0x94][0x9c][0x91]Y[0x92][0x9a]\[0x92][0xaf][0x0][[0xd1]R[0xc]Z[0xdf][0x97][0xf]^[0x99][0x9a]ZL[0xd6]R;#[0xa4][0xc5]E[0xe0][0xd0][0xa5]a[0x8e][0x3]5[0xdb][0xa0][0x95][0x1b][0xc2][0xd3][0xd0]ke[0xb0][0xaf][0xb][0xf5][0xcb][0xcc][0xc8][0xcc]QHM[0x4]-[0xe]%k\[0xc7][0x92]n[0xf9][0xc1][0x92]n[0xf9][0x1]i[0xb9][0x9]M[0x7][0xeb][0x8c][0x91]NO[0x80][\r][0xb6]8faN[0xac][0xe0];[0x13][0x99][0xe8]Q[0x16]c[0xa4][0x85][0x1c][0xe0]tH[0xb3][0xbc]g[0x8c]|[0xf5][0x4]M[0xb]~c[0xa4]E[\r]4[0xf6][0x13][0xd2][0xf4]=[0xad]mB[0xc][0xe7][0xd3][0xd8]&[0xea]N*[0xe3]i[0xf5][0x19][0x83]n=[0x82][0x16]L[0xc8][0x9d]Rx[0xd7][0x1e][0xdb][0x15]9~[0xa9][0x85][0xa5][0xa9][\n]"
12:44:21.698 [main] DEBUG org.apache.http.wire -  << "e[0x90]e[0xb7][0xc5][0xa0][0x2]J!3[0x5]Z0#[0xef][0xb7][0x3][0x8d][0x84][0x10][0xd3][0xa3]3F[0x9a]4[0xa5]q[0xc0][0xd2]m[0xf3][0xad]1[0xe8][0xd6] h[0xc0][0xd2][0xda]O[0xf4]*[0xe8][0xc1]7[0xa7][0xd0][0xc7]OH[0xf3]L4[0xe]=[0xa4][0xe9][0x8f][0xc1]sn[0x9f]1[0xd2][0x4][0xc6]`r[0x15]b[0xb8]q0[0xb9][\n]"
12:44:21.698 [main] DEBUG org.apache.http.wire -  << "Q,[0xf]&WY[0xea](A[0xf3][0xca]`[0xb9][0xdf][0xd0][0xd8][0x18]4[0xc6]6[0xf8][0x1c][0x85][0x18]>[0x1c]D![0x85][0x18]d[0xa4]q[0x1][0x84]4[0xb0]Nc[0x9b][0x90]N[0xd4][0xa5][0xb5]Mt[0xab][0x92][0x90][0x6]h=[0x2][0x14]r3K[0xf2]1V?[0x81][0x1b][0xe9]%[0xa9]EI[0x89][0xc8][0x17][0xe2][0x98][0x82]t[0x12][0xd5]:[0x19][0xe0]1Xc[0xa4]1X[0xaa][\r][0x8c][0x12][0xb9]j[0xca][0x98][0x84]AY[0xc4][0xf8]:h[0xd4][0x91][0xb8][0xb5][0xcf][0xc6][0x3]<[0xe8]jL[0xab]AWb[0xbd][0x8f][0xc8]'T[0x8b]ZP[0xe8][0x13][0x1d][0xbd][0x88][0x9e];[0xcd][0xec][0xc7][0xb3][0xf4][0x1b]|g;[0xb4]>[0xa2][0x99][0xfd][0xf8]z?H[0x9b][0xa1][0x7][0xc6]~D#a@[0xec]G[0x1a]s[0x1e][0x18][0xfb][0x11]S[0xa2][0x3]c?b[0x92]t`[0xec]G4}[0x6][0xc6]~D[0xf9]C[0xab][0xda][0x13]i[0x8]{[0xf0][0xb4][0xee],[0x10][0xf9][0x8e][\n]"
12:44:21.698 [main] DEBUG org.apache.http.wire -  << "-!c[0x1d]%g[0xe8][0xf6][0xf9][0xd4]b%+[0xe4]MZ[0xc6]H[0x1b]x[0x7][0x8f][0xf7][0x91][0x6][0xbe][0xa1][0xeb]R[0x15]\s[0x12][0xb1]\[0x98][0xe][0xba][0xf8][0x11][0xbc]?[0x12],[0x7]][\r][0xf][0x1a][0x84][0x85]7[0x9c][0xf0][0xfa][0x1d][0x91][0xba]i[0xb0]z[0xcc][0x18]i[0x80][0xdb][0xad][0xb4](/[0xb3][0xa4][0xb4](U!$[0x1f][0xf3]V[[0x84]lJbQ[0xa6][0x82]WjA"x[0x91]<[0xd4]?[0x86][0xa0];[0xe0][0x1e][0xc2]W][0xd0]m[0xa0][0xdb][0x4][0xe9][0xf4]`*$P<~2A[0x1a][0xe9]F[0x84][0x13]-C[0xd1][0x4]i_![0xad][0xfd][0x86]([0xde][0x10][0xab][0x88] +Op[0xac]"r[0xcc][0xc9]L,VH+MOT(E[0x9e]T[0x2][0x1f][0xe7]LL[0x1a]11@[0x8c][0x91]x[0x16]d[0xe4][0xe7][0xa5]*[0x18][0x1a]*[0x98][0x99]([0xa4]'a[0xef][0x98]d$[0x82][0xe]OQ@[0xbf]/[0x96][0xe8][0xd9][0x3][0x13][0xd0][0x86][0xe]h[0x1b][\n]"
12:44:21.698 [main] DEBUG org.apache.http.wire -  << "f[0xa1][0x11]M-D[0x1a][0xda][0x87]YH[[0x1f]"[0x9d]7L'[0xb][0x11][0x5][0x17][0x8d]S[0xa8]![0xc6]0[0x83]9[0x8d][0x92][0x89]!"][0x6]$[0xe6]$[0xfa][0xe4][0xfb][0xe0][0x99][0xce][0xc2][0x92][0x1a]A[0xe3][0xd9][0xf0][0xc][0x80]g[0x9b][0x9a][0x9]moa6[0x1]-[0xea][0x83]&w[0x1a]T*&H[0x1b][0x7][0x9d][0x8a][0x12][0x93]SsR1[0xef]`[0xf5]MLIU[0xc8]OS[0xc8][0xc8]L[0xcf]P(,M[0xcc][0xc9],[0xa9]T(HM,[0xca])Ft[0x82][0x8d]@&[0xc1][0x3][0xc]_[0x9][0x8c]t(.M|[0x84]h[0xe3][0xd2][0xc4]xD^[0xa1][[0x80]![0x8a]u[0xba]Y[0x89][0xc8][0xa7][0xd4][0xb4][0x12]_>B[0x9a][0x99][0xa3][0xa6][0x95]xS"[0xa2][0x8c][0xa0]q[0xb9][0x87][0xb4][0xb9][0x90]F[0x1d][0xf][0x13][0xa4][0xa9]>Z[0x86]_[0xb5][0x92][0xa7][0x8b][0x92][0x95][0xa1][0x91][0x5]RQ[0xee][0x98][0x9c][0x9c]Z\[0x9c]_[0x94][0x99][\n]"
12:44:21.698 [main] DEBUG org.apache.http.wire -  << "*[0x10]Pw[0x96][0xe4]+[0xa4][0xe6]e$[0xe6]%[0xa7]*$[0x16][0x80][\n]"
12:44:21.698 [main] DEBUG org.apache.http.wire -  << "[\r][0x10]S[0xa9][0x16][0xe9]`[0x7][0x13][0xa4][0xfd][0x90][0xc5][0xa9][0x5][0xa9])[0x98][0x5]ubf%H[0x10][0xda][0x80][0x5][0xef][0xa3] [0xaa][0xa8]A[0xda][0x4]I[0xcb]0A[0xf1][0xc][0xa2]|[0xa0][0xb6]g[0xe8]_[0xc][0x80]6[0x1]@+[0x9f]`p[0xcc]([0xf8]d[0x16][0x97][0x14][0x81][0xc7][0x95]Q[0xa3][0x19]*[0x9d][0x3][0x91]V[0xc8]KOM*[0x5][0xd5]$[0xa4]G[0x19]b[0x88][0xe]j&[0xd4]J[0x5][0xa7][0xc4][0x9c]D[0xcc][0xce][0xe]T[0x11][0xaa][0xc5][\n]"
12:44:21.699 [main] DEBUG org.apache.http.wire -  << "I[0x89]y[0xe9][0xe0][0x9a][0xc]j[0xbf])h[0xeb][\r]qI[0x6]Q&[0xd0]-[0xc9] &[0xf4][0xe8]f%b@[0x80]^V"MqCO[0xb4][0x83][0xf6]L[0xb0]-[0xb9][0x8]-QH-*[0xca]/R(JM.-[0x86][0x9c][T[0x90][0xf][0xda][0xf5]WZ[0xac][0x90][0x9b][0x9f][0x3][0xba]5>1[0x15]tH[0xa0]B&[0xe4][0x0]([0xa4]5c[0xc4]w^[0x90].[0xb3]Ft[0x98]|2[0xf3]R[0xf3][0x14][0x9c][0xf2]KJr07[0xcd][0x83][0x8e]/,H-*.[0xc8]L[0xce]L,[0xc9],[0x86].[0x3]QH[0xc9]L.IT([0xc8]/*[0xca]W[0xc8],(.[0xcd]UHE>[0x85][0x8f][0x4]'![0x9a]/t[0x8b][0x19]D[0x91][0x5][0xd9][0xe][0x2][0x9][0x1][0xf7][0x9c][0xfc]2,[0x5][0xba]ZZfrff[0xb1][0x2][0xf2][0xb9][0x98][0x89]y[0x99][0xb9][0x99][0xf0][0x88])[0x86]-[0x96])IUHI[0xcd]I[0xcd][0xcb],[0xc9]$/~[0xe8]_[0xe4]!m[0xda]t[0xcf]/JO[0xcd]/-V[0x80][0xed][0xb6]H,[0xc2][0xe8][0xac][0xf8][0x83][0xce][0x1e][0x3][0xaf][0xd1],[0xcd][0x5][0xdd][0xaf][\r]M[0x2][0xe0]s[0xc6]2[0xf3][0x8b]![0xe7]1*$[0xe6]d[0x16][0x96]f[0xa6]([0x14]g[0x92][0xd7][0xc9]FZ[0x1e][0x81]H[0xa7][0xb0][0xdd]-[0xce][0xf9][0x89][0xa0][0x92][0x16][0xb5]<v-[0x1][0xf5][0xea]3[0x13]K[0x14] kFs3[0xf3]2s[0x13]a'[0xc3])[0x14][0x97][0x16]'g[0x16][0x90][0xeb][0x1a]D[0x11][0x89][0xbc][0xe3]+<??G!8#[0xb3][0x8][0xab]k@g~B[0x97]P[0x95]d&[0x95][0x16]+[0x14][0xe4]$&[0xa7]&[0x96]([0xa4][0x92][0x19]$[0x88]B[0x93][0xc6]m7P[0xd5][0x1][0xad][0x4][0x15]0[0xe2][0x1f]<[0xd9]J[0xf1][0x98][0x6][0xd2][0xa9][0xe8]dy[0x86][0xc8][0xf9]/[0x13][0xa4][0x13][0xd2][0xc9][0xb2][0x87][0xf8]Q[0x1a][0xa4][0xb3][0xd0][0xe9]U[0x8c]!my[0xa4][0x9b][0x95][0x88][0xc6][\n]"
12:44:21.699 [main] DEBUG org.apache.http.wire -  << "[0xdd][0xac]Dd>[0xba]YI[0xbf][0xac][0x86]h[0x96][0xd0]8}"o[0x81][0x84][0xac][0xc][0xc6][0xbc][0xc0][0x16]_[0xde]6A[0x99][0x15]@[0xef]d[0xc2]:I[0xa6]H[\r][0xc][0xf7][0xc4][0xdc]L[0xf0][0xb4][0x2]jA[0xed][0x96]_[0xa4][0x0]Y[0xdb][0xad]PPZT[0x90]_[0x9c]Z[0x8c][0xda];[0xa2][0xdb]*[0x16][0x13][0xa4][[0xa0]i[0x1d][0xfa]H-[0xe]H[0xe8][0x9b][0xd2][0xa8]d5C[0xb4] h[0xed]'[0xc4][0x90][0x9][0xad]mB[0x94]:P[0x9b][0x6]m[0xda]E[0x14]V8][0x8a][0x18]B[0xc4]W[0x8b]Q5Ga[0x94]g[0x83]6[0xfc]0[0xca]CL[0x97][0xd2]?[0xfc][0x90][0x16]IAc[0x95]V[0xb9][0x17]i[0xb9][0x94]_bq[0xa6][0x82]Kbi[0x9e][0x82]WjQ)[0xe6][0x81][0xee]`[0xf9][0xf2][0xd4][0xbc][0xc4][0xec]l[0x85][0x92][0xd4][0xbc][0xc4]<[0x85][0xdc][0xd2][0xa2][0xdc]TP[0x8b][0x1d]:[0x6]`h[0x89][0xff]X3X[0x12][0xb3]@:[0xe4]69?[0xaf]$?C7[0x19]1[0xdd][0xad][0xa3][0x84]V~'[0x16]gd[0xe6][0xe7]%&[0xe5][0xa4][0xa2][0x96][0xdb]HK[0xad][0xc0]nC[0xb8]]![0xb1]21W!=[0xbf]([0x15]K}[0x0]VK% [0xd2]9a`[0xaa]@[0x19][0xa3]C[0xda]-K[0xeb]8[0xa7][9[0x8a]t[0xf3][0x4][0xad][0xfd][0x84][0x91][0x8f]i[0x95]c[0xe8][0xb6][0xd5][0xd5][0x4]i[0xab]+[0xc1]e[0xe8][0xf4]*[0xd9][0x91][0xf6][0xc4][0xe2]p[0x13][0xa2][0xb9][0x85](7[0xe9][0xd7][0x96]C:[0xec]p[0xba][0x8f]n[0xe9][0x14]iW,[0x8e][0x90][0x18][0x88][0xf8]AZ(4[0x98]\E[0xb7][0xd6]2[0xd2][0x12]#[0xec][0xab][0xb7][0x6]6[0xfb] [0xad]G[0xc2][0xee][0xbc][0x1]I3[0x88]Z[0x16][0xbb][0xa3][0x6]4[0xcc]L[0x91]VVaw[0xde][0x0][0x84][0x99])[0xd2]",[0xda][0xd6][0xbc][0xa6]H[0x8b][0xaf][0xb0]{[0x80]c[0x7][0xd1][0xd8][0xc1][0xee][0xbc][0x1][0x89][0x1d][0x8c][0xfe]%[0x8d]Z+[0xe0]s[0x89][0xa0]C[0xab][0xd8][0xbd]?[0xb0][0xb1][0x83][0xb4][0xf2][0xb][0xbb][0xf3][0x6]"v[0x90]V[0x87]aw[0xd4][0x0][0x87][0x19][0xa2][0xb2][0xc2][0xee][0xbc][0x1][0x9]3z[0x8d][0x2][0x99]"[0xad][0x8a][0xa0]q[0xc9]fH[0xb7]\[0x8a][0xb4][0x94][0x8e][0xd6]~B[0xd4][0xa5]4[0xb6][0x9][0xb4]Z[\r]Z[0xf2][0xd0][0xda]&[0xc4][0x84].[0xad]m[0xa2][*[0xa7][0xdb]9[0xf6][0xa6]H[0xab][0xc2]h[0x1d]z[0x18]c[0x95][0xb4][0xaa][0xf5][0x90]n{[0xa7][0xb5][0x9f][0xe8][0xd5][0x9f]3EZ}Fc?![0xad][0x16][0xa3][0xb5]M[0x88][0x9c][0x8b][0xbd]*[0x1b][0xd8][0x9a][0xd6][0x18][0x91][0xdd][0xb1];o jZ[0xe4][0x15]c4[0x9d][0xd9]15[0xa6][[0xfd]g[0x8c]([0x19]<[0x2][0x14][0x9c][0xf3][0x8b]R[0x15]2[0x15]0[0xb][0x87][0x9c][0xd4][0x82][0x92][0xfc][0x2][0x5][0x8c][0x9d][0xd7][0x96] @[0xdc][0x6]YSc[0xba]U[0x80]H[0xcb][0xb1][0xe8][0xb6][0x15][0xf]6[0xc2]n[0x8a]t[0x3][0x15]|[0x13][0xe][0xc6][0x4]`[0x1a][0xb6][0x99]Q[0xd8]u`F[0xa6][0x6][0x88][0xae][0x13][0x89]f -[0xd7]D[0x9e][0xa0][0xa5]Z0[0x10]5[0xda]9[0x88][0x82][0x0]Q[0xcc][0x11][\n]"
12:44:21.699 [main] DEBUG org.apache.http.wire -  << "[0x2]D[0x89][0x2][0xda]u[0x8d]'M[0xf][0xc6][0x98]FtL[0x8]y[0x93][0x16][0xe7]}[0x9a]"[0x1d][0xbc]CU[0xfb]i[0x1b][0xb](y[0x5]Q[0xe2]R[0xd5][0x7]C-[0xbf] [0xca]h[0x9a][0x5][0x3][0xfa]![0x2][0x83]1?![0xda][0x96]4[0xb][0x6][0x9c][0xeb]j[0x6]O[0xe9][0x89][0xb4]:pD[0x7][0xc3][0x0][0x9c]l0[0x8]3[0x5][0xd2]B[0xce][0x11][0x9d][0x1a][0x6][0xa0][0xae][0x1d][0x8c][0xa9][0x1][0xd1]C[0x1b][0xd1][0xa9][0x1][0xd1]R[0x1f][0xd1][0xc1][0x80]h>[0xc1][0x6].LM1[0xbb][0x91][0xf8]V[0x9d][0x12][0xbd][0xfe][0xda][0xd4][0x14][0xd1]g[0xa5][0xee]64S[0xa4][0xf3][0xdb]<[0xf3]JRsr2[0xd3]S[0xf3]J[0x14][0x82]KRSA[0xcb][0xff][0xf3][0xb1]l[0x19][0xf1]L[0x1]m[0x1b].[0xce]T[0x0][0xdd]U_[0xac][0x0][0xbe][0x9c][0xbd][0xb0]4[0xb1][0x98][0xac]M![0xa6][0xa6][0x88][0x86][0x7],[0x1c]1[0xfa][0x8e][0xd4][0x9]D[0xcc]E[0xc2][0xd4][0x8d][0xae][0xd8]Z.[0x0][0x0][0x0][0x0][0xff][0xff]"
12:44:21.699 [main] DEBUG org.apache.http.wire -  << "[\r][\n]"
12:44:21.699 [main] DEBUG org.apache.http.wire -  << "A[\r][\n]"
12:44:21.699 [main] DEBUG org.apache.http.wire -  << "[0x3][0x0][0xf2]B[0xf6][0x1e][0x15][0xe5][0x0][0x0]"
12:44:21.699 [main] DEBUG org.apache.http.wire -  << "[\r][\n]"
12:44:21.699 [main] DEBUG org.apache.http.wire -  << "0[\r][\n]"
12:44:21.699 [main] DEBUG org.apache.http.wire -  << "[\r][\n]"
12:44:21.699 [main] DEBUG io.restassured.internal.RestAssuredHttpBuilder - Parsed data to instance of: class org.apache.http.conn.EofSensorInputStream
12:44:21.702 [main] DEBUG org.apache.http.impl.conn.BasicClientConnectionManager - Releasing connection org.apache.http.impl.conn.ManagedClientConnectionImpl@58a7226e
12:44:21.702 [main] DEBUG org.apache.http.impl.conn.BasicClientConnectionManager - Connection can be kept alive indefinitely
12:44:21.732 [main] DEBUG net.thucydides.core.steps.StepInterceptor - STEP DONE: I send HTTP GET request
  &amp#27;[32mWhen &amp#27;[0m&amp#27;[32mI send GET HTTP request&amp#27;[0m                &amp#27;[90m# starter.stepdefinitions.UserSteps.iSendGETHTTPRequest()&amp#27;[0m
12:44:21.739 [main] DEBUG net.thucydides.core.steps.StepInterceptor - STARTING STEP: UserSteps.iReceiveValidHTTPResponseCode - I receive valids HTTP response code 200
12:44:21.740 [main] DEBUG net.thucydides.core.steps.StepInterceptor - STEP DONE: I receive valids HTTP response code 200
  &amp#27;[32mThen &amp#27;[0m&amp#27;[32mI receive valid HTTP response code 200&amp#27;[0m &amp#27;[90m# starter.stepdefinitions.UserSteps.iReceiveValidHTTPResponseCode()&amp#27;[0m
12:44:21.746 [main] DEBUG net.thucydides.core.steps.StepInterceptor - STARTING STEP: UserSteps.iReceiveValidDataForIndex - I receive valid data for index
12:44:21.830 [main] DEBUG net.thucydides.core.steps.StepInterceptor - STEP DONE: I receive valid data for index
  &amp#27;[32mAnd &amp#27;[0m&amp#27;[32mI receive valid data for index&amp#27;[0m          &amp#27;[90m# starter.stepdefinitions.UserSteps.iReceiveValidDataForIndex()&amp#27;[0m
12:44:21.834 [main] INFO  - 
  _____   ___   ___   _____     ___     _     ___   ___   ___   ___  
 |_   _| | __| / __| |_   _|   | _ \   /_\   / __| / __| | __| |   \ 
   | |   | _|  \__ \   | |     |  _/  / _ \  \__ \ \__ \ | _|  | |) |
   |_|   |___| |___/   |_|     |_|   /_/ \_\ |___/ |___/ |___| |___/ 

GET - As admin I can get index
----------------------------------------------------------------------
]]></system-out>
  </testcase>
  <testcase name="GET - As admin I cannot get index" classname="User" time="0.424">
    <failure type="java.lang.AssertionError"><![CDATA[java.lang.AssertionError: 
1 expectation failed.
Expected status code <404> but was <200>.

]]></failure>
    <system-out><![CDATA[
@TC-0032
Scenario: GET - As admin I cannot get index     &amp#27;[90m# src/test/resources/api/user.feature:231&amp#27;[0m
12:44:21.850 [main] INFO io.cucumber.core.plugin.SerenityReporter - Running feature from file:///C:/Users/Lenovo/IdeaProjects/MiniProject/MiniprojectApi/src/test/resources/api/user.feature
12:44:21.850 [main] WARN io.cucumber.core.plugin.SerenityReporter - Feature from file:///C:/Users/Lenovo/IdeaProjects/MiniProject/MiniprojectApi/src/test/resources/api/user.feature is not under the 'features' directory. Requirements report will not be correctly generated!
12:44:21.853 [main] INFO  - 
  _____   ___   ___   _____     ___   _____     _     ___   _____   ___   ___  
 |_   _| | __| / __| |_   _|   / __| |_   _|   /_\   | _ \ |_   _| | __| |   \ 
   | |   | _|  \__ \   | |     \__ \   | |    / _ \  |   /   | |   | _|  | |) |
   |_|   |___| |___/   |_|     |___/   |_|   /_/ \_\ |_|_\   |_|   |___| |___/ 

GET - As admin I cannot get index(user;get---as-admin-i-cannot-get-index)
--------------------------------------------------------------------------------
12:44:21.889 [Finalizer] DEBUG org.apache.http.impl.conn.DefaultClientConnection - Connection 0.0.0.0:65203<->149.248.193.56:443 closed
12:44:21.889 [Finalizer] DEBUG org.apache.http.impl.conn.DefaultClientConnection - Connection 0.0.0.0:65201<->149.248.193.56:443 closed
12:44:21.890 [Finalizer] DEBUG org.apache.http.impl.conn.DefaultClientConnection - Connection 0.0.0.0:65202<->149.248.193.56:443 closed
12:44:21.919 [main] DEBUG net.thucydides.core.steps.StepInterceptor - STARTING STEP: UserSteps.iSetUnmatchedGETApiEndpointsIndex - I set the GET api endpoints index
12:44:21.919 [main] DEBUG net.thucydides.core.steps.StepInterceptor - STEP DONE: I set the GET api endpoints index
  &amp#27;[32mGiven &amp#27;[0m&amp#27;[32mI set unmatched GET api endpoints index&amp#27;[0m &amp#27;[90m# starter.stepdefinitions.UserSteps.iSetUnmatchedGETApiEndpointsIndex()&amp#27;[0m
12:44:21.922 [main] DEBUG net.thucydides.core.steps.StepInterceptor - STARTING STEP: UserSteps.iSendGETHTTPRequest - I send HTTP GET request
12:44:21.924 [main] DEBUG net.thucydides.core.steps.StepInterceptor - STARTING STEP: GetAllProduct.iSendGETHTTPRequest - I set the GET api endpoints
12:44:21.924 [main] DEBUG net.thucydides.core.steps.StepInterceptor - STEP DONE: I set the GET api endpoints
12:44:21.928 [main] DEBUG org.apache.http.impl.conn.BasicClientConnectionManager - Get connection for route {s}->https://altashop-api.fly.dev:443
12:44:21.928 [main] DEBUG org.apache.http.impl.conn.DefaultClientConnectionOperator - Connecting to altashop-api.fly.dev:443
12:44:22.022 [main] DEBUG org.apache.http.client.protocol.RequestAddCookies - CookieSpec selected: ignoreCookies
12:44:22.022 [main] DEBUG org.apache.http.client.protocol.RequestAuthCache - Auth cache not set in the context
12:44:22.022 [main] DEBUG org.apache.http.client.protocol.RequestTargetAuthentication - Target auth state: UNCHALLENGED
12:44:22.022 [main] DEBUG org.apache.http.client.protocol.RequestProxyAuthentication - Proxy auth state: UNCHALLENGED
12:44:22.022 [main] DEBUG org.apache.http.impl.client.DefaultHttpClient - Attempt 1 to execute request
12:44:22.022 [main] DEBUG org.apache.http.impl.conn.DefaultClientConnection - Sending request: GET /api/products HTTP/1.1
12:44:22.022 [main] DEBUG org.apache.http.wire -  >> "GET /api/products HTTP/1.1[\r][\n]"
12:44:22.022 [main] DEBUG org.apache.http.wire -  >> "Accept: */*[\r][\n]"
12:44:22.022 [main] DEBUG org.apache.http.wire -  >> "Host: altashop-api.fly.dev[\r][\n]"
12:44:22.022 [main] DEBUG org.apache.http.wire -  >> "Connection: Keep-Alive[\r][\n]"
12:44:22.022 [main] DEBUG org.apache.http.wire -  >> "User-Agent: Apache-HttpClient/4.5.13 (Java/14.0.2)[\r][\n]"
12:44:22.022 [main] DEBUG org.apache.http.wire -  >> "Accept-Encoding: gzip,deflate[\r][\n]"
12:44:22.022 [main] DEBUG org.apache.http.wire -  >> "[\r][\n]"
12:44:22.022 [main] DEBUG org.apache.http.headers - >> GET /api/products HTTP/1.1
12:44:22.022 [main] DEBUG org.apache.http.headers - >> Accept: */*
12:44:22.022 [main] DEBUG org.apache.http.headers - >> Host: altashop-api.fly.dev
12:44:22.022 [main] DEBUG org.apache.http.headers - >> Connection: Keep-Alive
12:44:22.022 [main] DEBUG org.apache.http.headers - >> User-Agent: Apache-HttpClient/4.5.13 (Java/14.0.2)
12:44:22.022 [main] DEBUG org.apache.http.headers - >> Accept-Encoding: gzip,deflate
12:44:22.191 [main] DEBUG org.apache.http.wire -  << "HTTP/1.1 200 OK[\r][\n]"
12:44:22.192 [main] DEBUG org.apache.http.wire -  << "content-type: application/json[\r][\n]"
12:44:22.192 [main] DEBUG org.apache.http.wire -  << "date: Sat, 06 May 2023 05:53:08 GMT[\r][\n]"
12:44:22.192 [main] DEBUG org.apache.http.wire -  << "transfer-encoding: chunked[\r][\n]"
12:44:22.192 [main] DEBUG org.apache.http.wire -  << "content-encoding: gzip[\r][\n]"
12:44:22.192 [main] DEBUG org.apache.http.wire -  << "server: Fly/3f2597ca (2023-05-03)[\r][\n]"
12:44:22.192 [main] DEBUG org.apache.http.wire -  << "via: 1.1 fly.io[\r][\n]"
12:44:22.192 [main] DEBUG org.apache.http.wire -  << "fly-request-id: 01GZQSY0NGP8W89RD3DYC6PJM0-sin[\r][\n]"
12:44:22.192 [main] DEBUG org.apache.http.wire -  << "[\r][\n]"
12:44:22.192 [main] DEBUG org.apache.http.impl.conn.DefaultClientConnection - Receiving response: HTTP/1.1 200 OK
12:44:22.192 [main] DEBUG org.apache.http.headers - << HTTP/1.1 200 OK
12:44:22.192 [main] DEBUG org.apache.http.headers - << content-type: application/json
12:44:22.192 [main] DEBUG org.apache.http.headers - << date: Sat, 06 May 2023 05:53:08 GMT
12:44:22.192 [main] DEBUG org.apache.http.headers - << transfer-encoding: chunked
12:44:22.192 [main] DEBUG org.apache.http.headers - << content-encoding: gzip
12:44:22.192 [main] DEBUG org.apache.http.headers - << server: Fly/3f2597ca (2023-05-03)
12:44:22.192 [main] DEBUG org.apache.http.headers - << via: 1.1 fly.io
12:44:22.192 [main] DEBUG org.apache.http.headers - << fly-request-id: 01GZQSY0NGP8W89RD3DYC6PJM0-sin
12:44:22.192 [main] DEBUG org.apache.http.impl.client.DefaultHttpClient - Connection can be kept alive indefinitely
12:44:22.193 [main] DEBUG io.restassured.internal.RestAssuredHttpBuilder - Parsing response as: application/json
12:44:22.193 [main] DEBUG org.apache.http.wire -  << "331[\r][\n]"
12:44:22.193 [main] DEBUG org.apache.http.wire -  << "[0x1f][0x8b][0x8][0x0][0x0][0x0][0x0][0x0][0x4][0xff][0xaa]VJI,IT[0xb2][0x8a][0xae]V[0xf2]tQ[0xb2]24[0xb2][0xb0]0[0xd7]Q[0xf2]K[0xcc]MU[0xb2]Rr[0xcd][0xcb]/[0xca][0xcd]/-Vp[0xce]/)[0xc9][0xcf]Sp[0xce][0xcf]-(-I-R[0xd2]QrI-N.[0xca],([0xc9][0xcc][0xcf]S[0xb2]R[\n]"
12:44:22.193 [main] DEBUG org.apache.http.wire -  << "-Q[0xc8]KMN-.[0xce],I,[0xc9]L*-V([0xcb],ILU[0xc8],-JUH[0xc9][0xcf][0xc9]/J-V(J-H[0xcd][0xc9]I[0xcd]K)-V([0xce][0xcc][0xcd][0xcc][0xc9],,M[0xd5]S[0xd2]Q[\n]"
12:44:22.193 [main] DEBUG org.apache.http.wire -  << "([0xca]LNU[0xb2][0xb2]4[0xd4]Q[\n]"
12:44:22.193 [main] DEBUG org.apache.http.wire -  << "J,[0xc9][0xcc]K/V[0xb2]2[0xd1]QrN,IM[0xcf]/[0xca]L-V[0xb2][0x8a][0x8e][0xad][0xd5]A[0xb8][0xd0][0x2][0xee][0xc2][0x80][0xa2][0xc4][0xe4][0x92][0xcc][0xe4][0xc4][0x1c][0x5][0xdf][0xc4][0xa2][0xa4][0x9c]T[0x85][0x90][0xc4][0xa4][0x9c]T[0xc][0xf7][0x85][0xa4][0xe6][0x16][0xe4][0x17][0x81][0x1d]V\[0x9a]W[0xa2][0x90]X\[0x90]Z[0x94][0x9]r[0x15][0x92][0xfd][0x16]FH[0xf6][0x1b][0xe3][0xb3][0xdf][0x12]nPiqIf[0xb2][0x82]{Qb^fI[0xaa]BpF~j1[0xa6][0xed][0xf9]%[0x89][0xb9][\n]"
12:44:22.193 [main] DEBUG org.apache.http.wire -  << "[0x85][0xa5] [0xfb]S[0x12]s[0x15][0xca]Rs[0x90][0xac]51#[0xd2]ZK[0x3][0xb8][0xb5][0xc1][0xf9]y[0x95][\n]"
12:44:22.193 [main] DEBUG org.apache.http.wire -  << "[0x1][0xc1][0xa6][0x18]V[0x15][0xe4]$V*d$[0x16]+[0xe4][0xe5]+[0xe4]d[0xe6]f[0x96][0x80]\[0x3][\r]_#KK$[0x9b][0xf0][0x5][0xb0][0xa5][0x11][0xdd]l2[0xa6][0xa6]M[0x86]x"[0xcd][0xd2][0x94]n6[0x99][0xc1]mr-J[0xcf][0xcf][0xcb][0xcf][0xcd]LV[0x8][0xcf][0xcf]OI[0xcd]Sp[0xcf][0xc9]/[0xc3][0x92]B[0x82]3s[0xb2][0x11][0x19][0xc1][0xd8][0xd2][0x18]9M[0x98][0xe2][0xf3][0x15]"[0xb3][0xba][0xe7][0x17][0xa5][0xa7][0x82]2+[0xc8]0\[0x16]A22[0xc2]*3[0xb]Cc[0xa4]Da[0x80][0xcf]*D[0xae]sL-[0xca]O[0xa9][0xcc]K[0x4]y[0xc][0x9a][0xef][0x82]32[0x8b]J0[0x92][0xa3]gQ~[0x1e][0xc2]2[0xb][0x13]S[0xe4],[0x86][0xd7]_[0x88],[0xe6]RZ[0x4][0xca][0xd3][0xf0]<[0xe6][0x94][0x98][0x8e]a[0x8f]s~^rQj[0x9]([0xe3]C[0x13][0xbb][0xb1][0x85][0xa1][0x1][0x92][0xc7][0xf0][0xa4]vK[0x3]D[0xbe][0x82][0x87]a@bAj[0x11][0xee][0xf2][0xe][0x12][0x9b][0x8][0x9f][0x99][Z[0x98][0x10]k[0x1b]U[0xf3][0x16][0x9e][0x8][0xb3]40[0x81][0xa7]C*[0x94][0x17]xb[0xcb][0xd2][0x80][0xaa]y[0xb][0xaf][0x9f][0x10][0x89][0xd0]#5[0xb1][0xac]R[0xc1][0xa5][0xb4][0xa4]R![0xb8]$55G[0xc1]#[0x11]3[0x1][0xa2]G[0x94][0x99][0x81][0xa9]9RD[0xe1][0xb5][\n]"
12:44:22.193 [main] DEBUG org.apache.http.wire -  << "3[0x9]BSEFb&f[0x15][0x8]v[0x3]"E[0x98][0x99][0x1a]"Wg[0xf8],[0x2]%Th[0x85][0xeb]X[0x9e]Z[0x9c][0x9f][0x9b][0xaa][0xe0][0x93][0x9a]X[0x92][0x1]J[0x80]9[0xf9][0xc9][0xa0][0x82][0x1][0xb5][0xb6]E[0xcd]U[0xe6][0x86][0x16]DfaK[0x90][0x93][0xa0]6[0xc1][0xab]v[0xa7][0xa2][0xfc][0xbc][0xaa]T[0xdc]I=[0xa8]4)[0x9]\[0xe3]C3[0x96][0x5][0xd1]%[0x86][0xa5]!"[0xa9]C[0xeb]I[0x9f][0xcc][0xbc][0xd4]<[0x85][0x80][0x9c]DpVE[0xf5][0x15][0xba]E[0xc6][0x86]&[0xa6]DF[0x15][0xa8][0xc][0x83][0xfa][0xcb]75%3?[0xb9][0x8][0xe4]!H[0x91][0xa0][0xe0][0x8c]5[0xc][0xc1].AD[0x97][0x89][0x99]!r[0x91][0x8b]7[0xba][0x90][0xb2]Ue^jQz&[0xb8][0x9][0x0][0x8a][0x14][0x5][0xec][0xa5]`@N"H[0x9][0xc2]6Sc[0xb][0xe4][0xc2][0x9][0xaf]m[0x88][0xac][0x85]\[0xea]B[0xca]q[0x5][0xef][0xbc][0xcc]4P[0xa1][0x87][0x1a][0x92]X[0xec]3%:[0x89] */d[0xfb][0x1c]sJs3[0xf3]Js[0x15] [0xa5]/[0x0][0x0][0x0][0xff][0xff]"
12:44:22.193 [main] DEBUG org.apache.http.wire -  << "[\r][\n]"
12:44:22.193 [main] DEBUG org.apache.http.wire -  << "6C8[\r][\n]"
12:44:22.193 [main] DEBUG org.apache.http.wire -  << "B[0xb5][0xf][0x9a]Z[0x91][0xfc]giL[0xb4][0xff][0x10][0x15][0x18]r[0x86][0xce][0xcc][0xc9]V[0x8]O[0xcc][0xc9]I[0xc5][0xcc][0xd2][0x90][0x4][0x8b][0xb0][0xcc][0xd2][0xcc][0xc0][0x82][0xd8]t[0x82](=0[0x1a][0x8e]8l[0xc3][0xf0][0x9b][0x85][0x99]!rQ[0x8f]7[0xee][0x10]%[0x8]rXBkL[0x1c][0x16]:[0xe7][0x17][0x14] [0xe7]7K3C[0xe4]f[0x1b]>[0xfb][0x8c][0x10][0x15][0x19][0xac] [0x81]&[0x5][0x5][0xe7]D[0xcc][0x12][0xb]= [0x8d][0x8d][\r][0x88]-[0xb2][0x8c][0xc][0xe1]U[0xb][0xcc]&HI[0x8b][0xab][0xdd][0x1]j[0x93] [0xa2][0xcc][0x94][0xf8]R[0xd8][0x8]Q[0x86][0xc0][0x8b],[0xa8]U[0xd8]3[0x1b]D[0x12]a[0x97][0x99][0xb9][0x19]r[0xa3][0x3]o[0xf8]![0x1a][0xa3][0xf0]b$<??[0x7]G[0x11][0x82][0x1e]~[0xa6][0x16]&D[0x87][0x1f][0xa2][0xc][0x81][0xdb][0x4]1[0xe]G[0x17][0x2][0xdd]W[0xc6][0x6][0xa6][0xc4]&z#D[0x9][0x2]-[0x85]!I[0xc][0x87]M[0xd0][0x14][0x83][0x8]@c#[0xa2][0xab]L#D[0xe1]A[0x85][0x16][0x7][0xde][0xa8]B[0x14][0x1b][0x88][0x9c][0xc][0xa9][0x9e]q4[0x3]r[0x10]>[0xb2][0xb4][0x4]U[0xb9][0xf0][0xae]&^{[0x10]%[0x6][0xbc]m[0x8][0xeb][0xec]a[0xaf][0xc6][0xa0][0xb2][0x8][0xdb][0xcc][\r]-[0x89]mr[0x18]![\n]"
12:44:22.193 [main] DEBUG org.apache.http.wire -  << "[0xc][0xcf][0xbc][0x92][0xd4][0x9c][0x9c][0xcc][0xf4][0xd4][0xbc][0x12][0x5]h[0xca][0xc0][0x96][0x87]1l351%[0xb6]"[0x3][0x95][0xd1][0xd0]Z[0x13][0x9e][0xb5][0xc0][0xad][0x18][0x5][0xa7][0xfc][0x92][0x12],[0xbd]hP[0x15][0x87][0xf0][0x97][0xb1][0x85][0x1][0xb1][0x95][0x8a]1[0xa2][0xb8][0xf0][0x4][0xd5][0xca])[0x99][0xa0][0xae]:4[0xa5])8cmO[0xc1]j[0x1c][0x84][0x85]F[0x6]DG[0x9b]1[0xa2][0xd4]@$[0xf]h[0xb2]w[0xce][0xc7][0xd2]N[0x84][0xba][0x5]a[0x99][0xa5][0x99][0x9][0xb1]U[0x98]1[0xa2][0xd8][0x8][0xce]IM[0xcd]V[0x0][0xb7]-[0x14][0xb0][0xda][0x83]Z[0xe][0x1a][0x9b][0x1a][0x11][0x1d][0x84][0x88][0x12][0xc3]'3=[0xa3][0xa4]<[0x15]D[0xc2]F=[0x9c]R[0xf3][0x92]3[0x88][0xa8][0x97][0xcd]A[0x5]7Q[0x9][0xdf][0x18]Qj[0xc0]K(hbS[0xf0]N[0xad]L[0xca]O,J[0xc1][0xb0][0x10]TX"[0x82][0xd0][0xc8][0xc8][0x84][0xd8][0x9a][0xb][0xd4][0xdf][0x85]&E[0xe4][0x9a][0x12][0x14]Z[0xb8]m[0x3]gw[0x84]u[0xe6][0x16][0xc4][0xc7][0x18][0xa2][0xf4]@jt@[0xab]z[0x1c][0xe5]"z[0xf3][0xd4][0xd2][0x8]4PF\X"[\n]"
12:44:22.193 [main] DEBUG org.apache.http.wire -  << "[0x11]$[0xeb]`}V\[0xb9][\r][0xdd]B33P[0xfd]N[0x9c][0x85][0x88]r[0x4]^j[0x81]2/q[0xb5][0xb3][0x85][0x5][0xd1][0xed][0x0]P[0x88]C[0xe3][\r][0xd6]M[0x87][0xe6][0xb2][0x80][0xc4]<[0xf0][0xd8][0x13]jK[0x11][0xbd][0x1a]325#[0xb6][0xb4][0x2][0xd5][0xad]P[0xab][0xe0][0xa5][0x15]$[0x88]p[0xb4][0xba][0xa1][0xd1][0x89]H [0xa6][0x86][0xc6][0xc4][0xb6][0xdc]L[0x10][0xe5][0x87][b^[0x9][0xb8][0xf9][0xe][0x1b][0xc2][0xc1][0xd6][0x2][0xc6](>,,[0x88]nq[0x9b] [0x8a][0xf]h[0xfd][0xc][0xca]F8[0xda][0x1c][0x10][0x1f]#[0xfc]db[0x8][0x1a][0x15]$*Q[0x98] J[0x90]`[0xa4]~[0xb][0xac][0x9c][0xc5][0xda]}F[0xcb]bf[0x6][0x96]D[0x87] [0xa2][0xfc]@[0xae][0xca][0xc0]9[0x1a][0xfb]()([0x81]"<fd@t=[0x6][0x1a]@[0x85][0xa6][0xc]Dd[0x81]LS[0xc0][0x9e][0x8][0xd1]<eabAl[0xb3][0xcd][0x4]Qn [0xd7]c[0x90][0xb1]""Z[0xd8][0x16]F[0xa0][0xb1]&[0xe2]b[0xb]Qf Y[0x5][0xe]>[0xec][0xed][0xe][0x90][0x14]"[0xf8][0xcc]L@[0xd1]M[0x9c]M[0x88][0xc2][0x2][0x9e][0xb1]`%=[0xf6]z[0x5]#[0x17][[0x80]j[0xb][0xa2],3[0xc5][0xec][0xa2][0x80]c[0x8a]p[0xa3][0xcd][0xd8][0xdc][0x94][0xd8][0xda][0xc4][0x14][0xd1][0xdc]@[0xc][0xc0][0xc2][0x8b][lV[0x81][0xdc][0x80][0x8]<K[0x13]c[0xa2][0xad]Bd*x5[0x9]N_8[\n]"
12:44:22.194 [main] DEBUG org.apache.http.wire -  << "%XnCXfjFtB7E[0xe4])hI[0x1][0x8a]t[0xac][0x19][0x17][0xd5]CF[0x96]f[0xc4]6AA[0x8e][0x81]f&[0xa4]t[0x7]K[0xf][0xe1][0x89]%X[0xda][0x19][0x18][0xa5][0x9f][0x99][0x1][0xca]p([0xbe][0x6]6[0xa8]o[0x1][0xb5][0xf]^U[0xc1][0x6]7p53[0xc0][0x8d]TD[0x8][0x9a][0x19][0x99][0x11][0xdb][0x17][0x2]u[0x9a][0xa0][0xb6]![0xf9][0xe][0x12]a[0xd8][0xca]uHe[0x86]d[0x95][0xb1]1[0xd1][0x1][0x89][0xc8]V[0x88]R[0x9][0x16][0xfd][\n]"
12:44:22.194 [main] DEBUG org.apache.http.wire -  << "[0xd8]3[0x16][0x9a][0xc7]LM[0x89][0xce][0xc4]f[0x88]|[0x85]\[0xb8]CC[0x12][0xfb][0x10][0x18][0xa4][[0x81][0xf0][0x9c])[0xea][0x4][0x11][0xbe]X3C[0xe4]0X[0xbd][0xf]K"8J'[0xd0][0x8]-[0xc2]*cC[0xa2][0x7][0xc0]@[0xbd]wh[0x94]A[0x13]="[0x10][0xb1]wS [0x9e]FXfb[0x2][0x1a][0x1f]$[0xaa]x2C[0xe4]0xY[0x8][0xca]J8[0x6][0xda][0xd0]C[0xd0][0xc4][0xd8][0x9c][0xd8][0xe4][0x1]J[0xb2]Po[0xc1]m[0x82][0xa4]6[0x1c][0xc3][0xa3][0xa0][0xac][0x8e][0xf0][0x93][0x85][0x19][0xd1][\r]'sD[0xd2][0x80][0xdb][0x4])[0xc1][0x15][0xb0]ggXI[0x89][0xb0][0xcd][0xd8][0x98][0xe8]!fsD[0xcb][0x9][0xd2][0x19][0x82][0x8e]va[0x1f][0xa9][0xc4][0xb4][0xca][0xd2][0x1c][0xe4]^[0xa2]"[0xcb][0x1c]Q[0xf6]"[0x17][0xf3][0xe0][0x99]j[0xec]cC[0x98][0xd6][0x19][[0x80][\n]"
12:44:22.194 [main] DEBUG org.apache.http.wire -  << " [0xe2][0xac]C[0x1a][0xdc]@j?A[0xb]?\[0xad]xXbE[0x4][0xa6][0x85][0x1][0xf1]Q[0x87]h[0x4]@[0xd3]>81bo?A3 [0xc2]"c[0x13]cb[0xcb]EPn[0x84][0xa6][0xc6][0xe0][0xdc][0xc4][0x9c][0x1c][0xf8]d[0x1b][0xf6]pDO[0xf7][0x96]&[0xa0][0xb9]&[0xa2]B[0x11][0xd4][0xd6][0x82][0xda][0x4][0xf5][0x12]4[0xd5]c[0xb7][0x9][0x92]P[0x91][0xfc]dJt[0xbb][0x1a]4[0x9d][0xf][0xb5][0x9][0xb9][0x5][\n]"
12:44:22.194 [main] DEBUG org.apache.http.wire -  << "[0x8b][0x10][0xec][0xfd]s[0x98],[0xc2]F[0xb]SPaG[0x9c][0xdf][0x10]-y[0xa4]~[0x1e][0xb8]P[0xc7][0xd1][0x14][0xc5][0xf0][0x1e][0xf1][0xa9][0x1f]T[0xc3][0xc2][0xbd][0x97]\[0x94][\n]"
12:44:22.194 [main] DEBUG org.apache.http.wire -  << "[0x1d]S[0x1][0xb7]Eq[0x8c][0xdf][0xa0][0x16]!F[0xe6]f[0xc4][0xe]>X [0x8a]E[0xe4][0xee]9,;[0xe1][0x1a][0xa9][0x7]%VD@[0x1a][0x93][0x90]H[0x10]Y[\r]5[0x91]`o[0xd0][0x83][0xc7][[0x10][0x16][0x99][[0x80][0xc6][0xd1][0x88][0x88]1cc$[0x8f]E8[0xf9]G[0x18]b[0x8c]h L5AY=[0x81]^9[0xc2][0xd6][0xa6][0x98]"uS[0xdd][0x13]s3[0xf3]0[0xe7][0xaa][0xdd][0xf2][0x8b][0x14][0xd2][0xc1]R[\n]"
12:44:22.194 [main] DEBUG org.apache.http.wire -  << "[0x5][0xa5]E[0x5][0xf9][0xc5][0xa9][0xc5]J[0xb5]H[0xcb][,A[0xe3][\n]"
12:44:22.194 [main] DEBUG org.apache.http.wire -  << "[0xd0][0x98]E[0x1e][0xea][0x81][0xe6][0x13][0x1c][0xf5]+[0xca][0x2][0x2][0x13]KP3[0x8e][0x88][0x10]0[0xb2][0xb4]@[0x14]1H-"h[0xdf][0x19]GU[0x4][0xea][0x9f]"[0x2][0xc6][0xc8][0x8][0x94][0xa7][0x89][0xb2][0xc][0xd4]W[0xc5][0xe2]3H.[0xc0]Y[0x1b][0x81][\n]"
12:44:22.194 [main] DEBUG org.apache.http.wire -  << "t[0x84]u[0xe6][0xa6][0xa0][0x16][0x1]q[0xd6]![0xea]"D[0x13][0xc]Z[0x1f]ao[0x80][0xa1][0xa5]$K[0xb][0xa2][0xb3][0x88]%"[0xef][0xc3][0xdb][0xb1]A[0xe0][0xa9]S<[0x3]X[0xe8][0xf3][0x82][0xc6]fF[0xc4][0xe][0x87][0x80]:[0xe2][0xd0][0xa0]D.[0xdd]@Y[0xe][0xeb]d[0xf]4F[0x11][0xe1]hj[0x0][0x9a][0xb5]'.[0x1c][0x11][0xd9][0x1f])[0x8d]@[0xeb][0x1b][0xec][0xb6][0x81][0xe6]y[0x11]v[0x19]Y[0x80][0xda][0xa7][0xc4][0xd9][0x85][0xc8][0xfa][0x90][0x9a][0x8][0x1c]%8[0xda][0xcb][0x98][0xa5][0xb5]1[0xf1][0xc3][0xb6][0xa0]Qyh[0x8]"[0x95][0xd6][0xd0][0xb4][0x88]=[0x97][0xa1]&|[0xb]K[0xa2]'[0x1e]-[0x11][0xb9][0xc][0x91][0x12][0xa1][0xc9][0x3][[0xbf][0x3][0x92]H[0x11][0x1]hl[0x1][0x1a]d[0x86][0x7] [0xbe][0xd5],[0xa0]b[\n]"
12:44:22.194 [main] DEBUG org.apache.http.wire -  << "[0xea]-[0xa4][0xc8][0x82]TB[0xd8][0x13]=[0xac][0x18]GXgn[\n]"
12:44:22.194 [main] DEBUG org.apache.http.wire -  << "[0x1a][0x0][0x83][[0x87]{[0xe9][0x87][0xb1][0x1]h@[0x3]n[0x1d]b[0xca][0x2][0x16]38[0xba][0xc1][0xe8][\r][0x8]3[0xd4][0x19][0x19][0xdc][0xfe]360@dj$[0xff]A[0xa3][\r]{[0x83][0x16]=4M[0xcc][0x88][0xec][0xdf][0x1b][0x1b][0x80][0xda]5X[0xbc][0x7]1[0x11]G[0xaf][0x0][0xda]"D[0x4][0xa7][0x91][0x99][0x11]q[\r]1cp[0x9e][0x84][0xda][0x7]i>[0xc3][0x3][0x12][0xfb][0xc2]F[0xb4]*[0xdd][0x94][0xc8][0x14]il`[0x80][0x94][0xcf][0x90]Z[0xb3][0x90][0xdc][0x86][0xbd][0x81][0x89][0xd4][0xaf][0x2][0x0][0x0][0x0][0xff][0xff]"
12:44:22.194 [main] DEBUG org.apache.http.wire -  << "[\r][\n]"
12:44:22.194 [main] DEBUG org.apache.http.wire -  << "6E7[\r][\n]"
12:44:22.194 [main] DEBUG org.apache.http.wire -  << "[0x2][0xaf][0xd7]42[0x0][\r][0xdb][0xc3]S[0x9][0xde]HCt[0x86]a[0xf3][0xc5][0xe0][0x92][0xca]'1[0xb7][0x0][0xa3][0xce][0x5]w[0xc7][0x11][0xa1]ga[\n]"
12:44:22.194 [main] DEBUG org.apache.http.wire -  << "[0xea][0xb5][0xc3][0xad]A[0xaf]y[0x11]5[0xa7]1x~[0x8][0x16]z[0xe0]f,[0xc4];8[0x16][0xdd]a[0xc4][0x93])[0xb1][0xd5][0xa6][0xb1][0x1][0xd2]J[0x1a][0xb4]x[0xc2][0xde][0x8e]E[0xf7][0x13][0xb1][0xe3][0x8][0xc6][0x6]H[0x8b]h`A[0x7]-8[0xb0][\r]dA[0xb]eD[0xe8][0x19][0x81]W[0xe1][0x10][0x17]z[0x88][0xfe][0x14]R[0x81][0x8][0x89]u[0xdc][0xeb][0x83]0l$[0xba]kjl[0x0]Zs[0x3][0x8b]/[0xca]W[0xb4][0xe2]M[0x19][0x88][0x91][[0x9a][0xce]L[0x1b][0x1b][0x18]"[0x8a][0xfa][0x80]`[0x5][0xcc][0x15][0xba][0xe9][0x89][0xb9][0xa9][\n]"
12:44:22.194 [main] DEBUG org.apache.http.wire -  << "[0xa6][\n]"
12:44:22.194 [main] DEBUG org.apache.http.wire -  << "[0xc5]%[0xe0][0xf1]bhV[0xc2][0xdf][0xb8]DI[0xe2][0x88][0x9c][0x4][0xf1][0x88][0xa1][0x11]F[0x6][0x82]/[0x2]F_[0x1]l[0xc]*[0xad][0x89]J[0xb][0xa0][0xa9]&[0xe4][0x98])03[0xc3][0xb0]&9?)1[0x11]D R[0x1b][0x9][0x16] F[0x90][0x9c][0xf3][0x93][0x12][0x15]RJsJ1l[0xc8][0xcc][0xcb]T[0xc8]H[0xcc][0xab]LT(H-[0x2][0xd9][0x94][0x98][0xa7]P[0x90]_[0xc]Z[0x13][0x4][\r]8SKKP[0x85]G[0x9c][0x9f][0x10]5[0x7]-b[0x6]4[0x95][0xb][\r]2[0x9a][0x18][0x8f][0xc8][0x9d]![0x89][0x98]A[0x5][0x8f]s,[0xb][0xbf][\r][\r]0[0x0]Q[0xb][0xa6][0x8c][\r]@[0xf5][0x16][0xd4]O[0x1e][0x5][\n]"
12:44:22.194 [main] DEBUG org.apache.http.wire -  << "a[0x99]e[0xf9][\n]"
12:44:22.194 [main] DEBUG org.apache.http.wire -  << "[0x91]F[0x98][0x9].7573'3;S[0xa1][0xb8] [0xb5]83-3;[0xb1]8S[0xa1]21/]![0xb1] [0x13][0xb4]~[0x11][0x1a][[0xa0][0xe6][0x2][0xb8][0xc5]@\|![0x92]:[0xfd]|[0x8c][0xb4]T[0x81][0xfe]>FZ[0xb6]0[0x0][0x96]#z0%[0xa9][0xc5][0xa0]m[0x18][\n]"
12:44:22.194 [main] DEBUG org.apache.http.wire -  << "[0x5]E[0xf9])[0xa5][0xc9][0xa0][0xec][0x86]:[0x8d][[0x92][0x91]Y[0xac][0x90]Y[0xac]P[0x92][0x91][\n]"
12:44:22.194 [main] DEBUG org.apache.http.wire -  << "S[0xa3][0x90][0x82][0xb4]![0x4][0xbe][0xa5][0x3][0x9c][0xf2][0x88]Lk[0xa0][0xc9]YhZ[0x3][0x97]lf[0x6][0x6][0x6][0x18]%[0x2][0xbe]dnJtI[0x0][0x9a][0xae][0x82]Z50^E4[0xbe][0x6][0xc6]~[0xba][0xd5][0x86][0xa0][0x11]HhH[0x83]#[0x95][0xe4]=+D[0xd7]X[0xa0]&=[0xd4]&[0xfa][0xe7][0x1d][0xa4]u[0x10][0x3][0x12][0xa1]H[0xa3]N[0x3]c?[0xa2]j[0x1d][0x18][0xfb][0x11]e[0x17]dh[\r][0xa3][0xe0]H[0xc3]2[0xea][0x6]/[0xa6][0x88][0x9d][0xf8]26[0x0]M[0xc8]AS[0x19]l[0xe2][0xb][0xdc][0x91][0xc1][0xbe][0x86]-(53935/%[0xb3]X[0xa1]85E!3[0xaf],5[0xaf]$[0xbf](U!3/93[0x5][0xb4][0x11]-[0xb5]D![0xb1][0xb4]$5[0x17]i?[0x18][0xb1]k[0x4][0x8c][\r]@[0xeb][0xe3][0xa1][0x8e][0x19][0x98]PG[0x14]c[0x3][0x90][0xe5][0x10]e[0x18][0xd5]<O[0xdc][0x8a]?c[0x3][0x13]D[0x1b][0x9f][0x90][0xdd][0x88][0xb6]1[0xa8].$[0xb2]*[0x4][0xad][0x9b][0x1b][0xc8][0x88]EZ[0xa5]A[0xc8]4i[\n]"
12:44:22.194 [main] DEBUG org.apache.http.wire -  << " -[0xe0][0xa0][0x9a][0xfd][0xc4][0xc6]-h[0x8b][0x1a][0x91]aOV[0xdc][0x82][0xe6][0xaf][0x88]4[0x9f]6a[0x8b][0xe8]GP-lAI[0x9b][0xe8][0xf0]E[0xc]&S[0xcd]~[0xa2][0xed]F[0x14]X[0x84][0xec]&/niP&[0x91][0x14][0xb6][0x88]r[0x89][0xb6][0xd5] h)[0x16]4[0x11][0xd3][0xd6]"[0xd0][0xbc][0x1][0xd4]"B1F[0x93][0xdc][0x2][0x9a][0xfb][0xa5][0xb6][0xfd][0xc4][0xa6]V[0xd0]<[0x17][0x91]v[0x93][0x95]ZAs[D[0x9a]O[0x9b][0xb0][0xa5]QIDd%[0x8b][0xb4][0xd6][0x87][0xbc][0xae][0x9][0xd1][0xdd]M[0xd0][0xe2];h@[0xd3][0xda]&D[0x1][0x10][0xe1][0x94]_[0xa1]0[0x18]&[0xb4][0x8d][\r][0xcc][0x11]c}[0x3][0x92][0x89][0x91][0xd6]$Q[0xcd]~b3[0xb1]9[0xa2]gB[0xc8]n[0xb2]21[0xd2]"(B[0xe6][0xd3]$[0x13][0x9b][0xd3][0xa0]:[0x7]UyDfb[0xa4][0x85]K[0x3][0xe2]}[0xd0][0xd2][0x7]h[0xd6][0xa6][0x9a][0xfd][0xc4]&-[0xa4][0x5]N[0x84][0xec]&+i[0x81][0xd6][0xfc]Q[0xdb]o[0xa0][0xa8]%[0xda][0x3][? -V![0x14][0xbc][0xb4][0xc8]YF[0xa0][0xad]Z[0xd0][0xe0][0xa7]m[0x1b][0xb]t[0xee][0xe][0xd4]"[0xaa]y[0x94][0xd8]8F:i[0x86][0x90][0xdd]8[0xd3]0[0xbe][0xe5][0x9]H[0xcb]r[0x8][0x99]O[0x8b]H[0x4][0xef][0x97][0xa1]v[0xd8][0x82][0xf2][0x10]q[0xc5][0xa3]!h[0xf4][0x94][0x16][0xd6][0x13][0x19][0xbd][0x86][0xa0][0x8d]d[0x3]j?[\r][0xc6]%[0x89][0xf6];mk~C[0xa4][0xa5])[0x3][0x91][0xb4][\r]A[0xcb][0xc7]h[0x11][0xb7]D&m[0xa4][0x15][0x18][0x3][0xe2]}[0xa4]u[0x19][0xb4]m[0xd4][0x1b][0x82]v/@[0x3][0x9a][0xd6]6!j\Z[0xdb][0x84]h6[0xd2][0xda]&[0xc4][0x98][0xf][0xad]mB[0x8c][0xfe][0xd0][0xda]&D7[0x8f][0xd6]6![0xe6][0xe0]il[0x13][0xfa][0x8a][0x13][0x92]g[\n]"
12:44:22.194 [main] DEBUG org.apache.http.wire -  << "[0x89][0xed][0x8e][0x1b]"5[0xac]h[0xed]'D[0xf5]Ck[0x9b][0x10][0x95][\r][0xad]m[0xa2][~2B[0xe4][0xa7][0x1])[0xe1][0x91][0x16][0xbf]P[0xcd]~b[0x1b][0xf][0xa0][0x1d][0xc][0xd0]2[0x9f][0x90][0xdd]8[0xdb][0xc5]x[0xd6][0xc3][0x19]"[0x9d][0xfd]A[0xe3][0xf4][0x82][0xb4][0xa0][0x86][0x90]Oh[0xd1][0x2]7DZSCU[0xfb][0x89]l[0xa6] -K[0xa0][0xaa][0xf5][0xc4]&$[0xa4][0x95][0x9]4[0x8e]h[0xa4][0xa9]qZ[0xdb][0x84]([0x82]h[0xb0][0xd2][0xce][0x10]i[0xf6][0x13][0xb1][0xaf][0x10][0xba][0xcc][0x15][0xd7][0x9][0x1a][0x81][0xa5][0xa0][0xe5]P[0x88]Sf[0x13][0x8b][0x8b]KsS[0xf3]R[0x12][0x15]Jsr[0x12][0xc9][0x9a][0xde]7D[0x9a][0x5][0xa5]q[0x80]"[0xcd]y[0x6][0x4][0x9b]`[0xac][0x9d]((6QHJ,[0x2]-:DZ[0xc8]Gd[0x6][0x18][0xe0][0xf9]NCSD[0x9b][0x96]j[0x19][0x90][0xd8][0xcc][0x87][0xb4]a[0x9f][0x90][0xdd]d[0x95][0xe2][0xa0]]^D[0xd6][0x12]4)[A{gia?[0x91]Ik[0x80]'[0xb0][0xc][0x91]f[0x90][0x8]E/M[0x82][0x1f][0xb4][0x8f][0x98][0xda][0xc1]Ol[0xd2]F[0x9a][0xd3]"[0xe4]w[0xb2][0x92]6[0xd2][0xfe]xB[0xe6][0xd3]&l[0x11][0x1d][0x1f][0xaa][0xda]Od[0xd2][0xa6][0xd5][0xb4][\n]"
12:44:22.194 [main] DEBUG org.apache.http.wire -  << "[0xb1][0xd1][0xb]:[0xc7][0x0][0x9a][0xb4]hQ[0xc5][0x9a]#u`[0x91]v[0x1f][0x81]w[0xc9][0xe0][0xd8]U[0xe5][0x9f][0x9b][0x7]]FW[0x8][0xaa]k[0x93][0xf3][0xf3][0x8a]S[0xb]K[0x13]KJ[0x8b][0x14][0x92][0xf3][0x8b]@[0xa7][0xbb][0x83][0xe]=O[0xca],V(J[0x4][0x9d]J[0x8f]|[0xb2]<[0xd1]K[0xea][0xc][0xcd][0x11][0xd1]N[0xb]#MWQ[0xa1]J[0xc7][0xb3][0xe3][0xca][0x10]ib[\n]"
12:44:22.194 [main] DEBUG org.apache.http.wire -  << "[0xb2]A[0x9][0xba]i[0x8][0xfb][0xd6].[0xc7][0xd2][0x12][0x85][0xd4][0xe2][0x12][0x85][0x9c][0xc4][0xa4][0xfc][0xa2][0xd2]\[0x85][0xe2][0xc4][0x82][0xcc][0xd4][0xbc][0x92]TD[0xd0][0x82]W)[0x82]V1[0x92][0xb3]R[0xd1][0x10]i[0xaa]*/17[0x11][0xb2]h[0x1c][0xb4]1[0x0]u]y6[0xf4][0xc4][0x84]<[0xb4][0xbd]Al[0xb2]E[0x9a][0xb2][0xa2]I[0xf4]![0xda][0x12][0xd0]}[0xe9][0xd0]=d[0xb8]v[0xc0][0x7][0x83][0xd6]x[0xe6]%[0x82][0xf][0xff]O$/[0xe4][0x10][0x3]e[0xc8][0xfb]|[0xa1][0xbb][0xb2][0xb0]o[\n]"
12:44:22.194 [main] DEBUG org.apache.http.wire -  << "[0xf4]K,)-VH-Q([0xce][0xcc]+![0xcf]VD[0xb][0x9b][0xaa][0xa5][0x1f][0xd1][0xf1]8[0xc0]][0xa4]][0xf1]H[[0xe1]`[0x91][0x8d]m[0xe3]]X~NiAIbIj[0xb1]B[0x9][0xa2][0x1b][0x90]Z[0xa2][0x90]Z[\n]"
12:44:22.194 [main] DEBUG org.apache.http.wire -  << "[0x8e]}[0x85]R[0xf0]J_[0xf2]b[0x3]Q([\r]Hl[0xd0]c&[0x14]_YF[0x8b][0x9]J[0xd0]$[0x1a]rj[0xc4]3[0x89]h[0x88]4I[0x9][0xdb][0x82][0x9][0xda]w[0x8b][0xe3]t[0x4]G[0xd0][0xdd]"y[0xe0][0x8a][0x9][0xbe][0xcc][0xbb][0xb0]4S![0xaf]4[0xb7][0xb0][0x94][0xcc][0xae] =[0xa6]1[0xf1][0x86][0x0]F[0xc1][0x7]=O[0x0][0xc7]a[0x99][0x9e][0xb9][0x5][0xa9])[0x99]%[\n]"
12:44:22.194 [main] DEBUG org.apache.http.wire -  << "E[0xa9][0xa0][0xda][0x4]v[0x1][0xc][0xb8][0xe2][0x6][0xd5][0xda][0x99][0xe0][0xdc][0x0][0xef]"[0x83]k[0x1d][0xf2][0xea]k[0xa4][=[0x6]&k [\n]"
12:44:22.194 [main] DEBUG org.apache.http.wire -  << "J[0xc4][0xc6]~h[0xe1][0x8c][0xfd][0xd4]-[0xa4][0xab]h[0x8a]R[0xb]JS2[0x13][0xf3]R[0x12]S)j[0xb4] [0x9d]d@[0xb3]@[0xc0][0x9b]:[0x10][0xad]9[0x9a][0xd9][0x8f]o0[0x13]4[0xf2][0xf]m[0xac][0xe][0x84][0xfd][0xe0][0xd6][0xe5][0x80][0xda]O[0x83][0xf5]u[0xc8]e#f[0xd8][0x3][0x0][0x0][0x0][0xff][0xff]"
12:44:22.194 [main] DEBUG org.apache.http.wire -  << "[\r][\n]"
12:44:22.194 [main] DEBUG org.apache.http.wire -  << "BE3[\r][\n]"
12:44:22.194 [main] DEBUG org.apache.http.wire -  << "[0x82][0xdd][0xc5]dl[0x84]t[0x1c][0x3][0xa1][0xb0]'[0xa7][0x1f]h[0x4]:cz [0xc3][0x16]t[0xf8]>[0xd4]~[0x9a][0xae][0xc2]1[0xa2][0xd5]t>q[0x1d]N#[0xd0][0xd1][0xda]P[0x12][0x8a]GZ[0xf4][0xb7][0x8d][0x90][0xa6][0xd3]if?[0x9e]2[0xcc][0x8]i[0x92][0x9d]f[0xf6][0xe3][0xcb]G[0xa0]K%[0x6]4[0xfc][0x11][0xfd][0x8c][0x81][0xf1]?[0xa2]"[0xa5]B[0xcf][0x18]oH#j+[0x1a][0xdb]D[0xb7])m#[0xa4][2[0xa8][0xe0]'<mq#[0xa4]S[0xe]h[[0x1e][0x1a]![0x9a][0x9c]T[0xf0][0x12][0xbe][0x4][0x81]tA[0x6][0xad]mB$[0xf2][0xcc][0xbc][0x94][0xfc][0xdc]L[0xcc][0xbb]{[0x12][0xb3]K[0x15][0x8a]K[0xb3][0x13][0x15][0x10][\n]"
12:44:22.195 [main] DEBUG org.apache.http.wire -  << "[0xa0]c FD[0x9f][0x9c]`[0x84]4s[0x8e]0[0x6]u[0xa8][0x85]:[0xf6] e[0xa5][0xc4][0xdc][0xe2][0xd2][0xbc]t[0x85]`#c[0x85][0xd0][0x9c][0x92][0xa2]D[0x8c]Y$[0xa4][0xea][0xdf][0xcc][0x80][0xb8][0xf3][0x95][0x8d][0x8d][0x90][0xe6][0xc1]i[0x1c]7H[0xf3][0xd4][0xc1][0x4][0xfd][0xe2][0x9e][0x98][0x93]XQ[0x89][0xf0][0x11][0xb1][0xad]%[0xa4][0xc9]hZ{[0x87]^[0xb]B[0x8c][0x90][0xcf]m [0x18]p[0x88] 3$>[0x11] [0x1d][0xd7]@[0xeb]PCdPZ[0xdb][0x84][0x18][0xe1][0xa2][0xb5]M[0x88]L[0x1a][0x80][0xe3]<[0xf][0xd0]9;)[0xa9][0xc5][0xd9]E[0x99][0x5][0xc5][0x99][0xe4][0xe][0xbe][0x1a]!-u[0xa0]m[0xd5][0x80][0xb4][0xa6][0x81][0xc6][0x16]!:V4[0xb6][0x8][0xb1]P[0x8c][0xc6][0x16]![0x8a][0x5][0xd4][0x93]\A[0x97][0x8e][0xe1][0x98]y[0x9]K-[0x2]_[0xeb][0xb]9[0xc4][0x0]it[0x13]q[0x8b][0xae]BJfz^fqqfn~19C[0x9c]Ft[<b[0x84]th[0x2][0x8d]3[0x1e][0xd2][0xbd][0x14][0xb4][0xb6][0x89]n[0x85][0x9][0xd2][0xc9][0x7][0xb0]Z[0x12]R[0x17]*8[0x1a][0x93]vZ[0xf][0xd1]gn[0x80]o[0x11][0x82]v[0x8d]h0[0xa9]c[0x84][0xb4][0xdc]g@z>H[0xcb]|[0x6][0xc6]~D[0xd9]30[0xf6]#[0x8a][0xa4][0x81][0xb1][0x1f][0xad][0xa3]A[0xbb]s[0xa7][0x8c][0x90][0xd6][0x3]![0x97][0xbe][0xe0][0x13]d[0xb0][0x1e][0x85][0x9][0x9a]f@4[0x99][0x8c][0xcc]A-!b[0xce]N3BZ[0x19][0x84]|[0x1f][0x4][0xd8]&[0xa2][0xe][0xd1][0x86][0x1c]<I[0x9c]][0x88][0xd2][0x7]v&[0xe]d"[0x1f][0xfb][0xa1]8[0xd0][0x99][0x3][0x84][0xb7]L[\r][0x89]<[0xf2][0xdf][0xd8][0x8]t[0x12]([0xb4]([0x80][0xcd][0xc4][0xc0]N[0xaf][0xc5]q[0xc2]:t[0xce][0xe]a[0x9b][0x85][0x9][0xe8]0^[0xe2]<[0x86][0x98]wC[0xdc]"[0x7]9[0xba][0x16]GU[0x9]]%[0x88][0xb0][0xcd][0xc4][0x14]4[0x80]H[0x94]mHG[0x1d]@f[0xec][0xc1][0x91][0x85]5Y@[0xe6][0xf2][0x11][0xb6][0x18][0x81][0xd7],[0x12]g[0xb][0xa2]I[0x83]|[0xb8]8[0xc4]D\[0xab][0x1b]Q[0x93][0xa1][0xa9]%h:[0x8a]8[0xdb][0x10]e[0xb][0xfc]z[0x1c]h[0x18]a[0xbd][0xb6][0x6][0x12][0xb8][0x8][0x8f][0x19][0x83][0xab]k[0xe2][0xac]B[0x14]#[0xc8]y[0xb][0xea]1[0xec]I[0x11]rj0[0x92]u[0x16][0xa0][0xc2][0x98]8[0xeb][0x10][0xe3]ep[0x9f][0xe1][0xb5][0xb]rd0[0xc2].3[0xa2][0xcf][0xea]5"a[0xad][0x15]M[0xc6]f[0x7]x-[0x96][0x91][0x19]"[0x1f][0x82][0x1b]R4,[0xa1]A%[0x11][0xb4][0x80][0x19][0x90][0xca]h[0x80][0x8f]J0[0xa2][0xc5]Q[0x9][0xe8]S[0xed][0xf8][0xc6][0xe2]H8.[0x81]&I}[0x80][0x8f]S0[0x1a][0xe0]uF[0xe8][0xb][0xd4]h[0x98][0xd5][0x90]W[0xa8][0xd1][0xf4][0xf0]g#[0xa4]Ua[0xb4].?,[0xd0][0x1a][0x93]4[0xdb][0xc5]fdA[0xb7][0xa1]*[0xa4][0xfb]H[0xc0][0xc1]GC?[0xa1][0x15][0xf4][0xb4][0xb3][0x9]iI[0x11]b[0xdd][0x6][0xb4][0xad][0x88][0xab][0x15][0xe4]X[0x94][0x9c][0x91]Y[0x92][0x9a]\[0x92][0xaf][0x0][[0xd1]R[0xc]Z[0xdf][0x97][0xf]^[0x99][0x9a]ZL[0xd6]R;#[0xa4][0xc5]E[0xe0][0xd0][0xa5]a[0x8e][0x3]5[0xdb][0xa0][0x95][0x1b][0xc2][0xd3][0xd0]ke[0xb0][0xaf][0xb][0xf5][0xcb][0xcc][0xc8][0xcc]QHM[0x4]-[0xe]%k\[0xc7][0x92]n[0xf9][0xc1][0x92]n[0xf9][0x1]i[0xb9][0x9]M[0x7][0xeb][0x8c][0x91]NO[0x80][\r][0xb6]8faN[0xac][0xe0];[0x13][0x99][0xe8]Q[0x16]c[0xa4][0x85][0x1c][0xe0]tH[0xb3][0xbc]g[0x8c]|[0xf5][0x4]M[0xb]~c[0xa4]E[\r]4[0xf6][0x13][0xd2][0xf4]=[0xad]mB[0xc][0xe7][0xd3][0xd8]&[0xea]N*[0xe3]i[0xf5][0x19][0x83]n=[0x82][0x16]L[0xc8][0x9d]Rx[0xd7][0x1e][0xdb][0x15]9~[0xa9][0x85][0xa5][0xa9][\n]"
12:44:22.195 [main] DEBUG org.apache.http.wire -  << "e[0x90]e[0xb7][0xc5][0xa0][0x2]J!3[0x5]Z0#[0xef][0xb7][0x3][0x8d][0x84][0x10][0xd3][0xa3]3F[0x9a]4[0xa5]q[0xc0][0xd2]m[0xf3][0xad]1[0xe8][0xd6] h[0xc0][0xd2][0xda]O[0xf4]*[0xe8][0xc1]7[0xa7][0xd0][0xc7]OH[0xf3]L4[0xe]=[0xa4][0xe9][0x8f][0xc1]sn[0x9f]1[0xd2][0x4][0xc6]`r[0x15]b[0xb8]q0[0xb9][\n]"
12:44:22.195 [main] DEBUG org.apache.http.wire -  << "Q,[0xf]&WY[0xea](A[0xf3][0xca]`[0xb9][0xdf][0xd0][0xd8][0x18]4[0xc6]6[0xf8][0x1c][0x85][0x18]>[0x1c]D![0x85][0x18]d[0xa4]q[0x1][0x84]4[0xb0]Nc[0x9b][0x90]N[0xd4][0xa5][0xb5]Mt[0xab][0x92][0x90][0x6]h=[0x2][0x14]r3K[0xf2]1V?[0x81][0x1b][0xe9]%[0xa9]EI[0x89][0xc8][0x17][0xe2][0x98][0x82]t[0x12][0xd5]:[0x19][0xe0]1Xc[0xa4]1X[0xaa][\r][0x8c][0x12][0xb9]j[0xca][0x98][0x84]AY[0xc4][0xf8]:h[0xd4][0x91][0xb8][0xb5][0xcf][0xc6][0x3]<[0xe8]jL[0xab]AWb[0xbd][0x8f][0xc8]'T[0x8b]ZP[0xe8][0x13][0x1d][0xbd][0x88][0x9e];[0xcd][0xec][0xc7][0xb3][0xf4][0x1b]|g;[0xb4]>[0xa2][0x99][0xfd][0xf8]z?H[0x9b][0xa1][0x7][0xc6]~D#a@[0xec]G[0x1a]s[0x1e][0x18][0xfb][0x11]S[0xa2][0x3]c?b[0x92]t`[0xec]G4}[0x6][0xc6]~D[0xf9]C[0xab][0xda][0x13]i[0x8]{[0xf0][0xb4][0xee],[0x10][0xf9][0x8e][\n]"
12:44:22.195 [main] DEBUG org.apache.http.wire -  << "-!c[0x1d]%g[0xe8][0xf6][0xf9][0xd4]b%+[0xe4]MZ[0xc6]H[0x1b]x[0x7][0x8f][0xf7][0x91][0x6][0xbe][0xa1][0xeb]R[0x15]\s[0x12][0xb1]\[0x98][0xe][0xba][0xf8][0x11][0xbc]?[0x12],[0x7]][\r][0xf][0x1a][0x84][0x85]7[0x9c][0xf0][0xfa][0x1d][0x91][0xba]i[0xb0]z[0xcc][0x18]i[0x80][0xdb][0xad][0xb4](/[0xb3][0xa4][0xb4](U!$[0x1f][0xf3]V[[0x84]lJbQ[0xa6][0x82]WjA"x[0x91]<[0xd4]?[0x86][0xa0];[0xe0][0x1e][0xc2]W][0xd0]m[0xa0][0xdb][0x4][0xe9][0xf4]`*$P<~2A[0x1a][0xe9]F[0x84][0x13]-C[0xd1][0x4]i_![0xad][0xfd][0x86]([0xde][0x10][0xab][0x88] +Op[0xac]"r[0xcc][0xc9]L,VH+MOT(E[0x9e]T[0x2][0x1f][0xe7]LL[0x1a]11@[0x8c][0x91]x[0x16]d[0xe4][0xe7][0xa5]*[0x18][0x1a]*[0x98][0x99]([0xa4]'a[0xef][0x98]d$[0x82][0xe]OQ@[0xbf]/[0x96][0xe8][0xd9][0x3][0x13][0xd0][0x86][0xe]h[0x1b][\n]"
12:44:22.195 [main] DEBUG org.apache.http.wire -  << "f[0xa1][0x11]M-D[0x1a][0xda][0x87]YH[[0x1f]"[0x9d]7L'[0xb][0x11][0x5][0x17][0x8d]S[0xa8]![0xc6]0[0x83]9[0x8d][0x92][0x89]!"][0x6]$[0xe6]$[0xfa][0xe4][0xfb][0xe0][0x99][0xce][0xc2][0x92][0x1a]A[0xe3][0xd9][0xf0][0xc][0x80]g[0x9b][0x9a][0x9]moa6[0x1]-[0xea][0x83]&w[0x1a]T*&H[0x1b][0x7][0x9d][0x8a][0x12][0x93]SsR1[0xef]`[0xf5]MLIU[0xc8]OS[0xc8][0xc8]L[0xcf]P(,M[0xcc][0xc9],[0xa9]T(HM,[0xca])Ft[0x82][0x8d]@&[0xc1][0x3][0xc]_[0x9][0x8c]t(.M|[0x84]h[0xe3][0xd2][0xc4]xD^[0xa1][[0x80]![0x8a]u[0xba]Y[0x89][0xc8][0xa7][0xd4][0xb4][0x12]_>B[0x9a][0x99][0xa3][0xa6][0x95]xS"[0xa2][0x8c][0xa0]q[0xb9][0x87][0xb4][0xb9][0x90]F[0x1d][0xf][0x13][0xa4][0xa9]>Z[0x86]_[0xb5][0x92][0xa7][0x8b][0x92][0x95][0xa1][0x91][0x5]RQ[0xee][0x98][0x9c][0x9c]Z\[0x9c]_[0x94][0x99][\n]"
12:44:22.195 [main] DEBUG org.apache.http.wire -  << "*[0x10]Pw[0x96][0xe4]+[0xa4][0xe6]e$[0xe6]%[0xa7]*$[0x16][0x80][\n]"
12:44:22.195 [main] DEBUG org.apache.http.wire -  << "[\r][0x10]S[0xa9][0x16][0xe9]`[0x7][0x13][0xa4][0xfd][0x90][0xc5][0xa9][0x5][0xa9])[0x98][0x5]ubf%H[0x10][0xda][0x80][0x5][0xef][0xa3] [0xaa][0xa8]A[0xda][0x4]I[0xcb]0A[0xf1][0xc][0xa2]|[0xa0][0xb6]g[0xe8]_[0xc][0x80]6[0x1]@+[0x9f]`p[0xcc]([0xf8]d[0x16][0x97][0x14][0x81][0xc7][0x95]Q[0xa3][0x19]*[0x9d][0x3][0x91]V[0xc8]KOM*[0x5][0xd5]$[0xa4]G[0x19]b[0x88][0xe]j&[0xd4]J[0x5][0xa7][0xc4][0x9c]D[0xcc][0xce][0xe]T[0x11][0xaa][0xc5][\n]"
12:44:22.195 [main] DEBUG org.apache.http.wire -  << "I[0x89]y[0xe9][0xe0][0x9a][0xc]j[0xbf])h[0xeb][\r]qI[0x6]Q&[0xd0]-[0xc9] &[0xf4][0xe8]f%b@[0x80]^V"MqCO[0xb4][0x83][0xf6]L[0xb0]-[0xb9][0x8]-QH-*[0xca]/R(JM.-[0x86][0x9c][T[0x90][0xf][0xda][0xf5]WZ[0xac][0x90][0x9b][0x9f][0x3][0xba]5>1[0x15]tH[0xa0]B&[0xe4][0x0]([0xa4]5c[0xc4]w^[0x90].[0xb3]Ft[0x98]|2[0xf3]R[0xf3][0x14][0x9c][0xf2]KJr07[0xcd][0x83][0x8e]/,H-*.[0xc8]L[0xce]L,[0xc9],[0x86].[0x3]QH[0xc9]L.IT([0xc8]/*[0xca]W[0xc8],(.[0xcd]UHE>[0x85][0x8f][0x4]'![0x9a]/t[0x8b][0x19]D[0x91][0x5][0xd9][0xe][0x2][0x9][0x1][0xf7][0x9c][0xfc]2,[0x5][0xba]ZZfrff[0xb1][0x2][0xf2][0xb9][0x98][0x89]y[0x99][0xb9][0x99][0xf0][0x88])[0x86]-[0x96])IUHI[0xcd]I[0xcd][0xcb],[0xc9]$/~[0xe8]_[0xe4]!m[0xda]t[0xcf]/JO[0xcd]/-V[0x80][0xed][0xb6]H,[0xc2][0xe8][0xac][0xf8][0x83][0xce][0x1e][0x3][0xaf][0xd1],[0xcd][0x5][0xdd][0xaf][\r]M[0x2][0xe0]s[0xc6]2[0xf3][0x8b]![0xe7]1*$[0xe6]d[0x16][0x96]f[0xa6]([0x14]g[0x92][0xd7][0xc9]FZ[0x1e][0x81]H[0xa7][0xb0][0xdd]-[0xce][0xf9][0x89][0xa0][0x92][0x16][0xb5]<v-[0x1][0xf5][0xea]3[0x13]K[0x14] kFs3[0xf3]2s[0x13]a'[0xc3])[0x14][0x97][0x16]'g[0x16][0x90][0xeb][0x1a]D[0x11][0x89][0xbc][0xe3]+<??G!8#[0xb3][0x8][0xab]k@g~B[0x97]P[0x95]d&[0x95][0x16]+[0x14][0xe4]$&[0xa7]&[0x96]([0xa4][0x92][0x19]$[0x88]B[0x93][0xc6]m7P[0xd5][0x1][0xad][0x4][0x15]0[0xe2][0x1f]<[0xd9]J[0xf1][0x98][0x6][0xd2][0xa9][0xe8]dy[0x86][0xc8][0xf9]/[0x13][0xa4][0x13][0xd2][0xc9][0xb2][0x87][0xf8]Q[0x1a][0xa4][0xb3][0xd0][0xe9]U[0x8c]!my[0xa4][0x9b][0x95][0x88][0xc6][\n]"
12:44:22.195 [main] DEBUG org.apache.http.wire -  << "[0xdd][0xac]Dd>[0xba]YI[0xbf][0xac][0x86]h[0x96][0xd0]8}"o[0x81][0x84][0xac][0xc][0xc6][0xbc][0xc0][0x16]_[0xde]6A[0x99][0x15]@[0xef]d[0xc2]:I[0xa6]H[\r][0xc][0xf7][0xc4][0xdc]L[0xf0][0xb4][0x2]jA[0xed][0x96]_[0xa4][0x0]Y[0xdb][0xad]PPZT[0x90]_[0x9c]Z[0x8c][0xda];[0xa2][0xdb]*[0x16][0x13][0xa4][[0xa0]i[0x1d][0xfa]H-[0xe]H[0xe8][0x9b][0xd2][0xa8]d5C[0xb4] h[0xed]'[0xc4][0x90][0x9][0xad]mB[0x94]:P[0x9b][0x6]m[0xda]E[0x14]V8][0x8a][0x18]B[0xc4]W[0x8b]Q5Ga[0x94]g[0x83]6[0xfc]0[0xca]CL[0x97][0xd2]?[0xfc][0x90][0x16]IAc[0x95]V[0xb9][0x17]i[0xb9][0x94]_bq[0xa6][0x82]Kbi[0x9e][0x82]WjQ)[0xe6][0x81][0xee]`[0xf9][0xf2][0xd4][0xbc][0xc4][0xec]l[0x85][0x92][0xd4][0xbc][0xc4]<[0x85][0xdc][0xd2][0xa2][0xdc]TP[0x8b][0x1d]:[0x6]`h[0x89][0xff]X3X[0x12][0xb3]@:[0xe4]69?[0xaf]$?C7[0x19]1[0xdd][0xad][0xa3][0x84]V~'[0x16]gd[0xe6][0xe7]%&[0xe5][0xa4][0xa2][0x96][0xdb]HK[0xad][0xc0]nC[0xb8]]![0xb1]21W!=[0xbf]([0x15]K}[0x0]VK% [0xd2]9a`[0xaa]@[0x19][0xa3]C[0xda]-K[0xeb]8[0xa7][9[0x8a]t[0xf3][0x4][0xad][0xfd][0x84][0x91][0x8f]i[0x95]c[0xe8][0xb6][0xd5][0xd5][0x4]i[0xab]+[0xc1]e[0xe8][0xf4]*[0xd9][0x91][0xf6][0xc4][0xe2]p[0x13][0xa2][0xb9][0x85](7[0xe9][0xd7][0x96]C:[0xec]p[0xba][0x8f]n[0xe9][0x14]iW,[0x8e][0x90][0x18][0x88][0xf8]AZ(4[0x98]\E[0xb7][0xd6]2[0xd2][0x12]#[0xec][0xab][0xb7][0x6]6[0xfb] [0xad]G[0xc2][0xee][0xbc][0x1]I3[0x88]Z[0x16][0xbb][0xa3][0x6]4[0xcc]L[0x91]VVaw[0xde][0x0][0x84][0x99])[0xd2]",[0xda][0xd6][0xbc][0xa6]H[0x8b][0xaf][0xb0]{[0x80]c[0x7][0xd1][0xd8][0xc1][0xee][0xbc][0x1][0x89][0x1d][0x8c][0xfe]%[0x8d]Z+[0xe0]s[0x89][0xa0]C[0xab][0xd8][0xbd]?[0xb0][0xb1][0x83][0xb4][0xf2][0xb][0xbb][0xf3][0x6]"v[0x90]V[0x87]aw[0xd4][0x0][0x87][0x19][0xa2][0xb2][0xc2][0xee][0xbc][0x1][0x9]3z[0x8d][0x2][0x99]"[0xad][0x8a][0xa0]q[0xc9]fH[0xb7]\[0x8a][0xb4][0x94][0x8e][0xd6]~B[0xd4][0xa5]4[0xb6][0x9][0xb4]Z[\r]Z[0xf2][0xd0][0xda]&[0xc4][0x84].[0xad]m[0xa2][*[0xa7][0xdb]9[0xf6][0xa6]H[0xab][0xc2]h[0x1d]z[0x18]c[0x95][0xb4][0xaa][0xf5][0x90]n{[0xa7][0xb5][0x9f][0xe8][0xd5][0x9f]3EZ}Fc?![0xad][0x16][0xa3][0xb5]M[0x88][0x9c][0x8b][0xbd]*[0x1b][0xd8][0x9a][0xd6][0x18][0x91][0xdd][0xb1];o jZ[0xe4][0x15]c4[0x9d][0xd9]15[0xa6][[0xfd]g[0x8c]([0x19]<[0x2][0x14][0x9c][0xf3][0x8b]R[0x15]2[0x15]0[0xb][0x87][0x9c][0xd4][0x82][0x92][0xfc][0x2][0x5][0x8c][0x9d][0xd7][0x96] @[0xdc][0x6]YSc[0xba]U[0x80]H[0xcb][0xb1][0xe8][0xb6][0x15][0xf]6[0xc2]n[0x8a]t[0x3][0x15]|[0x13][0xe][0xc6][0x4]`[0x1a][0xb6][0x99]Q[0xd8]u`F[0xa6][0x6][0x88][0xae][0x13][0x89]f -[0xd7]D[0x9e][0xa0][0xa5]Z0[0x10]5[0xda]9[0x88][0x82][0x0]Q[0xcc][0x11][\n]"
12:44:22.195 [main] DEBUG org.apache.http.wire -  << "[0x2]D[0x89][0x2][0xda]u[0x8d]'M[0xf][0xc6][0x98]FtL[0x8]y[0x93][0x16][0xe7]}[0x9a]"[0x1d][0xbc]CU[0xfb]i[0x1b][0xb](y[0x5]Q[0xe2]R[0xd5][0x7]C-[0xbf] [0xca]h[0x9a][0x5][0x3][0xfa]![0x2][0x83]1?![0xda][0x96]4[0xb][0x6][0x9c][0xeb]j[0x6]O[0xe9][0x89][0xb4]:pD[0x7][0xc3][0x0][0x9c]l0[0x8]3[0x5][0xd2]B[0xce][0x11][0x9d][0x1a][0x6][0xa0][0xae][0x1d][0x8c][0xa9][0x1][0xd1]C[0x1b][0xd1][0xa9][0x1][0xd1]R[0x1f][0xd1][0xc1][0x80]h>[0xc1][0x6].LM1[0xbb][0x91][0xf8]V[0x9d][0x12][0xbd][0xfe][0xda][0xd4][0x14][0xd1]g[0xa5][0xee]64S[0xa4][0xf3][0xdb]<[0xf3]JRsr2[0xd3]S[0xf3]J[0x14][0x82]KRSA[0xcb][0xff][0xf3][0xb1]l[0x19][0xf1]L[0x1]m[0x1b].[0xce]T[0x0][0xdd]U_[0xac][0x0][0xbe][0x9c][0xbd][0xb0]4[0xb1][0x98][0xac]M![0xa6][0xa6][0x88][0x86][0x7],[0x1c]1[0xfa][0x8e][0xd4][0x9]D[0xcc]E[0xc2][0xd4][0x8d][0xae][0xd8]Z.[0x0][0x0][0x0][0x0][0xff][0xff]"
12:44:22.195 [main] DEBUG org.apache.http.wire -  << "[\r][\n]"
12:44:22.195 [main] DEBUG org.apache.http.wire -  << "A[\r][\n]"
12:44:22.195 [main] DEBUG org.apache.http.wire -  << "[0x3][0x0][0xf2]B[0xf6][0x1e][0x15][0xe5][0x0][0x0]"
12:44:22.195 [main] DEBUG org.apache.http.wire -  << "[\r][\n]"
12:44:22.196 [main] DEBUG org.apache.http.wire -  << "0[\r][\n]"
12:44:22.196 [main] DEBUG org.apache.http.wire -  << "[\r][\n]"
12:44:22.196 [main] DEBUG io.restassured.internal.RestAssuredHttpBuilder - Parsed data to instance of: class org.apache.http.conn.EofSensorInputStream
12:44:22.199 [main] DEBUG org.apache.http.impl.conn.BasicClientConnectionManager - Releasing connection org.apache.http.impl.conn.ManagedClientConnectionImpl@54ad5fce
12:44:22.199 [main] DEBUG org.apache.http.impl.conn.BasicClientConnectionManager - Connection can be kept alive indefinitely
12:44:22.227 [main] DEBUG net.thucydides.core.steps.StepInterceptor - STEP DONE: I send HTTP GET request
  &amp#27;[32mWhen &amp#27;[0m&amp#27;[32mI send GET HTTP request&amp#27;[0m                  &amp#27;[90m# starter.stepdefinitions.UserSteps.iSendGETHTTPRequest()&amp#27;[0m
12:44:22.233 [main] DEBUG net.thucydides.core.steps.StepInterceptor - STARTING STEP: UserSteps.iReceiveValidHTTPResponseCode404 - I receive valids HTTP response code 404
  &amp#27;[31mThen &amp#27;[0m&amp#27;[31mI receive valid HTTP response code 404&amp#27;[0m   &amp#27;[90m# starter.stepdefinitions.UserSteps.iReceiveValidHTTPResponseCode404()&amp#27;[0m
      &amp#27;[31mjava.lang.AssertionError: 1 expectation failed.
Expected status code <404> but was <200>.

	at java.base/jdk.internal.reflect.NativeConstructorAccessorImpl.newInstance0(Native Method)
	at java.base/jdk.internal.reflect.NativeConstructorAccessorImpl.newInstance(NativeConstructorAccessorImpl.java:62)
	at java.base/jdk.internal.reflect.DelegatingConstructorAccessorImpl.newInstance(DelegatingConstructorAccessorImpl.java:45)
	at java.base/java.lang.reflect.Constructor.newInstanceWithCaller(Constructor.java:500)
	at java.base/java.lang.reflect.Constructor.newInstance(Constructor.java:481)
	at org.codehaus.groovy.reflection.CachedConstructor.invoke(CachedConstructor.java:73)
	at org.codehaus.groovy.reflection.CachedConstructor.doConstructorInvoke(CachedConstructor.java:60)
	at org.codehaus.groovy.runtime.callsite.ConstructorSite$ConstructorSiteNoUnwrap.callConstructor(ConstructorSite.java:86)
	at org.codehaus.groovy.runtime.callsite.AbstractCallSite.callConstructor(AbstractCallSite.java:277)
	at io.restassured.internal.ResponseSpecificationImpl$HamcrestAssertionClosure.validate(ResponseSpecificationImpl.groovy:512)
	at io.restassured.internal.ResponseSpecificationImpl$HamcrestAssertionClosure$validate$1.call(Unknown Source)
	at io.restassured.internal.ResponseSpecificationImpl.validateResponseIfRequired(ResponseSpecificationImpl.groovy:696)
	at io.restassured.internal.ResponseSpecificationImpl.this$2$validateResponseIfRequired(ResponseSpecificationImpl.groovy)
	at jdk.internal.reflect.GeneratedMethodAccessor155.invoke(Unknown Source)
	at java.base/jdk.internal.reflect.DelegatingMethodAccessorImpl.invoke(DelegatingMethodAccessorImpl.java:43)
	at java.base/java.lang.reflect.Method.invoke(Method.java:564)
	at org.codehaus.groovy.runtime.callsite.PlainObjectMetaMethodSite.doInvoke(PlainObjectMetaMethodSite.java:43)
	at org.codehaus.groovy.runtime.callsite.PogoMetaMethodSite$PogoCachedMethodSiteNoUnwrapNoCoerce.invoke(PogoMetaMethodSite.java:198)
	at org.codehaus.groovy.runtime.callsite.PogoMetaMethodSite.callCurrent(PogoMetaMethodSite.java:62)
	at org.codehaus.groovy.runtime.callsite.AbstractCallSite.callCurrent(AbstractCallSite.java:185)
	at io.restassured.internal.ResponseSpecificationImpl.statusCode(ResponseSpecificationImpl.groovy:135)
	at io.restassured.specification.ResponseSpecification$statusCode$0.callCurrent(Unknown Source)
	at io.restassured.internal.ResponseSpecificationImpl.statusCode(ResponseSpecificationImpl.groovy:143)
	at io.restassured.internal.ValidatableResponseOptionsImpl.statusCode(ValidatableResponseOptionsImpl.java:89)
	at MiniprojectApi@1.0-SNAPSHOT/starter.user.NGetAllProduct.lambda$iReceiveValidHTTPResponseCode404$0(NGetAllProduct.java:22)
	at net.serenitybdd.rest.SerenityRest.restAssuredThat(SerenityRest.java:626)
	at MiniprojectApi@1.0-SNAPSHOT/starter.user.NGetAllProduct.iReceiveValidHTTPResponseCode404(NGetAllProduct.java:22)
	at MiniprojectApi@1.0-SNAPSHOT/starter.user.NGetAllProduct$ByteBuddy$T6rU2pu4.iReceiveValidHTTPResponseCode404$accessor$SNdTGYJw(Unknown Source)
	at java.base/jdk.internal.reflect.NativeMethodAccessorImpl.invoke0(Native Method)
	at java.base/jdk.internal.reflect.NativeMethodAccessorImpl.invoke(NativeMethodAccessorImpl.java:62)
	at java.base/jdk.internal.reflect.DelegatingMethodAccessorImpl.invoke(DelegatingMethodAccessorImpl.java:43)
	at java.base/java.lang.reflect.Method.invoke(Method.java:564)
	at net.thucydides.core.steps.StepInterceptor.invokeMethod(StepInterceptor.java:503)
	at net.thucydides.core.steps.StepInterceptor.executeTestStepMethod(StepInterceptor.java:483)
	at net.thucydides.core.steps.StepInterceptor.runTestStep(StepInterceptor.java:457)
	at net.thucydides.core.steps.StepInterceptor.runOrSkipMethod(StepInterceptor.java:209)
	at net.thucydides.core.steps.StepInterceptor.testStepResult(StepInterceptor.java:196)
	at net.thucydides.core.steps.StepInterceptor.intercept(StepInterceptor.java:84)
	at net.thucydides.core.steps.ProxyConfiguration$InterceptorDispatcher.intercept(ProxyConfiguration.java:51)
	at MiniprojectApi@1.0-SNAPSHOT/starter.user.NGetAllProduct$ByteBuddy$T6rU2pu4.iReceiveValidHTTPResponseCode404(Unknown Source)
	at MiniprojectApi@1.0-SNAPSHOT/starter.stepdefinitions.UserSteps.iReceiveValidHTTPResponseCode404(UserSteps.java:40)
	at âœ½.I receive valid HTTP response code 404(file:///C:/Users/Lenovo/IdeaProjects/MiniProject/MiniprojectApi/src/test/resources/api/user.feature:234)
&amp#27;[0m
12:44:22.253 [main] ERROR  - 
  _____   ___   ___   _____     ___     _     ___   _      ___   ___  
 |_   _| | __| / __| |_   _|   | __|   /_\   |_ _| | |    | __| |   \ 
   | |   | _|  \__ \   | |     | _|   / _ \   | |  | |__  | _|  | |) |
   |_|   |___| |___/   |_|     |_|   /_/ \_\ |___| |____| |___| |___/ 

GET - As admin I cannot get index
-----------------------------------------------------------------------
12:44:22.253 [main] DEBUG  - RELATED ISSUES: 
12:44:22.255 [main] ERROR  -     Test failed at step: I receive valids HTTP response code 404
12:44:22.255 [main] ERROR  -     1 expectation failed.Expected status code <404> but was <200>.
]]></system-out>
  </testcase>
  <testcase name="GET - As admin I can get all orders" classname="User" time="0.49">
    <system-out><![CDATA[
@TC-0035
Scenario: GET - As admin I can get all orders &amp#27;[90m# src/test/resources/api/user.feature:238&amp#27;[0m
12:44:22.282 [main] INFO io.cucumber.core.plugin.SerenityReporter - Running feature from file:///C:/Users/Lenovo/IdeaProjects/MiniProject/MiniprojectApi/src/test/resources/api/user.feature
12:44:22.282 [main] WARN io.cucumber.core.plugin.SerenityReporter - Feature from file:///C:/Users/Lenovo/IdeaProjects/MiniProject/MiniprojectApi/src/test/resources/api/user.feature is not under the 'features' directory. Requirements report will not be correctly generated!
12:44:22.289 [main] INFO  - 
  _____   ___   ___   _____     ___   _____     _     ___   _____   ___   ___  
 |_   _| | __| / __| |_   _|   / __| |_   _|   /_\   | _ \ |_   _| | __| |   \ 
   | |   | _|  \__ \   | |     \__ \   | |    / _ \  |   /   | |   | _|  | |) |
   |_|   |___| |___/   |_|     |___/   |_|   /_/ \_\ |_|_\   |_|   |___| |___/ 

GET - As admin I can get all orders(user;get---as-admin-i-can-get-all-orders)
--------------------------------------------------------------------------------
12:44:22.433 [main] DEBUG net.thucydides.core.steps.StepInterceptor - STARTING STEP: UserSteps.iSetGETApiEndpointsAllOrders - I set the GET api endpoints all orders
12:44:22.434 [main] DEBUG net.thucydides.core.steps.StepInterceptor - STEP DONE: I set the GET api endpoints all orders
  &amp#27;[32mGiven &amp#27;[0m&amp#27;[32mI set GET api endpoints all orders&amp#27;[0m    &amp#27;[90m# starter.stepdefinitions.UserSteps.iSetGETApiEndpointsAllOrders()&amp#27;[0m
12:44:22.440 [main] DEBUG net.thucydides.core.steps.StepInterceptor - STARTING STEP: UserSteps.iSendGETHTTPRequest - I send HTTP GET request
12:44:22.442 [main] DEBUG net.thucydides.core.steps.StepInterceptor - STARTING STEP: GetAllProduct.iSendGETHTTPRequest - I set the GET api endpoints
12:44:22.442 [main] DEBUG net.thucydides.core.steps.StepInterceptor - STEP DONE: I set the GET api endpoints
12:44:22.454 [main] DEBUG org.apache.http.impl.conn.BasicClientConnectionManager - Get connection for route {s}->https://altashop-api.fly.dev:443
12:44:22.454 [main] DEBUG org.apache.http.impl.conn.DefaultClientConnectionOperator - Connecting to altashop-api.fly.dev:443
12:44:22.533 [main] DEBUG org.apache.http.client.protocol.RequestAddCookies - CookieSpec selected: ignoreCookies
12:44:22.533 [main] DEBUG org.apache.http.client.protocol.RequestAuthCache - Auth cache not set in the context
12:44:22.533 [main] DEBUG org.apache.http.client.protocol.RequestTargetAuthentication - Target auth state: UNCHALLENGED
12:44:22.533 [main] DEBUG org.apache.http.client.protocol.RequestProxyAuthentication - Proxy auth state: UNCHALLENGED
12:44:22.533 [main] DEBUG org.apache.http.impl.client.DefaultHttpClient - Attempt 1 to execute request
12:44:22.533 [main] DEBUG org.apache.http.impl.conn.DefaultClientConnection - Sending request: GET /api/products HTTP/1.1
12:44:22.533 [main] DEBUG org.apache.http.wire -  >> "GET /api/products HTTP/1.1[\r][\n]"
12:44:22.533 [main] DEBUG org.apache.http.wire -  >> "Accept: */*[\r][\n]"
12:44:22.533 [main] DEBUG org.apache.http.wire -  >> "Host: altashop-api.fly.dev[\r][\n]"
12:44:22.533 [main] DEBUG org.apache.http.wire -  >> "Connection: Keep-Alive[\r][\n]"
12:44:22.533 [main] DEBUG org.apache.http.wire -  >> "User-Agent: Apache-HttpClient/4.5.13 (Java/14.0.2)[\r][\n]"
12:44:22.533 [main] DEBUG org.apache.http.wire -  >> "Accept-Encoding: gzip,deflate[\r][\n]"
12:44:22.533 [main] DEBUG org.apache.http.wire -  >> "[\r][\n]"
12:44:22.533 [main] DEBUG org.apache.http.headers - >> GET /api/products HTTP/1.1
12:44:22.533 [main] DEBUG org.apache.http.headers - >> Accept: */*
12:44:22.533 [main] DEBUG org.apache.http.headers - >> Host: altashop-api.fly.dev
12:44:22.533 [main] DEBUG org.apache.http.headers - >> Connection: Keep-Alive
12:44:22.533 [main] DEBUG org.apache.http.headers - >> User-Agent: Apache-HttpClient/4.5.13 (Java/14.0.2)
12:44:22.533 [main] DEBUG org.apache.http.headers - >> Accept-Encoding: gzip,deflate
12:44:22.699 [main] DEBUG org.apache.http.wire -  << "HTTP/1.1 200 OK[\r][\n]"
12:44:22.699 [main] DEBUG org.apache.http.wire -  << "content-type: application/json[\r][\n]"
12:44:22.699 [main] DEBUG org.apache.http.wire -  << "date: Sat, 06 May 2023 05:53:08 GMT[\r][\n]"
12:44:22.699 [main] DEBUG org.apache.http.wire -  << "transfer-encoding: chunked[\r][\n]"
12:44:22.699 [main] DEBUG org.apache.http.wire -  << "content-encoding: gzip[\r][\n]"
12:44:22.699 [main] DEBUG org.apache.http.wire -  << "server: Fly/3f2597ca (2023-05-03)[\r][\n]"
12:44:22.699 [main] DEBUG org.apache.http.wire -  << "via: 1.1 fly.io[\r][\n]"
12:44:22.699 [main] DEBUG org.apache.http.wire -  << "fly-request-id: 01GZQSY15FW7T7HHJX2EY8E1P8-sin[\r][\n]"
12:44:22.699 [main] DEBUG org.apache.http.wire -  << "[\r][\n]"
12:44:22.700 [main] DEBUG org.apache.http.impl.conn.DefaultClientConnection - Receiving response: HTTP/1.1 200 OK
12:44:22.700 [main] DEBUG org.apache.http.headers - << HTTP/1.1 200 OK
12:44:22.700 [main] DEBUG org.apache.http.headers - << content-type: application/json
12:44:22.700 [main] DEBUG org.apache.http.headers - << date: Sat, 06 May 2023 05:53:08 GMT
12:44:22.700 [main] DEBUG org.apache.http.headers - << transfer-encoding: chunked
12:44:22.700 [main] DEBUG org.apache.http.headers - << content-encoding: gzip
12:44:22.700 [main] DEBUG org.apache.http.headers - << server: Fly/3f2597ca (2023-05-03)
12:44:22.700 [main] DEBUG org.apache.http.headers - << via: 1.1 fly.io
12:44:22.700 [main] DEBUG org.apache.http.headers - << fly-request-id: 01GZQSY15FW7T7HHJX2EY8E1P8-sin
12:44:22.700 [main] DEBUG org.apache.http.impl.client.DefaultHttpClient - Connection can be kept alive indefinitely
12:44:22.700 [main] DEBUG io.restassured.internal.RestAssuredHttpBuilder - Parsing response as: application/json
12:44:22.700 [main] DEBUG org.apache.http.wire -  << "68C[\r][\n]"
12:44:22.700 [main] DEBUG org.apache.http.wire -  << "[0x1f][0x8b][0x8][0x0][0x0][0x0][0x0][0x0][0x4][0xff][0xaa]VJI,IT[0xb2][0x8a][0xae]V[0xf2]tQ[0xb2]24[0xb2][0xb0]0[0xd7]Q[0xf2]K[0xcc]MU[0xb2]Rr[0xcd][0xcb]/[0xca][0xcd]/-Vp[0xce]/)[0xc9][0xcf]Sp[0xce][0xcf]-(-I-R[0xd2]QrI-N.[0xca],([0xc9][0xcc][0xcf]S[0xb2]R[\n]"
12:44:22.700 [main] DEBUG org.apache.http.wire -  << "-Q[0xc8]KMN-.[0xce],I,[0xc9]L*-V([0xcb],ILU[0xc8],-JUH[0xc9][0xcf][0xc9]/J-V(J-H[0xcd][0xc9]I[0xcd]K)-V([0xce][0xcc][0xcd][0xcc][0xc9],,M[0xd5]S[0xd2]Q[\n]"
12:44:22.700 [main] DEBUG org.apache.http.wire -  << "([0xca]LNU[0xb2][0xb2]4[0xd4]Q[\n]"
12:44:22.700 [main] DEBUG org.apache.http.wire -  << "J,[0xc9][0xcc]K/V[0xb2]2[0xd1]QrN,IM[0xcf]/[0xca]L-V[0xb2][0x8a][0x8e][0xad][0xd5]A[0xb8][0xd0][0x2][0xee][0xc2][0x80][0xa2][0xc4][0xe4][0x92][0xcc][0xe4][0xc4][0x1c][0x5][0xdf][0xc4][0xa2][0xa4][0x9c]T[0x85][0x90][0xc4][0xa4][0x9c]T[0xc][0xf7][0x85][0xa4][0xe6][0x16][0xe4][0x17][0x81][0x1d]V\[0x9a]W[0xa2][0x90]X\[0x90]Z[0x94][0x9]r[0x15][0x92][0xfd][0x16]FH[0xf6][0x1b][0xe3][0xb3][0xdf][0x12]nPiqIf[0xb2][0x82]{Qb^fI[0xaa]BpF~j1[0xa6][0xed][0xf9]%[0x89][0xb9][\n]"
12:44:22.700 [main] DEBUG org.apache.http.wire -  << "[0x85][0xa5] [0xfb]S[0x12]s[0x15][0xca]Rs[0x90][0xac]51#[0xd2]ZK[0x3][0xb8][0xb5][0xc1][0xf9]y[0x95][\n]"
12:44:22.700 [main] DEBUG org.apache.http.wire -  << "[0x1][0xc1][0xa6][0x18]V[0x15][0xe4]$V*d$[0x16]+[0xe4][0xe5]+[0xe4]d[0xe6]f[0x96][0x80]\[0x3][\r]_#KK$[0x9b][0xf0][0x5][0xb0][0xa5][0x11][0xdd]l2[0xa6][0xa6]M[0x86]x"[0xcd][0xd2][0x94]n6[0x99][0xc1]mr-J[0xcf][0xcf][0xcb][0xcf][0xcd]LV[0x8][0xcf][0xcf]OI[0xcd]Sp[0xcf][0xc9]/[0xc3][0x92]B[0x82]3s[0xb2][0x11][0x19][0xc1][0xd8][0xd2][0x18]9M[0x98][0xe2][0xf3][0x15]"[0xb3][0xba][0xe7][0x17][0xa5][0xa7][0x82]2+[0xc8]0\[0x16]A22[0xc2]*3[0xb]Cc[0xa4]Da[0x80][0xcf]*D[0xae]sL-[0xca]O[0xa9][0xcc]K[0x4]y[0xc][0x9a][0xef][0x82]32[0x8b]J0[0x92][0xa3]gQ~[0x1e][0xc2]2[0xb][0x13]S[0xe4],[0x86][0xd7]_[0x88],[0xe6]RZ[0x4][0xca][0xd3][0xf0]<[0xe6][0x94][0x98][0x8e]a[0x8f]s~^rQj[0x9]([0xe3]C[0x13][0xbb][0xb1][0x85][0xa1][0x1][0x92][0xc7][0xf0][0xa4]vK[0x3]D[0xbe][0x82][0x87]a@bAj[0x11][0xee][0xf2][0xe][0x12][0x9b][0x8][0x9f][0x99][Z[0x98][0x10]k[0x1b]U[0xf3][0x16][0x9e][0x8][0xb3]40[0x81][0xa7]C*[0x94][0x17]xb[0xcb][0xd2][0x80][0xaa]y[0xb][0xaf][0x9f][0x10][0x89][0xd0]#5[0xb1][0xac]R[0xc1][0xa5][0xb4][0xa4]R![0xb8]$55G[0xc1]#[0x11]3[0x1][0xa2]G[0x94][0x99][0x81][0xa9]9RD[0xe1][0xb5][\n]"
12:44:22.701 [main] DEBUG org.apache.http.wire -  << "3[0x9]BSEFb&f[0x15][0x8]v[0x3]"E[0x98][0x99][0x1a]"Wg[0xf8],[0x2]%Th[0x85][0xeb]X[0x9e]Z[0x9c][0x9f][0x9b][0xaa][0xe0][0x93][0x9a]X[0x92][0x1]J[0x80]9[0xf9][0xc9][0xa0][0x82][0x1][0xb5][0xb6]E[0xcd]U[0xe6][0x86][0x16]DfaK[0x90][0x93][0xa0]6[0xc1][0xab]v[0xa7][0xa2][0xfc][0xbc][0xaa]T[0xdc]I=[0xa8]4)[0x9]\[0xe3]C3[0x96][0x5][0xd1]%[0x86][0xa5]!"[0xa9]C[0xeb]I[0x9f][0xcc][0xbc][0xd4]<[0x85][0x80][0x9c]DpVE[0xf5][0x15][0xba]E[0xc6][0x86]&[0xa6]DF[0x15][0xa8][0xc][0x83][0xfa][0xcb]75%3?[0xb9][0x8][0xe4]!H[0x91][0xa0][0xe0][0x8c]5[0xc][0xc1].AD[0x97][0x89][0x99]!r[0x91][0x8b]7[0xba][0x90][0xb2]Ue^jQz&[0xb8][0x9][0x0][0x8a][0x14][0x5][0xec][0xa5]`@N"H[0x9][0xc2]6Sc[0xb][0xe4][0xc2][0x9][0xaf]m[0x88][0xac][0x85]\[0xea]B[0xca]q[0x5][0xef][0xbc][0xcc]4P[0xa1][0x87][0x1a][0x92]X[0xec]3%:[0x89] */d[0xfb][0x1c]sJs3[0xf3]Js[0x15][0xb0][0x95][0xbe][0xd0][0xd4][0x8a][0xe4]?Kc[0xa2][0xfd][0x87][0xa8][0xc0][0x90]3tfN[0xb6]BxbNN*f[0x96][0x86]$X[0x84]e[0x96]f[0x6][0x16][0xc4][0xa6][0x13]D[0xe9][0x81][0xd1]p[0xc4]a[0x1b][0x86][0xdf],[0xcc][0xc][0x91][0x8b]z[0xbc]q[0x87](A[0x90][0xc3][0x12]Zc[0xe2][0xb0][0xd0]9[0xbf][0xa0][0x0]9[0xbf]Y[0x9a][0x19]"7[0xdb][0xf0][0xd9]g[0x84][0xa8][0xc8]`[0x5][0x9]4)(8'b[0x96]X[0xe8][0x1]ill@l[0x91]ed[0x8][0xaf]Z`6AJZ\[0xed][0xe]P[0x9b][0x4][0x11]e[0xa6][0xc4][0x97][0xc2]F[0x88]2[0x4]^dA[0xad][0xc2][0x9e][0xd9] [0x92][0x8][0xbb][0xcc][0xcc][0xcd][0x90][0x1b][0x1d]x[0xc3][0xf][0xd1][0x18][0x85][0x17]#[0xe1][0xf9][0xf9]98[0x8a][0x10][0xf4][0xf0]3[0xb5]0!:[0xfc][0x10]e[0x8][0xdc]&[0x88]q8[0xba][0x10][0xe8][0xbe]260%6[0xd1][0x1b]!J[0x10]h)[0xc]Ib8l[0x82][0xa6][0x18]D[0x0][0x1a][0x1b][0x11]]e[0x1a]![\n]"
12:44:22.701 [main] DEBUG org.apache.http.wire -  << "[0xf]*[0xb4]8[0xf0]F[0x15][0xa2][0xd8]@[0xe4]dH[0xf5][0x8c][0xa3][0x19][0x90][0x83][0xf0][0x91][0xa5]%[0xa8][0xca][0x85]w5[0xf1][0xda][0x83](1[0xe0]mCXg[0xf]{5[0x6][0x95]E[0xd8]fnhIl[0x93][0xc3][0x8]Q`x[0xe6][0x95][0xa4][0xe6][0xe4]d[0xa6][0xa7][0xe6][0x95](@S[0x6][0xb6]<[0x8c]a[0x9b][0xa9][0x89])[0xb1][0x15][0x19][0xa8][0x8c][0x86][0xd6][0x9a][0xf0][0xac][0x5]n[0xc5](8[0xe5][0x97][0x94]`[0xe9]E[0x83][0xaa]8[0x84][0xbf][0x8c]-[0xc][0x88][0xad]T[0x8c][0x11][0xc5][0x85]'[0xa8]VN[0xc9][0x4]u[0xd5][0xa1])M[0xc1][0x19]k{[\n]"
12:44:22.701 [main] DEBUG org.apache.http.wire -  << "V[0xe3] ,42 :[0xda][0x8c][0x11][0xa5][0x6]"y@[0x93][0xbd]s>[0x96]v"[0xd4]-[0x8][0xcb],[0xcd]L[0x88][0xad][0xc2][0x8c][0x11][0xc5]FpNjj[0xb6][0x2][0xb8]m[0xa1][0x80][0xd5][0x1e][0xd4]r[0xd0][0xd8][0xd4][0x88][0xe8] D[0x94][0x18]>[0x99][0xe9][0x19]%[0xe5][0xa9] [0x12]6[0xea][0xe1][0x94][0x9a][0x97][0x9c][0x81][0xd1]+[0xc2][0xa8][0xbb]L[0xcd]A[0x5]7Q[0x9][0xdf][0x18]Qj[0xc0]K(hbS[0xf0]N[0xad]L[0xca]O,J[0xc1][0xb0][0x10]TX"[0x82][0xd0][0xc8][0xc8][0x84][0xd8][0x9a][0xb][0xd4][0xdf][0x85]&E[0xe4][0x9a][0x12][0x14]Z[0xb8]m[0x3]gw[0x84]u[0xe6][0x16][0xc4][0xc7][0x18][0xa2][0xf4]@jt@[0x83][0xb]G[0xb9][0x88][0xde]<[0xb5]4[0x2][\r][0x94][0x11][0x17][0x96][0x88]B[0x4][0xc9]:X[0x9f][0x15]WnC[0xb7][0xd0][0xcc][0xc]T[0xbf][0x13]g![0xa2][0x1c][0x81][0x97]Z[0xa0][0xcc]K\[0xed]laAt;[0x0][0x14][0xe2][0xd0]x[0x83]u[0xd3][0xa1][0xb9], 1[0xf]<[0xf6][0x84][0xda]2E[0xaf][0xc6][0x8c]L[0xcd][0x88]-[0xad]@u+[0xd4]*xi[0x5][0x9]"[0x1c][0xad]nht"[0x12][0x88][0xa9][0xa1]1[0xb1]-7[0x13]D[0xf9][0xe1][0x96][0x98]W[0x2]n[0xbe][0xc3][0x86]p[0xb0][0xb5][0x80]1[0x8a][0xf][0xb][0xb][0xa2][[0xdc]&[0x88][0xe2][0x3]Z?[0x83][0xb2][0x11][0x8e]6[0x7][0xc4][0xc7][0x8]?[0x99][0x18][0x82]F[0x5][0x89]J[0x14]&[0x88][0x12]$[0x18][0xa9][0xdf][0x2]+g[0xb1]v[0x9f][0xd1][0xb2][0x98][0x99][0x81]%[0xd1]![0x88](?[0x90][0xab]2p[0x8e][0xc6]>J[\n]"
12:44:22.701 [main] DEBUG org.apache.http.wire -  << "J[0xa0][0x8][0x8f][0x19][0x19][0x10]][0x8f][0x81][0x6]P[0xa1])[0x3][0x11]Y [0xd3][0x14][0xb0]'B4OY[0x98]X[0x10][0xdb]l3A[0x94][0x1b][0xc8][0xf5][0x18]d[0xac][0x88][0x88][0x16][0xb6][0x85][0x11]h[0xac][0x89][0xb8][0xd8]B[0x94][0x19]HV[0x81][0x83][0xf]{[0xbb][0x3]$[0x85][0x8]>3[0x13]Pt[0x13]g[0x13][0xa2][0xb0][0x80]g,XI[0x8f][0xbd]^[0xc1][0xc8][0xc5][0x16][0xa0][0xda][0x82]([0xcb]L1[0xbb]([0xe0][0x98]"[0xdc]h367%[0xb6]61E47[0x10][0x3][0xb0][0xf0][0xe2][0x16][0x9b]U 7 [0x2][0xcf][0xd2][0xc4][0x98]h[0xab][0x10][0x99][\n]"
12:44:22.701 [main] DEBUG org.apache.http.wire -  << "^M[0x82][0xd3][0x17][0x8e]B[0x9][0x96][0xdb][0x10][0x96][0x99][0x9a][0x11][0x9d][0xd0]M[0x11]y[\n]"
12:44:22.701 [main] DEBUG org.apache.http.wire -  << "ZR[0x80]"[0x1d]k[0xc6]E[0xf5][0x90][0x91][0xa5][0x19][0xb1]MP[0x90]c[0xa0][0x99][0x9])[0xdd][0xc1][0xd2]Cxb[0x9][0xb8][0x9d][0x1][0x0][0x0][0x0][0xff][0xff]"
12:44:22.701 [main] DEBUG org.apache.http.wire -  << "[\r][\n]"
12:44:22.701 [main] DEBUG org.apache.http.wire -  << "5EF[\r][\n]"
12:44:22.701 [main] DEBUG org.apache.http.wire -  << "B-[0xd5]1J?3[0x3][0x94][0xe1]P|[\r]lP[0xdf][0x2]j[0x1f][0xbc][0xaa][0x82][\r]n[0xe0]jf[0x80][0x1b][0xa9][0x88][0x10]432#[0xb6]/[0x4][0xea]4AmC[0xf2][0x1d]$[0xc2][0xb0][0x95][0xeb][0x90][0xca][0xc][0xc9]*cc[0xa2][0x3][0x12][0x91][0xad][0x10][0xa5][0x12],[0xfa][0x15][0xb0]g,4[0x8f][0x99][0x9a][0x12][0x9d][0x89][0xcd][0x10][0xf9][\n]"
12:44:22.701 [main] DEBUG org.apache.http.wire -  << "[0xb9]p[0x87][0x86]$[0xf6]!0H[0xb7][0x2][0xe1]9S[0xd4][0x9]"|[0xb1]f[0x86][0xc8]a[0xb0]z[0x1f][0x96]Dp[0x94]N[0xa0][0x11]Z[0x84]U[0xc6][0x86]D[0xf][0x80][0x81]z[0xef][0xd0]([0x83]&zD b[0xef][0xa6]@<[0x8d][0xb0][0xcc][0xc4][0x4]4>HT[0xf1]d[0x86][0xc8]a[0xf0][0xb2][0x10][0x94][0x95]p[0xc][0xb4][0xa1][0x87][0xa0][0x89][0xb1]9[0xb1][0xc9][0x3][0x94]d[0xa1][0xde][0x82][0xdb][0x4]Im8[0x86]GAY[0x1d][0xe1]'[0xb]3[0xa2][0x1b]N[0xe6][0x88][0xa4][0x1][0xb7][0x9]R[0x82]+`[0xcf][0xce][0xb0][0x92][0x12]a[0x9b][0xb1]1[0xd1]C[0xcc][0xe6][0x88][0x96][0x13][0xa4]3[0x4][0x1d][0xed][0xc2]>R[0x89]i[0x95][0xa5]9[0xc8][0xbd]DE[0x96]9[0xa2][0xec]E.[0xe6][0xc1]3[0xd5][0xd8][0xc7][0x86]0[0xad]3[0xb6][0x0][0x15]@[0xc4]Y[0x87]4[0xb8][0x81][0xd4]~[0x82][0x16]~[0xb8]Z[0xf1][0xb0][0xc4][0x8a][0x8]L[0xb][0x3][0xe2][0xa3][0xe][0xd1][0x8][0x80][0xa6]}pb[0xc4][0xde]~[0x82]f@[0x84]E[0xc6]&[0xc6][0xc4][0x96][0x8b][0xa0][0xdc][0x8]M[0x8d][0xc1][0xb9][0x89]99[0xf0][0xc9]6[0xec][0xe1][0x88][0x9e][0xee]-M@sMD[0x85]"[0xa8][0xad][0x5][0xb5][0x9][0xea]%h[0xaa][0xc7]n[0x13]$[0xa1]"[0xf9][0xc9][0x94][0xe8]v5h:[0x1f]j[0x13]r[0xb][0x14][0x16]![0xd8][0xfb][0xe7]0Y[0x84][0x8d][0x16][0xa6][0xa0][0xc2][0x8e]8[0xbf]!Z[0xf2]H[0xfd]<p[0xa1][0x8e][0xa3])[0x8a][0xe1]=[0xe2]S?[0xa8][0x86][0x85]{/[0xb9]([0x15]:[0xa6][0x2]n[0x8b][0xe2][0x18][0xbf]A-B[0x8c][0xcc][0xcd][0x88][0x1d]|[0xb0]@[0x14][0x8b][0xc8][0xdd]sXv[0xc2]5R[0xf]J[0xac][0x88][0x80]4&![0x91] [0xb2][0x1a]j"[0xc1][0xde][0xa0][0x7][0x8f][0xb7] ,2[0xb7][0x0][0x8d][0xa3][0x11][0x11]c[0xc6][0xc6]H[0x1e][0x8b]p[0xf2][0x8f]0[0xc4]h[0xda] L5AY=[0x81]^9[0xc2][0xd6][0xa6][0x98]"uS[0xdd][0x13]s3[0xf3]0[0xe7][0xaa][0xdd][0xf2][0x8b][0x14][0xd2][0xc1]R[\n]"
12:44:22.701 [main] DEBUG org.apache.http.wire -  << "[0x5][0xa5]E[0x5][0xf9][0xc5][0xa9][0xc5]J[0xb5]H[0xcb][,A[0xe3][\n]"
12:44:22.702 [main] DEBUG org.apache.http.wire -  << "[0xd0][0x98]E[0x1e][0xea][0x81][0xe6][0x13][0x1c][0xf5]+[0xca][0x2][0x2][0x13]KP3[0x8e][0x88][0x10]0[0xb2][0xb4]@[0x14]1H-"h[0xdf][0x19]GU[0x4][0xea][0x9f]"[0x2][0xc6][0xc8][0x8][0x94][0xa7][0x89][0xb2][0xc][0xd4]W[0xc5][0xe2]3H.[0xc0]Y[0x1b][0x81][\n]"
12:44:22.702 [main] DEBUG org.apache.http.wire -  << "t[0x84]u[0xe6][0xa6][0xa0][0x16][0x1]q[0xd6]![0xea]"D[0x13][0xc]Z[0x1f]ao[0x80][0xa1][0xa5]$K[0xb][0xa2][0xb3][0x88]%"[0xef][0xc3][0xdb][0xb1]A[0xe0][0xa9]S<[0x3]X[0xe8][0xf3][0x82][0xc6]fF[0xc4][0xe][0x87][0x80]:[0xe2][0xd0][0xa0]D.[0xdd]@Y[0xe][0xeb]d[0xf]4F[0x11][0xe1]hj[0x0][0x9a][0xb5]'.[0x1c][0x11][0xd9][0x1f])[0x8d]@[0xeb][0x1b][0xec][0xb6][0x81][0xe6]y[0x11]v[0x19]Y[0x80][0xda][0xa7][0xc4][0xd9][0x85][0xc8][0xfa][0x90][0x9a][0x8][0x1c]%8[0xda][0xcb][0x98][0xa5][0xb5]1[0xf1][0xc3][0xb6][0xa0]Qyh[0x8]"[0x95][0xd6][0xd0][0xb4][0x88]=[0x97][0xa1]&|[0xb]K[0xa2]'[0x1e]-[0x11][0xb9][0xc][0x91][0x12][0xa1][0xc9][0x3][[0xbf][0x3][0x92]H[0x11][0x1]hl[0x1][0x1a]d[0x86][0x7] [0xbe][0xd5],[0xa0]b[\n]"
12:44:22.702 [main] DEBUG org.apache.http.wire -  << "[0xea]-[0xa4][0xc8][0x82]TB[0xd8][0x13]=[0xac][0x18]GXgn[\n]"
12:44:22.702 [main] DEBUG org.apache.http.wire -  << "[0x1a][0x0][0x83][[0x87]{[0xe9][0x87][0xb1][0x1]h@[0x3]n[0x1d]b[0xca][0x2][0x16]38[0xba][0xc1][0xe8][\r][0x8]3[0xd4][0x19][0x19][0xdc][0xfe]360@dj$[0xff]A[0xa3][\r]{[0x83][0x16]=4M[0xcc][0x88][0xec][0xdf][0x1b][0x1b][0x80][0xda]5X[0xbc][0x7]1[0x11]G[0xaf][0x0][0xda]"D[0x4][0xa7][0x91][0x99][0x11]q[\r]1cp[0x9e][0x84][0xda][0x7]i>[0xc3][0x3][0x12][0xfb][0xc2]F[0xb4]*[0xdd][0x94][0xc8][0x14]il`[0x80][0x94][0xcf][0x90]Z[0xb3][0x90][0xdc][0x86][0xbd][0x81][0x89][0xde][0xaf]22[0x0][\r][0xdb][0xc3]S[0x9][0xde]HCt[0x86]a[0xf3][0xc5][0xe0][0x92][0xca]'1[0xb7][0x0][0xa3][0xce][0x5]w[0xc7][0x11][0xa1]ga[\n]"
12:44:22.702 [main] DEBUG org.apache.http.wire -  << "[0xea][0xb5][0xc3][0xad]A[0xaf]y[0x11]5[0xa7]1x~[0x8][0x16]z[0xe0]f,[0xc4];8[0x16][0xdd]a[0xc4][0x93])[0xb1][0xd5][0xa6][0xb1][0x1][0xd2]J[0x1a][0xb4]x[0xc2][0xde][0x8e]E[0xf7][0x13][0xb1][0xe3][0x8][0xc6][0x6]H[0x8b]h`A[0x7]-8[0xb0][\r]dA[0xb]eD[0xe8][0x19][0x81]W[0xe1][0x10][0x17]z[0x88][0xfe][0x14]R[0x81][0x8][0x89]u[0xdc][0xeb][0x83]0l$[0xba]kjl[0x0]Zs[0x3][0x8b]/[0xca]W[0xb4][0xe2]M[0x19][0x88][0x91][[0x9a][0xce]L[0x1b][0x1b][0x18]"[0x8a][0xfa][0x80]`[0x5][0xcc][0x15][0xba][0xe9][0x89][0xb9][0xa9][\n]"
12:44:22.702 [main] DEBUG org.apache.http.wire -  << "[0xa6][\n]"
12:44:22.702 [main] DEBUG org.apache.http.wire -  << "[0xc5]%[0xe0][0xf1]b[0xe8][0xa2]*[0xfc][0x8d]K[0x94]$[0x8e][0xc8]I[0x10][0x8f][0x18][0x1a]ad [0xf8]"`[0xf4][0x15][0xc0][0xc6][0xa0][0xd2][0x9a][0xa8][0xb4][0x0][0x9a]jB[0x8e][0x99][0x2]33[0xc]k[0x92][0xf3][0x93][0x12][0x13]A[0x4]"[0xb5][0x91]`[0x1]b[0x4][0xc9]9?)Q![0xa5]4[0xa7][0x14][0xc3][0x86][0xcc][0xbc]L[0x85][0x8c][0xc4][0xbc][0xca]D[0x85][0x82][0xd4]"[0x90]M[0x89]y[\n]"
12:44:22.702 [main] DEBUG org.apache.http.wire -  << "[0x5][0xf9][0xc5][0xa0]5A[0xd0][0x80]3[0xb5][0xb4][0x4]Ux[0xc4][0xf9][0x9]Qs[0xd0]"f@S[0xb9][0xd0] [0xa3][0x89][0xf1][0x88][0xdc][0x19][0x92][0x88][0x19]T[0xf0]8[0xc7][0xb2][0xf0][0xdb][0xd0][0x0][0x3][0x10][0xb5]`[0xca][0xd8][0x0]ToA[0xfd][0xe4]Q[0xa0][0x10][0x96]Y[0x96][0xaf][0x10]i[0x84][0x99][0xe0]rSs3s2[0xb3]3[0x15][0x8a][0xb]R[0x8b]3[0xd3]2[0xb3][0x13][0x8b]3[0x15]*[0x13][0xf3][0xd2][0x15][0x12][0xb]2A[0xeb][0x17][0xa1][0xb1][0x5]j.[0x80][[0xc][0xc4][0xc5][0x17]"[0xa9][0xd3][0xcf][0xc7]HK[0x15][0xe8][0xef]c[0xa4]e[0xb][0x3]`9[0xa2][0x7]S[0x92]Z[0xc][0xda][0x86][0xa1]PP[0x94][0x9f]R[0x9a][0xc][0xca]n[0xa8][0x3][0xfe]%[0x19][0x99][0xc5][\n]"
12:44:22.702 [main] DEBUG org.apache.http.wire -  << "[0x99][0xc5][\n]"
12:44:22.702 [main] DEBUG org.apache.http.wire -  << "%[0x19][0xa9]05[\n]"
12:44:22.702 [main] DEBUG org.apache.http.wire -  << ")H[0x1b]B[0xe0][:[0xc0])[0x8f][0xc8][0xb4][0x6][0x9a][0x9c][0x85][0xa6]5p[0xc9]ff``[0x80]Q"[0xe0]K[0xe6][0xa6]D[0x97][0x4][0xa0][0xe9]*[0xa8]U[0x3][0xe3]UD[0xe3]k`[0xec][0xa7][m[0x8][0x1a][0x81][0x84][0x86]48RI[0xde][0xb3]Bt[0x8d][0x5]j[0xd2]Cm[0xa2][0xde]AZ[0x7]1 [0x11][0x8a]4[0xea]40[0xf6]#[0xaa][0xd6][0x81][0xb1][0x1f]QvA[0x86][0xd6]0[\n]"
12:44:22.702 [main] DEBUG org.apache.http.wire -  << "[0x8e]4,[0xa3]n[0xf0]b[0x8a][0xd8][0x89]/c[0x3][0xd0][0x84][0x1c]4[0x95][0xc1]&[0xbe][0xc0][0x1d][0x19][0xec]k[0xd8][0x82]R3[0x93]3S[0xf3]R2[0x8b][0x15][0x8a]SS[0x14]2[0xf3][0xca]R[0xf3]J[0xf2][0x8b]R[0x15]2[0xf3][0x92]3S@[0x1b][0xd1]RK[0x14][0x12]KKRs[0x91][0xf6][0x83][0x11][0xbb]F[0xc0][0xd8][0x0][0xb4]>[0x1e][0xea][0x98][0x81][0x9]uD16[0x0]Y[0xe]Q[0x86]Q[0xcd][0xf3][0xc4][0xad][0xf8]360A[0xb4][0xf1][0x9][0xd9][0x8d]h[0x1b][0x83][0xea]B"[0xab]B[0xd0][0xba][0xb9][0x81][0x8c]X[0xa4]U[0x1a][0xd8][0xfd][0x7][0x0][0x0][0x0][0xff][0xff]"
12:44:22.702 [main] DEBUG org.apache.http.wire -  << "[\r][\n]"
12:44:22.702 [main] DEBUG org.apache.http.wire -  << "5E1[\r][\n]"
12:44:22.702 [main] DEBUG org.apache.http.wire -  << "B[0xec][0xfc][0xa4]IS[0x0]i[0x1][0x7][0xd5][0xec]'6nA[[0xd4][0x88][0xc]{[0xb2][0xe2][0x16]4E[0xa4][0xf9][0xb4][0x9][D?[0x82]ja[0xb]J[0xda]D[0x87]/b0[0x99]j[0xf6][0x13]m7[0xa2][0xc0]"d7yqK[0x83]2[0x89][0xa4][0xb0]E[0x94]K[0xb4][0xad][0x6]AK[0xb1][0xa0][0x89][0x98][0xb6][0x16][0x81][0xe6][\r][0xa0][0x16][0x11][0x8a]1[0x9a][0xe4][0x16][0xd0][0xdc]/[0xb5][0xed]'6[0xb5][0x82][0xe6][0xb9][0x88][0xb4][0x9b][0xac][0xd4][\n]"
12:44:22.702 [main] DEBUG org.apache.http.wire -  << "[0x9a][0xdb]"[0xd2]|[0xda][0x84]-[0x8d]J""+Y[0xa4][0xb5]>[0xe4]uM[0x88][0xee]n[0x82][0x16][0xdf]A[0x3][0x9a][0xd6]6![\n]"
12:44:22.702 [main] DEBUG org.apache.http.wire -  << "[0x80][0x8][0xa7][0xfc][\n]"
12:44:22.702 [main] DEBUG org.apache.http.wire -  << "[0x85][0xc1]0[0xa1]ml`[0x8e][0x18][0xeb][0x1b][0x90]L[0x8c][0xb4]&[0x89]j[0xf6][0x13][0x9b][0x89][0xcd][0x11]=[0x13]Bv[0x93][0x95][0x89][0x91][0x16]A[0x11]2[0x9f]&[0x99][0xd8][0x9c][0x6][0xd5]9[0xa8][0xca]#2[0x13]#-\[0x1a][0x10][0xef][0x83][0x96]>@[0xb3]6[0xd5][0xec]'6i!-p"d7YI[0xb][0xb4][0xe6][0x8f][0xda]~[0x3]E-[0xd1][0xfe][0x1b][0xd8][0xfa][0x1]i[0xb1][\n]"
12:44:22.702 [main] DEBUG org.apache.http.wire -  << "[0xa1][0xe0][0xa5]E[0xce]2[0x2]m[0xd5][0x82][0x6]?m[0xdb]X[0xa0]sw[0xa0][0x16]Q[0xcd][0xa3][0xc4][0xc6]1[0xd2]I3[0x84][0xec][0xc6][0x99][0x86][0xf1]-O@Z[0x96]C[0xc8]|ZD"x[0xbf][0xc][0xb5][0xc3][0x16][0x94][0x87][0x88]+[0x1e][\r]A[0xa3][0xa7][0xb4][0xb0][0x9e][0xc8][0xe8]5[0x4]m$[0x1b]P[0xfb]i0.I[0xb4][0xdf]i[[0xf3][0x1b]"-M[0x19][0x88][0xa4]m[0x8]Z>F[0x8b][0xb8]%2i#[0xad][0xc0][0x18][0x10][0xef]#[0xad][0xcb][0xa0]m[0xa3][0xde][0x10][0xb4]{[0x1][0x1a][0xd0][0xb4][0xb6][0x9]Q[0xe3][0xd2][0xda]&D[0xb3][0x91][0xd6]6![0xc6]|hm[0x13]b[0xf4][0x87][0xd6]6![0xba]y[0xb4][0xb6][0x9]1[0x7]Oc[0x9b][0xd0]W[0x9c][0x90]<SHlw[0xdc][0x10][0xa9]aEk?![0xaa][0x1f]Z[0xdb][0x84][0xa8]lhm[0x13][0xdd][0xf2][0x93][0x11]"?[\r]H[0x9][0x8f][0xb4][0xf8][0x85]j[0xf6][0x13][0xdb]x[0x0][0xed]`[0x80][0x96][0xf9][0x84][0xec][0xc6][0xd9].[0xc6][0xb3][0x1e][0xce][0x10][0xe9][0xec][0xf][0x1a][0xa7][0x17][0xa4][0x5]5[0x84]|B[0x8b][0x16][0xb8]![0xd2][0x9a][0x1a][0xaa][0xda]Od3[0x5]iY[0x2]U[0xad]'6!![0xad]L[0xa0]qD#M[0x8d][0xd3][0xda]&D[0x11]D[0x83][0x95]v[0x86]H[0xb3][0x9f][0x88]}[0x85][0xd0]e[0xae][0xb8]N[0xd0][0x8],[0x5]-[0x87]B[0x9c]2[0x9b]X\\[0x9a][0x9b][0x9a][0x97][0x92][0xa8]P[0x9a][0x93][0x93]H[0xd6][0xf4][0xbe]![0xd2],([0x8d][0x3][0x14]i[0xce]3 [0xd8][0x4]c[0xed]DA[0xb1][0x89]BRb[0x11]h[0xd1]![0xd2]B>"3[0xc0][0x0][0xcf]w[0x1a][0x9a]"[0xda][0xb4]T[0xcb][0x80][0xc4]f>[0xa4][\r][0xfb][0x84][0xec]&[0xab][0x14][0x7][0xed][0xf2]"[0xb2][0x96][0xa0]I[0xd9][\n]"
12:44:22.702 [main] DEBUG org.apache.http.wire -  << "[0xda];K[0xb][0xfb][0x89]LZ[0x3]<[0x81]e[0x88]4[0x83]D(zi[0x12][0xfc][0xa0]}[0xc4][0xd4][0xe]~b[0x93]6[0xd2][0x9c][0x16]![0xbf][0x93][0x95][0xb4][0x91][0xf6][0xc7][0x13]2[0x9f]6a[0x8b][0xe8][0xf8]P[0xd5]~"[0x93]6[0xad][0xa6]U[0x88][0x8d]^[0xd0]9[0x6][0xd0][0xa4]E[0x8b]*[0xd6][0x1c][0xa9][0x3][0x8b][0xb4][0xfb][0x8][0xbc]K[0x6][0xc7][0xae]*[0xff][0xdc]<[0xe8]2[0xba]BP][0x9b][0x9c][0x9f]W[0x9c]ZX[0x9a]XRZ[0xa4][0x90][0x9c]_[0x4]:[0xdd][0x1d]t[0xe8]yRf[0xb1]BQ"[0xe8]Tz[0xe4][0x93][0xe5][0x89]^Rgh[0x8e][0x88]vZ[0xf8][0x1b]i[0xba][0x8a][\n]"
12:44:22.702 [main] DEBUG org.apache.http.wire -  << "U:[0x9e][0x1d]W[0x86]H[0x13]S[0x90][\r]J[0xd0]MC[0xd8][0xb7]v9[0x96][0x96]([0xa4][0x16][0x97]([0xe4]$&[0xe5][0x17][0x95][0xe6]*[0x14]'[0x16]d[0xa6][0xe6][0x95][0xa4]"[0x82][0x16][0xbc]J[0x11][0xb4][0x8a][0x91][0x9c][0x95][0x8a][0x86]HSUy[0x89][0xb9][0x89][0x90]E[0xe3][0xa0][0x8d][0x1][0xa8][0xeb][0xca][0xb3][0xa1]'[0xfe]#[0xe4][0xa1][0xed][\r]b[0x93]-[0xd2][0x94][0x15]M[0xa2][0xf][0xd1][0x96][0x80][0xee]K[0x87][0xee]![0xc3][0xb5][0x3]>[0x18][0xb4][0xc6]3/[0x11]|[0xf8]"y![0x87][0x18](C[0xde][0xe7][0xb][0xdd][0x95][0x85]}S[0xa0]_bIi[0xb1]Bj[0x89]Bqf^[0x9]y[0xb6]"Z[0xd8]T-[0xfd][0x88][0x8e][0xc7][0x1][0xee][0xfa]#[0xed][0x8a]G[0xda][\n]"
12:44:22.702 [main] DEBUG org.apache.http.wire -  << "[0x7][0x8b]ll[0x1b][0xef][0xc2][0xf2]sJ[0xb]J[0x12]KR[0x8b][0x15]J[0x10][0xdd][0x80][0xd4][0x12][0x85][0xd4]Rp[0xec]+[0x94][0x82]W[0xfa][0x92][0x17][0x1b][0x88]Bi@b[0x83][0x1e]3[0xa1][0xf8][0xca]2ZLP[0x82]&[0xd1][0x90]S#[0x9e]IDC[0xa4]IJ[0xd8][0x16]L[0xd0][0xbe][[0x1c][0xa7]#8[0x82][0xee][0x16][0xc9][0x3]WL[0xf0]e[0xde][0x85][0xa5][0x99][\n]"
12:44:22.702 [main] DEBUG org.apache.http.wire -  << "y[0xa5][0xb9][0x85][0xa5]dv[0x5][0xe9]1[0x8d][0x89]7[0x4]0[\n]"
12:44:22.703 [main] DEBUG org.apache.http.wire -  << ">[0xe8]y[0x2]8[0xe][0xcb][0xf4][0xcc]-HM[0xc9],Q(J[0x5][0xd5]&[0xb0][0xb]`[0xc0][0x15]7[0xa8][0xd6][0xce][0x4][0xe7][0x6]x[0x17][0x19]\[0xeb][0x90]W_#[0xdd][0xea]10Y[0x3]QP"6[0xf6]C[0xb]g[0xec][0xa7]n!]ES[0x94]ZP[0x9a][0x92][0x99][0x98][0x97][0x92][0x98]JQ[0xa3][0x5][0xe9]$[0x3][0x9a][0x5][0x2][0xde][0xd4][0x81]h[0xcd][0xd1][0xcc]~|[0x83][0x99][0xa0][0x91]hcu [0xec][0x7][0xb7].[0x7][0xd4]~[0x1a][0xac][0xaf]C.[0x1b][0xf1][0x84][0xbd][0x11][0xd2]q[0xc][0x84][0xc2][0x9e][0x9c]~[0xa0][0x11][0xe8][0x8c][0xe9][0x81][0xc][[0xd0][0xe1][0xfb]P[0xfb]i[0xba][\n]"
12:44:22.703 [main] DEBUG org.apache.http.wire -  << "[0xc7][0x88]V[0xd3][0xf9][0xc4]u8[0x8d]@GkC[0xfd]I([0x1e]i[0xd1][0xdf]6B[0x9a]N[0xa7][0x99][0xfd]x[0xca]0#[0xa4]Iv[0x9a][0xd9][0x8f]/[0x1f][0x81].[0x95][0x18][0xd0][0xf0]G[0xf4]3[0x6][0xc6][0xff][0x88][0x8a][0x94][\n]"
12:44:22.703 [main] DEBUG org.apache.http.wire -  << "=c[0xbc]![0x8d][0xa8][0xad]hl[0x13][0xdd][0xa6][0xb4][0x8d][0x90]n[0xc9][0xa0][0x82][0x9f][0xf0][0xb4][0xc5][0x8d][0x90]N9[0xa0]myh[0x84]hrR[0xc1]K[0xf8][0x12][0x4][0xd2][0x5][0x19][0xb4][0xb6][0x9][0x91][0xc8]3[0xf3]R[0xf2]s31[0xef][0xee]I[0xcc].U(.[0xcd]NT@([0x80][0x8e][0x81][0x18][0x11]}r[0x82][0x11][0xd2][0xcc]9[0xc2][0x18][0xd4][0xa1][0x16][0xea][0xd8][0x83][0x94][0x95][0x12]s[0x8b]K[0xf3][0xd2][0x15][0x82][0x8d][0x8c][0x15]BsJ[0x8a][0x12]1f[0x91][0x90][0xaa]3[0x3][0xe2][0xce]W66B[0x9a][0x7][0xa7]q[0xdc] [0xcd]S[0x7][0x13][0xf4][0x8b]{bNbE%[0xc2]G[0xc4][0xb6][0x96][0x90]&[0xa3]i[0xed][0x1d]z-[0x8]1B>[0xb7][0x81]`[0xc0]![0x82][0xcc][0x90][0xf8]D[0x80]t\[0x3][0xad]C[\r][0x91]Aim[0x13]b[0x84][0x8b][0xd6]6!2i[0x0][0x8e][0xf3]<@[0xe7][0xec][0xa4][0xa4][0x16]g[0x17]e[0x16][0x14]g[0x92];[0xf8]j[0x84][0xb4][0xd4][0x81][0xb6]U[0x3][0xd2][0x9a][0x6][0x1a][[0x84][0xe8]X[0xd1][0xd8]"[0xc4]B1[0x1a][[0x84]([0x16]POr[0x5]]:[0x86]c[0xe6]%,[0xb5][0x8]|[0xad]/[0xe4][0x10][0x3][0xa4][0xd1]M[0xc4]-[0xba][\n]"
12:44:22.703 [main] DEBUG org.apache.http.wire -  << ")[0x99][0xe9]y[0x99][0xc5][0xc5][0x99][0xb9][0xf9][0xc5][0xe4][0xc]q[0x1a][0xd1]m[0xf1][0x88][0x11][0xd2][0xa1][0x9]4[0xce]xH[0xf7]R[0xd0][0xda]&[0xba][0x15]&[0xd0][0x93][0xf][0x0][0x0][0x0][0x0][0xff][0xff]"
12:44:22.703 [main] DEBUG org.apache.http.wire -  << "[\r][\n]"
12:44:22.703 [main] DEBUG org.apache.http.wire -  << "825[\r][\n]"
12:44:22.703 [main] DEBUG org.apache.http.wire -  << "[0x2]][0xe][\r][0xab]%!u[0xa1][0x82][0xa3]1i[0xa7][0xf5][0x10]}[0xe6][0x6][0xf8][0x16]![0xa8][0x9d]4[0x98][0xd4]1BZ[0xee]3 =[0x1f][0xa4]e>[0x3]c?[0xa2][0xec][0x19][0x18][0xfb][0x11]E[0xd2][0xc0][0xd8][0x8f][0xd6][0xd1][0xa0][0xdd][0xb9]SFH[0xeb][0x81][0x90]K_[0xf0][0x9]2X[0x8f][0xc2][0x4]M3 [0x9a]LF[0xe6][0xa0][0x96][0x10]1g[0xa7][0x19]![0xad][0xc]B[0xbe][0xf][0x2]l[0x13]Q[0x87]hC[0xe][0x9e]$[0xce].D[0xe9][0x3];[0x13][0x7]2[0x91][0x8f][0xfd]P[0x1c][0xe8][0xcc][0x1][0xc2][[0xa6][0x86]D[0x1e][0xf9]ol[0x4]:[0x9][0x14]Z[0x14][0xc0]fb`[0xa7][0xd7][0xe2]8a[0x1d]:g[0x87][0xb0][0xcd][0xc2][0x4]t[0x18]/q[0x1e]C[0xcc][0xbb]!n[0x91][0x83][0x1c]][0x8b][0xa3][0xaa][0x84][0xae][0x12]D[0xd8]fb[\n]"
12:44:22.703 [main] DEBUG org.apache.http.wire -  << "[0x1a]@$[0xca]6[0xa4][0xa3][0xe] 3[0xf6][0xe0][0xc8][0xc2][0x9a], s[0xf9][0x8][[0x8c][0xc0]k[0x16][0x89][0xb3][0x5][0xd1][0xa4]A>\[0x1c]b"[0xae][0xd5][0x8d][0xa8][0xc9][0xd0][0xd4][0x12]4[0x1d]E[0x9c]m[0x88][0xb2][0x5]~=[0xe]4[0x8c][0xb0]^[[0x3][0x9]\[0x84][0xc7][0x8c][0xc1][0xd5]5qV![0x8a][0x11][0xe4][0xbc][0x5][0xf5][0x18][0xf6][0xa4][0x8]95[0x18][0xc9]:[0xb]PaL[0x9c]u[0x88][0xf1]2[0xb8][0xcf][0xf0][0xda][0x5]92[0x18]a[0x97][0x19][0xd1]g[0xf5][0x1a][0x91][0xb0][0xd6][0x8a]&c[0xb3][0x3][0xbc][0x16][0xcb][0xc8][0xc][0x91][0xf][0xc1][\r])[0x1a][0x96][0xd0][0xa0][0x92][0x8]Z[0xc0][0xc]He4[0xc0]G%[0x18][0xd1][0xe2][0xa8][0x4][0xf4][0xa9]v|cq$[0x1c][0x97]@[0x93][0xa4]>[0xc0][0xc7])[0x18][\r][0xf0][0xba]?#[0xf4][0x5]j4[0xcc]j[0xc8]+[0xd4]hz[0xf8][0xb3][0x11][0xd2][0xaa]0Z[0x97][0x1f][0x16]h[0x8d]I[0x9a][0xed]b3[0xb2][0xa0][0xdb]P[0x15][0xd2]}$[0xe0][0xe0][0xa3][0xa1][0x9f][0xd0][\n]"
12:44:22.703 [main] DEBUG org.apache.http.wire -  << "z[0xda][0xd9][0x84][0xb4][0xa4][0x8][0xb1]n[0x3][0xda]V[0xc4][0xd5][\n]"
12:44:22.703 [main] DEBUG org.apache.http.wire -  << "r,J[0xce][0xc8],IM.[0xc9]W[0x80][0xad]h)[0x6][0xad][0xef][0xcb][0x7][0xaf]LM-&k[0xa9][0x9d][0x11][0xd2][0xe2]"p[0xe8][0xd2]0[0xc7][0x81][0x9a]m[0xd0][0xca][\r][0xe1]i[0xe8][0xb5]2[0xd8][0xd7][0x85][0xfa]efd[0xe6]([0xa4]&[0x82][0x16][0x87][0x92]5[0xae]cI[0xb7][0xfc]`I[0xb7][0xfc][0x80][0xb4][0xdc][0x84][0xa6][0x83]u[0xc6]H[0xa7]'[0xc0][0x6][[0x1c][0xb3]0'V[0xf0][0x9d][0x89]L[0xf4]([0x8b]1[0xd2]B[0xe]p:[0xa4]Y[0xde]3F[0xbe]z[0x82][0xa6][0x5][0xbf]1[0xd2][0xa2][0x6][0x1a][0xfb][0x9]i[0xfa][0x9e][0xd6]6![0x86][0xf3]il[0x13]u'[0x95][0xf1][0xb4][0xfa][0x8c]A[0xb7][0x1e]A[0xb]&[0xe4]N)[0xbc]k[0x8f][0xed][0x8a][0x1c][0xbf][0xd4][0xc2][0xd2]T[0x85]2[0xc8][0xb2][0xdb]bP[0x1][0xa5][0x90][0x99][0x2]-[0x98][0x91][0xf7][0xdb][0x81]FB[0x88][0xe9][0xd1][0x19]#M[0x9a][0xd2]8`[0xe9][0xb6][0xf9][0xd6][0x18]tk[0x10]4`i[0xed]'z[0x15][0xf4][0xe0][0x9b]S[0xe8][0xe3]'[0xa4]y&[0x1a][0x87][0x1e][0xd2][0xf4][0xc7][0xe0]9[0xb7][0xcf][0x18]i[0x2]c0[0xb9][\n]"
12:44:22.703 [main] DEBUG org.apache.http.wire -  << "1[0xdc]8[0x98]\[0x85]([0x96][0x7][0x93][0xab],u[0x94][0xa0]ye[0xb0][0xdc]ohl[0xc][0x1a]c[0x1b]|[0x8e]B[0xc][0x1f][0xe][0xa2][0x90]B[0xc]2[0xd2][0xb8][0x0]B[0x1a]X[0xa7][0xb1]MH'[0xea][0xd2][0xda]&[0xba]UIH[0x3][0xb4][0x1e][0x1][\n]"
12:44:22.703 [main] DEBUG org.apache.http.wire -  << "[0xb9][0x99]%[0xf9][0x18][0xab][0x9f][0xc0][0x8d][0xf4][0x92][0xd4][0xa2][0xa4]D[0xe4][0xb]qLA:[0x89]j[0x9d][0xc][0xf0][0x18][0xac]1[0xd2][0x18],[0xd5][0x6]F[0x89]\5eL[0xc2][0xa0],b|[0x1d]4[0xea]H[0xdc][0xda]g[0xe3][0x1][0x1e]t5[0xa6][0xd5][0xa0]+[0xb1][0xde]G[0xe4][0x13][0xaa]E-([0xf4][0x89][0x8e]^D[0xcf][0x9d]f[0xf6][0xe3]Y[0xfa][\r][0xbe][0xb3][0x1d]Z[0x1f][0xd1][0xcc]~|[0xbd][0x1f][0xa4][0xcd][0xd0][0x3]c?[0xa2][0x91]0 [0xf6]#[0x8d]9[0xf][0x8c][0xfd][0x88])[0xd1][0x81][0xb1][0x1f]1I:0[0xf6]#[0x9a]>[0x3]c?[0xa2][0xfc][0xa1]U[0xed][0x89]4[0x84]=xZw[0x16][0x88]|G[0x85][0x96][0x90][0xb1][0x8e][0x92]3t[0xfb]|j[0xb1][0x92]U4[0xd2][0xa5][0x91][0xc6]H[0x1b]x[0x7][0x8f][0xf7][0x91][0x6][0xbe][0xa1][0xeb]R[0x15]\s[0x12][0xb1]\[0x98][0xe][0xba][0xf8][0x11][0xbc]?[0x12],[0x7]][\r][0xf][0x1a][0x84][0x85]7[0x9c][0xf0][0xfa][0x1d][0x91][0xba]i[0xb0]z[0xcc][0x18]i[0x80][0xdb][0xad][0xb4](/[0xb3][0xa4][0xb4](U!$[0x1f][0xf3]V[[0x84]lJbQ[0xa6][0x82]WjA"x[0x91]<[0xd4]?[0x86][0xa0];[0xe0][0x1e][0xc2]W][0xd0]m[0xa0][0xdb][0x4][0xe9][0xf4]`*$P<~2A[0x1a][0xe9]F[0x84][0x13]-C[0xd1][0x4]i_![0xad][0xfd][0x86]([0xde][0x10][0xab][0x88] +Op[0xac]"r[0xcc][0xc9]L,VH+MOT(E[0x9e]T[0x2][0x1f][0xe7]LL[0x1a]11@[0x8c][0x91]x[0x16]d[0xe4][0xe7][0xa5]*[0x18][0x1a]*[0x98][0x99]([0xa4]'a[0xef][0x98]d$[0x82][0xe]OQ@[0xbf]/[0x96][0xe8][0xd9][0x3][0x13][0xd0][0x86][0xe]h[0x1b][\n]"
12:44:22.703 [main] DEBUG org.apache.http.wire -  << "f[0xa1][0x11]M-D[0x1a][0xda][0x87]YH[[0x1f]"[0x9d]7L'[0xb][0x11][0x5][0x17][0x8d]S[0xa8]![0xc6]0[0x83]9[0x8d][0x92][0x89]!"][0x6]$[0xe6]$[0xfa][0xe4][0xfb][0xe0][0x99][0xce][0xc2][0x92][0x1a]A[0xe3][0xd9][0xf0][0xc][0x80]g[0x9b][0x9a][0x9]moa6[0x1]-[0xea][0x83]&w[0x1a]T*&H[0x1b][0x7][0x9d][0x8a][0x12][0x93]SsR1[0xef]`[0xf5]MLIU[0xc8]OS[0xc8][0xc8]L[0xcf]P(,M[0xcc][0xc9],[0xa9]T(HM,[0xca])Ft[0x82][0x8d]@&[0xc1][0x3][0xc]_[0x9][0x8c]t(.M|[0x84]h[0xe3][0xd2][0xc4]xD^[0xa1][[0x80]![0x8a]u[0xba]Y[0x89][0xc8][0xa7][0xd4][0xb4][0x12]_>B[0x9a][0x99][0xa3][0xa6][0x95]xS"[0xa2][0x8c][0xa0]q[0xb9][0x87][0xb4][0xb9][0x90]F[0x1d][0xf][0x13][0xa4][0xa9]>Z[0x86]_[0xb5][0x92][0xa7][0x8b][0x92][0x95][0xa1][0x91][0x5]RQ[0xee][0x98][0x9c][0x9c]Z\[0x9c]_[0x94][0x99][\n]"
12:44:22.703 [main] DEBUG org.apache.http.wire -  << "*[0x10]Pw[0x96][0xe4]+[0xa4][0xe6]e$[0xe6]%[0xa7]*$[0x16][0x80][\n]"
12:44:22.703 [main] DEBUG org.apache.http.wire -  << "[\r][0x10]S[0xa9][0x16][0xa9][0xcf]`[0x82][0xb4][0x1f][0xb2]8[0xb5] 5[0x5][0xb3][0xa0]N[0xcc][0xac][0x4][0x9]B[0x1b][0xb0][0xe0]}[0x14]D[0x15]5H[0x9b] i[0x19]&([0x9e]A[0x94][0xf][0xd4][0xf6][0xc][0xfd][0x8b][0x1][0xd0]&[0x0]h[0xe5][0x13][0xc][0x8e][0x19][0x5][0x9f][0xcc][0xe2][0x92]"[0xf0][0xb8]2j4C[0xa5]s [0xd2][\n]"
12:44:22.703 [main] DEBUG org.apache.http.wire -  << "y[0xe9][0xa9]I[0xa5][0xa0][0x9a][0x84][0xf4](C[0xc][0xd1]A[0xcd][0x84]Z[0xa9][0xe0][0x94][0x98][0x93][0x88][0xd9][0xd9][0x81]*B[0xb5]X!)1/[0x1d]\[0x93]A[0xed]7[0x5]m[0xbd]!.[0xc9] [0xca][0x4][0xba]%[0x19][0xc4][0x84][0x1e][0xdd][0xac]D[0xc][0x8][0xd0][0xcb]J[0xa4])n[0xe8][0x89]v[0xd0][0x9e][0x9][0xb6]%[0x17][0xa1]%[\n]"
12:44:22.704 [main] DEBUG org.apache.http.wire -  << "[0xa9]EE[0xf9]E[\n]"
12:44:22.704 [main] DEBUG org.apache.http.wire -  << "E[0xa9][0xc9][0xa5][0xc5][0x90]s[0x8b][\n]"
12:44:22.704 [main] DEBUG org.apache.http.wire -  << "[0xf2]A[0xbb][0xfe]J[0x8b][0x15]r[0xf3]s@[0xb7][0xc6]'[0xa6][0x82][0xe][0x9]T[0xc8][0x84][0x1c][0x0][0x85][0xb4]f[0x8c][0xf8][0xce][0xb][0xd2]e[0xd6][0x88][0xe][0x93]Of^j[0x9e][0x82]S~II[0xe][0xe6][0xa6]y[0xd0][0xf1][0x85][0x5][0xa9]E[0xc5][0x5][0x99][0xc9][0x99][0x89]%[0x99][0xc5][0xd0]e [\n]"
12:44:22.704 [main] DEBUG org.apache.http.wire -  << ")[0x99][0xc9]%[0x89][\n]"
12:44:22.704 [main] DEBUG org.apache.http.wire -  << "[0x5][0xf9]EE[0xf9][\n]"
12:44:22.704 [main] DEBUG org.apache.http.wire -  << "[0x99][0x5][0xc5][0xa5][0xb9][\n]"
12:44:22.704 [main] DEBUG org.apache.http.wire -  << "[0xa9][0xc8][0xa7][0xf0][0x91][0xe0]$D[0xf3][0x85]n1[0x83]([0xb2] [0xdb]A ![0xe0][0x9e][0x93]_[0x86][0xa5]@[0xf7]OK[0xcb]L[0xce][0xcc],V@>[0x17]31/37[0x13][0x1e]1[0xc5][0xb0][0xc5]2%[0xa9][\n]"
12:44:22.704 [main] DEBUG org.apache.http.wire -  << ")[0xa9]9[0xa9]y[0x99]%[0x99][0xe4][0xc5][0xf][0xfd][0x8b]<[0xa4]M[0x9b][0xee][0xf9]E[0xe9][0xa9][0xf9][0xa5][0xc5][\n]"
12:44:22.704 [main] DEBUG org.apache.http.wire -  << "[0xb0][0xdd][0x16][0x89]E[0x18][0x9d][0x15][0xd0][0xd9]c[0xe0]5[0x9a][0xa5][0xb9][0xa0][0xfb][0xb5][0xa1]I[0x0]|[0xce]Xf~1[0xe4]<F[0x85][0xc4][0x9c][0xcc][0xc2][0xd2][0xcc][0x14][0x85][0xe2]L[0xf2]:[0xd9]H[0xcb]#[0x10][0xe9][0x14][0xb6][0xbb][0xc5]9?[0x11]T[0xd2][0xa2][0x96][0xc7][0xae]%[0xa0]^}fb[0x89][0x2]d[0xcd]hnf^fn"[0xec]d8[0x85][0xe2][0xd2][0xe2][0xe4][0xcc][0x2]r][0x83]("[0x91]w|[0x85][0xe7][0xe7][0xe7]([0x4]gd[0x16]au[\r][0xe8][0xcc]O[0xe8][0x12][0xaa][0x92][0xcc][0xa4][0xd2]b[0x85][0x82][0x9c][0xc4][0xe4][0xd4][0xc4][0x12][0x85]T2[0x83][0x4]Qh[0xd2][0xb8][0xed][0x6][0xaa]:[0xa0][0x95][0xa0][0x2]F[0xfc][0x83]'[)[0x1e][0xd3]@:[0x15][0x9d],[0xcf][0x10]9[0xff]e[0x82]tB:Y[0xf6][0x10]?J[0x83]t[0x16]:[0xbd][0x8a]1[0xa4]-[0x8f]t[0xb3][0x12][0xd1]X[0xa1][0x9b][0x95][0x88][0xcc]G7+[0xe9][0x97][0xd5][0x10][0xcd][0x12][0x1a][0xa7]O[0xe4]-[0x90][0x90][0x95][0xc1][0x98][0x17][0xd8][0xe2][0xcb][0xdb]&([0xb3][0x2][0xe8][0x9d]LX'[0xc9][0x14][0xa9][0x81][0xe1][0x9e][0x98][0x9b][0x9][0x9e]V@-[0xa8][0xdd][0xf2][0x8b][0x14] k[0xbb][0x15][\n]"
12:44:22.704 [main] DEBUG org.apache.http.wire -  << "J[0x8b][\n]"
12:44:22.704 [main] DEBUG org.apache.http.wire -  << "[0xf2][0x8b]S[0x8b]Q{Gt[[0xc5]b[0x82]t[0xb]4[0xad]C[0x1f][0xa9][0xc5][0x1][0x9]}S[0x1a][0x95][0xac]f[0x88][0x16][0x4][0xad][0xfd][0x84][0x18]2[0xa1][0xb5]M[0x88]R[0x7]j[0xd3][0xa0]M[0xbb][0x88][0xc2][\n]"
12:44:22.704 [main] DEBUG org.apache.http.wire -  << "[0xa7]K[0x11]C[0x88][0xf8]j1[0xaa][0xe6]([0x8c][0xf2]l[0xd0][0x86][0x1f]Fy[0x88][0xe9]R[0xfa][0x87][0x1f][0xd2]")h[0xac][0xd2]*[0xf7]"-[0x97][0xf2]K,[0xce]TpI,[0xcd]S[0xf0]J-*[0xc5]<[0xd0][0x1d],_[0x9e][0x9a][0x97][0x98][0x9d][0xad]P[0x92][0x9a][0x97][0x98][0xa7][0x90][Z[0x94][0x9b][\n]"
12:44:22.704 [main] DEBUG org.apache.http.wire -  << "j[0xb1]C[0xc7][0x0][0xc]-[0xf1][0x1f]k[0x6]Kb[0x16]H[0x87][0xdc]&[0xe7][0xe7][0x95][0xe4]g[0xe8]&#[0xa6][0xbb]u[0x94][0xd0][0xca][0xef][0xc4][0xe2][0x8c][0xcc][0xfc][0xbc][0xc4][0xa4][0x9c]T[0xd4]r[0x1b]i[0xa9][0x15][0xd8]m[0x8][0xb7]+$V&[0xe6]*[0xa4][0xe7][0x17][0xa5]b[0xa9][0xf][0xc0]j[0xa9][0xe4][0xf]D:'[0xec][0xf]L[0x15](ctH[0xbb]e[0xb1][0xc7]9[0x0][0x0][0x0][0xff][0xff]"
12:44:22.704 [main] DEBUG org.apache.http.wire -  << "[\r][\n]"
12:44:22.704 [main] DEBUG org.apache.http.wire -  << "255[\r][\n]"
12:44:22.704 [main] DEBUG org.apache.http.wire -  << "R[0xb2]R[0xc2]W_[0x12][0xdf]rD[0xda][0x97]Jk[0x9b]0J'[0x9a][0xa5]c[0x8c]|L+[0x9b][0xe8][0xb6][0xd5][0xd5][0x4]i[0xab]+[0xc1]e[0xe8][0xf4]*[0xd9][0x91][0xf6][0xc4][0xe2]p[0x13][0xa2][0xb9][0x85](7[0xe9][0xd7][0x96]C:[0xec]p[0xba][0x8f]n[0xe9][0x14]iW,[0x8e][0x90][0x18][0x88][0xf8]AZ(4[0x98]\E[0xb7][0xd6]2[0xd2][0x12]#[0xec][0xab][0xb7][0x6]6[0xfb] [0xad]G[0xc2][0xee][0xbc][0x1]I3[0x88]Z[0x16][0xbb][0xa3][0x6]4[0xcc]L[0x91]VVaw[0xde][0x0][0x84][0x99])[0xd2]",[0xda][0xd6][0xf1][0xa6]H[0x8b][0xaf][0xb0]{[0x80]c[0x7][0xd1]i[0xc4][0xee][0xbc][0x1][0x89][0x1d][0x8c][0xfe]%[0x8d]Z+[0xe0]s[0x89][0xa0]C[0xab][0xd8][0xbd]?[0xb0][0xb1][0x83][0xb4][0xf2][0xb][0xbb][0xf3][0x6]"v[0x90]V[0x87]aw[0xd4][0x0][0x87][0x19][0xa2][0xb2][0xc2][0xee][0xbc][0x1][0x9]3z[0x8d][0x2][0x99]"[0xad][0x8a][0xa0]q[0xc9]fH[0xb7]\[0x8a][0xb4][0x94][0x8e][0xd6]~B[0xd4][0xa5]4[0xb6][0x9][0xb4]Z[\r]Z[0xf2][0xd0][0xda]&[0xc4][0x84].[0xad]m[0xa2][*[0xa7][0xdb]9[0xf6][0xa6]H[0xab][0xc2]h[0x1d]z[0xf4][0x1a][\r]0E[0xba][0xed][0x9d][0xd6]~[0xa2]W[0xce][0x14]i[0xf5][0x19][0x8d][0xfd][0x84][0xb4]Z[0x8c][0xd6]6!r.[0xf6][0xaa]l`kZcDv[0xc7][0xee][0xbc][0x81][0xa8]i[0x91]W[0x8c][0xd1]tf[0xc7][0xd4][0x98]n[0xf5][0x9f]1[0xa2]d[0xf0][0x8]Pp[0xce]/JU[0xc8]T[0xc0]l[0x12][0xe7][0xa4][0x16][0x94][0xe4][0x17](`[0xec][0xbc][0xb6][0x4][0x1][0xe2]6[0xc8][0x9a][0x1a][0xd3][0xad][0x2]DZ[0x8e]E[0xb7][0xad]x[0xb0][0x11]vS[0xa4][0x1b][0xa8][0xe0][0x9b]p0&[0x0][0xd3][0xb0][0xcd][0x8c][0xea] [0xcc]@t[0x9d]H4[0x3]i[0xb9]&[0xf2][0x4]-[0xd5][0x82][0x81][0xa8][0xd1][0xce]A[0x14][0x4][0x88]b[0x8e]P[0x10] J[0x14][0xd0][0xae]k<i[0x1a][0x11]K[0x88]B[0x8a][0xc4]X[0xa2]zL#:&[0x84][0xbc]I[0x8b][0xf3]>M[0x91][0xe][0xde][0xa1][0xaa][0xfd][0xb4][0x8d][0x5][0x94][0xbc][0x82](q[0xa9][0xea][0x83][0xa1][0x96]_[0x10]e4[0xcd][0x82][0x1][0xfd][0x10][0x81][0xc1][0x98][0x9f][0x10]mK[0x9a][0x5][0x3][0xce]u5[0x83][0xa7][0xf4]DZ[0x1d]8[0xa2][0x83]a[0x0]N6[0x18][0x84][0x99][0x2]i![0xe7][0x88]N[\r][0x3]P[0xd7][0xe][0xc6][0xd4][0x80]h[0xfc][0x8c][0xe8][0xd4][0x80]h[0xa9][0x8f][0xe8]`@4[0x9f]`[0x3][0x17][0xa6][0xa6][0x98][0xdd]H[0xaa][0xac][0xa2]15E[0xf4]Y[0xa9][0xbb][\r][0xcd][0x14][0xe9][0xfc]6[0xcf][0xbc][0x92][0xd4][0x9c][0x9c][0xcc][0xf4][0xd4][0xbc][0x12][0x85][0xe0][0x92][0xd4]T[0xd0][0xf2][0xff]|,[F<S@[0xdb][0x86][0x8b]3[0x15]@w[0xd5][0x17]+[0x80]/g/,M,&kS[0x88][0xa9])[0xa2][0xe1][0x1][0xb]G[0x8c][0xbe]#u[0x2][0x11]s[0x91]0u[0xa3]+[0xb6][0x96][0xb][0x0][0x0][0x0][0xff][0xff]"
12:44:22.704 [main] DEBUG org.apache.http.wire -  << "[\r][\n]"
12:44:22.704 [main] DEBUG org.apache.http.wire -  << "A[\r][\n]"
12:44:22.704 [main] DEBUG org.apache.http.wire -  << "[0x3][0x0][0xf2]B[0xf6][0x1e][0x15][0xe5][0x0][0x0]"
12:44:22.704 [main] DEBUG org.apache.http.wire -  << "[\r][\n]"
12:44:22.704 [main] DEBUG org.apache.http.wire -  << "0[\r][\n]"
12:44:22.705 [main] DEBUG org.apache.http.wire -  << "[\r][\n]"
12:44:22.705 [main] DEBUG io.restassured.internal.RestAssuredHttpBuilder - Parsed data to instance of: class org.apache.http.conn.EofSensorInputStream
12:44:22.707 [main] DEBUG org.apache.http.impl.conn.BasicClientConnectionManager - Releasing connection org.apache.http.impl.conn.ManagedClientConnectionImpl@11a43807
12:44:22.707 [main] DEBUG org.apache.http.impl.conn.BasicClientConnectionManager - Connection can be kept alive indefinitely
12:44:22.736 [main] DEBUG net.thucydides.core.steps.StepInterceptor - STEP DONE: I send HTTP GET request
  &amp#27;[32mWhen &amp#27;[0m&amp#27;[32mI send GET HTTP request&amp#27;[0m                &amp#27;[90m# starter.stepdefinitions.UserSteps.iSendGETHTTPRequest()&amp#27;[0m
12:44:22.742 [main] DEBUG net.thucydides.core.steps.StepInterceptor - STARTING STEP: UserSteps.iReceiveValidHTTPResponseCode - I receive valids HTTP response code 200
12:44:22.743 [main] DEBUG net.thucydides.core.steps.StepInterceptor - STEP DONE: I receive valids HTTP response code 200
  &amp#27;[32mThen &amp#27;[0m&amp#27;[32mI receive valid HTTP response code 200&amp#27;[0m &amp#27;[90m# starter.stepdefinitions.UserSteps.iReceiveValidHTTPResponseCode()&amp#27;[0m
12:44:22.749 [main] DEBUG net.thucydides.core.steps.StepInterceptor - STARTING STEP: UserSteps.iReceiveValidDataForAllOrders - I receive valid data for all orders
12:44:22.749 [main] DEBUG net.thucydides.core.steps.StepInterceptor - STEP DONE: I receive valid data for all orders
  &amp#27;[32mAnd &amp#27;[0m&amp#27;[32mI receive valid data for all orders&amp#27;[0m     &amp#27;[90m# starter.stepdefinitions.UserSteps.iReceiveValidDataForAllOrders()&amp#27;[0m
12:44:22.753 [main] INFO  - 
  _____   ___   ___   _____     ___     _     ___   ___   ___   ___  
 |_   _| | __| / __| |_   _|   | _ \   /_\   / __| / __| | __| |   \ 
   | |   | _|  \__ \   | |     |  _/  / _ \  \__ \ \__ \ | _|  | |) |
   |_|   |___| |___/   |_|     |_|   /_/ \_\ |___/ |___/ |___| |___/ 

GET - As admin I can get all orders
----------------------------------------------------------------------
]]></system-out>
  </testcase>
  <testcase name="GET - As admin I cannot get all orders" classname="User" time="0.451">
    <failure type="java.lang.AssertionError"><![CDATA[java.lang.AssertionError: 
1 expectation failed.
Expected status code <404> but was <200>.

]]></failure>
    <system-out><![CDATA[
@TC-0036
Scenario: GET - As admin I cannot get all orders     &amp#27;[90m# src/test/resources/api/user.feature:245&amp#27;[0m
12:44:22.768 [main] INFO io.cucumber.core.plugin.SerenityReporter - Running feature from file:///C:/Users/Lenovo/IdeaProjects/MiniProject/MiniprojectApi/src/test/resources/api/user.feature
12:44:22.769 [main] WARN io.cucumber.core.plugin.SerenityReporter - Feature from file:///C:/Users/Lenovo/IdeaProjects/MiniProject/MiniprojectApi/src/test/resources/api/user.feature is not under the 'features' directory. Requirements report will not be correctly generated!
12:44:22.773 [main] INFO  - 
  _____   ___   ___   _____     ___   _____     _     ___   _____   ___   ___  
 |_   _| | __| / __| |_   _|   / __| |_   _|   /_\   | _ \ |_   _| | __| |   \ 
   | |   | _|  \__ \   | |     \__ \   | |    / _ \  |   /   | |   | _|  | |) |
   |_|   |___| |___/   |_|     |___/   |_|   /_/ \_\ |_|_\   |_|   |___| |___/ 

GET - As admin I cannot get all orders(user;get---as-admin-i-cannot-get-all-orders)
--------------------------------------------------------------------------------
12:44:22.861 [main] DEBUG net.thucydides.core.steps.StepInterceptor - STARTING STEP: UserSteps.iSetUnmatchedGETApiEndpointsAllOrders - I set the GET api endpoints all orders
12:44:22.861 [main] DEBUG net.thucydides.core.steps.StepInterceptor - STEP DONE: I set the GET api endpoints all orders
  &amp#27;[32mGiven &amp#27;[0m&amp#27;[32mI set unmatched GET api endpoints all orders&amp#27;[0m &amp#27;[90m# starter.stepdefinitions.UserSteps.iSetUnmatchedGETApiEndpointsAllOrders()&amp#27;[0m
12:44:22.864 [main] DEBUG net.thucydides.core.steps.StepInterceptor - STARTING STEP: UserSteps.iSendGETHTTPRequest - I send HTTP GET request
12:44:22.865 [main] DEBUG net.thucydides.core.steps.StepInterceptor - STARTING STEP: GetAllProduct.iSendGETHTTPRequest - I set the GET api endpoints
12:44:22.865 [main] DEBUG net.thucydides.core.steps.StepInterceptor - STEP DONE: I set the GET api endpoints
12:44:22.871 [main] DEBUG org.apache.http.impl.conn.BasicClientConnectionManager - Get connection for route {s}->https://altashop-api.fly.dev:443
12:44:22.871 [main] DEBUG org.apache.http.impl.conn.DefaultClientConnectionOperator - Connecting to altashop-api.fly.dev:443
12:44:22.960 [main] DEBUG org.apache.http.client.protocol.RequestAddCookies - CookieSpec selected: ignoreCookies
12:44:22.960 [main] DEBUG org.apache.http.client.protocol.RequestAuthCache - Auth cache not set in the context
12:44:22.960 [main] DEBUG org.apache.http.client.protocol.RequestTargetAuthentication - Target auth state: UNCHALLENGED
12:44:22.961 [main] DEBUG org.apache.http.client.protocol.RequestProxyAuthentication - Proxy auth state: UNCHALLENGED
12:44:22.961 [main] DEBUG org.apache.http.impl.client.DefaultHttpClient - Attempt 1 to execute request
12:44:22.961 [main] DEBUG org.apache.http.impl.conn.DefaultClientConnection - Sending request: GET /api/products HTTP/1.1
12:44:22.961 [main] DEBUG org.apache.http.wire -  >> "GET /api/products HTTP/1.1[\r][\n]"
12:44:22.961 [main] DEBUG org.apache.http.wire -  >> "Accept: */*[\r][\n]"
12:44:22.961 [main] DEBUG org.apache.http.wire -  >> "Host: altashop-api.fly.dev[\r][\n]"
12:44:22.961 [main] DEBUG org.apache.http.wire -  >> "Connection: Keep-Alive[\r][\n]"
12:44:22.961 [main] DEBUG org.apache.http.wire -  >> "User-Agent: Apache-HttpClient/4.5.13 (Java/14.0.2)[\r][\n]"
12:44:22.961 [main] DEBUG org.apache.http.wire -  >> "Accept-Encoding: gzip,deflate[\r][\n]"
12:44:22.961 [main] DEBUG org.apache.http.wire -  >> "[\r][\n]"
12:44:22.961 [main] DEBUG org.apache.http.headers - >> GET /api/products HTTP/1.1
12:44:22.961 [main] DEBUG org.apache.http.headers - >> Accept: */*
12:44:22.961 [main] DEBUG org.apache.http.headers - >> Host: altashop-api.fly.dev
12:44:22.961 [main] DEBUG org.apache.http.headers - >> Connection: Keep-Alive
12:44:22.961 [main] DEBUG org.apache.http.headers - >> User-Agent: Apache-HttpClient/4.5.13 (Java/14.0.2)
12:44:22.961 [main] DEBUG org.apache.http.headers - >> Accept-Encoding: gzip,deflate
12:44:23.128 [main] DEBUG org.apache.http.wire -  << "HTTP/1.1 200 OK[\r][\n]"
12:44:23.128 [main] DEBUG org.apache.http.wire -  << "content-type: application/json[\r][\n]"
12:44:23.128 [main] DEBUG org.apache.http.wire -  << "date: Sat, 06 May 2023 05:53:09 GMT[\r][\n]"
12:44:23.128 [main] DEBUG org.apache.http.wire -  << "transfer-encoding: chunked[\r][\n]"
12:44:23.128 [main] DEBUG org.apache.http.wire -  << "content-encoding: gzip[\r][\n]"
12:44:23.128 [main] DEBUG org.apache.http.wire -  << "server: Fly/3f2597ca (2023-05-03)[\r][\n]"
12:44:23.128 [main] DEBUG org.apache.http.wire -  << "via: 1.1 fly.io[\r][\n]"
12:44:23.128 [main] DEBUG org.apache.http.wire -  << "fly-request-id: 01GZQSY1JSBN09AJTHNYS52AJ6-sin[\r][\n]"
12:44:23.128 [main] DEBUG org.apache.http.wire -  << "[\r][\n]"
12:44:23.128 [main] DEBUG org.apache.http.impl.conn.DefaultClientConnection - Receiving response: HTTP/1.1 200 OK
12:44:23.128 [main] DEBUG org.apache.http.headers - << HTTP/1.1 200 OK
12:44:23.128 [main] DEBUG org.apache.http.headers - << content-type: application/json
12:44:23.128 [main] DEBUG org.apache.http.headers - << date: Sat, 06 May 2023 05:53:09 GMT
12:44:23.128 [main] DEBUG org.apache.http.headers - << transfer-encoding: chunked
12:44:23.128 [main] DEBUG org.apache.http.headers - << content-encoding: gzip
12:44:23.128 [main] DEBUG org.apache.http.headers - << server: Fly/3f2597ca (2023-05-03)
12:44:23.129 [main] DEBUG org.apache.http.headers - << via: 1.1 fly.io
12:44:23.129 [main] DEBUG org.apache.http.headers - << fly-request-id: 01GZQSY1JSBN09AJTHNYS52AJ6-sin
12:44:23.129 [main] DEBUG org.apache.http.impl.client.DefaultHttpClient - Connection can be kept alive indefinitely
12:44:23.129 [main] DEBUG io.restassured.internal.RestAssuredHttpBuilder - Parsing response as: application/json
12:44:23.129 [main] DEBUG org.apache.http.wire -  << "57A[\r][\n]"
12:44:23.129 [main] DEBUG org.apache.http.wire -  << "[0x1f][0x8b][0x8][0x0][0x0][0x0][0x0][0x0][0x4][0xff][0xaa]VJI,IT[0xb2][0x8a][0xae]V[0xf2]tQ[0xb2]24[0xb2][0xb0]0[0xd7]Q[0xf2]K[0xcc]MU[0xb2]Rr[0xcd][0xcb]/[0xca][0xcd]/-Vp[0xce]/)[0xc9][0xcf]Sp[0xce][0xcf]-(-I-R[0xd2]QrI-N.[0xca],([0xc9][0xcc][0xcf]S[0xb2]R[\n]"
12:44:23.129 [main] DEBUG org.apache.http.wire -  << "-Q[0xc8]KMN-.[0xce],I,[0xc9]L*-V([0xcb],ILU[0xc8],-JUH[0xc9][0xcf][0xc9]/J-V(J-H[0xcd][0xc9]I[0xcd]K)-V([0xce][0xcc][0xcd][0xcc][0xc9],,M[0xd5]S[0xd2]Q[\n]"
12:44:23.129 [main] DEBUG org.apache.http.wire -  << "([0xca]LNU[0xb2][0xb2]4[0xd4]Q[\n]"
12:44:23.129 [main] DEBUG org.apache.http.wire -  << "J,[0xc9][0xcc]K/V[0xb2]2[0xd1]QrN,IM[0xcf]/[0xca]L-V[0xb2][0x8a][0x8e][0xad][0xd5]A[0xb8][0xd0][0x2][0xee][0xc2][0x80][0xa2][0xc4][0xe4][0x92][0xcc][0xe4][0xc4][0x1c][0x5][0xdf][0xc4][0xa2][0xa4][0x9c]T[0x85][0x90][0xc4][0xa4][0x9c]T[0xc][0xf7][0x85][0xa4][0xe6][0x16][0xe4][0x17][0x81][0x1d]V\[0x9a]W[0xa2][0x90]X\[0x90]Z[0x94][0x9]r[0x15][0x92][0xfd][0x16]FH[0xf6][0x1b][0xe3][0xb3][0xdf][0x12]nPiqIf[0xb2][0x82]{Qb^fI[0xaa]BpF~j1[0xa6][0xed][0xf9]%[0x89][0xb9][\n]"
12:44:23.129 [main] DEBUG org.apache.http.wire -  << "[0x85][0xa5] [0xfb]S[0x12]s[0x15][0xca]Rs[0x90][0xac]51#[0xd2]ZK[0x3][0xb8][0xb5][0xc1][0xf9]y[0x95][\n]"
12:44:23.129 [main] DEBUG org.apache.http.wire -  << "[0x1][0xc1][0xa6][0x18]V[0x15][0xe4]$V*d$[0x16]+[0xe4][0xe5]+[0xe4]d[0xe6]f[0x96][0x80]\[0x3][\r]_#KK$[0x9b][0xf0][0x5][0xb0][0xa5][0x11][0xdd]l2[0xa6][0xa6]M[0x86]x"[0xcd][0xd2][0x94]n6[0x99][0xc1]mr-J[0xcf][0xcf][0xcb][0xcf][0xcd]LV[0x8][0xcf][0xcf]OI[0xcd]Sp[0xcf][0xc9]/[0xc3][0x92]B[0x82]3s[0xb2][0x11][0x19][0xc1][0xd8][0xd2][0x18]9M[0x98][0xe2][0xf3][0x15]"[0xb3][0xba][0xe7][0x17][0xa5][0xa7][0x82]2+[0xc8]0\[0x16]A22[0xc2]*3[0xb]Cc[0xa4]Da[0x80][0xcf]*D[0xae]sL-[0xca]O[0xa9][0xcc]K[0x4]y[0xc][0x9a][0xef][0x82]32[0x8b]J0[0x92][0xa3]gQ~[0x1e][0xc2]2[0xb][0x13]S[0xe4],[0x86][0xd7]_[0x88],[0xe6]RZ[0x4][0xca][0xd3][0xf0]<[0xe6][0x94][0x98][0x8e]a[0x8f]s~^rQj[0x9]([0xe3]C[0x13][0xbb][0xb1][0x85][0xa1][0x1][0x92][0xc7][0xf0][0xa4]vK[0x3]D[0xbe][0x82][0x87]a@bAj[0x11][0xee][0xf2][0xe][0x12][0x9b][0x8][0x9f][0x99][Z[0x98][0x10]k[0x1b]U[0xf3][0x16][0x9e][0x8][0xb3]40[0x81][0xa7]C*[0x94][0x17]xb[0xcb][0xd2][0x80][0xaa]y[0xb][0xaf][0x9f][0x10][0x89][0xd0]#5[0xb1][0xac]R[0xc1][0xa5][0xb4][0xa4]R![0xb8]$55G[0xc1]#[0x11]3[0x1][0xa2]G[0x94][0x99][0x81][0xa9]9RD[0xe1][0xb5][\n]"
12:44:23.130 [main] DEBUG org.apache.http.wire -  << "3[0x9]BSEFb&f[0x15][0x8]v[0x3]"E[0x98][0x99][0x1a]"Wg[0xf8],[0x2]%Th[0x85][0xeb]X[0x9e]Z[0x9c][0x9f][0x9b][0xaa][0xe0][0x93][0x9a]X[0x92][0x1]J[0x80]9[0xf9][0xc9][0xa0][0x82][0x1][0xb5][0xb6]E[0xcd]U[0xe6][0x86][0x16]DfaK[0x90][0x93][0xa0]6[0xc1][0xab]v[0xa7][0xa2][0xfc][0xbc][0xaa]T[0xdc]I=[0xa8]4)[0x9]\[0xe3]C3[0x96][0x5][0xd1]%[0x86][0xa5]!"[0xa9]C[0xeb]I[0x9f][0xcc][0xbc][0xd4]<[0x85][0x80][0x9c]DpVE[0xf5][0x15][0xba]E[0xc6][0x86]&[0xa6]DF[0x15][0xa8][0xc][0x83][0xfa][0xcb]75%3?[0xb9][0x8][0xe4]!H[0x91][0xa0][0xe0][0x8c]5[0xc][0xc1].AD[0x97][0x89][0x99]!r[0x91][0x8b]7[0xba][0x90][0xb2]Ue^jQz&[0xb8][0x9][0x0][0x8a][0x14][0x5][0xec][0xa5]`@N"H[0x9][0xc2]6Sc[0xb][0xe4][0xc2][0x9][0xaf]m[0x88][0xac][0x85]\[0xea]B[0xca]q[0x5][0xef][0xbc][0xcc]4P[0xa1][0x87][0x1a][0x92]X[0xec]3%:[0x89] */d[0xfb][0x1c]sJs3[0xf3]Js[0x15][0xb0][0x95][0xbe][0xd0][0xd4][0x8a][0xe4]?Kc[0xa2][0xfd][0x87][0xa8][0xc0][0x90]3tfN[0xb6]BxbNN*f[0x96][0x86]$X[0x84]e[0x96]f[0x6][0x16][0xc4][0xa6][0x13]D[0xe9][0x81][0xd1]p[0xc4]a[0x1b][0x86][0xdf],[0xcc][0xc][0x91][0x8b]z[0xbc]q[0x87](A[0x90][0xc3][0x12]Zc[0xe2][0xb0][0xd0]9[0xbf][0xa0][0x0]9[0xbf]Y[0x9a][0x19]"7[0xdb][0xf0][0xd9]g[0x84][0xa8][0xc8]`[0x5][0x9]4)(8'b[0x96]X[0xe8][0x1]ill@l[0x91]ed[0x8][0xaf]Z`6AJZ\[0xed][0xe]P[0x9b][0x4][0x11]e[0xa6][0xc4][0x97][0xc2]F[0x88]2[0x4]^dA[0xad][0xc2][0x9e][0xd9] [0x92][0x8][0xbb][0xcc][0xcc][0xcd][0x90][0x1b][0x1d]x[0xc3][0xf][0xd1][0x18][0x85][0x17]#[0xe1][0xf9][0xf9]98[0x8a][0x10][0xf4][0xf0]3[0xb5]0!:[0xfc][0x10]e[0x8][0xdc]&[0x88]q8[0xba][0x10][0xe8][0xbe]260%6[0xd1][0x1b]!J[0x10]h)[0xc]Ib8l[0x82][0xa6][0x18]D[0x0][0x1a][0x1b][0x11]]e[0x1a]![\n]"
12:44:23.130 [main] DEBUG org.apache.http.wire -  << "[0xf]*[0xb4]8[0xf0]F[0x15][0xa2][0xd8]@[0xe4]dH[0xf5][0x8c][0xa3][0x19][0x90][0x83][0xf0][0x91][0xa5]%[0xa8][0xca][0x85]w5[0xf1][0xda][0x83](1[0xe0]mCXg[0xf]{5[0x6][0x95]E[0xd8]fnhIl[0x93][0xc3][0x8]Q`x[0xe6][0x95][0xa4][0xe6][0xe4]d[0xa6][0xa7][0xe6][0x95](@S[0x6][0xb6]<[0x8c]a[0x9b][0xa9][0x89])[0xb1][0x15][0x19][0xa8][0x8c][0x86][0xd6][0x9a][0xf0][0xac][0x5]n[0xc5](8[0xe5][0x97][0x94]`[0xe9]E[0x83][0xaa]8[0x84][0xbf][0x8c]-[0xc][0x88][0xad]T[0x8c][0x11][0xc5][0x85]'[0xa8]VN[0xc9][0x4]u[0xd5][0xa1])M[0xc1][0x19]k{[\n]"
12:44:23.130 [main] DEBUG org.apache.http.wire -  << "V[0xe3] ,42 :[0xda][0x8c][0x11][0xa5][0x6]"y@[0x93][0xbd]s>[0x96]v"[0xd4]-[0x8][0xcb],[0xcd]L[0x88][0xad][0xc2][0x8c][0x11][0xc5]FpNjj[0xb6][0x2][0xb8]m[0xa1][0x80][0xd5][0x1e][0xd4]r[0xd0][0xd8][0xd4][0x88][0xe8] D[0x94][0x18]>[0x99][0xe9][0x19]%[0xe5][0xa9] [0x12]6[0xea][0xe1][0x94][0x9a][0x97][0x9c][0x81][0xd1]+[0xc2][0xa8][0xbb]L[0xcd]A[0x5]7Q[0x9][0xdf][0x18]Qj[0xc0]K(hbS[0xf0]N[0xad]L[0xca]O,J[0xc1][0xb0][0x10]TX"[0x82][0xd0][0xc8][0xc8][0x84][0xd8][0x9a][0xb][0xd4][0xdf][0x85]&E[0xe4][0x9a][0x12][0x14]Z[0xb8]m[0x3]gw[0x84]u[0xe6][0x16][0xc4][0xc7][0x18][0xa2][0xf4]@jt@[0x83][0xb]G[0xb9][0x88][0xde]<[0xb5]4[0x2][\r][0x94][0x11][0x17][0x96][0x88]B[0x4][0xc9]:X[0x9f][0x15]WnC[0xb7][0xd0][0xcc][0xc]T[0xbf][0x13]g![0xa2][0x1c][0x81][0x97]Z[0xa0][0xcc]K\[0xed]laAt;[0x0][0x14][0xe2][0xd0]x[0x83]u[0xd3][0xa1][0xb9], 1[0xf]<[0xf6][0x84][0xda]2E[0xaf][0xc6][0x8c]L[0xcd][0x88]-[0xad]@u+[0xd4]*xi[0x5][0x9]"[0x1c][0xad]nPt[0x2][0x0][0x0][0x0][0xff][0xff]"
12:44:23.130 [main] DEBUG org.apache.http.wire -  << "[\r][\n]"
12:44:23.130 [main] DEBUG org.apache.http.wire -  << "668[\r][\n]"
12:44:23.130 [main] DEBUG org.apache.http.wire -  << "[0xca]@nI[0x99][0x1a][0x1a][0x13][0xdb]r3A[0x94][0x1f]n[0x89]y%[0xe0][0xe6];l[0x8][0x7][[0xb][0x18][0xa3][0xf8][0xb0][0xb0] [0xba][0xc5]m[0x82](>[0xa0][0xf5]3([0x1b][0xe1]hs@|[0x8c]H[0xf4]&[0x86][0xa0]QA[0xa2][0x12][0x85][0x9][0xa2][0x4][0x9]F[0xea][0xb7][0xc0][0xca]Y[0xac][0xdd]g[0xb4],ff`It[0x8]"[0xca][0xf][0xe4][0xaa][0xc][0x9c][0xa3][0xb1][0x8f][0x92][0x82][0x12]([0xc2]cF[0x6]D[0xd7]c[0xa0][0x1]Th[0xca]@D[0x16][0xc8]4[0x5][0xec][0x89][0x10][0xcd]S[0x16]&[0x16][0xc4]6[0xdb]L[0x10][0xe5][0x6]r=[0x6][0x19]+"[0xa2][0x85]ma[0x4][0x1a]k".[0xb6][0x10]e[0x6][0x92]U[0xe0][0xe0][0xc3][0xde][0xee][0x0]I![0x82][0xcf][0xcc][0x4][0x14][0xdd][0xc4][0xd9][0x84](,[0xe0][0x19][0xb]V[0xd2]c[0xaf]W0r[0xb1][0x5][0xa8][0xb6] [0xca]2S[0xcc].[\n]"
12:44:23.130 [main] DEBUG org.apache.http.wire -  << "8[0xa6][0x8]7[0xda][0x8c][0xcd]M[0x89][0xad]ML[0x11][0xcd][\r][0xc4][0x0],[0xbc][0xb8][0xc5]f[0x15][0xc8][\r][0x88][0xc0][0xb3]41&[0xda]*D[0xa6][0x82]W[0x93][0xe0][0xf4][0x85][0xa3]P[0x82][0xe5]6[0x84]e[0xa6]fD'tSD[0x9e][0x82][0x96][0x14][0xa0]H[0xc7][0x9a]qQ=ddiFl[0x13][0x14][0xe4][0x18]hfBJw[0xb0][0xf4][0x10][0x9e]X[0x82][0xa5][0x9d][0x81]Q[0xfa][0x99][0x19][0xa0][0xc][0x87][0xe2]k`[0x83][0xfa][0x16]P[0xfb][0xe0]U[0x15]lp[0x3]W3[0x3][0xdc]HE[0x84][0xa0][0x99][0x91][0x19][0xb1]}!P[0xa7][0x9]j[0x1b][0x92][0xef] [0x11][0x86][0xad]\[0x87]TfHV[0x19][0x1b][0x13][0x1d][0x90][0x88]l[0x85]([0x95]`[0xd1][0xaf][0x80]=c[0xa1]y[0xcc][0xd4][0x94][0xe8]Ll[0x86][0xc8]W[0xc8][0x85];4$[0xb1][0xf][0x81]A[0xba][0x15][0x8][0xcf][0x99][0xa2]N[0x10][0xe1][0x8b]53D[0xe][0x83][0xd5][0xfb][0xb0]$[0x82][0xa3]t[0x2][0x8d][0xd0]"[0xac]26$z[0x0][0xc][0xd4]{[0x87]F[0x19]4[0xd1]#[0x2][0x11]{7[0x5][0xe2]i[0x84]e&&[0xa0][0xf1]A[0xa2][0x8a]'3D[0xe][0x83][0x97][0x85][0xa0][0xac][0x84]c[0xa0][\r]=[0x4]M[0x8c][0xcd][0x89]M[0x1e][0xa0]$[0xb][0xf5][0x16][0xdc]&Hj[0xc3]1<[\n]"
12:44:23.130 [main] DEBUG org.apache.http.wire -  << "[0xca][0xea][0x8]?Y[0x98][0x11][0xdd]p2G$[\r][0xb8]M[0x90][0x12]\[0x1]{v[0x86][0x95][0x94][0x8][0xdb][0x8c][0x8d][0x89][0x1e]b6G[0xb4][0x9c] [0x9d]![0xe8]h[0x17][0xf6][0x91]JL[0xab],[0xcd]A[0xee]%*[0xb2][0xcc][0x11]e/r1[0xf][0x9e][0xa9][0xc6]>6[0x84]i[0x9d][0xb1][0x5][0xa8][0x0]"[0xce]:[0xa4][0xc1][\r][0xa4][0xf6][0x13][0xb4][0xf0][0xc3][0xd5][0x8a][0x87]%VD`Z[0x18][0x10][0x1f]u[0x88]F[0x0]4[0xed][0x83][0x13]#[0xf6][0xf6][0x13]4[0x3]",261&[0xb6]\[0x4][0xe5]Fhj[0xc][0xce]M[0xcc][0xc9][0x81]O[0xb6]a[0xf]G[0xf4]toi[0x2][0x9a]k"*[0x14]Am-[0xa8]MP/AS=v[0x9b] [0x9][0x15][0xc9]O[0xa6]D[0xb7][0xab]A[0xd3][0xf9]P[0x9b][0x90][[0xa0][0xb0][0x8][0xc1][0xde]?[0x87][0xc9]"l[0xb4]0[0x5][0x15]v[0xc4][0xf9][\r][0xd1][0x92]G[0xea][0xe7][0x81][0xb]u[0x1c]MQ[0xc][0xef][0x11][0x9f][0xfa]A5,[0xdc]{[0xc9]E[0xa9][0xd0]1[0x15]p[[0x14][0xc7][0xf8][\r]j[0x11]bdnF[0xec][0xe0][0x83][0x5][0xa2]XD[0xee][0x9e][0xc3][0xb2][0x13][0xae][0x91]zPbE[0x4][0xa4]1[0x9][0x89][0x4][0x91][0xd5]P[0x13][0x9][0xf6][0x6]=x[0xbc][0x5]a[0x91][0xb9][0x5]h[0x1c][0x8d][0x88][0x18]36F[0xf2]X[0x84][0x93][0x84]![0xc6][0x88][0x6][0xc2]T[0x13][0x94][0xd5][0x13][0xe8][0x95]#lm[0x8a])R7[0xd5]=173[0xf]s[0xae][0xda]-[0xbf]H![0x1d],[0xa5]PPZT[0x90]_[0x9c]Z[0xac]T[0x8b][0xb4][0xbc][0xc5][0x12]4[0xae][0x0][0x8d]Y[0xe4][0xa1][0x1e]h>[0xc1]Q[0xbf][0xa2], 0[0xb1][0x4]5[0xe3][0x88][0x8][0x1]#K[0xb]D[0x11][0x83][0xd4]"[0x82][0xf6][0x9d]qTE[0xa0][0xfe])"`[0x8c][0x8c]@y[0x9a]([0xcb]@}U,>[0x83][0xe4][0x2][0x9c][0xb5][0x11][0xa8]@GXgn[\n]"
12:44:23.130 [main] DEBUG org.apache.http.wire -  << "j[0x11][0x10]g[0x1d][0xa2].B4[0xc1][0xa0][0xf5][0x11][0xf6][0x6][0x18]ZJ[0xb2][0xb4] :[0x8b]X"[0xf2]>[0xbc][0x1d][0x1b][0x4][0x9e]:[0xc5]3[0x80][0x85]>/hlfD[0xec]p[0x8][0xa8]#[0xe][\r]J[0xe4][0xd2][\r][0x94][0xe5][0xb0]N[0xf6]@c[0x14][0x11][0x8e][0xa6][0x6][0xa0]Y{[0xe2][0xc2][0x11][0x91][0xfd][0x91][0xd2][0x8][0xb4][0xbe][0xc1]n[0x1b]h[0x9e][0x17]a[0x97][0x91][0x5][0xa8]}J[0x9c]][0x88][0xac][0xf][0xa9][0x89][0xc0]Q[0x82][0xa3][0xbd][0x8c]YZ[0x1b][0x13]?l[0xb][0x1a][0x95][0x87][0x86] Ri[\r]M[0x8b][0xd8]s[0x19]j[0xc2][0xb7][0xb0]$z[0xe2][0xd1][0x12][0x91][0xcb][0x10])[0x11][0x9a]<[0xb0][0xf5]; [0x89][0x14][0x11][0x80][0xc6][0x16][0xa0]Afx[0x0][0xe2][[0xcd][0x2]*[0xa6][0xa0][0xde]B[0x8a],H%[0x84]=[0xd1][0xc3][0x8a]q[0x84]u[0xe6][0xa6][0xa0][0x1]0[0xb8]u[0xb8][0x97]~[0x18][0x1b][0x80][0x6]4[0xe0][0xd6]![0xa6],`1[0x83][0xa3][0x1b][0x8c][0xde][0x80]0C[0x9d][0x91][0xc1][0xed]?c[0x3][0x3]D[0xa6]F[0xf2][0x1f]4[0xda][0xb0]7h[0xd1]C[0xd3][0xc4][0x8c][0xc8][0xfe][0xbd][0xb1][0x1][0xa8]][0x83][0xc5]{[0x10][0x13]q[0xf4][\n]"
12:44:23.130 [main] DEBUG org.apache.http.wire -  << "[0xa0]-BDp[0x1a][0x99][0x19][0x11][0xd7][0x10]3[0x6][0xe7]I[0xa8]}[0x90][0xe6]3< [0xb1]/lD[0xab][0xd2]M[0x89]L[0x91][0xc6][0x6][0x6]H[0xf9][0xc][0xa9]5[0xb][0xc9]m[0xd8][0x1b][0x98][0xe8][0xfd]*#[0x3][0xd0][0xb0]=<[0x95][0xe0][0x8d]4Dg[0x18]6_[0xc].[0xa9]|[0x12]s[0xb]0[0xea]\pw[0x1c][0x11]z[0x16][0xa6][0xa0]^;[0xdc][0x1a][0xf4][0x9a][0x17]Qs[0x1a][0x83][0xe7][0x87]`[0xa1][0x7]n[0xc6]B[0xbc][0x83]c[0xd1][0x1d]F<[0x99][0x12][m[0x1a][0x1b] [0xad][0xa4]A[0x8b]'[0xec][0xed]Xt?[0x11];[0x8e]`l[0x80][0xb4][0x88][0x6][0x16]t[0xd0][0x82][0x3][0xdb]@[0x16][0xb4]PF[0x84][0x9e][0x11]x[0x15][0xe]q[0xa1][0x87][0xe8]O![0x15][0x88][0x90]X[0xc7][0xbd]>[0x8][0xc3]F[0xa2][0xbb][0xa6][0xc6][0x6][0xa0]57[0xb0][0xf8][0xa2]|E+[0xde][0x94][0x81][0x18][0xb9][0xa5][0xe9][0xcc][0xb4][0xb1][0x81]![0xa2][0xa8][0xf][0x8]V[0xc0]\[0xa1][0x9b][0x9e][0x98][0x9b][0xaa]`[0xaa]P\[0x2][0x1e]/[0x86].[0xaa][0xc2][0xdf][0xb8]DI[0xe2][0x88][0x9c][0x4][0xf1][0x88][0xa1][0x11]F[0x6][0x82]/[0x2]F_[0x1]l[0xc]*[0xad][0x89]J[0xb][0xa0][0xa9]&[0xe4][0x98])03[0xc3][0xb0]&9?)1[0x11]D R[0x1b][0x9][0x16] F[0x90][0x9c][0xf3][0x93][0x12][0x15]RJsJ1l[0xc8][0xcc][0xcb]T[0xc8]H[0xcc][0xab]LT(H-[0x2][0xd9][0x94][0x98][0xa7]P[0x90]_[0xc]Z[0x13][0x4][\r]8SKKP[0x85]G[0x9c][0x9f][0x10]5[0x7]-b[0x6]4[0x95][0xb][\r]2[0x9a][0x18][0x8f][0xc8][0x9d]![0x89][0x98]A[0x5][0x8f]s,[0xb][0xbf][\r][\r]0[0x0]Q[0xb][0xa6][0x8c][\r]@[0xf5][0x16][0xd4]O[0x1e][0x5][\n]"
12:44:23.130 [main] DEBUG org.apache.http.wire -  << "a[0x99]e[0xf9][\n]"
12:44:23.130 [main] DEBUG org.apache.http.wire -  << "[0x91]F[0x98][0x9].7573'3;S[0xa1][0xb8] [0xb5]83-3;[0xb1]8S[0xa1]21/]![0xb1] [0x13][0xb4]~[0x11][0x1a][[0xa0][0xe6][0x2][0xb8][0xc5]@\|![0x92]:[0xfd]|[0x8c][0xb4]T[0x81][0xfe]>FZ[0xb6]0[0x0][0x96]#z0%[0xa9][0xc5][0xa0]m[0x18][\n]"
12:44:23.130 [main] DEBUG org.apache.http.wire -  << "[0x5]E[0xf9])[0xa5][0xc9][0xa0][0xec][0x86]:[0x8d][[0x92][0x91]Y[0xac][0x90]Y[0xac]P[0x92][0x91][\n]"
12:44:23.130 [main] DEBUG org.apache.http.wire -  << "S[0xa3][0x90][0x82][0xb4]![0x4][0xbe][0xa5][0x3][0x9c][0xf2][0x88]Lk[0xa0][0xc9]YhZ[0x3][0x97]lf[0x6][0x6][0x6][0x18]%[0x2][0xbe]dnJtI[0x0][0x9a][0xae][0x82]Z50^E4[0xbe][0x6][0xc6]~[0xba][0xd5][0x86][0xa0][0x11]HhH[0x83]#[0x95][0xe4]=+D[0xd7]X[0xa0]&=[0xd4]&D[0xde][0x1][0x0][0x0][0x0][0xff][0xff]"
12:44:23.130 [main] DEBUG org.apache.http.wire -  << "[\r][\n]"
12:44:23.131 [main] DEBUG org.apache.http.wire -  << "5FD[\r][\n]"
12:44:23.131 [main] DEBUG org.apache.http.wire -  << "[0xa2]WQ[0x85][0xb4][0xe]b@"[0x14]i[0xd4]i`[0xec]GT[0xad][0x3]c?[0xa2][0xec][0x82][0xc][0xad]a[0x14][0x1c]iXF[0xdd][0xe0][0xc5][0x14][0xb1][0x13]_[0xc6][0x6][0xa0][0x9]9h*[0x83]M|[0x81];2[0xd8][0xd7][0xb0][0x5][0xa5]f&g[0xa6][0xe6][0xa5]d[0x16]+[0x14][0xa7][0xa6](d[0xe6][0x95][0xa5][0xe6][0x95][0xe4][0x17][0xa5]*d[0xe6]%g[0xa6][0x80]6[0xa2][0xa5][0x96]($[0x96][0x96][0xa4][0xe6]"[0xed][0x7]#v[0x8d][0x80][0xb1][0x1]h}<[0xd4]1[0x3][0x13][0xea][0x88]bl[0x0][0xb2][0x1c][0xa2][0xc][0xa3][0x9a][0xe7][0x89][[0xf1]gl`[0x82]h[0xe3][0x13][0xb2][0x1b][0xd1]6[0x6][0xd5][0x85]DV[0x85][0xa0]us[0x3][0x19][0xb1]H[0xab]4[0x8][0xf9][0x8f]&M[0x1][0xa4][0x5][0x1c]T[0xb3][0x9f][0xd8][0xb8][0x5]mQ#2[0xec][0xc9][0x8a][[0xd0][0xfc][0x15][0x91][0xe6][0xd3]&l[0x11][0xfd][0x8][0xaa][0x85]-(i[0x13][0x1d][0xbe][0x88][0xc1]d[0xaa][0xd9]O[0xb4][0xdd][0x88][0x2][0x8b][0x90][0xdd][0xe4][0xc5]-[\r][0xca]$[0x92][0xc2][0x16]Q.[0xd1][0xb6][0x1a][0x4]-[0xc5][0x82]&b[0xda]Z[0x4][0x9a]7[0x80]ZD([0xc6]h[0x92][@s[0xbf][0xd4][0xb6][0x9f][0xd8][0xd4][\n]"
12:44:23.131 [main] DEBUG org.apache.http.wire -  << "[0x9a][0xe7]"[0xd2]n[0xb2]R+hn[0x8b]H[0xf3]i[0x13][0xb6]4*[0x89][0x88][0xac]d[0x91][0xd6][0xfa][0x90][0xd7]5![0xba][0xbb][0x9]Z|[0x7][\r]hZ[0xdb][0x84]([0x0]"[0x9c][0xf2]+[0x14][0x6][0xc3][0x84][0xb6][0xb1][0x81]9b[0xac]o@21[0xd2][0x9a]$[0xaa][0xd9]Ol&6G[0xf4]L[0x8][0xd9]MV&FZ[0x4]E[0xc8]|[0x9a]dbs[0x1a]T[0xe7][0xa0]*[0x8f][0xc8]L[0x8c][0xb4]pi@[0xbc][0xf]Z[0xfa][0x0][0xcd][0xda]T[0xb3][0x9f][0xd8][0xa4][0x85][0xb4][0xc0][0x89][0x90][0xdd]d%-[0xd0][0x9a]?j[0xfb][\r][0x14][0xb5]D[0xfb]o`[0xeb][0x7][0xa4][0xc5]*[0x84][0x82][0x97][0x16]9[0xcb][0x8][0xb4]U[0xb][0x1a][0xfc][0xb4]mc[0x81][0xce][0xdd][0x81]ZD5[0x8f][0x12][0x1b][0xc7]H'[0xcd][0x10][0xb2][0x1b]g[0x1a][0xc6][0xb7]<[0x1]iY[0xe]![0xf3]i[0x11][0x89][0xe0][0xfd]2[0xd4][0xe][P[0x1e]"[0xae]x4[0x4][0x8d][0x9e][0xd2][0xc2]z"[0xa3][0xd7][0x10][0xb4][0x91]l@[0xed][0xa7][0xc1][0xb8]$[0xd1]~[0xa7]m[0xcd]o[0x88][0xb4]4e [0x92][0xb6]!h[0xf9][0x18]-[0xe2][0x96][0xc8][0xa4][0x8d][0xb4][0x2]c@[0xbc][0x8f][0xb4].[0x83][0xb6][0x8d]zC[0xd0][0xee][0x5]h@[0xd3][0xda]&D[0x8d]Kk[0x9b][0x10][0xcd]FZ[0xdb][0x84][0x18][0xf3][0xa1][0xb5]M[0x88][0xd1][0x1f]Z[0xdb][0x84][0xe8][0xe6][0xd1][0xda]&[0xc4][0x1c]<[0x8d]mB_qB[0xf2]L![0xb1][0xdd]qC[0xa4][0x86][0x15][0xad][0xfd][0x84][0xa8]~hm[0x13][0xa2][0xb2][0xa1][0xb5]Mt[0xcb]OF[0x88][0xfc]4 %<[0xd2][0xe2][0x17][0xaa][0xd9]Ol[0xe3][0x1][0xb4][0x83][0x1]Z[0xe6][0x13][0xb2][0x1b]g[0xbb][0x18][0xcf]z8C[0xa4][0xb3]?h[0x9c]^[0x90][0x16][0xd4][0x10][0xf2][0x9]-Z[0xe0][0x86]Hkj[0xa8]j?[0x91][0xcd][0x14][0xa4]e[0x9]T[0xb5][0x9e][0xd8][0x84][0x84][0xb4]2[0x81][0xc6][0x11][0x8d]45Nk[0x9b][0x10]E[0x10][\r]V[0xda][0x19]"[0xcd]~"[0xf6][0x15]B[0x97][0xb9][0xe2]:A#[0xb0][0x14][0xb4][0x1c][\n]"
12:44:23.131 [main] DEBUG org.apache.http.wire -  << "q[0xca]lbqqinj^J[0xa2]BiNN"Y[0xd3][0xfb][0x86]H[0xb3][0xa0]4[0xe]P[0xa4]9[0xcf][0x80]`[0x13][0x8c][0xb5][0x13][0x5][0xc5]&[\n]"
12:44:23.131 [main] DEBUG org.apache.http.wire -  << "I[0x89]E[0xa0]E[0x87]H[0xb][0xf9][0x88][0xcc][0x0][0x3]<[0xdf]ih[0x8a]h[0xd3]R-[0x3][0x12][0x9b][0xf9][0x90]6[0xec][0x13][0xb2][0x9b][0xac]R[0x1c][0xb4][0xcb][0x8b][0xc8]Z[0x82]&e+h[0xef],-[0xec]'2i[\r][0xf0][0x4][0x96]![0xd2][0xc][0x12][0xa1][0xe8][0xa5]I[0xf0][0x83][0xf6][0x11]S;[0xf8][0x89]M[0xda]HsZ[0x84][0xfc]NV[0xd2]F[0xda][0x1f]O[0xc8]|[0xda][0x84]-[0xa2][0xe3]CU[0xfb][0x89]L[0xda][0xb4][0x9a]V!6zA[0xe7][0x18]@[0x93][0x16]-[0xaa]Xs[0xa4][0xe],[0xd2][0xee]#[0xf0].[0x19][0x1c][0xbb][0xaa][0xfc]s[0xf3][0xa0][0xcb][0xe8][\n]"
12:44:23.131 [main] DEBUG org.apache.http.wire -  << "Aumr~^qjaibIi[0x91]Br~[0x11][0xe8]tw[0xd0][0xa1][0xe7]I[0x99][0xc5][\n]"
12:44:23.131 [main] DEBUG org.apache.http.wire -  << "E[0x89][0xa0]S[0xe9][0x91]O[0x96]'zI[0x9d][0xa1]9"[0xda]i[0xe1]o[0xa4][0xe9]**T[0xe9]xv\[0x19]"MLA6(A7[\r]a[0xdf][0xda][0xe5]XZ[0xa2][0x90]Z\[0xa2][0x90][0x93][0x98][0x94]_T[0x9a][0xab]P[0x9c]X[0x90][0x99][0x9a]W[0x92][0x8a][0x8]Z[0xf0]*E[0xd0]*FrV*[0x1a]"MU[0xe5]%[0xe6]&B[0x16][0x8d][0x83]6[0x6][0xa0][0xae]+[0xcf][0x86][0x9e][0xf8][0x8f][0x90][0x87][0xb6]7[0x88]M[0xb6]HSV4[0x89]>D[[0x2][0xba]/[0x1d][0xba][0x87][0xc][0xd7][0xe][0xf8]`[0xd0][0x1a][0xcf][0xbc]D[0xf0][0xe1][0xff][0x89][0xe4][0x85][0x1c]b[0xa0][0xc]y[0x9f]/tW[0x16][0xf6]M[0x81]~[0x89]%[0xa5][0xc5][\n]"
12:44:23.131 [main] DEBUG org.apache.http.wire -  << "[0xa9]%[\n]"
12:44:23.131 [main] DEBUG org.apache.http.wire -  << "[0xc5][0x99]y%[0xe4][0xd9][0x8a]haS[0xb5][0xf4]#:[0x1e][0x7][0xb8][0xeb][0x8f][0xb4]+[0x1e]i+[0x1c],[0xb2][0xb1]m[0xbc][0xb][0xcb][0xcf])-(I,I-V(At[0x3]RK[0x14]RK[0xc1][0xb1][0xaf]P[\n]"
12:44:23.131 [main] DEBUG org.apache.http.wire -  << "^[0xe9]K^l [\n]"
12:44:23.131 [main] DEBUG org.apache.http.wire -  << "[0xa5][0x1][0x89][\r]z[0xcc][0x84][0xe2]+[0xcb]h1A[0x9][0x9a]DCN[0x8d]x&[0x11][\r][0x91]&)a[0A[0xfb]nq[0x9c][0x8e][0xe0][0x8][0xba][$[0xf]\1[0xc1][0x97]y[0x17][0x96]f*[0xe4][0x95][0xe6][0x16][0x96][0x92][0xd9][0x15][0xa4][0xc7]4&[0xde][0x10][0xc0]([0xf8][0xa0][0xe7][0x9][0xe0]8,[0xd3]3[0xb7] 5%[0xb3]D[0xa1]([0x15]T[0x9b][0xc0].[0x80][0x1]W[0xdc][0xa0]Z;[0x13][0x9c][0x1b][0xe0]]dp[0xad]C^}[0x8d]t[0xab][0xc7][0xc0]d[\r]DA[0x89][0xd8][0xd8][0xf]-[0x9c][0xb1][0x9f][0xba][0x85]t[0x15]MQjAiJfb^Jb*E[0x8d][0x16][0xa4][0x93][0xc]h[0x16][0x8]xS[0x7][0xa2]5G3[0xfb][0xf1][\r]f[0x82]F[0xfe][0xa1][0x8d][0xd5][0x81][0xb0][0x1f][0xdc][0xba][0x1c]P[0xfb]i[0xb0][0xbe][0xe][0xb9]l[0xc4][0x13][0xf6]FH[0xc7]1[0x10][\n]"
12:44:23.131 [main] DEBUG org.apache.http.wire -  << "{r[0xfa][0x81]F[0xa0]3[0xa6][0x7]2lA[0x87][0xef]C[0xed][0xa7][0xe9]*[0x1c]#ZM[0xe7][0x13][0xd7][0xe1]4[0x2][0x1d][0xad][\r][0xf5]'[0xa1]x[0xa4]E[0xdb][0x8]i:[0x9d]f[0xf6][0xe3])[0xc3][0x8c][0x90]&[0xd9]if?[0xbe]|[0x4][0xba]Tb@[0xc3][0x1f][0xd1][0xcf][0x18][0x18][0xff]#*R*[0xf4][0x8c][0xf1][0x86]4[0xa2][0xb6][0xa2][0xb1]Mt[0x9b][0xd2]6B[0xba]%[0x83][\n]"
12:44:23.131 [main] DEBUG org.apache.http.wire -  << "~[0xc2][0xd3][0x16]7B:[0xe5][0x80][0xb6][0xe5][0xa1][0x11][0xa2][0xc9]I[0x5]/[0xe1]K[0x10]H[0x17]d[0xd0][0xda]&D"[0xcf][0xcc]K[0xc9][0xcf][0xcd][0xc4][0xbc][0xbb]'1[0xbb]T[0xa1][0xb8]4;Q[0x1][0xa1][0x0]:[0x6]bD[0xf4][0xc9][0x9]FH3[0xe7][0x8]cP[0x87]Z[0xa8]c[0xf]RVJ[0xcc]-.[0xcd]KW[0x8]62V[0x8][0xcd]))J[0xc4][0x98]EB[0xaa][0xfe][0xcd][0xc][0x88];_[0xd9][0xd8][0x8]i[0x1e][0x9c][0xc6]q[0x83]4O[0x1d]L[0xd0]/[0xee][0x89]9[0x89][0x15][0x95][0x8][0x1f][0x11][0xdb]ZB[0x9a][0x8c][0xa6][0xb5]w[0xe8][0xb5] [0xc4][0x8][0xf9][0xdc][0x6][0x82][0x1][0x87][0x8]2C[0xe2][0x13][0x1][0xd2]q[\r]$[0x86][0x1a][0x0][0x0][0x0][0xff][0xff]"
12:44:23.131 [main] DEBUG org.apache.http.wire -  << "[\r][\n]"
12:44:23.132 [main] DEBUG org.apache.http.wire -  << "AF2[\r][\n]"
12:44:23.132 [main] DEBUG org.apache.http.wire -  << "[0x82]\,J[0xf4][0xf6]n#[0xd0][0x81]V[0xd0]Z[0x98][0xd6]6!F[0xb8]hm[0x13]"[0x93][0x6][0xe0]8[0xcf][0x3]t[0xce]NJjqvQfAq&[0xb9][0x83][0xaf]FHK[0x1d]h[5 [0xad]i[0xa0][0xb1]E[0x88][0x8e][0x15][0x8d]-B,[0x14][0xa3][0xb1]E[0x88]b[0x1][0xf5]$W[0xd0][0xa5]c8f^[0xc2]R[0x8b][0xc0][0xd7][0xfa]B[0xe]1@[0x1a][0xdd]D[0xdc][0xa2][0xab][0x90][0x92][0x99][0x9e][0x97]Y\[0x9c][0x99][0x9b]_L[0xce][0x10][0xa7][0x11][0xdd][0x16][0x8f][0x18]![0x1d][0x9a]@[0xe3][0x8c][0x87]t/[0x5][0xad]m[0xa2][a[0x82]t[0xf2][0x1][0xac][0x96][0x84][0xd4][0x85][\n]"
12:44:23.132 [main] DEBUG org.apache.http.wire -  << "[0x8e][0xc6][0xa4][0x9d][0xd6]C|[0xa1][0x8c]t[0x1a][0x2][\r]&u[0x8c][0x90][0x96][0xfb][0xc]H[0xcf][0x7]i[0x99][0xcf][0xc0][0xd8][0x8f]({[0x6][0xc6]~D[0x91]40[0xf6][0xa3]u4hw[0xee][0x94][0x11][0xd2]z [0xe4][0xd2][0x17]|[0x82][0xc][0xd6][0xa3]0A[0xd3][0xc][0x88]&[0x93][0x91]9[0xa8]%D[0xcc][0xd9]iFH+[0x83][0x90][0xef][0x83][0x0][0xdb]D[0xd4]![0xda][0x90][0x83]'[0x89][0xb3][0xb]Q[0xfa][0xc0][0xce][0xc4][0x81]L[0xe4]c?[0x14][0x7]:s[0x80][0xf0][0x96][0xa9]![0x91]G[0xfe][0x1b][0x1b][0x81]N[0x2][0x85][0xb6][0xcf]`31[0xb0][0xd3]kq[0x9c][0xb0][0xe][0x9d][0xb3]C[0xd8]fa[0x2]:[0x8c][0x97]8[0x8f]![0xe6][0xdd][0x10][0xb7][0xc8]A[0x8e][0xae][0xc5]QUBW[0x9]"l31[0x5][\r] [0x12]e[0x1b][0xd2]Q[0x7][0x90][0x19]{pdaM[0x16][0x90][0xb9]|[0x84]-F[0xe0]5[0x8b][0xc4][0xd9][0x82]h[0xd2] [0x1f].[0xe]1[0x11][0xd7][0xea]F[0xd4]dhj[0x9][0x9a][0x8e]"[0xce]6D[0xd9][0x2][0xbf][0x1e][0x7][0x1a]FX[0xaf][0xad][0x81][0x4].[0xc2]c[0xc6][0xe0][0xea][0x9a]8[0xab][0x10][0xc5][0x8]r[0xde][0x82]z[0xc]{R[0x84][0x9c][0x1a][0x8c]d[0x9d][0x5][0xa8]0&[0xce]:[0xc4]x[0x19][0xdc]gx[0xed][0x82][0x1c][0x19][0x8c][0xb0][0xcb][0x8c][0xe8][0xb3]z[0x8d]HXkE[0x93][0xb1][0xd9][0x1]^[0x8b]ed[0x86][0xc8][0x87][0xe0][0x86][0x14][\r]KhPI[0x4]-`[0x6][0xa4]2[0x1a][0xe0][0xa3][0x12][0x8c]hqT[0x2][0xfa]T;[0xbe][0xb1]8[0x12][0x8e]K[0xa0]IR[0x1f][0xe0][0xe3][0x14][0x8c][0x6]x[0xdd][0x9f][0x11][0xfa][0x2]5[0x1a]f5[0xe4][0x15]j4=[0xfc][0xd9][0x8]iU[0x18][0xad][0xcb][0xf][0xb][0xb4][0xc6]$[0xcd]v[0xb1][0x19]Y [0xc6][0x92][0xc1][0x9e][0xa2][0xa1]M[0x88][0xf6][0x1d][0xad]mB+[0xe8]i[0xe7]'[0xa4]%E[0x88]u[0x1b][0xd0][0xb6]"[0xae]V[0x90]cQrFfIjrI[0xbe][0x2]lEK1h}_>xejj1YK[0xed][0x8c][0x90][0x16][0x17][0x81]C[0x97][0x86]9[0xe][0xd4]l[0x83]Vn[0x8]OC[0xaf][0x95][0xc1][0xbe].[0xd4]/3#3G!5[0x11][0xb4]8[0x94][0xac]q[0x1d]K[0xba][0xe5][0x7]K[0xba][0xe5][0x7][0xa4][0xe5]&4[0x1d][0xac]3F:=[0x1]6[0xd8][0xe2][0x98][0x85]9[0xb1][0x82][0xef]Ld[0xa2]GY[0x8c][0x91][0x16]r[0x80][0xd3]![0xcd][0xf2][0x9e]1[0xf2][0xd5][0x13]4-[0xf8][0x8d][0x91][0x16]5[0xd0][0xd8]OH[0xd3][0xf7][0xb4][0xb6][0x9]1[0x9c]Oc[0x9b][0xa8];[0xa9][0x8c][0xa7][0xd5]g[0xc][0xba][0xf5][0x8]Z0!wJ[0xe1]]{lW[0xe4][0xf8][0xa5][0x16][0x96][0xa6]*[0x94]A[0x96][0xdd][0x16][0x83][\n]"
12:44:23.132 [main] DEBUG org.apache.http.wire -  << "([0x85][0xcc][0x14]h[0xc1][0x8c][0xbc][0xdf][0xe]4[0x12]BL[0x8f][0xce][0x18]i[0xd2][0x94][0xc6][0x1]K[0xb7][0xcd][0xb7][0xc6][0xa0][[0x83][0xa0][0x1]Kk?[0xd1][0xab][0xa0][0x7][0xdf][0x9c]B[0x1f]?![0xcd]3[0xd1]8[0xf4][0x90][0xa6]?[0x6][0xcf][0xb9]}[0xc6]H[0x13][0x18][0x83][0xc9]U[0x88][0xe6][0xe8]`r[0x15][0xa2]X[0x1e]L[0xae][0xb2][0xd4]Q[0x82][0xe6][0x95][0xc1]r[0xbf][0xa1][0xb1]1h[0x8c]m[0xf0]9[\n]"
12:44:23.132 [main] DEBUG org.apache.http.wire -  << "1|8[0x88]B[\n]"
12:44:23.132 [main] DEBUG org.apache.http.wire -  << "1[0xc8]H[0xe3][0x2][0x8]i`[0x9d][0xc6]6![0x9d][0xa8]Kk[0x9b][0xe8]V%![\r][0xd0]z[0x4]([0xe4]f[0x96][0xe4]c[0xac]~[0x2]7[0xd2]KR[0x8b][0x92][0x12][0x91]/[0xc4]1[0x5][0xe9]$[0xaa]u2[0xc0]c[0xb0][0xc6]Hc[0xb0]T[0x1b][0x18]%r[0xd5][0x94]1[0x9][0x83][0xb2][0x88][0xf1]u[0xd0][0xa8]#qk[0x9f][0x8d][0x7]x[0xd0][0xd5][0x98]V[0x83][0xae][0xc4]z[0x1f][0x91]O[0xa8][0x16][0xb5][0xa0][0xd0]':z[0x11]=w[0x9a][0xd9][0x8f]g[0xe9]7[0xf8][0xce]vh}D3[0xfb][0xf1][0xf5]~[0x90]6C[0xf][0x8c][0xfd][0x88]F[0xc2][0x80][0xd8][0x8f]4[0xe6]<0[0xf6]#[0xa6]D[0x7][0xc6]~[0xc4]$[0xe9][0xc0][0xd8][0x8f]h[0xfa][0xc][0x8c][0xfd][0x88][0xf2][0x87]V[0xb5]'[0xd2][0x95][0xda][0x83][0xa7]ug[0x81][0xc8]wTh[0x9][0x19][0xeb](9C[0xb7][0xcf][0xa7][0x16]+YE#][0x1a]i[0x8c][0xb4][0x81]w[0xf0]x[0x1f]i[0xe0][0x1b][0xba].U[0xc1]5'[0x11][0xcb][0x85][0xe9][0xa0][0x8b][0x1f][0xc1][0xfb]#[0xc1]r[0xd0]5[0xbd][0xa0]AXx[0xc3][0x9][0xaf][0xdf][0x11][0xa9][0x9b][0x6][0xab][0xc7][0x8c][0x91][0x6][0xb8][0xdd]J[0x8b][0xf2]2KJ[0x8b]R[0x15]B[0xf2]1o[0xb5]E[0xc8][0xa6]$[0x16]e*x[0xa5][0x16]$[0x82][0x17][0xc9]C[0xfd]c[0x8]Z[0xe5][0x6][0xf7][0x10][0xbe][0xea][0x82]n[0x3][0xdd]&H[0xa7][0x7]S![0x81][0xe2][0xf1][0x93][0x9][0xd2]H7"[0x9c]h[0x19][0x8a]&H[0xfb][\n]"
12:44:23.132 [main] DEBUG org.apache.http.wire -  << "i[0xed]7D[0xf1][0x86]XE[0x4]Yy[0x82]c[0x15][0x91]cNfb[0xb1]BZiz[0xa2]B)[0xf2][0xa4][0x12][0xf8]8gb[0xd2][0x88][0x89][0x1]b[0x8c][0xc4][0xb3] #?/U[0xc1][0xd0]P[0xc1][0xcc]D!=[0x9]{[0xc7]$#[0x11]tx[0x8a][0x2][0xfa]}[0xb1]D[0xcf][0x1e][0x98][0x80]6t@[0xdb]P0[0xb][0x8d]hj![0xd2][0xd0]>[0xcc]B[0xda][0xfa][0x10][0xe9][0xbc]a:Y[0x88]([0xb8]h[0x9c]B[\r]1[0x86][0x19][0xcc]i[0x94]L[0xc][0x11][0xe9]2 1'[0xd1]'[0xdf][0x7][0xcf]t[0x16][0x96][0xd4][0x8][0x1a][0xcf][0x86]g[0x0]<[0xdb][0xd4]Lh{[0xb][0xb3][0x9]hQ[0x1f]4[0xb9][0xd3][0xa0]R1A[0xda]8[0xe8]T[0x94][0x98][0x9c][0x9a][0x93][0x8a]y[0x7][0xab]obJ[0xaa]B~[0x9a]BFfz[0x86]BaibNfI[0xa5]BAjbQN1[0xa2][0x13]l[0x4]2[0x9][0x1e]`[0xf8]J`[0xa4]Cqi[0xe2]#D[0x1b][0x97]&[0xc6]#[0xf2][\n]"
12:44:23.132 [main] DEBUG org.apache.http.wire -  << "[0xdd][0x2][0xc]Q[0xac][0xd3][0xcd]JD>[0xa5][0xa6][0x95][0xf8][0xf2][0x11][0xd2][0xcc][0x1c]5[0xad][0xc4][0x9b][0x12][0x11]e[0x4][0x8d][0xcb]=[0xa4][0xcd][0x85]4[0xea]x[0x98] M[0xf5][0xd1]2[0xfc][0xaa][0x95]<][0x94][0xac][0xc][0x8d],[0x90][0x8a]r[0xc7][0xe4][0xe4][0xd4][0xe2][0xe2][0xfc][0xa2][0xcc]TP[0x81][0x80][0xba][0xfb][0xb3]$_!5/#1/9U![0xb1][0x0]Th[0x80][0x98]J[0xb5]H}[0x6][0x13][0xa4][0xfd][0x90][0xc5][0xa9][0x5][0xa9])[0x98][0x5]ubf%H[0x10][0xda][0x80][0x5][0xef][0xa3] [0xaa][0xa8]A[0xda][0x4]I[0xcb]0A[0xf1][0xc][0xa2]|[0xa0][0xb6]g[0xe8]_[0xc][0x80]6[0x1]@+[0x9f]`p[0xcc]([0xf8]d[0x16][0x97][0x14][0x81][0xc7][0x95]Q[0xa3][0x19]*[0x9d][0x3][0x91]V[0xc8]KOM*[0x5][0xd5]$[0xa4]G[0x19]b[0x88][0xe]j&[0xd4]J[0x5][0xa7][0xc4][0x9c]D[0xcc][0xce][0xe]T[0x11][0xaa][0xc5][\n]"
12:44:23.132 [main] DEBUG org.apache.http.wire -  << "I[0x89]y[0xe9][0xe0][0x9a][0xc]j[0xbf])h[0xeb][\r]qI[0x6]Q&[0xd0]-[0xc9] &[0xf4][0xe8]f%b@[0x80]^V"MqCO[0xb4][0x83][0xf6]L[0xb0]-[0xb9][0x8]-QH-*[0xca]/R(JM.-[0x86][0x9c][T[0x90][0xf][0xda][0xf5]WZ[0xac][0x90][0x9b][0x9f][0x3][0xba]5>1[0x15]tH[0xa0]B&[0xe4][0x0]([0xa4]5c[0xc4]w^[0x90].[0xb3]Ft[0x98]|2[0xf3]R[0xf3][0x14][0x9c][0xf2]KJr07[0xcd][0x83][0x8e]/,H-*.[0xc8]L[0xce]L,[0xc9],[0x86].[0x3]QH[0xc9]L.IT([0xc8]/*[0xca]W[0xc8],(.[0xcd]UHE>[0x85][0x8f][0x4]'![0x9a]/t[0x8b][0x19]D[0x91][0x5][0xd9][0xe][0x2][0x9][0x1][0xf7][0x9c][0xfc]2,[0x5][0xba]ZZfrff[0xb1][0x2][0xf2][0xb9][0x98][0x89]y[0x99][0xb9][0x99][0xf0][0x88])[0x86]-[0x96])IUHI[0xcd]I[0xcd][0xcb],[0xc9]$/~[0xe8]_[0xe4]!m[0xda]t[0xcf]/JO[0xcd]/-V[0x80][0xed][0xb6]H,[0xc2][0xe8][0xac][0xf8][0x83][0xce][0x1e][0x3][0xaf][0xd1],[0xcd][0x5][0xdd][0xaf][\r]M[0x2][0xe0]s[0xc6]2[0xf3][0x8b]![0xe7]1*$[0xe6]d[0x16][0x96]f[0xa6]([0x14]g[0x92][0xd7][0xc9]FZ[0x1e][0x81]H[0xa7][0xb0][0xdd]-[0xce][0xf9][0x89][0xa0][0x92][0x16][0xb5]<v-[0x1][0xf5][0xea]3[0x13]K[0x14] kFs3[0xf3]2s[0x13]a'[0xc3])[0x14][0x97][0x16]'g[0x16][0x90][0xeb][0x1a]D[0x11][0x89][0xbc][0xe3]+<??G!8#[0xb3][0x8][0xab]k@g~B[0x97]P[0x95]d&[0x95][0x16]+[0x14][0xe4]$&[0xa7]&[0x96]([0xa4][0x92][0x19]$[0x88]B[0x93][0xc6]m7P[0xd5][0x1][0xad][0x4][0x15]0[0xe2][0x1f]<[0xd9]J[0xf1][0x98][0x6][0xd2][0xa9][0xe8]dy[0x86][0xc8][0xf9]/[0x13][0xa4][0x13][0xd2][0xc9][0xb2][0x87][0xf8]Q[0x1a][0xa4][0xb3][0xd0][0xe9]U[0x8c]!my[0xa4][0x9b][0x95][0x88][0xc6][\n]"
12:44:23.132 [main] DEBUG org.apache.http.wire -  << "[0xdd][0xac]Dd>[0xba]YI[0xbf][0xac][0x86]h[0x96][0xd0]8}"o[0x81][0x84][0xac][0xc][0xc6][0xbc][0xc0][0x16]_[0xde]6A[0x99][0x15]@[0xef]d[0xc2]:I[0xa6]H[\r][0xc][0xf7][0xc4][0xdc]L[0xf0][0xb4][0x2]jA[0xed][0x96]_[0xa4][0x0]Y[0xdb][0xad]PPZT[0x90]_[0x9c]Z[0x8c][0xda];[0xa2][0xdb]*[0x16][0x13][0xa4][[0xa0]i[0x1d][0xfa]H-[0xe]H[0xe8][0x9b][0xd2][0xa8]d5C[0xb4] h[0xed]'[0xc4][0x90][0x9][0xad]mB[0x94]:P[0x9b][0x6]m[0xda]E[0x14]V8][0x8a][0x18]B[0xc4]W[0x8b]Q5Ga[0x94]g[0x83]6[0xfc]0[0xca]CL[0x97][0xd2]?[0xfc][0x90][0x16]IAc[0x95]V[0xb9][0x17]i[0xb9][0x94]_bq[0xa6][0x82]Kbi[0x9e][0x82]WjQ)[0xe6][0x81][0xee]`[0xf9][0xf2][0xd4][0xbc][0xc4][0xec]l[0x85][0x92][0xd4][0xbc][0xc4]<[0x85][0xdc][0xd2][0xa2][0xdc]TP[0x8b][0x1d]:[0x6]`h[0x89][0xff]X3X[0x12][0xb3]@:[0xe4]69?[0xaf]$?C7[0x19]1[0xdd][0xad][0xa3][0x84]V~'[0x16]gd[0xe6][0xe7]%&[0xe5][0xa4][0xa2][0x96][0xdb]HK[0xad][0xc0]nC[0xb8]]![0xb1]21W!=[0xbf]([0x15]K}[0x0]VK% [0xd2]9a`[0xaa]@[0x19][0xa3]C[0xda]-K[0xeb]8[0xa7][9[0x8a]t[0xf3][0x4][0xad][0xfd][0x84][0x91][0x8f]i[0x95]c[0xe8][0xb6][0xd5][0xd5][0x4]i[0xab]+[0xc1]e[0xe8][0xf4]*[0xd9][0x91][0xf6][0xc4][0xe2]p[0x13][0xa2][0xb9][0x85](7[0xe9][0xd7][0x96]C:[0xec]p[0xba][0x8f]n[0xe9][0x14]iW,[0x8e][0x90][0x18][0x88][0xf8]AZ(4[0x98]\E[0xb7][0xd6]2[0xd2][0x12]#[0xec][0xab][0xb7][0x6]6[0xfb] [0xad]G[0xc2][0xee][0xbc][0x1]I3[0x88]Z[0x16][0xbb][0xa3][0x6]4[0xcc]L[0x91]VVaw[0xde][0x0][0x84][0x99])[0xd2]",[0xda][0xd6][0xbc][0xa6]H[0x8b][0xaf][0xb0]{[0x80]c[0x7][0xd1][0xd8][0xc1][0xee][0xbc][0x1][0x89][0x1d][0x8c][0xfe]%[0x8d]Z+[0xe0]s[0x89][0xa0]C[0xab][0xd8][0xbd]?[0xb0][0xb1][0x83][0xb4][0xf2][0xb][0xbb][0xf3][0x6]"v[0x90]V[0x87]aw[0xd4][0x0][0x87][0x19][0xa2][0xb2][0xc2][0xee][0xbc][0x1][0x9]3z[0x8d][0x2][0x99]"[0xad][0x8a][0xa0]q[0xc9]fH[0xb7]\[0x8a][0xb4][0x94][0x8e][0xd6]~B[0xd4][0xa5]4[0xb6][0x9][0xb4]Z[\r]Z[0xf2][0xd0][0xda]&[0xc4][0x84].[0xad]m[0xa2][*[0xa7][0xdb]9[0xf6][0xa6]H[0xab][0xc2]h[0x1d]z[0x18]c[0x95][0xb4][0xaa][0xf5][0x90]n{[0xa7][0xb5][0x9f][0xe8][0xd5][0x9f]3EZ}Fc?![0xad][0x16][0xa3][0xb5]M[0x88][0x9c][0x8b][0xbd]*[0x1b][0xd8][0x9a][0xd6][0x18][0x91][0xdd][0xb1];o jZ[0xe4][0x15]c4[0x9d][0xd9]1[0xa5][0xdb][0x1][0xfa][0xa6][0xc6][0x88][0x92][0xc1]#@[0xc1]9[0xbf](U!S[0x1][0xb3]p[0xc8]I-([0xc9]/P[0xc0][0xd8]ym[0x9][0x2][0xc4]m[0x90]55[0xa6][[0x5][0x88][0xb4][0x1c][0x8b]n[[0xf1]`#[0xec][0xa6]H7P[0xc1]7[0xe1]`L[0x0][0xa6]a[0x9b][0x19][0xd5]A[0x98][0x81][0xe8]:[0x91]h[0x6][0xd2]rM[0xe4][0x9]Z[0xaa][0x5][0x3]Q[0xa3][0x9d][0x83]([0x8][0x10][0xc5][0x1c][0xa1] @[0x94]([0xa0]][0xd7]x[0xd2]4"[0x96][0x10][0x85][0x14][0x89][0xb1]D[0xf5][0x98]FtL[0x8]y[0x93][0x16][0xe7]}[0x9a]"[0x1d][0xbc]CU[0xfb]i[0x1b][0xb](y[0x5][0xd1][0xe3][0xa0][0xaa][0xf][0x86]Z~A[0x94][0xd1]4[0xb][0x6][0xf4]C[0x4][0x6]c~B[0xb4]-i[0x16][0xc]8[0xd7][0xd5][0xc][0x9e][0xd2][0x13]iu[0xe0][0x88][0xe][0x86][0x1]8[0xd9]`[0x10]f[\n]"
12:44:23.132 [main] DEBUG org.apache.http.wire -  << "[0xa4][0x85][0x9c]#:5[0xc]@];[0x18]S[0x3][0xa2][0xf1]3[0xa2]S[0x3][0xa2][0xa5]>[0xa2][0x83][0x1][0xd1]|[0x82][\r]\[0x98][0x9a]bv#[0xf1][0xad]:%z[0xfd][0xb5][0xa9])[0xa2][0xcf]J[0xdd]mh[0xa6]H[0xe7][0xb7]y[0xe6][0x95][0xa4][0xe6][0xe4]d[0xa6][0xa7][0xe6][0x95]([0x4][0x97][0xa4][0xa6][0x82][0x96][0xff][0xe7]c[0xd9]2[0xe2][0x99][0x2][0xda]6\[0x9c][0xa9][0x0][0xba][0xab][0xbe]X[0x1]|9{aib1Y[0x9b]BLM[0x11][\r][0xf]X8b[0xf4][0x1d][0xa9][0x13][0x88][0x98][0x8b][0x84][0xa9][0x1b]][0xb1][0xb5]\[0x0][0x0][0x0][0x0][0xff][0xff]"
12:44:23.132 [main] DEBUG org.apache.http.wire -  << "[\r][\n]"
12:44:23.132 [main] DEBUG org.apache.http.wire -  << "A[\r][\n]"
12:44:23.132 [main] DEBUG org.apache.http.wire -  << "[0x3][0x0][0xf2]B[0xf6][0x1e][0x15][0xe5][0x0][0x0]"
12:44:23.132 [main] DEBUG org.apache.http.wire -  << "[\r][\n]"
12:44:23.133 [main] DEBUG org.apache.http.wire -  << "0[\r][\n]"
12:44:23.133 [main] DEBUG org.apache.http.wire -  << "[\r][\n]"
12:44:23.133 [main] DEBUG io.restassured.internal.RestAssuredHttpBuilder - Parsed data to instance of: class org.apache.http.conn.EofSensorInputStream
12:44:23.135 [main] DEBUG org.apache.http.impl.conn.BasicClientConnectionManager - Releasing connection org.apache.http.impl.conn.ManagedClientConnectionImpl@596707f5
12:44:23.135 [main] DEBUG org.apache.http.impl.conn.BasicClientConnectionManager - Connection can be kept alive indefinitely
12:44:23.165 [Finalizer] DEBUG org.apache.http.impl.conn.DefaultClientConnection - Connection 0.0.0.0:65208<->149.248.193.56:443 closed
12:44:23.166 [Finalizer] DEBUG org.apache.http.impl.conn.DefaultClientConnection - Connection 0.0.0.0:65206<->149.248.193.56:443 closed
12:44:23.168 [Finalizer] DEBUG org.apache.http.impl.conn.DefaultClientConnection - Connection 0.0.0.0:65207<->149.248.193.56:443 closed
12:44:23.177 [main] DEBUG net.thucydides.core.steps.StepInterceptor - STEP DONE: I send HTTP GET request
  &amp#27;[32mWhen &amp#27;[0m&amp#27;[32mI send GET HTTP request&amp#27;[0m                       &amp#27;[90m# starter.stepdefinitions.UserSteps.iSendGETHTTPRequest()&amp#27;[0m
12:44:23.183 [main] DEBUG net.thucydides.core.steps.StepInterceptor - STARTING STEP: UserSteps.iReceiveValidHTTPResponseCode404 - I receive valids HTTP response code 404
  &amp#27;[31mThen &amp#27;[0m&amp#27;[31mI receive valid HTTP response code 404&amp#27;[0m        &amp#27;[90m# starter.stepdefinitions.UserSteps.iReceiveValidHTTPResponseCode404()&amp#27;[0m
      &amp#27;[31mjava.lang.AssertionError: 1 expectation failed.
Expected status code <404> but was <200>.

	at java.base/jdk.internal.reflect.NativeConstructorAccessorImpl.newInstance0(Native Method)
	at java.base/jdk.internal.reflect.NativeConstructorAccessorImpl.newInstance(NativeConstructorAccessorImpl.java:62)
	at java.base/jdk.internal.reflect.DelegatingConstructorAccessorImpl.newInstance(DelegatingConstructorAccessorImpl.java:45)
	at java.base/java.lang.reflect.Constructor.newInstanceWithCaller(Constructor.java:500)
	at java.base/java.lang.reflect.Constructor.newInstance(Constructor.java:481)
	at org.codehaus.groovy.reflection.CachedConstructor.invoke(CachedConstructor.java:73)
	at org.codehaus.groovy.reflection.CachedConstructor.doConstructorInvoke(CachedConstructor.java:60)
	at org.codehaus.groovy.runtime.callsite.ConstructorSite$ConstructorSiteNoUnwrap.callConstructor(ConstructorSite.java:86)
	at org.codehaus.groovy.runtime.callsite.AbstractCallSite.callConstructor(AbstractCallSite.java:277)
	at io.restassured.internal.ResponseSpecificationImpl$HamcrestAssertionClosure.validate(ResponseSpecificationImpl.groovy:512)
	at io.restassured.internal.ResponseSpecificationImpl$HamcrestAssertionClosure$validate$1.call(Unknown Source)
	at io.restassured.internal.ResponseSpecificationImpl.validateResponseIfRequired(ResponseSpecificationImpl.groovy:696)
	at io.restassured.internal.ResponseSpecificationImpl.this$2$validateResponseIfRequired(ResponseSpecificationImpl.groovy)
	at jdk.internal.reflect.GeneratedMethodAccessor155.invoke(Unknown Source)
	at java.base/jdk.internal.reflect.DelegatingMethodAccessorImpl.invoke(DelegatingMethodAccessorImpl.java:43)
	at java.base/java.lang.reflect.Method.invoke(Method.java:564)
	at org.codehaus.groovy.runtime.callsite.PlainObjectMetaMethodSite.doInvoke(PlainObjectMetaMethodSite.java:43)
	at org.codehaus.groovy.runtime.callsite.PogoMetaMethodSite$PogoCachedMethodSiteNoUnwrapNoCoerce.invoke(PogoMetaMethodSite.java:198)
	at org.codehaus.groovy.runtime.callsite.PogoMetaMethodSite.callCurrent(PogoMetaMethodSite.java:62)
	at org.codehaus.groovy.runtime.callsite.AbstractCallSite.callCurrent(AbstractCallSite.java:185)
	at io.restassured.internal.ResponseSpecificationImpl.statusCode(ResponseSpecificationImpl.groovy:135)
	at io.restassured.specification.ResponseSpecification$statusCode$0.callCurrent(Unknown Source)
	at io.restassured.internal.ResponseSpecificationImpl.statusCode(ResponseSpecificationImpl.groovy:143)
	at io.restassured.internal.ValidatableResponseOptionsImpl.statusCode(ValidatableResponseOptionsImpl.java:89)
	at MiniprojectApi@1.0-SNAPSHOT/starter.user.NGetAllProduct.lambda$iReceiveValidHTTPResponseCode404$0(NGetAllProduct.java:22)
	at net.serenitybdd.rest.SerenityRest.restAssuredThat(SerenityRest.java:626)
	at MiniprojectApi@1.0-SNAPSHOT/starter.user.NGetAllProduct.iReceiveValidHTTPResponseCode404(NGetAllProduct.java:22)
	at MiniprojectApi@1.0-SNAPSHOT/starter.user.NGetAllProduct$ByteBuddy$T6rU2pu4.iReceiveValidHTTPResponseCode404$accessor$SNdTGYJw(Unknown Source)
	at java.base/jdk.internal.reflect.NativeMethodAccessorImpl.invoke0(Native Method)
	at java.base/jdk.internal.reflect.NativeMethodAccessorImpl.invoke(NativeMethodAccessorImpl.java:62)
	at java.base/jdk.internal.reflect.DelegatingMethodAccessorImpl.invoke(DelegatingMethodAccessorImpl.java:43)
	at java.base/java.lang.reflect.Method.invoke(Method.java:564)
	at net.thucydides.core.steps.StepInterceptor.invokeMethod(StepInterceptor.java:503)
	at net.thucydides.core.steps.StepInterceptor.executeTestStepMethod(StepInterceptor.java:483)
	at net.thucydides.core.steps.StepInterceptor.runTestStep(StepInterceptor.java:457)
	at net.thucydides.core.steps.StepInterceptor.runOrSkipMethod(StepInterceptor.java:209)
	at net.thucydides.core.steps.StepInterceptor.testStepResult(StepInterceptor.java:196)
	at net.thucydides.core.steps.StepInterceptor.intercept(StepInterceptor.java:84)
	at net.thucydides.core.steps.ProxyConfiguration$InterceptorDispatcher.intercept(ProxyConfiguration.java:51)
	at MiniprojectApi@1.0-SNAPSHOT/starter.user.NGetAllProduct$ByteBuddy$T6rU2pu4.iReceiveValidHTTPResponseCode404(Unknown Source)
	at MiniprojectApi@1.0-SNAPSHOT/starter.stepdefinitions.UserSteps.iReceiveValidHTTPResponseCode404(UserSteps.java:40)
	at âœ½.I receive valid HTTP response code 404(file:///C:/Users/Lenovo/IdeaProjects/MiniProject/MiniprojectApi/src/test/resources/api/user.feature:248)
&amp#27;[0m
12:44:23.201 [main] ERROR  - 
  _____   ___   ___   _____     ___     _     ___   _      ___   ___  
 |_   _| | __| / __| |_   _|   | __|   /_\   |_ _| | |    | __| |   \ 
   | |   | _|  \__ \   | |     | _|   / _ \   | |  | |__  | _|  | |) |
   |_|   |___| |___/   |_|     |_|   /_/ \_\ |___| |____| |___| |___/ 

GET - As admin I cannot get all orders
-----------------------------------------------------------------------
12:44:23.202 [main] DEBUG  - RELATED ISSUES: 
12:44:23.202 [main] ERROR  -     Test failed at step: I receive valids HTTP response code 404
12:44:23.202 [main] ERROR  -     1 expectation failed.Expected status code <404> but was <200>.
]]></system-out>
  </testcase>
  <testcase name="GET - As admin I can get order by ID" classname="User" time="0.568">
    <system-out><![CDATA[
@TC-0037
Scenario: GET - As admin I can get order by ID &amp#27;[90m# src/test/resources/api/user.feature:251&amp#27;[0m
12:44:23.229 [main] INFO io.cucumber.core.plugin.SerenityReporter - Running feature from file:///C:/Users/Lenovo/IdeaProjects/MiniProject/MiniprojectApi/src/test/resources/api/user.feature
12:44:23.229 [main] WARN io.cucumber.core.plugin.SerenityReporter - Feature from file:///C:/Users/Lenovo/IdeaProjects/MiniProject/MiniprojectApi/src/test/resources/api/user.feature is not under the 'features' directory. Requirements report will not be correctly generated!
12:44:23.234 [main] INFO  - 
  _____   ___   ___   _____     ___   _____     _     ___   _____   ___   ___  
 |_   _| | __| / __| |_   _|   / __| |_   _|   /_\   | _ \ |_   _| | __| |   \ 
   | |   | _|  \__ \   | |     \__ \   | |    / _ \  |   /   | |   | _|  | |) |
   |_|   |___| |___/   |_|     |___/   |_|   /_/ \_\ |_|_\   |_|   |___| |___/ 

GET - As admin I can get order by ID(user;get---as-admin-i-can-get-order-by-id)
--------------------------------------------------------------------------------
12:44:23.388 [main] DEBUG net.thucydides.core.steps.StepInterceptor - STARTING STEP: UserSteps.iSetGETApiEndpointsOrderId - I set the GET api endpoints oder Id
12:44:23.389 [main] DEBUG net.thucydides.core.steps.StepInterceptor - STEP DONE: I set the GET api endpoints oder Id
  &amp#27;[32mGiven &amp#27;[0m&amp#27;[32mI set GET api endpoints order Id&amp#27;[0m       &amp#27;[90m# starter.stepdefinitions.UserSteps.iSetGETApiEndpointsOrderId()&amp#27;[0m
12:44:23.393 [main] DEBUG net.thucydides.core.steps.StepInterceptor - STARTING STEP: UserSteps.iSendGETHTTPRequest - I send HTTP GET request
12:44:23.395 [main] DEBUG net.thucydides.core.steps.StepInterceptor - STARTING STEP: GetAllProduct.iSendGETHTTPRequest - I set the GET api endpoints
12:44:23.395 [main] DEBUG net.thucydides.core.steps.StepInterceptor - STEP DONE: I set the GET api endpoints
12:44:23.400 [main] DEBUG org.apache.http.impl.conn.BasicClientConnectionManager - Get connection for route {s}->https://altashop-api.fly.dev:443
12:44:23.401 [main] DEBUG org.apache.http.impl.conn.DefaultClientConnectionOperator - Connecting to altashop-api.fly.dev:443
12:44:23.492 [main] DEBUG org.apache.http.client.protocol.RequestAddCookies - CookieSpec selected: ignoreCookies
12:44:23.492 [main] DEBUG org.apache.http.client.protocol.RequestAuthCache - Auth cache not set in the context
12:44:23.492 [main] DEBUG org.apache.http.client.protocol.RequestTargetAuthentication - Target auth state: UNCHALLENGED
12:44:23.492 [main] DEBUG org.apache.http.client.protocol.RequestProxyAuthentication - Proxy auth state: UNCHALLENGED
12:44:23.492 [main] DEBUG org.apache.http.impl.client.DefaultHttpClient - Attempt 1 to execute request
12:44:23.492 [main] DEBUG org.apache.http.impl.conn.DefaultClientConnection - Sending request: GET /api/products HTTP/1.1
12:44:23.492 [main] DEBUG org.apache.http.wire -  >> "GET /api/products HTTP/1.1[\r][\n]"
12:44:23.492 [main] DEBUG org.apache.http.wire -  >> "Accept: */*[\r][\n]"
12:44:23.492 [main] DEBUG org.apache.http.wire -  >> "Host: altashop-api.fly.dev[\r][\n]"
12:44:23.492 [main] DEBUG org.apache.http.wire -  >> "Connection: Keep-Alive[\r][\n]"
12:44:23.492 [main] DEBUG org.apache.http.wire -  >> "User-Agent: Apache-HttpClient/4.5.13 (Java/14.0.2)[\r][\n]"
12:44:23.492 [main] DEBUG org.apache.http.wire -  >> "Accept-Encoding: gzip,deflate[\r][\n]"
12:44:23.492 [main] DEBUG org.apache.http.wire -  >> "[\r][\n]"
12:44:23.492 [main] DEBUG org.apache.http.headers - >> GET /api/products HTTP/1.1
12:44:23.492 [main] DEBUG org.apache.http.headers - >> Accept: */*
12:44:23.492 [main] DEBUG org.apache.http.headers - >> Host: altashop-api.fly.dev
12:44:23.492 [main] DEBUG org.apache.http.headers - >> Connection: Keep-Alive
12:44:23.492 [main] DEBUG org.apache.http.headers - >> User-Agent: Apache-HttpClient/4.5.13 (Java/14.0.2)
12:44:23.492 [main] DEBUG org.apache.http.headers - >> Accept-Encoding: gzip,deflate
12:44:23.720 [main] DEBUG org.apache.http.wire -  << "HTTP/1.1 200 OK[\r][\n]"
12:44:23.720 [main] DEBUG org.apache.http.wire -  << "content-type: application/json[\r][\n]"
12:44:23.720 [main] DEBUG org.apache.http.wire -  << "date: Sat, 06 May 2023 05:53:09 GMT[\r][\n]"
12:44:23.720 [main] DEBUG org.apache.http.wire -  << "transfer-encoding: chunked[\r][\n]"
12:44:23.720 [main] DEBUG org.apache.http.wire -  << "content-encoding: gzip[\r][\n]"
12:44:23.720 [main] DEBUG org.apache.http.wire -  << "server: Fly/3f2597ca (2023-05-03)[\r][\n]"
12:44:23.720 [main] DEBUG org.apache.http.wire -  << "via: 1.1 fly.io[\r][\n]"
12:44:23.720 [main] DEBUG org.apache.http.wire -  << "fly-request-id: 01GZQSY23F9YP99HB1SQZ8E1ZH-sin[\r][\n]"
12:44:23.721 [main] DEBUG org.apache.http.wire -  << "[\r][\n]"
12:44:23.721 [main] DEBUG org.apache.http.impl.conn.DefaultClientConnection - Receiving response: HTTP/1.1 200 OK
12:44:23.721 [main] DEBUG org.apache.http.headers - << HTTP/1.1 200 OK
12:44:23.721 [main] DEBUG org.apache.http.headers - << content-type: application/json
12:44:23.721 [main] DEBUG org.apache.http.headers - << date: Sat, 06 May 2023 05:53:09 GMT
12:44:23.721 [main] DEBUG org.apache.http.headers - << transfer-encoding: chunked
12:44:23.721 [main] DEBUG org.apache.http.headers - << content-encoding: gzip
12:44:23.721 [main] DEBUG org.apache.http.headers - << server: Fly/3f2597ca (2023-05-03)
12:44:23.721 [main] DEBUG org.apache.http.headers - << via: 1.1 fly.io
12:44:23.721 [main] DEBUG org.apache.http.headers - << fly-request-id: 01GZQSY23F9YP99HB1SQZ8E1ZH-sin
12:44:23.721 [main] DEBUG org.apache.http.impl.client.DefaultHttpClient - Connection can be kept alive indefinitely
12:44:23.721 [main] DEBUG io.restassured.internal.RestAssuredHttpBuilder - Parsing response as: application/json
12:44:23.721 [main] DEBUG org.apache.http.wire -  << "4C7[\r][\n]"
12:44:23.721 [main] DEBUG org.apache.http.wire -  << "[0x1f][0x8b][0x8][0x0][0x0][0x0][0x0][0x0][0x4][0xff][0xaa]VJI,IT[0xb2][0x8a][0xae]V[0xf2]tQ[0xb2]24[0xb2][0xb0]0[0xd7]Q[0xf2]K[0xcc]MU[0xb2]Rr[0xcd][0xcb]/[0xca][0xcd]/-Vp[0xce]/)[0xc9][0xcf]Sp[0xce][0xcf]-(-I-R[0xd2]QrI-N.[0xca],([0xc9][0xcc][0xcf]S[0xb2]R[\n]"
12:44:23.721 [main] DEBUG org.apache.http.wire -  << "-Q[0xc8]KMN-.[0xce],I,[0xc9]L*-V([0xcb],ILU[0xc8],-JUH[0xc9][0xcf][0xc9]/J-V(J-H[0xcd][0xc9]I[0xcd]K)-V([0xce][0xcc][0xcd][0xcc][0xc9],,M[0xd5]S[0xd2]Q[\n]"
12:44:23.721 [main] DEBUG org.apache.http.wire -  << "([0xca]LNU[0xb2][0xb2]4[0xd4]Q[\n]"
12:44:23.721 [main] DEBUG org.apache.http.wire -  << "J,[0xc9][0xcc]K/V[0xb2]2[0xd1]QrN,IM[0xcf]/[0xca]L-V[0xb2][0x8a][0x8e][0xad][0xd5]A[0xb8][0xd0][0x2][0xee][0xc2][0x80][0xa2][0xc4][0xe4][0x92][0xcc][0xe4][0xc4][0x1c][0x5][0xdf][0xc4][0xa2][0xa4][0x9c]T[0x85][0x90][0xc4][0xa4][0x9c]T[0xc][0xf7][0x85][0xa4][0xe6][0x16][0xe4][0x17][0x81][0x1d]V\[0x9a]W[0xa2][0x90]X\[0x90]Z[0x94][0x9]r[0x15][0x92][0xfd][0x16]FH[0xf6][0x1b][0xe3][0xb3][0xdf][0x12]nPiqIf[0xb2][0x82]{Qb^fI[0xaa]BpF~j1[0xa6][0xed][0xf9]%[0x89][0xb9][\n]"
12:44:23.721 [main] DEBUG org.apache.http.wire -  << "[0x85][0xa5] [0xfb]S[0x12]s[0x15][0xca]Rs[0x90][0xac]51#[0xd2]ZK[0x3][0xb8][0xb5][0xc1][0xf9]y[0x95][\n]"
12:44:23.721 [main] DEBUG org.apache.http.wire -  << "[0x1][0xc1][0xa6][0x18]V[0x15][0xe4]$V*d$[0x16]+[0xe4][0xe5]+[0xe4]d[0xe6]f[0x96][0x80]\[0x3][\r]_#KK$[0x9b][0xf0][0x5][0xb0][0xa5][0x11][0xdd]l2[0xa6][0xa6]M[0x86]x"[0xcd][0xd2][0x94]n6[0x99][0xc1]mr-J[0xcf][0xcf][0xcb][0xcf][0xcd]LV[0x8][0xcf][0xcf]OI[0xcd]Sp[0xcf][0xc9]/[0xc3][0x92]B[0x82]3s[0xb2][0x11][0x19][0xc1][0xd8][0xd2][0x18]9M[0x98][0xe2][0xf3][0x15]"[0xb3][0xba][0xe7][0x17][0xa5][0xa7][0x82]2+[0xc8]0\[0x16]A22[0xc2]*3[0xb]Cc[0xa4]Da[0x80][0xcf]*D[0xae]sL-[0xca]O[0xa9][0xcc]K[0x4]y[0xc][0x9a][0xef][0x82]32[0x8b]J0[0x92][0xa3]gQ~[0x1e][0xc2]2[0xb][0x13]S[0xe4],[0x86][0xd7]_[0x88],[0xe6]RZ[0x4][0xca][0xd3][0xf0]<[0xe6][0x94][0x98][0x8e]a[0x8f]s~^rQj[0x9]([0xe3]C[0x13][0xbb][0xb1][0x85][0xa1][0x1][0x92][0xc7][0xf0][0xa4]vK[0x3]D[0xbe][0x82][0x87]a@bAj[0x11][0xee][0xf2][0xe][0x12][0x9b][0x8][0x9f][0x99][Z[0x98][0x10]k[0x1b]U[0xf3][0x16][0x9e][0x8][0xb3]40[0x81][0xa7]C*[0x94][0x17]xb[0xcb][0xd2][0x80][0xaa]y[0xb][0xaf][0x9f][0x10][0x89][0xd0]#5[0xb1][0xac]R[0xc1][0xa5][0xb4][0xa4]R![0xb8]$55G[0xc1]#[0x11]3[0x1][0xa2]G[0x94][0x99][0x81][0xa9]9RD[0xe1][0xb5][\n]"
12:44:23.721 [main] DEBUG org.apache.http.wire -  << "3[0x9]BSEFb&f[0x15][0x8]v[0x3]"E[0x98][0x99][0x1a]"Wg[0xf8],[0x2]%Th[0x85][0xeb]X[0x9e]Z[0x9c][0x9f][0x9b][0xaa][0xe0][0x93][0x9a]X[0x92][0x1]J[0x80]9[0xf9][0xc9][0xa0][0x82][0x1][0xb5][0xb6]E[0xcd]U[0xe6][0x86][0x16]DfaK[0x90][0x93][0xa0]6[0xc1][0xab]v[0xa7][0xa2][0xfc][0xbc][0xaa]T[0xdc]I=[0xa8]4)[0x9]\[0xe3]C3[0x96][0x5][0xd1]%[0x86][0xa5]!"[0xa9]C[0xeb]I[0x9f][0xcc][0xbc][0xd4]<[0x85][0x80][0x9c]DpVE[0xf5][0x15][0xba]E[0xc6][0x86]&[0xa6]DF[0x15][0xa8][0xc][0x83][0xfa][0xcb]75%3?[0xb9][0x8][0xe4]!H[0x91][0xa0][0xe0][0x8c]5[0xc][0xc1].AD[0x97][0x89][0x99]!r[0x91][0x8b]7[0xba][0x90][0xb2]Ue^jQz&[0xb8][0x9][0x0][0x8a][0x14][0x5][0xec][0xa5]`@N"H[0x9][0xc2]6Sc[0xb][0xe4][0xc2][0x9][0xaf]m[0x88][0xac][0x85]\[0xea]B[0xca]q[0x5][0xef][0xbc][0xcc]4P[0xa1][0x87][0x1a][0x92]X[0xec]3%:[0x89] */d[0xfb][0x1c]sJs3[0xf3]Js[0x15][0xb0][0x95][0xbe][0xd0][0xd4][0x8a][0xe4]?Kc[0xa2][0xfd][0x87][0xa8][0xc0][0x90]3tfN[0xb6]BxbNN*f[0x96][0x86]$X[0x84]e[0x96]f[0x6][0x16][0xc4][0xa6][0x13]D[0xe9][0x81][0xd1]p[0xc4]a[0x1b][0x86][0xdf],[0xcc][0xc][0x91][0x8b]z[0xbc]q[0x87](A[0x90][0xc3][0x12]Zc[0xe2][0xb0][0xd0]9[0xbf][0xa0][0x0]9[0xbf]Y[0x9a][0x19]"7[0xdb][0xf0][0xd9]g[0x84][0xa8][0xc8]`[0x5][0x9]4)(8'b[0x96]X[0xe8][0x1]ill@l[0x91]ed[0x8][0xaf]Z`6AJZ\[0xed][0xe]P[0x9b][0x4][0x11]e[0xa6][0xc4][0x97][0xc2]F[0x88]2[0x4]^dA[0xad][0xc2][0x9e][0xd9] [0x92][0x8][0xbb][0xcc][0xcc][0xcd][0x90][0x1b][0x1d]x[0xc3][0xf][0xd1][0x18][0x85][0x17]#[0xe1][0xf9][0xf9]98[0x8a][0x10][0xf4][0xf0]3[0xb5]0!:[0xfc][0x10]e[0x8][0xdc]&[0x88]q8[0xba][0x10][0xe8][0xbe]260%6[0xd1][0x1b]!J[0x10]h)[0xc]Ib8l[0x82][0xa6][0x18]D[0x0][0x1a][0x1b][0x11]]e[0x1a]![\n]"
12:44:23.721 [main] DEBUG org.apache.http.wire -  << "[0xf]*[0xb4]8[0xf0]F[0x15][0xa2][0xd8]@[0xe4]dH[0xf5][0x8c][0xa3][0x19][0x90][0x83][0xf0][0x91][0xa5]%[0xa8][0xca][0x85]w5[0xf1][0xda][0x83](1[0xe0]mCXg[0xf]{5[0x6][0x95]E[0xd8]fnhIl[0x93][0xc3][0x8]Q`x[0xe6][0x95][0xa4][0xe6][0xe4]d[0xa6][0xa7][0xe6][0x95](@S[0x6][0xb6]<[0x8c]a[0x9b][0xa9][0x89])[0xb1][0x15][0x19][0xa8][0x8c][0x86][0xd6][0x9a][0xf0][0xac][0x5]n[0xc5](8[0xe5][0x97][0x94]`[0xe9]E[0x83][0xaa]8[0x84][0xbf][0x8c]-[0xc][0x88][0xad]T[0x8c][0x11][0xc5][0x85]'[0xa8]VN[0xc9][0x4]u[0xd5][0xa1])M[0xc1][0x19]k{[\n]"
12:44:23.721 [main] DEBUG org.apache.http.wire -  << "V[0xe3] ,42 :[0xda][0x8c][0x11][0xa5][0x6]"y@[0x93][0xbd]s>[0x96]v"[0xd4]-[0x8][0xcb],[0xcd]L[0x88][0xad][0xc2][0x8c][0x11][0xc5]FpNjj[0xb6][0x2][0xb8]m[0xa1][0x80][0xd5][0x1e][0xd4]r[0xd0][0xd8][0xd4][0x88][0xe8] D[0x94][0x18]>[0x99][0xe9][0x19]%[0xe5][0xa9] [0x12]"
12:44:23.722 [main] DEBUG org.apache.http.wire -  << "[\r][\n]"
12:44:23.722 [main] DEBUG org.apache.http.wire -  << "A93[\r][\n]"
12:44:23.722 [main] DEBUG org.apache.http.wire -  << "6[0xea][0xe1][0x94][0x9a][0x97][0x9c][0x81][0xd1]+[0xc2][0xa8][0xbb]L[0xcd]A[0x5]7Q[0x9][0xdf][0x18]Qj[0xc0]K(hbS[0xf0]N[0xad]L[0xca]O,J[0xc1][0xb0][0x10]TX"[0x82][0xd0][0xc8][0xc8][0x84][0xd8][0x9a][0xb][0xd4][0xdf][0x85]&E[0xe4][0x9a][0x12][0x14]Z[0xb8]m[0x3]gw[0x84]u[0xe6][0x16][0xc4][0xc7][0x18][0xa2][0xf4]@jt@[0x83][0xb]G[0xb9][0x88][0xde]<[0xb5]4[0x2][\r][0x94][0x11][0x17][0x96][0x88]B[0x4][0xc9]:X[0x9f][0x15]WnC[0xb7][0xd0][0xcc][0xc]T[0xbf][0x13]g![0xa2][0x1c][0x81][0x97]Z[0xa0][0xcc]K\[0xed]laAt;[0x0][0x14][0xe2][0xd0]x[0x83]u[0xd3][0xa1][0xb9], 1[0xf]<[0xf6][0x84][0xda]2E[0xaf][0xc6][0x8c]L[0xcd][0x88]-[0xad]@u+[0xd4]*xi[0x5][0x9]"[0x1c][0xad]nht"[0x12][0x88][0xa9][0xa1]1[0xb1]-7[0x13]D[0xf9][0xe1][0x96][0x98]W[0x2]n[0xbe][0xc3][0x86]p[0xb0][0xb5][0x80]1[0x8a][0xf][0xb][0xb][0xa2][[0xdc]&[0x88][0xe2][0x3]Z?[0x83][0xb2][0x11][0x8e]6[0x7][0xc4][0xc7][0x8]?[0x99][0x18][0x82]F[0x5][0x89]J[0x14]&[0x88][0x12]$[0x18][0xa9][0xdf][0x2]+g[0xb1]v[0x9f][0xd1][0xb2][0x98][0x99][0x81]%[0xd1]![0x88](?[0x90][0xab]2p[0x8e][0xc6]>J[\n]"
12:44:23.722 [main] DEBUG org.apache.http.wire -  << "J[0xa0][0x8][0x8f][0x19][0x19][0x10]][0x8f][0x81][0x6]P[0xa1])[0x3][0x11]Y [0xd3][0x14][0xb0]'B4OY[0x98]X[0x10][0xdb]l3A[0x94][0x1b][0xc8][0xf5][0x18]d[0xac][0x88][0x88][0x16][0xb6][0x85][0x11]h[0xac][0x89][0xb8][0xd8]B[0x94][0x19]HV[0x81][0x83][0xf]{[0xbb][0x3]$[0x85][0x8]>3[0x13]Pt[0x13]g[0x13][0xa2][0xb0][0x80]g,XI[0x8f][0xbd]^[0xc1][0xc8][0xc5][0x16][0xa0][0xda][0x82]([0xcb]L1[0xbb]([0xe0][0x98]"[0xdc]h367%[0xb6]61E47[0x10][0x3][0xb0][0xf0][0xe2][0x16][0x9b]U 7 [0x2][0xcf][0xd2][0xc4][0x98]h[0xab][0x10][0x99][\n]"
12:44:23.722 [main] DEBUG org.apache.http.wire -  << "^M[0x82][0xd3][0x17][0x8e]B[0x9][0x96][0xdb][0x10][0x96][0x99][0x9a][0x11][0x9d][0xd0]M[0x11]y[\n]"
12:44:23.722 [main] DEBUG org.apache.http.wire -  << "ZR[0x80]"[0x1d]k[0xc6]E[0xf5][0x90][0x91][0xa5][0x19][0xb1]MP[0x90]c[0xa0][0x99][0x9])[0xdd][0xc1][0xd2]Cxb[0x9][0x96]v[0x6]F[0xe9]gf[0x80]2[0x1c][0x8a][0xaf][0x81][\r][0xea][@[0xed][0x83]WU[0xb0][0xc1][\r]\[0xcd][0xc]p#[0x15][0x11][0x82]fFf[0xc4][0xf6][0x85]@[0x9d]&[0xa8]mH[0xbe][0x83]D[0x18][0xb6]r[0x1d]R[0x99]!YelLt@"[0xb2][0x15][0xa2]T[0x82]E[0xbf][0x2][0xf6][0x8c][0x85][0xe6]1SS[0xa2]3[0xb1][0x19]"_![0x17][0xee][0xd0][0x90][0xc4]>[0x4][0x6][0xe9]V <g[0x8a]:A[0x84]/[0xd6][0xcc][0x10]9[0xc]V[0xef][0xc3][0x92][0x8][0x8e][0xd2][0x9]4B[0x8b][0xb0][0xca][0xd8][0x90][0xe8][0x1]0P[0xef][0x1d][0x1a]e[0xd0]D[0x8f][0x8]D[0xec][0xdd][0x14][0x88][0xa7][0x11][0x96][0x99][0x98][0x80][0xc6][0x7][0x89]*[0x9e][0xcc][0x10]9[0xc]^[0x16][0x82][0xb2][0x12][0x8e][0x81]6[0xf4][0x10]416'6y[0x80][0x92],[0xd4][p[0x9b] [0xa9][\r][0xc7][0xf0](([0xab]#[0xfc]daFt[0xc3][0xc9][0x1c][0x91]4[0xe0]6AJp[0x5][0xec][0xd9][0x19]VR"l36&z[0x88][0xd9][0x1c][0xd1]r[0x82]t[0x86][0xa0][0xa3]][0xd8]G*1[0xad][0xb2]4[0x7][0xb9][0x97][0xa8][0xc8]2G[0x94][0xbd][0xc8][0xc5]<x[0xa6][0x1a][0xfb][0xd8][0x10][0xa6]u[0xc6][0x16][0xa0][0x2][0x88]8[0xeb][0x90][0x6]7[0x90][0xda]O[0xd0][0xc2][0xf]W+[0x1e][0x96]X[0x11][0x81]ia@|[0xd4]![0x1a][0x1][0xd0][0xb4][0xf]N[0x8c][0xd8][0xdb]O[0xd0][0xc][0x88][0xb0][0xc8][0xd8][0xc4][0x98][0xd8]r[0x11][0x94][0x1b][0xa1][0xa9]1871'[0x7]>[0xd9][0x86]=[0x1c][0xd1][0xd3][0xbd][0xa5][0x9]h[0xae][0x89][0xa8]P[0x4][0xb5][0xb5][0xa0]6A[0xbd][0x4]M[0xf5][0xd8]m[0x82]$T$?[0x99][0x12][0xdd][0xae][0x6]M[0xe7]CmBn[0x81][0xc2]"[0x4]{[0xff][0x1c]&[0x8b][0xb0][0xd1][0xc2][0x14]T[0xd8][0x11][0xe7]7DK[0x1e][0xa9][0x9f][0x7].[0xd4]q4E1[0xbc]G|[0xea][0x7][0xd5][0xb0]p[0xef]%[0x17][0xa5]B[0xc7]T[0xc0]mQ[0x1c][0xe3]7[0xa8]E[0x88][0x91][0xb9][0x19][0xb1][0x83][0xf][0x16][0x88]b[0x11][0xb9]{[0xe][0xcb]N[0xb8]F[0xea]A[0x89][0x15][0x11][0x90][0xc6]$$[0x12]DVCM$[0xd8][0x1b][0xf4][0xe0][0xf1][0x16][0x84]E[0xe6][0x16][0xa0]q4"b[0xcc][0xd8][0x18][0xc9]c[0x11]N[0xfe][0x11][0x86][0x18]#[0x1a][0x8]SMPVO[0xa0]W[0x8e][0xb0][0xb5])[0xa6]H[0xdd]T[0xf7][0xc4][0xdc][0xcc]<[0xcc][0xb9]j[0xb7][0xfc]"[0x85]t[0xb0][0x94]BAiQA~qj[0xb1]R-[0xd2][0xf2][0x16]K[0xd0][0xb8][0x2]4f[0x91][0x87]z[0xa0][0xf9][0x4]G[0xfd][0x8a][0xb2][0x80][0xc0][0xc4][0x12][0xd4][0x8c]#"[0x4][0x8c],-[0x10]E[0xc]R[0x8b][0x8][0xda]w[0xc6]Q[0x15][0x81][0xfa][0xa7][0x88][0x80]12[0x2][0xe5]i[0xa2],[0x3][0xf5]U[0xb1][0xf8][0xc][0x92][0xb]p[0xd6]F[0xa0][0x2][0x1d]a[0x9d][0xb9])[0xa8]E@[0x9c]u[0x88][0xba][0x8][0xd1][0x4][0x83][0xd6]G[0xd8][0x1b]`h)[0xc9][0xd2][0x82][0xe8],b[0x89][0xc8][0xfb][0xf0]vl[0x10]x[0xea][0x14][0xcf][0x0][0x16][0xfa][0xbc][0xa0][0xb1][0x99][0x11][0xb1][0xc3]![0xa0][0x8e]84([0x91]K7P[0x96][0xc3]:[0xd9][0x3][0x8d]QD8[0x9a][0x1a][0x80]f[0xed][0x89][0xb]GD[0xf6]GJ#[0xd0][0xfa][0x6][0xbb]m[0xa0]y^[0x84]]F[0x16][0xa0][0xf6])qv![0xb2]>[0xa4]&[0x2]G[0x9][0x8e][0xf6]2fimL[0xfc][0xb0]-hT[0x1e][0x1a][0x82]H[0xa5]54-b[0xcf]e[0xa8][0x9][0xdf][0xc2][0x92][0xe8][0x89]GKD.C[0xa4]Dh[0xf2][0xc0][0xd6][0xef][0x80]$RD[0x0][0x1a][[0x80][0x6][0x99][0xe1][0x1][0x88]o5[0xb][0xa8][0x98][0x82]z[0xb])[0xb2] [0x95][0x10][0xf6]D[0xf]+[0xc6][0x11][0xd6][0x99][0x9b][0x82][0x6][0xc0][0xe0][0xd6][0xe1]^[0xfa]al[0x0][0x1a][0xd0][0x80][[0x87][0x98][0xb2][0x80][0xc5][0xc][0x8e]n0z[0x3][0xc2][0xc]uF[0x6][0xb7][0xff][0x8c][\r][0xc][0x10][0x99][0x1a][0xc9][0xd0]h[0xc3][0xde][0xa0]E[0xf]M[0x13]3"[0xfb][0xf7][0xc6][0x6][0xa0]v[\r][0x16][0xef]AL[0xc4][0xd1]+[0x80][0xb6][0x8][0x11][0xc1]idfD\C[0xcc][0x18][0x9c]'[0xa1][0xf6]A[0x9a][0xcf][0xf0][0x80][0xc4][0xbe][0xb0][0x11][0xad]J7%2E[0x1a][0x1b][0x18] [0xe5]3[0xa4][0xd6],$[0xb7]ao`[0xa2][0xf7][0xab][0x8c][0xc]@[0xc3][0xf6][0xf0]T[0x82]7[0xd2][0x10][0x9d]a[0xd8]|1[0xb8][0xa4][0xf2]I[0xcc]-[0xc0][0xa8]s[0xc1][0xdd]qD[0xe8]Y[0x98][0x82]z[0xed]pk[0xd0]k^D[0xcd]i[0xc][0x9e][0x1f][0x82][0x85][0x1e][0xb8][0x19][0xb][0xf1][0xe][0x8e]Ew[0x18][0xf1]dJl[0xb5]il[0x80][0xb4][0x92][0x6]-[0x9e][0xb0][0xb7]c[0xd1][0xfd]D[0xec]8[0x82][0xb1][0x1][0xd2]"[0x1a]X[0xd0]A[0xb][0xe]l[0x3]Y[0xd0]B[0x19][0x11]zF[0xe0]U8[0xc4][0x85][0x1e][0xa2]?[0x85]T Bb[0x1d][0xf7][0xfa] [0xc][0x1b][0x89][0xee][0x9a][0x1a][0x1b][0x80][0xd6][0xdc][0xc0][0xe2][0x8b][0xf2][0x15][0xad]xS[0x6]b[0xe4][0x96][0xa6]3[0xd3][0xc6][0x6][0x86][0x88][0xa2]> X[0x1]s[0x85]nzbn[0xaa][0x82][0xa9]Bq[0x9]x[0xbc][0x18][0xba][0xa8][\n]"
12:44:23.722 [main] DEBUG org.apache.http.wire -  << "[0xe3][0x12]%[0x89]#r[0x12][0xc4]#[0x86]F[0x18][0x19][0x8][0xbe][0x8][0x18]}[0x5][0xb0]1[0xa8][0xb4]&*-[0x80][0xa6][0x9a][0x90]c[0xa6][0xc0][0xcc][0xc][0xc3][0x9a][0xe4][0xfc][0xa4][0xc4]D[0x10][0x81]Hm$X[0x80][0x18]Ar[0xce]OJTH)[0xcd])[0xc5][0xb0]!3/S!#1[0xaf]2Q[0xa1] [0xb5][0x8]dSb[0x9e]BA~1hM[0x10]4[0xe0]L--A[0x15][0x1e]q~B[0xd4][0x1c][0xb4][0x88][0x19][0xd0]T.4[0xc8]hb<"w[0x86]$b[0x6][0x15]<[0xce][0xb1],[0xfc]64[0xc0][0x0]D-[0x98]26[0x0][0xd5][P?y[0x14]([0x84]e[0x96][0xe5]+D[0x1a]a&[0xb8][0xdc][0xd4][0xdc][0xcc][0x9c][0xcc][0xec]L[0x85][0xe2][0x82][0xd4][0xe2][0xcc][0xb4][0xcc][0xec][0xc4][0xe2]L[0x85][0xca][0xc4][0xbc]t[0x85][0xc4][0x82]L[0xd0][0xfa]Ehl[0x81][0x9a][0xb][0xe0][0x16][0x3]q[0xf1][0x85]H[0xea][0xf4][0xf3]1[0xd2]R[0x5][0xfa][0xfb][0x18]i[0xd9][0xc2][0x0]X[0x8e][0xe8][0xc1][0x94][0xa4][0x16][0x83][0xb6]a([0x14][0x14][0xe5][0xa7][0x94]&[0x83][0xb2][0x1b][0xea]4nIFf[0xb1]Bf[0xb1]BIF*L[0x8d]B[\n]"
12:44:23.722 [main] DEBUG org.apache.http.wire -  << "[0xd2][0x86][0x10][0xf8][0x96][0xe]p[0xca]#2[0xad][0x81]&g[0xa1]i[\r]\[0xb2][0x99][0x19][0x18][0x18]`[0x94][0x8][0xf8][0x92][0xb9])[0xd1]%[0x1]h[0xba][\n]"
12:44:23.722 [main] DEBUG org.apache.http.wire -  << "j[0xd5][0xc0]x[0x15][0xd1][0xf8][0x1a][0x18][0xfb][0xe9]V[0x1b][0x82]F [0xa1]![\r][0x8e]T[0x92][0xf7][0xac][0x10]]c[0x81][0x9a][0xf4]P[0x9b][0xe8][0x9f]w[0x90][0xd6]A[0xc]H[0x84]"[0x8d]:[\r][0x8c][0xfd][0x88][0xaa]u`[0xec]G[0x94]][0x90][0xa1]5[0x8c][0x82]#[\r][0xcb][0xa8][0x1b][0xbc][0x98]"v[0xe2][0xcb][0xd8][0x0]4![0x7]Me[0xb0][0x89]/pG[0x6][0xfb][0x1a][0xb6][0xa0][0xd4][0xcc][0xe4][0xcc][0xd4][0xbc][0x94][0xcc]b[0x85][0xe2][0xd4][0x14][0x85][0xcc][0xbc][0xb2][0xd4][0xbc][0x92][0xfc][0xa2]T[0x85][0xcc][0xbc][0xe4][0xcc][0x14][0xd0]F[0xb4][0xd4][0x12][0x85][0xc4][0xd2][0x92][0xd4]\[0xa4][0xfd]`[0xc4][0xae][0x11]06[0x0][0xad][0x8f][0x87]:f`B[0x1d]Q[0x8c][\r]@[0x96]C[0x94]aT[0xf3]<q+[0xfe][0x8c][\r]L[0x10]m|Bv#[0xda][0xc6][0xa0][0xba][0x90][0xc8][0xaa][0x10][0xb4]nn #[0x16]i[0x95][0x6]![0xff][0xd1][0xa4])[0x80][0xb4][0x80][0x83]j[0xf6][0x13][0x1b][0xb7][0xa0]-jD[0x86]=Yq[0xb][0x9a][0xbf]"[0xd2]|[0xda][0x84]-[0xa2][0x1f]A[0xb5][0xb0][0x5]%m[0xa2][0xc3][0x17]1[0x98]L5[0xfb][0x89][0xb6][0x1b]Q`[0x11][0xb2][0x9b][0xbc][0xb8][0xa5]A[0x99]DR[0xd8]"[0xca]%[0xda]V[0x83][0xa0][0xa5]X[0xd0]DL[[0x8b]@[0xf3][0x6]P[0x8b][0x8][0xc5][0x18]Mr[0xb]h[0xee][0x97][0xda][0xf6][0x13][0x9b]ZA[0xf3]\D[0xda]MVj[0x5][0xcd]m[0x11]i>m[0xc2][0x96]F%[0x11][0x91][0x95],[0xd2]Z[0x1f][0xf2][0xba]&Dw7A[0x8b][0xef][0xa0][0x1]Mk[0x9b][0x10][0x5]@[0x84]S~[0x85][0xc2]`[0x98][0xd0]660G[0x8c][0xf5][\r]H&FZ[0x93]D5[0xfb][0x89][0xcd][0xc4][0xe6][0x88][0x9e][0x9]![0xbb][0xc9][0xca][0xc4]H[0x8b][0xa0][0x8][0x99]O[0x93]LlN[0x83][0xea][0x1c]T[0xe5][0x11][0x99][0x89][0x91][0x16].[\r][0x88][0xf7]AK[0x1f][0xa0]Y[0x9b]j[0xf6][0x13][0x9b][0xb4][0x90][0x16]8[0x11][0xb2][0x9b][0xac][0xa4][0x5]Z[0xf3]Gm[0xbf][0x81][0xa2][0x96]h[0xff][\r]l[0xfd][0x80][0xb4]X[0x85]P[0xf0][0xd2]"g[0x19][0x81][0xb6]jA[0x83][0x9f][0xb6]m,[0xd0][0xb9];P[0x8b][0xa8][0xe6]Qb[0xe3][0x18][0xe9][0xa4][0x19]Bv[0xe3]L[0xc3][0xf8][0x96]' -[0xcb]!d>-"[0x11][0xbc]_[0x86][0xda]a[0xb][0xca]C[0xc4][0x15][0x8f][0x86][0xa0][0xd1]SZXOd[0xf4][0x1a][0x82]6[0x92][\r][0xa8][0xfd]4[0x18][0x97]$[0xda][0xef][0xb4][0xad][0xf9][\r][0x91][0x96][0xa6][0xc]D[0xd2]6[0x4]-[0x1f][0xa3]E[0xdc][0x12][0x99][0xb4][0x91]V`[0xc][0x88][0xf7][0x91][0xd6]e[0xd0][0xb6]Qo[0x8][0xda][0xbd][0x0][\r]hZ[0xdb][0x84][0xa8]qim[0x13][0xa2][0xd9]Hk[0x9b][0x10]c>[0xb4][0xb6][0x9]1[0xfa]Ck[0x9b][0x10][0xdd]<Z[0xdb][0x84][0x98][0x83][0xa7][0xb1]M[0xe8]+NH[0x9e])$[0xb6];n[0x88][0xd4][0xb0][0xa2][0xb5][0x9f][0x10][0xd5][0xf][0xad]mBT6[0xb4][0xb6][0x89]n[0xf9][0xc9][0x8][0x91][0x9f][0x6][0xa4][0x84]GZ[0xfc]B5[0xfb][0x89]m<[0x80]v0@[0xcb]|Bv[0xe3]l[0x17][0xe3]Y[0xf]g[0x88]t[0xf6][0x7][0x8d][0xd3][0xb][0xd2][0x82][0x1a]B>[0xa1]E[0xb][0xdc][0x10]iM[\r]U[0xed]'[0xb2][0x99][0x82][0xb4],[0x81][0xaa][0xd6][0x13][0x9b][0x90][0x90]V&[0xd0]8[0xa2][0x91][0xa6][0xc6]im[0x13][0xa2][0x8][0xa2][0xc1]J;C[0xa4][0xd9]O[0xc4][0xbe]B[0xe8]2W\'h[0x4][0x96][0x82][0x96]C!N[0x99]M,..[0xcd]M[0xcd]KIT([0xcd][0xc9]I$kz[0xdf][0x10]i[0x16][0x94][0xc6][0x1][0x8a]4[0xe7][0x19][0x10]l[0x82][0xb1]v[0xa2][0xa0][0xd8]D!)[0xb1][0x8][0xb4][0xe8][0x10]i![0x1f][0x91][0x19]`[0x80][0xe7];[\r]M[0x11]mZ[0xaa]e@b3[0x1f][0xd2][0x86]}Bv[0x93]U[0x8a][0x83]vy[0x11]YK[0xd0][0xa4]l[0x5][0xed][0x9d][0xa5][0x85][0xfd]D&[0xad][0x1][0x9e][0xc0]2D[0x9a]A"[0x14][0xbd]4[0x9]~[0xd0]>bj[0x7]?[0xb1]I[0x1b]iN[0x8b][0x90][0xdf][0xc9]J[0xda]H[0xfb][0xe3][0x9][0x99]O[0x9b][0xb0]Et|[0xa8]j?[0x91]I[0x9b]V[0xd3]*[0xc4]F/[0xe8][0x1c][0x3]h[0xd2][0xa2]E[0x15]k[0x8e][0xd4][0x81]E[0xda]}[0x4][0xde]%[0x83]cW[0x95]n[0x1e]t[0x19]]![0xa8][0xae]M[0xce][0xcf]+N-,M,)-RH[0xce]/[0x2][0x9d][0xee][0xe]:[0xf4]<)[0xb3]X[0xa1]([0x11]t*=[0xf2][0xc9][0xf2]D/[0xa9]34GD;-[0xfc][0x8d]4][0x85]R[0xa5][0x3][0x0][0x0][0x0][0xff][0xff]"
12:44:23.722 [main] DEBUG org.apache.http.wire -  << "[\r][\n]"
12:44:23.722 [main] DEBUG org.apache.http.wire -  << "CF0[\r][\n]"
12:44:23.723 [main] DEBUG org.apache.http.wire -  << "B>K[0x1f][0xdf][0x12]g[0xd4][0x85][0x8a]xv\[0x19]"MLA6(A7[\r]a[0xdf][0xda][0xe5]XZ[0xa2][0x90]Z\[0xa2][0x90][0x93][0x98][0x94]_T[0x9a][0xab]P[0x9c]X[0x90][0x99][0x9a]W[0x92][0x8a][0x8]Z[0xf0]*E[0xd0]*FrV*[0x1a]"MU[0xe5]%[0xe6]&B[0x16][0x8d][0x83]6[0x6][0xa0]z=[0x1b]z[0xe2]?B[0x1e][0xda][0xde] 6[0xd9]"MY[0xd1]$[0xfa][0x10]m[0x9][0xe8][0xbe]t[0xe8][0x1e]2\;[0xe0][0x83]Ak<[0xf3][0x12][0xc1][0x87][0xff]'[0x92][0x17]r[0x88][0x81]2[0xe4]}[0xbe][0xd0]]Y[0xd8]7[0x5][0xfa]%[0x96][0x94][0x16]+[0xa4][0x96]([0x14]g[0xe6][0x95][0x90]g+[0xa2][0x85]M[0xd5][0xd2][0x8f][0xe8]x[0x1c][0xe0][0xae]?[0xd2][0xae]x[0xa4][0xad]p[0xb0][0xc8][0xc6][0xb6][0xf1].,?[0xa7][0xb4][0xa0]$[0xb1]$[0xb5]X[0xa1][0x4][0xd1][\r]H-QH-[0x5][0xc7][0xbe]B)x[0xa5]/y[0xb1][0x81]([0x94][0x6]$6[0xe8]1[0x13][0x8a][0xaf],[0xa3][0xc5][0x4]%h[0x12][\r]95[0xe2][0x99]D4D[0x9a][0xa4][0x84]m[0xc1][0x4][0xed][0xbb][0xc5]q:[0x82]#[0xe8]n[0x91]<p[0xc5][0x4]_[0xe6]]X[0x9a][0xa9][0x90]W[0x9a][XJfW[0x90][0x1e][0xd3][0x98]xC[0x0][0xa3][0xe0][0x83][0x9e]'[0x80][0xe3][0xb0]L[0xcf][0xdc][0x82][0xd4][0x94][0xcc][0x12][0x85][0xa2]TPm[0x2][0xbb][0x0][0x6]\q[0x83]j[0xed]Lpn[0x80]w[0x91][0xc1][0xb5][0xe]y[0xf5]5[0xd2][0xad][0x1e][0x3][0x93]5[0x10][0x5]%bc?[0xb4]p[0xc6]~[0xea][0x16][0xd2]U4E[0xa9][0x5][0xa5])[0x99][0x89]y)[0x89][0xa9][0x14]5Z[0x90]N2[0xa0]Y [0xe0]M[0x1d][0x88][0xd6][0x1c][0xcd][0xec][0xc7]7[0x98][0x9][0x1a][0xf9][0x87]6V[0x7][0xc2]~p[0xeb]r@[0xed][0xa7][0xc1][0xfa]:[0xe4][0xb2][0x11]O[0xd8][0x1b]![0x1d][0xc7]@([0xec][0xc9][0xe9][0x7][0x1a][0x81][0xce][0x98][0x1e][0xc8][0xb0][0x5][0x1d][0xbe][0xf][0xb5][0x9f][0xa6][0xab]p[0x8c]h5[0x9d]O\[0x87][0xd3][0x8]t[0xb4]6[0xd4][0x9f][0x84][0xe2][0x91][0x16][0xfd]m#[0xa4][0xe9]t[0x9a][0xd9][0x8f][0xa7][0xc]3B[0x9a]d[0xa7][0x99][0xfd][0xf8][0xf2][0x11][0xe8]R[0x89][0x1][\r]D?c`[0xfc][0x8f][0xa8]H[0xa9][0xd0]3[0xc6][0x1b][0xd2][0x88][0xda][0x8a][0xc6]6[0xd1]mJ[0xdb][0x8][0xe9][0x96][0xc]*[0xf8][0x9]O[[0xdc][0x8][0xe9][0x94][0x3][0xda][0x96][0x87]F[0x88]&'[0x15][0xbc][0x84]/A ][0x90]Ak[0x9b][0x10][0x89]<3/%?7[0x13][0xf3][0xee][0x9e][0xc4][0xec]R[0x85][0xe2][0xd2][0xec]D[0x5][0x84][0x2][0xe8][0x18][0x88][0x11][0xd1]''[0x18]![0xcd][0x9c]#[0x8c]A[0x1d]j[0xa1][0x8e]=HY)1[0xb7][0xb8]4/]![0xd8][0xc8]X!4[0xa7][0xa4]([0x11]c[0x16][0x9][0xa9][0xfa]73 [0xee]|ec#[0xa4]yp[0x1a][0xc7][\r][0xd2]<u0A[0xbf][0xb8]'[0xe6]$VT"|Dlk[0x9]i2[0x9a][0xd6][0xde][0xa1][0xd7][0x82][0x10]#[0xe4]s[0x1b][0x8][0x6][0x1c]"[0xc8][0xc][0x89]O[0x4]H[0xc7]5[0xd0]:[0xd4][0x10][0x19][0x94][0xd6]6!F[0xb8]hm[0x13]"[0x93][0x6][0xe0]8[0xcf][0x3]t[0xce]NJjqvQfAq&[0xb9][0x83][0xaf]FHK[0x1d]h[5 [0xad]i[0xa0][0xb1]E[0x88][0x8e][0x15][0x8d]-B,[0x14][0xa3][0xb1]E[0x88]b[0x1][0xf5]$W[0xd0][0xa5]c8f^[0xc2]R[0x8b][0xc0][0xd7][0xfa]B[0xe]1@[0x1a][0xdd]D[0xdc][0xa2][0xab][0x90][0x92][0x99][0x9e][0x97]Y\[0x9c][0x99][0x9b]_L[0xce][0x10][0xa7][0x11][0xdd][0x16][0x8f][0x18]![0x1d][0x9a]@[0xe3][0x8c][0x87]t/[0x5][0xad]m[0xa2][a[0x82]t[0xf2][0x1][0xac][0x96][0x84][0xd4][0x85][\n]"
12:44:23.723 [main] DEBUG org.apache.http.wire -  << "[0x8e][0xc6][0xa4][0x9d][0xd6][0x83]:[0x95][0x85][0xaf]}[0x86]t[0x1a][0x2][\r]&u[0x8c][0x90][0x96][0xfb][0xc]H[0xcf][0x7]i[0x99][0xcf][0xc0][0xd8][0x8f]({[0x6][0xc6]~D[0x91]40[0xf6][0xa3]u4hw[0xee][0x94][0x11][0xd2]z [0xe4][0xd2][0x17]|[0x82][0xc][0xd6][0xa3]0A[0xd3][0xc][0x88]&[0x93][0x91]9[0xa8]%D[0xcc][0xd9]iFH+[0x83][0x90][0xef][0x83][0x0][0xdb]D[0xd4]![0xda][0x90][0x83]'[0x89][0xb3][0xb]Q[0xfa][0xc0][0xce][0xc4][0x81]L[0xe4]c?[0x14][0x7]:s[0x80][0xf0][0x96][0xa9]![0x91]G[0xfe][0x1b][0x1b][0x81]N[0x2][0x85][0x8e][0x92][0xc0]fb`[0xa7][0xd7][0xe2]8a[0x1d]:g[0x87][0xb0][0xcd][0xc2][0x4]t[0x18]/q[0x1e]C[0xcc][0xbb]!n[0x91][0x83][0x1c]][0x8b][0xa3][0xaa][0x84][0xae][0x12]D[0xd8]fb[\n]"
12:44:23.723 [main] DEBUG org.apache.http.wire -  << "[0x1a]@$[0xca]6[0xa4][0xa3][0xe] 3[0xf6][0xe0][0xc8][0xc2][0x9a], s[0xf9][0x8][[0x8c][0xc0]k[0x16][0x89][0xb3][0x5][0xd1][0xa4]A>\[0x1c]b"[0xae][0xd5][0x8d][0xa8][0xc9][0xd0][0xd4][0x12]4[0x1d]E[0x9c]m[0x88][0xb2][0x5]~=[0xe]4[0x8c][0xb0]^[[0x3][0x9]\[0x84][0xc7][0x8c][0xc1][0xd5]5qV![0x8a][0x11][0xe4][0xbc][0x5][0xf5][0x18][0xf6][0xa4][0x8]95[0x18][0xc9]:[0xb]PaL[0x9c]u[0x88][0xf1]2[0xb8][0xcf][0xf0][0xda][0x5]92[0x18]a[0x97][0x19][0xd1]g[0xf5][0x1a][0x91][0xb0][0xd6][0x8a]&c[0xb3][0x3][0xbc][0x16][0xcb][0xc8][0xc][0x91][0xf][0xc1][\r])[0x1a][0x96][0xd0][0xa0][0x92][0x8]Z[0xc0][0xc]He4[0xc0]G%[0x18][0xd1][0xe2][0xa8][0x4][0xf4][0xa9]v|m=[0x12][0x8e]K[0xa0]IR[0x1f][0xe0][0xe3][0x14][0x8c][0x6]x[0xdd][0x9f][0x11][0xfa][0x2]5[0x1a]f5[0xe4][0x15]j4=[0xfc][0xd9][0x8]iU[0x18][0xad][0xcb][0xf][0xb][0xb4][0xc6]$[0xcd]v[0xb1][0x19]Y[0xd0]m[0xa8][\n]"
12:44:23.723 [main] DEBUG org.apache.http.wire -  << "[0xe9]>[0x12]p[0xf0][0xd1][0xd0]Oh[0x5]=[0xed]lBZR[0x84]X[0xb7][0x1]m+[0xe2]j[0x5]9[0x16]%gd[0x96][0xa4]&[0x97][0xe4]+[0xc0]V[0xb4][0x14][0x83][0xd6][0xf7][0xe5][0x83]W[0xa6][0xa6][0x16][0x93][0xb5][0xd4][0xce][0x8]iq[0x11]8ti[0x98][0xe3]@[0xcd]6h[0xe5][0x86][0xf0]4[0xf4]Z[0x19][0xec][0xeb]B[0xfd]232s[0x14]R[0x13]A[0x8b]C[0xc9][0x1a][0xd7][0xb1][0xa4][~[0xb0][0xa4][~@ZnB[0xd3][0xc1]:c[0xa4][0xd3][0x13]`[0x83]-[0x8e]Y[0x98][0x13]+[0xc4]/[0x18][0xc6]S[0xf3][0x1a]#-[0xe4][0x0][0xa7]C[0x9a][0xe5]=c[0xe4][0xab]'hZ[0xf0][0x1b]#-j[0xa0][0xb1][0x9f][0x90][0xa6][0xef]im[0x13]b8[0x9f][0xc6]6QwR[0x19]_[0xda][0x3][0xdd]z[0x4]-[0x98][0x90];[0xa5][0xf0][0xae]=[0xb6]+r[0xfc]R[0xb]KS[0x15][0xca] [0xcb]n[0x8b]A[0x5][0x94]Bf[\n]"
12:44:23.723 [main] DEBUG org.apache.http.wire -  << "[0xb4]`F[0xde]o[0x7][0x1a][0x9]![0xa6]Gg[0x8c]4iJ[0xe3][0x80][0xa5][0xdb][0xe6][c[0xd0][0xad]A[0xd0][0x80][0xa5][0xb5][0x9f][0xe8]U[0xd0][0x83]oN[0xa1][0x8f][0x9f][0x90][0xe6][0x99]h[0x1c]zH[0xd3][0x1f][0x83][0xe7][0xdc]>c[0xa4][0x9][0x8c][0xc1][0xe4]*[0xc4]p[0xe3]`r[0x15][0xa2]X[0x1e]L[0xae][0xb2][0xd4]Q[0x82][0xe6][0x95][0xc1]r[0xbf][0xa1][0xb1]1h[0x8c]m[0xf0]9[\n]"
12:44:23.723 [main] DEBUG org.apache.http.wire -  << "1|8[0x88]B[\n]"
12:44:23.723 [main] DEBUG org.apache.http.wire -  << "1[0xc8]H[0xe3][0x2][0x8]i`[0x9d][0xc6]6![0x9d][0xa8]Kk[0x9b][0xe8]V%![\r][0xd0]z[0x4]([0xe4]f[0x96][0xe4]c[0xac]~[0x2]7[0xd2]KR[0x8b][0x92][0x12][0x91]/[0xc4]1[0x5][0xe9]$[0xaa]u2[0xc0]c[0xb0][0xc6]Hc[0xb0]T[0x1b][0x18]%r[0xd5][0x94]1[0x9][0x83][0xb2][0x88][0xf1]u[0xd0][0xa8]#qk[0x9f][0x8d][0x7]x[0xd0][0xd5][0x98]V[0x83][0xae][0xc4]z[0x1f][0x91]O[0xa8][0x16][0xb5][0xa0][0xd0]':z[0x11]=w[0x9a][0xd9][0x8f]g[0xe9]7[0xf8][0xce]vh}D3[0xfb][0xf1][0xf5]~[0x90]6C[0xf][0x8c][0xfd][0x88]F[0xc2][0x80][0xd8][0x8f]4[0xe6]<0[0xf6]#[0xa6]D[0x7][0xc6]~[0xc4]$[0xe9][0xc0][0xd8][0x8f]h[0xfa][0xc][0x8c][0xfd][0x88][0xf2][0x87]V[0xb5]'[0xd2][0x10][0xf6][0xe0]i[0xdd]Y [0xf2][0x1d][0x15]ZB[0xc6]:J[0xce][0xd0][0xed][0xf3][0xa9][0xc5]JV[0xd1]H[0x97]F[0x1a]#m[0xe0][0x1d]<[0xde]G[0x1a][0xf8][0x86][0xae]KUp[0xcd]I[0xc4]ra:[0xe8][0xe2]G[0xf0][0xfe]H[0xb0][0x1c]t5<h[0x10][0x16][0xde]p[0xc2][0xeb]wD[0xea][0xa6][0xc1][0xea]1c[0xa4][0x1]n[0xb7][0xd2][0xa2][0xbc][0xcc][0x92][0xd2][0xa2]T[0x85][0x90]|[0xcc][m[0x11][0xb2])[0x89]E[0x99][\n]"
12:44:23.723 [main] DEBUG org.apache.http.wire -  << "^[0xa9][0x5][0x89][0xe0]E[0xf2]P[0xff][0x18][0x82]V[0xb9][0xc1]=[0x84][0xaf][0xba][0xa0][0xdb]@[0xb7][0x9][0xd2][0xe9][0xc1]TH[0xa0]x[0xfc]d[0x82]4[0xd2][0x8d][0x8]'Z[0x86][0xa2][0x9][0xd2][0xbe]BZ[0xfb][\r]Q[0xbc]!V[0x11]AV[0x9e][0xe0]XE[0xe4][0x98][0x93][0x99]X[0xac][0x90]V[0x9a][0x9e][0xa8]P[0x8a]<[0xa9][0x4]>[0xce][0x99][0x98]4bb[0x80][0x18]#[0xf1],[0xc8][0xc8][0xcf]KU04T03QHO[0xc2][0xde]1[0xc9]H[0x4][0x1d][0x9e][0xa2][0x80]~_,[0xd1]k4M@[0x1b]:[0xa0]m([0x98][0x85]F4[0xb5][0x10]ih[0x1f]f!m}[0x88]t[0xde]0[0x9d],D[0x14]\4N[0xa1][0x86][0x18][0xc3][0xc][0xe6]4J&[0x86][0x88]t[0x19][0x90][0x98][0x93][0xe8][0x93][0xef][0x83]g:[0xb]Kj[0x4][0x8d]g[0xc3]3[0x0][0x9e]mj&[0xb4][0xbd][0x85][0xd9][0x4][0xb4][0xa8][0xf][0x9a][0xdc]iP[0xa9][0x98] m[0x1c]t*JLN[0xcd]I[0xc5][0xbc][0x83][0xd5]71%U!?M!#3=C[0xa1][0xb0]41'[0xb3][0xa4]R[0xa1] 5[0xb1]([0xa7][0x18][0xd1][0x9]6[0x2][0x99][0x4][0xf]0|%0[0xd2][0xa1][0xb8]4[0xf1][0x11][0xa2][0x8d]K[0x13][0xe3][0x11]y[0x85]n[0x1][0x86]([0xd6][0xe9]f%"[0x9f]R[0xd3]J|[0xf9][0x8]if[0x8e][0x9a]V[0xe2]M[0x89][0x88]2[0x82][0xc6][0xe5][0x1e][0xd2][0xe6]B[0x1a]u<L[0x90][0xa6][0xfa]h[0x19]~[0xd5]J[0x9e].JV[0x86]F[0x16]HE[0xb9]crrjqq~Qf*[0xa8]@@[0xdd][0xfd]Y[0x92][0xaf][0x90][0x9a][0x97][0x91][0x98][0x97][0x9c][0xaa][0x90]X[0x0]*4@L[0xa5]Z[0xa4]>[0x83][0x9][0xd2]~[0xc8][0xe2][0xd4][0x82][0xd4][0x14][0xcc][0x82]:1[0xb3][0x12]$[0x8]m[0xc0][0x82][0xf7]Q[0x10]U[0xd4] m[0x82][0xa4]e[0x98][0xa0]x[0x6]Q>P[0xdb]3[0xf4]/[0x6]@[0x9b][0x0][0xa0][0x95]O08f[0x14]|2[0x8b]K[0x8a][0xc0][0xe3][0xca][0xa8][0xd1][0xc][0x95][0xce][0x81]H+[0xe4][0xa5][0xa7]&[0x95][0x82]j[0x12][0xd2][0xa3][0xc]1D[0x7]5[0x13]j[0xa5][0x82]SbN"fg[0x7][0xaa][0x8][0xd5]b[0x85][0xa4][0xc4][0xbc]tpM[0x6][0xb5][0xdf][0x14][0xb4][0xf5][0x86][0xb8]$[0x83]([0x13][0xe8][0x96]d[0x10][0x13]zt[0xb3][0x12]1 @/+[0x91][0xa6][0xb8][0xa1]'[0xda]A{&[0xd8][0x96]\[0x84][0x96]([0xa4][0x16][0x15][0xe5][0x17])[0x14][0xa5]&[0x97][0x16]C[0xce]-*[0xc8][0x7][0xed][0xfa]+-V[0xc8][0xcd][0xcf][0x1][0xdd][0x1a][0x9f][0x98][\n]"
12:44:23.723 [main] DEBUG org.apache.http.wire -  << ":$P![0x13]r[0x0][0x14][0xd2][0x9a]1[0xe2];/H[0x97]Y#:L>[0x99]y[0xa9]y[\n]"
12:44:23.723 [main] DEBUG org.apache.http.wire -  << "N[0xf9]%%9[0x98][0x9b][0xe6]A[0xc7][0x17][0x16][0xa4][0x16][0x15][0x17]d&g&[0x96]d[0x16]C[0x97][0x81]([0xa4]d&[0x97]$*[0x14][0xe4][0x17][0x15][0xe5]+d[0x16][0x14][0x97][0xe6]*[0xa4]"[0x9f][0xc2]G[0x82][0x93][0x10][0xcd][0x17][0xba][0xc5][0xc][0xa2][0xc8][0x82]l[0x7][0x81][0x84][0x80]{N~[0x19][0x96][0x2][0xdd]?--393[0xb3]X[0x1][0xf9]\[0xcc][0xc4][0xbc][0xcc][0xdc]Lx[0xc4][0x14][0xc3][0x16][0xcb][0x94][0xa4]*[0xa4][0xa4][0xe6][0xa4][0xe6]e[0x96]d[0x92][0x17]?[0xf4]/[0xf2][0x90]6m[0xba][0xe7][0x17][0xa5][0xa7][0xe6][0x97][0x16]+[0xc0]v[$[0x16]atV[0xfc]Ag[0x8f][0x81][0xd7]h[0x96][0xe6][0x82][0xee][0xd7][0x86]&[0x1][0xf0]9c[0x99][0xf9][0xc5][0x90][0xf3][0x18][0x15][0x12]s2[0xb]K3S[0x14][0x8a]3[0xc9][0xeb]d#-[0x8f]@[0xa4]S[0xd8][0xee][0x16][0xe7][0xfc]DPI[0x8b]Z[0x1e][0xbb][0x96][0x80]z[0xf5][0x99][0x89]%[\n]"
12:44:23.723 [main] DEBUG org.apache.http.wire -  << "[0x90]5[0xa3][0xb9][0x99]y[0x99][0xb9][0x89][0xb0][0x93][0xe1][0x14][0x8a]K[0x8b][0x93]3[0xb][0xc8]u[\r][0xa2][0x88]D[0xde][0xf1][0x15][0x9e][0x9f][0x9f][0xa3][0x10][0x9c][0x91]Y[0x84][0xd5]5[0xa0]3?[0xa1]K[0xa8]J2[0x93]J[0x8b][0x15][\n]"
12:44:23.723 [main] DEBUG org.apache.http.wire -  << "r[0x12][0x93]S[0x13]K[0x14]R[0xc9][0xc][0x12]D[0xa1]I[0xe3][0xb6][0x1b][0xa8][0xea][0x80]V[0x82][\n]"
12:44:23.723 [main] DEBUG org.apache.http.wire -  << "[0x18][0xf1][0xf][0x9e]l[0xa5]xL[0x3][0xe9]Tt[0xb2]<C[0xe4][0xfc][0x97][0x9][0xd2][0x9][0xe9]d[0xd9]C[0xfc]([\r][0xd2]Y[0xe8][0xf4]*[0xc6][0x90][0xb6]<[0xd2][0xcd]JDc[0x85]nV"2[0x1f][0xdd][0xac][0xa4]_VC4Kh[0x9c]>[0x91][0xb7]@BV[0x6]c^`[0x8b]/o[0x9b][0xa0][0xcc][\n]"
12:44:23.723 [main] DEBUG org.apache.http.wire -  << "[0xa0]w2a[0x9d]$S[0xa4][0x6][0x86]{bn&xZ[0x1][0xb5][0xa0]v[0xcb]/R[0x80][0xac][0xed]V((-*[0xc8]/N-F[0xed][0x1d][0xd1]m[0x15][0x8b][0x9][0xd2]-[0xd0][0xb4][0xe]}[0xa4][0x16][0x7]$[0xf4]MiT[0xb2][0x9a]!Z[0x10][0xb4][0xf6][0x13]b[0xc8][0x84][0xd6]6!J[0x1d][0xa8]M[0x83]6[0xed]"[\n]"
12:44:23.723 [main] DEBUG org.apache.http.wire -  << "+[0x9c].E[0xc]![0xe2][0xab][0xc5][0xa8][0x9a][0xa3]0[0xca][0xb3]A[0x1b]~[0x18][0xe5]![0xa6]K[0xe9][0x1f]~H[0x8b][0xa4][0xa0][0xb1]J[0xab][0xdc][0x8b][0xb4]\[0xca]/[0xb1]8S[0xc1]%[0xb1]4O[0xc1]+[0xb5][0xa8][0x14][0xf3]@w[0xb0]|yj^bv[0xb6]BIj^b[0x9e]BniQn*[0xa8][0xc5][0xe][0x1d][0x3]0[0xb4][0xc4][0xac][0x19],[0x89]Y [0x1d]r[0x9b][0x9c][0x9f]W[0x92][0x9f][0xa1][0x9b][0x8c][0x98][0xee][0xd6]A;C[0xdf]-[0xb1]8#3?/1)'[0x15][0xb5][0xdc]FZj[0x5]v[0x1b][0xc2][0xed][\n]"
12:44:23.723 [main] DEBUG org.apache.http.wire -  << "[0x89][0x95][0x89][0xb9][\n]"
12:44:23.723 [main] DEBUG org.apache.http.wire -  << "[0xe9][0xf9]E[0xa9]X[0xea][0x3][0xb0]Z*[0xf9][0x3][0x91][0xce][0x9][0xfb][0x3]S[0x5][0xca][0x18][0x1d][0xd2]nYZ[0xc7]9[0xdd][0xca]Q[0xa4][0x9b]'h[0xed]'[0x8c]|L[0xab][0x1c]C[0xb7][0xad][0xae]&H[][0x9].C[0xa7]W[0xc9][0x8e][0xb4]'[0x16][0x87][0x9b][0x10][0xcd]-D[0xb9]I[0xbf][0xb6][0x1c][0xd2]a[0xff][0x83][0xd3]}tK[0xa7]H[0xbb]bq[0x84][0xc4]@[0xc4][0xf][0xd2]B[0xa1][0xc1][0xe4]*[0xba][0xb5][0x96][0x91][0x96][0x18]a_[0xbd]5[0xb0][0xd9][0x7]i=[0x12]v[0xe7][\r]H[0x9a]A[0xd4][0xb2][0xd8][0x1d]5[0xa0]af[0x8a][0xb4][0xb2][\n]"
12:44:23.723 [main] DEBUG org.apache.http.wire -  << "[0xbb][0xf3][0x6] [0xcc]L[0x91][0x16]a[0xd1][0xb6][0xe6]5EZ|[0x85][0xdd][0xfb][0x3][0x1c];[0x88][0xc6][0xe]v[0xe7][\r]H[0xec]`[0xf4]/i[0xd4]Z[0x1][0x9f]K[0x4][0x1d]Z[0xc5][0xee][0xfd][0x81][0x8d][0x1d][0xa4][0x95]_[0xd8][0x9d]7[0x10][0xb1][0x83][0xb4]:[0xc][0xbb][0xa3][0x6]8[0xcc][0x10][0x95][0x15]v[0xe7][\r]H[0x98][0xd1]k[0x14][0xc8][0x14]iU[0x4][0x8d]K6C[0xba][0xe5]R[0xa4][0xa5]t[0xb4][0xf6][0x13][0xa2].[0xa5][0xb1]M[0xa0][0xd5]j[0xd0][0x92][0x87][0xd6]6!&tim[0x13][0xdd]R9[0xdd][0xce][0xb1]7EZ[0x15]F[0xeb][0xd0][0xc3][0x18][0xab][0xa4]U[0xad][0x87]t[0xdb];[0xad][0xfd]D[0xaf][0xfe][0x9c])[0xd2][0xea]3[0x1a][0xfb][0x9]i[0xb5][0x18][0xad]mB[0xe4]\[0xec]U[0xd9][0xc0][0xd6][0xb4][0xc6][0x88][0xec][0x8e][0xdd]y[0x3]Q[0xd3]"[0xaf][0x18][0xa3][0xe9][0xcc][0x8e][0xa9]1[0xdd][0xea]?cD[0xc9][0xe0][0x11][0xa0][0xe0][0x9c]_[0x94][0xaa][0x90][0xa9][0x80]Y8[0xe4][0xa4][0x16][0x94][0xe4][0x17](`[0xec][0xbc][0xb6][0x4][0x1][0xe2]6[0xc8][0x9a][0x1a][0xd3][0xad][0x2]DZ[0x8e]E[0xb7][0xad]x[0xb0][0x11]vS[0xa4][0x1b][0xa8][0xe0][0x9b]p0&[0x0][0xd3][0xb0][0xcd][0x8c][0xea] [0xcc]@t[0x9d]H4[0x3]i[0xb9]&[0xf2][0x4]-[0xd5][0x82][0x81][0xa8][0xd1][0xce]A[0x14][0x4][0x88]b[0x8e]P[0x10] J[0x14][0xd0][0xae]k<i[0x1a][0x11]K[0x88]B[0x8a][0xc4]X[0xa2]zL#:&[0x84][0xbc]I[0x8b][0xf3]>M[0x91][0xe][0xde][0xa1][0xaa][0xfd][0xb4][0x8d][0x5][0x94][0xbc][0x82](q[0xa9][0xea][0x83][0xa1][0x96]_[0x10]e4[0xcd][0x82][0x1][0xfd][0x10][0x81][0xc1][0x98][0x9f][0x10]mK[0x9a][0x5][0x3][0xce]u5[0x83][0xa7][0xf4]DZ[0x1d]8[0xa2][0x83]a[0x0]N6[0x18][0x84][0x99][0x2]i![0xe7] M[\r][0x0][0x0][0x0][0x0][0xff][0xff]"
12:44:23.724 [main] DEBUG org.apache.http.wire -  << "[\r][\n]"
12:44:23.724 [main] DEBUG org.apache.http.wire -  << "7E[\r][\n]"
12:44:23.724 [main] DEBUG org.apache.http.wire -  << "[0xa2]K[0xab][\n]"
12:44:23.724 [main] DEBUG org.apache.http.wire -  << "i[0x9d][0xe9][0x88][0xe][0x6]D[0xe3]gD[0x7][0x3][0xa2][0xa5]>[0xa2][0x83][0x1][0xd1]|[0x82][\r]\[0x98][0x9a]bv#[0xf1][0xad]:%z[0xfd][0xb5][0xa9])[0xa2][0xcf]J[0xdd]mh[0xa6]H[0xe7][0xb7]y[0xe6][0x95][0xa4][0xe6][0xe4]d[0xa6][0xa7][0xe6][0x95]([0x4][0x97][0xa4][0xa6][0x82][0x96][0xff][0xe7]c[0xd9]2[0xe2][0x99][0x2][0xda]6\[0x9c][0xa9][0x0][0xba][0xab][0xbe]X[0x1]|9{aib1Y[0x9b]BLM[0x11][\r][0xf]X8b[0xf4][0x1d][0xa9][0x13][0x88][0x98][0x8b][0x84][0xa9][0x1b]][0xb1][0xb5]\[0x0][0x0][0x0][0x0][0xff][0xff]"
12:44:23.724 [main] DEBUG org.apache.http.wire -  << "[\r][\n]"
12:44:23.724 [main] DEBUG org.apache.http.wire -  << "A[\r][\n]"
12:44:23.724 [main] DEBUG org.apache.http.wire -  << "[0x3][0x0][0xf2]B[0xf6][0x1e][0x15][0xe5][0x0][0x0]"
12:44:23.724 [main] DEBUG org.apache.http.wire -  << "[\r][\n]"
12:44:23.724 [main] DEBUG org.apache.http.wire -  << "0[\r][\n]"
12:44:23.724 [main] DEBUG org.apache.http.wire -  << "[\r][\n]"
12:44:23.724 [main] DEBUG io.restassured.internal.RestAssuredHttpBuilder - Parsed data to instance of: class org.apache.http.conn.EofSensorInputStream
12:44:23.727 [main] DEBUG org.apache.http.impl.conn.BasicClientConnectionManager - Releasing connection org.apache.http.impl.conn.ManagedClientConnectionImpl@72a90036
12:44:23.727 [main] DEBUG org.apache.http.impl.conn.BasicClientConnectionManager - Connection can be kept alive indefinitely
12:44:23.755 [main] DEBUG net.thucydides.core.steps.StepInterceptor - STEP DONE: I send HTTP GET request
  &amp#27;[32mWhen &amp#27;[0m&amp#27;[32mI send GET HTTP request&amp#27;[0m                 &amp#27;[90m# starter.stepdefinitions.UserSteps.iSendGETHTTPRequest()&amp#27;[0m
12:44:23.762 [main] DEBUG net.thucydides.core.steps.StepInterceptor - STARTING STEP: UserSteps.iReceiveValidHTTPResponseCode - I receive valids HTTP response code 200
12:44:23.763 [main] DEBUG net.thucydides.core.steps.StepInterceptor - STEP DONE: I receive valids HTTP response code 200
  &amp#27;[32mThen &amp#27;[0m&amp#27;[32mI receive valid HTTP response code 200&amp#27;[0m  &amp#27;[90m# starter.stepdefinitions.UserSteps.iReceiveValidHTTPResponseCode()&amp#27;[0m
12:44:23.771 [main] DEBUG net.thucydides.core.steps.StepInterceptor - STARTING STEP: UserSteps.iReceiveValidDataForOrderByID - I receive valid data for order by ID
12:44:23.771 [main] DEBUG net.thucydides.core.steps.StepInterceptor - STEP DONE: I receive valid data for order by ID
  &amp#27;[32mAnd &amp#27;[0m&amp#27;[32mI receive valid data for order by ID&amp#27;[0m     &amp#27;[90m# starter.stepdefinitions.UserSteps.iReceiveValidDataForOrderByID()&amp#27;[0m
12:44:23.775 [main] INFO  - 
  _____   ___   ___   _____     ___     _     ___   ___   ___   ___  
 |_   _| | __| / __| |_   _|   | _ \   /_\   / __| / __| | __| |   \ 
   | |   | _|  \__ \   | |     |  _/  / _ \  \__ \ \__ \ | _|  | |) |
   |_|   |___| |___/   |_|     |_|   /_/ \_\ |___/ |___/ |___| |___/ 

GET - As admin I can get order by ID
----------------------------------------------------------------------
]]></system-out>
  </testcase>
  <testcase name="GET - As admin I cannot get order by ID" classname="User" time="0.533">
    <failure type="java.lang.AssertionError"><![CDATA[java.lang.AssertionError: 
1 expectation failed.
Expected status code <404> but was <200>.

]]></failure>
    <system-out><![CDATA[
@TC-0038
Scenario: GET - As admin I cannot get order by ID  &amp#27;[90m# src/test/resources/api/user.feature:258&amp#27;[0m
12:44:23.796 [main] INFO io.cucumber.core.plugin.SerenityReporter - Running feature from file:///C:/Users/Lenovo/IdeaProjects/MiniProject/MiniprojectApi/src/test/resources/api/user.feature
12:44:23.796 [main] WARN io.cucumber.core.plugin.SerenityReporter - Feature from file:///C:/Users/Lenovo/IdeaProjects/MiniProject/MiniprojectApi/src/test/resources/api/user.feature is not under the 'features' directory. Requirements report will not be correctly generated!
12:44:23.801 [main] INFO  - 
  _____   ___   ___   _____     ___   _____     _     ___   _____   ___   ___  
 |_   _| | __| / __| |_   _|   / __| |_   _|   /_\   | _ \ |_   _| | __| |   \ 
   | |   | _|  \__ \   | |     \__ \   | |    / _ \  |   /   | |   | _|  | |) |
   |_|   |___| |___/   |_|     |___/   |_|   /_/ \_\ |_|_\   |_|   |___| |___/ 

GET - As admin I cannot get order by ID(user;get---as-admin-i-cannot-get-order-by-id)
--------------------------------------------------------------------------------
12:44:23.945 [main] DEBUG net.thucydides.core.steps.StepInterceptor - STARTING STEP: UserSteps.iSetUnmatchedGETApiEndpointsOrderId - I set the GET api endpoints oder Id
12:44:23.946 [main] DEBUG net.thucydides.core.steps.StepInterceptor - STEP DONE: I set the GET api endpoints oder Id
  &amp#27;[32mGiven &amp#27;[0m&amp#27;[32mI set unmatched GET api endpoints order Id&amp#27;[0m &amp#27;[90m# starter.stepdefinitions.UserSteps.iSetUnmatchedGETApiEndpointsOrderId()&amp#27;[0m
12:44:23.952 [main] DEBUG net.thucydides.core.steps.StepInterceptor - STARTING STEP: UserSteps.iSendGETHTTPRequest - I send HTTP GET request
12:44:23.954 [main] DEBUG net.thucydides.core.steps.StepInterceptor - STARTING STEP: GetAllProduct.iSendGETHTTPRequest - I set the GET api endpoints
12:44:23.955 [main] DEBUG net.thucydides.core.steps.StepInterceptor - STEP DONE: I set the GET api endpoints
12:44:23.965 [main] DEBUG org.apache.http.impl.conn.BasicClientConnectionManager - Get connection for route {s}->https://altashop-api.fly.dev:443
12:44:23.965 [main] DEBUG org.apache.http.impl.conn.DefaultClientConnectionOperator - Connecting to altashop-api.fly.dev:443
12:44:24.069 [main] DEBUG org.apache.http.client.protocol.RequestAddCookies - CookieSpec selected: ignoreCookies
12:44:24.069 [main] DEBUG org.apache.http.client.protocol.RequestAuthCache - Auth cache not set in the context
12:44:24.069 [main] DEBUG org.apache.http.client.protocol.RequestTargetAuthentication - Target auth state: UNCHALLENGED
12:44:24.069 [main] DEBUG org.apache.http.client.protocol.RequestProxyAuthentication - Proxy auth state: UNCHALLENGED
12:44:24.069 [main] DEBUG org.apache.http.impl.client.DefaultHttpClient - Attempt 1 to execute request
12:44:24.069 [main] DEBUG org.apache.http.impl.conn.DefaultClientConnection - Sending request: GET /api/products HTTP/1.1
12:44:24.069 [main] DEBUG org.apache.http.wire -  >> "GET /api/products HTTP/1.1[\r][\n]"
12:44:24.069 [main] DEBUG org.apache.http.wire -  >> "Accept: */*[\r][\n]"
12:44:24.069 [main] DEBUG org.apache.http.wire -  >> "Host: altashop-api.fly.dev[\r][\n]"
12:44:24.069 [main] DEBUG org.apache.http.wire -  >> "Connection: Keep-Alive[\r][\n]"
12:44:24.069 [main] DEBUG org.apache.http.wire -  >> "User-Agent: Apache-HttpClient/4.5.13 (Java/14.0.2)[\r][\n]"
12:44:24.069 [main] DEBUG org.apache.http.wire -  >> "Accept-Encoding: gzip,deflate[\r][\n]"
12:44:24.069 [main] DEBUG org.apache.http.wire -  >> "[\r][\n]"
12:44:24.069 [main] DEBUG org.apache.http.headers - >> GET /api/products HTTP/1.1
12:44:24.069 [main] DEBUG org.apache.http.headers - >> Accept: */*
12:44:24.069 [main] DEBUG org.apache.http.headers - >> Host: altashop-api.fly.dev
12:44:24.070 [main] DEBUG org.apache.http.headers - >> Connection: Keep-Alive
12:44:24.070 [main] DEBUG org.apache.http.headers - >> User-Agent: Apache-HttpClient/4.5.13 (Java/14.0.2)
12:44:24.070 [main] DEBUG org.apache.http.headers - >> Accept-Encoding: gzip,deflate
12:44:24.240 [main] DEBUG org.apache.http.wire -  << "HTTP/1.1 200 OK[\r][\n]"
12:44:24.240 [main] DEBUG org.apache.http.wire -  << "content-type: application/json[\r][\n]"
12:44:24.241 [main] DEBUG org.apache.http.wire -  << "date: Sat, 06 May 2023 05:53:10 GMT[\r][\n]"
12:44:24.241 [main] DEBUG org.apache.http.wire -  << "transfer-encoding: chunked[\r][\n]"
12:44:24.241 [main] DEBUG org.apache.http.wire -  << "content-encoding: gzip[\r][\n]"
12:44:24.241 [main] DEBUG org.apache.http.wire -  << "server: Fly/3f2597ca (2023-05-03)[\r][\n]"
12:44:24.241 [main] DEBUG org.apache.http.wire -  << "via: 1.1 fly.io[\r][\n]"
12:44:24.241 [main] DEBUG org.apache.http.wire -  << "fly-request-id: 01GZQSY2NGK64WV1N1G3ENJ84G-sin[\r][\n]"
12:44:24.241 [main] DEBUG org.apache.http.wire -  << "[\r][\n]"
12:44:24.241 [main] DEBUG org.apache.http.impl.conn.DefaultClientConnection - Receiving response: HTTP/1.1 200 OK
12:44:24.241 [main] DEBUG org.apache.http.headers - << HTTP/1.1 200 OK
12:44:24.241 [main] DEBUG org.apache.http.headers - << content-type: application/json
12:44:24.241 [main] DEBUG org.apache.http.headers - << date: Sat, 06 May 2023 05:53:10 GMT
12:44:24.241 [main] DEBUG org.apache.http.headers - << transfer-encoding: chunked
12:44:24.241 [main] DEBUG org.apache.http.headers - << content-encoding: gzip
12:44:24.241 [main] DEBUG org.apache.http.headers - << server: Fly/3f2597ca (2023-05-03)
12:44:24.241 [main] DEBUG org.apache.http.headers - << via: 1.1 fly.io
12:44:24.241 [main] DEBUG org.apache.http.headers - << fly-request-id: 01GZQSY2NGK64WV1N1G3ENJ84G-sin
12:44:24.242 [main] DEBUG org.apache.http.impl.client.DefaultHttpClient - Connection can be kept alive indefinitely
12:44:24.242 [main] DEBUG io.restassured.internal.RestAssuredHttpBuilder - Parsing response as: application/json
12:44:24.242 [main] DEBUG org.apache.http.wire -  << "7A0[\r][\n]"
12:44:24.242 [main] DEBUG org.apache.http.wire -  << "[0x1f][0x8b][0x8][0x0][0x0][0x0][0x0][0x0][0x4][0xff][0xaa]VJI,IT[0xb2][0x8a][0xae]V[0xf2]tQ[0xb2]24[0xb2][0xb0]0[0xd7]Q[0xf2]K[0xcc]MU[0xb2]Rr[0xcd][0xcb]/[0xca][0xcd]/-Vp[0xce]/)[0xc9][0xcf]Sp[0xce][0xcf]-(-I-R[0xd2]QrI-N.[0xca],([0xc9][0xcc][0xcf]S[0xb2]R[\n]"
12:44:24.242 [main] DEBUG org.apache.http.wire -  << "-Q[0xc8]KMN-.[0xce],I,[0xc9]L*-V([0xcb],ILU[0xc8],-JUH[0xc9][0xcf][0xc9]/J-V(J-H[0xcd][0xc9]I[0xcd]K)-V([0xce][0xcc][0xcd][0xcc][0xc9],,M[0xd5]S[0xd2]Q[\n]"
12:44:24.242 [main] DEBUG org.apache.http.wire -  << "([0xca]LNU[0xb2][0xb2]4[0xd4]Q[\n]"
12:44:24.242 [main] DEBUG org.apache.http.wire -  << "J,[0xc9][0xcc]K/V[0xb2]2[0xd1]QrN,IM[0xcf]/[0xca]L-V[0xb2][0x8a][0x8e][0xad][0xd5]A[0xb8][0xd0][0x2][0xee][0xc2][0x80][0xa2][0xc4][0xe4][0x92][0xcc][0xe4][0xc4][0x1c][0x5][0xdf][0xc4][0xa2][0xa4][0x9c]T[0x85][0x90][0xc4][0xa4][0x9c]T[0xc][0xf7][0x85][0xa4][0xe6][0x16][0xe4][0x17][0x81][0x1d]V\[0x9a]W[0xa2][0x90]X\[0x90]Z[0x94][0x9]r[0x15][0x92][0xfd][0x16]FH[0xf6][0x1b][0xe3][0xb3][0xdf][0x12]nPiqIf[0xb2][0x82]{Qb^fI[0xaa]BpF~j1[0xa6][0xed][0xf9]%[0x89][0xb9][\n]"
12:44:24.242 [main] DEBUG org.apache.http.wire -  << "[0x85][0xa5] [0xfb]S[0x12]s[0x15][0xca]Rs[0x90][0xac]51#[0xd2]ZK[0x3][0xb8][0xb5][0xc1][0xf9]y[0x95][\n]"
12:44:24.242 [main] DEBUG org.apache.http.wire -  << "[0x1][0xc1][0xa6][0x18]V[0x15][0xe4]$V*d$[0x16]+[0xe4][0xe5]+[0xe4]d[0xe6]f[0x96][0x80]\[0x3][\r]_#KK$[0x9b][0xf0][0x5][0xb0][0xa5][0x11][0xdd]l2[0xa6][0xa6]M[0x86]x"[0xcd][0xd2][0x94]n6[0x99][0xc1]mr-J[0xcf][0xcf][0xcb][0xcf][0xcd]LV[0x8][0xcf][0xcf]OI[0xcd]Sp[0xcf][0xc9]/[0xc3][0x92]B[0x82]3s[0xb2][0x11][0x19][0xc1][0xd8][0xd2][0x18]9M[0x98][0xe2][0xf3][0x15]"[0xb3][0xba][0xe7][0x17][0xa5][0xa7][0x82]2+[0xc8]0\[0x16]A22[0xc2]*3[0xb]Cc[0xa4]Da[0x80][0xcf]*D[0xae]sL-[0xca]O[0xa9][0xcc]K[0x4]y[0xc][0x9a][0xef][0x82]32[0x8b]J0[0x92][0xa3]gQ~[0x1e][0xc2]2[0xb][0x13]S[0xe4],[0x86][0xd7]_[0x88],[0xe6]RZ[0x4][0xca][0xd3][0xf0]<[0xe6][0x94][0x98][0x8e]a[0x8f]s~^rQj[0x9]([0xe3]C[0x13][0xbb][0xb1][0x85][0xa1][0x1][0x92][0xc7][0xf0][0xa4]vK[0x3]D[0xbe][0x82][0x87]a@bAj[0x11][0xee][0xf2][0xe][0x12][0x9b][0x8][0x9f][0x99][Z[0x98][0x10]k[0x1b]U[0xf3][0x16][0x9e][0x8][0xb3]40[0x81][0xa7]C*[0x94][0x17]xb[0xcb][0xd2][0x80][0xaa]y[0xb][0xaf][0x9f][0x10][0x89][0xd0]#5[0xb1][0xac]R[0xc1][0xa5][0xb4][0xa4]R![0xb8]$55G[0xc1]#[0x11]3[0x1][0xa2]G[0x94][0x99][0x81][0xa9]9RD[0xe1][0xb5][\n]"
12:44:24.242 [main] DEBUG org.apache.http.wire -  << "3[0x9]BSEFb&f[0x15][0x8]v[0x3]"E[0x98][0x99][0x1a]"Wg[0xf8],[0x2]%Th[0x85][0xeb]X[0x9e]Z[0x9c][0x9f][0x9b][0xaa][0xe0][0x93][0x9a]X[0x92][0x1]J[0x80]9[0xf9][0xc9][0xa0][0x82][0x1][0xb5][0xb6]E[0xcd]U[0xe6][0x86][0x16]DfaK[0x90][0x93][0xa0]6[0xc1][0xab]v[0xa7][0xa2][0xfc][0xbc][0xaa]T[0xdc]I=[0xa8]4)[0x9]\[0xe3]C3[0x96][0x5][0xd1]%[0x86][0xa5]!"[0xa9]C[0xeb]I[0x9f][0xcc][0xbc][0xd4]<[0x85][0x80][0x9c]DpVE[0xf5][0x15][0xba]E[0xc6][0x86]&[0xa6]DF[0x15][0xa8][0xc][0x83][0xfa][0xcb]75%3?[0xb9][0x8][0xe4]!H[0x91][0xa0][0xe0][0x8c]5[0xc][0xc1].AD[0x97][0x89][0x99]!r[0x91][0x8b]7[0xba][0x90][0xb2]Ue^jQz&[0xb8][0x9][0x0][0x8a][0x14][0x5][0xec][0xa5]`@N"H[0x9][0xc2]6Sc[0xb][0xe4][0xc2][0x9][0xaf]m[0x88][0xac][0x85]\[0xea]B[0xca]q[0x5][0xef][0xbc][0xcc]4P[0xa1][0x87][0x1a][0x92]X[0xec]3%:[0x89] */d[0xfb][0x1c]sJs3[0xf3]Js[0x15][0xb0][0x95][0xbe][0xd0][0xd4][0x8a][0xe4]?Kc[0xa2][0xfd][0x87][0xa8][0xc0][0x90]3tfN[0xb6]BxbNN*f[0x96][0x86]$X[0x84]e[0x96]f[0x6][0x16][0xc4][0xa6][0x13]D[0xe9][0x81][0xd1]p[0xc4]a[0x1b][0x86][0xdf],[0xcc][0xc][0x91][0x8b]z[0xbc]q[0x87](A[0x90][0xc3][0x12]Zc[0xe2][0xb0][0xd0]9[0xbf][0xa0][0x0]9[0xbf]Y[0x9a][0x19]"7[0xdb][0xf0][0xd9]g[0x84][0xa8][0xc8]`[0x5][0x9]4)(8'b[0x96]X[0xe8][0x1]ill@l[0x91]ed[0x8][0xaf]Z`6AJZ\[0xed][0xe]P[0x9b][0x4][0x11]e[0xa6][0xc4][0x97][0xc2]F[0x88]2[0x4]^dA[0xad][0xc2][0x9e][0xd9] [0x92][0x8][0xbb][0xcc][0xcc][0xcd][0x90][0x1b][0x1d]x[0xc3][0xf][0xd1][0x18][0x85][0x17]#[0xe1][0xf9][0xf9]98[0x8a][0x10][0xf4][0xf0]3[0xb5]0!:[0xfc][0x10]e[0x8][0xdc]&[0x88]q8[0xba][0x10][0xe8][0xbe]260%6[0xd1][0x1b]!J[0x10]h)[0xc]Ib8l[0x82][0xa6][0x18]D[0x0][0x1a][0x1b][0x11]]e[0x1a]![\n]"
12:44:24.242 [main] DEBUG org.apache.http.wire -  << "[0xf]*[0xb4]8[0xf0]F[0x15][0xa2][0xd8]@[0xe4]dH[0xf5][0x8c][0xa3][0x19][0x90][0x83][0xf0][0x91][0xa5]%[0xa8][0xca][0x85]w5[0xf1][0xda][0x83](1[0xe0]mCXg[0xf]{5[0x6][0x95]E[0xd8]fnhIl[0x93][0xc3][0x8]Q`x[0xe6][0x95][0xa4][0xe6][0xe4]d[0xa6][0xa7][0xe6][0x95](@S[0x6][0xb6]<[0x8c]a[0x9b][0xa9][0x89])[0xb1][0x15][0x19][0xa8][0x8c][0x86][0xd6][0x9a][0xf0][0xac][0x5]n[0xc5](8[0xe5][0x97][0x94]`[0xe9]E[0x83][0xaa]8[0x84][0xbf][0x8c]-[0xc][0x88][0xad]T[0x8c][0x11][0xc5][0x85]'[0xa8]VN[0xc9][0x4]u[0xd5][0xa1])M[0xc1][0x19]k{[\n]"
12:44:24.242 [main] DEBUG org.apache.http.wire -  << "V[0xe3] ,42 :[0xda][0x8c][0x11][0xa5][0x6]"y@[0x93][0xbd]s>[0x96]v"[0xd4]-[0x8][0xcb],[0xcd]L[0x88][0xad][0xc2][0x8c][0x11][0xc5]FpNjj[0xb6][0x2][0xb8]m[0xa1][0x80][0xd5][0x1e][0xd4]r[0xd0][0xd8][0xd4][0x88][0xe8] D[0x94][0x18]>[0x99][0xe9][0x19]%[0xe5][0xa9] [0x12]6[0xea][0xe1][0x94][0x9a][0x97][0x9c][0x81][0xd1]+[0xc2][0xa8][0xbb]L[0xcd]A[0x5]7Q[0x9][0xdf][0x18]Qj[0xc0]K(hbS[0xf0]N[0xad]L[0xca]O,J[0xc1][0xb0][0x10]TX"[0x82][0xd0][0xc8][0xc8][0x84][0xd8][0x9a][0xb][0xd4][0xdf][0x85]&E[0xe4][0x9a][0x12][0x14]Z[0xb8]m[0x3]gw[0x84]u[0xe6][0x16][0xc4][0xc7][0x18][0xa2][0xf4]@jt@[0x83][0xb]G[0xb9][0x88][0xde]<[0xb5]4[0x2][\r][0x94][0x11][0x17][0x96][0x88]B[0x4][0xc9]:X[0x9f][0x15]WnC[0xb7][0xd0][0xcc][0xc]T[0xbf][0x13]g![0xa2][0x1c][0x81][0x97]Z[0xa0][0xcc]K\[0xed]laAt;[0x0][0x14][0xe2][0xd0]x[0x83]u[0xd3][0xa1][0xb9], 1[0xf]<[0xf6][0x84][0xda]2E[0xaf][0xc6][0x8c]L[0xcd][0x88]-[0xad]@u+[0xd4]*xi[0x5][0x9]"[0x1c][0xad]nht"[0x12][0x88][0xa9][0xa1]1[0xb1]-7[0x13]D[0xf9][0xe1][0x96][0x98]W[0x2]n[0xbe][0xc3][0x86]p[0xb0][0xb5][0x80]1[0x8a][0xf][0xb][0xb][0xa2][[0xdc]&[0x88][0xe2][0x3]Z?[0x83][0xb2][0x11][0x8e]6[0x7][0xc4][0xc7][0x8]?[0x99][0x18][0x82]F[0x5][0x89]J[0x14]&[0x88][0x12]$[0x18][0xa9][0xdf][0x2]+g[0xb1]v[0x9f][0xd1][0xb2][0x98][0x99][0x81]%[0xd1]![0x88](?[0x90][0xab]2p[0x8e][0xc6]>J[\n]"
12:44:24.242 [main] DEBUG org.apache.http.wire -  << "J[0xa0][0x8][0x8f][0x19][0x19][0x10]][0x8f][0x81][0x6]P[0xa1])[0x3][0x11]Y [0xd3][0x14][0xb0]'B4OY[0x98]X[0x10][0xdb]l3A[0x94][0x1b][0xc8][0xf5][0x18]d[0xac][0x88][0x88][0x16][0xb6][0x85][0x11]h[0xac][0x89][0xb8][0xd8]B[0x94][0x19]HV[0x81][0x83][0xf]{[0xbb][0x3]$[0x85][0x8]>3[0x13]Pt[0x13]g[0x13][0xa2][0xb0][0x80]g,XI[0x8f][0xbd]^[0xc1][0xc8][0xc5][0x16][0xa0][0xda][0x82]([0xcb]L1[0xbb]([0xe0][0x98]"[0xdc]h367%[0xb6]61E47[0x10][0x3][0xb0][0xf0][0xe2][0x16][0x9b]U 7 [0x2][0xcf][0xd2][0xc4][0x98]h[0xab][0x10][0x99][\n]"
12:44:24.242 [main] DEBUG org.apache.http.wire -  << "^M[0x82][0xd3][0x17][0x8e]B[0x9][0x96][0xdb][0x10][0x96][0x99][0x9a][0x11][0x9d][0xd0]M[0x11]y[\n]"
12:44:24.242 [main] DEBUG org.apache.http.wire -  << "ZR[0x80]"[0x1d]k[0xc6]E[0xf5][0x90][0x91][0xa5][0x19][0xb1]MP[0x90]c[0xa0][0x99][0x9])[0xdd][0xc1][0xd2]Cxb[0x9][0x96]v[0x6]F[0xe9]gf[0x80]2[0x1c][0x8a][0xaf][0x81][\r][0xea][@[0xed][0x83]WU[0xb0][0xc1][\r]\[0xcd][0xc]p#[0x15][0x11][0x82]fFf[0xc4][0xf6][0x85]@[0x9d]&[0xa8]mH[0xbe][0x83]D[0x18][0xb6]r[0x1d]R[0x99]!YelLt@"[0xb2][0x15][0xa2]T[0x82]E[0xbf][0x2][0xf6][0x8c][0x85][0xe6]1SS[0xa2]3[0xb1][0x19]"_![0x17][0xee][0xd0][0x90][0xc4]>[0x4][0x6][0xe9]V <g[0x8a]:A[0x84]/[0xd6][0xcc][0x10]9[0xc]V[0xef][0xc3][0x92][0x8][0x8e][0xd2][0x9]4B[0x8b][0xb0][0xca][0xd8][0x90][0xe8][0x1]0P[0xef][0x1d][0x1a]e[0xd0]D[0x8f][0x8]D[0xec][0xdd][0x14][0x88][0xa7][0x11][0x96][0x99][0x98][0x80][0xc6][0x7][0x89]*[0x9e][0xcc][0x10]9[0xc]^[0x16][0x82][0xb2][0x12][0x8e][0x81]6[0xf4][0x10]416'6y[0x80][0x92],[0xd4][p[0x9b] [0xa9][\r][0xc7][0xf0](([0xab]#[0xfc]daFt[0xc3][0xc9][0x1c][0x91]4[0xe0]6AJp[0x5][0xec][0xd9][0x19]VR"l36&z[0x88][0xd9][0x1c][0xd1]r[0x82]t[0x86][0xa0][0xa3]][0xd8]G*1[0xad][0xb2]4[0x7][0xb9][0x97][0xa8][0xc8]2G[0x94][0xbd][0xc8][0xc5]<x[0xa6][0x1a][0xfb][0xd8][0x10][0xa6]u[0xc6][0x16][0xa0][0x2][0x88]8[0xeb][0x90][0x6]7[0x90][0xda]O[0xd0][0xc2][0xf]W+[0x1e][0x96]X[0x11][0x81]ia[0x80][0x19]u[0x0][0x0][0x0][0x0][0xff][0xff]"
12:44:24.242 [main] DEBUG org.apache.http.wire -  << "[\r][\n]"
12:44:24.242 [main] DEBUG org.apache.http.wire -  << "7C5[\r][\n]"
12:44:24.242 [main] DEBUG org.apache.http.wire -  << "[0xc2]>[0xd1]mi[0x8e]h[0x4]@[0xd3]>81bo?A3 [0xc2]"c[0x13]cb[0xcb]EPn[0x84][0xa6][0xc6][0xe0][0xdc][0xc4][0x9c][0x1c][0xf8]d[0x1b][0xf6]pDO[0xf7][0x96]&[0xa0][0xb9]&[0xa2]B[0x11][0xd4][0xd6][0x82][0xda][0x4][0xf5][0x12]4[0xd5]c[0xb7][0x9][0x92]P[0x91][0xfc]dJt[0xbb][0x1a]4[0x9d][0xf][0xb5][0x9][0xb9][0x5][\n]"
12:44:24.242 [main] DEBUG org.apache.http.wire -  << "[0x8b][0x10][0xec][0xfd]s[0x98],[0xc2]F[0xb]SPaG[0x9c][0xdf][0x10]-y[0xa4]~[0x1e][0xb8]P[0xc7][0xd1][0x14][0xc5][0xf0][0x1e][0xf1][0xa9][0x1f]T[0xc3][0xc2][0xbd][0x97]\[0x94][\n]"
12:44:24.242 [main] DEBUG org.apache.http.wire -  << "[0x1d]S[0x1][0xb7]Eq[0x8c][0xdf][0xa0][0x16]!F[0xe6]f[0xc4][0xe]>X [0x8a]E[0xe4][0xee]9,;[0xe1][0x1a][0xa9][0x7]%VD@[0x1a][0x93][0x90]H[0x10]Y[\r]5[0x91]`o[0xd0][0x83][0xc7][[0x10][0x16][0x99][[0x80][0xc6][0xd1][0x88][0x88]1cc$[0x8f]E8[0xf9]G[0x18]b[0x8c]h L5AY=[0x81]^9[0xc2][0xd6][0xa6][0x98]"uS[0xdd][0x13]s3[0xf3]0[0xe7][0xaa][0xdd][0xf2][0x8b][0x14][0xd2][0xc1]R[\n]"
12:44:24.242 [main] DEBUG org.apache.http.wire -  << "[0x5][0xa5]E[0x5][0xf9][0xc5][0xa9][0xc5]J[0xb5]H[0xcb][,A[0xe3][\n]"
12:44:24.242 [main] DEBUG org.apache.http.wire -  << "[0xd0][0x98]E[0x1e][0xea][0x81][0xe6][0x13][0x1c][0xf5]+[0xca][0x2][0x2][0x13]KP3[0x8e][0x88][0x10]0[0xb2][0xb4]@[0x14]1H-"h[0xdf][0x19]GU[0x4][0xea][0x9f]"[0x2][0xc6][0xc8][0x8][0x94][0xa7][0x89][0xb2][0xc][0xd4]W[0xc5][0xe2]3H.[0xc0]Y[0x1b][0x81][\n]"
12:44:24.242 [main] DEBUG org.apache.http.wire -  << "t[0x84]u[0xe6][0xa6][0xa0][0x16][0x1]q[0xd6]![0xea]"D[0x13][0xc]Z[0x1f]ao[0x80][0xa1][0xa5]$K[0xb][0xa2][0xb3][0x88]%"[0xef][0xc3][0xdb][0xb1]A[0xe0][0xa9]S<[0x3]X[0xe8][0xf3][0x82][0xc6]fF[0xc4][0xe][0x87][0x80]:[0xe2][0xd0][0xa0]D.[0xdd]@Y[0xe][0xeb]d[0xf]4F[0x11][0xe1]hj[0x0][0x9a][0xb5]'.[0x1c][0x11][0xd9][0x1f])[0x8d]@[0xeb][0x1b][0xec][0xb6][0x81][0xe6]y[0x11]v[0x19]Y[0x80][0xda][0xa7][0xc4][0xd9][0x85][0xc8][0xfa][0x90][0x9a][0x8][0x1c]%8[0xda][0xcb][0x98][0xa5][0xb5]1[0xf1][0xc3][0xb6][0xa0]Qyh[0x8]"[0x95][0xd6][0xd0][0xb4][0x88]=[0x97][0xa1]&|[0xb]K[0xa2]'[0x1e]-[0x11][0xb9][0xc][0x91][0x12][0xa1][0xc9][0x3][[0xbf][0x3][0x92]H[0x11][0x1]hl[0x1][0x1a]d[0x86][0x7] [0xbe][0xd5],[0xa0]b[\n]"
12:44:24.242 [main] DEBUG org.apache.http.wire -  << "[0xea]-[0xa4][0xc8][0x82]TB[0xd8][0x13]=[0xac][0x18]GXgn[\n]"
12:44:24.242 [main] DEBUG org.apache.http.wire -  << "[0x1a][0x0][0x83][[0x87]{[0xe9][0x87][0xb1][0x1]h@[0x3]n[0x1d]b[0xca][0x2][0x16]38[0xba][0xc1][0xe8][\r][0x8]3[0xd4][0x19][0x19][0xdc][0xfe]360@dj$[0xff]A[0xa3][\r]{[0x83][0x16]=4M[0xcc][0x88][0xec][0xdf][0x1b][0x1b][0x80][0xda]5X[0xbc][0x7]1[0x11]G[0xaf][0x0][0xda]"D[0x4][0xa7][0x91][0x99][0x11]q[\r]1cp[0x9e][0x84][0xda][0x7]i>[0xc3][0x3][0x12][0xfb][0xc2]F[0xb4]*[0xdd][0x94][0xc8][0x14]il`[0x80][0x94][0xcf][0x90]Z[0xb3][0x90][0xdc][0x86][0xbd][0x81][0x89][0xde][0xaf]22[0x0][\r][0xdb][0xc3]S[0x9][0xde]HCt[0x86]a[0xf3][0xc5][0xe0][0x92][0xca]'1[0xb7][0x0][0xa3][0xce][0x5]w[0xc7][0x11][0xa1]ga[\n]"
12:44:24.242 [main] DEBUG org.apache.http.wire -  << "[0xea][0xb5][0xc3][0xad]A[0xaf]y[0x11]5[0xa7]1x~[0x8][0x16]z[0xe0]f,[0xc4];8[0x16][0xdd]a[0xc4][0x93])[0xb1][0xd5][0xa6][0xb1][0x1][0xd2]J[0x1a][0xb4]x[0xc2][0xde][0x8e]E[0xf7][0x13][0xb1][0xe3][0x8][0xc6][0x6]H[0x8b]h`A[0x7]-8[0xb0][\r]dA[0xb]eD[0xe8][0x19][0x81]W[0xe1][0x10][0x17]z[0x88][0xfe][0x14]R[0x81][0x8][0x89]u[0xdc][0xeb][0x83]0l$[0xba]kjl[0x0]Zs[0x3][0x8b]/[0xca]W[0xb4][0xe2]M[0x19][0x88][0x91][[0x9a][0xce]L[0x1b][0x1b][0x18]"[0x8a][0xfa][0x80]`[0x5][0xcc][0x15][0xba][0xe9][0x89][0xb9][0xa9][\n]"
12:44:24.242 [main] DEBUG org.apache.http.wire -  << "[0xa6][\n]"
12:44:24.242 [main] DEBUG org.apache.http.wire -  << "[0xc5]%[0xe0][0xf1]b[0xe8][0xa2]*[0xfc][0x8d]K[0x94]$[0x8e][0xc8]I[0x10][0x8f][0x18][0x1a]ad [0xf8]"`[0xf4][0x15][0xc0][0xc6][0xa0][0xd2][0x9a][0xa8][0xb4][0x0][0x9a]jB[0x8e][0x99][0x2]33[0xc]k[0x92][0xf3][0x93][0x12][0x13]A[0x4]"[0xb5][0x91]`[0x1]b[0x4][0xc9]9?)Q![0xa5]4[0xa7][0x14][0xc3][0x86][0xcc][0xbc]L[0x85][0x8c][0xc4][0xbc][0xca]D[0x85][0x82][0xd4]"[0x90]M[0x89]y[\n]"
12:44:24.242 [main] DEBUG org.apache.http.wire -  << "[0x5][0xf9][0xc5][0xa0]5A[0xd0][0x80]3[0xb5][0xb4][0x4]Ux[0xc4][0xf9][0x9]Qs[0xd0]"f@S[0xb9][0xd0] [0xa3][0x89][0xf1][0x88][0xdc][0x19][0x92][0x88][0x19]T[0xf0]8[0xc7][0xb2][0xf0][0xdb][0xd0][0x0][0x3][0x10][0xb5]`[0xca][0xd8][0x0]ToA[0xfd][0xe4]Q[0xa0][0x10][0x96]Y[0x96][0xaf][0x10]i[0x84][0x99][0xe0]rSs3s2[0xb3]3[0x15][0x8a][0xb]R[0x8b]3[0xd3]2[0xb3][0x13][0x8b]3[0x15]*[0x13][0xf3][0xd2][0x15][0x12][0xb]2A[0xeb][0x17][0xa1][0xb1][0x5]j.[0x80][[0xc][0xc4][0xc5][0x17]"[0xa9][0xd3][0xcf][0xc7]HK[0x15][0xe8][0xef]c[0xa4]e[0xb][0x3]`9[0xa2][0x7]S[0x92]Z[0xc][0xda][0x86][0xa1]PP[0x94][0x9f]R[0x9a][0xc][0xca]n[0xa8][0xd3][0xb8]%[0x19][0x99][0xc5][\n]"
12:44:24.242 [main] DEBUG org.apache.http.wire -  << "[0x99][0xc5][\n]"
12:44:24.242 [main] DEBUG org.apache.http.wire -  << "%[0x19][0xa9]05[\n]"
12:44:24.242 [main] DEBUG org.apache.http.wire -  << ")H[0x1b]B[0xe0][:[0xc0])[0x8f][0xc8][0xb4][0x6][0x9a][0x9c][0x85][0xa6]5p[0xc9]ff``[0x80]Q"[0xe0]K[0xe6][0xa6]D[0x97][0x4][0xa0][0xe9]*[0xa8]U[0x3][0xe3]UD[0xe3]k`[0xec][0xa7][m[0x8][0x1a][0x81][0x84][0x86]48RI[0xde][0xb3]Bt[0x8d][0x5]j[0xd2]Cm[0xa2][0xde]AZ[0x7]1 [0x11][0x8a]4[0xea]40[0xf6]#[0xaa][0xd6][0x81][0xb1][0x1f]QvA[0x86][0xd6]0[\n]"
12:44:24.242 [main] DEBUG org.apache.http.wire -  << "[0x8e]4,[0xa3]n[0xf0]b[0x8a][0xd8][0x89]/c[0x3][0xd0][0x84][0x1c]4[0x95][0xc1]&[0xbe][0xc0][0x1d][0x19][0xec]k[0xd8][0x82]R3[0x93]3S[0xf3]R2[0x8b][0x15][0x8a]SS[0x14]2[0xf3][0xca]R[0xf3]J[0xf2][0x8b]R[0x15]2[0xf3][0x92]3S@[0x1b][0xd1]RK[0x14][0x12]KKRs[0x91][0xf6][0x83][0x11][0xbb]F[0xc0][0xd8][0x0][0xb4]>[0x1e][0xea][0x98][0x81][0x9]uD16[0x0]Y[0xe]Q[0x86]Q[0xcd][0xf3][0xc4][0xad][0xf8]360A[0xb4][0xf1][0x9][0xd9][0x8d]h[0x1b][0x83][0xea]B"[0xab]B[0xd0][0xba][0xb9][0x81][0x8c]X[0xa4]U[0x1a][0x84][0xfc]G[0x93][0xa6][0x0][0xd2][0x2][0xe][0xaa][0xd9]Ol[0xdc][0x82][0xb6][0xa8][0x11][0x19][0xf6]d[0xc5]-h[0xfe][0x8a]H[0xf3]i[0x13][0xb6][0x88]~[0x4][0xd5][0xc2][0x16][0x94][0xb4][0x89][0xe]_[0xc4]`2[0xd5][0xec]'[0xda]nD[0x81]E[0xc8]n[0xf2][0xe2][0x96][0x6]e[0x12]Ia[0x8b]([0x97]h[[\r][0x82][0x96]bA[0x13]1m-[0x2][0xcd][0x1b]@-"[0x14]c4[0xc9]-[0xa0][0xb9]_j[0xdb]Olj[0x5][0xcd]s[0x11]i7Y[0xa9][0x15]4[0xb7]E[0xa4][0xf9][0xb4][0x9][[0x1a][0x95]DDV[0xb2]Hk}[0xc8][0xeb][0x9a][0x10][0xdd][0xdd][0x4]-[0xbe][0x83][0x6]4[0xad]mB[0x14][0x0][0x11]N[0xf9][0x15][\n]"
12:44:24.242 [main] DEBUG org.apache.http.wire -  << "[0x83]aB[0xdb][0xd8][0xc0][0x1c]1[0xd6]7 [0x99][0x18]iM[0x12][0xd5][0xec]'6[0x13][0x9b]#z&[0x84][0xec]&+[0x13]#-[0x82]"d>M2[0xb1]9[\r][0xaa]sP[0x95]Gd&FZ[0xb8]4 [0xde][0x7]-}[0x80]fm[0xaa][0xd9]Ol[0xd2]BZ[0xe0]D[0xc8]n[0xb2][0x92][0x16]h[0xcd][0x1f][0xb5][0xfd][0x6][0x8a]Z[0xa2][0xfd]7[0xb0][0xf5][0x3][0xd2]b[0x15]B[0xc1]K[0x8b][0x9c]e[0x4][0xda][0xaa][0x5][\r]~[0xda][0xb6][0xb1]@[0xe7][0xee]@-[0xa2][0x9a]G[0x89][0x8d]c[0xa4][0x93]f[0x8][0xd9][0x8d]3[\r][0xe3][[0x9e][0x80][0xb4],[0x87][0x90][0xf9][0xb4][0x88]D[0xf0]~[0x19]j[0x87]-([0xf][0x11]W<[0x1a][0x82]FOia=[0x91][0xd1]k[0x8][0xda]H6[0xa0][0xf6][0xd3]`\[0x92]h[0xbf][0xd3][0xb6][0xe6]7DZ[0x9a]2[0x10]I[0xdb][0x10][0xb4]|[0x8c][0x16]qKd[0xd2]FZ[0x81]1 [0xde]GZ[0x97]A[0xdb]F[0xbd]!h[0xf7][0x2]4[0xa0]im[0x13][0xa2][0xc6][0xa5][0xb5]M[0x88]f#[0xad]mB[0x8c][0xf9][0xd0][0xda]&[0xc4][0xe8][0xf][0xad]mBt[0xf3]hm[0x13]b[0xe][0x9e][0xc6]6[0xa1][0xaf]8!y[0xa6][0x90][0xd8][0xee][0xb8]!R[0xc3][0x8a][0xd6]~BT?[0xb4][0xb6][0x9]Q[0xd9][0xd0][0xda]&[0xba][0xe5]'#D~[0x1a][0x90][0x12][0x1e]i[0xf1][0xb][0xd5][0xec]'[0xb6][0xf1][0x0][0xda][0xc1][0x0]-[0xf3][0x9][0xd9][0x8d][0xb3]][0x8c]g=[0x9c]![0xd2][0xd9][0x1f]4N/H[0xb]j[0x8][0xf9][0x84][0x16]-pC[0xa4]55T[0xb5][0x9f][0xc8]f[\n]"
12:44:24.242 [main] DEBUG org.apache.http.wire -  << "[0xd2][0xb2][0x4][0xaa]ZOlBBZ[0x99]@[0xe3][0x88]F[0x9a][0x1a][0xa7][0xb5]M[0x88]"[0x88][0x6]+[0xed][0xc][0x91]f?[0x11][0xfb][\n]"
12:44:24.242 [main] DEBUG org.apache.http.wire -  << "[0xa1][0xcb]\q[0x9d][0xa0][0x11]X[\n]"
12:44:24.242 [main] DEBUG org.apache.http.wire -  << "Z[0xe][0x85]8e6[0xb1][0xb8][0xb8]475/%Q[0xa1]4''[0x91][0xac][0xe9]}C[0xa4]YP[0x1a][0x7]([0xd2][0x9c]g@[0xb0][0x9][0xc6][0xda][0x89][0x82]b[0x13][0x85][0xa4][0xc4]"[0xd0][0xa2]C[0xa4][0x85]|Df[0x80][0x1][0x9e][0xef]44E[0xb4]i[0xa9][0x96][0x1][0x89][0xcd]|H[0x1b][0xf6][0x9][0xd9]MV)[0xe][0xda][0xe5]Ed-A[0x93][0xb2][0x15][0xb4]w[0x96][0x16][0xf6][0x13][0x99][0xb4][0x6]x[0x2][0xcb][0x10]i[0x6][0x89]P[0xf4][0xd2]$[0xf8]A[0xfb][0x88][0xa9][0x1d][0xfc][0xc4]&m[0xa4]9-B~'+i#[0xed][0x8f]'d>m[0xc2][0x16][0xd1][0xf1][0xa1][0xaa][0xfd]D&mZM[0xab][0x10][0x1b][0xbd][0xa0]s[0xc][0xa0]I[0x8b][0x16]U,[0xd2][0xc6]v[0xe4][0xe3]*[0xc0][0xbb]dp[0xec][0xaa][0xf2][0xcf][0xcd][0x83].[0xa3]+[0x4][0xd5][0xb5][0xc9][0xf9]y[0xc5][0xa9][0x85][0xa5][0x89]%[0xa5]E[\n]"
12:44:24.242 [main] DEBUG org.apache.http.wire -  << "[0xc9][0xf9]E[0xa0][0xd3][0xdd]A[0x87][0x9e]'e[0x16]+[0x14]%[0x82]N[0xa5]G>Y[0x9e][0xe8]%u[0x86][0xe6][0x88]h[0xa7][0x85][0xbf][0x91][0xa6][0xab]P[0xaa]t[0x0][0x0][0x0][0x0][0xff][0xff]"
12:44:24.242 [main] DEBUG org.apache.http.wire -  << "[\r][\n]"
12:44:24.243 [main] DEBUG org.apache.http.wire -  << "64E[\r][\n]"
12:44:24.243 [main] DEBUG org.apache.http.wire -  << "B>K[0x1f][0xdf][0x12]g[0xd4][0x85][0x8a]xv\[0x19]"MLA6(A7[\r]a[0xdf][0xda][0xe5]XZ[0xa2][0x90]Z\[0xa2][0x90][0x93][0x98][0x94]_T[0x9a][0xab]P[0x9c]X[0x90][0x99][0x9a]W[0x92][0x8a][0x8]Z[0xf0]*E[0xd0]*FrV*[0x1a]"MU[0xe5]%[0xe6]&B[0x16][0x8d][0x83]6[0x6][0xa0]z=[0x1b]z[0x10][0x2]B[0x1e][0xda][0xde] 6[0xd9]"MY[0xd1]$[0xfa][0x10]m[0x9][0xe8][0xbe]t[0xe8][0x1e]2\;[0xe0][0x83]Ak<[0xf3][0x12][0xc1][0x87][0xff]'[0x92][0x17]r[0x88][0x81]2[0xe4]}[0xbe][0xd0]]Y[0xd8]7[0x5][0xfa]%[0x96][0x94][0x16]+[0xa4][0x96]([0x14]g[0xe6][0x95][0x90]g+[0xa2][0x85]M[0xd5][0xd2][0x8f][0xe8]x[0x1c][0xe0][0xae]?[0xd2][0xae]x[0xa4][0xad]p[0xb0][0xc8][0xc6][0xb6][0xf1].,?[0xa7][0xb4][0xa0]$[0xb1]$[0xb5]X[0xa1][0x4][0xd1][\r]H-QH-[0x5][0xc7][0xbe]B)x[0xa5]/y[0xb1][0x81]([0x94][0x6]$6[0xe8]1[0x13][0x8a][0xaf],[0xa3][0xc5][0x4]%h[0x12][\r]95[0xe2][0x99]D4D[0x9a][0xa4][0x84]m[0xc1][0x4][0xed][0xbb][0xc5]q:[0x82]#[0xe8]n[0x91]<p[0xc5][0x4]_[0xe6]]X[0x9a][0xa9][0x90]W[0x9a][XJfW[0x90][0x1e][0xd3][0x98]xC[0x0][0xa3][0xe0][0x83][0x9e]'[0x80][0xe3][0xb0]L[0xcf][0xdc][0x82][0xd4][0x94][0xcc][0x12][0x85][0xa2]TPm[0x2][0xbb][0x0][0x6]\q[0x83]j[0xed]Lpn[0x80]w[0x91][0xc1][0xb5][0xe]y[0xf5]5[0xd2][0xad][0x1e][0x3][0x93]5[0x10][0x5]%bc?[0xb4]p[0xc6]~[0xea][0x16][0xd2]U4E[0xa9][0x5][0xa5])[0x99][0x89]y)[0x89][0xa9][0x14]5Z[0x90]N2[0xa0]Y [0xe0]M[0x1d][0x88][0xe9][0x8][0x9a][0xd9][0x8f]o0[0x13]4[0xf2][0xf]m[0xac][0xe][0x84][0xfd][0xe0][0xd6][0xe5][0x80][0xda]O[0x83][0xf5]u[0xc8]e#[0x9e][0xb0]7B:[0x8e][0x81]P[0xd8][0x93][0xd3][0xf]4[0x2][0x9d]1=[0x90]a[0xb]:|[0x1f]j?MW[0xe1][0x18][0xd1]j:[0x9f][0xb8][0xe][0xa7][0x11][0xe8]hm[0xa8]?[0x9][0xc5]#-[0xfa][0xdb]FH[0xd3][0xe9]4[0xb3][0x1f]O[0x19]f[0x84]4[0xc9]N3[0xfb][0xf1][0xe5]#[0xd0][0xa5][0x12][0x3][0x1a][0xfe][0x88]~[0xc6][0xc0][0xf8][0x1f]Q[0x91]R[0xa1]g[0x8c]7[0xa4][0x11][0xb5][0x15][0x8d]m[0xa2][0xdb][0x94][0xb6][0x11][0xd2]-[0x19]T[0xf0][0x13][0x9e][0xb6][0xb8][0x11][0xd2])[0x7][0xb4]-[0xf][0x8d][0x10]MN*x[0x9]_[0x82]@[0xba] [0x83][0xd6]6![0x12]yf^J~n&[0xe6][0xdd]=[0x89][0xd9][0xa5][\n]"
12:44:24.243 [main] DEBUG org.apache.http.wire -  << "[0xc5][0xa5][0xd9][0x89][\n]"
12:44:24.243 [main] DEBUG org.apache.http.wire -  << "[0x8][0x5][0xd0]1[0x10]#[0xa2]ON0B[0x9a]9G[0x18][0x83]:[0xd4]B[0x1d]{[0x90][0xb2]Rbnqi^[0xba]B[0xb0][0x91][0xb1]BhNIQ"[0xc6],[0x12]R[0xf5]of@[0xdc][0xf9][0xca][0xc6]FH[0xf3][0xe0]4[0x8e][0x1b][0xa4]y[0xea]`[0x82]~qO[0xcc]I[0xac][0xa8]D[0xf8][0x88][0xd8][0xd6][0x12][0xd2]d4[0xad][0xbd]C[0xaf][0x5]!F[0xc8][0xe7]6[0x10][0xc]8D[0x90][0x19][0x12][0x9f][0x8][0x90][0x8e]k[0xa0]u[0xa8]!2([0xad]mB[0x8c]p[0xd1][0xda]&D&[\r][0xc0]q[0x9e][0x7][0xe8][0x9c][0x9d][0x94][0xd4][0xe2][0xec][0xa2][0xcc][0x82][0xe2]Lr[0x7]_[0x8d][0x90][0x96]:[0xd0][0xb6]j@Z[0xd3]@c[0x8b][0x10][0x1d]+[0x1a][[0x84]X(Fc[0x8b][0x10][0xc5][0x2][0xea]I[0xae][0xa0]K[0xc7]p[0xcc][0xbc][0x84][0xa5][0x16][0x81][0xaf][0xf5][0x85][0x1c]b[0x80]4[0xba][0x89][0xb8]EW!%3=/[0xb3][0xb8]837[0xbf][0x98][0x9c]!N#[0xba]-[0x1e]1B:4[0x81][0xc6][0x19][0xf][0xe9]^[\n]"
12:44:24.243 [main] DEBUG org.apache.http.wire -  << "Z[0xdb]D[0xb7][0xc2][0x4][0xe9][0xe4][0x3]X-[0x9][0xa9][0xb][0x15][0x1c][0x8d]I;[0xad][0x7]u*[0xb]_[0xfb][0xc][0xe9]4[0x4][0x1a]L[0xea][0x18]!-[0xf7][0x19][0x90][0x9e][0xf][0xd2]2[0x9f][0x81][0xb1][0x1f]Q[0xf6][0xc][0x8c][0xfd][0x88]"i`[0xec]G[0xeb]h[0xd0][0xee][0xdc])#[0xa4][0xf5]@[0xc8][0xa5]/[0xf8][0x4][0x19][0xac]Ga[0x82][0xa6][0x19][0x10]M&#sPK[0x88][0x98][0xb3][0xd3][0x8c][0x90]V[0x6]!O[0xb0][0x83]m"[0xea][0x10]m[0xc8][0xc1][0x93][0xc4][0xd9][0x85](}`g[0xe2]@&[0xf2][0xb1][0x1f][0x8a][0x3][0x9d]9@x[0xcb][0xd4][0x90][0xc8]#[0xff][0x8d][0x8d]@'[0x81]BGI`31[0xb0][0xd3]kq[0x9c][0xb0][0xe][0x9d][0xb3]C[0xd8]fa[0x2]:[0x8c][0x97]8[0x8f]![0xe6][0xdd][0x10][0xb7][0xc8]A[0x8e][0xae][0xc5]QUBW[0x9]"l31[0x5][\r] [0x12]e[0x1b][0xd2]Q[0x7][0x90][0x19]{pdaM[0x16][0x90][0xb9]|[0x84]-F[0xe0]5[0x8b][0xc4][0xd9][0x82]h[0xd2] [0x1f].[0xe]1[0x11][0xd7][0xea]F[0xd4]dhj[0x9][0x9a][0x8e]"[0xce]6D[0xd9][0x2][0xbf][0x1e][0x7][0x1a]FX[0xaf][0xad][0x81][0x4].[0xc2]c[0xc6][0xe0][0xea][0x9a]8[0xab][0x10][0xc5][0x8]r[0xde][0x82]z[0xc]{R[0x84][0x9c][0x1a][0x8c]d[0x9d][0x5][0xa8]0&[0xce]:[0xc4]x[0x19][0xdc]gx[0xed][0x82][0x1c][0x19][0x8c][0xb0][0xcb][0x8c][0xe8][0xb3]z[0x8d]HXkE[0x93][0xb1][0xd9][0x1]^[0x8b]ed[0x86][0xc8][0x87][0xe0][0x86][0x14][\r]KhPI[0x4]-`[0x6][0xa4]2[0x1a][0xe0][0xa3][0x12][0x8c]hqT[0x2][0xfa]T;[0xbe][0xb6][0x1e][0x9][0xc7]%[0xd0]$[0xa9][0xf][0xf0]q[\n]"
12:44:24.243 [main] DEBUG org.apache.http.wire -  << "F[0x3][0xbc][0xee][0xcf][0x8]}[0x81][0x1a][\r][0xb3][0x1a][0xf2][\n]"
12:44:24.243 [main] DEBUG org.apache.http.wire -  << "5[0x9a][0x1e][0xfe]l[0x84][0xb4]*[0x8c][0xd6][0xe5][0x87][0x5]Zc[0x92]f[0xbb][0xd8][0x8c],[0xe8]6T[0x85]t[0x1f][0x9]8[0xf8]h[0xe8]'[0xb4][0x82][0x9e]v6!-)B[0xac][0xdb][0x80][0xb6][0x15]q[0xb5][0x82][0x1c][0x8b][0x92]32KR[0x93]K[0xf2][0x15]`+Z[0x8a]A[0xeb][0xfb][0xf2][0xc1]+SS[0x8b][0xc9]Zjg[0x84][0xb4][0xb8][0x8][0x1c][0xba]4[0xcc]q[0xa0]f[0x1b][0xb4]rCx[0x1a]z[0xad][0xc][0xf6]u[0xa1]~[0x99][0x19][0x99]9[\n]"
12:44:24.243 [main] DEBUG org.apache.http.wire -  << "[0xa9][0x89][0xa0][0xc5][0xa1]d[0x8d][0xeb]X[0xd2]-?X[0xd2]-? -7[0xa1][0xe9]`[0x9d]1[0xd2][0xe9][0x9][0xb0][0xc1][0x16][0xc7],[0xcc][0x89][0x15][0xe2][0x17][0xc][0xe3][0xa9]y[0x8d][0x91][0x16]r[0x80][0xd3]![0xcd][0xf2][0x9e]1[0xf2][0xd5][0x13]4-[0xf8][0x8d][0x91][0x16]5[0xd0][0xd8]OH[0xd3][0xf7][0xb4][0xb6][0x9]1[0x9c]Oc[0x9b][0xa8];[0xa9][0x8c]/[0xed][0x81]n=[0x82][0x16]L[0xc8][0x9d]Rx[0xd7][0x1e][0xdb][0x15]9~[0xa9][0x85][0xa5][0xa9][\n]"
12:44:24.243 [main] DEBUG org.apache.http.wire -  << "e[0x90]e[0xb7][0xc5][0xa0][0x2]J!3[0x5]Z0#[0xef][0xb7][0x3][0x8d][0x84][0x10][0xd3][0xa3]3F[0x9a]4[0xa5]q[0xc0][0xd2]m[0xf3][0xad]1[0xe8][0xd6] h[0xc0][0xd2][0xda]O[0xf4]*[0xe8][0xc1]7[0xa7][0xd0][0xc7]OH[0xf3]L4[0xe]=[0xa4][0xe9][0x8f][0xc1]sn[0x9f]1[0xd2][0x4][0xc6]`r[0x15]b[0xb8]q0[0xb9][\n]"
12:44:24.243 [main] DEBUG org.apache.http.wire -  << "Q,[0xf]&WY[0xea](A[0xf3][0xca]`[0xb9][0xdf][0xd0][0xd8][0x18]4[0xc6]6[0xf8][0x1c][0x85][0x18]>[0x1c]D![0x85][0x18]d[0xa4]q[0x1][0x84]4[0xb0]Nc[0x9b][0x90]N[0xd4][0xa5][0xb5]Mt[0xab][0x92][0x90][0x6]h=[0x2][0x14]r3K[0xf2]1V?[0x81][0x1b][0xe9]%[0xa9]EI[0x89][0xc8][0x17][0xe2][0x98][0x82]t[0x12][0xd5]:[0x19][0xe0]1Xc[0xa4]1X[0xaa][\r][0x8c][0x12][0xb9]j[0xca][0x98][0x84]AY[0xc4][0xf8]:h[0xd4][0x91][0xb8][0xb5][0xcf][0xc6][0x3]<[0xe8]jL[0xab]AWb[0xbd][0x8f][0xc8]'T[0x8b]ZP[0xe8][0x13][0x1d][0xbd][0x88][0x9e];[0xcd][0xec][0xc7][0xb3][0xf4][0x1b]|g;[0xb4]>[0xa2][0x99][0xfd][0xf8]z?H[0x9b][0xa1][0x7][0xc6]~D#a@[0xec]G[0x1a]s[0x1e][0x18][0xfb][0x11]S[0xa2][0x3]c?b[0x92]t`[0xec]G4}[0x6][0xc6]~D[0xf9]C[0xab][0xda][0x13]i[0x8]{[0xf0][0xb4][0xee],[0x10][0xf9][0x8e][\n]"
12:44:24.243 [main] DEBUG org.apache.http.wire -  << "-!c[0x1d]%[0xe7]D[0x0][0x0][0x0][0x0][0xff][0xff]"
12:44:24.243 [main] DEBUG org.apache.http.wire -  << "[\r][\n]"
12:44:24.243 [main] DEBUG org.apache.http.wire -  << "5B4[\r][\n]"
12:44:24.243 [main] DEBUG org.apache.http.wire -  << "*IM[0xcf]/[0xca]L-V[0xb2][0x8a]F[0xba]4[0xd2][0x18]i[0x3][0xef][0xe0][0xf1]>[0xd2][0xc0]7t][0xaa][0x82]kN"[0x96][0xb][0xd3]A[0x17]?[0x82][0xf7]G[0x82][0xe5][0xa0][0xab][0xe1]A[0x83][0xb0][0xf0][0x86][0x13]^[0xbf]#R7[\r]V[0x8f][0x19]#[\r]p[0xbb][0x95][0x16][0xe5]e[0x96][0x94][0x16][0xa5]*[0x84][0xe4]c[0xde]j[0x8b][0x90]MI,[0xca]T[0xf0]J-H[0x4]/[0x92][0x87][0xfa][0xc7][0x10][0xb4][0xca][\r][0xee]!|[0xd5][0x5][0xdd][0x6][0xba]M[0x90]N[0xf][0xa6]B[0x2][0xc5][0xe3]'[0x13][0xa4][0x91]nD8[0xd1]2[0x14]M[0x90][0xf6][0x15][0xd2][0xda]o[0x88][0xe2][\r][0xb1][0x8a][0x8][0xb2][0xf2][0x4][0xc7]*"[0xc7][0x9c][0xcc][0xc4]b[0x85][0xb4][0xd2][0xf4]D[0x85]R[0xe4]I%[0xf0]q[0xce][0xc4][0xa4][0x11][0x13][0x3][0xc4][0x18][0x89]gAF~^[0xaa][0x82][0xa1][0xa1][0x82][0x99][0x89]Bz[0x12][0xf6][0x8e]IF"[0xe8][0xf0][0x14][0x5][0xf4][0xfb]b[0x89]^[0xa3]i[0x2][0xda][0xd0][0x1]mC[0xc1],4[0xa2][0xa9][0x85]HC[0xfb]0[0xb]i[0xeb]C[0xa4][0xf3][0x86][0xe9]d![0xa2][0xe0][0xa2]q[\n]"
12:44:24.243 [main] DEBUG org.apache.http.wire -  << "5[0xc4][0x18]f0[0xa7]Q21D[0xa4][0xcb][0x80][0xc4][0x9c]D[0x9f]|[0x1f]<[0xd3]YXR#h<[0x1b][0x9e][0x1][0xf0]lS3[0xa1][0xed]-[0xcc]&[0xa0]E}[0xd0][0xe4]N[0x83]J[0xc5][0x4]i[0xe3][0xa0]SQbrjN*[0xe6][0x1d][0xac][0xbe][0x89])[0xa9][\n]"
12:44:24.243 [main] DEBUG org.apache.http.wire -  << "[0xf9]i[\n]"
12:44:24.243 [main] DEBUG org.apache.http.wire -  << "[0x19][0x99][0xe9][0x19][\n]"
12:44:24.243 [main] DEBUG org.apache.http.wire -  << "[0x85][0xa5][0x89]9[0x99]%[0x95][\n]"
12:44:24.244 [main] DEBUG org.apache.http.wire -  << "[0x5][0xa9][0x89]E9[0xc5][0x88]N[0xb0][0x11][0xc8]$x[0x80][0xe1]+[0x81][0x91][0xe][0xc5][0xa5][0x89][0x8f][0x10]m\[0x9a][0x18][0x8f][0xc8]+t[0xb]0D[0xb1]N7+[0x11][0xf9][0x94][0x9a]V[0xe2][0xcb]GH3s[0xd4][0xb4][0x12]oJD[0x94][0x11]4.[0xf7][0x90]6[0x17][0xd2][0xa8][0xe3]a[0x82]4[0xd5]G[0xcb][0xf0][0xab]V[0xf2]tQ[0xb2]24[0xb2]@*[0xca][0x1d][0x93][0x93]S[0x8b][0x8b]![0xdd][0x1][0x1d][0xb4]3[0xc6]J[0xf2][0x15]R[0xf3]2[0x12][0xf3][0x92]S[0x15][0x12][0xb]@[0x85][0x6][0x88][0xa9]T[0x8b][0xd4]g0A[0xda][0xf]Y[0x9c]Z[0x90][0x9a][0x82]YP'fV[0x82][0x4][0xa1][\r]X[0xf0]>[\n]"
12:44:24.244 [main] DEBUG org.apache.http.wire -  << "[0xa2][0x8a][0x1a][0xa4]M[0x90][0xb4][0xc][0x13][0x14][0xcf] [0xca][0x7]j{[0x86][0xfe][0xc5][0x0]h[0x13][0x0][0xb4][0xf2][0x9][0x6][0xc7][0x8c][0x82]OfqI[0x11]x\[0x19]u[0x93]/T:[0x7]"[0xad][0x90][0x97][0x9e][0x9a]T[\n]"
12:44:24.244 [main] DEBUG org.apache.http.wire -  << "[0xaa]IH[0x8f]2[0xc4][0x10][0x1d][0xd4]L[0xa8][0x95][\n]"
12:44:24.244 [main] DEBUG org.apache.http.wire -  << "N[0x89]9[0x89][0x98][0x9d][0x1d][0xa8]"T[0x8b][0x15][0x92][0x12][0xf3][0xd2][0xc1]5[0x19][0xd4]~S[0xd0][0xd6][0x1b][0xe2][0x92][0xc][0xa2]L[0xa0][[0x92]AL[0xe8][0xd1][0xcd]J[0xc4][0x80][0x0][0xbd][0xac]D[0x9a][0xe2][0x86][0x9e]h[0x7][0xed][0x99]`[r[0x11]Z[0xa2][0x90]ZT[0x94]_[0xa4]P[0x94][0x9a]\Z[0xc]9[0xb7][0xa8] [0x1f][0xb4][0xeb][0xaf][0xb4]X!7?[0x7]tk|b*[0xe8][0x90]@[0x85]L[0xc8][0x1]PHk[0xc6][0x88][0xef][0xbc] ]f[0x8d][0xe8]0[0xf9]d[0xe6][0xa5][0xe6])8[0xe5][0x97][0x94][0xe4]`n[0x9a][0x7][0x1d]_X[0x90]ZT\[0x90][0x99][0x9c][0x99]X[0x92]Y[0xc]][0x6][0xa2][0x90][0x92][0x99]\[0x92][0xa8]P[0x90]_T[0x94][0xaf][0x90]YP\[0x9a][0xab][0x90][0x8a]|[\n]"
12:44:24.244 [main] DEBUG org.apache.http.wire -  << "[0x1f][0x9]NB4_[0xe8][0x16]3[0x88]"[0xb][0xb2][0x1d][0x4][0x12][0x2][0xee]9[0xf9]e[0xa9][0xa0][0x16][0x1e]jN[0xf7]OK[0xcb]L[0xce][0xcc],V@>[0x17]31/37[0x13][0x1e]1[0xc5][0xb0][0xc5]2%[0xa9][\n]"
12:44:24.244 [main] DEBUG org.apache.http.wire -  << ")[0xa9]9[0xa9]y[0x99]%[0x99][0xe4][0xc5][0xf][0xfd][0x8b]<[0xa4]M[0x9b][0xee][0xf9]E[0xe9][0xa9][0xf9][0xa5][0xc5][\n]"
12:44:24.244 [main] DEBUG org.apache.http.wire -  << "[0xb0][0xdd][0x16][0x89]E[0x18][0x9d][0x15][0xd0][0xd9]c[0xe0]5[0x9a][0xa5][0xb9][0xa0][0xfb][0xb5][0xa1]I[0x0]|[0xce]Xf~1[0xe4]<F[0x85][0xc4][0x9c][0xcc][0xc2][0xd2][0xcc][0x14][0x85][0xe2]L[0xf2]:[0xd9]H[0xcb]#[0x10][0xe9][0x14][0xb6][0xbb][0xc5]9?[0x11]T[0xd2][0xa2][0xc6][0x92]k[0x9][0xa8]W[0x9f][0x99]X[0xa2][0x0]Y3[0x9a][0x9b][0x99][0x97][0x99][0x9b][0x8];[0x19]N[0xa1][0xb8][0xb4]89[0xb3][0x80]\[0xd7] [0x8a]H[0xe4][0x1d]_[0xe1][0xf9][0xf9]9[\n]"
12:44:24.244 [main] DEBUG org.apache.http.wire -  << "[0xc1][0x19][0x99]EX][0x3]:[0xf3][0x13][0xba][0x84][0xaa]$3[0xa9][0xb4]X[0xa1] '195[0xb1]D![0x95][0xcc] A[0x14][0x9a]4n[0xbb][0x81][0xaa][0xe]h%[0xa8][0x80][0x11][0xff][0xe0][0xc9]V[0x8a][0xc7]4[0x90]NE'[0xcb]3D[0xce][0x99] [0x9d][0x90]N[0x96]=[0xc4][0x8f][0xd2] [0x9d][0x85]N[0xaf]b[0xc]i[0xcb]#[0xdd][0xac]D4V[0xe8]f%"[0xf3][0xd1][0xcd]J[0xfa]e5D[0xb3][0x84][0xc6][0xe9][0x13]y[0xb]$de0[0xe6][0x5][0xb6][0xf8][0xf2][0xb6][0x9][0xca][0xac][0x0]z'[0x13][0xd6]I2Ej`[0xb8]'[0xe6]f[0x82][0xa7][0x15]P[0xb]j[0xb7][0xfc]"[0x5][0xc8][0xda]n[0x85][0x82][0xd2][0xa2][0x82][0xfc][0xe2][0xd4]b[0xd4][0xde][0x11][0xdd]V[0xb1][0x98] [0xdd][0x2]M[0xeb][0xd0]Gjq@B[0xdf][0x94]F%[0xab][0x19][0xa2][0x5]Ak?![0x86]Lhm[0x13][0xa2][0xd4][0x81][0xda]4h[0xd3].[0xa2][0xb0][0xc2][0xe9]R[0xc4][0x10]"[0xbe]Z[0x8c][0xaa]9[\n]"
12:44:24.244 [main] DEBUG org.apache.http.wire -  << "[0xa3]<[0x1b][0xb4][0xe1][0x87]Q[0x1e]b[0xba][0x94][0xfe][0xe1][0x87][0xb4]H[\n]"
12:44:24.244 [main] DEBUG org.apache.http.wire -  << "[0x1a][0xab][0xb4][0xca][0xbd]H[0xcb][0xa5][0xfc][0x12][0x8b]3[0x15]\[0x12]K[0xf3][0x14][0xbc]R[0x8b]J1[0xf]t[0x7][0xcb][0x97][0xa7][0xe6]%fg+[0x94][0xa4][0xe6]%[0xe6])[0xe4][0x96][0x16][0xe5][0xa6][0x82]Z[0xec][0xd0]1[0x0]CK[0xfc][0xc7][0x9a][0xc1][0x92][0x98][0x5][0xd2]![0xb7][0xc9][0xf9]y%[0xf9][0x19][0xba][0xc9][0x88][0xe9]n[0xf4][0xf1]-[0xb7][0xc4][0xe2][0x8c][0xcc][0xfc][0xbc][0xc4][0xa4][0x9c]T[0xd4]r[0x1b]i[0xa9][0x15][0xd8]m[0x8][0xb7]+$V&[0xe6]*[0xa4][0xe7][0x17][0xa5]b[0xa9][0xf][0xc0]j[0xa9][0xe4][0xf]D:'[0xec][0xf]L[0x15](ctH[0xbb]ei[0x1d][0xe7]t+G[0x91]n[0x9e][0xa0][0xb5][0x9f]0[0xf2]1[0xad]r[0xc][0xdd][0xb6][0xba][0x9a] mu%[0xb8][0xc][0x9d]^%;[0xd2][0x9e]X[0x1c]nB4[0xb7][0x10][0xe5]&[0xfd][0xda]rH[0x87][0xfd][0xf]N[0xf7][0xd1]-[0x9d]"[0xed][0x8a][0xc5][0x11][0x12][0x3][0x11]?H[0xb][0x85][0x6][0x93][0xab][0xe8][0xd6]ZFZb[0x84]}[0xf5][0xd6][0xc0]f[0x1f][0xa4][0xf5]H[0xd8][0x9d]7 i[0x6]Q[0xcb]bw[0xd4][0x80][0x86][0x99])[0xd2][0xca]*[0xec][0xce][0x1b][0x80]03EZ[0x84]E[0xdb][0x9a][0xd7][0x14]i[0xf1][0x15]v[0xef][0xf]p[0xec] [0x1a];[0xd8][0x9d]7 [0xb1][0x83][0xd1][0xbf][0xa4]Qk[0x5]|.[0x11]th[0x15][0xbb][0xf7][0x7]6v[0x90]V~aw[0xde]@[0xc4][0xe][0xd2][0xea]0[0xec][0x8e][0x1a][0xe0]0CTV[0xd8][0x9d]7 aF[0xaf]Q S[0xa4]U[0x11]4.[0xd9][0xc][0xe9][0x96]K[0x91][0x96][0xd2][0xd1][0xda]O[0x88][0xba][0x94][0xc6]6[0x81]V[0xab]AK[0x1e]Z[0xdb][0x84][0x98][0xd0][0xa5][0xb5]MtK[0xe5]x[0xce][0xb1][0x7][0x0][0x0][0x0][0xff][0xff]"
12:44:24.244 [main] DEBUG org.apache.http.wire -  << "[\r][\n]"
12:44:24.244 [main] DEBUG org.apache.http.wire -  << "17D[\r][\n]"
12:44:24.244 [main] DEBUG org.apache.http.wire -  << "[0xca],[0x0]][0x89][0xa8]d[0xa5][0x84]o[0xf4][0x9c][0xe8]y$S[0xa4]Ua[0xb4][0xe]=[0x8c][0xb1]JZ[0xd5]zH[0xb7][0xbd][0xd3][0xda]O[0xf4][0xea][0xcf][0x99]"[0xad]>[0xa3][0xb1][0x9f][0x90]V[0x8b][0xd1][0xda]&D[0xce][0xc5]^[0x95][\r]lMk[0x8c][0xc8][0xee][0xd8][0x9d]7[0x10]5-[0xf2][0x8a]1[0x9a][0xce][0xec][0x98][0x1a][0xd3][0xad][0xfe]3F[0x94][0xc][0x1e][0x1][\n]"
12:44:24.244 [main] DEBUG org.apache.http.wire -  << "[0xce][0xf9]E[0xa9][\n]"
12:44:24.244 [main] DEBUG org.apache.http.wire -  << "[0x99][\n]"
12:44:24.244 [main] DEBUG org.apache.http.wire -  << "[0x98][0x85]CNjAI~[0x81][0x2][0xc6][0xce]kK[0x10] n[0x83][0xac][0xa9]1[0xdd]*@[0xa4][0xe5]Xt[0xdb][0x8a][0x7][0x1b]a7E[0xba][0x81][\n]"
12:44:24.244 [main] DEBUG org.apache.http.wire -  << "[0xbe][0x9][0x7]c[0x2]0[\r][0xdb][0xcc][0xa8][0xe][0xc2][0xc]D[0xd7][0x89]D3[0x90][0x96]k"O[0xd0]R-[0x18][0x88][0x1a][0xed][0x1c]DA[0x80]([0xe6][0x8][0x5][0x1][0xa2]D[0x1][0xed][0xba][0xc6][0x93][0xa6][0x11][0xb1][0x84]([0xa4]H[0x8c]%[0xaa][0xc7]4[0xa2]cB[0xc8][0x9b][0xb4]8[0xef][0xd3][0x14][0xe9][0xe0][0x1d][0xaa][0xda]O[0xdb]X@[0xc9]+[0x88][0x12][0x97][0xaa]>[0x18]j[0xf9][0x5]QF[0xd3],[0x18][0xd0][0xf][0x11][0x18][0x8c][0xf9][0x9][0xd1][0xb6][0xa4]Y0[0xe0]\W3xJO[0xa4][0xd5][0x81]#:[0x18][0x6][0xe0]d[0x83]A[0x98])[0x90][0x16]r[0x8e][0xe8][0xd4]0[0x0]u[0xed]`L[\r][0x88][0xc6][0xcf][0x88]N[\r][0x88][0x96][0xfa][0x88][0xe][0x6]D[0xf3][0x9]6paj[0x8a][0xd9][0x8d][0xa4][0xce][0xb8][0x99])[0xa2][0xcf]J[0xdd]mh[0xa6]H[0xe7][0xb7]y[0xe6][0x95][0xa4][0xe6][0xe4]d[0xa6][0xa7][0xe6][0x95]([0x4][0x97][0xa4][0xa6][0x82][0x96][0xff][0xe7]c[0xd9]2[0xe2][0x99][0x2][0xda]6\[0x9c][0xa9][0x0][0xba][0xab][0xbe]X[0x1]|9{aib1Y[0x9b]BLM[0x11][\r][0xf]X8b[0xf4][0x1d][0xa9][0x13][0x88][0x98][0x8b][0x84][0xa9][0x1b]][0xb1][0xb5]\[0x0][0x0][0x0][0x0][0xff][0xff]"
12:44:24.244 [main] DEBUG org.apache.http.wire -  << "[\r][\n]"
12:44:24.244 [main] DEBUG org.apache.http.wire -  << "A[\r][\n]"
12:44:24.244 [main] DEBUG org.apache.http.wire -  << "[0x3][0x0][0xf2]B[0xf6][0x1e][0x15][0xe5][0x0][0x0]"
12:44:24.244 [main] DEBUG org.apache.http.wire -  << "[\r][\n]"
12:44:24.244 [main] DEBUG org.apache.http.wire -  << "0[\r][\n]"
12:44:24.244 [main] DEBUG org.apache.http.wire -  << "[\r][\n]"
12:44:24.244 [main] DEBUG io.restassured.internal.RestAssuredHttpBuilder - Parsed data to instance of: class org.apache.http.conn.EofSensorInputStream
12:44:24.248 [main] DEBUG org.apache.http.impl.conn.BasicClientConnectionManager - Releasing connection org.apache.http.impl.conn.ManagedClientConnectionImpl@7ede896d
12:44:24.248 [main] DEBUG org.apache.http.impl.conn.BasicClientConnectionManager - Connection can be kept alive indefinitely
12:44:24.274 [main] DEBUG net.thucydides.core.steps.StepInterceptor - STEP DONE: I send HTTP GET request
  &amp#27;[32mWhen &amp#27;[0m&amp#27;[32mI send GET HTTP request&amp#27;[0m                     &amp#27;[90m# starter.stepdefinitions.UserSteps.iSendGETHTTPRequest()&amp#27;[0m
12:44:24.283 [main] DEBUG net.thucydides.core.steps.StepInterceptor - STARTING STEP: UserSteps.iReceiveValidHTTPResponseCode404 - I receive valids HTTP response code 404
  &amp#27;[31mThen &amp#27;[0m&amp#27;[31mI receive valid HTTP response code 404&amp#27;[0m      &amp#27;[90m# starter.stepdefinitions.UserSteps.iReceiveValidHTTPResponseCode404()&amp#27;[0m
      &amp#27;[31mjava.lang.AssertionError: 1 expectation failed.
Expected status code <404> but was <200>.

	at java.base/jdk.internal.reflect.NativeConstructorAccessorImpl.newInstance0(Native Method)
	at java.base/jdk.internal.reflect.NativeConstructorAccessorImpl.newInstance(NativeConstructorAccessorImpl.java:62)
	at java.base/jdk.internal.reflect.DelegatingConstructorAccessorImpl.newInstance(DelegatingConstructorAccessorImpl.java:45)
	at java.base/java.lang.reflect.Constructor.newInstanceWithCaller(Constructor.java:500)
	at java.base/java.lang.reflect.Constructor.newInstance(Constructor.java:481)
	at org.codehaus.groovy.reflection.CachedConstructor.invoke(CachedConstructor.java:73)
	at org.codehaus.groovy.reflection.CachedConstructor.doConstructorInvoke(CachedConstructor.java:60)
	at org.codehaus.groovy.runtime.callsite.ConstructorSite$ConstructorSiteNoUnwrap.callConstructor(ConstructorSite.java:86)
	at org.codehaus.groovy.runtime.callsite.AbstractCallSite.callConstructor(AbstractCallSite.java:277)
	at io.restassured.internal.ResponseSpecificationImpl$HamcrestAssertionClosure.validate(ResponseSpecificationImpl.groovy:512)
	at io.restassured.internal.ResponseSpecificationImpl$HamcrestAssertionClosure$validate$1.call(Unknown Source)
	at io.restassured.internal.ResponseSpecificationImpl.validateResponseIfRequired(ResponseSpecificationImpl.groovy:696)
	at io.restassured.internal.ResponseSpecificationImpl.this$2$validateResponseIfRequired(ResponseSpecificationImpl.groovy)
	at jdk.internal.reflect.GeneratedMethodAccessor155.invoke(Unknown Source)
	at java.base/jdk.internal.reflect.DelegatingMethodAccessorImpl.invoke(DelegatingMethodAccessorImpl.java:43)
	at java.base/java.lang.reflect.Method.invoke(Method.java:564)
	at org.codehaus.groovy.runtime.callsite.PlainObjectMetaMethodSite.doInvoke(PlainObjectMetaMethodSite.java:43)
	at org.codehaus.groovy.runtime.callsite.PogoMetaMethodSite$PogoCachedMethodSiteNoUnwrapNoCoerce.invoke(PogoMetaMethodSite.java:198)
	at org.codehaus.groovy.runtime.callsite.PogoMetaMethodSite.callCurrent(PogoMetaMethodSite.java:62)
	at org.codehaus.groovy.runtime.callsite.AbstractCallSite.callCurrent(AbstractCallSite.java:185)
	at io.restassured.internal.ResponseSpecificationImpl.statusCode(ResponseSpecificationImpl.groovy:135)
	at io.restassured.specification.ResponseSpecification$statusCode$0.callCurrent(Unknown Source)
	at io.restassured.internal.ResponseSpecificationImpl.statusCode(ResponseSpecificationImpl.groovy:143)
	at io.restassured.internal.ValidatableResponseOptionsImpl.statusCode(ValidatableResponseOptionsImpl.java:89)
	at MiniprojectApi@1.0-SNAPSHOT/starter.user.NGetAllProduct.lambda$iReceiveValidHTTPResponseCode404$0(NGetAllProduct.java:22)
	at net.serenitybdd.rest.SerenityRest.restAssuredThat(SerenityRest.java:626)
	at MiniprojectApi@1.0-SNAPSHOT/starter.user.NGetAllProduct.iReceiveValidHTTPResponseCode404(NGetAllProduct.java:22)
	at MiniprojectApi@1.0-SNAPSHOT/starter.user.NGetAllProduct$ByteBuddy$T6rU2pu4.iReceiveValidHTTPResponseCode404$accessor$SNdTGYJw(Unknown Source)
	at java.base/jdk.internal.reflect.NativeMethodAccessorImpl.invoke0(Native Method)
	at java.base/jdk.internal.reflect.NativeMethodAccessorImpl.invoke(NativeMethodAccessorImpl.java:62)
	at java.base/jdk.internal.reflect.DelegatingMethodAccessorImpl.invoke(DelegatingMethodAccessorImpl.java:43)
	at java.base/java.lang.reflect.Method.invoke(Method.java:564)
	at net.thucydides.core.steps.StepInterceptor.invokeMethod(StepInterceptor.java:503)
	at net.thucydides.core.steps.StepInterceptor.executeTestStepMethod(StepInterceptor.java:483)
	at net.thucydides.core.steps.StepInterceptor.runTestStep(StepInterceptor.java:457)
	at net.thucydides.core.steps.StepInterceptor.runOrSkipMethod(StepInterceptor.java:209)
	at net.thucydides.core.steps.StepInterceptor.testStepResult(StepInterceptor.java:196)
	at net.thucydides.core.steps.StepInterceptor.intercept(StepInterceptor.java:84)
	at net.thucydides.core.steps.ProxyConfiguration$InterceptorDispatcher.intercept(ProxyConfiguration.java:51)
	at MiniprojectApi@1.0-SNAPSHOT/starter.user.NGetAllProduct$ByteBuddy$T6rU2pu4.iReceiveValidHTTPResponseCode404(Unknown Source)
	at MiniprojectApi@1.0-SNAPSHOT/starter.stepdefinitions.UserSteps.iReceiveValidHTTPResponseCode404(UserSteps.java:40)
	at âœ½.I receive valid HTTP response code 404(file:///C:/Users/Lenovo/IdeaProjects/MiniProject/MiniprojectApi/src/test/resources/api/user.feature:261)
&amp#27;[0m
12:44:24.305 [main] ERROR  - 
  _____   ___   ___   _____     ___     _     ___   _      ___   ___  
 |_   _| | __| / __| |_   _|   | __|   /_\   |_ _| | |    | __| |   \ 
   | |   | _|  \__ \   | |     | _|   / _ \   | |  | |__  | _|  | |) |
   |_|   |___| |___/   |_|     |_|   /_/ \_\ |___| |____| |___| |___/ 

GET - As admin I cannot get order by ID
-----------------------------------------------------------------------
12:44:24.305 [main] DEBUG  - RELATED ISSUES: 
12:44:24.305 [main] ERROR  -     Test failed at step: I receive valids HTTP response code 404
12:44:24.306 [main] ERROR  -     1 expectation failed.Expected status code <404> but was <200>.
]]></system-out>
  </testcase>
  <testcase name="POST - As admin I have be able to create new order" classname="User" time="0.87">
    <system-out><![CDATA[
@TC-0033
Scenario: POST - As admin I have be able to create new order    &amp#27;[90m# src/test/resources/api/user.feature:264&amp#27;[0m
12:44:24.330 [main] INFO io.cucumber.core.plugin.SerenityReporter - Running feature from file:///C:/Users/Lenovo/IdeaProjects/MiniProject/MiniprojectApi/src/test/resources/api/user.feature
12:44:24.330 [main] WARN io.cucumber.core.plugin.SerenityReporter - Feature from file:///C:/Users/Lenovo/IdeaProjects/MiniProject/MiniprojectApi/src/test/resources/api/user.feature is not under the 'features' directory. Requirements report will not be correctly generated!
12:44:24.334 [main] INFO  - 
  _____   ___   ___   _____     ___   _____     _     ___   _____   ___   ___  
 |_   _| | __| / __| |_   _|   / __| |_   _|   /_\   | _ \ |_   _| | __| |   \ 
   | |   | _|  \__ \   | |     \__ \   | |    / _ \  |   /   | |   | _|  | |) |
   |_|   |___| |___/   |_|     |___/   |_|   /_/ \_\ |_|_\   |_|   |___| |___/ 

POST - As admin I have be able to create new order(user;post---as-admin-i-have-be-able-to-create-new-order)
--------------------------------------------------------------------------------
12:44:24.470 [Finalizer] DEBUG org.apache.http.impl.conn.DefaultClientConnection - Connection 0.0.0.0:65210<->149.248.193.56:443 closed
12:44:24.471 [Finalizer] DEBUG org.apache.http.impl.conn.DefaultClientConnection - Connection 0.0.0.0:65209<->149.248.193.56:443 closed
12:44:24.492 [main] DEBUG net.thucydides.core.steps.StepInterceptor - STARTING STEP: UserSteps.iSetPOSTApiEndpointsLogin - I set POST api endpoints login
12:44:24.492 [main] DEBUG net.thucydides.core.steps.StepInterceptor - STEP DONE: I set POST api endpoints login
  &amp#27;[32mGiven &amp#27;[0m&amp#27;[32mI set POST api endpoints login&amp#27;[0m                          &amp#27;[90m# starter.stepdefinitions.UserSteps.iSetPOSTApiEndpointsLogin()&amp#27;[0m
12:44:24.499 [main] DEBUG net.thucydides.core.steps.StepInterceptor - STARTING STEP: UserSteps.iSendPOSTHTTPRequestLogin - I send POST HTTP request login
12:44:24.502 [main] DEBUG net.thucydides.core.steps.StepInterceptor - STARTING STEP: PostLogin.iSendPOSTHTTPRequestLogin - I set POST api endpoints login
12:44:24.502 [main] DEBUG net.thucydides.core.steps.StepInterceptor - STEP DONE: I set POST api endpoints login
12:44:24.516 [main] DEBUG org.apache.http.impl.conn.BasicClientConnectionManager - Get connection for route {s}->https://altashop-api.fly.dev:443
12:44:24.516 [main] DEBUG org.apache.http.impl.conn.DefaultClientConnectionOperator - Connecting to altashop-api.fly.dev:443
12:44:24.600 [main] DEBUG org.apache.http.client.protocol.RequestAddCookies - CookieSpec selected: ignoreCookies
12:44:24.600 [main] DEBUG org.apache.http.client.protocol.RequestAuthCache - Auth cache not set in the context
12:44:24.600 [main] DEBUG org.apache.http.client.protocol.RequestTargetAuthentication - Target auth state: UNCHALLENGED
12:44:24.600 [main] DEBUG org.apache.http.client.protocol.RequestProxyAuthentication - Proxy auth state: UNCHALLENGED
12:44:24.600 [main] DEBUG org.apache.http.impl.client.DefaultHttpClient - Attempt 1 to execute request
12:44:24.600 [main] DEBUG org.apache.http.impl.conn.DefaultClientConnection - Sending request: POST /api/auth/login HTTP/1.1
12:44:24.600 [main] DEBUG org.apache.http.wire -  >> "POST /api/auth/login HTTP/1.1[\r][\n]"
12:44:24.600 [main] DEBUG org.apache.http.wire -  >> "Accept: */*[\r][\n]"
12:44:24.600 [main] DEBUG org.apache.http.wire -  >> "Content-Type: application/json[\r][\n]"
12:44:24.600 [main] DEBUG org.apache.http.wire -  >> "Content-Length: 48[\r][\n]"
12:44:24.600 [main] DEBUG org.apache.http.wire -  >> "Host: altashop-api.fly.dev[\r][\n]"
12:44:24.600 [main] DEBUG org.apache.http.wire -  >> "Connection: Keep-Alive[\r][\n]"
12:44:24.600 [main] DEBUG org.apache.http.wire -  >> "User-Agent: Apache-HttpClient/4.5.13 (Java/14.0.2)[\r][\n]"
12:44:24.600 [main] DEBUG org.apache.http.wire -  >> "Accept-Encoding: gzip,deflate[\r][\n]"
12:44:24.600 [main] DEBUG org.apache.http.wire -  >> "[\r][\n]"
12:44:24.600 [main] DEBUG org.apache.http.headers - >> POST /api/auth/login HTTP/1.1
12:44:24.600 [main] DEBUG org.apache.http.headers - >> Accept: */*
12:44:24.600 [main] DEBUG org.apache.http.headers - >> Content-Type: application/json
12:44:24.600 [main] DEBUG org.apache.http.headers - >> Content-Length: 48
12:44:24.600 [main] DEBUG org.apache.http.headers - >> Host: altashop-api.fly.dev
12:44:24.600 [main] DEBUG org.apache.http.headers - >> Connection: Keep-Alive
12:44:24.600 [main] DEBUG org.apache.http.headers - >> User-Agent: Apache-HttpClient/4.5.13 (Java/14.0.2)
12:44:24.600 [main] DEBUG org.apache.http.headers - >> Accept-Encoding: gzip,deflate
12:44:24.600 [main] DEBUG org.apache.http.wire -  >> "{"password":"123123","email":"someone@mail.com"}"
12:44:24.634 [main] DEBUG org.apache.http.wire -  << "HTTP/1.1 200 OK[\r][\n]"
12:44:24.634 [main] DEBUG org.apache.http.wire -  << "content-type: application/json[\r][\n]"
12:44:24.634 [main] DEBUG org.apache.http.wire -  << "date: Sat, 06 May 2023 05:53:10 GMT[\r][\n]"
12:44:24.634 [main] DEBUG org.apache.http.wire -  << "content-encoding: gzip[\r][\n]"
12:44:24.634 [main] DEBUG org.apache.http.wire -  << "transfer-encoding: chunked[\r][\n]"
12:44:24.634 [main] DEBUG org.apache.http.wire -  << "server: Fly/3f2597ca (2023-05-03)[\r][\n]"
12:44:24.634 [main] DEBUG org.apache.http.wire -  << "via: 1.1 fly.io[\r][\n]"
12:44:24.634 [main] DEBUG org.apache.http.wire -  << "fly-request-id: 01GZQSY3606M6NWVNBWRVSMRF2-sin[\r][\n]"
12:44:24.634 [main] DEBUG org.apache.http.wire -  << "[\r][\n]"
12:44:24.634 [main] DEBUG org.apache.http.impl.conn.DefaultClientConnection - Receiving response: HTTP/1.1 200 OK
12:44:24.634 [main] DEBUG org.apache.http.headers - << HTTP/1.1 200 OK
12:44:24.634 [main] DEBUG org.apache.http.headers - << content-type: application/json
12:44:24.634 [main] DEBUG org.apache.http.headers - << date: Sat, 06 May 2023 05:53:10 GMT
12:44:24.634 [main] DEBUG org.apache.http.headers - << content-encoding: gzip
12:44:24.634 [main] DEBUG org.apache.http.headers - << transfer-encoding: chunked
12:44:24.634 [main] DEBUG org.apache.http.headers - << server: Fly/3f2597ca (2023-05-03)
12:44:24.634 [main] DEBUG org.apache.http.headers - << via: 1.1 fly.io
12:44:24.634 [main] DEBUG org.apache.http.headers - << fly-request-id: 01GZQSY3606M6NWVNBWRVSMRF2-sin
12:44:24.634 [main] DEBUG org.apache.http.impl.client.DefaultHttpClient - Connection can be kept alive indefinitely
12:44:24.634 [main] DEBUG io.restassured.internal.RestAssuredHttpBuilder - Parsing response as: application/json
12:44:24.634 [main] DEBUG org.apache.http.wire -  << "AC[\r][\n]"
12:44:24.634 [main] DEBUG org.apache.http.wire -  << "[0x1f][0x8b][0x8][0x0][0x0][0x0][0x0][0x0][0x4][0xff][0xab]VJI,IT[0xb2]RJ[0xad][0xf4][0xca]HrO[0xce][0xf4][0xcf][0xf4][0xf2][0xc][0xad][0xf2]4[0xf4][0xcb][0xf4],[0xf6][0xcc][0xb]2Mv[0xf6]4[0xf3][0xcc].[0x88][0x8]s[0xf6][0xb2][0xd4]K[0xad][0xf4]rO[0x9][0xaf](N[0xca]u+[0x89][\n]"
12:44:24.634 [main] DEBUG org.apache.http.wire -  << "[0x6]K[0x94]%[0xba][0x9b][0xa4][0x7][0xb9][[0xe6]xf[0x96]g[0x6][0x85][0x1b]f$[0x86][0x97][0x83][0xc][0xa9]J22[0xcc]I22[0xcd][0x9]t[0x7][0x8b][0x95]F[0x1a]Y[0x96]x[0xe6][0x19][0xe8][0x85][0x97]9[0x5]W$[0x7][0xba][0x16][0x16][0xe6]e:[0x1b][0x96][0x19]X[0xf8]Te[0x17]y$[0xbb][0xfa][0xa4][0xa6][0x17][0x1b]$[0x99][0x97][0x95]d[0xb9][0x7][0x84]g&[0xba][0x86]'{*[0xd5]r[0x1][0x0]?[0x99][0xcf]j[0xa0][0x0][0x0][0x0]"
12:44:24.634 [main] DEBUG org.apache.http.wire -  << "[\r][\n]"
12:44:24.635 [main] DEBUG org.apache.http.wire -  << "0[\r][\n]"
12:44:24.635 [main] DEBUG org.apache.http.wire -  << "[\r][\n]"
12:44:24.635 [main] DEBUG io.restassured.internal.RestAssuredHttpBuilder - Parsed data to instance of: class org.apache.http.conn.EofSensorInputStream
12:44:24.636 [main] DEBUG org.apache.http.impl.conn.BasicClientConnectionManager - Releasing connection org.apache.http.impl.conn.ManagedClientConnectionImpl@14796b9e
12:44:24.636 [main] DEBUG org.apache.http.impl.conn.BasicClientConnectionManager - Connection can be kept alive indefinitely
12:44:24.653 [main] DEBUG net.thucydides.core.steps.StepInterceptor - STEP DONE: I send POST HTTP request login
  &amp#27;[32mWhen &amp#27;[0m&amp#27;[32mI send POST HTTP request login&amp#27;[0m                           &amp#27;[90m# starter.stepdefinitions.UserSteps.iSendPOSTHTTPRequestLogin()&amp#27;[0m
12:44:24.658 [main] DEBUG net.thucydides.core.steps.StepInterceptor - STARTING STEP: UserSteps.iSetPOSTApiEndpointsOrder - I set POST api endpoints order
12:44:24.658 [main] DEBUG net.thucydides.core.steps.StepInterceptor - STEP DONE: I set POST api endpoints order
  &amp#27;[32mAnd &amp#27;[0m&amp#27;[32mI set POST api endpoints order&amp#27;[0m                            &amp#27;[90m# starter.stepdefinitions.UserSteps.iSetPOSTApiEndpointsOrder()&amp#27;[0m
12:44:24.662 [main] DEBUG net.thucydides.core.steps.StepInterceptor - STARTING STEP: UserSteps.iSendPOSTHTTPRequestPostOrder - I send POST HTTP request post order
12:44:24.663 [main] DEBUG net.thucydides.core.steps.StepInterceptor - STARTING STEP: PostOrder.iSendPOSTHTTPRequestPostOrder - I set POST api endpoints order
12:44:24.663 [main] DEBUG net.thucydides.core.steps.StepInterceptor - STEP DONE: I set POST api endpoints order
12:44:24.673 [main] DEBUG org.apache.http.impl.conn.BasicClientConnectionManager - Get connection for route {s}->https://altashop-api.fly.dev:443
12:44:24.673 [main] DEBUG org.apache.http.impl.conn.DefaultClientConnectionOperator - Connecting to altashop-api.fly.dev:443
12:44:24.768 [main] DEBUG org.apache.http.client.protocol.RequestAddCookies - CookieSpec selected: ignoreCookies
12:44:24.768 [main] DEBUG org.apache.http.client.protocol.RequestAuthCache - Auth cache not set in the context
12:44:24.768 [main] DEBUG org.apache.http.client.protocol.RequestTargetAuthentication - Target auth state: UNCHALLENGED
12:44:24.768 [main] DEBUG org.apache.http.client.protocol.RequestProxyAuthentication - Proxy auth state: UNCHALLENGED
12:44:24.768 [main] DEBUG org.apache.http.impl.client.DefaultHttpClient - Attempt 1 to execute request
12:44:24.768 [main] DEBUG org.apache.http.impl.conn.DefaultClientConnection - Sending request: POST /api/orders HTTP/1.1
12:44:24.768 [main] DEBUG org.apache.http.wire -  >> "POST /api/orders HTTP/1.1[\r][\n]"
12:44:24.768 [main] DEBUG org.apache.http.wire -  >> "Accept: */*[\r][\n]"
12:44:24.768 [main] DEBUG org.apache.http.wire -  >> "Content-Type: application/json[\r][\n]"
12:44:24.768 [main] DEBUG org.apache.http.wire -  >> "Content-Length: 33[\r][\n]"
12:44:24.768 [main] DEBUG org.apache.http.wire -  >> "Host: altashop-api.fly.dev[\r][\n]"
12:44:24.768 [main] DEBUG org.apache.http.wire -  >> "Connection: Keep-Alive[\r][\n]"
12:44:24.768 [main] DEBUG org.apache.http.wire -  >> "User-Agent: Apache-HttpClient/4.5.13 (Java/14.0.2)[\r][\n]"
12:44:24.768 [main] DEBUG org.apache.http.wire -  >> "Accept-Encoding: gzip,deflate[\r][\n]"
12:44:24.768 [main] DEBUG org.apache.http.wire -  >> "[\r][\n]"
12:44:24.768 [main] DEBUG org.apache.http.headers - >> POST /api/orders HTTP/1.1
12:44:24.768 [main] DEBUG org.apache.http.headers - >> Accept: */*
12:44:24.768 [main] DEBUG org.apache.http.headers - >> Content-Type: application/json
12:44:24.768 [main] DEBUG org.apache.http.headers - >> Content-Length: 33
12:44:24.768 [main] DEBUG org.apache.http.headers - >> Host: altashop-api.fly.dev
12:44:24.768 [main] DEBUG org.apache.http.headers - >> Connection: Keep-Alive
12:44:24.769 [main] DEBUG org.apache.http.headers - >> User-Agent: Apache-HttpClient/4.5.13 (Java/14.0.2)
12:44:24.769 [main] DEBUG org.apache.http.headers - >> Accept-Encoding: gzip,deflate
12:44:24.769 [main] DEBUG org.apache.http.wire -  >> "[[\n]"
12:44:24.769 [main] DEBUG org.apache.http.wire -  >> "{"quantity":1,"product_id":2}[\n]"
12:44:24.769 [main] DEBUG org.apache.http.wire -  >> "]"
12:44:24.803 [main] DEBUG org.apache.http.wire -  << "HTTP/1.1 401 Unauthorized[\r][\n]"
12:44:24.803 [main] DEBUG org.apache.http.wire -  << "content-type: application/json[\r][\n]"
12:44:24.803 [main] DEBUG org.apache.http.wire -  << "date: Sat, 06 May 2023 05:53:11 GMT[\r][\n]"
12:44:24.803 [main] DEBUG org.apache.http.wire -  << "content-encoding: gzip[\r][\n]"
12:44:24.803 [main] DEBUG org.apache.http.wire -  << "transfer-encoding: chunked[\r][\n]"
12:44:24.803 [main] DEBUG org.apache.http.wire -  << "server: Fly/3f2597ca (2023-05-03)[\r][\n]"
12:44:24.803 [main] DEBUG org.apache.http.wire -  << "via: 1.1 fly.io[\r][\n]"
12:44:24.803 [main] DEBUG org.apache.http.wire -  << "fly-request-id: 01GZQSY3BB4M0R7YN3XWPZ912B-sin[\r][\n]"
12:44:24.803 [main] DEBUG org.apache.http.wire -  << "[\r][\n]"
12:44:24.803 [main] DEBUG org.apache.http.impl.conn.DefaultClientConnection - Receiving response: HTTP/1.1 401 Unauthorized
12:44:24.803 [main] DEBUG org.apache.http.headers - << HTTP/1.1 401 Unauthorized
12:44:24.803 [main] DEBUG org.apache.http.headers - << content-type: application/json
12:44:24.803 [main] DEBUG org.apache.http.headers - << date: Sat, 06 May 2023 05:53:11 GMT
12:44:24.803 [main] DEBUG org.apache.http.headers - << content-encoding: gzip
12:44:24.803 [main] DEBUG org.apache.http.headers - << transfer-encoding: chunked
12:44:24.803 [main] DEBUG org.apache.http.headers - << server: Fly/3f2597ca (2023-05-03)
12:44:24.803 [main] DEBUG org.apache.http.headers - << via: 1.1 fly.io
12:44:24.803 [main] DEBUG org.apache.http.headers - << fly-request-id: 01GZQSY3BB4M0R7YN3XWPZ912B-sin
12:44:24.803 [main] DEBUG org.apache.http.impl.client.DefaultHttpClient - Connection can be kept alive indefinitely
12:44:24.803 [main] DEBUG org.apache.http.impl.client.DefaultHttpClient - Authentication required
12:44:24.803 [main] DEBUG org.apache.http.impl.client.DefaultHttpClient - altashop-api.fly.dev:443 requested authentication
12:44:24.803 [main] DEBUG org.apache.http.impl.client.DefaultHttpClient - Response contains no authentication challenges
12:44:24.803 [main] DEBUG io.restassured.internal.RestAssuredHttpBuilder - Parsing response as: application/json
12:44:24.803 [main] DEBUG org.apache.http.wire -  << "2D[\r][\n]"
12:44:24.803 [main] DEBUG org.apache.http.wire -  << "[0x1f][0x8b][0x8][0x0][0x0][0x0][0x0][0x0][0x4][0xff][0xab]VJ-*[0xca]/R[0xb2]R*[0xcd]K,-[0xc9][0xc8]/[0xca][0xac]JMQ[0xaa][0xe5][0x2][0x0]@[0x17]da[0x19][0x0][0x0][0x0]"
12:44:24.803 [main] DEBUG org.apache.http.wire -  << "[\r][\n]"
12:44:24.803 [main] DEBUG org.apache.http.wire -  << "0[\r][\n]"
12:44:24.803 [main] DEBUG org.apache.http.wire -  << "[\r][\n]"
12:44:24.804 [main] DEBUG io.restassured.internal.RestAssuredHttpBuilder - Parsed data to instance of: class org.apache.http.conn.EofSensorInputStream
12:44:24.806 [main] DEBUG org.apache.http.impl.conn.BasicClientConnectionManager - Releasing connection org.apache.http.impl.conn.ManagedClientConnectionImpl@91339ed
12:44:24.806 [main] DEBUG org.apache.http.impl.conn.BasicClientConnectionManager - Connection can be kept alive indefinitely
12:44:24.807 [main] DEBUG net.thucydides.core.steps.StepInterceptor - STEP DONE: I send POST HTTP request post order
  &amp#27;[32mAnd &amp#27;[0m&amp#27;[32mI send POST HTTP request post order&amp#27;[0m                       &amp#27;[90m# starter.stepdefinitions.UserSteps.iSendPOSTHTTPRequestPostOrder()&amp#27;[0m
12:44:24.813 [main] DEBUG net.thucydides.core.steps.StepInterceptor - STARTING STEP: UserSteps.iReceive1ValidLoginAndProductHTTPResponseCode - I receive valid login and product HTTP response code 200
12:44:24.815 [main] DEBUG net.thucydides.core.steps.StepInterceptor - STARTING STEP: PostProduct.iReceive1ValidLoginAndProductHTTPResponseCode - I set POST api endpoints product
12:44:24.816 [main] DEBUG net.thucydides.core.steps.StepInterceptor - STEP DONE: I set POST api endpoints product
12:44:24.825 [main] DEBUG org.apache.http.impl.conn.BasicClientConnectionManager - Get connection for route {s}->https://altashop-api.fly.dev:443
12:44:24.825 [main] DEBUG org.apache.http.impl.conn.DefaultClientConnectionOperator - Connecting to altashop-api.fly.dev:443
12:44:24.920 [main] DEBUG org.apache.http.client.protocol.RequestAddCookies - CookieSpec selected: ignoreCookies
12:44:24.920 [main] DEBUG org.apache.http.client.protocol.RequestAuthCache - Auth cache not set in the context
12:44:24.920 [main] DEBUG org.apache.http.client.protocol.RequestProxyAuthentication - Proxy auth state: UNCHALLENGED
12:44:24.920 [main] DEBUG org.apache.http.impl.client.DefaultHttpClient - Attempt 1 to execute request
12:44:24.920 [main] DEBUG org.apache.http.impl.conn.DefaultClientConnection - Sending request: GET /api/products HTTP/1.1
12:44:24.921 [main] DEBUG org.apache.http.wire -  >> "GET /api/products HTTP/1.1[\r][\n]"
12:44:24.921 [main] DEBUG org.apache.http.wire -  >> "Authorization: Bearer [\r][\n]"
12:44:24.921 [main] DEBUG org.apache.http.wire -  >> "Accept: */*[\r][\n]"
12:44:24.921 [main] DEBUG org.apache.http.wire -  >> "Host: altashop-api.fly.dev[\r][\n]"
12:44:24.921 [main] DEBUG org.apache.http.wire -  >> "Connection: Keep-Alive[\r][\n]"
12:44:24.921 [main] DEBUG org.apache.http.wire -  >> "User-Agent: Apache-HttpClient/4.5.13 (Java/14.0.2)[\r][\n]"
12:44:24.921 [main] DEBUG org.apache.http.wire -  >> "Accept-Encoding: gzip,deflate[\r][\n]"
12:44:24.921 [main] DEBUG org.apache.http.wire -  >> "[\r][\n]"
12:44:24.921 [main] DEBUG org.apache.http.headers - >> GET /api/products HTTP/1.1
12:44:24.921 [main] DEBUG org.apache.http.headers - >> Authorization: Bearer 
12:44:24.921 [main] DEBUG org.apache.http.headers - >> Accept: */*
12:44:24.921 [main] DEBUG org.apache.http.headers - >> Host: altashop-api.fly.dev
12:44:24.921 [main] DEBUG org.apache.http.headers - >> Connection: Keep-Alive
12:44:24.921 [main] DEBUG org.apache.http.headers - >> User-Agent: Apache-HttpClient/4.5.13 (Java/14.0.2)
12:44:24.921 [main] DEBUG org.apache.http.headers - >> Accept-Encoding: gzip,deflate
12:44:25.119 [main] DEBUG org.apache.http.wire -  << "HTTP/1.1 200 OK[\r][\n]"
12:44:25.120 [main] DEBUG org.apache.http.wire -  << "content-type: application/json[\r][\n]"
12:44:25.120 [main] DEBUG org.apache.http.wire -  << "date: Sat, 06 May 2023 05:53:11 GMT[\r][\n]"
12:44:25.120 [main] DEBUG org.apache.http.wire -  << "transfer-encoding: chunked[\r][\n]"
12:44:25.120 [main] DEBUG org.apache.http.wire -  << "content-encoding: gzip[\r][\n]"
12:44:25.120 [main] DEBUG org.apache.http.wire -  << "server: Fly/3f2597ca (2023-05-03)[\r][\n]"
12:44:25.120 [main] DEBUG org.apache.http.wire -  << "via: 1.1 fly.io[\r][\n]"
12:44:25.120 [main] DEBUG org.apache.http.wire -  << "fly-request-id: 01GZQSY3G34PA7QG3TJS8535GT-sin[\r][\n]"
12:44:25.120 [main] DEBUG org.apache.http.wire -  << "[\r][\n]"
12:44:25.120 [main] DEBUG org.apache.http.impl.conn.DefaultClientConnection - Receiving response: HTTP/1.1 200 OK
12:44:25.120 [main] DEBUG org.apache.http.headers - << HTTP/1.1 200 OK
12:44:25.120 [main] DEBUG org.apache.http.headers - << content-type: application/json
12:44:25.120 [main] DEBUG org.apache.http.headers - << date: Sat, 06 May 2023 05:53:11 GMT
12:44:25.120 [main] DEBUG org.apache.http.headers - << transfer-encoding: chunked
12:44:25.120 [main] DEBUG org.apache.http.headers - << content-encoding: gzip
12:44:25.120 [main] DEBUG org.apache.http.headers - << server: Fly/3f2597ca (2023-05-03)
12:44:25.120 [main] DEBUG org.apache.http.headers - << via: 1.1 fly.io
12:44:25.120 [main] DEBUG org.apache.http.headers - << fly-request-id: 01GZQSY3G34PA7QG3TJS8535GT-sin
12:44:25.120 [main] DEBUG org.apache.http.impl.client.DefaultHttpClient - Connection can be kept alive indefinitely
12:44:25.121 [main] DEBUG io.restassured.internal.RestAssuredHttpBuilder - Parsing response as: application/json
12:44:25.121 [main] DEBUG org.apache.http.wire -  << "331[\r][\n]"
12:44:25.121 [main] DEBUG org.apache.http.wire -  << "[0x1f][0x8b][0x8][0x0][0x0][0x0][0x0][0x0][0x4][0xff][0xaa]VJI,IT[0xb2][0x8a][0xae]V[0xf2]tQ[0xb2]24[0xb2][0xb0]0[0xd7]Q[0xf2]K[0xcc]MU[0xb2]Rr[0xcd][0xcb]/[0xca][0xcd]/-Vp[0xce]/)[0xc9][0xcf]Sp[0xce][0xcf]-(-I-R[0xd2]QrI-N.[0xca],([0xc9][0xcc][0xcf]S[0xb2]R[\n]"
12:44:25.121 [main] DEBUG org.apache.http.wire -  << "-Q[0xc8]KMN-.[0xce],I,[0xc9]L*-V([0xcb],ILU[0xc8],-JUH[0xc9][0xcf][0xc9]/J-V(J-H[0xcd][0xc9]I[0xcd]K)-V([0xce][0xcc][0xcd][0xcc][0xc9],,M[0xd5]S[0xd2]Q[\n]"
12:44:25.121 [main] DEBUG org.apache.http.wire -  << "([0xca]LNU[0xb2][0xb2]4[0xd4]Q[\n]"
12:44:25.121 [main] DEBUG org.apache.http.wire -  << "J,[0xc9][0xcc]K/V[0xb2]2[0xd1]QrN,IM[0xcf]/[0xca]L-V[0xb2][0x8a][0x8e][0xad][0xd5]A[0xb8][0xd0][0x2][0xee][0xc2][0x80][0xa2][0xc4][0xe4][0x92][0xcc][0xe4][0xc4][0x1c][0x5][0xdf][0xc4][0xa2][0xa4][0x9c]T[0x85][0x90][0xc4][0xa4][0x9c]T[0xc][0xf7][0x85][0xa4][0xe6][0x16][0xe4][0x17][0x81][0x1d]V\[0x9a]W[0xa2][0x90]X\[0x90]Z[0x94][0x9]r[0x15][0x92][0xfd][0x16]FH[0xf6][0x1b][0xe3][0xb3][0xdf][0x12]nPiqIf[0xb2][0x82]{Qb^fI[0xaa]BpF~j1[0xa6][0xed][0xf9]%[0x89][0xb9][\n]"
12:44:25.121 [main] DEBUG org.apache.http.wire -  << "[0x85][0xa5] [0xfb]S[0x12]s[0x15][0xca]Rs[0x90][0xac]51#[0xd2]ZK[0x3][0xb8][0xb5][0xc1][0xf9]y[0x95][\n]"
12:44:25.121 [main] DEBUG org.apache.http.wire -  << "[0x1][0xc1][0xa6][0x18]V[0x15][0xe4]$V*d$[0x16]+[0xe4][0xe5]+[0xe4]d[0xe6]f[0x96][0x80]\[0x3][\r]_#KK$[0x9b][0xf0][0x5][0xb0][0xa5][0x11][0xdd]l2[0xa6][0xa6]M[0x86]x"[0xcd][0xd2][0x94]n6[0x99][0xc1]mr-J[0xcf][0xcf][0xcb][0xcf][0xcd]LV[0x8][0xcf][0xcf]OI[0xcd]Sp[0xcf][0xc9]/[0xc3][0x92]B[0x82]3s[0xb2][0x11][0x19][0xc1][0xd8][0xd2][0x18]9M[0x98][0xe2][0xf3][0x15]"[0xb3][0xba][0xe7][0x17][0xa5][0xa7][0x82]2+[0xc8]0\[0x16]A22[0xc2]*3[0xb]Cc[0xa4]Da[0x80][0xcf]*D[0xae]sL-[0xca]O[0xa9][0xcc]K[0x4]y[0xc][0x9a][0xef][0x82]32[0x8b]J0[0x92][0xa3]gQ~[0x1e][0xc2]2[0xb][0x13]S[0xe4],[0x86][0xd7]_[0x88],[0xe6]RZ[0x4][0xca][0xd3][0xf0]<[0xe6][0x94][0x98][0x8e]a[0x8f]s~^rQj[0x9]([0xe3]C[0x13][0xbb][0xb1][0x85][0xa1][0x1][0x92][0xc7][0xf0][0xa4]vK[0x3]D[0xbe][0x82][0x87]a@bAj[0x11][0xee][0xf2][0xe][0x12][0x9b][0x8][0x9f][0x99][Z[0x98][0x10]k[0x1b]U[0xf3][0x16][0x9e][0x8][0xb3]40[0x81][0xa7]C*[0x94][0x17]xb[0xcb][0xd2][0x80][0xaa]y[0xb][0xaf][0x9f][0x10][0x89][0xd0]#5[0xb1][0xac]R[0xc1][0xa5][0xb4][0xa4]R![0xb8]$55G[0xc1]#[0x11]3[0x1][0xa2]G[0x94][0x99][0x81][0xa9]9RD[0xe1][0xb5][\n]"
12:44:25.121 [main] DEBUG org.apache.http.wire -  << "3[0x9]BSEFb&f[0x15][0x8]v[0x3]"E[0x98][0x99][0x1a]"Wg[0xf8],[0x2]%Th[0x85][0xeb]X[0x9e]Z[0x9c][0x9f][0x9b][0xaa][0xe0][0x93][0x9a]X[0x92][0x1]J[0x80]9[0xf9][0xc9][0xa0][0x82][0x1][0xb5][0xb6]E[0xcd]U[0xe6][0x86][0x16]DfaK[0x90][0x93][0xa0]6[0xc1][0xab]v[0xa7][0xa2][0xfc][0xbc][0xaa]T[0xdc]I=[0xa8]4)[0x9]\[0xe3]C3[0x96][0x5][0xd1]%[0x86][0xa5]!"[0xa9]C[0xeb]I[0x9f][0xcc][0xbc][0xd4]<[0x85][0x80][0x9c]DpVE[0xf5][0x15][0xba]E[0xc6][0x86]&[0xa6]DF[0x15][0xa8][0xc][0x83][0xfa][0xcb]75%3?[0xb9][0x8][0xe4]!H[0x91][0xa0][0xe0][0x8c]5[0xc][0xc1].AD[0x97][0x89][0x99]!r[0x91][0x8b]7[0xba][0x90][0xb2]Ue^jQz&[0xb8][0x9][0x0][0x8a][0x14][0x5][0xec][0xa5]`@N"H[0x9][0xc2]6Sc[0xb][0xe4][0xc2][0x9][0xaf]m[0x88][0xac][0x85]\[0xea]B[0xca]q[0x5][0xef][0xbc][0xcc]4P[0xa1][0x87][0x1a][0x92]X[0xec]3%:[0x89] */d[0xfb][0x1c]sJs3[0xf3]Js[0x15] [0xa5]/[0x0][0x0][0x0][0xff][0xff]"
12:44:25.121 [main] DEBUG org.apache.http.wire -  << "[\r][\n]"
12:44:25.121 [main] DEBUG org.apache.http.wire -  << "6C8[\r][\n]"
12:44:25.121 [main] DEBUG org.apache.http.wire -  << "B[0xb5][0xf][0x9a]Z[0x91][0xfc]giL[0xb4][0xff][0x10][0x15][0x18]r[0x86][0xce][0xcc][0xc9]V[0x8]O[0xcc][0xc9]I[0xc5][0xcc][0xd2][0x90][0x4][0x8b][0xb0][0xcc][0xd2][0xcc][0xc0][0x82][0xd8]t[0x82](=0[0x1a][0x8e]8l[0xc3][0xf0][0x9b][0x85][0x99]!rQ[0x8f]7[0xee][0x10]%[0x8]rXBkL[0x1c][0x16]:[0xe7][0x17][0x14] [0xe7]7K3C[0xe4]f[0x1b]>[0xfb][0x8c][0x10][0x15][0x19][0xac] [0x81]&[0x5][0x5][0xe7]D[0xcc][0x12][0xb]= [0x8d][0x8d][\r][0x88]-[0xb2][0x8c][0xc][0xe1]U[0xb][0xcc]&HI[0x8b][0xab][0xdd][0x1]j[0x93] [0xa2][0xcc][0x94][0xf8]R[0xd8][0x8]Q[0x86][0xc0][0x8b],[0xa8]U[0xd8]3[0x1b]D[0x12]a[0x97][0x99][0xb9][0x19]r[0xa3][0x3]o[0xf8]![0x1a][0xa3][0xf0]b$<??[0x7]G[0x11][0x82][0x1e]~[0xa6][0x16]&D[0x87][0x1f][0xa2][0xc][0x81][0xdb][0x4]1[0xe]G[0x17][0x2][0xdd]W[0xc6][0x6][0xa6][0xc4]&z#D[0x9][0x2]-[0x85]!I[0xc][0x87]M[0xd0][0x14][0x83][0x8]@c#[0xa2][0xab]L#D[0xe1]A[0x85][0x16][0x7][0xde][0xa8]B[0x14][0x1b][0x88][0x9c][0xc][0xa9][0x9e]q4[0x3]r[0x10]>[0xb2][0xb4][0x4]U[0xb9][0xf0][0xae]&^{[0x10]%[0x6][0xbc]m[0x8][0xeb][0xec]a[0xaf][0xc6][0xa0][0xb2][0x8][0xdb][0xcc][\r]-[0x89]mr[0x18]![\n]"
12:44:25.121 [main] DEBUG org.apache.http.wire -  << "[0xc][0xcf][0xbc][0x92][0xd4][0x9c][0x9c][0xcc][0xf4][0xd4][0xbc][0x12][0x5]h[0xca][0xc0][0x96][0x87]1l351%[0xb6]"[0x3][0x95][0xd1][0xd0]Z[0x13][0x9e][0xb5][0xc0][0xad][0x18][0x5][0xa7][0xfc][0x92][0x12],[0xbd]hP[0x15][0x87][0xf0][0x97][0xb1][0x85][0x1][0xb1][0x95][0x8a]1[0xa2][0xb8][0xf0][0x4][0xd5][0xca])[0x99][0xa0][0xae]:4[0xa5])8cmO[0xc1]j[0x1c][0x84][0x85]F[0x6]DG[0x9b]1[0xa2][0xd4]@$[0xf]h[0xb2]w[0xce][0xc7][0xd2]N[0x84][0xba][0x5]a[0x99][0xa5][0x99][0x9][0xb1]U[0x98]1[0xa2][0xd8][0x8][0xce]IM[0xcd]V[0x0][0xb7]-[0x14][0xb0][0xda][0x83]Z[0xe][0x1a][0x9b][0x1a][0x11][0x1d][0x84][0x88][0x12][0xc3]'3=[0xa3][0xa4]<[0x15]D[0xc2]F=[0x9c]R[0xf3][0x92]3[0x88][0xa8][0x97][0xcd]A[0x5]7Q[0x9][0xdf][0x18]Qj[0xc0]K(hbS[0xf0]N[0xad]L[0xca]O,J[0xc1][0xb0][0x10]TX"[0x82][0xd0][0xc8][0xc8][0x84][0xd8][0x9a][0xb][0xd4][0xdf][0x85]&E[0xe4][0x9a][0x12][0x14]Z[0xb8]m[0x3]gw[0x84]u[0xe6][0x16][0xc4][0xc7][0x18][0xa2][0xf4]@jt@[0xab]z[0x1c][0xe5]"z[0xf3][0xd4][0xd2][0x8]4PF\X"[\n]"
12:44:25.121 [main] DEBUG org.apache.http.wire -  << "[0x11]$[0xeb]`}V\[0xb9][\r][0xdd]B33P[0xfd]N[0x9c][0x85][0x88]r[0x4]^j[0x81]2/q[0xb5][0xb3][0x85][0x5][0xd1][0xed][0x0]P[0x88]C[0xe3][\r][0xd6]M[0x87][0xe6][0xb2][0x80][0xc4]<[0xf0][0xd8][0x13]jK[0x11][0xbd][0x1a]325#[0xb6][0xb4][0x2][0xd5][0xad]P[0xab][0xe0][0xa5][0x15]$[0x88]p[0xb4][0xba][0xa1][0xd1][0x89]H [0xa6][0x86][0xc6][0xc4][0xb6][0xdc]L[0x10][0xe5][0x87][b^[0x9][0xb8][0xf9][0xe][0x1b][0xc2][0xc1][0xd6][0x2][0xc6](>,,[0x88]nq[0x9b] [0x8a][0xf]h[0xfd][0xc][0xca]F8[0xda][0x1c][0x10][0x1f]#[0xfc]db[0x8][0x1a][0x15]$*Q[0x98] J[0x90]`[0xa4]~[0xb][0xac][0x9c][0xc5][0xda]}F[0xcb]bf[0x6][0x96]D[0x87] [0xa2][0xfc]@[0xae][0xca][0xc0]9[0x1a][0xfb]()([0x81]"<fd@t=[0x6][0x1a]@[0x85][0xa6][0xc]Dd[0x81]LS[0xc0][0x9e][0x8][0xd1]<eabAl[0xb3][0xcd][0x4]Qn [0xd7]c[0x90][0xb1]""Z[0xd8][0x16]F[0xa0][0xb1]&[0xe2]b[0xb]Qf Y[0x5][0xe]>[0xec][0xed][0xe][0x90][0x14]"[0xf8][0xcc]L@[0xd1]M[0x9c]M[0x88][0xc2][0x2][0x9e][0xb1]`%=[0xf6]z[0x5]#[0x17][[0x80]j[0xb][0xa2],3[0xc5][0xec][0xa2][0x80]c[0x8a]p[0xa3][0xcd][0xd8][0xdc][0x94][0xd8][0xda][0xc4][0x14][0xd1][0xdc]@[0xc][0xc0][0xc2][0x8b][lV[0x81][0xdc][0x80][0x8]<K[0x13]c[0xa2][0xad]Bd*x5[0x9]N_8[\n]"
12:44:25.122 [main] DEBUG org.apache.http.wire -  << "%XnCXfjFtB7E[0xe4])hI[0x1][0x8a]t[0xac][0x19][0x17][0xd5]CF[0x96]f[0xc4]6AA[0x8e][0x81]f&[0xa4]t[0x7]K[0xf][0xe1][0x89]%X[0xda][0x19][0x18][0xa5][0x9f][0x99][0x1][0xca]p([0xbe][0x6]6[0xa8]o[0x1][0xb5][0xf]^U[0xc1][0x6]7p53[0xc0][0x8d]TD[0x8][0x9a][0x19][0x99][0x11][0xdb][0x17][0x2]u[0x9a][0xa0][0xb6]![0xf9][0xe][0x12]a[0xd8][0xca]uHe[0x86]d[0x95][0xb1]1[0xd1][0x1][0x89][0xc8]V[0x88]R[0x9][0x16][0xfd][\n]"
12:44:25.122 [main] DEBUG org.apache.http.wire -  << "[0xd8]3[0x16][0x9a][0xc7]LM[0x89][0xce][0xc4]f[0x88]|[0x85]\[0xb8]CC[0x12][0xfb][0x10][0x18][0xa4][[0x81][0xf0][0x9c])[0xea][0x4][0x11][0xbe]X3C[0xe4]0X[0xbd][0xf]K"8J'[0xd0][0x8]-[0xc2]*cC[0xa2][0x7][0xc0]@[0xbd]wh[0x94]A[0x13]="[0x10][0xb1]wS [0x9e]FXfb[0x2][0x1a][0x1f]$[0xaa]x2C[0xe4]0xY[0x8][0xca]J8[0x6][0xda][0xd0]C[0xd0][0xc4][0xd8][0x9c][0xd8][0xe4][0x1]J[0xb2]Po[0xc1]m[0x82][0xa4]6[0x1c][0xc3][0xa3][0xa0][0xac][0x8e][0xf0][0x93][0x85][0x19][0xd1][\r]'sD[0xd2][0x80][0xdb][0x4])[0xc1][0x15][0xb0]ggXI[0x89][0xb0][0xcd][0xd8][0x98][0xe8]!fsD[0xcb][0x9][0xd2][0x19][0x82][0x8e]va[0x1f][0xa9][0xc4][0xb4][0xca][0xd2][0x1c][0xe4]^[0xa2]"[0xcb][0x1c]Q[0xf6]"[0x17][0xf3][0xe0][0x99]j[0xec]cC[0x98][0xd6][0x19][[0x80][\n]"
12:44:25.122 [main] DEBUG org.apache.http.wire -  << " [0xe2][0xac]C[0x1a][0xdc]@j?A[0xb]?\[0xad]xXbE[0x4][0xa6][0x85][0x1][0xf1]Q[0x87]h[0x4]@[0xd3]>81bo?A3 [0xc2]"c[0x13]cb[0xcb]EPn[0x84][0xa6][0xc6][0xe0][0xdc][0xc4][0x9c][0x1c][0xf8]d[0x1b][0xf6]pDO[0xf7][0x96]&[0xa0][0xb9]&[0xa2]B[0x11][0xd4][0xd6][0x82][0xda][0x4][0xf5][0x12]4[0xd5]c[0xb7][0x9][0x92]P[0x91][0xfc]dJt[0xbb][0x1a]4[0x9d][0xf][0xb5][0x9][0xb9][0x5][\n]"
12:44:25.122 [main] DEBUG org.apache.http.wire -  << "[0x8b][0x10][0xec][0xfd]s[0x98],[0xc2]F[0xb]SPaG[0x9c][0xdf][0x10]-y[0xa4]~[0x1e][0xb8]P[0xc7][0xd1][0x14][0xc5][0xf0][0x1e][0xf1][0xa9][0x1f]T[0xc3][0xc2][0xbd][0x97]\[0x94][\n]"
12:44:25.122 [main] DEBUG org.apache.http.wire -  << "[0x1d]S[0x1][0xb7]Eq[0x8c][0xdf][0xa0][0x16]!F[0xe6]f[0xc4][0xe]>X [0x8a]E[0xe4][0xee]9,;[0xe1][0x1a][0xa9][0x7]%VD@[0x1a][0x93][0x90]H[0x10]Y[\r]5[0x91]`o[0xd0][0x83][0xc7][[0x10][0x16][0x99][[0x80][0xc6][0xd1][0x88][0x88]1cc$[0x8f]E8[0xf9]G[0x18]b[0x8c]h L5AY=[0x81]^9[0xc2][0xd6][0xa6][0x98]"uS[0xdd][0x13]s3[0xf3]0[0xe7][0xaa][0xdd][0xf2][0x8b][0x14][0xd2][0xc1]R[\n]"
12:44:25.122 [main] DEBUG org.apache.http.wire -  << "[0x5][0xa5]E[0x5][0xf9][0xc5][0xa9][0xc5]J[0xb5]H[0xcb][,A[0xe3][\n]"
12:44:25.122 [main] DEBUG org.apache.http.wire -  << "[0xd0][0x98]E[0x1e][0xea][0x81][0xe6][0x13][0x1c][0xf5]+[0xca][0x2][0x2][0x13]KP3[0x8e][0x88][0x10]0[0xb2][0xb4]@[0x14]1H-"h[0xdf][0x19]GU[0x4][0xea][0x9f]"[0x2][0xc6][0xc8][0x8][0x94][0xa7][0x89][0xb2][0xc][0xd4]W[0xc5][0xe2]3H.[0xc0]Y[0x1b][0x81][\n]"
12:44:25.122 [main] DEBUG org.apache.http.wire -  << "t[0x84]u[0xe6][0xa6][0xa0][0x16][0x1]q[0xd6]![0xea]"D[0x13][0xc]Z[0x1f]ao[0x80][0xa1][0xa5]$K[0xb][0xa2][0xb3][0x88]%"[0xef][0xc3][0xdb][0xb1]A[0xe0][0xa9]S<[0x3]X[0xe8][0xf3][0x82][0xc6]fF[0xc4][0xe][0x87][0x80]:[0xe2][0xd0][0xa0]D.[0xdd]@Y[0xe][0xeb]d[0xf]4F[0x11][0xe1]hj[0x0][0x9a][0xb5]'.[0x1c][0x11][0xd9][0x1f])[0x8d]@[0xeb][0x1b][0xec][0xb6][0x81][0xe6]y[0x11]v[0x19]Y[0x80][0xda][0xa7][0xc4][0xd9][0x85][0xc8][0xfa][0x90][0x9a][0x8][0x1c]%8[0xda][0xcb][0x98][0xa5][0xb5]1[0xf1][0xc3][0xb6][0xa0]Qyh[0x8]"[0x95][0xd6][0xd0][0xb4][0x88]=[0x97][0xa1]&|[0xb]K[0xa2]'[0x1e]-[0x11][0xb9][0xc][0x91][0x12][0xa1][0xc9][0x3][[0xbf][0x3][0x92]H[0x11][0x1]hl[0x1][0x1a]d[0x86][0x7] [0xbe][0xd5],[0xa0]b[\n]"
12:44:25.122 [main] DEBUG org.apache.http.wire -  << "[0xea]-[0xa4][0xc8][0x82]TB[0xd8][0x13]=[0xac][0x18]GXgn[\n]"
12:44:25.122 [main] DEBUG org.apache.http.wire -  << "[0x1a][0x0][0x83][[0x87]{[0xe9][0x87][0xb1][0x1]h@[0x3]n[0x1d]b[0xca][0x2][0x16]38[0xba][0xc1][0xe8][\r][0x8]3[0xd4][0x19][0x19][0xdc][0xfe]360@dj$[0xff]A[0xa3][\r]{[0x83][0x16]=4M[0xcc][0x88][0xec][0xdf][0x1b][0x1b][0x80][0xda]5X[0xbc][0x7]1[0x11]G[0xaf][0x0][0xda]"D[0x4][0xa7][0x91][0x99][0x11]q[\r]1cp[0x9e][0x84][0xda][0x7]i>[0xc3][0x3][0x12][0xfb][0xc2]F[0xb4]*[0xdd][0x94][0xc8][0x14]il`[0x80][0x94][0xcf][0x90]Z[0xb3][0x90][0xdc][0x86][0xbd][0x81][0x89][0xd4][0xaf][0x2][0x0][0x0][0x0][0xff][0xff]"
12:44:25.122 [main] DEBUG org.apache.http.wire -  << "[\r][\n]"
12:44:25.122 [main] DEBUG org.apache.http.wire -  << "6E7[\r][\n]"
12:44:25.122 [main] DEBUG org.apache.http.wire -  << "[0x2][0xaf][0xd7]42[0x0][\r][0xdb][0xc3]S[0x9][0xde]HCt[0x86]a[0xf3][0xc5][0xe0][0x92][0xca]'1[0xb7][0x0][0xa3][0xce][0x5]w[0xc7][0x11][0xa1]ga[\n]"
12:44:25.122 [main] DEBUG org.apache.http.wire -  << "[0xea][0xb5][0xc3][0xad]A[0xaf]y[0x11]5[0xa7]1x~[0x8][0x16]z[0xe0]f,[0xc4];8[0x16][0xdd]a[0xc4][0x93])[0xb1][0xd5][0xa6][0xb1][0x1][0xd2]J[0x1a][0xb4]x[0xc2][0xde][0x8e]E[0xf7][0x13][0xb1][0xe3][0x8][0xc6][0x6]H[0x8b]h`A[0x7]-8[0xb0][\r]dA[0xb]eD[0xe8][0x19][0x81]W[0xe1][0x10][0x17]z[0x88][0xfe][0x14]R[0x81][0x8][0x89]u[0xdc][0xeb][0x83]0l$[0xba]kjl[0x0]Zs[0x3][0x8b]/[0xca]W[0xb4][0xe2]M[0x19][0x88][0x91][[0x9a][0xce]L[0x1b][0x1b][0x18]"[0x8a][0xfa][0x80]`[0x5][0xcc][0x15][0xba][0xe9][0x89][0xb9][0xa9][\n]"
12:44:25.122 [main] DEBUG org.apache.http.wire -  << "[0xa6][\n]"
12:44:25.122 [main] DEBUG org.apache.http.wire -  << "[0xc5]%[0xe0][0xf1]bhV[0xc2][0xdf][0xb8]DI[0xe2][0x88][0x9c][0x4][0xf1][0x88][0xa1][0x11]F[0x6][0x82]/[0x2]F_[0x1]l[0xc]*[0xad][0x89]J[0xb][0xa0][0xa9]&[0xe4][0x98])03[0xc3][0xb0]&9?)1[0x11]D R[0x1b][0x9][0x16] F[0x90][0x9c][0xf3][0x93][0x12][0x15]RJsJ1l[0xc8][0xcc][0xcb]T[0xc8]H[0xcc][0xab]LT(H-[0x2][0xd9][0x94][0x98][0xa7]P[0x90]_[0xc]Z[0x13][0x4][\r]8SKKP[0x85]G[0x9c][0x9f][0x10]5[0x7]-b[0x6]4[0x95][0xb][\r]2[0x9a][0x18][0x8f][0xc8][0x9d]![0x89][0x98]A[0x5][0x8f]s,[0xb][0xbf][\r][\r]0[0x0]Q[0xb][0xa6][0x8c][\r]@[0xf5][0x16][0xd4]O[0x1e][0x5][\n]"
12:44:25.122 [main] DEBUG org.apache.http.wire -  << "a[0x99]e[0xf9][\n]"
12:44:25.122 [main] DEBUG org.apache.http.wire -  << "[0x91]F[0x98][0x9].7573'3;S[0xa1][0xb8] [0xb5]83-3;[0xb1]8S[0xa1]21/]![0xb1] [0x13][0xb4]~[0x11][0x1a][[0xa0][0xe6][0x2][0xb8][0xc5]@\|![0x92]:[0xfd]|[0x8c][0xb4]T[0x81][0xfe]>FZ[0xb6]0[0x0][0x96]#z0%[0xa9][0xc5][0xa0]m[0x18][\n]"
12:44:25.122 [main] DEBUG org.apache.http.wire -  << "[0x5]E[0xf9])[0xa5][0xc9][0xa0][0xec][0x86]:[0x8d][[0x92][0x91]Y[0xac][0x90]Y[0xac]P[0x92][0x91][\n]"
12:44:25.122 [main] DEBUG org.apache.http.wire -  << "S[0xa3][0x90][0x82][0xb4]![0x4][0xbe][0xa5][0x3][0x9c][0xf2][0x88]Lk[0xa0][0xc9]YhZ[0x3][0x97]lf[0x6][0x6][0x6][0x18]%[0x2][0xbe]dnJtI[0x0][0x9a][0xae][0x82]Z50^E4[0xbe][0x6][0xc6]~[0xba][0xd5][0x86][0xa0][0x11]HhH[0x83]#[0x95][0xe4]=+D[0xd7]X[0xa0]&=[0xd4]&[0xfa][0xe7][0x1d][0xa4]u[0x10][0x3][0x12][0xa1]H[0xa3]N[0x3]c?[0xa2]j[0x1d][0x18][0xfb][0x11]e[0x17]dh[\r][0xa3][0xe0]H[0xc3]2[0xea][0x6]/[0xa6][0x88][0x9d][0xf8]26[0x0]M[0xc8]AS[0x19]l[0xe2][0xb][0xdc][0x91][0xc1][0xbe][0x86]-(53935/%[0xb3]X[0xa1]85E!3[0xaf],5[0xaf]$[0xbf](U!3/93[0x5][0xb4][0x11]-[0xb5]D![0xb1][0xb4]$5[0x17]i?[0x18][0xb1]k[0x4][0x8c][\r]@[0xeb][0xe3][0xa1][0x8e][0x19][0x98]PG[0x14]c[0x3][0x90][0xe5][0x10]e[0x18][0xd5]<O[0xdc][0x8a]?c[0x3][0x13]D[0x1b][0x9f][0x90][0xdd][0x88][0xb6]1[0xa8].$[0xb2]*[0x4][0xad][0x9b][0x1b][0xc8][0x88]EZ[0xa5]A[0xc8]4i[\n]"
12:44:25.122 [main] DEBUG org.apache.http.wire -  << " -[0xe0][0xa0][0x9a][0xfd][0xc4][0xc6]-h[0x8b][0x1a][0x91]aOV[0xdc][0x82][0xe6][0xaf][0x88]4[0x9f]6a[0x8b][0xe8]GP-lAI[0x9b][0xe8][0xf0]E[0xc]&S[0xcd]~[0xa2][0xed]F[0x14]X[0x84][0xec]&/niP&[0x91][0x14][0xb6][0x88]r[0x89][0xb6][0xd5] h)[0x16]4[0x11][0xd3][0xd6]"[0xd0][0xbc][0x1][0xd4]"B1F[0x93][0xdc][0x2][0x9a][0xfb][0xa5][0xb6][0xfd][0xc4][0xa6]V[0xd0]<[0x17][0x91]v[0x93][0x95]ZAs[D[0x9a]O[0x9b][0xb0][0xa5]QIDd%[0x8b][0xb4][0xd6][0x87][0xbc][0xae][0x9][0xd1][0xdd]M[0xd0][0xe2];h@[0xd3][0xda]&D[0x1][0x10][0xe1][0x94]_[0xa1]0[0x18]&[0xb4][0x8d][\r][0xcc][0x11]c}[0x3][0x92][0x89][0x91][0xd6]$Q[0xcd]~b3[0xb1]9[0xa2]gB[0xc8]n[0xb2]21[0xd2]"(B[0xe6][0xd3]$[0x13][0x9b][0xd3][0xa0]:[0x7]UyDfb[0xa4][0x85]K[0x3][0xe2]}[0xd0][0xd2][0x7]h[0xd6][0xa6][0x9a][0xfd][0xc4]&-[0xa4][0x5]N[0x84][0xec]&+i[0x81][0xd6][0xfc]Q[0xdb]o[0xa0][0xa8]%[0xda][0x3][? -V![0x14][0xbc][0xb4][0xc8]YF[0xa0][0xad]Z[0xd0][0xe0][0xa7]m[0x1b][0xb]t[0xee][0xe][0xd4]"[0xaa]y[0x94][0xd8]8F:i[0x86][0x90][0xdd]8[0xd3]0[0xbe][0xe5][0x9]H[0xcb]r[0x8][0x99]O[0x8b]H[0x4][0xef][0x97][0xa1]v[0xd8][0x82][0xf2][0x10]q[0xc5][0xa3]!h[0xf4][0x94][0x16][0xd6][0x13][0x19][0xbd][0x86][0xa0][0x8d]d[0x3]j?[\r][0xc6]%[0x89][0xf6];mk~C[0xa4][0xa5])[0x3][0x91][0xb4][\r]A[0xcb][0xc7]h[0x11][0xb7]D&m[0xa4][0x15][0x18][0x3][0xe2]}[0xa4]u[0x19][0xb4]m[0xd4][0x1b][0x82]v/@[0x3][0x9a][0xd6]6!j\Z[0xdb][0x84]h6[0xd2][0xda]&[0xc4][0x98][0xf][0xad]mB[0x8c][0xfe][0xd0][0xda]&D7[0x8f][0xd6]6![0xe6][0xe0]il[0x13][0xfa][0x8a][0x13][0x92]g[\n]"
12:44:25.122 [main] DEBUG org.apache.http.wire -  << "[0x89][0xed][0x8e][0x1b]"5[0xac]h[0xed]'D[0xf5]Ck[0x9b][0x10][0x95][\r][0xad]m[0xa2][~2B[0xe4][0xa7][0x1])[0xe1][0x91][0x16][0xbf]P[0xcd]~b[0x1b][0xf][0xa0][0x1d][0xc][0xd0]2[0x9f][0x90][0xdd]8[0xdb][0xc5]x[0xd6][0xc3][0x19]"[0x9d][0xfd]A[0xe3][0xf4][0x82][0xb4][0xa0][0x86][0x90]Oh[0xd1][0x2]7DZSCU[0xfb][0x89]l[0xa6] -K[0xa0][0xaa][0xf5][0xc4]&$[0xa4][0x95][0x9]4[0x8e]h[0xa4][0xa9]qZ[0xdb][0x84]([0x82]h[0xb0][0xd2][0xce][0x10]i[0xf6][0x13][0xb1][0xaf][0x10][0xba][0xcc][0x15][0xd7][0x9][0x1a][0x81][0xa5][0xa0][0xe5]P[0x88]Sf[0x13][0x8b][0x8b]KsS[0xf3]R[0x12][0x15]Jsr[0x12][0xc9][0x9a][0xde]7D[0x9a][0x5][0xa5]q[0x80]"[0xcd]y[0x6][0x4][0x9b]`[0xac][0x9d]((6QHJ,[0x2]-:DZ[0xc8]Gd[0x6][0x18][0xe0][0xf9]NCSD[0x9b][0x96]j[0x19][0x90][0xd8][0xcc][0x87][0xb4]a[0x9f][0x90][0xdd]d[0x95][0xe2][0xa0]]^D[0xd6][0x12]4)[A{gia?[0x91]Ik[0x80]'[0xb0][0xc][0x91]f[0x90][0x8]E/M[0x82][0x1f][0xb4][0x8f][0x98][0xda][0xc1]Ol[0xd2]F[0x9a][0xd3]"[0xe4]w[0xb2][0x92]6[0xd2][0xfe]xB[0xe6][0xd3]&l[0x11][0x1d][0x1f][0xaa][0xda]Od[0xd2][0xa6][0xd5][0xb4][\n]"
12:44:25.122 [main] DEBUG org.apache.http.wire -  << "[0xb1][0xd1][0xb]:[0xc7][0x0][0x9a][0xb4]hQ[0xc5][0x9a]#u`[0x91]v[0x1f][0x81]w[0xc9][0xe0][0xd8]U[0xe5][0x9f][0x9b][0x7]]FW[0x8][0xaa]k[0x93][0xf3][0xf3][0x8a]S[0xb]K[0x13]KJ[0x8b][0x14][0x92][0xf3][0x8b]@[0xa7][0xbb][0x83][0xe]=O[0xca],V(J[0x4][0x9d]J[0x8f]|[0xb2]<[0xd1]K[0xea][0xc][0xcd][0x11][0xd1]N[0xb]#MWQ[0xa1]J[0xc7][0xb3][0xe3][0xca][0x10]ib[\n]"
12:44:25.122 [main] DEBUG org.apache.http.wire -  << "[0xb2]A[0x9][0xba]i[0x8][0xfb][0xd6].[0xc7][0xd2][0x12][0x85][0xd4][0xe2][0x12][0x85][0x9c][0xc4][0xa4][0xfc][0xa2][0xd2]\[0x85][0xe2][0xc4][0x82][0xcc][0xd4][0xbc][0x92]TD[0xd0][0x82]W)[0x82]V1[0x92][0xb3]R[0xd1][0x10]i[0xaa]*/17[0x11][0xb2]h[0x1c][0xb4]1[0x0]u]y6[0xf4][0xc4][0x84]<[0xb4][0xbd]Al[0xb2]E[0x9a][0xb2][0xa2]I[0xf4]![0xda][0x12][0xd0]}[0xe9][0xd0]=d[0xb8]v[0xc0][0x7][0x83][0xd6]x[0xe6]%[0x82][0xf][0xff]O$/[0xe4][0x10][0x3]e[0xc8][0xfb]|[0xa1][0xbb][0xb2][0xb0]o[\n]"
12:44:25.123 [main] DEBUG org.apache.http.wire -  << "[0xf4]K,)-VH-Q([0xce][0xcc]+![0xcf]VD[0xb][0x9b][0xaa][0xa5][0x1f][0xd1][0xf1]8[0xc0]][0xa4]][0xf1]H[[0xe1]`[0x91][0x8d]m[0xe3]]X~NiAIbIj[0xb1]B[0x9][0xa2][0x1b][0x90]Z[0xa2][0x90]Z[\n]"
12:44:25.123 [main] DEBUG org.apache.http.wire -  << "[0x8e]}[0x85]R[0xf0]J_[0xf2]b[0x3]Q([\r]Hl[0xd0]c&[0x14]_YF[0x8b][0x9]J[0xd0]$[0x1a]rj[0xc4]3[0x89]h[0x88]4I[0x9][0xdb][0x82][0x9][0xda]w[0x8b][0xe3]t[0x4]G[0xd0][0xdd]"y[0xe0][0x8a][0x9][0xbe][0xcc][0xbb][0xb0]4S![0xaf]4[0xb7][0xb0][0x94][0xcc][0xae] =[0xa6]1[0xf1][0x86][0x0]F[0xc1][0x7]=O[0x0][0xc7]a[0x99][0x9e][0xb9][0x5][0xa9])[0x99]%[\n]"
12:44:25.123 [main] DEBUG org.apache.http.wire -  << "E[0xa9][0xa0][0xda][0x4]v[0x1][0xc][0xb8][0xe2][0x6][0xd5][0xda][0x99][0xe0][0xdc][0x0][0xef]"[0x83]k[0x1d][0xf2][0xea]k[0xa4][=[0x6]&k [\n]"
12:44:25.123 [main] DEBUG org.apache.http.wire -  << "J[0xc4][0xc6]~h[0xe1][0x8c][0xfd][0xd4]-[0xa4][0xab]h[0x8a]R[0xb]JS2[0x13][0xf3]R[0x12]S)j[0xb4] [0x9d]d@[0xb3]@[0xc0][0x9b]:[0x10][0xad]9[0x9a][0xd9][0x8f]o0[0x13]4[0xf2][0xf]m[0xac][0xe][0x84][0xfd][0xe0][0xd6][0xe5][0x80][0xda]O[0x83][0xf5]u[0xc8]e#f[0xd8][0x3][0x0][0x0][0x0][0xff][0xff]"
12:44:25.123 [main] DEBUG org.apache.http.wire -  << "[\r][\n]"
12:44:25.123 [main] DEBUG org.apache.http.wire -  << "BE3[\r][\n]"
12:44:25.123 [main] DEBUG org.apache.http.wire -  << "[0x82][0xdd][0xc5]dl[0x84]t[0x1c][0x3][0xa1][0xb0]'[0xa7][0x1f]h[0x4]:cz [0xc3][0x16]t[0xf8]>[0xd4]~[0x9a][0xae][0xc2]1[0xa2][0xd5]t>q[0x1d]N#[0xd0][0xd1][0xda]P[0x12][0x8a]GZ[0xf4][0xb7][0x8d][0x90][0xa6][0xd3]if?[0x9e]2[0xcc][0x8]i[0x92][0x9d]f[0xf6][0xe3][0xcb]G[0xa0]K%[0x6]4[0xfc][0x11][0xfd][0x8c][0x81][0xf1]?[0xa2]"[0xa5]B[0xcf][0x18]oH#j+[0x1a][0xdb]D[0xb7])m#[0xa4][2[0xa8][0xe0]'<mq#[0xa4]S[0xe]h[[0x1e][0x1a]![0x9a][0x9c]T[0xf0][0x12][0xbe][0x4][0x81]tA[0x6][0xad]mB$[0xf2][0xcc][0xbc][0x94][0xfc][0xdc]L[0xcc][0xbb]{[0x12][0xb3]K[0x15][0x8a]K[0xb3][0x13][0x15][0x10][\n]"
12:44:25.123 [main] DEBUG org.apache.http.wire -  << "[0xa0]c FD[0x9f][0x9c]`[0x84]4s[0x8e]0[0x6]u[0xa8][0x85]:[0xf6] e[0xa5][0xc4][0xdc][0xe2][0xd2][0xbc]t[0x85]`#c[0x85][0xd0][0x9c][0x92][0xa2]D[0x8c]Y$[0xa4][0xea][0xdf][0xcc][0x80][0xb8][0xf3][0x95][0x8d][0x8d][0x90][0xe6][0xc1]i[0x1c]7H[0xf3][0xd4][0xc1][0x4][0xfd][0xe2][0x9e][0x98][0x93]XQ[0x89][0xf0][0x11][0xb1][0xad]%[0xa4][0xc9]hZ{[0x87]^[0xb]B[0x8c][0x90][0xcf]m [0x18]p[0x88] 3$>[0x11] [0x1d][0xd7]@[0xeb]PCdPZ[0xdb][0x84][0x18][0xe1][0xa2][0xb5]M[0x88]L[0x1a][0x80][0xe3]<[0xf][0xd0]9;)[0xa9][0xc5][0xd9]E[0x99][0x5][0xc5][0x99][0xe4][0xe][0xbe][0x1a]!-u[0xa0]m[0xd5][0x80][0xb4][0xa6][0x81][0xc6][0x16]!:V4[0xb6][0x8][0xb1]P[0x8c][0xc6][0x16]![0x8a][0x5][0xd4][0x93]\A[0x97][0x8e][0xe1][0x98]y[0x9]K-[0x2]_[0xeb][0xb]9[0xc4][0x0]it[0x13]q[0x8b][0xae]BJfz^fqqfn~19C[0x9c]Ft[<b[0x84]th[0x2][0x8d]3[0x1e][0xd2][0xbd][0x14][0xb4][0xb6][0x89]n[0x85][0x9][0xd2][0xc9][0x7][0xb0]Z[0x12]R[0x17]*8[0x1a][0x93]vZ[0xf][0xd1]gn[0x80]o[0x11][0x82]v[0x8d]h0[0xa9]c[0x84][0xb4][0xdc]g@z>H[0xcb]|[0x6][0xc6]~D[0xd9]30[0xf6]#[0x8a][0xa4][0x81][0xb1][0x1f][0xad][0xa3]A[0xbb]s[0xa7][0x8c][0x90][0xd6][0x3]![0x97][0xbe][0xe0][0x13]d[0xb0][0x1e][0x85][0x9][0x9a]f@4[0x99][0x8c][0xcc]A-!b[0xce]N3BZ[0x19][0x84]|[0x1f][0x4][0xd8]&[0xa2][0xe][0xd1][0x86][0x1c]<I[0x9c]][0x88][0xd2][0x7]v&[0xe]d"[0x1f][0xfb][0xa1]8[0xd0][0x99][0x3][0x84][0xb7]L[\r][0x89]<[0xf2][0xdf][0xd8][0x8]t[0x12]([0xb4]([0x80][0xcd][0xc4][0xc0]N[0xaf][0xc5]q[0xc2]:t[0xce][0xe]a[0x9b][0x85][0x9][0xe8]0^[0xe2]<[0x86][0x98]wC[0xdc]"[0x7]9[0xba][0x16]GU[0x9]]%[0x88][0xb0][0xcd][0xc4][0x14]4[0x80]H[0x94]mHG[0x1d]@f[0xec][0xc1][0x91][0x85]5Y@[0xe6][0xf2][0x11][0xb6][0x18][0x81][0xd7],[0x12]g[0xb][0xa2]I[0x83]|[0xb8]8[0xc4]D\[0xab][0x1b]Q[0x93][0xa1][0xa9]%h:[0x8a]8[0xdb][0x10]e[0xb][0xfc]z[0x1c]h[0x18]a[0xbd][0xb6][0x6][0x12][0xb8][0x8][0x8f][0x19][0x83][0xab]k[0xe2][0xac]B[0x14]#[0xc8]y[0xb][0xea]1[0xec]I[0x11]rj0[0x92]u[0x16][0xa0][0xc2][0x98]8[0xeb][0x10][0xe3]ep[0x9f][0xe1][0xb5][0xb]rd0[0xc2].3[0xa2][0xcf][0xea]5"a[0xad][0x15]M[0xc6]f[0x7]x-[0x96][0x91][0x19]"[0x1f][0x82][0x1b]R4,[0xa1]A%[0x11][0xb4][0x80][0x19][0x90][0xca]h[0x80][0x8f]J0[0xa2][0xc5]Q[0x9][0xe8]S[0xed][0xf8][0xc6][0xe2]H8.[0x81]&I}[0x80][0x8f]S0[0x1a][0xe0]uF[0xe8][0xb][0xd4]h[0x98][0xd5][0x90]W[0xa8][0xd1][0xf4][0xf0]g#[0xa4]Ua[0xb4].?,[0xd0][0x1a][0x93]4[0xdb][0xc5]fdA[0xb7][0xa1]*[0xa4][0xfb]H[0xc0][0xc1]GC?[0xa1][0x15][0xf4][0xb4][0xb3][0x9]iI[0x11]b[0xdd][0x6][0xb4][0xad][0x88][0xab][0x15][0xe4]X[0x94][0x9c][0x91]Y[0x92][0x9a]\[0x92][0xaf][0x0][[0xd1]R[0xc]Z[0xdf][0x97][0xf]^[0x99][0x9a]ZL[0xd6]R;#[0xa4][0xc5]E[0xe0][0xd0][0xa5]a[0x8e][0x3]5[0xdb][0xa0][0x95][0x1b][0xc2][0xd3][0xd0]ke[0xb0][0xaf][0xb][0xf5][0xcb][0xcc][0xc8][0xcc]QHM[0x4]-[0xe]%k\[0xc7][0x92]n[0xf9][0xc1][0x92]n[0xf9][0x1]i[0xb9][0x9]M[0x7][0xeb][0x8c][0x91]NO[0x80][\r][0xb6]8faN[0xac][0xe0];[0x13][0x99][0xe8]Q[0x16]c[0xa4][0x85][0x1c][0xe0]tH[0xb3][0xbc]g[0x8c]|[0xf5][0x4]M[0xb]~c[0xa4]E[\r]4[0xf6][0x13][0xd2][0xf4]=[0xad]mB[0xc][0xe7][0xd3][0xd8]&[0xea]N*[0xe3]i[0xf5][0x19][0x83]n=[0x82][0x16]L[0xc8][0x9d]Rx[0xd7][0x1e][0xdb][0x15]9~[0xa9][0x85][0xa5][0xa9][\n]"
12:44:25.123 [main] DEBUG org.apache.http.wire -  << "e[0x90]e[0xb7][0xc5][0xa0][0x2]J!3[0x5]Z0#[0xef][0xb7][0x3][0x8d][0x84][0x10][0xd3][0xa3]3F[0x9a]4[0xa5]q[0xc0][0xd2]m[0xf3][0xad]1[0xe8][0xd6] h[0xc0][0xd2][0xda]O[0xf4]*[0xe8][0xc1]7[0xa7][0xd0][0xc7]OH[0xf3]L4[0xe]=[0xa4][0xe9][0x8f][0xc1]sn[0x9f]1[0xd2][0x4][0xc6]`r[0x15]b[0xb8]q0[0xb9][\n]"
12:44:25.123 [main] DEBUG org.apache.http.wire -  << "Q,[0xf]&WY[0xea](A[0xf3][0xca]`[0xb9][0xdf][0xd0][0xd8][0x18]4[0xc6]6[0xf8][0x1c][0x85][0x18]>[0x1c]D![0x85][0x18]d[0xa4]q[0x1][0x84]4[0xb0]Nc[0x9b][0x90]N[0xd4][0xa5][0xb5]Mt[0xab][0x92][0x90][0x6]h=[0x2][0x14]r3K[0xf2]1V?[0x81][0x1b][0xe9]%[0xa9]EI[0x89][0xc8][0x17][0xe2][0x98][0x82]t[0x12][0xd5]:[0x19][0xe0]1Xc[0xa4]1X[0xaa][\r][0x8c][0x12][0xb9]j[0xca][0x98][0x84]AY[0xc4][0xf8]:h[0xd4][0x91][0xb8][0xb5][0xcf][0xc6][0x3]<[0xe8]jL[0xab]AWb[0xbd][0x8f][0xc8]'T[0x8b]ZP[0xe8][0x13][0x1d][0xbd][0x88][0x9e];[0xcd][0xec][0xc7][0xb3][0xf4][0x1b]|g;[0xb4]>[0xa2][0x99][0xfd][0xf8]z?H[0x9b][0xa1][0x7][0xc6]~D#a@[0xec]G[0x1a]s[0x1e][0x18][0xfb][0x11]S[0xa2][0x3]c?b[0x92]t`[0xec]G4}[0x6][0xc6]~D[0xf9]C[0xab][0xda][0x13]i[0x8]{[0xf0][0xb4][0xee],[0x10][0xf9][0x8e][\n]"
12:44:25.124 [main] DEBUG org.apache.http.wire -  << "-!c[0x1d]%g[0xe8][0xf6][0xf9][0xd4]b%+[0xe4]MZ[0xc6]H[0x1b]x[0x7][0x8f][0xf7][0x91][0x6][0xbe][0xa1][0xeb]R[0x15]\s[0x12][0xb1]\[0x98][0xe][0xba][0xf8][0x11][0xbc]?[0x12],[0x7]][\r][0xf][0x1a][0x84][0x85]7[0x9c][0xf0][0xfa][0x1d][0x91][0xba]i[0xb0]z[0xcc][0x18]i[0x80][0xdb][0xad][0xb4](/[0xb3][0xa4][0xb4](U!$[0x1f][0xf3]V[[0x84]lJbQ[0xa6][0x82]WjA"x[0x91]<[0xd4]?[0x86][0xa0];[0xe0][0x1e][0xc2]W][0xd0]m[0xa0][0xdb][0x4][0xe9][0xf4]`*$P<~2A[0x1a][0xe9]F[0x84][0x13]-C[0xd1][0x4]i_![0xad][0xfd][0x86]([0xde][0x10][0xab][0x88] +Op[0xac]"r[0xcc][0xc9]L,VH+MOT(E[0x9e]T[0x2][0x1f][0xe7]LL[0x1a]11@[0x8c][0x91]x[0x16]d[0xe4][0xe7][0xa5]*[0x18][0x1a]*[0x98][0x99]([0xa4]'a[0xef][0x98]d$[0x82][0xe]OQ@[0xbf]/[0x96][0xe8][0xd9][0x3][0x13][0xd0][0x86][0xe]h[0x1b][\n]"
12:44:25.124 [main] DEBUG org.apache.http.wire -  << "f[0xa1][0x11]M-D[0x1a][0xda][0x87]YH[[0x1f]"[0x9d]7L'[0xb][0x11][0x5][0x17][0x8d]S[0xa8]![0xc6]0[0x83]9[0x8d][0x92][0x89]!"][0x6]$[0xe6]$[0xfa][0xe4][0xfb][0xe0][0x99][0xce][0xc2][0x92][0x1a]A[0xe3][0xd9][0xf0][0xc][0x80]g[0x9b][0x9a][0x9]moa6[0x1]-[0xea][0x83]&w[0x1a]T*&H[0x1b][0x7][0x9d][0x8a][0x12][0x93]SsR1[0xef]`[0xf5]MLIU[0xc8]OS[0xc8][0xc8]L[0xcf]P(,M[0xcc][0xc9],[0xa9]T(HM,[0xca])Ft[0x82][0x8d]@&[0xc1][0x3][0xc]_[0x9][0x8c]t(.M|[0x84]h[0xe3][0xd2][0xc4]xD^[0xa1][[0x80]![0x8a]u[0xba]Y[0x89][0xc8][0xa7][0xd4][0xb4][0x12]_>B[0x9a][0x99][0xa3][0xa6][0x95]xS"[0xa2][0x8c][0xa0]q[0xb9][0x87][0xb4][0xb9][0x90]F[0x1d][0xf][0x13][0xa4][0xa9]>Z[0x86]_[0xb5][0x92][0xa7][0x8b][0x92][0x95][0xa1][0x91][0x5]RQ[0xee][0x98][0x9c][0x9c]Z\[0x9c]_[0x94][0x99][\n]"
12:44:25.124 [main] DEBUG org.apache.http.wire -  << "*[0x10]Pw[0x96][0xe4]+[0xa4][0xe6]e$[0xe6]%[0xa7]*$[0x16][0x80][\n]"
12:44:25.124 [main] DEBUG org.apache.http.wire -  << "[\r][0x10]S[0xa9][0x16][0xe9]`[0x7][0x13][0xa4][0xfd][0x90][0xc5][0xa9][0x5][0xa9])[0x98][0x5]ubf%H[0x10][0xda][0x80][0x5][0xef][0xa3] [0xaa][0xa8]A[0xda][0x4]I[0xcb]0A[0xf1][0xc][0xa2]|[0xa0][0xb6]g[0xe8]_[0xc][0x80]6[0x1]@+[0x9f]`p[0xcc]([0xf8]d[0x16][0x97][0x14][0x81][0xc7][0x95]Q[0xa3][0x19]*[0x9d][0x3][0x91]V[0xc8]KOM*[0x5][0xd5]$[0xa4]G[0x19]b[0x88][0xe]j&[0xd4]J[0x5][0xa7][0xc4][0x9c]D[0xcc][0xce][0xe]T[0x11][0xaa][0xc5][\n]"
12:44:25.124 [main] DEBUG org.apache.http.wire -  << "I[0x89]y[0xe9][0xe0][0x9a][0xc]j[0xbf])h[0xeb][\r]qI[0x6]Q&[0xd0]-[0xc9] &[0xf4][0xe8]f%b@[0x80]^V"MqCO[0xb4][0x83][0xf6]L[0xb0]-[0xb9][0x8]-QH-*[0xca]/R(JM.-[0x86][0x9c][T[0x90][0xf][0xda][0xf5]WZ[0xac][0x90][0x9b][0x9f][0x3][0xba]5>1[0x15]tH[0xa0]B&[0xe4][0x0]([0xa4]5c[0xc4]w^[0x90].[0xb3]Ft[0x98]|2[0xf3]R[0xf3][0x14][0x9c][0xf2]KJr07[0xcd][0x83][0x8e]/,H-*.[0xc8]L[0xce]L,[0xc9],[0x86].[0x3]QH[0xc9]L.IT([0xc8]/*[0xca]W[0xc8],(.[0xcd]UHE>[0x85][0x8f][0x4]'![0x9a]/t[0x8b][0x19]D[0x91][0x5][0xd9][0xe][0x2][0x9][0x1][0xf7][0x9c][0xfc]2,[0x5][0xba]ZZfrff[0xb1][0x2][0xf2][0xb9][0x98][0x89]y[0x99][0xb9][0x99][0xf0][0x88])[0x86]-[0x96])IUHI[0xcd]I[0xcd][0xcb],[0xc9]$/~[0xe8]_[0xe4]!m[0xda]t[0xcf]/JO[0xcd]/-V[0x80][0xed][0xb6]H,[0xc2][0xe8][0xac][0xf8][0x83][0xce][0x1e][0x3][0xaf][0xd1],[0xcd][0x5][0xdd][0xaf][\r]M[0x2][0xe0]s[0xc6]2[0xf3][0x8b]![0xe7]1*$[0xe6]d[0x16][0x96]f[0xa6]([0x14]g[0x92][0xd7][0xc9]FZ[0x1e][0x81]H[0xa7][0xb0][0xdd]-[0xce][0xf9][0x89][0xa0][0x92][0x16][0xb5]<v-[0x1][0xf5][0xea]3[0x13]K[0x14] kFs3[0xf3]2s[0x13]a'[0xc3])[0x14][0x97][0x16]'g[0x16][0x90][0xeb][0x1a]D[0x11][0x89][0xbc][0xe3]+<??G!8#[0xb3][0x8][0xab]k@g~B[0x97]P[0x95]d&[0x95][0x16]+[0x14][0xe4]$&[0xa7]&[0x96]([0xa4][0x92][0x19]$[0x88]B[0x93][0xc6]m7P[0xd5][0x1][0xad][0x4][0x15]0[0xe2][0x1f]<[0xd9]J[0xf1][0x98][0x6][0xd2][0xa9][0xe8]dy[0x86][0xc8][0xf9]/[0x13][0xa4][0x13][0xd2][0xc9][0xb2][0x87][0xf8]Q[0x1a][0xa4][0xb3][0xd0][0xe9]U[0x8c]!my[0xa4][0x9b][0x95][0x88][0xc6][\n]"
12:44:25.124 [main] DEBUG org.apache.http.wire -  << "[0xdd][0xac]Dd>[0xba]YI[0xbf][0xac][0x86]h[0x96][0xd0]8}"o[0x81][0x84][0xac][0xc][0xc6][0xbc][0xc0][0x16]_[0xde]6A[0x99][0x15]@[0xef]d[0xc2]:I[0xa6]H[\r][0xc][0xf7][0xc4][0xdc]L[0xf0][0xb4][0x2]jA[0xed][0x96]_[0xa4][0x0]Y[0xdb][0xad]PPZT[0x90]_[0x9c]Z[0x8c][0xda];[0xa2][0xdb]*[0x16][0x13][0xa4][[0xa0]i[0x1d][0xfa]H-[0xe]H[0xe8][0x9b][0xd2][0xa8]d5C[0xb4] h[0xed]'[0xc4][0x90][0x9][0xad]mB[0x94]:P[0x9b][0x6]m[0xda]E[0x14]V8][0x8a][0x18]B[0xc4]W[0x8b]Q5Ga[0x94]g[0x83]6[0xfc]0[0xca]CL[0x97][0xd2]?[0xfc][0x90][0x16]IAc[0x95]V[0xb9][0x17]i[0xb9][0x94]_bq[0xa6][0x82]Kbi[0x9e][0x82]WjQ)[0xe6][0x81][0xee]`[0xf9][0xf2][0xd4][0xbc][0xc4][0xec]l[0x85][0x92][0xd4][0xbc][0xc4]<[0x85][0xdc][0xd2][0xa2][0xdc]TP[0x8b][0x1d]:[0x6]`h[0x89][0xff]X3X[0x12][0xb3]@:[0xe4]69?[0xaf]$?C7[0x19]1[0xdd][0xad][0xa3][0x84]V~'[0x16]gd[0xe6][0xe7]%&[0xe5][0xa4][0xa2][0x96][0xdb]HK[0xad][0xc0]nC[0xb8]]![0xb1]21W!=[0xbf]([0x15]K}[0x0]VK% [0xd2]9a`[0xaa]@[0x19][0xa3]C[0xda]-K[0xeb]8[0xa7][9[0x8a]t[0xf3][0x4][0xad][0xfd][0x84][0x91][0x8f]i[0x95]c[0xe8][0xb6][0xd5][0xd5][0x4]i[0xab]+[0xc1]e[0xe8][0xf4]*[0xd9][0x91][0xf6][0xc4][0xe2]p[0x13][0xa2][0xb9][0x85](7[0xe9][0xd7][0x96]C:[0xec]p[0xba][0x8f]n[0xe9][0x14]iW,[0x8e][0x90][0x18][0x88][0xf8]AZ(4[0x98]\E[0xb7][0xd6]2[0xd2][0x12]#[0xec][0xab][0xb7][0x6]6[0xfb] [0xad]G[0xc2][0xee][0xbc][0x1]I3[0x88]Z[0x16][0xbb][0xa3][0x6]4[0xcc]L[0x91]VVaw[0xde][0x0][0x84][0x99])[0xd2]",[0xda][0xd6][0xbc][0xa6]H[0x8b][0xaf][0xb0]{[0x80]c[0x7][0xd1][0xd8][0xc1][0xee][0xbc][0x1][0x89][0x1d][0x8c][0xfe]%[0x8d]Z+[0xe0]s[0x89][0xa0]C[0xab][0xd8][0xbd]?[0xb0][0xb1][0x83][0xb4][0xf2][0xb][0xbb][0xf3][0x6]"v[0x90]V[0x87]aw[0xd4][0x0][0x87][0x19][0xa2][0xb2][0xc2][0xee][0xbc][0x1][0x9]3z[0x8d][0x2][0x99]"[0xad][0x8a][0xa0]q[0xc9]fH[0xb7]\[0x8a][0xb4][0x94][0x8e][0xd6]~B[0xd4][0xa5]4[0xb6][0x9][0xb4]Z[\r]Z[0xf2][0xd0][0xda]&[0xc4][0x84].[0xad]m[0xa2][*[0xa7][0xdb]9[0xf6][0xa6]H[0xab][0xc2]h[0x1d]z[0x18]c[0x95][0xb4][0xaa][0xf5][0x90]n{[0xa7][0xb5][0x9f][0xe8][0xd5][0x9f]3EZ}Fc?![0xad][0x16][0xa3][0xb5]M[0x88][0x9c][0x8b][0xbd]*[0x1b][0xd8][0x9a][0xd6][0x18][0x91][0xdd][0xb1];o jZ[0xe4][0x15]c4[0x9d][0xd9]15[0xa6][[0xfd]g[0x8c]([0x19]<[0x2][0x14][0x9c][0xf3][0x8b]R[0x15]2[0x15]0[0xb][0x87][0x9c][0xd4][0x82][0x92][0xfc][0x2][0x5][0x8c][0x9d][0xd7][0x96] @[0xdc][0x6]YSc[0xba]U[0x80]H[0xcb][0xb1][0xe8][0xb6][0x15][0xf]6[0xc2]n[0x8a]t[0x3][0x15]|[0x13][0xe][0xc6][0x4]`[0x1a][0xb6][0x99]Q[0xd8]u`F[0xa6][0x6][0x88][0xae][0x13][0x89]f -[0xd7]D[0x9e][0xa0][0xa5]Z0[0x10]5[0xda]9[0x88][0x82][0x0]Q[0xcc][0x11][\n]"
12:44:25.124 [main] DEBUG org.apache.http.wire -  << "[0x2]D[0x89][0x2][0xda]u[0x8d]'M[0xf][0xc6][0x98]FtL[0x8]y[0x93][0x16][0xe7]}[0x9a]"[0x1d][0xbc]CU[0xfb]i[0x1b][0xb](y[0x5]Q[0xe2]R[0xd5][0x7]C-[0xbf] [0xca]h[0x9a][0x5][0x3][0xfa]![0x2][0x83]1?![0xda][0x96]4[0xb][0x6][0x9c][0xeb]j[0x6]O[0xe9][0x89][0xb4]:pD[0x7][0xc3][0x0][0x9c]l0[0x8]3[0x5][0xd2]B[0xce][0x11][0x9d][0x1a][0x6][0xa0][0xae][0x1d][0x8c][0xa9][0x1][0xd1]C[0x1b][0xd1][0xa9][0x1][0xd1]R[0x1f][0xd1][0xc1][0x80]h>[0xc1][0x6].LM1[0xbb][0x91][0xf8]V[0x9d][0x12][0xbd][0xfe][0xda][0xd4][0x14][0xd1]g[0xa5][0xee]64S[0xa4][0xf3][0xdb]<[0xf3]JRsr2[0xd3]S[0xf3]J[0x14][0x82]KRSA[0xcb][0xff][0xf3][0xb1]l[0x19][0xf1]L[0x1]m[0x1b].[0xce]T[0x0][0xdd]U_[0xac][0x0][0xbe][0x9c][0xbd][0xb0]4[0xb1][0x98][0xac]M![0xa6][0xa6][0x88][0x86][0x7],[0x1c]1[0xfa][0x8e][0xd4][0x9]D[0xcc]E[0xc2][0xd4][0x8d][0xae][0xd8]Z.[0x0][0x0][0x0][0x0][0xff][0xff]"
12:44:25.124 [main] DEBUG org.apache.http.wire -  << "[\r][\n]"
12:44:25.124 [main] DEBUG org.apache.http.wire -  << "A[\r][\n]"
12:44:25.124 [main] DEBUG org.apache.http.wire -  << "[0x3][0x0][0xf2]B[0xf6][0x1e][0x15][0xe5][0x0][0x0]"
12:44:25.124 [main] DEBUG org.apache.http.wire -  << "[\r][\n]"
12:44:25.124 [main] DEBUG org.apache.http.wire -  << "0[\r][\n]"
12:44:25.124 [main] DEBUG org.apache.http.wire -  << "[\r][\n]"
12:44:25.125 [main] DEBUG io.restassured.internal.RestAssuredHttpBuilder - Parsed data to instance of: class org.apache.http.conn.EofSensorInputStream
12:44:25.128 [main] DEBUG org.apache.http.impl.conn.BasicClientConnectionManager - Releasing connection org.apache.http.impl.conn.ManagedClientConnectionImpl@c7eb2a9
12:44:25.128 [main] DEBUG org.apache.http.impl.conn.BasicClientConnectionManager - Connection can be kept alive indefinitely
12:44:25.166 [main] DEBUG net.thucydides.core.steps.StepInterceptor - STEP DONE: I receive valid login and product HTTP response code 200
  &amp#27;[32mThen &amp#27;[0m&amp#27;[32mI receive valid login and product HTTP response code 200&amp#27;[0m &amp#27;[90m# starter.stepdefinitions.UserSteps.iReceive1ValidLoginAndProductHTTPResponseCode()&amp#27;[0m
12:44:25.175 [main] DEBUG net.thucydides.core.steps.StepInterceptor - STARTING STEP: UserSteps.iReceiveValidDataForNewOrder - I receive valid data for new order
12:44:25.175 [main] DEBUG net.thucydides.core.steps.StepInterceptor - STEP DONE: I receive valid data for new order
  &amp#27;[32mAnd &amp#27;[0m&amp#27;[32mI receive valid data for new order&amp#27;[0m                        &amp#27;[90m# starter.stepdefinitions.UserSteps.iReceiveValidDataForNewOrder()&amp#27;[0m
12:44:25.180 [main] INFO  - 
  _____   ___   ___   _____     ___     _     ___   ___   ___   ___  
 |_   _| | __| / __| |_   _|   | _ \   /_\   / __| / __| | __| |   \ 
   | |   | _|  \__ \   | |     |  _/  / _ \  \__ \ \__ \ | _|  | |) |
   |_|   |___| |___/   |_|     |_|   /_/ \_\ |___/ |___/ |___| |___/ 

POST - As admin I have be able to create new order
----------------------------------------------------------------------
]]></system-out>
  </testcase>
  <testcase name="POST - As admin I cannot create new order" classname="User" time="0.636">
    <system-out><![CDATA[
@TC-0034
Scenario: POST - As admin I cannot create new order             &amp#27;[90m# src/test/resources/api/user.feature:273&amp#27;[0m
12:44:25.200 [main] INFO io.cucumber.core.plugin.SerenityReporter - Running feature from file:///C:/Users/Lenovo/IdeaProjects/MiniProject/MiniprojectApi/src/test/resources/api/user.feature
12:44:25.200 [main] WARN io.cucumber.core.plugin.SerenityReporter - Feature from file:///C:/Users/Lenovo/IdeaProjects/MiniProject/MiniprojectApi/src/test/resources/api/user.feature is not under the 'features' directory. Requirements report will not be correctly generated!
12:44:25.206 [main] INFO  - 
  _____   ___   ___   _____     ___   _____     _     ___   _____   ___   ___  
 |_   _| | __| / __| |_   _|   / __| |_   _|   /_\   | _ \ |_   _| | __| |   \ 
   | |   | _|  \__ \   | |     \__ \   | |    / _ \  |   /   | |   | _|  | |) |
   |_|   |___| |___/   |_|     |___/   |_|   /_/ \_\ |_|_\   |_|   |___| |___/ 

POST - As admin I cannot create new order(user;post---as-admin-i-cannot-create-new-order)
--------------------------------------------------------------------------------
12:44:25.336 [main] DEBUG net.thucydides.core.steps.StepInterceptor - STARTING STEP: UserSteps.iSetPOSTApiEndpointsLogin - I set POST api endpoints login
12:44:25.336 [main] DEBUG net.thucydides.core.steps.StepInterceptor - STEP DONE: I set POST api endpoints login
  &amp#27;[32mGiven &amp#27;[0m&amp#27;[32mI set POST api endpoints login&amp#27;[0m                          &amp#27;[90m# starter.stepdefinitions.UserSteps.iSetPOSTApiEndpointsLogin()&amp#27;[0m
12:44:25.339 [main] DEBUG net.thucydides.core.steps.StepInterceptor - STARTING STEP: UserSteps.iSendPOSTHTTPRequestLogin - I send POST HTTP request login
12:44:25.340 [main] DEBUG net.thucydides.core.steps.StepInterceptor - STARTING STEP: PostLogin.iSendPOSTHTTPRequestLogin - I set POST api endpoints login
12:44:25.340 [main] DEBUG net.thucydides.core.steps.StepInterceptor - STEP DONE: I set POST api endpoints login
12:44:25.345 [main] DEBUG org.apache.http.impl.conn.BasicClientConnectionManager - Get connection for route {s}->https://altashop-api.fly.dev:443
12:44:25.345 [main] DEBUG org.apache.http.impl.conn.DefaultClientConnectionOperator - Connecting to altashop-api.fly.dev:443
12:44:25.440 [main] DEBUG org.apache.http.client.protocol.RequestAddCookies - CookieSpec selected: ignoreCookies
12:44:25.440 [main] DEBUG org.apache.http.client.protocol.RequestAuthCache - Auth cache not set in the context
12:44:25.440 [main] DEBUG org.apache.http.client.protocol.RequestTargetAuthentication - Target auth state: UNCHALLENGED
12:44:25.440 [main] DEBUG org.apache.http.client.protocol.RequestProxyAuthentication - Proxy auth state: UNCHALLENGED
12:44:25.440 [main] DEBUG org.apache.http.impl.client.DefaultHttpClient - Attempt 1 to execute request
12:44:25.440 [main] DEBUG org.apache.http.impl.conn.DefaultClientConnection - Sending request: POST /api/auth/login HTTP/1.1
12:44:25.440 [main] DEBUG org.apache.http.wire -  >> "POST /api/auth/login HTTP/1.1[\r][\n]"
12:44:25.440 [main] DEBUG org.apache.http.wire -  >> "Accept: */*[\r][\n]"
12:44:25.440 [main] DEBUG org.apache.http.wire -  >> "Content-Type: application/json[\r][\n]"
12:44:25.440 [main] DEBUG org.apache.http.wire -  >> "Content-Length: 48[\r][\n]"
12:44:25.440 [main] DEBUG org.apache.http.wire -  >> "Host: altashop-api.fly.dev[\r][\n]"
12:44:25.440 [main] DEBUG org.apache.http.wire -  >> "Connection: Keep-Alive[\r][\n]"
12:44:25.440 [main] DEBUG org.apache.http.wire -  >> "User-Agent: Apache-HttpClient/4.5.13 (Java/14.0.2)[\r][\n]"
12:44:25.440 [main] DEBUG org.apache.http.wire -  >> "Accept-Encoding: gzip,deflate[\r][\n]"
12:44:25.440 [main] DEBUG org.apache.http.wire -  >> "[\r][\n]"
12:44:25.440 [main] DEBUG org.apache.http.headers - >> POST /api/auth/login HTTP/1.1
12:44:25.440 [main] DEBUG org.apache.http.headers - >> Accept: */*
12:44:25.440 [main] DEBUG org.apache.http.headers - >> Content-Type: application/json
12:44:25.440 [main] DEBUG org.apache.http.headers - >> Content-Length: 48
12:44:25.440 [main] DEBUG org.apache.http.headers - >> Host: altashop-api.fly.dev
12:44:25.440 [main] DEBUG org.apache.http.headers - >> Connection: Keep-Alive
12:44:25.440 [main] DEBUG org.apache.http.headers - >> User-Agent: Apache-HttpClient/4.5.13 (Java/14.0.2)
12:44:25.440 [main] DEBUG org.apache.http.headers - >> Accept-Encoding: gzip,deflate
12:44:25.440 [main] DEBUG org.apache.http.wire -  >> "{"password":"123123","email":"someone@mail.com"}"
12:44:25.476 [main] DEBUG org.apache.http.wire -  << "HTTP/1.1 200 OK[\r][\n]"
12:44:25.476 [main] DEBUG org.apache.http.wire -  << "content-type: application/json[\r][\n]"
12:44:25.476 [main] DEBUG org.apache.http.wire -  << "date: Sat, 06 May 2023 05:53:11 GMT[\r][\n]"
12:44:25.476 [main] DEBUG org.apache.http.wire -  << "content-encoding: gzip[\r][\n]"
12:44:25.476 [main] DEBUG org.apache.http.wire -  << "transfer-encoding: chunked[\r][\n]"
12:44:25.476 [main] DEBUG org.apache.http.wire -  << "server: Fly/3f2597ca (2023-05-03)[\r][\n]"
12:44:25.476 [main] DEBUG org.apache.http.wire -  << "via: 1.1 fly.io[\r][\n]"
12:44:25.477 [main] DEBUG org.apache.http.wire -  << "fly-request-id: 01GZQSY40AZC4NH80S4FQM26BW-sin[\r][\n]"
12:44:25.477 [main] DEBUG org.apache.http.wire -  << "[\r][\n]"
12:44:25.477 [main] DEBUG org.apache.http.impl.conn.DefaultClientConnection - Receiving response: HTTP/1.1 200 OK
12:44:25.477 [main] DEBUG org.apache.http.headers - << HTTP/1.1 200 OK
12:44:25.477 [main] DEBUG org.apache.http.headers - << content-type: application/json
12:44:25.477 [main] DEBUG org.apache.http.headers - << date: Sat, 06 May 2023 05:53:11 GMT
12:44:25.477 [main] DEBUG org.apache.http.headers - << content-encoding: gzip
12:44:25.477 [main] DEBUG org.apache.http.headers - << transfer-encoding: chunked
12:44:25.477 [main] DEBUG org.apache.http.headers - << server: Fly/3f2597ca (2023-05-03)
12:44:25.477 [main] DEBUG org.apache.http.headers - << via: 1.1 fly.io
12:44:25.477 [main] DEBUG org.apache.http.headers - << fly-request-id: 01GZQSY40AZC4NH80S4FQM26BW-sin
12:44:25.477 [main] DEBUG org.apache.http.impl.client.DefaultHttpClient - Connection can be kept alive indefinitely
12:44:25.477 [main] DEBUG io.restassured.internal.RestAssuredHttpBuilder - Parsing response as: application/json
12:44:25.477 [main] DEBUG org.apache.http.wire -  << "AC[\r][\n]"
12:44:25.477 [main] DEBUG org.apache.http.wire -  << "[0x1f][0x8b][0x8][0x0][0x0][0x0][0x0][0x0][0x4][0xff][0xab]VJI,IT[0xb2]RJ[0xad][0xf4][0xca]HrO[0xce][0xf4][0xcf][0xf4][0xf2][0xc][0xad][0xf2]4[0xf4][0xcb][0xf4],[0xf6][0xcc][0xb]2Mv[0xf6]4[0xf3][0xcc].[0x88][0x8]s[0xf6][0xb2][0xd4]K[0xad][0xf4]rO[0x9][0xaf](N[0xca]u+[0x89][\n]"
12:44:25.477 [main] DEBUG org.apache.http.wire -  << "[0x6]K[0x94]%[0xba][0x9b][0xa4][0x7][0xb9][[0xe6]xf[0x96]g[0x6][0x85][0x1b]f$[0x86][0x97][0x83][0xc][0xa9]J22[0xcc]I22[0xcd][0x9]t[0x7][0x8b][0x95]F[0x1a]Y[0x96]x[0xe6][0x19][0xe8][0x85][0x97]9[0x5]W$[0x7][0xba][0x16][0x16][0xe6]e:[0x1b][0x96][0x19]X[0xf8]Te[0x17]y$[0xbb][0xfa][0xa4][0xa6][0x17][0x1b]$[0x99][0x97][0x95]d[0xb9][0x7][0x84]g&[0xba][0x86]'{*[0xd5]r[0x1][0x0]?[0x99][0xcf]j[0xa0][0x0][0x0][0x0]"
12:44:25.477 [main] DEBUG org.apache.http.wire -  << "[\r][\n]"
12:44:25.477 [main] DEBUG org.apache.http.wire -  << "0[\r][\n]"
12:44:25.477 [main] DEBUG org.apache.http.wire -  << "[\r][\n]"
12:44:25.478 [main] DEBUG io.restassured.internal.RestAssuredHttpBuilder - Parsed data to instance of: class org.apache.http.conn.EofSensorInputStream
12:44:25.479 [main] DEBUG org.apache.http.impl.conn.BasicClientConnectionManager - Releasing connection org.apache.http.impl.conn.ManagedClientConnectionImpl@36173114
12:44:25.479 [main] DEBUG org.apache.http.impl.conn.BasicClientConnectionManager - Connection can be kept alive indefinitely
12:44:25.506 [main] DEBUG net.thucydides.core.steps.StepInterceptor - STEP DONE: I send POST HTTP request login
  &amp#27;[32mWhen &amp#27;[0m&amp#27;[32mI send POST HTTP request login&amp#27;[0m                           &amp#27;[90m# starter.stepdefinitions.UserSteps.iSendPOSTHTTPRequestLogin()&amp#27;[0m
12:44:25.512 [main] DEBUG net.thucydides.core.steps.StepInterceptor - STARTING STEP: UserSteps.iSetUnmatchedPOSTApiEndpointsOrder - I set POST api endpoints order
12:44:25.512 [main] DEBUG net.thucydides.core.steps.StepInterceptor - STEP DONE: I set POST api endpoints order
  &amp#27;[32mAnd &amp#27;[0m&amp#27;[32mI set unmatched POST api endpoints order&amp#27;[0m                  &amp#27;[90m# starter.stepdefinitions.UserSteps.iSetUnmatchedPOSTApiEndpointsOrder()&amp#27;[0m
12:44:25.518 [main] DEBUG net.thucydides.core.steps.StepInterceptor - STARTING STEP: UserSteps.iSendPOSTHTTPRequestPostOrder - I send POST HTTP request post order
12:44:25.521 [main] DEBUG net.thucydides.core.steps.StepInterceptor - STARTING STEP: PostOrder.iSendPOSTHTTPRequestPostOrder - I set POST api endpoints order
12:44:25.521 [main] DEBUG net.thucydides.core.steps.StepInterceptor - STEP DONE: I set POST api endpoints order
12:44:25.534 [main] DEBUG org.apache.http.impl.conn.BasicClientConnectionManager - Get connection for route {s}->https://altashop-api.fly.dev:443
12:44:25.534 [main] DEBUG org.apache.http.impl.conn.DefaultClientConnectionOperator - Connecting to altashop-api.fly.dev:443
12:44:25.624 [main] DEBUG org.apache.http.client.protocol.RequestAddCookies - CookieSpec selected: ignoreCookies
12:44:25.624 [main] DEBUG org.apache.http.client.protocol.RequestAuthCache - Auth cache not set in the context
12:44:25.624 [main] DEBUG org.apache.http.client.protocol.RequestTargetAuthentication - Target auth state: UNCHALLENGED
12:44:25.624 [main] DEBUG org.apache.http.client.protocol.RequestProxyAuthentication - Proxy auth state: UNCHALLENGED
12:44:25.624 [main] DEBUG org.apache.http.impl.client.DefaultHttpClient - Attempt 1 to execute request
12:44:25.625 [main] DEBUG org.apache.http.impl.conn.DefaultClientConnection - Sending request: POST /api/orders HTTP/1.1
12:44:25.625 [main] DEBUG org.apache.http.wire -  >> "POST /api/orders HTTP/1.1[\r][\n]"
12:44:25.625 [main] DEBUG org.apache.http.wire -  >> "Accept: */*[\r][\n]"
12:44:25.625 [main] DEBUG org.apache.http.wire -  >> "Content-Type: application/json[\r][\n]"
12:44:25.625 [main] DEBUG org.apache.http.wire -  >> "Content-Length: 33[\r][\n]"
12:44:25.625 [main] DEBUG org.apache.http.wire -  >> "Host: altashop-api.fly.dev[\r][\n]"
12:44:25.625 [main] DEBUG org.apache.http.wire -  >> "Connection: Keep-Alive[\r][\n]"
12:44:25.625 [main] DEBUG org.apache.http.wire -  >> "User-Agent: Apache-HttpClient/4.5.13 (Java/14.0.2)[\r][\n]"
12:44:25.625 [main] DEBUG org.apache.http.wire -  >> "Accept-Encoding: gzip,deflate[\r][\n]"
12:44:25.625 [main] DEBUG org.apache.http.wire -  >> "[\r][\n]"
12:44:25.625 [main] DEBUG org.apache.http.headers - >> POST /api/orders HTTP/1.1
12:44:25.625 [main] DEBUG org.apache.http.headers - >> Accept: */*
12:44:25.625 [main] DEBUG org.apache.http.headers - >> Content-Type: application/json
12:44:25.625 [main] DEBUG org.apache.http.headers - >> Content-Length: 33
12:44:25.625 [main] DEBUG org.apache.http.headers - >> Host: altashop-api.fly.dev
12:44:25.625 [main] DEBUG org.apache.http.headers - >> Connection: Keep-Alive
12:44:25.625 [main] DEBUG org.apache.http.headers - >> User-Agent: Apache-HttpClient/4.5.13 (Java/14.0.2)
12:44:25.625 [main] DEBUG org.apache.http.headers - >> Accept-Encoding: gzip,deflate
12:44:25.625 [main] DEBUG org.apache.http.wire -  >> "[[\n]"
12:44:25.625 [main] DEBUG org.apache.http.wire -  >> "{"quantity":1,"product_id":2}[\n]"
12:44:25.625 [main] DEBUG org.apache.http.wire -  >> "]"
12:44:25.659 [main] DEBUG org.apache.http.wire -  << "HTTP/1.1 401 Unauthorized[\r][\n]"
12:44:25.659 [main] DEBUG org.apache.http.wire -  << "content-type: application/json[\r][\n]"
12:44:25.659 [main] DEBUG org.apache.http.wire -  << "date: Sat, 06 May 2023 05:53:11 GMT[\r][\n]"
12:44:25.659 [main] DEBUG org.apache.http.wire -  << "content-encoding: gzip[\r][\n]"
12:44:25.659 [main] DEBUG org.apache.http.wire -  << "transfer-encoding: chunked[\r][\n]"
12:44:25.659 [main] DEBUG org.apache.http.wire -  << "server: Fly/3f2597ca (2023-05-03)[\r][\n]"
12:44:25.659 [main] DEBUG org.apache.http.wire -  << "via: 1.1 fly.io[\r][\n]"
12:44:25.659 [main] DEBUG org.apache.http.wire -  << "fly-request-id: 01GZQSY461CT8TYGZZFANYMJGF-sin[\r][\n]"
12:44:25.659 [main] DEBUG org.apache.http.wire -  << "[\r][\n]"
12:44:25.659 [main] DEBUG org.apache.http.impl.conn.DefaultClientConnection - Receiving response: HTTP/1.1 401 Unauthorized
12:44:25.659 [main] DEBUG org.apache.http.headers - << HTTP/1.1 401 Unauthorized
12:44:25.659 [main] DEBUG org.apache.http.headers - << content-type: application/json
12:44:25.659 [main] DEBUG org.apache.http.headers - << date: Sat, 06 May 2023 05:53:11 GMT
12:44:25.659 [main] DEBUG org.apache.http.headers - << content-encoding: gzip
12:44:25.659 [main] DEBUG org.apache.http.headers - << transfer-encoding: chunked
12:44:25.659 [main] DEBUG org.apache.http.headers - << server: Fly/3f2597ca (2023-05-03)
12:44:25.659 [main] DEBUG org.apache.http.headers - << via: 1.1 fly.io
12:44:25.659 [main] DEBUG org.apache.http.headers - << fly-request-id: 01GZQSY461CT8TYGZZFANYMJGF-sin
12:44:25.659 [main] DEBUG org.apache.http.impl.client.DefaultHttpClient - Connection can be kept alive indefinitely
12:44:25.659 [main] DEBUG org.apache.http.impl.client.DefaultHttpClient - Authentication required
12:44:25.659 [main] DEBUG org.apache.http.impl.client.DefaultHttpClient - altashop-api.fly.dev:443 requested authentication
12:44:25.659 [main] DEBUG org.apache.http.impl.client.DefaultHttpClient - Response contains no authentication challenges
12:44:25.659 [main] DEBUG io.restassured.internal.RestAssuredHttpBuilder - Parsing response as: application/json
12:44:25.659 [main] DEBUG org.apache.http.wire -  << "2D[\r][\n]"
12:44:25.659 [main] DEBUG org.apache.http.wire -  << "[0x1f][0x8b][0x8][0x0][0x0][0x0][0x0][0x0][0x4][0xff][0xab]VJ-*[0xca]/R[0xb2]R*[0xcd]K,-[0xc9][0xc8]/[0xca][0xac]JMQ[0xaa][0xe5][0x2][0x0]@[0x17]da[0x19][0x0][0x0][0x0]"
12:44:25.659 [main] DEBUG org.apache.http.wire -  << "[\r][\n]"
12:44:25.659 [main] DEBUG org.apache.http.wire -  << "0[\r][\n]"
12:44:25.659 [main] DEBUG org.apache.http.wire -  << "[\r][\n]"
12:44:25.659 [main] DEBUG io.restassured.internal.RestAssuredHttpBuilder - Parsed data to instance of: class org.apache.http.conn.EofSensorInputStream
12:44:25.661 [main] DEBUG org.apache.http.impl.conn.BasicClientConnectionManager - Releasing connection org.apache.http.impl.conn.ManagedClientConnectionImpl@5dcc1495
12:44:25.662 [main] DEBUG org.apache.http.impl.conn.BasicClientConnectionManager - Connection can be kept alive indefinitely
12:44:25.662 [main] DEBUG net.thucydides.core.steps.StepInterceptor - STEP DONE: I send POST HTTP request post order
  &amp#27;[32mAnd &amp#27;[0m&amp#27;[32mI send POST HTTP request post order&amp#27;[0m                       &amp#27;[90m# starter.stepdefinitions.UserSteps.iSendPOSTHTTPRequestPostOrder()&amp#27;[0m
12:44:25.669 [main] DEBUG net.thucydides.core.steps.StepInterceptor - STARTING STEP: UserSteps.iReceiveValidLoginAndProductHTTPResponseCode404 - I receive valid login and product HTTP response code 404
12:44:25.672 [main] DEBUG net.thucydides.core.steps.StepInterceptor - STARTING STEP: NPostProduct.iReceiveValidLoginAndProductHTTPResponseCode404 - I set POST api endpoints product
12:44:25.672 [main] DEBUG net.thucydides.core.steps.StepInterceptor - STEP DONE: I set POST api endpoints product
12:44:25.681 [main] DEBUG org.apache.http.impl.conn.BasicClientConnectionManager - Get connection for route {s}->https://altashop-api.fly.dev:443
12:44:25.682 [main] DEBUG org.apache.http.impl.conn.DefaultClientConnectionOperator - Connecting to altashop-api.fly.dev:443
12:44:25.774 [main] DEBUG org.apache.http.client.protocol.RequestAddCookies - CookieSpec selected: ignoreCookies
12:44:25.775 [main] DEBUG org.apache.http.client.protocol.RequestAuthCache - Auth cache not set in the context
12:44:25.775 [main] DEBUG org.apache.http.client.protocol.RequestProxyAuthentication - Proxy auth state: UNCHALLENGED
12:44:25.775 [main] DEBUG org.apache.http.impl.client.DefaultHttpClient - Attempt 1 to execute request
12:44:25.775 [main] DEBUG org.apache.http.impl.conn.DefaultClientConnection - Sending request: GET /api/product HTTP/1.1
12:44:25.775 [main] DEBUG org.apache.http.wire -  >> "GET /api/product HTTP/1.1[\r][\n]"
12:44:25.775 [main] DEBUG org.apache.http.wire -  >> "Authorization: Bearer [\r][\n]"
12:44:25.775 [main] DEBUG org.apache.http.wire -  >> "Accept: */*[\r][\n]"
12:44:25.775 [main] DEBUG org.apache.http.wire -  >> "Host: altashop-api.fly.dev[\r][\n]"
12:44:25.775 [main] DEBUG org.apache.http.wire -  >> "Connection: Keep-Alive[\r][\n]"
12:44:25.775 [main] DEBUG org.apache.http.wire -  >> "User-Agent: Apache-HttpClient/4.5.13 (Java/14.0.2)[\r][\n]"
12:44:25.775 [main] DEBUG org.apache.http.wire -  >> "Accept-Encoding: gzip,deflate[\r][\n]"
12:44:25.775 [main] DEBUG org.apache.http.wire -  >> "[\r][\n]"
12:44:25.775 [main] DEBUG org.apache.http.headers - >> GET /api/product HTTP/1.1
12:44:25.775 [main] DEBUG org.apache.http.headers - >> Authorization: Bearer 
12:44:25.775 [main] DEBUG org.apache.http.headers - >> Accept: */*
12:44:25.775 [main] DEBUG org.apache.http.headers - >> Host: altashop-api.fly.dev
12:44:25.775 [main] DEBUG org.apache.http.headers - >> Connection: Keep-Alive
12:44:25.775 [main] DEBUG org.apache.http.headers - >> User-Agent: Apache-HttpClient/4.5.13 (Java/14.0.2)
12:44:25.775 [main] DEBUG org.apache.http.headers - >> Accept-Encoding: gzip,deflate
12:44:25.808 [main] DEBUG org.apache.http.wire -  << "HTTP/1.1 404 Not Found[\r][\n]"
12:44:25.809 [main] DEBUG org.apache.http.wire -  << "date: Sat, 06 May 2023 05:53:12 GMT[\r][\n]"
12:44:25.809 [main] DEBUG org.apache.http.wire -  << "content-encoding: gzip[\r][\n]"
12:44:25.809 [main] DEBUG org.apache.http.wire -  << "content-type: text/plain; charset=utf-8[\r][\n]"
12:44:25.809 [main] DEBUG org.apache.http.wire -  << "transfer-encoding: chunked[\r][\n]"
12:44:25.809 [main] DEBUG org.apache.http.wire -  << "server: Fly/3f2597ca (2023-05-03)[\r][\n]"
12:44:25.809 [main] DEBUG org.apache.http.wire -  << "via: 1.1 fly.io[\r][\n]"
12:44:25.809 [main] DEBUG org.apache.http.wire -  << "fly-request-id: 01GZQSY4ASHSWMR0YC50TPPVKV-sin[\r][\n]"
12:44:25.809 [main] DEBUG org.apache.http.wire -  << "[\r][\n]"
12:44:25.809 [main] DEBUG org.apache.http.impl.conn.DefaultClientConnection - Receiving response: HTTP/1.1 404 Not Found
12:44:25.809 [main] DEBUG org.apache.http.headers - << HTTP/1.1 404 Not Found
12:44:25.809 [main] DEBUG org.apache.http.headers - << date: Sat, 06 May 2023 05:53:12 GMT
12:44:25.809 [main] DEBUG org.apache.http.headers - << content-encoding: gzip
12:44:25.809 [main] DEBUG org.apache.http.headers - << content-type: text/plain; charset=utf-8
12:44:25.809 [main] DEBUG org.apache.http.headers - << transfer-encoding: chunked
12:44:25.809 [main] DEBUG org.apache.http.headers - << server: Fly/3f2597ca (2023-05-03)
12:44:25.809 [main] DEBUG org.apache.http.headers - << via: 1.1 fly.io
12:44:25.809 [main] DEBUG org.apache.http.headers - << fly-request-id: 01GZQSY4ASHSWMR0YC50TPPVKV-sin
12:44:25.810 [main] DEBUG org.apache.http.impl.client.DefaultHttpClient - Connection can be kept alive indefinitely
12:44:25.810 [main] DEBUG io.restassured.internal.RestAssuredHttpBuilder - Parsing response as: text/plain; charset=utf-8
12:44:25.810 [main] DEBUG org.apache.http.wire -  << "1E[\r][\n]"
12:44:25.810 [main] DEBUG org.apache.http.wire -  << "[0x1f][0x8b][0x8][0x0][0x0][0x0][0x0][0x0][0x4][0xff][0xcb][0xcb]/QH[0xcb]/[0xcd]K[0xe1][0x2][0x0][0xd4]I[0xfa]r[\n]"
12:44:25.810 [main] DEBUG org.apache.http.wire -  << "[0x0][0x0][0x0]"
12:44:25.810 [main] DEBUG org.apache.http.wire -  << "[\r][\n]"
12:44:25.810 [main] DEBUG org.apache.http.wire -  << "0[\r][\n]"
12:44:25.810 [main] DEBUG org.apache.http.wire -  << "[\r][\n]"
12:44:25.810 [main] DEBUG io.restassured.internal.RestAssuredHttpBuilder - Parsed data to instance of: class org.apache.http.conn.EofSensorInputStream
12:44:25.812 [main] DEBUG org.apache.http.impl.conn.BasicClientConnectionManager - Releasing connection org.apache.http.impl.conn.ManagedClientConnectionImpl@26505df2
12:44:25.812 [main] DEBUG org.apache.http.impl.conn.BasicClientConnectionManager - Connection can be kept alive indefinitely
12:44:25.813 [main] DEBUG net.thucydides.core.steps.StepInterceptor - STEP DONE: I receive valid login and product HTTP response code 404
  &amp#27;[32mThen &amp#27;[0m&amp#27;[32mI receive valid login and product HTTP response code 404&amp#27;[0m &amp#27;[90m# starter.stepdefinitions.UserSteps.iReceiveValidLoginAndProductHTTPResponseCode404()&amp#27;[0m
12:44:25.817 [main] INFO  - 
  _____   ___   ___   _____     ___     _     ___   ___   ___   ___  
 |_   _| | __| / __| |_   _|   | _ \   /_\   / __| / __| | __| |   \ 
   | |   | _|  \__ \   | |     |  _/  / _ \  \__ \ \__ \ | _|  | |) |
   |_|   |___| |___/   |_|     |_|   /_/ \_\ |___/ |___/ |___| |___/ 

POST - As admin I cannot create new order
----------------------------------------------------------------------
]]></system-out>
  </testcase>
</testsuite>