<?xml version="1.0" encoding="UTF-8"?>
<testsuite xmlns:xsi="http://www.w3.org/2001/XMLSchema-instance" xsi:noNamespaceSchemaLocation="https://maven.apache.org/surefire/maven-failsafe-plugin/xsd/failsafe-test-report-3.0.xsd" version="3.0" name="starter.CucumberTestSuite" time="10.476" tests="1" errors="0" skipped="0" failures="0">
  <properties>
    <property name="java.specification.version" value="14"/>
    <property name="sun.cpu.isalist" value="amd64"/>
    <property name="sun.jnu.encoding" value="Cp1252"/>
    <property name="java.class.path" value="C:\Users\Lenovo\IdeaProjects\MiniProject\MiniprojectApi\target\test-classes;C:\Users\Lenovo\.m2\repository\net\serenity-bdd\serenity-core\3.5.1\serenity-core-3.5.1.jar;C:\Users\Lenovo\.m2\repository\net\serenity-bdd\serenity-model\3.5.1\serenity-model-3.5.1.jar;C:\Users\Lenovo\.m2\repository\org\apache\commons\commons-text\1.10.0\commons-text-1.10.0.jar;C:\Users\Lenovo\.m2\repository\commons-net\commons-net\3.8.0\commons-net-3.8.0.jar;C:\Users\Lenovo\.m2\repository\com\google\guava\guava\31.1-jre\guava-31.1-jre.jar;C:\Users\Lenovo\.m2\repository\com\google\guava\failureaccess\1.0.1\failureaccess-1.0.1.jar;C:\Users\Lenovo\.m2\repository\com\google\guava\listenablefuture\9999.0-empty-to-avoid-conflict-with-guava\listenablefuture-9999.0-empty-to-avoid-conflict-with-guava.jar;C:\Users\Lenovo\.m2\repository\com\google\code\findbugs\jsr305\3.0.2\jsr305-3.0.2.jar;C:\Users\Lenovo\.m2\repository\org\checkerframework\checker-qual\3.12.0\checker-qual-3.12.0.jar;C:\Users\Lenovo\.m2\repository\com\google\errorprone\error_prone_annotations\2.11.0\error_prone_annotations-2.11.0.jar;C:\Users\Lenovo\.m2\repository\com\google\j2objc\j2objc-annotations\1.3\j2objc-annotations-1.3.jar;C:\Users\Lenovo\.m2\repository\com\google\inject\guice\5.1.0\guice-5.1.0.jar;C:\Users\Lenovo\.m2\repository\javax\inject\javax.inject\1\javax.inject-1.jar;C:\Users\Lenovo\.m2\repository\aopalliance\aopalliance\1.0\aopalliance-1.0.jar;C:\Users\Lenovo\.m2\repository\org\jsoup\jsoup\1.14.3\jsoup-1.14.3.jar;C:\Users\Lenovo\.m2\repository\com\thoughtworks\xstream\xstream\1.4.19\xstream-1.4.19.jar;C:\Users\Lenovo\.m2\repository\io\github\x-stream\mxparser\1.2.2\mxparser-1.2.2.jar;C:\Users\Lenovo\.m2\repository\xmlpull\xmlpull\1.1.3.1\xmlpull-1.1.3.1.jar;C:\Users\Lenovo\.m2\repository\com\typesafe\config\1.4.2\config-1.4.2.jar;C:\Users\Lenovo\.m2\repository\org\imgscalr\imgscalr-lib\4.2\imgscalr-lib-4.2.jar;C:\Users\Lenovo\.m2\repository\org\awaitility\awaitility\4.2.0\awaitility-4.2.0.jar;C:\Users\Lenovo\.m2\repository\org\freemarker\freemarker\2.3.31\freemarker-2.3.31.jar;C:\Users\Lenovo\.m2\repository\io\github\classgraph\classgraph\4.8.138\classgraph-4.8.138.jar;C:\Users\Lenovo\.m2\repository\net\sourceforge\jexcelapi\jxl\2.6.12\jxl-2.6.12.jar;C:\Users\Lenovo\.m2\repository\net\bytebuddy\byte-buddy-agent\1.12.18\byte-buddy-agent-1.12.18.jar;C:\Users\Lenovo\.m2\repository\org\objenesis\objenesis\3.1\objenesis-3.1.jar;C:\Users\Lenovo\.m2\repository\net\serenity-bdd\serenity-reports\3.5.1\serenity-reports-3.5.1.jar;C:\Users\Lenovo\.m2\repository\net\serenity-bdd\serenity-stats\3.5.1\serenity-stats-3.5.1.jar;C:\Users\Lenovo\.m2\repository\net\serenity-bdd\serenity-reports-configuration\3.5.1\serenity-reports-configuration-3.5.1.jar;C:\Users\Lenovo\.m2\repository\com\vladsch\flexmark\flexmark-all\0.34.30\flexmark-all-0.34.30.jar;C:\Users\Lenovo\.m2\repository\com\vladsch\flexmark\flexmark\0.34.30\flexmark-0.34.30.jar;C:\Users\Lenovo\.m2\repository\com\vladsch\flexmark\flexmark-ext-abbreviation\0.34.30\flexmark-ext-abbreviation-0.34.30.jar;C:\Users\Lenovo\.m2\repository\com\vladsch\flexmark\flexmark-ext-admonition\0.34.30\flexmark-ext-admonition-0.34.30.jar;C:\Users\Lenovo\.m2\repository\com\vladsch\flexmark\flexmark-ext-anchorlink\0.34.30\flexmark-ext-anchorlink-0.34.30.jar;C:\Users\Lenovo\.m2\repository\com\vladsch\flexmark\flexmark-ext-aside\0.34.30\flexmark-ext-aside-0.34.30.jar;C:\Users\Lenovo\.m2\repository\com\vladsch\flexmark\flexmark-ext-attributes\0.34.30\flexmark-ext-attributes-0.34.30.jar;C:\Users\Lenovo\.m2\repository\com\vladsch\flexmark\flexmark-ext-autolink\0.34.30\flexmark-ext-autolink-0.34.30.jar;C:\Users\Lenovo\.m2\repository\org\nibor\autolink\autolink\0.6.0\autolink-0.6.0.jar;C:\Users\Lenovo\.m2\repository\com\vladsch\flexmark\flexmark-ext-definition\0.34.30\flexmark-ext-definition-0.34.30.jar;C:\Users\Lenovo\.m2\repository\com\vladsch\flexmark\flexmark-ext-emoji\0.34.30\flexmark-ext-emoji-0.34.30.jar;C:\Users\Lenovo\.m2\repository\com\vladsch\flexmark\flexmark-ext-enumerated-reference\0.34.30\flexmark-ext-enumerated-reference-0.34.30.jar;C:\Users\Lenovo\.m2\repository\com\vladsch\flexmark\flexmark-ext-escaped-character\0.34.30\flexmark-ext-escaped-character-0.34.30.jar;C:\Users\Lenovo\.m2\repository\com\vladsch\flexmark\flexmark-ext-footnotes\0.34.30\flexmark-ext-footnotes-0.34.30.jar;C:\Users\Lenovo\.m2\repository\com\vladsch\flexmark\flexmark-ext-gfm-issues\0.34.30\flexmark-ext-gfm-issues-0.34.30.jar;C:\Users\Lenovo\.m2\repository\com\vladsch\flexmark\flexmark-ext-gfm-strikethrough\0.34.30\flexmark-ext-gfm-strikethrough-0.34.30.jar;C:\Users\Lenovo\.m2\repository\com\vladsch\flexmark\flexmark-ext-gfm-tables\0.34.30\flexmark-ext-gfm-tables-0.34.30.jar;C:\Users\Lenovo\.m2\repository\com\vladsch\flexmark\flexmark-ext-gfm-tasklist\0.34.30\flexmark-ext-gfm-tasklist-0.34.30.jar;C:\Users\Lenovo\.m2\repository\com\vladsch\flexmark\flexmark-ext-gfm-users\0.34.30\flexmark-ext-gfm-users-0.34.30.jar;C:\Users\Lenovo\.m2\repository\com\vladsch\flexmark\flexmark-ext-gitlab\0.34.30\flexmark-ext-gitlab-0.34.30.jar;C:\Users\Lenovo\.m2\repository\com\vladsch\flexmark\flexmark-ext-jekyll-front-matter\0.34.30\flexmark-ext-jekyll-front-matter-0.34.30.jar;C:\Users\Lenovo\.m2\repository\com\vladsch\flexmark\flexmark-ext-jekyll-tag\0.34.30\flexmark-ext-jekyll-tag-0.34.30.jar;C:\Users\Lenovo\.m2\repository\com\vladsch\flexmark\flexmark-ext-media-tags\0.34.30\flexmark-ext-media-tags-0.34.30.jar;C:\Users\Lenovo\.m2\repository\com\vladsch\flexmark\flexmark-test-util\0.34.30\flexmark-test-util-0.34.30.jar;C:\Users\Lenovo\.m2\repository\com\vladsch\flexmark\flexmark-ext-ins\0.34.30\flexmark-ext-ins-0.34.30.jar;C:\Users\Lenovo\.m2\repository\com\vladsch\flexmark\flexmark-ext-xwiki-macros\0.34.30\flexmark-ext-xwiki-macros-0.34.30.jar;C:\Users\Lenovo\.m2\repository\com\vladsch\flexmark\flexmark-ext-superscript\0.34.30\flexmark-ext-superscript-0.34.30.jar;C:\Users\Lenovo\.m2\repository\com\vladsch\flexmark\flexmark-ext-tables\0.34.30\flexmark-ext-tables-0.34.30.jar;C:\Users\Lenovo\.m2\repository\com\vladsch\flexmark\flexmark-ext-toc\0.34.30\flexmark-ext-toc-0.34.30.jar;C:\Users\Lenovo\.m2\repository\com\vladsch\flexmark\flexmark-ext-typographic\0.34.30\flexmark-ext-typographic-0.34.30.jar;C:\Users\Lenovo\.m2\repository\com\vladsch\flexmark\flexmark-ext-wikilink\0.34.30\flexmark-ext-wikilink-0.34.30.jar;C:\Users\Lenovo\.m2\repository\com\vladsch\flexmark\flexmark-ext-yaml-front-matter\0.34.30\flexmark-ext-yaml-front-matter-0.34.30.jar;C:\Users\Lenovo\.m2\repository\com\vladsch\flexmark\flexmark-ext-youtube-embedded\0.34.30\flexmark-ext-youtube-embedded-0.34.30.jar;C:\Users\Lenovo\.m2\repository\com\vladsch\flexmark\flexmark-formatter\0.34.30\flexmark-formatter-0.34.30.jar;C:\Users\Lenovo\.m2\repository\com\vladsch\flexmark\flexmark-html-parser\0.34.30\flexmark-html-parser-0.34.30.jar;C:\Users\Lenovo\.m2\repository\com\vladsch\flexmark\flexmark-jira-converter\0.34.30\flexmark-jira-converter-0.34.30.jar;C:\Users\Lenovo\.m2\repository\com\vladsch\flexmark\flexmark-pdf-converter\0.34.30\flexmark-pdf-converter-0.34.30.jar;C:\Users\Lenovo\.m2\repository\com\openhtmltopdf\openhtmltopdf-core\0.0.1-RC13\openhtmltopdf-core-0.0.1-RC13.jar;C:\Users\Lenovo\.m2\repository\com\openhtmltopdf\openhtmltopdf-pdfbox\0.0.1-RC13\openhtmltopdf-pdfbox-0.0.1-RC13.jar;C:\Users\Lenovo\.m2\repository\org\apache\pdfbox\pdfbox\2.0.8\pdfbox-2.0.8.jar;C:\Users\Lenovo\.m2\repository\org\apache\pdfbox\fontbox\2.0.8\fontbox-2.0.8.jar;C:\Users\Lenovo\.m2\repository\org\apache\pdfbox\xmpbox\2.0.8\xmpbox-2.0.8.jar;C:\Users\Lenovo\.m2\repository\de\rototor\pdfbox\graphics2d\0.12\graphics2d-0.12.jar;C:\Users\Lenovo\.m2\repository\com\openhtmltopdf\openhtmltopdf-rtl-support\0.0.1-RC13\openhtmltopdf-rtl-support-0.0.1-RC13.jar;C:\Users\Lenovo\.m2\repository\com\ibm\icu\icu4j\59.1\icu4j-59.1.jar;C:\Users\Lenovo\.m2\repository\com\openhtmltopdf\openhtmltopdf-jsoup-dom-converter\0.0.1-RC13\openhtmltopdf-jsoup-dom-converter-0.0.1-RC13.jar;C:\Users\Lenovo\.m2\repository\com\vladsch\flexmark\flexmark-profile-pegdown\0.34.30\flexmark-profile-pegdown-0.34.30.jar;C:\Users\Lenovo\.m2\repository\com\vladsch\flexmark\flexmark-util\0.34.30\flexmark-util-0.34.30.jar;C:\Users\Lenovo\.m2\repository\com\vladsch\flexmark\flexmark-youtrack-converter\0.34.30\flexmark-youtrack-converter-0.34.30.jar;C:\Users\Lenovo\.m2\repository\es\nitaur\markdown\txtmark\0.16\txtmark-0.16.jar;C:\Users\Lenovo\.m2\repository\net\serenity-bdd\serenity-report-resources\3.5.1\serenity-report-resources-3.5.1.jar;C:\Users\Lenovo\.m2\repository\com\google\code\gson\gson\2.9.0\gson-2.9.0.jar;C:\Users\Lenovo\.m2\repository\com\fasterxml\jackson\core\jackson-core\2.13.4\jackson-core-2.13.4.jar;C:\Users\Lenovo\.m2\repository\com\fasterxml\jackson\core\jackson-databind\2.13.4\jackson-databind-2.13.4.jar;C:\Users\Lenovo\.m2\repository\com\fasterxml\jackson\core\jackson-annotations\2.13.4\jackson-annotations-2.13.4.jar;C:\Users\Lenovo\.m2\repository\commons-codec\commons-codec\1.15\commons-codec-1.15.jar;C:\Users\Lenovo\.m2\repository\commons-io\commons-io\2.11.0\commons-io-2.11.0.jar;C:\Users\Lenovo\.m2\repository\org\apache\httpcomponents\httpclient\4.5.13\httpclient-4.5.13.jar;C:\Users\Lenovo\.m2\repository\org\apache\httpcomponents\httpcore\4.4.13\httpcore-4.4.13.jar;C:\Users\Lenovo\.m2\repository\commons-logging\commons-logging\1.2\commons-logging-1.2.jar;C:\Users\Lenovo\.m2\repository\org\seleniumhq\selenium\selenium-java\4.7.1\selenium-java-4.7.1.jar;C:\Users\Lenovo\.m2\repository\org\seleniumhq\selenium\selenium-devtools-v106\4.7.1\selenium-devtools-v106-4.7.1.jar;C:\Users\Lenovo\.m2\repository\org\seleniumhq\selenium\selenium-devtools-v107\4.7.1\selenium-devtools-v107-4.7.1.jar;C:\Users\Lenovo\.m2\repository\org\seleniumhq\selenium\selenium-devtools-v108\4.7.1\selenium-devtools-v108-4.7.1.jar;C:\Users\Lenovo\.m2\repository\org\seleniumhq\selenium\selenium-devtools-v85\4.7.1\selenium-devtools-v85-4.7.1.jar;C:\Users\Lenovo\.m2\repository\org\seleniumhq\selenium\selenium-remote-driver\4.7.1\selenium-remote-driver-4.7.1.jar;C:\Users\Lenovo\.m2\repository\com\beust\jcommander\1.82\jcommander-1.82.jar;C:\Users\Lenovo\.m2\repository\io\netty\netty-buffer\4.1.84.Final\netty-buffer-4.1.84.Final.jar;C:\Users\Lenovo\.m2\repository\io\netty\netty-codec-http\4.1.84.Final\netty-codec-http-4.1.84.Final.jar;C:\Users\Lenovo\.m2\repository\io\netty\netty-codec\4.1.84.Final\netty-codec-4.1.84.Final.jar;C:\Users\Lenovo\.m2\repository\io\netty\netty-handler\4.1.84.Final\netty-handler-4.1.84.Final.jar;C:\Users\Lenovo\.m2\repository\io\netty\netty-common\4.1.84.Final\netty-common-4.1.84.Final.jar;C:\Users\Lenovo\.m2\repository\io\netty\netty-transport-classes-epoll\4.1.84.Final\netty-transport-classes-epoll-4.1.84.Final.jar;C:\Users\Lenovo\.m2\repository\io\netty\netty-transport-classes-kqueue\4.1.84.Final\netty-transport-classes-kqueue-4.1.84.Final.jar;C:\Users\Lenovo\.m2\repository\io\netty\netty-transport-native-epoll\4.1.84.Final\netty-transport-native-epoll-4.1.84.Final.jar;C:\Users\Lenovo\.m2\repository\io\netty\netty-transport-native-kqueue\4.1.84.Final\netty-transport-native-kqueue-4.1.84.Final.jar;C:\Users\Lenovo\.m2\repository\io\netty\netty-transport-native-unix-common\4.1.84.Final\netty-transport-native-unix-common-4.1.84.Final.jar;C:\Users\Lenovo\.m2\repository\io\netty\netty-transport\4.1.84.Final\netty-transport-4.1.84.Final.jar;C:\Users\Lenovo\.m2\repository\io\netty\netty-resolver\4.1.84.Final\netty-resolver-4.1.84.Final.jar;C:\Users\Lenovo\.m2\repository\io\opentelemetry\opentelemetry-api\1.19.0\opentelemetry-api-1.19.0.jar;C:\Users\Lenovo\.m2\repository\io\opentelemetry\opentelemetry-context\1.19.0\opentelemetry-context-1.19.0.jar;C:\Users\Lenovo\.m2\repository\io\opentelemetry\opentelemetry-exporter-logging\1.19.0\opentelemetry-exporter-logging-1.19.0.jar;C:\Users\Lenovo\.m2\repository\io\opentelemetry\opentelemetry-sdk-metrics\1.19.0\opentelemetry-sdk-metrics-1.19.0.jar;C:\Users\Lenovo\.m2\repository\io\opentelemetry\opentelemetry-sdk-logs\1.19.0-alpha\opentelemetry-sdk-logs-1.19.0-alpha.jar;C:\Users\Lenovo\.m2\repository\io\opentelemetry\opentelemetry-api-logs\1.19.0-alpha\opentelemetry-api-logs-1.19.0-alpha.jar;C:\Users\Lenovo\.m2\repository\io\opentelemetry\opentelemetry-sdk-common\1.19.0\opentelemetry-sdk-common-1.19.0.jar;C:\Users\Lenovo\.m2\repository\io\opentelemetry\opentelemetry-sdk-extension-autoconfigure-spi\1.19.0\opentelemetry-sdk-extension-autoconfigure-spi-1.19.0.jar;C:\Users\Lenovo\.m2\repository\io\opentelemetry\opentelemetry-sdk-extension-autoconfigure\1.19.0-alpha\opentelemetry-sdk-extension-autoconfigure-1.19.0-alpha.jar;C:\Users\Lenovo\.m2\repository\io\opentelemetry\opentelemetry-exporter-common\1.19.0\opentelemetry-exporter-common-1.19.0.jar;C:\Users\Lenovo\.m2\repository\io\opentelemetry\opentelemetry-sdk-trace\1.19.0\opentelemetry-sdk-trace-1.19.0.jar;C:\Users\Lenovo\.m2\repository\io\opentelemetry\opentelemetry-sdk\1.19.0\opentelemetry-sdk-1.19.0.jar;C:\Users\Lenovo\.m2\repository\io\opentelemetry\opentelemetry-semconv\1.19.0-alpha\opentelemetry-semconv-1.19.0-alpha.jar;C:\Users\Lenovo\.m2\repository\io\ous\jtoml\2.0.0\jtoml-2.0.0.jar;C:\Users\Lenovo\.m2\repository\org\apache\commons\commons-exec\1.3\commons-exec-1.3.jar;C:\Users\Lenovo\.m2\repository\org\asynchttpclient\async-http-client\2.12.3\async-http-client-2.12.3.jar;C:\Users\Lenovo\.m2\repository\org\asynchttpclient\async-http-client-netty-utils\2.12.3\async-http-client-netty-utils-2.12.3.jar;C:\Users\Lenovo\.m2\repository\io\netty\netty-codec-socks\4.1.60.Final\netty-codec-socks-4.1.60.Final.jar;C:\Users\Lenovo\.m2\repository\io\netty\netty-handler-proxy\4.1.60.Final\netty-handler-proxy-4.1.60.Final.jar;C:\Users\Lenovo\.m2\repository\io\netty\netty-transport-native-epoll\4.1.60.Final\netty-transport-native-epoll-4.1.60.Final-linux-x86_64.jar;C:\Users\Lenovo\.m2\repository\io\netty\netty-transport-native-kqueue\4.1.60.Final\netty-transport-native-kqueue-4.1.60.Final-osx-x86_64.jar;C:\Users\Lenovo\.m2\repository\org\reactivestreams\reactive-streams\1.0.3\reactive-streams-1.0.3.jar;C:\Users\Lenovo\.m2\repository\com\typesafe\netty\netty-reactive-streams\2.0.4\netty-reactive-streams-2.0.4.jar;C:\Users\Lenovo\.m2\repository\org\seleniumhq\selenium\selenium-manager\4.7.1\selenium-manager-4.7.1.jar;C:\Users\Lenovo\.m2\repository\org\seleniumhq\selenium\selenium-safari-driver\4.7.1\selenium-safari-driver-4.7.1.jar;C:\Users\Lenovo\.m2\repository\org\seleniumhq\selenium\selenium-api\4.7.1\selenium-api-4.7.1.jar;C:\Users\Lenovo\.m2\repository\org\seleniumhq\selenium\selenium-support\4.7.1\selenium-support-4.7.1.jar;C:\Users\Lenovo\.m2\repository\com\google\auto\service\auto-service-annotations\1.0.1\auto-service-annotations-1.0.1.jar;C:\Users\Lenovo\.m2\repository\com\google\auto\service\auto-service\1.0.1\auto-service-1.0.1.jar;C:\Users\Lenovo\.m2\repository\com\google\auto\auto-common\1.2\auto-common-1.2.jar;C:\Users\Lenovo\.m2\repository\org\seleniumhq\selenium\selenium-json\4.7.1\selenium-json-4.7.1.jar;C:\Users\Lenovo\.m2\repository\org\seleniumhq\selenium\selenium-chrome-driver\4.7.1\selenium-chrome-driver-4.7.1.jar;C:\Users\Lenovo\.m2\repository\org\seleniumhq\selenium\selenium-chromium-driver\4.7.1\selenium-chromium-driver-4.7.1.jar;C:\Users\Lenovo\.m2\repository\org\seleniumhq\selenium\selenium-firefox-driver\4.7.1\selenium-firefox-driver-4.7.1.jar;C:\Users\Lenovo\.m2\repository\org\seleniumhq\selenium\selenium-http\4.7.1\selenium-http-4.7.1.jar;C:\Users\Lenovo\.m2\repository\dev\failsafe\failsafe\3.3.0\failsafe-3.3.0.jar;C:\Users\Lenovo\.m2\repository\org\seleniumhq\selenium\selenium-edge-driver\4.7.1\selenium-edge-driver-4.7.1.jar;C:\Users\Lenovo\.m2\repository\org\seleniumhq\selenium\selenium-ie-driver\4.7.1\selenium-ie-driver-4.7.1.jar;C:\Users\Lenovo\.m2\repository\org\projectlombok\lombok\1.18.20\lombok-1.18.20.jar;C:\Users\Lenovo\.m2\repository\io\appium\java-client\8.3.0\java-client-8.3.0.jar;C:\Users\Lenovo\.m2\repository\commons-validator\commons-validator\1.7\commons-validator-1.7.jar;C:\Users\Lenovo\.m2\repository\commons-digester\commons-digester\2.1\commons-digester-2.1.jar;C:\Users\Lenovo\.m2\repository\org\apache\groovy\groovy\4.0.6\groovy-4.0.6.jar;C:\Users\Lenovo\.m2\repository\net\sf\opencsv\opencsv\2.0\opencsv-2.0.jar;C:\Users\Lenovo\.m2\repository\commons-beanutils\commons-beanutils\1.9.4\commons-beanutils-1.9.4.jar;C:\Users\Lenovo\.m2\repository\org\apache\commons\commons-lang3\3.12.0\commons-lang3-3.12.0.jar;C:\Users\Lenovo\.m2\repository\commons-collections\commons-collections\3.2.2\commons-collections-3.2.2.jar;C:\Users\Lenovo\.m2\repository\org\fluentlenium\fluentlenium-core\0.10.2\fluentlenium-core-0.10.2.jar;C:\Users\Lenovo\.m2\repository\io\github\bonigarcia\webdrivermanager\5.3.0\webdrivermanager-5.3.0.jar;C:\Users\Lenovo\.m2\repository\com\github\docker-java\docker-java\3.2.13\docker-java-3.2.13.jar;C:\Users\Lenovo\.m2\repository\com\github\docker-java\docker-java-core\3.2.13\docker-java-core-3.2.13.jar;C:\Users\Lenovo\.m2\repository\com\github\docker-java\docker-java-api\3.2.13\docker-java-api-3.2.13.jar;C:\Users\Lenovo\.m2\repository\org\apache\commons\commons-compress\1.21\commons-compress-1.21.jar;C:\Users\Lenovo\.m2\repository\org\bouncycastle\bcpkix-jdk15on\1.64\bcpkix-jdk15on-1.64.jar;C:\Users\Lenovo\.m2\repository\org\bouncycastle\bcprov-jdk15on\1.64\bcprov-jdk15on-1.64.jar;C:\Users\Lenovo\.m2\repository\org\slf4j\jcl-over-slf4j\1.7.30\jcl-over-slf4j-1.7.30.jar;C:\Users\Lenovo\.m2\repository\com\github\docker-java\docker-java-transport-httpclient5\3.2.13\docker-java-transport-httpclient5-3.2.13.jar;C:\Users\Lenovo\.m2\repository\com\github\docker-java\docker-java-transport\3.2.13\docker-java-transport-3.2.13.jar;C:\Users\Lenovo\.m2\repository\net\java\dev\jna\jna\5.8.0\jna-5.8.0.jar;C:\Users\Lenovo\.m2\repository\org\brotli\dec\0.1.2\dec-0.1.2.jar;C:\Users\Lenovo\.m2\repository\org\apache\httpcomponents\client5\httpclient5\5.1.3\httpclient5-5.1.3.jar;C:\Users\Lenovo\.m2\repository\org\apache\httpcomponents\core5\httpcore5\5.1.3\httpcore5-5.1.3.jar;C:\Users\Lenovo\.m2\repository\org\apache\httpcomponents\core5\httpcore5-h2\5.1.3\httpcore5-h2-5.1.3.jar;C:\Users\Lenovo\.m2\repository\com\jhlabs\filters\2.0.235\filters-2.0.235.jar;C:\Users\Lenovo\.m2\repository\com\paulhammant\ngwebdriver\1.1.6\ngwebdriver-1.1.6.jar;C:\Users\Lenovo\.m2\repository\joda-time\joda-time\2.8.2\joda-time-2.8.2.jar;C:\Users\Lenovo\.m2\repository\com\google\jimfs\jimfs\1.2\jimfs-1.2.jar;C:\Users\Lenovo\.m2\repository\org\mockito\mockito-core\3.3.3\mockito-core-3.3.3.jar;C:\Users\Lenovo\.m2\repository\javax\xml\bind\jaxb-api\2.3.1\jaxb-api-2.3.1.jar;C:\Users\Lenovo\.m2\repository\javax\activation\javax.activation-api\1.2.0\javax.activation-api-1.2.0.jar;C:\Users\Lenovo\.m2\repository\com\sun\xml\bind\jaxb-core\2.3.0.1\jaxb-core-2.3.0.1.jar;C:\Users\Lenovo\.m2\repository\com\sun\xml\bind\jaxb-impl\2.3.3\jaxb-impl-2.3.3.jar;C:\Users\Lenovo\.m2\repository\jakarta\xml\bind\jakarta.xml.bind-api\2.3.3\jakarta.xml.bind-api-2.3.3.jar;C:\Users\Lenovo\.m2\repository\com\sun\activation\jakarta.activation\1.2.2\jakarta.activation-1.2.2.jar;C:\Users\Lenovo\.m2\repository\javax\activation\activation\1.1.1\activation-1.1.1.jar;C:\Users\Lenovo\.m2\repository\net\serenity-bdd\serenity-cucumber\3.5.1\serenity-cucumber-3.5.1.jar;C:\Users\Lenovo\.m2\repository\io\cucumber\cucumber-core\7.8.1\cucumber-core-7.8.1.jar;C:\Users\Lenovo\.m2\repository\io\cucumber\cucumber-gherkin\7.8.1\cucumber-gherkin-7.8.1.jar;C:\Users\Lenovo\.m2\repository\io\cucumber\cucumber-gherkin-messages\7.8.1\cucumber-gherkin-messages-7.8.1.jar;C:\Users\Lenovo\.m2\repository\io\cucumber\gherkin\24.0.0\gherkin-24.0.0.jar;C:\Users\Lenovo\.m2\repository\io\cucumber\messages\19.1.4\messages-19.1.4.jar;C:\Users\Lenovo\.m2\repository\io\cucumber\tag-expressions\4.1.0\tag-expressions-4.1.0.jar;C:\Users\Lenovo\.m2\repository\io\cucumber\cucumber-expressions\16.0.0\cucumber-expressions-16.0.0.jar;C:\Users\Lenovo\.m2\repository\io\cucumber\datatable\7.8.1\datatable-7.8.1.jar;C:\Users\Lenovo\.m2\repository\io\cucumber\cucumber-plugin\7.8.1\cucumber-plugin-7.8.1.jar;C:\Users\Lenovo\.m2\repository\io\cucumber\docstring\7.8.1\docstring-7.8.1.jar;C:\Users\Lenovo\.m2\repository\io\cucumber\html-formatter\20.1.0\html-formatter-20.1.0.jar;C:\Users\Lenovo\.m2\repository\io\cucumber\ci-environment\9.1.0\ci-environment-9.1.0.jar;C:\Users\Lenovo\.m2\repository\io\cucumber\cucumber-java\7.8.1\cucumber-java-7.8.1.jar;C:\Users\Lenovo\.m2\repository\io\cucumber\cucumber-junit\7.8.1\cucumber-junit-7.8.1.jar;C:\Users\Lenovo\.m2\repository\org\apache\commons\commons-csv\1.5\commons-csv-1.5.jar;C:\Users\Lenovo\.m2\repository\net\serenity-bdd\serenity-screenplay\3.5.1\serenity-screenplay-3.5.1.jar;C:\Users\Lenovo\.m2\repository\net\serenity-bdd\serenity-screenplay-webdriver\3.5.1\serenity-screenplay-webdriver-3.5.1.jar;C:\Users\Lenovo\.m2\repository\net\serenity-bdd\serenity-ensure\3.5.1\serenity-ensure-3.5.1.jar;C:\Users\Lenovo\.m2\repository\net\serenity-bdd\serenity-junit\3.5.1\serenity-junit-3.5.1.jar;C:\Users\Lenovo\.m2\repository\org\jetbrains\kotlin\kotlin-stdlib\1.7.21\kotlin-stdlib-1.7.21.jar;C:\Users\Lenovo\.m2\repository\org\jetbrains\kotlin\kotlin-stdlib-common\1.7.21\kotlin-stdlib-common-1.7.21.jar;C:\Users\Lenovo\.m2\repository\org\jetbrains\annotations\13.0\annotations-13.0.jar;C:\Users\Lenovo\.m2\repository\org\junit\platform\junit-platform-launcher\1.8.2\junit-platform-launcher-1.8.2.jar;C:\Users\Lenovo\.m2\repository\org\junit\platform\junit-platform-engine\1.8.2\junit-platform-engine-1.8.2.jar;C:\Users\Lenovo\.m2\repository\org\junit\platform\junit-platform-commons\1.8.2\junit-platform-commons-1.8.2.jar;C:\Users\Lenovo\.m2\repository\org\apiguardian\apiguardian-api\1.1.2\apiguardian-api-1.1.2.jar;C:\Users\Lenovo\.m2\repository\org\junit\jupiter\junit-jupiter-engine\5.8.2\junit-jupiter-engine-5.8.2.jar;C:\Users\Lenovo\.m2\repository\org\junit\jupiter\junit-jupiter-api\5.8.2\junit-jupiter-api-5.8.2.jar;C:\Users\Lenovo\.m2\repository\org\junit\vintage\junit-vintage-engine\5.8.2\junit-vintage-engine-5.8.2.jar;C:\Users\Lenovo\.m2\repository\ch\qos\logback\logback-classic\1.2.10\logback-classic-1.2.10.jar;C:\Users\Lenovo\.m2\repository\ch\qos\logback\logback-core\1.2.10\logback-core-1.2.10.jar;C:\Users\Lenovo\.m2\repository\org\slf4j\slf4j-api\1.7.32\slf4j-api-1.7.32.jar;C:\Users\Lenovo\.m2\repository\org\assertj\assertj-core\3.23.1\assertj-core-3.23.1.jar;C:\Users\Lenovo\.m2\repository\net\bytebuddy\byte-buddy\1.12.10\byte-buddy-1.12.10.jar;C:\Users\Lenovo\.m2\repository\junit\junit\4.13.2\junit-4.13.2.jar;C:\Users\Lenovo\.m2\repository\org\hamcrest\hamcrest-core\1.3\hamcrest-core-1.3.jar;C:\Users\Lenovo\.m2\repository\net\serenity-bdd\serenity-rest-assured\3.5.1\serenity-rest-assured-3.5.1.jar;C:\Users\Lenovo\.m2\repository\org\apache\groovy\groovy-json\4.0.6\groovy-json-4.0.6.jar;C:\Users\Lenovo\.m2\repository\org\apache\groovy\groovy-xml\4.0.6\groovy-xml-4.0.6.jar;C:\Users\Lenovo\.m2\repository\org\opentest4j\opentest4j\1.2.0\opentest4j-1.2.0.jar;C:\Users\Lenovo\.m2\repository\io\rest-assured\rest-assured\5.2.0\rest-assured-5.2.0.jar;C:\Users\Lenovo\.m2\repository\org\apache\httpcomponents\httpmime\4.5.13\httpmime-4.5.13.jar;C:\Users\Lenovo\.m2\repository\org\ccil\cowan\tagsoup\tagsoup\1.2.1\tagsoup-1.2.1.jar;C:\Users\Lenovo\.m2\repository\io\rest-assured\json-path\5.2.0\json-path-5.2.0.jar;C:\Users\Lenovo\.m2\repository\io\rest-assured\rest-assured-common\5.2.0\rest-assured-common-5.2.0.jar;C:\Users\Lenovo\.m2\repository\io\rest-assured\xml-path\5.2.0\xml-path-5.2.0.jar;C:\Users\Lenovo\.m2\repository\org\json\json\20230227\json-20230227.jar;C:\Users\Lenovo\.m2\repository\org\hamcrest\hamcrest\2.2\hamcrest-2.2.jar;"/>
    <property name="java.vm.vendor" value="Oracle Corporation"/>
    <property name="sun.arch.data.model" value="64"/>
    <property name="user.variant" value=""/>
    <property name="java.vendor.url" value="https://java.oracle.com/"/>
    <property name="user.timezone" value="Asia/Bangkok"/>
    <property name="os.name" value="Windows 10"/>
    <property name="java.vm.specification.version" value="14"/>
    <property name="sun.java.launcher" value="SUN_STANDARD"/>
    <property name="user.country" value="US"/>
    <property name="sun.boot.library.path" value="C:\Program Files\Java\jdk-14.0.2\bin"/>
    <property name="sun.java.command" value="org.apache.maven.surefire.booter.ForkedBooter C:\Users\Lenovo\AppData\Local\Temp\surefire9432393310440525979 2023-05-05T15-26-39_787-jvmRun1 surefire3587784986337198499tmp surefire_013951309384434062649tmp"/>
    <property name="jdk.debug" value="release"/>
    <property name="surefire.test.class.path" value="C:\Users\Lenovo\IdeaProjects\MiniProject\MiniprojectApi\target\test-classes;C:\Users\Lenovo\.m2\repository\net\serenity-bdd\serenity-core\3.5.1\serenity-core-3.5.1.jar;C:\Users\Lenovo\.m2\repository\net\serenity-bdd\serenity-model\3.5.1\serenity-model-3.5.1.jar;C:\Users\Lenovo\.m2\repository\org\apache\commons\commons-text\1.10.0\commons-text-1.10.0.jar;C:\Users\Lenovo\.m2\repository\commons-net\commons-net\3.8.0\commons-net-3.8.0.jar;C:\Users\Lenovo\.m2\repository\com\google\guava\guava\31.1-jre\guava-31.1-jre.jar;C:\Users\Lenovo\.m2\repository\com\google\guava\failureaccess\1.0.1\failureaccess-1.0.1.jar;C:\Users\Lenovo\.m2\repository\com\google\guava\listenablefuture\9999.0-empty-to-avoid-conflict-with-guava\listenablefuture-9999.0-empty-to-avoid-conflict-with-guava.jar;C:\Users\Lenovo\.m2\repository\com\google\code\findbugs\jsr305\3.0.2\jsr305-3.0.2.jar;C:\Users\Lenovo\.m2\repository\org\checkerframework\checker-qual\3.12.0\checker-qual-3.12.0.jar;C:\Users\Lenovo\.m2\repository\com\google\errorprone\error_prone_annotations\2.11.0\error_prone_annotations-2.11.0.jar;C:\Users\Lenovo\.m2\repository\com\google\j2objc\j2objc-annotations\1.3\j2objc-annotations-1.3.jar;C:\Users\Lenovo\.m2\repository\com\google\inject\guice\5.1.0\guice-5.1.0.jar;C:\Users\Lenovo\.m2\repository\javax\inject\javax.inject\1\javax.inject-1.jar;C:\Users\Lenovo\.m2\repository\aopalliance\aopalliance\1.0\aopalliance-1.0.jar;C:\Users\Lenovo\.m2\repository\org\jsoup\jsoup\1.14.3\jsoup-1.14.3.jar;C:\Users\Lenovo\.m2\repository\com\thoughtworks\xstream\xstream\1.4.19\xstream-1.4.19.jar;C:\Users\Lenovo\.m2\repository\io\github\x-stream\mxparser\1.2.2\mxparser-1.2.2.jar;C:\Users\Lenovo\.m2\repository\xmlpull\xmlpull\1.1.3.1\xmlpull-1.1.3.1.jar;C:\Users\Lenovo\.m2\repository\com\typesafe\config\1.4.2\config-1.4.2.jar;C:\Users\Lenovo\.m2\repository\org\imgscalr\imgscalr-lib\4.2\imgscalr-lib-4.2.jar;C:\Users\Lenovo\.m2\repository\org\awaitility\awaitility\4.2.0\awaitility-4.2.0.jar;C:\Users\Lenovo\.m2\repository\org\freemarker\freemarker\2.3.31\freemarker-2.3.31.jar;C:\Users\Lenovo\.m2\repository\io\github\classgraph\classgraph\4.8.138\classgraph-4.8.138.jar;C:\Users\Lenovo\.m2\repository\net\sourceforge\jexcelapi\jxl\2.6.12\jxl-2.6.12.jar;C:\Users\Lenovo\.m2\repository\net\bytebuddy\byte-buddy-agent\1.12.18\byte-buddy-agent-1.12.18.jar;C:\Users\Lenovo\.m2\repository\org\objenesis\objenesis\3.1\objenesis-3.1.jar;C:\Users\Lenovo\.m2\repository\net\serenity-bdd\serenity-reports\3.5.1\serenity-reports-3.5.1.jar;C:\Users\Lenovo\.m2\repository\net\serenity-bdd\serenity-stats\3.5.1\serenity-stats-3.5.1.jar;C:\Users\Lenovo\.m2\repository\net\serenity-bdd\serenity-reports-configuration\3.5.1\serenity-reports-configuration-3.5.1.jar;C:\Users\Lenovo\.m2\repository\com\vladsch\flexmark\flexmark-all\0.34.30\flexmark-all-0.34.30.jar;C:\Users\Lenovo\.m2\repository\com\vladsch\flexmark\flexmark\0.34.30\flexmark-0.34.30.jar;C:\Users\Lenovo\.m2\repository\com\vladsch\flexmark\flexmark-ext-abbreviation\0.34.30\flexmark-ext-abbreviation-0.34.30.jar;C:\Users\Lenovo\.m2\repository\com\vladsch\flexmark\flexmark-ext-admonition\0.34.30\flexmark-ext-admonition-0.34.30.jar;C:\Users\Lenovo\.m2\repository\com\vladsch\flexmark\flexmark-ext-anchorlink\0.34.30\flexmark-ext-anchorlink-0.34.30.jar;C:\Users\Lenovo\.m2\repository\com\vladsch\flexmark\flexmark-ext-aside\0.34.30\flexmark-ext-aside-0.34.30.jar;C:\Users\Lenovo\.m2\repository\com\vladsch\flexmark\flexmark-ext-attributes\0.34.30\flexmark-ext-attributes-0.34.30.jar;C:\Users\Lenovo\.m2\repository\com\vladsch\flexmark\flexmark-ext-autolink\0.34.30\flexmark-ext-autolink-0.34.30.jar;C:\Users\Lenovo\.m2\repository\org\nibor\autolink\autolink\0.6.0\autolink-0.6.0.jar;C:\Users\Lenovo\.m2\repository\com\vladsch\flexmark\flexmark-ext-definition\0.34.30\flexmark-ext-definition-0.34.30.jar;C:\Users\Lenovo\.m2\repository\com\vladsch\flexmark\flexmark-ext-emoji\0.34.30\flexmark-ext-emoji-0.34.30.jar;C:\Users\Lenovo\.m2\repository\com\vladsch\flexmark\flexmark-ext-enumerated-reference\0.34.30\flexmark-ext-enumerated-reference-0.34.30.jar;C:\Users\Lenovo\.m2\repository\com\vladsch\flexmark\flexmark-ext-escaped-character\0.34.30\flexmark-ext-escaped-character-0.34.30.jar;C:\Users\Lenovo\.m2\repository\com\vladsch\flexmark\flexmark-ext-footnotes\0.34.30\flexmark-ext-footnotes-0.34.30.jar;C:\Users\Lenovo\.m2\repository\com\vladsch\flexmark\flexmark-ext-gfm-issues\0.34.30\flexmark-ext-gfm-issues-0.34.30.jar;C:\Users\Lenovo\.m2\repository\com\vladsch\flexmark\flexmark-ext-gfm-strikethrough\0.34.30\flexmark-ext-gfm-strikethrough-0.34.30.jar;C:\Users\Lenovo\.m2\repository\com\vladsch\flexmark\flexmark-ext-gfm-tables\0.34.30\flexmark-ext-gfm-tables-0.34.30.jar;C:\Users\Lenovo\.m2\repository\com\vladsch\flexmark\flexmark-ext-gfm-tasklist\0.34.30\flexmark-ext-gfm-tasklist-0.34.30.jar;C:\Users\Lenovo\.m2\repository\com\vladsch\flexmark\flexmark-ext-gfm-users\0.34.30\flexmark-ext-gfm-users-0.34.30.jar;C:\Users\Lenovo\.m2\repository\com\vladsch\flexmark\flexmark-ext-gitlab\0.34.30\flexmark-ext-gitlab-0.34.30.jar;C:\Users\Lenovo\.m2\repository\com\vladsch\flexmark\flexmark-ext-jekyll-front-matter\0.34.30\flexmark-ext-jekyll-front-matter-0.34.30.jar;C:\Users\Lenovo\.m2\repository\com\vladsch\flexmark\flexmark-ext-jekyll-tag\0.34.30\flexmark-ext-jekyll-tag-0.34.30.jar;C:\Users\Lenovo\.m2\repository\com\vladsch\flexmark\flexmark-ext-media-tags\0.34.30\flexmark-ext-media-tags-0.34.30.jar;C:\Users\Lenovo\.m2\repository\com\vladsch\flexmark\flexmark-test-util\0.34.30\flexmark-test-util-0.34.30.jar;C:\Users\Lenovo\.m2\repository\com\vladsch\flexmark\flexmark-ext-ins\0.34.30\flexmark-ext-ins-0.34.30.jar;C:\Users\Lenovo\.m2\repository\com\vladsch\flexmark\flexmark-ext-xwiki-macros\0.34.30\flexmark-ext-xwiki-macros-0.34.30.jar;C:\Users\Lenovo\.m2\repository\com\vladsch\flexmark\flexmark-ext-superscript\0.34.30\flexmark-ext-superscript-0.34.30.jar;C:\Users\Lenovo\.m2\repository\com\vladsch\flexmark\flexmark-ext-tables\0.34.30\flexmark-ext-tables-0.34.30.jar;C:\Users\Lenovo\.m2\repository\com\vladsch\flexmark\flexmark-ext-toc\0.34.30\flexmark-ext-toc-0.34.30.jar;C:\Users\Lenovo\.m2\repository\com\vladsch\flexmark\flexmark-ext-typographic\0.34.30\flexmark-ext-typographic-0.34.30.jar;C:\Users\Lenovo\.m2\repository\com\vladsch\flexmark\flexmark-ext-wikilink\0.34.30\flexmark-ext-wikilink-0.34.30.jar;C:\Users\Lenovo\.m2\repository\com\vladsch\flexmark\flexmark-ext-yaml-front-matter\0.34.30\flexmark-ext-yaml-front-matter-0.34.30.jar;C:\Users\Lenovo\.m2\repository\com\vladsch\flexmark\flexmark-ext-youtube-embedded\0.34.30\flexmark-ext-youtube-embedded-0.34.30.jar;C:\Users\Lenovo\.m2\repository\com\vladsch\flexmark\flexmark-formatter\0.34.30\flexmark-formatter-0.34.30.jar;C:\Users\Lenovo\.m2\repository\com\vladsch\flexmark\flexmark-html-parser\0.34.30\flexmark-html-parser-0.34.30.jar;C:\Users\Lenovo\.m2\repository\com\vladsch\flexmark\flexmark-jira-converter\0.34.30\flexmark-jira-converter-0.34.30.jar;C:\Users\Lenovo\.m2\repository\com\vladsch\flexmark\flexmark-pdf-converter\0.34.30\flexmark-pdf-converter-0.34.30.jar;C:\Users\Lenovo\.m2\repository\com\openhtmltopdf\openhtmltopdf-core\0.0.1-RC13\openhtmltopdf-core-0.0.1-RC13.jar;C:\Users\Lenovo\.m2\repository\com\openhtmltopdf\openhtmltopdf-pdfbox\0.0.1-RC13\openhtmltopdf-pdfbox-0.0.1-RC13.jar;C:\Users\Lenovo\.m2\repository\org\apache\pdfbox\pdfbox\2.0.8\pdfbox-2.0.8.jar;C:\Users\Lenovo\.m2\repository\org\apache\pdfbox\fontbox\2.0.8\fontbox-2.0.8.jar;C:\Users\Lenovo\.m2\repository\org\apache\pdfbox\xmpbox\2.0.8\xmpbox-2.0.8.jar;C:\Users\Lenovo\.m2\repository\de\rototor\pdfbox\graphics2d\0.12\graphics2d-0.12.jar;C:\Users\Lenovo\.m2\repository\com\openhtmltopdf\openhtmltopdf-rtl-support\0.0.1-RC13\openhtmltopdf-rtl-support-0.0.1-RC13.jar;C:\Users\Lenovo\.m2\repository\com\ibm\icu\icu4j\59.1\icu4j-59.1.jar;C:\Users\Lenovo\.m2\repository\com\openhtmltopdf\openhtmltopdf-jsoup-dom-converter\0.0.1-RC13\openhtmltopdf-jsoup-dom-converter-0.0.1-RC13.jar;C:\Users\Lenovo\.m2\repository\com\vladsch\flexmark\flexmark-profile-pegdown\0.34.30\flexmark-profile-pegdown-0.34.30.jar;C:\Users\Lenovo\.m2\repository\com\vladsch\flexmark\flexmark-util\0.34.30\flexmark-util-0.34.30.jar;C:\Users\Lenovo\.m2\repository\com\vladsch\flexmark\flexmark-youtrack-converter\0.34.30\flexmark-youtrack-converter-0.34.30.jar;C:\Users\Lenovo\.m2\repository\es\nitaur\markdown\txtmark\0.16\txtmark-0.16.jar;C:\Users\Lenovo\.m2\repository\net\serenity-bdd\serenity-report-resources\3.5.1\serenity-report-resources-3.5.1.jar;C:\Users\Lenovo\.m2\repository\com\google\code\gson\gson\2.9.0\gson-2.9.0.jar;C:\Users\Lenovo\.m2\repository\com\fasterxml\jackson\core\jackson-core\2.13.4\jackson-core-2.13.4.jar;C:\Users\Lenovo\.m2\repository\com\fasterxml\jackson\core\jackson-databind\2.13.4\jackson-databind-2.13.4.jar;C:\Users\Lenovo\.m2\repository\com\fasterxml\jackson\core\jackson-annotations\2.13.4\jackson-annotations-2.13.4.jar;C:\Users\Lenovo\.m2\repository\commons-codec\commons-codec\1.15\commons-codec-1.15.jar;C:\Users\Lenovo\.m2\repository\commons-io\commons-io\2.11.0\commons-io-2.11.0.jar;C:\Users\Lenovo\.m2\repository\org\apache\httpcomponents\httpclient\4.5.13\httpclient-4.5.13.jar;C:\Users\Lenovo\.m2\repository\org\apache\httpcomponents\httpcore\4.4.13\httpcore-4.4.13.jar;C:\Users\Lenovo\.m2\repository\commons-logging\commons-logging\1.2\commons-logging-1.2.jar;C:\Users\Lenovo\.m2\repository\org\seleniumhq\selenium\selenium-java\4.7.1\selenium-java-4.7.1.jar;C:\Users\Lenovo\.m2\repository\org\seleniumhq\selenium\selenium-devtools-v106\4.7.1\selenium-devtools-v106-4.7.1.jar;C:\Users\Lenovo\.m2\repository\org\seleniumhq\selenium\selenium-devtools-v107\4.7.1\selenium-devtools-v107-4.7.1.jar;C:\Users\Lenovo\.m2\repository\org\seleniumhq\selenium\selenium-devtools-v108\4.7.1\selenium-devtools-v108-4.7.1.jar;C:\Users\Lenovo\.m2\repository\org\seleniumhq\selenium\selenium-devtools-v85\4.7.1\selenium-devtools-v85-4.7.1.jar;C:\Users\Lenovo\.m2\repository\org\seleniumhq\selenium\selenium-remote-driver\4.7.1\selenium-remote-driver-4.7.1.jar;C:\Users\Lenovo\.m2\repository\com\beust\jcommander\1.82\jcommander-1.82.jar;C:\Users\Lenovo\.m2\repository\io\netty\netty-buffer\4.1.84.Final\netty-buffer-4.1.84.Final.jar;C:\Users\Lenovo\.m2\repository\io\netty\netty-codec-http\4.1.84.Final\netty-codec-http-4.1.84.Final.jar;C:\Users\Lenovo\.m2\repository\io\netty\netty-codec\4.1.84.Final\netty-codec-4.1.84.Final.jar;C:\Users\Lenovo\.m2\repository\io\netty\netty-handler\4.1.84.Final\netty-handler-4.1.84.Final.jar;C:\Users\Lenovo\.m2\repository\io\netty\netty-common\4.1.84.Final\netty-common-4.1.84.Final.jar;C:\Users\Lenovo\.m2\repository\io\netty\netty-transport-classes-epoll\4.1.84.Final\netty-transport-classes-epoll-4.1.84.Final.jar;C:\Users\Lenovo\.m2\repository\io\netty\netty-transport-classes-kqueue\4.1.84.Final\netty-transport-classes-kqueue-4.1.84.Final.jar;C:\Users\Lenovo\.m2\repository\io\netty\netty-transport-native-epoll\4.1.84.Final\netty-transport-native-epoll-4.1.84.Final.jar;C:\Users\Lenovo\.m2\repository\io\netty\netty-transport-native-kqueue\4.1.84.Final\netty-transport-native-kqueue-4.1.84.Final.jar;C:\Users\Lenovo\.m2\repository\io\netty\netty-transport-native-unix-common\4.1.84.Final\netty-transport-native-unix-common-4.1.84.Final.jar;C:\Users\Lenovo\.m2\repository\io\netty\netty-transport\4.1.84.Final\netty-transport-4.1.84.Final.jar;C:\Users\Lenovo\.m2\repository\io\netty\netty-resolver\4.1.84.Final\netty-resolver-4.1.84.Final.jar;C:\Users\Lenovo\.m2\repository\io\opentelemetry\opentelemetry-api\1.19.0\opentelemetry-api-1.19.0.jar;C:\Users\Lenovo\.m2\repository\io\opentelemetry\opentelemetry-context\1.19.0\opentelemetry-context-1.19.0.jar;C:\Users\Lenovo\.m2\repository\io\opentelemetry\opentelemetry-exporter-logging\1.19.0\opentelemetry-exporter-logging-1.19.0.jar;C:\Users\Lenovo\.m2\repository\io\opentelemetry\opentelemetry-sdk-metrics\1.19.0\opentelemetry-sdk-metrics-1.19.0.jar;C:\Users\Lenovo\.m2\repository\io\opentelemetry\opentelemetry-sdk-logs\1.19.0-alpha\opentelemetry-sdk-logs-1.19.0-alpha.jar;C:\Users\Lenovo\.m2\repository\io\opentelemetry\opentelemetry-api-logs\1.19.0-alpha\opentelemetry-api-logs-1.19.0-alpha.jar;C:\Users\Lenovo\.m2\repository\io\opentelemetry\opentelemetry-sdk-common\1.19.0\opentelemetry-sdk-common-1.19.0.jar;C:\Users\Lenovo\.m2\repository\io\opentelemetry\opentelemetry-sdk-extension-autoconfigure-spi\1.19.0\opentelemetry-sdk-extension-autoconfigure-spi-1.19.0.jar;C:\Users\Lenovo\.m2\repository\io\opentelemetry\opentelemetry-sdk-extension-autoconfigure\1.19.0-alpha\opentelemetry-sdk-extension-autoconfigure-1.19.0-alpha.jar;C:\Users\Lenovo\.m2\repository\io\opentelemetry\opentelemetry-exporter-common\1.19.0\opentelemetry-exporter-common-1.19.0.jar;C:\Users\Lenovo\.m2\repository\io\opentelemetry\opentelemetry-sdk-trace\1.19.0\opentelemetry-sdk-trace-1.19.0.jar;C:\Users\Lenovo\.m2\repository\io\opentelemetry\opentelemetry-sdk\1.19.0\opentelemetry-sdk-1.19.0.jar;C:\Users\Lenovo\.m2\repository\io\opentelemetry\opentelemetry-semconv\1.19.0-alpha\opentelemetry-semconv-1.19.0-alpha.jar;C:\Users\Lenovo\.m2\repository\io\ous\jtoml\2.0.0\jtoml-2.0.0.jar;C:\Users\Lenovo\.m2\repository\org\apache\commons\commons-exec\1.3\commons-exec-1.3.jar;C:\Users\Lenovo\.m2\repository\org\asynchttpclient\async-http-client\2.12.3\async-http-client-2.12.3.jar;C:\Users\Lenovo\.m2\repository\org\asynchttpclient\async-http-client-netty-utils\2.12.3\async-http-client-netty-utils-2.12.3.jar;C:\Users\Lenovo\.m2\repository\io\netty\netty-codec-socks\4.1.60.Final\netty-codec-socks-4.1.60.Final.jar;C:\Users\Lenovo\.m2\repository\io\netty\netty-handler-proxy\4.1.60.Final\netty-handler-proxy-4.1.60.Final.jar;C:\Users\Lenovo\.m2\repository\io\netty\netty-transport-native-epoll\4.1.60.Final\netty-transport-native-epoll-4.1.60.Final-linux-x86_64.jar;C:\Users\Lenovo\.m2\repository\io\netty\netty-transport-native-kqueue\4.1.60.Final\netty-transport-native-kqueue-4.1.60.Final-osx-x86_64.jar;C:\Users\Lenovo\.m2\repository\org\reactivestreams\reactive-streams\1.0.3\reactive-streams-1.0.3.jar;C:\Users\Lenovo\.m2\repository\com\typesafe\netty\netty-reactive-streams\2.0.4\netty-reactive-streams-2.0.4.jar;C:\Users\Lenovo\.m2\repository\org\seleniumhq\selenium\selenium-manager\4.7.1\selenium-manager-4.7.1.jar;C:\Users\Lenovo\.m2\repository\org\seleniumhq\selenium\selenium-safari-driver\4.7.1\selenium-safari-driver-4.7.1.jar;C:\Users\Lenovo\.m2\repository\org\seleniumhq\selenium\selenium-api\4.7.1\selenium-api-4.7.1.jar;C:\Users\Lenovo\.m2\repository\org\seleniumhq\selenium\selenium-support\4.7.1\selenium-support-4.7.1.jar;C:\Users\Lenovo\.m2\repository\com\google\auto\service\auto-service-annotations\1.0.1\auto-service-annotations-1.0.1.jar;C:\Users\Lenovo\.m2\repository\com\google\auto\service\auto-service\1.0.1\auto-service-1.0.1.jar;C:\Users\Lenovo\.m2\repository\com\google\auto\auto-common\1.2\auto-common-1.2.jar;C:\Users\Lenovo\.m2\repository\org\seleniumhq\selenium\selenium-json\4.7.1\selenium-json-4.7.1.jar;C:\Users\Lenovo\.m2\repository\org\seleniumhq\selenium\selenium-chrome-driver\4.7.1\selenium-chrome-driver-4.7.1.jar;C:\Users\Lenovo\.m2\repository\org\seleniumhq\selenium\selenium-chromium-driver\4.7.1\selenium-chromium-driver-4.7.1.jar;C:\Users\Lenovo\.m2\repository\org\seleniumhq\selenium\selenium-firefox-driver\4.7.1\selenium-firefox-driver-4.7.1.jar;C:\Users\Lenovo\.m2\repository\org\seleniumhq\selenium\selenium-http\4.7.1\selenium-http-4.7.1.jar;C:\Users\Lenovo\.m2\repository\dev\failsafe\failsafe\3.3.0\failsafe-3.3.0.jar;C:\Users\Lenovo\.m2\repository\org\seleniumhq\selenium\selenium-edge-driver\4.7.1\selenium-edge-driver-4.7.1.jar;C:\Users\Lenovo\.m2\repository\org\seleniumhq\selenium\selenium-ie-driver\4.7.1\selenium-ie-driver-4.7.1.jar;C:\Users\Lenovo\.m2\repository\org\projectlombok\lombok\1.18.20\lombok-1.18.20.jar;C:\Users\Lenovo\.m2\repository\io\appium\java-client\8.3.0\java-client-8.3.0.jar;C:\Users\Lenovo\.m2\repository\commons-validator\commons-validator\1.7\commons-validator-1.7.jar;C:\Users\Lenovo\.m2\repository\commons-digester\commons-digester\2.1\commons-digester-2.1.jar;C:\Users\Lenovo\.m2\repository\org\apache\groovy\groovy\4.0.6\groovy-4.0.6.jar;C:\Users\Lenovo\.m2\repository\net\sf\opencsv\opencsv\2.0\opencsv-2.0.jar;C:\Users\Lenovo\.m2\repository\commons-beanutils\commons-beanutils\1.9.4\commons-beanutils-1.9.4.jar;C:\Users\Lenovo\.m2\repository\org\apache\commons\commons-lang3\3.12.0\commons-lang3-3.12.0.jar;C:\Users\Lenovo\.m2\repository\commons-collections\commons-collections\3.2.2\commons-collections-3.2.2.jar;C:\Users\Lenovo\.m2\repository\org\fluentlenium\fluentlenium-core\0.10.2\fluentlenium-core-0.10.2.jar;C:\Users\Lenovo\.m2\repository\io\github\bonigarcia\webdrivermanager\5.3.0\webdrivermanager-5.3.0.jar;C:\Users\Lenovo\.m2\repository\com\github\docker-java\docker-java\3.2.13\docker-java-3.2.13.jar;C:\Users\Lenovo\.m2\repository\com\github\docker-java\docker-java-core\3.2.13\docker-java-core-3.2.13.jar;C:\Users\Lenovo\.m2\repository\com\github\docker-java\docker-java-api\3.2.13\docker-java-api-3.2.13.jar;C:\Users\Lenovo\.m2\repository\org\apache\commons\commons-compress\1.21\commons-compress-1.21.jar;C:\Users\Lenovo\.m2\repository\org\bouncycastle\bcpkix-jdk15on\1.64\bcpkix-jdk15on-1.64.jar;C:\Users\Lenovo\.m2\repository\org\bouncycastle\bcprov-jdk15on\1.64\bcprov-jdk15on-1.64.jar;C:\Users\Lenovo\.m2\repository\org\slf4j\jcl-over-slf4j\1.7.30\jcl-over-slf4j-1.7.30.jar;C:\Users\Lenovo\.m2\repository\com\github\docker-java\docker-java-transport-httpclient5\3.2.13\docker-java-transport-httpclient5-3.2.13.jar;C:\Users\Lenovo\.m2\repository\com\github\docker-java\docker-java-transport\3.2.13\docker-java-transport-3.2.13.jar;C:\Users\Lenovo\.m2\repository\net\java\dev\jna\jna\5.8.0\jna-5.8.0.jar;C:\Users\Lenovo\.m2\repository\org\brotli\dec\0.1.2\dec-0.1.2.jar;C:\Users\Lenovo\.m2\repository\org\apache\httpcomponents\client5\httpclient5\5.1.3\httpclient5-5.1.3.jar;C:\Users\Lenovo\.m2\repository\org\apache\httpcomponents\core5\httpcore5\5.1.3\httpcore5-5.1.3.jar;C:\Users\Lenovo\.m2\repository\org\apache\httpcomponents\core5\httpcore5-h2\5.1.3\httpcore5-h2-5.1.3.jar;C:\Users\Lenovo\.m2\repository\com\jhlabs\filters\2.0.235\filters-2.0.235.jar;C:\Users\Lenovo\.m2\repository\com\paulhammant\ngwebdriver\1.1.6\ngwebdriver-1.1.6.jar;C:\Users\Lenovo\.m2\repository\joda-time\joda-time\2.8.2\joda-time-2.8.2.jar;C:\Users\Lenovo\.m2\repository\com\google\jimfs\jimfs\1.2\jimfs-1.2.jar;C:\Users\Lenovo\.m2\repository\org\mockito\mockito-core\3.3.3\mockito-core-3.3.3.jar;C:\Users\Lenovo\.m2\repository\javax\xml\bind\jaxb-api\2.3.1\jaxb-api-2.3.1.jar;C:\Users\Lenovo\.m2\repository\javax\activation\javax.activation-api\1.2.0\javax.activation-api-1.2.0.jar;C:\Users\Lenovo\.m2\repository\com\sun\xml\bind\jaxb-core\2.3.0.1\jaxb-core-2.3.0.1.jar;C:\Users\Lenovo\.m2\repository\com\sun\xml\bind\jaxb-impl\2.3.3\jaxb-impl-2.3.3.jar;C:\Users\Lenovo\.m2\repository\jakarta\xml\bind\jakarta.xml.bind-api\2.3.3\jakarta.xml.bind-api-2.3.3.jar;C:\Users\Lenovo\.m2\repository\com\sun\activation\jakarta.activation\1.2.2\jakarta.activation-1.2.2.jar;C:\Users\Lenovo\.m2\repository\javax\activation\activation\1.1.1\activation-1.1.1.jar;C:\Users\Lenovo\.m2\repository\net\serenity-bdd\serenity-cucumber\3.5.1\serenity-cucumber-3.5.1.jar;C:\Users\Lenovo\.m2\repository\io\cucumber\cucumber-core\7.8.1\cucumber-core-7.8.1.jar;C:\Users\Lenovo\.m2\repository\io\cucumber\cucumber-gherkin\7.8.1\cucumber-gherkin-7.8.1.jar;C:\Users\Lenovo\.m2\repository\io\cucumber\cucumber-gherkin-messages\7.8.1\cucumber-gherkin-messages-7.8.1.jar;C:\Users\Lenovo\.m2\repository\io\cucumber\gherkin\24.0.0\gherkin-24.0.0.jar;C:\Users\Lenovo\.m2\repository\io\cucumber\messages\19.1.4\messages-19.1.4.jar;C:\Users\Lenovo\.m2\repository\io\cucumber\tag-expressions\4.1.0\tag-expressions-4.1.0.jar;C:\Users\Lenovo\.m2\repository\io\cucumber\cucumber-expressions\16.0.0\cucumber-expressions-16.0.0.jar;C:\Users\Lenovo\.m2\repository\io\cucumber\datatable\7.8.1\datatable-7.8.1.jar;C:\Users\Lenovo\.m2\repository\io\cucumber\cucumber-plugin\7.8.1\cucumber-plugin-7.8.1.jar;C:\Users\Lenovo\.m2\repository\io\cucumber\docstring\7.8.1\docstring-7.8.1.jar;C:\Users\Lenovo\.m2\repository\io\cucumber\html-formatter\20.1.0\html-formatter-20.1.0.jar;C:\Users\Lenovo\.m2\repository\io\cucumber\ci-environment\9.1.0\ci-environment-9.1.0.jar;C:\Users\Lenovo\.m2\repository\io\cucumber\cucumber-java\7.8.1\cucumber-java-7.8.1.jar;C:\Users\Lenovo\.m2\repository\io\cucumber\cucumber-junit\7.8.1\cucumber-junit-7.8.1.jar;C:\Users\Lenovo\.m2\repository\org\apache\commons\commons-csv\1.5\commons-csv-1.5.jar;C:\Users\Lenovo\.m2\repository\net\serenity-bdd\serenity-screenplay\3.5.1\serenity-screenplay-3.5.1.jar;C:\Users\Lenovo\.m2\repository\net\serenity-bdd\serenity-screenplay-webdriver\3.5.1\serenity-screenplay-webdriver-3.5.1.jar;C:\Users\Lenovo\.m2\repository\net\serenity-bdd\serenity-ensure\3.5.1\serenity-ensure-3.5.1.jar;C:\Users\Lenovo\.m2\repository\net\serenity-bdd\serenity-junit\3.5.1\serenity-junit-3.5.1.jar;C:\Users\Lenovo\.m2\repository\org\jetbrains\kotlin\kotlin-stdlib\1.7.21\kotlin-stdlib-1.7.21.jar;C:\Users\Lenovo\.m2\repository\org\jetbrains\kotlin\kotlin-stdlib-common\1.7.21\kotlin-stdlib-common-1.7.21.jar;C:\Users\Lenovo\.m2\repository\org\jetbrains\annotations\13.0\annotations-13.0.jar;C:\Users\Lenovo\.m2\repository\org\junit\platform\junit-platform-launcher\1.8.2\junit-platform-launcher-1.8.2.jar;C:\Users\Lenovo\.m2\repository\org\junit\platform\junit-platform-engine\1.8.2\junit-platform-engine-1.8.2.jar;C:\Users\Lenovo\.m2\repository\org\junit\platform\junit-platform-commons\1.8.2\junit-platform-commons-1.8.2.jar;C:\Users\Lenovo\.m2\repository\org\apiguardian\apiguardian-api\1.1.2\apiguardian-api-1.1.2.jar;C:\Users\Lenovo\.m2\repository\org\junit\jupiter\junit-jupiter-engine\5.8.2\junit-jupiter-engine-5.8.2.jar;C:\Users\Lenovo\.m2\repository\org\junit\jupiter\junit-jupiter-api\5.8.2\junit-jupiter-api-5.8.2.jar;C:\Users\Lenovo\.m2\repository\org\junit\vintage\junit-vintage-engine\5.8.2\junit-vintage-engine-5.8.2.jar;C:\Users\Lenovo\.m2\repository\ch\qos\logback\logback-classic\1.2.10\logback-classic-1.2.10.jar;C:\Users\Lenovo\.m2\repository\ch\qos\logback\logback-core\1.2.10\logback-core-1.2.10.jar;C:\Users\Lenovo\.m2\repository\org\slf4j\slf4j-api\1.7.32\slf4j-api-1.7.32.jar;C:\Users\Lenovo\.m2\repository\org\assertj\assertj-core\3.23.1\assertj-core-3.23.1.jar;C:\Users\Lenovo\.m2\repository\net\bytebuddy\byte-buddy\1.12.10\byte-buddy-1.12.10.jar;C:\Users\Lenovo\.m2\repository\junit\junit\4.13.2\junit-4.13.2.jar;C:\Users\Lenovo\.m2\repository\org\hamcrest\hamcrest-core\1.3\hamcrest-core-1.3.jar;C:\Users\Lenovo\.m2\repository\net\serenity-bdd\serenity-rest-assured\3.5.1\serenity-rest-assured-3.5.1.jar;C:\Users\Lenovo\.m2\repository\org\apache\groovy\groovy-json\4.0.6\groovy-json-4.0.6.jar;C:\Users\Lenovo\.m2\repository\org\apache\groovy\groovy-xml\4.0.6\groovy-xml-4.0.6.jar;C:\Users\Lenovo\.m2\repository\org\opentest4j\opentest4j\1.2.0\opentest4j-1.2.0.jar;C:\Users\Lenovo\.m2\repository\io\rest-assured\rest-assured\5.2.0\rest-assured-5.2.0.jar;C:\Users\Lenovo\.m2\repository\org\apache\httpcomponents\httpmime\4.5.13\httpmime-4.5.13.jar;C:\Users\Lenovo\.m2\repository\org\ccil\cowan\tagsoup\tagsoup\1.2.1\tagsoup-1.2.1.jar;C:\Users\Lenovo\.m2\repository\io\rest-assured\json-path\5.2.0\json-path-5.2.0.jar;C:\Users\Lenovo\.m2\repository\io\rest-assured\rest-assured-common\5.2.0\rest-assured-common-5.2.0.jar;C:\Users\Lenovo\.m2\repository\io\rest-assured\xml-path\5.2.0\xml-path-5.2.0.jar;C:\Users\Lenovo\.m2\repository\org\json\json\20230227\json-20230227.jar;C:\Users\Lenovo\.m2\repository\org\hamcrest\hamcrest\2.2\hamcrest-2.2.jar;"/>
    <property name="sun.cpu.endian" value="little"/>
    <property name="user.home" value="C:\Users\Lenovo"/>
    <property name="user.language" value="en"/>
    <property name="java.specification.vendor" value="Oracle Corporation"/>
    <property name="jdk.module.path" value="C:\Users\Lenovo\IdeaProjects\MiniProject\MiniprojectApi\target\MiniprojectApi-1.0-SNAPSHOT.jar"/>
    <property name="java.version.date" value="2020-07-14"/>
    <property name="java.home" value="C:\Program Files\Java\jdk-14.0.2"/>
    <property name="tags" value="@Order"/>
    <property name="file.separator" value="\"/>
    <property name="basedir" value="C:\Users\Lenovo\IdeaProjects\MiniProject\MiniprojectApi"/>
    <property name="java.vm.compressedOopsMode" value="32-bit"/>
    <property name="line.separator" value="&#10;"/>
    <property name="java.vm.specification.vendor" value="Oracle Corporation"/>
    <property name="java.specification.name" value="Java Platform API Specification"/>
    <property name="surefire.real.class.path" value="C:\Users\Lenovo\.m2\repository\org\apache\maven\surefire\surefire-booter\3.0.0-M5\surefire-booter-3.0.0-M5.jar;C:\Users\Lenovo\.m2\repository\org\apache\maven\surefire\surefire-api\3.0.0-M5\surefire-api-3.0.0-M5.jar;C:\Users\Lenovo\.m2\repository\org\apache\maven\surefire\surefire-logger-api\3.0.0-M5\surefire-logger-api-3.0.0-M5.jar;C:\Users\Lenovo\.m2\repository\org\apache\maven\surefire\surefire-shared-utils\3.0.0-M4\surefire-shared-utils-3.0.0-M4.jar;C:\Users\Lenovo\.m2\repository\org\apache\maven\surefire\surefire-extensions-spi\3.0.0-M5\surefire-extensions-spi-3.0.0-M5.jar;C:\Users\Lenovo\IdeaProjects\MiniProject\MiniprojectApi\target\test-classes;C:\Users\Lenovo\.m2\repository\net\serenity-bdd\serenity-core\3.5.1\serenity-core-3.5.1.jar;C:\Users\Lenovo\.m2\repository\net\serenity-bdd\serenity-model\3.5.1\serenity-model-3.5.1.jar;C:\Users\Lenovo\.m2\repository\org\apache\commons\commons-text\1.10.0\commons-text-1.10.0.jar;C:\Users\Lenovo\.m2\repository\commons-net\commons-net\3.8.0\commons-net-3.8.0.jar;C:\Users\Lenovo\.m2\repository\com\google\guava\guava\31.1-jre\guava-31.1-jre.jar;C:\Users\Lenovo\.m2\repository\com\google\guava\failureaccess\1.0.1\failureaccess-1.0.1.jar;C:\Users\Lenovo\.m2\repository\com\google\guava\listenablefuture\9999.0-empty-to-avoid-conflict-with-guava\listenablefuture-9999.0-empty-to-avoid-conflict-with-guava.jar;C:\Users\Lenovo\.m2\repository\com\google\code\findbugs\jsr305\3.0.2\jsr305-3.0.2.jar;C:\Users\Lenovo\.m2\repository\org\checkerframework\checker-qual\3.12.0\checker-qual-3.12.0.jar;C:\Users\Lenovo\.m2\repository\com\google\errorprone\error_prone_annotations\2.11.0\error_prone_annotations-2.11.0.jar;C:\Users\Lenovo\.m2\repository\com\google\j2objc\j2objc-annotations\1.3\j2objc-annotations-1.3.jar;C:\Users\Lenovo\.m2\repository\com\google\inject\guice\5.1.0\guice-5.1.0.jar;C:\Users\Lenovo\.m2\repository\javax\inject\javax.inject\1\javax.inject-1.jar;C:\Users\Lenovo\.m2\repository\aopalliance\aopalliance\1.0\aopalliance-1.0.jar;C:\Users\Lenovo\.m2\repository\org\jsoup\jsoup\1.14.3\jsoup-1.14.3.jar;C:\Users\Lenovo\.m2\repository\com\thoughtworks\xstream\xstream\1.4.19\xstream-1.4.19.jar;C:\Users\Lenovo\.m2\repository\io\github\x-stream\mxparser\1.2.2\mxparser-1.2.2.jar;C:\Users\Lenovo\.m2\repository\xmlpull\xmlpull\1.1.3.1\xmlpull-1.1.3.1.jar;C:\Users\Lenovo\.m2\repository\com\typesafe\config\1.4.2\config-1.4.2.jar;C:\Users\Lenovo\.m2\repository\org\imgscalr\imgscalr-lib\4.2\imgscalr-lib-4.2.jar;C:\Users\Lenovo\.m2\repository\org\awaitility\awaitility\4.2.0\awaitility-4.2.0.jar;C:\Users\Lenovo\.m2\repository\org\freemarker\freemarker\2.3.31\freemarker-2.3.31.jar;C:\Users\Lenovo\.m2\repository\io\github\classgraph\classgraph\4.8.138\classgraph-4.8.138.jar;C:\Users\Lenovo\.m2\repository\net\sourceforge\jexcelapi\jxl\2.6.12\jxl-2.6.12.jar;C:\Users\Lenovo\.m2\repository\net\bytebuddy\byte-buddy-agent\1.12.18\byte-buddy-agent-1.12.18.jar;C:\Users\Lenovo\.m2\repository\org\objenesis\objenesis\3.1\objenesis-3.1.jar;C:\Users\Lenovo\.m2\repository\net\serenity-bdd\serenity-reports\3.5.1\serenity-reports-3.5.1.jar;C:\Users\Lenovo\.m2\repository\net\serenity-bdd\serenity-stats\3.5.1\serenity-stats-3.5.1.jar;C:\Users\Lenovo\.m2\repository\net\serenity-bdd\serenity-reports-configuration\3.5.1\serenity-reports-configuration-3.5.1.jar;C:\Users\Lenovo\.m2\repository\com\vladsch\flexmark\flexmark-all\0.34.30\flexmark-all-0.34.30.jar;C:\Users\Lenovo\.m2\repository\com\vladsch\flexmark\flexmark\0.34.30\flexmark-0.34.30.jar;C:\Users\Lenovo\.m2\repository\com\vladsch\flexmark\flexmark-ext-abbreviation\0.34.30\flexmark-ext-abbreviation-0.34.30.jar;C:\Users\Lenovo\.m2\repository\com\vladsch\flexmark\flexmark-ext-admonition\0.34.30\flexmark-ext-admonition-0.34.30.jar;C:\Users\Lenovo\.m2\repository\com\vladsch\flexmark\flexmark-ext-anchorlink\0.34.30\flexmark-ext-anchorlink-0.34.30.jar;C:\Users\Lenovo\.m2\repository\com\vladsch\flexmark\flexmark-ext-aside\0.34.30\flexmark-ext-aside-0.34.30.jar;C:\Users\Lenovo\.m2\repository\com\vladsch\flexmark\flexmark-ext-attributes\0.34.30\flexmark-ext-attributes-0.34.30.jar;C:\Users\Lenovo\.m2\repository\com\vladsch\flexmark\flexmark-ext-autolink\0.34.30\flexmark-ext-autolink-0.34.30.jar;C:\Users\Lenovo\.m2\repository\org\nibor\autolink\autolink\0.6.0\autolink-0.6.0.jar;C:\Users\Lenovo\.m2\repository\com\vladsch\flexmark\flexmark-ext-definition\0.34.30\flexmark-ext-definition-0.34.30.jar;C:\Users\Lenovo\.m2\repository\com\vladsch\flexmark\flexmark-ext-emoji\0.34.30\flexmark-ext-emoji-0.34.30.jar;C:\Users\Lenovo\.m2\repository\com\vladsch\flexmark\flexmark-ext-enumerated-reference\0.34.30\flexmark-ext-enumerated-reference-0.34.30.jar;C:\Users\Lenovo\.m2\repository\com\vladsch\flexmark\flexmark-ext-escaped-character\0.34.30\flexmark-ext-escaped-character-0.34.30.jar;C:\Users\Lenovo\.m2\repository\com\vladsch\flexmark\flexmark-ext-footnotes\0.34.30\flexmark-ext-footnotes-0.34.30.jar;C:\Users\Lenovo\.m2\repository\com\vladsch\flexmark\flexmark-ext-gfm-issues\0.34.30\flexmark-ext-gfm-issues-0.34.30.jar;C:\Users\Lenovo\.m2\repository\com\vladsch\flexmark\flexmark-ext-gfm-strikethrough\0.34.30\flexmark-ext-gfm-strikethrough-0.34.30.jar;C:\Users\Lenovo\.m2\repository\com\vladsch\flexmark\flexmark-ext-gfm-tables\0.34.30\flexmark-ext-gfm-tables-0.34.30.jar;C:\Users\Lenovo\.m2\repository\com\vladsch\flexmark\flexmark-ext-gfm-tasklist\0.34.30\flexmark-ext-gfm-tasklist-0.34.30.jar;C:\Users\Lenovo\.m2\repository\com\vladsch\flexmark\flexmark-ext-gfm-users\0.34.30\flexmark-ext-gfm-users-0.34.30.jar;C:\Users\Lenovo\.m2\repository\com\vladsch\flexmark\flexmark-ext-gitlab\0.34.30\flexmark-ext-gitlab-0.34.30.jar;C:\Users\Lenovo\.m2\repository\com\vladsch\flexmark\flexmark-ext-jekyll-front-matter\0.34.30\flexmark-ext-jekyll-front-matter-0.34.30.jar;C:\Users\Lenovo\.m2\repository\com\vladsch\flexmark\flexmark-ext-jekyll-tag\0.34.30\flexmark-ext-jekyll-tag-0.34.30.jar;C:\Users\Lenovo\.m2\repository\com\vladsch\flexmark\flexmark-ext-media-tags\0.34.30\flexmark-ext-media-tags-0.34.30.jar;C:\Users\Lenovo\.m2\repository\com\vladsch\flexmark\flexmark-test-util\0.34.30\flexmark-test-util-0.34.30.jar;C:\Users\Lenovo\.m2\repository\com\vladsch\flexmark\flexmark-ext-ins\0.34.30\flexmark-ext-ins-0.34.30.jar;C:\Users\Lenovo\.m2\repository\com\vladsch\flexmark\flexmark-ext-xwiki-macros\0.34.30\flexmark-ext-xwiki-macros-0.34.30.jar;C:\Users\Lenovo\.m2\repository\com\vladsch\flexmark\flexmark-ext-superscript\0.34.30\flexmark-ext-superscript-0.34.30.jar;C:\Users\Lenovo\.m2\repository\com\vladsch\flexmark\flexmark-ext-tables\0.34.30\flexmark-ext-tables-0.34.30.jar;C:\Users\Lenovo\.m2\repository\com\vladsch\flexmark\flexmark-ext-toc\0.34.30\flexmark-ext-toc-0.34.30.jar;C:\Users\Lenovo\.m2\repository\com\vladsch\flexmark\flexmark-ext-typographic\0.34.30\flexmark-ext-typographic-0.34.30.jar;C:\Users\Lenovo\.m2\repository\com\vladsch\flexmark\flexmark-ext-wikilink\0.34.30\flexmark-ext-wikilink-0.34.30.jar;C:\Users\Lenovo\.m2\repository\com\vladsch\flexmark\flexmark-ext-yaml-front-matter\0.34.30\flexmark-ext-yaml-front-matter-0.34.30.jar;C:\Users\Lenovo\.m2\repository\com\vladsch\flexmark\flexmark-ext-youtube-embedded\0.34.30\flexmark-ext-youtube-embedded-0.34.30.jar;C:\Users\Lenovo\.m2\repository\com\vladsch\flexmark\flexmark-formatter\0.34.30\flexmark-formatter-0.34.30.jar;C:\Users\Lenovo\.m2\repository\com\vladsch\flexmark\flexmark-html-parser\0.34.30\flexmark-html-parser-0.34.30.jar;C:\Users\Lenovo\.m2\repository\com\vladsch\flexmark\flexmark-jira-converter\0.34.30\flexmark-jira-converter-0.34.30.jar;C:\Users\Lenovo\.m2\repository\com\vladsch\flexmark\flexmark-pdf-converter\0.34.30\flexmark-pdf-converter-0.34.30.jar;C:\Users\Lenovo\.m2\repository\com\openhtmltopdf\openhtmltopdf-core\0.0.1-RC13\openhtmltopdf-core-0.0.1-RC13.jar;C:\Users\Lenovo\.m2\repository\com\openhtmltopdf\openhtmltopdf-pdfbox\0.0.1-RC13\openhtmltopdf-pdfbox-0.0.1-RC13.jar;C:\Users\Lenovo\.m2\repository\org\apache\pdfbox\pdfbox\2.0.8\pdfbox-2.0.8.jar;C:\Users\Lenovo\.m2\repository\org\apache\pdfbox\fontbox\2.0.8\fontbox-2.0.8.jar;C:\Users\Lenovo\.m2\repository\org\apache\pdfbox\xmpbox\2.0.8\xmpbox-2.0.8.jar;C:\Users\Lenovo\.m2\repository\de\rototor\pdfbox\graphics2d\0.12\graphics2d-0.12.jar;C:\Users\Lenovo\.m2\repository\com\openhtmltopdf\openhtmltopdf-rtl-support\0.0.1-RC13\openhtmltopdf-rtl-support-0.0.1-RC13.jar;C:\Users\Lenovo\.m2\repository\com\ibm\icu\icu4j\59.1\icu4j-59.1.jar;C:\Users\Lenovo\.m2\repository\com\openhtmltopdf\openhtmltopdf-jsoup-dom-converter\0.0.1-RC13\openhtmltopdf-jsoup-dom-converter-0.0.1-RC13.jar;C:\Users\Lenovo\.m2\repository\com\vladsch\flexmark\flexmark-profile-pegdown\0.34.30\flexmark-profile-pegdown-0.34.30.jar;C:\Users\Lenovo\.m2\repository\com\vladsch\flexmark\flexmark-util\0.34.30\flexmark-util-0.34.30.jar;C:\Users\Lenovo\.m2\repository\com\vladsch\flexmark\flexmark-youtrack-converter\0.34.30\flexmark-youtrack-converter-0.34.30.jar;C:\Users\Lenovo\.m2\repository\es\nitaur\markdown\txtmark\0.16\txtmark-0.16.jar;C:\Users\Lenovo\.m2\repository\net\serenity-bdd\serenity-report-resources\3.5.1\serenity-report-resources-3.5.1.jar;C:\Users\Lenovo\.m2\repository\com\google\code\gson\gson\2.9.0\gson-2.9.0.jar;C:\Users\Lenovo\.m2\repository\com\fasterxml\jackson\core\jackson-core\2.13.4\jackson-core-2.13.4.jar;C:\Users\Lenovo\.m2\repository\com\fasterxml\jackson\core\jackson-databind\2.13.4\jackson-databind-2.13.4.jar;C:\Users\Lenovo\.m2\repository\com\fasterxml\jackson\core\jackson-annotations\2.13.4\jackson-annotations-2.13.4.jar;C:\Users\Lenovo\.m2\repository\commons-codec\commons-codec\1.15\commons-codec-1.15.jar;C:\Users\Lenovo\.m2\repository\commons-io\commons-io\2.11.0\commons-io-2.11.0.jar;C:\Users\Lenovo\.m2\repository\org\apache\httpcomponents\httpclient\4.5.13\httpclient-4.5.13.jar;C:\Users\Lenovo\.m2\repository\org\apache\httpcomponents\httpcore\4.4.13\httpcore-4.4.13.jar;C:\Users\Lenovo\.m2\repository\commons-logging\commons-logging\1.2\commons-logging-1.2.jar;C:\Users\Lenovo\.m2\repository\org\seleniumhq\selenium\selenium-java\4.7.1\selenium-java-4.7.1.jar;C:\Users\Lenovo\.m2\repository\org\seleniumhq\selenium\selenium-devtools-v106\4.7.1\selenium-devtools-v106-4.7.1.jar;C:\Users\Lenovo\.m2\repository\org\seleniumhq\selenium\selenium-devtools-v107\4.7.1\selenium-devtools-v107-4.7.1.jar;C:\Users\Lenovo\.m2\repository\org\seleniumhq\selenium\selenium-devtools-v108\4.7.1\selenium-devtools-v108-4.7.1.jar;C:\Users\Lenovo\.m2\repository\org\seleniumhq\selenium\selenium-devtools-v85\4.7.1\selenium-devtools-v85-4.7.1.jar;C:\Users\Lenovo\.m2\repository\org\seleniumhq\selenium\selenium-remote-driver\4.7.1\selenium-remote-driver-4.7.1.jar;C:\Users\Lenovo\.m2\repository\com\beust\jcommander\1.82\jcommander-1.82.jar;C:\Users\Lenovo\.m2\repository\io\netty\netty-buffer\4.1.84.Final\netty-buffer-4.1.84.Final.jar;C:\Users\Lenovo\.m2\repository\io\netty\netty-codec-http\4.1.84.Final\netty-codec-http-4.1.84.Final.jar;C:\Users\Lenovo\.m2\repository\io\netty\netty-codec\4.1.84.Final\netty-codec-4.1.84.Final.jar;C:\Users\Lenovo\.m2\repository\io\netty\netty-handler\4.1.84.Final\netty-handler-4.1.84.Final.jar;C:\Users\Lenovo\.m2\repository\io\netty\netty-common\4.1.84.Final\netty-common-4.1.84.Final.jar;C:\Users\Lenovo\.m2\repository\io\netty\netty-transport-classes-epoll\4.1.84.Final\netty-transport-classes-epoll-4.1.84.Final.jar;C:\Users\Lenovo\.m2\repository\io\netty\netty-transport-classes-kqueue\4.1.84.Final\netty-transport-classes-kqueue-4.1.84.Final.jar;C:\Users\Lenovo\.m2\repository\io\netty\netty-transport-native-epoll\4.1.84.Final\netty-transport-native-epoll-4.1.84.Final.jar;C:\Users\Lenovo\.m2\repository\io\netty\netty-transport-native-kqueue\4.1.84.Final\netty-transport-native-kqueue-4.1.84.Final.jar;C:\Users\Lenovo\.m2\repository\io\netty\netty-transport-native-unix-common\4.1.84.Final\netty-transport-native-unix-common-4.1.84.Final.jar;C:\Users\Lenovo\.m2\repository\io\netty\netty-transport\4.1.84.Final\netty-transport-4.1.84.Final.jar;C:\Users\Lenovo\.m2\repository\io\netty\netty-resolver\4.1.84.Final\netty-resolver-4.1.84.Final.jar;C:\Users\Lenovo\.m2\repository\io\opentelemetry\opentelemetry-api\1.19.0\opentelemetry-api-1.19.0.jar;C:\Users\Lenovo\.m2\repository\io\opentelemetry\opentelemetry-context\1.19.0\opentelemetry-context-1.19.0.jar;C:\Users\Lenovo\.m2\repository\io\opentelemetry\opentelemetry-exporter-logging\1.19.0\opentelemetry-exporter-logging-1.19.0.jar;C:\Users\Lenovo\.m2\repository\io\opentelemetry\opentelemetry-sdk-metrics\1.19.0\opentelemetry-sdk-metrics-1.19.0.jar;C:\Users\Lenovo\.m2\repository\io\opentelemetry\opentelemetry-sdk-logs\1.19.0-alpha\opentelemetry-sdk-logs-1.19.0-alpha.jar;C:\Users\Lenovo\.m2\repository\io\opentelemetry\opentelemetry-api-logs\1.19.0-alpha\opentelemetry-api-logs-1.19.0-alpha.jar;C:\Users\Lenovo\.m2\repository\io\opentelemetry\opentelemetry-sdk-common\1.19.0\opentelemetry-sdk-common-1.19.0.jar;C:\Users\Lenovo\.m2\repository\io\opentelemetry\opentelemetry-sdk-extension-autoconfigure-spi\1.19.0\opentelemetry-sdk-extension-autoconfigure-spi-1.19.0.jar;C:\Users\Lenovo\.m2\repository\io\opentelemetry\opentelemetry-sdk-extension-autoconfigure\1.19.0-alpha\opentelemetry-sdk-extension-autoconfigure-1.19.0-alpha.jar;C:\Users\Lenovo\.m2\repository\io\opentelemetry\opentelemetry-exporter-common\1.19.0\opentelemetry-exporter-common-1.19.0.jar;C:\Users\Lenovo\.m2\repository\io\opentelemetry\opentelemetry-sdk-trace\1.19.0\opentelemetry-sdk-trace-1.19.0.jar;C:\Users\Lenovo\.m2\repository\io\opentelemetry\opentelemetry-sdk\1.19.0\opentelemetry-sdk-1.19.0.jar;C:\Users\Lenovo\.m2\repository\io\opentelemetry\opentelemetry-semconv\1.19.0-alpha\opentelemetry-semconv-1.19.0-alpha.jar;C:\Users\Lenovo\.m2\repository\io\ous\jtoml\2.0.0\jtoml-2.0.0.jar;C:\Users\Lenovo\.m2\repository\org\apache\commons\commons-exec\1.3\commons-exec-1.3.jar;C:\Users\Lenovo\.m2\repository\org\asynchttpclient\async-http-client\2.12.3\async-http-client-2.12.3.jar;C:\Users\Lenovo\.m2\repository\org\asynchttpclient\async-http-client-netty-utils\2.12.3\async-http-client-netty-utils-2.12.3.jar;C:\Users\Lenovo\.m2\repository\io\netty\netty-codec-socks\4.1.60.Final\netty-codec-socks-4.1.60.Final.jar;C:\Users\Lenovo\.m2\repository\io\netty\netty-handler-proxy\4.1.60.Final\netty-handler-proxy-4.1.60.Final.jar;C:\Users\Lenovo\.m2\repository\io\netty\netty-transport-native-epoll\4.1.60.Final\netty-transport-native-epoll-4.1.60.Final-linux-x86_64.jar;C:\Users\Lenovo\.m2\repository\io\netty\netty-transport-native-kqueue\4.1.60.Final\netty-transport-native-kqueue-4.1.60.Final-osx-x86_64.jar;C:\Users\Lenovo\.m2\repository\org\reactivestreams\reactive-streams\1.0.3\reactive-streams-1.0.3.jar;C:\Users\Lenovo\.m2\repository\com\typesafe\netty\netty-reactive-streams\2.0.4\netty-reactive-streams-2.0.4.jar;C:\Users\Lenovo\.m2\repository\org\seleniumhq\selenium\selenium-manager\4.7.1\selenium-manager-4.7.1.jar;C:\Users\Lenovo\.m2\repository\org\seleniumhq\selenium\selenium-safari-driver\4.7.1\selenium-safari-driver-4.7.1.jar;C:\Users\Lenovo\.m2\repository\org\seleniumhq\selenium\selenium-api\4.7.1\selenium-api-4.7.1.jar;C:\Users\Lenovo\.m2\repository\org\seleniumhq\selenium\selenium-support\4.7.1\selenium-support-4.7.1.jar;C:\Users\Lenovo\.m2\repository\com\google\auto\service\auto-service-annotations\1.0.1\auto-service-annotations-1.0.1.jar;C:\Users\Lenovo\.m2\repository\com\google\auto\service\auto-service\1.0.1\auto-service-1.0.1.jar;C:\Users\Lenovo\.m2\repository\com\google\auto\auto-common\1.2\auto-common-1.2.jar;C:\Users\Lenovo\.m2\repository\org\seleniumhq\selenium\selenium-json\4.7.1\selenium-json-4.7.1.jar;C:\Users\Lenovo\.m2\repository\org\seleniumhq\selenium\selenium-chrome-driver\4.7.1\selenium-chrome-driver-4.7.1.jar;C:\Users\Lenovo\.m2\repository\org\seleniumhq\selenium\selenium-chromium-driver\4.7.1\selenium-chromium-driver-4.7.1.jar;C:\Users\Lenovo\.m2\repository\org\seleniumhq\selenium\selenium-firefox-driver\4.7.1\selenium-firefox-driver-4.7.1.jar;C:\Users\Lenovo\.m2\repository\org\seleniumhq\selenium\selenium-http\4.7.1\selenium-http-4.7.1.jar;C:\Users\Lenovo\.m2\repository\dev\failsafe\failsafe\3.3.0\failsafe-3.3.0.jar;C:\Users\Lenovo\.m2\repository\org\seleniumhq\selenium\selenium-edge-driver\4.7.1\selenium-edge-driver-4.7.1.jar;C:\Users\Lenovo\.m2\repository\org\seleniumhq\selenium\selenium-ie-driver\4.7.1\selenium-ie-driver-4.7.1.jar;C:\Users\Lenovo\.m2\repository\org\projectlombok\lombok\1.18.20\lombok-1.18.20.jar;C:\Users\Lenovo\.m2\repository\io\appium\java-client\8.3.0\java-client-8.3.0.jar;C:\Users\Lenovo\.m2\repository\commons-validator\commons-validator\1.7\commons-validator-1.7.jar;C:\Users\Lenovo\.m2\repository\commons-digester\commons-digester\2.1\commons-digester-2.1.jar;C:\Users\Lenovo\.m2\repository\org\apache\groovy\groovy\4.0.6\groovy-4.0.6.jar;C:\Users\Lenovo\.m2\repository\net\sf\opencsv\opencsv\2.0\opencsv-2.0.jar;C:\Users\Lenovo\.m2\repository\commons-beanutils\commons-beanutils\1.9.4\commons-beanutils-1.9.4.jar;C:\Users\Lenovo\.m2\repository\org\apache\commons\commons-lang3\3.12.0\commons-lang3-3.12.0.jar;C:\Users\Lenovo\.m2\repository\commons-collections\commons-collections\3.2.2\commons-collections-3.2.2.jar;C:\Users\Lenovo\.m2\repository\org\fluentlenium\fluentlenium-core\0.10.2\fluentlenium-core-0.10.2.jar;C:\Users\Lenovo\.m2\repository\io\github\bonigarcia\webdrivermanager\5.3.0\webdrivermanager-5.3.0.jar;C:\Users\Lenovo\.m2\repository\com\github\docker-java\docker-java\3.2.13\docker-java-3.2.13.jar;C:\Users\Lenovo\.m2\repository\com\github\docker-java\docker-java-core\3.2.13\docker-java-core-3.2.13.jar;C:\Users\Lenovo\.m2\repository\com\github\docker-java\docker-java-api\3.2.13\docker-java-api-3.2.13.jar;C:\Users\Lenovo\.m2\repository\org\apache\commons\commons-compress\1.21\commons-compress-1.21.jar;C:\Users\Lenovo\.m2\repository\org\bouncycastle\bcpkix-jdk15on\1.64\bcpkix-jdk15on-1.64.jar;C:\Users\Lenovo\.m2\repository\org\bouncycastle\bcprov-jdk15on\1.64\bcprov-jdk15on-1.64.jar;C:\Users\Lenovo\.m2\repository\org\slf4j\jcl-over-slf4j\1.7.30\jcl-over-slf4j-1.7.30.jar;C:\Users\Lenovo\.m2\repository\com\github\docker-java\docker-java-transport-httpclient5\3.2.13\docker-java-transport-httpclient5-3.2.13.jar;C:\Users\Lenovo\.m2\repository\com\github\docker-java\docker-java-transport\3.2.13\docker-java-transport-3.2.13.jar;C:\Users\Lenovo\.m2\repository\net\java\dev\jna\jna\5.8.0\jna-5.8.0.jar;C:\Users\Lenovo\.m2\repository\org\brotli\dec\0.1.2\dec-0.1.2.jar;C:\Users\Lenovo\.m2\repository\org\apache\httpcomponents\client5\httpclient5\5.1.3\httpclient5-5.1.3.jar;C:\Users\Lenovo\.m2\repository\org\apache\httpcomponents\core5\httpcore5\5.1.3\httpcore5-5.1.3.jar;C:\Users\Lenovo\.m2\repository\org\apache\httpcomponents\core5\httpcore5-h2\5.1.3\httpcore5-h2-5.1.3.jar;C:\Users\Lenovo\.m2\repository\com\jhlabs\filters\2.0.235\filters-2.0.235.jar;C:\Users\Lenovo\.m2\repository\com\paulhammant\ngwebdriver\1.1.6\ngwebdriver-1.1.6.jar;C:\Users\Lenovo\.m2\repository\joda-time\joda-time\2.8.2\joda-time-2.8.2.jar;C:\Users\Lenovo\.m2\repository\com\google\jimfs\jimfs\1.2\jimfs-1.2.jar;C:\Users\Lenovo\.m2\repository\org\mockito\mockito-core\3.3.3\mockito-core-3.3.3.jar;C:\Users\Lenovo\.m2\repository\javax\xml\bind\jaxb-api\2.3.1\jaxb-api-2.3.1.jar;C:\Users\Lenovo\.m2\repository\javax\activation\javax.activation-api\1.2.0\javax.activation-api-1.2.0.jar;C:\Users\Lenovo\.m2\repository\com\sun\xml\bind\jaxb-core\2.3.0.1\jaxb-core-2.3.0.1.jar;C:\Users\Lenovo\.m2\repository\com\sun\xml\bind\jaxb-impl\2.3.3\jaxb-impl-2.3.3.jar;C:\Users\Lenovo\.m2\repository\jakarta\xml\bind\jakarta.xml.bind-api\2.3.3\jakarta.xml.bind-api-2.3.3.jar;C:\Users\Lenovo\.m2\repository\com\sun\activation\jakarta.activation\1.2.2\jakarta.activation-1.2.2.jar;C:\Users\Lenovo\.m2\repository\javax\activation\activation\1.1.1\activation-1.1.1.jar;C:\Users\Lenovo\.m2\repository\net\serenity-bdd\serenity-cucumber\3.5.1\serenity-cucumber-3.5.1.jar;C:\Users\Lenovo\.m2\repository\io\cucumber\cucumber-core\7.8.1\cucumber-core-7.8.1.jar;C:\Users\Lenovo\.m2\repository\io\cucumber\cucumber-gherkin\7.8.1\cucumber-gherkin-7.8.1.jar;C:\Users\Lenovo\.m2\repository\io\cucumber\cucumber-gherkin-messages\7.8.1\cucumber-gherkin-messages-7.8.1.jar;C:\Users\Lenovo\.m2\repository\io\cucumber\gherkin\24.0.0\gherkin-24.0.0.jar;C:\Users\Lenovo\.m2\repository\io\cucumber\messages\19.1.4\messages-19.1.4.jar;C:\Users\Lenovo\.m2\repository\io\cucumber\tag-expressions\4.1.0\tag-expressions-4.1.0.jar;C:\Users\Lenovo\.m2\repository\io\cucumber\cucumber-expressions\16.0.0\cucumber-expressions-16.0.0.jar;C:\Users\Lenovo\.m2\repository\io\cucumber\datatable\7.8.1\datatable-7.8.1.jar;C:\Users\Lenovo\.m2\repository\io\cucumber\cucumber-plugin\7.8.1\cucumber-plugin-7.8.1.jar;C:\Users\Lenovo\.m2\repository\io\cucumber\docstring\7.8.1\docstring-7.8.1.jar;C:\Users\Lenovo\.m2\repository\io\cucumber\html-formatter\20.1.0\html-formatter-20.1.0.jar;C:\Users\Lenovo\.m2\repository\io\cucumber\ci-environment\9.1.0\ci-environment-9.1.0.jar;C:\Users\Lenovo\.m2\repository\io\cucumber\cucumber-java\7.8.1\cucumber-java-7.8.1.jar;C:\Users\Lenovo\.m2\repository\io\cucumber\cucumber-junit\7.8.1\cucumber-junit-7.8.1.jar;C:\Users\Lenovo\.m2\repository\org\apache\commons\commons-csv\1.5\commons-csv-1.5.jar;C:\Users\Lenovo\.m2\repository\net\serenity-bdd\serenity-screenplay\3.5.1\serenity-screenplay-3.5.1.jar;C:\Users\Lenovo\.m2\repository\net\serenity-bdd\serenity-screenplay-webdriver\3.5.1\serenity-screenplay-webdriver-3.5.1.jar;C:\Users\Lenovo\.m2\repository\net\serenity-bdd\serenity-ensure\3.5.1\serenity-ensure-3.5.1.jar;C:\Users\Lenovo\.m2\repository\net\serenity-bdd\serenity-junit\3.5.1\serenity-junit-3.5.1.jar;C:\Users\Lenovo\.m2\repository\org\jetbrains\kotlin\kotlin-stdlib\1.7.21\kotlin-stdlib-1.7.21.jar;C:\Users\Lenovo\.m2\repository\org\jetbrains\kotlin\kotlin-stdlib-common\1.7.21\kotlin-stdlib-common-1.7.21.jar;C:\Users\Lenovo\.m2\repository\org\jetbrains\annotations\13.0\annotations-13.0.jar;C:\Users\Lenovo\.m2\repository\org\junit\platform\junit-platform-launcher\1.8.2\junit-platform-launcher-1.8.2.jar;C:\Users\Lenovo\.m2\repository\org\junit\platform\junit-platform-engine\1.8.2\junit-platform-engine-1.8.2.jar;C:\Users\Lenovo\.m2\repository\org\junit\platform\junit-platform-commons\1.8.2\junit-platform-commons-1.8.2.jar;C:\Users\Lenovo\.m2\repository\org\apiguardian\apiguardian-api\1.1.2\apiguardian-api-1.1.2.jar;C:\Users\Lenovo\.m2\repository\org\junit\jupiter\junit-jupiter-engine\5.8.2\junit-jupiter-engine-5.8.2.jar;C:\Users\Lenovo\.m2\repository\org\junit\jupiter\junit-jupiter-api\5.8.2\junit-jupiter-api-5.8.2.jar;C:\Users\Lenovo\.m2\repository\org\junit\vintage\junit-vintage-engine\5.8.2\junit-vintage-engine-5.8.2.jar;C:\Users\Lenovo\.m2\repository\ch\qos\logback\logback-classic\1.2.10\logback-classic-1.2.10.jar;C:\Users\Lenovo\.m2\repository\ch\qos\logback\logback-core\1.2.10\logback-core-1.2.10.jar;C:\Users\Lenovo\.m2\repository\org\slf4j\slf4j-api\1.7.32\slf4j-api-1.7.32.jar;C:\Users\Lenovo\.m2\repository\org\assertj\assertj-core\3.23.1\assertj-core-3.23.1.jar;C:\Users\Lenovo\.m2\repository\net\bytebuddy\byte-buddy\1.12.10\byte-buddy-1.12.10.jar;C:\Users\Lenovo\.m2\repository\junit\junit\4.13.2\junit-4.13.2.jar;C:\Users\Lenovo\.m2\repository\org\hamcrest\hamcrest-core\1.3\hamcrest-core-1.3.jar;C:\Users\Lenovo\.m2\repository\net\serenity-bdd\serenity-rest-assured\3.5.1\serenity-rest-assured-3.5.1.jar;C:\Users\Lenovo\.m2\repository\org\apache\groovy\groovy-json\4.0.6\groovy-json-4.0.6.jar;C:\Users\Lenovo\.m2\repository\org\apache\groovy\groovy-xml\4.0.6\groovy-xml-4.0.6.jar;C:\Users\Lenovo\.m2\repository\org\opentest4j\opentest4j\1.2.0\opentest4j-1.2.0.jar;C:\Users\Lenovo\.m2\repository\io\rest-assured\rest-assured\5.2.0\rest-assured-5.2.0.jar;C:\Users\Lenovo\.m2\repository\org\apache\httpcomponents\httpmime\4.5.13\httpmime-4.5.13.jar;C:\Users\Lenovo\.m2\repository\org\ccil\cowan\tagsoup\tagsoup\1.2.1\tagsoup-1.2.1.jar;C:\Users\Lenovo\.m2\repository\io\rest-assured\json-path\5.2.0\json-path-5.2.0.jar;C:\Users\Lenovo\.m2\repository\io\rest-assured\rest-assured-common\5.2.0\rest-assured-common-5.2.0.jar;C:\Users\Lenovo\.m2\repository\io\rest-assured\xml-path\5.2.0\xml-path-5.2.0.jar;C:\Users\Lenovo\.m2\repository\org\json\json\20230227\json-20230227.jar;C:\Users\Lenovo\.m2\repository\org\hamcrest\hamcrest\2.2\hamcrest-2.2.jar;C:\Users\Lenovo\.m2\repository\org\apache\maven\surefire\surefire-junit-platform\3.0.0-M5\surefire-junit-platform-3.0.0-M5.jar;C:\Users\Lenovo\.m2\repository\org\apache\maven\surefire\common-java5\3.0.0-M5\common-java5-3.0.0-M5.jar"/>
    <property name="user.script" value=""/>
    <property name="sun.management.compiler" value="HotSpot 64-Bit Tiered Compilers"/>
    <property name="java.runtime.version" value="14.0.2+12-46"/>
    <property name="user.name" value="Lenovo"/>
    <property name="path.separator" value=";"/>
    <property name="os.version" value="10.0"/>
    <property name="java.runtime.name" value="Java(TM) SE Runtime Environment"/>
    <property name="file.encoding" value="Cp1252"/>
    <property name="java.vm.name" value="Java HotSpot(TM) 64-Bit Server VM"/>
    <property name="localRepository" value="C:\Users\Lenovo\.m2\repository"/>
    <property name="java.vendor.url.bug" value="https://bugreport.java.com/bugreport/"/>
    <property name="java.io.tmpdir" value="C:\Users\Lenovo\AppData\Local\Temp\"/>
    <property name="java.version" value="14.0.2"/>
    <property name="user.dir" value="C:\Users\Lenovo\IdeaProjects\MiniProject\MiniprojectApi"/>
    <property name="os.arch" value="amd64"/>
    <property name="java.vm.specification.name" value="Java Virtual Machine Specification"/>
    <property name="sun.os.patch.level" value=""/>
    <property name="java.library.path" value="C:\Program Files\Java\jdk-14.0.2\bin;C:\WINDOWS\Sun\Java\bin;C:\WINDOWS\system32;C:\WINDOWS;C:\Program Files (x86)\Common Files\Intel\Shared Files\cpp\bin\Intel64;C:\WINDOWS\system32;C:\WINDOWS;C:\WINDOWS\System32\Wbem;C:\WINDOWS\System32\WindowsPowerShell\v1.0\;C:\WINDOWS\System32\OpenSSH\;C:\Program Files\Java\jdk-14.0.2\bin;C:\Program Files\Microsoft SQL Server\Client SDK\ODBC\170\Tools\Binn\;C:\Program Files (x86)\Microsoft SQL Server\150\Tools\Binn\;C:\Program Files\Microsoft SQL Server\150\Tools\Binn\;C:\Program Files\Microsoft SQL Server\150\DTS\Binn\;C:\Program Files (x86)\Microsoft SQL Server\150\DTS\Binn\;C:\Program Files\Azure Data Studio\bin;C:\Program Files\Git\cmd;C:\Program Files\nodejs\;D:\laragon\bin\php\php-7.4.19-Win32-vc15-x64;C:\Program Files\dotnet\;C:\Program Files\Microsoft SQL Server\130\Tools\Binn\;C:\Program Files (x86)\Microsoft SQL Server\110\DTS\Binn\;C:\Program Files (x86)\Microsoft SQL Server\120\DTS\Binn\;C:\Program Files (x86)\Microsoft SQL Server\130\DTS\Binn\;C:\Program Files (x86)\Microsoft SQL Server\140\DTS\Binn\;C:\Program Files (x86)\dotnet\;C:\xampp\php;C:\flutter\bin;C:\Program Files\k6\;C:\Program Files\PuTTY\;C:\Program Files\Docker\Docker\resources\bin;C:\Users\Lenovo\apache-maven-3.9.1-bin\apache-maven-3.9.1\bin;C:\Users\Lenovo\AppData\Local\Android\Sdk;C:\Users\Lenovo\AppData\Local\Android\Sdk\platform-tools;C:\Program Files\PowerShell\7\;C:\Users\Lenovo\AppData\Local\Microsoft\WindowsApps;C:\Program Files\Java\jdk-14.0.2\bin;C:\Program Files\Azure Data Studio\bin;C:\Users\Lenovo\AppData\Local\Programs\Microsoft VS Code\bin;C:\Users\Lenovo\anaconda3\Library\bin;C:\Users\Lenovo\anaconda3\Scripts;C:\Users\Lenovo\anaconda3\condabin;C:\Users\Lenovo\AppData\Roaming\npm;D:\laragon\bin\php\php-7.4.19-Win32-vc15-x64;C:\Users\Lenovo\AppData\Local\ComposerSetup\bin;C:\Users\Lenovo\AppData\Roaming\Composer\vendor\bin;C:\Users\Lenovo\.dotnet\tools;C:\Users\Lenovo\Downloads\flutter_windows_3.3.0-stable\flutter\bin;C:\Program Files\JetBrains\IntelliJ IDEA Community Edition 2022.3.2\bin;;;."/>
    <property name="java.vm.info" value="mixed mode"/>
    <property name="java.vendor" value="Oracle Corporation"/>
    <property name="java.vm.version" value="14.0.2+12-46"/>
    <property name="sun.io.unicode.encoding" value="UnicodeLittle"/>
    <property name="java.class.version" value="58.0"/>
  </properties>
  <testcase name="POST - As admin I have be able to create new order" classname="User" time="6.019">
    <system-out><![CDATA[15:26:43.499 [main] DEBUG net.thucydides.core.guice.Injectors - Created injector for module net.thucydides.core.guice.ThucydidesModule
15:26:43.836 [main] INFO io.cucumber.core.plugin.SerenityReporter - Running feature from file:///C:/Users/Lenovo/IdeaProjects/MiniProject/MiniprojectApi/src/test/resources/api/user.feature
15:26:43.837 [main] WARN io.cucumber.core.plugin.SerenityReporter - Feature from file:///C:/Users/Lenovo/IdeaProjects/MiniProject/MiniprojectApi/src/test/resources/api/user.feature is not under the 'features' directory. Requirements report will not be correctly generated!
15:26:44.016 [main] DEBUG net.thucydides.core.guice.Injectors - Created injector for module net.thucydides.core.guice.webdriver.WebDriverModule
15:26:44.031 [main] INFO  - 

-------------------------------------------------------------------------------------
     _______. _______ .______       _______ .__   __.  __  .___________.____    ____ 
    /       ||   ____||   _  \     |   ____||  \ |  | |  | |           |\   \  /   / 
   |   (----`|  |__   |  |_)  |    |  |__   |   \|  | |  | `---|  |----` \   \/   /  
    \   \    |   __|  |      /     |   __|  |  . `  | |  |     |  |       \_    _/   
.----)   |   |  |____ |  |\  \----.|  |____ |  |\   | |  |     |  |         |  |     
|_______/    |_______|| _| `._____||_______||__| \__| |__|     |__|         |__|    
                                                                                     
 News and tutorials at http://www.serenity-bdd.info                                  
 Documentation at https://wakaleo.gitbooks.io/the-serenity-book/content/             
 Join the Serenity Community on Gitter: https://gitter.im/serenity-bdd/serenity-core 
 Serenity BDD Support and Training at http://serenity-bdd.info/#/trainingandsupport  
-------------------------------------------------------------------------------------

15:26:44.034 [main] DEBUG net.thucydides.core.steps.StepEventBus - Test suite started for story net.thucydides.core.model.Story@a39b15ff
15:26:44.038 [main] INFO  - Test Suite Started: User
15:26:44.052 [main] INFO io.cucumber.core.plugin.SerenityReporter - Running feature from file:///C:/Users/Lenovo/IdeaProjects/MiniProject/MiniprojectApi/src/test/resources/api/user.feature
15:26:44.052 [main] WARN io.cucumber.core.plugin.SerenityReporter - Feature from file:///C:/Users/Lenovo/IdeaProjects/MiniProject/MiniprojectApi/src/test/resources/api/user.feature is not under the 'features' directory. Requirements report will not be correctly generated!
15:26:44.055 [main] DEBUG net.thucydides.core.steps.StepEventBus - Test suite started for story net.thucydides.core.model.Story@a39b15ff
15:26:44.056 [main] INFO  - Test Suite Started: User

@Order
Scenario: POST - As admin I have be able to create new order    &amp#27;[90m# src/test/resources/api/user.feature:134&amp#27;[0m
15:26:44.171 [main] INFO io.cucumber.core.plugin.SerenityReporter - Running feature from file:///C:/Users/Lenovo/IdeaProjects/MiniProject/MiniprojectApi/src/test/resources/api/user.feature
15:26:44.171 [main] WARN io.cucumber.core.plugin.SerenityReporter - Feature from file:///C:/Users/Lenovo/IdeaProjects/MiniProject/MiniprojectApi/src/test/resources/api/user.feature is not under the 'features' directory. Requirements report will not be correctly generated!
15:26:44.346 [main] INFO  - 
  _____   ___   ___   _____     ___   _____     _     ___   _____   ___   ___  
 |_   _| | __| / __| |_   _|   / __| |_   _|   /_\   | _ \ |_   _| | __| |   \ 
   | |   | _|  \__ \   | |     \__ \   | |    / _ \  |   /   | |   | _|  | |) |
   |_|   |___| |___/   |_|     |___/   |_|   /_/ \_\ |_|_\   |_|   |___| |___/ 

POST - As admin I have be able to create new order(user;post---as-admin-i-have-be-able-to-create-new-order)
--------------------------------------------------------------------------------
15:26:45.388 [main] DEBUG net.thucydides.core.steps.StepInterceptor - STARTING STEP: UserSteps.iSetPOSTApiEndpointsLogin - I set POST api endpoints login
15:26:45.392 [main] DEBUG net.thucydides.core.steps.StepInterceptor - STEP DONE: I set POST api endpoints login
  &amp#27;[32mGiven &amp#27;[0m&amp#27;[32mI set POST api endpoints login&amp#27;[0m                          &amp#27;[90m# starter.stepdefinitions.UserSteps.iSetPOSTApiEndpointsLogin()&amp#27;[0m
15:26:45.411 [main] DEBUG net.thucydides.core.steps.StepInterceptor - STARTING STEP: UserSteps.iSendPOSTHTTPRequestLogin - I send POST HTTP request login
15:26:47.465 [main] DEBUG net.thucydides.core.steps.StepInterceptor - STARTING STEP: PostLogin.iSendPOSTHTTPRequestLogin - I set POST api endpoints login
15:26:47.465 [main] DEBUG net.thucydides.core.steps.StepInterceptor - STEP DONE: I set POST api endpoints login
15:26:48.363 [main] DEBUG org.apache.http.impl.conn.BasicClientConnectionManager - Get connection for route {s}->https://altashop-api.fly.dev:443
15:26:48.377 [main] DEBUG org.apache.http.impl.conn.DefaultClientConnectionOperator - Connecting to altashop-api.fly.dev:443
15:26:48.638 [main] DEBUG org.apache.http.client.protocol.RequestAddCookies - CookieSpec selected: ignoreCookies
15:26:48.638 [main] DEBUG org.apache.http.client.protocol.RequestAuthCache - Auth cache not set in the context
15:26:48.638 [main] DEBUG org.apache.http.client.protocol.RequestTargetAuthentication - Target auth state: UNCHALLENGED
15:26:48.639 [main] DEBUG org.apache.http.client.protocol.RequestProxyAuthentication - Proxy auth state: UNCHALLENGED
15:26:48.640 [main] DEBUG org.apache.http.impl.client.DefaultHttpClient - Attempt 1 to execute request
15:26:48.640 [main] DEBUG org.apache.http.impl.conn.DefaultClientConnection - Sending request: POST /api/auth/login HTTP/1.1
15:26:48.640 [main] DEBUG org.apache.http.wire -  >> "POST /api/auth/login HTTP/1.1[\r][\n]"
15:26:48.640 [main] DEBUG org.apache.http.wire -  >> "Accept: */*[\r][\n]"
15:26:48.640 [main] DEBUG org.apache.http.wire -  >> "Content-Type: application/json[\r][\n]"
15:26:48.640 [main] DEBUG org.apache.http.wire -  >> "Content-Length: 48[\r][\n]"
15:26:48.640 [main] DEBUG org.apache.http.wire -  >> "Host: altashop-api.fly.dev[\r][\n]"
15:26:48.641 [main] DEBUG org.apache.http.wire -  >> "Connection: Keep-Alive[\r][\n]"
15:26:48.641 [main] DEBUG org.apache.http.wire -  >> "User-Agent: Apache-HttpClient/4.5.13 (Java/14.0.2)[\r][\n]"
15:26:48.641 [main] DEBUG org.apache.http.wire -  >> "Accept-Encoding: gzip,deflate[\r][\n]"
15:26:48.641 [main] DEBUG org.apache.http.wire -  >> "[\r][\n]"
15:26:48.641 [main] DEBUG org.apache.http.headers - >> POST /api/auth/login HTTP/1.1
15:26:48.641 [main] DEBUG org.apache.http.headers - >> Accept: */*
15:26:48.641 [main] DEBUG org.apache.http.headers - >> Content-Type: application/json
15:26:48.641 [main] DEBUG org.apache.http.headers - >> Content-Length: 48
15:26:48.641 [main] DEBUG org.apache.http.headers - >> Host: altashop-api.fly.dev
15:26:48.641 [main] DEBUG org.apache.http.headers - >> Connection: Keep-Alive
15:26:48.641 [main] DEBUG org.apache.http.headers - >> User-Agent: Apache-HttpClient/4.5.13 (Java/14.0.2)
15:26:48.641 [main] DEBUG org.apache.http.headers - >> Accept-Encoding: gzip,deflate
15:26:48.641 [main] DEBUG org.apache.http.wire -  >> "{"password":"123123","email":"someone@mail.com"}"
15:26:48.676 [main] DEBUG org.apache.http.wire -  << "HTTP/1.1 200 OK[\r][\n]"
15:26:48.677 [main] DEBUG org.apache.http.wire -  << "content-type: application/json[\r][\n]"
15:26:48.678 [main] DEBUG org.apache.http.wire -  << "date: Fri, 05 May 2023 08:35:33 GMT[\r][\n]"
15:26:48.679 [main] DEBUG org.apache.http.wire -  << "content-encoding: gzip[\r][\n]"
15:26:48.679 [main] DEBUG org.apache.http.wire -  << "transfer-encoding: chunked[\r][\n]"
15:26:48.679 [main] DEBUG org.apache.http.wire -  << "server: Fly/214450ab (2023-05-04)[\r][\n]"
15:26:48.679 [main] DEBUG org.apache.http.wire -  << "via: 1.1 fly.io[\r][\n]"
15:26:48.679 [main] DEBUG org.apache.http.wire -  << "fly-request-id: 01GZNGTPYWZ9192PXJDRYZ54NF-sin[\r][\n]"
15:26:48.679 [main] DEBUG org.apache.http.wire -  << "[\r][\n]"
15:26:48.679 [main] DEBUG org.apache.http.impl.conn.DefaultClientConnection - Receiving response: HTTP/1.1 200 OK
15:26:48.679 [main] DEBUG org.apache.http.headers - << HTTP/1.1 200 OK
15:26:48.679 [main] DEBUG org.apache.http.headers - << content-type: application/json
15:26:48.679 [main] DEBUG org.apache.http.headers - << date: Fri, 05 May 2023 08:35:33 GMT
15:26:48.679 [main] DEBUG org.apache.http.headers - << content-encoding: gzip
15:26:48.679 [main] DEBUG org.apache.http.headers - << transfer-encoding: chunked
15:26:48.679 [main] DEBUG org.apache.http.headers - << server: Fly/214450ab (2023-05-04)
15:26:48.679 [main] DEBUG org.apache.http.headers - << via: 1.1 fly.io
15:26:48.679 [main] DEBUG org.apache.http.headers - << fly-request-id: 01GZNGTPYWZ9192PXJDRYZ54NF-sin
15:26:48.684 [main] DEBUG org.apache.http.impl.client.DefaultHttpClient - Connection can be kept alive indefinitely
15:26:48.688 [main] DEBUG io.restassured.internal.RestAssuredHttpBuilder - Parsing response as: application/json
15:26:48.689 [main] DEBUG org.apache.http.wire -  << "AC[\r][\n]"
15:26:48.689 [main] DEBUG org.apache.http.wire -  << "[0x1f][0x8b][0x8][0x0][0x0][0x0][0x0][0x0][0x4][0xff][0xab]VJI,IT[0xb2]RJ[0xad][0xf4][0xca]HrO[0xce][0xf4][0xcf][0xf4][0xf2][0xc][0xad][0xf2]4[0xf4][0xcb][0xf4],[0xf6][0xcc][0xb]2Mv[0xf6]4[0xf3][0xcc].[0x88][0x8]s[0xf6][0xb2][0xd4]K[0xad][0xf4]rO[0x9][0xaf](N[0xca]u+[0x89][\n]"
15:26:48.689 [main] DEBUG org.apache.http.wire -  << "[0x6]K[0x94]%[0xba][0x9b][0xa4][0x7][0xb9][[0xe6]xf[0x96]g[0x6][0x85][0x1b]f$[0x86][0x97][0x83][0xc][0xa9]J22[0xcc]I22[0xcd][0x9]t[0x7][0x8b][0x95]F[0x1a]Y[0x96]x[0xe6][0x19][0xe8][0x85][0x97]9[0x5]W$[0x7][0xba][0x16][0x16][0xe6]e:[0x1b][0x96][0x19]X[0xf8]Te[0x17]y$[0xbb][0xfa][0xa4][0xa6][0x17][0x1b]$[0x99][0x97][0x95]d[0xb9][0x7][0x84]g&[0xba][0x86]'{*[0xd5]r[0x1][0x0]?[0x99][0xcf]j[0xa0][0x0][0x0][0x0]"
15:26:48.689 [main] DEBUG org.apache.http.wire -  << "[\r][\n]"
15:26:48.689 [main] DEBUG org.apache.http.wire -  << "0[\r][\n]"
15:26:48.690 [main] DEBUG org.apache.http.wire -  << "[\r][\n]"
15:26:48.690 [main] DEBUG io.restassured.internal.RestAssuredHttpBuilder - Parsed data to instance of: class org.apache.http.conn.EofSensorInputStream
15:26:48.735 [main] DEBUG org.apache.http.impl.conn.BasicClientConnectionManager - Releasing connection org.apache.http.impl.conn.ManagedClientConnectionImpl@6c9151c1
15:26:48.735 [main] DEBUG org.apache.http.impl.conn.BasicClientConnectionManager - Connection can be kept alive indefinitely
15:26:49.450 [main] DEBUG net.thucydides.core.steps.StepInterceptor - STEP DONE: I send POST HTTP request login
  &amp#27;[32mWhen &amp#27;[0m&amp#27;[32mI send POST HTTP request login&amp#27;[0m                           &amp#27;[90m# starter.stepdefinitions.UserSteps.iSendPOSTHTTPRequestLogin()&amp#27;[0m
15:26:49.456 [main] DEBUG net.thucydides.core.steps.StepInterceptor - STARTING STEP: UserSteps.iSetPOSTApiEndpointsOrder - I set POST api endpoints order
15:26:49.456 [main] DEBUG net.thucydides.core.steps.StepInterceptor - STEP DONE: I set POST api endpoints order
  &amp#27;[32mAnd &amp#27;[0m&amp#27;[32mI set POST api endpoints order&amp#27;[0m                            &amp#27;[90m# starter.stepdefinitions.UserSteps.iSetPOSTApiEndpointsOrder()&amp#27;[0m
15:26:49.461 [main] DEBUG net.thucydides.core.steps.StepInterceptor - STARTING STEP: UserSteps.iSendPOSTHTTPRequestPostOrder - I send POST HTTP request post order
15:26:49.464 [main] DEBUG net.thucydides.core.steps.StepInterceptor - STARTING STEP: PostOrder.iSendPOSTHTTPRequestPostOrder - I set POST api endpoints order
15:26:49.465 [main] DEBUG net.thucydides.core.steps.StepInterceptor - STEP DONE: I set POST api endpoints order
15:26:49.490 [main] DEBUG org.apache.http.impl.conn.BasicClientConnectionManager - Get connection for route {s}->https://altashop-api.fly.dev:443
15:26:49.491 [main] DEBUG org.apache.http.impl.conn.DefaultClientConnectionOperator - Connecting to altashop-api.fly.dev:443
15:26:49.579 [main] DEBUG org.apache.http.client.protocol.RequestAddCookies - CookieSpec selected: ignoreCookies
15:26:49.580 [main] DEBUG org.apache.http.client.protocol.RequestAuthCache - Auth cache not set in the context
15:26:49.580 [main] DEBUG org.apache.http.client.protocol.RequestTargetAuthentication - Target auth state: UNCHALLENGED
15:26:49.580 [main] DEBUG org.apache.http.client.protocol.RequestProxyAuthentication - Proxy auth state: UNCHALLENGED
15:26:49.580 [main] DEBUG org.apache.http.impl.client.DefaultHttpClient - Attempt 1 to execute request
15:26:49.580 [main] DEBUG org.apache.http.impl.conn.DefaultClientConnection - Sending request: POST /api/orders HTTP/1.1
15:26:49.580 [main] DEBUG org.apache.http.wire -  >> "POST /api/orders HTTP/1.1[\r][\n]"
15:26:49.580 [main] DEBUG org.apache.http.wire -  >> "Accept: */*[\r][\n]"
15:26:49.580 [main] DEBUG org.apache.http.wire -  >> "Content-Type: application/json[\r][\n]"
15:26:49.580 [main] DEBUG org.apache.http.wire -  >> "Content-Length: 33[\r][\n]"
15:26:49.580 [main] DEBUG org.apache.http.wire -  >> "Host: altashop-api.fly.dev[\r][\n]"
15:26:49.580 [main] DEBUG org.apache.http.wire -  >> "Connection: Keep-Alive[\r][\n]"
15:26:49.581 [main] DEBUG org.apache.http.wire -  >> "User-Agent: Apache-HttpClient/4.5.13 (Java/14.0.2)[\r][\n]"
15:26:49.581 [main] DEBUG org.apache.http.wire -  >> "Accept-Encoding: gzip,deflate[\r][\n]"
15:26:49.581 [main] DEBUG org.apache.http.wire -  >> "[\r][\n]"
15:26:49.581 [main] DEBUG org.apache.http.headers - >> POST /api/orders HTTP/1.1
15:26:49.581 [main] DEBUG org.apache.http.headers - >> Accept: */*
15:26:49.581 [main] DEBUG org.apache.http.headers - >> Content-Type: application/json
15:26:49.581 [main] DEBUG org.apache.http.headers - >> Content-Length: 33
15:26:49.581 [main] DEBUG org.apache.http.headers - >> Host: altashop-api.fly.dev
15:26:49.581 [main] DEBUG org.apache.http.headers - >> Connection: Keep-Alive
15:26:49.581 [main] DEBUG org.apache.http.headers - >> User-Agent: Apache-HttpClient/4.5.13 (Java/14.0.2)
15:26:49.581 [main] DEBUG org.apache.http.headers - >> Accept-Encoding: gzip,deflate
15:26:49.581 [main] DEBUG org.apache.http.wire -  >> "[[\n]"
15:26:49.581 [main] DEBUG org.apache.http.wire -  >> "{"quantity":1,"product_id":2}[\n]"
15:26:49.581 [main] DEBUG org.apache.http.wire -  >> "]"
15:26:49.615 [main] DEBUG org.apache.http.wire -  << "HTTP/1.1 401 Unauthorized[\r][\n]"
15:26:49.615 [main] DEBUG org.apache.http.wire -  << "content-type: application/json[\r][\n]"
15:26:49.615 [main] DEBUG org.apache.http.wire -  << "date: Fri, 05 May 2023 08:35:34 GMT[\r][\n]"
15:26:49.615 [main] DEBUG org.apache.http.wire -  << "content-encoding: gzip[\r][\n]"
15:26:49.615 [main] DEBUG org.apache.http.wire -  << "transfer-encoding: chunked[\r][\n]"
15:26:49.615 [main] DEBUG org.apache.http.wire -  << "server: Fly/214450ab (2023-05-04)[\r][\n]"
15:26:49.616 [main] DEBUG org.apache.http.wire -  << "via: 1.1 fly.io[\r][\n]"
15:26:49.616 [main] DEBUG org.apache.http.wire -  << "fly-request-id: 01GZNGTQW860VBTFFRX9908QFZ-sin[\r][\n]"
15:26:49.616 [main] DEBUG org.apache.http.wire -  << "[\r][\n]"
15:26:49.616 [main] DEBUG org.apache.http.impl.conn.DefaultClientConnection - Receiving response: HTTP/1.1 401 Unauthorized
15:26:49.616 [main] DEBUG org.apache.http.headers - << HTTP/1.1 401 Unauthorized
15:26:49.616 [main] DEBUG org.apache.http.headers - << content-type: application/json
15:26:49.616 [main] DEBUG org.apache.http.headers - << date: Fri, 05 May 2023 08:35:34 GMT
15:26:49.616 [main] DEBUG org.apache.http.headers - << content-encoding: gzip
15:26:49.616 [main] DEBUG org.apache.http.headers - << transfer-encoding: chunked
15:26:49.616 [main] DEBUG org.apache.http.headers - << server: Fly/214450ab (2023-05-04)
15:26:49.616 [main] DEBUG org.apache.http.headers - << via: 1.1 fly.io
15:26:49.616 [main] DEBUG org.apache.http.headers - << fly-request-id: 01GZNGTQW860VBTFFRX9908QFZ-sin
15:26:49.616 [main] DEBUG org.apache.http.impl.client.DefaultHttpClient - Connection can be kept alive indefinitely
15:26:49.617 [main] DEBUG org.apache.http.impl.client.DefaultHttpClient - Authentication required
15:26:49.617 [main] DEBUG org.apache.http.impl.client.DefaultHttpClient - altashop-api.fly.dev:443 requested authentication
15:26:49.617 [main] DEBUG org.apache.http.impl.client.DefaultHttpClient - Response contains no authentication challenges
15:26:49.617 [main] DEBUG io.restassured.internal.RestAssuredHttpBuilder - Parsing response as: application/json
15:26:49.617 [main] DEBUG org.apache.http.wire -  << "2D[\r][\n]"
15:26:49.617 [main] DEBUG org.apache.http.wire -  << "[0x1f][0x8b][0x8][0x0][0x0][0x0][0x0][0x0][0x4][0xff][0xab]VJ-*[0xca]/R[0xb2]R*[0xcd]K,-[0xc9][0xc8]/[0xca][0xac]JMQ[0xaa][0xe5][0x2][0x0]@[0x17]da[0x19][0x0][0x0][0x0]"
15:26:49.617 [main] DEBUG org.apache.http.wire -  << "[\r][\n]"
15:26:49.618 [main] DEBUG org.apache.http.wire -  << "0[\r][\n]"
15:26:49.618 [main] DEBUG org.apache.http.wire -  << "[\r][\n]"
15:26:49.618 [main] DEBUG io.restassured.internal.RestAssuredHttpBuilder - Parsed data to instance of: class org.apache.http.conn.EofSensorInputStream
15:26:49.621 [main] DEBUG org.apache.http.impl.conn.BasicClientConnectionManager - Releasing connection org.apache.http.impl.conn.ManagedClientConnectionImpl@7a0d2c80
15:26:49.621 [main] DEBUG org.apache.http.impl.conn.BasicClientConnectionManager - Connection can be kept alive indefinitely
15:26:49.622 [main] DEBUG net.thucydides.core.steps.StepInterceptor - STEP DONE: I send POST HTTP request post order
  &amp#27;[32mAnd &amp#27;[0m&amp#27;[32mI send POST HTTP request post order&amp#27;[0m                       &amp#27;[90m# starter.stepdefinitions.UserSteps.iSendPOSTHTTPRequestPostOrder()&amp#27;[0m
15:26:49.630 [main] DEBUG net.thucydides.core.steps.StepInterceptor - STARTING STEP: UserSteps.iReceive1ValidLoginAndProductHTTPResponseCode - I receive valid login and product HTTP response code 200
15:26:49.633 [main] DEBUG net.thucydides.core.steps.StepInterceptor - STARTING STEP: PostProduct.iReceive1ValidLoginAndProductHTTPResponseCode - I set POST api endpoints product
15:26:49.633 [main] DEBUG net.thucydides.core.steps.StepInterceptor - STEP DONE: I set POST api endpoints product
15:26:49.671 [main] DEBUG org.apache.http.impl.conn.BasicClientConnectionManager - Get connection for route {s}->https://altashop-api.fly.dev:443
15:26:49.671 [main] DEBUG org.apache.http.impl.conn.DefaultClientConnectionOperator - Connecting to altashop-api.fly.dev:443
15:26:49.773 [main] DEBUG org.apache.http.client.protocol.RequestAddCookies - CookieSpec selected: ignoreCookies
15:26:49.773 [main] DEBUG org.apache.http.client.protocol.RequestAuthCache - Auth cache not set in the context
15:26:49.774 [main] DEBUG org.apache.http.client.protocol.RequestProxyAuthentication - Proxy auth state: UNCHALLENGED
15:26:49.774 [main] DEBUG org.apache.http.impl.client.DefaultHttpClient - Attempt 1 to execute request
15:26:49.774 [main] DEBUG org.apache.http.impl.conn.DefaultClientConnection - Sending request: GET /api/products HTTP/1.1
15:26:49.774 [main] DEBUG org.apache.http.wire -  >> "GET /api/products HTTP/1.1[\r][\n]"
15:26:49.774 [main] DEBUG org.apache.http.wire -  >> "Authorization: Bearer [\r][\n]"
15:26:49.790 [main] DEBUG org.apache.http.wire -  >> "Accept: */*[\r][\n]"
15:26:49.791 [main] DEBUG org.apache.http.wire -  >> "Host: altashop-api.fly.dev[\r][\n]"
15:26:49.791 [main] DEBUG org.apache.http.wire -  >> "Connection: Keep-Alive[\r][\n]"
15:26:49.792 [main] DEBUG org.apache.http.wire -  >> "User-Agent: Apache-HttpClient/4.5.13 (Java/14.0.2)[\r][\n]"
15:26:49.792 [main] DEBUG org.apache.http.wire -  >> "Accept-Encoding: gzip,deflate[\r][\n]"
15:26:49.792 [main] DEBUG org.apache.http.wire -  >> "[\r][\n]"
15:26:49.792 [main] DEBUG org.apache.http.headers - >> GET /api/products HTTP/1.1
15:26:49.792 [main] DEBUG org.apache.http.headers - >> Authorization: Bearer 
15:26:49.792 [main] DEBUG org.apache.http.headers - >> Accept: */*
15:26:49.792 [main] DEBUG org.apache.http.headers - >> Host: altashop-api.fly.dev
15:26:49.792 [main] DEBUG org.apache.http.headers - >> Connection: Keep-Alive
15:26:49.792 [main] DEBUG org.apache.http.headers - >> User-Agent: Apache-HttpClient/4.5.13 (Java/14.0.2)
15:26:49.792 [main] DEBUG org.apache.http.headers - >> Accept-Encoding: gzip,deflate
15:26:49.795 [Finalizer] DEBUG org.apache.http.impl.conn.DefaultClientConnection - Connection 0.0.0.0:63371<->149.248.193.56:443 closed
15:26:49.931 [main] DEBUG org.apache.http.wire -  << "HTTP/1.1 200 OK[\r][\n]"
15:26:49.931 [main] DEBUG org.apache.http.wire -  << "content-type: application/json[\r][\n]"
15:26:49.931 [main] DEBUG org.apache.http.wire -  << "date: Fri, 05 May 2023 08:35:35 GMT[\r][\n]"
15:26:49.931 [main] DEBUG org.apache.http.wire -  << "transfer-encoding: chunked[\r][\n]"
15:26:49.931 [main] DEBUG org.apache.http.wire -  << "content-encoding: gzip[\r][\n]"
15:26:49.931 [main] DEBUG org.apache.http.wire -  << "server: Fly/214450ab (2023-05-04)[\r][\n]"
15:26:49.931 [main] DEBUG org.apache.http.wire -  << "via: 1.1 fly.io[\r][\n]"
15:26:49.931 [main] DEBUG org.apache.http.wire -  << "fly-request-id: 01GZNGTR2V50K1PE0JFQ1V9RHB-sin[\r][\n]"
15:26:49.931 [main] DEBUG org.apache.http.wire -  << "[\r][\n]"
15:26:49.931 [main] DEBUG org.apache.http.impl.conn.DefaultClientConnection - Receiving response: HTTP/1.1 200 OK
15:26:49.931 [main] DEBUG org.apache.http.headers - << HTTP/1.1 200 OK
15:26:49.933 [main] DEBUG org.apache.http.headers - << content-type: application/json
15:26:49.933 [main] DEBUG org.apache.http.headers - << date: Fri, 05 May 2023 08:35:35 GMT
15:26:49.933 [main] DEBUG org.apache.http.headers - << transfer-encoding: chunked
15:26:49.933 [main] DEBUG org.apache.http.headers - << content-encoding: gzip
15:26:49.933 [main] DEBUG org.apache.http.headers - << server: Fly/214450ab (2023-05-04)
15:26:49.933 [main] DEBUG org.apache.http.headers - << via: 1.1 fly.io
15:26:49.933 [main] DEBUG org.apache.http.headers - << fly-request-id: 01GZNGTR2V50K1PE0JFQ1V9RHB-sin
15:26:49.933 [main] DEBUG org.apache.http.impl.client.DefaultHttpClient - Connection can be kept alive indefinitely
15:26:49.933 [main] DEBUG io.restassured.internal.RestAssuredHttpBuilder - Parsing response as: application/json
15:26:49.934 [main] DEBUG org.apache.http.wire -  << "1F8[\r][\n]"
15:26:49.934 [main] DEBUG org.apache.http.wire -  << "[0x1f][0x8b][0x8][0x0][0x0][0x0][0x0][0x0][0x4][0xff][0xaa]VJI,IT[0xb2][0x8a][0xae]V[0xf2]tQ[0xb2]24[0xb2][0xb0]0[0xd7]Q[0xf2]K[0xcc]MU[0xb2]Rr[0xcd][0xcb]/[0xca][0xcd]/-Vp[0xce]/)[0xc9][0xcf]Sp[0xce][0xcf]-(-I-R[0xd2]QrI-N.[0xca],([0xc9][0xcc][0xcf]S[0xb2]R[\n]"
15:26:49.934 [main] DEBUG org.apache.http.wire -  << "-Q[0xc8]KMN-.[0xce],I,[0xc9]L*-V([0xcb],ILU[0xc8],-JUH[0xc9][0xcf][0xc9]/J-V(J-H[0xcd][0xc9]I[0xcd]K)-V([0xce][0xcc][0xcd][0xcc][0xc9],,M[0xd5]S[0xd2]Q[\n]"
15:26:49.934 [main] DEBUG org.apache.http.wire -  << "([0xca]LNU[0xb2][0xb2]4[0xd4]Q[\n]"
15:26:49.934 [main] DEBUG org.apache.http.wire -  << "J,[0xc9][0xcc]K/V[0xb2]2[0xd6]QrN,IM[0xcf]/[0xca]L-V[0xb2][0x8a][0x8e][0xad][0xd5]A[0xb8][0xd0][0x2][0xee][0xc2][0x80][0xa2][0xc4][0xe4][0x92][0xcc][0xe4][0xc4][0x1c][0x5][0xdf][0xc4][0xa2][0xa4][0x9c]T[0x85][0x90][0xc4][0xa4][0x9c]T[0xc][0xf7][0x85][0xa4][0xe6][0x16][0xe4][0x17][0x81][0x1d]V\[0x9a]W[0xa2][0x90]X\[0x90]Z[0x94][0x9]r[0x15][0x92][0xfd][0x16]FH[0xf6][0x9b][0xe0][0xb3][0xdf][0x12]nPiqIf[0xb2][0x82]{Qb^fI[0xaa]BpF~j1[0xa6][0xed][0xf9]%[0x89][0xb9][\n]"
15:26:49.934 [main] DEBUG org.apache.http.wire -  << "[0x85][0xa5] [0xfb]S[0x12]s[0x15][0xca]Rs[0x90][0xac]51C[0xb2][0x16][0x9f][0xb7]-[\r][0xe0][0xd6][0x6][0xe7][0xe7]U*[0x4][0x4][0x9b]bXU[0x90][0x93]X[0xa9][0x90][0x91]X[0xac][0x90][0x97][0xaf][0x90][0x93][0x99][0x9b]Y[0x2]r[\r]4|[0x8d],-[0x91]l[0xc2][0xe7]AK#j[0xda]d[0x80]'(-[0x8d][0xe9]f[0x93])5m2[0xc2][0xe7]'3[0xb8]M[0xae]E[0xe9][0xf9]y[0xf9][0xb9][0x99][0xc9][\n]"
15:26:49.934 [main] DEBUG org.apache.http.wire -  << "[0xe1][0xf9][0xf9])[0xa9]y[\n]"
15:26:49.934 [main] DEBUG org.apache.http.wire -  << "[0xee]9[0xf9]eXRHpfN6"#[0x18][[0x1a]#[0xa7][0x9]S|v!2[0xab]{~Qz*([0xb3][0x82][0xc][0xc3]e[0x11]$##[0xac]2[0xb3]04FJ[0x14]x[0xa3][\n]"
15:26:49.934 [main] DEBUG org.apache.http.wire -  << "[0x91][0xeb][0x1c]S[0x8b][0xf2]S*[0xf3][0x12]A[0x1e][0x83][0xe6][0xbb][0xe0][0x8c][0xcc][0xa2][0x12][0x8c][0xe4][0xe8]Y[0x94][0x9f][0x87][0xb0][0xcc][0xc2][0xc4][0x14]9[0x8b][0xe1][0xf5][0x17]"[0x8b][0xb9][0x94][0x16][0x81][0xf2]4<[0x8f]9%[0xa6]c[0xd8][0xe3][0x9c][0x9f][0x97]\[0x94]Z[0x2][0xca][0xf8][0xd0][0xc4]nlah[0xa0][0xa3][0x4][0x0][0x0][0x0][0xff][0xff]"
15:26:49.934 [main] DEBUG org.apache.http.wire -  << "[\r][\n]"
15:26:49.934 [main] DEBUG org.apache.http.wire -  << "6B1[\r][\n]"
15:26:49.934 [main] DEBUG org.apache.http.wire -  << "[0x82][0x17]'x<fi[0x80][0xc8]W[0xf0]0[0xc]H,H-[0xc2]][0xde]Ab[0x13][0xe1]3sK[0xb][0x13]bm3[0x84][0xa7][0xe][0xc7][0xf2][0xd4][0xe2][0xfc][0xdc]T[0x5][0x88]e[0x1]9[0x89]`[0xf][0xa0][0x96][0xac]`9[0x84]EF[0x96][0xc6][0x16][0xc4]ZD[0xaf]Lli`[0x2][0xf7][0x12][0x15][\n]"
15:26:49.934 [main] DEBUG org.apache.http.wire -  << "&<[0xc9][0xc2][0xd2][0x80][0xaa][0x99][0x18]o[0xa2]@d,*[0xf8][0x9][0xaf]M[0x88]|[0xe5][0x91][0x9a]XV[0xa9][0xe0]RZR[0xa9][0x10]\[0x92][0x9a][0x9a][0xa3][0xe0][0x91][0x88][0x99][0xa7][0xd0][0xd3][0x9e][0x99][0x81][0xa9]9[0xb1]I[0x2]3W[0x81][0xd3][0x97][0x82]sFb&f[0xad][0xe]v[0x3]"[0xed][0x99][0x99][0x1a]"[0xd7][0xd0][0xf8][0xfc][0x4][0xca]{[0xd0]6[0x4],[0x91][0xfb][0xa4]&[0x96]d[0x80][0xf2]TN~2[0xa8][0xac]CM[0xe6][0xa8][0x5][0x85][0xb9][0xa1][0x5][0x91][0xa5][0x92]%[0xc8]IP[0x9b][0xe0][0xad][0x15][0xa7][0xa2][0xfc][0xbc][0xaa]T[0xdc][0xb9]7[0xa8]4)[0x9][0xdc][0x88][0x81][0x96][0x15][0x16]D[0x17][0x82][0x96][0x86][0x88]L[0x5][0xad][0xfa]}2[0xf3]R[0xf3][0x14][0xb0]g^t[0x8b][0x8c][\r]ML[0x89][0x8c]*P[0xb1][0xc][0xf5][0x97]ojJf~r[0x11][0xc8]C[0x90]RN[0xc1][0x19]k[0x18][0x82]][0x82][0x88].[0x13]3C[0xe4]Z[0x4]ot!e[0xe0][0xca][0xbc][0xd4][0xa2][0xf4]Lp[0xab][0x6][0x14])[\n]"
15:26:49.934 [main] DEBUG org.apache.http.wire -  << "[0xd8][0xb][0xf6][0x80][0x9c]D[0x90][0x12][0x84]m[0xa6][0xc6][0x16][0xc4][0x96][0xb7][0x86][0x88]L[0x8c]\[0x91]@[0xaa]&[0x5][0xef][0xbc][0xcc]4P9[0x8e][0x9a]>[0xb0][0xd8]gJt[0x12]A[0xd4][0xc7][0xc8][0xf6]9[0xe6][0x94][0xe6]f[0xe6][0x95][0xe6]*`[0xab]P[0xa0][0xa9][0x15][0xc9][0x96][0xc6]D[0xfb][0xf]Qt g[0xe8][0xcc][0x9c]l[0x85][0xf0][0xc4][0x9c][0x9c]T[0xcc],[\r]I[0xb0][0x8][0xcb],[0xcd][0xc][0x88]-[0xe5][\r][0x11][0xa5][0x7]F[[0x18][0x87]m[0x18]~[0xb3]03$[0xb6][0xf6]2D[0x94] [0xc8]a[0x9]m[0x4][0xe0][0xb0][0xd0]9[0xbf][0xa0][0x0]9[0xbf]Y[0x9a][0x81][0x8c]![0xaa]n6B[0xd4][0xcd][0xb0][0x82][0x4][0x9a][0x14][0x14][0x9c][0x13]1K,[0xf4][0x80]466 [0xb6][0xc8]2[0xc2][0xac][0x97]!%-[0xae][0xa6][0x14][0xa8][0x99][0x85][0x88]2S[0xe2]Ka#D[0x19][0x2]/[0xb2][0xa0]Va[0xcf]l[0x10]I[0x84]]f[0xe6]f[0xc8][0xed](|9[0xdb][0x8][0xd1][0xbe][0x86][0x17]#[0xe1][0xf9][0xf9]98[0x8a][0x10][0xf4][0xf0]3[0xb5]0!:[0xfc][0x10]e[0x8][0xdc]&[0x88]q8zE[0xe8][0xbe]260%6[0xd1][0x1b]!J[0x10]h)[0xc]Ib8l[0x82][0xa6][0x18]D[0x0][0x1a][0x1b][0x11]]e[0x1a]![\n]"
15:26:49.935 [main] DEBUG org.apache.http.wire -  << "[0xf][0x1a][0xb7][0x3][0x8c][0x10][0xc5][0x6]"'C[0xaa]g[0x1c][0xcd][0x80][0x1c][0x84][0x8f],-AU.qY[\n]"
15:26:49.935 [main] DEBUG org.apache.http.wire -  << "Qb[0xc0][0x9b][0xbb][0xb0][0xfe]+[0xf6]j[0xc]*[0x8b][0xb0][0xcd][0xdc][0xd0][0x92][0xd8]&[0x87][0x11][0xa2][0xc0][0xf0][0xcc]+I[0xcd][0xc9][0xc9]LO[0xcd]+Q[0x80][0xa6][0xc]ly[0x18][0xc3]6S[0x13]Sb+2P[0x19][\r][0xad]5[0xe1]Y[0xb][0xdc][0x8a]Qp[0xca]/)[0xc1]20[0x0][0xaa][0xe2][0x10][0xfe]2[0xb6]0 [0xb6]R1F[0x14][0x17][0x9e][0xa0]Z9%[0x13]4[0xfa][0x0]Mi8[0xda]S[0xb0][0x1a][0x7]a[0xa1][0x91][0x1][0xd1][0xd1]f[0x8c](5[0x10][0xc9][0x3][0x9a][0xec][0x9d][0xf3][0xb1][0xb4][0x13][0xa1]nAXfifBl[0x15]f[0x8c](6[0x82]sRS[0xb3][0x15][0xc0]m[0xb][0x5][0xac][0xf6][0xa0][0x96][0x83][0xc6][0xa6][0xa0]"[0x87][0xa8][0x84]h[0x8c](1|2[0xd3]3J[0xca]SA$l [0xc7])5/9[0x3][0xa3][0xa3][0x87]Qw[0x99][0x9a][0x83][\n]"
15:26:49.935 [main] DEBUG org.apache.http.wire -  << "n[0xe2][0xec]C[0x94][0x1a][0xf0][0x12][\n]"
15:26:49.935 [main] DEBUG org.apache.http.wire -  << "[0x9a][0xd8][0x14][0xbc]S+[0x93][0xf2][0x13][0x8b]R0,[0x4][0x15][0x96][0x88] 422A[0x1e]C[0xc1]W[0xf2][0x82][0xba][0xf0][0xd0][0xa4][0x88]\S[0x82]B[0xb][0xb7]m[0xe0][0xec][0x8e][0xb0][0xce][0xdc][0x82][0xf8][0x18]C[0x94][0x1e]H[0x8d][0xe]hp[0xe1]([0x17][0xd1][0x9b][0xa7][0x96]F[0xa0][0xb1]?[0xe2][0xc2][0x12]Q[0x88] Y[0x7][0xeb][0x86][0xe3][0xca]m[0xe8][0x16][0x9a][0x99][0x81][0xea]w[0xe2],D[0x94]#[0xf0]R[0xb][0x94]y[0x89][0xab][0x9d]-,[0x88]n[0x7][0x80]B[0x1c][0x1a]o[0xb0][0x91][0x7]h.[0xb]H[0xcc][0x3][0xf][0xa7][0xa1][0xb6]L[0xd1][0xab]1#S3bK+P[0xdd][\n]"
15:26:49.935 [main] DEBUG org.apache.http.wire -  << "[0xb5][\n]"
15:26:49.935 [main] DEBUG org.apache.http.wire -  << "^ZA[0x82][0x8]G[0xab][0x1b][0x1a][0x9d][0x88][0x4]bj[0x8][0xca]DD[0x5][0xa0][0x9][0xa2][0xfc]pK[0xcc]+[0x1]7[0xdf]a[0xa3]R[0xd8]Z[0xc0][0x18][0xc5][0x87][0x85][0x5][0xd1]-n[0x13]D[0xf1][0x1][0xad][0x9f]A[0xd9][0x8]G[0x9b][0x3][0xe2]c[0x84][0x9f]L[0xc]A[0x3][0x9d][0xc4][0xf9][0x9]Q[0x82][0x4]#[0xf5][`[0xe5],[0xd6][0xee]3Z[0x16]33[0xb0]$[0xb6][0xed][0xb][0xea][0xbb]A[0xa3][0xb][0xb9]*[0x3][0xe7]h[0xec][0x3][0xbf][0xa0][0x4][0x8a][0xf0][0x98][0x91][0x1][0xd1][0xf5][0x18]hL[0x18]j[0x15]"[0xb2]@[0xa6])`O[0x84]h[0x9e][0xb2]0[0xb1] [0xb6][0xd9]f[0x82](7[0x90][0xeb]1[0xc8][0xf0][0x17][0x11]-l[0xb]#[0xd0][0xf0][0x19]q[0xb1][0x85](3[0x90][0xac][0x2][0x7][0x1f][0xf6]v[0x7]H[\n]"
15:26:49.935 [main] DEBUG org.apache.http.wire -  << "[0x11]|f&&D[0xc7][0x14][0xa2][0xb0][0x80]g,XI[0x8f][0xbd]^[0xc1][0xc8][0xc5][0x16][0xc6][0xc4][0xf6][0xd4]M1[0xbb]([0xe0][0x98]"[0xdc]h367%[0xb6]61E47[0x10]c[0xca][0xf0][0xe2][0x16][0x9b]U 7 [0x2][0xcf][0xd2][0xc4][0x98]h[0xab][0x10][0x99][\n]"
15:26:49.935 [main] DEBUG org.apache.http.wire -  << "^M[0x82][0xd3][0x17][0x8e]B[0x9][0x96][0xdb][0x10][0x96][0x99][0x9a][0x11][0x9d][0xd0]M[0x11]u2[0xb4][0xa4][0x0]E:[0xd6][0x8c][0x8b][0xea]!#K3b[0x9b][0xa0] [0xc7]@3[0x13]R[0xba][0x83][0xa5][0x87][0xf0][0xc4][0x12],[0xed][0xc][0x8c][0xd2][0xcf][0xcc][0x80][0xe8][0x11]^P[0xdf][0x2]j[0x1f][0xbc][0xaa][0x82][\r]n[0xe0]jf[0x80][0x1b][0xa9][0x88][0x10]432#[0xb6]/[0x4][0xea]4AmC[0xf2][0x1d]$[0xc2][0xb0][0x95][0xeb][0x90][0xca][0xc][0xc9]*cc[0xa2][0x3][0x12][0x91][0xad][0x10][0xa5][0x12],[0xfa][0x15][0xb0]g,4[0x8f][0x99][0x9a][0x12][0x9d][0x89][0xcd][0x10][0xf9][\n]"
15:26:49.935 [main] DEBUG org.apache.http.wire -  << "[0xb9]p[0x87][0x86]$[0xf6]!0H[0xb7][0x2][0xe1]9S[0xd4]9/|[0xed]53D[0xe][0x83][0xd5][0xfb][0xb0]$[0x82][0xa3]t[0x2][0x8d][0xd0]"[0xac]26$z[0x0][0xc][0xd4]{[0x87]F[0x19]4[0xd1]#[0x2][0x11]{7[0x5][0xe2]i[0x84]e&&[0xa0][0xf1]A[0xa2]J]3D[0xe][0x83][0x97][0x85][0xa0][0xac][0x84]c[0xa0][\r]=[0x4]M[0x8c][0xcd][0x89]M[0x1e][0xa0]$[0xb][0xf5][0x16][0xdc]&Hj[0xc3]1<[\n]"
15:26:49.936 [main] DEBUG org.apache.http.wire -  << "[0xca][0xea][0x8]?Y[0x98][0x11][0xdd]p2G$[\r][0xb8]M[0x90][0x12]\[0x1]{v[0x86][0x95][0x94][0x8][0xdb][0x8c][0x8d][0x89][0x1e]b6G[0xb4][0x9c] [0x9d]![0xe8]h[0x17][0xf6][0x91]JL[0xab],[0xcd]A[0xee]%*[0xb2][0xcc][0x11]e/r1[0xf][0x9e]|[0xc7]>6[0x84]i[0x9d][0xb1][0x5][0xa8][0x0]"[0xce]:[0xa4][0xc1][\r][0xa4][0xf6][0x13][0xb4][0xf0][0xc3][0xd5][0x8a][0x87]%VD`Z[0x18][0x10][0x1f]u[0x88]F[0x0]4[0xed][0x83][0x13]#[0xf6][0xf6][0x13]4[0x3]",26!z[0xfa][0xb][0x94][0x1b][0xa1][0xa9]1871'[0x7]>[0x88]=[0x1c][0xd1][0xd3][0xbd][0xa5][0x9]hV[0x8b][0xa8]P[0x4][0xb5][0xb5][0xa0]6A[0xbd][0x4]M[0xf5][0xd8]m[0x82]$T$?[0x99][0x12][0xdd][0xae][0x6][0xad]P[0x80][0xda][0x84][0xdc][0x2][0x85]E[0x8][0xf6][0xfe]9L[0x16]a[0xa3][0x85])[0xa8][0xb0]#[0xce]o[0x88][0x96]<R?[0xf]\[0xa8][0xe3]h[0x8a]bx[0x8f][0xf8][0xd4][0xf][0xaa]a[0xe1][0xde]K.J[0x85][0x8e][0xa9][0x80][0xdb][0xa2]8[0xc6]oP[0x8b][0x10]#s3b[0xc7]o,[0x10][0xc5]"r[0xf7][0x1c][0x96][0x9d]p[0x8d][0xd4][0x83][0x12]+" [0x8d]IH$[0x88][0xac][0x86][0x9a]H[0xb0]7[0xe8][0xc1][0xe3]-[0x8][0x8b][0xcc]-@[0xe3]h[0xc4][0xc5][0x18][0xa2]A[0x8f]<[0xaa][0x2]M[0x92]8[0xaa]2[0x94][0xe5][0x7]&[0x96][0xa0][0x16][0x13]q[0x96]!r3R[0xe3][0x3][0xda]M[0xc5]Q[0xea][0x83][0xba][0x82][0x8][0x9f][0x19][0x19][0x81][0xb2][0xf]Q[0x96][0x81][0xba][0x85][0xd0][0xe4][0x81][0xec]3H[0x82][0xc3]^[0xf0][0x3][0x0][0x0][0x0][0xff][0xff]"
15:26:49.936 [main] DEBUG org.apache.http.wire -  << "[\r][\n]"
15:26:49.936 [main] DEBUG org.apache.http.wire -  << "6A2[\r][\n]"
15:26:49.937 [main] DEBUG org.apache.http.wire -  << "RB[0xaf]8[0xcd]MA[0x95]/q[0xd6]![0x8a]}Dk[0x7]Z[0xf4]co[0xeb][0xa0]E[0x9a][0xa5][0x5][0xd1][0xa9][0x11]i[0x19][0xc][0xbc][0xc9][0x18][0x4][0x9e][0xa5][0xc4]3V[0x84]>[0x5]glfD[0xec][0xc8][0x3][0xa8][0xcf][0xb][\r]J[0xe4][0x82][0x4][0x94][0xba][0xb1][0xce][0xab]@c[0x14][0x11]m[0xa6][0x6][0xa0][0xa9]x[0xe2][0xc2][0x11][0x91][0xd3][0x90][0xd2][0x8][0xb4]h[0xc7]n[0x1b]hJ[0x15]a[0x97][0x91][0x5][0xa8])H[0x9c]][0x88]\[0x6])[0xf4][0xc1]Q[0x82][0xa3]i[0x8a]Y0[0x1a][0x13]?B[\n]"
15:26:49.937 [main] DEBUG org.apache.http.wire -  << "[0x1a][0x0][0x87][0x86] R[0xc1][0x8]M[0x8b][0xd8]s[0x19]j[0xc2][0xb7][0xb0]$z[0x8e][0xcf][0x12][0x91][0xcb][0x10])[0x11][0x9a]<[0xb0]5[0xf1]![0x89][0x14][0x11][0x80][0xc6][0x16][0xa0][0xf1]\x[0x0][0xe2]Y[0xf9]e[0x9]Z"[0x6][0xf5][0x16]RdA[0xca]{[0xec][0x89][0x1e]Vb"[0xac]37[0x5][0x8d]5[0xc1][0xad][0xc3][0xbd][0x9e][0xc3][0xd8][0x0]4v[0x0][0xb7][0xe]1;[0x0][0x8b][0x19][0x1c]=N[0xf4][0xba][0xda][0xc]u[0xf2][0x3][0xb7][0xff][0x8c][\r][0xc][0x10][0x99][0x1a][0xc9][0xd0]h[0xc3][0xde]vD[0xf]M[0x13]3"[0xbb][0xd2][0xc6][0x6][0xa0]&[0x4][0x16][0xef]AL[0xc4][0xd1][0x0][0x87]6[0xbe][0x10][0xc1]idfD\_[0xd0][0x18][0x9c]'[0xa1][0xf6]AZ[0xaa][0xf0][0x80][0xc4][0xbe],[0x12][0xad][0xf6]4%2E[0x1a][0x1b][0x18] [0xe5]3[0xa4][0x86]#$[0xb7]ao[0xcb][0xa1][0x97][0xc4]F[0x6][0xa0][0x11]rx*[0xc1][0x1b]i[0x88]~'l[0x12][0x18]\R[0xf9]$[0xe6][0x16]`[0xc][0xd8][0x83]{[0xbe][0x88][0xd0][0xb3]0[0x5]u[0x90][0xe1][0xd6][0xe0][0xee][0x1][0x1a][0x83][0xa7]b`[0xa1][0x7]n1B[0xbc][0x83]c[0xc9][0x1e]F<[0x99][0x12][m[0x1a][0x1b] -ZA[0x8b]'[0xec]MFt?[0x11][0xdb]e76@Z[0xaf][0x2][0xb]:h[0xc1][0x81]m[0xcc][0x8]Z(#B[0xcf][0x8][0xbc][0xe0][0x85][0xb8][0xd0]Ct][0x90][\n]"
15:26:49.937 [main] DEBUG org.apache.http.wire -  << "DH[0xac][0xe3]^[0x8a][0x83]a#[0xd1][0xbd]@c[0x3][0xd0][0xf2][0x16]X|Q[0xbe][0x1e][0x16]o[0xca]@[0xb4][0xa9]h:[0x9]ll[0x80][0xbc][0x9c]#X[0x1]s}ozbn[0xaa][0x82][0xa9]Bq[0x9]xh[0x16][0xba]~[0xc9][0x4]Tj[0x13][0x17]I[0x88][0x9c][0x4][0xf1][0x88][0xa1][0x11]F[0x6][0x82]/!F_?l[0xc]*[0xad][0x89][0xb2][0x6]4[0xab][0x83][0x1c]3[0x5]ff[0x18][0xd6]$[0xe7]'%&[0x82][0x8]Dj#[0xc1][0x2][0xc4]`[0x8d]s~R[0xa2]BJiN)[0x86][\r][0x99]y[0x99][\n]"
15:26:49.937 [main] DEBUG org.apache.http.wire -  << "[0x19][0x89]y[0x95][0x89][\n]"
15:26:49.937 [main] DEBUG org.apache.http.wire -  << "[0x5][0xa9]E [0x9b][0x12][0xf3][0x14][\n]"
15:26:49.937 [main] DEBUG org.apache.http.wire -  << "[0xf2][0x8b]A[0xcb]o[0xa0][0x1]gj[0x9][0xae][0xf0][0x88][0xf3][0x13][0xa2][0xe6][0x8][0xa0]A[0xcc][0x80]fM[0xa1]AF[0x13][0xe3][0x11][0xb9]3$[0x11]3[0xa8][0xe0]q[0x8e]e[0xd9][0xb8][0xa1][0x1][0x6] j[\r][0x9b][0xb1][0x1][0xa8][0xde][0x82][0xfa][0xc9][0xa3]@!,[0xb3],_![0xd2][0x8]3[0xc1][0xe5][0xa6][0xe6]f[0xe6]dfg*[0x14][0x17][0xa4][0x16]g[0xa6]ef'[0x16]g*T&[0xe6][0xa5]+$[0x16]d[0x82][0x96][\n]"
15:26:49.937 [main] DEBUG org.apache.http.wire -  << "Bc[0xb][0xd4]\[0x0][0xb7][0x18][0x88][0x8b]/DR[0xa7][0x9f][0x8f][0x91]V[0x5][0xd0][0xdf][0xc7]H+[0x4][0x6][0xc0]r[0xc4]@AIj1h[0x13][0x87]BAQ~Ji2([0xbb][0xa1][0xce][0x98][0x96]dd[0x16]+d[0x16]+[0x94]d[0xa4][0xc2][0xd4]([0xa4] m'[0x81]o[0x8][0x1][0xa7]<<i[\r][0xb6]![0xc4][0x14][0xa9]U[0x97][0x9e][0x98][0x9b][0x99][0x87][0xb9]@<-[0xbf]H[0x1]"[0xa5]PPZT[0x90]_[0x9c]Z[0xac][0x84][0xd8]Qb[\n]"
15:26:49.937 [main] DEBUG org.apache.http.wire -  << "Z[0xf6][0x1]M[0xa9]n[0xa5]Ey[0x99]%[0xa5]E[0x98]k[0x10][0xb1][0x9a][0x81][0xd8][0x97]bl[0x0][0x9a][0x8b][0x85][0x9a][0x2].][0xcd][0xc][0xc][0xc]0J%|Y[0xcd][0x94][0xe8][0x82][0x1c]4;[0x5][0xb5]j[0xe4][0x6]7[0xa2][0x11]:r[0xc3][0x80]n-[0x13][0xd0][0xc0]+4[0xc5][0x81][0x13]7[0xc9][0xbb][0x8f][0x88]n=[0x80][0xba]WP[0x9b][0xe8]_[0x8e]!-[0xff][0x18][0xb1][0x89][\n]"
15:26:49.937 [main] DEBUG org.apache.http.wire -  << "i][0xca][0xc8][\r][0x3]Dso[0xe4][0x86][0x1][0xa2]N[0x87][0xd4][0x9d][0x18][0x95][0x19][0xb6]*[0x11]^}[0x13];[0xf7]jl[0x0][0x9a][0x13][0x86][0xe6]x[0xd8][0xdc]+[0xb8][0x83][0x8f]}[JPjfrfj^Jf[0xb1]Bqj[0x8a]Bf^Yj^I~Q[0xaa]Bf^rf[\n]"
15:26:49.937 [main] DEBUG org.apache.http.wire -  << "h{gj[0x89]BbiIj.[0xd2].Kb[0x97][0xa9][0x18][0x1b] -[0xf3][0xa1][[0xcc]#[0xb7]"[0x90][0xd6][0xfe][0xc]@[0xf1][0x87][0xa8]O[0xa8][0xe6]y[0xe2][0x16][0x9d][0x1a][0x1b][0x98] [0x86]9[0x9][0xd9][0x8d][0xe8]3[0x82][0xda][0x88]x[0x9a][0x88]([0x1][0x8b][0xe8][0x11][0x10]2[0x9f]jMTd[0xfb][0x91][0x16][\n]"
15:26:49.937 [main] DEBUG org.apache.http.wire -  << "[\r][0x8c][0xfd][0x88]N3[0xd5][0xec]'6nA[0x1b]?[0xa1]9[0x9c][0x90][0xdd]d[0xc5]-h[\n]"
15:26:49.937 [main] DEBUG org.apache.http.wire -  << "[0x95]H[0xf3]i[0x13][0xb7][0x88][0xfe]5![0xff][0xd1][0xc6]~[0xc4]$[0xb][0xd5][0xec]':n[0x89]o[0x87][0x93][0x17][0xb7]4([0x93]@[0xc5][0x6][0xd1][0xfe]C[0x94]K[0xb4][0xad][0x6]A[0xab][0x1][0xa1][0x89][0x98][0xb6][0x16][0x81][0xe6][0xd3][0xa0][0x16]Q-[0xb5][0x90][0x12][0xa2][0xa0][0xe5][0x7][0xd4][0xb6][0x9f][0xd8][0xd8][0x4][0xcd][0xff][0x12]i7Y[0xa9][0x15]4[0xe7]K[0xa4][0xf9]4)[0x9][0xcc]hT[0x12][0x11]Y[0xc9]"-7#[0xaf][0x9b]H[0xf4][0x10][0x8]h[0xfd]'4[0xa0]im[0x13][0xa2][0x0][0x88]p[0xca][0xaf]P0[0xc4]h[0x7]#R[\n]"
15:26:49.937 [main] DEBUG org.apache.http.wire -  << "[0xfe][0xb1]x[0xf8][0x88][0x15]R[0x17][0xcb][0x1d][0xfb][0x88][0x95][0x1b][0xb6][0x11]+[0xe4][0xe6][0x84]9[\r][0xaa]sR21[0xd2][0xb2]8[0xaa][0x15]"[0xc4]fbsD[0xcf][0x84][0x90][0xdd][0x88][0xa8][0x1]y[0x8e][0xc8]T[0x8c][0xb4][0xe][0x8f][0x90][0xf9]4[0xc9][0xc4][0xe6]4[0xa8][0xce]I[0xf0]>[0xd2][0xda][0xb9][0x1][0xf1]>hI[0x10]4kS[0xcd]~b[0x93][0x16][0xd2][0x1a];Bv[0x93][0x95][0xb4]@[0xcb]N[0xa9][0xed]7P[0xd4][0x12][0xed][0xbf][0x81][0xad][0x1f][0x90][0x16]q[0x11][\n]"
15:26:49.938 [main] DEBUG org.apache.http.wire -  << "^Z[0xe4],#[0xd0]nAh[0xf0][0xd3][0xb6][0x8d][0x5]:[0xcd][\n]"
15:26:49.938 [main] DEBUG org.apache.http.wire -  << "j[0x11][0xd5]<Jl[0x1c]#[0x9d][0xdf]D[0xc8]n[0x9c]i[0x18][0xdf][0xb2][0x1d][0xa4][0xe5]j[0x84][0xcc][0xa7]E$[0x82][0xb7]lQ;lAy[0x88][0xb8][0xda][0xc1][0x10]4[0x92]M[0xb][0xeb][0x89][0x8c]^C[0xd0]^Fz[0xdb][0xf]o[0xb9][0xc][0x8e][0xb9]6C$gP-[0x9][0xe2][0xb][0xff]A[0xe7][0x1a][0xb4][0x80][0x6][0x9d][0x1f]iTU[0xe1][0x8b]g[0xa4][0x16][0xb6]!h[0x89]+-[0xf2][0x19][0x9e]b[0x86][0xd2](@v>[0xd2]*3[0xaa]e[0x11]P)[0x89]/[0xf8](u?[0xfc][0x90]G[0xea]L[0xc9][0x1b]"[0xad][0xa3]m'[0xd1][0x10][0xb4]![0xb][0x9a]Xhm[0x13]"[[0xd0][0xda]&D7[0x84][0xd6]6![0xc6][0x10]im[0x13]b4[0x91][0xd6]6![0x86][\r]hm[0x13]bf[0x83][0xc6]6[0xa1][0xaf][0xec]#y[0x15][0x0][0xb1][0xc3];[0x86]H[\r]uZ[0xfb][0x9]1[0xd5]Kk[0x9b][0x10][0x95]6[0xad]m[0xa2][~B:[0xb6]h[0xc4][0xd6]2H[0xb][0x1d][0xa9][0x16][0x6]C[0xa9][0x96][0x5]mN[0x83][0xd6]}[0x84][0xfc][0x8f][0xb3][0xbf][0x89][0xbe][0xfe]z[0xb0][0xb5]$[0x90][0x8e][0x96][0xa2]q[0xde]EZDJ(4i[0xd1][0xbb]6DZGJU[0xfb][0xe9][0xd4][0xec]EZ>FU[0xe7][0xf][0xa5][0xc][0x89][0xb4][0x8a][0x8d][0xc6][0x89][0x15]i[0xe9][0xe][0xad]mBTi4X!o[0x88][0xb4]:[0x3][0xb1][0xf5][0x1e][0xba]=[0x5][0xd7]!S[0x81][0xa5][0xa0]e[0xcc][0x88][0xb3][0xe5][0x13][0x8b][0x8b]KsS[0xf3]R[0x12][0x15]Jsr[0x12][0xc9]Z~d[0x88]t[0xd2][0xb][0x8d][0x3][0x14]iMF@[0xb0][0x9][0xc6][0x9c]VA[0xb1][0x89]BRb[0x11]h[0xb3][0x0][0xd2][0x2]|<[0x99][0x18][0xb9][0xef]9[0x10][0xeb]1[0x6][[0x8d]a[0x8a][0xe8][0xa7]Q[0xad] [0x1a]J[0x85][0x10][0xd2][0xd9]>[0x84][0xfc]?d[[0x5][0xa0][0x9d][0xf2]D[0xb6]|hRW[0x83][0x8e][0xfa][0xa0][0x85][0xfd]x[0xb2]9[0xa5][0xd9][0xc][0xb9][0x98][0xa0][0xf5]b[0x9][0x0][0x0][0x0][0x0][0xff][0xff]"
15:26:49.938 [main] DEBUG org.apache.http.wire -  << "[\r][\n]"
15:26:49.939 [main] DEBUG org.apache.http.wire -  << "637[\r][\n]"
15:26:49.939 [main] DEBUG org.apache.http.wire -  << "[0x2][0xdd]$2[0xd8][0x1b][0x96]H+&[0x8]e[0x13][0xaa]%!J[0xe3][0x90][0xda][0xc3]t[0xa0][0xe3]c[0xa8][0x9d][0x8c][0x87]RQ[0x89][0xb4][0x96][0x85]P[0x1a][0x18][0xb2]E%[0xd2][0xf1]P[0x84][0xfc]H[0xb5]t[0x8e]R[0xd6] [0x6][0xc9][0xa8]j?[0x9d][0x8a]JZ-[0x9][0x19]J[0xd9][0x4]t[0x14][0x19][0xb4][0x98][0xa0]E[0x17][0xc0][0x1c]i[0xc0][0x16][0xe9]T[0x3][0xf0][0xee]{[0x1c][0xa7]5[0xf8][0xe7][0xe6]A[0xb7]![0x14][0x82][0xfa][0x2][0xc9][0xf9]y[0xc5][0xa9][0x85][0xa5][0x89]%[0xa5]E[\n]"
15:26:49.939 [main] DEBUG org.apache.http.wire -  << "[0xc9][0xf9]E[0xa0];[0xa7]@W1%e[0x16]+[0x14]%[0x82][0xee][0xca]B[0xbe][0xef][0x8a][0xe8]-[0x9][0x86][0xe6][0x88][0xa4]K[0xb]#-[0xf7][0xa1]B[0x97][0x3][0xcf]I[0xe][0x86]H[0xb]{ [0x7][0x1f]@[0xf]#[0xc0]~d[0x84]ci[0x89]Bjq[0x89]BNbR~Qi[0xae]BqbAfj^I*"h[0xc1][0xbb]<@[0xbb]@[0xc8][0xd9][0xe9]a[0x88][0xb4][0xd4]'/17[0x11][0xb2][0x19][0x15][0xb4][0xe1][0x18]u[0xbf]j6[0xf4][0x1e]2[0x84]<[0xb4]?[0x84]/[0xeb] [0x97]<HK~h[0x12]}[0x88]~[0x6][0xf4]h)[0xe8][0xd9][0x14][0xb8][0xe][0xb1][\n]"
15:26:49.939 [main] DEBUG org.apache.http.wire -  << "[0x6][0xed][0x91][0xc9]K[0x4]_I[0x96]H^[0xc8]!&[0x86][0x90][0xcf][0xf][0x82][0x9e][0xf6][0x80][0xfd][0xb0][0x11][0xbf][0xc4][0x92][0xd2]b[0x85][0xd4][0x12][0x85][0xe2][0xcc][0xbc][0x12][0xf2]lE[0x8c][0x0]P[0xb5][0x4][0xc7][0x17][0x8f][0x83][0xad][0xa5][0x4]:[0xa1][0x1b]Z[0x4][0x8e][0xdc]0@[0x94][0xd3]HG[0x8d][0xc0][0x12]=[0xb6][0x83]M[0xc2][0xf2]sJ[0xb]J[0x12]KR[0x8b][0x15]J[0x10][0xc3]5[0xa9]%[\n]"
15:26:49.939 [main] DEBUG org.apache.http.wire -  << "[0xa9][0xa5][0xe0]\[0xa0]P[\n]"
15:26:49.939 [main] DEBUG org.apache.http.wire -  << "[0xde]1F^[0xaa]D[0x14][0xce]#6F[0xe8][0xb1][0xaa][0xf][0xbd]^[0x19]l9[0x93][0x16][0xb][0xfe][0xd0][0x97][[0xa0]/[0xca][0x1b]ta[0x80][0x98]J[0x85][0x1d]7[0x4]:c[\n]"
15:26:49.939 [main] DEBUG org.apache.http.wire -  << "[0xc7]I[0x80][0x8e][0xa0][8[0xf3][0xc0][0x8d]%[0xf8][0xd6][0xcd][0xc2][0xd2]L[0x85][0xbc][0xd2][0xdc][0xc2]R2[0x87]O[0xe9][0xb1]4q[0xd0][0xc7][0x2]F[0x83][0x0]z~[0x1f][0x8e]{ <s[0xb]RS2K[0x14][0x8a]RA[0xad],[0xd8]u[0xad][0xe0][0x6]-[0xa8]5[0x9b][0x9].[0x1d][0xe1]C[0xdb][0xe0][0xd6][0x18]y[0xed]XKD[0xb3]a[0xe4][0x16][0x95][0x88]F[0xc][0xe2]0?h[0xc3][0x9][0xfb][0xa1][0xd6]H[0x97][0xd7][0x16][0xa5][0x16][0x94][0xa6]d&[0xe6][0xa5]$[0xa6]R[0xd4][0xa1]@:[0xbd][0x90]f[0x11]1[0xe8]s[0x9][0xa2][0x15]A[0xb3]0[0x18][0xec]c[0x8f][0xa0][0xd5]8#[0xbc]5[0x9][0xee][0x85][0x8f][0xf8]0[0xa0][0xc1]^[0xb2]![0xd4][0xab]2"a5[0xf9]P[0x1d]5B:[0xe3][0x8a]n[0xe5][0x1d][0xd2]([0x88][0x11][0xe8][0xce]Gh>[0xa3][0xe9][0xce][0x1b]#[0xa4]SW[0xa9][0xea]Q[0xfa][0xc][0xf4][0x1a][0x81]n[0x84][0x83][0x86][0x13]U[0x9d]?[0x94][0xf2]#[0xd2][0xb2]m[0x9a][0x85][0xc1] o[0x9f][0x18]!-([0xa7]Y[0x18][0xc][0xf2][0xf6][0x89][0x11][0xe8]^[0xda][0x11][0x9f][0x17]F;MFt;[0xea][0xd7][0x8][0xe9][0x0]^*[0xcc][0x85][0xa0][0xe7]/[0xe4][0xfa][0x90]nK[0xe9][0x8d][0x90].[0x1c][0xa6][0x82][0x9f][0xd0][0xc7][0xe1]P[0xfc][0x84]X[0xe0]N[0xdb]:[0xde][0x8]1[0xc4]A[0x5]/[0xe1][0x8d]&D[0xf6][0xa3][0xb5]M[0x88][0x91][0x81][0xcc][0xbc][0x94][0xfc][0xdc]L[0xcc]#H[0x13][0xb3]K[0x15][0x8a]K[0xb3][0x13][0x15][0x10][\n]"
15:26:49.940 [main] DEBUG org.apache.http.wire -  << "[0xa0]sQFD[0x9f][0x8c]k[0x84][0xb4]b[0x1f]a[0xc][0xea][0x94][0x17]u[0xec]At[0xb0][0x83][0x13]s[0x8b]K[0xf3][0xd2][0x15][0x82][0x8d][0x8c][0x15]BsJ[0x8a][0x12]1V[0x1b]"5[0xab][0xcd][0xc][0x88][0xbb][0xaa][0xce][0xd8][0x8]i[0xdd]9[0x8d][0xe3][0x6]iM6a[0xbf][0xb8]'[0xe6]$VT"|[0x84][0xaf][0xe5][0x85][0x9c]{[0x90][0x16]^[0xd3][0xda];[0x88]|Jk[0x9b][0x90]2*m[0x12][0x1][0xd2]Q[0xb8][0xb4][0xf6][0xb]"[0x83][0xd2][0xda]&zmR3B:[0xd6]5[0x0][0xc7]y[0xcd][0xa0]s[0xd4]SR[0x8b][0xb3][0x8b]2[0xb][0x8a]3[0xc9][0x9d][0x4]7BZ[0x96]O[0xdb][0xaa][0x1]i[0xed];[0x8d]-B[0xc][0x9a][0xd0][0xd8]"[0xc4][0xac][\n]"
15:26:49.940 [main] DEBUG org.apache.http.wire -  << "[0x8d]-B[0x14][0xb][0xa8][0x97]b[0x15][0x14][0xa4][0x16][0xe1]X[0x1][0x13][0x96]Z[0x94]Y[0x92]X[0x2]][0x5][0x83]4[0xbb][0x9a][0x8][0x9a][0xdd][0xc9][0xcc]/J-VH[0xc9]L[0xcf][0xcb],.[0xce][0xcc][0xcd]/&g[0x8a][0xd5][0x88]n[0x9b][0xc][0x8c][0x90][0xe][0xff][0xa4]q[0x16]G:[0xe6][0x93][0xd6]6[0xd1][0xad]0A:[0xc1][0x13]VKB[0xea]B[0x5]Gc[0xd2]NB'[0xfa][0xec]X[0xf0][0x85][0xec][0xd0]."[\r][0x16][0xd7][0x18]!m[0xb][0x19][0xb1][0xbd]p[0xa4]-)#7[0xc][0x10]e[0xf0][0xc8][\r][0x3]D[0xf5]0r[0xc3][0x0][0xa9]=[0xb][0xba]t[0x88]vw<[0x18]![0xed][0x9f]A[0xae][0x8d][0xc1]'cc[0xbd][0xfa][\n]"
15:26:49.940 [main] DEBUG org.apache.http.wire -  << "[0xb4][0xd4][0x2][0xd1][0xeb]02[0x7][0xb5][0x8c][0x89][0xb9]+[0xc5][0x8]i[0x17][0xb][0xf2]U[0xcb]`[0x9b][0x88][0xba][0x9f][0x12]r[0xd1][0x14]qv!j#[0xd8]Y[0xdf][0x90][0x5][0xb6][0xd8][0xf][0xfb][0x86][0xae]\@x[0xcb][0xd4][0x90][0xc8][0xdb]t[0x8d][0x8d]@7A[0xab][0x6][0xd8]j[0x14][0xd8]mu8./[0x85][0xae]!C[0xd8]fa[0x2][0xba]|[0x8f]8[0x8f]![0xd6][0x81][0x5][0x14]%&[0x97]d&'[0xe6](@[0xae][0xaa][0xc3][0xd1]t[0x82][0xee].D[0xd8]fb[\n]"
15:26:49.940 [main] DEBUG org.apache.http.wire -  << "[0x9a]$![0xca]6[0xa4]#\!+i[0xc1][0x91][0x85]5Y@[0xd6][0xd8]"l1[0x2][0xef]u$[0xce][0x16]D[0x13][0x17][0xf9][0xca]M[0x88][0x89][0xb8]vE[0xa2]&CSK[0xd0][0x92][0x1c][0xe2]lC[0x94][0xb1][0xf0][0x9b][0xe7][0xa1]a[0x84][0xf5]FxH[0xe0]"<f[0xc]n[0xbe][0x11]g[0x15][0xa2](C[0xce][P[0x8f]aO[0x8a][0x90][[0x2][0x91][0xac][0xb3][0x0]U[0x8c][0xc4]Y[0x87][0x18]D[0x82][0xfb][0xc][0xaf]][0x90]+[0x2][0x11]v[0x99][0x11]}7[0x9f][0x11][0x9]{I[0xa8][0xb6][0xcf]b[0x90][0xad]C3[0x1a][0x88][0xbd]&[0x83].[0xc][0x10][0xe5][0x11][0xb8][0x83]A[0xc3][0x9a][\n]"
15:26:49.940 [main] DEBUG org.apache.http.wire -  << "T"C[0xb][0xda][0x11][0xdb]0[0x18][0x88][0xe3]x[0x7][[0x92][0xa3][0xc5][0x91][0xc0][0xe8]K`[0xd1][0xc7][0xea][0x7]][0x18] j[0x96][0x91][0x9b][0x17][0x10][0x8d][0xe4][0x91][0x1b][0x6][0x88]*[0xc4][0x86][0x1][0xfa][0xc6]2[0x1a]VA[0xc8];[0xcb]@[0xfd]2[0x9a][0x1d]Lf[0x84][0xb4][0x9b][0x8b][0xd6][0xf5][0xaa][0x5]"[0x1f][0x81][0xad][0xa2][0xa1][0xa7][0xe8]6[0xb5][0x81][0xb4][0x81][0x89][0xd6]~Bk[0x0][0xd1].[0xf4][0x90][0xb6]~ [0xd6]tC[0xfb][0x92][0xb8]zI[0x8e]E[0xc9][0x19][0x99]%[0xa9][0xc9]%[0xf9][\n]"
15:26:49.940 [main] DEBUG org.apache.http.wire -  << "[0xb0][0x15][0xf7][0xc5][0xa0]}y[0xf9][0xe0][0x1d][0xa5][0xa9][0xc5]dm[0x91]3B:[0xf9][0x19][0x1c][0xba]4[0xcc]q[0xa0]n[0x1d][0xb4][0xd1][0x87][0xf0][0xb4]s>x[0xaa][0x0][0xfb]~N[0xbf][0xcc][0x8c][0xcc][0x1c][0x85][0xd4]D[0xd0][0xa6]N[0xb2][0xe6][0x1],[0xe9][0x96][0x1f],[0xe9][0x96][0x1f][0x90][0x96]`[0xd3]tr[0xc7][0x18][0xe9][0xd4]h[0xd8][0xe0][0xbc]c[0x16][0xe6]D<[0xbe][0xfb]I[0x89][0x1e][0x95]7FZP[0xb]N[0x87]4[0xcb]{[0xc6][0xc8]W[0xd1][0xd3][0xb4][0xe0]7FZ[0x98]Ic?!-{[0xa3][0xb5]MHk4h[0x1b]z[0xd4]][0x84][0x84][0xde][0xb]@ZFal[0x84][0xc8][0xbb][0xc8][0x83]V[0xf0][0xa1]?[0xa7]D[0xcc][0xfb][0x81][0xfd]R[0xb]KS[0x15][0xca] [0xdb]D[0x8b]A[0x5][0x94]Bf[\n]"
15:26:49.940 [main] DEBUG org.apache.http.wire -  << "[0xb4]`F>[0xc7][0xb]4RJ[0xcc][0x88][0x8f]1[0xd2]"[0x1b][0x1a]G![0xdd][0xe]&46Ftmh[0xed]'z[0x15][0xf4][0xc6][0xc6][0x88][0xe1]h[0x9a][0xf8])[0xb6][0x96][0xb][0x0][0x0][0x0][0xff][0xff]"
15:26:49.940 [main] DEBUG org.apache.http.wire -  << "[\r][\n]"
15:26:49.941 [main] DEBUG org.apache.http.wire -  << "A[\r][\n]"
15:26:49.941 [main] DEBUG org.apache.http.wire -  << "[0x3][0x0][0xa0]6X(c[0xad][0x0][0x0]"
15:26:49.941 [main] DEBUG org.apache.http.wire -  << "[\r][\n]"
15:26:49.941 [main] DEBUG org.apache.http.wire -  << "0[\r][\n]"
15:26:49.941 [main] DEBUG org.apache.http.wire -  << "[\r][\n]"
15:26:49.941 [main] DEBUG io.restassured.internal.RestAssuredHttpBuilder - Parsed data to instance of: class org.apache.http.conn.EofSensorInputStream
15:26:49.944 [main] DEBUG org.apache.http.impl.conn.BasicClientConnectionManager - Releasing connection org.apache.http.impl.conn.ManagedClientConnectionImpl@1e406cbe
15:26:49.944 [main] DEBUG org.apache.http.impl.conn.BasicClientConnectionManager - Connection can be kept alive indefinitely
15:26:50.059 [main] DEBUG net.thucydides.core.steps.StepInterceptor - STEP DONE: I receive valid login and product HTTP response code 200
  &amp#27;[32mThen &amp#27;[0m&amp#27;[32mI receive valid login and product HTTP response code 200&amp#27;[0m &amp#27;[90m# starter.stepdefinitions.UserSteps.iReceive1ValidLoginAndProductHTTPResponseCode()&amp#27;[0m
15:26:50.067 [main] DEBUG net.thucydides.core.steps.StepInterceptor - STARTING STEP: UserSteps.iReceiveValidDataForNewOrder - I receive valid data for new order
15:26:50.067 [main] DEBUG net.thucydides.core.steps.StepInterceptor - STEP DONE: I receive valid data for new order
  &amp#27;[32mAnd &amp#27;[0m&amp#27;[32mI receive valid data for new order&amp#27;[0m                        &amp#27;[90m# starter.stepdefinitions.UserSteps.iReceiveValidDataForNewOrder()&amp#27;[0m
15:26:50.074 [main] INFO  - 
  _____   ___   ___   _____     ___     _     ___   ___   ___   ___  
 |_   _| | __| / __| |_   _|   | _ \   /_\   / __| / __| | __| |   \ 
   | |   | _|  \__ \   | |     |  _/  / _ \  \__ \ \__ \ | _|  | |) |
   |_|   |___| |___/   |_|     |_|   /_/ \_\ |___/ |___/ |___| |___/ 

POST - As admin I have be able to create new order
----------------------------------------------------------------------
]]></system-out>
  </testcase>
</testsuite>