<?xml version="1.0" encoding="UTF-8"?>
<testsuite xmlns:xsi="http://www.w3.org/2001/XMLSchema-instance" xsi:noNamespaceSchemaLocation="https://maven.apache.org/surefire/maven-failsafe-plugin/xsd/failsafe-test-report-3.0.xsd" version="3.0" name="starter.CucumberTestSuite" time="55.128" tests="38" errors="0" skipped="0" failures="0">
  <properties>
    <property name="java.specification.version" value="14"/>
    <property name="sun.cpu.isalist" value="amd64"/>
    <property name="sun.jnu.encoding" value="Cp1252"/>
    <property name="java.class.path" value="C:\Users\Lenovo\IdeaProjects\MiniProject\MiniprojectApi\target\test-classes;C:\Users\Lenovo\.m2\repository\net\serenity-bdd\serenity-core\3.5.1\serenity-core-3.5.1.jar;C:\Users\Lenovo\.m2\repository\net\serenity-bdd\serenity-model\3.5.1\serenity-model-3.5.1.jar;C:\Users\Lenovo\.m2\repository\org\apache\commons\commons-text\1.10.0\commons-text-1.10.0.jar;C:\Users\Lenovo\.m2\repository\commons-net\commons-net\3.8.0\commons-net-3.8.0.jar;C:\Users\Lenovo\.m2\repository\com\google\guava\guava\31.1-jre\guava-31.1-jre.jar;C:\Users\Lenovo\.m2\repository\com\google\guava\failureaccess\1.0.1\failureaccess-1.0.1.jar;C:\Users\Lenovo\.m2\repository\com\google\guava\listenablefuture\9999.0-empty-to-avoid-conflict-with-guava\listenablefuture-9999.0-empty-to-avoid-conflict-with-guava.jar;C:\Users\Lenovo\.m2\repository\com\google\code\findbugs\jsr305\3.0.2\jsr305-3.0.2.jar;C:\Users\Lenovo\.m2\repository\org\checkerframework\checker-qual\3.12.0\checker-qual-3.12.0.jar;C:\Users\Lenovo\.m2\repository\com\google\errorprone\error_prone_annotations\2.11.0\error_prone_annotations-2.11.0.jar;C:\Users\Lenovo\.m2\repository\com\google\j2objc\j2objc-annotations\1.3\j2objc-annotations-1.3.jar;C:\Users\Lenovo\.m2\repository\com\google\inject\guice\5.1.0\guice-5.1.0.jar;C:\Users\Lenovo\.m2\repository\javax\inject\javax.inject\1\javax.inject-1.jar;C:\Users\Lenovo\.m2\repository\aopalliance\aopalliance\1.0\aopalliance-1.0.jar;C:\Users\Lenovo\.m2\repository\org\jsoup\jsoup\1.14.3\jsoup-1.14.3.jar;C:\Users\Lenovo\.m2\repository\com\thoughtworks\xstream\xstream\1.4.19\xstream-1.4.19.jar;C:\Users\Lenovo\.m2\repository\io\github\x-stream\mxparser\1.2.2\mxparser-1.2.2.jar;C:\Users\Lenovo\.m2\repository\xmlpull\xmlpull\1.1.3.1\xmlpull-1.1.3.1.jar;C:\Users\Lenovo\.m2\repository\com\typesafe\config\1.4.2\config-1.4.2.jar;C:\Users\Lenovo\.m2\repository\org\imgscalr\imgscalr-lib\4.2\imgscalr-lib-4.2.jar;C:\Users\Lenovo\.m2\repository\org\awaitility\awaitility\4.2.0\awaitility-4.2.0.jar;C:\Users\Lenovo\.m2\repository\org\freemarker\freemarker\2.3.31\freemarker-2.3.31.jar;C:\Users\Lenovo\.m2\repository\io\github\classgraph\classgraph\4.8.138\classgraph-4.8.138.jar;C:\Users\Lenovo\.m2\repository\net\sourceforge\jexcelapi\jxl\2.6.12\jxl-2.6.12.jar;C:\Users\Lenovo\.m2\repository\net\bytebuddy\byte-buddy-agent\1.12.18\byte-buddy-agent-1.12.18.jar;C:\Users\Lenovo\.m2\repository\org\objenesis\objenesis\3.1\objenesis-3.1.jar;C:\Users\Lenovo\.m2\repository\net\serenity-bdd\serenity-reports\3.5.1\serenity-reports-3.5.1.jar;C:\Users\Lenovo\.m2\repository\net\serenity-bdd\serenity-stats\3.5.1\serenity-stats-3.5.1.jar;C:\Users\Lenovo\.m2\repository\net\serenity-bdd\serenity-reports-configuration\3.5.1\serenity-reports-configuration-3.5.1.jar;C:\Users\Lenovo\.m2\repository\com\vladsch\flexmark\flexmark-all\0.34.30\flexmark-all-0.34.30.jar;C:\Users\Lenovo\.m2\repository\com\vladsch\flexmark\flexmark\0.34.30\flexmark-0.34.30.jar;C:\Users\Lenovo\.m2\repository\com\vladsch\flexmark\flexmark-ext-abbreviation\0.34.30\flexmark-ext-abbreviation-0.34.30.jar;C:\Users\Lenovo\.m2\repository\com\vladsch\flexmark\flexmark-ext-admonition\0.34.30\flexmark-ext-admonition-0.34.30.jar;C:\Users\Lenovo\.m2\repository\com\vladsch\flexmark\flexmark-ext-anchorlink\0.34.30\flexmark-ext-anchorlink-0.34.30.jar;C:\Users\Lenovo\.m2\repository\com\vladsch\flexmark\flexmark-ext-aside\0.34.30\flexmark-ext-aside-0.34.30.jar;C:\Users\Lenovo\.m2\repository\com\vladsch\flexmark\flexmark-ext-attributes\0.34.30\flexmark-ext-attributes-0.34.30.jar;C:\Users\Lenovo\.m2\repository\com\vladsch\flexmark\flexmark-ext-autolink\0.34.30\flexmark-ext-autolink-0.34.30.jar;C:\Users\Lenovo\.m2\repository\org\nibor\autolink\autolink\0.6.0\autolink-0.6.0.jar;C:\Users\Lenovo\.m2\repository\com\vladsch\flexmark\flexmark-ext-definition\0.34.30\flexmark-ext-definition-0.34.30.jar;C:\Users\Lenovo\.m2\repository\com\vladsch\flexmark\flexmark-ext-emoji\0.34.30\flexmark-ext-emoji-0.34.30.jar;C:\Users\Lenovo\.m2\repository\com\vladsch\flexmark\flexmark-ext-enumerated-reference\0.34.30\flexmark-ext-enumerated-reference-0.34.30.jar;C:\Users\Lenovo\.m2\repository\com\vladsch\flexmark\flexmark-ext-escaped-character\0.34.30\flexmark-ext-escaped-character-0.34.30.jar;C:\Users\Lenovo\.m2\repository\com\vladsch\flexmark\flexmark-ext-footnotes\0.34.30\flexmark-ext-footnotes-0.34.30.jar;C:\Users\Lenovo\.m2\repository\com\vladsch\flexmark\flexmark-ext-gfm-issues\0.34.30\flexmark-ext-gfm-issues-0.34.30.jar;C:\Users\Lenovo\.m2\repository\com\vladsch\flexmark\flexmark-ext-gfm-strikethrough\0.34.30\flexmark-ext-gfm-strikethrough-0.34.30.jar;C:\Users\Lenovo\.m2\repository\com\vladsch\flexmark\flexmark-ext-gfm-tables\0.34.30\flexmark-ext-gfm-tables-0.34.30.jar;C:\Users\Lenovo\.m2\repository\com\vladsch\flexmark\flexmark-ext-gfm-tasklist\0.34.30\flexmark-ext-gfm-tasklist-0.34.30.jar;C:\Users\Lenovo\.m2\repository\com\vladsch\flexmark\flexmark-ext-gfm-users\0.34.30\flexmark-ext-gfm-users-0.34.30.jar;C:\Users\Lenovo\.m2\repository\com\vladsch\flexmark\flexmark-ext-gitlab\0.34.30\flexmark-ext-gitlab-0.34.30.jar;C:\Users\Lenovo\.m2\repository\com\vladsch\flexmark\flexmark-ext-jekyll-front-matter\0.34.30\flexmark-ext-jekyll-front-matter-0.34.30.jar;C:\Users\Lenovo\.m2\repository\com\vladsch\flexmark\flexmark-ext-jekyll-tag\0.34.30\flexmark-ext-jekyll-tag-0.34.30.jar;C:\Users\Lenovo\.m2\repository\com\vladsch\flexmark\flexmark-ext-media-tags\0.34.30\flexmark-ext-media-tags-0.34.30.jar;C:\Users\Lenovo\.m2\repository\com\vladsch\flexmark\flexmark-test-util\0.34.30\flexmark-test-util-0.34.30.jar;C:\Users\Lenovo\.m2\repository\com\vladsch\flexmark\flexmark-ext-ins\0.34.30\flexmark-ext-ins-0.34.30.jar;C:\Users\Lenovo\.m2\repository\com\vladsch\flexmark\flexmark-ext-xwiki-macros\0.34.30\flexmark-ext-xwiki-macros-0.34.30.jar;C:\Users\Lenovo\.m2\repository\com\vladsch\flexmark\flexmark-ext-superscript\0.34.30\flexmark-ext-superscript-0.34.30.jar;C:\Users\Lenovo\.m2\repository\com\vladsch\flexmark\flexmark-ext-tables\0.34.30\flexmark-ext-tables-0.34.30.jar;C:\Users\Lenovo\.m2\repository\com\vladsch\flexmark\flexmark-ext-toc\0.34.30\flexmark-ext-toc-0.34.30.jar;C:\Users\Lenovo\.m2\repository\com\vladsch\flexmark\flexmark-ext-typographic\0.34.30\flexmark-ext-typographic-0.34.30.jar;C:\Users\Lenovo\.m2\repository\com\vladsch\flexmark\flexmark-ext-wikilink\0.34.30\flexmark-ext-wikilink-0.34.30.jar;C:\Users\Lenovo\.m2\repository\com\vladsch\flexmark\flexmark-ext-yaml-front-matter\0.34.30\flexmark-ext-yaml-front-matter-0.34.30.jar;C:\Users\Lenovo\.m2\repository\com\vladsch\flexmark\flexmark-ext-youtube-embedded\0.34.30\flexmark-ext-youtube-embedded-0.34.30.jar;C:\Users\Lenovo\.m2\repository\com\vladsch\flexmark\flexmark-formatter\0.34.30\flexmark-formatter-0.34.30.jar;C:\Users\Lenovo\.m2\repository\com\vladsch\flexmark\flexmark-html-parser\0.34.30\flexmark-html-parser-0.34.30.jar;C:\Users\Lenovo\.m2\repository\com\vladsch\flexmark\flexmark-jira-converter\0.34.30\flexmark-jira-converter-0.34.30.jar;C:\Users\Lenovo\.m2\repository\com\vladsch\flexmark\flexmark-pdf-converter\0.34.30\flexmark-pdf-converter-0.34.30.jar;C:\Users\Lenovo\.m2\repository\com\openhtmltopdf\openhtmltopdf-core\0.0.1-RC13\openhtmltopdf-core-0.0.1-RC13.jar;C:\Users\Lenovo\.m2\repository\com\openhtmltopdf\openhtmltopdf-pdfbox\0.0.1-RC13\openhtmltopdf-pdfbox-0.0.1-RC13.jar;C:\Users\Lenovo\.m2\repository\org\apache\pdfbox\pdfbox\2.0.8\pdfbox-2.0.8.jar;C:\Users\Lenovo\.m2\repository\org\apache\pdfbox\fontbox\2.0.8\fontbox-2.0.8.jar;C:\Users\Lenovo\.m2\repository\org\apache\pdfbox\xmpbox\2.0.8\xmpbox-2.0.8.jar;C:\Users\Lenovo\.m2\repository\de\rototor\pdfbox\graphics2d\0.12\graphics2d-0.12.jar;C:\Users\Lenovo\.m2\repository\com\openhtmltopdf\openhtmltopdf-rtl-support\0.0.1-RC13\openhtmltopdf-rtl-support-0.0.1-RC13.jar;C:\Users\Lenovo\.m2\repository\com\ibm\icu\icu4j\59.1\icu4j-59.1.jar;C:\Users\Lenovo\.m2\repository\com\openhtmltopdf\openhtmltopdf-jsoup-dom-converter\0.0.1-RC13\openhtmltopdf-jsoup-dom-converter-0.0.1-RC13.jar;C:\Users\Lenovo\.m2\repository\com\vladsch\flexmark\flexmark-profile-pegdown\0.34.30\flexmark-profile-pegdown-0.34.30.jar;C:\Users\Lenovo\.m2\repository\com\vladsch\flexmark\flexmark-util\0.34.30\flexmark-util-0.34.30.jar;C:\Users\Lenovo\.m2\repository\com\vladsch\flexmark\flexmark-youtrack-converter\0.34.30\flexmark-youtrack-converter-0.34.30.jar;C:\Users\Lenovo\.m2\repository\es\nitaur\markdown\txtmark\0.16\txtmark-0.16.jar;C:\Users\Lenovo\.m2\repository\net\serenity-bdd\serenity-report-resources\3.5.1\serenity-report-resources-3.5.1.jar;C:\Users\Lenovo\.m2\repository\com\google\code\gson\gson\2.9.0\gson-2.9.0.jar;C:\Users\Lenovo\.m2\repository\com\fasterxml\jackson\core\jackson-core\2.13.4\jackson-core-2.13.4.jar;C:\Users\Lenovo\.m2\repository\com\fasterxml\jackson\core\jackson-databind\2.13.4\jackson-databind-2.13.4.jar;C:\Users\Lenovo\.m2\repository\com\fasterxml\jackson\core\jackson-annotations\2.13.4\jackson-annotations-2.13.4.jar;C:\Users\Lenovo\.m2\repository\commons-codec\commons-codec\1.15\commons-codec-1.15.jar;C:\Users\Lenovo\.m2\repository\commons-io\commons-io\2.11.0\commons-io-2.11.0.jar;C:\Users\Lenovo\.m2\repository\org\apache\httpcomponents\httpclient\4.5.13\httpclient-4.5.13.jar;C:\Users\Lenovo\.m2\repository\org\apache\httpcomponents\httpcore\4.4.13\httpcore-4.4.13.jar;C:\Users\Lenovo\.m2\repository\commons-logging\commons-logging\1.2\commons-logging-1.2.jar;C:\Users\Lenovo\.m2\repository\org\seleniumhq\selenium\selenium-java\4.7.1\selenium-java-4.7.1.jar;C:\Users\Lenovo\.m2\repository\org\seleniumhq\selenium\selenium-devtools-v106\4.7.1\selenium-devtools-v106-4.7.1.jar;C:\Users\Lenovo\.m2\repository\org\seleniumhq\selenium\selenium-devtools-v107\4.7.1\selenium-devtools-v107-4.7.1.jar;C:\Users\Lenovo\.m2\repository\org\seleniumhq\selenium\selenium-devtools-v108\4.7.1\selenium-devtools-v108-4.7.1.jar;C:\Users\Lenovo\.m2\repository\org\seleniumhq\selenium\selenium-devtools-v85\4.7.1\selenium-devtools-v85-4.7.1.jar;C:\Users\Lenovo\.m2\repository\org\seleniumhq\selenium\selenium-remote-driver\4.7.1\selenium-remote-driver-4.7.1.jar;C:\Users\Lenovo\.m2\repository\com\beust\jcommander\1.82\jcommander-1.82.jar;C:\Users\Lenovo\.m2\repository\io\netty\netty-buffer\4.1.84.Final\netty-buffer-4.1.84.Final.jar;C:\Users\Lenovo\.m2\repository\io\netty\netty-codec-http\4.1.84.Final\netty-codec-http-4.1.84.Final.jar;C:\Users\Lenovo\.m2\repository\io\netty\netty-codec\4.1.84.Final\netty-codec-4.1.84.Final.jar;C:\Users\Lenovo\.m2\repository\io\netty\netty-handler\4.1.84.Final\netty-handler-4.1.84.Final.jar;C:\Users\Lenovo\.m2\repository\io\netty\netty-common\4.1.84.Final\netty-common-4.1.84.Final.jar;C:\Users\Lenovo\.m2\repository\io\netty\netty-transport-classes-epoll\4.1.84.Final\netty-transport-classes-epoll-4.1.84.Final.jar;C:\Users\Lenovo\.m2\repository\io\netty\netty-transport-classes-kqueue\4.1.84.Final\netty-transport-classes-kqueue-4.1.84.Final.jar;C:\Users\Lenovo\.m2\repository\io\netty\netty-transport-native-epoll\4.1.84.Final\netty-transport-native-epoll-4.1.84.Final.jar;C:\Users\Lenovo\.m2\repository\io\netty\netty-transport-native-kqueue\4.1.84.Final\netty-transport-native-kqueue-4.1.84.Final.jar;C:\Users\Lenovo\.m2\repository\io\netty\netty-transport-native-unix-common\4.1.84.Final\netty-transport-native-unix-common-4.1.84.Final.jar;C:\Users\Lenovo\.m2\repository\io\netty\netty-transport\4.1.84.Final\netty-transport-4.1.84.Final.jar;C:\Users\Lenovo\.m2\repository\io\netty\netty-resolver\4.1.84.Final\netty-resolver-4.1.84.Final.jar;C:\Users\Lenovo\.m2\repository\io\opentelemetry\opentelemetry-api\1.19.0\opentelemetry-api-1.19.0.jar;C:\Users\Lenovo\.m2\repository\io\opentelemetry\opentelemetry-context\1.19.0\opentelemetry-context-1.19.0.jar;C:\Users\Lenovo\.m2\repository\io\opentelemetry\opentelemetry-exporter-logging\1.19.0\opentelemetry-exporter-logging-1.19.0.jar;C:\Users\Lenovo\.m2\repository\io\opentelemetry\opentelemetry-sdk-metrics\1.19.0\opentelemetry-sdk-metrics-1.19.0.jar;C:\Users\Lenovo\.m2\repository\io\opentelemetry\opentelemetry-sdk-logs\1.19.0-alpha\opentelemetry-sdk-logs-1.19.0-alpha.jar;C:\Users\Lenovo\.m2\repository\io\opentelemetry\opentelemetry-api-logs\1.19.0-alpha\opentelemetry-api-logs-1.19.0-alpha.jar;C:\Users\Lenovo\.m2\repository\io\opentelemetry\opentelemetry-sdk-common\1.19.0\opentelemetry-sdk-common-1.19.0.jar;C:\Users\Lenovo\.m2\repository\io\opentelemetry\opentelemetry-sdk-extension-autoconfigure-spi\1.19.0\opentelemetry-sdk-extension-autoconfigure-spi-1.19.0.jar;C:\Users\Lenovo\.m2\repository\io\opentelemetry\opentelemetry-sdk-extension-autoconfigure\1.19.0-alpha\opentelemetry-sdk-extension-autoconfigure-1.19.0-alpha.jar;C:\Users\Lenovo\.m2\repository\io\opentelemetry\opentelemetry-exporter-common\1.19.0\opentelemetry-exporter-common-1.19.0.jar;C:\Users\Lenovo\.m2\repository\io\opentelemetry\opentelemetry-sdk-trace\1.19.0\opentelemetry-sdk-trace-1.19.0.jar;C:\Users\Lenovo\.m2\repository\io\opentelemetry\opentelemetry-sdk\1.19.0\opentelemetry-sdk-1.19.0.jar;C:\Users\Lenovo\.m2\repository\io\opentelemetry\opentelemetry-semconv\1.19.0-alpha\opentelemetry-semconv-1.19.0-alpha.jar;C:\Users\Lenovo\.m2\repository\io\ous\jtoml\2.0.0\jtoml-2.0.0.jar;C:\Users\Lenovo\.m2\repository\org\apache\commons\commons-exec\1.3\commons-exec-1.3.jar;C:\Users\Lenovo\.m2\repository\org\asynchttpclient\async-http-client\2.12.3\async-http-client-2.12.3.jar;C:\Users\Lenovo\.m2\repository\org\asynchttpclient\async-http-client-netty-utils\2.12.3\async-http-client-netty-utils-2.12.3.jar;C:\Users\Lenovo\.m2\repository\io\netty\netty-codec-socks\4.1.60.Final\netty-codec-socks-4.1.60.Final.jar;C:\Users\Lenovo\.m2\repository\io\netty\netty-handler-proxy\4.1.60.Final\netty-handler-proxy-4.1.60.Final.jar;C:\Users\Lenovo\.m2\repository\io\netty\netty-transport-native-epoll\4.1.60.Final\netty-transport-native-epoll-4.1.60.Final-linux-x86_64.jar;C:\Users\Lenovo\.m2\repository\io\netty\netty-transport-native-kqueue\4.1.60.Final\netty-transport-native-kqueue-4.1.60.Final-osx-x86_64.jar;C:\Users\Lenovo\.m2\repository\org\reactivestreams\reactive-streams\1.0.3\reactive-streams-1.0.3.jar;C:\Users\Lenovo\.m2\repository\com\typesafe\netty\netty-reactive-streams\2.0.4\netty-reactive-streams-2.0.4.jar;C:\Users\Lenovo\.m2\repository\org\seleniumhq\selenium\selenium-manager\4.7.1\selenium-manager-4.7.1.jar;C:\Users\Lenovo\.m2\repository\org\seleniumhq\selenium\selenium-safari-driver\4.7.1\selenium-safari-driver-4.7.1.jar;C:\Users\Lenovo\.m2\repository\org\seleniumhq\selenium\selenium-api\4.7.1\selenium-api-4.7.1.jar;C:\Users\Lenovo\.m2\repository\org\seleniumhq\selenium\selenium-support\4.7.1\selenium-support-4.7.1.jar;C:\Users\Lenovo\.m2\repository\com\google\auto\service\auto-service-annotations\1.0.1\auto-service-annotations-1.0.1.jar;C:\Users\Lenovo\.m2\repository\com\google\auto\service\auto-service\1.0.1\auto-service-1.0.1.jar;C:\Users\Lenovo\.m2\repository\com\google\auto\auto-common\1.2\auto-common-1.2.jar;C:\Users\Lenovo\.m2\repository\org\seleniumhq\selenium\selenium-json\4.7.1\selenium-json-4.7.1.jar;C:\Users\Lenovo\.m2\repository\org\seleniumhq\selenium\selenium-chrome-driver\4.7.1\selenium-chrome-driver-4.7.1.jar;C:\Users\Lenovo\.m2\repository\org\seleniumhq\selenium\selenium-chromium-driver\4.7.1\selenium-chromium-driver-4.7.1.jar;C:\Users\Lenovo\.m2\repository\org\seleniumhq\selenium\selenium-firefox-driver\4.7.1\selenium-firefox-driver-4.7.1.jar;C:\Users\Lenovo\.m2\repository\org\seleniumhq\selenium\selenium-http\4.7.1\selenium-http-4.7.1.jar;C:\Users\Lenovo\.m2\repository\dev\failsafe\failsafe\3.3.0\failsafe-3.3.0.jar;C:\Users\Lenovo\.m2\repository\org\seleniumhq\selenium\selenium-edge-driver\4.7.1\selenium-edge-driver-4.7.1.jar;C:\Users\Lenovo\.m2\repository\org\seleniumhq\selenium\selenium-ie-driver\4.7.1\selenium-ie-driver-4.7.1.jar;C:\Users\Lenovo\.m2\repository\org\projectlombok\lombok\1.18.20\lombok-1.18.20.jar;C:\Users\Lenovo\.m2\repository\io\appium\java-client\8.3.0\java-client-8.3.0.jar;C:\Users\Lenovo\.m2\repository\commons-validator\commons-validator\1.7\commons-validator-1.7.jar;C:\Users\Lenovo\.m2\repository\commons-digester\commons-digester\2.1\commons-digester-2.1.jar;C:\Users\Lenovo\.m2\repository\org\apache\groovy\groovy\4.0.6\groovy-4.0.6.jar;C:\Users\Lenovo\.m2\repository\net\sf\opencsv\opencsv\2.0\opencsv-2.0.jar;C:\Users\Lenovo\.m2\repository\commons-beanutils\commons-beanutils\1.9.4\commons-beanutils-1.9.4.jar;C:\Users\Lenovo\.m2\repository\org\apache\commons\commons-lang3\3.12.0\commons-lang3-3.12.0.jar;C:\Users\Lenovo\.m2\repository\commons-collections\commons-collections\3.2.2\commons-collections-3.2.2.jar;C:\Users\Lenovo\.m2\repository\org\fluentlenium\fluentlenium-core\0.10.2\fluentlenium-core-0.10.2.jar;C:\Users\Lenovo\.m2\repository\io\github\bonigarcia\webdrivermanager\5.3.0\webdrivermanager-5.3.0.jar;C:\Users\Lenovo\.m2\repository\com\github\docker-java\docker-java\3.2.13\docker-java-3.2.13.jar;C:\Users\Lenovo\.m2\repository\com\github\docker-java\docker-java-core\3.2.13\docker-java-core-3.2.13.jar;C:\Users\Lenovo\.m2\repository\com\github\docker-java\docker-java-api\3.2.13\docker-java-api-3.2.13.jar;C:\Users\Lenovo\.m2\repository\org\apache\commons\commons-compress\1.21\commons-compress-1.21.jar;C:\Users\Lenovo\.m2\repository\org\bouncycastle\bcpkix-jdk15on\1.64\bcpkix-jdk15on-1.64.jar;C:\Users\Lenovo\.m2\repository\org\bouncycastle\bcprov-jdk15on\1.64\bcprov-jdk15on-1.64.jar;C:\Users\Lenovo\.m2\repository\org\slf4j\jcl-over-slf4j\1.7.30\jcl-over-slf4j-1.7.30.jar;C:\Users\Lenovo\.m2\repository\com\github\docker-java\docker-java-transport-httpclient5\3.2.13\docker-java-transport-httpclient5-3.2.13.jar;C:\Users\Lenovo\.m2\repository\com\github\docker-java\docker-java-transport\3.2.13\docker-java-transport-3.2.13.jar;C:\Users\Lenovo\.m2\repository\net\java\dev\jna\jna\5.8.0\jna-5.8.0.jar;C:\Users\Lenovo\.m2\repository\org\brotli\dec\0.1.2\dec-0.1.2.jar;C:\Users\Lenovo\.m2\repository\org\apache\httpcomponents\client5\httpclient5\5.1.3\httpclient5-5.1.3.jar;C:\Users\Lenovo\.m2\repository\org\apache\httpcomponents\core5\httpcore5\5.1.3\httpcore5-5.1.3.jar;C:\Users\Lenovo\.m2\repository\org\apache\httpcomponents\core5\httpcore5-h2\5.1.3\httpcore5-h2-5.1.3.jar;C:\Users\Lenovo\.m2\repository\com\jhlabs\filters\2.0.235\filters-2.0.235.jar;C:\Users\Lenovo\.m2\repository\com\paulhammant\ngwebdriver\1.1.6\ngwebdriver-1.1.6.jar;C:\Users\Lenovo\.m2\repository\joda-time\joda-time\2.8.2\joda-time-2.8.2.jar;C:\Users\Lenovo\.m2\repository\com\google\jimfs\jimfs\1.2\jimfs-1.2.jar;C:\Users\Lenovo\.m2\repository\org\mockito\mockito-core\3.3.3\mockito-core-3.3.3.jar;C:\Users\Lenovo\.m2\repository\javax\xml\bind\jaxb-api\2.3.1\jaxb-api-2.3.1.jar;C:\Users\Lenovo\.m2\repository\javax\activation\javax.activation-api\1.2.0\javax.activation-api-1.2.0.jar;C:\Users\Lenovo\.m2\repository\com\sun\xml\bind\jaxb-core\2.3.0.1\jaxb-core-2.3.0.1.jar;C:\Users\Lenovo\.m2\repository\com\sun\xml\bind\jaxb-impl\2.3.3\jaxb-impl-2.3.3.jar;C:\Users\Lenovo\.m2\repository\jakarta\xml\bind\jakarta.xml.bind-api\2.3.3\jakarta.xml.bind-api-2.3.3.jar;C:\Users\Lenovo\.m2\repository\com\sun\activation\jakarta.activation\1.2.2\jakarta.activation-1.2.2.jar;C:\Users\Lenovo\.m2\repository\javax\activation\activation\1.1.1\activation-1.1.1.jar;C:\Users\Lenovo\.m2\repository\net\serenity-bdd\serenity-cucumber\3.5.1\serenity-cucumber-3.5.1.jar;C:\Users\Lenovo\.m2\repository\io\cucumber\cucumber-core\7.8.1\cucumber-core-7.8.1.jar;C:\Users\Lenovo\.m2\repository\io\cucumber\cucumber-gherkin\7.8.1\cucumber-gherkin-7.8.1.jar;C:\Users\Lenovo\.m2\repository\io\cucumber\cucumber-gherkin-messages\7.8.1\cucumber-gherkin-messages-7.8.1.jar;C:\Users\Lenovo\.m2\repository\io\cucumber\gherkin\24.0.0\gherkin-24.0.0.jar;C:\Users\Lenovo\.m2\repository\io\cucumber\messages\19.1.4\messages-19.1.4.jar;C:\Users\Lenovo\.m2\repository\io\cucumber\tag-expressions\4.1.0\tag-expressions-4.1.0.jar;C:\Users\Lenovo\.m2\repository\io\cucumber\cucumber-expressions\16.0.0\cucumber-expressions-16.0.0.jar;C:\Users\Lenovo\.m2\repository\io\cucumber\datatable\7.8.1\datatable-7.8.1.jar;C:\Users\Lenovo\.m2\repository\io\cucumber\cucumber-plugin\7.8.1\cucumber-plugin-7.8.1.jar;C:\Users\Lenovo\.m2\repository\io\cucumber\docstring\7.8.1\docstring-7.8.1.jar;C:\Users\Lenovo\.m2\repository\io\cucumber\html-formatter\20.1.0\html-formatter-20.1.0.jar;C:\Users\Lenovo\.m2\repository\io\cucumber\ci-environment\9.1.0\ci-environment-9.1.0.jar;C:\Users\Lenovo\.m2\repository\io\cucumber\cucumber-java\7.8.1\cucumber-java-7.8.1.jar;C:\Users\Lenovo\.m2\repository\io\cucumber\cucumber-junit\7.8.1\cucumber-junit-7.8.1.jar;C:\Users\Lenovo\.m2\repository\org\apache\commons\commons-csv\1.5\commons-csv-1.5.jar;C:\Users\Lenovo\.m2\repository\net\serenity-bdd\serenity-screenplay\3.5.1\serenity-screenplay-3.5.1.jar;C:\Users\Lenovo\.m2\repository\net\serenity-bdd\serenity-screenplay-webdriver\3.5.1\serenity-screenplay-webdriver-3.5.1.jar;C:\Users\Lenovo\.m2\repository\net\serenity-bdd\serenity-ensure\3.5.1\serenity-ensure-3.5.1.jar;C:\Users\Lenovo\.m2\repository\net\serenity-bdd\serenity-junit\3.5.1\serenity-junit-3.5.1.jar;C:\Users\Lenovo\.m2\repository\org\jetbrains\kotlin\kotlin-stdlib\1.7.21\kotlin-stdlib-1.7.21.jar;C:\Users\Lenovo\.m2\repository\org\jetbrains\kotlin\kotlin-stdlib-common\1.7.21\kotlin-stdlib-common-1.7.21.jar;C:\Users\Lenovo\.m2\repository\org\jetbrains\annotations\13.0\annotations-13.0.jar;C:\Users\Lenovo\.m2\repository\org\junit\platform\junit-platform-launcher\1.8.2\junit-platform-launcher-1.8.2.jar;C:\Users\Lenovo\.m2\repository\org\junit\platform\junit-platform-engine\1.8.2\junit-platform-engine-1.8.2.jar;C:\Users\Lenovo\.m2\repository\org\junit\platform\junit-platform-commons\1.8.2\junit-platform-commons-1.8.2.jar;C:\Users\Lenovo\.m2\repository\org\apiguardian\apiguardian-api\1.1.2\apiguardian-api-1.1.2.jar;C:\Users\Lenovo\.m2\repository\org\junit\jupiter\junit-jupiter-engine\5.8.2\junit-jupiter-engine-5.8.2.jar;C:\Users\Lenovo\.m2\repository\org\junit\jupiter\junit-jupiter-api\5.8.2\junit-jupiter-api-5.8.2.jar;C:\Users\Lenovo\.m2\repository\org\junit\vintage\junit-vintage-engine\5.8.2\junit-vintage-engine-5.8.2.jar;C:\Users\Lenovo\.m2\repository\ch\qos\logback\logback-classic\1.2.10\logback-classic-1.2.10.jar;C:\Users\Lenovo\.m2\repository\ch\qos\logback\logback-core\1.2.10\logback-core-1.2.10.jar;C:\Users\Lenovo\.m2\repository\org\slf4j\slf4j-api\1.7.32\slf4j-api-1.7.32.jar;C:\Users\Lenovo\.m2\repository\org\assertj\assertj-core\3.23.1\assertj-core-3.23.1.jar;C:\Users\Lenovo\.m2\repository\net\bytebuddy\byte-buddy\1.12.10\byte-buddy-1.12.10.jar;C:\Users\Lenovo\.m2\repository\junit\junit\4.13.2\junit-4.13.2.jar;C:\Users\Lenovo\.m2\repository\org\hamcrest\hamcrest-core\1.3\hamcrest-core-1.3.jar;C:\Users\Lenovo\.m2\repository\net\serenity-bdd\serenity-rest-assured\3.5.1\serenity-rest-assured-3.5.1.jar;C:\Users\Lenovo\.m2\repository\org\apache\groovy\groovy-json\4.0.6\groovy-json-4.0.6.jar;C:\Users\Lenovo\.m2\repository\org\apache\groovy\groovy-xml\4.0.6\groovy-xml-4.0.6.jar;C:\Users\Lenovo\.m2\repository\org\opentest4j\opentest4j\1.2.0\opentest4j-1.2.0.jar;C:\Users\Lenovo\.m2\repository\io\rest-assured\rest-assured\5.2.0\rest-assured-5.2.0.jar;C:\Users\Lenovo\.m2\repository\org\apache\httpcomponents\httpmime\4.5.13\httpmime-4.5.13.jar;C:\Users\Lenovo\.m2\repository\org\ccil\cowan\tagsoup\tagsoup\1.2.1\tagsoup-1.2.1.jar;C:\Users\Lenovo\.m2\repository\io\rest-assured\json-path\5.2.0\json-path-5.2.0.jar;C:\Users\Lenovo\.m2\repository\io\rest-assured\rest-assured-common\5.2.0\rest-assured-common-5.2.0.jar;C:\Users\Lenovo\.m2\repository\io\rest-assured\xml-path\5.2.0\xml-path-5.2.0.jar;C:\Users\Lenovo\.m2\repository\org\json\json\20230227\json-20230227.jar;C:\Users\Lenovo\.m2\repository\org\hamcrest\hamcrest\2.2\hamcrest-2.2.jar;"/>
    <property name="java.vm.vendor" value="Oracle Corporation"/>
    <property name="sun.arch.data.model" value="64"/>
    <property name="user.variant" value=""/>
    <property name="java.vendor.url" value="https://java.oracle.com/"/>
    <property name="user.timezone" value="Asia/Bangkok"/>
    <property name="os.name" value="Windows 10"/>
    <property name="java.vm.specification.version" value="14"/>
    <property name="sun.java.launcher" value="SUN_STANDARD"/>
    <property name="user.country" value="US"/>
    <property name="sun.boot.library.path" value="C:\Program Files\Java\jdk-14.0.2\bin"/>
    <property name="sun.java.command" value="org.apache.maven.surefire.booter.ForkedBooter C:\Users\Lenovo\AppData\Local\Temp\surefire12938872610856694913 2023-05-09T05-47-01_439-jvmRun1 surefire8492662223943811474tmp surefire_06507632793699882267tmp"/>
    <property name="jdk.debug" value="release"/>
    <property name="surefire.test.class.path" value="C:\Users\Lenovo\IdeaProjects\MiniProject\MiniprojectApi\target\test-classes;C:\Users\Lenovo\.m2\repository\net\serenity-bdd\serenity-core\3.5.1\serenity-core-3.5.1.jar;C:\Users\Lenovo\.m2\repository\net\serenity-bdd\serenity-model\3.5.1\serenity-model-3.5.1.jar;C:\Users\Lenovo\.m2\repository\org\apache\commons\commons-text\1.10.0\commons-text-1.10.0.jar;C:\Users\Lenovo\.m2\repository\commons-net\commons-net\3.8.0\commons-net-3.8.0.jar;C:\Users\Lenovo\.m2\repository\com\google\guava\guava\31.1-jre\guava-31.1-jre.jar;C:\Users\Lenovo\.m2\repository\com\google\guava\failureaccess\1.0.1\failureaccess-1.0.1.jar;C:\Users\Lenovo\.m2\repository\com\google\guava\listenablefuture\9999.0-empty-to-avoid-conflict-with-guava\listenablefuture-9999.0-empty-to-avoid-conflict-with-guava.jar;C:\Users\Lenovo\.m2\repository\com\google\code\findbugs\jsr305\3.0.2\jsr305-3.0.2.jar;C:\Users\Lenovo\.m2\repository\org\checkerframework\checker-qual\3.12.0\checker-qual-3.12.0.jar;C:\Users\Lenovo\.m2\repository\com\google\errorprone\error_prone_annotations\2.11.0\error_prone_annotations-2.11.0.jar;C:\Users\Lenovo\.m2\repository\com\google\j2objc\j2objc-annotations\1.3\j2objc-annotations-1.3.jar;C:\Users\Lenovo\.m2\repository\com\google\inject\guice\5.1.0\guice-5.1.0.jar;C:\Users\Lenovo\.m2\repository\javax\inject\javax.inject\1\javax.inject-1.jar;C:\Users\Lenovo\.m2\repository\aopalliance\aopalliance\1.0\aopalliance-1.0.jar;C:\Users\Lenovo\.m2\repository\org\jsoup\jsoup\1.14.3\jsoup-1.14.3.jar;C:\Users\Lenovo\.m2\repository\com\thoughtworks\xstream\xstream\1.4.19\xstream-1.4.19.jar;C:\Users\Lenovo\.m2\repository\io\github\x-stream\mxparser\1.2.2\mxparser-1.2.2.jar;C:\Users\Lenovo\.m2\repository\xmlpull\xmlpull\1.1.3.1\xmlpull-1.1.3.1.jar;C:\Users\Lenovo\.m2\repository\com\typesafe\config\1.4.2\config-1.4.2.jar;C:\Users\Lenovo\.m2\repository\org\imgscalr\imgscalr-lib\4.2\imgscalr-lib-4.2.jar;C:\Users\Lenovo\.m2\repository\org\awaitility\awaitility\4.2.0\awaitility-4.2.0.jar;C:\Users\Lenovo\.m2\repository\org\freemarker\freemarker\2.3.31\freemarker-2.3.31.jar;C:\Users\Lenovo\.m2\repository\io\github\classgraph\classgraph\4.8.138\classgraph-4.8.138.jar;C:\Users\Lenovo\.m2\repository\net\sourceforge\jexcelapi\jxl\2.6.12\jxl-2.6.12.jar;C:\Users\Lenovo\.m2\repository\net\bytebuddy\byte-buddy-agent\1.12.18\byte-buddy-agent-1.12.18.jar;C:\Users\Lenovo\.m2\repository\org\objenesis\objenesis\3.1\objenesis-3.1.jar;C:\Users\Lenovo\.m2\repository\net\serenity-bdd\serenity-reports\3.5.1\serenity-reports-3.5.1.jar;C:\Users\Lenovo\.m2\repository\net\serenity-bdd\serenity-stats\3.5.1\serenity-stats-3.5.1.jar;C:\Users\Lenovo\.m2\repository\net\serenity-bdd\serenity-reports-configuration\3.5.1\serenity-reports-configuration-3.5.1.jar;C:\Users\Lenovo\.m2\repository\com\vladsch\flexmark\flexmark-all\0.34.30\flexmark-all-0.34.30.jar;C:\Users\Lenovo\.m2\repository\com\vladsch\flexmark\flexmark\0.34.30\flexmark-0.34.30.jar;C:\Users\Lenovo\.m2\repository\com\vladsch\flexmark\flexmark-ext-abbreviation\0.34.30\flexmark-ext-abbreviation-0.34.30.jar;C:\Users\Lenovo\.m2\repository\com\vladsch\flexmark\flexmark-ext-admonition\0.34.30\flexmark-ext-admonition-0.34.30.jar;C:\Users\Lenovo\.m2\repository\com\vladsch\flexmark\flexmark-ext-anchorlink\0.34.30\flexmark-ext-anchorlink-0.34.30.jar;C:\Users\Lenovo\.m2\repository\com\vladsch\flexmark\flexmark-ext-aside\0.34.30\flexmark-ext-aside-0.34.30.jar;C:\Users\Lenovo\.m2\repository\com\vladsch\flexmark\flexmark-ext-attributes\0.34.30\flexmark-ext-attributes-0.34.30.jar;C:\Users\Lenovo\.m2\repository\com\vladsch\flexmark\flexmark-ext-autolink\0.34.30\flexmark-ext-autolink-0.34.30.jar;C:\Users\Lenovo\.m2\repository\org\nibor\autolink\autolink\0.6.0\autolink-0.6.0.jar;C:\Users\Lenovo\.m2\repository\com\vladsch\flexmark\flexmark-ext-definition\0.34.30\flexmark-ext-definition-0.34.30.jar;C:\Users\Lenovo\.m2\repository\com\vladsch\flexmark\flexmark-ext-emoji\0.34.30\flexmark-ext-emoji-0.34.30.jar;C:\Users\Lenovo\.m2\repository\com\vladsch\flexmark\flexmark-ext-enumerated-reference\0.34.30\flexmark-ext-enumerated-reference-0.34.30.jar;C:\Users\Lenovo\.m2\repository\com\vladsch\flexmark\flexmark-ext-escaped-character\0.34.30\flexmark-ext-escaped-character-0.34.30.jar;C:\Users\Lenovo\.m2\repository\com\vladsch\flexmark\flexmark-ext-footnotes\0.34.30\flexmark-ext-footnotes-0.34.30.jar;C:\Users\Lenovo\.m2\repository\com\vladsch\flexmark\flexmark-ext-gfm-issues\0.34.30\flexmark-ext-gfm-issues-0.34.30.jar;C:\Users\Lenovo\.m2\repository\com\vladsch\flexmark\flexmark-ext-gfm-strikethrough\0.34.30\flexmark-ext-gfm-strikethrough-0.34.30.jar;C:\Users\Lenovo\.m2\repository\com\vladsch\flexmark\flexmark-ext-gfm-tables\0.34.30\flexmark-ext-gfm-tables-0.34.30.jar;C:\Users\Lenovo\.m2\repository\com\vladsch\flexmark\flexmark-ext-gfm-tasklist\0.34.30\flexmark-ext-gfm-tasklist-0.34.30.jar;C:\Users\Lenovo\.m2\repository\com\vladsch\flexmark\flexmark-ext-gfm-users\0.34.30\flexmark-ext-gfm-users-0.34.30.jar;C:\Users\Lenovo\.m2\repository\com\vladsch\flexmark\flexmark-ext-gitlab\0.34.30\flexmark-ext-gitlab-0.34.30.jar;C:\Users\Lenovo\.m2\repository\com\vladsch\flexmark\flexmark-ext-jekyll-front-matter\0.34.30\flexmark-ext-jekyll-front-matter-0.34.30.jar;C:\Users\Lenovo\.m2\repository\com\vladsch\flexmark\flexmark-ext-jekyll-tag\0.34.30\flexmark-ext-jekyll-tag-0.34.30.jar;C:\Users\Lenovo\.m2\repository\com\vladsch\flexmark\flexmark-ext-media-tags\0.34.30\flexmark-ext-media-tags-0.34.30.jar;C:\Users\Lenovo\.m2\repository\com\vladsch\flexmark\flexmark-test-util\0.34.30\flexmark-test-util-0.34.30.jar;C:\Users\Lenovo\.m2\repository\com\vladsch\flexmark\flexmark-ext-ins\0.34.30\flexmark-ext-ins-0.34.30.jar;C:\Users\Lenovo\.m2\repository\com\vladsch\flexmark\flexmark-ext-xwiki-macros\0.34.30\flexmark-ext-xwiki-macros-0.34.30.jar;C:\Users\Lenovo\.m2\repository\com\vladsch\flexmark\flexmark-ext-superscript\0.34.30\flexmark-ext-superscript-0.34.30.jar;C:\Users\Lenovo\.m2\repository\com\vladsch\flexmark\flexmark-ext-tables\0.34.30\flexmark-ext-tables-0.34.30.jar;C:\Users\Lenovo\.m2\repository\com\vladsch\flexmark\flexmark-ext-toc\0.34.30\flexmark-ext-toc-0.34.30.jar;C:\Users\Lenovo\.m2\repository\com\vladsch\flexmark\flexmark-ext-typographic\0.34.30\flexmark-ext-typographic-0.34.30.jar;C:\Users\Lenovo\.m2\repository\com\vladsch\flexmark\flexmark-ext-wikilink\0.34.30\flexmark-ext-wikilink-0.34.30.jar;C:\Users\Lenovo\.m2\repository\com\vladsch\flexmark\flexmark-ext-yaml-front-matter\0.34.30\flexmark-ext-yaml-front-matter-0.34.30.jar;C:\Users\Lenovo\.m2\repository\com\vladsch\flexmark\flexmark-ext-youtube-embedded\0.34.30\flexmark-ext-youtube-embedded-0.34.30.jar;C:\Users\Lenovo\.m2\repository\com\vladsch\flexmark\flexmark-formatter\0.34.30\flexmark-formatter-0.34.30.jar;C:\Users\Lenovo\.m2\repository\com\vladsch\flexmark\flexmark-html-parser\0.34.30\flexmark-html-parser-0.34.30.jar;C:\Users\Lenovo\.m2\repository\com\vladsch\flexmark\flexmark-jira-converter\0.34.30\flexmark-jira-converter-0.34.30.jar;C:\Users\Lenovo\.m2\repository\com\vladsch\flexmark\flexmark-pdf-converter\0.34.30\flexmark-pdf-converter-0.34.30.jar;C:\Users\Lenovo\.m2\repository\com\openhtmltopdf\openhtmltopdf-core\0.0.1-RC13\openhtmltopdf-core-0.0.1-RC13.jar;C:\Users\Lenovo\.m2\repository\com\openhtmltopdf\openhtmltopdf-pdfbox\0.0.1-RC13\openhtmltopdf-pdfbox-0.0.1-RC13.jar;C:\Users\Lenovo\.m2\repository\org\apache\pdfbox\pdfbox\2.0.8\pdfbox-2.0.8.jar;C:\Users\Lenovo\.m2\repository\org\apache\pdfbox\fontbox\2.0.8\fontbox-2.0.8.jar;C:\Users\Lenovo\.m2\repository\org\apache\pdfbox\xmpbox\2.0.8\xmpbox-2.0.8.jar;C:\Users\Lenovo\.m2\repository\de\rototor\pdfbox\graphics2d\0.12\graphics2d-0.12.jar;C:\Users\Lenovo\.m2\repository\com\openhtmltopdf\openhtmltopdf-rtl-support\0.0.1-RC13\openhtmltopdf-rtl-support-0.0.1-RC13.jar;C:\Users\Lenovo\.m2\repository\com\ibm\icu\icu4j\59.1\icu4j-59.1.jar;C:\Users\Lenovo\.m2\repository\com\openhtmltopdf\openhtmltopdf-jsoup-dom-converter\0.0.1-RC13\openhtmltopdf-jsoup-dom-converter-0.0.1-RC13.jar;C:\Users\Lenovo\.m2\repository\com\vladsch\flexmark\flexmark-profile-pegdown\0.34.30\flexmark-profile-pegdown-0.34.30.jar;C:\Users\Lenovo\.m2\repository\com\vladsch\flexmark\flexmark-util\0.34.30\flexmark-util-0.34.30.jar;C:\Users\Lenovo\.m2\repository\com\vladsch\flexmark\flexmark-youtrack-converter\0.34.30\flexmark-youtrack-converter-0.34.30.jar;C:\Users\Lenovo\.m2\repository\es\nitaur\markdown\txtmark\0.16\txtmark-0.16.jar;C:\Users\Lenovo\.m2\repository\net\serenity-bdd\serenity-report-resources\3.5.1\serenity-report-resources-3.5.1.jar;C:\Users\Lenovo\.m2\repository\com\google\code\gson\gson\2.9.0\gson-2.9.0.jar;C:\Users\Lenovo\.m2\repository\com\fasterxml\jackson\core\jackson-core\2.13.4\jackson-core-2.13.4.jar;C:\Users\Lenovo\.m2\repository\com\fasterxml\jackson\core\jackson-databind\2.13.4\jackson-databind-2.13.4.jar;C:\Users\Lenovo\.m2\repository\com\fasterxml\jackson\core\jackson-annotations\2.13.4\jackson-annotations-2.13.4.jar;C:\Users\Lenovo\.m2\repository\commons-codec\commons-codec\1.15\commons-codec-1.15.jar;C:\Users\Lenovo\.m2\repository\commons-io\commons-io\2.11.0\commons-io-2.11.0.jar;C:\Users\Lenovo\.m2\repository\org\apache\httpcomponents\httpclient\4.5.13\httpclient-4.5.13.jar;C:\Users\Lenovo\.m2\repository\org\apache\httpcomponents\httpcore\4.4.13\httpcore-4.4.13.jar;C:\Users\Lenovo\.m2\repository\commons-logging\commons-logging\1.2\commons-logging-1.2.jar;C:\Users\Lenovo\.m2\repository\org\seleniumhq\selenium\selenium-java\4.7.1\selenium-java-4.7.1.jar;C:\Users\Lenovo\.m2\repository\org\seleniumhq\selenium\selenium-devtools-v106\4.7.1\selenium-devtools-v106-4.7.1.jar;C:\Users\Lenovo\.m2\repository\org\seleniumhq\selenium\selenium-devtools-v107\4.7.1\selenium-devtools-v107-4.7.1.jar;C:\Users\Lenovo\.m2\repository\org\seleniumhq\selenium\selenium-devtools-v108\4.7.1\selenium-devtools-v108-4.7.1.jar;C:\Users\Lenovo\.m2\repository\org\seleniumhq\selenium\selenium-devtools-v85\4.7.1\selenium-devtools-v85-4.7.1.jar;C:\Users\Lenovo\.m2\repository\org\seleniumhq\selenium\selenium-remote-driver\4.7.1\selenium-remote-driver-4.7.1.jar;C:\Users\Lenovo\.m2\repository\com\beust\jcommander\1.82\jcommander-1.82.jar;C:\Users\Lenovo\.m2\repository\io\netty\netty-buffer\4.1.84.Final\netty-buffer-4.1.84.Final.jar;C:\Users\Lenovo\.m2\repository\io\netty\netty-codec-http\4.1.84.Final\netty-codec-http-4.1.84.Final.jar;C:\Users\Lenovo\.m2\repository\io\netty\netty-codec\4.1.84.Final\netty-codec-4.1.84.Final.jar;C:\Users\Lenovo\.m2\repository\io\netty\netty-handler\4.1.84.Final\netty-handler-4.1.84.Final.jar;C:\Users\Lenovo\.m2\repository\io\netty\netty-common\4.1.84.Final\netty-common-4.1.84.Final.jar;C:\Users\Lenovo\.m2\repository\io\netty\netty-transport-classes-epoll\4.1.84.Final\netty-transport-classes-epoll-4.1.84.Final.jar;C:\Users\Lenovo\.m2\repository\io\netty\netty-transport-classes-kqueue\4.1.84.Final\netty-transport-classes-kqueue-4.1.84.Final.jar;C:\Users\Lenovo\.m2\repository\io\netty\netty-transport-native-epoll\4.1.84.Final\netty-transport-native-epoll-4.1.84.Final.jar;C:\Users\Lenovo\.m2\repository\io\netty\netty-transport-native-kqueue\4.1.84.Final\netty-transport-native-kqueue-4.1.84.Final.jar;C:\Users\Lenovo\.m2\repository\io\netty\netty-transport-native-unix-common\4.1.84.Final\netty-transport-native-unix-common-4.1.84.Final.jar;C:\Users\Lenovo\.m2\repository\io\netty\netty-transport\4.1.84.Final\netty-transport-4.1.84.Final.jar;C:\Users\Lenovo\.m2\repository\io\netty\netty-resolver\4.1.84.Final\netty-resolver-4.1.84.Final.jar;C:\Users\Lenovo\.m2\repository\io\opentelemetry\opentelemetry-api\1.19.0\opentelemetry-api-1.19.0.jar;C:\Users\Lenovo\.m2\repository\io\opentelemetry\opentelemetry-context\1.19.0\opentelemetry-context-1.19.0.jar;C:\Users\Lenovo\.m2\repository\io\opentelemetry\opentelemetry-exporter-logging\1.19.0\opentelemetry-exporter-logging-1.19.0.jar;C:\Users\Lenovo\.m2\repository\io\opentelemetry\opentelemetry-sdk-metrics\1.19.0\opentelemetry-sdk-metrics-1.19.0.jar;C:\Users\Lenovo\.m2\repository\io\opentelemetry\opentelemetry-sdk-logs\1.19.0-alpha\opentelemetry-sdk-logs-1.19.0-alpha.jar;C:\Users\Lenovo\.m2\repository\io\opentelemetry\opentelemetry-api-logs\1.19.0-alpha\opentelemetry-api-logs-1.19.0-alpha.jar;C:\Users\Lenovo\.m2\repository\io\opentelemetry\opentelemetry-sdk-common\1.19.0\opentelemetry-sdk-common-1.19.0.jar;C:\Users\Lenovo\.m2\repository\io\opentelemetry\opentelemetry-sdk-extension-autoconfigure-spi\1.19.0\opentelemetry-sdk-extension-autoconfigure-spi-1.19.0.jar;C:\Users\Lenovo\.m2\repository\io\opentelemetry\opentelemetry-sdk-extension-autoconfigure\1.19.0-alpha\opentelemetry-sdk-extension-autoconfigure-1.19.0-alpha.jar;C:\Users\Lenovo\.m2\repository\io\opentelemetry\opentelemetry-exporter-common\1.19.0\opentelemetry-exporter-common-1.19.0.jar;C:\Users\Lenovo\.m2\repository\io\opentelemetry\opentelemetry-sdk-trace\1.19.0\opentelemetry-sdk-trace-1.19.0.jar;C:\Users\Lenovo\.m2\repository\io\opentelemetry\opentelemetry-sdk\1.19.0\opentelemetry-sdk-1.19.0.jar;C:\Users\Lenovo\.m2\repository\io\opentelemetry\opentelemetry-semconv\1.19.0-alpha\opentelemetry-semconv-1.19.0-alpha.jar;C:\Users\Lenovo\.m2\repository\io\ous\jtoml\2.0.0\jtoml-2.0.0.jar;C:\Users\Lenovo\.m2\repository\org\apache\commons\commons-exec\1.3\commons-exec-1.3.jar;C:\Users\Lenovo\.m2\repository\org\asynchttpclient\async-http-client\2.12.3\async-http-client-2.12.3.jar;C:\Users\Lenovo\.m2\repository\org\asynchttpclient\async-http-client-netty-utils\2.12.3\async-http-client-netty-utils-2.12.3.jar;C:\Users\Lenovo\.m2\repository\io\netty\netty-codec-socks\4.1.60.Final\netty-codec-socks-4.1.60.Final.jar;C:\Users\Lenovo\.m2\repository\io\netty\netty-handler-proxy\4.1.60.Final\netty-handler-proxy-4.1.60.Final.jar;C:\Users\Lenovo\.m2\repository\io\netty\netty-transport-native-epoll\4.1.60.Final\netty-transport-native-epoll-4.1.60.Final-linux-x86_64.jar;C:\Users\Lenovo\.m2\repository\io\netty\netty-transport-native-kqueue\4.1.60.Final\netty-transport-native-kqueue-4.1.60.Final-osx-x86_64.jar;C:\Users\Lenovo\.m2\repository\org\reactivestreams\reactive-streams\1.0.3\reactive-streams-1.0.3.jar;C:\Users\Lenovo\.m2\repository\com\typesafe\netty\netty-reactive-streams\2.0.4\netty-reactive-streams-2.0.4.jar;C:\Users\Lenovo\.m2\repository\org\seleniumhq\selenium\selenium-manager\4.7.1\selenium-manager-4.7.1.jar;C:\Users\Lenovo\.m2\repository\org\seleniumhq\selenium\selenium-safari-driver\4.7.1\selenium-safari-driver-4.7.1.jar;C:\Users\Lenovo\.m2\repository\org\seleniumhq\selenium\selenium-api\4.7.1\selenium-api-4.7.1.jar;C:\Users\Lenovo\.m2\repository\org\seleniumhq\selenium\selenium-support\4.7.1\selenium-support-4.7.1.jar;C:\Users\Lenovo\.m2\repository\com\google\auto\service\auto-service-annotations\1.0.1\auto-service-annotations-1.0.1.jar;C:\Users\Lenovo\.m2\repository\com\google\auto\service\auto-service\1.0.1\auto-service-1.0.1.jar;C:\Users\Lenovo\.m2\repository\com\google\auto\auto-common\1.2\auto-common-1.2.jar;C:\Users\Lenovo\.m2\repository\org\seleniumhq\selenium\selenium-json\4.7.1\selenium-json-4.7.1.jar;C:\Users\Lenovo\.m2\repository\org\seleniumhq\selenium\selenium-chrome-driver\4.7.1\selenium-chrome-driver-4.7.1.jar;C:\Users\Lenovo\.m2\repository\org\seleniumhq\selenium\selenium-chromium-driver\4.7.1\selenium-chromium-driver-4.7.1.jar;C:\Users\Lenovo\.m2\repository\org\seleniumhq\selenium\selenium-firefox-driver\4.7.1\selenium-firefox-driver-4.7.1.jar;C:\Users\Lenovo\.m2\repository\org\seleniumhq\selenium\selenium-http\4.7.1\selenium-http-4.7.1.jar;C:\Users\Lenovo\.m2\repository\dev\failsafe\failsafe\3.3.0\failsafe-3.3.0.jar;C:\Users\Lenovo\.m2\repository\org\seleniumhq\selenium\selenium-edge-driver\4.7.1\selenium-edge-driver-4.7.1.jar;C:\Users\Lenovo\.m2\repository\org\seleniumhq\selenium\selenium-ie-driver\4.7.1\selenium-ie-driver-4.7.1.jar;C:\Users\Lenovo\.m2\repository\org\projectlombok\lombok\1.18.20\lombok-1.18.20.jar;C:\Users\Lenovo\.m2\repository\io\appium\java-client\8.3.0\java-client-8.3.0.jar;C:\Users\Lenovo\.m2\repository\commons-validator\commons-validator\1.7\commons-validator-1.7.jar;C:\Users\Lenovo\.m2\repository\commons-digester\commons-digester\2.1\commons-digester-2.1.jar;C:\Users\Lenovo\.m2\repository\org\apache\groovy\groovy\4.0.6\groovy-4.0.6.jar;C:\Users\Lenovo\.m2\repository\net\sf\opencsv\opencsv\2.0\opencsv-2.0.jar;C:\Users\Lenovo\.m2\repository\commons-beanutils\commons-beanutils\1.9.4\commons-beanutils-1.9.4.jar;C:\Users\Lenovo\.m2\repository\org\apache\commons\commons-lang3\3.12.0\commons-lang3-3.12.0.jar;C:\Users\Lenovo\.m2\repository\commons-collections\commons-collections\3.2.2\commons-collections-3.2.2.jar;C:\Users\Lenovo\.m2\repository\org\fluentlenium\fluentlenium-core\0.10.2\fluentlenium-core-0.10.2.jar;C:\Users\Lenovo\.m2\repository\io\github\bonigarcia\webdrivermanager\5.3.0\webdrivermanager-5.3.0.jar;C:\Users\Lenovo\.m2\repository\com\github\docker-java\docker-java\3.2.13\docker-java-3.2.13.jar;C:\Users\Lenovo\.m2\repository\com\github\docker-java\docker-java-core\3.2.13\docker-java-core-3.2.13.jar;C:\Users\Lenovo\.m2\repository\com\github\docker-java\docker-java-api\3.2.13\docker-java-api-3.2.13.jar;C:\Users\Lenovo\.m2\repository\org\apache\commons\commons-compress\1.21\commons-compress-1.21.jar;C:\Users\Lenovo\.m2\repository\org\bouncycastle\bcpkix-jdk15on\1.64\bcpkix-jdk15on-1.64.jar;C:\Users\Lenovo\.m2\repository\org\bouncycastle\bcprov-jdk15on\1.64\bcprov-jdk15on-1.64.jar;C:\Users\Lenovo\.m2\repository\org\slf4j\jcl-over-slf4j\1.7.30\jcl-over-slf4j-1.7.30.jar;C:\Users\Lenovo\.m2\repository\com\github\docker-java\docker-java-transport-httpclient5\3.2.13\docker-java-transport-httpclient5-3.2.13.jar;C:\Users\Lenovo\.m2\repository\com\github\docker-java\docker-java-transport\3.2.13\docker-java-transport-3.2.13.jar;C:\Users\Lenovo\.m2\repository\net\java\dev\jna\jna\5.8.0\jna-5.8.0.jar;C:\Users\Lenovo\.m2\repository\org\brotli\dec\0.1.2\dec-0.1.2.jar;C:\Users\Lenovo\.m2\repository\org\apache\httpcomponents\client5\httpclient5\5.1.3\httpclient5-5.1.3.jar;C:\Users\Lenovo\.m2\repository\org\apache\httpcomponents\core5\httpcore5\5.1.3\httpcore5-5.1.3.jar;C:\Users\Lenovo\.m2\repository\org\apache\httpcomponents\core5\httpcore5-h2\5.1.3\httpcore5-h2-5.1.3.jar;C:\Users\Lenovo\.m2\repository\com\jhlabs\filters\2.0.235\filters-2.0.235.jar;C:\Users\Lenovo\.m2\repository\com\paulhammant\ngwebdriver\1.1.6\ngwebdriver-1.1.6.jar;C:\Users\Lenovo\.m2\repository\joda-time\joda-time\2.8.2\joda-time-2.8.2.jar;C:\Users\Lenovo\.m2\repository\com\google\jimfs\jimfs\1.2\jimfs-1.2.jar;C:\Users\Lenovo\.m2\repository\org\mockito\mockito-core\3.3.3\mockito-core-3.3.3.jar;C:\Users\Lenovo\.m2\repository\javax\xml\bind\jaxb-api\2.3.1\jaxb-api-2.3.1.jar;C:\Users\Lenovo\.m2\repository\javax\activation\javax.activation-api\1.2.0\javax.activation-api-1.2.0.jar;C:\Users\Lenovo\.m2\repository\com\sun\xml\bind\jaxb-core\2.3.0.1\jaxb-core-2.3.0.1.jar;C:\Users\Lenovo\.m2\repository\com\sun\xml\bind\jaxb-impl\2.3.3\jaxb-impl-2.3.3.jar;C:\Users\Lenovo\.m2\repository\jakarta\xml\bind\jakarta.xml.bind-api\2.3.3\jakarta.xml.bind-api-2.3.3.jar;C:\Users\Lenovo\.m2\repository\com\sun\activation\jakarta.activation\1.2.2\jakarta.activation-1.2.2.jar;C:\Users\Lenovo\.m2\repository\javax\activation\activation\1.1.1\activation-1.1.1.jar;C:\Users\Lenovo\.m2\repository\net\serenity-bdd\serenity-cucumber\3.5.1\serenity-cucumber-3.5.1.jar;C:\Users\Lenovo\.m2\repository\io\cucumber\cucumber-core\7.8.1\cucumber-core-7.8.1.jar;C:\Users\Lenovo\.m2\repository\io\cucumber\cucumber-gherkin\7.8.1\cucumber-gherkin-7.8.1.jar;C:\Users\Lenovo\.m2\repository\io\cucumber\cucumber-gherkin-messages\7.8.1\cucumber-gherkin-messages-7.8.1.jar;C:\Users\Lenovo\.m2\repository\io\cucumber\gherkin\24.0.0\gherkin-24.0.0.jar;C:\Users\Lenovo\.m2\repository\io\cucumber\messages\19.1.4\messages-19.1.4.jar;C:\Users\Lenovo\.m2\repository\io\cucumber\tag-expressions\4.1.0\tag-expressions-4.1.0.jar;C:\Users\Lenovo\.m2\repository\io\cucumber\cucumber-expressions\16.0.0\cucumber-expressions-16.0.0.jar;C:\Users\Lenovo\.m2\repository\io\cucumber\datatable\7.8.1\datatable-7.8.1.jar;C:\Users\Lenovo\.m2\repository\io\cucumber\cucumber-plugin\7.8.1\cucumber-plugin-7.8.1.jar;C:\Users\Lenovo\.m2\repository\io\cucumber\docstring\7.8.1\docstring-7.8.1.jar;C:\Users\Lenovo\.m2\repository\io\cucumber\html-formatter\20.1.0\html-formatter-20.1.0.jar;C:\Users\Lenovo\.m2\repository\io\cucumber\ci-environment\9.1.0\ci-environment-9.1.0.jar;C:\Users\Lenovo\.m2\repository\io\cucumber\cucumber-java\7.8.1\cucumber-java-7.8.1.jar;C:\Users\Lenovo\.m2\repository\io\cucumber\cucumber-junit\7.8.1\cucumber-junit-7.8.1.jar;C:\Users\Lenovo\.m2\repository\org\apache\commons\commons-csv\1.5\commons-csv-1.5.jar;C:\Users\Lenovo\.m2\repository\net\serenity-bdd\serenity-screenplay\3.5.1\serenity-screenplay-3.5.1.jar;C:\Users\Lenovo\.m2\repository\net\serenity-bdd\serenity-screenplay-webdriver\3.5.1\serenity-screenplay-webdriver-3.5.1.jar;C:\Users\Lenovo\.m2\repository\net\serenity-bdd\serenity-ensure\3.5.1\serenity-ensure-3.5.1.jar;C:\Users\Lenovo\.m2\repository\net\serenity-bdd\serenity-junit\3.5.1\serenity-junit-3.5.1.jar;C:\Users\Lenovo\.m2\repository\org\jetbrains\kotlin\kotlin-stdlib\1.7.21\kotlin-stdlib-1.7.21.jar;C:\Users\Lenovo\.m2\repository\org\jetbrains\kotlin\kotlin-stdlib-common\1.7.21\kotlin-stdlib-common-1.7.21.jar;C:\Users\Lenovo\.m2\repository\org\jetbrains\annotations\13.0\annotations-13.0.jar;C:\Users\Lenovo\.m2\repository\org\junit\platform\junit-platform-launcher\1.8.2\junit-platform-launcher-1.8.2.jar;C:\Users\Lenovo\.m2\repository\org\junit\platform\junit-platform-engine\1.8.2\junit-platform-engine-1.8.2.jar;C:\Users\Lenovo\.m2\repository\org\junit\platform\junit-platform-commons\1.8.2\junit-platform-commons-1.8.2.jar;C:\Users\Lenovo\.m2\repository\org\apiguardian\apiguardian-api\1.1.2\apiguardian-api-1.1.2.jar;C:\Users\Lenovo\.m2\repository\org\junit\jupiter\junit-jupiter-engine\5.8.2\junit-jupiter-engine-5.8.2.jar;C:\Users\Lenovo\.m2\repository\org\junit\jupiter\junit-jupiter-api\5.8.2\junit-jupiter-api-5.8.2.jar;C:\Users\Lenovo\.m2\repository\org\junit\vintage\junit-vintage-engine\5.8.2\junit-vintage-engine-5.8.2.jar;C:\Users\Lenovo\.m2\repository\ch\qos\logback\logback-classic\1.2.10\logback-classic-1.2.10.jar;C:\Users\Lenovo\.m2\repository\ch\qos\logback\logback-core\1.2.10\logback-core-1.2.10.jar;C:\Users\Lenovo\.m2\repository\org\slf4j\slf4j-api\1.7.32\slf4j-api-1.7.32.jar;C:\Users\Lenovo\.m2\repository\org\assertj\assertj-core\3.23.1\assertj-core-3.23.1.jar;C:\Users\Lenovo\.m2\repository\net\bytebuddy\byte-buddy\1.12.10\byte-buddy-1.12.10.jar;C:\Users\Lenovo\.m2\repository\junit\junit\4.13.2\junit-4.13.2.jar;C:\Users\Lenovo\.m2\repository\org\hamcrest\hamcrest-core\1.3\hamcrest-core-1.3.jar;C:\Users\Lenovo\.m2\repository\net\serenity-bdd\serenity-rest-assured\3.5.1\serenity-rest-assured-3.5.1.jar;C:\Users\Lenovo\.m2\repository\org\apache\groovy\groovy-json\4.0.6\groovy-json-4.0.6.jar;C:\Users\Lenovo\.m2\repository\org\apache\groovy\groovy-xml\4.0.6\groovy-xml-4.0.6.jar;C:\Users\Lenovo\.m2\repository\org\opentest4j\opentest4j\1.2.0\opentest4j-1.2.0.jar;C:\Users\Lenovo\.m2\repository\io\rest-assured\rest-assured\5.2.0\rest-assured-5.2.0.jar;C:\Users\Lenovo\.m2\repository\org\apache\httpcomponents\httpmime\4.5.13\httpmime-4.5.13.jar;C:\Users\Lenovo\.m2\repository\org\ccil\cowan\tagsoup\tagsoup\1.2.1\tagsoup-1.2.1.jar;C:\Users\Lenovo\.m2\repository\io\rest-assured\json-path\5.2.0\json-path-5.2.0.jar;C:\Users\Lenovo\.m2\repository\io\rest-assured\rest-assured-common\5.2.0\rest-assured-common-5.2.0.jar;C:\Users\Lenovo\.m2\repository\io\rest-assured\xml-path\5.2.0\xml-path-5.2.0.jar;C:\Users\Lenovo\.m2\repository\org\json\json\20230227\json-20230227.jar;C:\Users\Lenovo\.m2\repository\org\hamcrest\hamcrest\2.2\hamcrest-2.2.jar;"/>
    <property name="sun.cpu.endian" value="little"/>
    <property name="user.home" value="C:\Users\Lenovo"/>
    <property name="user.language" value="en"/>
    <property name="java.specification.vendor" value="Oracle Corporation"/>
    <property name="jdk.module.path" value="C:\Users\Lenovo\IdeaProjects\MiniProject\MiniprojectApi\target\MiniprojectApi-1.0-SNAPSHOT.jar"/>
    <property name="java.version.date" value="2020-07-14"/>
    <property name="java.home" value="C:\Program Files\Java\jdk-14.0.2"/>
    <property name="file.separator" value="\"/>
    <property name="basedir" value="C:\Users\Lenovo\IdeaProjects\MiniProject\MiniprojectApi"/>
    <property name="java.vm.compressedOopsMode" value="32-bit"/>
    <property name="line.separator" value="&#10;"/>
    <property name="java.vm.specification.vendor" value="Oracle Corporation"/>
    <property name="java.specification.name" value="Java Platform API Specification"/>
    <property name="surefire.real.class.path" value="C:\Users\Lenovo\.m2\repository\org\apache\maven\surefire\surefire-booter\3.0.0-M5\surefire-booter-3.0.0-M5.jar;C:\Users\Lenovo\.m2\repository\org\apache\maven\surefire\surefire-api\3.0.0-M5\surefire-api-3.0.0-M5.jar;C:\Users\Lenovo\.m2\repository\org\apache\maven\surefire\surefire-logger-api\3.0.0-M5\surefire-logger-api-3.0.0-M5.jar;C:\Users\Lenovo\.m2\repository\org\apache\maven\surefire\surefire-shared-utils\3.0.0-M4\surefire-shared-utils-3.0.0-M4.jar;C:\Users\Lenovo\.m2\repository\org\apache\maven\surefire\surefire-extensions-spi\3.0.0-M5\surefire-extensions-spi-3.0.0-M5.jar;C:\Users\Lenovo\IdeaProjects\MiniProject\MiniprojectApi\target\test-classes;C:\Users\Lenovo\.m2\repository\net\serenity-bdd\serenity-core\3.5.1\serenity-core-3.5.1.jar;C:\Users\Lenovo\.m2\repository\net\serenity-bdd\serenity-model\3.5.1\serenity-model-3.5.1.jar;C:\Users\Lenovo\.m2\repository\org\apache\commons\commons-text\1.10.0\commons-text-1.10.0.jar;C:\Users\Lenovo\.m2\repository\commons-net\commons-net\3.8.0\commons-net-3.8.0.jar;C:\Users\Lenovo\.m2\repository\com\google\guava\guava\31.1-jre\guava-31.1-jre.jar;C:\Users\Lenovo\.m2\repository\com\google\guava\failureaccess\1.0.1\failureaccess-1.0.1.jar;C:\Users\Lenovo\.m2\repository\com\google\guava\listenablefuture\9999.0-empty-to-avoid-conflict-with-guava\listenablefuture-9999.0-empty-to-avoid-conflict-with-guava.jar;C:\Users\Lenovo\.m2\repository\com\google\code\findbugs\jsr305\3.0.2\jsr305-3.0.2.jar;C:\Users\Lenovo\.m2\repository\org\checkerframework\checker-qual\3.12.0\checker-qual-3.12.0.jar;C:\Users\Lenovo\.m2\repository\com\google\errorprone\error_prone_annotations\2.11.0\error_prone_annotations-2.11.0.jar;C:\Users\Lenovo\.m2\repository\com\google\j2objc\j2objc-annotations\1.3\j2objc-annotations-1.3.jar;C:\Users\Lenovo\.m2\repository\com\google\inject\guice\5.1.0\guice-5.1.0.jar;C:\Users\Lenovo\.m2\repository\javax\inject\javax.inject\1\javax.inject-1.jar;C:\Users\Lenovo\.m2\repository\aopalliance\aopalliance\1.0\aopalliance-1.0.jar;C:\Users\Lenovo\.m2\repository\org\jsoup\jsoup\1.14.3\jsoup-1.14.3.jar;C:\Users\Lenovo\.m2\repository\com\thoughtworks\xstream\xstream\1.4.19\xstream-1.4.19.jar;C:\Users\Lenovo\.m2\repository\io\github\x-stream\mxparser\1.2.2\mxparser-1.2.2.jar;C:\Users\Lenovo\.m2\repository\xmlpull\xmlpull\1.1.3.1\xmlpull-1.1.3.1.jar;C:\Users\Lenovo\.m2\repository\com\typesafe\config\1.4.2\config-1.4.2.jar;C:\Users\Lenovo\.m2\repository\org\imgscalr\imgscalr-lib\4.2\imgscalr-lib-4.2.jar;C:\Users\Lenovo\.m2\repository\org\awaitility\awaitility\4.2.0\awaitility-4.2.0.jar;C:\Users\Lenovo\.m2\repository\org\freemarker\freemarker\2.3.31\freemarker-2.3.31.jar;C:\Users\Lenovo\.m2\repository\io\github\classgraph\classgraph\4.8.138\classgraph-4.8.138.jar;C:\Users\Lenovo\.m2\repository\net\sourceforge\jexcelapi\jxl\2.6.12\jxl-2.6.12.jar;C:\Users\Lenovo\.m2\repository\net\bytebuddy\byte-buddy-agent\1.12.18\byte-buddy-agent-1.12.18.jar;C:\Users\Lenovo\.m2\repository\org\objenesis\objenesis\3.1\objenesis-3.1.jar;C:\Users\Lenovo\.m2\repository\net\serenity-bdd\serenity-reports\3.5.1\serenity-reports-3.5.1.jar;C:\Users\Lenovo\.m2\repository\net\serenity-bdd\serenity-stats\3.5.1\serenity-stats-3.5.1.jar;C:\Users\Lenovo\.m2\repository\net\serenity-bdd\serenity-reports-configuration\3.5.1\serenity-reports-configuration-3.5.1.jar;C:\Users\Lenovo\.m2\repository\com\vladsch\flexmark\flexmark-all\0.34.30\flexmark-all-0.34.30.jar;C:\Users\Lenovo\.m2\repository\com\vladsch\flexmark\flexmark\0.34.30\flexmark-0.34.30.jar;C:\Users\Lenovo\.m2\repository\com\vladsch\flexmark\flexmark-ext-abbreviation\0.34.30\flexmark-ext-abbreviation-0.34.30.jar;C:\Users\Lenovo\.m2\repository\com\vladsch\flexmark\flexmark-ext-admonition\0.34.30\flexmark-ext-admonition-0.34.30.jar;C:\Users\Lenovo\.m2\repository\com\vladsch\flexmark\flexmark-ext-anchorlink\0.34.30\flexmark-ext-anchorlink-0.34.30.jar;C:\Users\Lenovo\.m2\repository\com\vladsch\flexmark\flexmark-ext-aside\0.34.30\flexmark-ext-aside-0.34.30.jar;C:\Users\Lenovo\.m2\repository\com\vladsch\flexmark\flexmark-ext-attributes\0.34.30\flexmark-ext-attributes-0.34.30.jar;C:\Users\Lenovo\.m2\repository\com\vladsch\flexmark\flexmark-ext-autolink\0.34.30\flexmark-ext-autolink-0.34.30.jar;C:\Users\Lenovo\.m2\repository\org\nibor\autolink\autolink\0.6.0\autolink-0.6.0.jar;C:\Users\Lenovo\.m2\repository\com\vladsch\flexmark\flexmark-ext-definition\0.34.30\flexmark-ext-definition-0.34.30.jar;C:\Users\Lenovo\.m2\repository\com\vladsch\flexmark\flexmark-ext-emoji\0.34.30\flexmark-ext-emoji-0.34.30.jar;C:\Users\Lenovo\.m2\repository\com\vladsch\flexmark\flexmark-ext-enumerated-reference\0.34.30\flexmark-ext-enumerated-reference-0.34.30.jar;C:\Users\Lenovo\.m2\repository\com\vladsch\flexmark\flexmark-ext-escaped-character\0.34.30\flexmark-ext-escaped-character-0.34.30.jar;C:\Users\Lenovo\.m2\repository\com\vladsch\flexmark\flexmark-ext-footnotes\0.34.30\flexmark-ext-footnotes-0.34.30.jar;C:\Users\Lenovo\.m2\repository\com\vladsch\flexmark\flexmark-ext-gfm-issues\0.34.30\flexmark-ext-gfm-issues-0.34.30.jar;C:\Users\Lenovo\.m2\repository\com\vladsch\flexmark\flexmark-ext-gfm-strikethrough\0.34.30\flexmark-ext-gfm-strikethrough-0.34.30.jar;C:\Users\Lenovo\.m2\repository\com\vladsch\flexmark\flexmark-ext-gfm-tables\0.34.30\flexmark-ext-gfm-tables-0.34.30.jar;C:\Users\Lenovo\.m2\repository\com\vladsch\flexmark\flexmark-ext-gfm-tasklist\0.34.30\flexmark-ext-gfm-tasklist-0.34.30.jar;C:\Users\Lenovo\.m2\repository\com\vladsch\flexmark\flexmark-ext-gfm-users\0.34.30\flexmark-ext-gfm-users-0.34.30.jar;C:\Users\Lenovo\.m2\repository\com\vladsch\flexmark\flexmark-ext-gitlab\0.34.30\flexmark-ext-gitlab-0.34.30.jar;C:\Users\Lenovo\.m2\repository\com\vladsch\flexmark\flexmark-ext-jekyll-front-matter\0.34.30\flexmark-ext-jekyll-front-matter-0.34.30.jar;C:\Users\Lenovo\.m2\repository\com\vladsch\flexmark\flexmark-ext-jekyll-tag\0.34.30\flexmark-ext-jekyll-tag-0.34.30.jar;C:\Users\Lenovo\.m2\repository\com\vladsch\flexmark\flexmark-ext-media-tags\0.34.30\flexmark-ext-media-tags-0.34.30.jar;C:\Users\Lenovo\.m2\repository\com\vladsch\flexmark\flexmark-test-util\0.34.30\flexmark-test-util-0.34.30.jar;C:\Users\Lenovo\.m2\repository\com\vladsch\flexmark\flexmark-ext-ins\0.34.30\flexmark-ext-ins-0.34.30.jar;C:\Users\Lenovo\.m2\repository\com\vladsch\flexmark\flexmark-ext-xwiki-macros\0.34.30\flexmark-ext-xwiki-macros-0.34.30.jar;C:\Users\Lenovo\.m2\repository\com\vladsch\flexmark\flexmark-ext-superscript\0.34.30\flexmark-ext-superscript-0.34.30.jar;C:\Users\Lenovo\.m2\repository\com\vladsch\flexmark\flexmark-ext-tables\0.34.30\flexmark-ext-tables-0.34.30.jar;C:\Users\Lenovo\.m2\repository\com\vladsch\flexmark\flexmark-ext-toc\0.34.30\flexmark-ext-toc-0.34.30.jar;C:\Users\Lenovo\.m2\repository\com\vladsch\flexmark\flexmark-ext-typographic\0.34.30\flexmark-ext-typographic-0.34.30.jar;C:\Users\Lenovo\.m2\repository\com\vladsch\flexmark\flexmark-ext-wikilink\0.34.30\flexmark-ext-wikilink-0.34.30.jar;C:\Users\Lenovo\.m2\repository\com\vladsch\flexmark\flexmark-ext-yaml-front-matter\0.34.30\flexmark-ext-yaml-front-matter-0.34.30.jar;C:\Users\Lenovo\.m2\repository\com\vladsch\flexmark\flexmark-ext-youtube-embedded\0.34.30\flexmark-ext-youtube-embedded-0.34.30.jar;C:\Users\Lenovo\.m2\repository\com\vladsch\flexmark\flexmark-formatter\0.34.30\flexmark-formatter-0.34.30.jar;C:\Users\Lenovo\.m2\repository\com\vladsch\flexmark\flexmark-html-parser\0.34.30\flexmark-html-parser-0.34.30.jar;C:\Users\Lenovo\.m2\repository\com\vladsch\flexmark\flexmark-jira-converter\0.34.30\flexmark-jira-converter-0.34.30.jar;C:\Users\Lenovo\.m2\repository\com\vladsch\flexmark\flexmark-pdf-converter\0.34.30\flexmark-pdf-converter-0.34.30.jar;C:\Users\Lenovo\.m2\repository\com\openhtmltopdf\openhtmltopdf-core\0.0.1-RC13\openhtmltopdf-core-0.0.1-RC13.jar;C:\Users\Lenovo\.m2\repository\com\openhtmltopdf\openhtmltopdf-pdfbox\0.0.1-RC13\openhtmltopdf-pdfbox-0.0.1-RC13.jar;C:\Users\Lenovo\.m2\repository\org\apache\pdfbox\pdfbox\2.0.8\pdfbox-2.0.8.jar;C:\Users\Lenovo\.m2\repository\org\apache\pdfbox\fontbox\2.0.8\fontbox-2.0.8.jar;C:\Users\Lenovo\.m2\repository\org\apache\pdfbox\xmpbox\2.0.8\xmpbox-2.0.8.jar;C:\Users\Lenovo\.m2\repository\de\rototor\pdfbox\graphics2d\0.12\graphics2d-0.12.jar;C:\Users\Lenovo\.m2\repository\com\openhtmltopdf\openhtmltopdf-rtl-support\0.0.1-RC13\openhtmltopdf-rtl-support-0.0.1-RC13.jar;C:\Users\Lenovo\.m2\repository\com\ibm\icu\icu4j\59.1\icu4j-59.1.jar;C:\Users\Lenovo\.m2\repository\com\openhtmltopdf\openhtmltopdf-jsoup-dom-converter\0.0.1-RC13\openhtmltopdf-jsoup-dom-converter-0.0.1-RC13.jar;C:\Users\Lenovo\.m2\repository\com\vladsch\flexmark\flexmark-profile-pegdown\0.34.30\flexmark-profile-pegdown-0.34.30.jar;C:\Users\Lenovo\.m2\repository\com\vladsch\flexmark\flexmark-util\0.34.30\flexmark-util-0.34.30.jar;C:\Users\Lenovo\.m2\repository\com\vladsch\flexmark\flexmark-youtrack-converter\0.34.30\flexmark-youtrack-converter-0.34.30.jar;C:\Users\Lenovo\.m2\repository\es\nitaur\markdown\txtmark\0.16\txtmark-0.16.jar;C:\Users\Lenovo\.m2\repository\net\serenity-bdd\serenity-report-resources\3.5.1\serenity-report-resources-3.5.1.jar;C:\Users\Lenovo\.m2\repository\com\google\code\gson\gson\2.9.0\gson-2.9.0.jar;C:\Users\Lenovo\.m2\repository\com\fasterxml\jackson\core\jackson-core\2.13.4\jackson-core-2.13.4.jar;C:\Users\Lenovo\.m2\repository\com\fasterxml\jackson\core\jackson-databind\2.13.4\jackson-databind-2.13.4.jar;C:\Users\Lenovo\.m2\repository\com\fasterxml\jackson\core\jackson-annotations\2.13.4\jackson-annotations-2.13.4.jar;C:\Users\Lenovo\.m2\repository\commons-codec\commons-codec\1.15\commons-codec-1.15.jar;C:\Users\Lenovo\.m2\repository\commons-io\commons-io\2.11.0\commons-io-2.11.0.jar;C:\Users\Lenovo\.m2\repository\org\apache\httpcomponents\httpclient\4.5.13\httpclient-4.5.13.jar;C:\Users\Lenovo\.m2\repository\org\apache\httpcomponents\httpcore\4.4.13\httpcore-4.4.13.jar;C:\Users\Lenovo\.m2\repository\commons-logging\commons-logging\1.2\commons-logging-1.2.jar;C:\Users\Lenovo\.m2\repository\org\seleniumhq\selenium\selenium-java\4.7.1\selenium-java-4.7.1.jar;C:\Users\Lenovo\.m2\repository\org\seleniumhq\selenium\selenium-devtools-v106\4.7.1\selenium-devtools-v106-4.7.1.jar;C:\Users\Lenovo\.m2\repository\org\seleniumhq\selenium\selenium-devtools-v107\4.7.1\selenium-devtools-v107-4.7.1.jar;C:\Users\Lenovo\.m2\repository\org\seleniumhq\selenium\selenium-devtools-v108\4.7.1\selenium-devtools-v108-4.7.1.jar;C:\Users\Lenovo\.m2\repository\org\seleniumhq\selenium\selenium-devtools-v85\4.7.1\selenium-devtools-v85-4.7.1.jar;C:\Users\Lenovo\.m2\repository\org\seleniumhq\selenium\selenium-remote-driver\4.7.1\selenium-remote-driver-4.7.1.jar;C:\Users\Lenovo\.m2\repository\com\beust\jcommander\1.82\jcommander-1.82.jar;C:\Users\Lenovo\.m2\repository\io\netty\netty-buffer\4.1.84.Final\netty-buffer-4.1.84.Final.jar;C:\Users\Lenovo\.m2\repository\io\netty\netty-codec-http\4.1.84.Final\netty-codec-http-4.1.84.Final.jar;C:\Users\Lenovo\.m2\repository\io\netty\netty-codec\4.1.84.Final\netty-codec-4.1.84.Final.jar;C:\Users\Lenovo\.m2\repository\io\netty\netty-handler\4.1.84.Final\netty-handler-4.1.84.Final.jar;C:\Users\Lenovo\.m2\repository\io\netty\netty-common\4.1.84.Final\netty-common-4.1.84.Final.jar;C:\Users\Lenovo\.m2\repository\io\netty\netty-transport-classes-epoll\4.1.84.Final\netty-transport-classes-epoll-4.1.84.Final.jar;C:\Users\Lenovo\.m2\repository\io\netty\netty-transport-classes-kqueue\4.1.84.Final\netty-transport-classes-kqueue-4.1.84.Final.jar;C:\Users\Lenovo\.m2\repository\io\netty\netty-transport-native-epoll\4.1.84.Final\netty-transport-native-epoll-4.1.84.Final.jar;C:\Users\Lenovo\.m2\repository\io\netty\netty-transport-native-kqueue\4.1.84.Final\netty-transport-native-kqueue-4.1.84.Final.jar;C:\Users\Lenovo\.m2\repository\io\netty\netty-transport-native-unix-common\4.1.84.Final\netty-transport-native-unix-common-4.1.84.Final.jar;C:\Users\Lenovo\.m2\repository\io\netty\netty-transport\4.1.84.Final\netty-transport-4.1.84.Final.jar;C:\Users\Lenovo\.m2\repository\io\netty\netty-resolver\4.1.84.Final\netty-resolver-4.1.84.Final.jar;C:\Users\Lenovo\.m2\repository\io\opentelemetry\opentelemetry-api\1.19.0\opentelemetry-api-1.19.0.jar;C:\Users\Lenovo\.m2\repository\io\opentelemetry\opentelemetry-context\1.19.0\opentelemetry-context-1.19.0.jar;C:\Users\Lenovo\.m2\repository\io\opentelemetry\opentelemetry-exporter-logging\1.19.0\opentelemetry-exporter-logging-1.19.0.jar;C:\Users\Lenovo\.m2\repository\io\opentelemetry\opentelemetry-sdk-metrics\1.19.0\opentelemetry-sdk-metrics-1.19.0.jar;C:\Users\Lenovo\.m2\repository\io\opentelemetry\opentelemetry-sdk-logs\1.19.0-alpha\opentelemetry-sdk-logs-1.19.0-alpha.jar;C:\Users\Lenovo\.m2\repository\io\opentelemetry\opentelemetry-api-logs\1.19.0-alpha\opentelemetry-api-logs-1.19.0-alpha.jar;C:\Users\Lenovo\.m2\repository\io\opentelemetry\opentelemetry-sdk-common\1.19.0\opentelemetry-sdk-common-1.19.0.jar;C:\Users\Lenovo\.m2\repository\io\opentelemetry\opentelemetry-sdk-extension-autoconfigure-spi\1.19.0\opentelemetry-sdk-extension-autoconfigure-spi-1.19.0.jar;C:\Users\Lenovo\.m2\repository\io\opentelemetry\opentelemetry-sdk-extension-autoconfigure\1.19.0-alpha\opentelemetry-sdk-extension-autoconfigure-1.19.0-alpha.jar;C:\Users\Lenovo\.m2\repository\io\opentelemetry\opentelemetry-exporter-common\1.19.0\opentelemetry-exporter-common-1.19.0.jar;C:\Users\Lenovo\.m2\repository\io\opentelemetry\opentelemetry-sdk-trace\1.19.0\opentelemetry-sdk-trace-1.19.0.jar;C:\Users\Lenovo\.m2\repository\io\opentelemetry\opentelemetry-sdk\1.19.0\opentelemetry-sdk-1.19.0.jar;C:\Users\Lenovo\.m2\repository\io\opentelemetry\opentelemetry-semconv\1.19.0-alpha\opentelemetry-semconv-1.19.0-alpha.jar;C:\Users\Lenovo\.m2\repository\io\ous\jtoml\2.0.0\jtoml-2.0.0.jar;C:\Users\Lenovo\.m2\repository\org\apache\commons\commons-exec\1.3\commons-exec-1.3.jar;C:\Users\Lenovo\.m2\repository\org\asynchttpclient\async-http-client\2.12.3\async-http-client-2.12.3.jar;C:\Users\Lenovo\.m2\repository\org\asynchttpclient\async-http-client-netty-utils\2.12.3\async-http-client-netty-utils-2.12.3.jar;C:\Users\Lenovo\.m2\repository\io\netty\netty-codec-socks\4.1.60.Final\netty-codec-socks-4.1.60.Final.jar;C:\Users\Lenovo\.m2\repository\io\netty\netty-handler-proxy\4.1.60.Final\netty-handler-proxy-4.1.60.Final.jar;C:\Users\Lenovo\.m2\repository\io\netty\netty-transport-native-epoll\4.1.60.Final\netty-transport-native-epoll-4.1.60.Final-linux-x86_64.jar;C:\Users\Lenovo\.m2\repository\io\netty\netty-transport-native-kqueue\4.1.60.Final\netty-transport-native-kqueue-4.1.60.Final-osx-x86_64.jar;C:\Users\Lenovo\.m2\repository\org\reactivestreams\reactive-streams\1.0.3\reactive-streams-1.0.3.jar;C:\Users\Lenovo\.m2\repository\com\typesafe\netty\netty-reactive-streams\2.0.4\netty-reactive-streams-2.0.4.jar;C:\Users\Lenovo\.m2\repository\org\seleniumhq\selenium\selenium-manager\4.7.1\selenium-manager-4.7.1.jar;C:\Users\Lenovo\.m2\repository\org\seleniumhq\selenium\selenium-safari-driver\4.7.1\selenium-safari-driver-4.7.1.jar;C:\Users\Lenovo\.m2\repository\org\seleniumhq\selenium\selenium-api\4.7.1\selenium-api-4.7.1.jar;C:\Users\Lenovo\.m2\repository\org\seleniumhq\selenium\selenium-support\4.7.1\selenium-support-4.7.1.jar;C:\Users\Lenovo\.m2\repository\com\google\auto\service\auto-service-annotations\1.0.1\auto-service-annotations-1.0.1.jar;C:\Users\Lenovo\.m2\repository\com\google\auto\service\auto-service\1.0.1\auto-service-1.0.1.jar;C:\Users\Lenovo\.m2\repository\com\google\auto\auto-common\1.2\auto-common-1.2.jar;C:\Users\Lenovo\.m2\repository\org\seleniumhq\selenium\selenium-json\4.7.1\selenium-json-4.7.1.jar;C:\Users\Lenovo\.m2\repository\org\seleniumhq\selenium\selenium-chrome-driver\4.7.1\selenium-chrome-driver-4.7.1.jar;C:\Users\Lenovo\.m2\repository\org\seleniumhq\selenium\selenium-chromium-driver\4.7.1\selenium-chromium-driver-4.7.1.jar;C:\Users\Lenovo\.m2\repository\org\seleniumhq\selenium\selenium-firefox-driver\4.7.1\selenium-firefox-driver-4.7.1.jar;C:\Users\Lenovo\.m2\repository\org\seleniumhq\selenium\selenium-http\4.7.1\selenium-http-4.7.1.jar;C:\Users\Lenovo\.m2\repository\dev\failsafe\failsafe\3.3.0\failsafe-3.3.0.jar;C:\Users\Lenovo\.m2\repository\org\seleniumhq\selenium\selenium-edge-driver\4.7.1\selenium-edge-driver-4.7.1.jar;C:\Users\Lenovo\.m2\repository\org\seleniumhq\selenium\selenium-ie-driver\4.7.1\selenium-ie-driver-4.7.1.jar;C:\Users\Lenovo\.m2\repository\org\projectlombok\lombok\1.18.20\lombok-1.18.20.jar;C:\Users\Lenovo\.m2\repository\io\appium\java-client\8.3.0\java-client-8.3.0.jar;C:\Users\Lenovo\.m2\repository\commons-validator\commons-validator\1.7\commons-validator-1.7.jar;C:\Users\Lenovo\.m2\repository\commons-digester\commons-digester\2.1\commons-digester-2.1.jar;C:\Users\Lenovo\.m2\repository\org\apache\groovy\groovy\4.0.6\groovy-4.0.6.jar;C:\Users\Lenovo\.m2\repository\net\sf\opencsv\opencsv\2.0\opencsv-2.0.jar;C:\Users\Lenovo\.m2\repository\commons-beanutils\commons-beanutils\1.9.4\commons-beanutils-1.9.4.jar;C:\Users\Lenovo\.m2\repository\org\apache\commons\commons-lang3\3.12.0\commons-lang3-3.12.0.jar;C:\Users\Lenovo\.m2\repository\commons-collections\commons-collections\3.2.2\commons-collections-3.2.2.jar;C:\Users\Lenovo\.m2\repository\org\fluentlenium\fluentlenium-core\0.10.2\fluentlenium-core-0.10.2.jar;C:\Users\Lenovo\.m2\repository\io\github\bonigarcia\webdrivermanager\5.3.0\webdrivermanager-5.3.0.jar;C:\Users\Lenovo\.m2\repository\com\github\docker-java\docker-java\3.2.13\docker-java-3.2.13.jar;C:\Users\Lenovo\.m2\repository\com\github\docker-java\docker-java-core\3.2.13\docker-java-core-3.2.13.jar;C:\Users\Lenovo\.m2\repository\com\github\docker-java\docker-java-api\3.2.13\docker-java-api-3.2.13.jar;C:\Users\Lenovo\.m2\repository\org\apache\commons\commons-compress\1.21\commons-compress-1.21.jar;C:\Users\Lenovo\.m2\repository\org\bouncycastle\bcpkix-jdk15on\1.64\bcpkix-jdk15on-1.64.jar;C:\Users\Lenovo\.m2\repository\org\bouncycastle\bcprov-jdk15on\1.64\bcprov-jdk15on-1.64.jar;C:\Users\Lenovo\.m2\repository\org\slf4j\jcl-over-slf4j\1.7.30\jcl-over-slf4j-1.7.30.jar;C:\Users\Lenovo\.m2\repository\com\github\docker-java\docker-java-transport-httpclient5\3.2.13\docker-java-transport-httpclient5-3.2.13.jar;C:\Users\Lenovo\.m2\repository\com\github\docker-java\docker-java-transport\3.2.13\docker-java-transport-3.2.13.jar;C:\Users\Lenovo\.m2\repository\net\java\dev\jna\jna\5.8.0\jna-5.8.0.jar;C:\Users\Lenovo\.m2\repository\org\brotli\dec\0.1.2\dec-0.1.2.jar;C:\Users\Lenovo\.m2\repository\org\apache\httpcomponents\client5\httpclient5\5.1.3\httpclient5-5.1.3.jar;C:\Users\Lenovo\.m2\repository\org\apache\httpcomponents\core5\httpcore5\5.1.3\httpcore5-5.1.3.jar;C:\Users\Lenovo\.m2\repository\org\apache\httpcomponents\core5\httpcore5-h2\5.1.3\httpcore5-h2-5.1.3.jar;C:\Users\Lenovo\.m2\repository\com\jhlabs\filters\2.0.235\filters-2.0.235.jar;C:\Users\Lenovo\.m2\repository\com\paulhammant\ngwebdriver\1.1.6\ngwebdriver-1.1.6.jar;C:\Users\Lenovo\.m2\repository\joda-time\joda-time\2.8.2\joda-time-2.8.2.jar;C:\Users\Lenovo\.m2\repository\com\google\jimfs\jimfs\1.2\jimfs-1.2.jar;C:\Users\Lenovo\.m2\repository\org\mockito\mockito-core\3.3.3\mockito-core-3.3.3.jar;C:\Users\Lenovo\.m2\repository\javax\xml\bind\jaxb-api\2.3.1\jaxb-api-2.3.1.jar;C:\Users\Lenovo\.m2\repository\javax\activation\javax.activation-api\1.2.0\javax.activation-api-1.2.0.jar;C:\Users\Lenovo\.m2\repository\com\sun\xml\bind\jaxb-core\2.3.0.1\jaxb-core-2.3.0.1.jar;C:\Users\Lenovo\.m2\repository\com\sun\xml\bind\jaxb-impl\2.3.3\jaxb-impl-2.3.3.jar;C:\Users\Lenovo\.m2\repository\jakarta\xml\bind\jakarta.xml.bind-api\2.3.3\jakarta.xml.bind-api-2.3.3.jar;C:\Users\Lenovo\.m2\repository\com\sun\activation\jakarta.activation\1.2.2\jakarta.activation-1.2.2.jar;C:\Users\Lenovo\.m2\repository\javax\activation\activation\1.1.1\activation-1.1.1.jar;C:\Users\Lenovo\.m2\repository\net\serenity-bdd\serenity-cucumber\3.5.1\serenity-cucumber-3.5.1.jar;C:\Users\Lenovo\.m2\repository\io\cucumber\cucumber-core\7.8.1\cucumber-core-7.8.1.jar;C:\Users\Lenovo\.m2\repository\io\cucumber\cucumber-gherkin\7.8.1\cucumber-gherkin-7.8.1.jar;C:\Users\Lenovo\.m2\repository\io\cucumber\cucumber-gherkin-messages\7.8.1\cucumber-gherkin-messages-7.8.1.jar;C:\Users\Lenovo\.m2\repository\io\cucumber\gherkin\24.0.0\gherkin-24.0.0.jar;C:\Users\Lenovo\.m2\repository\io\cucumber\messages\19.1.4\messages-19.1.4.jar;C:\Users\Lenovo\.m2\repository\io\cucumber\tag-expressions\4.1.0\tag-expressions-4.1.0.jar;C:\Users\Lenovo\.m2\repository\io\cucumber\cucumber-expressions\16.0.0\cucumber-expressions-16.0.0.jar;C:\Users\Lenovo\.m2\repository\io\cucumber\datatable\7.8.1\datatable-7.8.1.jar;C:\Users\Lenovo\.m2\repository\io\cucumber\cucumber-plugin\7.8.1\cucumber-plugin-7.8.1.jar;C:\Users\Lenovo\.m2\repository\io\cucumber\docstring\7.8.1\docstring-7.8.1.jar;C:\Users\Lenovo\.m2\repository\io\cucumber\html-formatter\20.1.0\html-formatter-20.1.0.jar;C:\Users\Lenovo\.m2\repository\io\cucumber\ci-environment\9.1.0\ci-environment-9.1.0.jar;C:\Users\Lenovo\.m2\repository\io\cucumber\cucumber-java\7.8.1\cucumber-java-7.8.1.jar;C:\Users\Lenovo\.m2\repository\io\cucumber\cucumber-junit\7.8.1\cucumber-junit-7.8.1.jar;C:\Users\Lenovo\.m2\repository\org\apache\commons\commons-csv\1.5\commons-csv-1.5.jar;C:\Users\Lenovo\.m2\repository\net\serenity-bdd\serenity-screenplay\3.5.1\serenity-screenplay-3.5.1.jar;C:\Users\Lenovo\.m2\repository\net\serenity-bdd\serenity-screenplay-webdriver\3.5.1\serenity-screenplay-webdriver-3.5.1.jar;C:\Users\Lenovo\.m2\repository\net\serenity-bdd\serenity-ensure\3.5.1\serenity-ensure-3.5.1.jar;C:\Users\Lenovo\.m2\repository\net\serenity-bdd\serenity-junit\3.5.1\serenity-junit-3.5.1.jar;C:\Users\Lenovo\.m2\repository\org\jetbrains\kotlin\kotlin-stdlib\1.7.21\kotlin-stdlib-1.7.21.jar;C:\Users\Lenovo\.m2\repository\org\jetbrains\kotlin\kotlin-stdlib-common\1.7.21\kotlin-stdlib-common-1.7.21.jar;C:\Users\Lenovo\.m2\repository\org\jetbrains\annotations\13.0\annotations-13.0.jar;C:\Users\Lenovo\.m2\repository\org\junit\platform\junit-platform-launcher\1.8.2\junit-platform-launcher-1.8.2.jar;C:\Users\Lenovo\.m2\repository\org\junit\platform\junit-platform-engine\1.8.2\junit-platform-engine-1.8.2.jar;C:\Users\Lenovo\.m2\repository\org\junit\platform\junit-platform-commons\1.8.2\junit-platform-commons-1.8.2.jar;C:\Users\Lenovo\.m2\repository\org\apiguardian\apiguardian-api\1.1.2\apiguardian-api-1.1.2.jar;C:\Users\Lenovo\.m2\repository\org\junit\jupiter\junit-jupiter-engine\5.8.2\junit-jupiter-engine-5.8.2.jar;C:\Users\Lenovo\.m2\repository\org\junit\jupiter\junit-jupiter-api\5.8.2\junit-jupiter-api-5.8.2.jar;C:\Users\Lenovo\.m2\repository\org\junit\vintage\junit-vintage-engine\5.8.2\junit-vintage-engine-5.8.2.jar;C:\Users\Lenovo\.m2\repository\ch\qos\logback\logback-classic\1.2.10\logback-classic-1.2.10.jar;C:\Users\Lenovo\.m2\repository\ch\qos\logback\logback-core\1.2.10\logback-core-1.2.10.jar;C:\Users\Lenovo\.m2\repository\org\slf4j\slf4j-api\1.7.32\slf4j-api-1.7.32.jar;C:\Users\Lenovo\.m2\repository\org\assertj\assertj-core\3.23.1\assertj-core-3.23.1.jar;C:\Users\Lenovo\.m2\repository\net\bytebuddy\byte-buddy\1.12.10\byte-buddy-1.12.10.jar;C:\Users\Lenovo\.m2\repository\junit\junit\4.13.2\junit-4.13.2.jar;C:\Users\Lenovo\.m2\repository\org\hamcrest\hamcrest-core\1.3\hamcrest-core-1.3.jar;C:\Users\Lenovo\.m2\repository\net\serenity-bdd\serenity-rest-assured\3.5.1\serenity-rest-assured-3.5.1.jar;C:\Users\Lenovo\.m2\repository\org\apache\groovy\groovy-json\4.0.6\groovy-json-4.0.6.jar;C:\Users\Lenovo\.m2\repository\org\apache\groovy\groovy-xml\4.0.6\groovy-xml-4.0.6.jar;C:\Users\Lenovo\.m2\repository\org\opentest4j\opentest4j\1.2.0\opentest4j-1.2.0.jar;C:\Users\Lenovo\.m2\repository\io\rest-assured\rest-assured\5.2.0\rest-assured-5.2.0.jar;C:\Users\Lenovo\.m2\repository\org\apache\httpcomponents\httpmime\4.5.13\httpmime-4.5.13.jar;C:\Users\Lenovo\.m2\repository\org\ccil\cowan\tagsoup\tagsoup\1.2.1\tagsoup-1.2.1.jar;C:\Users\Lenovo\.m2\repository\io\rest-assured\json-path\5.2.0\json-path-5.2.0.jar;C:\Users\Lenovo\.m2\repository\io\rest-assured\rest-assured-common\5.2.0\rest-assured-common-5.2.0.jar;C:\Users\Lenovo\.m2\repository\io\rest-assured\xml-path\5.2.0\xml-path-5.2.0.jar;C:\Users\Lenovo\.m2\repository\org\json\json\20230227\json-20230227.jar;C:\Users\Lenovo\.m2\repository\org\hamcrest\hamcrest\2.2\hamcrest-2.2.jar;C:\Users\Lenovo\.m2\repository\org\apache\maven\surefire\surefire-junit-platform\3.0.0-M5\surefire-junit-platform-3.0.0-M5.jar;C:\Users\Lenovo\.m2\repository\org\apache\maven\surefire\common-java5\3.0.0-M5\common-java5-3.0.0-M5.jar"/>
    <property name="user.script" value=""/>
    <property name="sun.management.compiler" value="HotSpot 64-Bit Tiered Compilers"/>
    <property name="java.runtime.version" value="14.0.2+12-46"/>
    <property name="user.name" value="Lenovo"/>
    <property name="path.separator" value=";"/>
    <property name="os.version" value="10.0"/>
    <property name="java.runtime.name" value="Java(TM) SE Runtime Environment"/>
    <property name="file.encoding" value="Cp1252"/>
    <property name="java.vm.name" value="Java HotSpot(TM) 64-Bit Server VM"/>
    <property name="localRepository" value="C:\Users\Lenovo\.m2\repository"/>
    <property name="java.vendor.url.bug" value="https://bugreport.java.com/bugreport/"/>
    <property name="java.io.tmpdir" value="C:\Users\Lenovo\AppData\Local\Temp\"/>
    <property name="java.version" value="14.0.2"/>
    <property name="user.dir" value="C:\Users\Lenovo\IdeaProjects\MiniProject\MiniprojectApi"/>
    <property name="os.arch" value="amd64"/>
    <property name="java.vm.specification.name" value="Java Virtual Machine Specification"/>
    <property name="sun.os.patch.level" value=""/>
    <property name="java.library.path" value="C:\Program Files\Java\jdk-14.0.2\bin;C:\WINDOWS\Sun\Java\bin;C:\WINDOWS\system32;C:\WINDOWS;C:\Program Files (x86)\Common Files\Intel\Shared Files\cpp\bin\Intel64;C:\WINDOWS\system32;C:\WINDOWS;C:\WINDOWS\System32\Wbem;C:\WINDOWS\System32\WindowsPowerShell\v1.0\;C:\WINDOWS\System32\OpenSSH\;C:\Program Files\Java\jdk-14.0.2\bin;C:\Program Files\Microsoft SQL Server\Client SDK\ODBC\170\Tools\Binn\;C:\Program Files (x86)\Microsoft SQL Server\150\Tools\Binn\;C:\Program Files\Microsoft SQL Server\150\Tools\Binn\;C:\Program Files\Microsoft SQL Server\150\DTS\Binn\;C:\Program Files (x86)\Microsoft SQL Server\150\DTS\Binn\;C:\Program Files\Azure Data Studio\bin;C:\Program Files\Git\cmd;C:\Program Files\nodejs\;D:\laragon\bin\php\php-7.4.19-Win32-vc15-x64;C:\Program Files\dotnet\;C:\Program Files\Microsoft SQL Server\130\Tools\Binn\;C:\Program Files (x86)\Microsoft SQL Server\110\DTS\Binn\;C:\Program Files (x86)\Microsoft SQL Server\120\DTS\Binn\;C:\Program Files (x86)\Microsoft SQL Server\130\DTS\Binn\;C:\Program Files (x86)\Microsoft SQL Server\140\DTS\Binn\;C:\Program Files (x86)\dotnet\;C:\xampp\php;C:\flutter\bin;C:\Program Files\k6\;C:\Program Files\PuTTY\;C:\Program Files\Docker\Docker\resources\bin;C:\Users\Lenovo\apache-maven-3.9.1-bin\apache-maven-3.9.1\bin;C:\Users\Lenovo\AppData\Local\Android\Sdk;C:\Users\Lenovo\AppData\Local\Android\Sdk\platform-tools;C:\Program Files\PowerShell\7\;C:\Users\Lenovo\AppData\Local\Microsoft\WindowsApps;C:\Program Files\Java\jdk-14.0.2\bin;C:\Program Files\Azure Data Studio\bin;C:\Users\Lenovo\AppData\Local\Programs\Microsoft VS Code\bin;C:\Users\Lenovo\anaconda3\Library\bin;C:\Users\Lenovo\anaconda3\Scripts;C:\Users\Lenovo\anaconda3\condabin;C:\Users\Lenovo\AppData\Roaming\npm;D:\laragon\bin\php\php-7.4.19-Win32-vc15-x64;C:\Users\Lenovo\AppData\Local\ComposerSetup\bin;C:\Users\Lenovo\AppData\Roaming\Composer\vendor\bin;C:\Users\Lenovo\.dotnet\tools;C:\Users\Lenovo\Downloads\flutter_windows_3.3.0-stable\flutter\bin;C:\Program Files\JetBrains\IntelliJ IDEA Community Edition 2022.3.2\bin;;;."/>
    <property name="java.vm.info" value="mixed mode"/>
    <property name="java.vendor" value="Oracle Corporation"/>
    <property name="java.vm.version" value="14.0.2+12-46"/>
    <property name="sun.io.unicode.encoding" value="UnicodeLittle"/>
    <property name="java.class.version" value="58.0"/>
  </properties>
  <testcase name="GET - As admin I can get all product data" classname="User" time="9.185">
    <system-out><![CDATA[05:47:07.599 [main] DEBUG net.thucydides.core.guice.Injectors - Created injector for module net.thucydides.core.guice.ThucydidesModule
05:47:09.322 [main] INFO io.cucumber.core.plugin.SerenityReporter - Running feature from file:///C:/Users/Lenovo/IdeaProjects/MiniProject/MiniprojectApi/src/test/resources/api/user.feature
05:47:09.322 [main] WARN io.cucumber.core.plugin.SerenityReporter - Feature from file:///C:/Users/Lenovo/IdeaProjects/MiniProject/MiniprojectApi/src/test/resources/api/user.feature is not under the 'features' directory. Requirements report will not be correctly generated!
05:47:09.683 [main] DEBUG net.thucydides.core.guice.Injectors - Created injector for module net.thucydides.core.guice.webdriver.WebDriverModule
05:47:09.710 [main] INFO  - 

-------------------------------------------------------------------------------------
     _______. _______ .______       _______ .__   __.  __  .___________.____    ____ 
    /       ||   ____||   _  \     |   ____||  \ |  | |  | |           |\   \  /   / 
   |   (----`|  |__   |  |_)  |    |  |__   |   \|  | |  | `---|  |----` \   \/   /  
    \   \    |   __|  |      /     |   __|  |  . `  | |  |     |  |       \_    _/   
.----)   |   |  |____ |  |\  \----.|  |____ |  |\   | |  |     |  |         |  |     
|_______/    |_______|| _| `._____||_______||__| \__| |__|     |__|         |__|    
                                                                                     
 News and tutorials at http://www.serenity-bdd.info                                  
 Documentation at https://wakaleo.gitbooks.io/the-serenity-book/content/             
 Join the Serenity Community on Gitter: https://gitter.im/serenity-bdd/serenity-core 
 Serenity BDD Support and Training at http://serenity-bdd.info/#/trainingandsupport  
-------------------------------------------------------------------------------------

05:47:09.715 [main] DEBUG net.thucydides.core.steps.StepEventBus - Test suite started for story net.thucydides.core.model.Story@a39b15ff
05:47:09.723 [main] INFO  - Test Suite Started: User
05:47:09.838 [main] INFO io.cucumber.core.plugin.SerenityReporter - Running feature from file:///C:/Users/Lenovo/IdeaProjects/MiniProject/MiniprojectApi/src/test/resources/api/user.feature
05:47:09.838 [main] WARN io.cucumber.core.plugin.SerenityReporter - Feature from file:///C:/Users/Lenovo/IdeaProjects/MiniProject/MiniprojectApi/src/test/resources/api/user.feature is not under the 'features' directory. Requirements report will not be correctly generated!
05:47:09.850 [main] DEBUG net.thucydides.core.steps.StepEventBus - Test suite started for story net.thucydides.core.model.Story@a39b15ff
05:47:09.851 [main] INFO  - Test Suite Started: User

@TC-oo1
Scenario: GET - As admin I can get all product data &amp#27;[90m# src/test/resources/api/user.feature:8&amp#27;[0m
05:47:10.165 [main] INFO io.cucumber.core.plugin.SerenityReporter - Running feature from file:///C:/Users/Lenovo/IdeaProjects/MiniProject/MiniprojectApi/src/test/resources/api/user.feature
05:47:10.165 [main] WARN io.cucumber.core.plugin.SerenityReporter - Feature from file:///C:/Users/Lenovo/IdeaProjects/MiniProject/MiniprojectApi/src/test/resources/api/user.feature is not under the 'features' directory. Requirements report will not be correctly generated!
05:47:10.388 [main] INFO  - 
  _____   ___   ___   _____     ___   _____     _     ___   _____   ___   ___  
 |_   _| | __| / __| |_   _|   / __| |_   _|   /_\   | _ \ |_   _| | __| |   \ 
   | |   | _|  \__ \   | |     \__ \   | |    / _ \  |   /   | |   | _|  | |) |
   |_|   |___| |___/   |_|     |___/   |_|   /_/ \_\ |_|_\   |_|   |___| |___/ 

GET - As admin I can get all product data(user;get---as-admin-i-can-get-all-product-data)
--------------------------------------------------------------------------------
05:47:11.783 [main] DEBUG net.thucydides.core.steps.StepInterceptor - STARTING STEP: UserSteps.iSetGETApiEndpoints - I set the GET api endpoints
05:47:11.792 [main] DEBUG net.thucydides.core.steps.StepInterceptor - STEP DONE: I set the GET api endpoints
  &amp#27;[32mGiven &amp#27;[0m&amp#27;[32mI set GET api endpoints&amp#27;[0m                     &amp#27;[90m# starter.stepdefinitions.UserSteps.iSetGETApiEndpoints()&amp#27;[0m
05:47:11.824 [main] DEBUG net.thucydides.core.steps.StepInterceptor - STARTING STEP: UserSteps.iSendGETHTTPRequest - I send HTTP GET request
05:47:14.497 [main] DEBUG net.thucydides.core.steps.StepInterceptor - STARTING STEP: GetAllProduct.iSendGETHTTPRequest - I set the GET api endpoints
05:47:14.498 [main] DEBUG net.thucydides.core.steps.StepInterceptor - STEP DONE: I set the GET api endpoints
05:47:15.810 [main] DEBUG org.apache.http.impl.conn.BasicClientConnectionManager - Get connection for route {s}->https://altashop-api.fly.dev:443
05:47:15.950 [main] DEBUG org.apache.http.impl.conn.DefaultClientConnectionOperator - Connecting to altashop-api.fly.dev:443
05:47:16.654 [main] DEBUG org.apache.http.client.protocol.RequestAddCookies - CookieSpec selected: ignoreCookies
05:47:16.657 [main] DEBUG org.apache.http.client.protocol.RequestAuthCache - Auth cache not set in the context
05:47:16.657 [main] DEBUG org.apache.http.client.protocol.RequestTargetAuthentication - Target auth state: UNCHALLENGED
05:47:16.658 [main] DEBUG org.apache.http.client.protocol.RequestProxyAuthentication - Proxy auth state: UNCHALLENGED
05:47:16.658 [main] DEBUG org.apache.http.impl.client.DefaultHttpClient - Attempt 1 to execute request
05:47:16.658 [main] DEBUG org.apache.http.impl.conn.DefaultClientConnection - Sending request: GET /api/products HTTP/1.1
05:47:16.659 [main] DEBUG org.apache.http.wire -  >> "GET /api/products HTTP/1.1[\r][\n]"
05:47:16.661 [main] DEBUG org.apache.http.wire -  >> "Accept: */*[\r][\n]"
05:47:16.661 [main] DEBUG org.apache.http.wire -  >> "Host: altashop-api.fly.dev[\r][\n]"
05:47:16.661 [main] DEBUG org.apache.http.wire -  >> "Connection: Keep-Alive[\r][\n]"
05:47:16.661 [main] DEBUG org.apache.http.wire -  >> "User-Agent: Apache-HttpClient/4.5.13 (Java/14.0.2)[\r][\n]"
05:47:16.661 [main] DEBUG org.apache.http.wire -  >> "Accept-Encoding: gzip,deflate[\r][\n]"
05:47:16.661 [main] DEBUG org.apache.http.wire -  >> "[\r][\n]"
05:47:16.662 [main] DEBUG org.apache.http.headers - >> GET /api/products HTTP/1.1
05:47:16.662 [main] DEBUG org.apache.http.headers - >> Accept: */*
05:47:16.662 [main] DEBUG org.apache.http.headers - >> Host: altashop-api.fly.dev
05:47:16.662 [main] DEBUG org.apache.http.headers - >> Connection: Keep-Alive
05:47:16.662 [main] DEBUG org.apache.http.headers - >> User-Agent: Apache-HttpClient/4.5.13 (Java/14.0.2)
05:47:16.662 [main] DEBUG org.apache.http.headers - >> Accept-Encoding: gzip,deflate
05:47:17.078 [main] DEBUG org.apache.http.wire -  << "HTTP/1.1 200 OK[\r][\n]"
05:47:17.082 [main] DEBUG org.apache.http.wire -  << "content-type: application/json[\r][\n]"
05:47:17.082 [main] DEBUG org.apache.http.wire -  << "date: Mon, 08 May 2023 22:56:07 GMT[\r][\n]"
05:47:17.083 [main] DEBUG org.apache.http.wire -  << "transfer-encoding: chunked[\r][\n]"
05:47:17.084 [main] DEBUG org.apache.http.wire -  << "content-encoding: gzip[\r][\n]"
05:47:17.084 [main] DEBUG org.apache.http.wire -  << "server: Fly/3f2597ca (2023-05-03)[\r][\n]"
05:47:17.084 [main] DEBUG org.apache.http.wire -  << "via: 1.1 fly.io[\r][\n]"
05:47:17.084 [main] DEBUG org.apache.http.wire -  << "fly-request-id: 01GZYS8JVCS703XDJ39S5R8DFW-sin[\r][\n]"
05:47:17.085 [main] DEBUG org.apache.http.wire -  << "[\r][\n]"
05:47:17.087 [main] DEBUG org.apache.http.impl.conn.DefaultClientConnection - Receiving response: HTTP/1.1 200 OK
05:47:17.087 [main] DEBUG org.apache.http.headers - << HTTP/1.1 200 OK
05:47:17.087 [main] DEBUG org.apache.http.headers - << content-type: application/json
05:47:17.087 [main] DEBUG org.apache.http.headers - << date: Mon, 08 May 2023 22:56:07 GMT
05:47:17.087 [main] DEBUG org.apache.http.headers - << transfer-encoding: chunked
05:47:17.088 [main] DEBUG org.apache.http.headers - << content-encoding: gzip
05:47:17.088 [main] DEBUG org.apache.http.headers - << server: Fly/3f2597ca (2023-05-03)
05:47:17.088 [main] DEBUG org.apache.http.headers - << via: 1.1 fly.io
05:47:17.088 [main] DEBUG org.apache.http.headers - << fly-request-id: 01GZYS8JVCS703XDJ39S5R8DFW-sin
05:47:17.106 [main] DEBUG org.apache.http.impl.client.DefaultHttpClient - Connection can be kept alive indefinitely
05:47:17.124 [main] DEBUG io.restassured.internal.RestAssuredHttpBuilder - Parsing response as: application/json
05:47:17.126 [main] DEBUG org.apache.http.wire -  << "576[\r][\n]"
05:47:17.127 [main] DEBUG org.apache.http.wire -  << "[0x1f][0x8b][0x8][0x0][0x0][0x0][0x0][0x0][0x4][0xff][0xaa]VJI,IT[0xb2][0x8a][0xae]V[0xf2]tQ[0xb2]241[0xb1]0[0xd2]Q[0xf2]K[0xcc]MU[0xb2]RJI-N.[0xca],([0xc9][0xcc][0xcf]S[0xd2]QrA[0xe2]Y))[0xe9]([0x5][0x14]e&[0xa7]*Y[0x19][0xe8]([0x5]%[0x96]d[0xe6][0xa5][0x17]+Y[0x99][0xe8](9'[0x96][0xa4][0xa6][0xe7][0x17]e[0xa6][0x16]+YE[0xc7][0xd6][0xea] [0xc]6[0x86][0x1b][0xec]Y[0x90][0x91][0x9f][0x97][0xaa]`h[0xa8]`f[0xa2][0x90][0x9e][0x84]axANb[0xa5]BFb[0xb1]B^[0xbe]BNfnfI1[0xc2]:#KK$[0xb][0x8d][0xd0],[0x84][0xda]fdjb[0x8][0xb7][0xcd]=173/[0x1d][0xc3][0x12][0xb7][0xfc]"[0x85]t[0xb0][0x94]BAiQA~qj[0xb1]R-[0x8a][0x83]-[0xe0]F[0xb8][0x95][0x16][0xe5]e[0x96][0x94][0x16][0xa5]*[0x84][0xe4][0x17]`[0x9a][0x4][0x97]MI,[0xca]T[0xf0]J-H,JD[0xb8][0xd8][0xd0][0x4][0xd9][0xc5][0xa6]h.F[0xb1][0xd1][0x4]ncp~^[0xa5]B@[0xb0]![0x86]e[0xf8][0xc2][0xc6][0x4]%l[0xc][0xd1]l[0xa2]j[0xd8][0x98][0x12]v)"[0x4][0x90][0x93][0x88][0x1]-]e[0x6]w[0x15][0x15]c[0xc][0xdd][0xc5][0xc8]1f[0x89]Hf.a.[\n]"
05:47:17.128 [main] DEBUG org.apache.http.wire -  << "[0xbe][0xa5][0xe9][0xa9]y[\n]"
05:47:17.128 [main] DEBUG org.apache.http.wire -  << "!E[0x89][0x99][0xf8]r[0x8c][0xa1][0x91][0x81][0x81][0x1][0xbe]0A[0xb1][0x1][0x91][0x1f][0x13][0xf3][0x12][0xb3][0x15][0x12]+[0x13]s1[0x12]Eqiq[0xa9][0x2]H[0x1a][0x11][0xe6][0x96](i[0x1][0xaf][0x1f][0xcc][0xe1][0xa1][0x16][0xe1][0xe4][0x1f][0x81][0x99][0xe4][0x10]9[0x5]a<jR3[0xa6]a[0xa4][0x82][0xfc][0x1]-[0x90][0xb0];[0xf][0x97][0xa3][0xd0][0xfd]L[0xc5][0xf4]o[\n]"
05:47:17.129 [main] DEBUG org.apache.http.wire -  << "[0x8a]>[0xa8][0xa3]h[0x13][0xef][0xa6][0x6][0x88][0x94][0x5][0x8a]X[0xea][0xc7][0xbb][0xa9][0x1][0xad]S[0x96][0xa9][0x1][0xa2][0xc8][0xa7][0x91][0x1f],[0x10]e[0xb4]SQbrjNj[0x9]F[0xe6][0xf0]MLIU[0xc8]OS[0xc8][0xc8]L[0xcf]P(,M[0xcc][0xc9],[0xa9]T(HM,[0xca]A[0xae]V[0x8c][0x88][0xcb][0x90][0xc6][0xc6]f[0x18][0x85][0xb4])[0x86][0x95][0xf8][\n]"
05:47:17.129 [main] DEBUG org.apache.http.wire -  << "i[0xd4][\n]"
05:47:17.129 [main] DEBUG org.apache.http.wire -  << "[0xc]w[0x8d]illf[0x9][0xcf][0x98]%[0xa9][0xc5][0xa0]*V[0xa1][0xa0](?[0xa5]4[0x19][0xd3][0x8f]%[0x19][0x99][0xc5][\n]"
05:47:17.129 [main] DEBUG org.apache.http.wire -  << "[0x99][0xc5][\n]"
05:47:17.129 [main] DEBUG org.apache.http.wire -  << "%[0x19][0xa9]05[\n]"
05:47:17.129 [main] DEBUG org.apache.http.wire -  << "[0xa8][0xd5]7[0x96][0xda][0x1a]=[0xd7]"[0x8a][0x1d]ccsD[0xf2][0xa3][0x9a][0xdd][0x86]h[0xc5][0x1e][0xee][0xaa][0xd0][0xd8][0xd8][0x1c][0x91]8[0xa9]j?R[0xdb][0x1][0xaf][0xf5][0x88]H[0xa6][0xaa][0xf5][0xc8][0x89][0xc][0xaf][0xfd][0x88]2[0x99]f[0xf6][0xa3][0x97][0x8f]([0xd1][0x8f][0xc8]W4[0xb3][0x1f]_[0xd2]7[0xa7]A[0xd2]GO~[0xf8][0xfc]oa@[0xfd][0xac][0x87]n?[0xbe][0xec][0x87][0xd4][\n]"
05:47:17.130 [main] DEBUG org.apache.http.wire -  << "[0xa7]Y[0xf8][0xe3][0xf5]?[0xa2][0xe4][0x1e][0x18][0xfb][0x11][0xf9][0xcf]#@!7[0xb3]$[0x1f]{[0x19][[0x92]Z[0x94][0x94][0x98][0x99][0x8d]h[0x2][0x98][0x9a][0x99]#eq[0xbc]^Dd1[0xd2][0xda][0x15][0xe8][0xf9][0x96]z[0xed][\n]"
05:47:17.130 [main] DEBUG org.apache.http.wire -  << "cc[0xb]D[0xba][0x87][0xf6][0x0]([0xa9]\[0xf0][0xa5]0KD[0xc][0x7][0x4]+`[0xda][0x92][0x9e][0x98][0x9b][0xaa]`[0xaa]P\[0x92]X[0x84][0x8]][0xd4]V[0x1f][0xbe][0xc]l[0x89][0x88]@[0xba]4[0xc5][0x8d]M[0x90][0x9a]dT[0x8]:<)[0xc7][0x4][0xa9]iF/[0xbf]!"[0x8b][0xd6]~C[0xc4][@QbrIfrb[0x8e]Bx~~Jj[0x9e][0x82]w^fZ*F>t[0xcc][0xc9]L,VH+MOT(-[0xd1]C[0xa4][0x15]CP[0x84][0xc0]G[0x6][0xf0][0x86]'"'Rod[0x0][0xaf][0x85][0x88]\[0x6][0xb3][0xd0][0x88][0xe2][0xa1][0x8]|[0x16][0x1a]"[0xaa][0x13][0x98][0x85][0x94][0x8f]}[0xe0][0xb5][0x10][0xd1]|[0xa3][0x93][0x85][0x18][0x3][0x2][0xe6][0x18])[0x85][0xf8]V1^[0xaf]!RK@bN[0xa2]O[0xbe][0xf]h[0xac][0x5]ut[\n]"
05:47:17.130 [main] DEBUG org.apache.http.wire -  << "n[0x13][0x96][0xd1]#cc[0xa4][\n]"
05:47:17.130 [main] DEBUG org.apache.http.wire -  << "[0x2]O[0x11]fb[0x88]h[0x3][0x91][B[0xe2][0xf5][0x7]"[0x11][0xd2][0xc2]xP[0x6][0xda]C[0xa5]S[0xcf][0xc8][0xc4][0x8][0x91][0xe8]h[0xe2]#D[0x97][0x80]&[0xc6]#[0xca]X[0xba][0x5][0x18][0xa2][0xb0][0xa5][0x9b][0x95][0x88]|JM+[0xf1][0xe5]##[0xc4][0xa8][0x1c]5[0xad][0xc4][0x97][0xb7][0x8c][0x10]e[0x4][0x8d][0xeb]K#D.[0xa6]QC[0xd5][0xc4][0x18]Qy[0xd0]2[0xfc]`[0xcd]X[0xb]CD[0x12]qLNN-.[0x86][0x8c][0xe6][0xa3][0xcf][0x0][0x94][0xe4]+[0xa4][0xe6]e$[0xe6]%[0xa7]*$[0x16][0x80][0x86]S@L[0xe4][0x11]tc[0x13]cD[0x81]P[0x9c]Z[0x90][0x9a][0x82]YP'fV[0x82][0x4][0xa1][0x83][0x13]F[0xa6][0xc8][0xfd]c|[0x11]l[0x8c]([0xb]h[0x19]&H]b[0x13]P[0xbd][0x1]-P[0xa9][0xed][0x19][0xfa][0x17][0x3][0xc6][0x88]8[0xe][0x6][0xc7][0x8c][0x82]OfqI[0x11][0xb8]'[0x85]Z[0x95]B[0xa5]s [0xd2][\n]"
05:47:17.131 [main] DEBUG org.apache.http.wire -  << "y[0xe9][0xa9]I[0xa5][0xa0][0xf1]'[0xd2][0xa3][0xc]Q[0xc]@[0xcd][0x84]Z[0xa9][0xe0][0x94][0x98][0x93][0x88]9[0xab][0x2]U[0x84]j[0xb1]BRb^:x[0x8c][0xf]j[0xbf])[0xf1]I[0x6]Q&[0xd0]-[0xc9] Z[0x10]t[0xb3][0x12]Q[0x1e][0xd1][0xcb]J[0x13]D[0xf9][0x14]TZ\[0x92][0x99][0xc][0xeb]/8%b[0xce][0xba][0x85][0x96]([0xa4][0x16][0x15][0xe5][0x17])[0x14][0xa5]&[0x97][0x16]'[0xe6][0xa5]$[0xa6]*[0x14][0xe4][0x17][0x17]g[0xe6][0x96][0x16]+[0xe4][0xe6][0xe7][0x80][0xc6]9[0x13]S[0x15][0x8a]SS[0x14]2s[0xb]RS2[0xc9][0xeb]R M[0xff]![0xba]1>[0x99]y[0xa9]y[\n]"
05:47:17.131 [main] DEBUG org.apache.http.wire -  << "N[0xf9]%%9X[0xba]1[0xa5]%[\n]"
05:47:17.131 [main] DEBUG org.apache.http.wire -  << "[0x5][0xa9]E[0xc5][0x5][0x99][0xc9][0x99][0x89]%[0x99][0xc5][\n]"
05:47:17.131 [main] DEBUG org.apache.http.wire -  << ")[0xf9]9[0xf9]E[0xa9][\n]"
05:47:17.131 [main] DEBUG org.apache.http.wire -  << ")[0x99][0xc9]%[0x89][\n]"
05:47:17.132 [main] DEBUG org.apache.http.wire -  << "[0x5][0xf9]EE[0xf9][\n]"
05:47:17.132 [main] DEBUG org.apache.http.wire -  << "[0x99][0x5][0xc5][0xa5][0xb9][\n]"
05:47:17.132 [main] DEBUG org.apache.http.wire -  << "[0xa9][0x89]d[0xf5]rL[0xe8]_d[0x99] [0x9a]4[0xc1]9[0xa9][0xa9][0xd9][\n]"
05:47:17.132 [main] DEBUG org.apache.http.wire -  << "[0x90][0x10]p[0xcf][0xc9]/K[0x5][0x8d]}[0xa3][0xe6]t[0xff][0xb4][0xb4][0xcc][0xe4][0xcc][0xcc]b[0x85][0xe4][0xfc][0xbc][0xe2][0xd4][0xc2][0xd2][0xc4][0x92][0xd2]"[0x85][0xc4][0xbc][0xcc][0xdc]Lx[0xc4][0x14]+[0x94][0xe5][0xe7][0x94][0x16][0x94]$[0x96][0xa4]*[0xa4][0xa4][0xe6][0xa4][0xe6]e[0x96]d[0x92][0x17][0x18][0xf4]/[0xf2]L[0x10]E[0x9e]{~Qzj~i[0xb1]BPiRRj[0x91][0x82]3x[0x8c][0x3]-4R2K i[0xa0]4W![0x11][0x94]8[0xc0]I '1)[0xbf](3[0xbf]81W[0xa1][0xb0]4S!1'[0xb3][0xb0]43E[0xa1][0x98][0xdc]t[\n]"
05:47:17.132 [main] DEBUG org.apache.http.wire -  << "*[0x14][0x1][0x0][0x0][0x0][0xff][0xff]"
05:47:17.133 [main] DEBUG org.apache.http.wire -  << "[\r][\n]"
05:47:17.134 [main] DEBUG org.apache.http.wire -  << "596[\r][\n]"
05:47:17.135 [main] DEBUG org.apache.http.wire -  << "[0x82][0xcc][0xb6]#[0xd2][0xa9]{Qb^fI[0xaa][0x82]s~"[0xa8][0xa4]Eu[0x97]k[0x9][0xa8][0xaf][0x9d][0x99]X[0xa2][0x90][0x9f][0x9b][0x97]Y[0xac][0x90][0x9b][0x99][0x97][0x99][0x9b][0xa8][0x90]W[0x9a][X[0x9a][0x98][0xab]P\Z[0x9c][0x9c]Y@[0xae]k[0x10]Edpe^jQz&,;[0xe7]([0x4]gd[0x16]auMjq[0x9]<Ud&[0x95][0x16]+[0x14][0xe4]$&[0xa7]&[0x96]([0xa4][0x92][0x97]uA[0x5]:4H[0x14]h[0xd4][0x85]4EdE[0xb2][0x9a][0x87][0xc4][0xb6]RL[0x91][0xf2][0x1f]d>[0x1f]s[0x9c][\r][0xde]U%[0xb8][0xd6][0x1]_{[0xc8][0x94][0xfe][0xf9][0xc9][0x14][0x91][0x9f][0xe8]U[0xd3][0x98]"r[0xb][0xdd][0xac]Dd[0x9][0xba]Y[0x89]h5[0x90][0x95]:Q'[0x18][0xf1][0xa6][0x1a]Dc[0x81][0xc6]6[0x99]![0xda][0x8]P[0x9b]0[0x97][0x19][0xe0][0xcb][0x9][0xa8][0x3][0xcf][0xe8]~[0x82]u](_[0xf5]clb[0x86][0xe8][0xb3]@]J[0xab]<kFa)D|<[0x9b][0xd1][0xad][0x1c][0xa2][0xee][0xe4]8z<#w[0xc7][0xcc][0x10][0xc5][0xf][0xad][0xe3][0x9]Q[0xea]@m[0x1a][0xb4]i[0x17]QX[0xe1]t)b[0x80][0x1e]_-F[0xd5][0x1c][0x85]Q[0x9e]Q[0x12]~4[0x9c]}3AZp1[0x88][0xc2][0xcf][0x1c][0xa3][0xec][0xa4]U[0x89][0x84][0xb4][0xe8][0xc3]/[0xb1]8S[0xc1]%[0xb1]4O[0xc1]+[0xb5][0xa8][0x14]4[0xc1][0x8a][0xda][0xc][0x5][0xcb][0x97][0xa7][0xe6]%fg+[0x94][0xa4][0xe6]%[0xe6])[0xe4][0x96][0x16][0xe5][0xa6]"[0xcd][0x15][0x1a]Z[0xe2]_[0xe4][0x6]Kb[0x16][0x96][0x88]T[0x9b][0x9c][0x9f]W[0x92][0x9f][0xa1][0x9b][0x8c]XC[0x8a]>[0xea][0xe4][0x96]X[0x9c][0x91][0x99][0x9f][0x97][0x98][0x94][0x93][0x8a]:[0xd6][0x84][0xb4]`[0x4][0xec]6[0x84][0xdb][0xc1]K[0xa7][0x14][0xd2][0xf3][0x8b]R[0xb1][0xac][0x2][0x5][0xab][0xa5][0x92]?[0x10][0xe9][0x9c][0xb0]?0U [0xad]=561[0xa7][[0x89]mN[0xb7]r[0xd4][0x1c][0x11][0xcf][0xd0][0xdc]E[0xb3]tL[0xb7]v[0x8d][0x5][0xdd]Z[0xb][0x16][0x88][0x14][0x11][0xe1][0x94]_[0xa1][0x80]Y[0x86][0xd2][0xbf]d[0xb7]@[0xf4]:p[0xb8][0x89][0xf0][0xd2]Q[0xf4]:[0x1e]V,P[0xa3]-[0x87][0xb4]:pp[0xba][0x8f]n[0xe9][0x14]i[0x9d]2[0x8e][0x90]@[0xa4][0x1e][0xfa][0xb5][0xb5]-[0x11]-[0xe0][0xc1][0xe4]*DN[0xa3]q9[0x85][0xb4]H[0x6][0xfb][0x12][0xa4][0x81][0xcd]>[0x96][0x88][0x86]/v[0xe7][\r]H[0x9a]A[0xd4][0xb2][0xd8][0x1d]5[0xa0]a[0x86][0xbc]0[0x1c][0xbb][0xf3]p[0x85][0x19][\r][0xdb][0xb5][0xc8]k[0xc9]i[0x9b][0xa2][0x91]W|c[0xf7][0xfe][0x0][0xc7][0xe][0xa2][0xb1][0x83][0xdd]y[0xb8]b[0x87][0x86][0xb5][0x94][0xa9][0x1]"[0x9b][0xd1]:v([0xcf];[0xb4]L[0xa6]H[0xab][0xa4][0x6]O[0xec][0x18]"Zx[0xd8][0x1d]5[0xb0])[0xda][0x10]QYaw[0xde]@[0xa4]hCD[0xbb][0x90][0xc6])[0x1a]i[0xad][0x2][0xad]m[0xa2][.5[0xa4]W?[0xc9][0x14]i[0x85][0x1b][0x8d]C[0xf]i5[0x1a][0xad]mB[0xb4])im[0x13][0xdd]R[0xb9][0x11][0xa2][0xda][0xa2][0xb5][0x9f][0xe8][0x96][0xca][0xe9][0xb6]D[0xcb][0xd4][0x8]Q[0xeb][0xd1]:[0xf4][0xe8][0xd5][0x9f]3EZ[0x13]Fc?![0xad][0xe1][0xa2][0xb5]M[0x88][0x9c][0x8b][0xbd]*[0x1b][0xd8][0x9a][0xd6][0x18][0x91][0xdd][0xb1];o jZ[0xe4]u\4[0x9d]a65[0xa6][[0xc9]`[0x8c][0xa8][0xff]<[0x2][0x14][0x9c]A[0x8b]p2[0xb1]lP[0xc9]I-([0xc9]/P[0xc0][0xd8][0x1]d[0x9][0x2]HK[0xbc][0xd1][0x9b][0xee]H[0x93]H[0xa6][0xc6]T-[0x1a][0xd0]7[0xdc]#[0xdb][0x84][0xb4]Hj 6T![0x8f][0xa6]Q[0xcd]~|[0x13]H(~GdlBv#[0xf2][0x10]h[0xb7][0x1c][0x91][0xb1][0x88][0xb4][0xcc][0x89][0x90][0xf9]D[0xef][0x93][0x5]YO[0xb4][0xff][0x10]%[0x3]U[0xed]'[0xd6][0xfb][0x88][0x9c]IU[0xeb][0x89][0xf6]>"[0x13][0xd1][0xcc]~[0xf4]n'J[0xf2]B[0xd4][0xba]4[0xb3][0x1f]_![0x82][0xb4]`i`[0xec]G[0xf4]Pif?[0xfa]9+[0xc8][0xe1][0x8f][0xb4][0x9a][0x8a]f[0xf6][0xe3][\r]D[0x17]x`[0xec][0xa7]Q[0xf6]'6[0xff]!-[0xc4][0x1a][0x18][0xff]#[0xca][0x1f]X[0xb][0xd1][0xd4][0x94]FS{[0xa6][0xa6][0x88][0xc6][0x1]uW[0xe1][0x9b][0x9a]"[0x8a]1[0xcf][0xbc][0x92][0xd4][0x9c][0x9c][0xcc][0xf4][0xd4][0xbc][0x12][0x85][0xe0][0x92][0xd4]T[0xd0][0xea][0xc7]|,+f=S@[0xe7]I[0x14]g*[0xe4]%[0x96][0x94][0x16][0x83][0x16][0x84][0x82][0x88][0xc4]b[0xb2][0xd6][0xc4][0x9a][0x9a]"[0xca]1X8[0xd2]f[0xfd][0xa3])[0xe6]j,ZE[0x17][0xdd]VS[0x99][0xd2]m5[0x95])[0xdd][0xd6]8[0x81][0xf7][0xb2]C[0x97][0xc2][0xd2]:E [0x12][0xbf]k^~Q.hqt@N"x[0xf9][0xaf]sFb&h][0x7][0xea][0x2][0x90]0[0xc8]Bp[0xd0][0xa9]#%[0xa9][\n]"
05:47:17.136 [main] DEBUG org.apache.http.wire -  << "y[0xf9]y[0xa0]sG[0xca]2S@y&[0xb5][0x98][0xac][0xa5][0xbf][0xa6]H[0xeb]o\J[0x8b]@k<@[[0x9]r[0x14][0xb0][0xbb] [0x18][0xba][0xd4]Y[0xa1][0xb0]4_[0x1]i]vf[0x1e]9K[0xd2]M[0xe9][0xb6][0xcc][0xc6][0x14]i[0x99][\r][0x8d][0xa3][0x95]n[0xcb]HL[0xe9][0xb6][0x8c][0xc4][0x94]n[0xcb]HL[0x91][0xe]![0xa1]q<![0x1d]7[0x12][0x10]l[0x82]Y[0xea][0x17][0x9b]($%[0x16][0x95]"zG[0xc6][0xf8][0xd7]V!7[0xcf][0xe8][0xb6]D[0xc5][0x14][0xe9][0xd0][0x12]Z[0x87][0x17][0xa2][0xc9]Gk[0x9b][0x10][0x8d];Z[0xdb]D[0xb7]A^[0xb][0xcc][0x6][0x1b]f[0x92]#[0xfa][0x8]F|Ms[0xb]Dk[0x8d][0xd6][0xa1][0x87][0xa8][0xc0]hm[0x13][0xdd][0x9a]i[0x96][0xf4]Z[0xf8]i[0x8a][0xb4]<[0x88][0xc6][0xa1][0x87][0xb4][0xe4][0x87][0xd6]6[0xd1][0xad][0x8c][0xb0]D[0x94][0x11]T/[0xbd]-[0xe9]V* [0xad][0xf6][0xa1]u[0xcc][0xd0]+[0xaf][0x9a]![0x9d][0xd4][0xe3]Z[0x94][0x9e][0x9f][0x97][0x9f][0x9b][0x99][0xac][0xe0][0x98]S[0x9a][0x9b][0x99]W[0x9a][0x8b]u[0xdb][0x9f]ci[0x89]BRjbIb*|S[j[0xae]BnbEfn[0xaa]B^jn[0xbe]BfNNi.h[0xc3][0x1f][0xb8][0xef]GNS[0xd3][0xcc][0x80]^[0xc5][0xa2][0x99][0x1][0xbd][\n]"
05:47:17.187 [main] DEBUG org.apache.http.wire -  << "+[0xb3][0xc1][0xbd]N[0xc2]l0[0xae][0x93]0[0xa3][0xd7]:[0x9][0x13][0x13][0xa4][0xaa][0x84]V'q[0xd2]+[0xa5][0x99]"[0xed][0x17][0xa0]uAE/?[0x99]![0x9d][0xc5]J[?[0x99][0x19] *+Z[0xdb]D[0xaf][0xaa][0xcb][0xcc][0x90]^[\r]Z3[0xa4][0x15]3[0xd8]'[0x81][0x7]t[0x8e][0xda][0xc]i[0x99][\r]v[0xe7]!z[0x90]t[[0xe5]m[0x86]t,[0x14][0x8d]S[0x9c][0x11][0xa2][0xc9][0x17][0x10]lh@A[0xa7][0x6][0xfd]<#[0xf8][0xae][0x4][0xa4]j[0xe]rx<[0x86]%i[0xf8][0xcf][0x95]763B[0xcf][0x81][0x0][0x0][0x0][0x0][0xff][0xff]"
05:47:17.188 [main] DEBUG org.apache.http.wire -  << "[\r][\n]"
05:47:17.190 [main] DEBUG org.apache.http.wire -  << "D5E[\r][\n]"
05:47:17.190 [main] DEBUG org.apache.http.wire -  << "[\n]"
05:47:17.190 [main] DEBUG org.apache.http.wire -  << "[0xa6][0xd1][0xe8][0xab][0x19][0xd2][0xc9]K[0xd9][0x99][0x5][0x89][0xc5][\n]"
05:47:17.190 [main] DEBUG org.apache.http.wire -  << "[0x89]y[0xe9]XN&[0xcf]M[0xcd]KO[0xcd])M,[0xca]N[0xcc][0x83](Q(N[0xcc]KO,Q[0xc8]N[0xcd]KN[0x4][0xef][0x9a][0x82][0x1e][0xb7][0x82][0xff]P?x(![0x1d][0xbf]A[0xde][0xe9][0xfb][0xc6]fH[0xeb][0x83][0xe0][0xc7]58[0x15][0xe5][0xe7]U[0xa5][0xe2][0x18][0xe][0x84][0x9c]CX[0x94]Z[0x90][0x9a][0x93][0x93][0x9a][0x97]RZ[0xac][0x90][0x98][0xc]:b[0x4]t[0xb0]Ha)YC[0xf2]fHK[0x87]|SS2[0xf3][0x93][0x8b]RA#[0x92][0xa0][0xc3][0x10]q[0x1c][0xa2][0xe1][0x8][0xb6]3[0xaf]$[0x13]tPH[0x89]B>[0xf8]L[0x8d]D[0x85][0xb2][0xd4][0x9c][0xcc][0x12][0x85][0xbc][0xfc][0xa4][0xcc]b[0xb2]Z[0x8c]H[0xc7]L[\r][0xb9][0x98]DZ[0xab]4[0xf4][0xdc][0x8e][0x98][[0x1d]znG,[0xbb][0x18]znG[0x94][0xe4]4[0xae]3[0x90][0x96]uy[0xe6]%[0x17][0xa5][0xa6]d&[0xe5][0xa4]*[0xc0]J[0x9a][0x9c][0xfc]d[0xcc][0xbd][0xaf][0xae][0x89][0xf0]cV[0x14]R[0xf3]2![0x9d][0xc1]bP[0xfe]N-N[0xce],[0xcd]+QH)M[0x6][0x1f]h[0x4]9C([0x97][0xac],O[0xb7][0xa5]]fH[0xb][0xae]h[0x1d][0xd8]tkP#[0xad][0x9][0xa2][0xb1][0x9f]L[0xe8][0xd6][0xcc]5A4si[0x92][0xa1]q6z[0xa8]P[0x9d][0x9b]P>[0xe4][0x81]|[0x8b][0xe][0x9e]Ag3[0x13][0xba][\r]/![0xad][0xfc][0xa1]q"3E[0xd4]C[0xb4][0xb6][0x89]n%/[0xd2][0xba][0x15]Z[0xfb][0x89][0xf2][0xc4]G[0xdc]Z<3[0xba][0xad][0xe1]0[0xa3][0xdb][0xca][\n]"
05:47:17.191 [main] DEBUG org.apache.http.wire -  << "3[0xba][0x9d][0x1e]cF[0xb7]3][0xcc]@[0xb7][0x4][0xd0]ee[0x85][0x19][0xd2][0x9a][0x6][0x1a][0xa7]r[0xba]-+0CZV[0xe0]Q[0xa0][0x10][0x96]Y[0x96][0xaf][0x10]id[0x84][0xd1][0x13][0xce]M[0xcd][0xcd][0xcc][0xc9][0xcc][0xce]T(.H-[0xce]L[0xcb][0xcc][0x6][0x9d])R[0x99][0x98][0x97][0xae][0x90]X[0x0]>i[0x14][0xda][0xa9]4[0x6][0xdd][0xb][0x83]rZ<zM[0x84]4[0x9f]mfNJ[0xf7][0x19][0xcb][0xf9][0xdf]xr2[0xf5][0xfa][0xaf]&&H[0xf7]+@[0xe3][0xdd][0x18]#[0x80][0xf0][0x9d]xE[0xec][0xe9]N&&[0x96][0xa4][0x4][0x8][0x5][0xa7][0xcc][0x99][0x98] M[0x11][0xd1]h[0x14][0x19]i[0xb]hHbF[0xa9]BRi[0xe][0x96]3[0x10][0xf1][0x85][0x1b]q[0xab]&ML[0x91][0x6]r[0xc8][0xb4][0x89][0xe8][0x18]2E[0x1a][0xe7][0xa7][0xbd]][0x88]F"4[0xdd][0xd1]ft[0xc9][0xc4][0x94]^[0xfb][0x14]M[0xe8]6=mbJ[0xaf][0xe9]i[0x13]S[0xcc][0xf2][0x81]V[0xf1]D[0xb7][0xf2][0xc1][0x94]n[0x93][0xd5]fH[0xcb][0xcd][0x2] W[0xa2])8[0x96][0xe6]d&*`[0x16][0xb2][0x99]y[0x99][0xa0][0xa5][0x89][0xa0]k[0xd3][0x14][0x12][0xe1]j[0xa0]U[0xf]q[0xa5][0x85][0xb1][0x99]9[0x9d]r[0x95][0xb1][0x99]9[0xa2][0xf7][0x82]}[0x8]`g[0x18][0x90]V[0xaa]aw[0x1e][0xae][0x19][0x6][0xf4][0x1d][0x1c][0xd4][0xab]k[0x8d][0xcd][0x90][0x96][0xb8]aw[0xd4][0x0][0x87][0x19][0xa2]K[0x85][0xdd]y[0xb8][0xc2][0xc][0xbd][0x97]K[0xd5]0C[0xb4][0x1a][0xc0]9([[0xc1]=35[0x7][0xa3][0x89][0x12][0x2]:[0x90];/[0x1d]t[0x99]`vQfAq&[0xc2][0xad][0xc4][0xef][0xb3]3[0xb3]@[0x8c][0x91] Y[0xa6][0x90][0x9d][0xaa][0x8b][0xd9]j[0xa4][0x92][0x8d][0x88][0xc][0x8b]f#f[0x9]A%[0x1b][0x11][0x9d]L[0xfa][0xdc][\n]"
05:47:17.191 [main] DEBUG org.apache.http.wire -  << "e[0x86]tY[0x18][0xd8][0x8f][0xc9]%[0xb4]-[0x4][0x91][0x16][0x11][0xd0][0xc9][0x87][0xf4][0xaa][0x8e][0x8d][0xcd][0xe8]UI[0x1a][0x9b]!5[0xa2]i[0xda]@36[0xb3]DT%[0xb4][0xb5][0xc9][0x1c][0xd4]y[0xa3]Kw[0xda][0x1c][0xe9]JYZ[0xfb][0x9]Q[0x82][0xd0][0xda]&[0xba][0xc5][0x13]R[0xf7][0x8a][0xc6]~2DL>y[0x6]x[0xf8][0xfb][0xb9]*[0x18][0x9a]*[0x4][0x4][0xf9]cT0[0x1e][0xae]~[0xee][0x1][0xfe]~[0x88]j[0xc5][0x4]4[0xaa]J[0xcc][0xbd]q[0xe6]Hk[0xba]h[0xed][0x1b]D[0xfd]E;[0xdf][0xd0]-[0xbd]!-b[0xa1]q[0xb8]![0xad]G[0xa1][0xb5]M[0x88][0xf4]Fk[0x9b][0x10][\r]'Z[0xdb][0x84][0xd4][0xa2]H[0xcc]+[0x81][0xec][0xc6][0xf2]M,[0x2]MP[0xfa]$[0xe6]b^[0x99][0xe3]Z[0xa2][0x90][0x91][0x99][0xc]Z[0xa1][0x9a][0x8f]4[0xe5][0x8][0x1a])&*?![0xad]vHJ,NM)J[0xcb][0xac][0xc0][0xc8][0xaf]`[0x99][0xd4][0xb4][0xc4][0xd2][0x9c][0x92][0x14][0xd0][0xae]0hG[0xca][0xcc][0x12]4[0xd0]I[0x9c]5[0xf4][0x9a][0x4]4G[0xba]%[0x8a]6[0xe3][0x94][0xe8][\r]t[0xa4]qJs[0xa4][0xfb][0xa2]h[0x9c]N[0xe8]v4[0x87]9[0xdd]f[0x8a][0xcd][0xa9]{2[0x7][0xbe]xB[0x9a][0xdc][0xa4]q<[0x99][0xd0][0xad][0xe4][0xa0][0xc2]l+[0x9e]ar[0xe4]Tn[0x82][0xc8][0xcc]4[0xab][0x19]A[\r][0x2]h[0xeb][0x92][0xfe][0xd9][0x18]i[0xe6]u[0x0],[0xa7][[0xad][0x86]t[0x81][0xc][0x8d]s[0x1][0xd2]%.[0x3][0x10][0xa0][0x88]*u[0x0],G[0xb4][0xf3][0x7][0xc0]rDF[0xa5][0xbf][0xe5]H[0x7][0xe][0xc][0x80][0xe5][0x88][0xb5][0x13][0x3]`9"[0x7][0xd3]c[0x8c][0xc6][0x9c]n[0x93][0xf5][0xe6]t;[0x6][0xc1][0x1c]i[0xb2][0x1e][0xfb][0xf8][0xe9][0x80][0xe][0xef][0x9a][0x83][0x1a][0xbe][0xd0][0xea][0x9][0xbb][0xf3][0x90][0xfa][0xb6][0x96][0xf8][0x16]1Qqx[0xd7][0x9c]n[0xa7][0x19][0x98]#-;[0xc0][0xee][0xfd][0x81][0x8d][0x1d][0xa4][0xb5][\n]"
05:47:17.192 [main] DEBUG org.apache.http.wire -  << "[0xd8][0x9d]7 [0xb1][0x83]h[0x9][0xe]"G![0x6] [0xb0];j[0x80]#[0x12]Q{bw[0xde][0x80]D$[0xa2]V[0x1d]<[0x8e][0x1a][0xdc][0xd3]a[0xe6](7[0x99][0xf8]G[0xe0][0xbb][0xc8][0x84]n[0x9b][0x94][0xcc][0x91][0xae]2q)[0xcd].[0xcd][0xc3][0x18][0xf7]@[0xa4].3[0xa2][0xcf][0xde]0G:i[0x1]{[0xf2][0x18][0xd8],[0x85]r?[0xca][0xa0][0x89][0x9]BYj`[0xc3][0xc][0xe9][0xa8][0x4][0xec]Q[0x8a]H([0xf4]K[0xbd]H[0x8b]I[0xb0];j[0x80][0xc3][0xc]1|[0x8e][0xdd]y[0x3][0x12]f[0x83][0xbb][0xba]C[0x9a][0xbc][0x1b]Da6[0xa8][0xf3][0xa6][0x5][0xd2]q[0xf][0x83]&[0xcc],[0x90][0xb6]v[0xd3]d[0xd7][0x6][0xfa][0xd8]&[0x15]{[0x11][0x16]H[0xb3][0xad]C[0xcf][0xed][0x84][0xda][0xd8][0x3]Z&Z [0xdd][0xfa]2[0x88][0xd2]*bx[0x8c][0xb6][0xa3][0x80][0x16]H[0x7][0x93][0xd0]}P[0xc6][0x2]i[0x1a][0x1c]{[0xd8][0xf]l[0xd2]@[0x9a];[0xc7][0xee][0xbc][0x1][0xa8].-[0x90]&[0xdb][0x87]\Q[0x80][0xb4][0xfe][0x1a]{[0x80][0xe]p|[0x13]j[0x89][0xc]H|[0xd3][0xad](@Z[0x8e]0[0xf4]R[0x16][0xa2]A[0x4].0[0x1d][0x8b]2[0xd3][0x13][0xf3]K@'5[0xa2][0x1e][0x97][0x8a]o[0xcb][0x2][0xb1][0x1b][0x9][0x8c]-[0x90][0xd6]S[0xc][0xb9][0xa0]B:[0x6][0x84]>[0xab][0x7]-[0x90][0x8e][0x3][0x1]G[0xe][0xcd][0xe][0xda][0xb0]@:[0xd2][0x83]^~C[0x94][0x19][0xb4][0xf6][0x1b][0xdd][\n]"
05:47:17.192 [main] DEBUG org.apache.http.wire -  << "[0x2][0xa4]C.h[0xec]'[0xa4]#)hm[0x13]b[0xf2]i[0xc8][0xe5]Xc[0xb4][0xc2][0x8d]v[0xf9][0x7]ig;[0xce][0xf8]@T[0x82][0xc4][0x97][0x97]H[0xeb] [0x14]0F[0xf4][0xa8]S$#-[0x80][0xc0][0xe9]t[0xea][0xd8][0x84][0xb4][0xc]b[0xc8]%%[0xa4]U[0x14][0xb4][0xe]%[0xc4][0x84]+[0xad]mBl[0xeb][0xa0][0xb5]M[0x88][0xae],[0xad]mB[0x8c][0xd4][0xd1][0xda]&[0xba]U`HWF[0xd0][0xda]O[0x88][0x2]s[0xc8][0xe5]P[0xa4]%[0x1a]C[0xcf][0xed]C[0xb8][0x92]E[0xba][0xb7]b[0xe8][0x85];[0xa2][0x4][0x1c]znG[0x94]?[0x99]y)[0xf9][0xb9][0x99][0xa9][0x18][\r][0x84][0xc4][0xec]R[0x85][0xe2][0xd2][0xec]D[0x5][0x84][0x2][0xe8]jg#[0xa2][0xa7][0x0]-[0x90][0x16][0xaf]@K[0x1f][0xcc][0x9]O|[0xed][0x3][0xba]M"Y[0x98]!&[0xd8]q[0xba][0x14][0xd1][0x8][0xc3][0xb7]s[0x96][0x9a]C[0xd0][0xe6][0xe8][0xf5]y[0xb1]i1FL[0xc1][0x3][0x10][0xfd][0xbc][0x7]333[0xe2][0x16][0xb2]Z M[0xd5]"[0xa2][0x1b][0xb5][0xf]O[0x95][0xf4][0x80]t$>m[0xed]A[0xc4]&m[0xed]A[0xd4]y4[0xb5][0x7]i[0xde][0x95][0xb6][0xf6] [0xd2][0x1b]m[0xed]A[0xea]VW[0xe6][0xa5][0x16][0xa5]g[0x82]/[0xdb][0x81]\7[0x85][0xfd][0xc2][0x1b][0xcf][0xa2]|[0xd0][0xba][0x4]X[0x19]d[0x9][0xda]UK[0xcc][0x8e][0xb]K[0xa4][0xed]y[0x88]c[0xd0]A[0xa6])8[0xe5][0x97][0x94][0xe4]`[0x96]|[0xce][0xf9][0xa0][0xa3][0xf0]J@[0x12]P[0xdb][0xcc][0xcd]A[0x19][0x91]8[0xdb][0x10][0xb5]qpNjj[0xb6][0x82]{Qb^fI[0xaa]BxbNNj[0x9]F[0xe6][0x85][0x9d][0xc7][0x8e]([L[0xc]@[0xdb][0xcc][0x89][0xb3][0xc][0x11][0x8c]C[0xac][\n]"
05:47:17.193 [main] DEBUG org.apache.http.wire -  << "21[0xa5][0xd7]Q[0xcc]&[0xa6][0x6][0x88][0xc2][0x80][0xe6][0x7][0x90] [0xcd][0xec][0xe0][0xb1][0xb][0x11][0xd9][0xc4][0xf6][0xe6]ML[0x91][0xe6]E[0xf0][0x98][0xc][0xaf][0xb](9[0xea][0xc6][0xd4][0x10]Q[0xac]A+CZ[0x1d][0xcf][0x81]4.[0x8a]}r[0x2][0x11]T[0xf4]j[0xb][0x98][0x98][0xd2]k[0xe8][0xd4][0xc4][0x94]^w[0x9b][0x9b][0x98]"[0x9d](L[0xd3](5[0xb6]@[0xda]wFk[0x9b][0xe8]62[0x80][0xb4]![0xcb]1[0xb5](?[0xa5]2/[0x11]t[0x99][0x6][0xec][0x92][0xb8][0x10][0xd0]mm[0x18]E[0xbb]kEAjJfI[0xa2]Bi[0x9][0xe8][0x8]d[0x85][0xe4][0xfc][0xa2][0x82][0xfc]"[0xf2][0xce]@[0xb6]@[0xba]B9[0x18][0xa9][0xc6][0xf4][0xc9][0xcc]K[0xcd]SpJL[0xc7][0xb4][0xbd][0xb8]D![0xb5][0xa8]([0xbf]H!/3#3[0x7][0xe4][0x82][0xcc][0x12][0x85][0xe2][0xcc][0xbc][0x12][0x85][0xa2][0xd4][0xa2][0xd2]\[0x85][0xd2][0x9c][0x9c]D[0xb2][0xe]g[0xb5][0xa0][0xdb][0xa6]1[0xb][0x13]D{[0x84][0xc6]i[0x89]nG[0xa6]Z[0xd0]m#[0x9c][0x5][0xdd][0xe]g[0xb5]@[0xba]>t[0x88]5D[0x8c]-[0x90]v0@[0xd3][0xd8]`[0xed][0xa3]bnk[0xc0]t)[0xa2][0xbe][0xa4][[0x1f][0x15][0xa9][0xc5][0x9b][0x9f]G[0xc3][0x13][0xfd]-0[0xf]?[0xc4][0xf4]?[0xbe][0x6][0x10][0xbd]Z[0x10][0xc6][0x16]H't[0xe1]LS[0x3][0x10]S[0x88]Q[0x1f][0x9c][0xae][0x1a]$[0xe1][0x87][0xe8][0xd8][0xe0]t[0xe9][0x0][0x84][0x1f][0xa2]#[0x81][0xbd][0xb1]:[0xb0]+i@[0xdd][0xc6][0xc1][0xb6][0x15][0xcb][0x2]i;[0x6]MG[0x14]0[0xaf][0xdf][0x1c][0xac]e[0x3][0xd2][0xe][0x90]A[0x94][0xb6]-0[0xda][0xd2][0x83]6[0xfc]0f[0xe9]0]J[0xff][0xb2][0x1][0xe9][0x8]-[0x9a][0xa6]s[0xe4][0x3][0xb4][0xc0][0xe3]K[0xb0][0x1]$[0x85][0xf0][0xc4][0x92][0xe4][0xc][0x8c]n[0x80]OjbIF*[0xd2]Y%[0x16]F[0xa0]=[0xe8][0xc4][0xc]/Y [0xad][0xc2][0x87][0x8c]e[0x85][0xe7][0xe7][0xe7][0x10]?[0x90]ed[0x4]*[0x91][0x88][0xb3][0x9]i[0xc0][0x1][0xa9]w[0x13][0x9c][0x99][0x93][0xad][0xe0][0x8c][0xf5][0x1a][\n]"
05:47:17.193 [main] DEBUG org.apache.http.wire -  << "[0xc8][0x1d][0x15][0x88]x62[0x2][0x8d]a[0x13]c[0x99]%[0xd2][0x9a]t7[0xf8][0xc9]2[0x10][0xf3][0x14][0x9c][0xf3][0xb1][0x9c][0xb8][0x1b][0x9c][0x9f]SZ[0x92][0xa8][0x90]Z[0xa2][0x90]\Z[0x90][0x9][0xea][0xd2][0x95][0xa4]"[0x1d]1[0x83][0xff]Z [0xa4][0xf3]",[0x91][0xc7][0xbc][0x90][0xbc][0xe9][0x9c]_P[0x90]Z[0xa4][0xe0][0x9d][0x97][0x99][0x6][0x1a]tD[0x1d]w[0x87]8[0xc][0xe1]Q[0xb]KP[0x7][0x9b]8[0x8f]"r[0xca]Pk[0x95]["[0xad][0x10][0x87][0xa4]=[0xe8][0xd1]?[0x1][0x89]y%[0x98]S A[0xa5]II[0xc8][0x89][0xdc][0xd4][0xc]tQ6q[0x81][0x84][0xa8][0xd4]![0x16][0xc1]3[0x14]v[0xab][0xa0]}~D[0x84]XZ[0x98][0x1a][0x11]7[0xcd]b[0x89]4:[0x88]<[0x8c][0x0][0xb7][0xd1];[0xb5]2)?[0xb1]([0x85]p.6[0x3][0x9f][0xff]E[0x94][0x7][0x91][0xd6]{[0xf][0xb9]T[0x80]tNupnbN[0xe][0xd2][0xf5][0xa5]XK[0x5],[0x91][0x3]JH[0xc4][0x85][0x13]b[0xac][0xc1]3[0xaf]$5''3=5[0xaf]D[0x1]2[0xc2][0x82]=-[0x80][0xe7]+[0x10])[0xc1][0xdc][0xc2][0xd0][0x94][0xc8][0x94][0x80][0xb4][0xa0][0xdc]#5[0xb1][0xac]R[0xc1][0xa5][0xb4][0xa4][0x12][0xe1];[0x9c][0x9][0x1]4o[0x81]l!h([0x86]8[0xdf]![0xea]w[0xf8]e^[0xce][0xf9]%%[0xf9]y[0xb8][\n]"
05:47:17.193 [main] DEBUG org.apache.http.wire -  << "tH[0x86]CXfb[0x9][0x1a]H'[0xce]2D[0xc1][0x83]<X[0x5]r[0xbc][0x82]Sj[0x1e][0x96]j[\n]"
05:47:17.193 [main] DEBUG org.apache.http.wire -  << "[0xb3][0x94][0x3]]tI[0x9c]e[0x88]^M@QbrIfrb[0xe][0xec][\n]"
05:47:17.194 [main] DEBUG org.apache.http.wire -  << "#[0xf],[0xa5]9tB[0x6][0xe1]1Sc[0xd0][0xca]b[0xe2][0xec]B[0xea][0x97][0x80][0xd3]c@"[0xa8][0xe4][0xc6]^[0xf5][0xa2][0x7][0xa0][0x91]1h[0xa5],q[0xf6] [\n]"
05:47:17.194 [main] DEBUG org.apache.http.wire -  << "[0xa5][0xa0]R[0xf0][0xd4][0x18][0xb4][0x8e][0xc0]Z?A[0xe4][0x10][0x1e][0xb2]4%[0xde]"D[0xc5][0x8b]\"A[0xca]S[0x5]l[0xc1][0x7][0x91]BXfd[0x2]:[0xb4][0x99](_[0x81][0x82][0x19][0xda]AA[0xba]m[\n]"
05:47:17.194 [main] DEBUG org.apache.http.wire -  << "[0x92][0xc1][0xb0][0xd7][0xf2][0xe8]Ahf[0xc][0xca]8[0xc4]Y[0x86][0xc8][0xce]>[0x99][0xe9][0x19]%[0xe5][0xa9] R[0x1]b"V[0x9f][0x85][0xe7][0xe7][0xa7][0xa4]"[0xcd]1[0x9a]Z[0x82]V[0xca][0x12]g[0x19]"w[\r][0xb9]2[0x16]y[0xe][0x2][0x9c][0xa6]a[0xf3][0x9f][\n]"
05:47:17.194 [main] DEBUG org.apache.http.wire -  << "[0xd8][0xb]=[0x8c]2[0xd6][0xcc][0xc2][0xd4][0x98][0xc8]b[0xf][0xe9]NFx)[0x4][0xc9]B[0xd8][0x92][0x1a]F[0xdb][0xd5][0x8]|[0xc8]:q1[0x82][0xc8][0xa9][0xae]y[0xf9]E[0xb9][0xf9][0xa5][0xc5][0x88][0xe2][0x15][0xbb][0xc7][0xd0][0xb3][0x91][0x91][0x5][0xe8][0xcc]_[0xe2]lC[0xe4]W[0xe4]l[0x84][0xdb]k[0xa0][0x96]-"[0xf][0x11]~[0xa0]%[0xd2]2q[0xc7][0xf2][0xd4][0xe2][0xfc][0xdc]T[0x5]h1[0x1e][0x9c][0x91]Y[0x84]9[0xbf][0x8c]VEYX[0x12]{ "8[0xf1]Cs+b[0xde][0x1c][0x9e]6p[0x14]D[0xa0][\n]"
05:47:17.194 [main] DEBUG org.apache.http.wire -  << "[0x5][0xe1]/[0xb][0xb][0xd0][0x82][0xf][0xa2]B[0xd0][0x18]1[0x8a][0x88][0xb0][\r]ZT+[0x4][0xe4]$[0x82][0xa7][0xe3]Q[[0xc6][0xa0][0xea][0x4]a[0x97][0xb1]1h[0x1f]8qv![0x8a][0x6]h[0xe9][\n]"
05:47:17.195 [main] DEBUG org.apache.http.wire -  << "[0xc9][0xfa]8[0xec][0xc1]H[0xf0][0xe6][0x86][0xa0][0xd1][0x6][0xe2][0xac]B,[0x12][0x83]'Ch[0xb2]V[0xc0]z[0x8a]%[0xd4][0xcb][0x8]Y[0x18][0x12][0xdd][0x94]E[0xba]4[0xcf][0xa5][0xb4][0x8]4'[0x85]H[0xf2][0xd8][0xab]]P[0x87][0xe]a[0x95][0x19][0xf1]+[0xf][0x90][0xce]B[0x1c]r[0x5][0x1e][0xd2]d[0x1e]r[0xcd][0x0]O[0xda]8.7EMn[0xa6]&[0xa0][0xb9])[0xe2][0xd2][0x0][0xa2][0x8e]E[0xb6][0xf][0xde][0xea][0xc7]V[0xf4][0xa1]F[0x8c][0xa9]![0xe8][0xb4]s[0xa2],C[0x9a]'D[0xb6][0xc][0x9a][0xc0][0xb1]/[0xad]A[0xaf][0xd2]M[0xc]Agc[0x10]g[0x1d]"[0xdb]"U[0xe9][0xe0]B[0x7][0xc7]M[0xb5]`9D[0x9a]32[0x6][0x1d][0x15]J[0x9c]][0x88]l[0x8b]d[0x17][0xb4]B[0xc7][0xde]~[0x80][0xc5])[0xc2]>c[0xf0]!a[0xc4][0xd9][0x87][0x94]w[0x8b][0xd2][0xf3][0xf3][0xf2]AS[0xbe][0xf0][0xc2]6?[0x15][0xb3][0x1b][0x8a]Z[0xaa][0x9b][0x1b][0x82][0xae][0x4]![0xce]*D[0xfb][0x1][0xb9][0xc1][0xc][0x8d]5[0x1c][0x9][0x4][0xa5][0xb1]bfItzD[0x9a][0x16][0x84]_.[0xc][0xa9][0xa9][0xb0][0xb7]c[0xd1]c[0xcc][0x4]4[0x82]I[0x9c][0xb7][0x10]MsH[0xf7][\r]Z[0xba][0xe1](h[0xa1][0xb2][0x88][0xc8][0xb2]4[0x5][0x9d][0xe8]F[0x9c]U[0x88][0xfa][0x1e]cP[0x7][[0xf8][0x81][[0x9d][0x8][0x9b][0xcc][0xc][0x88][0x1e]UA[0xde][0xf3][0x2][0x1e][0x81][0x83][0xb4][0x1b][0x88][0xf5][0x93][0xb1])[0xe8][0xa4]a[0xa2][0xfc][0x84][0xb4]od[0xc8][0x15][0xb2][0xa0]1[0x11]h[0xeb][0x1]:[0xca]M[0x9b]%D[0xc6][0x96][0xa0][0xc6]'[0xd4]&[0xe4][0x12][0xf]Zk+[0xe0]([0xcd]![0x91][0x86]H[0x0][0xa6]&[0xa0][0xc1]9[0xe2][0xa2][0x5][0x91]Y[0x11][0x1d]NX[0xa5][0x8e][0xbd][0x1c][0xc2]H[0xd9]&[0xa6][0xa0]-[0x7][0xc4]Y[0x87][0xe8]L#[\r][0x15][0x80]j#[0x1c]#[0x86]P[0x9f]#[0xfc]fdH[0xec]B`K[0xd0][0xd8]0[0x96][0xc0][0x4][0x17][0x1]8[0xfa][0x3][0xa8][0x85][0x9e][0x91][0x19][0xd1][0xcd]0[0xa4][0xad])[0xd0]f[0x18][0xbc]J[0xc][0xce][0xc0]Z[0xbc][0x96][0xa4][0x82]/i[0x81][0xae][0xca][0xb4]4[0x5][\r]m[0x11][0x17][0x86][0x88][0xf6]9[0xd4]*H[0xfc][0xe3][0x18]\[0x6]{[0x17][0x11]~&[0x86][0xa0]Y,[0xe2],[0xc2]^[0xd7][0x83]c[0xb]{[0xe5][0xb].y[0x91][0xec]"[0xbe][0x19][0xb]JA[0xd0][0xb8][0x82]w[0xa6][0xa0][0xde][0xc2][0xde][0xc1][0xc1]H[0x18][0x16]F[0xa0];F[0x88][0xf2][0x18][0xa8][0xdb][0x0][0xb5][0xc]yt[0xc][0xd4]N[0xc1][0x91][0xc][0xd1]JXKCPG[0x13][0xd3].[0x0][0x0][0x0][0x0][0xff][0xff]"
05:47:17.195 [main] DEBUG org.apache.http.wire -  << "[\r][\n]"
05:47:17.196 [main] DEBUG org.apache.http.wire -  << "796[\r][\n]"
05:47:17.197 [main] DEBUG org.apache.http.wire -  << "*[0xca]L-V[0xb2][0x8a]F[0x1e]&G[0xda][0x15][0x82][0x92][0xa3][0xa1]c-X[0xd7][0xd1][0xa2]E[0x99][0xb9]9[0xf1]>Cdg[0xa4][0xfc][0x5]mV`o6[0xa3]y[0x8d][0x84][0xe6][0x19](#B[0x83]q[0xc8][0x15][0xe9][0x98][0x9b]9hU[0xa4]cn[0xc6][0xa0][0x99]M[0x88][0xfc]J[0xe3]j[\n]"
05:47:17.197 [main] DEBUG org.apache.http.wire -  << "i[0xf1][0xe]-'[0x8]-A+[0xd5][0xa1])[0x8c][0xb6][0xf6] [0xb2][\r]m[0xed]A[0xc4][0x10]M[0xed][0x1][0x15][0xf1][0xf4][0x8]7[0xd0]4%[0xd4][0x9e][0x80]`[0x5][0xcc]t[0x9d][0x9e][0x98][0x9b][0xaa]`[0xaa]P\[0x92][0x88]4i[0x8b][0xe5][0x12]r[0xd9][0x9][0xea][0xb9]A[0x8d][0xa7]q[0x82][0x6]uI[0xe9]c[0x13]h[0x18][0x8e]N6![0xba][0xb3]4[0xe]=P[0xf5]D'?![0xba][0xb1]4[0xf5][0x93][0x89][0x1][0xf2]l[0x1d]-W[0x2][0x9a][0x18] m[0x86][0xa0][0xb5][0x9f][0xe8][0x17]z[0x88][0x2][0x95][0xd6]~B[0xf4](hm[0x13][0xd2][0x0][0x0][0x8d]S[0x4][0xa2][0xff][0x9f][0x19][0x90][0x91][0x9f][0x97]j[0x88]y[0xd5]!xdj[\n]"
05:47:17.198 [main] DEBUG org.apache.http.wire -  << "[0xec]BT[0xa4]F7[0xde][0x93][0xc9][0x11][0xc5][0xab][0x89][0x1][0xd2]qM[0xb4][0xe]:D[0xbd]Gc[0x9b][0x90][0xa6][0xe5]hm[0x13][0x9d][0x8a]W[0x13][0x3]#[0xc4]X![0xad][0xfd]D[0xb7][0x2][0x82][0xac]-<[0x88]DN[0xf4]V3[0x3][0xd0][0x0][0x15]=[0xea]&[0x13][0x3][0xa4][0xd1][0xea][0xdc][0xcc][0x9c]l[0x8c]u/[0x8][0xd7][0xe3][[0xcd][0x8e][0x9c]AA[0xb]"[0xa0]n[0xa7][0x96][0x89][0x88][0x8][0xa6][0xcb][0xf1]V&[0x6]H[0x7][0x2]y[0x16][0x80][0xca]2[0x5]CC[0x5]3[0x13][0x85][0xf4]$[0x8c][0x0][0xc2][0xb7]\[0x9b][0xf8][0x8]G[0xba][0xff][0x6][0xfb][0xc2]fD<[0xe0]o[0x89]Ro[0xef][0xbb][0x89][0x1][0xd2]P[0x14][0xed]B[0x81][0x8a][0xe][0x6][0x8f][0xeb]B[0x93]^pvU~[0xbe]Bx~NZrF"hI[0x1][0xea][0xcc]epIQbevf[\n]"
05:47:17.198 [main] DEBUG org.apache.http.wire -  << "h[0x6][0x1]:[0x98]eh[0x6]Z[0x1c]F[0xc4][0xf0][0x88][0x89])[0xd2]Tipbnqi^[0xba]B[0xb0][0x91][0xb1]BhNIQ"F[0x2]qO[0xcc]I[0xac][0xa8]D[0xc4][0x1f][0x91][0xf9][0xc8][0x14]4[0x1c][0xe][0xf5][0xcc][0xa0]I[0x12][0xa6][0xa0][0xa9]"[0xa8][0xa3][0x8][0xfb][0x1c][0xe1]gR[0xc2][0x16][0xa9][0x11]F0l32+[0x13]A![0xe][0x8d]B[0xa2][0x83][0x16][0xd1]([0x1a]<A[0x8b][0xb4][0xff]m[0x10]9[\n]"
05:47:17.198 [main] DEBUG org.apache.http.wire -  << ")6h[0xda]|4E[0x9a][0x13][0x1b]D[0xde][0x1f][0x8c][0x9][0x5][0xe9] [0xb6][0xc1][0x13]RH3e[0x83][0xc8]QH[0xdd],[0xf0]D!t[0xfc][0x1d][0xeb][0xe2]3[0xd7][0x8a][0xd4][0xa2][0xe4][0xcc][0x92][0xc4][0x92][0xcc][0xfc][0xbc][0xd4]\[0x85][0xdc][0xc4][0xf4][0xbc]L[0x85][0xfc][0x94][0xcc][0x12][0x85][0x94][0xfc][0x9c][0xfc]"2[0x96][0x9b][0x9b][0x98]"[0xd5][0xa0][0x83]'T[0x90][0x6][0xf7]i[0xda]27[0xb6]4Gd[0x1f][0x9a][0x8e][0x1c][0x82][0xd6]?Bk[0xa5]!7[0xa6][0xf][0x9a][0xca][0x87][0xba][0x9d]&[0xa3][0x91][0x88][0x2][0x9c]&[0xc6]#r[0x18]M[0x8c]G[0x8c])[0xd0][0xc2]x[0xa4]-C4[0xce][0x9][0xa0]u([0xd0]X[0xa6][0xb5]M[0x88]<Gk[0x9b][0x10][0x91]Ck[0x9b][0x10][0x93][0xc7][0xb4][0xb6][0x89]nc>H[0x87]"[0xd1][0xd4]O&[0x6]H[0xd7][0x92][0xd0][0xda]&[0xba][0x8d][0xf9] [0xdd][0xc]Bk?![\n]"
05:47:17.198 [main] DEBUG org.apache.http.wire -  << "PZ[0xdb][0x84](Kim[0x13][0xa2][0x8c][0x18]b[0xf5][0xa5][0x89][0x81][0x1][0xa2][0xd4][0xc1][0xde][0xa4][0x1a][0xc8]-[0xe0]&[0x6][0xa0]1[0x4]hA[0x8f][0xdd]y[0x88]N1[0xfd][0x6]r@[0xab]t[0xa0][0x8e][0x1a]r[0xf1][\r][0xda]H[0x3]u;[0xf1][0xb9][0x2][0x11][0xc8][0xc4][0xf][0xc1][0x81][0x16][0xc7][0xd0][0xc7][0xa2]![0x9c][0xfb][0x90]6?[0xc][0xb9][0x94][0x4][0xda]KD[0x97][0x8]F[0x1e][0x1e]$z[0xd0][0x84][0x9c]$[0x8b]4DH[0xa5][0xa1]v[0xa4][0xf1]=j[0x99][0x88][0xa8]?[0xa9]e"9[0xf5]$Y[0xc1][0x8b][0xc8][0xa8][0xb4]-z[0x86][0xee]^[0xe][0x13][0x3][0xa4][0xbd][0x1c][0xf4][0x9a][0x9c]A[0xb4]2[0xa9]7-a[0xaa][0xa3][0xe4][0x9c]X[0x82]m5[0xa4][0x89][0x1][0xd2][0xd0]d@[0xb0][0x9][0xc6][0x0]A[0xb1][0x89]BRb[0x11][0xe8][0xd2][0x1d][0xe8]8[0xb4]1[0xb1][0xe7]3[0x9b][0x18] ][0x11]A[0xdb]4f[0x82][0xe8]CQ[0xbf]+mb[0x80][0xbc]&[0x9f][0xe8]2[0xf]i[0xf6][0x85][0xf8]z[0x1a]i[0xf8][0x93][0xf8][0x10]#[0xcf]&[\n]"
05:47:17.199 [main] DEBUG org.apache.http.wire -  << "'[0xcb][0x89][0x9c][0x8e]0@Z[0xa9][0xf][0xdb]5[0x6][0xd9][0x8d][0x8d]c]o`if[0xa2]Bj~[0xb1]B[0x11]d[0xb0]R!/59[0xb5][0xb8][0x18]<v[0x99]TZ[0xac][0x90]V[0x9a][0x9e][0x99]X[0xa2][0x90][0x98][0x97][0x99][0x9b][0x89]4li[0x4][0xea]r[0x12]3[0xbf]e[0x80][0xb4][0xa0][0x9f][0xac] &[0xda][0xe3][0x88][0xb6]<Y[0xf6][0x90][0x90]h[0x10][0xa9][0x1f]i[0xe7][0x12]l8[0x18][0xc7][0xe][0x5][0xd7][\n]"
05:47:17.199 [main] DEBUG org.apache.http.wire -  << "[0x85][0xc2][0xd2][0xc4][0xd4][0xa2]D[0xd0][0xe9][0x91]E[0xe0][0xe0]-F[\n]"
05:47:17.199 [main] DEBUG org.apache.http.wire -  << "ObO[0x1d]110[0xa5][0xdb][0xa8][0x2][0xd2][0x8a]t[0xf8][0xce]"[0xf0][0xc2]l[0x5][0xe7][0xfc][0xdc][0x82][0xd2][0x12][0xf0][0x11][0x1d][0xa8]S[0xa1][0x8e][0xc5][0x5][0xa9]E[0x99][0xf9]E[0xa9][0xc5][0x90][0xb3])[0xf3][0x93][0x93][0x13]S[0x93][0x13]K2[0x15][\n]"
05:47:17.199 [main] DEBUG org.apache.http.wire -  << "K[0xc9]K>[0xc8]+[0xd5]i6{N[0xc5]yc[0x3][0xd0][0x1e]'h[0xcb][0x90][0x96]K[0x97][0xcc][0x10]M![0x9a]Z[0x83]h[0x1f][0xd1][0xd4][0x1a][0xa4][0xd6][0x11][0xd2]Q:[0xe0][0x8d][0x16]82[0x94]c)t2%5W[0xa1]([0xb5] 5''5/[0xa5][0x14]9O[0x11]_F![0xad]P[0xf7][0xc][0xf0][0xf0][0xf7]sU04U[0x8][0x8][0xf2][0xc7][0xa8][0x9e]=\[0xfd][0xdc][0x3][0xfc][0xfd][0x10][\r]@[0x13]P[\r]BT9[0x88]t0%[0xcd][0xec]@Z[0x95]N;;[0x10][0x15][0x19][\r][0xe7]aL[0xc][0xcc][0x11][0xb]uhk[0xf]R[\n]"
05:47:17.199 [main] DEBUG org.apache.http.wire -  << "[0xa7][0xdd][0xe5][0x19]&[0x6][0xa0]}[0xdf][0xb0]r[0x81][0x96][0xf6][0x80]N[0xe9][0x82][0xda]C[0xe3]z[0x10]i[0x8d]=[0xcd]R[0x1b]hk>[0xd4]7[0xb4][0xb3][0x3][0x91][0xd2]hg[0x7][0xa2][0xb8][0x1e]<CyH[0x9b][0x17]hY[0xb8][0x83]N[0x8d][0x80][0xc6][0xe1][0xe0][0xf1];[0xd2][0x1d][0x1c]8[0xb3][0x9][0xa2][0x98]'[0xbe]qH[0xaf][0x9d][0x0]&[0x6][0x96][0x83]1I![0x1f]hHt[0xd7][0x8d][0xac]pF4[0xf7][0x7]Q[0xa2]"[0xa7]mN[0x86][0xef][0xc1][0xbd][0x85][0xc1][0x96][0xa5][0xc][0x91]Nb[0xc4][0x99][0xa5]0V[0xb8][0x92][0xe5]{D[0x81]M[0xbc]E[0xe4][0xf4][0xda][\r]A[0xbb][0xc8][0x7]_8#5[0x96][0x89][0xce]c[0xe4]y[0x1f][0x91][0xc9]hU3[0x1a][0x82][0x8e][0xa1][0x83][0x6]1[0xad]#[0x13][0x91];[0x3][0x8a][0xf2]SJ[0x93]K[0x14][0x1c]Ks2[0x13][0x15]0[0xf7][0x96]d[0xe6]e[0xc2][0xf6][0x95]($[0xc2][0xd5]@G[0xe4][0x88][0x1c][0x91]0D[0x9a])[0xa3][0x8f]}[0x88][0x96]9[0x8d]C[0x12]i[0xc3][0x16]}|[0x86][0xc8][0xf0][0xf4][0xb1][0xf]Q[0xb5][0xd2][0xc7]>D[0x1f][0x84]>[0xf6]!J[0x10][0xa7][0xa2][0xc4][0xe4]TlWY[0xf9]&[0xa6][0xa4]*[0xe4][0xa7])dd[0xa6]g[0x80][0x86][0xae]r2K*[0x15][\n]"
05:47:17.200 [main] DEBUG org.apache.http.wire -  << "R[0x13][0x8b]r[0x90][0x8b][0x12][0xd0]n#b[0xba][0xbf][0x86][0x86][0x88][0xa2][0xc4]%[0xcc]E[0xc1];37[0xb5][0xa4][0xb8]T!/_!213[0x9][0xb4][0xee][0x1a]u$[0x9]Q/[0x18][0x1a][0x19][0xa0][0xe][0x81][0xe3][0x19]^7D[0xda][0xd1][0x5][0xb2][0xc6][0xb7]4=5O![0xa4](1[0x13]s[0xd9]>[0x1e][0x1b][0xc]p[0xf][0xe0][0x1b]"[0xdd][0xa6]D#[0x1b]@a[\n]"
05:47:17.200 [main] DEBUG org.apache.http.wire -  << "-[0x11]ie[0x3][0xa2][0xa4][0xa0][0x95][\r][0x88]y[0x95]A[0xd3]<3D[0x9a][0xfe][0x1f]D[0x8e]B[0xe4][0xc5]A[0xe4]([0xc4][0x10]7[0x8d][0xab][0x12][0xa4]E[0x0][0xd8][0xbd]?[0xa0]Kp[0xc][0x91][0xa6][0xdf][0xb1];[0xf]Q[0x8a][0xd0]m[0x9][0x8e]![0xd2]T=vG[\r]p[0x98]!jO[0xec][0xce][0x1b][0x90]0CT[0xb1][0xe9][0x89][0xb9][0x99]y[0x98]Wl[0xa5][0xe5][0x17])@[0xa4][0x14][\n]"
05:47:17.200 [main] DEBUG org.apache.http.wire -  << "J[0x8b][\n]"
05:47:17.201 [main] DEBUG org.apache.http.wire -  << "[0xf2][0x8b][0xc1]G[0xc2]A[0xdb]|D[0xf][0x0][0x18][0x1a]#[0xf2]3[0x8d][0xb3][0xe][0xd2]L[0xbf][0x2][0xc6]H5FG[0xb][0xb9][0xd6]&v[0x83][0xb4]![0xd2][0x84]<Y[0x9e]![0xb6][0xa9]l[0x8c]h[0x9a][0x93]e[0xf][0xf1][0xd1][0x83][0xb4]G[0x95][0xd6]6!*YZ[0xdb][0x84][0xa8]lim[0x13]"[0x17][0xd1][0xda]&[0xba][0xd5]@H[0xbb][0x8d][0x8][0xfb][0x9]|[0xe8][0x0][0xd1]Y[0x89][0x8a][0xf3][0x8a][0x86]H[0x13][0xfb][0x84][0x9d][0x9][0xbb]/[0x14]Q[0xd2][0x12][0x9f]C([0x9d][0xb0]'[0xc1]&[0xba][0x15][0x95]t[0x9b]47D[0x9a]4'>[0x9a][0x88]NPH{[0xe3][\r][0x91]f[0xc6][0xa1]6aYN[0x94][0x93]X[0xa9]P[0x9e]Y[0x92][0xa1][0x90][0x95]Z\[0xc][0xea]m[0x81][0x13]0"Y[0xe0]o[0xb4][0xa0]X[0x87](d [0xb5]$F[0x95]C[0xa5][\n]"
05:47:17.201 [main] DEBUG org.apache.http.wire -  << "[0x14]i[0x2]}[0xa8]-[0xb]54#[0xa5]|[0x4]G[0x5][0xd1]QO[0xcd][0xb2][0x4][0xe9][0xdc]:h[0xd2][0xc1]<[0xb9][\n]"
05:47:17.201 [main] DEBUG org.apache.http.wire -  << "[0xde][0x80][0x18]@g"[0xc6][0xc][0xb0]7$[0x7][0xb6][0x9d][0x8b]4[0xa3][0xf][\r]E[0xa2]3 R[0xac][0x13][0x9f][0x3][0x91]f[0xf7][0xb1][0x7][0x7][0xb1][0xd9][0x9a][0x9a]I[0xc9][0x1c][0xa3][0x95]Ct [0x10][0xeb]\[0xe4]R[0x8][0xe9]<[0xbc]!W8 [0xad]h[0x80]"
05:47:17.201 [main] DEBUG org.apache.http.wire -  << "[\r][\n]"
05:47:17.202 [main] DEBUG org.apache.http.wire -  << "1E5[\r][\n]"
05:47:17.202 [main] DEBUG org.apache.http.wire -  << "[0xa6][0x97]A[0x99][0xeb]0[0xef][0xe5][0xa4]m[0x8c][0xe][0x8d]"[0x13]i[0xfb][0xf1][0xd0]Kx[0x88]rtP'<R[0x9a][0xfc][0x3]W+[0x99]#[0xfa][0xaa]C.%[0x90][0xb4]8h[0xe0][0x82][0x18]ie[0xd1]`N[0xb0]H[0x8b][0x93][0x86]^J@L[0xa9][0xd1]lj[0xd7][0x2]1[0x10][0x8][0x8d]F[0xcc][0xbb]=[0xe1][0xcd]LX[0x97][0x95][0xe8][0xa6][0x11]5[1[0x16][0x18][0x95][0x10][0xa6]K[0x11][0xcd][0x15]|[0xa3]ZTu[0x15][0xa2][0xec]Q[0xa0][0x10][0x96]Y[0x96][0xaf][0x10]id[0x84][0xd1][0xef][0xca]M[0xcd][0xcd][0xcc][0xc9][0xcc][0xce]T(.H-[0xce]L[0xcb][0xcc]N,[0xce]T[0xa8]L[0xcc]KWH,[0xc8][0x4][0x9d][0xc2][0x6][0x1d][0xc3]4[0x6][0xcd][0xa3][0x11][0xbb]n[0xdf][0x10]i[0xd5][0x16]4[0xf2]h[0xda][0xc][0xc0]<[0xe9][0x96][0xb6][0xd6]![\n]"
05:47:17.203 [main] DEBUG org.apache.http.wire -  << "q[0xa8][0xef][0xf0][0xb4][0xc5][0xb0]$M[0xe2][0x7]9[0x88]>[0xee][0x16]_7[0xdd][0x98][0xe8][0x11][b[0xd6][0xb5][0xe1][0xcb]s$x[0xc]1 @8[0x8][0x7][0xae].[0x1]]`[0x0][0x9d]M[0xc5][0xef]L*[0x85]?F[0x99][0x87]'a[\r]`[0xa8]`[0x14]x8[0x9c]I[0xa5]PA[0x94]d[0xf8]#!#[0xb1]Xa[0x0]Ceh4[0x94][0x91]nr[0xc6]>[0x10]0[0xa0][0xe3]"[0xe0]m[0x17][0xd0][0x1c]7([0x9d][0x87]([0xb7][0xb0];[0xf]Q[0xd1][0xe3][0x1f][0x9b][0xa1]bUo[0x84]t[0x6][0x9]vG[\r]p[0x94]"[0x8a][0xb][0xec][0xce][0x1b][0x90]0[0x1b][0x12][0x85][0x8a][0x11][0xd2]!#[0x83][0xb8][0xec]3BZ[0x87][0x89]=[0x8a][0x7]6[0x5]"-[0xa6][0x84]\>[0x6][0xd9][0x89][0x88][0xed]20[0xa7][0x9c][0xc4][0xbc][0x94][0xcc][0x92][0xcc][0xcc]b[0x85][0xe4][0xd2][0x9c][0x82]D[0x85][0xd4][0xbc][0xcc]\[0xd0]F[0xd6]D[0xa4][\r][0x97][0xa0]Sy[0x89]Y[0xb8]f[0x84]t[0xc][0xfe][0xa0][0xc][0x17]D?[0x8e]6K[0xb9][0x8c][0xc][0x11]-[0x9a]A[0x19][0x0][0xc4][0x96][0x2]Ti[0xc9][0x18][0xa1][0xad]c[0xa4][0xfe][0x2]C#[0xa4]%[0x8c][0x83][0xb9][0xbc]@Z[0x7][0x89][0xdf][0x99][0xd4][0x9]w[0xa4]E[0x91]t[0xb1][0xe]1[0xad][0xe1][0xb]Z[0xc][0x1e][0x9c][0x9f][0x9c][0x8c]e[0xbf]sr~R[0xa2]BrQjbI*l[0xbd]8[0xa2]&4&[0xb6][0xaf]m[0x84]t[0xbe]=[0xd4]6[0x0][0x0][0x0][0x0][0xff][0xff]"
05:47:17.203 [main] DEBUG org.apache.http.wire -  << "[\r][\n]"
05:47:17.204 [main] DEBUG org.apache.http.wire -  << "21F[\r][\n]"
05:47:17.204 [main] DEBUG org.apache.http.wire -  << "[0xa2][0xd4]6C[0xdc]+X[0x8d][0x8c][0x10]E[0x6][\r]No0BZeIjL[0x11]=[0xf6][0x83]4%d[0x84]y[0xd6][0x12][0xe6][0xd8][\r][0xbe][0x1e]/[0xfd][0x1a]yH[0xf7]eCC[0x6][0xd3][0xa5][0x88][0xe4]C[0xa7]Q&#[0xa2]/"[0xa0]RFF[0x8c][0xf2][0xf][0xc6][0xea][0x84][0xe8][0x83][0x9d][0xa8][0x13][0x1a]H[0xeb]KiT}#-[0x16][0xa5][0x95][\r][0x88][0xf2]dP[0xc6]([0xa1][0xbe][0xcb][0xc0]6l[0x91]VqR[0xfb]@ #[0xa4][0xe5][0x9b][0xd4]7[0x9b][0x94][0x11][0xd4][0x1][0x1b][0xd2]1[0xa2][0xdb]zO#[0xa4][0xbb]J[0xa0][0xa5][0xbb][0xa9]BpNf.[0xc6]x=[0xbe][0xca][0x88][0xe8][0xe1]W#[0xd0][0x5][0xd1][0x83]x[0x94][0xc5][0x4][0xd1]k[0x80][0x85][0x6][0xf6][0x80][0xa0]N9jJ([0x93]#[0xea]U[0xfa][0xd5][0xf7][0x98]+[0xf4]p[0xc][0xb2][0x82]F=)[0x99]d0BZ3G[0x8f][0xd0]F:|f0[0x96][0xf8]H[0xc7][0xa0][0xa7][0xa4][0x16]'[0x17]e[0x16][0x80][0xce][0xe1][0xc7]H~[0x88]$[0x81][0xaf][0xa9][0x85][0xdc][0xd4]D[0x9a][0xd0][0xa4][0xb2][0xc1][0x88][0xe4]K[0xa3]J[0x1a][0xe9][0xac][0x7]*;[0x1d]1f>([0xd3][0x2][0xa2][0x9a][0xc2][0xee]<D*[0xa0]_[0xc1][0x80]4'[0x88][0xdd]Q[0x3][0xdb]$A:[0xc3][0x2][0xbb][0xf3][0x6]$[0xcc][0x10][0xad]L[0xfc]E[0x1c][0xc5][0x85][0xa9]%[0xa2][0xea][0xc2][0xee][0xfd][0x1][0x8e][0x1d][0xc4][0x80][0x17]v[0xe7][\r]H[0xec] zu[0xb4][0x8e][0x1d]B[0x19]z@c[0xc7][0x18][0xe9][0x80][0xfc]A[0x13];[0xc6]H's[0xd0][0xa6]z1&xP[0xc6][0x0][0xc7][\n]"
05:47:17.204 [main] DEBUG org.apache.http.wire -  << ""y[0xd2]*[0x0][0x10][0xc9][0x92]F6 [0xcd][0x80][0xd0][0xca][0x6][0xc4][0xa0]'[\r][0x6][0x6][0x8d][0x91]N[0x8d][0xc0][0x9e]5[0x6]6[0x8d][0xc][0xee]y[0xe]c[0xc3]AX[0xec][0x1b]c[0x99][0xab][0xa0]a[0x9f][0xd7][0x18]i[0xce]a0[0xa6] #D[0xfe][0xc1][0xee][0xbc][0x1][0xa8][0x99][0x8d][0x91][0xe6][0x16]hTl [0xcd]'x[0xa4]&[0x96]U*[0xb8][0x94][0x96]T*@O[0x1d][0xe][0xc8]I,I[0xc5][0xe8]z9[0x96][0x96][0xa4][0xe6][0xa2][0x1f]5\[0x94]ZT[0x9a][0x8b]4E[0xb]>[0xe5][0x8a][0x98]9Zc[0xa4])[0x7][0xc7][0xf2][0xd4][0xe2][0xfc][0xdc]T[0x85][0x80][0xc4][0x82][0xd4]"[0x5][0xe7][0xfc][0xc4][0x12][0xc][0xcb]][0xf3][0x8b][0x15]2[0xb][0x8a]Ks[0x15]2K[0x12][0xb]KS[0x15]r[0x12][0x93][0xf2][0x8b]2[0xf3][0x8b][0x13]s[0x15]R[0xc1][0x2][0xa9]%[0xa0][0xe9][0xe2][0xcc][0x12]r[0x1c]cj[0x8c][0xe8][0xcb][\r][0x9a]T`[0x8a]4[0xca]H[0xd3][0xf6][0x19][0x0][0x0][0x0][0xff][0xff]"
05:47:17.205 [main] DEBUG org.apache.http.wire -  << "[\r][\n]"
05:47:17.205 [main] DEBUG org.apache.http.wire -  << "BD[\r][\n]"
05:47:17.206 [main] DEBUG org.apache.http.wire -  << "21E[0x1a]s[0x1c]D[0xde]G[0xd4][0xce][0x83][0xc7]QHC[0x93][0x83][0xc8]Q[0x83][0xb0][0xc]3%8[0xd6]9[0x0][0x5][0xab])[0xd2]i[0xfb][0x83]([0xfa][0x10][\r][0xdd]A[0xe4][0xa8][0xc1][0x98][0xfb][0x90][0xf6][0xd3][0xf][0x9e][0x90]B[0xba][0xba][0xdb]1[0xb5](?[0xa5]2/173Y[0x1][0xb2][0xd6][0xc9])[0xbf][0xa4]$[0x7][0xb3].[0x5][0xd5][0x90][0xf9]y[0xa9][0x90]UN[0xe0][0xa5]Ny[0x99][0x19][0x99]9[\n]"
05:47:17.206 [main] DEBUG org.apache.http.wire -  << "[0xc9][0xf9]EE[0xa5][0x5]%[0x99][0x90]+GS[0x8b][0x15]r[0x13]!'[0xb3][0xa7][0x92]W[0xaf][0x99]"[0x92][0x16]m[0xab][0x10]#[0xa4];2[0xb0]G[0xcd][0x80]v[0x14][0x8c][0x8]f[0xfc][0x1]v[0x1e][0xa1][0xdc]6[0xb0][0xce]C:nc0F.[0xd2][0xe9][0x17][0x83][0xd2]y[0x88]^ [0xfe]LH[0xa5]i[0xb5][0xc1]=[0xb8][0x8f]t[0xac][0x7][0xf6][0xc8]"[0xd8].[0x0][0x0][0x0][0x0][0xff][0xff]"
05:47:17.206 [main] DEBUG org.apache.http.wire -  << "[\r][\n]"
05:47:17.207 [main] DEBUG org.apache.http.wire -  << "87[\r][\n]"
05:47:17.208 [main] DEBUG org.apache.http.wire -  << "*[0xca]L-V[0xb2][0x8a][0xa6][0xe6]Rn[0xba][0x9d][0x0]b[0x84]t[0x8c][0x83]o~i1f[0xd5][0x80]o[0xa6][0x99][0xd8]9/3D[0x12][0xa0][0xa1]%[0x88][0xba][0x85]6[0x9d]T#[0xcc][0xc3][0x1a]p[0xcc][0xc5]R'[0xe3] [0x9d][0xd5]@[0xdd][0xe9]6[0xa4][0xf3][0x16][0xa8]l0[0xa1]m[0x11][0x3][m [0x9d]J0x[0xb2][0xba]9[0xa2][0xab]O[0xa3]d[0x8b]t[0xec][0x0]vo[0xf]p[0xac] [0xf2]-v[0xe7][\r]D[0x1][0x8c][0xb4]A[0x9f]F[0xb1][0x82][0xb9][0x8d][0x1e]s!'[0xbe][0xb2][0xd7][0xc8][0xd2][0x12][0xf5]H[<[0x7][0xce][0x1a]!m[0x86][0xa7][0x95]w"
05:47:17.208 [main] DEBUG org.apache.http.wire -  << "[\r][\n]"
05:47:17.209 [main] DEBUG org.apache.http.wire -  << "45F[\r][\n]"
05:47:17.210 [main] DEBUG org.apache.http.wire -  << "[0x10]Y[0x1f][0xda][0xa8][0xa0][0xa1]w,[0x11][0xf5][0x9][0xd4]2[0x1c][0x5]1[0xa5][0xf3][0xb8][0xc6]H{[0xaa]h[0x13]p[0xc6][0x6][0x88][0xd6][0x18][0xf6][0xe4]?[0xa0][0xb9][0xd3][0x98][0xe6]{[0x15][0x8c][0x91][0xd6]^[0xd3]([0x88][0x91][0xd6]L[0xf][0xc6] 6[0x1a][0x84][0x5][0xa0][0xf1][0xe0]>S[0xd7][0x18]i[0xcd]3[0xf6]([0x1d][0x80]J[0xc3][0x18]i[0x99]4[0xad][0xce][0xc3]0F[0xba][0x10][0x97]vv [0x16][0xaf][0xc0][0x8a]WZ[0xce][0xc8]!Mv [0xdd][0x85][0xe8][0x93][0x99][0x97][0x9a][0x87][0xe3][0xc2][0xc9][0xb0][0xfc][0x9c][0xd2][0x82][0x92][0xc4]b[0x85][0xb2][0xd4][0xbc][0xcc][0xc4]\[0x85][0xc4][0x9c][0xcc][0xc2][0xd2][0xcc][0x14][0x9c]S-&[0xb8]w[0xb2][0x18]#[0x9d][0xb5][0xeb][0x9a][0x97]_[0x94][0x9b]_Z[0xac][0xe0][0x9b]X[0x94][0x94][0x93][0x8a][0xc3]r[0xcf][0x14][0x85]2[0x88][0xfd]%[0x99][0xa0][0xdb]-[0xcb]2K[0x12]S[0x15][0x8a]K[0x8b][0x93]3[0xb]2a[0xf7][0xc9][0x15]+$&)[0xe4]d&[0xa5][0x16][0xe5][0xe3]t[0x15][0x9e][\n]"
05:47:17.211 [main] DEBUG org.apache.http.wire -  << "[0xdb][0x18]i[0xae][0xc5]3[0xaf]$5''3=5[0xaf]D[0xc1][0xbd](1/[0xb3]$U[0x1][0xc7]0^`i[0xa6]Bqi^[0x89]Bn~NjqIfb*[0x9c]U[0x8c][0xe3][0x82];[0xe2]'[0xc8][0x8]N[0xca][0xc]lE[0x85]4[0x13][0xe2][0x96][0x98]W[0x92]X\[0x92][0x99][0xac][0xe0][0x9c][0x9f][0x97]\[0x94]Z[0x82]+*[0x83][0x10]w[0xfe])[0xa4][0x82][0xd2]Rj[0x89]Bai~[\n]"
05:47:17.212 [main] DEBUG org.apache.http.wire -  << "[0xe8][0xa6][0xc9]D[0xe8][0x98]g.hv/1%[0xb3] [0xb3]8[0x19][0xf9][0xfa]I[0xd4][0x80][0xc3]s[0x9f][0x80]1[0xd2][0xa2]n[0xec]e[0xd5][0x0][0x7][0x1c]bQ[0x1c]l[0xe2][0x13]:[0xef][0xea][0x9d][0x97][0x99][0x86]9 [0xe0][0x94][0x9a][0x8]J[0xf0][0xd0]<[0xa7][0x80]'[0xdb][0xe1]K[0xe0]Hk[0xbb][0x7]e[0xa0] Ze4j[0x94][0xc][0xee][0x11]`c[0xa4][0xfb][0x93][0x7]c[0xfc][0xc][0xee][0x11]`c[0xa4][0x11]`[0x9f][0xcc][0xf4][0x8c][0x92][0xf2]T[0x10][0xa9][0x10][0x9e][0x9f][0x9f][0xa3][0xe0][0x9c][0x91][0x98]Y[0x84][0xb1][0xa0][0xc0][0x7][0xb4]~ [0x15]^[0xb3][0xa4][0x16]+$[0xc1][0xb7][0xa0]#[0xd5] [0xa0]f[0x19]h[0xb2]&/[0xbd]X[0xc9][\n]"
05:47:17.212 [main] DEBUG org.apache.http.wire -  << "_[0xfe]B[0x9a][0x5][0xc2][0x1e][0x3][0xd1]@2[0xa5]y[0xae]2E[0xf4][0xc]s[0x13]3[0xf3][0x12][0xf3][0x14][0x12][0xf3][0x12]A[0xe7]W[0xa1][0xde][0xc]S\[0x92][0x9a]Z[0x94][0x99][0x97][0xae]P[0x9e][0x91][0x9a][0x9a][0x83][0x8][\n]"
05:47:17.212 [main] DEBUG org.apache.http.wire -  << "[0xa2][0xb7][0xce][0x18]#[0xcd]da[0xf][0xdf][0x81]-[0xd4][0x91][0x6][0x90][0xb1];[0xf][0xe1]g[0xba]-Y7F[0xda][0xcb]B[0xa3]B[0xd5][0xc]1[\n]"
05:47:17.213 [main] DEBUG org.apache.http.wire -  << "A+[0x1b][0x10][0xb5]%5[0xaf]=[0xc2][0xb3][0xd7][0xda][0x18]i[0xa7]Lqiq[0xa9]BviJ[0xa2]BNf"f![0x2][0x96][0x86]&x[0xe8][0x81]m[0x96]([0xa7]~[0xe1]k[0xa6] [0x9d];M[0xdb][0xac][0x83]4[0xe5][0x0][0xed]^[0x98]a[0x14][0x87][0xf0][0x91]/[0xf4]][0x86][0xc4]gQ[0xa4]Y[0x7]Z%[0x6]D[0xcf][0x1d][0x1c][0xf4][0x14][0xc4][0xc][0xbe][0xb2][0x1c]i[0xde][0x81][0x9a]i[0xe][0x9f][0x95]Hs[0xf][0xd0]8[0xa2][0xd5][0x8][0x1b][0xd2]i[0xcc]4[0x8a]%[0xa4]3[0x93]i[0x19]KH[0xb3][0xb]4[0xb5][0x86][0xd6][0xf3][0x5][0xc6]H[0xf3][0x5][0xa0][0xb2]D![0xb1]2[0x11]s[0x3]*[0xd8][0x8b] iDE[0x82]Z[0xd4][0xe0]M][0x88]Z[0x9a][0xd6][0xa9][0xb][0x91]Ci[0x95][0xba][0x10]K%h[0xec][0x17][0xa4]A|Z[0xdb][0x84][0xa8][0xe4]h[0x14]jH[0xbb] i[0xed][0x17]D[0x9b][0x13]{Kh`[0x1b]jHg[0x96]bw[0x1e]"[0xd1][0xaf][0xa1]f[0x81]H[0xd3]4[0x8a][0xa4][0xdd][0x8b][0xb4][0xb2][0x1][0xb1][0x8][0x95]^[0x95]&[0xc1]=[0x8f][0x3][0x9b][0xd4][0x8][0xee]I[0xc4][0x95][0xd4][0x8c][0xd1][0x86]O[0xa9][0xb8][0xd2][0xc5][0xd8][0x92][0xe6][0xd5][0x19][0xd2]u[0xe2][0xb4]Jj[0x88][0xea][0x8c]V6[0xd0][0xbc][0x1a][0x3]u[0x13][0xa0]GA[0xd0][0xc6][0xf]&[0xa0][0x93][0xac][0xa0]6[0xd0][0xb6][0xc8]7A[0xda]?[0x89][0xb4][0x99][0x4]:[0xa8][0x8f]}[0xf8][0xc5]5[0xb3][0xb4]X[0xa1] [0xb5][0xa8][0xb8] 393[0xb1]$[0xb3][0x18]4[0x4][0x8c]4[0xee][0x2]J[0xa6][0xc4][0x8c][0xbb][0x98][0xd0]|[0x9b][0xa4][0x9][0xcd][0xa7][0xa4]M[0x90]6b[0xba][0xe7][0x17][0xa5][0xa7][0x82][0xa6]D[0xc2][0xf3][0xf3]SR[0xf3][0x14][0x9c][0xb1][0xf4]:[0xfd]S2K[0x10]+[0x85]as#[0xa9][0xc8][0xdb]p@[0x8b][0xec][0x88][0xb]>Z[0x17][0x7]&H[0xf3][0xed][0xb4]N[0x86][0xb4][0xce][0xb4]&[0x6][0x88]z[0x1a][0xbf]_[0xa8][0xb2] [0xcd][0x84][0xe6][0xbb]GM[0x90][0xe][0xca][0xa4]Q)[0x84][0xb4][0x81][0x94]V6 [0x1a][0xcf]t[0x89][0x14]D*[0xc3][0xde][0x80][0x1c][0xd0]F[0x87][0x9][0xd2][0x99][0x8b][0xd8][0x9d][0x87][0xab][0xd1][0x81][0xde][0xa4]b[0xa3][0xc3]d0n[0xb2]4[0xc5][0x1c][0x16][0xa3][0xd1][0x90][0x8b])[0x96][0xc1][0x1d][0x1a][0xce][0xef][0x9b]"[0x8d][0xf0][0x4]8+[0xb8];[0xfa]z[0xfa][0xb9]c[0xc][0xf8][0x5][0x7][0xb8]z+xx[0xba]{ [0xd2][0x83]%[0xa8][0xc5]@L[0xad]a[0x8a][0xb4][0x96]. 1'[0xd1]'[0xdf][0x7][0xf3]2x[0x9c]#[0x8a]F[0x96][0x96][0xa0]E[0x15][0xc4]Y[0x84][0x18]_[0xa6][0xb1]E[0x88]%[0x18]t[0xea][0xbd][0x98]"[0xdd]_Bc[0xbf]![0x9a][0xcb]t[0xf2][0x9b][0x9][0xd2][0xbe]|[0xfc]e2[0xa5][0xb][0x6]M[0xc][0x11][\r][0x18][0x0][0x0][0x0][0x0][0xff][0xff]"
05:47:17.213 [main] DEBUG org.apache.http.wire -  << "[\r][\n]"
05:47:17.214 [main] DEBUG org.apache.http.wire -  << "18B[\r][\n]"
05:47:17.215 [main] DEBUG org.apache.http.wire -  << "[0xc2]^[0xde][\r]lq[0x8c][0xb4][0x9c][0xf][0xbb][0xf3][0x10][0xd9][0x8f]n[0xc3][\r]&H[0x9b][0xbf]iT'#m[0xee][0xa6]q[0xfc]#[0xad]f[0xa4][0xb5]M[0x88][0x81]-[0xfc]6Q[0xa7][0xf1][0x87]t[0xc4]+[0xad]"[0x9][0xd1][0x92][0xc1][0xef]![0x8a]3)h[0x16][0x1d][0xda][0x15][0xa5][0x91]_[0x88]>[0x2][0x96]b[0xbf] [0xad][0x84][0xa4]q[0xa8]!-o[0x84][0xd9]D[0xc3]f[0x83][0x9][0xa8]R[0xa6]q$!*Y[0x98][0x87]0[0xda]%[0xf0]f[0x3]%g+[0x9a] -q[0xc4]^[0xec][0xe]l[0xad][0x80][0xb4][0xda]pP:[0xf][0xd1][0xcd][0xc5][0xee][0xbc][0x81][0xa8][0xb4][0x90][0xd6][0x1b][0xd2][0xa8][0xc]AZ7[0x8]M[0x9e][0xa4]m[0xa9][0xa0]_[0x5][0x8e]t[0xb6][0x2]N[0x97]"[0xe2][0x8][0xdf][0xae]Aj[0xf6][0xf2]L[0x10][0x1d]q[0xec][0xc9]f`3[0x1d][0xd2][0xe]u[0x1a][0x9c][0x94]e[0x2][0xba][0x9c][0x84][0xb6][0xc5][0xe7][0xe0]^[0xc1]hBp[0x5]#"E[0xd2]/[0xa7][0x98][0x1a][0xe8](Ac[0x5]gN[0xc1]W[0xe5][0xd0][0xd1][0xa5][0x88][0xf9]3[0x9c].E[0x84] [0xbd][0xf2]4[0xd2][0x89][0x1b]n[0xa5]Ey[0x99]%[0xa5]E[0xa9][\n]"
05:47:17.215 [main] DEBUG org.apache.http.wire -  << "![0xf9][0x5][0x18][0xf5]6B6%[0xb1](S[0xc1]+[0xb5] [0xb1][0x8]4([0x0]][0x16]e[0x8]J[0x1d][0xc4]t[0xf9]M[0x90][0x16]R[0xd2][0xa8][0x9c]G:w[0x9a]V6`t[0x15]([0xa9]Ih8[0x1d]hb[0x8a][0x18][0x1b][0x18]L[0xa9][0xe][0xd1]3A[0xa4]+[0x9a][0xa6]:[0xa4][0xf5][0x9b]T[0xdd][0xa2]m[0x82][0xb4][0x6][0x13][0x1a][0xc0]4[0x1a]e4![0xfa]<q[0x8a][0xbb]@H[0xb]$i[0xed][0xa7][0xc1]=[0xba][0x83][0xb4][0xe2][0x91][0xda]w5[0x98][0x98]![0xf2][0xc0]`lM![0x8d]i[0xf]J[0xe7]![0x6][0x8e][0x7][0xa5][0xf3][0x10]=a[0xec][0xce]C[0xd4][0xf4][0xf4]k[0x81] [0xad]C[0xc4][0xda]@[0x6][0x0][0x0][0x0][0xff][0xff]"
05:47:17.215 [main] DEBUG org.apache.http.wire -  << "[\r][\n]"
05:47:17.215 [main] DEBUG org.apache.http.wire -  << "C4[\r][\n]"
05:47:17.215 [main] DEBUG org.apache.http.wire -  << "JO[0xcc]MU0U(.[0x1][0xcf]IC+v[0xfc][0xce]C:[0x88][0xdf][0xc4][0x1c]Q[0xd5]`[0xf7][0xf3][0xc0]v[0xf][0x90]N [0xc0][0xee][0xbc][0x81][0x88][0x12][0xa4][0x89][0x16][0xf8]fI[0xc8][0xa6][0x16]l[0x87]d:&'[0x97][0x16]'[0xe6][0x95]d[0x96][0xe6]*[0xe4][0x83][0xee]O[0x80]n[0xa9]+FZX[0x81][0xba][0x8d][0xe]}[0xd2][0xf])[0xbe]L[0x91]N-[0x9][0xae][0xcc]K-J[0xcf][0x4]o[0xf1][0x83].L[0x8][0xce][0xc8]O[0x5]][0xfd][0x85][0xba][0xcf][0xc3][0x15][0xbc][0x9f][0xf][0xb4][0xa7][0x8f]L;[0x11][0xf9][0x82][0xb6]5[0x8b])[0xd2]1 [0xb4][0xb6][0x9][0xd1][0x18][0xc]([0xca]O)M.Qp,[0xcd][0xc9]LT0[0xc6]hD[0x83]n[0xad]+[0x80][0xaa]I[0x84][0xab][0x81][0xe6]4|M~[0x94]xC[0xe4]3[0xfa][0xd8][0x87][0xa8][0xa8][0xe8]c[0x1f]bt[0x8a][0x86][0xf6][0xc5][0xd6]r[0x1][0x0][0x0][0x0][0xff][0xff]"
05:47:17.216 [main] DEBUG org.apache.http.wire -  << "[\r][\n]"
05:47:17.216 [main] DEBUG org.apache.http.wire -  << "A[\r][\n]"
05:47:17.216 [main] DEBUG org.apache.http.wire -  << "[0x3][0x0][0x82]:[0x18][0xc3][0x9d][0xba][0x1][0x0]"
05:47:17.216 [main] DEBUG org.apache.http.wire -  << "[\r][\n]"
05:47:17.217 [main] DEBUG org.apache.http.wire -  << "0[\r][\n]"
05:47:17.218 [main] DEBUG org.apache.http.wire -  << "[\r][\n]"
05:47:17.285 [main] DEBUG io.restassured.internal.RestAssuredHttpBuilder - Parsed data to instance of: class org.apache.http.conn.EofSensorInputStream
05:47:17.391 [main] DEBUG org.apache.http.impl.conn.BasicClientConnectionManager - Releasing connection org.apache.http.impl.conn.ManagedClientConnectionImpl@2c02a007
05:47:17.391 [main] DEBUG org.apache.http.impl.conn.BasicClientConnectionManager - Connection can be kept alive indefinitely
05:47:17.559 [main] DEBUG net.thucydides.core.steps.StepInterceptor - STEP DONE: I send HTTP GET request
  &amp#27;[32mWhen &amp#27;[0m&amp#27;[32mI send GET HTTP request&amp#27;[0m                      &amp#27;[90m# starter.stepdefinitions.UserSteps.iSendGETHTTPRequest()&amp#27;[0m
05:47:17.567 [main] DEBUG net.thucydides.core.steps.StepInterceptor - STARTING STEP: UserSteps.iReceiveValidHTTPResponseCode - I receive valids HTTP response code 200
05:47:17.712 [main] DEBUG net.thucydides.core.steps.StepInterceptor - STEP DONE: I receive valids HTTP response code 200
  &amp#27;[32mThen &amp#27;[0m&amp#27;[32mI receive valid HTTP response code 200&amp#27;[0m       &amp#27;[90m# starter.stepdefinitions.UserSteps.iReceiveValidHTTPResponseCode()&amp#27;[0m
05:47:17.719 [main] DEBUG net.thucydides.core.steps.StepInterceptor - STARTING STEP: UserSteps.iReceiveValidDataForAllProducts - I receive valid data for all products
05:47:19.032 [main] DEBUG net.thucydides.core.steps.StepInterceptor - STEP DONE: I receive valid data for all products
  &amp#27;[32mAnd &amp#27;[0m&amp#27;[32mI receive valid data for all products&amp#27;[0m         &amp#27;[90m# starter.stepdefinitions.UserSteps.iReceiveValidDataForAllProducts()&amp#27;[0m
05:47:19.039 [main] INFO  - 
  _____   ___   ___   _____     ___     _     ___   ___   ___   ___  
 |_   _| | __| / __| |_   _|   | _ \   /_\   / __| / __| | __| |   \ 
   | |   | _|  \__ \   | |     |  _/  / _ \  \__ \ \__ \ | _|  | |) |
   |_|   |___| |___/   |_|     |_|   /_/ \_\ |___/ |___/ |___| |___/ 

GET - As admin I can get all product data
----------------------------------------------------------------------
]]></system-out>
  </testcase>
  <testcase name="GET - As admin I cannot get all product data" classname="User" time="1.048">
    <system-out><![CDATA[
@TC-002
Scenario: GET - As admin I cannot get all product data &amp#27;[90m# src/test/resources/api/user.feature:15&amp#27;[0m
05:47:19.075 [main] INFO io.cucumber.core.plugin.SerenityReporter - Running feature from file:///C:/Users/Lenovo/IdeaProjects/MiniProject/MiniprojectApi/src/test/resources/api/user.feature
05:47:19.075 [main] WARN io.cucumber.core.plugin.SerenityReporter - Feature from file:///C:/Users/Lenovo/IdeaProjects/MiniProject/MiniprojectApi/src/test/resources/api/user.feature is not under the 'features' directory. Requirements report will not be correctly generated!
05:47:19.080 [main] INFO  - 
  _____   ___   ___   _____     ___   _____     _     ___   _____   ___   ___  
 |_   _| | __| / __| |_   _|   / __| |_   _|   /_\   | _ \ |_   _| | __| |   \ 
   | |   | _|  \__ \   | |     \__ \   | |    / _ \  |   /   | |   | _|  | |) |
   |_|   |___| |___/   |_|     |___/   |_|   /_/ \_\ |_|_\   |_|   |___| |___/ 

GET - As admin I cannot get all product data(user;get---as-admin-i-cannot-get-all-product-data)
--------------------------------------------------------------------------------
05:47:19.199 [main] DEBUG net.thucydides.core.steps.StepInterceptor - STARTING STEP: UserSteps.iSetUnmatchedGETApiEndpoints - I set the GET api endpoints
05:47:19.199 [main] DEBUG net.thucydides.core.steps.StepInterceptor - STEP DONE: I set the GET api endpoints
  &amp#27;[32mGiven &amp#27;[0m&amp#27;[32mI set unmatched GET api endpoints&amp#27;[0m              &amp#27;[90m# starter.stepdefinitions.UserSteps.iSetUnmatchedGETApiEndpoints()&amp#27;[0m
05:47:19.205 [main] DEBUG net.thucydides.core.steps.StepInterceptor - STARTING STEP: UserSteps.iSendGETHTTPRequest - I send HTTP GET request
05:47:19.207 [main] DEBUG net.thucydides.core.steps.StepInterceptor - STARTING STEP: GetAllProduct.iSendGETHTTPRequest - I set the GET api endpoints
05:47:19.208 [main] DEBUG net.thucydides.core.steps.StepInterceptor - STEP DONE: I set the GET api endpoints
05:47:19.239 [main] DEBUG org.apache.http.impl.conn.BasicClientConnectionManager - Get connection for route {s}->https://altashop-api.fly.dev:443
05:47:19.239 [main] DEBUG org.apache.http.impl.conn.DefaultClientConnectionOperator - Connecting to altashop-api.fly.dev:443
05:47:19.471 [main] DEBUG org.apache.http.client.protocol.RequestAddCookies - CookieSpec selected: ignoreCookies
05:47:19.471 [main] DEBUG org.apache.http.client.protocol.RequestAuthCache - Auth cache not set in the context
05:47:19.471 [main] DEBUG org.apache.http.client.protocol.RequestTargetAuthentication - Target auth state: UNCHALLENGED
05:47:19.471 [main] DEBUG org.apache.http.client.protocol.RequestProxyAuthentication - Proxy auth state: UNCHALLENGED
05:47:19.471 [main] DEBUG org.apache.http.impl.client.DefaultHttpClient - Attempt 1 to execute request
05:47:19.471 [main] DEBUG org.apache.http.impl.conn.DefaultClientConnection - Sending request: GET /api/products HTTP/1.1
05:47:19.471 [main] DEBUG org.apache.http.wire -  >> "GET /api/products HTTP/1.1[\r][\n]"
05:47:19.472 [main] DEBUG org.apache.http.wire -  >> "Accept: */*[\r][\n]"
05:47:19.472 [main] DEBUG org.apache.http.wire -  >> "Host: altashop-api.fly.dev[\r][\n]"
05:47:19.472 [main] DEBUG org.apache.http.wire -  >> "Connection: Keep-Alive[\r][\n]"
05:47:19.473 [main] DEBUG org.apache.http.wire -  >> "User-Agent: Apache-HttpClient/4.5.13 (Java/14.0.2)[\r][\n]"
05:47:19.473 [main] DEBUG org.apache.http.wire -  >> "Accept-Encoding: gzip,deflate[\r][\n]"
05:47:19.473 [main] DEBUG org.apache.http.wire -  >> "[\r][\n]"
05:47:19.473 [main] DEBUG org.apache.http.headers - >> GET /api/products HTTP/1.1
05:47:19.473 [main] DEBUG org.apache.http.headers - >> Accept: */*
05:47:19.473 [main] DEBUG org.apache.http.headers - >> Host: altashop-api.fly.dev
05:47:19.473 [main] DEBUG org.apache.http.headers - >> Connection: Keep-Alive
05:47:19.473 [main] DEBUG org.apache.http.headers - >> User-Agent: Apache-HttpClient/4.5.13 (Java/14.0.2)
05:47:19.473 [main] DEBUG org.apache.http.headers - >> Accept-Encoding: gzip,deflate
05:47:19.861 [main] DEBUG org.apache.http.wire -  << "HTTP/1.1 200 OK[\r][\n]"
05:47:19.861 [main] DEBUG org.apache.http.wire -  << "content-type: application/json[\r][\n]"
05:47:19.861 [main] DEBUG org.apache.http.wire -  << "date: Mon, 08 May 2023 22:56:10 GMT[\r][\n]"
05:47:19.863 [main] DEBUG org.apache.http.wire -  << "transfer-encoding: chunked[\r][\n]"
05:47:19.863 [main] DEBUG org.apache.http.wire -  << "content-encoding: gzip[\r][\n]"
05:47:19.863 [main] DEBUG org.apache.http.wire -  << "server: Fly/3f2597ca (2023-05-03)[\r][\n]"
05:47:19.863 [main] DEBUG org.apache.http.wire -  << "via: 1.1 fly.io[\r][\n]"
05:47:19.863 [main] DEBUG org.apache.http.wire -  << "fly-request-id: 01GZYS8NK76KQGYT62PG9QWBQJ-sin[\r][\n]"
05:47:19.863 [main] DEBUG org.apache.http.wire -  << "[\r][\n]"
05:47:19.863 [main] DEBUG org.apache.http.impl.conn.DefaultClientConnection - Receiving response: HTTP/1.1 200 OK
05:47:19.864 [main] DEBUG org.apache.http.headers - << HTTP/1.1 200 OK
05:47:19.864 [main] DEBUG org.apache.http.headers - << content-type: application/json
05:47:19.864 [main] DEBUG org.apache.http.headers - << date: Mon, 08 May 2023 22:56:10 GMT
05:47:19.864 [main] DEBUG org.apache.http.headers - << transfer-encoding: chunked
05:47:19.864 [main] DEBUG org.apache.http.headers - << content-encoding: gzip
05:47:19.865 [main] DEBUG org.apache.http.headers - << server: Fly/3f2597ca (2023-05-03)
05:47:19.865 [main] DEBUG org.apache.http.headers - << via: 1.1 fly.io
05:47:19.865 [main] DEBUG org.apache.http.headers - << fly-request-id: 01GZYS8NK76KQGYT62PG9QWBQJ-sin
05:47:19.865 [main] DEBUG org.apache.http.impl.client.DefaultHttpClient - Connection can be kept alive indefinitely
05:47:19.865 [main] DEBUG io.restassured.internal.RestAssuredHttpBuilder - Parsing response as: application/json
05:47:19.865 [main] DEBUG org.apache.http.wire -  << "2CF[\r][\n]"
05:47:19.866 [main] DEBUG org.apache.http.wire -  << "[0x1f][0x8b][0x8][0x0][0x0][0x0][0x0][0x0][0x4][0xff][0xaa]VJI,IT[0xb2][0x8a][0xae]V[0xf2]tQ[0xb2]241[0xb1]0[0xd2]Q[0xf2]K[0xcc]MU[0xb2]RJI-N.[0xca],([0xc9][0xcc][0xcf]S[0xd2]QrA[0xe2]Y))[0xe9]([0x5][0x14]e&[0xa7]*Y[0x19][0xe8]([0x5]%[0x96]d[0xe6][0xa5][0x17]+Y[0x99][0xe8](9'[0x96][0xa4][0xa6][0xe7][0x17]e[0xa6][0x16]+YE[0xc7][0xd6][0xea] [0xc]6[0x86][0x1b][0xec]Y[0x90][0x91][0x9f][0x97][0xaa]`h[0xa8]`f[0xa2][0x90][0x9e][0x84]axANb[0xa5]BFb[0xb1]B^[0xbe]BNfnfI1[0xc2]:#KK$[0xb][0x8d][0xd0],[0x84][0xda]fdjb[0x8][0xb7][0xcd]=173/[0x1d][0xc3][0x12][0xb7][0xfc]"[0x85]t[0xb0][0x94]BAiQA~qj[0xb1]R-[0x8a][0x83]-[0xe0]F[0xb8][0x95][0x16][0xe5]e[0x96][0x94][0x16][0xa5]*[0x84][0xe4][0x17]`[0x9a][0x4][0x97]MI,[0xca]T[0xf0]J-H,JD[0xb8][0xd8][0xd0][0x4][0xd9][0xc5][0xa6]h.F[0xb1][0xd1][0x4]ncp~^[0xa5]B@[0xb0]![0x86]e[0xf8][0xc2][0xc6][0x4]%l[0xc][0xd1]l[0xa2]j[0xd8][0x98][0x12]v)"[0x4][0x90][0x93][0x88][0x1]-]e[0x6]w[0x15][0x15]c[0xc][0xdd][0xc5][0xc8]1f[0x89]Hf.a.[\n]"
05:47:19.866 [main] DEBUG org.apache.http.wire -  << "[0xbe][0xa5][0xe9][0xa9]y[\n]"
05:47:19.867 [main] DEBUG org.apache.http.wire -  << "!E[0x89][0x99][0xf8]r[0x8c][0xa1][0x91][0x81][0x81][0x1][0xbe]0A[0xb1][0x1][0x91][0x1f][0x13][0xf3][0x12][0xb3][0x15][0x12]+[0x13]s1[0x12]Eqiq[0xa9][0x2]H[0x1a][0x11][0xe6][0x96](i[0x1][0xaf][0x1f][0xcc][0xe1][0xa1][0x16][0xe1][0xe4][0x1f][0x81][0x99][0xe4][0x10]9[0x5]a<jR3[0xa6]a[0xa4][0x82][0xfc][0x1]-[0x90][0xb0];[0xf][0x97][0xa3][0xd0][0xfd]L[0xc5][0xf4]o[\n]"
05:47:19.867 [main] DEBUG org.apache.http.wire -  << "[0x8a]>[0xa8][0xa3]h[0x13][0xef][0xa6][0x6][0x88][0x94][0x5][0x8a]X[0xea][0xc7][0xbb][0xa9][0x1][0xad]S[0x96][0xa9][0x1][0xa2][0xc8][0xa7][0x91][0x1f],[0x10]e[0xb4]SQbrjNj[0x9]F[0xe6][0xf0]MLIU[0xc8]OS[0xc8][0xc8]L[0xcf]P(,M[0xcc][0xc9],[0xa9]T(HM,[0xca]A[0xae]V[0x8c][0x88][0xcb][0x90][0xc6][0xc6]f[0x18][0x85][0xb4])[0x86][0x95][0xf8][\n]"
05:47:19.867 [main] DEBUG org.apache.http.wire -  << "i[0xd4][\n]"
05:47:19.867 [main] DEBUG org.apache.http.wire -  << "[0xc]w[0x8d]illf[0x9][0xcf][0x98]%[0xa9][0xc5][0xa0]*V[0xa1][0xa0](?[0xa5]4[0x19][0xd3][0x8f]%[0x19][0x99][0xc5][\n]"
05:47:19.867 [main] DEBUG org.apache.http.wire -  << "[0x99][0xc5][\n]"
05:47:19.867 [main] DEBUG org.apache.http.wire -  << "%[0x19][0xa9]05[\n]"
05:47:19.867 [main] DEBUG org.apache.http.wire -  << "[0xa8][0xd5]7[0x96][0xda][0x1a]=[0xd7]"[0x8a][0x1d]ccsD[0xf2][0xa3][0x9a][0xdd][0x86]h[0xc5][0x1e][0xee][0xaa][0xd0][0xd8][0xd8][0x1c][0x91]8[0xa9]j?R[0xdb][0x1][0xaf][0xf5][0x88]H[0xa6][0xaa][0xf5][0xc8][0x89][0xc][0xaf][0xfd][0x88]2[0x99]f[0xf6][0xa3][0x97][0x8f]([0xd1][0x8f][0xc8]W4[0xb3][0x1f]_[0xd2]7[0xa7]A[0xd2]GO~[0xf8][0xfc]oa@[0xfd][0xac][0x87]n?[0xbe][0xec][0x87][0xd4][\n]"
05:47:19.868 [main] DEBUG org.apache.http.wire -  << "[0xa7]Y[0xf8][0xe3][0xf5]?[0xa2][0xe4][0x1e][0x18][0xfb][0x11][0xf9][0xcf]#@!7[0xb3]$[0x1f]{[0x19][[0x92]Z[0x94][0x94][0x98][0x99][0x8d]h[0x2][0x98][0x9a][0x99]#eq[0xbc]^Dd1[0xd2][0xda][0x15][0xe8][0xf9][0x96]z[0xed][\n]"
05:47:19.868 [main] DEBUG org.apache.http.wire -  << "cc[0xb]D[0xba][0x87][0xf6][0x0]([0xa9]\[0xf0][0xa5]0KD[0xc][0x7][0x4]+`[0xda][0x92][0x9e][0x98][0x9b][0xaa]`[0xaa]P\[0x92]X[0x84][0x8]][0xd4]V[0x1f][0xbe][0xc]l[0x89][0x88]@[0xba]4[0xc5][0x8d]M[0x90][0x9a]dT[0x8]:<)[0xc7][0x4][0xa9]iF[0x15][0xbf][0x1][0x0][0x0][0x0][0xff][0xff]"
05:47:19.868 [main] DEBUG org.apache.http.wire -  << "[\r][\n]"
05:47:19.869 [main] DEBUG org.apache.http.wire -  << "485[\r][\n]"
05:47:19.869 [main] DEBUG org.apache.http.wire -  << "[0x82][0xf4][0x9d][0xf1][0xda][0x88][0x88],Z[0xfb][\r][0x11]o[0x1]E[0x89][0xc9]%[0x99][0xc9][0x89]9[\n]"
05:47:19.869 [main] DEBUG org.apache.http.wire -  << "[0xe1][0xf9][0xf9])[0xa9]y[\n]"
05:47:19.869 [main] DEBUG org.apache.http.wire -  << "[0xde]y[0x99]i[0xa9][0x18][0xf9][0xd0]1'3[0xb1]X![0xad]4=Q[0xa1][0xb4]D[0xf][0x91]V[0xc]A[0x11]B[0x9c][0xef][0x10]9[0x91]z#[0x3]x[0x83][0x13][0x91][0xcb]`[0x16][0x1a]Q<[0x14][0x81][0xcf]BCDu[0x2][0xb3][0x90][0xf2][0xb1][0xf][0xbc][0x16]"[0x9a]ot[0xb2][0x10]c@[0xc0][0x1c]#[0xa5][0x10][0xdf]*[0xc6][0xeb]5Dj[0x9]H[0xcc]I[0xf4][0xc9][0xf7][0x1][0x8d][0xb5][0xa0][0x8e]N[0xc1]m[0xc2]2zdl[0x8c]TA[0xe0])[0xc2]L[0xc][0x11]m rKH[0xbc][0xfe]@$BZ[0x18][0xf][0xea][0xcf]@{[0xa8]t[0xea][0x19][0x99][0x18]![0x12][0x1d]M|[0x84][0xe8][0x12][0xd0][0xc4]xD[0x19]K[0xb7][0x0]C[0x14][0xb6]t[0xb3][0x12][0x91]O[0xa9]i%[0xbe]|d[0x84][0x18][0x95][0xa3][0xa6][0x95][0xf8][0xf2][0x96][0x11][0xa2][0x8c][0xa0]q}i[0x84][0xc8][0xc5]4j[0xa8][0x9a][0x18]#*[0xf]Z[0x86][0x1f][0xac][0x19]ka[0x88]H"[0x8e][0xc9][0xc9][0xa9][0xc5][0xc5][0x90][0xd1]|[0xf4][0x19][0x80][0x92]|[0x85][0xd4][0xbc][0x8c][0xc4][0xbc][0xe4]T[0x85][0xc4][0x2][0xd0]p[\n]"
05:47:19.869 [main] DEBUG org.apache.http.wire -  << "[0x88][0x89]<[0x82]nlb[0x8c]([0x10][0x8a]S[0xb]RS0[0xb][0xea][0xc4][0xcc]J[0x90] tp[0xc2][0xc8][0x14][0xb9][0x8c]/[0x82][0x8d][0x11]e[0x1]-[0xc3][0x4][0xa9]Kl[0x2][0xaa]7[0xa0][0x5]*[0xb5]=C[0xff]b[0xc0][0x18][0x11][0xc7][0xc1][0xe0][0x98]Q[0xf0][0xc9],.)[0x2][0xf7][0xa4]P[0xab]R[0xa8]t[0xe]DZ!/=5[0xa9][0x14]4[0xfe]Dz[0x94]![0x8a][0x1][0xa8][0x99]P+[0x15][0x9c][0x12]s[0x12]1gU[0xa0][0x8a]P-VHJ[0xcc]K[0x7][0x8f][0xf1]A[0xed]7%>[0xc9] [0xca][0x4][0xba]%[0x19]D[0xb][0x82]nV"[0xca]#zYi[0x82]([0x9f][0x82]J[0x8b]K2[0x93]a[0xfd][0x5][0xa7]D[0xcc]Y[0xb7][0xd0][0x12][0x85][0xd4][0xa2][0xa2][0xfc]"[0x85][0xa2][0xd4][0xe4][0xd2][0xe2][0xc4][0xbc][0x94][0xc4]T[0x85][0x82][0xfc][0xe2][0xe2][0xcc][0xdc][0xd2]b[0x85][0xdc][0xfc][0x1c][0xd0]8gb[0xaa]Bqj[0x8a]BfnAjJ&y][\n]"
05:47:19.871 [main] DEBUG org.apache.http.wire -  << "[0xa4][0xe9]?D7[0xc6]'3/5O[0xc1])[0xbf][0xa4]$[0x7]K7[0xa6][0xb4]D[0xa1] [0xb5][0xa8][0xb8] 393[0xb1]$[0xb3]X!%?'[0xbf](U!%3[0xb9]$Q[0xa1] [0xbf][0xa8](_![0xb3][0xa0][0xb8]4W!5[0x91][0xac]^[0x8e][0x9][0xfd][0x8b],[0x13]D[0x93]&8'55[[0x1][0x12][0x2][0xee]9[0xf9]e[0xa9][0xa0][0xb1]o[0xd4][0x9c][0xee][0x9f][0x96][0x96][0x99][0x9c][0x99]Y[0xac][0x90][0x9c][0x9f]W[0x9c]ZX[0x9a]XRZ[0xa4][0x90][0x98][0x97][0x99][0x9b][0x9][0x8f][0x98]b[0x85][0xb2][0xfc][0x9c][0xd2][0x82][0x92][0xc4][0x92]T[0x85][0x94][0xd4][0x9c][0xd4][0xbc][0xcc][0x92]L[0xf2][0x2][0x83][0xfe]E[0x9e][0x9][0xa2][0xc8]s[0xcf]/JO[0xcd]/-V[0x8]*MJJ-Rp[0x6][0x8f]q[0xa0][0x85]FJf[0x9]$[\r][0x94][0xe6]*$[0x82][0x12][0x7]8[0x9][0xe4]$&[0xe5][0x17]e[0xe6][0x17]'[0xe6]*[0x14][0x96]f*$[0xe6]d[0x16][0x96]f[0xa6]([0x14][0x93][0x9b]N[0x11][0x85]""[0x9d][0xba][0x17]%[0xe6]e[0x96][0xa4]*8[0xe7]'[0x82]JZTw[0xb9][0x96][0x80][0xfa][0xda][0x99][0x89]%[\n]"
05:47:19.871 [main] DEBUG org.apache.http.wire -  << "[0xf9][0xb9]y[0x99][0xc5][\n]"
05:47:19.871 [main] DEBUG org.apache.http.wire -  << "[0xb9][0x99]y[0x99][0xb9][0x89][\n]"
05:47:19.871 [main] DEBUG org.apache.http.wire -  << "y[0xa5][0xb9][0x85][0xa5][0x89][0xb9][\n]"
05:47:19.871 [main] DEBUG org.apache.http.wire -  << "[0xc5][0xa5][0xc5][0xc9][0x99][0x5][0xe4][0xba][0x6]QD[0x6]W[0xe6][0xa5][0x16][0xa5]g[0xc2][0xb2]s[0x8e]BpFf[0x11]V[0xd7][0xa4][0x16][0x97][0xc0]SEfRi[0xb1]BANbrjb[0x89]B*yY[0x17]T[0xa0]C[0xeb]Y[0x5][0x1a]u!M[0x11]Y[0x91][0xac][0xe6]![0xb1][0xad][0x14]S[0xa4][0xfc][0x7][0x99][0xcf][0xc7][0x1c]g[0x83]wU[0x9][0xae]u[0xc0][0xd7][0x1e]2[0xa5]~2E[0xe4]'z[0xd5]4[0xa6][0x88][0xdc]B7+[0x11]Y[0x82]nV"Z[\r]d[0xa5]N[0xd4][0x9]F[0xbc][0xa9][0x6][0xd1]X[0xa0][0xb1]Mf[0x88]6[0x2][0xd4]&[0xcc]e[0x6][0xf8]r[0x2][0xea][0xc0]3[0xba][0x9f]`][0x17][0xca]W[0xfd][0x18][0x9b][0x98]![0xfa],P[0x97][0xd2]*[0xcf][0x9a]QX[\n]"
05:47:19.872 [main] DEBUG org.apache.http.wire -  << "[0x11][0x1f][0xcf]ft+[0x87][0xa8];9[0x8e][0x1e][0xcf][0xc8][0xdd]13D[0xf1]C[0xeb]xB[0x94]:P[0x9b][0x6]m[0xda]E[0x14]V8][0x8a][0x18][0xa0][0xc7]W[0x8b]Q5Ga[0x94]g[0x94][0x84][0x1f][\r]g[0xdf]L[0x90][0x16]\[0xc][0xa2][0xf0]3[0xc7](;iU"!-[0xfa][0xf0]K,[0xce]TpI,[0xcd]S[0xf0]J-*[0x5]M[0xb0][0xa2]6C[0xc1][0xf2][0xe5][0xa9]y[0x89][0xd9][0xd9][\n]"
05:47:19.872 [main] DEBUG org.apache.http.wire -  << "%[0xa9]y[0x89]y[\n]"
05:47:19.872 [main] DEBUG org.apache.http.wire -  << "[0xb9][0xa5]E[0xb9][0xa9]Hs[0x85][0x86][0x96][0xf8][0x17][0xb9][0xc1][0x92][0x98][0x85]%"[0xd5]&[0xe7][0xe7][0x95][0xe4]g[0xe8]&#[0xd6][0x90][0xa2][0x8f]:[0xb9]%[0x16]gd[0xe6][0xe7]%&[0xe5][0xa4][0xa2][0x8e]5!-[0x18][0x1][0xbb][\r][0xe1]v[0xf0][0xd2])[0x85][0xf4][0xfc][0xa2]T,[0xab]@[0xc1]j[0xa9][0xe4][0xf]D:'[0xec][0xf]L[0x15]HkO[0x8d]M[0xcc][0xe9]Vb[0x9b][0xd3][0xad][0x1c]5G[0xc4]34w[0xd1],[0x1d][0xd3][0xad]]cA[0xb7][0xd6][0x82][0x5]"ED8[0xe5]W(`[0x96][0xa1][0xf4]/[0xd9]-[0x10][0xbd][0xe][0x1c]n"[0xbc]t[0x14][0xbd][0x8e][0x87][0x15][0xb][0xd4]h[0xcb]![0xad][0xe][0x1c][0x9c][0xee][0x83][0xa4]S[0x0][0x0][0x0][0x0][0xff][0xff]"
05:47:19.872 [main] DEBUG org.apache.http.wire -  << "[\r][\n]"
05:47:19.873 [main] DEBUG org.apache.http.wire -  << "58F[\r][\n]"
05:47:19.874 [main] DEBUG org.apache.http.wire -  << "[0x2][0xad][0xb5][0xa7]q[0x8e]@Z[0xa7][0x8c]#$[0x10][0xa9][0x87]~mmKD[0xb]x0[0xb9][\n]"
05:47:19.874 [main] DEBUG org.apache.http.wire -  << "[0x91][0xd3]h[0x1d]+[0xc8][0xf9][0x87][0xbc][0x95][0xd7][0xb4][0xcc]>[0x96][0x88][0x86]/i+[0xa4]h[0xea](D-[0x8b][0xdd]Q[0x3]Z[0xe4] /[0xc][0xc7][0xee]<\[0xf9][0x8c][0x86][0xed]Z[0xe4][0xb5][0xe4][0xb4]M[0xd1][0xc8]+[0xbe][0xb1]{[0x80]c[0x7][0xd1][0xd8][0xc1][0xee]<\[0xb1]C[0xc3][0x14]mj[0x80][0xc8]f[0xb4][0x8e][0x1d][0xca][0xf3][0xe]-[0x93])[0xd2]*[0xa9][0xc1][0x13];[0x86][0x88][0x16][0x1e]vG[\r]l[0x8a]6DTV[0xd8][0x9d]7[0x10])[0xda][0x10]Q[0xaf][0xd1]8E#[0xad]U[0xa0][0xb5]Mt[0xcb][0xa5][0x86][0xf4][0xea]'[0x99]"[0xad]p[0xa3]q[0xe8]![0xad]F[0xa3][0xb5]M[0x88]6%[0xad]m[0xa2][*7BT[[0xb4][0xf6][0x13][0xdd]R9[0xdd][0x96]h[0x99][0x1a]!j=Z[0x87][0x1e][0xbd][0xfa]s[0xa6]Hk[0xc2]h[0xec]'[0xa4]5\[0xb4][0xb6][0x9][0x91]s[0xb1]We[0x3][[0xd3][0x1a]#[0xb2];v[0xe7][\r]DM[0x8b][0xbc][0x8e][0x8b][0xa6]3[0xcc][0xa6][0xc6]t+[0x19][0x8c][0x11][0xf5][0x9f]G[0x80][0x82]3h[0x11]N&[0x96][\r]*9[0xa9][0x5]%[0xf9][0x5][\n]"
05:47:19.874 [main] DEBUG org.apache.http.wire -  << "[0x18];[0x80],A[0x0]i[0x89]7z[0xd3][0x1d]i[0x12][0xc9][0xd4][0x98][0xaa]E[0x3][0xfa][0x86]{d[0x9b][0x90][0x16]I[\r][0xc4][0x86]*[0xe4][0xd1]4[0xaa][0xd9][0x8f]o[0x2][0x9][0xc5][0xef][0x88][0x8c]M[0xc8]nD[0x1e][0x2][0xed][0x96]#2[0x16][0x91][0x96]9[0x11]2[0x9f][0xe8]}[0xb2] [0xeb][0x89][0xf6][0x1f][0xa2]d[0xa0][0xaa][0xfd][0xc4]z[0x1f][0x91]3[0xa9]j=[0xd1][0xde]Gd"[0x9a][0xd9][0x8f][0xde][0xed]DI^[0x88]Z[0x97]f[0xf6][0xe3]+D[0x90][0x16],[\r][0x8c][0xfd][0x88][0x1e]*[0xcd][0xec]G?g[0x5]9[0xfc][0x91]VS[0xd1][0xcc]~[0xbc][0xe1][0x8f][0xe8][0x2][0xf][0x8c][0xfd]4[0xca][0xfe][0xc4][0xe6]?[0xa4][0x85]X[0x3][0xe3]D[0xf9][0x3]k![0x9a][0x9a][0xd2]hj[0xcf][0xd4][0x14][0xd1]8[0xa0][0xee]*|SSD1[0xe6][0x99]W[0x92][0x9a][0x93][0x93][0x99][0x9e][0x9a]W[0xa2][0x10]\[0x92][0x9a][\n]"
05:47:19.874 [main] DEBUG org.apache.http.wire -  << "Z[0xfd][0x98][0x8f]e[0xc5][0xac]g[\n]"
05:47:19.874 [main] DEBUG org.apache.http.wire -  << "[0xe8]<[0x89][0xe2]L[0x85][0xbc][0xc4][0x92][0xd2]b[0xd0][0x82]P[0x10][0x91]XL[0xd6][0x9a]XSSD9[0x6][0xb]G[0xda][0xac]4[0xc5]\[0x8d]E[0xab][0xe8][0xa2][0xdb]j*S[0xba][0xad][0xa6]2[0xa5][0xdb][0x1a]'[0xf0]^v[0xba][0xcc][0xf][0x9a][0x9a]![0x12][0xbf]k^~Q.hqt@N"x[0xf9][0xaf]sFb&h][0x7][0xea][0x2][0x90]0[0xc8]Bp[0xd0][0xa9]#%[0xa9][\n]"
05:47:19.875 [main] DEBUG org.apache.http.wire -  << "y[0xf9]y[0xa0]sG[0xca]2S@y&[0xb5][0x98][0xac][0xa5][0xbf][0xa6]H[0xeb]o\J[0x8b]@k<@[[0x9]r[0x14][0xb0][0xbb] [0x18][0xba][0xd4]Y[0xa1][0xb0]4_[0x1]i]vf[0x1e]9K[0xd2]M[0xe9][0xb6][0xcc][0xc6][0x14]i[0x99][\r][0x8d]3:[0xdd][0x96][0x91][0x98][0xd2]m[0x19][0x89])[0xdd][0x96][0x91][0x98]"[0x1d]BB[0xe3]xB:n$ [0xd8][0x4][0xb3][0xd4]/6QHJ,*E[0xf4][0x8e][0x8c][0xf1][0xaf][0xad]Bn[0x9e][0xd1]m[0x89][0x8a])[0xd2][0xa1]%[0xb4][0xe]/D[0x93][0x8f][0xd6]6![0x1a]w[0xb4][0xb6][0x89]n[0x83][0xbc][0x16][0x98][\r]6[0xcc]$G[0xf4][0x11][0x8c][0xf8][0x9a][0xe6][0x16][0x88][0xd6][0x1a][0xad]C[0xf]Q[0x81][0xd1][0xda]&[0xba]5[0xd3],[0xe9][0xb5][0xf0][0xd3][0x14]iy[0x10][0x8d]C[0xf]i[0xc9][0xf][0xad]m[0xa2][[0x19]a[0x89](#[0xa8]^z[[0xd2][0xad]T@Z[0xed]C[0xeb][0x98][0xa1]W^5C:[0xa9][0xc7][0xb5](=?/?73Y[0xc1]1[0xa7]473[0xaf]4[0x17][0xeb][0xb6]?[0xc7][0xd2][0x12][0x85][0xa4][0xd4][0xc4][0x92][0xc4]T[0xf8][0xa6][0xb6][0xd4]\[0x85][0xdc][0xc4][0x8a][0xcc][0xdc]T[0x85][0xbc][0xd4][0xdc]|[0x85][0xcc][0x9c][0x9c][0xd2]\[0xd0][0x86]?p[0xdf][0x8f][0x9c][0xa6][0xa6][0x99][0x1][0xbd][0x8a]E3[0x3]z[0x15]Vf[0x83]{[0x9d][0x84][0xd9]`\'aF[0xaf]u[0x12]&&HU[0x9][0xad]N[0xe2][0xa4]WJ3E[0xda]/@[0xeb][0x82][0x8a]^~2C:[0x8b][0x95][0xb6]~23@TV[0xb4][0xb6][0x89]^U[0x97][0x99]![0xbd][0x1a][0xb4]fH+f[0xb0]O[0x2][0xf][0xe8][0x1c][0xb5][0x19][0xd2]2[0x1b][0xec][0xce]C[0xf4] [0xe9][0xb6][0xca][0xdb][0xc][0xe9]X([0x1a][0xa7]8#D[0x93]/ [0xd8][0xd0][0x80][0x82]N[\r][0xfa]yF[0xf0]][0x9]H[0xd5][0x1c][0xe4][0xf0]x[0xc]K[0xd2][0xf0][0x9f]+olfD[0xb7][0x1c][0x88]t[0xf2]RvfAb[0xb1]Bb^:[0x96][0x93][0xc9]sS[0xf3][0xd2]SsJ[0x13][0x8b][0xb2][0x13][0xf3] J[0x14][0x8a][0x13][0xf3][0xd2][0x13]K[0x14][0xb2]S[0xf3][0x92][0x13][0xc1][0xbb][0xa6][0xa0][0xc7][0xad][0xe0]?[0xd4][0xf][0x1e]JH[0xc7]o[0x90]w[0xfa][0xbe][0xb1][0x19][0xd2][0xfa] [0xf8]q[\r]NE[0xf9]yU[0xa9]8[0x86][0x3]![0xe7][0x10][0x16][0xa5][0x16][0xa4][0xe6][0xe4][0xa4][0xe6][0xa5][0x94][0x16]+$&[0x83][0x8e][0x18][0x1][0x1d],RXJ[0xd6][0x90][0xbc][0x19][0xd2][0xd2]![0xdf][0xd4][0x94][0xcc][0xfc][0xe4][0xa2]T[0xd0][0x88]$[0xe8]0D[0x1c][0x87]h8[0x82][0xed][0xcc]+[0xc9][0x4][0x1d][0x14]R[0xa2][0x90][0xf]>S#Q[0xa1],5'[0xb3]D!/?)[0xb3][0x98][0xac][0x16]#[0xd2]1SC.&[0x91][0xd6]*[\r]=[0xb7]#[0xe6]V[0x87][0x9e][0xdb][0x11][0xcb].[0x86][0x9e][0xdb][0x11]%9[0x8d][0xeb][0xc][0xa4]e][0x9e]y[0xc9]E[0xa9])[0x99]I9[0xa9][\n]"
05:47:19.875 [main] DEBUG org.apache.http.wire -  << "[0xb0][0x92]&'?[0x19]s[0xef][0xab]k"[0xfc][0x98][0x15][0x85][0xd4][0xbc]LHg[0xb0][0x18][0x94][0xbf]S[0x8b][0x93]3K[0xf3]J[0x14]RJ[0x93][0xc1][0x7][0x1a]A[0xce][0x10][0xca]%+[0xcb][0xd3]mi[0x97][0x19][0xd2][0x82]+Z[0x7]6[0xdd][0x1a][0xd4]Hk[0x82]h[0xec]'[0x13][0xba]5sM[0x10][0xcd]\[0x9a]dh[0x9c][0x8d][0x1e]*T[0xe7]&[0x94][0xf]y [0xdf][0xa2][0x83]g[0xd0][0xd9][0xcc][0x84]n[0xc3]KH+h[0x9c][0xc8]L[0x11][0xf5][0x10][0xad]m[0xa2][[0xc9][0x8b][0xb4]n[0x85][0xd6]~[0xa2]<[0xf1][0x11][0xb7][0x16][0xcf][0x8c]nk8[0xcc][0xe8][0xb6][0xb2][0xc2][0x8c]n[0xa7][0xc7][0x98][0xd1][0xed]L[0x17]3[0xd0]-[0x1]tYYa[0x86][0xb4][0xa6][0x81][0xc6][0xa9][0x9c]n[0xcb][\n]"
05:47:19.875 [main] DEBUG org.apache.http.wire -  << "[0xcc][0x90][0x96][0x15]x[0x14]([0x84]e[0x96][0xe5]+D[0x1a][0x19]a[0xf4][0x84]sSs3s2[0xb3]3[0x15][0x8a][0xb]R[0x8b]3[0xd3]2[0xb3]Ag[0x8a]T&[0xe6][0xa5]+$[0x16][0x80]O[0x1a][0x85]v*[0x8d]A[0xf7][0xc2][0xa0][0x9c][0x16][0x8f]^[0x13]![0xcd]g[0x9b][0x99][0x93][0xd2]}[0xc6]r[0xfe]7[0x9e][0x9c]L[0xbd][0xfe][0xab][0x89][0x9][0xd2][0xfd][\n]"
05:47:19.875 [main] DEBUG org.apache.http.wire -  << "[0xd0]x7[0xc6][0x8] [0xe8][0x89]W[0x0][0x0][0x0][0x0][0xff][0xff]"
05:47:19.875 [main] DEBUG org.apache.http.wire -  << "[\r][\n]"
05:47:19.877 [main] DEBUG org.apache.http.wire -  << "CEE[\r][\n]"
05:47:19.878 [main] DEBUG org.apache.http.wire -  << ""[0xe2][0x9e];[0xdc][0xf5][0x9d][0x89][0x89]%)[0x1]B[0xc1])s&&HSD4[0x1a]EF[0xda][0x2][0x1a][0x92][0x98]Q[0xaa][0x90]T[0x9a][0x83][0xe5][0xc]D|[0xe1]F[0xdc][0xaa]I[0x13]S[0xa4][0x81][0x1c]2m"[0xf6][0xfc]-[0x13]S[0xa4]q~[0xda][0xdb][0x85]h$B[0xd3][0x1d]m[0xd6][0xf6][0x99][0x98][0xd2]k[0x9f][0xa2][0x9][0xdd][0xa6][0xa7]ML[0xe9]5=mb[0x8a]Y>[0xd0]*[0x9e][0xe8]V>[0x98][0xd2]m[0xb2][0xda][0xc]i[0xb9]Y[0x0][0xe4]J4[0x5][0xc7][0xd2][0x9c][0xcc]D[0x5][0xcc]B63/[0x13][0xb4]4[0x11]tm[0x9a]B"\[\r][0xb4][0xea]![0xae][0xb4]063[0xa7]S[0xae]263G[0xf4]^[0xb0][0xf][0xe1][0xf][0xec][0xc][0x3][0xd2]J5[0xec][0xce][0xc3]5[0xc3][0x80][0xbe][0x83][0x83]zu[0xad][0xb1][0x19][0xd2][0x12]7[0xec][0x8e][0x1a][0xe0]0Ct[0xa9][0xb0];[0xf]W[0x98][0xa1][0xd7][0xfa]T[\r]3D[0xab][0x1][0x9c][0x83][0xb2][0x15][0xdc]3Ss0[0x9a](![0xa0][0x3][0xb9][0xf3][0xd2]A[0x97][0x9]f[0x17]e[0x16][0x14]g"[0xdc]J[0xfc]>;3[0xb][0xc4][0x18][0x9][0x92]e[\n]"
05:47:19.878 [main] DEBUG org.apache.http.wire -  << "[0xd9][0xa9][0xba][0x98][0xad]F*[0xd9][0x88][0xc8][0xb0]h6b[0x96][0x10]T[0xb2][0x11][0xd1][0xc9][0xa4][0xcf][0xad]PfH[0x97][0x85][0x81][0xfd][0x98]\B[0xdb]B[0x10]i[0x11][0x1][0x9d]|H[0xaf][0xea][0xd8][0xd8][0x8c]^[0x95][0xa4][0xb1][0x19]R#[0x9a][0xa6][\r]4c3KDUB[[0x9b][0xcc]A[0x9d]7[0xba]t[0xa7][0xcd][0x91][0xae][0x94][0xa5][0xb5][0x9f][0x10]%[0x8][0xad]m[0xa2][<!u[0xaf]h[0xec]'C[0xc4][0xe4][0x93]g[0x80][0x87][0xbf][0x9f][0xab][0x82][0xa1][0xa9]B@[0x90]?F[0x5][0xe3][0xe1][0xea][0xe7][0x1e][0xe0][0xef][0x87][0xa8]VL@[0xa3][0xaa][0xc4][0xdc][0x1b]g[0x8e][0xb4][0xa6][0x8b][0xd6][0xbe]A[0xd4]_[0xb4][0xf3][\r][0xdd][0xd2][0x1b][0xd2]"[0x16][0x1a][0x87][0x1b][0xd2]z[0x14]Z[0xdb][0x84]Ho[0xb4][0xb6][0x9][0xd1]p[0xa2][0xb5]MH-[0x8a][0xc4][0xbc][0x12][0xc8]n,[0xdf][0xc4]"[0xd0][0x4][0xa5]Ob.[0xe6][0x95]9[0xae]%[\n]"
05:47:19.878 [main] DEBUG org.apache.http.wire -  << "[0x19][0x99][0xc9][0xa0][0x15][0xaa][0xf9]HS[0x8e][0xa0][0x91]b[0xa2][0xf2][0x13][0xd2]j[0x87][0xa4][0xc4][0xe2][0xd4][0x94][0xa2][0xb4][0xcc][\n]"
05:47:19.878 [main] DEBUG org.apache.http.wire -  << "[0x8c][0xfc][\n]"
05:47:19.878 [main] DEBUG org.apache.http.wire -  << "[0x96]IMK,[0xcd])I[0x1][0xed][\n]"
05:47:19.879 [main] DEBUG org.apache.http.wire -  << "[0x83]v[0xa4][0xcc],A[0x3][0x9d][0xc4]YC[0xaf]I@s[0xa4][[0xa2]h3N[0x89][0xde]@G[0x1a][0xa7]4G[0xba]/[0x8a][0xc6][0xe9][0x84]nGs[0x98][0xd3]m[0xa6][0xd8][0x9c][0xba]'s[0xe0][0x8b]'[0xa4][0xc9]M[0x1a][0xc7][0x93][0x9][0xdd]J[0xe]*[0xcc][0xb6][0xe2][0x19]&GN[0xe5]&[0x88][0xcc]L[0xb3][0x9a][0x11][0xd4] [0x80][0xb6].[0xe9][0x9f][0x8d][0x91]f^[0x7][0xc0]r[0xba][0xd5]jH[0x17][0xc8][0xd0]8[0x17] ][0xe2]2[0x0][0x1][0x8a][0xa8]R[0x7][0xc0]rD;[0x0],GdT[0xfa][[0x8e]t[0xe0][0xc0][0x0]X[0x8e]X;1[0x0][0x96]#r0=[0xc6]h[0xcc][0xe9]6YoN[0xb7]c[0x10][0xcc][0x91]&[0xeb][0xb1][0x8f][0x9f][0xe][0xe8][0xf0][0xae]9[0xa8][0xe1][0xb][0xad][0x9e][0xb0];[0xf][0xa9]ok[0x89]o[0x11][0x13][0x15][0x87]w[0xcd][0xe9]v[0x9a][0x81]9[0xd2][0xb2][0x3][0xec][0xde][0x1f][0xd8][0xd8]AZ[0xab][0x80][0xdd]y[0x3][0x12];[0x88][0x96][0xe0] r[0x14]b[0x0][0x2][0xbb][0xa3][0x6]8"[0x11][0xb5]'v[0xe7][\r]HD"j[0xd5][0xc1][0xe3][0xa8][0xc1]=[0x1d]f[0x8e]r[0x93][0x9][0xb6][[0xf][0x6]""[0x91][0xae]2q)[0xcd].[0xcd][0xc3][0x18][0xf7]@8[0xca][0x8c][0xe8][0xb3]7[0xcc][0x91]NZ[0xc0][0x9e]<[0x6]6K[0xa1][0xdc][0x8f]2hb[0x82]P[0x96][0x1a][0xd8]0C:*[0x1]{[0x94]"[0x12][\n]"
05:47:19.879 [main] DEBUG org.apache.http.wire -  << "[0xdd][0xb6][0xd8][0x99]#-&[0xc1][0xee][0xa8][0x1][0xe]3[0xc4][0xf0]9v[0xe7][\r]H[0x98][\r][0xee][0xea][0xe]i[0xf2]n[0x10][0x85][0xd9][0xa0][0xce][0x9b][0x16]H[0xc7]=[0xc][0x9a]0[0xb3]@[0xda][0xda]M[0x93]][0x1b][0xe8]c[0x9b]T[0xec]EX [0xcd][0xb6][0xe]=[0xb7][0x13]jc[0xf]h[0x99]h[0x81]t[0xeb][0xcb] J[0xab][0x88][0xe1]1[0xda][0x8e][0x2]Z [0x1d]LB[0xf7]A[0x19][0xb][0xa4]ip[0xec]a?[0xb0]I[0x3]i[0xee][0x1c][0xbb][0xf3][0x6][0xa0][0xba][0xb4]@[0x9a]l[0x1f]rE[0x1][0xd2][0xfa]k[0xec][0x1]:[0xc0][0xf1]M[0xa8]%2 [0xf1]M[0xb7][0xa2][0x0]i9[0xc2][0xd0]KY[0x88][0x6][0x11][0xb8][0xc0]t,[0xca]LO[0xcc]/[0x1][0x9d][0xd4][0x88]z\*[0xbe]-[0xb][0xc4]n$0[0xb6]@ZO1[0xe4][0x82][\n]"
05:47:19.880 [main] DEBUG org.apache.http.wire -  << "[0xe9][0x18][0x10][0xfa][0xac][0x1e][0xb4]@:[0xe][0x4][0x1c]9[0x1][0xc1][0xb4]Ybol[0x81]t[0xa4][0x7][0xbd][0xfc][0x86](3h[0xed]7[0xba][0x15][0x4]H[0x87]\[0xd0][0xd8]OHGR[0xd0][0xda]&[0xc4][0xe4][0xd3][0x90][0xcb][0xb1][0xc6]h[0x85][0x1b][0xed][0xf2][0xf][0xd2][0xce]v[0x9c][0xf1][0x81][0xa8][0x4][0x89]//[0x91][0xd6]A(`[0x8c][0xe8]Q[0xa7]HFZ[0x0][0x81][0xd3][0xe9][0xd4][0xb1][0x9]i[0x19][0xc4][0x90]KJH[0xab](h[0x1d]J[0x88][0x9]WZ[0xdb][0x84][0xd8][0xd6]Ak[0x9b][0x10]]YZ[0xdb][0x84][0x18][0xa9][0xa3][0xb5]Mt[0xab][0xc0][0x90][0xae][0x8c][0xa0][0xb5][0x9f][0x10][0x5][0xe6][0x90][0xcb][0xa1]HK4[0x86][0x9e][0xdb][0x87]p%[0x8b]to[0xc5][0xd0][0xb]wD[0x9]8[0xf4][0xdc][0x8e](2[0xf3]R[0xf2]s3S1[0x1a][0x8][0x89][0xd9][0xa5][\n]"
05:47:19.880 [main] DEBUG org.apache.http.wire -  << "[0xc5][0xa5][0xd9][0x89][\n]"
05:47:19.880 [main] DEBUG org.apache.http.wire -  << "[0x8][0x5][0xd0][0xd5][0xce]FDO[0x1]Z -^[0x81][0x96]>[0x86][0x18][0x16][0xe1]k[0x1f][0xd0]m[0x12][0xc9][0x2][0xe9][0xe][0x10][0x9c].E4[0xc2][0xf0][0xed][0x9c][0xa5][0xe6][0x10][0xb4]9z}^lZ[0x8c];[0x0][0xd1][0xcf]{033#n![0xab][0x5][0xd2]T-"[0xba]Q[0xfb][0xf0]TI[0xf]HG[0xe2][0xd3][0xd6][0x1e][0xc4]r[0x9][0xda][0xda][0x83][0xa8][0xf3]hj[0xf][0xd2][0xbc]+m[0xed]A[0xa4]7[0xda][0xda][0x83][0xd4][0xad][0xae][0xcc]K-J[0xcf][0x4]_[0xb6][0x3][0xb9]n[\n]"
05:47:19.880 [main] DEBUG org.apache.http.wire -  << "[0xfb][0x85]7[0x9e]E[0xf9][0xa0]u[0x9][0xb0]2[0xc8][0x12][0xb4][0xab][0x96][0x98][0x1d][0x17][0x96]H[0xdb][0xf3][0x10][0xc7][0xa0][0x83]LSp[0xca]/)[0xc9][0xc1],[0xf9][0x9c][0xf3]AG[0xe1][0x95][0x80]$[0xa0][0xb6][0x99][0x9b][0x83]2"q[0xb6]!j[0xe3][0xe0][0x9c][0xd4][0xd4]l[0x5][0xf7][0xa2][0xc4][0xbc][0xcc][0x92]T[0x85][0xf0][0xc4][0x9c][0x9c][0xd4][0x12][0x8c][0xcc][0xb];[0x8f][0x1d]Q[0xb6][0x98][0x18][0x80][0xb6][0x99][0x13]g[0x19]"[0x18][0x87]X[0x15]dbJ[0xaf][0xa3][0x98]ML[\r][0x10][0x85][0x1][0xcd][0xf] A[0x9a][0xd9][0xc1]c[0x17]"[0xb2][0x89][0xed][0xcd][0x9b][0x98]"[0xcd][0x8b][0xe0]1[0x19]_eJ[0x82]][0x88]b[\r]Z[0x19][0xd2]f[0xec][0xd0][0xc4][0x14]i\[0x14][0xfb][0xe4][0x4]"[0xa8][0xe8][0xd5][0x16]01[0xa5][0xd7][0xd0][0xa9][0x89])[0xbd][0xee]671E:Q[0x98][0xa6]Qjl[0x81][0xb4][0xef][0x8c][0xd6]6[0xd1]md[0x0]iC[0x96]cjQ~Je^"[0xe8]2[\r][0xd8]%q![0xa0][0xdb][0xda]0[0x8a]v[0xd7][0x8a][0x82][0xd4][0x94][0xcc][0x92]D[0x85][0xd2][0x12][0xd0][0x11][0xc8][\n]"
05:47:19.880 [main] DEBUG org.apache.http.wire -  << "[0xc9][0xf9]E[0x5][0xf9]E[0xe4][0x9d][0x81]l[0x81]t[0x85]r0R[0x8d][0xe9][0x93][0x99][0x97][0x9a][0xa7][0xe0][0x94][0x98][0x8e]i{q[0x89]BjQQ~[0x91]B^fFf[0xe][0xc8][0x5][0x99]%[\n]"
05:47:19.880 [main] DEBUG org.apache.http.wire -  << "[0xc5][0x99]y%[\n]"
05:47:19.880 [main] DEBUG org.apache.http.wire -  << "E[0xa9]E[0xa5][0xb9][\n]"
05:47:19.880 [main] DEBUG org.apache.http.wire -  << "[0xa5]99[0x89]d[0x1d][0xce]jA[0xb7]Mc[0x16]&[0x88][0xf6][0x8][0x8d][0xd3][0x12][0xdd][0x8e]L[0xb5][0xa0][0xdb]F8[0xb][0xba][0x1d][0xce]j[0x81]t}[0xe8][0x10]k[0x88][0x18][ [0xed]`[0x80][0xa6][0xb1][0xc1][0xda]G[0xc5][0xdc][0xd6][0x80][0xe9]RD}I[0xb7]>*R[0x8b]7?[0xaf]R[0x81]v[0x13]%[0x98][0x87][0x1f]b[0xfa][0x1f]_[0x3][0x88]^-[0x8]c[0xb][0xa4][0x13][0xba]p[0xa6][0xa9][0x1][0x88])[0xc4][0xa8][0xf]NW[\r][0x92][0xf0]Ctlp[0xba]t[0x0][0xc2][0xf][0xd1][0x91][0xc0][0xde]X[0x1d][0xd8][0x95]4[0xa0]n[0xe3]`[0xdb][0x8a]e[0x81][0xb4][0x1d][0x83][0xa6]#[\n]"
05:47:19.880 [main] DEBUG org.apache.http.wire -  << "[0x98][0xd7]o[0xe][0xd6][0xb2][0x1]i[0x7][0xc8] J[0xdb][0x16][0x18]m[0xe9]A[0x1b]~[0x18][0xb3]t[0x98].[0xa5][0xd9][0x80]t[0x84][0x16]M[0xd3]9[0xf2][0x1]Z[0xe0][0xf1]%[0xd8][0x0][0x92]BxbIr[0x6]F7[0xc0]'5[0xb1]$#[0x15][0xe9][0xac][0x12][0xb]#[0xd0][0x1e]tb[0x86][0x97],[0x90]V[0xe1]C[0xc6][0xb2][0xc2][0xf3][0xf3]s[0x88][0x1f][0xc8]22[0x2][0x95]H[0xc4][0xd9][0x84]4[0xe0][0x80][0xd4][0xbb][0x9][0xce][0xcc][0xc9]Vp[0xc6]z[\r][0x5][0xe4][0x8e][\n]"
05:47:19.880 [main] DEBUG org.apache.http.wire -  << "D<[0x1b][0x19][0x81][0xc6][0xb0][0x89][0xb1][0xcc][0x12]iM[0xba][0x1b][0xfc]d[0x19][0x88]y[\n]"
05:47:19.881 [main] DEBUG org.apache.http.wire -  << "[0xce][0xf9]XN[0xdc][\r][0xce][0xcf])-ITH-QH.-[0xc8][0x4]u[0xe9]JR[0x91][0x8e][0x98][0xc1]-[0x10][0xd2]y[0x11][0x96][0xc8]c^H[0xde]t[0xce]/(H-R[0xf0][0xce][0xcb]L[0x3][\r]:[0xa2][0x8e][0xbb]C[0x1c][0x86][0xf0][0xa8][0x85]%[0xa8][0x83]M[0x9c]G[0x11]9e[0xa8][0xb5][0xca]-[0x91]V[0x88]C[0xd2][0x1e][0xf4][0xe8][0x9f][0x80][0xc4][0xbc][0x12][0xcc])[0x90][0xa0][0xd2][0xa4]$[0xe4]Dnj[0x6][0xba]([0x9b][0xb8]@BT[0xea][0x10][0x8b][0xe0][0x19][\n]"
05:47:19.881 [main] DEBUG org.apache.http.wire -  << "[0xbb]U[0xd0]>?"B,-L[0x8d][0x88][0x9b]f[0xb1]D[0x1a][0x1d]D[0x1e]F[0x80][0xdb][0xe8][0x9d]Z[0x99][0x94][0x9f]X[0x94]B8[0x17][0x9b][0x81][0xcf][0xff]"[0xca][0x83]H[0xeb][0xbd][0x87]\*@:[0xa7]:871'[0x7][0xe9][0xfa]R[0xac][0xa5][0x2][0x96][0xc8][0x1]%$[0xe2][0xc2][0x9]1[0xd6][0xe0][0x99]W[0x92][0x9a][0x93][0x93][0x99][0x9e][0x9a]W[0xa2][0x0][0x19]a[0xc1][0x9e][0x16][0xc0][0xf3][0x15][0x88][0x94]`nahJdJ@ZP[0xee][0x91][0x9a]XV[0xa9][0xe0]RZR[0x89][0xf0][0x1d][0xce][0x84][0x0][0x9a][0xb7]@[0xb6][0x10]4[0x14]C[0x9c][0xef][0x10][0xf5];[0xfc]2/[0xe7][0xfc][0x92][0x92][0xfc]<\[0x5]:$[0xc3]!,3[0xb1][0x4][\r][0xa4][0x13]g[0x19][0xa2][0xe0]A[0x1e][0xac][0x2]9^[0xc1])5[0xf]K5[0x85]Y[0xca][0x81].[0xba]$[0xce]2D[0xaf]&[0xa0](1[0xb9]$391[0x7]v[0x85][0x91][0x7][0x96][0xd2][0x1c]:![0x83][0xf0][0x98][0xa9]1he1qv![0xf5]K[0xc0][0xe9]1 [0x11]Trc[0xaf]z[0xd1][0x3][0xd0][0xc8][0x18][0xb4]R[0x96]8{[0x10][0x85]RP)xj[0xc]ZG`[0xad][0x9f] r[0x8][0xf]Y[0x9a][0x12]o[0x11][0xa2][0xe2]E.[0x91] [0xe5][0xa9][0x2][0xb6][0xe0][0x83]H!,32[0x1][0x1d][0xda]L[0x94][0xaf]@[0xc1][0xc][0xed][0xa0] [0xdd]6[0x5][0xc9]`[0xd8]ky[0xf4] 43[0x6]e[0x1c][0xe2],Cdg[0x9f][0xcc][0xf4][0x8c][0x92][0xf2]T[0x10][0xa9][0x0]1[0x11][0xab][0xcf][0xc2][0xf3][0xf3]SR[0x91][0xe6][0x18]M-A+e[0x89][0xb3][0xc][0x91][0xbb][0x86]\[0x19][0x8b]<[0x7][0x1]N[0xd3][0xb0][0xf9]O[0x5][0xec][0x85][0x1e]F[0x19]kfajLd[0xb1][0x87]t'#[0xbc][0x14][0x82]d!lI[\r][0xa3][0xed]j[0x4]>d[0x9d][0xb8][0x18]A[0xe4]T[0xd7][0xbc][0xfc][0xa2][0xdc][0xfc][0xd2]bD[0xf1][0x8a][0xdd]c[0xe8][0xd9][0xc8][0xc8][0x2]t[0xe6]/q[0xb6]![0xf2]+r6[0xc2][0xed]5P[0xcb][0x16][0x91][0x87][0x88]??[0xd0][0x12]i[0x99][0xb8]cyjq~n[0xaa][0x2][0xb4][0x18][0xf][0xce][0xc8],[0xc2][0x9c]_F[0xab][0xa2],,[0x89]=[0x10][0x11][0x9c][0xf8][0xa1][0xb9][0x15]1o[0xe]O[0x1b]8[\n]"
05:47:19.881 [main] DEBUG org.apache.http.wire -  << ""P[0x85][0x82][0xf0][0x97][0x85][0x5]h[0xc1][0x7]Q!h[0x8c][0x18]ED[0xd8][0x6]-[0xaa][0x15][0x2]r[0x12][0xc1][0xd3][0xf1][0xa8]-cPu[0x82][0xb0][0xcb][0xd8][0x18][0xb4][0xf][0x9c]8[0xbb][0x10]E[0x3][0xb4]t[0x85]d}[0x1c][0xf6]`$xsC[0xd0]h[0x3]qV![0x16][0x89][0xc1][0x93]!4Y+`=[0xc5][0x12][0xea]e[0x84][0xbf],[0xc][0x89]n[0xca]"][0x9a][0xe7]RZ[0x4][0x9a][0x93]B$y[0xec][0xd5].[0xa8]C[0x87][0xb0][0xca][0x8c][0xf8][0x95][0x7]Hg![0xe][0xb9][0x2][0xf]i2[0xf][0xb9]f[0x80]'m[0x1c][0x97][0x9b][0xa2]&7S[0x13][0xd0][0xdc][0x14]qi[0x0]Q[0xc7]"[0xdb][0x7]o[0xf5]c+[0xfa]P#[0xc6][0xd4][0x10]t[0xda]9Q[0x96]![0xcd][0x13]"[[0x6]M[0xe0][0xd8][0x97][0xd6][0xa0]W[0xe9]&[0x86][0xa0][0xb3]1[0x88][0xb3][0xe][0x91]m[0x91][0xaa]tp[0xa1][0x83][0xe3][0xa6]Z[0xb0][0x1c]"[0xcd][0x19][0x19][0x83][0x8e][\n]"
05:47:19.882 [main] DEBUG org.apache.http.wire -  << "%[0xce].D[0xb6]E[0xb2][0xb]Z[0xa1]co?[0xc0][0xe2][0x14]a[0x9f]1[0xf8][0x90]0[0xe2][0xec]C[0xca][0xbb]E[0xe9][0xf9]y[0xf9][0xa0])_xa[0x9b][0x9f][0x8a][0xd9][\r]E-[0xd5][0xcd][\r]AW[0x82][0x10]g[0x15][0xa2][0xfd][0x80][0xdc]`[0x86][0xc6][0x1a][0x8e][0x4][0x82][0xd2]X1[0xb3]$:="M[0xb][0xc2]/[0x17][0x86][0xd4]T[0xd8][0xdb][0xb1][0xe8]1f[0x2][0x1a][0xc1]$[0xce][[0x88][0xa6]9[0xa4][0xfb][0x6]-[0xdd]p[0x14][0xb4]PYDdY[0x9a][0x82]Nt#[0xce]*D}[0x8f]1[0xa8][0x83]-[0xfc][0xc0][0xad]N[0x84]Mf[0x6]D[0x8f][0xaa] [0xef]y[0x1][0x8f][0xc0]A[0xda][\r][0xc4][0xfa][0xc9][0xd8][0x14]t[0xd2]0Q~B[0xda]72[0xe4][\n]"
05:47:19.883 [main] DEBUG org.apache.http.wire -  << "Y[0xd0][0x98][0x8][0xb4][0xf5][0x0][0x1d][0xe5][0xa6][0xcd][0x12]"cKP[0xe3][0x13]j[0x13]r[0x89][0x7][0xad][0xb5][0x15]p[0x94][0xe6][0x90]HC$[0x0]S[0x13][0xd0][0xe0][0x1c]q[0xd1][0x82][0xc8][0xac][0x88][0xe]'[0xac]R[0xc7]^[0xe]a[0xa4]l[0x13]S[0xd0][0x96][0x3][0xe2][0xac]Ct[0xa6][0x91][0x86][\n]"
05:47:19.883 [main] DEBUG org.apache.http.wire -  << "@[0xb5][0x11][0x8e][0x11]C[0xa8][0xcf][0x11]~32$v![0xb0]%hl[0x18]K`[0x82][0x8b][0x0][0x1c][0xfd][0x1][0xd4]B[0xcf][0xc8][0x8c][0xe8]f[0x18][0xd2][0xd6][0x14]h3[0xc]^%[0x6]g`-^KR[0xc1][0x97][0xb4]@WeZ[0x9a][0x82][0x86][0xb6][0x88][0xb]CD[0xfb][0x1c]j[0x15]$[0xfe]q[0xc].[0x83][0xbd][0x8b][0x8]?[0x13]C[0xd0],[0x16]q[0x16]a[0xaf][0xeb][0xc1][0xb1][0x85][0xbd][0xf2][0x5][0x97][0xbc]Hv[0x11][0xdf][0x8c][0x5][0xa5] h\[0xc1];SPoa[0xef][0xe0]`$[0xc][0xb]#[0xd0][0x1d]#Dy[0xc][0xd4]m[0x80]Z[0x86]<:[0x6]j[0xa7][0xe0]H[0x86]h%[0xac][0xa5]![0xa8][0xa3]I[0x9c]][0x88][0x8a][0x1e]%GC[0xc7]Z[0xb0][0xae][0xa3]E[0x8b]2ss[0xe2]}[0x86][0xc8][0xce]H[0xf9][0xb][0xda][0xac][0xc0][0xde]lF[0xf3][0x1a][0x9][0xcd]3PF[0x84][0x6][0xe3][0x90]+[0xd2]17s[0xd0][0xaa]H[0xc7][0xdc][0x8c]A3[0x9b][0x10][0xf9][0x95][0xc6][0xd5][0x14][0xd2][0xe2][0x1d]ZN[0x10]Z[0x82]V[0xaa]CS[0x18]m[0xed]Ad[0x1b][0xda][0xda][0x83][0x88]![0x9a][0xda][0x3]*[0xe2][0xe9][0x11]n[0xa0]iJ[0xa8]=[0x1][0xc1][\n]"
05:47:19.883 [main] DEBUG org.apache.http.wire -  << "[0x98][0xe9]:=17U[0xc1]T[0xa1][0xb8]$[0x11]i[0xd2][0x16][0xff][0xca]%[0xe4])FP[0xcf][\r]j<[0x8d][0x13]4[0xa8]KJ[0x1f][0x9b]@[0xc3]pt[0xb2][0x9][0xd1][0x9d][0xa5]q[0xe8][0x81][0xaa]':[0xf9][0x9][0xd1][0x8d][0xa5][0xa9][0x9f]L[0xc][0x90]g[0xeb]h[0xb9][0x12][0xd0][0xc4][0x0]i3[0x4][0xad][0xfd]D[0xbf][0xd0]C[0x14][0xa8][0xb4][0xf6][0x13][0xa2]GAk[0x9b][0x90][0x6][0x0]h[0x9c]"[0x10][0xfd][0xff][0xcc][0x80][0x8c][0xfc][0xbc]TC[0xcc][0xab][0xe][0xc1][0xfb]#SS`[0x17][0xa2]"5[0xba][0xf1][0x9e]L[0x8e](^M[0xc][0x90][0x8e]k[0xa2]u[0xd0]![0xea]=[0x1a][0xdb][0x84]4-Gk[0x9b][0xe8]T[0xbc][0x9a][0x18][0x18]![0xba][0x10][0xb4][0xf6][0x13][0xdd][\n]"
05:47:19.883 [main] DEBUG org.apache.http.wire -  << "[0x8][0xb2][0xb6][0xf0] [0x12]9[0xd1][0xdb][0xbf][0xc]@[0x3]T[0xf4][0xa8][0x9b]L[0xc][0x90]F[0xab]s3s[0xb2]1[0xd6][0xbd] \[0x8f]o5;r[0x6][0x5]-[0x88][0x80][0xba][0x9d]Z&""[0x98].[0xc7][[0x99][0x18] [0x1d][0x8][0xe4]Y[0x0]*[0xcb][0x14][0xc][\r][0x15][0xcc]L[0x14][0xd2][0x93]0[0x2][0x8][0xdf]rm[0xe2]#[0x1c][0xe9][0xfe][0x1b][0xec][0xb][0x9b][0x11][0xf1][0x80][0xbf]%J[0xc6][0xde]w[0x0][0x0][0x0][0x0][0xff][0xff]"
05:47:19.883 [main] DEBUG org.apache.http.wire -  << "[\r][\n]"
05:47:19.884 [main] DEBUG org.apache.http.wire -  << "62F[\r][\n]"
05:47:19.884 [main] DEBUG org.apache.http.wire -  << "[0xca]KW((-*[0xc8]/N-V[0xaa]E[0x8e]I[0xa4][0xa1]([0xda][0x85][0x2][0x15][0x1d][0xc][0x1e][0xd7][0x85]&[0xbd][0xe0][0xec][0xaa][0xfc]|[0x85][0xf0][0xfc][0x9c][0xb4][0xe4][0x8c]D[0xd0][0x92][0x2][0xd4][0x99][0xcb][0xe0][0x92][0xa2][0xc4][0xca][0xec][0xcc][0x14][0xd0][0xc][0x2]t0[0xcb][0xd0][0xc][0xb4]8[0x8c][0x88][0xe1][0x11][0x13]S[0xa4][0xa9][0xd2][0xe0][0xc4][0xdc][0xe2][0xd2][0xbc]t[0x85]`#c[0x85][0xd0][0x9c][0x92][0xa2]D[0x8c][0x4][0xe2][0x9e][0x98][0x93]XQ[0x89][0x88]?"[0xf3][0x91])h8[0x1c][0xea][0x99]A[0x93]$LASEPG[0x11][0xf6]9[0xc2][0xcf][0xa4][0x84]-R#[0x8c]`[0xd8]fdV&[0x82]B[0x1c][0x1a][0x85]D[0x7]-[0xa2]Q4x[0x82][0x16]i[0xff][0xdb] r[0x14]Rl[0xd0][0xb4][0xf9]h[0x8a]4'6[0x88][0xbc]?[0x18][0x13][\n]"
05:47:19.884 [main] DEBUG org.apache.http.wire -  << "[0xd2]Al[0x83]'[0xa4][0x90]f[0xca][0x6][0x91][0xa3][0x90][0xba]Y[0xe0][0x89]B[0xe8][0xf8];[0xd6][0xc5]g[0xae][0x15][0xa9]E[0xc9][0x99]%[0x89]%[0x99][0xf9]y[0xa9][0xb9][\n]"
05:47:19.884 [main] DEBUG org.apache.http.wire -  << "[0xb9][0x89][0xe9]y[0x99][\n]"
05:47:19.885 [main] DEBUG org.apache.http.wire -  << "[0xf9])[0x99]%[\n]"
05:47:19.886 [main] DEBUG org.apache.http.wire -  << ")[0xf9]9[0xf9]Ed,771E[0xaa]A[0x7]O[0xa8] [0x1d][0xf9]D[0xd3][0x96][0xb9][0xb1][0xa5]9"[0xfb][0xd0]t[0xe4][0x10][0xb4][0xfe][0x11]Z+[\r][0xb9]1}[0xd0]T>[0xd4][0xed]4[0x19][0x8d]D[0x14][0xe0]41[0x1e][0x91][0xc3]hb<bL[0x81][0x16][0xc6]#m[0x19][0xa2]qN[0x0][0xad]C[0x81][0xc6]2[0xad]mB[0xe4]9Z[0xdb][0x84][0x88][0x1c]Z[0xdb][0x84][0x98]<[0xa6][0xb5]Mt[0x1b][0xf3]A:[0x14][0x89][0xa6]~21@[0xba][0x96][0x84][0xd6]6[0xd1]m[0xcc][0x7][0xe9]f[0x10]Z[0xfb][0x9]Q[0x80][0xd2][0xda]&DYJk[0x9b][0x10]e[0xc4][0x10][0xab]/M[0xc][0xc][0x10][0xa5][0xe][0xf6]&[0xd5]@n[0x1]71[0x0][0x8d]!@[0xb]z[0xec][0xce]Ct[0x8a][0xe9]7[0x90][0x3]Z[0xa5][0x3]u[0xd4][0x90][0x8b]o[0xd0]F[0x1a][0xa8][0xdb][0x89][0xcf][0x15][0x88]@&~[0x8][0xe][0xb4]8[0x86]>[0x16][\r][0xe1][0xdc][0x87][0xb4][0xf9]a[0xc8][0xa5]$[0xd0]^"[0xba]D0[0xf2][0xf0] [0xd1][0x83]&[0xe4]$Y[0xa4]!B*[\r][0xb5]#[0x8d][0xef]Q[0xcb]DD[0xfd]I-[0x13][0xc9][0xa9]'[0xc9][\n]"
05:47:19.886 [main] DEBUG org.apache.http.wire -  << "^DF[0xa5]m[0xd1]3t[0xf7]r[0x98][0x18] [0xed][0xe5][0xa0][0xd7][0xe4][0xc][0xa2][0x95]I[0xbd]i[0x9]S[0x1d]%[0xe7][0xc4][0x92][0xd4][0xf4][0xfc][0xa2][0xcc][0xd4]b%[0xab]h[0xe4]y[0x10][0xa4][0xa1][0xc9][0x80]`[0x13][0x8c][0x1][0xfe][0x82]b[0x13][0x85][0xa4][0xc4]"[0xd0][0xa5];[0xd0]qhcb[0xcf]g61@[0xba]"[0x82][0xb6]i[0xcc][0x4][0xd1][0x87][0xa2]~W[0xda][0xc4][0x0]yM>[0xd1]e[0x1e][0xd2][0xec][0xb][0xf1][0xf5]4[0xd2][0xf0]'[0xf1]!F[0x9e]M[0x14]N[0x96][0x13]9[0x1d]a[0x80][0xb4]R[0x1f][0xb6]k[0xc][0xb2][0x1b][0x1b][0xc7][0xba][0xde][0xc0][0xd2][0xcc]D[0x85][0xd4][0xfc]b[0x85]"[0xc8]`[0xa5]B^jrjq1x[0xec]2[0xa9][0xb4]X![0xad]4=3[0xb1]D!1/37[0x13]i[0xd8][0xd2][0x8][0xd4][0xe5]$f~[0xcb][0x0]iA?YAL[0xb4][0xc7][0x11]my[0xb2][0xec]!![0xd1] R?[0xd2][0xce]%[0xd8]p0[0x8e][0x1d][\n]"
05:47:19.886 [main] DEBUG org.apache.http.wire -  << "[0xae][0x15][\n]"
05:47:19.886 [main] DEBUG org.apache.http.wire -  << "[0x85][0xa5][0x89][0xa9]E[0x89][0xa0][0xd3]#[0x8b][0xc0][0xc1][[0x8c][0x14][0x9e][0xc4][0x9e]:bb`J[0xb7]Q[0x5][0xa4][0x15][0xe9][0xf0][0x9d]E[0xe0][0x85][0xd9][\n]"
05:47:19.886 [main] DEBUG org.apache.http.wire -  << "[0xce][0xf9][0xb9][0x5][0xa5]%[0xe0]#:P[0xa7]B[0x1d][0x8b][0xb]R[0x8b]2[0xf3][0x8b]R[0x8b]!gS[0xe6]'''[0xa6]&'[0x96]d*[0x14][0x96][0x92][0x97]|[0x90]W[0xaa][0xd3]l[0xf6][0x9c][0x8a][0xf3][0xc6][0x6][0xa0]=N[0xd0][0x96]!-[0x97].[0x99]![0x9a]B4[0xb5][0x6][0xd1]>[0xa2][0xa9]5H[0xad]#[0xa4][0xa3]t[0xc0][0x1b]-pd([0xc7]R[0xe8]dJj[0xae]BQjAjNNj^J)r[0x9e]"[0xbe][0x8c]BZ[0xa1][0xee][0x19][0xe0][0xe1][0xef][0xe7][0xaa]`h[0xaa][0x10][0x10][0xe4][0x8f]Q={[0xb8][0xfa][0xb9][0x7][0xf8][0xfb]![0x1a][0x80]&[0xa0][0x1a][0x84][0xa8]r[0x10][0xe9]`J[0x9a][0xd9][0x81][0xb4]*[0x9d]vv *2[0x1a][0xce][0xc3][0x98][0x18][0x98]#[0x16][0xea][0xd0][0xd6][0x1e][0xa4][0x14]N[0xbb][0xcb]3L[0xc]@[0xfb][0xbe]a[0xe5][0x2]-[0xed][0x1][0x9d][0xd2][0x5][0xb5][0x87][0xc6][0xf5] [0xd2][0x1a]{[0x9a][0xa5]6[0xd0][0xd6]|[0xa8]ohg[0x7]"[0xa5][0xd1][0xce][0xe]Dq=x[0x86][0xf2][0x90]6/[0xd0][0xb2]p[0x7][0x9d][0x1a][0x1][0x8d][0xc3][0xc1][0xe3]w[0xa4];8pf[0x13]D1O|[0xe3][0x90]^;[0x1]L[0xc],[0x7]c[0x92]B>[0xd0][0x90][0xe8][0xae][0x1b]Y[0xe1][0x8c]h[0xee][0xf][0xa2]DEN[0xdb][0x9c][0xc][0xdf][0x83]{[0xb][0x83]-K[0x19]"[0x9d][0xc4][0x88]3Ka[0xac]p%[0xcb][0xf7][0x88][0x2][0x9b]x[0x8b][0xc8][0xe9][0xb5][0x1b][0x82]v[0x91][0xf][0xbe]pFj,[0x13][0x9d][0xc7][0xc8][0xf3]>"[0x93][0xd1][0xaa]f4[0x4][0x1d]C[0x7][\r]bZG&"w[0x6][0x14][0xe5][0xa7][0x94]&[0x97](8[0x96][0xe6]d&*`[0xee]-[0xc9][0xcc][0xcb][0x84][0xed]+QH[0x84][0xab][0x81][0x8e][0xc8][0x11]9"a[0x88]4SF[0x1f][0xfb][0x10]-s[0x1a][0x87]$[0xd2][0x86]-[0xfa][0xf8][0xc][0x91][0xe1][0xe9]c[0x1f][0xa2]j[0xa5][0x8f]}[0x88]>[0x8]}[0xec]C[0x94] NE[0x89][0xc9][0xa9][0xd8][0xae][0xb2][0xf2]MLIU[0xc8]OS[0xc8][0xc8]L[0xcf][0x0][\r]][0xe5]d[0x96]T*[0x14][0xa4]&[0x16][0xe5] [0x17]%[0xa0][0xdd]F[0xc4]t[\r][\r][0x11]E[0x89]K[0x98][0x8b][0x82]wfnjIq[0xa9]B^[0xbe]Bdbf[0x12]h[0xdd]5[0xea]H[0x12][0xa2]^042@[0x1d][0x2][0xc7]3[0xbc]n[0x88][0xb4][0xa3][0xb]d[0x8d]oizj[0x9e]BHQb&[0xe6][0xb2]}<6[0x18][0xe0][0x1e][0xc0]74D[0x94]"4[0xb2][0x1][0x14][0xa6][0xd0][0x12][0x91]V6 J[\n]"
05:47:19.886 [main] DEBUG org.apache.http.wire -  << "Z[0xd9][0x80][0x98]W[0x19]4[0xcd]3C[0xa4][0xe9][0xff]A[0xe4](D^[0x1c]D[0x8e]B[0xc]q[0xd3][0xb8]*AZ[0x4][0x80][0xdd][0xfb][0x3][0xba][0x4][0xc7][0x10]i[0xfa][0x1d][0xbb][0xf3][0x10][0xa5][0x8][0xdd][0x96][0xe0][0x18]"M[0xd5]cw[0xd4][0x0][0x87][0x19][0xa2][0xf6][0xc4][0xee][0xbc][0x1][0x9]3D[0x15][0x9b][0xe][0xde][0xa7][0x86]1[0xb6][0x9b][0x96]_[0xa4][0x0][0x91]Bla[0xd3]Q[0x82][0xb6][0xf9][0x88][0x1e][0x0]04F[0xe4]g[0x1a]g[0x1d][0xa4][0x99]~[0x5][0xc][0xdf]`t[0xb4][0x90]kmb7H[0x1b]"M[0xc8][0x93][0xe5][0x19]b[0x9b][0xca][0xc6][0x88]J[0x95],{[0x88][0x8f][0x1e][0xa4]=[0xaa][0xb4][0xb6][0x9]Q[0xc9][0xd2][0xda]&DeKk[0x9b][0x10][0xb9][0x88][0xd6]6[0xd1][0xad][0x6]B[0xda]mD[0xd8]O[0xe0]C[0x7][0x88][0xce]JT[0x9c]W4D[0x9a][0xd8]'[0xec][0xcc][0xbc]|[0x5][0xb0]K[0x11]%-[0xf1]9[0x84][0xd2][0x9]{[0x12]l[0xa2][QI[0xb7]IsC[0xa4]Is[0xe2][0xa3][0x89][0xe8][0x4][0x85][0xb4][0x92][0xc8][0x10]if[0x1c]j[0x13][0x96][0xe5]D9[0x89][0x95][\n]"
05:47:19.886 [main] DEBUG org.apache.http.wire -  << "[0xe5][0x99]%[0x19][\n]"
05:47:19.887 [main] DEBUG org.apache.http.wire -  << "Y[0xa9][0xc5][0xc5][0xa0][0xde][0x16]Z[0xb2][0xc0][0xdf]hA[0xb1][0xe]Q[0xc8]@jI[0x8c]*[0x87]J[0x15]([0xd2][0x4][0xfa]P[[0x16]jhFJ[0xf9][0x8][0x8e][\n]"
05:47:19.887 [main] DEBUG org.apache.http.wire -  << "[0xa2][0xa3][0x9e][0x9a]e[0x9][0xd2][0xb9]u[0xd0][0xa4][0x83]yr[0x15][0xbc][0x1]1[0x80][0xce]D[0x8c][0x19]`oH[0xe]l;[0x17]iF[0x1f][0x1a][0x8a]Dg@[0xa4]X'>[0x7]"[0xcd][0xee]c[0xf][0xe]Di[0x8f][0xdf]Pj&%s[0x8c]V[0xe][0xd1][0x81]@"
05:47:19.888 [main] DEBUG org.apache.http.wire -  << "[\r][\n]"
05:47:19.888 [main] DEBUG org.apache.http.wire -  << "73A[\r][\n]"
05:47:19.888 [main] DEBUG org.apache.http.wire -  << "[0xac]s[0x91]K![0xa4][0xf3][0xf0][0x86]\[0xe1][0x80][0xb4][0xa2][0x1][0x9a]^[0x6]e[0xae][0xc3][0xbc][0x97][0x93][0xb6]1:4[0x8a]L[0xa4][0xed][0xc7]C/[0xe1]![0xca][0xd1]A[0x9d][0xf0]Hi[0xf2][0xf]\[0xad]d[0x8e][0xe8][0xab][0xe][0xb9][0x94]@[0xd2][0xe2][0xa0][0x81][0xb]b[0xa4][0x95]E[0x83]9[0xc1]"-N[0x1a]z)[0x1]1[0xa5]F[0xb3][0xa9]][0xb][0xc4]@ 4[0x1a]1[0xef][0xf6][0x84]73a]V[0xa2][0x9b]F[0xd4]l[0xc5]X`TB[0x98].E4W[0xf0][0x8d]jQ[0xd5]U[0x88][0xfe][0xb1]G[0x81]BXfY[0xbe]B[0xa4][0x91][0x11]F[0xbf]+7573'3;S[0xa1][0xb8] [0xb5]83-3;[0xb1]8S[0xa1]21/]![0xb1] [0x13]t[\n]"
05:47:19.889 [main] DEBUG org.apache.http.wire -  << "[0x1b]t[0xc][0xd3][0x18]4[0x8f]F[0xec][0xba]}C[0xa4]U[[0xd0][0xc8][0xa3]i3[0x0][0xf3][0xa4][[0xda]Z[0x87]([0xc4][0xa1][0xbe][0xc3][0xd3][0x16][0xc3][0x92]4[0x89][0x1f][0xe4] [0xfa][0xb8][|[0xdd]tc[0xa2]Gl[0x89]Y[0xd7][0x86]/[0xcf][0x91][0xe0]1[0xc4][0x80][0x0][0xe1] [0x1c][0xb8][0xba][0x4]t[0x81][0x1]t6[0x15][0xbf]3[0xa9][0x14][0xfe][0x18]e[0x1e][0x9e][0x84]5[0x80][0xa1][0x82]Q[0xe0][0xe1]p&[0x95]B[0x5]Q[0x92][0xe1][0x8f][0x84][0x8c][0xc4]b[0xc8][0xc8]%R5[0x80]?IR[0xb3][0xc0][0x5][0xdd]RITZ[0x19]`g"[0x1a][0xca][0xd8][0x7][0x2][0x6]t\[0x4][0xbc][0xed][0x2][0x1a][0x8a][0x83][0xd2]y[0x88]r[0xb][0xbb][0xf3][0x10][0x15]=[0xdd][0x86]Q[0x8c][0x90][0xce] [0xc1][0xee][0xa8][0x1][0x8e]RDq[0x81][0xdd]y[0x3][0x12]fC[0xa2]P1B:dd[0x10][0x97]}FH[0xeb]0[0xb1]G[0xf1][0xc0][0xa6]@[0xa4][0xc5][0x94][0x90][0xcb][0xc7] ;[0x11][0xb1]][0x6][0xe6][0x94][0x93][0x98][0x97][0x92]Y[0x92][0x99]Y[0xac][0x90]\[0x9a]S[0x90][0xa8][0x90][0x9a][0x97][0x99][0xb][0xda][0xc8][0x9a][0x88][0xb4][0xe1][0x12]t*/1[0xb][0xd7][0x8c][0x90][0x8e][0xc1][0x1f][0x94][0xe1][0x82][0xe8][0xc7][0xd1]f)[0x97][0x91]![0xa2]E3([0x3][0x80][0xd8]R[0x80]*-[0x19]#[0xb4]u[0x8c][0xd4]_`h[0x84][0xb4][0x84]q0[0x97][0x17]H[0xeb] [0xf1];[0x93]:[0xe1][0x8e][0xb4]([0x92].[0xd6]![0xa6]5|A[0x8b][0xc1][0x83][0xf3][0x93][0x93][0xb1][0xec]wN[0xce]OJTH.JM,I[0x85][0xad][0x17]G[0xd4][0x84][0xc6][0xc4][0xf6][0xb5][0x8d][0x90][0xce][0xb7][0xa7][0x92]m[0x86][0xb8]W[0xb0][0x1a][0x19]![0x8a][0xc][0x1a][0x9c][0xde]`[0x84][0xb4][0xca][0x92][0xd4][0x98]Bj[0xf4][0xe3]oz!M[0x9][0x19]a[0x9e][0xb5][0x84]9v[0x83][0xaf][0xc7][0x8b][0xdf]&*v/[0x8c][0x90][0xee][0xcb][0x86][0x86][0xc][0xa6]K[0x11][0xc9][0x87]N[0xa3]LFD_D@[0xa5][0x8c]<[0xb8];/D[0x1f][0xec]D[0x9d][0xd0]@Z_J[0xa3][0xea][0x1b]i[0xb1]([0xad]l@[0x94]'[0x83][0xb1][0x81][0x80]t[0x8f][0xf6][0xa0]t[0x1e]br[0x8e][0xda][0x7][0x2][0x19]!-[0xdf][0xa4][0xbe][0xd9][0xa4][0x8c][0xa0][0xe][0xd8]@[0x97][0x11][0xdd][0xd6]{[0x1a]![0xdd]U[0x2]-[0xdd]M[0x15][0x82]s2s1[0xc6][0xeb][0xf1]UF[0xf8][0xc7][0xba][0x90][0xab]=[0xd0][0x5][0xd1][0x83]x[0x94][0xc5][0x4][0xd1]k[0x80][0x85][0x6][0xf6][0x80][0xa0]N9j:[0x18][0x7](0W[0xe8][0xe1][0x18]d[0x5][\r]'R2[0xc9]`[0x84][0xb4]f[0x8e][0x1e][0xa1][0x8d]t[0xf8][0xcc]`,R[0x91][0x8e]AOI-N.[0xca],[0x0][0x9d][0xc3][0x8f][0x91][0xfc][0x88]kj![0xe7]9[0xa4][0x9]M*[0x1b][0x8c]H[0xbe]4[0xaa][0xa4][0x91][0xce]z[0xa0][0xb2][0xd3][0x11][0xf5][0xd7][0xa0]L[0xb][0x88]j[\n]"
05:47:19.890 [main] DEBUG org.apache.http.wire -  << "[0xbb][0xf3][0x10][0xa9][0x80]~[0x1d][0x1][0xa4]9A[0xec][0x8e][0x1a][0xd8][0xb1]6[0xa4]3,[0xb0];o@[0xc2][0xc][0xd1][0xca][0xc4]_[0xc4]Q\[0x98]Z"[0xaa].[0xec][0xde][0x1f][0xe0][0xd8]A[0xc]xaw[0xde][0x80][0xc4][0xe][0xa2]WG[0xeb][0xd8]![0x94][0xa1][0x7]4v[0x8c][0x91][0xe][0xc8][0x1f]4[0xb1]c[0x8c]t2[0x7]m[0xaa][0x17]c[0x82][0x7]e[0xc]p[0xac] [0x92]'[0xad][0x2][0x0][0x91],id[0x3][0xd2][0xc][0x8][0xad]l@[0xc]z[0xd2]``[0xd0][0x18][0xe9][0xd4][0x8][0xec]Yc`[0xd3][0xc8][0xe0][0x9e][0xe7]06[0x1c][0x84][0xc5][0xbe]1[0x96][0xb9][\n]"
05:47:19.890 [main] DEBUG org.apache.http.wire -  << "[0x1a][0xf6]y[0x8d][0x91][0xe6][0x1c][0x6]c[\n]"
05:47:19.890 [main] DEBUG org.apache.http.wire -  << "2B[0xe4][0x1f][0xec][0xce][0x1b][0x80][0x9a][0xd9][0x18]in[0x81]F[0xc5][0x6][0xd2]|[0x82]GjbY[0xa5][0x82]KiI[0xa5][0x2][0xf4][0xd4][0xe1][0x80][0x9c][0xc4][0x92]T[0x8c][0xae][0x97]ciIj.[0xfa]Q[0xc3]E[0xa9]E[0xa5][0xb9]HS[0xb4][0xe0]S[0xae][0x88][0x99][0xa3]5F[0x9a]rp,O-[0xce][0xcf]MU[0x8]H,H-Rp[0xce]O,[0xc1][0xb0][0xdc]5[0xbf]X![0xb3][0xa0][0xb8]4W![0xb3]$[0xb1][0xb0]4U!'1)[0xbf](3[0xbf]81W![0x15],[0x90]Z[0x2][0x9a].[0xce],![0xc7]1[0xa6][0x4][0xc7][0x1b][0x7] [0x15][0x98]"[0xed][0x15][0xa7]m[0xfb][0xcc][0x14]i[0xcc]q[0xd0]d[0x2]S[0xa4][0xfd][0xe5][0x83][0xc7]QHC[0x93][0x83][0xc8]Q[0x83][0xb0][0xc]3%8[0xd6]9[0x10]Y[\n]"
05:47:19.891 [main] DEBUG org.apache.http.wire -  << "[0xe9][0xb4][0xfd]A[0x14]}[0x88][0x86][0xee] r[0x14][0xa2]m<x[0x1c][0x85][0xb4][0x9f]~[0x10]9[\n]"
05:47:19.891 [main] DEBUG org.apache.http.wire -  << "1[0xf4][0xe0][0x98]Z[0x94][0x9f]R[0x99][0x97][0x98][0x9b][0x99][0xac][0x0]Y[0xeb][0xe4][0x94]_R[0x92][0x83]Y[0x97][0x82]j[0xc8][0xfc][0xbc]T[0xc8]*'[0xf0]R[0xa7][0xbc][0xcc][0x8c][0xcc][0x1c][0x85][0xe4][0xfc][0xa2][0xa2][0xd2][0x82][0x92]L[0xc8][0x95][0xa3][0xa9][0xc5][\n]"
05:47:19.891 [main] DEBUG org.apache.http.wire -  << "[0xb9][0x89][0x90][0x93][0xd9]S[0xc9][0xab][0xd7]L[0x11]I[0x8b][0xb6]U[0x88][0x11][0xd2][0x1d][0x19][0xd8][0xa3]f@;[\n]"
05:47:19.891 [main] DEBUG org.apache.http.wire -  << "F[0x4]3[0xfe][0x0];[0x8f]Pn[0x1b]X[0xe7]![0x1d][0xb7]1[0x18]#[0x17][0xe9][0xf4][0x8b]A[0xe9]<D/[0x10]&[0xa4][0xd2][0xb4][0xda][0xe0][0x1e][0xdc]G:[0xd6][0x3]{d[\r]@[0xbb][0xc0][0x88]n'[0x80][0x18]![0x1d][0xe3][0xe0][0x9b]_Z[0x8c]Y5[0xe0][0x9b]i[0xc6][0xb7][0xbc][0x8]y[0xce][0xcb][0xc][0x91][0x4]hh[0x9][0xa2]n[0xa1]M'[0xd5][0x8][0xf3][0xb0][0x6][0x1c]s[0xb1][0xd4][0xc9]8Hg5Pw[0xba][\r][0xe9][0xbc][0x5]*[0x1b]Lh[[0xc4][0xc0]V[0x1b]H[0xa7][0x12][0xc][0x9e][0xac]nN[0xf3]i[[0xa4]c[0x7][0xb0]{{[0x80]c[0x5][0x91]o[0xb1];o [\n]"
05:47:19.891 [main] DEBUG org.apache.http.wire -  << "`[0xa4][\r][0xfa]4*L0[0xb7][0xd1]c.[0xe4][0xc4]W[0xf6][0x1a]YZ[0xa2][0x1e]i[0x8b][0xe7][0xc0]Y#[0xa4][0xcd][0xf0][0xb4][0xf2][0xe]"[0xeb]C[0x1b][0x15]4[0xf4][0xe]I{[0xec](Y[0x14]c[0x8c][0xb4][0xa7][0x8a]6[0x1]gl[0x80]h[0x8d]aO[0xfe][0x3][0x9a];[0x8d]i[0xbe]W[0xc1][0x18]i[0xed]5[0x8d][0x82][0x18]i[0xcd][0xf4]`[0xc]b[0xa3]AX[0x0][0x1a][0xf][0xee]3u[0x8d][0x91][0xd6]<c[0x8f][0xd2][0x1][0xa8]4[0x8c][0x91][0x96]I[0xd3][0xea]<[0xc]c[0xa4][0xb]qig[0x7]b[0x4][0x9]Z[0x96][0xd3]r[0x15][0xaa]1[0xd2]d[0x7][0xd2]][0x88]>[0x99]y[0xa9]y8.[0x9c][0xc][0xcb][0xcf])-(I,V(K[0xcd][0xcb]L[0xcc]UH[0xcc][0xc9],,[0xcd]L[0xc1]9[0xd5]b[0x82]{'[0x8b]1[0xd2]Y[0xbb][0xae]y[0xf9]E[0xb9][0xf9][0xa5][0xc5][\n]"
05:47:19.892 [main] DEBUG org.apache.http.wire -  << "[0xbe][0x89]EI9[0xa9]8,[0xf7]LQ([0x83][0xd8]_[0x92][0x9][0xba][0xdd][0xb2],[0xb3]$1U[0xa1][0xb8][0xb4]89[0xb3] [0x13]v[0x9f]\[0xb1]Bb[0x92]BNfRjQ>NW[0xe1][0xa9][0xb0][0x8d][0x91][0xe6]Z<[0xf3]JRsr2[0xd3]S[0xf3]J[0x14][0xdc][0x8b][0x12][0xf3]2KR[0x15]p[0xc][0xe3][0x5][0x96]f*[0x14][0x97][0xe6][0x95]([0xe4][0xe6][0xe7][0xa4][0x16][0x97]d&[0xa6][0xc2]Y[0xc5]8.[0xb8]#~[0x82][0x8c][0xe0][0xa4][0xcc][0xc0]VTH3!n[0x89]y%[0x89][0xc5]%[0x99][0xc9][\n]"
05:47:19.894 [main] DEBUG org.apache.http.wire -  << "[0xce][0xf9]y[0xc9]E[0xa9]%[0xb8][0xa2]2[0x8]q[0xe7][0x9f]B*(-[0xa5][0x96]([0x14][0x96][0xe6][0xa7][0x80]n[0x9a]L[0x84][0x8e]y[0xe6][0x82]f[0xf7][0x12]S2[0xb]2[0x8b][0x93][0x91][0xaf][0x9f]D[\r]8<[0xf7][0x9][0x18]#-[0xea][0xc6]^V[\r]p[0xc0]![0x16][0xc5][0xc1]&>[0xa1][0xf3][0xae][0xde]y[0x99]i[0x98][0x3][0x2]N[0xa9][0x89][0xa0][0x4][0xf][0xcd]s[\n]"
05:47:19.895 [main] DEBUG org.apache.http.wire -  << "x[0xb2][0x1d][0xbe][0x4][0x8e][0xb4][0xb6]{P[0x6][\n]"
05:47:19.895 [main] DEBUG org.apache.http.wire -  << "[0xa2]UF[0xa3]F[0xc9][0xe0][0x1e][0x1]6F[0xba]?y0[0xc6][0xcf][0xe0][0x1e][0x1]6F[0x1a][0x1][0xf6][0xc9]L[0xcf]()O[0x5][0x91][\n]"
05:47:19.895 [main] DEBUG org.apache.http.wire -  << "[0xe1][0xf9][0xf9]9[\n]"
05:47:19.895 [main] DEBUG org.apache.http.wire -  << "[0xce][0x19][0x89][0x99]E[0x18][0xb][\n]"
05:47:19.895 [main] DEBUG org.apache.http.wire -  << "|@[0xeb][0x7]R[0xe1]5Kj[0xb1]B[0x12]|[0xb]:R[\r][0x2]j[0x96][0x81]&k[0xf2][0xd2][0x8b][0x95][0xac][0xf0][0xe5]/SD[0x1d][0x8e]=[0xfe][0x6][0xa2][0x81]dJ[0xf3]\e[0x8a][0x18]i[0xcc]M[0xcc][0xcc]K[0xcc]SH[0xcc]K[0x4][0x9d]_[0x85]z3LqIjjQf^[0xba]ByFjj[0xe]"
05:47:19.896 [main] DEBUG org.apache.http.wire -  << "[\r][\n]"
05:47:19.897 [main] DEBUG org.apache.http.wire -  << "497[\r][\n]"
05:47:19.898 [main] DEBUG org.apache.http.wire -  << ""([0x88][0xde]:c[0x8c]4[0x93][0x85]=|[0x7][0xb6]PG[0x1a]@[0xc6][0xee]<[0x84][0x9f][0xe9][0xb6]d[0xdd][0x18]i/[0xb][0x8d][\n]"
05:47:19.898 [main] DEBUG org.apache.http.wire -  << "U3[0xc4]([0x4][0xad]l@[0xd4][0x96][0xd4][0xbc][0xf6][0x8][0xcf]^kc[0xa4][0x9d]2[0xc5][0xa5][0xc5][0xa5][\n]"
05:47:19.898 [main] DEBUG org.apache.http.wire -  << "[0xd9][0xa5])[0x89][\n]"
05:47:19.898 [main] DEBUG org.apache.http.wire -  << "9[0x99][0x89][0x98][0x85][0x8]X[0x1a][0x9a][0xe0][0xa1][0x7][0xb6]Y[0xa2][0x9c][0xfa][0x85][0xaf][0x99][0x82]t[0xee]4m[0xb3][0xe][0xd2][0x94][0x3][0xb4]{a[0x86]Q[0x1c][0xc2]G[0xbe][0xd0]w[0xfd][0x19][0x12][0x9f]E[0x91]f[0x1d]h[0x95][0x18][0x10]=wp[0xd0]S[0x10]3[0xf8][0xca]r[0xa4]y[0x7]j[0xa6]9|V"[0xcd]=@[0xe3][0x8][0xc7]T[0x7][0xa5];%[0x8c][0x91]Nc[0xa6]Q,![0x9d][0x99]L[0xcb]XB[0x9a]][0xa0][0xa9]5[0xb4][0x9e]/0F[0x9a]/[0x0][0x95]%[\n]"
05:47:19.899 [main] DEBUG org.apache.http.wire -  << "[0x89][0x95][0x89][0x98][0x1b]P[0xc1]^[0x4]I#*[0x12][0xd4][0xa2][0x6]o[0xea]B[0xd4][0xd2][0xb4]N][0x88][0x1c]J[0xab][0xd4][0x85]X*Ac[0xbf] [\r][0xe2][0xd3][0xda]&D%G[0xa3]PC[0xda][0x5]Ik[0xbf] [0xda][0x9c][0xd8][B[0x3][0xdb]PC:[0xb3][0x14][0xbb][0xf3][0x10][0xf9][0x8b]~[\r]5[0xb]D[0x9a][0xa6]Q[0xfc]#[0xed]^[0xa4][0x95][\r][0x88]E[0xa8][0xf4][0xaa]4[0x9][0xee]y[0x1c][0xd8][0xa4]FpO"[0xae][0xa4]f[0x8c]6|J[0xc5][0xf3]l[0x8c]-i^[0x9d]!]'N[0xab][0xa4][0x86][0xa8][0xce]he[0x3][0xcd][0xab]1P7[0x1]z[0x14][0x4]m[0xfc]`[0x2]:[0xc9][\n]"
05:47:19.899 [main] DEBUG org.apache.http.wire -  << "j[0x3]m[0x8b]|[0x13][0xa4][0xfd][0x93]H[0x9b]I[0xa0][0x83][0xfa][0xd8][0x87]_\3K[0x8b][0x15][\n]"
05:47:19.899 [main] DEBUG org.apache.http.wire -  << "R[0x8b][0x8a][0xb]2[0x93]3[0x13]K2[0x8b]AC[0xc0]H[0xe3].[0xa0]dJ[0xcc][0xb8][0x8b][0x9][0xcd][0xb7]I[0x9a][0xd0]|J[0xda][0x4]i#[0xa6]{~Qz*hJ$<??%5O[0xc1][0x19]K[0xaf][0xd3]?%[0xb3][0x4][0xb1]R[0x18]67[0x92][0x8a][0xbc][\r][0x7][0xb4][0xc8][0x8e][0xb8][0xe0][0xa3]uq`[0x82]4[0xdf]N[0xeb]dH[0xeb]Lkb[0x80][0xa8][0xa7][0xf1][0xfb][0x85]*[0xb][0xd2]Lh[0xbe]{[0xd4][0x4][0xe9][0xa0]L[0x1a][0x95]BH[0x1b]Hie[0x3][0xa2][0xf1]L[0x97]HA[0xa4]2[0xec][\r][0xc8][0x1]mt[0x98] [0x9d][0xb9][0x88][0xdd]y[0xb8][0x1a][0x1d][0xe8][0xfd]G*6:L[0x6][0xe3]&KS[0xcc]a1[0x1a][\r][0xb9][0x98]b[0x19][0xdc][0xa1][0xe1][0x8e][S[0xa4][0x11][0x9e][0x0]g[0x5]wG_O?w[0x8c][0x1][0xbf][0xe0][0x0]Wo[0x5][0xf]Ow[0xf]Dz[0xb0][0x4][0xb5][0x18][0x88][0xa9]5L[0x91][0xd6][0xd2][0x5]$[0xe6]$[0xfa][0xe4][0xfb]`^[0x6][0x8f]sD[0xd1][0xc8][0xd2][0x12][0xb4][0xa8][0x82]8[0x8b][0x10][0xe3][0xcb]4[0xb6][0x8]1}C[0xa7][0xde][0x8b])[0xd2][0xfd]%4[0xf6][0x1b][0xa2][0xb9]L'[0xbf][0x99] [0xed][0xcb][0xc7]_&S:[0x9c]ib[0x88]h[0xc0]`/[0xef][0x6][0xb6]8FZ[0xce][0x87][0xdd]y[0x88][0xec]G[0xb7][0xe1][0x6][0x13][0xa4][0xcd][0xdf]4[0xaa][0x93][0x91]6w[0xd3]8[0xfe][0x91]V3[0xd2][0xda]&[0xc4][0xc0][0x16]~[0x9b][0xa8][0xd3][0xf8]C:[0xe2][0x95]V[0x91][0x84]h[0xc9][0xe0][0xf7][0x10][0xc5][0x99][0x14]4[0x8b][0xe][0xed][0x8a][0xd2][0xc8]/D[0x1f][0x1]K[0xb1]_[0x90]VB[0xd2]8[0xd4][0x90][0x96]7[0xc2]l[0xa2]a[0xb3][0xc1][0x4]T)[0xd3]8[0x92][0x10][0x95],[0xcc]C[0x18][0xed][0x12]x[0xb3][0x81][0x92]e[0xe4]&HK[0x1c][0xb1][0x17][0xbb][0x3][+ [0xad]6[0x1c][0x94][0xce]Cts[0xb1];o *-[0xa4][0xf5][0x86]4*C[0x90][0xd6][\r]B[0x93]'i[*[0xe8]W[0x81]#[0x9d][0xad][0x80][0xd3][0xa5][0x88]8[0xc2][0xb7]k[0x90][0x9a][0xbd]<[0x13]DG[0x1c]{[0xb2][0x19][0xd8]L[0x87][0xb4]C[0x9d][0x6]'e[0x99][0x80].'[0xa1]m[0xf1]9[0xb8]W0[0x9a][0x10]\[0xc1][0x88]H[0x91][0xf4][0xcb])[0xa6][0x6]:J[0xd0]X[0xc1][0x99]S[0xf0]U9tt)b[0xfe][0xc][0xa7]K[0x11]!H[0xaf]<[0x8d]t[0xe2][0x86][iQ^fIiQ[0xaa]BH~[0x1]F[0xbd][0x8d][0x90]MI,[0xca]T[0xf0]J-H,[0x2][\r][\n]"
05:47:19.902 [main] DEBUG org.apache.http.wire -  << "@[0x97]E[0x19][0x82]R[0x7]1]~[0x13][0xa4][0x85][0x94]4*[0xe7][0x91][0xce][0x9d][0xa6][0x95][\r][0x18]][0x5]Jj[0x12][0x1a]N[0x7][0x9a][0x98]"[0xc6][0x6][0x6]S[0xaa]C[0xf4]L[0x10][0xe9][0x8a][0xa6][0xa9][0xe]i[0xfd]&U[0xb7]h[0x9b] [0xad][0xc1][0x84][0x6]0[0x8d]F[0x19]M[0x88]>O[0x9c][0xe2].[0x10][0xd2][0x2]IZ[0xfb]ip[0x8f][0xee] [0xad]x[0xa4][0xf6]][\r]&f[0x88]<0[0x18][SHc[0xda][0x83][0xd2]y[0x88][0x81][0xe3]A[0xe9]<DO[0x18][0xbb][0xf3][0x10]5=[0xfd]Z H[0xeb][0x10]i[0xd1]@6GT5[0xd8][0xfd]<[0xb0][0xdd][0x3][0xa4][0x13][0x8][0xb0];o [0xa2][0x4]i[0xa2][0x5][0xbe]Y[0x12][0xb2][0xa9][0x5][0xdb]![0x99][0x8e][0xc9][0xc9][0xa5][0xc5][0x89]y%[0x99][0xa5][0xb9][\n]"
05:47:19.902 [main] DEBUG org.apache.http.wire -  << "[0xf9][0xa0][0xfb][0x13][0xa0][[0xea][0x8a][0x91][0x16]V[0xa0]n[0xa3]C[0x9f][0xf4]C:D[0xc6][0x14][0xe9][0xd4][0x92][0xe0][0xca][0xbc][0xd4][0xa2][0xf4]L[0xf0][0x16]?[0xe8][0xc2][0x84][0xe0][0x8c][0xfc]T[0xd0][0xd5]_[0xa8][0xfb]<\[0xc1][0xfb][0xf9]@{[0xfa][0xc8][0xb4][0x13][0x91]/h[[0xb3][0x98]"[0x1d][0x3]Bk[0x9b][0x10][0x8d][0xc1][0x80][0xa2][0xfc][0x94][0xd2][0xe4][0x12][0x5][0xc7][0xd2][0x9c][0xcc]D[0x5]c[0x8c]F4[0xe8][0xd6][0xba][0x2][0xa8][0x9a]D[0xb8][0x1a]h[0x13][0x1a]_[0x93][0x1f]%[0xde][0x10][0xf9][0x8c]>[0xf6]!**[0xfa][0xd8][0x87][0x18][0x9d][0xa2][0xa1]}[0xb1][0xb5]\[0x0][0x0][0x0][0x0][0xff][0xff]"
05:47:19.903 [main] DEBUG org.apache.http.wire -  << "[\r][\n]"
05:47:19.904 [main] DEBUG org.apache.http.wire -  << "A[\r][\n]"
05:47:19.904 [main] DEBUG org.apache.http.wire -  << "[0x3][0x0][0x82]:[0x18][0xc3][0x9d][0xba][0x1][0x0]"
05:47:19.904 [main] DEBUG org.apache.http.wire -  << "[\r][\n]"
05:47:19.906 [main] DEBUG org.apache.http.wire -  << "0[\r][\n]"
05:47:19.906 [main] DEBUG org.apache.http.wire -  << "[\r][\n]"
05:47:19.907 [main] DEBUG io.restassured.internal.RestAssuredHttpBuilder - Parsed data to instance of: class org.apache.http.conn.EofSensorInputStream
05:47:19.917 [main] DEBUG org.apache.http.impl.conn.BasicClientConnectionManager - Releasing connection org.apache.http.impl.conn.ManagedClientConnectionImpl@1fcfcf37
05:47:19.917 [main] DEBUG org.apache.http.impl.conn.BasicClientConnectionManager - Connection can be kept alive indefinitely
05:47:20.079 [main] DEBUG net.thucydides.core.steps.StepInterceptor - STEP DONE: I send HTTP GET request
  &amp#27;[32mWhen &amp#27;[0m&amp#27;[32mI send GET HTTP request&amp#27;[0m                         &amp#27;[90m# starter.stepdefinitions.UserSteps.iSendGETHTTPRequest()&amp#27;[0m
05:47:20.087 [main] DEBUG net.thucydides.core.steps.StepInterceptor - STARTING STEP: UserSteps.iReceiveValidHTTPResponseCode404 - I receive valids HTTP response code 404
05:47:20.089 [main] DEBUG net.thucydides.core.steps.StepInterceptor - STEP DONE: I receive valids HTTP response code 404
  &amp#27;[32mThen &amp#27;[0m&amp#27;[32mI receive valid HTTP response code 404&amp#27;[0m          &amp#27;[90m# starter.stepdefinitions.UserSteps.iReceiveValidHTTPResponseCode404()&amp#27;[0m
05:47:20.093 [main] INFO  - 
  _____   ___   ___   _____     ___     _     ___   ___   ___   ___  
 |_   _| | __| / __| |_   _|   | _ \   /_\   / __| / __| | __| |   \ 
   | |   | _|  \__ \   | |     |  _/  / _ \  \__ \ \__ \ | _|  | |) |
   |_|   |___| |___/   |_|     |_|   /_/ \_\ |___/ |___/ |___| |___/ 

GET - As admin I cannot get all product data
----------------------------------------------------------------------
]]></system-out>
  </testcase>
  <testcase name="GET - As admin I can get one detail product data" classname="User" time="1.011">
    <system-out><![CDATA[
@TC-005
Scenario: GET - As admin I can get one detail product data &amp#27;[90m# src/test/resources/api/user.feature:21&amp#27;[0m
05:47:20.118 [main] INFO io.cucumber.core.plugin.SerenityReporter - Running feature from file:///C:/Users/Lenovo/IdeaProjects/MiniProject/MiniprojectApi/src/test/resources/api/user.feature
05:47:20.118 [main] WARN io.cucumber.core.plugin.SerenityReporter - Feature from file:///C:/Users/Lenovo/IdeaProjects/MiniProject/MiniprojectApi/src/test/resources/api/user.feature is not under the 'features' directory. Requirements report will not be correctly generated!
05:47:20.122 [main] INFO  - 
  _____   ___   ___   _____     ___   _____     _     ___   _____   ___   ___  
 |_   _| | __| / __| |_   _|   / __| |_   _|   /_\   | _ \ |_   _| | __| |   \ 
   | |   | _|  \__ \   | |     \__ \   | |    / _ \  |   /   | |   | _|  | |) |
   |_|   |___| |___/   |_|     |___/   |_|   /_/ \_\ |_|_\   |_|   |___| |___/ 

GET - As admin I can get one detail product data(user;get---as-admin-i-can-get-one-detail-product-data)
--------------------------------------------------------------------------------
05:47:20.254 [main] DEBUG net.thucydides.core.steps.StepInterceptor - STARTING STEP: UserSteps.iSetGETApiEndpointsById - I set the GET api endpoints by Id
05:47:20.255 [main] DEBUG net.thucydides.core.steps.StepInterceptor - STEP DONE: I set the GET api endpoints by Id
  &amp#27;[32mGiven &amp#27;[0m&amp#27;[32mI set GET api endpoints by Id&amp#27;[0m                      &amp#27;[90m# starter.stepdefinitions.UserSteps.iSetGETApiEndpointsById()&amp#27;[0m
05:47:20.262 [main] DEBUG net.thucydides.core.steps.StepInterceptor - STARTING STEP: UserSteps.iSendGETHTTPRequest - I send HTTP GET request
05:47:20.264 [main] DEBUG net.thucydides.core.steps.StepInterceptor - STARTING STEP: GetAllProduct.iSendGETHTTPRequest - I set the GET api endpoints
05:47:20.264 [main] DEBUG net.thucydides.core.steps.StepInterceptor - STEP DONE: I set the GET api endpoints
05:47:20.284 [main] DEBUG org.apache.http.impl.conn.BasicClientConnectionManager - Get connection for route {s}->https://altashop-api.fly.dev:443
05:47:20.284 [main] DEBUG org.apache.http.impl.conn.DefaultClientConnectionOperator - Connecting to altashop-api.fly.dev:443
05:47:20.477 [main] DEBUG org.apache.http.client.protocol.RequestAddCookies - CookieSpec selected: ignoreCookies
05:47:20.477 [main] DEBUG org.apache.http.client.protocol.RequestAuthCache - Auth cache not set in the context
05:47:20.477 [main] DEBUG org.apache.http.client.protocol.RequestTargetAuthentication - Target auth state: UNCHALLENGED
05:47:20.477 [main] DEBUG org.apache.http.client.protocol.RequestProxyAuthentication - Proxy auth state: UNCHALLENGED
05:47:20.478 [main] DEBUG org.apache.http.impl.client.DefaultHttpClient - Attempt 1 to execute request
05:47:20.478 [main] DEBUG org.apache.http.impl.conn.DefaultClientConnection - Sending request: GET /api/products HTTP/1.1
05:47:20.478 [main] DEBUG org.apache.http.wire -  >> "GET /api/products HTTP/1.1[\r][\n]"
05:47:20.478 [main] DEBUG org.apache.http.wire -  >> "Accept: */*[\r][\n]"
05:47:20.478 [main] DEBUG org.apache.http.wire -  >> "Host: altashop-api.fly.dev[\r][\n]"
05:47:20.478 [main] DEBUG org.apache.http.wire -  >> "Connection: Keep-Alive[\r][\n]"
05:47:20.478 [main] DEBUG org.apache.http.wire -  >> "User-Agent: Apache-HttpClient/4.5.13 (Java/14.0.2)[\r][\n]"
05:47:20.478 [main] DEBUG org.apache.http.wire -  >> "Accept-Encoding: gzip,deflate[\r][\n]"
05:47:20.479 [main] DEBUG org.apache.http.wire -  >> "[\r][\n]"
05:47:20.479 [main] DEBUG org.apache.http.headers - >> GET /api/products HTTP/1.1
05:47:20.479 [main] DEBUG org.apache.http.headers - >> Accept: */*
05:47:20.479 [main] DEBUG org.apache.http.headers - >> Host: altashop-api.fly.dev
05:47:20.479 [main] DEBUG org.apache.http.headers - >> Connection: Keep-Alive
05:47:20.479 [main] DEBUG org.apache.http.headers - >> User-Agent: Apache-HttpClient/4.5.13 (Java/14.0.2)
05:47:20.479 [main] DEBUG org.apache.http.headers - >> Accept-Encoding: gzip,deflate
05:47:20.866 [main] DEBUG org.apache.http.wire -  << "HTTP/1.1 200 OK[\r][\n]"
05:47:20.868 [main] DEBUG org.apache.http.wire -  << "content-type: application/json[\r][\n]"
05:47:20.869 [main] DEBUG org.apache.http.wire -  << "date: Mon, 08 May 2023 22:56:11 GMT[\r][\n]"
05:47:20.869 [main] DEBUG org.apache.http.wire -  << "transfer-encoding: chunked[\r][\n]"
05:47:20.869 [main] DEBUG org.apache.http.wire -  << "content-encoding: gzip[\r][\n]"
05:47:20.870 [main] DEBUG org.apache.http.wire -  << "server: Fly/3f2597ca (2023-05-03)[\r][\n]"
05:47:20.870 [main] DEBUG org.apache.http.wire -  << "via: 1.1 fly.io[\r][\n]"
05:47:20.870 [main] DEBUG org.apache.http.wire -  << "fly-request-id: 01GZYS8PJMBQQ3XZT6VD96TSGX-sin[\r][\n]"
05:47:20.870 [main] DEBUG org.apache.http.wire -  << "[\r][\n]"
05:47:20.871 [main] DEBUG org.apache.http.impl.conn.DefaultClientConnection - Receiving response: HTTP/1.1 200 OK
05:47:20.871 [main] DEBUG org.apache.http.headers - << HTTP/1.1 200 OK
05:47:20.871 [main] DEBUG org.apache.http.headers - << content-type: application/json
05:47:20.871 [main] DEBUG org.apache.http.headers - << date: Mon, 08 May 2023 22:56:11 GMT
05:47:20.871 [main] DEBUG org.apache.http.headers - << transfer-encoding: chunked
05:47:20.871 [main] DEBUG org.apache.http.headers - << content-encoding: gzip
05:47:20.872 [main] DEBUG org.apache.http.headers - << server: Fly/3f2597ca (2023-05-03)
05:47:20.872 [main] DEBUG org.apache.http.headers - << via: 1.1 fly.io
05:47:20.872 [main] DEBUG org.apache.http.headers - << fly-request-id: 01GZYS8PJMBQQ3XZT6VD96TSGX-sin
05:47:20.872 [main] DEBUG org.apache.http.impl.client.DefaultHttpClient - Connection can be kept alive indefinitely
05:47:20.873 [main] DEBUG io.restassured.internal.RestAssuredHttpBuilder - Parsing response as: application/json
05:47:20.873 [main] DEBUG org.apache.http.wire -  << "2CF[\r][\n]"
05:47:20.874 [main] DEBUG org.apache.http.wire -  << "[0x1f][0x8b][0x8][0x0][0x0][0x0][0x0][0x0][0x4][0xff][0xaa]VJI,IT[0xb2][0x8a][0xae]V[0xf2]tQ[0xb2]241[0xb1]0[0xd2]Q[0xf2]K[0xcc]MU[0xb2]RJI-N.[0xca],([0xc9][0xcc][0xcf]S[0xd2]QrA[0xe2]Y))[0xe9]([0x5][0x14]e&[0xa7]*Y[0x19][0xe8]([0x5]%[0x96]d[0xe6][0xa5][0x17]+Y[0x99][0xe8](9'[0x96][0xa4][0xa6][0xe7][0x17]e[0xa6][0x16]+YE[0xc7][0xd6][0xea] [0xc]6[0x86][0x1b][0xec]Y[0x90][0x91][0x9f][0x97][0xaa]`h[0xa8]`f[0xa2][0x90][0x9e][0x84]axANb[0xa5]BFb[0xb1]B^[0xbe]BNfnfI1[0xc2]:#KK$[0xb][0x8d][0xd0],[0x84][0xda]fdjb[0x8][0xb7][0xcd]=173/[0x1d][0xc3][0x12][0xb7][0xfc]"[0x85]t[0xb0][0x94]BAiQA~qj[0xb1]R-[0x8a][0x83]-[0xe0]F[0xb8][0x95][0x16][0xe5]e[0x96][0x94][0x16][0xa5]*[0x84][0xe4][0x17]`[0x9a][0x4][0x97]MI,[0xca]T[0xf0]J-H,JD[0xb8][0xd8][0xd0][0x4][0xd9][0xc5][0xa6]h.F[0xb1][0xd1][0x4]ncp~^[0xa5]B@[0xb0]![0x86]e[0xf8][0xc2][0xc6][0x4]%l[0xc][0xd1]l[0xa2]j[0xd8][0x98][0x12]v)"[0x4][0x90][0x93][0x88][0x1]-]e[0x6]w[0x15][0x15]c[0xc][0xdd][0xc5][0xc8]1f[0x89]Hf.a.[\n]"
05:47:20.874 [main] DEBUG org.apache.http.wire -  << "[0xbe][0xa5][0xe9][0xa9]y[\n]"
05:47:20.874 [main] DEBUG org.apache.http.wire -  << "!E[0x89][0x99][0xf8]r[0x8c][0xa1][0x91][0x81][0x81][0x1][0xbe]0A[0xb1][0x1][0x91][0x1f][0x13][0xf3][0x12][0xb3][0x15][0x12]+[0x13]s1[0x12]Eqiq[0xa9][0x2]H[0x1a][0x11][0xe6][0x96](i[0x1][0xaf][0x1f][0xcc][0xe1][0xa1][0x16][0xe1][0xe4][0x1f][0x81][0x99][0xe4][0x10]9[0x5]a<jR3[0xa6]a[0xa4][0x82][0xfc][0x1]-[0x90][0xb0];[0xf][0x97][0xa3][0xd0][0xfd]L[0xc5][0xf4]o[\n]"
05:47:20.874 [main] DEBUG org.apache.http.wire -  << "[0x8a]>[0xa8][0xa3]h[0x13][0xef][0xa6][0x6][0x88][0x94][0x5][0x8a]X[0xea][0xc7][0xbb][0xa9][0x1][0xad]S[0x96][0xa9][0x1][0xa2][0xc8][0xa7][0x91][0x1f],[0x10]e[0xb4]SQbrjNj[0x9]F[0xe6][0xf0]MLIU[0xc8]OS[0xc8][0xc8]L[0xcf]P(,M[0xcc][0xc9],[0xa9]T(HM,[0xca]A[0xae]V[0x8c][0x88][0xcb][0x90][0xc6][0xc6]f[0x18][0x85][0xb4])[0x86][0x95][0xf8][\n]"
05:47:20.874 [main] DEBUG org.apache.http.wire -  << "i[0xd4][\n]"
05:47:20.874 [main] DEBUG org.apache.http.wire -  << "[0xc]w[0x8d]illf[0x9][0xcf][0x98]%[0xa9][0xc5][0xa0]*V[0xa1][0xa0](?[0xa5]4[0x19][0xd3][0x8f]%[0x19][0x99][0xc5][\n]"
05:47:20.875 [main] DEBUG org.apache.http.wire -  << "[0x99][0xc5][\n]"
05:47:20.875 [main] DEBUG org.apache.http.wire -  << "%[0x19][0xa9]05[\n]"
05:47:20.875 [main] DEBUG org.apache.http.wire -  << "[0xa8][0xd5]7[0x96][0xda][0x1a]=[0xd7]"[0x8a][0x1d]ccsD[0xf2][0xa3][0x9a][0xdd][0x86]h[0xc5][0x1e][0xee][0xaa][0xd0][0xd8][0xd8][0x1c][0x91]8[0xa9]j?R[0xdb][0x1][0xaf][0xf5][0x88]H[0xa6][0xaa][0xf5][0xc8][0x89][0xc][0xaf][0xfd][0x88]2[0x99]f[0xf6][0xa3][0x97][0x8f]([0xd1][0x8f][0xc8]W4[0xb3][0x1f]_[0xd2]7[0xa7]A[0xd2]GO~[0xf8][0xfc]oa@[0xfd][0xac][0x87]n?[0xbe][0xec][0x87][0xd4][\n]"
05:47:20.875 [main] DEBUG org.apache.http.wire -  << "[0xa7]Y[0xf8][0xe3][0xf5]?[0xa2][0xe4][0x1e][0x18][0xfb][0x11][0xf9][0xcf]#@!7[0xb3]$[0x1f]{[0x19][[0x92]Z[0x94][0x94][0x98][0x99][0x8d]h[0x2][0x98][0x9a][0x99]#eq[0xbc]^Dd1[0xd2][0xda][0x15][0xe8][0xf9][0x96]z[0xed][\n]"
05:47:20.875 [main] DEBUG org.apache.http.wire -  << "cc[0xb]D[0xba][0x87][0xf6][0x0]([0xa9]\[0xf0][0xa5]0KD[0xc][0x7][0x4]+`[0xda][0x92][0x9e][0x98][0x9b][0xaa]`[0xaa]P\[0x92]X[0x84][0x8]][0xd4]V[0x1f][0xbe][0xc]l[0x89][0x88]@[0xba]4[0xc5][0x8d]M[0x90][0x9a]dT[0x8]:<)[0xc7][0x4][0xa9]iF[0x15][0xbf][0x1][0x0][0x0][0x0][0xff][0xff]"
05:47:20.876 [main] DEBUG org.apache.http.wire -  << "[\r][\n]"
05:47:20.877 [main] DEBUG org.apache.http.wire -  << "485[\r][\n]"
05:47:20.877 [main] DEBUG org.apache.http.wire -  << "[0x82][0xf4][0x9d][0xf1][0xda][0x88][0x88],Z[0xfb][\r][0x11]o[0x1]E[0x89][0xc9]%[0x99][0xc9][0x89]9[\n]"
05:47:20.877 [main] DEBUG org.apache.http.wire -  << "[0xe1][0xf9][0xf9])[0xa9]y[\n]"
05:47:20.878 [main] DEBUG org.apache.http.wire -  << "[0xde]y[0x99]i[0xa9][0x18][0xf9][0xd0]1'3[0xb1]X![0xad]4=Q[0xa1][0xb4]D[0xf][0x91]V[0xc]A[0x11]B[0x9c][0xef][0x10]9[0x91]z#[0x3]x[0x83][0x13][0x91][0xcb]`[0x16][0x1a]Q<[0x14][0x81][0xcf]BCDu[0x2][0xb3][0x90][0xf2][0xb1][0xf][0xbc][0x16]"[0x9a]ot[0xb2][0x10]c@[0xc0][0x1c]#[0xa5][0x10][0xdf]*[0xc6][0xeb]5Dj[0x9]H[0xcc]I[0xf4][0xc9][0xf7][0x1][0x8d][0xb5][0xa0][0x8e]N[0xc1]m[0xc2]2zdl[0x8c]TA[0xe0])[0xc2]L[0xc][0x11]m rKH[0xbc][0xfe]@$BZ[0x18][0xf][0xea][0xcf]@{[0xa8]t[0xea][0x19][0x99][0x18]![0x12][0x1d]M|[0x84][0xe8][0x12][0xd0][0xc4]xD[0x19]K[0xb7][0x0]C[0x14][0xb6]t[0xb3][0x12][0x91]O[0xa9]i%[0xbe]|d[0x84][0x18][0x95][0xa3][0xa6][0x95][0xf8][0xf2][0x96][0x11][0xa2][0x8c][0xa0]q}i[0x84][0xc8][0xc5]4j[0xa8][0x9a][0x18]#*[0xf]Z[0x86][0x1f][0xac][0x19]ka[0x88]H"[0x8e][0xc9][0xc9][0xa9][0xc5][0xc5][0x90][0xd1]|[0xf4][0x19][0x80][0x92]|[0x85][0xd4][0xbc][0x8c][0xc4][0xbc][0xe4]T[0x85][0xc4][0x2][0xd0]p[\n]"
05:47:20.878 [main] DEBUG org.apache.http.wire -  << "[0x88][0x89]<[0x82]nlb[0x8c]([0x10][0x8a]S[0xb]RS0[0xb][0xea][0xc4][0xcc]J[0x90] tp[0xc2][0xc8][0x14][0xb9][0x8c]/[0x82][0x8d][0x11]e[0x1]-[0xc3][0x4][0xa9]Kl[0x2][0xaa]7[0xa0][0x5]*[0xb5]=C[0xff]b[0xc0][0x18][0x11][0xc7][0xc1][0xe0][0x98]Q[0xf0][0xc9],.)[0x2][0xf7][0xa4]P[0xab]R[0xa8]t[0xe]DZ!/=5[0xa9][0x14]4[0xfe]Dz[0x94]![0x8a][0x1][0xa8][0x99]P+[0x15][0x9c][0x12]s[0x12]1gU[0xa0][0x8a]P-VHJ[0xcc]K[0x7][0x8f][0xf1]A[0xed]7%>[0xc9] [0xca][0x4][0xba]%[0x19]D[0xb][0x82]nV"[0xca]#zYi[0x82]([0x9f][0x82]J[0x8b]K2[0x93]a[0xfd][0x5][0xa7]D[0xcc]Y[0xb7][0xd0][0x12][0x85][0xd4][0xa2][0xa2][0xfc]"[0x85][0xa2][0xd4][0xe4][0xd2][0xe2][0xc4][0xbc][0x94][0xc4]T[0x85][0x82][0xfc][0xe2][0xe2][0xcc][0xdc][0xd2]b[0x85][0xdc][0xfc][0x1c][0xd0]8gb[0xaa]Bqj[0x8a]BfnAjJ&y][\n]"
05:47:20.878 [main] DEBUG org.apache.http.wire -  << "[0xa4][0xe9]?D7[0xc6]'3/5O[0xc1])[0xbf][0xa4]$[0x7]K7[0xa6][0xb4]D[0xa1] [0xb5][0xa8][0xb8] 393[0xb1]$[0xb3]X!%?'[0xbf](U!%3[0xb9]$Q[0xa1] [0xbf][0xa8](_![0xb3][0xa0][0xb8]4W!5[0x91][0xac]^[0x8e][0x9][0xfd][0x8b],[0x13]D[0x93]&8'55[[0x1][0x12][0x2][0xee]9[0xf9]e[0xa9][0xa0][0xb1]o[0xd4][0x9c][0xee][0x9f][0x96][0x96][0x99][0x9c][0x99]Y[0xac][0x90][0x9c][0x9f]W[0x9c]ZX[0x9a]XRZ[0xa4][0x90][0x98][0x97][0x99][0x9b][0x9][0x8f][0x98]b[0x85][0xb2][0xfc][0x9c][0xd2][0x82][0x92][0xc4][0x92]T[0x85][0x94][0xd4][0x9c][0xd4][0xbc][0xcc][0x92]L[0xf2][0x2][0x83][0xfe]E[0x9e][0x9][0xa2][0xc8]s[0xcf]/JO[0xcd]/-V[0x8]*MJJ-Rp[0x6][0x8f]q[0xa0][0x85]FJf[0x9]$[\r][0x94][0xe6]*$[0x82][0x12][0x7]8[0x9][0xe4]$&[0xe5][0x17]e[0xe6][0x17]'[0xe6]*[0x14][0x96]f*$[0xe6]d[0x16][0x96]f[0xa6]([0x14][0x93][0x9b]N[0x11][0x85]""[0x9d][0xba][0x17]%[0xe6]e[0x96][0xa4]*8[0xe7]'[0x82]JZTw[0xb9][0x96][0x80][0xfa][0xda][0x99][0x89]%[\n]"
05:47:20.879 [main] DEBUG org.apache.http.wire -  << "[0xf9][0xb9]y[0x99][0xc5][\n]"
05:47:20.879 [main] DEBUG org.apache.http.wire -  << "[0xb9][0x99]y[0x99][0xb9][0x89][\n]"
05:47:20.879 [main] DEBUG org.apache.http.wire -  << "y[0xa5][0xb9][0x85][0xa5][0x89][0xb9][\n]"
05:47:20.879 [main] DEBUG org.apache.http.wire -  << "[0xc5][0xa5][0xc5][0xc9][0x99][0x5][0xe4][0xba][0x6]QD[0x6]W[0xe6][0xa5][0x16][0xa5]g[0xc2][0xb2]s[0x8e]BpFf[0x11]V[0xd7][0xa4][0x16][0x97][0xc0]SEfRi[0xb1]BANbrjb[0x89]B*yY[0x17]T[0xa0]C[0xeb]Y[0x5][0x1a]u!M[0x11]Y[0x91][0xac][0xe6]![0xb1][0xad][0x14]S[0xa4][0xfc][0x7][0x99][0xcf][0xc7][0x1c]g[0x83]wU[0x9][0xae]u[0xc0][0xd7][0x1e]2[0xa5]~2E[0xe4]'z[0xd5]4[0xa6][0x88][0xdc]B7+[0x11]Y[0x82]nV"Z[\r]d[0xa5]N[0xd4][0x9]F[0xbc][0xa9][0x6][0xd1]X[0xa0][0xb1]Mf[0x88]6[0x2][0xd4]&[0xcc]e[0x6][0xf8]r[0x2][0xea][0xc0]3[0xba][0x9f]`][0x17][0xca]W[0xfd][0x18][0x9b][0x98]![0xfa],P[0x97][0xd2]*[0xcf][0x9a]QX[\n]"
05:47:20.879 [main] DEBUG org.apache.http.wire -  << "[0x11][0x1f][0xcf]ft+[0x87][0xa8];9[0x8e][0x1e][0xcf][0xc8][0xdd]13D[0xf1]C[0xeb]xB[0x94]:P[0x9b][0x6]m[0xda]E[0x14]V8][0x8a][0x18][0xa0][0xc7]W[0x8b]Q5Ga[0x94]g[0x94][0x84][0x1f][\r]g[0xdf]L[0x90][0x16]\[0xc][0xa2][0xf0]3[0xc7](;iU"!-[0xfa][0xf0]K,[0xce]TpI,[0xcd]S[0xf0]J-*[0x5]M[0xb0][0xa2]6C[0xc1][0xf2][0xe5][0xa9]y[0x89][0xd9][0xd9][\n]"
05:47:20.879 [main] DEBUG org.apache.http.wire -  << "%[0xa9]y[0x89]y[\n]"
05:47:20.880 [main] DEBUG org.apache.http.wire -  << "[0xb9][0xa5]E[0xb9][0xa9]Hs[0x85][0x86][0x96][0xf8][0x17][0xb9][0xc1][0x92][0x98][0x85]%"[0xd5]&[0xe7][0xe7][0x95][0xe4]g[0xe8]&#[0xd6][0x90][0xa2][0x8f]:[0xb9]%[0x16]gd[0xe6][0xe7]%&[0xe5][0xa4][0xa2][0x8e]5!-[0x18][0x1][0xbb][\r][0xe1]v[0xf0][0xd2])[0x85][0xf4][0xfc][0xa2]T,[0xab]@[0xc1]j[0xa9][0xe4][0xf]D:'[0xec][0xf]L[0x15]HkO[0x8d]M[0xcc][0xe9]Vb[0x9b][0xd3][0xad][0x1c]5G[0xc4]34w[0xd1],[0x1d][0xd3][0xad]]cA[0xb7][0xd6][0x82][0x5]"ED8[0xe5]W(`[0x96][0xa1][0xf4]/[0xd9]-[0x10][0xbd][0xe][0x1c]n"[0xbc]t[0x14][0xbd][0x8e][0x87][0x15][0xb][0xd4]h[0xcb]![0xad][0xe][0x1c][0x9c][0xee][0x83][0xa4]S[0x0][0x0][0x0][0x0][0xff][0xff]"
05:47:20.880 [main] DEBUG org.apache.http.wire -  << "[\r][\n]"
05:47:20.881 [main] DEBUG org.apache.http.wire -  << "58F[\r][\n]"
05:47:20.882 [main] DEBUG org.apache.http.wire -  << "[0x2][0xad][0xb5][0xa7]q[0x8e]@Z[0xa7][0x8c]#$[0x10][0xa9][0x87]~mmKD[0xb]x0[0xb9][\n]"
05:47:20.882 [main] DEBUG org.apache.http.wire -  << "[0x91][0xd3]h[0x1d]+[0xc8][0xf9][0x87][0xbc][0x95][0xd7][0xb4][0xcc]>[0x96][0x88][0x86]/i+[0xa4]h[0xea](D-[0x8b][0xdd]Q[0x3]Z[0xe4] /[0xc][0xc7][0xee]<\[0xf9][0x8c][0x86][0xed]Z[0xe4][0xb5][0xe4][0xb4]M[0xd1][0xc8]+[0xbe][0xb1]{[0x80]c[0x7][0xd1][0xd8][0xc1][0xee]<\[0xb1]C[0xc3][0x14]mj[0x80][0xc8]f[0xb4][0x8e][0x1d][0xca][0xf3][0xe]-[0x93])[0xd2]*[0xa9][0xc1][0x13];[0x86][0x88][0x16][0x1e]vG[\r]l[0x8a]6DTV[0xd8][0x9d]7[0x10])[0xda][0x10]Q[0xaf][0xd1]8E#[0xad]U[0xa0][0xb5]Mt[0xcb][0xa5][0x86][0xf4][0xea]'[0x99]"[0xad]p[0xa3]q[0xe8]![0xad]F[0xa3][0xb5]M[0x88]6%[0xad]m[0xa2][*7BT[[0xb4][0xf6][0x13][0xdd]R9[0xdd][0x96]h[0x99][0x1a]!j=Z[0x87][0x1e][0xbd][0xfa]s[0xa6]Hk[0xc2]h[0xec]'[0xa4]5\[0xb4][0xb6][0x9][0x91]s[0xb1]We[0x3][[0xd3][0x1a]#[0xb2];v[0xe7][\r]DM[0x8b][0xbc][0x8e][0x8b][0xa6]3[0xcc][0xa6][0xc6]t+[0x19][0x8c][0x11][0xf5][0x9f]G[0x80][0x82]3h[0x11]N&[0x96][\r]*9[0xa9][0x5]%[0xf9][0x5][\n]"
05:47:20.882 [main] DEBUG org.apache.http.wire -  << "[0x18];[0x80],A[0x0]i[0x89]7z[0xd3][0x1d]i[0x12][0xc9][0xd4][0x98][0xaa]E[0x3][0xfa][0x86]{d[0x9b][0x90][0x16]I[\r][0xc4][0x86]*[0xe4][0xd1]4[0xaa][0xd9][0x8f]o[0x2][0x9][0xc5][0xef][0x88][0x8c]M[0xc8]nD[0x1e][0x2][0xed][0x96]#2[0x16][0x91][0x96]9[0x11]2[0x9f][0xe8]}[0xb2] [0xeb][0x89][0xf6][0x1f][0xa2]d[0xa0][0xaa][0xfd][0xc4]z[0x1f][0x91]3[0xa9]j=[0xd1][0xde]Gd"[0x9a][0xd9][0x8f][0xde][0xed]DI^[0x88]Z[0x97]f[0xf6][0xe3]+D[0x90][0x16],[\r][0x8c][0xfd][0x88][0x1e]*[0xcd][0xec]G?g[0x5]9[0xfc][0x91]VS[0xd1][0xcc]~[0xbc][0xe1][0x8f][0xe8][0x2][0xf][0x8c][0xfd]4[0xca][0xfe][0xc4][0xe6]?[0xa4][0x85]X[0x3][0xe3]D[0xf9][0x3]k![0x9a][0x9a][0xd2]hj[0xcf][0xd4][0x14][0xd1]8[0xa0][0xee]*|SSD1[0xe6][0x99]W[0x92][0x9a][0x93][0x93][0x99][0x9e][0x9a]W[0xa2][0x10]\[0x92][0x9a][\n]"
05:47:20.882 [main] DEBUG org.apache.http.wire -  << "Z[0xfd][0x98][0x8f]e[0xc5][0xac]g[\n]"
05:47:20.882 [main] DEBUG org.apache.http.wire -  << "[0xe8]<[0x89][0xe2]L[0x85][0xbc][0xc4][0x92][0xd2]b[0xd0][0x82]P[0x10][0x91]XL[0xd6][0x9a]XSSD9[0x6][0xb]G[0xda][0xac]4[0xc5]\[0x8d]E[0xab][0xe8][0xa2][0xdb]j*S[0xba][0xad][0xa6]2[0xa5][0xdb][0x1a]'[0xf0]^v[0xba][0xcc][0xf][0x9a][0x9a]![0x12][0xbf]k^~Q.hqt@N"x[0xf9][0xaf]sFb&h][0x7][0xea][0x2][0x90]0[0xc8]Bp[0xd0][0xa9]#%[0xa9][\n]"
05:47:20.883 [main] DEBUG org.apache.http.wire -  << "y[0xf9]y[0xa0]sG[0xca]2S@y&[0xb5][0x98][0xac][0xa5][0xbf][0xa6]H[0xeb]o\J[0x8b]@k<@[[0x9]r[0x14][0xb0][0xbb] [0x18][0xba][0xd4]Y[0xa1][0xb0]4_[0x1]i]vf[0x1e]9K[0xd2]M[0xe9][0xb6][0xcc][0xc6][0x14]i[0x99][\r][0x8d]3:[0xdd][0x96][0x91][0x98][0xd2]m[0x19][0x89])[0xdd][0x96][0x91][0x98]"[0x1d]BB[0xe3]xB:n$ [0xd8][0x4][0xb3][0xd4]/6QHJ,*E[0xf4][0x8e][0x8c][0xf1][0xaf][0xad]Bn[0x9e][0xd1]m[0x89][0x8a])[0xd2][0xa1]%[0xb4][0xe]/D[0x93][0x8f][0xd6]6![0x1a]w[0xb4][0xb6][0x89]n[0x83][0xbc][0x16][0x98][\r]6[0xcc]$G[0xf4][0x11][0x8c][0xf8][0x9a][0xe6][0x16][0x88][0xd6][0x1a][0xad]C[0xf]Q[0x81][0xd1][0xda]&[0xba]5[0xd3],[0xe9][0xb5][0xf0][0xd3][0x14]iy[0x10][0x8d]C[0xf]i[0xc9][0xf][0xad]m[0xa2][[0x19]a[0x89](#[0xa8]^z[[0xd2][0xad]T@Z[0xed]C[0xeb][0x98][0xa1]W^5C:[0xa9][0xc7][0xb5](=?/?73Y[0xc1]1[0xa7]473[0xaf]4[0x17][0xeb][0xb6]?[0xc7][0xd2][0x12][0x85][0xa4][0xd4][0xc4][0x92][0xc4]T[0xf8][0xa6][0xb6][0xd4]\[0x85][0xdc][0xc4][0x8a][0xcc][0xdc]T[0x85][0xbc][0xd4][0xdc]|[0x85][0xcc][0x9c][0x9c][0xd2]\[0xd0][0x86]?p[0xdf][0x8f][0x9c][0xa6][0xa6][0x99][0x1][0xbd][0x8a]E3[0x3]z[0x15]Vf[0x83]{[0x9d][0x84][0xd9]`\'aF[0xaf]u[0x12]&&HU[0x9][0xad]N[0xe2][0xa4]WJ3E[0xda]/@[0xeb][0x82][0x8a]^~2C:[0x8b][0x95][0xb6]~23@TV[0xb4][0xb6][0x89]^U[0x97][0x99]![0xbd][0x1a][0xb4]fH+f[0xb0]O[0x2][0xf][0xe8][0x1c][0xb5][0x19][0xd2]2[0x1b][0xec][0xce]C[0xf4] [0xe9][0xb6][0xca][0xdb][0xc][0xe9]X([0x1a][0xa7]8#D[0x93]/ [0xd8][0xd0][0x80][0x82]N[\r][0xfa]yF[0xf0]][0x9]H[0xd5][0x1c][0xe4][0xf0]x[0xc]K[0xd2][0xf0][0x9f]+olfD[0xb7][0x1c][0x88]t[0xf2]RvfAb[0xb1]Bb^:[0x96][0x93][0xc9]sS[0xf3][0xd2]SsJ[0x13][0x8b][0xb2][0x13][0xf3] J[0x14][0x8a][0x13][0xf3][0xd2][0x13]K[0x14][0xb2]S[0xf3][0x92][0x13][0xc1][0xbb][0xa6][0xa0][0xc7][0xad][0xe0]?[0xd4][0xf][0x1e]JH[0xc7]o[0x90]w[0xfa][0xbe][0xb1][0x19][0xd2][0xfa] [0xf8]q[\r]NE[0xf9]yU[0xa9]8[0x86][0x3]![0xe7][0x10][0x16][0xa5][0x16][0xa4][0xe6][0xe4][0xa4][0xe6][0xa5][0x94][0x16]+$&[0x83][0x8e][0x18][0x1][0x1d],RXJ[0xd6][0x90][0xbc][0x19][0xd2][0xd2]![0xdf][0xd4][0x94][0xcc][0xfc][0xe4][0xa2]T[0xd0][0x88]$[0xe8]0D[0x1c][0x87]h8[0x82][0xed][0xcc]+[0xc9][0x4][0x1d][0x14]R[0xa2][0x90][0xf]>S#Q[0xa1],5'[0xb3]D!/?)[0xb3][0x98][0xac][0x16]#[0xd2]1SC.&[0x91][0xd6]*[\r]=[0xb7]#[0xe6]V[0x87][0x9e][0xdb][0x11][0xcb].[0x86][0x9e][0xdb][0x11]%9[0x8d][0xeb][0xc][0xa4]e][0x9e]y[0xc9]E[0xa9])[0x99]I9[0xa9][\n]"
05:47:20.883 [main] DEBUG org.apache.http.wire -  << "[0xb0][0x92]&'?[0x19]s[0xef][0xab]k"[0xfc][0x98][0x15][0x85][0xd4][0xbc]LHg[0xb0][0x18][0x94][0xbf]S[0x8b][0x93]3K[0xf3]J[0x14]RJ[0x93][0xc1][0x7][0x1a]A[0xce][0x10][0xca]%+[0xcb][0xd3]mi[0x97][0x19][0xd2][0x82]+Z[0x7]6[0xdd][0x1a][0xd4]Hk[0x82]h[0xec]'[0x13][0xba]5sM[0x10][0xcd]\[0x9a]dh[0x9c][0x8d][0x1e]*T[0xe7]&[0x94][0xf]y [0xdf][0xa2][0x83]g[0xd0][0xd9][0xcc][0x84]n[0xc3]KH+h[0x9c][0xc8]L[0x11][0xf5][0x10][0xad]m[0xa2][[0xc9][0x8b][0xb4]n[0x85][0xd6]~[0xa2]<[0xf1][0x11][0xb7][0x16][0xcf][0x8c]nk8[0xcc][0xe8][0xb6][0xb2][0xc2][0x8c]n[0xa7][0xc7][0x98][0xd1][0xed]L[0x17]3[0xd0]-[0x1]tYYa[0x86][0xb4][0xa6][0x81][0xc6][0xa9][0x9c]n[0xcb][\n]"
05:47:20.883 [main] DEBUG org.apache.http.wire -  << "[0xcc][0x90][0x96][0x15]x[0x14]([0x84]e[0x96][0xe5]+D[0x1a][0x19]a[0xf4][0x84]sSs3s2[0xb3]3[0x15][0x8a][0xb]R[0x8b]3[0xd3]2[0xb3]Ag[0x8a]T&[0xe6][0xa5]+$[0x16][0x80]O[0x1a][0x85]v*[0x8d]A[0xf7][0xc2][0xa0][0x9c][0x16][0x8f]^[0x13]![0xcd]g[0x9b][0x99][0x93][0xd2]}[0xc6]r[0xfe]7[0x9e][0x9c]L[0xbd][0xfe][0xab][0x89][0x9][0xd2][0xfd][\n]"
05:47:20.884 [main] DEBUG org.apache.http.wire -  << "[0xd0]x7[0xc6][0x8] [0xe8][0x89]W[0x0][0x0][0x0][0x0][0xff][0xff]"
05:47:20.886 [main] DEBUG org.apache.http.wire -  << "[\r][\n]"
05:47:20.888 [main] DEBUG org.apache.http.wire -  << "CEE[\r][\n]"
05:47:20.889 [main] DEBUG org.apache.http.wire -  << ""[0xe2][0x9e];[0xdc][0xf5][0x9d][0x89][0x89]%)[0x1]B[0xc1])s&&HSD4[0x1a]EF[0xda][0x2][0x1a][0x92][0x98]Q[0xaa][0x90]T[0x9a][0x83][0xe5][0xc]D|[0xe1]F[0xdc][0xaa]I[0x13]S[0xa4][0x81][0x1c]2m"[0xf6][0xfc]-[0x13]S[0xa4]q~[0xda][0xdb][0x85]h$B[0xd3][0x1d]m[0xd6][0xf6][0x99][0x98][0xd2]k[0x9f][0xa2][0x9][0xdd][0xa6][0xa7]ML[0xe9]5=mb[0x8a]Y>[0xd0]*[0x9e][0xe8]V>[0x98][0xd2]m[0xb2][0xda][0xc]i[0xb9]Y[0x0][0xe4]J4[0x5][0xc7][0xd2][0x9c][0xcc]D[0x5][0xcc]B63/[0x13][0xb4]4[0x11]tm[0x9a]B"\[\r][0xb4][0xea]![0xae][0xb4]063[0xa7]S[0xae]263G[0xf4]^[0xb0][0xf][0xe1][0xf][0xec][0xc][0x3][0xd2]J5[0xec][0xce][0xc3]5[0xc3][0x80][0xbe][0x83][0x83]zu[0xad][0xb1][0x19][0xd2][0x12]7[0xec][0x8e][0x1a][0xe0]0Ct[0xa9][0xb0];[0xf]W[0x98][0xa1][0xd7][0xfa]T[\r]3D[0xab][0x1][0x9c][0x83][0xb2][0x15][0xdc]3Ss0[0x9a](![0xa0][0x3][0xb9][0xf3][0xd2]A[0x97][0x9]f[0x17]e[0x16][0x14]g"[0xdc]J[0xfc]>;3[0xb][0xc4][0x18][0x9][0x92]e[\n]"
05:47:20.889 [main] DEBUG org.apache.http.wire -  << "[0xd9][0xa9][0xba][0x98][0xad]F*[0xd9][0x88][0xc8][0xb0]h6b[0x96][0x10]T[0xb2][0x11][0xd1][0xc9][0xa4][0xcf][0xad]PfH[0x97][0x85][0x81][0xfd][0x98]\B[0xdb]B[0x10]i[0x11][0x1][0x9d]|H[0xaf][0xea][0xd8][0xd8][0x8c]^[0x95][0xa4][0xb1][0x19]R#[0x9a][0xa6][\r]4c3KDUB[[0x9b][0xcc]A[0x9d]7[0xba]t[0xa7][0xcd][0x91][0xae][0x94][0xa5][0xb5][0x9f][0x10]%[0x8][0xad]m[0xa2][<!u[0xaf]h[0xec]'C[0xc4][0xe4][0x93]g[0x80][0x87][0xbf][0x9f][0xab][0x82][0xa1][0xa9]B@[0x90]?F[0x5][0xe3][0xe1][0xea][0xe7][0x1e][0xe0][0xef][0x87][0xa8]VL@[0xa3][0xaa][0xc4][0xdc][0x1b]g[0x8e][0xb4][0xa6][0x8b][0xd6][0xbe]A[0xd4]_[0xb4][0xf3][\r][0xdd][0xd2][0x1b][0xd2]"[0x16][0x1a][0x87][0x1b][0xd2]z[0x14]Z[0xdb][0x84]Ho[0xb4][0xb6][0x9][0xd1]p[0xa2][0xb5]MH-[0x8a][0xc4][0xbc][0x12][0xc8]n,[0xdf][0xc4]"[0xd0][0x4][0xa5]Ob.[0xe6][0x95]9[0xae]%[\n]"
05:47:20.889 [main] DEBUG org.apache.http.wire -  << "[0x19][0x99][0xc9][0xa0][0x15][0xaa][0xf9]HS[0x8e][0xa0][0x91]b[0xa2][0xf2][0x13][0xd2]j[0x87][0xa4][0xc4][0xe2][0xd4][0x94][0xa2][0xb4][0xcc][\n]"
05:47:20.889 [main] DEBUG org.apache.http.wire -  << "[0x8c][0xfc][\n]"
05:47:20.890 [main] DEBUG org.apache.http.wire -  << "[0x96]IMK,[0xcd])I[0x1][0xed][\n]"
05:47:20.890 [main] DEBUG org.apache.http.wire -  << "[0x83]v[0xa4][0xcc],A[0x3][0x9d][0xc4]YC[0xaf]I@s[0xa4][[0xa2]h3N[0x89][0xde]@G[0x1a][0xa7]4G[0xba]/[0x8a][0xc6][0xe9][0x84]nGs[0x98][0xd3]m[0xa6][0xd8][0x9c][0xba]'s[0xe0][0x8b]'[0xa4][0xc9]M[0x1a][0xc7][0x93][0x9][0xdd]J[0xe]*[0xcc][0xb6][0xe2][0x19]&GN[0xe5]&[0x88][0xcc]L[0xb3][0x9a][0x11][0xd4] [0x80][0xb6].[0xe9][0x9f][0x8d][0x91]f^[0x7][0xc0]r[0xba][0xd5]jH[0x17][0xc8][0xd0]8[0x17] ][0xe2]2[0x0][0x1][0x8a][0xa8]R[0x7][0xc0]rD;[0x0],GdT[0xfa][[0x8e]t[0xe0][0xc0][0x0]X[0x8e]X;1[0x0][0x96]#r0=[0xc6]h[0xcc][0xe9]6YoN[0xb7]c[0x10][0xcc][0x91]&[0xeb][0xb1][0x8f][0x9f][0xe][0xe8][0xf0][0xae]9[0xa8][0xe1][0xb][0xad][0x9e][0xb0];[0xf][0xa9]ok[0x89]o[0x11][0x13][0x15][0x87]w[0xcd][0xe9]v[0x9a][0x81]9[0xd2][0xb2][0x3][0xec][0xde][0x1f][0xd8][0xd8]AZ[0xab][0x80][0xdd]y[0x3][0x12];[0x88][0x96][0xe0] r[0x14]b[0x0][0x2][0xbb][0xa3][0x6]8"[0x11][0xb5]'v[0xe7][\r]HD"j[0xd5][0xc1][0xe3][0xa8][0xc1]=[0x1d]f[0x8e]r[0x93][0x9][0xb6][[0xf][0x6]""[0x91][0xae]2q)[0xcd].[0xcd][0xc3][0x18][0xf7]@8[0xca][0x8c][0xe8][0xb3]7[0xcc][0x91]NZ[0xc0][0x9e]<[0x6]6K[0xa1][0xdc][0x8f]2hb[0x82]P[0x96][0x1a][0xd8]0C:*[0x1]{[0x94]"[0x12][\n]"
05:47:20.890 [main] DEBUG org.apache.http.wire -  << "[0xdd][0xb6][0xd8][0x99]#-&[0xc1][0xee][0xa8][0x1][0xe]3[0xc4][0xf0]9v[0xe7][\r]H[0x98][\r][0xee][0xea][0xe]i[0xf2]n[0x10][0x85][0xd9][0xa0][0xce][0x9b][0x16]H[0xc7]=[0xc][0x9a]0[0xb3]@[0xda][0xda]M[0x93]][0x1b][0xe8]c[0x9b]T[0xec]EX [0xcd][0xb6][0xe]=[0xb7][0x13]jc[0xf]h[0x99]h[0x81]t[0xeb][0xcb] J[0xab][0x88][0xe1]1[0xda][0x8e][0x2]Z [0x1d]LB[0xf7]A[0x19][0xb][0xa4]ip[0xec]a?[0xb0]I[0x3]i[0xee][0x1c][0xbb][0xf3][0x6][0xa0][0xba][0xb4]@[0x9a]l[0x1f]rE[0x1][0xd2][0xfa]k[0xec][0x1]:[0xc0][0xf1]M[0xa8]%2 [0xf1]M[0xb7][0xa2][0x0]i9[0xc2][0xd0]KY[0x88][0x6][0x11][0xb8][0xc0]t,[0xca]LO[0xcc]/[0x1][0x9d][0xd4][0x88]z\*[0xbe]-[0xb][0xc4]n$0[0xb6]@ZO1[0xe4][0x82][\n]"
05:47:20.891 [main] DEBUG org.apache.http.wire -  << "[0xe9][0x18][0x10][0xfa][0xac][0x1e][0xb4]@:[0xe][0x4][0x1c]9[0x1][0xc1][0xb4]Ybol[0x81]t[0xa4][0x7][0xbd][0xfc][0x86](3h[0xed]7[0xba][0x15][0x4]H[0x87]\[0xd0][0xd8]OHGR[0xd0][0xda]&[0xc4][0xe4][0xd3][0x90][0xcb][0xb1][0xc6]h[0x85][0x1b][0xed][0xf2][0xf][0xd2][0xce]v[0x9c][0xf1][0x81][0xa8][0x4][0x89]//[0x91][0xd6]A(`[0x8c][0xe8]Q[0xa7]HFZ[0x0][0x81][0xd3][0xe9][0xd4][0xb1][0x9]i[0x19][0xc4][0x90]KJH[0xab](h[0x1d]J[0x88][0x9]WZ[0xdb][0x84][0xd8][0xd6]Ak[0x9b][0x10]]YZ[0xdb][0x84][0x18][0xa9][0xa3][0xb5]Mt[0xab][0xc0][0x90][0xae][0x8c][0xa0][0xb5][0x9f][0x10][0x5][0xe6][0x90][0xcb][0xa1]HK4[0x86][0x9e][0xdb][0x87]p%[0x8b]to[0xc5][0xd0][0xb]wD[0x9]8[0xf4][0xdc][0x8e](2[0xf3]R[0xf2]s3S1[0x1a][0x8][0x89][0xd9][0xa5][\n]"
05:47:20.891 [main] DEBUG org.apache.http.wire -  << "[0xc5][0xa5][0xd9][0x89][\n]"
05:47:20.891 [main] DEBUG org.apache.http.wire -  << "[0x8][0x5][0xd0][0xd5][0xce]FDO[0x1]Z -^[0x81][0x96]>[0x86][0x18][0x16][0xe1]k[0x1f][0xd0]m[0x12][0xc9][0x2][0xe9][0xe][0x10][0x9c].E4[0xc2][0xf0][0xed][0x9c][0xa5][0xe6][0x10][0xb4]9z}^lZ[0x8c];[0x0][0xd1][0xcf]{033#n![0xab][0x5][0xd2]T-"[0xba]Q[0xfb][0xf0]TI[0xf]HG[0xe2][0xd3][0xd6][0x1e][0xc4]r[0x9][0xda][0xda][0x83][0xa8][0xf3]hj[0xf][0xd2][0xbc]+m[0xed]A[0xa4]7[0xda][0xda][0x83][0xd4][0xad][0xae][0xcc]K-J[0xcf][0x4]_[0xb6][0x3][0xb9]n[\n]"
05:47:20.891 [main] DEBUG org.apache.http.wire -  << "[0xfb][0x85]7[0x9e]E[0xf9][0xa0]u[0x9][0xb0]2[0xc8][0x12][0xb4][0xab][0x96][0x98][0x1d][0x17][0x96]H[0xdb][0xf3][0x10][0xc7][0xa0][0x83]LSp[0xca]/)[0xc9][0xc1],[0xf9][0x9c][0xf3]AG[0xe1][0x95][0x80]$[0xa0][0xb6][0x99][0x9b][0x83]2"q[0xb6]!j[0xe3][0xe0][0x9c][0xd4][0xd4]l[0x5][0xf7][0xa2][0xc4][0xbc][0xcc][0x92]T[0x85][0xf0][0xc4][0x9c][0x9c][0xd4][0x12][0x8c][0xcc][0xb];[0x8f][0x1d]Q[0xb6][0x98][0x18][0x80][0xb6][0x99][0x13]g[0x19]"[0x18][0x87]X[0x15]dbJ[0xaf][0xa3][0x98]ML[\r][0x10][0x85][0x1][0xcd][0xf] A[0x9a][0xd9][0xc1]c[0x17]"[0xb2][0x89][0xed][0xcd][0x9b][0x98]"[0xcd][0x8b][0xe0]1[0x19]_eJ[0x82]][0x88]b[\r]Z[0x19][0xd2]f[0xec][0xd0][0xc4][0x14]i\[0x14][0xfb][0xe4][0x4]"[0xa8][0xe8][0xd5][0x16]01[0xa5][0xd7][0xd0][0xa9][0x89])[0xbd][0xee]671E:Q[0x98][0xa6]Qjl[0x81][0xb4][0xef][0x8c][0xd6]6[0xd1]md[0x0]iC[0x96]cjQ~Je^"[0xe8]2[\r][0xd8]%q![0xa0][0xdb][0xda]0[0x8a]v[0xd7][0x8a][0x82][0xd4][0x94][0xcc][0x92]D[0x85][0xd2][0x12][0xd0][0x11][0xc8][\n]"
05:47:20.891 [main] DEBUG org.apache.http.wire -  << "[0xc9][0xf9]E[0x5][0xf9]E[0xe4][0x9d][0x81]l[0x81]t[0x85]r0R[0x8d][0xe9][0x93][0x99][0x97][0x9a][0xa7][0xe0][0x94][0x98][0x8e]i{q[0x89]BjQQ~[0x91]B^fFf[0xe][0xc8][0x5][0x99]%[\n]"
05:47:20.892 [main] DEBUG org.apache.http.wire -  << "[0xc5][0x99]y%[\n]"
05:47:20.892 [main] DEBUG org.apache.http.wire -  << "E[0xa9]E[0xa5][0xb9][\n]"
05:47:20.892 [main] DEBUG org.apache.http.wire -  << "[0xa5]99[0x89]d[0x1d][0xce]jA[0xb7]Mc[0x16]&[0x88][0xf6][0x8][0x8d][0xd3][0x12][0xdd][0x8e]L[0xb5][0xa0][0xdb]F8[0xb][0xba][0x1d][0xce]j[0x81]t}[0xe8][0x10]k[0x88][0x18][ [0xed]`[0x80][0xa6][0xb1][0xc1][0xda]G[0xc5][0xdc][0xd6][0x80][0xe9]RD}I[0xb7]>*R[0x8b]7?[0xaf]R[0x81]v[0x13]%[0x98][0x87][0x1f]b[0xfa][0x1f]_[0x3][0x88]^-[0x8]c[0xb][0xa4][0x13][0xba]p[0xa6][0xa9][0x1][0x88])[0xc4][0xa8][0xf]NW[\r][0x92][0xf0]Ctlp[0xba]t[0x0][0xc2][0xf][0xd1][0x91][0xc0][0xde]X[0x1d][0xd8][0x95]4[0xa0]n[0xe3]`[0xdb][0x8a]e[0x81][0xb4][0x1d][0x83][0xa6]#[\n]"
05:47:20.892 [main] DEBUG org.apache.http.wire -  << "[0x98][0xd7]o[0xe][0xd6][0xb2][0x1]i[0x7][0xc8] J[0xdb][0x16][0x18]m[0xe9]A[0x1b]~[0x18][0xb3]t[0x98].[0xa5][0xd9][0x80]t[0x84][0x16]M[0xd3]9[0xf2][0x1]Z[0xe0][0xf1]%[0xd8][0x0][0x92]BxbIr[0x6]F7[0xc0]'5[0xb1]$#[0x15][0xe9][0xac][0x12][0xb]#[0xd0][0x1e]tb[0x86][0x97],[0x90]V[0xe1]C[0xc6][0xb2][0xc2][0xf3][0xf3]s[0x88][0x1f][0xc8]22[0x2][0x95]H[0xc4][0xd9][0x84]4[0xe0][0x80][0xd4][0xbb][0x9][0xce][0xcc][0xc9]Vp[0xc6]z[\r][0x5][0xe4][0x8e][\n]"
05:47:20.893 [main] DEBUG org.apache.http.wire -  << "D<[0x1b][0x19][0x81][0xc6][0xb0][0x89][0xb1][0xcc][0x12]iM[0xba][0x1b][0xfc]d[0x19][0x88]y[\n]"
05:47:20.893 [main] DEBUG org.apache.http.wire -  << "[0xce][0xf9]XN[0xdc][\r][0xce][0xcf])-ITH-QH.-[0xc8][0x4]u[0xe9]JR[0x91][0x8e][0x98][0xc1]-[0x10][0xd2]y[0x11][0x96][0xc8]c^H[0xde]t[0xce]/(H-R[0xf0][0xce][0xcb]L[0x3][\r]:[0xa2][0x8e][0xbb]C[0x1c][0x86][0xf0][0xa8][0x85]%[0xa8][0x83]M[0x9c]G[0x11]9e[0xa8][0xb5][0xca]-[0x91]V[0x88]C[0xd2][0x1e][0xf4][0xe8][0x9f][0x80][0xc4][0xbc][0x12][0xcc])[0x90][0xa0][0xd2][0xa4]$[0xe4]Dnj[0x6][0xba]([0x9b][0xb8]@BT[0xea][0x10][0x8b][0xe0][0x19][\n]"
05:47:20.893 [main] DEBUG org.apache.http.wire -  << "[0xbb]U[0xd0]>?"B,-L[0x8d][0x88][0x9b]f[0xb1]D[0x1a][0x1d]D[0x1e]F[0x80][0xdb][0xe8][0x9d]Z[0x99][0x94][0x9f]X[0x94]B8[0x17][0x9b][0x81][0xcf][0xff]"[0xca][0x83]H[0xeb][0xbd][0x87]\*@:[0xa7]:871'[0x7][0xe9][0xfa]R[0xac][0xa5][0x2][0x96][0xc8][0x1]%$[0xe2][0xc2][0x9]1[0xd6][0xe0][0x99]W[0x92][0x9a][0x93][0x93][0x99][0x9e][0x9a]W[0xa2][0x0][0x19]a[0xc1][0x9e][0x16][0xc0][0xf3][0x15][0x88][0x94]`nahJdJ@ZP[0xee][0x91][0x9a]XV[0xa9][0xe0]RZR[0x89][0xf0][0x1d][0xce][0x84][0x0][0x9a][0xb7]@[0xb6][0x10]4[0x14]C[0x9c][0xef][0x10][0xf5];[0xfc]2/[0xe7][0xfc][0x92][0x92][0xfc]<\[0x5]:$[0xc3]!,3[0xb1][0x4][\r][0xa4][0x13]g[0x19][0xa2][0xe0]A[0x1e][0xac][0x2]9^[0xc1])5[0xf]K5[0x85]Y[0xca][0x81].[0xba]$[0xce]2D[0xaf]&[0xa0](1[0xb9]$391[0x7]v[0x85][0x91][0x7][0x96][0xd2][0x1c]:![0x83][0xf0][0x98][0xa9]1he1qv![0xf5]K[0xc0][0xe9]1 [0x11]Trc[0xaf]z[0xd1][0x3][0xd0][0xc8][0x18][0xb4]R[0x96]8{[0x10][0x85]RP)xj[0xc]ZG`[0xad][0x9f] r[0x8][0xf]Y[0x9a][0x12]o[0x11][0xa2][0xe2]E.[0x91] [0xe5][0xa9][0x2][0xb6][0xe0][0x83]H!,32[0x1][0x1d][0xda]L[0x94][0xaf]@[0xc1][0xc][0xed][0xa0] [0xdd]6[0x5][0xc9]`[0xd8]ky[0xf4] 43[0x6]e[0x1c][0xe2],Cdg[0x9f][0xcc][0xf4][0x8c][0x92][0xf2]T[0x10][0xa9][0x0]1[0x11][0xab][0xcf][0xc2][0xf3][0xf3]SR[0x91][0xe6][0x18]M-A+e[0x89][0xb3][0xc][0x91][0xbb][0x86]\[0x19][0x8b]<[0x7][0x1]N[0xd3][0xb0][0xf9]O[0x5][0xec][0x85][0x1e]F[0x19]kfajLd[0xb1][0x87]t'#[0xbc][0x14][0x82]d!lI[\r][0xa3][0xed]j[0x4]>d[0x9d][0xb8][0x18]A[0xe4]T[0xd7][0xbc][0xfc][0xa2][0xdc][0xfc][0xd2]bD[0xf1][0x8a][0xdd]c[0xe8][0xd9][0xc8][0xc8][0x2]t[0xe6]/q[0xb6]![0xf2]+r6[0xc2][0xed]5P[0xcb][0x16][0x91][0x87][0x88]??[0xd0][0x12]i[0x99][0xb8]cyjq~n[0xaa][0x2][0xb4][0x18][0xf][0xce][0xc8],[0xc2][0x9c]_F[0xab][0xa2],,[0x89]=[0x10][0x11][0x9c][0xf8][0xa1][0xb9][0x15]1o[0xe]O[0x1b]8[\n]"
05:47:20.894 [main] DEBUG org.apache.http.wire -  << ""P[0x85][0x82][0xf0][0x97][0x85][0x5]h[0xc1][0x7]Q!h[0x8c][0x18]ED[0xd8][0x6]-[0xaa][0x15][0x2]r[0x12][0xc1][0xd3][0xf1][0xa8]-cPu[0x82][0xb0][0xcb][0xd8][0x18][0xb4][0xf][0x9c]8[0xbb][0x10]E[0x3][0xb4]t[0x85]d}[0x1c][0xf6]`$xsC[0xd0]h[0x3]qV![0x16][0x89][0xc1][0x93]!4Y+`=[0xc5][0x12][0xea]e[0x84][0xbf],[0xc][0x89]n[0xca]"][0x9a][0xe7]RZ[0x4][0x9a][0x93]B$y[0xec][0xd5].[0xa8]C[0x87][0xb0][0xca][0x8c][0xf8][0x95][0x7]Hg![0xe][0xb9][0x2][0xf]i2[0xf][0xb9]f[0x80]'m[0x1c][0x97][0x9b][0xa2]&7S[0x13][0xd0][0xdc][0x14]qi[0x0]Q[0xc7]"[0xdb][0x7]o[0xf5]c+[0xfa]P#[0xc6][0xd4][0x10]t[0xda]9Q[0x96]![0xcd][0x13]"[[0x6]M[0xe0][0xd8][0x97][0xd6][0xa0]W[0xe9]&[0x86][0xa0][0xb3]1[0x88][0xb3][0xe][0x91]m[0x91][0xaa]tp[0xa1][0x83][0xe3][0xa6]Z[0xb0][0x1c]"[0xcd][0x19][0x19][0x83][0x8e][\n]"
05:47:20.894 [main] DEBUG org.apache.http.wire -  << "%[0xce].D[0xb6]E[0xb2][0xb]Z[0xa1]co?[0xc0][0xe2][0x14]a[0x9f]1[0xf8][0x90]0[0xe2][0xec]C[0xca][0xbb]E[0xe9][0xf9]y[0xf9][0xa0])_xa[0x9b][0x9f][0x8a][0xd9][\r]E-[0xd5][0xcd][\r]AW[0x82][0x10]g[0x15][0xa2][0xfd][0x80][0xdc]`[0x86][0xc6][0x1a][0x8e][0x4][0x82][0xd2]X1[0xb3]$:="M[0xb][0xc2]/[0x17][0x86][0xd4]T[0xd8][0xdb][0xb1][0xe8]1f[0x2][0x1a][0xc1]$[0xce][[0x88][0xa6]9[0xa4][0xfb][0x6]-[0xdd]p[0x14][0xb4]PYDdY[0x9a][0x82]Nt#[0xce]*D}[0x8f]1[0xa8][0x83]-[0xfc][0xc0][0xad]N[0x84]Mf[0x6]D[0x8f][0xaa] [0xef]y[0x1][0x8f][0xc0]A[0xda][\r][0xc4][0xfa][0xc9][0xd8][0x14]t[0xd2]0Q~B[0xda]72[0xe4][\n]"
05:47:20.894 [main] DEBUG org.apache.http.wire -  << "Y[0xd0][0x98][0x8][0xb4][0xf5][0x0][0x1d][0xe5][0xa6][0xcd][0x12]"cKP[0xe3][0x13]j[0x13]r[0x89][0x7][0xad][0xb5][0x15]p[0x94][0xe6][0x90]HC$[0x0]S[0x13][0xd0][0xe0][0x1c]q[0xd1][0x82][0xc8][0xac][0x88][0xe]'[0xac]R[0xc7]^[0xe]a[0xa4]l[0x13]S[0xd0][0x96][0x3][0xe2][0xac]Ct[0xa6][0x91][0x86][\n]"
05:47:20.895 [main] DEBUG org.apache.http.wire -  << "@[0xb5][0x11][0x8e][0x11]C[0xa8][0xcf][0x11]~32$v![0xb0]%hl[0x18]K`[0x82][0x8b][0x0][0x1c][0xfd][0x1][0xd4]B[0xcf][0xc8][0x8c][0xe8]f[0x18][0xd2][0xd6][0x14]h3[0xc]^%[0x6]g`-^KR[0xc1][0x97][0xb4]@WeZ[0x9a][0x82][0x86][0xb6][0x88][0xb]CD[0xfb][0x1c]j[0x15]$[0xfe]q[0xc].[0x83][0xbd][0x8b][0x8]?[0x13]C[0xd0],[0x16]q[0x16]a[0xaf][0xeb][0xc1][0xb1][0x85][0xbd][0xf2][0x5][0x97][0xbc]Hv[0x11][0xdf][0x8c][0x5][0xa5] h\[0xc1];SPoa[0xef][0xe0]`$[0xc][0xb]#[0xd0][0x1d]#Dy[0xc][0xd4]m[0x80]Z[0x86]<:[0x6]j[0xa7][0xe0]H[0x86]h%[0xac][0xa5]![0xa8][0xa3]I[0x9c]][0x88][0x8a][0x1e]%GC[0xc7]Z[0xb0][0xae][0xa3]E[0x8b]2ss[0xe2]}[0x86][0xc8][0xce]H[0xf9][0xb][0xda][0xac][0xc0][0xde]lF[0xf3][0x1a][0x9][0xcd]3PF[0x84][0x6][0xe3][0x90]+[0xd2]17s[0xd0][0xaa]H[0xc7][0xdc][0x8c]A3[0x9b][0x10][0xf9][0x95][0xc6][0xd5][0x14][0xd2][0xe2][0x1d]ZN[0x10]Z[0x82]V[0xaa]CS[0x18]m[0xed]Ad[0x1b][0xda][0xda][0x83][0x88]![0x9a][0xda][0x3]*[0xe2][0xe9][0x11]n[0xa0]iJ[0xa8]=[0x1][0xc1][\n]"
05:47:20.895 [main] DEBUG org.apache.http.wire -  << "[0x98][0xe9]:=17U[0xc1]T[0xa1][0xb8]$[0x11]i[0xd2][0x16][0xff][0xca]%[0xe4])FP[0xcf][\r]j<[0x8d][0x13]4[0xa8]KJ[0x1f][0x9b]@[0xc3]pt[0xb2][0x9][0xd1][0x9d][0xa5]q[0xe8][0x81][0xaa]':[0xf9][0x9][0xd1][0x8d][0xa5][0xa9][0x9f]L[0xc][0x90]g[0xeb]h[0xb9][0x12][0xd0][0xc4][0x0]i3[0x4][0xad][0xfd]D[0xbf][0xd0]C[0x14][0xa8][0xb4][0xf6][0x13][0xa2]GAk[0x9b][0x90][0x6][0x0]h[0x9c]"[0x10][0xfd][0xff][0xcc][0x80][0x8c][0xfc][0xbc]TC[0xcc][0xab][0xe][0xc1][0xfb]#SS`[0x17][0xa2]"5[0xba][0xf1][0x9e]L[0x8e](^M[0xc][0x90][0x8e]k[0xa2]u[0xd0]![0xea]=[0x1a][0xdb][0x84]4-Gk[0x9b][0xe8]T[0xbc][0x9a][0x18][0x18]![0xba][0x10][0xb4][0xf6][0x13][0xdd][\n]"
05:47:20.895 [main] DEBUG org.apache.http.wire -  << "[0x8][0xb2][0xb6][0xf0] [0x12]9[0xd1][0xdb][0xbf][0xc]@[0x3]T[0xf4][0xa8][0x9b]L[0xc][0x90]F[0xab]s3s[0xb2]1[0xd6][0xbd] \[0x8f]o5;r[0x6][0x5]-[0x88][0x80][0xba][0x9d]Z&""[0x98].[0xc7][[0x99][0x18] [0x1d][0x8][0xe4]Y[0x0]*[0xcb][0x14][0xc][\r][0x15][0xcc]L[0x14][0xd2][0x93]0[0x2][0x8][0xdf]rm[0xe2]#[0x1c][0xe9][0xfe][0x1b][0xec][0xb][0x9b][0x11][0xf1][0x80][0xbf]%J[0xc6][0xde]w[0x0][0x0][0x0][0x0][0xff][0xff]"
05:47:20.895 [main] DEBUG org.apache.http.wire -  << "[\r][\n]"
05:47:20.897 [main] DEBUG org.apache.http.wire -  << "62F[\r][\n]"
05:47:20.897 [main] DEBUG org.apache.http.wire -  << "[0xca]KW((-*[0xc8]/N-V[0xaa]E[0x8e]I[0xa4][0xa1]([0xda][0x85][0x2][0x15][0x1d][0xc][0x1e][0xd7][0x85]&[0xbd][0xe0][0xec][0xaa][0xfc]|[0x85][0xf0][0xfc][0x9c][0xb4][0xe4][0x8c]D[0xd0][0x92][0x2][0xd4][0x99][0xcb][0xe0][0x92][0xa2][0xc4][0xca][0xec][0xcc][0x14][0xd0][0xc][0x2]t0[0xcb][0xd0][0xc][0xb4]8[0x8c][0x88][0xe1][0x11][0x13]S[0xa4][0xa9][0xd2][0xe0][0xc4][0xdc][0xe2][0xd2][0xbc]t[0x85]`#c[0x85][0xd0][0x9c][0x92][0xa2]D[0x8c][0x4][0xe2][0x9e][0x98][0x93]XQ[0x89][0x88]?"[0xf3][0x91])h8[0x1c][0xea][0x99]A[0x93]$LASEPG[0x11][0xf6]9[0xc2][0xcf][0xa4][0x84]-R#[0x8c]`[0xd8]fdV&[0x82]B[0x1c][0x1a][0x85]D[0x7]-[0xa2]Q4x[0x82][0x16]i[0xff][0xdb] r[0x14]Rl[0xd0][0xb4][0xf9]h[0x8a]4'6[0x88][0xbc]?[0x18][0x13][\n]"
05:47:20.897 [main] DEBUG org.apache.http.wire -  << "[0xd2]Al[0x83]'[0xa4][0x90]f[0xca][0x6][0x91][0xa3][0x90][0xba]Y[0xe0][0x89]B[0xe8][0xf8];[0xd6][0xc5]g[0xae][0x15][0xa9]E[0xc9][0x99]%[0x89]%[0x99][0xf9]y[0xa9][0xb9][\n]"
05:47:20.897 [main] DEBUG org.apache.http.wire -  << "[0xb9][0x89][0xe9]y[0x99][\n]"
05:47:20.898 [main] DEBUG org.apache.http.wire -  << "[0xf9])[0x99]%[\n]"
05:47:20.898 [main] DEBUG org.apache.http.wire -  << ")[0xf9]9[0xf9]Ed,771E[0xaa]A[0x7]O[0xa8] [0x1d][0xf9]D[0xd3][0x96][0xb9][0xb1][0xa5]9"[0xfb][0xd0]t[0xe4][0x10][0xb4][0xfe][0x11]Z+[\r][0xb9]1}[0xd0]T>[0xd4][0xed]4[0x19][0x8d]D[0x14][0xe0]41[0x1e][0x91][0xc3]hb<bL[0x81][0x16][0xc6]#m[0x19][0xa2]qN[0x0][0xad]C[0x81][0xc6]2[0xad]mB[0xe4]9Z[0xdb][0x84][0x88][0x1c]Z[0xdb][0x84][0x98]<[0xa6][0xb5]Mt[0x1b][0xf3]A:[0x14][0x89][0xa6]~21@[0xba][0x96][0x84][0xd6]6[0xd1]m[0xcc][0x7][0xe9]f[0x10]Z[0xfb][0x9]Q[0x80][0xd2][0xda]&DYJk[0x9b][0x10]e[0xc4][0x10][0xab]/M[0xc][0xc][0x10][0xa5][0xe][0xf6]&[0xd5]@n[0x1]71[0x0][0x8d]!@[0xb]z[0xec][0xce]Ct[0x8a][0xe9]7[0x90][0x3]Z[0xa5][0x3]u[0xd4][0x90][0x8b]o[0xd0]F[0x1a][0xa8][0xdb][0x89][0xcf][0x15][0x88]@&~[0x8][0xe][0xb4]8[0x86]>[0x16][\r][0xe1][0xdc][0x87][0xb4][0xf9]a[0xc8][0xa5]$[0xd0]^"[0xba]D0[0xf2][0xf0] [0xd1][0x83]&[0xe4]$Y[0xa4]!B*[\r][0xb5]#[0x8d][0xef]Q[0xcb]DD[0xfd]I-[0x13][0xc9][0xa9]'[0xc9][\n]"
05:47:20.898 [main] DEBUG org.apache.http.wire -  << "^DF[0xa5]m[0xd1]3t[0xf7]r[0x98][0x18] [0xed][0xe5][0xa0][0xd7][0xe4][0xc][0xa2][0x95]I[0xbd]i[0x9]S[0x1d]%[0xe7][0xc4][0x92][0xd4][0xf4][0xfc][0xa2][0xcc][0xd4]b%[0xab]h[0xe4]y[0x10][0xa4][0xa1][0xc9][0x80]`[0x13][0x8c][0x1][0xfe][0x82]b[0x13][0x85][0xa4][0xc4]"[0xd0][0xa5];[0xd0]qhcb[0xcf]g61@[0xba]"[0x82][0xb6]i[0xcc][0x4][0xd1][0x87][0xa2]~W[0xda][0xc4][0x0]yM>[0xd1]e[0x1e][0xd2][0xec][0xb][0xf1][0xf5]4[0xd2][0xf0]'[0xf1]!F[0x9e]M[0x14]N[0x96][0x13]9[0x1d]a[0x80][0xb4]R[0x1f][0xb6]k[0xc][0xb2][0x1b][0x1b][0xc7][0xba][0xde][0xc0][0xd2][0xcc]D[0x85][0xd4][0xfc]b[0x85]"[0xc8]`[0xa5]B^jrjq1x[0xec]2[0xa9][0xb4]X![0xad]4=3[0xb1]D!1/37[0x13]i[0xd8][0xd2][0x8][0xd4][0xe5]$f~[0xcb][0x0]iA?YAL[0xb4][0xc7][0x11]my[0xb2][0xec]!![0xd1] R?[0xd2][0xce]%[0xd8]p0[0x8e][0x1d][\n]"
05:47:20.899 [main] DEBUG org.apache.http.wire -  << "[0xae][0x15][\n]"
05:47:20.899 [main] DEBUG org.apache.http.wire -  << "[0x85][0xa5][0x89][0xa9]E[0x89][0xa0][0xd3]#[0x8b][0xc0][0xc1][[0x8c][0x14][0x9e][0xc4][0x9e]:bb`J[0xb7]Q[0x5][0xa4][0x15][0xe9][0xf0][0x9d]E[0xe0][0x85][0xd9][\n]"
05:47:20.899 [main] DEBUG org.apache.http.wire -  << "[0xce][0xf9][0xb9][0x5][0xa5]%[0xe0]#:P[0xa7]B[0x1d][0x8b][0xb]R[0x8b]2[0xf3][0x8b]R[0x8b]!gS[0xe6]'''[0xa6]&'[0x96]d*[0x14][0x96][0x92][0x97]|[0x90]W[0xaa][0xd3]l[0xf6][0x9c][0x8a][0xf3][0xc6][0x6][0xa0]=N[0xd0][0x96]!-[0x97].[0x99]![0x9a]B4[0xb5][0x6][0xd1]>[0xa2][0xa9]5H[0xad]#[0xa4][0xa3]t[0xc0][0x1b]-pd([0xc7]R[0xe8]dJj[0xae]BQjAjNNj^J)r[0x9e]"[0xbe][0x8c]BZ[0xa1][0xee][0x19][0xe0][0xe1][0xef][0xe7][0xaa]`h[0xaa][0x10][0x10][0xe4][0x8f]Q={[0xb8][0xfa][0xb9][0x7][0xf8][0xfb]![0x1a][0x80]&[0xa0][0x1a][0x84][0xa8]r[0x10][0xe9]`J[0x9a][0xd9][0x81][0xb4]*[0x9d]vv *2[0x1a][0xce][0xc3][0x98][0x18][0x98]#[0x16][0xea][0xd0][0xd6][0x1e][0xa4][0x14]N[0xbb][0xcb]3L[0xc]@[0xfb][0xbe]a[0xe5][0x2]-[0xed][0x1][0x9d][0xd2][0x5][0xb5][0x87][0xc6][0xf5] [0xd2][0x1a]{[0x9a][0xa5]6[0xd0][0xd6]|[0xa8]ohg[0x7]"[0xa5][0xd1][0xce][0xe]Dq=x[0x86][0xf2][0x90]6/[0xd0][0xb2]p[0x7][0x9d][0x1a][0x1][0x8d][0xc3][0xc1][0xe3]w[0xa4];8pf[0x13]D1O|[0xe3][0x90]^;[0x1]L[0xc],[0x7]c[0x92]B>[0xd0][0x90][0xe8][0xae][0x1b]Y[0xe1][0x8c]h[0xee][0xf][0xa2]DEN[0xdb][0x9c][0xc][0xdf][0x83]{[0xb][0x83]-K[0x19]"[0x9d][0xc4][0x88]3Ka[0xac]p%[0xcb][0xf7][0x88][0x2][0x9b]x[0x8b][0xc8][0xe9][0xb5][0x1b][0x82]v[0x91][0xf][0xbe]pFj,[0x13][0x9d][0xc7][0xc8][0xf3]>"[0x93][0xd1][0xaa]f4[0x4][0x1d]C[0x7][\r]bZG&"w[0x6][0x14][0xe5][0xa7][0x94]&[0x97](8[0x96][0xe6]d&*`[0xee]-[0xc9][0xcc][0xcb][0x84][0xed]+QH[0x84][0xab][0x81][0x8e][0xc8][0x11]9"a[0x88]4SF[0x1f][0xfb][0x10]-s[0x1a][0x87]$[0xd2][0x86]-[0xfa][0xf8][0xc][0x91][0xe1][0xe9]c[0x1f][0xa2]j[0xa5][0x8f]}[0x88]>[0x8]}[0xec]C[0x94] NE[0x89][0xc9][0xa9][0xd8][0xae][0xb2][0xf2]MLIU[0xc8]OS[0xc8][0xc8]L[0xcf][0x0][\r]][0xe5]d[0x96]T*[0x14][0xa4]&[0x16][0xe5] [0x17]%[0xa0][0xdd]F[0xc4]t[\r][\r][0x11]E[0x89]K[0x98][0x8b][0x82]wfnjIq[0xa9]B^[0xbe]Bdbf[0x12]h[0xdd]5[0xea]H[0x12][0xa2]^042@[0x1d][0x2][0xc7]3[0xbc]n[0x88][0xb4][0xa3][0xb]d[0x8d]oizj[0x9e]BHQb&[0xe6][0xb2]}<6[0x18][0xe0][0x1e][0xc0]74D[0x94]"4[0xb2][0x1][0x14][0xa6][0xd0][0x12][0x91]V6 J[\n]"
05:47:20.899 [main] DEBUG org.apache.http.wire -  << "Z[0xd9][0x80][0x98]W[0x19]4[0xcd]3C[0xa4][0xe9][0xff]A[0xe4](D^[0x1c]D[0x8e]B[0xc]q[0xd3][0xb8]*AZ[0x4][0x80][0xdd][0xfb][0x3][0xba][0x4][0xc7][0x10]i[0xfa][0x1d][0xbb][0xf3][0x10][0xa5][0x8][0xdd][0x96][0xe0][0x18]"M[0xd5]cw[0xd4][0x0][0x87][0x19][0xa2][0xf6][0xc4][0xee][0xbc][0x1][0x9]3D[0x15][0x9b][0xe][0xde][0xa7][0x86]1[0xb6][0x9b][0x96]_[0xa4][0x0][0x91]Bla[0xd3]Q[0x82][0xb6][0xf9][0x88][0x1e][0x0]04F[0xe4]g[0x1a]g[0x1d][0xa4][0x99]~[0x5][0xc][0xdf]`t[0xb4][0x90]kmb7H[0x1b]"M[0xc8][0x93][0xe5][0x19]b[0x9b][0xca][0xc6][0x88]J[0x95],{[0x88][0x8f][0x1e][0xa4]=[0xaa][0xb4][0xb6][0x9]Q[0xc9][0xd2][0xda]&DeKk[0x9b][0x10][0xb9][0x88][0xd6]6[0xd1][0xad][0x6]B[0xda]mD[0xd8]O[0xe0]C[0x7][0x88][0xce]JT[0x9c]W4D[0x9a][0xd8]'[0xec][0xcc][0xbc]|[0x5][0xb0]K[0x11]%-[0xf1]9[0x84][0xd2][0x9]{[0x12]l[0xa2][QI[0xb7]IsC[0xa4]Is[0xe2][0xa3][0x89][0xe8][0x4][0x85][0xb4][0x92][0xc8][0x10]if[0x1c]j[0x13][0x96][0xe5]D9[0x89][0x95][\n]"
05:47:20.899 [main] DEBUG org.apache.http.wire -  << "[0xe5][0x99]%[0x19][\n]"
05:47:20.899 [main] DEBUG org.apache.http.wire -  << "Y[0xa9][0xc5][0xc5][0xa0][0xde][0x16]Z[0xb2][0xc0][0xdf]hA[0xb1][0xe]Q[0xc8]@jI[0x8c]*[0x87]J[0x15]([0xd2][0x4][0xfa]P[[0x16]jhFJ[0xf9][0x8][0x8e][\n]"
05:47:20.899 [main] DEBUG org.apache.http.wire -  << "[0xa2][0xa3][0x9e][0x9a]e[0x9][0xd2][0xb9]u[0xd0][0xa4][0x83]yr[0x15][0xbc][0x1]1[0x80][0xce]D[0x8c][0x19]`oH[0xe]l;[0x17]iF[0x1f][0x1a][0x8a]Dg@[0xa4]X'>[0x7]"[0xcd][0xee]c[0xf][0xe]Di[0x8f][0xdf]Pj&%s[0x8c]V[0xe][0xd1][0x81]@"
05:47:20.899 [main] DEBUG org.apache.http.wire -  << "[\r][\n]"
05:47:20.900 [main] DEBUG org.apache.http.wire -  << "7C5[\r][\n]"
05:47:20.901 [main] DEBUG org.apache.http.wire -  << "[0xac]s[0x91]K![0xa4][0xf3][0xf0][0x86]\[0xe1][0x80][0xb4][0xa2][0x1][0x9a]^[0x6]e[0xae][0xc3][0xbc][0x97][0x93][0xb6]1:4[0x8a]L[0xa4][0xed][0xc7]C/[0xe1]![0xca][0xd1]A[0x9d][0xf0]Hi[0xf2][0xf]\[0xad]d[0x8e][0xe8][0xab][0xe][0xb9][0x94]@[0xd2][0xe2][0xa0][0x81][0xb]b[0xa4][0x95]E[0x83]9[0xc1]"-N[0x1a]z)[0x1]1[0xa5]F[0xb3][0xa9]][0xb][0xc4]@ 4[0x1a]1[0xef][0xf6][0x84]73a]V[0xa2][0x9b]F[0xd4]l[0xc5]X`TB[0x98].E4W[0xf0][0x8d]jQ[0xd5]U[0x88][0xfe][0xb1]G[0x81]BXfY[0xbe]B[0xa4][0x91][0x11]F[0xbf]+7573'3;S[0xa1][0xb8] [0xb5]83-3;[0xb1]8S[0xa1]21/]![0xb1] [0x13]t[\n]"
05:47:20.901 [main] DEBUG org.apache.http.wire -  << "[0x1b]t[0xc][0xd3][0x18]4[0x8f]F[0xec][0xba]}C[0xa4]U[[0xd0][0xc8][0xa3]i3[0x0][0xf3][0xa4][[0xda]Z[0x87]([0xc4][0xa1][0xbe][0xc3][0xd3][0x16][0xc3][0x92]4[0x89][0x1f][0xe4] [0xfa][0xb8][|[0xdd]tc[0xa2]Gl[0x89]Y[0xd7][0x86]/[0xcf][0x91][0xe0]1[0xc4][0x80][0x0][0xe1] [0x1c][0xb8][0xba][0x4]t[0x81][0x1]t6[0x15][0xbf]3[0xa9][0x14][0xfe][0x18]e[0x1e][0x9e][0x84]5[0x80][0xa1][0x82]Q[0xe0][0xe1]p&[0x95]B[0x5]Q[0x92][0xe1][0x8f][0x84][0x8c][0xc4]b[0xc8][0xc8]%R5[0x80]?IR[0xb3][0xc0][0x5][0xdd]RITZ[0x19]`g"[0x1a][0xca][0xd8][0x7][0x2][0x6]t\[0x4][0xbc][0xed][0x2][0x1a][0x8a][0x83][0xd2]y[0x88]r[0xb][0xbb][0xf3][0x10][0x15]=[0xdd][0x86]Q[0x8c][0x90][0xce] [0xc1][0xee][0xa8][0x1][0x8e]RDq[0x81][0xdd]y[0x3][0x12]fC[0xa2]P1B:dd[0x10][0x97]}FH[0xeb]0[0xb1]G[0xf1][0xc0][0xa6]@[0xa4][0xc5][0x94][0x90][0xcb][0xc7] ;[0x11][0xb1]][0x6][0xe6][0x94][0x93][0x98][0x97][0x92]Y[0x92][0x99]Y[0xac][0x90]\[0x9a]S[0x90][0xa8][0x90][0x9a][0x97][0x99][0xb][0xda][0xc8][0x9a][0x88][0xb4][0xe1][0x12]t*/1[0xb][0xd7][0x8c][0x90][0x8e][0xc1][0x1f][0x94][0xe1][0x82][0xe8][0xc7][0xd1]f)[0x97][0x91]![0xa2]E3([0x3][0x80][0xd8]R[0x80]*-[0x19]#[0xb4]u[0x8c][0xd4]_`h[0x84][0xb4][0x84]q0[0x97][0x17]H[0xeb] [0xf1];[0x93]:[0xe1][0x8e][0xb4]([0x92].[0xd6]![0xa6]5|A[0x8b][0xc1][0x83][0xf3][0x93][0x93][0xb1][0xec]wN[0xce]OJTH.JM,I[0x85][0xad][0x17]G[0xd4][0x84][0xc6][0xc4][0xf6][0xb5][0x8d][0x90][0xce][0xb7][0xa7][0x92]m[0x86][0xb8]W[0xb0][0x1a][0x19]![0x8a][0xc][0x1a][0x9c][0xde]`[0x84][0xb4][0xca][0x92][0xd4][0x98]Bj[0xf4][0xe3]oz!M[0x9][0x19]a[0x9e][0xb5][0x84]9v[0x83][0xaf][0xc7][0x8b][0xdf]&*v/[0x8c][0x90][0xee][0xcb][0x86][0x86][0xc][0xa6]K[0x11][0xc9][0x87]N[0xa3]LFD_D@[0xa5][0x8c]<[0xb8];/D[0x1f][0xec]D[0x9d][0xd0]@Z_J[0xa3][0xea][0x1b]i[0xb1]([0xad]l@[0x94]'[0x83][0xb1][0x81][0x80]t[0x8f][0xf6][0xa0]t[0x1e]br[0x8e][0xda][0x7][0x2][0x19]!-[0xdf][0xa4][0xbe][0xd9][0xa4][0x8c][0xa0][0xe][0xd8]@[0x97][0x11][0xdd][0xd6]{[0x1a]![0xdd]U[0x2]-[0xdd]M[0x15][0x82]s2s1[0xc6][0xeb][0xf1]UF[0xf8][0xc7][0xba][0x90][0xab]=[0xd0][0x5][0xd1][0x83]x[0x94][0xc5][0x4][0xd1]k[0x80][0x85][0x6][0xf6][0x80][0xa0]N9j:[0x18][0x7](0W[0xe8][0xe1][0x18]d[0x5][\r]'R2[0xc9]`[0x84][0xb4]f[0x8e][0x1e][0xa1][0x8d]t[0xf8][0xcc]`,R[0x91][0x8e]AOI-N.[0xca],[0x0][0x9d][0xc3][0x8f][0x91][0xfc][0x88]kj![0xe7]9[0xa4][0x9]M*[0x1b][0x8c]H[0xbe]4[0xaa][0xa4][0x91][0xce]z[0xa0][0xb2][0xd3][0x11][0xf5][0xd7][0xa0]L[0xb][0x88]j[\n]"
05:47:20.902 [main] DEBUG org.apache.http.wire -  << "[0xbb][0xf3][0x10][0xa9][0x80]~[0x1d][0x1][0xa4]9A[0xec][0x8e][0x1a][0xd8][0xb1]6[0xa4]3,[0xb0];o@[0xc2][0xc][0xd1][0xca][0xc4]_[0xc4]Q\[0x98]Z"[0xaa].[0xec][0xde][0x1f][0xe0][0xd8]A[0xc]xaw[0xde][0x80][0xc4][0xe][0xa2]WG[0xeb][0xd8]![0x94][0xa1][0x7]4v[0x8c][0x91][0xe][0xc8][0x1f]4[0xb1]c[0x8c]t2[0x7]m[0xaa][0x17]c[0x82][0x7]e[0xc]p[0xac] [0x92]'[0xad][0x2][0x0][0x91],id[0x3][0xd2][0xc][0x8][0xad]l@[0xc]z[0xd2]``[0xd0][0x18][0xe9][0xd4][0x8][0xec]Yc`[0xd3][0xc8][0xe0][0x9e][0xe7]06[0x1c][0x84][0xc5][0xbe]1[0x96][0xb9][\n]"
05:47:20.902 [main] DEBUG org.apache.http.wire -  << "[0x1a][0xf6]y[0x8d][0x91][0xe6][0x1c][0x6]c[\n]"
05:47:20.902 [main] DEBUG org.apache.http.wire -  << "2B[0xe4][0x1f][0xec][0xce][0x1b][0x80][0x9a][0xd9][0x18]in[0x81]F[0xc5][0x6][0xd2]|[0x82]GjbY[0xa5][0x82]KiI[0xa5][0x2][0xf4][0xd4][0xe1][0x80][0x9c][0xc4][0x92]T[0x8c][0xae][0x97]ciIj.[0xfa]Q[0xc3]E[0xa9]E[0xa5][0xb9]HS[0xb4][0xe0]S[0xae][0x88][0x99][0xa3]5F[0x9a]rp,O-[0xce][0xcf]MU[0x8]H,H-Rp[0xce]O,[0xc1][0xb0][0xdc]5[0xbf]X![0xb3][0xa0][0xb8]4W![0xb3]$[0xb1][0xb0]4U!'1)[0xbf](3[0xbf]81W![0x15],[0x90]Z[0x2][0x9a].[0xce],![0xc7]1[0xa6][0x4][0xc7][0x1b][0x7] [0x15][0x98]"[0xed][0x15][0xa7]m[0xfb][0xcc][0x14]i[0xcc]q[0xd0]d[0x2]S[0xa4][0xfd][0xe5][0x83][0xc7]QHC[0x93][0x83][0xc8]Q[0x83][0xb0][0xc]3%8[0xd6]9[0x10]Y[\n]"
05:47:20.902 [main] DEBUG org.apache.http.wire -  << "[0xe9][0xb4][0xfd]A[0x14]}[0x88][0x86][0xee] r[0x14][0xa2]m<x[0x1c][0x85][0xb4][0x9f]~[0x10]9[\n]"
05:47:20.902 [main] DEBUG org.apache.http.wire -  << "1[0xf4][0xe0][0x98]Z[0x94][0x9f]R[0x99][0x97][0x98][0x9b][0x99][0xac][0x0]Y[0xeb][0xe4][0x94]_R[0x92][0x83]Y[0x97][0x82]j[0xc8][0xfc][0xbc]T[0xc8]*'[0xf0]R[0xa7][0xbc][0xcc][0x8c][0xcc][0x1c][0x85][0xe4][0xfc][0xa2][0xa2][0xd2][0x82][0x92]L[0xc8][0x95][0xa3][0xa9][0xc5][\n]"
05:47:20.902 [main] DEBUG org.apache.http.wire -  << "[0xb9][0x89][0x90][0x93][0xd9]S[0xc9][0xab][0xd7]L[0x11]I[0x8b][0xb6]U[0x88][0x11][0xd2][0x1d][0x19][0xd8][0xa3]f@;[\n]"
05:47:20.902 [main] DEBUG org.apache.http.wire -  << "F[0x4]3[0xfe][0x0];[0x8f]Pn[0x1b]X[0xe7]![0x1d][0xb7]1[0x18]#[0x17][0xe9][0xf4][0x8b]A[0xe9]<D/[0x10]&[0xa4][0xd2][0xb4][0xda][0xe0][0x1e][0xdc]G:[0xd6][0x3]{d[\r]@[0xbb][0xc0][0x88]n'[0x80][0x18]![0x1d][0xe3][0xe0][0x9b]_Z[0x8c]Y5[0xe0][0x9b]i[0xc6][0xb7][0xbc][0x8]y[0xce][0xcb][0xc][0x91][0x4]hh[0x9][0xa2]n[0xa1]M'[0xd5][0x8][0xf3][0xb0][0x6][0x1c]s[0xb1][0xd4][0xc9]8Hg5Pw[0xba][\r][0xe9][0xbc][0x5]*[0x1b]Lh[[0xc4][0xc0]V[0x1b]H[0xa7][0x12][0xc][0x9e][0xac]nN[0xf3]i[[0xa4]c[0x7][0xb0]{{[0x80]c[0x5][0x91]o[0xb1];o [\n]"
05:47:20.903 [main] DEBUG org.apache.http.wire -  << "`[0xa4][\r][0xfa]4*L0[0xb7][0xd1]c.[0xe4][0xc4]W[0xf6][0x1a]YZ[0xa2][0x1e]i[0x8b][0xe7][0xc0]Y#[0xa4][0xcd][0xf0][0xb4][0xf2][0xe]"[0xeb]C[0x1b][0x15]4[0xf4][0xe]I{[0xec](Y[0x14]c[0x8c][0xb4][0xa7][0x8a]6[0x1]gl[0x80]h[0x8d]aO[0xfe][0x3][0x9a];[0x8d]i[0xbe]W[0xc1][0x18]i[0xed]5[0x8d][0x82][0x18]i[0xcd][0xf4]`[0xc]b[0xa3]AX[0x0][0x1a][0xf][0xee]3u[0x8d][0x91][0xd6]<c[0x8f][0xd2][0x1][0xa8]4[0x8c][0x91][0x96]I[0xd3][0xea]<[0xc]c[0xa4][0xb]qig[0x7]b[0x4][0x9]Z[0x96][0xd3]r[0x15][0xaa]1[0xd2]d[0x7][0xd2]][0x88]>[0x99]y[0xa9]y8.[0x9c][0xc][0xcb][0xcf])-(I,V(K[0xcd][0xcb]L[0xcc]UH[0xcc][0xc9],,[0xcd]L[0xc1]9[0xd5]b[0x82]{'[0x8b]1[0xd2]Y[0xbb][0xae]y[0xf9]E[0xb9][0xf9][0xa5][0xc5][\n]"
05:47:20.903 [main] DEBUG org.apache.http.wire -  << "[0xbe][0x89]EI9[0xa9]8,[0xf7]LQ([0x83][0xd8]_[0x92][0x9][0xba][0xdd][0xb2],[0xb3]$1U[0xa1][0xb8][0xb4]89[0xb3] [0x13]v[0x9f]\[0xb1]Bb[0x92]BNfRjQ>NW[0xe1][0xa9][0xb0][0x8d][0x91][0xe6]Z<[0xf3]JRsr2[0xd3]S[0xf3]J[0x14][0xdc][0x8b][0x12][0xf3]2KR[0x15]p[0xc][0xe3][0x5][0x96]f*[0x14][0x97][0xe6][0x95]([0xe4][0xe6][0xe7][0xa4][0x16][0x97]d&[0xa6][0xc2]Y[0xc5]8.[0xb8]#~[0x82][0x8c][0xe0][0xa4][0xcc][0xc0]VTH3!n[0x89]y%[0x89][0xc5]%[0x99][0xc9][\n]"
05:47:20.903 [main] DEBUG org.apache.http.wire -  << "[0xce][0xf9]y[0xc9]E[0xa9]%[0xb8][0xa2]2[0x8]q[0xe7][0x9f]B*(-[0xa5][0x96]([0x14][0x96][0xe6][0xa7][0x80]n[0x9a]L[0x84][0x8e]y[0xe6][0x82]f[0xf7][0x12]S2[0xb]2[0x8b][0x93][0x91][0xaf][0x9f]D[\r]8<[0xf7][0x9][0x18]#-[0xea][0xc6]^V[\r]p[0xc0]![0x16][0xc5][0xc1]&>[0xa1][0xf3][0xae][0xde]y[0x99]i[0x98][0x3][0x2]N[0xa9][0x89][0xa0][0x4][0xf][0xcd]s[\n]"
05:47:20.903 [main] DEBUG org.apache.http.wire -  << "x[0xb2][0x1d][0xbe][0x4][0x8e][0xb4][0xb6]{P[0x6][\n]"
05:47:20.903 [main] DEBUG org.apache.http.wire -  << "[0xa2]UF[0xa3]F[0xc9][0xe0][0x1e][0x1]6F[0xba]?y0[0xc6][0xcf][0xe0][0x1e][0x1]6F[0x1a][0x1][0xf6][0xc9]L[0xcf]()O[0x5][0x91][\n]"
05:47:20.904 [main] DEBUG org.apache.http.wire -  << "[0xe1][0xf9][0xf9]9[\n]"
05:47:20.904 [main] DEBUG org.apache.http.wire -  << "[0xce][0x19][0x89][0x99]E[0x18][0xb][\n]"
05:47:20.904 [main] DEBUG org.apache.http.wire -  << "|@[0xeb][0x7]R[0xe1]5Kj[0xb1]B[0x12]|[0xb]:R[\r][0x2]j[0x96][0x81]&k[0xf2][0xd2][0x8b][0x95][0xac][0xf0][0xe5]/SD[0x1d][0x8e]=[0xfe][0x6][0xa2][0x81]dJ[0xf3]\e[0x8a][0x18]i[0xcc]M[0xcc][0xcc]K[0xcc]SH[0xcc]K[0x4][0x9d]_[0x85]z3LqIjjQf^[0xba]ByFjj[0xe]"([0x88][0xde]:c[0x8c]4[0x93][0x85]=|[0x7][0xb6]PG[0x1a]@[0xc6][0xee]<[0x84][0x9f][0xe9][0xb6]d[0xdd][0x18]i/[0xb][0x8d][\n]"
05:47:20.904 [main] DEBUG org.apache.http.wire -  << "U3[0xc4]([0x4][0xad]l@[0xd4][0x96][0xd4][0xbc][0xf6][0x8][0xcf]^kc[0xa4][0x9d]2[0xc5][0xa5][0xc5][0xa5][\n]"
05:47:20.904 [main] DEBUG org.apache.http.wire -  << "[0xd9][0xa5])[0x89][\n]"
05:47:20.904 [main] DEBUG org.apache.http.wire -  << "9[0x99][0x89][0x98][0x85][0x8]X[0x1a][0x9a][0xe0][0xa1][0x7][0xb6]Y[0xa2][0x9c][0xfa][0x85][0xaf][0x99][0x82]t[0xee]4m[0xb3][0xe][0xd2][0x94][0x3][0xb4]{a[0x86]Q[0x1c][0xc2]G[0xbe][0xd0]w[0xfd][0x19][0x12][0x9f]E[0x91]f[0x1d]h[0x95][0x18][0x10]=wp[0xd0]S[0x10]3[0xf8][0xca]r[0xa4]y[0x7]j[0xa6]9[0x0][0x0][0x0][0x0][0xff][0xff]"
05:47:20.905 [main] DEBUG org.apache.http.wire -  << "[\r][\n]"
05:47:20.906 [main] DEBUG org.apache.http.wire -  << "412[\r][\n]"
05:47:20.907 [main] DEBUG org.apache.http.wire -  << "[0xc2]g%[0xd2][0xdc][0x3]4[0x8e]pLuP[0xba]S[0xc2][0x18][0xe9]4f[0x1a][0xc5][0x12][0xd2][0x99][0xc9][0xb4][0x8c]%[0xa4][0xd9][0x5][0x9a]ZC[0xeb][0xf9][0x2]c[0xa4][0xf9][0x2]PY[0xa2][0x90]X[0x99][0x88][0xb9][0x1][0x15][0xec]E[0x90]4[0xa2]"A-j[0xf0][0xa6].D-M[0xeb][0xd4][0x85][0xc8][0xa1][0xb4]J][0x88][0xa5][0x12]4[0xf6][0xb][0xd2] >[0xad]mBTr4[\n]"
05:47:20.907 [main] DEBUG org.apache.http.wire -  << "5[0xa4]][0x90][0xb4][0xf6][0xb][0xa2][0xcd][0x89][0xbd]%4[0xb0][\r]5[0xa4]3K[0xb1];[0xf][0x91][0xbf][0xe8][0xd7]P[0xb3]@[0xa4]i[0x1a][0xc5]?[0xd2][0xee]EZ[0xd9][0x80]X[0x84]J[0xaf]J[0x93][0xe0][0x9e][0xc7][0x81]Mj[0x4][0xf7]$[0xe2]Jj[0xc6]h[0xc3][0xa7]T<[0xcf][0xc6][0xd8][0x92][0xe6][0xd5][0x19][0xd2]u[0xe2][0xb4]Jj[0x88][0xea][0x8c]V6[0xd0][0xbc][0x1a][0x3]u[0x13][0xa0]GA[0xd0][0xc6][0xf]&[0xa0][0x93][0xac][0xa0]6[0xd0][0xb6][0xc8]7A[0xda]?[0x89][0xb4][0x99][0x4]:[0xa8][0x8f]}[0xf8][0xc5]5[0xb3][0xb4]X[0xa1] [0xb5][0xa8][0xb8] 393[0xb1]$[0xb3][0x18]4[0x4][0x8c]4[0xee][0x2]J[0xa6][0xc4][0x8c][0xbb][0x98][0xd0]|[0x9b][0xa4][0x9][0xcd][0xa7][0xa4]M[0x90]6b[0xba][0xe7][0x17][0xa5][0xa7][0x82][0xa6]D[0xc2][0xf3][0xf3]SR[0xf3][0x14][0x9c][0xb1][0xf4]:[0xfd]S2K[0x10]+[0x85]as#[0xa9][0xc8][0xdb]p@[0x8b][0xec][0x88][0xb]>Z[0x17][0x7]&H[0xf3][0xed][0xb4]N[0x86][0xb4][0xce][0xb4]&[0x6][0x88]z[0x1a][0xbf]_[0xa8][0xb2] [0xcd][0x84][0xe6][0xbb]GM[0x90][0xe][0xca][0xa4]Q)[0x84][0xb4][0x81][0x94]V6 [0x1a][0xcf]t[0x89][0x14]D*[0xc3][0xde][0x80][0x1c][0xd0]F[0x87][0x9][0xd2][0x99][0x8b][0xd8][0x9d][0x87][0xab][0xd1][0x81][0xde][0xa4]b[0xa3][0xc3]d0n[0xb2]4[0xc5][0x1c][0x16][0xa3][0xd1][0x90][0x8b])[0x96][0xc1][0x1d][0x1a][0xee][0xb8]5E[0x1a][0xe1][0x9]pVpw[0xf4][0xf5][0xf4]s[0xc7][0x18][0xf0][0xb][0xe]p[0xf5]V[0xf0][0xf0]t[0xf7]@[0xa4][0x7]KP[0x8b][0x81][0x98]Z[0xc3][0x14]i-]@bN[0xa2]O[0xbe][0xf][0xe6]e[0xf0]8G[0x14][0x8d],-A[0x8b]*[0x88][0xb3][0x8]1[0xbe]Lc[0x8b][0x10][0xd3]7t[0xea][0xbd][0x98]"[0xdd]_Bc[0xbf]![0x9a][0xcb]t[0xf2][0x9b][0x9][0xd2][0xbe]|[0xfc]e2[0xa5][0xc3][0x99]&[0x86][0x88][0x6][0xc][0xf6][0xf2]n`[0x8b]c[0xa4][0xe5]|[0xd8][0x9d][0x87][0xc8]~t[0x1b]n0A[0xda][0xfc]M[0xa3]:[0x19]is7[0x8d][0xe3][0x1f]i5#[0xad]mB[0xc]l[0xe1][0xb7][0x89]:[0x8d]?[0xa4]#^i[0x15]I[0x88][0x96][0xc]~[0xf]Q[0x9c]IA[0xb3][0xe8][0xd0][0xae]([0x8d][0xfc]B[0xf4][0x11][0xb0][0x14][0xfb][0x5]i%$[0x8d]C[\r]iy#[0xcc]&[0x1a]6[0x1b]L@[0x95]2[0x8d]#[0x9]Q[0xc9][0xc2]<[0x84][0xd1].[0x81]7[0x1b](YFn[0x82][0xb4][0xc4][0x11]{[0xb1];[0xb0][0xb5][0x2][0xd2]j[0xc3]A[0xe9]<D7[0x17][0xbb][0xf3][0x6][0xa2][0xd2]BZoH[0xa3]2[0x4]i[0xdd] 4y[0x92][0xb6][0xa5][0x82]~[0x15]8[0xd2][0xd9][\n]"
05:47:20.908 [main] DEBUG org.apache.http.wire -  << "8][0x8a][0x88]#|[0xbb][0x6][0xa9][0xd9][0xcb]3At[0xc4][0xb1]'[0x9b][0x81][0xcd]tH;[0xd4]ipR[0x96][0x9][0xe8]r[0x12][0xda][0x16][0x9f][0x83]{[0x5][0xa3][0x9][0xc1][0x15][0x8c][0x88][0x14]I[0xbf][0x9c]bj[0xa0][0xa3][0x4][0x8d][0x15][0x9c]9[0x5]_[0x95]CG[0x97]"[0xe6][0xcf]p[0xba][0x14][0x11][0x82][0xf4][0xca][0xd3]H'n[0xb8][0x95][0x16][0xe5]e[0x96][0x94][0x16][0xa5]*[0x84][0xe4][0x17]`[0xd4][0xdb][0x8][0xd9][0x94][0xc4][0xa2]L[0x5][0xaf][0xd4][0x82][0xc4]"[0xd0][0xa0][0x0]tY[0x94]!(u[0x10][0xd3][0xe5]7AZHI[0xa3]r[0x1e][0xe9][0xdc]iZ[0xd9][0x80][0xd1]U[0xa0][0xa4]&[0xa1][0xe1]t[0xa0][0x89])bl`0[0xa5]:D[0xcf][0x4][0x91][0xae]h[0x9a][0xea][0x90][0xd6]oRu[0x8b][0xb6][0x9][0xd2][0x1a]Lh[0x0][0xd3]h[0x94][0xd1][0x84][0xe8][0xf3][0xc4])[0xee][0x2]!-[0x90][0xa4][0xb5][0x9f][0x6][0xf7][0xe8][0xe][0xd2][0x8a]Gj[0xdf][0xd5]`b[0x86][0xc8][0x3][0x83][0xb1]5[0x85]4[0xa6]=([0x9d][0x87][0x18]8[0x1e][0x94][0xce]C[0xf4][0x84][0xb1];[0xf]Q[0xd3][0xd3][0xaf][0x5][0x82][0xb4][0xe][0x91][0x16][\r]dsDU[0x83][0xdd][0xcf][0x3][0xdb]=@:[0x81][0x0][0xbb][0xf3][0x6]"J[0x90]&Z[0xe0][0x9b]%![0x9b]Z[0xb0][0x1d][0x92][0xe9][0x98][0x9c]\Z[0x9c][0x98]W[0x92]Y[0x9a][0xab][0x90][0xf][0xba]?[0x1][0xba][0xa5][0xae][0x18]ia[0x5][0xea]6:[0xf4]I?[0xa4]CdL[0x91]N-[0x9][0xae][0xcc]K-J[0xcf][0x4]o[0xf1][0x83].L[0x8][0xce][0xc8]O[0x5]][0xfd][0x85][0xba][0xcf][0xc3][0x15][0xbc][0x9f][0xf][0xb4][0xa7][0x8f]L;[0x11][0xf9][0x82][0xb6]5[0x8b])[0xd2]1 [0xb4][0xb6][0x9][0xd1][0x18][0xc]([0xca]O)M.Qp,[0xcd][0xc9]LT0[0xc6]hD[0x83]n[0xad]+[0x80][0xaa]I[0x84][0xab][0x81]6[0xa1][0xf1]5[0xf9]Q[0xe2][\r][0x91][0xcf][0xe8]c[0x1f][0xa2][0xa2][0xa2][0x8f]}[0x88][0xd1])[0x1a][0xda][0x17][[0xcb][0x5][0x0][0x0][0x0][0xff][0xff]"
05:47:20.908 [main] DEBUG org.apache.http.wire -  << "[\r][\n]"
05:47:20.909 [main] DEBUG org.apache.http.wire -  << "A[\r][\n]"
05:47:20.909 [main] DEBUG org.apache.http.wire -  << "[0x3][0x0][0x82]:[0x18][0xc3][0x9d][0xba][0x1][0x0]"
05:47:20.909 [main] DEBUG org.apache.http.wire -  << "[\r][\n]"
05:47:20.910 [main] DEBUG org.apache.http.wire -  << "0[\r][\n]"
05:47:20.910 [main] DEBUG org.apache.http.wire -  << "[\r][\n]"
05:47:20.910 [main] DEBUG io.restassured.internal.RestAssuredHttpBuilder - Parsed data to instance of: class org.apache.http.conn.EofSensorInputStream
05:47:20.918 [main] DEBUG org.apache.http.impl.conn.BasicClientConnectionManager - Releasing connection org.apache.http.impl.conn.ManagedClientConnectionImpl@233789d9
05:47:20.918 [main] DEBUG org.apache.http.impl.conn.BasicClientConnectionManager - Connection can be kept alive indefinitely
05:47:21.069 [Finalizer] DEBUG org.apache.http.impl.conn.DefaultClientConnection - Connection 0.0.0.0:60317<->149.248.193.56:443 closed
05:47:21.088 [main] DEBUG net.thucydides.core.steps.StepInterceptor - STEP DONE: I send HTTP GET request
  &amp#27;[32mWhen &amp#27;[0m&amp#27;[32mI send GET HTTP request&amp#27;[0m                             &amp#27;[90m# starter.stepdefinitions.UserSteps.iSendGETHTTPRequest()&amp#27;[0m
05:47:21.095 [main] DEBUG net.thucydides.core.steps.StepInterceptor - STARTING STEP: UserSteps.iReceiveValidHTTPResponseCode - I receive valids HTTP response code 200
05:47:21.096 [main] DEBUG net.thucydides.core.steps.StepInterceptor - STEP DONE: I receive valids HTTP response code 200
  &amp#27;[32mThen &amp#27;[0m&amp#27;[32mI receive valid HTTP response code 200&amp#27;[0m              &amp#27;[90m# starter.stepdefinitions.UserSteps.iReceiveValidHTTPResponseCode()&amp#27;[0m
05:47:21.102 [main] DEBUG net.thucydides.core.steps.StepInterceptor - STARTING STEP: UserSteps.iReceiveValidDataForOneDetailProduct - I receive valid data for one detail product
05:47:21.103 [main] DEBUG net.thucydides.core.steps.StepInterceptor - STEP DONE: I receive valid data for one detail product
  &amp#27;[32mAnd &amp#27;[0m&amp#27;[32mI receive valid data for one detail product&amp#27;[0m          &amp#27;[90m# starter.stepdefinitions.UserSteps.iReceiveValidDataForOneDetailProduct()&amp#27;[0m
05:47:21.106 [main] INFO  - 
  _____   ___   ___   _____     ___     _     ___   ___   ___   ___  
 |_   _| | __| / __| |_   _|   | _ \   /_\   / __| / __| | __| |   \ 
   | |   | _|  \__ \   | |     |  _/  / _ \  \__ \ \__ \ | _|  | |) |
   |_|   |___| |___/   |_|     |_|   /_/ \_\ |___/ |___/ |___| |___/ 

GET - As admin I can get one detail product data
----------------------------------------------------------------------
]]></system-out>
  </testcase>
  <testcase name="GET - As admin I cannot get one detail product data" classname="User" time="0.905">
    <system-out><![CDATA[
@TC-006
Scenario: GET - As admin I cannot get one detail product data &amp#27;[90m# src/test/resources/api/user.feature:28&amp#27;[0m
05:47:21.122 [main] INFO io.cucumber.core.plugin.SerenityReporter - Running feature from file:///C:/Users/Lenovo/IdeaProjects/MiniProject/MiniprojectApi/src/test/resources/api/user.feature
05:47:21.123 [main] WARN io.cucumber.core.plugin.SerenityReporter - Feature from file:///C:/Users/Lenovo/IdeaProjects/MiniProject/MiniprojectApi/src/test/resources/api/user.feature is not under the 'features' directory. Requirements report will not be correctly generated!
05:47:21.127 [main] INFO  - 
  _____   ___   ___   _____     ___   _____     _     ___   _____   ___   ___  
 |_   _| | __| / __| |_   _|   / __| |_   _|   /_\   | _ \ |_   _| | __| |   \ 
   | |   | _|  \__ \   | |     \__ \   | |    / _ \  |   /   | |   | _|  | |) |
   |_|   |___| |___/   |_|     |___/   |_|   /_/ \_\ |_|_\   |_|   |___| |___/ 

GET - As admin I cannot get one detail product data(user;get---as-admin-i-cannot-get-one-detail-product-data)
--------------------------------------------------------------------------------
05:47:21.216 [main] DEBUG net.thucydides.core.steps.StepInterceptor - STARTING STEP: UserSteps.iSetUnmatchedGETApiEndpointsById - I set unmatched GET api endpoints by Id
05:47:21.216 [main] DEBUG net.thucydides.core.steps.StepInterceptor - STEP DONE: I set unmatched GET api endpoints by Id
  &amp#27;[32mGiven &amp#27;[0m&amp#27;[32mI set unmatched GET api endpoints by Id&amp#27;[0m               &amp#27;[90m# starter.stepdefinitions.UserSteps.iSetUnmatchedGETApiEndpointsById()&amp#27;[0m
05:47:21.220 [main] DEBUG net.thucydides.core.steps.StepInterceptor - STARTING STEP: UserSteps.iSendGETHTTPRequest - I send HTTP GET request
05:47:21.222 [main] DEBUG net.thucydides.core.steps.StepInterceptor - STARTING STEP: GetAllProduct.iSendGETHTTPRequest - I set the GET api endpoints
05:47:21.222 [main] DEBUG net.thucydides.core.steps.StepInterceptor - STEP DONE: I set the GET api endpoints
05:47:21.236 [main] DEBUG org.apache.http.impl.conn.BasicClientConnectionManager - Get connection for route {s}->https://altashop-api.fly.dev:443
05:47:21.236 [main] DEBUG org.apache.http.impl.conn.DefaultClientConnectionOperator - Connecting to altashop-api.fly.dev:443
05:47:21.495 [main] DEBUG org.apache.http.client.protocol.RequestAddCookies - CookieSpec selected: ignoreCookies
05:47:21.495 [main] DEBUG org.apache.http.client.protocol.RequestAuthCache - Auth cache not set in the context
05:47:21.495 [main] DEBUG org.apache.http.client.protocol.RequestTargetAuthentication - Target auth state: UNCHALLENGED
05:47:21.495 [main] DEBUG org.apache.http.client.protocol.RequestProxyAuthentication - Proxy auth state: UNCHALLENGED
05:47:21.495 [main] DEBUG org.apache.http.impl.client.DefaultHttpClient - Attempt 1 to execute request
05:47:21.495 [main] DEBUG org.apache.http.impl.conn.DefaultClientConnection - Sending request: GET /api/products HTTP/1.1
05:47:21.495 [main] DEBUG org.apache.http.wire -  >> "GET /api/products HTTP/1.1[\r][\n]"
05:47:21.495 [main] DEBUG org.apache.http.wire -  >> "Accept: */*[\r][\n]"
05:47:21.495 [main] DEBUG org.apache.http.wire -  >> "Host: altashop-api.fly.dev[\r][\n]"
05:47:21.495 [main] DEBUG org.apache.http.wire -  >> "Connection: Keep-Alive[\r][\n]"
05:47:21.495 [main] DEBUG org.apache.http.wire -  >> "User-Agent: Apache-HttpClient/4.5.13 (Java/14.0.2)[\r][\n]"
05:47:21.495 [main] DEBUG org.apache.http.wire -  >> "Accept-Encoding: gzip,deflate[\r][\n]"
05:47:21.496 [main] DEBUG org.apache.http.wire -  >> "[\r][\n]"
05:47:21.496 [main] DEBUG org.apache.http.headers - >> GET /api/products HTTP/1.1
05:47:21.496 [main] DEBUG org.apache.http.headers - >> Accept: */*
05:47:21.496 [main] DEBUG org.apache.http.headers - >> Host: altashop-api.fly.dev
05:47:21.496 [main] DEBUG org.apache.http.headers - >> Connection: Keep-Alive
05:47:21.496 [main] DEBUG org.apache.http.headers - >> User-Agent: Apache-HttpClient/4.5.13 (Java/14.0.2)
05:47:21.496 [main] DEBUG org.apache.http.headers - >> Accept-Encoding: gzip,deflate
05:47:21.890 [main] DEBUG org.apache.http.wire -  << "HTTP/1.1 200 OK[\r][\n]"
05:47:21.890 [main] DEBUG org.apache.http.wire -  << "content-type: application/json[\r][\n]"
05:47:21.890 [main] DEBUG org.apache.http.wire -  << "date: Mon, 08 May 2023 22:56:12 GMT[\r][\n]"
05:47:21.890 [main] DEBUG org.apache.http.wire -  << "transfer-encoding: chunked[\r][\n]"
05:47:21.891 [main] DEBUG org.apache.http.wire -  << "content-encoding: gzip[\r][\n]"
05:47:21.891 [main] DEBUG org.apache.http.wire -  << "server: Fly/3f2597ca (2023-05-03)[\r][\n]"
05:47:21.891 [main] DEBUG org.apache.http.wire -  << "via: 1.1 fly.io[\r][\n]"
05:47:21.891 [main] DEBUG org.apache.http.wire -  << "fly-request-id: 01GZYS8QJEKK2KDQMQZP7D65SZ-sin[\r][\n]"
05:47:21.891 [main] DEBUG org.apache.http.wire -  << "[\r][\n]"
05:47:21.892 [main] DEBUG org.apache.http.impl.conn.DefaultClientConnection - Receiving response: HTTP/1.1 200 OK
05:47:21.892 [main] DEBUG org.apache.http.headers - << HTTP/1.1 200 OK
05:47:21.892 [main] DEBUG org.apache.http.headers - << content-type: application/json
05:47:21.892 [main] DEBUG org.apache.http.headers - << date: Mon, 08 May 2023 22:56:12 GMT
05:47:21.892 [main] DEBUG org.apache.http.headers - << transfer-encoding: chunked
05:47:21.892 [main] DEBUG org.apache.http.headers - << content-encoding: gzip
05:47:21.892 [main] DEBUG org.apache.http.headers - << server: Fly/3f2597ca (2023-05-03)
05:47:21.892 [main] DEBUG org.apache.http.headers - << via: 1.1 fly.io
05:47:21.892 [main] DEBUG org.apache.http.headers - << fly-request-id: 01GZYS8QJEKK2KDQMQZP7D65SZ-sin
05:47:21.892 [main] DEBUG org.apache.http.impl.client.DefaultHttpClient - Connection can be kept alive indefinitely
05:47:21.893 [main] DEBUG io.restassured.internal.RestAssuredHttpBuilder - Parsing response as: application/json
05:47:21.893 [main] DEBUG org.apache.http.wire -  << "240[\r][\n]"
05:47:21.893 [main] DEBUG org.apache.http.wire -  << "[0x1f][0x8b][0x8][0x0][0x0][0x0][0x0][0x0][0x4][0xff][0xaa]VJI,IT[0xb2][0x8a][0xae]V[0xf2]tQ[0xb2]241[0xb1]0[0xd2]Q[0xf2]K[0xcc]MU[0xb2]RJI-N.[0xca],([0xc9][0xcc][0xcf]S[0xd2]QrA[0xe2]Y))[0xe9]([0x5][0x14]e&[0xa7]*Y[0x19][0xe8]([0x5]%[0x96]d[0xe6][0xa5][0x17]+Y[0x99][0xe8](9'[0x96][0xa4][0xa6][0xe7][0x17]e[0xa6][0x16]+YE[0xc7][0xd6][0xea] [0xc]6[0x86][0x1b][0xec]Y[0x90][0x91][0x9f][0x97][0xaa]`h[0xa8]`f[0xa2][0x90][0x9e][0x84]axANb[0xa5]BFb[0xb1]B^[0xbe]BNfnfI1[0xc2]:#KK$[0xb][0x8d][0xd0],[0x84][0xda]fdjb[0x8][0xb7][0xcd]=173/[0x1d][0xc3][0x12][0xb7][0xfc]"[0x85]t[0xb0][0x94]BAiQA~qj[0xb1]R-[0x8a][0x83]-[0xe0]F[0xb8][0x95][0x16][0xe5]e[0x96][0x94][0x16][0xa5]*[0x84][0xe4][0x17]`[0x9a][0x4][0x97]MI,[0xca]T[0xf0]J-H,JD[0xb8][0xd8][0xd0][0x4][0xd9][0xc5][0xa6]h.F[0xb1][0xd1][0x4]ncp~^[0xa5]B@[0xb0]![0x86]e[0xf8][0xc2][0xc6][0x4]%l[0xc][0xd1]l[0xa2]j[0xd8][0x98][0x12]v)"[0x4][0x90][0x93][0x88][0x1]-]e[0x6]w[0x15][0x15]c[0xc][0xdd][0xc5][0xc8]1f[0x89]Hf.a.[\n]"
05:47:21.893 [main] DEBUG org.apache.http.wire -  << "[0xbe][0xa5][0xe9][0xa9]y[\n]"
05:47:21.893 [main] DEBUG org.apache.http.wire -  << "!E[0x89][0x99][0xf8]r[0x8c][0xa1][0x91][0x81][0x81][0x1][0xbe]0A[0xb1][0x1][0x91][0x1f][0x13][0xf3][0x12][0xb3][0x15][0x12]+[0x13]s1[0x12]Eqiq[0xa9][0x2]H[0x1a][0x11][0xe6][0x96](i[0x1][0xaf][0x1f][0xcc][0xe1][0xa1][0x16][0xe1][0xe4][0x1f][0x81][0x99][0xe4][0x10]9[0x5]a<jR3[0xa6]a[0xa4][0x82][0xfc][0x1]-[0x90][0xb0];[0xf][0x97][0xa3][0xd0][0xfd]L[0xc5][0xf4]o[\n]"
05:47:21.893 [main] DEBUG org.apache.http.wire -  << "[0x8a]>[0xa8][0xa3]h[0x13][0xef][0xa6][0x6][0x88][0x94][0x5][0x8a]X[0xea][0xc7][0xbb][0xa9][0x1][0xad]S[0x96][0xa9][0x1][0xa2][0xc8][0xa7][0x91][0x1f],[0x10]e[0xb4]SQbrjNj[0x9]F[0xe6][0xf0]MLIU[0xc8]OS[0xc8][0xc8]L[0xcf]P(,M[0xcc][0xc9],[0xa9]T(HM,[0xca]A[0xae]V[0x8c][0x88][0xcb][0x90][0xc6][0xc6]f[0x18][0x85][0xb4])[0x86][0x95][0xf8][\n]"
05:47:21.893 [main] DEBUG org.apache.http.wire -  << "i[0xd4][\n]"
05:47:21.893 [main] DEBUG org.apache.http.wire -  << "[0xc]w[0x8d]illf[0x9][0xcf][0x98]%[0xa9][0xc5][0xa0]*V[0xa1][0xa0](?[0xa5]4[0x19][0xd3][0x8f]%[0x19][0x99][0xc5][\n]"
05:47:21.893 [main] DEBUG org.apache.http.wire -  << "[0x99][0xc5][\n]"
05:47:21.893 [main] DEBUG org.apache.http.wire -  << "%[0x19][0xa9]05[\n]"
05:47:21.893 [main] DEBUG org.apache.http.wire -  << "[0xa8][0xd5]7[0x96][0xda][0x1a]=[0xd7]"[0x8a][0x1d]ccsD[0xf2][0xa3][0x9a][0xdd][0x86]h[0xc5][0x1e][0xee][0xaa][0xd0][0xd8][0xd8][0x1c][0x91]8[0xa9]j?R[0xdb][0x1][0xaf][0xf5][0x88]H[0xa6][0xaa][0xf5][0xc8][0x89][0xc][0xaf][0xfd][0x88]2[0x99]f[0xf6][0xa3][0x97][0x8f]([0xd1][0x8f][0xc8]W[0x98][0xf6][0x3][0x0][0x0][0x0][0xff][0xff]"
05:47:21.893 [main] DEBUG org.apache.http.wire -  << "[\r][\n]"
05:47:21.895 [main] DEBUG org.apache.http.wire -  << "478[\r][\n]"
05:47:21.896 [main] DEBUG org.apache.http.wire -  << "Bm[0x9][0x12][0x9d][0xf4][0xd0][0xa3][0x1f]_[0xd2]7[0xa7]A[0xd2]G[0xb7][0x1f][0x9f][0xff]-[0xc][0xa8][0x9f][0xf5][0xd0][0xed][0xc7][0x97][0xfd][0x90]Z[0xe1]4[0xb][0xbc][0xfe]G[0x94][0xdc][0x3]c?"[0xff]y[0x4]([0xe4]f[0x96][0xe4]c[0xa4];p[0x19][[0x92]Z[0x94][0x94][0x98][0x99][0x8d]h[0x2][0x98][0x9a][0x99]#eq[0xbc]^Dd1[0xd2][0xda][0x15][0xe8][0xf9][0x96]z[0xed][\n]"
05:47:21.896 [main] DEBUG org.apache.http.wire -  << "cc[0xb]D[0xba][0x87][0xf6][0x0]([0xa9]\[0xf0][0xa5]0KD[0xc][0x7][0x4]+`[0xda][0x92][0x9e][0x98][0x9b][0xaa]`[0xaa]P\[0x92]X[0x84][0x8]][0xd4]V[0x1f][0xbe][0xc]l[0x89][0x88]@[0xba]4[0xc5][0x8d]M[0x90][0x9a]dT[0x8]:<)[0xc7][0x4][0xa9]iF/[0xbf]!"[0x8b][0xd6]~C[0xc4][@QbrIfrb[0x8e]Bx~~Jj[0x9e][0x82]w^fZ*F>t[0xcc][0xc9]L,VH+MOT(-[0xd1]C[0xa4][0x15]CP[0x84][0xc0]G[0x6][0xf0][0x86]'"'Rod[0x0][0xaf][0x85][0x88]\[0x6][0xb3][0xd0][0x88][0xe2][0xa1][0x8]|[0x16][0x1a]"[0xaa][0x13][0x98][0x85][0x94][0x8f]}[0xe0][0xb5][0x10][0xd1]|[0xa3][0x93][0x85][0x18][0x3][0x2][0xe6][0x18])[0x5]\b[0x13]5[0xac][0x83][0xd7]k[0x88][0xd4][0x12][0x90][0x98][0x93][0xe8][0x93][0xef][0x3][0x1a]kAm[0x93][0xc0]m[0xc2]2zdl[0x8c]TA[0xe0])[0xc2]L[0xc][0x11]m rKH[0xbc][0xfe]@$BZ[0x18][0xf][0xea][0xcf]@{[0xa8]t[0xea][0x19][0x99][0x18]![0x12][0x1d]M|[0x84][0xe8][0x12][0xd0][0xc4]xD[0x19]K[0xb7][0x0]C[0x14][0xb6]t[0xb3][0x12][0x91]O[0xa9]i%[0xbe]|d[0x84][0x18][0x95][0xa3][0xa6][0x95][0xf8][0xf2][0x96][0x11][0xa2][0x8c][0xa0]q}i[0x84][0xc8][0xc5]4j[0xa8][0x9a][0x18]#*[0xf]Z[0x86][0x1f][0xac][0x19]ka[0x88]H"[0x8e][0xc9][0xc9][0xa9][0xc5][0xc5][0x90][0xd1]|[0x8c]~_[0xbe]Bj^Fb^r[0xaa]Bb[0x1]h8[0x5][0xc4]D[0x1e]A761F[0x14][0x8][0xc5][0xa9][0x5][0xa9])[0x98][0x5]ubf%H[0x10]:8ad[0x8a][0xdc]?[0xc6][0x17][0xc1][0xc6][0x88][0xb2][0x80][0x96]a[0x82][0xd4]%6[0x1][0xd5][0x1b][0xd0][0x2][0x95][0xda][0x9e][0xa1]1`[0x8c][0x88][0xe3]`p[0xcc]([0xf8]d[0x16][0x97][0x14][0x81]{R[0xa8]U)T:[0x7]"[0xad][0x90][0x97][0x9e][0x9a]T[\n]"
05:47:21.896 [main] DEBUG org.apache.http.wire -  << "[0x1a]"=[0xca][0x10][0xc5][0x0][0xd4]L[0xa8][0x95][\n]"
05:47:21.896 [main] DEBUG org.apache.http.wire -  << "N[0x89]9[0x89][0x98][0xb3]*PE[0xa8][0x16]+$%[0xe6][0xa5][0x83][0xc7][0xf8][0xa0][0xf6][0x9b][0x12][0x9f]d[0x10]e[0x2][0xdd][0x92][0xc][0xa2][0x5]A7+[0x11][0xe5][0x11][0xbd][0xac]4A[0x94]OA[0xa5][0xc5]%[0x99][0xc9][0xb0][0xfe][0x82]S"[0xe6][0xac][h[0x89]BjQQ~[0x91]BQjriqb^Jb[0xaa]BA~qqfni[0xb1]Bn~[0xe]h[0x9c]31U[0xa1]85E!3[0xb7] 5%[0x93][0xbc].[0x5][0xd2][0xf4][0x1f][0xa2][0x1b][0xe3][0x93][0x99][0x97][0x9a][0xa7][0xe0][0x94]_R[0x92][0x83][0xa5][0x1b]SZ[0xa2]P[0x90]ZT\[0x90][0x99][0x9c][0x99]X[0x92]Y[0xac][0x90][0x92][0x9f][0x93]_[0x94][0xaa][0x90][0x92][0x99]\[0x92][0xa8]P[0x90]_T[0x94][0xaf][0x90]YP\[0x9a][0xab][0x90][0x9a]HV/[0xc7][0x84][0xfe]E[0x96][0x9][0xa2]I[0x13][0x9c][0x93][0x9a][0x9a][0xad][0x0][0x9][0x1][0xf7][0x9c][0xfc][0xb2]T[0xd0][0xd8]7jN[0xf7]OK[0xcb]L[0xce][0xcc],VH[0xce][0xcf]+N-,M,)-RH[0xcc][0xcb][0xcc][0xcd][0x84]GL[0xb1]BY~NiAIbI[0xaa]BJjNj^fI&y[0x81]A[0xff]"[0xcf][0x4]Q[0xe4][0xb9][0xe7][0x17][0xa5][0xa7][0xe6][0x97][0x16]+[0x4][0x95]&%[0xa5][0x16])8[0x83][0xc7]8[0xd0]B#%[0xb3][0x4][0x92][0x6]Js[0x15][0x12]A[0x89][0x3][0x9c][0x4]r[0x12][0x93][0xf2][0x8b]2[0xf3][0x8b][0x13]s[0x15][\n]"
05:47:21.896 [main] DEBUG org.apache.http.wire -  << "K3[0x15][0x12]s2[0xb]K3S[0x14][0x8a][0xc9]M[0xa7][0x88]B[0x11][0x91]N[0xdd][0x8b][0x12][0xf3]2KR[0x15][0x9c][0xf3][0x13]A%-[0xaa][0xbb]\K@}[0xed][0xcc][0xc4][0x12][0x85][0xfc][0xdc][0xbc][0xcc]b[0x85][0xdc][0xcc][0xbc][0xcc][0xdc]D[0x85][0xbc][0xd2][0xdc][0xc2][0xd2][0xc4]\[0x85][0xe2][0xd2][0xe2][0xe4][0xcc][0x2]r][0x83]("[0x83]+[0xf3]R[0x8b][0xd2]3a[0xd9]9G!8#[0xb3][0x8][0xab]kR[0x8b]K[0xe0][0xa9]"3[0xa9][0xb4]X[0xa1] '195[0xb1]D![0x95][0xbc][0xac][0xb]*[0xd0][0xa1][0xf5][0xac][0x2][0x8d][0xba][0x90][0xa6][0x88][0xac]HV[0xf3][0x90][0xd8]V[0x8a])R[0xfe][0x83][0xcc][0xe7]c[0x8e][0xb3][0xc1][0xbb][0xaa][0x4][0xd7]:[0xe0]k[0xf][0x99][0xd2]??[0x99]"[0xf2][0x13][0xbd]j[0x1a]SDn[0xa1][0x9b][0x95][0x88],A7+[0x11][0xad][0x6][0xb2]R'[0xea][0x4]#[0xde]T[0x83]h,[0xd0][0xd8]&3D[0x1b][0x1]j[0x13][0xe6]2[0x3]|9[0x1]u[0xe0][0x19][0xdd]O[0xb0][0xae][0xb][0xe5][0xab]~[0x8c]M[0xcc][0x10]}[0x16][0xa8]Ki[0x95]g[0xcd](,[0x85][0x88][0x8f]g3[0xba][0x95]C[0xd4][0x9d][0x1c]G[0x8f]g[0xe4][0xee][0x98][0x19][0xa2][0xf8][0xa1]u<!J[0x1d][0xa8]M[0x83]6[0xed]"[\n]"
05:47:21.896 [main] DEBUG org.apache.http.wire -  << "+[0x9c].E[0xc][0xd0][0xe3][0xab][0xc5][0xa8][0x9a][0xa3]0[0xca]3J[0xc2][0x8f][0x86][0xb3]o&H[0xb].[0x6]Q[0xf8][0x99]c[0x94][0x9d][0xb4]*[0x91][0x90][0x16]}[0xf8]%[0x16]g*[0xb8]$[0x96][0xe6])x[0xa5][0x16][0x95][0x82]&X[0x11][0xcd]P[0x0][0x0][0x0][0x0][0xff][0xff]"
05:47:21.896 [main] DEBUG org.apache.http.wire -  << "[\r][\n]"
05:47:21.897 [main] DEBUG org.apache.http.wire -  << "5A4[\r][\n]"
05:47:21.897 [main] DEBUG org.apache.http.wire -  << "[0xca]S[0xb2]R[0x2][0xcb][0x97][0xa7][0xe6]%fg+[0x94][0xa4][0xe6]%[0xe6])[0xe4][0x96][0x16][0xe5][0xa6]"[0xcd][0x15][0x1a]Z[0xe2]_[0xe4][0x6]Kb[0x16][0x96][0x88]T[0x9b][0x9c][0x9f]W[0x92][0x9f][0xa1][0x9b][0x8c]XC[0x8a]>[0xea][0xe4][0x96]X[0x9c][0x91][0x99][0x9f][0x97][0x98][0x94][0x93][0x8a]:[0xd6][0x84][0xb4]`[0x4][0xec]6[0x84][0xdb][0xc1]K[0xa7][0x14][0xd2][0xf3][0x8b]R[0xb1][0xac][0x2][0x5][0xab][0xa5][0x92]?[0x10][0xe9][0x9c][0xb0]?0U [0xad]=561[0xa7][[0x89]mN[0xb7]r[0xd4][0x1c][0x11][0xcf][0xd0][0xdc]E[0xb3]tL[0xb7]v[0x8d][0x5][0xdd]Z[0xb][0x16][0x88][0x14][0x11][0xe1][0x94]_[0xa1][0x80]Y[0x86][0xd2][0xbf]d[0xb7]@[0xf4]:p[0xb8][0x89][0xf0][0xd2]Q[0xf4]:[0x1e]V,P[0xa3]-[0x87][0xb4]:pp[0xba][0x8f]n[0xe9][0x14]i[0x9d]2[0x8e][0x90]@[0xa4][0x1e][0xfa][0xb5][0xb5]-[0x11]-[0xe0][0xc1][0xe4]*DN[0xa3]q9[0x85][0xb4]H[0x6][0xfb][0x12][0xa4][0x81][0xcd]>[0x96][0x88][0x86]/v[0xe7][\r]H[0x9a]A[0xd4][0xb2][0xd8][0x1d]5[0xa0]a[0x86][0xbc]0[0x1c][0xbb][0xf3]p[0x85][0x19][\r][0xdb][0xb5][0xc8]k[0xc9]i[0x9b][0xa2][0x91]W|c[0xf7][0xfe][0x0][0xc7][0xe][0xa2][0xb1][0x83][0xdd]y[0xb8]b[0x87][0x86][0xb5][0x94][0xa9][0x1]"[0x9b][0xd1]:v([0xcf];[0xb4]L[0xa6]H[0xab][0xa4][0x6]O[0xec][0x18]"Zx[0xd8][0x1d]5[0xb0])[0xda][0x10]QYaw[0xde]@[0xa4]hCD[0xbb][0x90][0xc6])[0x1a]i[0xad][0x2][0xad]m[0xa2][.5[0xa4]W?[0xc9][0x14]i[0x85][0x1b][0x8d]C[0xf]i5[0x1a][0xad]mB[0xb4])im[0x13][0xdd]R[0xb9][0x11][0xa2][0xda][0xa2][0xb5][0x9f][0xe8][0x96][0xca][0xe9][0xb6]D[0xcb][0xd4][0x8]Q[0xeb][0xd1]:[0xf4][0xe8][0xd5][0x9f]3EZ[0x13]Fc?![0xad][0xe1][0xa2][0xb5]M[0x88][0x9c][0x8b][0xbd]*[0x1b][0xd8][0x9a][0xd6][0x18][0x91][0xdd][0xb1];o jZ[0xe4]u\4[0x9d]a65[0xa6][[0xc9]`[0x8c][0xa8][0xff]<[0x2][0x14][0x9c]A[0x8b]p2[0xb1]lP[0xc9]I-([0xc9]/P[0xc0][0xd8][0x1]d[0x9][0x2]HK[0xbc][0xd1][0x9b][0xee]H[0x93]H[0xa6][0xc6]T-[0x1a][0xd0]7[0xdc]#[0xdb][0x84][0xb4]Hj 6T![0x8f][0xa6]Q[0xcd]~|[0x13]H(~GdlBv#[0xf2][0x10]h[0xb7][0x1c][0x91][0xb1][0x88][0xb4][0xcc][0x89][0x90][0xf9]doV[0xc4][0x97][0x8a]L[0x10]%[0x3]U[0xed]'[0xd6][0xfb][0x88][0x9c]IU[0xeb][0x89][0x8e]^D&[0xa2][0x99][0xfd][0xe8][0xdd]N[0x94][0xe4][0x85][0xa8]uif?[0xbe][0xe8]GZ[0xb0]40[0xf6]#z[0xa8]4[0xb3][0x1f][0xfd][0x9c][0x15][0xe4][0xf0]GZME3[0xfb][0xf1][0x86]?[0xa2][0xb]<0[0xf6][0xd3]([0xfb][0x13][0x9b][0xff][0x90][0x16]b[\r][0x8c][0xff][0x11][0xe5][0xf][0xac][0x85]hjJ[0xa3][0xa9]=SSD[0xe3][0x80][0xba][0xab][0xf0]MM[0x11][0xc5][0x98]g^IjNNfzj^[0x89]BpIj*h[0xf5]c>[0x96][0x15][0xb3][0x9e])[0xa0][0xf3]$[0x8a]3[0x15][0xf2][0x12]KJ[0x8b]A[0xb]BADb1YkbMM[0x11][0xe5][0x18],[0x1c]i[0xb3][0xfe][0xd1][0x14]s5[0x16][0xad][0xa2][0x8b]n[0xab][0xa9]L[0xe9][0xb6][0x9a][0xca][0x94]nk[0x9c][0xc0]{[0xd9][0xa1]Kai[0x9d]"[0x10][0x89][0xdf]5/[0xbf]([0x17][0xb4]8: '[0x11][0xbc][0xfc][0xd7]9#1[0x13][0xb4][0xae][0x3]u[0x1]H[0x18]d!8[0xe8][0xd4][0x91][0x92]T[0x85][0xbc][0xfc]<[0xd0][0xb9]#e[0x99])[0xa0]<[0x93]ZL[0xd6][0xd2]_S[0xa4][0xf5]7.[0xa5]E[0xa0]5[0x1e][0xa0][0xad][0x4]9[\n]"
05:47:21.897 [main] DEBUG org.apache.http.wire -  << "[0xd8]][0x10][0xc]][0xea][0xac]PX[0x9a][0xaf][0x80][0xb4].;3[0x8f][0x9c]%[0xe9][0xa6]t[fc[0x8a][0xb4][0xcc][0x86][0xc6][0xd1]J[0xb7]e$[0xa6]t[FbJ[0xb7]e$[0xa6]H[0x87][0x90][0xd0]8[0x9e][0x90][0x8e][0x1b][0x9][0x8]6[0xc1],[0xf5][0x8b]M[0x14][0x92][0x12][0x8b]J[0x11][0xbd]#c[0xfc]k[0xab][0x90][0x9b]gt[[0xa2]b[0x8a]th[0x9][0xad][0xc3][0xb][0xd1][0xe4][0xa3][0xb5]M[0x88][0xc6][0x1d][0xad]m[0xa2][0xdb] [0xaf][0x5]f[0x83][\r]3[0xc9][0x11]}[0x4]#[0xbe][0xa6][0xb9][0x5][0xa2][0xb5]F[0xeb][0xd0]CT`[0xb4][0xb6][0x89]n[0xcd]4Kz-[0xfc]4EZ[0x1e]D[0xe3][0xd0]CZ[0xf2]Ck[0x9b][0xe8]VFX"[0xca][0x8][0xaa][0x97][0xde][0x96]t+[0x15][0x90]V[0xfb][0xd0]:f[0xe8][0x95]W[0xcd][0x90]N[0xea]q-J[0xcf][0xcf][0xcb][0xcf][0xcd]LVp[0xcc])[0xcd][0xcd][0xcc]+[0xcd][0xc5][0xba][0xed][0xcf][0xb1][0xb4]D!)5[0xb1]$1[0x15][0xbe][0xa9]-5W!7[0xb1]"37U!/57_!3'[0xa7]4[0x17][0xb4][0xe1][0xf][0xdc][0xf7]#[0xa7][0xa9]if@[0xaf]b[0xd1][0xcc][0x80]^[0x85][0x95][0xd9][0xe0]^'a6[0x18][0xd7]I[0x98][0xd1]k[0x9d][0x84][0x89][0x9]RUB[0xab][0x93]8[0xe9][0x95][0xd2]L[0x91][0xf6][0xb][0xd0][0xba][0xa0][0xa2][0x97][0x9f][0xcc][0x90][0xce]b[0xa5][0xad][0x9f][0xcc][0xc][0x10][0x95][0x15][0xad]m[0xa2]W[0xd5]efH[0xaf][0x6][0xad][0x19][0xd2][0x8a][0x19][0xec][0x93][0xc0][0x3]:Gm[0x86][0xb4][0xcc][0x6][0xbb][0xf3][0x10]=H[0xba][0xad][0xf2]6C:[0x16][0x8a][0xc6])[0xce][0x8][0xd1][0xe4][0xb][0x8]64[0xa0][0xa0]S[0x83]~[0x9e][0x11]|W[0x2]R5[0x7]9<[0x1e][0xc3][0x92]4[0xfc][0xe7][0xca][0x1b][0x9b][0x19][0xd1]-[0x7]"[0x9d][0xbc][0x94][0x9d]Y[0x90]X[0xac][0x90][0x98][0x97][0x8e][0xe5]d[0xf2][0xdc][0xd4][0xbc][0xf4][0xd4][0x9c][0xd2][0xc4][0xa2][0xec][0xc4]<[0x88][0x12][0x85][0xe2][0xc4][0xbc][0xf4][0xc4][0x12][0x85][0xec][0xd4][0xbc][0xe4]D[0xf0][0xae])[0xe8]q+[0xf8][0xf][0xf5][0x83][0x87][0x12][0xd2][0xf1][0x1b][0xe4][0x9d][0xbe]ol[0x86][0xb4]>[0x8]~\[0x83]SQ~^U*[0x8e][0xe1]@[0xc8]9[0x84]E[0xa9][0x5][0xa9]99[0xa9]y)[0xa5][0xc5][\n]"
05:47:21.898 [main] DEBUG org.apache.http.wire -  << "[0x89][0xc9][0xa0]#F@[0x7][0x8b][0x14][0x96][0x92]5$o[0x86][0xb4]t[0xc8]75%3?[0xb9]([0x15]4"[0x9]:[0xc][0x11][0xc7]![0x1a][0x8e]`;[0xf3]J2A[0x7][0x85][0x94]([0xe4][0x83][0xcf][0xd4]HT(K[0xcd][0xc9],Q[0xc8][0xcb]O[0xca],&[0xab][0xc5][0x88]t[0xcc][0xd4][0x90][0x8b]I[0xa4][0xb5]JC[0xcf][0xed][0x88][0xb9][0xd5][0xa1][0xe7]v[0xc4][0xb2][0x8b][0xa1][0xe7]vDIN[0xe3]:[0x3]iY[0x97]g^rQjJfRN[0xaa][0x2][0xac][0xa4][0xc9][0xc9]O[0xc6][0xdc][0xfb][0xea][0x9a][0x8]?fE!5/[0x13][0xd2][0x19],[0x6][0xe5][0xef][0xd4][0xe2][0xe4][0xcc][0xd2][0xbc][0x12][0x85][0x94][0xd2]d[0xf0][0x81]F[0x90]3[0x84]r[0xc9][0xca][0xf2]t[[0xda]e[0x86][0xb4][0xe0][0x8a][0xd6][0x81]M[0xb7][0x6]5[0xd2][0x9a] [0x1a][0xfb][0xc9][0x84]n[0xcd]\[0x13]D3[0x97]&[0x19][0x1a]g[0xa3][0x87][\n]"
05:47:21.898 [main] DEBUG org.apache.http.wire -  << "[0xd5][0xb9][0x9][0xe5]C[0x1e][0xc8][0xb7][0xe8][0xe0][0x19]t63[0xa1][0xdb][0xf0][0x12][0xd2][0xca][0x1f][0x1a]'2SD=Dk[0x9b][0x8][0x97][0xbc][0x0][0x0][0x0][0x0][0xff][0xff]"
05:47:21.898 [main] DEBUG org.apache.http.wire -  << "[\r][\n]"
05:47:21.898 [main] DEBUG org.apache.http.wire -  << "2EA[\r][\n]"
05:47:21.898 [main] DEBUG org.apache.http.wire -  << "R[0xc2]wR[0xb][0xd1][0xa7][0x92][0x98]![0xad][[0xa1][0xb5][0x9f](O|[0xc4][0xad][0xc5]3[0xa3][0xdb][0x1a][0xe]3[0xba][0xad][0xac]0[0xa3][0xdb][0xe9]1ft;[0xd3][0xc5][0xc]tK[0x0]]VV[0x98]![0xad]i[0xa0]q*[0xa7][0xdb][0xb2][0x2]3[0xa4]e[0x5][0x1e][0x5][\n]"
05:47:21.898 [main] DEBUG org.apache.http.wire -  << "a[0x99]e[0xf9][\n]"
05:47:21.898 [main] DEBUG org.apache.http.wire -  << "[0x91]FF[0x18]=[0xe1][0xdc][0xd4][0xdc][0xcc][0x9c][0xcc][0xec]L[0x85][0xe2][0x82][0xd4][0xe2][0xcc][0xb4][0xcc]l[0xd0][0x99]"[0x95][0x89]y[0xe9][\n]"
05:47:21.898 [main] DEBUG org.apache.http.wire -  << "[0x89][0x5][0xe0][0x93]F[0xa1][0x9d]Jc[0xd0][0xbd]0([0xa7][0xc5][0xa3][0xd7]DH[0xf3][0xd9]f[0xe6][0xa4]t[0x9f][0xb1][0x9c][0xff][0x8d]''S[0xaf][0xff]jb[0x82]t[0xbf][0x2]4[0xde][0x8d]1[0x2][0x88][0x1a][0xe5][0xa8][0x89][0x89]%)[0x1]B[0xc1])s&&HSD4[0x1a]EF[0xda][0x2][0x1a][0x92][0x98]Q[0xaa][0x90]T[0x9a][0x83][0xe5][0xc]D|[0xe1]F[0xdc][0xaa]I[0x13]S[0xa4][0x81][0x1c]2m"[0xb6][0xa6]31E[0x1a][0xe7][0xa7][0xbd]][0x88]F"4[0xdd][0xd1]fm[0x9f][0x89])[0xbd][0xf6])[0x9a][0xd0]mz[0xda][0xc4][0x94]^[0xd3][0xd3]&[0xa6][0x98][0xe5][0x3][0xad][0xe2][0x89]n[0xe5][0x83])[0xdd]&[0xab][0xcd][0x90][0x96][0x9b][0x5]@[0xae]DSp,[0xcd][0xc9]LT[0xc0],d3[0xf3]2AK[0x13]A[0xd7][0xa6])$[0xc2][0xd5]@[0xab][0x1e][0xe2]J[0xb]c3s:[0xe5]*c3sD[0xef][0x5][0xfb][0x10][0xfe][0xc0][0xce]0 [0xad]T[0xc3][0xee]<\3[0xc][0xe8];8[0xa8]W[0xd7][0x1a][0x9b]!-q[0xc3][0xee][0xa8][0x1][0xe]3D[0x97][\n]"
05:47:21.899 [main] DEBUG org.apache.http.wire -  << "[0xbb][0xf3]p[0x85][0x19]z/[0x97][0xaa]a[0x86]h5[0x80]sP[0xb6][0x82]{fj[0xe]F[0x13]%[0x4]t w^:[0xe8]2[0xc1][0xec][0xa2][0xcc][0x82][0xe2]L[0x84][[0x89][0xdf]ggf[0x81][0x18]#A[0xb2]L!;U[0x17][0xb3][0xd5]H%[0x1b][0x11][0x19][0x16][0xcd]F[0xcc][0x12][0x82]J6":[0x99][0xf4][0xb9][0x15][0xca][0xc][0xe9][0xb2]0[0xb0][0x1f][0x93]Kh[[0x8]"-"[0xa0][0x93][0xf][0xe9]U[0x1d][0x1b][0x9b][0xd1][0xab][0x92]46CjD[0xd3][0xb4][0x81]flf[0x89][0xa8]Jhk[0x93]9[0xa8][0xf3]F[0x97][0xee][0xb4]9[0xd2][0x95][0xb2][0xb4][0xf6][0x13][0xa2][0x4][0xa1][0xb5]Mt[0x8b]'[0xa4][0xee][0x15][0x8d][0xfd]d[0x88][0x98]|[0xf2][0xc][0xf0][0xf0][0xf7]sU04U[0x8][0x8][0xf2][0xc7][0xa8]`<\[0xfd][0xdc][0x3][0xfc][0xfd][0x10][0xd5][0x8a][0x9]hT[0x95][0x98]{[0xe3][0xcc][0x91][0xd6]t[0xd1][0xda]7[0x88][0xfa][0x8b]v[0xbe][0xa1][zCZ[0xc4]B[0xe3]pCZ[0x8f]Bk[0x9b][0x10][0xe9][0x8d][0xd6]6![0x1a]N[0xb4][0xb6][0x9][0xa9]E[0x91][0x98]W[0x2][0xd9][0x8d][0xe5][0x9b]X[0x4][0x9a][0xa0][0xf4]I[0xcc][0xc5][0xbc]2[0xc7][0xb5]D!#3[0x19][0xb4]B5[0x1f]i[0xca][0x11]4RLT~BZ[0xed][0x90][0x94]X[0x9c][0x9a]R[0x94][0x96]Y[0x81][0x91]_[0xc1]2[0xa9]i[0x89][0xa5]9%)[0xa0]]a[0xd0][0x8e][0x94][0x99]%h[0xa0][0x93]8k[0xe8]5[0x9]h[0x8e]tK[0x14]m[0xc6])[0xd1][0x1b][0xe8]H[0xe3][0x94][0xe6]H[0xf7]E[0xd1]8[0x9d][0xd0][0xed]h[0xe]s[0xba][0xcd][0x14][0x9b]S[0xf7]d[0xe]|[0xf1][0x84]4[0xb9]I[0xe3]xB:'[0x82][0xd6]6!J[0xe]Z[0xdb][0x84][0xc8][0xcc]4[0xab][0x19]A[\r][0x2]h[0xeb][0x92][0xfe][0xd9][0x18]i[0xe6]u[0x0],[0xa7][[0xad][0x86]t[0x81][0xc][0x8d]S[0xc][0xd2]%.[0x3][0x10][0xa0][0x88][0x8c]1[0x0][0x96]#[0xda][0xf9][0x3]`9"[0xa3][0xd2][0xdf]r[0xc8][0x81][0x3][0x0][0x0][0x0][0x0][0xff][0xff]"
05:47:21.899 [main] DEBUG org.apache.http.wire -  << "[\r][\n]"
05:47:21.899 [main] DEBUG org.apache.http.wire -  << "AD[\r][\n]"
05:47:21.899 [main] DEBUG org.apache.http.wire -  << "[0xca]MU[0xb2]R[0x1a][0x0][0xcb][0x11]k'[0x6][0xc0]rD[0xe][0xa6][0xc7][0x18][0x8d]9[0xdd]&[0xeb][0xcd][0xe9]v[0xc][0x82]9[0xd2]d=[0xf6][0xf1][0xd3][0x1][0x1d][0xde]5[0x7]5|[0xa1][0x89][0x1b][0xbb][0xf3][0x90][0xfa][0xb6][0x96][0xf8][0x16]1Qqx[0xd7][0x9c]n[0xa7][0x19][0x98]#-;[0xc0][0xee][0xfd][0x81][0x8d][0x1d][0xa4][0xb5][\n]"
05:47:21.899 [main] DEBUG org.apache.http.wire -  << "[0xd8][0x9d]7 [0xb1][0x83][0xe8]C[0xe]"G![0x6] [0xb0];j[0x80]#[0x12]Q{bw[0xde][0x80]D$[0xa2]V[0x1d]<[0x8e][0x1a][0xdc][0xd3]a[0xe6](7[0x99][0xf8]G[0xe0][0xbb][0xc8][0x84]n[0x9b][0x94][0xcc][0x91][0xae]2q)[0xcd].[0xcd][0xc3][0x18][0xf7]@[0xa4].3[0xa2][0xcf][0xde]0G:i[0x1]{[0xf2][0x18][0xd8],[0x85]r?[0xca][0xa0][0x89][0x9]BY[0x8a]na[0x6][0x0][0x0][0x0][0xff][0xff]"
05:47:21.899 [main] DEBUG org.apache.http.wire -  << "[\r][\n]"
05:47:21.900 [main] DEBUG org.apache.http.wire -  << "F5[\r][\n]"
05:47:21.900 [main] DEBUG org.apache.http.wire -  << "*-*[0xc8]/N-F[0xb9]g[0xca][0x1c][0xe9][0xa8][0x4][0xec]Q[0x8a]H([0xf4]K[0xbd]H[0x8b]I[0xb0];j[0x80][0xc3][0xc]1|[0x8e][0xdd]y[0x3][0x12]f[0x83][0xbb][0xba]C[0x9a][0xbc][0x1b]Da6[0xa8][0xf3][0xa6][0x5][0xd2]q[0xf][0x83]&[0xcc],[0x90][0xb6]v[0xd3]d[0xd7][0x6][0xfa][0xd8]&[0x15]{[0x11][0x16]H[0xb3][0xad]C[0xcf][0xed][0x84][0xda][0xd8][0x3]Z&Z [0xdd][0xfa]2[0x88][0xd2]*bx[0x8c][0xb6][0xa3][0x80][0x16]H[0x7][0x93][0xd0]}P[0xc6][0x2]i[0x1a][0x1c]{[0xd8][0xf]l[0xd2]@[0x9a];[0xc7][0xee][0xbc][0x1][0xa8].-[0x90]&[0xdb][0x87]\Q[0x80][0xb4][0xfe][0x1a]{[0x80][0xe]p|[0x13]j[0x89][0xc]H|[0xd3][0xad](@Z[0x8e]0[0xf4]R[0x16][0xa2]A[0x4].0[0x1d][0x8b]2[0xd3][0x13][0xf3]K@'5[0xa2][0x1e][0x97][0x8a]o[0xcb][0x2][0xb1][0x1b][0x9][0x8c]-[0x90][0xd6]S[0xc][0xb9][0xa0]B:[0x6][0x84]>[0xab][0x7]-[0x90][0x8e][0x3][0x1]GN@0m[0x96][0xd8][0x1b][ [0x1d][0xe9]A/[0xbf]![0xca][0xc]Z[0xfb][0x8d]n[0x5][0x1][0xd2]![0x17]4[0xf6][0x13][0xd2][0x91][0x14]D[0xd8][0x4][0x0][0x0][0x0][0xff][0xff]"
05:47:21.900 [main] DEBUG org.apache.http.wire -  << "[\r][\n]"
05:47:21.900 [main] DEBUG org.apache.http.wire -  << "B1[\r][\n]"
05:47:21.900 [main] DEBUG org.apache.http.wire -  << "[0xca]W m[0x1b][0x19][0xd2]*[0x10][0xb][0xa4][0xeb]s[0x86]\[0x8e]5F+[0xdc]h[0x97][0x90]v[0xb6][0xe3][0x8c][0xf]D%H|y[0x89][0xb4][0xeb]\[0x1]cD[0x8f]:E[0xb2][0x9][0xdd][0x2][0x9]i[0x19][0xc4][0x90]KJH[0xab](pF0u[0xe2][0x3][0xe9]6[\n]"
05:47:21.900 [main] DEBUG org.apache.http.wire -  << "Z[0xdb][0x84][0xd8][0xd6]Ak[0x9b][0x10]]YZ[0xdb][0x84][0x18][0xa9][0xa3][0xb5]Mt[0xab][0xc0][0x90][0xae][0x8c][0xa0][0xb5][0x9f][0x10]e[0xc1][0x90][0xcb][0xa1]HK4[0x86][0x9e][0xdb][0x11]+<[0x86][0x9e][0xdb][0x11][0xb]D[0x86][0x9e][0xdb][0x11]%[0xe0][0xd0]s;[0xa2][0xfc][0xc9][0xcc]K[0xc9][0xcf][0xcd]L[0xc5]h $f[0x97]*[0x14][0x97]f'* [0x14]@W;[0x1b][0x11]=[0x5]h[0x81][0xb4]x[0x5]Z[0xfa]`Nx[0xe2][0xab][0xf9][0xc8][0x98]D[0x2][0x0][0x0][0x0][0xff][0xff]"
05:47:21.900 [main] DEBUG org.apache.http.wire -  << "[\r][\n]"
05:47:21.901 [main] DEBUG org.apache.http.wire -  << "238[\r][\n]"
05:47:21.901 [main] DEBUG org.apache.http.wire -  << "J[0xcc][0xcd][0x4][0x9f][0xd9][0x87][0xda][0x3]E[0x8c]q`[0x9f][0xd9][0xb2]0CL[0xb0][0xe3]t)[0xa2][0x11][0x86]o[0xe7],5[0x87][0xa0][0xcd][0x11][0xf9][0x3][0xe2][0xaa]b[0xd3]b[0x8c][0x98][0x82][0x7] zC[0xdd][0xcc][0xcc][0xc][0xcf]y[0xf][0xc8][\r]u[0xa4][0xa9]ZDt[0xa3][0x86] U[0xd2][0x3][0xd2][0x91][0xf8][0xb4][0xb5][0x7][0x11][0x9b][0xb4][0xb5][0x7]Q[0xe7][0xd1][0xd4][0x1e][0xa4]yW[0xda][0xda][0x83]Ho[0xb4][0xb5][0x7][0xa9][][0x99][0x97]Z[0x94][0x9e][0x9][0xbe]l[0x7]r[0xdd][0x14][0xf6][0xb]o<[0x8b][0xf2]A[0xeb][0x12]`e[0x90]%hW-1;.,[0x91][0xb6][0xe7]![0x8e]A[0x7][0x99][0xa6][0xe0][0x94]_R[0x92][0x83]Y[0xf2]9[0xe7][0x83][0x8e][0xc2]+[0x1]I@m37[0x7]eD[0xe2]lC[0xd4][0xc6][0xc1]9[0xa9][0xa9][0xd9][\n]"
05:47:21.901 [main] DEBUG org.apache.http.wire -  << "[0xee]E[0x89]y[0x99]%[0xa9][\n]"
05:47:21.901 [main] DEBUG org.apache.http.wire -  << "[0xe1][0x89]99[0xa9]%[0x18][0x99][0x17]v[0x1e];[0xa2]l11[0x0]m3'[0xce]2D0[0xe][0xb1]*[0xc8][0xc4][0x94]^G1[0x9b][0x98][0x1a] [\n]"
05:47:21.901 [main] DEBUG org.apache.http.wire -  << "[0x3][0x9a][0x1f]@[0x82]4[0xb3][0x83][0xc7].Dd[0x13][0xdb][0x9b]71E[0x9a][0x17][0xc1]c2[0xbc].[0xa0]`[0xdc][0xc6][0xc4][0xd4][0x10]Q[0xac]A[0xaa][0x1d][0x1a][0x8d][0x1d][0x9a][0x98]"[0x8d][0x8b]b[0x9f][0x9c]@[0x4][0x15][0xbd][0xda][0x2]&[0xa6][0xf4][0x1a]:51[0xa5][0xd7][0xdd][0xe6]&[0xa6]H'[\n]"
05:47:21.901 [main] DEBUG org.apache.http.wire -  << "[0xd3]4J[0x8d]-[0x90][0xf6][0x9d][0xd1][0xda]&[0xba][0x8d][0xc] m[0xc8]rL-[0xca]O[0xa9][0xcc]K[0x4]][0xa6][0x1][0xbb]$.[0x4]t[[0x1b]F[0xd1][0xee]ZQ[0x90][0x9a][0x92]Y[0x92][0xa8]PZ[0x2]:[0x2]Y!9[0xbf][0xa8] [0xbf][0x88][0xbc]3[0x90]-[0x90][0xae]P[0xe]F[0xaa]1}2[0xf3]R[0xf3][0x14][0x9c][0x12][0xd3]1m/.QH-*[0xca]/R[0xc8][0xcb][0xcc][0xc8][0xcc][0x1][0xb9] [0xb3]D[0xa1]83[0xaf]D[0xa1]([0xb5][0xa8]4W[0xa1]4''[0x91][0xac][0xc3]Y-[0xe8][0xb6]i[0xcc][0xc2][0x4][0xd1][0x1e][0xa1]qZ[0xa2][0xdb][0x91][0xa9][0x16]t[0xdb][0x8]gA[0xb7][0xc3]Y-[0x90][0xae][0xf][0x1d]b[\r][0x11]c[0xb][0xa4][0x1d][0xc][0xd0]46X[0xfb][0xa8][0x98][0xdb][0x1a]0][0x8a][0xa8]/[0xe9][0xd6]GEj[0xf1][0xe6][0xe7]U*[0xd0]n[0xa2][0x4][0xf3][0xf0]CL[0xff][0xe3]k[0x0][0xd1][0xab][0x5]al[0x81]tB[0x17][0xce]45[0x0]1[0x85][0x18][0xf5][0xc1][0xe9][0xaa]A[0x12]~[0x88][0x8e][\r]N[0x97][0xe]@[0xf8]!:[0x12][0xd8][0x1b][0xab][0x88]Q&[0x84][0xe3][0xe8][0x97][0xe8]@[0xdd][0xc6][0xc1][0xb6][0x15][0xcb][0x2]i;[0x6]MG[0x14]0[0xaf][0xdf][0x1c][0xac]e[0x3][0xd2][0xe][0x90]A[0x94][0xb6]-0[0xda][0xd2]8[0xc2][0xf][0x0][0x0][0x0][0xff][0xff]"
05:47:21.901 [main] DEBUG org.apache.http.wire -  << "[\r][\n]"
05:47:21.901 [main] DEBUG org.apache.http.wire -  << "817[\r][\n]"
05:47:21.902 [main] DEBUG org.apache.http.wire -  << "[0xca]H[0xc4][0xba]([0x80][0x8e][0xc9][0x1c]c[0x96][0xe][0xd3][0xa5][0x88][0xec]G[0xaf]Z[0x10][0xe9][0x8]-[0x9a][0xa6]s[0xe4][0x3][0xb4][0xc0][0xe3]K[0xb0][0x1]$[0x85][0xf0][0xc4][0x92][0xe4][0xc][0x8c]n[0x80]OjbIF*[0xd2]Y%[0x16]F[0xa0]=[0xe8][0xc4][0xc]/Y [0xad][0xc2][0x87][0x8c]e[0x85][0xe7][0xe7][0xe7][0x10]?[0x90]ed[0x4]*[0x91][0x88][0xb3][0x9]i[0xc0][0x1][0xa9]w[0x13][0x9c][0x99][0x93][0xad][0xe0][0x8c][0xf5][0x1a][\n]"
05:47:21.902 [main] DEBUG org.apache.http.wire -  << "[0xc8][0x1d][0x15][0x88]x62[0x2][0x8d]a[0x13]c[0x99]%[0xd2][0x9a]t7[0xf8][0xc9]2[0x10][0xf3][0x14][0x9c][0xf3][0xb1][0x9c][0xb8][0x1b][0x9c][0x9f]SZ[0x92][0xa8][0x90]Z[0xa2][0x90]\Z[0x90][0x9][0xea][0xd2][0x95][0xa4]"[0x1d]1[0x83][0xff]Z [0xa4]avK[0xe4]1/$o:[0xe7][0x17][0x14][0xa4][0x16])x[0xe7]e[0xa6][0x81][0x6][0x1d]Q[0xc7][0xdd]![0xe]Cx[0xd4][0xc2][0x12][0xd4][0xc1]&[0xce][0xa3][0x88][0x9c]2[0xd4]Z[0xe5][0x96]H+[0xc4]!i[0xf]z[0xf4]O@b^[0x9][0xe6][0x14]HPiR[0x12]r"75[0x3]][0x94]M\ !*u[0x88]E[0xf0][0xc][0x85][0xdd]*h[0x9f][0x1f][0x11]![0x96][0x16][0xa0]U[0x17][0xc4][0xd9][0x85]H[0xe6][0xc8][0xc3][0x8]p[0x1b][0xbd]S+[0x93][0xf2][0x13][0x8b]R[0x8][0xe7]b3[0xf0][0xf9]_DY[0x8a][0xb4][0xde]{[0xc8][0xa5][0x2][0xa4]s[0xaa][0x83]s[0x13]sr[0x90][0xae]/[0xc5]Z*`[0x89][0x1c]PB".[0x9c][0x10]c[\r][0x9e]y%[0xa9]99[0x99][0xe9][0xa9]y%[\n]"
05:47:21.902 [main] DEBUG org.apache.http.wire -  << "[0x90][0x11][0x16][0xec]i[0x1]<_[0x81]H[0x9][0xe6][0x16][0x86][0xa6][0xc4]M[0xb8]Y"-([0xf7]HM,[0xab]Tp)-[0xa9]D[0xf8][0xe]gB[0x0][0xcd][ [[0x8][0x1a][0x8a]![0xce]w[0x88][0xfa][0x1d]~[0x99][0x97]s~II~[0x1e][0xae][0x2][0x1d][0x92][0xe1][0x10][0x96][0x99]X[0x82][0x6][0xd2][0x89][0xb3][0xc]Q[0xf0] [0xf]V[0x81][0x1c][0xaf][0xe0][0x94][0x9a][0x87][0xa5][0x9a][0xc2],[0xe5]@[0x17]][0x12]g[0x19][0xa2]W[0x13]P[0x94][0x98]\[0x92][0x99][0x9c][0x98][0x3][0xbb][0xc2][0xc8][0x3]Ki[0xe][0x9d][0x90]Ax[0xcc][0xd4][0x18][0xb4][0xb2][0x98]8[0xbb][0x90][0xfa]%[0xe0][0xf4][0x18][0x90][0x8]*[0xb9][0xb1]W[0xbd][0xe8][0x1]hd[0xc]Z)K[0x9c]=[0x88]B)[0xa8][0x14]<5[0x6][0xad]#[0xb0][0xd6]O[0x10]9[0x84][0x87],M[0x89][0xb7][0x8]{[0x89][0x4])O[0x15][0xb0][0x5][0x1f]D[\n]"
05:47:21.902 [main] DEBUG org.apache.http.wire -  << "a[0x99][0x91][0x9][0xe8][0xd0]f[0xa2]|[0x5][\n]"
05:47:21.902 [main] DEBUG org.apache.http.wire -  << "fh[0x7][0x5][0xe9][0xb6])H[0x6][0xc3]^[0xcb][0xa3][0x7][0xa1][0x99]1([0xe3][0x10]g[0x19]";[0xfb]d[0xa6]g[0x94][0x94][0xa7][0x82]H[0x5][0x88][0x89]X}[0x16][0x9e][0x9f][0x9f][0x92][0x8a]4[0xc7]hj[0x9]Z)K[0x9c]e[0x88][0xdc]5[0xe4][0xca]X[0xe4]9[0x8]p[0x9a][0x86][0xcd]*`/[0xf4]0[0xca]X3[0xb]Sc"[0x8b]=[0xa4];[0x19][0xe1][0xa5][0x10]$[0xb]aKj[0x18]mW#[0xf0]![0xeb][0xc4][0xc5][0x8]"[0xa7][0xba][0xe6][0xe5][0x17][0xe5][0xe6][0x97][0x16]#[0x8a]W[0xec][0x1e]C[0xcf]FF[0x16][0xa0]3[0x89][0xb3][\r][0x91]_[0x91]+v[0xdc]^[0x3][0xb5]l[0x11]y[0x88][0xf8][0xf3][0x3]-[0x91][0x96][0x89];[0x96][0xa7][0x16][0xe7][0xe7][0xa6]*@[0x8b][0xf1][0xe0][0x8c][0xcc]"[0xcc][0xf9]e[0xb4]*[0xca][0xc2][0x92][0xd8][0x3][0x11][0xc1][0x89][0x1f][0x9a][[0x11][0xf3][0xe6][0xf0][0xb4][0x81][0xa3] [0x2]U([0x8]YX[0x80][0x16]|[0x10][0x15][0x82]HK[0xc5][0x11][0xb6]A[0x8b]j[0x85][0x80][0x9c]D[0xf0]t<j[0xcb][0x18]T[0x9d] [0xec]26[0x6][0xed][0x3]'[0xce].D[0xd1][0x0]-]!Y[0x1f][0x87]=[0x18][0x9][0xde][0xdc][0x10]4[0xda]@[0x9c]U[0x88]Eb[0xf0]d[0x8]M[0xd6][\n]"
05:47:21.902 [main] DEBUG org.apache.http.wire -  << "XO[0xb1][0x84]z[0x19][0xe1]/[0xb]C[0xa2][0x9b][0xb2]H[0x97][0xe6][0xb9][0x94][0x16][0x81][0xe6][0xa4][0x10]I[0x1e]{[0xb5][0xb][0xea][0xd0]![0xac]2#~[0xe5][0x1][0xd2]Y[0x88]C[0xae][0xc0]C[0x9a][0xcc]C[0xae][0x19][0xe0]I[0x1b][0xc7][0xe5][0xa6][0xa8][0xc9][0xcd][0xd4][0x4]47E\[0x1a]@[0xd4][0xb1][0xc8][0xf6][0xc1][[0xfd][0xd8][0x8a]>[0xd4][0x88]15[0x4][0x9d]vN[0x94]eH[0xf3][0x84][0xc8][0x96]A[0x13]8[0xf6][0xa5]5[0xe8]U[0xba][0x89]![0xe8]l[0xc][0xe2][0xac]C[0xc][0xfe]#U[0xe9][0xe0]B[0x7][0xc7]M[0xb5]`9D[0x9a]32[0x6][0x1d][0x15]J[0x9c]][0x88]l[0x8b]d[0x17][0xb4]B[0xc7][0xde]~[0x80][0xc5])[0xc2]>c[0xf0]!a[0xc4][0xd9][0x87][0x94]w[0x8b][0xd2][0xf3][0xf3][0xf2]AS[0xbe][0xf0][0xc2]6?[0x15][0xb3][0x1b][0x8a]Z[0xaa][0x9b][0x1b][0x82][0xae][0x4]![0xce]*D[0xfb][0x1][0xb9][0xc1][0xc][0x8d]5[0x1c][0x9][0x4][0xa5][0xb1]bfItzD[0x9a][0x16][0x84]_.[0xc][0xa9][0xa9][0xb0][0xb7]c[0xd1]c[0xcc][0x4]4[0x82]I[0x9c][0xb7][0x10]MsH[0xf7][\r]Z[0xba][0xe1](h[0xa1][0xb2][0x88][0xc8][0xb2]4[0x5][0x9d][0xe8]F[0x9c]U[0x88][0xfa][0x1e]cP[0x7][[0xf8][0x81][[0x9d][0x8][0x9b][0xcc][0xc][0x88][0x1e]UA[0xde][0xf3][0x2][0x1e][0x81][0x83][0xb4][0x1b][0x88][0xf5][0x93][0xb1])[0xe8][0xa4]a[0xa2][0xfc][0x84][0xb4]od[0xc8][0x15][0xb2][0xa0]1[0x11]h[0xeb][0x1]:[0xca]M[0xa3][0xed][0x87][0x96][0xa0][0xc6]'[0xd4]&[0xe4][0x12][0xf]Zk+[0xe0]([0xcd]![0x91][0x86]H[0x0][0xa6]&[0xa0][0xc1]9[0xe2][0xa2][0x5][0x91]Y[0x11][0x1d]NX[0xa5][0x8e][0xbd][0x1c][0xc2]H[0xd9]&[0xa6][0xa0]-[0x7][0xc4]Y[0x87][0xe8]L#[\r][0x15][0x80]j#[0x1c]#[0x86]P[0x9f]#[0xfc]fdH[0xec]B`K[0xd0][0xd8]0[0x96][0xc0][0x4][0x17][0x1]8[0xfa][0x3][0xa8][0x85][0x9e][0x91][0x19][0xd1][0xcd]0[0xa4][0xad])[0xd0]f[0x18][0xbc]J[0xc][0xce][0xc0]Z[0xbc][0x96][0xa4][0x82]/i[0x81][0xae][0xca][0xb4]4[0x5][\r]m[0x11][0x17][0x86][0x88][0xf6]9[0xd4]*H[0xfc][0xe3][0x18]\[0x6]{[0x17][0x11]~&[0x86][0xa0]Y,[0xe2],[0xc2]^[0xd7][0x83]c[0xb]{[0xe5][0xb].y[0x91][0xec]"[0xbe][0x19][0xb]JA[0xd0][0xb8][0x82]w[0xa6][0xa0][0xde][0xc2][0xde][0xc1][0xc1]H[0x18][0x16]F[0xa0];F[0x88][0xf2][0x18][0xa8][0xdb][0x0][0xb5][0xc]yt[0xc][0xd4]N[0xc1][0x91][0xc][0xd1]JXKCPG[0x93]8[0xbb][0x10][0x15]=J[0x8e][0x86][0x8e][0xb5]`]G[0x8b][0x16]e[0xe6][0xe6][0xc4][0xfb][0xc][0x91][0x9d][0x91][0xf2][0x17][0xb4]Y[0x81][0xbd][0xd9][0x8c][0xe6]5[0x12][0x9a]g[0xa0][0x8c][0x8][\r][0xc6]!W[0xa4]cn[0xe6][0xa0]U[0x91][0x8e][0xb9][0x19][0x83]f6![0xf2]+[0x8d][0xab])[0xa4][0xc5];[0xb4][0x9c] [0xb4][0x4][0xad]T[0x87][0xa6]0[0xda][0xda][0x83][0xc8]6[0xb4][0xb5][0x7][0x11]C4[0xb5][0x7]T[0xc4][0xd3]#[0xdc]@[0xd3][0x94]P{[0x2][0x82][0x15]0[0xd3]uzbn[0xaa][0x82][0xa9]BqI"[0xd2][0xa4]-[0xfe][0xd9]u[0xe4])FP[0xcf][\r]j<[0x8d][0x13]4[0xa8]KJ[0x1f][0x9b]@[0xc3]pt[0xb2][0x9][0xd1][0x9d][0xa5]q[0xe8][0x81][0xaa]':[0xf9][0x9][0xd1][0x8d][0xa5][0xa9][0x9f]L[0xc][0x90]g[0xeb]h[0xb9][0x12][0xd0][0xc4][0x0]i3[0x4][0xad][0xfd]D[0xbf][0xd0]C[0x14][0xa8][0xb4][0xf6][0x13][0xa2]GAk[0x9b][0x90][0x6][0x0]h[0x9c]"[0x10][0xfd][0xff][0xcc][0x80][0x8c][0xfc][0xbc]TC[0xcc][0xab][0xe][0xc1][0xfb]#SS`[0x17][0xa2]"5[0xba][0xf1][0x9e]L[0x8e](^M[0xc][0x90][0x8e]k[0xa2]u[0xd0]![0xea]=[0x1a][0xdb][0x84]4-Gk[0x9b][0xe8]T[0xbc][0x9a][0x18][0x18]![0xba][0x10][0xb4][0xf6][0x13][0xdd][\n]"
05:47:21.902 [main] DEBUG org.apache.http.wire -  << "[0x8][0xb2][0xb6][0xf0] [0x12]9[0xd1][[0xcd][0xc]@[0x3]T[0xf4][0xa8][0x9b]L[0xc][0x90]F[0xab]s3s[0xb2]1[0xd6][0xbd] \[0x8f]o[0x1d][0x1f]r[0x6][0x5]-[0x88][0x80][0xba][0x9d]Z&""[0x98].[0xc7][[0x99][0x18] [0x1d][0x8][0xe4]Y[0x0]*[0xcb][0x14][0xc][\r][0x15][0xcc]L[0x14][0xd2][0x93]0[0x2][0x8][0xdf]rm[0xe2]#[0x1c][0xe9][0xfe][0x1b][0xec][0xb][0x9b][0x11][0xf1][0x80][0xbf]%J[0xbd][0xbd][0xef]&[0x6]HCQ[0xb4][0xb][0x5]*:[0x18]<[0xae][0xb]Mz[0xc1][0xd9]U[0xf9][0xf9][\n]"
05:47:21.902 [main] DEBUG org.apache.http.wire -  << "[0xe1][0xf9]9i[0xc9][0x19][0x89][0xa0]%[0x5][0xa8]3[0x97][0xc1]%E[0x89][0x95][0xd9][0x99])[0xa0][0x19][0x4][0xe8]`[0x96][0xa1][0x19]h[0xeb]([0x11][0xc3]#&[0xa6]HS[0xa5][0xc1][0x89][0xb9][0xc5][0xa5]y[0xe9][\n]"
05:47:21.902 [main] DEBUG org.apache.http.wire -  << "[0xc1]F[0xc6][\n]"
05:47:21.902 [main] DEBUG org.apache.http.wire -  << "[0xa1]9%E[0x89][0x18][0x9][0xc4]=1'[0xb1][0xa2][0x12][0x11]D[0xe6]#S[0xd0]p8[0xd4]3[0x83]&I[0x98][0x82][0xa6][0x8a][0xa0][0x8e]"[0xec]s[0x84][0x9f]I[0x9][[0xa4]F[0x18][0xc1][0xb0][0xcd][0xc8][0xac]L[0x4][0x85]84[\n]"
05:47:21.902 [main] DEBUG org.apache.http.wire -  << "[0x89][0xe]ZD[0xa3]h[0xf0][0x4]-[0xd2][0xfe][0xb7]A[0xe4]([0xa4][0xd8][0xa0]i[0xf3][0xd1][0x14]iNl[0x10]y0&[0x14][0xa4][0x83][0xd8][0x6]OH![0xcd][0x94][\r]"G!u[0xb3][0xc0][0x13][0x85][0xd0][0xf1]w[0xac][0x8b][0xcf]\+R[0x8b][0x92]3K[0x12]K2[0xf3][0xf3]Rs[0x15]r[0x13][0xd3][0xf3]2[0x15][0xf2]S2K[0x14]R[0xf2]s[0xf2][0x8b][0xc8]Xnnb[0x8a]T[0x83][0xe][0x9e]P1[0xa3]S[0xcb][0xdc][0xd8][0xd2][0x1c][0x91]}h:r[0x8]Z[0xff][0x8][0xad][0x95][0x86][0xdc][0x98]>h*[0x1f][0xea]v[0x9a][0x8c]F"[\n]"
05:47:21.902 [main] DEBUG org.apache.http.wire -  << "p[0x9a][0x18][0x8f][0xc8]a41[0x1e]1[0xa6]@[0xb][0xe3][0x91][0xb6][0xc][0xd1][0xb4][0x8f]jl[0x9]Z[0x87][0x2][0x8d]eZ[0xdb][0x84][0xc8]s[0xb4][0xb6][0x9][0x11]9[0xb4][0xb6][0x9]1yLk[0x9b][0xe8]6[0xe6][0x83]t([0x12]M[0xfd]db[0x80]t-[0x9][0xad]m[0xa2]S[0xcd]bb[0x80]t3[0x8][0xad][0xfd][0x84](@im[0x13][0xa2],[0xa5][0xb5]M[0x88]2b[0x88][0xd5][0x97]&[0x6][0x6][0x88]R[0x7]{[0x93]j [0xb7][0x80][0x9b][0x18][0x80][0xc6][0x10][0xa0][0x5]=v[0xe7]!:[0xc5][0xf4][0x1b][0xc8][0x1][0xad][0xd2][0x81]:j[0xc8][0xc5]7h#[\r][0xd4][0xed][0xc4][0xe7][\n]"
05:47:21.903 [main] DEBUG org.apache.http.wire -  << "D [0x13]?[0x4][0x7]Z[0x1c]C[0x1f][0x8b][0x86]p[0xee]C[0xda][0xfc]0[0xe4]R[0x12]h/[0x11]]"[0x18]yx[0x90][0xe8]A[0x13]r[0x92],[0xd2][0x10]![0xd2]P;[0x0][0x0][0x0][0xff][0xff]"
05:47:21.903 [main] DEBUG org.apache.http.wire -  << "[\r][\n]"
05:47:21.903 [main] DEBUG org.apache.http.wire -  << "97[\r][\n]"
05:47:21.903 [main] DEBUG org.apache.http.wire -  << "*[0xca],[0x0][0xf5]a[0x95][0xac][0x94][0x10]f[0x12]92f[0x80]4[0xbe]G-[0x13][0x11][0xf5]'[0xb5]L$[0xa7][0x9e]D[0x4][0x5][0xf1]%[0x82]1"[0xa3][0xd2][0xb6][0xe8][0x19][0xba]{9L[0xc][0x90][0xf6]r[0xd0]kr[0x6][0xd1][0xca][0xa4][0xde][0xb4][0x84][0xa9][0x8e][0x92]sbIjz~Qfj[0xb1][0x92]U4[0xca][0x8c][0x16]"[0xc1][0x5][0x4][0x9b]`[0xc][0xf0][0x17][0x14][0x9b]($%[0x16][0x81].[0xdd][0x81][0x8e]C[0x1b][0x13]{>[0xb3][0x89][0x1][0xd2][0x15][0x11][0xb4]Mc&[0x88]>[0x14][0xf5][0xbb][0xd2]&[0x6][0xc8]k[0xf2][0x89].[0xf3][0x90]f_[0x88][0xcf][0x95]H[0xc3][0x9f][0xc4][0x87][0x18]y6[0xa1]N[0x96][0x3][0x0][0x0][0x0][0xff][0xff]"
05:47:21.903 [main] DEBUG org.apache.http.wire -  << "[\r][\n]"
05:47:21.903 [main] DEBUG org.apache.http.wire -  << "16F[\r][\n]"
05:47:21.904 [main] DEBUG org.apache.http.wire -  << ""[0xf9]\-b[0xb]][0xa4][0x95][0xfa][0xb0]]c[0x90][0xdd][0xd8]8[0xd6][0xf5][0x6][0x96]f&*[0xa4][0xe6][0x17]+[0x14]A[0x6]+[0x15][0xf2]R[0x93]S[0x8b][0x8b][0xc1]c[0x97]I[0xa5][0xc5][\n]"
05:47:21.904 [main] DEBUG org.apache.http.wire -  << "i[0xa5][0xe9][0x99][0x89]%[\n]"
05:47:21.904 [main] DEBUG org.apache.http.wire -  << "[0x89]y[0x99][0xb9][0x99]H[0xc3][0x96]F[0xa0].'1[0xf3][[0x6]H[0xb][0xfa][0xc9][\n]"
05:47:21.904 [main] DEBUG org.apache.http.wire -  << "b[0xa2]=[0x8e]h[0xcb][0x93]e[0xf][0x9][0x89][0x6][0x91][0xfa][0x91]v.[0xc1][0x86][0x83]q[0xec]Pp[0xad]P(,ML-J[0x4][0x9d][0x1e]Y[0x4][0xe][0xde]b[0xa4][0xf0]$[0xf6][0xd4][0x11][0x13][0x3]S[0xba][0x8d]* [0xad]H[0x87][0xef],[0x2]/[0xcc]Vp[0xce][0xcf]-(-[0x1][0x1f][0xd1][0x81]:[0x15][0xea]X\[0x90]Z[0x94][0x99]_[0x94]Z[0xc]9[0x9b]2?99159[0xb1]$S[0xa1][0xb0][0x94][0xbc][0xe4][0x83][0xbc]R[0x9d]f[0xb3][0xe7]T[0x9c]76[0x0][0xed]q[0x82][0xb6][0xc]i[0xb9]t[0xc9][0xc][0xd1][0x14][0xa2][0xa9]5[0x88][0xea][0x8a][0xa6][0xd6] [0xb5][0x8e][0x90][0x8e][0xd2][0x1]o[0xb4][0xc0][0x91][0xa1][0x1c]K[0xa1][0x93])[0xa9][0xb9][\n]"
05:47:21.904 [main] DEBUG org.apache.http.wire -  << "E[0xa9][0x5][0xa9]99[0xa9]y)[0xa5][0xc8]y[0x8a][0xf8]2[\n]"
05:47:21.904 [main] DEBUG org.apache.http.wire -  << "i[0x85][0xba]g[0x80][0x87][0xbf][0x9f][0xab][0x82][0xa1][0xa9]B@[0x90]?F[0xf5][0xec][0xe1][0xea][0xe7][0x1e][0xe0][0xef][0x87]h[0x0][0x9a][0x80]j[0x10][0xa2][0xca]A[0xa4][0x83])if[0x7][0xd2][0xaa]t[0xda][0xd9][0x81][0xa8][0xc8]h8[0xf]cb`[0x8e]X[0xa8]C[{[0x90]R8[0xed].[0xcf]01[0x0][0xed][0xfb][0x86][0x95][0xb][0xb4][0xb4][0x7]tJ[0x17][0xd4][0x1e][0x1a][0xd7][0x83]Hk[0xec]i[0x96][0xda]@[[0xf3][0xa1][0xbe][0xa1][0x9d][0x1d][0x88][0x94]F;;[0x10][0xc5][0xf5][0xe0][0x19][0xca]C[0xda][0xbc]@[0xa8]p[0x7][0x0][0x0][0x0][0xff][0xff]"
05:47:21.904 [main] DEBUG org.apache.http.wire -  << "[\r][\n]"
05:47:21.904 [main] DEBUG org.apache.http.wire -  << "212[\r][\n]"
05:47:21.904 [main] DEBUG org.apache.http.wire -  << "[0xa2]d[0x95]-[0xe8][0xd4][0x8]h[0x1c][0xe][0x1e][0xbf]#[0xdd][0xc1][0x81]3[0x9b] [0x8a]y[0xe2][0x1b][0x87][0xf4][0xda][0x9]`b`9[0x18][0x93][0x14][0xf2][0x81][0x86]Dws[0xc8][\n]"
05:47:21.904 [main] DEBUG org.apache.http.wire -  << "gDs[0x10]%*r[0xda][0xe6]d[0xf8][0x1e][0xdc][[0x18]lY[0xca][0x10][0xe9]$F[0x9c]Y[\n]"
05:47:21.904 [main] DEBUG org.apache.http.wire -  << "c[0x85]+Y[0xbe]G[0x14][0xd8][0xc4][DN[0xaf][0xdd][0x10][0xb4][0x8b]|[0xf0][0x85]3Rc[0x99][0xe8]<F[0x9e][0xf7][0x11][0x99][0x8c]V5[0xa3]![0xe8][0x18]:h[0x10][0xd3]:2[0x11][0xb9]3[0xa0](?[0xa5]4[0xb9]D[0xc1][0xb1]4'3Q[0x1]soIf^&[0xac][0xc6]SH[0x84][0xab][0x81][0x8e][0xc8][0x11]9"a[0x88]4SF[0x1f][0xfb][0x10]-s[0x1a][0x87]$[0xd2][0x86]-[0xfa][0xf8][0xc][0x91][0xe1][0xe9]c[0x1f][0xa2]j[0xa5][0x8f]}[0x88]>[0x8]}[0xec]C[0x94] NE[0x89][0xc9][0xa9][0xd8][0xae][0xb2][0xf2]MLIU[0xc8]OS[0xc8][0xc8]L[0xcf][0x0][\r]][0xe5]d[0x96]T*[0x14][0xa4]&[0x16][0xe5] [0x17]%[0xa0][0xdd]F[0xc4]t[\r][\r][0x11]E[0x89]K[0x98][0x8b][0x82]wfnjIq)[0xe8]B[0xea][0xc8][0xc4][0xcc]$[0xd0][0xba]k[0xd4][0x91]$D[0xbd]`hd[0x80]:[0x4][0x8e]gx[0xdd][0x10]iG[0x17][0xc8][0x1a][0xdf][0xd2][0xf4][0xd4]<[0x85][0x90][0xa2][0xc4]L[0xcc]e[0xfb]xl0[0xc0]=[0x80]o[0x88]t[0x9b][0x12][0x8d]l[0x0][0x85])[0xb4]D[0xa4][0x95][\r][0x88][0x92][0x82]V6 [0xe6]U[0x6]M[0xf3][0xcc][0x10]i[0xfa][0x10]9[\n]"
05:47:21.905 [main] DEBUG org.apache.http.wire -  << "[0x91][0x17][0x7][0x91][0xa3][0x10]C[0xdc]4[0xae]J[0x90][0x16][0x1]`[0xf7][0xfe][0x80].[0xc1]1D[0x9a]~[0xc7][0xee]<D)B[0xb7]%8[0x86]HS[0xf5][0xd8][0x1d]5[0xc0]a[0x86][0xa8]=[0xb1];o@[0xc2][0xc]Q[0xc5][0xa6]c[0xbf]T6-[0xbf]H[0x1]"[0x85][0xb8]TVG[0x9][0xda][0xe6]#z[0x0][0xc0][0x90][0xac][0x89]~[0xe4]*[0x95][0xd8][0xdd][0xcb][0x86]H3[0xfd][\n]"
05:47:21.905 [main] DEBUG org.apache.http.wire -  << "[0x18]#[0xd5][0x18][0x1d]-[0xf2][0xac][0xa0][0xb0][0x1c] [0xb6][0xa9]l[0x8c]h[0x9a][0xd3][0xb8][0xbc]A[0xda][0xa3]Jk[0x9b][0x10][0x95],[0xad]mBT[0xb6][0xb4][0xb6][0x9][0x91][0x8b]hm[0x13][0x85])[0x8f][0xf8][0xc][0x8b][0xb4][0xdb][0x88][0xb0][0x9f][0xc0][0x87][0xe][0x10][0x9d][0x95][0xa8]8[0xaf]h[0x88]4[0xb1]O[0xd8][0x99][0xb0][0xfb]B[0x11]%-[0x9][0xe1][0x81][0xe8]l[0x11]o[0x11][0xd1]A[0x82][0xb4][0x16][0xc6][0x10]iG[0x13][0xad]m[0xa2][[0xf9][0x82]4iNc?![0xcd][0x8c]Cm[0xc2][0xb2][0x9c]("
05:47:21.905 [main] DEBUG org.apache.http.wire -  << "[\r][\n]"
05:47:21.905 [main] DEBUG org.apache.http.wire -  << "254[\r][\n]"
05:47:21.905 [main] DEBUG org.apache.http.wire -  << "'[0xb1]R[0xa1]<[0xb3]$C!+[0xb5][0x18]q[0xd3][0xf]"Y[0xe0]o[0xb4] G[0x16][0xd2]N/H-[0x89]Q[0xe5]P[0xa9][0x2]E[0x9a]@[0x1f]j[0xcb]B[\r][0xcd]H)[0x1f][0x7][0xae],A:[0xb7][0xe][0x9a]t0O[0xae][0x82]7 [0x6][0xd0][0x99][0x88]1[0x3][0xec][\r][0xc9][0x81]m[0xe7]"[0xcd][0xe8]CC[0x91][0xe8][0xc][0x88]T\[0x12][0x9f][0x3][0x91]f[0xf7][0xb1][0x7][0x7][0xb1][0xd9][0x9a][0x9a][0xd5][0x92]9F+[0x87][0xe8]@ [0xd6][0xb9][0xc8][0xa5][0x10][0xd2]yxC[0xae]p@Z[0xd1][0x0]M/[0x83]2[0xd7]a[0xde][0xcb]I[0xdb][0x18][0x1d][0x1a]E&[0xd2][0xf6][0xe3][0xa1][0x97][0xf0][0x10][0xe5][0xe8][0xa0]Nx[0xa4]4[0xf9][0x7][0xae]V2G[0xb4]%[0x87]\J iq[0xd0][0xc0][0x5]1[0xd2][0xca][0xa2][0xc1][0x9c]`[0x91][0x16]'[\r][0xbd][0x94][0x80][0xe8][0xe5][0xd1]lj[0xd7][0x2]1[0x10][0x8][0x8d]F[0xcc][0xbb]=[0xe1][0xcd]LX[0x97][0x95][0xe8][0xa6][0x11]5[1[0x16][0x18][0x95][0x10][0xa6]K[0x11][0xcd][0x15]|[0xa3]ZTu[0x15]bj[0xc0][0xa3]@!,[0xb3],_![0xd2][0xc8][0x8][0xa3][0xdf][0x95][0x9b][0x9a][0x9b][0x99][0x93][0x99][0x9d][0xa9]P\[0x90]Z[0x9c][0x99][0x96][0x99][0x9d]X[0x9c][0xa9]P[0x99][0x98][0x97][0xae][0x90]X[0x90][0x9]:[0x85][\r]:[0x86]i[0xc][0x9a]G#v[0xdd][0xbe]![0xd2][0xaa]-h[0xe4][0xd1][0xb4][0x19][0x80]y[0xd2]-m[0xad]C[0x14][0xe2]P[0xdf][0xe1]i[0x8b]aI[0x9a][0xc4][0xf][0xa7][0x10]}[0xdc]-[0xbe]n[0xba]1[0xd1][0x83][0xc2][0xc4][0xac]k[0xc3][0x97][0xe7]H[0xf0][0x18])[0xa3][0x8e][0x3]W[0x97][0x80].0[0x80][0xce][0xa6][0xe2][0x8f]i*[0x85]?F[0x99][0x87]'a[\r]`[0xa8]`[0x14]x8[0x9c]I[0xa5]PA[0x94]d[0xf8]#[0x1]t[0x1f][0xf5][0x0][0x86][0xca][0xd0]h(#[0xdd][0xe4][0x8c]} `@[0xc7]E[0xc0][0xdb].[0xa0]9nP:[0xf]Qnaw[0x1e][0xa2][0xa2][0xc7]?6C[0xc5][0xaa][0xde][0x8][0xe9][0xc][0x12][0xec][0x8e][0x1a][0xe0](E[0x14][0x17][0xd8][0x9d]7 a6$[\n]"
05:47:21.906 [main] DEBUG org.apache.http.wire -  << "[0x15]#[0xa4]CF[0x6]q[0xd9]g[0x84][0xb4][0xe][0x13]{[0x14][0xf]l[\n]"
05:47:21.906 [main] DEBUG org.apache.http.wire -  << "DZL[0x9][0xb9]|[0xc][0xb2][0x13][0x11][0xdb]e`N9[0x89]y)[0x99]%[0x99][0x99][0xc5][\n]"
05:47:21.906 [main] DEBUG org.apache.http.wire -  << "[0xc9][0xa5]9[0x5][0x89][\n]"
05:47:21.906 [main] DEBUG org.apache.http.wire -  << "[0xa9]y[0x99][0xb9][0xa0][0x8d][0xac][0x89]H[0x1b].A[0xa7][0xf2][0x12][0xb3]p[0xcd][0x8][0xe9][0x18][0xfc]A[0x19].[0x88]~[0x1c]m[0x96]r[0x19][0x19]"Z4[0x83]2[0x0][0x88]-[0x5][0xa8][0xd2][0x92]1B[[0xc7]H[0xfd][0x5][0x86]FHK[0x18][0x7]sy[0x81][0xb4][0xe][0x12][0xbf]3[0xa9][0x13][0xee]H[0x8b]"[0xe9]b[0x1d]bZ[0xc3][0x17][0xb4][0x18]<8?9[0x19][0xcb]~[0xe7][0xe4][0xfc][0xa4]D[0x85][0xe4][0xa2][0xd4][0xc4][0x92]T[0xd8]zqDMh[0x8c][0xa7][0xaf][\r][0x0][0x0][0x0][0xff][0xff]"
05:47:21.906 [main] DEBUG org.apache.http.wire -  << "[\r][\n]"
05:47:21.907 [main] DEBUG org.apache.http.wire -  << "5D3[\r][\n]"
05:47:21.907 [main] DEBUG org.apache.http.wire -  << "B9[0x14][0xc2][0x8][0xe9]|{*[0xd9]f[0x88]{[0x5][0xab][0x91][0x11][0xa2][0xc8][0xa0][0xc1][0xe9][\r]FH[0xab],I[0x8d])[0xa2][0xc7]~[0x90][0xa6][0x84][0x8c]0[0xcf]Z[0xc2][0x1c][0xbb][0xc1][0xd7][0xe3][0xa5]_#[0xf][0xe9][0xbe]lh[0xc8]`[0xba][0x14][0x91]|[0xe8]4[0xca]dD[0xf4]E[0x4]T[0xca][0xc8][0x88]Q[0xfe][0xc1]X[0x9d][0x10]}[0xb0][0x13]uB[0x3]i})[0x8d][0xaa]o[0xa4][0xc5][0xa2][0xb4][0xb2][0x1]Q[0x9e][0xc][0xca][0x18]%[0xd4]w[0x19][0xd8][0x86]-[0xd2]*Nj[0x1f][0x8]d[0x84]t[0x9e][0x12][0xf5][0xcd]&e[0x4]u[0xc0][0x86]t[0x8c][0xe8][0xb6][0xde][0xd3][0x8][0xe9][0xae][0x12]h[0xe9]n[0xaa][0x10][0x9c][0x93][0x99][0x8b]1^[0x8f][0xaf]2"z[0xf8][0xd5][0x8]tA[0xf4] [0x1e]e1A[0xf4][0x1a]`[0xa1][0x81]= [0xa8]S[0x8e][0x9a][0x12][0xca][0xe4][0x88]z[0x95]~[0xf5]=[0xe6][\n]"
05:47:21.907 [main] DEBUG org.apache.http.wire -  << "=[0x1c][0x83][0xac][0xa0]QOJ&[0x19][0x8c][0x90][0xd6][0xcc][0xd1]#[0xb4][0x91][0xe][0x9f][0x19][0x8c]%>[0xd2]1[0xe8])Hg[0x18][0xea]([0xe1][0xda]b[0x86][0xaf][0xa9][0x85][0xdc][0xd4]D[0x9a][0xd0][0xa4][0xb2][0xc1][0x88][0xe4]K[0xa3]J[0x1a][0xe9][0xac][0x7]*;[0x1d]1f>([0xd3][0x2][0xa2][0x9a][0xc2][0xee][0xbc][0x81]([0x18][0x90][0xe6][0x4][0xb1];j`[0x9b]$HgX`w[0xde][0x80][0x84][0x19][0xa2][0x95][0x89][0xbf][0x88][0xa3][0xb8]0[0xb5]DT][0xd8][0xbd]?[0xc0][0xb1][0x83][0x18][0xf0][0xc2][0xee][0xbc][0x1][0x89][0x1d]D[0xaf][0x8e][0xd6][0xb1]C(C[0xf]h[0xec][0x18]#[0x1d][0x90]?hb[0xc7][0x18][0xe9]d[0xe][0xda]T/[0xc6][0x4][0xf][0xca][0x18][0xe0]XA$OZ[0x5][0x0]"Y[0xd2][0xc8][0x6][0xa4][0x19][0x10]Z[0xd9][0x80][0x18][0xf4][0xa4][0xc1][0xc0][0xa0]1[0xd2][0xa9][0x11][0xd8][0xb3][0xc6][0xc0][0xa6][0x91][0xc1]=[0xcf]al8[0x8][0x8b]}c,s[0x15]4[0xec][0xf3][0x1a]#[0xcd]9[0xc][0xc6][0x14]d[0x84][0xc8]?[0xd8][0x9d]7[0x0]5[0xb3]1[0xd2][0xdc][0x2][0x8d][0x8a][\r][0xa4][0xf9][0x4][0x8f][0xd4][0xc4][0xb2]J[0x5][0x97][0xd2][0x92]J[0x5][0xe8][0xa9][0xc3][0x1]9[0x89]%[0xa9][0x18]=[0xc7][0xd2][0x92][0xd4]\[0xf4][0xa3][0x86][0x8b]R[0x8b]Js[0x91][0xa6]h[0xc1][0xa7]\[0x11]3Gk[0x8c]4[0xe5][0xe0]X[0x9e]Z[0x9c][0x9f][0x9b][0xaa][0x10][0x90]X[0x90]Z[0xa4][0xe0][0x9c][0x9f]X[0x82]a[0xb9]k~[0xb1]BfAqi[0xae]BfIbai[0xaa]BNbR~Qf~qb[0xae]B*X [0xb5][0x4]4][0x9c]YB[0x8e]cL[0x8d][0x11]}[0xb9]A[0x93][\n]"
05:47:21.907 [main] DEBUG org.apache.http.wire -  << "L[0x91]F[0x19]i[0xdb]>3E[0x1a]s[0x1c]D[0xde]G[0xd4][0xce][0x83][0xc7]QHC[0x93][0x83][0xc8]Q[0x83][0xb0][0xc]3%8[0xd6]9[0x0][0x5][0xab])[0xd2]i[0xfb][0x83]([0xfa][0x10][\r][0xdd]A[0xe4][0xa8][0xc1][0x98][0xfb][0x90][0xf6][0xd3][0xf][0x9e][0x90]B[0xba][0xba][0xdb]1[0xb5](?[0xa5]2/173Y[0x1][0xb2][0xd6][0xc9])[0xbf][0xa4]$[0x7][0xb3].[0x5][0xd5][0x90][0xf9]y[0xa9][0x90]UN[0xe0][0xa5]Ny[0x99][0x19][0x99]9[\n]"
05:47:21.907 [main] DEBUG org.apache.http.wire -  << "[0xc9][0xf9]EE[0xa5][0x5]%[0x99][0x90]+GS[0x8b][0x15]r[0x13]!'[0xb3][0xa7][0x92]W[0xaf][0x99]"[0x92][0x16]m[0xab][0x10]#[0x82][0xd7][0xf7][0xe]hG[0xc1][0x88]`[0xc6][0x1f]`[0xe7][0x11][0xca]m[0x3][0xeb]<[0xa4][0xe3]6[0xb0][0xe7][0xbb][0x1]v[0x1e]b[0x98]qP:[0xf][0xd1][0xb][0xc4][0x9f][0x9][0xa9]4[0xad]6[0xb8][0x7][0xf7][0x91][0xee][0xc2][0xc0][0x1e]Y[0x3][0xd0].0[0xa2][0xdb][0x9] FH[0xc7]8[0xf8][0xe6][0x97][0x16]cV[\r][0xf8]f[0x9a][0x89][0x9d][0xf3]2C$[0x1][0x1a]Z[0x82][0xa8][h[0xd3]I5[0xc2]<[0xac][0x1][0xc7]\,u2[0xe][0xd2]Y[\r][0xd4][0x9d]nC:o[0x81][0xca][0x6][0x13][0xda][0x16]1[0xb0][0xe5]2[0xd2][0xa9][0x4][0x83]'[0xab][0x9b]#[0xba][0xfa]4J[0xb6]H[0xc7][0xe]`[0xf7][0xf6][0x0][0xc7][\n]"
05:47:21.907 [main] DEBUG org.apache.http.wire -  << ""[0xdf]bw[0xde]@[0x14][0xc0]H[0x1b][0xf4]i[0x14]+[0x98][0xdb][0xe8]1[0x17]r[0xe2]+{[0x8d],-Q[0x8f][0xb4][0xc5]s[0xe0][0xac][0x11][0xd2]fxZy[0x7][0x91][0xf5][0xa1][0x8d][\n]"
05:47:21.907 [main] DEBUG org.apache.http.wire -  << "[0x1a]z[0xc7][0x12]Q[0x9f]@-[0xc3]Q[0x10]S:[0x8f]k[0x8c][0xb4][0xa7][0x8a]6[0x1]gl[0x80]h[0x8d]aO[0xfe][0x3][0x9a];[0x8d]i[0xbe]W[0xc1][0x18]i[0xed]5[0x8d][0x82][0x18]i[0xcd][0xf4]`[0xc]b[0xa3]AX[0x0][0x1a][0xf][0xee]3u[0x8d][0x91][0xd6]<c[0x8f][0xd2][0x1][0xa8]4[0x8c][0x91][0x96]I[0xd3][0xea]<[0xc]c[0xa4][0xb]qig[0x7]b[0xf1][\n]"
05:47:21.908 [main] DEBUG org.apache.http.wire -  << "[0xac]x[0xa5][0xe5][0x8c][0x1c][0xd2]d[0x7][0xd2]][0x88]>[0x99]y[0xa9]y8.[0x9c][0xc][0xcb][0xcf])-(I,V(K[0xcd][0xcb]L[0xcc]UH[0xcc][0xc9],,[0xcd]L[0xc1]9[0xd5]b[0x82]{'[0x8b]1[0xd2]Y[0xbb][0xae]y[0xf9]E[0xb9][0xf9][0xa5][0xc5][\n]"
05:47:21.908 [main] DEBUG org.apache.http.wire -  << "[0xbe][0x89]EI9[0xa9]8,[0xf7]LQ([0x83][0xd8]_[0x92][0x9][0xba][0xdd][0xb2],[0xb3]$1U[0xa1][0xb8][0xb4]89[0xb3] [0x13]v[0x9f]\[0xb1]Bb[0x92]BNfRjQ>NW[0xe1][0xa9][0xb0][0x8d][0x91][0xe6]Z<[0xf3]JRsr2[0xd3]S[0xf3]J[0x14][0xdc][0x8b][0x12][0xf3]2KR[0x15]p[0xc][0xe3][0x5][0x96]f*[0x14][0x97][0xe6][0x95]([0xe4][0xe6][0xe7][0xa4][0x16][0x97]d&[0xa6][0xc2]Y[0xc5]8.[0xb8]#~[0x82][0x8c][0xe0][0xa4][0xcc][0xc0]VTH3!n[0x89]y%[0x89][0xc5]%[0x99][0xc9][\n]"
05:47:21.908 [main] DEBUG org.apache.http.wire -  << "[0xce][0xf9]y[0xc9]E[0xa9]%[0xb8][0xa2]2[0x8]q[0xe7][0x9f]B*(-[0xa5][0x96]([0x14][0x96][0xe6][0xa7][0x80]n[0x9a]L[0x84][0x8e]y[0xe6][0x82]f[0xf7][0x12]S2[0xb]2[0x8b][0x93][0x91][0xaf][0x9f]D[\r]8<[0xf7][0x9][0x18]#-[0xea][0xc6]^V[\r]p[0xc0]!F[0xab]`[0x13][0x9f][0xd0]yW[0xef][0xbc][0xcc]4[0xcc][0x1][0x1][0xa7][0xd4]DP[0x82][0x87][0xe6]9[0x5]<[0xd9][0xe]_[0x2]GZ[0xdb]=([0x3][0x5][0xd1]*[0xa3]Q[0xa3]dp[0x8f][0x0][0x1b]#[0xdd][0x9f]<[0x18][0xe3]gp[0x8f][0x0][0x1b]#]X[0xec][0x93][0x99][0x9e]QR[0x9e][\n]"
05:47:21.908 [main] DEBUG org.apache.http.wire -  << ""[0x15][0xc2][0xf3][0xf3]s[0x14][0x9c]3[0x12]3[0x8b]0[0x16][0x14][0xf8][0x80][0xd6][0xf][0xa4][0xc2]k[0x96][0xd4]b[0x85]$[0xf8][0x16]t[0xa4][0x1a][0x4][0xd4],[0x3]M[0xd6][0xe4][0xa5][0x17]+Y[0xe1][0xcb]_H[0xb3]@[0xd8][0xe3]o [0x1a]HH[0x87]5[0xd3](W[0x99]"z[0x86][0xb9][0x89][0x99]y[0x89]y[\n]"
05:47:21.908 [main] DEBUG org.apache.http.wire -  << "[0x89]y[0x89][0xa0][0xf3][0xab]P[0x97][0xed][0x17][0x97][0xa4][0xa6][0x16]e[0xe6][0xa5]+[0x94]g[0xa4][0xa6][0xe6] [0x82][0x82][0xe8][0xad]3[0xc6]H3Y[0xd8][0xc3]w`[0xb]u[0xa4][0x1]d[0xec][0xce]C[0xf8][0x99]n{Y[0x8c][0x91][0xf6][0xb2][0xd0]([0xfa][0x91][0xe][0x98][0xa6][0x95][\r][0x88][0xda][0x92][0x9a][0xd7][0x1e][0xe1][0xd9]km[0x8c][0xb4]S[0xa6][0xb8][0xb4][0xb8]T![0xbb]4%Q!'3[0x11][0xb3][0x10][0x1]KC[0x13]<[0xf4][0xc0]6K[0x94]S[0xbf][0xf0]5S[0x90][0xce][0x9d][0xa6]m[0xd6]A[0x9a]r[0x80]v/[0xcc]0[0x8a]C[0xf8][0xc8][0x17][0xfa][0xae]?C[0xe2][0xb3]([0xd2][0xac][0x3][0xad][0x12][0x3][0xa2][0xe7][0xe][0xe]z[\n]"
05:47:21.908 [main] DEBUG org.apache.http.wire -  << "b[0x6]_Y[0x8e]4[0xef][0x80][0x9c][0xe6][0x0][0x0][0x0][0x0][0xff][0xff]"
05:47:21.908 [main] DEBUG org.apache.http.wire -  << "[\r][\n]"
05:47:21.909 [main] DEBUG org.apache.http.wire -  << "417[\r][\n]"
05:47:21.909 [main] DEBUG org.apache.http.wire -  << "B[0xda][0x96]d[0xa5]D[0xdd][0xab][0xb6][0x8c][0x91][0xe6][0x1e][0xa0]qD[0xab][0x11]6[0xa4][0xd3][0x98]i[0x14]KHg&[0xd3]2[0x96][0x90]f[0x17]hj[\r][0xad][0xe7][0xb][0x8c][0x91][0xe6][0xb]@e[0x89]Bbe"[0xe6][0x6]T[0xb0][0x17]A[0xd2][0x88][0x8a][0x4][0xb5][0xa8][0xc1][0x97][0xa0][0x91][0xee][0xb1][0xa6]u[0xea]B[0xe4]PZ[0xa5].[0xc4]R[0x9][0x1a][0xfb][0x5]i[0x10][0x9f][0xd6]6!*9[0x1a][0x85][0x1a][0xd2].HZ[0xfb][0x5][0xd1][0x93][0xc3][0xde][0x12][0x1a][0xd8][0x86][0x1a][0xd2][0x99][0xa5][0xd8][0x9d][0x87][0xc8]_[0xf4]k[0xa8]Y [0xd2]4[0x8d][0xe2][0x1f]i[0xf7]"[0xad]l@,B[0xa5]W[0xa5]Ip[0xcf][0xe3][0xc0]&5[0x82]{[0x12]q%5c[0xb4][0xe1]S*[0x1e]ZhlI[0xf3][0xea][0xc][0xe9]:qZ%5D[0xa7][0x93]V6[0xd0][0xbc][0x1a][0x3]u[0x13][0xa0]GA[0xd0][0xc6][0xf]&[0xa0][0x93][0xac][0xa0]6[0xd0][0xb6][0xc8]7A[0xda]?[0x89][0xb4][0x99][0x4]:[0xa8][0x8f]}[0xf8][0xc5]5[0xb3][0xb4]X[0xa1] [0xb5][0xa8][0xb8] 393[0xb1]$[0xb3][0x18]4[0x4][0x8c]4[0xee][0x2]J[0xa6][0xc4][0x8c][0xbb][0x98][0xd0]|[0x9b][0xa4][0x9][0xcd][0xa7][0xa4]M[0x90]6b[0xba][0xe7][0x17][0xa5][0xa7][0x82][0xa6]D[0xc2][0xf3][0xf3]SR[0xf3][0x14][0x9c][0xb1][0xf4]:[0xfd]S2K[0x10]+[0x85]as#[0xa9][0xc8][0xdb]p@[0x8b][0xec][0x88][0xb]>Z[0x17][0x7]&H[0xf3][0xed][0xb4]N[0x86][0xb4][0xce][0xb4]&[0x6][0x88]z[0x1a][0xbf]_[0xa8][0xb2] [0xcd][0x84][0xe6][0xbb]GM[0x90][0xe][0xca][0xa4]Q)[0x84][0xb4][0x81][0x94]V6 [0x1a][0xcf]t[0x89][0x14]D*[0xc3][0xde][0x80][0x1c][0xd0]F[0x87][0x9][0xd2][0x99][0x8b][0xd8][0x9d][0x87][0xab][0xd1][0x81][0xde][0xa4]b[0xa3][0xc3]d0n[0xb2]4[0xc5][0x1c][0x16][0xa3][0xd1][0x90][0x8b])[0x96][0xc1][0x1d][0x1a][0xce][0xef][0x9b]"[0x8d][0xf0][0x4]8+[0xb8];[0xfa]z[0xfa][0xb9]c[0xc][0xf8][0x5][0x7][0xb8]z+xx[0xba]{ [0xd2][0x83]%[0xa8][0xc5]@L[0xad]a[0x8a][0xb4][0x96]. 1'[0xd1]'[0xdf][0x7][0xf3]2x[0x9c]#[0x8a]F[0x96][0x96][0xa0]E[0x15][0xc4]Y[0x84]X[0xe5]Fc[0x8b][0x10]K0[0xe8][0xd4]{1E[0xba][0xbf][0x84][0xc6]~C4[0x97][0xe9][0xe4]7[0x13][0xa4]}[0xf9][0xf8][0xcb]dJ[0x17][0xc][0x9a][0x18]"[0x1a]0[0xd8][0xcb][0xbb][0x81]-[0x8e][0x91][0x96][0xf3]aw[0x1e]"[0xfb][0xd1]m[0xb8][0xc1][0x4]i[0xf3]7[0x8d][0xea]d[0xa4][0xcd][0xdd]4[0x8e][0xa4][0xd5][0x8c][0xb4][0xb6][0x9]1[0xb0][0x85][0xdf]&[0xea]4[0xfe][0x90][0x8e]x[0xa5]U$!Z2[0xf8]=Dq&[0x5][0xcd][0xa2]C[0xbb][0xa2]4[0xf2][0xb][0xd1]G[0xc0]R[0xec][0x17][0xa4][0x95][0x90]4[0xe]5[0xa4][0xe5][0x8d]0[0x9b]h[0xd8]l0[0x1]U[0xca]4[0x8e]$D%[0xb][0xf3][0x10]F[0xbb][0x4][0xde]l[0xa0][0xe4]lE[0x13][0xa4]%[0x8e][0xd8][0x8b][0xdd][0x81][0xad][0x15][0x90]V[0x1b][0xe]J[0xe7]![0xba][0xb9][0xd8][0x9d]7[0x10][0x95][0x16][0xd2]zC[0x1a][0x95]!H[0xeb][0x6][0xa1][0xc9][0x93][0xb4]-[0x15][0xf4][0xab][0xc0][0x91][0xce]V[0xc0][0xe9]RD[0x1c][0xe1][0xdb]5H[0xcd]^[0x9e][0x9][0xa2]#[0x8e]=[0xd9][0xc]l[0xa6]C[0xda][0xa1]N[0x83][0x93][0xb2]L@[0x97][0x93][0xd0][0xb6][0xf8][0x1c][0xdc]+[0x18]M[0x8][0xae]`D[0xa4]H[0xfa][0xe5][0x14]S[0x3][0x1d]%h[0xac][0xe0][0xcc])[0xf8][0xaa][0x1c]:[0xba][0x14]1[0x86][0xd3][0xa5][0x88][0x10][0xa4]W[0x9e]F:q[0xc3][0xad][0xb4](/[0xb3][0xa4][0xb4](U!$[0xbf][0x0][0xa3][0xde]F[0xc8][0xa6]$[0x16]e*x[0xa5][0x16]$[0x16][0x81][0x6][0x5][0xa0][0xcb][0xa2][0xc]A[0xa9][0x83][0x98].[0xbf][0x9][0xd2]BJ[0x1a][0x95][0xf3]H[0xe7]N[0xd3][0xca][0x6][0x8c][0xae][0x2]%5[0x9][\r][0xa7][0x3]ML[0x11]c[0x3][0x83])[0xd5]!z&[0x88]tE[0xd3]T[0x87][0xb4]~[0x93][0xaa][[0xb4]M[0x90][0xd6]`B[0x3][0x98]F[0xa3][0x8c]&D[0x9f]'Nq[0x17][0x8]i[0x81]$[0xad][0xfd]4[0xb8]Gw[0x90]V<R[0xfb][0xae][0x6][0x13]3D[0x1e][0x18][0x8c][0xad])[0xa4]1[0xed]A[0xe9]<[0xc4][0xc0][0xf1][0xa0]t[0x1e][0xa2]'[0x8c][0xdd]y[0x88][0x9a][0x9e]~-[0x10][0xa4]u[0x88][0xb4]h #-B[0xc4][0xee][0xe7][0x81][0xed][0x1e] [0x9d]@[0x80][0xdd]y[0x3][0x11]%H[0x13]-[0xf0][0xcd][0x92][0x90]M-[0xd8][0xe][0xc9]tLN.-N[0xcc]+[0xc9],[0xcd]U[0xc8]/([0xc9][0xcc][0x87]n[0xa9]+FZX[0x81][0xba][0x8d][0xe]}[0xd2][0xf][0xe9][0xe2][0x4]S[0xa4]SK[0x82]+[0xf3]R[0x8b][0xd2]3[0xc1][[0xfc][0xa0][0xb][0x13][0x82]3[0xf2]SAW[0xa1][0xae][0x8a]v[0x5][0xef][0xe7][0x3][0xed][0xe9]#[0xd3]ND[0xbe][0xa0]m[0xcd]b[0x8a]t[0xc][0x8][0xad]mB4[0x6][0x3][0x8a][0xf2]SJ[0x93]K[0x14][0x1c]Ks2[0x13][0x15][0x8c]1[0x1a][0xd1][0xa0][[0xeb][\n]"
05:47:21.909 [main] DEBUG org.apache.http.wire -  << "[0xa0]j[0x12][0xe1]j[0xa0]Mh|M~[0x94]xC4[0xe9][0xe8]c[0x1f][0xa2][0xa2][0xa2][0x8f]}[0x88][0xd1])[0x1a][0xda][0x17][[0xcb][0x5][0x0][0x0][0x0][0xff][0xff]"
05:47:21.909 [main] DEBUG org.apache.http.wire -  << "[\r][\n]"
05:47:21.910 [main] DEBUG org.apache.http.wire -  << "A[\r][\n]"
05:47:21.910 [main] DEBUG org.apache.http.wire -  << "[0x3][0x0][0x82]:[0x18][0xc3][0x9d][0xba][0x1][0x0]"
05:47:21.910 [main] DEBUG org.apache.http.wire -  << "[\r][\n]"
05:47:21.911 [main] DEBUG org.apache.http.wire -  << "0[\r][\n]"
05:47:21.911 [main] DEBUG org.apache.http.wire -  << "[\r][\n]"
05:47:21.911 [main] DEBUG io.restassured.internal.RestAssuredHttpBuilder - Parsed data to instance of: class org.apache.http.conn.EofSensorInputStream
05:47:21.917 [main] DEBUG org.apache.http.impl.conn.BasicClientConnectionManager - Releasing connection org.apache.http.impl.conn.ManagedClientConnectionImpl@34d3409d
05:47:21.918 [main] DEBUG org.apache.http.impl.conn.BasicClientConnectionManager - Connection can be kept alive indefinitely
05:47:21.988 [main] DEBUG net.thucydides.core.steps.StepInterceptor - STEP DONE: I send HTTP GET request
  &amp#27;[32mWhen &amp#27;[0m&amp#27;[32mI send GET HTTP request&amp#27;[0m                                &amp#27;[90m# starter.stepdefinitions.UserSteps.iSendGETHTTPRequest()&amp#27;[0m
05:47:22.000 [main] DEBUG net.thucydides.core.steps.StepInterceptor - STARTING STEP: UserSteps.iReceiveValidHTTPResponseCode404 - I receive valids HTTP response code 404
05:47:22.002 [main] DEBUG net.thucydides.core.steps.StepInterceptor - STEP DONE: I receive valids HTTP response code 404
  &amp#27;[32mThen &amp#27;[0m&amp#27;[32mI receive valid HTTP response code 404&amp#27;[0m                 &amp#27;[90m# starter.stepdefinitions.UserSteps.iReceiveValidHTTPResponseCode404()&amp#27;[0m
05:47:22.009 [main] INFO  - 
  _____   ___   ___   _____     ___     _     ___   ___   ___   ___  
 |_   _| | __| / __| |_   _|   | _ \   /_\   / __| / __| | __| |   \ 
   | |   | _|  \__ \   | |     |  _/  / _ \  \__ \ \__ \ | _|  | |) |
   |_|   |___| |___/   |_|     |_|   /_/ \_\ |___/ |___/ |___| |___/ 

GET - As admin I cannot get one detail product data
----------------------------------------------------------------------
]]></system-out>
  </testcase>
  <testcase name="GET - As admin I can get product ratings" classname="User" time="0.933">
    <system-out><![CDATA[
@TC-0011
Scenario: GET - As admin I can get product ratings &amp#27;[90m# src/test/resources/api/user.feature:34&amp#27;[0m
05:47:22.052 [main] INFO io.cucumber.core.plugin.SerenityReporter - Running feature from file:///C:/Users/Lenovo/IdeaProjects/MiniProject/MiniprojectApi/src/test/resources/api/user.feature
05:47:22.052 [main] WARN io.cucumber.core.plugin.SerenityReporter - Feature from file:///C:/Users/Lenovo/IdeaProjects/MiniProject/MiniprojectApi/src/test/resources/api/user.feature is not under the 'features' directory. Requirements report will not be correctly generated!
05:47:22.059 [main] INFO  - 
  _____   ___   ___   _____     ___   _____     _     ___   _____   ___   ___  
 |_   _| | __| / __| |_   _|   / __| |_   _|   /_\   | _ \ |_   _| | __| |   \ 
   | |   | _|  \__ \   | |     \__ \   | |    / _ \  |   /   | |   | _|  | |) |
   |_|   |___| |___/   |_|     |___/   |_|   /_/ \_\ |_|_\   |_|   |___| |___/ 

GET - As admin I can get product ratings(user;get---as-admin-i-can-get-product-ratings)
--------------------------------------------------------------------------------
05:47:22.167 [Finalizer] DEBUG org.apache.http.impl.conn.DefaultClientConnection - Connection 0.0.0.0:60318<->149.248.193.56:443 closed
05:47:22.207 [main] DEBUG net.thucydides.core.steps.StepInterceptor - STARTING STEP: UserSteps.iSetGETApiEndpointsProductRatings - I set the GET api endpoints product ratings
05:47:22.207 [main] DEBUG net.thucydides.core.steps.StepInterceptor - STEP DONE: I set the GET api endpoints product ratings
  &amp#27;[32mGiven &amp#27;[0m&amp#27;[32mI set GET api endpoints product ratings&amp#27;[0m    &amp#27;[90m# starter.stepdefinitions.UserSteps.iSetGETApiEndpointsProductRatings()&amp#27;[0m
05:47:22.211 [main] DEBUG net.thucydides.core.steps.StepInterceptor - STARTING STEP: UserSteps.iSendGETHTTPRequest - I send HTTP GET request
05:47:22.213 [main] DEBUG net.thucydides.core.steps.StepInterceptor - STARTING STEP: GetAllProduct.iSendGETHTTPRequest - I set the GET api endpoints
05:47:22.213 [main] DEBUG net.thucydides.core.steps.StepInterceptor - STEP DONE: I set the GET api endpoints
05:47:22.229 [main] DEBUG org.apache.http.impl.conn.BasicClientConnectionManager - Get connection for route {s}->https://altashop-api.fly.dev:443
05:47:22.229 [main] DEBUG org.apache.http.impl.conn.DefaultClientConnectionOperator - Connecting to altashop-api.fly.dev:443
05:47:22.333 [main] DEBUG org.apache.http.client.protocol.RequestAddCookies - CookieSpec selected: ignoreCookies
05:47:22.333 [main] DEBUG org.apache.http.client.protocol.RequestAuthCache - Auth cache not set in the context
05:47:22.333 [main] DEBUG org.apache.http.client.protocol.RequestTargetAuthentication - Target auth state: UNCHALLENGED
05:47:22.333 [main] DEBUG org.apache.http.client.protocol.RequestProxyAuthentication - Proxy auth state: UNCHALLENGED
05:47:22.333 [main] DEBUG org.apache.http.impl.client.DefaultHttpClient - Attempt 1 to execute request
05:47:22.333 [main] DEBUG org.apache.http.impl.conn.DefaultClientConnection - Sending request: GET /api/products HTTP/1.1
05:47:22.333 [main] DEBUG org.apache.http.wire -  >> "GET /api/products HTTP/1.1[\r][\n]"
05:47:22.333 [main] DEBUG org.apache.http.wire -  >> "Accept: */*[\r][\n]"
05:47:22.333 [main] DEBUG org.apache.http.wire -  >> "Host: altashop-api.fly.dev[\r][\n]"
05:47:22.333 [main] DEBUG org.apache.http.wire -  >> "Connection: Keep-Alive[\r][\n]"
05:47:22.333 [main] DEBUG org.apache.http.wire -  >> "User-Agent: Apache-HttpClient/4.5.13 (Java/14.0.2)[\r][\n]"
05:47:22.333 [main] DEBUG org.apache.http.wire -  >> "Accept-Encoding: gzip,deflate[\r][\n]"
05:47:22.333 [main] DEBUG org.apache.http.wire -  >> "[\r][\n]"
05:47:22.333 [main] DEBUG org.apache.http.headers - >> GET /api/products HTTP/1.1
05:47:22.333 [main] DEBUG org.apache.http.headers - >> Accept: */*
05:47:22.333 [main] DEBUG org.apache.http.headers - >> Host: altashop-api.fly.dev
05:47:22.333 [main] DEBUG org.apache.http.headers - >> Connection: Keep-Alive
05:47:22.333 [main] DEBUG org.apache.http.headers - >> User-Agent: Apache-HttpClient/4.5.13 (Java/14.0.2)
05:47:22.333 [main] DEBUG org.apache.http.headers - >> Accept-Encoding: gzip,deflate
05:47:22.673 [main] DEBUG org.apache.http.wire -  << "HTTP/1.1 200 OK[\r][\n]"
05:47:22.673 [main] DEBUG org.apache.http.wire -  << "content-type: application/json[\r][\n]"
05:47:22.673 [main] DEBUG org.apache.http.wire -  << "date: Mon, 08 May 2023 22:56:12 GMT[\r][\n]"
05:47:22.673 [main] DEBUG org.apache.http.wire -  << "transfer-encoding: chunked[\r][\n]"
05:47:22.673 [main] DEBUG org.apache.http.wire -  << "content-encoding: gzip[\r][\n]"
05:47:22.673 [main] DEBUG org.apache.http.wire -  << "server: Fly/3f2597ca (2023-05-03)[\r][\n]"
05:47:22.673 [main] DEBUG org.apache.http.wire -  << "via: 1.1 fly.io[\r][\n]"
05:47:22.673 [main] DEBUG org.apache.http.wire -  << "fly-request-id: 01GZYS8RCHN8HAS9XNAZSAA6VR-sin[\r][\n]"
05:47:22.673 [main] DEBUG org.apache.http.wire -  << "[\r][\n]"
05:47:22.673 [main] DEBUG org.apache.http.impl.conn.DefaultClientConnection - Receiving response: HTTP/1.1 200 OK
05:47:22.673 [main] DEBUG org.apache.http.headers - << HTTP/1.1 200 OK
05:47:22.673 [main] DEBUG org.apache.http.headers - << content-type: application/json
05:47:22.673 [main] DEBUG org.apache.http.headers - << date: Mon, 08 May 2023 22:56:12 GMT
05:47:22.673 [main] DEBUG org.apache.http.headers - << transfer-encoding: chunked
05:47:22.673 [main] DEBUG org.apache.http.headers - << content-encoding: gzip
05:47:22.673 [main] DEBUG org.apache.http.headers - << server: Fly/3f2597ca (2023-05-03)
05:47:22.673 [main] DEBUG org.apache.http.headers - << via: 1.1 fly.io
05:47:22.673 [main] DEBUG org.apache.http.headers - << fly-request-id: 01GZYS8RCHN8HAS9XNAZSAA6VR-sin
05:47:22.674 [main] DEBUG org.apache.http.impl.client.DefaultHttpClient - Connection can be kept alive indefinitely
05:47:22.674 [main] DEBUG io.restassured.internal.RestAssuredHttpBuilder - Parsing response as: application/json
05:47:22.674 [main] DEBUG org.apache.http.wire -  << "240[\r][\n]"
05:47:22.674 [main] DEBUG org.apache.http.wire -  << "[0x1f][0x8b][0x8][0x0][0x0][0x0][0x0][0x0][0x4][0xff][0xaa]VJI,IT[0xb2][0x8a][0xae]V[0xf2]tQ[0xb2]241[0xb1]0[0xd2]Q[0xf2]K[0xcc]MU[0xb2]RJI-N.[0xca],([0xc9][0xcc][0xcf]S[0xd2]QrA[0xe2]Y))[0xe9]([0x5][0x14]e&[0xa7]*Y[0x19][0xe8]([0x5]%[0x96]d[0xe6][0xa5][0x17]+Y[0x99][0xe8](9'[0x96][0xa4][0xa6][0xe7][0x17]e[0xa6][0x16]+YE[0xc7][0xd6][0xea] [0xc]6[0x86][0x1b][0xec]Y[0x90][0x91][0x9f][0x97][0xaa]`h[0xa8]`f[0xa2][0x90][0x9e][0x84]axANb[0xa5]BFb[0xb1]B^[0xbe]BNfnfI1[0xc2]:#KK$[0xb][0x8d][0xd0],[0x84][0xda]fdjb[0x8][0xb7][0xcd]=173/[0x1d][0xc3][0x12][0xb7][0xfc]"[0x85]t[0xb0][0x94]BAiQA~qj[0xb1]R-[0x8a][0x83]-[0xe0]F[0xb8][0x95][0x16][0xe5]e[0x96][0x94][0x16][0xa5]*[0x84][0xe4][0x17]`[0x9a][0x4][0x97]MI,[0xca]T[0xf0]J-H,JD[0xb8][0xd8][0xd0][0x4][0xd9][0xc5][0xa6]h.F[0xb1][0xd1][0x4]ncp~^[0xa5]B@[0xb0]![0x86]e[0xf8][0xc2][0xc6][0x4]%l[0xc][0xd1]l[0xa2]j[0xd8][0x98][0x12]v)"[0x4][0x90][0x93][0x88][0x1]-]e[0x6]w[0x15][0x15]c[0xc][0xdd][0xc5][0xc8]1f[0x89]Hf.a.[\n]"
05:47:22.674 [main] DEBUG org.apache.http.wire -  << "[0xbe][0xa5][0xe9][0xa9]y[\n]"
05:47:22.674 [main] DEBUG org.apache.http.wire -  << "!E[0x89][0x99][0xf8]r[0x8c][0xa1][0x91][0x81][0x81][0x1][0xbe]0A[0xb1][0x1][0x91][0x1f][0x13][0xf3][0x12][0xb3][0x15][0x12]+[0x13]s1[0x12]Eqiq[0xa9][0x2]H[0x1a][0x11][0xe6][0x96](i[0x1][0xaf][0x1f][0xcc][0xe1][0xa1][0x16][0xe1][0xe4][0x1f][0x81][0x99][0xe4][0x10]9[0x5]a<jR3[0xa6]a[0xa4][0x82][0xfc][0x1]-[0x90][0xb0];[0xf][0x97][0xa3][0xd0][0xfd]L[0xc5][0xf4]o[\n]"
05:47:22.674 [main] DEBUG org.apache.http.wire -  << "[0x8a]>[0xa8][0xa3]h[0x13][0xef][0xa6][0x6][0x88][0x94][0x5][0x8a]X[0xea][0xc7][0xbb][0xa9][0x1][0xad]S[0x96][0xa9][0x1][0xa2][0xc8][0xa7][0x91][0x1f],[0x10]e[0xb4]SQbrjNj[0x9]F[0xe6][0xf0]MLIU[0xc8]OS[0xc8][0xc8]L[0xcf]P(,M[0xcc][0xc9],[0xa9]T(HM,[0xca]A[0xae]V[0x8c][0x88][0xcb][0x90][0xc6][0xc6]f[0x18][0x85][0xb4])[0x86][0x95][0xf8][\n]"
05:47:22.674 [main] DEBUG org.apache.http.wire -  << "i[0xd4][\n]"
05:47:22.674 [main] DEBUG org.apache.http.wire -  << "[0xc]w[0x8d]illf[0x9][0xcf][0x98]%[0xa9][0xc5][0xa0]*V[0xa1][0xa0](?[0xa5]4[0x19][0xd3][0x8f]%[0x19][0x99][0xc5][\n]"
05:47:22.674 [main] DEBUG org.apache.http.wire -  << "[0x99][0xc5][\n]"
05:47:22.674 [main] DEBUG org.apache.http.wire -  << "%[0x19][0xa9]05[\n]"
05:47:22.674 [main] DEBUG org.apache.http.wire -  << "[0xa8][0xd5]7[0x96][0xda][0x1a]=[0xd7]"[0x8a][0x1d]ccsD[0xf2][0xa3][0x9a][0xdd][0x86]h[0xc5][0x1e][0xee][0xaa][0xd0][0xd8][0xd8][0x1c][0x91]8[0xa9]j?R[0xdb][0x1][0xaf][0xf5][0x88]H[0xa6][0xaa][0xf5][0xc8][0x89][0xc][0xaf][0xfd][0x88]2[0x99]f[0xf6][0xa3][0x97][0x8f]([0xd1][0x8f][0xc8]W[0x98][0xf6][0x3][0x0][0x0][0x0][0xff][0xff]"
05:47:22.674 [main] DEBUG org.apache.http.wire -  << "[\r][\n]"
05:47:22.675 [main] DEBUG org.apache.http.wire -  << "478[\r][\n]"
05:47:22.675 [main] DEBUG org.apache.http.wire -  << "Bm[0x9][0x12][0x9d][0xf4][0xd0][0xa3][0x1f]_[0xd2]7[0xa7]A[0xd2]G[0xb7][0x1f][0x9f][0xff]-[0xc][0xa8][0x9f][0xf5][0xd0][0xed][0xc7][0x97][0xfd][0x90]Z[0xe1]4[0xb][0xbc][0xfe]G[0x94][0xdc][0x3]c?"[0xff]y[0x4]([0xe4]f[0x96][0xe4]c[0xa4];p[0x19][[0x92]Z[0x94][0x94][0x98][0x99][0x8d]h[0x2][0x98][0x9a][0x99]#eq[0xbc]^Dd1[0xd2][0xda][0x15][0xe8][0xf9][0x96]z[0xed][\n]"
05:47:22.675 [main] DEBUG org.apache.http.wire -  << "cc[0xb]D[0xba][0x87][0xf6][0x0]([0xa9]\[0xf0][0xa5]0KD[0xc][0x7][0x4]+`[0xda][0x92][0x9e][0x98][0x9b][0xaa]`[0xaa]P\[0x92]X[0x84][0x8]][0xd4]V[0x1f][0xbe][0xc]l[0x89][0x88]@[0xba]4[0xc5][0x8d]M[0x90][0x9a]dT[0x8]:<)[0xc7][0x4][0xa9]iF/[0xbf]!"[0x8b][0xd6]~C[0xc4][@QbrIfrb[0x8e]Bx~~Jj[0x9e][0x82]w^fZ*F>t[0xcc][0xc9]L,VH+MOT(-[0xd1]C[0xa4][0x15]CP[0x84][0xc0]G[0x6][0xf0][0x86]'"'Rod[0x0][0xaf][0x85][0x88]\[0x6][0xb3][0xd0][0x88][0xe2][0xa1][0x8]|[0x16][0x1a]"[0xaa][0x13][0x98][0x85][0x94][0x8f]}[0xe0][0xb5][0x10][0xd1]|[0xa3][0x93][0x85][0x18][0x3][0x2][0xe6][0x18])[0x5]\b[0x13]5[0xac][0x83][0xd7]k[0x88][0xd4][0x12][0x90][0x98][0x93][0xe8][0x93][0xef][0x3][0x1a]kAm[0x93][0xc0]m[0xc2]2zdl[0x8c]TA[0xe0])[0xc2]L[0xc][0x11]m rKH[0xbc][0xfe]@$BZ[0x18][0xf][0xea][0xcf]@{[0xa8]t[0xea][0x19][0x99][0x18]![0x12][0x1d]M|[0x84][0xe8][0x12][0xd0][0xc4]xD[0x19]K[0xb7][0x0]C[0x14][0xb6]t[0xb3][0x12][0x91]O[0xa9]i%[0xbe]|d[0x84][0x18][0x95][0xa3][0xa6][0x95][0xf8][0xf2][0x96][0x11][0xa2][0x8c][0xa0]q}i[0x84][0xc8][0xc5]4j[0xa8][0x9a][0x18]#*[0xf]Z[0x86][0x1f][0xac][0x19]ka[0x88]H"[0x8e][0xc9][0xc9][0xa9][0xc5][0xc5][0x90][0xd1]|[0x8c]~_[0xbe]Bj^Fb^r[0xaa]Bb[0x1]h8[0x5][0xc4]D[0x1e]A761F[0x14][0x8][0xc5][0xa9][0x5][0xa9])[0x98][0x5]ubf%H[0x10]:8ad[0x8a][0xdc]?[0xc6][0x17][0xc1][0xc6][0x88][0xb2][0x80][0x96]a[0x82][0xd4]%6[0x1][0xd5][0x1b][0xd0][0x2][0x95][0xda][0x9e][0xa1]1`[0x8c][0x88][0xe3]`p[0xcc]([0xf8]d[0x16][0x97][0x14][0x81]{R[0xa8]U)T:[0x7]"[0xad][0x90][0x97][0x9e][0x9a]T[\n]"
05:47:22.676 [main] DEBUG org.apache.http.wire -  << "[0x1a]"=[0xca][0x10][0xc5][0x0][0xd4]L[0xa8][0x95][\n]"
05:47:22.676 [main] DEBUG org.apache.http.wire -  << "N[0x89]9[0x89][0x98][0xb3]*PE[0xa8][0x16]+$%[0xe6][0xa5][0x83][0xc7][0xf8][0xa0][0xf6][0x9b][0x12][0x9f]d[0x10]e[0x2][0xdd][0x92][0xc][0xa2][0x5]A7+[0x11][0xe5][0x11][0xbd][0xac]4A[0x94]OA[0xa5][0xc5]%[0x99][0xc9][0xb0][0xfe][0x82]S"[0xe6][0xac][h[0x89]BjQQ~[0x91]BQjriqb^Jb[0xaa]BA~qqfni[0xb1]Bn~[0xe]h[0x9c]31U[0xa1]85E!3[0xb7] 5%[0x93][0xbc].[0x5][0xd2][0xf4][0x1f][0xa2][0x1b][0xe3][0x93][0x99][0x97][0x9a][0xa7][0xe0][0x94]_R[0x92][0x83][0xa5][0x1b]SZ[0xa2]P[0x90]ZT\[0x90][0x99][0x9c][0x99]X[0x92]Y[0xac][0x90][0x92][0x9f][0x93]_[0x94][0xaa][0x90][0x92][0x99]\[0x92][0xa8]P[0x90]_T[0x94][0xaf][0x90]YP\[0x9a][0xab][0x90][0x9a]HV/[0xc7][0x84][0xfe]E[0x96][0x9][0xa2]I[0x13][0x9c][0x93][0x9a][0x9a][0xad][0x0][0x9][0x1][0xf7][0x9c][0xfc][0xb2]T[0xd0][0xd8]7jN[0xf7]OK[0xcb]L[0xce][0xcc],VH[0xce][0xcf]+N-,M,)-RH[0xcc][0xcb][0xcc][0xcd][0x84]GL[0xb1]BY~NiAIbI[0xaa]BJjNj^fI&y[0x81]A[0xff]"[0xcf][0x4]Q[0xe4][0xb9][0xe7][0x17][0xa5][0xa7][0xe6][0x97][0x16]+[0x4][0x95]&%[0xa5][0x16])8[0x83][0xc7]8[0xd0]B#%[0xb3][0x4][0x92][0x6]Js[0x15][0x12]A[0x89][0x3][0x9c][0x4]r[0x12][0x93][0xf2][0x8b]2[0xf3][0x8b][0x13]s[0x15][\n]"
05:47:22.676 [main] DEBUG org.apache.http.wire -  << "K3[0x15][0x12]s2[0xb]K3S[0x14][0x8a][0xc9]M[0xa7][0x88]B[0x11][0x91]N[0xdd][0x8b][0x12][0xf3]2KR[0x15][0x9c][0xf3][0x13]A%-[0xaa][0xbb]\K@}[0xed][0xcc][0xc4][0x12][0x85][0xfc][0xdc][0xbc][0xcc]b[0x85][0xdc][0xcc][0xbc][0xcc][0xdc]D[0x85][0xbc][0xd2][0xdc][0xc2][0xd2][0xc4]\[0x85][0xe2][0xd2][0xe2][0xe4][0xcc][0x2]r][0x83]("[0x83]+[0xf3]R[0x8b][0xd2]3a[0xd9]9G!8#[0xb3][0x8][0xab]kR[0x8b]K[0xe0][0xa9]"3[0xa9][0xb4]X[0xa1] '195[0xb1]D![0x95][0xbc][0xac][0xb]*[0xd0][0xa1][0xf5][0xac][0x2][0x8d][0xba][0x90][0xa6][0x88][0xac]HV[0xf3][0x90][0xd8]V[0x8a])R[0xfe][0x83][0xcc][0xe7]c[0x8e][0xb3][0xc1][0xbb][0xaa][0x4][0xd7]:[0xe0]k[0xf][0x99][0xd2]??[0x99]"[0xf2][0x13][0xbd]j[0x1a]SDn[0xa1][0x9b][0x95][0x88],A7+[0x11][0xad][0x6][0xb2]R'[0xea][0x4]#[0xde]T[0x83]h,[0xd0][0xd8]&3D[0x1b][0x1]j[0x13][0xe6]2[0x3]|9[0x1]u[0xe0][0x19][0xdd]O[0xb0][0xae][0xb][0xe5][0xab]~[0x8c]M[0xcc][0x10]}[0x16][0xa8]Ki[0x95]g[0xcd](,[0x85][0x88][0x8f]g3[0xba][0x95]C[0xd4][0x9d][0x1c]G[0x8f]g[0xe4][0xee][0x98][0x19][0xa2][0xf8][0xa1]u<!J[0x1d][0xa8]M[0x83]6[0xed]"[\n]"
05:47:22.676 [main] DEBUG org.apache.http.wire -  << "+[0x9c].E[0xc][0xd0][0xe3][0xab][0xc5][0xa8][0x9a][0xa3]0[0xca]3J[0xc2][0x8f][0x86][0xb3]o&H[0xb].[0x6]Q[0xf8][0x99]c[0x94][0x9d][0xb4]*[0x91][0x90][0x16]}[0xf8]%[0x16]g*[0xb8]$[0x96][0xe6])x[0xa5][0x16][0x95][0x82]&X[0x11][0xcd]P[0x0][0x0][0x0][0x0][0xff][0xff]"
05:47:22.676 [main] DEBUG org.apache.http.wire -  << "[\r][\n]"
05:47:22.676 [main] DEBUG org.apache.http.wire -  << "5A4[\r][\n]"
05:47:22.677 [main] DEBUG org.apache.http.wire -  << "[0xca]S[0xb2]R[0x2][0xcb][0x97][0xa7][0xe6]%fg+[0x94][0xa4][0xe6]%[0xe6])[0xe4][0x96][0x16][0xe5][0xa6]"[0xcd][0x15][0x1a]Z[0xe2]_[0xe4][0x6]Kb[0x16][0x96][0x88]T[0x9b][0x9c][0x9f]W[0x92][0x9f][0xa1][0x9b][0x8c]XC[0x8a]>[0xea][0xe4][0x96]X[0x9c][0x91][0x99][0x9f][0x97][0x98][0x94][0x93][0x8a]:[0xd6][0x84][0xb4]`[0x4][0xec]6[0x84][0xdb][0xc1]K[0xa7][0x14][0xd2][0xf3][0x8b]R[0xb1][0xac][0x2][0x5][0xab][0xa5][0x92]?[0x10][0xe9][0x9c][0xb0]?0U [0xad]=561[0xa7][[0x89]mN[0xb7]r[0xd4][0x1c][0x11][0xcf][0xd0][0xdc]E[0xb3]tL[0xb7]v[0x8d][0x5][0xdd]Z[0xb][0x16][0x88][0x14][0x11][0xe1][0x94]_[0xa1][0x80]Y[0x86][0xd2][0xbf]d[0xb7]@[0xf4]:p[0xb8][0x89][0xf0][0xd2]Q[0xf4]:[0x1e]V,P[0xa3]-[0x87][0xb4]:pp[0xba][0x8f]n[0xe9][0x14]i[0x9d]2[0x8e][0x90]@[0xa4][0x1e][0xfa][0xb5][0xb5]-[0x11]-[0xe0][0xc1][0xe4]*DN[0xa3]q9[0x85][0xb4]H[0x6][0xfb][0x12][0xa4][0x81][0xcd]>[0x96][0x88][0x86]/v[0xe7][\r]H[0x9a]A[0xd4][0xb2][0xd8][0x1d]5[0xa0]a[0x86][0xbc]0[0x1c][0xbb][0xf3]p[0x85][0x19][\r][0xdb][0xb5][0xc8]k[0xc9]i[0x9b][0xa2][0x91]W|c[0xf7][0xfe][0x0][0xc7][0xe][0xa2][0xb1][0x83][0xdd]y[0xb8]b[0x87][0x86][0xb5][0x94][0xa9][0x1]"[0x9b][0xd1]:v([0xcf];[0xb4]L[0xa6]H[0xab][0xa4][0x6]O[0xec][0x18]"Zx[0xd8][0x1d]5[0xb0])[0xda][0x10]QYaw[0xde]@[0xa4]hCD[0xbb][0x90][0xc6])[0x1a]i[0xad][0x2][0xad]m[0xa2][.5[0xa4]W?[0xc9][0x14]i[0x85][0x1b][0x8d]C[0xf]i5[0x1a][0xad]mB[0xb4])im[0x13][0xdd]R[0xb9][0x11][0xa2][0xda][0xa2][0xb5][0x9f][0xe8][0x96][0xca][0xe9][0xb6]D[0xcb][0xd4][0x8]Q[0xeb][0xd1]:[0xf4][0xe8][0xd5][0x9f]3EZ[0x13]Fc?![0xad][0xe1][0xa2][0xb5]M[0x88][0x9c][0x8b][0xbd]*[0x1b][0xd8][0x9a][0xd6][0x18][0x91][0xdd][0xb1];o jZ[0xe4]u\4[0x9d]a65[0xa6][[0xc9]`[0x8c][0xa8][0xff]<[0x2][0x14][0x9c]A[0x8b]p2[0xb1]lP[0xc9]I-([0xc9]/P[0xc0][0xd8][0x1]d[0x9][0x2]HK[0xbc][0xd1][0x9b][0xee]H[0x93]H[0xa6][0xc6]T-[0x1a][0xd0]7[0xdc]#[0xdb][0x84][0xb4]Hj 6T![0x8f][0xa6]Q[0xcd]~|[0x13]H(~GdlBv#[0xf2][0x10]h[0xb7][0x1c][0x91][0xb1][0x88][0xb4][0xcc][0x89][0x90][0xf9]doV[0xc4][0x97][0x8a]L[0x10]%[0x3]U[0xed]'[0xd6][0xfb][0x88][0x9c]IU[0xeb][0x89][0x8e]^D&[0xa2][0x99][0xfd][0xe8][0xdd]N[0x94][0xe4][0x85][0xa8]uif?[0xbe][0xe8]GZ[0xb0]40[0xf6]#z[0xa8]4[0xb3][0x1f][0xfd][0x9c][0x15][0xe4][0xf0]GZME3[0xfb][0xf1][0x86]?[0xa2][0xb]<0[0xf6][0xd3]([0xfb][0x13][0x9b][0xff][0x90][0x16]b[\r][0x8c][0xff][0x11][0xe5][0xf][0xac][0x85]hjJ[0xa3][0xa9]=SSD[0xe3][0x80][0xba][0xab][0xf0]MM[0x11][0xc5][0x98]g^IjNNfzj^[0x89]BpIj*h[0xf5]c>[0x96][0x15][0xb3][0x9e])[0xa0][0xf3]$[0x8a]3[0x15][0xf2][0x12]KJ[0x8b]A[0xb]BADb1YkbMM[0x11][0xe5][0x18],[0x1c]i[0xb3][0xfe][0xd1][0x14]s5[0x16][0xad][0xa2][0x8b]n[0xab][0xa9]L[0xe9][0xb6][0x9a][0xca][0x94]nk[0x9c][0xc0]{[0xd9][0xa1]Kai[0x9d]"[0x10][0x89][0xdf]5/[0xbf]([0x17][0xb4]8: '[0x11][0xbc][0xfc][0xd7]9#1[0x13][0xb4][0xae][0x3]u[0x1]H[0x18]d!8[0xe8][0xd4][0x91][0x92]T[0x85][0xbc][0xfc]<[0xd0][0xb9]#e[0x99])[0xa0]<[0x93]ZL[0xd6][0xd2]_S[0xa4][0xf5]7.[0xa5]E[0xa0]5[0x1e][0xa0][0xad][0x4]9[\n]"
05:47:22.678 [main] DEBUG org.apache.http.wire -  << "[0xd8]][0x10][0xc]][0xea][0xac]PX[0x9a][0xaf][0x80][0xb4].;3[0x8f][0x9c]%[0xe9][0xa6]t[fc[0x8a][0xb4][0xcc][0x86][0xc6][0xd1]J[0xb7]e$[0xa6]t[FbJ[0xb7]e$[0xa6]H[0x87][0x90][0xd0]8[0x9e][0x90][0x8e][0x1b][0x9][0x8]6[0xc1],[0xf5][0x8b]M[0x14][0x92][0x12][0x8b]J[0x11][0xbd]#c[0xfc]k[0xab][0x90][0x9b]gt[[0xa2]b[0x8a]th[0x9][0xad][0xc3][0xb][0xd1][0xe4][0xa3][0xb5]M[0x88][0xc6][0x1d][0xad]m[0xa2][0xdb] [0xaf][0x5]f[0x83][\r]3[0xc9][0x11]}[0x4]#[0xbe][0xa6][0xb9][0x5][0xa2][0xb5]F[0xeb][0xd0]CT`[0xb4][0xb6][0x89]n[0xcd]4Kz-[0xfc]4EZ[0x1e]D[0xe3][0xd0]CZ[0xf2]Ck[0x9b][0xe8]VFX"[0xca][0x8][0xaa][0x97][0xde][0x96]t+[0x15][0x90]V[0xfb][0xd0]:f[0xe8][0x95]W[0xcd][0x90]N[0xea]q-J[0xcf][0xcf][0xcb][0xcf][0xcd]LVp[0xcc])[0xcd][0xcd][0xcc]+[0xcd][0xc5][0xba][0xed][0xcf][0xb1][0xb4]D!)5[0xb1]$1[0x15][0xbe][0xa9]-5W!7[0xb1]"37U!/57_!3'[0xa7]4[0x17][0xb4][0xe1][0xf][0xdc][0xf7]#[0xa7][0xa9]if@[0xaf]b[0xd1][0xcc][0x80]^[0x85][0x95][0xd9][0xe0]^'a6[0x18][0xd7]I[0x98][0xd1]k[0x9d][0x84][0x89][0x9]RUB[0xab][0x93]8[0xe9][0x95][0xd2]L[0x91][0xf6][0xb][0xd0][0xba][0xa0][0xa2][0x97][0x9f][0xcc][0x90][0xce]b[0xa5][0xad][0x9f][0xcc][0xc][0x10][0x95][0x15][0xad]m[0xa2]W[0xd5]efH[0xaf][0x6][0xad][0x19][0xd2][0x8a][0x19][0xec][0x93][0xc0][0x3]:Gm[0x86][0xb4][0xcc][0x6][0xbb][0xf3][0x10]=H[0xba][0xad][0xf2]6C:[0x16][0x8a][0xc6])[0xce][0x8][0xd1][0xe4][0xb][0x8]64[0xa0][0xa0]S[0x83]~[0x9e][0x11]|W[0x2]R5[0x7]9<[0x1e][0xc3][0x92]4[0xfc][0xe7][0xca][0x1b][0x9b][0x19][0xd1]-[0x7]"[0x9d][0xbc][0x94][0x9d]Y[0x90]X[0xac][0x90][0x98][0x97][0x8e][0xe5]d[0xf2][0xdc][0xd4][0xbc][0xf4][0xd4][0x9c][0xd2][0xc4][0xa2][0xec][0xc4]<[0x88][0x12][0x85][0xe2][0xc4][0xbc][0xf4][0xc4][0x12][0x85][0xec][0xd4][0xbc][0xe4]D[0xf0][0xae])[0xe8]q+[0xf8][0xf][0xf5][0x83][0x87][0x12][0xd2][0xf1][0x1b][0xe4][0x9d][0xbe]ol[0x86][0xb4]>[0x8]~\[0x83]SQ~^U*[0x8e][0xe1]@[0xc8]9[0x84]E[0xa9][0x5][0xa9]99[0xa9]y)[0xa5][0xc5][\n]"
05:47:22.678 [main] DEBUG org.apache.http.wire -  << "[0x89][0xc9][0xa0]#F@[0x7][0x8b][0x14][0x96][0x92]5$o[0x86][0xb4]t[0xc8]75%3?[0xb9]([0x15]4"[0x9]:[0xc][0x11][0xc7]![0x1a][0x8e]`;[0xf3]J2A[0x7][0x85][0x94]([0xe4][0x83][0xcf][0xd4]HT(K[0xcd][0xc9],Q[0xc8][0xcb]O[0xca],&[0xab][0xc5][0x88]t[0xcc][0xd4][0x90][0x8b]I[0xa4][0xb5]JC[0xcf][0xed][0x88][0xb9][0xd5][0xa1][0xe7]v[0xc4][0xb2][0x8b][0xa1][0xe7]vDIN[0xe3]:[0x3]iY[0x97]g^rQjJfRN[0xaa][0x2][0xac][0xa4][0xc9][0xc9]O[0xc6][0xdc][0xfb][0xea][0x9a][0x8]?fE!5/[0x13][0xd2][0x19],[0x6][0xe5][0xef][0xd4][0xe2][0xe4][0xcc][0xd2][0xbc][0x12][0x85][0x94][0xd2]d[0xf0][0x81]F[0x90]3[0x84]r[0xc9][0xca][0xf2]t[[0xda]e[0x86][0xb4][0xe0][0x8a][0xd6][0x81]M[0xb7][0x6]5[0xd2][0x9a] [0x1a][0xfb][0xc9][0x84]n[0xcd]\[0x13]D3[0x97]&[0x19][0x1a]g[0xa3][0x87][\n]"
05:47:22.678 [main] DEBUG org.apache.http.wire -  << "[0xd5][0xb9][0x9][0xe5]C[0x1e][0xc8][0xb7][0xe8][0xe0][0x19]t63[0xa1][0xdb][0xf0][0x12][0xd2][0xca][0x1f][0x1a]'2SD=Dk[0x9b][0x8][0x97][0xbc][0x0][0x0][0x0][0x0][0xff][0xff]"
05:47:22.678 [main] DEBUG org.apache.http.wire -  << "[\r][\n]"
05:47:22.678 [main] DEBUG org.apache.http.wire -  << "D07[\r][\n]"
05:47:22.678 [main] DEBUG org.apache.http.wire -  << "R[0xc2]wR[0xb][0xd1][0xa7][0x92][0x98]![0xad][[0xa1][0xb5][0x9f](O|[0xc4][0xad][0xc5]3[0xa3][0xdb][0x1a][0xe]3[0xba][0xad][0xac]0[0xa3][0xdb][0xe9]1ft;[0xd3][0xc5][0xc]tK[0x0]]VV[0x98]![0xad]i[0xa0]q*[0xa7][0xdb][0xb2][0x2]3[0xa4]e[0x5][0x1e][0x5][\n]"
05:47:22.678 [main] DEBUG org.apache.http.wire -  << "a[0x99]e[0xf9][\n]"
05:47:22.678 [main] DEBUG org.apache.http.wire -  << "[0x91]FF[0x18]=[0xe1][0xdc][0xd4][0xdc][0xcc][0x9c][0xcc][0xec]L[0x85][0xe2][0x82][0xd4][0xe2][0xcc][0xb4][0xcc]l[0xd0][0x99]"[0x95][0x89]y[0xe9][\n]"
05:47:22.678 [main] DEBUG org.apache.http.wire -  << "[0x89][0x5][0xe0][0x93]F[0xa1][0x9d]Jc[0xd0][0xbd]0([0xa7][0xc5][0xa3][0xd7]DH[0xf3][0xd9]f[0xe6][0xa4]t[0x9f][0xb1][0x9c][0xff][0x8d]''S[0xaf][0xff]jb[0x82]t[0xbf][0x2]4[0xde][0x8d]1[0x2][0x88][0x1a][0xe5][0xa8][0x89][0x89]%)[0x1]B[0xc1])s&&HSD4[0x1a]EF[0xda][0x2][0x1a][0x92][0x98]Q[0xaa][0x90]T[0x9a][0x83][0xe5][0xc]D|[0xe1]F[0xdc][0xaa]I[0x13]S[0xa4][0x81][0x1c]2m"[0xb6][0xa6]31E[0x1a][0xe7][0xa7][0xbd]][0x88]F"4[0xdd][0xd1]fm[0x9f][0x89])[0xbd][0xf6])[0x9a][0xd0]mz[0xda][0xc4][0x94]^[0xd3][0xd3]&[0xa6][0x98][0xe5][0x3][0xad][0xe2][0x89]n[0xe5][0x83])[0xdd]&[0xab][0xcd][0x90][0x96][0x9b][0x5]@[0xae]DSp,[0xcd][0xc9]LT[0xc0],d3[0xf3]2AK[0x13]A[0xd7][0xa6])$[0xc2][0xd5]@[0xab][0x1e][0xe2]J[0xb]c3s:[0xe5]*c3sD[0xef][0x5][0xfb][0x10][0xfe][0xc0][0xce]0 [0xad]T[0xc3][0xee]<\3[0xc][0xe8];8[0xa8]W[0xd7][0x1a][0x9b]!-q[0xc3][0xee][0xa8][0x1][0xe]3D[0x97][\n]"
05:47:22.678 [main] DEBUG org.apache.http.wire -  << "[0xbb][0xf3]p[0x85][0x19]z/[0x97][0xaa]a[0x86]h5[0x80]sP[0xb6][0x82]{fj[0xe]F[0x13]%[0x4]t w^:[0xe8]2[0xc1][0xec][0xa2][0xcc][0x82][0xe2]L[0x84][[0x89][0xdf]ggf[0x81][0x18]#A[0xb2]L!;U[0x17][0xb3][0xd5]H%[0x1b][0x11][0x19][0x16][0xcd]F[0xcc][0x12][0x82]J6":[0x99][0xf4][0xb9][0x15][0xca][0xc][0xe9][0xb2]0[0xb0][0x1f][0x93]Kh[[0x8]"-"[0xa0][0x93][0xf][0xe9]U[0x1d][0x1b][0x9b][0xd1][0xab][0x92]46CjD[0xd3][0xb4][0x81]flf[0x89][0xa8]Jhk[0x93]9[0xa8][0xf3]F[0x97][0xee][0xb4]9[0xd2][0x95][0xb2][0xb4][0xf6][0x13][0xa2][0x4][0xa1][0xb5]Mt[0x8b]'[0xa4][0xee][0x15][0x8d][0xfd]d[0x88][0x98]|[0xf2][0xc][0xf0][0xf0][0xf7]sU04U[0x8][0x8][0xf2][0xc7][0xa8]`<\[0xfd][0xdc][0x3][0xfc][0xfd][0x10][0xd5][0x8a][0x9]hT[0x95][0x98]{[0xe3][0xcc][0x91][0xd6]t[0xd1][0xda]7[0x88][0xfa][0x8b]v[0xbe][0xa1][zCZ[0xc4]B[0xe3]pCZ[0x8f]Bk[0x9b][0x10][0xe9][0x8d][0xd6]6![0x1a]N[0xb4][0xb6][0x9][0xa9]E[0x91][0x98]W[0x2][0xd9][0x8d][0xe5][0x9b]X[0x4][0x9a][0xa0][0xf4]I[0xcc][0xc5][0xbc]2[0xc7][0xb5]D!#3[0x19][0xb4]B5[0x1f]i[0xca][0x11]4RLT~BZ[0xed][0x90][0x94]X[0x9c][0x9a]R[0x94][0x96]Y[0x81][0x91]_[0xc1]2[0xa9]i[0x89][0xa5]9%)[0xa0]]a[0xd0][0x8e][0x94][0x99]%h[0xa0][0x93]8k[0xe8]5[0x9]h[0x8e]tK[0x14]m[0xc6])[0xd1][0x1b][0xe8]H[0xe3][0x94][0xe6]H[0xf7]E[0xd1]8[0x9d][0xd0][0xed]h[0xe]s[0xba][0xcd][0x14][0x9b]S[0xf7]d[0xe]|[0xf1][0x84]4[0xb9]I[0xe3]xB:'[0x82][0xd6]6!J[0xe]Z[0xdb][0x84][0xc8][0xcc]4[0xab][0x19]A[\r][0x2]h[0xeb][0x92][0xfe][0xd9][0x18]i[0xe6]u[0x0],[0xa7][[0xad][0x86]t[0x81][0xc][0x8d]S[0xc][0xd2]%.[0x3][0x10][0xa0][0x88][0x8c]1[0x0][0x96]#[0xda][0xf9][0x3]`9"[0xa3][0xd2][0xdf]r[0xa4][0x3][0x7][0x6][0xc0]r[0xc4][0xda][0x89][0x1][0xb0][0x1c][0x91][0x83][0xe9]1FcN[0xb7][0xc9]zs[0xba][0x1d][0x83]`[0x8e]4Y[0x8f]}[0xfc]t@[0x87]w[0xcd]A[\r]_h[0xf5][0x84][0xdd]yH}[K|[0x8b][0x98][0xa8]8[0xbc]kN[0xb7][0xd3][0xc][0xcc][0x91][0x96][0x1d]`[0xf7][0xfe][0xc0][0xc6][0xe][0xd2]Z[0x5][0xec][0xce][0x1b][0x90][0xd8]A[0xf4]![0x7][0x91][0xa3][0x10][0x3][0x10][0xd8][0x1d]5[0xc0][0x11][0x89][0xa8]=[0xb1];o@"[0x12]Q[0xab][0xe][0x1e]G[\r][0xee][0xe9]0s[0x94][0x9b]L[0xfc]#[0xf0]]dB[0xb7]MJ[0xe6]HW[0x99][0xb8][0x94]f[0x97][0xe6]a[0x8c]{ R[0x97][0x19][0xd1]go[0x98]#[0x9d][0xb4][0x80]=y[0xc]l[0x96]B[0xb9][0x1f]e[0xd0][0xc4][0x4][0xa1],5[0xb0]a[0x86]tT[0x2][0xf6](E$[0x14][0xfa][0xa5]^[0xa4][0xc5]$[0xd8][0x1d]5[0xc0]a[0x86][0x18]>[0xc7][0xee][0xbc][0x1][0x9][0xb3][0xc1]][0xdd]!M[0xde][\r][0xa2]0[0x1b][0xd4]y[0xd3][0x2][0xe9][0xb8][0x87]A[0x13]f[0x16]H[[0xbb]i[0xb2]k[0x3]}l[0x93][0x8a][0xbd][0x8][0xb][0xa4][0xd9][0xd6][0xa1][0xe7]vBm[0xec][0x1]-[0x13]-[0x90]n}[0x19]Di[0x15]1<F[0xdb]Q@[0xb][0xa4][0x83]I[0xe8]>(c[0x81]4[\r][0x8e]=[0xec][0x7]6i [0xcd][0x9d]cw[0xde][0x0]T[0x97][0x16]H[0x93][0xed]C[0xae](@Z[0x8d]=@[0x7]8[0xbe][0x9][0xb5]D[0x6]$[0xbe][0xe9]V[0x14] -G[0x18]z)[0xb][0xd1] [0x2][0x17][0x98][0x8e]E[0x99][0xe9][0x89][0xf9]%[0xa0][0x93][0x1a]Q[0x8f]K[0xc5][0xb7]e[0x81][0xd8][0x8d][0x4][0xc6][0x16]H[0xeb])[0x86]\P![0x1d][0x3]B[0x9f][0xd5][0x83][0x16]H[0xc7][0x81][0x80]#' [0x98]6K[0xec][0x8d]-[0x90][0x8e][0xf4][0xa0][0x97][0xdf][0x10]e[0x6][0xad][0xfd]F[0xb7][0x82][0x0][0xe9][0x90][0xb][0x1a][0xfb][0x9][0xe9]H[\n]"
05:47:22.679 [main] DEBUG org.apache.http.wire -  << "Z[0xdb][0x84][0x98]|[0x1a]r9[0xd6][0x18][0xad]p[0xa3]][0xfe]A[0xda][0xd9][0x8e]3>[0x10][0x95] [0xf1][0xe5]%[0xd2][0xae]s[0x5][0x8c][0x11]=[0xea][0x14][0xc9]&t[0xb]$[0xa4]e[0x10]C.)![0xad][0xa2][0xc0][0x19][0xc1][0xd4][0x89][0xf][0xa4][0xdb](hm[0x13]b[[0x7][0xad]mBteim[0x13]b[0xa4][0x8e][0xd6]6[0xd1][0xad][0x2]C[0xba]2[0x82][0xd6]~B[0x94][0x5]C.[0x87]"-[0xd1][0x18]zn[0x1f][0xc2][0x95],[0xd2][0xbd][0x15]C/[0xdc][0x11]%[0xe0][0xd0]s;[0xa2][0xfc][0xc9][0xcc]K[0xc9][0xcf][0xcd]L[0xc5]h $f[0x97]*[0x14][0x97]f'* [0x14]@W;[0x1b][0x11]=[0x5]h[0x81][0xb4]x[0x5]Z[0xfa]`Nx[0xe2][0xab][0xf9][0xe8]6[0x89]da[0x86][0x98]`[0xc7][0xe9]RD#[0xc][0xdf][0xce]Yj[0xe]A[0x9b]#[0x16]PA\UlZ[0x8c][0x11]S[0xf0][0x0]D?[0xef][0xc1][0xcc][0xcc][0xc][0xcf]y[0xf]H[0xcb][0xb5]-[0x90][0xa6]j[0x11][0xd1][0x8d][0xda][0x87][0xa7]Jz@:[0x12][0x9f][0xb6][0xf6] b[0x93][0xb6][0xf6] [0xea]<[0x9a][0xda][0x83]4[0xef]J[{[0x10][0xe9][0x8d][0xb6][0xf6] u[0xab]+[0xf3]R[0x8b][0xd2]3[0xc1][0x97][0xed]@[0xae][0x9b][0xc2]~[0xe1][0x8d]gQ>h][0x2][0xac][0xc][0xb2][0x4][0xed][0xaa]%f[0xc7][0x85]%[0xd2][0xf6]<[0xc4]1[0xe8] [0xd3][0x14][0x9c][0xf2]KJr0K>[0xe7]|[0xd0]Qx% [0x9][0xa8]m[0xe6][0xe6][0xa0][0x8c]H[0x9c]m[0x88][0xda]88'55[[0xc1][0xbd](1/[0xb3]$U!<1''[0xb5][0x4]#[0xf3][0xc2][0xce]cG[0x94]-&[0x6][0xa0]m[0xe6][0xc4]Y[0x86][0x8][0xc6]!V[0x5][0x99][0x98][0xd2][0xeb](f[0x13]S[0x3]Da@[0xf3][0x3]H[0x90]fv[0xf0][0xd8][0x85][0x88]lb{[0xf3]&[0xa6]H[0xf3]"xL[0x86][0xd7][0x5][0x94][0x1c]ucj[0x88]([0xd6] [0xd5][0xe][0x8d][0xc6][0xe]ML[0x91][0xc6]E[0xb1]ON [0x82][0x8a]^m[0x1][0x13]Sz[\r][0x9d][0x9a][0x98][0xd2][0xeb]ns[0x13]S[0xa4][0x13][0x85]i[0x1a][0xa5][0xc6][0x16]H[0xfb][0xce]hm[0x13][0xdd]F[0x6][0x90]6d9[0xa6][0x16][0xe5][0xa7]T[0xe6]%[0x82].[0xd3][0x80]][0x12][0x17][0x2][0xba][0xad][\r][0xa3]hw[0xad](HM[0xc9],IT(-[0x1][0x1d][0x81][0xac][0x90][0x9c]_T[0x90]_D[0xde][0x19][0xc8][0x16]HW([0x7]#[0xd5][0x98]>[0x99]y[0xa9]y[\n]"
05:47:22.679 [main] DEBUG org.apache.http.wire -  << "N[0x89][0xe9][0x98][0xb6][0x17][0x97]([0xa4][0x16][0x15][0xe5][0x17])[0xe4]efd[0xe6][0x80]\[0x90]Y[0xa2]P[0x9c][0x99]W[0xa2]P[0x94]ZT[0x9a][0xab]P[0x9a][0x93][0x93]H[0xd6][0xe1][0xac][0x16]t[0xdb]4fa[0x82]h[0x8f][0xd0]8-[0xd1][0xed][0xc8]T[0xb][0xba]m[0x84][0xb3][0xa0][0xdb][0xe1][0xac][0x16]H[0xd7][0x87][0xe][0xb1][0x86][0x88][0xb1][0x5][0xd2][0xe][0x6]h[0x1a][0x1b][0xac]}T[0xcc]m[\r][0x98].E[0xd4][0x97]t[0xeb][0xa3]"[0xb5]x[0xf3][0xf3]*[0x15]h7Q[0x82]y[0xf8]![0xa6][0xff][0xf1]5[0x80][0xe8][0xd5][0x82]0[0xb6]@:[0xa1][0xb]g[0x9a][0x1a][0x80][0x98]B[0x8c][0xfa][0xe0]t[0xd5] [0x9]?D[0xc7][0x6][0xa7]K[0x7] [0xfc][0x10][0x1d][0x9][0xec][0x8d][0xd5][0x81]]I[0x3][0xea]6[0xe][0xb6][0xad]X[0x16]H[0xdb]1h:[0xa2][0x80]y[0xfd][0xe6]`-[0x1b][0x90]v[0x80][0xc][0xa2][0xb4]m[0x81][0xd1][0x96][0x1e][0xb4][0xe1][0x87]1K[0x87][0xe9]R[0xfa][0x97][\r]HGh[0xd1]4[0x9d]#[0x1f][0xa0][0x5][0x1e]_[0x82][\r] )[0x84]'[0x96]$g`t[0x3]|R[0x13]K2R[0x91][0xce]*[0xb1]0[0x2][0xed]A'fx[0xc9][0x2]i[0x15]>d,+<??[0x87][0xf8][0x81],##P[0x89]D[0x9c]MH[0x3][0xe]H[0xbd][0x9b][0xe0][0xcc][0x9c]l[0x5]g[0xac][0xd7]P@[0xee][0xa8]@[0xc4][0xb3][0x91][0x11]h[0xc][0x9b][0x18][0xcb],[0x91][0xd6][0xa4][0xbb][0xc1]O[0x96][0x81][0x98][0xa7][0xe0][0x9c][0x8f][0xe5][0xc4][0xdd][0xe0][0xfc][0x9c][0xd2][0x92]D[0x85][0xd4][0x12][0x85][0xe4][0xd2][0x82]LP[0x97][0xae]$[0x15][0xe9][0x88][0x19][0xfc][0xd7][0x2]![\r][0xb3]["[0x8f]y!y[0xd3]9[0xbf][0xa0] [0xb5]H[0xc1];/3[\r]4[0xe8][0x88]:[0xee][0xe]q[0x18][0xc2][0xa3][0x16][0x96][0xa0][0xe]6q[0x1e]E[0xe4][0x94][0xa1][0xd6]*[0xb7]DZ![0xe]I{[0xd0][0xa3][0x2][0x12][0xf3]J0[0xa7]@[0x82]J[0x93][0x92][0x90][0x13][0xb9][0xa9][0x19][0xe8][0xa2]l[0xe2][0x2][0x9]Q[0xa9]C,[0x82]g([0xec]VA[0xfb][0xfc][0x88][0x8][0xb1][0xb4][0x0][0xad][0xba] [0xce].D2G[0x1e]F[0x80][0xdb][0xe8][0x9d]Z[0x99][0x94][0x9f]X[0x94]B8[0x17][0x9b][0x81][0xcf][0xff]"[0xca]R[0xa4][0xf5][0xde]C.[0x15] [0x9d]S[0x1d][0x9c][0x9b][0x98][0x93][0x83]t})[0xd6]R[0x1]K[0xe4][0x80][0x12][0x12]q[0xe1][0x84][0x18]k[0xf0][0xcc]+I[0xcd][0xc9][0xc9]LO[0xcd]+Q[0x80][0x8c][0xb0]`O[0xb][0xe0][0xf9][\n]"
05:47:22.679 [main] DEBUG org.apache.http.wire -  << "DJ0[0xb7]04%n[0xc2][0xcd][0x12]iA[0xb9]GjbY[0xa5][0x82]KiI%[0xc2]w8[0x13][0x2]h[0xde][0x2][0xd9]B[0xd0]P[0xc]q[0xbe]C[0xd4][0xef][0xf0][0xcb][0xbc][0x9c][0xf3]KJ[0xf2][0xf3]p[0x15][0xe8][0x90][0xc][0x87][0xb0][0xcc][0xc4][0x12]4[0x90]N[0x9c]e[0x88][0x82][0x7]y[0xb0][\n]"
05:47:22.679 [main] DEBUG org.apache.http.wire -  << "[0xe4]x[0x5][0xa7][0xd4]<,[0xd5][0x14]f)[0x7][0xba][0xe8][0x92]8[0xcb][0x10][0xbd][0x9a][0x80][0xa2][0xc4][0xe4][0x92][0xcc][0xe4][0xc4][0x1c][0xd8][0x15]F[0x1e]XJs[0xe8][0x84][0xc][0xc2]c[0xa6][0xc6][0xa0][0x95][0xc5][0xc4][0xd9][0x85][0xd4]/[0x1][0xa7][0xc7][0x80]DP[0xc9][0x8d][0xbd][0xea]E[0xf]@#c[0xd0]JY[0xe2][0xec]A[0x14]JA[0xa5][0xe0][0xa9]1h[0x1d][0x81][0xb5]~[0x82][0xc8]!<diJ[0xbc]E[0xd8]K$Hy[0xaa][0x80]-[0xf8] R[0x8][0xcb][0x8c]L@[0x87]6[0x13][0xe5]+P0C;(H[0xb7]MA2[0x18][0xf6]Z[0x1e]=[0x8][0xcd][0x8c]A[0x19][0x87]8[0xcb][0x10][0xd9][0xd9]'3=[0xa3][0xa4]<[0x15]D*@L[0xc4][0xea][0xb3][0xf0][0xfc][0xfc][0x94]T[0xa4]9FSK[0xd0]JY[0xe2],C[0xe4][0xae]!W[0xc6]"[0xcf]A[0x80][0xd3]4l[0xfe]S[0x1]{[0xa1][0x87]Q[0xc6][0x9a]Y[0x98][0x1a][0x13]Y[0xec]![0xdd][0xc9][0x8]/[0x85] Y[0x8][R[0xc3]h[0xbb][0x1a][0x81][0xf]Y'.F[0x10]9[0xd5]5/[0xbf](7[0xbf][0xb4][0x18]Q[0xbc]b[0xf7][0x18]z62[0xb2][0x0][0x9d][0xf9]K[0x9c]m[0x88][0xfc][0x8a]\[0xb1][0xe3][0xf6][0x1a][0xa8]e[0x8b][0xc8]C[0xc4][0x9f][0x1f]h[0x89][0xb4]L[0xdc][0xb1]<[0xb5]8?7U[0x1]Z[0x8c][0x7]gd[0x16]a[0xce]/[0xa3]UQ[0x16][0x96][0xc4][0x1e][0x88][0x8]N[0xfc][0xd0][0xdc][0x8a][0x98]7[0x87][0xa7][\r][0x1c][0x5][0x11][0xa8]BA[0xf8][0xcb][0xc2][0x2][0xb4][0xe0][0x83][0xa8][0x10]4F[0x8c]""l[0x83][0x16][0xd5][\n]"
05:47:22.679 [main] DEBUG org.apache.http.wire -  << "[0x1]9[0x89][0xe0][0xe9]x[0xd4][0x96]1[0xa8]:A[0xd8]el[0xc][0xda][0x7]N[0x9c]][0x88][0xa2][0x1]Z[0xba]B[0xb2]>[0xe]{0[0x12][0xbc][0xb9]!h[0xb4][0x81]8[0xab][0x10][0x8b][0xc4][0xe0][0xc9][0x10][0x9a][0xac][0x15][0xb0][0x9e]b[0x9][0xf5]2[0xc2]_[0x16][0x86]D7e[0x91].[0xcd]s)-[0x2][0xcd]I![0x92]<[0xf6]j[0x17][0xd4][0xa1]CXeF[0xfc][0xca][0x3][0xa4][0xb3][0x10][0x87]\[0x81][0x87]4[0x99][0x87]\3[0xc0][0x93]6[0x8e][0xcb]MQ[0x93][0x9b][0xa9][0x9]hn[0x8a][0xb8]4[0x80][0xa8]c[0x91][0xed][0x83][0xb7][0xfa][0xb1][0x15]}[0xa8][0x11]cj[0x8]:[0xed][0x9c]([0xcb][0x90][0xe6][0x9][0x91]-[0x83]&p[0xec]Kk[0xd0][0xab]t[0x13]C[0xd0][0xd9][0x18][0xc4]Y[0x87][0xc8][0xb6]HU:[0xb8][0xd0][0xc1]qS-X[0xe][0x91][0xe6][0x8c][0x8c]AG[0x85][0x12]g[0x17]"[0xdb]"[0xd9][0x5][0xad][0xd0][0xb1][0xb7][0x1f]`q[0x8a][0xb0][0xcf][0x18]|H[0x18]q[0xf6]![0xe5][0xdd][0xa2][0xf4][0xfc][0xbc]|[0xd0][0x94]/[0xbc][0xb0][0xcd]O[0xc5][0xec][0x86][0xa2][0x96][0xea][0xe6][0x86][0xa0]+A[0x88][0xb3][\n]"
05:47:22.679 [main] DEBUG org.apache.http.wire -  << "[0xd1]~@n0Cc[\r]G[0x2]Ai[0xac][0x98]Y[0x12][0x9d][0x1e][0x91][0xa6][0x5][0xe1][0x97][0xb]Cj*[0xec][0xed]X[0xf4][0x18]3[0x1][0x8d]`[0x12][0xe7]-D[0xd3][0x1c][0xd2]}[0x83][0x96]n8[\n]"
05:47:22.679 [main] DEBUG org.apache.http.wire -  << "Z[0xa8],"[0xb2],MA'[0xba][0x11]g[0x15][0xa2][0xbe][0xc7][0x18][0xd4][0xc1][0x16]~[0xe0]V'[0xc2]&3[0x3][0xa2]GU[0x90][0xf7][0xbc][0x80]G[0xe0] [0xed][0x6]b[0xfd]dl[\n]"
05:47:22.679 [main] DEBUG org.apache.http.wire -  << ":i[0x98](?![0xed][0x1b][0x19]r[0x85],hL[0x4][0xda]z[0x80][0x8e]r[0xd3]h[0xfb][0xa1]%[0xa8][0xf1][0x9][0xb5][0x9][0xb9][0xc4][0x83][0xd6][0xda][\n]"
05:47:22.679 [main] DEBUG org.apache.http.wire -  << "8JsH[0xa4]![0x12][0x80][0xa9][0x9]hp[0x8e][0xb8]hAdVD[0x87][0x13]V[0xa9]c/[0x87]0R[0xb6][0x89])h[0xcb][0x1]q[0xd6]!:[0xd3]HC[0x5][0xa0][0xda][0x8][0xc7][0x88]![0xd4][0xe7][0x8][0xbf][0x19][0x19][0x12][0xbb][0x10][0xd8][0x12]46[0x8c]%0[0xc1]E[0x0][0x8e][0xfe][0x0]j[0xa1]gdFt3[0xc]ik[\n]"
05:47:22.679 [main] DEBUG org.apache.http.wire -  << "[0xb4][0x19][0x6][0xaf][0x12][0x83]3[0xb0][0x16][0xaf]%[0xa9][0xe0]KZ[0xa0][0xab]2-MAC[[0xc4][0x85]![0xa2]}[0xe][0xb5][\n]"
05:47:22.679 [main] DEBUG org.apache.http.wire -  << "[0x12][0xff]8[0x6][0x97][0xc1][0xde]E[0x84][0x9f][0x89]!h[0x16][0x8b]8[0x8b][0xb0][0xd7][0xf5][0xe0][0xd8][0xc2]^[0xf9][0x82]K^$[0xbb][0x88]o[0xc6][0x82]R[0x10]4[0xae][0xe0][0x9d])[0xa8][0xb7][0xb0]wp0[0x12][0x86][0x85][0x11][0xe8][0x8e][0x11][0xa2]<[0x6][0xea]6@-C[0x1e][0x1d][0x3][0xb5]Sp$C[0xb4][0x12][0xd6][0xd2][0x10][0xd4][0xd1]$[0xce].DE[0x8f][0x92][0xa3][0xa1]c-X[0xd7][0xd1][0xa2]E[0x99][0xb9]9[0xf1]>Cdg[0xa4][0xfc][0x5]mV`o6[0xa3]y[0x8d][0x84][0xe6][0x19](#B[0x83]q[0xc8][0x15][0xe9][0x98][0x9b]9hU[0xa4]cn[0xc6][0xa0][0x99]M[0x88][0xfc]J[0xe3]j[\n]"
05:47:22.679 [main] DEBUG org.apache.http.wire -  << "i[0xf1][0xe]-'[0x8]-A+[0xd5][0xa1])[0x8c][0xb6][0xf6] [0xb2][\r]m[0xed]A[0xc4][0x10]M[0xed][0x1][0x15][0xf1][0xf4][0x8]7[0xd0]4%[0xd4][0x9e][0x80]`[0x5][0xcc]t[0x9d][0x9e][0x98][0x9b][0xaa]`[0xaa]P\[0x92][0x88]4i[0x8b][0xe5][0x12][0xf2][0x14]#[0xa8][0xe7][0x6]5[0x9e][0xc6][0x9][0x1a][0xd4]%[0xa5][0x8f]M[0xa0]a8:[0xd9][0x84][0xe8][0xce][0xd2]8[0xf4]@[0xd5][0x13][0x9d][0xfc][0x84][0xe8][0xc6][0xd2][0xd4]O&[0x6][0xc8][0xb3]u[0xb4]\[0x9]hb[0x80][0xb4][0x19][0x82][0xd6]~[0xa2]_[0xe8]![\n]"
05:47:22.679 [main] DEBUG org.apache.http.wire -  << "TZ[0xfb][0x9][0xd1][0xa3][0xa0][0xb5]MH[0x3][0x0]4N[0x11][0x88][0xfe]f@F~^[0xaa]![0xe6]U[0x87][0xe0][0xfd][0x91][0xa9])[0xb0][0xb]Q[0x91][0x1a][0xdd]xO&G[0x14][0xaf]&[0x6][0x86][0x16][0x0][0x0][0x0][0x0][0xff][0xff]"
05:47:22.679 [main] DEBUG org.apache.http.wire -  << "[\r][\n]"
05:47:22.687 [main] DEBUG org.apache.http.wire -  << "69D[\r][\n]"
05:47:22.687 [main] DEBUG org.apache.http.wire -  << "[0xd2]Q[0xa2]G[0xb6]51[0xa0][0xdb][0x1e][0x1c][0x3][0xa4]i9[0x1a]'[0x7][0xa4][0xdd]>[0xb4][0xb6][0x9][0xd1][0x85][0xa0][0xb5]Mt+ [0xc8][0xda][0xc2][0x83]H[0xe4]Do53[0x0][\r]P[0xd1]'[0x91]#[0x8d]V[0xe7]f[0xe6]dc[0xac]{A[0xb8][0x1e][0xdf]jv[0xe4][0xc][\n]"
05:47:22.687 [main] DEBUG org.apache.http.wire -  << "Z[0x10][0x1]u;[0xb5]LDD0][0x8e][0xb7]21@:[0x10][0xc8][0xb3][0x0]T[0x96])[0x18][0x1a]*[0x98][0x99]([0xa4]'a[0x4][0x10][0xbe][0xe5][0xda][0xc4]G8[0xd2][0xfd]7[0xd8][0x17]6#[0xe2][0x1]K[0x94]z{[0xdf]M[0xc][0x90][0x86][0xa2]h[0x17][\n]"
05:47:22.687 [main] DEBUG org.apache.http.wire -  << "Tt0x\[0x17][0x9a][0xf4][0x82][0xb3][0xab][0xf2][0xf3][0x15][0xc2][0xf3]s[0xd2][0x92]3[0x12]AK[\n]"
05:47:22.687 [main] DEBUG org.apache.http.wire -  << "Pg.[0x83]K[0x8a][0x12]+[0xb3]3S@3[0x8][0xd0][0xc1],C3[0xd0][0xd6]Q"[0x86]GLL[0x91][0xa6]J[0x83][0x13]s[0x8b]K[0xf3][0xd2][0x15][0x82][0x8d][0x8c][0x15]BsJ[0x8a][0x12]1[0x12][0x88]{bNbE%"[0xfe][0x88][0xcc]G[0xa6][0xa0][0xe1]p[0xa8]g[0x6]M[0x92]0[0x5]M[0x15]A[0x1d]E[0xd8][0xe7][0x8]?[0x93][0x12][0xb6]H[0x8d]0[0x82]a[0x9b][0x91]Y[0x99][0x8][\n]"
05:47:22.687 [main] DEBUG org.apache.http.wire -  << "qh[0x14][0x12][0x1d][0xb4][0x88]F[0xd1][0xe0][0x9]Z[0xa4][0xfd]o[0x83][0xc8]QH[0xb1]A[0xd3][0xe6][0xa3])[0xd2][0x9c][0xd8] [0xf2][0xfe]`L(H[0x7][0xb1][\r][0x9e][0x90]B[0x9a])[0x1b]D[0x8e]B[0xea]f[0x81]'[\n]"
05:47:22.687 [main] DEBUG org.apache.http.wire -  << "[0xa1][0xe3][0xef]X[0x17][0x9f][0xb9]V[0xa4][0x16]%g[0x96]$[0x96]d[0xe6][0xe7][0xa5][0xe6]*[0xe4]&[0xa6][0xe7]e*[0xe4][0xa7]d[0x96]([0xa4][0xe4][0xe7][0xe4][0x17][0x91][0xb1][0xdc][0xdc][0xc4][0x14][0xa9][0x6][0x1d]<[0xa1][0x82]t[0xe4][0x13]M[[0xe6][0xc6][0x96][0xe6][0x88][0xec]C[0xd3][0x91]C[0xd0][0xfa]Gh[0xad]4[0xe4][0xc6][0xf4]AS[0xf9]P[0xb7][0xd3]d4[0x12]Q[0x80][0xd3][0xc4]xD[0xe][0xa3][0x89][0xf1][0x88]1[0x5]Z[0x18][0x8f][0xb4]e[0x88][0xc6]9[0x1][0xb4][0xe][0x5][0x1a][0xcb][0xb4][0xb6][0x9][0x91][0xe7]hm[0x13]"rhm[0x13][0x9d][0xc6]|[0x8c]-A[0xc3]P[0xf4][0x88]'[0x13][0xf0][0x9]nt[0xb2][0x89]NC[0xea]&[0x6]H[0xfb][0xba]h[0x9a]"L[0xc][0x90]n[0x6][0xa1][0xb5]M[0x88][0x2][0x94][0xd6]6![0xca]RZ[0xdb][0x84](#[0x86]X}ib`[0x80](u[0xb0]7[0xa9][0x6]r[0xb][0xb8][0x89][0x1]h[0xc][0x1][0x9a][0xad][0xb1];[0xf][0xd1])[0xa6][0xdf]@[0xe]h[0x95][0xe][0xd4]QC.[0xbe]A[0x1b]i[0xa0]n'>W [0x2][0x99][0xf8]!8[0xd0][0xe2][0x18][0xfa]X4[0x84]s[0x1f][0xd2][0xe6][0x87]![0x97][0x92]@{[0x89][0xe8][0x12][0xc1][0xc8][0xc3][0x83]D[0xf][0x9a][0x90][0x93]d[0x91][0x86][0x8][0xa9]4[0xd4][0x8e]4[0xbe]G-[0x13][0x11][0xf5]'[0xb5]L$[0xa7][0x9e]$+x[0x11][0x19][0x95][0xb6]E[0xcf][0xd0][0xdd][0xcb]ab[0x80][0xb4][0x97][0x83]^[0x93]3[0x88][0x99]E[0xea]MK[0x98][0xea](9'[0x96][0xa4][0xa6][0xe7][0x17]e[0xa6][0x16]+YE[0xa3][0xcc]h![0x12]\@[0xb0][0x9][0xc6][0x0]A[0xb1][0x89]BRb[0x11][0xe8][0xd2][0x1d][0xe8]8[0xb4]1[0xb8]uO[0xcc]T[0x82][0x1][0xd2][0x15][0x11][0xb4]Mc&[0x88]>[0x14][0xf5][0xbb][0xd2]&[0x6][0xc8]k[0xf2][0x89].[0xf3][0x90]f_[0x88][0xaf][0xa7][0x91][0x86]?[0x89][0xf]1[0xf2]l[0xa2][0xb0][0xe3]D[0xe4]t[0x84][0x1][0xd2]J}[0xd8][0xae]1[0xc8]nl[0x1c][0xeb]z[0x3]K3[0x13][0x15]R[0xf3][0x8b][0x15][0x8a] [0x83][0x95][\n]"
05:47:22.687 [main] DEBUG org.apache.http.wire -  << "y[0xa9][0xc9][0xa9][0xc5][0xc5][0xe0][0xb1][0xcb][0xa4][0xd2]b[0x85][0xb4][0xd2][0xf4][0xcc][0xc4][0x12][0x85][0xc4][0xbc][0xcc][0xdc]L[0xa4]aK#[0xd0]9[0xbc]D%J[0xa4][0x5][0xfd]d[0x5]1[0xd1][0x1e]G[0xb4][0xe5][0xc9][0xb2][0x87][0x84]D[0x83]H[0xfd]H;[0x97]`[0xc3][0xc1]8v([0xb8]V([0x14][0x96]&[0xa6][0x16]%[0x82]N[0x8f],[0x2][0x7]o1Rx[0x12]{[0xea][0x88][0x89][0x81])b[0x5]%[0x8d][0xfd][0x89][0xb4]"[0x1d][0xbe][0xb3][0x8][0xbc]0[[0xc1]9?[0xb7][0xa0][0xb4][0x4]|D[0x7][0xea]T[0xa8]cqAjQf~Qj1[0xe4]l[0xca][0xfc][0xe4][0xe4][0xc4][0xd4][0xe4][0xc4][0x92]L[0x85][0xc2]R[0xf2][0x92][0xf][0xf2]Ju[0x9a][0xcd][0x9e]Sq[0xde][0xd8][0x0][0xb4][0xc7][0x9][0xda]2[0xa4][0xe5][0xd2]%3DS[0x88][0xa6][0xd6] [0xaa]+[0x9a]Z[0x83][0xd4]:B:J[0x7][0xbc][0xd1][0x2]G[0x86]r,[0x85]N[0xa6][0xa4][0xe6]*[0x14][0xa5][0x16][0xa4][0xe6][0xe4][0xa4][0xe6][0xa5][0x94]"[0xe7])[0xe2][0xcb]([0xa4][0x15][0xea][0x9e][0x1][0x1e][0xfe]~[0xae][\n]"
05:47:22.687 [main] DEBUG org.apache.http.wire -  << "[0x86][0xa6][\n]"
05:47:22.687 [main] DEBUG org.apache.http.wire -  << "[0x1]A[0xfe][0x18][0xd5][0xb3][0x87][0xab][0x9f]{[0x80][0xbf][0x1f][0xa2][0x1]h[0x2][0xaa]A[0x88]*[0x7][0x91][0xe][0xa6][0xa4][0x99][0x1d]H[0xab][0xd2]ig[0x7][0xa2]"[0xa3][0xe1]<[0x8c][0x89][0x81]9b[0xa1][0xe]m[0xed]AJ[0xe1][0xb4][0xbb]<[0xc3][0xc4][0x0][0xb4][0xef][0x1b]V.[0xd0][0xd2][0x1e][0xd0])]P{h\? [0xad][0xb1][0xa7]Yj[0x3]m[0xcd][0x87][0xfa][0x86]vv R[0x1a][0xed][0xec]@[0x14][0xd7][0x83]g([0xf]i[0xf3][0x2]-[0xb]w[0xd0][0xa9][0x11][0xd0]8[0x1c]<~G[0xba][0x83][0x3]g6A[0x14][0xf3][0xc4]7[0xe][0xe9][0xb5][0x13][0xc0][0xc4][0xc0]r0&)[0xe4][0x3][\r][0x89][0xee][0xba][0x91][0x15][0xce][0x88][0xe6][0xfe] JT[0xe4][0xb4][0xcd][0xc9][0xf0]=[0xb8][0xb7]0[0xd8][0xb2][0x94]!Y3vd[0xf9][0x1e]Q`[0xe3][0xcc][0xbb]TYJk[0x8][0xda]E>[0xf8][0xc2][0x19][0xa9][0xb1]Lt[0x1e]#g[0xd0][0xc2][0x10]i~[0x8c]V5[0xa3]![0xe8][0x18]:h[0x10][0xd3]:2[0x11][0xb9]3[0xa0](?[0xa5]4[0xb9]D[0xc1][0xb1]4'3Q[0x1]soIf^&l_[0x89]B"\[\r]tD[0x8e][0xc8][0x11][0x9]C[0xa4][0x99]2[0xfa][0xd8][0x87]h[0x99][0xd3]8$[0x91]6l[0xd1][0xc7]g[0x88][0xc]O[0x1f][0xfb][0x10]U+}[0xec]C[0xf4]A[0xe8]c[0x1f][0xa2][0x4]q*JLN[0xc5]v[0x95][0x95]obJ[0xaa]B~[0x9a]BFfz[0x6]h[0xe8]*'[0xb3][0xa4]R[0xa1] 5[0xb1]([0x7][0xb9]([0x1][0xed]6"[0xa6][0xfb]kh[0x88][0xa8][0xaf]][0xc2]\[0x14][0xbc]3sSK[0x8a]K[0x15][0xf2][0xf2][0x15]"[0x13]3[0x93]@[0xeb][0xae]QG[0x92][0x10][0xf5][0x82][0xa1][0x91][0x1][0xea][0x10]8[0x9e][0xe1]uC[0xa4][0x1d]] k|K[0xd3]S[0xf3][0x14]B[0x8a][0x12]31[0x97][0xed][0xe3][0xb1][0xc1][0x0][0xf7][0x0][0xbe]![0xd2]N.[0x1a][0xd9][0x0][\n]"
05:47:22.687 [main] DEBUG org.apache.http.wire -  << "Sh[0x89]H+[0x1b][0x10]%[0x5][0xad]l@[0xcc][0xab][0xc][0x9a][0xe6][0x99]![0xd2][0xf4][0xff] r[0x14]"/[0xe]"G![0x86][0xb8]i\[0x95] -[0x2][0xc0][0xee][0xfd][0x1]][0x82]c[0x88]4[0xfd][0x8e][0xdd]y[0x88]R[0x84]nKp[0xc][0x91][0xa6][0xea][0xb1];j[0x80][0xc3][0xc]Q{bw[0xde][0x80][0x84][0x19][0xa2][0x8a]MO[0xcc][0xcd][0xcc][0xc3][0xbc]b+-[0xbf]H[0x1]"[0xa5]PPZT[0x90]_[0xc]>[0x12][0xe][0xda][0xe6]#z[0x0][0xc0][0xd0][0x18][0x91][0x9f]i[0x9c]u[0x90]f[0xfa][0x15]0F[0xaa][0xa9][0xd3][0xff]A[0x9a][0x90]'[0xcb]3[0xc4]6[0x95][0x8d][0x11]Ms[0xb2][0xec]!>z[0x90][0xf6][0xa8][0xd2][0xda]&D%Kk[0x9b][0x10][0x95]-[0xad]mB[0xe4]"Z[0xdb]D[0xb7][0x1a][0x8]i[0xb7][0x11]a?[0x81][0xf][0x1d]@n[0x0][0x83][0x16]y[0xe3]l[0x0]Sq^[0xd1][0x10]ib[0x9f][0xb0]3a[0xf7][0x85]"JZ[0xe2]s[0x8][0xa5][0x13][0xf6]$[0xd8]D[0xb7][0xa2][0x92]n[0x93][0xe6][0x86]H[0x93][0xe6][0xc4]G[0x13][0xd1][0x9][\n]"
05:47:22.687 [main] DEBUG org.apache.http.wire -  << "i%[0x91]![0xd2][0xcc]8[0xd4]&,[0xcb][0x89]r[0x12]+[0x15][0xca]3K2[0x14][0xb2]R[0x8b][0x8b]A[0xbd]-p[0x2]F$[0xb][0xfc][0x8d][0x16][0x14][0xeb][0x10][0x85][0xc][0xa4][0x96][0xc4][0xa8]r[0xa8]T[0x81]"M[0xa0][0xf][0xb5]e[0xa1][0x86]f[0xa4][0x94][0x8f][0xe0][0xa8] :[0xea][0xa9]Y[0x96] [0x9d][[0x7]M:[0x98]'W[0xc1][0x1b][0x10][0x3][0xe8]L[0xc4][0x98][0x1][0xf6][0x86][0xe4][0xc0][0xb6]s[0x91]f[0xf4][0xa1][0xa1]Ht[0x6]D[0x8a]u[0xe2]s [0xd2][0xec]>[0xf6][0xe0] 6[S3)"
05:47:22.687 [main] DEBUG org.apache.http.wire -  << "[\r][\n]"
05:47:22.688 [main] DEBUG org.apache.http.wire -  << "88A[\r][\n]"
05:47:22.688 [main] DEBUG org.apache.http.wire -  << "[0x99]c[0xb4]r[0x88][0xe][0x4]b[0x9d][0x8b]\[\n]"
05:47:22.688 [main] DEBUG org.apache.http.wire -  << "![0x9d][0x87]7[0xe4][\n]"
05:47:22.688 [main] DEBUG org.apache.http.wire -  << "[0x7][0xa4][0x15][\r][0xd0][0xf4]2(s[0x1d][0xe6][0xbd][0x9c][0xb4][0x8d][0xd1][0xa1]Qd"m?[0x1e]z[0x9][0xf]Q[0x8e][0xe][0xea][0x84]GJ[0x93][0xe0]j%sD_u[0xc8][0xa5][0x4][0x92][0x16][0x7][\r]\[0x10]#[0xad],[0x1a][0xcc][0x9][0x16]iq[0xd2][0xd0]K[0x9][0x88])5[0x9a]M[0xed]Z [0x6][0x2][0xa1][0xd1][0x88]y[0xb7]'[0xbc][0x99][0x9][0xeb][0xb2][0x12][0xdd]4[0xa2]f+[0xc6][0x2][0xa3][0x12][0xc2]t)[0xa2][0xb9][0x82]oT[0x8b][0xaa][0xae]B[0xf4][0x8f]=[\n]"
05:47:22.688 [main] DEBUG org.apache.http.wire -  << "[0x14][0xc2]2[0xcb][0xf2][0x15]"[0x8d][0x8c]0[0xfa]][0xb9][0xa9][0xb9][0x99]9[0x99][0xd9][0x99][\n]"
05:47:22.688 [main] DEBUG org.apache.http.wire -  << "[0xc5][0x5][0xa9][0xc5][0x99]i[0x99][0xd9][0x89][0xc5][0x99][\n]"
05:47:22.688 [main] DEBUG org.apache.http.wire -  << "[0x95][0x89]y[0xe9][\n]"
05:47:22.688 [main] DEBUG org.apache.http.wire -  << "[0x89][0x5][0x99][0xa0]S[0xd8][0xa0]c[0x98][0xc6][0xa0]y4b[0xd7][0xed][0x1b]"[0xad][0xda][0x82]F[0x1e]M[0x9b][0x1][0x98]'[0xdd][0xd2][0xd6]:D![0xe][0xf5][0x1d][0x9e][0xb6][0x18][0x96][0xa4]I[0xfc] [0x7][0xd1][0xc7][0xdd][0xe2][0xeb][0xa6][0x1b][0xe3][0x1d]fBn [0x13][0xb3][0xae][\r]_[0x9e]#[0xc1]c[0x88][0x1][0x1][0xc2]A8pu[0x9][0xe8][0x2][0x3][0xe8]l*~gR)[0xfc]1[0xca]<<[0x9]k[0x0]C[0x5][0xa3][0xc0][0xc3][0xe1]L*[0x85][\n]"
05:47:22.688 [main] DEBUG org.apache.http.wire -  << "[0xa2]$[0xc3][0x1f][0x9][0x19][0x89][0xc5][\n]"
05:47:22.688 [main] DEBUG org.apache.http.wire -  << "[0x3][0x18]*C[0xa3][0xa1][0x8c]t[0x93]3[0xf6][0x81][0x80][0x1][0x1d][0x17][0x1]o[0xbb][0x80][0xe6][0xb8]A[0xe9]<D[0xb9][0x85][0xdd]y[0x88][0x8a][0x1e][0xff][0xd8][0xc][0x15][0xab]z#[0xa4]3H[0xb0];j[0x80][0xa3][0x14]Q\`w[0xde][0x80][0x84][0xd9][0x90](T[0x8c][0x90][0x16]Q[0xe][0xe2][0xb2][0xcf][0x8]i[0x1d]&[0xf6]([0x1e][0xd8][0x14][0x88][0xb4][0x98][0x12]r[0xf9][0x18]d'"[0xb6][0xcb][0xc0][0x9c]r[0x12][0xf3]R2K23[0x8b][0x15][0x92]Ks[\n]"
05:47:22.688 [main] DEBUG org.apache.http.wire -  << "[0x12][0x15]R[0xf3]2sA[0x1b]Y[0x13][0x91]6\[0x82]N[0xe5][0xc5]9o[0x87][0xd4][0xa0]2B:[0x6]P[0x86][0xb][0xa2][0x1f]G[0x9b][0xa5]\F[0x86][0x88][0x16][0xcd][0xa0][0xc][0x0]bK[0x1][0xaa][0xb4]d[0x8c][0xd0][0xd6]1R[0x81][0xa1][0x11][0xd2][0x12][0xc6][0xc1]\^ [0xad][0x83][0xc4][0xef]L[0xea][0x84];[0xd2][0xa2]H[0xba]X[0x87][0x98][0xd6][0xf0][0x5]-[0x6][0xf][0xce]ON[0xc6][0xb2][0xdf]99?)Q![0xb9](5[0xb1]$[0x15][0xb6]^[0x1c]Q[0x13][0x1a][0x13][0xdb][0xd7]62B4I[0xa8]d[0x9b]![0xee][0x15][0xac]FF[0x88]"[0x83][0x6][0xa7]7[0x18]![0xad][0xb2]$5[0xa6][0x88][0x1e][0xfb]A.[0xa0]1[0xcf]Z[0xc2][0x1c][0xbb][0xc1][0xd7][0xe3][0xa5]_#[0xf][0xe9][0xbe]lh[0xc8]`[0xba][0x14][0x91]|[0xe8]4[0xca]dD[0xf4]E[0x4]T[0xca][0xc8][0x88]Q[0xfe][0xc1]X[0x9d][0x10]}[0xb0][0x13]uB[0x3]i})[0x8d][0xaa]o[0xa4][0xc5][0xa2][0xb4][0xb2][0x1]Q[0x9e][0xc][0xca][0x18]%[0xd4]w[0x19][0xd8][0x86]-[0xd2]*Nj[0x1f][0x8]d[0x84][0xb4]|[0x93][0xfa]f[0x93]2[0x82]:`C:Ft[[0xef]i[0x84]tW[0x9][0xb4]t7U[0x8][0xce][0xc9][0xcc][0xc5][0x18][0xaf][0xc7]W[0x19][0x11]=[0xfc]j[0x4][0xba] z[0x10][0x8f][0xb2][0x98] z[\r][0xb0][0xd0][0xc0][0x1e][0x10][0xd4])GM[0x9]erD[0xbd]J[0xbf][0xfa][0x1e]s[0x85][0x1e][0x8e]AV[0xd0][0xa8]'%[0x93][0xc]FHk[0xe6][0xe8][0x11][0xda]H[0x87][0xcf][0xc][0xc6][0x12][0x1f][0xe9][0x18][0xf4][0x94][0xd4][0xe2][0xe4][0xa2][0xcc][0x2][0xd0]9[0xfc][0x18][0xc9][0xf][0x91]$[0xf0]5[0xb5][0x90][0x9b][0x9a]H[0x13][0x9a]T6[0x18][0x91]|iTI#[0x9d][0xf5]@e[0xa7]#[0xc6][0xcc][0x7]eZ@TS[0xd8][0x9d][0x87]H[0x5][0xf4]+[0x18][0x90][0xe6][0x4][0xb1];j`[0x9b]$HgX`w[0xde][0x80][0x84][0x19][0xa2][0x95][0x89][0xbf][0x88][0xa3][0xb8]0[0xb5]DT][0xd8][0xbd]?[0xc0][0xb1][0x83][0x18][0xf0][0xc2][0xee][0xbc][0x1][0x89][0x1d]D[0xaf][0x8e][0xd6][0xb1]C(C[0xf]h[0xec][0x18][0x1b] [0x6][0x8e][0x6]M[0xec][0x18]#[0x9d][0xcc]A[0x9b][0xea][0xc5][0x98][0xe0]A[0x19][0x3][0x1c]+[0x88][0xe4]I[0xab][0x0]@$K[0x1a][0xd9][0x80]4[0x3]B+[0x1b][0x10]i[0x97][0x6][0x3][0x83][0xc6]H[0xa7]F`[0xcf][0x1a][0x3][0x9b]F[0x6][0xf7]<[0x87][0xb1][0xe1] ,[0xf6][0x8d][0xb1][0xcc]U[0xd0][0xb0][0xcf]k[0x8c]4[0xe7]0[0x18]S[0x10][0xd2][0x85][0xb8][0xd8][0x9d]7[0x0]5[0xb3]1[0xd2][0xdc][0x2][0x8d][0x8a][\r][0xa4][0xf9][0x4][0x8f][0xd4][0xc4][0xb2]J[0x5][0x97][0xd2][0x92]J[0x5][0xe8][0xa9][0xc3][0x1]9[0x89]%[0xa9][0x18]]/[0xc7][0xd2][0x92][0xd4]\[0xf4][0xa3][0x86][0x8b]R[0x8b]Js[0x91][0xa6]h[0xc1][0xa7]\[0x11]3Gk[0x8c]4[0xe5][0xe0]X[0x9e]Z[0x9c][0x9f][0x9b][0xaa][0x10][0x90]X[0x90]Z[0xa4][0xe0][0x9c][0x9f]X[0x82]a[0xb9]k~[0xb1]BfAqi[0xae]BfIbai[0xaa]BNbR~Qf~qb[0xae]B*X [0xb5][0x4]4][0x9c]YB[0x8e]cL[0x8d][0x11]}[0xb9]A[0x93][\n]"
05:47:22.688 [main] DEBUG org.apache.http.wire -  << "L[0x91]F[0x19]i[0xdb]>3E[0x1a]s[0x1c]D[0xde]G[0xd4][0xce][0x83][0xc7]QHC[0x93][0x83][0xc8]Q[0x88]6[0xc0] r[0x14]b~t[0x10]9[0x8a][0xd0][0xc0][0xc7][0x0][0x94][0xf6][0xa6]H'[0xf3][0xf][0xa2][0x90][0x1a][0x8c][0xb9][0xf]i?[0xfd][0xe0][0x9])[0xa4][0xab][0xbb][0x1d]S[0x8b][0xf2]S*[0xf3][0x12]s3[0x93][0x15] k[0x9d][0x9c][0xf2]KJr0[0xeb]RP[\r][0x99][0x9f][0x97][\n]"
05:47:22.689 [main] DEBUG org.apache.http.wire -  << "Y[0xe5][0x4]^[0xea][0x94][0x97][0x99][0x91][0x99][0xa3][0x90][0x9c]_TTZP[0x92][0x9][0xb9]r4[0xb5]X!7[0x11]r2{*y[0xf5][0x9a])[0xa2][0xf]E[0xdb]*[0xc4][0x88][0xe0][0xf5][0xbd][0x3][0xda]Q0B[0xba]f[0x3]{[0xca][0x19]`[0xe7][0x11][0xca]m[0x3][0xeb]<[0xa4][0xe3]6[0x6]c[0xe8]![0x9d]~1([0x9d][0x87][0xe8][0x5][0xe2][0xcf][0x84]T[0x9a]V#T[0xc7][\r]pZ"[0x94][0xd4][0x7][0xa0][\n]"
05:47:22.689 [main] DEBUG org.apache.http.wire -  << "6[0xa2][0xdb][0x9] FH[0xc7]8[0xf8][0xe6][0x97][0x16]cV[\r][0xf8]f[0x9a][0x89][0x9d][0xf3]2C$[0x1][0x1a]Z[0x82][0xa8][h[0xd3]I5[0xc2]<[0xac][0x1][0xc7]\,u2[0xe][0xd2]Y[\r][0xd4][0x9d]nC:o[0x81][0xca][0x6][0x13]jc[0xf]lVG:[0x95][0x0]{[0xb9]<[0x10]Y[0xdd][0x1c][0xd1][0xd5][0xa7]Q[0xb2]E:v[0x0][0xbb][0xb7][0x7]8V[0x10][0xf9][0x16][0xbb][0xf3][0x6]$V[0x10][0xb5][0x2][0x8d]b[0x5]s[0x1b]=[0xe6]BN|e[0xaf][0x91][0xa5]%[0xea][0x91][0xb6]x[0xe][0x9c]5B[0xda][0xc]O+[0xef] [0xb2]>[0xb4]QAC[0xef]X"[0xea][0x13][0xa8]e8[\n]"
05:47:22.689 [main] DEBUG org.apache.http.wire -  << "bJ[0xe7]q[0x8d][0x91][0xf6]T[0xd1]&[0xe0][0x8c][\r][0x10][0xad]1[0xec][0xc9]@s[0xa7]1[0xcd][0xf7]*[0x18]#[0xad][0xbd][0xa6]Q[0x10]#[0xad][0x99][0x1e][0x8c]Al4[0x8][0xb]@[0xe3][0xc1]}[0xa6][0xae]1[0xd2][0x9a]g[0xec]Q:[0x0][0x95][0x86]1[0xd2]2iZ[0x9d][0x87]a[0x8c]t!.[0xed][0xec]@,^[0x81][0x15][0xaf][0xb4][0x9c][0x91]C[0x9a][0xec]@[0xba][0xb][0xd1]'3/5[0xf][0xc7][0x85][0x93]a[0xf9]9[0xa5][0x5]%[0x89][0xc5][\n]"
05:47:22.689 [main] DEBUG org.apache.http.wire -  << "e[0xa9]y[0x99][0x89][0xb9][\n]"
05:47:22.689 [main] DEBUG org.apache.http.wire -  << "[0x89]9[0x99][0x85][0xa5][0x99])8[0xa7]ZLp[0xef]d1F:k[0xd7]5/[0xbf](7[0xbf][0xb4]X[0xc1]7[0xb1]()'[0x15][0x87][0xe5][0x9e])[\n]"
05:47:22.689 [main] DEBUG org.apache.http.wire -  << "e[0x10][0xfb]K2A[0xb7][[0x96]e[0x96]$[0xa6]*[0x14][0x97][0x16]'g[0x16]d[0xc2][0xee][0x93]+VHLR[0xc8][0xc9]LJ-[0xca][0xc7][0xe9]*<[0x15][0xb6]1[0xd2]\[0x8b]g^IjNNfzj^[0x89][0x82]{Qb^fI[0xaa][0x2][0x8e]a[0xbc][0xc0][0xd2]L[0x85][0xe2][0xd2][0xbc][0x12][0x85][0xdc][0xfc][0x9c][0xd4][0xe2][0x92][0xcc][0xc4]T8[0xab][0x18][0xc7][0x5]w[0xc4]O[0x90][0x11][0x9c][0x94][0x19][0xd8][0x8a][\n]"
05:47:22.689 [main] DEBUG org.apache.http.wire -  << "i&[0xc4]-1[0xaf]$[0xb1][0xb8]$3Y[0xc1]9?/[0xb9]([0xb5][0x4]WT[0x6]![0xee][0xfc]SH[0x5][0xa5][0xa5][0xd4][0x12][0x85][0xc2][0xd2][0xfc][0x14][0xd0]M[0x93][0x89][0xd0]1[0xcf]\[0xd0][0xec]^bJfAfq2[0xf2][0xf5][0x93][0xa8][0x1][0x87][0xe7]>[0x1]c[0xa4]E[0xdd][0xd8][0xcb][0xaa][0x1][0xe]8[0xc4][0xa2]8[0xd8][0xc4]'t[0xde][0xd5];/3[\r]s@[0xc0])5[0x11][0x94][0xe0][0xa1]yN[0x1]O[0xb6][0xc3][0x97][0xc0][0x91][0xd6]v[0xf][0xca]@A[0xb4][0xca]h[0xd4]([0x19][0xdc]#[0xc0][0xc6]H[0xf7]'[0xf][0xc6][0xf8][0x19][0xdc]#[0xc0][0xc6]H#[0xc0]>[0x99][0xe9][0x19]%[0xe5][0xa9] R!<??G[0xc1]9#1[0xb3][0x8]cA[0x81][0xf]h[0xfd]@*[0xbc]fI-VH[0x82]oAG[0xaa]A@[0xcd]2[0xd0]dM^z[0xb1][0x92][0x15][0xbe][0xfc][0x85]4[0xb][0x84]=[0xfe][0x6][0xa2][0x81]dJ[0xf3]\e[0x8a][0xe8][0x19][0xe6]&f[0xe6]%[0xe6])$[0xe6]%[0x82][0xce][0xaf]B[0xbd][0x19][0xa6][0xb8]$5[0xb5](3/][0xa1]<#55[0x7][0x11][0x14]Do[0x9d]1F[0x9a][0xc9][0xc2][0x1e][0xbe][0x3][[0xa8]#[\r] cw[0x1e][0xc2][0xcf]t[[0xb2]n[0x8c][0xb4][0x97][0x85]F[0x85][0xaa][0x19]b[0x14][0x82]V6 jKj^{[0x84]g[0xaf][0xb5]1[0xd2]N[0x99][0xe2][0xd2][0xe2]R[0x85][0xec][0xd2][0x94]D[0x85][0x9c][0xcc]D[0xcc]B[0x4],[\r]M[0xf0][0xd0][0x3][0xdb],QN[0xfd][0xc2][0xd7]LA:w[0x9a][0xb6]Y[0x7]i[0xca][0x1][0xda][0xbd]0[0xc3]([0xe][0xe1]#_[0xe8][0xbb][0xfe][0xc][0x89][0xcf][0xa2]H[0xb3][0xe][0xb4]J[0xc][0x88][0x9e];8[0xe8])[0x88][0x19]|e9[0xd2][0xbc][0x3]5[0xd3][0x1c]>+[0x91][0xe6][0x1e][0xa0]qD[0xab][0x11]6[0xa4][0xd3][0x98]i[0x14]KHg&[0xd3]2[0x96][0x90]f[0x17]hj[\r][0xad][0xe7][0xb][0x8c][0x91][0xe6][0xb]@e[0x89]Bbe"[0xe6][0x6]T[0xb0][0x17]A[0xd2][0x88][0x8a][0x4][0xb5][0xa8][0xc1][0x9b][0xba][0x10][0xb5]4[0xad]S[0x17]"[0x87][0xd2]*u!f[\n]"
05:47:22.689 [main] DEBUG org.apache.http.wire -  << "h[0xec][0x17][0xa4]A|Z[0xdb][0x84][0xa8][0xe4]h[0x14]jH[0xbb] i[0xed][0x17]D[0x9b][0x13]{Kh`[0x1b]jHg[0x96]bw[0x1e]"[0xd1][0xaf][0xa1]f[0x81]H[0xd3]4[0x8a][0xa4][0xdd][0x8b][0xb4][0xb2][0x1][0xb1][0x8][0x95]^[0x95]&[0xc1]=[0x8f][0x3][0x9b][0xd4][0x8][0xee]I[0xc4][0x95][0xd4][0x8c][0xd1][0x86]O[0xa9]xh[0xa1][0xb1]%[0xcd][0xab]3[0xa4][0xeb][0xc4]i[0x95][0xd4][0x10][0xd5][0x19][0xad]l[0xa0]y5[0x6][0xea]&@[0x8f][0x82][0xa0][0x8d][0x1f]L@'YAm [0xaf][0xc8][0x7][0x0][0x0][0x0][0xff][0xff]"
05:47:22.690 [main] DEBUG org.apache.http.wire -  << "[\r][\n]"
05:47:22.691 [main] DEBUG org.apache.http.wire -  << "350[\r][\n]"
05:47:22.691 [main] DEBUG org.apache.http.wire -  << "[0x2]9[0x91][0x98][0xb1][0xf][0x13][0xa4][0xfd][0x93]H[0x9b]I[0xa0][0x83][0xfa][0xd8][0x87]_\3K[0x8b][0x15][\n]"
05:47:22.692 [main] DEBUG org.apache.http.wire -  << "R[0x8b][0x8a][0xb]2[0x93]3[0x13]K2[0x8b]AC[0xc0]H[0xe3].[0xa0]dJ[0x9c][0xdd][0xb4][0xee][0x81][0x9a][0xd0]|J[0xda][0x4]i#[0xa6]{~Qz*hJ$<??%5O[0xc1][0x19]K[0xaf][0xd3]?%[0xb3][0x4][0xb1]R[0x18]67[0x92][0x8a][0xbc][\r][0x7]tw[0x16]q[0xc1]G[0xeb][0xe2][0xc0][0x4]i[0xbe][0x9d][0xd6][0xc9][0x90][0xd6][0x99][0xd6][0xc4][0x0]QO[0xe3][0xf7][0xb]U[0x16][0xa4][0x99][0xd0]|[0xf7][0xa8][0x9][0xd2]A[0x99]4*[0x85][0x90]6[0x90][0xd2][0xca][0x6]D[0xe3][0x99].[0x91][0x82]He[0xd8][0x1b][0x90][0x3][0xda][0xe8]0A:s[0x11][0xbb][0xf3]p5:[0xd0][0xfb][0x8f]Tlt[0x98][0xc][0xc6]M[0x96][0xa6][0x98][0xc3]b4[0x1a]r1[0xc5]2[0xb8]C[0xc3][0xf9]}S[0xa4][0x11][0x9e][0x0]g[0x5]wG_O?w[0x8c][0x1][0xbf][0xe0][0x0]Wo[0x5][0xf]Ow[0xf]Dz[0xb0][0x4][0xb5][0x18][0x88][0xa9]5L[0x91][0xd6][0xd2][0x5]$[0xe6]$[0xfa][0xe4][0xfb]`^[0x6][0x8f]sD[0xd1][0xc8][0xd2][0x12][0xb4][0xa8][0x82]8[0x8b][0x10][0xb5];[0x8d]-B,[0xc1][0xa0]S[0xef][0xc5][0x14][0xe9][0xfe][0x12][0x1a][0xfb][\r][0xd1]\[0xa6][0x93][0xdf]L[0x90][0xf6][0xe5][0xe3]/[0x93])]0hb[0x88]h[0xc0]`/[0xef][0x6][0xb6]8FZ[0xce][0x87][0xdd]y[0x88][0xec]G[0xb7][0xe1][0x6][0x13][0xa4][0xcd][0xdf]4[0xaa][0x93][0x91]6w[0xd3]8[0xfe][0x91]V3[0xd2][0xda]&[0xc4][0xc0][0x16]~[0x9b][0xa8][0xd3][0xf8]C:[0xe2][0x95]V[0x91][0x84]h[0xc9][0xe0][0xf7][0x10][0xc5][0x99][0x14]4[0x8b][0xe][0xed][0x8a][0xd2][0xc8]/D[0x1f][0x1]K[0xb1]_[0x90]VB[0xd2]8[0xd4][0x90][0x96]7[0xc2]l[0xa2]a[0xb3][0xc1][0x4]T)[0xd3]8[0x92][0x10][0x95],[0xcc]C[0x18][0xed][0x12]x[0xb3][0x81][0x92][0xb3][0x15]M[0x90][0x96]8b/v[0x7][0xb6]V@Zm8([0x9d][0x87][0xe8][0xe6]bw[0xde]@TZH[0xeb][\r]iT[0x86] [0xad][0x1b][0x84]&O[0xd2][0xb6]T[0xd0][0xaf][0x2]G:G[0x16][0xa7]K[0x11]q[0x84]o[0xd7] 5{y&[0x88][0x8e]8[0xf6]d3[0xb0][0x99][0xe]i[0x87]:[\r]N[0xca]2[0x1]]NB[0xdb][0xe2]sp[0xaf]`4![0xb8][0x82][0x11][0x91]"[0xe9][0x97]SL[\r]t[0x94][0xa0][0xb1][0x82]3[0xa7][0xe0][0xab]r[0xe8][0xe8]R[0xc4][0xfc][0x19]N[0x97]"B[0x90]^y[0x1a][0xe9][0xc4][\r][0xb7][0xd2][0xa2][0xbc][0xcc][0x92][0xd2][0xa2]T[0x85][0x90][0xfc][0x2][0x8c]z[0x1b]![0x9b][0x92]X[0x94][0xa9][0xe0][0x95]Z[0x90]X[0x4][0x1a][0x14][0x80].[0x8b]2[0x4][0xa5][0xe]b[0xba][0xfc]&H[0xb])iT[0xce]#[0x9d];M+[0x1b]0[0xba][\n]"
05:47:22.692 [main] DEBUG org.apache.http.wire -  << "[0x94][0xd4]$4[0x9c][0xe]41E[0x8c][\r][0xc][0xa6]T[0x87][0xe8][0x99] [0xd2][0x15]MS[0x1d][0xd2][0xfa]M[0xaa]n[0xd1]6AZ[0x83][0x9][\r]`[0x1a][0x8d]2[0x9a][0x10]}[0x9e]8[0xc5]] [0xa4][0x5][0x92][0xb4][0xf6][0xd3][0xe0][0x1e][0xdd]AZ[0xf1]H[0xed][0xbb][0x1a]L[0xcc][0x10]y`0[0xb6][0xa6][0x90][0xc6][0xb4][0x7][0xa5][0xf3][0x10][0x3][0xc7][0x83][0xd2]y[0x88][0x9e]0v[0xe7]!jz[0xfa][0xb5]@[0x90][0xd6]![0xd2][0xa2][0x81]l[0x8e][0xa8]j[0xb0][0xfb]y`[0xbb][0x7][0xe6][0x83][0xb1][0xd3][0x8b]4[0xd1][0x2][0xdf],[0x9][0xd9][0xd4][0x82][0xed][0x90]L[0xc7][0xe4][0xe4][0xd2][0xe2][0xc4][0xbc][0x92][0xcc][0xd2]\[0x85]|[0xd0][0xfd][0x9][0xd0]-u[0xc5]H[0xb]+P[0xb7][0xd1][0xa1]O[0xfa]!][0x9c]`[0x8a]tjIpe^jQz&x[0x8b][0x1f]taBpF~*[0xe8][0xea]/[0xd4]}[0x1e][0xae][0xe0][0xfd]|[0xa0]=}d[0xda][0x89][0xc8][0x17][0xb4][0xad]YL[0x91][0x8e][0x1][0xa1][0xb5]M[0x88][0xc6]`@Q~Jir[0x89][0x82]ciNf[0xa2][0x82]1F#[0x1a]tk][0x1]TM"\[\r][0xb4][0x9][0x8d][0xaf][0xc9][0x8f][0x12]o[0x88]|F[0x1f][0xfb][0x10][0x15][0x15]}[0xec]CdT[0x1a][0xda][0x17][[0xcb][0x5][0x0][0x0][0x0][0xff][0xff]"
05:47:22.692 [main] DEBUG org.apache.http.wire -  << "[\r][\n]"
05:47:22.693 [main] DEBUG org.apache.http.wire -  << "A[\r][\n]"
05:47:22.693 [main] DEBUG org.apache.http.wire -  << "[0x3][0x0][0x82]:[0x18][0xc3][0x9d][0xba][0x1][0x0]"
05:47:22.693 [main] DEBUG org.apache.http.wire -  << "[\r][\n]"
05:47:22.694 [main] DEBUG org.apache.http.wire -  << "0[\r][\n]"
05:47:22.694 [main] DEBUG org.apache.http.wire -  << "[\r][\n]"
05:47:22.694 [main] DEBUG io.restassured.internal.RestAssuredHttpBuilder - Parsed data to instance of: class org.apache.http.conn.EofSensorInputStream
05:47:22.699 [main] DEBUG org.apache.http.impl.conn.BasicClientConnectionManager - Releasing connection org.apache.http.impl.conn.ManagedClientConnectionImpl@4bc9389
05:47:22.699 [main] DEBUG org.apache.http.impl.conn.BasicClientConnectionManager - Connection can be kept alive indefinitely
05:47:22.764 [main] DEBUG net.thucydides.core.steps.StepInterceptor - STEP DONE: I send HTTP GET request
  &amp#27;[32mWhen &amp#27;[0m&amp#27;[32mI send GET HTTP request&amp#27;[0m                     &amp#27;[90m# starter.stepdefinitions.UserSteps.iSendGETHTTPRequest()&amp#27;[0m
05:47:22.775 [main] DEBUG net.thucydides.core.steps.StepInterceptor - STARTING STEP: UserSteps.iReceiveValidHTTPResponseCode - I receive valids HTTP response code 200
05:47:22.777 [main] DEBUG net.thucydides.core.steps.StepInterceptor - STEP DONE: I receive valids HTTP response code 200
  &amp#27;[32mThen &amp#27;[0m&amp#27;[32mI receive valid HTTP response code 200&amp#27;[0m      &amp#27;[90m# starter.stepdefinitions.UserSteps.iReceiveValidHTTPResponseCode()&amp#27;[0m
05:47:22.786 [main] DEBUG net.thucydides.core.steps.StepInterceptor - STARTING STEP: UserSteps.iReceiveValidDataForProductRatings - I receive valid data for product ratings
05:47:22.925 [Finalizer] DEBUG org.apache.http.impl.conn.DefaultClientConnection - Connection 0.0.0.0:60319<->149.248.193.56:443 closed
05:47:22.946 [main] DEBUG net.thucydides.core.steps.StepInterceptor - STEP DONE: I receive valid data for product ratings
  &amp#27;[32mAnd &amp#27;[0m&amp#27;[32mI receive valid data for product ratings&amp#27;[0m     &amp#27;[90m# starter.stepdefinitions.UserSteps.iReceiveValidDataForProductRatings()&amp#27;[0m
05:47:22.949 [main] INFO  - 
  _____   ___   ___   _____     ___     _     ___   ___   ___   ___  
 |_   _| | __| / __| |_   _|   | _ \   /_\   / __| / __| | __| |   \ 
   | |   | _|  \__ \   | |     |  _/  / _ \  \__ \ \__ \ | _|  | |) |
   |_|   |___| |___/   |_|     |_|   /_/ \_\ |___/ |___/ |___| |___/ 

GET - As admin I can get product ratings
----------------------------------------------------------------------
]]></system-out>
  </testcase>
  <testcase name="GET - As admin I cannot get product ratings" classname="User" time="0.67">
    <system-out><![CDATA[
@TC-0012
Scenario: GET - As admin I cannot get product ratings     &amp#27;[90m# src/test/resources/api/user.feature:41&amp#27;[0m
05:47:22.963 [main] INFO io.cucumber.core.plugin.SerenityReporter - Running feature from file:///C:/Users/Lenovo/IdeaProjects/MiniProject/MiniprojectApi/src/test/resources/api/user.feature
05:47:22.963 [main] WARN io.cucumber.core.plugin.SerenityReporter - Feature from file:///C:/Users/Lenovo/IdeaProjects/MiniProject/MiniprojectApi/src/test/resources/api/user.feature is not under the 'features' directory. Requirements report will not be correctly generated!
05:47:22.965 [main] INFO  - 
  _____   ___   ___   _____     ___   _____     _     ___   _____   ___   ___  
 |_   _| | __| / __| |_   _|   / __| |_   _|   /_\   | _ \ |_   _| | __| |   \ 
   | |   | _|  \__ \   | |     \__ \   | |    / _ \  |   /   | |   | _|  | |) |
   |_|   |___| |___/   |_|     |___/   |_|   /_/ \_\ |_|_\   |_|   |___| |___/ 

GET - As admin I cannot get product ratings(user;get---as-admin-i-cannot-get-product-ratings)
--------------------------------------------------------------------------------
05:47:23.056 [main] DEBUG net.thucydides.core.steps.StepInterceptor - STARTING STEP: UserSteps.iSetUnmatchedGETApiEndpointsProductRatings - I set the unmatched GET api endpoints product ratings
05:47:23.056 [main] DEBUG net.thucydides.core.steps.StepInterceptor - STEP DONE: I set the unmatched GET api endpoints product ratings
  &amp#27;[32mGiven &amp#27;[0m&amp#27;[32mI set unmatched GET api endpoints product ratings&amp#27;[0m &amp#27;[90m# starter.stepdefinitions.UserSteps.iSetUnmatchedGETApiEndpointsProductRatings()&amp#27;[0m
05:47:23.062 [main] DEBUG net.thucydides.core.steps.StepInterceptor - STARTING STEP: UserSteps.iSendGETHTTPRequest - I send HTTP GET request
05:47:23.064 [main] DEBUG net.thucydides.core.steps.StepInterceptor - STARTING STEP: GetAllProduct.iSendGETHTTPRequest - I set the GET api endpoints
05:47:23.065 [main] DEBUG net.thucydides.core.steps.StepInterceptor - STEP DONE: I set the GET api endpoints
05:47:23.080 [main] DEBUG org.apache.http.impl.conn.BasicClientConnectionManager - Get connection for route {s}->https://altashop-api.fly.dev:443
05:47:23.080 [main] DEBUG org.apache.http.impl.conn.DefaultClientConnectionOperator - Connecting to altashop-api.fly.dev:443
05:47:23.182 [main] DEBUG org.apache.http.client.protocol.RequestAddCookies - CookieSpec selected: ignoreCookies
05:47:23.182 [main] DEBUG org.apache.http.client.protocol.RequestAuthCache - Auth cache not set in the context
05:47:23.182 [main] DEBUG org.apache.http.client.protocol.RequestTargetAuthentication - Target auth state: UNCHALLENGED
05:47:23.182 [main] DEBUG org.apache.http.client.protocol.RequestProxyAuthentication - Proxy auth state: UNCHALLENGED
05:47:23.182 [main] DEBUG org.apache.http.impl.client.DefaultHttpClient - Attempt 1 to execute request
05:47:23.182 [main] DEBUG org.apache.http.impl.conn.DefaultClientConnection - Sending request: GET /api/products HTTP/1.1
05:47:23.182 [main] DEBUG org.apache.http.wire -  >> "GET /api/products HTTP/1.1[\r][\n]"
05:47:23.182 [main] DEBUG org.apache.http.wire -  >> "Accept: */*[\r][\n]"
05:47:23.182 [main] DEBUG org.apache.http.wire -  >> "Host: altashop-api.fly.dev[\r][\n]"
05:47:23.182 [main] DEBUG org.apache.http.wire -  >> "Connection: Keep-Alive[\r][\n]"
05:47:23.182 [main] DEBUG org.apache.http.wire -  >> "User-Agent: Apache-HttpClient/4.5.13 (Java/14.0.2)[\r][\n]"
05:47:23.182 [main] DEBUG org.apache.http.wire -  >> "Accept-Encoding: gzip,deflate[\r][\n]"
05:47:23.182 [main] DEBUG org.apache.http.wire -  >> "[\r][\n]"
05:47:23.182 [main] DEBUG org.apache.http.headers - >> GET /api/products HTTP/1.1
05:47:23.182 [main] DEBUG org.apache.http.headers - >> Accept: */*
05:47:23.182 [main] DEBUG org.apache.http.headers - >> Host: altashop-api.fly.dev
05:47:23.182 [main] DEBUG org.apache.http.headers - >> Connection: Keep-Alive
05:47:23.182 [main] DEBUG org.apache.http.headers - >> User-Agent: Apache-HttpClient/4.5.13 (Java/14.0.2)
05:47:23.182 [main] DEBUG org.apache.http.headers - >> Accept-Encoding: gzip,deflate
05:47:23.527 [main] DEBUG org.apache.http.wire -  << "HTTP/1.1 200 OK[\r][\n]"
05:47:23.527 [main] DEBUG org.apache.http.wire -  << "content-type: application/json[\r][\n]"
05:47:23.528 [main] DEBUG org.apache.http.wire -  << "date: Mon, 08 May 2023 22:56:13 GMT[\r][\n]"
05:47:23.528 [main] DEBUG org.apache.http.wire -  << "transfer-encoding: chunked[\r][\n]"
05:47:23.528 [main] DEBUG org.apache.http.wire -  << "content-encoding: gzip[\r][\n]"
05:47:23.528 [main] DEBUG org.apache.http.wire -  << "server: Fly/3f2597ca (2023-05-03)[\r][\n]"
05:47:23.528 [main] DEBUG org.apache.http.wire -  << "via: 1.1 fly.io[\r][\n]"
05:47:23.528 [main] DEBUG org.apache.http.wire -  << "fly-request-id: 01GZYS8S72JCY53X2MFHYX1R43-sin[\r][\n]"
05:47:23.528 [main] DEBUG org.apache.http.wire -  << "[\r][\n]"
05:47:23.528 [main] DEBUG org.apache.http.impl.conn.DefaultClientConnection - Receiving response: HTTP/1.1 200 OK
05:47:23.528 [main] DEBUG org.apache.http.headers - << HTTP/1.1 200 OK
05:47:23.528 [main] DEBUG org.apache.http.headers - << content-type: application/json
05:47:23.528 [main] DEBUG org.apache.http.headers - << date: Mon, 08 May 2023 22:56:13 GMT
05:47:23.529 [main] DEBUG org.apache.http.headers - << transfer-encoding: chunked
05:47:23.529 [main] DEBUG org.apache.http.headers - << content-encoding: gzip
05:47:23.529 [main] DEBUG org.apache.http.headers - << server: Fly/3f2597ca (2023-05-03)
05:47:23.529 [main] DEBUG org.apache.http.headers - << via: 1.1 fly.io
05:47:23.529 [main] DEBUG org.apache.http.headers - << fly-request-id: 01GZYS8S72JCY53X2MFHYX1R43-sin
05:47:23.529 [main] DEBUG org.apache.http.impl.client.DefaultHttpClient - Connection can be kept alive indefinitely
05:47:23.531 [main] DEBUG io.restassured.internal.RestAssuredHttpBuilder - Parsing response as: application/json
05:47:23.531 [main] DEBUG org.apache.http.wire -  << "576[\r][\n]"
05:47:23.531 [main] DEBUG org.apache.http.wire -  << "[0x1f][0x8b][0x8][0x0][0x0][0x0][0x0][0x0][0x4][0xff][0xaa]VJI,IT[0xb2][0x8a][0xae]V[0xf2]tQ[0xb2]241[0xb1]0[0xd2]Q[0xf2]K[0xcc]MU[0xb2]RJI-N.[0xca],([0xc9][0xcc][0xcf]S[0xd2]QrA[0xe2]Y))[0xe9]([0x5][0x14]e&[0xa7]*Y[0x19][0xe8]([0x5]%[0x96]d[0xe6][0xa5][0x17]+Y[0x99][0xe8](9'[0x96][0xa4][0xa6][0xe7][0x17]e[0xa6][0x16]+YE[0xc7][0xd6][0xea] [0xc]6[0x86][0x1b][0xec]Y[0x90][0x91][0x9f][0x97][0xaa]`h[0xa8]`f[0xa2][0x90][0x9e][0x84]axANb[0xa5]BFb[0xb1]B^[0xbe]BNfnfI1[0xc2]:#KK$[0xb][0x8d][0xd0],[0x84][0xda]fdjb[0x8][0xb7][0xcd]=173/[0x1d][0xc3][0x12][0xb7][0xfc]"[0x85]t[0xb0][0x94]BAiQA~qj[0xb1]R-[0x8a][0x83]-[0xe0]F[0xb8][0x95][0x16][0xe5]e[0x96][0x94][0x16][0xa5]*[0x84][0xe4][0x17]`[0x9a][0x4][0x97]MI,[0xca]T[0xf0]J-H,JD[0xb8][0xd8][0xd0][0x4][0xd9][0xc5][0xa6]h.F[0xb1][0xd1][0x4]ncp~^[0xa5]B@[0xb0]![0x86]e[0xf8][0xc2][0xc6][0x4]%l[0xc][0xd1]l[0xa2]j[0xd8][0x98][0x12]v)"[0x4][0x90][0x93][0x88][0x1]-]e[0x6]w[0x15][0x15]c[0xc][0xdd][0xc5][0xc8]1f[0x89]Hf.a.[\n]"
05:47:23.531 [main] DEBUG org.apache.http.wire -  << "[0xbe][0xa5][0xe9][0xa9]y[\n]"
05:47:23.531 [main] DEBUG org.apache.http.wire -  << "!E[0x89][0x99][0xf8]r[0x8c][0xa1][0x91][0x81][0x81][0x1][0xbe]0A[0xb1][0x1][0x91][0x1f][0x13][0xf3][0x12][0xb3][0x15][0x12]+[0x13]s1[0x12]Eqiq[0xa9][0x2]H[0x1a][0x11][0xe6][0x96](i[0x1][0xaf][0x1f][0xcc][0xe1][0xa1][0x16][0xe1][0xe4][0x1f][0x81][0x99][0xe4][0x10]9[0x5]a<jR3[0xa6]a[0xa4][0x82][0xfc][0x1]-[0x90][0xb0];[0xf][0x97][0xa3][0xd0][0xfd]L[0xc5][0xf4]o[\n]"
05:47:23.531 [main] DEBUG org.apache.http.wire -  << "[0x8a]>[0xa8][0xa3]h[0x13][0xef][0xa6][0x6][0x88][0x94][0x5][0x8a]X[0xea][0xc7][0xbb][0xa9][0x1][0xad]S[0x96][0xa9][0x1][0xa2][0xc8][0xa7][0x91][0x1f],[0x10]e[0xb4]SQbrjNj[0x9]F[0xe6][0xf0]MLIU[0xc8]OS[0xc8][0xc8]L[0xcf]P(,M[0xcc][0xc9],[0xa9]T(HM,[0xca]A[0xae]V[0x8c][0x88][0xcb][0x90][0xc6][0xc6]f[0x18][0x85][0xb4])[0x86][0x95][0xf8][\n]"
05:47:23.531 [main] DEBUG org.apache.http.wire -  << "i[0xd4][\n]"
05:47:23.531 [main] DEBUG org.apache.http.wire -  << "[0xc]w[0x8d]illf[0x9][0xcf][0x98]%[0xa9][0xc5][0xa0]*V[0xa1][0xa0](?[0xa5]4[0x19][0xd3][0x8f]%[0x19][0x99][0xc5][\n]"
05:47:23.531 [main] DEBUG org.apache.http.wire -  << "[0x99][0xc5][\n]"
05:47:23.531 [main] DEBUG org.apache.http.wire -  << "%[0x19][0xa9]05[\n]"
05:47:23.531 [main] DEBUG org.apache.http.wire -  << "[0xa8][0xd5]7[0x96][0xda][0x1a]=[0xd7]"[0x8a][0x1d]ccsD[0xf2][0xa3][0x9a][0xdd][0x86]h[0xc5][0x1e][0xee][0xaa][0xd0][0xd8][0xd8][0x1c][0x91]8[0xa9]j?R[0xdb][0x1][0xaf][0xf5][0x88]H[0xa6][0xaa][0xf5][0xc8][0x89][0xc][0xaf][0xfd][0x88]2[0x99]f[0xf6][0xa3][0x97][0x8f]([0xd1][0x8f][0xc8]W4[0xb3][0x1f]_[0xd2]7[0xa7]A[0xd2]GO~[0xf8][0xfc]oa@[0xfd][0xac][0x87]n?[0xbe][0xec][0x87][0xd4][\n]"
05:47:23.531 [main] DEBUG org.apache.http.wire -  << "[0xa7]Y[0xf8][0xe3][0xf5]?[0xa2][0xe4][0x1e][0x18][0xfb][0x11][0xf9][0xcf]#@!7[0xb3]$[0x1f]{[0x19][[0x92]Z[0x94][0x94][0x98][0x99][0x8d]h[0x2][0x98][0x9a][0x99]#eq[0xbc]^Dd1[0xd2][0xda][0x15][0xe8][0xf9][0x96]z[0xed][\n]"
05:47:23.531 [main] DEBUG org.apache.http.wire -  << "cc[0xb]D[0xba][0x87][0xf6][0x0]([0xa9]\[0xf0][0xa5]0KD[0xc][0x7][0x4]+`[0xda][0x92][0x9e][0x98][0x9b][0xaa]`[0xaa]P\[0x92]X[0x84][0x8]][0xd4]V[0x1f][0xbe][0xc]l[0x89][0x88]@[0xba]4[0xc5][0x8d]M[0x90][0x9a]dT[0x8]:<)[0xc7][0x4][0xa9]iF/[0xbf]!"[0x8b][0xd6]~C[0xc4][@QbrIfrb[0x8e]Bx~~Jj[0x9e][0x82]w^fZ*F>t[0xcc][0xc9]L,VH+MOT(-[0xd1]C[0xa4][0x15]CP[0x84][0xc0]G[0x6][0xf0][0x86]'"'Rod[0x0][0xaf][0x85][0x88]\[0x6][0xb3][0xd0][0x88][0xe2][0xa1][0x8]|[0x16][0x1a]"[0xaa][0x13][0x98][0x85][0x94][0x8f]}[0xe0][0xb5][0x10][0xd1]|[0xa3][0x93][0x85][0x18][0x3][0x2][0xe6][0x18])[0x85][0xf8]V1^[0xaf]!RK@bN[0xa2]O[0xbe][0xf]h[0xac][0x5]ut[\n]"
05:47:23.532 [main] DEBUG org.apache.http.wire -  << "n[0x13][0x96][0xd1]#cc[0xa4][\n]"
05:47:23.532 [main] DEBUG org.apache.http.wire -  << "[0x2]O[0x11]fb[0x88]h[0x3][0x91][B[0xe2][0xf5][0x7]"[0x11][0xd2][0xc2]xP[0x6][0xda]C[0xa5]S[0xcf][0xc8][0xc4][0x8][0x91][0xe8]h[0xe2]#D[0x97][0x80]&[0xc6]#[0xca]X[0xba][0x5][0x18][0xa2][0xb0][0xa5][0x9b][0x95][0x88]|JM+[0xf1][0xe5]##[0xc4][0xa8][0x1c]5[0xad][0xc4][0x97][0xb7][0x8c][0x10]e[0x4][0x8d][0xeb]K#D.[0xa6]QC[0xd5][0xc4][0x18]Qy[0xd0]2[0xfc]`[0xcd]X[0xb]CD[0x12]qLNN-.[0x86][0x8c][0xe6][0xa3][0xcf][0x0][0x94][0xe4]+[0xa4][0xe6]e$[0xe6]%[0xa7]*$[0x16][0x80][0x86]S@L[0xe4][0x11]tc[0x13]cD[0x81]P[0x9c]Z[0x90][0x9a][0x82]YP'fV[0x82][0x4][0xa1][0x83][0x13]F[0xa6][0xc8][0xfd]c|[0x11]l[0x8c]([0xb]h[0x19]&H]b[0x13]P[0xbd][0x1]-P[0xa9][0xed][0x19][0xfa][0x17][0x3][0xc6][0x88]8[0xe][0x6][0xc7][0x8c][0x82]OfqI[0x11][0xb8]'[0x85]Z[0x95]B[0xa5]s [0xd2][\n]"
05:47:23.532 [main] DEBUG org.apache.http.wire -  << "y[0xe9][0xa9]I[0xa5][0xa0][0xf1]'[0xd2][0xa3][0xc]Q[0xc]@[0xcd][0x84]Z[0xa9][0xe0][0x94][0x98][0x93][0x88]9[0xab][0x2]U[0x84]j[0xb1]BRb^:x[0x8c][0xf]j[0xbf])[0xf1]I[0x6]Q&[0xd0]-[0xc9] Z[0x10]t[0xb3][0x12]Q[0x1e][0xd1][0xcb]J[0x13]D[0xf9][0x14]TZ\[0x92][0x99][0xc][0xeb]/8%b[0xce][0xba][0x85][0x96]([0xa4][0x16][0x15][0xe5][0x17])[0x14][0xa5]&[0x97][0x16]'[0xe6][0xa5]$[0xa6]*[0x14][0xe4][0x17][0x17]g[0xe6][0x96][0x16]+[0xe4][0xe6][0xe7][0x80][0xc6]9[0x13]S[0x15][0x8a]SS[0x14]2s[0xb]RS2[0xc9][0xeb]R M[0xff]![0xba]1>[0x99]y[0xa9]y[\n]"
05:47:23.532 [main] DEBUG org.apache.http.wire -  << "N[0xf9]%%9X[0xba]1[0xa5]%[\n]"
05:47:23.532 [main] DEBUG org.apache.http.wire -  << "[0x5][0xa9]E[0xc5][0x5][0x99][0xc9][0x99][0x89]%[0x99][0xc5][\n]"
05:47:23.532 [main] DEBUG org.apache.http.wire -  << ")[0xf9]9[0xf9]E[0xa9][\n]"
05:47:23.532 [main] DEBUG org.apache.http.wire -  << ")[0x99][0xc9]%[0x89][\n]"
05:47:23.532 [main] DEBUG org.apache.http.wire -  << "[0x5][0xf9]EE[0xf9][\n]"
05:47:23.532 [main] DEBUG org.apache.http.wire -  << "[0x99][0x5][0xc5][0xa5][0xb9][\n]"
05:47:23.532 [main] DEBUG org.apache.http.wire -  << "[0xa9][0x89]d[0xf5]rL[0xe8]_d[0x99] [0x9a]4[0xc1]9[0xa9][0xa9][0xd9][\n]"
05:47:23.532 [main] DEBUG org.apache.http.wire -  << "[0x90][0x10]p[0xcf][0xc9]/K[0x5][0x8d]}[0xa3][0xe6]t[0xff][0xb4][0xb4][0xcc][0xe4][0xcc][0xcc]b[0x85][0xe4][0xfc][0xbc][0xe2][0xd4][0xc2][0xd2][0xc4][0x92][0xd2]"[0x85][0xc4][0xbc][0xcc][0xdc]Lx[0xc4][0x14]+[0x94][0xe5][0xe7][0x94][0x16][0x94]$[0x96][0xa4]*[0xa4][0xa4][0xe6][0xa4][0xe6]e[0x96]d[0x92][0x17][0x18][0xf4]/[0xf2]L[0x10]E[0x9e]{~Qzj~i[0xb1]BPiRRj[0x91][0x82]3x[0x8c][0x3]-4R2K i[0xa0]4W![0x11][0x94]8[0xc0]I '1)[0xbf](3[0xbf]81W[0xa1][0xb0]4S!1'[0xb3][0xb0]43E[0xa1][0x98][0xdc]t[\n]"
05:47:23.532 [main] DEBUG org.apache.http.wire -  << "*[0x14][0x1][0x0][0x0][0x0][0xff][0xff]"
05:47:23.532 [main] DEBUG org.apache.http.wire -  << "[\r][\n]"
05:47:23.532 [main] DEBUG org.apache.http.wire -  << "596[\r][\n]"
05:47:23.533 [main] DEBUG org.apache.http.wire -  << "[0x82][0xcc][0xb6]#[0xd2][0xa9]{Qb^fI[0xaa][0x82]s~"[0xa8][0xa4]Eu[0x97]k[0x9][0xa8][0xaf][0x9d][0x99]X[0xa2][0x90][0x9f][0x9b][0x97]Y[0xac][0x90][0x9b][0x99][0x97][0x99][0x9b][0xa8][0x90]W[0x9a][X[0x9a][0x98][0xab]P\Z[0x9c][0x9c]Y@[0xae]k[0x10]Edpe^jQz&,;[0xe7]([0x4]gd[0x16]auMjq[0x9]<Ud&[0x95][0x16]+[0x14][0xe4]$&[0xa7]&[0x96]([0xa4][0x92][0x97]uA[0x5]:4H[0x14]h[0xd4][0x85]4EdE[0xb2][0x9a][0x87][0xc4][0xb6]RL[0x91][0xf2][0x1f]d>[0x1f]s[0x9c][\r][0xde]U%[0xb8][0xd6][0x1]_{[0xc8][0x94][0xfe][0xf9][0xc9][0x14][0x91][0x9f][0xe8]U[0xd3][0x98]"r[0xb][0xdd][0xac]Dd[0x9][0xba]Y[0x89]h5[0x90][0x95]:Q'[0x18][0xf1][0xa6][0x1a]Dc[0x81][0xc6]6[0x99]![0xda][0x8]P[0x9b]0[0x97][0x19][0xe0][0xcb][0x9][0xa8][0x3][0xcf][0xe8]~[0x82]u](_[0xf5]clb[0x86][0xe8][0xb3]@]J[0xab]<kFa)D|<[0x9b][0xd1][0xad][0x1c][0xa2][0xee][0xe4]8z<#w[0xc7][0xcc][0x10][0xc5][0xf][0xad][0xe3][0x9]Q[0xea]@m[0x1a][0xb4]i[0x17]QX[0xe1]t)b[0x80][0x1e]_-F[0xd5][0x1c][0x85]Q[0x9e]Q[0x12]~4[0x9c]}3AZp1[0x88][0xc2][0xcf][0x1c][0xa3][0xec][0xa4]U[0x89][0x84][0xb4][0xe8][0xc3]/[0xb1]8S[0xc1]%[0xb1]4O[0xc1]+[0xb5][0xa8][0x14]4[0xc1][0x8a][0xda][0xc][0x5][0xcb][0x97][0xa7][0xe6]%fg+[0x94][0xa4][0xe6]%[0xe6])[0xe4][0x96][0x16][0xe5][0xa6]"[0xcd][0x15][0x1a]Z[0xe2]_[0xe4][0x6]Kb[0x16][0x96][0x88]T[0x9b][0x9c][0x9f]W[0x92][0x9f][0xa1][0x9b][0x8c]XC[0x8a]>[0xea][0xe4][0x96]X[0x9c][0x91][0x99][0x9f][0x97][0x98][0x94][0x93][0x8a]:[0xd6][0x84][0xb4]`[0x4][0xec]6[0x84][0xdb][0xc1]K[0xa7][0x14][0xd2][0xf3][0x8b]R[0xb1][0xac][0x2][0x5][0xab][0xa5][0x92]?[0x10][0xe9][0x9c][0xb0]?0U [0xad]=561[0xa7][[0x89]mN[0xb7]r[0xd4][0x1c][0x11][0xcf][0xd0][0xdc]E[0xb3]tL[0xb7]v[0x8d][0x5][0xdd]Z[0xb][0x16][0x88][0x14][0x11][0xe1][0x94]_[0xa1][0x80]Y[0x86][0xd2][0xbf]d[0xb7]@[0xf4]:p[0xb8][0x89][0xf0][0xd2]Q[0xf4]:[0x1e]V,P[0xa3]-[0x87][0xb4]:pp[0xba][0x8f]n[0xe9][0x14]i[0x9d]2[0x8e][0x90]@[0xa4][0x1e][0xfa][0xb5][0xb5]-[0x11]-[0xe0][0xc1][0xe4]*DN[0xa3]q9[0x85][0xb4]H[0x6][0xfb][0x12][0xa4][0x81][0xcd]>[0x96][0x88][0x86]/v[0xe7][\r]H[0x9a]A[0xd4][0xb2][0xd8][0x1d]5[0xa0]a[0x86][0xbc]0[0x1c][0xbb][0xf3]p[0x85][0x19][\r][0xdb][0xb5][0xc8]k[0xc9]i[0x9b][0xa2][0x91]W|c[0xf7][0xfe][0x0][0xc7][0xe][0xa2][0xb1][0x83][0xdd]y[0xb8]b[0x87][0x86][0xb5][0x94][0xa9][0x1]"[0x9b][0xd1]:v([0xcf];[0xb4]L[0xa6]H[0xab][0xa4][0x6]O[0xec][0x18]"Zx[0xd8][0x1d]5[0xb0])[0xda][0x10]QYaw[0xde]@[0xa4]hCD[0xbb][0x90][0xc6])[0x1a]i[0xad][0x2][0xad]m[0xa2][.5[0xa4]W?[0xc9][0x14]i[0x85][0x1b][0x8d]C[0xf]i5[0x1a][0xad]mB[0xb4])im[0x13][0xdd]R[0xb9][0x11][0xa2][0xda][0xa2][0xb5][0x9f][0xe8][0x96][0xca][0xe9][0xb6]D[0xcb][0xd4][0x8]Q[0xeb][0xd1]:[0xf4][0xe8][0xd5][0x9f]3EZ[0x13]Fc?![0xad][0xe1][0xa2][0xb5]M[0x88][0x9c][0x8b][0xbd]*[0x1b][0xd8][0x9a][0xd6][0x18][0x91][0xdd][0xb1];o jZ[0xe4]u\4[0x9d]a65[0xa6][[0xc9]`[0x8c][0xa8][0xff]<[0x2][0x14][0x9c]A[0x8b]p2[0xb1]lP[0xc9]I-([0xc9]/P[0xc0][0xd8][0x1]d[0x9][0x2]HK[0xbc][0xd1][0x9b][0xee]H[0x93]H[0xa6][0xc6]T-[0x1a][0xd0]7[0xdc]#[0xdb][0x84][0xb4]Hj 6T![0x8f][0xa6]Q[0xcd]~|[0x13]H(~GdlBv#[0xf2][0x10]h[0xb7][0x1c][0x91][0xb1][0x88][0xb4][0xcc][0x89][0x90][0xf9]D[0xef][0x93][0x5]YO[0xb4][0xff][0x10]%[0x3]U[0xed]'[0xd6][0xfb][0x88][0x9c]IU[0xeb][0x89][0xf6]>"[0x13][0xd1][0xcc]~[0xf4]n'J[0xf2]B[0xd4][0xba]4[0xb3][0x1f]_![0x82][0xb4]`i`[0xec]G[0xf4]Pif?[0xfa]9+[0xc8][0xe1][0x8f][0xb4][0x9a][0x8a]f[0xf6][0xe3][\r]D[0x17]x`[0xec][0xa7]Q[0xf6]'6[0xff]!-[0xc4][0x1a][0x18][0xff]#[0xca][0x1f]X[0xb][0xd1][0xd4][0x94]FS{[0xa6][0xa6][0x88][0xc6][0x1]uW[0xe1][0x9b][0x9a]"[0x8a]1[0xcf][0xbc][0x92][0xd4][0x9c][0x9c][0xcc][0xf4][0xd4][0xbc][0x12][0x85][0xe0][0x92][0xd4]T[0xd0][0xea][0xc7]|,+f=S@[0xe7]I[0x14]g*[0xe4]%[0x96][0x94][0x16][0x83][0x16][0x84][0x82][0x88][0xc4]b[0xb2][0xd6][0xc4][0x9a][0x9a]"[0xca]1X8[0xd2]f[0xfd][0xa3])[0xe6]j,ZE[0x17][0xdd]VS[0x99][0xd2]m5[0x95])[0xdd][0xd6]8[0x81][0xf7][0xb2]C[0x97][0xc2][0xd2]:E [0x12][0xbf]k^~Q.hqt@N"x[0xf9][0xaf]sFb&h][0x7][0xea][0x2][0x90]0[0xc8]Bp[0xd0][0xa9]#%[0xa9][\n]"
05:47:23.533 [main] DEBUG org.apache.http.wire -  << "y[0xf9]y[0xa0]sG[0xca]2S@y&[0xb5][0x98][0xac][0xa5][0xbf][0xa6]H[0xeb]o\J[0x8b]@k<@[[0x9]r[0x14][0xb0][0xbb] [0x18][0xba][0xd4]Y[0xa1][0xb0]4_[0x1]i]vf[0x1e]9K[0xd2]M[0xe9][0xb6][0xcc][0xc6][0x14]i[0x99][\r][0x8d][0xa3][0x95]n[0xcb]HL[0xe9][0xb6][0x8c][0xc4][0x94]n[0xcb]HL[0x91][0xe]![0xa1]q<![0x1d]7[0x12][0x10]l[0x82]Y[0xea][0x17][0x9b]($%[0x16][0x95]"zG[0xc6][0xf8][0xd7]V!7[0xcf][0xe8][0xb6]D[0xc5][0x14][0xe9][0xd0][0x12]Z[0x87][0x17][0xa2][0xc9]Gk[0x9b][0x10][0x8d];Z[0xdb]D[0xb7]A^[0xb][0xcc][0x6][0x1b]f[0x92]#[0xfa][0x8]F|Ms[0xb]Dk[0x8d][0xd6][0xa1][0x87][0xa8][0xc0]hm[0x13][0xdd][0x9a]i[0x96][0xf4]Z[0xf8]i[0x8a][0xb4]<[0x88][0xc6][0xa1][0x87][0xb4][0xe4][0x87][0xd6]6[0xd1][0xad][0x8c][0xb0]D[0x94][0x11]T/[0xbd]-[0xe9]V* [0xad][0xf6][0xa1]u[0xcc][0xd0]+[0xaf][0x9a]![0x9d][0xd4][0xe3]Z[0x94][0x9e][0x9f][0x97][0x9f][0x9b][0x99][0xac][0xe0][0x98]S[0x9a][0x9b][0x99]W[0x9a][0x8b]u[0xdb][0x9f]ci[0x89]BRjbIb*|S[j[0xae]BnbEfn[0xaa]B^jn[0xbe]BfNNi.h[0xc3][0x1f][0xb8][0xef]GNS[0xd3][0xcc][0x80]^[0xc5][0xa2][0x99][0x1][0xbd][\n]"
05:47:23.533 [main] DEBUG org.apache.http.wire -  << "+[0xb3][0xc1][0xbd]N[0xc2]l0[0xae][0x93]0[0xa3][0xd7]:[0x9][0x13][0x13][0xa4][0xaa][0x84]V'q[0xd2]+[0xa5][0x99]"[0xed][0x17][0xa0]uAE/?[0x99]![0x9d][0xc5]J[?[0x99][0x19] *+Z[0xdb]D[0xaf][0xaa][0xcb][0xcc][0x90]^[\r]Z3[0xa4][0x15]3[0xd8]'[0x81][0x7]t[0x8e][0xda][0xc]i[0x99][\r]v[0xe7]!z[0x90]t[[0xe5]m[0x86]t,[0x14][0x8d]S[0x9c][0x11][0xa2][0xc9][0x17][0x10]lh@A[0xa7][0x6][0xfd]<#[0xf8][0xae][0x4][0xa4]j[0xe]rx<[0x86]%i[0xf8][0xcf][0x95]763B[0xcf][0x81][0x0][0x0][0x0][0x0][0xff][0xff]"
05:47:23.533 [main] DEBUG org.apache.http.wire -  << "[\r][\n]"
05:47:23.534 [main] DEBUG org.apache.http.wire -  << "D5E[\r][\n]"
05:47:23.534 [main] DEBUG org.apache.http.wire -  << "[\n]"
05:47:23.534 [main] DEBUG org.apache.http.wire -  << "[0xa6][0xd1][0xe8][0xab][0x19][0xd2][0xc9]K[0xd9][0x99][0x5][0x89][0xc5][\n]"
05:47:23.534 [main] DEBUG org.apache.http.wire -  << "[0x89]y[0xe9]XN&[0xcf]M[0xcd]KO[0xcd])M,[0xca]N[0xcc][0x83](Q(N[0xcc]KO,Q[0xc8]N[0xcd]KN[0x4][0xef][0x9a][0x82][0x1e][0xb7][0x82][0xff]P?x(![0x1d][0xbf]A[0xde][0xe9][0xfb][0xc6]fH[0xeb][0x83][0xe0][0xc7]58[0x15][0xe5][0xe7]U[0xa5][0xe2][0x18][0xe][0x84][0x9c]CX[0x94]Z[0x90][0x9a][0x93][0x93][0x9a][0x97]RZ[0xac][0x90][0x98][0xc]:b[0x4]t[0xb0]Ha)YC[0xf2]fHK[0x87]|SS2[0xf3][0x93][0x8b]RA#[0x92][0xa0][0xc3][0x10]q[0x1c][0xa2][0xe1][0x8][0xb6]3[0xaf]$[0x13]tPH[0x89]B>[0xf8]L[0x8d]D[0x85][0xb2][0xd4][0x9c][0xcc][0x12][0x85][0xbc][0xfc][0xa4][0xcc]b[0xb2]Z[0x8c]H[0xc7]L[\r][0xb9][0x98]DZ[0xab]4[0xf4][0xdc][0x8e][0x98][[0x1d]znG,[0xbb][0x18]znG[0x94][0xe4]4[0xae]3[0x90][0x96]uy[0xe6]%[0x17][0xa5][0xa6]d&[0xe5][0xa4]*[0xc0]J[0x9a][0x9c][0xfc]d[0xcc][0xbd][0xaf][0xae][0x89][0xf0]cV[0x14]R[0xf3]2![0x9d][0xc1]bP[0xfe]N-N[0xce],[0xcd]+QH)M[0x6][0x1f]h[0x4]9C([0x97][0xac],O[0xb7][0xa5]]fH[0xb][0xae]h[0x1d][0xd8]tkP#[0xad][0x9][0xa2][0xb1][0x9f]L[0xe8][0xd6][0xcc]5A4si[0x92][0xa1]q6z[0xa8]P[0x9d][0x9b]P>[0xe4][0x81]|[0x8b][0xe][0x9e]Ag3[0x13][0xba][\r]/![0xad][0xfc][0xa1]q"3E[0xd4]C[0xb4][0xb6][0x89]n%/[0xd2][0xba][0x15]Z[0xfb][0x89][0xf2][0xc4]G[0xdc]Z<3[0xba][0xad][0xe1]0[0xa3][0xdb][0xca][\n]"
05:47:23.534 [main] DEBUG org.apache.http.wire -  << "3[0xba][0x9d][0x1e]cF[0xb7]3][0xcc]@[0xb7][0x4][0xd0]ee[0x85][0x19][0xd2][0x9a][0x6][0x1a][0xa7]r[0xba]-+0CZV[0xe0]Q[0xa0][0x10][0x96]Y[0x96][0xaf][0x10]id[0x84][0xd1][0x13][0xce]M[0xcd][0xcd][0xcc][0xc9][0xcc][0xce]T(.H-[0xce]L[0xcb][0xcc][0x6][0x9d])R[0x99][0x98][0x97][0xae][0x90]X[0x0]>i[0x14][0xda][0xa9]4[0x6][0xdd][0xb][0x83]rZ<zM[0x84]4[0x9f]mfNJ[0xf7][0x19][0xcb][0xf9][0xdf]xr2[0xf5][0xfa][0xaf]&&H[0xf7]+@[0xe3][0xdd][0x18]#[0x80][0xf0][0x9d]xE[0xec][0xe9]N&&[0x96][0xa4][0x4][0x8][0x5][0xa7][0xcc][0x99][0x98] M[0x11][0xd1]h[0x14][0x19]i[0xb]hHbF[0xa9]BRi[0xe][0x96]3[0x10][0xf1][0x85][0x1b]q[0xab]&ML[0x91][0x6]r[0xc8][0xb4][0x89][0xe8][0x18]2E[0x1a][0xe7][0xa7][0xbd]][0x88]F"4[0xdd][0xd1]ft[0xc9][0xc4][0x94]^[0xfb][0x14]M[0xe8]6=mbJ[0xaf][0xe9]i[0x13]S[0xcc][0xf2][0x81]V[0xf1]D[0xb7][0xf2][0xc1][0x94]n[0x93][0xd5]fH[0xcb][0xcd][0x2] W[0xa2])8[0x96][0xe6]d&*`[0x16][0xb2][0x99]y[0x99][0xa0][0xa5][0x89][0xa0]k[0xd3][0x14][0x12][0xe1]j[0xa0]U[0xf]q[0xa5][0x85][0xb1][0x99]9[0x9d]r[0x95][0xb1][0x99]9[0xa2][0xf7][0x82]}[0x8]`g[0x18][0x90]V[0xaa]aw[0x1e][0xae][0x19][0x6][0xf4][0x1d][0x1c][0xd4][0xab]k[0x8d][0xcd][0x90][0x96][0xb8]aw[0xd4][0x0][0x87][0x19][0xa2]K[0x85][0xdd]y[0xb8][0xc2][0xc][0xbd][0x97]K[0xd5]0C[0xb4][0x1a][0xc0]9([[0xc1]=35[0x7][0xa3][0x89][0x12][0x2]:[0x90];/[0x1d]t[0x99]`vQfAq&[0xc2][0xad][0xc4][0xef][0xb3]3[0xb3]@[0x8c][0x91] Y[0xa6][0x90][0x9d][0xaa][0x8b][0xd9]j[0xa4][0x92][0x8d][0x88][0xc][0x8b]f#f[0x9]A%[0x1b][0x11][0x9d]L[0xfa][0xdc][\n]"
05:47:23.534 [main] DEBUG org.apache.http.wire -  << "e[0x86]tY[0x18][0xd8][0x8f][0xc9]%[0xb4]-[0x4][0x91][0x16][0x11][0xd0][0xc9][0x87][0xf4][0xaa][0x8e][0x8d][0xcd][0xe8]UI[0x1a][0x9b]!5[0xa2]i[0xda]@36[0xb3]DT%[0xb4][0xb5][0xc9][0x1c][0xd4]y[0xa3]Kw[0xda][0x1c][0xe9]JYZ[0xfb][0x9]Q[0x82][0xd0][0xda]&[0xba][0xc5][0x13]R[0xf7][0x8a][0xc6]~2DL>y[0x6]x[0xf8][0xfb][0xb9]*[0x18][0x9a]*[0x4][0x4][0xf9]cT0[0x1e][0xae]~[0xee][0x1][0xfe]~[0x88]j[0xc5][0x4]4[0xaa]J[0xcc][0xbd]q[0xe6]Hk[0xba]h[0xed][0x1b]D[0xfd]E;[0xdf][0xd0]-[0xbd]!-b[0xa1]q[0xb8]![0xad]G[0xa1][0xb5]M[0x88][0xf4]Fk[0x9b][0x10][\r]'Z[0xdb][0x84][0xd4][0xa2]H[0xcc]+[0x81][0xec][0xc6][0xf2]M,[0x2]MP[0xfa]$[0xe6]b^[0x99][0xe3]Z[0xa2][0x90][0x91][0x99][0xc]Z[0xa1][0x9a][0x8f]4[0xe5][0x8][0x1a])&*?![0xad]vHJ,NM)J[0xcb][0xac][0xc0][0xc8][0xaf]`[0x99][0xd4][0xb4][0xc4][0xd2][0x9c][0x92][0x14][0xd0][0xae]0hG[0xca][0xcc][0x12]4[0xd0]I[0x9c]5[0xf4][0x9a][0x4]4G[0xba]%[0x8a]6[0xe3][0x94][0xe8][\r]t[0xa4]qJs[0xa4][0xfb][0xa2]h[0x9c]N[0xe8]v4[0x87]9[0xdd]f[0x8a][0xcd][0xa9]{2[0x7][0xbe]xB[0x9a][0xdc][0xa4]q<[0x99][0xd0][0xad][0xe4][0xa0][0xc2]l+[0x9e]ar[0xe4]Tn[0x82][0xc8][0xcc]4[0xab][0x19]A[\r][0x2]h[0xeb][0x92][0xfe][0xd9][0x18]i[0xe6]u[0x0],[0xa7][[0xad][0x86]t[0x81][0xc][0x8d]s[0x1][0xd2]%.[0x3][0x10][0xa0][0x88]*u[0x0],G[0xb4][0xf3][0x7][0xc0]rDF[0xa5][0xbf][0xe5]H[0x7][0xe][0xc][0x80][0xe5][0x88][0xb5][0x13][0x3]`9"[0x7][0xd3]c[0x8c][0xc6][0x9c]n[0x93][0xf5][0xe6]t;[0x6][0xc1][0x1c]i[0xb2][0x1e][0xfb][0xf8][0xe9][0x80][0xe][0xef][0x9a][0x83][0x1a][0xbe][0xd0][0xea][0x9][0xbb][0xf3][0x90][0xfa][0xb6][0x96][0xf8][0x16]1Qqx[0xd7][0x9c]n[0xa7][0x19][0x98]#-;[0xc0][0xee][0xfd][0x81][0x8d][0x1d][0xa4][0xb5][\n]"
05:47:23.534 [main] DEBUG org.apache.http.wire -  << "[0xd8][0x9d]7 [0xb1][0x83]h[0x9][0xe]"G![0x6] [0xb0];j[0x80]#[0x12]Q{bw[0xde][0x80]D$[0xa2]V[0x1d]<[0x8e][0x1a][0xdc][0xd3]a[0xe6](7[0x99][0xf8]G[0xe0][0xbb][0xc8][0x84]n[0x9b][0x94][0xcc][0x91][0xae]2q)[0xcd].[0xcd][0xc3][0x18][0xf7]@[0xa4].3[0xa2][0xcf][0xde]0G:i[0x1]{[0xf2][0x18][0xd8],[0x85]r?[0xca][0xa0][0x89][0x9]BYj`[0xc3][0xc][0xe9][0xa8][0x4][0xec]Q[0x8a]H([0xf4]K[0xbd]H[0x8b]I[0xb0];j[0x80][0xc3][0xc]1|[0x8e][0xdd]y[0x3][0x12]f[0x83][0xbb][0xba]C[0x9a][0xbc][0x1b]Da6[0xa8][0xf3][0xa6][0x5][0xd2]q[0xf][0x83]&[0xcc],[0x90][0xb6]v[0xd3]d[0xd7][0x6][0xfa][0xd8]&[0x15]{[0x11][0x16]H[0xb3][0xad]C[0xcf][0xed][0x84][0xda][0xd8][0x3]Z&Z [0xdd][0xfa]2[0x88][0xd2]*bx[0x8c][0xb6][0xa3][0x80][0x16]H[0x7][0x93][0xd0]}P[0xc6][0x2]i[0x1a][0x1c]{[0xd8][0xf]l[0xd2]@[0x9a];[0xc7][0xee][0xbc][0x1][0xa8].-[0x90]&[0xdb][0x87]\Q[0x80][0xb4][0xfe][0x1a]{[0x80][0xe]p|[0x13]j[0x89][0xc]H|[0xd3][0xad](@Z[0x8e]0[0xf4]R[0x16][0xa2]A[0x4].0[0x1d][0x8b]2[0xd3][0x13][0xf3]K@'5[0xa2][0x1e][0x97][0x8a]o[0xcb][0x2][0xb1][0x1b][0x9][0x8c]-[0x90][0xd6]S[0xc][0xb9][0xa0]B:[0x6][0x84]>[0xab][0x7]-[0x90][0x8e][0x3][0x1]G[0xe][0xcd][0xe][0xda][0xb0]@:[0xd2][0x83]^~C[0x94][0x19][0xb4][0xf6][0x1b][0xdd][\n]"
05:47:23.534 [main] DEBUG org.apache.http.wire -  << "[0x2][0xa4]C.h[0xec]'[0xa4]#)hm[0x13]b[0xf2]i[0xc8][0xe5]Xc[0xb4][0xc2][0x8d]v[0xf9][0x7]ig;[0xce][0xf8]@T[0x82][0xc4][0x97][0x97]H[0xeb] [0x14]0F[0xf4][0xa8]S$#-[0x80][0xc0][0xe9]t[0xea][0xd8][0x84][0xb4][0xc]b[0xc8]%%[0xa4]U[0x14][0xb4][0xe]%[0xc4][0x84]+[0xad]mBl[0xeb][0xa0][0xb5]M[0x88][0xae],[0xad]mB[0x8c][0xd4][0xd1][0xda]&[0xba]U`HWF[0xd0][0xda]O[0x88][0x2]s[0xc8][0xe5]P[0xa4]%[0x1a]C[0xcf][0xed]C[0xb8][0x92]E[0xba][0xb7]b[0xe8][0x85];[0xa2][0x4][0x1c]znG[0x94]?[0x99]y)[0xf9][0xb9][0x99][0xa9][0x18][\r][0x84][0xc4][0xec]R[0x85][0xe2][0xd2][0xec]D[0x5][0x84][0x2][0xe8]jg#[0xa2][0xa7][0x0]-[0x90][0x16][0xaf]@K[0x1f][0xcc][0x9]O|[0xed][0x3][0xba]M"Y[0x98]!&[0xd8]q[0xba][0x14][0xd1][0x8][0xc3][0xb7]s[0x96][0x9a]C[0xd0][0xe6][0xe8][0xf5]y[0xb1]i1FL[0xc1][0x3][0x10][0xfd][0xbc][0x7]333[0xe2][0x16][0xb2]Z M[0xd5]"[0xa2][0x1b][0xb5][0xf]O[0x95][0xf4][0x80]t$>m[0xed]A[0xc4]&m[0xed]A[0xd4]y4[0xb5][0x7]i[0xde][0x95][0xb6][0xf6] [0xd2][0x1b]m[0xed]A[0xea]VW[0xe6][0xa5][0x16][0xa5]g[0x82]/[0xdb][0x81]\7[0x85][0xfd][0xc2][0x1b][0xcf][0xa2]|[0xd0][0xba][0x4]X[0x19]d[0x9][0xda]UK[0xcc][0x8e][0xb]K[0xa4][0xed]y[0x88]c[0xd0]A[0xa6])8[0xe5][0x97][0x94][0xe4]`[0x96]|[0xce][0xf9][0xa0][0xa3][0xf0]J@[0x12]P[0xdb][0xcc][0xcd]A[0x19][0x91]8[0xdb][0x10][0xb5]qpNjj[0xb6][0x82]{Qb^fI[0xaa]BxbNNj[0x9]F[0xe6][0x85][0x9d][0xc7][0x8e]([L[0xc]@[0xdb][0xcc][0x89][0xb3][0xc][0x11][0x8c]C[0xac][\n]"
05:47:23.535 [main] DEBUG org.apache.http.wire -  << "21[0xa5][0xd7]Q[0xcc]&[0xa6][0x6][0x88][0xc2][0x80][0xe6][0x7][0x90] [0xcd][0xec][0xe0][0xb1][0xb][0x11][0xd9][0xc4][0xf6][0xe6]ML[0x91][0xe6]E[0xf0][0x98][0xc][0xaf][0xb](9[0xea][0xc6][0xd4][0x10]Q[0xac]A+CZ[0x1d][0xcf][0x81]4.[0x8a]}r[0x2][0x11]T[0xf4]j[0xb][0x98][0x98][0xd2]k[0xe8][0xd4][0xc4][0x94]^w[0x9b][0x9b][0x98]"[0x9d](L[0xd3](5[0xb6]@[0xda]wFk[0x9b][0xe8]62[0x80][0xb4]![0xcb]1[0xb5](?[0xa5]2/[0x11]t[0x99][0x6][0xec][0x92][0xb8][0x10][0xd0]mm[0x18]E[0xbb]kEAjJfI[0xa2]Bi[0x9][0xe8][0x8]d[0x85][0xe4][0xfc][0xa2][0x82][0xfc]"[0xf2][0xce]@[0xb6]@[0xba]B9[0x18][0xa9][0xc6][0xf4][0xc9][0xcc]K[0xcd]SpJL[0xc7][0xb4][0xbd][0xb8]D![0xb5][0xa8]([0xbf]H!/3#3[0x7][0xe4][0x82][0xcc][0x12][0x85][0xe2][0xcc][0xbc][0x12][0x85][0xa2][0xd4][0xa2][0xd2]\[0x85][0xd2][0x9c][0x9c]D[0xb2][0xe]g[0xb5][0xa0][0xdb][0xa6]1[0xb][0x13]D{[0x84][0xc6]i[0x89]nG[0xa6]Z[0xd0]m#[0x9c][0x5][0xdd][0xe]g[0xb5]@[0xba]>t[0x88]5D[0x8c]-[0x90]v0@[0xd3][0xd8]`[0xed][0xa3]bnk[0xc0]t)[0xa2][0xbe][0xa4][[0x1f][0x15][0xa9][0xc5][0x9b][0x9f]G[0xc3][0x13][0xfd]-0[0xf]?[0xc4][0xf4]?[0xbe][0x6][0x10][0xbd]Z[0x10][0xc6][0x16]H't[0xe1]LS[0x3][0x10]S[0x88]Q[0x1f][0x9c][0xae][0x1a]$[0xe1][0x87][0xe8][0xd8][0xe0]t[0xe9][0x0][0x84][0x1f][0xa2]#[0x81][0xbd][0xb1]:[0xb0]+i@[0xdd][0xc6][0xc1][0xb6][0x15][0xcb][0x2]i;[0x6]MG[0x14]0[0xaf][0xdf][0x1c][0xac]e[0x3][0xd2][0xe][0x90]A[0x94][0xb6]-0[0xda][0xd2][0x83]6[0xfc]0f[0xe9]0]J[0xff][0xb2][0x1][0xe9][0x8]-[0x9a][0xa6]s[0xe4][0x3][0xb4][0xc0][0xe3]K[0xb0][0x1]$[0x85][0xf0][0xc4][0x92][0xe4][0xc][0x8c]n[0x80]OjbIF*[0xd2]Y%[0x16]F[0xa0]=[0xe8][0xc4][0xc]/Y [0xad][0xc2][0x87][0x8c]e[0x85][0xe7][0xe7][0xe7][0x10]?[0x90]ed[0x4]*[0x91][0x88][0xb3][0x9]i[0xc0][0x1][0xa9]w[0x13][0x9c][0x99][0x93][0xad][0xe0][0x8c][0xf5][0x1a][\n]"
05:47:23.535 [main] DEBUG org.apache.http.wire -  << "[0xc8][0x1d][0x15][0x88]x62[0x2][0x8d]a[0x13]c[0x99]%[0xd2][0x9a]t7[0xf8][0xc9]2[0x10][0xf3][0x14][0x9c][0xf3][0xb1][0x9c][0xb8][0x1b][0x9c][0x9f]SZ[0x92][0xa8][0x90]Z[0xa2][0x90]\Z[0x90][0x9][0xea][0xd2][0x95][0xa4]"[0x1d]1[0x83][0xff]Z [0xa4][0xf3]",[0x91][0xc7][0xbc][0x90][0xbc][0xe9][0x9c]_P[0x90]Z[0xa4][0xe0][0x9d][0x97][0x99][0x6][0x1a]tD[0x1d]w[0x87]8[0xc][0xe1]Q[0xb]KP[0x7][0x9b]8[0x8f]"r[0xca]Pk[0x95]["[0xad][0x10][0x87][0xa4]=[0xe8][0xd1]?[0x1][0x89]y%[0x98]S A[0xa5]II[0xc8][0x89][0xdc][0xd4][0xc]tQ6q[0x81][0x84][0xa8][0xd4]![0x16][0xc1]3[0x14]v[0xab][0xa0]}~D[0x84]XZ[0x98][0x1a][0x11]7[0xcd]b[0x89]4:[0x88]<[0x8c][0x0][0xb7][0xd1];[0xb5]2)?[0xb1]([0x85]p.6[0x3][0x9f][0xff]E[0x94][0x7][0x91][0xd6]{[0xf][0xb9]T[0x80]tNupnbN[0xe][0xd2][0xf5][0xa5]XK[0x5],[0x91][0x3]JH[0xc4][0x85][0x13]b[0xac][0xc1]3[0xaf]$5''3=5[0xaf]D[0x1]2[0xc2][0x82]=-[0x80][0xe7]+[0x10])[0xc1][0xdc][0xc2][0xd0][0x94][0xc8][0x94][0x80][0xb4][0xa0][0xdc]#5[0xb1][0xac]R[0xc1][0xa5][0xb4][0xa4][0x12][0xe1];[0x9c][0x9][0x1]4o[0x81]l!h([0x86]8[0xdf]![0xea]w[0xf8]e^[0xce][0xf9]%%[0xf9]y[0xb8][\n]"
05:47:23.535 [main] DEBUG org.apache.http.wire -  << "tH[0x86]CXfb[0x9][0x1a]H'[0xce]2D[0xc1][0x83]<X[0x5]r[0xbc][0x82]Sj[0x1e][0x96]j[\n]"
05:47:23.535 [main] DEBUG org.apache.http.wire -  << "[0xb3][0x94][0x3]]tI[0x9c]e[0x88]^M@QbrIfrb[0xe][0xec][\n]"
05:47:23.535 [main] DEBUG org.apache.http.wire -  << "#[0xf],[0xa5]9tB[0x6][0xe1]1Sc[0xd0][0xca]b[0xe2][0xec]B[0xea][0x97][0x80][0xd3]c@"[0xa8][0xe4][0xc6]^[0xf5][0xa2][0x7][0xa0][0x91]1h[0xa5],q[0xf6] [\n]"
05:47:23.535 [main] DEBUG org.apache.http.wire -  << "[0xa5][0xa0]R[0xf0][0xd4][0x18][0xb4][0x8e][0xc0]Z?A[0xe4][0x10][0x1e][0xb2]4%[0xde]"D[0xc5][0x8b]\"A[0xca]S[0x5]l[0xc1][0x7][0x91]BXfd[0x2]:[0xb4][0x99](_[0x81][0x82][0x19][0xda]AA[0xba]m[\n]"
05:47:23.535 [main] DEBUG org.apache.http.wire -  << "[0x92][0xc1][0xb0][0xd7][0xf2][0xe8]Ahf[0xc][0xca]8[0xc4]Y[0x86][0xc8][0xce]>[0x99][0xe9][0x19]%[0xe5][0xa9] R[0x1]b"V[0x9f][0x85][0xe7][0xe7][0xa7][0xa4]"[0xcd]1[0x9a]Z[0x82]V[0xca][0x12]g[0x19]"w[\r][0xb9]2[0x16]y[0xe][0x2][0x9c][0xa6]a[0xf3][0x9f][\n]"
05:47:23.535 [main] DEBUG org.apache.http.wire -  << "[0xd8][0xb]=[0x8c]2[0xd6][0xcc][0xc2][0xd4][0x98][0xc8]b[0xf][0xe9]NFx)[0x4][0xc9]B[0xd8][0x92][0x1a]F[0xdb][0xd5][0x8]|[0xc8]:q1[0x82][0xc8][0xa9][0xae]y[0xf9]E[0xb9][0xf9][0xa5][0xc5][0x88][0xe2][0x15][0xbb][0xc7][0xd0][0xb3][0x91][0x91][0x5][0xe8][0xcc]_[0xe2]lC[0xe4]W[0xe4]l[0x84][0xdb]k[0xa0][0x96]-"[0xf][0x11]~[0xa0]%[0xd2]2q[0xc7][0xf2][0xd4][0xe2][0xfc][0xdc]T[0x5]h1[0x1e][0x9c][0x91]Y[0x84]9[0xbf][0x8c]VEYX[0x12]{ "8[0xf1]Cs+b[0xde][0x1c][0x9e]6p[0x14]D[0xa0][\n]"
05:47:23.535 [main] DEBUG org.apache.http.wire -  << "[0x5][0xe1]/[0xb][0xb][0xd0][0x82][0xf][0xa2]B[0xd0][0x18]1[0x8a][0x88][0xb0][\r]ZT+[0x4][0xe4]$[0x82][0xa7][0xe3]Q[[0xc6][0xa0][0xea][0x4]a[0x97][0xb1]1h[0x1f]8qv![0x8a][0x6]h[0xe9][\n]"
05:47:23.535 [main] DEBUG org.apache.http.wire -  << "[0xc9][0xfa]8[0xec][0xc1]H[0xf0][0xe6][0x86][0xa0][0xd1][0x6][0xe2][0xac]B,[0x12][0x83]'Ch[0xb2]V[0xc0]z[0x8a]%[0xd4][0xcb][0x8]Y[0x18][0x12][0xdd][0x94]E[0xba]4[0xcf][0xa5][0xb4][0x8]4'[0x85]H[0xf2][0xd8][0xab]]P[0x87][0xe]a[0x95][0x19][0xf1]+[0xf][0x90][0xce]B[0x1c]r[0x5][0x1e][0xd2]d[0x1e]r[0xcd][0x0]O[0xda]8.7EMn[0xa6]&[0xa0][0xb9])[0xe2][0xd2][0x0][0xa2][0x8e]E[0xb6][0xf][0xde][0xea][0xc7]V[0xf4][0xa1]F[0x8c][0xa9]![0xe8][0xb4]s[0xa2],C[0x9a]'D[0xb6][0xc][0x9a][0xc0][0xb1]/[0xad]A[0xaf][0xd2]M[0xc]Agc[0x10]g[0x1d]"[0xdb]"U[0xe9][0xe0]B[0x7][0xc7]M[0xb5]`9D[0x9a]32[0x6][0x1d][0x15]J[0x9c]][0x88]l[0x8b]d[0x17][0xb4]B[0xc7][0xde]~[0x80][0xc5])[0xc2]>c[0xf0]!a[0xc4][0xd9][0x87][0x94]w[0x8b][0xd2][0xf3][0xf3][0xf2]AS[0xbe][0xf0][0xc2]6?[0x15][0xb3][0x1b][0x8a]Z[0xaa][0x9b][0x1b][0x82][0xae][0x4]![0xce]*D[0xfb][0x1][0xb9][0xc1][0xc][0x8d]5[0x1c][0x9][0x4][0xa5][0xb1]bfItzD[0x9a][0x16][0x84]_.[0xc][0xa9][0xa9][0xb0][0xb7]c[0xd1]c[0xcc][0x4]4[0x82]I[0x9c][0xb7][0x10]MsH[0xf7][\r]Z[0xba][0xe1](h[0xa1][0xb2][0x88][0xc8][0xb2]4[0x5][0x9d][0xe8]F[0x9c]U[0x88][0xfa][0x1e]cP[0x7][[0xf8][0x81][[0x9d][0x8][0x9b][0xcc][0xc][0x88][0x1e]UA[0xde][0xf3][0x2][0x1e][0x81][0x83][0xb4][0x1b][0x88][0xf5][0x93][0xb1])[0xe8][0xa4]a[0xa2][0xfc][0x84][0xb4]od[0xc8][0x15][0xb2][0xa0]1[0x11]h[0xeb][0x1]:[0xca]M[0x9b]%D[0xc6][0x96][0xa0][0xc6]'[0xd4]&[0xe4][0x12][0xf]Zk+[0xe0]([0xcd]![0x91][0x86]H[0x0][0xa6]&[0xa0][0xc1]9[0xe2][0xa2][0x5][0x91]Y[0x11][0x1d]NX[0xa5][0x8e][0xbd][0x1c][0xc2]H[0xd9]&[0xa6][0xa0]-[0x7][0xc4]Y[0x87][0xe8]L#[\r][0x15][0x80]j#[0x1c]#[0x86]P[0x9f]#[0xfc]fdH[0xec]B`K[0xd0][0xd8]0[0x96][0xc0][0x4][0x17][0x1]8[0xfa][0x3][0xa8][0x85][0x9e][0x91][0x19][0xd1][0xcd]0[0xa4][0xad])[0xd0]f[0x18][0xbc]J[0xc][0xce][0xc0]Z[0xbc][0x96][0xa4][0x82]/i[0x81][0xae][0xca][0xb4]4[0x5][\r]m[0x11][0x17][0x86][0x88][0xf6]9[0xd4]*H[0xfc][0xe3][0x18]\[0x6]{[0x17][0x11]~&[0x86][0xa0]Y,[0xe2],[0xc2]^[0xd7][0x83]c[0xb]{[0xe5][0xb].y[0x91][0xec]"[0xbe][0x19][0xb]JA[0xd0][0xb8][0x82]w[0xa6][0xa0][0xde][0xc2][0xde][0xc1][0xc1]H[0x18][0x16]F[0xa0];F[0x88][0xf2][0x18][0xa8][0xdb][0x0][0xb5][0xc]yt[0xc][0xd4]N[0xc1][0x91][0xc][0xd1]JXKCPG[0x13][0xd3].[0x0][0x0][0x0][0x0][0xff][0xff]"
05:47:23.535 [main] DEBUG org.apache.http.wire -  << "[\r][\n]"
05:47:23.536 [main] DEBUG org.apache.http.wire -  << "796[\r][\n]"
05:47:23.536 [main] DEBUG org.apache.http.wire -  << "*[0xca]L-V[0xb2][0x8a]F[0x1e]&G[0xda][0x15][0x82][0x92][0xa3][0xa1]c-X[0xd7][0xd1][0xa2]E[0x99][0xb9]9[0xf1]>Cdg[0xa4][0xfc][0x5]mV`o6[0xa3]y[0x8d][0x84][0xe6][0x19](#B[0x83]q[0xc8][0x15][0xe9][0x98][0x9b]9hU[0xa4]cn[0xc6][0xa0][0x99]M[0x88][0xfc]J[0xe3]j[\n]"
05:47:23.536 [main] DEBUG org.apache.http.wire -  << "i[0xf1][0xe]-'[0x8]-A+[0xd5][0xa1])[0x8c][0xb6][0xf6] [0xb2][\r]m[0xed]A[0xc4][0x10]M[0xed][0x1][0x15][0xf1][0xf4][0x8]7[0xd0]4%[0xd4][0x9e][0x80]`[0x5][0xcc]t[0x9d][0x9e][0x98][0x9b][0xaa]`[0xaa]P\[0x92][0x88]4i[0x8b][0xe5][0x12]r[0xd9][0x9][0xea][0xb9]A[0x8d][0xa7]q[0x82][0x6]uI[0xe9]c[0x13]h[0x18][0x8e]N6![0xba][0xb3]4[0xe]=P[0xf5]D'?![0xba][0xb1]4[0xf5][0x93][0x89][0x1][0xf2]l[0x1d]-W[0x2][0x9a][0x18] m[0x86][0xa0][0xb5][0x9f][0xe8][0x17]z[0x88][0x2][0x95][0xd6]~B[0xf4](hm[0x13][0xd2][0x0][0x0][0x8d]S[0x4][0xa2][0xff][0x9f][0x19][0x90][0x91][0x9f][0x97]j[0x88]y[0xd5]!xdj[\n]"
05:47:23.536 [main] DEBUG org.apache.http.wire -  << "[0xec]BT[0xa4]F7[0xde][0x93][0xc9][0x11][0xc5][0xab][0x89][0x1][0xd2]qM[0xb4][0xe]:D[0xbd]Gc[0x9b][0x90][0xa6][0xe5]hm[0x13][0x9d][0x8a]W[0x13][0x3]#[0xc4]X![0xad][0xfd]D[0xb7][0x2][0x82][0xac]-<[0x88]DN[0xf4]V3[0x3][0xd0][0x0][0x15]=[0xea]&[0x13][0x3][0xa4][0xd1][0xea][0xdc][0xcc][0x9c]l[0x8c]u/[0x8][0xd7][0xe3][[0xcd][0x8e][0x9c]AA[0xb]"[0xa0]n[0xa7][0x96][0x89][0x88][0x8][0xa6][0xcb][0xf1]V&[0x6]H[0x7][0x2]y[0x16][0x80][0xca]2[0x5]CC[0x5]3[0x13][0x85][0xf4]$[0x8c][0x0][0xc2][0xb7]\[0x9b][0xf8][0x8]G[0xba][0xff][0x6][0xfb][0xc2]fD<[0xe0]o[0x89]Ro[0xef][0xbb][0x89][0x1][0xd2]P[0x14][0xed]B[0x81][0x8a][0xe][0x6][0x8f][0xeb]B[0x93]^pvU~[0xbe]Bx~NZrF"hI[0x1][0xea][0xcc]epIQbevf[\n]"
05:47:23.536 [main] DEBUG org.apache.http.wire -  << "h[0x6][0x1]:[0x98]eh[0x6]Z[0x1c]F[0xc4][0xf0][0x88][0x89])[0xd2]Tipbnqi^[0xba]B[0xb0][0x91][0xb1]BhNIQ"F[0x2]qO[0xcc]I[0xac][0xa8]D[0xc4][0x1f][0x91][0xf9][0xc8][0x14]4[0x1c][0xe][0xf5][0xcc][0xa0]I[0x12][0xa6][0xa0][0xa9]"[0xa8][0xa3][0x8][0xfb][0x1c][0xe1]gR[0xc2][0x16][0xa9][0x11]F0l32+[0x13]A![0xe][0x8d]B[0xa2][0x83][0x16][0xd1]([0x1a]<A[0x8b][0xb4][0xff]m[0x10]9[\n]"
05:47:23.536 [main] DEBUG org.apache.http.wire -  << ")6h[0xda]|4E[0x9a][0x13][0x1b]D[0xde][0x1f][0x8c][0x9][0x5][0xe9] [0xb6][0xc1][0x13]RH3e[0x83][0xc8]QH[0xdd],[0xf0]D!t[0xfc][0x1d][0xeb][0xe2]3[0xd7][0x8a][0xd4][0xa2][0xe4][0xcc][0x92][0xc4][0x92][0xcc][0xfc][0xbc][0xd4]\[0x85][0xdc][0xc4][0xf4][0xbc]L[0x85][0xfc][0x94][0xcc][0x12][0x85][0x94][0xfc][0x9c][0xfc]"2[0x96][0x9b][0x9b][0x98]"[0xd5][0xa0][0x83]'T[0x90][0x6][0xf7]i[0xda]27[0xb6]4Gd[0x1f][0x9a][0x8e][0x1c][0x82][0xd6]?Bk[0xa5]!7[0xa6][0xf][0x9a][0xca][0x87][0xba][0x9d]&[0xa3][0x91][0x88][0x2][0x9c]&[0xc6]#r[0x18]M[0x8c]G[0x8c])[0xd0][0xc2]x[0xa4]-C4[0xce][0x9][0xa0]u([0xd0]X[0xa6][0xb5]M[0x88]<Gk[0x9b][0x10][0x91]Ck[0x9b][0x10][0x93][0xc7][0xb4][0xb6][0x89]nc>H[0x87]"[0xd1][0xd4]O&[0x6]H[0xd7][0x92][0xd0][0xda]&[0xba][0x8d][0xf9] [0xdd][0xc]Bk?![\n]"
05:47:23.536 [main] DEBUG org.apache.http.wire -  << "PZ[0xdb][0x84](Kim[0x13][0xa2][0x8c][0x18]b[0xf5][0xa5][0x89][0x81][0x1][0xa2][0xd4][0xc1][0xde][0xa4][0x1a][0xc8]-[0xe0]&[0x6][0xa0]1[0x4]hA[0x8f][0xdd]y[0x88]N1[0xfd][0x6]r@[0xab]t[0xa0][0x8e][0x1a]r[0xf1][\r][0xda]H[0x3]u;[0xf1][0xb9][0x2][0x11][0xc8][0xc4][0xf][0xc1][0x81][0x16][0xc7][0xd0][0xc7][0xa2]![0x9c][0xfb][0x90]6?[0xc][0xb9][0x94][0x4][0xda]KD[0x97][0x8]F[0x1e][0x1e]$z[0xd0][0x84][0x9c]$[0x8b]4DH[0xa5][0xa1]v[0xa4][0xf1]=j[0x99][0x88][0xa8]?[0xa9]e"9[0xf5]$Y[0xc1][0x8b][0xc8][0xa8][0xb4]-z[0x86][0xee]^[0xe][0x13][0x3][0xa4][0xbd][0x1c][0xf4][0x9a][0x9c]A[0xb4]2[0xa9]7-a[0xaa][0xa3][0xe4][0x9c]X[0x82]m5[0xa4][0x89][0x1][0xd2][0xd0]d@[0xb0][0x9][0xc6][0x0]A[0xb1][0x89]BRb[0x11][0xe8][0xd2][0x1d][0xe8]8[0xb4]1[0xb1][0xe7]3[0x9b][0x18] ][0x11]A[0xdb]4f[0x82][0xe8]CQ[0xbf]+mb[0x80][0xbc]&[0x9f][0xe8]2[0xf]i[0xf6][0x85][0xf8]z[0x1a]i[0xf8][0x93][0xf8][0x10]#[0xcf]&[\n]"
05:47:23.536 [main] DEBUG org.apache.http.wire -  << "'[0xcb][0x89][0x9c][0x8e]0@Z[0xa9][0xf][0xdb]5[0x6][0xd9][0x8d][0x8d]c]o`if[0xa2]Bj~[0xb1]B[0x11]d[0xb0]R!/59[0xb5][0xb8][0x18]<v[0x99]TZ[0xac][0x90]V[0x9a][0x9e][0x99]X[0xa2][0x90][0x98][0x97][0x99][0x9b][0x89]4li[0x4][0xea]r[0x12]3[0xbf]e[0x80][0xb4][0xa0][0x9f][0xac] &[0xda][0xe3][0x88][0xb6]<Y[0xf6][0x90][0x90]h[0x10][0xa9][0x1f]i[0xe7][0x12]l8[0x18][0xc7][0xe][0x5][0xd7][\n]"
05:47:23.536 [main] DEBUG org.apache.http.wire -  << "[0x85][0xc2][0xd2][0xc4][0xd4][0xa2]D[0xd0][0xe9][0x91]E[0xe0][0xe0]-F[\n]"
05:47:23.536 [main] DEBUG org.apache.http.wire -  << "ObO[0x1d]110[0xa5][0xdb][0xa8][0x2][0xd2][0x8a]t[0xf8][0xce]"[0xf0][0xc2]l[0x5][0xe7][0xfc][0xdc][0x82][0xd2][0x12][0xf0][0x11][0x1d][0xa8]S[0xa1][0x8e][0xc5][0x5][0xa9]E[0x99][0xf9]E[0xa9][0xc5][0x90][0xb3])[0xf3][0x93][0x93][0x13]S[0x93][0x13]K2[0x15][\n]"
05:47:23.536 [main] DEBUG org.apache.http.wire -  << "K[0xc9]K>[0xc8]+[0xd5]i6{N[0xc5]yc[0x3][0xd0][0x1e]'h[0xcb][0x90][0x96]K[0x97][0xcc][0x10]M![0x9a]Z[0x83]h[0x1f][0xd1][0xd4][0x1a][0xa4][0xd6][0x11][0xd2]Q:[0xe0][0x8d][0x16]82[0x94]c)t2%5W[0xa1]([0xb5] 5''5/[0xa5][0x14]9O[0x11]_F![0xad]P[0xf7][0xc][0xf0][0xf0][0xf7]sU04U[0x8][0x8][0xf2][0xc7][0xa8][0x9e]=\[0xfd][0xdc][0x3][0xfc][0xfd][0x10][\r]@[0x13]P[\r]BT9[0x88]t0%[0xcd][0xec]@Z[0x95]N;;[0x10][0x15][0x19][\r][0xe7]aL[0xc][0xcc][0x11][0xb]uhk[0xf]R[\n]"
05:47:23.536 [main] DEBUG org.apache.http.wire -  << "[0xa7][0xdd][0xe5][0x19]&[0x6][0xa0]}[0xdf][0xb0]r[0x81][0x96][0xf6][0x80]N[0xe9][0x82][0xda]C[0xe3]z[0x10]i[0x8d]=[0xcd]R[0x1b]hk>[0xd4]7[0xb4][0xb3][0x3][0x91][0xd2]hg[0x7][0xa2][0xb8][0x1e]<CyH[0x9b][0x17]hY[0xb8][0x83]N[0x8d][0x80][0xc6][0xe1][0xe0][0xf1];[0xd2][0x1d][0x1c]8[0xb3][0x9][0xa2][0x98]'[0xbe]qH[0xaf][0x9d][0x0]&[0x6][0x96][0x83]1I![0x1f]hHt[0xd7][0x8d][0xac]pF4[0xf7][0x7]Q[0xa2]"[0xa7]mN[0x86][0xef][0xc1][0xbd][0x85][0xc1][0x96][0xa5][0xc][0x91]Nb[0xc4][0x99][0xa5]0V[0xb8][0x92][0xe5]{D[0x81]M[0xbc]E[0xe4][0xf4][0xda][\r]A[0xbb][0xc8][0x7]_8#5[0x96][0x89][0xce]c[0xe4]y[0x1f][0x91][0xc9]hU3[0x1a][0x82][0x8e][0xa1][0x83][0x6]1[0xad]#[0x13][0x91];[0x3][0x8a][0xf2]SJ[0x93]K[0x14][0x1c]Ks2[0x13][0x15]0[0xf7][0x96]d[0xe6]e[0xc2][0xf6][0x95]($[0xc2][0xd5]@G[0xe4][0x88][0x1c][0x91]0D[0x9a])[0xa3][0x8f]}[0x88][0x96]9[0x8d]C[0x12]i[0xc3][0x16]}|[0x86][0xc8][0xf0][0xf4][0xb1][0xf]Q[0xb5][0xd2][0xc7]>D[0x1f][0x84]>[0xf6]!J[0x10][0xa7][0xa2][0xc4][0xe4]TlWY[0xf9]&[0xa6][0xa4]*[0xe4][0xa7])dd[0xa6]g[0x80][0x86][0xae]r2K*[0x15][\n]"
05:47:23.536 [main] DEBUG org.apache.http.wire -  << "R[0x13][0x8b]r[0x90][0x8b][0x12][0xd0]n#b[0xba][0xbf][0x86][0x86][0x88][0xa2][0xc4]%[0xcc]E[0xc1];37[0xb5][0xa4][0xb8]T!/_!213[0x9][0xb4][0xee][0x1a]u$[0x9]Q/[0x18][0x1a][0x19][0xa0][0xe][0x81][0xe3][0x19]^7D[0xda][0xd1][0x5][0xb2][0xc6][0xb7]4=5O![0xa4](1[0x13]s[0xd9]>[0x1e][0x1b][0xc]p[0xf][0xe0][0x1b]"[0xdd][0xa6]D#[0x1b]@a[\n]"
05:47:23.536 [main] DEBUG org.apache.http.wire -  << "-[0x11]ie[0x3][0xa2][0xa4][0xa0][0x95][\r][0x88]y[0x95]A[0xd3]<3D[0x9a][0xfe][0x1f]D[0x8e]B[0xe4][0xc5]A[0xe4]([0xc4][0x10]7[0x8d][0xab][0x12][0xa4]E[0x0][0xd8][0xbd]?[0xa0]Kp[0xc][0x91][0xa6][0xdf][0xb1];[0xf]Q[0x8a][0xd0]m[0x9][0x8e]![0xd2]T=vG[\r]p[0x98]!jO[0xec][0xce][0x1b][0x90]0CT[0xb1][0xe9][0x89][0xb9][0x99]y[0x98]Wl[0xa5][0xe5][0x17])@[0xa4][0x14][\n]"
05:47:23.537 [main] DEBUG org.apache.http.wire -  << "J[0x8b][\n]"
05:47:23.537 [main] DEBUG org.apache.http.wire -  << "[0xf2][0x8b][0xc1]G[0xc2]A[0xdb]|D[0xf][0x0][0x18][0x1a]#[0xf2]3[0x8d][0xb3][0xe][0xd2]L[0xbf][0x2][0xc6]H5FG[0xb][0xb9][0xd6]&v[0x83][0xb4]![0xd2][0x84]<Y[0x9e]![0xb6][0xa9]l[0x8c]h[0x9a][0x93]e[0xf][0xf1][0xd1][0x83][0xb4]G[0x95][0xd6]6!*YZ[0xdb][0x84][0xa8]lim[0x13]"[0x17][0xd1][0xda]&[0xba][0xd5]@H[0xbb][0x8d][0x8][0xfb][0x9]|[0xe8][0x0][0xd1]Y[0x89][0x8a][0xf3][0x8a][0x86]H[0x13][0xfb][0x84][0x9d][0x9][0xbb]/[0x14]Q[0xd2][0x12][0x9f]C([0x9d][0xb0]'[0xc1]&[0xba][0x15][0x95]t[0x9b]47D[0x9a]4'>[0x9a][0x88]NPH{[0xe3][\r][0x91]f[0xc6][0xa1]6aYN[0x94][0x93]X[0xa9]P[0x9e]Y[0x92][0xa1][0x90][0x95]Z\[0xc][0xea]m[0x81][0x13]0"Y[0xe0]o[0xb4][0xa0]X[0x87](d [0xb5]$F[0x95]C[0xa5][\n]"
05:47:23.537 [main] DEBUG org.apache.http.wire -  << "[0x14]i[0x2]}[0xa8]-[0xb]54#[0xa5]|[0x4]G[0x5][0xd1]QO[0xcd][0xb2][0x4][0xe9][0xdc]:h[0xd2][0xc1]<[0xb9][\n]"
05:47:23.537 [main] DEBUG org.apache.http.wire -  << "[0xde][0x80][0x18]@g"[0xc6][0xc][0xb0]7$[0x7][0xb6][0x9d][0x8b]4[0xa3][0xf][\r]E[0xa2]3 R[0xac][0x13][0x9f][0x3][0x91]f[0xf7][0xb1][0x7][0x7][0xb1][0xd9][0x9a][0x9a]I[0xc9][0x1c][0xa3][0x95]Ct [0x10][0xeb]\[0xe4]R[0x8][0xe9]<[0xbc]!W8 [0xad]h[0x80]"
05:47:23.537 [main] DEBUG org.apache.http.wire -  << "[\r][\n]"
05:47:23.537 [main] DEBUG org.apache.http.wire -  << "67E[\r][\n]"
05:47:23.537 [main] DEBUG org.apache.http.wire -  << "[0xa6][0x97]A[0x99][0xeb]0[0xef][0xe5][0xa4]m[0x8c][0xe][0x8d]"[0x13]i[0xfb][0xf1][0xd0]Kx[0x88]rtP'<R[0x9a][0xfc][0x3]W+[0x99]#[0xfa][0xaa]C.%[0x90][0xb4]8h[0xe0][0x82][0x18]ie[0xd1]`N[0xb0]H[0x8b][0x93][0x86]^J@L[0xa9][0xd1]lj[0xd7][0x2]1[0x10][0x8][0x8d]F[0xcc][0xbb]=[0xe1][0xcd]LX[0x97][0x95][0xe8][0xa6][0x11]5[1[0x16][0x18][0x95][0x10][0xa6]K[0x11][0xcd][0x15]|[0xa3]ZTu[0x15][0xa2][0xec]Q[0xa0][0x10][0x96]Y[0x96][0xaf][0x10]id[0x84][0xd1][0xef][0xca]M[0xcd][0xcd][0xcc][0xc9][0xcc][0xce]T(.H-[0xce]L[0xcb][0xcc]N,[0xce]T[0xa8]L[0xcc]KWH,[0xc8][0x4][0x9d][0xc2][0x6][0x1d][0xc3]4[0x6][0xcd][0xa3][0x11][0xbb]n[0xdf][0x10]i[0xd5][0x16]4[0xf2]h[0xda][0xc][0xc0]<[0xe9][0x96][0xb6][0xd6]![\n]"
05:47:23.537 [main] DEBUG org.apache.http.wire -  << "q[0xa8][0xef][0xf0][0xb4][0xc5][0xb0]$M[0xe2][0x7]9[0x88]>[0xee][0x16]_7[0xdd][0x98][0xe8][0x11][b[0xd6][0xb5][0xe1][0xcb]s$x[0xc]1 @8[0x8][0x7][0xae].[0x1]]`[0x0][0x9d]M[0xc5][0xef]L*[0x85]?F[0x99][0x87]'a[\r]`[0xa8]`[0x14]x8[0x9c]I[0xa5]PA[0x94]d[0xf8]#!#[0xb1]Xa[0x0]Ceh4[0x94][0x91]nr[0xc6]>[0x10]0[0xa0][0xe3]"[0xe0]m[0x17][0xd0][0x1c]7([0x9d][0x87]([0xb7][0xb0];[0xf]Q[0xd1][0xe3][0x1f][0x9b][0xa1]bUo[0x84]t[0x6][0x9]vG[\r]p[0x94]"[0x8a][0xb][0xec][0xce][0x1b][0x90]0[0x1b][0x12][0x85][0x8a][0x11][0xd2]!#[0x83][0xb8][0xec]3BZ[0x87][0x89]=[0x8a][0x7]6[0x5]"-[0xa6][0x84]\>[0x6][0xd9][0x89][0x88][0xed]20[0xa7][0x9c][0xc4][0xbc][0x94][0xcc][0x92][0xcc][0xcc]b[0x85][0xe4][0xd2][0x9c][0x82]D[0x85][0xd4][0xbc][0xcc]\[0xd0]F[0xd6]D[0xa4][\r][0x97][0xa0]Sy[0x89]Y[0xb8]f[0x84]t[0xc][0xfe][0xa0][0xc][0x17]D?[0x8e]6K[0xb9][0x8c][0xc][0x11]-[0x9a]A[0x19][0x0][0xc4][0x96][0x2]Ti[0xc9][0x18][0xa1][0xad]c[0xa4][0xfe][0x2]C#[0xa4]%[0x8c][0x83][0xb9][0xbc]@Z[0x7][0x89][0xdf][0x99][0xd4][0x9]w[0xa4]E[0x91]t[0xb1][0xe]1[0xad][0xe1][0xb]Z[0xc][0x1e][0x9c][0x9f][0x9c][0x8c]e[0xbf]sr~R[0xa2]BrQjbI*l[0xbd]8[0xa2]&4&[0xb6][0xaf]m[0x84]t[0xbe]=[0x95]l3[0xc4][0xbd][0x82][0xd5][0xc8][0x8]Qd[0xd0][0xe0][0xf4][0x6]#[0xa4]U[0x96][0xa4][0xc6][0x14][0xd1]c?HSBF[0x98]g-a[0x8e][0xdd][0xe0][0xeb][0xf1][0xd2][0xaf][0x91][0x87]t_64d0][0x8a]H>t[0x1a]e2"[0xfa]"[0x2]*ed[0xc4]([0xff]`[0xac]N[0x88]>[0xd8][0x89]:[0xa1][0x81][0xb4][0xbe][0x94]F[0xd5]7[0xd2]bQZ[0xd9][0x80](O[0x6]e[0x8c][0x12][0xea][0xbb][0xc]l[0xc3][0x16]i[0x15]'[0xb5][0xf][0x4]2BZ[0xbe]I}[0xb3]I[0x19]A[0x1d][0xb0]![0x1d]#[0xba][0xad][0xf7]4B[0xba][0xab][0x4]Z[0xba][0x9b]*[0x4][0xe7]d[0xe6]b[0x8c][0xd7][0xe3][0xab][0x8c][0x88][0x1e]~5[0x2]][0x10]=[0x88]GYL[0x10][0xbd][0x6]Xh`[0xf][0x8][0xea][0x94][0xa3][0xa6][0x84]29[0xa2]^[0xa5]_}[0x8f][0xb9]B[0xf][0xc7] +h[0xd4][0x93][0x92]I[0x6]#[0xa4]5s[0xf4][0x8]m[0xa4][0xc3]g[0x6]c[0x89][0x8f]t[0xc]zJjqrQf[0x1][0xe8][0x1c]~[0x8c][0xe4][0x87]H[0x12][0xf8][0x9a]Z[0xc8]MM[0xa4][0x9]M*[0x1b][0x8c]H[0xbe]4[0xaa][0xa4][0x91][0xce]z[0xa0][0xb2][0xd3][0x11]c[0xe6][0x83]2- [0xaa])[0xec][0xce]C[0xa4][0x2][0xfa][0x15][0xc]Hs[0x82][0xd8][0x1d]5[0xb0]M[0x12][0xa4]3,[0xb0];o@[0xc2][0xc][0xd1][0xca][0xc4]_[0xc4]Q\[0x98]Z"[0xaa].[0xec][0xde][0x1f][0xe0][0xd8]A[0xc]xaw[0xde][0x80][0xc4][0xe][0xa2]WG[0xeb][0xd8]![0x94][0xa1][0x7]4v[0x8c][0x91][0xe][0xc8][0x1f]4[0xb1]c[0x8c]t2[0x7]m[0xaa][0x17]c[0x82][0x7]e[0xc]p[0xac] [0x92]'[0xad][0x2][0x0][0x91],id[0x3][0xd2][0xc][0x8][0xad]l@[0xc]z[0xd2]``[0xd0][0x18][0xe9][0xd4][0x8][0xec]Yc`[0xd3][0xc8][0xe0][0x9e][0xe7]06[0x1c][0x84][0xc5][0xbe]1[0x96][0xb9][\n]"
05:47:23.538 [main] DEBUG org.apache.http.wire -  << "[0x1a][0xf6]y[0x8d][0x91][0xe6][0x1c][0x6]c[\n]"
05:47:23.538 [main] DEBUG org.apache.http.wire -  << "2B[0xe4][0x1f][0xec][0xce][0x1b][0x80][0x9a][0xd9][0x18]in[0x81]F[0xc5][0x6][0xd2]|[0x82]GjbY[0xa5][0x82]KiI[0xa5][0x2][0xf4][0xd4][0xe1][0x80][0x9c][0xc4][0x92]T[0x8c][0xae][0x97]ciIj.[0xfa]Q[0xc3]E[0xa9]E[0xa5][0xb9]HS[0xb4][0xe0]S[0xae][0x88][0x99][0xa3]5F[0x9a]rp,O-[0xce][0xcf]MU[0x8]H,H-Rp[0xce]O,[0xc1][0xb0][0xdc]5[0xbf]X![0xb3][0xa0][0xb8]4W![0xb3]$[0xb1][0xb0]4U!'1)[0xbf](3[0xbf]81W![0x15],[0x90]Z[0x2][0x9a].[0xce],![0xc7]1[0xa6][0xc6][0x88][0xbe][0xdc][0xa0]I[0x5][0xa6]H[0xa3][0x8c][0xb4]m[0x9f][0x99]"[0x8d]9[0xe]"[0xef]#j[0xe7][0xc1][0xe3]([0xa4][0xa1][0xc9]A[0xe4][0xa8]AX[0x86][0x99][0x12][0x1c][0xeb][0x1c][0x80][0x82][0xd5][0x14][0xe9][0xb4][0xfd]A[0x14]}[0x88][0x86][0xee] r[0xd4]`[0xcc]}H[0xfb][0xe9][0x7]OH!][0xdd][0xed][0x98]Z[0x94][0x9f]R[0x99][0x97][0x98][0x9b][0x99][0xac][0x0]Y[0xeb][0xe4][0x94]_R[0x92][0x83]Y[0x97][0x82]j[0xc8][0xfc][0xbc]T[0xc8]*'[0xf0]R[0xa7][0xbc][0xcc][0x8c][0xcc][0x1c][0x85][0xe4][0xfc][0xa2][0xa2][0xd2][0x82][0x92]L[0xc8][0x95][0xa3][0xa9][0xc5][\n]"
05:47:23.538 [main] DEBUG org.apache.http.wire -  << "[0xb9][0x89][0x90][0x93][0xd9]S[0xc9][0xab][0xd7]L[0x11]I[0x8b][0xb6]U[0x88][0x11][0xd2][0x1d][0x19][0xd8][0xa3]f@;[\n]"
05:47:23.538 [main] DEBUG org.apache.http.wire -  << "F[0x4]3[0xfe][0x0];[0x8f]Pn[0x1b]X[0xe7]![0x1d][0xb7]1[0x18]#[0x17][0xe9][0xf4][0x8b]A[0xe9]<D/[0x10]&[0xa4][0xd2][0xb4][0xda][0xe0][0x1e][0xdc]G:[0xd6][0x3]{d[\r]@[0xbb][0xc0][0x88]n'[0x80][0x18]![0x1d][0xe3][0xe0][0x9b]_Z[0x8c]Y5[0xe0][0x9b]i&v[0xce][0xcb][0xc][0x91][0x4]hh[0x9][0xa2]n[0xa1]M'[0xd5][0x8][0xf3][0xb0][0x6][0x1c]s[0xb1][0xd4][0xc9]8Hg5Pw[0xba][\r][0xe9][0xbc][0x5]*[0x1b]Lh[[0xc4][0xc0]V[0x1b]H[0xa7][0x12][0xc][0x9e][0xac]n[0x8e][0xe8][0xea][0xd3]([0xd9]"[0x1d];[0x80][0xdd][0xdb][0x3][0x1c]+[0x88]|[0x8b][0xdd]y[0x3]Q[0x0]#m[0xd0][0xa7]Q[0xac]`n[0xa3][0xc7]\[0xc8][0x89][0xaf][0xec]5[0xb2][0xb4]D=[0xd2][0x16][0xcf][0x81][0xb3]FH[0x9b][0xe1]i[0xe5][0x1d]D[0xd6][0x87]6*h[0xe8][0x1d]KD}[0x2][0xb5][0xc]GAL[0xe9]<[0xae]1[0xd2][0x9e]*[0xda][0x4][0x9c][0xb1][0x1][0xa2]5[0x86]=[0xf9][0xf]h[0xee]4[0xa6][0xf9]^[0x5]c[0xa4][0xb5][0xd7]4[\n]"
05:47:23.538 [main] DEBUG org.apache.http.wire -  << "b[0xa4]5[0xd3][0x83]1[0x88][0x8d][0x6]a[0x1]h<[0xb8][0xcf][0xd4]5FZ[0xf3][0x8c]=J[0x7][0xa0][0xd2]0FZ&M[0xab][0xf3]0[0x8c][0x91].[0xc4][0xa5][0x9d][0x1d][0x88][0xc5]+[0xb0][0xe2][0x95][0x96]3rH[0x93][0x1d]Hw![0xfa]d[0xe6][0xa5][0xe6][0xe1][0xb8]p2,?[0xa7][0xb4][0xa0]$[0xb1]X[0xa1],5/31W!1'[0xb3][0xb0]43[0x5][0xe7]T[0x8b][0x9][0xee][0x9d],[0xc6]Hg[0xed][0xba][0xe6][0xe5][0x17][0xe5][0xe6][0x97][0x16]+[0xf8]&[0x16]%[0xe5][0xa4][0xe2][0xb0][0xdc]3E[0xa1][0xc]bI&[0xe8]v[0xcb][0xb2][0xcc][0x92][0xc4]T[0x85][0xe2][0xd2][0xe2][0xe4][0xcc][0x82]L[0xd8]}r[0xc5][\n]"
05:47:23.538 [main] DEBUG org.apache.http.wire -  << "[0x89]I[\n]"
05:47:23.538 [main] DEBUG org.apache.http.wire -  << "9[0x99]I[0xa9]E[0xf9]8][0x85][0xa7][0xc2]6F[0x9a]k[0xf1][0xcc]+I[0xcd][0xc9][0xc9]LO[0xcd]+Qp/J[0xcc][0xcb],IU[0xc0]1[0x8c][0x17]X[0x9a][0xa9]P\[0x9a]W[0xa2][0x90][0x9b][0x9f][0x93]Z\[0x92][0x99][0x98][\n]"
05:47:23.538 [main] DEBUG org.apache.http.wire -  << "g[0x15][0xe3][0xb8][0xe0][0x8e][0xf8][0x9]2[0x82][0x93]2[0x3][Q![0xcd][0x84][0xb8]%[0xe6][0x95]$[0x16][0x97]d&+8[0xe7][0xe7]%[0x17][0xa5][0x96][0xe0][0x8a][0xca] [0xc4][0x9d][\n]"
05:47:23.538 [main] DEBUG org.apache.http.wire -  << "[0xa9][0xa0][0xb4][0x94]Z[0xa2]PX[0x9a][0x9f][0x2][0xba]i2[0x11]:[0xe6][0x99][0xb][0x9a][0xdd]KL[0xc9],[0xc8],NF[0xbe]~[0x12]5[0xe0]@[0xf7][0x9][0x0][0x0][0x0][0x0][0xff][0xff]"
05:47:23.538 [main] DEBUG org.apache.http.wire -  << "[\r][\n]"
05:47:23.539 [main] DEBUG org.apache.http.wire -  << "543[\r][\n]"
05:47:23.539 [main] DEBUG org.apache.http.wire -  << "[0xc2]q][0xaf]1[0xd2][0xa2]n[0xec]e[0xd5][0x0][0x7][0x1c]bQ[0x1c]l[0xe2][0x13]:[0xef][0xea][0x9d][0x97][0x99][0x86]9 [0xe0][0x94][0x9a][0x8]J[0xf0][0xd0]<[0xa7][0x80]'[0xdb][0xe1]K[0xe0]Hk[0xbb][0x7]e[0xa0] Ze4j[0x94][0xc][0xee][0x11]`c[0xa4][0xfb][0x93][0x7]c[0xfc][0xc][0xee][0x11]`c[0xa4][0x11]`[0x9f][0xcc][0xf4][0x8c][0x92][0xf2]T[0x10][0xa9][0x10][0x9e][0x9f][0x9f][0xa3][0xe0][0x9c][0x91][0x98]Y[0x84][0xb1][0xa0][0xc0][0x7][0xb4]~ [0x15]^[0xb3][0xa4][0x16]+$[0xc1][0xb7][0xa0]#[0xd5] [0xa0]f[0x19]h[0xb2]&/[0xbd]X[0xc9][\n]"
05:47:23.539 [main] DEBUG org.apache.http.wire -  << "_[0xfe]B[0x9a][0x5][0xc2][0x1e][0x3][0xd1]@2[0xa5]y[0xae]2E[0xf4][0xc]s[0x13]3[0xf3][0x12][0xf3][0x14][0x12][0xf3][0x12]A[0xe7]W[0xa1][0xde][0xc]S\[0x92][0x9a]Z[0x94][0x99][0x97][0xae]P[0x9e][0x91][0x9a][0x9a][0x83][0x8][\n]"
05:47:23.539 [main] DEBUG org.apache.http.wire -  << "[0xa2][0xb7][0xce][0x18]#[0xcd]da[0xf][0xdf][0x81]-[0xd4][0x91][0x6][0x90][0xb1];[0xf][0xe1]g[0xba]-Y7F[0xda][0xcb]B[0xa3]B[0xd5][0xc]1[\n]"
05:47:23.539 [main] DEBUG org.apache.http.wire -  << "A+[0x1b][0x10][0xb5]%5[0xaf]=[0xc2][0xb3][0xd7][0xda][0x18]i[0xa7]Lqiq[0xa9]BviJ[0xa2]BNf"f![0x2][0x96][0x86]&x[0xe8][0x81]m[0x96]([0xa7]~[0xe1]k[0xa6] [0x9d];M[0xdb][0xac][0x83]4[0xe5][0x0][0xed]^[0x98]a[0x14][0x87][0xf0][0x91]/[0xf4]][0x86][0xc4]gQ[0xa4]Y[0x7]Z%[0x6]D[0xcf][0x1d][0x1c][0xf4][0x14][0xc4][0xc][0xbe][0xb2][0x1c]i[0xde][0x81][0x9a]i[0xe][0x9f][0x95]Hs[0xf][0xd0]8[0xa2][0xd5][0x8][0x1b][0xd2]i[0xcc]4[0x8a]%[0xa4]3[0x93]i[0x19]KH[0xb3][0xb]4[0xb5][0x86][0xd6][0xf3][0x5][0xc6]H[0xf3][0x5][0xa0][0xb2]D![0xb1]2[0x11]s[0x3]*[0xd8][0x8b] iDE[0x82]Z[0xd4][0xe0]M][0x88]Z[0x9a][0xd6][0xa9][0xb][0x91]Ci[0x95][0xba][0x10]K%h[0xec][0x17][0xa4]A|Z[0xdb][0x84][0xa8][0xe4]h[0x14]jH[0xbb] i[0xed][0x17]D[0x9b][0x13]{Kh`[0x1b]jHg[0x96]bw[0x1e]"[0xd1][0xaf][0xa1]f[0x81]H[0xd3]4[0x8a][0xa4][0xdd][0x8b][0xb4][0xb2][0x1][0xb1][0x8][0x95]^[0x95]&[0xc1]=[0x8f][0x3][0x9b][0xd4][0x8][0xee]I[0xc4][0x95][0xd4][0x8c][0xd1][0x6][0xb7][0xa8]xh[0xa1][0xb1]%[0xcd][0xab]3[0xa4][0xeb][0xc4]i[0x95][0xd4][0x10][0xd5][0x19][0xad]l[0xa0]y5[0x6][0xea]&@[0x8f][0x82][0xa0][0x8d][0x1f]L@'YAm[0xa0]m[0x91]o[0x82][0xb4][0x12]i3[0x9]tP[0x1f][0xfb][0xf0][0x8b]kfi[0xb1]BAjQqAfrfbIf1h[0x8][0x18]i[0xdc][0x5][0x94]L[0x89][0x19]w1[0xa1][0xf9]6I[0x13][0x9a]OI[0x9b] m[0xc4]t[0xcf]/JO[0x5]M[0x89][0x84][0xe7][0xe7][0xa7][0xa4][0xe6])8c[0xe9]u[0xfa][0xa7]d[0x96] V[\n]"
05:47:23.539 [main] DEBUG org.apache.http.wire -  << "[0xc3][0xe6]FR[0x91][0xb7][0xe1][0x80][0x16][0xd9][0x11][0x17]|[0xb4].[0xe]L[0x90][0xe6][0xdb]i[0x9d][0xc]i[0x9d]iM[0xc][0x10][0xf5]4~[0xbf]PeA[0x9a][0x9][0xcd]w[0x8f][0x9a] [0x1d][0x94]I[0xa3]R[0x8]i[0x3])[0xad]l@4[0x9e][0xe9][0x12])[0x88]T[0x86][0xbd][0x1]9[0xa0][0x8d][0xe][0x13][0xa4]3[0x17][0xb1];[0xf]W[0xa3][0x3][0xbd][0xff]H[0xc5]F[0x87][0xc9]`[0xdc]di[0x8a]9,F[0xa3]![0x17]S,[0x83];4[0x9c][0xdf]7E[0x1a][0xe1][0x9]pVpw[0xf4][0xf5][0xf4]s[0xc7][0x18][0xf0][0xb][0xe]p[0xf5]V[0xf0][0xf0]t[0xf7]@[0xa4][0x7]KP[0x8b][0x81][0x98]Z[0xc3][0x14]i-]@bN[0xa2]O[0xbe][0xf][0xe6]e[0xf0]8G[0x14][0x8d],-A[0x8b]*[0x88][0xb3][0x8]1[0xbe]Lc[0x8b][0x10]K0[0xe8][0xd4]{1E[0xba][0xbf][0x84][0xc6]~C4[0x97][0xe9][0xe4]7[0x13][0xa4]}[0xf9][0xf8][0xcb]dJ[0x17][0xc][0x9a][0x18]"[0x1a]0[0xd8][0xcb][0xbb][0x81]-[0x8e][0x91][0x96][0xf3]aw[0x1e]"[0xfb][0xd1]m[0xb8][0xc1][0x4]i[0xf3]7[0x8d][0xea]d[0xa4][0xcd][0xdd]4[0x8e][0xa4][0xd5][0x8c][0xb4][0xb6][0x9]1[0xb0][0x85][0xdf]&[0xea]4[0xfe][0x90][0x8e]x[0xa5]U$!Z2[0xf8]=Dq&[0x5][0xcd][0xa2]C[0xbb][0xa2]4[0xf2][0xb][0xd1]G[0xc0]R[0xec][0x17][0xa4][0x95][0x90]4[0xe]5[0xa4][0xe5][0x8d]0[0x9b]h[0xd8]l0[0x1]U[0xca]4[0x8e]$D%[0xb][0xf3][0x10]F[0xbb][0x4][0xde]l[0xa0][0xe4]lE[0x13][0xa4]%[0x8e][0xd8][0x8b][0xdd][0x81][0xad][0x15][0x90]V[0x1b][0xe]J[0xe7]![0xba][0xb9][0xd8][0x9d]7[0x10][0x95][0x16][0xd2]zC[0x1a][0x95]!H[0xeb][0x6][0xa1][0xc9][0x93][0xb4]-[0x15][0xf4][0xab][0xc0][0x91][0xce]V[0xc0][0xe9]RD[0x1c][0xe1][0xdb]5H[0xcd]^[0x9e][0x9][0xa2]#[0x8e]=[0xd9][0xc]l[0xa6]C[0xda][0xa1]N[0x83][0x93][0xb2]L@[0x97][0x93][0xd0][0xb6][0xf8][0x1c][0xdc]+[0x18]M[0x8][0xae]`D[0xa4]H[0xfa][0xe5][0x14]S[0x3][0x1d]%h[0xac][0xe0][0xcc])[0xf8][0xaa][0x1c]:[0xba][0x14]1[0x86][0xd3][0xa5][0x88][0x10][0xa4]W[0x9e]F:q[0xc3][0xad][0xb4](/[0xb3][0xa4][0xb4](U!$[0xbf][0x0][0xa3][0xde]F[0xc8][0xa6]$[0x16]e*x[0xa5][0x16]$[0x16][0x81][0x6][0x5][0xa0][0xcb][0xa2][0xc]A[0xa9][0x83][0x98].[0xbf][0x9][0xd2]BJ[0x1a][0x95][0xf3]H[0xe7]N[0xd3][0xca][0x6][0x8c][0xae][0x2]%5[0x9][\r][0xa7][0x3]ML[0x11]c[0x3][0x83])[0xd5]!z&[0x88]tE[0xd3]T[0x87][0xb4]~[0x93][0xaa][[0xb4]M[0x90][0xd6]`B[0x3][0x98]F[0xa3][0x8c]&D[0x9f]'Nq[0x17][0x8]i[0x81]$[0xad][0xfd]4[0xb8]Gw[0x90]V<R[0xfb][0xae][0x6][0x13]3D[0x1e][0x18][0x8c][0xad])[0xa4]1[0xed]A[0xe9]<[0xc4][0xc0][0xf1][0xa0]t[0x1e][0xa2]'[0x8c][0xdd]y[0x88][0x9a][0x9e]~-[0x10][0xa4]u[0x88][0xb4]h [0x9b]#[0xaa][0x1a][0xec]~[0x1e][0xd8][0xee][0x1][0xd2][0x9][0x4][0xd8][0x9d]7[0x10]Q[0x82]4[0xd1][0x2][0xdf],[0x9][0xd9][0xd4][0x82][0xed][0x90]L[0xc7][0xe4][0xe4][0xd2][0xe2][0xc4][0xbc][0x92][0xcc][0xd2]\[0x85]|[0xd0][0xfd][0x9][0xd0]-u[0xc5]H[0xb]+P[0xb7][0xd1][0xa1]O[0xfa]!][0x9c]`[0x8a]tjIpe^jQz&x[0x8b][0x1f]taBpF~*[0xe8][0xea]/[0xd4]}[0x1e][0xae][0xe0][0xfd]|[0xa0]=}d[0xda][0x89][0xc8][0x17][0xb4][0xad]YL[0x91][0x8e][0x1][0xa1][0xb5]M[0x88][0xc6]`@Q~Jir[0x89][0x82]ciNf[0xa2][0x82]1F#[0x1a]tk][0x1]TM"\[\r][0xb4][0x9][0x8d][0xaf][0xc9][0x8f][0x12]o[0x88]|F[0x1f][0xfb][0x10][0x15][0x15]}[0xec]C[0x8c]N[0xd1][0xd0][0xbe][0xd8]Z.[0x0][0x0][0x0][0x0][0xff][0xff]"
05:47:23.539 [main] DEBUG org.apache.http.wire -  << "[\r][\n]"
05:47:23.540 [main] DEBUG org.apache.http.wire -  << "A[\r][\n]"
05:47:23.540 [main] DEBUG org.apache.http.wire -  << "[0x3][0x0][0x82]:[0x18][0xc3][0x9d][0xba][0x1][0x0]"
05:47:23.540 [main] DEBUG org.apache.http.wire -  << "[\r][\n]"
05:47:23.540 [main] DEBUG org.apache.http.wire -  << "0[\r][\n]"
05:47:23.540 [main] DEBUG org.apache.http.wire -  << "[\r][\n]"
05:47:23.540 [main] DEBUG io.restassured.internal.RestAssuredHttpBuilder - Parsed data to instance of: class org.apache.http.conn.EofSensorInputStream
05:47:23.545 [main] DEBUG org.apache.http.impl.conn.BasicClientConnectionManager - Releasing connection org.apache.http.impl.conn.ManagedClientConnectionImpl@6265a548
05:47:23.546 [main] DEBUG org.apache.http.impl.conn.BasicClientConnectionManager - Connection can be kept alive indefinitely
05:47:23.600 [main] DEBUG net.thucydides.core.steps.StepInterceptor - STEP DONE: I send HTTP GET request
  &amp#27;[32mWhen &amp#27;[0m&amp#27;[32mI send GET HTTP request&amp#27;[0m                            &amp#27;[90m# starter.stepdefinitions.UserSteps.iSendGETHTTPRequest()&amp#27;[0m
05:47:23.609 [main] DEBUG net.thucydides.core.steps.StepInterceptor - STARTING STEP: UserSteps.iReceiveValidHTTPResponseCode404 - I receive valids HTTP response code 404
05:47:23.612 [main] DEBUG net.thucydides.core.steps.StepInterceptor - STEP DONE: I receive valids HTTP response code 404
  &amp#27;[32mThen &amp#27;[0m&amp#27;[32mI receive valid HTTP response code 404&amp#27;[0m             &amp#27;[90m# starter.stepdefinitions.UserSteps.iReceiveValidHTTPResponseCode404()&amp#27;[0m
05:47:23.617 [main] INFO  - 
  _____   ___   ___   _____     ___     _     ___   ___   ___   ___  
 |_   _| | __| / __| |_   _|   | _ \   /_\   / __| / __| | __| |   \ 
   | |   | _|  \__ \   | |     |  _/  / _ \  \__ \ \__ \ | _|  | |) |
   |_|   |___| |___/   |_|     |_|   /_/ \_\ |___/ |___/ |___| |___/ 

GET - As admin I cannot get product ratings
----------------------------------------------------------------------
]]></system-out>
  </testcase>
  <testcase name="GET - As admin I can get product comments" classname="User" time="0.969">
    <system-out><![CDATA[
@TC-0015
Scenario: GET - As admin I can get product comments &amp#27;[90m# src/test/resources/api/user.feature:47&amp#27;[0m
05:47:23.644 [main] INFO io.cucumber.core.plugin.SerenityReporter - Running feature from file:///C:/Users/Lenovo/IdeaProjects/MiniProject/MiniprojectApi/src/test/resources/api/user.feature
05:47:23.645 [main] WARN io.cucumber.core.plugin.SerenityReporter - Feature from file:///C:/Users/Lenovo/IdeaProjects/MiniProject/MiniprojectApi/src/test/resources/api/user.feature is not under the 'features' directory. Requirements report will not be correctly generated!
05:47:23.650 [main] INFO  - 
  _____   ___   ___   _____     ___   _____     _     ___   _____   ___   ___  
 |_   _| | __| / __| |_   _|   / __| |_   _|   /_\   | _ \ |_   _| | __| |   \ 
   | |   | _|  \__ \   | |     \__ \   | |    / _ \  |   /   | |   | _|  | |) |
   |_|   |___| |___/   |_|     |___/   |_|   /_/ \_\ |_|_\   |_|   |___| |___/ 

GET - As admin I can get product comments(user;get---as-admin-i-can-get-product-comments)
--------------------------------------------------------------------------------
05:47:23.841 [main] DEBUG net.thucydides.core.steps.StepInterceptor - STARTING STEP: UserSteps.iSetGETApiEndpointsProductComments - I set the GET api endpoints product comments
05:47:23.842 [main] DEBUG net.thucydides.core.steps.StepInterceptor - STEP DONE: I set the GET api endpoints product comments
  &amp#27;[32mGiven &amp#27;[0m&amp#27;[32mI set GET api endpoints product comments&amp#27;[0m    &amp#27;[90m# starter.stepdefinitions.UserSteps.iSetGETApiEndpointsProductComments()&amp#27;[0m
05:47:23.850 [main] DEBUG net.thucydides.core.steps.StepInterceptor - STARTING STEP: UserSteps.iSendGETHTTPRequest - I send HTTP GET request
05:47:23.854 [main] DEBUG net.thucydides.core.steps.StepInterceptor - STARTING STEP: GetAllProduct.iSendGETHTTPRequest - I set the GET api endpoints
05:47:23.854 [main] DEBUG net.thucydides.core.steps.StepInterceptor - STEP DONE: I set the GET api endpoints
05:47:23.873 [main] DEBUG org.apache.http.impl.conn.BasicClientConnectionManager - Get connection for route {s}->https://altashop-api.fly.dev:443
05:47:23.873 [main] DEBUG org.apache.http.impl.conn.DefaultClientConnectionOperator - Connecting to altashop-api.fly.dev:443
05:47:23.923 [Finalizer] DEBUG org.apache.http.impl.conn.DefaultClientConnection - Connection 0.0.0.0:60320<->149.248.193.56:443 closed
05:47:23.926 [Finalizer] DEBUG org.apache.http.impl.conn.DefaultClientConnection - Connection 0.0.0.0:60321<->149.248.193.56:443 closed
05:47:23.975 [main] DEBUG org.apache.http.client.protocol.RequestAddCookies - CookieSpec selected: ignoreCookies
05:47:23.975 [main] DEBUG org.apache.http.client.protocol.RequestAuthCache - Auth cache not set in the context
05:47:23.975 [main] DEBUG org.apache.http.client.protocol.RequestTargetAuthentication - Target auth state: UNCHALLENGED
05:47:23.975 [main] DEBUG org.apache.http.client.protocol.RequestProxyAuthentication - Proxy auth state: UNCHALLENGED
05:47:23.975 [main] DEBUG org.apache.http.impl.client.DefaultHttpClient - Attempt 1 to execute request
05:47:23.975 [main] DEBUG org.apache.http.impl.conn.DefaultClientConnection - Sending request: GET /api/products HTTP/1.1
05:47:23.975 [main] DEBUG org.apache.http.wire -  >> "GET /api/products HTTP/1.1[\r][\n]"
05:47:23.975 [main] DEBUG org.apache.http.wire -  >> "Accept: */*[\r][\n]"
05:47:23.975 [main] DEBUG org.apache.http.wire -  >> "Host: altashop-api.fly.dev[\r][\n]"
05:47:23.975 [main] DEBUG org.apache.http.wire -  >> "Connection: Keep-Alive[\r][\n]"
05:47:23.975 [main] DEBUG org.apache.http.wire -  >> "User-Agent: Apache-HttpClient/4.5.13 (Java/14.0.2)[\r][\n]"
05:47:23.975 [main] DEBUG org.apache.http.wire -  >> "Accept-Encoding: gzip,deflate[\r][\n]"
05:47:23.975 [main] DEBUG org.apache.http.wire -  >> "[\r][\n]"
05:47:23.975 [main] DEBUG org.apache.http.headers - >> GET /api/products HTTP/1.1
05:47:23.975 [main] DEBUG org.apache.http.headers - >> Accept: */*
05:47:23.975 [main] DEBUG org.apache.http.headers - >> Host: altashop-api.fly.dev
05:47:23.975 [main] DEBUG org.apache.http.headers - >> Connection: Keep-Alive
05:47:23.975 [main] DEBUG org.apache.http.headers - >> User-Agent: Apache-HttpClient/4.5.13 (Java/14.0.2)
05:47:23.975 [main] DEBUG org.apache.http.headers - >> Accept-Encoding: gzip,deflate
05:47:24.347 [main] DEBUG org.apache.http.wire -  << "HTTP/1.1 200 OK[\r][\n]"
05:47:24.347 [main] DEBUG org.apache.http.wire -  << "content-type: application/json[\r][\n]"
05:47:24.347 [main] DEBUG org.apache.http.wire -  << "date: Mon, 08 May 2023 22:56:14 GMT[\r][\n]"
05:47:24.347 [main] DEBUG org.apache.http.wire -  << "transfer-encoding: chunked[\r][\n]"
05:47:24.347 [main] DEBUG org.apache.http.wire -  << "content-encoding: gzip[\r][\n]"
05:47:24.347 [main] DEBUG org.apache.http.wire -  << "server: Fly/3f2597ca (2023-05-03)[\r][\n]"
05:47:24.347 [main] DEBUG org.apache.http.wire -  << "via: 1.1 fly.io[\r][\n]"
05:47:24.347 [main] DEBUG org.apache.http.wire -  << "fly-request-id: 01GZYS8SZWP82C5G9D3KJW6TRV-sin[\r][\n]"
05:47:24.347 [main] DEBUG org.apache.http.wire -  << "[\r][\n]"
05:47:24.347 [main] DEBUG org.apache.http.impl.conn.DefaultClientConnection - Receiving response: HTTP/1.1 200 OK
05:47:24.347 [main] DEBUG org.apache.http.headers - << HTTP/1.1 200 OK
05:47:24.347 [main] DEBUG org.apache.http.headers - << content-type: application/json
05:47:24.347 [main] DEBUG org.apache.http.headers - << date: Mon, 08 May 2023 22:56:14 GMT
05:47:24.347 [main] DEBUG org.apache.http.headers - << transfer-encoding: chunked
05:47:24.347 [main] DEBUG org.apache.http.headers - << content-encoding: gzip
05:47:24.347 [main] DEBUG org.apache.http.headers - << server: Fly/3f2597ca (2023-05-03)
05:47:24.347 [main] DEBUG org.apache.http.headers - << via: 1.1 fly.io
05:47:24.347 [main] DEBUG org.apache.http.headers - << fly-request-id: 01GZYS8SZWP82C5G9D3KJW6TRV-sin
05:47:24.348 [main] DEBUG org.apache.http.impl.client.DefaultHttpClient - Connection can be kept alive indefinitely
05:47:24.348 [main] DEBUG io.restassured.internal.RestAssuredHttpBuilder - Parsing response as: application/json
05:47:24.348 [main] DEBUG org.apache.http.wire -  << "179[\r][\n]"
05:47:24.348 [main] DEBUG org.apache.http.wire -  << "[0x1f][0x8b][0x8][0x0][0x0][0x0][0x0][0x0][0x4][0xff][0xaa]VJI,IT[0xb2][0x8a][0xae]V[0xf2]tQ[0xb2]241[0xb1]0[0xd2]Q[0xf2]K[0xcc]MU[0xb2]RJI-N.[0xca],([0xc9][0xcc][0xcf]S[0xd2]QrA[0xe2]Y))[0xe9]([0x5][0x14]e&[0xa7]*Y[0x19][0xe8]([0x5]%[0x96]d[0xe6][0xa5][0x17]+Y[0x99][0xe8](9'[0x96][0xa4][0xa6][0xe7][0x17]e[0xa6][0x16]+YE[0xc7][0xd6][0xea] [0xc]6[0x86][0x1b][0xec]Y[0x90][0x91][0x9f][0x97][0xaa]`h[0xa8]`f[0xa2][0x90][0x9e][0x84]axANb[0xa5]BFb[0xb1]B^[0xbe]BNfnfI1[0xc2]:#KK$[0xb][0x8d][0xd0],[0x84][0xda]fdjb[0x8][0xb7][0xcd]=173/[0x1d][0xc3][0x12][0xb7][0xfc]"[0x85]t[0xb0][0x94]BAiQA~qj[0xb1]R-[0x8a][0x83]-[0xe0]F[0xb8][0x95][0x16][0xe5]e[0x96][0x94][0x16][0xa5]*[0x84][0xe4][0x17]`[0x9a][0x4][0x97]MI,[0xca]T[0xf0]J-H,JD[0xb8][0xd8][0xd0][0x4][0xd9][0xc5][0xa6]h.F[0xb1][0xd1][0x4]ncp~^[0xa5]B@[0xb0]![0x86]e[0xf8][0xc2][0xc6][0x4]%l[0xc][0xd1]l[0xa2]j[0xd8][0x98][0x12]v)"[0x4][0x90][0x93][0x88][0x1]-]e[0x6]w[0x15][0x15]c[0xc][0xdd][0xc5][0xc8]1f[0x89]Hf.a.[\n]"
05:47:24.348 [main] DEBUG org.apache.http.wire -  << "[0xbe][0xa5][0xe9][0xa9]y[\n]"
05:47:24.348 [main] DEBUG org.apache.http.wire -  << "!E[0x89][0x99][0xf8]r[0x8c][0xa1][0x91][0x81][0x81][0x1][0xbe]0A[0xb1][0x1][0x91][0x1f][0x13][0xf3][0x12][0xb3][0x15][0x12]+[0x13]s1[0x12]Eqiq[0xa9][0x2]H[0x1a][0x11][0xe6][0x96](i[0x1][0xaf][0x1f][0xcc][0xe1][0xa1][0x16][0xe1][0xe4][0x1f][0x81][0x99][0xe4][0x10]9[0x5]a<jR3[0xa6]a[0xa4][0x82][0xfc][0x1]-[0x90][0xb0];[0xf][0x97][0xa3][0xc][0x0][0x0][0x0][0x0][0xff][0xff]"
05:47:24.348 [main] DEBUG org.apache.http.wire -  << "[\r][\n]"
05:47:24.349 [main] DEBUG org.apache.http.wire -  << "4C9[\r][\n]"
05:47:24.350 [main] DEBUG org.apache.http.wire -  << "[0xa2][0x9d][0xa3]LA[0xd1][0x7]u[0x14]m[0xe2][0xdd][0xd4][0x0][0x91][0xb2]@[0x11]K[0xfd]x75[0xa0]u[0xca]25@[0x14][0xf9]4[0xf2][0x83][0x5][0xa2][0x8c]v*JLN[0xcd]I-[0xc1][0xc8][0x1c][0xbe][0x89])[0xa9][\n]"
05:47:24.350 [main] DEBUG org.apache.http.wire -  << "[0xf9]i[\n]"
05:47:24.350 [main] DEBUG org.apache.http.wire -  << "[0x19][0x99][0xe9][0x19][\n]"
05:47:24.350 [main] DEBUG org.apache.http.wire -  << "[0x85][0xa5][0x89]9[0x99]%[0x95][\n]"
05:47:24.350 [main] DEBUG org.apache.http.wire -  << "[0x5][0xa9][0x89]E9[0xc8][0xd5][0x8a][0x11]q[0x19][0xd2][0xd8][0xd8][0xc][0xa3][0x90]6[0xc5][0xb0][0x12]_![0x8d]Z[0x81][0xe1][0xae]1[0x8d][0x8d][0xcd],[0xe1][0x19][0xb3]$[0xb5][0x18]T[0xc5]*[0x14][0x14][0xe5][0xa7][0x94]&c[0xfa][0xb1]$#[0xb3]X![0xb3]X[0xa1]$#[0x15][0xa6]F[0x1][0xb5][0xfa][0xc6]R[[0xa3][0xe7]ZD[0xb1]cll[0x8e]H~T[0xb3][0xdb][0x10][0xad][0xd8][0xc3]][0x15][0x1a][0x1b][0x9b]#[0x12]'U[0xed]Gj;[0xe0][0xb5][0x1e][0x11][0xc9]T[0xb5][0x1e]9[0x91][0xe1][0xb5][0x1f]Q&[0xd3][0xcc]~[0xf4][0xf2][0x11]%[0xfa][0x11][0xf9][0x8a]f[0xf6][0xe3]K[0xfa][0xe6]4H[0xfa][0xe8][0xc9][0xf][0x9f][0xff]-[0xc][0xa8][0x9f][0xf5][0xd0][0xed][0xc7][0x97][0xfd][0x90]Z[0xe1]4[0xb][0xbc][0xfe]G[0x94][0xdc][0x3]c?"[0xff]y[0x4]([0xe4]f[0x96][0xe4]c/cKR[0x8b][0x92][0x12]3[0xb3][0x11]M[0x0]S3s[0xa4],[0x8e][0xd7][0x8b][0x88],FZ[0xbb][0x2]=[0xdf]R[0xaf]]mll[0x81]H[0xf7][0xd0][0x1e][0x0]%[0x95][0xb][0xbe][0x14]f[0x89][0x88][0xe1][0x80]`[0x5]L[[0xd2][0x13]sS[0x15]L[0x15][0x8a]K[0x12][0x8b][0x10][0xa1][0x8b][0xda][0xea][0xc3][0x97][0x81]-[0x11][0x11]H[0x97][0xa6][0xb8][0xb1][0x9]R[0x93][0x8c][\n]"
05:47:24.350 [main] DEBUG org.apache.http.wire -  << "A[0x87]'[0xe5][0x98] 5[0xcd][0xe8][0xe5]7Dd[0xd1][0xda]o[0x88]x[0xb](JL.[0xc9]LN[0xcc]Q[0x8][0xcf][0xcf]OI[0xcd]S[0xf0][0xce][0xcb]LK[0xc5][0xc8][0x87][0x8e]9[0x99][0x89][0xc5][\n]"
05:47:24.350 [main] DEBUG org.apache.http.wire -  << "i[0xa5][0xe9][0x89][\n]"
05:47:24.350 [main] DEBUG org.apache.http.wire -  << "[0xa5]%z[0x88][0xb4]b[0x8][0x8a][0x10][0xf8][0xc8][0x0][0xde][0xf0]D[0xe4]D[0xea][0x8d][0xc][0xe0][0xb5][0x10][0x91][0xcb]`[0x16][0x1a]Q<[0x14][0x81][0xcf]BCDu[0x2][0xb3][0x90][0xf2][0xb1][0xf][0xbc][0x16]"[0x9a]ot[0xb2][0x10]c@[0xc0][0x1c]#[0xa5][0x10][0xdf]*[0xc6][0xeb]5Dj[0x9]H[0xcc]I[0xf4][0xc9][0xf7][0x1][0x8d][0xb5][0xa0][0x8e]N[0xc1]m[0xc2]2zdl[0x8c]TA[0xe0])[0xc2]L[0xc][0x11]m rKH[0xbc][0xfe]@$BZ[0x18][0xf][0xea][0xcf]@{[0xa8]t[0xea][0x19][0x99][0x18]![0x12][0x1d]M|[0x84][0xe8][0x12][0xd0][0xc4]xD[0x19]K[0xb7][0x0]C[0x14][0xb6]t[0xb3][0x12][0x91]O[0xa9]i%[0xbe]|d[0x84][0x18][0x95][0xa3][0xa6][0x95][0xf8][0xf2][0x96][0x11][0xa2][0x8c][0xa0]q}i[0x84][0xc8][0xc5]4j[0xa8][0x9a][0x18]#*[0xf]Z[0x86][0x1f][0xac][0x19]ka[0x88]H"[0x8e][0xc9][0xc9][0xa9][0xc5][0xc5][0x90][0xd1]|[0xf4][0x19][0x80][0x92]|[0x85][0xd4][0xbc][0x8c][0xc4][0xbc][0xe4]T[0x85][0xc4][0x2][0xd0]p[\n]"
05:47:24.350 [main] DEBUG org.apache.http.wire -  << "[0x88][0x89]<[0x82]nlb[0x8c]([0x10][0x8a]S[0xb]RS0[0xb][0xea][0xc4][0xcc]J[0x90] tp[0xc2][0xc8][0x14][0xb9][0x8c]/[0x82][0x8d][0x11]e[0x1]-[0xc3][0x4][0xa9]Kl[0x2][0xaa]7[0xa0][0x5]*[0xb5]=C[0xff]b[0xc0][0x18][0x11][0xc7][0xc1][0xe0][0x98]Q[0xf0][0xc9],.)[0x2][0xf7][0xa4]P[0xab]R[0xa8]t[0xe]DZ!/=5[0xa9][0x14]4[0xfe]Dz[0x94]![0x8a][0x1][0xa8][0x99]P+[0x15][0x9c][0x12]s[0x12]1gU[0xa0][0x8a]P-VHJ[0xcc]K[0x7][0x8f][0xf1]A[0xed]7%>[0xc9] [0xca][0x4][0xba]%[0x19]D[0xb][0x82]nV"[0xca]#zYi[0x82]([0x9f][0x82]J[0x8b]K2[0x93]a[0xfd][0x5][0xa7]D[0xcc]Y[0xb7][0xd0][0x12][0x85][0xd4][0xa2][0xa2][0xfc]"[0x85][0xa2][0xd4][0xe4][0xd2][0xe2][0xc4][0xbc][0x94][0xc4]T[0x85][0x82][0xfc][0xe2][0xe2][0xcc][0xdc][0xd2]b[0x85][0xdc][0xfc][0x1c][0xd0]8gb[0xaa]Bqj[0x8a]BfnAjJ&y][\n]"
05:47:24.350 [main] DEBUG org.apache.http.wire -  << "[0xa4][0xe9]?D7[0xc6]'3/5O[0xc1])[0xbf][0xa4]$[0x7]K7[0xa6][0xb4]D[0xa1] [0xb5][0xa8][0xb8] 393[0xb1]$[0xb3]X!%?'[0xbf](U!%3[0xb9]$Q[0xa1] [0xbf][0xa8](_![0xb3][0xa0][0xb8]4W!5[0x91][0xac]^[0x8e][0x9][0xfd][0x8b],[0x13]D[0x93]&8'55[[0x1][0x12][0x2][0xee]9[0xf9]e[0xa9][0xa0][0xb1]o[0xd4][0x9c][0xee][0x9f][0x96][0x96][0x99][0x9c][0x99]Y[0xac][0x90][0x9c][0x9f]W[0x9c]ZX[0x9a]XRZ[0xa4][0x90][0x98][0x97][0x99][0x9b][0x9][0x8f][0x98]b[0x85][0xb2][0xfc][0x9c][0xd2][0x82][0x92][0xc4][0x92]T[0x85][0x94][0xd4][0x9c][0xd4][0xbc][0xcc][0x92]L[0xf2][0x2][0x83][0xfe]E[0x9e][0x9][0xa2][0xc8]s[0xcf]/JO[0xcd]/-V[0x8]*MJJ-Rp[0x6][0x8f]q[0xa0][0x85]FJf[0x9]$[\r][0x94][0xe6]*$[0x82][0x12][0x7]8[0x9][0xe4]$&[0xe5][0x17]e[0xe6][0x17]'[0xe6]*[0x14][0x96]f*$[0xe6]d[0x16][0x96]f[0xa6]([0x14][0x93][0x9b]N[0x11][0x85]""[0x9d][0xba][0x17]%[0xe6]e[0x96][0xa4]*8[0xe7]'[0x82]JZTw[0xb9][0x96][0x80][0xfa][0xda][0x99][0x89]%[\n]"
05:47:24.350 [main] DEBUG org.apache.http.wire -  << "[0xf9][0xb9]y[0x99][0xc5][\n]"
05:47:24.350 [main] DEBUG org.apache.http.wire -  << "[0xb9][0x99]y[0x99][0xb9][0x89][\n]"
05:47:24.350 [main] DEBUG org.apache.http.wire -  << "y[0xa5][0xb9][0x85][0xa5][0x89][0xb9][\n]"
05:47:24.350 [main] DEBUG org.apache.http.wire -  << "[0xc5][0xa5][0xc5][0xc9][0x99][0x5][0xe4][0xba][0x6]QD[0x6]W[0xe6][0xa5][0x16][0xa5]g[0xc2][0xb2]s[0x8e]BpFf[0x11]V[0xd7][0xa4][0x16][0x97][0xc0]SEfRi[0xb1]BANbrjb[0x89]B*yY[0x17]T[0xa0]C[0xeb]Y[0x5][0x1a]u!M[0x11]Y[0x91][0xac][0xe6]![0xb1][0xad][0x14]S[0xa4][0xfc][0x7][0x99][0xcf][0xc7][0x1c]g[0x83]wU[0x9][0xae]u[0xc0][0xd7][0x1e]2[0xa5]~2E[0xe4]'z[0xd5]4[0xa6][0x88][0xdc]B7+[0x11]Y[0x82]nV"Z[\r]d[0xa5]N[0xd4][0x9]F[0xbc][0xa9][0x6][0xd1]X[0xa0][0xb1]Mf[0x88]6[0x2][0xd4]&[0xcc]e[0x6][0xf8]r[0x2][0xea][0xc0]3[0xba][0x9f]`][0x17][0xb4]U?[0x0][0x0][0x0][0x0][0xff][0xff]"
05:47:24.350 [main] DEBUG org.apache.http.wire -  << "[\r][\n]"
05:47:24.351 [main] DEBUG org.apache.http.wire -  << "58C[\r][\n]"
05:47:24.351 [main] DEBUG org.apache.http.wire -  << ""c[0xd5][0x8f][0xb1][0x89][0x19][0xa2][0xcf][0x2]u)[0xad][0xf2][0xac][0x19][0x85][0xa5][0x10][0xf1][0xf1]lF[0xb7]r[0x88][0xba][0x93][0xe3][0xe8][0xf1][0x8c][0xdc][0x1d]3C[0x14]?[0xb4][0x8e]'D[0xa9][0x3][0xb5]i[0xd0][0xa6]]Da[0x85][0xd3][0xa5][0x88][0x1]z|[0xb5][0x18]Us[0x14]FyFI[0xf8][0xd1]p[0xf6][0xcd][0x4]i[0xc1][0xc5] [\n]"
05:47:24.351 [main] DEBUG org.apache.http.wire -  << "?s[0x8c][0xb2][0x93]V%[0x12][0xd2][0xa2][0xf][0xbf][0xc4][0xe2]L[0x5][0x97][0xc4][0xd2]<[0x5][0xaf][0xd4][0xa2]R[0xd0][0x4]+j3[0x14],_[0x9e][0x9a][0x97][0x98][0x9d][0xad]P[0x92][0x9a][0x97][0x98][0xa7][0x90][Z[0x94][0x9b][0x8a]4Whh[0x89][0x91][0x1b],[0x89]YX"Rmr~^I~[0x86]n2b[\r])[0xfa][0xa8][0x93][bqFf~^bRN*[0xea]X[0x13][0xd2][0x82][0x11][0xb0][0xdb][0x10]n[0x7]/[0x9d]RH[0xcf]/J[0xc5][0xb2][\n]"
05:47:24.351 [main] DEBUG org.apache.http.wire -  << "[0x14][0xac][0x96]J[0xfe]@[0xa4]s[0xc2][0xfe][0xc0]T[0x81][0xb4][0xf6][0xd4][0xd8][0xc4][0x9c]n%[0xb6]9[0xdd][0xca]QsD<Cs[0x17][0xcd][0xd2]1[0xdd][0xda]5[0x16]tk-X RD[0x84]S~[0x85][0x2]f[0x19]J[0xff][0x92][0xdd][0x2][0xd1][0xeb][0xc0][0xe1]&[0xc2]KG[0xd1][0xeb]xX[0xb1]@[0x8d][0xb6][0x1c][0xd2][0xea][0xc0][0xc1][0xe9]>[0xba][0xa5]S[0xa4]u[0xca]8B[0x2][0x91]z[0xe8][0xd7][0xd6][0xb6]D[0xb4][0x80][0x7][0x93][0xab][0x10]9[0x8d][0xc6][0xe5][0x14][0xd2]"[0x19][0xec]K[0x90][0x6]6[0xfb]X"[0x1a][0xbe][0xd8][0x9d]7 i[0x6]Q[0xcb]bw[0xd4][0x80][0x86][0x19][0xf2][0xc2]p[0xec][0xce][0xc3][0x15]f4l[0xd7]"[0xaf]%[0xa7]m[0x8a]F^[0xf1][0x8d][0xdd][0xfb][0x3][0x1c];[0x88][0xc6][0xe]v[0xe7][0xe1][0x8a][0x1d][0x1a][0xd6]R[0xa6][0x6][0x88]lF[0xeb][0xd8][0xa1]<[0xef][0xd0]2[0x99]"[0xad][0x92][0x1a]<[0xb1]c[0x88]h[0xe1]aw[0xd4][0xc0][0xa6]hCDe[0x85][0xdd]y[0x3][0x91][0xa2][\r][0x11][0xed]B[0x1a][0xa7]h[0xa4][0xb5][\n]"
05:47:24.351 [main] DEBUG org.apache.http.wire -  << "[0xb4][0xb6][0x89]n[0xb9][0xd4][0x90]^[0xfd]$S[0xa4][0x15]n4[0xe]=[0xa4][0xd5]h[0xb4][0xb6][0x9][0xd1][0xa6][0xa4][0xb5]MtK[0xe5]F[0x88]j[0x8b][0xd6]~[0xa2][*[0xa7][0xdb][0x12]-S#D[0xad]G[0xeb][0xd0][0xa3]W[0xce][0x14]iM[0x18][0x8d][0xfd][0x84][0xb4][0x86][0x8b][0xd6]6!r.[0xf6][0xaa]l`kZcDv[0xc7][0xee][0xbc][0x81][0xa8]i[0x91][0xd7]q[0xd1]t[0x86][0xd9][0xd4][0x98]n%[0x83]1[0xa2][0xfe][0xf3][0x8]Pp[0x6]-[0xc2][0xc9][0xc4][0xb2]A%'[0xb5][0xa0]$[0xbf]@[0x1]c[0x7][0x90]%[0x8] -[0xf1]Fo[0xba]#M"[0x99][0x1a]S[0xb5]h@[0xdf]p[0x8f]l[0x13][0xd2]"[0xa9][0x81][0xd8]P[0x85]<[0x9a]F5[0xfb][0xf1]M [0xa1][0xf8][0x1d][0x91][0xb1][0x9][0xd9][0x8d][0xc8]C[0xa0][0xdd]rD[0xc6]"[0xd2]2'B[0xe6][0x13][0xbd]O[0x16]d=[0xd1][0xfe]C[0x94][0xc]T[0xb5][0x9f]X[0xef]#r&U[0xad]'[0xda][0xfb][0x88]LD3[0xfb][0xd1][0xbb][0x9d]([0xc9][0xb]Q[0xeb][0xd2][0xcc]~|[0x85][0x8][0xd2][0x82][0xa5][0x81][0xb1][0x1f][0xd1]C[0xa5][0x99][0xfd][0xe8][0xe7][0xac] [0x87]?[0xd2]j*[0x9a][0xd9][0x8f]7[0xfc][0x11]][0xe0][0x81][0xb1][0x9f]F[0xd9][0x9f][0xd8][0xfc][0x87][0xb4][0x10]k`[0xfc][0x8f](`-DSS[0x1a]M[0xed][0x99][0x9a]"[0x1a][0x7][0xd4]][0x85]oj[0x8a]([0xc6]<[0xf3]JRsr2[0xd3]S[0xf3]J[0x14][0x82]KRSA[0xab][0x1f][0xf3][0xb1][0xac][0x98][0xf5]L[0x1][0x9d]'Q[0x9c][0xa9][0x90][0x97]XRZ[0xc]Z[0x10][\n]"
05:47:24.351 [main] DEBUG org.apache.http.wire -  << ""[0x12][0x8b][0xc9]Z[0x13]kj[0x8a]([0xc7]`[0xe1]H[0x9b][0xf5][0x8f][0xa6][0x98][0xab][0xb1]h[0x15]]t[MeJ[0xb7][0xd5]T[0xa6]t[[0xe3][0x4][0xde][0xcb][0xe]][\n]"
05:47:24.351 [main] DEBUG org.apache.http.wire -  << "K[0xeb][0x14][0x81]H[0xfc][0xae]y[0xf9]E[0xb9][0xa0][0xc5][0xd1][0x1]9[0x89][0xe0][0xe5][0xbf][0xce][0x19][0x89][0x99][0xa0]u[0x1d][0xa8][0xb]@[0xc2] [0xb][0xc1]A[0xa7][0x8e][0x94][0xa4]*[0xe4][0xe5][0xe7][0x81][0xce][0x1d])[0xcb]L[0x1][0xe5][0x99][0xd4]b[0xb2][0x96][0xfe][0x9a]"[0xad][0xbf]q)-[0x2][0xad][0xf1][0x0]m%[0xc8]Q[0xc0][0xee][0x82]`[0xe8]Rg[0x85][0xc2][0xd2]|[0x5][0xa4]u[0xd9][0x99]y[0xe4],I7[0xa5][0xdb]2[0x1b]S[0xa4]e64[0x8e]V[0xba]-#1[0xa5][0xdb]2[0x12]S[0xba]-#1E:[0x84][0x84][0xc6][0xf1][0x84]t[0xdc]H@[0xb0][0x9]f[0xa9]_l[0xa2][0x90][0x94]XT[0x8a][0xe8][0x1d][0x19][0xe3]_[[0x85][0xdc]<[0xa3][0xdb][0x12][0x15]S[0xa4]CKh[0x1d]^[0x88]&[0x1f][0xad]mB4[0xee]hm[0x13][0xdd][0x6]y-0[0x1b]l[0x98]I[0x8e][0xe8]#[0x18][0xf1]5[0xcd]-[0x10][0xad]5Z[0x87][0x1e][0xa2][0x2][0xa3][0xb5]Mtk[0xa6]Y[0xd2]k[0xe1][0xa7])[0xd2][0xf2] [0x1a][0x87][0x1e][0xd2][0x92][0x1f]Z[0xdb]D[0xb7]2[0xc2][0x12]QFP[0xbd][0xf4][0xb6][0xa4][[0xa9][0x80][0xb4][0xda][0x87][0xd6]1C[0xaf][0xbc]j[0x86]tR[0x8f]kQz~^~nf[0xb2][0x82]cNinf^i.[0xd6]m[0x8e][0xa5]%[\n]"
05:47:24.351 [main] DEBUG org.apache.http.wire -  << "I[0xa9][0x89]%[0x89][0xa9][0xf0]Mm[0xa9][0xb9][\n]"
05:47:24.351 [main] DEBUG org.apache.http.wire -  << "[0xb9][0x89][0x15][0x99][0xb9][0xa9][\n]"
05:47:24.351 [main] DEBUG org.apache.http.wire -  << "y[0xa9][0xb9][0xf9][\n]"
05:47:24.351 [main] DEBUG org.apache.http.wire -  << "[0x99]99[0xa5][0xb9][0xa0][\r][0xe0][0xbe][0x1f]9MM3[0x3]z[0x15][0x8b]f[0x6][0xf4]*[0xac][0xcc][0x6][0xf7]:[0x9][0xb3][0xc1][0xb8]N[0xc2][0x8c]^[0xeb]$LL[0x90][0xaa][0x12]Z[0x9d][0xc4]I[0xaf][0x94]f[0x8a][0xb4]_[0x80][0xd6][0x5][0x15][0xbd][0xfc]d[0x86]t[0x16]+m[0xfd]df[0x80][0xa8][0xac]hm[0x13][0xbd][0xaa].3Cz5h[0xcd][0x90]V[0xcc]`[0x9f][0x4][0x1e][0xd0]9j3[0xa4]e6[0xd8][0x9d][0x87][0xe8]A[0xd2]m[0x95][0xb7][0x19][0xd2][0xb1]P4NqF[0x88]&_@[0xb0][0xa1][0x1][0x5][0x9d][0x1a][0xf4][0xf3][0x8c][0xe0][0xbb][0x12][0x90][0xaa]9[0xc8][0xe1][0xf1][0x18][0x96][0xa4][0xe1]?W[0xde][0xd8][0xcc][0x88]n9[0x10][0xe9][0xe4][0xa5][0xec][0xcc][0x82][0xc4]b[0x85][0xc4][0xbc]t,'[0x93][0xe7][0xa6][0xe6][0xa5][0xa7][0xe6][0x94]&[0x16]e'[0xe6]A[0x94]([0x14]'[0xe6][0xa5]'[0x96](d[0xa7][0xe6]%'[0x82]wMA[0x8f][[0xc1][0xa8][0x1f]<[0x94][0x90][0x8e][0xdf] s[0x1f][0xae][0x19][0xd2][0xfa] [0xf8]q[\r]NE[0xf9]yU[0xa9]8[0x86][0x3]![0xe7][0x10][0x16][0xa5][0x16][0xa4][0xe6][0xe4][0xa4][0xe6][0xa5][0x94][0x16]+$&[0x83][0x8e][0x18][0x1][0x1d],RXJ[0xd6][0x90][0xbc][0x19][0xd2][0xd2]![0xdf][0xd4][0x94][0xcc][0xfc][0xe4][0xa2]T[0xd0][0x88]$[0xe8]0D[0x1c][0x87]h8[0x82][0xed][0xcc]+[0xc9][0x4][0x1d][0x14]R[0xa2][0x90][0xf]>S#Q[0xa1],5'[0xb3]D!/?)[0xb3][0x98][0xac][0x16]#[0xd2]1SC.&[0x91][0xd6]*[\r]=[0xb7]#[0xe6]V[0x87][0x9e][0xdb][0x11][0xcb].[0x86][0x9e][0xdb][0x11]%9[0xf9]u[0x6][0x0][0x0][0x0][0xff][0xff]"
05:47:24.351 [main] DEBUG org.apache.http.wire -  << "[\r][\n]"
05:47:24.352 [main] DEBUG org.apache.http.wire -  << "D1D[\r][\n]"
05:47:24.352 [main] DEBUG org.apache.http.wire -  << ""[0xe6][0xf0]Q3[0xa4]e][0x9e]y[0xc9]E[0xa9])[0x99]I9[0xa9][\n]"
05:47:24.352 [main] DEBUG org.apache.http.wire -  << "[0xb0][0x92]&'?[0x19]s[0xef][0xab]k"[0xfc][0x98][0x15][0x85][0xd4][0xbc]LHg[0xb0][0x18][0x94][0xbf]S[0x8b][0x93]3K[0xf3]J[0x14]RJ[0x93][0xc1][0x7][0x1a]A[0xce][0x10][0xca]%+[0xcb][0xd3]mi[0x97][0x19][0xd2][0x82]+Z[0x7]6[0xdd][0x1a][0xd4]Hk[0x82]h[0xec]'[0x13][0xba]5sM[0x10][0xcd]\[0x9a]dh[0x9c][0x8d][0x1e]*T[0xe7]&[0x94][0xf]y[0x10][0x9b][0xa3]M[0xe8]6[0xbc][0x84][0xb4][0xf2][0x87][0xc6][0x89][0xcc][0x14]Q[0xf][0xd1][0xda]&[0xba][0x95][0xbc]H[0xeb]Vh[0xed]'[0xca][0x13][0x1f][0x91][0xb5][0x9][0xdd][0xd6]p[0x98][0xd1]me[0x85][0x19][0xdd]N[0x8f]1[0xa3][0xdb][0x99].f[0xa0][[0x2][0xe8][0xb2][0xb2][0xc2][0xc]iM[0x3][0x8d]S9[0xdd][0x96][0x15][0x98]!-+[0xf0](P[0x8][0xcb],[0xcb]W[0x88]42[0xc2][0xe8][0x9][0xe7][0xa6][0xe6]f[0xe6]dfg*[0x14][0x17][0xa4][0x16]g[0xa6]ef[0x83][0xce][0x14][0xa9]L[0xcc]KWH,[0x0][0x9f]4[\n]"
05:47:24.352 [main] DEBUG org.apache.http.wire -  << "[0xed]T[0x1a][0x83][0xee][0x85]A9-[0x1e][0xbd]&B[0x9a][0xcf]63'[0xa5][0xfb][0x8c][0xe5][0xfc]o<9[0x99]z[0xfd]W[0x13][0x13][0xa4][0xfb][0x15][0xa0][0xf1]n[0x8c][0x11]@[0xf8]N[0xbc]"[0xf6]t'[0x13][0x13]KR[0x2][0x84][0x82]S[0xe6]LL[0x90][0xa6][0x88]h4[0x8a][0x8c][0xb4][0x5]4$1[0xa3]T![0xa9]4[0x7][0xcb][0x19][0x88][0xf8][0xc2][0x8d][0xb8]U[0x93]&[0xa6]H[0x3]9d[0xda]Dt[0xc][0x99]"[0x8d][0xf3][0xd3][0xde].D#[0x11][0x9a][0xee]h[0xb3][0xb6][0xcf][0xc4][0x94]^[0xfb][0x14]M[0xe8]6=mbJ[0xaf][0xe9]i[0x13]S[0xcc][0xf2][0x81]V[0xf1]D[0xb7][0xf2][0xc1][0x94]n[0x93][0xd5]fH[0xcb][0xcd][0x2] W[0xa2])8[0x96][0xe6]d&*`[0x16][0xb2][0x99]y[0x99][0xa0][0xa5][0x89][0xa0]k[0xd3][0x14][0x12][0xe1]j[0xa0]U[0xf]q[0xa5][0x85][0xb1][0x99]9[0x9d]r[0x95][0xb1][0x99]9[0xa2][0xf7][0x82]}[0x8]`g[0x18][0x90]V[0xaa]aw[0x1e][0xae][0x19][0x6][0xf4][0x1d][0x1c][0xd4][0xab]k[0x8d][0xcd][0x90][0x96][0xb8]aw[0xd4][0x0][0x87][0x19][0xa2]K[0x85][0xdd]y[0xb8][0xc2][0xc]}i[0x15]U[0xc3][0xc][0xd1]j[0x0][0xe7][0xa0]l[0x5][0xf7][0xcc][0xd4][0x1c][0x8c]&J[0x8][0xe8]@[0xee][0xbc]t[0xd0]e[0x82][0xd9]E[0x99][0x5][0xc5][0x99][0x8][0xb7][0x12][0xbf][0xcf][0xce][0xcc][0x2]1F[0x82]d[0x99]Bv[0xaa].f[0xab][0x91]J6"2,[0x9a][0x8d][0x98]%[0x4][0x95]lDt2[0xe9]s+[0x94][0x19][0xd2]ea`?&[0x97][0xd0][0xb6][0x10]DZD@'[0x1f][0xd2][0xab]:66[0xa3]W%il[0x86][0xd4][0x88][0xa6]i[0x3][0xcd][0xd8][0xcc][0x12]Q[0x95][0xd0][0xd6]&sP[0xe7][0x8d].[0xdd]is[0xa4]+ei[0xed]'D[0x9]Bk[0x9b][0xe8][0x16]OH[0xdd]+[0x1a][0xfb][0xc9][0x10]1[0xf9][0xe4][0x19][0xe0][0xe1][0xef][0xe7][0xaa]`h[0xaa][0x10][0x10][0xe4][0x8f]Q[0xc1]x[0xb8][0xfa][0xb9][0x7][0xf8][0xfb]![0xaa][0x15][0x13][0xd0][0xa8]*1S7[0xe6]Hk[0xba]h[0xed][0x1b]D[0xfd]E;[0xdf][0xd0]-[0xbd]!-b[0xa1]q[0xb8]![0xad]G[0xa1][0xb5]M[0x88][0xf4]Fk[0x9b][0x10][\r]'Z[0xdb][0x84][0xd4][0xa2]H[0xcc]+[0x81][0xec][0xc6][0xf2]M,[0x2]MP[0xfa]$[0xe6]b^[0x99][0xe3]Z[0xa2][0x90][0x91][0x99][0xc]Z[0xa1][0x9a][0x8f]4[0xe5][0x8][0x1a])&*?![0xad]vHJ,NM)J[0xcb][0xac][0xc0][0xc8][0xaf]`[0x99][0xd4][0xb4][0xc4][0xd2][0x9c][0x92][0x14][0xd0][0xae]0hG[0xca][0xcc][0x12]4[0xd0]I[0x9c]5[0xf4][0x9a][0x4]4G[0xba]%[0x8a]6[0xe3][0x94][0xe8][\r]t[0xa4]qJs[0xa4][0xfb][0xa2]h[0x9c]N[0xe8]v4[0x87]9[0xdd]f[0x8a][0xcd][0xa9]{2[0x7][0xbe]xB[0x9a][0xdc][0xa4]q<[0x99][0xd0][0xad][0xe4][0xa0][0xc2]l+[0x9e]ar[0xe4]Tn[0x82][0xc8][0xcc]4[0xab][0x19]A[\r][0x2]h[0xeb][0x92][0xfe][0xd9][0x18]i[0xe6]u[0x0],[0xa7][[0xad][0x86]t[0x81][0xc][0x8d]s[0x1][0xd2]%.[0x3][0x10][0xa0][0x88]*u[0x0],G[0xb4][0xf3][0x7][0xc0]rDF[0xa5][0xbf][0xe5]H[0x7][0xe][0xc][0x80][0xe5][0x88][0xb5][0x13][0x3]`9"[0x7][0xd3]c[0x8c][0xc6][0x9c]n[0x93][0xf5][0xe6]t;[0x6][0xc1][0x1c]i[0xb2][0x1e][0xfb][0xf8][0xe9][0x80][0xe][0xef][0x9a][0x83][0x1a][0xbe][0xd0][0xea][0x9][0xbb][0xf3][0x90][0xfa][0xb6][0x96][0xf8][0x16]1Qqx[0xd7][0x9c]n[0xa7][0x19][0x98]#-;[0xc0][0xee][0xfd][0x81][0x8d][0x1d][0xa4][0xb5][\n]"
05:47:24.353 [main] DEBUG org.apache.http.wire -  << "[0xd8][0x9d]7 [0xb1][0x83]h[0x9][0xe]"G![0x6] [0xb0];j[0x80]#[0x12]Q{bw[0xde][0x80]D$[0xa2]V[0x1d]<[0x8e][0x1a][0xdc][0xd3]a[0xe6](7[0x99][0xf8]G[0xe0][0xbb][0xc8][0x84]n[0x9b][0x94][0xcc][0x91][0xae]2q)[0xcd].[0xcd][0xc3][0x18][0xf7]@[0xa4].3[0xa2][0xcf][0xde]0G:i[0x1]{[0xf2][0x18][0xd8],[0x85]r?[0xca][0xa0][0x89][0x9]BYj`[0xc3][0xc][0xe9][0xa8][0x4][0xec]Q[0x8a]H([0xf4]K[0xbd]H[0x8b]I[0xb0];j[0x80][0xc3][0xc]1|[0x8e][0xdd]y[0x3][0x12]f[0x83][0xbb][0xba]C[0x9a][0xbc][0x1b]Da6[0xa8][0xf3][0xa6][0x5][0xd2]q[0xf][0x83]&[0xcc],[0x90][0xb6]v[0xd3]d[0xd7][0x6][0xfa][0xd8]&[0x15]{[0x11][0x16]H[0xb3][0xad]C[0xcf][0xed][0x84][0xda][0xd8][0x3]Z&Z [0xdd][0xfa]2[0x88][0xd2]*bx[0x8c][0xb6][0xa3][0x80][0x16]H[0x7][0x93][0xd0]}P[0xc6][0x2]i[0x1a][0x1c]{[0xd8][0xf]l[0xd2]@[0x9a];[0xc7][0xee][0xbc][0x1][0xa8].-[0x90]&[0xdb][0x87]\Q[0x80][0xb4][0xfe][0x1a]{[0x80][0xe]p|[0x13]j[0x89][0xc]H|[0xd3][0xad](@Z[0x8e]0[0xf4]R[0x16][0xa2]A[0x4].0[0x1d][0x8b]2[0xd3][0x13][0xf3]K@'5[0xa2][0x1e][0x97][0x8a]o[0xcb][0x2][0xb1][0x1b][0x9][0x8c]-[0x90][0xd6]S[0xc][0xb9][0xa0]B:[0x6][0x84]>[0xab][0x7]-[0x90][0x8e][0x3][0x1]GN@0m[0x96][0xd8][0x1b][ [0x1d][0xe9]A/[0xbf]![0xca][0xc]Z[0xfb][0x8d]n[0x5][0x1][0xd2]![0x17]4[0xf6][0x13][0xd2][0x91][0x14][0xb4][0xb6][0x9]1[0xf9]4[0xe4]r[0xac]1Z[0xe1]F[0xbb][0xfc][0x83][0xb4][0xb3][0x1d]g| *A[0xe2][0xcb]K[0xa4]u[0x10][\n]"
05:47:24.353 [main] DEBUG org.apache.http.wire -  << "[0x18]#z[0xd4])[0x92][0x91][0x16]@[0xe0]t:ulBZ[0x6]1[0xe4][0x92][0x12][0xd2]*[\n]"
05:47:24.353 [main] DEBUG org.apache.http.wire -  << "Z[0x87][0x12]b[0xc2][0x95][0xd6]6![0xb6]u[0xd0][0xda]&DW[0x96][0xd6]6!F[0xea]hm[0x13][0xdd]*0[0xa4]+#h[0xed]'D[0x81]9[0xe4]r([0xd2][0x12][0x8d][0xa1][0xe7][0xf6]!\[0xc9]"[0xdd][1[0xf4][0xc2][0x1d]Q[0x2][0xe]=[0xb7]#[0xca][0x9f][0xcc][0xbc][0x94][0xfc][0xdc][0xcc]T[0x8c][0x6]Bbv[0xa9]Bqiv[0xa2][0x2]B[0x1]t[0xb5][0xb3][0x11][0xd1]S[0x80][0x16]H[0x8b]W[0xa0][0xa5][0xf][0xe6][0x84]'[0xbe][0xf6][0x1][0xdd]&[0x91],[0xcc][0x10][0x13][0xec]8][0x8a]h[0x84][0xe1][0xdb]9K[0xcd]!hs[0xf4][0xfa][0xbc][0xd8][0xb4][0x18]#[0xa6][0xe0][0x1][0x88]~[0xde][0x83][0x99][0x99][0x19]q[0xb]Y-[0x90][0xa6]j[0x11][0xd1][0x8d][0xda][0x87][0xa7]Jz@:[0x12][0x9f][0xb6][0xf6] b[0x93][0xb6][0xf6] [0xea]<[0x9a][0xda][0x83]4[0xef]J[{[0x10][0xe9][0x8d][0xb6][0xf6] u[0xab]+[0xf3]R[0x8b][0xd2]3[0xc1][0x97][0xed]@[0xae][0x9b][0xc2]~[0xe1][0x8d]gQ>h][0x2][0xac][0xc][0xb2][0x4][0xed][0xaa]%f[0xc7][0x85]%[0xd2][0xf6]<[0xc4]1[0xe8] [0xd3][0x14][0x9c][0xf2]KJr0K>[0xe7]|[0xd0]Qx% [0x9][0xa8]m[0xe6][0xe6][0xa0][0x8c]H[0x9c]m[0x88][0xda]88'55[[0xc1][0xbd](1/[0xb3]$U!<1''[0xb5][0x4]#[0xf3][0xc2][0xce]cG[0x94]-&[0x6][0xa0]m[0xe6][0xc4]Y[0x86][0x8][0xc6]!V[0x5][0x99][0x98][0xd2][0xeb](f[0x13]S[0x3]Da@[0xf3][0x3]H[0x90]fv[0xf0][0xd8][0x85][0x88]lb{[0xf3]&[0xa6]H[0xf3]"xL[0x86][0xd7][0x5][0x94][0x1c]ucj[0x88]([0xd6][0xa0][0x95]!m[0xc6][0xe]ML[0x91][0xc6]E[0xb1]ON [0x82][0x8a]^m[0x1][0x13]Sz[\r][0x9d][0x9a][0x98][0xd2][0xeb]ns[0x13]S[0xa4][0x13][0x85]i[0x1a][0xa5][0xc6][0x16]H[0xfb][0xce]hm[0x13][0xdd]F[0x6][0x90]6d9[0xa6][0x16][0xe5][0xa7]T[0xe6]%[0x82].[0xd3][0x80]][0x12][0x17][0x2][0xba][0xad][\r][0xa3]hw[0xad](HM[0xc9],IT(-[0x1][0x1d][0x81][0xac][0x90][0x9c]_T[0x90]_D[0xde][0x19][0xc8][0x16]HW([0x7]#[0xd5][0x98]>[0x99]y[0xa9]y[\n]"
05:47:24.353 [main] DEBUG org.apache.http.wire -  << "N[0x89][0xe9][0x98][0xb6][0x17][0x97]([0xa4][0x16][0x15][0xe5][0x17])[0xe4]efd[0xe6][0x80]\[0x90]Y[0xa2]P[0x9c][0x99]W[0xa2]P[0x94]ZT[0x9a][0xab]P[0x9a][0x93][0x93]H[0xd6][0xe1][0xac][0x16]t[0xdb]4fa[0x82]h[0x8f][0xd0]8-[0xd1][0xed][0xc8]T[0xb][0xba]m[0x84][0xb3][0xa0][0xdb][0xe1][0xac][0x16]H[0xd7][0x87][0xe][0xb1][0x86][0x88][0xb1][0x5][0xd2][0xe][0x6]h[0x1a][0x1b][0xac]}T[0xcc]m[\r][0x98].E[0xd4][0x97]t[0xeb][0xa3]"[0xb5]x[0xf3][0xf3]*[0x15]h7Q[0x82]y[0xf8]![0xa6][0xff][0xf1]5[0x80][0xe8][0xd5][0x82]0[0xb6]@:[0xa1][0xb]g[0x9a][0x1a][0x80][0x98]B[0x8c][0xfa][0xe0]t[0xd5] [0x9]?D[0xc7][0x6][0xa7]K[0x7] [0xfc][0x10][0x1d][0x9][0xec][0x8d][0xd5][0x81]]I[0x3][0xea]6[0xe][0xb6][0xad]X[0x16]H[0xdb]1h:[0xa2][0x80]y[0xfd][0xe6]`-[0x1b][0x90]v[0x80][0xc][0xa2][0xb4]m[0x81][0xd1][0x96][0x1e][0xb4][0xe1][0x87]1K[0x87][0xe9]R[0xfa][0x97][\r]HGh[0xd1]4[0x9d]#[0x1f][0xa0][0x5][0x1e]_[0x82][\r] )[0x84]'[0x96]$g`t[0x3]|R[0x13]K2R[0x91][0xce]*[0xb1]0[0x2][0xed]A'fx[0xc9][0x2]i[0x15]>d,+<??[0x87][0xf8][0x81],##P[0x89]D[0x9c]MH[0x3][0xe]H[0xbd][0x9b][0xe0][0xcc][0x9c]l[0x5]g[0xac][0xd7]P@[0xee][0xa8]@[0xc4][0xb3][0x91][0x11]h[0xc][0x9b][0x18][0xcb],[0x91][0xd6][0xa4][0xbb][0xc1]O[0x96][0x81][0x98][0xa7][0xe0][0x9c][0x8f][0xe5][0xc4][0xdd][0xe0][0xfc][0x9c][0xd2][0x92]D[0x85][0xd4][0x12][0x85][0xe4][0xd2][0x82]LP[0x97][0xae]$[0x15][0xe9][0x88][0x19][0xfc][0xd7][0x2]![0x9d][0x17]a[0x89]<[0xe6][0x85][0xe4]M[0xe7][0xfc][0x82][0x82][0xd4]"[0x5][0xef][0xbc][0xcc]4[0xd0][0xa0]#[0xea][0xb8];[0xc4]a[0x8][0x8f]ZX[0x82]:[0xd8][0xc4]y[0x14][0x91]S[0x86]Z[0xab][0xdc][0x12]i[0x85]8$[0xed]A[0x8f][0xfe][0x9]H[0xcc]+[0xc1][0x9c][0x2][0x9]*MJBN[0xe4][0xa6]f[0xa0][0x8b][0xb2][0x89][0xb]$D[0xa5][0xe][0xb1][0x8][0x9e][0xa1][0xb0][[0x5][0xed][0xf3]#"[0xc4][0xd2][0xc2][0xd4][0x88][0xb8]i[0x16]K[0xa4][0xd1]A[0xe4]a[0x4][0xb8][0x8d][0xde][0xa9][0x95]I[0xf9][0x89]E)[0x84]s[0xb1][0x19][0xf8][0xfc]/[0xa2]<[0x88][0xb4][0xde]{[0xc8][0xa5][0x2][0xa4]s[0xaa][0x83]s[0x13]sr[0x90][0xae]/[0xc5]Z*`[0x89][0x1c]PB".[0x9c][0x10]c[\r][0x9e]y%[0xa9]99[0x99][0xe9][0xa9]y%[\n]"
05:47:24.353 [main] DEBUG org.apache.http.wire -  << "[0x90][0x11][0x16][0xec]i[0x1]<_[0x81]H[0x9][0xe6][0x16][0x86][0xa6]D[0xa6][0x4][0xa4][0x5][0xe5][0x1e][0xa9][0x89]e[0x95][\n]"
05:47:24.353 [main] DEBUG org.apache.http.wire -  << ".[0xa5]%[0x95][0x8][0xdf][0xe1]L[0x8][0xa0]y[0xb]d[0xb]AC1[0xc4][0xf9][0xe]Q[0xbf][0xc3]/[0xf3]r[0xce]/)[0xc9][0xcf][0xc3]U[0xa0]C2[0x1c][0xc2]2[0x13]K[0xd0]@:q[0x96]![\n]"
05:47:24.353 [main] DEBUG org.apache.http.wire -  << "[0x1e][0xe4][0xc1]*[0x90][0xe3][0x15][0x9c]R[0xf3][0xb0]TS[0x98][0xa5][0x1c][0xe8][0xa2]K[0xe2],C[0xf4]j[0x2][0x8a][0x12][0x93]K2[0x93][0x13]s`W[0x18]y`)[0xcd][0xa1][0x13]2[0x8][0x8f][0x99][0x1a][0x83]V[0x16][0x13]g[0x17]R[0xbf][0x4][0x9c][0x1e][0x3][0x12]A%7[0xf6][0xaa][0x17]=[0x0][0x8d][0x8c]A+e[0x89][0xb3][0x7]Q([0x5][0x95][0x82][0xa7][0xc6][0xa0]u[0x4][0xd6][0xfa][0x9]"[0x87][0xf0][0x90][0xa5])[0xf1][0x16]!*^[0xe4][0x12][0x9]R[0x9e]*`[0xb]>[0x88][0x14][0xc2]2#[0x13][0xd0][0xa1][0xcd]D[0xf9][\n]"
05:47:24.353 [main] DEBUG org.apache.http.wire -  << "[0x14][0xcc][0xd0][0xe][\n]"
05:47:24.353 [main] DEBUG org.apache.http.wire -  << "[0xd2]mS[0x90][0xc][0x86][0xbd][0x96]G[0xf]B3cP[0xc6]![0xce]2Dv[0xf6][0xc9]L[0xcf]()O[0x5][0x91][\n]"
05:47:24.353 [main] DEBUG org.apache.http.wire -  << "[0x10][0x13][0xb1][0xfa],<??%[0x15]i[0x8e][0xd1][0xd4][0x12][0xb4]R[0x96]8[0xcb][0x10][0xb9]k[0xc8][0x95][0xb1][0xc8]s[0x10][0xe0]4[\r][0x9b][0xff]T[0xc0]^[0xe8]a[0x94][0xb1]f[0x16][0xa6][0xc6]D[0x16]{Hw2[0xc2]K!H[0x16][0xc2][0x96][0xd4]0[0xda][0xae]F[0xe0]C[0xd6][0x89][0x8b][0x11]DNu[0xcd][0xcb]/[0xca][0xcd]/-F[0x14][0xaf][0xd8]=[0x86][0x9e][0x8d][0x8c],@g[0xfe][0x12]g[0x1b]"[0xbf]"g#[0xdc]^[0x3][0xb5]l[0x11]y[0x88][0xf8][0xf3][0x3]-[0x91][0x96][0x89];[0x96][0xa7][0x16][0xe7][0xe7][0xa6]*@[0x8b][0xf1][0xe0][0x8c][0xcc]"[0xcc][0xf9]e[0xb4]*[0xca][0xc2][0x92][0xd8][0x3][0x11][0xc1][0x89][0x1f][0x9a][[0x11][0xf3][0xe6][0xf0][0xb4][0x81][0xa3] [0x2]U([0x8]YX[0x80][0x16]|[0x10][0x15][0x82][0xc6][0x88]QD[0x84]m[0xd0][0xa2]Z! '[0x11]<[0x1d][0x8f][0xda]2[0x6]U'[0x8][0xbb][0x8c][0x8d]A[0xfb][0xc0][0x89][0xb3][0xb]Q4@KWH[0xd6][0xc7]a[0xf]F[0x82]77[0x4][0x8d]6[0x10]g[0x15]b[0x91][0x18]<[0x19]B[0x93][0xb5][0x2][0xd6]S,[0xa1]^F[0xf8][0xcb][0xc2][0x90][0xe8][0xa6],[0xd2][0xa5]y.[0xa5]E[0xa0]9)D[0x92][0xc7]^[0xed][0x82]:t[0x8][0xab][0xcc][0x88]_y[0x80]t[0x16][0xe2][0x90]+[0xf0][0x90]&[0xf3][0x90]k[0x6]x[0xd2][0xc6]q[0xb9])jr35[0x1][0xcd]M[0x11][0x97][0x6][0x10]u,[0xb2]}[0xf0]V?[0xb6][0xa2][0xf]5bL[\r]A[0xa7][0x9d][0x13]e[0x19][0xd2]<![0xb2]e[0xd0][0x4][0x8e]}i[\r]z[0x95]nb[0x8]:[0x1b][0x83]8[0xeb][0x10][0xd9][0x16][0xa9]J[0x7][0x17]:8n[0xaa][0x5][0xcb]![0xd2][0x9c][0x91]1[0xe8][0xa8]P[0xe2][0xec]Bd[$[0xbb][0xa0][0x15]:[0xf6][0xf6][0x3],N[0x11][0xf6][0x19][0x83][0xf][0x9]#[0xce]>[0xa4][0xbc][[0x94][0x9e][0x9f][0x97][0xf][0x9a][0xf2][0x85][0x17][0xb6][0xf9][0xa9][0x98][0xdd]P[0xd4]R[0xdd][0xdc][0x10]t%[0x8]qV![0xda][0xf][0xc8][\r]fh[0xac][0xe1]H ([0x8d][0x15]3K[0xa2][0xd3]#[0xd2][0xb4] [0xfc]raHM[0x85][0xbd][0x1d][0x8b][0x1e]c&[0xa0][0x11]L[0xe2][0xbc][0x85]h[0x9a]C[0xba]o[0xd0][0xd2][\r]GA[0xb][0x95]ED[0x96][0xa5])[0xe8]D7[0xe2][0xac]B[0xd4][0xf7][0x18][0x83]:[0xd8][0xc2][0xf][0xdc][0xea]D[0xd8]df@[0xf4][0xa8][\n]"
05:47:24.353 [main] DEBUG org.apache.http.wire -  << "[0xf2][0x9e][0x17][0xf0][0x8][0x1c][0xa4][0xdd]@[0xac][0x9f][0x8c]MA'[\r][0x13][0xe5]'[0xa4]}#C[0xae][0x90][0x5][0x8d][0x89]@[[0xf][0xd0]Qn[0xda],!2[0xb6][0x4]5>[0xa1]6![0x97]x[0xd0]Z[[0x1]Gi[0xe][0x89]4D[0x2]05[0x1][\r][0xce][0x11][0x17]-[0x88][0xcc][0x8a][0xe8]p[0xc2]*u[0xec][0xe5][0x10]F[0xca]61[0x5]m9 [0xce]:Dg[0x1a]i[0xa8][0x0]T[0x1b][0xe1][0x18]1[0x84][0xfa][0x1c][0xe1]7#Cb[0x17][0x2][[0x82][0xc6][0x86][0xb1][0x4]&[0xb8][0x8][0xc0][0xd1][0x1f]@-[0xf4][0x8c][0xcc][0x88]n[0x86]!mM[0x81]6[0xc3][0xe0]Ubp[0x6][0xd6][0xe2][0xb5]$[0x15]|I[0xb]tU[0xa6][0xa5])hh[0x8b][0xb8]0D[0xb4][0xcf][0xa1]VA[0xe2][0x1f][0xc7][0xe0]2[0xd8][0xbb][0x88][0xf0]31[0x4][0xcd]b[0x11]g[0x11][0xf6][0xba][0x1e][0x1c][[0xd8]+_p[0xc9][0x8b]d[0x17][0xf1][0xcd]XP[\n]"
05:47:24.353 [main] DEBUG org.apache.http.wire -  << "[0x82][0xc6][0x15][0xbc]3[0x5][0xf5][0x16][0xf6][0xe][0xe]F[0xc2][0xb0]0[0x2][0xdd]1B[0x94][0xc7]@[0xdd][0x6][0xa8]e[0xc8][0xa3]c[0xa0]v[\n]"
05:47:24.353 [main] DEBUG org.apache.http.wire -  << "[0x8e]d[0x88]V[0xc2]Z[0x1a][0x82]:[0x9a][0xc4][0xd9][0x85][0xa8][0xe8]Qr4t[0xac][0x5][0xeb]:Z[0xb4](37'[0xde]g[0x88][0xec][0x8c][0x94][0xbf][0xa0][0xcd][\n]"
05:47:24.353 [main] DEBUG org.apache.http.wire -  << "[0xec][0xcd]f4[0xaf][0x91][0xd0]<[0x3]eDh0[0xe][0xb9]"[0x1d]s3[0x7][0xad][0x8a]t[0xcc][0xcd][0x18]4[0xb3][0x9][0x91]_i\M!-[0xde][0xa1][0xe5][0x4][0xa1]%h[0xa5]:4[0x85][0xd1][0xd6][0x1e]D[0xb6][0xa1][0xad]=[0x88][0x18][0xa2][0xa9]=[0xa0]"[0x9e][0x1e][0xe1][0x6][0x9a][0xa6][0x84][0xda][0x13][0x10][0xac][0x80][0x99][0xae][0xd3][0x13]sS[0x15]L[0x15][0x8a]K[0x12][0x91]&m[0xf1][0xaf]\B[0x9e]b[0x4][0xf5][0xdc][0xc0][0xc6][0x3][0x0][0x0][0x0][0xff][0xff]"
05:47:24.353 [main] DEBUG org.apache.http.wire -  << "[\r][\n]"
05:47:24.354 [main] DEBUG org.apache.http.wire -  << "715[\r][\n]"
05:47:24.354 [main] DEBUG org.apache.http.wire -  << "[0xb2]R[0xa2]q[0x82][0x6]uI[0xe9]c[0x13]h[0x18][0x8e]N6![0xba][0xb3]4[0xe]=P[0xf5]D'?![0xba][0xb1]4[0xf5][0x93][0x89][0x1][0xf2]l[0x1d]-W[0x2][0x9a][0x18] m[0x86][0xa0][0xb5][0x9f][0xe8][0x17]z[0x88][0x2][0x95][0xd6]~B[0xf4](hm[0x13][0xd2][0x0][0x0][0x8d]S[0x4][0xa2][0xff][0x9f][0x19][0x90][0x91][0x9f][0x97]j[0x88]y[0xd5]!xdj[\n]"
05:47:24.354 [main] DEBUG org.apache.http.wire -  << "[0xec]BT[0xa4]F7[0xde][0x93][0xc9][0x11][0xc5][0xab][0x89][0x1][0xd2]qM[0xb4][0xe]:D[0xbd]Gc[0x9b][0x90][0xa6][0xe5]hm[0x13][0x9d][0x8a]W[0x13][0x3]#D[0x17][0x82][0xd6]~[0xa2][[0x1]A[0xd6][0x16][0x1e]D"'z[0xab][0x99][0x1]h[0x80][0x8a][0x1e]u[0x93][0x89][0x1][0xd2]hunfN6[0xc6][0xba][0x17][0x84][0xeb][0xf1][0xad]fG[0xce][0xa0][0xa0][0x5][0x11]P[0xb7]S[0xcb]DD[0x4][0xd3][0xe5]x+[0x13][0x3][0xa4][0x3][0x81]<[0xb]@e[0x99][0x82][0xa1][0xa1][0x82][0x99][0x89]Bz[0x12]F[0x0][0xe1][[0xae]M|[0x84]#[0xdd][0x83]}a3"[0x1e][0xf0][0xb7]D[0xa9][0xb7][0xf7][0xdd][0xc4][0x0]i([0x8a]v[0xa1]@E[0x7][0x83][0xc7]u[0xa1]I/8[0xbb]*?_!<?'-9#[0x11][0xb4][0xa4][0x0]u[0xe6]2[0xb8][0xa4]([0xb1]2;3[0x5]4[0x83][0x0][0x1d][0xcc]24[0x3]-[0xe]#bx[0xc4][0xc4][0x14]i[0xaa]481[0xb7][0xb8]4/]![0xd8][0xc8]X!4[0xa7][0xa4]([0x11]#[0x81][0xb8]'[0xe6]$VT"[0xe2][0x8f][0xc8]|d[\n]"
05:47:24.355 [main] DEBUG org.apache.http.wire -  << "[0x1a][0xe][0x87]zf[0xd0]$[0x9]S[0xd0]T[0x11][0xd4]Q[0x84]}[0x8e][0xf0]3)a[0x8b][0xd4][0x8]#[0x18][0xb6][0x19][0x99][0x95][0x89][0xa0][0x10][0x87]F![0xd1]A[0x8b]h[0x14][\r][0x9e][0xa0]E[0xda][0xff]6[0x88][0x1c][0x85][0x14][0x1b]4m>[0x9a]"[0xcd][0x89][\r]"[0xef][0xf][0xc6][0x84][0x82]t[0x10][0xdb][0xe0][0x9])[0xa4][0x99][0xb2]A[0xe4]([0xa4]n[0x16]x[0xa2][0x10]:[0xfe][0x8e]u[0xf1][0x99]kEjQrfIbIf~^j[0xae]Bnbz^[0xa6]B~Jf[0x89]BJ~N~[0x11][0x19][0xcb][0xcd]ML[0x91]j[0xd0][0xc1][0x13]*HG>[0xd1][0xb4]enli[0x8e][0xc8]>4[0x1d]9[0x4][0xad][0x84][0xd6]JCnL[0x1f]4[0x95][0xf]u;MF#[0x11][0x5]8M[0x8c]G[0xe4]0[0x9a][0x18][0x8f][0x18]S[0xa0][0x85][0xf1]H[[0x86]h[0x9c][0x13]@[0xeb]P[0xa0][0xb1]Lk[0x9b][0x10]y[0x8e][0xd6]6!"[0x87][0xd6]6!&[0x8f]im[0x13][0xdd][0xc6]|[0x90][0xe]E[0xa2][0xa9][0x9f]L[0xc][0x90][0xae]%[0xa1][0xb5]Mt[0x1b][0xf3]A[0xba][0x19][0x84][0xd6]~B[0x14][0xa0][0xb4][0xb6][0x9]Q[0x96][0xd2][0xda]&D[0x19]1[0xc4][0xea]K[0x13][0x3][0x3]D[0xa9][0x83][0xbd]I5[0x90][[0xc0]M[0xc]@c[0x8][0xd0][0x82][0x1e][0xbb][0xf3][0x10][0x9d]b[0xfa][\r][0xe4][0x80]V[0xe9]@[0x1d]5[0xe4][0xe2][0x1b][0xb4][0x91][0x6][0xea]v[0xe2]s[0x5]"[0x90][0x89][0x1f][0x82][0x3]-[0x8e][0xa1][0x8f]EC8[0xf7]!m~[0x18]r)[0x9][0xb4][0x97][0x88].[0x11][0x8c]<<H[0xf4][0xa0][0x9]9I[0x16]i[0x88][0x90]JC[0xed]H[0xe3]{[0xd4]2[0x11]QR[0xcb]Dr[0xea]I[0xb2][0x82][0x17][0x91]Qi[[0xf4][0xc][0xdd][0xbd][0x1c]&[0x6]H{9[0xe8]59[0x83]heRoZ[0xc2]TG[0xc9]9[0xb1]$5=[0xbf](3[0xb5]X[0xc9]*[0x1a]eF[0xb][0x91][0xe0][0x2][0x82]M0[0x6][0xf8][0xb][0x8a]M[0x14][0x92][0x12][0x8b]@[0x97][0xee]@[0xc7][0xa1][0x8d][0x89]=[0x9f][0xd9][0xc4][0x0][0xe9][0x8a][0x8][0xda][0xa6]1[0x13]D[0x1f][0x8a][0xfa]]i[0x13][0x3][0xe4]5[0xf9]D[0x97]yH[0xb3]/[0xc4][0xd7][0xd3]H[0xc3][0x9f][0xc4][0x87][0x18]y6Q8YN[0xe4]t[0x84][0x1][0xd2]J}[0xd8][0xae]1[0xc8]nl[0x1c][0xeb]z[0x3]K3[0x13][0x15]R[0xf3][0x8b][0x15][0x8a] [0x83][0x95][\n]"
05:47:24.355 [main] DEBUG org.apache.http.wire -  << "y[0xa9][0xc9][0xa9][0xc5][0xc5][0xe0][0xb1][0xcb][0xa4][0xd2]b[0x85][0xb4][0xd2][0xf4][0xcc][0xc4][0x12][0x85][0xc4][0xbc][0xcc][0xdc]L[0xa4]aK#P[0x97][0x93][0x98][0xf9]-[0x3][0xa4][0x5][0xfd]d[0x5]1[0xd1][0x1e]G[0xb4][0xe5][0xc9][0xb2][0x87][0x84]D[0x83]H[0xfd]H;[0x97]`[0xc3][0xc1]8v([0xb8]V([0x14][0x96]&[0xa6][0x16]%[0x82]N[0x8f],[0x2][0x7]o1Rx[0x12]{[0xea][0x88][0x89][0x81])[0xdd]F[0x15][0x90]V[0xa4][0xc3]w[0x16][0x81][0x17]f+8[0xe7][0xe7][0x16][0x94][0x96][0x80][0x8f][0xe8]@[0x9d][\n]"
05:47:24.355 [main] DEBUG org.apache.http.wire -  << "u,.H-[0xca][0xcc]/J-[0x86][0x9c]M[0x99][0x9f][0x9c][0x9c][0x98][0x9a][0x9c]X[0x92][0xa9]PXJ^[0xf2]A^[0xa9]N[0xb3][0xd9]s*[0xce][0x1b][0x1b][0x80][0xf6]8A[[0x86][0xb4]\[0xba]d[0x86]h[\n]"
05:47:24.355 [main] DEBUG org.apache.http.wire -  << "[0xd1][0xd4][0x1a]DuESk[0x90]ZGHG[0xe9][0x80]7Z[0xe0][0xc8]P[0x8e][0xa5][0xd0][0xc9][0x94][0xd4]\[0x85][0xa2][0xd4][0x82][0xd4][0x9c][0x9c][0xd4][0xbc][0x94]R[0xe4]<E|[0x19][0x85][0xb4]B[0xdd]3[0xc0][0xc3][0xdf][0xcf]U[0xc1][0xd0]T! [0xc8][0x1f][0xa3]z[0xf6]p[0xf5]s[0xf][0xf0][0xf7]C4[0x0]M@5[0x8]Q[0xe5] [0xd2][0xc1][0x94]4[0xb3][0x3]iU:[0xed][0xec]@Td4[0x9c][0x87]110G,[0xd4][0xa1][0xad]=H)[0x9c]v[0x97]g[0x98][0x18][0x80][0xf6]}[0xc3][0xca][0x5]Z[0xda][0x3]:[0xa5][0xb]j[0xf][0x8d][0xeb]A[0xa4]5[0xf6]4Km[0xa0][0xad][0xf9]P[0xdf][0xd0][0xce][0xe]DJ[0xa3][0x9d][0x1d][0x88][0xe2]z[0xf0][0xc][0xe5]!m^[0xa0]e[0xe1][0xe]:5[0x2][0x1a][0x87][0x83][0xc7][0xef]Hwp[0xe0][0xcc]&[0x88]b[0x9e][0xf8][0xc6]![0xbd]v[0x2][0x98][0x18]X[0xe][0xc6]$[0x85]|[0xa0]![0xd1]]7[0xb2][0xc2][0x19][0xd1][0xdc][0x1f]D[0x89][0x8a][0x9c][0xb6]9[0x19][0xbe][0x7][0xf7][0x16][0x6][[0x96]2D:[0x89][0x11]g[0x96][0xc2]X[0xe1]J[0x96][0xef][0x11][0x5]6[0xf1][0x16][0x91][0xd3]k7[0x4][0xed]"[0x1f]|[0xe1][0x8c][0xd4]X&:[0x8f][0x91][0xe7]}D&[0xa3]U[0xcd]h[0x8]:[0x86][0xe][0x1a][0xc4][0xb4][0x8e]LD[0xee][0xc]([0xca]O)M.Qp,[0xcd][0xc9]LT[0xc0][0xdc][[0x92][0x99][0x97][0x9][0xdb]W[0xa2][0x90][0x8]W[0x3][0x1d][0x91]#rD[0xc2][0x10]i[0xa6][0x8c]>[0xf6]!Z[0xe6]4[0xe]I[0xa4][\r][[0xf4][0xf1][0x19]"[0xc3][0xd3][0xc7]>D[0xd5]J[0x1f][0xfb][0x10]}[0x10][0xfa][0xd8][0x87](A[0x9c][0x8a][0x12][0x93]S[0xb1]]e[0xe5][0x9b][0x98][0x92][0xaa][0x90][0x9f][0xa6][0x90][0x91][0x99][0x9e][0x1][0x1a][0xba][0xca][0xc9],[0xa9]T(HM,[0xca]A.J@[0xbb][0x8d][0x88][0xe9][0xfe][0x1a][0x1a]"[0x8a][0x12][0x97]0[0x17][0x5][0xef][0xcc][0xdc][0xd4][0x92][0xe2]R[0x85][0xbc]|[0x85][0xc8][0xc4][0xcc]$[0xd0][0xba]k[0xd4][0x91]$D[0xbd]`hd[0x80]:[0x4][0x8e]gx[0xdd][0x10]iG[0x17][0xc8][0x1a][0xdf][0xd2][0xf4][0xd4]<[0x85][0x90][0xa2][0xc4]L[0xcc]e[0xfb]xl0[0xc0]=[0x80]o[0x88]t[0x9b][0x12][0x8d]l[0x0][0x85])[0xb4]D[0xa4][0x95][\r][0x88][0x92][0x82]V6 [0xe6]U[0x6]M[0xf3][0xcc][0x10]i[0xfa][0x10]9[\n]"
05:47:24.355 [main] DEBUG org.apache.http.wire -  << "[0x91][0x17][0x7][0x91][0xa3][0x10]C[0xdc]4[0xae]J[0x90][0x16][0x1]`[0xf7][0xfe][0x80].[0xc1]1D[0x9a]~[0xc7][0xee]<D)B[0xb7]%8[0x86]HS[0xf5][0xd8][0x1d]5[0xc0]a[0x86][0xa8]=[0xb1];o@[0xc2][0xc]Q[0xc5][0xa6]'[0xe6]f[0xe6]a^[0xb1][0x95][0x96]_[0xa4][0x0][0x91]R((-*[0xc8]/[0x6][0x1f][0x9][0x7]m[0xf3][0x11]=[0x0]`h[0x8c][0xc8][0xcf]4[0xce]:H3[0xfd][\n]"
05:47:24.355 [main] DEBUG org.apache.http.wire -  << "[0x18]#[0xd5][0x18][0x1d]-[0xe4]Z[0x9b][0xd8][\r][0xd2][0x86]H[0x13][0xf2]dy[0x86][0xd8][0xa6][0xb2]1[0xa2]iN[0x96]=[0xc4]G[0xf][0xd2][0x1e]UZ[0xdb][0x84][0xa8]dim[0x13][0xa2][0xb2][0xa5][0xb5]M[0x88]\Dk[0x9b][0xe8]V[0x3]![0xed]6"[0xec]'[0xf0][0xa1][0x3]Dg%*[0xce]+[0x1a]"M[0xec][0x13]v&[0xec][0xbe]PDIK|[0xe][0xa1]t[0xc2][0x9e][0x4][0x9b][0xe8]VT[0xd2]m[0xd2][0xdc][0x10]i[0xd2][0x9c][0xf8]h":A![0xad]$2D[0x9a][0x19][0x87][0xda][0x84]e9QNb[0xa5]ByfI[0x86]BVjq1[0xa8][0xb7][0x5]N[0xc0][0x88]d[0x81][0xbf][0xd1][0x82]b[0x1d][0xa2][0x90][0x81][0xd4][0x92][0x18]U[0xe][0x95]*P[0xa4][0x9][0xf4][0xa1][0xb6],[0xd4][0xd0][0x8c][0x94][0xf2][0x11][0x1c][0x15]DG=5[0xcb][0x12][0xa4]s[0xeb][0xa0]I[0x7][0xf3][0xe4]*x[0x3]b[0x0][0x9d][0x89][0x18]3[0xc0][0xde][0x90][0x1c][0xd8]v.[0xd2][0x8c]>4[0x14][0x89][0xce][0x80]H[0xb1]N|[0xe]D[0x9a][0xdd][0xc7][0x1e][0x1c][0xc4]fkj&%s[0x8c]V[0xe][0xd1][0x81]@[0xac]s[0x91]K![0xa4][0xf3][0xf0][0x86]\[0xe1][0x80][0xb4][0xa2]"
05:47:24.355 [main] DEBUG org.apache.http.wire -  << "[\r][\n]"
05:47:24.356 [main] DEBUG org.apache.http.wire -  << "67F[\r][\n]"
05:47:24.356 [main] DEBUG org.apache.http.wire -  << "[0x1][0x9a]^[0x6]e[0xae][0xc3][0xbc][0x97][0x93][0xb6]1:4[0x8a]L[0xa4][0xed][0xc7]C/[0xe1]![0xca][0xd1]A[0x9d][0xf0]Hi[0xf2][0xf]\[0xad]d[0x8e][0xe8][0xab][0xe][0xb9][0x94]@[0xd2][0xe2][0xa0][0x81][0xb]b[0xa4][0x95]E[0x83]9[0xc1]"-N[0x1a]z)[0x1]1[0xa5]F[0xb3][0xa9]][0xb][0xc4]@ 4[0x1a]1[0xef][0xf6][0x84]73a]V[0xa2][0x9b]F[0xd4]l[0xc5]X`TB[0x98].E4W[0xf0][0x8d]jQ[0xd5]U[0x88][0xfe][0xb1]G[0x81]BXfY[0xbe]B[0xa4][0x91][0x11]F[0xbf]+7573'3;S[0xa1][0xb8] [0xb5]83-3;[0xb1]8S[0xa1]21/]![0xb1] [0x13]t[\n]"
05:47:24.356 [main] DEBUG org.apache.http.wire -  << "[0x1b]t[0xc][0xd3][0x18]4[0x8f]F[0xec][0xba]}C[0xa4]U[[0xd0][0xc8][0xa3]i3[0x0][0xf3][0xa4][[0xda]Z[0x87]([0xc4][0xa1][0xbe][0xc3][0xd3][0x16][0xc3][0x92]4[0x89][0x1f][0xe4] [0xfa][0xb8][|[0xdd]tc[0xa2]Gl[0x89]Y[0xd7][0x86]/[0xcf][0x91][0xe0]1[0xc4][0x80][0x0][0xe1] [0x1c][0xb8][0xba][0x4]t[0x81][0x1]t6[0x15][0xbf]3[0xa9][0x14][0xfe][0x18]e[0x1e][0x9e][0x84]5[0x80][0xa1][0x82]Q[0xe0][0xe1]p&[0x95]B[0x5]Q[0x92][0xe1][0x8f][0x84][0x8c][0xc4]b[0x85][0x1][0xc][0x95][0xa1][0xd1]PF[0xba][0xc9][0x19][0xfb]@[0xc0][0x80][0x8e][0x8b][0x80][0xb7]]@s[0xdc][0xa0]t[0x1e][0xa2][0xdc][0xc2][0xee]<DE[0x8f]l[0x86][0x8a]U[0xbd][0x11][0xd2][0x19]$[0xd8][0x1d]5[0xc0]Q[0x8a](.[0xb0];o@[0xc2]lH[0x14]*FH[0x87][0x8c][0xc][0xe2][0xb2][0xcf][0x8]i[0x1d]&[0xf6]([0x1e][0xd8][0x14][0x88][0xb4][0x98][0x12]r[0xf9][0x18]d'"[0xb6][0xcb][0xc0][0x9c]r[0x12][0xf3]R2K23[0x8b][0x15][0x92]Ks[\n]"
05:47:24.356 [main] DEBUG org.apache.http.wire -  << "[0x12][0x15]R[0xf3]2sA[0x1b]Y[0x13][0x91]6\[0x82]N[0xe5]%f[0xe1][0x9a][0x11][0xd2]1[0xf8][0x83]2\[0x10][0xfd]8[0xda],[0xe5]22D[0xb4]h[0x6]e[0x0][0x10][[\n]"
05:47:24.356 [main] DEBUG org.apache.http.wire -  << "P[0xa5]%c[0x84][0xb6][0x8e][0x91][0xfa][0xb][0xc][0x8d][0x90][0x96]0[0xe][0xe6][0xf2][0x2]i[0x1d]$~gR'[0xdc][0x91][0x16]E[0xd2][0xc5]:[0xc4][0xb4][0x86]/h1xp~r2[0x96][0xfd][0xce][0xc9][0xf9]I[0x89][\n]"
05:47:24.356 [main] DEBUG org.apache.http.wire -  << "[0xc9]E[0xa9][0x89]%[0xa9][0xb0][0xf5][0xe2][0x88][0x9a][0xd0][0x98][0xd8][0xbe][0xb6][0x11][0xd2][0xf9][0xf6]T[0xb2][0xcd][0x10][0xf7][\n]"
05:47:24.356 [main] DEBUG org.apache.http.wire -  << "V##D[0x91]A[0x83][0xd3][0x1b][0x8c][0x90]VY[0x92][0x1a]SD[0x8f][0xfd] M[0x9][0x19]a[0x9e][0xb5][0x84]9v[0x83][0xaf][0xc7]K[0xbf]F[0x1e][0xd2]}[0xd9][0xd0][0x90][0xc1]t)"[0xf9][0xd0]i[0x94][0xc9][0x88][0xe8][0x8b][0x8][0xa8][0x94][0x91][0x11][0xa3][0xfc][0x83][0xb1]:![0xfa]`'[0xea][0x84][0x6][0xd2][0xfa]R[0x1a]U[0xdf]H[0x8b]Eie[0x3][0xa2]<[0x19][0x94]1J[0xa8][0xef]2[0xb0][\r][[0xa4]U[0x9c][0xd4]>[0x10][0xc8][0x8]i[0xf9]&[0xf5][0xcd]&e[0x4]u[0xc0][0x86]t[0x8c][0xe8][0xb6][0xde][0xd3][0x8][0xe9][0xae][0x12]h[0xe9]n[0xaa][0x10][0x9c][0x93][0x99][0x8b]1^[0x8f][0xaf]2"z[0xf8][0xd5][0x8]tA[0xf4] [0x1e]e1A[0xf4][0x1a]`[0xa1][0x81]= [0xa8]S[0x8e][0x9a][0x12][0xca][0xe4][0x88]z[0x95]~[0xf5]=[0xe6][\n]"
05:47:24.356 [main] DEBUG org.apache.http.wire -  << "=[0x1c][0x83][0xac][0xa0]QOJ&[0x19][0x8c][0x90][0xd6][0xcc][0xd1]#[0xb4][0x91][0xe][0x9f][0x19][0x8c]%>[0xd2]1[0xe8])[0xa9][0xc5][0xc9]E[0x99][0x5][0xa0]s[0xf8]1[0x92][0x1f]"I[0xe0]kj!75[0x91]&4[0xa9]l0"[0xf9][0xd2][0xa8][0x92]F:[0xeb][0x81][0xca]NG[0x8c][0x99][0xf][0xca][0xb4][0x80][0xa8][0xa6][0xb0];[0xf][0x91][\n]"
05:47:24.356 [main] DEBUG org.apache.http.wire -  << "[0xe8]W0 [0xcd][0x9]bw[0xd4][0xc0]6I[0x90][0xce][0xb0][0xc0][0xee][0xbc][0x1][0x9]3D+[0x13][0x11]Gqaj[0x89][0xa8][0xba][0xb0]{[0x80]c[0x7]1[0xe0][0x85][0xdd]y[0x3][0x12];[0x88]^[0x1d][0xad]c[0x87]P[0x86][0x1e][0xd0][0xd8]1F: [0xd0][0xc4][0x8e]1[0xd2][0xc9][0x1c][0xb4][0xa9]^[0x8c][0x9][0x1e][0x94]1[0xc0][0xb1][0x82]H[0x9e][0xb4][\n]"
05:47:24.356 [main] DEBUG org.apache.http.wire -  << "[0x0]D[0xb2][0xa4][0x91][\r]H3 [0xb4][0xb2][0x1]1[0xe8]I[0x83][0x81]Ac[0xa4]S#[0xb0]g[0x8d][0x81]M#[0x83]{[0x9e][0xc3][0xd8]p[0x10][0x16][0xfb][0xc6]X[0xe6]*h[0xd8][0xe7]5F[0x9a]s[0x18][0x8c])[0xc8][0x8][0x91][0xb0];o[0x0]jfc[0xa4][0xb9][0x5][0x1a][0x15][0x1b]H[0xf3][0x9][0x1e][0xa9][0x89]e[0x95][\n]"
05:47:24.356 [main] DEBUG org.apache.http.wire -  << ".[0xa5]%[0x95][\n]"
05:47:24.356 [main] DEBUG org.apache.http.wire -  << "[0xd0]S[0x87][0x3]r[0x12]KR1[0xba]^[0x8e][0xa5]%[0xa9][0xb9][0xe8]G[\r][0x17][0xa5][0x16][0x95][0xe6]"M[0xd1][0x82]O[0xb9]"f[0x8e][0xd6][0x18]i[0xca][0xc1][0xb1]<[0xb5]8?7U! [0xb1] [0xb5]H[0xc1]9?[0xb1][0x4][0xc3]r[0xd7][0xfc]b[0x85][0xcc][0x82][0xe2][0xd2]\[0x85][0xcc][0x92][0xc4][0xc2][0xd2]T[0x85][0x9c][0xc4][0xa4][0xfc][0xa2][0xcc][0xfc][0xe2][0xc4]\[0x85]T[0xb0]@j[0x9]h[0xba]8[0xb3][0x84][0x1c][0xc7][0x98][0x1a]#[0xfa]r[0x83]&[0x15][0x98]"[0x8d]2[0xd2][0xb6]}f[0x8a]4[0xe6]8[0x88][0xbc][0x8f][0xa8][0x9d][0x7][0x8f][0xa3][0x90][0x86]&[0x7][0x91][0xa3][0x6]a[0x19]fJp[0xac]s[0x0][\n]"
05:47:24.356 [main] DEBUG org.apache.http.wire -  << "VS[0xa4][0xd3][0xf6][0x7]Q[0xf4]![0x1a][0xba][0x83][0xc8]Q[0x83]1[0xf7]![0xed][0xa7][0x1f]<![0x85]tu[0xb7]cjQ~Je^bnf[0xb2][0x2]d[0xad][0x93]S~II[0xe]f][\n]"
05:47:24.357 [main] DEBUG org.apache.http.wire -  << "[0xaa]![0xf3][0xf3]R![0xab][0x9c][0xc0]K[0x9d][0xf2]232s[0x14][0x92][0xf3][0x8b][0x8a]J[0xb]J2!W[0x8e][0xa6][0x16]+[0xe4]&BNfO%[0xaf]^3E$-[0xda]V!F[0x4][0xaf][0xef][0x1d][0xd0][0x8e][0x82][0x11][0xc1][0x8c]?[0xc0][0xce]#[0x94][0xdb][0x6][0xd6]yH[0xc7]m`[0xcf]w[0x3][0xec]<[0xc4]0[0xe3][0xa0]t[0x1e][0xa2][0x17][0x88]?[0x13]RiZmp[0xf][0xee]#[0x1d][0xeb][0x81]=[0xb2][0x6][0xa0]]`D[0xb7][0x13]@[0x8c][0x90][0x8e]q[0xf0][0xcd]/-[0xc6][0xac][0x1a][0xf0][0xcd]4[0x13];[0xe7]e[0x86]H[0x2]4[0xb4][0x4]Q[0xb7][0xd0][0xa6][0x93]j[0x84]yX[0x3][0x8e][0xb9]X[0xea]d[0x1c][0xa4][0xb3][0x1a][0xa8];[0xdd][0x86]t[0xde][0x2][0x95][\r]&[0xb4]-b`[0xcb]e[0xa4]S[0x9][0x6]OV7Gt[0xf5]i[0x94]l[0x91][0x8e][0x1d][0xc0][0xee][0xed][0x1][0x8e][0x15]D[0xbe][0xc5][0xee][0xbc][0x81]([0x80][0x91]6[0xe8][0xd3](V0[0xb7][0xd1]c.[0xe4][0xc4]W[0xf6][0x1a]YZ[0xa2][0x1e]i[0x8b][0xe7][0xc0]Y#[0xa4][0xcd][0xf0][0xb4][0xf2][0xe]"[0xeb]C[0x1b][0x15]4[0xf4][0x8e]%[0xa2]>[0x81]Z[0x86][0xa3] [0xa6]t[0x1e][0xd7][0x18]iO[0x15]m[0x2][0xce][0xd8][0x0][0xd1][0x1a][0xc3][0x9e][0xfc][0x7]4w[0x1a][0xd3]|[0xaf][0x82]1[0xd2][0xda]k[0x1a][0x5]1[0xd2][0x9a][0xe9][0xc1][0x18][0xc4]F[0x83][0xb0][0x0]4[0x1e][0xdc]g[0xea][0x1a]#[0xad]y[0xc6][0x1e][0xa5][0x3]Pi[0x18]#-[0x93][0xa6][0xd5]y[0x18][0xc6]H[0x17][0xe2][0xd2][0xce][0xe][0xc4][0xe2][0x15]X[0xf1]J[0xcb][0x19]9[0xa4][0xc9][0xe][0xa4][0xbb][0x10]}2[0xf3]R[0xf3]p\8[0x19][0x96][0x9f]SZP[0x92]X[0xac]P[0x96][0x9a][0x97][0x99][0x98][0xab][0x90][0x98][0x93]YX[0x9a][0x99][0x82]s[0xaa][0xc5][0x4][0xf7]N[0x16]c[0xa4][0xb3]v][0xf3][0xf2][0x8b]r[0xf3]K[0x8b][0x15]|[0x13][0x8b][0x92]rRqX[0xee][0x99][0xa2]P[0x6][0xb1][0xbf]$[0x13]t[0xbb]eYfIb[0xaa]BqiqrfA&[0xec]>[0xb9]b[0x85][0xc4]$[0x85][0x9c][0xcc][0xa4][0xd4][0xa2]|[0x9c][0xae][0xc2]Sa[0x1b]#[0xcd][0xb5]x[0xe6][0x95][0xa4][0xe6][0xe4]d[0xa6][0xa7][0xe6][0x95]([0xb8][0x17]%[0xe6]e[0x96][0xa4]*[0xe0][0x18][0xc6][0xb],[0xcd]T(.[0xcd]+Q[0xc8][0xcd][0xcf]I-.[0xc9]LL[0x85][0xb3][0x8a]q\pG[0xfc][0x4][0x19][0xc1]I[0x99][0x81][0xad][0xa8][0x90]fB[0xdc][0x12][0xf3]J[0x12][0x8b]K2[0x93][0x15][0x9c][0xf3][0xf3][0x92][0x8b]RKpEe[0x10][0xe2][0xce]?[0x85]TPZJ-Q(,[0xcd]O[0x1][0xdd]4[0x99][0x8][0x1d][0xf3][0xcc][0x5][0xcd][0xee]%[0xa6]d[0x16]d[0x16]'#_?[0x89][0x1a]p[0xa0][0xfb][0x4][0x0][0x0][0x0][0x0][0xff][0xff]"
05:47:24.357 [main] DEBUG org.apache.http.wire -  << "[\r][\n]"
05:47:24.357 [main] DEBUG org.apache.http.wire -  << "543[\r][\n]"
05:47:24.357 [main] DEBUG org.apache.http.wire -  << "[0xc2]q][0xaf]1[0xd2][0xa2]n[0xec]e[0xd5][0x0][0x7][0x1c]b[0xb4][\n]"
05:47:24.357 [main] DEBUG org.apache.http.wire -  << "6[0xf1][0x9][0x9d]w[0xf5][0xce][0xcb]L[0xc3][0x1c][0x10]pJM[0x4]%xh[0x9e]S[0xc0][0x93][0xed][0xf0]%p[0xa4][0xb5][0xdd][0x83]2P[0x10][0xad]2[0x1a]5J[0x6][0xf7][0x8][0xb0]1[0xd2][0xfd][0xc9][0x83]1~[0x6][0xf7][0x8][0xb0]1[0xd2][0xf9][0xc7]>[0x99][0xe9][0x19]%[0xe5][0xa9] R!<??G[0xc1]9#1[0xb3][0x8]cA[0x81][0xf]h[0xfd]@*[0xbc]fI-VH[0x82]oAG[0xaa]A@[0xcd]2[0xd0]dM^z[0xb1][0x92][0x15][0xbe][0xfc][0x85]4[0xb][0x84]=[0xfe][0x6][0xa2][0x81]dJ[0xf3]\e[0x8a][0xe8][0x19][0xe6]&f[0xe6]%[0xe6])$[0xe6]%[0x82][0xce][0xaf]B[0xbd][0x19][0xa6][0xb8]$5[0xb5](3/][0xa1]<#55[0x7][0x11][0x14]Do[0x9d]1F[0x9a][0xc9][0xc2][0x1e][0xbe][0x3][[0xa8]#[\r] cw[0x1e][0xc2][0xcf]t[[0xb2]n[0x8c][0xb4][0x97][0x85]F[0x85][0xaa][0x19]b[0x14][0x82]V6 jKj^{[0x84]g[0xaf][0xb5]1[0xd2]N[0x99][0xe2][0xd2][0xe2]R[0x85][0xec][0xd2][0x94]D[0x85][0x9c][0xcc]D[0xcc]B[0x4],[\r]M[0xf0][0xd0][0x3][0xdb],QN[0xfd][0xc2][0xd7]LA:w[0x9a][0xb6]Y[0x7]i[0xca][0x1][0xda][0xbd]0[0xc3]([0xe][0xe1]#_[0xe8][0xbb][0xfe][0xc][0x89][0xcf][0xa2]H[0xb3][0xe][0xb4]J[0xc][0x88][0x9e];8[0xe8])[0x88][0x19]|e9[0xd2][0xbc][0x3]5[0xd3][0x1c]>+[0x91][0xe6][0x1e][0xa0]qD[0xab][0x11]6[0xa4][0xd3][0x98]i[0x14]KHg&[0xd3]2[0x96][0x90]f[0x17]hj[\r][0xad][0xe7][0xb][0x8c][0x91][0xe6][0xb]@e[0x89]Bbe"[0xe6][0x6]T[0xb0][0x17]A[0xd2][0x88][0x8a][0x4][0xb5][0xa8][0xc1][0x9b][0xba][0x10][0xb5]4[0xad]S[0x17]"[0x87][0xd2]*u![0x96]J[0xd0][0xd8]/H[0x83][0xf8][0xb4][0xb6][0x9]Q[0xc9][0xd1]([0xd4][0x90]vA[0xd2][0xda]/[0x88]6'[0xf6][0x96][0xd0][0xc0]6[0xd4][0x90][0xce],[0xc5][0xee]<D[0xfe][0xa2]_C[0xcd][0x2][0x91][0xa6]i[0x14][0xff]H[0xbb][0x17]ie[0x3]b[0x11]*[0xbd]*M[0x82]{[0x1e][0x7]6[0xa9][0x11][0xdc][0x93][0x88]+[0xa9][0x19][0xa3][\r]nQ[0xf1][0xd0]BcK[0x9a]WgH[0xd7][0x89][0xd3]*[0xa9]![0xaa]3Z[0xd9]@[0xf3]j[0xc][0xd4]M[0x80][0x1e][0x5]A[0x1b]?[0x98][0x80]N[0xb2][0x82][0xda]@[0xdb]"[0xdf][0x4]i[0xff]$[0xd2]f[0x12][0xe8][0xa0]>[0xf6][0xe1][0x17][0xd7][0xcc][0xd2]b[0x85][0x82][0xd4][0xa2][0xe2][0x82][0xcc][0xe4][0xcc][0xc4][0x92][0xcc]b[0xd0][0x10]0[0xd2][0xb8][0xb]([0x99][0x12]3[0xee]bB[0xf3]m[0x92]&4[0x9f][0x92]6A[0xda][0x88][0xe9][0x9e]_[0x94][0x9e][\n]"
05:47:24.357 [main] DEBUG org.apache.http.wire -  << "[0x9a][0x12][0x9][0xcf][0xcf]OI[0xcd]Sp[0xc6][0xd2][0xeb][0xf4]O[0xc9],A[0xac][0x14][0x86][0xcd][0x8d][0xa4]"o[0xc3][0x1]-[0xb2]#.[0xf8]h][0x1c][0x98] [0xcd][0xb7][0xd3]:[0x19][0xd2]:[0xd3][0x9a][0x18] [0xea]i[0xfc]~[0xa1][0xca][0x82]4[0x13][0x9a][0xef][0x1e]5A:([0x93]F[0xa5][0x10][0xd2][0x6]RZ[0xd9][0x80]h<[0xd3]%R[0x10][0xa9][0xc]{[0x3]r@[0x1b][0x1d]&Hg.bw[0x1e][0xae]F[0x7]z[0xff][0x91][0x8a][0x8d][0xe][0x93][0xc1][0xb8][0xc9][0xd2][0x14]sX[0x8c]FC.[0xa6]X[0x6]wh8[0xbf]o[0x8a]4[0xc2][0x13][0xe0][0xac][0xe0][0xee][0xe8][0xeb][0xe9][0xe7][0x8e]1[0xe0][0x17][0x1c][0xe0][0xea][0xad][0xe0][0xe1][0xe9][0xee][0x81]H[0xf][0x96][0xa0][0x16][0x3]1[0xb5][0x86])[0xd2]Z[0xba][0x80][0xc4][0x9c]D[0x9f]|[0x1f][0xcc][0xcb][0xe0]q[0x8e]([0x1a]YZ[0x82][0x16]U[0x10]g[0x11]b|[0x99][0xc6][0x16]![0x96]`[0xd0][0xa9][0xf7]b[0x8a]t[0x9][0x8d][0xfd][0x86]h.[0xd3][0xc9]o&H[0xfb][0xf2][0xf1][0x97][0xc9][0x94].[0x18]41D4`[0xb0][0x97]w[0x3][[0x1c]#-[0xe7][0xc3][0xee]<D[0xf6][0xa3][0xdb]p[0x83][0x9][0xd2][0xe6]o[0x1a][0xd5][0xc9]H[0x9b][0xbb]i[0x1c][0xff]H[0xab][0x19]im[0x13]b`[0xb][0xbf]M[0xd4]i[0xfc]![0x1d][0xf1]J[0xab]HB[0xb4]d[0xf0]{[0x88][0xe2]L[\n]"
05:47:24.357 [main] DEBUG org.apache.http.wire -  << "[0x9a]E[0x87]vEi[0xe4][0x17][0xa2][0x8f][0x80][0xa5][0xd8]/H+!i[0x1c]jH[0xcb][0x1b]a6[0xd1][0xb0][0xd9]`[0x2][0xaa][0x94]i[0x1c]I[0x88]J[0x16][0xe6]![0x8c]v[0x9][0xbc][0xd9]@[0xc9][0xd9][0x8a]&HK[0x1c][0xb1][0x17][0xbb][0x3][+ [0xad]6[0x1c][0x94][0xce]Cts[0xb1];o *-[0xa4][0xf5][0x86]4*C[0x90][0xd6][\r]B[0x93]'i[*[0xe8]W[0x81]#[0x9d][0xad][0x80][0xd3][0xa5][0x88]8[0xc2][0xb7]k[0x90][0x9a][0xbd]<[0x13]DG[0x1c]{[0xb2][0x19][0xd8]L[0x87][0xb4]C[0x9d][0x6]'e[0x99][0x80].'[0xa1]m[0xf1]9[0xb8]W0[0x9a][0x10]\[0xc1][0x88]H[0x91][0xf4][0xcb])[0xa6][0x6]:J[0xd0]X[0xc1][0x99]S[0xf0]U9tt)b[0xfe][0xc][0xa7]K[0x11]!H[0xaf]<[0x8d]t[0xe2][0x86][iQ^fIiQ[0xaa]BH~[0x1]F[0xbd][0x8d][0x90]MI,[0xca]T[0xf0]J-H,[0x2][\r][\n]"
05:47:24.357 [main] DEBUG org.apache.http.wire -  << "@[0x97]E[0x19][0x82]R[0x7]1]~[0x13][0xa4][0x85][0x94]4*[0xe7][0x91][0xce][0x9d][0xa6][0x95][\r][0x18]][0x5]Jj[0x12][0x1a]N[0x7][0x9a][0x98]"[0xc6][0x6][0x6]S[0xaa]C[0xf4]L[0x10][0xe9][0x8a][0xa6][0xa9][0xe]i[0xfd]&U[0xb7]h[0x9b] [0xad][0xc1][0x84][0x6]0[0x8d]F[0x19]M[0x88]>O[0x9c][0xe2].[0x10][0xd2][0x2]IZ[0xfb]ip[0x8f][0xee] [0xad]x[0xa4][0xf6]][\r]&f[0x88]<0[0x18][SHc[0xda][0x83][0xd2]y[0x88][0x81][0xe3]A[0xe9]<DO[0x18][0xbb][0xf3][0x10]5=[0xfd]Z H[0xeb][0x10]i[0xd1]@6GT5[0xd8][0xfd]<[0xb0][0xdd][0x3][0xa4][0x13][0x8][0xb0];o [0xa2][0x4]i[0xa2][0x5][0xbe]Y[0x12][0xb2][0xa9][0x5][0xdb]![0x99][0x8e][0xc9][0xc9][0xa5][0xc5][0x89]y%[0x99][0xa5][0xb9][\n]"
05:47:24.357 [main] DEBUG org.apache.http.wire -  << "[0xf9][0xa0][0xfb][0x13][0xa0][[0xea][0x8a][0x91][0x16]V[0xa0]n[0xa3]C[0x9f][0xf4]C[0xba]8[0xc1][0x14][0xe9][0xd4][0x92][0xe0][0xca][0xbc][0xd4][0xa2][0xf4]L[0xf0][0x16]?[0xe8][0xc2][0x84][0xe0][0x8c][0xfc]T[0xd0][0xd5]_[0xa8][0xfb]<\[0xc1][0xfb][0xf9]@{[0xfa][0xc8][0xb4][0x13][0x91]/h[[0xb3][0x98]"[0x1d][0x3]Bk[0x9b][0x10][0x8d][0xc1][0x80][0xa2][0xfc][0x94][0xd2][0xe4][0x12][0x5][0xc7][0xd2][0x9c][0xcc]D[0x5]c[0x8c]F4[0xe8][0xd6][0xba][0x2][0xa8][0x9a]D[0xb8][0x1a]h[0x13][0x1a]_[0x93][0x1f]%[0xde][0x10][0xf9][0x8c]>[0xf6]!**[0xfa][0xd8][0x87][0x18][0x9d][0xa2][0xa1]}[0xb1][0xb5]\[0x0][0x0][0x0][0x0][0xff][0xff]"
05:47:24.358 [main] DEBUG org.apache.http.wire -  << "[\r][\n]"
05:47:24.358 [main] DEBUG org.apache.http.wire -  << "A[\r][\n]"
05:47:24.358 [main] DEBUG org.apache.http.wire -  << "[0x3][0x0][0x82]:[0x18][0xc3][0x9d][0xba][0x1][0x0]"
05:47:24.358 [main] DEBUG org.apache.http.wire -  << "[\r][\n]"
05:47:24.358 [main] DEBUG org.apache.http.wire -  << "0[\r][\n]"
05:47:24.358 [main] DEBUG org.apache.http.wire -  << "[\r][\n]"
05:47:24.359 [main] DEBUG io.restassured.internal.RestAssuredHttpBuilder - Parsed data to instance of: class org.apache.http.conn.EofSensorInputStream
05:47:24.365 [main] DEBUG org.apache.http.impl.conn.BasicClientConnectionManager - Releasing connection org.apache.http.impl.conn.ManagedClientConnectionImpl@7657d29f
05:47:24.366 [main] DEBUG org.apache.http.impl.conn.BasicClientConnectionManager - Connection can be kept alive indefinitely
05:47:24.424 [main] DEBUG net.thucydides.core.steps.StepInterceptor - STEP DONE: I send HTTP GET request
  &amp#27;[32mWhen &amp#27;[0m&amp#27;[32mI send GET HTTP request&amp#27;[0m                      &amp#27;[90m# starter.stepdefinitions.UserSteps.iSendGETHTTPRequest()&amp#27;[0m
05:47:24.435 [main] DEBUG net.thucydides.core.steps.StepInterceptor - STARTING STEP: UserSteps.iReceiveValidHTTPResponseCode - I receive valids HTTP response code 200
05:47:24.441 [main] DEBUG net.thucydides.core.steps.StepInterceptor - STEP DONE: I receive valids HTTP response code 200
  &amp#27;[32mThen &amp#27;[0m&amp#27;[32mI receive valid HTTP response code 200&amp#27;[0m       &amp#27;[90m# starter.stepdefinitions.UserSteps.iReceiveValidHTTPResponseCode()&amp#27;[0m
05:47:24.453 [main] DEBUG net.thucydides.core.steps.StepInterceptor - STARTING STEP: UserSteps.iReceiveValidDataForProductComments - I receive valid data for product comments
05:47:24.586 [main] DEBUG net.thucydides.core.steps.StepInterceptor - STEP DONE: I receive valid data for product comments
  &amp#27;[32mAnd &amp#27;[0m&amp#27;[32mI receive valid data for product comments&amp#27;[0m     &amp#27;[90m# starter.stepdefinitions.UserSteps.iReceiveValidDataForProductComments()&amp#27;[0m
05:47:24.589 [main] INFO  - 
  _____   ___   ___   _____     ___     _     ___   ___   ___   ___  
 |_   _| | __| / __| |_   _|   | _ \   /_\   / __| / __| | __| |   \ 
   | |   | _|  \__ \   | |     |  _/  / _ \  \__ \ \__ \ | _|  | |) |
   |_|   |___| |___/   |_|     |_|   /_/ \_\ |___/ |___/ |___| |___/ 

GET - As admin I can get product comments
----------------------------------------------------------------------
]]></system-out>
  </testcase>
  <testcase name="GET - As admin I cannot get product comments" classname="User" time="0.736">
    <system-out><![CDATA[
@TC-0016
Scenario: GET - As admin I cannot get product comments     &amp#27;[90m# src/test/resources/api/user.feature:54&amp#27;[0m
05:47:24.612 [main] INFO io.cucumber.core.plugin.SerenityReporter - Running feature from file:///C:/Users/Lenovo/IdeaProjects/MiniProject/MiniprojectApi/src/test/resources/api/user.feature
05:47:24.613 [main] WARN io.cucumber.core.plugin.SerenityReporter - Feature from file:///C:/Users/Lenovo/IdeaProjects/MiniProject/MiniprojectApi/src/test/resources/api/user.feature is not under the 'features' directory. Requirements report will not be correctly generated!
05:47:24.615 [main] INFO  - 
  _____   ___   ___   _____     ___   _____     _     ___   _____   ___   ___  
 |_   _| | __| / __| |_   _|   / __| |_   _|   /_\   | _ \ |_   _| | __| |   \ 
   | |   | _|  \__ \   | |     \__ \   | |    / _ \  |   /   | |   | _|  | |) |
   |_|   |___| |___/   |_|     |___/   |_|   /_/ \_\ |_|_\   |_|   |___| |___/ 

GET - As admin I cannot get product comments(user;get---as-admin-i-cannot-get-product-comments)
--------------------------------------------------------------------------------
05:47:24.700 [main] DEBUG net.thucydides.core.steps.StepInterceptor - STARTING STEP: UserSteps.iSetUnmatchedGETApiEndpointsProductComments - I set unmatched GET api endpoints product comments
05:47:24.700 [main] DEBUG net.thucydides.core.steps.StepInterceptor - STEP DONE: I set unmatched GET api endpoints product comments
  &amp#27;[32mGiven &amp#27;[0m&amp#27;[32mI set unmatched GET api endpoints product comments&amp#27;[0m &amp#27;[90m# starter.stepdefinitions.UserSteps.iSetUnmatchedGETApiEndpointsProductComments()&amp#27;[0m
05:47:24.705 [main] DEBUG net.thucydides.core.steps.StepInterceptor - STARTING STEP: UserSteps.iSendGETHTTPRequest - I send HTTP GET request
05:47:24.706 [main] DEBUG net.thucydides.core.steps.StepInterceptor - STARTING STEP: GetAllProduct.iSendGETHTTPRequest - I set the GET api endpoints
05:47:24.706 [main] DEBUG net.thucydides.core.steps.StepInterceptor - STEP DONE: I set the GET api endpoints
05:47:24.722 [main] DEBUG org.apache.http.impl.conn.BasicClientConnectionManager - Get connection for route {s}->https://altashop-api.fly.dev:443
05:47:24.722 [main] DEBUG org.apache.http.impl.conn.DefaultClientConnectionOperator - Connecting to altashop-api.fly.dev:443
05:47:24.879 [main] DEBUG org.apache.http.client.protocol.RequestAddCookies - CookieSpec selected: ignoreCookies
05:47:24.880 [main] DEBUG org.apache.http.client.protocol.RequestAuthCache - Auth cache not set in the context
05:47:24.880 [main] DEBUG org.apache.http.client.protocol.RequestTargetAuthentication - Target auth state: UNCHALLENGED
05:47:24.880 [main] DEBUG org.apache.http.client.protocol.RequestProxyAuthentication - Proxy auth state: UNCHALLENGED
05:47:24.880 [main] DEBUG org.apache.http.impl.client.DefaultHttpClient - Attempt 1 to execute request
05:47:24.880 [main] DEBUG org.apache.http.impl.conn.DefaultClientConnection - Sending request: GET /api/products HTTP/1.1
05:47:24.880 [main] DEBUG org.apache.http.wire -  >> "GET /api/products HTTP/1.1[\r][\n]"
05:47:24.880 [main] DEBUG org.apache.http.wire -  >> "Accept: */*[\r][\n]"
05:47:24.880 [main] DEBUG org.apache.http.wire -  >> "Host: altashop-api.fly.dev[\r][\n]"
05:47:24.880 [main] DEBUG org.apache.http.wire -  >> "Connection: Keep-Alive[\r][\n]"
05:47:24.880 [main] DEBUG org.apache.http.wire -  >> "User-Agent: Apache-HttpClient/4.5.13 (Java/14.0.2)[\r][\n]"
05:47:24.880 [main] DEBUG org.apache.http.wire -  >> "Accept-Encoding: gzip,deflate[\r][\n]"
05:47:24.880 [main] DEBUG org.apache.http.wire -  >> "[\r][\n]"
05:47:24.880 [main] DEBUG org.apache.http.headers - >> GET /api/products HTTP/1.1
05:47:24.880 [main] DEBUG org.apache.http.headers - >> Accept: */*
05:47:24.880 [main] DEBUG org.apache.http.headers - >> Host: altashop-api.fly.dev
05:47:24.880 [main] DEBUG org.apache.http.headers - >> Connection: Keep-Alive
05:47:24.880 [main] DEBUG org.apache.http.headers - >> User-Agent: Apache-HttpClient/4.5.13 (Java/14.0.2)
05:47:24.880 [main] DEBUG org.apache.http.headers - >> Accept-Encoding: gzip,deflate
05:47:25.267 [main] DEBUG org.apache.http.wire -  << "HTTP/1.1 200 OK[\r][\n]"
05:47:25.267 [main] DEBUG org.apache.http.wire -  << "content-type: application/json[\r][\n]"
05:47:25.267 [main] DEBUG org.apache.http.wire -  << "date: Mon, 08 May 2023 22:56:15 GMT[\r][\n]"
05:47:25.268 [main] DEBUG org.apache.http.wire -  << "transfer-encoding: chunked[\r][\n]"
05:47:25.268 [main] DEBUG org.apache.http.wire -  << "content-encoding: gzip[\r][\n]"
05:47:25.268 [main] DEBUG org.apache.http.wire -  << "server: Fly/3f2597ca (2023-05-03)[\r][\n]"
05:47:25.268 [main] DEBUG org.apache.http.wire -  << "via: 1.1 fly.io[\r][\n]"
05:47:25.268 [main] DEBUG org.apache.http.wire -  << "fly-request-id: 01GZYS8TW56X7ZN64SHJWNRENN-sin[\r][\n]"
05:47:25.268 [main] DEBUG org.apache.http.wire -  << "[\r][\n]"
05:47:25.268 [main] DEBUG org.apache.http.impl.conn.DefaultClientConnection - Receiving response: HTTP/1.1 200 OK
05:47:25.268 [main] DEBUG org.apache.http.headers - << HTTP/1.1 200 OK
05:47:25.268 [main] DEBUG org.apache.http.headers - << content-type: application/json
05:47:25.268 [main] DEBUG org.apache.http.headers - << date: Mon, 08 May 2023 22:56:15 GMT
05:47:25.268 [main] DEBUG org.apache.http.headers - << transfer-encoding: chunked
05:47:25.268 [main] DEBUG org.apache.http.headers - << content-encoding: gzip
05:47:25.268 [main] DEBUG org.apache.http.headers - << server: Fly/3f2597ca (2023-05-03)
05:47:25.268 [main] DEBUG org.apache.http.headers - << via: 1.1 fly.io
05:47:25.268 [main] DEBUG org.apache.http.headers - << fly-request-id: 01GZYS8TW56X7ZN64SHJWNRENN-sin
05:47:25.268 [main] DEBUG org.apache.http.impl.client.DefaultHttpClient - Connection can be kept alive indefinitely
05:47:25.269 [main] DEBUG io.restassured.internal.RestAssuredHttpBuilder - Parsing response as: application/json
05:47:25.269 [main] DEBUG org.apache.http.wire -  << "179[\r][\n]"
05:47:25.269 [main] DEBUG org.apache.http.wire -  << "[0x1f][0x8b][0x8][0x0][0x0][0x0][0x0][0x0][0x4][0xff][0xaa]VJI,IT[0xb2][0x8a][0xae]V[0xf2]tQ[0xb2]241[0xb1]0[0xd2]Q[0xf2]K[0xcc]MU[0xb2]RJI-N.[0xca],([0xc9][0xcc][0xcf]S[0xd2]QrA[0xe2]Y))[0xe9]([0x5][0x14]e&[0xa7]*Y[0x19][0xe8]([0x5]%[0x96]d[0xe6][0xa5][0x17]+Y[0x99][0xe8](9'[0x96][0xa4][0xa6][0xe7][0x17]e[0xa6][0x16]+YE[0xc7][0xd6][0xea] [0xc]6[0x86][0x1b][0xec]Y[0x90][0x91][0x9f][0x97][0xaa]`h[0xa8]`f[0xa2][0x90][0x9e][0x84]axANb[0xa5]BFb[0xb1]B^[0xbe]BNfnfI1[0xc2]:#KK$[0xb][0x8d][0xd0],[0x84][0xda]fdjb[0x8][0xb7][0xcd]=173/[0x1d][0xc3][0x12][0xb7][0xfc]"[0x85]t[0xb0][0x94]BAiQA~qj[0xb1]R-[0x8a][0x83]-[0xe0]F[0xb8][0x95][0x16][0xe5]e[0x96][0x94][0x16][0xa5]*[0x84][0xe4][0x17]`[0x9a][0x4][0x97]MI,[0xca]T[0xf0]J-H,JD[0xb8][0xd8][0xd0][0x4][0xd9][0xc5][0xa6]h.F[0xb1][0xd1][0x4]ncp~^[0xa5]B@[0xb0]![0x86]e[0xf8][0xc2][0xc6][0x4]%l[0xc][0xd1]l[0xa2]j[0xd8][0x98][0x12]v)"[0x4][0x90][0x93][0x88][0x1]-]e[0x6]w[0x15][0x15]c[0xc][0xdd][0xc5][0xc8]1f[0x89]Hf.a.[\n]"
05:47:25.269 [main] DEBUG org.apache.http.wire -  << "[0xbe][0xa5][0xe9][0xa9]y[\n]"
05:47:25.269 [main] DEBUG org.apache.http.wire -  << "!E[0x89][0x99][0xf8]r[0x8c][0xa1][0x91][0x81][0x81][0x1][0xbe]0A[0xb1][0x1][0x91][0x1f][0x13][0xf3][0x12][0xb3][0x15][0x12]+[0x13]s1[0x12]Eqiq[0xa9][0x2]H[0x1a][0x11][0xe6][0x96](i[0x1][0xaf][0x1f][0xcc][0xe1][0xa1][0x16][0xe1][0xe4][0x1f][0x81][0x99][0xe4][0x10]9[0x5]a<jR3[0xa6]a[0xa4][0x82][0xfc][0x1]-[0x90][0xb0];[0xf][0x97][0xa3][0xc][0x0][0x0][0x0][0x0][0xff][0xff]"
05:47:25.269 [main] DEBUG org.apache.http.wire -  << "[\r][\n]"
05:47:25.270 [main] DEBUG org.apache.http.wire -  << "4C9[\r][\n]"
05:47:25.270 [main] DEBUG org.apache.http.wire -  << "[0xa2][0x9d][0xa3]LA[0xd1][0x7]u[0x14]m[0xe2][0xdd][0xd4][0x0][0x91][0xb2]@[0x11]K[0xfd]x75[0xa0]u[0xca]25@[0x14][0xf9]4[0xf2][0x83][0x5][0xa2][0x8c]v*JLN[0xcd]I-[0xc1][0xc8][0x1c][0xbe][0x89])[0xa9][\n]"
05:47:25.270 [main] DEBUG org.apache.http.wire -  << "[0xf9]i[\n]"
05:47:25.270 [main] DEBUG org.apache.http.wire -  << "[0x19][0x99][0xe9][0x19][\n]"
05:47:25.270 [main] DEBUG org.apache.http.wire -  << "[0x85][0xa5][0x89]9[0x99]%[0x95][\n]"
05:47:25.270 [main] DEBUG org.apache.http.wire -  << "[0x5][0xa9][0x89]E9[0xc8][0xd5][0x8a][0x11]q[0x19][0xd2][0xd8][0xd8][0xc][0xa3][0x90]6[0xc5][0xb0][0x12]_![0x8d]Z[0x81][0xe1][0xae]1[0x8d][0x8d][0xcd],[0xe1][0x19][0xb3]$[0xb5][0x18]T[0xc5]*[0x14][0x14][0xe5][0xa7][0x94]&c[0xfa][0xb1]$#[0xb3]X![0xb3]X[0xa1]$#[0x15][0xa6]F[0x1][0xb5][0xfa][0xc6]R[[0xa3][0xe7]ZD[0xb1]cll[0x8e]H~T[0xb3][0xdb][0x10][0xad][0xd8][0xc3]][0x15][0x1a][0x1b][0x9b]#[0x12]'U[0xed]Gj;[0xe0][0xb5][0x1e][0x11][0xc9]T[0xb5][0x1e]9[0x91][0xe1][0xb5][0x1f]Q&[0xd3][0xcc]~[0xf4][0xf2][0x11]%[0xfa][0x11][0xf9][0x8a]f[0xf6][0xe3]K[0xfa][0xe6]4H[0xfa][0xe8][0xc9][0xf][0x9f][0xff]-[0xc][0xa8][0x9f][0xf5][0xd0][0xed][0xc7][0x97][0xfd][0x90]Z[0xe1]4[0xb][0xbc][0xfe]G[0x94][0xdc][0x3]c?"[0xff]y[0x4]([0xe4]f[0x96][0xe4]c/cKR[0x8b][0x92][0x12]3[0xb3][0x11]M[0x0]S3s[0xa4],[0x8e][0xd7][0x8b][0x88],FZ[0xbb][0x2]=[0xdf]R[0xaf]]mll[0x81]H[0xf7][0xd0][0x1e][0x0]%[0x95][0xb][0xbe][0x14]f[0x89][0x88][0xe1][0x80]`[0x5]L[[0xd2][0x13]sS[0x15]L[0x15][0x8a]K[0x12][0x8b][0x10][0xa1][0x8b][0xda][0xea][0xc3][0x97][0x81]-[0x11][0x11]H[0x97][0xa6][0xb8][0xb1][0x9]R[0x93][0x8c][\n]"
05:47:25.270 [main] DEBUG org.apache.http.wire -  << "A[0x87]'[0xe5][0x98] 5[0xcd][0xe8][0xe5]7Dd[0xd1][0xda]o[0x88]x[0xb](JL.[0xc9]LN[0xcc]Q[0x8][0xcf][0xcf]OI[0xcd]S[0xf0][0xce][0xcb]LK[0xc5][0xc8][0x87][0x8e]9[0x99][0x89][0xc5][\n]"
05:47:25.270 [main] DEBUG org.apache.http.wire -  << "i[0xa5][0xe9][0x89][\n]"
05:47:25.270 [main] DEBUG org.apache.http.wire -  << "[0xa5]%z[0x88][0xb4]b[0x8][0x8a][0x10][0xf8][0xc8][0x0][0xde][0xf0]D[0xe4]D[0xea][0x8d][0xc][0xe0][0xb5][0x10][0x91][0xcb]`[0x16][0x1a]Q<[0x14][0x81][0xcf]BCDu[0x2][0xb3][0x90][0xf2][0xb1][0xf][0xbc][0x16]"[0x9a]ot[0xb2][0x10]c@[0xc0][0x1c]#[0xa5][0x10][0xdf]*[0xc6][0xeb]5Dj[0x9]H[0xcc]I[0xf4][0xc9][0xf7][0x1][0x8d][0xb5][0xa0][0x8e]N[0xc1]m[0xc2]2zdl[0x8c]TA[0xe0])[0xc2]L[0xc][0x11]m rKH[0xbc][0xfe]@$BZ[0x18][0xf][0xea][0xcf]@{[0xa8]t[0xea][0x19][0x99][0x18]![0x12][0x1d]M|[0x84][0xe8][0x12][0xd0][0xc4]xD[0x19]K[0xb7][0x0]C[0x14][0xb6]t[0xb3][0x12][0x91]O[0xa9]i%[0xbe]|d[0x84][0x18][0x95][0xa3][0xa6][0x95][0xf8][0xf2][0x96][0x11][0xa2][0x8c][0xa0]q}i[0x84][0xc8][0xc5]4j[0xa8][0x9a][0x18]#*[0xf]Z[0x86][0x1f][0xac][0x19]ka[0x88]H"[0x8e][0xc9][0xc9][0xa9][0xc5][0xc5][0x90][0xd1]|[0xf4][0x19][0x80][0x92]|[0x85][0xd4][0xbc][0x8c][0xc4][0xbc][0xe4]T[0x85][0xc4][0x2][0xd0]p[\n]"
05:47:25.270 [main] DEBUG org.apache.http.wire -  << "[0x88][0x89]<[0x82]nlb[0x8c]([0x10][0x8a]S[0xb]RS0[0xb][0xea][0xc4][0xcc]J[0x90] tp[0xc2][0xc8][0x14][0xb9][0x8c]/[0x82][0x8d][0x11]e[0x1]-[0xc3][0x4][0xa9]Kl[0x2][0xaa]7[0xa0][0x5]*[0xb5]=C[0xff]b[0xc0][0x18][0x11][0xc7][0xc1][0xe0][0x98]Q[0xf0][0xc9],.)[0x2][0xf7][0xa4]P[0xab]R[0xa8]t[0xe]DZ!/=5[0xa9][0x14]4[0xfe]Dz[0x94]![0x8a][0x1][0xa8][0x99]P+[0x15][0x9c][0x12]s[0x12]1gU[0xa0][0x8a]P-VHJ[0xcc]K[0x7][0x8f][0xf1]A[0xed]7%>[0xc9] [0xca][0x4][0xba]%[0x19]D[0xb][0x82]nV"[0xca]#zYi[0x82]([0x9f][0x82]J[0x8b]K2[0x93]a[0xfd][0x5][0xa7]D[0xcc]Y[0xb7][0xd0][0x12][0x85][0xd4][0xa2][0xa2][0xfc]"[0x85][0xa2][0xd4][0xe4][0xd2][0xe2][0xc4][0xbc][0x94][0xc4]T[0x85][0x82][0xfc][0xe2][0xe2][0xcc][0xdc][0xd2]b[0x85][0xdc][0xfc][0x1c][0xd0]8gb[0xaa]Bqj[0x8a]BfnAjJ&y][\n]"
05:47:25.270 [main] DEBUG org.apache.http.wire -  << "[0xa4][0xe9]?D7[0xc6]'3/5O[0xc1])[0xbf][0xa4]$[0x7]K7[0xa6][0xb4]D[0xa1] [0xb5][0xa8][0xb8] 393[0xb1]$[0xb3]X!%?'[0xbf](U!%3[0xb9]$Q[0xa1] [0xbf][0xa8](_![0xb3][0xa0][0xb8]4W!5[0x91][0xac]^[0x8e][0x9][0xfd][0x8b],[0x13]D[0x93]&8'55[[0x1][0x12][0x2][0xee]9[0xf9]e[0xa9][0xa0][0xb1]o[0xd4][0x9c][0xee][0x9f][0x96][0x96][0x99][0x9c][0x99]Y[0xac][0x90][0x9c][0x9f]W[0x9c]ZX[0x9a]XRZ[0xa4][0x90][0x98][0x97][0x99][0x9b][0x9][0x8f][0x98]b[0x85][0xb2][0xfc][0x9c][0xd2][0x82][0x92][0xc4][0x92]T[0x85][0x94][0xd4][0x9c][0xd4][0xbc][0xcc][0x92]L[0xf2][0x2][0x83][0xfe]E[0x9e][0x9][0xa2][0xc8]s[0xcf]/JO[0xcd]/-V[0x8]*MJJ-Rp[0x6][0x8f]q[0xa0][0x85]FJf[0x9]$[\r][0x94][0xe6]*$[0x82][0x12][0x7]8[0x9][0xe4]$&[0xe5][0x17]e[0xe6][0x17]'[0xe6]*[0x14][0x96]f*$[0xe6]d[0x16][0x96]f[0xa6]([0x14][0x93][0x9b]N[0x11][0x85]""[0x9d][0xba][0x17]%[0xe6]e[0x96][0xa4]*8[0xe7]'[0x82]JZTw[0xb9][0x96][0x80][0xfa][0xda][0x99][0x89]%[\n]"
05:47:25.270 [main] DEBUG org.apache.http.wire -  << "[0xf9][0xb9]y[0x99][0xc5][\n]"
05:47:25.270 [main] DEBUG org.apache.http.wire -  << "[0xb9][0x99]y[0x99][0xb9][0x89][\n]"
05:47:25.271 [main] DEBUG org.apache.http.wire -  << "y[0xa5][0xb9][0x85][0xa5][0x89][0xb9][\n]"
05:47:25.271 [main] DEBUG org.apache.http.wire -  << "[0xc5][0xa5][0xc5][0xc9][0x99][0x5][0xe4][0xba][0x6]QD[0x6]W[0xe6][0xa5][0x16][0xa5]g[0xc2][0xb2]s[0x8e]BpFf[0x11]V[0xd7][0xa4][0x16][0x97][0xc0]SEfRi[0xb1]BANbrjb[0x89]B*yY[0x17]T[0xa0]C[0xeb]Y[0x5][0x1a]u!M[0x11]Y[0x91][0xac][0xe6]![0xb1][0xad][0x14]S[0xa4][0xfc][0x7][0x99][0xcf][0xc7][0x1c]g[0x83]wU[0x9][0xae]u[0xc0][0xd7][0x1e]2[0xa5]~2E[0xe4]'z[0xd5]4[0xa6][0x88][0xdc]B7+[0x11]Y[0x82]nV"Z[\r]d[0xa5]N[0xd4][0x9]F[0xbc][0xa9][0x6][0xd1]X[0xa0][0xb1]Mf[0x88]6[0x2][0xd4]&[0xcc]e[0x6][0xf8]r[0x2][0xea][0xc0]3[0xba][0x9f]`][0x17][0xb4]U?[0x0][0x0][0x0][0x0][0xff][0xff]"
05:47:25.271 [main] DEBUG org.apache.http.wire -  << "[\r][\n]"
05:47:25.271 [main] DEBUG org.apache.http.wire -  << "58C[\r][\n]"
05:47:25.271 [main] DEBUG org.apache.http.wire -  << ""c[0xd5][0x8f][0xb1][0x89][0x19][0xa2][0xcf][0x2]u)[0xad][0xf2][0xac][0x19][0x85][0xa5][0x10][0xf1][0xf1]lF[0xb7]r[0x88][0xba][0x93][0xe3][0xe8][0xf1][0x8c][0xdc][0x1d]3C[0x14]?[0xb4][0x8e]'D[0xa9][0x3][0xb5]i[0xd0][0xa6]]Da[0x85][0xd3][0xa5][0x88][0x1]z|[0xb5][0x18]Us[0x14]FyFI[0xf8][0xd1]p[0xf6][0xcd][0x4]i[0xc1][0xc5] [\n]"
05:47:25.271 [main] DEBUG org.apache.http.wire -  << "?s[0x8c][0xb2][0x93]V%[0x12][0xd2][0xa2][0xf][0xbf][0xc4][0xe2]L[0x5][0x97][0xc4][0xd2]<[0x5][0xaf][0xd4][0xa2]R[0xd0][0x4]+j3[0x14],_[0x9e][0x9a][0x97][0x98][0x9d][0xad]P[0x92][0x9a][0x97][0x98][0xa7][0x90][Z[0x94][0x9b][0x8a]4Whh[0x89][0x91][0x1b],[0x89]YX"Rmr~^I~[0x86]n2b[\r])[0xfa][0xa8][0x93][bqFf~^bRN*[0xea]X[0x13][0xd2][0x82][0x11][0xb0][0xdb][0x10]n[0x7]/[0x9d]RH[0xcf]/J[0xc5][0xb2][\n]"
05:47:25.271 [main] DEBUG org.apache.http.wire -  << "[0x14][0xac][0x96]J[0xfe]@[0xa4]s[0xc2][0xfe][0xc0]T[0x81][0xb4][0xf6][0xd4][0xd8][0xc4][0x9c]n%[0xb6]9[0xdd][0xca]QsD<Cs[0x17][0xcd][0xd2]1[0xdd][0xda]5[0x16]tk-X RD[0x84]S~[0x85][0x2]f[0x19]J[0xff][0x92][0xdd][0x2][0xd1][0xeb][0xc0][0xe1]&[0xc2]KG[0xd1][0xeb]xX[0xb1]@[0x8d][0xb6][0x1c][0xd2][0xea][0xc0][0xc1][0xe9]>[0xba][0xa5]S[0xa4]u[0xca]8B[0x2][0x91]z[0xe8][0xd7][0xd6][0xb6]D[0xb4][0x80][0x7][0x93][0xab][0x10]9[0x8d][0xc6][0xe5][0x14][0xd2]"[0x19][0xec]K[0x90][0x6]6[0xfb]X"[0x1a][0xbe][0xd8][0x9d]7 i[0x6]Q[0xcb]bw[0xd4][0x80][0x86][0x19][0xf2][0xc2]p[0xec][0xce][0xc3][0x15]f4l[0xd7]"[0xaf]%[0xa7]m[0x8a]F^[0xf1][0x8d][0xdd][0xfb][0x3][0x1c];[0x88][0xc6][0xe]v[0xe7][0xe1][0x8a][0x1d][0x1a][0xd6]R[0xa6][0x6][0x88]lF[0xeb][0xd8][0xa1]<[0xef][0xd0]2[0x99]"[0xad][0x92][0x1a]<[0xb1]c[0x88]h[0xe1]aw[0xd4][0xc0][0xa6]hCDe[0x85][0xdd]y[0x3][0x91][0xa2][\r][0x11][0xed]B[0x1a][0xa7]h[0xa4][0xb5][\n]"
05:47:25.271 [main] DEBUG org.apache.http.wire -  << "[0xb4][0xb6][0x89]n[0xb9][0xd4][0x90]^[0xfd]$S[0xa4][0x15]n4[0xe]=[0xa4][0xd5]h[0xb4][0xb6][0x9][0xd1][0xa6][0xa4][0xb5]MtK[0xe5]F[0x88]j[0x8b][0xd6]~[0xa2][*[0xa7][0xdb][0x12]-S#D[0xad]G[0xeb][0xd0][0xa3]W[0xce][0x14]iM[0x18][0x8d][0xfd][0x84][0xb4][0x86][0x8b][0xd6]6!r.[0xf6][0xaa]l`kZcDv[0xc7][0xee][0xbc][0x81][0xa8]i[0x91][0xd7]q[0xd1]t[0x86][0xd9][0xd4][0x98]n%[0x83]1[0xa2][0xfe][0xf3][0x8]Pp[0x6]-[0xc2][0xc9][0xc4][0xb2]A%'[0xb5][0xa0]$[0xbf]@[0x1]c[0x7][0x90]%[0x8] -[0xf1]Fo[0xba]#M"[0x99][0x1a]S[0xb5]h@[0xdf]p[0x8f]l[0x13][0xd2]"[0xa9][0x81][0xd8]P[0x85]<[0x9a]F5[0xfb][0xf1]M [0xa1][0xf8][0x1d][0x91][0xb1][0x9][0xd9][0x8d][0xc8]C[0xa0][0xdd]rD[0xc6]"[0xd2]2'B[0xe6][0x13][0xbd]O[0x16]d=[0xd1][0xfe]C[0x94][0xc]T[0xb5][0x9f]X[0xef]#r&U[0xad]'[0xda][0xfb][0x88]LD3[0xfb][0xd1][0xbb][0x9d]([0xc9][0xb]Q[0xeb][0xd2][0xcc]~|[0x85][0x8][0xd2][0x82][0xa5][0x81][0xb1][0x1f][0xd1]C[0xa5][0x99][0xfd][0xe8][0xe7][0xac] [0x87]?[0xd2]j*[0x9a][0xd9][0x8f]7[0xfc][0x11]][0xe0][0x81][0xb1][0x9f]F[0xd9][0x9f][0xd8][0xfc][0x87][0xb4][0x10]k`[0xfc][0x8f](`-DSS[0x1a]M[0xed][0x99][0x9a]"[0x1a][0x7][0xd4]][0x85]oj[0x8a]([0xc6]<[0xf3]JRsr2[0xd3]S[0xf3]J[0x14][0x82]KRSA[0xab][0x1f][0xf3][0xb1][0xac][0x98][0xf5]L[0x1][0x9d]'Q[0x9c][0xa9][0x90][0x97]XRZ[0xc]Z[0x10][\n]"
05:47:25.271 [main] DEBUG org.apache.http.wire -  << ""[0x12][0x8b][0xc9]Z[0x13]kj[0x8a]([0xc7]`[0xe1]H[0x9b][0xf5][0x8f][0xa6][0x98][0xab][0xb1]h[0x15]]t[MeJ[0xb7][0xd5]T[0xa6]t[[0xe3][0x4][0xde][0xcb][0xe]][\n]"
05:47:25.271 [main] DEBUG org.apache.http.wire -  << "K[0xeb][0x14][0x81]H[0xfc][0xae]y[0xf9]E[0xb9][0xa0][0xc5][0xd1][0x1]9[0x89][0xe0][0xe5][0xbf][0xce][0x19][0x89][0x99][0xa0]u[0x1d][0xa8][0xb]@[0xc2] [0xb][0xc1]A[0xa7][0x8e][0x94][0xa4]*[0xe4][0xe5][0xe7][0x81][0xce][0x1d])[0xcb]L[0x1][0xe5][0x99][0xd4]b[0xb2][0x96][0xfe][0x9a]"[0xad][0xbf]q)-[0x2][0xad][0xf1][0x0]m%[0xc8]Q[0xc0][0xee][0x82]`[0xe8]Rg[0x85][0xc2][0xd2]|[0x5][0xa4]u[0xd9][0x99]y[0xe4],I7[0xa5][0xdb]2[0x1b]S[0xa4]e64[0x8e]V[0xba]-#1[0xa5][0xdb]2[0x12]S[0xba]-#1E:[0x84][0x84][0xc6][0xf1][0x84]t[0xdc]H@[0xb0][0x9]f[0xa9]_l[0xa2][0x90][0x94]XT[0x8a][0xe8][0x1d][0x19][0xe3]_[[0x85][0xdc]<[0xa3][0xdb][0x12][0x15]S[0xa4]CKh[0x1d]^[0x88]&[0x1f][0xad]mB4[0xee]hm[0x13][0xdd][0x6]y-0[0x1b]l[0x98]I[0x8e][0xe8]#[0x18][0xf1]5[0xcd]-[0x10][0xad]5Z[0x87][0x1e][0xa2][0x2][0xa3][0xb5]Mtk[0xa6]Y[0xd2]k[0xe1][0xa7])[0xd2][0xf2] [0x1a][0x87][0x1e][0xd2][0x92][0x1f]Z[0xdb]D[0xb7]2[0xc2][0x12]QFP[0xbd][0xf4][0xb6][0xa4][[0xa9][0x80][0xb4][0xda][0x87][0xd6]1C[0xaf][0xbc]j[0x86]tR[0x8f]kQz~^~nf[0xb2][0x82]cNinf^i.[0xd6]m[0x8e][0xa5]%[\n]"
05:47:25.271 [main] DEBUG org.apache.http.wire -  << "I[0xa9][0x89]%[0x89][0xa9][0xf0]Mm[0xa9][0xb9][\n]"
05:47:25.271 [main] DEBUG org.apache.http.wire -  << "[0xb9][0x89][0x15][0x99][0xb9][0xa9][\n]"
05:47:25.271 [main] DEBUG org.apache.http.wire -  << "y[0xa9][0xb9][0xf9][\n]"
05:47:25.272 [main] DEBUG org.apache.http.wire -  << "[0x99]99[0xa5][0xb9][0xa0][\r][0xe0][0xbe][0x1f]9MM3[0x3]z[0x15][0x8b]f[0x6][0xf4]*[0xac][0xcc][0x6][0xf7]:[0x9][0xb3][0xc1][0xb8]N[0xc2][0x8c]^[0xeb]$LL[0x90][0xaa][0x12]Z[0x9d][0xc4]I[0xaf][0x94]f[0x8a][0xb4]_[0x80][0xd6][0x5][0x15][0xbd][0xfc]d[0x86]t[0x16]+m[0xfd]df[0x80][0xa8][0xac]hm[0x13][0xbd][0xaa].3Cz5h[0xcd][0x90]V[0xcc]`[0x9f][0x4][0x1e][0xd0]9j3[0xa4]e6[0xd8][0x9d][0x87][0xe8]A[0xd2]m[0x95][0xb7][0x19][0xd2][0xb1]P4NqF[0x88]&_@[0xb0][0xa1][0x1][0x5][0x9d][0x1a][0xf4][0xf3][0x8c][0xe0][0xbb][0x12][0x90][0xaa]9[0xc8][0xe1][0xf1][0x18][0x96][0xa4][0xe1]?W[0xde][0xd8][0xcc][0x88]n9[0x10][0xe9][0xe4][0xa5][0xec][0xcc][0x82][0xc4]b[0x85][0xc4][0xbc]t,'[0x93][0xe7][0xa6][0xe6][0xa5][0xa7][0xe6][0x94]&[0x16]e'[0xe6]A[0x94]([0x14]'[0xe6][0xa5]'[0x96](d[0xa7][0xe6]%'[0x82]wMA[0x8f][[0xc1][0xa8][0x1f]<[0x94][0x90][0x8e][0xdf] s[0x1f][0xae][0x19][0xd2][0xfa] [0xf8]q[\r]NE[0xf9]yU[0xa9]8[0x86][0x3]![0xe7][0x10][0x16][0xa5][0x16][0xa4][0xe6][0xe4][0xa4][0xe6][0xa5][0x94][0x16]+$&[0x83][0x8e][0x18][0x1][0x1d],RXJ[0xd6][0x90][0xbc][0x19][0xd2][0xd2]![0xdf][0xd4][0x94][0xcc][0xfc][0xe4][0xa2]T[0xd0][0x88]$[0xe8]0D[0x1c][0x87]h8[0x82][0xed][0xcc]+[0xc9][0x4][0x1d][0x14]R[0xa2][0x90][0xf]>S#Q[0xa1],5'[0xb3]D!/?)[0xb3][0x98][0xac][0x16]#[0xd2]1SC.&[0x91][0xd6]*[\r]=[0xb7]#[0xe6]V[0x87][0x9e][0xdb][0x11][0xcb].[0x86][0x9e][0xdb][0x11]%9[0xf9]u[0x6][0x0][0x0][0x0][0xff][0xff]"
05:47:25.272 [main] DEBUG org.apache.http.wire -  << "[\r][\n]"
05:47:25.272 [main] DEBUG org.apache.http.wire -  << "53A[\r][\n]"
05:47:25.272 [main] DEBUG org.apache.http.wire -  << ""[0xe6][0xf0]Q3[0xa4]e][0x9e]y[0xc9]E[0xa9])[0x99]I9[0xa9][\n]"
05:47:25.272 [main] DEBUG org.apache.http.wire -  << "[0xb0][0x92]&'?[0x19]s[0xef][0xab]k"[0xfc][0x98][0x15][0x85][0xd4][0xbc]LHg[0xb0][0x18][0x94][0xbf]S[0x8b][0x93]3K[0xf3]J[0x14]RJ[0x93][0xc1][0x7][0x1a]A[0xce][0x10][0xca]%+[0xcb][0xd3]mi[0x97][0x19][0xd2][0x82]+Z[0x7]6[0xdd][0x1a][0xd4]Hk[0x82]h[0xec]'[0x13][0xba]5sM[0x10][0xcd]\[0x9a]dh[0x9c][0x8d][0x1e]*T[0xe7]&[0x94][0xf]y[0x10][0x9b][0xa3]M[0xe8]6[0xbc][0x84][0xb4][0xf2][0x87][0xc6][0x89][0xcc][0x14]Q[0xf][0xd1][0xda]&[0xba][0x95][0xbc]H[0xeb]Vh[0xed]'[0xca][0x13][0x1f][0x91][0xb5][0x9][0xdd][0xd6]p[0x98][0xd1]me[0x85][0x19][0xdd]N[0x8f]1[0xa3][0xdb][0x99].f[0xa0][[0x2][0xe8][0xb2][0xb2][0xc2][0xc]iM[0x3][0x8d]S9[0xdd][0x96][0x15][0x98]!-+[0xf0](P[0x8][0xcb],[0xcb]W[0x88]42[0xc2][0xe8][0x9][0xe7][0xa6][0xe6]f[0xe6]dfg*[0x14][0x17][0xa4][0x16]g[0xa6]ef[0x83][0xce][0x14][0xa9]L[0xcc]KWH,[0x0][0x9f]4[\n]"
05:47:25.272 [main] DEBUG org.apache.http.wire -  << "[0xed]T[0x1a][0x83][0xee][0x85]A9-[0x1e][0xbd]&B[0x9a][0xcf]63'[0xa5][0xfb][0x8c][0xe5][0xfc]o<9[0x99]z[0xfd]W[0x13][0x13][0xa4][0xfb][0x15][0xa0][0xf1]n[0x8c][0x11]@[0xf8]N[0xbc]"[0xf6]t'[0x13][0x13]KR[0x2][0x84][0x82]S[0xe6]LL[0x90][0xa6][0x88]h4[0x8a][0x8c][0xb4][0x5]4$1[0xa3]T![0xa9]4[0x7][0xcb][0x19][0x88][0xf8][0xc2][0x8d][0xb8]U[0x93]&[0xa6]H[0x3]9d[0xda]Dt[0xc][0x99]"[0x8d][0xf3][0xd3][0xde].D#[0x11][0x9a][0xee]h[0xb3][0xb6][0xcf][0xc4][0x94]^[0xfb][0x14]M[0xe8]6=mbJ[0xaf][0xe9]i[0x13]S[0xcc][0xf2][0x81]V[0xf1]D[0xb7][0xf2][0xc1][0x94]n[0x93][0xd5]fH[0xcb][0xcd][0x2] W[0xa2])8[0x96][0xe6]d&*`[0x16][0xb2][0x99]y[0x99][0xa0][0xa5][0x89][0xa0]k[0xd3][0x14][0x12][0xe1]j[0xa0]U[0xf]q[0xa5][0x85][0xb1][0x99]9[0x9d]r[0x95][0xb1][0x99]9[0xa2][0xf7][0x82]}[0x8]`g[0x18][0x90]V[0xaa]aw[0x1e][0xae][0x19][0x6][0xf4][0x1d][0x1c][0xd4][0xab]k[0x8d][0xcd][0x90][0x96][0xb8]aw[0xd4][0x0][0x87][0x19][0xa2]K[0x85][0xdd]y[0xb8][0xc2][0xc]}i[0x15]U[0xc3][0xc][0xd1]j[0x0][0xe7][0xa0]l[0x5][0xf7][0xcc][0xd4][0x1c][0x8c]&J[0x8][0xe8]@[0xee][0xbc]t[0xd0]e[0x82][0xd9]E[0x99][0x5][0xc5][0x99][0x8][0xb7][0x12][0xbf][0xcf][0xce][0xcc][0x2]1F[0x82]d[0x99]Bv[0xaa].f[0xab][0x91]J6"2,[0x9a][0x8d][0x98]%[0x4][0x95]lDt2[0xe9]s+[0x94][0x19][0xd2]ea`?&[0x97][0xd0][0xb6][0x10]DZD@'[0x1f][0xd2][0xab]:66[0xa3]W%il[0x86][0xd4][0x88][0xa6]i[0x3][0xcd][0xd8][0xcc][0x12]Q[0x95][0xd0][0xd6]&sP[0xe7][0x8d].[0xdd]is[0xa4]+ei[0xed]'D[0x9]Bk[0x9b][0xe8][0x16]OH[0xdd]+[0x1a][0xfb][0xc9][0x10]1[0xf9][0xe4][0x19][0xe0][0xe1][0xef][0xe7][0xaa]`h[0xaa][0x10][0x10][0xe4][0x8f]Q[0xc1]x[0xb8][0xfa][0xb9][0x7][0xf8][0xfb]![0xaa][0x15][0x13][0xd0][0xa8]*1S7[0xe6]Hk[0xba]h[0xed][0x1b]D[0xfd]E;[0xdf][0xd0]-[0xbd]!-b[0xa1]q[0xb8]![0xad]G[0xa1][0xb5]M[0x88][0xf4]Fk[0x9b][0x10][\r]'Z[0xdb][0x84][0xd4][0xa2]H[0xcc]+[0x81][0xec][0xc6][0xf2]M,[0x2]MP[0xfa]$[0xe6]b^[0x99][0xe3]Z[0xa2][0x90][0x91][0x99][0xc]Z[0xa1][0x9a][0x8f]4[0xe5][0x8][0x1a])&*?![0xad]vHJ,NM)J[0xcb][0xac][0xc0][0xc8][0xaf]`[0x99][0xd4][0xb4][0xc4][0xd2][0x9c][0x92][0x14][0xd0][0xae]0hG[0xca][0xcc][0x12]4[0xd0]I[0x9c]5[0xf4][0x9a][0x4]4G[0xba]%[0x8a]6[0xe3][0x94][0xe8][\r]t[0xa4]qJs[0xa4][0xfb][0xa2]h[0x9c]N[0xe8]v4[0x87]9[0xdd]f[0x8a][0xcd][0xa9]{2[0x7][0xbe]xB[0x9a][0xdc][0xa4]q<[0x99][0xd0][0xad][0xe4][0xa0][0xc2]l+[0x9e]ar[0xe4]Tn[0x82][0xc8][0xcc]4[0xab][0x19]A[\r][0x2]h[0xeb][0x92][0xfe][0xd9][0x18]i[0xe6]u[0x0],[0xa7][[0xad][0x86]t[0x81][0xc][0x8d]s[0x1][0xd2]%.[0x3][0x10][0xa0][0x88]*u[0x0],G[0xb4][0xf3][0x7][0xc0]rDF[0xa5][0xbf][0xe5]H[0x7][0xe][0xc][0x80][0xe5][0x88][0xb5][0x13][0x3]`9"[0x7][0xd3]c[0x8c][0xc6][0x9c]n[0x93][0xf5][0xe6]t;[0x6][0xc1][0x1c]i[0xb2][0x1e][0xfb][0xf8][0xe9][0x80][0xe][0xef][0x9a][0x83][0x1a][0xbe][0xd0][0xea][0x9][0xbb][0xf3][0x90][0xfa][0xb6][0x96][0xf8][0x16]1Qqx[0xd7][0x9c]n[0xa7][0x19][0x98]#-;[0xc0][0xee][0xfd][0x81][0x8d][0x1d][0xa4][0xb5][\n]"
05:47:25.272 [main] DEBUG org.apache.http.wire -  << "[0xd8][0x9d]7 [0xb1][0x83]h[0x9][0xe]"G![0x6] [0xb0];j[0x80]#[0x12]Q{bw[0xde][0x80]D$[0xa2]V[0x1d]<[0x8e][0x1a][0xdc][0xd3]a[0xe6](7[0x99][0xf8]G[0xe0][0xbb][0xc8][0x84]n[0x9b][0x94][0xcc][0x91][0xae]2q)[0xcd].[0xcd][0xc3][0x18][0xf7]@[0xa4].3[0xa2][0xcf][0xde]0G:i[0x1]{[0xf2][0x18][0xd8],[0x85]r?[0xca][0xa0][0x89][0x9]BYj`[0xc3][0xc][0xe9][0xa8][0x4][0xec]Q[0x8a]H([0xf4]K[0xbd]H[0x8b]I[0xb0];j[0x80][0xc3][0xc]1|[0x8e][0xdd]y[0x3][0x12]f[0x83][0xbb][0xba]C[0x9a][0xbc][0x1b]Da6[0xa8][0xf3][0xa6][0x5][0xd2]q[0xf][0x83]&[0xcc],[0x90][0xb6]v[0xd3]d[0xd7][0x6][0xfa][0xd8]&[0x15]{[0x11][0x16]H[0xb3][0xad]C[0xcf][0xed][0x84][0xda][0xd8][0x3]Z&Z [0xdd][0xfa]2[0x88][0xd2]*bx[0x8c][0xb6][0xa3][0x80][0x16]H[0x7][0x93][0xd0]}P[0xc6][0x2]i[0x1a][0x1c]{[0xd8][0xf]l[0xd2]@[0x9a];[0xc7][0xee][0xbc][0x1][0xa8].-[0x90]&[0xdb][0x87]\Q[0x80][0xb4][0xfe][0x1a]{[0x80][0xe]p|[0x13]j[0x89][0xc]H|[0xd3][0xad](@Z[0x8e]0[0xf4]R[0x16][0xa2]A[0x4].0[0x1d][0x8b]2[0xd3][0x13][0xf3]K@'5[0xa2][0x1e][0x97][0x8a]o[0xcb][0x2][0xb1][0x1b][0x9][0x8c]-[0x90][0xd6]S[0xc][0xb9][0xa0]B:[0x6][0x84]>[0xab][0x7]-[0x90][0x8e][0x3][0x1]GN@0m[0x96][0xd8][0x1b][ [0x1d][0xe9]A/[0xbf]![0xca][0xc]Z[0xfb][0x8d]n[0x5][0x1][0xd2]![0x17]4[0xf6][0x13][0xd2][0x91][0x14][0xb4][0xb6][0x9]1[0xf9]4[0xe4]r[0xac]1Z[0xe1]F[0xbb][0xfc][0x83][0xb4][0xb3][0x1d]g| *A[0xe2][0xcb]K[0xa4]u[0x10][\n]"
05:47:25.272 [main] DEBUG org.apache.http.wire -  << "[0x18]#z[0xd4])[0x92][0x91][0x16]@[0xe0]t:ulBZ[0x6]1[0xe4][0x92][0x12][0xd2]*[\n]"
05:47:25.272 [main] DEBUG org.apache.http.wire -  << "Z[0x87][0x12]b[0xc2][0x95][0xd6]6![0xb6]u[0xd0][0xda]&DW[0x96][0xd6]6!F[0xea]hm[0x93][0x99][0xe][0x0][0x0][0x0][0xff][0xff]"
05:47:25.273 [main] DEBUG org.apache.http.wire -  << "[\r][\n]"
05:47:25.273 [main] DEBUG org.apache.http.wire -  << "8D3[\r][\n]"
05:47:25.273 [main] DEBUG org.apache.http.wire -  << "R[0x82][0xce][0x9a][0xd2][0xda]&[0xba]U`H[0xbb][0xff][0x87]\[0xe]EZ[0xa2]1[0xf4][0xdc]>[0x84]+Y[0xa4]{+[0x86]^[0xb8]#J[0xc0][0xa1][0xe7]vD[0xf9][0x93][0x99][0x97][0x92][0x9f][0x9b][0x99][0x8a][0xd1]@H[0xcc].U(.[0xcd]NT@([0x80][0xae]v6"z[\n]"
05:47:25.273 [main] DEBUG org.apache.http.wire -  << "[0xd0][0x2]i[0xf1][\n]"
05:47:25.273 [main] DEBUG org.apache.http.wire -  << "[0xb4][0x9c][0xc3][0x9c][0xf0][0xc4][0xd7]>[0xa0][0xdb]$[0x92][0x85][0x19]b[0x82][0x1d][0xa7]K[0x11][0x8d]0|;g[0xa9]9[0x4]m[0x8e]^[0x9f][0x17][0x9b][0x16]c[0xc4][0x14]<[0x0][0xd1][0xcf]{033#n![0xab][0x5][0xd2]T-"[0xba]Q[0xfb][0xf0]TI[0xf]HG[0xe2][0xd3][0xd6][0x1e]Dl[0xd2][0xd6][0x1e]D'[0x81][0xa6][0xf6] [0xcd][0xbb][0xd2][0xd6][0x1e]Dz[0xa3][0xad]=H[0xad][0x92][0xca][0xbc][0xd4][0xa2][0xf4]L[0xf0]e;[0x90][0xeb][0xa6][0xb0]_x[0xe3]Y[0x94][0xf]Z[0x97][0x0]+[0x83],A[0xbb]j[0x89][0xd9]qa[0x89][0xb4]=[0xf]q[0xc]:[0xc8]4[0x5][0xa7][0xfc][0x92][0x92][0x1c][0xcc][0x92][0xcf]9[0x1f]t[0x14]^[0x9]H[0x2]j[0x9b][0xb9]9(#[0x12]g[0x1b][0xa2]6[0xe][0xce]IM[0xcd]Vp/J[0xcc][0xcb],IU[0x8]O[0xcc][0xc9]I-[0xc1][0xc8][0xbc][0xb0][0xf3][0xd8][0x11]e[0x8b][0x89][0x1]h[0x9b]9q[0x96]![0x82]q[0x88]UA&[0xa6][0xf4]:[0x8a][0xd9][0xc4][0xd4][0x0]Q[0x18][0xd0][0xfc][0x0][0x12][0xa4][0x99][0x1d]<v!"[0x9b][0xd8][0xde][0xbc][0x89])[0xd2][0xbc][0x8][0x1e][0x93][0xe1]u[0x1]%G[0xdd][0x98][0x1a]"[0x8a]5heH[0x9b][0xb1]C[0x13]S[0xa4]qQ[0xec][0x93][0x13][0x88][0xa0][0xa2]W[[0xc0][0xc4][0x94]^C[0xa7]&[0xa6][0xf4][0xba][0xdb][0xdc][0xc4][0x14][0xe9]Da[0x9a]F[0xa9][0xb1][0x5][0xd2][0xbe]3Z[0xdb]D[0xb7][0x91][0x1][0xa4][\r]Y[0x8e][0xa9]E[0xf9])[0x95]y[0x89][0xa0][0xcb]4`[0x97][0xc4][0x85][0x80]nk[0xc3]([0xda]]+[\n]"
05:47:25.273 [main] DEBUG org.apache.http.wire -  << "RS2K[0x12][0x15]JK@G +$[0xe7][0x17][0x15][0xe4][0x17][0x91]w[0x6][0xb2][0x5][0xd2][0x15][0xca][0xc1]H5[0xa6]Of^j[0x9e][0x82]Sb:[0xa6][0xed][0xc5]%[\n]"
05:47:25.273 [main] DEBUG org.apache.http.wire -  << "[0xa9]EE[0xf9]E[\n]"
05:47:25.273 [main] DEBUG org.apache.http.wire -  << "y[0x99][0x19][0x99]9 [0x17]d[0x96]([0x14]g[0xe6][0x95]([0x14][0xa5][0x16][0x95][0xe6]*[0x94][0xe6][0xe4]$[0x92]u8[0xab][0x5][0xdd]6[0x8d]Y[0x98] [0xda]#4NKt;2[0xd5][0x82]n[0x1b][0xe1],[0xe8]v8[0xab][0x5][0xd2][0xf5][0xa1]C[0xac]!bl[0x81][0xb4][0x83][0x1][0x9a][0xc6][0x6]k[0x1f][0x15]s[[0x3][0xa6]K[0x11][0xf5]%[0xdd][0xfa][0xa8]H-[0xde][0xfc][0xbc]J[0x5][0xda]M[0x94]`[0x1e]~[0x88][0xe9]|[\r] z[0xb5] [0x8c]-[0x90]N[0xe8][0xc2][0x99][0xa6][0x6] [0xa6][0x10][0xa3]>8]5H[0xc2][0xf][0xd1][0xb1][0xc1][0xe9][0xd2][0x1][0x8]?DG[0x2]{cu`W[0xd2][0x80][0xba][0x8d][0xd0]I[0x5][0xec][0xce]C[0x84][0x18][0xfd]r[0x2][0xd2]v[0xc][0x9a][0x8e](`^[0xbf]9X[0xcb][0x6][0xa4][0x1d] [0x83](m[`[0xb4][0xa5][0x7]m[0xf8]a[0xcc][0xd2]a[0xba][0x14][0x91][0xd2][0xe9]U[0xb]"[0x1d][0xa1]E[0xd3]t[0x8e]|[0x80][0x16]x|[0x9]6[0x80][0xa4][0x10][0x9e]X[0x92][0x9c][0x81][0xd1][\r][0xf0]IM,[0xc9]HE:[0xab][0xc4][0xc2][0x8]4[0xf9]H[0xcc][0xf0][0x92][0x5][0xd2]*|[0xc8]XVx~~[0xe][0xf1][0x3]YFF[0xa0][0x12][0x89]8[0x9b][0x90][0x6][0x1c][0x90]z7[0xc1][0x99]9[0xd9][\n]"
05:47:25.273 [main] DEBUG org.apache.http.wire -  << "[0xce]X[0xaf][0xa1][0x80][0xdc]Q[0x81][0x88]g##[0xd0][0x18]61[0x96]Y"[0xad]Iw[0x83][0x9f],[0x3]1O[0xc1]9[0x1f][0xcb][0x89][0xbb][0xc1][0xf9]9[0xa5]%[0x89][\n]"
05:47:25.273 [main] DEBUG org.apache.http.wire -  << "[0xa9]%[\n]"
05:47:25.273 [main] DEBUG org.apache.http.wire -  << "[0xc9][0xa5][0x5][0x99][0xa0].]I*[0xd2][0x11]3[0xf8][0xaf][0x5]B:/[0xc2][0x12]y[0xcc][0xb][0xc9][0x9b][0xce][0xf9][0x5][0x5][0xa9]E[\n]"
05:47:25.273 [main] DEBUG org.apache.http.wire -  << "[0xde]y[0x99]i[0xa0]AG[0xd4]qw[0x88][0xc3][0x10][0x1e][0xb5][0xb0][0x4]u[0xb0][0x89][0xf3]("[0xa7][0xc][0xb5]V[0xb9]%[0xd2][\n]"
05:47:25.273 [main] DEBUG org.apache.http.wire -  << "qH[0xda][0x83][0x1e][0xfd][0x13][0x90][0x98]W[0x82]9[0x5][0x12]T[0x9a][0x94][0x84][0x9c][0xc8]M[0xcd]@[0x17]e[0x13][0x17]H[0x88]J[0x1d]b[0x11]<Ca[0xb7][\n]"
05:47:25.273 [main] DEBUG org.apache.http.wire -  << "[0xda][0xe7]GD[0x88][0xa5][0x85][0xa9][0x11]q[0xd3],[0x96]H[0xa3][0x83][0xc8][0xc3][0x8]p[0x1b][0xbd]S+[0x93][0xf2][0x13][0x8b]R[0x8][0xe7]b3[0xf0][0xf9]_Dy[0x10]i[0xbd][0xf7][0x90]K[0x5]H[0xe7]T[0x7][0xe7]&[0xe6][0xe4] ]_[0x8a][0xb5]T[0xc0][0x12]9[0xa0][0x84]D\8![0xc6][0x1a]<[0xf3]JRsr2[0xd3]S[0xf3]J[0x14] #,[0xd8][0xd3][0x2]x[0xbe][0x2][0x91][0x12][0xcc]-[0xc]M[0x89]L[0x9]H[0xb][0xca]=R[0x13][0xcb]*[0x15]\JK*[0x11][0xbe][0xc3][0x99][0x10]@[0xf3][0x16][0xc8][0x16][0x82][0x86]b[0x88][0xf3][0x1d][0xa2]~[0x87]_[0xe6][0xe5][0x9c]_R[0x92][0x9f][0x87][0xab]@[0x87]d8[0x84]e&[0x96][0xa0][0x81]t[0xe2],C[0x14]<[0xc8][0x83]U [0xc7]+8[0xa5][0xe6]a[0xa9][0xa6]0K9[0xd0]E[0x97][0xc4]Y[0x86][0xe8][0xd5][0x4][0x14]%&[0x97]d&'[0xe6][0xc0][0xae]0[0xf2][0xc0]R[0x9a]C'd[0x10][0x1e]35[0x6][0xad],&[0xce].[0xa4]~[0x9]8=[0x6]$[0x82]Jn[0xec]U/z[0x0][0x1a][0x19][0x83]V[0xca][0x12]g[0xf][0xa2]P[\n]"
05:47:25.274 [main] DEBUG org.apache.http.wire -  << "*[0x5]O[0x8d]A[0xeb][0x8][0xac][0xf5][0x13]D[0xe][0xe1]!KS[0xe2]-BT[0xbc][0xc8]%[0x12][0xa4]<U[0xc0][0x16]|[0x10])[0x84]eF&[0xa0]C[0x9b][0x89][0xf2][0x15]([0x98][0xa1][0x1d][0x14][0xa4][0xdb][0xa6] [0x19][0xc]{-[0x8f][0x1e][0x84]f[0xc6][0xa0][0x8c]C[0x9c]e[0x88][0xec][0xec][0x93][0x99][0x9e]QR[0x9e][\n]"
05:47:25.274 [main] DEBUG org.apache.http.wire -  << ""[0x15] &b[0xf5]Yx~~J*[0xd2][0x1c][0xa3][0xa9]%h[0xa5],q[0x96]!r[0xd7][0x90]+c[0x91][0xe7] [0xc0]i[0x1a]6[0xff][0xa9][0x80][0xbd][0xd0][0xc3](c[0xcd],L[0x8d][0x89],[0xf6][0x90][0xee]d[0x84][0x97]B[0x90],[0x84]-[0xa9]a[0xb4]][0x8d][0xc0][0x87][0xac][0x13][0x17]#[0x88][0x9c][0xea][0x9a][0x97]_[0x94][0x9b]_Z[0x8c](^[0xb1]{[0xc]=[0x1b][0x19]Y[0x80][0xce][0xfc]%[0xce]6D~E[0xce]F[0xb8][0xbd][0x6]j[0xd9]"[0xf2][0x10][0xf1][0xe7][0x7]Z"-[0x13]w,O-[0xce][0xcf]MU[0x80][0x16][0xe3][0xc1][0x19][0x99]E[0x98][0xf3][0xcb]hU[0x94][0x85]%[0xb1][0x7]"[0x82][0x13]?4[0xb7]"[0xe6][0xcd][0xe1]i[0x3]GA[0x4][0xaa]P[0x10][0xfe][0xb2][0xb0][0x0]-[0xf8] *[0x4][0x8d][0x11][0xa3][0x88][0x8][0xdb][0xa0]E[0xb5]B@N"x:[0x1e][0xb5]e[0xc][0xaa]N[0x10]v[0x19][0x1b][0x83][0xf6][0x81][0x13]g[0x17][0xa2]h[0x80][0x96][0xae][0x90][0xac][0x8f][0xc3][0x1e][0x8c][0x4]on[0x8][0x1a]m [0xce]*[0xc4]"1x2[0x84]&k[0x5][0xac][0xa7]XB[0xbd][0x8c][0xf0][0x97][0x85]![0xd1]MY[0xa4]K[0xf3]\J[0x8b]@sR[0x88]$[0x8f][0xbd][0xda][0x5]u[0xe8][0x10]V[0x99][0x11][0xbf][0xf2][0x0][0xe9],[0xc4]!W[0xe0]!M[0xe6]![0xd7][0xc][0xf0][0xa4][0x8d][0xe3]rS[0xd4][0xe4]fj[0x2][0x9a][0x9b]".[\r] [0xea]Xd[0xfb][0xe0][0xad]~lE[0x1f]j[0xc4][0x98][0x1a][0x82]N;'[0xca]2[0xa4]yBd[0xcb][0xa0][0x9][0x1c][0xfb][0xd2][0x1a][0xf4]*[0xdd][0xc4][0x10]t6[0x6]q[0xd6]![0xb2]-R[0x95][0xe].tp[0xdc]T[0xb][0x96]C[0xa4]9#c[0xd0]Q[0xa1][0xc4][0xd9][0x85][0xc8][0xb6]HvA+t[0xec][0xed][0x7]X[0x9c]"[0xec]3[0x6][0x1f][0x12]F[0x9c]}Hy[0xb7](=?/[0x1f]4[0xe5][0xb]/l[0xf3]S1[0xbb][0xa1][0xa8][0xa5][0xba][0xb9]![0xe8]J[0x10][0xe2][0xac]B[0xb4][0x1f][0x90][0x1b][0xcc][0xd0]X[0xc3][0x91]@P[0x1a]+f[0x96]D[0xa7]G[0xa4]iA[0xf8][0xe5][0xc2][0x90][0x9a][\n]"
05:47:25.274 [main] DEBUG org.apache.http.wire -  << "{;[0x16]=[0xc6]L@#[0x98][0xc4]y[0xb][0xd1]4[0x87]t[0xdf][0xa0][0xa5][0x1b][0x8e][0x82][0x16]*[0x8b][0x88],KS[0xd0][0x89]n[0xc4]Y[0x85][0xa8][0xef]1[0x6]u[0xb0][0x85][0x1f][0xb8][0xd5][0x89][0xb0][0xc9][0xcc][0x80][0xe8]Q[0x15][0xe4]=/[0xe0][0x11]8H[0xbb][0x81]X?[0x19][0x9b][0x82]N[0x1a]&[0xca]OH[0xfb]F[0x86]\![0xb][0x1a][0x13][0x81][0xb6][0x1e][0xa0][0xa3][0xdc][0xb4]YBdl[0x9]j|BmB.[0xf1][0xa0][0xb5][0xb6][0x2][0x8e][0xd2][0x1c][0x12]i[0x88][0x4]`j[0x2][0x1a][0x9c]#.Z[0x10][0x99][0x15][0xd1][0xe1][0x84]U[0xea][0xd8][0xcb]![0x8c][0x94]mb[\n]"
05:47:25.274 [main] DEBUG org.apache.http.wire -  << "[0xda]r@[0x9c]u[0x88][0xce]4[0xd2]P[0x1][0xa8]6[0xc2]1b[0x8][0xf5]9[0xc2]oF[0x86][0xc4].[0x4][0xb6][0x4][0x8d][\r]c[0x9]Lp[0x11][0x80][0xa3]?[0x80]Z[0xe8][0x19][0x99][0x11][0xdd][0xc]3EdYh3[0xc]^%[0x6]g`-^KR[0xc1][0x97][0xb4]@WeZ[0x9a][0x82][0x86][0xb6][0x88][0xb]CD[0xfb][0x1c]j[0x15]$[0xfe]q[0xc].[0x83][0xbd][0x8b][0x8]?[0x13]C[0xd0],[0x16]q[0x16]a[0xaf][0xeb][0xc1][0xb1][0x85][0xbd][0xf2][0x5][0x97][0xbc]Hv[0x11][0xdf][0x8c][0x5][0xa5] h\[0xc1];SPoa[0xef][0xe0]`$[0xc][0xb]#[0xd0][0x1d]#Dy[0xc][0xd4]m[0x80]Z[0x86]<:[0x6]j[0xa7][0xe0]H[0x86]h%[0xac][0xa5]![0xa8][0xa3]I[0x9c]][0x88][0x8a][0x1e]%GC[0xc7]Z[0xb0][0xae][0xa3]E[0x8b]2ss[0xe2]}[0x86][0xc8][0xce]H[0xf9][0xb][0xda][0xac][0xc0][0xde]lF[0xf3][0x1a][0x9][0xcd]3PF[0x84][0x6][0xe3][0x90]+[0xd2]17s[0xd0][0xaa]H[0xc7][0xdc][0x8c]A3[0x9b][0x10][0xf9][0x95][0xc6][0xd5][0x14][0xd2][0xe2][0x1d]ZN[0x10]Z[0x82]V[0xaa]CS[0x18]m[0xed]Ad[0x1b][0xda][0xda][0x83][0x88]![0x9a][0xda][0x3]*[0xe2][0xe9][0x11]n[0xa0]iJ[0xa8]=[0x1][0xc1][\n]"
05:47:25.274 [main] DEBUG org.apache.http.wire -  << "[0x98][0xe9]:=17U[0xc1]T[0xa1][0xb8]$[0x11]i[0xd2][0x16][0xff]z[\r][0xe4])FP[0xcf][\r]j<[0x8d][0x13]4[0xa8]KJ[0x1f][0x9b]@[0xc3]pt[0xb2][0x9][0xd1][0x9d][0xa5]q[0xe8][0x81][0xaa]':[0xf9][0x9][0xd1][0x8d][0xa5][0xa9][0x9f]L[0xc][0x90]g[0xeb]h[0xb9][0x12][0xd0][0xc4][0x0]i3[0x4][0xad][0xfd]D[0xbf][0xd0]C[0x14][0xa8][0xb4][0xf6][0x13][0xa2]GAk[0x9b][0x90][0x6][0x0]h[0x9c]"[0x10][0x9d][0x89][0xcc][0x80][0x8c][0xfc][0xbc]TC[0xcc][0xab][0xe][0xc1][0xfb]#SS`[0x17][0xa2]"5[0xba][0xf1][0x9e]L[0x8e](^M[0xc][0x90][0x8e]k[0xa2]u[0xd0]![0xea]=[0x1a][0xdb][0x84]4-Gk[0x9b][0xe8]T[0xbc][0x9a][0x18][0x18]![0xba][0x10][0xb4][0xf6][0x13][0xdd][\n]"
05:47:25.275 [main] DEBUG org.apache.http.wire -  << "[0x8][0xb2][0xb6][0xf0] [0x12]9[0xd1][[0xcd][0xc]@[0x3]T[0xf4][0xa8][0x9b]L[0xc][0x90]F[0xab]s3s[0xb2]1[0xd6][0xbd] \[0x8f]o[0x1d][0x1f]r[0x6][0x5]-[0x88][0x80][0xba][0x9d]Z&""[0x98].[0xc7][[0x99][0x18] [0x1d][0x8][0xe4]Y[0x0]*[0xcb][0x14][0xc][\r][0x15][0xcc]L[0x14][0xd2][0x93]0[0x2][0x8][0xdf]rm[0xe2]#[0x1c][0xe9][0xfe][0x9b][0xc1][0xb2]r[0xd8][0xc4][0x0]i([0x8a][0x9a][0xa1][0x0][0x0][0x0][0x0][0xff][0xff]"
05:47:25.275 [main] DEBUG org.apache.http.wire -  << "[\r][\n]"
05:47:25.275 [main] DEBUG org.apache.http.wire -  << "3A1[\r][\n]"
05:47:25.275 [main] DEBUG org.apache.http.wire -  << "RrN,IM[0xcf]/[0xca]L-V[0xb2][0x8a][0xa6][0xde]f}[0x13][0xf0][0xb8].4[0xe9][0x5]gW[0xe5][0xe7]+[0x84][0xe7][0xe7][0xa4]%g$[0x82][0x96][0x14][0xa0][0xce]\[0x6][0x97][0x14]%Vfg[0xa6][0x80]f[0x10][0xa0][0x83]Y[0x86]f[0xa0][0xc5]aD[0xc][0x8f][0x98][0x98]"M[0x95][0x6]'[0xe6][0x16][0x97][0xe6][0xa5]+[0x4][0x1b][0x19]+[0x84][0xe6][0x94][0x14]%b$[0x10][0xf7][0xc4][0x9c][0xc4][0x8a]J[0x92][0xf3][0x91])h8[0x1c][0xea][0x99]A[0x93]$LASEPG[0x11][0xf6]9[0xc2][0xcf][0xa4][0x84]-R#[0x8c]`[0xd8]fdV&[0x82]B[0x1c][0x1a][0x85]D[0x16]Q[0xa6]H7[0xd6][\r][0x9e][0xa0]E[0xda][0xff]6[0x88][0x1c][0x85][0x14][0x1b]4m>[0x9a]"[0xcd][0x89][\r]"[0xef]#Z[0xcf][0x83][0xc7]QH[0x7][0xb1][\r]"G![0x1a][0x96][0x83][0xc8]QH[0xdd],[0xf0]D!t[0xfc][0x1d][0xeb][0xe2]3[0xd7][0x8a][0xd4][0xa2][0xe4][0xcc][0x92][0xc4][0x92][0xcc][0xfc][0xbc][0xd4]\[0x85][0xdc][0xc4][0xf4][0xbc]L[0x85][0xfc][0x94][0xcc][0x12][0x85][0x94][0xfc][0x9c][0xfc]"2[0x96][0x9b][0x9b][0x98]"[0xd5][0xa0][0x83]'T[0x90][0x8e]|[0xa2]i[0xcb][0xdc][0xd8][0xd2][0x1c][0x91]}h:r[0x8]Z[0xff][0x8][0xad][0x95][0x86][0xdc][0x98]>h*[0x1f][0xea]v[0x9a][0x8c]F"[\n]"
05:47:25.275 [main] DEBUG org.apache.http.wire -  << "p[0x9a][0x18][0x8f][0xc8]a41[0x1e]1[0xa6]@[0xb][0xe3][0x91][0xb6][0xc][0xd1]8'[0x80][0xd6][0xa1]@c[0x99][0xd6]6![0xf2][0x1c][0xad]mBD[0xe][0xad]mBL[0x1e][0xd3][0xda]&[0xba][0x8d][0xf9] [0x1d][0x8a]DS?[0x99][0x18] ]KBk[0x9b][0xe8]6[0xe6][0x83]t3[0x8][0xad][0xfd][0x84](@im[0x13][0xa2],[0xa5][0xb5]M[0x88]2b[0x88][0xd5][0x97]&[0x6][0x6][0x88]R[0x7]{[0x93]j [0xb7][0x80][0x9b][0x18][0x80][0xc6][0x10][0xa0][0x5]=v[0xe7]!:[0xc5][0xf8][0xa7][0x14][0xa9]8.b[0x0]Z[0xa5][0x3]u[0xd4][0x90][0x8b]o[0xd0]F[0x1a][0xa8][0xdb][0x89][0xcf][0x15][0x88]@&~[0x8][0xe][0xb4]8[0x86]>[0x16][\r][0xe1][0xdc][0x87][0xb4][0xf9]a[0xc8][0xa5]$[0xd0]^"[0xba]D0[0xf2][0xf0] [0xd1][0x83]&[0xe4]$Y[0xa4]!B*[\r][0xb5]#[0x8d][0xef]Q[0xcb]DD[0xfd]I-[0x13][0xc9][0xa9]'[0xc9][\n]"
05:47:25.275 [main] DEBUG org.apache.http.wire -  << "^DF[0xa5]m[0xd1]3t[0xf7]r[0x98][0x18] [0xed][0xe5][0xa0][0xd7][0xe4][0xc][0xa2][0x95]I[0xbd]i[0x9]S[0xb4]i[0x9][0x94][0x19]-D[0x82][0xb][0x8]6[0xc1][0x18][0xe0]/(6QHJ,[0x2]][0xba][0x3][0x1d][0x87]6&[0xf6]|f[0x13][0x3][0xa4]+"h[0x9b][0xc6]L[0x10]}([0xea]w[0xa5]M[0xc][0x90][0xd7][0xe4][0x13]][0xe6]![0xcd][0xbe][0x10]_O#[\r][0x12][0x1f]b[0xe4][0xd9][0x84][0x18][0xd3]$[0xcb]&"[0xa7]#[0xc][0x90]V[0xea][0xc3]v[0x8d]Avc[0xe3]X[0xd7][0x1b]X[0x9a][0x99][0xa8][0x90][0x9a]_[0xac]P[0x4][0x19][0xac]T[0xc8]KMN-.[0x6][0x8f]]&[0x95][0x16]+[0xa4][0x95][0xa6]g&[0x96]($[0xe6]e[0xe6]f"[\r][[0x1a][0x81][0xba][0x9c][0xc4][0xcc]o[0x19] -[0xe8][0xa7][0xad][0xc7][0x11]my[0xb2][0xec]!![0xd1] R?[0xd2][0xce]%[0xd8]p0[0x8e][0x1d][\n]"
05:47:25.275 [main] DEBUG org.apache.http.wire -  << "[0xae][0x15][\n]"
05:47:25.275 [main] DEBUG org.apache.http.wire -  << "[0x85][0xa5][0x89][0xa9]E[0x89][0xa0][0xd3]#[0x8b][0xc0][0xc1][[0x8c][0x14][0x9e][0xc4][0x9e]:bb[0x80]t1[0x3][0x8d][0xfd][0x89][0xb4]"[0x1d][0xbe][0xb3][0x8][0xbc]0[[0xc1]9?[0xb7][0xa0][0xb4][0x4]|D[0x7][0xea]T[0xa8]cqAjQf~Qj1[0xe4]l[0xca][0xfc][0xe4][0xe4][0xc4][0xd4][0xe4][0xc4][0x92]L[0x85][0xc2]R[0xf2][0x92][0xf][0xf2]Ju[0x9a][0xcd][0x9e]S[0xb3][0x4][0xda][0xe3][0x4]m[0x19][0xd2]r[0xe9][0x92][0x19][0xa2])DSk[0x10][0xd5][0x15]M[0xad]Aj[0x1d]![0x1d][0xa5][0x3][0xde]h[0x81]#C9[0x96]B'SRs[0x15][0x8a]R[0xb]RsrR[0xf3]RJ[0x91][0xf3][0x14][0xf1]e[0x14][0xd2][\n]"
05:47:25.275 [main] DEBUG org.apache.http.wire -  << "u[0xcf][0x0][0xf]?W[0x5]CS[0x85][0x80] [0x8c][0xea][0xd9][0xc3][0xd5][0xcf]=[0xc0][0xdf][0xf][0xd1][0x0]4[0x1][0xd5] D[0x95][0x83]H[0x7]S[0xd2][0xcc][0xe][0xa4]U[0xe9][0xb4][0xb3][0x3]Q[0x91][0xd1]p[0x1e][0xc6][0xc4][0xc0][0x1c][0xb1]P[0x87][0xb6][0xf6] [0xa5]p[0xda]][0x9e]ab[0x0][0xda][0xf7][\r]+[0x17]hi[0xf][0xe8][0x94].[0xa8]=4[0xae][0x1f][0x90][0xd6][0xd8][0xd3],[0xb5][0x81][0xb6][0xe6]C}C;;[0x10])[0x8d]vv [0x8a][0xeb][0xc1]3[0x94][0x87][0xb4]y[0x81]P[0xe1][0xe][0x0][0x0][0x0][0xff][0xff]"
05:47:25.275 [main] DEBUG org.apache.http.wire -  << "[\r][\n]"
05:47:25.276 [main] DEBUG org.apache.http.wire -  << "284[\r][\n]"
05:47:25.276 [main] DEBUG org.apache.http.wire -  << "[0xa2]d[0x95]-[0xe8][0xd4][0x8]h[0x1c][0xe][0x1e][0xbf]#[0xdd][0xc1][0x81]3[0x9b] [0x8a]y[0xe2][0x1b][0x87][0xf4][0xda][0x9]`b`9[0x18][0x93][0x14][0xf2][0x81][0x86]Dw[0xdd][0xc8][\n]"
05:47:25.276 [main] DEBUG org.apache.http.wire -  << "gDs[0x10]%*rf[0xfc][0xc8][0xf0]=[0xb8][0xb7]0[0xd8][0xb2][0x94]![0xd2]I[0x8c]8[0xb3][0x14][0xc6][\n]"
05:47:25.276 [main] DEBUG org.apache.http.wire -  << "W[0xb2]|[0x8f]([0xb0][0x89][0xb7][0x88][0x9c]^[0xbb]!h[0x17][0xf9][0xe0][0xb]g[0xa4][0xc6]2[0xd1]y[0x8c]<[0xef]#2[0x19][0xad]jFC[0xd0]1t[0xd0] [0xa6]ud"rg@Q~Jir[0x89][0x82]ciNf[0xa2][0x2][0xe6][0xde][0x92][0xcc][0xbc]LX[0x8d][0xa7][0x90][0x8]W[0x3][0x1d][0x91]#r([0xc6][0x10]i[0xa6][0x8c]>[0xf6]!Z[0xe6]4[0xe]I[0xa4][\r][[0xf4][0xf1][0x19]"[0xc3][0xd3][0xc7]>D[0xd5]J[0x1f][0xfb][0x10]}[0x10][0xfa][0xd8][0x87](A[0x9c][0x8a][0x12][0x93]S[0xb1]]e[0xe5][0x9b][0x98][0x92][0xaa][0x90][0x9f][0xa6][0x90][0x91][0x99][0x9e][0x1][0x1a][0xba][0xca][0xc9],[0xa9]T(HM,[0xca]A.J@[0xbb][0x8d][0x88][0xe9][0xfe][0x1a][0x1a]"[0x8a][0x12][0x97]0[0x17][0x5][0xef][0xcc][0xdc][0xd4][0x92][0xe2]R[0x85][0xbc]|[0x85][0xc8][0xc4][0xcc]$[0xd0][0xba]k[0xd4][0x91]$D[0xbd]`hd[0x80]:[0x4][0x8e]gx[0xdd][0x10]iG[0x17][0xc8][0x1a][0xdf][0xd2][0xf4][0xd4]<[0x85][0x90][0xa2][0xc4]L[0xcc]e[0xfb]xl@[0xdf]W[0x80]4[0x80]o[0x88]t[0x9b][0x12][0x8d]l[0x0][0x85])[0xb4]D[0xa4][0x95][\r][0x88][0x92][0x82]V6 [0xe6]U[0x6]M[0xf3][0xcc][0x10]i[0xfa][0x10]9[\n]"
05:47:25.276 [main] DEBUG org.apache.http.wire -  << "[0x91][0x17][0x7][0x91][0xa3][0x10]C[0xdc]4[0xae]J[0x90][0x16][0x1]`[0xf7][0xfe][0x80].[0xc1]1D[0x9a]~[0xc7][0xee]<D)B[0xb7]%8[0x86]HS[0xf5][0xd8][0x1d]5[0xc0]a[0x86][0xa8]=[0xb1];o@[0xc2][0xc]Q[0xc5][0xa6]'[0xe6]f[0xe6]a^[0xb1][0x95][0x96]_[0xa4][0x0][0x91]R((-*[0xc8]/[0x6][0x1f][0x9][0x7]m[0xf3][0x11]=[0x0]`[0x88][0xb4][0x1f][0x88][0xc6]Y[0x7]i[0xa6]_[0x1]c[0xa4][0x1a][0xa3][0xa3][0x85]\k[0x13][0xbb]A[0xda][0x10]iB[0x9e],[0xcf][0x10][0xdb]T6F4[0xcd][0xc9][0xb2][0x87][0xf8][0xe8]A[0xda][0xa3]Jk[0x9b][0x10][0x95],[0xad]mBT[0xb6][0xb4][0xb6][0x9][0x91][0x8b]hm[0x13][0xdd]j [0xa4]s[0xf9][0x8][0xfb][0x9]|[0xe8][0x0][0xd1]Y[0x89][0x8a][0xf3][0x8a][0x86]H[0x13][0xfb][0x84][0x9d][0x9][0xbb]/[0x14]Q[0xd2][0x12][0x9f]C([0x9d][0xb0]'[0xc1]&D[0xd3][0x87]x/[0x11][0x1d][0xf8][0xc8][0x8d]v[0xba]M[0x9a][0x1b]"M[0x9a][0xd3][0xd8]OH3[0xe3]P[0x9b][0xb0],'[0xca]I[0xac]T([0xcf],[0xc9]P[0xc8]J-.[0x6][0xf5][0xb6][0xc0][0x9][0x18][0x91],[0xf0]7Z[0x90][0x83][0x10]i[0xa7][0x17][0xa4][0x96][0xc4][0xa8]r[0xa8]T[0x81]"M[0xa0][0xf][0xb5]e[0xa1][0x86]f[0xa4][0x94][0x8f][0xe0][0xa8] :9S[0xb3],A:[0xb7][0xe][0x9a]t0O[0xae][0x82]7 [0x6][0xd0][0x99][0x88]1[0x3][0xec][\r][0xc9][0x81]m[0xe7]"[0xcd][0xe8]CC[0x91][0xe8][0xc][0x88][0x14][0xeb][0xc4][0xe7]@[0xa4][0xd9]}[0xec]"
05:47:25.276 [main] DEBUG org.apache.http.wire -  << "[\r][\n]"
05:47:25.277 [main] DEBUG org.apache.http.wire -  << "89[\r][\n]"
05:47:25.277 [main] DEBUG org.apache.http.wire -  << "[0xc1]Al[0xb6][0xa6]fR2[0xc7]h[0xe5][0x10][0x1d][0x8][0xc4]:[0x17][0xb9][0x14]B:[0xf]o[0xc8][0x15][0xe]H+[0x1a][0xa0][0xe9]eP[0xe6]:[0xcc]{9i[0x1b][0xa3]C[0xa3][0xc8]D[0xda]~<[0xf4][0x12][0x1e][0xa2][0x1c][0x1d][0xd4][0x9][0x8f][0x94]&[0xff][0xc0][0xd5]J[0xe6][0x88][0xbe][0xea][0x90]K[0x9]$-[0xe][0x1a][0xb8] FZY4[0x98][0x13],[0xd2][0xe2][0xa4][0xa1][0x97][0x12][0x10]Sj4[0x9b][0xda][0xb5]@[0xc][0x4]B[0xa3][0x11][0xf3]nOx3[0x13][0xd6]e%[0xba]iD[0xcd]V[0x8c][0x5]F%[0x84][0xe9]RDs[0x5][0xdf][0xa8][0x16][0x85][0xae][0x2][0x0][0x0][0x0][0xff][0xff]"
05:47:25.277 [main] DEBUG org.apache.http.wire -  << "[\r][\n]"
05:47:25.277 [main] DEBUG org.apache.http.wire -  << "182[\r][\n]"
05:47:25.277 [main] DEBUG org.apache.http.wire -  << "[0xaa]En[0xec] [0xad][0xcf][0xf2](P[0x8][0xcb],[0xcb]W[0x88]42[0xc2][0xe8]w[0xe5][0xa6][0xe6]f[0xe6]dfg*[0x14][0x17][0xa4][0x16]g[0xa6]ef'[0x16]g*T&[0xe6][0xa5]+$[0x16]d[0x82]Na[0x83][0x8e]a[0x1a][0x83][0xe6][0xd1][0x88]][0xb7]o[0x88][0xb4]j[0xb][0x1a]y4m[0x6]`[0x9e]tK[[0xeb][0x10][0x85]8[0xd4]wx[0xda]bX[0x92]&[0xf1][0x83][0x1c]D[0x1f]w[0x8b][0xaf][0x9b]nL[0xf4][0x88]-1[0xeb][0xda][0xf0][0xe5]9[0x12]<F[0xca][0xa8][0xe3][0xc0][0xd5]%[0xa0][0xb][0xc][0xa0][0xb3][0xa9][0xf8]c[0x9a]J[0xe1][0x8f]Q[0xe6][0xe1]IX[0x3][0x18]*[0x18][0x5][0x1e][0xe]gR)TH[0x19][0xe9][0x1b][0xc0]P[0x19][0x1a][\r]e[0xa4][0x9b][0x9c][0xb1][0xf][0x4][0xc][0xe8][0xb8][0x8]x[0xdb][0x5]4[0xc7][\r]J[0xe7]![0xca]-[0xec][0xce]CT[0xf4][0xf8][0xc7]f[0xa8]X[0xd5][0x1b]![0x9d]A[0x82][0xdd]Q[0x3][0x1c][0xa5][0x88][0xe2][0x2][0xbb][0xf3][0x6]$[0xcc][0x86]D[0xa1]b[0x84]t[0xc8][0x8][0xfe][\n]"
05:47:25.277 [main] DEBUG org.apache.http.wire -  << "(#[0xb1]Xa[0xc0][0xca]>#[0xa4]u[0x98][0xd8][0xa3]x`S [0xd2]bJ[0xc8][0xe5]c[0x90][0x9d][0x88][0xd8].[0x3]s[0xca]I[0xcc]K[0xc9],[0xc9][0xcc],VH.[0xcd])HTH[0xcd][0xcb][0xcc][0x5]mdMD[0xda]p[0x9]:[0x95][0x97][0x98][0x85]kFH[0xc7][0xe0][0xf][0xca]pA[0xf4][0xe3]h[0xb3][0x94][0xcb][0xc8][0x10][0xd1][0xa2][0x19][0x94][0x1]@l)@[0x95][0x96][0x8c][0x11][0xda]:F[0xea]/04BZ[0xc2]8[0x98][0xcb][0xb][0xa4]u[0x90][0xf8][0x9d]I[0x9d]pGZ[0x14]I[0x17][0xeb][0x10][0xd3][0x1a][0xbe][0xa0][0xc5][0xe0][0xc1][0xf9][0xc9][0xc9]X[0xf6];'[0xe7]'%*$[0x17][0xa5]&[0x96][0xa4][0xc2][0xd6][0x8b]#jBcb[0xfb][0xda]FH[0xe7][0xdb]Cm[0x3][0x0][0x0][0x0][0xff][0xff]"
05:47:25.277 [main] DEBUG org.apache.http.wire -  << "[\r][\n]"
05:47:25.278 [main] DEBUG org.apache.http.wire -  << "CE[\r][\n]"
05:47:25.278 [main] DEBUG org.apache.http.wire -  << "[0xa2][0xd4]6C[0xdc]GP[0x18][0x19]![0x8a][0xc][0x1a][0x9c][0xde]`[0x84][0xb4][0xca][0x92][0xd4][0x98]"z[0xec][0x7]i[0x94][0xc4][0x8][0xf3][0xac]%[0xcc][0xb1][0x1b]|=^[0xfa]5[0xf2][0x90][0xee][0xcb][0x86][0x86][0xc][0xa6]K[0x11][0xc9][0x87]N[0xa3]LFD_D@[0xa5][0x8c][0x8c][0x18][0xe5][0x1f][0x8c][0xd5][0x9][0xd1][0x7];Q'4[0x90][0xd6][0x97][0xd2][0xa8][0xfa]FZ,J+[0x1b][0x10][0xe5][0xc9][0xa0][0x8c]QB}[0x97][0x81]m[0xd8]"[0xad][0xe2][0xa4][0xf6][0x81]@FH[0xcb]7[0xa9]o6)#[0xa8][0x3][0xd7][0xad][0xa1][0xdb]zO#[0xa4][0xbb]J[0xa0][0xa5][0xbb][0xa9]BpNf.[0xc6]x=[0xbe][0xca][0x88][0xe8][0xe1]W#[0xd0][0x5][0xd1][0x83]x[0x94][0xc5][0x4][0xd1]k[0x80][0x85][0x6][0xf6][0x80][0xa0]N9jJ([0x93]#[0xea]U[0xfa][0xd5][0xf7][0x98]+[0xf4]p[0xc][0xb2][0x82]z[0xfe][0x94]L2[0x18]![0xad][0x99][0xa3]Gh#[0x1d]>[0x3]-[0xf1][0x1][0x0][0x0][0x0][0xff][0xff]"
05:47:25.278 [main] DEBUG org.apache.http.wire -  << "[\r][\n]"
05:47:25.278 [main] DEBUG org.apache.http.wire -  << "5C4[\r][\n]"
05:47:25.278 [main] DEBUG org.apache.http.wire -  << "RB[0xdd][0xbd]5[0xb0]E*[0xd2]1[0xe8])[0xa9][0xc5][0xc9]E[0x99][0x5][0xa0]s[0xf8]1[0x1c][0x89]H[0x12][0xf8][0x9a]Z[0xc8]MM[0xa4][0x9]M*[0x1b][0x8c]H[0xbe]4[0xaa][0xa4][0x91][0xe6][0x12][0xa9][0xec]t[0xc4][0x98][0xf9][0xa0]L[0xb][0x88]j[\n]"
05:47:25.278 [main] DEBUG org.apache.http.wire -  << "[0xbb][0xf3][0x10][0xa9][0x80]~[0x5][0x3][0xd2][0x9c] vG[\r]l[0xfe]A:[0xc3][0x2][0xbb][0xf3][0x6]$[0xcc][0x10][0xad]L[0xfc]E[0x1c][0xc5][0x85][0xa9]%[0xa2][0xea][0xc2][0xee][0xfd][0x1][0x8e][0x1d][0xc4][0x80][0x17]v[0xe7][\r]H[0xec] zu[0xb4][0x8e][0x1d]B[0x19]z@c[0xc7][0x18][0xe9][0x80][0xfc]A[0x13];[0xc6]H's[0xd0][0xa6]z1&xP[0xc6][0x0][0xc7][\n]"
05:47:25.279 [main] DEBUG org.apache.http.wire -  << ""y[0xd2]*[0x0][0x10][0xc9][0x92]F6 [0xcd][0x80][0xd0][0xca][0x6][0xc4][0xa0]'[\r][0x6][0x6][0x8d][0x91]N[0x8d][0xc0][0x9e]5[0x6]6[0x8d][0xc][0xee]y[0xe]c[0xc3]AX[0xec][0x1b]c[0x99][0xab][0xa0]a[0x9f][0xd7][0x18]i[0xce]a0[0xa6] #D[0xfe][0xc1][0xee][0xbc][0x1][0xa8][0x99][0x8d][0x91][0xe6][0x16]hTl [0xcd]'x[0xa4]&[0x96]U*[0xb8][0x94][0x96]T*@O[0x1d][0xe][0xc8]I,I[0xc5][0xe8]z9[0x96][0x96][0xa4][0xe6][0xa2][0x1f]5\[0x94]ZT[0x9a][0x8b]4E[0xb]>[0xe5][0x8a][0x98]9Zc[0xa4])[0x7][0xc7][0xf2][0xd4][0xe2][0xfc][0xdc]T[0x85][0x80][0xc4][0x82][0xd4]"[0x5][0xe7][0xfc][0xc4][0x12][0xc][0xcb]][0xf3][0x8b][0x15]2[0xb][0x8a]Ks[0x15]2K[0x12][0xb]KS[0x15]r[0x12][0x93][0xf2][0x8b]2[0xf3][0x8b][0x13]s[0x15]R[0xc1][0x2][0xa9]%[0xa0][0xe9][0xe2][0xcc][0x12]r[0x1c]cj[0x8c][0xe8][0xcb][\r][0x9a]T`[0x8a]4[0xca]H[0xdb][0xf6][0x99])[0xd2][0x98][0xe3] [0xf2]>[0xa2]v[0x1e]<[0x8e]B[0x1a][0x9a][0x1c]D[0x8e][0x1a][0x84]e[0x98])[0xc1][0xb1][0xce][0x1](XM[0x91]N[0xdb][0x1f]D[0xd1][0x87]h[0xe8][0xe]"G[\r][0xc6][0xdc][0x87][0xb4][0x9f]~[0xf0][0x84][0x14][0xd2][0xd5][0xdd][0x8e][0xa9]E[0xf9])[0x95]y[0x89][0xb9][0x99][0xc9][\n]"
05:47:25.279 [main] DEBUG org.apache.http.wire -  << "[0x90][0xb5]NN[0xf9]%%9[0x98]u)[0xa8][0x86][0xcc][0xcf]K[0x85][0xac]r[0x2]/u[0xca][0xcb][0xcc][0xc8][0xcc]QH[0xce]/**-([0xc9][0x84]\9[0x9a]Z[0xac][0x90][0x9b][0x8]9[0x99]=[0x95][0xbc]z[0xcd][0x14][0x91][0xb4]h[[0x85][0x18][0x11][0xbc][0xbe]w@;[\n]"
05:47:25.279 [main] DEBUG org.apache.http.wire -  << "F[0x4]3[0xfe][0x0];[0x8f]Pn[0x1b]X[0xe7]![0x1d][0xb7][0x81]=[0xdf][\r][0xb0][0xf3][0x10][0xc3][0x8c][0x83][0xd2]y[0x88]^ [0xfe]LH[0xa5]i[0xb5][0xc1]=[0xb8][0x8f]t[0xac][0x7][0xf6][0xc8][0x1a][0x80]v[0x81][0x11][0xdd]N[0x0]1B:[0xc6][0xc1]7[0xbf][0xb4][0x18][0xb3]j[0xc0]7[0xd3]L[0xec][0x9c][0x97][0x19]"[0x9][0xd0][0xd0][0x12]D[0xdd]B[0x9b]N[0xaa][0x11][0xe6]a[\r]8[0xe6]b[0xa9][0x93]q[0x90][0xce]j[0xa0][0xee]t[0x1b][0xd2]y[0xb]T6[0x98][0xd0][0xb6][0x88][0x81]-[0x97][0x91]N%[0x18]<Y[0xdd][0x1c][0xd1][0xd5][0xa7]Q[0xb2]E:v[0x0][0xbb][0xb7][0x7]8V[0x10][0xf9][0x16][0xbb][0xf3][0x6][0xa2][0x0]F[0xda][0xa0]O[0xa3]X[0xc1][0xdc]F[0x8f][0xb9][0x4][0x2]_[0xd9]kdi[0x89]z[0xa4]-[0x9e][0x3]g[0x8d][0x90]6[0xc3][0xd3][0xca];[0x88][0xac][0xf]mT[0xd0][0xd0];[0x96][0x88][0xfa][0x4]j[0x19][0x8e][0x82][0x98][0xd2]y\c[0xa4]=U[0xb4][0x9]8c[0x3]Dk[0xc]{[0xf2][0x1f][0xd0][0xdc]iL[0xf3][0xbd][\n]"
05:47:25.279 [main] DEBUG org.apache.http.wire -  << "[0xc6]Hk[0xaf]i[0x14][0xc4]Hk[0xa6][0x7]c[0x10][0x1b][\r][0xc2][0x2][0xd0]xp[0x9f][0xa9]k[0x8c][0xb4][0xe6][0x19]{[0x94][0xe]@[0xa5]a[0x8c][0xb4]L[0x9a]V[0xe7]a[0x18]#][0x88]K;;[0x10][0x8b]W`[0xc5]+-g[0xe4][0x90]&;[0x90][0xee]B[0xf4][0xc9][0xcc]K[0xcd][0xc3]q[0xe1]dX~NiAIb[0xb1]BYj^fb[0xae]BbNfaif[\n]"
05:47:25.279 [main] DEBUG org.apache.http.wire -  << "[0xce][0xa9][0x16][0x13][0xdc];Y[0x8c][0x91][0xce][0xda]u[0xcd][0xcb]/[0xca][0xcd]/-V[0xf0]M,J[0xca]I[0xc5]a[0xb9]g[0x8a]B[0x19][0xc4][0xfe][0x92]L[0xd0][0xed][0x96]e[0x99]%[0x89][0xa9][\n]"
05:47:25.279 [main] DEBUG org.apache.http.wire -  << "[0xc5][0xa5][0xc5][0xc9][0x99][0x5][0x99][0xb0][0xfb][0xe4][0x8a][0x15][0x12][0x93][0x14]r2[0x93]R[0x8b][0xf2]q[0xba][\n]"
05:47:25.279 [main] DEBUG org.apache.http.wire -  << "O[0x85]m[0x8c]4[0xd7][0xe2][0x99]W[0x92][0x9a][0x93][0x93][0x99][0x9e][0x9a]W[0xa2][0xe0]^[0x94][0x98][0x97]Y[0x92][0xaa][0x80]c[0x18]/[0xb0]4S[0xa1][0xb8]4[0xaf]D!7?'[0xb5][0xb8]$31[0x15][0xce]*[0xc6]q[0xc1][0x1d][0xf1][0x13]d[0x4]'e[0x6][0xb6][0xa2]B[0x9a][0x9]qK[0xcc]+I,.[0xc9]LVp[0xce][0xcf]K.J-[0xc1][0x15][0x95]A[0x88];[0xff][0x14]RAi)[0xb5]D[0xa1][0xb0]4?[0x5]t[0xd3]d"t[0xcc]3[0x17]4[0xbb][0x97][0x98][0x92]Y[0x90]Y[0x9c][0x8c]|[0xfd]$j[0xc0][0xe1][0xb9]O[0xc0][0x18]iQ7[0xf6][0xb2]j[0x80][0x3][0xe]1Z[0x5][0x9b][0xf8][0x84][0xce][0xbb]z[0xe7]e[0xa6]a[0xe][0x8]8[0xa5]&[0x82][0x12]<4[0xcf])[0xe0][0xc9]v[0xf8][0x12]8[0xd2][0xda][0xee]A[0x19]([0x88]V[0x19][0x8d][0x1a]%[0x83]{[0x4][0xd8][0x18][0xe9][0xfe][0xe4][0xc1][0x18]?[0x83]{[0x4][0xd8][0x18][0xe9][0xfc]c[0x9f][0xcc][0xf4][0x8c][0x92][0xf2]T[0x10][0xa9][0x10][0x9e][0x9f][0x9f][0xa3][0xe0][0x9c][0x91][0x98]Y[0x84][0xb1][0xa0][0xc0][0x7][0xb4]~ [0x15]^[0xb3][0xa4][0x16]+$[0xc1][0xb7][0xa0]#[0xd5] [0xa0]f[0x19]h[0xb2]&/[0xbd]X[0xc9][\n]"
05:47:25.279 [main] DEBUG org.apache.http.wire -  << "_[0xfe]B[0x9a][0x5][0xc2][0x1e][0x3][0xd1]@2[0xa5]y[0xae]2E[0xf4][0xc]s[0x13]3[0xf3][0x12][0xf3][0x14][0x12][0xf3][0x12]A[0xe7]W[0xa1][0xee]-(.IM-[0xca][0xcc]KW([0xcf]HM[0xcd]A[0x4][0x5][0xd1][g[0x8c][0x91]f[0xb2][0xb0][0x87][0xef][0xc0][0x16][0xea]H[0x3][0xc8][0xd8][0x9d][0x87][0xf0]3[0xdd][0x96][0xac][0x1b]#[0xed]e[0xa1]Q[0xa1][0x8a]t[0xc0]4[0xad]l@[0xd4][0x96][0xd4][0xbc][0xf6][0x8][0xcf]^kc[0xa4][0x9d]2[0xc5][0xa5][0xc5][0xa5][\n]"
05:47:25.279 [main] DEBUG org.apache.http.wire -  << "[0xd9][0xa5])[0x89][\n]"
05:47:25.279 [main] DEBUG org.apache.http.wire -  << "9[0x99][0x89][0x98][0x85][0x8]X[0x1a][0x9a][0xe0][0xa1][0x7][0xb6]Y[0xa2][0x9c][0xfa][0x85][0xaf][0x99][0x82]t[0xee]4m[0xb3][0xe][0xd2][0x94][0x3][0xb4]{a[0x86]Q[0x1c][0xc2]G[0xbe][0xd0]w[0xfd][0x19][0x12][0x9f]E[0x91]f[0x1d]h[0x95][0x18][0x10]=wp[0xd0]S[0x10]3[0xf8][0xca]r[0xa4]y[0x7]j[0xa6]9|V"[0xcd]=@[0xe3][0x88]V#lH[0xa7]1[0xd3]([0x96][0x90][0xce]L[0xa6]e,![0xcd].[0xd0][0xd4][0x1a]Z[0xcf][0x17][0x18]#[0xcd][0x17][0x80][0xca][0x12][0x85][0xc4][0xca]D[0xcc][\r][0xa8]`/[0x82][0xa4][0x11][0x15][0x9]jQ[0x83]7u!jiZ[0xa7].D[0xe][0xa5]U[0xea]B,[0x95][0xa0][0xb1]_[0x90][0x6][0xf1]im[0x13][0xa2][0x92][0xa3]Q[0xa8]![0xed][0x82][0xa4][0xb5]_[0x10]mN[0xec]-[0xa1][0x81]m[0xa8]![0x9d]Y[0x8a][0xdd]y[0x88][0xfc]E[0xbf][0x86][0x9a][0x5]"M[0xd3]([0xfe][0x91]v/[0xd2][0xca][0x6][0xc4]"TzU[0x9a][0x4][0xf7]<[0xe]lR#[0xb8]'[0x11]WR3F[0x1b]>[0xa5][0xe2][0xa1][0x85][0xc6][0x96]4[0xaf][0xce][0x90][0xae][0x13][0xa7]URCTg[0xb4][0xb2][0x81][0xe6][0xd5][0x18][0xa8][0x9b][0x0]=[\n]"
05:47:25.279 [main] DEBUG org.apache.http.wire -  << "[0x82]6~01[0x0][0x0][0x0][0x0][0xff][0xff]"
05:47:25.279 [main] DEBUG org.apache.http.wire -  << "[\r][\n]"
05:47:25.280 [main] DEBUG org.apache.http.wire -  << "34B[\r][\n]"
05:47:25.280 [main] DEBUG org.apache.http.wire -  << "2[0xd0]Q[0x82][0xda]@[0xdb]"[0xdf][0x4]i[0xff]$[0xd2]f[0x12][0xe8][0xa0]>[0xf6][0xe1][0x17][0xd7][0xcc][0xd2]b[0x85][0x82][0xd4][0xa2][0xe2][0x82][0xcc][0xe4][0xcc][0xc4][0x92][0xcc]b[0xd0][0x10]0[0xd2][0xb8][0xb]([0x99][0x12]3[0xee]bB[0xf3]m[0x92]&4[0x9f][0x92]6A[0xda][0x88][0xe9][0x9e]_[0x94][0x9e][\n]"
05:47:25.280 [main] DEBUG org.apache.http.wire -  << "[0x9a][0x12][0x9][0xcf][0xcf]OI[0xcd]Sp[0xc6][0xd2][0xeb][0xf4]O[0xc9],A[0xac][0x14][0x86][0xcd][0x8d][0xa4]"o[0xc3][0x1]-[0xb2]#.[0xf8]h][0x1c][0x98] [0xcd][0xb7][0xd3]:[0x19][0xd2]:[0xd3][0x9a][0x18] [0xea]i[0xfc]~[0xa1][0xca][0x82]4[0x13][0x9a][0xef][0x1e]5A:([0x93]F[0xa5][0x10][0xd2][0x6]RZ[0xd9][0x80]h<[0xd3]%R[0x10][0xa9][0xc]{[0x3]r@[0x1b][0x1d]&Hg.bw[0x1e][0xae]F[0x7]z[0xff][0x91][0x8a][0x8d][0xe][0x93][0xc1][0xb8][0xc9][0xd2][0x14]sX[0x8c]FC.[0xa6]X[0x6]wh8[0xbf]o[0x8a]4[0xc2][0x13][0xe0][0xac][0xe0][0xee][0xe8][0xeb][0xe9][0xe7][0x8e]1[0xe0][0x17][0x1c][0xe0][0xea][0xad][0xe0][0xe1][0xe9][0xee][0x81]H[0xf][0x96][0xa0][0x16][0x3]1[0xb5][0x86])[0xd2]Z[0xba][0x80][0xc4][0x9c]D[0x9f]|[0x1f][0xcc][0xcb][0xe0]q[0x8e]([0x1a]YZ[0x82][0x16]U[0x10]g[0x11]b[0x95][0x1b][0x8d]-B,[0xc1][0xa0]S[0xef][0xc5][0x14][0xe9][0xfe][0x12][0x1a][0xfb][\r][0xd1]\[0xa6][0x93][0xdf]L[0x90][0xf6][0xe5][0xe3]/[0x93])]0hb[0x88]h[0xc0]`/[0xef][0x6][0xb6]8FZ[0xce][0x87][0xdd]y[0x88][0xec]G[0xb7][0xe1][0x6][0x13][0xa4][0xcd][0xdf]4[0xaa][0x93][0x91]6w[0xd3]8[0xfe][0x91]V3[0xd2][0xda]&[0xc4][0xc0][0x16]~[0x9b][0xa8][0xd3][0xf8]C:[0xe2][0x95]V[0x91][0x84]h[0xc9][0xe0][0xf7][0x10][0xc5][0x99][0x14]4[0x8b][0xe][0xed][0x8a][0xd2][0xc8]/D[0x1f][0x1]K[0xb1]_[0x90]VB[0xd2]8[0xd4][0x90][0x96]7[0xc2]l[0xa2]a[0xb3][0xc1][0x4]T)[0xd3]8[0x92][0x10][0x95],[0xcc]C[0x18][0xed][0x12]x[0xb3][0x81][0x92][0xb3][0x15]M[0x90][0x96]8b/v[0x7][0xb6]V@Zm8([0x9d][0x87][0xe8][0xe6]bw[0xde]@TZH[0xeb][\r]iT[0x86] [0xad][0x1b][0x84]&O[0xd2][0xb6]T[0xd0][0xaf][0x2]G:[[0x1][0xa7]K[0x11]q[0x84]o[0xd7] 5{y&[0x88][0x8e]8[0xf6]d3[0xb0][0x99][0xe]i[0x87]:[\r]N[0xca]2[0x1]]NB[0xdb][0xe2]sp[0xaf]`4![0xb8][0x82][0x11][0x91]"[0xe9][0x97]SL1[0x6][0xc1][0x7]k[0x9e]FZa9[0x88][0xf2]4[0xd2][0x89][0x1b]n[0xa5]Ey[0x99]%[0xa5]E[0xa9][\n]"
05:47:25.280 [main] DEBUG org.apache.http.wire -  << "![0xf9][0x5][0x18][0xf5]6B6%[0xb1](S[0xc1]+[0xb5] [0xb1][0x8]4([0x0]][0x16]e[0x8]J[0x1d][0xc4]t[0xf9]M[0x90][0x16]R[0xd2][0xa8][0x9c]G:w[0x9a]V6`t[0x15](Iu4[0x9c][0xe]41E[0x8c][\r][0xc][0xa6]T[0x87][0xe8][0x99] [0xd2][0x15]MS[0x1d][0xd2][0xfa]M[0xaa]n[0xd1]6AZ[0x83][0x9][\r]`[0x1a][0x8d]2[0x9a][0x10]}[0x9e]8[0xc5]] [0xa4][0x5][0x92][0xb4][0xf6][0xd3][0xe0][0x1e][0xdd]AZ[0xf1]H[0xed][0xbb][0x1a]L[0xcc][0x10]y`0[0xb6][0xa6][0x90][0xc6][0xb4][0x7][0xa5][0xf3][0x10][0x3][0xc7][0x83][0xd2]y[0x88][0x9e]0v[0xe7][\r]D[[0x9]i[0x1d]"-[0x1a][0xc8][0xe6][0x88][0xaa][0x6][0xbb][0x9f][0x7][0xb6]{[0x80]t[0x2][0x1]v[0xe7][\r]D[0x94] M[0xb4][0xc0]7KB6[0xb5]`;$[0xd3]19[0xb9][0xb4]81[0xaf]$[0xb3]4W![0x1f]t[0x2]tK]1[0xd2][0xc2][\n]"
05:47:25.280 [main] DEBUG org.apache.http.wire -  << "[0xd4]mt[0xe8][0x93]~H[0x17]'[0x98]"[0x9d]Z[0x12]\[0x99][0x97]Z[0x94][0x9e][0x9][0xde][0xe2][0x7]][0x98][0x10][0x9c][0x91][0x9f][\n]"
05:47:25.280 [main] DEBUG org.apache.http.wire -  << "[0xba][0xfa][0xb]u[0x9f][0x87]+x?[0x1f]hO[0x1f][0x99]v"[0xf2][0x5]mk[0x16]S[0xa4]c@hm[0x13][0xa2]1[0x18]P[0x94][0x9f]R[0x9a]\[0xa2][0xe0]X[0x9a][0x93][0x99][0xa8]`[0x8c][0xd1][0x88][0x6][0xdd]ZW[0x0]U[0x93][0x8]W[0x3]mB[0xe3][0xeb][0xc6][0xa3][0xc4][0x1b]"[0x9f][0xd1][0xc7]>DEE[0x1f][0xfb][0x10][0xa3]S4[0xb4]/[0xb6][0x96][0xb][0x0][0x0][0x0][0xff][0xff]"
05:47:25.280 [main] DEBUG org.apache.http.wire -  << "[\r][\n]"
05:47:25.280 [main] DEBUG org.apache.http.wire -  << "A[\r][\n]"
05:47:25.280 [main] DEBUG org.apache.http.wire -  << "[0x3][0x0][0x82]:[0x18][0xc3][0x9d][0xba][0x1][0x0]"
05:47:25.280 [main] DEBUG org.apache.http.wire -  << "[\r][\n]"
05:47:25.281 [main] DEBUG org.apache.http.wire -  << "0[\r][\n]"
05:47:25.281 [main] DEBUG org.apache.http.wire -  << "[\r][\n]"
05:47:25.281 [main] DEBUG io.restassured.internal.RestAssuredHttpBuilder - Parsed data to instance of: class org.apache.http.conn.EofSensorInputStream
05:47:25.288 [main] DEBUG org.apache.http.impl.conn.BasicClientConnectionManager - Releasing connection org.apache.http.impl.conn.ManagedClientConnectionImpl@762db992
05:47:25.288 [main] DEBUG org.apache.http.impl.conn.BasicClientConnectionManager - Connection can be kept alive indefinitely
05:47:25.316 [main] DEBUG net.thucydides.core.steps.StepInterceptor - STEP DONE: I send HTTP GET request
  &amp#27;[32mWhen &amp#27;[0m&amp#27;[32mI send GET HTTP request&amp#27;[0m                             &amp#27;[90m# starter.stepdefinitions.UserSteps.iSendGETHTTPRequest()&amp#27;[0m
05:47:25.320 [main] DEBUG net.thucydides.core.steps.StepInterceptor - STARTING STEP: UserSteps.iReceiveValidHTTPResponseCode - I receive valids HTTP response code 200
05:47:25.321 [main] DEBUG net.thucydides.core.steps.StepInterceptor - STEP DONE: I receive valids HTTP response code 200
  &amp#27;[32mThen &amp#27;[0m&amp#27;[32mI receive valid HTTP response code 200&amp#27;[0m              &amp#27;[90m# starter.stepdefinitions.UserSteps.iReceiveValidHTTPResponseCode()&amp#27;[0m
05:47:25.325 [main] INFO  - 
  _____   ___   ___   _____     ___     _     ___   ___   ___   ___  
 |_   _| | __| / __| |_   _|   | _ \   /_\   / __| / __| | __| |   \ 
   | |   | _|  \__ \   | |     |  _/  / _ \  \__ \ \__ \ | _|  | |) |
   |_|   |___| |___/   |_|     |_|   /_/ \_\ |___/ |___/ |___| |___/ 

GET - As admin I cannot get product comments
----------------------------------------------------------------------
]]></system-out>
  </testcase>
  <testcase name="DELETE - As admin I have be able to delete product" classname="User" time="0.433">
    <system-out><![CDATA[
@TC-007
Scenario: DELETE - As admin I have be able to delete product &amp#27;[90m# src/test/resources/api/user.feature:60&amp#27;[0m
05:47:25.339 [main] INFO io.cucumber.core.plugin.SerenityReporter - Running feature from file:///C:/Users/Lenovo/IdeaProjects/MiniProject/MiniprojectApi/src/test/resources/api/user.feature
05:47:25.339 [main] WARN io.cucumber.core.plugin.SerenityReporter - Feature from file:///C:/Users/Lenovo/IdeaProjects/MiniProject/MiniprojectApi/src/test/resources/api/user.feature is not under the 'features' directory. Requirements report will not be correctly generated!
05:47:25.342 [main] INFO  - 
  _____   ___   ___   _____     ___   _____     _     ___   _____   ___   ___  
 |_   _| | __| / __| |_   _|   / __| |_   _|   /_\   | _ \ |_   _| | __| |   \ 
   | |   | _|  \__ \   | |     \__ \   | |    / _ \  |   /   | |   | _|  | |) |
   |_|   |___| |___/   |_|     |___/   |_|   /_/ \_\ |_|_\   |_|   |___| |___/ 

DELETE - As admin I have be able to delete product(user;delete---as-admin-i-have-be-able-to-delete-product)
--------------------------------------------------------------------------------
05:47:25.444 [main] DEBUG net.thucydides.core.steps.StepInterceptor - STARTING STEP: UserSteps.iSetDELETEApiEndpointsProduct - I set DELETE api endpoints product
05:47:25.445 [main] DEBUG net.thucydides.core.steps.StepInterceptor - STEP DONE: I set DELETE api endpoints product
  &amp#27;[32mGiven &amp#27;[0m&amp#27;[32mI set DELETE api endpoints product&amp#27;[0m                   &amp#27;[90m# starter.stepdefinitions.UserSteps.iSetDELETEApiEndpointsProduct()&amp#27;[0m
05:47:25.449 [main] DEBUG net.thucydides.core.steps.StepInterceptor - STARTING STEP: UserSteps.iSendDELETEHTTPRequest - I send DELETE HTTP request
05:47:25.451 [main] DEBUG net.thucydides.core.steps.StepInterceptor - STARTING STEP: DelProduct.iSendDELETEHTTPRequest - I set DELETE api endpoints product
05:47:25.451 [main] DEBUG net.thucydides.core.steps.StepInterceptor - STEP DONE: I set DELETE api endpoints product
05:47:25.464 [main] DEBUG org.apache.http.impl.conn.BasicClientConnectionManager - Get connection for route {s}->https://altashop-api.fly.dev:443
05:47:25.465 [main] DEBUG org.apache.http.impl.conn.DefaultClientConnectionOperator - Connecting to altashop-api.fly.dev:443
05:47:25.694 [main] DEBUG org.apache.http.client.protocol.RequestAddCookies - CookieSpec selected: ignoreCookies
05:47:25.694 [main] DEBUG org.apache.http.client.protocol.RequestAuthCache - Auth cache not set in the context
05:47:25.694 [main] DEBUG org.apache.http.client.protocol.RequestTargetAuthentication - Target auth state: UNCHALLENGED
05:47:25.694 [main] DEBUG org.apache.http.client.protocol.RequestProxyAuthentication - Proxy auth state: UNCHALLENGED
05:47:25.694 [main] DEBUG org.apache.http.impl.client.DefaultHttpClient - Attempt 1 to execute request
05:47:25.695 [main] DEBUG org.apache.http.impl.conn.DefaultClientConnection - Sending request: DELETE /api/products/1 HTTP/1.1
05:47:25.695 [main] DEBUG org.apache.http.wire -  >> "DELETE /api/products/1 HTTP/1.1[\r][\n]"
05:47:25.695 [main] DEBUG org.apache.http.wire -  >> "Accept: */*[\r][\n]"
05:47:25.695 [main] DEBUG org.apache.http.wire -  >> "Host: altashop-api.fly.dev[\r][\n]"
05:47:25.695 [main] DEBUG org.apache.http.wire -  >> "Connection: Keep-Alive[\r][\n]"
05:47:25.695 [main] DEBUG org.apache.http.wire -  >> "User-Agent: Apache-HttpClient/4.5.13 (Java/14.0.2)[\r][\n]"
05:47:25.695 [main] DEBUG org.apache.http.wire -  >> "Accept-Encoding: gzip,deflate[\r][\n]"
05:47:25.695 [main] DEBUG org.apache.http.wire -  >> "[\r][\n]"
05:47:25.695 [main] DEBUG org.apache.http.headers - >> DELETE /api/products/1 HTTP/1.1
05:47:25.695 [main] DEBUG org.apache.http.headers - >> Accept: */*
05:47:25.695 [main] DEBUG org.apache.http.headers - >> Host: altashop-api.fly.dev
05:47:25.695 [main] DEBUG org.apache.http.headers - >> Connection: Keep-Alive
05:47:25.695 [main] DEBUG org.apache.http.headers - >> User-Agent: Apache-HttpClient/4.5.13 (Java/14.0.2)
05:47:25.695 [main] DEBUG org.apache.http.headers - >> Accept-Encoding: gzip,deflate
05:47:25.735 [main] DEBUG org.apache.http.wire -  << "HTTP/1.1 200 OK[\r][\n]"
05:47:25.736 [main] DEBUG org.apache.http.wire -  << "content-type: application/json[\r][\n]"
05:47:25.736 [main] DEBUG org.apache.http.wire -  << "date: Mon, 08 May 2023 22:56:16 GMT[\r][\n]"
05:47:25.736 [main] DEBUG org.apache.http.wire -  << "content-encoding: gzip[\r][\n]"
05:47:25.736 [main] DEBUG org.apache.http.wire -  << "transfer-encoding: chunked[\r][\n]"
05:47:25.736 [main] DEBUG org.apache.http.wire -  << "server: Fly/3f2597ca (2023-05-03)[\r][\n]"
05:47:25.736 [main] DEBUG org.apache.http.wire -  << "via: 1.1 fly.io[\r][\n]"
05:47:25.736 [main] DEBUG org.apache.http.wire -  << "fly-request-id: 01GZYS8VNK5X5AVDRKF4GAK0PH-sin[\r][\n]"
05:47:25.736 [main] DEBUG org.apache.http.wire -  << "[\r][\n]"
05:47:25.736 [main] DEBUG org.apache.http.impl.conn.DefaultClientConnection - Receiving response: HTTP/1.1 200 OK
05:47:25.736 [main] DEBUG org.apache.http.headers - << HTTP/1.1 200 OK
05:47:25.736 [main] DEBUG org.apache.http.headers - << content-type: application/json
05:47:25.736 [main] DEBUG org.apache.http.headers - << date: Mon, 08 May 2023 22:56:16 GMT
05:47:25.736 [main] DEBUG org.apache.http.headers - << content-encoding: gzip
05:47:25.736 [main] DEBUG org.apache.http.headers - << transfer-encoding: chunked
05:47:25.736 [main] DEBUG org.apache.http.headers - << server: Fly/3f2597ca (2023-05-03)
05:47:25.736 [main] DEBUG org.apache.http.headers - << via: 1.1 fly.io
05:47:25.736 [main] DEBUG org.apache.http.headers - << fly-request-id: 01GZYS8VNK5X5AVDRKF4GAK0PH-sin
05:47:25.736 [main] DEBUG org.apache.http.impl.client.DefaultHttpClient - Connection can be kept alive indefinitely
05:47:25.737 [main] DEBUG io.restassured.internal.RestAssuredHttpBuilder - Parsing response as: application/json
05:47:25.737 [main] DEBUG org.apache.http.wire -  << "22[\r][\n]"
05:47:25.737 [main] DEBUG org.apache.http.wire -  << "[0x1f][0x8b][0x8][0x0][0x0][0x0][0x0][0x0][0x4][0xff][0xab]VJI,IT[0xb2][0xca]+[0xcd][0xc9][0xa9][0xe5][0x2][0x0][0xa3][0xab][0x8f]W[0xe][0x0][0x0][0x0]"
05:47:25.737 [main] DEBUG org.apache.http.wire -  << "[\r][\n]"
05:47:25.737 [main] DEBUG org.apache.http.wire -  << "0[\r][\n]"
05:47:25.737 [main] DEBUG org.apache.http.wire -  << "[\r][\n]"
05:47:25.737 [main] DEBUG io.restassured.internal.RestAssuredHttpBuilder - Parsed data to instance of: class org.apache.http.conn.EofSensorInputStream
05:47:25.740 [main] DEBUG org.apache.http.impl.conn.BasicClientConnectionManager - Releasing connection org.apache.http.impl.conn.ManagedClientConnectionImpl@5fb05c07
05:47:25.740 [main] DEBUG org.apache.http.impl.conn.BasicClientConnectionManager - Connection can be kept alive indefinitely
05:47:25.741 [main] DEBUG net.thucydides.core.steps.StepInterceptor - STEP DONE: I send DELETE HTTP request
  &amp#27;[32mWhen &amp#27;[0m&amp#27;[32mI send DELETE HTTP request&amp#27;[0m                            &amp#27;[90m# starter.stepdefinitions.UserSteps.iSendDELETEHTTPRequest()&amp#27;[0m
05:47:25.750 [main] DEBUG net.thucydides.core.steps.StepInterceptor - STARTING STEP: UserSteps.iReceiveValidHTTPResponseCode - I receive valids HTTP response code 200
05:47:25.751 [main] DEBUG net.thucydides.core.steps.StepInterceptor - STEP DONE: I receive valids HTTP response code 200
  &amp#27;[32mThen &amp#27;[0m&amp#27;[32mI receive valid HTTP response code 200&amp#27;[0m                &amp#27;[90m# starter.stepdefinitions.UserSteps.iReceiveValidHTTPResponseCode()&amp#27;[0m
05:47:25.756 [main] INFO  - 
  _____   ___   ___   _____     ___     _     ___   ___   ___   ___  
 |_   _| | __| / __| |_   _|   | _ \   /_\   / __| / __| | __| |   \ 
   | |   | _|  \__ \   | |     |  _/  / _ \  \__ \ \__ \ | _|  | |) |
   |_|   |___| |___/   |_|     |_|   /_/ \_\ |___/ |___/ |___| |___/ 

DELETE - As admin I have be able to delete product
----------------------------------------------------------------------
]]></system-out>
  </testcase>
  <testcase name="DELETE - As admin I cannot delete product" classname="User" time="0.512">
    <system-out><![CDATA[05:47:25.811 [Finalizer] DEBUG org.apache.http.impl.conn.DefaultClientConnection - Connection 0.0.0.0:60322<->149.248.193.56:443 closed
05:47:25.815 [Finalizer] DEBUG org.apache.http.impl.conn.DefaultClientConnection - Connection 0.0.0.0:60323<->149.248.193.56:443 closed

@TC-008
Scenario: DELETE - As admin I cannot delete product  &amp#27;[90m# src/test/resources/api/user.feature:66&amp#27;[0m
05:47:25.818 [main] INFO io.cucumber.core.plugin.SerenityReporter - Running feature from file:///C:/Users/Lenovo/IdeaProjects/MiniProject/MiniprojectApi/src/test/resources/api/user.feature
05:47:25.818 [main] WARN io.cucumber.core.plugin.SerenityReporter - Feature from file:///C:/Users/Lenovo/IdeaProjects/MiniProject/MiniprojectApi/src/test/resources/api/user.feature is not under the 'features' directory. Requirements report will not be correctly generated!
05:47:25.825 [main] INFO  - 
  _____   ___   ___   _____     ___   _____     _     ___   _____   ___   ___  
 |_   _| | __| / __| |_   _|   / __| |_   _|   /_\   | _ \ |_   _| | __| |   \ 
   | |   | _|  \__ \   | |     \__ \   | |    / _ \  |   /   | |   | _|  | |) |
   |_|   |___| |___/   |_|     |___/   |_|   /_/ \_\ |_|_\   |_|   |___| |___/ 

DELETE - As admin I cannot delete product(user;delete---as-admin-i-cannot-delete-product)
--------------------------------------------------------------------------------
05:47:25.950 [main] DEBUG net.thucydides.core.steps.StepInterceptor - STARTING STEP: UserSteps.iSetUnmatchedDELETEApiEndpointsProduct - I set unmatched DELETE api endpoints product
05:47:25.950 [main] DEBUG net.thucydides.core.steps.StepInterceptor - STEP DONE: I set unmatched DELETE api endpoints product
  &amp#27;[32mGiven &amp#27;[0m&amp#27;[32mI set unmatched DELETE api endpoints product&amp#27;[0m &amp#27;[90m# starter.stepdefinitions.UserSteps.iSetUnmatchedDELETEApiEndpointsProduct()&amp#27;[0m
05:47:25.955 [main] DEBUG net.thucydides.core.steps.StepInterceptor - STARTING STEP: UserSteps.iSendDELETEHTTPRequest - I send DELETE HTTP request
05:47:25.958 [main] DEBUG net.thucydides.core.steps.StepInterceptor - STARTING STEP: DelProduct.iSendDELETEHTTPRequest - I set DELETE api endpoints product
05:47:25.958 [main] DEBUG net.thucydides.core.steps.StepInterceptor - STEP DONE: I set DELETE api endpoints product
05:47:25.969 [main] DEBUG org.apache.http.impl.conn.BasicClientConnectionManager - Get connection for route {s}->https://altashop-api.fly.dev:443
05:47:25.969 [main] DEBUG org.apache.http.impl.conn.DefaultClientConnectionOperator - Connecting to altashop-api.fly.dev:443
05:47:26.209 [main] DEBUG org.apache.http.client.protocol.RequestAddCookies - CookieSpec selected: ignoreCookies
05:47:26.209 [main] DEBUG org.apache.http.client.protocol.RequestAuthCache - Auth cache not set in the context
05:47:26.209 [main] DEBUG org.apache.http.client.protocol.RequestTargetAuthentication - Target auth state: UNCHALLENGED
05:47:26.209 [main] DEBUG org.apache.http.client.protocol.RequestProxyAuthentication - Proxy auth state: UNCHALLENGED
05:47:26.209 [main] DEBUG org.apache.http.impl.client.DefaultHttpClient - Attempt 1 to execute request
05:47:26.209 [main] DEBUG org.apache.http.impl.conn.DefaultClientConnection - Sending request: DELETE /api/products/1 HTTP/1.1
05:47:26.209 [main] DEBUG org.apache.http.wire -  >> "DELETE /api/products/1 HTTP/1.1[\r][\n]"
05:47:26.209 [main] DEBUG org.apache.http.wire -  >> "Accept: */*[\r][\n]"
05:47:26.209 [main] DEBUG org.apache.http.wire -  >> "Host: altashop-api.fly.dev[\r][\n]"
05:47:26.209 [main] DEBUG org.apache.http.wire -  >> "Connection: Keep-Alive[\r][\n]"
05:47:26.209 [main] DEBUG org.apache.http.wire -  >> "User-Agent: Apache-HttpClient/4.5.13 (Java/14.0.2)[\r][\n]"
05:47:26.209 [main] DEBUG org.apache.http.wire -  >> "Accept-Encoding: gzip,deflate[\r][\n]"
05:47:26.209 [main] DEBUG org.apache.http.wire -  >> "[\r][\n]"
05:47:26.209 [main] DEBUG org.apache.http.headers - >> DELETE /api/products/1 HTTP/1.1
05:47:26.209 [main] DEBUG org.apache.http.headers - >> Accept: */*
05:47:26.209 [main] DEBUG org.apache.http.headers - >> Host: altashop-api.fly.dev
05:47:26.209 [main] DEBUG org.apache.http.headers - >> Connection: Keep-Alive
05:47:26.209 [main] DEBUG org.apache.http.headers - >> User-Agent: Apache-HttpClient/4.5.13 (Java/14.0.2)
05:47:26.209 [main] DEBUG org.apache.http.headers - >> Accept-Encoding: gzip,deflate
05:47:26.261 [main] DEBUG org.apache.http.wire -  << "HTTP/1.1 200 OK[\r][\n]"
05:47:26.261 [main] DEBUG org.apache.http.wire -  << "content-type: application/json[\r][\n]"
05:47:26.261 [main] DEBUG org.apache.http.wire -  << "date: Mon, 08 May 2023 22:56:16 GMT[\r][\n]"
05:47:26.261 [main] DEBUG org.apache.http.wire -  << "content-encoding: gzip[\r][\n]"
05:47:26.261 [main] DEBUG org.apache.http.wire -  << "transfer-encoding: chunked[\r][\n]"
05:47:26.261 [main] DEBUG org.apache.http.wire -  << "server: Fly/3f2597ca (2023-05-03)[\r][\n]"
05:47:26.261 [main] DEBUG org.apache.http.wire -  << "via: 1.1 fly.io[\r][\n]"
05:47:26.261 [main] DEBUG org.apache.http.wire -  << "fly-request-id: 01GZYS8W5NB3AS8JPB6ARMTJSV-sin[\r][\n]"
05:47:26.261 [main] DEBUG org.apache.http.wire -  << "[\r][\n]"
05:47:26.261 [main] DEBUG org.apache.http.impl.conn.DefaultClientConnection - Receiving response: HTTP/1.1 200 OK
05:47:26.261 [main] DEBUG org.apache.http.headers - << HTTP/1.1 200 OK
05:47:26.261 [main] DEBUG org.apache.http.headers - << content-type: application/json
05:47:26.261 [main] DEBUG org.apache.http.headers - << date: Mon, 08 May 2023 22:56:16 GMT
05:47:26.261 [main] DEBUG org.apache.http.headers - << content-encoding: gzip
05:47:26.261 [main] DEBUG org.apache.http.headers - << transfer-encoding: chunked
05:47:26.261 [main] DEBUG org.apache.http.headers - << server: Fly/3f2597ca (2023-05-03)
05:47:26.261 [main] DEBUG org.apache.http.headers - << via: 1.1 fly.io
05:47:26.261 [main] DEBUG org.apache.http.headers - << fly-request-id: 01GZYS8W5NB3AS8JPB6ARMTJSV-sin
05:47:26.261 [main] DEBUG org.apache.http.impl.client.DefaultHttpClient - Connection can be kept alive indefinitely
05:47:26.262 [main] DEBUG io.restassured.internal.RestAssuredHttpBuilder - Parsing response as: application/json
05:47:26.262 [main] DEBUG org.apache.http.wire -  << "22[\r][\n]"
05:47:26.262 [main] DEBUG org.apache.http.wire -  << "[0x1f][0x8b][0x8][0x0][0x0][0x0][0x0][0x0][0x4][0xff][0xab]VJI,IT[0xb2][0xca]+[0xcd][0xc9][0xa9][0xe5][0x2][0x0][0xa3][0xab][0x8f]W[0xe][0x0][0x0][0x0]"
05:47:26.262 [main] DEBUG org.apache.http.wire -  << "[\r][\n]"
05:47:26.262 [main] DEBUG org.apache.http.wire -  << "0[\r][\n]"
05:47:26.262 [main] DEBUG org.apache.http.wire -  << "[\r][\n]"
05:47:26.262 [main] DEBUG io.restassured.internal.RestAssuredHttpBuilder - Parsed data to instance of: class org.apache.http.conn.EofSensorInputStream
05:47:26.263 [main] DEBUG org.apache.http.impl.conn.BasicClientConnectionManager - Releasing connection org.apache.http.impl.conn.ManagedClientConnectionImpl@85fd4b
05:47:26.263 [main] DEBUG org.apache.http.impl.conn.BasicClientConnectionManager - Connection can be kept alive indefinitely
05:47:26.264 [main] DEBUG net.thucydides.core.steps.StepInterceptor - STEP DONE: I send DELETE HTTP request
  &amp#27;[32mWhen &amp#27;[0m&amp#27;[32mI send DELETE HTTP request&amp#27;[0m                    &amp#27;[90m# starter.stepdefinitions.UserSteps.iSendDELETEHTTPRequest()&amp#27;[0m
05:47:26.268 [main] DEBUG net.thucydides.core.steps.StepInterceptor - STARTING STEP: UserSteps.iReceiveValidHTTPResponseCode500 - I receive valid HTTP response code 500
05:47:26.269 [main] DEBUG net.thucydides.core.steps.StepInterceptor - STEP DONE: I receive valid HTTP response code 500
  &amp#27;[32mThen &amp#27;[0m&amp#27;[32mI receive valid HTTP response code 500&amp#27;[0m        &amp#27;[90m# starter.stepdefinitions.UserSteps.iReceiveValidHTTPResponseCode500()&amp#27;[0m
05:47:26.272 [main] INFO  - 
  _____   ___   ___   _____     ___     _     ___   ___   ___   ___  
 |_   _| | __| / __| |_   _|   | _ \   /_\   / __| / __| | __| |   \ 
   | |   | _|  \__ \   | |     |  _/  / _ \  \__ \ \__ \ | _|  | |) |
   |_|   |___| |___/   |_|     |_|   /_/ \_\ |___/ |___/ |___| |___/ 

DELETE - As admin I cannot delete product
----------------------------------------------------------------------
]]></system-out>
  </testcase>
  <testcase name="POST - As admin I have be able to create new product" classname="User" time="1.253">
    <system-out><![CDATA[
@TC-003
Scenario: POST - As admin I have be able to create new product  &amp#27;[90m# src/test/resources/api/user.feature:72&amp#27;[0m
05:47:26.288 [main] INFO io.cucumber.core.plugin.SerenityReporter - Running feature from file:///C:/Users/Lenovo/IdeaProjects/MiniProject/MiniprojectApi/src/test/resources/api/user.feature
05:47:26.288 [main] WARN io.cucumber.core.plugin.SerenityReporter - Feature from file:///C:/Users/Lenovo/IdeaProjects/MiniProject/MiniprojectApi/src/test/resources/api/user.feature is not under the 'features' directory. Requirements report will not be correctly generated!
05:47:26.291 [main] INFO  - 
  _____   ___   ___   _____     ___   _____     _     ___   _____   ___   ___  
 |_   _| | __| / __| |_   _|   / __| |_   _|   /_\   | _ \ |_   _| | __| |   \ 
   | |   | _|  \__ \   | |     \__ \   | |    / _ \  |   /   | |   | _|  | |) |
   |_|   |___| |___/   |_|     |___/   |_|   /_/ \_\ |_|_\   |_|   |___| |___/ 

POST - As admin I have be able to create new product(user;post---as-admin-i-have-be-able-to-create-new-product)
--------------------------------------------------------------------------------
05:47:26.368 [main] DEBUG net.thucydides.core.steps.StepInterceptor - STARTING STEP: UserSteps.iSetPOSTApiEndpointsLogin - I set POST api endpoints login
05:47:26.368 [main] DEBUG net.thucydides.core.steps.StepInterceptor - STEP DONE: I set POST api endpoints login
  &amp#27;[32mGiven &amp#27;[0m&amp#27;[32mI set POST api endpoints login&amp#27;[0m                          &amp#27;[90m# starter.stepdefinitions.UserSteps.iSetPOSTApiEndpointsLogin()&amp#27;[0m
05:47:26.372 [main] DEBUG net.thucydides.core.steps.StepInterceptor - STARTING STEP: UserSteps.iSendPOSTHTTPRequestLogin - I send POST HTTP request login
05:47:26.385 [main] DEBUG net.thucydides.core.steps.StepInterceptor - STARTING STEP: PostLogin.iSendPOSTHTTPRequestLogin - I set POST api endpoints login
05:47:26.385 [main] DEBUG net.thucydides.core.steps.StepInterceptor - STEP DONE: I set POST api endpoints login
05:47:26.479 [main] DEBUG org.apache.http.impl.conn.BasicClientConnectionManager - Get connection for route {s}->https://altashop-api.fly.dev:443
05:47:26.480 [main] DEBUG org.apache.http.impl.conn.DefaultClientConnectionOperator - Connecting to altashop-api.fly.dev:443
05:47:26.590 [main] DEBUG org.apache.http.client.protocol.RequestAddCookies - CookieSpec selected: ignoreCookies
05:47:26.590 [main] DEBUG org.apache.http.client.protocol.RequestAuthCache - Auth cache not set in the context
05:47:26.590 [main] DEBUG org.apache.http.client.protocol.RequestTargetAuthentication - Target auth state: UNCHALLENGED
05:47:26.590 [main] DEBUG org.apache.http.client.protocol.RequestProxyAuthentication - Proxy auth state: UNCHALLENGED
05:47:26.590 [main] DEBUG org.apache.http.impl.client.DefaultHttpClient - Attempt 1 to execute request
05:47:26.590 [main] DEBUG org.apache.http.impl.conn.DefaultClientConnection - Sending request: POST /api/auth/login HTTP/1.1
05:47:26.590 [main] DEBUG org.apache.http.wire -  >> "POST /api/auth/login HTTP/1.1[\r][\n]"
05:47:26.590 [main] DEBUG org.apache.http.wire -  >> "Accept: */*[\r][\n]"
05:47:26.590 [main] DEBUG org.apache.http.wire -  >> "Content-Type: application/json[\r][\n]"
05:47:26.590 [main] DEBUG org.apache.http.wire -  >> "Content-Length: 48[\r][\n]"
05:47:26.590 [main] DEBUG org.apache.http.wire -  >> "Host: altashop-api.fly.dev[\r][\n]"
05:47:26.590 [main] DEBUG org.apache.http.wire -  >> "Connection: Keep-Alive[\r][\n]"
05:47:26.590 [main] DEBUG org.apache.http.wire -  >> "User-Agent: Apache-HttpClient/4.5.13 (Java/14.0.2)[\r][\n]"
05:47:26.590 [main] DEBUG org.apache.http.wire -  >> "Accept-Encoding: gzip,deflate[\r][\n]"
05:47:26.590 [main] DEBUG org.apache.http.wire -  >> "[\r][\n]"
05:47:26.590 [main] DEBUG org.apache.http.headers - >> POST /api/auth/login HTTP/1.1
05:47:26.590 [main] DEBUG org.apache.http.headers - >> Accept: */*
05:47:26.590 [main] DEBUG org.apache.http.headers - >> Content-Type: application/json
05:47:26.590 [main] DEBUG org.apache.http.headers - >> Content-Length: 48
05:47:26.590 [main] DEBUG org.apache.http.headers - >> Host: altashop-api.fly.dev
05:47:26.590 [main] DEBUG org.apache.http.headers - >> Connection: Keep-Alive
05:47:26.590 [main] DEBUG org.apache.http.headers - >> User-Agent: Apache-HttpClient/4.5.13 (Java/14.0.2)
05:47:26.590 [main] DEBUG org.apache.http.headers - >> Accept-Encoding: gzip,deflate
05:47:26.591 [main] DEBUG org.apache.http.wire -  >> "{"password":"123123","email":"someone@mail.com"}"
05:47:26.632 [main] DEBUG org.apache.http.wire -  << "HTTP/1.1 200 OK[\r][\n]"
05:47:26.632 [main] DEBUG org.apache.http.wire -  << "content-type: application/json[\r][\n]"
05:47:26.632 [main] DEBUG org.apache.http.wire -  << "date: Mon, 08 May 2023 22:56:16 GMT[\r][\n]"
05:47:26.632 [main] DEBUG org.apache.http.wire -  << "content-encoding: gzip[\r][\n]"
05:47:26.632 [main] DEBUG org.apache.http.wire -  << "transfer-encoding: chunked[\r][\n]"
05:47:26.632 [main] DEBUG org.apache.http.wire -  << "server: Fly/3f2597ca (2023-05-03)[\r][\n]"
05:47:26.632 [main] DEBUG org.apache.http.wire -  << "via: 1.1 fly.io[\r][\n]"
05:47:26.632 [main] DEBUG org.apache.http.wire -  << "fly-request-id: 01GZYS8WHPSNP8G5H5J6W6M951-sin[\r][\n]"
05:47:26.632 [main] DEBUG org.apache.http.wire -  << "[\r][\n]"
05:47:26.632 [main] DEBUG org.apache.http.impl.conn.DefaultClientConnection - Receiving response: HTTP/1.1 200 OK
05:47:26.632 [main] DEBUG org.apache.http.headers - << HTTP/1.1 200 OK
05:47:26.632 [main] DEBUG org.apache.http.headers - << content-type: application/json
05:47:26.632 [main] DEBUG org.apache.http.headers - << date: Mon, 08 May 2023 22:56:16 GMT
05:47:26.632 [main] DEBUG org.apache.http.headers - << content-encoding: gzip
05:47:26.633 [main] DEBUG org.apache.http.headers - << transfer-encoding: chunked
05:47:26.633 [main] DEBUG org.apache.http.headers - << server: Fly/3f2597ca (2023-05-03)
05:47:26.633 [main] DEBUG org.apache.http.headers - << via: 1.1 fly.io
05:47:26.633 [main] DEBUG org.apache.http.headers - << fly-request-id: 01GZYS8WHPSNP8G5H5J6W6M951-sin
05:47:26.633 [main] DEBUG org.apache.http.impl.client.DefaultHttpClient - Connection can be kept alive indefinitely
05:47:26.633 [main] DEBUG io.restassured.internal.RestAssuredHttpBuilder - Parsing response as: application/json
05:47:26.633 [main] DEBUG org.apache.http.wire -  << "AC[\r][\n]"
05:47:26.633 [main] DEBUG org.apache.http.wire -  << "[0x1f][0x8b][0x8][0x0][0x0][0x0][0x0][0x0][0x4][0xff][0xab]VJI,IT[0xb2]RJ[0xad][0xf4][0xca]HrO[0xce][0xf4][0xcf][0xf4][0xf2][0xc][0xad][0xf2]4[0xf4][0xcb][0xf4],[0xf6][0xcc][0xb]2Mv[0xf6]4[0xf3][0xcc].[0x88][0x8]s[0xf6][0xb2][0xd4]K[0xad][0xf4]rO[0x9][0xaf](N[0xca]u+[0x89][\n]"
05:47:26.633 [main] DEBUG org.apache.http.wire -  << "[0x6]K[0x94]%[0xba][0x9b][0xa4][0x7][0xb9][[0xe6]xf[0x96]g[0x6][0x85][0x1b]f$[0x86][0x97][0x83][0xc][0xa9]J22[0xcc]I22[0xcd][0x9]t[0x7][0x8b][0x95]F[0x1a]Y[0x96]x[0xe6][0x19][0xe8][0x85][0x97]9[0x5]W$[0x7][0xba][0x16][0x16][0xe6]e:[0x1b][0x96][0x19]X[0xf8]Te[0x17]y$[0xbb][0xfa][0xa4][0xa6][0x17][0x1b]$[0x99][0x97][0x95]d[0xb9][0x7][0x84]g&[0xba][0x86]'{*[0xd5]r[0x1][0x0]?[0x99][0xcf]j[0xa0][0x0][0x0][0x0]"
05:47:26.633 [main] DEBUG org.apache.http.wire -  << "[\r][\n]"
05:47:26.633 [main] DEBUG org.apache.http.wire -  << "0[\r][\n]"
05:47:26.633 [main] DEBUG org.apache.http.wire -  << "[\r][\n]"
05:47:26.633 [main] DEBUG io.restassured.internal.RestAssuredHttpBuilder - Parsed data to instance of: class org.apache.http.conn.EofSensorInputStream
05:47:26.636 [main] DEBUG org.apache.http.impl.conn.BasicClientConnectionManager - Releasing connection org.apache.http.impl.conn.ManagedClientConnectionImpl@5b7d5eca
05:47:26.636 [main] DEBUG org.apache.http.impl.conn.BasicClientConnectionManager - Connection can be kept alive indefinitely
05:47:26.698 [main] DEBUG net.thucydides.core.steps.StepInterceptor - STEP DONE: I send POST HTTP request login
  &amp#27;[32mWhen &amp#27;[0m&amp#27;[32mI send POST HTTP request login&amp#27;[0m                           &amp#27;[90m# starter.stepdefinitions.UserSteps.iSendPOSTHTTPRequestLogin()&amp#27;[0m
05:47:26.704 [main] DEBUG net.thucydides.core.steps.StepInterceptor - STARTING STEP: UserSteps.iSetPOSTApiEndpointsProduct - I set POST api endpoints product
05:47:26.705 [main] DEBUG net.thucydides.core.steps.StepInterceptor - STEP DONE: I set POST api endpoints product
  &amp#27;[32mAnd &amp#27;[0m&amp#27;[32mI set POST api endpoints product&amp#27;[0m                          &amp#27;[90m# starter.stepdefinitions.UserSteps.iSetPOSTApiEndpointsProduct()&amp#27;[0m
05:47:26.712 [main] DEBUG net.thucydides.core.steps.StepInterceptor - STARTING STEP: UserSteps.iSendPOSTHTTPRequestpostproduct - I send POST HTTP request product
05:47:26.718 [main] DEBUG net.thucydides.core.steps.StepInterceptor - STARTING STEP: PostProduct.iSendPOSTHTTPRequestpostproduct - I set POST api endpoints product
05:47:26.718 [main] DEBUG net.thucydides.core.steps.StepInterceptor - STEP DONE: I set POST api endpoints product
05:47:26.742 [main] DEBUG org.apache.http.impl.conn.BasicClientConnectionManager - Get connection for route {s}->https://altashop-api.fly.dev:443
05:47:26.742 [main] DEBUG org.apache.http.impl.conn.DefaultClientConnectionOperator - Connecting to altashop-api.fly.dev:443
05:47:26.840 [main] DEBUG org.apache.http.client.protocol.RequestAddCookies - CookieSpec selected: ignoreCookies
05:47:26.840 [main] DEBUG org.apache.http.client.protocol.RequestAuthCache - Auth cache not set in the context
05:47:26.840 [main] DEBUG org.apache.http.client.protocol.RequestTargetAuthentication - Target auth state: UNCHALLENGED
05:47:26.840 [main] DEBUG org.apache.http.client.protocol.RequestProxyAuthentication - Proxy auth state: UNCHALLENGED
05:47:26.840 [main] DEBUG org.apache.http.impl.client.DefaultHttpClient - Attempt 1 to execute request
05:47:26.840 [main] DEBUG org.apache.http.impl.conn.DefaultClientConnection - Sending request: POST /api/products HTTP/1.1
05:47:26.840 [main] DEBUG org.apache.http.wire -  >> "POST /api/products HTTP/1.1[\r][\n]"
05:47:26.840 [main] DEBUG org.apache.http.wire -  >> "Accept: */*[\r][\n]"
05:47:26.840 [main] DEBUG org.apache.http.wire -  >> "Content-Type: application/json[\r][\n]"
05:47:26.840 [main] DEBUG org.apache.http.wire -  >> "Content-Length: 83[\r][\n]"
05:47:26.840 [main] DEBUG org.apache.http.wire -  >> "Host: altashop-api.fly.dev[\r][\n]"
05:47:26.840 [main] DEBUG org.apache.http.wire -  >> "Connection: Keep-Alive[\r][\n]"
05:47:26.840 [main] DEBUG org.apache.http.wire -  >> "User-Agent: Apache-HttpClient/4.5.13 (Java/14.0.2)[\r][\n]"
05:47:26.840 [main] DEBUG org.apache.http.wire -  >> "Accept-Encoding: gzip,deflate[\r][\n]"
05:47:26.840 [main] DEBUG org.apache.http.wire -  >> "[\r][\n]"
05:47:26.840 [main] DEBUG org.apache.http.headers - >> POST /api/products HTTP/1.1
05:47:26.840 [main] DEBUG org.apache.http.headers - >> Accept: */*
05:47:26.840 [main] DEBUG org.apache.http.headers - >> Content-Type: application/json
05:47:26.840 [main] DEBUG org.apache.http.headers - >> Content-Length: 83
05:47:26.840 [main] DEBUG org.apache.http.headers - >> Host: altashop-api.fly.dev
05:47:26.840 [main] DEBUG org.apache.http.headers - >> Connection: Keep-Alive
05:47:26.840 [main] DEBUG org.apache.http.headers - >> User-Agent: Apache-HttpClient/4.5.13 (Java/14.0.2)
05:47:26.840 [main] DEBUG org.apache.http.headers - >> Accept-Encoding: gzip,deflate
05:47:26.840 [main] DEBUG org.apache.http.wire -  >> "{"price":299,"name":"Sony PS5","description":"play has no limits","categories":[1]}"
05:47:26.891 [main] DEBUG org.apache.http.wire -  << "HTTP/1.1 200 OK[\r][\n]"
05:47:26.891 [main] DEBUG org.apache.http.wire -  << "content-type: application/json[\r][\n]"
05:47:26.891 [main] DEBUG org.apache.http.wire -  << "date: Mon, 08 May 2023 22:56:17 GMT[\r][\n]"
05:47:26.891 [main] DEBUG org.apache.http.wire -  << "content-encoding: gzip[\r][\n]"
05:47:26.891 [main] DEBUG org.apache.http.wire -  << "transfer-encoding: chunked[\r][\n]"
05:47:26.891 [main] DEBUG org.apache.http.wire -  << "server: Fly/3f2597ca (2023-05-03)[\r][\n]"
05:47:26.891 [main] DEBUG org.apache.http.wire -  << "via: 1.1 fly.io[\r][\n]"
05:47:26.891 [main] DEBUG org.apache.http.wire -  << "fly-request-id: 01GZYS8WSQFXH148KPAH8HAFYP-sin[\r][\n]"
05:47:26.891 [main] DEBUG org.apache.http.wire -  << "[\r][\n]"
05:47:26.891 [main] DEBUG org.apache.http.impl.conn.DefaultClientConnection - Receiving response: HTTP/1.1 200 OK
05:47:26.891 [main] DEBUG org.apache.http.headers - << HTTP/1.1 200 OK
05:47:26.891 [main] DEBUG org.apache.http.headers - << content-type: application/json
05:47:26.891 [main] DEBUG org.apache.http.headers - << date: Mon, 08 May 2023 22:56:17 GMT
05:47:26.891 [main] DEBUG org.apache.http.headers - << content-encoding: gzip
05:47:26.891 [main] DEBUG org.apache.http.headers - << transfer-encoding: chunked
05:47:26.891 [main] DEBUG org.apache.http.headers - << server: Fly/3f2597ca (2023-05-03)
05:47:26.891 [main] DEBUG org.apache.http.headers - << via: 1.1 fly.io
05:47:26.891 [main] DEBUG org.apache.http.headers - << fly-request-id: 01GZYS8WSQFXH148KPAH8HAFYP-sin
05:47:26.891 [main] DEBUG org.apache.http.impl.client.DefaultHttpClient - Connection can be kept alive indefinitely
05:47:26.891 [main] DEBUG io.restassured.internal.RestAssuredHttpBuilder - Parsing response as: application/json
05:47:26.891 [main] DEBUG org.apache.http.wire -  << "87[\r][\n]"
05:47:26.891 [main] DEBUG org.apache.http.wire -  << "[0x1f][0x8b][0x8][0x0][0x0][0x0][0x0][0x0][0x4][0xff][0xab]VJI,IT[0xb2][0xaa]V[0xf2]tQ[0xb2]241[0xb5]4[0xd3]Q[0xf2]K[0xcc]MU[0xb2]R[\n]"
05:47:26.891 [main] DEBUG org.apache.http.wire -  << "[0xce][0xcf][0xab]T[0x8][0x8]6U[0xd2]QrI-N.[0xca],([0xc9][0xcc][0xcf]S[0xb2]R*[0xc8]I[0xac]T[0xc8]H,V[0xc8][0xcb]W[0xc8][0xc9][0xcc][0xcd],)V[0xd2]Q[\n]"
05:47:26.891 [main] DEBUG org.apache.http.wire -  << "([0xca]LNU[0xb2]2[0xb2][0xb4][0xd4]Q[\n]"
05:47:26.891 [main] DEBUG org.apache.http.wire -  << "J,[0xc9][0xcc]K/V[0xb2]2[0xd0]QrN,IM[0xcf]/[0xca]L-V[0xb2][0x8a][0x8e][0xad][0xad][0xe5][0x2][0x0]h[0xe][0xef]#s[0x0][0x0][0x0]"
05:47:26.891 [main] DEBUG org.apache.http.wire -  << "[\r][\n]"
05:47:26.891 [main] DEBUG org.apache.http.wire -  << "0[\r][\n]"
05:47:26.891 [main] DEBUG org.apache.http.wire -  << "[\r][\n]"
05:47:26.891 [main] DEBUG io.restassured.internal.RestAssuredHttpBuilder - Parsed data to instance of: class org.apache.http.conn.EofSensorInputStream
05:47:26.893 [main] DEBUG org.apache.http.impl.conn.BasicClientConnectionManager - Releasing connection org.apache.http.impl.conn.ManagedClientConnectionImpl@7c855ef0
05:47:26.893 [main] DEBUG org.apache.http.impl.conn.BasicClientConnectionManager - Connection can be kept alive indefinitely
05:47:26.894 [main] DEBUG net.thucydides.core.steps.StepInterceptor - STEP DONE: I send POST HTTP request product
  &amp#27;[32mAnd &amp#27;[0m&amp#27;[32mI send POST HTTP request post product&amp#27;[0m                     &amp#27;[90m# starter.stepdefinitions.UserSteps.iSendPOSTHTTPRequestpostproduct()&amp#27;[0m
05:47:26.898 [main] DEBUG net.thucydides.core.steps.StepInterceptor - STARTING STEP: UserSteps.iReceive1ValidLoginAndProductHTTPResponseCode - I receive valid login and product HTTP response code 200
05:47:26.899 [main] DEBUG net.thucydides.core.steps.StepInterceptor - STARTING STEP: PostProduct.iReceive1ValidLoginAndProductHTTPResponseCode - I set POST api endpoints product
05:47:26.900 [main] DEBUG net.thucydides.core.steps.StepInterceptor - STEP DONE: I set POST api endpoints product
05:47:26.909 [main] DEBUG org.apache.http.impl.conn.BasicClientConnectionManager - Get connection for route {s}->https://altashop-api.fly.dev:443
05:47:26.910 [main] DEBUG org.apache.http.impl.conn.DefaultClientConnectionOperator - Connecting to altashop-api.fly.dev:443
05:47:27.022 [main] DEBUG org.apache.http.client.protocol.RequestAddCookies - CookieSpec selected: ignoreCookies
05:47:27.022 [main] DEBUG org.apache.http.client.protocol.RequestAuthCache - Auth cache not set in the context
05:47:27.022 [main] DEBUG org.apache.http.client.protocol.RequestProxyAuthentication - Proxy auth state: UNCHALLENGED
05:47:27.022 [main] DEBUG org.apache.http.impl.client.DefaultHttpClient - Attempt 1 to execute request
05:47:27.022 [main] DEBUG org.apache.http.impl.conn.DefaultClientConnection - Sending request: GET /api/products HTTP/1.1
05:47:27.022 [main] DEBUG org.apache.http.wire -  >> "GET /api/products HTTP/1.1[\r][\n]"
05:47:27.022 [main] DEBUG org.apache.http.wire -  >> "Authorization: Bearer [\r][\n]"
05:47:27.022 [main] DEBUG org.apache.http.wire -  >> "Accept: */*[\r][\n]"
05:47:27.022 [main] DEBUG org.apache.http.wire -  >> "Host: altashop-api.fly.dev[\r][\n]"
05:47:27.022 [main] DEBUG org.apache.http.wire -  >> "Connection: Keep-Alive[\r][\n]"
05:47:27.022 [main] DEBUG org.apache.http.wire -  >> "User-Agent: Apache-HttpClient/4.5.13 (Java/14.0.2)[\r][\n]"
05:47:27.023 [main] DEBUG org.apache.http.wire -  >> "Accept-Encoding: gzip,deflate[\r][\n]"
05:47:27.023 [main] DEBUG org.apache.http.wire -  >> "[\r][\n]"
05:47:27.023 [main] DEBUG org.apache.http.headers - >> GET /api/products HTTP/1.1
05:47:27.023 [main] DEBUG org.apache.http.headers - >> Authorization: Bearer 
05:47:27.023 [main] DEBUG org.apache.http.headers - >> Accept: */*
05:47:27.023 [main] DEBUG org.apache.http.headers - >> Host: altashop-api.fly.dev
05:47:27.023 [main] DEBUG org.apache.http.headers - >> Connection: Keep-Alive
05:47:27.023 [main] DEBUG org.apache.http.headers - >> User-Agent: Apache-HttpClient/4.5.13 (Java/14.0.2)
05:47:27.023 [main] DEBUG org.apache.http.headers - >> Accept-Encoding: gzip,deflate
05:47:27.331 [main] DEBUG org.apache.http.wire -  << "HTTP/1.1 200 OK[\r][\n]"
05:47:27.331 [main] DEBUG org.apache.http.wire -  << "content-type: application/json[\r][\n]"
05:47:27.331 [main] DEBUG org.apache.http.wire -  << "date: Mon, 08 May 2023 22:56:17 GMT[\r][\n]"
05:47:27.331 [main] DEBUG org.apache.http.wire -  << "transfer-encoding: chunked[\r][\n]"
05:47:27.331 [main] DEBUG org.apache.http.wire -  << "content-encoding: gzip[\r][\n]"
05:47:27.331 [main] DEBUG org.apache.http.wire -  << "server: Fly/3f2597ca (2023-05-03)[\r][\n]"
05:47:27.331 [main] DEBUG org.apache.http.wire -  << "via: 1.1 fly.io[\r][\n]"
05:47:27.331 [main] DEBUG org.apache.http.wire -  << "fly-request-id: 01GZYS8WZ4Y0J09FAT496WRY25-sin[\r][\n]"
05:47:27.331 [main] DEBUG org.apache.http.wire -  << "[\r][\n]"
05:47:27.331 [main] DEBUG org.apache.http.impl.conn.DefaultClientConnection - Receiving response: HTTP/1.1 200 OK
05:47:27.331 [main] DEBUG org.apache.http.headers - << HTTP/1.1 200 OK
05:47:27.331 [main] DEBUG org.apache.http.headers - << content-type: application/json
05:47:27.331 [main] DEBUG org.apache.http.headers - << date: Mon, 08 May 2023 22:56:17 GMT
05:47:27.331 [main] DEBUG org.apache.http.headers - << transfer-encoding: chunked
05:47:27.331 [main] DEBUG org.apache.http.headers - << content-encoding: gzip
05:47:27.331 [main] DEBUG org.apache.http.headers - << server: Fly/3f2597ca (2023-05-03)
05:47:27.331 [main] DEBUG org.apache.http.headers - << via: 1.1 fly.io
05:47:27.332 [main] DEBUG org.apache.http.headers - << fly-request-id: 01GZYS8WZ4Y0J09FAT496WRY25-sin
05:47:27.332 [main] DEBUG org.apache.http.impl.client.DefaultHttpClient - Connection can be kept alive indefinitely
05:47:27.333 [main] DEBUG io.restassured.internal.RestAssuredHttpBuilder - Parsing response as: application/json
05:47:27.333 [main] DEBUG org.apache.http.wire -  << "2CF[\r][\n]"
05:47:27.333 [main] DEBUG org.apache.http.wire -  << "[0x1f][0x8b][0x8][0x0][0x0][0x0][0x0][0x0][0x4][0xff][0xaa]VJI,IT[0xb2][0x8a][0xae]V[0xf2]tQ[0xb2]241[0xb1]0[0xd2]Q[0xf2]K[0xcc]MU[0xb2]RJI-N.[0xca],([0xc9][0xcc][0xcf]S[0xd2]QrA[0xe2]Y))[0xe9]([0x5][0x14]e&[0xa7]*Y[0x19][0xe8]([0x5]%[0x96]d[0xe6][0xa5][0x17]+Y[0x99][0xe8](9'[0x96][0xa4][0xa6][0xe7][0x17]e[0xa6][0x16]+YE[0xc7][0xd6][0xea] [0xc]6[0x86][0x1b][0xec]Y[0x90][0x91][0x9f][0x97][0xaa]`h[0xa8]`f[0xa2][0x90][0x9e][0x84]axANb[0xa5]BFb[0xb1]B^[0xbe]BNfnfI1[0xc2]:#KK$[0xb][0x8d][0xd0],[0x84][0xda]fdjb[0x8][0xb7][0xcd]=173/[0x1d][0xc3][0x12][0xb7][0xfc]"[0x85]t[0xb0][0x94]BAiQA~qj[0xb1]R-[0x8a][0x83]-[0xe0]F[0xb8][0x95][0x16][0xe5]e[0x96][0x94][0x16][0xa5]*[0x84][0xe4][0x17]`[0x9a][0x4][0x97]MI,[0xca]T[0xf0]J-H,JD[0xb8][0xd8][0xd0][0x4][0xd9][0xc5][0xa6]h.F[0xb1][0xd1][0x4]ncp~^[0xa5]B@[0xb0]![0x86]e[0xf8][0xc2][0xc6][0x4]%l[0xc][0xd1]l[0xa2]j[0xd8][0x98][0x12]v)"[0x4][0x90][0x93][0x88][0x1]-]e[0x6]w[0x15][0x15]c[0xc][0xdd][0xc5][0xc8]1f[0x89]Hf.a.[\n]"
05:47:27.333 [main] DEBUG org.apache.http.wire -  << "[0xbe][0xa5][0xe9][0xa9]y[\n]"
05:47:27.333 [main] DEBUG org.apache.http.wire -  << "!E[0x89][0x99][0xf8]r[0x8c][0xa1][0x91][0x81][0x81][0x1][0xbe]0A[0xb1][0x1][0x91][0x1f][0x13][0xf3][0x12][0xb3][0x15][0x12]+[0x13]s1[0x12]Eqiq[0xa9][0x2]H[0x1a][0x11][0xe6][0x96](i[0x1][0xaf][0x1f][0xcc][0xe1][0xa1][0x16][0xe1][0xe4][0x1f][0x81][0x99][0xe4][0x10]9[0x5]a<jR3[0xa6]a[0xa4][0x82][0xfc][0x1]-[0x90][0xb0];[0xf][0x97][0xa3][0xd0][0xfd]L[0xc5][0xf4]o[\n]"
05:47:27.333 [main] DEBUG org.apache.http.wire -  << "[0x8a]>[0xa8][0xa3]h[0x13][0xef][0xa6][0x6][0x88][0x94][0x5][0x8a]X[0xea][0xc7][0xbb][0xa9][0x1][0xad]S[0x96][0xa9][0x1][0xa2][0xc8][0xa7][0x91][0x1f],[0x10]e[0xb4]SQbrjNj[0x9]F[0xe6][0xf0]MLIU[0xc8]OS[0xc8][0xc8]L[0xcf]P(,M[0xcc][0xc9],[0xa9]T(HM,[0xca]A[0xae]V[0x8c][0x88][0xcb][0x90][0xc6][0xc6]f[0x18][0x85][0xb4])[0x86][0x95][0xf8][\n]"
05:47:27.333 [main] DEBUG org.apache.http.wire -  << "i[0xd4][\n]"
05:47:27.333 [main] DEBUG org.apache.http.wire -  << "[0xc]w[0x8d]illf[0x9][0xcf][0x98]%[0xa9][0xc5][0xa0]*V[0xa1][0xa0](?[0xa5]4[0x19][0xd3][0x8f]%[0x19][0x99][0xc5][\n]"
05:47:27.333 [main] DEBUG org.apache.http.wire -  << "[0x99][0xc5][\n]"
05:47:27.333 [main] DEBUG org.apache.http.wire -  << "%[0x19][0xa9]05[\n]"
05:47:27.333 [main] DEBUG org.apache.http.wire -  << "[0xa8][0xd5]7[0x96][0xda][0x1a]=[0xd7]"[0x8a][0x1d]ccsD[0xf2][0xa3][0x9a][0xdd][0x86]h[0xc5][0x1e][0xee][0xaa][0xd0][0xd8][0xd8][0x1c][0x91]8[0xa9]j?R[0xdb][0x1][0xaf][0xf5][0x88]H[0xa6][0xaa][0xf5][0xc8][0x89][0xc][0xaf][0xfd][0x88]2[0x99]f[0xf6][0xa3][0x97][0x8f]([0xd1][0x8f][0xc8]W4[0xb3][0x1f]_[0xd2]7[0xa7]A[0xd2]GO~[0xf8][0xfc]oa@[0xfd][0xac][0x87]n?[0xbe][0xec][0x87][0xd4][\n]"
05:47:27.333 [main] DEBUG org.apache.http.wire -  << "[0xa7]Y[0xf8][0xe3][0xf5]?[0xa2][0xe4][0x1e][0x18][0xfb][0x11][0xf9][0xcf]#@!7[0xb3]$[0x1f]{[0x19][[0x92]Z[0x94][0x94][0x98][0x99][0x8d]h[0x2][0x98][0x9a][0x99]#eq[0xbc]^Dd1[0xd2][0xda][0x15][0xe8][0xf9][0x96]z[0xed][\n]"
05:47:27.333 [main] DEBUG org.apache.http.wire -  << "cc[0xb]D[0xba][0x87][0xf6][0x0]([0xa9]\[0xf0][0xa5]0KD[0xc][0x7][0x4]+`[0xda][0x92][0x9e][0x98][0x9b][0xaa]`[0xaa]P\[0x92]X[0x84][0x8]][0xd4]V[0x1f][0xbe][0xc]l[0x89][0x88]@[0xba]4[0xc5][0x8d]M[0x90][0x9a]dT[0x8]:<)[0xc7][0x4][0xa9]iF[0x15][0xbf][0x1][0x0][0x0][0x0][0xff][0xff]"
05:47:27.333 [main] DEBUG org.apache.http.wire -  << "[\r][\n]"
05:47:27.334 [main] DEBUG org.apache.http.wire -  << "485[\r][\n]"
05:47:27.334 [main] DEBUG org.apache.http.wire -  << "[0x82][0xf4][0x9d][0xf1][0xda][0x88][0x88],Z[0xfb][\r][0x11]o[0x1]E[0x89][0xc9]%[0x99][0xc9][0x89]9[\n]"
05:47:27.334 [main] DEBUG org.apache.http.wire -  << "[0xe1][0xf9][0xf9])[0xa9]y[\n]"
05:47:27.334 [main] DEBUG org.apache.http.wire -  << "[0xde]y[0x99]i[0xa9][0x18][0xf9][0xd0]1'3[0xb1]X![0xad]4=Q[0xa1][0xb4]D[0xf][0x91]V[0xc]A[0x11]B[0x9c][0xef][0x10]9[0x91]z#[0x3]x[0x83][0x13][0x91][0xcb]`[0x16][0x1a]Q<[0x14][0x81][0xcf]BCDu[0x2][0xb3][0x90][0xf2][0xb1][0xf][0xbc][0x16]"[0x9a]ot[0xb2][0x10]c@[0xc0][0x1c]#[0xa5][0x10][0xdf]*[0xc6][0xeb]5Dj[0x9]H[0xcc]I[0xf4][0xc9][0xf7][0x1][0x8d][0xb5][0xa0][0x8e]N[0xc1]m[0xc2]2zdl[0x8c]TA[0xe0])[0xc2]L[0xc][0x11]m rKH[0xbc][0xfe]@$BZ[0x18][0xf][0xea][0xcf]@{[0xa8]t[0xea][0x19][0x99][0x18]![0x12][0x1d]M|[0x84][0xe8][0x12][0xd0][0xc4]xD[0x19]K[0xb7][0x0]C[0x14][0xb6]t[0xb3][0x12][0x91]O[0xa9]i%[0xbe]|d[0x84][0x18][0x95][0xa3][0xa6][0x95][0xf8][0xf2][0x96][0x11][0xa2][0x8c][0xa0]q}i[0x84][0xc8][0xc5]4j[0xa8][0x9a][0x18]#*[0xf]Z[0x86][0x1f][0xac][0x19]ka[0x88]H"[0x8e][0xc9][0xc9][0xa9][0xc5][0xc5][0x90][0xd1]|[0xf4][0x19][0x80][0x92]|[0x85][0xd4][0xbc][0x8c][0xc4][0xbc][0xe4]T[0x85][0xc4][0x2][0xd0]p[\n]"
05:47:27.334 [main] DEBUG org.apache.http.wire -  << "[0x88][0x89]<[0x82]nlb[0x8c]([0x10][0x8a]S[0xb]RS0[0xb][0xea][0xc4][0xcc]J[0x90] tp[0xc2][0xc8][0x14][0xb9][0x8c]/[0x82][0x8d][0x11]e[0x1]-[0xc3][0x4][0xa9]Kl[0x2][0xaa]7[0xa0][0x5]*[0xb5]=C[0xff]b[0xc0][0x18][0x11][0xc7][0xc1][0xe0][0x98]Q[0xf0][0xc9],.)[0x2][0xf7][0xa4]P[0xab]R[0xa8]t[0xe]DZ!/=5[0xa9][0x14]4[0xfe]Dz[0x94]![0x8a][0x1][0xa8][0x99]P+[0x15][0x9c][0x12]s[0x12]1gU[0xa0][0x8a]P-VHJ[0xcc]K[0x7][0x8f][0xf1]A[0xed]7%>[0xc9] [0xca][0x4][0xba]%[0x19]D[0xb][0x82]nV"[0xca]#zYi[0x82]([0x9f][0x82]J[0x8b]K2[0x93]a[0xfd][0x5][0xa7]D[0xcc]Y[0xb7][0xd0][0x12][0x85][0xd4][0xa2][0xa2][0xfc]"[0x85][0xa2][0xd4][0xe4][0xd2][0xe2][0xc4][0xbc][0x94][0xc4]T[0x85][0x82][0xfc][0xe2][0xe2][0xcc][0xdc][0xd2]b[0x85][0xdc][0xfc][0x1c][0xd0]8gb[0xaa]Bqj[0x8a]BfnAjJ&y][\n]"
05:47:27.334 [main] DEBUG org.apache.http.wire -  << "[0xa4][0xe9]?D7[0xc6]'3/5O[0xc1])[0xbf][0xa4]$[0x7]K7[0xa6][0xb4]D[0xa1] [0xb5][0xa8][0xb8] 393[0xb1]$[0xb3]X!%?'[0xbf](U!%3[0xb9]$Q[0xa1] [0xbf][0xa8](_![0xb3][0xa0][0xb8]4W!5[0x91][0xac]^[0x8e][0x9][0xfd][0x8b],[0x13]D[0x93]&8'55[[0x1][0x12][0x2][0xee]9[0xf9]e[0xa9][0xa0][0xb1]o[0xd4][0x9c][0xee][0x9f][0x96][0x96][0x99][0x9c][0x99]Y[0xac][0x90][0x9c][0x9f]W[0x9c]ZX[0x9a]XRZ[0xa4][0x90][0x98][0x97][0x99][0x9b][0x9][0x8f][0x98]b[0x85][0xb2][0xfc][0x9c][0xd2][0x82][0x92][0xc4][0x92]T[0x85][0x94][0xd4][0x9c][0xd4][0xbc][0xcc][0x92]L[0xf2][0x2][0x83][0xfe]E[0x9e][0x9][0xa2][0xc8]s[0xcf]/JO[0xcd]/-V[0x8]*MJJ-Rp[0x6][0x8f]q[0xa0][0x85]FJf[0x9]$[\r][0x94][0xe6]*$[0x82][0x12][0x7]8[0x9][0xe4]$&[0xe5][0x17]e[0xe6][0x17]'[0xe6]*[0x14][0x96]f*$[0xe6]d[0x16][0x96]f[0xa6]([0x14][0x93][0x9b]N[0x11][0x85]""[0x9d][0xba][0x17]%[0xe6]e[0x96][0xa4]*8[0xe7]'[0x82]JZTw[0xb9][0x96][0x80][0xfa][0xda][0x99][0x89]%[\n]"
05:47:27.334 [main] DEBUG org.apache.http.wire -  << "[0xf9][0xb9]y[0x99][0xc5][\n]"
05:47:27.334 [main] DEBUG org.apache.http.wire -  << "[0xb9][0x99]y[0x99][0xb9][0x89][\n]"
05:47:27.334 [main] DEBUG org.apache.http.wire -  << "y[0xa5][0xb9][0x85][0xa5][0x89][0xb9][\n]"
05:47:27.334 [main] DEBUG org.apache.http.wire -  << "[0xc5][0xa5][0xc5][0xc9][0x99][0x5][0xe4][0xba][0x6]QD[0x6]W[0xe6][0xa5][0x16][0xa5]g[0xc2][0xb2]s[0x8e]BpFf[0x11]V[0xd7][0xa4][0x16][0x97][0xc0]SEfRi[0xb1]BANbrjb[0x89]B*yY[0x17]T[0xa0]C[0xeb]Y[0x5][0x1a]u!M[0x11]Y[0x91][0xac][0xe6]![0xb1][0xad][0x14]S[0xa4][0xfc][0x7][0x99][0xcf][0xc7][0x1c]g[0x83]wU[0x9][0xae]u[0xc0][0xd7][0x1e]2[0xa5]~2E[0xe4]'z[0xd5]4[0xa6][0x88][0xdc]B7+[0x11]Y[0x82]nV"Z[\r]d[0xa5]N[0xd4][0x9]F[0xbc][0xa9][0x6][0xd1]X[0xa0][0xb1]Mf[0x88]6[0x2][0xd4]&[0xcc]e[0x6][0xf8]r[0x2][0xea][0xc0]3[0xba][0x9f]`][0x17][0xca]W[0xfd][0x18][0x9b][0x98]![0xfa],P[0x97][0xd2]*[0xcf][0x9a]QX[\n]"
05:47:27.334 [main] DEBUG org.apache.http.wire -  << "[0x11][0x1f][0xcf]ft+[0x87][0xa8];9[0x8e][0x1e][0xcf][0xc8][0xdd]13D[0xf1]C[0xeb]xB[0x94]:P[0x9b][0x6]m[0xda]E[0x14]V8][0x8a][0x18][0xa0][0xc7]W[0x8b]Q5Ga[0x94]g[0x94][0x84][0x1f][\r]g[0xdf]L[0x90][0x16]\[0xc][0xa2][0xf0]3[0xc7](;iU"!-[0xfa][0xf0]K,[0xce]TpI,[0xcd]S[0xf0]J-*[0x5]M[0xb0][0xa2]6C[0xc1][0xf2][0xe5][0xa9]y[0x89][0xd9][0xd9][\n]"
05:47:27.334 [main] DEBUG org.apache.http.wire -  << "%[0xa9]y[0x89]y[\n]"
05:47:27.334 [main] DEBUG org.apache.http.wire -  << "[0xb9][0xa5]E[0xb9][0xa9]Hs[0x85][0x86][0x96][0xf8][0x17][0xb9][0xc1][0x92][0x98][0x85]%"[0xd5]&[0xe7][0xe7][0x95][0xe4]g[0xe8]&#[0xd6][0x90][0xa2][0x8f]:[0xb9]%[0x16]gd[0xe6][0xe7]%&[0xe5][0xa4][0xa2][0x8e]5!-[0x18][0x1][0xbb][\r][0xe1]v[0xf0][0xd2])[0x85][0xf4][0xfc][0xa2]T,[0xab]@[0xc1]j[0xa9][0xe4][0xf]D:'[0xec][0xf]L[0x15]HkO[0x8d]M[0xcc][0xe9]Vb[0x9b][0xd3][0xad][0x1c]5G[0xc4]34w[0xd1],[0x1d][0xd3][0xad]]cA[0xb7][0xd6][0x82][0x5]"ED8[0xe5]W(`[0x96][0xa1][0xf4]/[0xd9]-[0x10][0xbd][0xe][0x1c]n"[0xbc]t[0x14][0xbd][0x8e][0x87][0x15][0xb][0xd4]h[0xcb]![0xad][0xe][0x1c][0x9c][0xee][0x83][0xa4]S[0x0][0x0][0x0][0x0][0xff][0xff]"
05:47:27.334 [main] DEBUG org.apache.http.wire -  << "[\r][\n]"
05:47:27.335 [main] DEBUG org.apache.http.wire -  << "58F[\r][\n]"
05:47:27.335 [main] DEBUG org.apache.http.wire -  << "[0x2][0xad][0xb5][0xa7]q[0x8e]@Z[0xa7][0x8c]#$[0x10][0xa9][0x87]~mmKD[0xb]x0[0xb9][\n]"
05:47:27.335 [main] DEBUG org.apache.http.wire -  << "[0x91][0xd3]h[0x1d]+[0xc8][0xf9][0x87][0xbc][0x95][0xd7][0xb4][0xcc]>[0x96][0x88][0x86]/i+[0xa4]h[0xea](D-[0x8b][0xdd]Q[0x3]Z[0xe4] /[0xc][0xc7][0xee]<\[0xf9][0x8c][0x86][0xed]Z[0xe4][0xb5][0xe4][0xb4]M[0xd1][0xc8]+[0xbe][0xb1]{[0x80]c[0x7][0xd1][0xd8][0xc1][0xee]<\[0xb1]C[0xc3][0x14]mj[0x80][0xc8]f[0xb4][0x8e][0x1d][0xca][0xf3][0xe]-[0x93])[0xd2]*[0xa9][0xc1][0x13];[0x86][0x88][0x16][0x1e]vG[\r]l[0x8a]6DTV[0xd8][0x9d]7[0x10])[0xda][0x10]Q[0xaf][0xd1]8E#[0xad]U[0xa0][0xb5]Mt[0xcb][0xa5][0x86][0xf4][0xea]'[0x99]"[0xad]p[0xa3]q[0xe8]![0xad]F[0xa3][0xb5]M[0x88]6%[0xad]m[0xa2][*7BT[[0xb4][0xf6][0x13][0xdd]R9[0xdd][0x96]h[0x99][0x1a]!j=Z[0x87][0x1e][0xbd][0xfa]s[0xa6]Hk[0xc2]h[0xec]'[0xa4]5\[0xb4][0xb6][0x9][0x91]s[0xb1]We[0x3][[0xd3][0x1a]#[0xb2];v[0xe7][\r]DM[0x8b][0xbc][0x8e][0x8b][0xa6]3[0xcc][0xa6][0xc6]t+[0x19][0x8c][0x11][0xf5][0x9f]G[0x80][0x82]3h[0x11]N&[0x96][\r]*9[0xa9][0x5]%[0xf9][0x5][\n]"
05:47:27.335 [main] DEBUG org.apache.http.wire -  << "[0x18];[0x80],A[0x0]i[0x89]7z[0xd3][0x1d]i[0x12][0xc9][0xd4][0x98][0xaa]E[0x3][0xfa][0x86]{d[0x9b][0x90][0x16]I[\r][0xc4][0x86]*[0xe4][0xd1]4[0xaa][0xd9][0x8f]o[0x2][0x9][0xc5][0xef][0x88][0x8c]M[0xc8]nD[0x1e][0x2][0xed][0x96]#2[0x16][0x91][0x96]9[0x11]2[0x9f][0xe8]}[0xb2] [0xeb][0x89][0xf6][0x1f][0xa2]d[0xa0][0xaa][0xfd][0xc4]z[0x1f][0x91]3[0xa9]j=[0xd1][0xde]Gd"[0x9a][0xd9][0x8f][0xde][0xed]DI^[0x88]Z[0x97]f[0xf6][0xe3]+D[0x90][0x16],[\r][0x8c][0xfd][0x88][0x1e]*[0xcd][0xec]G?g[0x5]9[0xfc][0x91]VS[0xd1][0xcc]~[0xbc][0xe1][0x8f][0xe8][0x2][0xf][0x8c][0xfd]4[0xca][0xfe][0xc4][0xe6]?[0xa4][0x85]X[0x3][0xe3]D[0xf9][0x3]k![0x9a][0x9a][0xd2]hj[0xcf][0xd4][0x14][0xd1]8[0xa0][0xee]*|SSD1[0xe6][0x99]W[0x92][0x9a][0x93][0x93][0x99][0x9e][0x9a]W[0xa2][0x10]\[0x92][0x9a][\n]"
05:47:27.335 [main] DEBUG org.apache.http.wire -  << "Z[0xfd][0x98][0x8f]e[0xc5][0xac]g[\n]"
05:47:27.336 [main] DEBUG org.apache.http.wire -  << "[0xe8]<[0x89][0xe2]L[0x85][0xbc][0xc4][0x92][0xd2]b[0xd0][0x82]P[0x10][0x91]XL[0xd6][0x9a]XSSD9[0x6][0xb]G[0xda][0xac]4[0xc5]\[0x8d]E[0xab][0xe8][0xa2][0xdb]j*S[0xba][0xad][0xa6]2[0xa5][0xdb][0x1a]'[0xf0]^v[0xba][0xcc][0xf][0x9a][0x9a]![0x12][0xbf]k^~Q.hqt@N"x[0xf9][0xaf]sFb&h][0x7][0xea][0x2][0x90]0[0xc8]Bp[0xd0][0xa9]#%[0xa9][\n]"
05:47:27.336 [main] DEBUG org.apache.http.wire -  << "y[0xf9]y[0xa0]sG[0xca]2S@y&[0xb5][0x98][0xac][0xa5][0xbf][0xa6]H[0xeb]o\J[0x8b]@k<@[[0x9]r[0x14][0xb0][0xbb] [0x18][0xba][0xd4]Y[0xa1][0xb0]4_[0x1]i]vf[0x1e]9K[0xd2]M[0xe9][0xb6][0xcc][0xc6][0x14]i[0x99][\r][0x8d]3:[0xdd][0x96][0x91][0x98][0xd2]m[0x19][0x89])[0xdd][0x96][0x91][0x98]"[0x1d]BB[0xe3]xB:n$ [0xd8][0x4][0xb3][0xd4]/6QHJ,*E[0xf4][0x8e][0x8c][0xf1][0xaf][0xad]Bn[0x9e][0xd1]m[0x89][0x8a])[0xd2][0xa1]%[0xb4][0xe]/D[0x93][0x8f][0xd6]6![0x1a]w[0xb4][0xb6][0x89]n[0x83][0xbc][0x16][0x98][\r]6[0xcc]$G[0xf4][0x11][0x8c][0xf8][0x9a][0xe6][0x16][0x88][0xd6][0x1a][0xad]C[0xf]Q[0x81][0xd1][0xda]&[0xba]5[0xd3],[0xe9][0xb5][0xf0][0xd3][0x14]iy[0x10][0x8d]C[0xf]i[0xc9][0xf][0xad]m[0xa2][[0x19]a[0x89](#[0xa8]^z[[0xd2][0xad]T@Z[0xed]C[0xeb][0x98][0xa1]W^5C:[0xa9][0xc7][0xb5](=?/?73Y[0xc1]1[0xa7]473[0xaf]4[0x17][0xeb][0xb6]?[0xc7][0xd2][0x12][0x85][0xa4][0xd4][0xc4][0x92][0xc4]T[0xf8][0xa6][0xb6][0xd4]\[0x85][0xdc][0xc4][0x8a][0xcc][0xdc]T[0x85][0xbc][0xd4][0xdc]|[0x85][0xcc][0x9c][0x9c][0xd2]\[0xd0][0x86]?p[0xdf][0x8f][0x9c][0xa6][0xa6][0x99][0x1][0xbd][0x8a]E3[0x3]z[0x15]Vf[0x83]{[0x9d][0x84][0xd9]`\'aF[0xaf]u[0x12]&&HU[0x9][0xad]N[0xe2][0xa4]WJ3E[0xda]/@[0xeb][0x82][0x8a]^~2C:[0x8b][0x95][0xb6]~23@TV[0xb4][0xb6][0x89]^U[0x97][0x99]![0xbd][0x1a][0xb4]fH+f[0xb0]O[0x2][0xf][0xe8][0x1c][0xb5][0x19][0xd2]2[0x1b][0xec][0xce]C[0xf4] [0xe9][0xb6][0xca][0xdb][0xc][0xe9]X([0x1a][0xa7]8#D[0x93]/ [0xd8][0xd0][0x80][0x82]N[\r][0xfa]yF[0xf0]][0x9]H[0xd5][0x1c][0xe4][0xf0]x[0xc]K[0xd2][0xf0][0x9f]+olfD[0xb7][0x1c][0x88]t[0xf2]RvfAb[0xb1]Bb^:[0x96][0x93][0xc9]sS[0xf3][0xd2]SsJ[0x13][0x8b][0xb2][0x13][0xf3] J[0x14][0x8a][0x13][0xf3][0xd2][0x13]K[0x14][0xb2]S[0xf3][0x92][0x13][0xc1][0xbb][0xa6][0xa0][0xc7][0xad][0xe0]?[0xd4][0xf][0x1e]JH[0xc7]o[0x90]w[0xfa][0xbe][0xb1][0x19][0xd2][0xfa] [0xf8]q[\r]NE[0xf9]yU[0xa9]8[0x86][0x3]![0xe7][0x10][0x16][0xa5][0x16][0xa4][0xe6][0xe4][0xa4][0xe6][0xa5][0x94][0x16]+$&[0x83][0x8e][0x18][0x1][0x1d],RXJ[0xd6][0x90][0xbc][0x19][0xd2][0xd2]![0xdf][0xd4][0x94][0xcc][0xfc][0xe4][0xa2]T[0xd0][0x88]$[0xe8]0D[0x1c][0x87]h8[0x82][0xed][0xcc]+[0xc9][0x4][0x1d][0x14]R[0xa2][0x90][0xf]>S#Q[0xa1],5'[0xb3]D!/?)[0xb3][0x98][0xac][0x16]#[0xd2]1SC.&[0x91][0xd6]*[\r]=[0xb7]#[0xe6]V[0x87][0x9e][0xdb][0x11][0xcb].[0x86][0x9e][0xdb][0x11]%9[0x8d][0xeb][0xc][0xa4]e][0x9e]y[0xc9]E[0xa9])[0x99]I9[0xa9][\n]"
05:47:27.336 [main] DEBUG org.apache.http.wire -  << "[0xb0][0x92]&'?[0x19]s[0xef][0xab]k"[0xfc][0x98][0x15][0x85][0xd4][0xbc]LHg[0xb0][0x18][0x94][0xbf]S[0x8b][0x93]3K[0xf3]J[0x14]RJ[0x93][0xc1][0x7][0x1a]A[0xce][0x10][0xca]%+[0xcb][0xd3]mi[0x97][0x19][0xd2][0x82]+Z[0x7]6[0xdd][0x1a][0xd4]Hk[0x82]h[0xec]'[0x13][0xba]5sM[0x10][0xcd]\[0x9a]dh[0x9c][0x8d][0x1e]*T[0xe7]&[0x94][0xf]y [0xdf][0xa2][0x83]g[0xd0][0xd9][0xcc][0x84]n[0xc3]KH+h[0x9c][0xc8]L[0x11][0xf5][0x10][0xad]m[0xa2][[0xc9][0x8b][0xb4]n[0x85][0xd6]~[0xa2]<[0xf1][0x11][0xb7][0x16][0xcf][0x8c]nk8[0xcc][0xe8][0xb6][0xb2][0xc2][0x8c]n[0xa7][0xc7][0x98][0xd1][0xed]L[0x17]3[0xd0]-[0x1]tYYa[0x86][0xb4][0xa6][0x81][0xc6][0xa9][0x9c]n[0xcb][\n]"
05:47:27.336 [main] DEBUG org.apache.http.wire -  << "[0xcc][0x90][0x96][0x15]x[0x14]([0x84]e[0x96][0xe5]+D[0x1a][0x19]a[0xf4][0x84]sSs3s2[0xb3]3[0x15][0x8a][0xb]R[0x8b]3[0xd3]2[0xb3]Ag[0x8a]T&[0xe6][0xa5]+$[0x16][0x80]O[0x1a][0x85]v*[0x8d]A[0xf7][0xc2][0xa0][0x9c][0x16][0x8f]^[0x13]![0xcd]g[0x9b][0x99][0x93][0xd2]}[0xc6]r[0xfe]7[0x9e][0x9c]L[0xbd][0xfe][0xab][0x89][0x9][0xd2][0xfd][\n]"
05:47:27.336 [main] DEBUG org.apache.http.wire -  << "[0xd0]x7[0xc6][0x8] [0xe8][0x89]W[0x0][0x0][0x0][0x0][0xff][0xff]"
05:47:27.336 [main] DEBUG org.apache.http.wire -  << "[\r][\n]"
05:47:27.336 [main] DEBUG org.apache.http.wire -  << "CE9[\r][\n]"
05:47:27.336 [main] DEBUG org.apache.http.wire -  << ""[0xe2][0x9e];[0xdc][0xf5][0x9d][0x89][0x89]%)[0x1]B[0xc1])s&&HSD4[0x1a]EF[0xda][0x2][0x1a][0x92][0x98]Q[0xaa][0x90]T[0x9a][0x83][0xe5][0xc]D|[0xe1]F[0xdc][0xaa]I[0x13]S[0xa4][0x81][0x1c]2m"[0xf6][0xfc]-[0x13]S[0xa4]q~[0xda][0xdb][0x85]h$B[0xd3][0x1d]m[0xd6][0xf6][0x99][0x98][0xd2]k[0x9f][0xa2][0x9][0xdd][0xa6][0xa7]ML[0xe9]5=mb[0x8a]Y>[0xd0]*[0x9e][0xe8]V>[0x98][0xd2]k[0xb2][0xda][0xc4][0x14][0xa9]$[0xa2]i*76CZ[0xd8][0x16][0x0][0xb9]|M[0xc1][0xb1]4'3Q[0x1][0xb3]8[0xcf][0xcc][0xcb][0x4]-[0x82][0x4]][0xd0][0xa6][0x90][0x8]W[0x3][0xad][0xe4][0x88]+[0x97][0x8c][0xcd][0xcc][0xe9][0x94][0x8d][0xcd][0xcc][0x11][0xfd]$[0xec][0x93][0x5][0x3];[0x97][0x81][0xb4]&[0xe][0xbb][0xf3]p[0xcd]e[0xa0][0xef][0x15][0xa1]^[0xad]nl[0x86][0xb4][0x98][0xe][0xbb][0xa3][0x6]8[0xcc][0x10][0x9d]7[0xec][0xce][0xc3][0x15]f[0xe8][0xed][0xb][0xaa][0x86][0x19][0xa2]}[0x2][0xce]A[0xd9][\n]"
05:47:27.336 [main] DEBUG org.apache.http.wire -  << "[0xee][0x99][0xa9]9[0x18][0x8d][0xa1][0x10][0xd0][0xd1][0xdf]y[0xe9][0xa0]k[0xb][0xb3][0x8b]2[0xb][0x8a]3[0x11]n%~G[0x9f][0x99][0x5]b4[0x6][0xc9]2[0x85][0xec]T][0xcc][0xf6])[0x95]lDdX4[0x1b]1K[0x8]*[0xd9][0x88][0xe8][0xce][0xd2][0xe7][0xfe])3[0xa4]k[0xc9][0xc0]~L.[0xa1]m![0x88][0xb4]\[0x81]N>[0xa4]W[0xc5]olF[0xaf][0xea][0xd8][0xd8][0x8c]~[0x95][0xa4]%[0xa2]*[0xa1]mul[0xe][0xea]&[0xd2][0xa5][0xe3]n[0x8e]ty-[0xad][0xfd][0x84](Ahm[0x13][0xdd][0xe2][0x9][0xa9]#Gc?[0x19]"[0xa6][0xb9]<[0x3]<[0xfc][0xfd]\[0x15][0xc]M[0x15][0x2][0x82][0xfc]1*[0x18][0xf]W?[0xf7][0x0]?D[0xb5]b[0x2][0x1a][0xbf]%[0xe6][0x86]:s[0xa4][0xd5]c[0xb4][0xf6][\r][0xa2][0xfe][0xa2][0x9d]o[0xe8][0x96][0xde][0x90][0x96][0xcb][0xd0]8[0xdc][0x90]V[0xbe][0xd0][0xda]&Dz[0xa3][0xb5]M[0x88][0x86][0x13][0xad]mBjQ$[0xe6][0x95]@[0xf6]}[0xf9]&[0x16][0x81][0xa6]B}[0x12]s1/[0xe7]q-Q[0xc8][0xc8]L[0x6][0xad][0x85][0xcd]G[0x9a][0xdc][0x4][0x8d]I[0x13][0x95][0x9f][0x90][0xd6]U$%[0x16][0xa7][0xa6][0x14][0xa5]eV`[0xe4]W[0xb0]LjZbiNI[\n]"
05:47:27.337 [main] DEBUG org.apache.http.wire -  << "h[0xff][0x19][0xb4]#ef[0x9][0x1a]R%[0xce][0x1a]zM7[0x9a]#[0xdd]GE[0x9b][0x11]Q[0xf4][0x6]:[0xd2][0x88][0xa8]9[0xd2][0xcd]T4N't;[0x4][0xc4][0x9c]ns[0xd2][0xe6][0xd4]=[0x3][0x4]_<!M[0xa3][0xd2]8[0x9e]L[0xe8]VrPa^[0x17][0xcf][0x80]<r*7Adf[0x9a][0xd5][0x8c][0xa0][0x6][0x1][0xb4]uI[0xff]l[0x8c]4[0xc7];[0x0][0x96][0xd3][0xad]VC[0xba][0xaa][0x86][0xc6][0xb9][0x0][0xe9][0xba][0x98][0x1][0x8]PD[0x95]:[0x0][0x96]#[0xda][0xf9][0x3]`9"[0xa3][0xd2][0xdf]r[0xa4][0xa3][\r][0x6][0xc0]r[0xc4]*[0x8d][0x1][0xb0][0x1c][0x91][0x83][0xe9]1FcN[0xb7]e[0x1][0xe6]t;p[0xc1][0x1c]iY[0x0][0xf6][0xf1][0xd3][0x1][0x1d][0xde]5[0x7]5|[0xa1][0xd5][0x13]v[0xe7]![0xf5]m-[0xf1]-[0x97][0xa2][0xe2][0xf0][0xae]9[0xdd][0xce]M0GZ[0xe0][0x80][0xdd][0xfb][0x3][0x1b];H[0xab]"[0xb0];o@b[0x7][0xd1][0x12][0x1c]D[0x8e]B[0xc]@`w[0xd4][0x0]G$[0xa2][0xf6][0xc4][0xee][0xbc][0x1][0x89]HD[0xad]:x[0x1c]5[0xb8][0xa7][0xc3][0xcc]Q[0xee]L[0xc1]v[0xbf][0xc2]@D$[0xd2][0xa5]).[0xa5][0xd9][0xa5]y[0x18][0xe3][0x1e][0x8]G[0x99][0x11]}[0xca][0x87]9[0xd2][0x99][0xe][0xd8][0x93][0xc7][0xc0]f)[0x94][0x9b]X[0x6]ML[0x10][0xca]R[0x3][0x1b]fH[0x87]2`[0x8f]RDB[0xa1][0xdb]f>s[0xa4]e+[0xd8][0x1d]5[0xc0]a[0x86][0x18]>[0xc7][0xee][0xbc][0x1][0x9][0xb3][0xc1]][0xdd]!M[0xde][\r][0xa2]0[0x1b][0xd4]y[0xd3][0x2][0xe9]`[0x89]A[0x13]f[0x16]H[0x9b][0xc8]i[0xb2]?[0x4]}l[0x93][0x8a][0xbd][0x8][0xb][0xa4][0xd9][0xd6][0xa1][0xe7]vBm[0xec][0x1]-[0x13]-[0x90][0xee][0x97][0x19]Di[0x15]1<F[0xdb]Q@[0xb][0xa4]#P[0xe8]>(c[0x81]4[\r][0x8e]=[0xec][0x7]6i [0xcd][0x9d]cw[0xde][0x0]T[0x97][0x16]H[0x93][0xed]C[0xae](@Z[0xe9][0x8d]=@[0x7]8[0xbe][0x9][0xb5]D[0x6]$[0xbe][0xe9]V[0x14] -G[0x18]z)[0xb][0xd1] [0x2][0x17][0x98][0x8e]E[0x99][0xe9][0x89][0xf9]%[0xa0]3!Q[0xf]f[0xc5][0xb7]9[0x82][0xd8]-[0xb][0xc6][0x16]H[0xeb])[0x86]\P![0x1d]8B[0x9f][0xd5][0x83][0x16]H[0x7][0x8f][0x80]#' [0x98]6[0x8b][0xf9][0x8d]-[0x90][0xe][0xf][0xa1][0x97][0xdf][0x10]e[0x6][0xad][0xfd]F[0xb7][0x82][0x0][0xe9]8[\r][0x1a][0xfb][0x9][0xe9][0xf0][0xb]Z[0xdb][0x84][0x98]|[0x1a]r9[0xd6][0x18][0xad]p[0xa3]][0xfe]A[0xda]C[0x8f]3>[0x10][0x95] [0xf1][0xe5]%[0xd2]:[0x8][0x5][0x8c][0x11]=[0xea][0x14][0xc9]H[0xb] p:[0x9d]:6!-[0x83][0x18]rI[0x9]i[0x15][0x5][0xad]C[0x9]1[0xe1]Jk[0x9b][0x10][0xdb]:hm[0x13][0xa2]+Kk[0x9b][0x10]#u[0xb4][0xb6][0x89]n[0x15][0x18][0xd2][0xe5][0x14][0xb4][0xf6][0x13][0xa2][0xc0][0x1c]r9[0x14]i[0x89][0xc6][0xd0]s[0xfb][0x10][0xae]d[0x91]n[0xc8][0x18]z[0xe1][0x8e]([0x1][0x87][0x9e][0xdb][0x11][0xe5]Of^J~nf*F[0x3]!1[0xbb]T[0xa1][0xb8]4;Q[0x1][0xa1][0x0][0xba][0xda][0xd9][0x88][0xe8])@[0xb][0xa4][0xc5]+[0xd0][0xd2][0xc7][0x10][0xc3]"|[0xed][0x3][0xba]M"Y [0xdd]6[0x82][0xd3][0xa5][0x88]F[0x18][0xbe][0x9d][0xb3][0xd4][0x1c][0x82]6G[0xaf][0xcf][0x8b]M[0x8b]q[0x7] [0xfa][0xc9][0x12]fff[0xc4]-d[0xb5]@[0x9a][0xaa]ED7j[0x1f][0x9e]*[0xe9][0x1][0xe9][0xf0]}[0xda][0xda][0x83]X.A[{[0x10]u[0x1e]M[0xed]A[0x9a]w[0xa5][0xad]=[0x88][0xf4]F[{[0x90][0xba][0xd5][0x95]y[0xa9]E[0xe9][0x99][0xe0]k} [0x17][a[0xbf]Z[0xc7][0xb3]([0x1f][0xb4].[0x1]V[0x6]Y[0x82]v[0xd5][0x12][0xb3][0xe3][0xc2][0x12]i{[0x1e][0xe2][0xc0]u[0x90]i[\n]"
05:47:27.337 [main] DEBUG org.apache.http.wire -  << "N[0xf9]%%9[0x98]%[0x9f]s>[0xe8][0xd0][0xbd][0x12][0x90][0x4][0xd4]6ssPF$[0xce]6Dm[0x1c][0x9c][0x93][0x9a][0x9a][0xad][0xe0]^[0x94][0x98][0x97]Y[0x92][0xaa][0x10][0x9e][0x98][0x93][0x93]Z[0x82][0x91]ya'[0xbf]#[0xca][0x16][0x13][0x3][0xd0]6s[0xe2],C[0x4][0xe3][0x10][0xab][0x82]LL[0xe9]u[0xe8][0xb3][0x89][0xa9][0x1][0xa2]0[0xa0][0xf9]Q'H3;x[0xec]BD6[0xb1][0xbd]y[0x13]S[0xa4]y[0x11]<&[0xe3][0xab]LI[0xb0][0xb]Q[0xac]A+C[0xda][0x8c][0x1d][0x9a][0x98]"[0x8d][0x8b]b[0x9f][0x9c]@[0x4][0x15][0xbd][0xda][0x2]&[0xa6][0xf4][0x1a]:51[0xa5][0xd7]-[0xea]&[0xa6]Hg[0x17][0xd3]4J[0x8d]-[0x90][0xf6][0x9d][0xd1][0xda]&[0xba][0x8d][0xc] m[0xc8]rL-[0xca]O[0xa9][0xcc]K[0x4]][0xdb][0x1][0xbb][0x8e].[0x4]t/[0x1c]F[0xd1][0xee]ZQ[0x90][0x9a][0x92]Y[0x92][0xa8]PZ[0x2]:lY!9[0xbf][0xa8] [0xbf][0x88][0xbc][0xd3][0x96]-[0x90].k[0xe]F[0xaa]1}2[0xf3]R[0xf3][0x14][0x9c][0x12][0xd3]1m/.QH-*[0xca]/R[0xc8][0xcb][0xcc][0xc8][0xcc][0x1][0xb9] [0xb3]D[0xa1]83[0xaf]D[0xa1]([0xb5][0xa8]4W[0xa1]4''[0x91][0xac]c`-[0xe8][0xb6]i[0xcc][0xc2][0x4][0xd1][0x1e][0xa1]qZ[0xa2][0xdb][0xe1][0xac][0x16]t[0xdb][0x8]gA[0xb7]c`-[0x90].*[0x1d]b[\r][0x11]c[0xb][0xa4][0x1d][0xc][0xd0]46X[0xfb][0xa8][0x98][0xdb][0x1a]0][0x8a][0xa8]/[0xe9][0xd6]GEj[0xf1][0xe6][0xe7]U*[0xd0]n[0xa2][0x4][0xf3][0x98]EL[0xff][0xe3]k[0x0][0xd1][0xab][0x5]al[0x81]tB[0x17][0xce]45[0x0]1[0x85][0x18][0xf5][0xc1][0xe9][0xaa]A[0x12]~[0x88][0x8e][\r]N[0x97][0xe]@[0xf8]!:[0x12][0xd8][0x1b][0xab][0x3][0xbb][0x92][0x6][0xd4]m[0x1c]l[[0xb1],[0x90][0xb6]c[0xd0]tD[0x1][0xf3][0xa2][0xcf][0xc1]Z6 [0xed][0x0][0x19]Di[0xdb][0x2][0xa3]-=h[0xc3][0xf]c[0x96][0xe][0xd3][0xa5][0xf4]/[0x1b][0x90][0x8e][0xd0][0xa2]i:G>@[0xb]<[0xbe][0x4][0x1b]@R[0x8]O,I[0xce][0xc0][0xe8][0x6][0xf8][0xa4]&[0x96]d[0xa4]"[0x9d]Uba[0x4][0xda][0x83]N[0xcc][0xf0][0x92][0x5][0xd2]*|[0xc8]XVx~~[0xe][0xf1][0x3]YFF[0xa0][0x12][0x89]8[0x9b][0x90][0x6][0x1c][0x90]z7[0xc1][0x99]9[0xd9][\n]"
05:47:27.337 [main] DEBUG org.apache.http.wire -  << "[0xce]X/[0xbc][0x80][0xdc][0x86][0x81][0x88]g##[0xd0][0x18]61[0x96]Y"[0xad]Iw[0x83][0x9f],[0x3]1O[0xc1]9[0x1f][0xcb][0xd9][0xbe][0xc1][0xf9]9[0xa5]%[0x89][\n]"
05:47:27.337 [main] DEBUG org.apache.http.wire -  << "[0xa9]%[\n]"
05:47:27.337 [main] DEBUG org.apache.http.wire -  << "[0xc9][0xa5][0x5][0x99][0xa0].]I*[0xd2][0x11]3[0xf8]/ B:/[0xc2][0x12]y[0xcc][0xb][0xc9][0x9b][0xce][0xf9][0x5][0x5][0xa9]E[\n]"
05:47:27.337 [main] DEBUG org.apache.http.wire -  << "[0xde]y[0x99]i[0xa0]AG[0xd4]qw[0x88][0xc3][0x10][0x1e][0xb5][0xb0][0x4]u[0xb0][0x89][0xf3]("[0xa7][0xc][0xb5]V[0xb9]%[0xd2][\n]"
05:47:27.337 [main] DEBUG org.apache.http.wire -  << "qH[0xda][0x83][0x1e][0xfd][0x13][0x90][0x98]W[0x82]9[0x5][0x12]T[0x9a][0x94][0x84][0x9c][0xc8]M[0xcd]@Wr[0x13][0x17]H[0x88]J[0x1d]b[0x11]<Ca[0xb7][\n]"
05:47:27.337 [main] DEBUG org.apache.http.wire -  << "[0xda][0xe7]GD[0x88][0xa5][0x85][0xa9][0x11]q[0xd3],[0x96]H[0xa3][0x83][0xc8][0xc3][0x8]p[0x1b][0xbd]S+[0x93][0xf2][0x13][0x8b]R[0x8][0xe7]b3[0xf0][0xf9]_Dy[0x10]i[0xbd][0xf7][0x90]K[0x5]H'b[0x7][0xe7]&[0xe6][0xe4] ][0x94][0x8a][0xb5]T[0xc0][0x12]9[0xa0][0x84]D\8![0xc6][0x1a]<[0xf3]JRsr2[0xd3]S[0xf3]J[0x14] #,[0xd8][0xd3][0x2]x[0xbe][0x2][0x91][0x12][0xcc]-[0xc]M[0x89]L[0x9]H[0xb][0xca]=R[0x13][0xcb]*[0x15]\JK*[0x11][0xbe][0xc3][0x99][0x10]@[0xf3][0x16][0xc8][0x16][0x82][0x86]b[0x88][0xf3][0x1d][0xa2]~[0x87]_[0x1b][0xe6][0x9c]_R[0x92][0x9f][0x87][0xab]@[0x87]d8[0x84]e&[0x96][0xa0][0x81]t[0xe2],C[0x14]<[0xc8][0x83]U [0xc7]+8[0xa5][0xe6]a[0xa9][0xa6]0K9[0xd0][0x95][0x9a][0xc4]Y[0x86][0xe8][0xd5][0x4][0x14]%&[0x97]d&'[0xe6][0xc0].K[0xf2][0xc0]R[0x9a]C'd[0x10][0x1e]35[0x6][0xad],&[0xce].[0xa4]~[0x9]8=[0x6]$[0x82]Jn[0xec]U/z[0x0][0x1a][0x19][0x83]V[0xca][0x12]g[0xf][0xa2]P[\n]"
05:47:27.337 [main] DEBUG org.apache.http.wire -  << "*[0x5]O[0x8d]A[0xeb][0x8][0xac][0xf5][0x13]D[0xe][0xe1]!KS[0xe2]-BT[0xbc][0xc8]%[0x12][0xa4]<U[0xc0][0x16]|[0x10])[0x84]eF&[0xa0]C[0x9b][0x89][0xf2][0x15]([0x98][0xa1][0x1d][0x14][0xa4]{[0xad] [0x19][0xc]{-[0x8f][0x1e][0x84]f[0xc6][0xa0][0x8c]C[0x9c]e[0x88][0xec][0xec][0x93][0x99][0x9e]QR[0x9e][\n]"
05:47:27.337 [main] DEBUG org.apache.http.wire -  << ""[0x15] &b[0xf5]Yx~~J*[0xd2][0x1c][0xa3][0xa9]%h[0xa5],q[0x96]!r[0xd7][0x90]+c[0x91][0xe7] [0xc0]i[0x1a]6[0xff][0xa9][0x80][0xbd][0xd0][0xc3](c[0xcd],L[0x8d][0x89],[0xf6][0x90]n[0x84][0x97]B[0x90],[0x84]-[0xa9]a[0xb4]][0x8d][0xc0][0xc7][0xb9][0x13][0x17]#[0x88][0x9c][0xea][0x9a][0x97]_[0x94][0x9b]_Z[0x8c](^[0xb1]{[0xc]=[0x1b][0x19]Y[0x80][0xce][0xfc]%[0xce]6D~E[0xce]F[0xb8][0xbd][0x6]j[0xd9]"[0xf2][0x10][0xf1][0xe7][0x7]Z"-[0x13]w,O-[0xce][0xcf]MU[0x80][0x16][0xe3][0xc1][0x19][0x99]E[0x98][0xf3][0xcb]hU[0x94][0x85]%[0xb1][0x7]"[0x82][0x13]?4[0xb7]"[0xe6][0xcd][0xe1]i[0x3]GA[0x4][0xaa]P[0x10][0xfe][0xb2][0xb0][0x0]-[0xf8] *[0x4][0x8d][0x11][0xa3][0x88][0x8][0xdb][0xa0]E[0xb5]B@N"x:[0x1e][0xb5]e[0xc][0xaa]N[0x10]v[0x19][0x1b][0x83][0xf6][0x81][0x13]g[0x17][0xa2]h[0x80][0x96][0xae][0x90][0xac][0x8f][0xc3][0x1e][0x8c][0x4]on[0x8][0x1a]m [0xce]*[0xc4]"1x2[0x84]&k[0x5][0xac][0xa7]XB[0xbd][0x8c][0xf0][0x97][0x85]![0xd1]MY[0xa4][0xeb][0xf9]\J[0x8b]@sR[0x88]$[0x8f][0xbd][0xda][0x5]u[0xe8][0x10]V[0x99][0x11][0xbf][0xf2][0x0][0xe9],[0xc4]!W[0xe0]!M[0xe6]![0xd7][0xc][0xf0][0xa4][0x8d][0xe3][0x1a]U[0xd4][0xe4]fj[0x2][0x9a][0x9b]".[\r] [0xea]Xd[0xfb][0xe0][0xad]~lE[0x1f]j[0xc4][0x98][0x1a][0x82]N;'[0xca]2[0xa4]yBd[0xcb][0xa0][0x9][0x1c][0xfb][0xd2][0x1a][0xf4]*[0xdd][0xc4][0x10]t6[0x6]q[0xd6]![0xb2]-R[0x95][0xe].tp[0xdc][0x89][0xb][0x96]C[0xa4]9#c[0xd0]Q[0xa1][0xc4][0xd9][0x85][0xc8][0xb6]HvA+t[0xec][0xed][0x7]X[0x9c]"[0xec]3[0x6][0x1f][0x12]F[0x9c]}Hy[0xb7](=?/[0x1f]4[0xe5][0xb]/l[0xf3]S1[0xbb][0xa1][0xa8][0xa5][0xba][0xb9]![0xe8][0xf2][0x11][0xe2][0xac]B[0xb4][0x1f][0x90][0x1b][0xcc][0xd0]X[0xc3][0x91]@P[0x1a]+f[0x96]D[0xa7]G[0xa4]iA[0xf8]5[0xc6][0x90][0x9a][\n]"
05:47:27.337 [main] DEBUG org.apache.http.wire -  << "{;[0x16]=[0xc6]L@#[0x98][0xc4]y[0xb][0xd1]4[0x87]t[0xdf][0xa0][0xa5][0x1b][0x8e][0x82][0x16]*[0x8b][0x88],KS[0xd0][0x89]n[0xc4]Y[0x85][0xa8][0xef]1[0x6]u[0xb0][0x85][0x1f][0xb8][0xd5][0x89][0xb0][0xc9][0xcc][0x80][0xe8]Q[0x15][0xe4]=/[0xe0][0x11]8H[0xbb][0x81]X?[0x19][0x9b][0x82]N[0x1a]&[0xca]OH[0xfb]F[0x86]\![0xb][0x1a][0x13][0x81][0xb6][0x1e][0xa0][0xa3][0xdc][0xb4]YBdl[0x9]j|BmB.[0xf1][0xa0][0xb5][0xb6][0x2][0x8e][0xd2][0x1c][0x12]i[0x88][0x4]`j[0x2][0x1a][0x9c]#.Z[0x10][0x99][0x15][0xd1][0xe1][0x84]U[0xea][0xd8][0xcb]![0x8c][0x94]mb[\n]"
05:47:27.337 [main] DEBUG org.apache.http.wire -  << "[0xda]r@[0x9c]u[0x88][0xce]4[0xd2]P[0x1][0xa8]6[0xc2]1b[0x8][0xf5]9[0xc2]oF[0x86][0xc4].[0x4][0xb6][0x4][0x8d][\r]c[0x9]Lp[0x11][0x80][0xa3]?[0x80]Z[0xe8][0x19][0x99][0x11][0xdd][0xc]C[0xda][0x9a][0x2]m[0x86][0xc1][0xab][0xc4][0xe0][0xc][0xac][0xc5]kI*[0xf8][0x92][0x16][0xe8][0xaa]LKS[0xd0][0xd0][0x16]qa[0x88]h[0x9f]C[0xad][0x82][0xc4]?[0x8e][0xc1]e[0xb0]w[0x11][0xe1]gb[0x8][0x9a][0xc5]"[0xce]"[0xec]u=8[0xb6][0xb0]W[0xbe][0xe0][0x92][0x17][0xc9].[0xe2][0x9b][0xb1][0xa0][0x14][0x4][0x8d]+xg[\n]"
05:47:27.337 [main] DEBUG org.apache.http.wire -  << "[0xea]-[0xec][0x1d][0x1c][0x8c][0x84]aa[0x4][0xba]c[0x84]([0x8f][0x81][0xba][\r]P[0xcb][0x90]G[0xc7]@[0xed][0x14][0x1c][0xc9][0x10][0xad][0x84][0xb5]4[0x4]u4[0x89][0xb3][0xb]Q[0xd1][0xa3][0xe4]h[0xe8]X[0xb][0xd6]u[0xb4]hQfnN[0xbc][0xcf][0x10][0xd9][0x19])A[0x9b][0x15][0xd8][0x9b][0xcd]h^#[0xa1]y[0x6][0xca][0x88][0xd0]`[0x1c]rE:[0xe6]f[0xe]Z[0x15][0xe9][0x98][0x9b]1hf[0x13]"[0xbf][0xd2][0xb8][0x9a]BZ[0xbc]C[0xcb][0x9]BK[0xd0]Juh[\n]"
05:47:27.337 [main] DEBUG org.apache.http.wire -  << "[0xa3][0xad]=[0x88]lC[{[0x10]1DS{@E<=[0xc2][\r]4M[0x9][0xb5]' X[0x1]3][0xa7]'[0xe6][0xa6]*[0x98]*[0x14][0x97]$"M[0xda][0xe2]_[0xb9][0x84]<[0xc5][0x8][0xea][0xb9]A[0x8d][0xa7]q[0x82][0x6]uI[0xe9]c[0x13]h[0x18][0x8e]N6![0xba][0xb3]4[0xe]=P[0xf5]D'?![0xba][0xb1]4[0xf5][0x93][0x89][0x1][0xf2]l[0x1d]-W[0x2][0x9a][0x18] m[0x86][0xa0][0xb5][0x9f][0xe8][0x17]z[0x88][0x2][0x95][0xd6]~B[0xf4](hm[0x13][0xd2][0x0][0x0][0x8d]S[0x4][0xa2][0xff][0x9f][0x19][0x90][0x91][0x9f][0x97]j[0x88]y[0xd5]!xdj[\n]"
05:47:27.338 [main] DEBUG org.apache.http.wire -  << "[0xec]BT[0xa4]F7[0xde][0x93][0xc9][0x11][0xc5][0xab][0x89][0x1][0xd2]qM[0xb4][0xe]:D[0xbd]Gc[0x9b][0x90][0xa6][0xe5]hm[0x13][0x9d][0x8a]W[0x13][0x3]#D[0x17][0x82][0xd6]~[0xa2][[0x1]A[0xd6][0x16][0x1e]D"'z[0xfb][0x97][0x1]h[0x80][0x8a][0x1e]u[0x93][0x89][0x1][0xd2]hunfN6[0xc6][0xba][0x17][0x84][0xeb][0xf1][0xad]fG[0xce][0xa0][0xa0][0x5][0x11]P[0xb7]S[0xcb]DD[0x4][0xd3][0xe5]x+[0x13][0x3][0xa4][0x3][0x81]<[0xb]@e[0x99][0x82][0xa1][0xa1][0x82][0x99][0x89]Bz[0x12]F[0x0][0xe1][[0xae]M|[0x84]#[0xdd][0x3]][0xd8][0xc][0x0][0x0][0x0][0xff][0xff]"
05:47:27.338 [main] DEBUG org.apache.http.wire -  << "[\r][\n]"
05:47:27.338 [main] DEBUG org.apache.http.wire -  << "634[\r][\n]"
05:47:27.338 [main] DEBUG org.apache.http.wire -  << "RB[0x9d]jC[0xc4][0x3][0xfe][0x96]([0xf5][0xf6][0xbe][0x9b][0x18] [\r]E[0xd1].[0x14][0xa8][0xe8]`[0xf0][0xb8].4[0xe9][0x5]gW[0xe5][0xe7]+[0x84][0xe7][0xe7][0xa4]%g$[0x82][0x96][0x14][0xa0][0x6]gpIQbevf[\n]"
05:47:27.338 [main] DEBUG org.apache.http.wire -  << "h[0x6][0x1]:[0x98]eh[0x6]Z[0x1c]F[0xc4][0xf0][0x88][0x89])[0xd2]Tipbnqi^[0xba]B[0xb0][0x91][0xb1]BhNIQ"F[0xcc][0xb9]'[0xe6]$VT"[0xe2][0x8f][0xc8]|d[\n]"
05:47:27.338 [main] DEBUG org.apache.http.wire -  << "[0x1a][0xe][0x87]zf[0xd0]$[0x9]S[0xd0]T[0x11][0xd4]Q[0x84]}[0x8e][0xf0]3)a[0x8b][0xd4][0x8]#[0x18][0xb6][0x19][0x99][0x95][0x89][0xa0][0x10][0x87]F![0xd1]A[0x8b]h[0x14][\r][0x9e][0xa0]E[0xda][0xff]6[0x88][0x1c][0x85][0x14][0x1b]4m>[0x9a]"[0xcd][0x89][\r]"[0xef][0xf][0xc6][0x84][0x82]t[0x10][0xdb][0xe0][0x9])[0xa4][0x99][0xb2]A[0xe4]([0xa4]n[0x16]x[0xa2][0x10]:[0xfe][0x8e]u[0xf1][0x99]kEjQrfIbIf~^j[0xae]Bnbz^[0xa6]B~Jf[0x89]BJ~N~[0x11][0x19][0xcb][0xcd]ML[0x91]j[0xd0][0xc1][0x13]*HG>[0xd1][0xb4]enli[0x8e][0xc8]>4[0x1d]9[0x4][0xad][0x84][0xd6]JCnL[0x1f]4[0x95][0xf]u;MF#[0x11][0x5]8M[0x8c]G[0xe4]0[0x9a][0x18][0x8f][0x18]S[0xa0][0x85][0xf1]H[[0x86]h[0x9c][0x13]@[0xeb]P[0xa0][0xb1]Lk[0x9b][0x10]y[0x8e][0xd6]6!"[0x87][0xd6]6!&[0x8f]im[0x13][0xdd][0xc6]|[0x90][0xe]E[0xa2][0xa9][0x9f]L[0xc][0x90][0xae]%[0xa1][0xb5]Mt[0x1b][0xf3]A[0xba][0x19][0x84][0xd6]~B[0x14][0xa0][0xb4][0xb6][0x9]Q[0x96][0xd2][0xda]&D[0x19]1[0xc4][0xea]K[0x13][0x3][0x3]D[0xa9][0x83][0xbd]I5[0x90][[0xc0]M[0xc]@c[0x8][0xd0][0x82][0x1e][0xbb][0xf3][0x10][0x9d]b[0xfa][\r][0xe4][0x80]V[0xe9]@[0x1d]5[0xe4][0xe2][0x1b][0xb4][0x91][0x6][0xea]v[0xe2]s[0x5]"[0x90][0x89][0x1f][0x82][0x3]-[0x8e][0xa1][0x8f]EC8[0xf7]!m~[0x18]r)[0x9][0xb4][0x97][0x88].[0x11][0x8c]<<H[0xf4][0xa0][0x9]9I[0x16]i[0x88][0x90]JC[0xed]H[0xe3]{[0xd4]2[0x11]QR[0xcb]Dr[0xea]I[0xb2][0x82][0x17][0x91]Qi[[0xf4][0xc][0xdd][0xbd][0x1c]&[0x6]H{9[0xe8]59[0x83]heRoZ[0xc2]TG[0xc9]9[0xb1]$5=[0xbf](3[0xb5]X[0xc9]*[0x1a]eF[0xb][0x91][0xe0][0x2][0x82]M0[0x6][0xf8][0xb][0x8a]M[0x14][0x92][0x12][0x8b]@[0x97][0xee]@[0xc7][0xa1][0x8d][0x89]=[0x9f][0xd9][0xc4][0x0][0xe9][0x8a][0x8][0xda][0xa6]1[0x13]D[0x1f][0x8a][0xfa]]i[0x13][0x3][0xe4]5[0xf9]D[0x97]yH[0xb3]/[0xc4][0xd7][0xd3]H[0xc3][0x9f][0xc4][0x87][0x18]y6Q8YN[0xe4]t[0x84][0x1][0xd2]J}[0xd8][0xae]1[0xc8]nl[0x1c][0xeb]z[0x3]K3[0x13][0x15]R[0xf3][0x8b][0x15][0x8a] [0x83][0x95][\n]"
05:47:27.339 [main] DEBUG org.apache.http.wire -  << "y[0xa9][0xc9][0xa9][0xc5][0xc5][0xe0][0xb1][0xcb][0xa4][0xd2]b[0x85][0xb4][0xd2][0xf4][0xcc][0xc4][0x12][0x85][0xc4][0xbc][0xcc][0xdc]L[0xa4]aK#P[0x97][0x93][0x98][0xf9]-[0x3][0xa4][0x5][0xfd]d[0x5]1[0xd1][0x1e]G[0xb4][0xe5][0xc9][0xb2][0x87][0x84]D[0x83]H[0xfd]H;[0x97]`[0xc3][0xc1]8v([0xb8]V([0x14][0x96]&[0xa6][0x16]%[0x82]N[0x8f],[0x2][0x7]o1Rx[0x12]{[0xea][0x88][0x89][0x81])[0xdd]F[0x15][0x90]V[0xa4][0xc3]w[0x16][0x81][0x17]f+8[0xe7][0xe7][0x16][0x94][0x96][0x80][0x8f][0xe8]@[0x9d][\n]"
05:47:27.339 [main] DEBUG org.apache.http.wire -  << "u,.H-[0xca][0xcc]/J-[0x86][0x9c]M[0x99][0x9f][0x9c][0x9c][0x98][0x9a][0x9c]X[0x92][0xa9]PXJ^[0xf2]A^[0xa9]N[0xb3][0xd9]s*[0xce][0x1b][0x1b][0x80][0xf6]8A[[0x86][0xb4]\[0xba]d[0x86]h[\n]"
05:47:27.339 [main] DEBUG org.apache.http.wire -  << "[0xd1][0xd4][0x1a]DuESk[0x90]ZGHG[0xe9][0x80]7Z[0xe0][0xc8]P[0x8e][0xa5][0xd0][0xc9][0x94][0xd4]\[0x85][0xa2][0xd4][0x82][0xd4][0x9c][0x9c][0xd4][0xbc][0x94]R[0xe4]<E|[0x19][0x85][0xb4]B[0xdd]3[0xc0][0xc3][0xdf][0xcf]U[0xc1][0xd0]T! [0xc8][0x1f][0xa3]z[0xf6]p[0xf5]s[0xf][0xf0][0xf7]C4[0x0]M@5[0x8]Q[0xe5] [0xd2][0xc1][0x94]4[0xb3][0x3]iU:[0xed][0xec]@Td4[0x9c][0x87]110G,[0xd4][0xa1][0xad]=H)[0x9c]v[0x97]g[0x98][0x18][0x80][0xf6]}[0xc3][0xca][0x5]Z[0xda][0x3]:[0xa5][0xb]j[0xf][0x8d][0xeb]A[0xa4]5[0xf6]4Km[0xa0][0xad][0xf9]P[0xdf][0xd0][0xce][0xe]DJ[0xa3][0x9d][0x1d][0x88][0xe2]z[0xf0][0xc][0xe5]!m^[0xa0]e[0xe1][0xe]:5[0x2][0x1a][0x87][0x83][0xc7][0xef]Hwp[0xe0][0xcc]&[0x88]b[0x9e][0xf8][0xc6]![0xbd]v[0x2][0x98][0x18]X[0xe][0xc6]$[0x85]|[0xa0]![0xd1]]7[0xb2][0xc2][0x19][0xd1][0xdc][0x1f]D[0x89][0x8a][0x9c][0xb6]9[0x19][0xbe][0x7][0xf7][0x16][0x6][[0x96]2D:[0x89][0x11]g[0x96][0xc2]X[0xe1]J[0x96][0xef][0x11][0x5]6[0xf1][0x16][0x91][0xd3]k7D[0x9a][0xb0][0x1b]4[0xa9][0xcc][0x10]t[0x6][0x1e]4[0xf2]i[0xed]}D&[0xa3]U[0xcd]h[0x8]:[0x86][0x8e]N[0xbe]A[0xe4][0xce][0x80][0xa2][0xfc][0x94][0xd2][0xe4][0x12][0x5][0xc7][0xd2][0x9c][0xcc]D[0x5][0xcc][0xbd]%[0x99]y[0x99][0xb0]}%[\n]"
05:47:27.339 [main] DEBUG org.apache.http.wire -  << "[0x89]p5[0xd0][0x11]9"G$[0xc][0x91]f[0xca][0xe8]c[0x1f][0xa2]eN[0xe3]t[0x81][0xb4]a[0x8b]>>Cdx[0xfa][0xd8][0x87][0xa8]Z[0xe9]c[0x1f][0xa2][0xf]B[0x1f][0xfb][0x10][0xdd]m[0xa7][0xa2][0xc4][0xe4]TlWY[0xf9]&[0xa6][0xa4]*[0xe4][0xa7])dd[0xa6]g[0x80][0x86][0xae]r2K*[0x15][\n]"
05:47:27.339 [main] DEBUG org.apache.http.wire -  << "R[0x13][0x8b]r[0x90]KR[0xd0]n#b[0xba][0xbf][0x86][0x86][0x88][0xa2][0xc4]%[0xcc]E[0xc1];37[0xb5][0xa4][0xb8]T!/_!213[0x9][0xb4][0xee][0x1a]u$[0x9]Q/[0x18][0x1a][0x19][0xa0][0xe][0x81][0xe3][0x19]^7D[0xda][0xd1][0x5][0xb2][0xc6][0xb7]4=5O![0xa4](1[0x13]s[0xd9]>[0x1e][0x1b][0xc]p[0xf][0xe0][0x1b][0x1a]"J[0x11][0x1a][0xd9][0x0][\n]"
05:47:27.339 [main] DEBUG org.apache.http.wire -  << "Sh[0x89]H+[0x1b][0x10]%[0x5][0xad]l@[0xcc][0xab][0xc][0x9e][0x8a][0x13]i[0xfa][0x10]9[\n]"
05:47:27.339 [main] DEBUG org.apache.http.wire -  << "[0x91][0x17][0x7][0x91][0xa3][0x10]C[0xdc]4[0xae]J[0x90][0x16][0x1]`[0xf7][0xfe][0x80].[0xc1]1D[0x9a]~[0xc7][0xee]<D)B[0xb7]%8[0x86]HS[0xf5][0xd8][0x1d]5[0xc0]a[0x86][0xa8]=[0xb1];o@[0xc2][0xc]Q[0xc5][0xa6]'[0xe6]f[0xe6]a^[0xb1][0x95][0x96]_[0xa4][0x0][0x91]R((-*[0xc8]/[0x6][0x1f][0x9][0x7]m[0xf3][0x11]=[0x0]`h[0x8c][0xc8][0xcf]4[0xce]:H3[0xfd][\n]"
05:47:27.339 [main] DEBUG org.apache.http.wire -  << "[0x18]#[0xd5][0x18][0x1d]-[0xe4]Z[0x9b][0xd8][\r][0xd2][0x86]H[0x13][0xf2]dy[0x86][0xd8][0xa6][0xb2]1[0xa2]R%[0xcb][0x1e][0xe2][0xa3][0x7]i[0x8f]*[0xad]mBT[0xb2][0xb4][0xb6][0x9]Q[0xd9][0xd2][0xda]&D.[0xa2][0xb5]Mt[0xab][0x81][0x90]v[0x1b][0x11][0xf6][0x13][0xf8][0xd0][0x1][0xa2][0xb3][0x12][0x15][0xe7][0x15][\r][0x91]&[0xf6][0x9];3/_[0x1][0xec]RDIK|[0xe][0xa1]t[0xc2][0x9e][0x4][0x9b][0xe8]VT[0xd2]m[0xd2][0xdc][0x10]i[0xd2][0x9c][0xf8]h":A![0xad]$2D[0x9a][0x19][0x87][0xda][0x84]e9QNb[0xa5]ByfI[0x86]BVjq1[0xa8][0xb7][0x85][0x96],[0xf0]7ZP[0xac]C[0x14]2[0x90]Z[0x12][0xa3][0xca][0xa1]R[0x5][0x8a]4[0x81]>[0xd4][0x96][0x85][0x1a][0x9a][0x91]R>[0x82][0xa3][0x82][0xe8][0xa8][0xa7]fY[0x82]tn[0x1d]4[0xe9]`[0x9e]\[0x5]o@[0xc][0xa0]3[0x11]c[0x6][0xd8][0x1b][0x92][0x3][0xdb][0xce]E[0x9a][0xd1][0x87][0x86]"[0xd1][0x19][0x10])[0xd6][0x89][0xcf][0x81]H[0xb3][0xfb][0xd8][0x83][0x3]Q[0xda][0xe3]7[0x94][0x9a]I[0xc9][0x1c][0xa3][0x95]Ct [0x10][0xeb]\"
05:47:27.339 [main] DEBUG org.apache.http.wire -  << "[\r][\n]"
05:47:27.339 [main] DEBUG org.apache.http.wire -  << "73A[\r][\n]"
05:47:27.340 [main] DEBUG org.apache.http.wire -  << "[0xe4]R[0x8][0xe9]<[0xbc]!W8 [0xad]h[0x80][0xa6][0x97]A[0x99][0xeb]0[0xef][0xe5][0xa4]m[0x8c][0xe][0x8d]"[0x13]i[0xfb][0xf1][0xd0]Kx[0x88]rtP'<R[0x9a][0xfc][0x3]W+[0x99]#[0xfa][0xaa]C.%[0x90][0xb4]8h[0xe0][0x82][0x18]ie[0xd1]`N[0xb0]H[0x8b][0x93][0x86]^J@L[0xa9][0xd1]lj[0xd7][0x2]1[0x10][0x8][0x8d]F[0xcc][0xb3][0xa8][0xe0][0xcd]LX[0x97][0x95][0xe8][0xa6][0x11]5[1[0x16][0x18][0x95][0x10][0xa6]K[0x11][0xcd][0x15]|[0xa3]ZTu[0x15][0xa2][0xec]Q[0xa0][0x10][0x96]Y[0x96][0xaf][0x10]id[0x84][0xd1][0xef][0xca]M[0xcd][0xcd][0xcc][0xc9][0xcc][0xce]T(.H-[0xce]L[0xcb][0xcc]N,[0xce]T[0xa8]L[0xcc]KWH,[0xc8][0x4][0x9d][0xc2][0x6][0x1d][0xc3]4[0x6][0xcd][0xa3][0x11][0xbb]n[0xdf][0x10]i[0xd5][0x16]4[0xf2]h[0xda][0xc][0xc0]<[0xe9][0x96][0xb6][0xd6]![\n]"
05:47:27.340 [main] DEBUG org.apache.http.wire -  << "q[0xa8][0xef][0xf0][0xb4][0xc5][0xb0]$M[0xe2][0x7]9[0x88]>[0xee][0x16]_7[0xdd][0x98][0xe8][0x11][b[0xd6][0xb5][0xe1][0xcb]s$x[0xc]1 @8[0x8][0x7][0xae].[0x1]]`[0x0][0x9d]M[0xc5][0xef]L*[0x85]?F[0x99][0x87]'a[\r]`[0xa8]`[0x14]x8[0x9c]I[0xa5]PA[0x94]d[0xf8]#!#[0xb1][0x18]2r[0x89]T[\r][0xe0]O[0x92][0xd4],pA[0xb7]T[0x12][0x95]V[0x6][0xd8][0x99][0x88][0x86]2[0xf6][0x81][0x80][0x1][0x1d][0x17][0x1]o[0xbb][0x80][0x86][0xe2][0xa0]t[0x1e][0xa2][0xdc][0xc2][0xee]<DEO[0xb7]a[0x14]#[0xa4]3H[0xb0];j[0x80][0xa3][0x14]Q\`w[0xde][0x80][0x84][0xd9][0x90](T[0x8c][0x90][0xe][0x19][0x19][0xc4]e[0x9f][0x11][0xd2]:L[0xec]Q<[0xb0])[0x10]i1%[0xe4][0xf2]1[0xc8]NDl[0x97][0x81]9[0xe5]$[0xe6][0xa5]d[0x96]df[0x16]+$[0x97][0xe6][0x14]$*[0xa4][0xe6]e[0xe6][0x82]6[0xb2]&"m[0xb8][0x4][0x9d][0xca]K[0xcc][0xc2]5#[0xa4]c[0xf0][0x7]e[0xb8] [0xfa]q[0xb4]Y[0xca]ed[0x88]h[0xd1][0xc][0xca][0x0] [0xb6][0x14][0xa0]JK[0xc6][0x8]m[0x1d]#[0xf5][0x17][0x18][0x1a]!-a[0x1c][0xcc][0xe5][0x5][0xd2]:H[0xfc][0xce][0xa4]N[0xb8]#-[0x8a][0xa4][0x8b]u[0x88]i[\r]_[0xd0]b[0xf0][0xe0][0xfc][0xe4]d,[0xfb][0x9d][0x93][0xf3][0x93][0x12][0x15][0x92][0x8b]R[0x13]KRa[0xeb][0xc5][0x11]5[0xa1]1[0xb1]}m#[0xa4][0xf3][0xed][0xa9]d[0x9b]![0xee][0x15][0xac]FF[0x88]"[0x83][0x6][0xa7]7[0x18]![0xad][0xb2]$5[0xa6][0x90][0x1a][0xfd][0xf8][0x9b]^HSBF[0x98]g-a[0x8e][0xdd][0xe0][0xeb][0xf1][0xe2][0xb7][0x89][0x8a][0xdd][0xb]#[0xa4][0xfb][0xb2][0xa1]![0x83][0xe9]RD[0xf2][0xa1][0xd3]([0x93][0x11][0xd1][0x17][0x11]P)#[0xf][0xee][0xce][0xb][0xd1][0x7];Q'4[0x90][0xd6][0x97][0xd2][0xa8][0xfa]FZ,J+[0x1b][0x10][0xe5][0xc9]`l  [0xdd][0xa3]=([0x9d][0x87][0x98][0x9c][0xa3][0xf6][0x81]@FH[0xcb]7[0xa9]o6)#[0xa8][0x3]6[0xd0]eD[0xb7][0xf5][0x9e]FHw[0x95]@KwS[0x85][0xe0][0x9c][0xcc]\[0x8c][0xf1]z|[0x95][0x11][0xfe][0xb1].[0xe4]j[0xf]tA[0xf4] [0x1e]e1A[0xf4][0x1a]`[0xa1][0x81]= [0xa8]S[0x8e][0x9a][0xe][0xc6][0x1][\n]"
05:47:27.340 [main] DEBUG org.apache.http.wire -  << "[0xcc][0x15]z8[0x6]YA[0xc3][0x89][0x94]L2[0x18]![0xad][0x99][0xa3]Gh#[0x1d]>3[0x18][0x8b]T[0xa4]c[0xd0]SR[0x8b][0x93][0x8b]2[0xb]@[0xe7][0xf0]c$?[0xe2][0x9a]Z[0xc8]y[0xe]iB[0x93][0xca][0x6]#[0x92]/[0x8d]*i[0xa4][0xb3][0x1e][0xa8][0xec]tD[0xfd]5([0xd3][0x2][0xa2][0x9a][0xc2][0xee]<D*[0xa0]_G[0x0]iN[0x10][0xbb][0xa3][0x6]v[0xac][\r][0xe9][0xc][0xb][0xec][0xce][0x1b][0x90]0C[0xb4]2[0xf1][0x17]q[0x14][0x17][0xa6][0x96][0x88][0xaa][0xb][0xbb][0xf7][0x7]8v[0x10][0x3]^[0xd8][0x9d]7 [0xb1][0x83][0xe8][0xd5][0xd1]:v[0x8]e[0xe8][0x1][0x8d][0x1d]c[0xa4][0x3][0xf2][0x7]M[0xec][0x18]#[0x9d][0xcc]A[0x9b][0xea][0xc5][0x98][0xe0]A[0x19][0x3][0x1c]+[0x88][0xe4]I[0xab][0x0]@$K[0x1a][0xd9][0x80]4[0x3]B+[0x1b][0x10][0x83][0x9e]4[0x18][0x18]4F:5[0x2]{[0xd6][0x18][0xd8]42[0xb8][0xe7]9[0x8c][\r][0x7]a[0xb1]o[0x8c]e[0xae][0x82][0x86]}^c[0xa4]9[0x87][0xc1][0x98][0x82][0x8c][0x10][0xf9][0x7][0xbb][0xf3][0x6][0xa0]f6F[0x9a][[0xa0]Q[0xb1][0x81]4[0x9f][0xe0][0x91][0x9a]XV[0xa9][0xe0]RZR[0xa9][0x0]=u8 '[0xb1]$[0x15][0xa3][0xeb][0xe5]XZ[0x92][0x9a][0x8b]~[0xd4]pQjQi.[0xd2][0x14]-[0xf8][0x94]+b[0xe6]h[0x8d][0x91][0xa6][0x1c][0x1c][0xcb]S[0x8b][0xf3]sS[0x15][0x2][0x12][0xb]R[0x8b][0x14][0x9c][0xf3][0x13]K0,w[0xcd]/V[0xc8],(.[0xcd]U[0xc8],I,,MU[0xc8]IL[0xca]/[0xca][0xcc]/N[0xcc]UH[0x5][0xb][0xa4][0x96][0x80][0xa6][0x8b]3K[0xc8]q[0x8c])[0xc1][0xf1][0xc6][0x1]H[0x5][0xa6]H{[0xc5]i[0xdb]>3E[0x1a]s[0x1c]4[0x99][0xc0][0x14]i[0xf9][0xe0]q[0x14][0xd2][0xd0][0xe4] r[0xd4] ,[0xc3]L[0x9][0x8e]u[0xe]D[0x96]B:m[0x10]E[0x1f][0xa2][0xa1];[0x88][0x1c][0x85]h[0x1b][0xf][0x1e]G![0xed][0xa7][0x1f]D[0x8e]B[0xc]=8[0xa6][0x16][0xe5][0xa7]T[0xe6]%[0xe6]f&+@[0xd6]:9[0xe5][0x97][0x94][0xe4]`[0xd6][0xa5][0xa0][0x1a]2?/[0x15][0xb2][0xca][0x9][0xbc][0xd4])/3#3G!9[0xbf][0xa8][0xa8][0xb4][0xa0]$[0x13]r[0xe5]hj[0xb1]Bn"[0xe4]d[0xf6]T[0xf2][0xea]5SD[0xd2][0xa2]m[0x15]bD[0xf0][0xfa][0xde][0x1][0xed]([0x18][0x11][0xcc][0xf8][0x3][0xec]<B[0xb9]m`[0x9d][0x87]t[0xdc][0x6][0xf6]|7[0xc0][0xce]C[0xc]3[0xe]J[0xe7]!z[0x81][0xf8]3![0x95][0xa6][0xd5][0x6][0xf7][0xe0]>[0xd2][0xb1][0x1e][0xd8]#k[0x0][0xda][0x5]Ft;[0x1][0xc4][0x8][0xe9][0x18][0x7][0xdf][0xfc][0xd2]b[0xcc][0xaa][0x1][0xdf]L3[0xbe][0xe5]E[0xc8]s^f[0x88]$@CK[0x10]u[0xb]m:[0xa9]F[0x98][0x87]5[0xe0][0x98][0x8b][0xa5]N[0xc6]A:[0xab][0x81][0xba][0xd3]mH[0xe7]-P[0xd9]`B[0xdb]"[0x6][0xb6]\F:[0x95]`[0xf0]dus[0x9a]O[0xdb]"[0x1d];[0x80][0xdd][0xdb][0x3][0x1c]+[0x88]|[0x8b][0xdd]y[0x3]Q[0x0]#m[0xd0][0xa7]Qa[0x82][0xb9][0x8d][0x1e]s!'[0xbe][0xb2][0xd7][0xc8][0xd2][0x12][0xf5]H[<[0x7][0xce][0x1a]!m[0x86][0xa7][0x95]w[0x10]Y[0x1f][0xda][0xa8][0xa0][0xa1]wH[0xda]cG[0xc9][0xa2][0x18]c[0xa4]=U[0xb4][0x9]8c[0xa4][0x93][0xd8][0xb1]'[0xff][0x1][0xcd][0x9d][0xc6]4[0xdf][0xab]`[0x8c][0xb4][0xf6][0x9a]FA[0x8c][0xb4]fz0[0x6][0xb1][0xd1] ,[0x0][0x8d][0x7][0xf7][0x99][0xba][0xc6]Hk[0x9e][0xb1]G[0xe9][0x0]T[0x1a][0xc6]H[0xcb][0xa4]iu[0x1e][0x86]1[0xd2][0x85][0xb8][0xb4][0xb3][0x3]1[0x82][0x4]-[0xcb]i[0xb9][\n]"
05:47:27.340 [main] DEBUG org.apache.http.wire -  << "[0xd5][0x18]i[0xb2][0x3][0xe9].D[0x9f][0xcc][0xbc][0xd4]<[0x1c][0x17]N[0x86][0xe5][0xe7][0x94][0x16][0x94]$[0x16]+[0x94][0xa5][0xe6]e&[0xe6]*$[0xe6]d[0x16][0x96]f[0xa6][0xe0][0x9c]j1[0xc1][0xbd][0x93][0xc5][0x18][0xe9][0xac]][0xd7][0xbc][0xfc][0xa2][0xdc][0xfc][0xd2]b[0x5][0xdf][0xc4][0xa2][0xa4][0x9c]T[0x1c][0x96]{[0xa6]([0x94]A[0xec]/[0xc9][0x4][0xdd]nY[0x96]Y[0x92][0x98][0xaa]P\Z[0x9c][0x9c]Y[0x90][0x9][0xbb]O[0xae]X!1I!'3)[0xb5]([0x1f][0xa7][0xab][0xf0]T[0xd8][0xc6]Hs-[0x9e]y%[0xa9]99[0x99][0xe9][0xa9]y%[\n]"
05:47:27.340 [main] DEBUG org.apache.http.wire -  << "[0xee]E[0x89]y[0x99]%[0xa9][\n]"
05:47:27.340 [main] DEBUG org.apache.http.wire -  << "8[0x86][0xf1][0x2]K3[0x15][0x8a]K[0xf3]J[0x14]r[0xf3]sR[0x8b]K2[0x13]S[0xe1][0xac]b[0x1c][0x17][0xdc][0x11]?AFpRf`+*[0xa4][0x99][0x10][0xb7][0xc4][0xbc][0x92][0xc4][0xe2][0x92][0xcc]d[0x5][0xe7][0xfc][0xbc][0xe4][0xa2][0xd4][0x12]\Q[0x19][0x84][0xb8][0xf3]O![0x15][0x94][0x96]RK[0x14][\n]"
05:47:27.340 [main] DEBUG org.apache.http.wire -  << "K[0xf3]S@7M&B[0xc7]<sA[0xb3]{[0x89])[0x99][0x5][0x99][0xc5][0xc9][0xc8][0xd7]O[0xa2][0x6][0x1c][0x9e][0xfb][0x4][0x8c][0x91][0x16]uc/[0xab][0x6]8[0xe0][0x10][0xa3]U[0xb0][0x89]O[0xe8][0xbc][0xab]w^f[0x1a][0xe6][0x80][0x80]Sj"([0xc1]C[0xf3][0x9c][0x2][0x9e]l[0x87]/[0x81]#[0xad][0xed][0x1e][0x94][0x81][0x82][0x18]#[0xa3]Q[0xa3]dp[0x8f][0x0][0x1b]#[0xdd][0x9f]<[0x18][0xe3]gp[0x8f][0x0][0x1b]#[0x9d][0xec][0x93][0x99][0x9e]QR[0x9e][\n]"
05:47:27.340 [main] DEBUG org.apache.http.wire -  << ""[0x15][0xc2][0xf3][0xf3]s[0x14][0x9c]3[0x12]3[0x8b]0[0x16][0x14][0xf8][0x80][0xd6][0xf][0xa4][0xc2]k[0x96][0xd4]b[0x85]$[0xf8][0x16]t[0xa4][0x1a][0x4][0xd4],[0x3]M[0xd6][0xe4][0xa5][0x17]+Y[0xe1][0xcb]_[0xa6][0x88]:[0x1c]{[0xfc][\r]D[0x3][0xc9][0x94][0xe6][0xb9][0xca][0x14]1[0xd2][0x98][0x9b][0x98][0x99][0x97][0x98][0xa7][0x90][0x98][0x97][0x8]:[0xbf][\n]"
05:47:27.340 [main] DEBUG org.apache.http.wire -  << "[0xf5]f[0x98][0xe2][0x92][0xd4][0xd4][0xa2][0xcc][0xbc]t[0x85][0xf2][0x8c][0xd4][0xd4][0x1c]DP[0x10]"
05:47:27.340 [main] DEBUG org.apache.http.wire -  << "[\r][\n]"
05:47:27.341 [main] DEBUG org.apache.http.wire -  << "31C[\r][\n]"
05:47:27.341 [main] DEBUG org.apache.http.wire -  << "[0xbd]u[0xc6][0x18]i&[0xb]{[0xf8][0xe]l[0xa1][0x8e]4[0x80][0x8c][0xdd]y[0x8]?[0xd3]m[0xc9][0xba]1[0xd2]^[0x16][0x1a][0x15][0xaa]f[0x88]Q[0x8]Z[0xd9][0x80][0xa8]-[0xa9]y[0xed][0x11][0x9e][0xbd][0xd6][0xc6]H;e[0x8a]K[0x8b]K[0x15][0xb2]KS[0x12][0x15]r2[0x13]1[0xb][0x11][0xb0]44[0xc1]C[0xf]l[0xb3]D9[0xf5][0xb]_3[0x5][0xe9][0xdc]i[0xda]f[0x1d][0xa4])[0x7]h[0xf7][0xc2][0xc][0xa3]8[0x84][0x8f]|[0xa1][0xef][0xfa]3$>[0x8b]"[0xcd]:[0xd0]*1 z[0xee][0xe0][0xa0][0xa7] f[0xf0][0x95][0xe5]H[0xf3][0xe][0xd4]Ls[0xf8][0xac]D[0x9a]{[0x80][0xc6][0x11][0x8e][0xa9][0xe]JwJ[0x18]#[0x9d][0xc6]L[0xa3]XB:3[0x99][0x96][0xb1][0x84]4[0xbb]@Skh=_`[0x8c]4_[0x0]*K[0x14][0x12]+[0x13]17[0xa0][0x82][0xbd][0x8][0x92]FT$[0xa8]E[\r][0xde][0xd4][0x85][0xa8][0xa5]i[0x9d][0xba][0x10]9[0x94]V[0xa9][0xb][0xb1]T[0x82][0xc6]~A[0x1a][0xc4][0xa7][0xb5]M[0x88]J[0x8e]F[0xa1][0x86][0xb4][0xb][0x92][0xd6]~A[0xb4]9[0xb1][0xb7][0x84][0x6][0xb6][0xa1][0x86]tf)v[0xe7]![0xf2][0x17][0xfd][0x1a]j[0x16][0x88]4M[0xa3][0xf8]G[0xda][0xbd]H+[0x1b][0x10][0x8b]P[0xe9]Ui[0x12][0xdc][0xf3]8[0xb0]I[0x8d][0xe0][0x9e]D\I[0xcd][0x18]m[0xf8][0x94][0x8a][0xe7][0xd9][0x18][[0xd2][0xbc]:C[0xba]N[0x9c]VI[\r]Q[0x9d][0xd1][0xca][0x6][0x9a]Wc[0xa0]n[0x2][0xf4]([0x8][0xda][0xf8][0xc1][0x4]t[0x92][0x15][0xd4][0x6][0xda][0x16][0xf9]&H[0xfb]'[0x91]6[0x93]@[0x7][0xf5][0xb1][0xf][0xbf][0xb8]f[0x96][0x16]+[0x14][0xa4][0x16][0x15][0x17]d&g&[0x96]d[0x16][0x83][0x86][0x80][0x91][0xc6]]@[0xc9][0x94][0x98]q[0x17][0x13][0x9a]o[0x93]4[0xa1][0xf9][0x94][0xb4][0x9][0xd2]FL[0xf7][0xfc][0xa2][0xf4]T[0xd0][0x94]Hx~~Jj[0x9e][0x82]3[0x96]^[0xa7]Jf[0x9]b[0xa5]0ln$[0x15]y[0x1b][0xe]h[0x91][0x1d]q[0xc1]G[0xeb][0xe2][0xc0][0x4]i[0xbe][0x9d][0xd6][0xc9][0x90][0xd6][0x99][0xd6][0xc4][0x0]QO[0xe3][0xf7][0xb]U[0x16][0xa4][0x99][0xd0]|[0xf7][0xa8][0x9][0xd2]A[0x99]4*[0x85][0x90]6[0x90][0xd2][0xca][0x6]D[0xe3][0x99].[0x91][0x82]He[0xd8][0x1b][0x90][0x3][0xda][0xe8]0A:s[0x11][0xbb][0xf3]p5:[0xd0][0xfb][0x8f]Tlt[0x98][0xc][0xc6]M[0x96][0xa6][0x98][0xc3]b4[0x1a]r1[0xc5]2[0xb8]C[0xc3][0x1d][0xb7][0xa6]H#<[0x1][0xce][\n]"
05:47:27.341 [main] DEBUG org.apache.http.wire -  << "[0xee][0x8e][0xbe][0x9e]~[0xee][0x18][0x3]~[0xc1][0x1][0xae][0xde][\n]"
05:47:27.341 [main] DEBUG org.apache.http.wire -  << "[0x1e][0x9e][0xee][0x1e][0x88][0xf4]`[0x9]j1[0x10]Sk[0x98]"[0xad][0xa5][0xb]H[0xcc]I[0xf4][0xc9][0xf7][0xc1][0xbc][0xc][0x1e][0xe7][0x88][0xa2][0x91][0xa5]%hQ[0x5]q[0x16]![0xc6][0x97]il[0x11]b[0xfa][0x86]N[0xbd][0x17]S[0xa4][0xfb]Kh[0xec]7Ds[0x99]N~3A[0xda][0x97][0x8f][0xbf]L[0xa6]t8[0xd3][0xc4][0x10][0xd1][0x80][0xc1]^[0xde][\r]lq[0x8c][0xb4][0x9c][0xf][0xbb][0xf3][0x10][0xd9][0x8f]n[0xc3][\r]&H[0x9b][0xbf]iT'#m[0xee][0xa6]q[0xfc]#[0xad]f[0xa4][0xb5]M[0x88][0x81]-[0xfc]6Q[0xa7][0xf1][0x87]t[0xc4]+[0xad]"[0x9][0xd1][0x92][0xc1][0xef]![0x8a]3)h[0x16][0x1d][0xda][0x15][0xa5][0x91]_[0x88]>[0x2][0x96]b[0xbf] [0xad][0x84][0xa4]q[0xa8]!-o[0x84][0xd9]D[0xc3]f[0x83][0x9][0xa8]R[0xa6]q$!*Y[0x98][0x87]0[0xda]%[0xf0]f[0x3]%[0xcb][0xc8]M[0x90][0x96]8b/v[0x7][0xb6]V@Zm8([0x9d][0x87][0xe8][0xe6]bw[0xde]@TZH[0xeb][\r]iT[0x86] [0xad][0x1b][0x84]&O[0xd2][0xb6]T[0xd0][0xaf][0x2]G:[[0x1][0xa7]K[0x11]q[0x84]o[0xd7] 5{y&[0x88][0x8e]8[0xf6]d3[0xb0][0x99][0xe]i[0x87]:[0xbe][0x93][0xb2][0x0][0x0][0x0][0x0][0xff][0xff]"
05:47:27.341 [main] DEBUG org.apache.http.wire -  << "[\r][\n]"
05:47:27.341 [main] DEBUG org.apache.http.wire -  << "18D[\r][\n]"
05:47:27.342 [main] DEBUG org.apache.http.wire -  << "*.[0x1][0xf][0xb9]A[0x97]s[0xe0][0x8f]S[0xa4]=[0x97]&[0xa0][0xcb]Ih[|[0xe][0xee][0x15][0x8c]&[0x4]W0"R$[0xfe]P[0xa5]f[0x9a]45[0xd0]Q[0x82][0xc6][\n]"
05:47:27.342 [main] DEBUG org.apache.http.wire -  << "[0xce][0x9c][0x82][0xaf][0xca][0xa1][0xa3]K[0x11][0xf3]g8][0x8a][0x8]Az[0xe5]i[0xa4][0x13]7[0xdc]J[0x8b][0xf2]2KJ[0x8b]R[0x15]B[0xf2][0xb]0[0xea]m[0x84]lJbQ[0xa6][0x82]WjAb[0x11]hP[0x0][0x9a][0x8f][0xc]A[0xa9][0x83][0x98].[0xbf][0x9][0xd2]BJ[0x1a][0x95][0xf3]H[0xe7]N[0xd3][0xca][0x6][0x8c][0xae][0x2]%5[0x9][\r][0xa7][0x3]ML[0x11]c[0x3][0x83])[0xd5]!z&[0x88]tE[0xd3]T[0x87][0xb4]~[0x93][0xaa][[0xb4]M[0x90][0xd6]`B[0x3][0x98]F[0xa3][0x8c]&D[0x9f]'Nq[0x17][0x8]i[0x81]$[0xad][0xfd]4[0xb8]Gw[0x90]V<R[0xfb][0xae][0x6][0x13]3D[0x1e][0x18][0x8c][0xad])[0xa4]1[0xed]A[0xe9]<[0xc4][0xc0][0xf1][0xa0]t[0x1e][0xa2]'[0x8c][0xdd]y[0x88][0x9a][0x9e]~-[0x10][0xa4]u[0x88][0xb4]h [0x9b]#[0xaa][0x1a][0xec]~[0x1e][0xd8][0xee][0x1][0xd2][0x9][0x4][0xd8][0x9d]7[0x10]Q[0x82]4[0xd1][0x2][0xdf],[0x9][0xd9][0xd4][0x82][0xed][0x90]L[0xc7][0xe4][0xe4][0xd2][0xe2][0xc4][0xbc][0x92][0xcc][0xd2]\[0x85]|[0xd0][0xfd][0x9][0xd0]-u[0xc5]H[0xb]+P[0xb7][0xd1][0xa1]O[0xfa]!uhL[0x91]N-[0x9][0xae][0xcc]K-J[0xcf][0x4]o[0xf1][0x83].L[0x8][0xce][0xc8]O[0x5]][0xfd][0x85][0xba][0xcf][0xc3][0x15][0xbc][0x9f][0xf][0xb4][0xa7][0x8f]L;[0x11][0xf9][0x82][0xb6]5[0x8b])[0xd2]1 [0xb4][0xb6][0x9][0xd1][0x18][0xc]([0xca]O)M.Qp,[0xcd][0xc9]LT0[0xc6]hD[0x83]n[0xad]+[0x80][0xaa]I[0x84][0xab][0x81]6[0xa1][0xf1]5[0xf9]Q[0xe2][\r][0x91][0xcf][0xe8]c[0x1f][0xa2][0xa2][0xa2][0x8f]}[0x88][0xd1])[0x1a][0xda][0x17][[0xcb][0x5][0x0][0x0][0x0][0xff][0xff]"
05:47:27.342 [main] DEBUG org.apache.http.wire -  << "[\r][\n]"
05:47:27.342 [main] DEBUG org.apache.http.wire -  << "A[\r][\n]"
05:47:27.342 [main] DEBUG org.apache.http.wire -  << "[0x3][0x0][0xe0][0xd3][0xdb][0xd4][0x7][0xbb][0x1][0x0]"
05:47:27.342 [main] DEBUG org.apache.http.wire -  << "[\r][\n]"
05:47:27.343 [main] DEBUG org.apache.http.wire -  << "0[\r][\n]"
05:47:27.343 [main] DEBUG org.apache.http.wire -  << "[\r][\n]"
05:47:27.343 [main] DEBUG io.restassured.internal.RestAssuredHttpBuilder - Parsed data to instance of: class org.apache.http.conn.EofSensorInputStream
05:47:27.350 [main] DEBUG org.apache.http.impl.conn.BasicClientConnectionManager - Releasing connection org.apache.http.impl.conn.ManagedClientConnectionImpl@726ee6cf
05:47:27.350 [main] DEBUG org.apache.http.impl.conn.BasicClientConnectionManager - Connection can be kept alive indefinitely
05:47:27.424 [Finalizer] DEBUG org.apache.http.impl.conn.DefaultClientConnection - Connection 0.0.0.0:60326<->149.248.193.56:443 closed
05:47:27.428 [Finalizer] DEBUG org.apache.http.impl.conn.DefaultClientConnection - Connection 0.0.0.0:60327<->149.248.193.56:443 closed
05:47:27.433 [Finalizer] DEBUG org.apache.http.impl.conn.DefaultClientConnection - Connection 0.0.0.0:60324<->149.248.193.56:443 closed
05:47:27.433 [Finalizer] DEBUG org.apache.http.impl.conn.DefaultClientConnection - Connection 0.0.0.0:60325<->149.248.193.56:443 closed
05:47:27.501 [main] DEBUG net.thucydides.core.steps.StepInterceptor - STEP DONE: I receive valid login and product HTTP response code 200
  &amp#27;[32mThen &amp#27;[0m&amp#27;[32mI receive valid login and product HTTP response code 200&amp#27;[0m &amp#27;[90m# starter.stepdefinitions.UserSteps.iReceive1ValidLoginAndProductHTTPResponseCode()&amp#27;[0m
05:47:27.515 [main] DEBUG net.thucydides.core.steps.StepInterceptor - STARTING STEP: UserSteps.iReceiveValidDataForNewProduct - I receive valid data for new product
05:47:27.516 [main] DEBUG net.thucydides.core.steps.StepInterceptor - STEP DONE: I receive valid data for new product
  &amp#27;[32mAnd &amp#27;[0m&amp#27;[32mI receive valid data for new product&amp#27;[0m                      &amp#27;[90m# starter.stepdefinitions.UserSteps.iReceiveValidDataForNewProduct()&amp#27;[0m
05:47:27.524 [main] INFO  - 
  _____   ___   ___   _____     ___     _     ___   ___   ___   ___  
 |_   _| | __| / __| |_   _|   | _ \   /_\   / __| / __| | __| |   \ 
   | |   | _|  \__ \   | |     |  _/  / _ \  \__ \ \__ \ | _|  | |) |
   |_|   |___| |___/   |_|     |_|   /_/ \_\ |___/ |___/ |___| |___/ 

POST - As admin I have be able to create new product
----------------------------------------------------------------------
]]></system-out>
  </testcase>
  <testcase name="POST - As admin I cannot create new product" classname="User" time="0.752">
    <system-out><![CDATA[
@TC-004
Scenario: POST - As admin I cannot create new product           &amp#27;[90m# src/test/resources/api/user.feature:81&amp#27;[0m
05:47:27.550 [main] INFO io.cucumber.core.plugin.SerenityReporter - Running feature from file:///C:/Users/Lenovo/IdeaProjects/MiniProject/MiniprojectApi/src/test/resources/api/user.feature
05:47:27.550 [main] WARN io.cucumber.core.plugin.SerenityReporter - Feature from file:///C:/Users/Lenovo/IdeaProjects/MiniProject/MiniprojectApi/src/test/resources/api/user.feature is not under the 'features' directory. Requirements report will not be correctly generated!
05:47:27.553 [main] INFO  - 
  _____   ___   ___   _____     ___   _____     _     ___   _____   ___   ___  
 |_   _| | __| / __| |_   _|   / __| |_   _|   /_\   | _ \ |_   _| | __| |   \ 
   | |   | _|  \__ \   | |     \__ \   | |    / _ \  |   /   | |   | _|  | |) |
   |_|   |___| |___/   |_|     |___/   |_|   /_/ \_\ |_|_\   |_|   |___| |___/ 

POST - As admin I cannot create new product(user;post---as-admin-i-cannot-create-new-product)
--------------------------------------------------------------------------------
05:47:27.663 [main] DEBUG net.thucydides.core.steps.StepInterceptor - STARTING STEP: UserSteps.iSetPOSTApiEndpointsLogin - I set POST api endpoints login
05:47:27.663 [main] DEBUG net.thucydides.core.steps.StepInterceptor - STEP DONE: I set POST api endpoints login
  &amp#27;[32mGiven &amp#27;[0m&amp#27;[32mI set POST api endpoints login&amp#27;[0m                          &amp#27;[90m# starter.stepdefinitions.UserSteps.iSetPOSTApiEndpointsLogin()&amp#27;[0m
05:47:27.669 [main] DEBUG net.thucydides.core.steps.StepInterceptor - STARTING STEP: UserSteps.iSendPOSTHTTPRequestLogin - I send POST HTTP request login
05:47:27.671 [main] DEBUG net.thucydides.core.steps.StepInterceptor - STARTING STEP: PostLogin.iSendPOSTHTTPRequestLogin - I set POST api endpoints login
05:47:27.672 [main] DEBUG net.thucydides.core.steps.StepInterceptor - STEP DONE: I set POST api endpoints login
05:47:27.686 [main] DEBUG org.apache.http.impl.conn.BasicClientConnectionManager - Get connection for route {s}->https://altashop-api.fly.dev:443
05:47:27.687 [main] DEBUG org.apache.http.impl.conn.DefaultClientConnectionOperator - Connecting to altashop-api.fly.dev:443
05:47:27.775 [main] DEBUG org.apache.http.client.protocol.RequestAddCookies - CookieSpec selected: ignoreCookies
05:47:27.775 [main] DEBUG org.apache.http.client.protocol.RequestAuthCache - Auth cache not set in the context
05:47:27.775 [main] DEBUG org.apache.http.client.protocol.RequestTargetAuthentication - Target auth state: UNCHALLENGED
05:47:27.775 [main] DEBUG org.apache.http.client.protocol.RequestProxyAuthentication - Proxy auth state: UNCHALLENGED
05:47:27.775 [main] DEBUG org.apache.http.impl.client.DefaultHttpClient - Attempt 1 to execute request
05:47:27.775 [main] DEBUG org.apache.http.impl.conn.DefaultClientConnection - Sending request: POST /api/auth/login HTTP/1.1
05:47:27.775 [main] DEBUG org.apache.http.wire -  >> "POST /api/auth/login HTTP/1.1[\r][\n]"
05:47:27.775 [main] DEBUG org.apache.http.wire -  >> "Accept: */*[\r][\n]"
05:47:27.775 [main] DEBUG org.apache.http.wire -  >> "Content-Type: application/json[\r][\n]"
05:47:27.775 [main] DEBUG org.apache.http.wire -  >> "Content-Length: 48[\r][\n]"
05:47:27.775 [main] DEBUG org.apache.http.wire -  >> "Host: altashop-api.fly.dev[\r][\n]"
05:47:27.775 [main] DEBUG org.apache.http.wire -  >> "Connection: Keep-Alive[\r][\n]"
05:47:27.775 [main] DEBUG org.apache.http.wire -  >> "User-Agent: Apache-HttpClient/4.5.13 (Java/14.0.2)[\r][\n]"
05:47:27.775 [main] DEBUG org.apache.http.wire -  >> "Accept-Encoding: gzip,deflate[\r][\n]"
05:47:27.775 [main] DEBUG org.apache.http.wire -  >> "[\r][\n]"
05:47:27.775 [main] DEBUG org.apache.http.headers - >> POST /api/auth/login HTTP/1.1
05:47:27.775 [main] DEBUG org.apache.http.headers - >> Accept: */*
05:47:27.775 [main] DEBUG org.apache.http.headers - >> Content-Type: application/json
05:47:27.775 [main] DEBUG org.apache.http.headers - >> Content-Length: 48
05:47:27.775 [main] DEBUG org.apache.http.headers - >> Host: altashop-api.fly.dev
05:47:27.775 [main] DEBUG org.apache.http.headers - >> Connection: Keep-Alive
05:47:27.775 [main] DEBUG org.apache.http.headers - >> User-Agent: Apache-HttpClient/4.5.13 (Java/14.0.2)
05:47:27.775 [main] DEBUG org.apache.http.headers - >> Accept-Encoding: gzip,deflate
05:47:27.776 [main] DEBUG org.apache.http.wire -  >> "{"password":"123123","email":"someone@mail.com"}"
05:47:27.812 [main] DEBUG org.apache.http.wire -  << "HTTP/1.1 200 OK[\r][\n]"
05:47:27.812 [main] DEBUG org.apache.http.wire -  << "content-type: application/json[\r][\n]"
05:47:27.812 [main] DEBUG org.apache.http.wire -  << "date: Mon, 08 May 2023 22:56:18 GMT[\r][\n]"
05:47:27.812 [main] DEBUG org.apache.http.wire -  << "content-encoding: gzip[\r][\n]"
05:47:27.812 [main] DEBUG org.apache.http.wire -  << "transfer-encoding: chunked[\r][\n]"
05:47:27.812 [main] DEBUG org.apache.http.wire -  << "server: Fly/3f2597ca (2023-05-03)[\r][\n]"
05:47:27.812 [main] DEBUG org.apache.http.wire -  << "via: 1.1 fly.io[\r][\n]"
05:47:27.812 [main] DEBUG org.apache.http.wire -  << "fly-request-id: 01GZYS8XPMXSS11FB01S8PM87K-sin[\r][\n]"
05:47:27.812 [main] DEBUG org.apache.http.wire -  << "[\r][\n]"
05:47:27.812 [main] DEBUG org.apache.http.impl.conn.DefaultClientConnection - Receiving response: HTTP/1.1 200 OK
05:47:27.812 [main] DEBUG org.apache.http.headers - << HTTP/1.1 200 OK
05:47:27.812 [main] DEBUG org.apache.http.headers - << content-type: application/json
05:47:27.812 [main] DEBUG org.apache.http.headers - << date: Mon, 08 May 2023 22:56:18 GMT
05:47:27.812 [main] DEBUG org.apache.http.headers - << content-encoding: gzip
05:47:27.812 [main] DEBUG org.apache.http.headers - << transfer-encoding: chunked
05:47:27.812 [main] DEBUG org.apache.http.headers - << server: Fly/3f2597ca (2023-05-03)
05:47:27.812 [main] DEBUG org.apache.http.headers - << via: 1.1 fly.io
05:47:27.812 [main] DEBUG org.apache.http.headers - << fly-request-id: 01GZYS8XPMXSS11FB01S8PM87K-sin
05:47:27.812 [main] DEBUG org.apache.http.impl.client.DefaultHttpClient - Connection can be kept alive indefinitely
05:47:27.813 [main] DEBUG io.restassured.internal.RestAssuredHttpBuilder - Parsing response as: application/json
05:47:27.813 [main] DEBUG org.apache.http.wire -  << "AC[\r][\n]"
05:47:27.813 [main] DEBUG org.apache.http.wire -  << "[0x1f][0x8b][0x8][0x0][0x0][0x0][0x0][0x0][0x4][0xff][0xab]VJI,IT[0xb2]RJ[0xad][0xf4][0xca]HrO[0xce][0xf4][0xcf][0xf4][0xf2][0xc][0xad][0xf2]4[0xf4][0xcb][0xf4],[0xf6][0xcc][0xb]2Mv[0xf6]4[0xf3][0xcc].[0x88][0x8]s[0xf6][0xb2][0xd4]K[0xad][0xf4]rO[0x9][0xaf](N[0xca]u+[0x89][\n]"
05:47:27.813 [main] DEBUG org.apache.http.wire -  << "[0x6]K[0x94]%[0xba][0x9b][0xa4][0x7][0xb9][[0xe6]xf[0x96]g[0x6][0x85][0x1b]f$[0x86][0x97][0x83][0xc][0xa9]J22[0xcc]I22[0xcd][0x9]t[0x7][0x8b][0x95]F[0x1a]Y[0x96]x[0xe6][0x19][0xe8][0x85][0x97]9[0x5]W$[0x7][0xba][0x16][0x16][0xe6]e:[0x1b][0x96][0x19]X[0xf8]Te[0x17]y$[0xbb][0xfa][0xa4][0xa6][0x17][0x1b]$[0x99][0x97][0x95]d[0xb9][0x7][0x84]g&[0xba][0x86]'{*[0xd5]r[0x1][0x0]?[0x99][0xcf]j[0xa0][0x0][0x0][0x0]"
05:47:27.813 [main] DEBUG org.apache.http.wire -  << "[\r][\n]"
05:47:27.813 [main] DEBUG org.apache.http.wire -  << "0[\r][\n]"
05:47:27.813 [main] DEBUG org.apache.http.wire -  << "[\r][\n]"
05:47:27.813 [main] DEBUG io.restassured.internal.RestAssuredHttpBuilder - Parsed data to instance of: class org.apache.http.conn.EofSensorInputStream
05:47:27.815 [main] DEBUG org.apache.http.impl.conn.BasicClientConnectionManager - Releasing connection org.apache.http.impl.conn.ManagedClientConnectionImpl@64ba5a71
05:47:27.815 [main] DEBUG org.apache.http.impl.conn.BasicClientConnectionManager - Connection can be kept alive indefinitely
05:47:27.836 [main] DEBUG net.thucydides.core.steps.StepInterceptor - STEP DONE: I send POST HTTP request login
  &amp#27;[32mWhen &amp#27;[0m&amp#27;[32mI send POST HTTP request login&amp#27;[0m                           &amp#27;[90m# starter.stepdefinitions.UserSteps.iSendPOSTHTTPRequestLogin()&amp#27;[0m
05:47:27.840 [main] DEBUG net.thucydides.core.steps.StepInterceptor - STARTING STEP: UserSteps.iSetUnmatchedPOSTApiEndpointsProduct - I set POST api endpoints product
05:47:27.841 [main] DEBUG net.thucydides.core.steps.StepInterceptor - STEP DONE: I set POST api endpoints product
  &amp#27;[32mAnd &amp#27;[0m&amp#27;[32mI set unmatched POST api endpoints product&amp#27;[0m                &amp#27;[90m# starter.stepdefinitions.UserSteps.iSetUnmatchedPOSTApiEndpointsProduct()&amp#27;[0m
05:47:27.846 [main] DEBUG net.thucydides.core.steps.StepInterceptor - STARTING STEP: UserSteps.iSendPOSTHTTPRequestpostproduct - I send POST HTTP request product
05:47:27.848 [main] DEBUG net.thucydides.core.steps.StepInterceptor - STARTING STEP: PostProduct.iSendPOSTHTTPRequestpostproduct - I set POST api endpoints product
05:47:27.848 [main] DEBUG net.thucydides.core.steps.StepInterceptor - STEP DONE: I set POST api endpoints product
05:47:27.860 [Finalizer] DEBUG org.apache.http.impl.conn.DefaultClientConnection - Connection 0.0.0.0:60329<->149.248.193.56:443 closed
05:47:27.862 [Finalizer] DEBUG org.apache.http.impl.conn.DefaultClientConnection - Connection 0.0.0.0:60328<->149.248.193.56:443 closed
05:47:27.870 [main] DEBUG org.apache.http.impl.conn.BasicClientConnectionManager - Get connection for route {s}->https://altashop-api.fly.dev:443
05:47:27.870 [main] DEBUG org.apache.http.impl.conn.DefaultClientConnectionOperator - Connecting to altashop-api.fly.dev:443
05:47:27.920 [Finalizer] DEBUG org.apache.http.impl.conn.DefaultClientConnection - Connection 0.0.0.0:60315<->149.248.193.56:443 closed
05:47:27.978 [main] DEBUG org.apache.http.client.protocol.RequestAddCookies - CookieSpec selected: ignoreCookies
05:47:27.978 [main] DEBUG org.apache.http.client.protocol.RequestAuthCache - Auth cache not set in the context
05:47:27.978 [main] DEBUG org.apache.http.client.protocol.RequestTargetAuthentication - Target auth state: UNCHALLENGED
05:47:27.978 [main] DEBUG org.apache.http.client.protocol.RequestProxyAuthentication - Proxy auth state: UNCHALLENGED
05:47:27.979 [main] DEBUG org.apache.http.impl.client.DefaultHttpClient - Attempt 1 to execute request
05:47:27.979 [main] DEBUG org.apache.http.impl.conn.DefaultClientConnection - Sending request: POST /api/products HTTP/1.1
05:47:27.979 [main] DEBUG org.apache.http.wire -  >> "POST /api/products HTTP/1.1[\r][\n]"
05:47:27.979 [main] DEBUG org.apache.http.wire -  >> "Accept: */*[\r][\n]"
05:47:27.980 [main] DEBUG org.apache.http.wire -  >> "Content-Type: application/json[\r][\n]"
05:47:27.980 [main] DEBUG org.apache.http.wire -  >> "Content-Length: 83[\r][\n]"
05:47:27.980 [main] DEBUG org.apache.http.wire -  >> "Host: altashop-api.fly.dev[\r][\n]"
05:47:27.980 [main] DEBUG org.apache.http.wire -  >> "Connection: Keep-Alive[\r][\n]"
05:47:27.980 [main] DEBUG org.apache.http.wire -  >> "User-Agent: Apache-HttpClient/4.5.13 (Java/14.0.2)[\r][\n]"
05:47:27.980 [main] DEBUG org.apache.http.wire -  >> "Accept-Encoding: gzip,deflate[\r][\n]"
05:47:27.980 [main] DEBUG org.apache.http.wire -  >> "[\r][\n]"
05:47:27.980 [main] DEBUG org.apache.http.headers - >> POST /api/products HTTP/1.1
05:47:27.980 [main] DEBUG org.apache.http.headers - >> Accept: */*
05:47:27.980 [main] DEBUG org.apache.http.headers - >> Content-Type: application/json
05:47:27.980 [main] DEBUG org.apache.http.headers - >> Content-Length: 83
05:47:27.980 [main] DEBUG org.apache.http.headers - >> Host: altashop-api.fly.dev
05:47:27.980 [main] DEBUG org.apache.http.headers - >> Connection: Keep-Alive
05:47:27.980 [main] DEBUG org.apache.http.headers - >> User-Agent: Apache-HttpClient/4.5.13 (Java/14.0.2)
05:47:27.980 [main] DEBUG org.apache.http.headers - >> Accept-Encoding: gzip,deflate
05:47:27.980 [main] DEBUG org.apache.http.wire -  >> "{"price":299,"name":"Sony PS5","description":"play has no limits","categories":[1]}"
05:47:28.021 [main] DEBUG org.apache.http.wire -  << "HTTP/1.1 200 OK[\r][\n]"
05:47:28.021 [main] DEBUG org.apache.http.wire -  << "content-type: application/json[\r][\n]"
05:47:28.021 [main] DEBUG org.apache.http.wire -  << "date: Mon, 08 May 2023 22:56:18 GMT[\r][\n]"
05:47:28.021 [main] DEBUG org.apache.http.wire -  << "content-encoding: gzip[\r][\n]"
05:47:28.021 [main] DEBUG org.apache.http.wire -  << "transfer-encoding: chunked[\r][\n]"
05:47:28.021 [main] DEBUG org.apache.http.wire -  << "server: Fly/3f2597ca (2023-05-03)[\r][\n]"
05:47:28.021 [main] DEBUG org.apache.http.wire -  << "via: 1.1 fly.io[\r][\n]"
05:47:28.021 [main] DEBUG org.apache.http.wire -  << "fly-request-id: 01GZYS8XX18KW8R503C44B99TJ-sin[\r][\n]"
05:47:28.021 [main] DEBUG org.apache.http.wire -  << "[\r][\n]"
05:47:28.021 [main] DEBUG org.apache.http.impl.conn.DefaultClientConnection - Receiving response: HTTP/1.1 200 OK
05:47:28.021 [main] DEBUG org.apache.http.headers - << HTTP/1.1 200 OK
05:47:28.021 [main] DEBUG org.apache.http.headers - << content-type: application/json
05:47:28.021 [main] DEBUG org.apache.http.headers - << date: Mon, 08 May 2023 22:56:18 GMT
05:47:28.021 [main] DEBUG org.apache.http.headers - << content-encoding: gzip
05:47:28.021 [main] DEBUG org.apache.http.headers - << transfer-encoding: chunked
05:47:28.021 [main] DEBUG org.apache.http.headers - << server: Fly/3f2597ca (2023-05-03)
05:47:28.021 [main] DEBUG org.apache.http.headers - << via: 1.1 fly.io
05:47:28.021 [main] DEBUG org.apache.http.headers - << fly-request-id: 01GZYS8XX18KW8R503C44B99TJ-sin
05:47:28.021 [main] DEBUG org.apache.http.impl.client.DefaultHttpClient - Connection can be kept alive indefinitely
05:47:28.021 [main] DEBUG io.restassured.internal.RestAssuredHttpBuilder - Parsing response as: application/json
05:47:28.021 [main] DEBUG org.apache.http.wire -  << "87[\r][\n]"
05:47:28.021 [main] DEBUG org.apache.http.wire -  << "[0x1f][0x8b][0x8][0x0][0x0][0x0][0x0][0x0][0x4][0xff][0xab]VJI,IT[0xb2][0xaa]V[0xf2]tQ[0xb2]241[0xb5]4[0xd7]Q[0xf2]K[0xcc]MU[0xb2]R[\n]"
05:47:28.021 [main] DEBUG org.apache.http.wire -  << "[0xce][0xcf][0xab]T[0x8][0x8]6U[0xd2]QrI-N.[0xca],([0xc9][0xcc][0xcf]S[0xb2]R*[0xc8]I[0xac]T[0xc8]H,V[0xc8][0xcb]W[0xc8][0xc9][0xcc][0xcd],)V[0xd2]Q[\n]"
05:47:28.021 [main] DEBUG org.apache.http.wire -  << "([0xca]LNU[0xb2]2[0xb2][0xb4][0xd4]Q[\n]"
05:47:28.022 [main] DEBUG org.apache.http.wire -  << "J,[0xc9][0xcc]K/V[0xb2]2[0xd0]QrN,IM[0xcf]/[0xca]L-V[0xb2][0x8a][0x8e][0xad][0xad][0xe5][0x2][0x0]y[0xab]ZVs[0x0][0x0][0x0]"
05:47:28.022 [main] DEBUG org.apache.http.wire -  << "[\r][\n]"
05:47:28.022 [main] DEBUG org.apache.http.wire -  << "0[\r][\n]"
05:47:28.022 [main] DEBUG org.apache.http.wire -  << "[\r][\n]"
05:47:28.022 [main] DEBUG io.restassured.internal.RestAssuredHttpBuilder - Parsed data to instance of: class org.apache.http.conn.EofSensorInputStream
05:47:28.026 [main] DEBUG org.apache.http.impl.conn.BasicClientConnectionManager - Releasing connection org.apache.http.impl.conn.ManagedClientConnectionImpl@2b27d5d3
05:47:28.026 [main] DEBUG org.apache.http.impl.conn.BasicClientConnectionManager - Connection can be kept alive indefinitely
05:47:28.028 [main] DEBUG net.thucydides.core.steps.StepInterceptor - STEP DONE: I send POST HTTP request product
  &amp#27;[32mAnd &amp#27;[0m&amp#27;[32mI send POST HTTP request post product&amp#27;[0m                     &amp#27;[90m# starter.stepdefinitions.UserSteps.iSendPOSTHTTPRequestpostproduct()&amp#27;[0m
05:47:28.036 [main] DEBUG net.thucydides.core.steps.StepInterceptor - STARTING STEP: UserSteps.iReceiveValidLoginAndProductHTTPResponseCode404 - I receive valid login and product HTTP response code 404
05:47:28.043 [main] DEBUG net.thucydides.core.steps.StepInterceptor - STARTING STEP: NPostProduct.iReceiveValidLoginAndProductHTTPResponseCode404 - I set POST api endpoints product
05:47:28.044 [main] DEBUG net.thucydides.core.steps.StepInterceptor - STEP DONE: I set POST api endpoints product
05:47:28.088 [main] DEBUG org.apache.http.impl.conn.BasicClientConnectionManager - Get connection for route {s}->https://altashop-api.fly.dev:443
05:47:28.088 [main] DEBUG org.apache.http.impl.conn.DefaultClientConnectionOperator - Connecting to altashop-api.fly.dev:443
05:47:28.203 [main] DEBUG org.apache.http.client.protocol.RequestAddCookies - CookieSpec selected: ignoreCookies
05:47:28.203 [main] DEBUG org.apache.http.client.protocol.RequestAuthCache - Auth cache not set in the context
05:47:28.203 [main] DEBUG org.apache.http.client.protocol.RequestProxyAuthentication - Proxy auth state: UNCHALLENGED
05:47:28.203 [main] DEBUG org.apache.http.impl.client.DefaultHttpClient - Attempt 1 to execute request
05:47:28.203 [main] DEBUG org.apache.http.impl.conn.DefaultClientConnection - Sending request: GET /api/product HTTP/1.1
05:47:28.203 [main] DEBUG org.apache.http.wire -  >> "GET /api/product HTTP/1.1[\r][\n]"
05:47:28.203 [main] DEBUG org.apache.http.wire -  >> "Authorization: Bearer [\r][\n]"
05:47:28.203 [main] DEBUG org.apache.http.wire -  >> "Accept: */*[\r][\n]"
05:47:28.203 [main] DEBUG org.apache.http.wire -  >> "Host: altashop-api.fly.dev[\r][\n]"
05:47:28.205 [main] DEBUG org.apache.http.wire -  >> "Connection: Keep-Alive[\r][\n]"
05:47:28.205 [main] DEBUG org.apache.http.wire -  >> "User-Agent: Apache-HttpClient/4.5.13 (Java/14.0.2)[\r][\n]"
05:47:28.205 [main] DEBUG org.apache.http.wire -  >> "Accept-Encoding: gzip,deflate[\r][\n]"
05:47:28.205 [main] DEBUG org.apache.http.wire -  >> "[\r][\n]"
05:47:28.205 [main] DEBUG org.apache.http.headers - >> GET /api/product HTTP/1.1
05:47:28.205 [main] DEBUG org.apache.http.headers - >> Authorization: Bearer 
05:47:28.205 [main] DEBUG org.apache.http.headers - >> Accept: */*
05:47:28.205 [main] DEBUG org.apache.http.headers - >> Host: altashop-api.fly.dev
05:47:28.205 [main] DEBUG org.apache.http.headers - >> Connection: Keep-Alive
05:47:28.205 [main] DEBUG org.apache.http.headers - >> User-Agent: Apache-HttpClient/4.5.13 (Java/14.0.2)
05:47:28.205 [main] DEBUG org.apache.http.headers - >> Accept-Encoding: gzip,deflate
05:47:28.243 [main] DEBUG org.apache.http.wire -  << "HTTP/1.1 404 Not Found[\r][\n]"
05:47:28.244 [main] DEBUG org.apache.http.wire -  << "date: Mon, 08 May 2023 22:56:18 GMT[\r][\n]"
05:47:28.244 [main] DEBUG org.apache.http.wire -  << "content-encoding: gzip[\r][\n]"
05:47:28.244 [main] DEBUG org.apache.http.wire -  << "content-type: text/plain; charset=utf-8[\r][\n]"
05:47:28.244 [main] DEBUG org.apache.http.wire -  << "transfer-encoding: chunked[\r][\n]"
05:47:28.244 [main] DEBUG org.apache.http.wire -  << "server: Fly/3f2597ca (2023-05-03)[\r][\n]"
05:47:28.244 [main] DEBUG org.apache.http.wire -  << "via: 1.1 fly.io[\r][\n]"
05:47:28.244 [main] DEBUG org.apache.http.wire -  << "fly-request-id: 01GZYS8Y41X27V2S1XW81E48CT-sin[\r][\n]"
05:47:28.244 [main] DEBUG org.apache.http.wire -  << "[\r][\n]"
05:47:28.244 [main] DEBUG org.apache.http.impl.conn.DefaultClientConnection - Receiving response: HTTP/1.1 404 Not Found
05:47:28.244 [main] DEBUG org.apache.http.headers - << HTTP/1.1 404 Not Found
05:47:28.244 [main] DEBUG org.apache.http.headers - << date: Mon, 08 May 2023 22:56:18 GMT
05:47:28.244 [main] DEBUG org.apache.http.headers - << content-encoding: gzip
05:47:28.244 [main] DEBUG org.apache.http.headers - << content-type: text/plain; charset=utf-8
05:47:28.244 [main] DEBUG org.apache.http.headers - << transfer-encoding: chunked
05:47:28.244 [main] DEBUG org.apache.http.headers - << server: Fly/3f2597ca (2023-05-03)
05:47:28.244 [main] DEBUG org.apache.http.headers - << via: 1.1 fly.io
05:47:28.244 [main] DEBUG org.apache.http.headers - << fly-request-id: 01GZYS8Y41X27V2S1XW81E48CT-sin
05:47:28.245 [main] DEBUG org.apache.http.impl.client.DefaultHttpClient - Connection can be kept alive indefinitely
05:47:28.246 [main] DEBUG io.restassured.internal.RestAssuredHttpBuilder - Parsing response as: text/plain; charset=utf-8
05:47:28.246 [main] DEBUG org.apache.http.wire -  << "1E[\r][\n]"
05:47:28.246 [main] DEBUG org.apache.http.wire -  << "[0x1f][0x8b][0x8][0x0][0x0][0x0][0x0][0x0][0x4][0xff][0xcb][0xcb]/QH[0xcb]/[0xcd]K[0xe1][0x2][0x0][0xd4]I[0xfa]r[\n]"
05:47:28.246 [main] DEBUG org.apache.http.wire -  << "[0x0][0x0][0x0]"
05:47:28.246 [main] DEBUG org.apache.http.wire -  << "[\r][\n]"
05:47:28.246 [main] DEBUG org.apache.http.wire -  << "0[\r][\n]"
05:47:28.246 [main] DEBUG org.apache.http.wire -  << "[\r][\n]"
05:47:28.247 [main] DEBUG io.restassured.internal.RestAssuredHttpBuilder - Parsed data to instance of: class org.apache.http.conn.EofSensorInputStream
05:47:28.267 [main] DEBUG org.apache.http.impl.conn.BasicClientConnectionManager - Releasing connection org.apache.http.impl.conn.ManagedClientConnectionImpl@5b166420
05:47:28.267 [main] DEBUG org.apache.http.impl.conn.BasicClientConnectionManager - Connection can be kept alive indefinitely
05:47:28.270 [main] DEBUG net.thucydides.core.steps.StepInterceptor - STEP DONE: I receive valid login and product HTTP response code 404
  &amp#27;[32mThen &amp#27;[0m&amp#27;[32mI receive valid login and product HTTP response code 404&amp#27;[0m &amp#27;[90m# starter.stepdefinitions.UserSteps.iReceiveValidLoginAndProductHTTPResponseCode404()&amp#27;[0m
05:47:28.276 [main] INFO  - 
  _____   ___   ___   _____     ___     _     ___   ___   ___   ___  
 |_   _| | __| / __| |_   _|   | _ \   /_\   / __| / __| | __| |   \ 
   | |   | _|  \__ \   | |     |  _/  / _ \  \__ \ \__ \ | _|  | |) |
   |_|   |___| |___/   |_|     |_|   /_/ \_\ |___/ |___/ |___| |___/ 

POST - As admin I cannot create new product
----------------------------------------------------------------------
]]></system-out>
  </testcase>
  <testcase name="POST - As admin I have be able to assign product rating" classname="User" time="1.25">
    <system-out><![CDATA[
@TC-009
Scenario: POST - As admin I have be able to assign product rating &amp#27;[90m# src/test/resources/api/user.feature:89&amp#27;[0m
05:47:28.307 [main] INFO io.cucumber.core.plugin.SerenityReporter - Running feature from file:///C:/Users/Lenovo/IdeaProjects/MiniProject/MiniprojectApi/src/test/resources/api/user.feature
05:47:28.308 [main] WARN io.cucumber.core.plugin.SerenityReporter - Feature from file:///C:/Users/Lenovo/IdeaProjects/MiniProject/MiniprojectApi/src/test/resources/api/user.feature is not under the 'features' directory. Requirements report will not be correctly generated!
05:47:28.314 [main] INFO  - 
  _____   ___   ___   _____     ___   _____     _     ___   _____   ___   ___  
 |_   _| | __| / __| |_   _|   / __| |_   _|   /_\   | _ \ |_   _| | __| |   \ 
   | |   | _|  \__ \   | |     \__ \   | |    / _ \  |   /   | |   | _|  | |) |
   |_|   |___| |___/   |_|     |___/   |_|   /_/ \_\ |_|_\   |_|   |___| |___/ 

POST - As admin I have be able to assign product rating(user;post---as-admin-i-have-be-able-to-assign-product-rating)
--------------------------------------------------------------------------------
05:47:28.515 [main] DEBUG net.thucydides.core.steps.StepInterceptor - STARTING STEP: UserSteps.iSetPOSTApiEndpointsLogin - I set POST api endpoints login
05:47:28.515 [main] DEBUG net.thucydides.core.steps.StepInterceptor - STEP DONE: I set POST api endpoints login
  &amp#27;[32mGiven &amp#27;[0m&amp#27;[32mI set POST api endpoints login&amp#27;[0m                            &amp#27;[90m# starter.stepdefinitions.UserSteps.iSetPOSTApiEndpointsLogin()&amp#27;[0m
05:47:28.519 [main] DEBUG net.thucydides.core.steps.StepInterceptor - STARTING STEP: UserSteps.iSendPOSTHTTPRequestLogin - I send POST HTTP request login
05:47:28.520 [main] DEBUG net.thucydides.core.steps.StepInterceptor - STARTING STEP: PostLogin.iSendPOSTHTTPRequestLogin - I set POST api endpoints login
05:47:28.521 [main] DEBUG net.thucydides.core.steps.StepInterceptor - STEP DONE: I set POST api endpoints login
05:47:28.533 [main] DEBUG org.apache.http.impl.conn.BasicClientConnectionManager - Get connection for route {s}->https://altashop-api.fly.dev:443
05:47:28.533 [main] DEBUG org.apache.http.impl.conn.DefaultClientConnectionOperator - Connecting to altashop-api.fly.dev:443
05:47:28.620 [main] DEBUG org.apache.http.client.protocol.RequestAddCookies - CookieSpec selected: ignoreCookies
05:47:28.620 [main] DEBUG org.apache.http.client.protocol.RequestAuthCache - Auth cache not set in the context
05:47:28.620 [main] DEBUG org.apache.http.client.protocol.RequestTargetAuthentication - Target auth state: UNCHALLENGED
05:47:28.620 [main] DEBUG org.apache.http.client.protocol.RequestProxyAuthentication - Proxy auth state: UNCHALLENGED
05:47:28.620 [main] DEBUG org.apache.http.impl.client.DefaultHttpClient - Attempt 1 to execute request
05:47:28.620 [main] DEBUG org.apache.http.impl.conn.DefaultClientConnection - Sending request: POST /api/auth/login HTTP/1.1
05:47:28.620 [main] DEBUG org.apache.http.wire -  >> "POST /api/auth/login HTTP/1.1[\r][\n]"
05:47:28.620 [main] DEBUG org.apache.http.wire -  >> "Accept: */*[\r][\n]"
05:47:28.620 [main] DEBUG org.apache.http.wire -  >> "Content-Type: application/json[\r][\n]"
05:47:28.620 [main] DEBUG org.apache.http.wire -  >> "Content-Length: 48[\r][\n]"
05:47:28.620 [main] DEBUG org.apache.http.wire -  >> "Host: altashop-api.fly.dev[\r][\n]"
05:47:28.620 [main] DEBUG org.apache.http.wire -  >> "Connection: Keep-Alive[\r][\n]"
05:47:28.620 [main] DEBUG org.apache.http.wire -  >> "User-Agent: Apache-HttpClient/4.5.13 (Java/14.0.2)[\r][\n]"
05:47:28.620 [main] DEBUG org.apache.http.wire -  >> "Accept-Encoding: gzip,deflate[\r][\n]"
05:47:28.620 [main] DEBUG org.apache.http.wire -  >> "[\r][\n]"
05:47:28.620 [main] DEBUG org.apache.http.headers - >> POST /api/auth/login HTTP/1.1
05:47:28.620 [main] DEBUG org.apache.http.headers - >> Accept: */*
05:47:28.620 [main] DEBUG org.apache.http.headers - >> Content-Type: application/json
05:47:28.620 [main] DEBUG org.apache.http.headers - >> Content-Length: 48
05:47:28.620 [main] DEBUG org.apache.http.headers - >> Host: altashop-api.fly.dev
05:47:28.620 [main] DEBUG org.apache.http.headers - >> Connection: Keep-Alive
05:47:28.620 [main] DEBUG org.apache.http.headers - >> User-Agent: Apache-HttpClient/4.5.13 (Java/14.0.2)
05:47:28.620 [main] DEBUG org.apache.http.headers - >> Accept-Encoding: gzip,deflate
05:47:28.620 [main] DEBUG org.apache.http.wire -  >> "{"password":"123123","email":"someone@mail.com"}"
05:47:28.666 [main] DEBUG org.apache.http.wire -  << "HTTP/1.1 200 OK[\r][\n]"
05:47:28.666 [main] DEBUG org.apache.http.wire -  << "content-type: application/json[\r][\n]"
05:47:28.666 [main] DEBUG org.apache.http.wire -  << "date: Mon, 08 May 2023 22:56:18 GMT[\r][\n]"
05:47:28.666 [main] DEBUG org.apache.http.wire -  << "content-encoding: gzip[\r][\n]"
05:47:28.666 [main] DEBUG org.apache.http.wire -  << "transfer-encoding: chunked[\r][\n]"
05:47:28.666 [main] DEBUG org.apache.http.wire -  << "server: Fly/3f2597ca (2023-05-03)[\r][\n]"
05:47:28.666 [main] DEBUG org.apache.http.wire -  << "via: 1.1 fly.io[\r][\n]"
05:47:28.666 [main] DEBUG org.apache.http.wire -  << "fly-request-id: 01GZYS8YH0A2P75W768ZGPZR44-sin[\r][\n]"
05:47:28.666 [main] DEBUG org.apache.http.wire -  << "[\r][\n]"
05:47:28.666 [main] DEBUG org.apache.http.impl.conn.DefaultClientConnection - Receiving response: HTTP/1.1 200 OK
05:47:28.666 [main] DEBUG org.apache.http.headers - << HTTP/1.1 200 OK
05:47:28.666 [main] DEBUG org.apache.http.headers - << content-type: application/json
05:47:28.666 [main] DEBUG org.apache.http.headers - << date: Mon, 08 May 2023 22:56:18 GMT
05:47:28.666 [main] DEBUG org.apache.http.headers - << content-encoding: gzip
05:47:28.666 [main] DEBUG org.apache.http.headers - << transfer-encoding: chunked
05:47:28.666 [main] DEBUG org.apache.http.headers - << server: Fly/3f2597ca (2023-05-03)
05:47:28.666 [main] DEBUG org.apache.http.headers - << via: 1.1 fly.io
05:47:28.666 [main] DEBUG org.apache.http.headers - << fly-request-id: 01GZYS8YH0A2P75W768ZGPZR44-sin
05:47:28.666 [main] DEBUG org.apache.http.impl.client.DefaultHttpClient - Connection can be kept alive indefinitely
05:47:28.666 [main] DEBUG io.restassured.internal.RestAssuredHttpBuilder - Parsing response as: application/json
05:47:28.666 [main] DEBUG org.apache.http.wire -  << "AC[\r][\n]"
05:47:28.666 [main] DEBUG org.apache.http.wire -  << "[0x1f][0x8b][0x8][0x0][0x0][0x0][0x0][0x0][0x4][0xff][0xab]VJI,IT[0xb2]RJ[0xad][0xf4][0xca]HrO[0xce][0xf4][0xcf][0xf4][0xf2][0xc][0xad][0xf2]4[0xf4][0xcb][0xf4],[0xf6][0xcc][0xb]2Mv[0xf6]4[0xf3][0xcc].[0x88][0x8]s[0xf6][0xb2][0xd4]K[0xad][0xf4]rO[0x9][0xaf](N[0xca]u+[0x89][\n]"
05:47:28.666 [main] DEBUG org.apache.http.wire -  << "[0x6]K[0x94]%[0xba][0x9b][0xa4][0x7][0xb9][[0xe6]xf[0x96]g[0x6][0x85][0x1b]f$[0x86][0x97][0x83][0xc][0xa9]J22[0xcc]I22[0xcd][0x9]t[0x7][0x8b][0x95]F[0x1a]Y[0x96]x[0xe6][0x19][0xe8][0x85][0x97]9[0x5]W$[0x7][0xba][0x16][0x16][0xe6]e:[0x1b][0x96][0x19]X[0xf8]Te[0x17]y$[0xbb][0xfa][0xa4][0xa6][0x17][0x1b]$[0x99][0x97][0x95]d[0xb9][0x7][0x84]g&[0xba][0x86]'{*[0xd5]r[0x1][0x0]?[0x99][0xcf]j[0xa0][0x0][0x0][0x0]"
05:47:28.666 [main] DEBUG org.apache.http.wire -  << "[\r][\n]"
05:47:28.667 [main] DEBUG org.apache.http.wire -  << "0[\r][\n]"
05:47:28.667 [main] DEBUG org.apache.http.wire -  << "[\r][\n]"
05:47:28.667 [main] DEBUG io.restassured.internal.RestAssuredHttpBuilder - Parsed data to instance of: class org.apache.http.conn.EofSensorInputStream
05:47:28.668 [main] DEBUG org.apache.http.impl.conn.BasicClientConnectionManager - Releasing connection org.apache.http.impl.conn.ManagedClientConnectionImpl@cec1ce2
05:47:28.668 [main] DEBUG org.apache.http.impl.conn.BasicClientConnectionManager - Connection can be kept alive indefinitely
05:47:28.687 [main] DEBUG net.thucydides.core.steps.StepInterceptor - STEP DONE: I send POST HTTP request login
  &amp#27;[32mWhen &amp#27;[0m&amp#27;[32mI send POST HTTP request login&amp#27;[0m                             &amp#27;[90m# starter.stepdefinitions.UserSteps.iSendPOSTHTTPRequestLogin()&amp#27;[0m
05:47:28.691 [main] DEBUG net.thucydides.core.steps.StepInterceptor - STARTING STEP: UserSteps.iSetPOSTApiEndpointsRating - I set POST api endpoints rating
05:47:28.691 [main] DEBUG net.thucydides.core.steps.StepInterceptor - STEP DONE: I set POST api endpoints rating
  &amp#27;[32mAnd &amp#27;[0m&amp#27;[32mI set POST api endpoints rating&amp#27;[0m                             &amp#27;[90m# starter.stepdefinitions.UserSteps.iSetPOSTApiEndpointsRating()&amp#27;[0m
05:47:28.695 [main] DEBUG net.thucydides.core.steps.StepInterceptor - STARTING STEP: UserSteps.iSendPOSTHTTPRequestPostRating - I send POST HTTP request post rating
05:47:28.698 [main] DEBUG net.thucydides.core.steps.StepInterceptor - STARTING STEP: PostProductRating.iSendPOSTHTTPRequestPostRating - I set POST api endpoints rating
05:47:28.698 [main] DEBUG net.thucydides.core.steps.StepInterceptor - STEP DONE: I set POST api endpoints rating
05:47:28.710 [main] DEBUG org.apache.http.impl.conn.BasicClientConnectionManager - Get connection for route {s}->https://altashop-api.fly.dev:443
05:47:28.710 [main] DEBUG org.apache.http.impl.conn.DefaultClientConnectionOperator - Connecting to altashop-api.fly.dev:443
05:47:28.800 [main] DEBUG org.apache.http.client.protocol.RequestAddCookies - CookieSpec selected: ignoreCookies
05:47:28.800 [main] DEBUG org.apache.http.client.protocol.RequestAuthCache - Auth cache not set in the context
05:47:28.800 [main] DEBUG org.apache.http.client.protocol.RequestTargetAuthentication - Target auth state: UNCHALLENGED
05:47:28.800 [main] DEBUG org.apache.http.client.protocol.RequestProxyAuthentication - Proxy auth state: UNCHALLENGED
05:47:28.800 [main] DEBUG org.apache.http.impl.client.DefaultHttpClient - Attempt 1 to execute request
05:47:28.800 [main] DEBUG org.apache.http.impl.conn.DefaultClientConnection - Sending request: POST /api/products/2/ratings HTTP/1.1
05:47:28.801 [main] DEBUG org.apache.http.wire -  >> "POST /api/products/2/ratings HTTP/1.1[\r][\n]"
05:47:28.801 [main] DEBUG org.apache.http.wire -  >> "Accept: */*[\r][\n]"
05:47:28.801 [main] DEBUG org.apache.http.wire -  >> "Content-Type: application/json[\r][\n]"
05:47:28.801 [main] DEBUG org.apache.http.wire -  >> "Content-Length: 11[\r][\n]"
05:47:28.801 [main] DEBUG org.apache.http.wire -  >> "Host: altashop-api.fly.dev[\r][\n]"
05:47:28.801 [main] DEBUG org.apache.http.wire -  >> "Connection: Keep-Alive[\r][\n]"
05:47:28.801 [main] DEBUG org.apache.http.wire -  >> "User-Agent: Apache-HttpClient/4.5.13 (Java/14.0.2)[\r][\n]"
05:47:28.801 [main] DEBUG org.apache.http.wire -  >> "Accept-Encoding: gzip,deflate[\r][\n]"
05:47:28.801 [main] DEBUG org.apache.http.wire -  >> "[\r][\n]"
05:47:28.801 [main] DEBUG org.apache.http.headers - >> POST /api/products/2/ratings HTTP/1.1
05:47:28.801 [main] DEBUG org.apache.http.headers - >> Accept: */*
05:47:28.801 [main] DEBUG org.apache.http.headers - >> Content-Type: application/json
05:47:28.801 [main] DEBUG org.apache.http.headers - >> Content-Length: 11
05:47:28.801 [main] DEBUG org.apache.http.headers - >> Host: altashop-api.fly.dev
05:47:28.801 [main] DEBUG org.apache.http.headers - >> Connection: Keep-Alive
05:47:28.801 [main] DEBUG org.apache.http.headers - >> User-Agent: Apache-HttpClient/4.5.13 (Java/14.0.2)
05:47:28.801 [main] DEBUG org.apache.http.headers - >> Accept-Encoding: gzip,deflate
05:47:28.801 [main] DEBUG org.apache.http.wire -  >> "{"count":4}"
05:47:28.841 [main] DEBUG org.apache.http.wire -  << "HTTP/1.1 401 Unauthorized[\r][\n]"
05:47:28.841 [main] DEBUG org.apache.http.wire -  << "content-type: application/json[\r][\n]"
05:47:28.841 [main] DEBUG org.apache.http.wire -  << "date: Mon, 08 May 2023 22:56:19 GMT[\r][\n]"
05:47:28.841 [main] DEBUG org.apache.http.wire -  << "content-encoding: gzip[\r][\n]"
05:47:28.841 [main] DEBUG org.apache.http.wire -  << "transfer-encoding: chunked[\r][\n]"
05:47:28.841 [main] DEBUG org.apache.http.wire -  << "server: Fly/3f2597ca (2023-05-03)[\r][\n]"
05:47:28.841 [main] DEBUG org.apache.http.wire -  << "via: 1.1 fly.io[\r][\n]"
05:47:28.841 [main] DEBUG org.apache.http.wire -  << "fly-request-id: 01GZYS8YPTAAB75DMBMV7AVPBQ-sin[\r][\n]"
05:47:28.841 [main] DEBUG org.apache.http.wire -  << "[\r][\n]"
05:47:28.841 [main] DEBUG org.apache.http.impl.conn.DefaultClientConnection - Receiving response: HTTP/1.1 401 Unauthorized
05:47:28.841 [main] DEBUG org.apache.http.headers - << HTTP/1.1 401 Unauthorized
05:47:28.841 [main] DEBUG org.apache.http.headers - << content-type: application/json
05:47:28.841 [main] DEBUG org.apache.http.headers - << date: Mon, 08 May 2023 22:56:19 GMT
05:47:28.841 [main] DEBUG org.apache.http.headers - << content-encoding: gzip
05:47:28.841 [main] DEBUG org.apache.http.headers - << transfer-encoding: chunked
05:47:28.841 [main] DEBUG org.apache.http.headers - << server: Fly/3f2597ca (2023-05-03)
05:47:28.841 [main] DEBUG org.apache.http.headers - << via: 1.1 fly.io
05:47:28.841 [main] DEBUG org.apache.http.headers - << fly-request-id: 01GZYS8YPTAAB75DMBMV7AVPBQ-sin
05:47:28.842 [main] DEBUG org.apache.http.impl.client.DefaultHttpClient - Connection can be kept alive indefinitely
05:47:28.842 [main] DEBUG org.apache.http.impl.client.DefaultHttpClient - Authentication required
05:47:28.842 [main] DEBUG org.apache.http.impl.client.DefaultHttpClient - altashop-api.fly.dev:443 requested authentication
05:47:28.842 [main] DEBUG org.apache.http.impl.client.DefaultHttpClient - Response contains no authentication challenges
05:47:28.842 [main] DEBUG io.restassured.internal.RestAssuredHttpBuilder - Parsing response as: application/json
05:47:28.842 [main] DEBUG org.apache.http.wire -  << "2D[\r][\n]"
05:47:28.842 [main] DEBUG org.apache.http.wire -  << "[0x1f][0x8b][0x8][0x0][0x0][0x0][0x0][0x0][0x4][0xff][0xab]VJ-*[0xca]/R[0xb2]R*[0xcd]K,-[0xc9][0xc8]/[0xca][0xac]JMQ[0xaa][0xe5][0x2][0x0]@[0x17]da[0x19][0x0][0x0][0x0]"
05:47:28.842 [main] DEBUG org.apache.http.wire -  << "[\r][\n]"
05:47:28.842 [main] DEBUG org.apache.http.wire -  << "0[\r][\n]"
05:47:28.842 [main] DEBUG org.apache.http.wire -  << "[\r][\n]"
05:47:28.842 [main] DEBUG io.restassured.internal.RestAssuredHttpBuilder - Parsed data to instance of: class org.apache.http.conn.EofSensorInputStream
05:47:28.844 [main] DEBUG org.apache.http.impl.conn.BasicClientConnectionManager - Releasing connection org.apache.http.impl.conn.ManagedClientConnectionImpl@ba90170
05:47:28.844 [main] DEBUG org.apache.http.impl.conn.BasicClientConnectionManager - Connection can be kept alive indefinitely
05:47:28.844 [main] DEBUG net.thucydides.core.steps.StepInterceptor - STEP DONE: I send POST HTTP request post rating
  &amp#27;[32mAnd &amp#27;[0m&amp#27;[32mI send POST HTTP request post rating&amp#27;[0m                        &amp#27;[90m# starter.stepdefinitions.UserSteps.iSendPOSTHTTPRequestPostRating()&amp#27;[0m
05:47:28.850 [main] DEBUG net.thucydides.core.steps.StepInterceptor - STARTING STEP: UserSteps.iReceive1ValidLoginAndProductHTTPResponseCode - I receive valid login and product HTTP response code 200
05:47:28.852 [main] DEBUG net.thucydides.core.steps.StepInterceptor - STARTING STEP: PostProduct.iReceive1ValidLoginAndProductHTTPResponseCode - I set POST api endpoints product
05:47:28.852 [main] DEBUG net.thucydides.core.steps.StepInterceptor - STEP DONE: I set POST api endpoints product
05:47:28.865 [main] DEBUG org.apache.http.impl.conn.BasicClientConnectionManager - Get connection for route {s}->https://altashop-api.fly.dev:443
05:47:28.865 [main] DEBUG org.apache.http.impl.conn.DefaultClientConnectionOperator - Connecting to altashop-api.fly.dev:443
05:47:28.951 [main] DEBUG org.apache.http.client.protocol.RequestAddCookies - CookieSpec selected: ignoreCookies
05:47:28.951 [main] DEBUG org.apache.http.client.protocol.RequestAuthCache - Auth cache not set in the context
05:47:28.951 [main] DEBUG org.apache.http.client.protocol.RequestProxyAuthentication - Proxy auth state: UNCHALLENGED
05:47:28.951 [main] DEBUG org.apache.http.impl.client.DefaultHttpClient - Attempt 1 to execute request
05:47:28.951 [main] DEBUG org.apache.http.impl.conn.DefaultClientConnection - Sending request: GET /api/products HTTP/1.1
05:47:28.951 [main] DEBUG org.apache.http.wire -  >> "GET /api/products HTTP/1.1[\r][\n]"
05:47:28.952 [main] DEBUG org.apache.http.wire -  >> "Authorization: Bearer [\r][\n]"
05:47:28.952 [main] DEBUG org.apache.http.wire -  >> "Accept: */*[\r][\n]"
05:47:28.952 [main] DEBUG org.apache.http.wire -  >> "Host: altashop-api.fly.dev[\r][\n]"
05:47:28.952 [main] DEBUG org.apache.http.wire -  >> "Connection: Keep-Alive[\r][\n]"
05:47:28.952 [main] DEBUG org.apache.http.wire -  >> "User-Agent: Apache-HttpClient/4.5.13 (Java/14.0.2)[\r][\n]"
05:47:28.952 [main] DEBUG org.apache.http.wire -  >> "Accept-Encoding: gzip,deflate[\r][\n]"
05:47:28.952 [main] DEBUG org.apache.http.wire -  >> "[\r][\n]"
05:47:28.952 [main] DEBUG org.apache.http.headers - >> GET /api/products HTTP/1.1
05:47:28.952 [main] DEBUG org.apache.http.headers - >> Authorization: Bearer 
05:47:28.952 [main] DEBUG org.apache.http.headers - >> Accept: */*
05:47:28.952 [main] DEBUG org.apache.http.headers - >> Host: altashop-api.fly.dev
05:47:28.952 [main] DEBUG org.apache.http.headers - >> Connection: Keep-Alive
05:47:28.952 [main] DEBUG org.apache.http.headers - >> User-Agent: Apache-HttpClient/4.5.13 (Java/14.0.2)
05:47:28.952 [main] DEBUG org.apache.http.headers - >> Accept-Encoding: gzip,deflate
05:47:29.258 [main] DEBUG org.apache.http.wire -  << "HTTP/1.1 200 OK[\r][\n]"
05:47:29.258 [main] DEBUG org.apache.http.wire -  << "content-type: application/json[\r][\n]"
05:47:29.258 [main] DEBUG org.apache.http.wire -  << "date: Mon, 08 May 2023 22:56:19 GMT[\r][\n]"
05:47:29.258 [main] DEBUG org.apache.http.wire -  << "transfer-encoding: chunked[\r][\n]"
05:47:29.258 [main] DEBUG org.apache.http.wire -  << "content-encoding: gzip[\r][\n]"
05:47:29.258 [main] DEBUG org.apache.http.wire -  << "server: Fly/3f2597ca (2023-05-03)[\r][\n]"
05:47:29.258 [main] DEBUG org.apache.http.wire -  << "via: 1.1 fly.io[\r][\n]"
05:47:29.258 [main] DEBUG org.apache.http.wire -  << "fly-request-id: 01GZYS8YVCG60E0BXBM8Y3DGG7-sin[\r][\n]"
05:47:29.258 [main] DEBUG org.apache.http.wire -  << "[\r][\n]"
05:47:29.259 [main] DEBUG org.apache.http.impl.conn.DefaultClientConnection - Receiving response: HTTP/1.1 200 OK
05:47:29.259 [main] DEBUG org.apache.http.headers - << HTTP/1.1 200 OK
05:47:29.259 [main] DEBUG org.apache.http.headers - << content-type: application/json
05:47:29.259 [main] DEBUG org.apache.http.headers - << date: Mon, 08 May 2023 22:56:19 GMT
05:47:29.259 [main] DEBUG org.apache.http.headers - << transfer-encoding: chunked
05:47:29.259 [main] DEBUG org.apache.http.headers - << content-encoding: gzip
05:47:29.259 [main] DEBUG org.apache.http.headers - << server: Fly/3f2597ca (2023-05-03)
05:47:29.259 [main] DEBUG org.apache.http.headers - << via: 1.1 fly.io
05:47:29.259 [main] DEBUG org.apache.http.headers - << fly-request-id: 01GZYS8YVCG60E0BXBM8Y3DGG7-sin
05:47:29.259 [main] DEBUG org.apache.http.impl.client.DefaultHttpClient - Connection can be kept alive indefinitely
05:47:29.259 [main] DEBUG io.restassured.internal.RestAssuredHttpBuilder - Parsing response as: application/json
05:47:29.259 [main] DEBUG org.apache.http.wire -  << "240[\r][\n]"
05:47:29.259 [main] DEBUG org.apache.http.wire -  << "[0x1f][0x8b][0x8][0x0][0x0][0x0][0x0][0x0][0x4][0xff][0xaa]VJI,IT[0xb2][0x8a][0xae]V[0xf2]tQ[0xb2]241[0xb1]0[0xd2]Q[0xf2]K[0xcc]MU[0xb2]RJI-N.[0xca],([0xc9][0xcc][0xcf]S[0xd2]QrA[0xe2]Y))[0xe9]([0x5][0x14]e&[0xa7]*Y[0x19][0xe8]([0x5]%[0x96]d[0xe6][0xa5][0x17]+Y[0x99][0xe8](9'[0x96][0xa4][0xa6][0xe7][0x17]e[0xa6][0x16]+YE[0xc7][0xd6][0xea] [0xc]6[0x86][0x1b][0xec]Y[0x90][0x91][0x9f][0x97][0xaa]`h[0xa8]`f[0xa2][0x90][0x9e][0x84]axANb[0xa5]BFb[0xb1]B^[0xbe]BNfnfI1[0xc2]:#KK$[0xb][0x8d][0xd0],[0x84][0xda]fdjb[0x8][0xb7][0xcd]=173/[0x1d][0xc3][0x12][0xb7][0xfc]"[0x85]t[0xb0][0x94]BAiQA~qj[0xb1]R-[0x8a][0x83]-[0xe0]F[0xb8][0x95][0x16][0xe5]e[0x96][0x94][0x16][0xa5]*[0x84][0xe4][0x17]`[0x9a][0x4][0x97]MI,[0xca]T[0xf0]J-H,JD[0xb8][0xd8][0xd0][0x4][0xd9][0xc5][0xa6]h.F[0xb1][0xd1][0x4]ncp~^[0xa5]B@[0xb0]![0x86]e[0xf8][0xc2][0xc6][0x4]%l[0xc][0xd1]l[0xa2]j[0xd8][0x98][0x12]v)"[0x4][0x90][0x93][0x88][0x1]-]e[0x6]w[0x15][0x15]c[0xc][0xdd][0xc5][0xc8]1f[0x89]Hf.a.[\n]"
05:47:29.259 [main] DEBUG org.apache.http.wire -  << "[0xbe][0xa5][0xe9][0xa9]y[\n]"
05:47:29.259 [main] DEBUG org.apache.http.wire -  << "!E[0x89][0x99][0xf8]r[0x8c][0xa1][0x91][0x81][0x81][0x1][0xbe]0A[0xb1][0x1][0x91][0x1f][0x13][0xf3][0x12][0xb3][0x15][0x12]+[0x13]s1[0x12]Eqiq[0xa9][0x2]H[0x1a][0x11][0xe6][0x96](i[0x1][0xaf][0x1f][0xcc][0xe1][0xa1][0x16][0xe1][0xe4][0x1f][0x81][0x99][0xe4][0x10]9[0x5]a<jR3[0xa6]a[0xa4][0x82][0xfc][0x1]-[0x90][0xb0];[0xf][0x97][0xa3][0xd0][0xfd]L[0xc5][0xf4]o[\n]"
05:47:29.260 [main] DEBUG org.apache.http.wire -  << "[0x8a]>[0xa8][0xa3]h[0x13][0xef][0xa6][0x6][0x88][0x94][0x5][0x8a]X[0xea][0xc7][0xbb][0xa9][0x1][0xad]S[0x96][0xa9][0x1][0xa2][0xc8][0xa7][0x91][0x1f],[0x10]e[0xb4]SQbrjNj[0x9]F[0xe6][0xf0]MLIU[0xc8]OS[0xc8][0xc8]L[0xcf]P(,M[0xcc][0xc9],[0xa9]T(HM,[0xca]A[0xae]V[0x8c][0x88][0xcb][0x90][0xc6][0xc6]f[0x18][0x85][0xb4])[0x86][0x95][0xf8][\n]"
05:47:29.260 [main] DEBUG org.apache.http.wire -  << "i[0xd4][\n]"
05:47:29.260 [main] DEBUG org.apache.http.wire -  << "[0xc]w[0x8d]illf[0x9][0xcf][0x98]%[0xa9][0xc5][0xa0]*V[0xa1][0xa0](?[0xa5]4[0x19][0xd3][0x8f]%[0x19][0x99][0xc5][\n]"
05:47:29.260 [main] DEBUG org.apache.http.wire -  << "[0x99][0xc5][\n]"
05:47:29.260 [main] DEBUG org.apache.http.wire -  << "%[0x19][0xa9]05[\n]"
05:47:29.260 [main] DEBUG org.apache.http.wire -  << "[0xa8][0xd5]7[0x96][0xda][0x1a]=[0xd7]"[0x8a][0x1d]ccsD[0xf2][0xa3][0x9a][0xdd][0x86]h[0xc5][0x1e][0xee][0xaa][0xd0][0xd8][0xd8][0x1c][0x91]8[0xa9]j?R[0xdb][0x1][0xaf][0xf5][0x88]H[0xa6][0xaa][0xf5][0xc8][0x89][0xc][0xaf][0xfd][0x88]2[0x99]f[0xf6][0xa3][0x97][0x8f]([0xd1][0x8f][0xc8]W[0x98][0xf6][0x3][0x0][0x0][0x0][0xff][0xff]"
05:47:29.260 [main] DEBUG org.apache.http.wire -  << "[\r][\n]"
05:47:29.260 [main] DEBUG org.apache.http.wire -  << "478[\r][\n]"
05:47:29.260 [main] DEBUG org.apache.http.wire -  << "Bm[0x9][0x12][0x9d][0xf4][0xd0][0xa3][0x1f]_[0xd2]7[0xa7]A[0xd2]G[0xb7][0x1f][0x9f][0xff]-[0xc][0xa8][0x9f][0xf5][0xd0][0xed][0xc7][0x97][0xfd][0x90]Z[0xe1]4[0xb][0xbc][0xfe]G[0x94][0xdc][0x3]c?"[0xff]y[0x4]([0xe4]f[0x96][0xe4]c[0xa4];p[0x19][[0x92]Z[0x94][0x94][0x98][0x99][0x8d]h[0x2][0x98][0x9a][0x99]#eq[0xbc]^Dd1[0xd2][0xda][0x15][0xe8][0xf9][0x96]z[0xed][\n]"
05:47:29.260 [main] DEBUG org.apache.http.wire -  << "cc[0xb]D[0xba][0x87][0xf6][0x0]([0xa9]\[0xf0][0xa5]0KD[0xc][0x7][0x4]+`[0xda][0x92][0x9e][0x98][0x9b][0xaa]`[0xaa]P\[0x92]X[0x84][0x8]][0xd4]V[0x1f][0xbe][0xc]l[0x89][0x88]@[0xba]4[0xc5][0x8d]M[0x90][0x9a]dT[0x8]:<)[0xc7][0x4][0xa9]iF/[0xbf]!"[0x8b][0xd6]~C[0xc4][@QbrIfrb[0x8e]Bx~~Jj[0x9e][0x82]w^fZ*F>t[0xcc][0xc9]L,VH+MOT(-[0xd1]C[0xa4][0x15]CP[0x84][0xc0]G[0x6][0xf0][0x86]'"'Rod[0x0][0xaf][0x85][0x88]\[0x6][0xb3][0xd0][0x88][0xe2][0xa1][0x8]|[0x16][0x1a]"[0xaa][0x13][0x98][0x85][0x94][0x8f]}[0xe0][0xb5][0x10][0xd1]|[0xa3][0x93][0x85][0x18][0x3][0x2][0xe6][0x18])[0x5]\b[0x13]5[0xac][0x83][0xd7]k[0x88][0xd4][0x12][0x90][0x98][0x93][0xe8][0x93][0xef][0x3][0x1a]kAm[0x93][0xc0]m[0xc2]2zdl[0x8c]TA[0xe0])[0xc2]L[0xc][0x11]m rKH[0xbc][0xfe]@$BZ[0x18][0xf][0xea][0xcf]@{[0xa8]t[0xea][0x19][0x99][0x18]![0x12][0x1d]M|[0x84][0xe8][0x12][0xd0][0xc4]xD[0x19]K[0xb7][0x0]C[0x14][0xb6]t[0xb3][0x12][0x91]O[0xa9]i%[0xbe]|d[0x84][0x18][0x95][0xa3][0xa6][0x95][0xf8][0xf2][0x96][0x11][0xa2][0x8c][0xa0]q}i[0x84][0xc8][0xc5]4j[0xa8][0x9a][0x18]#*[0xf]Z[0x86][0x1f][0xac][0x19]ka[0x88]H"[0x8e][0xc9][0xc9][0xa9][0xc5][0xc5][0x90][0xd1]|[0x8c]~_[0xbe]Bj^Fb^r[0xaa]Bb[0x1]h8[0x5][0xc4]D[0x1e]A761F[0x14][0x8][0xc5][0xa9][0x5][0xa9])[0x98][0x5]ubf%H[0x10]:8ad[0x8a][0xdc]?[0xc6][0x17][0xc1][0xc6][0x88][0xb2][0x80][0x96]a[0x82][0xd4]%6[0x1][0xd5][0x1b][0xd0][0x2][0x95][0xda][0x9e][0xa1]1`[0x8c][0x88][0xe3]`p[0xcc]([0xf8]d[0x16][0x97][0x14][0x81]{R[0xa8]U)T:[0x7]"[0xad][0x90][0x97][0x9e][0x9a]T[\n]"
05:47:29.260 [main] DEBUG org.apache.http.wire -  << "[0x1a]"=[0xca][0x10][0xc5][0x0][0xd4]L[0xa8][0x95][\n]"
05:47:29.260 [main] DEBUG org.apache.http.wire -  << "N[0x89]9[0x89][0x98][0xb3]*PE[0xa8][0x16]+$%[0xe6][0xa5][0x83][0xc7][0xf8][0xa0][0xf6][0x9b][0x12][0x9f]d[0x10]e[0x2][0xdd][0x92][0xc][0xa2][0x5]A7+[0x11][0xe5][0x11][0xbd][0xac]4A[0x94]OA[0xa5][0xc5]%[0x99][0xc9][0xb0][0xfe][0x82]S"[0xe6][0xac][h[0x89]BjQQ~[0x91]BQjriqb^Jb[0xaa]BA~qqfni[0xb1]Bn~[0xe]h[0x9c]31U[0xa1]85E!3[0xb7] 5%[0x93][0xbc].[0x5][0xd2][0xf4][0x1f][0xa2][0x1b][0xe3][0x93][0x99][0x97][0x9a][0xa7][0xe0][0x94]_R[0x92][0x83][0xa5][0x1b]SZ[0xa2]P[0x90]ZT\[0x90][0x99][0x9c][0x99]X[0x92]Y[0xac][0x90][0x92][0x9f][0x93]_[0x94][0xaa][0x90][0x92][0x99]\[0x92][0xa8]P[0x90]_T[0x94][0xaf][0x90]YP\[0x9a][0xab][0x90][0x9a]HV/[0xc7][0x84][0xfe]E[0x96][0x9][0xa2]I[0x13][0x9c][0x93][0x9a][0x9a][0xad][0x0][0x9][0x1][0xf7][0x9c][0xfc][0xb2]T[0xd0][0xd8]7jN[0xf7]OK[0xcb]L[0xce][0xcc],VH[0xce][0xcf]+N-,M,)-RH[0xcc][0xcb][0xcc][0xcd][0x84]GL[0xb1]BY~NiAIbI[0xaa]BJjNj^fI&y[0x81]A[0xff]"[0xcf][0x4]Q[0xe4][0xb9][0xe7][0x17][0xa5][0xa7][0xe6][0x97][0x16]+[0x4][0x95]&%[0xa5][0x16])8[0x83][0xc7]8[0xd0]B#%[0xb3][0x4][0x92][0x6]Js[0x15][0x12]A[0x89][0x3][0x9c][0x4]r[0x12][0x93][0xf2][0x8b]2[0xf3][0x8b][0x13]s[0x15][\n]"
05:47:29.260 [main] DEBUG org.apache.http.wire -  << "K3[0x15][0x12]s2[0xb]K3S[0x14][0x8a][0xc9]M[0xa7][0x88]B[0x11][0x91]N[0xdd][0x8b][0x12][0xf3]2KR[0x15][0x9c][0xf3][0x13]A%-[0xaa][0xbb]\K@}[0xed][0xcc][0xc4][0x12][0x85][0xfc][0xdc][0xbc][0xcc]b[0x85][0xdc][0xcc][0xbc][0xcc][0xdc]D[0x85][0xbc][0xd2][0xdc][0xc2][0xd2][0xc4]\[0x85][0xe2][0xd2][0xe2][0xe4][0xcc][0x2]r][0x83]("[0x83]+[0xf3]R[0x8b][0xd2]3a[0xd9]9G!8#[0xb3][0x8][0xab]kR[0x8b]K[0xe0][0xa9]"3[0xa9][0xb4]X[0xa1] '195[0xb1]D![0x95][0xbc][0xac][0xb]*[0xd0][0xa1][0xf5][0xac][0x2][0x8d][0xba][0x90][0xa6][0x88][0xac]HV[0xf3][0x90][0xd8]V[0x8a])R[0xfe][0x83][0xcc][0xe7]c[0x8e][0xb3][0xc1][0xbb][0xaa][0x4][0xd7]:[0xe0]k[0xf][0x99][0xd2]??[0x99]"[0xf2][0x13][0xbd]j[0x1a]SDn[0xa1][0x9b][0x95][0x88],A7+[0x11][0xad][0x6][0xb2]R'[0xea][0x4]#[0xde]T[0x83]h,[0xd0][0xd8]&3D[0x1b][0x1]j[0x13][0xe6]2[0x3]|9[0x1]u[0xe0][0x19][0xdd]O[0xb0][0xae][0xb][0xe5][0xab]~[0x8c]M[0xcc][0x10]}[0x16][0xa8]Ki[0x95]g[0xcd](,[0x85][0x88][0x8f]g3[0xba][0x95]C[0xd4][0x9d][0x1c]G[0x8f]g[0xe4][0xee][0x98][0x19][0xa2][0xf8][0xa1]u<!J[0x1d][0xa8]M[0x83]6[0xed]"[\n]"
05:47:29.260 [main] DEBUG org.apache.http.wire -  << "+[0x9c].E[0xc][0xd0][0xe3][0xab][0xc5][0xa8][0x9a][0xa3]0[0xca]3J[0xc2][0x8f][0x86][0xb3]o&H[0xb].[0x6]Q[0xf8][0x99]c[0x94][0x9d][0xb4]*[0x91][0x90][0x16]}[0xf8]%[0x16]g*[0xb8]$[0x96][0xe6])x[0xa5][0x16][0x95][0x82]&X[0x11][0xcd]P[0x0][0x0][0x0][0x0][0xff][0xff]"
05:47:29.260 [main] DEBUG org.apache.http.wire -  << "[\r][\n]"
05:47:29.261 [main] DEBUG org.apache.http.wire -  << "5A4[\r][\n]"
05:47:29.261 [main] DEBUG org.apache.http.wire -  << "[0xca]S[0xb2]R[0x2][0xcb][0x97][0xa7][0xe6]%fg+[0x94][0xa4][0xe6]%[0xe6])[0xe4][0x96][0x16][0xe5][0xa6]"[0xcd][0x15][0x1a]Z[0xe2]_[0xe4][0x6]Kb[0x16][0x96][0x88]T[0x9b][0x9c][0x9f]W[0x92][0x9f][0xa1][0x9b][0x8c]XC[0x8a]>[0xea][0xe4][0x96]X[0x9c][0x91][0x99][0x9f][0x97][0x98][0x94][0x93][0x8a]:[0xd6][0x84][0xb4]`[0x4][0xec]6[0x84][0xdb][0xc1]K[0xa7][0x14][0xd2][0xf3][0x8b]R[0xb1][0xac][0x2][0x5][0xab][0xa5][0x92]?[0x10][0xe9][0x9c][0xb0]?0U [0xad]=561[0xa7][[0x89]mN[0xb7]r[0xd4][0x1c][0x11][0xcf][0xd0][0xdc]E[0xb3]tL[0xb7]v[0x8d][0x5][0xdd]Z[0xb][0x16][0x88][0x14][0x11][0xe1][0x94]_[0xa1][0x80]Y[0x86][0xd2][0xbf]d[0xb7]@[0xf4]:p[0xb8][0x89][0xf0][0xd2]Q[0xf4]:[0x1e]V,P[0xa3]-[0x87][0xb4]:pp[0xba][0x8f]n[0xe9][0x14]i[0x9d]2[0x8e][0x90]@[0xa4][0x1e][0xfa][0xb5][0xb5]-[0x11]-[0xe0][0xc1][0xe4]*DN[0xa3]q9[0x85][0xb4]H[0x6][0xfb][0x12][0xa4][0x81][0xcd]>[0x96][0x88][0x86]/v[0xe7][\r]H[0x9a]A[0xd4][0xb2][0xd8][0x1d]5[0xa0]a[0x86][0xbc]0[0x1c][0xbb][0xf3]p[0x85][0x19][\r][0xdb][0xb5][0xc8]k[0xc9]i[0x9b][0xa2][0x91]W|c[0xf7][0xfe][0x0][0xc7][0xe][0xa2][0xb1][0x83][0xdd]y[0xb8]b[0x87][0x86][0xb5][0x94][0xa9][0x1]"[0x9b][0xd1]:v([0xcf];[0xb4]L[0xa6]H[0xab][0xa4][0x6]O[0xec][0x18]"Zx[0xd8][0x1d]5[0xb0])[0xda][0x10]QYaw[0xde]@[0xa4]hCD[0xbb][0x90][0xc6])[0x1a]i[0xad][0x2][0xad]m[0xa2][.5[0xa4]W?[0xc9][0x14]i[0x85][0x1b][0x8d]C[0xf]i5[0x1a][0xad]mB[0xb4])im[0x13][0xdd]R[0xb9][0x11][0xa2][0xda][0xa2][0xb5][0x9f][0xe8][0x96][0xca][0xe9][0xb6]D[0xcb][0xd4][0x8]Q[0xeb][0xd1]:[0xf4][0xe8][0xd5][0x9f]3EZ[0x13]Fc?![0xad][0xe1][0xa2][0xb5]M[0x88][0x9c][0x8b][0xbd]*[0x1b][0xd8][0x9a][0xd6][0x18][0x91][0xdd][0xb1];o jZ[0xe4]u\4[0x9d]a65[0xa6][[0xc9]`[0x8c][0xa8][0xff]<[0x2][0x14][0x9c]A[0x8b]p2[0xb1]lP[0xc9]I-([0xc9]/P[0xc0][0xd8][0x1]d[0x9][0x2]HK[0xbc][0xd1][0x9b][0xee]H[0x93]H[0xa6][0xc6]T-[0x1a][0xd0]7[0xdc]#[0xdb][0x84][0xb4]Hj 6T![0x8f][0xa6]Q[0xcd]~|[0x13]H(~GdlBv#[0xf2][0x10]h[0xb7][0x1c][0x91][0xb1][0x88][0xb4][0xcc][0x89][0x90][0xf9]doV[0xc4][0x97][0x8a]L[0x10]%[0x3]U[0xed]'[0xd6][0xfb][0x88][0x9c]IU[0xeb][0x89][0x8e]^D&[0xa2][0x99][0xfd][0xe8][0xdd]N[0x94][0xe4][0x85][0xa8]uif?[0xbe][0xe8]GZ[0xb0]40[0xf6]#z[0xa8]4[0xb3][0x1f][0xfd][0x9c][0x15][0xe4][0xf0]GZME3[0xfb][0xf1][0x86]?[0xa2][0xb]<0[0xf6][0xd3]([0xfb][0x13][0x9b][0xff][0x90][0x16]b[\r][0x8c][0xff][0x11][0xe5][0xf][0xac][0x85]hjJ[0xa3][0xa9]=SSD[0xe3][0x80][0xba][0xab][0xf0]MM[0x11][0xc5][0x98]g^IjNNfzj^[0x89]BpIj*h[0xf5]c>[0x96][0x15][0xb3][0x9e])[0xa0][0xf3]$[0x8a]3[0x15][0xf2][0x12]KJ[0x8b]A[0xb]BADb1YkbMM[0x11][0xe5][0x18],[0x1c]i[0xb3][0xfe][0xd1][0x14]s5[0x16][0xad][0xa2][0x8b]n[0xab][0xa9]L[0xe9][0xb6][0x9a][0xca][0x94]nk[0x9c][0xc0]{[0xd9][0xa1]Kai[0x9d]"[0x10][0x89][0xdf]5/[0xbf]([0x17][0xb4]8: '[0x11][0xbc][0xfc][0xd7]9#1[0x13][0xb4][0xae][0x3]u[0x1]H[0x18]d!8[0xe8][0xd4][0x91][0x92]T[0x85][0xbc][0xfc]<[0xd0][0xb9]#e[0x99])[0xa0]<[0x93]ZL[0xd6][0xd2]_S[0xa4][0xf5]7.[0xa5]E[0xa0]5[0x1e][0xa0][0xad][0x4]9[\n]"
05:47:29.261 [main] DEBUG org.apache.http.wire -  << "[0xd8]][0x10][0xc]][0xea][0xac]PX[0x9a][0xaf][0x80][0xb4].;3[0x8f][0x9c]%[0xe9][0xa6]t[fc[0x8a][0xb4][0xcc][0x86][0xc6][0xd1]J[0xb7]e$[0xa6]t[FbJ[0xb7]e$[0xa6]H[0x87][0x90][0xd0]8[0x9e][0x90][0x8e][0x1b][0x9][0x8]6[0xc1],[0xf5][0x8b]M[0x14][0x92][0x12][0x8b]J[0x11][0xbd]#c[0xfc]k[0xab][0x90][0x9b]gt[[0xa2]b[0x8a]th[0x9][0xad][0xc3][0xb][0xd1][0xe4][0xa3][0xb5]M[0x88][0xc6][0x1d][0xad]m[0xa2][0xdb] [0xaf][0x5]f[0x83][\r]3[0xc9][0x11]}[0x4]#[0xbe][0xa6][0xb9][0x5][0xa2][0xb5]F[0xeb][0xd0]CT`[0xb4][0xb6][0x89]n[0xcd]4Kz-[0xfc]4EZ[0x1e]D[0xe3][0xd0]CZ[0xf2]Ck[0x9b][0xe8]VFX"[0xca][0x8][0xaa][0x97][0xde][0x96]t+[0x15][0x90]V[0xfb][0xd0]:f[0xe8][0x95]W[0xcd][0x90]N[0xea]q-J[0xcf][0xcf][0xcb][0xcf][0xcd]LVp[0xcc])[0xcd][0xcd][0xcc]+[0xcd][0xc5][0xba][0xed][0xcf][0xb1][0xb4]D!)5[0xb1]$1[0x15][0xbe][0xa9]-5W!7[0xb1]"37U!/57_!3'[0xa7]4[0x17][0xb4][0xe1][0xf][0xdc][0xf7]#[0xa7][0xa9]if@[0xaf]b[0xd1][0xcc][0x80]^[0x85][0x95][0xd9][0xe0]^'a6[0x18][0xd7]I[0x98][0xd1]k[0x9d][0x84][0x89][0x9]RUB[0xab][0x93]8[0xe9][0x95][0xd2]L[0x91][0xf6][0xb][0xd0][0xba][0xa0][0xa2][0x97][0x9f][0xcc][0x90][0xce]b[0xa5][0xad][0x9f][0xcc][0xc][0x10][0x95][0x15][0xad]m[0xa2]W[0xd5]efH[0xaf][0x6][0xad][0x19][0xd2][0x8a][0x19][0xec][0x93][0xc0][0x3]:Gm[0x86][0xb4][0xcc][0x6][0xbb][0xf3][0x10]=H[0xba][0xad][0xf2]6C:[0x16][0x8a][0xc6])[0xce][0x8][0xd1][0xe4][0xb][0x8]64[0xa0][0xa0]S[0x83]~[0x9e][0x11]|W[0x2]R5[0x7]9<[0x1e][0xc3][0x92]4[0xfc][0xe7][0xca][0x1b][0x9b][0x19][0xd1]-[0x7]"[0x9d][0xbc][0x94][0x9d]Y[0x90]X[0xac][0x90][0x98][0x97][0x8e][0xe5]d[0xf2][0xdc][0xd4][0xbc][0xf4][0xd4][0x9c][0xd2][0xc4][0xa2][0xec][0xc4]<[0x88][0x12][0x85][0xe2][0xc4][0xbc][0xf4][0xc4][0x12][0x85][0xec][0xd4][0xbc][0xe4]D[0xf0][0xae])[0xe8]q+[0xf8][0xf][0xf5][0x83][0x87][0x12][0xd2][0xf1][0x1b][0xe4][0x9d][0xbe]ol[0x86][0xb4]>[0x8]~\[0x83]SQ~^U*[0x8e][0xe1]@[0xc8]9[0x84]E[0xa9][0x5][0xa9]99[0xa9]y)[0xa5][0xc5][\n]"
05:47:29.261 [main] DEBUG org.apache.http.wire -  << "[0x89][0xc9][0xa0]#F@[0x7][0x8b][0x14][0x96][0x92]5$o[0x86][0xb4]t[0xc8]75%3?[0xb9]([0x15]4"[0x9]:[0xc][0x11][0xc7]![0x1a][0x8e]`;[0xf3]J2A[0x7][0x85][0x94]([0xe4][0x83][0xcf][0xd4]HT(K[0xcd][0xc9],Q[0xc8][0xcb]O[0xca],&[0xab][0xc5][0x88]t[0xcc][0xd4][0x90][0x8b]I[0xa4][0xb5]JC[0xcf][0xed][0x88][0xb9][0xd5][0xa1][0xe7]v[0xc4][0xb2][0x8b][0xa1][0xe7]vDIN[0xe3]:[0x3]iY[0x97]g^rQjJfRN[0xaa][0x2][0xac][0xa4][0xc9][0xc9]O[0xc6][0xdc][0xfb][0xea][0x9a][0x8]?fE!5/[0x13][0xd2][0x19],[0x6][0xe5][0xef][0xd4][0xe2][0xe4][0xcc][0xd2][0xbc][0x12][0x85][0x94][0xd2]d[0xf0][0x81]F[0x90]3[0x84]r[0xc9][0xca][0xf2]t[[0xda]e[0x86][0xb4][0xe0][0x8a][0xd6][0x81]M[0xb7][0x6]5[0xd2][0x9a] [0x1a][0xfb][0xc9][0x84]n[0xcd]\[0x13]D3[0x97]&[0x19][0x1a]g[0xa3][0x87][\n]"
05:47:29.261 [main] DEBUG org.apache.http.wire -  << "[0xd5][0xb9][0x9][0xe5]C[0x1e][0xc8][0xb7][0xe8][0xe0][0x19]t63[0xa1][0xdb][0xf0][0x12][0xd2][0xca][0x1f][0x1a]'2SD=Dk[0x9b][0x8][0x97][0xbc][0x0][0x0][0x0][0x0][0xff][0xff]"
05:47:29.261 [main] DEBUG org.apache.http.wire -  << "[\r][\n]"
05:47:29.261 [main] DEBUG org.apache.http.wire -  << "46B[\r][\n]"
05:47:29.261 [main] DEBUG org.apache.http.wire -  << "R[0xc2]wR[0xb][0xd1][0xa7][0x92][0x98]![0xad][[0xa1][0xb5][0x9f](O|[0xc4][0xad][0xc5]3[0xa3][0xdb][0x1a][0xe]3[0xba][0xad][0xac]0[0xa3][0xdb][0xe9]1ft;[0xd3][0xc5][0xc]tK[0x0]]VV[0x98]![0xad]i[0xa0]q*[0xa7][0xdb][0xb2][0x2]3[0xa4]e[0x5][0x1e][0x5][\n]"
05:47:29.261 [main] DEBUG org.apache.http.wire -  << "a[0x99]e[0xf9][\n]"
05:47:29.261 [main] DEBUG org.apache.http.wire -  << "[0x91]FF[0x18]=[0xe1][0xdc][0xd4][0xdc][0xcc][0x9c][0xcc][0xec]L[0x85][0xe2][0x82][0xd4][0xe2][0xcc][0xb4][0xcc]l[0xd0][0x99]"[0x95][0x89]y[0xe9][\n]"
05:47:29.261 [main] DEBUG org.apache.http.wire -  << "[0x89][0x5][0xe0][0x93]F[0xa1][0x9d]Jc[0xd0][0xbd]0([0xa7][0xc5][0xa3][0xd7]DH[0xf3][0xd9]f[0xe6][0xa4]t[0x9f][0xb1][0x9c][0xff][0x8d]''S[0xaf][0xff]jb[0x82]t[0xbf][0x2]4[0xde][0x8d]1[0x2][0x88][0x1a][0xe5][0xa8][0x89][0x89]%)[0x1]B[0xc1])s&&HSD4[0x1a]EF[0xda][0x2][0x1a][0x92][0x98]Q[0xaa][0x90]T[0x9a][0x83][0xe5][0xc]D|[0xe1]F[0xdc][0xaa]I[0x13]S[0xa4][0x81][0x1c]2m"[0xb6][0xa6]31E[0x1a][0xe7][0xa7][0xbd]][0x88]F"4[0xdd][0xd1]fm[0x9f][0x89])[0xbd][0xf6])[0x9a][0xd0]mz[0xda][0xc4][0x94]^[0xd3][0xd3]&[0xa6][0x98][0xe5][0x3][0xad][0xe2][0x89]n[0xe5][0x83])[0xbd]&[0xab]ML[0x91]J"[0x1a][0xa7]r[0xba][0xcd]6[0x99]!-[0xa1][0xb][0x80]\[0xf3][0xa6][0xe0]X[0x9a][0x93][0x99][0xa8][0x80]Yqd[0xe6]e[0x82][0x96][[0x82][0xae][0x82]SH[0x84][0xab][0x81]V[0xa7][0xc4][0x95][0x80][0xc6]f[0xe6]t*)[0x8c][0xcd][0xcc][0x11]=2[0xec][0xd3][0x12][0x3];k[0x82][0xb4][0xfa][0xe][0xbb][0xf3]p[0xcd][0x9a][0xa0][0xef]J[0xa1]^[0xfb][0xc1][0xd8][0xc]i[0xd9][0x1e]vG[\r]p[0x98]![0xba][0x89][0xd8][0x9d][0x87]+[0xcc][0xd0]{[0xee]T[\r]3DK[0x8][0x9c][0x83][0xb2][0x15][0xdc]3Ss0[0x9a]]![0xa0]C[0xc6][0xf3][0xd2]A[0x17]$f[0x17]e[0x16][0x14]g"[0xdc]J[0xfc][0xde]A3[0xb][0xc4][0xb8][0xf][0x92]e[\n]"
05:47:29.262 [main] DEBUG org.apache.http.wire -  << "[0xd9][0xa9][0xba][0x98]-a*[0xd9][0x88][0xc8][0xb0]h6b[0x96][0x10]T[0xb2][0x11][0xd1]q[0xa6][0xcf]MWfH[0x17][0xa0][0x81][0xfd][0x98]\B[0xdb]B[0x10]ia[0x4][0x9d]|H[0xaf]&[0x86][0xb1][0x19][0xbd]*~c3zU[0xc7][0xc6]f[0x96][0x88][0xaa][0x84][0xa6][0x15][0xbf][0xb1]9[0xa8]CJ[0x97]![0x2]s[0xa4]kri[0xed]'D[0x9]Bk[0x9b][0xe8][0x16]OH]F[0x1a][0xfb][0xc9][0x10]1[0xa1][0xe6][0x19][0xe0][0xe1][0xef][0xe7][0xaa]`h[0xaa][0x10][0x10][0xe4][0x8f]Q[0xc1]x[0xb8][0xfa][0xb9][0x7][0xf8][0xfb]![0xaa][0x15][0x13][0xd0]H11w[0xe1][0x99]#[0xad]S[0xa3][0xb5]o[0x10][0xf5][0x17][0xed]|C[0xb7][0xf4][0x86][0xb4]0[0x87][0xc6][0xe1][0x86][0xb4][0xc6][0x86][0xd6]6![0xd2][0x1b][0xad]mB4[0x9c]hm[0x13]R[0x8b]"1[0xaf][0x4][0xb2][0xc3][0xcc]7[0xb1][0x8]4[0xe9][0xea][0x93][0x98][0x8b]y[\r][0x90]k[0x89]BFf2h[0xd5]m>[0xd2]4*h[0xf4][0x9b][0xa8][0xfc][0x84][0xb4][0x82]#)[0xb1]85[0xa5](-[0xb3][0x2]#[0xbf][0x82]eR[0xd3][0x12]KsJR@;[0xdd][0xa0][0x1d])3K[0xd0][0xe0]-q[0xd6][0xd0]kb[0xd3][0x1c][0xe9][0xe6]+[0xda][0x8c][0xbd][0xa2]7[0xd0][0x91][0xc6]^[0xcd][0x91][0xee][0xc0][0xa2]q:[0xa1][0xdb]q#[0xe6]t[0x9b][0xfd]6[0xa7][0xee]i#[0xf8][0xe2][0x9]i[0xc2][0x96][0xc6][0xf1][0x84]t[0xf6][0x5][0xad]mB[0x94][0x1c][0xb4][0xb6][0x9][0x91][0x99]iV3[0x82][0x1a][0x4][0xd0][0xd6]%[0xfd][0xb3]1[0xd2]l[0xf2][0x0]XN[0xb7]Z[\r][0xe9]R[0x1c][0x1a][0xa7][0x18][0xa4][0x8b]i[0x6] @[0x11][0x19]c[0x0],G[0xb4][0xf3][0x7][0xc0]rDF[0xa5][0xbf][0xe5]H[0x87]([0xc][0x80][0xe5][0x88][0xf5] [0x3]`9"[0x7][0xd3]c[0x8c][0xc6][0x9c]n[0xb][0x10][0xcc][0xe9]v[0xb4][0x83]9[0xd2][0x2][0x4][0xec][0xe3][0xa7][0x3]:[0xbc]k[0xe]j[0xf8]B[0xab]'[0xec][0xce]C[0xea][0xdb]Z[0xe2][[0x98]E[0xc5][0xe1]]s[0xba][0x9d][0xd0]`[0x8e][0xb4][0x94][0x2][0xbb][0xf7][0x7]6v[0x90][0xd6]_`w[0xde][0x80][0xc4][0xe][0xa2][0xf]9[0x88][0x1c][0x85][0x18][0x80][0xc0][0xee][0xa8][0x1][0x8e]HD[0xed][0x89][0xdd]y[0x3][0x12][0x91][0x88]Zu[0xf0]8jpO[0x87][0x99][0xa3][0xdc][0xce][0xe2][0x1f][0x81][0xef]r[0x16][0xba]m[0xbc]2G[0xba][0x9e][0xc5][0xa5]4[0xbb]4[0xf]c[0xdc][0x3][0x91][0xba][0xcc][0x88]>O[0xc4][0x1c][0xe9][0xf4][0x8][0xec][0xc9]c`[0xb3][0x14][0xca][0x9d]/[0x83]&&[0x8]e[0xa9][0x81][\r]3[0xa4][0xe3][0x1f][0xb0]G)"[0xa1][0xd0]/[0xf5]Z[0x12][0x9a]a[0x1e][0xe0]0C[0xc][0x9f][0xf][0xa2]0[0x1b][0xdc][0xd5][0x1d][0xd2][0xe4][0xdd] [\n]"
05:47:29.262 [main] DEBUG org.apache.http.wire -  << "[0xb3]A[0x9d]7-[0x90][0x8e][0xb0][0x18]4af[0x81][0xb4]][0x9d]&;Q[0xd0][0xc7]6[0xa9][0xd8][0x8b][0xb0]@[0x9a]m[0x1d]zn'[0xd4][0xc6][0x1e][0xd0]2[0xd1][0x2][0xe9]&[0x9b]A[0x94]V[0x11][0xc3]c[0xb4][0x1d][0x5][0xb4]@:l[0x85][0xee][0x83]2[0x16]H[0xd3][0xe0][0xd8][0xc3]~`[0x93][0x6][0xd2][0xdc]9v[0xe7][\r]@[0x13][0xc3][0x2]i[0xb2]}[0xc8][0x15][0x5]Hk[0xca][0xb1][0x7][0xe8][0x0][0xc7]7[0xa1][0x96][0xc8][0x80][0xc4]7[0xdd][0x8a][0x2][0xa4][0xe5][0x8]C/e![0x1a]D[0xe0][0x2][0xd3][0xb1](3=1[0xbf][0x4]t[0xfa]$[0xea][0x11][0xb0][0xf8][0xb6]a[0x10][0xbb]9[0xc2][0xd8][0x2]i=[0xc5][0x90][0xb]*[0xa4][0xa3]M[0xe8][0xb3]z[0xd0][0x2][0xe9][0x88][0x13]p[0xe4][0x4][0x4][0xd3]f[0xdb][0x80][0xb1][0x5][0xd2]1%[0xf4][0xf2][0x1b][0xa2][0xcc][0xa0][0xb5][0xdf]H*[0x8][0x0][0x0][0x0][0x0][0xff][0xff]"
05:47:29.262 [main] DEBUG org.apache.http.wire -  << "[\r][\n]"
05:47:29.262 [main] DEBUG org.apache.http.wire -  << "923[\r][\n]"
05:47:29.262 [main] DEBUG org.apache.http.wire -  << "[0xca]W m[0x1b][0x19][0xd2][0x8a][0x9][0xb][0xa4][0x83];h[0xec]'[0xa4]c6hm[0x13]b[0xf2]i[0xc8][0xe5]Xc[0xb4][0xc2][0x8d]v[0xf9][0x7]i[0xb7]>[0xce][0xf8]@T[0x82][0xc4][0x97][0x97]H;[0xe9][0x15]0F[0xf4][0xa8]S$[0x9b][0xd0]-[0x90][0x90][0x96]A[0xc][0xb9][0xa4][0x84][0xb4][0x8a][0x2]g[0x4]S'>[0x90]n[0xd8][0xa0][0xb5]M[0x88]A7Z[0xdb][0x84][0xe8][0xca][0xd2][0xda]&[0xc4]H[0x1d][0xad]m[0xa2][[0x5][0x86]t[\r][0x6][0xad][0xfd][0x84]([0xb][0x86]\[0xe]EZ[0xa2]1[0xf4][0xdc]>[0x84]+Y[0xa4][0xbb]8[0x86]^[0xb8]#J[0xc0][0xa1][0xe7]vD[0xf9][0x93][0x99][0x97][0x92][0x9f][0x9b][0x99][0x8a][0xd1]@H[0xcc].U(.[0xcd]NT@([0x80][0xae]v6"z[\n]"
05:47:29.262 [main] DEBUG org.apache.http.wire -  << "[0xd0][0x2]i[0xf1][\n]"
05:47:29.262 [main] DEBUG org.apache.http.wire -  << "[0xb4][0xf4][0xc1][0x9c][0xf0][0xc4]W[0xf3][0xd1]m[0x12][0xc9][0xc2][0xc]1[0xc1][0x8e][0xd3][0xa5][0x88]F[0x18][0xbe][0x9d][0xb3][0xd4][0x1c][0x82]6G,[0xa0][0x82][0xb8][0xaa][0xd8][0xb4][0x18]#[0xa6][0xe0][0x1][0x88][0xde][0xf9]033[0xc3]s[0x86][0x5]r[0xe7][0x3]i[0xaa][0x16][0x11][0xdd][0xa8]}x[0xaa][0xa4][0x7][0xa4]c[0xfe]ik[0xf]"6ik[0xf][0xa2][0xce][0xa3][0xa9]=H[0xf3][0xae][0xb4][0xb5][0x7][0x91][0xde]hk[0xf]R[0xb7][0xba]2/[0xb5](=[0x13]|[0x81][0x10][0xe4][\n]"
05:47:29.262 [main] DEBUG org.apache.http.wire -  << "-[0xec][0x97][0xf8]x[0x16][0xe5][0x83][0xd6]%[0xc0][0xca] K[0xd0][0xae]Zbv\X"m[0xcf]C[0x1c][0xed][0xe]2M[0xc1])[0xbf][0xa4]$[0x7][0xb3][0xe4]s[0xce][0x7][0x1d][0xef]W[0x2][0x92][0x80][0xda]fn[0xe][0xca][0x88][0xc4][0xd9][0x86][0xa8][0x8d][0x83]sRS[0xb3][0x15][0xdc][0x8b][0x12][0xf3]2KR[0x15][0xc2][0x13]srRK02/[0xec][0x8c]yD[0xd9]bb[0x0][0xda]fN[0x9c]e[0x88]`[0x1c]bU[0x90][0x89])[0xbd][0x8e][0x97]615@[0x14][0x6]4?T[0x5]if[0x7][0x8f]][0x88][0xc8]&[0xb6]7ob[0x8a]4/[0x82][0xc7]dx]@[0xc1]X[0x94][0x89][0xa9]![0xa2]X[0x83]T;4[0x1a];41E[0x1a][0x17][0xc5]>9[0x81][0x8]*z[0xb5][0x5]LL[0xe9]5tjbJ[0xaf][0xfb][0xda]ML[0x91]NI[0xa6]i[0x94][0x1a][ [0xed];[0xa3][0xb5]Mt[0x1b][0x19]@[0xda][0x90][0xe5][0x98]Z[0x94][0x9f]R[0x99][0x97][0x8][0xba] [0x4]v[0xf1]][0x8][0xe8][0x6]:[0x8c][0xa2][0xdd][0xb5][0xa2] 5%[0xb3]$Q[0xa1][0xb4][0x4]t[0xac][0xb3]Br~QA~[0x11]y[0xe7]:[ ][0xb][0x1d][0x8c]Tc[0xfa]d[0xe6][0xa5][0xe6])8%[0xa6]c[0xda]^\[0xa2][0x90]ZT[0x94]_[0xa4][0x90][0x97][0x99][0x91][0x99][0x3]rAf[0x89]Bqf^[0x89]BQjQi[0xae]BiNN"Y[0x7][0xce]Z[0xd0]m[0xd3][0x98][0x85][0x9][0xa2]=B[0xe3][0xb4]D[0xb7]c`-[0xe8][0xb6][0x11][0xce][0x82]n[0x7][0xce]Z ][0x89]:[0xc4][0x1a]"[0xc6][0x16]H;[0x18][0xa0]il[0xb0][0xf6]Q1[0xb7]5`[0xba][0x14]Q_[0xd2][0xad][0x8f][0x8a][0xd4][0xe2][0xcd][0xcf][0xab]T[0xa0][0xdd]D[0x9][0xe6][0x81][0x8e][0x98][0xfe][0xc7][0xd7][0x0][0xa2]W[0xb][0xc2][0xd8][0x2][0xe9][0x84].[0x9c]ij[0x0]b[\n]"
05:47:29.263 [main] DEBUG org.apache.http.wire -  << "1[0xea][0x83][0xd3]U[0x83]$[0xfc][0x10][0x1d][0x1b][0x9c].[0x1d][0x80][0xf0]Ct$[0xb0]7V[0x7]v%[\r][0xa8][0xdb]8[0xd8][0xb6]bY m[0xc7][0xa0][0xe9][0x88][0x2][0xe6][0x95][0xa2][0x83][0xb5]l@[0xda][0x1]2[0x88][0xd2][0xb6][0x5]F[z[0xd0][0x86][0x1f][0xc6],[0x1d][0xa6]K[0xe9]_6 [0x1d][0xa1]E[0xd3]t[0x8e]|[0x80][0x16]x|[0x9]6[0x80][0xa4][0x10][0x9e]X[0x92][0x9c][0x81][0xd1][\r][0xf0]IM,[0xc9]HE:[0xab][0xc4][0xc2][0x8][0xb4][0x7][0x9d][0x98][0xe1]%[0xb][0xa4]U[0xf8][0x90][0xb1][0xac][0xf0][0xfc][0xfc][0x1c][0xe2][0x7][0xb2][0x8c][0x8c]@%[0x12]q6![\r]8 [0xf5]n[0x82]3s[0xb2][0x15][0x9c][0xb1]^[0xad][0x1][0xb9]w[0x3][0x11][0xcf]FF[0xa0]1lb,[0xb3]DZ[0x93][0xee][0x6]?Y[0x6]b[0x9e][0x82]s>[0x96]S[0x84][0x83][0xf3]sJK[0x12][0x15]RK[0x14][0x92]K[0xb]2A][0xba][0x92]T[0xa4]#f[0xf0]_u[0x84]4[0xcc]n[0x89]<[0xe6][0x85][0xe4]M[0xe7][0xfc][0x82][0x82][0xd4]"[0x5][0xef][0xbc][0xcc]4[0xd0][0xa0]#[0xea][0xb8];[0xc4]a[0x8][0x8f]ZX[0x82]:[0xd8][0xc4]y[0x14][0x91]S[0x86]Z[0xab][0xdc][0x12]i[0x85]8$[0xed]A[0x8f][0xfe][0x9]H[0xcc]+[0xc1][0x9c][0x2][0x9]*MJBN[0xe4][0xa6]f[0xa0][0xcb][0xbf][0x89][0xb]$D[0xa5][0xe][0xb1][0x8][0x9e][0xa1][0xb0][[0x5][0xed][0xf3]#"[0xc4][0xd2][0x2][0xb4][0xea][0x82]8[0xbb][0x10][0xc9][0x1c]y[0x18][0x1]n[0xa3]wjeR~bQ[\n]"
05:47:29.263 [main] DEBUG org.apache.http.wire -  << "[0xe1]\l[0x6]>[0xff][0x8b](K[0x91][0xd6]{[0xf][0xb9]T[0x80]t[0xf6]vpnbN[0xe][0xd2][0x95][0xac]XK[0x5],[0x91][0x3]JH[0xc4][0x85][0x13]b[0xac][0xc1]3[0xaf]$5''3=5[0xaf]D[0x1]2[0xc2][0x82]=-[0x80][0xe7]+[0x10])[0xc1][0xdc][0xc2][0xd0][0x94][0xb8][0x9]7K[0xa4][0x5][0xe5][0x1e][0xa9][0x89]e[0x95][\n]"
05:47:29.263 [main] DEBUG org.apache.http.wire -  << ".[0xa5]%[0x95][0x8][0xdf][0xe1]L[0x8][0xa0]y[0xb]d[0xb]AC1[0xc4][0xf9][0xe]Q[0xbf][0xc3]/(s[0xce]/)[0xc9][0xcf][0xc3]U[0xa0]C2[0x1c][0xc2]2[0x13]K[0xd0]@:q[0x96]![\n]"
05:47:29.263 [main] DEBUG org.apache.http.wire -  << "[0x1e][0xe4][0xc1]*[0x90][0xe3][0x15][0x9c]R[0xf3][0xb0]TS[0x98][0xa5][0x1c][0xe8]8e[0xe2],C[0xf4]j[0x2][0x8a][0x12][0x93]K2[0x93][0x13]s`[0xd7]2y`)[0xcd][0xa1][0x13]2[0x8][0x8f][0x99][0x1a][0x83]V[0x16][0x13]g[0x17]R[0xbf][0x4][0x9c][0x1e][0x3][0x12]A%7[0xf6][0xaa][0x17]=[0x0][0x8d][0x8c]A+e[0x89][0xb3][0x7]Q([0x5][0x95][0x82][0xa7][0xc6][0xa0]u[0x4][0xd6][0xfa][0x9]"[0x87][0xf0][0x90][0xa5])[0xf1][0x16]a/[0x91] [0xe5][0xa9][0x2][0xb6][0xe0][0x83]H!,32[0x1][0x1d][0xda]L[0x94][0xaf]@[0xc1][0xc][0xed][0xa0] [0xdd][0xa0][0x5][0xc9]`[0xd8]ky[0xf4] 43[0x6]e[0x1c][0xe2],Cdg[0x9f][0xcc][0xf4][0x8c][0x92][0xf2]T[0x10][0xa9][0x0]1[0x11][0xab][0xcf][0xc2][0xf3][0xf3]SR[0x91][0xe6][0x18]M-A+e[0x89][0xb3][0xc][0x91][0xbb][0x86]\[0x19][0x8b]<[0x7][0x1]N[0xd3][0xb0][0xf9]O[0x5][0xec][0x85][0x1e]F[0x19]kfajLd[0xb1][0x87]t[0xcf]$[0xbc][0x14][0x82]d!lI[\r][0xa3][0xed]j[0x4]>8[0x9e][0xb8][0x18]A[0xe4]T[0xd7][0xbc][0xfc][0xa2][0xdc][0xfc][0xd2]bD[0xf1][0x8a][0xdd]c[0xe8][0xd9][0xc8][0xc8][0x2]t[0xe6]/q[0xb6]![0xf2]+r[0xc5][0x8e][0xdb]k[0xa0][0x96]-"[0xf][0x11]~[0xa0]%[0xd2]2q[0xc7][0xf2][0xd4][0xe2][0xfc][0xdc]T[0x5]h1[0x1e][0x9c][0x91]Y[0x84]9[0xbf][0x8c]VEYX[0x12]{ "8[0xf1]Cs+b[0xde][0x1c][0x9e]6p[0x14]D[0xa0][\n]"
05:47:29.263 [main] DEBUG org.apache.http.wire -  << "[0x5][0xe1]/[0xb][0xb][0xd0][0x82][0xf][0xa2]B[0xd0][0x18]1[0x8a][0x88][0xb0][\r]ZT+[0x4][0xe4]$[0x82][0xa7][0xe3]Q[[0xc6][0xa0][0xea][0x4]a[0x97][0xb1]1h[0x1f]8qv![0x8a][0x6]h[0xe9][\n]"
05:47:29.263 [main] DEBUG org.apache.http.wire -  << "[0xc9][0xfa]8[0xec][0xc1]H[0xf0][0xe6][0x86][0xa0][0xd1][0x6][0xe2][0xac]B,[0x12][0x83]'Ch[0xb2]V[0xc0]z[0x8a]%[0xd4][0xcb][0x8]Y[0x18][0x12][0xdd][0x94]E[0xba][0x8][0xd0][0xa5][0xb4][0x8]4'[0x85]H[0xf2][0xd8][0xab]]P[0x87][0xe]a[0x95][0x19][0xf1]+[0xf][0x90][0xce]B[0x1c]r[0x5][0x1e][0xd2]d[0x1e]r[0xcd][0x0]O[0xda]8.lEMn[0xa6]&[0xa0][0xb9])[0xe2][0xd2][0x0][0xa2][0x8e]E[0xb6][0xf][0xde][0xea][0xc7]V[0xf4][0xa1]F[0x8c][0xa9]![0xe8][0xb4]s[0xa2],C[0x9a]'D[0xb6][0xc][0x9a][0xc0][0xb1]/[0xad]A[0xaf][0xd2]M[0xc]Agc[0x10]g[0x1d]"[0xdb]"U[0xe9][0xe0]B[0x7][0xc7][0xed][0xbb]`9D[0x9a]32[0x6][0x1d][0x15]J[0x9c]][0x88]l[0x8b]d[0x17][0xb4]B[0xc7][0xde]~[0x80][0xc5])[0xc2]>c[0xf0]!a[0xc4][0xd9][0x87][0x94]w[0x8b][0xd2][0xf3][0xf3][0xf2]AS[0xbe][0xf0][0xc2]6?[0x15][0xb3][0x1b][0x8a]Z[0xaa][0x9b][0x1b][0x82][0xae]9![0xce]*D[0xfb][0x1][0xb9][0xc1][0xc][0x8d]5[0x1c][0x9][0x4][0xa5][0xb1]bfItzD[0x9a][0x16][0x84]_[0x98][0xc][0xa9][0xa9][0xb0][0xb7]c[0xd1]c[0xcc][0x4]4[0x82]I[0x9c][0xb7][0x10]MsH[0xf7][\r]Z[0xba][0xe1](h[0xa1][0xb2][0x88][0xc8][0xb2]4[0x5][0x9d][0xe8]F[0x9c]U[0x88][0xfa][0x1e]cP[0x7][[0xf8][0x81][[0x9d][0x8][0x9b][0xcc][0xc][0x88][0x1e]UA[0xde][0xf3][0x2][0x1e][0x81][0x83][0xb4][0x1b][0x88][0xf5][0x93][0xb1])[0xe8][0xa4]a[0xa2][0xfc][0x84][0xb4]od[0xc8][0x15][0xb2][0xa0]1[0x11]h[0xeb][0x1]:[0xca]M[0xa3][0xed][0x87][0x96][0xa0][0xc6]'[0xd4]&[0xe4][0x12][0xf]Zk+[0xe0]([0xcd]![0x91][0x86]H[0x0][0xa6]&[0xa0][0xc1]9[0xe2][0xa2][0x5][0x91]Y[0x11][0x1d]NX[0xa5][0x8e][0xbd][0x1c][0xc2]H[0xd9]&[0xa6][0xa0]-[0x7][0xc4]Y[0x87][0xe8]L#[\r][0x15][0x80]j#[0x1c]#[0x86]P[0x9f]#[0xfc]fdH[0xec]B`K[0xd0][0xd8]0[0x96][0xc0][0x4][0x17][0x1]8[0xfa][0x3][0xa8][0x85][0x9e][0x91][0x19][0xd1][0xcd]0[0xa4][0xad])[0xd0]f[0x18][0xbc]J[0xc][0xce][0xc0]Z[0xbc][0x96][0xa4][0x82]/i[0x81][0xae][0xca][0xb4]4[0x5][\r]m[0x11][0x17][0x86][0x88][0xf6]9[0xd4]*H[0xfc][0xe3][0x18]\[0x6]{[0x17][0x11]~&[0x86][0xa0]Y,[0xe2],[0xc2]^[0xd7][0x83]c[0xb]{[0xe5][0xb].y[0x91][0xec]"[0xbe][0x19][0xb]JA[0xd0][0xb8][0x82]w[0xa6][0xa0][0xde][0xc2][0xde][0xc1][0xc1]H[0x18][0x16]F[0xa0];F[0x88][0xf2][0x18][0xa8][0xdb][0x0][0xb5][0xc]yt[0xc][0xd4]N[0xc1][0x91][0xc][0xd1]JXKCPG[0x93]8[0xbb][0x10][0x15]=J[0x8e][0x86][0x8e][0xb5]`]G[0x8b][0x16]e[0xe6][0xe6][0xc4][0xfb][0xc][0x91][0x9d][0x91][0xf2][0x17][0xb4]Y[0x81][0xbd][0xd9][0x8c][0xe6]5[0x12][0x9a]g[0xa0][0x8c][0x8][\r][0xc6]!W[0xa4]cn[0xe6][0xa0]U[0x91][0x8e][0xb9][0x19][0x83]f6![0xf2]+[0x8d][0xab])[0xa4][0xc5];[0xb4][0x9c] [0xb4][0x4][0xad]T[0x87][0xa6]0[0xda][0xda][0x83][0xc8]6[0xb4][0xb5][0x7][0x11]C4[0xb5][0x7]T[0xc4][0xd3]#[0xdc]@[0xd3][0x94]P{[0x2][0x82][0x15]0[0xd3]uzbn[0xaa][0x82][0xa9]BqI"[0xd2][0xa4]-[0xfe][0x95]K[0xc8]S[0x8c][0xa0][0x9e][0x1b][0xd4]x[0x1a]'hP[0x97][0x94]>6[0x81][0x86][0xe1][0xe8]d[0x13][0xa2];K[0xe3][0xd0][0x3]UOt[0xf2][0x13][0xa2][0x1b]KS?[0x99][0x18] [0xcf][0xd6][0xd1]r%[0xa0][0x89][0x1][0xd2]f[0x8]Z[0xfb][0x89]~[0xa1][0x87](Pi[0xed]'D[0x8f][0x82][0xd6]6![\r][0x0][0xd0]8E [0xfa][0xff][0x99][0x1][0x19][0xf9]y[0xa9][0x86][0x98]W[0x1d][0x82][0xf7]G[0xa6][0xa6][0xc0].DEjt[0xe3]=[0x99][0x1c]Q[0xbc][0x9a][0x18] [0x1d][0xd7]D[0xeb][0xa0]C[0xd4]{4[0xb6][0x9]iZ[0x8e][0xd6]6[0xd1][0xa9]x510Bt!h[0xed]'[0xba][0x15][0x10]dm[0xe1]A$r[0xa2][0xb7][0x9a][0x19][0x80][0x6][0xa8][0xe8]Q7[0x99][0x18] [0x8d]V[0xe7]f[0xe6]dc[0xac]{A[0xb8][0x1e][0xdf]jv[0xe4][0xc][\n]"
05:47:29.263 [main] DEBUG org.apache.http.wire -  << "Z[0x10][0x1]u;[0xb5]LDD0][0x8e][0xb7]21@:[0x10][0xc8][0xb3][0x0]T[0x96])[0x18][0x1a]*[0x98][0x99]([0xa4]'a[0x4][0x10][0xbe][0xe5][0xda][0xc4]G8[0xd2][0xfd]7([0xb][0x9b][0x1][0x0][0x0][0x0][0xff][0xff]"
05:47:29.263 [main] DEBUG org.apache.http.wire -  << "[\r][\n]"
05:47:29.264 [main] DEBUG org.apache.http.wire -  << "16D[\r][\n]"
05:47:29.264 [main] DEBUG org.apache.http.wire -  << "[0xca],([0xc9][0xcc][0xcf]S[0xb2]RB[0xc4][0x3][0xfe][0x96]([0xf5][0xf6][0xbe][0x9b][0x18] [\r]E[0xd1].[0x14][0xa8][0xe8]`[0xf0][0xb8].4[0xe9][0x5]gW[0xe5][0xe7]+[0x84][0xe7][0xe7][0xa4]%g$[0x82][0x96][0x14][0xa0][0xce]\[0x6][0x97][0x14]%Vfg[0xa6][0x80]f[0x10][0xa0][0x83]Y[0x86]f[0xa0][0xad][0xa3]D[0xc][0x8f][0x98][0x98]"M[0x95][0x6]'[0xe6][0x16][0x97][0xe6][0xa5]+[0x4][0x1b][0x19]+[0x84][0xe6][0x94][0x14]%b$[0x10][0xf7][0xc4][0x9c][0xc4][0x8a]JD[0xfc][0x11][0x99][0x8f]LA[0xc3][0xe1]P[0xcf][0xc][0x9a]$a[\n]"
05:47:29.264 [main] DEBUG org.apache.http.wire -  << "[0x9a]*[0x82]:[0x8a][0xb0][0xcf][0x11]~&%l[0x91][0x1a]a[0x4][0xc3]6#[0xb3]2[0x11][0x14][0xe2][0xd0]($:h[0x11][0x8d][0xa2][0xc1][0x13][0xb4]H[0xfb][0xdf][0x6][0x91][0xa3][0x90]b[0x83][0xa6][0xcd]GS[0xa4]9[0xb1]A[0xe4][0xfd][0xc1][0x98]P[0x90][0xe]b[0x1b]<![0x85]4S6[0x88][0x1c][0x85][0xd4][0xcd][0x2]O[0x14]B[0xc7][0xdf][0xb1].>s[0xad]H-J[0xce],I[0x4]U[0xb8][0xa9][0xb9][\n]"
05:47:29.264 [main] DEBUG org.apache.http.wire -  << "[0xb9][0x89][0xe9]y[0x99][\n]"
05:47:29.264 [main] DEBUG org.apache.http.wire -  << "[0xf9])[0x99]%[\n]"
05:47:29.264 [main] DEBUG org.apache.http.wire -  << ")[0xf9]9[0xf9]Ed,771E[0xaa]A[0x7]O[0xa8] [0x1d][0xf9]D[0xd3][0x96][0xb9][0xb1][0xa5]9"[0xfb][0xd0]t[0xe4][0x10][0xb4][0xfe][0x11]Z+[\r][0xb9]1}[0xd0]T>[0xd4][0xed]4[0x19][0x8d]D[0x14][0xe0]41[0x1e][0x91][0xc3]hb<bL[0x81][0x16][0xc6]#m[0x19][0xa2]qN[0x0][0xad]C[0x81][0xc6]2[0xad]mB[0xe4]9Z[0xdb][0x84][0x88][0x1c]Z[0xdb][0x84][0x98]<[0xa6][0xb5]Mt[0x1b][0xf3]A:[0x14][0x89][0xa6]~21@[0xba][0x96][0x84][0xd6]6[0xd1]m[0xcc][0x7][0xe9]f[0x10]Z[0xfb][0x9]Q[0x80][0xd2][0xda]&DY[0x8a]a[0x13][0x0][0x0][0x0][0xff][0xff]"
05:47:29.264 [main] DEBUG org.apache.http.wire -  << "[\r][\n]"
05:47:29.265 [main] DEBUG org.apache.http.wire -  << "1B7[\r][\n]"
05:47:29.265 [main] DEBUG org.apache.http.wire -  << "[0x82][\r][0x3]Pg[0xb4][0x1][0xb4]#[0x7]Z[0x1a][\r][0xb1][0xfa][0xd2][0xc4][0xc0][0x0]Q[0xea]`oR[\r][0xe4][0x16]p[0x13][0x3][0xd0][0x18][0x2]4h[0xb1];[0xf][0xd1])[0xa6][0xdf]@[0xe]h[0x95][0xe][0xd4]QC.[0xbe]A[0x1b]i[0xa0]n'>W [0x2][0x99][0xf8]!8[0xd0][0xe2][0x18][0xfa]X[0x84][0xa8][0xa1][0x87]^l [0xea][0xc7]![0xe7]v[0xd0]^"[0xba]D0[0xf2][0xf0] [0xd1][0x83]&[0xe4]$Y[0xa4]!B*[\r][0xb5]#[0x8d][0xef]Q[0xcb]DD[0xfd]I-[0x13][0xc9][0xa9]'[0xc9][\n]"
05:47:29.265 [main] DEBUG org.apache.http.wire -  << "^DF[0xa5]m[0xd1]3t[0xf7]r[0x98][0x18] [0xed][0xe5][0xa0][0xd7][0xe4][0xc][0xa2][0x95]I[0xbd]i[0x9]S[0x1d]%[0xe7][0xc4][0x92][0xd4][0xf4][0xfc][0xa2][0xcc][0xd4]b%[0xab]h[0x94][0x19]-D[0x82][0xb][0x8]6[0xc1][0x18][0xe0]/(6QHJ,[0x2]][0xba][0x3][0x1d][0x87]6&[0xf6]|f[0x13][0x3][0xa4]+"h[0x9b][0xc6]L[0x10]}([0xea]w[0xa5]M[0xc][0x90][0xd7][0xe4][0x13]][0xe6]![0xcd][0xbe][0x10]_O#[\r][0x12][0x1f]b[0xe4][0xd9]D[0xe1]d9[0x91][0xd3][0x11][0x6]H+[0xf5]a[0xbb][0xc6] [0xbb][0xb1]q[0xac][0xeb][\r],[0xcd]LTH[0xcd]/V([0x82][0xc]V*[0xe4][0xa5]&[0xa7][0x16][0x17][0x83][0xc7].[0x93]J[0x8b][0x15][0xd2]J[0xd3]3[0x13]K[0x14][0x12][0xf3]2s3[0x91][0x86]-[0x8d]@]Nb[0xe6][0xb7][0xc][0x90][0x16][0xf4][0x93][0x15][0xc4]D{[0x1c][0xd1][0x96]'[0xcb][0x1e][0x12][0x12][\r]"[0xf5]#[0xed]\[0x82][\r][0x7][0xe3][0xd8][0xa1][0xe0]Z[0xa1]PX[0x9a][0x98]Z[0x94][0x8]:=[0xb2][0x8][0x1c][0xbc][0xc5]H[0xe1]I[0xec][0xa9]#&[0x6][0xa6][0x88]V[0x13][0x8d][0xfd][0x89][0xb4]"[0x1d][0xbe][0xb3][0x8][0xbc]0[[0xc1]9?[0xb7][0xa0][0xb4][0x4]|D[0x7][0xea]T[0xa8]cqAjQf~Qj1[0xe4]l[0xca][0xfc][0xe4][0xe4][0xc4][0xd4][0xe4][0xc4][0x92]L[0x85][0xc2]R[0xf2][0x92][0xf][0xf2]Ju[0x9a][0xcd][0x9e]Sq[0xde][0xd8][0x0][0xb4][0xc7][0x9][0xda]2[0xa4][0xe5][0xd2]%3DS[0x88]\k[0x0][0x0][0x0][0x0][0xff][0xff]"
05:47:29.265 [main] DEBUG org.apache.http.wire -  << "[\r][\n]"
05:47:29.266 [main] DEBUG org.apache.http.wire -  << "2F2[\r][\n]"
05:47:29.266 [main] DEBUG org.apache.http.wire -  << "J,[0xc9][0xcc]K/V[0xb2]B[0xbf]u[0x15][0xb9][0xba]2CTW4[0xb5][0x6][0xa9]u[0x84]t[0x94][0xe]x[0xa3][0x5][0x8e][0xc][0xe5]X[\n]"
05:47:29.266 [main] DEBUG org.apache.http.wire -  << "[0x9d]LI[0xcd]U(J-H[0xcd][0xc9]I[0xcd]K)E[0xce]S[0xc4][0x97]QH+[0xd4]=[0x3]<[0xfc][0xfd]\[0x15][0xc]M[0x15][0x2][0x82][0xfc]1[0xaa]g[0xf]W?[0xf7][0x0]?D[0x3][0xd0][0x4]T[0x83][0x10][0x17][0x92][0x88]|K3;[0x90]V[0xa5][0xd3][0xce][0xe]DEF[0xc3]y[0x18][0x13][0x3]s[0xc4]B[0x1d][0xda][0xda][0x83][0x94][0xc2]iwy[0x86][0x89][0x1]h[0xdf]7[0xac]\[0xa0][0xa5]=[0xa0]S[0xba][0xa0][0xf6][0xd0][0xb8]~@ZcO[0xb3][0xd4][0x6][0xda][0x9a][0xf][0xf5][\r][0xed][0xec]@[0xa4]4[0xda][0xd9][0x81]([0xae][0x7][0xcf]P[0x1e][0xd2][0xe6][0x5]Z[0x16][0xee][0xa0]S#[0xa0]q8x[0xfc][0x8e]t[0x7][0x7][0xce]l[0x82]([0xe6][0x89]o[0x1c][0xd2]k'[0x80][0x89][0x81][0xe5]`LR[0xc8][0x7][0x1a][0x12][0xdd]u#+[0x9c][0x11][0xcd][0xfd]A[0x94][0xa8][0x10]u<[0xce]D[0x85]1[0xeb]B[0x86][0xef][0xc1][0xbd][0x85][0xc1][0x96][0xa5][0xc][0x91]Nb[0xa4][0xb1][0xef][0x11][0x5]6[0xf1][0x16][0x91][0xd3]k7[0x4][0xed]"[0x1f]|[0xe1][0x8c][0xd4]X&:[0x8f][0x91][0xe7]}D&[0xa3]U[0xcd]h[0x8]:[0x86][0xe][0x1a][0xc4][0xb4][0x8e]LD[0xee][0xc]([0xca]O)M.Qp,[0xcd][0xc9]LT[0xc0][0xdc][[0x92][0x99][0x97][0x9][0xdb]W[0xa2][0x90][0x8]W[0x3][0x1d][0x91]#rD[0xc2][0x10]i[0xa6][0x8c]>[0xf6]!Z[0xe6]4[0xe]I[0xa4][\r][[0xf4][0xf1][0x19]"[0xc3][0xd3][0xc7]>D[0xd5]J[0x1f][0xfb][0x10]}[0x10][0xfa][0xd8][0x87](A[0x9c][0x8a][0x12][0x93]S[0xb1]]e[0xe5][0x9b][0x98][0x92][0xaa][0x90][0x9f][0xa6][0x90][0x91][0x99][0x9e][0x1][0x1a][0xba][0xca][0xc9],[0xa9]T(HM,[0xca]A.J@[0xbb][0x8d][0x88][0xe9][0xfe][0x1a][0x1a]"[0x8a][0x12][0x97]0[0x17][0x5][0xef][0xcc][0xdc][0xd4][0x92][0xe2]R[0xd0]%[0xdb][0x91][0x89][0x99]I[0xa0]u[0xd7][0xa8]#I[0x88]Z[0xd1][0xd0][0xc8][0x0]u[0x8][0x1c][0xcf][0xf0][0xba]![0xd2][0x8e].[0x90]5[0xbe][0xa5][0xe9][0xa9]y[\n]"
05:47:29.266 [main] DEBUG org.apache.http.wire -  << "!E[0x89][0x99][0x98][0xcb][0xf6][0xf1][0xd8][0x80]gD[0xc4][0x10][0xe9]6%[0x1a][0xd9][0x0][\n]"
05:47:29.266 [main] DEBUG org.apache.http.wire -  << "Sh[0x89]H+[0x1b][0x10]%[0x5][0xad]l@[0xcc][0xab][0xc][0x9a][0xe6][0x99]![0xd2][0xf4][0xff] r[0x14]"/[0xe]"G![0x86][0xb8]i\[0x95] [0x9d][0x80][0x88][0xdd][0xfb][0x3][0xba][0x4][0xc7][0x10]i[0xfa][0x1d][0xbb][0xf3][0x10][0xa5][0x8][0xdd][0x96][0xe0][0x18]"M[0xd5]cw[0xd4][0x0][0x87][0x19][0xa2][0xf6][0xc4][0xee][0xbc][0x1][0x9]3D[0x15][0x9b][0x9e][0x98][0x9b][0x99][0x87]y[0xc5]VZ~[0x91][0x2]DJ[0xa1][0xa0][0xb4][0xa8] [0xbf][0x18]|$[0x1c][0xb4][0xcd]G[0xf4][0x0][0x80][0xa1]1"?[0xd3]8[0xeb] [0xcd][0xf4]+`[0x8c]Tct3[0x91]kmb7H[0x1b]"M[0xc8][0x93][0xe5][0x19]b[0x9b][0xca][0xc6][0x88][0xa6]9Y[0xf6][0x10][0x1f]=H{Tim[0x13][0xa2][0x92][0xa5][0xb5]M[0x88][0xca][0x96][0xd6]6!r[0x11][0xad]m[0xa2][[\r][0x84][0xb4][0xdb][0x88][0xb0][0x9f][0xc0][0x87][0xe][0x10][0x9d][0x95][0xa8]8[0xaf]h[0x88]4[0xb1]O[0xd8][0x99][0xb0][0xfb]B[0x11]%-[0xf1]9[0x84][0xd2][0x9]{[0x12]l[0xa2][QI[0xb7]IsC[0xa4]Is[0xe2][0xa3][0x89][0xe8][0x4][0x85]45k[0x88]43[0xe][0xb5][0x9][0xcb]r[0xa2][0x9c][0xc4]J[0x85][0xf2][0xcc][0x92][0xc][0x85][0xac][0xd4][0xe2]bPo[0xb][0x9c][0x80][0x11][0xc9][0x2][0xa3][0x5][0xc5]:D![0x3][0xa9]%1[0xaa][0x1c]*U[0xa0]H[0x13][0xe8]CmY[0xa8]!"
05:47:29.266 [main] DEBUG org.apache.http.wire -  << "[\r][\n]"
05:47:29.267 [main] DEBUG org.apache.http.wire -  << "682[\r][\n]"
05:47:29.267 [main] DEBUG org.apache.http.wire -  << "[0xd2]t94N0[0x8f][0x84][0x82][0xd7][0xcc][0xe0][0xa8] :[0xea][0xa9]Y[0x96] [0x9d][7[0xa8][0x9d][0x89][0x18]3[0xc0][0xde][0x90][0x1c][0xd8]v.[0xe6]U[0x93]Dg@[0xa4]X'>[0x7]"[0xcd][0xee]c[0xf][0xe]b[0xb3]55[0x93][0x92]9F+[0x87][0xe8]@ [0xd6][0xb9][0xc8][0xa5][0x10][0xd2]yxC[0xae]p@Z[0xd1]0[0x98]s[0x1d][0xe6][0xbd][0x9c][0xb4][0x8d]QR[0x9a][0x94][0x3]Wd"m?[0x1e]z[0x9][0xf]Q[0x8e][0xe][0xea][0x84]GJ[0x93][0x0]S[0x2][0xa2][0xaf]:[0xe4]R[0x2]I[0x8b][0x83][0x6].[0x88][0x91]V[0x16][\r][0xe6][0x4][0x8b][0xb4]8i[0xe8][0xa5][0x4][0xc4][0x94][0x1a][0xcd][0xa6]v-[0x10][0x3][0x81][0xd0]h[0xc4][0xbc][0xdb][0x13][0xde][0x1a][0x86]uY[0x89]n[0x1a]Q[0xb3][0x15]c[0x81]Q[0x9]a[0xba][0x14][0xd1]\[0xc1]7[0xaa]EUW![0xfa][0xc7][0x1e][0x5][\n]"
05:47:29.267 [main] DEBUG org.apache.http.wire -  << "a[0x99]e[0xf9][\n]"
05:47:29.267 [main] DEBUG org.apache.http.wire -  << "[0x91]FF[0x18][0xfd][0xae][0xdc][0xd4][0xdc][0xcc][0x9c][0xcc][0xec]L[0x85][0xe2][0x82][0xd4][0xe2][0xcc][0xb4][0xcc][0xec][0xc4][0xe2]L[0x85][0xca][0xc4][0xbc]t[0x85][0xc4][0x82]L[0xd0])l[0xd0]1Lc[0xd0]<[0x1a][0xb1][0xeb][0xf6][\r][0x91]VmA#[0x8f][0xa6][0xcd][0x0][0xcc][0x93]nik[0x1d][0xa2][0x10][0x87][0xfa][0xe]OG[\r]K[0xd2]$~[0x90][0x83][0xe8][0xe3]n[0xf1]u[0xd3][0x8d][0x89][0x1e][0xb1]%f][0x1b][0xbe]<G[0x82][0xc7][0x10][0x3][0x2][0x84][0x83]p[0xe0][0xea][0x12][0xd0][0x5][0x6][0xd0][0xd9]T[0xfc][0xce][0xa4]R[0xf8]c[0x94]yx[0x12][0xd6][0x0][0x86][\n]"
05:47:29.267 [main] DEBUG org.apache.http.wire -  << "F[0x81][0x87][0xc3][0x99]T[\n]"
05:47:29.267 [main] DEBUG org.apache.http.wire -  << "[0x15]DI[0x86]?[0x12]2[0x12][0x8b][0x15][0x6]0T[0x86]FC[0x19][0xe9]&g[0xec][0x3][0x1][0x3]:.[0x2][0xde]v[0x1][0xcd]q[0x83][0xd2]y[0x88]r[0xb][0xbb][0xf3][0x10][0x15]=[0xfe][0xb1][0x19]*V[0xf5]FHg[0x90]`w[0xd4][0x0]G)[0xa2][0xb8][0xc0][0xee][0xbc][0x1][0x9][0xb3]!Q[0xa8][0x18]![0x1d]22[0x88][0xcb]>#[0xa4]u[0x98][0xd8][0xa3]x`S [0xd2]bJ[0xc8][0xe5]c[0x90][0x9d][0x88][0xd8].[0x3]s[0xca]I[0xcc]K[0xc9],[0xc9][0xcc],VH.[0xcd])HTH[0xcd][0xcb][0xcc][0x5]mdMD[0xda]p[0x9]:[0x95][0x97][0x98][0x85]kFH[0xc7][0xe0][0xf][0xca]pA[0xf4][0xe3]h[0xb3][0x94][0xcb][0xc8][0x10][0xd1][0xa2][0x19][0x94][0x1]@l)@[0x95][0x96][0x8c][0x11][0xda]:F[0xea]/04BZ[0xc2]8[0x98][0xcb][0xb][0xa4]u[0x90][0xf8][0x9d]I[0x9d]pGZ[0x14]I[0x17][0xeb][0x10][0xd3][0x1a][0xbe][0xa0][0xc5][0xe0][0xc1][0xf9][0xc9][0xc9]X[0xf6];'[0xe7]'%*$[0x17][0xa5]&[0x96][0xa4][0xc2][0xd6][0x8b]#jBcb[0xfb][0xda]FH[0xe7][0xdb]S[0xc9]6C[0xdc]GP[0x18][0x19]![0x8a][0xc][0x1a][0x9c][0xde]`[0x84][0xb4][0xca][0x92][0xd4][0x98]"z[0xec][0x7]iJ[0xc8][0x8][0xf3][0xac]%[0xcc][0xb1][0x1b]|=^[0xfa]5[0xf2][0x90][0xee][0xcb][0x86][0x86][0xc][0xa6]K[0x11][0xc9][0x87]N[0xa3]LFD_D@[0xa5][0x8c][0x8c][0x18][0xe5][0x1f][0x8c][0xd5][0x9][0xd1][0x7];Q'4[0x90][0xd6][0x97][0xd2][0xa8][0xfa]FZ,J+[0x1b][0x10][0xe5][0xc9][0xa0][0x8c]QB}[0x97][0x81]m[0xd8]"[0xad][0xe2][0xa4][0xf6][0x81]@FH[0xcb]7[0xa9]o6)#[0xa8][0x3]6[0xa4]cD[0xb7][0xf5][0x9e]FHw[0x95]@KwS[0x85][0xe0][0x9c][0xcc]\[0x8c][0xf1]z|[0x95][0x11][0xd1][0xc3][0xaf]F[0xa0][0xb][0xa2][0x7][0xf1]([0x8b][0x9][0xa2][0xd7][0x0][0xb][\r][0xec][0x1]A[0x9d]r[0xd4][0x94]P&G[0xd4][0xab][0xf4][0xab][0xef]1W[0xe8][0xe1][0x18]d[0x5][0x8d]zR2[0xc9]`[0x84][0xb4]f[0x8e][0x1e][0xa1][0x8d]t[0xf8][0xcc]`,[0xf1][0x91][0x8e]AOIE\|[0xa3][0xa3][0x84]k[0x8b][0x19][0xbe][0xa6][0x16]rS[0x13]iB[0x93][0xca][0x6]#[0x92]/[0x8d]*i[0xa4][0xb3][0x1e][0xa8][0xec]t[0xc4][0x98][0xf9][0xa0]L[0xb][0x88]j[\n]"
05:47:29.267 [main] DEBUG org.apache.http.wire -  << "[0xbb][0xf3][0x6][0xa2]`@[0x9a][0x13][0xc4][0xee][0xa8][0x81]m[0x92] [0x9d]a[0x81][0xdd]y[0x3][0x12]f[0x88]V&[0xfe]"[0x8e][0xe2][0xc2][0xd4][0x12]Qua[0xf7][0xfe][0x0][0xc7][0xe]b[0xc0][0xb][0xbb][0xf3][0x6]$v[0x10][0xbd]:Z[0xc7][0xe][0xa1][0xc]=[0xa0][0xb1]c[0x8c]t@[0xfe][0xa0][0x89][0x1d]c[0xa4][0x93]9hS[0xbd][0x18][0x13]<(c[0x80]c[0x5][0x91]<i[0x15][0x0][0x88]dI#[0x1b][0x90]f@he[0x3]b[0xd0][0x93][0x6][0x3][0x83][0xc6]H[0xa7]F`[0xcf][0x1a][0x3][0x9b]F[0x6][0xf7]<[0x87][0xb1][0xe1] ,[0xf6][0x8d][0xb1][0xcc]U[0xd0][0xb0][0xcf]k[0x8c]4[0xe7]0[0x18]S[0x90][0x11]"[0xff]`w[0xde][0x0][0xd4][0xcc][0xc6]Hs[0xb]4*6[0x90][0xe6][0x13]<R[0x13][0xcb]*[0x15]\JK*[0x15][0xa0][0xa7][0xe][0x7][0xe4]$[0x96][0xa4]b[0xf4][0xfc][0x1d]KKRs[0xd1][0x8f][0x1a].J-*[0xcd]E[0x9a][0xa2][0x5][0x9f]rE[0xcc][0x1c][0xad]1[0xd2][0x94][0x83]cyjq~n[0xaa]B@bAj[0x91][0x82]s~b[0x9][0x86][0xe5][0xae][0xf9][0xc5][\n]"
05:47:29.267 [main] DEBUG org.apache.http.wire -  << "[0x99][0x5][0xc5][0xa5][0xb9][\n]"
05:47:29.267 [main] DEBUG org.apache.http.wire -  << "[0x99]%[0x89][0x85][0xa5][0xa9][\n]"
05:47:29.267 [main] DEBUG org.apache.http.wire -  << "9[0x89]I[0xf9]E[0x99][0xf9][0xc5][0x89][0xb9][\n]"
05:47:29.267 [main] DEBUG org.apache.http.wire -  << "[0xa9]`[0x81][0xd4][0x12][0xd0]tqf[0x9]9[0x8e]15F[0xf4][0xe5][0x6]M*0E[0x1a]e[0xa4]m[0xfb][0xcc][0x14]i[0xcc]q[0x10]y[0x1f]Q;[0xf][0x1e]G![\r]M[0xe]"G[\r][0xc2]2[0xcc][0x94][0xe0]X[0xe7][0x0][0x14][0xac][0xa6]H[0xa7][0xed][0xf][0xa2][0xe8]C4t[0x7][0x91][0xa3][0x6]c[0xee]C[0xda]O?xB[\n]"
05:47:29.267 [main] DEBUG org.apache.http.wire -  << "[0xe9][0xea]n[0xc7][0xd4][0xa2][0xfc][0x94][0xca][0xbc][0xc4][0xdc][0xcc]d[0x5][0xc8]Z'[0xa7][0xfc][0x92][0x92][0x1c][0xcc][0xba][0x14]TC[0xe6][0xe7][0xa5]BV9[0x81][0x97]:[0xe5]efd[0xe6]($[0xe7][0x17][0x15][0x95][0x16][0x94]dB[0xae][0x1c]M-V[0xc8]M[0x84][0x9c][0xcc][0x9e]J^[0xbd]f[0x8a]HZ[0xb4][0xad]B[0x8c][0x8]^[0xdf];[0xa0][0x1d][0x5]#[0x82][0x19][0x80][0x9d]G([0xb7][\r][0xac][0xf3][0x90][0x8e][0xdb][0xc0][0x9e][0xef][0x6][0xd8]y[0x88]a[0xc6]A[0xe9]<D/[0x10]&[0xa4][0xd2][0xb4][0xda][0xe0][0x1e][0xdc]G:[0xd6][0x3]{d[\r]@[0xbb][0xc0][0x88]n'[0x80][0x18]![0x1d][0xe3][0xe0][0x9b]_Z[0x8c]Y5[0xe0][0x9b]i&v[0xce][0xcb][0xc][0x91][0x4]hh[0x9][0xa2]n[0xa1]M'[0xd5][0x8][0xf3][0xb0][0x6][0x1c]s[0xb1][0xd4][0xc9]8Hg5Pw[0xba][\r][0xe9][0xbc][0x5]*[0x1b]Lh[[0xc4][0xc0][0x96][0xcb]H[0xa7][0x12][0xc][0x9e][0xac]n[0x8e][0xe8][0xea][0xd3]([0xd9]"[0x1d];[0x80][0xdd][0xdb][0x3][0x1c]+[0x88]|[0x8b][0xdd]y[0x3]Q[0x0][0x9b]#[0x1a]@4[0x8a][0x15][0xcc]m[0xf4][0x98][0xb]9[0xf1][0x95][0xbd]F[0x96][0x96][0xa8]G[0xda][0xe2]9p[0xd6][0x8]i3<[0xad][0xbc][0x83][0xc8][0xfa][0xd0]F[0x5][\r][0xbd]c[0x89][0xa8]O[0xa0][0x96][0xe1]([0x88])[0x9d][0xc7]5F[0xda]SE[0x9b][0x80]3F[0xba][0xfb][0x18]{[0xf2][0x1f][0xd0][0xdc]iL[0xf3][0xbd][\n]"
05:47:29.267 [main] DEBUG org.apache.http.wire -  << "[0xc6]Hk[0xaf]i[0x14][0xc4]Hk[0xa6][0x7]c[0x10][0x1b][\r][0xc2][0x2][0xd0]xp[0x9f][0xa9]k[0x8c][0xb4][0xe6][0x19]{[0x94][0xe]@[0xa5]a[0x8c][0xb4]L[0x9a]V[0xe7]a[0x18]#][0x88]K;;[0x10][0x8b]W`[0xc5]+-g[0xe4][0x90]&;[0x90][0xee]B[0xf4][0xc9][0xcc]K[0xcd][0xc3]q[0xe1]dX~NiAIb[0xb1]BYj^fb[0xae]BbNfaif[\n]"
05:47:29.268 [main] DEBUG org.apache.http.wire -  << "[0xce][0xa9][0x16][0x13][0xdc];Y[0x8c][0x91][0xce][0xda]u[0xcd][0xcb]/[0xca][0xcd]/-V[0xf0]M,J[0xca]I[0xc5]a[0xb9]g[0x8a]B[0x19][0xc4][0xfe][0x92]L[0xd0][0xed][0x96]e[0x99]%[0x89][0xa9][\n]"
05:47:29.268 [main] DEBUG org.apache.http.wire -  << "[0xc5][0xa5][0xc5][0xc9][0x99][0x5][0x99][0xb0][0xfb][0xe4][0x8a][0x15][0x12][0x93][0x14]r2[0x93]R[0x8b][0xf2]q[0xba][\n]"
05:47:29.268 [main] DEBUG org.apache.http.wire -  << "O[0x85]m[0x8c]4[0xd7][0xe2][0x99]W[0x92][0x9a][0x93][0x93][0x99][0x9e][0x9a]W[0xa2][0xe0]^[0x94][0x98][0x97]Y[0x92][0xaa][0x80]c[0x18]/[0xb0]4S[0xa1][0xb8]4[0xaf]D!7?'[0xb5][0xb8]$31[0x15][0xce]*[0xc6]q[0xc1][0x1d][0xf1][0x13]d([0x93]2[0x0][0x0][0x0][0x0][0xff][0xff]"
05:47:29.268 [main] DEBUG org.apache.http.wire -  << "[\r][\n]"
05:47:29.268 [main] DEBUG org.apache.http.wire -  << "584[\r][\n]"
05:47:29.268 [main] DEBUG org.apache.http.wire -  << "[0xf2][0x8f][0xc0][0xac][0xde][0x7][0xb6][0xa2]B[0x9a][0x9]qK[0xcc]+I,.[0xc9]LVp[0xce][0xcf]K.J-[0xc1][0x15][0x95]A[0x88];[0xff][0x14]RAi)[0xb5]D[0xa1][0xb0]4?[0x5]t[0xd3]d"t[0xcc]3[0x17]4[0xbb][0x97][0x98][0x92]Y[0x90]Y[0x9c][0x8c]|[0xfd]$j[0xc0][0xe1][0xb9]O[0xc0][0x18]iQ[0xf7][0xa0][0xc]8[0xc4]h[0x15]l[0xe2][0x13]:[0xef][0xea][0x9d][0x97][0x99][0x86]9 [0xe0][0x94][0x9a][0x8]J[0xf0][0xd0]<[0xa7][0x80]'[0xdb][0xe1]K[0xe0]Hk[0xbb][0x7]e[0xa0] [0xc6][0xc8]h[0xd4]([0x19][0xdc]#[0xc0][0xc6]H[0xf7]'[0xf][0xc6][0xf8][0x19][0xdc]#[0xc0][0xc6]H[0xe7][0x1f][0xfb]d[0xa6]g[0x94][0x94][0xa7][0x82]H[0x85][0xf0][0xfc][0xfc][0x1c][0x5][0xe7][0x8c][0xc4][0xcc]"[0x8c][0x5][0x5]>[0xa0][0xf5][0x3][0xa9][0xf0][0x9a]%[0xb5]X![0x9][0xbe][0x5][0x1d][0xa9][0x6][0x1]5[0xcb]@[0x93]5[0x84].]5F[0x9a][0x5][0xc2][0x1e][0x3][0xd1]@2[0xa5]y[0xae]2E[0xf4][0xc]s[0x13]3[0xf3][0x12][0xf3][0x14][0x12][0xf3][0x12]A[0xe7]W[0xa1].[0xdb]/.IM-[0xca][0xcc]KW([0xcf]HM[0xcd]A[0x4][0x5][0xd1][g[0x8c][0x91]f[0xb2][0xb0][0x87][0xef][0xc0][0xd6][0x86]H[0x3][0xc8][0xd8][0x9d][0x87][0xf0]3[0xdd][0xf6][0xb2][0x18]#[0xed]e[0xa1]Q[0xa1]j[0x86][0x18][0x85][0xa0][0x95][\r][0x88][0xda][0x92][0x9a][0xd7][0x1e][0xe1][0xd9]km[0x8c][0xb4]S[0xa6][0xb8][0xb4][0xb8]T![0xbb]4%Q!'3[0x11][0xb3][0x10][0x1]KC[0x13]<[0xf4][0xc0]6K[0x94]S[0xbf][0xf0]5S[0x90][0xce][0x9d][0xa6]m[0xd6]A[0x9a]r[0x80]v/[0xcc]0[0x8a]C[0xf8][0xc8][0x17][0xfa][0xae]?C[0xe2][0xb3]([0xd2][0xac][0x3][0xad][0x12][0x3][0xa2][0xe7][0xe][0xe]z[\n]"
05:47:29.268 [main] DEBUG org.apache.http.wire -  << "b[0x6]_[[0x9]i[0xde][0x81][0x9a]i[0xe][0x9f][0x95]Hs[0xf][0xd0]8[0xa2][0xd5][0x8][0x1b][0xd2]i[0xcc]4[0x8a]%[0xa4]3[0x93]i[0x19]KH[0xb3][0xb]4[0xb5][0x86][0xd6][0xf3][0x5][0xc6]H[0xf3][0x5][0xa0][0xb2]D![0xb1]2[0x11]s[0x3]*[0xd8][0x8b] iDE[0x82]Z[0xd4][0xe0]M][0x88]Z[0x9a][0xd6][0xa9][0xb][0x91]Ci[0x95][0xba][0x10]3[0x5]4[0xf6][0xb][0xd2] >[0xad]mBTr4[\n]"
05:47:29.269 [main] DEBUG org.apache.http.wire -  << "5[0xa4]][0x90][0xb4][0xf6][0xb][0xa2][0xcd][0x89][0xbd]%4[0xb0][\r]5[0xa4]3K[0xb1];[0xf][0x91][0xbf][0xe8][0xd7]P[0xb3]@[0xa4]i[0x1a][0xc5]?[0xd2][0xee]EZ[0xd9][0x80]X[0x84]J[0xaf]J[0x93][0xe0][0x9e][0xc7][0x81]Mj[0x4][0xf7]$[0xe2]Jj[0xc6]h[0xc3][0xa7]T<[0xb4][0xd0][0xd8][0x92][0xe6][0xd5][0x19][0xd2]u[0xe2][0xb4]Jj[0x88][0xea][0x8c]V6[0xd0][0xbc][0x1a][0x3]u[0x13][0xa0]GA[0xd0][0xc6][0xf]&[0xa0][0x93][0xac][0xa0]6[0xd0][0xb6][0xc8]7A[0xda]?[0x89][0xb4][0x99][0x4]:[0xa8][0x8f]}[0xf8][0xc5]5[0xb3][0xb4]X[0xa1] [0xb5][0xa8][0xb8] 393[0xb1]$[0xb3][0x18]4[0x4][0x8c]4[0xee][0x2]J[0xa6][0xc4][0x8c][0xbb][0x98][0xd0]|[0x9b][0xa4][0x9][0xcd][0xa7][0xa4]M[0x90]6b[0xba][0xe7][0x17][0xa5][0xa7][0x82][0xa6]D[0xc2][0xf3][0xf3]SR[0xf3][0x14][0x9c][0xb1][0xf4]:[0xfd]S2K[0x10]+[0x85]as#[0xa9][0xc8][0xdb]p@[0x8b][0xec][0x88][0xb]>Z[0x17][0x7]&H[0xf3][0xed][0xb4]N[0x86][0xb4][0xce][0xb4]&[0x6][0x88]z[0x1a][0xbf]_[0xa8][0xb2] [0xcd][0x84][0xe6][0xbb]GM[0x90][0xe][0xca][0xa4]Q)[0x84][0xb4][0x81][0x94]V6 [0x1a][0xcf]t[0x89][0x14]D*[0xc3][0xde][0x80][0x1c][0xd0]F[0x87][0x9][0xd2][0x99][0x8b][0xd8][0x9d][0x87][0xab][0xd1][0x81][0xde][0xa4]b[0xa3][0xc3]d0n[0xb2]4[0xc5][0x1c][0x16][0xa3][0xd1][0x90][0x8b])[0x96][0xc1][0x1d][0x1a][0xce][0xef][0x9b]"[0x8d][0xf0][0x4]8+[0xb8];[0xfa]z[0xfa][0xb9]c[0xc][0xf8][0x5][0x7][0xb8]z+xx[0xba]{ [0xd2][0x83]%[0xa8][0xc5]@L[0xad]a[0x8a][0xb4][0x96]. 1'[0xd1]'[0xdf][0x7][0xf3]2x[0x9c]#[0x8a]F[0x96][0x96][0xa0]E[0x15][0xc4]Y[0x84][0x18]_[0xa6][0xb1]E[0x88]%[0x18]t[0xea][0xbd][0x98]"[0xdd]_Bc[0xbf]![0x9a][0xcb]t[0xf2][0x9b][0x9][0xd2][0xbe]|[0xfc]e2[0xa5][0xb][0x6]M[0xc][0x11][\r][0x18][0xec][0xe5][0xdd][0xc0][0x16][0xc7]H[0xcb][0xf9][0xb0];[0xf][0x91][0xfd][0xe8]6[0xdc]`[0x82][0xb4][0xf9][0x9b]Fu2[0xd2][0xe6]n[0x1a][0xc7]?[0xd2]jFZ[0xdb][0x84][0x18][0xd8][0xc2]o[0x13]u[0x1a]HG[0xbc][0xd2]*[0x92][0x10]-[0x19][0xfc][0x1e][0xa2]8[0x93][0x82]f[0xd1][0xa1]]Q[0x1a][0xf9][0x85][0xe8]#`)[0xf6][0xb][0xd2]JH[0x1a][0x87][0x1a][0xd2][0xf2]F[0x98]M4l6[0x98][0x80]*e[0x1a]G[0x12][0xa2][0x92][0x85]y[0x8][0xa3]][0x2]o6Pr[0xb6][0xa2][0x9][0xd2][0x12]G[0xec][0xc5][0xee][0xc0][0xd6][\n]"
05:47:29.269 [main] DEBUG org.apache.http.wire -  << "H[0xab][\r][0x7][0xa5][0xf3][0x10][0xdd]\[0xec][0xce][0x1b][0x88]J[0xb]i[0xbd]![0x8d][0xca][0x10][0xa4]u[0x83][0xd0][0xe4][0x89][0xb9][0xe6][0x12]_[0xf2][0xa4]_[0x5][0x8e]t[0xb6][0x2]N[0x97]"[0xe2][0x8][0xdf][0xae]Aj[0xf6][0xf2]L[0x10][0x1d]q[0xec][0xc9]f`3[0x1d][0xd2][0xe]u[0x1a][0x9c][0x94]e[0x2][0xba][0x9c][0x84][0xb6][0xc5][0xe7][0xe0]^[0xc1]hBp[0x5]#"E[0xd2]/[0xa7][0x98][0x1a][0xe8](Ac[0x5]gN[0x19][0x1c]y[0x1a]i[0x85]%N[0x97]"B[0x90]^y[0x1a][0xe9][0xc4][\r][0xb7][0xd2][0xa2][0xbc][0xcc][0x92][0xd2][0xa2]T[0x85][0x90][0xfc][0x2][0x8c]z[0x1b]![0x9b][0x92]X[0x94][0xa9][0xe0][0x95]Z[0x90]X[0x4][0x1a][0x14][0x80].[0x8b]2[0x4][0xa5][0xe]b[0xba][0xfc]&H[0xb])iT[0xce]#[0x9d];M+[0x1b]0[0xba][\n]"
05:47:29.269 [main] DEBUG org.apache.http.wire -  << "[0x94][0xd4]$4[0x9c][0xe]41E[0x8c][\r][0xc][0xa6]T[0x87][0xe8][0x99] [0xd2][0x15]MS[0x1d][0xd2][0xfa]M[0xaa]n[0xd1]6AZ[0x83][0x9][\r]`[0x1a][0x8d]2[0x9a][0x10]}[0x9e]8[0xc5]] [0xa4][0x5][0x92][0xb4][0xf6][0xd3][0xe0][0x1e][0xdd]AZ[0xf1]H[0xed][0xbb][0x1a]L[0xcc][0x10]y`0[0xb6][0xa6][0x90][0xc6][0xb4][0x7][0xa5][0xf3][0x10][0x3][0xc7][0x83][0xd2]y[0x88][0x9e]0v[0xe7]!jz[0xfa][0xb5][0x95][0x90][0xd6]![0xd2][0xa2][0x81]l[0x8e][0xa8]j[0xb0][0xfb]y`[0xbb][0x7]H'[0x10]`w[0xde]@D[0x9][0xd2]D[0xb]|[0xb3]$dS[0xb][0xb6]C2[0x1d][0x93][0x93]K[0x8b][0x13][0xf3]J2Ks[0x15][0xf2][0xb]J2[0xf3][0xa1][[0xea][0x8a][0x91][0x16]V[0xa0]n[0xa3]C[0x9f][0xf4]C[0xba]8[0xc1][0x14][0xe9][0xd4][0x92][0xe0][0xca][0xbc][0xd4][0xa2][0xf4]L[0xf0][0x16]?[0xe8][0xc2][0x84][0xe0][0x8c][0xfc]T[0xd0][0xd5]_[0xa8][0xfb]<\[0xc1][0xfb][0xf9]@{[0xfa][0xc8][0xb4][0x13][0x91]/h[[0xb3][0x98]"[0x1d][0x3]Bk[0x9b][0x10][0x8d][0xc1][0x80][0xa2][0xfc][0x94][0xd2][0xe4][0x12][0x5][0xc7][0xd2][0x9c][0xcc]D[0x5]c[0x8c]F4[0xe8][0xd6][0xba][0x2][0xa8][0x9a]D[0xb8][0x1a]h[0x13][0x1a]_[0x93][0x1f]%[0xde][0x10][0xf9][0x8c]>[0xf6]!**[0xfa][0xd8][0x87][0x18][0x9d][0xa2][0xa1]}[0xb1][0xb5]\[0x0][0x0][0x0][0x0][0xff][0xff]"
05:47:29.269 [main] DEBUG org.apache.http.wire -  << "[\r][\n]"
05:47:29.269 [main] DEBUG org.apache.http.wire -  << "A[\r][\n]"
05:47:29.269 [main] DEBUG org.apache.http.wire -  << "[0x3][0x0]L[0xb3][0xf9][0x85]q[0xbb][0x1][0x0]"
05:47:29.270 [main] DEBUG org.apache.http.wire -  << "[\r][\n]"
05:47:29.270 [main] DEBUG org.apache.http.wire -  << "0[\r][\n]"
05:47:29.270 [main] DEBUG org.apache.http.wire -  << "[\r][\n]"
05:47:29.270 [main] DEBUG io.restassured.internal.RestAssuredHttpBuilder - Parsed data to instance of: class org.apache.http.conn.EofSensorInputStream
05:47:29.274 [main] DEBUG org.apache.http.impl.conn.BasicClientConnectionManager - Releasing connection org.apache.http.impl.conn.ManagedClientConnectionImpl@eb5471c
05:47:29.275 [main] DEBUG org.apache.http.impl.conn.BasicClientConnectionManager - Connection can be kept alive indefinitely
05:47:29.364 [main] DEBUG net.thucydides.core.steps.StepInterceptor - STEP DONE: I receive valid login and product HTTP response code 200
  &amp#27;[32mThen &amp#27;[0m&amp#27;[32mI receive valid login and product HTTP response code 200&amp#27;[0m   &amp#27;[90m# starter.stepdefinitions.UserSteps.iReceive1ValidLoginAndProductHTTPResponseCode()&amp#27;[0m
05:47:29.377 [main] DEBUG net.thucydides.core.steps.StepInterceptor - STARTING STEP: UserSteps.iReceiveValidDataForRating - I receive valid data for rating
05:47:29.449 [Finalizer] DEBUG org.apache.http.impl.conn.DefaultClientConnection - Connection 0.0.0.0:60331<->149.248.193.56:443 closed
05:47:29.456 [Finalizer] DEBUG org.apache.http.impl.conn.DefaultClientConnection - Connection 0.0.0.0:60330<->149.248.193.56:443 closed
05:47:29.461 [Finalizer] DEBUG org.apache.http.impl.conn.DefaultClientConnection - Connection 0.0.0.0:60333<->149.248.193.56:443 closed
05:47:29.468 [Finalizer] DEBUG org.apache.http.impl.conn.DefaultClientConnection - Connection 0.0.0.0:60332<->149.248.193.56:443 closed
05:47:29.529 [main] DEBUG net.thucydides.core.steps.StepInterceptor - STEP DONE: I receive valid data for rating
  &amp#27;[32mAnd &amp#27;[0m&amp#27;[32mI receive valid data for rating&amp#27;[0m                             &amp#27;[90m# starter.stepdefinitions.UserSteps.iReceiveValidDataForRating()&amp#27;[0m
05:47:29.531 [main] INFO  - 
  _____   ___   ___   _____     ___     _     ___   ___   ___   ___  
 |_   _| | __| / __| |_   _|   | _ \   /_\   / __| / __| | __| |   \ 
   | |   | _|  \__ \   | |     |  _/  / _ \  \__ \ \__ \ | _|  | |) |
   |_|   |___| |___/   |_|     |_|   /_/ \_\ |___/ |___/ |___| |___/ 

POST - As admin I have be able to assign product rating
----------------------------------------------------------------------
]]></system-out>
  </testcase>
  <testcase name="POST - As admin I cannot assign product rating" classname="User" time="0.66">
    <system-out><![CDATA[
@TC-0010
Scenario: POST - As admin I cannot assign product rating        &amp#27;[90m# src/test/resources/api/user.feature:98&amp#27;[0m
05:47:29.539 [main] INFO io.cucumber.core.plugin.SerenityReporter - Running feature from file:///C:/Users/Lenovo/IdeaProjects/MiniProject/MiniprojectApi/src/test/resources/api/user.feature
05:47:29.539 [main] WARN io.cucumber.core.plugin.SerenityReporter - Feature from file:///C:/Users/Lenovo/IdeaProjects/MiniProject/MiniprojectApi/src/test/resources/api/user.feature is not under the 'features' directory. Requirements report will not be correctly generated!
05:47:29.541 [main] INFO  - 
  _____   ___   ___   _____     ___   _____     _     ___   _____   ___   ___  
 |_   _| | __| / __| |_   _|   / __| |_   _|   /_\   | _ \ |_   _| | __| |   \ 
   | |   | _|  \__ \   | |     \__ \   | |    / _ \  |   /   | |   | _|  | |) |
   |_|   |___| |___/   |_|     |___/   |_|   /_/ \_\ |_|_\   |_|   |___| |___/ 

POST - As admin I cannot assign product rating(user;post---as-admin-i-cannot-assign-product-rating)
--------------------------------------------------------------------------------
05:47:29.605 [main] DEBUG net.thucydides.core.steps.StepInterceptor - STARTING STEP: UserSteps.iSetPOSTApiEndpointsLogin - I set POST api endpoints login
05:47:29.605 [main] DEBUG net.thucydides.core.steps.StepInterceptor - STEP DONE: I set POST api endpoints login
  &amp#27;[32mGiven &amp#27;[0m&amp#27;[32mI set POST api endpoints login&amp#27;[0m                          &amp#27;[90m# starter.stepdefinitions.UserSteps.iSetPOSTApiEndpointsLogin()&amp#27;[0m
05:47:29.611 [main] DEBUG net.thucydides.core.steps.StepInterceptor - STARTING STEP: UserSteps.iSendPOSTHTTPRequestLogin - I send POST HTTP request login
05:47:29.613 [main] DEBUG net.thucydides.core.steps.StepInterceptor - STARTING STEP: PostLogin.iSendPOSTHTTPRequestLogin - I set POST api endpoints login
05:47:29.613 [main] DEBUG net.thucydides.core.steps.StepInterceptor - STEP DONE: I set POST api endpoints login
05:47:29.630 [main] DEBUG org.apache.http.impl.conn.BasicClientConnectionManager - Get connection for route {s}->https://altashop-api.fly.dev:443
05:47:29.630 [main] DEBUG org.apache.http.impl.conn.DefaultClientConnectionOperator - Connecting to altashop-api.fly.dev:443
05:47:29.728 [main] DEBUG org.apache.http.client.protocol.RequestAddCookies - CookieSpec selected: ignoreCookies
05:47:29.728 [main] DEBUG org.apache.http.client.protocol.RequestAuthCache - Auth cache not set in the context
05:47:29.728 [main] DEBUG org.apache.http.client.protocol.RequestTargetAuthentication - Target auth state: UNCHALLENGED
05:47:29.728 [main] DEBUG org.apache.http.client.protocol.RequestProxyAuthentication - Proxy auth state: UNCHALLENGED
05:47:29.728 [main] DEBUG org.apache.http.impl.client.DefaultHttpClient - Attempt 1 to execute request
05:47:29.728 [main] DEBUG org.apache.http.impl.conn.DefaultClientConnection - Sending request: POST /api/auth/login HTTP/1.1
05:47:29.728 [main] DEBUG org.apache.http.wire -  >> "POST /api/auth/login HTTP/1.1[\r][\n]"
05:47:29.728 [main] DEBUG org.apache.http.wire -  >> "Accept: */*[\r][\n]"
05:47:29.728 [main] DEBUG org.apache.http.wire -  >> "Content-Type: application/json[\r][\n]"
05:47:29.728 [main] DEBUG org.apache.http.wire -  >> "Content-Length: 48[\r][\n]"
05:47:29.728 [main] DEBUG org.apache.http.wire -  >> "Host: altashop-api.fly.dev[\r][\n]"
05:47:29.728 [main] DEBUG org.apache.http.wire -  >> "Connection: Keep-Alive[\r][\n]"
05:47:29.728 [main] DEBUG org.apache.http.wire -  >> "User-Agent: Apache-HttpClient/4.5.13 (Java/14.0.2)[\r][\n]"
05:47:29.728 [main] DEBUG org.apache.http.wire -  >> "Accept-Encoding: gzip,deflate[\r][\n]"
05:47:29.728 [main] DEBUG org.apache.http.wire -  >> "[\r][\n]"
05:47:29.728 [main] DEBUG org.apache.http.headers - >> POST /api/auth/login HTTP/1.1
05:47:29.728 [main] DEBUG org.apache.http.headers - >> Accept: */*
05:47:29.728 [main] DEBUG org.apache.http.headers - >> Content-Type: application/json
05:47:29.728 [main] DEBUG org.apache.http.headers - >> Content-Length: 48
05:47:29.728 [main] DEBUG org.apache.http.headers - >> Host: altashop-api.fly.dev
05:47:29.728 [main] DEBUG org.apache.http.headers - >> Connection: Keep-Alive
05:47:29.728 [main] DEBUG org.apache.http.headers - >> User-Agent: Apache-HttpClient/4.5.13 (Java/14.0.2)
05:47:29.728 [main] DEBUG org.apache.http.headers - >> Accept-Encoding: gzip,deflate
05:47:29.728 [main] DEBUG org.apache.http.wire -  >> "{"password":"123123","email":"someone@mail.com"}"
05:47:29.770 [main] DEBUG org.apache.http.wire -  << "HTTP/1.1 200 OK[\r][\n]"
05:47:29.770 [main] DEBUG org.apache.http.wire -  << "content-type: application/json[\r][\n]"
05:47:29.770 [main] DEBUG org.apache.http.wire -  << "date: Mon, 08 May 2023 22:56:20 GMT[\r][\n]"
05:47:29.770 [main] DEBUG org.apache.http.wire -  << "content-encoding: gzip[\r][\n]"
05:47:29.770 [main] DEBUG org.apache.http.wire -  << "transfer-encoding: chunked[\r][\n]"
05:47:29.770 [main] DEBUG org.apache.http.wire -  << "server: Fly/3f2597ca (2023-05-03)[\r][\n]"
05:47:29.770 [main] DEBUG org.apache.http.wire -  << "via: 1.1 fly.io[\r][\n]"
05:47:29.770 [main] DEBUG org.apache.http.wire -  << "fly-request-id: 01GZYS8ZKNN963EQBZC7QDK4TV-sin[\r][\n]"
05:47:29.770 [main] DEBUG org.apache.http.wire -  << "[\r][\n]"
05:47:29.770 [main] DEBUG org.apache.http.impl.conn.DefaultClientConnection - Receiving response: HTTP/1.1 200 OK
05:47:29.770 [main] DEBUG org.apache.http.headers - << HTTP/1.1 200 OK
05:47:29.770 [main] DEBUG org.apache.http.headers - << content-type: application/json
05:47:29.770 [main] DEBUG org.apache.http.headers - << date: Mon, 08 May 2023 22:56:20 GMT
05:47:29.770 [main] DEBUG org.apache.http.headers - << content-encoding: gzip
05:47:29.770 [main] DEBUG org.apache.http.headers - << transfer-encoding: chunked
05:47:29.770 [main] DEBUG org.apache.http.headers - << server: Fly/3f2597ca (2023-05-03)
05:47:29.770 [main] DEBUG org.apache.http.headers - << via: 1.1 fly.io
05:47:29.770 [main] DEBUG org.apache.http.headers - << fly-request-id: 01GZYS8ZKNN963EQBZC7QDK4TV-sin
05:47:29.771 [main] DEBUG org.apache.http.impl.client.DefaultHttpClient - Connection can be kept alive indefinitely
05:47:29.771 [main] DEBUG io.restassured.internal.RestAssuredHttpBuilder - Parsing response as: application/json
05:47:29.771 [main] DEBUG org.apache.http.wire -  << "AC[\r][\n]"
05:47:29.771 [main] DEBUG org.apache.http.wire -  << "[0x1f][0x8b][0x8][0x0][0x0][0x0][0x0][0x0][0x4][0xff][0xab]VJI,IT[0xb2]RJ[0xad][0xf4][0xca]HrO[0xce][0xf4][0xcf][0xf4][0xf2][0xc][0xad][0xf2]4[0xf4][0xcb][0xf4],[0xf6][0xcc][0xb]2Mv[0xf6]4[0xf3][0xcc].[0x88][0x8]s[0xf6][0xb2][0xd4]K[0xad][0xf4]rO[0x9][0xaf](N[0xca]u+[0x89][\n]"
05:47:29.771 [main] DEBUG org.apache.http.wire -  << "[0x6]K[0x94]%[0xba][0x9b][0xa4][0x7][0xb9][[0xe6]xf[0x96]g[0x6][0x85][0x1b]f$[0x86][0x97][0x83][0xc][0xa9]J22[0xcc]I22[0xcd][0x9]t[0x7][0x8b][0x95]F[0x1a]Y[0x96]x[0xe6][0x19][0xe8][0x85][0x97]9[0x5]W$[0x7][0xba][0x16][0x16][0xe6]e:[0x1b][0x96][0x19]X[0xf8]Te[0x17]y$[0xbb][0xfa][0xa4][0xa6][0x17][0x1b]$[0x99][0x97][0x95]d[0xb9][0x7][0x84]g&[0xba][0x86]'{*[0xd5]r[0x1][0x0]?[0x99][0xcf]j[0xa0][0x0][0x0][0x0]"
05:47:29.771 [main] DEBUG org.apache.http.wire -  << "[\r][\n]"
05:47:29.771 [main] DEBUG org.apache.http.wire -  << "0[\r][\n]"
05:47:29.771 [main] DEBUG org.apache.http.wire -  << "[\r][\n]"
05:47:29.771 [main] DEBUG io.restassured.internal.RestAssuredHttpBuilder - Parsed data to instance of: class org.apache.http.conn.EofSensorInputStream
05:47:29.773 [main] DEBUG org.apache.http.impl.conn.BasicClientConnectionManager - Releasing connection org.apache.http.impl.conn.ManagedClientConnectionImpl@557f0a39
05:47:29.774 [main] DEBUG org.apache.http.impl.conn.BasicClientConnectionManager - Connection can be kept alive indefinitely
05:47:29.795 [main] DEBUG net.thucydides.core.steps.StepInterceptor - STEP DONE: I send POST HTTP request login
  &amp#27;[32mWhen &amp#27;[0m&amp#27;[32mI send POST HTTP request login&amp#27;[0m                           &amp#27;[90m# starter.stepdefinitions.UserSteps.iSendPOSTHTTPRequestLogin()&amp#27;[0m
05:47:29.804 [main] DEBUG net.thucydides.core.steps.StepInterceptor - STARTING STEP: UserSteps.iSetUnmatchedPOSTApiEndpointsRating - I set unmatched POST api endpoints rating
05:47:29.804 [main] DEBUG net.thucydides.core.steps.StepInterceptor - STEP DONE: I set unmatched POST api endpoints rating
  &amp#27;[32mAnd &amp#27;[0m&amp#27;[32mI set unmatched POST api endpoints rating&amp#27;[0m                 &amp#27;[90m# starter.stepdefinitions.UserSteps.iSetUnmatchedPOSTApiEndpointsRating()&amp#27;[0m
05:47:29.812 [main] DEBUG net.thucydides.core.steps.StepInterceptor - STARTING STEP: UserSteps.iSendPOSTHTTPRequestPostRating - I send POST HTTP request post rating
05:47:29.815 [main] DEBUG net.thucydides.core.steps.StepInterceptor - STARTING STEP: PostProductRating.iSendPOSTHTTPRequestPostRating - I set POST api endpoints rating
05:47:29.816 [main] DEBUG net.thucydides.core.steps.StepInterceptor - STEP DONE: I set POST api endpoints rating
05:47:29.837 [main] DEBUG org.apache.http.impl.conn.BasicClientConnectionManager - Get connection for route {s}->https://altashop-api.fly.dev:443
05:47:29.837 [main] DEBUG org.apache.http.impl.conn.DefaultClientConnectionOperator - Connecting to altashop-api.fly.dev:443
05:47:29.960 [main] DEBUG org.apache.http.client.protocol.RequestAddCookies - CookieSpec selected: ignoreCookies
05:47:29.961 [main] DEBUG org.apache.http.client.protocol.RequestAuthCache - Auth cache not set in the context
05:47:29.961 [main] DEBUG org.apache.http.client.protocol.RequestTargetAuthentication - Target auth state: UNCHALLENGED
05:47:29.961 [main] DEBUG org.apache.http.client.protocol.RequestProxyAuthentication - Proxy auth state: UNCHALLENGED
05:47:29.961 [main] DEBUG org.apache.http.impl.client.DefaultHttpClient - Attempt 1 to execute request
05:47:29.961 [main] DEBUG org.apache.http.impl.conn.DefaultClientConnection - Sending request: POST /api/products/2/ratings HTTP/1.1
05:47:29.961 [main] DEBUG org.apache.http.wire -  >> "POST /api/products/2/ratings HTTP/1.1[\r][\n]"
05:47:29.961 [main] DEBUG org.apache.http.wire -  >> "Accept: */*[\r][\n]"
05:47:29.961 [main] DEBUG org.apache.http.wire -  >> "Content-Type: application/json[\r][\n]"
05:47:29.961 [main] DEBUG org.apache.http.wire -  >> "Content-Length: 11[\r][\n]"
05:47:29.961 [main] DEBUG org.apache.http.wire -  >> "Host: altashop-api.fly.dev[\r][\n]"
05:47:29.961 [main] DEBUG org.apache.http.wire -  >> "Connection: Keep-Alive[\r][\n]"
05:47:29.961 [main] DEBUG org.apache.http.wire -  >> "User-Agent: Apache-HttpClient/4.5.13 (Java/14.0.2)[\r][\n]"
05:47:29.961 [main] DEBUG org.apache.http.wire -  >> "Accept-Encoding: gzip,deflate[\r][\n]"
05:47:29.961 [main] DEBUG org.apache.http.wire -  >> "[\r][\n]"
05:47:29.961 [main] DEBUG org.apache.http.headers - >> POST /api/products/2/ratings HTTP/1.1
05:47:29.961 [main] DEBUG org.apache.http.headers - >> Accept: */*
05:47:29.961 [main] DEBUG org.apache.http.headers - >> Content-Type: application/json
05:47:29.961 [main] DEBUG org.apache.http.headers - >> Content-Length: 11
05:47:29.961 [main] DEBUG org.apache.http.headers - >> Host: altashop-api.fly.dev
05:47:29.961 [main] DEBUG org.apache.http.headers - >> Connection: Keep-Alive
05:47:29.961 [main] DEBUG org.apache.http.headers - >> User-Agent: Apache-HttpClient/4.5.13 (Java/14.0.2)
05:47:29.961 [main] DEBUG org.apache.http.headers - >> Accept-Encoding: gzip,deflate
05:47:29.961 [main] DEBUG org.apache.http.wire -  >> "{"count":4}"
05:47:30.004 [main] DEBUG org.apache.http.wire -  << "HTTP/1.1 401 Unauthorized[\r][\n]"
05:47:30.004 [main] DEBUG org.apache.http.wire -  << "content-type: application/json[\r][\n]"
05:47:30.004 [main] DEBUG org.apache.http.wire -  << "date: Mon, 08 May 2023 22:56:20 GMT[\r][\n]"
05:47:30.004 [main] DEBUG org.apache.http.wire -  << "content-encoding: gzip[\r][\n]"
05:47:30.004 [main] DEBUG org.apache.http.wire -  << "transfer-encoding: chunked[\r][\n]"
05:47:30.004 [main] DEBUG org.apache.http.wire -  << "server: Fly/3f2597ca (2023-05-03)[\r][\n]"
05:47:30.004 [main] DEBUG org.apache.http.wire -  << "via: 1.1 fly.io[\r][\n]"
05:47:30.004 [main] DEBUG org.apache.http.wire -  << "fly-request-id: 01GZYS8ZV0YJ4TKF5RY76WX6YR-sin[\r][\n]"
05:47:30.004 [main] DEBUG org.apache.http.wire -  << "[\r][\n]"
05:47:30.004 [main] DEBUG org.apache.http.impl.conn.DefaultClientConnection - Receiving response: HTTP/1.1 401 Unauthorized
05:47:30.004 [main] DEBUG org.apache.http.headers - << HTTP/1.1 401 Unauthorized
05:47:30.004 [main] DEBUG org.apache.http.headers - << content-type: application/json
05:47:30.004 [main] DEBUG org.apache.http.headers - << date: Mon, 08 May 2023 22:56:20 GMT
05:47:30.005 [main] DEBUG org.apache.http.headers - << content-encoding: gzip
05:47:30.005 [main] DEBUG org.apache.http.headers - << transfer-encoding: chunked
05:47:30.005 [main] DEBUG org.apache.http.headers - << server: Fly/3f2597ca (2023-05-03)
05:47:30.005 [main] DEBUG org.apache.http.headers - << via: 1.1 fly.io
05:47:30.005 [main] DEBUG org.apache.http.headers - << fly-request-id: 01GZYS8ZV0YJ4TKF5RY76WX6YR-sin
05:47:30.005 [main] DEBUG org.apache.http.impl.client.DefaultHttpClient - Connection can be kept alive indefinitely
05:47:30.005 [main] DEBUG org.apache.http.impl.client.DefaultHttpClient - Authentication required
05:47:30.005 [main] DEBUG org.apache.http.impl.client.DefaultHttpClient - altashop-api.fly.dev:443 requested authentication
05:47:30.005 [main] DEBUG org.apache.http.impl.client.DefaultHttpClient - Response contains no authentication challenges
05:47:30.005 [main] DEBUG io.restassured.internal.RestAssuredHttpBuilder - Parsing response as: application/json
05:47:30.006 [main] DEBUG org.apache.http.wire -  << "2D[\r][\n]"
05:47:30.006 [main] DEBUG org.apache.http.wire -  << "[0x1f][0x8b][0x8][0x0][0x0][0x0][0x0][0x0][0x4][0xff][0xab]VJ-*[0xca]/R[0xb2]R*[0xcd]K,-[0xc9][0xc8]/[0xca][0xac]JMQ[0xaa][0xe5][0x2][0x0]@[0x17]da[0x19][0x0][0x0][0x0]"
05:47:30.006 [main] DEBUG org.apache.http.wire -  << "[\r][\n]"
05:47:30.006 [main] DEBUG org.apache.http.wire -  << "0[\r][\n]"
05:47:30.006 [main] DEBUG org.apache.http.wire -  << "[\r][\n]"
05:47:30.006 [main] DEBUG io.restassured.internal.RestAssuredHttpBuilder - Parsed data to instance of: class org.apache.http.conn.EofSensorInputStream
05:47:30.010 [main] DEBUG org.apache.http.impl.conn.BasicClientConnectionManager - Releasing connection org.apache.http.impl.conn.ManagedClientConnectionImpl@6894d28d
05:47:30.010 [main] DEBUG org.apache.http.impl.conn.BasicClientConnectionManager - Connection can be kept alive indefinitely
05:47:30.011 [main] DEBUG net.thucydides.core.steps.StepInterceptor - STEP DONE: I send POST HTTP request post rating
  &amp#27;[32mAnd &amp#27;[0m&amp#27;[32mI send POST HTTP request post rating&amp#27;[0m                      &amp#27;[90m# starter.stepdefinitions.UserSteps.iSendPOSTHTTPRequestPostRating()&amp#27;[0m
05:47:30.022 [main] DEBUG net.thucydides.core.steps.StepInterceptor - STARTING STEP: UserSteps.iReceiveValidLoginAndProductHTTPResponseCode404 - I receive valid login and product HTTP response code 404
05:47:30.026 [main] DEBUG net.thucydides.core.steps.StepInterceptor - STARTING STEP: NPostProduct.iReceiveValidLoginAndProductHTTPResponseCode404 - I set POST api endpoints product
05:47:30.027 [main] DEBUG net.thucydides.core.steps.StepInterceptor - STEP DONE: I set POST api endpoints product
05:47:30.046 [main] DEBUG org.apache.http.impl.conn.BasicClientConnectionManager - Get connection for route {s}->https://altashop-api.fly.dev:443
05:47:30.047 [main] DEBUG org.apache.http.impl.conn.DefaultClientConnectionOperator - Connecting to altashop-api.fly.dev:443
05:47:30.146 [main] DEBUG org.apache.http.client.protocol.RequestAddCookies - CookieSpec selected: ignoreCookies
05:47:30.146 [main] DEBUG org.apache.http.client.protocol.RequestAuthCache - Auth cache not set in the context
05:47:30.146 [main] DEBUG org.apache.http.client.protocol.RequestProxyAuthentication - Proxy auth state: UNCHALLENGED
05:47:30.146 [main] DEBUG org.apache.http.impl.client.DefaultHttpClient - Attempt 1 to execute request
05:47:30.146 [main] DEBUG org.apache.http.impl.conn.DefaultClientConnection - Sending request: GET /api/product HTTP/1.1
05:47:30.146 [main] DEBUG org.apache.http.wire -  >> "GET /api/product HTTP/1.1[\r][\n]"
05:47:30.146 [main] DEBUG org.apache.http.wire -  >> "Authorization: Bearer [\r][\n]"
05:47:30.146 [main] DEBUG org.apache.http.wire -  >> "Accept: */*[\r][\n]"
05:47:30.146 [main] DEBUG org.apache.http.wire -  >> "Host: altashop-api.fly.dev[\r][\n]"
05:47:30.146 [main] DEBUG org.apache.http.wire -  >> "Connection: Keep-Alive[\r][\n]"
05:47:30.146 [main] DEBUG org.apache.http.wire -  >> "User-Agent: Apache-HttpClient/4.5.13 (Java/14.0.2)[\r][\n]"
05:47:30.146 [main] DEBUG org.apache.http.wire -  >> "Accept-Encoding: gzip,deflate[\r][\n]"
05:47:30.146 [main] DEBUG org.apache.http.wire -  >> "[\r][\n]"
05:47:30.146 [main] DEBUG org.apache.http.headers - >> GET /api/product HTTP/1.1
05:47:30.146 [main] DEBUG org.apache.http.headers - >> Authorization: Bearer 
05:47:30.146 [main] DEBUG org.apache.http.headers - >> Accept: */*
05:47:30.146 [main] DEBUG org.apache.http.headers - >> Host: altashop-api.fly.dev
05:47:30.146 [main] DEBUG org.apache.http.headers - >> Connection: Keep-Alive
05:47:30.146 [main] DEBUG org.apache.http.headers - >> User-Agent: Apache-HttpClient/4.5.13 (Java/14.0.2)
05:47:30.146 [main] DEBUG org.apache.http.headers - >> Accept-Encoding: gzip,deflate
05:47:30.185 [main] DEBUG org.apache.http.wire -  << "HTTP/1.1 404 Not Found[\r][\n]"
05:47:30.185 [main] DEBUG org.apache.http.wire -  << "date: Mon, 08 May 2023 22:56:20 GMT[\r][\n]"
05:47:30.185 [main] DEBUG org.apache.http.wire -  << "content-encoding: gzip[\r][\n]"
05:47:30.185 [main] DEBUG org.apache.http.wire -  << "content-type: text/plain; charset=utf-8[\r][\n]"
05:47:30.185 [main] DEBUG org.apache.http.wire -  << "transfer-encoding: chunked[\r][\n]"
05:47:30.185 [main] DEBUG org.apache.http.wire -  << "server: Fly/3f2597ca (2023-05-03)[\r][\n]"
05:47:30.185 [main] DEBUG org.apache.http.wire -  << "via: 1.1 fly.io[\r][\n]"
05:47:30.185 [main] DEBUG org.apache.http.wire -  << "fly-request-id: 01GZYS900Q8HMF75A22WRJ6B61-sin[\r][\n]"
05:47:30.185 [main] DEBUG org.apache.http.wire -  << "[\r][\n]"
05:47:30.185 [main] DEBUG org.apache.http.impl.conn.DefaultClientConnection - Receiving response: HTTP/1.1 404 Not Found
05:47:30.185 [main] DEBUG org.apache.http.headers - << HTTP/1.1 404 Not Found
05:47:30.185 [main] DEBUG org.apache.http.headers - << date: Mon, 08 May 2023 22:56:20 GMT
05:47:30.185 [main] DEBUG org.apache.http.headers - << content-encoding: gzip
05:47:30.185 [main] DEBUG org.apache.http.headers - << content-type: text/plain; charset=utf-8
05:47:30.185 [main] DEBUG org.apache.http.headers - << transfer-encoding: chunked
05:47:30.185 [main] DEBUG org.apache.http.headers - << server: Fly/3f2597ca (2023-05-03)
05:47:30.185 [main] DEBUG org.apache.http.headers - << via: 1.1 fly.io
05:47:30.185 [main] DEBUG org.apache.http.headers - << fly-request-id: 01GZYS900Q8HMF75A22WRJ6B61-sin
05:47:30.185 [main] DEBUG org.apache.http.impl.client.DefaultHttpClient - Connection can be kept alive indefinitely
05:47:30.185 [main] DEBUG io.restassured.internal.RestAssuredHttpBuilder - Parsing response as: text/plain; charset=utf-8
05:47:30.185 [main] DEBUG org.apache.http.wire -  << "1E[\r][\n]"
05:47:30.185 [main] DEBUG org.apache.http.wire -  << "[0x1f][0x8b][0x8][0x0][0x0][0x0][0x0][0x0][0x4][0xff][0xcb][0xcb]/QH[0xcb]/[0xcd]K[0xe1][0x2][0x0][0xd4]I[0xfa]r[\n]"
05:47:30.185 [main] DEBUG org.apache.http.wire -  << "[0x0][0x0][0x0]"
05:47:30.185 [main] DEBUG org.apache.http.wire -  << "[\r][\n]"
05:47:30.185 [main] DEBUG org.apache.http.wire -  << "0[\r][\n]"
05:47:30.185 [main] DEBUG org.apache.http.wire -  << "[\r][\n]"
05:47:30.185 [main] DEBUG io.restassured.internal.RestAssuredHttpBuilder - Parsed data to instance of: class org.apache.http.conn.EofSensorInputStream
05:47:30.186 [main] DEBUG org.apache.http.impl.conn.BasicClientConnectionManager - Releasing connection org.apache.http.impl.conn.ManagedClientConnectionImpl@6d4062fd
05:47:30.186 [main] DEBUG org.apache.http.impl.conn.BasicClientConnectionManager - Connection can be kept alive indefinitely
05:47:30.186 [main] DEBUG net.thucydides.core.steps.StepInterceptor - STEP DONE: I receive valid login and product HTTP response code 404
  &amp#27;[32mThen &amp#27;[0m&amp#27;[32mI receive valid login and product HTTP response code 404&amp#27;[0m &amp#27;[90m# starter.stepdefinitions.UserSteps.iReceiveValidLoginAndProductHTTPResponseCode404()&amp#27;[0m
05:47:30.190 [main] INFO  - 
  _____   ___   ___   _____     ___     _     ___   ___   ___   ___  
 |_   _| | __| / __| |_   _|   | _ \   /_\   / __| / __| | __| |   \ 
   | |   | _|  \__ \   | |     |  _/  / _ \  \__ \ \__ \ | _|  | |) |
   |_|   |___| |___/   |_|     |_|   /_/ \_\ |___/ |___/ |___| |___/ 

POST - As admin I cannot assign product rating
----------------------------------------------------------------------
]]></system-out>
  </testcase>
  <testcase name="POST - As admin I have be able to create comment for product" classname="User" time="0.963">
    <system-out><![CDATA[
@TC-0013
Scenario: POST - As admin I have be able to create comment for product &amp#27;[90m# src/test/resources/api/user.feature:106&amp#27;[0m
05:47:30.203 [main] INFO io.cucumber.core.plugin.SerenityReporter - Running feature from file:///C:/Users/Lenovo/IdeaProjects/MiniProject/MiniprojectApi/src/test/resources/api/user.feature
05:47:30.203 [main] WARN io.cucumber.core.plugin.SerenityReporter - Feature from file:///C:/Users/Lenovo/IdeaProjects/MiniProject/MiniprojectApi/src/test/resources/api/user.feature is not under the 'features' directory. Requirements report will not be correctly generated!
05:47:30.205 [main] INFO  - 
  _____   ___   ___   _____     ___   _____     _     ___   _____   ___   ___  
 |_   _| | __| / __| |_   _|   / __| |_   _|   /_\   | _ \ |_   _| | __| |   \ 
   | |   | _|  \__ \   | |     \__ \   | |    / _ \  |   /   | |   | _|  | |) |
   |_|   |___| |___/   |_|     |___/   |_|   /_/ \_\ |_|_\   |_|   |___| |___/ 

POST - As admin I have be able to create comment for product(user;post---as-admin-i-have-be-able-to-create-comment-for-product)
--------------------------------------------------------------------------------
05:47:30.280 [main] DEBUG net.thucydides.core.steps.StepInterceptor - STARTING STEP: UserSteps.iSetPOSTApiEndpointsLogin - I set POST api endpoints login
05:47:30.280 [main] DEBUG net.thucydides.core.steps.StepInterceptor - STEP DONE: I set POST api endpoints login
  &amp#27;[32mGiven &amp#27;[0m&amp#27;[32mI set POST api endpoints login&amp#27;[0m                                 &amp#27;[90m# starter.stepdefinitions.UserSteps.iSetPOSTApiEndpointsLogin()&amp#27;[0m
05:47:30.285 [main] DEBUG net.thucydides.core.steps.StepInterceptor - STARTING STEP: UserSteps.iSendPOSTHTTPRequestLogin - I send POST HTTP request login
05:47:30.286 [main] DEBUG net.thucydides.core.steps.StepInterceptor - STARTING STEP: PostLogin.iSendPOSTHTTPRequestLogin - I set POST api endpoints login
05:47:30.286 [main] DEBUG net.thucydides.core.steps.StepInterceptor - STEP DONE: I set POST api endpoints login
05:47:30.298 [main] DEBUG org.apache.http.impl.conn.BasicClientConnectionManager - Get connection for route {s}->https://altashop-api.fly.dev:443
05:47:30.299 [main] DEBUG org.apache.http.impl.conn.DefaultClientConnectionOperator - Connecting to altashop-api.fly.dev:443
05:47:30.354 [Finalizer] DEBUG org.apache.http.impl.conn.DefaultClientConnection - Connection 0.0.0.0:60335<->149.248.193.56:443 closed
05:47:30.357 [Finalizer] DEBUG org.apache.http.impl.conn.DefaultClientConnection - Connection 0.0.0.0:60334<->149.248.193.56:443 closed
05:47:30.359 [Finalizer] DEBUG org.apache.http.impl.conn.DefaultClientConnection - Connection 0.0.0.0:60336<->149.248.193.56:443 closed
05:47:30.361 [Finalizer] DEBUG org.apache.http.impl.conn.DefaultClientConnection - Connection 0.0.0.0:60337<->149.248.193.56:443 closed
05:47:30.411 [main] DEBUG org.apache.http.client.protocol.RequestAddCookies - CookieSpec selected: ignoreCookies
05:47:30.411 [main] DEBUG org.apache.http.client.protocol.RequestAuthCache - Auth cache not set in the context
05:47:30.411 [main] DEBUG org.apache.http.client.protocol.RequestTargetAuthentication - Target auth state: UNCHALLENGED
05:47:30.411 [main] DEBUG org.apache.http.client.protocol.RequestProxyAuthentication - Proxy auth state: UNCHALLENGED
05:47:30.411 [main] DEBUG org.apache.http.impl.client.DefaultHttpClient - Attempt 1 to execute request
05:47:30.411 [main] DEBUG org.apache.http.impl.conn.DefaultClientConnection - Sending request: POST /api/auth/login HTTP/1.1
05:47:30.411 [main] DEBUG org.apache.http.wire -  >> "POST /api/auth/login HTTP/1.1[\r][\n]"
05:47:30.411 [main] DEBUG org.apache.http.wire -  >> "Accept: */*[\r][\n]"
05:47:30.411 [main] DEBUG org.apache.http.wire -  >> "Content-Type: application/json[\r][\n]"
05:47:30.411 [main] DEBUG org.apache.http.wire -  >> "Content-Length: 48[\r][\n]"
05:47:30.411 [main] DEBUG org.apache.http.wire -  >> "Host: altashop-api.fly.dev[\r][\n]"
05:47:30.411 [main] DEBUG org.apache.http.wire -  >> "Connection: Keep-Alive[\r][\n]"
05:47:30.411 [main] DEBUG org.apache.http.wire -  >> "User-Agent: Apache-HttpClient/4.5.13 (Java/14.0.2)[\r][\n]"
05:47:30.411 [main] DEBUG org.apache.http.wire -  >> "Accept-Encoding: gzip,deflate[\r][\n]"
05:47:30.411 [main] DEBUG org.apache.http.wire -  >> "[\r][\n]"
05:47:30.411 [main] DEBUG org.apache.http.headers - >> POST /api/auth/login HTTP/1.1
05:47:30.411 [main] DEBUG org.apache.http.headers - >> Accept: */*
05:47:30.411 [main] DEBUG org.apache.http.headers - >> Content-Type: application/json
05:47:30.411 [main] DEBUG org.apache.http.headers - >> Content-Length: 48
05:47:30.411 [main] DEBUG org.apache.http.headers - >> Host: altashop-api.fly.dev
05:47:30.411 [main] DEBUG org.apache.http.headers - >> Connection: Keep-Alive
05:47:30.411 [main] DEBUG org.apache.http.headers - >> User-Agent: Apache-HttpClient/4.5.13 (Java/14.0.2)
05:47:30.411 [main] DEBUG org.apache.http.headers - >> Accept-Encoding: gzip,deflate
05:47:30.411 [main] DEBUG org.apache.http.wire -  >> "{"password":"123123","email":"someone@mail.com"}"
05:47:30.453 [main] DEBUG org.apache.http.wire -  << "HTTP/1.1 200 OK[\r][\n]"
05:47:30.453 [main] DEBUG org.apache.http.wire -  << "content-type: application/json[\r][\n]"
05:47:30.453 [main] DEBUG org.apache.http.wire -  << "date: Mon, 08 May 2023 22:56:20 GMT[\r][\n]"
05:47:30.453 [main] DEBUG org.apache.http.wire -  << "content-encoding: gzip[\r][\n]"
05:47:30.453 [main] DEBUG org.apache.http.wire -  << "transfer-encoding: chunked[\r][\n]"
05:47:30.453 [main] DEBUG org.apache.http.wire -  << "server: Fly/3f2597ca (2023-05-03)[\r][\n]"
05:47:30.453 [main] DEBUG org.apache.http.wire -  << "via: 1.1 fly.io[\r][\n]"
05:47:30.453 [main] DEBUG org.apache.http.wire -  << "fly-request-id: 01GZYS90906FNVB00N905A4ES1-sin[\r][\n]"
05:47:30.453 [main] DEBUG org.apache.http.wire -  << "[\r][\n]"
05:47:30.453 [main] DEBUG org.apache.http.impl.conn.DefaultClientConnection - Receiving response: HTTP/1.1 200 OK
05:47:30.453 [main] DEBUG org.apache.http.headers - << HTTP/1.1 200 OK
05:47:30.453 [main] DEBUG org.apache.http.headers - << content-type: application/json
05:47:30.453 [main] DEBUG org.apache.http.headers - << date: Mon, 08 May 2023 22:56:20 GMT
05:47:30.453 [main] DEBUG org.apache.http.headers - << content-encoding: gzip
05:47:30.453 [main] DEBUG org.apache.http.headers - << transfer-encoding: chunked
05:47:30.453 [main] DEBUG org.apache.http.headers - << server: Fly/3f2597ca (2023-05-03)
05:47:30.453 [main] DEBUG org.apache.http.headers - << via: 1.1 fly.io
05:47:30.453 [main] DEBUG org.apache.http.headers - << fly-request-id: 01GZYS90906FNVB00N905A4ES1-sin
05:47:30.453 [main] DEBUG org.apache.http.impl.client.DefaultHttpClient - Connection can be kept alive indefinitely
05:47:30.453 [main] DEBUG io.restassured.internal.RestAssuredHttpBuilder - Parsing response as: application/json
05:47:30.453 [main] DEBUG org.apache.http.wire -  << "AC[\r][\n]"
05:47:30.453 [main] DEBUG org.apache.http.wire -  << "[0x1f][0x8b][0x8][0x0][0x0][0x0][0x0][0x0][0x4][0xff][0xab]VJI,IT[0xb2]RJ[0xad][0xf4][0xca]HrO[0xce][0xf4][0xcf][0xf4][0xf2][0xc][0xad][0xf2]4[0xf4][0xcb][0xf4],[0xf6][0xcc][0xb]2Mv[0xf6]4[0xf3][0xcc].[0x88][0x8]s[0xf6][0xb2][0xd4]K[0xad][0xf4]rO[0x9][0xaf](N[0xca]u+[0x89][\n]"
05:47:30.453 [main] DEBUG org.apache.http.wire -  << "[0x6]K[0x94]%[0xba][0x9b][0xa4][0x7][0xb9][[0xe6]xf[0x96]g[0x6][0x85][0x1b]f$[0x86][0x97][0x83][0xc][0xa9]J22[0xcc]I22[0xcd][0x9]t[0x7][0x8b][0x95]F[0x1a]Y[0x96]x[0xe6][0x19][0xe8][0x85][0x97]9[0x5]W$[0x7][0xba][0x16][0x16][0xe6]e:[0x1b][0x96][0x19]X[0xf8]Te[0x17]y$[0xbb][0xfa][0xa4][0xa6][0x17][0x1b]$[0x99][0x97][0x95]d[0xb9][0x7][0x84]g&[0xba][0x86]'{*[0xd5]r[0x1][0x0]?[0x99][0xcf]j[0xa0][0x0][0x0][0x0]"
05:47:30.453 [main] DEBUG org.apache.http.wire -  << "[\r][\n]"
05:47:30.454 [main] DEBUG org.apache.http.wire -  << "0[\r][\n]"
05:47:30.454 [main] DEBUG org.apache.http.wire -  << "[\r][\n]"
05:47:30.454 [main] DEBUG io.restassured.internal.RestAssuredHttpBuilder - Parsed data to instance of: class org.apache.http.conn.EofSensorInputStream
05:47:30.455 [main] DEBUG org.apache.http.impl.conn.BasicClientConnectionManager - Releasing connection org.apache.http.impl.conn.ManagedClientConnectionImpl@27311c99
05:47:30.455 [main] DEBUG org.apache.http.impl.conn.BasicClientConnectionManager - Connection can be kept alive indefinitely
05:47:30.472 [main] DEBUG net.thucydides.core.steps.StepInterceptor - STEP DONE: I send POST HTTP request login
  &amp#27;[32mWhen &amp#27;[0m&amp#27;[32mI send POST HTTP request login&amp#27;[0m                                  &amp#27;[90m# starter.stepdefinitions.UserSteps.iSendPOSTHTTPRequestLogin()&amp#27;[0m
05:47:30.477 [main] DEBUG net.thucydides.core.steps.StepInterceptor - STARTING STEP: UserSteps.iSetPOSTApiEndpointsComment - I set POST api endpoints comment
05:47:30.478 [main] DEBUG net.thucydides.core.steps.StepInterceptor - STEP DONE: I set POST api endpoints comment
  &amp#27;[32mAnd &amp#27;[0m&amp#27;[32mI set POST api endpoints comment&amp#27;[0m                                 &amp#27;[90m# starter.stepdefinitions.UserSteps.iSetPOSTApiEndpointsComment()&amp#27;[0m
05:47:30.483 [main] DEBUG net.thucydides.core.steps.StepInterceptor - STARTING STEP: UserSteps.iSendPOSTHTTPRequestPostComment - I send POST HTTP request post comment
05:47:30.485 [main] DEBUG net.thucydides.core.steps.StepInterceptor - STARTING STEP: PostProductComment.iSendPOSTHTTPRequestPostComment - I set POST api endpoints comment
05:47:30.486 [main] DEBUG net.thucydides.core.steps.StepInterceptor - STEP DONE: I set POST api endpoints comment
05:47:30.508 [main] DEBUG org.apache.http.impl.conn.BasicClientConnectionManager - Get connection for route {s}->https://altashop-api.fly.dev:443
05:47:30.508 [main] DEBUG org.apache.http.impl.conn.DefaultClientConnectionOperator - Connecting to altashop-api.fly.dev:443
05:47:30.620 [main] DEBUG org.apache.http.client.protocol.RequestAddCookies - CookieSpec selected: ignoreCookies
05:47:30.620 [main] DEBUG org.apache.http.client.protocol.RequestAuthCache - Auth cache not set in the context
05:47:30.620 [main] DEBUG org.apache.http.client.protocol.RequestTargetAuthentication - Target auth state: UNCHALLENGED
05:47:30.620 [main] DEBUG org.apache.http.client.protocol.RequestProxyAuthentication - Proxy auth state: UNCHALLENGED
05:47:30.620 [main] DEBUG org.apache.http.impl.client.DefaultHttpClient - Attempt 1 to execute request
05:47:30.620 [main] DEBUG org.apache.http.impl.conn.DefaultClientConnection - Sending request: POST /api/products/2/comments HTTP/1.1
05:47:30.620 [main] DEBUG org.apache.http.wire -  >> "POST /api/products/2/comments HTTP/1.1[\r][\n]"
05:47:30.620 [main] DEBUG org.apache.http.wire -  >> "Accept: */*[\r][\n]"
05:47:30.620 [main] DEBUG org.apache.http.wire -  >> "Content-Type: application/json[\r][\n]"
05:47:30.620 [main] DEBUG org.apache.http.wire -  >> "Content-Length: 87[\r][\n]"
05:47:30.620 [main] DEBUG org.apache.http.wire -  >> "Host: altashop-api.fly.dev[\r][\n]"
05:47:30.620 [main] DEBUG org.apache.http.wire -  >> "Connection: Keep-Alive[\r][\n]"
05:47:30.620 [main] DEBUG org.apache.http.wire -  >> "User-Agent: Apache-HttpClient/4.5.13 (Java/14.0.2)[\r][\n]"
05:47:30.620 [main] DEBUG org.apache.http.wire -  >> "Accept-Encoding: gzip,deflate[\r][\n]"
05:47:30.620 [main] DEBUG org.apache.http.wire -  >> "[\r][\n]"
05:47:30.620 [main] DEBUG org.apache.http.headers - >> POST /api/products/2/comments HTTP/1.1
05:47:30.620 [main] DEBUG org.apache.http.headers - >> Accept: */*
05:47:30.620 [main] DEBUG org.apache.http.headers - >> Content-Type: application/json
05:47:30.620 [main] DEBUG org.apache.http.headers - >> Content-Length: 87
05:47:30.620 [main] DEBUG org.apache.http.headers - >> Host: altashop-api.fly.dev
05:47:30.620 [main] DEBUG org.apache.http.headers - >> Connection: Keep-Alive
05:47:30.620 [main] DEBUG org.apache.http.headers - >> User-Agent: Apache-HttpClient/4.5.13 (Java/14.0.2)
05:47:30.620 [main] DEBUG org.apache.http.headers - >> Accept-Encoding: gzip,deflate
05:47:30.621 [main] DEBUG org.apache.http.wire -  >> "{"content":"the games are great including Gran Turismo 7 but sadly GT4 is much better"}"
05:47:30.660 [main] DEBUG org.apache.http.wire -  << "HTTP/1.1 401 Unauthorized[\r][\n]"
05:47:30.660 [main] DEBUG org.apache.http.wire -  << "content-type: application/json[\r][\n]"
05:47:30.660 [main] DEBUG org.apache.http.wire -  << "date: Mon, 08 May 2023 22:56:20 GMT[\r][\n]"
05:47:30.660 [main] DEBUG org.apache.http.wire -  << "content-encoding: gzip[\r][\n]"
05:47:30.660 [main] DEBUG org.apache.http.wire -  << "transfer-encoding: chunked[\r][\n]"
05:47:30.660 [main] DEBUG org.apache.http.wire -  << "server: Fly/3f2597ca (2023-05-03)[\r][\n]"
05:47:30.660 [main] DEBUG org.apache.http.wire -  << "via: 1.1 fly.io[\r][\n]"
05:47:30.660 [main] DEBUG org.apache.http.wire -  << "fly-request-id: 01GZYS90FHZ9DZBX8NZWKRM4BF-sin[\r][\n]"
05:47:30.660 [main] DEBUG org.apache.http.wire -  << "[\r][\n]"
05:47:30.661 [main] DEBUG org.apache.http.impl.conn.DefaultClientConnection - Receiving response: HTTP/1.1 401 Unauthorized
05:47:30.661 [main] DEBUG org.apache.http.headers - << HTTP/1.1 401 Unauthorized
05:47:30.661 [main] DEBUG org.apache.http.headers - << content-type: application/json
05:47:30.661 [main] DEBUG org.apache.http.headers - << date: Mon, 08 May 2023 22:56:20 GMT
05:47:30.661 [main] DEBUG org.apache.http.headers - << content-encoding: gzip
05:47:30.661 [main] DEBUG org.apache.http.headers - << transfer-encoding: chunked
05:47:30.661 [main] DEBUG org.apache.http.headers - << server: Fly/3f2597ca (2023-05-03)
05:47:30.661 [main] DEBUG org.apache.http.headers - << via: 1.1 fly.io
05:47:30.661 [main] DEBUG org.apache.http.headers - << fly-request-id: 01GZYS90FHZ9DZBX8NZWKRM4BF-sin
05:47:30.661 [main] DEBUG org.apache.http.impl.client.DefaultHttpClient - Connection can be kept alive indefinitely
05:47:30.661 [main] DEBUG org.apache.http.impl.client.DefaultHttpClient - Authentication required
05:47:30.661 [main] DEBUG org.apache.http.impl.client.DefaultHttpClient - altashop-api.fly.dev:443 requested authentication
05:47:30.661 [main] DEBUG org.apache.http.impl.client.DefaultHttpClient - Response contains no authentication challenges
05:47:30.661 [main] DEBUG io.restassured.internal.RestAssuredHttpBuilder - Parsing response as: application/json
05:47:30.661 [main] DEBUG org.apache.http.wire -  << "2D[\r][\n]"
05:47:30.661 [main] DEBUG org.apache.http.wire -  << "[0x1f][0x8b][0x8][0x0][0x0][0x0][0x0][0x0][0x4][0xff][0xab]VJ-*[0xca]/R[0xb2]R*[0xcd]K,-[0xc9][0xc8]/[0xca][0xac]JMQ[0xaa][0xe5][0x2][0x0]@[0x17]da[0x19][0x0][0x0][0x0]"
05:47:30.661 [main] DEBUG org.apache.http.wire -  << "[\r][\n]"
05:47:30.662 [main] DEBUG org.apache.http.wire -  << "0[\r][\n]"
05:47:30.662 [main] DEBUG org.apache.http.wire -  << "[\r][\n]"
05:47:30.662 [main] DEBUG io.restassured.internal.RestAssuredHttpBuilder - Parsed data to instance of: class org.apache.http.conn.EofSensorInputStream
05:47:30.664 [main] DEBUG org.apache.http.impl.conn.BasicClientConnectionManager - Releasing connection org.apache.http.impl.conn.ManagedClientConnectionImpl@62284954
05:47:30.664 [main] DEBUG org.apache.http.impl.conn.BasicClientConnectionManager - Connection can be kept alive indefinitely
05:47:30.666 [main] DEBUG net.thucydides.core.steps.StepInterceptor - STEP DONE: I send POST HTTP request post comment
  &amp#27;[32mAnd &amp#27;[0m&amp#27;[32mI send POST HTTP request post comment&amp#27;[0m                            &amp#27;[90m# starter.stepdefinitions.UserSteps.iSendPOSTHTTPRequestPostComment()&amp#27;[0m
05:47:30.673 [main] DEBUG net.thucydides.core.steps.StepInterceptor - STARTING STEP: UserSteps.iReceive1ValidLoginAndProductHTTPResponseCode - I receive valid login and product HTTP response code 200
05:47:30.676 [main] DEBUG net.thucydides.core.steps.StepInterceptor - STARTING STEP: PostProduct.iReceive1ValidLoginAndProductHTTPResponseCode - I set POST api endpoints product
05:47:30.677 [main] DEBUG net.thucydides.core.steps.StepInterceptor - STEP DONE: I set POST api endpoints product
05:47:30.691 [main] DEBUG org.apache.http.impl.conn.BasicClientConnectionManager - Get connection for route {s}->https://altashop-api.fly.dev:443
05:47:30.691 [main] DEBUG org.apache.http.impl.conn.DefaultClientConnectionOperator - Connecting to altashop-api.fly.dev:443
05:47:30.795 [main] DEBUG org.apache.http.client.protocol.RequestAddCookies - CookieSpec selected: ignoreCookies
05:47:30.795 [main] DEBUG org.apache.http.client.protocol.RequestAuthCache - Auth cache not set in the context
05:47:30.795 [main] DEBUG org.apache.http.client.protocol.RequestProxyAuthentication - Proxy auth state: UNCHALLENGED
05:47:30.795 [main] DEBUG org.apache.http.impl.client.DefaultHttpClient - Attempt 1 to execute request
05:47:30.795 [main] DEBUG org.apache.http.impl.conn.DefaultClientConnection - Sending request: GET /api/products HTTP/1.1
05:47:30.795 [main] DEBUG org.apache.http.wire -  >> "GET /api/products HTTP/1.1[\r][\n]"
05:47:30.795 [main] DEBUG org.apache.http.wire -  >> "Authorization: Bearer [\r][\n]"
05:47:30.795 [main] DEBUG org.apache.http.wire -  >> "Accept: */*[\r][\n]"
05:47:30.795 [main] DEBUG org.apache.http.wire -  >> "Host: altashop-api.fly.dev[\r][\n]"
05:47:30.795 [main] DEBUG org.apache.http.wire -  >> "Connection: Keep-Alive[\r][\n]"
05:47:30.795 [main] DEBUG org.apache.http.wire -  >> "User-Agent: Apache-HttpClient/4.5.13 (Java/14.0.2)[\r][\n]"
05:47:30.795 [main] DEBUG org.apache.http.wire -  >> "Accept-Encoding: gzip,deflate[\r][\n]"
05:47:30.795 [main] DEBUG org.apache.http.wire -  >> "[\r][\n]"
05:47:30.796 [main] DEBUG org.apache.http.headers - >> GET /api/products HTTP/1.1
05:47:30.796 [main] DEBUG org.apache.http.headers - >> Authorization: Bearer 
05:47:30.796 [main] DEBUG org.apache.http.headers - >> Accept: */*
05:47:30.796 [main] DEBUG org.apache.http.headers - >> Host: altashop-api.fly.dev
05:47:30.796 [main] DEBUG org.apache.http.headers - >> Connection: Keep-Alive
05:47:30.796 [main] DEBUG org.apache.http.headers - >> User-Agent: Apache-HttpClient/4.5.13 (Java/14.0.2)
05:47:30.796 [main] DEBUG org.apache.http.headers - >> Accept-Encoding: gzip,deflate
05:47:31.094 [main] DEBUG org.apache.http.wire -  << "HTTP/1.1 200 OK[\r][\n]"
05:47:31.094 [main] DEBUG org.apache.http.wire -  << "content-type: application/json[\r][\n]"
05:47:31.094 [main] DEBUG org.apache.http.wire -  << "date: Mon, 08 May 2023 22:56:21 GMT[\r][\n]"
05:47:31.094 [main] DEBUG org.apache.http.wire -  << "transfer-encoding: chunked[\r][\n]"
05:47:31.094 [main] DEBUG org.apache.http.wire -  << "content-encoding: gzip[\r][\n]"
05:47:31.094 [main] DEBUG org.apache.http.wire -  << "server: Fly/3f2597ca (2023-05-03)[\r][\n]"
05:47:31.094 [main] DEBUG org.apache.http.wire -  << "via: 1.1 fly.io[\r][\n]"
05:47:31.094 [main] DEBUG org.apache.http.wire -  << "fly-request-id: 01GZYS90N159C21JAGT416RBV9-sin[\r][\n]"
05:47:31.094 [main] DEBUG org.apache.http.wire -  << "[\r][\n]"
05:47:31.094 [main] DEBUG org.apache.http.impl.conn.DefaultClientConnection - Receiving response: HTTP/1.1 200 OK
05:47:31.095 [main] DEBUG org.apache.http.headers - << HTTP/1.1 200 OK
05:47:31.095 [main] DEBUG org.apache.http.headers - << content-type: application/json
05:47:31.095 [main] DEBUG org.apache.http.headers - << date: Mon, 08 May 2023 22:56:21 GMT
05:47:31.095 [main] DEBUG org.apache.http.headers - << transfer-encoding: chunked
05:47:31.095 [main] DEBUG org.apache.http.headers - << content-encoding: gzip
05:47:31.095 [main] DEBUG org.apache.http.headers - << server: Fly/3f2597ca (2023-05-03)
05:47:31.095 [main] DEBUG org.apache.http.headers - << via: 1.1 fly.io
05:47:31.095 [main] DEBUG org.apache.http.headers - << fly-request-id: 01GZYS90N159C21JAGT416RBV9-sin
05:47:31.095 [main] DEBUG org.apache.http.impl.client.DefaultHttpClient - Connection can be kept alive indefinitely
05:47:31.095 [main] DEBUG io.restassured.internal.RestAssuredHttpBuilder - Parsing response as: application/json
05:47:31.095 [main] DEBUG org.apache.http.wire -  << "240[\r][\n]"
05:47:31.096 [main] DEBUG org.apache.http.wire -  << "[0x1f][0x8b][0x8][0x0][0x0][0x0][0x0][0x0][0x4][0xff][0xaa]VJI,IT[0xb2][0x8a][0xae]V[0xf2]tQ[0xb2]241[0xb1]0[0xd2]Q[0xf2]K[0xcc]MU[0xb2]RJI-N.[0xca],([0xc9][0xcc][0xcf]S[0xd2]QrA[0xe2]Y))[0xe9]([0x5][0x14]e&[0xa7]*Y[0x19][0xe8]([0x5]%[0x96]d[0xe6][0xa5][0x17]+Y[0x99][0xe8](9'[0x96][0xa4][0xa6][0xe7][0x17]e[0xa6][0x16]+YE[0xc7][0xd6][0xea] [0xc]6[0x86][0x1b][0xec]Y[0x90][0x91][0x9f][0x97][0xaa]`h[0xa8]`f[0xa2][0x90][0x9e][0x84]axANb[0xa5]BFb[0xb1]B^[0xbe]BNfnfI1[0xc2]:#KK$[0xb][0x8d][0xd0],[0x84][0xda]fdjb[0x8][0xb7][0xcd]=173/[0x1d][0xc3][0x12][0xb7][0xfc]"[0x85]t[0xb0][0x94]BAiQA~qj[0xb1]R-[0x8a][0x83]-[0xe0]F[0xb8][0x95][0x16][0xe5]e[0x96][0x94][0x16][0xa5]*[0x84][0xe4][0x17]`[0x9a][0x4][0x97]MI,[0xca]T[0xf0]J-H,JD[0xb8][0xd8][0xd0][0x4][0xd9][0xc5][0xa6]h.F[0xb1][0xd1][0x4]ncp~^[0xa5]B@[0xb0]![0x86]e[0xf8][0xc2][0xc6][0x4]%l[0xc][0xd1]l[0xa2]j[0xd8][0x98][0x12]v)"[0x4][0x90][0x93][0x88][0x1]-]e[0x6]w[0x15][0x15]c[0xc][0xdd][0xc5][0xc8]1f[0x89]Hf.a.[\n]"
05:47:31.096 [main] DEBUG org.apache.http.wire -  << "[0xbe][0xa5][0xe9][0xa9]y[\n]"
05:47:31.096 [main] DEBUG org.apache.http.wire -  << "!E[0x89][0x99][0xf8]r[0x8c][0xa1][0x91][0x81][0x81][0x1][0xbe]0A[0xb1][0x1][0x91][0x1f][0x13][0xf3][0x12][0xb3][0x15][0x12]+[0x13]s1[0x12]Eqiq[0xa9][0x2]H[0x1a][0x11][0xe6][0x96](i[0x1][0xaf][0x1f][0xcc][0xe1][0xa1][0x16][0xe1][0xe4][0x1f][0x81][0x99][0xe4][0x10]9[0x5]a<jR3[0xa6]a[0xa4][0x82][0xfc][0x1]-[0x90][0xb0];[0xf][0x97][0xa3][0xd0][0xfd]L[0xc5][0xf4]o[\n]"
05:47:31.096 [main] DEBUG org.apache.http.wire -  << "[0x8a]>[0xa8][0xa3]h[0x13][0xef][0xa6][0x6][0x88][0x94][0x5][0x8a]X[0xea][0xc7][0xbb][0xa9][0x1][0xad]S[0x96][0xa9][0x1][0xa2][0xc8][0xa7][0x91][0x1f],[0x10]e[0xb4]SQbrjNj[0x9]F[0xe6][0xf0]MLIU[0xc8]OS[0xc8][0xc8]L[0xcf]P(,M[0xcc][0xc9],[0xa9]T(HM,[0xca]A[0xae]V[0x8c][0x88][0xcb][0x90][0xc6][0xc6]f[0x18][0x85][0xb4])[0x86][0x95][0xf8][\n]"
05:47:31.096 [main] DEBUG org.apache.http.wire -  << "i[0xd4][\n]"
05:47:31.096 [main] DEBUG org.apache.http.wire -  << "[0xc]w[0x8d]illf[0x9][0xcf][0x98]%[0xa9][0xc5][0xa0]*V[0xa1][0xa0](?[0xa5]4[0x19][0xd3][0x8f]%[0x19][0x99][0xc5][\n]"
05:47:31.096 [main] DEBUG org.apache.http.wire -  << "[0x99][0xc5][\n]"
05:47:31.096 [main] DEBUG org.apache.http.wire -  << "%[0x19][0xa9]05[\n]"
05:47:31.096 [main] DEBUG org.apache.http.wire -  << "[0xa8][0xd5]7[0x96][0xda][0x1a]=[0xd7]"[0x8a][0x1d]ccsD[0xf2][0xa3][0x9a][0xdd][0x86]h[0xc5][0x1e][0xee][0xaa][0xd0][0xd8][0xd8][0x1c][0x91]8[0xa9]j?R[0xdb][0x1][0xaf][0xf5][0x88]H[0xa6][0xaa][0xf5][0xc8][0x89][0xc][0xaf][0xfd][0x88]2[0x99]f[0xf6][0xa3][0x97][0x8f]([0xd1][0x8f][0xc8]W[0x98][0xf6][0x3][0x0][0x0][0x0][0xff][0xff]"
05:47:31.096 [main] DEBUG org.apache.http.wire -  << "[\r][\n]"
05:47:31.096 [main] DEBUG org.apache.http.wire -  << "478[\r][\n]"
05:47:31.096 [main] DEBUG org.apache.http.wire -  << "Bm[0x9][0x12][0x9d][0xf4][0xd0][0xa3][0x1f]_[0xd2]7[0xa7]A[0xd2]G[0xb7][0x1f][0x9f][0xff]-[0xc][0xa8][0x9f][0xf5][0xd0][0xed][0xc7][0x97][0xfd][0x90]Z[0xe1]4[0xb][0xbc][0xfe]G[0x94][0xdc][0x3]c?"[0xff]y[0x4]([0xe4]f[0x96][0xe4]c[0xa4];p[0x19][[0x92]Z[0x94][0x94][0x98][0x99][0x8d]h[0x2][0x98][0x9a][0x99]#eq[0xbc]^Dd1[0xd2][0xda][0x15][0xe8][0xf9][0x96]z[0xed][\n]"
05:47:31.096 [main] DEBUG org.apache.http.wire -  << "cc[0xb]D[0xba][0x87][0xf6][0x0]([0xa9]\[0xf0][0xa5]0KD[0xc][0x7][0x4]+`[0xda][0x92][0x9e][0x98][0x9b][0xaa]`[0xaa]P\[0x92]X[0x84][0x8]][0xd4]V[0x1f][0xbe][0xc]l[0x89][0x88]@[0xba]4[0xc5][0x8d]M[0x90][0x9a]dT[0x8]:<)[0xc7][0x4][0xa9]iF/[0xbf]!"[0x8b][0xd6]~C[0xc4][@QbrIfrb[0x8e]Bx~~Jj[0x9e][0x82]w^fZ*F>t[0xcc][0xc9]L,VH+MOT(-[0xd1]C[0xa4][0x15]CP[0x84][0xc0]G[0x6][0xf0][0x86]'"'Rod[0x0][0xaf][0x85][0x88]\[0x6][0xb3][0xd0][0x88][0xe2][0xa1][0x8]|[0x16][0x1a]"[0xaa][0x13][0x98][0x85][0x94][0x8f]}[0xe0][0xb5][0x10][0xd1]|[0xa3][0x93][0x85][0x18][0x3][0x2][0xe6][0x18])[0x5]\b[0x13]5[0xac][0x83][0xd7]k[0x88][0xd4][0x12][0x90][0x98][0x93][0xe8][0x93][0xef][0x3][0x1a]kAm[0x93][0xc0]m[0xc2]2zdl[0x8c]TA[0xe0])[0xc2]L[0xc][0x11]m rKH[0xbc][0xfe]@$BZ[0x18][0xf][0xea][0xcf]@{[0xa8]t[0xea][0x19][0x99][0x18]![0x12][0x1d]M|[0x84][0xe8][0x12][0xd0][0xc4]xD[0x19]K[0xb7][0x0]C[0x14][0xb6]t[0xb3][0x12][0x91]O[0xa9]i%[0xbe]|d[0x84][0x18][0x95][0xa3][0xa6][0x95][0xf8][0xf2][0x96][0x11][0xa2][0x8c][0xa0]q}i[0x84][0xc8][0xc5]4j[0xa8][0x9a][0x18]#*[0xf]Z[0x86][0x1f][0xac][0x19]ka[0x88]H"[0x8e][0xc9][0xc9][0xa9][0xc5][0xc5][0x90][0xd1]|[0x8c]~_[0xbe]Bj^Fb^r[0xaa]Bb[0x1]h8[0x5][0xc4]D[0x1e]A761F[0x14][0x8][0xc5][0xa9][0x5][0xa9])[0x98][0x5]ubf%H[0x10]:8ad[0x8a][0xdc]?[0xc6][0x17][0xc1][0xc6][0x88][0xb2][0x80][0x96]a[0x82][0xd4]%6[0x1][0xd5][0x1b][0xd0][0x2][0x95][0xda][0x9e][0xa1]1`[0x8c][0x88][0xe3]`p[0xcc]([0xf8]d[0x16][0x97][0x14][0x81]{R[0xa8]U)T:[0x7]"[0xad][0x90][0x97][0x9e][0x9a]T[\n]"
05:47:31.097 [main] DEBUG org.apache.http.wire -  << "[0x1a]"=[0xca][0x10][0xc5][0x0][0xd4]L[0xa8][0x95][\n]"
05:47:31.097 [main] DEBUG org.apache.http.wire -  << "N[0x89]9[0x89][0x98][0xb3]*PE[0xa8][0x16]+$%[0xe6][0xa5][0x83][0xc7][0xf8][0xa0][0xf6][0x9b][0x12][0x9f]d[0x10]e[0x2][0xdd][0x92][0xc][0xa2][0x5]A7+[0x11][0xe5][0x11][0xbd][0xac]4A[0x94]OA[0xa5][0xc5]%[0x99][0xc9][0xb0][0xfe][0x82]S"[0xe6][0xac][h[0x89]BjQQ~[0x91]BQjriqb^Jb[0xaa]BA~qqfni[0xb1]Bn~[0xe]h[0x9c]31U[0xa1]85E!3[0xb7] 5%[0x93][0xbc].[0x5][0xd2][0xf4][0x1f][0xa2][0x1b][0xe3][0x93][0x99][0x97][0x9a][0xa7][0xe0][0x94]_R[0x92][0x83][0xa5][0x1b]SZ[0xa2]P[0x90]ZT\[0x90][0x99][0x9c][0x99]X[0x92]Y[0xac][0x90][0x92][0x9f][0x93]_[0x94][0xaa][0x90][0x92][0x99]\[0x92][0xa8]P[0x90]_T[0x94][0xaf][0x90]YP\[0x9a][0xab][0x90][0x9a]HV/[0xc7][0x84][0xfe]E[0x96][0x9][0xa2]I[0x13][0x9c][0x93][0x9a][0x9a][0xad][0x0][0x9][0x1][0xf7][0x9c][0xfc][0xb2]T[0xd0][0xd8]7jN[0xf7]OK[0xcb]L[0xce][0xcc],VH[0xce][0xcf]+N-,M,)-RH[0xcc][0xcb][0xcc][0xcd][0x84]GL[0xb1]BY~NiAIbI[0xaa]BJjNj^fI&y[0x81]A[0xff]"[0xcf][0x4]Q[0xe4][0xb9][0xe7][0x17][0xa5][0xa7][0xe6][0x97][0x16]+[0x4][0x95]&%[0xa5][0x16])8[0x83][0xc7]8[0xd0]B#%[0xb3][0x4][0x92][0x6]Js[0x15][0x12]A[0x89][0x3][0x9c][0x4]r[0x12][0x93][0xf2][0x8b]2[0xf3][0x8b][0x13]s[0x15][\n]"
05:47:31.097 [main] DEBUG org.apache.http.wire -  << "K3[0x15][0x12]s2[0xb]K3S[0x14][0x8a][0xc9]M[0xa7][0x88]B[0x11][0x91]N[0xdd][0x8b][0x12][0xf3]2KR[0x15][0x9c][0xf3][0x13]A%-[0xaa][0xbb]\K@}[0xed][0xcc][0xc4][0x12][0x85][0xfc][0xdc][0xbc][0xcc]b[0x85][0xdc][0xcc][0xbc][0xcc][0xdc]D[0x85][0xbc][0xd2][0xdc][0xc2][0xd2][0xc4]\[0x85][0xe2][0xd2][0xe2][0xe4][0xcc][0x2]r][0x83]("[0x83]+[0xf3]R[0x8b][0xd2]3a[0xd9]9G!8#[0xb3][0x8][0xab]kR[0x8b]K[0xe0][0xa9]"3[0xa9][0xb4]X[0xa1] '195[0xb1]D![0x95][0xbc][0xac][0xb]*[0xd0][0xa1][0xf5][0xac][0x2][0x8d][0xba][0x90][0xa6][0x88][0xac]HV[0xf3][0x90][0xd8]V[0x8a])R[0xfe][0x83][0xcc][0xe7]c[0x8e][0xb3][0xc1][0xbb][0xaa][0x4][0xd7]:[0xe0]k[0xf][0x99][0xd2]??[0x99]"[0xf2][0x13][0xbd]j[0x1a]SDn[0xa1][0x9b][0x95][0x88],A7+[0x11][0xad][0x6][0xb2]R'[0xea][0x4]#[0xde]T[0x83]h,[0xd0][0xd8]&3D[0x1b][0x1]j[0x13][0xe6]2[0x3]|9[0x1]u[0xe0][0x19][0xdd]O[0xb0][0xae][0xb][0xe5][0xab]~[0x8c]M[0xcc][0x10]}[0x16][0xa8]Ki[0x95]g[0xcd](,[0x85][0x88][0x8f]g3[0xba][0x95]C[0xd4][0x9d][0x1c]G[0x8f]g[0xe4][0xee][0x98][0x19][0xa2][0xf8][0xa1]u<!J[0x1d][0xa8]M[0x83]6[0xed]"[\n]"
05:47:31.097 [main] DEBUG org.apache.http.wire -  << "+[0x9c].E[0xc][0xd0][0xe3][0xab][0xc5][0xa8][0x9a][0xa3]0[0xca]3J[0xc2][0x8f][0x86][0xb3]o&H[0xb].[0x6]Q[0xf8][0x99]c[0x94][0x9d][0xb4]*[0x91][0x90][0x16]}[0xf8]%[0x16]g*[0xb8]$[0x96][0xe6])x[0xa5][0x16][0x95][0x82]&X[0x11][0xcd]P[0x0][0x0][0x0][0x0][0xff][0xff]"
05:47:31.097 [main] DEBUG org.apache.http.wire -  << "[\r][\n]"
05:47:31.098 [main] DEBUG org.apache.http.wire -  << "5A4[\r][\n]"
05:47:31.098 [main] DEBUG org.apache.http.wire -  << "[0xca]S[0xb2]R[0x2][0xcb][0x97][0xa7][0xe6]%fg+[0x94][0xa4][0xe6]%[0xe6])[0xe4][0x96][0x16][0xe5][0xa6]"[0xcd][0x15][0x1a]Z[0xe2]_[0xe4][0x6]Kb[0x16][0x96][0x88]T[0x9b][0x9c][0x9f]W[0x92][0x9f][0xa1][0x9b][0x8c]XC[0x8a]>[0xea][0xe4][0x96]X[0x9c][0x91][0x99][0x9f][0x97][0x98][0x94][0x93][0x8a]:[0xd6][0x84][0xb4]`[0x4][0xec]6[0x84][0xdb][0xc1]K[0xa7][0x14][0xd2][0xf3][0x8b]R[0xb1][0xac][0x2][0x5][0xab][0xa5][0x92]?[0x10][0xe9][0x9c][0xb0]?0U [0xad]=561[0xa7][[0x89]mN[0xb7]r[0xd4][0x1c][0x11][0xcf][0xd0][0xdc]E[0xb3]tL[0xb7]v[0x8d][0x5][0xdd]Z[0xb][0x16][0x88][0x14][0x11][0xe1][0x94]_[0xa1][0x80]Y[0x86][0xd2][0xbf]d[0xb7]@[0xf4]:p[0xb8][0x89][0xf0][0xd2]Q[0xf4]:[0x1e]V,P[0xa3]-[0x87][0xb4]:pp[0xba][0x8f]n[0xe9][0x14]i[0x9d]2[0x8e][0x90]@[0xa4][0x1e][0xfa][0xb5][0xb5]-[0x11]-[0xe0][0xc1][0xe4]*DN[0xa3]q9[0x85][0xb4]H[0x6][0xfb][0x12][0xa4][0x81][0xcd]>[0x96][0x88][0x86]/v[0xe7][\r]H[0x9a]A[0xd4][0xb2][0xd8][0x1d]5[0xa0]a[0x86][0xbc]0[0x1c][0xbb][0xf3]p[0x85][0x19][\r][0xdb][0xb5][0xc8]k[0xc9]i[0x9b][0xa2][0x91]W|c[0xf7][0xfe][0x0][0xc7][0xe][0xa2][0xb1][0x83][0xdd]y[0xb8]b[0x87][0x86][0xb5][0x94][0xa9][0x1]"[0x9b][0xd1]:v([0xcf];[0xb4]L[0xa6]H[0xab][0xa4][0x6]O[0xec][0x18]"Zx[0xd8][0x1d]5[0xb0])[0xda][0x10]QYaw[0xde]@[0xa4]hCD[0xbb][0x90][0xc6])[0x1a]i[0xad][0x2][0xad]m[0xa2][.5[0xa4]W?[0xc9][0x14]i[0x85][0x1b][0x8d]C[0xf]i5[0x1a][0xad]mB[0xb4])im[0x13][0xdd]R[0xb9][0x11][0xa2][0xda][0xa2][0xb5][0x9f][0xe8][0x96][0xca][0xe9][0xb6]D[0xcb][0xd4][0x8]Q[0xeb][0xd1]:[0xf4][0xe8][0xd5][0x9f]3EZ[0x13]Fc?![0xad][0xe1][0xa2][0xb5]M[0x88][0x9c][0x8b][0xbd]*[0x1b][0xd8][0x9a][0xd6][0x18][0x91][0xdd][0xb1];o jZ[0xe4]u\4[0x9d]a65[0xa6][[0xc9]`[0x8c][0xa8][0xff]<[0x2][0x14][0x9c]A[0x8b]p2[0xb1]lP[0xc9]I-([0xc9]/P[0xc0][0xd8][0x1]d[0x9][0x2]HK[0xbc][0xd1][0x9b][0xee]H[0x93]H[0xa6][0xc6]T-[0x1a][0xd0]7[0xdc]#[0xdb][0x84][0xb4]Hj 6T![0x8f][0xa6]Q[0xcd]~|[0x13]H(~GdlBv#[0xf2][0x10]h[0xb7][0x1c][0x91][0xb1][0x88][0xb4][0xcc][0x89][0x90][0xf9]doV[0xc4][0x97][0x8a]L[0x10]%[0x3]U[0xed]'[0xd6][0xfb][0x88][0x9c]IU[0xeb][0x89][0x8e]^D&[0xa2][0x99][0xfd][0xe8][0xdd]N[0x94][0xe4][0x85][0xa8]uif?[0xbe][0xe8]GZ[0xb0]40[0xf6]#z[0xa8]4[0xb3][0x1f][0xfd][0x9c][0x15][0xe4][0xf0]GZME3[0xfb][0xf1][0x86]?[0xa2][0xb]<0[0xf6][0xd3]([0xfb][0x13][0x9b][0xff][0x90][0x16]b[\r][0x8c][0xff][0x11][0xe5][0xf][0xac][0x85]hjJ[0xa3][0xa9]=SSD[0xe3][0x80][0xba][0xab][0xf0]MM[0x11][0xc5][0x98]g^IjNNfzj^[0x89]BpIj*h[0xf5]c>[0x96][0x15][0xb3][0x9e])[0xa0][0xf3]$[0x8a]3[0x15][0xf2][0x12]KJ[0x8b]A[0xb]BADb1YkbMM[0x11][0xe5][0x18],[0x1c]i[0xb3][0xfe][0xd1][0x14]s5[0x16][0xad][0xa2][0x8b]n[0xab][0xa9]L[0xe9][0xb6][0x9a][0xca][0x94]nk[0x9c][0xc0]{[0xd9][0xa1]Kai[0x9d]"[0x10][0x89][0xdf]5/[0xbf]([0x17][0xb4]8: '[0x11][0xbc][0xfc][0xd7]9#1[0x13][0xb4][0xae][0x3]u[0x1]H[0x18]d!8[0xe8][0xd4][0x91][0x92]T[0x85][0xbc][0xfc]<[0xd0][0xb9]#e[0x99])[0xa0]<[0x93]ZL[0xd6][0xd2]_S[0xa4][0xf5]7.[0xa5]E[0xa0]5[0x1e][0xa0][0xad][0x4]9[\n]"
05:47:31.098 [main] DEBUG org.apache.http.wire -  << "[0xd8]][0x10][0xc]][0xea][0xac]PX[0x9a][0xaf][0x80][0xb4].;3[0x8f][0x9c]%[0xe9][0xa6]t[fc[0x8a][0xb4][0xcc][0x86][0xc6][0xd1]J[0xb7]e$[0xa6]t[FbJ[0xb7]e$[0xa6]H[0x87][0x90][0xd0]8[0x9e][0x90][0x8e][0x1b][0x9][0x8]6[0xc1],[0xf5][0x8b]M[0x14][0x92][0x12][0x8b]J[0x11][0xbd]#c[0xfc]k[0xab][0x90][0x9b]gt[[0xa2]b[0x8a]th[0x9][0xad][0xc3][0xb][0xd1][0xe4][0xa3][0xb5]M[0x88][0xc6][0x1d][0xad]m[0xa2][0xdb] [0xaf][0x5]f[0x83][\r]3[0xc9][0x11]}[0x4]#[0xbe][0xa6][0xb9][0x5][0xa2][0xb5]F[0xeb][0xd0]CT`[0xb4][0xb6][0x89]n[0xcd]4Kz-[0xfc]4EZ[0x1e]D[0xe3][0xd0]CZ[0xf2]Ck[0x9b][0xe8]VFX"[0xca][0x8][0xaa][0x97][0xde][0x96]t+[0x15][0x90]V[0xfb][0xd0]:f[0xe8][0x95]W[0xcd][0x90]N[0xea]q-J[0xcf][0xcf][0xcb][0xcf][0xcd]LVp[0xcc])[0xcd][0xcd][0xcc]+[0xcd][0xc5][0xba][0xed][0xcf][0xb1][0xb4]D!)5[0xb1]$1[0x15][0xbe][0xa9]-5W!7[0xb1]"37U!/57_!3'[0xa7]4[0x17][0xb4][0xe1][0xf][0xdc][0xf7]#[0xa7][0xa9]if@[0xaf]b[0xd1][0xcc][0x80]^[0x85][0x95][0xd9][0xe0]^'a6[0x18][0xd7]I[0x98][0xd1]k[0x9d][0x84][0x89][0x9]RUB[0xab][0x93]8[0xe9][0x95][0xd2]L[0x91][0xf6][0xb][0xd0][0xba][0xa0][0xa2][0x97][0x9f][0xcc][0x90][0xce]b[0xa5][0xad][0x9f][0xcc][0xc][0x10][0x95][0x15][0xad]m[0xa2]W[0xd5]efH[0xaf][0x6][0xad][0x19][0xd2][0x8a][0x19][0xec][0x93][0xc0][0x3]:Gm[0x86][0xb4][0xcc][0x6][0xbb][0xf3][0x10]=H[0xba][0xad][0xf2]6C:[0x16][0x8a][0xc6])[0xce][0x8][0xd1][0xe4][0xb][0x8]64[0xa0][0xa0]S[0x83]~[0x9e][0x11]|W[0x2]R5[0x7]9<[0x1e][0xc3][0x92]4[0xfc][0xe7][0xca][0x1b][0x9b][0x19][0xd1]-[0x7]"[0x9d][0xbc][0x94][0x9d]Y[0x90]X[0xac][0x90][0x98][0x97][0x8e][0xe5]d[0xf2][0xdc][0xd4][0xbc][0xf4][0xd4][0x9c][0xd2][0xc4][0xa2][0xec][0xc4]<[0x88][0x12][0x85][0xe2][0xc4][0xbc][0xf4][0xc4][0x12][0x85][0xec][0xd4][0xbc][0xe4]D[0xf0][0xae])[0xe8]q+[0xf8][0xf][0xf5][0x83][0x87][0x12][0xd2][0xf1][0x1b][0xe4][0x9d][0xbe]ol[0x86][0xb4]>[0x8]~\[0x83]SQ~^U*[0x8e][0xe1]@[0xc8]9[0x84]E[0xa9][0x5][0xa9]99[0xa9]y)[0xa5][0xc5][\n]"
05:47:31.098 [main] DEBUG org.apache.http.wire -  << "[0x89][0xc9][0xa0]#F@[0x7][0x8b][0x14][0x96][0x92]5$o[0x86][0xb4]t[0xc8]75%3?[0xb9]([0x15]4"[0x9]:[0xc][0x11][0xc7]![0x1a][0x8e]`;[0xf3]J2A[0x7][0x85][0x94]([0xe4][0x83][0xcf][0xd4]HT(K[0xcd][0xc9],Q[0xc8][0xcb]O[0xca],&[0xab][0xc5][0x88]t[0xcc][0xd4][0x90][0x8b]I[0xa4][0xb5]JC[0xcf][0xed][0x88][0xb9][0xd5][0xa1][0xe7]v[0xc4][0xb2][0x8b][0xa1][0xe7]vDIN[0xe3]:[0x3]iY[0x97]g^rQjJfRN[0xaa][0x2][0xac][0xa4][0xc9][0xc9]O[0xc6][0xdc][0xfb][0xea][0x9a][0x8]?fE!5/[0x13][0xd2][0x19],[0x6][0xe5][0xef][0xd4][0xe2][0xe4][0xcc][0xd2][0xbc][0x12][0x85][0x94][0xd2]d[0xf0][0x81]F[0x90]3[0x84]r[0xc9][0xca][0xf2]t[[0xda]e[0x86][0xb4][0xe0][0x8a][0xd6][0x81]M[0xb7][0x6]5[0xd2][0x9a] [0x1a][0xfb][0xc9][0x84]n[0xcd]\[0x13]D3[0x97]&[0x19][0x1a]g[0xa3][0x87][\n]"
05:47:31.098 [main] DEBUG org.apache.http.wire -  << "[0xd5][0xb9][0x9][0xe5]C[0x1e][0xc8][0xb7][0xe8][0xe0][0x19]t63[0xa1][0xdb][0xf0][0x12][0xd2][0xca][0x1f][0x1a]'2SD=Dk[0x9b][0x8][0x97][0xbc][0x0][0x0][0x0][0x0][0xff][0xff]"
05:47:31.098 [main] DEBUG org.apache.http.wire -  << "[\r][\n]"
05:47:31.098 [main] DEBUG org.apache.http.wire -  << "CE5[\r][\n]"
05:47:31.098 [main] DEBUG org.apache.http.wire -  << "R[0xc2]wR[0xb][0xd1][0xa7][0x92][0x98]![0xad][[0xa1][0xb5][0x9f](O|[0xc4][0xad][0xc5]3[0xa3][0xdb][0x1a][0xe]3[0xba][0xad][0xac]0[0xa3][0xdb][0xe9]1ft;[0xd3][0xc5][0xc]tK[0x0]]VV[0x98]![0xad]i[0xa0]q*[0xa7][0xdb][0xb2][0x2]3[0xa4]e[0x5][0x1e][0x5][\n]"
05:47:31.098 [main] DEBUG org.apache.http.wire -  << "a[0x99]e[0xf9][\n]"
05:47:31.098 [main] DEBUG org.apache.http.wire -  << "[0x91]FF[0x18]=[0xe1][0xdc][0xd4][0xdc][0xcc][0x9c][0xcc][0xec]L[0x85][0xe2][0x82][0xd4][0xe2][0xcc][0xb4][0xcc]l[0xd0][0x99]"[0x95][0x89]y[0xe9][\n]"
05:47:31.098 [main] DEBUG org.apache.http.wire -  << "[0x89][0x5][0xe0][0x93]F[0xa1][0x9d]Jc[0xd0][0xbd]0([0xa7][0xc5][0xa3][0xd7]DH[0xf3][0xd9]f[0xe6][0xa4]t[0x9f][0xb1][0x9c][0xff][0x8d]''S[0xaf][0xff]jb[0x82]t[0xbf][0x2]4[0xde][0x8d]1[0x2][0x88][0x1a][0xe5][0xa8][0x89][0x89]%)[0x1]B[0xc1])s&&HSD4[0x1a]EF[0xda][0x2][0x1a][0x92][0x98]Q[0xaa][0x90]T[0x9a][0x83][0xe5][0xc]D|[0xe1]F[0xdc][0xaa]I[0x13]S[0xa4][0x81][0x1c]2m"[0xb6][0xa6]31E[0x1a][0xe7][0xa7][0xbd]][0x88]F"4[0xdd][0xd1]fm[0x9f][0x89])[0xbd][0xf6])[0x9a][0xd0]mz[0xda][0xc4][0x94]^[0xd3][0xd3]&[0xa6][0x98][0xe5][0x3][0xad][0xe2][0x89]n[0xe5][0x83])[0xbd]&[0xab]ML[0x91]J"[0x1a][0xa7]r[0xba][0xcd]6[0x99]!-[0xa1][0xb][0x80]\[0xf3][0xa6][0xe0]X[0x9a][0x93][0x99][0xa8][0x80]Yqd[0xe6]e[0x82][0x96][[0x82][0xae][0x82]SH[0x84][0xab][0x81]V[0xa7][0xc4][0x95][0x80][0xc6]f[0xe6]t*)[0x8c][0xcd][0xcc][0x11]=2[0xec][0xd3][0x12][0x3];k[0x82][0xb4][0xfa][0xe][0xbb][0xf3]p[0xcd][0x9a][0xa0][0xef]J[0xa1]^[0xfb][0xc1][0xd8][0xc]i[0xd9][0x1e]vG[\r]p[0x98]![0xba][0x89][0xd8][0x9d][0x87]+[0xcc][0xd0]{[0xee]T[\r]3DK[0x8][0x9c][0x83][0xb2][0x15][0xdc]3Ss0[0x9a]]![0xa0]C[0xc6][0xf3][0xd2]A[0x17]$f[0x17]e[0x16][0x14]g"[0xdc]J[0xfc][0xde]A3[0xb][0xc4][0xb8][0xf][0x92]e[\n]"
05:47:31.098 [main] DEBUG org.apache.http.wire -  << "[0xd9][0xa9][0xba][0x98]-a*[0xd9][0x88][0xc8][0xb0]h6b[0x96][0x10]T[0xb2][0x11][0xd1]q[0xa6][0xcf]MWfH[0x17][0xa0][0x81][0xfd][0x98]\B[0xdb]B[0x10]ia[0x4][0x9d]|H[0xaf]&[0x86][0xb1][0x19][0xbd]*~c3zU[0xc7][0xc6]f[0x96][0x88][0xaa][0x84][0xa6][0x15][0xbf][0xb1]9[0xa8]CJ[0x97]![0x2]s[0xa4]kri[0xed]'D[0x9]Bk[0x9b][0xe8][0x16]OH]F[0x1a][0xfb][0xc9][0x10]1[0xa1][0xe6][0x19][0xe0][0xe1][0xef][0xe7][0xaa]`h[0xaa][0x10][0x10][0xe4][0x8f]Q[0xc1]x[0xb8][0xfa][0xb9][0x7][0xf8][0xfb]![0xaa][0x15][0x13][0xd0]H11w[0xe1][0x99]#[0xad]S[0xa3][0xb5]o[0x10][0xf5][0x17][0xed]|C[0xb7][0xf4][0x86][0xb4]0[0x87][0xc6][0xe1][0x86][0xb4][0xc6][0x86][0xd6]6![0xd2][0x1b][0xad]mB4[0x9c]hm[0x13]R[0x8b]"1[0xaf][0x4][0xb2][0xc3][0xcc]7[0xb1][0x8]4[0xe9][0xea][0x93][0x98][0x8b]y[\r][0x90]k[0x89]BFf2h[0xd5]m>[0xd2]4*h[0xf4][0x9b][0xa8][0xfc][0x84][0xb4][0x82]#)[0xb1]85[0xa5](-[0xb3][0x2]#[0xbf][0x82]eR[0xd3][0x12]KsJR@;[0xdd][0xa0][0x1d])3K[0xd0][0xe0]-q[0xd6][0xd0]kb[0xd3][0x1c][0xe9][0xe6]+[0xda][0x8c][0xbd][0xa2]7[0xd0][0x91][0xc6]^[0xcd][0x91][0xee][0xc0][0xa2]q:[0xa1][0xdb]q#[0xe6]t[0x9b][0xfd]6[0xa7][0xee]i#[0xf8][0xe2][0x9]i[0xc2][0x96][0xc6][0xf1][0x84]t[0xf6][0x5][0xad]mB[0x94][0x1c][0xb4][0xb6][0x9][0x91][0x99]iV3[0x82][0x1a][0x4][0xd0][0xd6]%[0xfd][0xb3]1[0xd2]l[0xf2][0x0]XN[0xb7]Z[\r][0xe9]R[0x1c][0x1a][0xa7][0x18][0xa4][0x8b]i[0x6] @[0x11][0x19]c[0x0],G[0xb4][0xf3][0x7][0xc0]rDF[0xa5][0xbf][0xe5]H[0x87]([0xc][0x80][0xe5][0x88][0xf5] [0x3]`9"[0x7][0xd3]c[0x8c][0xc6][0x9c]n[0xb][0x10][0xcc][0xe9]v[0xb4][0x83]9[0xd2][0x2][0x4][0xec][0xe3][0xa7][0x3]:[0xbc]k[0xe]j[0xf8]B[0xab]'[0xec][0xce]C[0xea][0xdb]Z[0xe2][[0x98]E[0xc5][0xe1]]s[0xba][0x9d][0xd0]`[0x8e][0xb4][0x94][0x2][0xbb][0xf7][0x7]6v[0x90][0xd6]_`w[0xde][0x80][0xc4][0xe][0xa2][0xf]9[0x88][0x1c][0x85][0x18][0x80][0xc0][0xee][0xa8][0x1][0x8e]HD[0xed][0x89][0xdd]y[0x3][0x12][0x91][0x88]Zu[0xf0]8jpO[0x87][0x99][0xa3][0xdc][0xce][0xe2][0x1f][0x81][0xef]r[0x16][0xba]m[0xbc]2G[0xba][0x9e][0xc5][0xa5]4[0xbb]4[0xf]c[0xdc][0x3][0x91][0xba][0xcc][0x88]>O[0xc4][0x1c][0xe9][0xf4][0x8][0xec][0xc9]c`[0xb3][0x14][0xca][0x9d]/[0x83]&&[0x8]e[0xa9][0x81][\r]3[0xa4][0xe3][0x1f][0xb0]G)"[0xa1][0xd0]/[0xf5]Z[0x12][0x9a]a[0x1e][0xe0]0C[0xc][0x9f][0xf][0xa2]0[0x1b][0xdc][0xd5][0x1d][0xd2][0xe4][0xdd] [\n]"
05:47:31.099 [main] DEBUG org.apache.http.wire -  << "[0xb3]A[0x9d]7-[0x90][0x8e][0xb0][0x18]4af[0x81][0xb4]][0x9d]&;Q[0xd0][0xc7]6[0xa9][0xd8][0x8b][0xb0]@[0x9a]m[0x1d]zn'[0xd4][0xc6][0x1e][0xd0]2[0xd1][0x2][0xe9]&[0x9b]A[0x94]V[0x11][0xc3]c[0xb4][0x1d][0x5][0xb4]@:l[0x85][0xee][0x83]2[0x16]H[0xd3][0xe0][0xd8][0xc3]~`[0x93][0x6][0xd2][0xdc]9v[0xe7][\r]@[0x13][0xc3][0x2]i[0xb2]}[0xc8][0x15][0x5]Hk[0xca][0xb1][0x7][0xe8][0x0][0xc7]7[0xa1][0x96][0xc8][0x80][0xc4]7[0xdd][0x8a][0x2][0xa4][0xe5][0x8]C/e![0x1a]D[0xe0][0x2][0xd3][0xb1](3=1[0xbf][0x4]t[0xfa]$[0xea][0x11][0xb0][0xf8][0xb6]a[0x10][0xbb]9[0xc2][0xd8][0x2]i=[0xc5][0x90][0xb]*[0xa4][0xa3]M[0xe8][0xb3]z[0xd0][0x2][0xe9][0x88][0x13]p[0xe4][0x4][0x4][0xd3]f[0xdb][0x80][0xb1][0x5][0xd2]1%[0xf4][0xf2][0x1b][0xa2][0xcc][0xa0][0xb5][0xdf][0xe8]V[0x10] [0x1d][0xdc]Ac?![0x1d][0xb3]Ak[0x9b][0x10][0x93]OC.[0xc7][0x1a][0xa3][0x15]n[0xb4][0xcb]?H[0xbb][0xf5]q[0xc6][0x7][0xa2][0x12]$[0xbe][0xbc]D[0xda]I[0xaf][0x80]1[0xa2]G[0x9d]"[0xd9][0x84]n[0x81][0x84][0xb4][0xc]b[0xc8]%%[0xa4]U[0x14]8#[0x98]:[0xf1][0x81]t[0xc3][0x6][0xad]mB[0xc][0xba][0xd1][0xda]&DW[0x96][0xd6]6!F[0xea]hm[0x13][0xdd]*0[0xa4]k0h[0xed]'DY0[0xe4]r([0xd2][0x12][0x8d][0xa1][0xe7][0xf6]!\[0xc9]"[0xdd][0xc5]1[0xf4][0xc2][0x1d]Q[0x2][0xe]=[0xb7]#[0xca][0x9f][0xcc][0xbc][0x94][0xfc][0xdc][0xcc]T[0x8c][0x6]Bbv[0xa9]Bqiv[0xa2][0x2]B[0x1]t[0xb5][0xb3][0x11][0xd1]S[0x80][0x16]H[0x8b]W[0xa0][0xa5][0xf][0xe6][0x84]'[0xbe][0x9a][0x8f]n[0x93]H[0x16]f[0x88][0x9]v[0x9c].E4[0xc2][0xf0][0xed][0x9c][0xa5][0xe6][0x10][0xb4]9b[0x1][0x15][0xc4]U[0xc5][0xa6][0xc5][0x18]1[0x5][0xf]@[0xf4]3,[0xcc][0xcc][0xcc][0xf0][0x9c]a[0x81][0xb4]\[0xdb][0x2]i[0xaa][0x16][0x11][0xdd][0xa8]}x[0xaa][0xa4][0x7][0xa4]c[0xfe]ik[0xf]"6ik[0xf][0xa2][0xce][0xa3][0xa9]=H[0xf3][0xae][0xb4][0xb5][0x7][0x91][0xde]hk[0xf]R[0xb7][0xba]2/[0xb5](=[0x13]|[0x81][0x10][0xe4][\n]"
05:47:31.099 [main] DEBUG org.apache.http.wire -  << "-[0xec][0x97][0xf8]x[0x16][0xe5][0x83][0xd6]%[0xc0][0xca] K[0xd0][0xae]Zbv\X"m[0xcf]C[0x1c][0xed][0xe]2M[0xc1])[0xbf][0xa4]$[0x7][0xb3][0xe4]s[0xce][0x7][0x1d][0xef]W[0x2][0x92][0x80][0xda]fn[0xe][0xca][0x88][0xc4][0xd9][0x86][0xa8][0x8d][0x83]sRS[0xb3][0x15][0xdc][0x8b][0x12][0xf3]2KR[0x15][0xc2][0x13]srRK02/[0xec][0x8c]yD[0xd9]bb[0x0][0xda]fN[0x9c]e[0x88]`[0x1c]bU[0x90][0x89])[0xbd][0x8e][0x97]615@[0x14][0x6]4?T[0x5]if[0x7][0x8f]][0x88][0xc8]&[0xb6]7ob[0x8a]4/[0x82][0xc7]dx]@[0xc9][0xf1]=[0xa6][0x86][0x88]b[\r]R[0xed][0xd0]h[0xec][0xd0][0xc4][0x14]i\[0x14][0xfb][0xe4][0x4]"[0xa8][0xe8][0xd5][0x16]01[0xa5][0xd7][0xd0][0xa9][0x89])[0xbd][0xee]k71E:%[0x99][0xa6]Qjl[0x81][0xb4][0xef][0x8c][0xd6]6[0xd1]md[0x0]iC[0x96]cjQ~Je^"[0xe8][0x82][0x10][0xd8][0xc5]w![0xa0][0x1b][0xe8]0[0x8a]v[0xd7][0x8a][0x82][0xd4][0x94][0xcc][0x92]D[0x85][0xd2][0x12][0xd0][0xb1][0xce][\n]"
05:47:31.099 [main] DEBUG org.apache.http.wire -  << "[0xc9][0xf9]E[0x5][0xf9]E[0xe4][0x9d][0xeb]l[0x81]t-t0R[0x8d][0xe9][0x93][0x99][0x97][0x9a][0xa7][0xe0][0x94][0x98][0x8e]i{q[0x89]BjQQ~[0x91]B^fFf[0xe][0xc8][0x5][0x99]%[\n]"
05:47:31.099 [main] DEBUG org.apache.http.wire -  << "[0xc5][0x99]y%[\n]"
05:47:31.099 [main] DEBUG org.apache.http.wire -  << "E[0xa9]E[0xa5][0xb9][\n]"
05:47:31.099 [main] DEBUG org.apache.http.wire -  << "[0xa5]99[0x89]d[0x1d]8kA[0xb7]Mc[0x16]&[0x88][0xf6][0x8][0x8d][0xd3][0x12][0xdd][0x8e][0x81][0xb5][0xa0][0xdb]F8[0xb][0xba][0x1d]8k[0x81]t%[0xea][0x10]k[0x88][0x18][ [0xed]`[0x80][0xa6][0xb1][0xc1][0xda]G[0xc5][0xdc][0xd6][0x80][0xe9]RD}I[0xb7]>*R[0x8b]7?[0xaf]R[0x81]v[0x13]%[0x98][0x7]:b[0xfa][0x1f]_[0x3][0x88]^-[0x8]c[0xb][0xa4][0x13][0xba]p[0xa6][0xa9][0x1][0x88])[0xc4][0xa8][0xf]NW[\r][0x92][0xf0]Ctlp[0xba]t[0x0][0xc2][0xf][0xd1][0x91][0xc0][0xde]X[0x1d][0xd8][0x95]4[0xa0]n[0xe3]`[0xdb][0x8a]e[0x81][0xb4][0x1d][0x83][0xa6]#[\n]"
05:47:31.099 [main] DEBUG org.apache.http.wire -  << "[0x98]W[0x8a][0xe][0xd6][0xb2][0x1]i[0x7][0xc8] J[0xdb][0x16][0x18]m[0xe9]A[0x1b]~[0x18][0xb3]t[0x98].[0xa5][0xd9][0x80]t[0x84][0x16]M[0xd3]9[0xf2][0x1]Z[0xe0][0xf1]%[0xd8][0x0][0x92]BxbIr[0x6]F7[0xc0]'5[0xb1]$#[0x15][0xe9][0xac][0x12][0xb]#[0xd0][0x1e]tb[0x86][0x97],[0x90]V[0xe1]C[0xc6][0xb2][0xc2][0xf3][0xf3]s[0x88][0x1f][0xc8]22[0x2][0x95]H[0xc4][0xd9][0x84]4[0xe0][0x80][0xd4][0xbb][0x9][0xce][0xcc][0xc9]Vp[0xc6]z[0xb5][0x6][0xe4][0xde][\r]D<[0x1b][0x19][0x81][0xc6][0xb0][0x89][0xb1][0xcc][0x12]iM[0xba][0x1b][0xfc]d[0x19][0x88]y[\n]"
05:47:31.099 [main] DEBUG org.apache.http.wire -  << "[0xce][0xf9]XN[0x11][0xe][0xce][0xcf])-ITH-QH.-[0xc8][0x4]u[0xe9]JR[0x91][0x8e][0x98][0xc1][0xd5][0x11][0xd2]0[0xbb]%[0xf2][0x98][0x17][0x92]7[0x9d][0xf3][0xb][\n]"
05:47:31.100 [main] DEBUG org.apache.http.wire -  << "R[0x8b][0x14][0xbc][0xf3]2[0xd3]@[0x83][0x8e][0xa8][0xe3][0xee][0x10][0x87]!<ja[0x9][0xea]`[0x13][0xe7]QDN[0x19]j[0xad]rK[0xa4][0x15][0xe2][0x90][0xb4][0x7]=[0xfa]' 1[0xaf][0x4]s[\n]"
05:47:31.100 [main] DEBUG org.apache.http.wire -  << "$[0xa8]4)[0x9]9[0x91][0x9b][0x9a][0x81].[0xff]&.[0x90][0x10][0x95]:[0xc4]"x[0x86][0xc2]n[0x15][0xb4][0xcf][0x8f][0x88][0x10]K[0xb][0xd0][0xaa][0xb][0xe2][0xec]B$s[0xe4]a[0x4][0xb8][0x8d][0xde][0xa9][0x95]I[0xf9][0x89]E)[0x84]s[0xb1][0x19][0xf8][0xfc]/[0xa2],EZ[0xef]=[0xe4]R[0x1][0xd2][0xd9][0xdb][0xc1][0xb9][0x89]99HW[0xb2]b-[0x15][0xb0]D[0xe](![0x11][0x17]N[0x88][0xb1][0x6][0xcf][0xbc][0x92][0xd4][0x9c][0x9c][0xcc][0xf4][0xd4][0xbc][0x12][0x5][0xc8][0x8][0xb][0xf6][0xb4][0x0][0x9e][0xaf]@[0xa4][0x4]s[0xb]CS[0xe2]&[0xdc],[0x91][0x16][0x94]{[0xa4]&[0x96]U*[0xb8][0x94][0x96]T"|[0x87]3![0x80][0xe6]-[0x90]-[0x4][\r][0xc5][0x10][0xe7];D[0xfd][0xe][0xbf][0xa0][0xcc]9[0xbf][0xa4]$?[0xf]W[0x81][0xe][0xc9]p[0x8][0xcb]L,A[0x3][0xe9][0xc4]Y[0x86](x[0x90][0x7][0xab]@[0x8e]WpJ[0xcd][0xc3]RMa[0x96]r[0xa0][0xe3][0x94][0x89][0xb3][0xc][0xd1][0xab][0x9](JL.[0xc9]LN[0xcc][0x81]][0xcb][0xe4][0x81][0xa5]4[0x87]N[0xc8] <fj[0xc]ZYL[0x9c]]H[0xfd][0x12]pz[0xc]H[0x4][0x95][0xdc][0xd8][0xab]^[0xf4][0x0]42[0x6][0xad][0x94]%[0xce][0x1e]D[0xa1][0x14]T[\n]"
05:47:31.100 [main] DEBUG org.apache.http.wire -  << "[0x9e][0x1a][0x83][0xd6][0x11]X[0xeb]'[0x88][0x1c][0xc2]C[0x96][0xa6][0xc4][[0x84][0xbd]D[0x82][0x94][0xa7][\n]"
05:47:31.100 [main] DEBUG org.apache.http.wire -  << "[0xd8][0x82][0xf]"[0x85][0xb0][0xcc][0xc8][0x4]th3Q[0xbe][0x2][0x5]3[0xb4][0x83][0x82]t[0x83][0x16]$[0x83]a[0xaf][0xe5][0xd1][0x83][0xd0][0xcc][0x18][0x94]q[0x88][0xb3][0xc][0x91][0x9d]}2[0xd3]3J[0xca]SA[0xa4][0x2][0xc4]D[0xac]>[0xb][0xcf][0xcf]OIE[0x9a]c4[0xb5][0x4][0xad][0x94]%[0xce]2D[0xee][0x1a]re,[0xf2][0x1c][0x4]8M[0xc3][0xe6]?[0x15][0xb0][0x17]z[0x18]e[0xac][0x99][0x85][0xa9]1[0x91][0xc5][0x1e][0xd2]=[0x93][0xf0]R[0x8][0x92][0x85][0xb0]%5[0x8c][0xb6][0xab][0x11][0xf8][0xe0]x[0xe2]b[0x4][0x91]S][0xf3][0xf2][0x8b]r[0xf3]K[0x8b][0x11][0xc5]+v[0x8f][0xa1]g##[0xb][0xd0][0x99][0xbf][0xc4][0xd9][0x86][0xc8][0xaf][0xc8][0x15];n[0xaf][0x81]Z[0xb6][0x88]<D[0xfc][0xf9][0x81][0x96]H[0xcb][0xc4][0x1d][0xcb]S[0x8b][0xf3]sS[0x15][0xa0][0xc5]xpFf[0x11][0xe6][0xfc]2Z[0x15]eaI[0xec][0x81][0x88][0xe0][0xc4][0xf][0xcd][0xad][0x88]ysx[0xda][0xc0]Q[0x10][0x81]*[0x14][0x84][0xbf],,@[0xb]>[0x88][\n]"
05:47:31.100 [main] DEBUG org.apache.http.wire -  << "Ac[0xc4]("[0xc2]6hQ[0xad][0x10][0x90][0x93][0x8][0x9e][0x8e]Gm[0x19][0x83][0xaa][0x13][0x84]][0xc6][0xc6][0xa0]}[0xe0][0xc4][0xd9][0x85]([0x1a][0xa0][0xa5]+$[0xeb][0xe3][0xb0][0x7]#[0xc1][0x9b][0x1b][0x82]F[0x1b][0x88][0xb3][\n]"
05:47:31.100 [main] DEBUG org.apache.http.wire -  << "[0xb1]H[0xc][0x9e][0xc][0xa1][0xc9]Z[0x1][0xeb])[0x96]P/#[0xfc]eaHtS[0x16][0xe9]"@[0x97][0xd2]"[0xd0][0x9c][0x14]"[0xc9]c[0xaf]vA[0x1d]:[0x84]Uf[0xc4][0xaf]<@:[0xb]q[0xc8][0x15]xH[0x93]y[0xc8]5[0x3]<i[0xe3][0xb8][0xb0][0x15]5[0xb9][0x99][0x9a][0x80][0xe6][0xa6][0x88]K[0x3][0x88]:[0x16][0xd9]>x[0xab][0x1f][[0xd1][0x87][0x1a]1[0xa6][0x86][0xa0][0xd3][0xce][0x89][0xb2][0xc]i[0x9e][0x10][0xd9]2h[0x2][0xc7][0xbe][0xb4][0x6][0xbd]J71[0x4][0x9d][0x8d]A[0x9c]u[0x88]l[0x8b]T[0xa5][0x83][0xb][0x1d][0x1c][0xb7][0xef][0x82][0xe5][0x10]i[0xce][0xc8][0x18]tT(qv![0xb2]-[0x92]][0xd0][\n]"
05:47:31.100 [main] DEBUG org.apache.http.wire -  << "[0x1d]{[0xfb][0x1][0x16][0xa7][0x8][0xfb][0x8c][0xc1][0x87][0x84][0x11]g[0x1f]R[0xde]-J[0xcf][0xcf][0xcb][0x7]M[0xf9][0xc2][0xb][0xdb][0xfc]T[0xcc]n(j[0xa9]nn[0x8][0xba][0xe6][0x84]8[0xab][0x10][0xed][0x7][0xe4][0x6]34[0xd6]p$[0x10][0x94][0xc6][0x8a][0x99]%[0xd1][0xe9][0x11]iZ[0x10]~a2[0xa4][0xa6][0xc2][0xde][0x8e]E[0x8f]1[0x13][0xd0][0x8]&q[0xde]B4[0xcd]![0xdd]7h[0xe9][0x86][0xa3][0xa0][0x85][0xca]""[0xcb][0xd2][0x14]t[0xa2][0x1b]qV![0xea]{[0x8c]A[0x1d]l[0xe1][0x7]nu"l23 zT[0x5]y[0xcf][0xb]x[0x4][0xe][0xd2]n [0xd6]O[0xc6][0xa6][0xa0][0x93][0x86][0x89][0xf2][0x13][0xd2][0xbe][0x91]!W[0xc8][0x82][0xc6]D[0xa0][0xad][0x7][0xe8](7[0x8d][0xb6][0x1f]Z[0x82][0x1a][0x9f]P[0x9b][0x90]K<h[0xad][0xad][0x80][0xa3]4[0x87]D[0x1a]"[0x1][0x98][0x9a][0x80][0x6][0xe7][0x88][0x8b][0x16]DfEt8a[0x95]:[0xf6]r[0x8]#e[0x9b][0x98][0x82][0xb6][0x1c][0x10]g[0x1d][0xa2]3[0x8d]4T[0x0][0xaa][0x8d]p[0x8c][0x18]B}[0x8e][0xf0][0x9b][0x91]![0xb1][0xb][0x81]-Ac[0xc3]X[0x2][0x13]\[0x4][0xe0][0xe8][0xf][0xa0][0x16]zFfD7[0xc3][0x90][0xb6][0xa6]@[0x9b]a[0xf0]*18[0x3]k[0xf1]Z[0x92][\n]"
05:47:31.100 [main] DEBUG org.apache.http.wire -  << "[0xbe][0xa4][0x5][0xba]*[0xd3][0xd2][0x14]4[0xb4]E\[0x18]"[0xda][0xe7]P[0xab] [0xf1][0x8f]cp[0x19][0xec]]D[0xf8][0x99][0x18][0x82]f[0xb1][0x88][0xb3][0x8]{][0xf][0x8e]-[0xec][0x95]/[0xb8][0xe4]E[0xb2][0x8b][0xf8]f,([0x5]A[0xe3][\n]"
05:47:31.100 [main] DEBUG org.apache.http.wire -  << "[0xde][0x99][0x82]z[0xb]{[0x7][0x7]#aX[0x18][0x81][0xee][0x18]![0xca]c[0xa0]n[0x3][0xd4]2[0xe4][0xd1]1P;[0x5]G2D+a-[\r]A[0x1d]M[0xe2][0xec]BT[0xf4](9[0x1a]:[0xd6][0x82]u[0x1d]-Z[0x94][0x99][0x9b][0x13][0xef]3DvF[0xca]_[0xd0]f[0x5][0xf6]f3[0x9a][0xd7]Hh[0x9e][0x81]2"4[0x18][0x87]\[0x91][0x8e][0xb9][0x99][0x83]VE:[0xe6]f[0xc][0x9a][0xd9][0x84][0xc8][0xaf]4[0xae][0xa6][0x90][0x16][0xef][0xd0]r[0x82][0xd0][0x12][0xb4]R[0x1d][0x9a][0xc2]hk[0xf]"[0xdb][0xd0][0xd6][0x1e]D[0xc][0xd1][0xd4][0x1e]P[0x11]O[0x8f]p[0x3]MSB[0xed][0x9][0x8]V[0xc0]L[0xd7][0xe9][0x89][0xb9][0xa9][\n]"
05:47:31.100 [main] DEBUG org.apache.http.wire -  << "[0xa6][\n]"
05:47:31.100 [main] DEBUG org.apache.http.wire -  << "[0xc5]%[0x89]H[0x93][0xb6][0xf8]W.!O1[0x82]znP[0xe3]i[0x9c][0xa0]A]R[0xfa][0xd8][0x4][0x1a][0x86][0xa3][0x93]M[0x88][0xee],[0x8d]C[0xf]T=[0xd1][0xc9]O[0x88]n,M[0xfd]db[0x80]<[G[0xcb][0x95][0x80]&[0x6]H[0x9b]!h[0xed]'[0xfa][0x85][0x1e][0xa2]@[0xa5][0xb5][0x9f][0x10]=[\n]"
05:47:31.100 [main] DEBUG org.apache.http.wire -  << "[0xda][0xda][0x4][0x0][0x0][0x0][0xff][0xff]"
05:47:31.100 [main] DEBUG org.apache.http.wire -  << "[\r][\n]"
05:47:31.100 [main] DEBUG org.apache.http.wire -  << "202[\r][\n]"
05:47:31.100 [main] DEBUG org.apache.http.wire -  << "20D[0x1a][0x0][0xa0]q[0x8a]@[0xf4][0xff]3[0x3]2[0xf2][0xf3]R[\r]1[0xaf]:[0x4][0xef][0x8f]LM[0x81]][0x88][0x8a][0xd4][0xe8][0xc6]{29[0xa2]x51@:[0xae][0x89][0xd6]A[0x87][0xa8][0xf7]hl[0x13][0xd2][0xb4][0x1c][0xad]m[0xa2]S[0xf1]jb`[0x84][0xe8]B[0xd0][0xda]Ot+ [0xc8][0xda][0xc2][0x83]H[0xe4]Do53[0x0][\r]P[0xd1][0xa3]n21@[0x1a][0xad][0xce][0xcd][0xcc][0xc9][0xc6]X[0xf7][0x82]p=[0xbe][0xd5][0xec][0xc8][0x19][0x14][0xb4] [0x2][0xea]vj[0x99][0x88][0x88]`[0xba][0x1c]oeb[0x80]t [0x90]g[0x1][0xa8],S04T03QHO[0xc2][0x8] |[0xcb][0xb5][0x89][0x8f]p[0xa4][0xfb]o[0xb0]/lF[0xc4][0x3][0xfe][0x96]([0xf5][0xf6][0xbe][0x9b][0x18] [\r]E[0xd1].[0x14][0xa8][0xe8]`[0xf0][0xb8].4[0xe9][0x5]gW[0xe5][0xe7]+[0x84][0xe7][0xe7][0xa4]%g$[0x82][0x96][0x14][0xa0][0xce]\[0x6][0x97][0x14]%Vfg[0xa6][0x80]f[0x10][0xa0][0x83]Y[0x86]f[0xa0][0xad][0xa3]D[0xc][0x8f][0x98][0x98]"M[0x95][0x6]'[0xe6][0x16][0x97][0xe6][0xa5]+[0x4][0x1b][0x19]+[0x84][0xe6][0x94][0x14]%b$[0x10][0xf7][0xc4][0x9c][0xc4][0x8a]JD[0xfc][0x11][0x99][0x8f]LA[0xc3][0xe1]P[0xcf][0xc][0x9a]$a[\n]"
05:47:31.100 [main] DEBUG org.apache.http.wire -  << "[0x9a]*[0x82]:[0x8a][0xb0][0xcf][0x11]~&%l[0x91][0x1a]a[0x4][0xc3]6#[0xb3]2[0x11][0x14][0xe2][0xd0]($:h[0x11][0x8d][0xa2][0xc1][0x13][0xb4]H[0xfb][0xdf][0x6][0x91][0xa3][0x90]b[0x83][0xa6][0xcd]GS[0xa4]9[0xb1]A[0xe4][0xfd][0xc1][0x98]P[0x90][0xe]b[0x1b]<![0x85]4S6[0x88][0x1c][0x85][0xd4][0xcd][0x2]O[0x14]B[0xc7][0xdf][0xb1].>s[0xad]H-J[0xce],I,[0xc9][0xcc][0xcf]K[0xcd]U[0xc8]ML[0xcf][0xcb]T[0xc8]O[0xc9],QH[0xc9][0xcf][0xc9]/"c[0xb9][0xb9][0x89])R[\r]:xB[0x5][0xe9][0xc8]'[0x9a][0xb6][0xcc][0x8d]-[0xcd][0x11][0xd9][0x87][0xa6]#[0x87][0xa0][0xf5][0x8f][0xd0]Zi[0xc8][0x8d][0xe9][0x83][0xa6][0xf2][0xa1]n[0xa7][0xc9]h$[0xa2][0x0][0xa7][0x89][0xf1][0x88][0x1c]F[0x13][0xe3][0x11]c[\n]"
05:47:31.100 [main] DEBUG org.apache.http.wire -  << "[0xb4]0[0x1e]i[0xcb][0x10][0x8d]s[0x2]h[0x1d][\n]"
05:47:31.100 [main] DEBUG org.apache.http.wire -  << "4[0x96]im[0x13]"[0xcf][0xd1][0xda]&D[0xe4][0xd0][0xda]&[0xc4][0xe4]1[0xad]m[0xa2][0xdb][0x98][0xf][0xd2][0xa1]H4[0xf5][0x93][0x89][0x1][0xd2][0xb5]$[0xb4][0xb6][0x89]nc>H7[0x83][0xd0][0xda]O[0x88][0x2][0x94][0xd6]6![0xca]R[0xc][0x9b][0x0][0x0][0x0][0x0][0xff][0xff]"
05:47:31.100 [main] DEBUG org.apache.http.wire -  << "[\r][\n]"
05:47:31.100 [main] DEBUG org.apache.http.wire -  << "4BD[\r][\n]"
05:47:31.100 [main] DEBUG org.apache.http.wire -  << "*[0x0][0xb5]J[0x94][0xac][0x94][0xa8]3[0xda][0x0][0xda][0x91][0x3]-[0x8d][0x86]X}ib`[0x80](u[0xb0]7[0xa9][0x6]r[0xb][0xb8][0x89][0x1]h[0xc][0x1][0x1a][0xb4][0xd8][0x9d][0x87][0xe8][0x14][0xd3]o [0x7][0xb4]J[0x7][0xea][0xa8]![0x17][0xdf][0xa0][0x8d]4P[0xb7][0x13][0x9f]+[0x10][0x81]L[0xfc][0x10][0x1c]hq[0xc]},B[0xd4][0xd0]C/6[0x10][0xf5][0xe3][0x90]s;h/[0x11]]"[0x18]yx[0x90][0xe8]A[0x13]r[0x92],[0xd2][0x10]![0x95][0x86][0xda][0x91][0xc6][0xf7][0xa8]e"[0xa2][0xfe][0xa4][0x96][0x89][0xe4][0xd4][0x93]d[0x5]/"[0xa3][0xd2][0xb6][0xe8][0x19][0xba]{9L[0xc][0x90][0xf6]r[0xd0]kr[0x6][0xd1][0xca][0xa4][0xde][0xb4][0x84][0xa9][0x8e][0x92]sbIjz~Qfj[0xb1][0x92]U4[0xca][0x8c][0x16]"[0xc1][0x5][0x4][0x9b]`[0xc][0xf0][0x17][0x14][0x9b]($%[0x16][0x81].[0xdd][0x81][0x8e]C[0x1b][0x13]{>[0xb3][0x89][0x1][0xd2][0x15][0x11][0xb4]Mc&[0x88]>[0x14][0xf5][0xbb][0xd2]&[0x6][0xc8]k[0xf2][0x89].[0xf3][0x90]f_[0x88][0xaf][0xa7][0x91][0x86]?[0x89][0xf]1[0xf2]l[0xa2]p[0xb2][0x9c][0xc8][0xe9][0x8][0x3][0xa4][0x95][0xfa][0xb0]]c[0x90][0xdd][0xd8]8[0xd6][0xf5][0x6][0x96]f&*[0xa4][0xe6][0x17]+[0x14]A[0x6]+[0x15][0xf2]R[0x93]S[0x8b][0x8b][0xc1]c[0x97]I[0xa5][0xc5][\n]"
05:47:31.100 [main] DEBUG org.apache.http.wire -  << "i[0xa5][0xe9][0x99][0x89]%[\n]"
05:47:31.101 [main] DEBUG org.apache.http.wire -  << "[0x89]y[0x99][0xb9][0x99]H[0xc3][0x96]F[0xa0].'1[0xf3][[0x6]H[0xb][0xfa][0xc9][\n]"
05:47:31.101 [main] DEBUG org.apache.http.wire -  << "b[0xa2]=[0x8e]h[0xcb][0x93]e[0xf][0x9][0x89][0x6][0x91][0xfa][0x91]v.[0xc1][0x86][0x83]q[0xec]Pp[0xad]P(,ML-J[0x4][0x9d][0x1e]Y[0x4][0xe][0xde]b[0xa4][0xf0]$[0xf6][0xd4][0x11][0x13][0x3]SD[0xab][0x89][0xc6][0xfe]DZ[0x91][0xe][0xdf]Y[0x4]^[0x98][0xad][0xe0][0x9c][0x9f][PZ[0x2]>[0xa2][0x3]u*[0xd4][0xb1][0xb8] [0xb5](3[0xbf]([0xb5][0x18]r6e~rrbjrbI[0xa6]Ba)y[0xc9][0x7]y[0xa5]:[0xcd]f[0xcf][0xa9]8ol[0x0][0xda][0xe3][0x4]m[0x19][0xd2]r[0xe9][0x92][0x19][0xa2])DSk[0x10][0xd5][0x15]M[0xad]Aj[0x1d]![0x1d][0xa5][0x3][0xde]h[0x81]#C9[0x96]B'SRs[0x15][0x8a]R[0xb]RsrR[0xf3]RJ[0x91][0xf3][0x14][0xf1]e[0x14][0xd2][\n]"
05:47:31.101 [main] DEBUG org.apache.http.wire -  << "u[0xcf][0x0][0xf]?W[0x5]CS[0x85][0x80] [0x8c][0xea][0xd9][0xc3][0xd5][0xcf]=[0xc0][0xdf][0xf][0xd1][0x0]4[0x1][0xd5] D[0x95][0x83]H[0x7]S[0xd2][0xcc][0xe][0xa4]U[0xe9][0xb4][0xb3][0x3]Q[0x91][0xd1]p[0x1e][0xc6][0xc4][0xc0][0x1c][0xb1]P[0x87][0xb6][0xf6] [0xa5]p[0xda]][0x9e]ab[0x0][0xda][0xf7][\r]+[0x17]hi[0xf][0xe8][0x94].[0xa8]=4[0xae][0x1f][0x90][0xd6][0xd8][0xd3],[0xb5][0x81][0xb6][0xe6]C}C;;[0x10])[0x8d]vv [0x8a][0xeb][0xc1]3[0x94][0x87][0xb4]y[0x81][0x96][0x85];[0xe8][0xd4][0x8]h[0x1c][0xe][0x1e][0xbf]#[0xdd][0xc1][0x81]3[0x9b] [0x8a]y[0xe2][0x1b][0x87][0xf4][0xda][0x9]`b`9[0x18][0x93][0x14][0xf2][0x81][0x86]Dw[0xdd][0xc8][\n]"
05:47:31.101 [main] DEBUG org.apache.http.wire -  << "gDs[0x10]%*r[0xda][0xe6]d[0xf8][0x1e][0xdc][[0x18]lY[0xca][0x10][0xe9]$F[0x9c]Y[\n]"
05:47:31.101 [main] DEBUG org.apache.http.wire -  << "c[0xce][0x89],[0xdf]#[\n]"
05:47:31.101 [main] DEBUG org.apache.http.wire -  << "l[0xe2]-"[0xa7][0xd7]n[0x8][0xda]E>[0xf8][0xc2][0x19][0xa9][0xb1]Lt[0x1e]#[0xcf][0xfb][0x88]LF[0xab][0x9a][0xd1][0x10]t[0xc][0x1d]4[0x88]i[0x1d][0x99][0x88][0xdc][0x19]P[0x94][0x9f]R[0x9a]\[0xa2][0xe0]X[0x9a][0x93][0x99][0xa8][0x80][0xb9][0xb7]$3/[0x13][0xb6][0xaf]D![0x11][0xae][0x6]:"G[0xe4][0x88][0x84]![0xd2]L[0x19]}[0xec]C[0xb4][0xcc]i[0x1c][0x92]H[0x1b][0xb6][0xe8][0xe3]3D[0x86][0xa7][0x8f]}[0x88][0xaa][0x95]>[0xf6]![0xfa] [0xf4][0xb1][0xf]Q[0x82]8[0x15]%&[0xa7]b[0xbb][0xca][0xca]71%U!?M!#3=[0x3]4t[0x95][0x93]YR[0xa9]P[0x90][0x9a]X[0x94][0x83]\[0x94][0x80]v[0x1b][0x11][0xd3][0xfd]54D[0x14]%.a.[\n]"
05:47:31.101 [main] DEBUG org.apache.http.wire -  << "[0xde][0x99][0xb9][0xa9]%[0xc5][0xa5][\n]"
05:47:31.101 [main] DEBUG org.apache.http.wire -  << "y[0xf9][\n]"
05:47:31.101 [main] DEBUG org.apache.http.wire -  << "[0x91][0x89][0x99]I[0xa0]u[0xd7][0xa8]#I[0x88]z[0xc1][0xd0][0xc8][0x0]u[0x8][0x1c][0xcf][0xf0][0xba]![0xd2][0x8e].[0x90]5[0xbe][0xa5][0xe9][0xa9]y[\n]"
05:47:31.101 [main] DEBUG org.apache.http.wire -  << "!E[0x89][0x99][0x98][0xcb][0xf6][0xf1][0xd8]`[0x80]{[0x0][0xdf][0x10][0xe9]6%[0x1a][0xd9][0x0][\n]"
05:47:31.101 [main] DEBUG org.apache.http.wire -  << "Sh[0x89]H+[0x1b][0x10]%[0x5][0xad]l@[0xcc][0xab][0xc][0x9a][0xe6][0x99]![0xd2][0xf4][0xff] r[0x14]"/[0xe]"G![0x86][0xb8]i\[0x95] [0x9d][0x80][0x88][0xdd][0xfb][0x3][0xba][0x4][0xc7][0x10]i[0xfa][0x1d][0xbb][0xf3][0x10][0xa5][0x8][0xdd][0x96][0xe0][0x18]"M[0xd5]cw[0xd4][0x0][0x87][0x19][0xa2][0xf6][0xc4][0xee][0xbc][0x1][0x9]3D[0x15][0x9b][0x9e][0x98][0x9b][0x99][0x87]y[0xc5]VZ~[0x91][0x2]DJ[0xa1][0xa0][0xb4][0xa8] [0xbf][0x18]|$[0x1c][0xb4][0xcd]G[0xf4][0x0][0x80][0xa1]1"?[0xd3]8[0xeb] [0xcd][0xf4]+`[0x8c]Tct[0xb4][0x90]kmb7H[0x1b]"M[0xc8][0x93][0xe5][0x19]b[0x9b][0xca][0xc6][0x88][0xa6]9Y[0xf6][0x10][0x1f]=H{Tim[0x13][0xa2][0x92][0xa5][0xb5]M[0x88][0xca][0x96][0xd6]6!r[0x11][0xad]m[0xa2][[\r][0x84][0xb4][0xdb][0x88][0xb0][0x9f][0xc0][0x87][0xe][0x10][0x9d][0x95][0xa8]8[0xaf]h[0x88]4[0xb1]O[0xd8][0x99][0xb0][0xfb]B[0x11]%-[0xf1]9[0x84][0xd2][0x9]{[0x12]l[0xa2][QI[0xb7]IsC[0xa4]Is[0xe2][0xa3][0x89][0xe8][0x4][0x85][0xb4][0x92][0xc8][0x10]if[0x1c]j[0x13][0x96][0xe5]D9[0x89][0x95][\n]"
05:47:31.101 [main] DEBUG org.apache.http.wire -  << "[0xe5][0x99]%[0x19][\n]"
05:47:31.101 [main] DEBUG org.apache.http.wire -  << "Y[0xa9][0xc5][0xc5][0xa0][0xde][0x16]8[0x1]#[0x92][0x5][0xfe]F[0xb][0x8a]u[0x88]B[0x6]RKbT9T[0xaa]@[0x91]&[0xd0][0x87][0xda][0xb2]PC3R[0xca]GpT[0x10][0x1d][0xf5][0xd4],K[0x90][0xce][0xad][0x83]&[0x1d][0xcc][0x93][0xab][0xe0][\r][0x88][0x1]t&b[0xcc][0x0]{Cr`"
05:47:31.101 [main] DEBUG org.apache.http.wire -  << "[\r][\n]"
05:47:31.101 [main] DEBUG org.apache.http.wire -  << "329[\r][\n]"
05:47:31.101 [main] DEBUG org.apache.http.wire -  << "[0xdb][0xb9]H3[0xfa][0xd0]P$:[0x3]"[0xc5]:[0xf1]9[0x10]iv[0x1f]{p[0x10][0x9b][0xad][0xa9][0x99][0x94][0xcc]1Z9D[0x7][0x2][0xb1][0xce]E.[0x85][0x90][0xce][0xc3][0x1b]r[0x85][0x3][0xd2][0x8a][0x6]hz[0x19][0x94][0xb9][0xe][0xf3]^N[0xda][0xc6][0xe8][0xd0](2[0x91][0xb6][0x1f][0xf][0xbd][0x84][0x87](G[0x7]u[0xc2]#[0xa5][0xc9]?p[0xb5][0x92]9[0xa2][0xaf]:[0xe4]R[0x2]I[0x8b][0x83][0x6].[0x88][0x91]V[0x16][\r][0xe6][0x4][0x8b][0xb4]8i[0xe8][0xa5][0x4][0xc4][0x94][0x1a][0xcd][0xa6]v-[0x10][0x3][0x81][0xd0]h[0xc4][0xbc][0xdb][0x13][0xde][0xcc][0x84]uY[0x89]n[0x1a]Q[0xb3][0x15]c[0x81]Q[0x9]a[0xba][0x14][0xd1]\[0xc1]7[0xaa]EUW![0xfa][0xc7][0x1e][0x5][\n]"
05:47:31.101 [main] DEBUG org.apache.http.wire -  << "a[0x99]e[0xf9][\n]"
05:47:31.101 [main] DEBUG org.apache.http.wire -  << "[0x91]FF[0x18][0xfd][0xae][0xdc][0xd4][0xdc][0xcc][0x9c][0xcc][0xec]L[0x85][0xe2][0x82][0xd4][0xe2][0xcc][0xb4][0xcc][0xec][0xc4][0xe2]L[0x85][0xca][0xc4][0xbc]t[0x85][0xc4][0x82]L[0xd0])l[0xd0]1Lc[0xd0]<[0x1a][0xb1][0xeb][0xf6][\r][0x91]VmA#[0x8f][0xa6][0xcd][0x0][0xcc][0x93]nik[0x1d][0xa2][0x10][0x87][0xfa][0xe]O[[0xc]K[0xd2]$~[0x90][0x83][0xe8][0xe3]n[0xf1]u[0xd3][0x8d][0x89][0x1e][0xb1]%f][0x1b][0xbe]<G[0x82][0xc7][0x10][0x3][0x2][0x84][0x83]p[0xe0][0xea][0x12][0xd0][0x5][0x6][0xd0][0xd9]T[0xfc][0xce][0xa4]R[0xf8]c[0x94]yx[0x12][0xd6][0x0][0x86][\n]"
05:47:31.101 [main] DEBUG org.apache.http.wire -  << "F[0x81][0x87][0xc3][0x99]T[\n]"
05:47:31.101 [main] DEBUG org.apache.http.wire -  << "[0x15]DI[0x86]?[0x12]2[0x12][0x8b][0x15][0x6]0T[0x86]FC[0x19][0xe9]&g[0xec][0x3][0x1][0x3]:.[0x2][0xde]v[0x1][0xcd]q[0x83][0xd2]y[0x88]r[0xb][0xbb][0xf3][0x10][0x15]=[0xfe][0xb1][0x19]*V[0xf5]FHg[0x90]`w[0xd4][0x0]G)[0xa2][0xb8][0xc0][0xee][0xbc][0x1][0x9][0xb3]!Q[0xa8][0x18]![0x1d]22[0x88][0xcb]>#[0xa4]u[0x98][0xd8][0xa3]x`S [0xd2]bJ[0xc8][0xe5]c[0x90][0x9d][0x88][0xd8].[0x3]s[0xca]I[0xcc]K[0xc9],[0xc9][0xcc],VH.[0xcd])HTH[0xcd][0xcb][0xcc][0x5]mdMD[0xda]p[0x9]:[0x95][0x97][0x98][0x85]kFH[0xc7][0xe0][0xf][0xca]pA[0xf4][0xe3]h[0xb3][0x94][0xcb][0xc8][0x10][0xd1][0xa2][0x19][0x94][0x1]@l)@[0x95][0x96][0x8c][0x11][0xda]:F[0xea]/04BZ[0xc2]8[0x98][0xcb][0xb][0xa4]u[0x90][0xf8][0x9d]I[0x9d]pGZ[0x14]I[0x17][0xeb][0x10][0xd3][0x1a][0xbe][0xa0][0xc5][0xe0][0xc1][0xf9][0xc9][0xc9]X[0xf6];'[0xe7]'%*$[0x17][0xa5]&[0x96][0xa4][0xc2][0xd6][0x8b]#jBcb[0xfb][0xda]FH[0xe7][0xdb]S[0xc9]6C[0xdc]+X[0x8d][0x8c][0x10]E[0x6][\r]No0BZeIjL[0x11]=[0xf6][0x83]4%d[0x84]y[0xd6][0x12][0xe6][0xd8][\r][0xbe][0x1e]/[0xfd][0x1a]yH[0xf7]eCC[0x6][0xd3][0xa5][0x88][0xe4]C[0xa7]Q&#[0xa2]/"[0xa0]RFF[0x8c][0xf2][0xf][0xc6][0xea][0x84][0xe8][0x83][0x9d][0xa8][0x13][0x1a]H[0xeb]KiT}#-[0x16][0xa5][0x95][\r][0x88][0xf2]dP[0xc6]([0xa1][0xbe][0xcb][0xc0]6l[0x91]VqR[0xfb]@ #[0xa4][0xe5][0x9b][0xd4]7[0x9b][0x94][0x11][0xd4][0x1][0x1b][0xd2]1[0xa2][0xdb]zO#[0xa4][0xbb]J[0xa0][0xa5][0xbb][0xa9]BpNf.[0xc6]x=[0xbe][0xca][0x88][0xe8][0xe1]W#[0xd0][0x5][0xd1][0x83]x[0x94][0xc5][0x4][0xd1]k[0x80][0x85][0x6][0xf6][0x80][0xa0]N9jJ([0x93]#[0xea]U[0xfa][0xd5][0xf7][0x98]+[0xf4]p[0xc][0xb2][0x82]F=)[0x99]d0BZ3G[0x8f][0xd0]F:|f0[0x96][0xf8]H[0xc7][0xa0][0xa7][0xa4][0x16][0xc3]O[0xbc][0xd5]Q[0xc2][0xb5][0xc5][0xc]_S[0xb][0xb9][0xa9][0x89]4[0xa1]Ie[0x83][0x11][0xc9][0x97]F[0x95]4[0xd2]Y[0xf]Tv:b[0xcc]|P[0xa6][0x5]D5[0x85][0xdd]y[0x3]Q0 [0xcd][0x9]bw[0xd4][0xc0]6I[0x90][0xce][0xb0][0xc0][0xee][0xbc][0x1][0x9]3D+[0x13]G[0x11][0x7][0x0][0x0][0x0][0xff][0xff]"
05:47:31.102 [main] DEBUG org.apache.http.wire -  << "[\r][\n]"
05:47:31.107 [main] DEBUG org.apache.http.wire -  << "4AD[\r][\n]"
05:47:31.107 [main] DEBUG org.apache.http.wire -  << "[0xa2][0xd2][0x89][0xd6]F[0x96][0x88][0xaa][0xb][0xbb][0xf7][0x7]8v[0x10][0x3]^[0xd8][0x9d]7 [0xb1][0x83][0xe8][0xd5][0xd1]:v[0x8]e[0xe8][0x1][0x8d][0x1d]c[0xa4][0x3][0xf2][0x7]M[0xec][0x18]#[0x9d][0xcc]A[0x9b][0xea][0xc5][0x98][0xe0]A[0x19][0x3][0x1c]+[0x88][0xe4]I[0xab][0x0]@$K[0x1a][0xd9][0x80]4[0x3]B+[0x1b][0x10][0x83][0x9e]4[0x18][0x18]4F:5[0x2]{[0xd6][0x18][0xd8]42[0xb8][0xe7]9[0x8c][0x91].[0xdf][0xc5][0x1e]z[0x3]P[0xec][0x1b]c[0x99][0xab][0xa0]a[0x9f][0xd7][0x18]i[0xce][0x1]{[0x18][0xc]l[\n]"
05:47:31.107 [main] DEBUG org.apache.http.wire -  << "2B[0xe4][0x1f][0xec][0xce][0x1b][0x88](B[0x9a][[0xa0]Q[0xb1][0x81]4[0x9f][0xe0][0x91][0x9a]XV[0xa9][0xe0]RZR[0xa9][0x0]=u8 '[0xb1]$[0x15][0xa3][0xe7][0xef]XZ[0x92][0x9a][0x8b]~[0xd4]pQjQi.[0xd2][0x14]-[0xf8][0x94]+b[0xe6]h[0x8d][0x91][0xa6][0x1c][0x1c][0xcb]S[0x8b][0xf3]sS[0x15][0x2][0x12][0xb]R[0x8b][0x14][0x9c][0xf3][0x13]K0,w[0xcd]/V[0xc8],(.[0xcd]U[0xc8],I,,MU[0xc8]IL[0xca]/[0xca][0xcc]/N[0xcc]UH[0x5][0xb][0xa4][0x96][0x80][0xa6][0x8b]3K[0xc8]q[0x8c][0xa9]1[0xa2]/7hR[0x81])[0xd2](#m[0xdb]g[0xa6]Hc[0x8e][0x83][0xc8][0xfb][0x88][0xda]y[0xf0]8[\n]"
05:47:31.107 [main] DEBUG org.apache.http.wire -  << "ihr[0x10]9j[0x10][0x96]a[0xa6][0x4][0xc7]:[0x7][0xa0]`5E:m[0x10]E[0x1f][0xa2][0xa1];[0x88][0x1c]5[0x18]s[0x1f][0xd2]~[0xfa][0xc1][0x13]RHWw;[0xa6][0x16][0xe5][0xa7]T[0xe6]%[0xe6]f&+@[0xd6]:9[0xe5][0x97][0x94][0xe4]`[0xd6][0xa5][0xa0][0x1a]2?/[0x15][0xb2][0xca][0x9][0xbc][0xd4])/3#3G!9[0xbf][0xa8][0xa8][0xb4][0xa0]$[0x13]r[0xe5]hj[0xb1]Bn"[0xe4]d[0xf6]T[0xf2][0xea]5SD[0xd2][0xa2]m[0x15]bD[0xf0][0xfa][0xde][0x1]m[0xe6][0x19][0x11][0xcc][0xf8][0x3][0xec]<B[0xb9]m`[0x9d][0x87]t[0xdc][0x6][0xf6]|7[0xc0][0xce]C[0xc]3[0xe]J[0xe7]![0x6][0xff][0xf0]gB*M[0xab][\r][0xee][0xc1]}[0xa4]c=[0xb0]G[0xd6][0x0][0xb4][0xb][0x8c][0xe8]v[0x2][0x88][0x11][0xd2]1[0xe][0xbe][0xf9][0xa5][0xc5][0x98]U[0x3][0xbe][0x99]fb[0xe7][0xbc][0xcc][0x10]I[0x80][0x86][0x96] [0xea][0x16][0xda]tR[0x8d]0[0xf]k[0xc0]1[0x17]K[0x9d][0x8c][0x83]tV[0x3]u[0xa7][0xdb][0x90][0xce][[0xa0][0xb2][0xc1][0x84][0xb6]E[0xc]l[0xb9][0x8c]t*[0xc1][0xe0][0xc9][0xea][0xe6][0x88][0xae]>[0x8d][0x92]-[0xd2][0xb1][0x3][0xd8][0xbd]=[0xc0][0xb1][0x82][0xc8][0xb7][0xd8][0x9d]7[0x10][0x5]0[0xd2][0x6]}[0x1a][0xc5][\n]"
05:47:31.107 [main] DEBUG org.apache.http.wire -  << "[0xe6]6z[0xcc][0x85][0x9c][0xf8][0xca]^#KK[0xd4]#m[0xf1][0x1c]8k[0x84][0xb4][0x19][0x9e]V[0xde]Ad}h[0xa3][0x82][0x86][0xde][0xb1]D[0xd4]'P[0xcb]p[0x14][0xc4][0x94].[0x8a]1F[0xda]SE[0x9b][0x80]3F[0xba][0xfb][0x18]{[0xf2][0x1f][0xd0][0xdc]iL[0xf3][0xbd][\n]"
05:47:31.107 [main] DEBUG org.apache.http.wire -  << "[0xc6]Hk[0xaf]i[0x14][0xc4]Hk[0xa6][0x7]c[0x10][0x1b][\r][0xc2][0x2][0xd0]xp[0x9f][0xa9]k[0x8c][0xb4][0xe6][0x19]{[0x94][0xe]@[0xa5]a[0x8c][0xb4]L[0x9a]V[0xe7]a[0x18]#][0x88]K;;[0x10][0x8b]W`[0xc5]+-g[0xe4][0x90]&;[0x90][0xee]B[0xf4][0xc9][0xcc]K[0xcd][0xc3]q[0xe1]dX~NiAIb[0xb1]BYj^fb[0xae]BbNfaif[\n]"
05:47:31.107 [main] DEBUG org.apache.http.wire -  << "[0xce][0xa9][0x16][0x13][0xdc];Y[0x8c][0x91][0xce][0xda]u[0xcd][0xcb]/[0xca][0xcd]/-V[0xf0]M,J[0xca]I[0xc5]a[0xb9]g[0x8a]B[0x19][0xc4][0xfe][0x92]L[0xd0][0xed][0x96]e[0x99]%[0x89][0xa9][\n]"
05:47:31.107 [main] DEBUG org.apache.http.wire -  << "[0xc5][0xa5][0xc5][0xc9][0x99][0x5][0x99][0xb0][0xfb][0xe4][0x8a][0x15][0x12][0x93][0x14]r2[0x93]R[0x8b][0xf2]q[0xba][\n]"
05:47:31.107 [main] DEBUG org.apache.http.wire -  << "O[0x85]m[0x8c]4[0xd7][0xe2][0x99]W[0x92][0x9a][0x93][0x93][0x99][0x9e][0x9a]W[0xa2][0xe0]^[0x94][0x98][0x97]Y[0x92][0xaa][0x80]c[0x18]/[0xb0]4S[0xa1][0xb8]4[0xaf]D!7?'[0xb5][0xb8]$31[0x15][0xce]*[0xc6]q[0xc1][0x1d][0xf1][0x13]d[0x4]'e[0x6][0xb6][0xa2]B[0x9a][0x9]qK[0xcc]+I,.[0xc9]LVp[0xce][0xcf]K.J-[0xc1][0x15][0x95]A[0x88];[0xff][0x14]RAi)[0xb5]D[0xa1][0xb0]4?[0x5]t[0xd3]d"t[0xcc]3[0x17]4[0xbb][0x97][0x98][0x92]Y[0x90]Y[0x9c][0x8c]|[0xfd]$j[0xc0][0xe1][0xb9]O[0xc0][0x18]iQ7[0xf6][0xb2]j[0x80][0x3][0xe]1Z[0x5][0x9b][0xf8][0x84][0xce][0xbb]z[0xe7]e[0xa6]a[0xe][0x8]8[0xa5]&[0x82][0x12]<4[0xcf])[0xe0][0xc9]v[0xf8][0x12]8[0xd2][0xda][0xee]A[0x19]([0x88]12[0x1a]5J[0x6][0xf7][0x8][0xb0]1[0xd2][0xfd][0xc9][0x83]1~[0x6][0xf7][0x8][0xb0]1[0xd2][0xf9][0xc7]>[0x99][0xe9][0x19]%[0xe5][0xa9] R!<??G[0xc1]9#1[0xb3][0x8]cA[0x81][0xf]h[0xfd]@*[0xbc]fI-VH[0x82]oAG[0xaa]A@[0xcd]2[0xd0]dM^z[0xb1][0x92][0x15][0xbe][0xfc][0x85]4[0xb][0x84]=[0xfe][0x6][0xa2][0x81]dJ[0xf3]\e[0x8a][0xe8][0x19][0xe6]&f[0xe6]%[0xe6])$[0xe6]%[0x82][0xce][0xaf]B][0xb6]_\[0x92][0x9a]Z[0x94][0x99][0x97][0xae]P[0x9e][0x91][0x9a][0x9a][0x83][0x8][\n]"
05:47:31.107 [main] DEBUG org.apache.http.wire -  << "[0xa2][0xb7][0xce][0x18]#[0xcd]da[0xf][0xdf][0x81]-[0xd4][0x91][0x6][0x90][0xb1];[0xf][0xe1]g[0xba][0xed]e1F[0xda][0xcb]B[0xa3]B[0xd5][0xc]1[\n]"
05:47:31.107 [main] DEBUG org.apache.http.wire -  << "A+[0x1b][0x10][0xb5]%5[0xaf]=[0xc2][0xb3][0xd7][0xda][0x18]i[0xa7]Lqiq[0xa9]BviJ[0xa2]BNf"f![0x2][0x96][0x86]&x[0xe8][0x81]m[0x96]([0xa7]~[0xe1]k[0xa6] [0x9d];M[0xdb][0xac][0x83]4[0xe5][0x0][0xed]^[0x98]a[0x14][0x87][0xf0][0x91]/[0xf4]][0x86][0xc4]gQ[0xa4]Y[0x7][0x8a][0x13][0x3][0x0][0x0][0x0][0xff][0xff]"
05:47:31.107 [main] DEBUG org.apache.http.wire -  << "[\r][\n]"
05:47:31.107 [main] DEBUG org.apache.http.wire -  << "169[\r][\n]"
05:47:31.107 [main] DEBUG org.apache.http.wire -  << "JM[0xcf]/[0xca]L-V[0xb2][0x8a]F[0xda][0xcb]c[0x8c]t[0xe7]38[0xe8])[0x88][0x19]|e9[0xd2][0xbc][0x3]5[0xd3][0x1c]>+[0x91][0xe6][0x1e][0xa0]qD[0xab][0x11]6[0xa4][0xd3][0x98]i[0x14]KHg&[0xd3]2[0x96][0x90]f[0x17]hj[\r][0xad][0xe7][0xb][0x8c][0x91][0xe6][0xb]@e[0x89]Bbe"[0xe6][0x6]T[0xb0][0x17]A[0xd2][0x88][0x8a][0x4][0xb5][0xa8][0xc1][0x9b][0xba][0x10][0xb5]4[0xad]S[0x17]bl[0x8d]V[0xa9][0xb][0xb1]T[0x82][0xc6]~A[0x1a][0xc4][0xa7][0xb5]M[0x88]J[0x8e]F[0xa1][0x86][0xb4][0xb][0x92][0xd6]~A[0xb4]9[0xb1][0xb7][0x84][0x6][0xb6][0xa1][0x86]tf)v[0xe7]![0xf2][0x17][0xfd][0x1a]j[0x16][0x88]4M[0xa3][0xf8]G[0xda][0xbd]H+[0x1b][0x10][0x8b]P[0xe9]Ui[0x12][0xdc][0xf3]8[0xb0]I[0x8d][0xe0][0x9e]D\I[0xcd][0x18]m[0xf8][0x94][0x8a][0x87][0x16][0x1a][[0xd2][0xbc]:C[0xba]N[0x9c]VI[\r]Q[0x9d][0xd1][0xca][0x6][0x9a]Wc[0xa0]n[0x2][0xf4]([0x8][0xda][0xf8][0xc1][0x4]t[0x92][0x15][0xd4][0x6][0xda][0x16][0xf9]&H[0xfb]'[0x91]6[0x93]@[0x7][0xf5][0xb1][0xf][0xbf][0xb8]f[0x96][0x16]+[0x14][0xa4][0x16][0x15][0x17]d&g&[0x96]d[0x16][0x83][0x86][0x80][0x91][0xc6]]@[0xc9][0x94][0x98]q[0x17][0x13][0x9a]o[0x93]4[0xa1][0xf9][0x94][0xb4][0x9][0xd2]FL[0xf7][0xfc][0xa2][0xf4]T[0xd0][0x94]Hx~~Jj[0x9e][0x82]3[0x96]^[0xa7]Jf[0x9]b[0xa5]0ln$[0x15]y[0x1b][0xe]h[0x91][0x1d]q[0xc1]G[0xeb][0xe2][0xc0][0x4]i[0xbe][0x9d][0xd6][0xc9][0x90][0xd6][0x99][0xd6][0xc4][0x0]QO[0xe3][0xf7][0xb]U[0x16][0xa4][0x99][0xd0]|[0xf7][0xa8][0x9][0xd2]A[0x99]4*[0x85][0x90]6[0x90][0x92]c[0x3][0x0][0x0][0x0][0xff][0xff]"
05:47:31.107 [main] DEBUG org.apache.http.wire -  << "[\r][\n]"
05:47:31.108 [main] DEBUG org.apache.http.wire -  << "2D2[\r][\n]"
05:47:31.108 [main] DEBUG org.apache.http.wire -  << "*[0xc9]$4[0xf2]jb[0x88]h<[0xd3]%R[0x10][0xa9][0xc]{[0x3]r@[0x1b][0x1d]&Hg.bw[0x1e][0xae]F[0x7]z[0xff][0x91][0x8a][0x8d][0xe][0x93][0xc1][0xb8][0xc9][0xd2][0x14]sX[0x8c]FC.[0xa6]X[0x6]wh8[0xbf]o[0x8a]4[0xc2][0x13][0xe0][0xac][0xe0][0xee][0xe8][0xeb][0xe9][0xe7][0x8e]1[0xe0][0x17][0x1c][0xe0][0xea][0xad][0xe0][0xe1][0xe9][0xee][0x81]H[0xf][0x96][0xa0][0x16][0x3]1Y[0xce][0x14]i-]@bN[0xa2]O[0xbe][0xf][0xe6]e[0xf0]8G[0x14][0x8d],-A[0x8b]*[0x88][0xb3][0x8]1[0xbe]Lc[0x8b][0x10]K0[0xe8][0xd4]{1E[0xba][0xbf][0x84][0xc6]~C4[0x97][0xe9][0xe4]7[0x13][0xa4]}[0xf9][0xf8][0xcb]dJ[0x17][0xc][0x9a][0x18]"[0x1a]0[0xd8][0xcb][0xbb][0x81]-[0x8e][0x91][0x96][0xf3]aw[0x1e]"[0xfb][0xd1]m[0xb8][0xc1][0x4]i[0xf3]7[0x8d][0xea]d[0xa4][0xcd][0xdd]4[0x8e][0xa4][0xd5][0x8c][0xb4][0xb6][0x9]1[0xb0][0x85][0xdf]&[0xea]4[0xfe][0x90][0x8e]x[0xa5]U$!Z2[0xf8]=Dq&[0x5][0xcd][0xa2]C[0xbb][0xa2]4[0xf2][0xb][0xd1]G[0xc0]R[0xec][0x17][0xa4][0x95][0x90]4[0xe]5[0xa4][0xe5][0x8d]0[0x9b]h[0xd8]l0[0x1]U[0xca]4[0x8e]$D%[0xb][0xf3][0x10]F[0xbb][0x4][0xde]l[0xa0][0xe4]lE[0x13][0xa4]%[0x8e][0xd8][0x8b][0xdd][0x81][0xad][0x15][0x90]V[0x1b][0xe]J[0xe7]![0xba][0xb9][0xd8][0x9d]7[0x10][0x95][0x16][0xd2]zC[0x1a][0x95]!H[0xeb][0x6][0xa1][0xc9][0x93][0xb4]-[0x15][0xf4][0xab][0xc0][0x91][0xce]V[0xc0][0xe9]RD[0x1c][0xe1][0xdb]5H[0xcd]^[0x9e][0x9][0xa2]#[0x8e]=[0xd9][0xc]l[0xa6]C[0xda][0xa1]N[0x83][0x93][0xb2]L@[0x97][0x93][0xd0][0xb6][0xf8][0x1c][0xdc]+[0x18]M[0x8][0xae]`D[0xa4]H[0xfa][0xe5][0x14]S[0x3][0x1d]%h[0xac][0xe0][0xcc])[0xf8][0xaa][0x1c]:[0xba][0x14]1[0x86][0xd3][0xa5][0x88][0x10][0xa4]W[0x9e]F:q[0xc3][0xad][0xb4](/[0xb3][0xa4][0xb4](U!$[0xbf][0x0][0xa3][0xde]F[0xc8][0xa6]$[0x16]e*x[0xa5][0x16]$[0x16][0x81][0x6][0x5][0xa0][0xcb][0xa2][0xc]A[0xa9][0x83][0x98].[0xbf][0x9][0xd2]BJ[0x1a][0x95][0xf3]H[0xe7]N[0xd3][0xca][0x6][0x8c][0xae][0x2]%5[0x9][\r][0xa7][0x3]ML[0x11]c[0x3][0x83])[0xd5]!z&[0x88]tE[0xd3]T[0x87][0xb4]~[0x93][0xaa][[0xb4]M[0x90][0xd6]`B[0x3][0x98]F[0xa3][0x8c]&D[0x9f]'Nq[0x17][0x8]i[0x81]$[0xad][0xfd]4[0xb8]Gw[0x90]V<R[0xfb][0xae][0x6][0x13][0xa4][0xb5][0x8e][0x83][0xb1]5[0x85]4[0xa6]=([0x9d][0x87][0x18]8[0x1e][0x94][0xce]C[0xf4][0x84][0xb1];[0xf]Q[0xd3][0xd3][0xaf][0x5][0x82][0xb4][0xe][0x91][0x16][\r]dsDU[0x83][0xdd][0xcf][0x3][0xdb]=@:[0x81][0x0][0xbb][0xf3][0x6]"J[0x90]&Z[0xe0][0x9b]%![0x9b]Z[0xb0][0x1d][0x92][0xe9][0x98][0x9c]\Z[0x9c][0x98]W[0x92]Y[0x9a][0xab][0x90]_P[0x92][0x99][0xf][0xdd]RW[0x8c][0xb4][0xb0][0x2]u[0x1b][0x1d][0xfa][0xa4][0x1f][0xd2]bkS[0xa4]SK[0x82]+[0xf3]R[0x8b][0xd2]3[0xc1][[0xfc][0xa0][0xb][0x13][0x82]3[0xf2]SAW[0xa1][0xee][0xf3]p[0x5][0xef][0xe7][0x3][0xed][0xe9]#[0xd3]ND[0xbe][0xa0]m[0xcd]b[0x8a]t[0xc][0x8][0xad]mB4[0x6][0x3][0x8a][0xf2]SJ[0x93]K[0x14][0x1c]Ks2[0x13][0x15][0x8c]1[0x1a][0xd1][0xa0][[0xeb][\n]"
05:47:31.108 [main] DEBUG org.apache.http.wire -  << "[0xa0]j[0x12][0xe1]j[0xa0]Mh|M~[0x94]xC[0xe4]3[0xfa][0xd8][0x87]h[0xac][0xd1][0xc7]>[0xc4][0xe8][0x14][\r][0xed][0x8b][0xad][0xe5][0x2][0x0][0x0][0x0][0xff][0xff]"
05:47:31.108 [main] DEBUG org.apache.http.wire -  << "[\r][\n]"
05:47:31.108 [main] DEBUG org.apache.http.wire -  << "A[\r][\n]"
05:47:31.108 [main] DEBUG org.apache.http.wire -  << "[0x3][0x0]L[0xb3][0xf9][0x85]q[0xbb][0x1][0x0]"
05:47:31.108 [main] DEBUG org.apache.http.wire -  << "[\r][\n]"
05:47:31.108 [main] DEBUG org.apache.http.wire -  << "0[\r][\n]"
05:47:31.108 [main] DEBUG org.apache.http.wire -  << "[\r][\n]"
05:47:31.108 [main] DEBUG io.restassured.internal.RestAssuredHttpBuilder - Parsed data to instance of: class org.apache.http.conn.EofSensorInputStream
05:47:31.111 [main] DEBUG org.apache.http.impl.conn.BasicClientConnectionManager - Releasing connection org.apache.http.impl.conn.ManagedClientConnectionImpl@528070fe
05:47:31.111 [main] DEBUG org.apache.http.impl.conn.BasicClientConnectionManager - Connection can be kept alive indefinitely
05:47:31.148 [main] DEBUG net.thucydides.core.steps.StepInterceptor - STEP DONE: I receive valid login and product HTTP response code 200
  &amp#27;[32mThen &amp#27;[0m&amp#27;[32mI receive valid login and product HTTP response code 200&amp#27;[0m        &amp#27;[90m# starter.stepdefinitions.UserSteps.iReceive1ValidLoginAndProductHTTPResponseCode()&amp#27;[0m
05:47:31.151 [main] DEBUG net.thucydides.core.steps.StepInterceptor - STARTING STEP: UserSteps.iReceiveValidDataForComment - I receive valid data for comment
05:47:31.152 [main] DEBUG net.thucydides.core.steps.StepInterceptor - STEP DONE: I receive valid data for comment
  &amp#27;[32mAnd &amp#27;[0m&amp#27;[32mI receive valid data for comment&amp#27;[0m                                 &amp#27;[90m# starter.stepdefinitions.UserSteps.iReceiveValidDataForComment()&amp#27;[0m
05:47:31.154 [main] INFO  - 
  _____   ___   ___   _____     ___     _     ___   ___   ___   ___  
 |_   _| | __| / __| |_   _|   | _ \   /_\   / __| / __| | __| |   \ 
   | |   | _|  \__ \   | |     |  _/  / _ \  \__ \ \__ \ | _|  | |) |
   |_|   |___| |___/   |_|     |_|   /_/ \_\ |___/ |___/ |___| |___/ 

POST - As admin I have be able to create comment for product
----------------------------------------------------------------------
]]></system-out>
  </testcase>
  <testcase name="POST - As admin I cannot comment for product" classname="User" time="0.633">
    <system-out><![CDATA[
@TC-0014
Scenario: POST - As admin I cannot comment for product          &amp#27;[90m# src/test/resources/api/user.feature:115&amp#27;[0m
05:47:31.163 [main] INFO io.cucumber.core.plugin.SerenityReporter - Running feature from file:///C:/Users/Lenovo/IdeaProjects/MiniProject/MiniprojectApi/src/test/resources/api/user.feature
05:47:31.163 [main] WARN io.cucumber.core.plugin.SerenityReporter - Feature from file:///C:/Users/Lenovo/IdeaProjects/MiniProject/MiniprojectApi/src/test/resources/api/user.feature is not under the 'features' directory. Requirements report will not be correctly generated!
05:47:31.165 [main] INFO  - 
  _____   ___   ___   _____     ___   _____     _     ___   _____   ___   ___  
 |_   _| | __| / __| |_   _|   / __| |_   _|   /_\   | _ \ |_   _| | __| |   \ 
   | |   | _|  \__ \   | |     \__ \   | |    / _ \  |   /   | |   | _|  | |) |
   |_|   |___| |___/   |_|     |___/   |_|   /_/ \_\ |_|_\   |_|   |___| |___/ 

POST - As admin I cannot comment for product(user;post---as-admin-i-cannot-comment-for-product)
--------------------------------------------------------------------------------
05:47:31.255 [main] DEBUG net.thucydides.core.steps.StepInterceptor - STARTING STEP: UserSteps.iSetPOSTApiEndpointsLogin - I set POST api endpoints login
05:47:31.255 [main] DEBUG net.thucydides.core.steps.StepInterceptor - STEP DONE: I set POST api endpoints login
  &amp#27;[32mGiven &amp#27;[0m&amp#27;[32mI set POST api endpoints login&amp#27;[0m                          &amp#27;[90m# starter.stepdefinitions.UserSteps.iSetPOSTApiEndpointsLogin()&amp#27;[0m
05:47:31.258 [main] DEBUG net.thucydides.core.steps.StepInterceptor - STARTING STEP: UserSteps.iSendPOSTHTTPRequestLogin - I send POST HTTP request login
05:47:31.261 [main] DEBUG net.thucydides.core.steps.StepInterceptor - STARTING STEP: PostLogin.iSendPOSTHTTPRequestLogin - I set POST api endpoints login
05:47:31.261 [main] DEBUG net.thucydides.core.steps.StepInterceptor - STEP DONE: I set POST api endpoints login
05:47:31.270 [main] DEBUG org.apache.http.impl.conn.BasicClientConnectionManager - Get connection for route {s}->https://altashop-api.fly.dev:443
05:47:31.270 [main] DEBUG org.apache.http.impl.conn.DefaultClientConnectionOperator - Connecting to altashop-api.fly.dev:443
05:47:31.367 [main] DEBUG org.apache.http.client.protocol.RequestAddCookies - CookieSpec selected: ignoreCookies
05:47:31.367 [main] DEBUG org.apache.http.client.protocol.RequestAuthCache - Auth cache not set in the context
05:47:31.367 [main] DEBUG org.apache.http.client.protocol.RequestTargetAuthentication - Target auth state: UNCHALLENGED
05:47:31.367 [main] DEBUG org.apache.http.client.protocol.RequestProxyAuthentication - Proxy auth state: UNCHALLENGED
05:47:31.367 [main] DEBUG org.apache.http.impl.client.DefaultHttpClient - Attempt 1 to execute request
05:47:31.367 [main] DEBUG org.apache.http.impl.conn.DefaultClientConnection - Sending request: POST /api/auth/login HTTP/1.1
05:47:31.367 [main] DEBUG org.apache.http.wire -  >> "POST /api/auth/login HTTP/1.1[\r][\n]"
05:47:31.367 [main] DEBUG org.apache.http.wire -  >> "Accept: */*[\r][\n]"
05:47:31.367 [main] DEBUG org.apache.http.wire -  >> "Content-Type: application/json[\r][\n]"
05:47:31.367 [main] DEBUG org.apache.http.wire -  >> "Content-Length: 48[\r][\n]"
05:47:31.367 [main] DEBUG org.apache.http.wire -  >> "Host: altashop-api.fly.dev[\r][\n]"
05:47:31.367 [main] DEBUG org.apache.http.wire -  >> "Connection: Keep-Alive[\r][\n]"
05:47:31.367 [main] DEBUG org.apache.http.wire -  >> "User-Agent: Apache-HttpClient/4.5.13 (Java/14.0.2)[\r][\n]"
05:47:31.367 [main] DEBUG org.apache.http.wire -  >> "Accept-Encoding: gzip,deflate[\r][\n]"
05:47:31.367 [main] DEBUG org.apache.http.wire -  >> "[\r][\n]"
05:47:31.367 [main] DEBUG org.apache.http.headers - >> POST /api/auth/login HTTP/1.1
05:47:31.367 [main] DEBUG org.apache.http.headers - >> Accept: */*
05:47:31.367 [main] DEBUG org.apache.http.headers - >> Content-Type: application/json
05:47:31.367 [main] DEBUG org.apache.http.headers - >> Content-Length: 48
05:47:31.367 [main] DEBUG org.apache.http.headers - >> Host: altashop-api.fly.dev
05:47:31.367 [main] DEBUG org.apache.http.headers - >> Connection: Keep-Alive
05:47:31.367 [main] DEBUG org.apache.http.headers - >> User-Agent: Apache-HttpClient/4.5.13 (Java/14.0.2)
05:47:31.367 [main] DEBUG org.apache.http.headers - >> Accept-Encoding: gzip,deflate
05:47:31.367 [main] DEBUG org.apache.http.wire -  >> "{"password":"123123","email":"someone@mail.com"}"
05:47:31.406 [main] DEBUG org.apache.http.wire -  << "HTTP/1.1 200 OK[\r][\n]"
05:47:31.406 [main] DEBUG org.apache.http.wire -  << "content-type: application/json[\r][\n]"
05:47:31.406 [main] DEBUG org.apache.http.wire -  << "date: Mon, 08 May 2023 22:56:21 GMT[\r][\n]"
05:47:31.406 [main] DEBUG org.apache.http.wire -  << "content-encoding: gzip[\r][\n]"
05:47:31.406 [main] DEBUG org.apache.http.wire -  << "transfer-encoding: chunked[\r][\n]"
05:47:31.406 [main] DEBUG org.apache.http.wire -  << "server: Fly/3f2597ca (2023-05-03)[\r][\n]"
05:47:31.406 [main] DEBUG org.apache.http.wire -  << "via: 1.1 fly.io[\r][\n]"
05:47:31.406 [main] DEBUG org.apache.http.wire -  << "fly-request-id: 01GZYS916VAQXZ9CG2NVZ9QX2X-sin[\r][\n]"
05:47:31.406 [main] DEBUG org.apache.http.wire -  << "[\r][\n]"
05:47:31.406 [main] DEBUG org.apache.http.impl.conn.DefaultClientConnection - Receiving response: HTTP/1.1 200 OK
05:47:31.406 [main] DEBUG org.apache.http.headers - << HTTP/1.1 200 OK
05:47:31.406 [main] DEBUG org.apache.http.headers - << content-type: application/json
05:47:31.406 [main] DEBUG org.apache.http.headers - << date: Mon, 08 May 2023 22:56:21 GMT
05:47:31.406 [main] DEBUG org.apache.http.headers - << content-encoding: gzip
05:47:31.406 [main] DEBUG org.apache.http.headers - << transfer-encoding: chunked
05:47:31.406 [main] DEBUG org.apache.http.headers - << server: Fly/3f2597ca (2023-05-03)
05:47:31.406 [main] DEBUG org.apache.http.headers - << via: 1.1 fly.io
05:47:31.406 [main] DEBUG org.apache.http.headers - << fly-request-id: 01GZYS916VAQXZ9CG2NVZ9QX2X-sin
05:47:31.407 [main] DEBUG org.apache.http.impl.client.DefaultHttpClient - Connection can be kept alive indefinitely
05:47:31.407 [main] DEBUG io.restassured.internal.RestAssuredHttpBuilder - Parsing response as: application/json
05:47:31.407 [main] DEBUG org.apache.http.wire -  << "AC[\r][\n]"
05:47:31.407 [main] DEBUG org.apache.http.wire -  << "[0x1f][0x8b][0x8][0x0][0x0][0x0][0x0][0x0][0x4][0xff][0xab]VJI,IT[0xb2]RJ[0xad][0xf4][0xca]HrO[0xce][0xf4][0xcf][0xf4][0xf2][0xc][0xad][0xf2]4[0xf4][0xcb][0xf4],[0xf6][0xcc][0xb]2Mv[0xf6]4[0xf3][0xcc].[0x88][0x8]s[0xf6][0xb2][0xd4]K[0xad][0xf4]rO[0x9][0xaf](N[0xca]u+[0x89][\n]"
05:47:31.407 [main] DEBUG org.apache.http.wire -  << "[0x6]K[0x94]%[0xba][0x9b][0xa4][0x7][0xb9][[0xe6]xf[0x96]g[0x6][0x85][0x1b]f$[0x86][0x97][0x83][0xc][0xa9]J22[0xcc]I22[0xcd][0x9]t[0x7][0x8b][0x95]F[0x1a]Y[0x96]x[0xe6][0x19][0xe8][0x85][0x97]9[0x5]W$[0x7][0xba][0x16][0x16][0xe6]e:[0x1b][0x96][0x19]X[0xf8]Te[0x17]y$[0xbb][0xfa][0xa4][0xa6][0x17][0x1b]$[0x99][0x97][0x95]d[0xb9][0x7][0x84]g&[0xba][0x86]'{*[0xd5]r[0x1][0x0]?[0x99][0xcf]j[0xa0][0x0][0x0][0x0]"
05:47:31.407 [main] DEBUG org.apache.http.wire -  << "[\r][\n]"
05:47:31.407 [main] DEBUG org.apache.http.wire -  << "0[\r][\n]"
05:47:31.407 [main] DEBUG org.apache.http.wire -  << "[\r][\n]"
05:47:31.407 [main] DEBUG io.restassured.internal.RestAssuredHttpBuilder - Parsed data to instance of: class org.apache.http.conn.EofSensorInputStream
05:47:31.408 [main] DEBUG org.apache.http.impl.conn.BasicClientConnectionManager - Releasing connection org.apache.http.impl.conn.ManagedClientConnectionImpl@19e5e846
05:47:31.408 [main] DEBUG org.apache.http.impl.conn.BasicClientConnectionManager - Connection can be kept alive indefinitely
05:47:31.423 [main] DEBUG net.thucydides.core.steps.StepInterceptor - STEP DONE: I send POST HTTP request login
  &amp#27;[32mWhen &amp#27;[0m&amp#27;[32mI send POST HTTP request login&amp#27;[0m                           &amp#27;[90m# starter.stepdefinitions.UserSteps.iSendPOSTHTTPRequestLogin()&amp#27;[0m
05:47:31.428 [main] DEBUG net.thucydides.core.steps.StepInterceptor - STARTING STEP: UserSteps.iSetUnmatchedPOSTApiEndpointsComment - I set unmatched POST api endpoints comment
05:47:31.428 [main] DEBUG net.thucydides.core.steps.StepInterceptor - STEP DONE: I set unmatched POST api endpoints comment
  &amp#27;[32mAnd &amp#27;[0m&amp#27;[32mI set unmatched POST api endpoints comment&amp#27;[0m                &amp#27;[90m# starter.stepdefinitions.UserSteps.iSetUnmatchedPOSTApiEndpointsComment()&amp#27;[0m
05:47:31.433 [main] DEBUG net.thucydides.core.steps.StepInterceptor - STARTING STEP: UserSteps.iSendPOSTHTTPRequestPostComment - I send POST HTTP request post comment
05:47:31.434 [main] DEBUG net.thucydides.core.steps.StepInterceptor - STARTING STEP: PostProductComment.iSendPOSTHTTPRequestPostComment - I set POST api endpoints comment
05:47:31.435 [main] DEBUG net.thucydides.core.steps.StepInterceptor - STEP DONE: I set POST api endpoints comment
05:47:31.446 [main] DEBUG org.apache.http.impl.conn.BasicClientConnectionManager - Get connection for route {s}->https://altashop-api.fly.dev:443
05:47:31.446 [main] DEBUG org.apache.http.impl.conn.DefaultClientConnectionOperator - Connecting to altashop-api.fly.dev:443
05:47:31.539 [main] DEBUG org.apache.http.client.protocol.RequestAddCookies - CookieSpec selected: ignoreCookies
05:47:31.539 [main] DEBUG org.apache.http.client.protocol.RequestAuthCache - Auth cache not set in the context
05:47:31.539 [main] DEBUG org.apache.http.client.protocol.RequestTargetAuthentication - Target auth state: UNCHALLENGED
05:47:31.539 [main] DEBUG org.apache.http.client.protocol.RequestProxyAuthentication - Proxy auth state: UNCHALLENGED
05:47:31.539 [main] DEBUG org.apache.http.impl.client.DefaultHttpClient - Attempt 1 to execute request
05:47:31.539 [main] DEBUG org.apache.http.impl.conn.DefaultClientConnection - Sending request: POST /api/products/2/comments HTTP/1.1
05:47:31.539 [main] DEBUG org.apache.http.wire -  >> "POST /api/products/2/comments HTTP/1.1[\r][\n]"
05:47:31.539 [main] DEBUG org.apache.http.wire -  >> "Accept: */*[\r][\n]"
05:47:31.539 [main] DEBUG org.apache.http.wire -  >> "Content-Type: application/json[\r][\n]"
05:47:31.539 [main] DEBUG org.apache.http.wire -  >> "Content-Length: 87[\r][\n]"
05:47:31.539 [main] DEBUG org.apache.http.wire -  >> "Host: altashop-api.fly.dev[\r][\n]"
05:47:31.539 [main] DEBUG org.apache.http.wire -  >> "Connection: Keep-Alive[\r][\n]"
05:47:31.539 [main] DEBUG org.apache.http.wire -  >> "User-Agent: Apache-HttpClient/4.5.13 (Java/14.0.2)[\r][\n]"
05:47:31.539 [main] DEBUG org.apache.http.wire -  >> "Accept-Encoding: gzip,deflate[\r][\n]"
05:47:31.539 [main] DEBUG org.apache.http.wire -  >> "[\r][\n]"
05:47:31.539 [main] DEBUG org.apache.http.headers - >> POST /api/products/2/comments HTTP/1.1
05:47:31.539 [main] DEBUG org.apache.http.headers - >> Accept: */*
05:47:31.539 [main] DEBUG org.apache.http.headers - >> Content-Type: application/json
05:47:31.539 [main] DEBUG org.apache.http.headers - >> Content-Length: 87
05:47:31.539 [main] DEBUG org.apache.http.headers - >> Host: altashop-api.fly.dev
05:47:31.539 [main] DEBUG org.apache.http.headers - >> Connection: Keep-Alive
05:47:31.539 [main] DEBUG org.apache.http.headers - >> User-Agent: Apache-HttpClient/4.5.13 (Java/14.0.2)
05:47:31.539 [main] DEBUG org.apache.http.headers - >> Accept-Encoding: gzip,deflate
05:47:31.539 [main] DEBUG org.apache.http.wire -  >> "{"content":"the games are great including Gran Turismo 7 but sadly GT4 is much better"}"
05:47:31.578 [main] DEBUG org.apache.http.wire -  << "HTTP/1.1 401 Unauthorized[\r][\n]"
05:47:31.578 [main] DEBUG org.apache.http.wire -  << "content-type: application/json[\r][\n]"
05:47:31.578 [main] DEBUG org.apache.http.wire -  << "date: Mon, 08 May 2023 22:56:21 GMT[\r][\n]"
05:47:31.578 [main] DEBUG org.apache.http.wire -  << "content-encoding: gzip[\r][\n]"
05:47:31.578 [main] DEBUG org.apache.http.wire -  << "transfer-encoding: chunked[\r][\n]"
05:47:31.578 [main] DEBUG org.apache.http.wire -  << "server: Fly/3f2597ca (2023-05-03)[\r][\n]"
05:47:31.578 [main] DEBUG org.apache.http.wire -  << "via: 1.1 fly.io[\r][\n]"
05:47:31.578 [main] DEBUG org.apache.http.wire -  << "fly-request-id: 01GZYS91C8WFCJNMNTVCV1DSQW-sin[\r][\n]"
05:47:31.578 [main] DEBUG org.apache.http.wire -  << "[\r][\n]"
05:47:31.578 [main] DEBUG org.apache.http.impl.conn.DefaultClientConnection - Receiving response: HTTP/1.1 401 Unauthorized
05:47:31.578 [main] DEBUG org.apache.http.headers - << HTTP/1.1 401 Unauthorized
05:47:31.578 [main] DEBUG org.apache.http.headers - << content-type: application/json
05:47:31.578 [main] DEBUG org.apache.http.headers - << date: Mon, 08 May 2023 22:56:21 GMT
05:47:31.578 [main] DEBUG org.apache.http.headers - << content-encoding: gzip
05:47:31.578 [main] DEBUG org.apache.http.headers - << transfer-encoding: chunked
05:47:31.578 [main] DEBUG org.apache.http.headers - << server: Fly/3f2597ca (2023-05-03)
05:47:31.578 [main] DEBUG org.apache.http.headers - << via: 1.1 fly.io
05:47:31.578 [main] DEBUG org.apache.http.headers - << fly-request-id: 01GZYS91C8WFCJNMNTVCV1DSQW-sin
05:47:31.578 [main] DEBUG org.apache.http.impl.client.DefaultHttpClient - Connection can be kept alive indefinitely
05:47:31.578 [main] DEBUG org.apache.http.impl.client.DefaultHttpClient - Authentication required
05:47:31.579 [main] DEBUG org.apache.http.impl.client.DefaultHttpClient - altashop-api.fly.dev:443 requested authentication
05:47:31.579 [main] DEBUG org.apache.http.impl.client.DefaultHttpClient - Response contains no authentication challenges
05:47:31.579 [main] DEBUG io.restassured.internal.RestAssuredHttpBuilder - Parsing response as: application/json
05:47:31.579 [main] DEBUG org.apache.http.wire -  << "2D[\r][\n]"
05:47:31.579 [main] DEBUG org.apache.http.wire -  << "[0x1f][0x8b][0x8][0x0][0x0][0x0][0x0][0x0][0x4][0xff][0xab]VJ-*[0xca]/R[0xb2]R*[0xcd]K,-[0xc9][0xc8]/[0xca][0xac]JMQ[0xaa][0xe5][0x2][0x0]@[0x17]da[0x19][0x0][0x0][0x0]"
05:47:31.579 [main] DEBUG org.apache.http.wire -  << "[\r][\n]"
05:47:31.579 [main] DEBUG org.apache.http.wire -  << "0[\r][\n]"
05:47:31.579 [main] DEBUG org.apache.http.wire -  << "[\r][\n]"
05:47:31.579 [main] DEBUG io.restassured.internal.RestAssuredHttpBuilder - Parsed data to instance of: class org.apache.http.conn.EofSensorInputStream
05:47:31.581 [main] DEBUG org.apache.http.impl.conn.BasicClientConnectionManager - Releasing connection org.apache.http.impl.conn.ManagedClientConnectionImpl@4ae93e38
05:47:31.581 [main] DEBUG org.apache.http.impl.conn.BasicClientConnectionManager - Connection can be kept alive indefinitely
05:47:31.582 [main] DEBUG net.thucydides.core.steps.StepInterceptor - STEP DONE: I send POST HTTP request post comment
  &amp#27;[32mAnd &amp#27;[0m&amp#27;[32mI send POST HTTP request post comment&amp#27;[0m                     &amp#27;[90m# starter.stepdefinitions.UserSteps.iSendPOSTHTTPRequestPostComment()&amp#27;[0m
05:47:31.588 [main] DEBUG net.thucydides.core.steps.StepInterceptor - STARTING STEP: UserSteps.iReceiveValidLoginAndProductHTTPResponseCode404 - I receive valid login and product HTTP response code 404
05:47:31.591 [main] DEBUG net.thucydides.core.steps.StepInterceptor - STARTING STEP: NPostProduct.iReceiveValidLoginAndProductHTTPResponseCode404 - I set POST api endpoints product
05:47:31.591 [main] DEBUG net.thucydides.core.steps.StepInterceptor - STEP DONE: I set POST api endpoints product
05:47:31.606 [main] DEBUG org.apache.http.impl.conn.BasicClientConnectionManager - Get connection for route {s}->https://altashop-api.fly.dev:443
05:47:31.607 [main] DEBUG org.apache.http.impl.conn.DefaultClientConnectionOperator - Connecting to altashop-api.fly.dev:443
05:47:31.728 [Finalizer] DEBUG org.apache.http.impl.conn.DefaultClientConnection - Connection 0.0.0.0:60339<->149.248.193.56:443 closed
05:47:31.729 [main] DEBUG org.apache.http.client.protocol.RequestAddCookies - CookieSpec selected: ignoreCookies
05:47:31.729 [main] DEBUG org.apache.http.client.protocol.RequestAuthCache - Auth cache not set in the context
05:47:31.729 [main] DEBUG org.apache.http.client.protocol.RequestProxyAuthentication - Proxy auth state: UNCHALLENGED
05:47:31.729 [main] DEBUG org.apache.http.impl.client.DefaultHttpClient - Attempt 1 to execute request
05:47:31.729 [main] DEBUG org.apache.http.impl.conn.DefaultClientConnection - Sending request: GET /api/product HTTP/1.1
05:47:31.729 [main] DEBUG org.apache.http.wire -  >> "GET /api/product HTTP/1.1[\r][\n]"
05:47:31.730 [main] DEBUG org.apache.http.wire -  >> "Authorization: Bearer [\r][\n]"
05:47:31.730 [main] DEBUG org.apache.http.wire -  >> "Accept: */*[\r][\n]"
05:47:31.730 [main] DEBUG org.apache.http.wire -  >> "Host: altashop-api.fly.dev[\r][\n]"
05:47:31.730 [main] DEBUG org.apache.http.wire -  >> "Connection: Keep-Alive[\r][\n]"
05:47:31.730 [main] DEBUG org.apache.http.wire -  >> "User-Agent: Apache-HttpClient/4.5.13 (Java/14.0.2)[\r][\n]"
05:47:31.730 [main] DEBUG org.apache.http.wire -  >> "Accept-Encoding: gzip,deflate[\r][\n]"
05:47:31.730 [main] DEBUG org.apache.http.wire -  >> "[\r][\n]"
05:47:31.730 [main] DEBUG org.apache.http.headers - >> GET /api/product HTTP/1.1
05:47:31.730 [main] DEBUG org.apache.http.headers - >> Authorization: Bearer 
05:47:31.730 [main] DEBUG org.apache.http.headers - >> Accept: */*
05:47:31.730 [main] DEBUG org.apache.http.headers - >> Host: altashop-api.fly.dev
05:47:31.730 [main] DEBUG org.apache.http.headers - >> Connection: Keep-Alive
05:47:31.730 [main] DEBUG org.apache.http.headers - >> User-Agent: Apache-HttpClient/4.5.13 (Java/14.0.2)
05:47:31.730 [main] DEBUG org.apache.http.headers - >> Accept-Encoding: gzip,deflate
05:47:31.732 [Finalizer] DEBUG org.apache.http.impl.conn.DefaultClientConnection - Connection 0.0.0.0:60338<->149.248.193.56:443 closed
05:47:31.735 [Finalizer] DEBUG org.apache.http.impl.conn.DefaultClientConnection - Connection 0.0.0.0:60342<->149.248.193.56:443 closed
05:47:31.738 [Finalizer] DEBUG org.apache.http.impl.conn.DefaultClientConnection - Connection 0.0.0.0:60341<->149.248.193.56:443 closed
05:47:31.741 [Finalizer] DEBUG org.apache.http.impl.conn.DefaultClientConnection - Connection 0.0.0.0:60340<->149.248.193.56:443 closed
05:47:31.769 [main] DEBUG org.apache.http.wire -  << "HTTP/1.1 404 Not Found[\r][\n]"
05:47:31.769 [main] DEBUG org.apache.http.wire -  << "date: Mon, 08 May 2023 22:56:22 GMT[\r][\n]"
05:47:31.769 [main] DEBUG org.apache.http.wire -  << "content-encoding: gzip[\r][\n]"
05:47:31.769 [main] DEBUG org.apache.http.wire -  << "content-type: text/plain; charset=utf-8[\r][\n]"
05:47:31.769 [main] DEBUG org.apache.http.wire -  << "transfer-encoding: chunked[\r][\n]"
05:47:31.769 [main] DEBUG org.apache.http.wire -  << "server: Fly/3f2597ca (2023-05-03)[\r][\n]"
05:47:31.769 [main] DEBUG org.apache.http.wire -  << "via: 1.1 fly.io[\r][\n]"
05:47:31.769 [main] DEBUG org.apache.http.wire -  << "fly-request-id: 01GZYS91J75ACCYQN5QVEJR72D-sin[\r][\n]"
05:47:31.769 [main] DEBUG org.apache.http.wire -  << "[\r][\n]"
05:47:31.769 [main] DEBUG org.apache.http.impl.conn.DefaultClientConnection - Receiving response: HTTP/1.1 404 Not Found
05:47:31.769 [main] DEBUG org.apache.http.headers - << HTTP/1.1 404 Not Found
05:47:31.769 [main] DEBUG org.apache.http.headers - << date: Mon, 08 May 2023 22:56:22 GMT
05:47:31.769 [main] DEBUG org.apache.http.headers - << content-encoding: gzip
05:47:31.769 [main] DEBUG org.apache.http.headers - << content-type: text/plain; charset=utf-8
05:47:31.769 [main] DEBUG org.apache.http.headers - << transfer-encoding: chunked
05:47:31.769 [main] DEBUG org.apache.http.headers - << server: Fly/3f2597ca (2023-05-03)
05:47:31.769 [main] DEBUG org.apache.http.headers - << via: 1.1 fly.io
05:47:31.769 [main] DEBUG org.apache.http.headers - << fly-request-id: 01GZYS91J75ACCYQN5QVEJR72D-sin
05:47:31.770 [main] DEBUG org.apache.http.impl.client.DefaultHttpClient - Connection can be kept alive indefinitely
05:47:31.770 [main] DEBUG io.restassured.internal.RestAssuredHttpBuilder - Parsing response as: text/plain; charset=utf-8
05:47:31.770 [main] DEBUG org.apache.http.wire -  << "1E[\r][\n]"
05:47:31.770 [main] DEBUG org.apache.http.wire -  << "[0x1f][0x8b][0x8][0x0][0x0][0x0][0x0][0x0][0x4][0xff][0xcb][0xcb]/QH[0xcb]/[0xcd]K[0xe1][0x2][0x0][0xd4]I[0xfa]r[\n]"
05:47:31.770 [main] DEBUG org.apache.http.wire -  << "[0x0][0x0][0x0]"
05:47:31.770 [main] DEBUG org.apache.http.wire -  << "[\r][\n]"
05:47:31.771 [main] DEBUG org.apache.http.wire -  << "0[\r][\n]"
05:47:31.771 [main] DEBUG org.apache.http.wire -  << "[\r][\n]"
05:47:31.772 [main] DEBUG io.restassured.internal.RestAssuredHttpBuilder - Parsed data to instance of: class org.apache.http.conn.EofSensorInputStream
05:47:31.774 [main] DEBUG org.apache.http.impl.conn.BasicClientConnectionManager - Releasing connection org.apache.http.impl.conn.ManagedClientConnectionImpl@1626612d
05:47:31.774 [main] DEBUG org.apache.http.impl.conn.BasicClientConnectionManager - Connection can be kept alive indefinitely
05:47:31.776 [main] DEBUG net.thucydides.core.steps.StepInterceptor - STEP DONE: I receive valid login and product HTTP response code 404
  &amp#27;[32mThen &amp#27;[0m&amp#27;[32mI receive valid login and product HTTP response code 404&amp#27;[0m &amp#27;[90m# starter.stepdefinitions.UserSteps.iReceiveValidLoginAndProductHTTPResponseCode404()&amp#27;[0m
05:47:31.782 [main] DEBUG net.thucydides.core.steps.StepInterceptor - STARTING STEP: UserSteps.iReceiveValidDataForComment - I receive valid data for comment
05:47:31.782 [main] DEBUG net.thucydides.core.steps.StepInterceptor - STEP DONE: I receive valid data for comment
  &amp#27;[32mAnd &amp#27;[0m&amp#27;[32mI receive valid data for comment&amp#27;[0m                          &amp#27;[90m# starter.stepdefinitions.UserSteps.iReceiveValidDataForComment()&amp#27;[0m
05:47:31.786 [main] INFO  - 
  _____   ___   ___   _____     ___     _     ___   ___   ___   ___  
 |_   _| | __| / __| |_   _|   | _ \   /_\   / __| / __| | __| |   \ 
   | |   | _|  \__ \   | |     |  _/  / _ \  \__ \ \__ \ | _|  | |) |
   |_|   |___| |___/   |_|     |_|   /_/ \_\ |___/ |___/ |___| |___/ 

POST - As admin I cannot comment for product
----------------------------------------------------------------------
]]></system-out>
  </testcase>
  <testcase name="GET - As admin I can get category by ID" classname="User" time="0.68">
    <system-out><![CDATA[
@TC-0019
Scenario: GET - As admin I can get category by ID &amp#27;[90m# src/test/resources/api/user.feature:125&amp#27;[0m
05:47:31.807 [main] INFO io.cucumber.core.plugin.SerenityReporter - Running feature from file:///C:/Users/Lenovo/IdeaProjects/MiniProject/MiniprojectApi/src/test/resources/api/user.feature
05:47:31.807 [main] WARN io.cucumber.core.plugin.SerenityReporter - Feature from file:///C:/Users/Lenovo/IdeaProjects/MiniProject/MiniprojectApi/src/test/resources/api/user.feature is not under the 'features' directory. Requirements report will not be correctly generated!
05:47:31.812 [main] INFO  - 
  _____   ___   ___   _____     ___   _____     _     ___   _____   ___   ___  
 |_   _| | __| / __| |_   _|   / __| |_   _|   /_\   | _ \ |_   _| | __| |   \ 
   | |   | _|  \__ \   | |     \__ \   | |    / _ \  |   /   | |   | _|  | |) |
   |_|   |___| |___/   |_|     |___/   |_|   /_/ \_\ |_|_\   |_|   |___| |___/ 

GET - As admin I can get category by ID(user;get---as-admin-i-can-get-category-by-id)
--------------------------------------------------------------------------------
05:47:31.951 [main] DEBUG net.thucydides.core.steps.StepInterceptor - STARTING STEP: UserSteps.iSetGETApiEndpointsCategoryId - I set the GET api endpoints category Id
05:47:31.952 [main] DEBUG net.thucydides.core.steps.StepInterceptor - STEP DONE: I set the GET api endpoints category Id
  &amp#27;[32mGiven &amp#27;[0m&amp#27;[32mI set GET api endpoints category Id&amp#27;[0m       &amp#27;[90m# starter.stepdefinitions.UserSteps.iSetGETApiEndpointsCategoryId()&amp#27;[0m
05:47:31.955 [main] DEBUG net.thucydides.core.steps.StepInterceptor - STARTING STEP: UserSteps.iSendGETHTTPRequest - I send HTTP GET request
05:47:31.956 [main] DEBUG net.thucydides.core.steps.StepInterceptor - STARTING STEP: GetAllProduct.iSendGETHTTPRequest - I set the GET api endpoints
05:47:31.957 [main] DEBUG net.thucydides.core.steps.StepInterceptor - STEP DONE: I set the GET api endpoints
05:47:31.963 [main] DEBUG org.apache.http.impl.conn.BasicClientConnectionManager - Get connection for route {s}->https://altashop-api.fly.dev:443
05:47:31.963 [main] DEBUG org.apache.http.impl.conn.DefaultClientConnectionOperator - Connecting to altashop-api.fly.dev:443
05:47:32.060 [main] DEBUG org.apache.http.client.protocol.RequestAddCookies - CookieSpec selected: ignoreCookies
05:47:32.060 [main] DEBUG org.apache.http.client.protocol.RequestAuthCache - Auth cache not set in the context
05:47:32.060 [main] DEBUG org.apache.http.client.protocol.RequestTargetAuthentication - Target auth state: UNCHALLENGED
05:47:32.060 [main] DEBUG org.apache.http.client.protocol.RequestProxyAuthentication - Proxy auth state: UNCHALLENGED
05:47:32.060 [main] DEBUG org.apache.http.impl.client.DefaultHttpClient - Attempt 1 to execute request
05:47:32.060 [main] DEBUG org.apache.http.impl.conn.DefaultClientConnection - Sending request: GET /api/products HTTP/1.1
05:47:32.060 [main] DEBUG org.apache.http.wire -  >> "GET /api/products HTTP/1.1[\r][\n]"
05:47:32.060 [main] DEBUG org.apache.http.wire -  >> "Accept: */*[\r][\n]"
05:47:32.060 [main] DEBUG org.apache.http.wire -  >> "Host: altashop-api.fly.dev[\r][\n]"
05:47:32.060 [main] DEBUG org.apache.http.wire -  >> "Connection: Keep-Alive[\r][\n]"
05:47:32.060 [main] DEBUG org.apache.http.wire -  >> "User-Agent: Apache-HttpClient/4.5.13 (Java/14.0.2)[\r][\n]"
05:47:32.060 [main] DEBUG org.apache.http.wire -  >> "Accept-Encoding: gzip,deflate[\r][\n]"
05:47:32.060 [main] DEBUG org.apache.http.wire -  >> "[\r][\n]"
05:47:32.060 [main] DEBUG org.apache.http.headers - >> GET /api/products HTTP/1.1
05:47:32.060 [main] DEBUG org.apache.http.headers - >> Accept: */*
05:47:32.060 [main] DEBUG org.apache.http.headers - >> Host: altashop-api.fly.dev
05:47:32.060 [main] DEBUG org.apache.http.headers - >> Connection: Keep-Alive
05:47:32.060 [main] DEBUG org.apache.http.headers - >> User-Agent: Apache-HttpClient/4.5.13 (Java/14.0.2)
05:47:32.060 [main] DEBUG org.apache.http.headers - >> Accept-Encoding: gzip,deflate
05:47:32.407 [main] DEBUG org.apache.http.wire -  << "HTTP/1.1 200 OK[\r][\n]"
05:47:32.407 [main] DEBUG org.apache.http.wire -  << "content-type: application/json[\r][\n]"
05:47:32.407 [main] DEBUG org.apache.http.wire -  << "date: Mon, 08 May 2023 22:56:22 GMT[\r][\n]"
05:47:32.407 [main] DEBUG org.apache.http.wire -  << "transfer-encoding: chunked[\r][\n]"
05:47:32.407 [main] DEBUG org.apache.http.wire -  << "content-encoding: gzip[\r][\n]"
05:47:32.407 [main] DEBUG org.apache.http.wire -  << "server: Fly/3f2597ca (2023-05-03)[\r][\n]"
05:47:32.407 [main] DEBUG org.apache.http.wire -  << "via: 1.1 fly.io[\r][\n]"
05:47:32.407 [main] DEBUG org.apache.http.wire -  << "fly-request-id: 01GZYS91WH80XSQCFE28X51STD-sin[\r][\n]"
05:47:32.407 [main] DEBUG org.apache.http.wire -  << "[\r][\n]"
05:47:32.407 [main] DEBUG org.apache.http.impl.conn.DefaultClientConnection - Receiving response: HTTP/1.1 200 OK
05:47:32.407 [main] DEBUG org.apache.http.headers - << HTTP/1.1 200 OK
05:47:32.407 [main] DEBUG org.apache.http.headers - << content-type: application/json
05:47:32.407 [main] DEBUG org.apache.http.headers - << date: Mon, 08 May 2023 22:56:22 GMT
05:47:32.407 [main] DEBUG org.apache.http.headers - << transfer-encoding: chunked
05:47:32.407 [main] DEBUG org.apache.http.headers - << content-encoding: gzip
05:47:32.407 [main] DEBUG org.apache.http.headers - << server: Fly/3f2597ca (2023-05-03)
05:47:32.407 [main] DEBUG org.apache.http.headers - << via: 1.1 fly.io
05:47:32.407 [main] DEBUG org.apache.http.headers - << fly-request-id: 01GZYS91WH80XSQCFE28X51STD-sin
05:47:32.407 [main] DEBUG org.apache.http.impl.client.DefaultHttpClient - Connection can be kept alive indefinitely
05:47:32.407 [main] DEBUG io.restassured.internal.RestAssuredHttpBuilder - Parsing response as: application/json
05:47:32.407 [main] DEBUG org.apache.http.wire -  << "240[\r][\n]"
05:47:32.407 [main] DEBUG org.apache.http.wire -  << "[0x1f][0x8b][0x8][0x0][0x0][0x0][0x0][0x0][0x4][0xff][0xaa]VJI,IT[0xb2][0x8a][0xae]V[0xf2]tQ[0xb2]241[0xb1]0[0xd2]Q[0xf2]K[0xcc]MU[0xb2]RJI-N.[0xca],([0xc9][0xcc][0xcf]S[0xd2]QrA[0xe2]Y))[0xe9]([0x5][0x14]e&[0xa7]*Y[0x19][0xe8]([0x5]%[0x96]d[0xe6][0xa5][0x17]+Y[0x99][0xe8](9'[0x96][0xa4][0xa6][0xe7][0x17]e[0xa6][0x16]+YE[0xc7][0xd6][0xea] [0xc]6[0x86][0x1b][0xec]Y[0x90][0x91][0x9f][0x97][0xaa]`h[0xa8]`f[0xa2][0x90][0x9e][0x84]axANb[0xa5]BFb[0xb1]B^[0xbe]BNfnfI1[0xc2]:#KK$[0xb][0x8d][0xd0],[0x84][0xda]fdjb[0x8][0xb7][0xcd]=173/[0x1d][0xc3][0x12][0xb7][0xfc]"[0x85]t[0xb0][0x94]BAiQA~qj[0xb1]R-[0x8a][0x83]-[0xe0]F[0xb8][0x95][0x16][0xe5]e[0x96][0x94][0x16][0xa5]*[0x84][0xe4][0x17]`[0x9a][0x4][0x97]MI,[0xca]T[0xf0]J-H,JD[0xb8][0xd8][0xd0][0x4][0xd9][0xc5][0xa6]h.F[0xb1][0xd1][0x4]ncp~^[0xa5]B@[0xb0]![0x86]e[0xf8][0xc2][0xc6][0x4]%l[0xc][0xd1]l[0xa2]j[0xd8][0x98][0x12]v)"[0x4][0x90][0x93][0x88][0x1]-]e[0x6]w[0x15][0x15]c[0xc][0xdd][0xc5][0xc8]1f[0x89]Hf.a.[\n]"
05:47:32.407 [main] DEBUG org.apache.http.wire -  << "[0xbe][0xa5][0xe9][0xa9]y[\n]"
05:47:32.408 [main] DEBUG org.apache.http.wire -  << "!E[0x89][0x99][0xf8]r[0x8c][0xa1][0x91][0x81][0x81][0x1][0xbe]0A[0xb1][0x1][0x91][0x1f][0x13][0xf3][0x12][0xb3][0x15][0x12]+[0x13]s1[0x12]Eqiq[0xa9][0x2]H[0x1a][0x11][0xe6][0x96](i[0x1][0xaf][0x1f][0xcc][0xe1][0xa1][0x16][0xe1][0xe4][0x1f][0x81][0x99][0xe4][0x10]9[0x5]a<jR3[0xa6]a[0xa4][0x82][0xfc][0x1]-[0x90][0xb0];[0xf][0x97][0xa3][0xd0][0xfd]L[0xc5][0xf4]o[\n]"
05:47:32.408 [main] DEBUG org.apache.http.wire -  << "[0x8a]>[0xa8][0xa3]h[0x13][0xef][0xa6][0x6][0x88][0x94][0x5][0x8a]X[0xea][0xc7][0xbb][0xa9][0x1][0xad]S[0x96][0xa9][0x1][0xa2][0xc8][0xa7][0x91][0x1f],[0x10]e[0xb4]SQbrjNj[0x9]F[0xe6][0xf0]MLIU[0xc8]OS[0xc8][0xc8]L[0xcf]P(,M[0xcc][0xc9],[0xa9]T(HM,[0xca]A[0xae]V[0x8c][0x88][0xcb][0x90][0xc6][0xc6]f[0x18][0x85][0xb4])[0x86][0x95][0xf8][\n]"
05:47:32.408 [main] DEBUG org.apache.http.wire -  << "i[0xd4][\n]"
05:47:32.408 [main] DEBUG org.apache.http.wire -  << "[0xc]w[0x8d]illf[0x9][0xcf][0x98]%[0xa9][0xc5][0xa0]*V[0xa1][0xa0](?[0xa5]4[0x19][0xd3][0x8f]%[0x19][0x99][0xc5][\n]"
05:47:32.408 [main] DEBUG org.apache.http.wire -  << "[0x99][0xc5][\n]"
05:47:32.408 [main] DEBUG org.apache.http.wire -  << "%[0x19][0xa9]05[\n]"
05:47:32.408 [main] DEBUG org.apache.http.wire -  << "[0xa8][0xd5]7[0x96][0xda][0x1a]=[0xd7]"[0x8a][0x1d]ccsD[0xf2][0xa3][0x9a][0xdd][0x86]h[0xc5][0x1e][0xee][0xaa][0xd0][0xd8][0xd8][0x1c][0x91]8[0xa9]j?R[0xdb][0x1][0xaf][0xf5][0x88]H[0xa6][0xaa][0xf5][0xc8][0x89][0xc][0xaf][0xfd][0x88]2[0x99]f[0xf6][0xa3][0x97][0x8f]([0xd1][0x8f][0xc8]W[0x98][0xf6][0x3][0x0][0x0][0x0][0xff][0xff]"
05:47:32.408 [main] DEBUG org.apache.http.wire -  << "[\r][\n]"
05:47:32.408 [main] DEBUG org.apache.http.wire -  << "478[\r][\n]"
05:47:32.408 [main] DEBUG org.apache.http.wire -  << "Bm[0x9][0x12][0x9d][0xf4][0xd0][0xa3][0x1f]_[0xd2]7[0xa7]A[0xd2]G[0xb7][0x1f][0x9f][0xff]-[0xc][0xa8][0x9f][0xf5][0xd0][0xed][0xc7][0x97][0xfd][0x90]Z[0xe1]4[0xb][0xbc][0xfe]G[0x94][0xdc][0x3]c?"[0xff]y[0x4]([0xe4]f[0x96][0xe4]c[0xa4];p[0x19][[0x92]Z[0x94][0x94][0x98][0x99][0x8d]h[0x2][0x98][0x9a][0x99]#eq[0xbc]^Dd1[0xd2][0xda][0x15][0xe8][0xf9][0x96]z[0xed][\n]"
05:47:32.408 [main] DEBUG org.apache.http.wire -  << "cc[0xb]D[0xba][0x87][0xf6][0x0]([0xa9]\[0xf0][0xa5]0KD[0xc][0x7][0x4]+`[0xda][0x92][0x9e][0x98][0x9b][0xaa]`[0xaa]P\[0x92]X[0x84][0x8]][0xd4]V[0x1f][0xbe][0xc]l[0x89][0x88]@[0xba]4[0xc5][0x8d]M[0x90][0x9a]dT[0x8]:<)[0xc7][0x4][0xa9]iF/[0xbf]!"[0x8b][0xd6]~C[0xc4][@QbrIfrb[0x8e]Bx~~Jj[0x9e][0x82]w^fZ*F>t[0xcc][0xc9]L,VH+MOT(-[0xd1]C[0xa4][0x15]CP[0x84][0xc0]G[0x6][0xf0][0x86]'"'Rod[0x0][0xaf][0x85][0x88]\[0x6][0xb3][0xd0][0x88][0xe2][0xa1][0x8]|[0x16][0x1a]"[0xaa][0x13][0x98][0x85][0x94][0x8f]}[0xe0][0xb5][0x10][0xd1]|[0xa3][0x93][0x85][0x18][0x3][0x2][0xe6][0x18])[0x5]\b[0x13]5[0xac][0x83][0xd7]k[0x88][0xd4][0x12][0x90][0x98][0x93][0xe8][0x93][0xef][0x3][0x1a]kAm[0x93][0xc0]m[0xc2]2zdl[0x8c]TA[0xe0])[0xc2]L[0xc][0x11]m rKH[0xbc][0xfe]@$BZ[0x18][0xf][0xea][0xcf]@{[0xa8]t[0xea][0x19][0x99][0x18]![0x12][0x1d]M|[0x84][0xe8][0x12][0xd0][0xc4]xD[0x19]K[0xb7][0x0]C[0x14][0xb6]t[0xb3][0x12][0x91]O[0xa9]i%[0xbe]|d[0x84][0x18][0x95][0xa3][0xa6][0x95][0xf8][0xf2][0x96][0x11][0xa2][0x8c][0xa0]q}i[0x84][0xc8][0xc5]4j[0xa8][0x9a][0x18]#*[0xf]Z[0x86][0x1f][0xac][0x19]ka[0x88]H"[0x8e][0xc9][0xc9][0xa9][0xc5][0xc5][0x90][0xd1]|[0x8c]~_[0xbe]Bj^Fb^r[0xaa]Bb[0x1]h8[0x5][0xc4]D[0x1e]A761F[0x14][0x8][0xc5][0xa9][0x5][0xa9])[0x98][0x5]ubf%H[0x10]:8ad[0x8a][0xdc]?[0xc6][0x17][0xc1][0xc6][0x88][0xb2][0x80][0x96]a[0x82][0xd4]%6[0x1][0xd5][0x1b][0xd0][0x2][0x95][0xda][0x9e][0xa1]1`[0x8c][0x88][0xe3]`p[0xcc]([0xf8]d[0x16][0x97][0x14][0x81]{R[0xa8]U)T:[0x7]"[0xad][0x90][0x97][0x9e][0x9a]T[\n]"
05:47:32.408 [main] DEBUG org.apache.http.wire -  << "[0x1a]"=[0xca][0x10][0xc5][0x0][0xd4]L[0xa8][0x95][\n]"
05:47:32.408 [main] DEBUG org.apache.http.wire -  << "N[0x89]9[0x89][0x98][0xb3]*PE[0xa8][0x16]+$%[0xe6][0xa5][0x83][0xc7][0xf8][0xa0][0xf6][0x9b][0x12][0x9f]d[0x10]e[0x2][0xdd][0x92][0xc][0xa2][0x5]A7+[0x11][0xe5][0x11][0xbd][0xac]4A[0x94]OA[0xa5][0xc5]%[0x99][0xc9][0xb0][0xfe][0x82]S"[0xe6][0xac][h[0x89]BjQQ~[0x91]BQjriqb^Jb[0xaa]BA~qqfni[0xb1]Bn~[0xe]h[0x9c]31U[0xa1]85E!3[0xb7] 5%[0x93][0xbc].[0x5][0xd2][0xf4][0x1f][0xa2][0x1b][0xe3][0x93][0x99][0x97][0x9a][0xa7][0xe0][0x94]_R[0x92][0x83][0xa5][0x1b]SZ[0xa2]P[0x90]ZT\[0x90][0x99][0x9c][0x99]X[0x92]Y[0xac][0x90][0x92][0x9f][0x93]_[0x94][0xaa][0x90][0x92][0x99]\[0x92][0xa8]P[0x90]_T[0x94][0xaf][0x90]YP\[0x9a][0xab][0x90][0x9a]HV/[0xc7][0x84][0xfe]E[0x96][0x9][0xa2]I[0x13][0x9c][0x93][0x9a][0x9a][0xad][0x0][0x9][0x1][0xf7][0x9c][0xfc][0xb2]T[0xd0][0xd8]7jN[0xf7]OK[0xcb]L[0xce][0xcc],VH[0xce][0xcf]+N-,M,)-RH[0xcc][0xcb][0xcc][0xcd][0x84]GL[0xb1]BY~NiAIbI[0xaa]BJjNj^fI&y[0x81]A[0xff]"[0xcf][0x4]Q[0xe4][0xb9][0xe7][0x17][0xa5][0xa7][0xe6][0x97][0x16]+[0x4][0x95]&%[0xa5][0x16])8[0x83][0xc7]8[0xd0]B#%[0xb3][0x4][0x92][0x6]Js[0x15][0x12]A[0x89][0x3][0x9c][0x4]r[0x12][0x93][0xf2][0x8b]2[0xf3][0x8b][0x13]s[0x15][\n]"
05:47:32.408 [main] DEBUG org.apache.http.wire -  << "K3[0x15][0x12]s2[0xb]K3S[0x14][0x8a][0xc9]M[0xa7][0x88]B[0x11][0x91]N[0xdd][0x8b][0x12][0xf3]2KR[0x15][0x9c][0xf3][0x13]A%-[0xaa][0xbb]\K@}[0xed][0xcc][0xc4][0x12][0x85][0xfc][0xdc][0xbc][0xcc]b[0x85][0xdc][0xcc][0xbc][0xcc][0xdc]D[0x85][0xbc][0xd2][0xdc][0xc2][0xd2][0xc4]\[0x85][0xe2][0xd2][0xe2][0xe4][0xcc][0x2]r][0x83]("[0x83]+[0xf3]R[0x8b][0xd2]3a[0xd9]9G!8#[0xb3][0x8][0xab]kR[0x8b]K[0xe0][0xa9]"3[0xa9][0xb4]X[0xa1] '195[0xb1]D![0x95][0xbc][0xac][0xb]*[0xd0][0xa1][0xf5][0xac][0x2][0x8d][0xba][0x90][0xa6][0x88][0xac]HV[0xf3][0x90][0xd8]V[0x8a])R[0xfe][0x83][0xcc][0xe7]c[0x8e][0xb3][0xc1][0xbb][0xaa][0x4][0xd7]:[0xe0]k[0xf][0x99][0xd2]??[0x99]"[0xf2][0x13][0xbd]j[0x1a]SDn[0xa1][0x9b][0x95][0x88],A7+[0x11][0xad][0x6][0xb2]R'[0xea][0x4]#[0xde]T[0x83]h,[0xd0][0xd8]&3D[0x1b][0x1]j[0x13][0xe6]2[0x3]|9[0x1]u[0xe0][0x19][0xdd]O[0xb0][0xae][0xb][0xe5][0xab]~[0x8c]M[0xcc][0x10]}[0x16][0xa8]Ki[0x95]g[0xcd](,[0x85][0x88][0x8f]g3[0xba][0x95]C[0xd4][0x9d][0x1c]G[0x8f]g[0xe4][0xee][0x98][0x19][0xa2][0xf8][0xa1]u<!J[0x1d][0xa8]M[0x83]6[0xed]"[\n]"
05:47:32.408 [main] DEBUG org.apache.http.wire -  << "+[0x9c].E[0xc][0xd0][0xe3][0xab][0xc5][0xa8][0x9a][0xa3]0[0xca]3J[0xc2][0x8f][0x86][0xb3]o&H[0xb].[0x6]Q[0xf8][0x99]c[0x94][0x9d][0xb4]*[0x91][0x90][0x16]}[0xf8]%[0x16]g*[0xb8]$[0x96][0xe6])x[0xa5][0x16][0x95][0x82]&X[0x11][0xcd]P[0x0][0x0][0x0][0x0][0xff][0xff]"
05:47:32.408 [main] DEBUG org.apache.http.wire -  << "[\r][\n]"
05:47:32.408 [main] DEBUG org.apache.http.wire -  << "5A4[\r][\n]"
05:47:32.408 [main] DEBUG org.apache.http.wire -  << "[0xca]S[0xb2]R[0x2][0xcb][0x97][0xa7][0xe6]%fg+[0x94][0xa4][0xe6]%[0xe6])[0xe4][0x96][0x16][0xe5][0xa6]"[0xcd][0x15][0x1a]Z[0xe2]_[0xe4][0x6]Kb[0x16][0x96][0x88]T[0x9b][0x9c][0x9f]W[0x92][0x9f][0xa1][0x9b][0x8c]XC[0x8a]>[0xea][0xe4][0x96]X[0x9c][0x91][0x99][0x9f][0x97][0x98][0x94][0x93][0x8a]:[0xd6][0x84][0xb4]`[0x4][0xec]6[0x84][0xdb][0xc1]K[0xa7][0x14][0xd2][0xf3][0x8b]R[0xb1][0xac][0x2][0x5][0xab][0xa5][0x92]?[0x10][0xe9][0x9c][0xb0]?0U [0xad]=561[0xa7][[0x89]mN[0xb7]r[0xd4][0x1c][0x11][0xcf][0xd0][0xdc]E[0xb3]tL[0xb7]v[0x8d][0x5][0xdd]Z[0xb][0x16][0x88][0x14][0x11][0xe1][0x94]_[0xa1][0x80]Y[0x86][0xd2][0xbf]d[0xb7]@[0xf4]:p[0xb8][0x89][0xf0][0xd2]Q[0xf4]:[0x1e]V,P[0xa3]-[0x87][0xb4]:pp[0xba][0x8f]n[0xe9][0x14]i[0x9d]2[0x8e][0x90]@[0xa4][0x1e][0xfa][0xb5][0xb5]-[0x11]-[0xe0][0xc1][0xe4]*DN[0xa3]q9[0x85][0xb4]H[0x6][0xfb][0x12][0xa4][0x81][0xcd]>[0x96][0x88][0x86]/v[0xe7][\r]H[0x9a]A[0xd4][0xb2][0xd8][0x1d]5[0xa0]a[0x86][0xbc]0[0x1c][0xbb][0xf3]p[0x85][0x19][\r][0xdb][0xb5][0xc8]k[0xc9]i[0x9b][0xa2][0x91]W|c[0xf7][0xfe][0x0][0xc7][0xe][0xa2][0xb1][0x83][0xdd]y[0xb8]b[0x87][0x86][0xb5][0x94][0xa9][0x1]"[0x9b][0xd1]:v([0xcf];[0xb4]L[0xa6]H[0xab][0xa4][0x6]O[0xec][0x18]"Zx[0xd8][0x1d]5[0xb0])[0xda][0x10]QYaw[0xde]@[0xa4]hCD[0xbb][0x90][0xc6])[0x1a]i[0xad][0x2][0xad]m[0xa2][.5[0xa4]W?[0xc9][0x14]i[0x85][0x1b][0x8d]C[0xf]i5[0x1a][0xad]mB[0xb4])im[0x13][0xdd]R[0xb9][0x11][0xa2][0xda][0xa2][0xb5][0x9f][0xe8][0x96][0xca][0xe9][0xb6]D[0xcb][0xd4][0x8]Q[0xeb][0xd1]:[0xf4][0xe8][0xd5][0x9f]3EZ[0x13]Fc?![0xad][0xe1][0xa2][0xb5]M[0x88][0x9c][0x8b][0xbd]*[0x1b][0xd8][0x9a][0xd6][0x18][0x91][0xdd][0xb1];o jZ[0xe4]u\4[0x9d]a65[0xa6][[0xc9]`[0x8c][0xa8][0xff]<[0x2][0x14][0x9c]A[0x8b]p2[0xb1]lP[0xc9]I-([0xc9]/P[0xc0][0xd8][0x1]d[0x9][0x2]HK[0xbc][0xd1][0x9b][0xee]H[0x93]H[0xa6][0xc6]T-[0x1a][0xd0]7[0xdc]#[0xdb][0x84][0xb4]Hj 6T![0x8f][0xa6]Q[0xcd]~|[0x13]H(~GdlBv#[0xf2][0x10]h[0xb7][0x1c][0x91][0xb1][0x88][0xb4][0xcc][0x89][0x90][0xf9]doV[0xc4][0x97][0x8a]L[0x10]%[0x3]U[0xed]'[0xd6][0xfb][0x88][0x9c]IU[0xeb][0x89][0x8e]^D&[0xa2][0x99][0xfd][0xe8][0xdd]N[0x94][0xe4][0x85][0xa8]uif?[0xbe][0xe8]GZ[0xb0]40[0xf6]#z[0xa8]4[0xb3][0x1f][0xfd][0x9c][0x15][0xe4][0xf0]GZME3[0xfb][0xf1][0x86]?[0xa2][0xb]<0[0xf6][0xd3]([0xfb][0x13][0x9b][0xff][0x90][0x16]b[\r][0x8c][0xff][0x11][0xe5][0xf][0xac][0x85]hjJ[0xa3][0xa9]=SSD[0xe3][0x80][0xba][0xab][0xf0]MM[0x11][0xc5][0x98]g^IjNNfzj^[0x89]BpIj*h[0xf5]c>[0x96][0x15][0xb3][0x9e])[0xa0][0xf3]$[0x8a]3[0x15][0xf2][0x12]KJ[0x8b]A[0xb]BADb1YkbMM[0x11][0xe5][0x18],[0x1c]i[0xb3][0xfe][0xd1][0x14]s5[0x16][0xad][0xa2][0x8b]n[0xab][0xa9]L[0xe9][0xb6][0x9a][0xca][0x94]nk[0x9c][0xc0]{[0xd9][0xa1]Kai[0x9d]"[0x10][0x89][0xdf]5/[0xbf]([0x17][0xb4]8: '[0x11][0xbc][0xfc][0xd7]9#1[0x13][0xb4][0xae][0x3]u[0x1]H[0x18]d!8[0xe8][0xd4][0x91][0x92]T[0x85][0xbc][0xfc]<[0xd0][0xb9]#e[0x99])[0xa0]<[0x93]ZL[0xd6][0xd2]_S[0xa4][0xf5]7.[0xa5]E[0xa0]5[0x1e][0xa0][0xad][0x4]9[\n]"
05:47:32.408 [main] DEBUG org.apache.http.wire -  << "[0xd8]][0x10][0xc]][0xea][0xac]PX[0x9a][0xaf][0x80][0xb4].;3[0x8f][0x9c]%[0xe9][0xa6]t[fc[0x8a][0xb4][0xcc][0x86][0xc6][0xd1]J[0xb7]e$[0xa6]t[FbJ[0xb7]e$[0xa6]H[0x87][0x90][0xd0]8[0x9e][0x90][0x8e][0x1b][0x9][0x8]6[0xc1],[0xf5][0x8b]M[0x14][0x92][0x12][0x8b]J[0x11][0xbd]#c[0xfc]k[0xab][0x90][0x9b]gt[[0xa2]b[0x8a]th[0x9][0xad][0xc3][0xb][0xd1][0xe4][0xa3][0xb5]M[0x88][0xc6][0x1d][0xad]m[0xa2][0xdb] [0xaf][0x5]f[0x83][\r]3[0xc9][0x11]}[0x4]#[0xbe][0xa6][0xb9][0x5][0xa2][0xb5]F[0xeb][0xd0]CT`[0xb4][0xb6][0x89]n[0xcd]4Kz-[0xfc]4EZ[0x1e]D[0xe3][0xd0]CZ[0xf2]Ck[0x9b][0xe8]VFX"[0xca][0x8][0xaa][0x97][0xde][0x96]t+[0x15][0x90]V[0xfb][0xd0]:f[0xe8][0x95]W[0xcd][0x90]N[0xea]q-J[0xcf][0xcf][0xcb][0xcf][0xcd]LVp[0xcc])[0xcd][0xcd][0xcc]+[0xcd][0xc5][0xba][0xed][0xcf][0xb1][0xb4]D!)5[0xb1]$1[0x15][0xbe][0xa9]-5W!7[0xb1]"37U!/57_!3'[0xa7]4[0x17][0xb4][0xe1][0xf][0xdc][0xf7]#[0xa7][0xa9]if@[0xaf]b[0xd1][0xcc][0x80]^[0x85][0x95][0xd9][0xe0]^'a6[0x18][0xd7]I[0x98][0xd1]k[0x9d][0x84][0x89][0x9]RUB[0xab][0x93]8[0xe9][0x95][0xd2]L[0x91][0xf6][0xb][0xd0][0xba][0xa0][0xa2][0x97][0x9f][0xcc][0x90][0xce]b[0xa5][0xad][0x9f][0xcc][0xc][0x10][0x95][0x15][0xad]m[0xa2]W[0xd5]efH[0xaf][0x6][0xad][0x19][0xd2][0x8a][0x19][0xec][0x93][0xc0][0x3]:Gm[0x86][0xb4][0xcc][0x6][0xbb][0xf3][0x10]=H[0xba][0xad][0xf2]6C:[0x16][0x8a][0xc6])[0xce][0x8][0xd1][0xe4][0xb][0x8]64[0xa0][0xa0]S[0x83]~[0x9e][0x11]|W[0x2]R5[0x7]9<[0x1e][0xc3][0x92]4[0xfc][0xe7][0xca][0x1b][0x9b][0x19][0xd1]-[0x7]"[0x9d][0xbc][0x94][0x9d]Y[0x90]X[0xac][0x90][0x98][0x97][0x8e][0xe5]d[0xf2][0xdc][0xd4][0xbc][0xf4][0xd4][0x9c][0xd2][0xc4][0xa2][0xec][0xc4]<[0x88][0x12][0x85][0xe2][0xc4][0xbc][0xf4][0xc4][0x12][0x85][0xec][0xd4][0xbc][0xe4]D[0xf0][0xae])[0xe8]q+[0xf8][0xf][0xf5][0x83][0x87][0x12][0xd2][0xf1][0x1b][0xe4][0x9d][0xbe]ol[0x86][0xb4]>[0x8]~\[0x83]SQ~^U*[0x8e][0xe1]@[0xc8]9[0x84]E[0xa9][0x5][0xa9]99[0xa9]y)[0xa5][0xc5][\n]"
05:47:32.409 [main] DEBUG org.apache.http.wire -  << "[0x89][0xc9][0xa0]#F@[0x7][0x8b][0x14][0x96][0x92]5$o[0x86][0xb4]t[0xc8]75%3?[0xb9]([0x15]4"[0x9]:[0xc][0x11][0xc7]![0x1a][0x8e]`;[0xf3]J2A[0x7][0x85][0x94]([0xe4][0x83][0xcf][0xd4]HT(K[0xcd][0xc9],Q[0xc8][0xcb]O[0xca],&[0xab][0xc5][0x88]t[0xcc][0xd4][0x90][0x8b]I[0xa4][0xb5]JC[0xcf][0xed][0x88][0xb9][0xd5][0xa1][0xe7]v[0xc4][0xb2][0x8b][0xa1][0xe7]vDIN[0xe3]:[0x3]iY[0x97]g^rQjJfRN[0xaa][0x2][0xac][0xa4][0xc9][0xc9]O[0xc6][0xdc][0xfb][0xea][0x9a][0x8]?fE!5/[0x13][0xd2][0x19],[0x6][0xe5][0xef][0xd4][0xe2][0xe4][0xcc][0xd2][0xbc][0x12][0x85][0x94][0xd2]d[0xf0][0x81]F[0x90]3[0x84]r[0xc9][0xca][0xf2]t[[0xda]e[0x86][0xb4][0xe0][0x8a][0xd6][0x81]M[0xb7][0x6]5[0xd2][0x9a] [0x1a][0xfb][0xc9][0x84]n[0xcd]\[0x13]D3[0x97]&[0x19][0x1a]g[0xa3][0x87][\n]"
05:47:32.409 [main] DEBUG org.apache.http.wire -  << "[0xd5][0xb9][0x9][0xe5]C[0x1e][0xc8][0xb7][0xe8][0xe0][0x19]t63[0xa1][0xdb][0xf0][0x12][0xd2][0xca][0x1f][0x1a]'2SD=Dk[0x9b][0x8][0x97][0xbc][0x0][0x0][0x0][0x0][0xff][0xff]"
05:47:32.409 [main] DEBUG org.apache.http.wire -  << "[\r][\n]"
05:47:32.409 [main] DEBUG org.apache.http.wire -  << "CE5[\r][\n]"
05:47:32.409 [main] DEBUG org.apache.http.wire -  << "R[0xc2]wR[0xb][0xd1][0xa7][0x92][0x98]![0xad][[0xa1][0xb5][0x9f](O|[0xc4][0xad][0xc5]3[0xa3][0xdb][0x1a][0xe]3[0xba][0xad][0xac]0[0xa3][0xdb][0xe9]1ft;[0xd3][0xc5][0xc]tK[0x0]]VV[0x98]![0xad]i[0xa0]q*[0xa7][0xdb][0xb2][0x2]3[0xa4]e[0x5][0x1e][0x5][\n]"
05:47:32.409 [main] DEBUG org.apache.http.wire -  << "a[0x99]e[0xf9][\n]"
05:47:32.409 [main] DEBUG org.apache.http.wire -  << "[0x91]FF[0x18]=[0xe1][0xdc][0xd4][0xdc][0xcc][0x9c][0xcc][0xec]L[0x85][0xe2][0x82][0xd4][0xe2][0xcc][0xb4][0xcc]l[0xd0][0x99]"[0x95][0x89]y[0xe9][\n]"
05:47:32.409 [main] DEBUG org.apache.http.wire -  << "[0x89][0x5][0xe0][0x93]F[0xa1][0x9d]Jc[0xd0][0xbd]0([0xa7][0xc5][0xa3][0xd7]DH[0xf3][0xd9]f[0xe6][0xa4]t[0x9f][0xb1][0x9c][0xff][0x8d]''S[0xaf][0xff]jb[0x82]t[0xbf][0x2]4[0xde][0x8d]1[0x2][0x88][0x1a][0xe5][0xa8][0x89][0x89]%)[0x1]B[0xc1])s&&HSD4[0x1a]EF[0xda][0x2][0x1a][0x92][0x98]Q[0xaa][0x90]T[0x9a][0x83][0xe5][0xc]D|[0xe1]F[0xdc][0xaa]I[0x13]S[0xa4][0x81][0x1c]2m"[0xb6][0xa6]31E[0x1a][0xe7][0xa7][0xbd]][0x88]F"4[0xdd][0xd1]fm[0x9f][0x89])[0xbd][0xf6])[0x9a][0xd0]mz[0xda][0xc4][0x94]^[0xd3][0xd3]&[0xa6][0x98][0xe5][0x3][0xad][0xe2][0x89]n[0xe5][0x83])[0xbd]&[0xab]ML[0x91]J"[0x1a][0xa7]r[0xba][0xcd]6[0x99]!-[0xa1][0xb][0x80]\[0xf3][0xa6][0xe0]X[0x9a][0x93][0x99][0xa8][0x80]Yqd[0xe6]e[0x82][0x96][[0x82][0xae][0x82]SH[0x84][0xab][0x81]V[0xa7][0xc4][0x95][0x80][0xc6]f[0xe6]t*)[0x8c][0xcd][0xcc][0x11]=2[0xec][0xd3][0x12][0x3];k[0x82][0xb4][0xfa][0xe][0xbb][0xf3]p[0xcd][0x9a][0xa0][0xef]J[0xa1]^[0xfb][0xc1][0xd8][0xc]i[0xd9][0x1e]vG[\r]p[0x98]![0xba][0x89][0xd8][0x9d][0x87]+[0xcc][0xd0]{[0xee]T[\r]3DK[0x8][0x9c][0x83][0xb2][0x15][0xdc]3Ss0[0x9a]]![0xa0]C[0xc6][0xf3][0xd2]A[0x17]$f[0x17]e[0x16][0x14]g"[0xdc]J[0xfc][0xde]A3[0xb][0xc4][0xb8][0xf][0x92]e[\n]"
05:47:32.409 [main] DEBUG org.apache.http.wire -  << "[0xd9][0xa9][0xba][0x98]-a*[0xd9][0x88][0xc8][0xb0]h6b[0x96][0x10]T[0xb2][0x11][0xd1]q[0xa6][0xcf]MWfH[0x17][0xa0][0x81][0xfd][0x98]\B[0xdb]B[0x10]ia[0x4][0x9d]|H[0xaf]&[0x86][0xb1][0x19][0xbd]*~c3zU[0xc7][0xc6]f[0x96][0x88][0xaa][0x84][0xa6][0x15][0xbf][0xb1]9[0xa8]CJ[0x97]![0x2]s[0xa4]kri[0xed]'D[0x9]Bk[0x9b][0xe8][0x16]OH]F[0x1a][0xfb][0xc9][0x10]1[0xa1][0xe6][0x19][0xe0][0xe1][0xef][0xe7][0xaa]`h[0xaa][0x10][0x10][0xe4][0x8f]Q[0xc1]x[0xb8][0xfa][0xb9][0x7][0xf8][0xfb]![0xaa][0x15][0x13][0xd0]H11w[0xe1][0x99]#[0xad]S[0xa3][0xb5]o[0x10][0xf5][0x17][0xed]|C[0xb7][0xf4][0x86][0xb4]0[0x87][0xc6][0xe1][0x86][0xb4][0xc6][0x86][0xd6]6![0xd2][0x1b][0xad]mB4[0x9c]hm[0x13]R[0x8b]"1[0xaf][0x4][0xb2][0xc3][0xcc]7[0xb1][0x8]4[0xe9][0xea][0x93][0x98][0x8b]y[\r][0x90]k[0x89]BFf2h[0xd5]m>[0xd2]4*h[0xf4][0x9b][0xa8][0xfc][0x84][0xb4][0x82]#)[0xb1]85[0xa5](-[0xb3][0x2]#[0xbf][0x82]eR[0xd3][0x12]KsJR@;[0xdd][0xa0][0x1d])3K[0xd0][0xe0]-q[0xd6][0xd0]kb[0xd3][0x1c][0xe9][0xe6]+[0xda][0x8c][0xbd][0xa2]7[0xd0][0x91][0xc6]^[0xcd][0x91][0xee][0xc0][0xa2]q:[0xa1][0xdb]q#[0xe6]t[0x9b][0xfd]6[0xa7][0xee]i#[0xf8][0xe2][0x9]i[0xc2][0x96][0xc6][0xf1][0x84]t[0xf6][0x5][0xad]mB[0x94][0x1c][0xb4][0xb6][0x9][0x91][0x99]iV3[0x82][0x1a][0x4][0xd0][0xd6]%[0xfd][0xb3]1[0xd2]l[0xf2][0x0]XN[0xb7]Z[\r][0xe9]R[0x1c][0x1a][0xa7][0x18][0xa4][0x8b]i[0x6] @[0x11][0x19]c[0x0],G[0xb4][0xf3][0x7][0xc0]rDF[0xa5][0xbf][0xe5]H[0x87]([0xc][0x80][0xe5][0x88][0xf5] [0x3]`9"[0x7][0xd3]c[0x8c][0xc6][0x9c]n[0xb][0x10][0xcc][0xe9]v[0xb4][0x83]9[0xd2][0x2][0x4][0xec][0xe3][0xa7][0x3]:[0xbc]k[0xe]j[0xf8]B[0xab]'[0xec][0xce]C[0xea][0xdb]Z[0xe2][[0x98]E[0xc5][0xe1]]s[0xba][0x9d][0xd0]`[0x8e][0xb4][0x94][0x2][0xbb][0xf7][0x7]6v[0x90][0xd6]_`w[0xde][0x80][0xc4][0xe][0xa2][0xf]9[0x88][0x1c][0x85][0x18][0x80][0xc0][0xee][0xa8][0x1][0x8e]HD[0xed][0x89][0xdd]y[0x3][0x12][0x91][0x88]Zu[0xf0]8jpO[0x87][0x99][0xa3][0xdc][0xce][0xe2][0x1f][0x81][0xef]r[0x16][0xba]m[0xbc]2G[0xba][0x9e][0xc5][0xa5]4[0xbb]4[0xf]c[0xdc][0x3][0x91][0xba][0xcc][0x88]>O[0xc4][0x1c][0xe9][0xf4][0x8][0xec][0xc9]c`[0xb3][0x14][0xca][0x9d]/[0x83]&&[0x8]e[0xa9][0x81][\r]3[0xa4][0xe3][0x1f][0xb0]G)"[0xa1][0xd0]/[0xf5]Z[0x12][0x9a]a[0x1e][0xe0]0C[0xc][0x9f][0xf][0xa2]0[0x1b][0xdc][0xd5][0x1d][0xd2][0xe4][0xdd] [\n]"
05:47:32.409 [main] DEBUG org.apache.http.wire -  << "[0xb3]A[0x9d]7-[0x90][0x8e][0xb0][0x18]4af[0x81][0xb4]][0x9d]&;Q[0xd0][0xc7]6[0xa9][0xd8][0x8b][0xb0]@[0x9a]m[0x1d]zn'[0xd4][0xc6][0x1e][0xd0]2[0xd1][0x2][0xe9]&[0x9b]A[0x94]V[0x11][0xc3]c[0xb4][0x1d][0x5][0xb4]@:l[0x85][0xee][0x83]2[0x16]H[0xd3][0xe0][0xd8][0xc3]~`[0x93][0x6][0xd2][0xdc]9v[0xe7][\r]@[0x13][0xc3][0x2]i[0xb2]}[0xc8][0x15][0x5]Hk[0xca][0xb1][0x7][0xe8][0x0][0xc7]7[0xa1][0x96][0xc8][0x80][0xc4]7[0xdd][0x8a][0x2][0xa4][0xe5][0x8]C/e![0x1a]D[0xe0][0x2][0xd3][0xb1](3=1[0xbf][0x4]t[0xfa]$[0xea][0x11][0xb0][0xf8][0xb6]a[0x10][0xbb]9[0xc2][0xd8][0x2]i=[0xc5][0x90][0xb]*[0xa4][0xa3]M[0xe8][0xb3]z[0xd0][0x2][0xe9][0x88][0x13]p[0xe4][0x4][0x4][0xd3]f[0xdb][0x80][0xb1][0x5][0xd2]1%[0xf4][0xf2][0x1b][0xa2][0xcc][0xa0][0xb5][0xdf][0xe8]V[0x10] [0x1d][0xdc]Ac?![0x1d][0xb3]Ak[0x9b][0x10][0x93]OC.[0xc7][0x1a][0xa3][0x15]n[0xb4][0xcb]?H[0xbb][0xf5]q[0xc6][0x7][0xa2][0x12]$[0xbe][0xbc]D[0xda]I[0xaf][0x80]1[0xa2]G[0x9d]"[0xd9][0x84]n[0x81][0x84][0xb4][0xc]b[0xc8]%%[0xa4]U[0x14]8#[0x98]:[0xf1][0x81]t[0xc3][0x6][0xad]mB[0xc][0xba][0xd1][0xda]&DW[0x96][0xd6]6!F[0xea]hm[0x13][0xdd]*0[0xa4]k0h[0xed]'DY0[0xe4]r([0xd2][0x12][0x8d][0xa1][0xe7][0xf6]!\[0xc9]"[0xdd][0xc5]1[0xf4][0xc2][0x1d]Q[0x2][0xe]=[0xb7]#[0xca][0x9f][0xcc][0xbc][0x94][0xfc][0xdc][0xcc]T[0x8c][0x6]Bbv[0xa9]Bqiv[0xa2][0x2]B[0x1]t[0xb5][0xb3][0x11][0xd1]S[0x80][0x16]H[0x8b]W[0xa0][0xa5][0xf][0xe6][0x84]'[0xbe][0x9a][0x8f]n[0x93]H[0x16]f[0x88][0x9]v[0x9c].E4[0xc2][0xf0][0xed][0x9c][0xa5][0xe6][0x10][0xb4]9b[0x1][0x15][0xc4]U[0xc5][0xa6][0xc5][0x18]1[0x5][0xf]@[0xf4]3,[0xcc][0xcc][0xcc][0xf0][0x9c]a[0x81][0xb4]\[0xdb][0x2]i[0xaa][0x16][0x11][0xdd][0xa8]}x[0xaa][0xa4][0x7][0xa4]c[0xfe]ik[0xf]"6ik[0xf][0xa2][0xce][0xa3][0xa9]=H[0xf3][0xae][0xb4][0xb5][0x7][0x91][0xde]hk[0xf]R[0xb7][0xba]2/[0xb5](=[0x13]|[0x81][0x10][0xe4][\n]"
05:47:32.409 [main] DEBUG org.apache.http.wire -  << "-[0xec][0x97][0xf8]x[0x16][0xe5][0x83][0xd6]%[0xc0][0xca] K[0xd0][0xae]Zbv\X"m[0xcf]C[0x1c][0xed][0xe]2M[0xc1])[0xbf][0xa4]$[0x7][0xb3][0xe4]s[0xce][0x7][0x1d][0xef]W[0x2][0x92][0x80][0xda]fn[0xe][0xca][0x88][0xc4][0xd9][0x86][0xa8][0x8d][0x83]sRS[0xb3][0x15][0xdc][0x8b][0x12][0xf3]2KR[0x15][0xc2][0x13]srRK02/[0xec][0x8c]yD[0xd9]bb[0x0][0xda]fN[0x9c]e[0x88]`[0x1c]bU[0x90][0x89])[0xbd][0x8e][0x97]615@[0x14][0x6]4?T[0x5]if[0x7][0x8f]][0x88][0xc8]&[0xb6]7ob[0x8a]4/[0x82][0xc7]dx]@[0xc9][0xf1]=[0xa6][0x86][0x88]b[\r]R[0xed][0xd0]h[0xec][0xd0][0xc4][0x14]i\[0x14][0xfb][0xe4][0x4]"[0xa8][0xe8][0xd5][0x16]01[0xa5][0xd7][0xd0][0xa9][0x89])[0xbd][0xee]k71E:%[0x99][0xa6]Qjl[0x81][0xb4][0xef][0x8c][0xd6]6[0xd1]md[0x0]iC[0x96]cjQ~Je^"[0xe8][0x82][0x10][0xd8][0xc5]w![0xa0][0x1b][0xe8]0[0x8a]v[0xd7][0x8a][0x82][0xd4][0x94][0xcc][0x92]D[0x85][0xd2][0x12][0xd0][0xb1][0xce][\n]"
05:47:32.409 [main] DEBUG org.apache.http.wire -  << "[0xc9][0xf9]E[0x5][0xf9]E[0xe4][0x9d][0xeb]l[0x81]t-t0R[0x8d][0xe9][0x93][0x99][0x97][0x9a][0xa7][0xe0][0x94][0x98][0x8e]i{q[0x89]BjQQ~[0x91]B^fFf[0xe][0xc8][0x5][0x99]%[\n]"
05:47:32.409 [main] DEBUG org.apache.http.wire -  << "[0xc5][0x99]y%[\n]"
05:47:32.409 [main] DEBUG org.apache.http.wire -  << "E[0xa9]E[0xa5][0xb9][\n]"
05:47:32.409 [main] DEBUG org.apache.http.wire -  << "[0xa5]99[0x89]d[0x1d]8kA[0xb7]Mc[0x16]&[0x88][0xf6][0x8][0x8d][0xd3][0x12][0xdd][0x8e][0x81][0xb5][0xa0][0xdb]F8[0xb][0xba][0x1d]8k[0x81]t%[0xea][0x10]k[0x88][0x18][ [0xed]`[0x80][0xa6][0xb1][0xc1][0xda]G[0xc5][0xdc][0xd6][0x80][0xe9]RD}I[0xb7]>*R[0x8b]7?[0xaf]R[0x81]v[0x13]%[0x98][0x7]:b[0xfa][0x1f]_[0x3][0x88]^-[0x8]c[0xb][0xa4][0x13][0xba]p[0xa6][0xa9][0x1][0x88])[0xc4][0xa8][0xf]NW[\r][0x92][0xf0]Ctlp[0xba]t[0x0][0xc2][0xf][0xd1][0x91][0xc0][0xde]X[0x1d][0xd8][0x95]4[0xa0]n[0xe3]`[0xdb][0x8a]e[0x81][0xb4][0x1d][0x83][0xa6]#[\n]"
05:47:32.409 [main] DEBUG org.apache.http.wire -  << "[0x98]W[0x8a][0xe][0xd6][0xb2][0x1]i[0x7][0xc8] J[0xdb][0x16][0x18]m[0xe9]A[0x1b]~[0x18][0xb3]t[0x98].[0xa5][0xd9][0x80]t[0x84][0x16]M[0xd3]9[0xf2][0x1]Z[0xe0][0xf1]%[0xd8][0x0][0x92]BxbIr[0x6]F7[0xc0]'5[0xb1]$#[0x15][0xe9][0xac][0x12][0xb]#[0xd0][0x1e]tb[0x86][0x97],[0x90]V[0xe1]C[0xc6][0xb2][0xc2][0xf3][0xf3]s[0x88][0x1f][0xc8]22[0x2][0x95]H[0xc4][0xd9][0x84]4[0xe0][0x80][0xd4][0xbb][0x9][0xce][0xcc][0xc9]Vp[0xc6]z[0xb5][0x6][0xe4][0xde][\r]D<[0x1b][0x19][0x81][0xc6][0xb0][0x89][0xb1][0xcc][0x12]iM[0xba][0x1b][0xfc]d[0x19][0x88]y[\n]"
05:47:32.409 [main] DEBUG org.apache.http.wire -  << "[0xce][0xf9]XN[0x11][0xe][0xce][0xcf])-ITH-QH.-[0xc8][0x4]u[0xe9]JR[0x91][0x8e][0x98][0xc1][0xd5][0x11][0xd2]0[0xbb]%[0xf2][0x98][0x17][0x92]7[0x9d][0xf3][0xb][\n]"
05:47:32.409 [main] DEBUG org.apache.http.wire -  << "R[0x8b][0x14][0xbc][0xf3]2[0xd3]@[0x83][0x8e][0xa8][0xe3][0xee][0x10][0x87]!<ja[0x9][0xea]`[0x13][0xe7]QDN[0x19]j[0xad]rK[0xa4][0x15][0xe2][0x90][0xb4][0x7]=[0xfa]' 1[0xaf][0x4]s[\n]"
05:47:32.410 [main] DEBUG org.apache.http.wire -  << "$[0xa8]4)[0x9]9[0x91][0x9b][0x9a][0x81].[0xff]&.[0x90][0x10][0x95]:[0xc4]"x[0x86][0xc2]n[0x15][0xb4][0xcf][0x8f][0x88][0x10]K[0xb][0xd0][0xaa][0xb][0xe2][0xec]B$s[0xe4]a[0x4][0xb8][0x8d][0xde][0xa9][0x95]I[0xf9][0x89]E)[0x84]s[0xb1][0x19][0xf8][0xfc]/[0xa2],EZ[0xef]=[0xe4]R[0x1][0xd2][0xd9][0xdb][0xc1][0xb9][0x89]99HW[0xb2]b-[0x15][0xb0]D[0xe](![0x11][0x17]N[0x88][0xb1][0x6][0xcf][0xbc][0x92][0xd4][0x9c][0x9c][0xcc][0xf4][0xd4][0xbc][0x12][0x5][0xc8][0x8][0xb][0xf6][0xb4][0x0][0x9e][0xaf]@[0xa4][0x4]s[0xb]CS[0xe2]&[0xdc],[0x91][0x16][0x94]{[0xa4]&[0x96]U*[0xb8][0x94][0x96]T"|[0x87]3![0x80][0xe6]-[0x90]-[0x4][\r][0xc5][0x10][0xe7];D[0xfd][0xe][0xbf][0xa0][0xcc]9[0xbf][0xa4]$?[0xf]W[0x81][0xe][0xc9]p[0x8][0xcb]L,A[0x3][0xe9][0xc4]Y[0x86](x[0x90][0x7][0xab]@[0x8e]WpJ[0xcd][0xc3]RMa[0x96]r[0xa0][0xe3][0x94][0x89][0xb3][0xc][0xd1][0xab][0x9](JL.[0xc9]LN[0xcc][0x81]][0xcb][0xe4][0x81][0xa5]4[0x87]N[0xc8] <fj[0xc]ZYL[0x9c]]H[0xfd][0x12]pz[0xc]H[0x4][0x95][0xdc][0xd8][0xab]^[0xf4][0x0]42[0x6][0xad][0x94]%[0xce][0x1e]D[0xa1][0x14]T[\n]"
05:47:32.410 [main] DEBUG org.apache.http.wire -  << "[0x9e][0x1a][0x83][0xd6][0x11]X[0xeb]'[0x88][0x1c][0xc2]C[0x96][0xa6][0xc4][[0x84][0xbd]D[0x82][0x94][0xa7][\n]"
05:47:32.410 [main] DEBUG org.apache.http.wire -  << "[0xd8][0x82][0xf]"[0x85][0xb0][0xcc][0xc8][0x4]th3Q[0xbe][0x2][0x5]3[0xb4][0x83][0x82]t[0x83][0x16]$[0x83]a[0xaf][0xe5][0xd1][0x83][0xd0][0xcc][0x18][0x94]q[0x88][0xb3][0xc][0x91][0x9d]}2[0xd3]3J[0xca]SA[0xa4][0x2][0xc4]D[0xac]>[0xb][0xcf][0xcf]OIE[0x9a]c4[0xb5][0x4][0xad][0x94]%[0xce]2D[0xee][0x1a]re,[0xf2][0x1c][0x4]8M[0xc3][0xe6]?[0x15][0xb0][0x17]z[0x18]e[0xac][0x99][0x85][0xa9]1[0x91][0xc5][0x1e][0xd2]=[0x93][0xf0]R[0x8][0x92][0x85][0xb0]%5[0x8c][0xb6][0xab][0x11][0xf8][0xe0]x[0xe2]b[0x4][0x91]S][0xf3][0xf2][0x8b]r[0xf3]K[0x8b][0x11][0xc5]+v[0x8f][0xa1]g##[0xb][0xd0][0x99][0xbf][0xc4][0xd9][0x86][0xc8][0xaf][0xc8][0x15];n[0xaf][0x81]Z[0xb6][0x88]<D[0xfc][0xf9][0x81][0x96]H[0xcb][0xc4][0x1d][0xcb]S[0x8b][0xf3]sS[0x15][0xa0][0xc5]xpFf[0x11][0xe6][0xfc]2Z[0x15]eaI[0xec][0x81][0x88][0xe0][0xc4][0xf][0xcd][0xad][0x88]ysx[0xda][0xc0]Q[0x10][0x81]*[0x14][0x84][0xbf],,@[0xb]>[0x88][\n]"
05:47:32.410 [main] DEBUG org.apache.http.wire -  << "Ac[0xc4]("[0xc2]6hQ[0xad][0x10][0x90][0x93][0x8][0x9e][0x8e]Gm[0x19][0x83][0xaa][0x13][0x84]][0xc6][0xc6][0xa0]}[0xe0][0xc4][0xd9][0x85]([0x1a][0xa0][0xa5]+$[0xeb][0xe3][0xb0][0x7]#[0xc1][0x9b][0x1b][0x82]F[0x1b][0x88][0xb3][\n]"
05:47:32.410 [main] DEBUG org.apache.http.wire -  << "[0xb1]H[0xc][0x9e][0xc][0xa1][0xc9]Z[0x1][0xeb])[0x96]P/#[0xfc]eaHtS[0x16][0xe9]"@[0x97][0xd2]"[0xd0][0x9c][0x14]"[0xc9]c[0xaf]vA[0x1d]:[0x84]Uf[0xc4][0xaf]<@:[0xb]q[0xc8][0x15]xH[0x93]y[0xc8]5[0x3]<i[0xe3][0xb8][0xb0][0x15]5[0xb9][0x99][0x9a][0x80][0xe6][0xa6][0x88]K[0x3][0x88]:[0x16][0xd9]>x[0xab][0x1f][[0xd1][0x87][0x1a]1[0xa6][0x86][0xa0][0xd3][0xce][0x89][0xb2][0xc]i[0x9e][0x10][0xd9]2h[0x2][0xc7][0xbe][0xb4][0x6][0xbd]J71[0x4][0x9d][0x8d]A[0x9c]u[0x88]l[0x8b]T[0xa5][0x83][0xb][0x1d][0x1c][0xb7][0xef][0x82][0xe5][0x10]i[0xce][0xc8][0x18]tT(qv![0xb2]-[0x92]][0xd0][\n]"
05:47:32.410 [main] DEBUG org.apache.http.wire -  << "[0x1d]{[0xfb][0x1][0x16][0xa7][0x8][0xfb][0x8c][0xc1][0x87][0x84][0x11]g[0x1f]R[0xde]-J[0xcf][0xcf][0xcb][0x7]M[0xf9][0xc2][0xb][0xdb][0xfc]T[0xcc]n(j[0xa9]nn[0x8][0xba][0xe6][0x84]8[0xab][0x10][0xed][0x7][0xe4][0x6]34[0xd6]p$[0x10][0x94][0xc6][0x8a][0x99]%[0xd1][0xe9][0x11]iZ[0x10]~a2[0xa4][0xa6][0xc2][0xde][0x8e]E[0x8f]1[0x13][0xd0][0x8]&q[0xde]B4[0xcd]![0xdd]7h[0xe9][0x86][0xa3][0xa0][0x85][0xca]""[0xcb][0xd2][0x14]t[0xa2][0x1b]qV![0xea]{[0x8c]A[0x1d]l[0xe1][0x7]nu"l23 zT[0x5]y[0xcf][0xb]x[0x4][0xe][0xd2]n [0xd6]O[0xc6][0xa6][0xa0][0x93][0x86][0x89][0xf2][0x13][0xd2][0xbe][0x91]!W[0xc8][0x82][0xc6]D[0xa0][0xad][0x7][0xe8](7[0x8d][0xb6][0x1f]Z[0x82][0x1a][0x9f]P[0x9b][0x90]K<h[0xad][0xad][0x80][0xa3]4[0x87]D[0x1a]"[0x1][0x98][0x9a][0x80][0x6][0xe7][0x88][0x8b][0x16]DfEt8a[0x95]:[0xf6]r[0x8]#e[0x9b][0x98][0x82][0xb6][0x1c][0x10]g[0x1d][0xa2]3[0x8d]4T[0x0][0xaa][0x8d]p[0x8c][0x18]B}[0x8e][0xf0][0x9b][0x91]![0xb1][0xb][0x81]-Ac[0xc3]X[0x2][0x13]\[0x4][0xe0][0xe8][0xf][0xa0][0x16]zFfD7[0xc3][0x90][0xb6][0xa6]@[0x9b]a[0xf0]*18[0x3]k[0xf1]Z[0x92][\n]"
05:47:32.410 [main] DEBUG org.apache.http.wire -  << "[0xbe][0xa4][0x5][0xba]*[0xd3][0xd2][0x14]4[0xb4]E\[0x18]"[0xda][0xe7]P[0xab] [0xf1][0x8f]cp[0x19][0xec]]D[0xf8][0x99][0x18][0x82]f[0xb1][0x88][0xb3][0x8]{][0xf][0x8e]-[0xec][0x95]/[0xb8][0xe4]E[0xb2][0x8b][0xf8]f,([0x5]A[0xe3][\n]"
05:47:32.410 [main] DEBUG org.apache.http.wire -  << "[0xde][0x99][0x82]z[0xb]{[0x7][0x7]#aX[0x18][0x81][0xee][0x18]![0xca]c[0xa0]n[0x3][0xd4]2[0xe4][0xd1]1P;[0x5]G2D+a-[\r]A[0x1d]M[0xe2][0xec]BT[0xf4](9[0x1a]:[0xd6][0x82]u[0x1d]-Z[0x94][0x99][0x9b][0x13][0xef]3DvF[0xca]_[0xd0]f[0x5][0xf6]f3[0x9a][0xd7]Hh[0x9e][0x81]2"4[0x18][0x87]\[0x91][0x8e][0xb9][0x99][0x83]VE:[0xe6]f[0xc][0x9a][0xd9][0x84][0xc8][0xaf]4[0xae][0xa6][0x90][0x16][0xef][0xd0]r[0x82][0xd0][0x12][0xb4]R[0x1d][0x9a][0xc2]hk[0xf]"[0xdb][0xd0][0xd6][0x1e]D[0xc][0xd1][0xd4][0x1e]P[0x11]O[0x8f]p[0x3]MSB[0xed][0x9][0x8]V[0xc0]L[0xd7][0xe9][0x89][0xb9][0xa9][\n]"
05:47:32.410 [main] DEBUG org.apache.http.wire -  << "[0xa6][\n]"
05:47:32.410 [main] DEBUG org.apache.http.wire -  << "[0xc5]%[0x89]H[0x93][0xb6][0xf8]W.!O1[0x82]znP[0xe3]i[0x9c][0xa0]A]R[0xfa][0xd8][0x4][0x1a][0x86][0xa3][0x93]M[0x88][0xee],[0x8d]C[0xf]T=[0xd1][0xc9]O[0x88]n,M[0xfd]db[0x80]<[G[0xcb][0x95][0x80]&[0x6]H[0x9b]!h[0xed]'[0xfa][0x85][0x1e][0xa2]@[0xa5][0xb5][0x9f][0x10]=[\n]"
05:47:32.410 [main] DEBUG org.apache.http.wire -  << "[0xda][0xda][0x4][0x0][0x0][0x0][0xff][0xff]"
05:47:32.410 [main] DEBUG org.apache.http.wire -  << "[\r][\n]"
05:47:32.410 [main] DEBUG org.apache.http.wire -  << "61E[\r][\n]"
05:47:32.410 [main] DEBUG org.apache.http.wire -  << "20D[0x1a][0x0][0xa0]q[0x8a]@[0xf4][0xff]3[0x3]2[0xf2][0xf3]R[\r]1[0xaf]:[0x4][0xef][0x8f]LM[0x81]][0x88][0x8a][0xd4][0xe8][0xc6]{29[0xa2]x51@:[0xae][0x89][0xd6]A[0x87][0xa8][0xf7]hl[0x13][0xd2][0xb4][0x1c][0xad]m[0xa2]S[0xf1]jb`[0x84][0xe8]B[0xd0][0xda]Ot+ [0xc8][0xda][0xc2][0x83]H[0xe4]Do53[0x0][\r]P[0xd1][0xa3]n21@[0x1a][0xad][0xce][0xcd][0xcc][0xc9][0xc6]X[0xf7][0x82]p=[0xbe][0xd5][0xec][0xc8][0x19][0x14][0xb4] [0x2][0xea]vj[0x99][0x88][0x88]`[0xba][0x1c]oeb[0x80]t [0x90]g[0x1][0xa8],S04T03QHO[0xc2][0x8] |[0xcb][0xb5][0x89][0x8f]p[0xa4][0xfb]o[0xb0]/lF[0xc4][0x3][0xfe][0x96]([0xf5][0xf6][0xbe][0x9b][0x18] [\r]E[0xd1].[0x14][0xa8][0xe8]`[0xf0][0xb8].4[0xe9][0x5]gW[0xe5][0xe7]+[0x84][0xe7][0xe7][0xa4]%g$[0x82][0x96][0x14][0xa0][0xce]\[0x6][0x97][0x14]%Vfg[0xa6][0x80]f[0x10][0xa0][0x83]Y[0x86]f[0xa0][0xad][0xa3]D[0xc][0x8f][0x98][0x98]"M[0x95][0x6]'[0xe6][0x16][0x97][0xe6][0xa5]+[0x4][0x1b][0x19]+[0x84][0xe6][0x94][0x14]%b$[0x10][0xf7][0xc4][0x9c][0xc4][0x8a]JD[0xfc][0x11][0x99][0x8f]LA[0xc3][0xe1]P[0xcf][0xc][0x9a]$a[\n]"
05:47:32.410 [main] DEBUG org.apache.http.wire -  << "[0x9a]*[0x82]:[0x8a][0xb0][0xcf][0x11]~&%l[0x91][0x1a]a[0x4][0xc3]6#[0xb3]2[0x11][0x14][0xe2][0xd0]($:h[0x11][0x8d][0xa2][0xc1][0x13][0xb4]H[0xfb][0xdf][0x6][0x91][0xa3][0x90]b[0x83][0xa6][0xcd]GS[0xa4]9[0xb1]A[0xe4][0xfd][0xc1][0x98]P[0x90][0xe]b[0x1b]<![0x85]4S6[0x88][0x1c][0x85][0xd4][0xcd][0x2]O[0x14]B[0xc7][0xdf][0xb1].>s[0xad]H-J[0xce],I,[0xc9][0xcc][0xcf]K[0xcd]U[0xc8]ML[0xcf][0xcb]T[0xc8]O[0xc9],QH[0xc9][0xcf][0xc9]/"c[0xb9][0xb9][0x89])R[\r]:xB[0x5][0xe9][0xc8]'[0x9a][0xb6][0xcc][0x8d]-[0xcd][0x11][0xd9][0x87][0xa6]#[0x87][0xa0][0xf5][0x8f][0xd0]Zi[0xc8][0x8d][0xe9][0x83][0xa6][0xf2][0xa1]n[0xa7][0xc9]h$[0xa2][0x0][0xa7][0x89][0xf1][0x88][0x1c]F[0x13][0xe3][0x11]c[\n]"
05:47:32.410 [main] DEBUG org.apache.http.wire -  << "[0xb4]0[0x1e]i[0xcb][0x10][0x8d]s[0x2]h[0x1d][\n]"
05:47:32.410 [main] DEBUG org.apache.http.wire -  << "4[0x96]im[0x13]"[0xcf][0xd1][0xda]&D[0xe4][0xd0][0xda]&[0xc4][0xe4]1[0xad]m[0xa2][0xdb][0x98][0xf][0xd2][0xa1]H4[0xf5][0x93][0x89][0x1][0xd2][0xb5]$[0xb4][0xb6][0x89]nc>H7[0x83][0xd0][0xda]O[0x88][0x2][0x94][0xd6]6![0xca]RZ[0xdb][0x84](#[0x86]X}ib`[0x80](u[0xb0]7[0xa9][0x6]r[0xb][0xb8][0x89][0x1]h[0xc][0x1]Z[0xd0]cw[0x1e][0xa2]SL[0xbf][0x81][0x1c][0xd0]*[0x1d][0xa8][0xa3][0x86]\|[0x83]6[0xd2]@[0xdd]N|[0xae]@[0x4]2[0xf1]Cp[0xa0][0xc5]1[0xf4][0xb1]h[0x8][0xe7]>[0xa4][0xcd][0xf]C.%[0x81][0xf6][0x12][0xd1]%[0x82][0x91][0x87][0x7][0x89][0x1e]4!'[0xc9]"[\r][0x11]Ri[0xa8][0x1d]i|[0x8f]Z&"[0xea]Oj[0x99]HN=IV[0xf0]"2*m[0x8b][0x9e][0xa1][0xbb][0x97][0xc3][0xc4][0x0]i/[0x7][0xbd]&g[0x10][0xad]L[0xea]MK[0x98][0xea](9'[0x96][0xa4][0xa6][0xe7][0x17]e[0xa6][0x16]+YE[0xa3][0xcc]h![0x12]\@[0xb0][0x9][0xc6][0x0]A[0xb1][0x89]BRb[0x11][0xe8][0xd2][0x1d][0xe8]8[0xb4]1[0xb1][0xe7]3[0x9b][0x18] ][0x11]A[0xdb]4f[0x82][0xe8]CQ[0xbf]+mb[0x80][0xbc]&[0x9f][0xe8]2[0xf]i[0xf6][0x85][0xf8]z[0x1a]i[0xf8][0x93][0xf8][0x10]#[0xcf]&[\n]"
05:47:32.410 [main] DEBUG org.apache.http.wire -  << "'[0xcb][0x89][0x9c][0x8e]0@Z[0xa9][0xf][0xdb]5[0x6][0xd9][0x8d][0x8d]c]o`if[0xa2]Bj~[0xb1]B[0x11]d[0xb0]R!/59[0xb5][0xb8][0x18]<v[0x99]TZ[0xac][0x90]V[0x9a][0x9e][0x99]X[0xa2][0x90][0x98][0x97][0x99][0x9b][0x89]4li[0x4][0xea]r[0x12]3[0xbf]e[0x80][0xb4][0xa0][0x9f][0xac] &[0xda][0xe3][0x88][0xb6]<Y[0xf6][0x90][0x90]h[0x10][0xa9][0x1f]i[0xe7][0x12]l8[0x18][0xc7][0xe][0x5][0xd7][\n]"
05:47:32.410 [main] DEBUG org.apache.http.wire -  << "[0x85][0xc2][0xd2][0xc4][0xd4][0xa2]D[0xd0][0xe9][0x91]E[0xe0][0xe0]-F[\n]"
05:47:32.410 [main] DEBUG org.apache.http.wire -  << "ObO[0x1d]110[0xa5][0xdb][0xa8][0x2][0xd2][0x8a]t[0xf8][0xce]"[0xf0][0xc2]l[0x5][0xe7][0xfc][0xdc][0x82][0xd2][0x12][0xf0][0x11][0x1d][0xa8]S[0xa1][0x8e][0xc5][0x5][0xa9]E[0x99][0xf9]E[0xa9][0xc5][0x90][0xb3])[0xf3][0x93][0x93][0x13]S[0x93][0x13]K2[0x15][\n]"
05:47:32.410 [main] DEBUG org.apache.http.wire -  << "K[0xc9]K>[0xc8]+[0xd5]i6{N[0xc5]yc[0x3][0xd0][0x1e]'h[0xcb][0x90][0x96]K[0x97][0xcc][0x10]M![0x9a]Z[0x83][0xa8][0xae]hj[\r]R[0xeb][0x8][0xe9]([0x1d][0xf0]F[0xb][0x1c][0x19][0xca][0xb1][0x14]:[0x99][0x92][0x9a][0xab]P[0x94]Z[0x90][0x9a][0x93][0x93][0x9a][0x97]R[0x8a][0x9c][0xa7][0x88]/[0xa3][0x90]V[0xa8]{[0x6]x[0xf8][0xfb][0xb9]*[0x18][0x9a]*[0x4][0x4][0xf9]cT[0xcf][0x1e][0xae]~[0xee][0x1][0xfe]~[0x88][0x6][0xa0][0x9][0xa8][0x6]![0xaa][0x1c]D:[0x98][0x92]fv [0xad]J[0xa7][0x9d][0x1d][0x88][0x8a][0x8c][0x86][0xf3]0&[0x6][0xe6][0x88][0x85]:[0xb4][0xb5][0x7])[0x85][0xd3][0xee][0xf2][0xc][0x13][0x3][0xd0][0xbe]oX[0xb9]@K{@[0xa7]tA[0xed][0xa1]q=[0x88][0xb4][0xc6][0x9e]f[0xa9][\r][0xb4]5[0x1f][0xea][0x1b][0xda][0xd9][0x81]Hi[0xb4][0xb3][0x3]Q\[0xf][0x9e][0xa1]<[0xa4][0xcd][0xb][0xb4],[0xdc]A[0xa7]F@[0xe3]p[0xf0][0xf8][0x1d][0xe9][0xe][0xe][0x9c][0xd9][0x4]Q[0xcc][0x13][0xdf]8[0xa4][0xd7]N[0x0][0x13][0x3][0xcb][0xc1][0x98][0xa4][0x90][0xf]4$[0xba][0xeb]FV8#[0x9a][0xfb][0x83](Q[0x91][0xd3]6'[0xc3][0xf7][0xe0][0xde][0xc2]`[0xcb]R[0x86]H'1[0xe2][0xcc]R[0x18]+\[0xc9][0xf2]=[0xa2][0xc0]&[0xde]"rz[0xed][0x86][0xa0]][0xe4][0x83]/[0x9c][0x91][0x1a][0xcb]D[0xe7]1[0xf2][0xbc][0x8f][0xc8]d[0xb4][0xaa][0x19][\r]A[0xc7][0xd0]A[0x83][0x98][0xd6][0x91][0x89][0xc8][0x9d][0x1]E[0xf9])[0xa5][0xc9]%[\n]"
05:47:32.410 [main] DEBUG org.apache.http.wire -  << "[0x8e][0xa5]9[0x99][0x89][\n]"
05:47:32.410 [main] DEBUG org.apache.http.wire -  << "[0x98]{K2[0xf3]2a[0xfb]J[0x14][0x12][0xe1]j[0xa0]#rD[0x8e]H[0x18]"[0xcd][0x94][0xd1][0xc7]>D[0xcb][0x9c][0xc6]![0x89][0xb4]a[0x8b]>>Cdx[0xfa][0xd8][0x87][0xa8]Z[0xe9]c[0x1f][0xa2][0xf]B[0x1f][0xfb][0x10]%[0x88]SQbr*[0xb6][0xab][0xac]|[0x13]SR[0x15][0xf2][0xd3][0x14]22[0xd3]3@CW9[0x99]%[0x95][\n]"
05:47:32.410 [main] DEBUG org.apache.http.wire -  << "[0x5][0xa9][0x89]E9[0xc8]E[0x9]h[0xb7][0x11]1[0xdd]_CCDQ[0xe2][0x12][0xe6][0xa2][0xe0][0x9d][0x99][0x9b]ZR\[0xaa][0x90][0x97][0xaf][0x10][0x99][0x98][0x99][0x4]Zw[0x8d]:[0x92][0x84][0xa8][0x17][0xc][0x8d][0xc]P[0x87][0xc0][0xf1][0xc][0xaf][0x1b]"[0xed][0xe8][0x2]Y[0xe3][[0x9a][0x9e][0x9a][0xa7][0x10]R[0x94][0x98][0x89][0xb9]l[0x1f][0x8f][\r][0x6][0xb8][0x7][0xf0][\r][0x91]nS[0xa2][0x91][\r][0xa0]0[0x85][0x96][0x88][0xb4][0xb2][0x1]QR[0xd0][0xca][0x6][0xc4][0xbc][0xca][0xa0]i[0x9e][0x19]"M[0xff][0xf]"G![0xf2][0xe2] r[0x14]b[0x88][0x9b][0xc6]U[0x9][0xd2]"[0x0][0xec][0xde][0x1f][0xd0]%8[0x86]H[0xd3][0xef][0xd8][0x9d][0x87](E[0xe8][0xb6][0x4][0xc7][0x10]i[0xaa][0x1e][0xbb][0xa3][0x6]8[0xcc][0x10][0xb5]'v[0xe7][\r]H[0x98]![0xaa][0xd8][0xf4][0xc4][0xdc][0xcc]<[0xcc]+[0xb6][0xd2][0xf2][0x8b][0x14] R[\n]"
05:47:32.410 [main] DEBUG org.apache.http.wire -  << "[0x5][0xa5]E[0x5][0xf9][0xc5][0xe0]#[0xe1][0xa0]m>[0xa2][0x7][0x0][0xc][0x8d][0x11][0xf9][0x99][0xc6]Y[0x7]i[0xa6]_[0x1]c[0xa4][0x1a][0xa3][0xa3][0x85]\k[0x13][0xbb]A[0xda][0x10]iB[0x9e],[0xcf][0x10][0xdb]T6F4[0xcd][0xc9][0xb2][0x87][0xf8][0xe8]A[0xda][0xa3]Jk[0x9b][0x10][0x95],[0xad]mBT[0xb6][0xb4][0xb6][0x9][0x91][0x8b]hm[0x13][0xee][0x1a][0x8][0x0][0x0][0x0][0xff][0xff]"
05:47:32.410 [main] DEBUG org.apache.http.wire -  << "[\r][\n]"
05:47:32.411 [main] DEBUG org.apache.http.wire -  << "A1[\r][\n]"
05:47:32.411 [main] DEBUG org.apache.http.wire -  << "[0xca],[0x0]m[0xab]Q[0xb2]R[0xa2]N[0x1a]G[0xda]mD[0xd8]O[0xe0]C[0x7][0x88][0xce]JT[0x9c]W4D[0x9a][0xd8]'[0xec]L[0xd8]}[0xa1][0x88][0x92][0x96][0xf8][0x1c]B[0xe9][0x84]=[0x9]6[0xd1][0xad][0xa8][0xa4][0xdb][0xa4][0xb9]![0xd2][0xa4]9[0xf1][0xd1]Dt[0x82]BZId[0x88]43[0xe][0xb5][0x9][0xcb]r[0xa2][0x9c][0xc4]J[0x85][0xf2][0xcc][0x92][0xc][0x85][0xac][0xd4][0xe2]bPo[0xb][0x9c][0x80][0x11][0xc9][0x2][0xa3][0x5][0xc5]:D![0x3][0xa9]%1[0xaa][0x1c]*U[0xa0]H[0x13][0xe8]CmY[0xa8][0xa1][0x19])[0xe5]#8*[0x88][0x8e]zj[0x96]%H[0xe7][0xd6]A[0x93][0xe][0xe6][0xc9]U[0xf0][0xc2]u[0x0][0x9d][0x89][0x18]3[0xc0][0xde][0x90][0x1c][0xd8]v.[0xd2][0x8c]>4"
05:47:32.411 [main] DEBUG org.apache.http.wire -  << "[\r][\n]"
05:47:32.411 [main] DEBUG org.apache.http.wire -  << "7C8[\r][\n]"
05:47:32.411 [main] DEBUG org.apache.http.wire -  << "[0x14][0x89][0xce][0x80]H[0xb1]N|[0xe]D[0x9a][0xdd][0xc7][0x1e][0x1c][0xc4]fkj&%s[0x8c]V[0xe][0xd1][0x81]@[0xac]s[0x91]K![0xa4][0xf3][0xf0][0x86]\[0xe1][0x80][0xb4][0xa2][0x1][0x9a]^[0x6]e[0xae][0xc3][0xbc][0x97][0x93][0xb6]1:4[0x8a]L[0xa4][0xed][0xc7]C/[0xe1]![0xca][0xd1]A[0x9d][0xf0]Hi[0xf2][0xf]\[0xad]d[0x8e][0xe8][0xab][0xe][0xb9][0x94]@[0xd2][0xe2][0xa0][0x81][0xb]b[0xa4][0x95]E[0x83]9[0xc1]"-N[0x1a]z)[0x1]1[0xa5]F[0xb3][0xa9]][0xb][0xc4]@ 4[0x1a]1[0xef][0xf6][0x84]73a]V[0xa2][0x9b]F[0xd4]l[0xc5]X`TB[0x98].E4W[0xf0][0x8d]jQ[0xd5]U[0x88][0xfe][0xb1]G[0x81]BXfY[0xbe]B[0xa4][0x91][0x11]F[0xbf]+7573'3;S[0xa1][0xb8] [0xb5]83-3;[0xb1]8S[0xa1]21/]![0xb1] [0x13]t[\n]"
05:47:32.411 [main] DEBUG org.apache.http.wire -  << "[0x1b]t[0xc][0xd3][0x18]4[0x8f]F[0xec][0xba]}C[0xa4]U[[0xd0][0xc8][0xa3]i3[0x0][0xf3][0xa4][[0xda]Z[0x87]([0xc4][0xa1][0xbe][0xc3][0xd3][0x16][0xc3][0x92]4[0x89][0x1f][0xe4] [0xfa][0xb8][|[0xdd]tc[0xa2]Gl[0x89]Y[0xd7][0x86]/[0xcf][0x91][0xe0]1[0xc4][0x80][0x0][0xe1] [0x1c][0xb8][0xba][0x4]t[0x81][0x1]t6[0x15][0xbf]3[0xa9][0x14][0xfe][0x18]e[0x1e][0x9e][0x84]5[0x80][0xa1][0x82]Q[0xe0][0xe1]p&[0x95]B[0x5]Q[0x92][0xe1][0x8f][0x84][0x8c][0xc4]b[0x85][0x1][0xc][0x95][0xa1][0xd1]PF[0xba][0xc9][0x19][0xfb]@[0xc0][0x80][0x8e][0x8b][0x80][0xb7]]@s[0xdc][0xa0]t[0x1e][0xa2][0xdc][0xc2][0xee]<DE[0x8f]l[0x86][0x8a]U[0xbd][0x11][0xd2][0x19]$[0xd8][0x1d]5[0xc0]Q[0x8a](.[0xb0];o@[0xc2]lH[0x14]*FH[0x87][0x8c][0xc][0xe2][0xb2][0xcf][0x8]i[0x1d]&[0xf6]([0x1e][0xd8][0x14][0x88][0xb4][0x98][0x12]r[0xf9][0x18]d'"[0xb6][0xcb][0xc0][0x9c]r[0x12][0xf3]R2K23[0x8b][0x15][0x92]Ks[\n]"
05:47:32.411 [main] DEBUG org.apache.http.wire -  << "[0x12][0x15]R[0xf3]2sA[0x1b]Y[0x13][0x91]6\[0x82]N[0xe5]%f[0xe1][0x9a][0x11][0xd2]1[0xf8][0x83]2\[0x10][0xfd]8[0xda],[0xe5]22D[0xb4]h[0x6]e[0x0][0x10][[\n]"
05:47:32.411 [main] DEBUG org.apache.http.wire -  << "P[0xa5]%c[0x84][0xb6][0x8e][0x91][0xfa][0xb][0xc][0x8d][0x90][0x96]0[0xe][0xe6][0xf2][0x2]i[0x1d]$~gR'[0xdc][0x91][0x16]E[0xd2][0xc5]:[0xc4][0xb4][0x86]/h1xp~r2[0x96][0xfd][0xce][0xc9][0xf9]I[0x89][\n]"
05:47:32.411 [main] DEBUG org.apache.http.wire -  << "[0xc9]E[0xa9][0x89]%[0xa9][0xb0][0xf5][0xe2][0x88][0x9a][0xd0][0x98][0xd8][0xbe][0xb6][0x11][0xd2][0xf9][0xf6]T[0xb2][0xcd][0x10][0xf7][\n]"
05:47:32.411 [main] DEBUG org.apache.http.wire -  << "V##D[0x91]A[0x83][0xd3][0x1b][0x8c][0x90]VY[0x92][0x1a]SD[0x8f][0xfd] M[0x9][0x19]a[0x9e][0xb5][0x84]9v[0x83][0xaf][0xc7]K[0xbf]F[0x1e][0xd2]}[0xd9][0xd0][0x90][0xc1]t)"[0xf9][0xd0]i[0x94][0xc9][0x88][0xe8][0x8b][0x8][0xa8][0x94][0x91][0x11][0xa3][0xfc][0x83][0xb1]:![0xfa]`'[0xea][0x84][0x6][0xd2][0xfa]R[0x1a]U[0xdf]H[0x8b]Eie[0x3][0xa2]<[0x19][0x94]1J[0xa8][0xef]2[0xb0][\r][[0xa4]U[0x9c][0xd4]>[0x10][0xc8][0x8]i[0xf9]&[0xf5][0xcd]&e[0x4]u[0xc0][0x86]t[0x8c][0xe8][0xb6][0xde][0xd3][0x8][0xe9][0xae][0x12]h[0xe9]n[0xaa][0x10][0x9c][0x93][0x99][0x8b]1^[0x8f][0xaf]2"z[0xf8][0xd5][0x8]tA[0xf4] [0x1e]e1A[0xf4][0x1a]`[0xa1][0x81]= [0xa8]S[0x8e][0x9a][0x12][0xca][0xe4][0x88]z[0x95]~[0xf5]=[0xe6][\n]"
05:47:32.411 [main] DEBUG org.apache.http.wire -  << "=[0x1c][0x83][0xac][0xa0]QOJ&[0x19][0x8c][0x90][0xd6][0xcc][0xd1]#[0xb4][0x91][0xe][0x9f][0x19][0x8c]%>[0xd2]1[0xe8])[0xa9][0x88][0x5][0xc3]:J[0xb8][0xb6][0x98][0xe1]kj!75[0x91]&4[0xa9]l0"[0xf9][0xd2][0xa8][0x92]F:[0xeb][0x81][0xca]NG[0x8c][0x99][0xf][0xca][0xb4][0x80][0xa8][0xa6][0xb0];o [\n]"
05:47:32.411 [main] DEBUG org.apache.http.wire -  << "[0x6][0xa4]9A[0xec][0x8e][0x1a][0xd8]&[0x9][0xd2][0x19][0x16][0xd8][0x9d]7 a[0x86]he[0xe2]/[0xe2](.L-[0x11]U[0x17]v[0xef][0xf]p[0xec] [0x6][0xbc][0xb0];o@b[0x7][0xd1][0xab][0xa3]u[0xec][0x10][0xca][0xd0][0x3][0x1a];[0xc6]H[0x7][0xe4][0xf][0x9a][0xd8]1F:[0x99][0x83]6[0xd5][0x8b]1[0xc1][0x83]2[0x6]8V[0x10][0xc9][0x93]V[0x1][0x80]H[0x96]4[0xb2][0x1]i[0x6][0x84]V6 [0x6]=i00h[0x8c]tj[0x4][0xf6][0xac]1[0xb0]idp[0xcf]s[0x18]#][0xbe][0x8b]=[0xf4][0x6][0xa0][0xd8]7[0xc6]2WA[0xc3]>[0xaf]1[0xd2][0x9c][0x3][0xf6]0[0x18][0xd8][0x14]d[0x84][0xc8]?[0xd8][0x9d]7[0x10]Q[0x84]4[0xb7]@[0xa3]b[0x3]i>[0xc1]#5[0xb1][0xac]R[0xc1][0xa5][0xb4][0xa4]R[0x1]z[0xea]p@NbI*F[0xcf][0xdf][0xb1][0xb4]$5[0x17][0xfd][0xa8][0xe1][0xa2][0xd4][0xa2][0xd2]\[0xa4])Z[0xf0])W[0xc4][0xcc][0xd1][0x1a]#M98[0x96][0xa7][0x16][0xe7][0xe7][0xa6]*[0x4]$[0x16][0xa4][0x16])8[0xe7]'[0x96]`X[0xee][0x9a]_[0xac][0x90]YP\[0x9a][0xab][0x90]Y[0x92]XX[0x9a][0xaa][0x90][0x93][0x98][0x94]_[0x94][0x99]_[0x9c][0x98][0xab][0x90][\n]"
05:47:32.411 [main] DEBUG org.apache.http.wire -  << "[0x16]H-[0x1]M[0x17]g[0x96][0x90][0xe3][0x18]ScD_n[0xd0][0xa4][0x2]S[0xa4]QF[0xda][0xb6][0xcf]L[0x91][0xc6][0x1c][0x7][0x91][0xf7][0x11][0xb5][0xf3][0xe0]q[0x14][0xd2][0xd0][0xe4] r[0xd4] ,[0xc3]L[0x9][0x8e]u[0xe]@[0xc1]j[0x8a]t[0xda][0xfe] [0x8a]>DCw[0x10]9j0[0xe6]>[0xa4][0xfd][0xf4][0x83]'[0xa4][0x90][0xae][0xee]vL-[0xca]O[0xa9][0xcc]K[0xcc][0xcd]LV[0x80][0xac]ur[0xca]/)[0xc9][0xc1][0xac]KA5d~^*d[0x95][0x13]x[0xa9]S^fFf[0x8e]Br~QQiAI&[0xe4][0xca][0xd1][0xd4]b[0x85][0xdc]D[0xc8][0xc9][0xec][0xa9][0xe4][0xd5]k[0xa6][0x88][0xa4]E[0xdb]*[0xc4][0x88][0xe0][0xf5][0xbd][0x3][0xda][0xcc]3"[0x98][0xf1][0x7][0xd8]y[0x84]r[0xdb][0xc0]:[0xf][0xe9][0xb8][\r][0xec][0xf9]n[0x80][0x9d][0x87][0x18]f[0x1c][0x94][0xce]C[0xc][0xfe][0xe1][0xcf][0x84]T[0x9a]V[0x1b][0xdc][0x83][0xfb]H[0xc7]z`[0x8f][0xac][0x1]h[0x17][0x18][0xd1][0xed][0x4][0x10]#[0xa4]c[0x1c]|[0xf3]K[0x8b]1[0xab][0x6]|3[0xcd][0xc4][0xce]y[0x99]![0x92][0x0][\r]-A[0xd4]-[0xb4][0xe9][0xa4][0x1a]a[0x1e][0xd6][0x80]c.[0x96]:[0x19][0x7][0xe9][0xac][0x6][0xea]N[0xb7]![0x9d][0xb7]@e[0x83][0x9]m[0x8b][0x18][0xd8]r[0x19][0xe9]T[0x82][0xc1][0x93][0xd5][0xcd][0x11]]}[0x1a]%[[0xa4]c[0x7][0xb0]{{[0x80]c[0x5][0x91]o[0xb1];o [\n]"
05:47:32.411 [main] DEBUG org.apache.http.wire -  << "`[0xa4][\r][0xfa]4[0x8a][0x15][0xcc]m[0xf4][0x98][0xb]9[0xf1][0x95][0xbd]F[0x96][0x96][0xa8]G[0xda][0xe2]9p[0xd6][0x8]i3<[0xad][0xbc][0x83][0xc8][0xfa][0xd0]F[0x5][\r][0xbd]c[0x89][0xa8]O[0xa0][0x96][0xe1]([0x88])[0x9d][0xc7]5F[0xda]SE[0x9b][0x80]36@[0xb4][0xc6][0xb0]'[0xff][0x1][0xcd][0x9d][0xc6]4[0xdf][0xab]`[0x8c][0xb4][0xf6][0x9a]FA[0x8c][0xb4]fz0[0x6][0xb1][0xd1] ,[0x0][0x8d][0x7][0xf7][0x99][0xba][0xc6]Hk[0x9e][0xb1]G[0xe9][0x0]T[0x1a][0xc6]H[0xcb][0xa4]iu[0x1e][0x86]1[0xd2][0x85][0xb8][0xb4][0xb3][0x3][0xb1]x[0x5]V[0xbc][0xd2]rF[0xe]i[0xb2][0x3][0xe9].D[0x9f][0xcc][0xbc][0xd4]<[0x1c][0x17]N[0x86][0xe5][0xe7][0x94][0x16][0x94]$[0x16]+[0x94][0xa5][0xe6]e&[0xe6]*$[0xe6]d[0x16][0x96]f[0xa6][0xe0][0x9c]j1[0xc1][0xbd][0x93][0xc5][0x18][0xe9][0xac]][0xd7][0xbc][0xfc][0xa2][0xdc][0xfc][0xd2]b[0x5][0xdf][0xc4][0xa2][0xa4][0x9c]T[0x1c][0x96]{[0xa6]([0x94]A[0xec]/[0xc9][0x4][0xdd]nY[0x96]Y[0x92][0x98][0xaa]P\Z[0x9c][0x9c]Y[0x90][0x9][0xbb]O[0xae]X!1I!'3)[0xb5]([0x1f][0xa7][0xab][0xf0]T[0xd8][0xc6]Hs-[0x9e]y%[0xa9]99[0x99][0xe9][0xa9]y%[\n]"
05:47:32.411 [main] DEBUG org.apache.http.wire -  << "[0xee]E[0x89]y[0x99]%[0xa9][\n]"
05:47:32.411 [main] DEBUG org.apache.http.wire -  << "8[0x86][0xf1][0x2]K3[0x15][0x8a]K[0xf3]J[0x14]r[0xf3]sR[0x8b]K2[0x13]S[0xe1][0xac]b[0x1c][0x17][0xdc][0x11]?AFpRf`+*[0xa4][0x99][0x10][0xb7][0xc4][0xbc][0x92][0xc4][0xe2][0x92][0xcc]d[0x5][0xe7][0xfc][0xbc][0xe4][0xa2][0xd4][0x12]\Q[0x19][0x84][0xb8][0xf3]O![0x15][0x94][0x96]RK[0x14][\n]"
05:47:32.411 [main] DEBUG org.apache.http.wire -  << "K[0xf3]S@7M&B[0xc7]<sA[0xb3]{[0x89])[0x99][0x5][0x99][0xc5][0xc9][0xc8][0xd7]O[0xa2][0x6][0x1c][0x9e][0xfb][0x4][0x8c][0x91][0x16]uc/[0xab][0x6]8[0xe0][0x10][0xa3]U[0xb0][0x89]O[0xe8][0xbc][0xab]w^f[0x1a][0xe6][0x80][0x80]Sj"([0xc1]C[0xf3][0x9c][0x2][0x9e]l[0x87]/[0x81]#[0xad][0xed][0x1e][0x94][0x81][0x82]h[0x95][0xd1][0xa8]Q2[0xb8]G[0x80][0x8d][0x91][0xee]O[0x1e][0x8c][0xf1]3[0xb8]G[0x80][0x8d][0x91][0xce]?[0xf6][0xc9]L[0xcf]()O[0x5][0x91][\n]"
05:47:32.411 [main] DEBUG org.apache.http.wire -  << "[0xe1][0xf9][0xf9]9[\n]"
05:47:32.411 [main] DEBUG org.apache.http.wire -  << "[0xce][0x19][0x89][0x99]E[0x18][0xb][\n]"
05:47:32.411 [main] DEBUG org.apache.http.wire -  << "|@[0xeb][0x7]R[0xe1]5Kj[0xb1]B[0x12]|[0xb]:R[\r][0x2]j[0x96][0x81]&k[0xf2][0xd2][0x8b][0x95][0xac][0xf0][0xe5]/[0xa4]Y [0xec][0xf1]7[0x10][\r]$S[0x9a][0xe7]*SD[0xcf]0713/1O!1/[0x11]t~[0x15][0xea][0xb2][0xfd][0xe2][0x92][0xd4][0xd4][0xa2][0xcc][0xbc]t[0x85][0xf2][0x8c][0xd4][0xd4][0x1c]DP[0x10][0xbd]u[0xc6][0x18]i&[0xb]{[0xf8][0xe]l[0xa1][0x8e]4[0x80][0x8c][0xdd]y[0x8]?[0xd3]m/[0x8b]1[0xd2]^[0x16][0x1a][0x15][0xaa]f[0x88]Q[0x8]Z[0xd9][0x80][0xa8]-[0xa9]y[0xed][0x11][0x9e][0xbd][0xd6][0xc6]H;e[0x8a]K[0x8b]K[0x15][0xb2]KS[0x12][0x15]r2[0x13]1[0xb][0x11][0xb0]44[0xc1]C[0xf]l[0xb3]D9[0xf5][0xb]_3[0x5][0xe9][0xdc]i[0xda]f[0x1d][0xa4])[0x7]h[0xf7][0xc2][0xc][0xa3]8[0x84][0x8f]|[0xa1][0xef][0xfa]3$>[0x8b]"[0xcd]:P[0x9c][0x18][0x0][0x0][0x0][0x0][0xff][0xff]"
05:47:32.411 [main] DEBUG org.apache.http.wire -  << "[\r][\n]"
05:47:32.411 [main] DEBUG org.apache.http.wire -  << "D1[\r][\n]"
05:47:32.412 [main] DEBUG org.apache.http.wire -  << "JM[0xcf]/[0xca]L-V[0xb2][0x8a]F[0xda][0xcb]c[0x8c]t[0xe7]38[0xe8])[0x88][0x19]|e9[0xd2][0xbc][0x3]5[0xd3][0x1c]>+[0x91][0xe6][0x1e][0xa0]qD[0xab][0x11]6[0xa4][0xd3][0x98]i[0x14]KHg&[0xd3]2[0x96][0x90]f[0x17]hj[\r][0xad][0xe7][0xb][0x8c][0x91][0xe6][0xb]@e[0x89]Bbe"[0xe6][0x6]T[0xb0][0x17]A[0xd2][0x88][0x8a][0x4][0xb5][0xa8][0xc1][0x9b][0xba][0x10][0xb5]4[0xad]S[0x17]bl[0x8d]V[0xa9][0xb][0xb1]T[0x82][0xc6]~A[0x1a][0xc4][0xa7][0xb5]M[0x88]J[0x8e]F[0xa1][0x86][0xb4][0xb][0x92][0xd6]~A[0xb4]9[0xb1][0xb7][0x84][0x6][0xb6][0xa1][0x86]tf)v[0xe7]![0xf2][0x17][0xfd][0x1a]j[0x16][0x88]4M[0xa3][0xf8]G[0xda][0xbd]H+[0x1b][0x10][0x8b]P[0xe9]Ui[0x12][0xdc][0xf3]8[0xb0]I[0x8d][0xe0][0x9e]D\I[0xcd][0x18]m[0xf8][0x94][0x8a][0x87][0x16][0x1a][[0xd2][0xbc]:C[0xba]N[0x9c]VI[\r]Q[0x9d][0xd1][0xca][0x6]R[0xab]1[0x0][0x0][0x0][0x0][0xff][0xff]"
05:47:32.412 [main] DEBUG org.apache.http.wire -  << "[\r][\n]"
05:47:32.413 [main] DEBUG org.apache.http.wire -  << "36D[\r][\n]"
05:47:32.413 [main] DEBUG org.apache.http.wire -  << "JNU[0xb2][0xc2][0xb8][0xf4][0x14]_[0x95][0xc][0xea]&@[0x8f][0x82][0xa0][0x8d][0x1f]L@'YAm[0xa0]m[0x91]o[0x82][0xb4][0x12]i3[0x9]tP[0x1f][0xfb][0xf0][0x8b]kfi[0xb1]BAjQqAfrfbIf1h[0x8][0x18]i[0xdc][0x5][0x94]L[0x89][0x19]w1[0xa1][0xf9]6I[0x13][0x9a]OI[0x9b] m[0xc4]t[0xcf]/JO[0x5]M[0x89][0x84][0xe7][0xe7][0xa7][0xa4][0xe6])8c[0xe9]u[0xfa][0xa7]d[0x96] V[\n]"
05:47:32.413 [main] DEBUG org.apache.http.wire -  << "[0xc3][0xe6]FR[0x91][0xb7][0xe1][0x80][0x16][0xd9][0x11][0x17]|[0xb4].[0xe]L[0x90][0xe6][0xdb]i[0x9d][0xc]i[0x9d]iM[0xc][0x10][0xf5]4~[0xbf]PeA[0x9a][0x9][0xcd]w[0x8f][0x9a] [0x1d][0x94]I[0xa3]R[0x8]i[0x3])[0xad]l@4[0x9e][0xe9][0x12])[0x88]T[0x86][0xbd][0x1]9[0xa0][0x8d][0xe][0x13][0xa4]3[0x17][0xb1];[0xf]W[0xa3][0x3][0xbd][0xb2][0xa2]b[0xa3][0xc3]d0n[0xb2]4[0xc5][0x1c][0x16][0xa3][0xd1][0x90][0x8b])[0x96][0xc1][0x1d][0x1a][0xce][0xef][0x9b]"[0x8d][0xf0][0x4]8+[0xb8];[0xfa]z[0xfa][0xb9]c[0xc][0xf8][0x5][0x7][0xb8]z+xx[0xba]{ [0xd2][0x83]%[0xa8][0xc5]@L[0xad]a[0x8a][0xb4][0x96]. 1'[0xd1]'[0xdf][0x7][0xf3]2x[0x9c]#[0x8a]F[0x96][0x96][0xa0]E[0x15][0xc4]Y[0x84][0x18]_[0xa6][0xb1]E[0x88]%[0x18]t[0xea][0xbd][0x98]"[0xdd]_Bc[0xbf]![0x9a][0xcb]t[0xf2][0x9b][0x9][0xd2][0xbe]|[0xfc]e2[0xa5][0xb][0x6]M[0xc][0x11][\r][0x18][0xec][0xe5][0xdd][0xc0][0x16][0xc7]H[0xcb][0xf9][0xb0];[0xf][0x91][0xfd][0xe8]6[0xdc]`[0x82][0xb4][0xf9][0x9b]Fu2[0xd2][0xe6]n[0x1a][0xc7]?[0xd2]jFZ[0xdb][0x84][0x18][0xd8][0xc2]o[0x13]u[0x1a]HG[0xbc][0xd2]*[0x92][0x10]-[0x19][0xfc][0x1e][0xa2]8[0x93][0x82]f[0xd1][0xa1]]Q[0x1a][0xf9][0x85][0xe8]#`)[0xf6][0xb][0xd2]JH[0x1a][0x87][0x1a][0xd2][0xf2]F[0x98]M4l6[0x98][0x80]*e[0x1a]G[0x12][0xa2][0x92][0x85]y[0x8][0xa3]][0x2]o6Pr[0xb6][0xa2][0x9][0xd2][0x12]G[0xec][0xc5][0xee][0xc0][0xd6][\n]"
05:47:32.413 [main] DEBUG org.apache.http.wire -  << "H[0xab][\r][0x7][0xa5][0xf3][0x10][0xdd]\[0xec][0xce][0x1b][0x88]J[0xb]i[0xbd]![0x8d][0xca][0x10][0xa4]u[0x83][0xd0][0xe4]I[0xda][0x96][\n]"
05:47:32.413 [main] DEBUG org.apache.http.wire -  << "[0xfa]U[0xe0]Hg+[0xe0]t)"[0x8e][0xf0][0xed][0x1a][0xa4]f/[0xcf][0x4][0xd1][0x11][0xc7][0x9e]l[0x6]6[0xd3]![0xed]P[0xa7][0xc1]IY&[0xa0][0xcb]Ih[|[0xe][0xee][0x15][0x8c]&[0x4]W0"R$[0xfd]r[0x8a][0xa9][0x81][0x8e][0x12]4Vp[0xe6][0x14]|U[0xe][0x1d]][0x8a][0x98]?[0xc3][0xe9]RD[0x8][0xd2]+O#[0x9d][0xb8][0xe1]VZ[0x94][0x97]YRZ[0x94][0xaa][0x10][0x92]_[0x80]Qo#dS[0x12][0x8b]2[0x15][0xbc]R[0xb][0x12][0x8b]@[0x83][0x2][0xb0][0xb9][0x11]P[0xea] [0xa6][0xcb]o[0x82][0xb4][0x90][0x92]F[0xe5]<[0xd2][0xb9][0xd3][0xb4][0xb2][0x1][0xa3][0xab]@IMB[0xc3][0xe9]@[0x13]S[0xc4][0xd8][0xc0]`Ju[0x88][0x9e][0x9]"][0xd1]4[0xd5]![0xad][0xdf][0xa4][0xea][0x16]m[0x13][0xa4]5[0x98][0xd0][0x0][0xa6][0xd1]([0xa3][0x9][0xd1][0xe7][0x89]S[0xdc][0x5]BZ Ik?[\r][0xee][0xd1][0x1d][0xa4][0x15][0x8f][0xd4][0xbe][0xab][0xc1][0x4]i[0xad][0xe3]`lM![0x8d]i[0xf]J[0xe7]![0x6][0x8e][0x7][0xa5][0xf3][0x10]=a[0xec][0xce]C[0xd4][0xf4][0xf4]k[0x81] [0xad]C[0xa4]E[0x3][0xd9][0x1c]Q[0xd5]`[0xf7][0xf3][0xc0]v[0xf][0x90]N [0xc0][0xee][0xbc][0x81][0x88][0x12][0xa4][0x89][0x16][0xf8]fI[0xc8][0xa6][0x16]l[0x87]d:&'[0x97][0x16]'[0xe6][0x95]d[0x96][0xe6]*[0xe4][0x17][0x94]d[0xe6]C[0xb7][0xd4][0x15]#-[0xac]@[0xdd]F[0x87]>[0xe9][0x87][0xb4][0xd8][0xda][0x14][0xe9][0xd4][0x92][0xe0][0xca][0xbc][0xd4][0xa2][0xf4]L[0xf0][0x16]?[0xe8][0xc2][0x84][0xe0][0x8c][0xfc]T[0xd0][0xd5]_[0xa8][0xfb]<\[0xc1][0xfb][0xf9]@{[0xfa][0xc8][0xb4][0x13][0x91]/h[[0xb3][0x98]"[0x1d][0x3]Bk[0x9b][0x10][0x8d][0xc1][0x80][0xa2][0xfc][0x94][0xd2][0xe4][0x12][0x5][0xc7][0xd2][0x9c][0xcc]D[0x5]c[0x8c]F4[0xe8][0xd6][0xba][0x2][0xa8][0x9a]D[0xb8][0x1a]h[0x13][0x1a]_[0x93][0x1f]%[0xde][0x10][0xf9][0x8c]>[0xf6]![0x1a]k[0xf4][0xb1][0xf]1:EC[0xfb]bk[0xb9][0x0][0x0][0x0][0x0][0xff][0xff]"
05:47:32.413 [main] DEBUG org.apache.http.wire -  << "[\r][\n]"
05:47:32.414 [main] DEBUG org.apache.http.wire -  << "A[\r][\n]"
05:47:32.414 [main] DEBUG org.apache.http.wire -  << "[0x3][0x0]L[0xb3][0xf9][0x85]q[0xbb][0x1][0x0]"
05:47:32.414 [main] DEBUG org.apache.http.wire -  << "[\r][\n]"
05:47:32.414 [main] DEBUG org.apache.http.wire -  << "0[\r][\n]"
05:47:32.414 [main] DEBUG org.apache.http.wire -  << "[\r][\n]"
05:47:32.414 [main] DEBUG io.restassured.internal.RestAssuredHttpBuilder - Parsed data to instance of: class org.apache.http.conn.EofSensorInputStream
05:47:32.417 [main] DEBUG org.apache.http.impl.conn.BasicClientConnectionManager - Releasing connection org.apache.http.impl.conn.ManagedClientConnectionImpl@182ce25e
05:47:32.417 [main] DEBUG org.apache.http.impl.conn.BasicClientConnectionManager - Connection can be kept alive indefinitely
05:47:32.452 [main] DEBUG net.thucydides.core.steps.StepInterceptor - STEP DONE: I send HTTP GET request
  &amp#27;[32mWhen &amp#27;[0m&amp#27;[32mI send GET HTTP request&amp#27;[0m                    &amp#27;[90m# starter.stepdefinitions.UserSteps.iSendGETHTTPRequest()&amp#27;[0m
05:47:32.457 [main] DEBUG net.thucydides.core.steps.StepInterceptor - STARTING STEP: UserSteps.iReceiveValidHTTPResponseCode - I receive valids HTTP response code 200
05:47:32.458 [main] DEBUG net.thucydides.core.steps.StepInterceptor - STEP DONE: I receive valids HTTP response code 200
  &amp#27;[32mThen &amp#27;[0m&amp#27;[32mI receive valid HTTP response code 200&amp#27;[0m     &amp#27;[90m# starter.stepdefinitions.UserSteps.iReceiveValidHTTPResponseCode()&amp#27;[0m
05:47:32.464 [main] DEBUG net.thucydides.core.steps.StepInterceptor - STARTING STEP: UserSteps.iReceiveValidDataForCategoryByID - I receive valid data for category by ID
05:47:32.464 [main] DEBUG net.thucydides.core.steps.StepInterceptor - STEP DONE: I receive valid data for category by ID
  &amp#27;[32mAnd &amp#27;[0m&amp#27;[32mI receive valid data for category by ID&amp#27;[0m     &amp#27;[90m# starter.stepdefinitions.UserSteps.iReceiveValidDataForCategoryByID()&amp#27;[0m
05:47:32.467 [main] INFO  - 
  _____   ___   ___   _____     ___     _     ___   ___   ___   ___  
 |_   _| | __| / __| |_   _|   | _ \   /_\   / __| / __| | __| |   \ 
   | |   | _|  \__ \   | |     |  _/  / _ \  \__ \ \__ \ | _|  | |) |
   |_|   |___| |___/   |_|     |_|   /_/ \_\ |___/ |___/ |___| |___/ 

GET - As admin I can get category by ID
----------------------------------------------------------------------
]]></system-out>
  </testcase>
  <testcase name="GET - As admin I cannot get category by ID" classname="User" time="0.625">
    <system-out><![CDATA[
@TC-0020
Scenario: GET - As admin I cannot get category by ID  &amp#27;[90m# src/test/resources/api/user.feature:132&amp#27;[0m
05:47:32.479 [main] INFO io.cucumber.core.plugin.SerenityReporter - Running feature from file:///C:/Users/Lenovo/IdeaProjects/MiniProject/MiniprojectApi/src/test/resources/api/user.feature
05:47:32.479 [main] WARN io.cucumber.core.plugin.SerenityReporter - Feature from file:///C:/Users/Lenovo/IdeaProjects/MiniProject/MiniprojectApi/src/test/resources/api/user.feature is not under the 'features' directory. Requirements report will not be correctly generated!
05:47:32.481 [main] INFO  - 
  _____   ___   ___   _____     ___   _____     _     ___   _____   ___   ___  
 |_   _| | __| / __| |_   _|   / __| |_   _|   /_\   | _ \ |_   _| | __| |   \ 
   | |   | _|  \__ \   | |     \__ \   | |    / _ \  |   /   | |   | _|  | |) |
   |_|   |___| |___/   |_|     |___/   |_|   /_/ \_\ |_|_\   |_|   |___| |___/ 

GET - As admin I cannot get category by ID(user;get---as-admin-i-cannot-get-category-by-id)
--------------------------------------------------------------------------------
05:47:32.560 [main] DEBUG net.thucydides.core.steps.StepInterceptor - STARTING STEP: UserSteps.iSetUnmatchedGETApiEndpointsCategoryId - I set unmatched the GET api endpoints category Id
05:47:32.561 [main] DEBUG net.thucydides.core.steps.StepInterceptor - STEP DONE: I set unmatched the GET api endpoints category Id
  &amp#27;[32mGiven &amp#27;[0m&amp#27;[32mI set unmatched GET api endpoints category Id&amp#27;[0m &amp#27;[90m# starter.stepdefinitions.UserSteps.iSetUnmatchedGETApiEndpointsCategoryId()&amp#27;[0m
05:47:32.564 [main] DEBUG net.thucydides.core.steps.StepInterceptor - STARTING STEP: UserSteps.iSendGETHTTPRequest - I send HTTP GET request
05:47:32.565 [main] DEBUG net.thucydides.core.steps.StepInterceptor - STARTING STEP: GetAllProduct.iSendGETHTTPRequest - I set the GET api endpoints
05:47:32.565 [main] DEBUG net.thucydides.core.steps.StepInterceptor - STEP DONE: I set the GET api endpoints
05:47:32.570 [main] DEBUG org.apache.http.impl.conn.BasicClientConnectionManager - Get connection for route {s}->https://altashop-api.fly.dev:443
05:47:32.570 [main] DEBUG org.apache.http.impl.conn.DefaultClientConnectionOperator - Connecting to altashop-api.fly.dev:443
05:47:32.668 [main] DEBUG org.apache.http.client.protocol.RequestAddCookies - CookieSpec selected: ignoreCookies
05:47:32.668 [main] DEBUG org.apache.http.client.protocol.RequestAuthCache - Auth cache not set in the context
05:47:32.668 [main] DEBUG org.apache.http.client.protocol.RequestTargetAuthentication - Target auth state: UNCHALLENGED
05:47:32.668 [main] DEBUG org.apache.http.client.protocol.RequestProxyAuthentication - Proxy auth state: UNCHALLENGED
05:47:32.668 [main] DEBUG org.apache.http.impl.client.DefaultHttpClient - Attempt 1 to execute request
05:47:32.668 [main] DEBUG org.apache.http.impl.conn.DefaultClientConnection - Sending request: GET /api/products HTTP/1.1
05:47:32.668 [main] DEBUG org.apache.http.wire -  >> "GET /api/products HTTP/1.1[\r][\n]"
05:47:32.668 [main] DEBUG org.apache.http.wire -  >> "Accept: */*[\r][\n]"
05:47:32.668 [main] DEBUG org.apache.http.wire -  >> "Host: altashop-api.fly.dev[\r][\n]"
05:47:32.668 [main] DEBUG org.apache.http.wire -  >> "Connection: Keep-Alive[\r][\n]"
05:47:32.668 [main] DEBUG org.apache.http.wire -  >> "User-Agent: Apache-HttpClient/4.5.13 (Java/14.0.2)[\r][\n]"
05:47:32.668 [main] DEBUG org.apache.http.wire -  >> "Accept-Encoding: gzip,deflate[\r][\n]"
05:47:32.668 [main] DEBUG org.apache.http.wire -  >> "[\r][\n]"
05:47:32.668 [main] DEBUG org.apache.http.headers - >> GET /api/products HTTP/1.1
05:47:32.668 [main] DEBUG org.apache.http.headers - >> Accept: */*
05:47:32.668 [main] DEBUG org.apache.http.headers - >> Host: altashop-api.fly.dev
05:47:32.668 [main] DEBUG org.apache.http.headers - >> Connection: Keep-Alive
05:47:32.668 [main] DEBUG org.apache.http.headers - >> User-Agent: Apache-HttpClient/4.5.13 (Java/14.0.2)
05:47:32.668 [main] DEBUG org.apache.http.headers - >> Accept-Encoding: gzip,deflate
05:47:32.979 [main] DEBUG org.apache.http.wire -  << "HTTP/1.1 200 OK[\r][\n]"
05:47:32.979 [main] DEBUG org.apache.http.wire -  << "content-type: application/json[\r][\n]"
05:47:32.979 [main] DEBUG org.apache.http.wire -  << "date: Mon, 08 May 2023 22:56:23 GMT[\r][\n]"
05:47:32.979 [main] DEBUG org.apache.http.wire -  << "transfer-encoding: chunked[\r][\n]"
05:47:32.979 [main] DEBUG org.apache.http.wire -  << "content-encoding: gzip[\r][\n]"
05:47:32.979 [main] DEBUG org.apache.http.wire -  << "server: Fly/3f2597ca (2023-05-03)[\r][\n]"
05:47:32.979 [main] DEBUG org.apache.http.wire -  << "via: 1.1 fly.io[\r][\n]"
05:47:32.979 [main] DEBUG org.apache.http.wire -  << "fly-request-id: 01GZYS92FKN14DRE5EATJZRZWN-sin[\r][\n]"
05:47:32.979 [main] DEBUG org.apache.http.wire -  << "[\r][\n]"
05:47:32.979 [main] DEBUG org.apache.http.impl.conn.DefaultClientConnection - Receiving response: HTTP/1.1 200 OK
05:47:32.979 [main] DEBUG org.apache.http.headers - << HTTP/1.1 200 OK
05:47:32.979 [main] DEBUG org.apache.http.headers - << content-type: application/json
05:47:32.979 [main] DEBUG org.apache.http.headers - << date: Mon, 08 May 2023 22:56:23 GMT
05:47:32.979 [main] DEBUG org.apache.http.headers - << transfer-encoding: chunked
05:47:32.979 [main] DEBUG org.apache.http.headers - << content-encoding: gzip
05:47:32.979 [main] DEBUG org.apache.http.headers - << server: Fly/3f2597ca (2023-05-03)
05:47:32.979 [main] DEBUG org.apache.http.headers - << via: 1.1 fly.io
05:47:32.979 [main] DEBUG org.apache.http.headers - << fly-request-id: 01GZYS92FKN14DRE5EATJZRZWN-sin
05:47:32.979 [main] DEBUG org.apache.http.impl.client.DefaultHttpClient - Connection can be kept alive indefinitely
05:47:32.980 [main] DEBUG io.restassured.internal.RestAssuredHttpBuilder - Parsing response as: application/json
05:47:32.980 [main] DEBUG org.apache.http.wire -  << "240[\r][\n]"
05:47:32.980 [main] DEBUG org.apache.http.wire -  << "[0x1f][0x8b][0x8][0x0][0x0][0x0][0x0][0x0][0x4][0xff][0xaa]VJI,IT[0xb2][0x8a][0xae]V[0xf2]tQ[0xb2]241[0xb1]0[0xd2]Q[0xf2]K[0xcc]MU[0xb2]RJI-N.[0xca],([0xc9][0xcc][0xcf]S[0xd2]QrA[0xe2]Y))[0xe9]([0x5][0x14]e&[0xa7]*Y[0x19][0xe8]([0x5]%[0x96]d[0xe6][0xa5][0x17]+Y[0x99][0xe8](9'[0x96][0xa4][0xa6][0xe7][0x17]e[0xa6][0x16]+YE[0xc7][0xd6][0xea] [0xc]6[0x86][0x1b][0xec]Y[0x90][0x91][0x9f][0x97][0xaa]`h[0xa8]`f[0xa2][0x90][0x9e][0x84]axANb[0xa5]BFb[0xb1]B^[0xbe]BNfnfI1[0xc2]:#KK$[0xb][0x8d][0xd0],[0x84][0xda]fdjb[0x8][0xb7][0xcd]=173/[0x1d][0xc3][0x12][0xb7][0xfc]"[0x85]t[0xb0][0x94]BAiQA~qj[0xb1]R-[0x8a][0x83]-[0xe0]F[0xb8][0x95][0x16][0xe5]e[0x96][0x94][0x16][0xa5]*[0x84][0xe4][0x17]`[0x9a][0x4][0x97]MI,[0xca]T[0xf0]J-H,JD[0xb8][0xd8][0xd0][0x4][0xd9][0xc5][0xa6]h.F[0xb1][0xd1][0x4]ncp~^[0xa5]B@[0xb0]![0x86]e[0xf8][0xc2][0xc6][0x4]%l[0xc][0xd1]l[0xa2]j[0xd8][0x98][0x12]v)"[0x4][0x90][0x93][0x88][0x1]-]e[0x6]w[0x15][0x15]c[0xc][0xdd][0xc5][0xc8]1f[0x89]Hf.a.[\n]"
05:47:32.980 [main] DEBUG org.apache.http.wire -  << "[0xbe][0xa5][0xe9][0xa9]y[\n]"
05:47:32.980 [main] DEBUG org.apache.http.wire -  << "!E[0x89][0x99][0xf8]r[0x8c][0xa1][0x91][0x81][0x81][0x1][0xbe]0A[0xb1][0x1][0x91][0x1f][0x13][0xf3][0x12][0xb3][0x15][0x12]+[0x13]s1[0x12]Eqiq[0xa9][0x2]H[0x1a][0x11][0xe6][0x96](i[0x1][0xaf][0x1f][0xcc][0xe1][0xa1][0x16][0xe1][0xe4][0x1f][0x81][0x99][0xe4][0x10]9[0x5]a<jR3[0xa6]a[0xa4][0x82][0xfc][0x1]-[0x90][0xb0];[0xf][0x97][0xa3][0xd0][0xfd]L[0xc5][0xf4]o[\n]"
05:47:32.980 [main] DEBUG org.apache.http.wire -  << "[0x8a]>[0xa8][0xa3]h[0x13][0xef][0xa6][0x6][0x88][0x94][0x5][0x8a]X[0xea][0xc7][0xbb][0xa9][0x1][0xad]S[0x96][0xa9][0x1][0xa2][0xc8][0xa7][0x91][0x1f],[0x10]e[0xb4]SQbrjNj[0x9]F[0xe6][0xf0]MLIU[0xc8]OS[0xc8][0xc8]L[0xcf]P(,M[0xcc][0xc9],[0xa9]T(HM,[0xca]A[0xae]V[0x8c][0x88][0xcb][0x90][0xc6][0xc6]f[0x18][0x85][0xb4])[0x86][0x95][0xf8][\n]"
05:47:32.980 [main] DEBUG org.apache.http.wire -  << "i[0xd4][\n]"
05:47:32.980 [main] DEBUG org.apache.http.wire -  << "[0xc]w[0x8d]illf[0x9][0xcf][0x98]%[0xa9][0xc5][0xa0]*V[0xa1][0xa0](?[0xa5]4[0x19][0xd3][0x8f]%[0x19][0x99][0xc5][\n]"
05:47:32.980 [main] DEBUG org.apache.http.wire -  << "[0x99][0xc5][\n]"
05:47:32.980 [main] DEBUG org.apache.http.wire -  << "%[0x19][0xa9]05[\n]"
05:47:32.980 [main] DEBUG org.apache.http.wire -  << "[0xa8][0xd5]7[0x96][0xda][0x1a]=[0xd7]"[0x8a][0x1d]ccsD[0xf2][0xa3][0x9a][0xdd][0x86]h[0xc5][0x1e][0xee][0xaa][0xd0][0xd8][0xd8][0x1c][0x91]8[0xa9]j?R[0xdb][0x1][0xaf][0xf5][0x88]H[0xa6][0xaa][0xf5][0xc8][0x89][0xc][0xaf][0xfd][0x88]2[0x99]f[0xf6][0xa3][0x97][0x8f]([0xd1][0x8f][0xc8]W[0x98][0xf6][0x3][0x0][0x0][0x0][0xff][0xff]"
05:47:32.980 [main] DEBUG org.apache.http.wire -  << "[\r][\n]"
05:47:32.980 [main] DEBUG org.apache.http.wire -  << "478[\r][\n]"
05:47:32.980 [main] DEBUG org.apache.http.wire -  << "Bm[0x9][0x12][0x9d][0xf4][0xd0][0xa3][0x1f]_[0xd2]7[0xa7]A[0xd2]G[0xb7][0x1f][0x9f][0xff]-[0xc][0xa8][0x9f][0xf5][0xd0][0xed][0xc7][0x97][0xfd][0x90]Z[0xe1]4[0xb][0xbc][0xfe]G[0x94][0xdc][0x3]c?"[0xff]y[0x4]([0xe4]f[0x96][0xe4]c[0xa4];p[0x19][[0x92]Z[0x94][0x94][0x98][0x99][0x8d]h[0x2][0x98][0x9a][0x99]#eq[0xbc]^Dd1[0xd2][0xda][0x15][0xe8][0xf9][0x96]z[0xed][\n]"
05:47:32.981 [main] DEBUG org.apache.http.wire -  << "cc[0xb]D[0xba][0x87][0xf6][0x0]([0xa9]\[0xf0][0xa5]0KD[0xc][0x7][0x4]+`[0xda][0x92][0x9e][0x98][0x9b][0xaa]`[0xaa]P\[0x92]X[0x84][0x8]][0xd4]V[0x1f][0xbe][0xc]l[0x89][0x88]@[0xba]4[0xc5][0x8d]M[0x90][0x9a]dT[0x8]:<)[0xc7][0x4][0xa9]iF/[0xbf]!"[0x8b][0xd6]~C[0xc4][@QbrIfrb[0x8e]Bx~~Jj[0x9e][0x82]w^fZ*F>t[0xcc][0xc9]L,VH+MOT(-[0xd1]C[0xa4][0x15]CP[0x84][0xc0]G[0x6][0xf0][0x86]'"'Rod[0x0][0xaf][0x85][0x88]\[0x6][0xb3][0xd0][0x88][0xe2][0xa1][0x8]|[0x16][0x1a]"[0xaa][0x13][0x98][0x85][0x94][0x8f]}[0xe0][0xb5][0x10][0xd1]|[0xa3][0x93][0x85][0x18][0x3][0x2][0xe6][0x18])[0x5]\b[0x13]5[0xac][0x83][0xd7]k[0x88][0xd4][0x12][0x90][0x98][0x93][0xe8][0x93][0xef][0x3][0x1a]kAm[0x93][0xc0]m[0xc2]2zdl[0x8c]TA[0xe0])[0xc2]L[0xc][0x11]m rKH[0xbc][0xfe]@$BZ[0x18][0xf][0xea][0xcf]@{[0xa8]t[0xea][0x19][0x99][0x18]![0x12][0x1d]M|[0x84][0xe8][0x12][0xd0][0xc4]xD[0x19]K[0xb7][0x0]C[0x14][0xb6]t[0xb3][0x12][0x91]O[0xa9]i%[0xbe]|d[0x84][0x18][0x95][0xa3][0xa6][0x95][0xf8][0xf2][0x96][0x11][0xa2][0x8c][0xa0]q}i[0x84][0xc8][0xc5]4j[0xa8][0x9a][0x18]#*[0xf]Z[0x86][0x1f][0xac][0x19]ka[0x88]H"[0x8e][0xc9][0xc9][0xa9][0xc5][0xc5][0x90][0xd1]|[0x8c]~_[0xbe]Bj^Fb^r[0xaa]Bb[0x1]h8[0x5][0xc4]D[0x1e]A761F[0x14][0x8][0xc5][0xa9][0x5][0xa9])[0x98][0x5]ubf%H[0x10]:8ad[0x8a][0xdc]?[0xc6][0x17][0xc1][0xc6][0x88][0xb2][0x80][0x96]a[0x82][0xd4]%6[0x1][0xd5][0x1b][0xd0][0x2][0x95][0xda][0x9e][0xa1]1`[0x8c][0x88][0xe3]`p[0xcc]([0xf8]d[0x16][0x97][0x14][0x81]{R[0xa8]U)T:[0x7]"[0xad][0x90][0x97][0x9e][0x9a]T[\n]"
05:47:32.981 [main] DEBUG org.apache.http.wire -  << "[0x1a]"=[0xca][0x10][0xc5][0x0][0xd4]L[0xa8][0x95][\n]"
05:47:32.981 [main] DEBUG org.apache.http.wire -  << "N[0x89]9[0x89][0x98][0xb3]*PE[0xa8][0x16]+$%[0xe6][0xa5][0x83][0xc7][0xf8][0xa0][0xf6][0x9b][0x12][0x9f]d[0x10]e[0x2][0xdd][0x92][0xc][0xa2][0x5]A7+[0x11][0xe5][0x11][0xbd][0xac]4A[0x94]OA[0xa5][0xc5]%[0x99][0xc9][0xb0][0xfe][0x82]S"[0xe6][0xac][h[0x89]BjQQ~[0x91]BQjriqb^Jb[0xaa]BA~qqfni[0xb1]Bn~[0xe]h[0x9c]31U[0xa1]85E!3[0xb7] 5%[0x93][0xbc].[0x5][0xd2][0xf4][0x1f][0xa2][0x1b][0xe3][0x93][0x99][0x97][0x9a][0xa7][0xe0][0x94]_R[0x92][0x83][0xa5][0x1b]SZ[0xa2]P[0x90]ZT\[0x90][0x99][0x9c][0x99]X[0x92]Y[0xac][0x90][0x92][0x9f][0x93]_[0x94][0xaa][0x90][0x92][0x99]\[0x92][0xa8]P[0x90]_T[0x94][0xaf][0x90]YP\[0x9a][0xab][0x90][0x9a]HV/[0xc7][0x84][0xfe]E[0x96][0x9][0xa2]I[0x13][0x9c][0x93][0x9a][0x9a][0xad][0x0][0x9][0x1][0xf7][0x9c][0xfc][0xb2]T[0xd0][0xd8]7jN[0xf7]OK[0xcb]L[0xce][0xcc],VH[0xce][0xcf]+N-,M,)-RH[0xcc][0xcb][0xcc][0xcd][0x84]GL[0xb1]BY~NiAIbI[0xaa]BJjNj^fI&y[0x81]A[0xff]"[0xcf][0x4]Q[0xe4][0xb9][0xe7][0x17][0xa5][0xa7][0xe6][0x97][0x16]+[0x4][0x95]&%[0xa5][0x16])8[0x83][0xc7]8[0xd0]B#%[0xb3][0x4][0x92][0x6]Js[0x15][0x12]A[0x89][0x3][0x9c][0x4]r[0x12][0x93][0xf2][0x8b]2[0xf3][0x8b][0x13]s[0x15][\n]"
05:47:32.981 [main] DEBUG org.apache.http.wire -  << "K3[0x15][0x12]s2[0xb]K3S[0x14][0x8a][0xc9]M[0xa7][0x88]B[0x11][0x91]N[0xdd][0x8b][0x12][0xf3]2KR[0x15][0x9c][0xf3][0x13]A%-[0xaa][0xbb]\K@}[0xed][0xcc][0xc4][0x12][0x85][0xfc][0xdc][0xbc][0xcc]b[0x85][0xdc][0xcc][0xbc][0xcc][0xdc]D[0x85][0xbc][0xd2][0xdc][0xc2][0xd2][0xc4]\[0x85][0xe2][0xd2][0xe2][0xe4][0xcc][0x2]r][0x83]("[0x83]+[0xf3]R[0x8b][0xd2]3a[0xd9]9G!8#[0xb3][0x8][0xab]kR[0x8b]K[0xe0][0xa9]"3[0xa9][0xb4]X[0xa1] '195[0xb1]D![0x95][0xbc][0xac][0xb]*[0xd0][0xa1][0xf5][0xac][0x2][0x8d][0xba][0x90][0xa6][0x88][0xac]HV[0xf3][0x90][0xd8]V[0x8a])R[0xfe][0x83][0xcc][0xe7]c[0x8e][0xb3][0xc1][0xbb][0xaa][0x4][0xd7]:[0xe0]k[0xf][0x99][0xd2]??[0x99]"[0xf2][0x13][0xbd]j[0x1a]SDn[0xa1][0x9b][0x95][0x88],A7+[0x11][0xad][0x6][0xb2]R'[0xea][0x4]#[0xde]T[0x83]h,[0xd0][0xd8]&3D[0x1b][0x1]j[0x13][0xe6]2[0x3]|9[0x1]u[0xe0][0x19][0xdd]O[0xb0][0xae][0xb][0xe5][0xab]~[0x8c]M[0xcc][0x10]}[0x16][0xa8]Ki[0x95]g[0xcd](,[0x85][0x88][0x8f]g3[0xba][0x95]C[0xd4][0x9d][0x1c]G[0x8f]g[0xe4][0xee][0x98][0x19][0xa2][0xf8][0xa1]u<!J[0x1d][0xa8]M[0x83]6[0xed]"[\n]"
05:47:32.981 [main] DEBUG org.apache.http.wire -  << "+[0x9c].E[0xc][0xd0][0xe3][0xab][0xc5][0xa8][0x9a][0xa3]0[0xca]3J[0xc2][0x8f][0x86][0xb3]o&H[0xb].[0x6]Q[0xf8][0x99]c[0x94][0x9d][0xb4]*[0x91][0x90][0x16]}[0xf8]%[0x16]g*[0xb8]$[0x96][0xe6])x[0xa5][0x16][0x95][0x82]&X[0x11][0xcd]P[0x0][0x0][0x0][0x0][0xff][0xff]"
05:47:32.981 [main] DEBUG org.apache.http.wire -  << "[\r][\n]"
05:47:32.981 [main] DEBUG org.apache.http.wire -  << "5A4[\r][\n]"
05:47:32.981 [main] DEBUG org.apache.http.wire -  << "[0xca]S[0xb2]R[0x2][0xcb][0x97][0xa7][0xe6]%fg+[0x94][0xa4][0xe6]%[0xe6])[0xe4][0x96][0x16][0xe5][0xa6]"[0xcd][0x15][0x1a]Z[0xe2]_[0xe4][0x6]Kb[0x16][0x96][0x88]T[0x9b][0x9c][0x9f]W[0x92][0x9f][0xa1][0x9b][0x8c]XC[0x8a]>[0xea][0xe4][0x96]X[0x9c][0x91][0x99][0x9f][0x97][0x98][0x94][0x93][0x8a]:[0xd6][0x84][0xb4]`[0x4][0xec]6[0x84][0xdb][0xc1]K[0xa7][0x14][0xd2][0xf3][0x8b]R[0xb1][0xac][0x2][0x5][0xab][0xa5][0x92]?[0x10][0xe9][0x9c][0xb0]?0U [0xad]=561[0xa7][[0x89]mN[0xb7]r[0xd4][0x1c][0x11][0xcf][0xd0][0xdc]E[0xb3]tL[0xb7]v[0x8d][0x5][0xdd]Z[0xb][0x16][0x88][0x14][0x11][0xe1][0x94]_[0xa1][0x80]Y[0x86][0xd2][0xbf]d[0xb7]@[0xf4]:p[0xb8][0x89][0xf0][0xd2]Q[0xf4]:[0x1e]V,P[0xa3]-[0x87][0xb4]:pp[0xba][0x8f]n[0xe9][0x14]i[0x9d]2[0x8e][0x90]@[0xa4][0x1e][0xfa][0xb5][0xb5]-[0x11]-[0xe0][0xc1][0xe4]*DN[0xa3]q9[0x85][0xb4]H[0x6][0xfb][0x12][0xa4][0x81][0xcd]>[0x96][0x88][0x86]/v[0xe7][\r]H[0x9a]A[0xd4][0xb2][0xd8][0x1d]5[0xa0]a[0x86][0xbc]0[0x1c][0xbb][0xf3]p[0x85][0x19][\r][0xdb][0xb5][0xc8]k[0xc9]i[0x9b][0xa2][0x91]W|c[0xf7][0xfe][0x0][0xc7][0xe][0xa2][0xb1][0x83][0xdd]y[0xb8]b[0x87][0x86][0xb5][0x94][0xa9][0x1]"[0x9b][0xd1]:v([0xcf];[0xb4]L[0xa6]H[0xab][0xa4][0x6]O[0xec][0x18]"Zx[0xd8][0x1d]5[0xb0])[0xda][0x10]QYaw[0xde]@[0xa4]hCD[0xbb][0x90][0xc6])[0x1a]i[0xad][0x2][0xad]m[0xa2][.5[0xa4]W?[0xc9][0x14]i[0x85][0x1b][0x8d]C[0xf]i5[0x1a][0xad]mB[0xb4])im[0x13][0xdd]R[0xb9][0x11][0xa2][0xda][0xa2][0xb5][0x9f][0xe8][0x96][0xca][0xe9][0xb6]D[0xcb][0xd4][0x8]Q[0xeb][0xd1]:[0xf4][0xe8][0xd5][0x9f]3EZ[0x13]Fc?![0xad][0xe1][0xa2][0xb5]M[0x88][0x9c][0x8b][0xbd]*[0x1b][0xd8][0x9a][0xd6][0x18][0x91][0xdd][0xb1];o jZ[0xe4]u\4[0x9d]a65[0xa6][[0xc9]`[0x8c][0xa8][0xff]<[0x2][0x14][0x9c]A[0x8b]p2[0xb1]lP[0xc9]I-([0xc9]/P[0xc0][0xd8][0x1]d[0x9][0x2]HK[0xbc][0xd1][0x9b][0xee]H[0x93]H[0xa6][0xc6]T-[0x1a][0xd0]7[0xdc]#[0xdb][0x84][0xb4]Hj 6T![0x8f][0xa6]Q[0xcd]~|[0x13]H(~GdlBv#[0xf2][0x10]h[0xb7][0x1c][0x91][0xb1][0x88][0xb4][0xcc][0x89][0x90][0xf9]doV[0xc4][0x97][0x8a]L[0x10]%[0x3]U[0xed]'[0xd6][0xfb][0x88][0x9c]IU[0xeb][0x89][0x8e]^D&[0xa2][0x99][0xfd][0xe8][0xdd]N[0x94][0xe4][0x85][0xa8]uif?[0xbe][0xe8]GZ[0xb0]40[0xf6]#z[0xa8]4[0xb3][0x1f][0xfd][0x9c][0x15][0xe4][0xf0]GZME3[0xfb][0xf1][0x86]?[0xa2][0xb]<0[0xf6][0xd3]([0xfb][0x13][0x9b][0xff][0x90][0x16]b[\r][0x8c][0xff][0x11][0xe5][0xf][0xac][0x85]hjJ[0xa3][0xa9]=SSD[0xe3][0x80][0xba][0xab][0xf0]MM[0x11][0xc5][0x98]g^IjNNfzj^[0x89]BpIj*h[0xf5]c>[0x96][0x15][0xb3][0x9e])[0xa0][0xf3]$[0x8a]3[0x15][0xf2][0x12]KJ[0x8b]A[0xb]BADb1YkbMM[0x11][0xe5][0x18],[0x1c]i[0xb3][0xfe][0xd1][0x14]s5[0x16][0xad][0xa2][0x8b]n[0xab][0xa9]L[0xe9][0xb6][0x9a][0xca][0x94]nk[0x9c][0xc0]{[0xd9][0xa1]Kai[0x9d]"[0x10][0x89][0xdf]5/[0xbf]([0x17][0xb4]8: '[0x11][0xbc][0xfc][0xd7]9#1[0x13][0xb4][0xae][0x3]u[0x1]H[0x18]d!8[0xe8][0xd4][0x91][0x92]T[0x85][0xbc][0xfc]<[0xd0][0xb9]#e[0x99])[0xa0]<[0x93]ZL[0xd6][0xd2]_S[0xa4][0xf5]7.[0xa5]E[0xa0]5[0x1e][0xa0][0xad][0x4]9[\n]"
05:47:32.981 [main] DEBUG org.apache.http.wire -  << "[0xd8]][0x10][0xc]][0xea][0xac]PX[0x9a][0xaf][0x80][0xb4].;3[0x8f][0x9c]%[0xe9][0xa6]t[fc[0x8a][0xb4][0xcc][0x86][0xc6][0xd1]J[0xb7]e$[0xa6]t[FbJ[0xb7]e$[0xa6]H[0x87][0x90][0xd0]8[0x9e][0x90][0x8e][0x1b][0x9][0x8]6[0xc1],[0xf5][0x8b]M[0x14][0x92][0x12][0x8b]J[0x11][0xbd]#c[0xfc]k[0xab][0x90][0x9b]gt[[0xa2]b[0x8a]th[0x9][0xad][0xc3][0xb][0xd1][0xe4][0xa3][0xb5]M[0x88][0xc6][0x1d][0xad]m[0xa2][0xdb] [0xaf][0x5]f[0x83][\r]3[0xc9][0x11]}[0x4]#[0xbe][0xa6][0xb9][0x5][0xa2][0xb5]F[0xeb][0xd0]CT`[0xb4][0xb6][0x89]n[0xcd]4Kz-[0xfc]4EZ[0x1e]D[0xe3][0xd0]CZ[0xf2]Ck[0x9b][0xe8]VFX"[0xca][0x8][0xaa][0x97][0xde][0x96]t+[0x15][0x90]V[0xfb][0xd0]:f[0xe8][0x95]W[0xcd][0x90]N[0xea]q-J[0xcf][0xcf][0xcb][0xcf][0xcd]LVp[0xcc])[0xcd][0xcd][0xcc]+[0xcd][0xc5][0xba][0xed][0xcf][0xb1][0xb4]D!)5[0xb1]$1[0x15][0xbe][0xa9]-5W!7[0xb1]"37U!/57_!3'[0xa7]4[0x17][0xb4][0xe1][0xf][0xdc][0xf7]#[0xa7][0xa9]if@[0xaf]b[0xd1][0xcc][0x80]^[0x85][0x95][0xd9][0xe0]^'a6[0x18][0xd7]I[0x98][0xd1]k[0x9d][0x84][0x89][0x9]RUB[0xab][0x93]8[0xe9][0x95][0xd2]L[0x91][0xf6][0xb][0xd0][0xba][0xa0][0xa2][0x97][0x9f][0xcc][0x90][0xce]b[0xa5][0xad][0x9f][0xcc][0xc][0x10][0x95][0x15][0xad]m[0xa2]W[0xd5]efH[0xaf][0x6][0xad][0x19][0xd2][0x8a][0x19][0xec][0x93][0xc0][0x3]:Gm[0x86][0xb4][0xcc][0x6][0xbb][0xf3][0x10]=H[0xba][0xad][0xf2]6C:[0x16][0x8a][0xc6])[0xce][0x8][0xd1][0xe4][0xb][0x8]64[0xa0][0xa0]S[0x83]~[0x9e][0x11]|W[0x2]R5[0x7]9<[0x1e][0xc3][0x92]4[0xfc][0xe7][0xca][0x1b][0x9b][0x19][0xd1]-[0x7]"[0x9d][0xbc][0x94][0x9d]Y[0x90]X[0xac][0x90][0x98][0x97][0x8e][0xe5]d[0xf2][0xdc][0xd4][0xbc][0xf4][0xd4][0x9c][0xd2][0xc4][0xa2][0xec][0xc4]<[0x88][0x12][0x85][0xe2][0xc4][0xbc][0xf4][0xc4][0x12][0x85][0xec][0xd4][0xbc][0xe4]D[0xf0][0xae])[0xe8]q+[0xf8][0xf][0xf5][0x83][0x87][0x12][0xd2][0xf1][0x1b][0xe4][0x9d][0xbe]ol[0x86][0xb4]>[0x8]~\[0x83]SQ~^U*[0x8e][0xe1]@[0xc8]9[0x84]E[0xa9][0x5][0xa9]99[0xa9]y)[0xa5][0xc5][\n]"
05:47:32.981 [main] DEBUG org.apache.http.wire -  << "[0x89][0xc9][0xa0]#F@[0x7][0x8b][0x14][0x96][0x92]5$o[0x86][0xb4]t[0xc8]75%3?[0xb9]([0x15]4"[0x9]:[0xc][0x11][0xc7]![0x1a][0x8e]`;[0xf3]J2A[0x7][0x85][0x94]([0xe4][0x83][0xcf][0xd4]HT(K[0xcd][0xc9],Q[0xc8][0xcb]O[0xca],&[0xab][0xc5][0x88]t[0xcc][0xd4][0x90][0x8b]I[0xa4][0xb5]JC[0xcf][0xed][0x88][0xb9][0xd5][0xa1][0xe7]v[0xc4][0xb2][0x8b][0xa1][0xe7]vDIN[0xe3]:[0x3]iY[0x97]g^rQjJfRN[0xaa][0x2][0xac][0xa4][0xc9][0xc9]O[0xc6][0xdc][0xfb][0xea][0x9a][0x8]?fE!5/[0x13][0xd2][0x19],[0x6][0xe5][0xef][0xd4][0xe2][0xe4][0xcc][0xd2][0xbc][0x12][0x85][0x94][0xd2]d[0xf0][0x81]F[0x90]3[0x84]r[0xc9][0xca][0xf2]t[[0xda]e[0x86][0xb4][0xe0][0x8a][0xd6][0x81]M[0xb7][0x6]5[0xd2][0x9a] [0x1a][0xfb][0xc9][0x84]n[0xcd]\[0x13]D3[0x97]&[0x19][0x1a]g[0xa3][0x87][\n]"
05:47:32.981 [main] DEBUG org.apache.http.wire -  << "[0xd5][0xb9][0x9][0xe5]C[0x1e][0xc8][0xb7][0xe8][0xe0][0x19]t63[0xa1][0xdb][0xf0][0x12][0xd2][0xca][0x1f][0x1a]'2SD=Dk[0x9b][0x8][0x97][0xbc][0x0][0x0][0x0][0x0][0xff][0xff]"
05:47:32.982 [main] DEBUG org.apache.http.wire -  << "[\r][\n]"
05:47:32.982 [main] DEBUG org.apache.http.wire -  << "7FF[\r][\n]"
05:47:32.982 [main] DEBUG org.apache.http.wire -  << "R[0xc2]wR[0xb][0xd1][0xa7][0x92][0x98]![0xad][[0xa1][0xb5][0x9f](O|[0xc4][0xad][0xc5]3[0xa3][0xdb][0x1a][0xe]3[0xba][0xad][0xac]0[0xa3][0xdb][0xe9]1ft;[0xd3][0xc5][0xc]tK[0x0]]VV[0x98]![0xad]i[0xa0]q*[0xa7][0xdb][0xb2][0x2]3[0xa4]e[0x5][0x1e][0x5][\n]"
05:47:32.982 [main] DEBUG org.apache.http.wire -  << "a[0x99]e[0xf9][\n]"
05:47:32.982 [main] DEBUG org.apache.http.wire -  << "[0x91]FF[0x18]=[0xe1][0xdc][0xd4][0xdc][0xcc][0x9c][0xcc][0xec]L[0x85][0xe2][0x82][0xd4][0xe2][0xcc][0xb4][0xcc]l[0xd0][0x99]"[0x95][0x89]y[0xe9][\n]"
05:47:32.982 [main] DEBUG org.apache.http.wire -  << "[0x89][0x5][0xe0][0x93]F[0xa1][0x9d]Jc[0xd0][0xbd]0([0xa7][0xc5][0xa3][0xd7]DH[0xf3][0xd9]f[0xe6][0xa4]t[0x9f][0xb1][0x9c][0xff][0x8d]''S[0xaf][0xff]jb[0x82]t[0xbf][0x2]4[0xde][0x8d]1[0x2][0x88][0x1a][0xe5][0xa8][0x89][0x89]%)[0x1]B[0xc1])s&&HSD4[0x1a]EF[0xda][0x2][0x1a][0x92][0x98]Q[0xaa][0x90]T[0x9a][0x83][0xe5][0xc]D|[0xe1]F[0xdc][0xaa]I[0x13]S[0xa4][0x81][0x1c]2m"[0xb6][0xa6]31E[0x1a][0xe7][0xa7][0xbd]][0x88]F"4[0xdd][0xd1]fm[0x9f][0x89])[0xbd][0xf6])[0x9a][0xd0]mz[0xda][0xc4][0x94]^[0xd3][0xd3]&[0xa6][0x98][0xe5][0x3][0xad][0xe2][0x89]n[0xe5][0x83])[0xbd]&[0xab]ML[0x91]J"[0x1a][0xa7]r[0xba][0xcd]6[0x99]!-[0xa1][0xb][0x80]\[0xf3][0xa6][0xe0]X[0x9a][0x93][0x99][0xa8][0x80]Yqd[0xe6]e[0x82][0x96][[0x82][0xae][0x82]SH[0x84][0xab][0x81]V[0xa7][0xc4][0x95][0x80][0xc6]f[0xe6]t*)[0x8c][0xcd][0xcc][0x11]=2[0xec][0xd3][0x12][0x3];k[0x82][0xb4][0xfa][0xe][0xbb][0xf3]p[0xcd][0x9a][0xa0][0xef]J[0xa1]^[0xfb][0xc1][0xd8][0xc]i[0xd9][0x1e]vG[\r]p[0x98]![0xba][0x89][0xd8][0x9d][0x87]+[0xcc][0xd0]{[0xee]T[\r]3DK[0x8][0x9c][0x83][0xb2][0x15][0xdc]3Ss0[0x9a]]![0xa0]C[0xc6][0xf3][0xd2]A[0x17]$f[0x17]e[0x16][0x14]g"[0xdc]J[0xfc][0xde]A3[0xb][0xc4][0xb8][0xf][0x92]e[\n]"
05:47:32.982 [main] DEBUG org.apache.http.wire -  << "[0xd9][0xa9][0xba][0x98]-a*[0xd9][0x88][0xc8][0xb0]h6b[0x96][0x10]T[0xb2][0x11][0xd1]q[0xa6][0xcf]MWfH[0x17][0xa0][0x81][0xfd][0x98]\B[0xdb]B[0x10]ia[0x4][0x9d]|H[0xaf]&[0x86][0xb1][0x19][0xbd]*~c3zU[0xc7][0xc6]f[0x96][0x88][0xaa][0x84][0xa6][0x15][0xbf][0xb1]9[0xa8]CJ[0x97]![0x2]s[0xa4]kri[0xed]'D[0x9]Bk[0x9b][0xe8][0x16]OH]F[0x1a][0xfb][0xc9][0x10]1[0xa1][0xe6][0x19][0xe0][0xe1][0xef][0xe7][0xaa]`h[0xaa][0x10][0x10][0xe4][0x8f]Q[0xc1]x[0xb8][0xfa][0xb9][0x7][0xf8][0xfb]![0xaa][0x15][0x13][0xd0]H11w[0xe1][0x99]#[0xad]S[0xa3][0xb5]o[0x10][0xf5][0x17][0xed]|C[0xb7][0xf4][0x86][0xb4]0[0x87][0xc6][0xe1][0x86][0xb4][0xc6][0x86][0xd6]6![0xd2][0x1b][0xad]mB4[0x9c]hm[0x13]R[0x8b]"1[0xaf][0x4][0xb2][0xc3][0xcc]7[0xb1][0x8]4[0xe9][0xea][0x93][0x98][0x8b]y[\r][0x90]k[0x89]BFf2h[0xd5]m>[0xd2]4*h[0xf4][0x9b][0xa8][0xfc][0x84][0xb4][0x82]#)[0xb1]85[0xa5](-[0xb3][0x2]#[0xbf][0x82]eR[0xd3][0x12]KsJR@;[0xdd][0xa0][0x1d])3K[0xd0][0xe0]-q[0xd6][0xd0]kb[0xd3][0x1c][0xe9][0xe6]+[0xda][0x8c][0xbd][0xa2]7[0xd0][0x91][0xc6]^[0xcd][0x91][0xee][0xc0][0xa2]q:[0xa1][0xdb]q#[0xe6]t[0x9b][0xfd]6[0xa7][0xee]i#[0xf8][0xe2][0x9]i[0xc2][0x96][0xc6][0xf1][0x84]t[0xf6][0x5][0xad]mB[0x94][0x1c][0xb4][0xb6][0x9][0x91][0x99]iV3[0x82][0x1a][0x4][0xd0][0xd6]%[0xfd][0xb3]1[0xd2]l[0xf2][0x0]XN[0xb7]Z[\r][0xe9]R[0x1c][0x1a][0xa7][0x18][0xa4][0x8b]i[0x6] @[0x11][0x19]c[0x0],G[0xb4][0xf3][0x7][0xc0]rDF[0xa5][0xbf][0xe5]H[0x87]([0xc][0x80][0xe5][0x88][0xf5] [0x3]`9"[0x7][0xd3]c[0x8c][0xc6][0x9c]n[0xb][0x10][0xcc][0xe9]v[0xb4][0x83]9[0xd2][0x2][0x4][0xec][0xe3][0xa7][0x3]:[0xbc]k[0xe]j[0xf8]B[0xab]'[0xec][0xce]C[0xea][0xdb]Z[0xe2][[0x98]E[0xc5][0xe1]]s[0xba][0x9d][0xd0]`[0x8e][0xb4][0x94][0x2][0xbb][0xf7][0x7]6v[0x90][0xd6]_`w[0xde][0x80][0xc4][0xe][0xa2][0xf]9[0x88][0x1c][0x85][0x18][0x80][0xc0][0xee][0xa8][0x1][0x8e]HD[0xed][0x89][0xdd]y[0x3][0x12][0x91][0x88]Zu[0xf0]8jpO[0x87][0x99][0xa3][0xdc][0xce][0xe2][0x1f][0x81][0xef]r[0x16][0xba]m[0xbc]2G[0xba][0x9e][0xc5][0xa5]4[0xbb]4[0xf]c[0xdc][0x3][0x91][0xba][0xcc][0x88]>O[0xc4][0x1c][0xe9][0xf4][0x8][0xec][0xc9]c`[0xb3][0x14][0xca][0x9d]/[0x83]&&[0x8]e[0xa9][0x81][\r]3[0xa4][0xe3][0x1f][0xb0]G)"[0xa1][0xd0]/[0xf5]Z[0x12][0x9a]a[0x1e][0xe0]0C[0xc][0x9f][0xf][0xa2]0[0x1b][0xdc][0xd5][0x1d][0xd2][0xe4][0xdd] [\n]"
05:47:32.982 [main] DEBUG org.apache.http.wire -  << "[0xb3]A[0x9d]7-[0x90][0x8e][0xb0][0x18]4af[0x81][0xb4]][0x9d]&;Q[0xd0][0xc7]6[0xa9][0xd8][0x8b][0xb0]@[0x9a]m[0x1d]zn'[0xd4][0xc6][0x1e][0xd0]2[0xd1][0x2][0xe9]&[0x9b]A[0x94]V[0x11][0xc3]c[0xb4][0x1d][0x5][0xb4]@:l[0x85][0xee][0x83]2[0x16]H[0xd3][0xe0][0xd8][0xc3]~`[0x93][0x6][0xd2][0xdc]9v[0xe7][\r]@[0x13][0xc3][0x2]i[0xb2]}[0xc8][0x15][0x5]Hk[0xca][0xb1][0x7][0xe8][0x0][0xc7]7[0xa1][0x96][0xc8][0x80][0xc4]7[0xdd][0x8a][0x2][0xa4][0xe5][0x8]C/e![0x1a]D[0xe0][0x2][0xd3][0xb1](3=1[0xbf][0x4]t[0xfa]$[0xea][0x11][0xb0][0xf8][0xb6]a[0x10][0xbb]9[0xc2][0xd8][0x2]i=[0xc5][0x90][0xb]*[0xa4][0xa3]M[0xe8][0xb3]z[0xd0][0x2][0xe9][0x88][0x13]p[0xe4][0x4][0x4][0xd3]f[0xdb][0x80][0xb1][0x5][0xd2]1%[0xf4][0xf2][0x1b][0xa2][0xcc][0xa0][0xb5][0xdf][0xe8]V[0x10] [0x1d][0xdc]Ac?![0x1d][0xb3]Ak[0x9b][0x10][0x93]OC.[0xc7][0x1a][0xa3][0x15]n[0xb4][0xcb]?H[0xbb][0xf5]q[0xc6][0x7][0xa2][0x12]$[0xbe][0xbc]D[0xda]I[0xaf][0x80]1[0xa2]G[0x9d]"[0xd9][0x84]n[0x81][0x84][0xb4][0xc]b[0xc8]%%[0xa4]U[0x14]8#[0x98]:[0xf1][0x81]t[0xc3][0x6][0xad]mB[0xc][0xba][0xd1][0xda]&DW[0x96][0xd6]6!F[0xea]hm[0x13][0xdd]*0[0xa4]k0h[0xed]'DY0[0xe4]r([0xd2][0x12][0x8d][0xa1][0xe7][0xf6]!\[0xc9]"[0xdd][0xc5]1[0xf4][0xc2][0x1d]Q[0x2][0xe]=[0xb7]#[0xca][0x9f][0xcc][0xbc][0x94][0xfc][0xdc][0xcc]T[0x8c][0x6]Bbv[0xa9]Bqiv[0xa2][0x2]B[0x1]t[0xb5][0xb3][0x11][0xd1]S[0x80][0x16]H[0x8b]W[0xa0][0xa5][0xf][0xe6][0x84]'[0xbe][0x9a][0x8f]n[0x93]H[0x16]f[0x88][0x9]v[0x9c].E4[0xc2][0xf0][0xed][0x9c][0xa5][0xe6][0x10][0xb4]9b[0x1][0x15][0xc4]U[0xc5][0xa6][0xc5][0x18]1[0x5][0xf]@[0xf4]3,[0xcc][0xcc][0xcc][0xf0][0x9c]a[0x81][0xb4]\[0xdb][0x2]i[0xaa][0x16][0x11][0xdd][0xa8]}x[0xaa][0xa4][0x7][0xa4]c[0xfe]ik[0xf]"6ik[0xf][0xa2][0xce][0xa3][0xa9]=H[0xf3][0xae][0xb4][0xb5][0x7][0x91][0xde]hk[0xf]R[0xb7][0xba]2/[0xb5](=[0x13]|[0x81][0x10][0xe4][\n]"
05:47:32.982 [main] DEBUG org.apache.http.wire -  << "-[0xec][0x97][0xf8]x[0x16][0xe5][0x83][0xd6]%[0xc0][0xca] K[0xd0][0xae]Zbv\X"m[0xcf]C[0x1c][0xed][0xe]2M[0xc1])[0xbf][0xa4]$[0x7][0xb3][0xe4]s[0xce][0x7][0x1d][0xef]W[0x2][0x92][0x80][0xda]fn[0xe][0xca][0x88][0xc4][0xd9][0x86][0xa8][0x8d][0x83]sRS[0xb3][0x15][0xdc][0x8b][0x12][0xf3]2KR[0x15][0xc2][0x13]srRK02/[0xec][0x8c]yD[0xd9]bb[0x0][0xda]fN[0x9c]e[0x88]`[0x1c]bU[0x90][0x89])[0xbd][0x8e][0x97]615@[0x14][0x6]4?T[0x5]if[0x7][0x8f]][0x88][0xc8]&[0xb6]7ob[0x8a]4/[0x82][0xc7]dx]@[0xc9][0xf1]=[0xa6][0x86][0x88]b[\r]R[0xed][0xd0]h[0xec][0xd0][0xc4][0x14]i\[0x14][0xfb][0xe4][0x4]"[0xa8][0xe8][0xd5][0x16]01[0xa5][0xd7][0xd0][0xa9][0x89])[0xbd][0xee]k71E:%[0x99][0xa6]Qjl[0x81][0xb4][0xef][0x8c][0xd6]6[0xd1]md[0x0]iC[0x96]cjQ~Je^"[0xe8][0x82][0x10][0xd8][0xc5]w![0xa0][0x1b][0xe8]0[0x8a]v[0xd7][0x8a][0x82][0xd4][0x94][0xcc][0x92]D[0x85][0xd2][0x12][0xd0][0xb1][0xce][\n]"
05:47:32.982 [main] DEBUG org.apache.http.wire -  << "[0xc9][0xf9]E[0x5][0xf9]E[0xe4][0x9d][0xeb]l[0x81]t-t0R[0x8d][0xe9][0x93][0x99][0x97][0x9a][0xa7][0xe0][0x94][0x98][0x8e]i{q[0x89]BjQQ~[0x91]B^fFf[0xe][0xc8][0x5][0x99]%[\n]"
05:47:32.982 [main] DEBUG org.apache.http.wire -  << "[0xc5][0x99]y%[\n]"
05:47:32.982 [main] DEBUG org.apache.http.wire -  << "E[0xa9]E[0xa5][0xb9][\n]"
05:47:32.982 [main] DEBUG org.apache.http.wire -  << "[0xa5]99[0x89]d[0x1d]8kA[0xb7]Mc[0x16]&[0x88][0xf6][0x8][0x8d][0xd3][0x12][0xdd][0x8e][0x81][0xb5][0xa0][0xdb]F8[0xb][0xba][0x1d]8k[0x81]t%[0xea][0x10]k[0x88][0x18][ [0xed]`[0x80][0xa6][0xb1][0xc1][0xda]G[0xc5][0xdc][0xd6][0x80][0xe9]RD}I[0xb7]>*R[0x8b]7?[0xaf]R[0x81]v[0x13]%[0x98][0x7]:b[0xfa][0x1f]_[0x3][0x88]^-[0x8]c[0xb][0xa4][0x13][0xba]p[0xa6][0xa9][0x1][0x88])[0xc4][0xa8][0xf]NW[\r][0x92][0xf0]Ctlp[0xba]t[0x0][0xc2][0xf][0xd1][0x91][0xc0][0xde]X[0x1d][0xd8][0x95]4[0xa0]n[0xe3]`[0xdb][0x8a]e[0x81][0xb4][0x1d][0x83][0xa6]#[\n]"
05:47:32.982 [main] DEBUG org.apache.http.wire -  << "[0x98]W[0x8a][0xe][0xd6][0xb2][0x1]i[0x7][0xc8] J[0xdb][0x16][0x18]m[0xe9]A[0x1b]~[0x18][0xb3]t[0x98].[0xa5][0xd9][0x80]t[0x84][0x16]M[0xd3]9[0xf2][0x1]Z[0xe0][0xf1]%[0xd8][0x0][0x92]BxbIr[0x6]F7[0xc0]'5[0xb1]$#[0x15][0xe9][0xac][0x12][0xb]#[0xd0][0x1e]tb[0x86][0x97],[0x90]V[0xe1]C[0xc6][0xb2][0xc2][0xf3][0xf3]s[0x88][0x1f][0xc8]22[0x2][0x95]H[0xc4][0xd9][0x84]4[0xe0][0x80][0xd4][0xbb][0x9][0xce][0xcc][0xc9]Vp[0xc6]z[0xb5][0x6][0xe4][0xde][\r]D<[0x1b][0x19][0x81][0xc6][0xb0][0x89][0xb1][0xcc][0x12]iM[0xba][0x1b][0xfc]d[0x19][0x88]y[\n]"
05:47:32.982 [main] DEBUG org.apache.http.wire -  << "[0xce][0xf9]XN[0x11][0xe][0xce][0xcf])-ITH-QH.-[0xc8][0x4]u[0xe9]JR[0x91][0x8e][0x98][0xc1][0xd5][0x11][0xd2]0[0xbb]%[0xf2][0x98][0x17][0x92]7[0x9d][0xf3][0xb][\n]"
05:47:32.982 [main] DEBUG org.apache.http.wire -  << "R[0x8b][0x14][0xbc][0xf3]2[0xd3]@[0x83][0x8e][0xa8][0xe3][0xee][0x10][0x87]!<ja[0x9][0xea]`[0x13][0xe7]QDN[0x19]j[0xad]rK[0xa4][0x15][0xe2][0x90][0xb4][0x7]=[0xfa]' 1[0xaf][0xa4][0x18][0x0][0x0][0x0][0xff][0xff]"
05:47:32.982 [main] DEBUG org.apache.http.wire -  << "[\r][\n]"
05:47:32.983 [main] DEBUG org.apache.http.wire -  << "6E8[\r][\n]"
05:47:32.983 [main] DEBUG org.apache.http.wire -  << "[0xc2]H[0xe5]A[0xa5]II[0xc8][0x89][0xdc][0xd4][0xc]t[0xf9]7q[0x81][0x84][0xa8][0xd4]![0x16][0xc1]3[0x14]v[0xab][0xa0]}~D[0x84]XZ[0x80]V][0x10]g[0x17]"[0x99]#[0xf]#[0xc0]m[0xf4]N[0xad]L[0xca]O,J[0xc1][0xf0][0x1f]F.6[0x3][0x9f][0xff]E[0x94][0xa5]H[0xeb][0xbd][0x87]\*@:{;871'[0x7][0xe9]JV[0xac][0xa5][0x2][0x96][0xc8][0x1]%$[0xe2][0xc2][0x9]1[0xd6][0xe0][0x99]W[0x92][0x9a][0x93][0x93][0x99][0x9e][0x9a]W[0xa2][0x0][0x19]a[0xc1][0x9e][0x16][0xc0][0xf3][0x15][0x88][0x94]`nahJ[0xdc][0x84][0x9b]%[0xd2][0x82]r[0x8f][0xd4][0xc4][0xb2]J[0x5][0x97][0xd2][0x92]J[0x84][0xef]p&[0x4][0xd0][0xbc][0x5][0xb2][0x85][0xa0][0xa1][0x18][0xe2]|[0x87][0xa8][0xdf][0xe1][0x17][0x94]9[0xe7][0x97][0x94][0xe4][0xe7][0xe1]*[0xd0]![0x19][0xe]a[0x99][0x89]%h [0x9d]8[0xcb][0x10][0x5][0xf][0xf2]`[0x15][0xc8][0xf1][\n]"
05:47:32.983 [main] DEBUG org.apache.http.wire -  << "N[0xa9]yX[0xaa])[0xcc]R[0xe]t[0x9c]2q[0x96]!z5[0x1]E[0x89][0xc9]%[0x99][0xc9][0x89]9[0xb0]k[0x99]<[0xb0][0x94][0xe6][0xd0][0x9][0x19][0x84][0xc7]L[0x8d]A+[0x8b][0x89][0xb3][0xb][0xa9]_[0x2]N[0x8f][0x1][0x89][0xa0][0x92][0x1b]{[0xd5][0x8b][0x1e][0x80]F[0xc6][0xa0][0x95][0xb2][0xc4][0xd9][0x83]([0x94][0x82]J[0xc1]Sc[0xd0]:[0x2]k[0xfd][0x4][0x91]Cx[0xc8][0xd2][0x94]x[0x8b][0xb0][0x97]H[0x90][0xf2]T[0x1][[0xf0]A[0xa4][0x10][0x96][0x19][0x99][0x80][0xe]m&[0xca]W[0xa0]`[0x86]vP[0x90]n[0xd0][0x82]d0[0xec][0xb5]<z[0x10][0x9a][0x19][0x83]2[0xe]q[0x96]![0xb2][0xb3]OfzFIy*[0x88]T[0x80][0x98][0x88][0xd5]g[0xe1][0xf9][0xf9])[0xa9]Hs[0x8c][0xa6][0x96][0xa0][0x95][0xb2][0xc4]Y[0x86][0xc8]]C[0xae][0x8c]E[0x9e][0x83][0x0][0xa7]i[0xd8][0xfc][0xa7][0x2][0xf6]B[0xf][0xa3][0x8c]5[0xb3]05&[0xb2][0xd8]C[0xba]g[0x12]^[\n]"
05:47:32.983 [main] DEBUG org.apache.http.wire -  << "A[0xb2][0x10][0xb6][0xa4][0x86]Q[0xeb][0x19][0x81][0xf][0x8e]'.F[0x10]9[0xd5]5/[0xbf](7[0xbf][0xb4][0x18]Q[0xbc]b[0xf7][0x18]z62[0xb2][0x0][0x9d][0xf9]K[0x9c]m[0x88][0xfc][0x8a]\[0xb1][0xe3][0xf6][0x1a][0xa8]e[0x8b][0xc8]C[0xc4][0x9f][0x1f]h[0x89][0xb4]L[0xdc][0xb1]<[0xb5]8?7U[0x1]Z[0x8c][0x7]gd[0x16]a[0xce]/[0xa3]UQ[0x16][0x96][0xc4][0x1e][0x88][0x8]N[0xfc][0xd0][0xdc][0x8a][0x98]7[0x87][0xa7][\r][0x1c][0x5][0x11][0xa8]BA[0xf8][0xcb][0xc2][0x2][0xb4][0xe0][0x83][0xa8][0x10]4F[0x8c]""l[0x83][0x16][0xd5][\n]"
05:47:32.983 [main] DEBUG org.apache.http.wire -  << "[0x1]9[0x89][0xe0][0xe9]x[0xd4][0x96]1[0xa8]:A[0xd8]el[0xc][0xda][0x7]N[0x9c]][0x88][0xa2][0x1]Z[0xba]B[0xb2]>[0xe]{0[0x12][0xbc][0xb9]!h[0xb4][0x81]8[0xab][0x10][0x8b][0xc4][0xe0][0xc9][0x10][0x9a][0xac][0x15][0xb0][0x9e]b[0x9][0xf5]2[0xc2]_[0x16][0x86]D7e[0x91].[0x2]t)-[0x2][0xcd]I![0x92]<[0xf6]j[0x17][0xd4][0xa1]CXeF[0xfc][0xca][0x3][0xa4][0xb3][0x10][0x87]\[0x81][0x87]4[0x99][0x87]\3[0xc0][0x93]6[0x8e][0xb][Q[0x93][0x9b][0xa9][0x9]hn[0x8a][0xb8]4[0x80][0xa8]c[0x91][0xed][0x83][0xb7][0xfa][0xb1][0x15]}[0xa8][0x11]cj[0x8]:[0xed][0x9c]([0xcb][0x90][0xe6][0x9][0x91]-[0x83]&p[0xec]Kk[0xd0][0xab]t[0x13]C[0xd0][0xd9][0x18][0xc4]Y[0x87][0xc8][0xb6]HU:[0xb8][0xd0][0xc1]q[0xfb].X[0xe][0x91][0xe6][0x8c][0x8c]AG[0x85][0x12]g[0x17]"[0xdb]"[0xd9][0x5][0xad][0xd0][0xb1][0xb7][0x1f]`q[0x8a][0xb0][0xcf][0x18]|H[0x18]q[0xf6]![0xe5][0xdd][0xa2][0xf4][0xfc][0xbc]|[0xd0][0x94]/[0xbc][0xb0][0xcd]O[0xc5][0xec][0x86][0xa2][0x96][0xea][0xe6][0x86][0xa0]kN[0x88][0xb3][\n]"
05:47:32.983 [main] DEBUG org.apache.http.wire -  << "[0xd1]~@n0Cc[\r]G[0x2]Ai[0xac][0x98]Y[0x12][0x9d][0x1e][0x91][0xa6][0x5][0xe1][0x17]&Cj*[0xec][0xed]X[0xf4][0x18]3[0x1][0x8d]`[0x12][0xe7]-D[0xd3][0x1c][0xd2]}[0x83][0x96]n8[\n]"
05:47:32.983 [main] DEBUG org.apache.http.wire -  << "Z[0xa8],"[0xb2],MA'[0xba][0x11]g[0x15][0xa2][0xbe][0xc7][0x18][0xd4][0xc1][0x16]~[0xe0]V'[0xc2]&3[0x3][0xa2]GU[0x90][0xf7][0xbc][0x80]G[0xe0] [0xed][0x6]b[0xfd]dl[\n]"
05:47:32.983 [main] DEBUG org.apache.http.wire -  << ":i[0x98](?![0xed][0x1b][0x19]r[0x85],hL[0x4][0xda]z[0x80][0x8e]r[0xd3]h[0xfb][0xa1]%[0xa8][0xf1][0x9][0xb5][0x9][0xb9][0xc4][0x83][0xd6][0xda][\n]"
05:47:32.983 [main] DEBUG org.apache.http.wire -  << "8JsH[0xa4]![0x12][0x80][0xa9][0x9]hp[0x8e][0xb8]hAdVD[0x87][0x13]V[0xa9]c/[0x87]0R[0xb6][0x89])h[0xcb][0x1]q[0xd6]!:[0xd3]HC[0x5][0xa0][0xda][0x8][0xc7][0x88]![0xd4][0xe7][0x8][0xbf][0x19][0x19][0x12][0xbb][0x10][0xd8][0x12]46[0x8c]%0[0xc1]E[0x0][0x8e][0xfe][0x0]j[0xa1]gdFt3[0xc]ik[\n]"
05:47:32.983 [main] DEBUG org.apache.http.wire -  << "[0xb4][0x19][0x6][0xaf][0x12][0x83]3[0xb0][0x16][0xaf]%[0xa9][0xe0]KZ[0xa0][0xab]2-MAC[[0xc4][0x85]![0xa2]}[0xe][0xb5][\n]"
05:47:32.983 [main] DEBUG org.apache.http.wire -  << "[0x12][0xff]8[0x6][0x97][0xc1][0xde]E[0x84][0x9f][0x89]!h[0x16][0x8b]8[0x8b][0xb0][0xd7][0xf5][0xe0][0xd8][0xc2]^[0xf9][0x82]K^$[0xbb][0x88]o[0xc6][0x82]R[0x10]4[0xae][0xe0][0x9d])[0xa8][0xb7][0xb0]wp0[0x12][0x86][0x85][0x11][0xe8][0x8e][0x11][0xa2]<[0x6][0xea]6@-C[0x1e][0x1d][0x3][0xb5]Sp$C[0xb4][0x12][0xd6][0xd2][0x10][0xd4][0xd1]$[0xce].DE[0x8f][0x92][0xa3][0xa1]c-X[0xd7][0xd1][0xa2]E[0x99][0xb9]9[0xf1]>Cdg[0xa4][0xfc][0x5]mV`o6[0xa3]y[0x8d][0x84][0xe6][0x19](#B[0x83]q[0xc8][0x15][0xe9][0x98][0x9b]9hU[0xa4]cn[0xc6][0xa0][0x99]M[0x88][0xfc]J[0xe3]j[\n]"
05:47:32.983 [main] DEBUG org.apache.http.wire -  << "i[0xf1][0xe]-'[0x8]-A+[0xd5][0xa1])[0x8c][0xb6][0xf6] [0xb2][\r]m[0xed]A[0xc4][0x10]M[0xed][0x1][0x15][0xf1][0xf4][0x8]7[0xd0]4%[0xd4][0x9e][0x80]`[0x5][0xcc]t[0x9d][0x9e][0x98][0x9b][0xaa]`[0xaa]P\[0x92][0x88]4i[0x8b][0xe5][0x12][0xf2][0x14]#[0xa8][0xe7][0x6]5[0x9e][0xc6][0x9][0x1a][0xd4]%[0xa5][0x8f]M[0xa0]a8:[0xd9][0x84][0xe8][0xce][0xd2]8[0xf4]@[0xd5][0x13][0x9d][0xfc][0x84][0xe8][0xc6][0xd2][0xd4]O&[0x6][0xc8][0xb3]u[0xb4]\[0x9]hb[0x80][0xb4][0x19][0x82][0xd6]~[0xa2]_[0xe8]![\n]"
05:47:32.983 [main] DEBUG org.apache.http.wire -  << "TZ[0xfb][0x9][0xd1][0xa3][0xa0][0xb5]MH[0x3][0x0]4N[0x11][0x88][0xfe]f@F~^[0xaa]![0xe6]U[0x87][0xe0][0xfd][0x91][0xa9])[0xb0][0xb]Q[0x91][0x1a][0xdd]xO&G[0x14][0xaf]&[0x6]H[0xc7]5[0xd1]:[0xe8][0x10][0xf5][0x1e][0x8d]mB[0x9a][0x96][0xa3][0xb5]Mt*^M[0xc][0x8c][0x10]][0x8]Z[0xfb][0x89]n[0x5][0x4]Y[x[0x10][0x89][0x9c][0xe8][0xad]f[0x6][0xa0][0x1]*z[0xd4]M&[0x6]H[0xa3][0xd5][0xb9][0x99]9[0xd9][0x18][0xeb]^[0x10][0xae][0xc7][0xb7][0x9a][0x1d]9[0x83][0x82][0x16]D@[0xdd]N-[0x13][0x11][0x11]L[0x97][0xe3][0xad]L[0xc][0x90][0xe][0x4][0xf2],[0x0][0x95]e[\n]"
05:47:32.983 [main] DEBUG org.apache.http.wire -  << "[0x86][0x86][\n]"
05:47:32.983 [main] DEBUG org.apache.http.wire -  << "f&[\n]"
05:47:32.983 [main] DEBUG org.apache.http.wire -  << "[0xe9]I[0x18][0x1][0x84]o[0xb9]6[0xf1][0x11][0x8e]t[0xff][\r][0xf6][0x85][0xcd][0x88]x[0xc0][0xdf][0x12][0xa5][0xde][0xde]w[0x13][0x3][0xa4][0xa1]([0xda][0x85][0x2][0x15][0x1d][0xc][0x1e][0xd7][0x85]&[0xbd][0xe0][0xec][0xaa][0xfc]|[0x85][0xf0][0xfc][0x9c][0xb4][0xe4][0x8c]D[0xd0][0x92][0x2][0xd4][0x99][0xcb][0xe0][0x92][0xa2][0xc4][0xca][0xec][0xcc][0x14][0xd0][0xc][0x2]t0[0xcb][0xd0][0xc][0xb4]u[0x94][0x88][0xe1][0x11][0x13]S[0xa4][0xa9][0xd2][0xe0][0xc4][0xdc][0xe2][0xd2][0xbc]t[0x85]`#c[0x85][0xd0][0x9c][0x92][0xa2]D[0x8c][0x4][0xe2][0x9e][0x98][0x93]XQ[0x89][0x88]?"[0xf3][0x91])h8[0x1c][0xea][0x99]A[0x93]$LASEPG[0x11][0xf6]9[0xc2][0xcf][0xa4][0x84]-R#[0x8c]`[0xd8]fdV&[0x82]B[0x1c][0x1a][0x85]D[0x7]-[0xa2]Q4x[0x82][0x16]i[0xff][0xdb] r[0x14]Rl[0xd0][0xb4][0xf9]h[0x8a]4'6[0x88][0xbc]?[0x18][0x13][\n]"
05:47:32.983 [main] DEBUG org.apache.http.wire -  << "[0xd2]Al[0x83]'[0xa4][0x90]f[0xca][0x6][0x91][0xa3][0x90][0xba]Y[0xe0][0x89]B[0xe8][0xf8];[0xd6][0xc5]g[0xae][0x15][0xa9]E[0xc9][0x99]%[0x89]%[0x99][0xf9]y[0xa9][0xb9][\n]"
05:47:32.983 [main] DEBUG org.apache.http.wire -  << "[0xb9][0x89][0xe9]y[0x99][\n]"
05:47:32.983 [main] DEBUG org.apache.http.wire -  << "[0xf9])[0x99]%[\n]"
05:47:32.983 [main] DEBUG org.apache.http.wire -  << ")[0xf9]9[0xf9]Ed,771E[0xaa]A[0x7]O[0xa8] [0x1d][0xf9]D[0xd3][0x96][0xb9][0xb1][0xa5]9"[0xfb][0xd0]t[0xe4][0x10][0xb4][0xfe][0x11]Z+[\r][0xb9]1}[0xd0]T>[0xd4][0xed]4[0x19][0x8d]D[0x14][0xe0]41[0x1e][0x91][0xc3]hb<bL[0x81][0x16][0xc6]#m[0x19][0xa2]qN[0x0][0xad]C[0x81][0xc6]2[0xad]mB[0xe4]9Z[0xdb][0x84][0x88][0x1c]Z[0xdb][0x84][0x98]<[0xa6][0xb5]Mt[0x1b][0xf3]A:[0x14][0x89][0xa6]~21@[0xba][0x96][0x84][0xd6]6[0xd1]m[0xcc][0x7][0xe9]f[0x10]Z[0xfb][0x9]Q[0x80][0xd2][0xda]&DY[0x8a]a[0x13][0x0][0x0][0x0][0xff][0xff]"
05:47:32.983 [main] DEBUG org.apache.http.wire -  << "[\r][\n]"
05:47:32.983 [main] DEBUG org.apache.http.wire -  << "DF[\r][\n]"
05:47:32.984 [main] DEBUG org.apache.http.wire -  << "*[0x0][0xb5]J[0x94][0xac][0x94][0xa8]3[0xda][0x0][0xda][0x91][0x3]-[0x8d][0x86]X}ib`[0x80](u[0xb0]7[0xa9][0x6]r[0xb][0xb8][0x89][0x1]h[0xc][0x1][0x1a][0xb4][0xd8][0x9d][0x87][0xe8][0x14][0xd3]o [0x7][0xb4]J[0x7][0xea][0xa8]![0x17][0xdf][0xa0][0x8d]4P[0xb7][0x13][0x9f]+[0x10][0x81]L[0xfc][0x10][0x1c]hq[0xc]},B[0xd4][0xd0]C/6[0x10][0xf5][0xe3][0x90]s;h/[0x11]]"[0x18]yx[0x90][0xe8]A[0x13]r[0x92],[0xd2][0x10]![0x95][0x86][0xda][0x91][0xc6][0xf7][0xa8]e"[0xa2][0xfe][0xa4][0x96][0x89][0xe4][0xd4][0x93]d[0x5]/"[0xa3][0xd2][0xb6][0xe8][0x19][0xba]{9L[0xc][0x90][0xf6]r[0xd0]kr[0x6][0xd1][0xca][0xa4][0xde][0xb4][0x84][0xa9][0x8e][0x92]sbIjz~Qfj[0xb1][0x92]U4[0xca][0x8c][0x16]"[0xc1][0x5][0x4][0x9b]`[0xc][0xf0][0x17][0x14][0x9b]($%[0x16][0x81].[0xdd][0x81][0x8e]C[0x1b][0x13]{>[0xb3][0x89][0x1][0xd2][0x15][0x11][0xb4]Mc&[0x88]>[0x14][0xf5][0xbb][0xd2]&[0x6][0xc8]k[0xf2][0xf3][0xf3]*[0x1][0x0][0x0][0x0][0xff][0xff]"
05:47:32.984 [main] DEBUG org.apache.http.wire -  << "[\r][\n]"
05:47:32.984 [main] DEBUG org.apache.http.wire -  << "3DE[\r][\n]"
05:47:32.984 [main] DEBUG org.apache.http.wire -  << "[0xa2][0xd9][0x19]T&[0x6]H[0xc3][0x9f][0xc4][0x87][0x18][0xd2]<[0xf][0xf1]-[0x2][0xa4]1M[0xb2]l"r:[0xc2][0x0]i[0xa5]>l[0xd7][0x18]d76[0x8e]u[0xbd][0x81][0xa5][0x99][0x89][\n]"
05:47:32.984 [main] DEBUG org.apache.http.wire -  << "[0xa9][0xf9][0xc5][\n]"
05:47:32.984 [main] DEBUG org.apache.http.wire -  << "E[0x90][0xc1]J[0x85][0xbc][0xd4][0xe4][0xd4][0xe2]b[0xf0][0xd8]eRi[0xb1]BZizfb[0x89]Bb^fn&[0xd2][0xb0][0xa5][0x11][0xa8][0xcb]I[0xcc][0xfc][0x96][0x1][0xd2][0x82]~[0xda]z[0x1c][0xd1][0x96]'[0xcb][0x1e][0x12][0xa2][0x12][0x91][0xfa][0x91]v.[0xc1][0x86][0x83]q[0xec]Pp[0xad]P(,ML-J[0x4][0x9d][0x1e]Y[0x4][0xe][0xde]b[0xa4][0xf0]$[0xf6][0xd4][0x11][0x13][0x3]SD[0xab][0x89][0xc6][0xfe]DZ[0x91][0xe][0xdf]Y[0x4]^[0x98][0xad][0xe0][0x9c][0x9f][PZ[0x2]>[0xa2][0x3]u*[0xd4][0xb1][0xb8] [0xb5](3[0xbf]([0xb5][0x18]r6e~rrbjrbI[0xa6]Ba)y[0xc9][0x7]y[0xa5]:[0xcd]f[0xcf][0xa9]8ol[0x0][0xda][0xe3][0x4]m[0x19][0xd2]r[0xe9][0x92][0x19][0xa2])DSk[0x10][0xd5][0x15]M[0xad]Aj[0x1d]![0x1d][0xa5][0x3][0xde]h[0x81]#C9[0x96]B'SRs[0x15][0x8a]R[0xb]RsrR[0xf3]RJ[0x91][0xf3][0x14][0xf1]e[0x14][0xd2][\n]"
05:47:32.984 [main] DEBUG org.apache.http.wire -  << "u[0xcf][0x0][0xf]?W[0x5]CS[0x85][0x80] [0x8c][0xea][0xd9][0xc3][0xd5][0xcf]=[0xc0][0xdf][0xf][0xd1][0x0]4[0x1][0xd5] D[0x95][0x83]H[0x7]S[0xd2][0xcc][0xe][0xa4]U[0xe9][0xb4][0xb3][0x3][0xb1][0xea][0x8b][0x86][0xf3]0&[0x6][0xe6][0x88][0x85]:[0xb4][0xb5][0x7])[0x85][0xd3][0xee][0xf2][0xc][0x13][0x3][0xd0][0xbe]oX[0xb9]@K{@[0xa7]tA[0xed][0xa1]q[0xfd][0x80][0xb4][0xc6][0x9e]f[0xa9][\r][0xb4]5[0x1f][0xea][0x1b][0xda][0xd9][0x81]Hi[0xb4][0xb3][0x3]Q\[0xf][0x9e][0xa1]<[0xa4][0xcd][0xb][0xb4],[0xdc]A[0xa7]F@[0xe3]p[0xf0][0xf8][0x1d][0xe9][0xe][0xe][0x9c][0xd9][0x4]Q[0xcc][0x13][0xdf]8[0xa4][0xd7]N[0x0][0x13][0x3][0xcb][0xc1][0x98][0xa4][0x90][0xf]4$[0xba][0xeb]FV8#[0x9a][0xfb][0x83](Q[0x91][0xd3]6'[0xc3][0xf7][0xe0][0xde][0xc2]`[0xcb]R[0x86]H'1[0xe2][0xcc]R[0x18]sNd[0xf9][0x1e]Q`[0x13]o[0x11]9[0xbd]vC[0xd0].[0xf2][0xc1][0x17][0xce]H[0x8d]e[0xa2][0xf3][0x18]y[0xde]Gd2Z[0xd5][0x8c][0x86][0xa0]c[0xe8][0xa0]AL[0xeb][0xc8]D[0xe4][0xce][0x80][0xa2][0xfc][0x94][0xd2][0xe4][0x12][0x5][0xc7][0xd2][0x9c][0xcc]D[0x5][0xcc][0xbd]%[0x99]y[0x99][0xb0]}%[\n]"
05:47:32.984 [main] DEBUG org.apache.http.wire -  << "[0x89]p5[0xd0][0x11]9"[0x87]b[0xc][0x91]f[0xca][0xe8]c[0x1f][0xa2]eN[0xe3][0x90]D[0xda][0xb0]E[0x1f][0x9f]!2<}[0xec]CT[0xad][0xf4][0xb1][0xf][0xd1][0x7][0xa1][0x8f]}[0x88][0x12][0xc4][0xa9](19[0x15][0xdb]UV[0xbe][0x89])[0xa9][\n]"
05:47:32.984 [main] DEBUG org.apache.http.wire -  << "[0xf9]i[\n]"
05:47:32.984 [main] DEBUG org.apache.http.wire -  << "[0x19][0x99][0xe9][0x19][0xa0][0xa1][0xab][0x9c][0xcc][0x92]J[0x85][0x82][0xd4][0xc4][0xa2][0x1c][0xe4][0xa2][0x4][0xb4][0xdb][0x88][0x98][0xee][0xaf][0xa1]![0xa2](q[0x9]sQ[0xf0][0xce][0xcc]M-).U[0xc8][0xcb]W[0x88]L[0xcc]L[0x2][0xad][0xbb]F[0x1d]IB[0xd4][0xb][0x86]F[0x6][0xa8]C[0xe0]x[0x86][0xd7][\r][0x91]vt[0x81][0xac][0xf1]-MO[0xcd]S[0x8])J[0xcc][0xc4]\[0xb6][0x8f][0xc7][0x6][0x3][0xdc][0x3][0xf8][0x86]H[0xb7])[0xd1][0xc8][0x6]P[0x98]BKDZ[0xd9][0x80]()he[0x3]b^e[0xd0]4[0xcf][0xc][0x91][0xa6][0xff][0x7][0x91][0xa3][0x10]yq[0x10]9[\n]"
05:47:32.984 [main] DEBUG org.apache.http.wire -  << "1[0xc4]M[0xe3][0xaa][0x4][0xe9][0x4]D[0xec][0xde][0x1f][0xd0]%8[0x86]H[0xd3][0xef][0xd8][0x9d][0x87](E[0xe8][0xb6][0x4][0xc7][0x10]i[0xaa][0x1e][0xbb][0xa3][0x6]8[0xcc][0x10][0xb5]'v[0xe7][\r]H[0x98]![0xaa][0xd8][0xf4][0xc4][0xdc][0xcc]<[0xcc]+[0xb6][0xd2][0xf2][0x8b][0x14] R[\n]"
05:47:32.984 [main] DEBUG org.apache.http.wire -  << "[0x5][0xa5]E[0x5][0xf9][0xc5][0xe0]#[0xe1][0xa0]m>[0xa2][0x7][0x0][0xc][0x8d][0x11][0xf9][0x99][0xc6]Y[0x7]i[0xa6]_[0x1]c[0xa4][0x1a][0xa3][0xa3][0x85]\k[0x13][0xbb]A[0xda][0x10]iB[0x9e],[0xcf][0x10][0xdb]T6F4[0xcd][0xc9][0xb2][0x87][0xf8][0xe8]A[0xda][0xa3]Jk[0x9b][0x10][0x95],[0xad]mBT[0xb6][0xb4][0xb6][0x9][0x91][0x8b]hm[0x13][0xdd]j [0x92]f[0xe6][0xc1][0x87][0xe][0x10][0x9d][0x95][0xa8]8[0xaf]h[0x88]4[0xb1]O|[0xd0]#JZ[0xe2]s[0x8][0xa5][0x13][0xf6]$[0xd8]D[0xb7][0xa2][0x92]n[0x93][0xe6][0x86]H[0x93][0xe6][0xc4]G[0x13][0xd1][0x9][\n]"
05:47:32.984 [main] DEBUG org.apache.http.wire -  << "i%[0x91]![0xd2][0xcc]8[0xd4]&,[0xcb][0x89]r[0x12]+[0x15][0xca]3K2[0x14][0xb2]R[0x8b][0x8b]A[0xbd]-p[0x2]F$[0xb][0xfc][0x8d][0x16][0x14][0xeb][0x10][0x85][0xc][0xa4][0x96][0xc4][0xa8]r[0xa8]T[0x81]"M[0xa0][0xf][0xb5]e[0xa1][0x86]f[0xa4][0x94][0x8f][0xe0][0xa8] :[0xea][0xa9]Y[0x96] [0x9d][[0x7]M:[0x98]'W[0xc1][0x1b][0x10][0x3][0xe8]L[0xc4][0x98][0x1]"
05:47:32.984 [main] DEBUG org.apache.http.wire -  << "[\r][\n]"
05:47:32.985 [main] DEBUG org.apache.http.wire -  << "50[\r][\n]"
05:47:32.985 [main] DEBUG org.apache.http.wire -  << "[0xf6][0x86][0xe4][0xc0][0xb6]s[0x91]f[0xf4][0xa1][0xa1]Ht[0x6]D[0x8a]u[0xe2]s [0xd2][0xec]>[0xf6][0xe0] 6[S3)[0x99]c[0xb4]r[0x88][0xe][0x4]b[0x9d][0x8b]\[\n]"
05:47:32.985 [main] DEBUG org.apache.http.wire -  << "![0x9d][0x87]7[0xe4][\n]"
05:47:32.985 [main] DEBUG org.apache.http.wire -  << "[0x7][0xa4][0x15][\r][0xd0][0xf4]2(s[0x1d][0xe6][0xbd][0x9c][0xb4][0x8d][0xd1][0xa1]Qd"m?&5[0xe1][0x1][0x0][0x0][0x0][0xff][0xff]"
05:47:32.985 [main] DEBUG org.apache.http.wire -  << "[\r][\n]"
05:47:32.985 [main] DEBUG org.apache.http.wire -  << "56B[\r][\n]"
05:47:32.985 [main] DEBUG org.apache.http.wire -  << "J[0xcc]KO,Q[0xc8]N[0xcd]KN[0x4]w;[0xa1]]J[0xf0]$[0x1e][0xce][0xb1]S[0xaa][0xe6]QD9:[0xa8][0x13][0x1e])M[0xfe][0x81][0xab][0x95][0xcc][0x11]}[0xd5]![0x97][0x12]HZ[0x1c]4pA[0x8c][0xb4][0xb2]h0'X[0xa4][0xc5]IC/% [0xa6][0xd4]h6[0xb5]k[0x81][0x18][0x8][0x84]F#[0xe6][0xdd][0x9e][0xf0]ff^[0xbe][0x2]z[0x82][0xc3][0xdf]4[0xa2]f[0x9]i[0x81]Q[0x9]a[0xba][0x14][0xd1]\[0xc1]7[0xaa]EUW![0xfa][0xc7][0x1e][0x5][\n]"
05:47:32.985 [main] DEBUG org.apache.http.wire -  << "a[0x99]e[0xf9][\n]"
05:47:32.985 [main] DEBUG org.apache.http.wire -  << "[0x91]FF[0x18][0xfd][0xae][0xdc][0xd4][0xdc][0xcc][0x9c][0xcc][0xec]L[0x85][0xe2][0x82][0xd4][0xe2][0xcc][0xb4][0xcc][0xec][0xc4][0xe2]L[0x85][0xca][0xc4][0xbc]t[0x85][0xc4][0x82]L[0xd0])l[0xd0][\n]"
05:47:32.985 [main] DEBUG org.apache.http.wire -  << "[0xc7][0x18]4[0x8f]F[0xec][0xba]}C[0xa4]U[[0xd0][0xc8][0xa3]i3[0x0][0xf3][0xa4][[0xda]Z[0x87]([0xc4][0xa1][0xbe][0xc3][0xd3][0x16][0xc3][0x92]4[0x89][0x1f][0xe4] [0xfa][0xb8][|[0xdd]tc[0xa2]Gl[0x89]Y[0xd7][0x86]/[0xcf][0x91][0xe0]1[0xc4][0x80][0x0][0xe1] D[0xcf][0xda][0xf8][0xad][0xa1]f&[0x2]]`[0x0][0x9d]M[0xc5][0xef]L*[0x85]?F[0x99][0x87]'a[\r]`[0xa8]`[0x14]x8[0x9c]I[0xa5]PA[0x94]d[0xf8]#!#[0xb1][0x18][0xa3][0x1a][0xa0]cZ[0x19][0x1a][\r]e[0xa4][0x9b][0x9c][0xb1][0xf][0x4][0xc][0xe8][0xb8][0x8]x[0xdb][0x5]4[0xc7][\r]J[0xe7]![0xca]-[0xec][0xce]CT[0xf4]tk[0x80][0x18]![0x9d]A[0x82][0xdd]Q[0x3][0x1c][0xa5][0x88][0xe2][0x2][0xbb][0xf3][0x6]$[0xcc][0x86]D[0xa1]b[0x84]t[0xc8][0xc8] .[0xfb][0x8c][0x90][0xd6]ab[0x8f][0xe2][0x81]M[0x81]H[0x8b])![0x97][0x8f]Av"b[0xbb][0xc][0xcc])'1/%[0xb3]$3[0xb3]X![0xb9]4[0xa7] Q!5/3[0x17][0xb4][0x91]5[0x11]i[0xc3]%[0xe8]T^[0x9c][0x83]/H#[0x8e]FH[0xc7][0xe0][0xf][0xca]pA[0xf4][0xe3]h[0xb3][0x94][0xcb][0xc8][0x10][0xd1][0xa2][0x19][0x94][0x1]@l)@[0x95][0x96][0x8c][0x11][0xda]:F[0xea]/04BZ[0xc2]8[0x98][0xcb][0xb][0xa4]u[0x90][0xf8][0x9d]I[0x9d]pGZ[0x14]I[0x17][0xeb][0x10][0xd3][0x1a][0xbe][0xa0][0xc5][0xe0][0xc1][0xf9][0xc9][0xc9]X[0xf6];'[0xe7]'%*$[0x17][0xa5]&[0x96][0xa4][0xc2][0xd6][0x8b]#jBcb[0xfb][0xda]FH[0xe7][0xdb]S[0xc9]6C[0xdc]+X[0x8d][0x8c][0x10]E[0x6][\r]No0BZeIjL[0x91]3-f[0x84]y[0xd6][0x12][0xe6][0xd8][\r][0xbe][0x1e]/[0xfd][0x1a]yH[0xf7]eCC[0x6][0xd3][0xa5][0x88][0xe4]C[0xa7]Q&#[0xa2]/"[0xa0]RFF[0x8c][0xf2][0xf][0xc6][0xea][0x84][0xe8][0x83][0x9d][0xa8][0x13][0x1a]H[0xeb]KiT}#-[0x16][0xa5][0x95][\r][0x88][0xf2]dP[0xc6]([0xa1][0xbe][0xcb][0xc0]6l[0x91]VqR[0xfb]@ #[0xa4][0xe5][0x9b][0xd4]7[0x9b][0x94][0x11][0xd4][0x1][0x1b][0xe8]2[0xa2][0xdb]zO#[0xa4][0xbb]J[0xa0][0xa5][0xbb][0xa9]BpNf.[0xc6]x=[0xbe][0xca][0x8][0xff]X[0x17]r[0xbf][0x4]tA[0xf4] [0x1e]e1A[0xf4][0x1a]`[0xa1][0x81]= [0xa8]S[0x8e][0x9a][0x12][0xca][0xe4][0x88]z[0x95]~[0xf5]=[0xe6][\n]"
05:47:32.986 [main] DEBUG org.apache.http.wire -  << "=[0x1c][0x83][0xac][0xa0]QOJ&[0x19][0x8c][0x90][0xd6][0xcc][0xd1]#[0xb4][0x91][0xe][0x9f][0x19][0x8c]%>[0xd2]1[0xe8])[0xa9][0xc5][0xf0][0x13]ou[0x94]pm1[0xc3][0xd7][0xd4]B[0xce]sH[0x13][0x9a]T6[0x18][0x91]|iTI#[0x9d][0xf5]@e[0xa7]#[0xc6][0xcc][0x7]eZ@TS[0xd8][0x9d]7[0x10][0x5][0x3][0xd2][0x9c] vG[\r]l[0x93][0x4][0xe9][0xc][0xb][0xec][0xce][0x1b][0x90]0C[0xb4]2[0xf1][0x17]q[0x14][0x17][0xa6][0x96][0x88][0xaa][0xb][0xbb][0xf7][0x7]8v[0x10][0x3]^[0xd8][0x9d]7 [0xb1][0x83][0xe8][0xd5][0xd1]:v[0x8]e[0xe8][0x1][0x8d][0x1d]c[0xa4][0x3][0xf2][0x7]M[0xec][0x18]#[0x9d][0xcc]A[0x9b][0xea][0xc5][0x98][0xe0]A[0x19][0x3][0x1c]+[0x88][0xe4]I[0xab][0x0]@$K[0x1a][0xd9][0x80]4[0x3]B+[0x1b][0x10][0x83][0x9e]4[0x18][0x18]4F:5[0x2]{[0xd6][0x18][0xd8]42[0xb8][0xe7]9[0x8c][\r][0x7]a[0xb1]o[0x8c]e[0xae][0x82][0x86]}^c[0xa4]9[0x87][0xc1][0x98][0x82][0x8c][0x10][0xf9][0x7][0xbb][0xf3][0x6][0xa0]f6F[0x9a][[0xa0]Q[0xb1][0x81]4[0x9f][0xe0][0x91][0x9a]XV[0xa9][0xe0]RZR[0xa9][0x0]=u8 '[0xb1]$[0x15][0xa3][0xe7][0xef]XZ[0x92][0x9a][0x8b]~[0xd4]pQjQi.[0xd2][0x14]-[0xfe][0x5][0xf2]H[0xfd]2c[0xa4])[0x7][0xc7][0xf2][0xd4][0xe2][0xfc][0xdc]T[0x85][0x80][0xc4][0x82][0xd4]"[0x5][0xe7][0xfc][0xc4][0x12][0xc][0xcb]][0xf3][0x8b][0x15]2[0xb][0x8a]Ks[0x15]2K[0x12][0xb]KS[0x15]r[0x12][0x93][0xf2][0x8b]2[0xf3][0x8b][0x13]s[0x15]R[0xc1][0x2][0xa9]%[0xa0][0xe9][0xe2][0xcc][0x12]r[0x1c]cj[0x8c][0xe8][0xcb][\r][0x9a]T`[0x8a]4[0xca]H[0xdb][0xf6][0x99])[0xd2][0x98][0xe3] [0xf2]>[0xa2]v[0x1e]<[0x8e]B[0x1a][0x9a][0x1c]D[0x8e][0x1a][0x84]e[0x98])[0xc1][0xb1][0xce][0x1](XM[0x91]N[0xdb][0x1f]D[0xd1][0x87]h[0xe8][0xe]"G[\r][0xc6][0xdc][0x87][0xb4][0x9f]~[0xf0][0x84][0x14][0xd2][0xd5][0xdd][0x8e][0xa9]E[0xf9])[0x95]y[0x89][0xb9][0x99][0xc9][\n]"
05:47:32.986 [main] DEBUG org.apache.http.wire -  << "[0x90][0xb5]NN[0xf9]%%9[0x98]u)h[0x15]S~^*d[0x95][0x13]x[0xa9]S^fFf[0x8e]Br~QQiAI&[0xe4][0xca][0xd1][0xd4]b[0x85][0xdc]D[0xc8][0xc9][0xec][0xa9][0xe4][0xd5]k[0xa6][0x88][0xa4]E[0xdb]*[0xc4][0x88][0xe0][0xf5][0xbd][0x3][0xda]Q0"[0x98][0xf1][0x7][0xd8]y[0x84]r[0xdb][0xc0]:[0xf][0xe9][0xb8][\r][0xec][0xf9]n[0x80][0x9d][0x87][0x18]f[0x1c][0x94][0xce]C[0xf4][0x2][0xf1]gB*M[0xab][\r][0xee][0xc1]}[0xa4]c=[0xb0]G[0xd6][0x0][0xb4][0xb][0x8c][0xe8]v[0x2][0x88][0x11][0xd2]1[0xe][0xbe][0xf9][0xa5][0xc5][0x98]U[0x3][0xbe][0x99]fb[0xe7][0xbc][0xcc][0x10]I[0x80][0x86][0x96] [0xea][0x16][0xda]tR[0x8d]0[0xf]k[0xc0]1[0x17]K[0x9d][0x8c][0x83]tV[0x3]u[0xa7][0xdb][0x90][0xce][[0xa0][0xb2][0xc1][0x84][0xb6]E[0xc]l[0xb9][0x8c]t*[0xc1][0xe0][0xc9][0xea][0xe6][0x88][0xae]>[0x8d][0x92]-[0xd2][0xb1][0x3][0xd8][0xbd]=[0xc0][0xb1][0x82][0xc8][0xb7][0xd8][0x9d]7[0x10][0x5]0[0xd2][0x6]}[0x1a][0xc5][\n]"
05:47:32.986 [main] DEBUG org.apache.http.wire -  << "[0xe6]6z[0xcc][0x85][0x9c][0xf8][0xca]^#KK[0xd4]#m[0xf1][0x1c]8k[0x84][0xb4][0x19][0x9e]V[0xde]Ad}h[0xa3][0x82][0x86][0xde][0xb1]D[0xd4]'P[0xcb]p[0x14][0xc4][0x94][0xce][0xe3][0x1a]#[0xed][0xa9][0xa2]M[0xc0][0x19]#[0xdd]}[0x8c]=[0xf9][0xf]h[0xee]4[0xa6][0xf9]^[0x5]c[0xa4][0xb5][0xd7]4[\n]"
05:47:32.986 [main] DEBUG org.apache.http.wire -  << "b[0xa4]5[0xd3][0xa4][0x6]1[0x0][0x0][0x0][0xff][0xff]"
05:47:32.986 [main] DEBUG org.apache.http.wire -  << "[\r][\n]"
05:47:32.986 [main] DEBUG org.apache.http.wire -  << "662[\r][\n]"
05:47:32.986 [main] DEBUG org.apache.http.wire -  << "J,[0xc9][0xcc]K/V[0xb2]B[0xcf]\T[0xdc]]ll4[0x8][0xb]@[0xe3][0xc1]}[0xa6][0xae]1[0xd2][0x9a]g[0xec]Q:[0x0][0x95][0x86]1[0xd2]2iZ[0x9d][0x87]a[0x8c]t!.[0xed][0xec]@,^[0x81][0x15][0xaf][0xb4][0x9c][0x91]C[0x9a][0xec]@[0xba][0xb][0xd1]'3/5[0xf][0xc7][0x85][0x93]a[0xf9]9[0xa5][0x5]%[0x89][0xc5][\n]"
05:47:32.987 [main] DEBUG org.apache.http.wire -  << "e[0xa9]y[0x99][0x89][0xb9][\n]"
05:47:32.987 [main] DEBUG org.apache.http.wire -  << "[0x89]9[0x99][0x85][0xa5][0x99])8[0xa7]ZLp[0xef]d1F:k[0xd7]5/[0xbf](7[0xbf][0xb4]X[0xc1]7[0xb1]()'[0x15][0x87][0xe5][0x9e])[\n]"
05:47:32.987 [main] DEBUG org.apache.http.wire -  << "e[0x10][0xfb]K2A[0xb7][[0x96]e[0x96]$[0xa6]*[0x14][0x97][0x16]'g[0x16]d[0xc2][0xee][0x93]+VHLR[0xc8][0xc9]LJ-[0xca][0xc7][0xe9]*[0xf4]2[0x5]y6[\n]"
05:47:32.987 [main] DEBUG org.apache.http.wire -  << "i[0xae][0xc5]3[0xaf]$5''3=5[0xaf]D[0xc1][0xbd](1/[0xb3]$U[0x1][0xc7]0^`i[0xa6]Bqi^[0x89]Bn~NjqIfb*[0x9c]U[0x8c][0xe3][0x82];[0xe2]'[0xc8][0x8]N[0xca][0xc]lE[0x85]4[0x13][0xe2][0x96][0x98]W[0x92]X\[0x92][0x99][0xac][0xe0][0x9c][0x9f][0x97]\[0x94]Z[0x82]+*[0x83][0x10]w[0xfe])[0xa4][0x82][0xd2]Rj[0x89]Bai~[\n]"
05:47:32.987 [main] DEBUG org.apache.http.wire -  << "[0xe8][0xa6][0xc9]D[0xe8][0x98]g.hv/1%[0xb3] [0xb3]8[0x19][0xf9][0xfa]I[0xd4][0x80][0xc3]s[0x9f][0x80]1[0xd2][0xa2]n[0xec]e[0xd5][0x0][0x7][0x1c]b[0xb4][\n]"
05:47:32.987 [main] DEBUG org.apache.http.wire -  << "6[0xf1][0x9][0x9d]w[0xf5][0xce][0xcb]L[0xc3][0x1c][0x10]pJM[0x4]%xh[0x9e]S[0xc0][0x93][0xed][0xf0]%p[0xa4][0xb5][0xdd][0x83]2P[0x10]cd4j[0x94][0xc][0xee][0x11]`c[0xa4][0xfb][0x93][0x7]c[0xfc][0xc][0xee][0x11]`c[0xa4][0xf3][0x8f]}2[0xd3]3J[0xca]SA[0xa4]Bx~~[0x8e][0x82]sFbf[0x11][0xc6][0x82][0x2][0x1f][0xd0][0xfa][0x81]Tx[0xcd][0x92]Z[0xac][0x90][0x4][0xdf][0x82][0x8e]T[0x83][0x80][0x9a]e8[0x1b][0xa5][0xc8][0x15][0x8][0xd2],[0x10][0xf6][0xf8][0x1b][0x88][0x6][0x92])[0xcd]s[0x95])[0xa2]g[0x98][0x9b][0x98][0x99][0x97][0x98][0xa7][0x90][0x98][0x97][0x8]:[0xbf][\n]"
05:47:32.987 [main] DEBUG org.apache.http.wire -  << "u[0xd9]~qIjjQf^[0xba]ByFjj[0xe]"([0x88][0xde]:c[0x8c]4[0x93][0x85]=|[0x7][0xb6]PG[0x1a]@[0xc6][0xee]<[0x84][0x9f][0xe9][0xb6][0x97][0xc5][0x18]i/[0xb][0x8d][\n]"
05:47:32.987 [main] DEBUG org.apache.http.wire -  << "U3[0xc4]([0x4][0xad]l@[0xd4][0x96][0xd4][0xbc][0xf6][0x8][0xcf]^kc[0xa4][0x9d]2[0xc5][0xa5][0xc5][0xa5][\n]"
05:47:32.987 [main] DEBUG org.apache.http.wire -  << "[0xd9][0xa5])[0x89][\n]"
05:47:32.987 [main] DEBUG org.apache.http.wire -  << "9[0x99][0x89][0x98][0x85][0x8]X[0x1a][0x9a][0xe0][0xa1][0x7][0xb6]Y[0xa2][0x9c][0xfa][0x85][0xaf][0x99][0x82]t[0xee]4m[0xb3][0xe][0xd2][0x94][0x3][0xb4]{a[0x86]Q[0x1c][0xc2]G[0xbe][0xd0]w[0xfd][0x19][0x12][0x9f]E[0x91]f[0x1d]h[0x95][0x18][0x10]=wp[0xd0]S[0x10]3[0xf8][0xda]JH[0xf3][0xe][0xd4]Ls[0xf8][0xac]D[0x9a]{[0x80][0xc6][0x11][0xad]F[0xd8][0x90]Nc[0xa6]Q,![0x9d][0x99]L[0xcb]XB[0x9a]][0xa0][0xa9]5[0xb4][0x9e]/0F[0x9a]/[0x0][0x95]%[\n]"
05:47:32.987 [main] DEBUG org.apache.http.wire -  << "[0x89][0x95][0x89][0x98][0x1b]P[0xc1]^[0x4]I#*[0x12][0xd4][0xa2][0x6]o[0xea]B[0xd4][0xd2][0xb4]N][0x88][0x1c]J[0xab][0xd4][0x85]X*Ac[0xbf] [\r][0xe2][0xd3][0xda]&D%G[0xa3]PC[0xda][0x5]Ik[0xbf] [0xda][0x9c][0xd8][B[0x3][0xdb]PC:[0xb3][0x14][0xbb][0xf3][0x10][0xf9][0x8b]~[\r]5[0xb]D[0x9a][0xa6]Q[0xfc]#[0xed]^[0xa4][0x95][\r][0x88]E[0xa8][0xf4][0xaa]4[0x9][0xee]y[0x1c][0xd8][0xa4]FpO"[0xae][0xa4]f[0x8c]6|J[0xcd][0xc9][0xf]K[0x9a]WgH[0xd7][0x89][0xd3]*[0xa9]![0xaa]3Z[0xd9]@[0xf3]j[0xc][0xd4]M[0x80][0x1e][0x5]A[0x1b]?[0x98][0x80]N[0xb2][0x82][0xda]@[0xdb]"[0xdf][0x4]i[0xff]$[0xd2]f[0x12][0xe8][0xa0]>[0xf6][0xe1][0x17][0xd7][0xcc][0xd2]b[0x85][0x82][0xd4][0xa2][0xe2][0x82][0xcc][0xe4][0xcc][0xc4][0x92][0xcc]b[0xd0][0x10]0[0xd2][0xb8][0xb]([0x99][0x12]3[0xee]bB[0xf3]m[0x92]&4[0x9f][0x92]6A[0xda][0x88][0xe9][0x9e]_[0x94][0x9e][\n]"
05:47:32.987 [main] DEBUG org.apache.http.wire -  << "[0x9a][0x12][0x9][0xcf][0xcf]OI[0xcd]Sp[0xc6][0xd2][0xeb][0xf4]O[0xc9],A[0xac][0x14][0x86][0xcd][0x8d][0xa4]"o[0xc3][0x1]-[0xb2]#.[0xf8]h][0x1c][0x98] [0xcd][0xb7][0xd3]:[0x19][0xd2]:[0xd3][0x9a][0x18] [0xea]i[0xfc]~[0xa1][0xca][0x82]4[0x13][0x9a][0xef][0x1e]5A:([0x93]F[0xa5][0x10][0xd2][0x6]RZ[0xd9][0x80]h<[0xd3]%R[0x10][0xa9][0xc]{[0x3]r@[0x1b][0x1d]&Hg.bw[0x1e][0xae]F[0x7]z[0xff][0x91][0x8a][0x8d][0xe][0x93][0xc1][0xb8][0xc9][0xd2][0x14]sX[0x8c]FC.[0xa6]X[0x6]wh8[0xbf]o[0x8a]4[0xc2][0x13][0xe0][0xac][0xe0][0xee][0xe8][0xeb][0xe9][0xe7][0x8e]1[0xe0][0x17][0x1c][0xe0][0xea][0xad][0xe0][0xe1][0xe9][0xee][0x81]H[0xf][0x96][0xa0][0x16][0x3]1[0xb5][0x86])[0xd2]Z[0xba][0x80][0xc4][0x9c]D[0x9f]|[0x1f][0xcc][0xcb][0xe0]q[0x8e]([0x1a]YZ[0x82][0x16]U[0x10]g[0x11]b|[0x99][0xc6][0x16]![0x96]`[0xd0][0xa9][0xf7]b[0x8a]t[0x9][0x8d][0xfd][0x86]h.[0xd3][0xc9]o&H[0xfb][0xf2][0xf1][0x97][0xc9][0x94].[0x18]41D4`[0xb0][0x97]w[0x3][[0x1c]#-[0xe7][0xc3][0xee]<D[0xf6][0xa3][0xdb]p[0x83][0x9][0xd2][0xe6]o[0x1a][0xd5][0xc9]H[0x9b][0xbb]i[0x1c][0xff]H[0xab][0x19]im[0x13]b`[0xb][0xbf]M[0xd4]i[0xfc]![0x1d][0xf1]J[0xab]HB[0xb4]d[0xf0]{[0x88][0xe2]L[\n]"
05:47:32.987 [main] DEBUG org.apache.http.wire -  << "[0x9a]E[0x87]vEi[0xe4][0x17][0xa2][0x8f][0x80][0xa5][0xd8]/H+!i[0x1c]jH[0xcb][0x1b]a6[0xd1][0xb0][0xd9]`[0x2][0xaa][0x94]i[0x1c]I[0x88]J[0x16][0xe6]![0x8c]v[0x9][0xbc][0xd9]@[0xc9][0xd9][0x8a]&HK[0x1c][0xb1][0x17][0xbb][0x3][+ [0xad]6[0x1c][0x94][0xce]Cts[0xb1];o *-[0xa4][0xf5][0x86]4*C[0x90][0xd6][\r]B[0x93]'i[*[0xe8]W[0x81]#[0x9d][0xad][0x80][0xd3][0xa5][0x88]8[0xc2][0xb7]k[0x90][0x9a][0xbd]<[0x13]DG[0x1c]{[0xb2][0x19][0xd8]L[0x87][0xb4]C[0x9d][0x6]'e[0x99][0x80].'[0xa1]m[0xf1]9[0xb8]W0[0x9a][0x10]\[0xc1][0x88]H[0x91][0xf4][0xcb])[0xa6][0x6]:J[0xd0]X[0xc1][0x99]S[0xf0]U9tt)b[0xfe][0xc][0xa7]K[0x11]!H[0xaf]<[0x8d]t[0xe2][0x86][iQ^fIiQ[0xaa]BH~[0x1]F[0xbd][0x8d][0x90]MI,[0xca]T[0xf0]J-H,[0x2][\r][\n]"
05:47:32.987 [main] DEBUG org.apache.http.wire -  << "@[0x97]E[0x19][0x82]R[0x7]1]~[0x13][0xa4][0x85][0x94]4*[0xe7][0x91][0xce][0x9d][0xa6][0x95][\r][0x18]][0x5]Jj[0x12][0x1a]N[0x7][0x9a][0x98]"[0xc6][0x6][0x6]S[0xaa]C[0xf4]L[0x10][0xe9][0x8a][0xa6][0xa9][0xe]i[0xfd]&U[0xb7]h[0x9b] [0xad][0xc1][0x84][0x6]0[0x8d]F[0x19]M[0x88]>O[0x9c][0xe2].[0x10][0xd2][0x2]IZ[0xfb]ip[0x8f][0xee] [0xad]x[0xa4][0xf6]][\r]&f[0x88]<0[0x18][SHc[0xda][0x83][0xd2]y[0x88][0x81][0xe3]A[0xe9]<DO[0x18][0xbb][0xf3][0x10]5=[0xfd]Z H[0xeb][0x10]i[0xd1]@6GT5[0xd8][0xfd]<[0xb0][0xdd][0x3][0xa4][0x13][0x8][0xb0];o [0xa2][0x4]i[0xa2][0x5][0xbe]Y[0x12][0xb2][0xa9][0x5][0xdb]![0x99][0x8e][0xc9][0xc9][0xa5][0xc5][0x89]y%[0x99][0xa5][0xb9][\n]"
05:47:32.987 [main] DEBUG org.apache.http.wire -  << "[0xf9][0x5]%[0x99][0xf9][0xd0]-u[0xc5]H[0xb]+P[0xb7][0xd1][0xa1]O[0xfa]![0xed]h1E:[0xb5]$[0xb8]2/[0xb5](=[0x13][0xbc][0xc5][0xf][0xba]0!8#?[0x15]t[0xf5][0x17][0xea]>[0xf]W[0xf0]~>[0xd0][0x9e]>2[0xed]D[0xe4][0xb][0xda][0xd6],[0xa6]H[0xc7][0x80][0xd0][0xda]&Dc0[0xa0](?[0xa5]4[0xb9]D[0xc1][0xb1]4'3Q[0xc1][0x18][0xa3][0x11][\r][0xba][0xb5][0xae][0x0][0xaa]&[0x11][0xae][0x6][0xda][0x84][0xc6][0xd7][0xe4]G[0x89]7D>[0xa3][0x8f]}[0x88][0x8a][0x8a]>[0xf6]!F[0xa7]hh_l-[0x17][0x0][0x0][0x0][0xff][0xff]"
05:47:32.987 [main] DEBUG org.apache.http.wire -  << "[\r][\n]"
05:47:32.988 [main] DEBUG org.apache.http.wire -  << "A[\r][\n]"
05:47:32.988 [main] DEBUG org.apache.http.wire -  << "[0x3][0x0]L[0xb3][0xf9][0x85]q[0xbb][0x1][0x0]"
05:47:32.988 [main] DEBUG org.apache.http.wire -  << "[\r][\n]"
05:47:32.988 [main] DEBUG org.apache.http.wire -  << "0[\r][\n]"
05:47:32.988 [main] DEBUG org.apache.http.wire -  << "[\r][\n]"
05:47:32.988 [main] DEBUG io.restassured.internal.RestAssuredHttpBuilder - Parsed data to instance of: class org.apache.http.conn.EofSensorInputStream
05:47:32.993 [main] DEBUG org.apache.http.impl.conn.BasicClientConnectionManager - Releasing connection org.apache.http.impl.conn.ManagedClientConnectionImpl@37ddb835
05:47:32.993 [main] DEBUG org.apache.http.impl.conn.BasicClientConnectionManager - Connection can be kept alive indefinitely
05:47:33.017 [Finalizer] DEBUG org.apache.http.impl.conn.DefaultClientConnection - Connection 0.0.0.0:60343<->149.248.193.56:443 closed
05:47:33.020 [Finalizer] DEBUG org.apache.http.impl.conn.DefaultClientConnection - Connection 0.0.0.0:60344<->149.248.193.56:443 closed
05:47:33.076 [main] DEBUG net.thucydides.core.steps.StepInterceptor - STEP DONE: I send HTTP GET request
  &amp#27;[32mWhen &amp#27;[0m&amp#27;[32mI send GET HTTP request&amp#27;[0m                        &amp#27;[90m# starter.stepdefinitions.UserSteps.iSendGETHTTPRequest()&amp#27;[0m
05:47:33.084 [main] DEBUG net.thucydides.core.steps.StepInterceptor - STARTING STEP: UserSteps.iReceiveValidHTTPResponseCode404 - I receive valids HTTP response code 404
05:47:33.085 [main] DEBUG net.thucydides.core.steps.StepInterceptor - STEP DONE: I receive valids HTTP response code 404
  &amp#27;[32mThen &amp#27;[0m&amp#27;[32mI receive valid HTTP response code 404&amp#27;[0m         &amp#27;[90m# starter.stepdefinitions.UserSteps.iReceiveValidHTTPResponseCode404()&amp#27;[0m
05:47:33.090 [main] INFO  - 
  _____   ___   ___   _____     ___     _     ___   ___   ___   ___  
 |_   _| | __| / __| |_   _|   | _ \   /_\   / __| / __| | __| |   \ 
   | |   | _|  \__ \   | |     |  _/  / _ \  \__ \ \__ \ | _|  | |) |
   |_|   |___| |___/   |_|     |_|   /_/ \_\ |___/ |___/ |___| |___/ 

GET - As admin I cannot get category by ID
----------------------------------------------------------------------
]]></system-out>
  </testcase>
  <testcase name="GET - As admin I can get all categories" classname="User" time="0.799">
    <system-out><![CDATA[
@TC_0021
Scenario: GET - As admin I can get all categories &amp#27;[90m# src/test/resources/api/user.feature:138&amp#27;[0m
05:47:33.113 [main] INFO io.cucumber.core.plugin.SerenityReporter - Running feature from file:///C:/Users/Lenovo/IdeaProjects/MiniProject/MiniprojectApi/src/test/resources/api/user.feature
05:47:33.113 [main] WARN io.cucumber.core.plugin.SerenityReporter - Feature from file:///C:/Users/Lenovo/IdeaProjects/MiniProject/MiniprojectApi/src/test/resources/api/user.feature is not under the 'features' directory. Requirements report will not be correctly generated!
05:47:33.117 [main] INFO  - 
  _____   ___   ___   _____     ___   _____     _     ___   _____   ___   ___  
 |_   _| | __| / __| |_   _|   / __| |_   _|   /_\   | _ \ |_   _| | __| |   \ 
   | |   | _|  \__ \   | |     \__ \   | |    / _ \  |   /   | |   | _|  | |) |
   |_|   |___| |___/   |_|     |___/   |_|   /_/ \_\ |_|_\   |_|   |___| |___/ 

GET - As admin I can get all categories(user;get---as-admin-i-can-get-all-categories)
--------------------------------------------------------------------------------
05:47:33.244 [main] DEBUG net.thucydides.core.steps.StepInterceptor - STARTING STEP: UserSteps.iSetGETApiEndpointsAllCategories - I set the GET api endpoints all categories
05:47:33.244 [main] DEBUG net.thucydides.core.steps.StepInterceptor - STEP DONE: I set the GET api endpoints all categories
  &amp#27;[32mGiven &amp#27;[0m&amp#27;[32mI set GET api endpoints all categories&amp#27;[0m    &amp#27;[90m# starter.stepdefinitions.UserSteps.iSetGETApiEndpointsAllCategories()&amp#27;[0m
05:47:33.248 [main] DEBUG net.thucydides.core.steps.StepInterceptor - STARTING STEP: UserSteps.iSendGETHTTPRequest - I send HTTP GET request
05:47:33.248 [main] DEBUG net.thucydides.core.steps.StepInterceptor - STARTING STEP: GetAllProduct.iSendGETHTTPRequest - I set the GET api endpoints
05:47:33.248 [main] DEBUG net.thucydides.core.steps.StepInterceptor - STEP DONE: I set the GET api endpoints
05:47:33.256 [main] DEBUG org.apache.http.impl.conn.BasicClientConnectionManager - Get connection for route {s}->https://altashop-api.fly.dev:443
05:47:33.256 [main] DEBUG org.apache.http.impl.conn.DefaultClientConnectionOperator - Connecting to altashop-api.fly.dev:443
05:47:33.346 [main] DEBUG org.apache.http.client.protocol.RequestAddCookies - CookieSpec selected: ignoreCookies
05:47:33.346 [main] DEBUG org.apache.http.client.protocol.RequestAuthCache - Auth cache not set in the context
05:47:33.346 [main] DEBUG org.apache.http.client.protocol.RequestTargetAuthentication - Target auth state: UNCHALLENGED
05:47:33.346 [main] DEBUG org.apache.http.client.protocol.RequestProxyAuthentication - Proxy auth state: UNCHALLENGED
05:47:33.346 [main] DEBUG org.apache.http.impl.client.DefaultHttpClient - Attempt 1 to execute request
05:47:33.347 [main] DEBUG org.apache.http.impl.conn.DefaultClientConnection - Sending request: GET /api/products HTTP/1.1
05:47:33.347 [main] DEBUG org.apache.http.wire -  >> "GET /api/products HTTP/1.1[\r][\n]"
05:47:33.347 [main] DEBUG org.apache.http.wire -  >> "Accept: */*[\r][\n]"
05:47:33.347 [main] DEBUG org.apache.http.wire -  >> "Host: altashop-api.fly.dev[\r][\n]"
05:47:33.347 [main] DEBUG org.apache.http.wire -  >> "Connection: Keep-Alive[\r][\n]"
05:47:33.347 [main] DEBUG org.apache.http.wire -  >> "User-Agent: Apache-HttpClient/4.5.13 (Java/14.0.2)[\r][\n]"
05:47:33.347 [main] DEBUG org.apache.http.wire -  >> "Accept-Encoding: gzip,deflate[\r][\n]"
05:47:33.347 [main] DEBUG org.apache.http.wire -  >> "[\r][\n]"
05:47:33.347 [main] DEBUG org.apache.http.headers - >> GET /api/products HTTP/1.1
05:47:33.348 [main] DEBUG org.apache.http.headers - >> Accept: */*
05:47:33.348 [main] DEBUG org.apache.http.headers - >> Host: altashop-api.fly.dev
05:47:33.348 [main] DEBUG org.apache.http.headers - >> Connection: Keep-Alive
05:47:33.348 [main] DEBUG org.apache.http.headers - >> User-Agent: Apache-HttpClient/4.5.13 (Java/14.0.2)
05:47:33.348 [main] DEBUG org.apache.http.headers - >> Accept-Encoding: gzip,deflate
05:47:33.649 [main] DEBUG org.apache.http.wire -  << "HTTP/1.1 200 OK[\r][\n]"
05:47:33.649 [main] DEBUG org.apache.http.wire -  << "content-type: application/json[\r][\n]"
05:47:33.649 [main] DEBUG org.apache.http.wire -  << "date: Mon, 08 May 2023 22:56:23 GMT[\r][\n]"
05:47:33.649 [main] DEBUG org.apache.http.wire -  << "transfer-encoding: chunked[\r][\n]"
05:47:33.649 [main] DEBUG org.apache.http.wire -  << "content-encoding: gzip[\r][\n]"
05:47:33.649 [main] DEBUG org.apache.http.wire -  << "server: Fly/3f2597ca (2023-05-03)[\r][\n]"
05:47:33.649 [main] DEBUG org.apache.http.wire -  << "via: 1.1 fly.io[\r][\n]"
05:47:33.649 [main] DEBUG org.apache.http.wire -  << "fly-request-id: 01GZYS934REGJFZB6T13AC3Q0D-sin[\r][\n]"
05:47:33.649 [main] DEBUG org.apache.http.wire -  << "[\r][\n]"
05:47:33.649 [main] DEBUG org.apache.http.impl.conn.DefaultClientConnection - Receiving response: HTTP/1.1 200 OK
05:47:33.649 [main] DEBUG org.apache.http.headers - << HTTP/1.1 200 OK
05:47:33.649 [main] DEBUG org.apache.http.headers - << content-type: application/json
05:47:33.649 [main] DEBUG org.apache.http.headers - << date: Mon, 08 May 2023 22:56:23 GMT
05:47:33.649 [main] DEBUG org.apache.http.headers - << transfer-encoding: chunked
05:47:33.649 [main] DEBUG org.apache.http.headers - << content-encoding: gzip
05:47:33.649 [main] DEBUG org.apache.http.headers - << server: Fly/3f2597ca (2023-05-03)
05:47:33.649 [main] DEBUG org.apache.http.headers - << via: 1.1 fly.io
05:47:33.649 [main] DEBUG org.apache.http.headers - << fly-request-id: 01GZYS934REGJFZB6T13AC3Q0D-sin
05:47:33.649 [main] DEBUG org.apache.http.impl.client.DefaultHttpClient - Connection can be kept alive indefinitely
05:47:33.650 [main] DEBUG io.restassured.internal.RestAssuredHttpBuilder - Parsing response as: application/json
05:47:33.650 [main] DEBUG org.apache.http.wire -  << "179[\r][\n]"
05:47:33.650 [main] DEBUG org.apache.http.wire -  << "[0x1f][0x8b][0x8][0x0][0x0][0x0][0x0][0x0][0x4][0xff][0xaa]VJI,IT[0xb2][0x8a][0xae]V[0xf2]tQ[0xb2]241[0xb1]0[0xd2]Q[0xf2]K[0xcc]MU[0xb2]RJI-N.[0xca],([0xc9][0xcc][0xcf]S[0xd2]QrA[0xe2]Y))[0xe9]([0x5][0x14]e&[0xa7]*Y[0x19][0xe8]([0x5]%[0x96]d[0xe6][0xa5][0x17]+Y[0x99][0xe8](9'[0x96][0xa4][0xa6][0xe7][0x17]e[0xa6][0x16]+YE[0xc7][0xd6][0xea] [0xc]6[0x86][0x1b][0xec]Y[0x90][0x91][0x9f][0x97][0xaa]`h[0xa8]`f[0xa2][0x90][0x9e][0x84]axANb[0xa5]BFb[0xb1]B^[0xbe]BNfnfI1[0xc2]:#KK$[0xb][0x8d][0xd0],[0x84][0xda]fdjb[0x8][0xb7][0xcd]=173/[0x1d][0xc3][0x12][0xb7][0xfc]"[0x85]t[0xb0][0x94]BAiQA~qj[0xb1]R-[0x8a][0x83]-[0xe0]F[0xb8][0x95][0x16][0xe5]e[0x96][0x94][0x16][0xa5]*[0x84][0xe4][0x17]`[0x9a][0x4][0x97]MI,[0xca]T[0xf0]J-H,JD[0xb8][0xd8][0xd0][0x4][0xd9][0xc5][0xa6]h.F[0xb1][0xd1][0x4]ncp~^[0xa5]B@[0xb0]![0x86]e[0xf8][0xc2][0xc6][0x4]%l[0xc][0xd1]l[0xa2]j[0xd8][0x98][0x12]v)"[0x4][0x90][0x93][0x88][0x1]-]e[0x6]w[0x15][0x15]c[0xc][0xdd][0xc5][0xc8]1f[0x89]Hf.a.[\n]"
05:47:33.650 [main] DEBUG org.apache.http.wire -  << "[0xbe][0xa5][0xe9][0xa9]y[\n]"
05:47:33.650 [main] DEBUG org.apache.http.wire -  << "!E[0x89][0x99][0xf8]r[0x8c][0xa1][0x91][0x81][0x81][0x1][0xbe]0A[0xb1][0x1][0x91][0x1f][0x13][0xf3][0x12][0xb3][0x15][0x12]+[0x13]s1[0x12]Eqiq[0xa9][0x2]H[0x1a][0x11][0xe6][0x96](i[0x1][0xaf][0x1f][0xcc][0xe1][0xa1][0x16][0xe1][0xe4][0x1f][0x81][0x99][0xe4][0x10]9[0x5]a<jR3[0xa6]a[0xa4][0x82][0xfc][0x1]-[0x90][0xb0];[0xf][0x97][0xa3][0xc][0x0][0x0][0x0][0x0][0xff][0xff]"
05:47:33.650 [main] DEBUG org.apache.http.wire -  << "[\r][\n]"
05:47:33.650 [main] DEBUG org.apache.http.wire -  << "4C9[\r][\n]"
05:47:33.650 [main] DEBUG org.apache.http.wire -  << "[0xa2][0x9d][0xa3]LA[0xd1][0x7]u[0x14]m[0xe2][0xdd][0xd4][0x0][0x91][0xb2]@[0x11]K[0xfd]x75[0xa0]u[0xca]25@[0x14][0xf9]4[0xf2][0x83][0x5][0xa2][0x8c]v*JLN[0xcd]I-[0xc1][0xc8][0x1c][0xbe][0x89])[0xa9][\n]"
05:47:33.650 [main] DEBUG org.apache.http.wire -  << "[0xf9]i[\n]"
05:47:33.650 [main] DEBUG org.apache.http.wire -  << "[0x19][0x99][0xe9][0x19][\n]"
05:47:33.650 [main] DEBUG org.apache.http.wire -  << "[0x85][0xa5][0x89]9[0x99]%[0x95][\n]"
05:47:33.650 [main] DEBUG org.apache.http.wire -  << "[0x5][0xa9][0x89]E9[0xc8][0xd5][0x8a][0x11]q[0x19][0xd2][0xd8][0xd8][0xc][0xa3][0x90]6[0xc5][0xb0][0x12]_![0x8d]Z[0x81][0xe1][0xae]1[0x8d][0x8d][0xcd],[0xe1][0x19][0xb3]$[0xb5][0x18]T[0xc5]*[0x14][0x14][0xe5][0xa7][0x94]&c[0xfa][0xb1]$#[0xb3]X![0xb3]X[0xa1]$#[0x15][0xa6]F[0x1][0xb5][0xfa][0xc6]R[[0xa3][0xe7]ZD[0xb1]cll[0x8e]H~T[0xb3][0xdb][0x10][0xad][0xd8][0xc3]][0x15][0x1a][0x1b][0x9b]#[0x12]'U[0xed]Gj;[0xe0][0xb5][0x1e][0x11][0xc9]T[0xb5][0x1e]9[0x91][0xe1][0xb5][0x1f]Q&[0xd3][0xcc]~[0xf4][0xf2][0x11]%[0xfa][0x11][0xf9][0x8a]f[0xf6][0xe3]K[0xfa][0xe6]4H[0xfa][0xe8][0xc9][0xf][0x9f][0xff]-[0xc][0xa8][0x9f][0xf5][0xd0][0xed][0xc7][0x97][0xfd][0x90]Z[0xe1]4[0xb][0xbc][0xfe]G[0x94][0xdc][0x3]c?"[0xff]y[0x4]([0xe4]f[0x96][0xe4]c/cKR[0x8b][0x92][0x12]3[0xb3][0x11]M[0x0]S3s[0xa4],[0x8e][0xd7][0x8b][0x88],FZ[0xbb][0x2]=[0xdf]R[0xaf]]mll[0x81]H[0xf7][0xd0][0x1e][0x0]%[0x95][0xb][0xbe][0x14]f[0x89][0x88][0xe1][0x80]`[0x5]L[[0xd2][0x13]sS[0x15]L[0x15][0x8a]K[0x12][0x8b][0x10][0xa1][0x8b][0xda][0xea][0xc3][0x97][0x81]-[0x11][0x11]H[0x97][0xa6][0xb8][0xb1][0x9]R[0x93][0x8c][\n]"
05:47:33.650 [main] DEBUG org.apache.http.wire -  << "A[0x87]'[0xe5][0x98] 5[0xcd][0xe8][0xe5]7Dd[0xd1][0xda]o[0x88]x[0xb](JL.[0xc9]LN[0xcc]Q[0x8][0xcf][0xcf]OI[0xcd]S[0xf0][0xce][0xcb]LK[0xc5][0xc8][0x87][0x8e]9[0x99][0x89][0xc5][\n]"
05:47:33.650 [main] DEBUG org.apache.http.wire -  << "i[0xa5][0xe9][0x89][\n]"
05:47:33.651 [main] DEBUG org.apache.http.wire -  << "[0xa5]%z[0x88][0xb4]b[0x8][0x8a][0x10][0xf8][0xc8][0x0][0xde][0xf0]D[0xe4]D[0xea][0x8d][0xc][0xe0][0xb5][0x10][0x91][0xcb]`[0x16][0x1a]Q<[0x14][0x81][0xcf]BCDu[0x2][0xb3][0x90][0xf2][0xb1][0xf][0xbc][0x16]"[0x9a]ot[0xb2][0x10]c@[0xc0][0x1c]#[0xa5][0x10][0xdf]*[0xc6][0xeb]5Dj[0x9]H[0xcc]I[0xf4][0xc9][0xf7][0x1][0x8d][0xb5][0xa0][0x8e]N[0xc1]m[0xc2]2zdl[0x8c]TA[0xe0])[0xc2]L[0xc][0x11]m rKH[0xbc][0xfe]@$BZ[0x18][0xf][0xea][0xcf]@{[0xa8]t[0xea][0x19][0x99][0x18]![0x12][0x1d]M|[0x84][0xe8][0x12][0xd0][0xc4]xD[0x19]K[0xb7][0x0]C[0x14][0xb6]t[0xb3][0x12][0x91]O[0xa9]i%[0xbe]|d[0x84][0x18][0x95][0xa3][0xa6][0x95][0xf8][0xf2][0x96][0x11][0xa2][0x8c][0xa0]q}i[0x84][0xc8][0xc5]4j[0xa8][0x9a][0x18]#*[0xf]Z[0x86][0x1f][0xac][0x19]ka[0x88]H"[0x8e][0xc9][0xc9][0xa9][0xc5][0xc5][0x90][0xd1]|[0xf4][0x19][0x80][0x92]|[0x85][0xd4][0xbc][0x8c][0xc4][0xbc][0xe4]T[0x85][0xc4][0x2][0xd0]p[\n]"
05:47:33.651 [main] DEBUG org.apache.http.wire -  << "[0x88][0x89]<[0x82]nlb[0x8c]([0x10][0x8a]S[0xb]RS0[0xb][0xea][0xc4][0xcc]J[0x90] tp[0xc2][0xc8][0x14][0xb9][0x8c]/[0x82][0x8d][0x11]e[0x1]-[0xc3][0x4][0xa9]Kl[0x2][0xaa]7[0xa0][0x5]*[0xb5]=C[0xff]b[0xc0][0x18][0x11][0xc7][0xc1][0xe0][0x98]Q[0xf0][0xc9],.)[0x2][0xf7][0xa4]P[0xab]R[0xa8]t[0xe]DZ!/=5[0xa9][0x14]4[0xfe]Dz[0x94]![0x8a][0x1][0xa8][0x99]P+[0x15][0x9c][0x12]s[0x12]1gU[0xa0][0x8a]P-VHJ[0xcc]K[0x7][0x8f][0xf1]A[0xed]7%>[0xc9] [0xca][0x4][0xba]%[0x19]D[0xb][0x82]nV"[0xca]#zYi[0x82]([0x9f][0x82]J[0x8b]K2[0x93]a[0xfd][0x5][0xa7]D[0xcc]Y[0xb7][0xd0][0x12][0x85][0xd4][0xa2][0xa2][0xfc]"[0x85][0xa2][0xd4][0xe4][0xd2][0xe2][0xc4][0xbc][0x94][0xc4]T[0x85][0x82][0xfc][0xe2][0xe2][0xcc][0xdc][0xd2]b[0x85][0xdc][0xfc][0x1c][0xd0]8gb[0xaa]Bqj[0x8a]BfnAjJ&y][\n]"
05:47:33.651 [main] DEBUG org.apache.http.wire -  << "[0xa4][0xe9]?D7[0xc6]'3/5O[0xc1])[0xbf][0xa4]$[0x7]K7[0xa6][0xb4]D[0xa1] [0xb5][0xa8][0xb8] 393[0xb1]$[0xb3]X!%?'[0xbf](U!%3[0xb9]$Q[0xa1] [0xbf][0xa8](_![0xb3][0xa0][0xb8]4W!5[0x91][0xac]^[0x8e][0x9][0xfd][0x8b],[0x13]D[0x93]&8'55[[0x1][0x12][0x2][0xee]9[0xf9]e[0xa9][0xa0][0xb1]o[0xd4][0x9c][0xee][0x9f][0x96][0x96][0x99][0x9c][0x99]Y[0xac][0x90][0x9c][0x9f]W[0x9c]ZX[0x9a]XRZ[0xa4][0x90][0x98][0x97][0x99][0x9b][0x9][0x8f][0x98]b[0x85][0xb2][0xfc][0x9c][0xd2][0x82][0x92][0xc4][0x92]T[0x85][0x94][0xd4][0x9c][0xd4][0xbc][0xcc][0x92]L[0xf2][0x2][0x83][0xfe]E[0x9e][0x9][0xa2][0xc8]s[0xcf]/JO[0xcd]/-V[0x8]*MJJ-Rp[0x6][0x8f]q[0xa0][0x85]FJf[0x9]$[\r][0x94][0xe6]*$[0x82][0x12][0x7]8[0x9][0xe4]$&[0xe5][0x17]e[0xe6][0x17]'[0xe6]*[0x14][0x96]f*$[0xe6]d[0x16][0x96]f[0xa6]([0x14][0x93][0x9b]N[0x11][0x85]""[0x9d][0xba][0x17]%[0xe6]e[0x96][0xa4]*8[0xe7]'[0x82]JZTw[0xb9][0x96][0x80][0xfa][0xda][0x99][0x89]%[\n]"
05:47:33.651 [main] DEBUG org.apache.http.wire -  << "[0xf9][0xb9]y[0x99][0xc5][\n]"
05:47:33.651 [main] DEBUG org.apache.http.wire -  << "[0xb9][0x99]y[0x99][0xb9][0x89][\n]"
05:47:33.651 [main] DEBUG org.apache.http.wire -  << "y[0xa5][0xb9][0x85][0xa5][0x89][0xb9][\n]"
05:47:33.651 [main] DEBUG org.apache.http.wire -  << "[0xc5][0xa5][0xc5][0xc9][0x99][0x5][0xe4][0xba][0x6]QD[0x6]W[0xe6][0xa5][0x16][0xa5]g[0xc2][0xb2]s[0x8e]BpFf[0x11]V[0xd7][0xa4][0x16][0x97][0xc0]SEfRi[0xb1]BANbrjb[0x89]B*yY[0x17]T[0xa0]C[0xeb]Y[0x5][0x1a]u!M[0x11]Y[0x91][0xac][0xe6]![0xb1][0xad][0x14]S[0xa4][0xfc][0x7][0x99][0xcf][0xc7][0x1c]g[0x83]wU[0x9][0xae]u[0xc0][0xd7][0x1e]2[0xa5]~2E[0xe4]'z[0xd5]4[0xa6][0x88][0xdc]B7+[0x11]Y[0x82]nV"Z[\r]d[0xa5]N[0xd4][0x9]F[0xbc][0xa9][0x6][0xd1]X[0xa0][0xb1]Mf[0x88]6[0x2][0xd4]&[0xcc]e[0x6][0xf8]r[0x2][0xea][0xc0]3[0xba][0x9f]`][0x17][0xb4]U?[0x0][0x0][0x0][0x0][0xff][0xff]"
05:47:33.651 [main] DEBUG org.apache.http.wire -  << "[\r][\n]"
05:47:33.651 [main] DEBUG org.apache.http.wire -  << "58C[\r][\n]"
05:47:33.651 [main] DEBUG org.apache.http.wire -  << ""c[0xd5][0x8f][0xb1][0x89][0x19][0xa2][0xcf][0x2]u)[0xad][0xf2][0xac][0x19][0x85][0xa5][0x10][0xf1][0xf1]lF[0xb7]r[0x88][0xba][0x93][0xe3][0xe8][0xf1][0x8c][0xdc][0x1d]3C[0x14]?[0xb4][0x8e]'D[0xa9][0x3][0xb5]i[0xd0][0xa6]]Da[0x85][0xd3][0xa5][0x88][0x1]z|[0xb5][0x18]Us[0x14]FyFI[0xf8][0xd1]p[0xf6][0xcd][0x4]i[0xc1][0xc5] [\n]"
05:47:33.651 [main] DEBUG org.apache.http.wire -  << "?s[0x8c][0xb2][0x93]V%[0x12][0xd2][0xa2][0xf][0xbf][0xc4][0xe2]L[0x5][0x97][0xc4][0xd2]<[0x5][0xaf][0xd4][0xa2]R[0xd0][0x4]+j3[0x14],_[0x9e][0x9a][0x97][0x98][0x9d][0xad]P[0x92][0x9a][0x97][0x98][0xa7][0x90][Z[0x94][0x9b][0x8a]4Whh[0x89][0x91][0x1b],[0x89]YX"Rmr~^I~[0x86]n2b[\r])[0xfa][0xa8][0x93][bqFf~^bRN*[0xea]X[0x13][0xd2][0x82][0x11][0xb0][0xdb][0x10]n[0x7]/[0x9d]RH[0xcf]/J[0xc5][0xb2][\n]"
05:47:33.651 [main] DEBUG org.apache.http.wire -  << "[0x14][0xac][0x96]J[0xfe]@[0xa4]s[0xc2][0xfe][0xc0]T[0x81][0xb4][0xf6][0xd4][0xd8][0xc4][0x9c]n%[0xb6]9[0xdd][0xca]QsD<Cs[0x17][0xcd][0xd2]1[0xdd][0xda]5[0x16]tk-X RD[0x84]S~[0x85][0x2]f[0x19]J[0xff][0x92][0xdd][0x2][0xd1][0xeb][0xc0][0xe1]&[0xc2]KG[0xd1][0xeb]xX[0xb1]@[0x8d][0xb6][0x1c][0xd2][0xea][0xc0][0xc1][0xe9]>[0xba][0xa5]S[0xa4]u[0xca]8B[0x2][0x91]z[0xe8][0xd7][0xd6][0xb6]D[0xb4][0x80][0x7][0x93][0xab][0x10]9[0x8d][0xc6][0xe5][0x14][0xd2]"[0x19][0xec]K[0x90][0x6]6[0xfb]X"[0x1a][0xbe][0xd8][0x9d]7 i[0x6]Q[0xcb]bw[0xd4][0x80][0x86][0x19][0xf2][0xc2]p[0xec][0xce][0xc3][0x15]f4l[0xd7]"[0xaf]%[0xa7]m[0x8a]F^[0xf1][0x8d][0xdd][0xfb][0x3][0x1c];[0x88][0xc6][0xe]v[0xe7][0xe1][0x8a][0x1d][0x1a][0xd6]R[0xa6][0x6][0x88]lF[0xeb][0xd8][0xa1]<[0xef][0xd0]2[0x99]"[0xad][0x92][0x1a]<[0xb1]c[0x88]h[0xe1]aw[0xd4][0xc0][0xa6]hCDe[0x85][0xdd]y[0x3][0x91][0xa2][\r][0x11][0xed]B[0x1a][0xa7]h[0xa4][0xb5][\n]"
05:47:33.651 [main] DEBUG org.apache.http.wire -  << "[0xb4][0xb6][0x89]n[0xb9][0xd4][0x90]^[0xfd]$S[0xa4][0x15]n4[0xe]=[0xa4][0xd5]h[0xb4][0xb6][0x9][0xd1][0xa6][0xa4][0xb5]MtK[0xe5]F[0x88]j[0x8b][0xd6]~[0xa2][*[0xa7][0xdb][0x12]-S#D[0xad]G[0xeb][0xd0][0xa3]W[0xce][0x14]iM[0x18][0x8d][0xfd][0x84][0xb4][0x86][0x8b][0xd6]6!r.[0xf6][0xaa]l`kZcDv[0xc7][0xee][0xbc][0x81][0xa8]i[0x91][0xd7]q[0xd1]t[0x86][0xd9][0xd4][0x98]n%[0x83]1[0xa2][0xfe][0xf3][0x8]Pp[0x6]-[0xc2][0xc9][0xc4][0xb2]A%'[0xb5][0xa0]$[0xbf]@[0x1]c[0x7][0x90]%[0x8] -[0xf1]Fo[0xba]#M"[0x99][0x1a]S[0xb5]h@[0xdf]p[0x8f]l[0x13][0xd2]"[0xa9][0x81][0xd8]P[0x85]<[0x9a]F5[0xfb][0xf1]M [0xa1][0xf8][0x1d][0x91][0xb1][0x9][0xd9][0x8d][0xc8]C[0xa0][0xdd]rD[0xc6]"[0xd2]2'B[0xe6][0x13][0xbd]O[0x16]d=[0xd1][0xfe]C[0x94][0xc]T[0xb5][0x9f]X[0xef]#r&U[0xad]'[0xda][0xfb][0x88]LD3[0xfb][0xd1][0xbb][0x9d]([0xc9][0xb]Q[0xeb][0xd2][0xcc]~|[0x85][0x8][0xd2][0x82][0xa5][0x81][0xb1][0x1f][0xd1]C[0xa5][0x99][0xfd][0xe8][0xe7][0xac] [0x87]?[0xd2]j*[0x9a][0xd9][0x8f]7[0xfc][0x11]][0xe0][0x81][0xb1][0x9f]F[0xd9][0x9f][0xd8][0xfc][0x87][0xb4][0x10]k`[0xfc][0x8f](`-DSS[0x1a]M[0xed][0x99][0x9a]"[0x1a][0x7][0xd4]][0x85]oj[0x8a]([0xc6]<[0xf3]JRsr2[0xd3]S[0xf3]J[0x14][0x82]KRSA[0xab][0x1f][0xf3][0xb1][0xac][0x98][0xf5]L[0x1][0x9d]'Q[0x9c][0xa9][0x90][0x97]XRZ[0xc]Z[0x10][\n]"
05:47:33.651 [main] DEBUG org.apache.http.wire -  << ""[0x12][0x8b][0xc9]Z[0x13]kj[0x8a]([0xc7]`[0xe1]H[0x9b][0xf5][0x8f][0xa6][0x98][0xab][0xb1]h[0x15]]t[MeJ[0xb7][0xd5]T[0xa6]t[[0xe3][0x4][0xde][0xcb][0xe]][\n]"
05:47:33.651 [main] DEBUG org.apache.http.wire -  << "K[0xeb][0x14][0x81]H[0xfc][0xae]y[0xf9]E[0xb9][0xa0][0xc5][0xd1][0x1]9[0x89][0xe0][0xe5][0xbf][0xce][0x19][0x89][0x99][0xa0]u[0x1d][0xa8][0xb]@[0xc2] [0xb][0xc1]A[0xa7][0x8e][0x94][0xa4]*[0xe4][0xe5][0xe7][0x81][0xce][0x1d])[0xcb]L[0x1][0xe5][0x99][0xd4]b[0xb2][0x96][0xfe][0x9a]"[0xad][0xbf]q)-[0x2][0xad][0xf1][0x0]m%[0xc8]Q[0xc0][0xee][0x82]`[0xe8]Rg[0x85][0xc2][0xd2]|[0x5][0xa4]u[0xd9][0x99]y[0xe4],I7[0xa5][0xdb]2[0x1b]S[0xa4]e64[0x8e]V[0xba]-#1[0xa5][0xdb]2[0x12]S[0xba]-#1E:[0x84][0x84][0xc6][0xf1][0x84]t[0xdc]H@[0xb0][0x9]f[0xa9]_l[0xa2][0x90][0x94]XT[0x8a][0xe8][0x1d][0x19][0xe3]_[[0x85][0xdc]<[0xa3][0xdb][0x12][0x15]S[0xa4]CKh[0x1d]^[0x88]&[0x1f][0xad]mB4[0xee]hm[0x13][0xdd][0x6]y-0[0x1b]l[0x98]I[0x8e][0xe8]#[0x18][0xf1]5[0xcd]-[0x10][0xad]5Z[0x87][0x1e][0xa2][0x2][0xa3][0xb5]Mtk[0xa6]Y[0xd2]k[0xe1][0xa7])[0xd2][0xf2] [0x1a][0x87][0x1e][0xd2][0x92][0x1f]Z[0xdb]D[0xb7]2[0xc2][0x12]QFP[0xbd][0xf4][0xb6][0xa4][[0xa9][0x80][0xb4][0xda][0x87][0xd6]1C[0xaf][0xbc]j[0x86]tR[0x8f]kQz~^~nf[0xb2][0x82]cNinf^i.[0xd6]m[0x8e][0xa5]%[\n]"
05:47:33.651 [main] DEBUG org.apache.http.wire -  << "I[0xa9][0x89]%[0x89][0xa9][0xf0]Mm[0xa9][0xb9][\n]"
05:47:33.651 [main] DEBUG org.apache.http.wire -  << "[0xb9][0x89][0x15][0x99][0xb9][0xa9][\n]"
05:47:33.651 [main] DEBUG org.apache.http.wire -  << "y[0xa9][0xb9][0xf9][\n]"
05:47:33.651 [main] DEBUG org.apache.http.wire -  << "[0x99]99[0xa5][0xb9][0xa0][\r][0xe0][0xbe][0x1f]9MM3[0x3]z[0x15][0x8b]f[0x6][0xf4]*[0xac][0xcc][0x6][0xf7]:[0x9][0xb3][0xc1][0xb8]N[0xc2][0x8c]^[0xeb]$LL[0x90][0xaa][0x12]Z[0x9d][0xc4]I[0xaf][0x94]f[0x8a][0xb4]_[0x80][0xd6][0x5][0x15][0xbd][0xfc]d[0x86]t[0x16]+m[0xfd]df[0x80][0xa8][0xac]hm[0x13][0xbd][0xaa].3Cz5h[0xcd][0x90]V[0xcc]`[0x9f][0x4][0x1e][0xd0]9j3[0xa4]e6[0xd8][0x9d][0x87][0xe8]A[0xd2]m[0x95][0xb7][0x19][0xd2][0xb1]P4NqF[0x88]&_@[0xb0][0xa1][0x1][0x5][0x9d][0x1a][0xf4][0xf3][0x8c][0xe0][0xbb][0x12][0x90][0xaa]9[0xc8][0xe1][0xf1][0x18][0x96][0xa4][0xe1]?W[0xde][0xd8][0xcc][0x88]n9[0x10][0xe9][0xe4][0xa5][0xec][0xcc][0x82][0xc4]b[0x85][0xc4][0xbc]t,'[0x93][0xe7][0xa6][0xe6][0xa5][0xa7][0xe6][0x94]&[0x16]e'[0xe6]A[0x94]([0x14]'[0xe6][0xa5]'[0x96](d[0xa7][0xe6]%'[0x82]wMA[0x8f][[0xc1][0xa8][0x1f]<[0x94][0x90][0x8e][0xdf] s[0x1f][0xae][0x19][0xd2][0xfa] [0xf8]q[\r]NE[0xf9]yU[0xa9]8[0x86][0x3]![0xe7][0x10][0x16][0xa5][0x16][0xa4][0xe6][0xe4][0xa4][0xe6][0xa5][0x94][0x16]+$&[0x83][0x8e][0x18][0x1][0x1d],RXJ[0xd6][0x90][0xbc][0x19][0xd2][0xd2]![0xdf][0xd4][0x94][0xcc][0xfc][0xe4][0xa2]T[0xd0][0x88]$[0xe8]0D[0x1c][0x87]h8[0x82][0xed][0xcc]+[0xc9][0x4][0x1d][0x14]R[0xa2][0x90][0xf]>S#Q[0xa1],5'[0xb3]D!/?)[0xb3][0x98][0xac][0x16]#[0xd2]1SC.&[0x91][0xd6]*[\r]=[0xb7]#[0xe6]V[0x87][0x9e][0xdb][0x11][0xcb].[0x86][0x9e][0xdb][0x11]%9[0xf9]u[0x6][0x0][0x0][0x0][0xff][0xff]"
05:47:33.651 [main] DEBUG org.apache.http.wire -  << "[\r][\n]"
05:47:33.651 [main] DEBUG org.apache.http.wire -  << "48E[\r][\n]"
05:47:33.651 [main] DEBUG org.apache.http.wire -  << ""[0xe6][0xf0]Q3[0xa4]e][0x9e]y[0xc9]E[0xa9])[0x99]I9[0xa9][\n]"
05:47:33.651 [main] DEBUG org.apache.http.wire -  << "[0xb0][0x92]&'?[0x19]s[0xef][0xab]k"[0xfc][0x98][0x15][0x85][0xd4][0xbc]LHg[0xb0][0x18][0x94][0xbf]S[0x8b][0x93]3K[0xf3]J[0x14]RJ[0x93][0xc1][0x7][0x1a]A[0xce][0x10][0xca]%+[0xcb][0xd3]mi[0x97][0x19][0xd2][0x82]+Z[0x7]6[0xdd][0x1a][0xd4]Hk[0x82]h[0xec]'[0x13][0xba]5sM[0x10][0xcd]\[0x9a]dh[0x9c][0x8d][0x1e]*T[0xe7]&[0x94][0xf]y[0x10][0x9b][0xa3]M[0xe8]6[0xbc][0x84][0xb4][0xf2][0x87][0xc6][0x89][0xcc][0x14]Q[0xf][0xd1][0xda]&[0xba][0x95][0xbc]H[0xeb]Vh[0xed]'[0xca][0x13][0x1f][0x91][0xb5][0x9][0xdd][0xd6]p[0x98][0xd1]me[0x85][0x19][0xdd]N[0x8f]1[0xa3][0xdb][0x99].f[0xa0][[0x2][0xe8][0xb2][0xb2][0xc2][0xc]iM[0x3][0x8d]S9[0xdd][0x96][0x15][0x98]!-+[0xf0](P[0x8][0xcb],[0xcb]W[0x88]42[0xc2][0xe8][0x9][0xe7][0xa6][0xe6]f[0xe6]dfg*[0x14][0x17][0xa4][0x16]g[0xa6]ef[0x83][0xce][0x14][0xa9]L[0xcc]KWH,[0x0][0x9f]4[\n]"
05:47:33.651 [main] DEBUG org.apache.http.wire -  << "[0xed]T[0x1a][0x83][0xee][0x85]A9-[0x1e][0xbd]&B[0x9a][0xcf]63'[0xa5][0xfb][0x8c][0xe5][0xfc]o<9[0x99]z[0xfd]W[0x13][0x13][0xa4][0xfb][0x15][0xa0][0xf1]n[0x8c][0x11]@[0xf8]N[0xbc]"[0xf6]t'[0x13][0x13]KR[0x2][0x84][0x82]S[0xe6]LL[0x90][0xa6][0x88]h4[0x8a][0x8c][0xb4][0x5]4$1[0xa3]T![0xa9]4[0x7][0xcb][0x19][0x88][0xf8][0xc2][0x8d][0xb8]U[0x93]&[0xa6]H[0x3]9d[0xda]Dt[0xc][0x99]"[0x8d][0xf3][0xd3][0xde].D#[0x11][0x9a][0xee]h[0xb3][0xb6][0xcf][0xc4][0x94]^[0xfb][0x14]M[0xe8]6=mbJ[0xaf][0xe9]i[0x13]S[0xcc][0xf2][0x81]V[0xf1]D[0xb7][0xf2][0xc1][0x94]^[0x93][0xd5]&[0xa6]H%[0x11][0x8d]S9[0xdd]f[0x9b][0xcc][0x90][0x96][0xd0][0x5]@[0xae]ySp,[0xcd][0xc9]LT[0xc0][0xac]82[0xf3]2A[0xcb]-AW[0xc1])$[0xc2][0xd5]@[0xab]S[0xe2]J@c3s:[0x95][0x14][0xc6]f[0xe6][0x88][0x1e][0x19][0xf6]i[0x89][0x81][0x9d]5AZ}[0x87][0xdd]y[0xb8]fM[0xd0]w[0xa5]P[0xaf][0xfd]`l[0x86][0xb4]l[0xf][0xbb][0xa3][0x6]8[0xcc][0x10][0xdd]D[0xec][0xce][0xc3][0x15]f[0xe8][0xcb][0xc5][0xa8][0x1a]f[0x88][0x96][0x10]8[0x7]e+[0xb8]g[0xa6][0xe6]`4[0xbb]B@[0x87][0x8c][0xe7][0xa5][0x83].H[0xcc].[0xca],([0xce]D[0xb8][0x95][0xf8][0xbd][0x83]f[0x16][0x88]q[0x1f]$[0xcb][0x14][0xb2]Su1[[0xc2]T[0xb2][0x11][0x91]a[0xd1]l[0xc4],![0xa8]d#[0xa2][0xe3]L[0x9f][0x9b][0xae][0xcc][0x90].@[0x3][0xfb]1[0xb9][0x84][0xb6][0x85] [0xd2][0xc2][0x8]:[0xf9][0x90]^M[0xc]c3zU[0xfc][0xc6]f[0xf4][0xaa][0x8e][0x8d][0xcd],[0x11]U[0x9]M+~csP[0x87][0x94].C[0x4][0xe6]H[0xd7][0xe4][0xd2][0xda]O[0x88][0x12][0x84][0xd6]6[0xd1]-[0x9e][0x90][0xba][0x8c]4[0xf6][0x93]!bB[0xcd]3[0xc0][0xc3][0xdf][0xcf]U[0xc1][0xd0]T! [0xc8][0x1f][0xa3][0x82][0xf1]p[0xf5]s[0xf][0xf0][0xf7]CT+&[0xa0][0x91]bb[0xa6][0xa3][0xcc][0x91][0xd6][0xa9][0xd1][0xda]7[0x88][0xfa][0x8b]v[0xbe][0xa1][zCZ[0x98]C[0xe3]pCZcCk[0x9b][0x10][0xe9][0x8d][0xd6]6![0x1a]N[0xb4][0xb6][0x9][0xa9]E[0x91][0x98]W[0x2][0xd9]a[0xe6][0x9b]X[0x4][0x9a]t[0xf5]I[0xcc][0xc5][0xbc][0x6][0xc8][0xb5]D!#3[0x19][0xb4][0xea]6[0x1f]i[0x1a][0x15]4[0xfa]MT~BZ[0xc1][0x91][0x94]X[0x9c][0x9a]R[0x94][0x96]Y[0x81][0x91]_[0xc1]2[0xa9]i[0x89][0xa5]9%)[0xa0][0x9d]n[0xd0][0x8e][0x94][0x99]%h[0xf0][0x96]8k[0xe8]5[0xb1]i[0x8e]t[0xf3][0x15]m[0xc6]^[0xd1][0x1b][0xe8]Hc[0xaf][0xe6]Hw`[0xd1]8[0x9d][0xd0][0xed][0xb8][0x11]s[0xba][0xcd]~[0x9b]S[0xf7][0xb4][0x11]|[0xf1][0x84]4aK[0xe3]x2[0xa1][[0xc9]A[0x85][0x19]d<C[0xff][0xc8][0xa9][0xdc][0x4][0x91][0x99]iV3[0x82][0x1a][0x4][0xd0][0xd6]%[0xfd][0xb3]1[0xd2]l[0xf2][0x0]XN[0xb7]Z[\r][0xe9]R[0x1c][0x1a][0xe7][0x2][0xa4][0x8b]i[0x6] @[0x11]U[0xea][0x0]X[0x8e]h[0xe7][0xf][0x80][0xe5][0x88][0x8c]J[0xcb][0x91][0xe]Q[0x18][0x0][0xcb][0x11][0xeb]A[0x6][0xc0]rD[0xe][0xa6][0xc7][0x18][0x8d]9[0xdd][0x16] [0x98][0xd3][0xed]h[0x7]s[0xa4][0x5][0x8][0xd8][0xc7]O[0x7]tx[0xd7][0x1c][0xd4][0xf0][0x85]VO[0xd8][0x9d][0x87][0xd4][0xb7][0xb5][0xc4][0xb7]0[0x8b][0x8a][0xc3][0xbb][0xe6]t;[0xa1][0xc1][0x1c]i)[0x5]v[0xef][0xf]l[0xec] [0xad][0xbf][0xc0][0xee][0xbc][0x1][0x89][0x1d]DKp[0x10]9[\n]"
05:47:33.651 [main] DEBUG org.apache.http.wire -  << "1[0x0][0x81][0xdd]Q[0x3][0x1c][0x91][0x88][0xda][0x13][0xbb][0xf3][0x6]$"[0x11][0xb5][0xea][0xe0]q[0xd4][0xe0][0x9e][0xe]3G[0xb9][0x9d][0xc5]?[0x2][0xdf][0xe5],t[0xdb]xe[0x8e]t=[0x8b]Kivi[0x1e][0xc6][0xb8][0x7]"u[0x99][0x11]}[0x9e][0x88]9[0xd2][0xe9][0x11][0xd8][0x93][0xc7][0xc0]f)[0x94];_[0x6]ML[0x10][0xca]R[0x3][0x1b]fH[0xc7]?`[0x8f]RDB[0xa1]_[0xea][0xb5]$4[0xc3]<[0xc0]a[0x86][0x18]>[0x1f]Da6[0xb8][0xab];[0xa4][0xc9][0xbb]A[0x14]f[0x83]:oZ [0x1d]a1h[0xc2][0xcc][0x2]i[0xbb]:Mv[0xa2][0xa0][0x8f]mR[0xb1][0x17]a[0x81]4[0xdb]:[0xf4][0xdc]N[0xa8][0x8d]=[0xa0]e[0xa2][0x5][0xd2]M6[0x83]([0xad]"[0x86][0xc7]h;[\n]"
05:47:33.651 [main] DEBUG org.apache.http.wire -  << "h[0x81]t[0xd8][\n]"
05:47:33.651 [main] DEBUG org.apache.http.wire -  << "[0xdd][0x7]e,[0x90][0xa6][0xc1][0xb1][0x87][0xfd][0xc0]&[\r][0xa4][0xb9]s[0xec][0xce][0x1b][0x80]&[0x86][0x5][0xd2]d[0xfb][0x90]+[\n]"
05:47:33.651 [main] DEBUG org.apache.http.wire -  << "[0x90][0xd6][0x94][0xc3][0x2][0x14][0x0][0x0][0x0][0xff][0xff]"
05:47:33.651 [main] DEBUG org.apache.http.wire -  << "[\r][\n]"
05:47:33.651 [main] DEBUG org.apache.http.wire -  << "31A[\r][\n]"
05:47:33.651 [main] DEBUG org.apache.http.wire -  << "B=[0xa0]s[0x80][0xe3][0x9b]PKd@[0xe2][0x9b]nE[0x1][0xd2]r[0x84][0xa1][0x97][0xb2][0x10][\r]"p[0x81][0xe9]X[0x94][0x99][0x9e][0x98]_[0x2]:}[0x12]5[0x85][0xe1][0xdb][0x86]A[0xec][0xe6][0x8]c[0xb][0xa4][0xf5][0x14]C.[0xa8][0x90][0x8e]6[0xa1][0xcf][0xea]A[0xb][0xa4]#N[0xc0][0x91][0x13][0x10]L[0x9b]m[0x3][0xc6][0x16]H[0xc7][0x94][0xd0][0xcb]o[0x88]2[0x83][0xd6]~[0xa3][A[0x80]tp[0x7][0x8d][0xfd][0x84]t[0xcc][0x6][0xad]mBL>[\r][0xb9][0x1c]k[0x8c]V[0xb8][0xd1].[0xff] [0xed][0xd6][0xc7][0x19][0x1f][0x88]J[0x90][0xf8][0xf2][0x12]i[0x1d][0x84][0x2]F[0xa5]O[0x9d]"[0x19]i[0x1][0x4]N[0xa7]S[0xc7]&[0xa4]e[0x10]C.)![0xad][0xa2][0xa0]u(!&\im[0x13]b[0xd0][0x8d][0xd6]6![0xba][0xb2][0xb4][0xb6][0x9]1RGk[0x9b][0xe8]V[0x81]!][0x83]Ak?![\n]"
05:47:33.653 [main] DEBUG org.apache.http.wire -  << "[0xcc]![0x97]C[0x91][0x96]h[0xc]=[0xb7][0xf][0xe1]J[0x16][0xe9].[0x8e][0xa1][0x17][0xee][0x88][0x12]p[0xe8][0xb9][0x1d]Q[0xfe]d[0xe6][0xa5][0xe4][0xe7]f[0xa6]b4[0x10][0x12][0xb3]K[0x15][0x8a]K[0xb3][0x13][0x15][0x10][\n]"
05:47:33.653 [main] DEBUG org.apache.http.wire -  << "[0xa0][0xab][0x9d][0x8d][0x88][0x9e][0x2][0xb4]@Z[0xbc][0x2]-}0'<[0xf1][0xb5][0xf][0xe8]6[0x89]da[0x86][0x98]`[0xc7][0xe9]RD#[0xc][0xdf][0xce]Yj[0xe]A[0x9b][0xa3][0xd7][0xe7][0xc5][0xa6][0xc5][0x18]1[0x5][0xf]@[0xf4]3,[0xcc][0xcc][0xcc][0x88][[0xc8]j[0x81]4U[0x8b][0x88]n[0xd4]><U[0xd2][0x3][0xd2]1[0xff][0xb4][0xb5][0x7][0x11][0x9b][0xb4][0xb5][0x7]Q[0xe7][0xd1][0xd4][0x1e][0xa4]yW[0xda][0xda][0x83]Ho[0xb4][0xb5][0x7][0xa9][][0x99][0x97]Z[0x94][0x9e][0x9][0xbe]@[0x8]r[0x85][0x16][0xf6]K|<[0x8b][0xf2]A[0xeb][0x12]`e[0x90]%hW-1;.,[0x91][0xb6][0xe7]![0x8e]v[0x7][0x99][0xa6][0xe0][0x94]_R[0x92][0x83]Y[0xf2]9[0xe7][0x83][0x8e][0xf7]+[0x1]I@m37[0x7]eD[0xe2]lC[0xd4][0xc6][0xc1]9[0xa9][0xa9][0xd9][\n]"
05:47:33.653 [main] DEBUG org.apache.http.wire -  << "[0xee]E[0x89]y[0x99]%[0xa9][\n]"
05:47:33.653 [main] DEBUG org.apache.http.wire -  << "[0xe1][0x89]99[0xa9]%[0x18][0x99][0x17]v[0xc6]<[0xa2]l11[0x0]m3'[0xce]2D0[0xe][0xb1]*[0xc8][0xc4][0x94]^[0xc7]K[0x9b][0x98][0x1a] [\n]"
05:47:33.653 [main] DEBUG org.apache.http.wire -  << "[0x3][0x9a][0x1f][0xaa][0x82]4[0xb3][0x83][0xc7].Dd[0x13][0xdb][0x9b]71E[0x9a][0x17][0xc1]c2[0xbc].[0xa0][0xe4][0xf8][0x1e]SCD[0xb1][0x6][0xad][0xc]i3vhb[0x8a]4.[0x8a]}r[0x2][0x11]T[0xf4]j[0xb][0x98][0x98][0xd2]k[0xe8][0xd4][0xc4][0x94]^[0xf7][0xb5][0x9b][0x98]"[0x9d][0x92]L[0xd3](5[0xb6]@[0xda]wFk[0x9b][0xe8]62[0x80][0xb4]![0xcb]1[0xb5](?[0xa5]2/[0x11]tA[0x8][0xec][0xe2][0xbb][0x10][0xd0][\r]t[0x18]E[0xbb]kEAjJfI[0xa2]Bi[0x9][0xe8]Xg[0x85][0xe4][0xfc][0xa2][0x82][0xfc]"[0xf2][0xce]u[0xb6]@[0xba][0x16]:[0x18][0xa9][0xc6][0xf4][0xc9][0xcc]K[0xcd]SpJL[0xc7][0xb4][0xbd][0xb8]D![0xb5][0xa8]([0xbf]H!/3#3[0x7][0xe4][0x82][0xcc][0x12][0x85][0xe2][0xcc][0xbc][0x12][0x85][0xa2][0xd4][0xa2][0xd2]\[0x85][0xd2][0x9c][0x9c]D[0xb2][0xe][0x9c][0xb5][0xa0][0xdb][0xa6]1[0xb][0x13]D{[0x84][0xc6]i[0x89]n[0xc7][0xc0]Z[0xd0]m#[0x9c][0x5][0xdd][0xe][0x9c][0xb5]@[0xba][0x12]u[0x88]5D[0x8c]-[0x90]v0@[0xd3][0xd8]`[0xed][0xa3]bnk[0xc0]t)[0xa2][0xbe][0xa4][[0x1f][0x15][0xa9][0xc5][0x9b][0x9f]W[0xa9]@[0xbb][0x89][0x12][0xcc][0x3][0x1d]1[0xfd][0x8f][0xaf][0x1]D[0xaf][0x16][0x84][0xb1][0x5][0xd2][0x9]]8[0xd3][0xd4][0x0][0xc4][0x14]b[0xd4][0x7][0xa7][0xab][0x6]I[0xf8]!:68]:[0x0][0xe1][0x87][0xe8]H`o[0xac][0xe][0xec]J[0x1a]P[0xb7]q[0xb0]m[0xc5][0xb2]@[0xda][0x8e]A[0xd3][0x11][0x5][0xcc]+E[0x7]A[0xd9][0x0][0x0][0x0][0x0][0xff][0xff]"
05:47:33.653 [main] DEBUG org.apache.http.wire -  << "[\r][\n]"
05:47:33.653 [main] DEBUG org.apache.http.wire -  << "573[\r][\n]"
05:47:33.653 [main] DEBUG org.apache.http.wire -  << "*-*[0xc8]/N-V[0xaa]E[0xda]4n[0x81][0xb4][0x3]d[0x10][0xa5]m[0xb][0x8c][0xb6][0xf4][0xa0][\r]?[0x8c]Y:L[0x97][0xd2][0xbf]l@:B[0x8b][0xa6][0xe9][0x1c][0xf9][0x0]-[0xf0][0xf8][0x12]l[0x0]I!<[0xb1]$9[0x3][0xa3][0x1b][0xe0][0x93][0x9a]X[0x92][0x91][0x8a]tV[0x89][0x85][0x11]h[0xf]:1[0xc3]K[0x16]H[0xab][0xf0]!cY[0xe1][0xf9][0xf9]9[0xc4][0xf]d[0x19][0x19][0x81]J$[0xe2]lB[0x1a]p@[0xea][0xdd][0x4]g[0xe6]d+8c[0xbd]Z[0x3]r[0xef][0x6]"[0x9e][0x8d][0x8c]@c[0xd8][0xc4]Xf[0x89][0xb4]&[0xdd][\r]~[0xb2][0xc][0xc4]<[0x5][0xe7]|,[0xa7][0x8][0x7][0xe7][0xe7][0x94][0x96]$*[0xa4][0x96]($[0x97][0x16]d[0x82][0xba]t%[0xa9]HG[0xcc][0xe0][0xbf][0xea][0x8])[0xeb]["[0x8f]y!y[0xd3]9[0xbf][0xa0] [0xb5]H[0xc1];/3[\r]4[0xe8][0x88]:[0xee][0xe]q[0x18][0xc2][0xa3][0x16][0x96][0xa0][0xe]6q[0x1e]E[0xe4][0x94][0xa1][0xd6]*[0xb7]DZ![0xe]I{[0xd0][0xa3][0x2][0x12][0xf3]J0[0xa7]@[0x82]J[0x93][0x92][0x90][0x13][0xb9][0xa9][0x19][0xe8][0xf2]o[0xe2][0x2][0x9]Q[0xa9]C,[0x82]g([0xec]VA[0xfb][0xfc][0x88][0x8][0xb1][0xb4]05"n[0x9a][0xc5][0x12]it[0x10]y[0x18][0x1]n[0xa3]wjeR~bQ[\n]"
05:47:33.653 [main] DEBUG org.apache.http.wire -  << "[0xe1]\l[0x6]>[0xff][0x8b]([0xf]"[0xad][0xf7][0x1e]r[0xa9][0x0][0xe9][0xec][0xed][0xe0][0xdc][0xc4][0x9c][0x1c][0xa4]+Y[0xb1][0x96][\n]"
05:47:33.653 [main] DEBUG org.apache.http.wire -  << "X"[0x7][0x94][0x90][0x88][0xb]'[0xc4]X[0x83]g^IjNNfzj^[0x89][0x2]d[0x84][0x5]{Z[0x0][0xcf]W R[0x82][0xb9][0x85][0xa1])[0x91])[0x1]iA[0xb9]GjbY[0xa5][0x82]KiI%[0xc2]w8[0x13][0x2]h[0xde][0x2][0xd9]B[0xd0]P[0xc]q[0xbe]C[0xd4][0xef][0xf0][0xb][0xca][0x9c][0xf3]KJ[0xf2][0xf3]p[0x15][0xe8][0x90][0xc][0x87][0xb0][0xcc][0xc4][0x12]4[0x90]N[0x9c]e[0x88][0x82][0x7]y[0xb0][\n]"
05:47:33.653 [main] DEBUG org.apache.http.wire -  << "[0xe4]x[0x5][0xa7][0xd4]<,[0xd5][0x14]f)[0x7]:N[0x99]8[0xcb][0x10][0xbd][0x9a][0x80][0xa2][0xc4][0xe4][0x92][0xcc][0xe4][0xc4][0x1c][0xd8][0xb5]L[0x1e]XJs[0xe8][0x84][0xc][0xc2]c[0xa6][0xc6][0xa0][0x95][0xc5][0xc4][0xd9][0x85][0xd4]/[0x1][0xa7][0xc7][0x80]DP[0xc9][0x8d][0xbd][0xea]E[0xf]@#c[0xd0]JY[0xe2][0xec]A[0x14]JA[0xa5][0xe0][0xa9]1h[0x1d][0x81][0xb5]~[0x82][0xc8]!<diJ[0xbc]E[0x88][0x8a][0x17][0xb9]D[0x82][0x94][0xa7][\n]"
05:47:33.653 [main] DEBUG org.apache.http.wire -  << "[0xd8][0x82][0xf]"[0x85][0xb0][0xcc][0xc8][0x4]th3Q[0xbe][0x2][0x5]3[0xb4][0x83][0x82]t[0x83][0x16]$[0x83]a[0xaf][0xe5][0xd1][0x83][0xd0][0xcc][0x18][0x94]q[0x88][0xb3][0xc][0x91][0x9d]}2[0xd3]3J[0xca]SA[0xa4][0x2][0xc4]D[0xac]>[0xb][0xcf][0xcf]OIE[0x9a]c4[0xb5][0x4][0xad][0x94]%[0xce]2D[0xee][0x1a]re,[0xf2][0x1c][0x4]8M[0xc3][0xe6]?[0x15][0xb0][0x17]z[0x18]e[0xac][0x99][0x85][0xa9]1[0x91][0xc5][0x1e][0xd2]=[0x93][0xf0]R[0x8][0x92][0x85][0xb0]%5[0x8c][0xb6][0xab][0x11][0xf8][0xe0]x[0xe2]b[0x4][0x91]S][0xf3][0xf2][0x8b]r[0xf3]K[0x8b][0x11][0xc5]+v[0x8f][0xa1]g##[0xb][0xd0][0x99][0xbf][0xc4][0xd9][0x86][0xc8][0xaf][0xc8][0xd9][0x8][0xb7][0xd7]@-[D[0x1e]"[0xfe][0xfc]@K[0xa4]e[0xe2][0x8e][0xe5][0xa9][0xc5][0xf9][0xb9][0xa9][\n]"
05:47:33.653 [main] DEBUG org.apache.http.wire -  << "[0xd0]b<8#[0xb3][0x8]s~[0x19][0xad][0x8a][0xb2][0xb0]$[0xf6]@Dp[0xe2][0x87][0xe6]V[0xc4][0xbc]9<m[0xe0]([0x88]@[0x15][\n]"
05:47:33.653 [main] DEBUG org.apache.http.wire -  << "[0xc2]_[0x16][0x16][0xa0][0x5][0x1f]D[0x85][0xa0]1b[0x14][0x11]a[0x1b][0xb4][0xa8]V[0x8][0xc8]I[0x4]O[0xc7][0xa3][0xb6][0x8c]A[0xd5][0x9][0xc2].cc[0xd0]>p[0xe2][0xec]B[0x14][\r][0xd0][0xd2][0x15][0x92][0xf5]q[0xd8][0x83][0x91][0xe0][0xcd][\r]A[0xa3][\r][0xc4]Y[0x85]X$[0x6]O[0x86][0xd0]d[0xad][0x80][0xf5][0x14]K[0xa8][0x97][0x11][0xfe][0xb2]0$[0xba])[0x8b]t[0x11][0xa0]Ki[0x11]hN[\n]"
05:47:33.653 [main] DEBUG org.apache.http.wire -  << "[0x91][0xe4][0xb1]W[0xbb][0xa0][0xe][0x1d][0xc2]*3[0xe2]W[0x1e] [0x9d][0x85]8[0xe4][\n]"
05:47:33.653 [main] DEBUG org.apache.http.wire -  << "<[0xa4][0xc9]<[0xe4][0x9a][0x1][0x9e][0xb4]q\[0xd8][0x8a][0x9a][0xdc]LM@sS[0xc4][0xa5][0x1]D[0x1d][0x8b]l[0x1f][0xbc][0xd5][0x8f][0xad][0xe8]C[0x8d][0x18]SC[0xd0]i[0xe7]DY[0x86]4O[0x88]l[0x19]4[0x81]c_Z[0x83]^[0xa5][0x9b][0x18][0x82][0xce][0xc6] [0xce]:D[0xb6]E[0xaa][0xd2][0xc1][0x85][0xe][0x8e][0xdb]w[0xc1]r[0x88]4gd[0xc]:*[0x94]8[0xbb][0x10][0xd9][0x16][0xc9].h[0x85][0x8e][0xbd][0xfd][0x0][0x8b]S[0x84]}[0xc6][0xe0]C[0xc2][0x88][0xb3][0xf])[0xef][0x16][0xa5][0xe7][0xe7][0xe5][0x83][0xa6]|[0xe1][0x85]m~*f7[0x14][0xb5]T77[0x4]]sB[0x9c]U[0x88][0xf6][0x3]r[0x83][0x19][0x1a]k8[0x12][0x8]Jc[0xc5][0xcc][0x92][0xe8][0xf4][0x88]4-[0x8][0xbf]0[0x19]RSao[0xc7][0xa2][0xc7][0x98][0x9]h[0x4][0x93]8o![0x9a][0xe6][0x90][0xee][0x1b][0xb4]t[0xc3]Q[0xd0]Be[0x11][0x91]ei[\n]"
05:47:33.653 [main] DEBUG org.apache.http.wire -  << ":[0xd1][0x8d]8[0xab][0x10][0xf5]=[0xc6][0xa0][0xe][0xb6][0xf0][0x3][0xb7]:[0x11]6[0x99][0x19][0x10]=[0xaa][0x82][0xbc][0xe7][0x5]<[0x2][0x7]i7[0x10][0xeb]'cS[0xd0]I[0xc3]D[0xf9][0x9]i[0xdf][0xc8][0x90]+dAc"[0xd0][0xd6][0x3]t[0x94][0x9b]6K[0x88][0x8c]-A[0x8d]O[0xa8]M[0xc8]%[0x1e][0xb4][0xd6]V[0xc0]Q[0x9a]C"[\r][0x91][0x0]LM@[0x83]s[0xc4]E[0xb]"[0xb3]":[0x9c][0xb0]J[0x1d]{9[0x84][0x91][0xb2]MLA[[0xe][0x88][0xb3][0xe][0xd1][0x99]F[0x1a]*[0x0][0xd5]F8F[0xc][0xa1]>G[0xf8][0xcd][0xc8][0x90][0xd8][0x85][0xc0][0x96][0xa0][0xb1]a,[0x81][0x9].[0x2]p[0xf4][0x7]P[0xb]=#3[0xa2][0x9b]aH[S[0xa0][0xcd]0x[0x95][0x18][0x9c][0x81][0xb5]x-I[0x5]_[0xd2][0x2]][0x95]ii[\n]"
05:47:33.653 [main] DEBUG org.apache.http.wire -  << "[0x1a][0xda]".[0xc][0x11][0xed]s[0xa8]U[0x90][0xf8][0xc7]1[0xb8][0xc][0xf6]."[0xfc]L[0xc]A[0xb3]X[0xc4]Y[0x84][0xbd][0xae][0x7][0xc7][0x16][0xf6][0xca][0x17]\[0xf2]"[0xd9]E|3[0x16][0x94][0x82][0xa0]q[0x5][0xef]LA[0xbd][0x85][0xbd][0x83][0x83][0x91]0,[0x8c]@w[0x8c][0x10][0xe5]1P[0xb7][0x1]j[0x19][0xf2][0xe8][0x18][0xa8][0x9d][0x82]#[0x19][0xa2][0x95][0xb0][0x96][0x86][0xa0][0x8e]&qv!*z[0x94][0x1c][\r][0x1d]k[0xc1][0xba][0x8e][0x16]-[0xca][0xcc][0xcd][0x89][0xf7][0x19]";#[0xe5]/h[0xb3][0x2]{[0xb3][0x19][0xcd]k$4[0xcf]@[0x19][0x11][0x1a][0x8c]C[0xae]H[0xc7][0xdc][0xcc]A[0xab]"[0x1d]s3[0x6][0xcd]lB[0xe4]W[0x1a]WSH[0x8b]wh9Ah[0x9]Z[0xa9][0xe]Ma[0xb4][0xb5][0x7][0x91]mhk[0xf]"[0x86]hj[0xf][0xa8][0x88][0xa7]u[0xb8][0x1][0x0][0x0][0x0][0xff][0xff]"
05:47:33.653 [main] DEBUG org.apache.http.wire -  << "[\r][\n]"
05:47:33.653 [main] DEBUG org.apache.http.wire -  << "21A[\r][\n]"
05:47:33.653 [main] DEBUG org.apache.http.wire -  << "[0xb2]24[0xb6][0x4]MSB[0xed][0x9][0x8]V[0xc0]L[0xd7][0xe9][0x89][0xb9][0xa9][\n]"
05:47:33.653 [main] DEBUG org.apache.http.wire -  << "[0xa6][\n]"
05:47:33.653 [main] DEBUG org.apache.http.wire -  << "[0xc5]%[0x89]H[0x93][0xb6][0xf8]W.!O1[0x82]znP[0xe3]i[0x9c][0xa0]A]R[0xfa][0xd8][0x4][0x1a][0x86][0xa3][0x93]M[0x88][0xee],[0x8d]C[0xf]T=[0xd1][0xc9]O[0x88]n,M[0xfd]db[0x80]<[G[0xcb][0x95][0x80]&[0x6]H[0x9b]!h[0xed]'[0xfa][0x85][0x1e][0xa2]@[0xa5][0xb5][0x9f][0x10]=[\n]"
05:47:33.653 [main] DEBUG org.apache.http.wire -  << "Z[0xdb][0x84]4[0x0]@[0xe3][0x14][0x81][0xe8][0xff]g[0x6]d[0xe4][0xe7][0xa5][0x1a]b^u[0x8][0xde][0x1f][0x99][0x9a][0x2][0xbb][0x10][0x15][0xa9][0xd1][0x8d][0xf7]drD[0xf1]jb[0x80]t\[0x13][0xad][0x83][0xe]Q[0xef][0xd1][0xd8]&[0xa4]i9Z[0xdb]D[0xa7][0xe2][0xd5][0xc4][0xc0][0x8][0xd1][0x85][0xa0][0xb5][0x9f][0xe8]V@[0x90][0xb5][0x85][0x7][0x91][0xc8][0x89][0xde]jf[0x0][0x1a][0xa0][0xa2]G[0xdd]db[0x80]4Z[0x9d][0x9b][0x99][0x93][0x8d][0xb1][0xee][0x5][0xe1]z|[0xab][0xd9][0x91]3(hA[0x4][0xd4][0xed][0xd4]2[0x11][0x11][0xc1]t9[0xde][0xca][0xc4][0x0][0xe9]@ [0xcf][0x2]PY[0xa6]`h[0xa8]`f[0xa2][0x90][0x9e][0x84][0x11]@[0xf8][0x96]k[0x13][0x1f][0xe1]H[0xf7][0xdf]`_[0xd8][0x8c][0x88][0x7][0xfc]-Q[0xea][0xed]}71@[0x1a][0x8a][0xa2]](P[0xd1][0xc1][0xe0]q]h[0xd2][0xb][0xce][0xae][0xca][0xcf]W[0x8][0xcf][0xcf]IK[0xce]H[0x4]-)@[0x9d][0xb9][0xc].)J[0xac][0xcc][0xce]L[0x1][0xcd] @[0x7][0xb3][0xc][0xcd]@[0x8b][0xc3][0x88][0x18][0x1e]11E[0x9a]*[\r]N[0xcc]-.[0xcd]KW[0x8]62V[0x8][0xcd]))J[0xc4]H [0xee][0x89]9[0x89][0x15][0x95][0x88][0xf8]#2[0x1f][0x99][0x82][0x86][0xc3][0xa1][0x9e][0x19]4I[0xc2][0x14]4U[0x4]u[0x14]a[0x9f]#[0xfc]LJ[0xd8]"5[0xc2][0x8][0x86]mFfe"([0xc4][0xa1]QHt[0xd0]"[0x1a]E[0x83]'h[0x91][0xf6][0xbf][\r]"G![0xc5][0x6]M[0x9b][0x8f][0xa6]Hsb[0x83][0xc8][0xfb][0x83]1[0xa1] [0x1d][0xc4]6xB[\n]"
05:47:33.653 [main] DEBUG org.apache.http.wire -  << "i[0xa6]l[0x10]9[\n]"
05:47:33.653 [main] DEBUG org.apache.http.wire -  << "[0xa9][0x9b][0x5][0x9e]([0x84][0x8e][0xbf]c]|[0xe6]Z[0x91]Z[0x94][0x9c]Y[0x92]X[0x92][0x99][0x9f][0x97][0x9a][0xab][0x90][0x9b][0x98][0x9e][0x97][0xa9][0x90][0x9f][0x92]Y[0xa2][0x90][0x92][0x9f][0x93]_D[0xc6]rs[0x13]S[0xa4][0x1a]t[0xf0][0x84][\n]"
05:47:33.653 [main] DEBUG org.apache.http.wire -  << "[0xd2][0x91]O4m[0x99][0x1b][[0x9a]#[0xb2][0xf]MG[0xe]A[0xeb][0x1f][0xa1][0xb5][0xd2][0x90][0x1b][0xd3][0x7]M[0xe5]C[0xdd]N[0x93][0xd1]HD[0x1]N[0x13][0xe3][0x11]9[0xc]l<[0x0][0x0][0x0][0xff][0xff]"
05:47:33.653 [main] DEBUG org.apache.http.wire -  << "[\r][\n]"
05:47:33.653 [main] DEBUG org.apache.http.wire -  << "55[\r][\n]"
05:47:33.653 [main] DEBUG org.apache.http.wire -  << "B?[0xd9][0x9a][0xd2][0xb1]T[0xc4][0x98][0x2]-[0x8c]G[0xda]2D[0xe3][0x9c][0x0]Z[0x87][0x2][0x8d]eZ[0xdb][0x84][0xc8]s[0xb4][0xb6][0x9][0x11]9[0xb4][0xb6][0x9]1yLk[0x9b][0xe8]6[0xe6][0x83]t([0x12]M[0xfd]db[0x80]t-[0x9][0xad]m[0xa2][0xdb][0x98][0xf][0xd2][0xcd] [0xb4][0xf6][0x13][0xa2][0x0][0xa5][0xb5]M[0x88][0xb2][0x14][0xc3]&[0x0][0x0][0x0][0x0][0xff][0xff]"
05:47:33.653 [main] DEBUG org.apache.http.wire -  << "[\r][\n]"
05:47:33.653 [main] DEBUG org.apache.http.wire -  << "DF[\r][\n]"
05:47:33.653 [main] DEBUG org.apache.http.wire -  << "*[0x0][0xb5]J[0x94][0xac][0x94][0xa8]3[0xda][0x0][0xda][0x91][0x3]-[0x8d][0x86]X}ib`[0x80](u[0xb0]7[0xa9][0x6]r[0xb][0xb8][0x89][0x1]h[0xc][0x1][0x1a][0xb4][0xd8][0x9d][0x87][0xe8][0x14][0xd3]o [0x7][0xb4]J[0x7][0xea][0xa8]![0x17][0xdf][0xa0][0x8d]4P[0xb7][0x13][0x9f]+[0x10][0x81]L[0xfc][0x10][0x1c]hq[0xc]},B[0xd4][0xd0]C/6[0x10][0xf5][0xe3][0x90]s;h/[0x11]]"[0x18]yx[0x90][0xe8]A[0x13]r[0x92],[0xd2][0x10]![0x95][0x86][0xda][0x91][0xc6][0xf7][0xa8]e"[0xa2][0xfe][0xa4][0x96][0x89][0xe4][0xd4][0x93]d[0x5]/"[0xa3][0xd2][0xb6][0xe8][0x19][0xba]{9L[0xc][0x90][0xf6]r[0xd0]kr[0x6][0xd1][0xca][0xa4][0xde][0xb4][0x84][0xa9][0x8e][0x92]sbIjz~Qfj[0xb1][0x92]U4[0xca][0x8c][0x16]"[0xc1][0x5][0x4][0x9b]`[0xf4]q[0xb][0x8a]M[0x14][0x92][0x12][0x8b]@[0x97][0xee]@[0xc7][0xa1][0x8d][0x89]=[0x9f][0xd9][0xc4][0x0][0xe9][0x8a][0x8][0xda][0xa6]1[0x13]D[0x1f][0x8a][0xfa]]i[0x13][0x3][0xe4]5[0xf9][0xf9]y[0x95][0x0][0x0][0x0][0x0][0xff][0xff]"
05:47:33.653 [main] DEBUG org.apache.http.wire -  << "[\r][\n]"
05:47:33.653 [main] DEBUG org.apache.http.wire -  << "177[\r][\n]"
05:47:33.653 [main] DEBUG org.apache.http.wire -  << "[0xa2][0xd9][0x19]T&[0x6]H[0xc3][0x9f][0xc4][0x87][0x18][0xd2]<[0xf][0xf1]-[0x2][0xa4]1M[0xb2]l"r:[0xc2][0x0]i[0xa5]>l[0xd7][0x18]d76[0x8e]u[0xbd][0x81][0xa5][0x99][0x89][\n]"
05:47:33.653 [main] DEBUG org.apache.http.wire -  << "[0xa9][0xf9][0xc5][\n]"
05:47:33.653 [main] DEBUG org.apache.http.wire -  << "E[0x90][0xc1]J[0x85][0xbc][0xd4][0xe4][0xd4][0xe2]b[0xf0][0xd8]eRi[0xb1]BZizfb[0x89]Bb^fn&[0xd2][0xb0][0xa5][0x11][0xa8][0xcb]I[0xcc][0xfc][0x96][0x1][0xd2][0x82]~[0xda]z[0x1c][0xd1][0x96]'[0xcb][0x1e][0x12][0xa2][0x12][0x91][0xfa][0x91]v.[0xc1][0x86][0x83]q[0xec]Pp[0xad]P(,ML-J[0x4][0x9d][0x1e]Y[0x4][0xe][0xde]b[0xa4][0xf0]$[0xf6][0xd4][0x11][0x13][0x3]SD[0xab][0x89][0xc6][0xfe]DZ[0x91][0xe][0xdf]Y[0x4]^[0x98][0xad][0xe0][0x9c][0x9f][PZ[0x2]>[0xa2][0x3]u*[0xd4][0xb1][0xb8] [0xb5](3[0xbf]([0xb5][0x18]r6e~rrbjrbI[0xa6]Ba)y[0xc9][0x7]y[0xa5]:[0xcd]f[0xcf][0xa9]8ol[0x0][0xda][0xe3][0x4]m[0x19][0xd2]r[0xe9][0x92][0x19][0xa2])DSk[0x10][0xd5][0x15]M[0xad]Aj[0x1d]![0x1d][0xa5][0x3][0xde]h[0x81]#C9[0x96]B'SRs[0x15][0x8a]R[0xb]RsrR[0xf3]RJ[0x91][0xf3][0x14][0xf1]e[0x14][0xd2][\n]"
05:47:33.653 [main] DEBUG org.apache.http.wire -  << "u[0xcf][0x0][0xf]?W[0x5]CS[0x85][0x80] [0x8c][0xea][0xd9][0xc3][0xd5][0xcf]=[0xc0][0xdf][0xf][0xd1][0x0]4[0x1][0xd5] D[0x95][0x83]H[0x7]S[0xd2][0xcc][0xe][0xa4]U[0xe9][0xb4][0xb3][0x3][0xb1][0xea][0x8b][0x86][0xf3]0&[0x6][0xe6][0x88][0x85]:[0xb4][0xb5][0x7])[0x85][0xd3][0xee][0xf2][0xc][0x13][0x3][0xd0][0xbe]oX[0xb9]@K{@[0xa7]tA[0xed][0xa1]q[0xfd][0x80][0xb4][0xc6][0x9e]f[0xa9][\r][0xb4]5[0x1f][0xea][0x1b][0xda][0xd9][0x81]HiT[0xb1][0x3][0x0][0x0][0x0][0xff][0xff]"
05:47:33.653 [main] DEBUG org.apache.http.wire -  << "[\r][\n]"
05:47:33.655 [main] DEBUG org.apache.http.wire -  << "CD[\r][\n]"
05:47:33.655 [main] DEBUG org.apache.http.wire -  << "[0xc2][0xd6][0xec]G:[0x90]o[0xf0][0xc][0xe5]!m^[0xa0]e[0xe1][0xe]:5[0x2][0x1a][0x87][0x83][0xc7][0xef]Hwp[0xe0][0xcc]&[0x88]b[0x9e][0xf8][0xc6]![0xbd]v[0x2][0x98][0x18]X"Z[0x0][0x83](X[0x91]*r[0xa2][0xbb]nd[0x85]3[0xa2][0xb9]?[0x88]|ON[0xdb][0x9c][0xc][0xdf][0x83]{[0xb][0x83]-K[0x19]"[0x9d][0xc4][0x88]3Ka[0xcc]9[0x91][0xe5]{D[0x81]M[0xbc]E[0xe4][0xf4][0xda][\r]A[0xbb][0xc8][0x7]_8[0x93][0x93][0xc7][0xc8][0xf3]>"[0x93][0xd1][0xaa]f4[0x4][0x1d]C[0x7][\r]bZG&"w[0x6][0x14][0xe5][0xa7][0x94]&[0x97](8[0x96][0xe6]d&*`[0xee]-[0xc9][0xcc][0xcb][0x84][0xed]+QH[0x84][0xab][0x81][0x8e][0xc8][0x11]9[0x14]c[0x88]4SF[0x1f][0xfb][0x10]-s[0x1a][0x87]$[0xd2][0x86]-[0xfa][0xf8][0xc][0x91][0xe1][0xe9]c[0x1f][0xa2]j[0xa5][0x8f]}[0x88]>[0x8]}[0xec]C[0x94] NE[0x89][0x0][0x0][0x0][0x0][0xff][0xff]"
05:47:33.655 [main] DEBUG org.apache.http.wire -  << "[\r][\n]"
05:47:33.655 [main] DEBUG org.apache.http.wire -  << "B3[\r][\n]"
05:47:33.655 [main] DEBUG org.apache.http.wire -  << "JN[0xc5]v[0x95][0x95]obJ[0xaa]B~[0x9a]BFfz[0x6]h[0xe8]*'[0xb3][0xa4]R[0xa1] 5[0xb1]([0x7][0xb9]([0x1][0xed]6"[0xa6][0xfb]kh[0x88](J\[0xc2]\[0x14][0xbc]3sSK[0x8a]K[0x15][0xf2][0xf2][0x15]"[0x13]3[0x93]@[0xeb][0xae]QG[0x92][0x10][0xf5][0x82][0xa1][0x91][0x1][0xea][0x10]8[0x9e][0xe1]uC[0xa4][0x1d]] k|K[0xd3]S[0xf3][0x14]B[0x8a][0x12]31[0x97][0xed][0xe3][0xb1][0xc1][0x0][0xf7][0x0][0xbe]![0xd2]mJ4[0xb2][0x1][0x14][0xa6][0xd0][0x12][0x91]V6 J[\n]"
05:47:33.655 [main] DEBUG org.apache.http.wire -  << "Z[0xd9][0x80][0x98]W[0x19]4[0xcd]3C[0xa4][0xe9][0xff]A[0xe4](D^[0x1c]D[0x8e]B[0xc]q[0xd3][0xb8]*A:[0x1][0x11][0xbb][0xf7][0x7]t[0x9][0x8e]![0xd2][0xf4];v[0xe7]!J[0x11][0x8c]%8[0x0][0x0][0x0][0x0][0xff][0xff]"
05:47:33.655 [main] DEBUG org.apache.http.wire -  << "[\r][\n]"
05:47:33.655 [main] DEBUG org.apache.http.wire -  << "7C[\r][\n]"
05:47:33.655 [main] DEBUG org.apache.http.wire -  << "B[0x99][0x3][0xa4][0xe2][0x10][0xb3]![0xd2]T=vG[\r]p[0x98]!jO[0xec][0xce][0x1b][0x90]0CT[0xb1][0xe9][0x89][0xb9][0x99]y[0x98]Wl[0xa5][0xe5][0x17])@[0xa4][0x10]W=[0xe8](A[0xdb]|D[0xf][0x0][0x18][0x1a]#[0xf2]3[0x8d][0xb3][0xe][0xd2]L[0xbf][0x2][0xc6]H5FG[0xb][0xb9][0xd6]&v[0x83][0xb4]![0xd2][0x84]<Y[0x9e]![0xb6][0xa9]l[0x8c]h[0x9a][0x93]e[0xf][0xf1][0xd1][0x83][0xb4]G[0x95][0xd6]6!*YZ[0xdb][0x84][0xa8]lim[0x13]"[0x17][0xd1][0xda]&[0xdc]5[0x10][0x0][0x0][0x0][0xff][0xff]"
05:47:33.655 [main] DEBUG org.apache.http.wire -  << "[\r][\n]"
05:47:33.655 [main] DEBUG org.apache.http.wire -  << "56[\r][\n]"
05:47:33.655 [main] DEBUG org.apache.http.wire -  << "[0xa2][0xee][0x2]VC[0x92]f[0xe6][0xc1][0x87][0xe][0x10][0x9d][0x95][0xa8]Y[0xe8]#M[0xec][0x13][0x1f][0xf4][0x88][0x92][0x96][0xf8][0x1c]B[0xe9][0x84]=[0x9]6[0xd1][0xad][0xa8][0xa4][0xdb][0xa4][0xb9]![0xd2][0xa4]9[0xf1][0xd1]Dt[0x82]BZId[0x88]43[0xe][0xb5][0x9][0xcb]r[0xa2][0x9c][0xc4]J[0x85][0xf2][0xcc][0x92][0xc][0x85][0xac][0xd4][0xe2]bPo[0xb][0x9c][0x80][0x11][0xc9][0x2][0xa3]"
05:47:33.655 [main] DEBUG org.apache.http.wire -  << "[\r][\n]"
05:47:33.655 [main] DEBUG org.apache.http.wire -  << "30[\r][\n]"
05:47:33.655 [main] DEBUG org.apache.http.wire -  << "[0x5][0xc5]:D![0x3][0xa9]%1[0xaa][0x1c]*U[0xa0]H[0x13][0xe8]CmY[0xa8][0xa1][0x19])[0xe5]#8*[0x88][0x8e]zj[0x96]%H[0xe7][0xd6]A[0x93][0xe]h[0xb7][0x15][0x0][0x0][0x0][0xff][0xff]"
05:47:33.655 [main] DEBUG org.apache.http.wire -  << "[\r][\n]"
05:47:33.655 [main] DEBUG org.apache.http.wire -  << "203[\r][\n]"
05:47:33.655 [main] DEBUG org.apache.http.wire -  << "B[0xed][0x80][0xc3][0x1b][0x10][0x3][0xe8]L[0xc4][0x98][0x1][0xf6][0x86][0xe4][0xc0][0xb6]s[0x91]f[0xf4][0xa1][0xa1]Ht[0x6]D[0x8a]u[0xe2]s [0xd2][0xec]>[0xf6][0xe0] 6[S3)[0x99]c[0xb4]r[0x88][0xe][0x4]b[0x9d][0x8b]\[\n]"
05:47:33.655 [main] DEBUG org.apache.http.wire -  << "![0x9d][0x87]7[0xe4][\n]"
05:47:33.655 [main] DEBUG org.apache.http.wire -  << "[0x7][0xa4][0x15][\r][0xd0][0xf4]2(s[0x1d][0xe6][0xbd][0x9c][0xb4][0x8d][0xd1][0xa1]Qd"m?[0x1e]z[0x9][0xf]Q[0x8e][0xe][0xea][0x84]GJ[0x93][0xe0]j%sD_u[0xc8][0xa5][0x4][0x92][0x16][0x7][\r]\[0x10]#[0xad],[0x1a][0xcc][0x9][0x16]iq[0xd2][0xd0]K[0x9][0x88])5[0x9a]M[0xed]Z [0x6][0x2][0xa1][0xd1][0x88]y[0xb7]'[0xbc][0x99][0x99][0x97][0xaf][0x80][0x9e][0xe0][0xf0]7[0x8d][0xa8][0xd9][0x8a][0xb1][0xc0][0xa8][0x84]0][0x8a]h[0xae][0xe0][0x1b][0xd5][0xa2][0xaa][0xab][0x10][0xfd]c[0x8f][0x2][0x85][0xb0][0xcc][0xb2]|[0x85]H##[0x8c][0x96]znjnfNfv[0xa6]BqAjqfZfvbq[0xa6]Beb^[0xba]BbA&[0xe8][0x14]6[0xe8][0x18][0xa6]1h[0x1e][0x8d][0xd8]u[0xfb][0x86]H[0xab][0xb6][0xa0][0x91]G[0xd3]f[0x0][0xe6]I[0xb7][0xb4][0xb5][0xe]Q[0x88]C}[0x87][0xa7]-[0x86]%i[0x12]?[0xc8]A[0xf4]q[0xb7][0xf8][0xba][0xe9][0xc6]D[0x8f][0xd8][0x12][0xb3][0xae][\r]_[0x9e]#[0xc1]c[0x88][0x1][0x1][0xc2]A[0x88][0x9e][0xb5][0xf1][C[0xcd]L[0x4][0xba][0xc0][0x0]:[0x9b][0x8a][0xdf][0x99]T[\n]"
05:47:33.655 [main] DEBUG org.apache.http.wire -  << "[0x8c]2[0xf]O[0xc2][0x1a][0xc0]P[0xc1]([0xf0]p8[0x93]J[0xa1][0x82]([0xc9][0xf0]GBFb1F5@[0xc7][0xb4]24[0x1a][0xca]H79c[0x1f][0x8][0x18][0xd0]q[0x11][0xf0][0xb6][0xb]h[0x8e][0x1b][0x94][0xce]C[0x94][[0xd8][0x9d][0x87][0xa8][0xe8][0xe9][0xd6][0x0]1B:[0x83][0x4][0xbb][0xa3][0x6]8J[0x11][0xc5][0x5]v[0xe7][\r]H[0x98][\r][0x89]B[0xc5][0x8][0xe9][0x90][0x91]A\[0xf6][0x19]![0xad][0xc3][0xc4][0x1e][0xc5][0x3][0x9b][0x2][0x91][0x16]SB.[0x1f][0x83][0xec]D[0xc4]v[0x19][0x98]SNb^JfIff[0xb1]BriNA[0xa2]Bj^f.h#k"[0xd2][0x86]K[0xd0][0xa9][0xbc][0xc4],\3B:[0x6]P[0x86][0xb][0xa2][0x1f]G[0x9b][0xa5]\F[0x86][0x88][0x16][0xcd][0xa0][0xc][0x0]bK[0x1][0xaa][0xb4]d[0x8c][0xd0][0xd6]1R[0x81][0xa1][0x11][0xd2][0x12][0xc6][0xc1]\^ [0xad][0x83][0xc4][0xef]L[0xea][0x84];[0xd2][0xa2]Ht[0xeb][0x0][0x0][0x0][0x0][0xff][0xff]"
05:47:33.655 [main] DEBUG org.apache.http.wire -  << "[\r][\n]"
05:47:33.655 [main] DEBUG org.apache.http.wire -  << "EA[\r][\n]"
05:47:33.655 [main] DEBUG org.apache.http.wire -  << "B][0xf]@%[0xeb][0x10][0xd3][0x1a][0xbe][0xa0][0xc5][0xe0][0xc1][0xf9][0xc9][0xc9]X[0xf6];'[0xe7]'%*$[0x17][0xa5]&[0x96][0xa4][0xc2][0xd6][0x8b]#jBcb[0xfb][0xda]FH[0xe7][0xdb]S[0xc9]6C[0xb4][0xe5]gHs(FF[0x88]"[0x83][0x6][0xa7]7[0x18]![0xad][0xb2]$5[0xa6][0xc8][0x99][0x16]3[0xc2]<k[0x9]s[0xec][0x6]_[0x8f][0x97]~[0x8d]<[0xa4][0xfb][0xb2][0xa1]![0x83][0xe9]RD[0xf2][0xa1][0xd3]([0x93][0x11][0xd1][0x17][0x11]P)g!F[0xf9][0x7]cuB[0xf4][0xc1]N[0xd4][0x9][\r][0xa4][0xf5][0xa5]4[0xaa][0xbe][0x91][0x16][0x8b][0xd2][0xca][0x6]Dy2(c[0x94]P[0xdf]e`[0x1b][0xb6]H[0xab]8[0xa9]} [0x90][0x11][0xd2][0xf2]M[0xea][0x9b]M[0xca][0x8][0xea][0x80][\r]t[0x19][0xd1]m[0xbd][0xa7][0x11][0xd2]]%[0xd0][0xd2][0xdd]T!8'3[0x17]c[0xbc][0x1e]_e[0x84][0xac][0xb][0xb9][0x16][0x7]][0x10]=[0x88]GYL[0x10][0xbd][0x6]Xh`[0xf][0x8][0xea][0x94][0xa3][0xa6][0x84]29[0xa2]^[0xa5]_}[0x8f][0xb9]B[0xf]<[0xc8][\n]"
05:47:33.655 [main] DEBUG org.apache.http.wire -  << "[0x0][0x0][0x0][0xff][0xff]"
05:47:33.655 [main] DEBUG org.apache.http.wire -  << "[\r][\n]"
05:47:33.657 [main] DEBUG org.apache.http.wire -  << "213[\r][\n]"
05:47:33.657 [main] DEBUG org.apache.http.wire -  << "J[0xc5]h[0xb3][0x82]F=)[0x99]d0BZ3G[0x8f][0xd0]F:|f0[0x96][0xf8]H[0xc7][0xa0][0xa7] [0x5]6z[0xd0]#[0x92][0x4][0xbe][0xa6][0x16]r[0x9e]C[0x9a][0xd0][0xa4][0xb2][0xc1][0x88][0xe4]K[0xa3]J[0x1a][0xe9][0xac][0x7]*;[0x1d]1f>([0xd3][0x2][0xa2][0x9a][0xc2][0xee]<D*[0xa0]_[0xc1][0x80]4'[0x88][0xdd]Q[0x3][0xdb]$A:[0xc3][0x2][0xbb][0xf3][0x6]$[0xcc][0x10][0xad]L[0xfc]E[0x1c][0xc5][0x85][0xa9]%[0xa2][0xea][0xc2][0xee][0xfd][0x1][0x8e][0x1d][0xc4][0x80][0x17]v[0xe7][\r]H[0xec] zu[0xb4][0x8e][0x1d]B[0x19]z@c[0xc7][0x18][0xe9][0x80][0xfc]A[0x13];[0xc6]H's[0xd0][0xa6]z1&xP[0xc6][0x0][0xc7][\n]"
05:47:33.657 [main] DEBUG org.apache.http.wire -  << ""y[0xd2]*[0x0][0x10][0xc9][0x92]F6 [0xcd][0x80][0xd0][0xca][0x6][0xc4][0xa0]'[\r][0x6][0x6][0x8d][0x91]N[0x8d][0xc0][0x9e]5[0x6]6[0x8d][0xc][0xee]y[0xe]c[0xc3]AX[0xec][0x1b]c[0x99][0xab][0xa0]a[0x9f][0xd7][0x18]i[0xce]a0[0xa6] #D[0xfe][0xc1][0xee][0xbc][0x1][0xa8][0x99][0x8d][0x91][0xe6][0x16]hTl [0xcd]'x[0xa4]&[0x96]U*[0xb8][0x94][0x96]T*@O[0x1d][0xe][0xc8]I,I[0xc5][0xe8][0xf9];[0x96][0x96][0xa4][0xe6][0xa2][0x1f]5\[0x94]ZT[0x9a][0x8b]4E[0xb]>[0xe5][0x8a][0x98]9Zc[0xa4])[0x7][0xc7][0xf2][0xd4][0xe2][0xfc][0xdc]T[0x85][0x80][0xc4][0x82][0xd4]"[0x5][0xe7][0xfc][0xc4][0x12][0xc][0xcb]][0xf3][0x8b][0x15]2[0xb][0x8a]Ks[0x15]2K[0x12][0xb]KS[0x15]r[0x12][0x93][0xf2][0x8b]2[0xf3][0x8b][0x13]s[0x15]R[0xc1][0x2][0xa9]%[0xa0][0xe9][0xe2][0xcc][0x12]r[0x1c]cj[0x8c][0xe8][0xcb][\r][0x9a]T`[0x8a]4[0xca]H[0xdb][0xf6][0x99])[0xd2][0x98][0xe3] [0xf2]>[0xa2]v[0x1e]<[0x8e]B[0x1a][0x9a][0x1c]D[0x8e][0x1a][0x84]e[0x98])[0xc1][0xb1][0xce][0x1](XM[0x91]N[0xdb][0x1f]D[0xd1][0x87]h[0xe8][0xe]"G[\r][0xc6][0xdc][0x87][0xb4][0x9f]~[0xf0][0x84][0x14][0xd2][0xd5][0xdd][0x8e][0xa9]E[0xf9])[0x95]y[0x89][0xb9][0x99][0xc9][\n]"
05:47:33.657 [main] DEBUG org.apache.http.wire -  << "[0x90][0xb5]NN[0xf9]%%9[0x98]u)[0xa8][0x86][0xcc][0xcf]K[0x85][0xac]r[0x2]/u[0xca][0xcb][0xcc][0xc8][0xcc]QH[0xce]/**-([0xc9][0x84]\9[0x9a]Z[0xac][0x90][0x9b][0x8]9[0x99]=[0x95][0xbc]z[0xcd][0x14][0x91][0xb4]h[[0x85][0x18][0x11][0xbc][0xbe]w@;[\n]"
05:47:33.657 [main] DEBUG org.apache.http.wire -  << "F[0x4]3[0xfe][0x0];[0x8f]Pn[0x1b]X[0xe7]![0x1d][0xb7][0x81]=[0xdf][\r][0xb0][0xf3][0x10][0xc3][0x8c][0x83][0xd2]y[0x88]^ [0xfe]LH[0xa5]i5[0xe4][0xc1]}[0x0][0x0][0x0][0x0][0xff][0xff]"
05:47:33.657 [main] DEBUG org.apache.http.wire -  << "[\r][\n]"
05:47:33.657 [main] DEBUG org.apache.http.wire -  << "CB[\r][\n]"
05:47:33.657 [main] DEBUG org.apache.http.wire -  << "[0xf2][0x8f][0xc0]\[0xae]2[0xc0][0x91]E([0xa9][0xf]@[0xbb][0xc0][0x88]n'[0x80][0x18]![0x1d][0xe3][0xe0][0x9b]_Z[0x8c]Y5[0xe0][0x9b]i&v[0xce][0xcb][0xc][0x91][0x4]hh[0x9][0xa2]n[0xa1]M'[0xd5][0x8][0xf3][0xb0][0x6][0x1c]s[0xb1][0xd4][0xc9]8Hg5Pw[0xba][\r][0xe9][0xbc][0x5]*[0x1b]Lh[[0xc4][0xc0]fu[0xa4]S[0x9][0xb0][0x97]D[0x3][0x91][0xd5][0xcd][0x11]]}[0x1a]%[[0xa4]c[0x7][0xb0]{{[0x80]c[0x5][0x91]o[0xb1];o@b[0x5]Q+[0xd0](V0[0xb7][0xd1]c[0xd6][0x8c][0xf8][0xca]^#KK[0xd4]#m[0xd1]O[0x8b]DYt[0x80][0xe8][0x91][0xd3][0xca];[0x88][0xac][0xf]mT[0xd0][0xd0];[0x96][0x88][0xfa][0x4]j[0x19][0x8e][0x82][0x98][0xd2]y\c[0xa4]=U[0xb4][0x9]8c[0xa4][0xbb][0x8f][0xb1]'[0xff][0x1][0xcd][0x9d][0xc6]4[0xdf][0xab]`[0x8c][0xb4][0xf6][0x9a]FA[0x8c][0xb4]f[0x9a][0xd4] [0x6][0x0][0x0][0x0][0xff][0xff]"
05:47:33.657 [main] DEBUG org.apache.http.wire -  << "[\r][\n]"
05:47:33.657 [main] DEBUG org.apache.http.wire -  << "EE[\r][\n]"
05:47:33.657 [main] DEBUG org.apache.http.wire -  << "J,[0xc9][0xcc]K/V[0xb2]B[0xcf]\T[0xdc]]ll4[0x8][0xb]@[0xe3][0xc1]}[0xa6][0xae]1[0xd2][0x9a]g[0xec]Q:[0x0][0x95][0x86]1[0xd2]2iZ[0x9d][0x87]a[0x8c]t!.[0xed][0xec]@,^[0x81][0x15][0xaf][0xb4][0x9c][0x91]C[0x9a][0xec]@[0xba][0xb][0xd1]'3/5[0xf][0xc7][0x85][0x93]a[0xf9]9[0xa5][0x5]%[0x89][0xc5][\n]"
05:47:33.657 [main] DEBUG org.apache.http.wire -  << "e[0xa9]y[0x99][0x89][0xb9][\n]"
05:47:33.657 [main] DEBUG org.apache.http.wire -  << "[0x89]9[0x99][0x85][0xa5][0x99])8[0xa7]ZLp[0xef]d1F:k[0xd7]5/[0xbf](7[0xbf][0xb4]X[0xc1]7[0xb1]()'[0x15][0x87][0xe5][0x9e])[\n]"
05:47:33.657 [main] DEBUG org.apache.http.wire -  << "e[0x10][0xfb]K2A[0xb7][[0x96]e[0x96]$[0xa6]*[0x14][0x97][0x16]'g[0x16]d[0xc2][0xee][0x93]+VHLR[0xc8][0xc9]LJ-[0xca][0xc7][0xe9]*[0xf4]2[0x5][0xa9][0xc2]6F[0x9a]k[0xf1][0xcc]+I[0xcd][0xc9][0xc9]LO[0xcd]+Qp/J[0xcc][0xcb],IU[0xc0]1[0x8c][0x17]X[0x9a][0xa9]P\[0x9a]W[0xa2][0x90][0x9b][0x9f][0x93]Z\[0x92][0x99][0x98][\n]"
05:47:33.657 [main] DEBUG org.apache.http.wire -  << "g[0x15][0xe3][0xb8][0xe0][0x8e][0xf8][0x9]2[0x82][0x93]2[0xa4]TT[0x0][0x0][0x0][0x0][0xff][0xff]"
05:47:33.657 [main] DEBUG org.apache.http.wire -  << "[\r][\n]"
05:47:33.657 [main] DEBUG org.apache.http.wire -  << "169[\r][\n]"
05:47:33.657 [main] DEBUG org.apache.http.wire -  << "[0x82]\jK[0xcd]R[0x14]i&[0xc4]-1[0xaf]$[0xb1][0xb8]$3Y[0xc1]9?/[0xb9]([0xb5][0x4]WT[0x6]![0xee][0xfc]SH[0x5][0xa5][0xa5][0xd4][0x12][0x85][0xc2][0xd2][0xfc][0x14][0xd0]M[0x93][0x89][0xd0]1[0xcf]\[0xd0][0xec]^bJfAfq2[0xf2][0xf5][0x93][0xa8][0x1][0x87][0xe7]>[0x1]c[0xa4]E[0xdd][0xd8][0xcb][0xaa][0x1][0xe]8[0xc4]h[0x15]l[0xe2][0x13]:[0xef][0xea][0x9d][0x97][0x99][0x86]9 [0xe0][0x94][0x9a][0x8]J[0xf0][0xd0]<[0xa7][0x80]'[0xdb][0xe1]K[0xe0]Hk[0xbb][0x7]e[0xa0] [0xc6][0xc8]h[0xd4]([0x19][0xdc]#[0xc0][0xc6]H[0xf7]'[0xf][0xc6][0xf8][0x19][0xdc]#[0xc0][0xc6]H[0xe7][0x1f][0xfb]d[0xa6]g[0x94][0x94][0xa7][0x82]H[0x85][0xf0][0xfc][0xfc][0x1c][0x5][0xe7][0x8c][0xc4][0xcc]"[0x8c][0x5][0x5]>[0xa0][0xf5][0x3][0xa9][0xf0][0x9a]%[0xb5]X![0x9][0xbe][0x5][0x1d][0xa9][0x6][0x1]5[0xcb]p6J[0x91]+[0x10][0xa4]Y [0xec][0xf1]7[0x10][\r]$S[0x9a][0xe7]*SD[0xcf]0713/1O!1/[0x11]t~[0x15][0xea][0x8e][0x89][0xe2][0x92][0xd4][0xd4][0xa2][0xcc][0xbc]t[0x85][0xf2][0x8c][0xd4][0xd4][0x1c]DP[0x10][0xbd]u[0xc6][0x18]i&[0xb]{[0xf8][0xe]l[0xa1][0x8e]4[0x80][0x8c][0xdd]y[0x8]?[0xd3]m[0xc9][0xba]1[0xd2]^[0x16][0x1a][0x15][0xaa]f[0x88]Q[0x8]Z[0xd9][0x80][0xa8]-[0xa9]y[0xed][0x11][0x9e][0xbd][0xd6][0xc6]H;e[0x8a]K[0x8b]K[0x15][0xb2]KS[0x12][0x15]r2[0x13]1[0xb][0x11][0xb0]44[0xc1]C[0xf]l[0xb3]D9[0xf5][0xb]_3[0x5][0xe9][0xdc]i[0xda]f[0x1d][0xa4])[0x7]h[0xf7][0xc2][0xc][0xa3]8[0x84][0x8f]|[0xa1][0xef][0xfa]3$>[0x8b]"[0xcd]:P[0x9c][0x18][0x0][0x0][0x0][0x0][0xff][0xff]"
05:47:33.657 [main] DEBUG org.apache.http.wire -  << "[\r][\n]"
05:47:33.659 [main] DEBUG org.apache.http.wire -  << "C9[\r][\n]"
05:47:33.659 [main] DEBUG org.apache.http.wire -  << "[0xc2]z#[0xab]1[0xd2][0x9d][0xcf][0xe0][0xa0][0xa7] f[0xf0][0xb5][0x95][0x90][0xe6][0x1d][0xa8][0x99][0xe6][0xf0]Y[0x89]4[0xf7][0x0][0x8d]#Z[0x8d][0xb0]![0x9d][0xc6]L[0xa3]XB:3[0x99][0x96][0xb1][0x84]4[0xbb]@Skh=_`[0x8c]4_[0x0]*K[0x14][0x12]+[0x13]17[0xa0][0x82][0xbd][0x8][0x92]FT$[0xa8]E[\r][0xde][0xd4][0x85][0xa8][0xa5]i[0x9d][0xba][0x10]ck[0xb4]J][0x88][0x99][0x2][0x1a][0xfb][0x85][0xa4][0x13]m)[0xd9][\n]"
05:47:33.659 [main] DEBUG org.apache.http.wire -  << "j[0x8c][0xb4][0xf9][0x91]F[0xa1][0x86][0xb4][0xb][0x92][0xd6][0xa1][0x86]hsbo[0x9][\r]lC[\r][0xe9][0xcc]R[0xec][0xce]C[0xe4]/[0xfa]5[0xd4],[0x10]i[0x9a]F[0xf1][0x8f][0xb4]{[0x91]V6 [0xa6][0xbc][0xe8]Ui[0x12][0xdc][0xf3]8[0xb0]I[0x8d][0xe0][0x9e]D\I[0xcd][0x18]m[0xf8][0x94][0x9a][0xc3]v[0x96]4[0xaf][0xce],[0x11][0x5][0x0][0xad][0x92][0x1a][0xa2]:[0xa3][0x95][\r][0xa4]Vc[0x0][0x0][0x0][0x0][0xff][0xff]"
05:47:33.659 [main] DEBUG org.apache.http.wire -  << "[\r][\n]"
05:47:33.659 [main] DEBUG org.apache.http.wire -  << "18E[\r][\n]"
05:47:33.659 [main] DEBUG org.apache.http.wire -  << "JNU[0xb2][0xc2][0xb8][0xf4][0x14]_[0x95][0xc][0xea]&@[0x8f][0x82][0xa0][0x8d][0x1f]L@'YAm[0xa0]m[0x91]o[0x82][0xb4][0x12]i3[0x9]tP[0x1f][0xfb][0xf0][0x8b]kfi[0xb1]BAjQqAfrfbIf1h[0x8][0x18]i[0xdc][0x5][0x94]L[0x89][0x19]w1[0xa1][0xf9]6I[0x13][0x9a]OI[0x9b] m[0xc4]t[0xcf]/JO[0x5]M[0x89][0x84][0xe7][0xe7][0xa7][0xa4][0xe6])8c[0xe9]u[0xfa][0xa7]d[0x96] V[\n]"
05:47:33.659 [main] DEBUG org.apache.http.wire -  << "[0xc3][0xe6]FR[0x91][0xb7][0xe1][0x80][0xee][0xce]".[0xf8]h][0x1c][0x98] [0xcd][0xb7][0xd3]:[0x19][0xd2]:[0xd3][0x9a][0x18] [0xea]i[0xfc]~[0xa1][0xca][0x82]4[0x13][0x9a][0xef][0x1e]5A:([0x93]F[0xa5][0x10][0xd2][0x6]RZ[0xd9][0x80][0x18]![0xa2]K[0xa4] R[0x19][0xf6][0x6][0xe4][0x80]6:L[0x90][0xce]\[0xc4][0xee]<\[0x8d][0xe][0xf4][0xca][0x8a][0x8a][0x8d][0xe][0x93][0xc1][0xb8][0xc9][0xd2][0x14]sX[0x8c]FC.[0xa6]X[0x6]wh8[0xbf]o[0x8a]4[0xc2][0x13][0xe0][0xac][0xe0][0xee][0xe8][0xeb][0xe9][0xe7][0x8e]1[0xe0][0x17][0x1c][0xe0][0xea][0xad][0xe0][0xe1][0xe9][0xee][0x81]H[0xf][0x96][0xa0][0x16][0x3]1[0xb5][0x86])[0xd2]Z[0xba][0x80][0xc4][0x9c]D[0x9f]|[0x1f][0xcc][0xcb][0xe0]q[0x8e]([0x1a]YZ[0x82][0x16]U[0x10]g[0x11]b|[0x99][0xc6][0x16]![0x96]`[0xd0][0xa9][0xf7]b[0x8a]t[0x9][0x8d][0xfd][0x86]h.[0xd3][0xc9]o&H[0xfb][0xf2][0xf1][0x97][0xc9][0x94].[0x18]41D4`[0xb0][0x97]w[0x3][[0x1c]#-[0xe7][0xc3][0xee]<D[0xf6][0xa3][0xdb]p[0x83][0x9][0xd2][0xe6]o[0x1a][0xd5][0xc9]H[0x9b][0xbb]i[0x1c][0xff]H[0xab][0x19]im[0x13][0xa2]_[0x8b][0xdf]&[0xea]4[0xfe][0x90][0x8e]x[0xa5]U$!Z2[0xf8]=Dq&[0x5][0xcd][0xa2]C[0xbb][0xa2]4[0xf2][0xb][0xd1]G[0xc0]R[0xec][0x17][0xa4][0x95][0x90]XB[\r][0x0][0x0][0x0][0xff][0xff]"
05:47:33.659 [main] DEBUG org.apache.http.wire -  << "[\r][\n]"
05:47:33.659 [main] DEBUG org.apache.http.wire -  << "E4[\r][\n]"
05:47:33.659 [main] DEBUG org.apache.http.wire -  << "[0xca][0xcc][0xcf]S[0xb2]R[0x82][0xd7]}[0x94][0x8c][\n]"
05:47:33.659 [main] DEBUG org.apache.http.wire -  << "[0x9b] -o[0x84][0xd9]D[0xc3]f[0x83][0x9][0xa8]R[0xa6]q$!*Y[0x98][0x87]0[0xda]%T[\n]"
05:47:33.659 [main] DEBUG org.apache.http.wire -  << "[0xba][0xc1]]+ [0xad]6[0xc4]^+[0xc]l[0xa5]e[0x8c][0xe8][0xe6]bw[0xde]@TZH[0xeb][\r]iT[0x86] [0xad][0x1b][0x84]&O[0xd2][0xb6]T[0xd0][0xaf][0x2]G:[[0x1][0xa7]K[0x11]q[0x84]o[0xd7] 5{y&[0x88][0x8e]8[0xf6]d3[0xb0][0xa9][0x1a]i[0x87]:[\r]N[0xca]2[0x1]]NB[0xdb][0xe2]sp[0xaf]`4![0xb8][0x82][0x11][0x91]"[0xe9][0x97]SL[\r]t[0x94][0xa0][0xb1][0x82]3[0xa7][0xe0][0xab]r[0xe8][0xe8]R[0xc4][0xfc][0x19]N[0x97]"B[0x90]^y[0x1a][0xe9][0xc4][\r][0xb7][0xd2][0xa2][0xbc][0xcc][0x92][0xd2][0xa2]T[0x85][0x90][0xfc][0x2][0x8c]z[0x1b]![0x9b][0x92]X[0x94][0xa9][0xe0][0x95]Z[0x90]X[0x4][0x1a][0x14][0x80][0xcd][0x8d][0x80]R[0x7]1]~[0x13][0xa4][0x85][0x94]4*[0xe7][0x91][0xce][0x9d][0xa6][0x95][\r][0x18]][0x5]Jj[0x12][0x1a]N[0x7][0x9a][0x0][0x0][0x0][0x0][0xff][0xff]"
05:47:33.659 [main] DEBUG org.apache.http.wire -  << "[\r][\n]"
05:47:33.659 [main] DEBUG org.apache.http.wire -  << "107[\r][\n]"
05:47:33.659 [main] DEBUG org.apache.http.wire -  << "2E[0x8c][\r][0xc][0xa6]T[0x87][0xe8][0x99] [0xd2][0x15]MS[0x1d][0xd2][0xfa]M[0xaa]n[0xd1]6AZ[0x83][0x9][\r]`[0x1a][0x8d]2[0x9a][0x10]}[0x9e]8[0xc5]] [0xa4][0x5][0x92][0xb4][0xf6][0xd3][0xe0]n[0xc7]#[0xad]x[0xa4][0xf6]][\r]&Hk[0x1d][0x7]ck[\n]"
05:47:33.659 [main] DEBUG org.apache.http.wire -  << "iL{P:[0xf]1p<([0x9d][0x87][0xe8][0x9]cw[0x1e][0xa2][0xa6][0xa7]_[0xb][0x4]i[0x1d]"-[0x1a][0xc8][0xe6][0x88][0xaa][0x6][0xbb][0x9f][0x7][0xb6]{`>[0x18];[0xbd]H[0x13]-[0xf0][0xcd][0x92][0x90]M-[0xd8][0xe][0xc9]tLN.-N[0xcc]+[0xc9],[0xcd]U[0xc8][0x7][0x8d]EA[0xb7][0xd4][0x15]#-[0xac]@[0xdd]F[0x87]>[0xe9][0x87][0xb4][0xa3][0xc5][0x14][0xe9][0xd4][0x92][0xe0][0xca][0xbc][0xd4][0xa2][0xf4]L[0xf0][0x16]?[0xe8][0xc2][0x84][0xe0][0x8c][0xfc]T[0xd0][0xd5]_[0xa8][0xfb]<\[0xc1][0xfb][0xf9]@{[0xfa][0xc8][0xb4][0x13][0x91]/h[[0xb3][0x98]"[0x1d][0x3]Bk[0x9b][0x10][0x8d][0xc1][0x80][0xa2][0xfc][0x94][0xd2][0xe4][0x12][0x5][0xc7][0xd2][0x9c][0xcc]D[0x5]c[0x8c]F4[0xe8][0xd6][0xba][0x2][0xa8][0x9a]D[0xb8][0x1a]h[0x13][0x1a]_[0x93][0x1f]%[0xde][0x10][0xf9][0x8c]>[0xf6]![0x1a]k[0xf4][0xb1][0xf][0x91]Qih_l-[0x17][0x0][0x0][0x0][0xff][0xff]"
05:47:33.660 [main] DEBUG org.apache.http.wire -  << "[\r][\n]"
05:47:33.661 [main] DEBUG org.apache.http.wire -  << "A[\r][\n]"
05:47:33.661 [main] DEBUG org.apache.http.wire -  << "[0x3][0x0]L[0xb3][0xf9][0x85]q[0xbb][0x1][0x0]"
05:47:33.661 [main] DEBUG org.apache.http.wire -  << "[\r][\n]"
05:47:33.661 [main] DEBUG org.apache.http.wire -  << "0[\r][\n]"
05:47:33.661 [main] DEBUG org.apache.http.wire -  << "[\r][\n]"
05:47:33.661 [main] DEBUG io.restassured.internal.RestAssuredHttpBuilder - Parsed data to instance of: class org.apache.http.conn.EofSensorInputStream
05:47:33.665 [main] DEBUG org.apache.http.impl.conn.BasicClientConnectionManager - Releasing connection org.apache.http.impl.conn.ManagedClientConnectionImpl@24484dfb
05:47:33.665 [main] DEBUG org.apache.http.impl.conn.BasicClientConnectionManager - Connection can be kept alive indefinitely
05:47:33.741 [Finalizer] DEBUG org.apache.http.impl.conn.DefaultClientConnection - Connection 0.0.0.0:60345<->149.248.193.56:443 closed
05:47:33.759 [main] DEBUG net.thucydides.core.steps.StepInterceptor - STEP DONE: I send HTTP GET request
  &amp#27;[32mWhen &amp#27;[0m&amp#27;[32mI send GET HTTP request&amp#27;[0m                    &amp#27;[90m# starter.stepdefinitions.UserSteps.iSendGETHTTPRequest()&amp#27;[0m
05:47:33.771 [main] DEBUG net.thucydides.core.steps.StepInterceptor - STARTING STEP: UserSteps.iReceiveValidHTTPResponseCode - I receive valids HTTP response code 200
05:47:33.772 [main] DEBUG net.thucydides.core.steps.StepInterceptor - STEP DONE: I receive valids HTTP response code 200
  &amp#27;[32mThen &amp#27;[0m&amp#27;[32mI receive valid HTTP response code 200&amp#27;[0m     &amp#27;[90m# starter.stepdefinitions.UserSteps.iReceiveValidHTTPResponseCode()&amp#27;[0m
05:47:33.784 [main] DEBUG net.thucydides.core.steps.StepInterceptor - STARTING STEP: UserSteps.iReceiveValidDataForAllCategories - I receive valid data for all categories
05:47:33.890 [main] DEBUG net.thucydides.core.steps.StepInterceptor - STEP DONE: I receive valid data for all categories
  &amp#27;[32mAnd &amp#27;[0m&amp#27;[32mI receive valid data for all categories&amp#27;[0m     &amp#27;[90m# starter.stepdefinitions.UserSteps.iReceiveValidDataForAllCategories()&amp#27;[0m
05:47:33.892 [main] INFO  - 
  _____   ___   ___   _____     ___     _     ___   ___   ___   ___  
 |_   _| | __| / __| |_   _|   | _ \   /_\   / __| / __| | __| |   \ 
   | |   | _|  \__ \   | |     |  _/  / _ \  \__ \ \__ \ | _|  | |) |
   |_|   |___| |___/   |_|     |_|   /_/ \_\ |___/ |___/ |___| |___/ 

GET - As admin I can get all categories
----------------------------------------------------------------------
]]></system-out>
  </testcase>
  <testcase name="GET - As admin I cannot get all categories" classname="User" time="0.828">
    <system-out><![CDATA[
@TC-0022
Scenario: GET - As admin I cannot get all categories     &amp#27;[90m# src/test/resources/api/user.feature:145&amp#27;[0m
05:47:33.901 [main] INFO io.cucumber.core.plugin.SerenityReporter - Running feature from file:///C:/Users/Lenovo/IdeaProjects/MiniProject/MiniprojectApi/src/test/resources/api/user.feature
05:47:33.901 [main] WARN io.cucumber.core.plugin.SerenityReporter - Feature from file:///C:/Users/Lenovo/IdeaProjects/MiniProject/MiniprojectApi/src/test/resources/api/user.feature is not under the 'features' directory. Requirements report will not be correctly generated!
05:47:33.903 [main] INFO  - 
  _____   ___   ___   _____     ___   _____     _     ___   _____   ___   ___  
 |_   _| | __| / __| |_   _|   / __| |_   _|   /_\   | _ \ |_   _| | __| |   \ 
   | |   | _|  \__ \   | |     \__ \   | |    / _ \  |   /   | |   | _|  | |) |
   |_|   |___| |___/   |_|     |___/   |_|   /_/ \_\ |_|_\   |_|   |___| |___/ 

GET - As admin I cannot get all categories(user;get---as-admin-i-cannot-get-all-categories)
--------------------------------------------------------------------------------
05:47:33.966 [main] DEBUG net.thucydides.core.steps.StepInterceptor - STARTING STEP: UserSteps.iSetUnmatchedGETApiEndpointsAllCategories - I set the GET api endpoints all categories
05:47:33.966 [main] DEBUG net.thucydides.core.steps.StepInterceptor - STEP DONE: I set the GET api endpoints all categories
  &amp#27;[32mGiven &amp#27;[0m&amp#27;[32mI set unmatched GET api endpoints all categories&amp#27;[0m &amp#27;[90m# starter.stepdefinitions.UserSteps.iSetUnmatchedGETApiEndpointsAllCategories()&amp#27;[0m
05:47:33.969 [main] DEBUG net.thucydides.core.steps.StepInterceptor - STARTING STEP: UserSteps.iSendGETHTTPRequest - I send HTTP GET request
05:47:33.970 [main] DEBUG net.thucydides.core.steps.StepInterceptor - STARTING STEP: GetAllProduct.iSendGETHTTPRequest - I set the GET api endpoints
05:47:33.970 [main] DEBUG net.thucydides.core.steps.StepInterceptor - STEP DONE: I set the GET api endpoints
05:47:33.977 [main] DEBUG org.apache.http.impl.conn.BasicClientConnectionManager - Get connection for route {s}->https://altashop-api.fly.dev:443
05:47:33.978 [main] DEBUG org.apache.http.impl.conn.DefaultClientConnectionOperator - Connecting to altashop-api.fly.dev:443
05:47:34.072 [main] DEBUG org.apache.http.client.protocol.RequestAddCookies - CookieSpec selected: ignoreCookies
05:47:34.072 [main] DEBUG org.apache.http.client.protocol.RequestAuthCache - Auth cache not set in the context
05:47:34.072 [main] DEBUG org.apache.http.client.protocol.RequestTargetAuthentication - Target auth state: UNCHALLENGED
05:47:34.072 [main] DEBUG org.apache.http.client.protocol.RequestProxyAuthentication - Proxy auth state: UNCHALLENGED
05:47:34.072 [main] DEBUG org.apache.http.impl.client.DefaultHttpClient - Attempt 1 to execute request
05:47:34.072 [main] DEBUG org.apache.http.impl.conn.DefaultClientConnection - Sending request: GET /api/products HTTP/1.1
05:47:34.072 [main] DEBUG org.apache.http.wire -  >> "GET /api/products HTTP/1.1[\r][\n]"
05:47:34.072 [main] DEBUG org.apache.http.wire -  >> "Accept: */*[\r][\n]"
05:47:34.072 [main] DEBUG org.apache.http.wire -  >> "Host: altashop-api.fly.dev[\r][\n]"
05:47:34.072 [main] DEBUG org.apache.http.wire -  >> "Connection: Keep-Alive[\r][\n]"
05:47:34.072 [main] DEBUG org.apache.http.wire -  >> "User-Agent: Apache-HttpClient/4.5.13 (Java/14.0.2)[\r][\n]"
05:47:34.073 [main] DEBUG org.apache.http.wire -  >> "Accept-Encoding: gzip,deflate[\r][\n]"
05:47:34.073 [main] DEBUG org.apache.http.wire -  >> "[\r][\n]"
05:47:34.073 [main] DEBUG org.apache.http.headers - >> GET /api/products HTTP/1.1
05:47:34.073 [main] DEBUG org.apache.http.headers - >> Accept: */*
05:47:34.073 [main] DEBUG org.apache.http.headers - >> Host: altashop-api.fly.dev
05:47:34.073 [main] DEBUG org.apache.http.headers - >> Connection: Keep-Alive
05:47:34.073 [main] DEBUG org.apache.http.headers - >> User-Agent: Apache-HttpClient/4.5.13 (Java/14.0.2)
05:47:34.073 [main] DEBUG org.apache.http.headers - >> Accept-Encoding: gzip,deflate
05:47:34.587 [main] DEBUG org.apache.http.wire -  << "HTTP/1.1 200 OK[\r][\n]"
05:47:34.587 [main] DEBUG org.apache.http.wire -  << "content-type: application/json[\r][\n]"
05:47:34.587 [main] DEBUG org.apache.http.wire -  << "date: Mon, 08 May 2023 22:56:24 GMT[\r][\n]"
05:47:34.587 [main] DEBUG org.apache.http.wire -  << "transfer-encoding: chunked[\r][\n]"
05:47:34.587 [main] DEBUG org.apache.http.wire -  << "content-encoding: gzip[\r][\n]"
05:47:34.587 [main] DEBUG org.apache.http.wire -  << "server: Fly/3f2597ca (2023-05-03)[\r][\n]"
05:47:34.587 [main] DEBUG org.apache.http.wire -  << "via: 1.1 fly.io[\r][\n]"
05:47:34.587 [main] DEBUG org.apache.http.wire -  << "fly-request-id: 01GZYS93VD0JPJPV8MWFWKW88S-sin[\r][\n]"
05:47:34.587 [main] DEBUG org.apache.http.wire -  << "[\r][\n]"
05:47:34.587 [main] DEBUG org.apache.http.impl.conn.DefaultClientConnection - Receiving response: HTTP/1.1 200 OK
05:47:34.587 [main] DEBUG org.apache.http.headers - << HTTP/1.1 200 OK
05:47:34.588 [main] DEBUG org.apache.http.headers - << content-type: application/json
05:47:34.588 [main] DEBUG org.apache.http.headers - << date: Mon, 08 May 2023 22:56:24 GMT
05:47:34.588 [main] DEBUG org.apache.http.headers - << transfer-encoding: chunked
05:47:34.588 [main] DEBUG org.apache.http.headers - << content-encoding: gzip
05:47:34.588 [main] DEBUG org.apache.http.headers - << server: Fly/3f2597ca (2023-05-03)
05:47:34.588 [main] DEBUG org.apache.http.headers - << via: 1.1 fly.io
05:47:34.588 [main] DEBUG org.apache.http.headers - << fly-request-id: 01GZYS93VD0JPJPV8MWFWKW88S-sin
05:47:34.588 [main] DEBUG org.apache.http.impl.client.DefaultHttpClient - Connection can be kept alive indefinitely
05:47:34.588 [main] DEBUG io.restassured.internal.RestAssuredHttpBuilder - Parsing response as: application/json
05:47:34.588 [main] DEBUG org.apache.http.wire -  << "576[\r][\n]"
05:47:34.588 [main] DEBUG org.apache.http.wire -  << "[0x1f][0x8b][0x8][0x0][0x0][0x0][0x0][0x0][0x4][0xff][0xaa]VJI,IT[0xb2][0x8a][0xae]V[0xf2]tQ[0xb2]241[0xb1]0[0xd2]Q[0xf2]K[0xcc]MU[0xb2]RJI-N.[0xca],([0xc9][0xcc][0xcf]S[0xd2]QrA[0xe2]Y))[0xe9]([0x5][0x14]e&[0xa7]*Y[0x19][0xe8]([0x5]%[0x96]d[0xe6][0xa5][0x17]+Y[0x99][0xe8](9'[0x96][0xa4][0xa6][0xe7][0x17]e[0xa6][0x16]+YE[0xc7][0xd6][0xea] [0xc]6[0x86][0x1b][0xec]Y[0x90][0x91][0x9f][0x97][0xaa]`h[0xa8]`f[0xa2][0x90][0x9e][0x84]axANb[0xa5]BFb[0xb1]B^[0xbe]BNfnfI1[0xc2]:#KK$[0xb][0x8d][0xd0],[0x84][0xda]fdjb[0x8][0xb7][0xcd]=173/[0x1d][0xc3][0x12][0xb7][0xfc]"[0x85]t[0xb0][0x94]BAiQA~qj[0xb1]R-[0x8a][0x83]-[0xe0]F[0xb8][0x95][0x16][0xe5]e[0x96][0x94][0x16][0xa5]*[0x84][0xe4][0x17]`[0x9a][0x4][0x97]MI,[0xca]T[0xf0]J-H,JD[0xb8][0xd8][0xd0][0x4][0xd9][0xc5][0xa6]h.F[0xb1][0xd1][0x4]ncp~^[0xa5]B@[0xb0]![0x86]e[0xf8][0xc2][0xc6][0x4]%l[0xc][0xd1]l[0xa2]j[0xd8][0x98][0x12]v)"[0x4][0x90][0x93][0x88][0x1]-]e[0x6]w[0x15][0x15]c[0xc][0xdd][0xc5][0xc8]1f[0x89]Hf.a.[\n]"
05:47:34.589 [main] DEBUG org.apache.http.wire -  << "[0xbe][0xa5][0xe9][0xa9]y[\n]"
05:47:34.589 [main] DEBUG org.apache.http.wire -  << "!E[0x89][0x99][0xf8]r[0x8c][0xa1][0x91][0x81][0x81][0x1][0xbe]0A[0xb1][0x1][0x91][0x1f][0x13][0xf3][0x12][0xb3][0x15][0x12]+[0x13]s1[0x12]Eqiq[0xa9][0x2]H[0x1a][0x11][0xe6][0x96](i[0x1][0xaf][0x1f][0xcc][0xe1][0xa1][0x16][0xe1][0xe4][0x1f][0x81][0x99][0xe4][0x10]9[0x5]a<jR3[0xa6]a[0xa4][0x82][0xfc][0x1]-[0x90][0xb0];[0xf][0x97][0xa3][0xd0][0xfd]L[0xc5][0xf4]o[\n]"
05:47:34.589 [main] DEBUG org.apache.http.wire -  << "[0x8a]>[0xa8][0xa3]h[0x13][0xef][0xa6][0x6][0x88][0x94][0x5][0x8a]X[0xea][0xc7][0xbb][0xa9][0x1][0xad]S[0x96][0xa9][0x1][0xa2][0xc8][0xa7][0x91][0x1f],[0x10]e[0xb4]SQbrjNj[0x9]F[0xe6][0xf0]MLIU[0xc8]OS[0xc8][0xc8]L[0xcf]P(,M[0xcc][0xc9],[0xa9]T(HM,[0xca]A[0xae]V[0x8c][0x88][0xcb][0x90][0xc6][0xc6]f[0x18][0x85][0xb4])[0x86][0x95][0xf8][\n]"
05:47:34.589 [main] DEBUG org.apache.http.wire -  << "i[0xd4][\n]"
05:47:34.589 [main] DEBUG org.apache.http.wire -  << "[0xc]w[0x8d]illf[0x9][0xcf][0x98]%[0xa9][0xc5][0xa0]*V[0xa1][0xa0](?[0xa5]4[0x19][0xd3][0x8f]%[0x19][0x99][0xc5][\n]"
05:47:34.589 [main] DEBUG org.apache.http.wire -  << "[0x99][0xc5][\n]"
05:47:34.589 [main] DEBUG org.apache.http.wire -  << "%[0x19][0xa9]05[\n]"
05:47:34.589 [main] DEBUG org.apache.http.wire -  << "[0xa8][0xd5]7[0x96][0xda][0x1a]=[0xd7]"[0x8a][0x1d]ccsD[0xf2][0xa3][0x9a][0xdd][0x86]h[0xc5][0x1e][0xee][0xaa][0xd0][0xd8][0xd8][0x1c][0x91]8[0xa9]j?R[0xdb][0x1][0xaf][0xf5][0x88]H[0xa6][0xaa][0xf5][0xc8][0x89][0xc][0xaf][0xfd][0x88]2[0x99]f[0xf6][0xa3][0x97][0x8f]([0xd1][0x8f][0xc8]W4[0xb3][0x1f]_[0xd2]7[0xa7]A[0xd2]GO~[0xf8][0xfc]oa@[0xfd][0xac][0x87]n?[0xbe][0xec][0x87][0xd4][\n]"
05:47:34.589 [main] DEBUG org.apache.http.wire -  << "[0xa7]Y[0xf8][0xe3][0xf5]?[0xa2][0xe4][0x1e][0x18][0xfb][0x11][0xf9][0xcf]#@!7[0xb3]$[0x1f]{[0x19][[0x92]Z[0x94][0x94][0x98][0x99][0x8d]h[0x2][0x98][0x9a][0x99]#eq[0xbc]^Dd1[0xd2][0xda][0x15][0xe8][0xf9][0x96]z[0xed][\n]"
05:47:34.589 [main] DEBUG org.apache.http.wire -  << "cc[0xb]D[0xba][0x87][0xf6][0x0]([0xa9]\[0xf0][0xa5]0KD[0xc][0x7][0x4]+`[0xda][0x92][0x9e][0x98][0x9b][0xaa]`[0xaa]P\[0x92]X[0x84][0x8]][0xd4]V[0x1f][0xbe][0xc]l[0x89][0x88]@[0xba]4[0xc5][0x8d]M[0x90][0x9a]dT[0x8]:<)[0xc7][0x4][0xa9]iF/[0xbf]!"[0x8b][0xd6]~C[0xc4][@QbrIfrb[0x8e]Bx~~Jj[0x9e][0x82]w^fZ*F>t[0xcc][0xc9]L,VH+MOT(-[0xd1]C[0xa4][0x15]CP[0x84][0xc0]G[0x6][0xf0][0x86]'"'Rod[0x0][0xaf][0x85][0x88]\[0x6][0xb3][0xd0][0x88][0xe2][0xa1][0x8]|[0x16][0x1a]"[0xaa][0x13][0x98][0x85][0x94][0x8f]}[0xe0][0xb5][0x10][0xd1]|[0xa3][0x93][0x85][0x18][0x3][0x2][0xe6][0x18])[0x85][0xf8]V1^[0xaf]!RK@bN[0xa2]O[0xbe][0xf]h[0xac][0x5]ut[\n]"
05:47:34.589 [main] DEBUG org.apache.http.wire -  << "n[0x13][0x96][0xd1]#cc[0xa4][\n]"
05:47:34.589 [main] DEBUG org.apache.http.wire -  << "[0x2]O[0x11]fb[0x88]h[0x3][0x91][B[0xe2][0xf5][0x7]"[0x11][0xd2][0xc2]xP[0x6][0xda]C[0xa5]S[0xcf][0xc8][0xc4][0x8][0x91][0xe8]h[0xe2]#D[0x97][0x80]&[0xc6]#[0xca]X[0xba][0x5][0x18][0xa2][0xb0][0xa5][0x9b][0x95][0x88]|JM+[0xf1][0xe5]##[0xc4][0xa8][0x1c]5[0xad][0xc4][0x97][0xb7][0x8c][0x10]e[0x4][0x8d][0xeb]K#D.[0xa6]QC[0xd5][0xc4][0x18]Qy[0xd0]2[0xfc]`[0xcd]X[0xb]CD[0x12]qLNN-.[0x86][0x8c][0xe6][0xa3][0xcf][0x0][0x94][0xe4]+[0xa4][0xe6]e$[0xe6]%[0xa7]*$[0x16][0x80][0x86]S@L[0xe4][0x11]tc[0x13]cD[0x81]P[0x9c]Z[0x90][0x9a][0x82]YP'fV[0x82][0x4][0xa1][0x83][0x13]F[0xa6][0xc8][0xfd]c|[0x11]l[0x8c]([0xb]h[0x19]&H]b[0x13]P[0xbd][0x1]-P[0xa9][0xed][0x19][0xfa][0x17][0x3][0xc6][0x88]8[0xe][0x6][0xc7][0x8c][0x82]OfqI[0x11][0xb8]'[0x85]Z[0x95]B[0xa5]s [0xd2][\n]"
05:47:34.589 [main] DEBUG org.apache.http.wire -  << "y[0xe9][0xa9]I[0xa5][0xa0][0xf1]'[0xd2][0xa3][0xc]Q[0xc]@[0xcd][0x84]Z[0xa9][0xe0][0x94][0x98][0x93][0x88]9[0xab][0x2]U[0x84]j[0xb1]BRb^:x[0x8c][0xf]j[0xbf])[0xf1]I[0x6]Q&[0xd0]-[0xc9] Z[0x10]t[0xb3][0x12]Q[0x1e][0xd1][0xcb]J[0x13]D[0xf9][0x14]TZ\[0x92][0x99][0xc][0xeb]/8%b[0xce][0xba][0x85][0x96]([0xa4][0x16][0x15][0xe5][0x17])[0x14][0xa5]&[0x97][0x16]'[0xe6][0xa5]$[0xa6]*[0x14][0xe4][0x17][0x17]g[0xe6][0x96][0x16]+[0xe4][0xe6][0xe7][0x80][0xc6]9[0x13]S[0x15][0x8a]SS[0x14]2s[0xb]RS2[0xc9][0xeb]R M[0xff]![0xba]1>[0x99]y[0xa9]y[\n]"
05:47:34.589 [main] DEBUG org.apache.http.wire -  << "N[0xf9]%%9X[0xba]1[0xa5]%[\n]"
05:47:34.589 [main] DEBUG org.apache.http.wire -  << "[0x5][0xa9]E[0xc5][0x5][0x99][0xc9][0x99][0x89]%[0x99][0xc5][\n]"
05:47:34.589 [main] DEBUG org.apache.http.wire -  << ")[0xf9]9[0xf9]E[0xa9][\n]"
05:47:34.589 [main] DEBUG org.apache.http.wire -  << ")[0x99][0xc9]%[0x89][\n]"
05:47:34.589 [main] DEBUG org.apache.http.wire -  << "[0x5][0xf9]EE[0xf9][\n]"
05:47:34.589 [main] DEBUG org.apache.http.wire -  << "[0x99][0x5][0xc5][0xa5][0xb9][\n]"
05:47:34.589 [main] DEBUG org.apache.http.wire -  << "[0xa9][0x89]d[0xf5]rL[0xe8]_d[0x99] [0x9a]4[0xc1]9[0xa9][0xa9][0xd9][\n]"
05:47:34.589 [main] DEBUG org.apache.http.wire -  << "[0x90][0x10]p[0xcf][0xc9]/K[0x5][0x8d]}[0xa3][0xe6]t[0xff][0xb4][0xb4][0xcc][0xe4][0xcc][0xcc]b[0x85][0xe4][0xfc][0xbc][0xe2][0xd4][0xc2][0xd2][0xc4][0x92][0xd2]"[0x85][0xc4][0xbc][0xcc][0xdc]Lx[0xc4][0x14]+[0x94][0xe5][0xe7][0x94][0x16][0x94]$[0x96][0xa4]*[0xa4][0xa4][0xe6][0xa4][0xe6]e[0x96]d[0x92][0x17][0x18][0xf4]/[0xf2]L[0x10]E[0x9e]{~Qzj~i[0xb1]BPiRRj[0x91][0x82]3x[0x8c][0x3]-4R2K i[0xa0]4W![0x11][0x94]8[0xc0]I '1)[0xbf](3[0xbf]81W[0xa1][0xb0]4S!1'[0xb3][0xb0]43E[0xa1][0x98][0xdc]t[\n]"
05:47:34.589 [main] DEBUG org.apache.http.wire -  << "*[0x14][0x1][0x0][0x0][0x0][0xff][0xff]"
05:47:34.589 [main] DEBUG org.apache.http.wire -  << "[\r][\n]"
05:47:34.589 [main] DEBUG org.apache.http.wire -  << "596[\r][\n]"
05:47:34.590 [main] DEBUG org.apache.http.wire -  << "[0x82][0xcc][0xb6]#[0xd2][0xa9]{Qb^fI[0xaa][0x82]s~"[0xa8][0xa4]Eu[0x97]k[0x9][0xa8][0xaf][0x9d][0x99]X[0xa2][0x90][0x9f][0x9b][0x97]Y[0xac][0x90][0x9b][0x99][0x97][0x99][0x9b][0xa8][0x90]W[0x9a][X[0x9a][0x98][0xab]P\Z[0x9c][0x9c]Y@[0xae]k[0x10]Edpe^jQz&,;[0xe7]([0x4]gd[0x16]auMjq[0x9]<Ud&[0x95][0x16]+[0x14][0xe4]$&[0xa7]&[0x96]([0xa4][0x92][0x97]uA[0x5]:4H[0x14]h[0xd4][0x85]4EdE[0xb2][0x9a][0x87][0xc4][0xb6]RL[0x91][0xf2][0x1f]d>[0x1f]s[0x9c][\r][0xde]U%[0xb8][0xd6][0x1]_{[0xc8][0x94][0xfe][0xf9][0xc9][0x14][0x91][0x9f][0xe8]U[0xd3][0x98]"r[0xb][0xdd][0xac]Dd[0x9][0xba]Y[0x89]h5[0x90][0x95]:Q'[0x18][0xf1][0xa6][0x1a]Dc[0x81][0xc6]6[0x99]![0xda][0x8]P[0x9b]0[0x97][0x19][0xe0][0xcb][0x9][0xa8][0x3][0xcf][0xe8]~[0x82]u](_[0xf5]clb[0x86][0xe8][0xb3]@]J[0xab]<kFa)D|<[0x9b][0xd1][0xad][0x1c][0xa2][0xee][0xe4]8z<#w[0xc7][0xcc][0x10][0xc5][0xf][0xad][0xe3][0x9]Q[0xea]@m[0x1a][0xb4]i[0x17]QX[0xe1]t)b[0x80][0x1e]_-F[0xd5][0x1c][0x85]Q[0x9e]Q[0x12]~4[0x9c]}3AZp1[0x88][0xc2][0xcf][0x1c][0xa3][0xec][0xa4]U[0x89][0x84][0xb4][0xe8][0xc3]/[0xb1]8S[0xc1]%[0xb1]4O[0xc1]+[0xb5][0xa8][0x14]4[0xc1][0x8a][0xda][0xc][0x5][0xcb][0x97][0xa7][0xe6]%fg+[0x94][0xa4][0xe6]%[0xe6])[0xe4][0x96][0x16][0xe5][0xa6]"[0xcd][0x15][0x1a]Z[0xe2]_[0xe4][0x6]Kb[0x16][0x96][0x88]T[0x9b][0x9c][0x9f]W[0x92][0x9f][0xa1][0x9b][0x8c]XC[0x8a]>[0xea][0xe4][0x96]X[0x9c][0x91][0x99][0x9f][0x97][0x98][0x94][0x93][0x8a]:[0xd6][0x84][0xb4]`[0x4][0xec]6[0x84][0xdb][0xc1]K[0xa7][0x14][0xd2][0xf3][0x8b]R[0xb1][0xac][0x2][0x5][0xab][0xa5][0x92]?[0x10][0xe9][0x9c][0xb0]?0U [0xad]=561[0xa7][[0x89]mN[0xb7]r[0xd4][0x1c][0x11][0xcf][0xd0][0xdc]E[0xb3]tL[0xb7]v[0x8d][0x5][0xdd]Z[0xb][0x16][0x88][0x14][0x11][0xe1][0x94]_[0xa1][0x80]Y[0x86][0xd2][0xbf]d[0xb7]@[0xf4]:p[0xb8][0x89][0xf0][0xd2]Q[0xf4]:[0x1e]V,P[0xa3]-[0x87][0xb4]:pp[0xba][0x8f]n[0xe9][0x14]i[0x9d]2[0x8e][0x90]@[0xa4][0x1e][0xfa][0xb5][0xb5]-[0x11]-[0xe0][0xc1][0xe4]*DN[0xa3]q9[0x85][0xb4]H[0x6][0xfb][0x12][0xa4][0x81][0xcd]>[0x96][0x88][0x86]/v[0xe7][\r]H[0x9a]A[0xd4][0xb2][0xd8][0x1d]5[0xa0]a[0x86][0xbc]0[0x1c][0xbb][0xf3]p[0x85][0x19][\r][0xdb][0xb5][0xc8]k[0xc9]i[0x9b][0xa2][0x91]W|c[0xf7][0xfe][0x0][0xc7][0xe][0xa2][0xb1][0x83][0xdd]y[0xb8]b[0x87][0x86][0xb5][0x94][0xa9][0x1]"[0x9b][0xd1]:v([0xcf];[0xb4]L[0xa6]H[0xab][0xa4][0x6]O[0xec][0x18]"Zx[0xd8][0x1d]5[0xb0])[0xda][0x10]QYaw[0xde]@[0xa4]hCD[0xbb][0x90][0xc6])[0x1a]i[0xad][0x2][0xad]m[0xa2][.5[0xa4]W?[0xc9][0x14]i[0x85][0x1b][0x8d]C[0xf]i5[0x1a][0xad]mB[0xb4])im[0x13][0xdd]R[0xb9][0x11][0xa2][0xda][0xa2][0xb5][0x9f][0xe8][0x96][0xca][0xe9][0xb6]D[0xcb][0xd4][0x8]Q[0xeb][0xd1]:[0xf4][0xe8][0xd5][0x9f]3EZ[0x13]Fc?![0xad][0xe1][0xa2][0xb5]M[0x88][0x9c][0x8b][0xbd]*[0x1b][0xd8][0x9a][0xd6][0x18][0x91][0xdd][0xb1];o jZ[0xe4]u\4[0x9d]a65[0xa6][[0xc9]`[0x8c][0xa8][0xff]<[0x2][0x14][0x9c]A[0x8b]p2[0xb1]lP[0xc9]I-([0xc9]/P[0xc0][0xd8][0x1]d[0x9][0x2]HK[0xbc][0xd1][0x9b][0xee]H[0x93]H[0xa6][0xc6]T-[0x1a][0xd0]7[0xdc]#[0xdb][0x84][0xb4]Hj 6T![0x8f][0xa6]Q[0xcd]~|[0x13]H(~GdlBv#[0xf2][0x10]h[0xb7][0x1c][0x91][0xb1][0x88][0xb4][0xcc][0x89][0x90][0xf9]D[0xef][0x93][0x5]YO[0xb4][0xff][0x10]%[0x3]U[0xed]'[0xd6][0xfb][0x88][0x9c]IU[0xeb][0x89][0xf6]>"[0x13][0xd1][0xcc]~[0xf4]n'J[0xf2]B[0xd4][0xba]4[0xb3][0x1f]_![0x82][0xb4]`i`[0xec]G[0xf4]Pif?[0xfa]9+[0xc8][0xe1][0x8f][0xb4][0x9a][0x8a]f[0xf6][0xe3][\r]D[0x17]x`[0xec][0xa7]Q[0xf6]'6[0xff]!-[0xc4][0x1a][0x18][0xff]#[0xca][0x1f]X[0xb][0xd1][0xd4][0x94]FS{[0xa6][0xa6][0x88][0xc6][0x1]uW[0xe1][0x9b][0x9a]"[0x8a]1[0xcf][0xbc][0x92][0xd4][0x9c][0x9c][0xcc][0xf4][0xd4][0xbc][0x12][0x85][0xe0][0x92][0xd4]T[0xd0][0xea][0xc7]|,+f=S@[0xe7]I[0x14]g*[0xe4]%[0x96][0x94][0x16][0x83][0x16][0x84][0x82][0x88][0xc4]b[0xb2][0xd6][0xc4][0x9a][0x9a]"[0xca]1X8[0xd2]f[0xfd][0xa3])[0xe6]j,ZE[0x17][0xdd]VS[0x99][0xd2]m5[0x95])[0xdd][0xd6]8[0x81][0xf7][0xb2]C[0x97][0xc2][0xd2]:E [0x12][0xbf]k^~Q.hqt@N"x[0xf9][0xaf]sFb&h][0x7][0xea][0x2][0x90]0[0xc8]Bp[0xd0][0xa9]#%[0xa9][\n]"
05:47:34.590 [main] DEBUG org.apache.http.wire -  << "y[0xf9]y[0xa0]sG[0xca]2S@y&[0xb5][0x98][0xac][0xa5][0xbf][0xa6]H[0xeb]o\J[0x8b]@k<@[[0x9]r[0x14][0xb0][0xbb] [0x18][0xba][0xd4]Y[0xa1][0xb0]4_[0x1]i]vf[0x1e]9K[0xd2]M[0xe9][0xb6][0xcc][0xc6][0x14]i[0x99][\r][0x8d][0xa3][0x95]n[0xcb]HL[0xe9][0xb6][0x8c][0xc4][0x94]n[0xcb]HL[0x91][0xe]![0xa1]q<![0x1d]7[0x12][0x10]l[0x82]Y[0xea][0x17][0x9b]($%[0x16][0x95]"zG[0xc6][0xf8][0xd7]V!7[0xcf][0xe8][0xb6]D[0xc5][0x14][0xe9][0xd0][0x12]Z[0x87][0x17][0xa2][0xc9]Gk[0x9b][0x10][0x8d];Z[0xdb]D[0xb7]A^[0xb][0xcc][0x6][0x1b]f[0x92]#[0xfa][0x8]F|Ms[0xb]Dk[0x8d][0xd6][0xa1][0x87][0xa8][0xc0]hm[0x13][0xdd][0x9a]i[0x96][0xf4]Z[0xf8]i[0x8a][0xb4]<[0x88][0xc6][0xa1][0x87][0xb4][0xe4][0x87][0xd6]6[0xd1][0xad][0x8c][0xb0]D[0x94][0x11]T/[0xbd]-[0xe9]V* [0xad][0xf6][0xa1]u[0xcc][0xd0]+[0xaf][0x9a]![0x9d][0xd4][0xe3]Z[0x94][0x9e][0x9f][0x97][0x9f][0x9b][0x99][0xac][0xe0][0x98]S[0x9a][0x9b][0x99]W[0x9a][0x8b]u[0xdb][0x9f]ci[0x89]BRjbIb*|S[j[0xae]BnbEfn[0xaa]B^jn[0xbe]BfNNi.h[0xc3][0x1f][0xb8][0xef]GNS[0xd3][0xcc][0x80]^[0xc5][0xa2][0x99][0x1][0xbd][\n]"
05:47:34.590 [main] DEBUG org.apache.http.wire -  << "+[0xb3][0xc1][0xbd]N[0xc2]l0[0xae][0x93]0[0xa3][0xd7]:[0x9][0x13][0x13][0xa4][0xaa][0x84]V'q[0xd2]+[0xa5][0x99]"[0xed][0x17][0xa0]uAE/?[0x99]![0x9d][0xc5]J[?[0x99][0x19] *+Z[0xdb]D[0xaf][0xaa][0xcb][0xcc][0x90]^[\r]Z3[0xa4][0x15]3[0xd8]'[0x81][0x7]t[0x8e][0xda][0xc]i[0x99][\r]v[0xe7]!z[0x90]t[[0xe5]m[0x86]t,[0x14][0x8d]S[0x9c][0x11][0xa2][0xc9][0x17][0x10]lh@A[0xa7][0x6][0xfd]<#[0xf8][0xae][0x4][0xa4]j[0xe]rx<[0x86]%i[0xf8][0xcf][0x95]763B[0xcf][0x81][0x0][0x0][0x0][0x0][0xff][0xff]"
05:47:34.590 [main] DEBUG org.apache.http.wire -  << "[\r][\n]"
05:47:34.590 [main] DEBUG org.apache.http.wire -  << "D36[\r][\n]"
05:47:34.590 [main] DEBUG org.apache.http.wire -  << "[\n]"
05:47:34.590 [main] DEBUG org.apache.http.wire -  << "[0xa6][0xd1][0xe8][0xab][0x19][0xd2][0xc9]K[0xd9][0x99][0x5][0x89][0xc5][\n]"
05:47:34.590 [main] DEBUG org.apache.http.wire -  << "[0x89]y[0xe9]XN&[0xcf]M[0xcd]KO[0xcd])M,[0xca]N[0xcc][0x83](Q(N[0xcc]KO,Q[0xc8]N[0xcd]KN[0x4][0xef][0x9a][0x82][0x1e][0xb7][0x82][0xff]P?x(![0x1d][0xbf]A[0xde][0xe9][0xfb][0xc6]fH[0xeb][0x83][0xe0][0xc7]58[0x15][0xe5][0xe7]U[0xa5][0xe2][0x18][0xe][0x84][0x9c]CX[0x94]Z[0x90][0x9a][0x93][0x93][0x9a][0x97]RZ[0xac][0x90][0x98][0xc]:b[0x4]t[0xb0]Ha)YC[0xf2]fHK[0x87]|SS2[0xf3][0x93][0x8b]RA#[0x92][0xa0][0xc3][0x10]q[0x1c][0xa2][0xe1][0x8][0xb6]3[0xaf]$[0x13]tPH[0x89]B>[0xf8]L[0x8d]D[0x85][0xb2][0xd4][0x9c][0xcc][0x12][0x85][0xbc][0xfc][0xa4][0xcc]b[0xb2]Z[0x8c]H[0xc7]L[\r][0xb9][0x98]DZ[0xab]4[0xf4][0xdc][0x8e][0x98][[0x1d]znG,[0xbb][0x18]znG[0x94][0xe4]4[0xae]3[0x90][0x96]uy[0xe6]%[0x17][0xa5][0xa6]d&[0xe5][0xa4]*[0xc0]J[0x9a][0x9c][0xfc]d[0xcc][0xbd][0xaf][0xae][0x89][0xf0]cV[0x14]R[0xf3]2![0x9d][0xc1]bP[0xfe]N-N[0xce],[0xcd]+QH)M[0x6][0x1f]h[0x4]9C([0x97][0xac],O[0xb7][0xa5]]fH[0xb][0xae]h[0x1d][0xd8]tkP#[0xad][0x9][0xa2][0xb1][0x9f]L[0xe8][0xd6][0xcc]5A4si[0x92][0xa1]q6z[0xa8]P[0x9d][0x9b]P>[0xe4][0x81]|[0x8b][0xe][0x9e]Ag3[0x13][0xba][\r]/![0xad][0xfc][0xa1]q"3E[0xd4]C[0xb4][0xb6][0x89]n%/[0xd2][0xba][0x15]Z[0xfb][0x89][0xf2][0xc4]G[0xdc]Z<3[0xba][0xad][0xe1]0[0xa3][0xdb][0xca][\n]"
05:47:34.590 [main] DEBUG org.apache.http.wire -  << "3[0xba][0x9d][0x1e]cF[0xb7]3][0xcc]@[0xb7][0x4][0xd0]ee[0x85][0x19][0xd2][0x9a][0x6][0x1a][0xa7]r[0xba]-+0CZV[0xe0]Q[0xa0][0x10][0x96]Y[0x96][0xaf][0x10]id[0x84][0xd1][0x13][0xce]M[0xcd][0xcd][0xcc][0xc9][0xcc][0xce]T(.H-[0xce]L[0xcb][0xcc][0x6][0x9d])R[0x99][0x98][0x97][0xae][0x90]X[0x0]>i[0x14][0xda][0xa9]4[0x6][0xdd][0xb][0x83]rZ<zM[0x84]4[0x9f]mfNJ[0xf7][0x19][0xcb][0xf9][0xdf]xr2[0xf5][0xfa][0xaf]&&H[0xf7]+@[0xe3][0xdd][0x18]#[0x80][0xf0][0x9d]xE[0xec][0xe9]N&&[0x96][0xa4][0x4][0x8][0x5][0xa7][0xcc][0x99][0x98] M[0x11][0xd1]h[0x14][0x19]i[0xb]hHbF[0xa9]BRi[0xe][0x96]3[0x10][0xf1][0x85][0x1b]q[0xab]&ML[0x91][0x6]r[0xc8][0xb4][0x89][0xe8][0x18]2E[0x1a][0xe7][0xa7][0xbd]][0x88]F"4[0xdd][0xd1]ft[0xc9][0xc4][0x94]^[0xfb][0x14]M[0xe8]6=mbJ[0xaf][0xe9]i[0x13]S[0xcc][0xf2][0x81]V[0xf1]D[0xb7][0xf2][0xc1][0x94]^[0x93][0xd5]&[0xa6]H%[0x11][0x8d]S9[0xdd]f[0x9b][0xcc][0x90][0x96][0xd0][0x5]@[0xae]ySp,[0xcd][0xc9]LT[0xc0][0xac]82[0xf3]2A[0xcb]-AW[0xc1])$[0xc2][0xd5]@[0xab]S[0xe2]J@c3s:[0x95][0x14][0xc6]f[0xe6][0x88][0x1e][0x19][0xf6]i[0x89][0x81][0x9d]5AZ}[0x87][0xdd]y[0xb8]fM[0xd0]w[0xa5]P[0xaf][0xfd]`l[0x86][0xb4]l[0xf][0xbb][0xa3][0x6]8[0xcc][0x10][0xdd]D[0xec][0xce][0xc3][0x15]f[0xe8]=w[0xaa][0x86][0x19][0xa2]%[0x4][0xce]A[0xd9][\n]"
05:47:34.591 [main] DEBUG org.apache.http.wire -  << "[0xee][0x99][0xa9]9[0x18][0xcd][0xae][0x10][0xd0]![0xe3]y[0xe9][0xa0][0xb][0x12][0xb3][0x8b]2[0xb][0x8a]3[0x11]n%~[0xef][0xa0][0x99][0x5]b[0xdc][0x7][0xc9]2[0x85][0xec]T][0xcc][0x96]0[0x95]lDdX4[0x1b]1K[0x8]*[0xd9][0x88][0xe8]8[0xd3][0xe7][0xa6]+3[0xa4][0xb][0xd0][0xc0]~L.[0xa1]m![0x88][0xb4]0[0x82]N>[0xa4]W[0x13][0xc3][0xd8][0x8c]^[0x15][0xbf][0xb1][0x19][0xbd][0xaa]cc3KDUB[0xd3][0x8a][0xdf][0xd8][0x1c][0xd4]![0xa5][0xcb][0x10][0x81]9[0xd2]5[0xb9][0xb4][0xf6][0x13][0xa2][0x4][0xa1][0xb5]Mt[0x8b]'[0xa4].#[0x8d][0xfd]d[0x88][0x98]P[0xf3][0xc][0xf0][0xf0][0xf7]sU04U[0x8][0x8][0xf2][0xc7][0xa8]`<\[0xfd][0xdc][0x3][0xfc][0xfd][0x10][0xd5][0x8a][0x9]h[0xa4][0x98][0x98][0xbb][0xf0][0xcc][0x91][0xd6][0xa9][0xd1][0xda]7[0x88][0xfa][0x8b]v[0xbe][0xa1][zCZ[0x98]C[0xe3]pCZcCk[0x9b][0x10][0xe9][0x8d][0xd6]6![0x1a]N[0xb4][0xb6][0x9][0xa9]E[0x91][0x98]W[0x2][0xd9]a[0xe6][0x9b]X[0x4][0x9a]t[0xf5]I[0xcc][0xc5][0xbc][0x6][0xc8][0xb5]D!#3[0x19][0xb4][0xea]6[0x1f]i[0x1a][0x15]4[0xfa]MT~BZ[0xc1][0x91][0x94]X[0x9c][0x9a]R[0x94][0x96]Y[0x81][0x91]_[0xc1]2[0xa9]i[0x89][0xa5]9%)[0xa0][0x9d]n[0xd0][0x8e][0x94][0x99]%h[0xf0][0x96]8k[0xe8]5[0xb1]i[0x8e]t[0xf3][0x15]m[0xc6]^[0xd1][0x1b][0xe8]Hc[0xaf][0xe6]Hw`[0xd1]8[0x9d][0xd0][0xed][0xb8][0x11]s[0xba][0xcd]~[0x9b]S[0xf7][0xb4][0x11]|[0xf1][0x84]4aK[0xe3]x2[0xa1][[0xc9]A[0x85][0x19]d<C[0xff][0xc8][0xa9][0xdc][0x4][0x91][0x99]iV3[0x82][0x1a][0x4][0xd0][0xd6]%[0xfd][0xb3]1[0xd2]l[0xf2][0x0]XN[0xb7]Z[\r][0xe9]R[0x1c][0x1a][0xe7][0x2][0xa4][0x8b]i[0x6] @[0x11]U[0xea][0x0]X[0x8e]h[0xe7][0xf][0x80][0xe5][0x88][0x8c]J[0xcb][0x91][0xe]Q[0x18][0x0][0xcb][0x11][0xeb]A[0x6][0xc0]rD[0xe][0xa6][0xc7][0x18][0x8d]9[0xdd][0x16] [0x98][0xd3][0xed]h[0x7]s[0xa4][0x5][0x8][0xd8][0xc7]O[0x7]tx[0xd7][0x1c][0xd4][0xf0][0x85]VO[0xd8][0x9d][0x87][0xd4][0xb7][0xb5][0xc4][0xb7]0[0x8b][0x8a][0xc3][0xbb][0xe6]t;[0xa1][0xc1][0x1c]i)[0x5]v[0xef][0xf]l[0xec] [0xad][0xbf][0xc0][0xee][0xbc][0x1][0x89][0x1d]DKp[0x10]9[\n]"
05:47:34.591 [main] DEBUG org.apache.http.wire -  << "1[0x0][0x81][0xdd]Q[0x3][0x1c][0x91][0x88][0xda][0x13][0xbb][0xf3][0x6]$"[0x11][0xb5][0xea][0xe0]q[0xd4][0xe0][0x9e][0xe]3G[0xb9][0x9d][0xc5]?[0x2][0xdf][0xe5],t[0xdb]xe[0x8e]t=[0x8b]Kivi[0x1e][0xc6][0xb8][0x7]"u[0x99][0x11]}[0x9e][0x88]9[0xd2][0xe9][0x11][0xd8][0x93][0xc7][0xc0]f)[0x94];_[0x6]ML[0x10][0xca]R[0x3][0x1b]fH[0xc7]?`[0x8f]RDB[0xa1]_[0xea][0xb5]$4[0xc3]<[0xc0]a[0x86][0x18]>[0x1f]Da6[0xb8][0xab];[0xa4][0xc9][0xbb]A[0x14]f[0x83]:oZ [0x1d]a1h[0xc2][0xcc][0x2]i[0xbb]:Mv[0xa2][0xa0][0x8f]mR[0xb1][0x17]a[0x81]4[0xdb]:[0xf4][0xdc]N[0xa8][0x8d]=[0xa0]e[0xa2][0x5][0xd2]M6[0x83]([0xad]"[0x86][0xc7]h;[\n]"
05:47:34.591 [main] DEBUG org.apache.http.wire -  << "h[0x81]t[0xd8][\n]"
05:47:34.591 [main] DEBUG org.apache.http.wire -  << "[0xdd][0x7]e,[0x90][0xa6][0xc1][0xb1][0x87][0xfd][0xc0]&[\r][0xa4][0xb9]s[0xec][0xce][0x1b][0x80]&[0x86][0x5][0xd2]d[0xfb][0x90]+[\n]"
05:47:34.591 [main] DEBUG org.apache.http.wire -  << "[0x90][0xd6][0x94]c[0xf][0xd0][0x1][0x8e]oB-[0x91][0x1][0x89]o[0xba][0x15][0x5]H[0xcb][0x11][0x86]^[0xca]B4[0x88][0xc0][0x5][0xa6]cQfzb~[0x9][0xe8][0xf4]I[0xd4]#`[0xf1]m[0xc3] vs[0x84][0xb1][0x5][0xd2]z[0x8a]![0x17]THG[0x9b][0xd0]g[0xf5][0xa0][0x5][0xd2][0x11]'[0xe0][0xc8][0xa1][0xd9][0xe1]![0x16]H[0xc7][0x94][0xd0][0xcb]o[0x88]2[0x83][0xd6]~[0xa3][A[0x80]tp[0x7][0x8d][0xfd][0x84]t[0xcc][0x6][0xad]mBL>[\r][0xb9][0x1c]k[0x8c]V[0xb8][0xd1].[0xff] [0xed][0xd6][0xc7][0x19][0x1f][0x88]J[0x90][0xf8][0xf2][0x12]i[0x1d][0x84][0x2][0xc6][0x88][0x1e]u[0x8a]d[0xa4][0x5][0x10]8[0x9d]N[0x1d][0x9b][0x90][0x96]A[0xc][0xb9][0xa4][0x84][0xb4][0x8a][0x82][0xd6][0xa1][0x84][0x98]p[0xa5][0xb5]M[0x88]A7Z[0xdb][0x84][0xe8][0xca][0xd2][0xda]&[0xc4]H[0x1d][0xad]m[0xa2][[0x5][0x86]t[\r][0x6][0xad][0xfd][0x84](0[0x87]\[0xe]EZ[0xa2]1[0xf4][0xdc]>[0x84]+Y[0xa4][0xbb]8[0x86]^[0xb8]#J[0xc0][0xa1][0xe7]vD[0xf9][0x93][0x99][0x97][0x92][0x9f][0x9b][0x99][0x8a][0xd1]@H[0xcc].U(.[0xcd]NT@([0x80][0xae]v6"z[\n]"
05:47:34.591 [main] DEBUG org.apache.http.wire -  << "[0xd0][0x2]i[0xf1][\n]"
05:47:34.591 [main] DEBUG org.apache.http.wire -  << "[0xb4][0xf4][0xc1][0x9c][0xf0][0xc4][0xd7]>[0xa0][0xdb]$[0x92][0x85][0x19]b[0x82][0x1d][0xa7]K[0x11][0x8d]0|;g[0xa9]9[0x4]m[0x8e]^[0x9f][0x17][0x9b][0x16]c[0xc4][0x14]<[0x0][0xd1][0xcf][0xb0]033#n![0xab][0x5][0xd2]T-"[0xba]Q[0xfb][0xf0]TI[0xf]H[0xc7][0xfc][0xd3][0xd6][0x1e]Dl[0xd2][0xd6][0x1e]D[0x9d]GS{[0x90][0xe6]]ik[0xf]"[0xbd][0xd1][0xd6][0x1e][0xa4]nue^jQz&[0xf8][0x2]![0xc8][0x15]Z[0xd8]/[0xf1][0xf1],[0xca][0x7][0xad]K[0x80][0x95]A[0x96][0xa0]][0xb5][0xc4][0xec][0xb8][0xb0]D[0xda][0x9e][0x87]8[0xda][0x1d]d[0x9a][0x82]S~II[0xe]f[0xc9][0xe7][0x9c][0xf]:[0xde][0xaf][0x4]$[0x1][0xb5][0xcd][0xdc][0x1c][0x94][0x11][0x89][0xb3][\r]Q[0x1b][0x7][0xe7][0xa4][0xa6]f+[0xb8][0x17]%[0xe6]e[0x96][0xa4]*[0x84]'[0xe6][0xe4][0xa4][0x96]`d^[0xd8][0x19][0xf3][0x88][0xb2][0xc5][0xc4][0x0][0xb4][0xcd][0x9c]8[0xcb][0x10][0xc1]8[0xc4][0xaa] [0x13]Sz[0x1d]/mbj[0x80]([0xc]h~[0xa8][\n]"
05:47:34.591 [main] DEBUG org.apache.http.wire -  << "[0xd2][0xcc][0xe][0x1e][0xbb][0x10][0x91]Mlo[0xde][0xc4][0x14]i^[0x4][0x8f][0xc9][0xf0][0xba][0x80][0x92][0xe3]{L[\r][0x11][0xc5][0x1a][0xb4]2[0xa4][0xd5][0x91]#H[0xe3][0xa2][0xd8]''[0x10]AE[0xaf][0xb6][0x80][0x89])[0xbd][0x86]NML[0xe9]u_[0xbb][0x89])[0xd2])[0xc9]4[0x8d]Rc[0xb][0xa4]}g[0xb4][0xb6][0x89]n#[0x3]H[0x1b][0xb2][0x1c]S[0x8b][0xf2]S*[0xf3][0x12]A[0x17][0x84][0xc0].[0xbe][0xb][0x1][0xdd]@[0x87]Q[0xb4][0xbb]V[0x14][0xa4][0xa6]d[0x96]$*[0x94][0x96][0x80][0x8e]uVH[0xce]/*[0xc8]/"[0xef]\g[0xb][0xa4]k[0xa1][0x83][0x91]jL[0x9f][0xcc][0xbc][0xd4]<[0x5][0xa7][0xc4]tL[0xdb][0x8b]K[0x14]R[0x8b][0x8a][0xf2][0x8b][0x14][0xf2]232s@.[0xc8],Q([0xce][0xcc]+Q(J-*[0xcd]U([0xcd][0xc9]I$[0xeb][0xc0]Y[0xb][0xba]m[0x1a][0xb3]0A[0xb4]Gh[0x9c][0x96][0xe8]v[0xc][0xac][0x5][0xdd]6[0xc2]Y[0xd0][0xed][0xc0]Y[0xb][0xa4]+Q[0x87]XC[0xc4][0xd8][0x2]i[0x7][0x3]4[0x8d][\r][0xd6]>*[0xe6][0xb6][0x6]L[0x97]"[0xea]K[0xba][0xf5]Q[0x91]Z[0xbc][0xf9]y4[0xbc][0xa5][0xc0][0x2][0xf3]@GL[0xff][0xe3]k[0x0][0xd1][0xab][0x5]al[0x81]tB[0x17][0xce]45[0x0]1[0x85][0x18][0xf5][0xc1][0xe9][0xaa]A[0x12]~[0x88][0x8e][\r]N[0x97][0xe]@[0xf8]!:[0x12][0xd8][0x1b][0xab][0x3][0xbb][0x92][0x6][0xd4]m[0x1c]l[[0xb1],[0x90][0xb6]c[0xd0]tD[0x1][0xf3]J[0xd1][0xc1]Z6 [0xed][0x0][0x19]Di[0xdb][0x2][0xa3]-=h[0xc3][0xf]c[0x96][0xe][0xd3][0xa5][0xf4]/[0x1b][0x90][0x8e][0xd0][0xa2]i:G>@[0xb]<[0xbe][0x4][0x1b]@R[0x8]O,I[0xce][0xc0][0xe8][0x6][0xf8][0xa4]&[0x96]d[0xa4]"[0x9d]Uba[0x4][0xda][0x83]N[0xcc][0xf0][0x92][0x5][0xd2]*|[0xc8]XVx~~[0xe][0xf1][0x3]YFF[0xa0][0x12][0x89]8[0x9b][0x90][0x6][0x1c][0x90]z7[0xc1][0x99]9[0xd9][\n]"
05:47:34.591 [main] DEBUG org.apache.http.wire -  << "[0xce]X[0xaf][0xd6][0x80][0xdc][0xbb][0x81][0x88]g##[0xd0][0x18]61[0x96]Y"[0xad]Iw[0x83][0x9f],[0x3]1O[0xc1]9[0x1f][0xcb])[0xc2][0xc1][0xf9]9[0xa5]%[0x89][\n]"
05:47:34.591 [main] DEBUG org.apache.http.wire -  << "[0xa9]%[\n]"
05:47:34.591 [main] DEBUG org.apache.http.wire -  << "[0xc9][0xa5][0x5][0x99][0xa0].]I*[0xd2][0x11]3[0xf8][0xaf]:B:/[0xc2][0x12]y[0xcc][0xb][0xc9][0x9b][0xce][0xf9][0x5][0x5][0xa9]E[\n]"
05:47:34.591 [main] DEBUG org.apache.http.wire -  << "[0xde]y[0x99]i[0xa0]AG[0xd4]qw[0x88][0xc3][0x10][0x1e][0xb5][0xb0][0x4]u[0xb0][0x89][0xf3]("[0xa7][0xc][0xb5]V[0xb9]%[0xd2][\n]"
05:47:34.591 [main] DEBUG org.apache.http.wire -  << "qH[0xda][0x83][0x1e][0xfd][0x13][0x90][0x98]W[0x82]9[0x5][0x12]T[0x9a][0x94][0x84][0x9c][0xc8]M[0xcd]@[0x97][0x13][0x17]H[0x88]J[0x1d]b[0x11]<Ca[0xb7][\n]"
05:47:34.591 [main] DEBUG org.apache.http.wire -  << "[0xda][0xe7]GD[0x88][0xa5][0x85][0xa9][0x11]q[0xd3],[0x96]H[0xa3][0x83][0xc8][0xc3][0x8]p[0x1b][0xbd]S+[0x93][0xf2][0x13][0x8b]R[0x8][0xe7]b3[0xf0][0xf9]_Dy[0x10]i[0xbd][0xf7][0x90]K[0x5]Hgo[0x7][0xe7]&[0xe6][0xe4] ][0xc9][0x8a][0xb5]T[0xc0][0x12]9[0xa0][0x84]D\8![0xc6][0x1a]<[0xf3]JRsr2[0xd3]S[0xf3]J[0x14] #,[0xd8][0xd3][0x2]x[0xbe][0x2][0x91][0x12][0xcc]-[0xc]M[0x89]L[0x9]H[0xb][0xca]=R[0x13][0xcb]*[0x15]\JK*[0x11][0xbe][0xc3][0x99][0x10]@[0xf3][0x16][0xc8][0x16][0x82][0x86]b[0x88][0xf3][0x1d][0xa2]~[0x87]_P[0xe6][0x9c]_R[0x92][0x9f][0x87][0xab]@[0x87]d8[0x84]e&[0x96][0xa0][0x81]t[0xe2],C[0x14]<[0xc8][0x83]U [0xc7]+8[0xa5][0xe6]a[0xa9][0xa6]0K9[0xd0]q[0xca][0xc4]Y[0x86][0xe8][0xd5][0x4][0x14]%&[0x97]d&'[0xe6][0xc0][0xae]e[0xf2][0xc0]R[0x9a]C'd[0x10][0x1e]35[0x6][0xad],&[0xce].[0xa4]~[0x9]8=[0x6]$[0x82]Jn[0xec]U/z[0x0][0x1a][0x19][0x83]V[0xca][0x12]g[0xf][0xa2]P[\n]"
05:47:34.591 [main] DEBUG org.apache.http.wire -  << "*[0x5]O[0x8d]A[0xeb][0x8][0xac][0xf5][0x13]D[0xe][0xe1]!KS[0xe2]-BT[0xbc][0xc8]%[0x12][0xa4]<U[0xc0][0x16]|[0x10])[0x84]eF&[0xa0]C[0x9b][0x89][0xf2][0x15]([0x98][0xa1][0x1d][0x14][0xa4][0x1b][0xb4] [0x19][0xc]{-[0x8f][0x1e][0x84]f[0xc6][0xa0][0x8c]C[0x9c]e[0x88][0xec][0xec][0x93][0x99][0x9e]QR[0x9e][\n]"
05:47:34.591 [main] DEBUG org.apache.http.wire -  << ""[0x15] &b[0xf5]Yx~~J*[0xd2][0x1c][0xa3][0xa9]%h[0xa5],q[0x96]!r[0xd7][0x90]+c[0x91][0xe7] [0xc0]i[0x1a]6[0xff][0xa9][0x80][0xbd][0xd0][0xc3](c[0xcd],L[0x8d][0x89],[0xf6][0x90][0xee][0x99][0x84][0x97]B[0x90],[0x84]-[0xa9]a[0xb4]][0x8d][0xc0][0x7][0xc7][0x13][0x17]#[0x88][0x9c][0xea][0x9a][0x97]_[0x94][0x9b]_Z[0x8c](^[0xb1]{[0xc]=[0x1b][0x19]Y[0x80][0xce][0xfc]%[0xce]6D~E[0xce]F[0xb8][0xbd][0x6]j[0xd9]"[0xf2][0x10][0xf1][0xe7][0x7]Z"-[0x13]w,O-[0xce][0xcf]MU[0x80][0x16][0xe3][0xc1][0x19][0x99]E[0x98][0xf3][0xcb]hU[0x94][0x85]%[0xb1][0x7]"[0x82][0x13]?4[0xb7]"[0xe6][0xcd][0xe1]i[0x3]GA[0x4][0xaa]P[0x10][0xfe][0xb2][0xb0][0x0]-[0xf8] *[0x4][0x8d][0x11][0xa3][0x88][0x8][0xdb][0xa0]E[0xb5]B@N"x:[0x1e][0xb5]e[0xc][0xaa]N[0x10]v[0x19][0x1b][0x83][0xf6][0x81][0x13]g[0x17][0xa2]h[0x80][0x96][0xae][0x90][0xac][0x8f][0xc3][0x1e][0x8c][0x4]on[0x8][0x1a]m [0xce]*[0xc4]"1x2[0x84]&k[0x5][0xac][0xa7]XB[0xbd][0x8c][0xf0][0x97][0x85]![0xd1]MY[0xa4][0x8b][0x0]]J[0x8b]@sR[0x88]$[0x8f][0xbd][0xda][0x5]u[0xe8][0x10]V[0x99][0x11][0xbf][0xf2][0x0][0xe9],[0xc4]!W[0xe0]!M[0xe6]![0xd7][0xc][0xf0][0xa4][0x8d][0xe3][0xc2]V[0xd4][0xe4]fj[0x2][0x9a][0x9b]".[\r] [0xea]Xd[0xfb][0xe0][0xad]~lE[0x1f]j[0xc4][0x98][0x1a][0x82]N;'[0xca]2[0xa4]yBd[0xcb][0xa0][0x9][0x1c][0xfb][0xd2][0x1a][0xf4]*[0xdd][0xc4][0x10]t6[0x6]q[0xd6]![0xb2]-R[0x95][0xe].tp[0xdc][0xbe][0xb][0x96]C[0xa4]9#c[0xd0]Q[0xa1][0xc4][0xd9][0x85][0xc8][0xb6]HvA+t[0xec][0xed][0x7]X[0x9c]"[0xec]3[0x6][0x1f][0x12]F[0x9c]}Hy[0xb7](=?/[0x1f]4[0xe5][0xb]/l[0xf3]S1[0xbb][0xa1][0xa8][0xa5][0xba][0xb9]![0xe8][0x9a][0x13][0xe2][0xac]B[0xb4][0x1f][0x90][0x1b][0xcc][0xd0]X[0xc3][0x91]@P[0x1a]+f[0x96]D[0xa7]G[0xa4]iA[0xf8][0x85][0xc9][0x90][0x9a][\n]"
05:47:34.591 [main] DEBUG org.apache.http.wire -  << "{;[0x16]=[0xc6]L@#[0x98][0xc4]y[0xb][0xd1]4[0x87]t[0xdf][0xa0][0xa5][0x1b][0x8e][0x82][0x16]*[0x8b][0x88],KS[0xd0][0x89]n[0xc4]Y[0x85][0xa8][0xef]1[0x6]u[0xb0][0x85][0x1f][0xb8][0xd5][0x89][0xb0][0xc9][0xcc][0x80][0xe8]Q[0x15][0xe4]=/[0xe0][0x11]8H[0xbb][0x81]X?[0x19][0x9b][0x82]N[0x1a]&[0xca]OH[0xfb]F[0x86]\![0xb][0x1a][0x13][0x81][0xb6][0x1e][0xa0][0xa3][0xdc][0xb4]YBdl[0x9]j|BmB.[0xf1][0xa0][0xb5][0xb6][0x2][0x8e][0xd2][0x1c][0x12]i[0x88][0x4]`j[0x2][0x1a][0x9c]#.Z[0x10][0x99][0x15][0xd1][0xe1][0x84]U[0xea][0xd8][0xcb]![0x8c][0x94]mb[\n]"
05:47:34.591 [main] DEBUG org.apache.http.wire -  << "[0xda]r@[0x9c]u[0x88][0xce]4[0xd2]P[0x1][0xa8]6[0xc2]1b[0x8][0xf5]9[0xc2]oF[0x86][0xc4].[0x4][0xb6][0x4][0x8d][\r]c[0x9]Lp[0x11][0x80][0xa3]?[0x80]Z[0xe8][0x19][0x99][0x11][0xdd][0xc]C[0xda][0x9a][0x2]m[0x86][0xc1][0xab][0xc4][0xe0][0xc][0xac][0xc5]kI*[0xf8][0x92][0x16][0xe8][0xaa]LKS[0xd0][0xd0][0x16]qa[0x88]h[0x9f]C[0xad][0x82][0xc4]?[0x8e][0xc1]e[0xb0]w[0x11][0xe1]gb[0x8][0x9a][0xc5]"[0xce]"[0xec]u=8[0xb6][0xb0]W[0xbe][0xe0][0x92][0x17][0xc9].|[0xcd]X[0x0][0x0][0x0][0x0][0xff][0xff]"
05:47:34.592 [main] DEBUG org.apache.http.wire -  << "[\r][\n]"
05:47:34.592 [main] DEBUG org.apache.http.wire -  << "7BE[\r][\n]"
05:47:34.592 [main] DEBUG org.apache.http.wire -  << "[0xb2][0x8a]F[0x1e]M[0x6][0xa5] h\[0xc1];SPoa[0xef][0xe0]`$[0xc][0xb]#[0xd0][0x1d]#Dy[0xc][0xd4]m[0x80]Z[0x86]<:[0x6]j[0xa7][0xe0]H[0x86]h%[0xac][0xa5]![0xa8][0xa3]I[0x9c]][0x88][0x8a][0x1e]%GC[0xc7]Z[0xb0][0xae][0xa3]E[0x8b]2ss[0xe2]}[0x86][0xc8][0xce]H[0xf9][0xb][0xda][0xac][0xc0][0xde]lF[0xf3][0x1a][0x9][0xcd]3PF[0x84][0x6][0xe3][0x90]+[0xd2]17s[0xd0][0xaa]H[0xc7][0xdc][0x8c]A3[0x9b][0x10][0xf9][0x95][0xc6][0xd5][0x14][0xd2][0xe2][0x1d]ZN[0x10]Z[0x82]V[0xaa]CS[0x18]m[0xed]Ad[0x1b][0xda][0xda][0x83][0x88]![0x9a][0xda][0x3]*[0xe2][0xe9][0x11]n[0xa0]iJ[0xa8]=[0x1][0xc1][\n]"
05:47:34.592 [main] DEBUG org.apache.http.wire -  << "[0x98][0xe9]:=17U[0xc1]T[0xa1][0xb8]$[0x11]i[0xd2][0x16][0xff][0xca]%[0xe4]J[0x1][0xd4]s[0x83][0x1a]O[0xe3][0x4][\r][0xea][0x92][0xd2][0xc7]&[0xd0]0[0x1c][0x9d]lBtgi[0x1c]z[0xa0][0xea][0x89]N~Btci[0xea]'[0x13][0x3][0xe4][0xd9]:Z[0xae][0x4]41@[0xda][0xc]Ak?[0xd1]/[0xf4][0x10][0x5]*[0xad][0xfd][0x84][0xe8]Q[0xd0][0xda]&[0xa4][0x1][0x0][0x1a][0xa7][0x8]D[0xff]?3 #?/[0xd5][0x10][0xf3][0xaa]C[0xf0][0xfe][0xc8][0xd4][0x14][0xd8][0x85][0xa8]H[0x8d]n[0xbc]'[0x93]#[0x8a]W[0x13][0x3][0xa4][0xe3][0x9a]h[0x1d]t[0x88]z[0x8f][0xc6]6!M[0xcb][0xd1][0xda]&:[0x15][0xaf]&[0x6]F[0x88].[0x4][0xad][0xfd]D[0xb7][0x2][0x82][0xac]-<[0x88]DN[0xf4]V3[0x3][0xd0][0x0][0x15]=[0xea]&[0x13][0x3][0xa4][0xd1][0xea][0xdc][0xcc][0x9c]l[0x8c]u/[0x8][0xd7][0xe3][[0xcd][0x8e][0x9c]AA[0xb]"[0xa0]n[0xa7][0x96][0x89][0x88][0x8][0xa6][0xcb][0xf1]V&[0x6]H[0x7][0x2]y[0x16][0x80][0xca]2[0x5]CC[0x5]3[0x13][0x85][0xf4]$[0x8c][0x0][0xc2][0xb7]\[0x9b][0xf8][0x8]G[0xba][0xff][0x6][0xfb][0xc2]fD<[0xe0]o[0x89]Ro[0xef][0xbb][0x89][0x1][0xd2]P[0x14][0xed]B[0x81][0x8a][0xe][0x6][0x8f][0xeb]B[0x93]^pvU~[0xbe]Bx~NZrF"hI[0x1][0xea][0xcc]epIQbevf[\n]"
05:47:34.592 [main] DEBUG org.apache.http.wire -  << "h[0x6][0x1]:[0x98]eh[0x6]Z[0x1c]F[0xc4][0xf0][0x88][0x89])[0xd2]Tipbnqi^[0xba]B[0xb0][0x91][0xb1]BhNIQ"F[0x2]qO[0xcc]I[0xac][0xa8]D[0xc4][0x1f][0x91][0xf9][0xc8][0x14]4[0x1c][0xe][0xf5][0xcc][0xa0]I[0x12][0xa6][0xa0][0xa9]"[0xa8][0xa3][0x8][0xfb][0x1c][0xe1]gR[0xc2][0x16][0xa9][0x11]F0l32+[0x13]A![0xe][0x8d]B[0xa2][0x83][0x16][0xd1]([0x1a]<A[0x8b][0xb4][0xff]m[0x10]9[\n]"
05:47:34.592 [main] DEBUG org.apache.http.wire -  << ")6h[0xda]|4E[0x9a][0x13][0x1b]D[0xde][0x1f][0x8c][0x9][0x5][0xe9] [0xb6][0xc1][0x13]RH3e[0x83][0xc8]QH[0xdd],[0xf0]D!t[0xfc][0x1d][0xeb][0xe2]3[0xd7][0x8a][0xd4][0xa2][0xe4][0xcc][0x92][0xc4][0x92][0xcc][0xfc][0xbc][0xd4]\[0x85][0xdc][0xc4][0xf4][0xbc]L[0x85][0xfc][0x94][0xcc][0x12][0x85][0x94][0xfc][0x9c][0xfc]"2[0x96][0x9b][0x9b][0x98]"[0xd5][0xa0][0x83]'T[0x90][0x8e]|[0xa2]i[0xcb][0xdc][0xd8][0xd2][0x1c][0x91]}h:r[0x8]Z[0xff][0x8][0xad][0x95][0x86][0xdc][0x98]>h*[0x1f][0xea]v[0x9a][0x8c]F"[\n]"
05:47:34.592 [main] DEBUG org.apache.http.wire -  << "p[0x9a][0x18][0x8f][0xc8]a41[0x1e]1[0xa6]@[0xb][0xe3][0x91][0xb6][0xc][0xd1]8'[0x80][0xd6][0xa1]@c[0x99][0xd6]6![0xf2][0x1c][0xad]mBD[0xe][0xad]mBL[0x1e][0xd3][0xda]&[0xba][0x8d][0xf9] [0x1d][0x8a]DS?[0x99][0x18] ]KBk[0x9b][0xe8]6[0xe6][0x83]t3[0x8][0xad][0xfd][0x84](@im[0x13][0xa2],[0xa5][0xb5]M[0x88]2b[0x88][0xd5][0x97]&[0x6][0x6][0x88]R[0x7]{[0x93]j [0xb7][0x80][0x9b][0x18][0x80][0xc6][0x10][0xa0][0x5]=v[0xe7]!:[0xc5][0xf4][0x1b][0xc8][0x1][0xad][0xd2][0x81]:j[0xc8][0xc5]7h#[\r][0xd4][0xed][0xc4][0xe7][\n]"
05:47:34.592 [main] DEBUG org.apache.http.wire -  << "D [0x13]?[0x4][0x7]Z[0x1c]C[0x1f][0x8b][0x86]p[0xee]C[0xda][0xfc]0[0xe4]R[0x12]h/[0x11]]"[0x18]yx[0x90][0xe8]A[0x13]r[0x92],[0xd2][0x10]![0x95][0x86][0xda][0x91][0xc6][0xf7][0xa8]e"[0xa2][0xfe][0xa4][0x96][0x89][0xe4][0xd4][0x93]d[0x5]/"[0xa3][0xd2][0xb6][0xe8][0x19][0xba]{9L[0xc][0x90][0xf6]r[0xd0]kr[0x6][0xd1][0xca][0xa4][0xde][0xb4][0x84][0xa9][0x8e][0x92]sbIjz~Q&[0xda]2O[0x13][0x3][0xa4][0xa1][0xc9][0x80]`[0x13][0x8c][0x1][0xfe][0x82]b[0x13][0x85][0xa4][0xc4]"[0xd0][0xa5];[0xd0]qhcb[0xcf]g61@[0xba]"[0x82][0xb6]i[0xcc][0x4][0xd1][0x87][0xa2]~W[0xda][0xc4][0x0]yM>[0xd1]e[0x1e][0xd2][0xec][0xb][0xf1][0xf5]4[0xd2][0xf0]'[0xf1]!F[0x9e]M[0x14]N[0x96][0x13]9[0x1d]a[0x80][0xb4]R[0x1f][0xb6]k[0xc][0xb2][0x1b][0x1b][0xc7][0xba][0xde][0xc0][0xd2][0xcc]D[0x85][0xd4][0xfc]b[0x85]"[0xc8]`[0xa5]B^jrjq1x[0xec]2[0xa9][0xb4]X![0xad]4=3[0xb1]D!1/37[0x13]i[0xd8][0xd2][0x8][0xd4][0xe5]$f~[0xcb][0x0]iA?YAL[0xb4][0xc7][0x11]my[0xb2][0xec]!![0xd1] R?[0xd2][0xce]%[0xd8]p0[0x8e][0x1d][\n]"
05:47:34.592 [main] DEBUG org.apache.http.wire -  << "[0xae][0x15][\n]"
05:47:34.592 [main] DEBUG org.apache.http.wire -  << "[0x85][0xa5][0x89][0xa9]E[0x89][0xa0][0xd3]#[0x8b][0xc0][0xc1][[0x8c][0x14][0x9e][0xc4][0x9e]:bb`J[0xb7]Q[0x5][0xa4][0x15][0xe9][0xf0][0x9d]E[0xe0][0x85][0xd9][\n]"
05:47:34.592 [main] DEBUG org.apache.http.wire -  << "[0xce][0xf9][0xb9][0x5][0xa5]%[0xe0]#:P[0xa7]B[0x1d][0x8b][0xb]R[0x8b]2[0xf3][0x8b]R[0x8b]!gS[0xe6]'''[0xa6]&'[0x96]d*[0x14][0x96][0x92][0x97]|[0x90]W[0xaa][0xd3]l[0xf6][0x9c][0x8a][0xf3][0xc6][0x6][0xa0]=N[0xd0][0x96]!-[0x97].[0x99]![0x9a]B4[0xb5][0x6][0xd1]>[0xa2][0xa9]5H[0xad]#[0xa4][0xa3]t[0xc0][0x1b]-pd([0xc7]R[0xe8]dJj[0xae]BQjAjNNj^J)r[0x9e]"[0xbe][0x8c]BZ[0xa1][0xee][0x19][0xe0][0xe1][0xef][0xe7][0xaa]`h[0xaa][0x10][0x10][0xe4][0x8f]Q={[0xb8][0xfa][0xb9][0x7][0xf8][0xfb]![0x1a][0x80]&[0xa0][0x1a][0x84][0xa8]r[0x10][0xe9]`J[0x9a][0xd9][0x81][0xb4]*[0x9d]vv *2[0x1a][0xce][0xc3][0x98][0x18][0x98]#[0x16][0xea][0xd0][0xd6][0x1e][0xa4][0x14]N[0xbb][0xcb]3L[0xc]@[0xfb][0xbe]a[0xe5][0x2]-[0xed][0x1][0x9d][0xd2][0x5][0xb5][0x87][0xc6][0xf5] [0xd2][0x1a]{[0x9a][0xa5]6[0xd0][0xd6]|[0xa8]ohg[0x7]"[0xa5][0xd1][0xce][0xe]Dq=x[0x86][0xf2][0x90]6/[0xd0][0xb2]p[0x7][0x9d][0x1a][0x1][0x8d][0xc3][0xc1][0xe3]w[0xa4];8pf[0x13]D1O|[0xe3][0x90]^;[0x1]L[0xc],[0x7]c[0x92]B>[0xd0][0x90][0xe8][0xae][0x1b]Y[0xe1][0x8c]h[0xee][0xf][0xa2]DEN[0xdb][0x9c][0xc][0xdf][0x83]{[0xb][0x83]-K[0x19]"[0x9d][0xc4][0x88]3Ka[0xac]p%[0xcb][0xf7][0x88][0x2][0x9b]x[0x8b][0xc8][0xe9][0xb5][0x1b][0x82]v[0x91][0xf][0xbe]pFj,[0x13][0x9d][0xc7][0xc8][0xf3]>"[0x93][0xd1][0xaa]f4[0x4][0x1d]C[0x7][\r]bZG&"w[0x6][0x14][0xe5][0xa7][0x94]&[0x97](8[0x96][0xe6]d&*`[0xee]-[0xc9][0xcc][0xcb][0x84][0xed]+QH[0x84][0xab][0x81][0x8e][0xc8][0x11]9"a[0x88]4SF[0x1f][0xfb][0x10]-s[0x1a][0x87]$[0xd2][0x86]-[0xfa][0xf8][0xc][0x91][0xe1][0xe9]c[0x1f][0xa2]j[0xa5][0x8f]}[0x88]>[0x8]}[0xec]C[0x94] NE[0x89][0xc9][0xa9][0xd8][0xae][0xb2][0xf2]MLIU[0xc8]OS[0xc8][0xc8]L[0xcf][0x0][\r]][0xe5]d[0x96]T*[0x14][0xa4]&[0x16][0xe5] [0x17]%[0xa0][0xdd]F[0xc4]t[\r][\r][0x11]E[0x89]K[0x98][0x8b][0x82]wfnjIq[0xa9]B^[0xbe]Bdbf[0x12]h[0xdd]5[0xea]H[0x12][0xa2]^042@[0x1d][0x2][0xc7]3[0xbc]n[0x88][0xb4][0xa3][0xb]d[0x8d]oizj[0x9e]BHQb&[0xe6][0xb2]}<6[0x18][0xe0][0x1e][0xc0]7D[0xba]M[0x89]F6[0x80][0xc2][0x14]Z"[0xd2][0xca][0x6]DIA+[0x1b][0x10][0xf3]*[0x83][0xa6]yf[0x88]4[0xfd]?[0x88][0x1c][0x85][0xc8][0x8b][0x83][0xc8]Q[0x88]!n[0x1a]W%H[0x8b][0x0][0xb0]{@[0x97][0xe0][0x18]"M[0xbf]cw[0x1e][0xa2][0x14][0xa1][0xdb][0x12][0x1c]C[0xa4][0xa9]z[0xec][0x8e][0x1a][0xe0]0C[0xd4][0x9e][0xd8][0x9d]7 a[0x86][0xa8]b[0xd3][0x13]s3[0xf3]0[0xaf][0xd8]J[0xcb]/R[0x80]H)[0x14][0x94][0x16][0x15][0xe4][0x17][0x83][0x8f][0x84][0x83][0xb6][0xf9][0x88][0x1e][0x0]04F[0xe4]g[0x1a]g[0x1d][0xa4][0x99]~[0x5][0x8c][0x91]j[0x8c][0x8e][0x16]r[0xad]M[0xec][0x6]iC[0xa4][0x9]y[0xb2]<ClS[0xd9][0x18][0xd1]4'[0xcb][0x1e][0xe2][0xa3][0x7]i[0x8f]*[0xad]mBT[0xb2][0xb4][0xb6][0x9]Q[0xd9][0xd2][0xda]&D.[0xa2][0xb5]Mt[0xab][0x81][0x90]v[0x1b][0x11][0xf6][0x13][0xf8][0xd0][0x1][0xa2][0xb3][0x12][0x15][0xe7][0x15][\r][0x91]&[0xf6][0x9];[0x13]v_([0xa2][0xa4]%>[0x87]P:aO[0x82]Mt+*[0xe9]6in[0x88]4iN|4[0x11][0x9d][0xa0][0x90][0xf6][0xc6][0x1b]"[0xcd][0x8c]Cm[0xc2][0xb2][0x9c]('[0xb1]R[0xa1]<[0xb3]$C!+[0xb5][0xb8][0x18][0xd4][0xdb][0x2]'`D[0xb2][0xc0][0xdf]hA[0xb1][0xe]Q[0xc8]@jI[0x8c]*[0x87]J[0x15]([0xd2][0x4][0xfa]P[[0x16]jhFJ[0xf9][0x8][0x8e][\n]"
05:47:34.592 [main] DEBUG org.apache.http.wire -  << "[0xa2][0xa3][0x9e][0x9a]e[0x9][0xd2][0xb9]u[0xd0][0xa4][0x83]yr[0x15][0xbc][0x1]1[0x80][0xce]D[0x8c][0x19]`oH[0xe]l;[0x17]iF[0x1f][0x1a][0x8a]Dg@[0xa4]X'>[0x7]"[0xcd][0xee]c[0xf][0xe]b[0xb3]55[0x93][0x92]9F+[0x87][0xe8]@ [0xd6][0xb9][0xc8][0xa5][0x10][0xd2]yxC"
05:47:34.592 [main] DEBUG org.apache.http.wire -  << "[\r][\n]"
05:47:34.593 [main] DEBUG org.apache.http.wire -  << "FF[\r][\n]"
05:47:34.593 [main] DEBUG org.apache.http.wire -  << "[0xae]p@Z[0xd1][0x0]M/[0x83]2[0xd7]a[0xde][0xcb]I[0xdb][0x18][0x1d][0x1a]E&[0xd2][0xf6][0xe3][0xa1][0x97][0xf0][0x10][0xe5][0xe8][0xa0]Nx[0xa4]4[0xf9][0x7][0xae]V2G[0xf4]U[0x87]\J iq[0xd0][0xc0][0x5]1[0xd2][0xca][0xa2][0xc1][0x9c]`[0x91][0x16]'[\r][0xbd][0x94][0x80][0x98]R[0xa3][0xd9][0xd4][0xae][0x5]b [0x10][0x1a][0x8d][0x98]w{[0xc2][0x9b][0x99][0xb0].+[0xd1]M#j[0xb6]b,0*!L[0x97]"[0x9a]+[0xf8]F[0xb5][0xa8][0xea]*D[0xff][0xd8][0xa3]@!,[0xb3],_![0xd2][0xc8][0x8][0xa3][0xdf][0x95][0x9b][0x9a][0x9b][0x99][0x93][0x99][0x9d][0xa9]P\[0x90]Z[0x9c][0x99][0x96][0x99][0x9d]X[0x9c][0xa9]P[0x99][0x98][0x97][0xae][0x90]X[0x90][0x9]:[0x85][\r]:[0x86]i[0xc][0x9a]G#v[0xdd][0xbe]![0xd2][0xaa]-h[0xe4][0xd1][0xb4][0x19][0x80]y[0xd2]-m[0xad]C[0x14][0xe2]P[0xdf][0xe1]i[0x8b]aI[0x9a][0xc4][0xf]r[0x10]}[0xdc]-[0xbe]n[0xba]1[0xd1]#[0xb6][0xc4][0xac]k[0xc3][0x97][0xe7]H[0xf0][0x18]b@[0x80]p[0x10][0xe]\][0x2][0xba][0xc0][0x0]:[0x9b][0x8a][0xdf][0x99]T[\n]"
05:47:34.593 [main] DEBUG org.apache.http.wire -  << "[0x8c]2[0xf]O[0xc2][0x1a][0xc0]P[0xc1]([0xf0][0x10][0xce][0x4][0x0][0x0][0x0][0xff][0xff]"
05:47:34.593 [main] DEBUG org.apache.http.wire -  << "[\r][\n]"
05:47:34.593 [main] DEBUG org.apache.http.wire -  << "807[\r][\n]"
05:47:34.593 [main] DEBUG org.apache.http.wire -  << "*[0x0][0x9d]Z[0xa4]d[0xa5][0x4]N&T[\n]"
05:47:34.593 [main] DEBUG org.apache.http.wire -  << "[0x15]DI[0x86]?[0x12]2[0x12][0x8b][0x15][0x6]0T[0x86]FC[0x19][0xe9]&g[0xec][0x3][0x1][0x3]:.[0x2][0xde]v[0x1][0xcd]q[0x83][0xd2]y[0x88]r[0xb][0xbb][0xf3][0x10][0x15]=[0xfe][0xb1][0x19]*V[0xf5]FHg[0x90]`w[0xd4][0x0]G)[0xa2][0xb8][0xc0][0xee][0xbc][0x1][0x9][0xb3]!Q[0xa8][0x18]![0x1d]22[0x88][0xcb]>#[0xa4]u[0x98][0xd8][0xa3]x`S [0xd2]bJ[0xc8][0xe5]c[0x90][0x9d][0x88][0xd8].[0x3]s[0xca]I[0xcc]K[0xc9],[0xc9][0xcc],VH.[0xcd])HTH[0xcd][0xcb][0xcc][0x5]mdMD[0xda]p[0x9]:[0x95][0x97][0x98][0x85]kFH[0xc7][0xe0][0xf][0xca]pA[0xf4][0xe3]h[0xb3][0x94][0xcb][0xc8][0x10][0xd1][0xa2][0x19][0x94][0x1]@l)@[0x95][0x96][0x8c][0x11][0xda]:F[0xea]/04BZ[0xc2]8[0x98][0xcb][0xb][0xa4]u[0x90][0xf8][0x9d]I[0x9d]pGZ[0x14]I[0x17][0xeb][0x10][0xd3][0x1a][0xbe][0xa0][0xc5][0xe0][0xc1][0xf9][0xc9][0xc9]X[0xf6];'[0xe7]'%*$[0x17][0xa5]&[0x96][0xa4][0xc2][0xd6][0x8b]#jBcb[0xfb][0xda]FH[0xe7][0xdb]S[0xc9]6C[0xdc]+X[0x8d][0x8c][0x10]E[0x6][\r]No0BZeIjL[0x11]=[0xf6][0x83]4%d[0x84]y[0xd6][0x12][0xe6][0xd8][\r][0xb8]+[0x3][0xea][`[0xe9][0xca][0xd3][0xaf][0x91][0x87]t_64d0][0x8a]H>t[0x1a]e2"[0xfa]"[0x2]*ed[0xc4]([0xff]`[0xac]N[0x88]>[0xd8][0x89]:[0xa1][0x81][0xb4][0xbe][0x94]F[0xd5]7[0xd2]bQZ[0xd9][0x80](O[0x6]e[0x8c][0x12][0xea][0xbb][0xc]l[0xc3][0x16]i[0x15]'[0xb5][0xf][0x4]2BZ[0xbe]I}[0xb3]I[0x19]A[0x1d][0xb0]![0x1d]#[0xba][0xad][0xf7]4B[0xba][0xab][0x4]Z[0xba][0x9b]*[0x4][0xe7]d[0xe6]b[0x8c][0xd7][0xe3][0xab][0x8c][0x88][0x1e]~5[0x2]][0x10]=[0x88]GYL[0x10][0xbd][0x6]Xh`[0xf][0x8][0xea][0x94][0xa3][0xa6][0x84]29[0xa2]^[0xa5]_}[0x8f][0xb9]B[0xf][0xc7] +[0x8e][0x96][0x9][0xf1][0x89][0x1]i[0xcd][0x1c]=B[0x1b][0xe9][0xf0][0x99][0xc1]X[0xe2]#[0x1d][0x83][0x9e][0x92]Z[0xc][0x1f][0xd1][0xd6]Q[0xc2][0xb5][0xc5][0xc]_S[0xb][0xb9][0xa9][0x89]4[0xa1]Ie[0x83][0x11][0xc9][0x97]F[0x95]4[0xd2]Y[0xf]Tv:b[0xcc]|P[0xa6][0x5]D5[0x85][0xdd]y[0x3]Q0 [0xcd][0x9]bw[0xd4][0xc0]6I[0x90][0xce][0xb0][0xc0][0xee][0xbc][0x1][0x9]3D+[0x13][0x11]Gqaj[0x89][0xa8][0xba][0xb0]{[0x80]c[0x7]1[0xe0][0x85][0xdd]y[0x3][0x12];[0x88]^[0x1d][0xad]c[0x87]P[0x86][0x1e][0xd0][0xd8]1F: [0xd0][0xc4][0x8e]1[0xd2][0xc9][0x1c][0xb4][0xa9]^[0x8c][0x9][0x1e][0x94]1[0xc0][0xb1][0x82]H[0x9e][0xb4][\n]"
05:47:34.594 [main] DEBUG org.apache.http.wire -  << "[0x0]D[0xb2][0xa4][0x91][\r]H3 [0xb4][0xb2][0x1]1[0xe8]I[0x83][0x81]Ac[0xa4]S#[0xb0]g[0x8d][0x81]M#[0x83]{[0x9e][0xc3][0xd8]p[0x10][0x16][0xfb][0xc6]X[0xe6]*h[0xd8][0xe7]5F[0x9a]s[0x18][0x8c])[0xc8][0x8][0x91][0xb0];o[0x0]jfc[0xa4][0xb9][0x5][0x1a][0x15][0x1b]H[0xf3][0x9][0x1e][0xa9][0x89]e[0x95][\n]"
05:47:34.594 [main] DEBUG org.apache.http.wire -  << ".[0xa5]%[0x95][\n]"
05:47:34.594 [main] DEBUG org.apache.http.wire -  << "[0xd0]S[0x87][0x3]r[0x12]KR1z[0xfe][0x8e][0xa5]%[0xa9][0xb9][0xe8]G[\r][0x17][0xa5][0x16][0x95][0xe6]"M[0xd1][0x82]O[0xb9]"f[0x8e][0xd6][0x18]i[0xca][0xc1][0xb1]<[0xb5]8?7U! [0xb1] [0xb5]H[0xc1]9?[0xb1][0x4][0xc3]r[0xd7][0xfc]b[0x85][0xcc][0x82][0xe2][0xd2]\[0x85][0xcc][0x92][0xc4][0xc2][0xd2]T[0x85][0x9c][0xc4][0xa4][0xfc][0xa2][0xcc][0xfc][0xe2][0xc4]\[0x85]T[0xb0]@j[0x9]h[0xba]8[0xb3][0x84][0x1c][0xc7][0x98][0x1a]#[0xfa]r[0x83]&[0x15][0x98]"[0x8d]2[0xd2][0xb6]}f[0x8a]4[0xe6]8[0x88][0xbc][0x8f][0xa8][0x9d][0x7][0x8f][0xa3][0x90][0x86]&[0x7][0x91][0xa3][0x6]a[0x19]fJp[0xac]s[0x0][\n]"
05:47:34.594 [main] DEBUG org.apache.http.wire -  << "VS[0xa4][0xd3][0xf6][0x7]Q[0xf4]![0x1a][0xba][0x83][0xc8]Q[0x83]1[0xf7]![0xed][0xa7][0x1f]<![0x85]tu[0xb7]cjQ~Je^bnf[0xb2][0x2]d[0xad][0x93]S~II[0xe]f][\n]"
05:47:34.594 [main] DEBUG org.apache.http.wire -  << "[0xaa]![0xf3][0xf3]R![0xab][0x9c][0xc0]K[0x9d][0xf2]232s[0x14][0x92][0xf3][0x8b][0x8a]J[0xb]J2!W[0x8e][0xa6][0x16]+[0xe4]&BNfO%[0xaf]^3E$-[0xda]V!FHwd`[0x8f][0x9a][0x1][0xed]([0x18][0x11][0xcc][0xf8][0x3][0xec]<B[0xb9]m`[0x9d][0x87]t[0xdc][0xc6]`[0x8c]\[0xa4][0xd3]/[0x6][0xa5][0xf3][0x10][0xbd]@[0xfc][0x99][0x90]J[0xd3]j[0x83]{p[0x1f][0xe9]X[0xf][0xec][0x91]5[0x0][0xed][0x2]#[0xba][0x9d][0x0]b[0x84]t[0x8c][0x83]o~i1f[0xd5][0x80]o[0xa6][0x99][0xd8]9/3D[0x12][0xa0][0xa1]%[0x88][0xba][0x85]6[0x9d]T#[0xcc][0xc3][0x1a]p[0xcc][0xc5]R'[0xe3] [0x9d][0xd5]@[0xdd][0xe9]6[0xa4][0xf3][0x16][0xa8]l0[0xa1]m[0x11][0x3][m [0x9d]J0x[0xb2][0xba]9[0xa2][0xab]O[0xa3]d[0x8b]t[0xec][0x0]vo[0xf]p[0xac] [0xf2]-v[0xe7][\r]D[0x1][0x8c][0xb4]A[0x9f]F[0xb1][0x82][0xb9][0x8d][0x1e]s!'[0xbe][0xb2][0xd7][0xc8][0xd2][0x12][0xf5]H[<[0x7][0xce][0x1a]!m[0x86][0xa7][0x95]w[0x10]Y[0x1f][0xda][0xa8][0xa0][0xa1]w,[0x11][0xf5][0x9][0xd4]2[0x1c][0x5]1[0xa5][0xf3][0xb8][0xc6]H{[0xaa]h[0x13]p[0xc6][0x6][0x88][0xd6][0x18][0xf6][0xe4]?[0xa0][0xb9][0xd3][0x98][0xe6]{[0x15][0x8c][0x91][0xd6]^[0xd3]([0x88][0x91][0xd6]L[0xf][0xc6] 6[0x1a][0x84][0x5][0xa0][0xf1][0xe0]>S[0xd7][0x18]i[0xcd]3[0xf6]([0x1d][0x80]J[0xc3][0x18]i[0x99]4[0xad][0xce][0xc3]0F[0xba][0x10][0x97]vv [0x16][0xaf][0xc0][0x8a]WZ[0xce][0xc8]!Mv [0xdd][0x85][0xe8][0x93][0x99][0x97][0x9a][0x87][0xe3][0xc2][0xc9][0xb0][0xfc][0x9c][0xd2][0x82][0x92][0xc4]b[0x85][0xb2][0xd4][0xbc][0xcc][0xc4]\[0x85][0xc4][0x9c][0xcc][0xc2][0xd2][0xcc][0x14][0x9c]S-&[0xb8]w[0xb2][0x18]#[0x9d][0xb5][0xeb][0x9a][0x97]_[0x94][0x9b]_Z[0xac][0xe0][0x9b]X[0x94][0x94][0x93][0x8a][0xc3]r[0xcf][0x14][0x85]2[0x88][0xfd]%[0x99][0xa0][0xdb]-[0xcb]2K[0x12]S[0x15][0x8a]K[0x8b][0x93]3[0xb]2a[0xf7][0xc9][0x15]+$&)[0xe4]d&[0xa5][0x16][0xe5][0xe3]t[0x15][0x9e][\n]"
05:47:34.594 [main] DEBUG org.apache.http.wire -  << "[0xdb][0x18]i[0xae][0xc5]3[0xaf]$5''3=5[0xaf]D[0xc1][0xbd](1/[0xb3]$U[0x1][0xc7]0^`i[0xa6]Bqi^[0x89]Bn~NjqIfb*[0x9c]U[0x8c][0xe3][0x82];[0xe2]'[0xc8][0x8]N[0xca][0xc]lE[0x85]4[0x13][0xe2][0x96][0x98]W[0x92]X\[0x92][0x99][0xac][0xe0][0x9c][0x9f][0x97]\[0x94]Z[0x82]+*[0x83][0x10]w[0xfe])[0xa4][0x82][0xd2]Rj[0x89]Bai~[\n]"
05:47:34.594 [main] DEBUG org.apache.http.wire -  << "[0xe8][0xa6][0xc9]D[0xe8][0x98]g.hv/1%[0xb3] [0xb3]8[0x19][0xf9][0xfa]I[0xd4][0x80][0xc3]s[0x9f][0x80]1[0xd2][0xa2]n[0xec]e[0xd5][0x0][0x7][0x1c]bQ[0x1c]l[0xe2][0x13]:[0xef][0xea][0x9d][0x97][0x99][0x86]9 [0xe0][0x94][0x9a][0x8]J[0xf0][0xd0]<[0xa7][0x80]'[0xdb][0xe1]K[0xe0]Hk[0xbb][0x7]e[0xa0] Ze4j[0x94][0xc][0xee][0x11]`c[0xa4][0xfb][0x93][0x7]c[0xfc][0xc][0xee][0x11]`c[0xa4][0x11]`[0x9f][0xcc][0xf4][0x8c][0x92][0xf2]T[0x10][0xa9][0x10][0x9e][0x9f][0x9f][0xa3][0xe0][0x9c][0x91][0x98]Y[0x84][0xb1][0xa0][0xc0][0x7][0xb4]~ [0x15]^[0xb3][0xa4][0x16]+$[0xc1][0xb7][0xa0]#[0xd5] [0xa0]f[0x19]h[0xb2]&/[0xbd]X[0xc9][\n]"
05:47:34.594 [main] DEBUG org.apache.http.wire -  << "_[0xfe]B[0x9a][0x5][0xc2][0x1e][0x3][0xd1]@2[0xa5]y[0xae]2E[0xf4][0xc]s[0x13]3[0xf3][0x12][0xf3][0x14][0x12][0xf3][0x12]A[0xe7]W[0xa1].[0xdb]/.IM-[0xca][0xcc]KW([0xcf]HM[0xcd]A[0x4][0x5][0xd1][0xbb]%[0x8c][0x91]f[0xb2][0xb0][0x87][0xef][0xc0][0x16][0xea]H[0x3][0xc8][0xd8][0x9d][0x87][0xf0]3[0xdd][0xf6][0xb2][0x18]#[0xed]e[0xa1]Q[0xa1]j[0x86][0x18][0x85][0xa0][0x95][\r][0x88][0xda][0x92][0x9a][0xd7][0x1e][0xe1][0xd9]km[0x8c][0xb4]S[0xa6][0xb8][0xb4][0xb8]T![0xbb]4%Q!'3[0x11][0xb3][0x10][0x1]KC[0x13]<[0xf4][0xc0]6K[0x94]S[0xbf][0xf0]5S[0x90][0xce][0x9d][0xa6]m[0xd6]A[0x9a]r[0x80]v/[0xcc]0[0x8a]C[0xf8][0xc8][0x17][0xfa][0xae]?C[0xe2][0xb3]([0xd2][0xac][0x3][0xad][0x12][0x3][0xa2][0xe7][0xe][0xe]z[\n]"
05:47:34.594 [main] DEBUG org.apache.http.wire -  << "b[0x6]_Y[0x8e]4[0xef]@[0xcd]4[0x87][0xcf]J[0xa4][0xb9][0x7]h[0x1c][0xd1]j[0x84][\r][0xe9]4f[0x1a][0xc5][0x12][0xd2][0x99][0xc9][0xb4][0x8c]%[0xa4][0xd9][0x5][0x9a]ZC[0xeb][0xf9][0x2]c[0xa4][0xf9][0x2]PY[0xa2][0x90]X[0x99][0x88][0xb9][0x1][0x15][0xec]E[0x90]4[0xa2]"A-j[0xf0][0xa6].D-M[0xeb][0xd4][0x85][0xc8][0xa1][0xb4]J][0x88][0xa5][0x12]4[0xf6][0xb][0xd2] >[0xad]mBTr4[\n]"
05:47:34.594 [main] DEBUG org.apache.http.wire -  << "5[0xa4]][0x90][0xb4][0xf6][0xb][0xa2][0xcd][0x89][0xbd]%4[0xb0][\r]5[0xa4]3K[0xb1];[0xf][0x91][0xbf][0xe8][0xd7]P[0xb3]@[0xa4]i[0x1a][0xc5]?[0xd2][0xee]EZ[0xd9][0x80]X[0x84]J[0xaf]J[0x93][0xe0][0x9e][0xc7][0x81]Mj[0x4][0xf7]$[0xe2]Jj[0xc6]h[0xc3][0xa7]T<[0xb4][0xd0][0xd8][0x92][0xe6][0xd5][0x19][0xd2]u[0xe2][0xb4]Jj[0x88][0xea][0x8c]V6[0xd0][0xbc][0x1a][0x3]u[0x13][0xa0]GA[0xd0][0xc6][0xf]&[0xa0][0x93][0xac][0xa0]6[0xd0][0xb6][0xc8]7A[0xda]?[0x89][0xb4][0x99][0x4]:[0xa8][0x8f]}[0xf8][0xc5]5[0xb3][0xb4]X[0xa1] [0xb5][0xa8][0xb8] 393[0xb1]$[0xb3][0x18]4[0x4][0x8c]4[0xee][0x2]J[0xa6][0xc4][0x8c][0xbb][0x98][0xd0]|[0x9b][0xa4][0x9][0xcd][0xa7][0xa4]M[0x90]6b[0xba][0xe7][0x17][0xa5][0xa7][0x82][0xa6]D[0xc2][0xf3][0xf3]SR[0xf3][0x14][0x9c][0xb1][0xf4]:[0xfd]S2K[0x10]+[0x85]as#[0xa9][0xc8][0xdb]p@[0x8b][0xec][0x88][0xb]>Z[0x17][0x7]&H[0xf3][0xed][0xb4]N[0x86][0xb4][0xce][0xb4]&[0x6][0x88]z[0x1a][0xbf]_[0xa8][0xb2] [0xcd][0x84][0xe6][0xbb]GM[0x90][0xe][0xca][0xa4]Q)[0x84][0xb4][0x81][0x94][0x1c][0x1b][0x0][0x0][0x0][0x0][0xff][0xff]"
05:47:34.594 [main] DEBUG org.apache.http.wire -  << "[\r][\n]"
05:47:34.594 [main] DEBUG org.apache.http.wire -  << "2D5[\r][\n]"
05:47:34.594 [main] DEBUG org.apache.http.wire -  << "*[0xc9]$4[0xf2]jb[0x88]h<[0xd3]%R[0x10][0xa9][0xc]{[0x3]r@[0x1b][0x1d]&Hg.bw[0x1e][0xae]F[0x7]z[0xff][0x91][0x8a][0x8d][0xe][0x93][0xc1][0xb8][0xc9][0xd2][0x14]sX[0x8c]FC.[0xa6]X[0x6]wh8[0xbf]o[0x8a]4[0xc2][0x13][0xe0][0xac][0xe0][0xee][0xe8][0xeb][0xe9][0xe7][0x8e]1[0xe0][0x17][0x1c][0xe0][0xea][0xad][0xe0][0xe1][0xe9][0xee][0x81]H[0xf][0x96][0xa0][0x16][0x3]1Y[0xce][0x14]i-]@bN[0xa2]O[0xbe][0xf][0xe6]e[0xf0]8G[0x14][0x8d],-A[0x8b]*[0x88][0xb3][0x8]1[0xbe]Lc[0x8b][0x10]K0[0xe8][0xd4]{1E[0xba][0xbf][0x84][0xc6]~C4[0x97][0xe9][0xe4]7[0x13][0xa4]}[0xf9][0xf8][0xcb]dJ[0x17][0xc][0x9a][0x18]"[0x1a]0[0xd8][0xcb][0xbb][0x81]-[0x8e][0x91][0x96][0xf3]aw[0x1e]"[0xfb][0xd1]m[0xb8][0xc1][0x4]i[0xf3]7[0x8d][0xea]d[0xa4][0xcd][0xdd]4[0x8e][0xa4][0xd5][0x8c][0xb4][0xb6][0x9]1[0xb0][0x85][0xdf]&[0xea]4[0xfe][0x90][0x8e]x[0xa5]U$!Z2[0xf8]=Dq&[0x5][0xcd][0xa2]C[0xbb][0xa2]4[0xf2][0xb][0xd1]G[0xc0]R[0xec][0x17][0xa4][0x95][0x90]4[0xe]5[0xa4][0xe5][0x8d]0[0x9b]h[0xd8]l0[0x1]U[0xca]4[0x8e]$D%[0xb][0xf3][0x10]F[0xbb][0x4][0xde]l[0xc0]r[0xea]3[0xd1]S[0x91]&HK[0x1c][0xb1][0x17][0xbb][0x3][+ [0xad]6[0x1c][0x94][0xce]Cts[0xb1];o *-[0xa4][0xf5][0x86]4*C[0x90][0xd6][\r]B[0x93]'i[*[0xe8]W[0x81]#[0x9d][0xad][0x80][0xd3][0xa5][0x88]8[0xc2][0xb7]k[0x90][0x9a][0xbd]<[0x13]DG[0x1c]{[0xb2][0x19][0xd8]L[0x87][0xb4]C[0x9d][0x6]'e[0x99][0x80].'[0xa1]m[0xf1]9[0xb8]W0[0x9a][0x10]\[0xc1][0x88]H[0x91][0xf4][0xcb])[0xa6][0x6]:J[0xd0]X[0xc1][0x99]S[0xf0]U9tt)b[0xfe][0xc][0xa7]K[0x11]!H[0xaf]<[0x8d]t[0xe2][0x86][iQ^fIiQ[0xaa]BH~[0x1]F[0xbd][0x8d][0x90]MI,[0xca]T[0xf0]J-H,[0x2][\r][\n]"
05:47:34.595 [main] DEBUG org.apache.http.wire -  << "@[0x97]E[0x19][0x82]R[0x7]1]~[0x13][0xa4][0x85][0x94]4*[0xe7][0x91][0xce][0x9d][0xa6][0x95][\r][0x18]][0x5]Jj[0x12][0x1a]N[0x7][0x9a][0x98]"[0xc6][0x6][0x6]S[0xaa]C[0xf4]L[0x10][0xe9][0x8a][0xa6][0xa9][0xe]i[0xfd]&U[0xb7]h[0x9b] [0xad][0xc1][0x84][0x6]0[0x8d]F[0x19]M[0x88]>O[0x9c][0xe2].[0x10][0xd2][0x2]IZ[0xfb]ip[0x8f][0xee] [0xad]x[0xa4][0xf6]][\r]&f[0x88]<0[0x18][SHc[0xda][0x83][0xd2]y[0x88][0x81][0xe3]A[0xe9]<DO[0x18][0xbb][0xf3][0x10]5=[0xfd]Z H[0xeb][0x10]i[0xd1]@6GT5[0xd8][0xfd]<[0xb0][0xdd][0x3][0xa4][0x13][0x8][0xb0];o [0xa2][0x4]i[0xa2][0x5][0xbe]Y[0x12][0xb2][0xa9][0x5][0xdb]![0x99][0x8e][0xc9][0xc9][0xa5][0xc5][0x89]y%[0x99][0xa5][0xb9][\n]"
05:47:34.595 [main] DEBUG org.apache.http.wire -  << "[0xf9][0xa0][0x1b][0x81][0xa1][[0xea][0x8a][0x91][0x16]V[0xa0]n[0xa3]C[0x9f][0xf4]C[0xba]8[0xc1][0x14][0xe9][0xd4][0x92][0xe0][0xca][0xbc][0xd4][0xa2][0xf4]L[0xf0][0x16]?[0xe8][0xc2][0x84][0xe0][0x8c][0xfc]T[0xd0][0xd5]_[0xa8][0xfb]<\[0xc1][0xfb][0xf9]@{[0xfa][0xc8][0xb4][0x13][0x91]/h[[0xb3][0x98]"[0x1d][0x3]Bk[0x9b][0x10][0x8d][0xc1][0x80][0xa2][0xfc][0x94][0xd2][0xe4][0x12][0x5][0xc7][0xd2][0x9c][0xcc]D[0x5]c[0x8c]F4[0xe8][0xd6][0xba][0x2][0xa8][0x9a]D[0xb8][0x1a]h[0x13][0x1a]_[0x93][0x1f]%[0xde][0x10][0xf9][0x8c]>[0xf6]!**[0xfa][0xd8][0x87][0x18][0x9d][0xa2][0xa1]}[0xb1][0xb5]\[0x0][0x0][0x0][0x0][0xff][0xff]"
05:47:34.595 [main] DEBUG org.apache.http.wire -  << "[\r][\n]"
05:47:34.595 [main] DEBUG org.apache.http.wire -  << "A[\r][\n]"
05:47:34.595 [main] DEBUG org.apache.http.wire -  << "[0x3][0x0]L[0xb3][0xf9][0x85]q[0xbb][0x1][0x0]"
05:47:34.595 [main] DEBUG org.apache.http.wire -  << "[\r][\n]"
05:47:34.595 [main] DEBUG org.apache.http.wire -  << "0[\r][\n]"
05:47:34.595 [main] DEBUG org.apache.http.wire -  << "[\r][\n]"
05:47:34.595 [main] DEBUG io.restassured.internal.RestAssuredHttpBuilder - Parsed data to instance of: class org.apache.http.conn.EofSensorInputStream
05:47:34.599 [main] DEBUG org.apache.http.impl.conn.BasicClientConnectionManager - Releasing connection org.apache.http.impl.conn.ManagedClientConnectionImpl@496101d1
05:47:34.599 [main] DEBUG org.apache.http.impl.conn.BasicClientConnectionManager - Connection can be kept alive indefinitely
05:47:34.642 [Finalizer] DEBUG org.apache.http.impl.conn.DefaultClientConnection - Connection 0.0.0.0:60346<->149.248.193.56:443 closed
05:47:34.702 [main] DEBUG net.thucydides.core.steps.StepInterceptor - STEP DONE: I send HTTP GET request
  &amp#27;[32mWhen &amp#27;[0m&amp#27;[32mI send GET HTTP request&amp#27;[0m                           &amp#27;[90m# starter.stepdefinitions.UserSteps.iSendGETHTTPRequest()&amp#27;[0m
05:47:34.714 [main] DEBUG net.thucydides.core.steps.StepInterceptor - STARTING STEP: UserSteps.iReceiveValidHTTPResponseCode404 - I receive valids HTTP response code 404
05:47:34.715 [main] DEBUG net.thucydides.core.steps.StepInterceptor - STEP DONE: I receive valids HTTP response code 404
  &amp#27;[32mThen &amp#27;[0m&amp#27;[32mI receive valid HTTP response code 404&amp#27;[0m            &amp#27;[90m# starter.stepdefinitions.UserSteps.iReceiveValidHTTPResponseCode404()&amp#27;[0m
05:47:34.719 [main] INFO  - 
  _____   ___   ___   _____     ___     _     ___   ___   ___   ___  
 |_   _| | __| / __| |_   _|   | _ \   /_\   / __| / __| | __| |   \ 
   | |   | _|  \__ \   | |     |  _/  / _ \  \__ \ \__ \ | _|  | |) |
   |_|   |___| |___/   |_|     |_|   /_/ \_\ |___/ |___/ |___| |___/ 

GET - As admin I cannot get all categories
----------------------------------------------------------------------
]]></system-out>
  </testcase>
  <testcase name="DELETE - As admin I have be able to delete product categories" classname="User" time="0.479">
    <system-out><![CDATA[
@TC-0023
Scenario: DELETE - As admin I have be able to delete product categories &amp#27;[90m# src/test/resources/api/user.feature:151&amp#27;[0m
05:47:34.739 [main] INFO io.cucumber.core.plugin.SerenityReporter - Running feature from file:///C:/Users/Lenovo/IdeaProjects/MiniProject/MiniprojectApi/src/test/resources/api/user.feature
05:47:34.739 [main] WARN io.cucumber.core.plugin.SerenityReporter - Feature from file:///C:/Users/Lenovo/IdeaProjects/MiniProject/MiniprojectApi/src/test/resources/api/user.feature is not under the 'features' directory. Requirements report will not be correctly generated!
05:47:34.745 [main] INFO  - 
  _____   ___   ___   _____     ___   _____     _     ___   _____   ___   ___  
 |_   _| | __| / __| |_   _|   / __| |_   _|   /_\   | _ \ |_   _| | __| |   \ 
   | |   | _|  \__ \   | |     \__ \   | |    / _ \  |   /   | |   | _|  | |) |
   |_|   |___| |___/   |_|     |___/   |_|   /_/ \_\ |_|_\   |_|   |___| |___/ 

DELETE - As admin I have be able to delete product categories(user;delete---as-admin-i-have-be-able-to-delete-product-categories)
--------------------------------------------------------------------------------
05:47:34.862 [main] DEBUG net.thucydides.core.steps.StepInterceptor - STARTING STEP: UserSteps.iSetDELETEApiEndpointsProductCategories - I set DELETE api endpoints products categories
05:47:34.862 [main] DEBUG net.thucydides.core.steps.StepInterceptor - STEP DONE: I set DELETE api endpoints products categories
  &amp#27;[32mGiven &amp#27;[0m&amp#27;[32mI set DELETE api endpoints product categories&amp#27;[0m                   &amp#27;[90m# starter.stepdefinitions.UserSteps.iSetDELETEApiEndpointsProductCategories()&amp#27;[0m
05:47:34.866 [main] DEBUG net.thucydides.core.steps.StepInterceptor - STARTING STEP: UserSteps.iSendDELETEHTTPRequest - I send DELETE HTTP request
05:47:34.867 [main] DEBUG net.thucydides.core.steps.StepInterceptor - STARTING STEP: DelProduct.iSendDELETEHTTPRequest - I set DELETE api endpoints product
05:47:34.867 [main] DEBUG net.thucydides.core.steps.StepInterceptor - STEP DONE: I set DELETE api endpoints product
05:47:34.873 [main] DEBUG org.apache.http.impl.conn.BasicClientConnectionManager - Get connection for route {s}->https://altashop-api.fly.dev:443
05:47:34.873 [main] DEBUG org.apache.http.impl.conn.DefaultClientConnectionOperator - Connecting to altashop-api.fly.dev:443
05:47:35.114 [main] DEBUG org.apache.http.client.protocol.RequestAddCookies - CookieSpec selected: ignoreCookies
05:47:35.114 [main] DEBUG org.apache.http.client.protocol.RequestAuthCache - Auth cache not set in the context
05:47:35.114 [main] DEBUG org.apache.http.client.protocol.RequestTargetAuthentication - Target auth state: UNCHALLENGED
05:47:35.114 [main] DEBUG org.apache.http.client.protocol.RequestProxyAuthentication - Proxy auth state: UNCHALLENGED
05:47:35.114 [main] DEBUG org.apache.http.impl.client.DefaultHttpClient - Attempt 1 to execute request
05:47:35.114 [main] DEBUG org.apache.http.impl.conn.DefaultClientConnection - Sending request: DELETE /api/products/1 HTTP/1.1
05:47:35.114 [main] DEBUG org.apache.http.wire -  >> "DELETE /api/products/1 HTTP/1.1[\r][\n]"
05:47:35.114 [main] DEBUG org.apache.http.wire -  >> "Accept: */*[\r][\n]"
05:47:35.114 [main] DEBUG org.apache.http.wire -  >> "Host: altashop-api.fly.dev[\r][\n]"
05:47:35.115 [main] DEBUG org.apache.http.wire -  >> "Connection: Keep-Alive[\r][\n]"
05:47:35.115 [main] DEBUG org.apache.http.wire -  >> "User-Agent: Apache-HttpClient/4.5.13 (Java/14.0.2)[\r][\n]"
05:47:35.115 [main] DEBUG org.apache.http.wire -  >> "Accept-Encoding: gzip,deflate[\r][\n]"
05:47:35.115 [main] DEBUG org.apache.http.wire -  >> "[\r][\n]"
05:47:35.115 [main] DEBUG org.apache.http.headers - >> DELETE /api/products/1 HTTP/1.1
05:47:35.115 [main] DEBUG org.apache.http.headers - >> Accept: */*
05:47:35.115 [main] DEBUG org.apache.http.headers - >> Host: altashop-api.fly.dev
05:47:35.115 [main] DEBUG org.apache.http.headers - >> Connection: Keep-Alive
05:47:35.115 [main] DEBUG org.apache.http.headers - >> User-Agent: Apache-HttpClient/4.5.13 (Java/14.0.2)
05:47:35.115 [main] DEBUG org.apache.http.headers - >> Accept-Encoding: gzip,deflate
05:47:35.195 [main] DEBUG org.apache.http.wire -  << "HTTP/1.1 200 OK[\r][\n]"
05:47:35.195 [main] DEBUG org.apache.http.wire -  << "content-type: application/json[\r][\n]"
05:47:35.195 [main] DEBUG org.apache.http.wire -  << "date: Mon, 08 May 2023 22:56:25 GMT[\r][\n]"
05:47:35.195 [main] DEBUG org.apache.http.wire -  << "content-encoding: gzip[\r][\n]"
05:47:35.195 [main] DEBUG org.apache.http.wire -  << "transfer-encoding: chunked[\r][\n]"
05:47:35.195 [main] DEBUG org.apache.http.wire -  << "server: Fly/3f2597ca (2023-05-03)[\r][\n]"
05:47:35.195 [main] DEBUG org.apache.http.wire -  << "via: 1.1 fly.io[\r][\n]"
05:47:35.195 [main] DEBUG org.apache.http.wire -  << "fly-request-id: 01GZYS94VZPH48H19F2MAM6MV4-sin[\r][\n]"
05:47:35.195 [main] DEBUG org.apache.http.wire -  << "[\r][\n]"
05:47:35.195 [main] DEBUG org.apache.http.impl.conn.DefaultClientConnection - Receiving response: HTTP/1.1 200 OK
05:47:35.195 [main] DEBUG org.apache.http.headers - << HTTP/1.1 200 OK
05:47:35.195 [main] DEBUG org.apache.http.headers - << content-type: application/json
05:47:35.195 [main] DEBUG org.apache.http.headers - << date: Mon, 08 May 2023 22:56:25 GMT
05:47:35.195 [main] DEBUG org.apache.http.headers - << content-encoding: gzip
05:47:35.195 [main] DEBUG org.apache.http.headers - << transfer-encoding: chunked
05:47:35.195 [main] DEBUG org.apache.http.headers - << server: Fly/3f2597ca (2023-05-03)
05:47:35.195 [main] DEBUG org.apache.http.headers - << via: 1.1 fly.io
05:47:35.195 [main] DEBUG org.apache.http.headers - << fly-request-id: 01GZYS94VZPH48H19F2MAM6MV4-sin
05:47:35.195 [main] DEBUG org.apache.http.impl.client.DefaultHttpClient - Connection can be kept alive indefinitely
05:47:35.195 [main] DEBUG io.restassured.internal.RestAssuredHttpBuilder - Parsing response as: application/json
05:47:35.195 [main] DEBUG org.apache.http.wire -  << "22[\r][\n]"
05:47:35.195 [main] DEBUG org.apache.http.wire -  << "[0x1f][0x8b][0x8][0x0][0x0][0x0][0x0][0x0][0x4][0xff][0xab]VJI,IT[0xb2][0xca]+[0xcd][0xc9][0xa9][0xe5][0x2][0x0][0xa3][0xab][0x8f]W[0xe][0x0][0x0][0x0]"
05:47:35.195 [main] DEBUG org.apache.http.wire -  << "[\r][\n]"
05:47:35.196 [main] DEBUG org.apache.http.wire -  << "0[\r][\n]"
05:47:35.196 [main] DEBUG org.apache.http.wire -  << "[\r][\n]"
05:47:35.196 [main] DEBUG io.restassured.internal.RestAssuredHttpBuilder - Parsed data to instance of: class org.apache.http.conn.EofSensorInputStream
05:47:35.197 [main] DEBUG org.apache.http.impl.conn.BasicClientConnectionManager - Releasing connection org.apache.http.impl.conn.ManagedClientConnectionImpl@312ddc51
05:47:35.197 [main] DEBUG org.apache.http.impl.conn.BasicClientConnectionManager - Connection can be kept alive indefinitely
05:47:35.197 [main] DEBUG net.thucydides.core.steps.StepInterceptor - STEP DONE: I send DELETE HTTP request
  &amp#27;[32mWhen &amp#27;[0m&amp#27;[32mI send DELETE HTTP request&amp#27;[0m                                       &amp#27;[90m# starter.stepdefinitions.UserSteps.iSendDELETEHTTPRequest()&amp#27;[0m
05:47:35.200 [main] DEBUG net.thucydides.core.steps.StepInterceptor - STARTING STEP: UserSteps.iReceiveValidHTTPResponseCode - I receive valids HTTP response code 200
05:47:35.200 [main] DEBUG net.thucydides.core.steps.StepInterceptor - STEP DONE: I receive valids HTTP response code 200
  &amp#27;[32mThen &amp#27;[0m&amp#27;[32mI receive valid HTTP response code 200&amp#27;[0m                           &amp#27;[90m# starter.stepdefinitions.UserSteps.iReceiveValidHTTPResponseCode()&amp#27;[0m
05:47:35.202 [main] INFO  - 
  _____   ___   ___   _____     ___     _     ___   ___   ___   ___  
 |_   _| | __| / __| |_   _|   | _ \   /_\   / __| / __| | __| |   \ 
   | |   | _|  \__ \   | |     |  _/  / _ \  \__ \ \__ \ | _|  | |) |
   |_|   |___| |___/   |_|     |_|   /_/ \_\ |___/ |___/ |___| |___/ 

DELETE - As admin I have be able to delete product categories
----------------------------------------------------------------------
]]></system-out>
  </testcase>
  <testcase name="DELETE - As admin cannot delete product categories" classname="User" time="0.387">
    <system-out><![CDATA[
@TC-0024
Scenario: DELETE - As admin cannot delete product categories    &amp#27;[90m# src/test/resources/api/user.feature:157&amp#27;[0m
05:47:35.211 [main] INFO io.cucumber.core.plugin.SerenityReporter - Running feature from file:///C:/Users/Lenovo/IdeaProjects/MiniProject/MiniprojectApi/src/test/resources/api/user.feature
05:47:35.211 [main] WARN io.cucumber.core.plugin.SerenityReporter - Feature from file:///C:/Users/Lenovo/IdeaProjects/MiniProject/MiniprojectApi/src/test/resources/api/user.feature is not under the 'features' directory. Requirements report will not be correctly generated!
05:47:35.213 [main] INFO  - 
  _____   ___   ___   _____     ___   _____     _     ___   _____   ___   ___  
 |_   _| | __| / __| |_   _|   / __| |_   _|   /_\   | _ \ |_   _| | __| |   \ 
   | |   | _|  \__ \   | |     \__ \   | |    / _ \  |   /   | |   | _|  | |) |
   |_|   |___| |___/   |_|     |___/   |_|   /_/ \_\ |_|_\   |_|   |___| |___/ 

DELETE - As admin cannot delete product categories(user;delete---as-admin-cannot-delete-product-categories)
--------------------------------------------------------------------------------
05:47:35.270 [main] DEBUG net.thucydides.core.steps.StepInterceptor - STARTING STEP: UserSteps.iSetUnmatchedDELETEApiEndpointsProductCategories - I set unmatched DELETE api endpoints products categories
05:47:35.270 [main] DEBUG net.thucydides.core.steps.StepInterceptor - STEP DONE: I set unmatched DELETE api endpoints products categories
  &amp#27;[32mGiven &amp#27;[0m&amp#27;[32mI set unmatched DELETE api endpoints product categories&amp#27;[0m &amp#27;[90m# starter.stepdefinitions.UserSteps.iSetUnmatchedDELETEApiEndpointsProductCategories()&amp#27;[0m
05:47:35.273 [main] DEBUG net.thucydides.core.steps.StepInterceptor - STARTING STEP: UserSteps.iSendDELETEHTTPRequest - I send DELETE HTTP request
05:47:35.274 [main] DEBUG net.thucydides.core.steps.StepInterceptor - STARTING STEP: DelProduct.iSendDELETEHTTPRequest - I set DELETE api endpoints product
05:47:35.274 [main] DEBUG net.thucydides.core.steps.StepInterceptor - STEP DONE: I set DELETE api endpoints product
05:47:35.279 [main] DEBUG org.apache.http.impl.conn.BasicClientConnectionManager - Get connection for route {s}->https://altashop-api.fly.dev:443
05:47:35.279 [main] DEBUG org.apache.http.impl.conn.DefaultClientConnectionOperator - Connecting to altashop-api.fly.dev:443
05:47:35.529 [main] DEBUG org.apache.http.client.protocol.RequestAddCookies - CookieSpec selected: ignoreCookies
05:47:35.530 [main] DEBUG org.apache.http.client.protocol.RequestAuthCache - Auth cache not set in the context
05:47:35.530 [main] DEBUG org.apache.http.client.protocol.RequestTargetAuthentication - Target auth state: UNCHALLENGED
05:47:35.530 [main] DEBUG org.apache.http.client.protocol.RequestProxyAuthentication - Proxy auth state: UNCHALLENGED
05:47:35.530 [main] DEBUG org.apache.http.impl.client.DefaultHttpClient - Attempt 1 to execute request
05:47:35.530 [main] DEBUG org.apache.http.impl.conn.DefaultClientConnection - Sending request: DELETE /api/products/1 HTTP/1.1
05:47:35.530 [main] DEBUG org.apache.http.wire -  >> "DELETE /api/products/1 HTTP/1.1[\r][\n]"
05:47:35.530 [main] DEBUG org.apache.http.wire -  >> "Accept: */*[\r][\n]"
05:47:35.530 [main] DEBUG org.apache.http.wire -  >> "Host: altashop-api.fly.dev[\r][\n]"
05:47:35.530 [main] DEBUG org.apache.http.wire -  >> "Connection: Keep-Alive[\r][\n]"
05:47:35.530 [main] DEBUG org.apache.http.wire -  >> "User-Agent: Apache-HttpClient/4.5.13 (Java/14.0.2)[\r][\n]"
05:47:35.530 [main] DEBUG org.apache.http.wire -  >> "Accept-Encoding: gzip,deflate[\r][\n]"
05:47:35.530 [main] DEBUG org.apache.http.wire -  >> "[\r][\n]"
05:47:35.530 [main] DEBUG org.apache.http.headers - >> DELETE /api/products/1 HTTP/1.1
05:47:35.530 [main] DEBUG org.apache.http.headers - >> Accept: */*
05:47:35.530 [main] DEBUG org.apache.http.headers - >> Host: altashop-api.fly.dev
05:47:35.530 [main] DEBUG org.apache.http.headers - >> Connection: Keep-Alive
05:47:35.530 [main] DEBUG org.apache.http.headers - >> User-Agent: Apache-HttpClient/4.5.13 (Java/14.0.2)
05:47:35.530 [main] DEBUG org.apache.http.headers - >> Accept-Encoding: gzip,deflate
05:47:35.573 [main] DEBUG org.apache.http.wire -  << "HTTP/1.1 200 OK[\r][\n]"
05:47:35.573 [main] DEBUG org.apache.http.wire -  << "content-type: application/json[\r][\n]"
05:47:35.573 [main] DEBUG org.apache.http.wire -  << "date: Mon, 08 May 2023 22:56:25 GMT[\r][\n]"
05:47:35.573 [main] DEBUG org.apache.http.wire -  << "content-encoding: gzip[\r][\n]"
05:47:35.573 [main] DEBUG org.apache.http.wire -  << "transfer-encoding: chunked[\r][\n]"
05:47:35.573 [main] DEBUG org.apache.http.wire -  << "server: Fly/3f2597ca (2023-05-03)[\r][\n]"
05:47:35.573 [main] DEBUG org.apache.http.wire -  << "via: 1.1 fly.io[\r][\n]"
05:47:35.573 [main] DEBUG org.apache.http.wire -  << "fly-request-id: 01GZYS958Z899ZN3KSA0WTN0DT-sin[\r][\n]"
05:47:35.573 [main] DEBUG org.apache.http.wire -  << "[\r][\n]"
05:47:35.573 [main] DEBUG org.apache.http.impl.conn.DefaultClientConnection - Receiving response: HTTP/1.1 200 OK
05:47:35.573 [main] DEBUG org.apache.http.headers - << HTTP/1.1 200 OK
05:47:35.573 [main] DEBUG org.apache.http.headers - << content-type: application/json
05:47:35.573 [main] DEBUG org.apache.http.headers - << date: Mon, 08 May 2023 22:56:25 GMT
05:47:35.573 [main] DEBUG org.apache.http.headers - << content-encoding: gzip
05:47:35.573 [main] DEBUG org.apache.http.headers - << transfer-encoding: chunked
05:47:35.573 [main] DEBUG org.apache.http.headers - << server: Fly/3f2597ca (2023-05-03)
05:47:35.573 [main] DEBUG org.apache.http.headers - << via: 1.1 fly.io
05:47:35.573 [main] DEBUG org.apache.http.headers - << fly-request-id: 01GZYS958Z899ZN3KSA0WTN0DT-sin
05:47:35.574 [main] DEBUG org.apache.http.impl.client.DefaultHttpClient - Connection can be kept alive indefinitely
05:47:35.574 [main] DEBUG io.restassured.internal.RestAssuredHttpBuilder - Parsing response as: application/json
05:47:35.574 [main] DEBUG org.apache.http.wire -  << "22[\r][\n]"
05:47:35.574 [main] DEBUG org.apache.http.wire -  << "[0x1f][0x8b][0x8][0x0][0x0][0x0][0x0][0x0][0x4][0xff][0xab]VJI,IT[0xb2][0xca]+[0xcd][0xc9][0xa9][0xe5][0x2][0x0][0xa3][0xab][0x8f]W[0xe][0x0][0x0][0x0]"
05:47:35.574 [main] DEBUG org.apache.http.wire -  << "[\r][\n]"
05:47:35.574 [main] DEBUG org.apache.http.wire -  << "0[\r][\n]"
05:47:35.574 [main] DEBUG org.apache.http.wire -  << "[\r][\n]"
05:47:35.574 [main] DEBUG io.restassured.internal.RestAssuredHttpBuilder - Parsed data to instance of: class org.apache.http.conn.EofSensorInputStream
05:47:35.577 [main] DEBUG org.apache.http.impl.conn.BasicClientConnectionManager - Releasing connection org.apache.http.impl.conn.ManagedClientConnectionImpl@1398e3aa
05:47:35.577 [main] DEBUG org.apache.http.impl.conn.BasicClientConnectionManager - Connection can be kept alive indefinitely
05:47:35.577 [main] DEBUG net.thucydides.core.steps.StepInterceptor - STEP DONE: I send DELETE HTTP request
  &amp#27;[32mWhen &amp#27;[0m&amp#27;[32mI send DELETE HTTP request&amp#27;[0m                               &amp#27;[90m# starter.stepdefinitions.UserSteps.iSendDELETEHTTPRequest()&amp#27;[0m
05:47:35.584 [main] DEBUG net.thucydides.core.steps.StepInterceptor - STARTING STEP: UserSteps.iReceiveValidHTTPResponseCode404 - I receive valids HTTP response code 404
05:47:35.585 [main] DEBUG net.thucydides.core.steps.StepInterceptor - STEP DONE: I receive valids HTTP response code 404
  &amp#27;[32mThen &amp#27;[0m&amp#27;[32mI receive valid HTTP response code 404&amp#27;[0m                   &amp#27;[90m# starter.stepdefinitions.UserSteps.iReceiveValidHTTPResponseCode404()&amp#27;[0m
05:47:35.589 [main] INFO  - 
  _____   ___   ___   _____     ___     _     ___   ___   ___   ___  
 |_   _| | __| / __| |_   _|   | _ \   /_\   / __| / __| | __| |   \ 
   | |   | _|  \__ \   | |     |  _/  / _ \  \__ \ \__ \ | _|  | |) |
   |_|   |___| |___/   |_|     |_|   /_/ \_\ |___/ |___/ |___| |___/ 

DELETE - As admin cannot delete product categories
----------------------------------------------------------------------
]]></system-out>
  </testcase>
  <testcase name="POST - As admin I have be able to create new product categories" classname="User" time="0.734">
    <system-out><![CDATA[
@TC-0017
Scenario: POST - As admin I have be able to create new product categories &amp#27;[90m# src/test/resources/api/user.feature:163&amp#27;[0m
05:47:35.614 [main] INFO io.cucumber.core.plugin.SerenityReporter - Running feature from file:///C:/Users/Lenovo/IdeaProjects/MiniProject/MiniprojectApi/src/test/resources/api/user.feature
05:47:35.614 [main] WARN io.cucumber.core.plugin.SerenityReporter - Feature from file:///C:/Users/Lenovo/IdeaProjects/MiniProject/MiniprojectApi/src/test/resources/api/user.feature is not under the 'features' directory. Requirements report will not be correctly generated!
05:47:35.620 [main] INFO  - 
  _____   ___   ___   _____     ___   _____     _     ___   _____   ___   ___  
 |_   _| | __| / __| |_   _|   / __| |_   _|   /_\   | _ \ |_   _| | __| |   \ 
   | |   | _|  \__ \   | |     \__ \   | |    / _ \  |   /   | |   | _|  | |) |
   |_|   |___| |___/   |_|     |___/   |_|   /_/ \_\ |_|_\   |_|   |___| |___/ 

POST - As admin I have be able to create new product categories(user;post---as-admin-i-have-be-able-to-create-new-product-categories)
--------------------------------------------------------------------------------
05:47:35.727 [main] DEBUG net.thucydides.core.steps.StepInterceptor - STARTING STEP: UserSteps.iSetPOSTApiEndpointsLogin - I set POST api endpoints login
05:47:35.727 [main] DEBUG net.thucydides.core.steps.StepInterceptor - STEP DONE: I set POST api endpoints login
  &amp#27;[32mGiven &amp#27;[0m&amp#27;[32mI set POST api endpoints login&amp#27;[0m                                    &amp#27;[90m# starter.stepdefinitions.UserSteps.iSetPOSTApiEndpointsLogin()&amp#27;[0m
05:47:35.730 [main] DEBUG net.thucydides.core.steps.StepInterceptor - STARTING STEP: UserSteps.iSendPOSTHTTPRequestLogin - I send POST HTTP request login
05:47:35.731 [main] DEBUG net.thucydides.core.steps.StepInterceptor - STARTING STEP: PostLogin.iSendPOSTHTTPRequestLogin - I set POST api endpoints login
05:47:35.731 [main] DEBUG net.thucydides.core.steps.StepInterceptor - STEP DONE: I set POST api endpoints login
05:47:35.738 [main] DEBUG org.apache.http.impl.conn.BasicClientConnectionManager - Get connection for route {s}->https://altashop-api.fly.dev:443
05:47:35.738 [main] DEBUG org.apache.http.impl.conn.DefaultClientConnectionOperator - Connecting to altashop-api.fly.dev:443
05:47:35.936 [main] DEBUG org.apache.http.client.protocol.RequestAddCookies - CookieSpec selected: ignoreCookies
05:47:35.936 [main] DEBUG org.apache.http.client.protocol.RequestAuthCache - Auth cache not set in the context
05:47:35.936 [main] DEBUG org.apache.http.client.protocol.RequestTargetAuthentication - Target auth state: UNCHALLENGED
05:47:35.936 [main] DEBUG org.apache.http.client.protocol.RequestProxyAuthentication - Proxy auth state: UNCHALLENGED
05:47:35.936 [main] DEBUG org.apache.http.impl.client.DefaultHttpClient - Attempt 1 to execute request
05:47:35.937 [main] DEBUG org.apache.http.impl.conn.DefaultClientConnection - Sending request: POST /api/auth/login HTTP/1.1
05:47:35.937 [main] DEBUG org.apache.http.wire -  >> "POST /api/auth/login HTTP/1.1[\r][\n]"
05:47:35.937 [main] DEBUG org.apache.http.wire -  >> "Accept: */*[\r][\n]"
05:47:35.937 [main] DEBUG org.apache.http.wire -  >> "Content-Type: application/json[\r][\n]"
05:47:35.937 [main] DEBUG org.apache.http.wire -  >> "Content-Length: 48[\r][\n]"
05:47:35.937 [main] DEBUG org.apache.http.wire -  >> "Host: altashop-api.fly.dev[\r][\n]"
05:47:35.937 [main] DEBUG org.apache.http.wire -  >> "Connection: Keep-Alive[\r][\n]"
05:47:35.937 [main] DEBUG org.apache.http.wire -  >> "User-Agent: Apache-HttpClient/4.5.13 (Java/14.0.2)[\r][\n]"
05:47:35.937 [main] DEBUG org.apache.http.wire -  >> "Accept-Encoding: gzip,deflate[\r][\n]"
05:47:35.937 [main] DEBUG org.apache.http.wire -  >> "[\r][\n]"
05:47:35.937 [main] DEBUG org.apache.http.headers - >> POST /api/auth/login HTTP/1.1
05:47:35.937 [main] DEBUG org.apache.http.headers - >> Accept: */*
05:47:35.937 [main] DEBUG org.apache.http.headers - >> Content-Type: application/json
05:47:35.937 [main] DEBUG org.apache.http.headers - >> Content-Length: 48
05:47:35.937 [main] DEBUG org.apache.http.headers - >> Host: altashop-api.fly.dev
05:47:35.937 [main] DEBUG org.apache.http.headers - >> Connection: Keep-Alive
05:47:35.937 [main] DEBUG org.apache.http.headers - >> User-Agent: Apache-HttpClient/4.5.13 (Java/14.0.2)
05:47:35.937 [main] DEBUG org.apache.http.headers - >> Accept-Encoding: gzip,deflate
05:47:35.937 [main] DEBUG org.apache.http.wire -  >> "{"password":"123123","email":"someone@mail.com"}"
05:47:35.977 [main] DEBUG org.apache.http.wire -  << "HTTP/1.1 200 OK[\r][\n]"
05:47:35.977 [main] DEBUG org.apache.http.wire -  << "content-type: application/json[\r][\n]"
05:47:35.977 [main] DEBUG org.apache.http.wire -  << "date: Mon, 08 May 2023 22:56:26 GMT[\r][\n]"
05:47:35.977 [main] DEBUG org.apache.http.wire -  << "content-encoding: gzip[\r][\n]"
05:47:35.977 [main] DEBUG org.apache.http.wire -  << "transfer-encoding: chunked[\r][\n]"
05:47:35.977 [main] DEBUG org.apache.http.wire -  << "server: Fly/3f2597ca (2023-05-03)[\r][\n]"
05:47:35.977 [main] DEBUG org.apache.http.wire -  << "via: 1.1 fly.io[\r][\n]"
05:47:35.977 [main] DEBUG org.apache.http.wire -  << "fly-request-id: 01GZYS95NPK0MVRCGW0KF2E8NW-sin[\r][\n]"
05:47:35.977 [main] DEBUG org.apache.http.wire -  << "[\r][\n]"
05:47:35.977 [main] DEBUG org.apache.http.impl.conn.DefaultClientConnection - Receiving response: HTTP/1.1 200 OK
05:47:35.977 [main] DEBUG org.apache.http.headers - << HTTP/1.1 200 OK
05:47:35.977 [main] DEBUG org.apache.http.headers - << content-type: application/json
05:47:35.977 [main] DEBUG org.apache.http.headers - << date: Mon, 08 May 2023 22:56:26 GMT
05:47:35.977 [main] DEBUG org.apache.http.headers - << content-encoding: gzip
05:47:35.977 [main] DEBUG org.apache.http.headers - << transfer-encoding: chunked
05:47:35.977 [main] DEBUG org.apache.http.headers - << server: Fly/3f2597ca (2023-05-03)
05:47:35.977 [main] DEBUG org.apache.http.headers - << via: 1.1 fly.io
05:47:35.977 [main] DEBUG org.apache.http.headers - << fly-request-id: 01GZYS95NPK0MVRCGW0KF2E8NW-sin
05:47:35.977 [main] DEBUG org.apache.http.impl.client.DefaultHttpClient - Connection can be kept alive indefinitely
05:47:35.977 [main] DEBUG io.restassured.internal.RestAssuredHttpBuilder - Parsing response as: application/json
05:47:35.977 [main] DEBUG org.apache.http.wire -  << "AC[\r][\n]"
05:47:35.978 [main] DEBUG org.apache.http.wire -  << "[0x1f][0x8b][0x8][0x0][0x0][0x0][0x0][0x0][0x4][0xff][0xab]VJI,IT[0xb2]RJ[0xad][0xf4][0xca]HrO[0xce][0xf4][0xcf][0xf4][0xf2][0xc][0xad][0xf2]4[0xf4][0xcb][0xf4],[0xf6][0xcc][0xb]2Mv[0xf6]4[0xf3][0xcc].[0x88][0x8]s[0xf6][0xb2][0xd4]K[0xad][0xf4]rO[0x9][0xaf](N[0xca]u+[0x89][\n]"
05:47:35.978 [main] DEBUG org.apache.http.wire -  << "[0x6]K[0x94]%[0xba][0x9b][0xa4][0x7][0xb9][[0xe6]xf[0x96]g[0x6][0x85][0x1b]f$[0x86][0x97][0x83][0xc][0xa9]J22[0xcc]I22[0xcd][0x9]t[0x7][0x8b][0x95]F[0x1a]Y[0x96]x[0xe6][0x19][0xe8][0x85][0x97]9[0x5]W$[0x7][0xba][0x16][0x16][0xe6]e:[0x1b][0x96][0x19]X[0xf8]Te[0x17]y$[0xbb][0xfa][0xa4][0xa6][0x17][0x1b]$[0x99][0x97][0x95]d[0xb9][0x7][0x84]g&[0xba][0x86]'{*[0xd5]r[0x1][0x0]?[0x99][0xcf]j[0xa0][0x0][0x0][0x0]"
05:47:35.978 [main] DEBUG org.apache.http.wire -  << "[\r][\n]"
05:47:35.978 [main] DEBUG org.apache.http.wire -  << "0[\r][\n]"
05:47:35.978 [main] DEBUG org.apache.http.wire -  << "[\r][\n]"
05:47:35.978 [main] DEBUG io.restassured.internal.RestAssuredHttpBuilder - Parsed data to instance of: class org.apache.http.conn.EofSensorInputStream
05:47:35.980 [main] DEBUG org.apache.http.impl.conn.BasicClientConnectionManager - Releasing connection org.apache.http.impl.conn.ManagedClientConnectionImpl@1ab6a093
05:47:35.980 [main] DEBUG org.apache.http.impl.conn.BasicClientConnectionManager - Connection can be kept alive indefinitely
05:47:36.009 [main] DEBUG net.thucydides.core.steps.StepInterceptor - STEP DONE: I send POST HTTP request login
  &amp#27;[32mWhen &amp#27;[0m&amp#27;[32mI send POST HTTP request login&amp#27;[0m                                     &amp#27;[90m# starter.stepdefinitions.UserSteps.iSendPOSTHTTPRequestLogin()&amp#27;[0m
05:47:36.016 [main] DEBUG net.thucydides.core.steps.StepInterceptor - STARTING STEP: UserSteps.iSetPOSTApiEndpointsProductCategory - I set POST api endpoints product category
05:47:36.017 [main] DEBUG net.thucydides.core.steps.StepInterceptor - STEP DONE: I set POST api endpoints product category
  &amp#27;[32mAnd &amp#27;[0m&amp#27;[32mI set POST api endpoints product category&amp#27;[0m                           &amp#27;[90m# starter.stepdefinitions.UserSteps.iSetPOSTApiEndpointsProductCategory()&amp#27;[0m
05:47:36.024 [main] DEBUG net.thucydides.core.steps.StepInterceptor - STARTING STEP: UserSteps.iSendPOSTHTTPRequestPostCategories - I send POST HTTP request post categories
05:47:36.027 [main] DEBUG net.thucydides.core.steps.StepInterceptor - STARTING STEP: PostProductCat.iSendPOSTHTTPRequestPostCategories - I set POST api endpoints product category
05:47:36.028 [main] DEBUG net.thucydides.core.steps.StepInterceptor - STEP DONE: I set POST api endpoints product category
05:47:36.042 [main] DEBUG org.apache.http.impl.conn.BasicClientConnectionManager - Get connection for route {s}->https://altashop-api.fly.dev:443
05:47:36.043 [main] DEBUG org.apache.http.impl.conn.DefaultClientConnectionOperator - Connecting to altashop-api.fly.dev:443
05:47:36.240 [main] DEBUG org.apache.http.client.protocol.RequestAddCookies - CookieSpec selected: ignoreCookies
05:47:36.241 [main] DEBUG org.apache.http.client.protocol.RequestAuthCache - Auth cache not set in the context
05:47:36.241 [main] DEBUG org.apache.http.client.protocol.RequestTargetAuthentication - Target auth state: UNCHALLENGED
05:47:36.241 [main] DEBUG org.apache.http.client.protocol.RequestProxyAuthentication - Proxy auth state: UNCHALLENGED
05:47:36.241 [main] DEBUG org.apache.http.impl.client.DefaultHttpClient - Attempt 1 to execute request
05:47:36.241 [main] DEBUG org.apache.http.impl.conn.DefaultClientConnection - Sending request: POST /api/categories HTTP/1.1
05:47:36.241 [main] DEBUG org.apache.http.wire -  >> "POST /api/categories HTTP/1.1[\r][\n]"
05:47:36.241 [main] DEBUG org.apache.http.wire -  >> "Accept: */*[\r][\n]"
05:47:36.241 [main] DEBUG org.apache.http.wire -  >> "Content-Type: application/json[\r][\n]"
05:47:36.241 [main] DEBUG org.apache.http.wire -  >> "Content-Length: 53[\r][\n]"
05:47:36.241 [main] DEBUG org.apache.http.wire -  >> "Host: altashop-api.fly.dev[\r][\n]"
05:47:36.241 [main] DEBUG org.apache.http.wire -  >> "Connection: Keep-Alive[\r][\n]"
05:47:36.241 [main] DEBUG org.apache.http.wire -  >> "User-Agent: Apache-HttpClient/4.5.13 (Java/14.0.2)[\r][\n]"
05:47:36.241 [main] DEBUG org.apache.http.wire -  >> "Accept-Encoding: gzip,deflate[\r][\n]"
05:47:36.241 [main] DEBUG org.apache.http.wire -  >> "[\r][\n]"
05:47:36.241 [main] DEBUG org.apache.http.headers - >> POST /api/categories HTTP/1.1
05:47:36.241 [main] DEBUG org.apache.http.headers - >> Accept: */*
05:47:36.241 [main] DEBUG org.apache.http.headers - >> Content-Type: application/json
05:47:36.241 [main] DEBUG org.apache.http.headers - >> Content-Length: 53
05:47:36.241 [main] DEBUG org.apache.http.headers - >> Host: altashop-api.fly.dev
05:47:36.241 [main] DEBUG org.apache.http.headers - >> Connection: Keep-Alive
05:47:36.241 [main] DEBUG org.apache.http.headers - >> User-Agent: Apache-HttpClient/4.5.13 (Java/14.0.2)
05:47:36.241 [main] DEBUG org.apache.http.headers - >> Accept-Encoding: gzip,deflate
05:47:36.241 [main] DEBUG org.apache.http.wire -  >> "{"name":"gaming","description":"for gaming purposes"}"
05:47:36.297 [main] DEBUG org.apache.http.wire -  << "HTTP/1.1 200 OK[\r][\n]"
05:47:36.297 [main] DEBUG org.apache.http.wire -  << "content-type: application/json[\r][\n]"
05:47:36.297 [main] DEBUG org.apache.http.wire -  << "date: Mon, 08 May 2023 22:56:26 GMT[\r][\n]"
05:47:36.297 [main] DEBUG org.apache.http.wire -  << "content-encoding: gzip[\r][\n]"
05:47:36.297 [main] DEBUG org.apache.http.wire -  << "transfer-encoding: chunked[\r][\n]"
05:47:36.297 [main] DEBUG org.apache.http.wire -  << "server: Fly/3f2597ca (2023-05-03)[\r][\n]"
05:47:36.297 [main] DEBUG org.apache.http.wire -  << "via: 1.1 fly.io[\r][\n]"
05:47:36.297 [main] DEBUG org.apache.http.wire -  << "fly-request-id: 01GZYS95Z6090RRKJX108R4HTQ-sin[\r][\n]"
05:47:36.297 [main] DEBUG org.apache.http.wire -  << "[\r][\n]"
05:47:36.297 [main] DEBUG org.apache.http.impl.conn.DefaultClientConnection - Receiving response: HTTP/1.1 200 OK
05:47:36.297 [main] DEBUG org.apache.http.headers - << HTTP/1.1 200 OK
05:47:36.297 [main] DEBUG org.apache.http.headers - << content-type: application/json
05:47:36.297 [main] DEBUG org.apache.http.headers - << date: Mon, 08 May 2023 22:56:26 GMT
05:47:36.297 [main] DEBUG org.apache.http.headers - << content-encoding: gzip
05:47:36.297 [main] DEBUG org.apache.http.headers - << transfer-encoding: chunked
05:47:36.297 [main] DEBUG org.apache.http.headers - << server: Fly/3f2597ca (2023-05-03)
05:47:36.297 [main] DEBUG org.apache.http.headers - << via: 1.1 fly.io
05:47:36.297 [main] DEBUG org.apache.http.headers - << fly-request-id: 01GZYS95Z6090RRKJX108R4HTQ-sin
05:47:36.297 [main] DEBUG org.apache.http.impl.client.DefaultHttpClient - Connection can be kept alive indefinitely
05:47:36.297 [main] DEBUG io.restassured.internal.RestAssuredHttpBuilder - Parsing response as: application/json
05:47:36.297 [main] DEBUG org.apache.http.wire -  << "5A[\r][\n]"
05:47:36.297 [main] DEBUG org.apache.http.wire -  << "[0x1f][0x8b][0x8][0x0][0x0][0x0][0x0][0x0][0x4][0xff][0xab]VJI,IT[0xb2][0xaa]V[0xf2]tQ[0xb2]24[0xb6]06[0xd5]Q[0xf2]K[0xcc]MU[0xb2]RJO[0xcc][0xcd][0xcc]KW[0xd2]QrI-N.[0xca],([0xc9][0xcc][0xcf]S[0xb2]RJ[0xcb]/R[0x80]H)[0x14][0x94][0x16][0x15][0xe4][0x17][0xa7][0x16]+[0xd5][0xd6]r[0x1][0x0]bTK[0xe8]J[0x0][0x0][0x0]"
05:47:36.297 [main] DEBUG org.apache.http.wire -  << "[\r][\n]"
05:47:36.297 [main] DEBUG org.apache.http.wire -  << "0[\r][\n]"
05:47:36.297 [main] DEBUG org.apache.http.wire -  << "[\r][\n]"
05:47:36.297 [main] DEBUG io.restassured.internal.RestAssuredHttpBuilder - Parsed data to instance of: class org.apache.http.conn.EofSensorInputStream
05:47:36.300 [main] DEBUG org.apache.http.impl.conn.BasicClientConnectionManager - Releasing connection org.apache.http.impl.conn.ManagedClientConnectionImpl@52e296c0
05:47:36.300 [main] DEBUG org.apache.http.impl.conn.BasicClientConnectionManager - Connection can be kept alive indefinitely
05:47:36.301 [main] DEBUG net.thucydides.core.steps.StepInterceptor - STEP DONE: I send POST HTTP request post categories
  &amp#27;[32mAnd &amp#27;[0m&amp#27;[32mI send POST HTTP request post categories&amp#27;[0m                            &amp#27;[90m# starter.stepdefinitions.UserSteps.iSendPOSTHTTPRequestPostCategories()&amp#27;[0m
05:47:36.309 [main] DEBUG net.thucydides.core.steps.StepInterceptor - STARTING STEP: UserSteps.iReceiveValidHTTPResponseCode - I receive valids HTTP response code 200
05:47:36.310 [main] DEBUG net.thucydides.core.steps.StepInterceptor - STEP DONE: I receive valids HTTP response code 200
  &amp#27;[32mThen &amp#27;[0m&amp#27;[32mI receive valid HTTP response code 200&amp#27;[0m                             &amp#27;[90m# starter.stepdefinitions.UserSteps.iReceiveValidHTTPResponseCode()&amp#27;[0m
05:47:36.318 [main] DEBUG net.thucydides.core.steps.StepInterceptor - STARTING STEP: UserSteps.iReceiveValidDataForNewProductCategory - I set POST api endpoints product category
05:47:36.318 [main] DEBUG net.thucydides.core.steps.StepInterceptor - STEP DONE: I set POST api endpoints product category
  &amp#27;[32mAnd &amp#27;[0m&amp#27;[32mI receive valid data for new product category&amp#27;[0m                       &amp#27;[90m# starter.stepdefinitions.UserSteps.iReceiveValidDataForNewProductCategory()&amp#27;[0m
05:47:36.323 [main] INFO  - 
  _____   ___   ___   _____     ___     _     ___   ___   ___   ___  
 |_   _| | __| / __| |_   _|   | _ \   /_\   / __| / __| | __| |   \ 
   | |   | _|  \__ \   | |     |  _/  / _ \  \__ \ \__ \ | _|  | |) |
   |_|   |___| |___/   |_|     |_|   /_/ \_\ |___/ |___/ |___| |___/ 

POST - As admin I have be able to create new product categories
----------------------------------------------------------------------
]]></system-out>
  </testcase>
  <testcase name="POST - As admin I cannot create new product categories" classname="User" time="0.752">
    <system-out><![CDATA[
@TC-0018
Scenario: POST - As admin I cannot create new product categories &amp#27;[90m# src/test/resources/api/user.feature:172&amp#27;[0m
05:47:36.344 [main] INFO io.cucumber.core.plugin.SerenityReporter - Running feature from file:///C:/Users/Lenovo/IdeaProjects/MiniProject/MiniprojectApi/src/test/resources/api/user.feature
05:47:36.344 [main] WARN io.cucumber.core.plugin.SerenityReporter - Feature from file:///C:/Users/Lenovo/IdeaProjects/MiniProject/MiniprojectApi/src/test/resources/api/user.feature is not under the 'features' directory. Requirements report will not be correctly generated!
05:47:36.349 [main] INFO  - 
  _____   ___   ___   _____     ___   _____     _     ___   _____   ___   ___  
 |_   _| | __| / __| |_   _|   / __| |_   _|   /_\   | _ \ |_   _| | __| |   \ 
   | |   | _|  \__ \   | |     \__ \   | |    / _ \  |   /   | |   | _|  | |) |
   |_|   |___| |___/   |_|     |___/   |_|   /_/ \_\ |_|_\   |_|   |___| |___/ 

POST - As admin I cannot create new product categories(user;post---as-admin-i-cannot-create-new-product-categories)
--------------------------------------------------------------------------------
05:47:36.508 [Finalizer] DEBUG org.apache.http.impl.conn.DefaultClientConnection - Connection 0.0.0.0:60348<->149.248.193.56:443 closed
05:47:36.511 [Finalizer] DEBUG org.apache.http.impl.conn.DefaultClientConnection - Connection 0.0.0.0:60347<->149.248.193.56:443 closed
05:47:36.513 [Finalizer] DEBUG org.apache.http.impl.conn.DefaultClientConnection - Connection 0.0.0.0:60350<->149.248.193.56:443 closed
05:47:36.515 [Finalizer] DEBUG org.apache.http.impl.conn.DefaultClientConnection - Connection 0.0.0.0:60349<->149.248.193.56:443 closed
05:47:36.525 [main] DEBUG net.thucydides.core.steps.StepInterceptor - STARTING STEP: UserSteps.iSetPOSTApiEndpointsLogin - I set POST api endpoints login
05:47:36.525 [main] DEBUG net.thucydides.core.steps.StepInterceptor - STEP DONE: I set POST api endpoints login
  &amp#27;[32mGiven &amp#27;[0m&amp#27;[32mI set POST api endpoints login&amp#27;[0m                           &amp#27;[90m# starter.stepdefinitions.UserSteps.iSetPOSTApiEndpointsLogin()&amp#27;[0m
05:47:36.532 [main] DEBUG net.thucydides.core.steps.StepInterceptor - STARTING STEP: UserSteps.iSendPOSTHTTPRequestLogin - I send POST HTTP request login
05:47:36.535 [main] DEBUG net.thucydides.core.steps.StepInterceptor - STARTING STEP: PostLogin.iSendPOSTHTTPRequestLogin - I set POST api endpoints login
05:47:36.535 [main] DEBUG net.thucydides.core.steps.StepInterceptor - STEP DONE: I set POST api endpoints login
05:47:36.553 [main] DEBUG org.apache.http.impl.conn.BasicClientConnectionManager - Get connection for route {s}->https://altashop-api.fly.dev:443
05:47:36.553 [main] DEBUG org.apache.http.impl.conn.DefaultClientConnectionOperator - Connecting to altashop-api.fly.dev:443
05:47:36.652 [main] DEBUG org.apache.http.client.protocol.RequestAddCookies - CookieSpec selected: ignoreCookies
05:47:36.652 [main] DEBUG org.apache.http.client.protocol.RequestAuthCache - Auth cache not set in the context
05:47:36.652 [main] DEBUG org.apache.http.client.protocol.RequestTargetAuthentication - Target auth state: UNCHALLENGED
05:47:36.652 [main] DEBUG org.apache.http.client.protocol.RequestProxyAuthentication - Proxy auth state: UNCHALLENGED
05:47:36.652 [main] DEBUG org.apache.http.impl.client.DefaultHttpClient - Attempt 1 to execute request
05:47:36.652 [main] DEBUG org.apache.http.impl.conn.DefaultClientConnection - Sending request: POST /api/auth/login HTTP/1.1
05:47:36.652 [main] DEBUG org.apache.http.wire -  >> "POST /api/auth/login HTTP/1.1[\r][\n]"
05:47:36.652 [main] DEBUG org.apache.http.wire -  >> "Accept: */*[\r][\n]"
05:47:36.652 [main] DEBUG org.apache.http.wire -  >> "Content-Type: application/json[\r][\n]"
05:47:36.652 [main] DEBUG org.apache.http.wire -  >> "Content-Length: 48[\r][\n]"
05:47:36.652 [main] DEBUG org.apache.http.wire -  >> "Host: altashop-api.fly.dev[\r][\n]"
05:47:36.652 [main] DEBUG org.apache.http.wire -  >> "Connection: Keep-Alive[\r][\n]"
05:47:36.652 [main] DEBUG org.apache.http.wire -  >> "User-Agent: Apache-HttpClient/4.5.13 (Java/14.0.2)[\r][\n]"
05:47:36.653 [main] DEBUG org.apache.http.wire -  >> "Accept-Encoding: gzip,deflate[\r][\n]"
05:47:36.653 [main] DEBUG org.apache.http.wire -  >> "[\r][\n]"
05:47:36.653 [main] DEBUG org.apache.http.headers - >> POST /api/auth/login HTTP/1.1
05:47:36.653 [main] DEBUG org.apache.http.headers - >> Accept: */*
05:47:36.653 [main] DEBUG org.apache.http.headers - >> Content-Type: application/json
05:47:36.653 [main] DEBUG org.apache.http.headers - >> Content-Length: 48
05:47:36.653 [main] DEBUG org.apache.http.headers - >> Host: altashop-api.fly.dev
05:47:36.653 [main] DEBUG org.apache.http.headers - >> Connection: Keep-Alive
05:47:36.653 [main] DEBUG org.apache.http.headers - >> User-Agent: Apache-HttpClient/4.5.13 (Java/14.0.2)
05:47:36.653 [main] DEBUG org.apache.http.headers - >> Accept-Encoding: gzip,deflate
05:47:36.653 [main] DEBUG org.apache.http.wire -  >> "{"password":"123123","email":"someone@mail.com"}"
05:47:36.690 [main] DEBUG org.apache.http.wire -  << "HTTP/1.1 200 OK[\r][\n]"
05:47:36.690 [main] DEBUG org.apache.http.wire -  << "content-type: application/json[\r][\n]"
05:47:36.690 [main] DEBUG org.apache.http.wire -  << "date: Mon, 08 May 2023 22:56:27 GMT[\r][\n]"
05:47:36.690 [main] DEBUG org.apache.http.wire -  << "content-encoding: gzip[\r][\n]"
05:47:36.690 [main] DEBUG org.apache.http.wire -  << "transfer-encoding: chunked[\r][\n]"
05:47:36.690 [main] DEBUG org.apache.http.wire -  << "server: Fly/3f2597ca (2023-05-03)[\r][\n]"
05:47:36.690 [main] DEBUG org.apache.http.wire -  << "via: 1.1 fly.io[\r][\n]"
05:47:36.690 [main] DEBUG org.apache.http.wire -  << "fly-request-id: 01GZYS96C14FSNBDQWEXTV1AJV-sin[\r][\n]"
05:47:36.690 [main] DEBUG org.apache.http.wire -  << "[\r][\n]"
05:47:36.690 [main] DEBUG org.apache.http.impl.conn.DefaultClientConnection - Receiving response: HTTP/1.1 200 OK
05:47:36.690 [main] DEBUG org.apache.http.headers - << HTTP/1.1 200 OK
05:47:36.690 [main] DEBUG org.apache.http.headers - << content-type: application/json
05:47:36.690 [main] DEBUG org.apache.http.headers - << date: Mon, 08 May 2023 22:56:27 GMT
05:47:36.690 [main] DEBUG org.apache.http.headers - << content-encoding: gzip
05:47:36.690 [main] DEBUG org.apache.http.headers - << transfer-encoding: chunked
05:47:36.690 [main] DEBUG org.apache.http.headers - << server: Fly/3f2597ca (2023-05-03)
05:47:36.690 [main] DEBUG org.apache.http.headers - << via: 1.1 fly.io
05:47:36.690 [main] DEBUG org.apache.http.headers - << fly-request-id: 01GZYS96C14FSNBDQWEXTV1AJV-sin
05:47:36.691 [main] DEBUG org.apache.http.impl.client.DefaultHttpClient - Connection can be kept alive indefinitely
05:47:36.691 [main] DEBUG io.restassured.internal.RestAssuredHttpBuilder - Parsing response as: application/json
05:47:36.691 [main] DEBUG org.apache.http.wire -  << "AC[\r][\n]"
05:47:36.691 [main] DEBUG org.apache.http.wire -  << "[0x1f][0x8b][0x8][0x0][0x0][0x0][0x0][0x0][0x4][0xff][0xab]VJI,IT[0xb2]RJ[0xad][0xf4][0xca]HrO[0xce][0xf4][0xcf][0xf4][0xf2][0xc][0xad][0xf2]4[0xf4][0xcb][0xf4],[0xf6][0xcc][0xb]2Mv[0xf6]4[0xf3][0xcc].[0x88][0x8]s[0xf6][0xb2][0xd4]K[0xad][0xf4]rO[0x9][0xaf](N[0xca]u+[0x89][\n]"
05:47:36.691 [main] DEBUG org.apache.http.wire -  << "[0x6]K[0x94]%[0xba][0x9b][0xa4][0x7][0xb9][[0xe6]xf[0x96]g[0x6][0x85][0x1b]f$[0x86][0x97][0x83][0xc][0xa9]J22[0xcc]I22[0xcd][0x9]t[0x7][0x8b][0x95]F[0x1a]Y[0x96]x[0xe6][0x19][0xe8][0x85][0x97]9[0x5]W$[0x7][0xba][0x16][0x16][0xe6]e:[0x1b][0x96][0x19]X[0xf8]Te[0x17]y$[0xbb][0xfa][0xa4][0xa6][0x17][0x1b]$[0x99][0x97][0x95]d[0xb9][0x7][0x84]g&[0xba][0x86]'{*[0xd5]r[0x1][0x0]?[0x99][0xcf]j[0xa0][0x0][0x0][0x0]"
05:47:36.691 [main] DEBUG org.apache.http.wire -  << "[\r][\n]"
05:47:36.691 [main] DEBUG org.apache.http.wire -  << "0[\r][\n]"
05:47:36.691 [main] DEBUG org.apache.http.wire -  << "[\r][\n]"
05:47:36.691 [main] DEBUG io.restassured.internal.RestAssuredHttpBuilder - Parsed data to instance of: class org.apache.http.conn.EofSensorInputStream
05:47:36.693 [main] DEBUG org.apache.http.impl.conn.BasicClientConnectionManager - Releasing connection org.apache.http.impl.conn.ManagedClientConnectionImpl@4485ca30
05:47:36.693 [main] DEBUG org.apache.http.impl.conn.BasicClientConnectionManager - Connection can be kept alive indefinitely
05:47:36.721 [main] DEBUG net.thucydides.core.steps.StepInterceptor - STEP DONE: I send POST HTTP request login
  &amp#27;[32mWhen &amp#27;[0m&amp#27;[32mI send POST HTTP request login&amp#27;[0m                            &amp#27;[90m# starter.stepdefinitions.UserSteps.iSendPOSTHTTPRequestLogin()&amp#27;[0m
05:47:36.729 [main] DEBUG net.thucydides.core.steps.StepInterceptor - STARTING STEP: UserSteps.iSetUnmatchedPOSTApiEndpointsProductCategory - I set POST api endpoints product category
05:47:36.730 [main] DEBUG net.thucydides.core.steps.StepInterceptor - STEP DONE: I set POST api endpoints product category
  &amp#27;[32mAnd &amp#27;[0m&amp#27;[32mI set unmatched POST api endpoints product category&amp#27;[0m        &amp#27;[90m# starter.stepdefinitions.UserSteps.iSetUnmatchedPOSTApiEndpointsProductCategory()&amp#27;[0m
05:47:36.736 [main] DEBUG net.thucydides.core.steps.StepInterceptor - STARTING STEP: UserSteps.iSendPOSTHTTPRequestPostCategories - I send POST HTTP request post categories
05:47:36.739 [main] DEBUG net.thucydides.core.steps.StepInterceptor - STARTING STEP: PostProductCat.iSendPOSTHTTPRequestPostCategories - I set POST api endpoints product category
05:47:36.739 [main] DEBUG net.thucydides.core.steps.StepInterceptor - STEP DONE: I set POST api endpoints product category
05:47:36.766 [main] DEBUG org.apache.http.impl.conn.BasicClientConnectionManager - Get connection for route {s}->https://altashop-api.fly.dev:443
05:47:36.766 [main] DEBUG org.apache.http.impl.conn.DefaultClientConnectionOperator - Connecting to altashop-api.fly.dev:443
05:47:36.877 [main] DEBUG org.apache.http.client.protocol.RequestAddCookies - CookieSpec selected: ignoreCookies
05:47:36.877 [main] DEBUG org.apache.http.client.protocol.RequestAuthCache - Auth cache not set in the context
05:47:36.877 [main] DEBUG org.apache.http.client.protocol.RequestTargetAuthentication - Target auth state: UNCHALLENGED
05:47:36.877 [main] DEBUG org.apache.http.client.protocol.RequestProxyAuthentication - Proxy auth state: UNCHALLENGED
05:47:36.878 [main] DEBUG org.apache.http.impl.client.DefaultHttpClient - Attempt 1 to execute request
05:47:36.878 [main] DEBUG org.apache.http.impl.conn.DefaultClientConnection - Sending request: POST /api/categories HTTP/1.1
05:47:36.878 [main] DEBUG org.apache.http.wire -  >> "POST /api/categories HTTP/1.1[\r][\n]"
05:47:36.878 [main] DEBUG org.apache.http.wire -  >> "Accept: */*[\r][\n]"
05:47:36.878 [main] DEBUG org.apache.http.wire -  >> "Content-Type: application/json[\r][\n]"
05:47:36.878 [main] DEBUG org.apache.http.wire -  >> "Content-Length: 53[\r][\n]"
05:47:36.878 [main] DEBUG org.apache.http.wire -  >> "Host: altashop-api.fly.dev[\r][\n]"
05:47:36.878 [main] DEBUG org.apache.http.wire -  >> "Connection: Keep-Alive[\r][\n]"
05:47:36.878 [main] DEBUG org.apache.http.wire -  >> "User-Agent: Apache-HttpClient/4.5.13 (Java/14.0.2)[\r][\n]"
05:47:36.878 [main] DEBUG org.apache.http.wire -  >> "Accept-Encoding: gzip,deflate[\r][\n]"
05:47:36.878 [main] DEBUG org.apache.http.wire -  >> "[\r][\n]"
05:47:36.878 [main] DEBUG org.apache.http.headers - >> POST /api/categories HTTP/1.1
05:47:36.878 [main] DEBUG org.apache.http.headers - >> Accept: */*
05:47:36.878 [main] DEBUG org.apache.http.headers - >> Content-Type: application/json
05:47:36.878 [main] DEBUG org.apache.http.headers - >> Content-Length: 53
05:47:36.878 [main] DEBUG org.apache.http.headers - >> Host: altashop-api.fly.dev
05:47:36.878 [main] DEBUG org.apache.http.headers - >> Connection: Keep-Alive
05:47:36.878 [main] DEBUG org.apache.http.headers - >> User-Agent: Apache-HttpClient/4.5.13 (Java/14.0.2)
05:47:36.878 [main] DEBUG org.apache.http.headers - >> Accept-Encoding: gzip,deflate
05:47:36.878 [main] DEBUG org.apache.http.wire -  >> "{"name":"gaming","description":"for gaming purposes"}"
05:47:36.919 [main] DEBUG org.apache.http.wire -  << "HTTP/1.1 200 OK[\r][\n]"
05:47:36.919 [main] DEBUG org.apache.http.wire -  << "content-type: application/json[\r][\n]"
05:47:36.919 [main] DEBUG org.apache.http.wire -  << "date: Mon, 08 May 2023 22:56:27 GMT[\r][\n]"
05:47:36.919 [main] DEBUG org.apache.http.wire -  << "content-encoding: gzip[\r][\n]"
05:47:36.919 [main] DEBUG org.apache.http.wire -  << "transfer-encoding: chunked[\r][\n]"
05:47:36.919 [main] DEBUG org.apache.http.wire -  << "server: Fly/3f2597ca (2023-05-03)[\r][\n]"
05:47:36.919 [main] DEBUG org.apache.http.wire -  << "via: 1.1 fly.io[\r][\n]"
05:47:36.919 [main] DEBUG org.apache.http.wire -  << "fly-request-id: 01GZYS96K2NMY2NGZ6K00H0FS3-sin[\r][\n]"
05:47:36.919 [main] DEBUG org.apache.http.wire -  << "[\r][\n]"
05:47:36.919 [main] DEBUG org.apache.http.impl.conn.DefaultClientConnection - Receiving response: HTTP/1.1 200 OK
05:47:36.919 [main] DEBUG org.apache.http.headers - << HTTP/1.1 200 OK
05:47:36.919 [main] DEBUG org.apache.http.headers - << content-type: application/json
05:47:36.919 [main] DEBUG org.apache.http.headers - << date: Mon, 08 May 2023 22:56:27 GMT
05:47:36.919 [main] DEBUG org.apache.http.headers - << content-encoding: gzip
05:47:36.919 [main] DEBUG org.apache.http.headers - << transfer-encoding: chunked
05:47:36.919 [main] DEBUG org.apache.http.headers - << server: Fly/3f2597ca (2023-05-03)
05:47:36.919 [main] DEBUG org.apache.http.headers - << via: 1.1 fly.io
05:47:36.919 [main] DEBUG org.apache.http.headers - << fly-request-id: 01GZYS96K2NMY2NGZ6K00H0FS3-sin
05:47:36.920 [main] DEBUG org.apache.http.impl.client.DefaultHttpClient - Connection can be kept alive indefinitely
05:47:36.920 [main] DEBUG io.restassured.internal.RestAssuredHttpBuilder - Parsing response as: application/json
05:47:36.920 [main] DEBUG org.apache.http.wire -  << "5A[\r][\n]"
05:47:36.920 [main] DEBUG org.apache.http.wire -  << "[0x1f][0x8b][0x8][0x0][0x0][0x0][0x0][0x0][0x4][0xff][0xab]VJI,IT[0xb2][0xaa]V[0xf2]tQ[0xb2]24[0xb6]06[0xd3]Q[0xf2]K[0xcc]MU[0xb2]RJO[0xcc][0xcd][0xcc]KW[0xd2]QrI-N.[0xca],([0xc9][0xcc][0xcf]S[0xb2]RJ[0xcb]/R[0x80]H)[0x14][0x94][0x16][0x15][0xe4][0x17][0xa7][0x16]+[0xd5][0xd6]r[0x1][0x0][0x1b]`[0xf4][0xce]J[0x0][0x0][0x0]"
05:47:36.920 [main] DEBUG org.apache.http.wire -  << "[\r][\n]"
05:47:36.920 [main] DEBUG org.apache.http.wire -  << "0[\r][\n]"
05:47:36.920 [main] DEBUG org.apache.http.wire -  << "[\r][\n]"
05:47:36.920 [main] DEBUG io.restassured.internal.RestAssuredHttpBuilder - Parsed data to instance of: class org.apache.http.conn.EofSensorInputStream
05:47:36.922 [main] DEBUG org.apache.http.impl.conn.BasicClientConnectionManager - Releasing connection org.apache.http.impl.conn.ManagedClientConnectionImpl@1a48e48e
05:47:36.922 [main] DEBUG org.apache.http.impl.conn.BasicClientConnectionManager - Connection can be kept alive indefinitely
05:47:36.923 [main] DEBUG net.thucydides.core.steps.StepInterceptor - STEP DONE: I send POST HTTP request post categories
  &amp#27;[32mAnd &amp#27;[0m&amp#27;[32mI send POST HTTP request post categories&amp#27;[0m                   &amp#27;[90m# starter.stepdefinitions.UserSteps.iSendPOSTHTTPRequestPostCategories()&amp#27;[0m
05:47:36.929 [main] DEBUG net.thucydides.core.steps.StepInterceptor - STARTING STEP: UserSteps.iReceiveValidLoginAndProductHTTPResponseCode404 - I receive valid login and product HTTP response code 404
05:47:36.931 [main] DEBUG net.thucydides.core.steps.StepInterceptor - STARTING STEP: NPostProduct.iReceiveValidLoginAndProductHTTPResponseCode404 - I set POST api endpoints product
05:47:36.932 [main] DEBUG net.thucydides.core.steps.StepInterceptor - STEP DONE: I set POST api endpoints product
05:47:36.940 [main] DEBUG org.apache.http.impl.conn.BasicClientConnectionManager - Get connection for route {s}->https://altashop-api.fly.dev:443
05:47:36.940 [main] DEBUG org.apache.http.impl.conn.DefaultClientConnectionOperator - Connecting to altashop-api.fly.dev:443
05:47:37.033 [main] DEBUG org.apache.http.client.protocol.RequestAddCookies - CookieSpec selected: ignoreCookies
05:47:37.033 [main] DEBUG org.apache.http.client.protocol.RequestAuthCache - Auth cache not set in the context
05:47:37.033 [main] DEBUG org.apache.http.client.protocol.RequestProxyAuthentication - Proxy auth state: UNCHALLENGED
05:47:37.033 [main] DEBUG org.apache.http.impl.client.DefaultHttpClient - Attempt 1 to execute request
05:47:37.033 [main] DEBUG org.apache.http.impl.conn.DefaultClientConnection - Sending request: GET /api/product HTTP/1.1
05:47:37.033 [main] DEBUG org.apache.http.wire -  >> "GET /api/product HTTP/1.1[\r][\n]"
05:47:37.033 [main] DEBUG org.apache.http.wire -  >> "Authorization: Bearer [\r][\n]"
05:47:37.033 [main] DEBUG org.apache.http.wire -  >> "Accept: */*[\r][\n]"
05:47:37.033 [main] DEBUG org.apache.http.wire -  >> "Host: altashop-api.fly.dev[\r][\n]"
05:47:37.033 [main] DEBUG org.apache.http.wire -  >> "Connection: Keep-Alive[\r][\n]"
05:47:37.033 [main] DEBUG org.apache.http.wire -  >> "User-Agent: Apache-HttpClient/4.5.13 (Java/14.0.2)[\r][\n]"
05:47:37.033 [main] DEBUG org.apache.http.wire -  >> "Accept-Encoding: gzip,deflate[\r][\n]"
05:47:37.033 [main] DEBUG org.apache.http.wire -  >> "[\r][\n]"
05:47:37.033 [main] DEBUG org.apache.http.headers - >> GET /api/product HTTP/1.1
05:47:37.033 [main] DEBUG org.apache.http.headers - >> Authorization: Bearer 
05:47:37.033 [main] DEBUG org.apache.http.headers - >> Accept: */*
05:47:37.033 [main] DEBUG org.apache.http.headers - >> Host: altashop-api.fly.dev
05:47:37.033 [main] DEBUG org.apache.http.headers - >> Connection: Keep-Alive
05:47:37.033 [main] DEBUG org.apache.http.headers - >> User-Agent: Apache-HttpClient/4.5.13 (Java/14.0.2)
05:47:37.033 [main] DEBUG org.apache.http.headers - >> Accept-Encoding: gzip,deflate
05:47:37.068 [main] DEBUG org.apache.http.wire -  << "HTTP/1.1 404 Not Found[\r][\n]"
05:47:37.068 [main] DEBUG org.apache.http.wire -  << "date: Mon, 08 May 2023 22:56:27 GMT[\r][\n]"
05:47:37.068 [main] DEBUG org.apache.http.wire -  << "content-encoding: gzip[\r][\n]"
05:47:37.068 [main] DEBUG org.apache.http.wire -  << "content-type: text/plain; charset=utf-8[\r][\n]"
05:47:37.068 [main] DEBUG org.apache.http.wire -  << "transfer-encoding: chunked[\r][\n]"
05:47:37.069 [main] DEBUG org.apache.http.wire -  << "server: Fly/3f2597ca (2023-05-03)[\r][\n]"
05:47:37.069 [main] DEBUG org.apache.http.wire -  << "via: 1.1 fly.io[\r][\n]"
05:47:37.069 [main] DEBUG org.apache.http.wire -  << "fly-request-id: 01GZYS96QXSGSXCCENTRFTJS0R-sin[\r][\n]"
05:47:37.069 [main] DEBUG org.apache.http.wire -  << "[\r][\n]"
05:47:37.069 [main] DEBUG org.apache.http.impl.conn.DefaultClientConnection - Receiving response: HTTP/1.1 404 Not Found
05:47:37.069 [main] DEBUG org.apache.http.headers - << HTTP/1.1 404 Not Found
05:47:37.069 [main] DEBUG org.apache.http.headers - << date: Mon, 08 May 2023 22:56:27 GMT
05:47:37.069 [main] DEBUG org.apache.http.headers - << content-encoding: gzip
05:47:37.069 [main] DEBUG org.apache.http.headers - << content-type: text/plain; charset=utf-8
05:47:37.069 [main] DEBUG org.apache.http.headers - << transfer-encoding: chunked
05:47:37.069 [main] DEBUG org.apache.http.headers - << server: Fly/3f2597ca (2023-05-03)
05:47:37.069 [main] DEBUG org.apache.http.headers - << via: 1.1 fly.io
05:47:37.069 [main] DEBUG org.apache.http.headers - << fly-request-id: 01GZYS96QXSGSXCCENTRFTJS0R-sin
05:47:37.069 [main] DEBUG org.apache.http.impl.client.DefaultHttpClient - Connection can be kept alive indefinitely
05:47:37.069 [main] DEBUG io.restassured.internal.RestAssuredHttpBuilder - Parsing response as: text/plain; charset=utf-8
05:47:37.069 [main] DEBUG org.apache.http.wire -  << "1E[\r][\n]"
05:47:37.069 [main] DEBUG org.apache.http.wire -  << "[0x1f][0x8b][0x8][0x0][0x0][0x0][0x0][0x0][0x4][0xff][0xcb][0xcb]/QH[0xcb]/[0xcd]K[0xe1][0x2][0x0][0xd4]I[0xfa]r[\n]"
05:47:37.069 [main] DEBUG org.apache.http.wire -  << "[0x0][0x0][0x0]"
05:47:37.069 [main] DEBUG org.apache.http.wire -  << "[\r][\n]"
05:47:37.069 [main] DEBUG org.apache.http.wire -  << "0[\r][\n]"
05:47:37.069 [main] DEBUG org.apache.http.wire -  << "[\r][\n]"
05:47:37.069 [main] DEBUG io.restassured.internal.RestAssuredHttpBuilder - Parsed data to instance of: class org.apache.http.conn.EofSensorInputStream
05:47:37.071 [main] DEBUG org.apache.http.impl.conn.BasicClientConnectionManager - Releasing connection org.apache.http.impl.conn.ManagedClientConnectionImpl@574ffd63
05:47:37.071 [main] DEBUG org.apache.http.impl.conn.BasicClientConnectionManager - Connection can be kept alive indefinitely
05:47:37.072 [main] DEBUG net.thucydides.core.steps.StepInterceptor - STEP DONE: I receive valid login and product HTTP response code 404
  &amp#27;[32mThen &amp#27;[0m&amp#27;[32mI receive valid login and product HTTP response code 404&amp#27;[0m  &amp#27;[90m# starter.stepdefinitions.UserSteps.iReceiveValidLoginAndProductHTTPResponseCode404()&amp#27;[0m
05:47:37.075 [main] INFO  - 
  _____   ___   ___   _____     ___     _     ___   ___   ___   ___  
 |_   _| | __| / __| |_   _|   | _ \   /_\   / __| / __| | __| |   \ 
   | |   | _|  \__ \   | |     |  _/  / _ \  \__ \ \__ \ | _|  | |) |
   |_|   |___| |___/   |_|     |_|   /_/ \_\ |___/ |___/ |___| |___/ 

POST - As admin I cannot create new product categories
----------------------------------------------------------------------
]]></system-out>
  </testcase>
  <testcase name="GET - As admin I can get user information" classname="User" time="0.869">
    <system-out><![CDATA[
@TC-0029
Scenario: GET - As admin I can get user information &amp#27;[90m# src/test/resources/api/user.feature:181&amp#27;[0m
05:47:37.091 [main] INFO io.cucumber.core.plugin.SerenityReporter - Running feature from file:///C:/Users/Lenovo/IdeaProjects/MiniProject/MiniprojectApi/src/test/resources/api/user.feature
05:47:37.091 [main] WARN io.cucumber.core.plugin.SerenityReporter - Feature from file:///C:/Users/Lenovo/IdeaProjects/MiniProject/MiniprojectApi/src/test/resources/api/user.feature is not under the 'features' directory. Requirements report will not be correctly generated!
05:47:37.095 [main] INFO  - 
  _____   ___   ___   _____     ___   _____     _     ___   _____   ___   ___  
 |_   _| | __| / __| |_   _|   / __| |_   _|   /_\   | _ \ |_   _| | __| |   \ 
   | |   | _|  \__ \   | |     \__ \   | |    / _ \  |   /   | |   | _|  | |) |
   |_|   |___| |___/   |_|     |___/   |_|   /_/ \_\ |_|_\   |_|   |___| |___/ 

GET - As admin I can get user information(user;get---as-admin-i-can-get-user-information)
--------------------------------------------------------------------------------
05:47:37.213 [main] DEBUG net.thucydides.core.steps.StepInterceptor - STARTING STEP: UserSteps.iSetGETApiEndpointsUserInformation - I set the GET api endpoints user information
05:47:37.214 [main] DEBUG net.thucydides.core.steps.StepInterceptor - STEP DONE: I set the GET api endpoints user information
  &amp#27;[32mGiven &amp#27;[0m&amp#27;[32mI set GET api endpoints user information&amp#27;[0m    &amp#27;[90m# starter.stepdefinitions.UserSteps.iSetGETApiEndpointsUserInformation()&amp#27;[0m
05:47:37.219 [main] DEBUG net.thucydides.core.steps.StepInterceptor - STARTING STEP: UserSteps.iSendGETHTTPRequest - I send HTTP GET request
05:47:37.220 [main] DEBUG net.thucydides.core.steps.StepInterceptor - STARTING STEP: GetAllProduct.iSendGETHTTPRequest - I set the GET api endpoints
05:47:37.221 [main] DEBUG net.thucydides.core.steps.StepInterceptor - STEP DONE: I set the GET api endpoints
05:47:37.230 [main] DEBUG org.apache.http.impl.conn.BasicClientConnectionManager - Get connection for route {s}->https://altashop-api.fly.dev:443
05:47:37.230 [main] DEBUG org.apache.http.impl.conn.DefaultClientConnectionOperator - Connecting to altashop-api.fly.dev:443
05:47:37.325 [main] DEBUG org.apache.http.client.protocol.RequestAddCookies - CookieSpec selected: ignoreCookies
05:47:37.325 [main] DEBUG org.apache.http.client.protocol.RequestAuthCache - Auth cache not set in the context
05:47:37.325 [main] DEBUG org.apache.http.client.protocol.RequestTargetAuthentication - Target auth state: UNCHALLENGED
05:47:37.325 [main] DEBUG org.apache.http.client.protocol.RequestProxyAuthentication - Proxy auth state: UNCHALLENGED
05:47:37.325 [main] DEBUG org.apache.http.impl.client.DefaultHttpClient - Attempt 1 to execute request
05:47:37.325 [main] DEBUG org.apache.http.impl.conn.DefaultClientConnection - Sending request: GET /api/products HTTP/1.1
05:47:37.325 [main] DEBUG org.apache.http.wire -  >> "GET /api/products HTTP/1.1[\r][\n]"
05:47:37.325 [main] DEBUG org.apache.http.wire -  >> "Accept: */*[\r][\n]"
05:47:37.325 [main] DEBUG org.apache.http.wire -  >> "Host: altashop-api.fly.dev[\r][\n]"
05:47:37.325 [main] DEBUG org.apache.http.wire -  >> "Connection: Keep-Alive[\r][\n]"
05:47:37.325 [main] DEBUG org.apache.http.wire -  >> "User-Agent: Apache-HttpClient/4.5.13 (Java/14.0.2)[\r][\n]"
05:47:37.325 [main] DEBUG org.apache.http.wire -  >> "Accept-Encoding: gzip,deflate[\r][\n]"
05:47:37.325 [main] DEBUG org.apache.http.wire -  >> "[\r][\n]"
05:47:37.325 [main] DEBUG org.apache.http.headers - >> GET /api/products HTTP/1.1
05:47:37.325 [main] DEBUG org.apache.http.headers - >> Accept: */*
05:47:37.326 [main] DEBUG org.apache.http.headers - >> Host: altashop-api.fly.dev
05:47:37.326 [main] DEBUG org.apache.http.headers - >> Connection: Keep-Alive
05:47:37.326 [main] DEBUG org.apache.http.headers - >> User-Agent: Apache-HttpClient/4.5.13 (Java/14.0.2)
05:47:37.326 [main] DEBUG org.apache.http.headers - >> Accept-Encoding: gzip,deflate
05:47:37.645 [main] DEBUG org.apache.http.wire -  << "HTTP/1.1 200 OK[\r][\n]"
05:47:37.645 [main] DEBUG org.apache.http.wire -  << "content-type: application/json[\r][\n]"
05:47:37.645 [main] DEBUG org.apache.http.wire -  << "date: Mon, 08 May 2023 22:56:27 GMT[\r][\n]"
05:47:37.645 [main] DEBUG org.apache.http.wire -  << "transfer-encoding: chunked[\r][\n]"
05:47:37.645 [main] DEBUG org.apache.http.wire -  << "content-encoding: gzip[\r][\n]"
05:47:37.645 [main] DEBUG org.apache.http.wire -  << "server: Fly/3f2597ca (2023-05-03)[\r][\n]"
05:47:37.645 [main] DEBUG org.apache.http.wire -  << "via: 1.1 fly.io[\r][\n]"
05:47:37.645 [main] DEBUG org.apache.http.wire -  << "fly-request-id: 01GZYS9711RWH3J4RHCXA0C86E-sin[\r][\n]"
05:47:37.645 [main] DEBUG org.apache.http.wire -  << "[\r][\n]"
05:47:37.645 [main] DEBUG org.apache.http.impl.conn.DefaultClientConnection - Receiving response: HTTP/1.1 200 OK
05:47:37.645 [main] DEBUG org.apache.http.headers - << HTTP/1.1 200 OK
05:47:37.645 [main] DEBUG org.apache.http.headers - << content-type: application/json
05:47:37.645 [main] DEBUG org.apache.http.headers - << date: Mon, 08 May 2023 22:56:27 GMT
05:47:37.645 [main] DEBUG org.apache.http.headers - << transfer-encoding: chunked
05:47:37.645 [main] DEBUG org.apache.http.headers - << content-encoding: gzip
05:47:37.645 [main] DEBUG org.apache.http.headers - << server: Fly/3f2597ca (2023-05-03)
05:47:37.645 [main] DEBUG org.apache.http.headers - << via: 1.1 fly.io
05:47:37.645 [main] DEBUG org.apache.http.headers - << fly-request-id: 01GZYS9711RWH3J4RHCXA0C86E-sin
05:47:37.646 [main] DEBUG org.apache.http.impl.client.DefaultHttpClient - Connection can be kept alive indefinitely
05:47:37.646 [main] DEBUG io.restassured.internal.RestAssuredHttpBuilder - Parsing response as: application/json
05:47:37.646 [main] DEBUG org.apache.http.wire -  << "240[\r][\n]"
05:47:37.646 [main] DEBUG org.apache.http.wire -  << "[0x1f][0x8b][0x8][0x0][0x0][0x0][0x0][0x0][0x4][0xff][0xaa]VJI,IT[0xb2][0x8a][0xae]V[0xf2]tQ[0xb2]241[0xb1]0[0xd2]Q[0xf2]K[0xcc]MU[0xb2]RJI-N.[0xca],([0xc9][0xcc][0xcf]S[0xd2]QrA[0xe2]Y))[0xe9]([0x5][0x14]e&[0xa7]*Y[0x19][0xe8]([0x5]%[0x96]d[0xe6][0xa5][0x17]+Y[0x99][0xe8](9'[0x96][0xa4][0xa6][0xe7][0x17]e[0xa6][0x16]+YE[0xc7][0xd6][0xea] [0xc]6[0x86][0x1b][0xec]Y[0x90][0x91][0x9f][0x97][0xaa]`h[0xa8]`f[0xa2][0x90][0x9e][0x84]axANb[0xa5]BFb[0xb1]B^[0xbe]BNfnfI1[0xc2]:#KK$[0xb][0x8d][0xd0],[0x84][0xda]fdjb[0x8][0xb7][0xcd]=173/[0x1d][0xc3][0x12][0xb7][0xfc]"[0x85]t[0xb0][0x94]BAiQA~qj[0xb1]R-[0x8a][0x83]-[0xe0]F[0xb8][0x95][0x16][0xe5]e[0x96][0x94][0x16][0xa5]*[0x84][0xe4][0x17]`[0x9a][0x4][0x97]MI,[0xca]T[0xf0]J-H,JD[0xb8][0xd8][0xd0][0x4][0xd9][0xc5][0xa6]h.F[0xb1][0xd1][0x4]ncp~^[0xa5]B@[0xb0]![0x86]e[0xf8][0xc2][0xc6][0x4]%l[0xc][0xd1]l[0xa2]j[0xd8][0x98][0x12]v)"[0x4][0x90][0x93][0x88][0x1]-]e[0x6]w[0x15][0x15]c[0xc][0xdd][0xc5][0xc8]1f[0x89]Hf.a.[\n]"
05:47:37.646 [main] DEBUG org.apache.http.wire -  << "[0xbe][0xa5][0xe9][0xa9]y[\n]"
05:47:37.646 [main] DEBUG org.apache.http.wire -  << "!E[0x89][0x99][0xf8]r[0x8c][0xa1][0x91][0x81][0x81][0x1][0xbe]0A[0xb1][0x1][0x91][0x1f][0x13][0xf3][0x12][0xb3][0x15][0x12]+[0x13]s1[0x12]Eqiq[0xa9][0x2]H[0x1a][0x11][0xe6][0x96](i[0x1][0xaf][0x1f][0xcc][0xe1][0xa1][0x16][0xe1][0xe4][0x1f][0x81][0x99][0xe4][0x10]9[0x5]a<jR3[0xa6]a[0xa4][0x82][0xfc][0x1]-[0x90][0xb0];[0xf][0x97][0xa3][0xd0][0xfd]L[0xc5][0xf4]o[\n]"
05:47:37.646 [main] DEBUG org.apache.http.wire -  << "[0x8a]>[0xa8][0xa3]h[0x13][0xef][0xa6][0x6][0x88][0x94][0x5][0x8a]X[0xea][0xc7][0xbb][0xa9][0x1][0xad]S[0x96][0xa9][0x1][0xa2][0xc8][0xa7][0x91][0x1f],[0x10]e[0xb4]SQbrjNj[0x9]F[0xe6][0xf0]MLIU[0xc8]OS[0xc8][0xc8]L[0xcf]P(,M[0xcc][0xc9],[0xa9]T(HM,[0xca]A[0xae]V[0x8c][0x88][0xcb][0x90][0xc6][0xc6]f[0x18][0x85][0xb4])[0x86][0x95][0xf8][\n]"
05:47:37.646 [main] DEBUG org.apache.http.wire -  << "i[0xd4][\n]"
05:47:37.646 [main] DEBUG org.apache.http.wire -  << "[0xc]w[0x8d]illf[0x9][0xcf][0x98]%[0xa9][0xc5][0xa0]*V[0xa1][0xa0](?[0xa5]4[0x19][0xd3][0x8f]%[0x19][0x99][0xc5][\n]"
05:47:37.646 [main] DEBUG org.apache.http.wire -  << "[0x99][0xc5][\n]"
05:47:37.646 [main] DEBUG org.apache.http.wire -  << "%[0x19][0xa9]05[\n]"
05:47:37.646 [main] DEBUG org.apache.http.wire -  << "[0xa8][0xd5]7[0x96][0xda][0x1a]=[0xd7]"[0x8a][0x1d]ccsD[0xf2][0xa3][0x9a][0xdd][0x86]h[0xc5][0x1e][0xee][0xaa][0xd0][0xd8][0xd8][0x1c][0x91]8[0xa9]j?R[0xdb][0x1][0xaf][0xf5][0x88]H[0xa6][0xaa][0xf5][0xc8][0x89][0xc][0xaf][0xfd][0x88]2[0x99]f[0xf6][0xa3][0x97][0x8f]([0xd1][0x8f][0xc8]W[0x98][0xf6][0x3][0x0][0x0][0x0][0xff][0xff]"
05:47:37.646 [main] DEBUG org.apache.http.wire -  << "[\r][\n]"
05:47:37.646 [main] DEBUG org.apache.http.wire -  << "478[\r][\n]"
05:47:37.646 [main] DEBUG org.apache.http.wire -  << "Bm[0x9][0x12][0x9d][0xf4][0xd0][0xa3][0x1f]_[0xd2]7[0xa7]A[0xd2]G[0xb7][0x1f][0x9f][0xff]-[0xc][0xa8][0x9f][0xf5][0xd0][0xed][0xc7][0x97][0xfd][0x90]Z[0xe1]4[0xb][0xbc][0xfe]G[0x94][0xdc][0x3]c?"[0xff]y[0x4]([0xe4]f[0x96][0xe4]c[0xa4];p[0x19][[0x92]Z[0x94][0x94][0x98][0x99][0x8d]h[0x2][0x98][0x9a][0x99]#eq[0xbc]^Dd1[0xd2][0xda][0x15][0xe8][0xf9][0x96]z[0xed][\n]"
05:47:37.646 [main] DEBUG org.apache.http.wire -  << "cc[0xb]D[0xba][0x87][0xf6][0x0]([0xa9]\[0xf0][0xa5]0KD[0xc][0x7][0x4]+`[0xda][0x92][0x9e][0x98][0x9b][0xaa]`[0xaa]P\[0x92]X[0x84][0x8]][0xd4]V[0x1f][0xbe][0xc]l[0x89][0x88]@[0xba]4[0xc5][0x8d]M[0x90][0x9a]dT[0x8]:<)[0xc7][0x4][0xa9]iF/[0xbf]!"[0x8b][0xd6]~C[0xc4][@QbrIfrb[0x8e]Bx~~Jj[0x9e][0x82]w^fZ*F>t[0xcc][0xc9]L,VH+MOT(-[0xd1]C[0xa4][0x15]CP[0x84][0xc0]G[0x6][0xf0][0x86]'"'Rod[0x0][0xaf][0x85][0x88]\[0x6][0xb3][0xd0][0x88][0xe2][0xa1][0x8]|[0x16][0x1a]"[0xaa][0x13][0x98][0x85][0x94][0x8f]}[0xe0][0xb5][0x10][0xd1]|[0xa3][0x93][0x85][0x18][0x3][0x2][0xe6][0x18])[0x5]\b[0x13]5[0xac][0x83][0xd7]k[0x88][0xd4][0x12][0x90][0x98][0x93][0xe8][0x93][0xef][0x3][0x1a]kAm[0x93][0xc0]m[0xc2]2zdl[0x8c]TA[0xe0])[0xc2]L[0xc][0x11]m rKH[0xbc][0xfe]@$BZ[0x18][0xf][0xea][0xcf]@{[0xa8]t[0xea][0x19][0x99][0x18]![0x12][0x1d]M|[0x84][0xe8][0x12][0xd0][0xc4]xD[0x19]K[0xb7][0x0]C[0x14][0xb6]t[0xb3][0x12][0x91]O[0xa9]i%[0xbe]|d[0x84][0x18][0x95][0xa3][0xa6][0x95][0xf8][0xf2][0x96][0x11][0xa2][0x8c][0xa0]q}i[0x84][0xc8][0xc5]4j[0xa8][0x9a][0x18]#*[0xf]Z[0x86][0x1f][0xac][0x19]ka[0x88]H"[0x8e][0xc9][0xc9][0xa9][0xc5][0xc5][0x90][0xd1]|[0x8c]~_[0xbe]Bj^Fb^r[0xaa]Bb[0x1]h8[0x5][0xc4]D[0x1e]A761F[0x14][0x8][0xc5][0xa9][0x5][0xa9])[0x98][0x5]ubf%H[0x10]:8ad[0x8a][0xdc]?[0xc6][0x17][0xc1][0xc6][0x88][0xb2][0x80][0x96]a[0x82][0xd4]%6[0x1][0xd5][0x1b][0xd0][0x2][0x95][0xda][0x9e][0xa1]1`[0x8c][0x88][0xe3]`p[0xcc]([0xf8]d[0x16][0x97][0x14][0x81]{R[0xa8]U)T:[0x7]"[0xad][0x90][0x97][0x9e][0x9a]T[\n]"
05:47:37.646 [main] DEBUG org.apache.http.wire -  << "[0x1a]"=[0xca][0x10][0xc5][0x0][0xd4]L[0xa8][0x95][\n]"
05:47:37.646 [main] DEBUG org.apache.http.wire -  << "N[0x89]9[0x89][0x98][0xb3]*PE[0xa8][0x16]+$%[0xe6][0xa5][0x83][0xc7][0xf8][0xa0][0xf6][0x9b][0x12][0x9f]d[0x10]e[0x2][0xdd][0x92][0xc][0xa2][0x5]A7+[0x11][0xe5][0x11][0xbd][0xac]4A[0x94]OA[0xa5][0xc5]%[0x99][0xc9][0xb0][0xfe][0x82]S"[0xe6][0xac][h[0x89]BjQQ~[0x91]BQjriqb^Jb[0xaa]BA~qqfni[0xb1]Bn~[0xe]h[0x9c]31U[0xa1]85E!3[0xb7] 5%[0x93][0xbc].[0x5][0xd2][0xf4][0x1f][0xa2][0x1b][0xe3][0x93][0x99][0x97][0x9a][0xa7][0xe0][0x94]_R[0x92][0x83][0xa5][0x1b]SZ[0xa2]P[0x90]ZT\[0x90][0x99][0x9c][0x99]X[0x92]Y[0xac][0x90][0x92][0x9f][0x93]_[0x94][0xaa][0x90][0x92][0x99]\[0x92][0xa8]P[0x90]_T[0x94][0xaf][0x90]YP\[0x9a][0xab][0x90][0x9a]HV/[0xc7][0x84][0xfe]E[0x96][0x9][0xa2]I[0x13][0x9c][0x93][0x9a][0x9a][0xad][0x0][0x9][0x1][0xf7][0x9c][0xfc][0xb2]T[0xd0][0xd8]7jN[0xf7]OK[0xcb]L[0xce][0xcc],VH[0xce][0xcf]+N-,M,)-RH[0xcc][0xcb][0xcc][0xcd][0x84]GL[0xb1]BY~NiAIbI[0xaa]BJjNj^fI&y[0x81]A[0xff]"[0xcf][0x4]Q[0xe4][0xb9][0xe7][0x17][0xa5][0xa7][0xe6][0x97][0x16]+[0x4][0x95]&%[0xa5][0x16])8[0x83][0xc7]8[0xd0]B#%[0xb3][0x4][0x92][0x6]Js[0x15][0x12]A[0x89][0x3][0x9c][0x4]r[0x12][0x93][0xf2][0x8b]2[0xf3][0x8b][0x13]s[0x15][\n]"
05:47:37.646 [main] DEBUG org.apache.http.wire -  << "K3[0x15][0x12]s2[0xb]K3S[0x14][0x8a][0xc9]M[0xa7][0x88]B[0x11][0x91]N[0xdd][0x8b][0x12][0xf3]2KR[0x15][0x9c][0xf3][0x13]A%-[0xaa][0xbb]\K@}[0xed][0xcc][0xc4][0x12][0x85][0xfc][0xdc][0xbc][0xcc]b[0x85][0xdc][0xcc][0xbc][0xcc][0xdc]D[0x85][0xbc][0xd2][0xdc][0xc2][0xd2][0xc4]\[0x85][0xe2][0xd2][0xe2][0xe4][0xcc][0x2]r][0x83]("[0x83]+[0xf3]R[0x8b][0xd2]3a[0xd9]9G!8#[0xb3][0x8][0xab]kR[0x8b]K[0xe0][0xa9]"3[0xa9][0xb4]X[0xa1] '195[0xb1]D![0x95][0xbc][0xac][0xb]*[0xd0][0xa1][0xf5][0xac][0x2][0x8d][0xba][0x90][0xa6][0x88][0xac]HV[0xf3][0x90][0xd8]V[0x8a])R[0xfe][0x83][0xcc][0xe7]c[0x8e][0xb3][0xc1][0xbb][0xaa][0x4][0xd7]:[0xe0]k[0xf][0x99][0xd2]??[0x99]"[0xf2][0x13][0xbd]j[0x1a]SDn[0xa1][0x9b][0x95][0x88],A7+[0x11][0xad][0x6][0xb2]R'[0xea][0x4]#[0xde]T[0x83]h,[0xd0][0xd8]&3D[0x1b][0x1]j[0x13][0xe6]2[0x3]|9[0x1]u[0xe0][0x19][0xdd]O[0xb0][0xae][0xb][0xe5][0xab]~[0x8c]M[0xcc][0x10]}[0x16][0xa8]Ki[0x95]g[0xcd](,[0x85][0x88][0x8f]g3[0xba][0x95]C[0xd4][0x9d][0x1c]G[0x8f]g[0xe4][0xee][0x98][0x19][0xa2][0xf8][0xa1]u<!J[0x1d][0xa8]M[0x83]6[0xed]"[\n]"
05:47:37.646 [main] DEBUG org.apache.http.wire -  << "+[0x9c].E[0xc][0xd0][0xe3][0xab][0xc5][0xa8][0x9a][0xa3]0[0xca]3J[0xc2][0x8f][0x86][0xb3]o&H[0xb].[0x6]Q[0xf8][0x99]c[0x94][0x9d][0xb4]*[0x91][0x90][0x16]}[0xf8]%[0x16]g*[0xb8]$[0x96][0xe6])x[0xa5][0x16][0x95][0x82]&X[0x11][0xcd]P[0x0][0x0][0x0][0x0][0xff][0xff]"
05:47:37.646 [main] DEBUG org.apache.http.wire -  << "[\r][\n]"
05:47:37.647 [main] DEBUG org.apache.http.wire -  << "5A4[\r][\n]"
05:47:37.647 [main] DEBUG org.apache.http.wire -  << "[0xca]S[0xb2]R[0x2][0xcb][0x97][0xa7][0xe6]%fg+[0x94][0xa4][0xe6]%[0xe6])[0xe4][0x96][0x16][0xe5][0xa6]"[0xcd][0x15][0x1a]Z[0xe2]_[0xe4][0x6]Kb[0x16][0x96][0x88]T[0x9b][0x9c][0x9f]W[0x92][0x9f][0xa1][0x9b][0x8c]XC[0x8a]>[0xea][0xe4][0x96]X[0x9c][0x91][0x99][0x9f][0x97][0x98][0x94][0x93][0x8a]:[0xd6][0x84][0xb4]`[0x4][0xec]6[0x84][0xdb][0xc1]K[0xa7][0x14][0xd2][0xf3][0x8b]R[0xb1][0xac][0x2][0x5][0xab][0xa5][0x92]?[0x10][0xe9][0x9c][0xb0]?0U [0xad]=561[0xa7][[0x89]mN[0xb7]r[0xd4][0x1c][0x11][0xcf][0xd0][0xdc]E[0xb3]tL[0xb7]v[0x8d][0x5][0xdd]Z[0xb][0x16][0x88][0x14][0x11][0xe1][0x94]_[0xa1][0x80]Y[0x86][0xd2][0xbf]d[0xb7]@[0xf4]:p[0xb8][0x89][0xf0][0xd2]Q[0xf4]:[0x1e]V,P[0xa3]-[0x87][0xb4]:pp[0xba][0x8f]n[0xe9][0x14]i[0x9d]2[0x8e][0x90]@[0xa4][0x1e][0xfa][0xb5][0xb5]-[0x11]-[0xe0][0xc1][0xe4]*DN[0xa3]q9[0x85][0xb4]H[0x6][0xfb][0x12][0xa4][0x81][0xcd]>[0x96][0x88][0x86]/v[0xe7][\r]H[0x9a]A[0xd4][0xb2][0xd8][0x1d]5[0xa0]a[0x86][0xbc]0[0x1c][0xbb][0xf3]p[0x85][0x19][\r][0xdb][0xb5][0xc8]k[0xc9]i[0x9b][0xa2][0x91]W|c[0xf7][0xfe][0x0][0xc7][0xe][0xa2][0xb1][0x83][0xdd]y[0xb8]b[0x87][0x86][0xb5][0x94][0xa9][0x1]"[0x9b][0xd1]:v([0xcf];[0xb4]L[0xa6]H[0xab][0xa4][0x6]O[0xec][0x18]"Zx[0xd8][0x1d]5[0xb0])[0xda][0x10]QYaw[0xde]@[0xa4]hCD[0xbb][0x90][0xc6])[0x1a]i[0xad][0x2][0xad]m[0xa2][.5[0xa4]W?[0xc9][0x14]i[0x85][0x1b][0x8d]C[0xf]i5[0x1a][0xad]mB[0xb4])im[0x13][0xdd]R[0xb9][0x11][0xa2][0xda][0xa2][0xb5][0x9f][0xe8][0x96][0xca][0xe9][0xb6]D[0xcb][0xd4][0x8]Q[0xeb][0xd1]:[0xf4][0xe8][0xd5][0x9f]3EZ[0x13]Fc?![0xad][0xe1][0xa2][0xb5]M[0x88][0x9c][0x8b][0xbd]*[0x1b][0xd8][0x9a][0xd6][0x18][0x91][0xdd][0xb1];o jZ[0xe4]u\4[0x9d]a65[0xa6][[0xc9]`[0x8c][0xa8][0xff]<[0x2][0x14][0x9c]A[0x8b]p2[0xb1]lP[0xc9]I-([0xc9]/P[0xc0][0xd8][0x1]d[0x9][0x2]HK[0xbc][0xd1][0x9b][0xee]H[0x93]H[0xa6][0xc6]T-[0x1a][0xd0]7[0xdc]#[0xdb][0x84][0xb4]Hj 6T![0x8f][0xa6]Q[0xcd]~|[0x13]H(~GdlBv#[0xf2][0x10]h[0xb7][0x1c][0x91][0xb1][0x88][0xb4][0xcc][0x89][0x90][0xf9]doV[0xc4][0x97][0x8a]L[0x10]%[0x3]U[0xed]'[0xd6][0xfb][0x88][0x9c]IU[0xeb][0x89][0x8e]^D&[0xa2][0x99][0xfd][0xe8][0xdd]N[0x94][0xe4][0x85][0xa8]uif?[0xbe][0xe8]GZ[0xb0]40[0xf6]#z[0xa8]4[0xb3][0x1f][0xfd][0x9c][0x15][0xe4][0xf0]GZME3[0xfb][0xf1][0x86]?[0xa2][0xb]<0[0xf6][0xd3]([0xfb][0x13][0x9b][0xff][0x90][0x16]b[\r][0x8c][0xff][0x11][0xe5][0xf][0xac][0x85]hjJ[0xa3][0xa9]=SSD[0xe3][0x80][0xba][0xab][0xf0]MM[0x11][0xc5][0x98]g^IjNNfzj^[0x89]BpIj*h[0xf5]c>[0x96][0x15][0xb3][0x9e])[0xa0][0xf3]$[0x8a]3[0x15][0xf2][0x12]KJ[0x8b]A[0xb]BADb1YkbMM[0x11][0xe5][0x18],[0x1c]i[0xb3][0xfe][0xd1][0x14]s5[0x16][0xad][0xa2][0x8b]n[0xab][0xa9]L[0xe9][0xb6][0x9a][0xca][0x94]nk[0x9c][0xc0]{[0xd9][0xa1]Kai[0x9d]"[0x10][0x89][0xdf]5/[0xbf]([0x17][0xb4]8: '[0x11][0xbc][0xfc][0xd7]9#1[0x13][0xb4][0xae][0x3]u[0x1]H[0x18]d!8[0xe8][0xd4][0x91][0x92]T[0x85][0xbc][0xfc]<[0xd0][0xb9]#e[0x99])[0xa0]<[0x93]ZL[0xd6][0xd2]_S[0xa4][0xf5]7.[0xa5]E[0xa0]5[0x1e][0xa0][0xad][0x4]9[\n]"
05:47:37.647 [main] DEBUG org.apache.http.wire -  << "[0xd8]][0x10][0xc]][0xea][0xac]PX[0x9a][0xaf][0x80][0xb4].;3[0x8f][0x9c]%[0xe9][0xa6]t[fc[0x8a][0xb4][0xcc][0x86][0xc6][0xd1]J[0xb7]e$[0xa6]t[FbJ[0xb7]e$[0xa6]H[0x87][0x90][0xd0]8[0x9e][0x90][0x8e][0x1b][0x9][0x8]6[0xc1],[0xf5][0x8b]M[0x14][0x92][0x12][0x8b]J[0x11][0xbd]#c[0xfc]k[0xab][0x90][0x9b]gt[[0xa2]b[0x8a]th[0x9][0xad][0xc3][0xb][0xd1][0xe4][0xa3][0xb5]M[0x88][0xc6][0x1d][0xad]m[0xa2][0xdb] [0xaf][0x5]f[0x83][\r]3[0xc9][0x11]}[0x4]#[0xbe][0xa6][0xb9][0x5][0xa2][0xb5]F[0xeb][0xd0]CT`[0xb4][0xb6][0x89]n[0xcd]4Kz-[0xfc]4EZ[0x1e]D[0xe3][0xd0]CZ[0xf2]Ck[0x9b][0xe8]VFX"[0xca][0x8][0xaa][0x97][0xde][0x96]t+[0x15][0x90]V[0xfb][0xd0]:f[0xe8][0x95]W[0xcd][0x90]N[0xea]q-J[0xcf][0xcf][0xcb][0xcf][0xcd]LVp[0xcc])[0xcd][0xcd][0xcc]+[0xcd][0xc5][0xba][0xed][0xcf][0xb1][0xb4]D!)5[0xb1]$1[0x15][0xbe][0xa9]-5W!7[0xb1]"37U!/57_!3'[0xa7]4[0x17][0xb4][0xe1][0xf][0xdc][0xf7]#[0xa7][0xa9]if@[0xaf]b[0xd1][0xcc][0x80]^[0x85][0x95][0xd9][0xe0]^'a6[0x18][0xd7]I[0x98][0xd1]k[0x9d][0x84][0x89][0x9]RUB[0xab][0x93]8[0xe9][0x95][0xd2]L[0x91][0xf6][0xb][0xd0][0xba][0xa0][0xa2][0x97][0x9f][0xcc][0x90][0xce]b[0xa5][0xad][0x9f][0xcc][0xc][0x10][0x95][0x15][0xad]m[0xa2]W[0xd5]efH[0xaf][0x6][0xad][0x19][0xd2][0x8a][0x19][0xec][0x93][0xc0][0x3]:Gm[0x86][0xb4][0xcc][0x6][0xbb][0xf3][0x10]=H[0xba][0xad][0xf2]6C:[0x16][0x8a][0xc6])[0xce][0x8][0xd1][0xe4][0xb][0x8]64[0xa0][0xa0]S[0x83]~[0x9e][0x11]|W[0x2]R5[0x7]9<[0x1e][0xc3][0x92]4[0xfc][0xe7][0xca][0x1b][0x9b][0x19][0xd1]-[0x7]"[0x9d][0xbc][0x94][0x9d]Y[0x90]X[0xac][0x90][0x98][0x97][0x8e][0xe5]d[0xf2][0xdc][0xd4][0xbc][0xf4][0xd4][0x9c][0xd2][0xc4][0xa2][0xec][0xc4]<[0x88][0x12][0x85][0xe2][0xc4][0xbc][0xf4][0xc4][0x12][0x85][0xec][0xd4][0xbc][0xe4]D[0xf0][0xae])[0xe8]q+[0xf8][0xf][0xf5][0x83][0x87][0x12][0xd2][0xf1][0x1b][0xe4][0x9d][0xbe]ol[0x86][0xb4]>[0x8]~\[0x83]SQ~^U*[0x8e][0xe1]@[0xc8]9[0x84]E[0xa9][0x5][0xa9]99[0xa9]y)[0xa5][0xc5][\n]"
05:47:37.647 [main] DEBUG org.apache.http.wire -  << "[0x89][0xc9][0xa0]#F@[0x7][0x8b][0x14][0x96][0x92]5$o[0x86][0xb4]t[0xc8]75%3?[0xb9]([0x15]4"[0x9]:[0xc][0x11][0xc7]![0x1a][0x8e]`;[0xf3]J2A[0x7][0x85][0x94]([0xe4][0x83][0xcf][0xd4]HT(K[0xcd][0xc9],Q[0xc8][0xcb]O[0xca],&[0xab][0xc5][0x88]t[0xcc][0xd4][0x90][0x8b]I[0xa4][0xb5]JC[0xcf][0xed][0x88][0xb9][0xd5][0xa1][0xe7]v[0xc4][0xb2][0x8b][0xa1][0xe7]vDIN[0xe3]:[0x3]iY[0x97]g^rQjJfRN[0xaa][0x2][0xac][0xa4][0xc9][0xc9]O[0xc6][0xdc][0xfb][0xea][0x9a][0x8]?fE!5/[0x13][0xd2][0x19],[0x6][0xe5][0xef][0xd4][0xe2][0xe4][0xcc][0xd2][0xbc][0x12][0x85][0x94][0xd2]d[0xf0][0x81]F[0x90]3[0x84]r[0xc9][0xca][0xf2]t[[0xda]e[0x86][0xb4][0xe0][0x8a][0xd6][0x81]M[0xb7][0x6]5[0xd2][0x9a] [0x1a][0xfb][0xc9][0x84]n[0xcd]\[0x13]D3[0x97]&[0x19][0x1a]g[0xa3][0x87][\n]"
05:47:37.647 [main] DEBUG org.apache.http.wire -  << "[0xd5][0xb9][0x9][0xe5]C[0x1e][0xc8][0xb7][0xe8][0xe0][0x19]t63[0xa1][0xdb][0xf0][0x12][0xd2][0xca][0x1f][0x1a]'2SD=Dk[0x9b][0x8][0x97][0xbc][0x0][0x0][0x0][0x0][0xff][0xff]"
05:47:37.647 [main] DEBUG org.apache.http.wire -  << "[\r][\n]"
05:47:37.647 [main] DEBUG org.apache.http.wire -  << "CE5[\r][\n]"
05:47:37.647 [main] DEBUG org.apache.http.wire -  << "R[0xc2]wR[0xb][0xd1][0xa7][0x92][0x98]![0xad][[0xa1][0xb5][0x9f](O|[0xc4][0xad][0xc5]3[0xa3][0xdb][0x1a][0xe]3[0xba][0xad][0xac]0[0xa3][0xdb][0xe9]1ft;[0xd3][0xc5][0xc]tK[0x0]]VV[0x98]![0xad]i[0xa0]q*[0xa7][0xdb][0xb2][0x2]3[0xa4]e[0x5][0x1e][0x5][\n]"
05:47:37.647 [main] DEBUG org.apache.http.wire -  << "a[0x99]e[0xf9][\n]"
05:47:37.647 [main] DEBUG org.apache.http.wire -  << "[0x91]FF[0x18]=[0xe1][0xdc][0xd4][0xdc][0xcc][0x9c][0xcc][0xec]L[0x85][0xe2][0x82][0xd4][0xe2][0xcc][0xb4][0xcc]l[0xd0][0x99]"[0x95][0x89]y[0xe9][\n]"
05:47:37.648 [main] DEBUG org.apache.http.wire -  << "[0x89][0x5][0xe0][0x93]F[0xa1][0x9d]Jc[0xd0][0xbd]0([0xa7][0xc5][0xa3][0xd7]DH[0xf3][0xd9]f[0xe6][0xa4]t[0x9f][0xb1][0x9c][0xff][0x8d]''S[0xaf][0xff]jb[0x82]t[0xbf][0x2]4[0xde][0x8d]1[0x2][0x88][0x1a][0xe5][0xa8][0x89][0x89]%)[0x1]B[0xc1])s&&HSD4[0x1a]EF[0xda][0x2][0x1a][0x92][0x98]Q[0xaa][0x90]T[0x9a][0x83][0xe5][0xc]D|[0xe1]F[0xdc][0xaa]I[0x13]S[0xa4][0x81][0x1c]2m"[0xb6][0xa6]31E[0x1a][0xe7][0xa7][0xbd]][0x88]F"4[0xdd][0xd1]fm[0x9f][0x89])[0xbd][0xf6])[0x9a][0xd0]mz[0xda][0xc4][0x94]^[0xd3][0xd3]&[0xa6][0x98][0xe5][0x3][0xad][0xe2][0x89]n[0xe5][0x83])[0xbd]&[0xab]ML[0x91]J"[0x1a][0xa7]r[0xba][0xcd]6[0x99]!-[0xa1][0xb][0x80]\[0xf3][0xa6][0xe0]X[0x9a][0x93][0x99][0xa8][0x80]Yqd[0xe6]e[0x82][0x96][[0x82][0xae][0x82]SH[0x84][0xab][0x81]V[0xa7][0xc4][0x95][0x80][0xc6]f[0xe6]t*)[0x8c][0xcd][0xcc][0x11]=2[0xec][0xd3][0x12][0x3];k[0x82][0xb4][0xfa][0xe][0xbb][0xf3]p[0xcd][0x9a][0xa0][0xef]J[0xa1]^[0xfb][0xc1][0xd8][0xc]i[0xd9][0x1e]vG[\r]p[0x98]![0xba][0x89][0xd8][0x9d][0x87]+[0xcc][0xd0]{[0xee]T[\r]3DK[0x8][0x9c][0x83][0xb2][0x15][0xdc]3Ss0[0x9a]]![0xa0]C[0xc6][0xf3][0xd2]A[0x17]$f[0x17]e[0x16][0x14]g"[0xdc]J[0xfc][0xde]A3[0xb][0xc4][0xb8][0xf][0x92]e[\n]"
05:47:37.648 [main] DEBUG org.apache.http.wire -  << "[0xd9][0xa9][0xba][0x98]-a*[0xd9][0x88][0xc8][0xb0]h6b[0x96][0x10]T[0xb2][0x11][0xd1]q[0xa6][0xcf]MWfH[0x17][0xa0][0x81][0xfd][0x98]\B[0xdb]B[0x10]ia[0x4][0x9d]|H[0xaf]&[0x86][0xb1][0x19][0xbd]*~c3zU[0xc7][0xc6]f[0x96][0x88][0xaa][0x84][0xa6][0x15][0xbf][0xb1]9[0xa8]CJ[0x97]![0x2]s[0xa4]kri[0xed]'D[0x9]Bk[0x9b][0xe8][0x16]OH]F[0x1a][0xfb][0xc9][0x10]1[0xa1][0xe6][0x19][0xe0][0xe1][0xef][0xe7][0xaa]`h[0xaa][0x10][0x10][0xe4][0x8f]Q[0xc1]x[0xb8][0xfa][0xb9][0x7][0xf8][0xfb]![0xaa][0x15][0x13][0xd0]H11w[0xe1][0x99]#[0xad]S[0xa3][0xb5]o[0x10][0xf5][0x17][0xed]|C[0xb7][0xf4][0x86][0xb4]0[0x87][0xc6][0xe1][0x86][0xb4][0xc6][0x86][0xd6]6![0xd2][0x1b][0xad]mB4[0x9c]hm[0x13]R[0x8b]"1[0xaf][0x4][0xb2][0xc3][0xcc]7[0xb1][0x8]4[0xe9][0xea][0x93][0x98][0x8b]y[\r][0x90]k[0x89]BFf2h[0xd5]m>[0xd2]4*h[0xf4][0x9b][0xa8][0xfc][0x84][0xb4][0x82]#)[0xb1]85[0xa5](-[0xb3][0x2]#[0xbf][0x82]eR[0xd3][0x12]KsJR@;[0xdd][0xa0][0x1d])3K[0xd0][0xe0]-q[0xd6][0xd0]kb[0xd3][0x1c][0xe9][0xe6]+[0xda][0x8c][0xbd][0xa2]7[0xd0][0x91][0xc6]^[0xcd][0x91][0xee][0xc0][0xa2]q:[0xa1][0xdb]q#[0xe6]t[0x9b][0xfd]6[0xa7][0xee]i#[0xf8][0xe2][0x9]i[0xc2][0x96][0xc6][0xf1][0x84]t[0xf6][0x5][0xad]mB[0x94][0x1c][0xb4][0xb6][0x9][0x91][0x99]iV3[0x82][0x1a][0x4][0xd0][0xd6]%[0xfd][0xb3]1[0xd2]l[0xf2][0x0]XN[0xb7]Z[\r][0xe9]R[0x1c][0x1a][0xa7][0x18][0xa4][0x8b]i[0x6] @[0x11][0x19]c[0x0],G[0xb4][0xf3][0x7][0xc0]rDF[0xa5][0xbf][0xe5]H[0x87]([0xc][0x80][0xe5][0x88][0xf5] [0x3]`9"[0x7][0xd3]c[0x8c][0xc6][0x9c]n[0xb][0x10][0xcc][0xe9]v[0xb4][0x83]9[0xd2][0x2][0x4][0xec][0xe3][0xa7][0x3]:[0xbc]k[0xe]j[0xf8]B[0xab]'[0xec][0xce]C[0xea][0xdb]Z[0xe2][[0x98]E[0xc5][0xe1]]s[0xba][0x9d][0xd0]`[0x8e][0xb4][0x94][0x2][0xbb][0xf7][0x7]6v[0x90][0xd6]_`w[0xde][0x80][0xc4][0xe][0xa2][0xf]9[0x88][0x1c][0x85][0x18][0x80][0xc0][0xee][0xa8][0x1][0x8e]HD[0xed][0x89][0xdd]y[0x3][0x12][0x91][0x88]Zu[0xf0]8jpO[0x87][0x99][0xa3][0xdc][0xce][0xe2][0x1f][0x81][0xef]r[0x16][0xba]m[0xbc]2G[0xba][0x9e][0xc5][0xa5]4[0xbb]4[0xf]c[0xdc][0x3][0x91][0xba][0xcc][0x88]>O[0xc4][0x1c][0xe9][0xf4][0x8][0xec][0xc9]c`[0xb3][0x14][0xca][0x9d]/[0x83]&&[0x8]e[0xa9][0x81][\r]3[0xa4][0xe3][0x1f][0xb0]G)"[0xa1][0xd0]/[0xf5]Z[0x12][0x9a]a[0x1e][0xe0]0C[0xc][0x9f][0xf][0xa2]0[0x1b][0xdc][0xd5][0x1d][0xd2][0xe4][0xdd] [\n]"
05:47:37.648 [main] DEBUG org.apache.http.wire -  << "[0xb3]A[0x9d]7-[0x90][0x8e][0xb0][0x18]4af[0x81][0xb4]][0x9d]&;Q[0xd0][0xc7]6[0xa9][0xd8][0x8b][0xb0]@[0x9a]m[0x1d]zn'[0xd4][0xc6][0x1e][0xd0]2[0xd1][0x2][0xe9]&[0x9b]A[0x94]V[0x11][0xc3]c[0xb4][0x1d][0x5][0xb4]@:l[0x85][0xee][0x83]2[0x16]H[0xd3][0xe0][0xd8][0xc3]~`[0x93][0x6][0xd2][0xdc]9v[0xe7][\r]@[0x13][0xc3][0x2]i[0xb2]}[0xc8][0x15][0x5]Hk[0xca][0xb1][0x7][0xe8][0x0][0xc7]7[0xa1][0x96][0xc8][0x80][0xc4]7[0xdd][0x8a][0x2][0xa4][0xe5][0x8]C/e![0x1a]D[0xe0][0x2][0xd3][0xb1](3=1[0xbf][0x4]t[0xfa]$[0xea][0x11][0xb0][0xf8][0xb6]a[0x10][0xbb]9[0xc2][0xd8][0x2]i=[0xc5][0x90][0xb]*[0xa4][0xa3]M[0xe8][0xb3]z[0xd0][0x2][0xe9][0x88][0x13]p[0xe4][0x4][0x4][0xd3]f[0xdb][0x80][0xb1][0x5][0xd2]1%[0xf4][0xf2][0x1b][0xa2][0xcc][0xa0][0xb5][0xdf][0xe8]V[0x10] [0x1d][0xdc]Ac?![0x1d][0xb3]Ak[0x9b][0x10][0x93]OC.[0xc7][0x1a][0xa3][0x15]n[0xb4][0xcb]?H[0xbb][0xf5]q[0xc6][0x7][0xa2][0x12]$[0xbe][0xbc]D[0xda]I[0xaf][0x80]1[0xa2]G[0x9d]"[0xd9][0x84]n[0x81][0x84][0xb4][0xc]b[0xc8]%%[0xa4]U[0x14]8#[0x98]:[0xf1][0x81]t[0xc3][0x6][0xad]mB[0xc][0xba][0xd1][0xda]&DW[0x96][0xd6]6!F[0xea]hm[0x13][0xdd]*0[0xa4]k0h[0xed]'DY0[0xe4]r([0xd2][0x12][0x8d][0xa1][0xe7][0xf6]!\[0xc9]"[0xdd][0xc5]1[0xf4][0xc2][0x1d]Q[0x2][0xe]=[0xb7]#[0xca][0x9f][0xcc][0xbc][0x94][0xfc][0xdc][0xcc]T[0x8c][0x6]Bbv[0xa9]Bqiv[0xa2][0x2]B[0x1]t[0xb5][0xb3][0x11][0xd1]S[0x80][0x16]H[0x8b]W[0xa0][0xa5][0xf][0xe6][0x84]'[0xbe][0x9a][0x8f]n[0x93]H[0x16]f[0x88][0x9]v[0x9c].E4[0xc2][0xf0][0xed][0x9c][0xa5][0xe6][0x10][0xb4]9b[0x1][0x15][0xc4]U[0xc5][0xa6][0xc5][0x18]1[0x5][0xf]@[0xf4]3,[0xcc][0xcc][0xcc][0xf0][0x9c]a[0x81][0xb4]\[0xdb][0x2]i[0xaa][0x16][0x11][0xdd][0xa8]}x[0xaa][0xa4][0x7][0xa4]c[0xfe]ik[0xf]"6ik[0xf][0xa2][0xce][0xa3][0xa9]=H[0xf3][0xae][0xb4][0xb5][0x7][0x91][0xde]hk[0xf]R[0xb7][0xba]2/[0xb5](=[0x13]|[0x81][0x10][0xe4][\n]"
05:47:37.648 [main] DEBUG org.apache.http.wire -  << "-[0xec][0x97][0xf8]x[0x16][0xe5][0x83][0xd6]%[0xc0][0xca] K[0xd0][0xae]Zbv\X"m[0xcf]C[0x1c][0xed][0xe]2M[0xc1])[0xbf][0xa4]$[0x7][0xb3][0xe4]s[0xce][0x7][0x1d][0xef]W[0x2][0x92][0x80][0xda]fn[0xe][0xca][0x88][0xc4][0xd9][0x86][0xa8][0x8d][0x83]sRS[0xb3][0x15][0xdc][0x8b][0x12][0xf3]2KR[0x15][0xc2][0x13]srRK02/[0xec][0x8c]yD[0xd9]bb[0x0][0xda]fN[0x9c]e[0x88]`[0x1c]bU[0x90][0x89])[0xbd][0x8e][0x97]615@[0x14][0x6]4?T[0x5]if[0x7][0x8f]][0x88][0xc8]&[0xb6]7ob[0x8a]4/[0x82][0xc7]dx]@[0xc9][0xf1]=[0xa6][0x86][0x88]b[\r]R[0xed][0xd0]h[0xec][0xd0][0xc4][0x14]i\[0x14][0xfb][0xe4][0x4]"[0xa8][0xe8][0xd5][0x16]01[0xa5][0xd7][0xd0][0xa9][0x89])[0xbd][0xee]k71E:%[0x99][0xa6]Qjl[0x81][0xb4][0xef][0x8c][0xd6]6[0xd1]md[0x0]iC[0x96]cjQ~Je^"[0xe8][0x82][0x10][0xd8][0xc5]w![0xa0][0x1b][0xe8]0[0x8a]v[0xd7][0x8a][0x82][0xd4][0x94][0xcc][0x92]D[0x85][0xd2][0x12][0xd0][0xb1][0xce][\n]"
05:47:37.648 [main] DEBUG org.apache.http.wire -  << "[0xc9][0xf9]E[0x5][0xf9]E[0xe4][0x9d][0xeb]l[0x81]t-t0R[0x8d][0xe9][0x93][0x99][0x97][0x9a][0xa7][0xe0][0x94][0x98][0x8e]i{q[0x89]BjQQ~[0x91]B^fFf[0xe][0xc8][0x5][0x99]%[\n]"
05:47:37.648 [main] DEBUG org.apache.http.wire -  << "[0xc5][0x99]y%[\n]"
05:47:37.648 [main] DEBUG org.apache.http.wire -  << "E[0xa9]E[0xa5][0xb9][\n]"
05:47:37.648 [main] DEBUG org.apache.http.wire -  << "[0xa5]99[0x89]d[0x1d]8kA[0xb7]Mc[0x16]&[0x88][0xf6][0x8][0x8d][0xd3][0x12][0xdd][0x8e][0x81][0xb5][0xa0][0xdb]F8[0xb][0xba][0x1d]8k[0x81]t%[0xea][0x10]k[0x88][0x18][ [0xed]`[0x80][0xa6][0xb1][0xc1][0xda]G[0xc5][0xdc][0xd6][0x80][0xe9]RD}I[0xb7]>*R[0x8b]7?[0xaf]R[0x81]v[0x13]%[0x98][0x7]:b[0xfa][0x1f]_[0x3][0x88]^-[0x8]c[0xb][0xa4][0x13][0xba]p[0xa6][0xa9][0x1][0x88])[0xc4][0xa8][0xf]NW[\r][0x92][0xf0]Ctlp[0xba]t[0x0][0xc2][0xf][0xd1][0x91][0xc0][0xde]X[0x1d][0xd8][0x95]4[0xa0]n[0xe3]`[0xdb][0x8a]e[0x81][0xb4][0x1d][0x83][0xa6]#[\n]"
05:47:37.648 [main] DEBUG org.apache.http.wire -  << "[0x98]W[0x8a][0xe][0xd6][0xb2][0x1]i[0x7][0xc8] J[0xdb][0x16][0x18]m[0xe9]A[0x1b]~[0x18][0xb3]t[0x98].[0xa5][0xd9][0x80]t[0x84][0x16]M[0xd3]9[0xf2][0x1]Z[0xe0][0xf1]%[0xd8][0x0][0x92]BxbIr[0x6]F7[0xc0]'5[0xb1]$#[0x15][0xe9][0xac][0x12][0xb]#[0xd0][0x1e]tb[0x86][0x97],[0x90]V[0xe1]C[0xc6][0xb2][0xc2][0xf3][0xf3]s[0x88][0x1f][0xc8]22[0x2][0x95]H[0xc4][0xd9][0x84]4[0xe0][0x80][0xd4][0xbb][0x9][0xce][0xcc][0xc9]Vp[0xc6]z[0xb5][0x6][0xe4][0xde][\r]D<[0x1b][0x19][0x81][0xc6][0xb0][0x89][0xb1][0xcc][0x12]iM[0xba][0x1b][0xfc]d[0x19][0x88]y[\n]"
05:47:37.648 [main] DEBUG org.apache.http.wire -  << "[0xce][0xf9]XN[0x11][0xe][0xce][0xcf])-ITH-QH.-[0xc8][0x4]u[0xe9]JR[0x91][0x8e][0x98][0xc1][0xd5][0x11][0xd2]0[0xbb]%[0xf2][0x98][0x17][0x92]7[0x9d][0xf3][0xb][\n]"
05:47:37.648 [main] DEBUG org.apache.http.wire -  << "R[0x8b][0x14][0xbc][0xf3]2[0xd3]@[0x83][0x8e][0xa8][0xe3][0xee][0x10][0x87]!<ja[0x9][0xea]`[0x13][0xe7]QDN[0x19]j[0xad]rK[0xa4][0x15][0xe2][0x90][0xb4][0x7]=[0xfa]' 1[0xaf][0x4]s[\n]"
05:47:37.648 [main] DEBUG org.apache.http.wire -  << "$[0xa8]4)[0x9]9[0x91][0x9b][0x9a][0x81].[0xff]&.[0x90][0x10][0x95]:[0xc4]"x[0x86][0xc2]n[0x15][0xb4][0xcf][0x8f][0x88][0x10]K[0xb][0xd0][0xaa][0xb][0xe2][0xec]B$s[0xe4]a[0x4][0xb8][0x8d][0xde][0xa9][0x95]I[0xf9][0x89]E)[0x84]s[0xb1][0x19][0xf8][0xfc]/[0xa2],EZ[0xef]=[0xe4]R[0x1][0xd2][0xd9][0xdb][0xc1][0xb9][0x89]99HW[0xb2]b-[0x15][0xb0]D[0xe](![0x11][0x17]N[0x88][0xb1][0x6][0xcf][0xbc][0x92][0xd4][0x9c][0x9c][0xcc][0xf4][0xd4][0xbc][0x12][0x5][0xc8][0x8][0xb][0xf6][0xb4][0x0][0x9e][0xaf]@[0xa4][0x4]s[0xb]CS[0xe2]&[0xdc],[0x91][0x16][0x94]{[0xa4]&[0x96]U*[0xb8][0x94][0x96]T"|[0x87]3![0x80][0xe6]-[0x90]-[0x4][\r][0xc5][0x10][0xe7];D[0xfd][0xe][0xbf][0xa0][0xcc]9[0xbf][0xa4]$?[0xf]W[0x81][0xe][0xc9]p[0x8][0xcb]L,A[0x3][0xe9][0xc4]Y[0x86](x[0x90][0x7][0xab]@[0x8e]WpJ[0xcd][0xc3]RMa[0x96]r[0xa0][0xe3][0x94][0x89][0xb3][0xc][0xd1][0xab][0x9](JL.[0xc9]LN[0xcc][0x81]][0xcb][0xe4][0x81][0xa5]4[0x87]N[0xc8] <fj[0xc]ZYL[0x9c]]H[0xfd][0x12]pz[0xc]H[0x4][0x95][0xdc][0xd8][0xab]^[0xf4][0x0]42[0x6][0xad][0x94]%[0xce][0x1e]D[0xa1][0x14]T[\n]"
05:47:37.648 [main] DEBUG org.apache.http.wire -  << "[0x9e][0x1a][0x83][0xd6][0x11]X[0xeb]'[0x88][0x1c][0xc2]C[0x96][0xa6][0xc4][[0x84][0xbd]D[0x82][0x94][0xa7][\n]"
05:47:37.648 [main] DEBUG org.apache.http.wire -  << "[0xd8][0x82][0xf]"[0x85][0xb0][0xcc][0xc8][0x4]th3Q[0xbe][0x2][0x5]3[0xb4][0x83][0x82]t[0x83][0x16]$[0x83]a[0xaf][0xe5][0xd1][0x83][0xd0][0xcc][0x18][0x94]q[0x88][0xb3][0xc][0x91][0x9d]}2[0xd3]3J[0xca]SA[0xa4][0x2][0xc4]D[0xac]>[0xb][0xcf][0xcf]OIE[0x9a]c4[0xb5][0x4][0xad][0x94]%[0xce]2D[0xee][0x1a]re,[0xf2][0x1c][0x4]8M[0xc3][0xe6]?[0x15][0xb0][0x17]z[0x18]e[0xac][0x99][0x85][0xa9]1[0x91][0xc5][0x1e][0xd2]=[0x93][0xf0]R[0x8][0x92][0x85][0xb0]%5[0x8c][0xb6][0xab][0x11][0xf8][0xe0]x[0xe2]b[0x4][0x91]S][0xf3][0xf2][0x8b]r[0xf3]K[0x8b][0x11][0xc5]+v[0x8f][0xa1]g##[0xb][0xd0][0x99][0xbf][0xc4][0xd9][0x86][0xc8][0xaf][0xc8][0x15];n[0xaf][0x81]Z[0xb6][0x88]<D[0xfc][0xf9][0x81][0x96]H[0xcb][0xc4][0x1d][0xcb]S[0x8b][0xf3]sS[0x15][0xa0][0xc5]xpFf[0x11][0xe6][0xfc]2Z[0x15]eaI[0xec][0x81][0x88][0xe0][0xc4][0xf][0xcd][0xad][0x88]ysx[0xda][0xc0]Q[0x10][0x81]*[0x14][0x84][0xbf],,@[0xb]>[0x88][\n]"
05:47:37.648 [main] DEBUG org.apache.http.wire -  << "Ac[0xc4]("[0xc2]6hQ[0xad][0x10][0x90][0x93][0x8][0x9e][0x8e]Gm[0x19][0x83][0xaa][0x13][0x84]][0xc6][0xc6][0xa0]}[0xe0][0xc4][0xd9][0x85]([0x1a][0xa0][0xa5]+$[0xeb][0xe3][0xb0][0x7]#[0xc1][0x9b][0x1b][0x82]F[0x1b][0x88][0xb3][\n]"
05:47:37.648 [main] DEBUG org.apache.http.wire -  << "[0xb1]H[0xc][0x9e][0xc][0xa1][0xc9]Z[0x1][0xeb])[0x96]P/#[0xfc]eaHtS[0x16][0xe9]"@[0x97][0xd2]"[0xd0][0x9c][0x14]"[0xc9]c[0xaf]vA[0x1d]:[0x84]Uf[0xc4][0xaf]<@:[0xb]q[0xc8][0x15]xH[0x93]y[0xc8]5[0x3]<i[0xe3][0xb8][0xb0][0x15]5[0xb9][0x99][0x9a][0x80][0xe6][0xa6][0x88]K[0x3][0x88]:[0x16][0xd9]>x[0xab][0x1f][[0xd1][0x87][0x1a]1[0xa6][0x86][0xa0][0xd3][0xce][0x89][0xb2][0xc]i[0x9e][0x10][0xd9]2h[0x2][0xc7][0xbe][0xb4][0x6][0xbd]J71[0x4][0x9d][0x8d]A[0x9c]u[0x88]l[0x8b]T[0xa5][0x83][0xb][0x1d][0x1c][0xb7][0xef][0x82][0xe5][0x10]i[0xce][0xc8][0x18]tT(qv![0xb2]-[0x92]][0xd0][\n]"
05:47:37.648 [main] DEBUG org.apache.http.wire -  << "[0x1d]{[0xfb][0x1][0x16][0xa7][0x8][0xfb][0x8c][0xc1][0x87][0x84][0x11]g[0x1f]R[0xde]-J[0xcf][0xcf][0xcb][0x7]M[0xf9][0xc2][0xb][0xdb][0xfc]T[0xcc]n(j[0xa9]nn[0x8][0xba][0xe6][0x84]8[0xab][0x10][0xed][0x7][0xe4][0x6]34[0xd6]p$[0x10][0x94][0xc6][0x8a][0x99]%[0xd1][0xe9][0x11]iZ[0x10]~a2[0xa4][0xa6][0xc2][0xde][0x8e]E[0x8f]1[0x13][0xd0][0x8]&q[0xde]B4[0xcd]![0xdd]7h[0xe9][0x86][0xa3][0xa0][0x85][0xca]""[0xcb][0xd2][0x14]t[0xa2][0x1b]qV![0xea]{[0x8c]A[0x1d]l[0xe1][0x7]nu"l23 zT[0x5]y[0xcf][0xb]x[0x4][0xe][0xd2]n [0xd6]O[0xc6][0xa6][0xa0][0x93][0x86][0x89][0xf2][0x13][0xd2][0xbe][0x91]!W[0xc8][0x82][0xc6]D[0xa0][0xad][0x7][0xe8](7[0x8d][0xb6][0x1f]Z[0x82][0x1a][0x9f]P[0x9b][0x90]K<h[0xad][0xad][0x80][0xa3]4[0x87]D[0x1a]"[0x1][0x98][0x9a][0x80][0x6][0xe7][0x88][0x8b][0x16]DfEt8a[0x95]:[0xf6]r[0x8]#e[0x9b][0x98][0x82][0xb6][0x1c][0x10]g[0x1d][0xa2]3[0x8d]4T[0x0][0xaa][0x8d]p[0x8c][0x18]B}[0x8e][0xf0][0x9b][0x91]![0xb1][0xb][0x81]-Ac[0xc3]X[0x2][0x13]\[0x4][0xe0][0xe8][0xf][0xa0][0x16]zFfD7[0xc3][0x90][0xb6][0xa6]@[0x9b]a[0xf0]*18[0x3]k[0xf1]Z[0x92][\n]"
05:47:37.648 [main] DEBUG org.apache.http.wire -  << "[0xbe][0xa4][0x5][0xba]*[0xd3][0xd2][0x14]4[0xb4]E\[0x18]"[0xda][0xe7]P[0xab] [0xf1][0x8f]cp[0x19][0xec]]D[0xf8][0x99][0x18][0x82]f[0xb1][0x88][0xb3][0x8]{][0xf][0x8e]-[0xec][0x95]/[0xb8][0xe4]E[0xb2][0x8b][0xf8]f,([0x5]A[0xe3][\n]"
05:47:37.648 [main] DEBUG org.apache.http.wire -  << "[0xde][0x99][0x82]z[0xb]{[0x7][0x7]#aX[0x18][0x81][0xee][0x18]![0xca]c[0xa0]n[0x3][0xd4]2[0xe4][0xd1]1P;[0x5]G2D+a-[\r]A[0x1d]M[0xe2][0xec]BT[0xf4](9[0x1a]:[0xd6][0x82]u[0x1d]-Z[0x94][0x99][0x9b][0x13][0xef]3DvF[0xca]_[0xd0]f[0x5][0xf6]f3[0x9a][0xd7]Hh[0x9e][0x81]2"4[0x18][0x87]\[0x91][0x8e][0xb9][0x99][0x83]VE:[0xe6]f[0xc][0x9a][0xd9][0x84][0xc8][0xaf]4[0xae][0xa6][0x90][0x16][0xef][0xd0]r[0x82][0xd0][0x12][0xb4]R[0x1d][0x9a][0xc2]hk[0xf]"[0xdb][0xd0][0xd6][0x1e]D[0xc][0xd1][0xd4][0x1e]P[0x11]O[0x8f]p[0x3]MSB[0xed][0x9][0x8]V[0xc0]L[0xd7][0xe9][0x89][0xb9][0xa9][\n]"
05:47:37.648 [main] DEBUG org.apache.http.wire -  << "[0xa6][\n]"
05:47:37.648 [main] DEBUG org.apache.http.wire -  << "[0xc5]%[0x89]H[0x93][0xb6][0xf8]W.!O1[0x82]znP[0xe3]i[0x9c][0xa0]A]R[0xfa][0xd8][0x4][0x1a][0x86][0xa3][0x93]M[0x88][0xee],[0x8d]C[0xf]T=[0xd1][0xc9]O[0x88]n,M[0xfd]db[0x80]<[G[0xcb][0x95][0x80]&[0x6]H[0x9b]!h[0xed]'[0xfa][0x85][0x1e][0xa2]@[0xa5][0xb5][0x9f][0x10]=[\n]"
05:47:37.648 [main] DEBUG org.apache.http.wire -  << "[0xda][0xda][0x4][0x0][0x0][0x0][0xff][0xff]"
05:47:37.648 [main] DEBUG org.apache.http.wire -  << "[\r][\n]"
05:47:37.649 [main] DEBUG org.apache.http.wire -  << "6BF[\r][\n]"
05:47:37.649 [main] DEBUG org.apache.http.wire -  << "20D[0x1a][0x0][0xa0]q[0x8a]@[0xf4][0xff]3[0x3]2[0xf2][0xf3]R[\r]1[0xaf]:[0x4][0xef][0x8f]LM[0x81]][0x88][0x8a][0xd4][0xe8][0xc6]{29[0xa2]x51@:[0xae][0x89][0xd6]A[0x87][0xa8][0xf7]hl[0x13][0xd2][0xb4][0x1c][0xad]m[0xa2]S[0xf1]jb`[0x84][0xe8]B[0xd0][0xda]Ot+ [0xc8][0xda][0xc2][0x83]H[0xe4]Do53[0x0][\r]P[0xd1][0xa3]n21@[0x1a][0xad][0xce][0xcd][0xcc][0xc9][0xc6]X[0xf7][0x82]p=[0xbe][0xd5][0xec][0xc8][0x19][0x14][0xb4] [0x2][0xea]vj[0x99][0x88][0x88]`[0xba][0x1c]oeb[0x80]t [0x90]g[0x1][0xa8],S04T03QHO[0xc2][0x8] |[0xcb][0xb5][0x89][0x8f]p[0xa4][0xfb]o[0xb0]/lF[0xc4][0x3][0xfe][0x96]([0xf5][0xf6][0xbe][0x9b][0x18] [\r]E[0xd1].[0x14][0xa8][0xe8]`[0xf0][0xb8].4[0xe9][0x5]gW[0xe5][0xe7]+[0x84][0xe7][0xe7][0xa4]%g$[0x82][0x96][0x14][0xa0][0xce]\[0x6][0x97][0x14]%Vfg[0xa6][0x80]f[0x10][0xa0][0x83]Y[0x86]f[0xa0][0xad][0xa3]D[0xc][0x8f][0x98][0x98]"M[0x95][0x6]'[0xe6][0x16][0x97][0xe6][0xa5]+[0x4][0x1b][0x19]+[0x84][0xe6][0x94][0x14]%b$[0x10][0xf7][0xc4][0x9c][0xc4][0x8a]JD[0xfc][0x11][0x99][0x8f]LA[0xc3][0xe1]P[0xcf][0xc][0x9a]$a[\n]"
05:47:37.649 [main] DEBUG org.apache.http.wire -  << "[0x9a]*[0x82]:[0x8a][0xb0][0xcf][0x11]~&%l[0x91][0x1a]a[0x4][0xc3]6#[0xb3]2[0x11][0x14][0xe2][0xd0]($:h[0x11][0x8d][0xa2][0xc1][0x13][0xb4]H[0xfb][0xdf][0x6][0x91][0xa3][0x90]b[0x83][0xa6][0xcd]GS[0xa4]9[0xb1]A[0xe4][0xfd][0xc1][0x98]P[0x90][0xe]b[0x1b]<![0x85]4S6[0x88][0x1c][0x85][0xd4][0xcd][0x2]O[0x14]B[0xc7][0xdf][0xb1].>s[0xad]H-J[0xce],I,[0xc9][0xcc][0xcf]K[0xcd]U[0xc8]ML[0xcf][0xcb]T[0xc8]O[0xc9],QH[0xc9][0xcf][0xc9]/"c[0xb9][0xb9][0x89])R[\r]:xB[0x5][0xe9][0xc8]'[0x9a][0xb6][0xcc][0x8d]-[0xcd][0x11][0xd9][0x87][0xa6]#[0x87][0xa0][0xf5][0x8f][0xd0]Zi[0xc8][0x8d][0xe9][0x83][0xa6][0xf2][0xa1]n[0xa7][0xc9]h$[0xa2][0x0][0xa7][0x89][0xf1][0x88][0x1c]F[0x13][0xe3][0x11]c[\n]"
05:47:37.649 [main] DEBUG org.apache.http.wire -  << "[0xb4]0[0x1e]i[0xcb][0x10][0x8d]s[0x2]h[0x1d][\n]"
05:47:37.649 [main] DEBUG org.apache.http.wire -  << "4[0x96]im[0x13]"[0xcf][0xd1][0xda]&D[0xe4][0xd0][0xda]&[0xc4][0xe4]1[0xad]m[0xa2][0xdb][0x98][0xf][0xd2][0xa1]H4[0xf5][0x93][0x89][0x1][0xd2][0xb5]$[0xb4][0xb6][0x89]nc>H7[0x83][0xd0][0xda]O[0x88][0x2][0x94][0xd6]6![0xca]RZ[0xdb][0x84](#[0x86]X}ib`[0x80](u[0xb0]7[0xa9][0x6]r[0xb][0xb8][0x89][0x1]h[0xc][0x1]Z[0xd0]cw[0x1e][0xa2]SL[0xbf][0x81][0x1c][0xd0]*[0x1d][0xa8][0xa3][0x86]\|[0x83]6[0xd2]@[0xdd]N|[0xae]@[0x4]2[0xf1]Cp[0xa0][0xc5]1[0xf4][0xb1]h[0x8][0xe7]>[0xa4][0xcd][0xf]C.%[0x81][0xf6][0x12][0xd1]%[0x82][0x91][0x87][0x7][0x89][0x1e]4!'[0xc9]"[\r][0x11]Ri[0xa8][0x1d]i|[0x8f]Z&"[0xea]Oj[0x99]HN=IV[0xf0]"2*m[0x8b][0x9e][0xa1][0xbb][0x97][0xc3][0xc4][0x0]i/[0x7][0xbd]&g[0x10][0xad]L[0xea]MK[0x98][0xea](9'[0x96][0xa4][0xa6][0xe7][0x17]e[0xa6][0x16]+YE[0xa3][0xcc]h![0x12]\@[0xb0][0x9][0xc6][0x0]A[0xb1][0x89]BRb[0x11][0xe8][0xd2][0x1d][0xe8]8[0xb4]1[0xb1][0xe7]3[0x9b][0x18] ][0x11]A[0xdb]4f[0x82][0xe8]CQ[0xbf]+mb[0x80][0xbc]&[0x9f][0xe8]2[0xf]i[0xf6][0x85][0xf8]z[0x1a]i[0xf8][0x93][0xf8][0x10]#[0xcf]&[\n]"
05:47:37.649 [main] DEBUG org.apache.http.wire -  << "'[0xcb][0x89][0x9c][0x8e]0@Z[0xa9][0xf][0xdb]5[0x6][0xd9][0x8d][0x8d]c]o`if[0xa2]Bj~[0xb1]B[0x11]d[0xb0]R!/59[0xb5][0xb8][0x18]<v[0x99]TZ[0xac][0x90]V[0x9a][0x9e][0x99]X[0xa2][0x90][0x98][0x97][0x99][0x9b][0x89]4li[0x4][0xea]r[0x12]3[0xbf]e[0x80][0xb4][0xa0][0x9f][0xac] &[0xda][0xe3][0x88][0xb6]<Y[0xf6][0x90][0x90]h[0x10][0xa9][0x1f]i[0xe7][0x12]l8[0x18][0xc7][0xe][0x5][0xd7][\n]"
05:47:37.649 [main] DEBUG org.apache.http.wire -  << "[0x85][0xc2][0xd2][0xc4][0xd4][0xa2]D[0xd0][0xe9][0x91]E[0xe0][0xe0]-F[\n]"
05:47:37.649 [main] DEBUG org.apache.http.wire -  << "ObO[0x1d]110[0xa5][0xdb][0xa8][0x2][0xd2][0x8a]t[0xf8][0xce]"[0xf0][0xc2]l[0x5][0xe7][0xfc][0xdc][0x82][0xd2][0x12][0xf0][0x11][0x1d][0xa8]S[0xa1][0x8e][0xc5][0x5][0xa9]E[0x99][0xf9]E[0xa9][0xc5][0x90][0xb3])[0xf3][0x93][0x93][0x13]S[0x93][0x13]K2[0x15][\n]"
05:47:37.649 [main] DEBUG org.apache.http.wire -  << "K[0xc9]K>[0xc8]+[0xd5]i6{N[0xc5]yc[0x3][0xd0][0x1e]'h[0xcb][0x90][0x96]K[0x97][0xcc][0x10]M![0x9a]Z[0x83][0xa8][0xae]hj[\r]R[0xeb][0x8][0xe9]([0x1d][0xf0]F[0xb][0x1c][0x19][0xca][0xb1][0x14]:[0x99][0x92][0x9a][0xab]P[0x94]Z[0x90][0x9a][0x93][0x93][0x9a][0x97]R[0x8a][0x9c][0xa7][0x88]/[0xa3][0x90]V[0xa8]{[0x6]x[0xf8][0xfb][0xb9]*[0x18][0x9a]*[0x4][0x4][0xf9]cT[0xcf][0x1e][0xae]~[0xee][0x1][0xfe]~[0x88][0x6][0xa0][0x9][0xa8][0x6]![0xaa][0x1c]D:[0x98][0x92]fv [0xad]J[0xa7][0x9d][0x1d][0x88][0x8a][0x8c][0x86][0xf3]0&[0x6][0xe6][0x88][0x85]:[0xb4][0xb5][0x7])[0x85][0xd3][0xee][0xf2][0xc][0x13][0x3][0xd0][0xbe]oX[0xb9]@K{@[0xa7]tA[0xed][0xa1]q=[0x88][0xb4][0xc6][0x9e]f[0xa9][\r][0xb4]5[0x1f][0xea][0x1b][0xda][0xd9][0x81]Hi[0xb4][0xb3][0x3]Q\[0xf][0x9e][0xa1]<[0xa4][0xcd][0xb][0xb4],[0xdc]A[0xa7]F@[0xe3]p[0xf0][0xf8][0x1d][0xe9][0xe][0xe][0x9c][0xd9][0x4]Q[0xcc][0x13][0xdf]8[0xa4][0xd7]N[0x0][0x13][0x3][0xcb][0xc1][0x98][0xa4][0x90][0xf]4$[0xba][0xeb]FV8#[0x9a][0xfb][0x83](Q[0x91][0xd3]6'[0xc3][0xf7][0xe0][0xde][0xc2]`[0xcb]R[0x86]H'1[0xe2][0xcc]R[0x18]+\[0xc9][0xf2]=[0xa2][0xc0]&[0xde]"rz[0xed][0x86][0xa0]][0xe4][0x83]/[0x9c][0x91][0x1a][0xcb]D[0xe7]1[0xf2][0xbc][0x8f][0xc8]d[0xb4][0xaa][0x19][\r]A[0xc7][0xd0]A[0x83][0x98][0xd6][0x91][0x89][0xc8][0x9d][0x1]E[0xf9])[0xa5][0xc9]%[\n]"
05:47:37.649 [main] DEBUG org.apache.http.wire -  << "[0x8e][0xa5]9[0x99][0x89][\n]"
05:47:37.649 [main] DEBUG org.apache.http.wire -  << "[0x98]{K2[0xf3]2a[0xfb]J[0x14][0x12][0xe1]j[0xa0]#rD[0x8e]H[0x18]"[0xcd][0x94][0xd1][0xc7]>D[0xcb][0x9c][0xc6]![0x89][0xb4]a[0x8b]>>Cdx[0xfa][0xd8][0x87][0xa8]Z[0xe9]c[0x1f][0xa2][0xf]B[0x1f][0xfb][0x10]%[0x88]SQbr*[0xb6][0xab][0xac]|[0x13]SR[0x15][0xf2][0xd3][0x14]22[0xd3]3@CW9[0x99]%[0x95][\n]"
05:47:37.649 [main] DEBUG org.apache.http.wire -  << "[0x5][0xa9][0x89]E9[0xc8]E[0x9]h[0xb7][0x11]1[0xdd]_CCDQ[0xe2][0x12][0xe6][0xa2][0xe0][0x9d][0x99][0x9b]ZR\[0xaa][0x90][0x97][0xaf][0x10][0x99][0x98][0x99][0x4]Zw[0x8d]:[0x92][0x84][0xa8][0x17][0xc][0x8d][0xc]P[0x87][0xc0][0xf1][0xc][0xaf][0x1b]"[0xed][0xe8][0x2]Y[0xe3][[0x9a][0x9e][0x9a][0xa7][0x10]R[0x94][0x98][0x89][0xb9]l[0x1f][0x8f][\r][0x6][0xb8][0x7][0xf0][\r][0x91]nS[0xa2][0x91][\r][0xa0]0[0x85][0x96][0x88][0xb4][0xb2][0x1]QR[0xd0][0xca][0x6][0xc4][0xbc][0xca][0xa0]i[0x9e][0x19]"M[0xff][0xf]"G![0xf2][0xe2] r[0x14]b[0x88][0x9b][0xc6]U[0x9][0xd2]"[0x0][0xec][0xde][0x1f][0xd0]%8[0x86]H[0xd3][0xef][0xd8][0x9d][0x87](E[0xe8][0xb6][0x4][0xc7][0x10]i[0xaa][0x1e][0xbb][0xa3][0x6]8[0xcc][0x10][0xb5]'v[0xe7][\r]H[0x98]![0xaa][0xd8][0xf4][0xc4][0xdc][0xcc]<[0xcc]+[0xb6][0xd2][0xf2][0x8b][0x14] R[\n]"
05:47:37.649 [main] DEBUG org.apache.http.wire -  << "[0x5][0xa5]E[0x5][0xf9][0xc5][0xe0]#[0xe1][0xa0]m>[0xa2][0x7][0x0][0xc][0x8d][0x11][0xf9][0x99][0xc6]Y[0x7]i[0xa6]_[0x1]c[0xa4][0x1a][0xa3][0xa3][0x85]\k[0x13][0xbb]A[0xda][0x10]iB[0x9e],[0xcf][0x10][0xdb]T6F4[0xcd][0xc9][0xb2][0x87][0xf8][0xe8]A[0xda][0xa3]Jk[0x9b][0x10][0x95],[0xad]mBT[0xb6][0xb4][0xb6][0x9][0x91][0x8b]hm[0x13][0xdd]j [0xa4][0xdd]F[0x84][0xfd][0x4]>t[0x80][0xe8][0xac]D[0xc5]yEC[0xa4][0x89]}[0xc2][0xce][0x84][0xdd][0x17][0x8a](i[0x89][0xcf]![0x94]N[0xd8][0x93]`[0x13][0xdd][0x8a]J[0xba]M[0x9a][0x1b]"M[0x9a][0x13][0x1f]MD'([0xa4][0x95]D[0x86]H3[0xe3]P[0x9b][0xb0],'[0xca]I[0xac]T([0xcf],[0xc9]P[0xc8]J-.[0x6][0xf5][0xb6][0xc0][0x9][0x18][0x91],[0xf0]7ZP[0xac]C[0x14]2[0x90]Z[0x12][0xa3][0xca][0xa1]R[0x5][0x8a]4[0x81]>[0xd4][0x96][0x85][0x1a][0x9a][0x91]R>[0x82][0xa3][0x82][0xe8][0xa8][0xa7]fY[0x82]tn[0x1d]4[0xe9]`[0x9e]\[0x5]o@[0xc][0xa0]3[0x11]c[0x6][0xd8][0x1b][0x92][0x3][0xdb][0xce]E[0x9a][0xd1][0x87][0x86]"[0xd1][0x19][0x10])[0xd6][0x89][0xcf][0x81]H[0xb3][0xfb][0xd8][0x83][0x83][0xd8]"
05:47:37.649 [main] DEBUG org.apache.http.wire -  << "[\r][\n]"
05:47:37.650 [main] DEBUG org.apache.http.wire -  << "7BF[\r][\n]"
05:47:37.650 [main] DEBUG org.apache.http.wire -  << "lM[0xcd][0xa4]d[0x8e][0xd1][0xca]!:[0x10][0x88]u.r)[0x84]t[0x1e][0xde][0x90]+[0x1c][0x90]V4@[0xd3][0xcb][0xa0][0xcc]u[0x98][0xf7]r[0xd2]6F[0x87]F[0x91][0x89][0xb4][0xfd]x[0xe8]%<D9:[0xa8][0x13][0x1e])M[0xfe][0x81][0xab][0x95][0xcc][0x11]}[0xd5]![0x97][0x12]HZ[0x1c]4pA[0x8c][0xb4][0xb2]h0'X[0xa4][0xc5]IC/% [0xa6][0xd4]h6[0xb5]k[0x81][0x18][0x8][0x84]F#[0xe6][0xdd][0x9e][0xf0]f&[0xac][0xcb]Jt[0xd3][0x88][0x9a][0xad][0x18][0xb][0x8c]J[0x8][0xd3][0xa5][0x88][0xe6][\n]"
05:47:37.650 [main] DEBUG org.apache.http.wire -  << "[0xbe]Q-[0xaa][0xba][\n]"
05:47:37.650 [main] DEBUG org.apache.http.wire -  << "[0xd1]?[0xf6](P[0x8][0xcb],[0xcb]W[0x88]42[0xc2][0xe8]w[0xe5][0xa6][0xe6]f[0xe6]dfg*[0x14][0x17][0xa4][0x16]g[0xa6]ef'[0x16]g*T&[0xe6][0xa5]+$[0x16]d[0x82]Na[0x83][0x8e]a[0x1a][0x83][0xe6][0xd1][0x88]][0xb7]o[0x88][0xb4]j[0xb][0x1a]y4m[0x6]`[0x9e]tK[[0xeb][0x10][0x85]8[0xd4]wx[0xda]bX[0x92]&[0xf1][0x83][0x1c]D[0x1f]w[0x8b][0xaf][0x9b]nL[0xf4][0x88]-1[0xeb][0xda][0xf0][0xe5]9[0x12]<[0x86][0x18][0x10] [0x1c][0x84][0x3]W[0x97][0x80].0[0x80][0xce][0xa6][0xe2]w&[0x95][0xc2][0x1f][0xa3][0xcc][0xc3][0x93][0xb0][0x6]0T0[\n]"
05:47:37.650 [main] DEBUG org.apache.http.wire -  << "<[0x1c][0xce][0xa4]R[0xa8] J2[0xfc][0x91][0x90][0x91]X[0xac]0[0x80][0xa1]24[0x1a][0xca]H79c[0x1f][0x8][0x18][0xd0]q[0x11][0xf0][0xb6][0xb]h[0x8e][0x1b][0x94][0xce]C[0x94][[0xd8][0x9d][0x87][0xa8][0xe8][0xf1][0x8f][0xcd]P[0xb1][0xaa]7B:[0x83][0x4][0xbb][0xa3][0x6]8J[0x11][0xc5][0x5]v[0xe7][\r]H[0x98][\r][0x89]B[0xc5][0x8][0xe9][0x90][0x91]A\[0xf6][0x19]![0xad][0xc3][0xc4][0x1e][0xc5][0x3][0x9b][0x2][0x91][0x16]SB.[0x1f][0x83][0xec]D[0xc4]v[0x19][0x98]SNb^JfIff[0xb1]BriNA[0xa2]Bj^f.h#k"[0xd2][0x86]K[0xd0][0xa9][0xbc][0xc4],\3B:[0x6]P[0x86][0xb][0xa2][0x1f]G[0x9b][0xa5]\F[0x86][0x88][0x16][0xcd][0xa0][0xc][0x0]bK[0x1][0xaa][0xb4]d[0x8c][0xd0][0xd6]1R[0x81][0xa1][0x11][0xd2][0x12][0xc6][0xc1]\^ [0xad][0x83][0xc4][0xef]L[0xea][0x84];[0xd2][0xa2]H[0xba]X[0x87][0x98][0xd6][0xf0][0x5]-[0x6][0xf][0xce]ON[0xc6][0xb2][0xdf]99?)Q![0xb9](5[0xb1]$[0x15][0xb6]^[0x1c]Q[0x13][0x1a][0x13][0xdb][0xd7]6B:[0xdf][0x9e]J[0xb6][0x19][0xe2]^[0xc1]jd[0x84](2hpz[0x83][0x11][0xd2]*KRc[0x8a][0xe8][0xb1][0x1f][0xa4])!#[0xcc][0xb3][0x96]0[0xc7]n[0xf0][0xf5]x[0xe9][0xd7][0xc8]C[0xba]/[0x1b][0x1a]2[0x98].E$[0x1f]:[0x8d]2[0x19][0x11]}[0x11][0x1][0x95]22b[0x94]0V'D[0x1f][0xec]D[0x9d][0xd0]@Z_J[0xa3][0xea][0x1b]i[0xb1]([0xad]l@[0x94]'[0x83]2F[0x9][0xf5]][0x6][0xb6]a[0x8b][0xb4][0x8a][0x93][0xda][0x7][0x2][0x19]!-[0xdf][0xa4][0xbe][0xd9][0xa4][0x8c][0xa0][0xe][0xd8][0x90][0x8e][0x11][0xdd][0xd6]{[0x1a]![0xdd]U[0x2]-[0xdd]M[0x15][0x82]s2s1[0xc6][0xeb][0xf1]UFD[0xf][0xbf][0x1a][0x81].[0x88][0x1e][0xc4][0xa3],&[0x88]^[0x3],4[0xb0][0x7][0x4]u[0xca]QSB[0x99][0x1c]Q[0xaf][0xd2][0xaf][0xbe][0xc7]\[0xa1][0x87]c[0x90][0x15]4[0xea]I[0xc9]$[0x83][0x11][0xd2][0x9a]9z[0x84]6[0xd2][0xe1]3[0x83][0xb1][0xc4]G:[0x6]=%[0xb5]8[0xb9]([0xb3][0x0]t[0xe]?F[0xf2]C$[0x9]|M-[0xe4][0xa6]&[0xd2][0x84]&[0x95][\r]F$_[0x1a]U[0xd2]Hg=P[0xd9][0xe9][0x88]1[0xf3]A[0x99][0x16][0x10][0xd5][0x14]v[0xe7]!R[0x1][0xfd][\n]"
05:47:37.651 [main] DEBUG org.apache.http.wire -  << "[0x6][0xa4]9A[0xec][0x8e][0x1a][0xd8]&[0x9][0xd2][0x19][0x16][0xd8][0x9d]7 a[0x86]he[0xe2]/[0xe2](.L-[0x11]U[0x17]v[0xef][0xf]p[0xec] [0x6][0xbc][0xb0];o@b[0x7][0xd1][0xab][0xa3]u[0xec][0x10][0xca][0xd0][0x3][0x1a];[0xc6]H[0x7][0xe4][0xf][0x9a][0xd8]1F:[0x99][0x83]6[0xd5][0x8b]1[0xc1][0x83]2[0x6]8V[0x10][0xc9][0x93]V[0x1][0x80]H[0x96]4[0xb2][0x1]i[0x6][0x84]V6 [0x6]=i00h[0x8c]tj[0x4][0xf6][0xac]1[0xb0]idp[0xcf]s[0x18]#][0xbe][0x8b]=[0xf4][0x6][0xa0][0xd8]7[0xc6]2WA[0xc3]>[0xaf]1[0xd2][0x9c][0x3][0xf6]0[0x18][0xd8][0x14]d[0x84][0xc8]?[0xd8][0x9d]7[0x10]Q[0x84]4[0xb7]@[0xa3]b[0x3]i>[0xc1]#5[0xb1][0xac]R[0xc1][0xa5][0xb4][0xa4]R[0x1]z[0xea]p@NbI*F[0xd7][0xcb][0xb1][0xb4]$5[0x17][0xfd][0xa8][0xe1][0xa2][0xd4][0xa2][0xd2]\[0xa4])Z[0xf0])W[0xc4][0xcc][0xd1][0x1a]#M98[0x96][0xa7][0x16][0xe7][0xe7][0xa6]*[0x4]$[0x16][0xa4][0x16])8[0xe7]'[0x96]`X[0xee][0x9a]_[0xac][0x90]YP\[0x9a][0xab][0x90]Y[0x92]XX[0x9a][0xaa][0x90][0x93][0x98][0x94]_[0x94][0x99]_[0x9c][0x98][0xab][0x90][\n]"
05:47:37.651 [main] DEBUG org.apache.http.wire -  << "[0x16]H-[0x1]M[0x17]g[0x96][0x90][0xe3][0x18]ScD_n[0xd0][0xa4][0x2]S[0xa4]QF[0xda][0xb6][0xcf]L[0x91][0xc6][0x1c][0x7][0x91][0xf7][0x11][0xb5][0xf3][0xe0]q[0x14][0xd2][0xd0][0xe4] r[0xd4] ,[0xc3]L[0x9][0x8e]u[0xe]@[0xc1]j[0x8a]t[0xda][0xfe] [0x8a]>DCw[0x10]9j0[0xe6]>[0xa4][0xfd][0xf4][0x83]'[0xa4][0x90][0xae][0xee]vL-[0xca]O[0xa9][0xcc]K[0xcc][0xcd]LV[0x80][0xac]ur[0xca]/)[0xc9][0xc1][0xac]KA5d~^*d[0x95][0x13]x[0xa9]S^fFf[0x8e]Br~QQiAI&[0xe4][0xca][0xd1][0xd4]b[0x85][0xdc]D[0xc8][0xc9][0xec][0xa9][0xe4][0xd5]k[0xa6][0x88][0xa4]E[0xdb]*[0xc4][0x88][0xe0][0xf5][0xbd][0x3][0xda][0xcc]3"[0x98][0xf1][0x7][0xd8]y[0x84]r[0xdb][0xc0]:[0xf][0xe9][0xb8][\r][0xec][0xf9]n[0x80][0x9d][0x87][0x18]f[0x1c][0x94][0xce]C[0xc][0xfe][0xe1][0xcf][0x84]T[0x9a]V[0x1b][0xdc][0x83][0xfb]H[0xc7]z`[0x8f][0xac][0x1]h[0x17][0x18][0xd1][0xed][0x4][0x10]#[0xa4]c[0x1c]|[0xf3]K[0x8b]1[0xab][0x6]|3[0xcd][0xc4][0xce]y[0x99]![0x92][0x0][\r]-A[0xd4]-[0xb4][0xe9][0xa4][0x1a]a[0x1e][0xd6][0x80]c.[0x96]:[0x19][0x7][0xe9][0xac][0x6][0xea]N[0xb7]![0x9d][0xb7]@e[0x83][0x9]m[0x8b][0x18][0xd8]r[0x19][0xe9]T[0x82][0xc1][0x93][0xd5][0xcd][0x11]]}[0x1a]%[[0xa4]c[0x7][0xb0]{{[0x80]c[0x5][0x91]o[0xb1];o [\n]"
05:47:37.651 [main] DEBUG org.apache.http.wire -  << "`[0xa4][\r][0xfa]4[0x8a][0x15][0xcc]m[0xf4][0x98][0xb]9[0xf1][0x95][0xbd]F[0x96][0x96][0xa8]G[0xda][0xe2]9p[0xd6][0x8]i3<[0xad][0xbc][0x83][0xc8][0xfa][0xd0]F[0x5][\r][0xbd]c[0x89][0xa8]O[0xa0][0x96][0xe1]([0x88])[0x9d][0xc7]5F[0xda]SE[0x9b][0x80]36@[0xb4][0xc6][0xb0]'[0xff][0x1][0xcd][0x9d][0xc6]4[0xdf][0xab]`[0x8c][0xb4][0xf6][0x9a]FA[0x8c][0xb4]fz0[0x6][0xb1][0xd1] ,[0x0][0x8d][0x7][0xf7][0x99][0xba][0xc6]Hk[0x9e][0xb1]G[0xe9][0x0]T[0x1a][0xc6]H[0xcb][0xa4]iu[0x1e][0x86]1[0xd2][0x85][0xb8][0xb4][0xb3][0x3][0xb1]x[0x5]V[0xbc][0xd2]rF[0xe]i[0xb2][0x3][0xe9].D[0x9f][0xcc][0xbc][0xd4]<[0x1c][0x17]N[0x86][0xe5][0xe7][0x94][0x16][0x94]$[0x16]+[0x94][0xa5][0xe6]e&[0xe6]*$[0xe6]d[0x16][0x96]f[0xa6][0xe0][0x9c]j1[0xc1][0xbd][0x93][0xc5][0x18][0xe9][0xac]][0xd7][0xbc][0xfc][0xa2][0xdc][0xfc][0xd2]b[0x5][0xdf][0xc4][0xa2][0xa4][0x9c]T[0x1c][0x96]{[0xa6]([0x94]A[0xec]/[0xc9][0x4][0xdd]nY[0x96]Y[0x92][0x98][0xaa]P\Z[0x9c][0x9c]Y[0x90][0x9][0xbb]O[0xae]X!1I!'3)[0xb5]([0x1f][0xa7][0xab][0xf0]T[0xd8][0xc6]Hs-[0x9e]y%[0xa9]99[0x99][0xe9][0xa9]y%[\n]"
05:47:37.651 [main] DEBUG org.apache.http.wire -  << "[0xee]E[0x89]y[0x99]%[0xa9][\n]"
05:47:37.651 [main] DEBUG org.apache.http.wire -  << "8[0x86][0xf1][0x2]K3[0x15][0x8a]K[0xf3]J[0x14]r[0xf3]sR[0x8b]K2[0x13]S[0xe1][0xac]b[0x1c][0x17][0xdc][0x11]?AFpRf`+*[0xa4][0x99][0x10][0xb7][0xc4][0xbc][0x92][0xc4][0xe2][0x92][0xcc]d[0x5][0xe7][0xfc][0xbc][0xe4][0xa2][0xd4][0x12]\Q[0x19][0x84][0xb8][0xf3]O![0x15][0x94][0x96]RK[0x14][\n]"
05:47:37.651 [main] DEBUG org.apache.http.wire -  << "K[0xf3]S@7M&B[0xc7]<sA[0xb3]{[0x89])[0x99][0x5][0x99][0xc5][0xc9][0xc8][0xd7]O[0xa2][0x6][0x1c][0x9e][0xfb][0x4][0x8c][0x91][0x16]uc/[0xab][0x6]8[0xe0][0x10][0xa3]U[0xb0][0x89]O[0xe8][0xbc][0xab]w^f[0x1a][0xe6][0x80][0x80]Sj"([0xc1]C[0xf3][0x9c][0x2][0x9e]l[0x87]/[0x81]#[0xad][0xed][0x1e][0x94][0x81][0x82]h[0x95][0xd1][0xa8]Q2[0xb8]G[0x80][0x8d][0x91][0xee]O[0x1e][0x8c][0xf1]3[0xb8]G[0x80][0x8d][0x91][0xce]?[0xf6][0xc9]L[0xcf]()O[0x5][0x91][\n]"
05:47:37.651 [main] DEBUG org.apache.http.wire -  << "[0xe1][0xf9][0xf9]9[\n]"
05:47:37.651 [main] DEBUG org.apache.http.wire -  << "[0xce][0x19][0x89][0x99]E[0x18][0xb][\n]"
05:47:37.651 [main] DEBUG org.apache.http.wire -  << "|@[0xeb][0x7]R[0xe1]5Kj[0xb1]B[0x12]|[0xb]:R[\r][0x2]j[0x96][0x81]&k[0xf2][0xd2][0x8b][0x95][0xac][0xf0][0xe5]/[0xa4]Y [0xec][0xf1]7[0x10][\r]$S[0x9a][0xe7]*SD[0xcf]0713/1O!1/[0x11]t~[0x15][0xea][0xcd]0[0xc5]%[0xa9][0xa9]E[0x99]y[0xe9][\n]"
05:47:37.651 [main] DEBUG org.apache.http.wire -  << "[0xe5][0x19][0xa9][0xa9]9[0x88][0xa0] z[0xeb][0x8c]1[0xd2]L[0x16][0xf6][0xf0][0x1d][0xd8]B[0x1d]i[0x0][0x19][0xbb][0xf3][0x10]~[0xa6][0xdb][0x92]uc[0xa4][0xbd],4*T[0xcd][0x10][0xa3][0x10][0xb4][0xb2][0x1]Q[R[0xf3][0xda]#<{[0xad][0x8d][0x91]v[0xca][0x14][0x97][0x16][0x97]*d[0x97][0xa6]$*[0xe4]d&b[0x16]"`ih[0x82][0x87][0x1e][0xd8]f[0x89]r[0xea][0x17][0xbe]f[\n]"
05:47:37.651 [main] DEBUG org.apache.http.wire -  << "[0xd2][0xb9][0xd3][0xb4][0xcd]:HS[0xe][0xd0][0xee][0x85][0x19]Fq[0x8][0x1f][0xf9]B[0xdf][0xf5]gH|[0x16]E[0x9a]u[0xa0]81[0x0][0x0][0x0][0x0][0xff][0xff]"
05:47:37.651 [main] DEBUG org.apache.http.wire -  << "[\r][\n]"
05:47:37.651 [main] DEBUG org.apache.http.wire -  << "42E[\r][\n]"
05:47:37.651 [main] DEBUG org.apache.http.wire -  << "JM[0xcf]/[0xca]L-V[0xb2][0x8a]F[0xda][0xcb]c[0x8c]t[0xe7]38[0xe8])[0x88][0x19]|e9[0xd2][0xbc][0x3]5[0xd3][0x1c]>+[0x91][0xe6][0x1e][0xa0]qD[0xab][0x11]6[0xa4][0xd3][0x98]i[0x14]KHg&[0xd3]2[0x96][0x90]f[0x17]hj[\r][0xad][0xe7][0xb][0x8c][0x91][0xe6][0xb]@e[0x89]Bbe"[0xe6][0x6]T[0xb0][0x17]A[0xd2][0x88][0x8a][0x4][0xb5][0xa8][0xc1][0x9b][0xba][0x10][0xb5]4[0xad]S[0x17]bl[0x8d]V[0xa9][0xb][0xb1]T[0x82][0xc6]~A[0x1a][0xc4][0xa7][0xb5]M[0x88]J[0x8e]F[0xa1][0x86][0xb4][0xb][0x92][0xd6]~A[0xb4]9[0xb1][0xb7][0x84][0x6][0xb6][0xa1][0x86]tf)v[0xe7]![0xf2][0x17][0xfd][0x1a]j[0x16][0x88]4M[0xa3][0xf8]G[0xda][0xbd]H+[0x1b][0x10][0x8b]P[0xe9]Ui[0x12][0xdc][0xf3]8[0xb0]I[0x8d][0xe0][0x9e]D\I[0xcd][0x18]m[0xf8][0x94][0x8a][0x87][0x16][0x1a][[0xd2][0xbc]:C[0xba]N[0x9c]VI[\r]Q[0x9d][0xd1][0xca][0x6][0x9a]Wc[0xa0]n[0x2][0xf4]([0x8][0xda][0xf8][0xc1][0x4]t[0x92][0x15][0xd4][0x6][0xda][0x16][0xf9]&H[0xfb]'[0x91]6[0x93]@[0x7][0xf5][0xb1][0xf][0xbf][0xb8]f[0x96][0x16]+[0x14][0xa4][0x16][0x15][0x17]d&g&[0x96]d[0x16][0x83][0x86][0x80][0x91][0xc6]]@[0xc9][0x94][0x98]q[0x17][0x13][0x9a]o[0x93]4[0xa1][0xf9][0x94][0xb4][0x9][0xd2]FL[0xf7][0xfc][0xa2][0xf4]T[0xd0][0x94]Hx~~Jj[0x9e][0x82]3[0x96]^[0xa7]Jf[0x9]b[0xa5]0ln$[0x15]y[0x1b][0xe]h[0x91][0x1d]q[0xc1]G[0xeb][0xe2][0xc0][0x4]i[0xbe][0x9d][0xd6][0xc9][0x90][0xd6][0x99][0xd6][0xc4][0x0]QO[0xe3][0xf7][0xb]U[0x16][0xa4][0x99][0xd0]|[0xf7][0xa8][0x9][0xd2]A[0x99]4*[0x85][0x90]6[0x90][0xd2][0xca][0x6]D[0xe3][0x99].[0x91][0x82]He[0xd8][0x1b][0x90][0x3][0xda][0xe8]0A:s[0x11][0xbb][0xf3]p5:[0xd0][0xfb][0x8f]Tlt[0x98][0xc][0xc6]M[0x96][0xa6][0x98][0xc3]b4[0x1a]r1[0xc5]2[0xb8]C[0xc3][0xf9]}S[0xa4][0x11][0x9e][0x0]g[0x5]wG_O?w[0x8c][0x1][0xbf][0xe0][0x0]Wo[0x5][0xf]Ow[0xf]Dz[0xb0][0x4][0xb5][0x18][0x88][0xa9]5L[0x91][0xd6][0xd2][0x5]$[0xe6]$[0xfa][0xe4][0xfb]`^[0x6][0x8f]sD[0xd1][0xc8][0xd2][0x12][0xb4][0xa8][0x82]8[0x8b][0x10][0xe3][0xcb]4[0xb6][0x8][0xb1][0x4][0x83]N[0xbd][0x17]S[0xa4][0xfb]Kh[0xec]7Ds[0x99]N~3A[0xda][0x97][0x8f][0xbf]L[0xa6]t[0xc1][0xa0][0x89]![0xa2][0x1][0x83][0xbd][0xbc][0x1b][0xd8][0xe2][0x18]i9[0x1f]v[0xe7]![0xb2][0x1f][0xdd][0x86][0x1b]L[0x90]6[0xd3][0xa8]NF[0xda][0xdc]M[0xe3][0xf8]GZ[0xcd]Hk[0x9b][0x10][0x3][[0xf8]m[0xa2]N[0xe3][0xf][0xe9][0x88]WZE[0x12][0xa2]%[0x83][0xdf]C[0x14]gR[0xd0],:[0xb4]+J#[0xbf][0x10]}[0x4],[0xc5]~AZ[0x9]I[0xe3]PCZ[0xde][0x8][0xb3][0x89][0x86][0xcd][0x6][0x13]P[0xa5]L[0xe3]HBT[0xb2]0[0xf]a[0xb4]K[0xe0][0xcd][0x6]J[0xce]V4AZ[0xe2][0x88][0xbd][0xd8][0x1d][0xd8]Z[0x1]i[0xb5][0xe1][0xa0]t[0x1e][0xa2][0x9b][0x8b][0xdd]y[0x3]Qi![0xad]7[0xa4]Q[0x19][0x82][0xb4]n[0x10][0x9a]<I[0xdb]RA[0xbf][\n]"
05:47:37.651 [main] DEBUG org.apache.http.wire -  << "[0x1c][0xe9]l[0x5][0x9c].E[0xc4][0x11][0xbe]][0x83][0xd4][0xec][0xe5][0x99] :[0xe2][0xd8][0x93][0xcd][0xc0]f:[0xa4][0x1d][0xea]48)[0xcb][0x4]t9[0x9]m[0x8b][0xcf][0xc1][0xbd][0x82][0xd1][0x84][0xe0][\n]"
05:47:37.651 [main] DEBUG org.apache.http.wire -  << "FD[0x8a][0xa4]_N15[0xd0]Q[0x82][0xc6][\n]"
05:47:37.651 [main] DEBUG org.apache.http.wire -  << "[0xce][0x9c][0x82][0xaf][0xca][0xa1][0xa3]K[0x11][0xf3]g8][0x8a][0x8]Az[0xe5]i[0xa4][0x13]7[0xdc]J[0x8b][0xf2]2KJ[0x8b]R[0x15]B[0xf2][0xb]0[0xea]m[0x84]lJbQ[0xa6][0x82]WjAb[0x11]hP[0x0][0xba],[0xca][0x10][0x94]:[0x88][0xe9][0xf2][0x9b] -[0xa4][0xa4]Q9[0x8f]t[0xee]4[0xad]l[0xc0][0xe8]*PR[0x93][0xd0]p:[0xd0][0xc4][0x14]160[0x98]R[0x1d][0xa2]g[0x82]HW4MuH[0xeb]7[0xa9][0xba]E[0xdb][0x4]i[\r]&4[0x80]i4[0xca]hB[0xf4]y[0xe2][0x14]w[0x81][0x90][0x16]H[0xd2][0xda]O[0x83]{t[0x7]i[0xc5]#[0xb5][0xef]j0AZ[0xeb]8[0x18][SHc[0xda][0x83][0xd2]y[0x88][0x81][0xe3]A[0xe9]<DO[0x18][0xbb][0xf3][0x10]5=[0xfd]Z H[0xeb][0x10]i[0xd1]@6GT5[0xd8][0xfd]<[0xb0][0xdd][0x3][0xa4][0x13][0x8][0xb0];o [0xa2][0x4]i[0xa2][0x5][0xbe]Y[0x12][0xb2][0xa9][0x5][0xdb]![0x99][0x8e][0xc9][0xc9][0xa5][0xc5][0x89]y%[0x99][0xa5][0xb9][\n]"
05:47:37.651 [main] DEBUG org.apache.http.wire -  << "[0xf9][0xa0][0xfb][0x13][0xa0][[0xea][0x8a][0x91][0x16]V[0xa0]n[0xa3]C[0x9f][0xf4]CZlm[0x8a]tjIpe^jQz&x[0x8b][0x1f]taBpF~*[0xe8][0xea]/[0xd4]}[0x1e][0xae][0xe0][0xfd]|[0xa0]=}d[0xda][0x89][0xc8][0x17][0xb4][0xad]YL[0x91][0x8e][0x1][0xa1][0xb5]M[0x88][0xc6]`@Q~Jir[0x89][0x82]ciNf[0xa2][0x82]1F#[0x1a]tk][0x1]TM"\[\r][0xb4][0x9][0x8d][0xaf][0xc9][0x8f][0x12]o[0x88]|F[0x1f][0xfb][0x10][0x8d]5[0xfa][0xd8][0x87][0x18][0x9d][0xa2][0xa1]}[0xb1][0xb5]\[0x0][0x0][0x0][0x0][0xff][0xff]"
05:47:37.652 [main] DEBUG org.apache.http.wire -  << "[\r][\n]"
05:47:37.652 [main] DEBUG org.apache.http.wire -  << "A[\r][\n]"
05:47:37.652 [main] DEBUG org.apache.http.wire -  << "[0x3][0x0]L[0xb3][0xf9][0x85]q[0xbb][0x1][0x0]"
05:47:37.652 [main] DEBUG org.apache.http.wire -  << "[\r][\n]"
05:47:37.652 [main] DEBUG org.apache.http.wire -  << "0[\r][\n]"
05:47:37.652 [main] DEBUG org.apache.http.wire -  << "[\r][\n]"
05:47:37.652 [main] DEBUG io.restassured.internal.RestAssuredHttpBuilder - Parsed data to instance of: class org.apache.http.conn.EofSensorInputStream
05:47:37.656 [main] DEBUG org.apache.http.impl.conn.BasicClientConnectionManager - Releasing connection org.apache.http.impl.conn.ManagedClientConnectionImpl@6f05062b
05:47:37.656 [main] DEBUG org.apache.http.impl.conn.BasicClientConnectionManager - Connection can be kept alive indefinitely
05:47:37.716 [main] DEBUG net.thucydides.core.steps.StepInterceptor - STEP DONE: I send HTTP GET request
  &amp#27;[32mWhen &amp#27;[0m&amp#27;[32mI send GET HTTP request&amp#27;[0m                      &amp#27;[90m# starter.stepdefinitions.UserSteps.iSendGETHTTPRequest()&amp#27;[0m
05:47:37.724 [main] DEBUG net.thucydides.core.steps.StepInterceptor - STARTING STEP: UserSteps.iReceiveValidHTTPResponseCode - I receive valids HTTP response code 200
05:47:37.725 [main] DEBUG net.thucydides.core.steps.StepInterceptor - STEP DONE: I receive valids HTTP response code 200
  &amp#27;[32mThen &amp#27;[0m&amp#27;[32mI receive valid HTTP response code 200&amp#27;[0m       &amp#27;[90m# starter.stepdefinitions.UserSteps.iReceiveValidHTTPResponseCode()&amp#27;[0m
05:47:37.733 [main] DEBUG net.thucydides.core.steps.StepInterceptor - STARTING STEP: UserSteps.iReceiveValidDataForUserInformation - I receive valid data for user information
05:47:37.868 [Finalizer] DEBUG org.apache.http.impl.conn.DefaultClientConnection - Connection 0.0.0.0:60352<->149.248.193.56:443 closed
05:47:37.871 [Finalizer] DEBUG org.apache.http.impl.conn.DefaultClientConnection - Connection 0.0.0.0:60351<->149.248.193.56:443 closed
05:47:37.876 [Finalizer] DEBUG org.apache.http.impl.conn.DefaultClientConnection - Connection 0.0.0.0:60354<->149.248.193.56:443 closed
05:47:37.880 [Finalizer] DEBUG org.apache.http.impl.conn.DefaultClientConnection - Connection 0.0.0.0:60353<->149.248.193.56:443 closed
05:47:37.942 [main] DEBUG net.thucydides.core.steps.StepInterceptor - STEP DONE: I receive valid data for user information
  &amp#27;[32mAnd &amp#27;[0m&amp#27;[32mI receive valid data for user information&amp#27;[0m     &amp#27;[90m# starter.stepdefinitions.UserSteps.iReceiveValidDataForUserInformation()&amp#27;[0m
05:47:37.945 [main] INFO  - 
  _____   ___   ___   _____     ___     _     ___   ___   ___   ___  
 |_   _| | __| / __| |_   _|   | _ \   /_\   / __| / __| | __| |   \ 
   | |   | _|  \__ \   | |     |  _/  / _ \  \__ \ \__ \ | _|  | |) |
   |_|   |___| |___/   |_|     |_|   /_/ \_\ |___/ |___/ |___| |___/ 

GET - As admin I can get user information
----------------------------------------------------------------------
]]></system-out>
  </testcase>
  <testcase name="GET - As admin I cannot get user information" classname="User" time="0.561">
    <system-out><![CDATA[
@TC-0030
Scenario: GET - As admin I cannot get user information     &amp#27;[90m# src/test/resources/api/user.feature:188&amp#27;[0m
05:47:37.957 [main] INFO io.cucumber.core.plugin.SerenityReporter - Running feature from file:///C:/Users/Lenovo/IdeaProjects/MiniProject/MiniprojectApi/src/test/resources/api/user.feature
05:47:37.957 [main] WARN io.cucumber.core.plugin.SerenityReporter - Feature from file:///C:/Users/Lenovo/IdeaProjects/MiniProject/MiniprojectApi/src/test/resources/api/user.feature is not under the 'features' directory. Requirements report will not be correctly generated!
05:47:37.959 [main] INFO  - 
  _____   ___   ___   _____     ___   _____     _     ___   _____   ___   ___  
 |_   _| | __| / __| |_   _|   / __| |_   _|   /_\   | _ \ |_   _| | __| |   \ 
   | |   | _|  \__ \   | |     \__ \   | |    / _ \  |   /   | |   | _|  | |) |
   |_|   |___| |___/   |_|     |___/   |_|   /_/ \_\ |_|_\   |_|   |___| |___/ 

GET - As admin I cannot get user information(user;get---as-admin-i-cannot-get-user-information)
--------------------------------------------------------------------------------
05:47:38.021 [main] DEBUG net.thucydides.core.steps.StepInterceptor - STARTING STEP: UserSteps.iSetUnmatchedGETApiEndpointsUserInformation - I set the GET api endpoints user information
05:47:38.022 [main] DEBUG net.thucydides.core.steps.StepInterceptor - STEP DONE: I set the GET api endpoints user information
  &amp#27;[32mGiven &amp#27;[0m&amp#27;[32mI set unmatched GET api endpoints user information&amp#27;[0m &amp#27;[90m# starter.stepdefinitions.UserSteps.iSetUnmatchedGETApiEndpointsUserInformation()&amp#27;[0m
05:47:38.025 [main] DEBUG net.thucydides.core.steps.StepInterceptor - STARTING STEP: UserSteps.iSendGETHTTPRequest - I send HTTP GET request
05:47:38.026 [main] DEBUG net.thucydides.core.steps.StepInterceptor - STARTING STEP: GetAllProduct.iSendGETHTTPRequest - I set the GET api endpoints
05:47:38.026 [main] DEBUG net.thucydides.core.steps.StepInterceptor - STEP DONE: I set the GET api endpoints
05:47:38.032 [main] DEBUG org.apache.http.impl.conn.BasicClientConnectionManager - Get connection for route {s}->https://altashop-api.fly.dev:443
05:47:38.032 [main] DEBUG org.apache.http.impl.conn.DefaultClientConnectionOperator - Connecting to altashop-api.fly.dev:443
05:47:38.117 [main] DEBUG org.apache.http.client.protocol.RequestAddCookies - CookieSpec selected: ignoreCookies
05:47:38.117 [main] DEBUG org.apache.http.client.protocol.RequestAuthCache - Auth cache not set in the context
05:47:38.117 [main] DEBUG org.apache.http.client.protocol.RequestTargetAuthentication - Target auth state: UNCHALLENGED
05:47:38.117 [main] DEBUG org.apache.http.client.protocol.RequestProxyAuthentication - Proxy auth state: UNCHALLENGED
05:47:38.117 [main] DEBUG org.apache.http.impl.client.DefaultHttpClient - Attempt 1 to execute request
05:47:38.117 [main] DEBUG org.apache.http.impl.conn.DefaultClientConnection - Sending request: GET /api/products HTTP/1.1
05:47:38.117 [main] DEBUG org.apache.http.wire -  >> "GET /api/products HTTP/1.1[\r][\n]"
05:47:38.117 [main] DEBUG org.apache.http.wire -  >> "Accept: */*[\r][\n]"
05:47:38.117 [main] DEBUG org.apache.http.wire -  >> "Host: altashop-api.fly.dev[\r][\n]"
05:47:38.117 [main] DEBUG org.apache.http.wire -  >> "Connection: Keep-Alive[\r][\n]"
05:47:38.117 [main] DEBUG org.apache.http.wire -  >> "User-Agent: Apache-HttpClient/4.5.13 (Java/14.0.2)[\r][\n]"
05:47:38.117 [main] DEBUG org.apache.http.wire -  >> "Accept-Encoding: gzip,deflate[\r][\n]"
05:47:38.117 [main] DEBUG org.apache.http.wire -  >> "[\r][\n]"
05:47:38.117 [main] DEBUG org.apache.http.headers - >> GET /api/products HTTP/1.1
05:47:38.117 [main] DEBUG org.apache.http.headers - >> Accept: */*
05:47:38.117 [main] DEBUG org.apache.http.headers - >> Host: altashop-api.fly.dev
05:47:38.117 [main] DEBUG org.apache.http.headers - >> Connection: Keep-Alive
05:47:38.117 [main] DEBUG org.apache.http.headers - >> User-Agent: Apache-HttpClient/4.5.13 (Java/14.0.2)
05:47:38.117 [main] DEBUG org.apache.http.headers - >> Accept-Encoding: gzip,deflate
05:47:38.417 [main] DEBUG org.apache.http.wire -  << "HTTP/1.1 200 OK[\r][\n]"
05:47:38.417 [main] DEBUG org.apache.http.wire -  << "content-type: application/json[\r][\n]"
05:47:38.417 [main] DEBUG org.apache.http.wire -  << "date: Mon, 08 May 2023 22:56:28 GMT[\r][\n]"
05:47:38.417 [main] DEBUG org.apache.http.wire -  << "transfer-encoding: chunked[\r][\n]"
05:47:38.417 [main] DEBUG org.apache.http.wire -  << "content-encoding: gzip[\r][\n]"
05:47:38.417 [main] DEBUG org.apache.http.wire -  << "server: Fly/3f2597ca (2023-05-03)[\r][\n]"
05:47:38.417 [main] DEBUG org.apache.http.wire -  << "via: 1.1 fly.io[\r][\n]"
05:47:38.417 [main] DEBUG org.apache.http.wire -  << "fly-request-id: 01GZYS97SS2G59YSYCHXVQH191-sin[\r][\n]"
05:47:38.417 [main] DEBUG org.apache.http.wire -  << "[\r][\n]"
05:47:38.417 [main] DEBUG org.apache.http.impl.conn.DefaultClientConnection - Receiving response: HTTP/1.1 200 OK
05:47:38.417 [main] DEBUG org.apache.http.headers - << HTTP/1.1 200 OK
05:47:38.417 [main] DEBUG org.apache.http.headers - << content-type: application/json
05:47:38.417 [main] DEBUG org.apache.http.headers - << date: Mon, 08 May 2023 22:56:28 GMT
05:47:38.417 [main] DEBUG org.apache.http.headers - << transfer-encoding: chunked
05:47:38.417 [main] DEBUG org.apache.http.headers - << content-encoding: gzip
05:47:38.417 [main] DEBUG org.apache.http.headers - << server: Fly/3f2597ca (2023-05-03)
05:47:38.417 [main] DEBUG org.apache.http.headers - << via: 1.1 fly.io
05:47:38.417 [main] DEBUG org.apache.http.headers - << fly-request-id: 01GZYS97SS2G59YSYCHXVQH191-sin
05:47:38.417 [main] DEBUG org.apache.http.impl.client.DefaultHttpClient - Connection can be kept alive indefinitely
05:47:38.417 [main] DEBUG io.restassured.internal.RestAssuredHttpBuilder - Parsing response as: application/json
05:47:38.417 [main] DEBUG org.apache.http.wire -  << "240[\r][\n]"
05:47:38.418 [main] DEBUG org.apache.http.wire -  << "[0x1f][0x8b][0x8][0x0][0x0][0x0][0x0][0x0][0x4][0xff][0xaa]VJI,IT[0xb2][0x8a][0xae]V[0xf2]tQ[0xb2]241[0xb1]0[0xd2]Q[0xf2]K[0xcc]MU[0xb2]RJI-N.[0xca],([0xc9][0xcc][0xcf]S[0xd2]QrA[0xe2]Y))[0xe9]([0x5][0x14]e&[0xa7]*Y[0x19][0xe8]([0x5]%[0x96]d[0xe6][0xa5][0x17]+Y[0x99][0xe8](9'[0x96][0xa4][0xa6][0xe7][0x17]e[0xa6][0x16]+YE[0xc7][0xd6][0xea] [0xc]6[0x86][0x1b][0xec]Y[0x90][0x91][0x9f][0x97][0xaa]`h[0xa8]`f[0xa2][0x90][0x9e][0x84]axANb[0xa5]BFb[0xb1]B^[0xbe]BNfnfI1[0xc2]:#KK$[0xb][0x8d][0xd0],[0x84][0xda]fdjb[0x8][0xb7][0xcd]=173/[0x1d][0xc3][0x12][0xb7][0xfc]"[0x85]t[0xb0][0x94]BAiQA~qj[0xb1]R-[0x8a][0x83]-[0xe0]F[0xb8][0x95][0x16][0xe5]e[0x96][0x94][0x16][0xa5]*[0x84][0xe4][0x17]`[0x9a][0x4][0x97]MI,[0xca]T[0xf0]J-H,JD[0xb8][0xd8][0xd0][0x4][0xd9][0xc5][0xa6]h.F[0xb1][0xd1][0x4]ncp~^[0xa5]B@[0xb0]![0x86]e[0xf8][0xc2][0xc6][0x4]%l[0xc][0xd1]l[0xa2]j[0xd8][0x98][0x12]v)"[0x4][0x90][0x93][0x88][0x1]-]e[0x6]w[0x15][0x15]c[0xc][0xdd][0xc5][0xc8]1f[0x89]Hf.a.[\n]"
05:47:38.418 [main] DEBUG org.apache.http.wire -  << "[0xbe][0xa5][0xe9][0xa9]y[\n]"
05:47:38.418 [main] DEBUG org.apache.http.wire -  << "!E[0x89][0x99][0xf8]r[0x8c][0xa1][0x91][0x81][0x81][0x1][0xbe]0A[0xb1][0x1][0x91][0x1f][0x13][0xf3][0x12][0xb3][0x15][0x12]+[0x13]s1[0x12]Eqiq[0xa9][0x2]H[0x1a][0x11][0xe6][0x96](i[0x1][0xaf][0x1f][0xcc][0xe1][0xa1][0x16][0xe1][0xe4][0x1f][0x81][0x99][0xe4][0x10]9[0x5]a<jR3[0xa6]a[0xa4][0x82][0xfc][0x1]-[0x90][0xb0];[0xf][0x97][0xa3][0xd0][0xfd]L[0xc5][0xf4]o[\n]"
05:47:38.418 [main] DEBUG org.apache.http.wire -  << "[0x8a]>[0xa8][0xa3]h[0x13][0xef][0xa6][0x6][0x88][0x94][0x5][0x8a]X[0xea][0xc7][0xbb][0xa9][0x1][0xad]S[0x96][0xa9][0x1][0xa2][0xc8][0xa7][0x91][0x1f],[0x10]e[0xb4]SQbrjNj[0x9]F[0xe6][0xf0]MLIU[0xc8]OS[0xc8][0xc8]L[0xcf]P(,M[0xcc][0xc9],[0xa9]T(HM,[0xca]A[0xae]V[0x8c][0x88][0xcb][0x90][0xc6][0xc6]f[0x18][0x85][0xb4])[0x86][0x95][0xf8][\n]"
05:47:38.418 [main] DEBUG org.apache.http.wire -  << "i[0xd4][\n]"
05:47:38.418 [main] DEBUG org.apache.http.wire -  << "[0xc]w[0x8d]illf[0x9][0xcf][0x98]%[0xa9][0xc5][0xa0]*V[0xa1][0xa0](?[0xa5]4[0x19][0xd3][0x8f]%[0x19][0x99][0xc5][\n]"
05:47:38.418 [main] DEBUG org.apache.http.wire -  << "[0x99][0xc5][\n]"
05:47:38.418 [main] DEBUG org.apache.http.wire -  << "%[0x19][0xa9]05[\n]"
05:47:38.418 [main] DEBUG org.apache.http.wire -  << "[0xa8][0xd5]7[0x96][0xda][0x1a]=[0xd7]"[0x8a][0x1d]ccsD[0xf2][0xa3][0x9a][0xdd][0x86]h[0xc5][0x1e][0xee][0xaa][0xd0][0xd8][0xd8][0x1c][0x91]8[0xa9]j?R[0xdb][0x1][0xaf][0xf5][0x88]H[0xa6][0xaa][0xf5][0xc8][0x89][0xc][0xaf][0xfd][0x88]2[0x99]f[0xf6][0xa3][0x97][0x8f]([0xd1][0x8f][0xc8]W[0x98][0xf6][0x3][0x0][0x0][0x0][0xff][0xff]"
05:47:38.418 [main] DEBUG org.apache.http.wire -  << "[\r][\n]"
05:47:38.418 [main] DEBUG org.apache.http.wire -  << "478[\r][\n]"
05:47:38.418 [main] DEBUG org.apache.http.wire -  << "Bm[0x9][0x12][0x9d][0xf4][0xd0][0xa3][0x1f]_[0xd2]7[0xa7]A[0xd2]G[0xb7][0x1f][0x9f][0xff]-[0xc][0xa8][0x9f][0xf5][0xd0][0xed][0xc7][0x97][0xfd][0x90]Z[0xe1]4[0xb][0xbc][0xfe]G[0x94][0xdc][0x3]c?"[0xff]y[0x4]([0xe4]f[0x96][0xe4]c[0xa4];p[0x19][[0x92]Z[0x94][0x94][0x98][0x99][0x8d]h[0x2][0x98][0x9a][0x99]#eq[0xbc]^Dd1[0xd2][0xda][0x15][0xe8][0xf9][0x96]z[0xed][\n]"
05:47:38.418 [main] DEBUG org.apache.http.wire -  << "cc[0xb]D[0xba][0x87][0xf6][0x0]([0xa9]\[0xf0][0xa5]0KD[0xc][0x7][0x4]+`[0xda][0x92][0x9e][0x98][0x9b][0xaa]`[0xaa]P\[0x92]X[0x84][0x8]][0xd4]V[0x1f][0xbe][0xc]l[0x89][0x88]@[0xba]4[0xc5][0x8d]M[0x90][0x9a]dT[0x8]:<)[0xc7][0x4][0xa9]iF/[0xbf]!"[0x8b][0xd6]~C[0xc4][@QbrIfrb[0x8e]Bx~~Jj[0x9e][0x82]w^fZ*F>t[0xcc][0xc9]L,VH+MOT(-[0xd1]C[0xa4][0x15]CP[0x84][0xc0]G[0x6][0xf0][0x86]'"'Rod[0x0][0xaf][0x85][0x88]\[0x6][0xb3][0xd0][0x88][0xe2][0xa1][0x8]|[0x16][0x1a]"[0xaa][0x13][0x98][0x85][0x94][0x8f]}[0xe0][0xb5][0x10][0xd1]|[0xa3][0x93][0x85][0x18][0x3][0x2][0xe6][0x18])[0x5]\b[0x13]5[0xac][0x83][0xd7]k[0x88][0xd4][0x12][0x90][0x98][0x93][0xe8][0x93][0xef][0x3][0x1a]kAm[0x93][0xc0]m[0xc2]2zdl[0x8c]TA[0xe0])[0xc2]L[0xc][0x11]m rKH[0xbc][0xfe]@$BZ[0x18][0xf][0xea][0xcf]@{[0xa8]t[0xea][0x19][0x99][0x18]![0x12][0x1d]M|[0x84][0xe8][0x12][0xd0][0xc4]xD[0x19]K[0xb7][0x0]C[0x14][0xb6]t[0xb3][0x12][0x91]O[0xa9]i%[0xbe]|d[0x84][0x18][0x95][0xa3][0xa6][0x95][0xf8][0xf2][0x96][0x11][0xa2][0x8c][0xa0]q}i[0x84][0xc8][0xc5]4j[0xa8][0x9a][0x18]#*[0xf]Z[0x86][0x1f][0xac][0x19]ka[0x88]H"[0x8e][0xc9][0xc9][0xa9][0xc5][0xc5][0x90][0xd1]|[0x8c]~_[0xbe]Bj^Fb^r[0xaa]Bb[0x1]h8[0x5][0xc4]D[0x1e]A761F[0x14][0x8][0xc5][0xa9][0x5][0xa9])[0x98][0x5]ubf%H[0x10]:8ad[0x8a][0xdc]?[0xc6][0x17][0xc1][0xc6][0x88][0xb2][0x80][0x96]a[0x82][0xd4]%6[0x1][0xd5][0x1b][0xd0][0x2][0x95][0xda][0x9e][0xa1]1`[0x8c][0x88][0xe3]`p[0xcc]([0xf8]d[0x16][0x97][0x14][0x81]{R[0xa8]U)T:[0x7]"[0xad][0x90][0x97][0x9e][0x9a]T[\n]"
05:47:38.418 [main] DEBUG org.apache.http.wire -  << "[0x1a]"=[0xca][0x10][0xc5][0x0][0xd4]L[0xa8][0x95][\n]"
05:47:38.418 [main] DEBUG org.apache.http.wire -  << "N[0x89]9[0x89][0x98][0xb3]*PE[0xa8][0x16]+$%[0xe6][0xa5][0x83][0xc7][0xf8][0xa0][0xf6][0x9b][0x12][0x9f]d[0x10]e[0x2][0xdd][0x92][0xc][0xa2][0x5]A7+[0x11][0xe5][0x11][0xbd][0xac]4A[0x94]OA[0xa5][0xc5]%[0x99][0xc9][0xb0][0xfe][0x82]S"[0xe6][0xac][h[0x89]BjQQ~[0x91]BQjriqb^Jb[0xaa]BA~qqfni[0xb1]Bn~[0xe]h[0x9c]31U[0xa1]85E!3[0xb7] 5%[0x93][0xbc].[0x5][0xd2][0xf4][0x1f][0xa2][0x1b][0xe3][0x93][0x99][0x97][0x9a][0xa7][0xe0][0x94]_R[0x92][0x83][0xa5][0x1b]SZ[0xa2]P[0x90]ZT\[0x90][0x99][0x9c][0x99]X[0x92]Y[0xac][0x90][0x92][0x9f][0x93]_[0x94][0xaa][0x90][0x92][0x99]\[0x92][0xa8]P[0x90]_T[0x94][0xaf][0x90]YP\[0x9a][0xab][0x90][0x9a]HV/[0xc7][0x84][0xfe]E[0x96][0x9][0xa2]I[0x13][0x9c][0x93][0x9a][0x9a][0xad][0x0][0x9][0x1][0xf7][0x9c][0xfc][0xb2]T[0xd0][0xd8]7jN[0xf7]OK[0xcb]L[0xce][0xcc],VH[0xce][0xcf]+N-,M,)-RH[0xcc][0xcb][0xcc][0xcd][0x84]GL[0xb1]BY~NiAIbI[0xaa]BJjNj^fI&y[0x81]A[0xff]"[0xcf][0x4]Q[0xe4][0xb9][0xe7][0x17][0xa5][0xa7][0xe6][0x97][0x16]+[0x4][0x95]&%[0xa5][0x16])8[0x83][0xc7]8[0xd0]B#%[0xb3][0x4][0x92][0x6]Js[0x15][0x12]A[0x89][0x3][0x9c][0x4]r[0x12][0x93][0xf2][0x8b]2[0xf3][0x8b][0x13]s[0x15][\n]"
05:47:38.418 [main] DEBUG org.apache.http.wire -  << "K3[0x15][0x12]s2[0xb]K3S[0x14][0x8a][0xc9]M[0xa7][0x88]B[0x11][0x91]N[0xdd][0x8b][0x12][0xf3]2KR[0x15][0x9c][0xf3][0x13]A%-[0xaa][0xbb]\K@}[0xed][0xcc][0xc4][0x12][0x85][0xfc][0xdc][0xbc][0xcc]b[0x85][0xdc][0xcc][0xbc][0xcc][0xdc]D[0x85][0xbc][0xd2][0xdc][0xc2][0xd2][0xc4]\[0x85][0xe2][0xd2][0xe2][0xe4][0xcc][0x2]r][0x83]("[0x83]+[0xf3]R[0x8b][0xd2]3a[0xd9]9G!8#[0xb3][0x8][0xab]kR[0x8b]K[0xe0][0xa9]"3[0xa9][0xb4]X[0xa1] '195[0xb1]D![0x95][0xbc][0xac][0xb]*[0xd0][0xa1][0xf5][0xac][0x2][0x8d][0xba][0x90][0xa6][0x88][0xac]HV[0xf3][0x90][0xd8]V[0x8a])R[0xfe][0x83][0xcc][0xe7]c[0x8e][0xb3][0xc1][0xbb][0xaa][0x4][0xd7]:[0xe0]k[0xf][0x99][0xd2]??[0x99]"[0xf2][0x13][0xbd]j[0x1a]SDn[0xa1][0x9b][0x95][0x88],A7+[0x11][0xad][0x6][0xb2]R'[0xea][0x4]#[0xde]T[0x83]h,[0xd0][0xd8]&3D[0x1b][0x1]j[0x13][0xe6]2[0x3]|9[0x1]u[0xe0][0x19][0xdd]O[0xb0][0xae][0xb][0xe5][0xab]~[0x8c]M[0xcc][0x10]}[0x16][0xa8]Ki[0x95]g[0xcd](,[0x85][0x88][0x8f]g3[0xba][0x95]C[0xd4][0x9d][0x1c]G[0x8f]g[0xe4][0xee][0x98][0x19][0xa2][0xf8][0xa1]u<!J[0x1d][0xa8]M[0x83]6[0xed]"[\n]"
05:47:38.418 [main] DEBUG org.apache.http.wire -  << "+[0x9c].E[0xc][0xd0][0xe3][0xab][0xc5][0xa8][0x9a][0xa3]0[0xca]3J[0xc2][0x8f][0x86][0xb3]o&H[0xb].[0x6]Q[0xf8][0x99]c[0x94][0x9d][0xb4]*[0x91][0x90][0x16]}[0xf8]%[0x16]g*[0xb8]$[0x96][0xe6])x[0xa5][0x16][0x95][0x82]&X[0x11][0xcd]P[0x0][0x0][0x0][0x0][0xff][0xff]"
05:47:38.418 [main] DEBUG org.apache.http.wire -  << "[\r][\n]"
05:47:38.419 [main] DEBUG org.apache.http.wire -  << "5A4[\r][\n]"
05:47:38.419 [main] DEBUG org.apache.http.wire -  << "[0xca]S[0xb2]R[0x2][0xcb][0x97][0xa7][0xe6]%fg+[0x94][0xa4][0xe6]%[0xe6])[0xe4][0x96][0x16][0xe5][0xa6]"[0xcd][0x15][0x1a]Z[0xe2]_[0xe4][0x6]Kb[0x16][0x96][0x88]T[0x9b][0x9c][0x9f]W[0x92][0x9f][0xa1][0x9b][0x8c]XC[0x8a]>[0xea][0xe4][0x96]X[0x9c][0x91][0x99][0x9f][0x97][0x98][0x94][0x93][0x8a]:[0xd6][0x84][0xb4]`[0x4][0xec]6[0x84][0xdb][0xc1]K[0xa7][0x14][0xd2][0xf3][0x8b]R[0xb1][0xac][0x2][0x5][0xab][0xa5][0x92]?[0x10][0xe9][0x9c][0xb0]?0U [0xad]=561[0xa7][[0x89]mN[0xb7]r[0xd4][0x1c][0x11][0xcf][0xd0][0xdc]E[0xb3]tL[0xb7]v[0x8d][0x5][0xdd]Z[0xb][0x16][0x88][0x14][0x11][0xe1][0x94]_[0xa1][0x80]Y[0x86][0xd2][0xbf]d[0xb7]@[0xf4]:p[0xb8][0x89][0xf0][0xd2]Q[0xf4]:[0x1e]V,P[0xa3]-[0x87][0xb4]:pp[0xba][0x8f]n[0xe9][0x14]i[0x9d]2[0x8e][0x90]@[0xa4][0x1e][0xfa][0xb5][0xb5]-[0x11]-[0xe0][0xc1][0xe4]*DN[0xa3]q9[0x85][0xb4]H[0x6][0xfb][0x12][0xa4][0x81][0xcd]>[0x96][0x88][0x86]/v[0xe7][\r]H[0x9a]A[0xd4][0xb2][0xd8][0x1d]5[0xa0]a[0x86][0xbc]0[0x1c][0xbb][0xf3]p[0x85][0x19][\r][0xdb][0xb5][0xc8]k[0xc9]i[0x9b][0xa2][0x91]W|c[0xf7][0xfe][0x0][0xc7][0xe][0xa2][0xb1][0x83][0xdd]y[0xb8]b[0x87][0x86][0xb5][0x94][0xa9][0x1]"[0x9b][0xd1]:v([0xcf];[0xb4]L[0xa6]H[0xab][0xa4][0x6]O[0xec][0x18]"Zx[0xd8][0x1d]5[0xb0])[0xda][0x10]QYaw[0xde]@[0xa4]hCD[0xbb][0x90][0xc6])[0x1a]i[0xad][0x2][0xad]m[0xa2][.5[0xa4]W?[0xc9][0x14]i[0x85][0x1b][0x8d]C[0xf]i5[0x1a][0xad]mB[0xb4])im[0x13][0xdd]R[0xb9][0x11][0xa2][0xda][0xa2][0xb5][0x9f][0xe8][0x96][0xca][0xe9][0xb6]D[0xcb][0xd4][0x8]Q[0xeb][0xd1]:[0xf4][0xe8][0xd5][0x9f]3EZ[0x13]Fc?![0xad][0xe1][0xa2][0xb5]M[0x88][0x9c][0x8b][0xbd]*[0x1b][0xd8][0x9a][0xd6][0x18][0x91][0xdd][0xb1];o jZ[0xe4]u\4[0x9d]a65[0xa6][[0xc9]`[0x8c][0xa8][0xff]<[0x2][0x14][0x9c]A[0x8b]p2[0xb1]lP[0xc9]I-([0xc9]/P[0xc0][0xd8][0x1]d[0x9][0x2]HK[0xbc][0xd1][0x9b][0xee]H[0x93]H[0xa6][0xc6]T-[0x1a][0xd0]7[0xdc]#[0xdb][0x84][0xb4]Hj 6T![0x8f][0xa6]Q[0xcd]~|[0x13]H(~GdlBv#[0xf2][0x10]h[0xb7][0x1c][0x91][0xb1][0x88][0xb4][0xcc][0x89][0x90][0xf9]doV[0xc4][0x97][0x8a]L[0x10]%[0x3]U[0xed]'[0xd6][0xfb][0x88][0x9c]IU[0xeb][0x89][0x8e]^D&[0xa2][0x99][0xfd][0xe8][0xdd]N[0x94][0xe4][0x85][0xa8]uif?[0xbe][0xe8]GZ[0xb0]40[0xf6]#z[0xa8]4[0xb3][0x1f][0xfd][0x9c][0x15][0xe4][0xf0]GZME3[0xfb][0xf1][0x86]?[0xa2][0xb]<0[0xf6][0xd3]([0xfb][0x13][0x9b][0xff][0x90][0x16]b[\r][0x8c][0xff][0x11][0xe5][0xf][0xac][0x85]hjJ[0xa3][0xa9]=SSD[0xe3][0x80][0xba][0xab][0xf0]MM[0x11][0xc5][0x98]g^IjNNfzj^[0x89]BpIj*h[0xf5]c>[0x96][0x15][0xb3][0x9e])[0xa0][0xf3]$[0x8a]3[0x15][0xf2][0x12]KJ[0x8b]A[0xb]BADb1YkbMM[0x11][0xe5][0x18],[0x1c]i[0xb3][0xfe][0xd1][0x14]s5[0x16][0xad][0xa2][0x8b]n[0xab][0xa9]L[0xe9][0xb6][0x9a][0xca][0x94]nk[0x9c][0xc0]{[0xd9][0xa1]Kai[0x9d]"[0x10][0x89][0xdf]5/[0xbf]([0x17][0xb4]8: '[0x11][0xbc][0xfc][0xd7]9#1[0x13][0xb4][0xae][0x3]u[0x1]H[0x18]d!8[0xe8][0xd4][0x91][0x92]T[0x85][0xbc][0xfc]<[0xd0][0xb9]#e[0x99])[0xa0]<[0x93]ZL[0xd6][0xd2]_S[0xa4][0xf5]7.[0xa5]E[0xa0]5[0x1e][0xa0][0xad][0x4]9[\n]"
05:47:38.419 [main] DEBUG org.apache.http.wire -  << "[0xd8]][0x10][0xc]][0xea][0xac]PX[0x9a][0xaf][0x80][0xb4].;3[0x8f][0x9c]%[0xe9][0xa6]t[fc[0x8a][0xb4][0xcc][0x86][0xc6][0xd1]J[0xb7]e$[0xa6]t[FbJ[0xb7]e$[0xa6]H[0x87][0x90][0xd0]8[0x9e][0x90][0x8e][0x1b][0x9][0x8]6[0xc1],[0xf5][0x8b]M[0x14][0x92][0x12][0x8b]J[0x11][0xbd]#c[0xfc]k[0xab][0x90][0x9b]gt[[0xa2]b[0x8a]th[0x9][0xad][0xc3][0xb][0xd1][0xe4][0xa3][0xb5]M[0x88][0xc6][0x1d][0xad]m[0xa2][0xdb] [0xaf][0x5]f[0x83][\r]3[0xc9][0x11]}[0x4]#[0xbe][0xa6][0xb9][0x5][0xa2][0xb5]F[0xeb][0xd0]CT`[0xb4][0xb6][0x89]n[0xcd]4Kz-[0xfc]4EZ[0x1e]D[0xe3][0xd0]CZ[0xf2]Ck[0x9b][0xe8]VFX"[0xca][0x8][0xaa][0x97][0xde][0x96]t+[0x15][0x90]V[0xfb][0xd0]:f[0xe8][0x95]W[0xcd][0x90]N[0xea]q-J[0xcf][0xcf][0xcb][0xcf][0xcd]LVp[0xcc])[0xcd][0xcd][0xcc]+[0xcd][0xc5][0xba][0xed][0xcf][0xb1][0xb4]D!)5[0xb1]$1[0x15][0xbe][0xa9]-5W!7[0xb1]"37U!/57_!3'[0xa7]4[0x17][0xb4][0xe1][0xf][0xdc][0xf7]#[0xa7][0xa9]if@[0xaf]b[0xd1][0xcc][0x80]^[0x85][0x95][0xd9][0xe0]^'a6[0x18][0xd7]I[0x98][0xd1]k[0x9d][0x84][0x89][0x9]RUB[0xab][0x93]8[0xe9][0x95][0xd2]L[0x91][0xf6][0xb][0xd0][0xba][0xa0][0xa2][0x97][0x9f][0xcc][0x90][0xce]b[0xa5][0xad][0x9f][0xcc][0xc][0x10][0x95][0x15][0xad]m[0xa2]W[0xd5]efH[0xaf][0x6][0xad][0x19][0xd2][0x8a][0x19][0xec][0x93][0xc0][0x3]:Gm[0x86][0xb4][0xcc][0x6][0xbb][0xf3][0x10]=H[0xba][0xad][0xf2]6C:[0x16][0x8a][0xc6])[0xce][0x8][0xd1][0xe4][0xb][0x8]64[0xa0][0xa0]S[0x83]~[0x9e][0x11]|W[0x2]R5[0x7]9<[0x1e][0xc3][0x92]4[0xfc][0xe7][0xca][0x1b][0x9b][0x19][0xd1]-[0x7]"[0x9d][0xbc][0x94][0x9d]Y[0x90]X[0xac][0x90][0x98][0x97][0x8e][0xe5]d[0xf2][0xdc][0xd4][0xbc][0xf4][0xd4][0x9c][0xd2][0xc4][0xa2][0xec][0xc4]<[0x88][0x12][0x85][0xe2][0xc4][0xbc][0xf4][0xc4][0x12][0x85][0xec][0xd4][0xbc][0xe4]D[0xf0][0xae])[0xe8]q+[0xf8][0xf][0xf5][0x83][0x87][0x12][0xd2][0xf1][0x1b][0xe4][0x9d][0xbe]ol[0x86][0xb4]>[0x8]~\[0x83]SQ~^U*[0x8e][0xe1]@[0xc8]9[0x84]E[0xa9][0x5][0xa9]99[0xa9]y)[0xa5][0xc5][\n]"
05:47:38.419 [main] DEBUG org.apache.http.wire -  << "[0x89][0xc9][0xa0]#F@[0x7][0x8b][0x14][0x96][0x92]5$o[0x86][0xb4]t[0xc8]75%3?[0xb9]([0x15]4"[0x9]:[0xc][0x11][0xc7]![0x1a][0x8e]`;[0xf3]J2A[0x7][0x85][0x94]([0xe4][0x83][0xcf][0xd4]HT(K[0xcd][0xc9],Q[0xc8][0xcb]O[0xca],&[0xab][0xc5][0x88]t[0xcc][0xd4][0x90][0x8b]I[0xa4][0xb5]JC[0xcf][0xed][0x88][0xb9][0xd5][0xa1][0xe7]v[0xc4][0xb2][0x8b][0xa1][0xe7]vDIN[0xe3]:[0x3]iY[0x97]g^rQjJfRN[0xaa][0x2][0xac][0xa4][0xc9][0xc9]O[0xc6][0xdc][0xfb][0xea][0x9a][0x8]?fE!5/[0x13][0xd2][0x19],[0x6][0xe5][0xef][0xd4][0xe2][0xe4][0xcc][0xd2][0xbc][0x12][0x85][0x94][0xd2]d[0xf0][0x81]F[0x90]3[0x84]r[0xc9][0xca][0xf2]t[[0xda]e[0x86][0xb4][0xe0][0x8a][0xd6][0x81]M[0xb7][0x6]5[0xd2][0x9a] [0x1a][0xfb][0xc9][0x84]n[0xcd]\[0x13]D3[0x97]&[0x19][0x1a]g[0xa3][0x87][\n]"
05:47:38.419 [main] DEBUG org.apache.http.wire -  << "[0xd5][0xb9][0x9][0xe5]C[0x1e][0xc8][0xb7][0xe8][0xe0][0x19]t63[0xa1][0xdb][0xf0][0x12][0xd2][0xca][0x1f][0x1a]'2SD=Dk[0x9b][0x8][0x97][0xbc][0x0][0x0][0x0][0x0][0xff][0xff]"
05:47:38.419 [main] DEBUG org.apache.http.wire -  << "[\r][\n]"
05:47:38.419 [main] DEBUG org.apache.http.wire -  << "CE5[\r][\n]"
05:47:38.419 [main] DEBUG org.apache.http.wire -  << "R[0xc2]wR[0xb][0xd1][0xa7][0x92][0x98]![0xad][[0xa1][0xb5][0x9f](O|[0xc4][0xad][0xc5]3[0xa3][0xdb][0x1a][0xe]3[0xba][0xad][0xac]0[0xa3][0xdb][0xe9]1ft;[0xd3][0xc5][0xc]tK[0x0]]VV[0x98]![0xad]i[0xa0]q*[0xa7][0xdb][0xb2][0x2]3[0xa4]e[0x5][0x1e][0x5][\n]"
05:47:38.419 [main] DEBUG org.apache.http.wire -  << "a[0x99]e[0xf9][\n]"
05:47:38.419 [main] DEBUG org.apache.http.wire -  << "[0x91]FF[0x18]=[0xe1][0xdc][0xd4][0xdc][0xcc][0x9c][0xcc][0xec]L[0x85][0xe2][0x82][0xd4][0xe2][0xcc][0xb4][0xcc]l[0xd0][0x99]"[0x95][0x89]y[0xe9][\n]"
05:47:38.419 [main] DEBUG org.apache.http.wire -  << "[0x89][0x5][0xe0][0x93]F[0xa1][0x9d]Jc[0xd0][0xbd]0([0xa7][0xc5][0xa3][0xd7]DH[0xf3][0xd9]f[0xe6][0xa4]t[0x9f][0xb1][0x9c][0xff][0x8d]''S[0xaf][0xff]jb[0x82]t[0xbf][0x2]4[0xde][0x8d]1[0x2][0x88][0x1a][0xe5][0xa8][0x89][0x89]%)[0x1]B[0xc1])s&&HSD4[0x1a]EF[0xda][0x2][0x1a][0x92][0x98]Q[0xaa][0x90]T[0x9a][0x83][0xe5][0xc]D|[0xe1]F[0xdc][0xaa]I[0x13]S[0xa4][0x81][0x1c]2m"[0xb6][0xa6]31E[0x1a][0xe7][0xa7][0xbd]][0x88]F"4[0xdd][0xd1]fm[0x9f][0x89])[0xbd][0xf6])[0x9a][0xd0]mz[0xda][0xc4][0x94]^[0xd3][0xd3]&[0xa6][0x98][0xe5][0x3][0xad][0xe2][0x89]n[0xe5][0x83])[0xbd]&[0xab]ML[0x91]J"[0x1a][0xa7]r[0xba][0xcd]6[0x99]!-[0xa1][0xb][0x80]\[0xf3][0xa6][0xe0]X[0x9a][0x93][0x99][0xa8][0x80]Yqd[0xe6]e[0x82][0x96][[0x82][0xae][0x82]SH[0x84][0xab][0x81]V[0xa7][0xc4][0x95][0x80][0xc6]f[0xe6]t*)[0x8c][0xcd][0xcc][0x11]=2[0xec][0xd3][0x12][0x3];k[0x82][0xb4][0xfa][0xe][0xbb][0xf3]p[0xcd][0x9a][0xa0][0xef]J[0xa1]^[0xfb][0xc1][0xd8][0xc]i[0xd9][0x1e]vG[\r]p[0x98]![0xba][0x89][0xd8][0x9d][0x87]+[0xcc][0xd0]{[0xee]T[\r]3DK[0x8][0x9c][0x83][0xb2][0x15][0xdc]3Ss0[0x9a]]![0xa0]C[0xc6][0xf3][0xd2]A[0x17]$f[0x17]e[0x16][0x14]g"[0xdc]J[0xfc][0xde]A3[0xb][0xc4][0xb8][0xf][0x92]e[\n]"
05:47:38.420 [main] DEBUG org.apache.http.wire -  << "[0xd9][0xa9][0xba][0x98]-a*[0xd9][0x88][0xc8][0xb0]h6b[0x96][0x10]T[0xb2][0x11][0xd1]q[0xa6][0xcf]MWfH[0x17][0xa0][0x81][0xfd][0x98]\B[0xdb]B[0x10]ia[0x4][0x9d]|H[0xaf]&[0x86][0xb1][0x19][0xbd]*~c3zU[0xc7][0xc6]f[0x96][0x88][0xaa][0x84][0xa6][0x15][0xbf][0xb1]9[0xa8]CJ[0x97]![0x2]s[0xa4]kri[0xed]'D[0x9]Bk[0x9b][0xe8][0x16]OH]F[0x1a][0xfb][0xc9][0x10]1[0xa1][0xe6][0x19][0xe0][0xe1][0xef][0xe7][0xaa]`h[0xaa][0x10][0x10][0xe4][0x8f]Q[0xc1]x[0xb8][0xfa][0xb9][0x7][0xf8][0xfb]![0xaa][0x15][0x13][0xd0]H11w[0xe1][0x99]#[0xad]S[0xa3][0xb5]o[0x10][0xf5][0x17][0xed]|C[0xb7][0xf4][0x86][0xb4]0[0x87][0xc6][0xe1][0x86][0xb4][0xc6][0x86][0xd6]6![0xd2][0x1b][0xad]mB4[0x9c]hm[0x13]R[0x8b]"1[0xaf][0x4][0xb2][0xc3][0xcc]7[0xb1][0x8]4[0xe9][0xea][0x93][0x98][0x8b]y[\r][0x90]k[0x89]BFf2h[0xd5]m>[0xd2]4*h[0xf4][0x9b][0xa8][0xfc][0x84][0xb4][0x82]#)[0xb1]85[0xa5](-[0xb3][0x2]#[0xbf][0x82]eR[0xd3][0x12]KsJR@;[0xdd][0xa0][0x1d])3K[0xd0][0xe0]-q[0xd6][0xd0]kb[0xd3][0x1c][0xe9][0xe6]+[0xda][0x8c][0xbd][0xa2]7[0xd0][0x91][0xc6]^[0xcd][0x91][0xee][0xc0][0xa2]q:[0xa1][0xdb]q#[0xe6]t[0x9b][0xfd]6[0xa7][0xee]i#[0xf8][0xe2][0x9]i[0xc2][0x96][0xc6][0xf1][0x84]t[0xf6][0x5][0xad]mB[0x94][0x1c][0xb4][0xb6][0x9][0x91][0x99]iV3[0x82][0x1a][0x4][0xd0][0xd6]%[0xfd][0xb3]1[0xd2]l[0xf2][0x0]XN[0xb7]Z[\r][0xe9]R[0x1c][0x1a][0xa7][0x18][0xa4][0x8b]i[0x6] @[0x11][0x19]c[0x0],G[0xb4][0xf3][0x7][0xc0]rDF[0xa5][0xbf][0xe5]H[0x87]([0xc][0x80][0xe5][0x88][0xf5] [0x3]`9"[0x7][0xd3]c[0x8c][0xc6][0x9c]n[0xb][0x10][0xcc][0xe9]v[0xb4][0x83]9[0xd2][0x2][0x4][0xec][0xe3][0xa7][0x3]:[0xbc]k[0xe]j[0xf8]B[0xab]'[0xec][0xce]C[0xea][0xdb]Z[0xe2][[0x98]E[0xc5][0xe1]]s[0xba][0x9d][0xd0]`[0x8e][0xb4][0x94][0x2][0xbb][0xf7][0x7]6v[0x90][0xd6]_`w[0xde][0x80][0xc4][0xe][0xa2][0xf]9[0x88][0x1c][0x85][0x18][0x80][0xc0][0xee][0xa8][0x1][0x8e]HD[0xed][0x89][0xdd]y[0x3][0x12][0x91][0x88]Zu[0xf0]8jpO[0x87][0x99][0xa3][0xdc][0xce][0xe2][0x1f][0x81][0xef]r[0x16][0xba]m[0xbc]2G[0xba][0x9e][0xc5][0xa5]4[0xbb]4[0xf]c[0xdc][0x3][0x91][0xba][0xcc][0x88]>O[0xc4][0x1c][0xe9][0xf4][0x8][0xec][0xc9]c`[0xb3][0x14][0xca][0x9d]/[0x83]&&[0x8]e[0xa9][0x81][\r]3[0xa4][0xe3][0x1f][0xb0]G)"[0xa1][0xd0]/[0xf5]Z[0x12][0x9a]a[0x1e][0xe0]0C[0xc][0x9f][0xf][0xa2]0[0x1b][0xdc][0xd5][0x1d][0xd2][0xe4][0xdd] [\n]"
05:47:38.420 [main] DEBUG org.apache.http.wire -  << "[0xb3]A[0x9d]7-[0x90][0x8e][0xb0][0x18]4af[0x81][0xb4]][0x9d]&;Q[0xd0][0xc7]6[0xa9][0xd8][0x8b][0xb0]@[0x9a]m[0x1d]zn'[0xd4][0xc6][0x1e][0xd0]2[0xd1][0x2][0xe9]&[0x9b]A[0x94]V[0x11][0xc3]c[0xb4][0x1d][0x5][0xb4]@:l[0x85][0xee][0x83]2[0x16]H[0xd3][0xe0][0xd8][0xc3]~`[0x93][0x6][0xd2][0xdc]9v[0xe7][\r]@[0x13][0xc3][0x2]i[0xb2]}[0xc8][0x15][0x5]Hk[0xca][0xb1][0x7][0xe8][0x0][0xc7]7[0xa1][0x96][0xc8][0x80][0xc4]7[0xdd][0x8a][0x2][0xa4][0xe5][0x8]C/e![0x1a]D[0xe0][0x2][0xd3][0xb1](3=1[0xbf][0x4]t[0xfa]$[0xea][0x11][0xb0][0xf8][0xb6]a[0x10][0xbb]9[0xc2][0xd8][0x2]i=[0xc5][0x90][0xb]*[0xa4][0xa3]M[0xe8][0xb3]z[0xd0][0x2][0xe9][0x88][0x13]p[0xe4][0x4][0x4][0xd3]f[0xdb][0x80][0xb1][0x5][0xd2]1%[0xf4][0xf2][0x1b][0xa2][0xcc][0xa0][0xb5][0xdf][0xe8]V[0x10] [0x1d][0xdc]Ac?![0x1d][0xb3]Ak[0x9b][0x10][0x93]OC.[0xc7][0x1a][0xa3][0x15]n[0xb4][0xcb]?H[0xbb][0xf5]q[0xc6][0x7][0xa2][0x12]$[0xbe][0xbc]D[0xda]I[0xaf][0x80]1[0xa2]G[0x9d]"[0xd9][0x84]n[0x81][0x84][0xb4][0xc]b[0xc8]%%[0xa4]U[0x14]8#[0x98]:[0xf1][0x81]t[0xc3][0x6][0xad]mB[0xc][0xba][0xd1][0xda]&DW[0x96][0xd6]6!F[0xea]hm[0x13][0xdd]*0[0xa4]k0h[0xed]'DY0[0xe4]r([0xd2][0x12][0x8d][0xa1][0xe7][0xf6]!\[0xc9]"[0xdd][0xc5]1[0xf4][0xc2][0x1d]Q[0x2][0xe]=[0xb7]#[0xca][0x9f][0xcc][0xbc][0x94][0xfc][0xdc][0xcc]T[0x8c][0x6]Bbv[0xa9]Bqiv[0xa2][0x2]B[0x1]t[0xb5][0xb3][0x11][0xd1]S[0x80][0x16]H[0x8b]W[0xa0][0xa5][0xf][0xe6][0x84]'[0xbe][0x9a][0x8f]n[0x93]H[0x16]f[0x88][0x9]v[0x9c].E4[0xc2][0xf0][0xed][0x9c][0xa5][0xe6][0x10][0xb4]9b[0x1][0x15][0xc4]U[0xc5][0xa6][0xc5][0x18]1[0x5][0xf]@[0xf4]3,[0xcc][0xcc][0xcc][0xf0][0x9c]a[0x81][0xb4]\[0xdb][0x2]i[0xaa][0x16][0x11][0xdd][0xa8]}x[0xaa][0xa4][0x7][0xa4]c[0xfe]ik[0xf]"6ik[0xf][0xa2][0xce][0xa3][0xa9]=H[0xf3][0xae][0xb4][0xb5][0x7][0x91][0xde]hk[0xf]R[0xb7][0xba]2/[0xb5](=[0x13]|[0x81][0x10][0xe4][\n]"
05:47:38.420 [main] DEBUG org.apache.http.wire -  << "-[0xec][0x97][0xf8]x[0x16][0xe5][0x83][0xd6]%[0xc0][0xca] K[0xd0][0xae]Zbv\X"m[0xcf]C[0x1c][0xed][0xe]2M[0xc1])[0xbf][0xa4]$[0x7][0xb3][0xe4]s[0xce][0x7][0x1d][0xef]W[0x2][0x92][0x80][0xda]fn[0xe][0xca][0x88][0xc4][0xd9][0x86][0xa8][0x8d][0x83]sRS[0xb3][0x15][0xdc][0x8b][0x12][0xf3]2KR[0x15][0xc2][0x13]srRK02/[0xec][0x8c]yD[0xd9]bb[0x0][0xda]fN[0x9c]e[0x88]`[0x1c]bU[0x90][0x89])[0xbd][0x8e][0x97]615@[0x14][0x6]4?T[0x5]if[0x7][0x8f]][0x88][0xc8]&[0xb6]7ob[0x8a]4/[0x82][0xc7]dx]@[0xc9][0xf1]=[0xa6][0x86][0x88]b[\r]R[0xed][0xd0]h[0xec][0xd0][0xc4][0x14]i\[0x14][0xfb][0xe4][0x4]"[0xa8][0xe8][0xd5][0x16]01[0xa5][0xd7][0xd0][0xa9][0x89])[0xbd][0xee]k71E:%[0x99][0xa6]Qjl[0x81][0xb4][0xef][0x8c][0xd6]6[0xd1]md[0x0]iC[0x96]cjQ~Je^"[0xe8][0x82][0x10][0xd8][0xc5]w![0xa0][0x1b][0xe8]0[0x8a]v[0xd7][0x8a][0x82][0xd4][0x94][0xcc][0x92]D[0x85][0xd2][0x12][0xd0][0xb1][0xce][\n]"
05:47:38.420 [main] DEBUG org.apache.http.wire -  << "[0xc9][0xf9]E[0x5][0xf9]E[0xe4][0x9d][0xeb]l[0x81]t-t0R[0x8d][0xe9][0x93][0x99][0x97][0x9a][0xa7][0xe0][0x94][0x98][0x8e]i{q[0x89]BjQQ~[0x91]B^fFf[0xe][0xc8][0x5][0x99]%[\n]"
05:47:38.420 [main] DEBUG org.apache.http.wire -  << "[0xc5][0x99]y%[\n]"
05:47:38.420 [main] DEBUG org.apache.http.wire -  << "E[0xa9]E[0xa5][0xb9][\n]"
05:47:38.420 [main] DEBUG org.apache.http.wire -  << "[0xa5]99[0x89]d[0x1d]8kA[0xb7]Mc[0x16]&[0x88][0xf6][0x8][0x8d][0xd3][0x12][0xdd][0x8e][0x81][0xb5][0xa0][0xdb]F8[0xb][0xba][0x1d]8k[0x81]t%[0xea][0x10]k[0x88][0x18][ [0xed]`[0x80][0xa6][0xb1][0xc1][0xda]G[0xc5][0xdc][0xd6][0x80][0xe9]RD}I[0xb7]>*R[0x8b]7?[0xaf]R[0x81]v[0x13]%[0x98][0x7]:b[0xfa][0x1f]_[0x3][0x88]^-[0x8]c[0xb][0xa4][0x13][0xba]p[0xa6][0xa9][0x1][0x88])[0xc4][0xa8][0xf]NW[\r][0x92][0xf0]Ctlp[0xba]t[0x0][0xc2][0xf][0xd1][0x91][0xc0][0xde]X[0x1d][0xd8][0x95]4[0xa0]n[0xe3]`[0xdb][0x8a]e[0x81][0xb4][0x1d][0x83][0xa6]#[\n]"
05:47:38.420 [main] DEBUG org.apache.http.wire -  << "[0x98]W[0x8a][0xe][0xd6][0xb2][0x1]i[0x7][0xc8] J[0xdb][0x16][0x18]m[0xe9]A[0x1b]~[0x18][0xb3]t[0x98].[0xa5][0xd9][0x80]t[0x84][0x16]M[0xd3]9[0xf2][0x1]Z[0xe0][0xf1]%[0xd8][0x0][0x92]BxbIr[0x6]F7[0xc0]'5[0xb1]$#[0x15][0xe9][0xac][0x12][0xb]#[0xd0][0x1e]tb[0x86][0x97],[0x90]V[0xe1]C[0xc6][0xb2][0xc2][0xf3][0xf3]s[0x88][0x1f][0xc8]22[0x2][0x95]H[0xc4][0xd9][0x84]4[0xe0][0x80][0xd4][0xbb][0x9][0xce][0xcc][0xc9]Vp[0xc6]z[0xb5][0x6][0xe4][0xde][\r]D<[0x1b][0x19][0x81][0xc6][0xb0][0x89][0xb1][0xcc][0x12]iM[0xba][0x1b][0xfc]d[0x19][0x88]y[\n]"
05:47:38.420 [main] DEBUG org.apache.http.wire -  << "[0xce][0xf9]XN[0x11][0xe][0xce][0xcf])-ITH-QH.-[0xc8][0x4]u[0xe9]JR[0x91][0x8e][0x98][0xc1][0xd5][0x11][0xd2]0[0xbb]%[0xf2][0x98][0x17][0x92]7[0x9d][0xf3][0xb][\n]"
05:47:38.420 [main] DEBUG org.apache.http.wire -  << "R[0x8b][0x14][0xbc][0xf3]2[0xd3]@[0x83][0x8e][0xa8][0xe3][0xee][0x10][0x87]!<ja[0x9][0xea]`[0x13][0xe7]QDN[0x19]j[0xad]rK[0xa4][0x15][0xe2][0x90][0xb4][0x7]=[0xfa]' 1[0xaf][0x4]s[\n]"
05:47:38.420 [main] DEBUG org.apache.http.wire -  << "$[0xa8]4)[0x9]9[0x91][0x9b][0x9a][0x81].[0xff]&.[0x90][0x10][0x95]:[0xc4]"x[0x86][0xc2]n[0x15][0xb4][0xcf][0x8f][0x88][0x10]K[0xb][0xd0][0xaa][0xb][0xe2][0xec]B$s[0xe4]a[0x4][0xb8][0x8d][0xde][0xa9][0x95]I[0xf9][0x89]E)[0x84]s[0xb1][0x19][0xf8][0xfc]/[0xa2],EZ[0xef]=[0xe4]R[0x1][0xd2][0xd9][0xdb][0xc1][0xb9][0x89]99HW[0xb2]b-[0x15][0xb0]D[0xe](![0x11][0x17]N[0x88][0xb1][0x6][0xcf][0xbc][0x92][0xd4][0x9c][0x9c][0xcc][0xf4][0xd4][0xbc][0x12][0x5][0xc8][0x8][0xb][0xf6][0xb4][0x0][0x9e][0xaf]@[0xa4][0x4]s[0xb]CS[0xe2]&[0xdc],[0x91][0x16][0x94]{[0xa4]&[0x96]U*[0xb8][0x94][0x96]T"|[0x87]3![0x80][0xe6]-[0x90]-[0x4][\r][0xc5][0x10][0xe7];D[0xfd][0xe][0xbf][0xa0][0xcc]9[0xbf][0xa4]$?[0xf]W[0x81][0xe][0xc9]p[0x8][0xcb]L,A[0x3][0xe9][0xc4]Y[0x86](x[0x90][0x7][0xab]@[0x8e]WpJ[0xcd][0xc3]RMa[0x96]r[0xa0][0xe3][0x94][0x89][0xb3][0xc][0xd1][0xab][0x9](JL.[0xc9]LN[0xcc][0x81]][0xcb][0xe4][0x81][0xa5]4[0x87]N[0xc8] <fj[0xc]ZYL[0x9c]]H[0xfd][0x12]pz[0xc]H[0x4][0x95][0xdc][0xd8][0xab]^[0xf4][0x0]42[0x6][0xad][0x94]%[0xce][0x1e]D[0xa1][0x14]T[\n]"
05:47:38.420 [main] DEBUG org.apache.http.wire -  << "[0x9e][0x1a][0x83][0xd6][0x11]X[0xeb]'[0x88][0x1c][0xc2]C[0x96][0xa6][0xc4][[0x84][0xbd]D[0x82][0x94][0xa7][\n]"
05:47:38.420 [main] DEBUG org.apache.http.wire -  << "[0xd8][0x82][0xf]"[0x85][0xb0][0xcc][0xc8][0x4]th3Q[0xbe][0x2][0x5]3[0xb4][0x83][0x82]t[0x83][0x16]$[0x83]a[0xaf][0xe5][0xd1][0x83][0xd0][0xcc][0x18][0x94]q[0x88][0xb3][0xc][0x91][0x9d]}2[0xd3]3J[0xca]SA[0xa4][0x2][0xc4]D[0xac]>[0xb][0xcf][0xcf]OIE[0x9a]c4[0xb5][0x4][0xad][0x94]%[0xce]2D[0xee][0x1a]re,[0xf2][0x1c][0x4]8M[0xc3][0xe6]?[0x15][0xb0][0x17]z[0x18]e[0xac][0x99][0x85][0xa9]1[0x91][0xc5][0x1e][0xd2]=[0x93][0xf0]R[0x8][0x92][0x85][0xb0]%5[0x8c][0xb6][0xab][0x11][0xf8][0xe0]x[0xe2]b[0x4][0x91]S][0xf3][0xf2][0x8b]r[0xf3]K[0x8b][0x11][0xc5]+v[0x8f][0xa1]g##[0xb][0xd0][0x99][0xbf][0xc4][0xd9][0x86][0xc8][0xaf][0xc8][0x15];n[0xaf][0x81]Z[0xb6][0x88]<D[0xfc][0xf9][0x81][0x96]H[0xcb][0xc4][0x1d][0xcb]S[0x8b][0xf3]sS[0x15][0xa0][0xc5]xpFf[0x11][0xe6][0xfc]2Z[0x15]eaI[0xec][0x81][0x88][0xe0][0xc4][0xf][0xcd][0xad][0x88]ysx[0xda][0xc0]Q[0x10][0x81]*[0x14][0x84][0xbf],,@[0xb]>[0x88][\n]"
05:47:38.420 [main] DEBUG org.apache.http.wire -  << "Ac[0xc4]("[0xc2]6hQ[0xad][0x10][0x90][0x93][0x8][0x9e][0x8e]Gm[0x19][0x83][0xaa][0x13][0x84]][0xc6][0xc6][0xa0]}[0xe0][0xc4][0xd9][0x85]([0x1a][0xa0][0xa5]+$[0xeb][0xe3][0xb0][0x7]#[0xc1][0x9b][0x1b][0x82]F[0x1b][0x88][0xb3][\n]"
05:47:38.420 [main] DEBUG org.apache.http.wire -  << "[0xb1]H[0xc][0x9e][0xc][0xa1][0xc9]Z[0x1][0xeb])[0x96]P/#[0xfc]eaHtS[0x16][0xe9]"@[0x97][0xd2]"[0xd0][0x9c][0x14]"[0xc9]c[0xaf]vA[0x1d]:[0x84]Uf[0xc4][0xaf]<@:[0xb]q[0xc8][0x15]xH[0x93]y[0xc8]5[0x3]<i[0xe3][0xb8][0xb0][0x15]5[0xb9][0x99][0x9a][0x80][0xe6][0xa6][0x88]K[0x3][0x88]:[0x16][0xd9]>x[0xab][0x1f][[0xd1][0x87][0x1a]1[0xa6][0x86][0xa0][0xd3][0xce][0x89][0xb2][0xc]i[0x9e][0x10][0xd9]2h[0x2][0xc7][0xbe][0xb4][0x6][0xbd]J71[0x4][0x9d][0x8d]A[0x9c]u[0x88]l[0x8b]T[0xa5][0x83][0xb][0x1d][0x1c][0xb7][0xef][0x82][0xe5][0x10]i[0xce][0xc8][0x18]tT(qv![0xb2]-[0x92]][0xd0][\n]"
05:47:38.420 [main] DEBUG org.apache.http.wire -  << "[0x1d]{[0xfb][0x1][0x16][0xa7][0x8][0xfb][0x8c][0xc1][0x87][0x84][0x11]g[0x1f]R[0xde]-J[0xcf][0xcf][0xcb][0x7]M[0xf9][0xc2][0xb][0xdb][0xfc]T[0xcc]n(j[0xa9]nn[0x8][0xba][0xe6][0x84]8[0xab][0x10][0xed][0x7][0xe4][0x6]34[0xd6]p$[0x10][0x94][0xc6][0x8a][0x99]%[0xd1][0xe9][0x11]iZ[0x10]~a2[0xa4][0xa6][0xc2][0xde][0x8e]E[0x8f]1[0x13][0xd0][0x8]&q[0xde]B4[0xcd]![0xdd]7h[0xe9][0x86][0xa3][0xa0][0x85][0xca]""[0xcb][0xd2][0x14]t[0xa2][0x1b]qV![0xea]{[0x8c]A[0x1d]l[0xe1][0x7]nu"l23 zT[0x5]y[0xcf][0xb]x[0x4][0xe][0xd2]n [0xd6]O[0xc6][0xa6][0xa0][0x93][0x86][0x89][0xf2][0x13][0xd2][0xbe][0x91]!W[0xc8][0x82][0xc6]D[0xa0][0xad][0x7][0xe8](7[0x8d][0xb6][0x1f]Z[0x82][0x1a][0x9f]P[0x9b][0x90]K<h[0xad][0xad][0x80][0xa3]4[0x87]D[0x1a]"[0x1][0x98][0x9a][0x80][0x6][0xe7][0x88][0x8b][0x16]DfEt8a[0x95]:[0xf6]r[0x8]#e[0x9b][0x98][0x82][0xb6][0x1c][0x10]g[0x1d][0xa2]3[0x8d]4T[0x0][0xaa][0x8d]p[0x8c][0x18]B}[0x8e][0xf0][0x9b][0x91]![0xb1][0xb][0x81]-Ac[0xc3]X[0x2][0x13]\[0x4][0xe0][0xe8][0xf][0xa0][0x16]zFfD7[0xc3][0x90][0xb6][0xa6]@[0x9b]a[0xf0]*18[0x3]k[0xf1]Z[0x92][\n]"
05:47:38.420 [main] DEBUG org.apache.http.wire -  << "[0xbe][0xa4][0x5][0xba]*[0xd3][0xd2][0x14]4[0xb4]E\[0x18]"[0xda][0xe7]P[0xab] [0xf1][0x8f]cp[0x19][0xec]]D[0xf8][0x99][0x18][0x82]f[0xb1][0x88][0xb3][0x8]{][0xf][0x8e]-[0xec][0x95]/[0xb8][0xe4]E[0xb2][0x8b][0xf8]f,([0x5]A[0xe3][\n]"
05:47:38.420 [main] DEBUG org.apache.http.wire -  << "[0xde][0x99][0x82]z[0xb]{[0x7][0x7]#aX[0x18][0x81][0xee][0x18]![0xca]c[0xa0]n[0x3][0xd4]2[0xe4][0xd1]1P;[0x5]G2D+a-[\r]A[0x1d]M[0xe2][0xec]BT[0xf4](9[0x1a]:[0xd6][0x82]u[0x1d]-Z[0x94][0x99][0x9b][0x13][0xef]3DvF[0xca]_[0xd0]f[0x5][0xf6]f3[0x9a][0xd7]Hh[0x9e][0x81]2"4[0x18][0x87]\[0x91][0x8e][0xb9][0x99][0x83]VE:[0xe6]f[0xc][0x9a][0xd9][0x84][0xc8][0xaf]4[0xae][0xa6][0x90][0x16][0xef][0xd0]r[0x82][0xd0][0x12][0xb4]R[0x1d][0x9a][0xc2]hk[0xf]"[0xdb][0xd0][0xd6][0x1e]D[0xc][0xd1][0xd4][0x1e]P[0x11]O[0x8f]p[0x3]MSB[0xed][0x9][0x8]V[0xc0]L[0xd7][0xe9][0x89][0xb9][0xa9][\n]"
05:47:38.420 [main] DEBUG org.apache.http.wire -  << "[0xa6][\n]"
05:47:38.420 [main] DEBUG org.apache.http.wire -  << "[0xc5]%[0x89]H[0x93][0xb6][0xf8]W.!O1[0x82]znP[0xe3]i[0x9c][0xa0]A]R[0xfa][0xd8][0x4][0x1a][0x86][0xa3][0x93]M[0x88][0xee],[0x8d]C[0xf]T=[0xd1][0xc9]O[0x88]n,M[0xfd]db[0x80]<[G[0xcb][0x95][0x80]&[0x6]H[0x9b]!h[0xed]'[0xfa][0x85][0x1e][0xa2]@[0xa5][0xb5][0x9f][0x10]=[\n]"
05:47:38.420 [main] DEBUG org.apache.http.wire -  << "[0xda][0xda][0x4][0x0][0x0][0x0][0xff][0xff]"
05:47:38.420 [main] DEBUG org.apache.http.wire -  << "[\r][\n]"
05:47:38.425 [main] DEBUG org.apache.http.wire -  << "438[\r][\n]"
05:47:38.425 [main] DEBUG org.apache.http.wire -  << "20D[0x1a][0x0][0xa0]q[0x8a]@[0xf4][0xff]3[0x3]2[0xf2][0xf3]R[\r]1[0xaf]:[0x4][0xef][0x8f]LM[0x81]][0x88][0x8a][0xd4][0xe8][0xc6]{29[0xa2]x51@:[0xae][0x89][0xd6]A[0x87][0xa8][0xf7]hl[0x13][0xd2][0xb4][0x1c][0xad]m[0xa2]S[0xf1]jb`[0x84][0xe8]B[0xd0][0xda]Ot+ [0xc8][0xda][0xc2][0x83]H[0xe4]Do53[0x0][\r]P[0xd1][0xa3]n21@[0x1a][0xad][0xce][0xcd][0xcc][0xc9][0xc6]X[0xf7][0x82]p=[0xbe][0xd5][0xec][0xc8][0x19][0x14][0xb4] [0x2][0xea]vj[0x99][0x88][0x88]`[0xba][0x1c]oeb[0x80]t [0x90]g[0x1][0xa8],S04T03QHO[0xc2][0x8] |[0xcb][0xb5][0x89][0x8f]p[0xa4][0xfb]o[0xb0]/lF[0xc4][0x3][0xfe][0x96]([0xf5][0xf6][0xbe][0x9b][0x18] [\r]E[0xd1].[0x14][0xa8][0xe8]`[0xf0][0xb8].4[0xe9][0x5]gW[0xe5][0xe7]+[0x84][0xe7][0xe7][0xa4]%g$[0x82][0x96][0x14][0xa0][0xce]\[0x6][0x97][0x14]%Vfg[0xa6][0x80]f[0x10][0xa0][0x83]Y[0x86]f[0xa0][0xad][0xa3]D[0xc][0x8f][0x98][0x98]"M[0x95][0x6]'[0xe6][0x16][0x97][0xe6][0xa5]+[0x4][0x1b][0x19]+[0x84][0xe6][0x94][0x14]%b$[0x10][0xf7][0xc4][0x9c][0xc4][0x8a]JD[0xfc][0x11][0x99][0x8f]LA[0xc3][0xe1]P[0xcf][0xc][0x9a]$a[\n]"
05:47:38.425 [main] DEBUG org.apache.http.wire -  << "[0x9a]*[0x82]:[0x8a][0xb0][0xcf][0x11]~&%l[0x91][0x1a]a[0x4][0xc3]6#[0xb3]2[0x11][0x14][0xe2][0xd0]($:h[0x11][0x8d][0xa2][0xc1][0x13][0xb4]H[0xfb][0xdf][0x6][0x91][0xa3][0x90]b[0x83][0xa6][0xcd]GS[0xa4]9[0xb1]A[0xe4][0xfd][0xc1][0x98]P[0x90][0xe]b[0x1b]<![0x85]4S6[0x88][0x1c][0x85][0xd4][0xcd][0x2]O[0x14]B[0xc7][0xdf][0xb1].>s[0xad]H-J[0xce],I,[0xc9][0xcc][0xcf]K[0xcd]U[0xc8]ML[0xcf][0xcb]T[0xc8]O[0xc9],QH[0xc9][0xcf][0xc9]/"c[0xb9][0xb9][0x89])R[\r]:xB[0x5][0xe9][0xc8]'[0x9a][0xb6][0xcc][0x8d]-[0xcd][0x11][0xd9][0x87][0xa6]#[0x87][0xa0][0xf5][0x8f][0xd0]Zi[0xc8][0x8d][0xe9][0x83][0xa6][0xf2][0xa1]n[0xa7][0xc9]h$[0xa2][0x0][0xa7][0x89][0xf1][0x88][0x1c]F[0x13][0xe3][0x11]c[\n]"
05:47:38.425 [main] DEBUG org.apache.http.wire -  << "[0xb4]0[0x1e]i[0xcb][0x10][0x8d]s[0x2]h[0x1d][\n]"
05:47:38.425 [main] DEBUG org.apache.http.wire -  << "4[0x96]im[0x13]"[0xcf][0xd1][0xda]&D[0xe4][0xd0][0xda]&[0xc4][0xe4]1[0xad]m[0xa2][0xdb][0x98][0xf][0xd2][0xa1]H4[0xf5][0x93][0x89][0x1][0xd2][0xb5]$[0xb4][0xb6][0x89]nc>H7[0x83][0xd0][0xda]O[0x88][0x2][0x94][0xd6]6![0xca]RZ[0xdb][0x84](#[0x86]X}ib`[0x80](u[0xb0]7[0xa9][0x6]r[0xb][0xb8][0x89][0x1]h[0xc][0x1]Z[0xd0]cw[0x1e][0xa2]SL[0xbf][0x81][0x1c][0xd0]*[0x1d][0xa8][0xa3][0x86]\|[0x83]6[0xd2]@[0xdd]N|[0xae]@[0x4]2[0xf1]Cp[0xa0][0xc5]1[0xf4][0xb1]h[0x8][0xe7]>[0xa4][0xcd][0xf]C.%[0x81][0xf6][0x12][0xd1]%[0x82][0x91][0x87][0x7][0x89][0x1e]4!'[0xc9]"[\r][0x11]Ri[0xa8][0x1d]i|[0x8f]Z&"[0xea]Oj[0x99]HN=IV[0xf0]"2*m[0x8b][0x9e][0xa1][0xbb][0x97][0xc3][0xc4][0x0]i/[0x7][0xbd]&g[0x10][0xad]L[0xea]MK[0x98][0xea](9'[0x96][0xa4][0xa6][0xe7][0x17]e[0xa6][0x16]+YE[0xa3][0xcc]h![0x12]\@[0xb0][0x9][0xc6][0x0]A[0xb1][0x89]BRb[0x11][0xe8][0xd2][0x1d][0xe8]8[0xb4]1[0xb1][0xe7]3[0x9b][0x18] ][0x11]A[0xdb]4f[0x82][0xe8]CQ[0xbf]+mb[0x80][0xbc]&[0x9f][0xe8]2[0xf]i[0xf6][0x85][0xf8]z[0x1a]i[0xf8][0x93][0xf8][0x10]#[0xcf]&[\n]"
05:47:38.426 [main] DEBUG org.apache.http.wire -  << "'[0xcb][0x89][0x9c][0x8e]0@Z[0xa9][0xf][0xdb]5[0x6][0xd9][0x8d][0x8d]c]o`if[0xa2]Bj~[0xb1]B[0x11]d[0xb0]R!/59[0xb5][0xb8][0x18]<v[0x99]TZ[0xac][0x90]V[0x9a][0x9e][0x99]X[0xa2][0x90][0x98][0x97][0x99][0x9b][0x89]4li[0x4][0xea]r[0x12]3[0xbf]e[0x80][0xb4][0xa0][0x9f][0xac] &[0xda][0xe3][0x88][0xb6]<Y[0xf6][0x90][0x90]h[0x10][0xa9][0x1f]i[0xe7][0x12]l8[0x18][0xc7][0xe][0x5][0xd7][\n]"
05:47:38.426 [main] DEBUG org.apache.http.wire -  << "[0x85][0xc2][0xd2][0xc4][0xd4][0xa2]D[0xd0][0xe9][0x91]E[0xe0][0xe0]-F[\n]"
05:47:38.426 [main] DEBUG org.apache.http.wire -  << "ObO[0x1d]110[0xa5][0xdb][0xa8][0x2][0xd2][0x8a]t[0xf8][0xce]"[0xf0][0xc2]l[0x5][0xe7][0xfc][0xdc][0x82][0xd2][0x12][0xf0][0x11][0x1d][0xa8]S[0xa1][0x8e][0xc5][0x5][0xa9]E[0x99][0xf9]E[0xa9][0xc5][0x90][0xb3])[0xf3][0x93][0x93][0x13]S[0x93][0x13]K2[0x15][\n]"
05:47:38.426 [main] DEBUG org.apache.http.wire -  << "K[0xc9]K>[0xc8]+[0xd5]i6{N[0xc5]yc[0x3][0xd0][0x1e]'h[0xcb][0x90][0x96]K[0x97][0xcc][0x10]M![0x9a]Z[0x83][0xa8][0xae]hj[\r]R[0xeb][0x8][0xe9]([0x1d][0xf0]F[0xb][0x1c][0x19][0xca][0xb1][0x14]:[0x99][0x92][0x9a][0xab]P[0x94]Z[0x90][0x9a][0x93][0x93][0x9a][0x97]R[0x8a][0x9c][0xa7][0x88]/[0xa3][0x90]V[0xa8]{[0x6]x[0xf8][0xfb][0xb9]*[0x18][0x9a]*[0x4][0x4][0xf9]cT[0xcf][0x1e][0xae]~[0xee][0x1][0xfe]~[0x88][0x6][0xa0][0x9][0xa8][0x6]![0xaa][0x1c]D:[0x98][0x92]fv [0xad]J[0xa7][0x9d][0x1d][0x88][0x8a][0x8c][0x86][0xf3]0&[0x6][0xe6][0x88][0x85]:[0xb4][0xb5][0x7])[0x85][0xd3][0xee][0xf2][0xc][0x13][0x3][0xd0][0xbe]oX[0xb9]@K{@[0xa7]tA[0xed][0xa1]q=[0x88][0xb4][0xc6][0x9e]f[0xa9][\r][0xb4]5[0x1f][0xea][0x1b][0xda][0xd9][0x81]HiT[0xb1][0x3][0x0][0x0][0x0][0xff][0xff]"
05:47:38.426 [main] DEBUG org.apache.http.wire -  << "[\r][\n]"
05:47:38.426 [main] DEBUG org.apache.http.wire -  << "287[\r][\n]"
05:47:38.426 [main] DEBUG org.apache.http.wire -  << "[0xc2][0xd6][0xec]G:[0x90]o[0xf0][0xc][0xe5]!m^[0xa0]e[0xe1][0xe]:5[0x2][0x1a][0x87][0x83][0xc7][0xef]Hwp[0xe0][0xcc]&[0x88]b[0x9e][0xf8][0xc6]![0xbd]v[0x2][0x98][0x18]X"Z[0x0][0x83](X[0x91]*r[0xa2][0xbb]nd[0x85]3[0xa2][0xb9]?[0x88]|ON[0xdb][0x9c][0xc][0xdf][0x83]{[0xb][0x83]-K[0x19]"[0x9d][0xc4][0x88]3Ka[0xac]p%[0xcb][0xf7][0x88][0x2][0x9b]x[0x8b][0xc8][0xe9][0xb5][0x1b][0x82]v[0x91][0xf][0xbe]p&'[0x8f][0x91][0xe7]}D&[0xa3]U[0xcd]h[0x8]:[0x86][0xe][0x1a][0xc4][0xb4][0x8e]LD[0xee][0xc]([0xca]O)M.Qp,[0xcd][0xc9]LT[0xc0][0xdc][[0x92][0x99][0x97][0x9][0xdb]W[0xa2][0x90][0x8]W[0x3][0x1d][0x91]#rD[0xc2][0x10]i[0xa6][0x8c]>[0xf6]!Z[0xe6]4[0xe]I[0xa4][\r][[0xf4][0xf1][0x19]"[0xc3][0xd3][0xc7]>D[0xd5]J[0x1f][0xfb][0x10]}[0x10][0xfa][0xd8][0x87](A[0x9c][0x8a][0x12][0x93]S[0xb1]]e[0xe5][0x9b][0x98][0x92][0xaa][0x90][0x9f][0xa6][0x90][0x91][0x99][0x9e][0x1][0x1a][0xba][0xca][0xc9],[0xa9]T(HM,[0xca]A.J@[0xbb][0x8d][0x88][0xe9][0xfe][0x1a][0x1a]"[0x8a][0x12][0x97]0[0x17][0x5][0xef][0xcc][0xdc][0xd4][0x92][0xe2]R[0x85][0xbc]|[0x85][0xc8][0xc4][0xcc]$[0xd0][0xba]k[0xd4][0x91]$D[0xbd]`hd[0x80]:[0x4][0x8e]gx[0xdd][0x10]iG[0x17][0xc8][0x1a][0xdf][0xd2][0xf4][0xd4]<[0x85][0x90][0xa2][0xc4]L[0xcc]e[0xfb]xl0[0xc0]=[0x80]o[0x88]t[0x9b][0x12][0x8d]l[0x0][0x85])[0xb4]D[0xa4][0x95][\r][0x88][0x92][0x82]V6 [0xe6]U[0x6]M[0xf3][0xcc][0x10]i[0xfa][0x10]9[\n]"
05:47:38.426 [main] DEBUG org.apache.http.wire -  << "[0x91][0x17][0x7][0x91][0xa3][0x10]C[0xdc]4[0xae]J[0x90][0x16][0x1]`[0xf7][0xfe][0x80].[0xc1]1D[0x9a]~[0xc7][0xee]<D)B[0xb7]%8[0x86]HS[0xf5][0xd8][0x1d]5[0xc0]a[0x86][0xa8]=[0xb1];o@[0xc2][0xc]Q[0xc5][0xa6]'[0xe6]f[0xe6]a^[0xb1][0x95][0x96]_[0xa4][0x0][0x91]R((-*[0xc8]/[0x6][0x1f][0x9][0x7]m[0xf3][0x11]=[0x0]`h[0x8c][0xc8][0xcf]4[0xce]:H3[0xfd][\n]"
05:47:38.426 [main] DEBUG org.apache.http.wire -  << "[0x18]#[0xd5][0x18][0x1d]-[0xe4]Z[0x9b][0xd8][\r][0xd2][0x86]H[0x13][0xf2]dy[0x86][0xd8][0xa6][0xb2]1[0xa2]iN[0x96]=[0xc4]G[0xf][0xd2][0x1e]UZ[0xdb][0x84][0xa8]dim[0x13][0xa2][0xb2][0xa5][0xb5]M[0x88]\Dk[0x9b][0xe8]V[0x3]![0xed]6"[0xec]'[0xf0][0xa1][0x3]Dg%*[0xce]+[0x1a]"M[0xec][0x13]v&[0xec][0xbe]PDIK|[0xe][0xa1]t[0xc2][0x9e][0x4][0x9b][0xe8]VT[0xd2]m[0xd2][0xdc][0x10]i[0xd2][0x9c][0xf8]h":A![0xad]$2D[0x9a][0x19][0x87][0xda][0x84]e9QNb[0xa5]ByfI[0x86]BVjq1[0xa8][0xb7][0x5]N[0xc0][0x88]d[0x81][0xbf][0xd1][0x82]b[0x1d][0xa2][0x90][0x81][0xd4][0x92][0x18]U[0xe][0x95]*P[0xa4][0x9][0xf4][0xa1][0xb6],[0xd4][0xd0][0x8c][0x94][0xf2][0x11][0x1c][0x15]DG=5[0xcb][0x12][0xa4]s[0xeb][0xa0]I[0x7][0xf3][0xe4]*x[0x3]b[0x0][0x9d][0x89][0x18]3[0xc0][0xde][0x90][0x1c][0xd8]v.[0xd2][0x8c]>4[0x14][0x89][0xce][0x80]H[0xb1]N|"
05:47:38.426 [main] DEBUG org.apache.http.wire -  << "[\r][\n]"
05:47:38.426 [main] DEBUG org.apache.http.wire -  << "41D[\r][\n]"
05:47:38.426 [main] DEBUG org.apache.http.wire -  << "[0xe]D[0x9a][0xdd][0xc7][0x1e][0x1c][0xc4]fkj&%s[0x8c]V[0xe][0xd1][0x81]@[0xac]s[0x91]K![0xa4][0xf3][0xf0][0x86]\[0xe1][0x80][0xb4][0xa2][0x1][0x9a]^[0x6]e[0xae][0xc3][0xbc][0x97][0x93][0xb6]1:4[0x8a]L[0xa4][0xed][0xc7]C/[0xe1]![0xca][0xd1]A[0x9d][0xf0]Hi[0xf2][0xf]\[0xad]d[0x8e][0xe8][0xab][0xe][0xb9][0x94]@[0xd2][0xe2][0xa0][0x81][0xb]b[0xa4][0x95]E[0x83]9[0xc1]"-N[0x1a]z)[0x1]1[0xa5]F[0xb3][0xa9]][0xb][0xc4]@ 4[0x1a]1[0xef][0xf6][0x84]73a]V[0xa2][0x9b]F[0xd4]l[0xc5]X`TB[0x98].E4W[0xf0][0x8d]jQ[0xd5]U[0x88][0xfe][0xb1]G[0x81]BXfY[0xbe]B[0xa4][0x91][0x11]F[0xbf]+7573'3;S[0xa1][0xb8] [0xb5]83-3;[0xb1]8S[0xa1]21/]![0xb1] [0x13]t[\n]"
05:47:38.426 [main] DEBUG org.apache.http.wire -  << "[0x1b]t[0xc][0xd3][0x18]4[0x8f]F[0xec][0xba]}C[0xa4]U[[0xd0][0xc8][0xa3]i3[0x0][0xf3][0xa4][[0xda]Z[0x87]([0xc4][0xa1][0xbe][0xc3][0xd3][0x16][0xc3][0x92]4[0x89][0x1f][0xe4] [0xfa][0xb8][|[0xdd]tc[0xa2]Gl[0x89]Y[0xd7][0x86]/[0xcf][0x91][0xe0]1[0xc4][0x80][0x0][0xe1] [0x1c][0xb8][0xba][0x4]t[0x81][0x1]t6[0x15][0xbf]3[0xa9][0x14][0xfe][0x18]e[0x1e][0x9e][0x84]5[0x80][0xa1][0x82]Q[0xe0][0xe1]p&[0x95]B[0x5]Q[0x92][0xe1][0x8f][0x84][0x8c][0xc4]b[0x85][0x1][0xc][0x95][0xa1][0xd1]PF[0xba][0xc9][0x19][0xfb]@[0xc0][0x80][0x8e][0x8b][0x80][0xb7]]@s[0xdc][0xa0]t[0x1e][0xa2][0xdc][0xc2][0xee]<DE[0x8f]l[0x86][0x8a]U[0xbd][0x11][0xd2][0x19]$[0xd8][0x1d]5[0xc0]Q[0x8a](.[0xb0];o@[0xc2]lH[0x14]*FH[0x87][0x8c][0xc][0xe2][0xb2][0xcf][0x8]i[0x1d]&[0xf6]([0x1e][0xd8][0x14][0x88][0xb4][0x98][0x12]r[0xf9][0x18]d'"[0xb6][0xcb][0xc0][0x9c]r[0x12][0xf3]R2K23[0x8b][0x15][0x92]Ks[\n]"
05:47:38.426 [main] DEBUG org.apache.http.wire -  << "[0x12][0x15]R[0xf3]2sA[0x1b]Y[0x13][0x91]6\[0x82]N[0xe5]%f[0xe1][0x9a][0x11][0xd2]1[0xf8][0x83]2\[0x10][0xfd]8[0xda],[0xe5]22D[0xb4]h[0x6]e[0x0][0x10][[\n]"
05:47:38.427 [main] DEBUG org.apache.http.wire -  << "P[0xa5]%c[0x84][0xb6][0x8e][0x91][0xfa][0xb][0xc][0x8d][0x90][0x96]0[0xe][0xe6][0xf2][0x2]i[0x1d]$~gR'[0xdc][0x91][0x16]E[0xd2][0xc5]:[0xc4][0xb4][0x86]/h1xp~r2[0x96][0xfd][0xce][0xc9][0xf9]I[0x89][\n]"
05:47:38.427 [main] DEBUG org.apache.http.wire -  << "[0xc9]E[0xa9][0x89]%[0xa9][0xb0][0xf5][0xe2][0x88][0x9a][0xd0][0x98][0xd8][0xbe][0xb6][0x11][0xd2][0xf9][0xf6]T[0xb2][0xcd][0x10][0xf7][\n]"
05:47:38.427 [main] DEBUG org.apache.http.wire -  << "V##D[0x91]A[0x83][0xd3][0x1b][0x8c][0x90]VY[0x92][0x1a]SD[0x8f][0xfd] M[0x9][0x19]a[0x9e][0xb5][0x84]9v[0x83][0xaf][0xc7]K[0xbf]F[0x1e][0xd2]}[0xd9][0xd0][0x90][0xc1]t)"[0xf9][0xd0]i[0x94][0xc9][0x88][0xe8][0x8b][0x8][0xa8][0x94][0x91][0x11][0xa3][0xfc][0x83][0xb1]:![0xfa]`'[0xea][0x84][0x6][0xd2][0xfa]R[0x1a]U[0xdf]H[0x8b]Eie[0x3][0xa2]<[0x19][0x94]1J[0xa8][0xef]2[0xb0][\r][[0xa4]U[0x9c][0xd4]>[0x10][0xc8][0x8]i[0xf9]&[0xf5][0xcd]&e[0x4]u[0xc0][0x86]t[0x8c][0xe8][0xb6][0xde][0xd3][0x8][0xe9][0xae][0x12]h[0xe9]n[0xaa][0x10][0x9c][0x93][0x99][0x8b]1^[0x8f][0xaf]2"z[0xf8][0xd5][0x8]tA[0xf4] [0x1e]e1A[0xf4][0x1a]`[0xa1][0x81]= [0xa8]S[0x8e][0x9a][0x12][0xca][0xe4][0x88]z[0x95]~[0xf5]=[0xe6][\n]"
05:47:38.427 [main] DEBUG org.apache.http.wire -  << "=[0x1c][0x83][0xac][0xa0]QOJ&[0x19][0x8c][0x90][0xd6][0xcc][0xd1]#[0xb4][0x91][0xe][0x9f][0x19][0x8c]%>[0xd2]1[0xe8])[0xa9][0xc5][0xc9]E[0x99][0x5][0xa0]s[0xf8]1[0x92][0x1f]"I[0xe0]kj!75[0x91]&4[0xa9]l0"[0xf9][0xd2][0xa8][0x92]F:[0xeb][0x81][0xca]NG[0x8c][0x99][0xf][0xca][0xb4][0x80][0xa8][0xa6][0xb0];[0xf][0x91][\n]"
05:47:38.427 [main] DEBUG org.apache.http.wire -  << "[0xe8]W0 [0xcd][0x9]bw[0xd4][0xc0]6I[0x90][0xce][0xb0][0xc0][0xee][0xbc][0x1][0x9]3D+[0x13][0x11]Gqaj[0x89][0xa8][0xba][0xb0]{[0x80]c[0x7]1[0xe0][0x85][0xdd]y[0x3][0x12];[0x88]^[0x1d][0xad]c[0x87]P[0x86][0x1e][0xd0][0xd8]1F: [0xd0][0xc4][0x8e]1[0xd2][0xc9][0x1c][0xb4][0xa9]^[0x8c][0x9][0x1e][0x94]1[0xc0][0xb1][0x82]H[0x9e][0xb4][\n]"
05:47:38.427 [main] DEBUG org.apache.http.wire -  << "[0x0]D[0xb2][0xa4][0x91][\r]H3 [0xb4][0xb2][0x1]1[0xe8]I[0x83][0x81]Ac[0xa4]S#[0xb0]g[0x8d][0x81]M#[0x83]{[0x9e][0xc3][0x18][0xe9][0xf2]][0xec][0xa1]7[0x0][0xc5][0xbe]1[0x96][0xb9][\n]"
05:47:38.427 [main] DEBUG org.apache.http.wire -  << "[0x1a][0xf6]y[0x8d][0x91][0xe6][0x1c][0xb0][0x87][0xc1][0xc0][0xa6] #D[0xfe][0xc1][0xee][0xbc][0x81][0x88]"[0xa4][0xb9][0x5][0x1a][0x15][0x1b]H[0xf3][0x9][0x1e][0xa9][0x89]e[0x95][\n]"
05:47:38.427 [main] DEBUG org.apache.http.wire -  << ".[0xa5]%[0x95][\n]"
05:47:38.427 [main] DEBUG org.apache.http.wire -  << "[0xd0]S[0x87][0x3]r[0x12]KR1[0xba]^[0x8e][0xa5]%[0xa9][0xb9][0xe8]G[\r][0x17][0xa5][0x16][0x95][0xe6]"M[0xd1][0x82]O[0xb9]"f[0x8e][0xd6][0x18]i[0xca][0xc1][0xb1]<[0xb5]8?7U! [0xb1] [0xb5]H[0xc1]9?[0xb1][0x4][0xc3]r[0xd7][0xfc]b[0x85][0xcc][0x82][0xe2][0xd2]\[0x85][0xcc][0x92][0xc4][0xc2][0xd2]T[0x85][0x9c][0xc4][0xa4][0xfc][0xa2][0xcc][0xfc][0xe2][0xc4]\[0x85]T[0xb0]@j[0x9]h[0xba]8[0xb3][0x84][0x1c][0xc7][0x98][0x1a]#[0xfa]r[0xf8]S[0x1][0x0][0x0][0x0][0xff][0xff]"
05:47:38.427 [main] DEBUG org.apache.http.wire -  << "[\r][\n]"
05:47:38.427 [main] DEBUG org.apache.http.wire -  << "115[\r][\n]"
05:47:38.427 [main] DEBUG org.apache.http.wire -  << "R[0xb2][0xa2][[0x8f][0xc3][0x14]i[0x94][0x91][0xb6][0xed]3S[0xa4]1[0xc7]A[0xe4]}D[0xed]<x[0x1c][0x85]449[0x88][0x1c]5[0x8][0xcb]0S[0x82]c[0x9d][0x3]P[0xb0][0x9a]"[0x9d][0xb6]?[0x88][0xa2][0xf][0xd1][0xd0][0x1d]D[0x8e][0x1a][0x8c][0xb9][0xf]i?[0xfd][0xe0][0x9])[0xa4][0xab][0xbb][0x1d]S[0x8b][0xf2]S*[0xf3][0x12]s3[0x93][0x15] k[0x9d][0x9c][0xf2]KJr0[0xeb]RP[\r][0x99][0x9f][0x97][\n]"
05:47:38.427 [main] DEBUG org.apache.http.wire -  << "Y[0xe5][0x4]^[0xea][0x94][0x97][0x99][0x91][0x99][0xa3][0x90][0x9c]_TTZP[0x92][0x9][0xb9]r4[0xb5]X!7[0x11]r2{*y[0xf5][0x9a])"i[0xd1][0xb6][\n]"
05:47:38.427 [main] DEBUG org.apache.http.wire -  << "1"x}[0xef][0x80]6[0xf3][0x8c][0x8]f[0xfc][0x1]v[0x1e][0xa1][0xdc]6[0xb0][0xce]C:n[0x3]{[0xbe][0x1b]`[0xe7]![0x86][0x19][0x7][0xa5][0xf3][0x10][0x83][0xf8]3![0x95][0xa6][0xd5][0x6][0xf7][0xe0]>[0xd2][0xb1][0x1e][0xd8]#k[0x0][0xda][0x5]Ft;[0x1][0xc4][0x8][0xe9][0x18][0x7][0xdf][0xfc][0xd2]b[0xcc][0xaa][0x1][0xdf]L3[0xb1]s^f[0x88]$@CK[0x10]u[0xb]m:[0xa9]F[0x98][0x87]5[0xe0][0x98][0x8b][0xa5]N[0xc6]A:[0xab][0x81][0xba][0xd3]mH[0xe7]-P[0xd9]`B[0xdb]"[0x6][0xb6]\F:[0x95]`[0xf0]dusDW[0x9f][0x82]d[0xb][0x0][0x0][0x0][0xff][0xff]"
05:47:38.427 [main] DEBUG org.apache.http.wire -  << "[\r][\n]"
05:47:38.427 [main] DEBUG org.apache.http.wire -  << "363[\r][\n]"
05:47:38.427 [main] DEBUG org.apache.http.wire -  << "[0xc2]s[0xda][0xa8][0x11][0xd2][0xb1][0x3][0xd8][0xbd]=[0xc0][0xb1][0x82][0xc8][0xb7][0xd8][0x9d]7[0x10][0x5]0[0xd2][0x6]}[0x1a][0xc5][\n]"
05:47:38.427 [main] DEBUG org.apache.http.wire -  << "[0xe6]6z[0xcc][0x85][0x9c][0xf8][0xca]^#KK[0xd4]#m[0xf1]%[0x1][0xa4][0xcd][0xf0][0xb4][0xf2][0xe]"[0xeb]C[0x1b][0x15]4[0xf4][0x8e]%[0xa2]>[0x81]Z[0x86][0xa3] [0xa6]t[0x1e][0xd7][0x18]iO[0x15]m[0x2][0xce][0xd8][0x0][0xd1][0x1a][0xc3][0x9e][0xfc][0x7]4w[0x1a][0xd3]|[0xaf][0x82]1[0xd2][0xda]k[0x1a][0x5]1[0xd2][0x9a][0xe9][0xc1][0x18][0xc4]F[0x83][0xb0][0x0]4[0x1e][0xdc]g[0xea][0x1a]#[0xad]y[0xc6][0x1e][0xa5][0x3]Pi[0x18]#-[0x93][0xa6][0xd5]y[0x18][0xc6]H[0x17][0xe2][0xd2][0xce][0xe][0xc4][0xe2][0x15]X[0xf1]J[0xcb][0x19]9[0xa4][0xc9][0xe][0xa4][0xbb][0x10]}2[0xf3]R[0xf3]p\8[0x19][0x96][0x9f]SZP[0x92]X[0xac]P[0x96][0x9a][0x97][0x99][0x98][0xab][0x90][0x98][0x93]YX[0x9a][0x99][0x82]s[0xaa][0xc5][0x4][0xf7]N[0x16]c[0xa4][0xb3]v][0xf3][0xf2][0x8b]r[0xf3]K[0x8b][0x15]|[0x13][0x8b][0x92]rRqX[0xee][0x99][0xa2]P[0x6][0xb1][0xbf]$[0x13]t[0xbb]eYfIb[0xaa]BqiqrfA&[0xec]>[0xb9]b[0x85][0xc4]$[0x85][0x9c][0xcc][0xa4][0xd4][0xa2]|[0x9c][0xae][0xc2]Sa[0x1b]#[0xcd][0xb5]x[0xe6][0x95][0xa4][0xe6][0xe4]d[0xa6][0xa7][0xe6][0x95]([0xb8][0x17]%[0xe6]e[0x96][0xa4]*[0xe0][0x18][0xc6][0xb],[0xcd]T(.[0xcd]+Q[0xc8][0xcd][0xcf]I-.[0xc9]LL[0x85][0xb3][0x8a]q\pG[0xfc][0x4][0x19][0xc1]I[0x99][0x81][0xad][0xa8][0x90]fB[0xdc][0x12][0xf3]J[0x12][0x8b]K2[0x93][0x15][0x9c][0xf3][0xf3][0x92][0x8b]RKpEe[0x10][0xe2][0xce]?[0x85]TPZJ-Q(,[0xcd]O[0x1][0xdd]4[0x99][0x8][0x1d][0xf3][0xcc][0x5][0xcd][0xee]%[0xa6]d[0x16]d[0x16]'#_?[0x89][0x1a]px[0xee][0x13]0FZ[0xd4][0x8d][0xbd][0xac][0x1a][0xe0][0x80]C[0x8c]V[0xc1]&>[0xa1][0xf3][0xae][0xde]y[0x99]i[0x98][0x3][0x2]N[0xa9][0x89][0xa0][0x4][0xf][0xcd]s[\n]"
05:47:38.427 [main] DEBUG org.apache.http.wire -  << "x[0xb2][0x1d][0xbe][0x4][0x8e][0xb4][0xb6]{P[0x6][\n]"
05:47:38.427 [main] DEBUG org.apache.http.wire -  << "[0xa2]UF[0xa3]F[0xc9][0xe0][0x1e][0x1]6F[0xba]?y0[0xc6][0xcf][0xe0][0x1e][0x1]6F:[0xff][0xd8]'3=[0xa3][0xa4]<[0x15]D*[0x84][0xe7][0xe7][0xe7](8g$f[0x16]a,([0xf0][0x1][0xad][0x1f]H[0x85][0xd7],[0xa9][0xc5][\n]"
05:47:38.427 [main] DEBUG org.apache.http.wire -  << "I[0xf0]-[0xe8]H5[0x8][0xa8]Y[0x6][0x9a][0xac][0xc9]K[0xc7][0xdf][0xe9]7F[0x9a][0x5][0xc2][0x1e][0x3][0xd1]@2[0xa5]y[0xae]2E[0xf4][0xc]s[0x13]3[0xf3][0x12][0xf3][0x14][0x12][0xf3][0x12]A[0xe7]W[0xa1][0xde][0xc]S\[0x92][0x9a]Z[0x94][0x99][0x97][0xae]P[0x9e][0x91][0x9a][0x9a][0x83][0x8][\n]"
05:47:38.427 [main] DEBUG org.apache.http.wire -  << "[0xa2][0xb7][0xce][0x18]#[0xcd]da[0xf][0xdf][0x81]-[0xd4][0x91][0x6][0x90][0xb1];[0xf][0xe1]g[0xba]- 1F[0xda][0xcb]B[0xa3]B[0xd5][0xc]1[\n]"
05:47:38.428 [main] DEBUG org.apache.http.wire -  << "A+[0x1b][0x10][0xb5]%5[0xaf]=[0xc2][0xb3][0xd7][0xda][0x18]i[0xa7]Lqiq[0xa9]BviJ[0xa2]BNf"f![0x2][0x96][0x86]&x[0xe8][0x81]m[0x96]([0xa7]~[0xe1]k[0xa6] [0x9d];M[0xdb][0xac][0x83]4[0xe5][0x0][0xed]^[0x98]a[0x14][0x87][0xf0][0x91]/[0xf4]][0x86][0xc4]gQ[0xa4]Y[0x7]Z%[0x6]D[0xcf][0x1d][0x1c][0xf4][0x14][0xc4][0xc][0xbe][0xb6][0x12][0xd2][0xbc][0x3]5[0xd3][0x1c]>+[0x91][0xe6][0x1e][0xa0]qD[0xab][0x11]6[0xa4][0xd3][0x98]i[0x14]KHg&[0xd3]2[0x96][0x90]f[0x17]hj[\r][0xad][0xe7][0xb][0x8c][0x91][0xe6][0xb]@e[0x89]Bbe"[0xe6][0x6]T[0xb0][0x17]A[0xd2][0x88][0x8a][0x4][0xb5][0xa8][0xc1][0x9b][0xba][0x10][0xb5]4[0xad]S[0x17]"[0x87][0xd2]*u![0x96]J[0xd0][0xd8]/H[0x83][0xf8][0xb4][0xb6][0x9]Q[0xc9][0xd1]([0xd4][0x90]vA[0xd2][0xda]/[0x88]6'[0xf6][0x96][0xd0][0xc0]6[0xd4][0x90][0xce],[0xc5][0xee]<D[0xfe][0xa2]_C[0xcd][0x2][0x91][0xa6]i[0x14][0xff]H[0xbb][0x17]ie[0x3]b[0x11]*[0xbd]*M[0x82]{[0x1e][0x7]6[0xa9][0x11][0xdc][0x93][0x88]+[0xa9][0x19][0xa3][\r][0x9f]R[0xf1][0xd0]BcK[0x9a]Wg[0x96][0x88][0x2][0x80]VI[\r]Q[0x9d][0xd1][0xca][0x6]R[0xab]1[0x0][0x0][0x0][0x0][0xff][0xff]"
05:47:38.428 [main] DEBUG org.apache.http.wire -  << "[\r][\n]"
05:47:38.428 [main] DEBUG org.apache.http.wire -  << "36B[\r][\n]"
05:47:38.428 [main] DEBUG org.apache.http.wire -  << "[0x2][0xed][0xc][0xc0][0xb8][0xf4][0x14]_[0x95][0xc][0xea]&@[0x8f][0x82][0xa0][0x8d][0x1f]L@'YAm[0xa0]m[0x91]o[0x82][0xb4][0x12]i3[0x9]tP[0x1f][0xfb][0xf0][0x8b]kfi[0xb1]BAjQqAfrfbIf1h[0x8][0x18]i[0xdc][0x5][0x94]L[0x89][0x19]w1[0xa1][0xf9]6I[0x13][0x9a]OI[0x9b] m[0xc4]t[0xcf]/JO[0x5]M[0x89][0x84][0xe7][0xe7][0xa7][0xa4][0xe6])8c[0xe9]u[0xfa][0xa7]d[0x96] V[\n]"
05:47:38.428 [main] DEBUG org.apache.http.wire -  << "[0xc3][0xe6]FR[0x91][0xb7][0xe1][0x80][0x16][0xd9][0x11][0x17]|[0xb4].[0xe]L[0x90][0xe6][0xdb]i[0x9d][0xc]i[0x9d]iM[0xc][0x10][0xf5]4~[0xbf]PeA[0x9a][0x9][0xcd]w[0x8f][0x9a] [0x1d][0x94]I[0xa3]R[0x8]i[0x3])[0xad]l@4[0x9e][0xe9][0x12])[0x88]T[0x86][0xbd][0x1]9[0xa0][0x8d][0xe][0x13][0xa4]3[0x17][0xb1];[0xf]W[0xa3][0x3][0xbd][0xb2][0xa2]b[0xa3][0xc3]d0n[0xb2]4[0xc5][0x1c][0x16][0xa3][0xd1][0x90][0x8b])[0x96][0xc1][0x1d][0x1a][0xce][0xef][0x9b]"[0x8d][0xf0][0x4]8+[0xb8];[0xfa]z[0xfa][0xb9]c[0xc][0xf8][0x5][0x7][0xb8]z+xx[0xba]{ [0xd2][0x83]%[0xa8][0xc5]@L[0xad]a[0x8a][0xb4][0x96]. 1'[0xd1]'[0xdf][0x7][0xf3]2x[0x9c]#[0x8a]F[0x96][0x96][0xa0]E[0x15][0xc4]Y[0x84][0x18]_[0xa6][0xb1]E[0x88]%[0x18]t[0xea][0xbd][0x98]"[0xdd]_Bc[0xbf]![0x9a][0xcb]t[0xf2][0x9b][0x9][0xd2][0xbe]|[0xfc]e2[0xa5][0xb][0x6]M[0xc][0x11][\r][0x18][0xec][0xe5][0xdd][0xc0][0x16][0xc7]H[0xcb][0xf9][0xb0];[0xf][0x91][0xfd][0xe8]6[0xdc]`[0x82][0xb4][0xf9][0x9b]Fu2[0xd2][0xe6]n[0x1a][0xc7]?[0xd2]jFZ[0xdb][0x84][0xe8][0xd7][0xe2][0xb7][0x89]:[0x8d]?[0xa4]#^i[0x15]I[0x88][0x96][0xc]~[0xf]Q[0x9c]IA[0xb3][0xe8][0xd0][0xae]([0x8d][0xfc]B[0xf4][0x11][0xb0][0x14][0xfb][0x5]i%$[0x8d]C[\r]iy#[0xcc]&[0x1a]6[0x1b]L@[0x95]2[0x8d]#[0x9]Q[0xc9][0xc2]<[0x84][0xd1].[0x81]7[0x1b](9[[0xd1][0x4]i[0x89]#[0xf6]bw`k[0x5][0xa4][0xd5][0x86][0x83][0xd2]y[0x88]n.v[0xe7][\r]D[0xa5][0x85][0xb4][0xde][0x90]Fe[0x8][0xd2][0xba]Ah[0xf2]$mK[0x5][0xfd]*p[0xa4][0xb3][0x15]p[0xba][0x14][0x11]G[0xf8]v[\r]R[0xb3][0x97]g[0x82][0xe8][0x88]cO6[0x3][0x9b][0xe9][0x90]v[0xa8][0xd3][0xe0][0xa4],[0x13][0xd0][0xe5]$[0xb4]->[0x7][0xf7][\n]"
05:47:38.428 [main] DEBUG org.apache.http.wire -  << "F[0x13][0x82]+[0x18][0x11])[0x92]~9[0xc5][0xd4]@G[0x9][0x1a]+8s[\n]"
05:47:38.428 [main] DEBUG org.apache.http.wire -  << "[0xbe]*[0x87][0x8e].E[0xcc][0x9f][0xe1]t)"[0x4][0xe9][0x95][0xa7][0x91]N[0xdc]p+-[0xca][0xcb],)-JU[0x8][0xc9]/[0xc0][0xa8][0xb7][0x11][0xb2])[0x89]E[0x99][\n]"
05:47:38.428 [main] DEBUG org.apache.http.wire -  << "^[0xa9][0x5][0x89]E[0xa0]A[0x1][0xd8][0xdc][0x8](u[0x10][0xd3][0xe5]7AZHI[0xa3]r[0x1e][0xe9][0xdc]iZ[0xd9][0x80][0xd1]U[0xa0][0xa4]&[0xa1][0xe1]t[0xa0][0x89])bl`0[0xa5]:D[0xcf][0x4][0x91][0xae]h[0x9a][0xea][0x90][0xd6]oRu[0x8b][0xb6][0x9][0xd2][0x1a]Lh[0x0][0xd3]h[0x94][0xd1][0x84][0xe8][0xf3][0xc4])[0xee][0x2]!-[0x90][0xa4][0xb5][0x9f][0x6][0xf7][0xe8][0xe][0xd2][0x8a]Gj[0xdf][0xd5]`b[0x86][0xc8][0x3][0x83][0xb1]5[0x85]4[0xa6]=([0x9d][0x87][0x18]8[0x1e][0x94][0xce]C[0xf4][0x84][0xb1];[0xf]Q[0xd3][0xd3][0xaf][0x5][0x82][0xb4][0xe][0x91][0x16][\r]dsDU[0x83][0xdd][0xcf][0x3][0xdb]=@:[0x81][0x0][0xbb][0xf3][0x6]"J[0x90]&Z[0xe0][0x9b]%![0x9b]Z[0xb0][0x1d][0x92][0xe9][0x98][0x9c]\Z[0x9c][0x98]W[0x92]Y[0x9a][0xab][0x90][0xf][0xba]?[0x1][0xba][0xa5][0xae][0x18]ia[0x5][0xea]6:[0xf4]I?[0xa4][0x8b][0x13]L[0x91]N-[0x9][0xae][0xcc]K-J[0xcf][0x4]o[0xf1][0x83].L[0x8][0xce][0xc8]O[0x5]][0xfd][0x85][0xba][0xcf][0xc3][0x15][0xbc][0x9f][0xf][0xb4][0xa7][0x8f]L;[0x11][0xf9][0x82][0xb6]5[0x8b])[0xd2]1 [0xb4][0xb6][0x9][0xd1][0x18][0xc]([0xca]O)M.Qp,[0xcd][0xc9]LT0[0xc6]hD[0x83]n[0xad]+[0x80][0xaa]I[0x84][0xab][0x81]6[0xa1][0xf1]5[0xf9]Q[0xe2][\r][0x91][0xcf][0xe8]c[0x1f][0xa2][0xa2][0xa2][0x8f]}[0x88][0xd1])[0x1a][0xda][0x17][[0xcb][0x5][0x0][0x0][0x0][0xff][0xff]"
05:47:38.428 [main] DEBUG org.apache.http.wire -  << "[\r][\n]"
05:47:38.428 [main] DEBUG org.apache.http.wire -  << "A[\r][\n]"
05:47:38.428 [main] DEBUG org.apache.http.wire -  << "[0x3][0x0]L[0xb3][0xf9][0x85]q[0xbb][0x1][0x0]"
05:47:38.428 [main] DEBUG org.apache.http.wire -  << "[\r][\n]"
05:47:38.428 [main] DEBUG org.apache.http.wire -  << "0[\r][\n]"
05:47:38.428 [main] DEBUG org.apache.http.wire -  << "[\r][\n]"
05:47:38.428 [main] DEBUG io.restassured.internal.RestAssuredHttpBuilder - Parsed data to instance of: class org.apache.http.conn.EofSensorInputStream
05:47:38.431 [main] DEBUG org.apache.http.impl.conn.BasicClientConnectionManager - Releasing connection org.apache.http.impl.conn.ManagedClientConnectionImpl@16433d56
05:47:38.431 [main] DEBUG org.apache.http.impl.conn.BasicClientConnectionManager - Connection can be kept alive indefinitely
05:47:38.486 [main] DEBUG net.thucydides.core.steps.StepInterceptor - STEP DONE: I send HTTP GET request
  &amp#27;[32mWhen &amp#27;[0m&amp#27;[32mI send GET HTTP request&amp#27;[0m                             &amp#27;[90m# starter.stepdefinitions.UserSteps.iSendGETHTTPRequest()&amp#27;[0m
05:47:38.496 [main] DEBUG net.thucydides.core.steps.StepInterceptor - STARTING STEP: UserSteps.iReceiveValidHTTPResponseCode404 - I receive valids HTTP response code 404
05:47:38.497 [main] DEBUG net.thucydides.core.steps.StepInterceptor - STEP DONE: I receive valids HTTP response code 404
  &amp#27;[32mThen &amp#27;[0m&amp#27;[32mI receive valid HTTP response code 404&amp#27;[0m              &amp#27;[90m# starter.stepdefinitions.UserSteps.iReceiveValidHTTPResponseCode404()&amp#27;[0m
05:47:38.503 [main] INFO  - 
  _____   ___   ___   _____     ___     _     ___   ___   ___   ___  
 |_   _| | __| / __| |_   _|   | _ \   /_\   / __| / __| | __| |   \ 
   | |   | _|  \__ \   | |     |  _/  / _ \  \__ \ \__ \ | _|  | |) |
   |_|   |___| |___/   |_|     |_|   /_/ \_\ |___/ |___/ |___| |___/ 

GET - As admin I cannot get user information
----------------------------------------------------------------------
]]></system-out>
  </testcase>
  <testcase name="POST - As admin I have be able to create register" classname="User" time="1.173">
    <system-out><![CDATA[
@TC-0025
Scenario: POST - As admin I have be able to create register     &amp#27;[90m# src/test/resources/api/user.feature:194&amp#27;[0m
05:47:38.525 [main] INFO io.cucumber.core.plugin.SerenityReporter - Running feature from file:///C:/Users/Lenovo/IdeaProjects/MiniProject/MiniprojectApi/src/test/resources/api/user.feature
05:47:38.525 [main] WARN io.cucumber.core.plugin.SerenityReporter - Feature from file:///C:/Users/Lenovo/IdeaProjects/MiniProject/MiniprojectApi/src/test/resources/api/user.feature is not under the 'features' directory. Requirements report will not be correctly generated!
05:47:38.530 [main] INFO  - 
  _____   ___   ___   _____     ___   _____     _     ___   _____   ___   ___  
 |_   _| | __| / __| |_   _|   / __| |_   _|   /_\   | _ \ |_   _| | __| |   \ 
   | |   | _|  \__ \   | |     \__ \   | |    / _ \  |   /   | |   | _|  | |) |
   |_|   |___| |___/   |_|     |___/   |_|   /_/ \_\ |_|_\   |_|   |___| |___/ 

POST - As admin I have be able to create register(user;post---as-admin-i-have-be-able-to-create-register)
--------------------------------------------------------------------------------
05:47:38.683 [main] DEBUG net.thucydides.core.steps.StepInterceptor - STARTING STEP: UserSteps.iSetPOSTApiEndpointsLogin - I set POST api endpoints login
05:47:38.683 [main] DEBUG net.thucydides.core.steps.StepInterceptor - STEP DONE: I set POST api endpoints login
  &amp#27;[32mGiven &amp#27;[0m&amp#27;[32mI set POST api endpoints login&amp#27;[0m                          &amp#27;[90m# starter.stepdefinitions.UserSteps.iSetPOSTApiEndpointsLogin()&amp#27;[0m
05:47:38.691 [main] DEBUG net.thucydides.core.steps.StepInterceptor - STARTING STEP: UserSteps.iSendPOSTHTTPRequestLogin - I send POST HTTP request login
05:47:38.694 [main] DEBUG net.thucydides.core.steps.StepInterceptor - STARTING STEP: PostLogin.iSendPOSTHTTPRequestLogin - I set POST api endpoints login
05:47:38.694 [main] DEBUG net.thucydides.core.steps.StepInterceptor - STEP DONE: I set POST api endpoints login
05:47:38.711 [main] DEBUG org.apache.http.impl.conn.BasicClientConnectionManager - Get connection for route {s}->https://altashop-api.fly.dev:443
05:47:38.711 [main] DEBUG org.apache.http.impl.conn.DefaultClientConnectionOperator - Connecting to altashop-api.fly.dev:443
05:47:38.816 [main] DEBUG org.apache.http.client.protocol.RequestAddCookies - CookieSpec selected: ignoreCookies
05:47:38.816 [main] DEBUG org.apache.http.client.protocol.RequestAuthCache - Auth cache not set in the context
05:47:38.816 [main] DEBUG org.apache.http.client.protocol.RequestTargetAuthentication - Target auth state: UNCHALLENGED
05:47:38.816 [main] DEBUG org.apache.http.client.protocol.RequestProxyAuthentication - Proxy auth state: UNCHALLENGED
05:47:38.816 [main] DEBUG org.apache.http.impl.client.DefaultHttpClient - Attempt 1 to execute request
05:47:38.816 [main] DEBUG org.apache.http.impl.conn.DefaultClientConnection - Sending request: POST /api/auth/login HTTP/1.1
05:47:38.816 [main] DEBUG org.apache.http.wire -  >> "POST /api/auth/login HTTP/1.1[\r][\n]"
05:47:38.816 [main] DEBUG org.apache.http.wire -  >> "Accept: */*[\r][\n]"
05:47:38.816 [main] DEBUG org.apache.http.wire -  >> "Content-Type: application/json[\r][\n]"
05:47:38.816 [main] DEBUG org.apache.http.wire -  >> "Content-Length: 48[\r][\n]"
05:47:38.816 [main] DEBUG org.apache.http.wire -  >> "Host: altashop-api.fly.dev[\r][\n]"
05:47:38.816 [main] DEBUG org.apache.http.wire -  >> "Connection: Keep-Alive[\r][\n]"
05:47:38.816 [main] DEBUG org.apache.http.wire -  >> "User-Agent: Apache-HttpClient/4.5.13 (Java/14.0.2)[\r][\n]"
05:47:38.816 [main] DEBUG org.apache.http.wire -  >> "Accept-Encoding: gzip,deflate[\r][\n]"
05:47:38.816 [main] DEBUG org.apache.http.wire -  >> "[\r][\n]"
05:47:38.816 [main] DEBUG org.apache.http.headers - >> POST /api/auth/login HTTP/1.1
05:47:38.816 [main] DEBUG org.apache.http.headers - >> Accept: */*
05:47:38.816 [main] DEBUG org.apache.http.headers - >> Content-Type: application/json
05:47:38.816 [main] DEBUG org.apache.http.headers - >> Content-Length: 48
05:47:38.816 [main] DEBUG org.apache.http.headers - >> Host: altashop-api.fly.dev
05:47:38.816 [main] DEBUG org.apache.http.headers - >> Connection: Keep-Alive
05:47:38.816 [main] DEBUG org.apache.http.headers - >> User-Agent: Apache-HttpClient/4.5.13 (Java/14.0.2)
05:47:38.816 [main] DEBUG org.apache.http.headers - >> Accept-Encoding: gzip,deflate
05:47:38.816 [main] DEBUG org.apache.http.wire -  >> "{"password":"123123","email":"someone@mail.com"}"
05:47:38.855 [main] DEBUG org.apache.http.wire -  << "HTTP/1.1 200 OK[\r][\n]"
05:47:38.855 [main] DEBUG org.apache.http.wire -  << "content-type: application/json[\r][\n]"
05:47:38.855 [main] DEBUG org.apache.http.wire -  << "date: Mon, 08 May 2023 22:56:29 GMT[\r][\n]"
05:47:38.855 [main] DEBUG org.apache.http.wire -  << "content-encoding: gzip[\r][\n]"
05:47:38.855 [main] DEBUG org.apache.http.wire -  << "transfer-encoding: chunked[\r][\n]"
05:47:38.855 [main] DEBUG org.apache.http.wire -  << "server: Fly/3f2597ca (2023-05-03)[\r][\n]"
05:47:38.855 [main] DEBUG org.apache.http.wire -  << "via: 1.1 fly.io[\r][\n]"
05:47:38.855 [main] DEBUG org.apache.http.wire -  << "fly-request-id: 01GZYS98FMN7BTHBEHS6ZA19F5-sin[\r][\n]"
05:47:38.855 [main] DEBUG org.apache.http.wire -  << "[\r][\n]"
05:47:38.855 [main] DEBUG org.apache.http.impl.conn.DefaultClientConnection - Receiving response: HTTP/1.1 200 OK
05:47:38.856 [main] DEBUG org.apache.http.headers - << HTTP/1.1 200 OK
05:47:38.856 [main] DEBUG org.apache.http.headers - << content-type: application/json
05:47:38.856 [main] DEBUG org.apache.http.headers - << date: Mon, 08 May 2023 22:56:29 GMT
05:47:38.856 [main] DEBUG org.apache.http.headers - << content-encoding: gzip
05:47:38.856 [main] DEBUG org.apache.http.headers - << transfer-encoding: chunked
05:47:38.856 [main] DEBUG org.apache.http.headers - << server: Fly/3f2597ca (2023-05-03)
05:47:38.856 [main] DEBUG org.apache.http.headers - << via: 1.1 fly.io
05:47:38.856 [main] DEBUG org.apache.http.headers - << fly-request-id: 01GZYS98FMN7BTHBEHS6ZA19F5-sin
05:47:38.856 [main] DEBUG org.apache.http.impl.client.DefaultHttpClient - Connection can be kept alive indefinitely
05:47:38.856 [main] DEBUG io.restassured.internal.RestAssuredHttpBuilder - Parsing response as: application/json
05:47:38.856 [main] DEBUG org.apache.http.wire -  << "AC[\r][\n]"
05:47:38.856 [main] DEBUG org.apache.http.wire -  << "[0x1f][0x8b][0x8][0x0][0x0][0x0][0x0][0x0][0x4][0xff][0xab]VJI,IT[0xb2]RJ[0xad][0xf4][0xca]HrO[0xce][0xf4][0xcf][0xf4][0xf2][0xc][0xad][0xf2]4[0xf4][0xcb][0xf4],[0xf6][0xcc][0xb]2Mv[0xf6]4[0xf3][0xcc].[0x88][0x8]s[0xf6][0xb2][0xd4]K[0xad][0xf4]rO[0x9][0xaf](N[0xca]u+[0x89][\n]"
05:47:38.856 [main] DEBUG org.apache.http.wire -  << "[0x6]K[0x94]%[0xba][0x9b][0xa4][0x7][0xb9][[0xe6]xf[0x96]g[0x6][0x85][0x1b]f$[0x86][0x97][0x83][0xc][0xa9]J22[0xcc]I22[0xcd][0x9]t[0x7][0x8b][0x95]F[0x1a]Y[0x96]x[0xe6][0x19][0xe8][0x85][0x97]9[0x5]W$[0x7][0xba][0x16][0x16][0xe6]e:[0x1b][0x96][0x19]X[0xf8]Te[0x17]y$[0xbb][0xfa][0xa4][0xa6][0x17][0x1b]$[0x99][0x97][0x95]d[0xb9][0x7][0x84]g&[0xba][0x86]'{*[0xd5]r[0x1][0x0]?[0x99][0xcf]j[0xa0][0x0][0x0][0x0]"
05:47:38.856 [main] DEBUG org.apache.http.wire -  << "[\r][\n]"
05:47:38.856 [main] DEBUG org.apache.http.wire -  << "0[\r][\n]"
05:47:38.856 [main] DEBUG org.apache.http.wire -  << "[\r][\n]"
05:47:38.856 [main] DEBUG io.restassured.internal.RestAssuredHttpBuilder - Parsed data to instance of: class org.apache.http.conn.EofSensorInputStream
05:47:38.859 [main] DEBUG org.apache.http.impl.conn.BasicClientConnectionManager - Releasing connection org.apache.http.impl.conn.ManagedClientConnectionImpl@f06a39e
05:47:38.859 [main] DEBUG org.apache.http.impl.conn.BasicClientConnectionManager - Connection can be kept alive indefinitely
05:47:38.886 [main] DEBUG net.thucydides.core.steps.StepInterceptor - STEP DONE: I send POST HTTP request login
  &amp#27;[32mWhen &amp#27;[0m&amp#27;[32mI send POST HTTP request login&amp#27;[0m                           &amp#27;[90m# starter.stepdefinitions.UserSteps.iSendPOSTHTTPRequestLogin()&amp#27;[0m
05:47:38.895 [main] DEBUG net.thucydides.core.steps.StepInterceptor - STARTING STEP: UserSteps.iSetPOSTApiEndpointsRegister - I set POST api endpoints register
05:47:38.896 [main] DEBUG net.thucydides.core.steps.StepInterceptor - STEP DONE: I set POST api endpoints register
  &amp#27;[32mAnd &amp#27;[0m&amp#27;[32mI set POST api endpoints register&amp#27;[0m                         &amp#27;[90m# starter.stepdefinitions.UserSteps.iSetPOSTApiEndpointsRegister()&amp#27;[0m
05:47:38.903 [main] DEBUG net.thucydides.core.steps.StepInterceptor - STARTING STEP: UserSteps.iSendPOSTHTTPRequestPostRegister - I send POST HTTP request post register
05:47:38.907 [main] DEBUG net.thucydides.core.steps.StepInterceptor - STARTING STEP: PostRegister.iSendPOSTHTTPRequestPostRegister - I set POST api endpoints register
05:47:38.908 [main] DEBUG net.thucydides.core.steps.StepInterceptor - STEP DONE: I set POST api endpoints register
05:47:38.923 [main] DEBUG org.apache.http.impl.conn.BasicClientConnectionManager - Get connection for route {s}->https://altashop-api.fly.dev:443
05:47:38.924 [main] DEBUG org.apache.http.impl.conn.DefaultClientConnectionOperator - Connecting to altashop-api.fly.dev:443
05:47:39.037 [main] DEBUG org.apache.http.client.protocol.RequestAddCookies - CookieSpec selected: ignoreCookies
05:47:39.037 [main] DEBUG org.apache.http.client.protocol.RequestAuthCache - Auth cache not set in the context
05:47:39.037 [main] DEBUG org.apache.http.client.protocol.RequestTargetAuthentication - Target auth state: UNCHALLENGED
05:47:39.037 [main] DEBUG org.apache.http.client.protocol.RequestProxyAuthentication - Proxy auth state: UNCHALLENGED
05:47:39.037 [main] DEBUG org.apache.http.impl.client.DefaultHttpClient - Attempt 1 to execute request
05:47:39.037 [main] DEBUG org.apache.http.impl.conn.DefaultClientConnection - Sending request: POST /api/auth/register HTTP/1.1
05:47:39.037 [main] DEBUG org.apache.http.wire -  >> "POST /api/auth/register HTTP/1.1[\r][\n]"
05:47:39.037 [main] DEBUG org.apache.http.wire -  >> "Accept: */*[\r][\n]"
05:47:39.037 [main] DEBUG org.apache.http.wire -  >> "Content-Type: application/json[\r][\n]"
05:47:39.037 [main] DEBUG org.apache.http.wire -  >> "Content-Length: 79[\r][\n]"
05:47:39.037 [main] DEBUG org.apache.http.wire -  >> "Host: altashop-api.fly.dev[\r][\n]"
05:47:39.037 [main] DEBUG org.apache.http.wire -  >> "Connection: Keep-Alive[\r][\n]"
05:47:39.037 [main] DEBUG org.apache.http.wire -  >> "User-Agent: Apache-HttpClient/4.5.13 (Java/14.0.2)[\r][\n]"
05:47:39.037 [main] DEBUG org.apache.http.wire -  >> "Accept-Encoding: gzip,deflate[\r][\n]"
05:47:39.037 [main] DEBUG org.apache.http.wire -  >> "[\r][\n]"
05:47:39.037 [main] DEBUG org.apache.http.headers - >> POST /api/auth/register HTTP/1.1
05:47:39.037 [main] DEBUG org.apache.http.headers - >> Accept: */*
05:47:39.037 [main] DEBUG org.apache.http.headers - >> Content-Type: application/json
05:47:39.037 [main] DEBUG org.apache.http.headers - >> Content-Length: 79
05:47:39.037 [main] DEBUG org.apache.http.headers - >> Host: altashop-api.fly.dev
05:47:39.037 [main] DEBUG org.apache.http.headers - >> Connection: Keep-Alive
05:47:39.037 [main] DEBUG org.apache.http.headers - >> User-Agent: Apache-HttpClient/4.5.13 (Java/14.0.2)
05:47:39.037 [main] DEBUG org.apache.http.headers - >> Accept-Encoding: gzip,deflate
05:47:39.037 [main] DEBUG org.apache.http.wire -  >> "{"password":"123123","fullname":"Firstname Lastname","email":"danang@mail.com"}"
05:47:39.081 [main] DEBUG org.apache.http.wire -  << "HTTP/1.1 400 Bad Request[\r][\n]"
05:47:39.081 [main] DEBUG org.apache.http.wire -  << "content-type: application/json[\r][\n]"
05:47:39.081 [main] DEBUG org.apache.http.wire -  << "date: Mon, 08 May 2023 22:56:29 GMT[\r][\n]"
05:47:39.081 [main] DEBUG org.apache.http.wire -  << "content-encoding: gzip[\r][\n]"
05:47:39.081 [main] DEBUG org.apache.http.wire -  << "transfer-encoding: chunked[\r][\n]"
05:47:39.081 [main] DEBUG org.apache.http.wire -  << "server: Fly/3f2597ca (2023-05-03)[\r][\n]"
05:47:39.081 [main] DEBUG org.apache.http.wire -  << "via: 1.1 fly.io[\r][\n]"
05:47:39.081 [main] DEBUG org.apache.http.wire -  << "fly-request-id: 01GZYS98PJVK62VZ3EWWNJR2DH-sin[\r][\n]"
05:47:39.081 [main] DEBUG org.apache.http.wire -  << "[\r][\n]"
05:47:39.081 [main] DEBUG org.apache.http.impl.conn.DefaultClientConnection - Receiving response: HTTP/1.1 400 Bad Request
05:47:39.081 [main] DEBUG org.apache.http.headers - << HTTP/1.1 400 Bad Request
05:47:39.081 [main] DEBUG org.apache.http.headers - << content-type: application/json
05:47:39.081 [main] DEBUG org.apache.http.headers - << date: Mon, 08 May 2023 22:56:29 GMT
05:47:39.081 [main] DEBUG org.apache.http.headers - << content-encoding: gzip
05:47:39.081 [main] DEBUG org.apache.http.headers - << transfer-encoding: chunked
05:47:39.081 [main] DEBUG org.apache.http.headers - << server: Fly/3f2597ca (2023-05-03)
05:47:39.081 [main] DEBUG org.apache.http.headers - << via: 1.1 fly.io
05:47:39.081 [main] DEBUG org.apache.http.headers - << fly-request-id: 01GZYS98PJVK62VZ3EWWNJR2DH-sin
05:47:39.081 [main] DEBUG org.apache.http.impl.client.DefaultHttpClient - Connection can be kept alive indefinitely
05:47:39.082 [main] DEBUG io.restassured.internal.RestAssuredHttpBuilder - Parsing response as: application/json
05:47:39.082 [main] DEBUG org.apache.http.wire -  << "7B[\r][\n]"
05:47:39.082 [main] DEBUG org.apache.http.wire -  << "[0x1f][0x8b][0x8][0x0][0x0][0x0][0x0][0x0][0x4][0xff][0xab]VJ-*[0xca]/R[0xb2]Rr[\r][\n]"
05:47:39.082 [main] DEBUG org.apache.http.wire -  << "[0xf2][0xf][0xb2]RH)-[0xc8][0xc9]LN,IU[0xc8]N[0xad]T(K[0xcc])MU([0xcb][0xcc][0xcf]I,I-V([0xcd][0xcb],,MUH[0xce][0xcf]+.)J[0xcc][0xcc]+Q[0x88]Q*-N-*[0x8e]O[0xcd]M[0xcc][0xcc][0x89][0xcf]N[0xad][0x8c]QR[0xd0][0x8][0xe][0xf4][0x9][0xe]q[0xc]qU02650[0xd5]T[0xaa][0xe5][0x2][0x0][0x1a]G[0x13]pg[0x0][0x0][0x0]"
05:47:39.082 [main] DEBUG org.apache.http.wire -  << "[\r][\n]"
05:47:39.082 [main] DEBUG org.apache.http.wire -  << "0[\r][\n]"
05:47:39.082 [main] DEBUG org.apache.http.wire -  << "[\r][\n]"
05:47:39.082 [main] DEBUG io.restassured.internal.RestAssuredHttpBuilder - Parsed data to instance of: class org.apache.http.conn.EofSensorInputStream
05:47:39.084 [main] DEBUG org.apache.http.impl.conn.BasicClientConnectionManager - Releasing connection org.apache.http.impl.conn.ManagedClientConnectionImpl@6c90063f
05:47:39.084 [main] DEBUG org.apache.http.impl.conn.BasicClientConnectionManager - Connection can be kept alive indefinitely
05:47:39.086 [main] DEBUG net.thucydides.core.steps.StepInterceptor - STEP DONE: I send POST HTTP request post register
  &amp#27;[32mAnd &amp#27;[0m&amp#27;[32mI send POST HTTP request post register&amp#27;[0m                    &amp#27;[90m# starter.stepdefinitions.UserSteps.iSendPOSTHTTPRequestPostRegister()&amp#27;[0m
05:47:39.094 [main] DEBUG net.thucydides.core.steps.StepInterceptor - STARTING STEP: UserSteps.iReceive1ValidLoginAndProductHTTPResponseCode - I receive valid login and product HTTP response code 200
05:47:39.096 [main] DEBUG net.thucydides.core.steps.StepInterceptor - STARTING STEP: PostProduct.iReceive1ValidLoginAndProductHTTPResponseCode - I set POST api endpoints product
05:47:39.096 [main] DEBUG net.thucydides.core.steps.StepInterceptor - STEP DONE: I set POST api endpoints product
05:47:39.108 [main] DEBUG org.apache.http.impl.conn.BasicClientConnectionManager - Get connection for route {s}->https://altashop-api.fly.dev:443
05:47:39.109 [main] DEBUG org.apache.http.impl.conn.DefaultClientConnectionOperator - Connecting to altashop-api.fly.dev:443
05:47:39.205 [main] DEBUG org.apache.http.client.protocol.RequestAddCookies - CookieSpec selected: ignoreCookies
05:47:39.205 [main] DEBUG org.apache.http.client.protocol.RequestAuthCache - Auth cache not set in the context
05:47:39.205 [main] DEBUG org.apache.http.client.protocol.RequestProxyAuthentication - Proxy auth state: UNCHALLENGED
05:47:39.205 [main] DEBUG org.apache.http.impl.client.DefaultHttpClient - Attempt 1 to execute request
05:47:39.205 [main] DEBUG org.apache.http.impl.conn.DefaultClientConnection - Sending request: GET /api/products HTTP/1.1
05:47:39.205 [main] DEBUG org.apache.http.wire -  >> "GET /api/products HTTP/1.1[\r][\n]"
05:47:39.205 [main] DEBUG org.apache.http.wire -  >> "Authorization: Bearer [\r][\n]"
05:47:39.205 [main] DEBUG org.apache.http.wire -  >> "Accept: */*[\r][\n]"
05:47:39.205 [main] DEBUG org.apache.http.wire -  >> "Host: altashop-api.fly.dev[\r][\n]"
05:47:39.205 [main] DEBUG org.apache.http.wire -  >> "Connection: Keep-Alive[\r][\n]"
05:47:39.205 [main] DEBUG org.apache.http.wire -  >> "User-Agent: Apache-HttpClient/4.5.13 (Java/14.0.2)[\r][\n]"
05:47:39.205 [main] DEBUG org.apache.http.wire -  >> "Accept-Encoding: gzip,deflate[\r][\n]"
05:47:39.205 [main] DEBUG org.apache.http.wire -  >> "[\r][\n]"
05:47:39.205 [main] DEBUG org.apache.http.headers - >> GET /api/products HTTP/1.1
05:47:39.205 [main] DEBUG org.apache.http.headers - >> Authorization: Bearer 
05:47:39.205 [main] DEBUG org.apache.http.headers - >> Accept: */*
05:47:39.206 [main] DEBUG org.apache.http.headers - >> Host: altashop-api.fly.dev
05:47:39.206 [main] DEBUG org.apache.http.headers - >> Connection: Keep-Alive
05:47:39.206 [main] DEBUG org.apache.http.headers - >> User-Agent: Apache-HttpClient/4.5.13 (Java/14.0.2)
05:47:39.206 [main] DEBUG org.apache.http.headers - >> Accept-Encoding: gzip,deflate
05:47:39.525 [main] DEBUG org.apache.http.wire -  << "HTTP/1.1 200 OK[\r][\n]"
05:47:39.526 [main] DEBUG org.apache.http.wire -  << "content-type: application/json[\r][\n]"
05:47:39.526 [main] DEBUG org.apache.http.wire -  << "date: Mon, 08 May 2023 22:56:29 GMT[\r][\n]"
05:47:39.526 [main] DEBUG org.apache.http.wire -  << "transfer-encoding: chunked[\r][\n]"
05:47:39.526 [main] DEBUG org.apache.http.wire -  << "content-encoding: gzip[\r][\n]"
05:47:39.526 [main] DEBUG org.apache.http.wire -  << "server: Fly/3f2597ca (2023-05-03)[\r][\n]"
05:47:39.526 [main] DEBUG org.apache.http.wire -  << "via: 1.1 fly.io[\r][\n]"
05:47:39.526 [main] DEBUG org.apache.http.wire -  << "fly-request-id: 01GZYS98VTMACES7CN8DGYP45R-sin[\r][\n]"
05:47:39.526 [main] DEBUG org.apache.http.wire -  << "[\r][\n]"
05:47:39.526 [main] DEBUG org.apache.http.impl.conn.DefaultClientConnection - Receiving response: HTTP/1.1 200 OK
05:47:39.526 [main] DEBUG org.apache.http.headers - << HTTP/1.1 200 OK
05:47:39.526 [main] DEBUG org.apache.http.headers - << content-type: application/json
05:47:39.526 [main] DEBUG org.apache.http.headers - << date: Mon, 08 May 2023 22:56:29 GMT
05:47:39.526 [main] DEBUG org.apache.http.headers - << transfer-encoding: chunked
05:47:39.526 [main] DEBUG org.apache.http.headers - << content-encoding: gzip
05:47:39.526 [main] DEBUG org.apache.http.headers - << server: Fly/3f2597ca (2023-05-03)
05:47:39.526 [main] DEBUG org.apache.http.headers - << via: 1.1 fly.io
05:47:39.526 [main] DEBUG org.apache.http.headers - << fly-request-id: 01GZYS98VTMACES7CN8DGYP45R-sin
05:47:39.526 [main] DEBUG org.apache.http.impl.client.DefaultHttpClient - Connection can be kept alive indefinitely
05:47:39.526 [main] DEBUG io.restassured.internal.RestAssuredHttpBuilder - Parsing response as: application/json
05:47:39.526 [main] DEBUG org.apache.http.wire -  << "179[\r][\n]"
05:47:39.526 [main] DEBUG org.apache.http.wire -  << "[0x1f][0x8b][0x8][0x0][0x0][0x0][0x0][0x0][0x4][0xff][0xaa]VJI,IT[0xb2][0x8a][0xae]V[0xf2]tQ[0xb2]241[0xb1]0[0xd2]Q[0xf2]K[0xcc]MU[0xb2]RJI-N.[0xca],([0xc9][0xcc][0xcf]S[0xd2]QrA[0xe2]Y))[0xe9]([0x5][0x14]e&[0xa7]*Y[0x19][0xe8]([0x5]%[0x96]d[0xe6][0xa5][0x17]+Y[0x99][0xe8](9'[0x96][0xa4][0xa6][0xe7][0x17]e[0xa6][0x16]+YE[0xc7][0xd6][0xea] [0xc]6[0x86][0x1b][0xec]Y[0x90][0x91][0x9f][0x97][0xaa]`h[0xa8]`f[0xa2][0x90][0x9e][0x84]axANb[0xa5]BFb[0xb1]B^[0xbe]BNfnfI1[0xc2]:#KK$[0xb][0x8d][0xd0],[0x84][0xda]fdjb[0x8][0xb7][0xcd]=173/[0x1d][0xc3][0x12][0xb7][0xfc]"[0x85]t[0xb0][0x94]BAiQA~qj[0xb1]R-[0x8a][0x83]-[0xe0]F[0xb8][0x95][0x16][0xe5]e[0x96][0x94][0x16][0xa5]*[0x84][0xe4][0x17]`[0x9a][0x4][0x97]MI,[0xca]T[0xf0]J-H,JD[0xb8][0xd8][0xd0][0x4][0xd9][0xc5][0xa6]h.F[0xb1][0xd1][0x4]ncp~^[0xa5]B@[0xb0]![0x86]e[0xf8][0xc2][0xc6][0x4]%l[0xc][0xd1]l[0xa2]j[0xd8][0x98][0x12]v)"[0x4][0x90][0x93][0x88][0x1]-]e[0x6]w[0x15][0x15]c[0xc][0xdd][0xc5][0xc8]1f[0x89]Hf.a.[\n]"
05:47:39.526 [main] DEBUG org.apache.http.wire -  << "[0xbe][0xa5][0xe9][0xa9]y[\n]"
05:47:39.526 [main] DEBUG org.apache.http.wire -  << "!E[0x89][0x99][0xf8]r[0x8c][0xa1][0x91][0x81][0x81][0x1][0xbe]0A[0xb1][0x1][0x91][0x1f][0x13][0xf3][0x12][0xb3][0x15][0x12]+[0x13]s1[0x12]Eqiq[0xa9][0x2]H[0x1a][0x11][0xe6][0x96](i[0x1][0xaf][0x1f][0xcc][0xe1][0xa1][0x16][0xe1][0xe4][0x1f][0x81][0x99][0xe4][0x10]9[0x5]a<jR3[0xa6]a[0xa4][0x82][0xfc][0x1]-[0x90][0xb0];[0xf][0x97][0xa3][0xc][0x0][0x0][0x0][0x0][0xff][0xff]"
05:47:39.526 [main] DEBUG org.apache.http.wire -  << "[\r][\n]"
05:47:39.527 [main] DEBUG org.apache.http.wire -  << "4C9[\r][\n]"
05:47:39.527 [main] DEBUG org.apache.http.wire -  << "[0xa2][0x9d][0xa3]LA[0xd1][0x7]u[0x14]m[0xe2][0xdd][0xd4][0x0][0x91][0xb2]@[0x11]K[0xfd]x75[0xa0]u[0xca]25@[0x14][0xf9]4[0xf2][0x83][0x5][0xa2][0x8c]v*JLN[0xcd]I-[0xc1][0xc8][0x1c][0xbe][0x89])[0xa9][\n]"
05:47:39.527 [main] DEBUG org.apache.http.wire -  << "[0xf9]i[\n]"
05:47:39.527 [main] DEBUG org.apache.http.wire -  << "[0x19][0x99][0xe9][0x19][\n]"
05:47:39.527 [main] DEBUG org.apache.http.wire -  << "[0x85][0xa5][0x89]9[0x99]%[0x95][\n]"
05:47:39.527 [main] DEBUG org.apache.http.wire -  << "[0x5][0xa9][0x89]E9[0xc8][0xd5][0x8a][0x11]q[0x19][0xd2][0xd8][0xd8][0xc][0xa3][0x90]6[0xc5][0xb0][0x12]_![0x8d]Z[0x81][0xe1][0xae]1[0x8d][0x8d][0xcd],[0xe1][0x19][0xb3]$[0xb5][0x18]T[0xc5]*[0x14][0x14][0xe5][0xa7][0x94]&c[0xfa][0xb1]$#[0xb3]X![0xb3]X[0xa1]$#[0x15][0xa6]F[0x1][0xb5][0xfa][0xc6]R[[0xa3][0xe7]ZD[0xb1]cll[0x8e]H~T[0xb3][0xdb][0x10][0xad][0xd8][0xc3]][0x15][0x1a][0x1b][0x9b]#[0x12]'U[0xed]Gj;[0xe0][0xb5][0x1e][0x11][0xc9]T[0xb5][0x1e]9[0x91][0xe1][0xb5][0x1f]Q&[0xd3][0xcc]~[0xf4][0xf2][0x11]%[0xfa][0x11][0xf9][0x8a]f[0xf6][0xe3]K[0xfa][0xe6]4H[0xfa][0xe8][0xc9][0xf][0x9f][0xff]-[0xc][0xa8][0x9f][0xf5][0xd0][0xed][0xc7][0x97][0xfd][0x90]Z[0xe1]4[0xb][0xbc][0xfe]G[0x94][0xdc][0x3]c?"[0xff]y[0x4]([0xe4]f[0x96][0xe4]c/cKR[0x8b][0x92][0x12]3[0xb3][0x11]M[0x0]S3s[0xa4],[0x8e][0xd7][0x8b][0x88],FZ[0xbb][0x2]=[0xdf]R[0xaf]]mll[0x81]H[0xf7][0xd0][0x1e][0x0]%[0x95][0xb][0xbe][0x14]f[0x89][0x88][0xe1][0x80]`[0x5]L[[0xd2][0x13]sS[0x15]L[0x15][0x8a]K[0x12][0x8b][0x10][0xa1][0x8b][0xda][0xea][0xc3][0x97][0x81]-[0x11][0x11]H[0x97][0xa6][0xb8][0xb1][0x9]R[0x93][0x8c][\n]"
05:47:39.527 [main] DEBUG org.apache.http.wire -  << "A[0x87]'[0xe5][0x98] 5[0xcd][0xe8][0xe5]7Dd[0xd1][0xda]o[0x88]x[0xb](JL.[0xc9]LN[0xcc]Q[0x8][0xcf][0xcf]OI[0xcd]S[0xf0][0xce][0xcb]LK[0xc5][0xc8][0x87][0x8e]9[0x99][0x89][0xc5][\n]"
05:47:39.527 [main] DEBUG org.apache.http.wire -  << "i[0xa5][0xe9][0x89][\n]"
05:47:39.527 [main] DEBUG org.apache.http.wire -  << "[0xa5]%z[0x88][0xb4]b[0x8][0x8a][0x10][0xf8][0xc8][0x0][0xde][0xf0]D[0xe4]D[0xea][0x8d][0xc][0xe0][0xb5][0x10][0x91][0xcb]`[0x16][0x1a]Q<[0x14][0x81][0xcf]BCDu[0x2][0xb3][0x90][0xf2][0xb1][0xf][0xbc][0x16]"[0x9a]ot[0xb2][0x10]c@[0xc0][0x1c]#[0xa5][0x10][0xdf]*[0xc6][0xeb]5Dj[0x9]H[0xcc]I[0xf4][0xc9][0xf7][0x1][0x8d][0xb5][0xa0][0x8e]N[0xc1]m[0xc2]2zdl[0x8c]TA[0xe0])[0xc2]L[0xc][0x11]m rKH[0xbc][0xfe]@$BZ[0x18][0xf][0xea][0xcf]@{[0xa8]t[0xea][0x19][0x99][0x18]![0x12][0x1d]M|[0x84][0xe8][0x12][0xd0][0xc4]xD[0x19]K[0xb7][0x0]C[0x14][0xb6]t[0xb3][0x12][0x91]O[0xa9]i%[0xbe]|d[0x84][0x18][0x95][0xa3][0xa6][0x95][0xf8][0xf2][0x96][0x11][0xa2][0x8c][0xa0]q}i[0x84][0xc8][0xc5]4j[0xa8][0x9a][0x18]#*[0xf]Z[0x86][0x1f][0xac][0x19]ka[0x88]H"[0x8e][0xc9][0xc9][0xa9][0xc5][0xc5][0x90][0xd1]|[0xf4][0x19][0x80][0x92]|[0x85][0xd4][0xbc][0x8c][0xc4][0xbc][0xe4]T[0x85][0xc4][0x2][0xd0]p[\n]"
05:47:39.527 [main] DEBUG org.apache.http.wire -  << "[0x88][0x89]<[0x82]nlb[0x8c]([0x10][0x8a]S[0xb]RS0[0xb][0xea][0xc4][0xcc]J[0x90] tp[0xc2][0xc8][0x14][0xb9][0x8c]/[0x82][0x8d][0x11]e[0x1]-[0xc3][0x4][0xa9]Kl[0x2][0xaa]7[0xa0][0x5]*[0xb5]=C[0xff]b[0xc0][0x18][0x11][0xc7][0xc1][0xe0][0x98]Q[0xf0][0xc9],.)[0x2][0xf7][0xa4]P[0xab]R[0xa8]t[0xe]DZ!/=5[0xa9][0x14]4[0xfe]Dz[0x94]![0x8a][0x1][0xa8][0x99]P+[0x15][0x9c][0x12]s[0x12]1gU[0xa0][0x8a]P-VHJ[0xcc]K[0x7][0x8f][0xf1]A[0xed]7%>[0xc9] [0xca][0x4][0xba]%[0x19]D[0xb][0x82]nV"[0xca]#zYi[0x82]([0x9f][0x82]J[0x8b]K2[0x93]a[0xfd][0x5][0xa7]D[0xcc]Y[0xb7][0xd0][0x12][0x85][0xd4][0xa2][0xa2][0xfc]"[0x85][0xa2][0xd4][0xe4][0xd2][0xe2][0xc4][0xbc][0x94][0xc4]T[0x85][0x82][0xfc][0xe2][0xe2][0xcc][0xdc][0xd2]b[0x85][0xdc][0xfc][0x1c][0xd0]8gb[0xaa]Bqj[0x8a]BfnAjJ&y][\n]"
05:47:39.527 [main] DEBUG org.apache.http.wire -  << "[0xa4][0xe9]?D7[0xc6]'3/5O[0xc1])[0xbf][0xa4]$[0x7]K7[0xa6][0xb4]D[0xa1] [0xb5][0xa8][0xb8] 393[0xb1]$[0xb3]X!%?'[0xbf](U!%3[0xb9]$Q[0xa1] [0xbf][0xa8](_![0xb3][0xa0][0xb8]4W!5[0x91][0xac]^[0x8e][0x9][0xfd][0x8b],[0x13]D[0x93]&8'55[[0x1][0x12][0x2][0xee]9[0xf9]e[0xa9][0xa0][0xb1]o[0xd4][0x9c][0xee][0x9f][0x96][0x96][0x99][0x9c][0x99]Y[0xac][0x90][0x9c][0x9f]W[0x9c]ZX[0x9a]XRZ[0xa4][0x90][0x98][0x97][0x99][0x9b][0x9][0x8f][0x98]b[0x85][0xb2][0xfc][0x9c][0xd2][0x82][0x92][0xc4][0x92]T[0x85][0x94][0xd4][0x9c][0xd4][0xbc][0xcc][0x92]L[0xf2][0x2][0x83][0xfe]E[0x9e][0x9][0xa2][0xc8]s[0xcf]/JO[0xcd]/-V[0x8]*MJJ-Rp[0x6][0x8f]q[0xa0][0x85]FJf[0x9]$[\r][0x94][0xe6]*$[0x82][0x12][0x7]8[0x9][0xe4]$&[0xe5][0x17]e[0xe6][0x17]'[0xe6]*[0x14][0x96]f*$[0xe6]d[0x16][0x96]f[0xa6]([0x14][0x93][0x9b]N[0x11][0x85]""[0x9d][0xba][0x17]%[0xe6]e[0x96][0xa4]*8[0xe7]'[0x82]JZTw[0xb9][0x96][0x80][0xfa][0xda][0x99][0x89]%[\n]"
05:47:39.527 [main] DEBUG org.apache.http.wire -  << "[0xf9][0xb9]y[0x99][0xc5][\n]"
05:47:39.527 [main] DEBUG org.apache.http.wire -  << "[0xb9][0x99]y[0x99][0xb9][0x89][\n]"
05:47:39.527 [main] DEBUG org.apache.http.wire -  << "y[0xa5][0xb9][0x85][0xa5][0x89][0xb9][\n]"
05:47:39.527 [main] DEBUG org.apache.http.wire -  << "[0xc5][0xa5][0xc5][0xc9][0x99][0x5][0xe4][0xba][0x6]QD[0x6]W[0xe6][0xa5][0x16][0xa5]g[0xc2][0xb2]s[0x8e]BpFf[0x11]V[0xd7][0xa4][0x16][0x97][0xc0]SEfRi[0xb1]BANbrjb[0x89]B*yY[0x17]T[0xa0]C[0xeb]Y[0x5][0x1a]u!M[0x11]Y[0x91][0xac][0xe6]![0xb1][0xad][0x14]S[0xa4][0xfc][0x7][0x99][0xcf][0xc7][0x1c]g[0x83]wU[0x9][0xae]u[0xc0][0xd7][0x1e]2[0xa5]~2E[0xe4]'z[0xd5]4[0xa6][0x88][0xdc]B7+[0x11]Y[0x82]nV"Z[\r]d[0xa5]N[0xd4][0x9]F[0xbc][0xa9][0x6][0xd1]X[0xa0][0xb1]Mf[0x88]6[0x2][0xd4]&[0xcc]e[0x6][0xf8]r[0x2][0xea][0xc0]3[0xba][0x9f]`][0x17][0xb4]U?[0x0][0x0][0x0][0x0][0xff][0xff]"
05:47:39.527 [main] DEBUG org.apache.http.wire -  << "[\r][\n]"
05:47:39.528 [main] DEBUG org.apache.http.wire -  << "58C[\r][\n]"
05:47:39.528 [main] DEBUG org.apache.http.wire -  << ""c[0xd5][0x8f][0xb1][0x89][0x19][0xa2][0xcf][0x2]u)[0xad][0xf2][0xac][0x19][0x85][0xa5][0x10][0xf1][0xf1]lF[0xb7]r[0x88][0xba][0x93][0xe3][0xe8][0xf1][0x8c][0xdc][0x1d]3C[0x14]?[0xb4][0x8e]'D[0xa9][0x3][0xb5]i[0xd0][0xa6]]Da[0x85][0xd3][0xa5][0x88][0x1]z|[0xb5][0x18]Us[0x14]FyFI[0xf8][0xd1]p[0xf6][0xcd][0x4]i[0xc1][0xc5] [\n]"
05:47:39.528 [main] DEBUG org.apache.http.wire -  << "?s[0x8c][0xb2][0x93]V%[0x12][0xd2][0xa2][0xf][0xbf][0xc4][0xe2]L[0x5][0x97][0xc4][0xd2]<[0x5][0xaf][0xd4][0xa2]R[0xd0][0x4]+j3[0x14],_[0x9e][0x9a][0x97][0x98][0x9d][0xad]P[0x92][0x9a][0x97][0x98][0xa7][0x90][Z[0x94][0x9b][0x8a]4Whh[0x89][0x91][0x1b],[0x89]YX"Rmr~^I~[0x86]n2b[\r])[0xfa][0xa8][0x93][bqFf~^bRN*[0xea]X[0x13][0xd2][0x82][0x11][0xb0][0xdb][0x10]n[0x7]/[0x9d]RH[0xcf]/J[0xc5][0xb2][\n]"
05:47:39.528 [main] DEBUG org.apache.http.wire -  << "[0x14][0xac][0x96]J[0xfe]@[0xa4]s[0xc2][0xfe][0xc0]T[0x81][0xb4][0xf6][0xd4][0xd8][0xc4][0x9c]n%[0xb6]9[0xdd][0xca]QsD<Cs[0x17][0xcd][0xd2]1[0xdd][0xda]5[0x16]tk-X RD[0x84]S~[0x85][0x2]f[0x19]J[0xff][0x92][0xdd][0x2][0xd1][0xeb][0xc0][0xe1]&[0xc2]KG[0xd1][0xeb]xX[0xb1]@[0x8d][0xb6][0x1c][0xd2][0xea][0xc0][0xc1][0xe9]>[0xba][0xa5]S[0xa4]u[0xca]8B[0x2][0x91]z[0xe8][0xd7][0xd6][0xb6]D[0xb4][0x80][0x7][0x93][0xab][0x10]9[0x8d][0xc6][0xe5][0x14][0xd2]"[0x19][0xec]K[0x90][0x6]6[0xfb]X"[0x1a][0xbe][0xd8][0x9d]7 i[0x6]Q[0xcb]bw[0xd4][0x80][0x86][0x19][0xf2][0xc2]p[0xec][0xce][0xc3][0x15]f4l[0xd7]"[0xaf]%[0xa7]m[0x8a]F^[0xf1][0x8d][0xdd][0xfb][0x3][0x1c];[0x88][0xc6][0xe]v[0xe7][0xe1][0x8a][0x1d][0x1a][0xd6]R[0xa6][0x6][0x88]lF[0xeb][0xd8][0xa1]<[0xef][0xd0]2[0x99]"[0xad][0x92][0x1a]<[0xb1]c[0x88]h[0xe1]aw[0xd4][0xc0][0xa6]hCDe[0x85][0xdd]y[0x3][0x91][0xa2][\r][0x11][0xed]B[0x1a][0xa7]h[0xa4][0xb5][\n]"
05:47:39.528 [main] DEBUG org.apache.http.wire -  << "[0xb4][0xb6][0x89]n[0xb9][0xd4][0x90]^[0xfd]$S[0xa4][0x15]n4[0xe]=[0xa4][0xd5]h[0xb4][0xb6][0x9][0xd1][0xa6][0xa4][0xb5]MtK[0xe5]F[0x88]j[0x8b][0xd6]~[0xa2][*[0xa7][0xdb][0x12]-S#D[0xad]G[0xeb][0xd0][0xa3]W[0xce][0x14]iM[0x18][0x8d][0xfd][0x84][0xb4][0x86][0x8b][0xd6]6!r.[0xf6][0xaa]l`kZcDv[0xc7][0xee][0xbc][0x81][0xa8]i[0x91][0xd7]q[0xd1]t[0x86][0xd9][0xd4][0x98]n%[0x83]1[0xa2][0xfe][0xf3][0x8]Pp[0x6]-[0xc2][0xc9][0xc4][0xb2]A%'[0xb5][0xa0]$[0xbf]@[0x1]c[0x7][0x90]%[0x8] -[0xf1]Fo[0xba]#M"[0x99][0x1a]S[0xb5]h@[0xdf]p[0x8f]l[0x13][0xd2]"[0xa9][0x81][0xd8]P[0x85]<[0x9a]F5[0xfb][0xf1]M [0xa1][0xf8][0x1d][0x91][0xb1][0x9][0xd9][0x8d][0xc8]C[0xa0][0xdd]rD[0xc6]"[0xd2]2'B[0xe6][0x13][0xbd]O[0x16]d=[0xd1][0xfe]C[0x94][0xc]T[0xb5][0x9f]X[0xef]#r&U[0xad]'[0xda][0xfb][0x88]LD3[0xfb][0xd1][0xbb][0x9d]([0xc9][0xb]Q[0xeb][0xd2][0xcc]~|[0x85][0x8][0xd2][0x82][0xa5][0x81][0xb1][0x1f][0xd1]C[0xa5][0x99][0xfd][0xe8][0xe7][0xac] [0x87]?[0xd2]j*[0x9a][0xd9][0x8f]7[0xfc][0x11]][0xe0][0x81][0xb1][0x9f]F[0xd9][0x9f][0xd8][0xfc][0x87][0xb4][0x10]k`[0xfc][0x8f](`-DSS[0x1a]M[0xed][0x99][0x9a]"[0x1a][0x7][0xd4]][0x85]oj[0x8a]([0xc6]<[0xf3]JRsr2[0xd3]S[0xf3]J[0x14][0x82]KRSA[0xab][0x1f][0xf3][0xb1][0xac][0x98][0xf5]L[0x1][0x9d]'Q[0x9c][0xa9][0x90][0x97]XRZ[0xc]Z[0x10][\n]"
05:47:39.528 [main] DEBUG org.apache.http.wire -  << ""[0x12][0x8b][0xc9]Z[0x13]kj[0x8a]([0xc7]`[0xe1]H[0x9b][0xf5][0x8f][0xa6][0x98][0xab][0xb1]h[0x15]]t[MeJ[0xb7][0xd5]T[0xa6]t[[0xe3][0x4][0xde][0xcb][0xe]][\n]"
05:47:39.528 [main] DEBUG org.apache.http.wire -  << "K[0xeb][0x14][0x81]H[0xfc][0xae]y[0xf9]E[0xb9][0xa0][0xc5][0xd1][0x1]9[0x89][0xe0][0xe5][0xbf][0xce][0x19][0x89][0x99][0xa0]u[0x1d][0xa8][0xb]@[0xc2] [0xb][0xc1]A[0xa7][0x8e][0x94][0xa4]*[0xe4][0xe5][0xe7][0x81][0xce][0x1d])[0xcb]L[0x1][0xe5][0x99][0xd4]b[0xb2][0x96][0xfe][0x9a]"[0xad][0xbf]q)-[0x2][0xad][0xf1][0x0]m%[0xc8]Q[0xc0][0xee][0x82]`[0xe8]Rg[0x85][0xc2][0xd2]|[0x5][0xa4]u[0xd9][0x99]y[0xe4],I7[0xa5][0xdb]2[0x1b]S[0xa4]e64[0x8e]V[0xba]-#1[0xa5][0xdb]2[0x12]S[0xba]-#1E:[0x84][0x84][0xc6][0xf1][0x84]t[0xdc]H@[0xb0][0x9]f[0xa9]_l[0xa2][0x90][0x94]XT[0x8a][0xe8][0x1d][0x19][0xe3]_[[0x85][0xdc]<[0xa3][0xdb][0x12][0x15]S[0xa4]CKh[0x1d]^[0x88]&[0x1f][0xad]mB4[0xee]hm[0x13][0xdd][0x6]y-0[0x1b]l[0x98]I[0x8e][0xe8]#[0x18][0xf1]5[0xcd]-[0x10][0xad]5Z[0x87][0x1e][0xa2][0x2][0xa3][0xb5]Mtk[0xa6]Y[0xd2]k[0xe1][0xa7])[0xd2][0xf2] [0x1a][0x87][0x1e][0xd2][0x92][0x1f]Z[0xdb]D[0xb7]2[0xc2][0x12]QFP[0xbd][0xf4][0xb6][0xa4][[0xa9][0x80][0xb4][0xda][0x87][0xd6]1C[0xaf][0xbc]j[0x86]tR[0x8f]kQz~^~nf[0xb2][0x82]cNinf^i.[0xd6]m[0x8e][0xa5]%[\n]"
05:47:39.528 [main] DEBUG org.apache.http.wire -  << "I[0xa9][0x89]%[0x89][0xa9][0xf0]Mm[0xa9][0xb9][\n]"
05:47:39.528 [main] DEBUG org.apache.http.wire -  << "[0xb9][0x89][0x15][0x99][0xb9][0xa9][\n]"
05:47:39.528 [main] DEBUG org.apache.http.wire -  << "y[0xa9][0xb9][0xf9][\n]"
05:47:39.528 [main] DEBUG org.apache.http.wire -  << "[0x99]99[0xa5][0xb9][0xa0][\r][0xe0][0xbe][0x1f]9MM3[0x3]z[0x15][0x8b]f[0x6][0xf4]*[0xac][0xcc][0x6][0xf7]:[0x9][0xb3][0xc1][0xb8]N[0xc2][0x8c]^[0xeb]$LL[0x90][0xaa][0x12]Z[0x9d][0xc4]I[0xaf][0x94]f[0x8a][0xb4]_[0x80][0xd6][0x5][0x15][0xbd][0xfc]d[0x86]t[0x16]+m[0xfd]df[0x80][0xa8][0xac]hm[0x13][0xbd][0xaa].3Cz5h[0xcd][0x90]V[0xcc]`[0x9f][0x4][0x1e][0xd0]9j3[0xa4]e6[0xd8][0x9d][0x87][0xe8]A[0xd2]m[0x95][0xb7][0x19][0xd2][0xb1]P4NqF[0x88]&_@[0xb0][0xa1][0x1][0x5][0x9d][0x1a][0xf4][0xf3][0x8c][0xe0][0xbb][0x12][0x90][0xaa]9[0xc8][0xe1][0xf1][0x18][0x96][0xa4][0xe1]?W[0xde][0xd8][0xcc][0x88]n9[0x10][0xe9][0xe4][0xa5][0xec][0xcc][0x82][0xc4]b[0x85][0xc4][0xbc]t,'[0x93][0xe7][0xa6][0xe6][0xa5][0xa7][0xe6][0x94]&[0x16]e'[0xe6]A[0x94]([0x14]'[0xe6][0xa5]'[0x96](d[0xa7][0xe6]%'[0x82]wMA[0x8f][[0xc1][0xa8][0x1f]<[0x94][0x90][0x8e][0xdf] s[0x1f][0xae][0x19][0xd2][0xfa] [0xf8]q[\r]NE[0xf9]yU[0xa9]8[0x86][0x3]![0xe7][0x10][0x16][0xa5][0x16][0xa4][0xe6][0xe4][0xa4][0xe6][0xa5][0x94][0x16]+$&[0x83][0x8e][0x18][0x1][0x1d],RXJ[0xd6][0x90][0xbc][0x19][0xd2][0xd2]![0xdf][0xd4][0x94][0xcc][0xfc][0xe4][0xa2]T[0xd0][0x88]$[0xe8]0D[0x1c][0x87]h8[0x82][0xed][0xcc]+[0xc9][0x4][0x1d][0x14]R[0xa2][0x90][0xf]>S#Q[0xa1],5'[0xb3]D!/?)[0xb3][0x98][0xac][0x16]#[0xd2]1SC.&[0x91][0xd6]*[\r]=[0xb7]#[0xe6]V[0x87][0x9e][0xdb][0x11][0xcb].[0x86][0x9e][0xdb][0x11]%9[0xf9]u[0x6][0x0][0x0][0x0][0xff][0xff]"
05:47:39.528 [main] DEBUG org.apache.http.wire -  << "[\r][\n]"
05:47:39.529 [main] DEBUG org.apache.http.wire -  << "566[\r][\n]"
05:47:39.529 [main] DEBUG org.apache.http.wire -  << ""[0xe6][0xf0]Q3[0xa4]e][0x9e]y[0xc9]E[0xa9])[0x99]I9[0xa9][\n]"
05:47:39.529 [main] DEBUG org.apache.http.wire -  << "[0xb0][0x92]&'?[0x19]s[0xef][0xab]k"[0xfc][0x98][0x15][0x85][0xd4][0xbc]LHg[0xb0][0x18][0x94][0xbf]S[0x8b][0x93]3K[0xf3]J[0x14]RJ[0x93][0xc1][0x7][0x1a]A[0xce][0x10][0xca]%+[0xcb][0xd3]mi[0x97][0x19][0xd2][0x82]+Z[0x7]6[0xdd][0x1a][0xd4]Hk[0x82]h[0xec]'[0x13][0xba]5sM[0x10][0xcd]\[0x9a]dh[0x9c][0x8d][0x1e]*T[0xe7]&[0x94][0xf]y[0x10][0x9b][0xa3]M[0xe8]6[0xbc][0x84][0xb4][0xf2][0x87][0xc6][0x89][0xcc][0x14]Q[0xf][0xd1][0xda]&[0xba][0x95][0xbc]H[0xeb]Vh[0xed]'[0xca][0x13][0x1f][0x91][0xb5][0x9][0xdd][0xd6]p[0x98][0xd1]me[0x85][0x19][0xdd]N[0x8f]1[0xa3][0xdb][0x99].f[0xa0][[0x2][0xe8][0xb2][0xb2][0xc2][0xc]iM[0x3][0x8d]S9[0xdd][0x96][0x15][0x98]!-+[0xf0](P[0x8][0xcb],[0xcb]W[0x88]42[0xc2][0xe8][0x9][0xe7][0xa6][0xe6]f[0xe6]dfg*[0x14][0x17][0xa4][0x16]g[0xa6]ef[0x83][0xce][0x14][0xa9]L[0xcc]KWH,[0x0][0x9f]4[\n]"
05:47:39.530 [main] DEBUG org.apache.http.wire -  << "[0xed]T[0x1a][0x83][0xee][0x85]A9-[0x1e][0xbd]&B[0x9a][0xcf]63'[0xa5][0xfb][0x8c][0xe5][0xfc]o<9[0x99]z[0xfd]W[0x13][0x13][0xa4][0xfb][0x15][0xa0][0xf1]n[0x8c][0x11]@[0xf8]N[0xbc]"[0xf6]t'[0x13][0x13]KR[0x2][0x84][0x82]S[0xe6]LL[0x90][0xa6][0x88]h4[0x8a][0x8c][0xb4][0x5]4$1[0xa3]T![0xa9]4[0x7][0xcb][0x19][0x88][0xf8][0xc2][0x8d][0xb8]U[0x93]&[0xa6]H[0x3]9d[0xda]Dt[0xc][0x99]"[0x8d][0xf3][0xd3][0xde].D#[0x11][0x9a][0xee]h[0xb3][0xb6][0xcf][0xc4][0x94]^[0xfb][0x14]M[0xe8]6=mbJ[0xaf][0xe9]i[0x13]S[0xcc][0xf2][0x81]V[0xf1]D[0xb7][0xf2][0xc1][0x94]^[0x93][0xd5]&[0xa6]H%[0x11][0x8d]S9[0xdd]f[0x9b][0xcc][0x90][0x96][0xd0][0x5]@[0xae]ySp,[0xcd][0xc9]LT[0xc0][0xac]82[0xf3]2A[0xcb]-AW[0xc1])$[0xc2][0xd5]@[0xab]S[0xe2]J@c3s:[0x95][0x14][0xc6]f[0xe6][0x88][0x1e][0x19][0xf6]i[0x89][0x81][0x9d]5AZ}[0x87][0xdd]y[0xb8]fM[0xd0]w[0xa5]P[0xaf][0xfd]`l[0x86][0xb4]l[0xf][0xbb][0xa3][0x6]8[0xcc][0x10][0xdd]D[0xec][0xce][0xc3][0x15]f[0xe8][0xcb][0xc5][0xa8][0x1a]f[0x88][0x96][0x10]8[0x7]e+[0xb8]g[0xa6][0xe6]`4[0xbb]B@[0x87][0x8c][0xe7][0xa5][0x83].H[0xcc].[0xca],([0xce]D[0xb8][0x95][0xf8][0xbd][0x83]f[0x16][0x88]q[0x1f]$[0xcb][0x14][0xb2]Su1[[0xc2]T[0xb2][0x11][0x91]a[0xd1]l[0xc4],![0xa8]d#[0xa2][0xe3]L[0x9f][0x9b][0xae][0xcc][0x90].@[0x3][0xfb]1[0xb9][0x84][0xb6][0x85] [0xd2][0xc2][0x8]:[0xf9][0x90]^M[0xc]c3zU[0xfc][0xc6]f[0xf4][0xaa][0x8e][0x8d][0xcd],[0x11]U[0x9]M+~csP[0x87][0x94].C[0x4][0xe6]H[0xd7][0xe4][0xd2][0xda]O[0x88][0x12][0x84][0xd6]6[0xd1]-[0x9e][0x90][0xba][0x8c]4[0xf6][0x93]!bB[0xcd]3[0xc0][0xc3][0xdf][0xcf]U[0xc1][0xd0]T! [0xc8][0x1f][0xa3][0x82][0xf1]p[0xf5]s[0xf][0xf0][0xf7]CT+&[0xa0][0x91]bb[0xa6][0xa3][0xcc][0x91][0xd6][0xa9][0xd1][0xda]7[0x88][0xfa][0x8b]v[0xbe][0xa1][zCZ[0x98]C[0xe3]pCZcCk[0x9b][0x10][0xe9][0x8d][0xd6]6![0x1a]N[0xb4][0xb6][0x9][0xa9]E[0x91][0x98]W[0x2][0xd9]a[0xe6][0x9b]X[0x4][0x9a]t[0xf5]I[0xcc][0xc5][0xbc][0x6][0xc8][0xb5]D!#3[0x19][0xb4][0xea]6[0x1f]i[0x1a][0x15]4[0xfa]MT~BZ[0xc1][0x91][0x94]X[0x9c][0x9a]R[0x94][0x96]Y[0x81][0x91]_[0xc1]2[0xa9]i[0x89][0xa5]9%)[0xa0][0x9d]n[0xd0][0x8e][0x94][0x99]%h[0xf0][0x96]8k[0xe8]5[0xb1]i[0x8e]t[0xf3][0x15]m[0xc6]^[0xd1][0x1b][0xe8]Hc[0xaf][0xe6]Hw`[0xd1]8[0x9d][0xd0][0xed][0xb8][0x11]s[0xba][0xcd]~[0x9b]S[0xf7][0xb4][0x11]|[0xf1][0x84]4aK[0xe3]x2[0xa1][[0xc9]A[0x85][0x19]d<C[0xff][0xc8][0xa9][0xdc][0x4][0x91][0x99]iV3[0x82][0x1a][0x4][0xd0][0xd6]%[0xfd][0xb3]1[0xd2]l[0xf2][0x0]XN[0xb7]Z[\r][0xe9]R[0x1c][0x1a][0xe7][0x2][0xa4][0x8b]i[0x6] @[0x11]U[0xea][0x0]X[0x8e]h[0xe7][0xf][0x80][0xe5][0x88][0x8c]J[0xcb][0x91][0xe]Q[0x18][0x0][0xcb][0x11][0xeb]A[0x6][0xc0]rD[0xe][0xa6][0xc7][0x18][0x8d]9[0xdd][0x16] [0x98][0xd3][0xed]h[0x7]s[0xa4][0x5][0x8][0xd8][0xc7]O[0x7]tx[0xd7][0x1c][0xd4][0xf0][0x85]VO[0xd8][0x9d][0x87][0xd4][0xb7][0xb5][0xc4][0xb7]0[0x8b][0x8a][0xc3][0xbb][0xe6]t;[0xa1][0xc1][0x1c]i)[0x5]v[0xef][0xf]l[0xec] [0xad][0xbf][0xc0][0xee][0xbc][0x1][0x89][0x1d]DKp[0x10]9[\n]"
05:47:39.530 [main] DEBUG org.apache.http.wire -  << "1[0x0][0x81][0xdd]Q[0x3][0x1c][0x91][0x88][0xda][0x13][0xbb][0xf3][0x6]$"[0x11][0xb5][0xea][0xe0]q[0xd4][0xe0][0x9e][0xe]3G[0xb9][0x9d][0xc5]?[0x2][0xdf][0xe5],t[0xdb]xe[0x8e]t=[0x8b]Kivi[0x1e][0xc6][0xb8][0x7]"u[0x99][0x11]}[0x9e][0x88]9[0xd2][0xe9][0x11][0xd8][0x93][0xc7][0xc0]f)[0x94];_[0x6]ML[0x10][0xca]R[0x3][0x1b]fH[0xc7]?`[0x8f]RDB[0xa1]_[0xea][0xb5]$4[0xc3]<[0xc0]a[0x86][0x18]>[0x1f]Da6[0xb8][0xab];[0xa4][0xc9][0xbb]A[0x14]f[0x83]:oZ [0x1d]a1h[0xc2][0xcc][0x2]i[0xbb]:Mv[0xa2][0xa0][0x8f]mR[0xb1][0x17]a[0x81]4[0xdb]:[0xf4][0xdc]N[0xa8][0x8d]=[0xa0]e[0xa2][0x5][0xd2]M6[0x83]([0xad]"[0x86][0xc7]h;[\n]"
05:47:39.530 [main] DEBUG org.apache.http.wire -  << "h[0x81]t[0xd8][\n]"
05:47:39.530 [main] DEBUG org.apache.http.wire -  << "[0xdd][0x7]e,[0x90][0xa6][0xc1][0xb1][0x87][0xfd][0xc0]&[\r][0xa4][0xb9]s[0xec][0xce][0x1b][0x80]&[0x86][0x5][0xd2]d[0xfb][0x90]+[\n]"
05:47:39.530 [main] DEBUG org.apache.http.wire -  << "[0x90][0xd6][0x94]c[0xf][0xd0][0x1][0x8e]oB-[0x91][0x1][0x89]o[0xba][0x15][0x5]H[0xcb][0x11][0x86]^[0xca]B4[0x88][0xc0][0x5][0xa6]cQfzb~[0x9][0xe8][0xf4]I[0xd4]#`[0xf1]m[0xc3] vs[0x84][0xb1][0x5][0xd2]z[0x8a]![0x17]THG[0x9b][0xd0]g[0xf5][0xa0][0x5][0xd2][0x11]'[0xe0][0xc8][0x9][0x8][0xa6][0xcd][0xb6][0x1]c[0xb][0xa4]cJ[0xe8][0xe5]7D[0x99]Ak[0xbf][0xd1][0xad] @:[0xb8][0x83][0xc6]~B:f[0x83][0xd6]6!&[0x9f][0x86]\[0x8e]5F+[0xdc]h[0x97][0x90]v[0xeb][0xe3][0x8c][0xf]D%H|y[0x89][0xb4][0xe]B[0x1]cD[0x8f]:E2[0xd2][0x2][0x8][0x9c]N[0xa7][0x8e]MH[0xcb] [0x86]\RBZEA[0xeb]PBL[0xb8][0xd2][0xda]&[0xc4][0xa0][0x1b][0xad]mBteim[0x13]b[0xa4][0x8e][0xd6]6[0xd1][0xad][0x2]C[0xba][0x6][0x83][0xd6]~B[0x14][0x98]C.[0x87]"-[0xd1][0x18]zn[0x1f][0xc2][0x95],[0xd2]][0x1c]C/[0xdc][0x11]%[0xe0][0xd0]s;[0xa4][0xfc][0x1][0x0][0x0][0x0][0xff][0xff]"
05:47:39.530 [main] DEBUG org.apache.http.wire -  << "[\r][\n]"
05:47:39.530 [main] DEBUG org.apache.http.wire -  << "A01[\r][\n]"
05:47:39.530 [main] DEBUG org.apache.http.wire -  << "JU[0xb2]R[0xca][0xcc]K[0xc9][0xcf][0xcd]L[0xc5]h $f[0x97]*[0x14][0x97]f'* [0x14]@W;[0x1b][0x11]=[0x5]h[0x81][0xb4]x[0x5]Z[0xfa]`Nx[0xe2]k[0x1f][0xd0]m[0x12][0xc9][0xc2][0xc]1[0xc1][0x8e][0xd3][0xa5][0x88]F[0x18][0xbe][0x9d][0xb3][0xd4][0x1c][0x82]6G[0xaf][0xcf][0x8b]M[0x8b]1b[\n]"
05:47:39.530 [main] DEBUG org.apache.http.wire -  << "[0x1e][0x80][0xe8]gX[0x98][0x99][0x99][0x11][0xb7][0x90][0xd5][0x2]i[0xaa][0x16][0x11][0xdd][0xa8]}x[0xaa][0xa4][0x7][0xa4]c[0xfe]ik[0xf]"6ik[0xf][0xa2][0xce][0xa3][0xa9]=H[0xf3][0xae][0xb4][0xb5][0x7][0x91][0xde]hk[0xf]R[0xb7][0xba]2/[0xb5](=[0x13]|[0x81][0x10][0xe4][\n]"
05:47:39.530 [main] DEBUG org.apache.http.wire -  << "-[0xec][0x97][0xf8]x[0x16][0xe5][0x83][0xd6]%[0xc0][0xca] K[0xd0][0xae]Zbv\X"m[0xcf]C[0x1c][0xed][0xe]2M[0xc1])[0xbf][0xa4]$[0x7][0xb3][0xe4]s[0xce][0x7][0x1d][0xef]W[0x2][0x92][0x80][0xda]fn[0xe][0xca][0x88][0xc4][0xd9][0x86][0xa8][0x8d][0x83]sRS[0xb3][0x15][0xdc][0x8b][0x12][0xf3]2KR[0x15][0xc2][0x13]srRK02/[0xec][0x8c]yD[0xd9]bb[0x0][0xda]fN[0x9c]e[0x88]`[0x1c]bU[0x90][0x89])[0xbd][0x8e][0x97]615@[0x14][0x6]4?T[0x5]if[0x7][0x8f]][0x88][0xc8]&[0xb6]7ob[0x8a]4/[0x82][0xc7]dx]@[0xc9][0xf1]=[0xa6][0x86][0x88]b[\r]Z[0x19][0xd2]f[0xec][0xd0][0xc4][0x14]i\[0x14][0xfb][0xe4][0x4]"[0xa8][0xe8][0xd5][0x16]01[0xa5][0xd7][0xd0][0xa9][0x89])[0xbd][0xee]k71E:%[0x99][0xa6]Qjl[0x81][0xb4][0xef][0x8c][0xd6]6[0xd1]md[0x0]iC[0x96]cjQ~Je^"[0xe8][0x82][0x10][0xd8][0xc5]w![0xa0][0x1b][0xe8]0[0x8a]v[0xd7][0x8a][0x82][0xd4][0x94][0xcc][0x92]D[0x85][0xd2][0x12][0xd0][0xb1][0xce][\n]"
05:47:39.530 [main] DEBUG org.apache.http.wire -  << "[0xc9][0xf9]E[0x5][0xf9]E[0xe4][0x9d][0xeb]l[0x81]t-t0R[0x8d][0xe9][0x93][0x99][0x97][0x9a][0xa7][0xe0][0x94][0x98][0x8e]i{q[0x89]BjQQ~[0x91]B^fFf[0xe][0xc8][0x5][0x99]%[\n]"
05:47:39.530 [main] DEBUG org.apache.http.wire -  << "[0xc5][0x99]y%[\n]"
05:47:39.530 [main] DEBUG org.apache.http.wire -  << "E[0xa9]E[0xa5][0xb9][\n]"
05:47:39.530 [main] DEBUG org.apache.http.wire -  << "[0xa5]99[0x89]d[0x1d]8kA[0xb7]Mc[0x16]&[0x88][0xf6][0x8][0x8d][0xd3][0x12][0xdd][0x8e][0x81][0xb5][0xa0][0xdb]F8[0xb][0xba][0x1d]8k[0x81]t%[0xea][0x10]k[0x88][0x18][ [0xed]`[0x80][0xa6][0xb1][0xc1][0xda]G[0xc5][0xdc][0xd6][0x80][0xe9]RD}I[0xb7]>*R[0x8b]7?[0xaf]R[0x81]v[0x13]%[0x98][0x7]:b[0xfa][0x1f]_[0x3][0x88]^-[0x8]c[0xb][0xa4][0x13][0xba]p[0xa6][0xa9][0x1][0x88])[0xc4][0xa8][0xf]NW[\r][0x92][0xf0]Ctlp[0xba]t[0x0][0xc2][0xf][0xd1][0x91][0xc0][0xde]X[0x1d][0xd8][0x95]4[0xa0]n#tP[0xf][0xbb][0xf3][0x10]!F[0xbf][0x9c][0x80][0xb4][0x1d][0x83][0xa6]#[\n]"
05:47:39.530 [main] DEBUG org.apache.http.wire -  << "[0x98]W[0x8a][0xe][0xd6][0xb2][0x1]i[0x7][0xc8] J[0xdb][0x16][0x18]m[0xe9]A[0x1b]~[0x18][0xb3]t[0x98].E[0xa4]tz[0xd5][0x82]HGh[0xd1]4[0x9d]#[0x1f][0xa0][0x5][0x1e]_[0x82][\r] )[0x84]'[0x96]$g`t[0x3]|R[0x13]K2R[0x91][0xce]*[0xb1]0[0x2][0xed]A'fx[0xc9][0x2]i[0x15]>d,+<??[0x87][0xf8][0x81],##P[0x89]D[0x9c]MH[0x3][0xe]H[0xbd][0x9b][0xe0][0xcc][0x9c]l[0x5]g[0xac]Wk@[0xee][0xdd]@[0xc4][0xb3][0x91][0x11]h[0xc][0x9b][0x18][0xcb],[0x91][0xd6][0xa4][0xbb][0xc1]O[0x96][0x81][0x98][0xa7][0xe0][0x9c][0x8f][0xe5][0x14][0xe1][0xe0][0xfc][0x9c][0xd2][0x92]D[0x85][0xd4][0x12][0x85][0xe4][0xd2][0x82]LP[0x97][0xae]$[0x15][0xe9][0x88][0x19][0xfc]W[0x1d]![0x9d][0x17]a[0x89]<[0xe6][0x85][0xe4]M[0xe7][0xfc][0x82][0x82][0xd4]"[0x5][0xef][0xbc][0xcc]4[0xd0][0xa0]#[0xea][0xb8];[0xc4]a[0x8][0x8f]ZX[0x82]:[0xd8][0xc4]y[0x14][0x91]S[0x86]Z[0xab][0xdc][0x12]i[0x85]8$[0xed]A[0x8f][0xfe][0x9]H[0xcc]+[0xc1][0x9c][0x2][0x9]*MJBN[0xe4][0xa6]f[0xa0][0xcb][0xbf][0x89][0xb]$D[0xa5][0xe][0xb1][0x8][0x9e][0xa1][0xb0][[0x5][0xed][0xf3]#"[0xc4][0xd2][0xc2][0xd4][0x88][0xb8]i[0x16]K[0xa4][0xd1]A[0xe4]a[0x4][0xb8][0x8d][0xde][0xa9][0x95]I[0xf9][0x89]E)[0x84]s[0xb1][0x19][0xf8][0xfc]/[0xa2]<[0x88][0xb4][0xde]{[0xc8][0xa5][0x2][0xa4][0xb3][0xb7][0x83]s[0x13]sr[0x90][0xae]d[0xc5]Z*`[0x89][0x1c]PB".[0x9c][0x10]c[\r][0x9e]y%[0xa9]99[0x99][0xe9][0xa9]y%[\n]"
05:47:39.530 [main] DEBUG org.apache.http.wire -  << "[0x90][0x11][0x16][0xec]i[0x1]<_[0x81]H[0x9][0xe6][0x16][0x86][0xa6]D[0xa6][0x4][0xa4][0x5][0xe5][0x1e][0xa9][0x89]e[0x95][\n]"
05:47:39.530 [main] DEBUG org.apache.http.wire -  << ".[0xa5]%[0x95][0x8][0xdf][0xe1]L[0x8][0xa0]y[0xb]d[0xb]AC1[0xc4][0xf9][0xe]Q[0xbf][0xc3]/(s[0xce]/)[0xc9][0xcf][0xc3]U[0xa0]C2[0x1c][0xc2]2[0x13]K[0xd0]@:q[0x96]![\n]"
05:47:39.530 [main] DEBUG org.apache.http.wire -  << "[0x1e][0xe4][0xc1]*[0x90][0xe3][0x15][0x9c]R[0xf3][0xb0]TS[0x98][0xa5][0x1c][0xe8]8e[0xe2],C[0xf4]j[0x2][0x8a][0x12][0x93]K2[0x93][0x13]s`[0xd7]2y`)[0xcd][0xa1][0x13]2[0x8][0x8f][0x99][0x1a][0x83]V[0x16][0x13]g[0x17]R[0xbf][0x4][0x9c][0x1e][0x3][0x12]A%7[0xf6][0xaa][0x17]=[0x0][0x8d][0x8c]A+e[0x89][0xb3][0x7]Q([0x5][0x95][0x82][0xa7][0xc6][0xa0]u[0x4][0xd6][0xfa][0x9]"[0x87][0xf0][0x90][0xa5])[0xf1][0x16]!*^[0xe4][0x12][0x9]R[0x9e]*`[0xb]>[0x88][0x14][0xc2]2#[0x13][0xd0][0xa1][0xcd]D[0xf9][\n]"
05:47:39.531 [main] DEBUG org.apache.http.wire -  << "[0x14][0xcc][0xd0][0xe][\n]"
05:47:39.531 [main] DEBUG org.apache.http.wire -  << "[0xd2][\r]Z[0x90][0xc][0x86][0xbd][0x96]G[0xf]B3cP[0xc6]![0xce]2Dv[0xf6][0xc9]L[0xcf]()O[0x5][0x91][\n]"
05:47:39.531 [main] DEBUG org.apache.http.wire -  << "[0x10][0x13][0xb1][0xfa],<??%[0x15]i[0x8e][0xd1][0xd4][0x12][0xb4]R[0x96]8[0xcb][0x10][0xb9]k[0xc8][0x95][0xb1][0xc8]s[0x10][0xe0]4[\r][0x9b][0xff]T[0xc0]^[0xe8]a[0x94][0xb1]f[0x16][0xa6][0xc6]D[0x16]{H[0xf7]L[0xc2]K!H[0x16][0xc2][0x96][0xd4]0[0xda][0xae]F[0xe0][0x83][0xe3][0x89][0x8b][0x11]DNu[0xcd][0xcb]/[0xca][0xcd]/-F[0x14][0xaf][0xd8]=[0x86][0x9e][0x8d][0x8c],@g[0xfe][0x12]g[0x1b]"[0xbf]"g#[0xdc]^[0x3][0xb5]l[0x11]y[0x88][0xf8][0xf3][0x3]-[0x91][0x96][0x89];[0x96][0xa7][0x16][0xe7][0xe7][0xa6]*@[0x8b][0xf1][0xe0][0x8c][0xcc]"[0xcc][0xf9]e[0xb4]*[0xca][0xc2][0x92][0xd8][0x3][0x11][0xc1][0x89][0x1f][0x9a][[0x11][0xf3][0xe6][0xf0][0xb4][0x81][0xa3] [0x2]U([0x8]YX[0x80][0x16]|[0x10][0x15][0x82][0xc6][0x88]QD[0x84]m[0xd0][0xa2]Z! '[0x11]<[0x1d][0x8f][0xda]2[0x6]U'[0x8][0xbb][0x8c][0x8d]A[0xfb][0xc0][0x89][0xb3][0xb]Q4@KWH[0xd6][0xc7]a[0xf]F[0x82]77[0x4][0x8d]6[0x10]g[0x15]b[0x91][0x18]<[0x19]B[0x93][0xb5][0x2][0xd6]S,[0xa1]^F[0xf8][0xcb][0xc2][0x90][0xe8][0xa6],[0xd2]E[0x80].[0xa5]E[0xa0]9)D[0x92][0xc7]^[0xed][0x82]:t[0x8][0xab][0xcc][0x88]_y[0x80]t[0x16][0xe2][0x90]+[0xf0][0x90]&[0xf3][0x90]k[0x6]x[0xd2][0xc6]qa+jr35[0x1][0xcd]M[0x11][0x97][0x6][0x10]u,[0xb2]}[0xf0]V?[0xb6][0xa2][0xf]5bL[\r]A[0xa7][0x9d][0x13]e[0x19][0xd2]<![0xb2]e[0xd0][0x4][0x8e]}i[\r]z[0x95]nb[0x8]:[0x1b][0x83]8[0xeb][0x10][0xd9][0x16][0xa9]J[0x7][0x17]:8n[0xdf][0x5][0xcb]![0xd2][0x9c][0x91]1[0xe8][0xa8]P[0xe2][0xec]Bd[$[0xbb][0xa0][0x15]:[0xf6][0xf6][0x3],N[0x11][0xf6][0x19][0x83][0xf][0x9]#[0xce]>[0xa4][0xbc][[0x94][0x9e][0x9f][0x97][0xf][0x9a][0xf2][0x85][0x17][0xb6][0xf9][0xa9][0x98][0xdd]P[0xd4]R[0xdd][0xdc][0x10]t[0xcd][0x9]qV![0xda][0xf][0xc8][\r]fh[0xac][0xe1]H ([0x8d][0x15]3K[0xa2][0xd3]#[0xd2][0xb4] [0xfc][0xc2]dHM[0x85][0xbd][0x1d][0x8b][0x1e]c&[0xa0][0x11]L[0xe2][0xbc][0x85]h[0x9a]C[0xba]o[0xd0][0xd2][\r]GA[0xb][0x95]ED[0x96][0xa5])[0xe8]D7[0xe2][0xac]B[0xd4][0xf7][0x18][0x83]:[0xd8][0xc2][0xf][0xdc][0xea]D[0xd8]df@[0xf4][0xa8][\n]"
05:47:39.531 [main] DEBUG org.apache.http.wire -  << "[0xf2][0x9e][0x17][0xf0][0x8][0x1c][0xa4][0xdd]@[0xac][0x9f][0x8c]MA'[\r][0x13][0xe5]'[0xa4]}#C[0xae][0x90][0x5][0x8d][0x89]@[[0xf][0xd0]Qn[0xda],!2[0xb6][0x4]5>[0xa1]6![0x97]x[0xd0]Z[[0x1]Gi[0xe][0x89]4D[0x2]05[0x1][\r][0xce][0x11][0x17]-[0x88][0xcc][0x8a][0xe8]p[0xc2]*u[0xec][0xe5][0x10]F[0xca]61[0x5]m9 [0xce]:Dg[0x1a]i[0xa8][0x0]T[0x1b][0xe1][0x18]1[0x84][0xfa][0x1c][0xe1]7#Cb[0x17][0x2][[0x82][0xc6][0x86][0xb1][0x4]&[0xb8][0x8][0xc0][0xd1][0x1f]@-[0xf4][0x8c][0xcc][0x88]n[0x86]!mM[0x81]6[0xc3][0xe0]Ubp[0x6][0xd6][0xe2][0xb5]$[0x15]|I[0xb]tU[0xa6][0xa5])hh[0x8b][0xb8]0D[0xb4][0xcf][0xa1]VA[0xe2][0x1f][0xc7][0xe0]2[0xd8][0xbb][0x88][0xf0]31[0x4][0xcd]b[0x11]g[0x11][0xf6][0xba][0x1e][0x1c][[0xd8]+_p[0xc9][0x8b]d[0x17][0xf1][0xcd]XP[\n]"
05:47:39.531 [main] DEBUG org.apache.http.wire -  << "[0x82][0xc6][0x15][0xbc]3[0x5][0xf5][0x16][0xf6][0xe][0xe]F[0xc2][0xb0]0[0x2][0xdd]1B[0x94][0xc7]@[0xdd][0x6][0xa8]e[0xc8][0xa3]c[0xa0]v[\n]"
05:47:39.531 [main] DEBUG org.apache.http.wire -  << "[0x8e]d[0x88]V[0xc2]Z[0x1a][0x82]:[0x9a][0xc4][0xd9][0x85][0xa8][0xe8]Qr4t[0xac][0x5][0xeb]:Z[0xb4](37'[0xde]g[0x88][0xec][0x8c][0x94][0xbf][0xa0][0xcd][\n]"
05:47:39.531 [main] DEBUG org.apache.http.wire -  << "[0xec][0xcd]f4[0xaf][0x91][0xd0]<[0x3]eDh0[0xe][0xb9]"[0x1d]s3[0x7][0xad][0x8a]t[0xcc][0xcd][0x18]4[0xb3][0x9][0x91]_i\M!-[0xde][0xa1][0xe5][0x4][0xa1]%h[0xa5]:4[0x85][0xd1][0xd6][0x1e]D[0xb6][0xa1][0xad]=[0x88][0x18][0xa2][0xa9]=[0xa0]"[0x9e][0x1e][0xe1][0x6][0x9a][0xa6][0x84][0xda][0x13][0x10][0xac][0x80][0x99][0xae][0xd3][0x13]sS[0x15]L[0x15][0x8a]K[0x12][0x91]&m[0xf1][0xaf][0xd7]@[0x9e]b[0x4][0xf5][0xdc][0xa0][0xc6][0xd3]8A[0x83][0xba][0xa4][0xf4][0xb1][0x9]4[0xc]G'[0x9b][0x10][0xdd]Y[0x1a][0x87][0x1e][0xa8]z[0xa2][0x93][0x9f][0x10][0xdd]X[0x9a][0xfa][0xc9][0xc4][0x0]y[0xb6][0x8e][0x96]+[0x1]M[0xc][0x90]6C[0xd0][0xda]O[0xf4][0xb]=D[0x81]Jk?!z[0x14][0xb4][0xb6][0x9]i[0x0][0x80][0xc6])[0x2][0xd1][0xff][0xcf][0xc][0xc8][0xc8][0xcf]K5[0xc4][0xbc][0xea][0x10][0xbc]?25[0x5]v!*R[0xa3][0x1b][0xef][0xc9][0xe4][0x88][0xe2][0xd5][0xc4][0x0][0xe9][0xb8]&Z[0x7][0x1d][0xa2][0xde][0xa3][0xb1]MH[0xd3]r[0xb4][0xb6][0x89]N[0xc5][0xab][0x89][0x81][0x11][0xa2][0xb]Ak?[0xd1][0xad][0x80] k[0xb][0xf]"[0x91][0x13][0xbd][0xd5][0xcc][0x0]4@E[0x8f][0xba][0xc9][0xc4][0x0]i[0xb4]:73'[0x1b]c[0xdd][0xb][0xc2][0xf5][0xf8][0xd6][0xf1]!gP[0xd0][0x82][0x8][0xa8][0xdb][0xa9]e""[0x82][0xe9]r[0xbc][0x95][0x89][0x1][0xd2][0x81]@[0x9e][0x5][0xa0][0xb2]L[0xc1][0xd0]P[0xc1][0xcc]D!=[0x9]#[0x80][0xf0]-[0xd7]&>[0xc2][0x91][0xee][0xbf][0x19],+[0x87]M[0xc][0x90][0x86][0xa2]h[0x17][\n]"
05:47:39.531 [main] DEBUG org.apache.http.wire -  << "[0xd4][0xdb][0xac]o[0x2][0x1e][0xd7][0x85]&[0xbd][0xe0][0xec][0xaa][0xfc]|[0x85][0xf0][0xfc][0x9c][0xb4][0xe4][0x8c]D[0xd0][0x92][0x2][0xd4][0x99][0xcb][0xe0][0x92][0xa2][0xc4][0xca][0xec][0xcc][0x14][0xd0][0xc][0x2]t0[0xcb][0xd0][0xc][0xb4]8[0x8c][0x88][0xe1][0x11][0x13]S[0xa4][0xa9][0xd2][0xe0][0xc4][0xdc][0xe2][0xd2][0xbc]t[0x85]`#c[0x85][0xd0][0x9c][0x92][0xa2]D[0x8c][0x4][0xe2][0x9e][0x98][0x93]XQIr>2[0x5][\r][0x87]C=3h[0x92][0x84])h[0xaa][0x8][0xea]([0xc2]>G[0xf8][0x99][0x94][0xb0]Ej[0x84][0x11][0xc][0xdb][0x8c][0xcc][0xca]DP[0x88]C[0xa3][0x90][0xc8]"[0xca][0x14][0xe9][0xc6][0xba][0xc1][0x13][0xb4]H[0xfb][0xdf][0x6][0x91][0xa3][0x90]b[0x83][0xa6][0xcd]GS[0xa4]9[0xb1]A[0xe4]}D[0xeb]y[0xf0]8[\n]"
05:47:39.531 [main] DEBUG org.apache.http.wire -  << "[0xe9] [0xb6]A[0xe4](D[0xc3]r[0x10]9[\n]"
05:47:39.531 [main] DEBUG org.apache.http.wire -  << "[0xa9][0x9b][0x5][0x9e]([0x84][0x8e][0xbf]c]|[0xe6]Z[0x91]Z[0x94][0x9c]Y[0x92]X[0x92][0x99][0x9f][0x97][0x9a][0xab][0x90][0x9b][0x98][0x9e][0x97][0xa9][0x90][0x9f][0x92]Y[0xa2][0x90][0x92][0x9f][0x93]_D[0xc6]rs[0x13]S[0xa4][0x1a]t[0xf0][0x84][\n]"
05:47:39.531 [main] DEBUG org.apache.http.wire -  << "[0xd2][0x91]O4m[0x99][0x1b][[0x9a]#[0xb2][0xf]MG[0xe]A[0xeb][0x1f][0xa1][0xb5][0xd2][0x90][0x1b][0xd3][0x7]M[0xe5]C[0xdd]N[0x93][0xd1]HD[0x1]N[0x13][0xe3][0x11]9[0x8c]&[0xc6]#[0xc6][0x14]ha<[0xd2][0x96]![0x1a][0xe7][0x4][0xd0]:[0x14]h,[0xd3][0xda]&D[0x9e][0xa3][0xb5]M[0x88][0xc8][0xa1][0xb5]M[0x88][0xc9]cZ[0xdb]D[0xb7]1[0x1f][0xa4]C[0x91]h[0xea]'[0x13][0x3][0xa4]kIhm[0x13][0xdd][0xc6]|[0x90]n[0x6][0xa1][0xb5][0x9f][0x10][0x5]([0xad]mB[0x94][0xa5][0x18]6[0x1][0x0][0x0][0x0][0xff][0xff]"
05:47:39.531 [main] DEBUG org.apache.http.wire -  << "[\r][\n]"
05:47:39.531 [main] DEBUG org.apache.http.wire -  << "1BD[\r][\n]"
05:47:39.531 [main] DEBUG org.apache.http.wire -  << "*[0x0][0xb5]J[0x94][0xac][0x94][0xa8]3[0xda][0x0][0xda][0x91][0x3]-[0x8d][0x86]X}ib`[0x80](u[0xb0]7[0xa9][0x6]r[0xb][0xb8][0x89][0x1]h[0xc][0x1][0x1a][0xb4][0xd8][0x9d][0x87][0xe8][0x14][0xe3][0x9f]R[0xa4][0xe2][0xb8][0x88][0x1]h[0x95][0xe][0xd4]QC.[0xbe]A[0x1b]i[0xa0]n'>W [0x2][0x99][0xf8]!8[0xd0][0xe2][0x18][0xfa]X[0x84][0xa8][0xa1][0x87]^l [0xea][0xc7]![0xe7]v[0xd0]^"[0xba]D0[0xf2][0xf0] [0xd1][0x83]&[0xe4]$Y[0xa4]!B*[\r][0xb5]#[0x8d][0xef]Q[0xcb]DD[0xfd]I-[0x13][0xc9][0xa9]'[0xc9][\n]"
05:47:39.531 [main] DEBUG org.apache.http.wire -  << "^DF[0xa5]m[0xd1]3t[0xf7]r[0x98][0x18] [0xed][0xe5][0xa0][0xd7][0xe4][0xc][0xa2][0x95]I[0xbd]i[0x9]S[0x1d]%[0xe7][0xc4][0x92][0xd4][0xf4][0xfc][0xa2][0xcc][0xd4]b%[0xab]h[0x94][0x19]-D[0x82][0xb][0x8]6[0xc1][0x18][0xe0]/(6QHJ,[0x2]][0xba][0x3][0x1d][0x87]6&[0xf6]|f[0x13][0x3][0xa4]+"h[0x9b][0xc6]L[0x10]}([0xea]w[0xa5]M[0xc][0x90][0xd7][0xe4][0x13]][0xe6]![0xcd][0xbe][0x10]_O#[\r][0x12][0x1f]b[0xe4][0xd9][0x84][0x18][0xd3]$[0xcb]&"[0xa7]#[0xc][0x90]V[0xea][0xc3]v[0x8d]Avc[0xe3]X[0xd7][0x1b]X[0x9a][0x99][0xa8][0x90][0x9a]_[0xac]P[0x4][0x19][0xac]T[0xc8]KMN-.[0x6][0x8f]]&[0x95][0x16]+[0xa4][0x95][0xa6]g&[0x96]($[0xe6]e[0xe6]f"[\r][[0x1a][0x81][0xba][0x9c][0xc4][0xcc]o[0x19] -[0xe8][0xa7][0xad][0xc7][0x11]my[0xb2][0xec]!![0xd1] R?[0xd2][0xce]%[0xd8]p0[0x8e][0x1d][\n]"
05:47:39.531 [main] DEBUG org.apache.http.wire -  << "[0xae][0x15][\n]"
05:47:39.532 [main] DEBUG org.apache.http.wire -  << "[0x85][0xa5][0x89][0xa9]E[0x89][0xa0][0xd3]#[0x8b][0xc0][0xc1][[0x8c][0x14][0x9e][0xc4][0x9e]:bb`[0x8a]h5[0xd1][0xd8][0x9f]H+[0xd2][0xe1];[0x8b][0xc0][0xb][0xb3][0x15][0x9c][0xf3]s[0xb]JK[0xc0]Gt[0xa0]N[0x85]:[0x16][0x17][0xa4][0x16]e[0xe6][0x17][0xa5][0x16]C[0xce][0xa6][0xcc]ONNLMN,[0xc9]T(,%/[0xf9] [0xaf]T[0xa7][0xd9][0xec]95[0xfb]G[0xa0]=N[0xd0][0x96]!-[0x97].[0x99]![0x9a]B[0xe4]Z[0x3][0x0][0x0][0x0][0xff][0xff]"
05:47:39.532 [main] DEBUG org.apache.http.wire -  << "[\r][\n]"
05:47:39.532 [main] DEBUG org.apache.http.wire -  << "F8[\r][\n]"
05:47:39.532 [main] DEBUG org.apache.http.wire -  << "J,[0xc9][0xcc]K/V[0xb2]B[0xbf]u[0x15][0xb9][0xba]2CTW4[0xb5][0x6][0xa9]u[0x84]t[0x94][0xe]x[0xa3][0x5][0x8e][0xc][0xe5]X[\n]"
05:47:39.532 [main] DEBUG org.apache.http.wire -  << "[0x9d]LI[0xcd]U(J-H[0xcd][0xc9]I[0xcd]K)E[0xce]S[0xc4][0x97]QH+[0xd4]=[0x3]<[0xfc][0xfd]\[0x15][0xc]M[0x15][0x2][0x82][0xfc]1[0xaa]g[0xf]W?[0xf7][0x0]?D[0x3][0xd0][0x4]T[0x83][0x10][0x17][0x92][0x88]|K3;[0x90]V[0xa5][0xd3][0xce][0xe]DEF[0xc3]y[0x18][0x13][0x3]s[0xc4]B[0x1d][0xda][0xda][0x83][0x94][0xc2]iwy[0x86][0x89][0x1]h[0xdf]7[0xac]\[0xa0][0xa5]=[0xa0]S[0xba][0xa0][0xf6][0xd0][0xb8]~@ZcO[0xb3][0xd4][0x6][0xda][0x9a][0xf][0xf5][\r][0xed][0xec]@[0xa4]4[0xda][0xd9][0x81]([0xae][0x7][0xcf]P[0x1e][0xd2][0xe6][0x5]Z[0x16][0xee][0xa0]S#[0xa0]q8x[0xfc][0x8e]t[0x7][0x7][0xce]l[0x82]([0xe6][0x89]o[0x1c][0xd2]k'[0x80][0x89][0x81][0xe5]`LR[0xc8][0x7][0x1a][0x12][0xdd]u#+[0x9c][0x11][0xcd][0xfd]A[0x94][0xa8][0x10]u<[0xce]D[0x85]1[0xeb]B[0x86][0xef][0xc1][0xbd][0x85][0xc1][0x96][0xa5][0xc][0x91]Nb[0xa4][0x89][0xef][0x1][0x0][0x0][0x0][0xff][0xff]"
05:47:39.532 [main] DEBUG org.apache.http.wire -  << "[\r][\n]"
05:47:39.532 [main] DEBUG org.apache.http.wire -  << "216[\r][\n]"
05:47:39.532 [main] DEBUG org.apache.http.wire -  << "[0x82][0xb6][0xd2]M[0xc][0xe9]6ag[0x8][0xda]E>[0xf8][0xc2][0x19][0xa9][0xb1]Lt[0x1e]#g[0xd0][0xc2][0x10]i~[0x8c]V5[0xa3]![0xe8][0x18]:h[0x10][0x13][0x9f]j[0xc8][0xf3][\r]"w[0x6][0x14][0xe5][0xa7][0x94]&[0x97](8[0x96][0xe6]d&*`[0xee]-[0xc9][0xcc][0xcb][0x84][0xed]+QH[0x84][0xab][0x81][0x8e][0xc8][0x11]9[0x14]c[0x88]4SF[0x1f][0xfb][0x10]-s[0x1a][0x87]$[0xd2][0x86]-[0xfa][0xf8][0xc][0xd1]B[0xa3][0x8f]}[0x88][0xaa][0x95]>[0xf6]![0xfa] [0xf4][0xb1][0xf]Q[0x82]8[0x15]%&[0xa7]b[0xbb][0xca][0xca]71%U!?M!#3=[0x3]4t[0x95][0x93]YR[0xa9]P[0x90][0x9a]X[0x94][0x83][0x9c][0xf9]@[0xbb][0x8d][0x88][0xe9][0xfe][0x1a][0x1a]"[0xea]k[0x97]0[0x17][0x5][0xef][0xcc][0xdc][0xd4][0x92][0xe2]R[0x85][0xbc]|[0x85][0xc8][0xc4][0xcc]$[0xd0][0xba]k[0xd4][0x91]$D[0xad]hhd[0x80]:[0x4][0x8e]gx[0xdd][0x10]iG[0x17][0xc8][0x1a][0xdf][0xd2][0xf4][0xd4]<[0x85][0x90][0xa2][0xc4]L[0xcc]e[0xfb]xl[0xc0]3"b[0x88]t[0x9b][0x12][0x8d]l[0x0][0x85])[0xb4]D[0xa4][0x95][\r][0x88][0x92][0x82]V6 [0xe6]U[0x6]M[0xf3][0xcc][0x10]i[0xfa][0x10]9[\n]"
05:47:39.532 [main] DEBUG org.apache.http.wire -  << "[0x91][0x17][0x7][0x91][0xa3][0x10]C[0xdc]4[0xae]J[0x90]N@[0xc4][0xee][0xfd][0x1]][0x82]c[0x88]4[0xfd][0x8e][0xdd]y[0x88]R[0x84]nKp[0xc][0x91][0xa6][0xea][0xb1];j[0x80][0xc3][0xc]Q{bw[0xde][0x80][0x84][0x19][0xa2][0x8a]MO[0xcc][0xcd][0xcc][0xc3][0xbc]b+-[0xbf]H[0x1]"[0xa5]PPZT[0x90]_[0xc]>[0x12][0xe][0xda][0xe6]#z[0x0][0xc0][0x10]i?[0x10][0x8d][0xb3][0xe][0xd2]L[0xbf][0x2][0xc6]H5F7[0x13][0xb9][0xd6]&v[0x83][0xb4]![0xd2][0x84]<Y[0x9e]![0xb6][0xa9]l[0x8c]h[0x9a][0x93]e[0xf][0xf1][0xd1][0x83][0xb4]G[0x95][0xd6]6!*YZ[0xdb][0x84][0xa8]lim[0x13]"[0x17][0xd1][0xda]&[0xba][0xd5]@H[0xe7][0xf2][0x11][0xf6][0x13][0xf8][0xd0][0x1][0xa2][0xb3][0x12]t[0xc4][0xc2][0xc8][0x14]i[0x1f][0xb3];[0xf6][0xd2][0x7]Qd#J[0x9f]Z[0xe4]A[0xf][0xa4][0x89]}[0xc2][0xce][0x84][0xdd][0x17][0x8a](i[0x89][0xcf]![0x94]N[0xd8][0x93]`[0x13][0xa2][0xe9]C[0xbc][0x97][0x88][0xe]|[0x94][0xc0][0xa3][[0xf9][0x82]4iNc?![0xcd][0x8c]Cm[0xc2][0xb2][0x9c]('[0xb1]R[0xa1]<[0xb3]$C!+[0xb5][0xb8][0x18][0xd4][0xdb][0x2]'`D[0xb2][0xc0][0xdf]hA[0xe]B[0xa4][0x9d]^[0x90]Z[0x12][0xa3][0xca][0xa1]R[0x5][0x8a]4[0x81]>[0xd4][0x96][0x85][0x1a]"
05:47:39.532 [main] DEBUG org.apache.http.wire -  << "[\r][\n]"
05:47:39.532 [main] DEBUG org.apache.http.wire -  << "289[\r][\n]"
05:47:39.532 [main] DEBUG org.apache.http.wire -  << ""M[0x97]C[0xe3][0x4][0xf3]H(x[0xcd][0xc][0x8e][\n]"
05:47:39.532 [main] DEBUG org.apache.http.wire -  << "[0xa2][0x93]35[0xcb][0x12][0xa4]s[0xeb][0x6][0xb5]3[0x11]c[0x6][0xd8][0x1b][0x92][0x88]B[0x93][0xd8][0x14]M[0xd5]P[0xc4](T[0x88][0xce][0x80]H[0xb1]N|[0xe]D[0x9a][0xdd][0xc7][0x1e][0x1c][0x3][0x11][0x8][0xe6][0x18][0xad][0x1c][0xa2][0x3][0x81]X[0xe7]"[0x97]BH[0xe7][0xe1][\r][0xb9][0xc2][0x1]iE[0xc3]`[0xce]u[0x98][0xf7]r[0xd2]6FIiR[0xe]\[0x91][0x89][0xb4][0xfd]x[0xe8]%<D9:[0xa8][0x13][0x1e])M[0xfe][0x1]L[0x9][0x88]b[0xc8][0xa5][0x4][0x92][0x16][0x7][\r]\[0x10]#[0xad],[0x1a][0xcc][0x9][0x16]iq[0xd2][0xd0]K[0x9][0x88])5[0x9a]M[0xed]Z [0x6][0x2][0xa1][0xd1][0x88]y[0xb7]'[0xbc]5[0xc][0xeb][0xb2][0x12][0xdd]4[0xa2]fS[0xce][0x2][0xa3][0x12][0xc2]t)[0xa2][0xb9][0x82]oT[0x8b][0xaa][0xae]B[0xf4][0x8f]=[\n]"
05:47:39.532 [main] DEBUG org.apache.http.wire -  << "[0x14][0xc2]2[0xcb][0xf2][0x15]"[0x8d][0x8c]0[0xfa]][0xb9][0xa9][0xb9][0x99]9[0x99][0xd9][0x99][\n]"
05:47:39.532 [main] DEBUG org.apache.http.wire -  << "[0xc5][0x5][0xa9][0xc5][0x99]i[0x99][0xd9][0x89][0xc5][0x99][\n]"
05:47:39.532 [main] DEBUG org.apache.http.wire -  << "[0x95][0x89]y[0xe9][\n]"
05:47:39.532 [main] DEBUG org.apache.http.wire -  << "[0x89][0x5][0x99][0xa0]S[0xd8][0xa0]c[0x98][0xc6][0xa0]y4b[0xd7][0xed][0x1b]"[0xad][0xda][0x82]F[0x1e]M[0x9b][0x1][0x98]'[0xdd][0xd2][0xd6]:D![0xe][0xf5][0x1d][0x9e][0x8e][0x1a][0x96][0xa4]I[0xfc] [0x7][0xd1][0xc7][0xdd][0xe2][0xeb][0xa6][0x1b][0x13]=bK[0xcc][0xba]6|y[0x8e][0x4][0x8f][0x91]2[0xea]8pu[0x9][0xe8][0x2][0x3][0xe8]l*[0xfe][0x98][0xa6]R[0xf8]c[0x94]yx[0x12][0xd6][0x0][0x86][\n]"
05:47:39.532 [main] DEBUG org.apache.http.wire -  << "F[0x81][0x87][0xc3][0x99]T[\n]"
05:47:39.532 [main] DEBUG org.apache.http.wire -  << "[0x15]DI[0x86]?[0x12]2[0x12][0x8b][0x15][0x6]0T[0x86]FC[0x19][0xe9]&g[0xec][0x3][0x1][0x3]:.[0x2][0xde]v[0x1][0xcd]q[0x83][0xd2]y[0x88]r[0xb][0xbb][0xf3][0x10][0x15]=[0xfe][0xb1][0x19]*V[0xf5]FHK[0x1a][0xb1];j[0x80][0xa3][0x14]Q\`w[0xde][0x80][0x84][0xd9][0x90](T[0x8c][0x90][0x16]Q[0xe][0xe2][0xb2][0xcf][0x8]i[0x1d]&[0xf6]([0x1e][0xd8][0x14][0x88][0xb4][0x98][0x12]r[0xf9][0x18]d'"[0xb6][0xcb][0xc0][0x9c]r[0x12][0xf3]R2K23[0x8b][0x15][0x92]Ks[\n]"
05:47:39.532 [main] DEBUG org.apache.http.wire -  << "[0x12][0x15]R[0xf3]2sA[0x1b]Y[0x13][0x91]6\[0x82]N[0xe5]%f[0xe1][0x9a][0x11][0xd2]1[0xf8][0x83]2\[0x10][0xfd]8[0xda],[0xe5]22D[0xb4]h[0x6]e[0x0][0x10][[\n]"
05:47:39.532 [main] DEBUG org.apache.http.wire -  << "P[0xa5]%c[0x84][0xb6][0x8e][0x91][0xfa][0xb][0xc][0x8d][0x90][0x96]0[0xe][0xe6][0xf2][0x2]i[0x1d]$~gR'[0xdc][0x91][0x16]E[0xd2][0xc5]:[0xc4][0xb4][0x86]/h1xp~r2[0x96][0xfd][0xce][0xc9][0xf9]I[0x89][\n]"
05:47:39.533 [main] DEBUG org.apache.http.wire -  << "[0xc9]E[0xa9][0x89]%[0xa9][0xb0][0xf5][0xe2][0x88][0x9a][0xd0][0x98][0xd8][0xbe][0xb6][0x11][0xd2][0xf9][0xf6]T[0xb2][0xcd][0x10][0xf7][0x11][0x14]FF[0x88]"[0x83][0x6][0xa7]7[0x18]![0xad][0xb2]$5[0xa6][0x88][0x1e][0xfb]A[0x9a][0x12]2[0xc2]<k[0x9]s[0xec][0x6]_[0x8f][0x97]~[0x8d]<[0xa4][0xfb][0xb2][0xa1]![0x83][0xe9]RD[0xf2][0xa1][0xd3]([0x93][0x11][0xd1][0x17][0x11]P)##F[0xf9][0x7]cuB[0xf4][0xc1]N[0xd4][0x9][\r][0xa4][0xf5][0xa5]4[0xaa][0xbe][0x91][0x16][0x8b][0x92]h[0x3][0x0][0x0][0x0][0xff][0xff]"
05:47:39.533 [main] DEBUG org.apache.http.wire -  << "[\r][\n]"
05:47:39.533 [main] DEBUG org.apache.http.wire -  << "1BD[\r][\n]"
05:47:39.533 [main] DEBUG org.apache.http.wire -  << "[0xc2][0x97][0x0][0x91]3 [0xd2]9O[0x83]2F[0x9][0xf5]][0x6][0xb6]a[0x8b][0xb4][0x8a][0x93][0xda][0x7][0x2][0x19]!-[0xdf][0xa4][0xbe][0xd9][0xa4][0x8c][0xa0][0xe][0xd8][0x90][0x8e][0x11][0xdd][0xd6]{[0x1a]![0xad][0xf1][0x83][0x96][0xee][0xa6][\n]"
05:47:39.533 [main] DEBUG org.apache.http.wire -  << "[0xc1]9[0x99][0xb9][0x18][0xe3][0xf5][0xf8]*#[0xa2][0x87]_[0x8d]@[0x17]D[0xf][0xe2]Q[0x16][0x13]D[0xaf][0x1][0x16][0x1a][0xd8][0x3][0x82]:[0xe5][0xa8])[0xa1]L[0x8e][0xa8]W[0xe9]W[0xdf]c[0xae][0xd0][0xc3]1[0xc8][\n]"
05:47:39.533 [main] DEBUG org.apache.http.wire -  << "[0x1a][0xf5][0xa4]d[0x92][0xc1][0x8]i[0xcd][0x1c]=B[0x1b][0xe9][0xf0][0x99][0xc1]X[0xe2]#[0x1d][0x83][0x9e][0x92]Z[0xc]?[0xf1]VG[0x9][0xd7][0x16]3bk:[0xa4][0x9]M*[0x1b][0x8c]H[0xbe]4[0xaa][0xa4][0x91][0xce]z[0xa0][0xb2][0xd3][0x11]c[0xe6][0x83]2- [0xaa])[0xec][0xce][0x1b][0x88][0x82][0x1]iN[0x10][0xbb][0xa3][0x6][0xb6]I[0x82]t[0x86][0x5]v[0xe7][\r]H[0x98]!z[0xad][0xf8][0x8b]8[0x8a][0xb]SKD[0xd5][0x85][0xdd][0xfb][0x3][0x1c];[0x88][0x1]/[0xec][0xce][0x1b][0x90][0xd8]A[0xf4][0xea]h[0x1d];[0x84]2[0xf4][0x80][0xc6][0x8e]1[0xd2][0x1][0xf9][0x83]&v[0x8c][0x91]N[0xe6][0xa0]M[0xf5]bL[0xf0][0xa0][0x8c][0x1][0x8e][0x15]D[0xf2][0xa4]U[0x0] [0x92]%[0x8d]l@[0x9a][0x1][0xa1][0x95][\r][0x88]AO[0x1a][0xc][0xc][0x1a]#[0x9d][0x1a][0x81]=k[0xc]l[0x1a][0x19][0xdc][0xf3][0x1c][0xc6][0x86][0x83][0xb0][0xd8]7[0xc6]2WA[0xc3]>[0xaf]1[0xd2][0x9c][0xc3]`LAF[0x88][0xfc][0x83][0xdd]y[0x3]P3[0x1b]#[0xcd]-[0xd0][0xa8][0xd8]@[0x9a]O[0xf0]HM,[0xab]Tp)-[0xa9]T[0x80][0x9e]:[0x1c][0x90][0x93]X[0x92][0x8a][0xd1][0xf3]w,-I[0xcd]E?j[0xb8]([0xb5][0xa8]4[0x17]i[0x8a][0x16]|[0xca][0x15]1s[0xb4][0xc6]HS[0xe][0x8e][0xe5][0xa9][0xc5][0xf9][0xb9][0xa9][\n]"
05:47:39.533 [main] DEBUG org.apache.http.wire -  << "[0x1][0x89][0x5][0xa9]E[\n]"
05:47:39.533 [main] DEBUG org.apache.http.wire -  << "[0xce][0xf9][0x89]%[0x18][0x96][0xbb][0xe6][0x17]+d[0x16][0x14][0x97][0xe6]*d[0x96]$[0x16][0x96][0xa6]*[0xe4]$&[0xe5][0x17]e[0xe6][0x17]'[0xe6]*[0xa4][0x82][0x5]RK@[0xd3][0xc5][0x99]%[0xe4]8[0xc6][0xd4][0x18][0xd1][0x97][0xc3][0x9f][\n]"
05:47:39.533 [main] DEBUG org.apache.http.wire -  << "[0x0][0x0][0x0][0x0][0xff][0xff]"
05:47:39.533 [main] DEBUG org.apache.http.wire -  << "[\r][\n]"
05:47:39.533 [main] DEBUG org.apache.http.wire -  << "BF[\r][\n]"
05:47:39.533 [main] DEBUG org.apache.http.wire -  << "R[0xb2][0xa2][0xdb]P[0x84])[0xd2](#m[0xdb]g[0xa6]Hc[0x8e][0x83][0xc8][0xfb][0x88][0xda]y[0xf0]8[\n]"
05:47:39.533 [main] DEBUG org.apache.http.wire -  << "ihr[0x10]9j[0x10][0x96]a[0xa6][0x4][0xc7]:[0x7][0xa0]`5E:m[0x10]E[0x1f][0xa2][0xa1];[0x88][0x1c]5[0x18]s[0x1f][0xd2]~[0xfa][0xc1][0x13]RHWw;[0xa6][0x16][0xe5][0xa7]T[0xe6]%[0xe6]f&+@[0xd6]:9[0xe5][0x97][0x94][0xe4]`[0xd6][0xa5][0xa0][0x1a]2?/[0x15][0xb2][0xca][0x9][0xbc][0xd4])/3#3G!9[0xbf][0xa8][0xa8][0xb4][0xa0]$[0x13]r[0xe5]hj[0xb1]Bn"[0xe4]d[0xf6]T[0xf2][0xea]5SD[0xd2][0xa2]m[0x15]bD[0xf0][0xfa][0xde][0x1][0xed]([0x18][0x11][0xcc][0xf8][0x3][0xec]<B[0xb9]m`[0x9d][0x87]t[0xdc][0x6][0xf6]|7[0xc0][0xce]C[0xc]3[0xe]J[0xe7]!z[0x81][0xf8]3![0x95][0xa6][0xd5][0x90][0x7][0xf7][0x1][0x0][0x0][0x0][0xff][0xff]"
05:47:39.533 [main] DEBUG org.apache.http.wire -  << "[\r][\n]"
05:47:39.533 [main] DEBUG org.apache.http.wire -  << "2F4[\r][\n]"
05:47:39.533 [main] DEBUG org.apache.http.wire -  << "[0xf2][0x8f][0xc0]\[0xae]2[0xc0][0x91]E([0xa9][0xf]@[0xbb][0xc0][0x88]n'[0x80][0x18]![0x1d][0xe3][0xe0][0x9b]_Z[0x8c]Y5[0xe0][0x9b]i&v[0xce][0xcb][0xc][0x91][0x4]hh[0x9][0xa2]n[0xa1]M'[0xd5][0xc8][0xc][0x91]T[0xe8][0x91]q[0x90][0xce]j[0xa0][0xee]t[0x1b][0xd2]y[0xb]T6[0x98][0xd0][0xb6][0x88][0x81][0xcd][0xea]H[0xa7][0x12]`/[0x89][0x6]"[0xab][0x9b]#[0xba][0xfa]4J[0xb6]H[0xc7][0xe]`[0xf7][0xf6][0x0][0xc7][\n]"
05:47:39.533 [main] DEBUG org.apache.http.wire -  << ""[0xdf]bw[0xde][0x80][0xc4][\n]"
05:47:39.533 [main] DEBUG org.apache.http.wire -  << ""[0xab][0xd3](V0[0xb7][0xd1]c[0xd6][0x8c][0xf8][0xca]^#KK[0xe2][0x97][0xd7]!m[0x86][0xa7][0x95]w[0x10]Y[0x1f]Z6[0xd2][0xd0];[0x96][0x88][0xfa][0x4]j[0x19][0x8d][0x16][0xc5][0x18]#[0xed][0xa9][0xa2]M[0xc0][0x19]#[0xdd]}[0x8c]=[0xf9][0xf]h[0xee]4[0xa6][0xf9]^[0x5]c[0xa4][0xb5][0xd7]4[\n]"
05:47:39.533 [main] DEBUG org.apache.http.wire -  << "b[0xa4]5[0xd3][0x83]1[0x88][0x8d][0x6]a[0x1]h<[0xb8][0xcf][0xd4]5FZ[0xf3][0x8c]=J[0x7][0xa0][0xd2]0FZ&M[0xab][0xf3]0[0x8c][0x91][0x16]J[0xd3][0xce][0xe][0xc4][0xe2][0x15]X[0xf1]J[0xcb][0x19]9[0xa4][0xc9][0xe][0xa4][0xbb][0x10]}2[0xf3]R[0xf3]p\8[0x19][0x96][0x9f]SZP[0x92]X[0xac]P[0x96][0x9a][0x97][0x99][0x98][0xab][0x90][0x98][0x93]YX[0x9a][0x99][0x82]s[0xaa][0xc5][0x4][0xf7]N[0x16]c[0xa4][0xb3]v][0xf3][0xf2][0x8b]r[0xf3]K[0x8b][0x15]|[0x13][0x8b][0x92]rRqX[0xee][0x99][0xa2]P[0x6][0xb1][0xbf]$[0x13]t[0xbb]eYfIb[0xaa]BqiqrfA&[0xec]>[0xb9]b[0x85][0xc4]$[0x85][0x9c][0xcc][0xa4][0xd4][0xa2]|[0x9c][0xae][0xc2]sB[0xbc]1[0xd2]\[0x8b]g^IjNNfzj^[0x89][0x82]{Qb^fI[0xaa][0x2][0x8e]a[0xbc][0xc0][0xd2]L[0x85][0xe2][0xd2][0xbc][0x12][0x85][0xdc][0xfc][0x9c][0xd4][0xe2][0x92][0xcc][0xc4]T8[0xab][0x18][0xc7][0x5]w[0xc4]O[0x90][0x11][0x9c][0x94][0x19][0xd8][0x8a][\n]"
05:47:39.533 [main] DEBUG org.apache.http.wire -  << "i&[0xc4]-1[0xaf]$[0xb1][0xb8]$3Y[0xc1]9?/[0xb9]([0xb5][0x4]WT[0x6]![0xee][0xfc]SH[0x5][0xa5][0xa5][0xd4][0x12][0x85][0xc2][0xd2][0xfc][0x14][0xd0]M[0x93][0x89][0xd0]1[0xcf]\[0xd0][0xec]^bJfAfq2[0xf2][0xf5][0x93][0xa8][0x1][0x87][0xe7]>[0x1]c[0xa4]E[0xdd][0xd8][0xcb][0xaa][0x1][0xe]8[0xc4]h[0x15]l[0xe2][0x13]:[0xef][0xea][0x9d][0x97][0x99][0x86]9 [0xe0][0x94][0x9a][0x8]J[0xf0][0xd0]<[0xa7][0x80]'[0xdb][0xe1]K[0xe0]Hk[0xbb][0x7]e[0xa0] [0xc6][0xc8]h[0xd4]([0x19][0xdc]#[0xc0][0xc6]H[0xf7]'[0xf][0xc6][0xf8][0x19][0xdc]#[0xc0][0xc6]H[0xe7][0x1f][0xfb]d[0xa6]g[0x94][0x94][0xa7][0x82]H[0x85][0xf0][0xfc][0xfc][0x1c][0x5][0xe7][0x8c][0xc4][0xcc]"[0x8c][0x5][0x5]>[0xa0][0xf5][0x3][0xa9][0xf0][0x9a]%[0xb5]X![0x9][0xbe][0x5][0x1d][0xa9][0x6][0x1]5[0xcb]@[0x93]5[0x84].]5F[0x9a][0x5][0xc2][0x1e][0x3][0xd1]@2[0xa5]y[0xae]2E[0xf4][0xc]s[0x13]3[0xf3][0x12][0xf3][0x14][0x12][0xf3][0x12]A[0xe7]W[0xa1].[0xdb]/.IM-[0xca][0xcc]KW([0xcf]HM[0xcd]A[0x4][0x5][0xd1][g[0x8c][0x91]f[0xb2][0xb0][0x87][0xef][0xc0][0x16][0xea]H[0x3][0xc8][0xd8][0x9d][0x87][0xf0]3[0xdd][0x16][0x90][0x18]#[0xed]e[0xa1]Q[0xa1][0x8a]t[0xc0]4[0xad]l@[0xd4][0x96][0xd4][0xbc][0xf6][0x8][0xcf]^kc[0xa4][0x9d]2[0xc5][0xa5][0xc5][0xa5][\n]"
05:47:39.533 [main] DEBUG org.apache.http.wire -  << "[0xd9][0xa5])[0x89][\n]"
05:47:39.533 [main] DEBUG org.apache.http.wire -  << "9[0x99][0x89][0x98][0x85][0x8]X[0x1a][0x9a][0xe0][0xa1][0x7][0xb6]Y[0xa2][0x9c][0xfa][0x85][0xaf][0x99][0x82]t[0xee]4m[0xb3][0xe][0xd2][0x94][0x3][0xb4]{a[0x86]Q[0x1c][0xc2]G[0xbe][0xd0]w[0xfd][0x19][0x12][0x9f]E[0x91]f[0x1d](N[0xc][0x0][0x0][0x0][0x0][0xff][0xff]"
05:47:39.533 [main] DEBUG org.apache.http.wire -  << "[\r][\n]"
05:47:39.533 [main] DEBUG org.apache.http.wire -  << "D1[\r][\n]"
05:47:39.533 [main] DEBUG org.apache.http.wire -  << "JM[0xcf]/[0xca]L-V[0xb2][0x8a]F[0xda][0xb5]j[0x8c]t[0xe7]38[0xe8])[0x88][0x19]|m%[0xa4]y[0x7]j[0xa6]9|V"[0xcd]=@[0xe3][0x88]V#lH[0xa7]1[0xd3]([0x96][0x90][0xce]L[0xa6]e,![0xcd].[0xd0][0xd4][0x1a]Z[0xcf][0x17][0x18]#[0xcd][0x17][0x80][0xca][0x12][0x85][0xc4][0xca]D[0xcc][\r][0xa8]`/[0x82][0xa4][0x11][0x15][0x9]jQ[0x83]7u!jiZ[0xa7].[0xc4][0xd8][0x1a][0xad]R[0x17]b[0xa6][0x80][0xc6]~A[0x1a][0xc4][0xa7][0xb5]M[0x88]J[0x8e]F[0xa1][0x86][0xb4][0xb][0x92][0xd6]~A[0xb4]9[0xb1][0xb7][0x84][0x6][0xb6][0xa1][0x86]tf)v[0xe7]![0xf2][0x17][0xfd][0x1a]j[0x16][0x88]4M[0xa3][0xf8]G[0xda][0xbd]H+[0x1b][0x10][0x8b]P[0xe9]Ui[0x12][0xdc][0xf3]8[0xb0]I[0x8d][0xe0][0x9e]D\I[0xcd][0x18]m[0xf8][0x94][0x8a][0x87][0x16][0x1a][[0xd2][0xbc]:C[0xba]N[0x9c]VI[\r]Q[0x9d][0xd1][0xca][0x6]R[0xab]1[0x0][0x0][0x0][0x0][0xff][0xff]"
05:47:39.533 [main] DEBUG org.apache.http.wire -  << "[\r][\n]"
05:47:39.534 [main] DEBUG org.apache.http.wire -  << "2B1[\r][\n]"
05:47:39.534 [main] DEBUG org.apache.http.wire -  << "[0x2][0xed][0xc][0xc0][0xb8][0xf4][0x14]_[0x95][0xc][0xea]&@[0x8f][0x82][0xa0][0x8d][0x1f]L@g[0xc1]@m[0xa0]m[0x91]o[0x82][0xb4][0x12]i3[0x9]tP[0x1f][0xfb][0xf0][0x8b]kfi[0xb1]BAjQqAfrfbIf1h[0x8][0x18]i[0xdc][0x5][0x94]L[0x89][0x19]w1[0xa1][0xf9]6I[0x13][0x9a]OI[0x9b] m[0xc4]t[0xcf]/JO[0x5]M[0x89][0x84][0xe7][0xe7][0xa7][0xa4][0xe6])8c[0xe9]u[0xfa][0xa7]d[0x96] V[\n]"
05:47:39.534 [main] DEBUG org.apache.http.wire -  << "[0xc3][0xe6]FR[0x91][0xb7][0xe1][0x98]Z[0xea]([0x11][0x17]|[0xb4].[0xe]L[0x90][0xe6][0xdb]i[0x9d][0xc]i[0x9d]iM[0xc][0x10][0xf5]4~[0xbf]Pe%[0xa7][0x9][0xcd]w[0x8f][0x9a] [0x1d][0x94]I[0xa3]R[0x8]i[0x3])[0xad]l@4[0x9e][0xe9][0x12])[0x88]T[0x86][0xbd][0x1]9[0xa0][0x8d][0xe][0x13][0xa4]3[0x17][0xb1];[0xf]W[0xa3][0x3][0xbd][0xb2][0xa2]b[0xa3][0xc3]d0n[0xb2]4[0xc5][0x1c][0x16][0xa3][0xd1][0x90][0x8b])[0x96][0xc1][0x1d][0x1a][0xce][0xef][0x9b]"[0x8d][0xf0][0x4]8+[0xb8];[0xfa]z[0xfa][0xb9]c[0xc][0xf8][0x5][0x7][0xb8]z+xx[0xba]{ [0xd2][0x83]%[0xa8][0xc5]@L[0xad]a[0x8a][0xb4][0x96]. 1'[0xd1]'[0xdf][0x7][0xf3]2x[0x9c]#[0x8a]F[0x96][0x96][0xa0]E[0x15][0xc4]Y[0x84]X[0xe5]Fc[0x8b][0x10]K0[0xe8][0xd4]{1E[0xba][0xbf][0x84][0xc6]~C4[0x97][0xe9][0xe4]7[0x13][0xa4]}[0xf9][0xf8][0xcb]dJ[0xf]~11D4`[0xb0][0x97]w[0x3][[0x1c]#-[0xe7][0xc3][0xee]<D[0xf6][0xa3][0xdb]p[0x83][0x9][0xd2][0xe6]o[0x1a][0xd5][0xc9]H[0x9b][0xbb]i[0x1c][0xff]H[0xab][0x19]im[0x13]b`[0xb][0xbf]M[0xd4]i[0xfc]![0x1d][0xf1]J[0xab]HB[0xb4]d[0xf0]{[0x88][0xe2]L[\n]"
05:47:39.534 [main] DEBUG org.apache.http.wire -  << "[0x9a]E[0x87]vEi[0xe4][0x17][0xa2][0x8f][0x80][0xa5][0xd8]/H+!i[0x1c]jH[0xcb][0x1b]a6[0xd1][0xb0][0xd9]`[0x2][0xaa][0x94]i[0x1c]I[0x88]J[0x16][0xe6]![0x8c]v[0x9][0xbc][0xd9]@[0xc9][0xd9][0x8a]&HK[0x1c][0xb1][0x17][0xbb][0x3][+ [0xad]6[0x1c][0x94][0xce]Cts[0xb1];o *-[0xa4][0xf5][0x86]4*C[0x90][0xd6][\r]B[0x93]'i[*[0xe8]W[0x81]#[0x9d][0xad][0x80][0xd3][0xa5][0x88]8[0xc2][0xb7]k[0x90][0x9a][0xbd]<[0x13]DG[0x1c]{[0xb2][0x19][0xd8]L[0x87][0xb4]C[0x9d][0x6]'e[0x99][0x80].'[0xa1]m[0xf1]9[0xb8]W0[0x9a][0x10]\[0xc1][0x88]H[0x91][0xf4][0xcb])[0xa6][0x6]:J[0xd0]X[0xc1][0x99]S[0xf0]U9tt)b[0xfe][0xc][0xa7]K[0x11]!H[0xaf]<[0x8d]t[0xe2][0x86][iQ^fIiQ[0xaa]BH~[0x1]F[0xbd][0x8d][0x90]MI,[0xca]T[0xf0]J-H,[0x2][\r][\n]"
05:47:39.534 [main] DEBUG org.apache.http.wire -  << "[0xc0][0xe6]F@[0xa9][0x83][0x98].[0xbf][0x9][0xd2]BJ[0x1a][0x95][0xf3]H[0xe7]N[0xd3][0xca][0x6][0x8c][0xae][0x2]%5[0x9][\r][0xa7][0x3]ML[0x11]c[0x3][0x83])[0xd5]!z&[0x88]tE[0xd3]T[0x87][0xb4]~[0x93][0xaa][[0xb4]M[0x90][0xd6]`B[0x3][0x98]F[0xa3][0x8c]&D[0x9f]'Nq[0x17][0x8]i[0x81]$[0xad][0xfd]4[0xb8]Gw[0x90]V<R[0xfb][0xae][0x6][0x13][0xa4][0xb5][0x8e][0x83][0xb1]5[0x85]4[0xa6]=([0x9d][0x87][0x18]8[0xa6][0x8b][0xf3][0x0][0x0][0x0][0x0][0xff][0xff]"
05:47:39.534 [main] DEBUG org.apache.http.wire -  << "[\r][\n]"
05:47:39.534 [main] DEBUG org.apache.http.wire -  << "D4[\r][\n]"
05:47:39.534 [main] DEBUG org.apache.http.wire -  << "B][0xee][0x8e]h[0xe8]*[0x14][0x94][0x16][0x15][0xe4][0x17][0xa7][0x16]+[0xd5]"-d5AZ[0xbb][0x88][0xdd]y[0x88][0x9a][0x9e]~-[0x10][0xa4]u[0x88][0xb4]h [0x9b]#[0xaa][0x1a][0xec]~F[0x84][0xda][0x80][0xf8]~0vz[0x91]&Z[0xe0][0x9b]%![0x9b]Z[0xb0][0x1d][0x92][0xe9][0x98][0x9c]\Z[0x9c][0x98]W[0x92]Y[0x9a][0xab][0x90]_P[0x92][0x99][0xf][0xdd]RW[0x8c][0xb4][0xb0][0x2]u[0x1b][0x1d][0xfa][0xa4][0x1f]R[0x1a]5E:[0xb5]$[0xb8]2/[0xb5](=[0x13][0xbc][0xc5][0xf][0xba]0!8#?[0x15]t[0xf5][0x17]j[0xc2]w[0x5][0xef][0xe7][0x3][0xed][0xe9]#[0xd3]Nz[0x8d][0x10][0x99]"[0x1d][0x3]B[0xdb]:[0xcc][0x14]9[[0x15][0xe5][0xa7][0x94]&[0x97](8[0x96][0xe6]d&*[0x18]c[0x94][0x1b][0xa0][[0xeb][\n]"
05:47:39.534 [main] DEBUG org.apache.http.wire -  << "[0xa0]j[0x12][0xe1]j[0xa0]Mh|M~[0x94]xC[0xe4][0xb3][0x0][0xa8]Y[0xb4][0xb5][0xf][0xd1]X[0xa3][0x8f]}[0x88][0x8c]JC[0xfb]bk[0xb9][0x0][0x0][0x0][0x0][0xff][0xff]"
05:47:39.534 [main] DEBUG org.apache.http.wire -  << "[\r][\n]"
05:47:39.534 [main] DEBUG org.apache.http.wire -  << "A[\r][\n]"
05:47:39.534 [main] DEBUG org.apache.http.wire -  << "[0x3][0x0]L[0xb3][0xf9][0x85]q[0xbb][0x1][0x0]"
05:47:39.534 [main] DEBUG org.apache.http.wire -  << "[\r][\n]"
05:47:39.534 [main] DEBUG org.apache.http.wire -  << "0[\r][\n]"
05:47:39.535 [main] DEBUG org.apache.http.wire -  << "[\r][\n]"
05:47:39.535 [main] DEBUG io.restassured.internal.RestAssuredHttpBuilder - Parsed data to instance of: class org.apache.http.conn.EofSensorInputStream
05:47:39.539 [main] DEBUG org.apache.http.impl.conn.BasicClientConnectionManager - Releasing connection org.apache.http.impl.conn.ManagedClientConnectionImpl@18161415
05:47:39.539 [main] DEBUG org.apache.http.impl.conn.BasicClientConnectionManager - Connection can be kept alive indefinitely
05:47:39.579 [Finalizer] DEBUG org.apache.http.impl.conn.DefaultClientConnection - Connection 0.0.0.0:60359<->149.248.193.56:443 closed
05:47:39.586 [Finalizer] DEBUG org.apache.http.impl.conn.DefaultClientConnection - Connection 0.0.0.0:60357<->149.248.193.56:443 closed
05:47:39.588 [Finalizer] DEBUG org.apache.http.impl.conn.DefaultClientConnection - Connection 0.0.0.0:60356<->149.248.193.56:443 closed
05:47:39.588 [Finalizer] DEBUG org.apache.http.impl.conn.DefaultClientConnection - Connection 0.0.0.0:60358<->149.248.193.56:443 closed
05:47:39.676 [main] DEBUG net.thucydides.core.steps.StepInterceptor - STEP DONE: I receive valid login and product HTTP response code 200
  &amp#27;[32mThen &amp#27;[0m&amp#27;[32mI receive valid login and product HTTP response code 200&amp#27;[0m &amp#27;[90m# starter.stepdefinitions.UserSteps.iReceive1ValidLoginAndProductHTTPResponseCode()&amp#27;[0m
05:47:39.680 [main] INFO  - 
  _____   ___   ___   _____     ___     _     ___   ___   ___   ___  
 |_   _| | __| / __| |_   _|   | _ \   /_\   / __| / __| | __| |   \ 
   | |   | _|  \__ \   | |     |  _/  / _ \  \__ \ \__ \ | _|  | |) |
   |_|   |___| |___/   |_|     |_|   /_/ \_\ |___/ |___/ |___| |___/ 

POST - As admin I have be able to create register
----------------------------------------------------------------------
]]></system-out>
  </testcase>
  <testcase name="POST - As admin I cannot create register" classname="User" time="0.684">
    <system-out><![CDATA[
@TC-0026
Scenario: POST - As admin I cannot create register              &amp#27;[90m# src/test/resources/api/user.feature:202&amp#27;[0m
05:47:39.703 [main] INFO io.cucumber.core.plugin.SerenityReporter - Running feature from file:///C:/Users/Lenovo/IdeaProjects/MiniProject/MiniprojectApi/src/test/resources/api/user.feature
05:47:39.703 [main] WARN io.cucumber.core.plugin.SerenityReporter - Feature from file:///C:/Users/Lenovo/IdeaProjects/MiniProject/MiniprojectApi/src/test/resources/api/user.feature is not under the 'features' directory. Requirements report will not be correctly generated!
05:47:39.708 [main] INFO  - 
  _____   ___   ___   _____     ___   _____     _     ___   _____   ___   ___  
 |_   _| | __| / __| |_   _|   / __| |_   _|   /_\   | _ \ |_   _| | __| |   \ 
   | |   | _|  \__ \   | |     \__ \   | |    / _ \  |   /   | |   | _|  | |) |
   |_|   |___| |___/   |_|     |___/   |_|   /_/ \_\ |_|_\   |_|   |___| |___/ 

POST - As admin I cannot create register(user;post---as-admin-i-cannot-create-register)
--------------------------------------------------------------------------------
05:47:39.805 [main] DEBUG net.thucydides.core.steps.StepInterceptor - STARTING STEP: UserSteps.iSetPOSTApiEndpointsLogin - I set POST api endpoints login
05:47:39.805 [main] DEBUG net.thucydides.core.steps.StepInterceptor - STEP DONE: I set POST api endpoints login
  &amp#27;[32mGiven &amp#27;[0m&amp#27;[32mI set POST api endpoints login&amp#27;[0m                          &amp#27;[90m# starter.stepdefinitions.UserSteps.iSetPOSTApiEndpointsLogin()&amp#27;[0m
05:47:39.808 [main] DEBUG net.thucydides.core.steps.StepInterceptor - STARTING STEP: UserSteps.iSendPOSTHTTPRequestLogin - I send POST HTTP request login
05:47:39.810 [main] DEBUG net.thucydides.core.steps.StepInterceptor - STARTING STEP: PostLogin.iSendPOSTHTTPRequestLogin - I set POST api endpoints login
05:47:39.810 [main] DEBUG net.thucydides.core.steps.StepInterceptor - STEP DONE: I set POST api endpoints login
05:47:39.819 [main] DEBUG org.apache.http.impl.conn.BasicClientConnectionManager - Get connection for route {s}->https://altashop-api.fly.dev:443
05:47:39.819 [main] DEBUG org.apache.http.impl.conn.DefaultClientConnectionOperator - Connecting to altashop-api.fly.dev:443
05:47:39.926 [main] DEBUG org.apache.http.client.protocol.RequestAddCookies - CookieSpec selected: ignoreCookies
05:47:39.927 [main] DEBUG org.apache.http.client.protocol.RequestAuthCache - Auth cache not set in the context
05:47:39.927 [main] DEBUG org.apache.http.client.protocol.RequestTargetAuthentication - Target auth state: UNCHALLENGED
05:47:39.927 [main] DEBUG org.apache.http.client.protocol.RequestProxyAuthentication - Proxy auth state: UNCHALLENGED
05:47:39.927 [main] DEBUG org.apache.http.impl.client.DefaultHttpClient - Attempt 1 to execute request
05:47:39.927 [main] DEBUG org.apache.http.impl.conn.DefaultClientConnection - Sending request: POST /api/auth/login HTTP/1.1
05:47:39.927 [main] DEBUG org.apache.http.wire -  >> "POST /api/auth/login HTTP/1.1[\r][\n]"
05:47:39.927 [main] DEBUG org.apache.http.wire -  >> "Accept: */*[\r][\n]"
05:47:39.927 [main] DEBUG org.apache.http.wire -  >> "Content-Type: application/json[\r][\n]"
05:47:39.927 [main] DEBUG org.apache.http.wire -  >> "Content-Length: 48[\r][\n]"
05:47:39.927 [main] DEBUG org.apache.http.wire -  >> "Host: altashop-api.fly.dev[\r][\n]"
05:47:39.927 [main] DEBUG org.apache.http.wire -  >> "Connection: Keep-Alive[\r][\n]"
05:47:39.927 [main] DEBUG org.apache.http.wire -  >> "User-Agent: Apache-HttpClient/4.5.13 (Java/14.0.2)[\r][\n]"
05:47:39.927 [main] DEBUG org.apache.http.wire -  >> "Accept-Encoding: gzip,deflate[\r][\n]"
05:47:39.927 [main] DEBUG org.apache.http.wire -  >> "[\r][\n]"
05:47:39.927 [main] DEBUG org.apache.http.headers - >> POST /api/auth/login HTTP/1.1
05:47:39.927 [main] DEBUG org.apache.http.headers - >> Accept: */*
05:47:39.927 [main] DEBUG org.apache.http.headers - >> Content-Type: application/json
05:47:39.927 [main] DEBUG org.apache.http.headers - >> Content-Length: 48
05:47:39.927 [main] DEBUG org.apache.http.headers - >> Host: altashop-api.fly.dev
05:47:39.927 [main] DEBUG org.apache.http.headers - >> Connection: Keep-Alive
05:47:39.927 [main] DEBUG org.apache.http.headers - >> User-Agent: Apache-HttpClient/4.5.13 (Java/14.0.2)
05:47:39.927 [main] DEBUG org.apache.http.headers - >> Accept-Encoding: gzip,deflate
05:47:39.927 [main] DEBUG org.apache.http.wire -  >> "{"password":"123123","email":"someone@mail.com"}"
05:47:39.968 [main] DEBUG org.apache.http.wire -  << "HTTP/1.1 200 OK[\r][\n]"
05:47:39.968 [main] DEBUG org.apache.http.wire -  << "content-type: application/json[\r][\n]"
05:47:39.968 [main] DEBUG org.apache.http.wire -  << "date: Mon, 08 May 2023 22:56:30 GMT[\r][\n]"
05:47:39.968 [main] DEBUG org.apache.http.wire -  << "content-encoding: gzip[\r][\n]"
05:47:39.968 [main] DEBUG org.apache.http.wire -  << "transfer-encoding: chunked[\r][\n]"
05:47:39.968 [main] DEBUG org.apache.http.wire -  << "server: Fly/3f2597ca (2023-05-03)[\r][\n]"
05:47:39.968 [main] DEBUG org.apache.http.wire -  << "via: 1.1 fly.io[\r][\n]"
05:47:39.968 [main] DEBUG org.apache.http.wire -  << "fly-request-id: 01GZYS99JBNVZ1S5JHR6SXFJTH-sin[\r][\n]"
05:47:39.968 [main] DEBUG org.apache.http.wire -  << "[\r][\n]"
05:47:39.968 [main] DEBUG org.apache.http.impl.conn.DefaultClientConnection - Receiving response: HTTP/1.1 200 OK
05:47:39.968 [main] DEBUG org.apache.http.headers - << HTTP/1.1 200 OK
05:47:39.968 [main] DEBUG org.apache.http.headers - << content-type: application/json
05:47:39.968 [main] DEBUG org.apache.http.headers - << date: Mon, 08 May 2023 22:56:30 GMT
05:47:39.968 [main] DEBUG org.apache.http.headers - << content-encoding: gzip
05:47:39.968 [main] DEBUG org.apache.http.headers - << transfer-encoding: chunked
05:47:39.968 [main] DEBUG org.apache.http.headers - << server: Fly/3f2597ca (2023-05-03)
05:47:39.968 [main] DEBUG org.apache.http.headers - << via: 1.1 fly.io
05:47:39.968 [main] DEBUG org.apache.http.headers - << fly-request-id: 01GZYS99JBNVZ1S5JHR6SXFJTH-sin
05:47:39.969 [main] DEBUG org.apache.http.impl.client.DefaultHttpClient - Connection can be kept alive indefinitely
05:47:39.969 [main] DEBUG io.restassured.internal.RestAssuredHttpBuilder - Parsing response as: application/json
05:47:39.969 [main] DEBUG org.apache.http.wire -  << "AC[\r][\n]"
05:47:39.969 [main] DEBUG org.apache.http.wire -  << "[0x1f][0x8b][0x8][0x0][0x0][0x0][0x0][0x0][0x4][0xff][0xab]VJI,IT[0xb2]RJ[0xad][0xf4][0xca]HrO[0xce][0xf4][0xcf][0xf4][0xf2][0xc][0xad][0xf2]4[0xf4][0xcb][0xf4],[0xf6][0xcc][0xb]2Mv[0xf6]4[0xf3][0xcc].[0x88][0x8]s[0xf6][0xb2][0xd4]K[0xad][0xf4]rO[0x9][0xaf](N[0xca]u+[0x89][\n]"
05:47:39.969 [main] DEBUG org.apache.http.wire -  << "[0x6]K[0x94]%[0xba][0x9b][0xa4][0x7][0xb9][[0xe6]xf[0x96]g[0x6][0x85][0x1b]f$[0x86][0x97][0x83][0xc][0xa9]J22[0xcc]I22[0xcd][0x9]t[0x7][0x8b][0x95]F[0x1a]Y[0x96]x[0xe6][0x19][0xe8][0x85][0x97]9[0x5]W$[0x7][0xba][0x16][0x16][0xe6]e:[0x1b][0x96][0x19]X[0xf8]Te[0x17]y$[0xbb][0xfa][0xa4][0xa6][0x17][0x1b]$[0x99][0x97][0x95]d[0xb9][0x7][0x84]g&[0xba][0x86]'{*[0xd5]r[0x1][0x0]?[0x99][0xcf]j[0xa0][0x0][0x0][0x0]"
05:47:39.969 [main] DEBUG org.apache.http.wire -  << "[\r][\n]"
05:47:39.969 [main] DEBUG org.apache.http.wire -  << "0[\r][\n]"
05:47:39.969 [main] DEBUG org.apache.http.wire -  << "[\r][\n]"
05:47:39.969 [main] DEBUG io.restassured.internal.RestAssuredHttpBuilder - Parsed data to instance of: class org.apache.http.conn.EofSensorInputStream
05:47:39.972 [main] DEBUG org.apache.http.impl.conn.BasicClientConnectionManager - Releasing connection org.apache.http.impl.conn.ManagedClientConnectionImpl@77422a9f
05:47:39.972 [main] DEBUG org.apache.http.impl.conn.BasicClientConnectionManager - Connection can be kept alive indefinitely
05:47:40.005 [main] DEBUG net.thucydides.core.steps.StepInterceptor - STEP DONE: I send POST HTTP request login
  &amp#27;[32mWhen &amp#27;[0m&amp#27;[32mI send POST HTTP request login&amp#27;[0m                           &amp#27;[90m# starter.stepdefinitions.UserSteps.iSendPOSTHTTPRequestLogin()&amp#27;[0m
05:47:40.012 [main] DEBUG net.thucydides.core.steps.StepInterceptor - STARTING STEP: UserSteps.iSetPOSTApiEndpointsRegister - I set POST api endpoints register
05:47:40.012 [main] DEBUG net.thucydides.core.steps.StepInterceptor - STEP DONE: I set POST api endpoints register
  &amp#27;[32mAnd &amp#27;[0m&amp#27;[32mI set POST api endpoints register&amp#27;[0m                         &amp#27;[90m# starter.stepdefinitions.UserSteps.iSetPOSTApiEndpointsRegister()&amp#27;[0m
05:47:40.018 [main] DEBUG net.thucydides.core.steps.StepInterceptor - STARTING STEP: UserSteps.iSendPOSTHTTPRequestPostRegister - I send POST HTTP request post register
05:47:40.021 [main] DEBUG net.thucydides.core.steps.StepInterceptor - STARTING STEP: PostRegister.iSendPOSTHTTPRequestPostRegister - I set POST api endpoints register
05:47:40.021 [main] DEBUG net.thucydides.core.steps.StepInterceptor - STEP DONE: I set POST api endpoints register
05:47:40.036 [main] DEBUG org.apache.http.impl.conn.BasicClientConnectionManager - Get connection for route {s}->https://altashop-api.fly.dev:443
05:47:40.036 [main] DEBUG org.apache.http.impl.conn.DefaultClientConnectionOperator - Connecting to altashop-api.fly.dev:443
05:47:40.140 [main] DEBUG org.apache.http.client.protocol.RequestAddCookies - CookieSpec selected: ignoreCookies
05:47:40.140 [main] DEBUG org.apache.http.client.protocol.RequestAuthCache - Auth cache not set in the context
05:47:40.140 [main] DEBUG org.apache.http.client.protocol.RequestTargetAuthentication - Target auth state: UNCHALLENGED
05:47:40.140 [main] DEBUG org.apache.http.client.protocol.RequestProxyAuthentication - Proxy auth state: UNCHALLENGED
05:47:40.140 [main] DEBUG org.apache.http.impl.client.DefaultHttpClient - Attempt 1 to execute request
05:47:40.140 [main] DEBUG org.apache.http.impl.conn.DefaultClientConnection - Sending request: POST /api/auth/register HTTP/1.1
05:47:40.140 [main] DEBUG org.apache.http.wire -  >> "POST /api/auth/register HTTP/1.1[\r][\n]"
05:47:40.140 [main] DEBUG org.apache.http.wire -  >> "Accept: */*[\r][\n]"
05:47:40.140 [main] DEBUG org.apache.http.wire -  >> "Content-Type: application/json[\r][\n]"
05:47:40.140 [main] DEBUG org.apache.http.wire -  >> "Content-Length: 79[\r][\n]"
05:47:40.140 [main] DEBUG org.apache.http.wire -  >> "Host: altashop-api.fly.dev[\r][\n]"
05:47:40.140 [main] DEBUG org.apache.http.wire -  >> "Connection: Keep-Alive[\r][\n]"
05:47:40.140 [main] DEBUG org.apache.http.wire -  >> "User-Agent: Apache-HttpClient/4.5.13 (Java/14.0.2)[\r][\n]"
05:47:40.140 [main] DEBUG org.apache.http.wire -  >> "Accept-Encoding: gzip,deflate[\r][\n]"
05:47:40.140 [main] DEBUG org.apache.http.wire -  >> "[\r][\n]"
05:47:40.140 [main] DEBUG org.apache.http.headers - >> POST /api/auth/register HTTP/1.1
05:47:40.140 [main] DEBUG org.apache.http.headers - >> Accept: */*
05:47:40.140 [main] DEBUG org.apache.http.headers - >> Content-Type: application/json
05:47:40.141 [main] DEBUG org.apache.http.headers - >> Content-Length: 79
05:47:40.141 [main] DEBUG org.apache.http.headers - >> Host: altashop-api.fly.dev
05:47:40.141 [main] DEBUG org.apache.http.headers - >> Connection: Keep-Alive
05:47:40.141 [main] DEBUG org.apache.http.headers - >> User-Agent: Apache-HttpClient/4.5.13 (Java/14.0.2)
05:47:40.141 [main] DEBUG org.apache.http.headers - >> Accept-Encoding: gzip,deflate
05:47:40.141 [main] DEBUG org.apache.http.wire -  >> "{"password":"123123","fullname":"Firstname Lastname","email":"danang@mail.com"}"
05:47:40.181 [main] DEBUG org.apache.http.wire -  << "HTTP/1.1 400 Bad Request[\r][\n]"
05:47:40.181 [main] DEBUG org.apache.http.wire -  << "content-type: application/json[\r][\n]"
05:47:40.181 [main] DEBUG org.apache.http.wire -  << "date: Mon, 08 May 2023 22:56:30 GMT[\r][\n]"
05:47:40.181 [main] DEBUG org.apache.http.wire -  << "content-encoding: gzip[\r][\n]"
05:47:40.181 [main] DEBUG org.apache.http.wire -  << "transfer-encoding: chunked[\r][\n]"
05:47:40.181 [main] DEBUG org.apache.http.wire -  << "server: Fly/3f2597ca (2023-05-03)[\r][\n]"
05:47:40.181 [main] DEBUG org.apache.http.wire -  << "via: 1.1 fly.io[\r][\n]"
05:47:40.181 [main] DEBUG org.apache.http.wire -  << "fly-request-id: 01GZYS99S194J5JXM2M43MKJ2Q-sin[\r][\n]"
05:47:40.181 [main] DEBUG org.apache.http.wire -  << "[\r][\n]"
05:47:40.181 [main] DEBUG org.apache.http.impl.conn.DefaultClientConnection - Receiving response: HTTP/1.1 400 Bad Request
05:47:40.181 [main] DEBUG org.apache.http.headers - << HTTP/1.1 400 Bad Request
05:47:40.181 [main] DEBUG org.apache.http.headers - << content-type: application/json
05:47:40.181 [main] DEBUG org.apache.http.headers - << date: Mon, 08 May 2023 22:56:30 GMT
05:47:40.181 [main] DEBUG org.apache.http.headers - << content-encoding: gzip
05:47:40.181 [main] DEBUG org.apache.http.headers - << transfer-encoding: chunked
05:47:40.181 [main] DEBUG org.apache.http.headers - << server: Fly/3f2597ca (2023-05-03)
05:47:40.181 [main] DEBUG org.apache.http.headers - << via: 1.1 fly.io
05:47:40.181 [main] DEBUG org.apache.http.headers - << fly-request-id: 01GZYS99S194J5JXM2M43MKJ2Q-sin
05:47:40.182 [main] DEBUG org.apache.http.impl.client.DefaultHttpClient - Connection can be kept alive indefinitely
05:47:40.182 [main] DEBUG io.restassured.internal.RestAssuredHttpBuilder - Parsing response as: application/json
05:47:40.182 [main] DEBUG org.apache.http.wire -  << "7B[\r][\n]"
05:47:40.182 [main] DEBUG org.apache.http.wire -  << "[0x1f][0x8b][0x8][0x0][0x0][0x0][0x0][0x0][0x4][0xff][0xab]VJ-*[0xca]/R[0xb2]Rr[\r][\n]"
05:47:40.182 [main] DEBUG org.apache.http.wire -  << "[0xf2][0xf][0xb2]RH)-[0xc8][0xc9]LN,IU[0xc8]N[0xad]T(K[0xcc])MU([0xcb][0xcc][0xcf]I,I-V([0xcd][0xcb],,MUH[0xce][0xcf]+.)J[0xcc][0xcc]+Q[0x88]Q*-N-*[0x8e]O[0xcd]M[0xcc][0xcc][0x89][0xcf]N[0xad][0x8c]QR[0xd0][0x8][0xe][0xf4][0x9][0xe]q[0xc]qU02650[0xd5]T[0xaa][0xe5][0x2][0x0][0x1a]G[0x13]pg[0x0][0x0][0x0]"
05:47:40.182 [main] DEBUG org.apache.http.wire -  << "[\r][\n]"
05:47:40.182 [main] DEBUG org.apache.http.wire -  << "0[\r][\n]"
05:47:40.182 [main] DEBUG org.apache.http.wire -  << "[\r][\n]"
05:47:40.182 [main] DEBUG io.restassured.internal.RestAssuredHttpBuilder - Parsed data to instance of: class org.apache.http.conn.EofSensorInputStream
05:47:40.184 [main] DEBUG org.apache.http.impl.conn.BasicClientConnectionManager - Releasing connection org.apache.http.impl.conn.ManagedClientConnectionImpl@519f1a7d
05:47:40.184 [main] DEBUG org.apache.http.impl.conn.BasicClientConnectionManager - Connection can be kept alive indefinitely
05:47:40.185 [main] DEBUG net.thucydides.core.steps.StepInterceptor - STEP DONE: I send POST HTTP request post register
  &amp#27;[32mAnd &amp#27;[0m&amp#27;[32mI send POST HTTP request post register&amp#27;[0m                    &amp#27;[90m# starter.stepdefinitions.UserSteps.iSendPOSTHTTPRequestPostRegister()&amp#27;[0m
05:47:40.192 [main] DEBUG net.thucydides.core.steps.StepInterceptor - STARTING STEP: UserSteps.iReceiveValidLoginAndProductHTTPResponseCode405 - I receive valid login and product HTTP response code 405
05:47:40.195 [main] DEBUG net.thucydides.core.steps.StepInterceptor - STARTING STEP: NPostRegister.iReceiveValidLoginAndProductHTTPResponseCode405 - I set POST api endpoints register
05:47:40.195 [main] DEBUG net.thucydides.core.steps.StepInterceptor - STEP DONE: I set POST api endpoints register
05:47:40.208 [main] DEBUG org.apache.http.impl.conn.BasicClientConnectionManager - Get connection for route {s}->https://altashop-api.fly.dev:443
05:47:40.208 [main] DEBUG org.apache.http.impl.conn.DefaultClientConnectionOperator - Connecting to altashop-api.fly.dev:443
05:47:40.313 [main] DEBUG org.apache.http.client.protocol.RequestAddCookies - CookieSpec selected: ignoreCookies
05:47:40.313 [main] DEBUG org.apache.http.client.protocol.RequestAuthCache - Auth cache not set in the context
05:47:40.313 [main] DEBUG org.apache.http.client.protocol.RequestProxyAuthentication - Proxy auth state: UNCHALLENGED
05:47:40.313 [main] DEBUG org.apache.http.impl.client.DefaultHttpClient - Attempt 1 to execute request
05:47:40.313 [main] DEBUG org.apache.http.impl.conn.DefaultClientConnection - Sending request: GET /api/auth/register HTTP/1.1
05:47:40.313 [main] DEBUG org.apache.http.wire -  >> "GET /api/auth/register HTTP/1.1[\r][\n]"
05:47:40.313 [main] DEBUG org.apache.http.wire -  >> "Authorization: Bearer [\r][\n]"
05:47:40.313 [main] DEBUG org.apache.http.wire -  >> "Accept: */*[\r][\n]"
05:47:40.313 [main] DEBUG org.apache.http.wire -  >> "Host: altashop-api.fly.dev[\r][\n]"
05:47:40.313 [main] DEBUG org.apache.http.wire -  >> "Connection: Keep-Alive[\r][\n]"
05:47:40.313 [main] DEBUG org.apache.http.wire -  >> "User-Agent: Apache-HttpClient/4.5.13 (Java/14.0.2)[\r][\n]"
05:47:40.313 [main] DEBUG org.apache.http.wire -  >> "Accept-Encoding: gzip,deflate[\r][\n]"
05:47:40.313 [main] DEBUG org.apache.http.wire -  >> "[\r][\n]"
05:47:40.313 [main] DEBUG org.apache.http.headers - >> GET /api/auth/register HTTP/1.1
05:47:40.313 [main] DEBUG org.apache.http.headers - >> Authorization: Bearer 
05:47:40.313 [main] DEBUG org.apache.http.headers - >> Accept: */*
05:47:40.313 [main] DEBUG org.apache.http.headers - >> Host: altashop-api.fly.dev
05:47:40.313 [main] DEBUG org.apache.http.headers - >> Connection: Keep-Alive
05:47:40.313 [main] DEBUG org.apache.http.headers - >> User-Agent: Apache-HttpClient/4.5.13 (Java/14.0.2)
05:47:40.313 [main] DEBUG org.apache.http.headers - >> Accept-Encoding: gzip,deflate
05:47:40.356 [main] DEBUG org.apache.http.wire -  << "HTTP/1.1 405 Method Not Allowed[\r][\n]"
05:47:40.356 [main] DEBUG org.apache.http.wire -  << "date: Mon, 08 May 2023 22:56:30 GMT[\r][\n]"
05:47:40.356 [main] DEBUG org.apache.http.wire -  << "content-encoding: gzip[\r][\n]"
05:47:40.356 [main] DEBUG org.apache.http.wire -  << "content-type: text/plain; charset=utf-8[\r][\n]"
05:47:40.356 [main] DEBUG org.apache.http.wire -  << "transfer-encoding: chunked[\r][\n]"
05:47:40.356 [main] DEBUG org.apache.http.wire -  << "server: Fly/3f2597ca (2023-05-03)[\r][\n]"
05:47:40.356 [main] DEBUG org.apache.http.wire -  << "via: 1.1 fly.io[\r][\n]"
05:47:40.356 [main] DEBUG org.apache.http.wire -  << "fly-request-id: 01GZYS99YJVKDZAPE1EB4RJRCF-sin[\r][\n]"
05:47:40.356 [main] DEBUG org.apache.http.wire -  << "[\r][\n]"
05:47:40.356 [main] DEBUG org.apache.http.impl.conn.DefaultClientConnection - Receiving response: HTTP/1.1 405 Method Not Allowed
05:47:40.356 [main] DEBUG org.apache.http.headers - << HTTP/1.1 405 Method Not Allowed
05:47:40.356 [main] DEBUG org.apache.http.headers - << date: Mon, 08 May 2023 22:56:30 GMT
05:47:40.356 [main] DEBUG org.apache.http.headers - << content-encoding: gzip
05:47:40.356 [main] DEBUG org.apache.http.headers - << content-type: text/plain; charset=utf-8
05:47:40.356 [main] DEBUG org.apache.http.headers - << transfer-encoding: chunked
05:47:40.356 [main] DEBUG org.apache.http.headers - << server: Fly/3f2597ca (2023-05-03)
05:47:40.356 [main] DEBUG org.apache.http.headers - << via: 1.1 fly.io
05:47:40.356 [main] DEBUG org.apache.http.headers - << fly-request-id: 01GZYS99YJVKDZAPE1EB4RJRCF-sin
05:47:40.357 [main] DEBUG org.apache.http.impl.client.DefaultHttpClient - Connection can be kept alive indefinitely
05:47:40.357 [main] DEBUG io.restassured.internal.RestAssuredHttpBuilder - Parsing response as: text/plain; charset=utf-8
05:47:40.357 [main] DEBUG org.apache.http.wire -  << "27[\r][\n]"
05:47:40.357 [main] DEBUG org.apache.http.wire -  << "[0x1f][0x8b][0x8][0x0][0x0][0x0][0x0][0x0][0x4][0xff][0xcb]M-[0xc9][0xc8]OQ[0xc8][0xcb]/QH[0xcc][0xc9][0xc9]/OM[0xe1][0x2][0x0][0xe5]Yf[0xfa][0x13][0x0][0x0][0x0]"
05:47:40.357 [main] DEBUG org.apache.http.wire -  << "[\r][\n]"
05:47:40.357 [main] DEBUG org.apache.http.wire -  << "0[\r][\n]"
05:47:40.357 [main] DEBUG org.apache.http.wire -  << "[\r][\n]"
05:47:40.357 [main] DEBUG io.restassured.internal.RestAssuredHttpBuilder - Parsed data to instance of: class org.apache.http.conn.EofSensorInputStream
05:47:40.359 [main] DEBUG org.apache.http.impl.conn.BasicClientConnectionManager - Releasing connection org.apache.http.impl.conn.ManagedClientConnectionImpl@16344151
05:47:40.360 [main] DEBUG org.apache.http.impl.conn.BasicClientConnectionManager - Connection can be kept alive indefinitely
05:47:40.361 [main] DEBUG net.thucydides.core.steps.StepInterceptor - STEP DONE: I receive valid login and product HTTP response code 405
  &amp#27;[32mThen &amp#27;[0m&amp#27;[32mI receive valid login and product HTTP response code 405&amp#27;[0m &amp#27;[90m# starter.stepdefinitions.UserSteps.iReceiveValidLoginAndProductHTTPResponseCode405()&amp#27;[0m
05:47:40.366 [main] INFO  - 
  _____   ___   ___   _____     ___     _     ___   ___   ___   ___  
 |_   _| | __| / __| |_   _|   | _ \   /_\   / __| / __| | __| |   \ 
   | |   | _|  \__ \   | |     |  _/  / _ \  \__ \ \__ \ | _|  | |) |
   |_|   |___| |___/   |_|     |_|   /_/ \_\ |___/ |___/ |___| |___/ 

POST - As admin I cannot create register
----------------------------------------------------------------------
]]></system-out>
  </testcase>
  <testcase name="POST - As admin I have be able to create login" classname="User" time="0.351">
    <system-out><![CDATA[
@TC-0027
Scenario: POST - As admin I have be able to create login &amp#27;[90m# src/test/resources/api/user.feature:210&amp#27;[0m
05:47:40.387 [main] INFO io.cucumber.core.plugin.SerenityReporter - Running feature from file:///C:/Users/Lenovo/IdeaProjects/MiniProject/MiniprojectApi/src/test/resources/api/user.feature
05:47:40.387 [main] WARN io.cucumber.core.plugin.SerenityReporter - Feature from file:///C:/Users/Lenovo/IdeaProjects/MiniProject/MiniprojectApi/src/test/resources/api/user.feature is not under the 'features' directory. Requirements report will not be correctly generated!
05:47:40.393 [main] INFO  - 
  _____   ___   ___   _____     ___   _____     _     ___   _____   ___   ___  
 |_   _| | __| / __| |_   _|   / __| |_   _|   /_\   | _ \ |_   _| | __| |   \ 
   | |   | _|  \__ \   | |     \__ \   | |    / _ \  |   /   | |   | _|  | |) |
   |_|   |___| |___/   |_|     |___/   |_|   /_/ \_\ |_|_\   |_|   |___| |___/ 

POST - As admin I have be able to create login(user;post---as-admin-i-have-be-able-to-create-login)
--------------------------------------------------------------------------------
05:47:40.556 [main] DEBUG net.thucydides.core.steps.StepInterceptor - STARTING STEP: UserSteps.iSetPOSTApiEndpointsLogin - I set POST api endpoints login
05:47:40.557 [main] DEBUG net.thucydides.core.steps.StepInterceptor - STEP DONE: I set POST api endpoints login
  &amp#27;[32mGiven &amp#27;[0m&amp#27;[32mI set POST api endpoints login&amp#27;[0m                   &amp#27;[90m# starter.stepdefinitions.UserSteps.iSetPOSTApiEndpointsLogin()&amp#27;[0m
05:47:40.561 [main] DEBUG net.thucydides.core.steps.StepInterceptor - STARTING STEP: UserSteps.iSendPOSTHTTPRequestLogin - I send POST HTTP request login
05:47:40.562 [main] DEBUG net.thucydides.core.steps.StepInterceptor - STARTING STEP: PostLogin.iSendPOSTHTTPRequestLogin - I set POST api endpoints login
05:47:40.562 [main] DEBUG net.thucydides.core.steps.StepInterceptor - STEP DONE: I set POST api endpoints login
05:47:40.570 [main] DEBUG org.apache.http.impl.conn.BasicClientConnectionManager - Get connection for route {s}->https://altashop-api.fly.dev:443
05:47:40.570 [main] DEBUG org.apache.http.impl.conn.DefaultClientConnectionOperator - Connecting to altashop-api.fly.dev:443
05:47:40.660 [main] DEBUG org.apache.http.client.protocol.RequestAddCookies - CookieSpec selected: ignoreCookies
05:47:40.660 [main] DEBUG org.apache.http.client.protocol.RequestAuthCache - Auth cache not set in the context
05:47:40.660 [main] DEBUG org.apache.http.client.protocol.RequestTargetAuthentication - Target auth state: UNCHALLENGED
05:47:40.660 [main] DEBUG org.apache.http.client.protocol.RequestProxyAuthentication - Proxy auth state: UNCHALLENGED
05:47:40.660 [main] DEBUG org.apache.http.impl.client.DefaultHttpClient - Attempt 1 to execute request
05:47:40.660 [main] DEBUG org.apache.http.impl.conn.DefaultClientConnection - Sending request: POST /api/auth/login HTTP/1.1
05:47:40.660 [main] DEBUG org.apache.http.wire -  >> "POST /api/auth/login HTTP/1.1[\r][\n]"
05:47:40.660 [main] DEBUG org.apache.http.wire -  >> "Accept: */*[\r][\n]"
05:47:40.660 [main] DEBUG org.apache.http.wire -  >> "Content-Type: application/json[\r][\n]"
05:47:40.660 [main] DEBUG org.apache.http.wire -  >> "Content-Length: 48[\r][\n]"
05:47:40.660 [main] DEBUG org.apache.http.wire -  >> "Host: altashop-api.fly.dev[\r][\n]"
05:47:40.660 [main] DEBUG org.apache.http.wire -  >> "Connection: Keep-Alive[\r][\n]"
05:47:40.660 [main] DEBUG org.apache.http.wire -  >> "User-Agent: Apache-HttpClient/4.5.13 (Java/14.0.2)[\r][\n]"
05:47:40.660 [main] DEBUG org.apache.http.wire -  >> "Accept-Encoding: gzip,deflate[\r][\n]"
05:47:40.660 [main] DEBUG org.apache.http.wire -  >> "[\r][\n]"
05:47:40.660 [main] DEBUG org.apache.http.headers - >> POST /api/auth/login HTTP/1.1
05:47:40.660 [main] DEBUG org.apache.http.headers - >> Accept: */*
05:47:40.660 [main] DEBUG org.apache.http.headers - >> Content-Type: application/json
05:47:40.660 [main] DEBUG org.apache.http.headers - >> Content-Length: 48
05:47:40.660 [main] DEBUG org.apache.http.headers - >> Host: altashop-api.fly.dev
05:47:40.660 [main] DEBUG org.apache.http.headers - >> Connection: Keep-Alive
05:47:40.660 [main] DEBUG org.apache.http.headers - >> User-Agent: Apache-HttpClient/4.5.13 (Java/14.0.2)
05:47:40.660 [main] DEBUG org.apache.http.headers - >> Accept-Encoding: gzip,deflate
05:47:40.660 [main] DEBUG org.apache.http.wire -  >> "{"password":"123123","email":"someone@mail.com"}"
05:47:40.697 [main] DEBUG org.apache.http.wire -  << "HTTP/1.1 200 OK[\r][\n]"
05:47:40.697 [main] DEBUG org.apache.http.wire -  << "content-type: application/json[\r][\n]"
05:47:40.697 [main] DEBUG org.apache.http.wire -  << "date: Mon, 08 May 2023 22:56:31 GMT[\r][\n]"
05:47:40.697 [main] DEBUG org.apache.http.wire -  << "content-encoding: gzip[\r][\n]"
05:47:40.697 [main] DEBUG org.apache.http.wire -  << "transfer-encoding: chunked[\r][\n]"
05:47:40.697 [main] DEBUG org.apache.http.wire -  << "server: Fly/3f2597ca (2023-05-03)[\r][\n]"
05:47:40.697 [main] DEBUG org.apache.http.wire -  << "via: 1.1 fly.io[\r][\n]"
05:47:40.697 [main] DEBUG org.apache.http.wire -  << "fly-request-id: 01GZYS9A99HWHXNXGY7YS8F8YX-sin[\r][\n]"
05:47:40.697 [main] DEBUG org.apache.http.wire -  << "[\r][\n]"
05:47:40.697 [main] DEBUG org.apache.http.impl.conn.DefaultClientConnection - Receiving response: HTTP/1.1 200 OK
05:47:40.697 [main] DEBUG org.apache.http.headers - << HTTP/1.1 200 OK
05:47:40.697 [main] DEBUG org.apache.http.headers - << content-type: application/json
05:47:40.697 [main] DEBUG org.apache.http.headers - << date: Mon, 08 May 2023 22:56:31 GMT
05:47:40.697 [main] DEBUG org.apache.http.headers - << content-encoding: gzip
05:47:40.697 [main] DEBUG org.apache.http.headers - << transfer-encoding: chunked
05:47:40.697 [main] DEBUG org.apache.http.headers - << server: Fly/3f2597ca (2023-05-03)
05:47:40.697 [main] DEBUG org.apache.http.headers - << via: 1.1 fly.io
05:47:40.697 [main] DEBUG org.apache.http.headers - << fly-request-id: 01GZYS9A99HWHXNXGY7YS8F8YX-sin
05:47:40.697 [main] DEBUG org.apache.http.impl.client.DefaultHttpClient - Connection can be kept alive indefinitely
05:47:40.697 [main] DEBUG io.restassured.internal.RestAssuredHttpBuilder - Parsing response as: application/json
05:47:40.697 [main] DEBUG org.apache.http.wire -  << "AC[\r][\n]"
05:47:40.697 [main] DEBUG org.apache.http.wire -  << "[0x1f][0x8b][0x8][0x0][0x0][0x0][0x0][0x0][0x4][0xff][0xab]VJI,IT[0xb2]RJ[0xad][0xf4][0xca]HrO[0xce][0xf4][0xcf][0xf4][0xf2][0xc][0xad][0xf2]4[0xf4][0xcb][0xf4],[0xf6][0xcc][0xb]2Mv[0xf6]4[0xf3][0xcc].[0x88][0x8]s[0xf6][0xb2][0xd4]K[0xad][0xf4]rO[0x9][0xaf](N[0xca]u+[0x89][\n]"
05:47:40.697 [main] DEBUG org.apache.http.wire -  << "[0x6]K[0x94]%[0xba][0x9b][0xa4][0x7][0xb9][[0xe6]xf[0x96]g[0x6][0x85][0x1b]f$[0x86][0x97][0x83][0xc][0xa9]J22[0xcc]I22[0xcd][0x9]t[0x7][0x8b][0x95]F[0x1a]Y[0x96]x[0xe6][0x19][0xe8][0x85][0x97]9[0x5]W$[0x7][0xba][0x16][0x16][0xe6]e:[0x1b][0x96][0x19]X[0xf8]Te[0x17]y$[0xbb][0xfa][0xa4][0xa6][0x17][0x1b]$[0x99][0x97][0x95]d[0xb9][0x7][0x84]g&[0xba][0x86]'{*[0xd5]r[0x1][0x0]?[0x99][0xcf]j[0xa0][0x0][0x0][0x0]"
05:47:40.697 [main] DEBUG org.apache.http.wire -  << "[\r][\n]"
05:47:40.697 [main] DEBUG org.apache.http.wire -  << "0[\r][\n]"
05:47:40.697 [main] DEBUG org.apache.http.wire -  << "[\r][\n]"
05:47:40.697 [main] DEBUG io.restassured.internal.RestAssuredHttpBuilder - Parsed data to instance of: class org.apache.http.conn.EofSensorInputStream
05:47:40.699 [main] DEBUG org.apache.http.impl.conn.BasicClientConnectionManager - Releasing connection org.apache.http.impl.conn.ManagedClientConnectionImpl@49f82f95
05:47:40.699 [main] DEBUG org.apache.http.impl.conn.BasicClientConnectionManager - Connection can be kept alive indefinitely
05:47:40.711 [main] DEBUG net.thucydides.core.steps.StepInterceptor - STEP DONE: I send POST HTTP request login
  &amp#27;[32mWhen &amp#27;[0m&amp#27;[32mI send POST HTTP request login&amp#27;[0m                    &amp#27;[90m# starter.stepdefinitions.UserSteps.iSendPOSTHTTPRequestLogin()&amp#27;[0m
05:47:40.714 [main] DEBUG net.thucydides.core.steps.StepInterceptor - STARTING STEP: UserSteps.iReceiveValidHTTPResponseCode - I receive valids HTTP response code 200
05:47:40.714 [main] DEBUG net.thucydides.core.steps.StepInterceptor - STEP DONE: I receive valids HTTP response code 200
  &amp#27;[32mThen &amp#27;[0m&amp#27;[32mI receive valid HTTP response code 200&amp#27;[0m            &amp#27;[90m# starter.stepdefinitions.UserSteps.iReceiveValidHTTPResponseCode()&amp#27;[0m
05:47:40.717 [main] DEBUG net.thucydides.core.steps.StepInterceptor - STARTING STEP: UserSteps.iReceiveValidDataForLogin - I receive valid data for login
05:47:40.717 [main] DEBUG net.thucydides.core.steps.StepInterceptor - STEP DONE: I receive valid data for login
  &amp#27;[32mAnd &amp#27;[0m&amp#27;[32mI receive valid data for login&amp#27;[0m                     &amp#27;[90m# starter.stepdefinitions.UserSteps.iReceiveValidDataForLogin()&amp#27;[0m
05:47:40.719 [main] INFO  - 
  _____   ___   ___   _____     ___     _     ___   ___   ___   ___  
 |_   _| | __| / __| |_   _|   | _ \   /_\   / __| / __| | __| |   \ 
   | |   | _|  \__ \   | |     |  _/  / _ \  \__ \ \__ \ | _|  | |) |
   |_|   |___| |___/   |_|     |_|   /_/ \_\ |___/ |___/ |___| |___/ 

POST - As admin I have be able to create login
----------------------------------------------------------------------
]]></system-out>
  </testcase>
  <testcase name="POST - As admin I cannot login" classname="User" time="0.273">
    <system-out><![CDATA[
@TC-0028
Scenario: POST - As admin I cannot login      &amp#27;[90m# src/test/resources/api/user.feature:217&amp#27;[0m
05:47:40.727 [main] INFO io.cucumber.core.plugin.SerenityReporter - Running feature from file:///C:/Users/Lenovo/IdeaProjects/MiniProject/MiniprojectApi/src/test/resources/api/user.feature
05:47:40.727 [main] WARN io.cucumber.core.plugin.SerenityReporter - Feature from file:///C:/Users/Lenovo/IdeaProjects/MiniProject/MiniprojectApi/src/test/resources/api/user.feature is not under the 'features' directory. Requirements report will not be correctly generated!
05:47:40.729 [main] INFO  - 
  _____   ___   ___   _____     ___   _____     _     ___   _____   ___   ___  
 |_   _| | __| / __| |_   _|   / __| |_   _|   /_\   | _ \ |_   _| | __| |   \ 
   | |   | _|  \__ \   | |     \__ \   | |    / _ \  |   /   | |   | _|  | |) |
   |_|   |___| |___/   |_|     |___/   |_|   /_/ \_\ |_|_\   |_|   |___| |___/ 

POST - As admin I cannot login(user;post---as-admin-i-cannot-login)
--------------------------------------------------------------------------------
05:47:40.784 [main] DEBUG net.thucydides.core.steps.StepInterceptor - STARTING STEP: UserSteps.iSetPOSTApiEndpointsLogin - I set POST api endpoints login
05:47:40.785 [main] DEBUG net.thucydides.core.steps.StepInterceptor - STEP DONE: I set POST api endpoints login
  &amp#27;[32mGiven &amp#27;[0m&amp#27;[32mI set POST api endpoints login&amp#27;[0m        &amp#27;[90m# starter.stepdefinitions.UserSteps.iSetPOSTApiEndpointsLogin()&amp#27;[0m
05:47:40.793 [Finalizer] DEBUG org.apache.http.impl.conn.DefaultClientConnection - Connection 0.0.0.0:60362<->149.248.193.56:443 closed
05:47:40.794 [Finalizer] DEBUG org.apache.http.impl.conn.DefaultClientConnection - Connection 0.0.0.0:60361<->149.248.193.56:443 closed
05:47:40.794 [Finalizer] DEBUG org.apache.http.impl.conn.DefaultClientConnection - Connection 0.0.0.0:60360<->149.248.193.56:443 closed
05:47:40.794 [Finalizer] DEBUG org.apache.http.impl.conn.DefaultClientConnection - Connection 0.0.0.0:60363<->149.248.193.56:443 closed
05:47:40.795 [main] DEBUG net.thucydides.core.steps.StepInterceptor - STARTING STEP: UserSteps.iSendPOSTHTTPRequestLogin - I send POST HTTP request login
05:47:40.796 [main] DEBUG net.thucydides.core.steps.StepInterceptor - STARTING STEP: PostLogin.iSendPOSTHTTPRequestLogin - I set POST api endpoints login
05:47:40.797 [main] DEBUG net.thucydides.core.steps.StepInterceptor - STEP DONE: I set POST api endpoints login
05:47:40.802 [main] DEBUG org.apache.http.impl.conn.BasicClientConnectionManager - Get connection for route {s}->https://altashop-api.fly.dev:443
05:47:40.802 [main] DEBUG org.apache.http.impl.conn.DefaultClientConnectionOperator - Connecting to altashop-api.fly.dev:443
05:47:40.902 [main] DEBUG org.apache.http.client.protocol.RequestAddCookies - CookieSpec selected: ignoreCookies
05:47:40.902 [main] DEBUG org.apache.http.client.protocol.RequestAuthCache - Auth cache not set in the context
05:47:40.902 [main] DEBUG org.apache.http.client.protocol.RequestTargetAuthentication - Target auth state: UNCHALLENGED
05:47:40.902 [main] DEBUG org.apache.http.client.protocol.RequestProxyAuthentication - Proxy auth state: UNCHALLENGED
05:47:40.902 [main] DEBUG org.apache.http.impl.client.DefaultHttpClient - Attempt 1 to execute request
05:47:40.902 [main] DEBUG org.apache.http.impl.conn.DefaultClientConnection - Sending request: POST /api/auth/login HTTP/1.1
05:47:40.902 [main] DEBUG org.apache.http.wire -  >> "POST /api/auth/login HTTP/1.1[\r][\n]"
05:47:40.902 [main] DEBUG org.apache.http.wire -  >> "Accept: */*[\r][\n]"
05:47:40.902 [main] DEBUG org.apache.http.wire -  >> "Content-Type: application/json[\r][\n]"
05:47:40.902 [main] DEBUG org.apache.http.wire -  >> "Content-Length: 48[\r][\n]"
05:47:40.902 [main] DEBUG org.apache.http.wire -  >> "Host: altashop-api.fly.dev[\r][\n]"
05:47:40.902 [main] DEBUG org.apache.http.wire -  >> "Connection: Keep-Alive[\r][\n]"
05:47:40.902 [main] DEBUG org.apache.http.wire -  >> "User-Agent: Apache-HttpClient/4.5.13 (Java/14.0.2)[\r][\n]"
05:47:40.902 [main] DEBUG org.apache.http.wire -  >> "Accept-Encoding: gzip,deflate[\r][\n]"
05:47:40.902 [main] DEBUG org.apache.http.wire -  >> "[\r][\n]"
05:47:40.902 [main] DEBUG org.apache.http.headers - >> POST /api/auth/login HTTP/1.1
05:47:40.902 [main] DEBUG org.apache.http.headers - >> Accept: */*
05:47:40.902 [main] DEBUG org.apache.http.headers - >> Content-Type: application/json
05:47:40.902 [main] DEBUG org.apache.http.headers - >> Content-Length: 48
05:47:40.902 [main] DEBUG org.apache.http.headers - >> Host: altashop-api.fly.dev
05:47:40.902 [main] DEBUG org.apache.http.headers - >> Connection: Keep-Alive
05:47:40.902 [main] DEBUG org.apache.http.headers - >> User-Agent: Apache-HttpClient/4.5.13 (Java/14.0.2)
05:47:40.902 [main] DEBUG org.apache.http.headers - >> Accept-Encoding: gzip,deflate
05:47:40.903 [main] DEBUG org.apache.http.wire -  >> "{"password":"123123","email":"someone@mail.com"}"
05:47:40.944 [main] DEBUG org.apache.http.wire -  << "HTTP/1.1 200 OK[\r][\n]"
05:47:40.944 [main] DEBUG org.apache.http.wire -  << "content-type: application/json[\r][\n]"
05:47:40.944 [main] DEBUG org.apache.http.wire -  << "date: Mon, 08 May 2023 22:56:31 GMT[\r][\n]"
05:47:40.944 [main] DEBUG org.apache.http.wire -  << "content-encoding: gzip[\r][\n]"
05:47:40.944 [main] DEBUG org.apache.http.wire -  << "transfer-encoding: chunked[\r][\n]"
05:47:40.944 [main] DEBUG org.apache.http.wire -  << "server: Fly/3f2597ca (2023-05-03)[\r][\n]"
05:47:40.944 [main] DEBUG org.apache.http.wire -  << "via: 1.1 fly.io[\r][\n]"
05:47:40.944 [main] DEBUG org.apache.http.wire -  << "fly-request-id: 01GZYS9AGV48A1SSQN4CQ676SB-sin[\r][\n]"
05:47:40.944 [main] DEBUG org.apache.http.wire -  << "[\r][\n]"
05:47:40.944 [main] DEBUG org.apache.http.impl.conn.DefaultClientConnection - Receiving response: HTTP/1.1 200 OK
05:47:40.944 [main] DEBUG org.apache.http.headers - << HTTP/1.1 200 OK
05:47:40.944 [main] DEBUG org.apache.http.headers - << content-type: application/json
05:47:40.944 [main] DEBUG org.apache.http.headers - << date: Mon, 08 May 2023 22:56:31 GMT
05:47:40.944 [main] DEBUG org.apache.http.headers - << content-encoding: gzip
05:47:40.944 [main] DEBUG org.apache.http.headers - << transfer-encoding: chunked
05:47:40.944 [main] DEBUG org.apache.http.headers - << server: Fly/3f2597ca (2023-05-03)
05:47:40.944 [main] DEBUG org.apache.http.headers - << via: 1.1 fly.io
05:47:40.944 [main] DEBUG org.apache.http.headers - << fly-request-id: 01GZYS9AGV48A1SSQN4CQ676SB-sin
05:47:40.944 [main] DEBUG org.apache.http.impl.client.DefaultHttpClient - Connection can be kept alive indefinitely
05:47:40.944 [main] DEBUG io.restassured.internal.RestAssuredHttpBuilder - Parsing response as: application/json
05:47:40.944 [main] DEBUG org.apache.http.wire -  << "AC[\r][\n]"
05:47:40.944 [main] DEBUG org.apache.http.wire -  << "[0x1f][0x8b][0x8][0x0][0x0][0x0][0x0][0x0][0x4][0xff][0xab]VJI,IT[0xb2]RJ[0xad][0xf4][0xca]HrO[0xce][0xf4][0xcf][0xf4][0xf2][0xc][0xad][0xf2]4[0xf4][0xcb][0xf4],[0xf6][0xcc][0xb]2Mv[0xf6]4[0xf3][0xcc].[0x88][0x8]s[0xf6][0xb2][0xd4]K[0xad][0xf4]rO[0x9][0xaf](N[0xca]u+[0x89][\n]"
05:47:40.945 [main] DEBUG org.apache.http.wire -  << "[0x6]K[0x94]%[0xba][0x9b][0xa4][0x7][0xb9][[0xe6]xf[0x96]g[0x6][0x85][0x1b]f$[0x86][0x97][0x83][0xc][0xa9]J22[0xcc]I22[0xcd][0x9]t[0x7][0x8b][0x95]F[0x1a]Y[0x96]x[0xe6][0x19][0xe8][0x85][0x97]9[0x5]W$[0x7][0xba][0x16][0x16][0xe6]e:[0x1b][0x96][0x19]X[0xf8]Te[0x17]y$[0xbb][0xfa][0xa4][0xa6][0x17][0x1b]$[0x99][0x97][0x95]d[0xb9][0x7][0x84]g&[0xba][0x86]'{*[0xd5]r[0x1][0x0]?[0x99][0xcf]j[0xa0][0x0][0x0][0x0]"
05:47:40.945 [main] DEBUG org.apache.http.wire -  << "[\r][\n]"
05:47:40.945 [main] DEBUG org.apache.http.wire -  << "0[\r][\n]"
05:47:40.945 [main] DEBUG org.apache.http.wire -  << "[\r][\n]"
05:47:40.945 [main] DEBUG io.restassured.internal.RestAssuredHttpBuilder - Parsed data to instance of: class org.apache.http.conn.EofSensorInputStream
05:47:40.947 [main] DEBUG org.apache.http.impl.conn.BasicClientConnectionManager - Releasing connection org.apache.http.impl.conn.ManagedClientConnectionImpl@597ae16a
05:47:40.948 [main] DEBUG org.apache.http.impl.conn.BasicClientConnectionManager - Connection can be kept alive indefinitely
05:47:40.978 [main] DEBUG net.thucydides.core.steps.StepInterceptor - STEP DONE: I send POST HTTP request login
  &amp#27;[32mWhen &amp#27;[0m&amp#27;[32mI send POST HTTP request login&amp#27;[0m         &amp#27;[90m# starter.stepdefinitions.UserSteps.iSendPOSTHTTPRequestLogin()&amp#27;[0m
05:47:40.985 [main] DEBUG net.thucydides.core.steps.StepInterceptor - STARTING STEP: UserSteps.iReceiveValidHTTPResponseCode400 - I receive valid HTTP response code 400
05:47:40.987 [main] DEBUG net.thucydides.core.steps.StepInterceptor - STEP DONE: I receive valid HTTP response code 400
  &amp#27;[32mThen &amp#27;[0m&amp#27;[32mI receive valid HTTP response code 400&amp#27;[0m &amp#27;[90m# starter.stepdefinitions.UserSteps.iReceiveValidHTTPResponseCode400()&amp#27;[0m
05:47:40.992 [main] INFO  - 
  _____   ___   ___   _____     ___     _     ___   ___   ___   ___  
 |_   _| | __| / __| |_   _|   | _ \   /_\   / __| / __| | __| |   \ 
   | |   | _|  \__ \   | |     |  _/  / _ \  \__ \ \__ \ | _|  | |) |
   |_|   |___| |___/   |_|     |_|   /_/ \_\ |___/ |___/ |___| |___/ 

POST - As admin I cannot login
----------------------------------------------------------------------
]]></system-out>
  </testcase>
  <testcase name="GET - As admin I can get index" classname="User" time="0.85">
    <system-out><![CDATA[
@TC-0031
Scenario: GET - As admin I can get index      &amp#27;[90m# src/test/resources/api/user.feature:224&amp#27;[0m
05:47:41.014 [main] INFO io.cucumber.core.plugin.SerenityReporter - Running feature from file:///C:/Users/Lenovo/IdeaProjects/MiniProject/MiniprojectApi/src/test/resources/api/user.feature
05:47:41.014 [main] WARN io.cucumber.core.plugin.SerenityReporter - Feature from file:///C:/Users/Lenovo/IdeaProjects/MiniProject/MiniprojectApi/src/test/resources/api/user.feature is not under the 'features' directory. Requirements report will not be correctly generated!
05:47:41.018 [main] INFO  - 
  _____   ___   ___   _____     ___   _____     _     ___   _____   ___   ___  
 |_   _| | __| / __| |_   _|   / __| |_   _|   /_\   | _ \ |_   _| | __| |   \ 
   | |   | _|  \__ \   | |     \__ \   | |    / _ \  |   /   | |   | _|  | |) |
   |_|   |___| |___/   |_|     |___/   |_|   /_/ \_\ |_|_\   |_|   |___| |___/ 

GET - As admin I can get index(user;get---as-admin-i-can-get-index)
--------------------------------------------------------------------------------
05:47:41.134 [main] DEBUG net.thucydides.core.steps.StepInterceptor - STARTING STEP: UserSteps.iSetGETApiEndpointsIndex - I set the GET api endpoints index
05:47:41.134 [main] DEBUG net.thucydides.core.steps.StepInterceptor - STEP DONE: I set the GET api endpoints index
  &amp#27;[32mGiven &amp#27;[0m&amp#27;[32mI set GET api endpoints index&amp#27;[0m         &amp#27;[90m# starter.stepdefinitions.UserSteps.iSetGETApiEndpointsIndex()&amp#27;[0m
05:47:41.137 [main] DEBUG net.thucydides.core.steps.StepInterceptor - STARTING STEP: UserSteps.iSendGETHTTPRequest - I send HTTP GET request
05:47:41.138 [main] DEBUG net.thucydides.core.steps.StepInterceptor - STARTING STEP: GetAllProduct.iSendGETHTTPRequest - I set the GET api endpoints
05:47:41.139 [main] DEBUG net.thucydides.core.steps.StepInterceptor - STEP DONE: I set the GET api endpoints
05:47:41.144 [main] DEBUG org.apache.http.impl.conn.BasicClientConnectionManager - Get connection for route {s}->https://altashop-api.fly.dev:443
05:47:41.144 [main] DEBUG org.apache.http.impl.conn.DefaultClientConnectionOperator - Connecting to altashop-api.fly.dev:443
05:47:41.225 [main] DEBUG org.apache.http.client.protocol.RequestAddCookies - CookieSpec selected: ignoreCookies
05:47:41.225 [main] DEBUG org.apache.http.client.protocol.RequestAuthCache - Auth cache not set in the context
05:47:41.225 [main] DEBUG org.apache.http.client.protocol.RequestTargetAuthentication - Target auth state: UNCHALLENGED
05:47:41.225 [main] DEBUG org.apache.http.client.protocol.RequestProxyAuthentication - Proxy auth state: UNCHALLENGED
05:47:41.225 [main] DEBUG org.apache.http.impl.client.DefaultHttpClient - Attempt 1 to execute request
05:47:41.225 [main] DEBUG org.apache.http.impl.conn.DefaultClientConnection - Sending request: GET /api/products HTTP/1.1
05:47:41.225 [main] DEBUG org.apache.http.wire -  >> "GET /api/products HTTP/1.1[\r][\n]"
05:47:41.225 [main] DEBUG org.apache.http.wire -  >> "Accept: */*[\r][\n]"
05:47:41.225 [main] DEBUG org.apache.http.wire -  >> "Host: altashop-api.fly.dev[\r][\n]"
05:47:41.225 [main] DEBUG org.apache.http.wire -  >> "Connection: Keep-Alive[\r][\n]"
05:47:41.225 [main] DEBUG org.apache.http.wire -  >> "User-Agent: Apache-HttpClient/4.5.13 (Java/14.0.2)[\r][\n]"
05:47:41.225 [main] DEBUG org.apache.http.wire -  >> "Accept-Encoding: gzip,deflate[\r][\n]"
05:47:41.225 [main] DEBUG org.apache.http.wire -  >> "[\r][\n]"
05:47:41.225 [main] DEBUG org.apache.http.headers - >> GET /api/products HTTP/1.1
05:47:41.225 [main] DEBUG org.apache.http.headers - >> Accept: */*
05:47:41.225 [main] DEBUG org.apache.http.headers - >> Host: altashop-api.fly.dev
05:47:41.225 [main] DEBUG org.apache.http.headers - >> Connection: Keep-Alive
05:47:41.225 [main] DEBUG org.apache.http.headers - >> User-Agent: Apache-HttpClient/4.5.13 (Java/14.0.2)
05:47:41.225 [main] DEBUG org.apache.http.headers - >> Accept-Encoding: gzip,deflate
05:47:41.530 [main] DEBUG org.apache.http.wire -  << "HTTP/1.1 200 OK[\r][\n]"
05:47:41.531 [main] DEBUG org.apache.http.wire -  << "content-type: application/json[\r][\n]"
05:47:41.531 [main] DEBUG org.apache.http.wire -  << "date: Mon, 08 May 2023 22:56:31 GMT[\r][\n]"
05:47:41.531 [main] DEBUG org.apache.http.wire -  << "transfer-encoding: chunked[\r][\n]"
05:47:41.531 [main] DEBUG org.apache.http.wire -  << "content-encoding: gzip[\r][\n]"
05:47:41.531 [main] DEBUG org.apache.http.wire -  << "server: Fly/3f2597ca (2023-05-03)[\r][\n]"
05:47:41.531 [main] DEBUG org.apache.http.wire -  << "via: 1.1 fly.io[\r][\n]"
05:47:41.531 [main] DEBUG org.apache.http.wire -  << "fly-request-id: 01GZYS9ATW18XQK5G840090PZY-sin[\r][\n]"
05:47:41.531 [main] DEBUG org.apache.http.wire -  << "[\r][\n]"
05:47:41.531 [main] DEBUG org.apache.http.impl.conn.DefaultClientConnection - Receiving response: HTTP/1.1 200 OK
05:47:41.531 [main] DEBUG org.apache.http.headers - << HTTP/1.1 200 OK
05:47:41.532 [main] DEBUG org.apache.http.headers - << content-type: application/json
05:47:41.532 [main] DEBUG org.apache.http.headers - << date: Mon, 08 May 2023 22:56:31 GMT
05:47:41.532 [main] DEBUG org.apache.http.headers - << transfer-encoding: chunked
05:47:41.532 [main] DEBUG org.apache.http.headers - << content-encoding: gzip
05:47:41.532 [main] DEBUG org.apache.http.headers - << server: Fly/3f2597ca (2023-05-03)
05:47:41.532 [main] DEBUG org.apache.http.headers - << via: 1.1 fly.io
05:47:41.532 [main] DEBUG org.apache.http.headers - << fly-request-id: 01GZYS9ATW18XQK5G840090PZY-sin
05:47:41.532 [main] DEBUG org.apache.http.impl.client.DefaultHttpClient - Connection can be kept alive indefinitely
05:47:41.532 [main] DEBUG io.restassured.internal.RestAssuredHttpBuilder - Parsing response as: application/json
05:47:41.532 [main] DEBUG org.apache.http.wire -  << "179[\r][\n]"
05:47:41.532 [main] DEBUG org.apache.http.wire -  << "[0x1f][0x8b][0x8][0x0][0x0][0x0][0x0][0x0][0x4][0xff][0xaa]VJI,IT[0xb2][0x8a][0xae]V[0xf2]tQ[0xb2]241[0xb1]0[0xd2]Q[0xf2]K[0xcc]MU[0xb2]RJI-N.[0xca],([0xc9][0xcc][0xcf]S[0xd2]QrA[0xe2]Y))[0xe9]([0x5][0x14]e&[0xa7]*Y[0x19][0xe8]([0x5]%[0x96]d[0xe6][0xa5][0x17]+Y[0x99][0xe8](9'[0x96][0xa4][0xa6][0xe7][0x17]e[0xa6][0x16]+YE[0xc7][0xd6][0xea] [0xc]6[0x86][0x1b][0xec]Y[0x90][0x91][0x9f][0x97][0xaa]`h[0xa8]`f[0xa2][0x90][0x9e][0x84]axANb[0xa5]BFb[0xb1]B^[0xbe]BNfnfI1[0xc2]:#KK$[0xb][0x8d][0xd0],[0x84][0xda]fdjb[0x8][0xb7][0xcd]=173/[0x1d][0xc3][0x12][0xb7][0xfc]"[0x85]t[0xb0][0x94]BAiQA~qj[0xb1]R-[0x8a][0x83]-[0xe0]F[0xb8][0x95][0x16][0xe5]e[0x96][0x94][0x16][0xa5]*[0x84][0xe4][0x17]`[0x9a][0x4][0x97]MI,[0xca]T[0xf0]J-H,JD[0xb8][0xd8][0xd0][0x4][0xd9][0xc5][0xa6]h.F[0xb1][0xd1][0x4]ncp~^[0xa5]B@[0xb0]![0x86]e[0xf8][0xc2][0xc6][0x4]%l[0xc][0xd1]l[0xa2]j[0xd8][0x98][0x12]v)"[0x4][0x90][0x93][0x88][0x1]-]e[0x6]w[0x15][0x15]c[0xc][0xdd][0xc5][0xc8]1f[0x89]Hf.a.[\n]"
05:47:41.532 [main] DEBUG org.apache.http.wire -  << "[0xbe][0xa5][0xe9][0xa9]y[\n]"
05:47:41.532 [main] DEBUG org.apache.http.wire -  << "!E[0x89][0x99][0xf8]r[0x8c][0xa1][0x91][0x81][0x81][0x1][0xbe]0A[0xb1][0x1][0x91][0x1f][0x13][0xf3][0x12][0xb3][0x15][0x12]+[0x13]s1[0x12]Eqiq[0xa9][0x2]H[0x1a][0x11][0xe6][0x96](i[0x1][0xaf][0x1f][0xcc][0xe1][0xa1][0x16][0xe1][0xe4][0x1f][0x81][0x99][0xe4][0x10]9[0x5]a<jR3[0xa6]a[0xa4][0x82][0xfc][0x1]-[0x90][0xb0];[0xf][0x97][0xa3][0xc][0x0][0x0][0x0][0x0][0xff][0xff]"
05:47:41.532 [main] DEBUG org.apache.http.wire -  << "[\r][\n]"
05:47:41.532 [main] DEBUG org.apache.http.wire -  << "4C9[\r][\n]"
05:47:41.532 [main] DEBUG org.apache.http.wire -  << "[0xa2][0x9d][0xa3]LA[0xd1][0x7]u[0x14]m[0xe2][0xdd][0xd4][0x0][0x91][0xb2]@[0x11]K[0xfd]x75[0xa0]u[0xca]25@[0x14][0xf9]4[0xf2][0x83][0x5][0xa2][0x8c]v*JLN[0xcd]I-[0xc1][0xc8][0x1c][0xbe][0x89])[0xa9][\n]"
05:47:41.532 [main] DEBUG org.apache.http.wire -  << "[0xf9]i[\n]"
05:47:41.532 [main] DEBUG org.apache.http.wire -  << "[0x19][0x99][0xe9][0x19][\n]"
05:47:41.532 [main] DEBUG org.apache.http.wire -  << "[0x85][0xa5][0x89]9[0x99]%[0x95][\n]"
05:47:41.532 [main] DEBUG org.apache.http.wire -  << "[0x5][0xa9][0x89]E9[0xc8][0xd5][0x8a][0x11]q[0x19][0xd2][0xd8][0xd8][0xc][0xa3][0x90]6[0xc5][0xb0][0x12]_![0x8d]Z[0x81][0xe1][0xae]1[0x8d][0x8d][0xcd],[0xe1][0x19][0xb3]$[0xb5][0x18]T[0xc5]*[0x14][0x14][0xe5][0xa7][0x94]&c[0xfa][0xb1]$#[0xb3]X![0xb3]X[0xa1]$#[0x15][0xa6]F[0x1][0xb5][0xfa][0xc6]R[[0xa3][0xe7]ZD[0xb1]cll[0x8e]H~T[0xb3][0xdb][0x10][0xad][0xd8][0xc3]][0x15][0x1a][0x1b][0x9b]#[0x12]'U[0xed]Gj;[0xe0][0xb5][0x1e][0x11][0xc9]T[0xb5][0x1e]9[0x91][0xe1][0xb5][0x1f]Q&[0xd3][0xcc]~[0xf4][0xf2][0x11]%[0xfa][0x11][0xf9][0x8a]f[0xf6][0xe3]K[0xfa][0xe6]4H[0xfa][0xe8][0xc9][0xf][0x9f][0xff]-[0xc][0xa8][0x9f][0xf5][0xd0][0xed][0xc7][0x97][0xfd][0x90]Z[0xe1]4[0xb][0xbc][0xfe]G[0x94][0xdc][0x3]c?"[0xff]y[0x4]([0xe4]f[0x96][0xe4]c/cKR[0x8b][0x92][0x12]3[0xb3][0x11]M[0x0]S3s[0xa4],[0x8e][0xd7][0x8b][0x88],FZ[0xbb][0x2]=[0xdf]R[0xaf]]mll[0x81]H[0xf7][0xd0][0x1e][0x0]%[0x95][0xb][0xbe][0x14]f[0x89][0x88][0xe1][0x80]`[0x5]L[[0xd2][0x13]sS[0x15]L[0x15][0x8a]K[0x12][0x8b][0x10][0xa1][0x8b][0xda][0xea][0xc3][0x97][0x81]-[0x11][0x11]H[0x97][0xa6][0xb8][0xb1][0x9]R[0x93][0x8c][\n]"
05:47:41.532 [main] DEBUG org.apache.http.wire -  << "A[0x87]'[0xe5][0x98] 5[0xcd][0xe8][0xe5]7Dd[0xd1][0xda]o[0x88]x[0xb](JL.[0xc9]LN[0xcc]Q[0x8][0xcf][0xcf]OI[0xcd]S[0xf0][0xce][0xcb]LK[0xc5][0xc8][0x87][0x8e]9[0x99][0x89][0xc5][\n]"
05:47:41.532 [main] DEBUG org.apache.http.wire -  << "i[0xa5][0xe9][0x89][\n]"
05:47:41.532 [main] DEBUG org.apache.http.wire -  << "[0xa5]%z[0x88][0xb4]b[0x8][0x8a][0x10][0xf8][0xc8][0x0][0xde][0xf0]D[0xe4]D[0xea][0x8d][0xc][0xe0][0xb5][0x10][0x91][0xcb]`[0x16][0x1a]Q<[0x14][0x81][0xcf]BCDu[0x2][0xb3][0x90][0xf2][0xb1][0xf][0xbc][0x16]"[0x9a]ot[0xb2][0x10]c@[0xc0][0x1c]#[0xa5][0x10][0xdf]*[0xc6][0xeb]5Dj[0x9]H[0xcc]I[0xf4][0xc9][0xf7][0x1][0x8d][0xb5][0xa0][0x8e]N[0xc1]m[0xc2]2zdl[0x8c]TA[0xe0])[0xc2]L[0xc][0x11]m rKH[0xbc][0xfe]@$BZ[0x18][0xf][0xea][0xcf]@{[0xa8]t[0xea][0x19][0x99][0x18]![0x12][0x1d]M|[0x84][0xe8][0x12][0xd0][0xc4]xD[0x19]K[0xb7][0x0]C[0x14][0xb6]t[0xb3][0x12][0x91]O[0xa9]i%[0xbe]|d[0x84][0x18][0x95][0xa3][0xa6][0x95][0xf8][0xf2][0x96][0x11][0xa2][0x8c][0xa0]q}i[0x84][0xc8][0xc5]4j[0xa8][0x9a][0x18]#*[0xf]Z[0x86][0x1f][0xac][0x19]ka[0x88]H"[0x8e][0xc9][0xc9][0xa9][0xc5][0xc5][0x90][0xd1]|[0xf4][0x19][0x80][0x92]|[0x85][0xd4][0xbc][0x8c][0xc4][0xbc][0xe4]T[0x85][0xc4][0x2][0xd0]p[\n]"
05:47:41.532 [main] DEBUG org.apache.http.wire -  << "[0x88][0x89]<[0x82]nlb[0x8c]([0x10][0x8a]S[0xb]RS0[0xb][0xea][0xc4][0xcc]J[0x90] tp[0xc2][0xc8][0x14][0xb9][0x8c]/[0x82][0x8d][0x11]e[0x1]-[0xc3][0x4][0xa9]Kl[0x2][0xaa]7[0xa0][0x5]*[0xb5]=C[0xff]b[0xc0][0x18][0x11][0xc7][0xc1][0xe0][0x98]Q[0xf0][0xc9],.)[0x2][0xf7][0xa4]P[0xab]R[0xa8]t[0xe]DZ!/=5[0xa9][0x14]4[0xfe]Dz[0x94]![0x8a][0x1][0xa8][0x99]P+[0x15][0x9c][0x12]s[0x12]1gU[0xa0][0x8a]P-VHJ[0xcc]K[0x7][0x8f][0xf1]A[0xed]7%>[0xc9] [0xca][0x4][0xba]%[0x19]D[0xb][0x82]nV"[0xca]#zYi[0x82]([0x9f][0x82]J[0x8b]K2[0x93]a[0xfd][0x5][0xa7]D[0xcc]Y[0xb7][0xd0][0x12][0x85][0xd4][0xa2][0xa2][0xfc]"[0x85][0xa2][0xd4][0xe4][0xd2][0xe2][0xc4][0xbc][0x94][0xc4]T[0x85][0x82][0xfc][0xe2][0xe2][0xcc][0xdc][0xd2]b[0x85][0xdc][0xfc][0x1c][0xd0]8gb[0xaa]Bqj[0x8a]BfnAjJ&y][\n]"
05:47:41.532 [main] DEBUG org.apache.http.wire -  << "[0xa4][0xe9]?D7[0xc6]'3/5O[0xc1])[0xbf][0xa4]$[0x7]K7[0xa6][0xb4]D[0xa1] [0xb5][0xa8][0xb8] 393[0xb1]$[0xb3]X!%?'[0xbf](U!%3[0xb9]$Q[0xa1] [0xbf][0xa8](_![0xb3][0xa0][0xb8]4W!5[0x91][0xac]^[0x8e][0x9][0xfd][0x8b],[0x13]D[0x93]&8'55[[0x1][0x12][0x2][0xee]9[0xf9]e[0xa9][0xa0][0xb1]o[0xd4][0x9c][0xee][0x9f][0x96][0x96][0x99][0x9c][0x99]Y[0xac][0x90][0x9c][0x9f]W[0x9c]ZX[0x9a]XRZ[0xa4][0x90][0x98][0x97][0x99][0x9b][0x9][0x8f][0x98]b[0x85][0xb2][0xfc][0x9c][0xd2][0x82][0x92][0xc4][0x92]T[0x85][0x94][0xd4][0x9c][0xd4][0xbc][0xcc][0x92]L[0xf2][0x2][0x83][0xfe]E[0x9e][0x9][0xa2][0xc8]s[0xcf]/JO[0xcd]/-V[0x8]*MJJ-Rp[0x6][0x8f]q[0xa0][0x85]FJf[0x9]$[\r][0x94][0xe6]*$[0x82][0x12][0x7]8[0x9][0xe4]$&[0xe5][0x17]e[0xe6][0x17]'[0xe6]*[0x14][0x96]f*$[0xe6]d[0x16][0x96]f[0xa6]([0x14][0x93][0x9b]N[0x11][0x85]""[0x9d][0xba][0x17]%[0xe6]e[0x96][0xa4]*8[0xe7]'[0x82]JZTw[0xb9][0x96][0x80][0xfa][0xda][0x99][0x89]%[\n]"
05:47:41.532 [main] DEBUG org.apache.http.wire -  << "[0xf9][0xb9]y[0x99][0xc5][\n]"
05:47:41.532 [main] DEBUG org.apache.http.wire -  << "[0xb9][0x99]y[0x99][0xb9][0x89][\n]"
05:47:41.532 [main] DEBUG org.apache.http.wire -  << "y[0xa5][0xb9][0x85][0xa5][0x89][0xb9][\n]"
05:47:41.532 [main] DEBUG org.apache.http.wire -  << "[0xc5][0xa5][0xc5][0xc9][0x99][0x5][0xe4][0xba][0x6]QD[0x6]W[0xe6][0xa5][0x16][0xa5]g[0xc2][0xb2]s[0x8e]BpFf[0x11]V[0xd7][0xa4][0x16][0x97][0xc0]SEfRi[0xb1]BANbrjb[0x89]B*yY[0x17]T[0xa0]C[0xeb]Y[0x5][0x1a]u!M[0x11]Y[0x91][0xac][0xe6]![0xb1][0xad][0x14]S[0xa4][0xfc][0x7][0x99][0xcf][0xc7][0x1c]g[0x83]wU[0x9][0xae]u[0xc0][0xd7][0x1e]2[0xa5]~2E[0xe4]'z[0xd5]4[0xa6][0x88][0xdc]B7+[0x11]Y[0x82]nV"Z[\r]d[0xa5]N[0xd4][0x9]F[0xbc][0xa9][0x6][0xd1]X[0xa0][0xb1]Mf[0x88]6[0x2][0xd4]&[0xcc]e[0x6][0xf8]r[0x2][0xea][0xc0]3[0xba][0x9f]`][0x17][0xb4]U?[0x0][0x0][0x0][0x0][0xff][0xff]"
05:47:41.532 [main] DEBUG org.apache.http.wire -  << "[\r][\n]"
05:47:41.533 [main] DEBUG org.apache.http.wire -  << "58C[\r][\n]"
05:47:41.533 [main] DEBUG org.apache.http.wire -  << ""c[0xd5][0x8f][0xb1][0x89][0x19][0xa2][0xcf][0x2]u)[0xad][0xf2][0xac][0x19][0x85][0xa5][0x10][0xf1][0xf1]lF[0xb7]r[0x88][0xba][0x93][0xe3][0xe8][0xf1][0x8c][0xdc][0x1d]3C[0x14]?[0xb4][0x8e]'D[0xa9][0x3][0xb5]i[0xd0][0xa6]]Da[0x85][0xd3][0xa5][0x88][0x1]z|[0xb5][0x18]Us[0x14]FyFI[0xf8][0xd1]p[0xf6][0xcd][0x4]i[0xc1][0xc5] [\n]"
05:47:41.533 [main] DEBUG org.apache.http.wire -  << "?s[0x8c][0xb2][0x93]V%[0x12][0xd2][0xa2][0xf][0xbf][0xc4][0xe2]L[0x5][0x97][0xc4][0xd2]<[0x5][0xaf][0xd4][0xa2]R[0xd0][0x4]+j3[0x14],_[0x9e][0x9a][0x97][0x98][0x9d][0xad]P[0x92][0x9a][0x97][0x98][0xa7][0x90][Z[0x94][0x9b][0x8a]4Whh[0x89][0x91][0x1b],[0x89]YX"Rmr~^I~[0x86]n2b[\r])[0xfa][0xa8][0x93][bqFf~^bRN*[0xea]X[0x13][0xd2][0x82][0x11][0xb0][0xdb][0x10]n[0x7]/[0x9d]RH[0xcf]/J[0xc5][0xb2][\n]"
05:47:41.533 [main] DEBUG org.apache.http.wire -  << "[0x14][0xac][0x96]J[0xfe]@[0xa4]s[0xc2][0xfe][0xc0]T[0x81][0xb4][0xf6][0xd4][0xd8][0xc4][0x9c]n%[0xb6]9[0xdd][0xca]QsD<Cs[0x17][0xcd][0xd2]1[0xdd][0xda]5[0x16]tk-X RD[0x84]S~[0x85][0x2]f[0x19]J[0xff][0x92][0xdd][0x2][0xd1][0xeb][0xc0][0xe1]&[0xc2]KG[0xd1][0xeb]xX[0xb1]@[0x8d][0xb6][0x1c][0xd2][0xea][0xc0][0xc1][0xe9]>[0xba][0xa5]S[0xa4]u[0xca]8B[0x2][0x91]z[0xe8][0xd7][0xd6][0xb6]D[0xb4][0x80][0x7][0x93][0xab][0x10]9[0x8d][0xc6][0xe5][0x14][0xd2]"[0x19][0xec]K[0x90][0x6]6[0xfb]X"[0x1a][0xbe][0xd8][0x9d]7 i[0x6]Q[0xcb]bw[0xd4][0x80][0x86][0x19][0xf2][0xc2]p[0xec][0xce][0xc3][0x15]f4l[0xd7]"[0xaf]%[0xa7]m[0x8a]F^[0xf1][0x8d][0xdd][0xfb][0x3][0x1c];[0x88][0xc6][0xe]v[0xe7][0xe1][0x8a][0x1d][0x1a][0xd6]R[0xa6][0x6][0x88]lF[0xeb][0xd8][0xa1]<[0xef][0xd0]2[0x99]"[0xad][0x92][0x1a]<[0xb1]c[0x88]h[0xe1]aw[0xd4][0xc0][0xa6]hCDe[0x85][0xdd]y[0x3][0x91][0xa2][\r][0x11][0xed]B[0x1a][0xa7]h[0xa4][0xb5][\n]"
05:47:41.533 [main] DEBUG org.apache.http.wire -  << "[0xb4][0xb6][0x89]n[0xb9][0xd4][0x90]^[0xfd]$S[0xa4][0x15]n4[0xe]=[0xa4][0xd5]h[0xb4][0xb6][0x9][0xd1][0xa6][0xa4][0xb5]MtK[0xe5]F[0x88]j[0x8b][0xd6]~[0xa2][*[0xa7][0xdb][0x12]-S#D[0xad]G[0xeb][0xd0][0xa3]W[0xce][0x14]iM[0x18][0x8d][0xfd][0x84][0xb4][0x86][0x8b][0xd6]6!r.[0xf6][0xaa]l`kZcDv[0xc7][0xee][0xbc][0x81][0xa8]i[0x91][0xd7]q[0xd1]t[0x86][0xd9][0xd4][0x98]n%[0x83]1[0xa2][0xfe][0xf3][0x8]Pp[0x6]-[0xc2][0xc9][0xc4][0xb2]A%'[0xb5][0xa0]$[0xbf]@[0x1]c[0x7][0x90]%[0x8] -[0xf1]Fo[0xba]#M"[0x99][0x1a]S[0xb5]h@[0xdf]p[0x8f]l[0x13][0xd2]"[0xa9][0x81][0xd8]P[0x85]<[0x9a]F5[0xfb][0xf1]M [0xa1][0xf8][0x1d][0x91][0xb1][0x9][0xd9][0x8d][0xc8]C[0xa0][0xdd]rD[0xc6]"[0xd2]2'B[0xe6][0x13][0xbd]O[0x16]d=[0xd1][0xfe]C[0x94][0xc]T[0xb5][0x9f]X[0xef]#r&U[0xad]'[0xda][0xfb][0x88]LD3[0xfb][0xd1][0xbb][0x9d]([0xc9][0xb]Q[0xeb][0xd2][0xcc]~|[0x85][0x8][0xd2][0x82][0xa5][0x81][0xb1][0x1f][0xd1]C[0xa5][0x99][0xfd][0xe8][0xe7][0xac] [0x87]?[0xd2]j*[0x9a][0xd9][0x8f]7[0xfc][0x11]][0xe0][0x81][0xb1][0x9f]F[0xd9][0x9f][0xd8][0xfc][0x87][0xb4][0x10]k`[0xfc][0x8f](`-DSS[0x1a]M[0xed][0x99][0x9a]"[0x1a][0x7][0xd4]][0x85]oj[0x8a]([0xc6]<[0xf3]JRsr2[0xd3]S[0xf3]J[0x14][0x82]KRSA[0xab][0x1f][0xf3][0xb1][0xac][0x98][0xf5]L[0x1][0x9d]'Q[0x9c][0xa9][0x90][0x97]XRZ[0xc]Z[0x10][\n]"
05:47:41.533 [main] DEBUG org.apache.http.wire -  << ""[0x12][0x8b][0xc9]Z[0x13]kj[0x8a]([0xc7]`[0xe1]H[0x9b][0xf5][0x8f][0xa6][0x98][0xab][0xb1]h[0x15]]t[MeJ[0xb7][0xd5]T[0xa6]t[[0xe3][0x4][0xde][0xcb][0xe]][\n]"
05:47:41.533 [main] DEBUG org.apache.http.wire -  << "K[0xeb][0x14][0x81]H[0xfc][0xae]y[0xf9]E[0xb9][0xa0][0xc5][0xd1][0x1]9[0x89][0xe0][0xe5][0xbf][0xce][0x19][0x89][0x99][0xa0]u[0x1d][0xa8][0xb]@[0xc2] [0xb][0xc1]A[0xa7][0x8e][0x94][0xa4]*[0xe4][0xe5][0xe7][0x81][0xce][0x1d])[0xcb]L[0x1][0xe5][0x99][0xd4]b[0xb2][0x96][0xfe][0x9a]"[0xad][0xbf]q)-[0x2][0xad][0xf1][0x0]m%[0xc8]Q[0xc0][0xee][0x82]`[0xe8]Rg[0x85][0xc2][0xd2]|[0x5][0xa4]u[0xd9][0x99]y[0xe4],I7[0xa5][0xdb]2[0x1b]S[0xa4]e64[0x8e]V[0xba]-#1[0xa5][0xdb]2[0x12]S[0xba]-#1E:[0x84][0x84][0xc6][0xf1][0x84]t[0xdc]H@[0xb0][0x9]f[0xa9]_l[0xa2][0x90][0x94]XT[0x8a][0xe8][0x1d][0x19][0xe3]_[[0x85][0xdc]<[0xa3][0xdb][0x12][0x15]S[0xa4]CKh[0x1d]^[0x88]&[0x1f][0xad]mB4[0xee]hm[0x13][0xdd][0x6]y-0[0x1b]l[0x98]I[0x8e][0xe8]#[0x18][0xf1]5[0xcd]-[0x10][0xad]5Z[0x87][0x1e][0xa2][0x2][0xa3][0xb5]Mtk[0xa6]Y[0xd2]k[0xe1][0xa7])[0xd2][0xf2] [0x1a][0x87][0x1e][0xd2][0x92][0x1f]Z[0xdb]D[0xb7]2[0xc2][0x12]QFP[0xbd][0xf4][0xb6][0xa4][[0xa9][0x80][0xb4][0xda][0x87][0xd6]1C[0xaf][0xbc]j[0x86]tR[0x8f]kQz~^~nf[0xb2][0x82]cNinf^i.[0xd6]m[0x8e][0xa5]%[\n]"
05:47:41.533 [main] DEBUG org.apache.http.wire -  << "I[0xa9][0x89]%[0x89][0xa9][0xf0]Mm[0xa9][0xb9][\n]"
05:47:41.533 [main] DEBUG org.apache.http.wire -  << "[0xb9][0x89][0x15][0x99][0xb9][0xa9][\n]"
05:47:41.533 [main] DEBUG org.apache.http.wire -  << "y[0xa9][0xb9][0xf9][\n]"
05:47:41.533 [main] DEBUG org.apache.http.wire -  << "[0x99]99[0xa5][0xb9][0xa0][\r][0xe0][0xbe][0x1f]9MM3[0x3]z[0x15][0x8b]f[0x6][0xf4]*[0xac][0xcc][0x6][0xf7]:[0x9][0xb3][0xc1][0xb8]N[0xc2][0x8c]^[0xeb]$LL[0x90][0xaa][0x12]Z[0x9d][0xc4]I[0xaf][0x94]f[0x8a][0xb4]_[0x80][0xd6][0x5][0x15][0xbd][0xfc]d[0x86]t[0x16]+m[0xfd]df[0x80][0xa8][0xac]hm[0x13][0xbd][0xaa].3Cz5h[0xcd][0x90]V[0xcc]`[0x9f][0x4][0x1e][0xd0]9j3[0xa4]e6[0xd8][0x9d][0x87][0xe8]A[0xd2]m[0x95][0xb7][0x19][0xd2][0xb1]P4NqF[0x88]&_@[0xb0][0xa1][0x1][0x5][0x9d][0x1a][0xf4][0xf3][0x8c][0xe0][0xbb][0x12][0x90][0xaa]9[0xc8][0xe1][0xf1][0x18][0x96][0xa4][0xe1]?W[0xde][0xd8][0xcc][0x88]n9[0x10][0xe9][0xe4][0xa5][0xec][0xcc][0x82][0xc4]b[0x85][0xc4][0xbc]t,'[0x93][0xe7][0xa6][0xe6][0xa5][0xa7][0xe6][0x94]&[0x16]e'[0xe6]A[0x94]([0x14]'[0xe6][0xa5]'[0x96](d[0xa7][0xe6]%'[0x82]wMA[0x8f][[0xc1][0xa8][0x1f]<[0x94][0x90][0x8e][0xdf] s[0x1f][0xae][0x19][0xd2][0xfa] [0xf8]q[\r]NE[0xf9]yU[0xa9]8[0x86][0x3]![0xe7][0x10][0x16][0xa5][0x16][0xa4][0xe6][0xe4][0xa4][0xe6][0xa5][0x94][0x16]+$&[0x83][0x8e][0x18][0x1][0x1d],RXJ[0xd6][0x90][0xbc][0x19][0xd2][0xd2]![0xdf][0xd4][0x94][0xcc][0xfc][0xe4][0xa2]T[0xd0][0x88]$[0xe8]0D[0x1c][0x87]h8[0x82][0xed][0xcc]+[0xc9][0x4][0x1d][0x14]R[0xa2][0x90][0xf]>S#Q[0xa1],5'[0xb3]D!/?)[0xb3][0x98][0xac][0x16]#[0xd2]1SC.&[0x91][0xd6]*[\r]=[0xb7]#[0xe6]V[0x87][0x9e][0xdb][0x11][0xcb].[0x86][0x9e][0xdb][0x11]%9[0xf9]u[0x6][0x0][0x0][0x0][0xff][0xff]"
05:47:41.533 [main] DEBUG org.apache.http.wire -  << "[\r][\n]"
05:47:41.533 [main] DEBUG org.apache.http.wire -  << "48E[\r][\n]"
05:47:41.533 [main] DEBUG org.apache.http.wire -  << ""[0xe6][0xf0]Q3[0xa4]e][0x9e]y[0xc9]E[0xa9])[0x99]I9[0xa9][\n]"
05:47:41.533 [main] DEBUG org.apache.http.wire -  << "[0xb0][0x92]&'?[0x19]s[0xef][0xab]k"[0xfc][0x98][0x15][0x85][0xd4][0xbc]LHg[0xb0][0x18][0x94][0xbf]S[0x8b][0x93]3K[0xf3]J[0x14]RJ[0x93][0xc1][0x7][0x1a]A[0xce][0x10][0xca]%+[0xcb][0xd3]mi[0x97][0x19][0xd2][0x82]+Z[0x7]6[0xdd][0x1a][0xd4]Hk[0x82]h[0xec]'[0x13][0xba]5sM[0x10][0xcd]\[0x9a]dh[0x9c][0x8d][0x1e]*T[0xe7]&[0x94][0xf]y[0x10][0x9b][0xa3]M[0xe8]6[0xbc][0x84][0xb4][0xf2][0x87][0xc6][0x89][0xcc][0x14]Q[0xf][0xd1][0xda]&[0xba][0x95][0xbc]H[0xeb]Vh[0xed]'[0xca][0x13][0x1f][0x91][0xb5][0x9][0xdd][0xd6]p[0x98][0xd1]me[0x85][0x19][0xdd]N[0x8f]1[0xa3][0xdb][0x99].f[0xa0][[0x2][0xe8][0xb2][0xb2][0xc2][0xc]iM[0x3][0x8d]S9[0xdd][0x96][0x15][0x98]!-+[0xf0](P[0x8][0xcb],[0xcb]W[0x88]42[0xc2][0xe8][0x9][0xe7][0xa6][0xe6]f[0xe6]dfg*[0x14][0x17][0xa4][0x16]g[0xa6]ef[0x83][0xce][0x14][0xa9]L[0xcc]KWH,[0x0][0x9f]4[\n]"
05:47:41.533 [main] DEBUG org.apache.http.wire -  << "[0xed]T[0x1a][0x83][0xee][0x85]A9-[0x1e][0xbd]&B[0x9a][0xcf]63'[0xa5][0xfb][0x8c][0xe5][0xfc]o<9[0x99]z[0xfd]W[0x13][0x13][0xa4][0xfb][0x15][0xa0][0xf1]n[0x8c][0x11]@[0xf8]N[0xbc]"[0xf6]t'[0x13][0x13]KR[0x2][0x84][0x82]S[0xe6]LL[0x90][0xa6][0x88]h4[0x8a][0x8c][0xb4][0x5]4$1[0xa3]T![0xa9]4[0x7][0xcb][0x19][0x88][0xf8][0xc2][0x8d][0xb8]U[0x93]&[0xa6]H[0x3]9d[0xda]Dt[0xc][0x99]"[0x8d][0xf3][0xd3][0xde].D#[0x11][0x9a][0xee]h[0xb3][0xb6][0xcf][0xc4][0x94]^[0xfb][0x14]M[0xe8]6=mbJ[0xaf][0xe9]i[0x13]S[0xcc][0xf2][0x81]V[0xf1]D[0xb7][0xf2][0xc1][0x94]^[0x93][0xd5]&[0xa6]H%[0x11][0x8d]S9[0xdd]f[0x9b][0xcc][0x90][0x96][0xd0][0x5]@[0xae]ySp,[0xcd][0xc9]LT[0xc0][0xac]82[0xf3]2A[0xcb]-AW[0xc1])$[0xc2][0xd5]@[0xab]S[0xe2]J@c3s:[0x95][0x14][0xc6]f[0xe6][0x88][0x1e][0x19][0xf6]i[0x89][0x81][0x9d]5AZ}[0x87][0xdd]y[0xb8]fM[0xd0]w[0xa5]P[0xaf][0xfd]`l[0x86][0xb4]l[0xf][0xbb][0xa3][0x6]8[0xcc][0x10][0xdd]D[0xec][0xce][0xc3][0x15]f[0xe8][0xcb][0xc5][0xa8][0x1a]f[0x88][0x96][0x10]8[0x7]e+[0xb8]g[0xa6][0xe6]`4[0xbb]B@[0x87][0x8c][0xe7][0xa5][0x83].H[0xcc].[0xca],([0xce]D[0xb8][0x95][0xf8][0xbd][0x83]f[0x16][0x88]q[0x1f]$[0xcb][0x14][0xb2]Su1[[0xc2]T[0xb2][0x11][0x91]a[0xd1]l[0xc4],![0xa8]d#[0xa2][0xe3]L[0x9f][0x9b][0xae][0xcc][0x90].@[0x3][0xfb]1[0xb9][0x84][0xb6][0x85] [0xd2][0xc2][0x8]:[0xf9][0x90]^M[0xc]c3zU[0xfc][0xc6]f[0xf4][0xaa][0x8e][0x8d][0xcd],[0x11]U[0x9]M+~csP[0x87][0x94].C[0x4][0xe6]H[0xd7][0xe4][0xd2][0xda]O[0x88][0x12][0x84][0xd6]6[0xd1]-[0x9e][0x90][0xba][0x8c]4[0xf6][0x93]!bB[0xcd]3[0xc0][0xc3][0xdf][0xcf]U[0xc1][0xd0]T! [0xc8][0x1f][0xa3][0x82][0xf1]p[0xf5]s[0xf][0xf0][0xf7]CT+&[0xa0][0x91]bb[0xa6][0xa3][0xcc][0x91][0xd6][0xa9][0xd1][0xda]7[0x88][0xfa][0x8b]v[0xbe][0xa1][zCZ[0x98]C[0xe3]pCZcCk[0x9b][0x10][0xe9][0x8d][0xd6]6![0x1a]N[0xb4][0xb6][0x9][0xa9]E[0x91][0x98]W[0x2][0xd9]a[0xe6][0x9b]X[0x4][0x9a]t[0xf5]I[0xcc][0xc5][0xbc][0x6][0xc8][0xb5]D!#3[0x19][0xb4][0xea]6[0x1f]i[0x1a][0x15]4[0xfa]MT~BZ[0xc1][0x91][0x94]X[0x9c][0x9a]R[0x94][0x96]Y[0x81][0x91]_[0xc1]2[0xa9]i[0x89][0xa5]9%)[0xa0][0x9d]n[0xd0][0x8e][0x94][0x99]%h[0xf0][0x96]8k[0xe8]5[0xb1]i[0x8e]t[0xf3][0x15]m[0xc6]^[0xd1][0x1b][0xe8]Hc[0xaf][0xe6]Hw`[0xd1]8[0x9d][0xd0][0xed][0xb8][0x11]s[0xba][0xcd]~[0x9b]S[0xf7][0xb4][0x11]|[0xf1][0x84]4aK[0xe3]x2[0xa1][[0xc9]A[0x85][0x19]d<C[0xff][0xc8][0xa9][0xdc][0x4][0x91][0x99]iV3[0x82][0x1a][0x4][0xd0][0xd6]%[0xfd][0xb3]1[0xd2]l[0xf2][0x0]XN[0xb7]Z[\r][0xe9]R[0x1c][0x1a][0xe7][0x2][0xa4][0x8b]i[0x6] @[0x11]U[0xea][0x0]X[0x8e]h[0xe7][0xf][0x80][0xe5][0x88][0x8c]J[0xcb][0x91][0xe]Q[0x18][0x0][0xcb][0x11][0xeb]A[0x6][0xc0]rD[0xe][0xa6][0xc7][0x18][0x8d]9[0xdd][0x16] [0x98][0xd3][0xed]h[0x7]s[0xa4][0x5][0x8][0xd8][0xc7]O[0x7]tx[0xd7][0x1c][0xd4][0xf0][0x85]VO[0xd8][0x9d][0x87][0xd4][0xb7][0xb5][0xc4][0xb7]0[0x8b][0x8a][0xc3][0xbb][0xe6]t;[0xa1][0xc1][0x1c]i)[0x5]v[0xef][0xf]l[0xec] [0xad][0xbf][0xc0][0xee][0xbc][0x1][0x89][0x1d]DKp[0x10]9[\n]"
05:47:41.533 [main] DEBUG org.apache.http.wire -  << "1[0x0][0x81][0xdd]Q[0x3][0x1c][0x91][0x88][0xda][0x13][0xbb][0xf3][0x6]$"[0x11][0xb5][0xea][0xe0]q[0xd4][0xe0][0x9e][0xe]3G[0xb9][0x9d][0xc5]?[0x2][0xdf][0xe5],t[0xdb]xe[0x8e]t=[0x8b]Kivi[0x1e][0xc6][0xb8][0x7]"u[0x99][0x11]}[0x9e][0x88]9[0xd2][0xe9][0x11][0xd8][0x93][0xc7][0xc0]f)[0x94];_[0x6]ML[0x10][0xca]R[0x3][0x1b]fH[0xc7]?`[0x8f]RDB[0xa1]_[0xea][0xb5]$4[0xc3]<[0xc0]a[0x86][0x18]>[0x1f]Da6[0xb8][0xab];[0xa4][0xc9][0xbb]A[0x14]f[0x83]:oZ [0x1d]a1h[0xc2][0xcc][0x2]i[0xbb]:Mv[0xa2][0xa0][0x8f]mR[0xb1][0x17]a[0x81]4[0xdb]:[0xf4][0xdc]N[0xa8][0x8d]=[0xa0]e[0xa2][0x5][0xd2]M6[0x83]([0xad]"[0x86][0xc7]h;[\n]"
05:47:41.533 [main] DEBUG org.apache.http.wire -  << "h[0x81]t[0xd8][\n]"
05:47:41.533 [main] DEBUG org.apache.http.wire -  << "[0xdd][0x7]e,[0x90][0xa6][0xc1][0xb1][0x87][0xfd][0xc0]&[\r][0xa4][0xb9]s[0xec][0xce][0x1b][0x80]&[0x86][0x5][0xd2]d[0xfb][0x90]+[\n]"
05:47:41.533 [main] DEBUG org.apache.http.wire -  << "[0x90][0xd6][0x94][0xc3][0x2][0x14][0x0][0x0][0x0][0xff][0xff]"
05:47:41.533 [main] DEBUG org.apache.http.wire -  << "[\r][\n]"
05:47:41.533 [main] DEBUG org.apache.http.wire -  << "60[\r][\n]"
05:47:41.533 [main] DEBUG org.apache.http.wire -  << "B=[0xa0]s[0x80][0xe3][0x9b]PKd@[0xe2][0x9b]nE[0x1][0xd2]r[0x84][0xa1][0x97][0xb2][0x10][\r]"p[0x81][0xe9]X[0x94][0x99][0x9e][0x98]_[0x2]:}[0x12]5[0x85][0xe1][0xdb][0x86]A[0xec][0xe6][0x8]c[0xb][0xa4][0xf5][0x14]C.[0xa8][0x90][0x8e]6[0xa1][0xcf][0xea]A[0xb][0xa4]#N[0xc0][0x91][0x13][0x10]L[0x9b]m[0x3][0xc6][0x16]H[0xc7][0x94][0xd0][0xcb]o[0x88]2[0x83][0xd6]~#[0xa9] [0x0][0x0][0x0][0x0][0xff][0xff]"
05:47:41.533 [main] DEBUG org.apache.http.wire -  << "[\r][\n]"
05:47:41.533 [main] DEBUG org.apache.http.wire -  << "5F[\r][\n]"
05:47:41.533 [main] DEBUG org.apache.http.wire -  << "[0xca]W m[0x1b][0x19][0xd2]\[0xb2][0x5][0xd2][0xc1][0x1d]4[0xf6][0x13][0xd2]1[0x1b][0xb4][0xb6][0x9]1[0xf9]4[0xe4]r[0xac]1Z[0xe1]F[0xbb][0xfc][0x83][0xb4][[0x1f]g| *A[0xe2][0xcb]K[0xa4]u[0x10][\n]"
05:47:41.533 [main] DEBUG org.apache.http.wire -  << "[0x18][0x95]>u[0x8a]d[0xa4][0x5][0x10]8[0x9d]N[0x1d][0x9b][0x90][0x96]A[0xc][0xb9][0xa4][0x84][0xb4][0x8a][0x82][0xd6][0xa1][0x84][0x98]p[0xa5][0xb5]M[0x88]A7Z[0xdb]d[0xa2][0x3][0x0][0x0][0x0][0xff][0xff]"
05:47:41.534 [main] DEBUG org.apache.http.wire -  << "[\r][\n]"
05:47:41.534 [main] DEBUG org.apache.http.wire -  << "39[\r][\n]"
05:47:41.534 [main] DEBUG org.apache.http.wire -  << "R[0x82][0xce]0[0xd2][0xda]&[0xc4]H[0x1d][0xad]m[0xa2][[0x5][0x86]t[\r][0x6][0xad][0xfd][0x84](0[0x87]\[0xe]EZ[0xa2]1[0xf4][0xdc]>[0x84]+Y[0xa4][0xbb]8[0x86]^[0xb8]#J[0xc0][0xa1][0xe7]vH[0xf9][0x3][0x0][0x0][0x0][0xff][0xff]"
05:47:41.534 [main] DEBUG org.apache.http.wire -  << "[\r][\n]"
05:47:41.534 [main] DEBUG org.apache.http.wire -  << "150[\r][\n]"
05:47:41.534 [main] DEBUG org.apache.http.wire -  << "JU[0xb2]R[0xca][0xcc]K[0xc9][0xcf][0xcd]L[0xc5]h $f[0x97]*[0x14][0x97]f'* [0x14]@W;[0x1b][0x11]=[0x5]h[0x81][0xb4]x[0x5]Z[0xfa]`Nx[0xe2]k[0x1f][0xd0]m[0x12][0xc9][0xc2][0xc]1[0xc1][0x8e][0xd3][0xa5][0x88]F[0x18][0xbe][0x9d][0xb3][0xd4][0x1c][0x82]6G[0xaf][0xcf][0x8b]M[0x8b]1b[\n]"
05:47:41.534 [main] DEBUG org.apache.http.wire -  << "[0x1e][0x80][0xe8][0x9d][0xf]333[0xe2][0x16][0xb2]Z M[0xd5]"[0xa2][0x1b][0xb5][0xf]O[0x95][0xf4][0x80]t[0xcc]?m[0xed]A[0xc4]&m[0xed]A[0xd4]y4[0xb5][0x7]i[0xde][0x95][0xb6][0xf6] [0xd2][0x1b]m[0xed]A[0xea]VW[0xe6][0xa5][0x16][0xa5]g[0x82]/[0x10][0x82]\[0xa1][0x85][0xfd][0x12][0x1f][0xcf][0xa2]|[0xd0][0xba][0x4]X[0x19]d[0x9][0xda]UK[0xcc][0x8e][0xb]K[0xa4][0xed]y[0x88][0xa3][0xdd]A[0xa6])8[0xe5][0x97][0x94][0xe4]`[0x96]|[0xce][0xf9][0xa0][0xe3][0xfd]J@[0x12]P[0xdb][0xcc][0xcd]A[0x19][0x91]8[0xdb][0x10][0xb5]qpNjj[0xb6][0x82]{Qb^fI[0xaa]BxbNNj[0x9]F[0xe6][0x85][0x9d]1[0x8f]([L[0xc]@[0xdb][0xcc][0x89][0xb3][0xc][0x11][0x8c]C[0xac][\n]"
05:47:41.534 [main] DEBUG org.apache.http.wire -  << "21[0xa5][0xd7][0xf1][0xd2]&[0xa6][0x6][0x88][0xc2][0x80][0xe6][0x87][0xaa] [0xcd][0xec][0xe0][0xb1][0xb][0x11][0xd9][0xc4][0xf6][0xe6]ML[0x91][0xe6]E[0xf0][0x98][0xc][0xaf][0xb]([0x18][0x8b]215D[0x14]k[0xd0][0xca][0x90]6c[0x87]&[0xa6]H[0xe3][0xa2][0xd8]''[0x10]AE[0xaf][0xb6][0x80][0x89])[0xbd][0x86]NML[0xe9]u_[0xbb][0x89])[0xd2])[0xc9]4[0x8d]Rc[0xb][0xa4]}g[0xd4][0xb6][0x9][0x0][0x0][0x0][0xff][0xff]"
05:47:41.534 [main] DEBUG org.apache.http.wire -  << "[\r][\n]"
05:47:41.534 [main] DEBUG org.apache.http.wire -  << "1E1[\r][\n]"
05:47:41.534 [main] DEBUG org.apache.http.wire -  << "R[0xb2][0x8a]F[0x1e]2E:[0x91][0x95][0xd6]6![0x8a][0x10][0xc7][0xd4][0xa2][0xfc][0x94][0xca][0xbc]D[0xd0][0x5]![0xb0][0x8b][0xef]B@7[0xd0]a[0x14][0xed][0xae][0x15][0x5][0xa9])[0x99]%[0x89][\n]"
05:47:41.534 [main] DEBUG org.apache.http.wire -  << "[0xa5]%[0xa0]c[0x9d][0x15][0x92][0xf3][0x8b][\n]"
05:47:41.534 [main] DEBUG org.apache.http.wire -  << "[0xf2][0x8b][0xc8];[0xd7][0xd9][0x2][0xe9]Z[0xe8]`[0xa4][0x1a][0xd3]'3/5O[0xc1])1[0x1d][0xd3][0xf6][0xe2][0x12][0x85][0xd4][0xa2][0xa2][0xfc]"[0x85][0xbc][0xcc][0x8c][0xcc][0x1c][0x90][0xb]2K[0x14][0x8a]3[0xf3]J[0x14][0x8a]R[0x8b]Js[0x15]Jsr[0x12][0xc9]:p[0xd6][0x82]n[0x9b][0xc6],L[0x10][0xed][0x11][0x1a][0xc7]0[0xdd][0x8e][0x81][0xb5][0xa0][0xdb]F8[0xb][0xba][0x1d]8k[0x81]t%[0xea][0x10]k[0x88][0x18][ [0xed]`[0x80][0xa6][0xb1][0xc1][0xda]G[0xc5][0xdc][0xd6][0x80][0xe9]RD}I[0xb7]>*R[0x8b]7?[0xaf]R[0x81]v[0x13]%[0x98][0x7]:b[0xfa][0x1f]_[0x3][0x88]^-[0x8]c[0xb][0xa4][0x13][0xba]p[0xa6][0xa9][0x1][0x88])[0xc4][0xa8][0xf]NW[\r][0x92][0xf0]Ctlp[0xba]t[0x0][0xc2][0xf][0xd1][\n]"
05:47:41.534 [main] DEBUG org.apache.http.wire -  << "[0xc0][0xde]X[0x1d][0xd8][0x95]4[0xa0]n#tP[0xf][0xbb][0xf3][0x10]!F[0xbf][0x9c][0x80][0xb4][0x1d][0x83][0xa6]#[\n]"
05:47:41.534 [main] DEBUG org.apache.http.wire -  << "[0x98]W[0x8a][0xe][0xd6][0xb2][0x1]i[0x7][0xc8] J[0xdb][0x16][0x18][0xb3]l[0x83]6[0xfc]0f[0xe9]0][0x8a]H[0xe9][0xf4][0xaa][0x5][0x91][0x8e][0xd0][0xa2]i:G>@[0xb]<[0xbe][0x4][0x1b]@R[0x8]O,I[0xce][0xc0][0xe8][0x6][0xf8][0xa4]&[0x96]d[0xa4]"[0x9d]Uba[0x4][0xda][0x83]N[0xcc][0xf0][0x92][0x5][0xd2]*|[0xc8]XVx~~[0xe][0xf1][0x3]YFF[0xa0][0x12][0x89]8[0x9b][0x90][0x6][0x1c][0x90]z7[0xc1][0x99]9[0xd9][\n]"
05:47:41.534 [main] DEBUG org.apache.http.wire -  << "[0xce]X[0xaf][0xd6][0x80][0xdc][0xbb][0x81][0x88]g##[0xd0][0x18]61[0x96]Y"[0xad]Iw[0x83][0x9f],[0x3]1O[0xc1]9[0x1f][0xcb])[0xc2][0xc1][0xf9]9[0xa5]%[0x89][\n]"
05:47:41.534 [main] DEBUG org.apache.http.wire -  << "[0xa9]%[\n]"
05:47:41.534 [main] DEBUG org.apache.http.wire -  << "[0xc9][0xa5][0x5][0x99][0xa0].]I*[0xd2][0x11]3[0xf8][0xaf]:B[0xea][0xb0]Z"[0x8f]y!y[0xd3]9[0xbf][0xa0] [0xb5]H[0xc1];/3[\r]4[0xe8][0x88]:[0xee][0xe]q[0x18][0xc2][0xa3][0x16][0x96][0xa0][0xe]6q[0x1e]E[0xe4][0x94][0xa1][0xd6]*[0xb7]DZ![0xe]I{[0xd0][0xa3][0x2][0x12][0xf3]J[0x8a][0x1][0x0][0x0][0x0][0xff][0xff]"
05:47:41.534 [main] DEBUG org.apache.http.wire -  << "[\r][\n]"
05:47:41.534 [main] DEBUG org.apache.http.wire -  << "332[\r][\n]"
05:47:41.534 [main] DEBUG org.apache.http.wire -  << "[0xc2]H[0xe5]A[0xa5]II[0xc8][0x89][0xdc][0xd4][0xc]t[0xf9]7q[0x81][0x84][0xa8][0xd4]![0x16][0xc1]3[0x14]v[0xab][0xa0]}~D[0x84]XZ[0x98][0x1a][0x11]7[0xcd]b[0x89]4:[0x88]<[0x8c][0x0][0xb7][0xd1];[0xb5]2)?[0xb1]([0x5][0xc3][0x18][0xb9][0xd8][0xc]|[0xfe][0x17]Q[0x1e]DZ[0xef]=[0xe4]R[0x1][0xd2][0xd9][0xdb][0xc1][0xb9][0x89]99HW[0xb2]b-[0x15][0xb0]D[0xe](![0x11][0x17]N[0x88][0xb1][0x6][0xcf][0xbc][0x92][0xd4][0x9c][0x9c][0xcc][0xf4][0xd4][0xbc][0x12][0x5][0xc8][0x8][0xb][0xf6][0xb4][0x0][0x9e][0xaf]@[0xa4][0x4]s[0xb]CS"S[0x2][0xd2][0x82]r[0x8f][0xd4][0xc4][0xb2]J[0x5][0x97][0xd2][0x92]J[0x84][0xef]p&[0x4][0xd0][0xbc][0x5][0xb2][0x85][0xa0][0xa1][0x18][0xe2]|[0x87][0xa8][0xdf][0xe1][0x17][0x94]9[0xe7][0x97][0x94][0xe4][0xe7][0xe1]*[0xd0]![0x19][0xe]a[0x99][0x89]%h [0x9d]8[0xcb][0x10][0x5][0xf][0xf2]`[0x15][0xc8][0xf1][\n]"
05:47:41.534 [main] DEBUG org.apache.http.wire -  << "N[0xa9]yX[0xaa])[0xcc]R[0xe]t[0x9c]2q[0x96]!z5[0x1]E[0x89][0xc9]%[0x99][0xc9][0x89]9[0xb0]k[0x99]<[0xb0][0x94][0xe6][0xd0][0x9][0x19][0x84][0xc7]L[0x8d]A+[0x8b][0x89][0xb3][0xb][0xa9]_[0x2]N[0x8f][0x1][0x89][0xa0][0x92][0x1b]{[0xd5][0x8b][0x1e][0x80]F[0xc6][0xa0][0x95][0xb2][0xc4][0xd9][0x83]([0x94][0x82]J[0xc1]Sc[0xd0]:[0x2]k[0xfd][0x4][0x91]Cx[0xc8][0xd2][0x94]x[0x8b][0x10][0x15]/r[0x89][0x4])O[0x15][0xb0][0x5][0x1f]D[\n]"
05:47:41.534 [main] DEBUG org.apache.http.wire -  << "a[0x99][0x91][0x9][0xe8][0xd0]f[0xa2]|[0x5][\n]"
05:47:41.534 [main] DEBUG org.apache.http.wire -  << "fh[0x7][0x5][0xe9][0x6]-H[0x6][0xc3]^[0xcb][0xa3][0x7][0xa1][0x99]1([0xe3][0x10]g[0x19]";[0xfb]d[0xa6]g[0x94][0x94][0xa7][0x82]H[0x5][0x88][0x89]X}[0x16][0x9e][0x9f][0x9f][0x92][0x8a]4[0xc7]hj[0x9]Z)K[0x9c]e[0x88][0xdc]5[0xe4][0xca]X[0xe4]9[0x8]p[0x9a][0x86][0xcd]*`/[0xf4]0[0xca]X3[0xb]Sc"[0x8b]=[0xa4]{&[0xe1][0xa5][0x10]$[0xb]aKj[0x18][0xb5][0x9e][0x11][0xf8][0xe0]x[0xe2]b[0x4][0x91]S][0xf3][0xf2][0x8b]r[0xf3]K[0x8b][0x11][0xc5]+v[0x8f][0xa1]g##[0xb][0xd0][0x99][0xbf][0xc4][0xd9][0x86][0xc8][0xaf][0xc8][0xd9][0x8][0xb7][0xd7]@-[D[0x1e]"[0xfe][0xfc]@K[0xa4]e[0xe2][0x8e][0xe5][0xa9][0xc5][0xf9][0xb9][0xa9][\n]"
05:47:41.534 [main] DEBUG org.apache.http.wire -  << "[0xd0]b<8#[0xb3][0x8]s~[0x19][0xad][0x8a][0xb2][0xb0]$[0xf6]@Dp[0xe2][0x87][0xe6]V[0xc4][0xbc]9<m[0xe0]([0x88]@[0x15][\n]"
05:47:41.534 [main] DEBUG org.apache.http.wire -  << "[0xc2]_[0x16][0x16][0xa0][0x5][0x1f]D[0x85][0xa0]1b[0x14][0x11]a[0x1b][0xb4][0xa8]V[0x8][0xc8]I[0x4]O[0xc7][0xa3][0xb6][0x8c]A[0xd5][0x9][0xc2].cc[0xd0]>p[0xe2][0xec]B[0x14][\r][0xd0][0xd2][0x15][0x92][0xf5]q[0xd8][0x83][0x91][0xe0][0xcd][\r]A[0xa3][\r][0xc4]Y[0x85]X$[0x6]O[0x86][0xd0]d[0xad][0x80][0xf5][0x14]K[0xa8][0x97][0x11][0xfe][0xb2]0$[0xba])[0x8b]t[0x11][0xa0]Ki[0x11]hN[\n]"
05:47:41.534 [main] DEBUG org.apache.http.wire -  << "[0x91][0xe4][0xb1]W[0xbb][0xa0][0xe][0x1d][0xc2]*3[0xe2]W[0x1e] [0x9d][0x85]8[0xe4][\n]"
05:47:41.534 [main] DEBUG org.apache.http.wire -  << "<[0xa4][0xd3][0x15][0x91]k[0x6]x[0xd2][0xc6]qa+jr35[0x1][0xcd]M[0x11][0x97][0x6][0x10]u,[0xb2]}[0xf0]V?[0xb6][0xa2][0xf]5bL[\r]A[0xa7][0x9d][0x13]e[0x19][0xd2]<![0xb2]e[0xd0][0x4][0x8e]}i[\r]z[0x95]nb[0x8]:[0x1b][0x83]8[0xeb][0x10][0xd9][0x16][0xa9]J[0x7][0x17]:8n[0xdf][0x5][0xcb]![0xd2][0x9c][0x91]1[0xe8][0xa8]P[0xe2][0xec]Bd[$[0xbb][0xa0][0x15]:[0xf6][0xf6][0x3],N[0x11][0xf6][0x19][0x83][0xf][0x9]#[0xce]>[0xa4][0xbc][[0x94][0x9e][0x9f][0x97][0xf][0x9a][0xf2][0x85][0x17][0xb6][0xf9][0xa9][0x98][0xdd]P[0xd4]R[0xdd][0xdc][0x10]t[0xcd][0x9]qV![0xda][0xf][0xc8][\r]fh[0xac][0xe1]H ([0x8d][0x15]3K[0xa2][0xd3]#[0xd2][0xb4] [0xfc][0xc2]dHM[0x85][0xbd][0x1d][0x8b][0x1e]c&[0xa0][0x11]L[0xe2][0xbc][0x85]h[0x9a]C[0xba]o[0xd0][0xd2][\r]GA[0xb][0x95]ED[0x96][0xa5])[0xe8]D7[0xdc]V[0x1][0x0][0x0][0x0][0xff][0xff]"
05:47:41.534 [main] DEBUG org.apache.http.wire -  << "[\r][\n]"
05:47:41.535 [main] DEBUG org.apache.http.wire -  << "1D4[\r][\n]"
05:47:41.535 [main] DEBUG org.apache.http.wire -  << "[0xaa][0xd5][0x81].[0xb6]4[0xb6]D[0xda][0xec][0x82]1[0xa8][0x83]-[0xfc][0xc0][0xad]N[0x84]Mf[0x6]D[0x8f][0xaa] [0xef]y[0x1][0x8f][0xc0]A[0xda][\r][0xc4][0xfa][0xc9][0xd8][0x14]t[0xd2]0Q~B[0xda]72[0xe4][\n]"
05:47:41.535 [main] DEBUG org.apache.http.wire -  << "Y[0xd0][0x98][0x8][0xb4][0xf5][0x0][0x1d][0xe5][0xa6][0xcd][0x12]"cKP[0xe3][0x13]j[0x13]r[0x89][0x7][0xad][0xb5][0x15]p[0x94][0xe6][0x90]HC$[0x0]S[0x13][0xd0][0xe0][0x1c]q[0xd1][0x82][0xc8][0xac][0x88][0xe]'[0xac]R[0xc7]^[0xe]a[0xa4]l[0x13]S[0xd0][0x96][0x3][0xe2][0xac]Ct[0xa6][0x91][0x86][\n]"
05:47:41.535 [main] DEBUG org.apache.http.wire -  << "@[0xb5][0x11][0x8e][0x11]C[0xa8][0xcf][0x11]~32$v![0xb0]%hl[0x18]K`[0x82][0x8b][0x0][0x1c][0xfd][0x1][0xd4]B[0xcf][0xc8][0x8c][0xe8]f[0x18][0xd2][0xd6][0x14]h3[0xc]^%[0x6]g`-^KR[0xc1][0x97][0xb4]@WeZ[0x9a][0x82][0x86][0xb6][0x88][0xb]CD[0xfb][0x1c]j[0x15]$[0xfe]q[0xc].[0x83][0xbd][0x8b][0x8]?[0x13]C[0xd0],[0x16]q[0x16]a[0xaf][0xeb][0xc1][0xb1][0x85][0xbd][0xf2][0x5][0x97][0xbc]Hv[0x11][0xdf][0x8c][0x5][0xa5] h\[0xc1];SPoa[0xef][0xe0]`$[0xc][0xb]#[0xd0][0x1d]#Dy[0xc][0xd4]m[0x80]Z[0x86]<:[0x6]j[0xa7][0xe0]H[0x86]h%[0xac][0xa5]![0xa8][0xa3]I[0x9c]][0x88][0x8a][0x1e]%GC[0xc7]Z[0xb0][0xae][0xa3]E[0x8b]2ss[0xe2]}[0x86][0xc8][0xce]H[0xf9][0xb][0xda][0xac][0xc0][0xde]lF[0xf3][0x1a][0x9][0xcd]3PF[0x84][0x6][0xe3][0x90]+[0xd2]17s[0xd0][0xaa]H[0xc7][0xdc][0x8c]A3[0x9b][0x10][0xf9][0x95][0xc6][0xd5][0x14][0xd2][0xe2][0x1d]ZN[0x10]Z[0x82]V[0xaa]CS[0x18]m[0xed]Ad[0x1b][0xda][0xda][0x83][0x88]![0x9a][0xda][0x3]*[0xe2][0xe9][0x11]n[0xa0]iJ[0xa8]=[0x1][0xc1][\n]"
05:47:41.535 [main] DEBUG org.apache.http.wire -  << "[0x98][0xe9]:=17U[0xc1]T[0xa1][0xb8]$[0x11]i[0xd2][0x16][0xff]z[\r][0xe4]v0[0xa8][0xe7][0x6]5[0x9e][0xc6][0x9][0x1a][0xd4]%[0xa5][0x8f]M[0xa0]a8:[0xd9][0x84][0xe8][0xce][0xd2]8[0xf4]@[0xd5][0x13][0x9d][0xfc][0x84][0xe8][0xc6][0xd2][0xd4]O&[0x6][0xc8][0xb3]u[0xb4]\[0x9]hb[0x80][0xb4][0x19][0x82][0xd6]~[0xa2]_[0xe8]![\n]"
05:47:41.535 [main] DEBUG org.apache.http.wire -  << "TZ[0xfb][0x9][0xd1][0xa3][0xa0][0xb5]MH[0x3][0x0]4L[0x11][0x0][0x0][0x0][0x0][0xff][0xff]"
05:47:41.535 [main] DEBUG org.apache.http.wire -  << "[\r][\n]"
05:47:41.535 [main] DEBUG org.apache.http.wire -  << "158[\r][\n]"
05:47:41.535 [main] DEBUG org.apache.http.wire -  << "241@[0xba]c83 #?/[0xd5][0x10][0xf3][0xaa]C[0xf0][0xfe][0xc8][0xd4][0x14][0xd8][0x85][0xa8]H[0x8d]n[0xbc]'[0x93]#[0x8a]W[0x13][0x3][0xa4][0xe3][0x9a]h[0x1d]t[0x88]z[0x8f][0xc6]6!M[0xcb][0xd1][0xda]&:[0x15][0xaf]&[0x6]F[0x88].[0x4][0xad][0xfd]D[0xb7][0x2][0x82][0xac]-<[0x88]DN[0xf4]V3[0x3][0xd0][0x0][0x15]=[0xea]&[0x13][0x3][0xa4][0xd1][0xea][0xdc][0xcc][0x9c]l[0x8c]u/[0x8][0xd7][0xe3][[0xc7][0x87][0x9c]AA[0xb]"[0xa0]n[0xa7][0x96][0x89][0x88][0x8][0xa6][0xcb][0xf1]V&[0x6]H[0x7][0x2]y[0x16][0x80][0xca]2[0x5]CC[0x5]3[0x13][0x85][0xf4]$[0x8c][0x0][0xc2][0xb7]\[0x9b][0xf8][0x8]G:be[0xb0][0xac][0x1c]61@[0x1a][0x8a][0xa2]](@[0xc7][0x8f][0x8d]L[0x91][0xd2][0x8d]{bnf[0x1e][0xe6][0x86]*[0xc4][0xe2]n[0x85][0x82][0xd2][0xa2][0x82][0xfc][0xe2][0xd4]b[0xa5]Z[0xa4][0xa4][0x7][0x1e][0xd7][0x85]&[0xbd][0xe0][0xec][0xaa][0xfc]|[0x85][0xf0][0xfc][0x9c][0xb4][0xe4][0x8c]D[0xd0][0x92][0x2][0xd4][0x99][0xcb][0xe0][0x92][0xa2][0xc4][0xca][0xec][0xcc][0x14][0xd0][0xc][0x2]t0[0xcb][0xd0][0xc][0xb4]8[0x8c][0x88][0xe1][0x11][0x13]S[0xa4][0xa9][0xd2][0xe0][0xc4][0xdc][0xe2][0xd2][0xbc]t[0x85]`#c[0x85][0xd0][0x9c][0x92][0xa2]D[0x8c][0x4][0xe2][0x9e][0x98][0x93]XQIr>2[0x5][\r][0x87]C=3h[0x92][0x84])h[0xaa][0x8][0xea]([0xc2]>G[0xf8][0x99][0x94][0xb0]Ej[0x84][0x11][0xc][0xdb][0x8c][0xcc][0xca]DP[0x88]C[0xa3][0x90][0xc8]"[0xca][0x14][0xe9][0xc6][0xba][0xc1][0x13][0xb4]H[0xfb][0xdf][0x6][0x91][0xa3][0x90]b[0x83][0xa6][0xcd]GS[0xa4]91:x[0x1f][0x0][0x0][0x0][0xff][0xff]"
05:47:41.535 [main] DEBUG org.apache.http.wire -  << "[\r][\n]"
05:47:41.535 [main] DEBUG org.apache.http.wire -  << "C9[\r][\n]"
05:47:41.535 [main] DEBUG org.apache.http.wire -  << "[0xca][0xcc][0xcf]S[0xb2]R"X[0xa0] [0xd5][0x3][0x83][0xc7]QH[0x7][0xb1][\r]"G![0x1a][0x96][0x83][0xc8]QH[0xdd],[0xf0]D!t[0xfc][0x1d][0xeb][0xe2]3[0xd7][0x8a][0xd4][0xa2][0xe4][0xcc][0x92]DP[0xda]H[0xcd]U[0xc8]ML[0xcf][0xcb]T[0xc8]O[0xc9],QH[0xc9][0xcf][0xc9]/"c[0xb9][0xb9][0x89])R[\r]:xB[0x5][0xe9][0xc8]'[0x9a][0xb6][0xcc][0x8d]-[0xcd][0x11][0x9d]O[0x9a][0x8e][0x1c][0x82][0xd6]?Bk[0xa5]!7[0xa6][0xf][0x9a][0xca][0x87][0xba][0x9d]&[0xa3][0x91][0x88][0x2][0x9c]&[0xc6]#r[0x18]M[0x8c]G[0xac]![0xa4][0x85][0xf1]H[[0x86]h[0x9c][0x13]@[0xeb]P[0xa0][0xb1]Lk[0x9b][0x10]y[0x8e][0xd6]6!"[0x87][0xd6]6!&[0x8f]im[0x13][0xdd][0xc6]|[0x90][0xe]E[0xa2][0xa9][0x9f]L[0xc][0x90][0xae]%[0xa1][0xb5]Mt[0x1b][0xf3]A[0xba][0x19][0x84][0xd6]~B[0x14][0xa0][0xb4][0xb6][0x9]Q[0x96]b[0xd8][0x4][0x0][0x0][0x0][0xff][0xff]"
05:47:41.535 [main] DEBUG org.apache.http.wire -  << "[\r][\n]"
05:47:41.535 [main] DEBUG org.apache.http.wire -  << "248[\r][\n]"
05:47:41.535 [main] DEBUG org.apache.http.wire -  << "[0x82][0xb5]X[0xa9]3[0xda][0x0][0xda][0x91][0x3]-[0x8d][0x86]X}ib`[0x80](u[0xb0]7[0xa9][0x10][0x8d]zD[0xff][0x13][0xff][0xec][0x1d][0x15][0x87] [0xc]@c[0x8][0xd0][0xa0][0xc5][0xee][0xbc][0x81]p[0x14]h[0x95][0xe][0xd4]QC.[0xbe]A[0x1b]i[0xa0]n'>W [0x2][0x99][0xf8]!8[0xd0][0xe2][0x18][0xfa]X[0x84][0xa8][0xa1][0x87]^l [0xea][0xc7]![0xe7]v[0xd0]^"[0xba]D0[0xf2][0xf0] [0xd1][0x83]&[0xe4]$Y[0xa4]!B*[\r][0xb5]#[0x8d][0xef]Q[0xcb]DD[0xfd]I-[0x13][0xc9][0xa9]'[0xc9][\n]"
05:47:41.535 [main] DEBUG org.apache.http.wire -  << "^DF[0xa5]m[0xd1]3t[0xf7]r[0x98][0x18] [0xed][0xe5][0xa0][0xd7][0xe4][0xc][0xa2][0x95]I[0xbd]i[0x9]S[0x1d]%[0xe7][0xc4][0x92][0xd4][0xf4][0xfc]"[0xf4]S[0xee]L[0xc][0x90][0x86]&[0x3][0x82]M0[0x6][0xf8][0xb][0x8a]M[0x14][0x92][0x12][0x8b]@[0x97][0xee]@[0xc7][0xa1][0x8d][0x89]=[0x9f][0xd9][0xc4][0x0]i[0xd5]<m[0xd3][0x98][0x9][0xa2][0xf]E[0xfd][0xae][0xb4][0x89][0x1][0xf2][0x9a]|[0xa2][0xcb]<[0xa4][0xd9][0x17][0xe2][0xeb]i[0xa4][0xe1]O[0xe2]C[0x8c]<[0x9b][0x10]c[0x9a]d[0xd9]D[0xe4]t[0x84][0x1][0xd2]J}[0xd8][0xae]1[0xc8]nl[0x1c][0xeb]z[0x3]K3[0x13][0x15]R[0xf3][0x8b][0x15][0x8a] [0x83][0x95][\n]"
05:47:41.535 [main] DEBUG org.apache.http.wire -  << "y[0xa9][0xc9][0xa9][0xc5][0xc5][0xe0][0xb1][0xcb][0xa4][0xd2]b[0x85][0xb4][0xd2][0xf4][0xcc][0xc4][0x12][0x85][0xc4][0xbc][0xcc][0xdc]L[0xa4]aK#P[0x97][0x93][0x98][0xf9]-[0x3][0xa4][0x5][0xfd][0xb4][0xf5]8[0xa2]-O[0x96]=$$[0x1a]D[0xea]G[0xda][0xb9][0x4][0x1b][0xe][0xc6][0xb1]C[0xc1][0xb5]B[0xa1][0xb0]41[0xb5]([0x11]tzd[0x11]8x[0x8b][0x91][0xc2][0x93][0xd8]SGL[0xc]L[0x11][0xad]&[0x1a][0xfb][0x13]iE:|g[0x11]xa[0xb6][0x82]s~nAi[0x9][0xf8][0x88][0xe][0xd4][0xa9]P[0xc7][0xe2][0x82][0xd4][0xa2][0xcc][0xfc][0xa2][0xd4]b[0xc8][0xd9][0x94][0xf9][0xc9][0xc9][0x89][0xa9][0xc9][0x89]%[0x99][\n]"
05:47:41.535 [main] DEBUG org.apache.http.wire -  << "[0x85][0xa5][0xe4]%[0x1f][0xe4][0x95][0xea]4[0x9b]=[0xa7]f[0xa7][\r][0xb4][0xc7][0x9][0xda]2[0xa4][0xe5][0xd2]%3DS[0x88][0xa6][0xd6] [0xda]G4[0xb5][0x6][0xa9]u[0x84]t[0x94][0xe]x[0xa3][0x5][0x8e][0xc][0xe5]X[\n]"
05:47:41.535 [main] DEBUG org.apache.http.wire -  << "[0x9d]LI[0xcd]U(J-H[0xcd][0xc9]I[0xcd]K)E[0xce]S[0xc4][0x97]QH+[0xd4]=[0x3]<[0xfc][0xfd]\[0x15][0xc]M[0x15][0x2][0x82][0xfc]1[0xaa]g[0xf]W?[0xf7][0x0]?D[0x3][0xd0][0x4]T[0x83][0x10]U[0xe]"[0x1d]LI3;[0x90]V[0xa5][0xd3][0xce][0xe]DEF[0xc3]y[0x18][0x13][0x3]s[0xc4]B[0x1d][0xda][0xda][0x83][0x94][0xc2]iwy[0x86][0x89][0x1]h[0xdf]7[0xac]\[0xa0][0xa5]=[0xa0]S[0xba][0xa0][0xf6][0xd0][0xb8]~@ZcO[0xb3][0xd4][0x6][0xda][0x9a][0xf][0xf5][\r][0xed][0xec]@[0xa4]4[0xaa][0xd8][0x1][0x0][0x0][0x0][0xff][0xff]"
05:47:41.535 [main] DEBUG org.apache.http.wire -  << "[\r][\n]"
05:47:41.536 [main] DEBUG org.apache.http.wire -  << "20C[\r][\n]"
05:47:41.536 [main] DEBUG org.apache.http.wire -  << "[0xc2][0xd6][0xec]G:[0x90]o[0xf0][0xc][0xe5]!m^[0xa0]e[0xe1][0xe]:5[0x2][0x1a][0x87][0x83][0xc7][0xef]Hwp[0xe0][0xcc]&[0x88]b[0x9e][0xf8][0xc6]![0xbd]v[0x2][0x98][0x18]X"Z[0x0][0x83](X[0x91]*r[0xa2][0xbb]nd[0x85]3[0xa2][0xb9]?[0x88]|ON[0xdb][0x9c][0xc][0xdf][0x83]{[0xb][0x83]-K[0x19]"[0x9d][0xc4][0x88]3Ka[0xcc]9[0x91][0xe5]{D[0x81]M[0xbc]E[0xe4][0xf4][0xda][\r]A[0xbb][0xc8][0x7]_8[0x93][0x93][0xc7][0xc8][0xf3]>"[0x93][0xd1][0xaa]f4[0x4][0x1d]C[0x7][\r]bZG&"w[0x6][0x14][0xe5][0xa7][0x94]&[0x97](8[0x96][0xe6]d&*`[0xee]-[0xc9][0xcc][0xcb][0x84][0xed]+QH[0x84][0xab][0x81][0x8e][0xc8][0x11]9[0x14]c[0x88]4SF[0x1f][0xfb][0x10]-s[0x1a][0x87]$[0xd2][0x86]-[0xfa][0xf8][0xc][0x91][0xe1][0xe9]c[0x1f][0xa2]j[0xa5][0x8f]}[0x88]>[0x8]}[0xec]C[0x94] NE[0x89][0xc9][0xa9][0xd8][0xae][0xb2][0xf2]MLIU[0xc8]OS[0xc8][0xc8]L[0xcf][0x0][\r]][0xe5]d[0x96]T*[0x14][0xa4]&[0x16][0xe5] [0x17]%[0xa0][0xdd]F[0xc4]t[\r][0x91]vt[0xb9][0x84][0xb9](xg[0xe6][0xa6][0x96][0x14][0x97][0x82].[0xd9][0x8e]L[0xcc]L[0x2][0xad][0xbb]F[0x1d]IB[0xd4][0xb][0x86]F[0x6][0xa8]C[0xe0]x[0x86][0xd7][\r][0x91]vt[0x81][0xac][0xf1]-MO[0xcd]S[0x8])J[0xcc][0xc4]\[0xb6][0x8f][0xc7][0x6][0x3][0xdc][0x3][0xf8][0x86]H[0xb7])[0xd1][0xc8][0x6]P[0x98]BKDZ[0xd9][0x80]()he[0x3]b^e[0xd0]4[0xcf][0xc][0x91][0xa6][0xff][0x7][0x91][0xa3][0x10]yq[0x10]9[\n]"
05:47:41.537 [main] DEBUG org.apache.http.wire -  << "1[0xc4]M[0xe3][0xaa][0x4][0xe9][0x4]D[0xec][0xde][0x1f][0xd0]%8[0x86]H[0xd3][0xef][0xd8][0x9d][0x87](E[0xe8][0xb6].[0xc8][0x10]i[0xaa][0x1e][0xbb][0xa3][0x6]8[0xcc][0x10][0xb5]'v[0xe7][\r]H[0x98]![0xaa][0xd8]t[0xec];[0xc2][0xd2][0xf2][0x8b][0x14] R[0x88][0x1d]a:J[0xd0]6[0x1f][0xd1][0x3][0x0][0x86]H[0xfb][0x81]h[0x9c]u[0x90]f[0xfa][0x15]0F[0xaa]1:Z[0xc8][0xb5]6[0xb1][0x1b][0xa4][\r][0x91]&[0xe4][0xc9][0xf2][0xc][0xb1]MecD[0xd3][0x9c],{[0x88][0x8f][0x1e][0xa4]=[0xaa][0xb4][0xb6][0x9]Q[0xc9][0xd2][0xda]&DeKk[0x9b][0x10][0xb9][0x88][0xd6]6[0xd1][0xad][0x6]B:[0x97][0x8f][0xb0][0x9f][0xc0][0x87][0xe][0x10][0x9d][0x95][0xa8]8[0xaf]h[0x88]4[0xb1]O[0xd8][0x99][0xb0][0xfb]B[0x11]%-[0xf1]9[0x84][0xd2][0x9]{[0x12]lB4}[0x88][0xf7][0x12][0xd1][0x81][0x8f][0xb4]"
05:47:41.537 [main] DEBUG org.apache.http.wire -  << "[\r][\n]"
05:47:41.537 [main] DEBUG org.apache.http.wire -  << "B1[\r][\n]"
05:47:41.537 [main] DEBUG org.apache.http.wire -  << "[0x99][0xd7][0x90]n[0x93][0xe6][0x86]H[0x93][0xe6]4[0xf6][0x13][0xd2][0xcc]8[0xd4]&,[0xcb][0x89]r[0x12]+[0x15][0xca]3K2[0x14][0xb2]R[0x8b][0x8b]A[0xbd]-p[0x2]F$[0xb][0xfc][0x8d][0x16][0xe4] D[0xda][0xe9][0x5][0xa9]%1[0xaa][0x1c]*U[0xa0]H[0x13][0xe8]CmY[0xa8][0xa1][0x19])[0xe5]#8*[0x88]N[0xce][0xd4],K[0x90][0xce][0xad][0x83]&[0x1d][0xcc][0x93][0xab][0xe0][\r][0x88][0x1]t&b[0xf8][0x11]{Cr`[0xdb][0xb9]H3[0xfa][0xd0]P$:[0x3]"[0xc5]:[0xf1]9[0x10]iv[0x1f]{p[0x10][0x9b][0xad][0xa9][0x99][0x94][0xcc]1Z9D[0x7][0x2][0xb1][0xce]E.[0x85][0x90][0xce][0xc3][0x1b]r[0x85][0x3][0xd2][0x8a][0x6]hz[0x19][0x94][0xb9][0xe][0xf3]^N[0xda][0xc6][0xe8][0xd0](2[0x91][0xb6][0x1f][0x13]Jx[0x0][0x0][0x0][0x0][0xff][0xff]"
05:47:41.537 [main] DEBUG org.apache.http.wire -  << "[\r][\n]"
05:47:41.537 [main] DEBUG org.apache.http.wire -  << "158[\r][\n]"
05:47:41.537 [main] DEBUG org.apache.http.wire -  << "J[0xcd])M,[0xca]N[0xcc]SH[0xcc]K[0xcf][0xcc]S(N[0xcc]KO,Q[0xc8]N[0xcd]KN[0x4][0x1f]D[0x2][0xed]R[0x82]'[0xf1]p[0x8e][0x9d]R5[0x8f]"[0xca][0xd1]A[0x9d][0xf0]Hi[0xf2][0xf]\[0xad]d[0x8e][0xe8][0xab][0xe][0xb9][0x94]@[0xd2][0xe2][0xa0][0x81][0xb]b[0xa4][0x95]E[0x83]9[0xc1]"-N[0x1a]z)[0x1]1[0xa5]F[0xb3][0xa9]][0xb][0xc4]@ 4[0x1a]1[0xef][0xf6][0x84]73a]V[0xa2][0x9b]F[0xd4],!-0*!L[0x97]"[0x9a]+[0xf8]F[0xb5][0xa8][0xea]*D[0xff][0xd8][0xa3]@!,[0xb3],_![0xd2][0xc8][0x8][0xa3][0xdf][0x95][0x9b][0x9a][0x9b][0x99][0x93][0x99][0x9d][0xa9]P\[0x90]Z[0x9c][0x99][0x96][0x99][0x9d]X[0x9c][0xa9]P[0x99][0x98][0x97][0xae][0x90]X[0x90][0x9]:[0x85][\r]Z[0xe1][0x18][0x83][0xe6][0xd1][0x88]][0xb7]o[0x88][0xb4]j[0xb][0x1a]y4m[0x6]`[0x9e]tK[[0xeb][0x10][0x85]8[0xd4]wx[0xda]bX[0x92]&[0xf1][0x83][0x1c]D[0x1f]w[0x8b][0xaf][0x9b]nL[0xf4][0x88]-1[0xeb][0xda][0xf0][0xe5]9[0x12]<F[0xca][0xa8][0xe3][0xc0][0xd5]%[0xa0][0xb][0xc][0xa0][0xb3][0xa9][0xf8]c[0x9a]J[0xe1][0x8f]Q[0xe6][0xe1]IX[0x3][0x18]*[0x18][0x5][0x1e][0xe]gR)T[0x10]%[0x19][0xfe]H[0xc8]H,V[0x18][0xc0]P[0x19][0x1a][\r]e[0xa4][0x9b][0x9c][0xb1][0xf][0x4][0xc][0xe8][0xb8][0x8]x[0xdb][0x5]4[0xc7][\r]J[0xe7]![0xca]-[0xec][0xce]CT[0xf4][0xf8][0xc7]f[0xa8]X[0xd5][0x1b]![0x9d]A[0x82][0xdd]Q[0x3][0x1c][0xa5][0x88][0xe2][0x2][0xbb][0xf3][0x6]$[0xcc][0x86]D[0xa1]b[0x4]?d[0x4][0x0][0x0][0x0][0xff][0xff]"
05:47:41.537 [main] DEBUG org.apache.http.wire -  << "[\r][\n]"
05:47:41.537 [main] DEBUG org.apache.http.wire -  << "1BC[\r][\n]"
05:47:41.537 [main] DEBUG org.apache.http.wire -  << "[0xb2]R[0x1a][0xc4]e[0x9f][0x11][0xd2]:L[0xec]Q<[0xb0])[0x10]i1%[0xe4][0xf2]1[0xc8]NDl[0x97][0x81]9[0xe5]$[0xe6][0xa5]d[0x96]df[0x16]+$[0x97][0xe6][0x14]$*[0xa4][0xe6]e[0xe6][0x82]6[0xb2]&"m[0xb8][0x4][0x9d][0xc6][0x88]s[0xf0][0x5]i[0xc4][0xd1][0x8][0xe9][0x18][0xfc]A[0x19].[0x88]~[0x1c]m[0x96]r[0x19][0x19]"Z4[0x83]2[0x0][0x88]-[0x5][0xa8][0xd2][0x92]1B[[0xc7]H[0xfd][0x5][0x86]FHK[0x18][0x7]sy[0x81][0xb4][0xe][0x12][0xbf]3[0xa9][0x13][0xee]H[0x8b]"[0xe9]b[0x1d]bZ[0xc3][0x17][0xb4][0x18]<8?9[0x19][0xcb]~[0xe7][0xe4][0xfc][0xa4]D[0x85][0xe4][0xa2][0xd4][0xc4][0x92]T[0xd8]zqDMhLl_[0xdb][0x8][0xe9]|{*[0xd9]f[0x88]{[0x5][0xab][0x91][0x11][0xa2][0xc8][0xa0][0xc1][0xe9][\r]FH[0xab],I[0x8d])[0xa2][0xc7]~[0x90][0xb]h[0xcc][0xb3][0x96]0[0xc7]n[0xf0][0xf5]x[0xe9][0xd7][0xc8]C[0xba]/[0x1b][0x1a]2[0x98].E$[0x1f]:[0x8d]2[0x19][0x11]}[0x11][0x1][0x95]22b[0x94]0V'D[0x1f][0xec]D[0x9d][0xd0]@Z_J[0xa3][0xea][0x1b]i[0xb1]([0xad]l@[0x94]'[0x83]2F[0x9][0xf5]][0x6][0xb6]a[0x8b][0xb4][0x8a][0x93][0xda][0x7][0x2][0x19]!-[0xdf][0xa4][0xbe][0xd9][0xa4][0x8c][0xa0][0xe][0xd8][0x90][0x8e][0x11][0xdd][0xd6]{[0x1a]![0xdd]9[0x1]-[0xdd]M[0x15][0x82]s2s1[0xc6][0xeb][0xf1]UFD[0xf][0xbf][0x1a][0x81].[0x88][0x1e][0xc4][0xa3],&[0x88]^[0x3],4[0xb0][0x7][0x4]u[0xca]QSB[0x99][0x1c]Q[0xaf][0xd2][0xaf][0xbe][0xc7]\[0xa1][0x87]c[0x90][0x15]4[0xea]I[0xc9]$[0x83][0x11][0xd2][0x9a]9z[0x84]6[0xd2][0xe1]3[0x83][0xb1][0xc4]G:[0x6]=%[0xb5][0x18]~[0xe2][0xad][0x8e][0x12][0xae]-f[0xf8][0x9a]Z[0xc8]MM[0xa4][0x9]M*[0x1b][0x8c]H[0xbe]4[0xaa][0xa4][0x91][0xce]z[0xa0][0xb2][0xd3][0x11]c[0xe6][0x83]2- [0xaa])[0xec][0xce][0x1b][0x88][0x82][0x1]iN[0x10][0xbb][0xa3][0x6][0xb6]I[0x82]t[0x86][0x5]v[0xe7][\r]H[0x98]!Z[0x99]8[0x8a]8[0x0][0x0][0x0][0x0][0xff][0xff]"
05:47:41.537 [main] DEBUG org.apache.http.wire -  << "[\r][\n]"
05:47:41.537 [main] DEBUG org.apache.http.wire -  << "133[\r][\n]"
05:47:41.537 [main] DEBUG org.apache.http.wire -  << "[0xb2]R[0xa2]N[0xcd]j[0x89][0xa8][0xba][0xb0]{[0x80]c[0x7]1[0xe0][0x85][0xdd]y[0x3][0x12];[0x88]^[0x1d][0xad]c[0x87]P[0x86][0x1e][0xd0][0xd8]1F: [0xd0][0xc4][0x8e]1[0xd2][0xc9][0x1c][0xb4][0xa9]^[0x8c][0x9][0x1e][0x94]1[0xc0][0xb1][0x82]H[0x9e][0xb4][\n]"
05:47:41.537 [main] DEBUG org.apache.http.wire -  << "[0x0]D[0xb2][0xa4][0x91][\r]H3 [0xb4][0xb2][0x1]1[0xe8]I[0x83][0x81]Ac[0xa4]S#[0xb0]g[0x8d][0x81]M#[0x83]{[0x9e][0xc3][0xd8]p[0x10][0x16][0xfb][0xc6]X[0xe6]*h[0xd8][0xe7]5F[0x9a]s[0x18][0x8c])[0xc8][0x8][0x91][0xb0];o[0x0]jfc[0xa4][0xb9][0x5][0x1a][0x15][0x1b]H[0xf3][0x9][0x1e][0xa9][0x89]e[0x95][\n]"
05:47:41.537 [main] DEBUG org.apache.http.wire -  << ".[0xa5]%[0x95][\n]"
05:47:41.537 [main] DEBUG org.apache.http.wire -  << "[0xd0]S[0x87][0x3]r[0x12]KR1z[0xfe][0x8e][0xa5]%[0xa9][0xb9][0xe8]G[\r][0x17][0xa5][0x16][0x95][0xe6]"M[0xd1][0xe2]_ [0x8f][0xd4]/3F[0x9a]rp,O-[0xce][0xcf]MU[0x8]H,H-Rp[0xce]O,[0xc1][0xb0][0xdc]5[0xbf]X![0xb3][0xa0][0xb8]4W![0xb3]$[0xb1][0xb0]4U!'1)[0xbf](3[0xbf]81W![0x15],[0x90]Z[0x2][0x9a].[0xce],![0xc7]1[0xa6][0xc6][0x88][0xbe][0xdc][0xa0]I[0x5][0xa6]H[0xa3][0x8c][0xb4]m[0x9f][0x99]"[0x8d]9[0xe]"[0xef]#j[0xe7][0xc1][0xe3]([0xa4][0xa1][0xc9]A[0xe4][0xa8]AX[0x86][0x99][0x12][0x1c][0xeb][0x1c][0x80][0x82][0xd5][0x14][0xe9][0xb4][0xfd]A[0x14]}[0x88][0x86][0xee] r[0x14]}s[0x1f][0x0][0x0][0x0][0xff][0xff]"
05:47:41.537 [main] DEBUG org.apache.http.wire -  << "[\r][\n]"
05:47:41.574 [main] DEBUG org.apache.http.wire -  << "93[\r][\n]"
05:47:41.574 [main] DEBUG org.apache.http.wire -  << "[0x2][0xf][0x5] [0xda][0x92][0x88][0xd3]<P[0xee]wF[0xda]O?xB[\n]"
05:47:41.574 [main] DEBUG org.apache.http.wire -  << "[0xe9][0xea]n[0xc7][0xd4][0xa2][0xfc][0x94][0xca][0xbc][0xc4][0xdc][0xcc]d[0x5][0xc8]Z'[0xa7][0xfc][0x92][0x92][0x1c][0xcc][0xba][0x14][0xb4][0x8a])?/[0x15][0xb2][0xca][0x9][0xbc][0xd4])/3#3G!9[0xbf][0xa8][0xa8][0xb4][0xa0]$[0x13]r[0xe5]hj[0xb1]Bn"[0xe4]d[0xf6]T[0xf2][0xea]5SD[0xd2][0xa2]m[0x15]b[0x84]tG[0x6][0xf6][0xa8]AD[0xee][0x0]d|#[0x82][0x19][0x80][0x9d]G([0xb7][\r][0xac][0xf3][0x90][0x8e][0xdb][0x18][0x8c][0x91][0x8b]t[0xfa][0xc5][0xa0]t[0x1e][0xa2][0x17][0x88]?[0x13]RiZ[\r]yp[0x1f][0x0][0x0][0x0][0xff][0xff]"
05:47:41.574 [main] DEBUG org.apache.http.wire -  << "[\r][\n]"
05:47:41.574 [main] DEBUG org.apache.http.wire -  << "62[\r][\n]"
05:47:41.574 [main] DEBUG org.apache.http.wire -  << "[0xf2][0x8f][0xc0]\[0xae]2[0xc0]i[0x89]PR[0x1f][0x88][0xe2][0x81]n'[0x80][0x18]![0x1d][0xe3][0xe0][0x9b]_Z[0x8c]Y5[0xe0][0x1b][0xf]'v[0xce][0xcb][0xc][0x91][0x4]hh[0x9][0xa2]n[0xa1]M'[0xd5][0x8][0xf3][0xb0][0x6][0x1c]s[0xb1][0xd4][0xc9]8Hg5Pw[0xba][\r][0xe9][0xbc][0x5]*[0x1b]Lh[[0xc4][0xc0]fu[0xa4]S[0x9][0xb0][0x97]D[0x3][0x91][0xd5][0xcd][0x11]]}[\n]"
05:47:41.574 [main] DEBUG org.apache.http.wire -  << "[0x92]-[0x0][0x0][0x0][0xff][0xff]"
05:47:41.574 [main] DEBUG org.apache.http.wire -  << "[\r][\n]"
05:47:41.574 [main] DEBUG org.apache.http.wire -  << "201[\r][\n]"
05:47:41.574 [main] DEBUG org.apache.http.wire -  << "[0xc2]s[0xda][0xa8][0x11][0xd2][0xb1][0x3][0xd8][0xbd]=[0xc0][0xb1][0x82][0xc8][0xb7][0xd8][0x9d]7 [0xb1][0x82][0xa8][0x15]h[0x14]+[0x98][0xdb][0xe8]1kF|e[0xaf][0x91][0xa5]%[0xea][0x91][0xb6][0xf8][0x92][0x0][0xd2]fxZy[0x7][0x91][0xf5][0xa1][0x8d][\n]"
05:47:41.574 [main] DEBUG org.apache.http.wire -  << "[0x1a]z[0xc7][0x12]Q[0x9f]@-[0xc3]Q[0x10]S[0xba]([0xc6][0x18]iO[0x15]m[0x2][0xce][0x18][0xe9][0xee]c[0xec][0xc9]@s[0xa7]1[0xcd][0xf7]*[0x18]#[0xad][0xbd][0xa6]Q[0x10]#[0xad][0x99][0x1e][0x8c]Al4[0x8][0xb]@[0xe3][0xc1]}[0xa6][0xae]1[0xd2][0x9a]g[0xec]Q:[0x0][0x95][0x86]1[0xd2]2iZ[0x9d][0x87]a[0x8c]t!.[0xed][0xec]@,^[0x81][0x15][0xaf][0xb4][0x9c][0x91]C[0x9a][0xec]@[0xba][0xb][0xd1]'3/5[0xf][0xc7][0x85][0x93]a[0xf9]9[0xa5][0x5]%[0x89][0xc5][\n]"
05:47:41.574 [main] DEBUG org.apache.http.wire -  << "e[0xa9]y[0x99][0x89][0xb9][\n]"
05:47:41.575 [main] DEBUG org.apache.http.wire -  << "[0x89]9[0x99][0x85][0xa5][0x99])8[0xa7]ZLp[0xef]d1F:k[0xd7]5/[0xbf](7[0xbf][0xb4]X[0xc1]7[0xb1]()'[0x15][0x87][0xe5][0x9e])[\n]"
05:47:41.575 [main] DEBUG org.apache.http.wire -  << "e[0x10][0xfb]K2A[0xb7][[0x96]e[0x96]$[0xa6]*[0x14][0x97][0x16]'g[0x16]d[0xc2][0xee][0x93]+VHLR[0xc8][0xc9]LJ-[0xca][0xc7][0xe9]*<[0x15][0xb6]1[0xd2]\[0x8b]g^IjNNfzj^[0x89][0x82]{Qb^fI[0xaa][0x2][0x8e]a[0xbc][0xc0][0xd2]L[0x85][0xe2][0xd2][0xbc][0x12][0x85][0xdc][0xfc][0x9c][0xd4][0xe2][0x92][0xcc][0xc4]T8[0xab][0x18][0xc7][0x5]w[0xc4]O[0x90][0x11][0x9c][0x94][0x19][0xd8][0x8a][\n]"
05:47:41.575 [main] DEBUG org.apache.http.wire -  << "i&[0xc4]-1[0xaf]$[0xb1][0xb8]$3Y[0xc1]9?/[0xb9]([0xb5][0x4]WT[0x6]![0xee][0xfc]SH[0x5][0xa5][0xa5][0xd4][0x12][0x85][0xc2][0xd2][0xfc][0x14][0xd0]M[0x93][0x89][0xd0]1[0xcf]\[0xd0][0xec]^bJfAfq2[0xf2][0xf5][0x93][0xa8][0x1][0x87][0xe7]>[0x1]c[0xa4]E[0xdd][0xd8][0xcb][0xaa][0x1][0xe]8[0xc4][0xa2]8[0xd8][0xc4]'t[0xde][0xd5];/3[\r]s@[0xc0])5[0x11][0x94][0xe0][0xa1]yN[0x1]O[0xb6][0xc3][0x97][0xc0][0x91][0xd6]v[0xf][0xca]@A[0x8c][0x91][0xd1][0xa8]Q2[0xb8]G[0x80][0x8d][0x91][0xee]O[0x1e][0x8c][0xf1]3[0xb8]G[0x80][0x8d][0x91]F[0x80]}2[0xd3]3J[0xca]SA[0xa4]Bx~~[0x8e][0x82]sFbf[0x11][0xc6][0x82][0x2][0x1f][0xd0][0xfa][0x81]Tx[0xcd][0x92]Z[0xac][0x90][0x4][0xdf][0x82][0x8e]T[0x83][0x80][0x9a]e[0xa0][0xc9][0x9a][0xbc]t[0xec][0x9d]~[0x0][0x0][0x0][0x0][0xff][0xff]"
05:47:41.575 [main] DEBUG org.apache.http.wire -  << "[\r][\n]"
05:47:41.575 [main] DEBUG org.apache.http.wire -  << "211[\r][\n]"
05:47:41.575 [main] DEBUG org.apache.http.wire -  << "[0x82][0x9e]'ab[0x8c]4[0xb][0x84]=[0xfe][0x6][0xa2][0x81]dJ[0xf3]\e[0x8a][0xe8][0x19][0xe6]&f[0xe6][0x81][0xf]PL[0x4][0x9d]_[0x85][0xba]l[0xbf][0xb8]$5[0xb5](3/][0xa1]<#55[0x7][0x11][0x14]Do[0x9d]1F[0x9a][0xc9][0xc2][0x1e][0xbe][0x3][[0xa8]#[\r] cw[0x1e][0xc2][0xcf]t[0xdb][0xcb]b[0x8c][0xb4][0x97][0x85]F[0x85]*[0xd2][0x1][0xd3][0xb4][0xb2][0x1]Q[R[0xf3][0xda]#<{[0xad][0x8d][0x91]v[0xca][0x14][0x97][0x16][0x97]*d[0x97][0xa6]$*[0xe4]d&b[0x16]"`[0xe9][0xc4]<p[0x82][0x87][0x1e][0xd8]f[0x89]r[0xea][0x17][0xbe]f[\n]"
05:47:41.575 [main] DEBUG org.apache.http.wire -  << "[0xd2][0xb9][0xd3][0xb4][0xcd]:HS[0xe][0xd0][0xee][0x85][0x19]Fq[0x8][0x1f][0xf9]B[0xdf][0xf5]gH|[0x16]E[0x9a]u[0xa0]Ub@[0xf4][0xdc][0xc1]AOA[0xcc][0xe0]k+![0xcd];P3[0xcd][0xe1][0xb3][0x12]i[0xee][0x1][0x1a]G[0xb4][0x1a]aC:[0x8d][0x99]F[0xb1][0x84]tf2-c[0x9]iv[0x81][0xa6][0xd6][0xd0]z[0xbe][0xc0][0x18]i[0xbe][0x0]T[0x96]($V&bn@[0x5]{[0x11]$[0x8d][0xa8]HP[0x8b][0x1a][0xbc][0xa9][0xb]QK[0xd3]:u!r([0xad]R[0x17]b[0xa6][0x80][0xc6]~A[0x1a][0xc4][0xa7][0xb5]M[0x88]J[0x8e]F[0xa1][0x86][0xb4][0xb][0x92][0xd6]~A[0xb4]9[0xb1][0xb7][0x84][0x6][0xb6][0xa1][0x86]tf)v[0xe7]![0xf2][0x17][0xfd][0x1a]j[0x16][0x88]4M[0xa3][0xf8]G[0xda][0xbd]H+[0x1b][0x10][0x8b]P[0xe9]Ui[0x12][0xdc][0xf3]8[0xb0]I[0x8d][0xe0][0x9e]D\I[0xcd][0x18]m[0xf8][0x14][0xda][0xc9]42E[0x1a][0xd9]r[0xc7]~![0x1a][0xc2][0xc7][0xd8][0x97]P[0x1a][[0xd2][0xbc]:[0xb3]D[0x14][0x0][0xb4]Jj[0x88][0xea][0x8c]V6[0xd0][0xbc][0x1a][0x3]u[0x13][0xa0]GA[0xd0][0xc6][0xf]&[0xa0][0x93][0xac][0xa0]6[0xd0][0xb6][0xc8]7A[0xda]?[0x89][0xb4][0x99][0x4]:[0xa8][0x8f]}[0xf8][0xc5]5[0xb3][0xb4]X[0xa1] [0xb5][0xa8][0xb8] 393[0xb1]$[0xb3][0x18]4[0x4][0x8c]4[0xee][0x2]J[0xa6][0xc4][0x8c][0xbb][0x98][0xd0]|[0x9b][0xa4][0x9][0xcd][0xa7][0xa4]M[0x90]6b[0xba][0xe7][0x17][0xa5][0xa7][0x82][0xa6]D[0xc2][0xf3][0xf3]SR[0xf3][0x14][0x9c][0xb1][0xf4]:[0xfd]S2K[0x10]+[0x85]as#[0xa9][0xc8][0xdb]p@wg[0x11][0x17]|[0xb4].[0xe]L[0x90][0xe6][0xdb]i[0x9d][0xc]i[0x9d]iM[0xc][0x10][0xf5]4~[0xbf]PeA[0x9a][0x9][0xcd]w[0x8f][0x9a] [0x1d][0x94]I[0xa3]R[0x8]i[0x3])96[0x0][0x0][0x0][0x0][0xff][0xff]"
05:47:41.575 [main] DEBUG org.apache.http.wire -  << "[\r][\n]"
05:47:41.575 [main] DEBUG org.apache.http.wire -  << "96[\r][\n]"
05:47:41.576 [main] DEBUG org.apache.http.wire -  << "*[0xc9]$4[0xf2]jb[0x88]h<[0xd3]%R[0x10][0xa9][0xc]{[0x3][0x12]Q[0x5][0xe3][0xaa][0xdf][0xd1][0xbb]jT[0xac][0xdf]M[0x90][0xce]\[0xc4][0xee][0xbc][0x1]q[0x14][0xa2]m8h[0x1c]e[0x8a]9,F[0xa3]![0x17]S,[0x83];4[0x9c][0xdf]7E[0x1a][0xe1][0x9]pVpw[0xf4][0xf5][0xf4]s[0xc7][0x18][0xf0][0xb][0xe]p[0xf5]V[0xf0][0xf0]t[0xf7]@[0xa4][0x7]KP[0x8b][0x81][0x98],g[0x8a][0xb4][0x96]. 1'[0xd1]'[0xdf][0x7][0xf3]2x[0x9c]#[0x8a]F[0x96][0x96][0xa0]E[0x15][0xc4]Y[0x84]X[0xe5]Fc[0x8b][0x10]K0[0xe8][0xd4]{1E[0xba][0xbf][0x84][0xc6]~C4[0x97][0xe1]~[0x3][0x0][0x0][0x0][0xff][0xff]"
05:47:41.576 [main] DEBUG org.apache.http.wire -  << "[\r][\n]"
05:47:41.576 [main] DEBUG org.apache.http.wire -  << "1AE[\r][\n]"
05:47:41.576 [main] DEBUG org.apache.http.wire -  << "B?W[0xc9]71%U!?M!#3=C[0xa1][0xb0]41'[0xb3][0xa4]R[0xa1] 5[0xb1]([0x7][0xe9]|O#P[0xe1]BL[0xbc][0x99] [0xed][0xcb][0xc7]_&S[0xba]`[0xd0][0xc4][0x10][0xd1][0x80][0xc1]^[0xb4][0xc]lq[0x8c][0xb4][0x9c][0xf][0xbb][0xf3][0x10][0xd9][0x8f]n[0xc3][\r]&H[0x9b][0xbf]iT'#m[0xee][0xa6]q[0xfc]#[0xad]f[0xa4][0xb5]M[0x88]~-~[0x9b][0xa8][0xd3][0xf8]C:[0xe2][0x95]V[0x91][0x84]h[0xc9][0xe0][0xf7][0x10][0xc5][0x99][0x14]4[0x8b][0xe][0xed][0x8a][0xd2][0xc8]/D[0x1f][0x1]K[0xb1]_[0x90]VB[0xd2]8[0xd4][0x90][0x96]7[0xc2]l[0xa2]a[0xb3][0xc1][0x4]T)[0xd3]8[0x92][0x10][0x95],[0xcc]C[0x18][0x15][0x11][0xbc][0xd9]@[0xc9][0xd9][0x8a]&HK[0x1c][0xb1][0x17][0xbb][0x3][+ [0xad]6[0x1c][0x94][0xce]Cts[0xb1];o *-[0xa4][0xf5][0x86]4*C[0x90]FW[0xa1][0xc9][0x93][0xb4]-[0x15][0xf4][0xab][0xc0][0x91][0xce]V[0xc0][0xe9]RD[0x1c][0xe1][0xdb]5H[0xcd][0xae][0xa7][0x9][0xa2]#[0x8e]=[0xd9][0xc]l[0xa6]C[0xda][0xa1]N[0x83][0x93][0xb2]L@[0x97][0x93][0xd0][0xb6][0xf8][0x1c][0xdc]+[0x18]M[0x8][0xae]`D[0xa4]H[0xfa][0xe5][0x14]S[0x3][0x1d]%h[0xac][0xe0][0xcc])[0xf8][0xaa][0x1c]:[0xba][0x14]1F[0x82][0xd3][0xa5][0x88][0x10][0xa4]W[0x9e]F:q[0xc3][0xad][0xb4](/[0xb3][0xa4][0xb4](U!$[0xbf][0x0][0xa3][0xde]F[0xc8][0xa6]$[0x16]e*x[0xa5][0x16]$[0x16][0x81][0x6][0x5][0xa0][0xcb][0xa2][0xc]A[0xa9][0x83][0xa8][0xae]#[0xd2]BJ[0x1a][0x95][0xf3]H[0xe7]N[0xd3][0xca][0x6][0x8c][0xae][0x2]%5[0x9][\r][0xa7][0x3]ML[0x11]c[0x3][0x83])[0xd5]!z&[0x88]tE[0xd3]T[0x87][0xb4]~[0x93][0xaa][[0xb4]M[0x90][0xd6]`B[0x3][0x98]F[0xa3][0x8c]&D[0x9f]'Nq[0x17][0x8]i[0x81]$[0xad][0xfd]4[0xb8]Gw[0x90]V<R[0xfb][0xae][0x6][0x13]3D[0x1e][0x18][0x8c][0xad])[0xa4]1[0xed]A[0xe9]<[0xc4][0xc0][0xf1][0x80]8[0xf][0x0][0x0][0x0][0xff][0xff]"
05:47:41.576 [main] DEBUG org.apache.http.wire -  << "[\r][\n]"
05:47:41.576 [main] DEBUG org.apache.http.wire -  << "C9[\r][\n]"
05:47:41.576 [main] DEBUG org.apache.http.wire -  << "*RH[0x7]/[0xd0][0xc0][0xbe][\n]"
05:47:41.576 [main] DEBUG org.apache.http.wire -  << "[0xc3][0x4]i[0xed]"v[0xe7]!jz[0xfa][0xb5]@[0x90][0xd6]![0xd2][0xa2][0x81]l[0x8e][0xa8]j[0xb0][0xfb][0x19][0x11]j[0x3][0xe2][0xfb][0xc1][0xd8][0xe9]E[0x9a]h[0x81]o[0x96][0x84]lj[0xc1]vH[0xa6]crriqb^Ifi[0xae]B>[0xe8]P5[0xe8][0x96][0xba]b[0xa4][0x85][0x15][0xa8][0xdb][0xe8][0xd0]g"[0x91]v[0xb4][0x98]"[0x9d]Z[0x12]\[0x99][0x97]Z[0x94][0x9e][0x9][0xde][0xe2][0x7]][0x98][0x10][0x9c][0x91][0x9f][\n]"
05:47:41.577 [main] DEBUG org.apache.http.wire -  << "[0x9a][0x1a]@[0xdd][0xe7][0xe1][\n]"
05:47:41.577 [main] DEBUG org.apache.http.wire -  << "[0xde][0xcf][0x7][0xda][0xd3]G[0xa6][0x9d][0xf4][0x1a]!2E:[0x6][0x84][0xb6]u[0x98])r[0xb6]*[0xca]O)M.Qp,[0xcd][0xc9]LT0[0xc6]hD[0x83]n[0xad]+[0x80][0xaa]I[0x84][0xab][0x81]6[0xa1][0xf1]5[0xf9]Q[0xe2][\r][0x91][0xcf][0x2][0xa0]f[0xd1][0xd6]>DEE[0x1f][0xfb][0x10][0x19][0x95][0x86][0xf6][0xc5][0xd6]r[0x1][0x0][0x0][0x0][0xff][0xff]"
05:47:41.577 [main] DEBUG org.apache.http.wire -  << "[\r][\n]"
05:47:41.578 [main] DEBUG org.apache.http.wire -  << "A[\r][\n]"
05:47:41.578 [main] DEBUG org.apache.http.wire -  << "[0x3][0x0]L[0xb3][0xf9][0x85]q[0xbb][0x1][0x0]"
05:47:41.578 [main] DEBUG org.apache.http.wire -  << "[\r][\n]"
05:47:41.578 [main] DEBUG org.apache.http.wire -  << "0[\r][\n]"
05:47:41.578 [main] DEBUG org.apache.http.wire -  << "[\r][\n]"
05:47:41.578 [main] DEBUG io.restassured.internal.RestAssuredHttpBuilder - Parsed data to instance of: class org.apache.http.conn.EofSensorInputStream
05:47:41.581 [main] DEBUG org.apache.http.impl.conn.BasicClientConnectionManager - Releasing connection org.apache.http.impl.conn.ManagedClientConnectionImpl@1c4053aa
05:47:41.581 [main] DEBUG org.apache.http.impl.conn.BasicClientConnectionManager - Connection can be kept alive indefinitely
05:47:41.657 [main] DEBUG net.thucydides.core.steps.StepInterceptor - STEP DONE: I send HTTP GET request
  &amp#27;[32mWhen &amp#27;[0m&amp#27;[32mI send GET HTTP request&amp#27;[0m                &amp#27;[90m# starter.stepdefinitions.UserSteps.iSendGETHTTPRequest()&amp#27;[0m
05:47:41.666 [main] DEBUG net.thucydides.core.steps.StepInterceptor - STARTING STEP: UserSteps.iReceiveValidHTTPResponseCode - I receive valids HTTP response code 200
05:47:41.667 [main] DEBUG net.thucydides.core.steps.StepInterceptor - STEP DONE: I receive valids HTTP response code 200
  &amp#27;[32mThen &amp#27;[0m&amp#27;[32mI receive valid HTTP response code 200&amp#27;[0m &amp#27;[90m# starter.stepdefinitions.UserSteps.iReceiveValidHTTPResponseCode()&amp#27;[0m
05:47:41.696 [main] DEBUG net.thucydides.core.steps.StepInterceptor - STARTING STEP: UserSteps.iReceiveValidDataForIndex - I receive valid data for index
05:47:41.840 [main] DEBUG net.thucydides.core.steps.StepInterceptor - STEP DONE: I receive valid data for index
  &amp#27;[32mAnd &amp#27;[0m&amp#27;[32mI receive valid data for index&amp#27;[0m          &amp#27;[90m# starter.stepdefinitions.UserSteps.iReceiveValidDataForIndex()&amp#27;[0m
05:47:41.843 [main] INFO  - 
  _____   ___   ___   _____     ___     _     ___   ___   ___   ___  
 |_   _| | __| / __| |_   _|   | _ \   /_\   / __| / __| | __| |   \ 
   | |   | _|  \__ \   | |     |  _/  / _ \  \__ \ \__ \ | _|  | |) |
   |_|   |___| |___/   |_|     |_|   /_/ \_\ |___/ |___/ |___| |___/ 

GET - As admin I can get index
----------------------------------------------------------------------
]]></system-out>
  </testcase>
  <testcase name="GET - As admin I cannot get index" classname="User" time="0.661">
    <system-out><![CDATA[05:47:41.865 [Finalizer] DEBUG org.apache.http.impl.conn.DefaultClientConnection - Connection 0.0.0.0:60364<->149.248.193.56:443 closed

@TC-0032
Scenario: GET - As admin I cannot get index     &amp#27;[90m# src/test/resources/api/user.feature:231&amp#27;[0m
05:47:41.866 [Finalizer] DEBUG org.apache.http.impl.conn.DefaultClientConnection - Connection 0.0.0.0:60365<->149.248.193.56:443 closed
05:47:41.867 [main] INFO io.cucumber.core.plugin.SerenityReporter - Running feature from file:///C:/Users/Lenovo/IdeaProjects/MiniProject/MiniprojectApi/src/test/resources/api/user.feature
05:47:41.867 [main] WARN io.cucumber.core.plugin.SerenityReporter - Feature from file:///C:/Users/Lenovo/IdeaProjects/MiniProject/MiniprojectApi/src/test/resources/api/user.feature is not under the 'features' directory. Requirements report will not be correctly generated!
05:47:41.871 [main] INFO  - 
  _____   ___   ___   _____     ___   _____     _     ___   _____   ___   ___  
 |_   _| | __| / __| |_   _|   / __| |_   _|   /_\   | _ \ |_   _| | __| |   \ 
   | |   | _|  \__ \   | |     \__ \   | |    / _ \  |   /   | |   | _|  | |) |
   |_|   |___| |___/   |_|     |___/   |_|   /_/ \_\ |_|_\   |_|   |___| |___/ 

GET - As admin I cannot get index(user;get---as-admin-i-cannot-get-index)
--------------------------------------------------------------------------------
05:47:41.972 [main] DEBUG net.thucydides.core.steps.StepInterceptor - STARTING STEP: UserSteps.iSetUnmatchedGETApiEndpointsIndex - I set the GET api endpoints index
05:47:41.972 [main] DEBUG net.thucydides.core.steps.StepInterceptor - STEP DONE: I set the GET api endpoints index
  &amp#27;[32mGiven &amp#27;[0m&amp#27;[32mI set unmatched GET api endpoints index&amp#27;[0m &amp#27;[90m# starter.stepdefinitions.UserSteps.iSetUnmatchedGETApiEndpointsIndex()&amp#27;[0m
05:47:41.977 [main] DEBUG net.thucydides.core.steps.StepInterceptor - STARTING STEP: UserSteps.iSendGETHTTPRequest - I send HTTP GET request
05:47:41.980 [main] DEBUG net.thucydides.core.steps.StepInterceptor - STARTING STEP: GetAllProduct.iSendGETHTTPRequest - I set the GET api endpoints
05:47:41.980 [main] DEBUG net.thucydides.core.steps.StepInterceptor - STEP DONE: I set the GET api endpoints
05:47:41.987 [main] DEBUG org.apache.http.impl.conn.BasicClientConnectionManager - Get connection for route {s}->https://altashop-api.fly.dev:443
05:47:41.987 [main] DEBUG org.apache.http.impl.conn.DefaultClientConnectionOperator - Connecting to altashop-api.fly.dev:443
05:47:42.095 [main] DEBUG org.apache.http.client.protocol.RequestAddCookies - CookieSpec selected: ignoreCookies
05:47:42.095 [main] DEBUG org.apache.http.client.protocol.RequestAuthCache - Auth cache not set in the context
05:47:42.095 [main] DEBUG org.apache.http.client.protocol.RequestTargetAuthentication - Target auth state: UNCHALLENGED
05:47:42.095 [main] DEBUG org.apache.http.client.protocol.RequestProxyAuthentication - Proxy auth state: UNCHALLENGED
05:47:42.095 [main] DEBUG org.apache.http.impl.client.DefaultHttpClient - Attempt 1 to execute request
05:47:42.095 [main] DEBUG org.apache.http.impl.conn.DefaultClientConnection - Sending request: GET /api/products HTTP/1.1
05:47:42.095 [main] DEBUG org.apache.http.wire -  >> "GET /api/products HTTP/1.1[\r][\n]"
05:47:42.095 [main] DEBUG org.apache.http.wire -  >> "Accept: */*[\r][\n]"
05:47:42.095 [main] DEBUG org.apache.http.wire -  >> "Host: altashop-api.fly.dev[\r][\n]"
05:47:42.095 [main] DEBUG org.apache.http.wire -  >> "Connection: Keep-Alive[\r][\n]"
05:47:42.095 [main] DEBUG org.apache.http.wire -  >> "User-Agent: Apache-HttpClient/4.5.13 (Java/14.0.2)[\r][\n]"
05:47:42.095 [main] DEBUG org.apache.http.wire -  >> "Accept-Encoding: gzip,deflate[\r][\n]"
05:47:42.095 [main] DEBUG org.apache.http.wire -  >> "[\r][\n]"
05:47:42.095 [main] DEBUG org.apache.http.headers - >> GET /api/products HTTP/1.1
05:47:42.095 [main] DEBUG org.apache.http.headers - >> Accept: */*
05:47:42.095 [main] DEBUG org.apache.http.headers - >> Host: altashop-api.fly.dev
05:47:42.095 [main] DEBUG org.apache.http.headers - >> Connection: Keep-Alive
05:47:42.095 [main] DEBUG org.apache.http.headers - >> User-Agent: Apache-HttpClient/4.5.13 (Java/14.0.2)
05:47:42.095 [main] DEBUG org.apache.http.headers - >> Accept-Encoding: gzip,deflate
05:47:42.391 [main] DEBUG org.apache.http.wire -  << "HTTP/1.1 200 OK[\r][\n]"
05:47:42.391 [main] DEBUG org.apache.http.wire -  << "content-type: application/json[\r][\n]"
05:47:42.391 [main] DEBUG org.apache.http.wire -  << "date: Mon, 08 May 2023 22:56:32 GMT[\r][\n]"
05:47:42.391 [main] DEBUG org.apache.http.wire -  << "transfer-encoding: chunked[\r][\n]"
05:47:42.391 [main] DEBUG org.apache.http.wire -  << "content-encoding: gzip[\r][\n]"
05:47:42.391 [main] DEBUG org.apache.http.wire -  << "server: Fly/3f2597ca (2023-05-03)[\r][\n]"
05:47:42.391 [main] DEBUG org.apache.http.wire -  << "via: 1.1 fly.io[\r][\n]"
05:47:42.391 [main] DEBUG org.apache.http.wire -  << "fly-request-id: 01GZYS9BP3G2Q0WA2M32YDB9NX-sin[\r][\n]"
05:47:42.391 [main] DEBUG org.apache.http.wire -  << "[\r][\n]"
05:47:42.391 [main] DEBUG org.apache.http.impl.conn.DefaultClientConnection - Receiving response: HTTP/1.1 200 OK
05:47:42.391 [main] DEBUG org.apache.http.headers - << HTTP/1.1 200 OK
05:47:42.391 [main] DEBUG org.apache.http.headers - << content-type: application/json
05:47:42.391 [main] DEBUG org.apache.http.headers - << date: Mon, 08 May 2023 22:56:32 GMT
05:47:42.391 [main] DEBUG org.apache.http.headers - << transfer-encoding: chunked
05:47:42.391 [main] DEBUG org.apache.http.headers - << content-encoding: gzip
05:47:42.391 [main] DEBUG org.apache.http.headers - << server: Fly/3f2597ca (2023-05-03)
05:47:42.391 [main] DEBUG org.apache.http.headers - << via: 1.1 fly.io
05:47:42.391 [main] DEBUG org.apache.http.headers - << fly-request-id: 01GZYS9BP3G2Q0WA2M32YDB9NX-sin
05:47:42.391 [main] DEBUG org.apache.http.impl.client.DefaultHttpClient - Connection can be kept alive indefinitely
05:47:42.391 [main] DEBUG io.restassured.internal.RestAssuredHttpBuilder - Parsing response as: application/json
05:47:42.392 [main] DEBUG org.apache.http.wire -  << "37A[\r][\n]"
05:47:42.392 [main] DEBUG org.apache.http.wire -  << "[0x1f][0x8b][0x8][0x0][0x0][0x0][0x0][0x0][0x4][0xff][0xaa]VJI,IT[0xb2][0x8a][0xae]V[0xf2]tQ[0xb2]241[0xb1]0[0xd2]Q[0xf2]K[0xcc]MU[0xb2]RJI-N.[0xca],([0xc9][0xcc][0xcf]S[0xd2]QrA[0xe2]Y))[0xe9]([0x5][0x14]e&[0xa7]*Y[0x19][0xe8]([0x5]%[0x96]d[0xe6][0xa5][0x17]+Y[0x99][0xe8](9'[0x96][0xa4][0xa6][0xe7][0x17]e[0xa6][0x16]+YE[0xc7][0xd6][0xea] [0xc]6[0x86][0x1b][0xec]Y[0x90][0x91][0x9f][0x97][0xaa]`h[0xa8]`f[0xa2][0x90][0x9e][0x84]axANb[0xa5]BFb[0xb1]B^[0xbe]BNfnfI1[0xc2]:#KK$[0xb][0x8d][0xd0],[0x84][0xda]fdjb[0x8][0xb7][0xcd]=173/[0x1d][0xc3][0x12][0xb7][0xfc]"[0x85]t[0xb0][0x94]BAiQA~qj[0xb1]R-[0x8a][0x83]-[0xe0]F[0xb8][0x95][0x16][0xe5]e[0x96][0x94][0x16][0xa5]*[0x84][0xe4][0x17]`[0x9a][0x4][0x97]MI,[0xca]T[0xf0]J-H,JD[0xb8][0xd8][0xd0][0x4][0xd9][0xc5][0xa6]h.F[0xb1][0xd1][0x4]ncp~^[0xa5]B@[0xb0]![0x86]e[0xf8][0xc2][0xc6][0x4]%l[0xc][0xd1]l[0xa2]j[0xd8][0x98][0x12]v)"[0x4][0x90][0x93][0x88][0x1]-]e[0x6]w[0x15][0x15]c[0xc][0xdd][0xc5][0xc8]1f[0x89]Hf.a.[\n]"
05:47:42.392 [main] DEBUG org.apache.http.wire -  << "[0xbe][0xa5][0xe9][0xa9]y[\n]"
05:47:42.392 [main] DEBUG org.apache.http.wire -  << "!E[0x89][0x99][0xf8]r[0x8c][0xa1][0x91][0x81][0x81][0x1][0xbe]0A[0xb1][0x1][0x91][0x1f][0x13][0xf3][0x12][0xb3][0x15][0x12]+[0x13]s1[0x12]Eqiq[0xa9][0x2]H[0x1a][0x11][0xe6][0x96](i[0x1][0xaf][0x1f][0xcc][0xe1][0xa1][0x16][0xe1][0xe4][0x1f][0x81][0x99][0xe4][0x10]9[0x5]a<jR3[0xa6]a[0xa4][0x82][0xfc][0x1]-[0x90][0xb0];[0xf][0x97][0xa3][0xd0][0xfd]L[0xc5][0xf4]o[\n]"
05:47:42.392 [main] DEBUG org.apache.http.wire -  << "[0x8a]>[0xa8][0xa3]h[0x13][0xef][0xa6][0x6][0x88][0x94][0x5][0x8a]X[0xea][0xc7][0xbb][0xa9][0x1][0xad]S[0x96][0xa9][0x1][0xa2][0xc8][0xa7][0x91][0x1f],[0x10]e[0xb4]SQbrjNj[0x9]F[0xe6][0xf0]MLIU[0xc8]OS[0xc8][0xc8]L[0xcf]P(,M[0xcc][0xc9],[0xa9]T(HM,[0xca]A[0xae]V[0x8c][0x88][0xcb][0x90][0xc6][0xc6]f[0x18][0x85][0xb4])[0x86][0x95][0xf8][\n]"
05:47:42.392 [main] DEBUG org.apache.http.wire -  << "i[0xd4][\n]"
05:47:42.392 [main] DEBUG org.apache.http.wire -  << "[0xc]w[0x8d]illf[0x9][0xcf][0x98]%[0xa9][0xc5][0xa0]*V[0xa1][0xa0](?[0xa5]4[0x19][0xd3][0x8f]%[0x19][0x99][0xc5][\n]"
05:47:42.392 [main] DEBUG org.apache.http.wire -  << "[0x99][0xc5][\n]"
05:47:42.392 [main] DEBUG org.apache.http.wire -  << "%[0x19][0xa9]05[\n]"
05:47:42.392 [main] DEBUG org.apache.http.wire -  << "[0xa8][0xd5]7[0x96][0xda][0x1a]=[0xd7]"[0x8a][0x1d]ccsD[0xf2][0xa3][0x9a][0xdd][0x86]h[0xc5][0x1e][0xee][0xaa][0xd0][0xd8][0xd8][0x1c][0x91]8[0xa9]j?R[0xdb][0x1][0xaf][0xf5][0x88]H[0xa6][0xaa][0xf5][0xc8][0x89][0xc][0xaf][0xfd][0x88]2[0x99]f[0xf6][0xa3][0x97][0x8f]([0xd1][0x8f][0xc8]W4[0xb3][0x1f]_[0xd2]7[0xa7]A[0xd2]GO~[0xf8][0xfc]oa@[0xfd][0xac][0x87]n?[0xbe][0xec][0x87][0xd4][\n]"
05:47:42.392 [main] DEBUG org.apache.http.wire -  << "[0xa7]Y[0xf8][0xe3][0xf5]?[0xa2][0xe4][0x1e][0x18][0xfb][0x11][0xf9][0xcf]#@!7[0xb3]$[0x1f]{[0x19][[0x92]Z[0x94][0x94][0x98][0x99][0x8d]h[0x2][0x98][0x9a][0x99]#eq[0xbc]^Dd1[0xd2][0xda][0x15][0xe8][0xf9][0x96]z[0xed][\n]"
05:47:42.392 [main] DEBUG org.apache.http.wire -  << "cc[0xb]D[0xba][0x87][0xf6][0x0]([0xa9]\[0xf0][0xa5]0KD[0xc][0x7][0x4]+`[0xda][0x92][0x9e][0x98][0x9b][0xaa]`[0xaa]P\[0x92]X[0x84][0x8]][0xd4]V[0x1f][0xbe][0xc]l[0x89][0x88]@[0xba]4[0xc5][0x8d]M[0x90][0x9a]dT[0x8]:<)[0xc7][0x4][0xa9]iF/[0xbf]!"[0x8b][0xd6]~C[0xc4][@QbrIfrb[0x8e]Bx~~Jj[0x9e][0x82]w^fZ*F>t[0xcc][0xc9]L,VH+MOT(-[0xd1]C[0xa4][0x15]CP[0x84][0xc0]G[0x6][0xf0][0x86]'"'Rod[0x0][0xaf][0x85][0x88]\[0x6][0xb3][0xd0][0x88][0xe2][0xa1][0x8]|[0x16][0x1a]"[0xaa][0x13][0x98][0x85][0x94][0x8f]}[0xe0][0xb5][0x10][0xd1]|[0xa3][0x93][0x85][0x18][0x3][0x2][0xe6][0x18])[0x85][0xf8]V1^[0xaf]!RK@bN[0xa2]O[0xbe][0xf]h[0xac][0x5]ut[\n]"
05:47:42.392 [main] DEBUG org.apache.http.wire -  << "n[0x13][0x96][0xd1]#cc[0xa4][\n]"
05:47:42.392 [main] DEBUG org.apache.http.wire -  << "[0x2]O[0x11]fb[0x88]h[0x3][0x91][B[0xe2][0xf5][0x7]"[0x11][0xd2][0xc2]xP[0x6][0xda]C[0xa5]S[0xcf][0xc8][0xc4][0x8][0x91][0xe8]h[0xe2]#D[0x97][0x80]8[0xe3][0x1][0x0][0x0][0x0][0xff][0xff]"
05:47:42.392 [main] DEBUG org.apache.http.wire -  << "[\r][\n]"
05:47:42.393 [main] DEBUG org.apache.http.wire -  << "427[\r][\n]"
05:47:42.393 [main] DEBUG org.apache.http.wire -  << "[0x2][0x8d]N[0xa2][0xd6]X[0xf8][0xe2][0xc3][0x8]Q[0xc6][0xd2]-[0xc0][0x10][0x85]-[0xdd][0xac]D[0xe4]SjZ[0x89]/[0x1f][0x19]!F[0xe5][0xa8]i%[0xde][0xb8]D[0x94][0x11]4[0xae]/[0x8d][0x10][0xb9][0x98]F[\r]U[0x13]cD[0xe5]A[0xcb][0xf0][0x83]5c-[0xc][0x11]I[0xc4]199[0xb5][0xb8][0x18]2[0x9a][0x8f]>[0x3]P[0x92][0xaf][0x90][0x9a][0x97][0x91][0x98][0x97][0x9c][0xaa][0x90]X[0x0][0x1a]N[0x1]1[0x91]G[0xd0][0x8d]M[0x8c][0x11][0x5]BqjAj[\n]"
05:47:42.393 [main] DEBUG org.apache.http.wire -  << "fA[0x9d][0x98]Y[0x9][0x12][0x84]fV#S[0xe4][0xfe]1[0xbe][0x8]6F[0x94][0x5][0xb4][0xc][0x13][0xa4].[0xb1][0x9][0xa8][0xde][0x80][0x16][0xa8][0xd4][0xf6][0xc][0xfd][0x8b][0x1]cD[0x1c][0x7][0x83]cF[0xc1]'[0xb3][0xb8][0xa4][0x8][0xdc][0x93]B[0xad]J[0xa1][0xd2]9[0x10]i[0x85][0xbc][0xf4][0xd4][0xa4]R[0xd0][0xf8][0x13][0xe9]Q[0x86]([0x6][0xa0]fB[0xad]TpJ[0xcc]I[0xc4][0x9c]U[0x81]*B[0xb5]X!)1/[0x1d]<[0xc6][0x7][0xb5][0xdf][0x94][0xf8]$[0x83]([0x13][0xe8][0x96]d[0x10]-[0x8][0xba]Y[0x89]([0x8f][0xe8]e[0xa5][0x9][0xa2]|[\n]"
05:47:42.393 [main] DEBUG org.apache.http.wire -  << "*-.[0xc9]L[0x86][0xf5][0x17][0x9c][0x12]1g[0xdd]BK[0x14]R[0x8b][0x8a][0xf2][0x8b][0x14][0x8a]R[0x93]K[0x8b][0x13][0xf3]R[0x12]S[0x15][\n]"
05:47:42.393 [main] DEBUG org.apache.http.wire -  << "[0xf2][0x8b][0x8b]3sK[0x8b][0x15]r[0xf3]s@[0xe3][0x9c][0x89][0xa9][\n]"
05:47:42.393 [main] DEBUG org.apache.http.wire -  << "[0xc5][0xa9])[\n]"
05:47:42.393 [main] DEBUG org.apache.http.wire -  << "[0x99][0xb9][0x5][0xa9])[0x99][0xe4]u)[0x90][0xa6][0xff][0x10][0xdd][0x18][0x9f][0xcc][0xbc][0xd4]<[0x5][0xa7][0xfc][0x92][0x92][0x1c],[0xdd][0x98][0xd2][0x12][0x85][0x82][0xd4][0xa2][0xe2][0x82][0xcc][0xe4][0xcc][0xc4][0x92][0xcc]b[0x85][0x94][0xfc][0x9c][0xfc][0xa2]T[0x85][0x94][0xcc][0xe4][0x92]D[0x85][0x82][0xfc][0xa2][0xa2]|[0x85][0xcc][0x82][0xe2][0xd2]\[0x85][0xd4]D[0xb2]z9&[0xf4]/[0xb2]L[0x10]M[0x9a][0xe0][0x9c][0xd4][0xd4]l[0x5]H[0x8][0xb8][0xe7][0xe4][0x97][0xa5][0x82][0xc6][0xbe]Qs[0xba]ZZfrff[0xb1]Br~^qjaibIi[0x91]Bb^fn&<b[0x8a][0x15][0xca][0xf2]sJ[0xb]J[0x12]KR[0x15]RRsR[0xf3]2K2[0xc9][0xb][0xc][0xfa][0x17]y&[0x88]"[0xcf]=[0xbf](=5[0xbf][0xb4]X![0xa8]4))[0xb5]H[0xc1][0x19]<[0xc6][0x81][0x16][0x1a])[0x99]%[0x90]4P[0x9a][0xab][0x90][0x8]J[0x1c][0xe0]$[0x90][0x93][0x98][0x94]_[0x94][0x99]_[0x9c][0x98][0xab]PX[0x9a][0xa9][0x90][0x98][0x93]YX[0x9a][0x99][0xa2]PLn:E[0x14][0x8a][0x88]t[0xea]^[0x94][0x98][0x97]Y[0x92][0xaa][0xe0][0x9c][0x9f][0x8]*iQ[0xdd][0xe5]Z[0x2][0xea]kg&[0x96]([0xe4][0xe7][0xe6]e[0x16]+[0xe4]f[0xe6]e[0xe6]&*[0xe4][0x95][0xe6][0x16][0x96]&[0xe6]*[0x14][0x97][0x16]'g[0x16][0x90][0xeb][0x1a]D[0x11][0x19]\[0x99][0x97]Z[0x94][0x9e][0x9][0xcb][0xce]9[\n]"
05:47:42.393 [main] DEBUG org.apache.http.wire -  << "[0xc1][0x19][0x99]EX][0x93]Z\[0x2]O[0x15][0x99]I[0xa5][0xc5][\n]"
05:47:42.393 [main] DEBUG org.apache.http.wire -  << "[0x5]9[0x89][0xc9][0xa9][0x89]%[\n]"
05:47:42.393 [main] DEBUG org.apache.http.wire -  << "[0xa9][0xe4]e]P[0x81][0xe][0xad]g[0x15]h[0xd4][0x85]4EdE[0xb2][0x9a][0x87][0xc4][0xb6]RL[0x91][0xf2][0x1f]d>[0x1f]s[0x9c][\r][0xde]U%[0xb8][0xd6][0x1]_{[0xc8][0x94][0xfe][0xf9][0xc9][0x14][0x91][0x9f][0xe8]U[0xd3][0x98]"r[0xb][0xdd][0xac]Dd[0x9][0xba]Y[0x89]h5[0x90][0x95]:Q'[0x18][0xf1][0xa6][0x1a]Dc[0x81][0xc6]6[0x99]![0xda][0x8]P[0x9b]0[0x97][0x19][0xe0][0xcb][0x9][0xf8][0xbb][0xf1][0xb0][0xae][0xb][0xe5][0xab]~[0x8c]M[0xcc][0x10]}[0x16][0xa8]Ki[0x95]g[0xcd](,[0x85][0x88][0x8f]g3[0xba][0x95]C[0xd4][0x9d][0x1c][0xc7][0x97]v[0xcd][0x10][0xc5][0xf][0xad][0xe3][0x9]Q[0xea]@m[0x1a][0xb4]i[0x17]QX[0xe1]t)b[0x80][0x1e]_-F[0xd5][0x1c][0x85]Q[0x9e]Q[0x12]~4[0x9c]}3AZp1[0x88][0xc2][0xcf][0x1c][0xa3][0xec][0xa4]U[0x89][0x84][0xb4][0xe8][0xc3]/[0xb1]8S[0xc1]%[0xb1]4O[0xc1]+[0xb5][0xa8][0x14]4[0xc1][0x8a][0xda][0xc][0x5][0xcb][0x97][0xa7][0xe6]%fg+[0x94][0xa4][0xe6]%[0xe6])[0xe4][0x96][0x16][0xe5][0xa6]"[0xcd][0x15][0x1a]Z[0xe2]_[0xe4][0x6]Kb[0x16][0x96][0x88]T[0x9b][0x9c][0x9f]W[0x92][0x9f][0xa1][0x9b][0x8c]XC[0x8a]>[0xea][0xe4][0x96]X[0x9c][0x91][0x99][0x9f][0x97][0x98][0x94][0x93][0x8a]:[0xd6][0x84][0xb4]`[0x4][0xec]6[0x84][0xdb][0xc1]K[0xa7][0x14][0xd2][0xf3][0x8b]R[0xb1][0xac][0x2][0x5][0xab][0xa5][0x92]?[0x10][0xe9][0x9c][0xb0]?0U [0xad]=561[0xa7][[0x89]mN[0xb7]r[0xd4][0x1c][0x11][0xcf][0xd0][0xdc]E[0xb3]tL[0xb7]v[0x8d][0x5][0xdd]Z[0xb][0x16][0x88][0x14][0x11][0xe1][0x94]_[0xa1][0x80]Y[0x86][0xd2][0xbf]d[0xb7]@[0xf4]:p[0xb8][0x89][0xf0][0xd2]Q[0xf4]:[0x1e]V,P[0xa3]-[0x87][0xb4]:pp[0xba][0x8f]n[0xe9][0x14]i[0x9d]2[0x8e][0x90]@[0xa4][0x1e][0xfa][0xb5][0xb5]-[0x11]-[0xe0][0xc1][0xe4]*DN[0xa3]q9[0x85][0xb4]H[0x6][0xfb][0x12][0xa4][0x81][0xcd]>[0x96][0x88][0x86]/v[0xe7][\r]H[0x9a]A[0xd4][0xb2][0xd8][0x1d]5[0xa0]a[0x86][0xbc]0[0x1c][0xbb][0xf3]p[0x85][0x19][\r][0xdb][0xb5][0xc8]k[0xc9]i[0x9b][0xa2][0x91]W|c[0xf7]>=c[0x7][0x0][0x0][0x0][0xff][0xff]"
05:47:42.393 [main] DEBUG org.apache.http.wire -  << "[\r][\n]"
05:47:42.393 [main] DEBUG org.apache.http.wire -  << "5AB[\r][\n]"
05:47:42.393 [main] DEBUG org.apache.http.wire -  << "B[0xdf][0xd2]clj[0x80]h[0xec]`w[0x1e][0xae][0xd8][0xa1]a-ej[0x80][0xc8]f[0xb4][0x8e][0x1d][0xca][0xf3][0xe]-[0x93])[0xd2]*[0xa9][0xc1][0x13];[0x86][0x88][0x16][0x1e]vG[\r]l[0x8a]6DTV[0xd8][0x9d]7[0x10])[0xda][0x10][0xd1].[0xa4]q[0x8a]FZ[0xab]@k[0x9b][0xe8][0x96]K[\r][0xe9][0xd5]O2EZ[0xe1]F[0xe3][0xd0]CZ[0x8d]Fk[0x9b][0x10]mJZ[0xdb]D[0xb7]Tn[0x84][0xa8][0xb6]h[0xed]'[0xba][0xa5]r#[0xba][0xa5]r#D[0xad]G[0xeb][0xd0][0xa3]W[0xce][0x14]iM[0x18][0x8d][0xfd][0x84][0xb4][0x86][0x8b][0xd6]6!r.[0xf6][0xaa]l`kZcDv[0xc7][0xee][0xbc][0x81][0xa8]i[0x91][0xd7]q[0xd1]t[0x86][0xd9][0xd4][0x98]n%[0x83]1[0xa2]d[0xf0][0x8]Pp[0x6]-[0xc2][0xc9][0xc4][0xb2]A%'[0xb5][0xa0]$[0xbf]@[0x1]c[0x7][0x90]%[0x8] -[0xf1]Fo[0xba]#[0xad][0xe9]35[0xa6]j[0xd1][0x80][0xbe][0xe1][0x1e][0xd9]&[0xa4]ER[0x3][0xb1][0xa1][\n]"
05:47:42.394 [main] DEBUG org.apache.http.wire -  << "y4[0x8d]j[0xf6][0xe3][0x9b]@B[0xf1];"c[0x13][0xb2][0x1b][0x91][0x87]@[0xbb][0xe5][0x88][0x8c]E[0xa4]eN[0x84][0xcc]'z[0x9f],[0xc8]z[0xa2][0xfd][0x87]([0x19][0xa8]j?[0xb1][0xde]G[0xe4]L[0xaa]ZO[0xb4][0xf7][0x11][0x99][0x88]f[0xf6][0xa3]w;Q[0x92][0x17][0xa2][0xd6][0xa5][0x99][0xfd][0xf8][\n]"
05:47:42.394 [main] DEBUG org.apache.http.wire -  << "[0x11][0xa4][0x5]K[0x3]c?[0xa2][0x87]J3[0xfb][0xd1][0xcf]YA[0xe][0xa4][0xd5]T4[0xb3][0x1f]o[0xf8]#[0xba][0xc0][0x3]c?[0x8d][0xb2]?[0xb1][0xf9][0xf]i![0xd6][0xc0][0xf8][0x1f]Q[0xfe][0xc0]Z[0x88][0xa6][0xa6]4[0x9a][0xda]35E4[0xe][0xa8][0xbb][\n]"
05:47:42.394 [main] DEBUG org.apache.http.wire -  << "[0xdf][0xd4][0x14]Q[0x8c]y[0xe6][0x95][0xa4][0xe6][0xe4]d[0xa6][0xa7][0xe6][0x95]([0x4][0x97][0xa4][0xa6][0x82]V?[0xe6]cY1[0xeb][0x99][0x2]:O[0xa2]8S!/[0xb1][0xa4][0xb4][0x18][0xb4] [0x14]D$[0x16][0x93][0xb5]&[0xd6][0xd4][0x14]Q[0x8e][0xc1][0xc2][0x91]6[0xeb][0x1f]M1Wc[0xd1]*[0xba][0xe8][0xb6][0x9a][0xca][0x94]n[0xab][0xa9]L[0xe9][0xb6][0xc6][0x9][0xbc][0x97][0x1d][0xba][0x14][0x96][0xd6])[0x2][0x91][0xf8]][0xf3][0xf2][0x8b]rA[0x8b][0xa3][0x3]r[0x12][0xc1][0xcb][0x9d]3[0x12]3A[0xeb]:P[0x17][0x80][0x84]A[0x16][0x82][0x83]N[0x1d])IU[0xc8][0xcb][0xcf][0x3][0x9d];R[0x96][0x99][0x2][0xca]3[0xa9][0xc5]d-[0xfd]5EZ[0xe3]RZ[0x4]Z[0xe3][0x1][0xda]J[0x90][0xa3][0x80][0xdd][0x5][0xc1][0xd0][0xa5][0xce][\n]"
05:47:42.394 [main] DEBUG org.apache.http.wire -  << "[0x85][0xa5][0xf9][\n]"
05:47:42.394 [main] DEBUG org.apache.http.wire -  << "H[0xeb][0xb2]3[0xf3][0xc8]Y[0x92]nJ[0xb7]e6[0xa6]H[0xcb]lh[0x1c][0xad]t[FbJ[0xb7]e$[0xa6]t[Fb[0x8a]t[0x8][0x9][0x8d][0xe3][0x9][0xe9][0xb8][0x91][0x80]`[0x13][0xcc]R[0xbf][0xd8]D!)[0xb1][0xa8][0x14][0xd1];2[0xc6][0xbf][0xb6][\n]"
05:47:42.394 [main] DEBUG org.apache.http.wire -  << "[0xb9]yF[0xb7]%*[0xa6]H[0x87][0x96][0xd0]:[0xbc][0x10]M>Z[0xdb][0x84]h[0xdc][0xd1][0xda]&[0xba][\r][0xf2]Z`6[0xd8]0[0x93][0x1c][0xd1]G0[0xe2]k[0x9a][ Zk[0xb4][0xe]=D[0x5]Fk[0x9b][0xe8][0xd6]L[0xb3][0xa4][0xd7][0xc2]OS[0xa4][0xe5]A4[0xe]=[0xa4]%?[0xb4][0xb6][0x89]ne[0x84]%[0xa2][0x8c][0xa0]z[0xe9]mI[0xb7]R[0x1]i[0xb5][0xf][0xad]c[0x86]^y[0xd5][0xc][0xe9][0xa4][0x1e][0xd7][0xa2][0xf4][0xfc][0xbc][0xfc][0xdc][0xcc]d[0x5][0xc7][0x9c][0xd2][0xdc][0xcc][0xbc][0xd2]\[0xac][0xdb][0xfe][0x1c]KK[0x14][0x92]R[0x13]K[0x12]S[0xe1][0x9b][0xda]Rs[0x15]r[0x13]+2sS[0x15][0xf2]Rs[0xf3][0x15]2srJsA[0x1b][0xfe][0xc0]}?r[0x9a][0x9a]f[0x6][0xf4]*[0x16][0xcd][0xc][0xe8]UX[0x99][\r][0xee]u[0x12]f[0x83]q[0x9d][0x84][0x19][0xbd][0xd6]I[0x98][0x98] U%[0xb4]:[0x89][0x93]^)[0xcd][0x14]i[0xbf][0x0][0xad][0xb]*z[0xf9][0xc9][0xc][0xe9],V[0xda][0xfa][0xc9][0xcc][0x0]QY[0xd1][0xda]&zU]f[0x86][0xf4]j[0xd0][0x9a]![0xad][0x98][0xc1]>[0x9]<[0xa0]s[0xd4]fH[0xcb]l[0xb0];[0xf][0xd1][0x83][0xa4][0xdb]*o3[0xa4]c[0xa1]h[0x9c][0xe2][0x90][0x8e]p[\n]"
05:47:42.394 [main] DEBUG org.apache.http.wire -  << "[0x8]64[0xa0][0xa0]S[0x83]~[0x9e][0x11]|W[0x2]R5[0x7]9<[0x1e][0xc3][0x92]4[0xfc][0xe7][0xca][0x1b][0x9b][0x19][0xd1]-[0x7]"[0x9d][0xbc][0x94][0x9d]Y[0x90]X[0xac][0x90][0x98][0x97][0x8e][0xe5]d[0xf2][0xdc][0xd4][0xbc][0xf4][0xd4][0x9c][0xd2][0xc4][0xa2][0xec][0xc4]<[0x88][0x12][0x85][0xe2][0xc4][0xbc][0xf4][0xc4][0x12][0x85][0xec][0xd4][0xbc][0xe4]D[0xf0][0xae])[0xe8]q+[0xf8][0xf][0xf5][0x83][0x87][0x12][0xd2][0xf1][0x1b][0xe4][0x9d][0xbe]ol[0x86][0xb4]>[0x8]~\[0x83]SQ~^U*[0x8e][0xe1]@[0xc8]9[0x84]E[0xa9][0x5][0xa9]99[0xa9]y)[0xa5][0xc5][\n]"
05:47:42.394 [main] DEBUG org.apache.http.wire -  << "[0x89][0xc9][0xa0]#F@[0x7][0x8b][0x14][0x96][0x92]5$o[0x86][0xb4]t[0xc8]75%3?[0xb9]([0x15]4"[0x9]:[0xc][0x11][0xc7]![0x1a][0x8e]`;[0xf3]J2A[0x7][0x85][0x94]([0xe4][0x83][0xcf][0xd4]HT(K[0xcd][0xc9],Q[0xc8][0xcb]O[0xca],&[0xab][0xc5][0x88]t[0xcc][0xd4][0x90][0x8b]I[0xa4][0xb5]JC[0xcf][0xed][0x88][0xb9][0xd5][0xa1][0xe7]v[0xc4][0xb2][0x8b][0xa1][0xe7]vzu[0xde][0xcd][0x90][0x96]uy[0xe6]%[0x17][0xa5][0xa6]d&[0xe5][0xa4]*[0xc0]J[0x9a][0x9c][0xfc]d[0xcc][0xbd][0xaf][0xae][0x89][0xf0]cV[0x14]R[0xf3]2![0x9d][0xc1]bP[0xfe]N-N[0xce],[0xcd]+QH)M[0x6][0x1f]h[0x4]9C([0x97][0xac],O[0xb7][0xa5]]fH[0xb][0xae]h\A[0x1b][0xd3][0xad]A[0x8d][0xb4]&[0x88][0xc6]~2[0xa1][3[0xd7][0x4][0xd1][0xcc][0xa5]I[0x86][0xc6][0xd9][0xe8][0xa1]BunB[0xf9][0x90][0x7][0xf2]-:x[0x6][0x9d][0xcd]L[0xe8]6[0xbc][0x84][0xb4][0xf2][0x87][0xc6][0x89][0xcc][0x14]Q[0xf][0xd1][0xda]&[0xba][0x95][0xbc]H[0xeb]Vh[0xed]'[0xca][0x13][0x1f]qk[0xf1][0xcc][0xe8][0xb6][0x86][0xc3][0x8c]n++[0xcc][0xe8]vz[0x8c][0x19][0xdd][0xce]t1[0x3][0xdd][0x12]@[0x97][0x95][0x15]fHk[0x1a]h[0x9c][0xca][0xe9][0xb6][0xac][0xc0][0xc]iY[0x81]G[0x81]BXfY[0xbe]B[0xa4][0x91][0x11]FO87573'3;S[0xa1][0xb8] [0xb5]83-3[0x1b]t[0xa6]Heb^[0xba]Bb[0x1][0xf8][0xa4]Qh[0xa7][0xd2][0x18]t/[0xc][0xca]i[0xf1][0xe8]5[0x11][0xd2]|[0xb6][0x99]9)[0xdd]g,[0xe7][0xe3][0xc9][0xc9][0xd4][0xeb][0xbf][0x9a][0x98] [0xdd][0xaf][0x0][0x8d]wc[0x8c][0x0][0xc2]w[0xe2][0x15][0xb1][0xa7];[0x99][0x98]X[0x92][0x12] [0x14][0x9c]2gb[0x82]4ED[0xa3]Qd[0xa4]-[0xa0]![0x89][0x19][0xa5][\n]"
05:47:42.394 [main] DEBUG org.apache.http.wire -  << "I[0xa5]9X[0xce]@[0xc4][0x17]n[0xc4][0xad][0x9a]41E[0x1a][0xc8]![0xd3]&[0xa2]c[0xc8][0x14]i[0x9c][0x9f][0xf6]v![0x1a][0x89][0xd0]tG[0x9b][0xb5]}&[0xa6][0xf4][0xda][0xa7]hB[0xb7][0xe9]i[0x13]SzMO[0x9b][0x98]b[0x96][0xf][0xb4][0x8a]'[0xba][0x95][0xf][0xa6][0xf4][0x9a][0xac]61E*[0x89]p[0xa7]r[0x0][0x0][0x0][0x0][0xff][0xff]"
05:47:42.394 [main] DEBUG org.apache.http.wire -  << "[\r][\n]"
05:47:42.395 [main] DEBUG org.apache.http.wire -  << "D26[\r][\n]"
05:47:42.395 [main] DEBUG org.apache.http.wire -  << "[0xa2][0xc2][0x12][0x16][0x13][0xfa][0xcd]6[0x99]!-[0xa1][0xb][0x80]\[0xf3][0xa6][0xe0]X[0x9a][0x93][0x99][0xa8][0x80]Yqd[0xe6]e[0x82][0x96][[0x82][0xae][0x82]SH[0x84][0xab][0x81]V[0xa7][0xc4][0x95][0x80][0xc6]f[0xe6]t*)[0x8c][0xcd][0xcc][0x11]=2[0xec][0xd3][0x12][0x3];k[0x82][0xb4][0xfa][0xe][0xbb][0xf3]p[0xcd][0x9a][0xa0][0xef]J[0xa1]^[0xfb][0xc1][0xd8][0xc]i[0xd9][0x1e]vG[\r]p[0x98]![0xba][0x89][0xd8][0x9d][0x87]+[0xcc][0xd0]{[0xee]T[\r]3DK[0x8][0x9c][0x83][0xb2][0x15][0xdc]3Ss0[0x9a]]![0xa0]C[0xc6][0xf3][0xd2]A[0x17]$f[0x17]e[0x16][0x14]g"[0xdc]J[0xfc][0xde]A3[0xb][0xc4][0xb8][0xf][0x92]e[\n]"
05:47:42.395 [main] DEBUG org.apache.http.wire -  << "[0xd9][0xa9][0xba][0x98]-a*[0xd9][0x88][0xc8][0xb0]h6b[0x96][0x10]T[0xb2][0x11][0xd1]q[0xa6][0xcf]MWfH[0x17][0xa0][0x81][0xfd][0x98]\B[0xdb]B[0x10]ia[0x4][0x9d]|H[0xaf]&[0x86][0xb1][0x19][0xbd]*~c3zU[0xc7][0xc6]f[0x96][0x88][0xaa][0x84][0xa6][0x15][0xbf][0xb1]9[0xa8]CJ[0x97]![0x2]s[0xa4]kri[0xed]'D[0x9]Bk[0x9b][0xe8][0x16]OH]F[0x1a][0xfb][0xc9][0x10]1[0xa1][0xe6][0x19][0xe0][0xe1][0xef][0xe7][0xaa]`h[0xaa][0x10][0x10][0xe4][0x8f]Q[0xc1]x[0xb8][0xfa][0xb9][0x7][0xf8][0xfb]![0xaa][0x15][0x13][0xd0]H11w[0xe1][0x99]#[0xad]S[0xa3][0xb5]o[0x10][0xf5][0x17][0xed]|C[0xb7][0xf4][0x86][0xb4]0[0x87][0xc6][0xe1][0x86][0xb4][0xc6][0x86][0xd6]6![0xd2][0x1b][0xad]mB4[0x9c]hm[0x13]R[0x8b]"1[0xaf][0x4][0xb2][0xc3][0xcc]7[0xb1][0x8]4[0xe9][0xea][0x93][0x98][0x8b]y[\r][0x90]k[0x89]BFf2h[0xd5]m>[0xd2]4*h[0xf4][0x9b][0xa8][0xfc][0x84][0xb4][0x82]#)[0xb1]85[0xa5](-[0xb3][0x2]#[0xbf][0x82]eR[0xd3][0x12]KsJR@;[0xdd][0xa0][0x1d])3K[0xd0][0xe0]-q[0xd6][0xd0]kb[0xd3][0x1c][0xe9][0xe6]+[0xda][0x8c][0xbd][0xa2]7[0xd0][0x91][0xc6]^[0xcd][0x91][0xee][0xc0][0xa2]q:[0xa1][0xdb]q#[0xe6]t[0x9b][0xfd]6[0xa7][0xee]i#[0xf8][0xe2][0x9]i[0xc2][0x96][0xc6][0xf1]dB[0xb7][0x92][0x83][\n]"
05:47:42.395 [main] DEBUG org.apache.http.wire -  << "3[0xc8]x[0x86][0xfe][0x91]S[0xb9][0x9]"3[0xd3][0xac]f[0x4]5[0x8][0xa0][0xad]K[0xfa]gc[0xa4][0xd9][0xe4][0x1][0xb0][0x9c]n[0xb5][0x1a][0xd2][0xa5]84[0xce][0x5]H[0x17][0xd3][0xc]@[0x80]"[0xaa][0xd4][0x1][0xb0][0x1c][0xd1][0xce][0x1f][0x0][0xcb][0x11][0x19][0x95][0xfe][0x96]#[0x1d][0xa2]0[0x0][0x96]#[0xd6][0x83][0xc][0x80][0xe5][0x88][0x1c]L[0x8f]1[0x1a]s[0xba]-@0[0xa7][0xdb][0xd1][0xe][0xe6]H[0xb][0x10][0xb0][0x8f][0x9f][0xe][0xe8][0xf0][0xae]9[0xa8][0xe1][0xb][0xad][0x9e][0xb0];[0xf][0xa9]ok[0x89]oa[0x16][0x15][0x87]w[0xcd][0xe9]vB[0x83]9[0xd2]R[\n]"
05:47:42.395 [main] DEBUG org.apache.http.wire -  << "[0xec][0xde][0x1f][0xd8][0xd8]AZ[0x81][0xdd]y[0x3][0x12];[0x88][0x96][0xe0] r[0x14]b[0x0][0x2][0xbb][0xa3][0x6]8"[0x11][0xb5]'v[0xe7][\r]HD"j[0xd5][0xc1][0xe3][0xa8][0xc1]=[0x1d]f[0x8e]r;[0x8b][0x4][0xbe][0xcb]Y[0xe8][0xb6][0xf1][0xca][0x1c][0xe9]z[0x16][0x97][0xd2][0xec][0xd2]<[0x8c]q[0xf]D[0xea]2#[0xfa]<[0x11]s[0xa4][0xd3]#[0xb0]'[0x8f][0x81][0xcd]R(w[0xbe][0xc][0x9a][0x98] [0x94][0xa5][0x6]6[0xcc][0x90][0x8e][0xc0][0x1e][0xa5][0x88][0x84]B[0xbf][0xd4]kIh[0x86]y[0x80][0xc3][0xc]1|>[0x88][0xc2]lpWwH[0x93]w[0x83]([0xcc][0x6]u[0xde][0xb4]@:[0xc2]b[0xd0][0x84][0x99][0x5][0xd2]vu[0x9a][0xec]DA[0x1f][0xdb][0xa4]b/[0xc2][0x2]i[0xb6]u[0xe8][0xb9][0x9d]P[0x1b]{@[0xcb]D[0xb][0xa4][0x9b]l[0x6]QZE[0xc][0x8f][0xd1]v[0x14][0xd0][0x2][0xe9][0xb0][0x15][0xba][0xf][0xca]X M[0x83]c[0xf][0xfb][0x81]M[0x1a]Hs[0xe7][0xd8][0x9d]7[0x0]M[0xc][0xb][0xa4][0xc9][0xf6]!W[0x14] [0xad])[0xc7][0x1e][0xa0][0x3][0x1c][0xdf][0x84]Z"[0x3][0x12][0xdf]t+[\n]"
05:47:42.395 [main] DEBUG org.apache.http.wire -  << "[0x90][0x96]#[0xc][0xbd][0x94][0x85]h[0x10][0x81][0xb]L[0xc7][0xa2][0xcc][0xf4][0xc4][0xfc][0x12][0xd0][0xe9][0x93][0xa8]G[0xc0]Rc[0x81][0xb5][0xb1][0x5][0xd2]z[0x8a]![0x17]THG[0x9b][0xd0]g[0xf5][0xa0][0x5][0xd2][0x11]'[0xe0][0xc8][0x9][0x8][0xa6][0xcd][0xb6][0x1]c[0xb][0xa4]cJ[0xe8][0xe5]7D[0x99]Ak[0xbf][0xd1][0xad] @:[0xb8][0x83][0xc6]~B:f[0x83][0xd6]6!&[0x9f][0x86]\[0x8e][0xa5][0xdb][0x9][0x4][0x16]H[0xbb][0xf5]q[0xc6][0x7][0xa2][0x12]$v3[0x99][0xb1][0x5][0xd2]:[0x8][0x5][0x8c][0x11]=[0xea][0x14][0xc9]H[0xb] p:[0x9d]:6!-[0x83][0x18]rI[0x9]i[0x15][0x5][0xad]C[0x9]1[0xe1]Jk[0x9b][0x10][0x83]n[0xb4][0xb6][0x9][0xd1][0x95][0xa5][0xb5]M[0x88][0x91]:Z[0xdb]D[0xb7][\n]"
05:47:42.395 [main] DEBUG org.apache.http.wire -  << "[0xc][0xe9][0x1a][0xc]Z[0xfb][0x9][0xd1][0x1a][0x1c]r9[0x14]i[0x89][0xc6][0xd0]s[0xfb][0x10][0xae]d[0x91][0xee][0xe2][0x18]z[0xe1][0x8e]([0x1][0x87][0x9e][0xdb][0x11][0xe5]Of^J~nf*F[0x3]!1[0xbb]T[0xa1][0xb8]4;Q[0x1][0xa1][0x0][0xba][0xda][0xd9][0x88][0xe8])@[0xb][0xa4][0xc5]+[0xd0][0xd2][0x7]s[0xc2][0x13]_[0xfb][0x80]n[0x93]H[0x16]f[0x88][0x9]v[0x9c].E4[0xc2][0xf0][0xed][0x9c][0xa5][0xe6][0x10][0xb4]9z}^lZ[0x8c][0x11]S[0xf0][0x0]D?[0xc3][0xc2][0xcc][0xcc][0x8c][0xb8][0x85][0xac][0x16]HS[0xb5][0x88][0xe8]F[0xed][0xc3]S%= [0x1d][0xf3]O[{[0x10][0xb1]I[{[0x10]u[0x1e]M[0xed]A[0x9a]w[0xa5][0xad]=[0x88][0xf4]F[{[0x90][0xba][0xd5][0x95]y[0xa9]E[0xe9][0x99][0xe0][0xb][0x84] Wha[0xbf][0xc4][0xc7][0xb3]([0x1f][0xb4].[0x1]V[0x6]Y[0x82]v[0xd5][0x12][0xb3][0xe3][0xc2][0x12]i{[0x1e][0xe2]hw[0x90]i[\n]"
05:47:42.395 [main] DEBUG org.apache.http.wire -  << "N[0xf9]%%9[0x98]%[0x9f]s>[0xe8]x[0xbf][0x12][0x90][0x4][0xd4]6ssPF$[0xce]6Dm[0x1c][0x9c][0x93][0x9a][0x9a][0xad][0xe0]^[0x94][0x98][0x97]Y[0x92][0xaa][0x10][0x9e][0x98][0x93][0x93]Z[0x82][0x91]yag[0xcc]#[0xca][0x16][0x13][0x3][0xd0]6s[0xe2],C[0x4][0xe3][0x10][0xab][0x82]LL[0xe9]u[0xbc][0xb4][0x89][0xa9][0x1][0xa2]0[0xa0][0xf9][0xa1]*H3;x[0xec]BD6[0xb1][0xbd]y[0x13]S[0xa4]y[0x11]<&[0xc3][0xeb][0x2]J[0x8e][0xef]15D[0x14]k[0xd0][0xca][0x90]6c[0x87]&[0xa6]H[0xe3][0xa2][0xd8]''[0x10]AE[0xaf][0xb6][0x80][0x89])[0xbd][0x86]NML[0xe9]u_[0xbb][0x89])[0xd2])[0xc9]4[0x8d]Rc[0xb][0xa4]}g[0xb4][0xb6][0x89]n#[0x3]H[0x1b][0xb2][0x1c]S[0x8b][0xf2]S*[0xf3][0x12]A[0x17][0x84][0xc0].[0xbe][0xb][0x1][0xdd]@[0x87]Q[0xb4][0xbb]V[0x14][0xa4][0xa6]d[0x96]$*[0x94][0x96][0x80][0x8e]uVH[0xce]/*[0xc8]/"[0xef]\g[0xb][0xa4]k[0xa1][0x83][0x91]jL[0x9f][0xcc][0xbc][0xd4]<[0x5][0xa7][0xc4]tL[0xdb][0x8b]K[0x14]R[0x8b][0x8a][0xf2][0x8b][0x14][0xf2]232s@.[0xc8],Q([0xce][0xcc]+Q(J-*[0xcd]U([0xcd][0xc9]I$[0xeb][0xc0]Y[0xb][0xba]m[0x1a][0xb3]0A[0xb4]Gh[0x9c][0x96][0xe8]v[0xc][0xac][0x5][0xdd]6[0xc2]Y[0xd0][0xed][0xc0]Y[0xb][0xa4]+Q[0x87]XC[0xc4][0xd8][0x2]i[0x7][0x3]4[0x8d][\r][0xd6]>*[0xe6][0xb6][0x6]L[0x97]"[0xea]K[0xba][0xf5]Q[0x91]Z[0xbc][0xf9]y[0x95][\n]"
05:47:42.395 [main] DEBUG org.apache.http.wire -  << "[0xb4][0x9b]h[0xc4]<[0xd0][0x11][0xd3][0xff][0xf8][0x1a]@[0xf4]jA[0x18][ [0x9d][0xd0][0x85]3M[\r]@L!F}p[0xba]j[0x90][0x84][0x1f][0xa2]c[0x83][0xd3][0xa5][0x3][0x10]~[0x88][0x8e][0x4][0xf6][0xc6][0xea][0xc0][0xae][0xa4][0x1]u[0x1b][0x7][0xdb]V,[0xb][0xa4][0xed][0x18]4[0x1d]Q[0xc0][0xbc]Rt[0xb0][0x96][\r]H;@[0x6]Q[0xda][0xb6][0xc0]hK[0xf][0xda][0xf0][0xc3][0x98][0xa5][0xc3]t)[0xfd][0xcb][0x6][0xa4]#[0xb4]h[0x9a][0xce][0x91][0xf][0xd0][0x2][0x8f]/[0xc1][0x6][0x90][0x14][0xc2][0x13]K[0x92]30[0xba][0x1]>[0xa9][0x89]%[0x19][0xa9]Hg[0x95]X[0x18][0x81][0xf6][0xa0][0x13]3[0xbc]d[0x81][0xb4][\n]"
05:47:42.395 [main] DEBUG org.apache.http.wire -  << "[0x1f]2[0x96][0x15][0x9e][0x9f][0x9f]C[0xfc]@[0x96][0x91][0x11][0xa8]D"[0xce]&[0xa4][0x1][0x7][0xa4][0xde]MpfN[0xb6][0x82]3[0xd6][0xab]5 [0xf7]n [0xe2][0xd9][0xc8][0x8]4[0x86]M[0x8c]e[0x96]Hk[0xd2][0xdd][0xe0]'[0xcb]@[0xcc]Sp[0xce][0xc7]r[0x8a]pp~NiI[0xa2]Bj[0x89]BriA&[0xa8]KW[0x92][0x8a]t[0xc4][0xc][0xfe][0xab][0x8e][0x90][0xce][0x8b][0xb0]D[0x1e][0xf3]B[0xf2][0xa6]s~AAj[0x91][0x82]w^f[0x1a]h[0xd0][0x11]u[0xdc][0x1d][0xe2]0[0x84]G-,A[0x1d]l[0xe2]<[0x8a][0xc8])C[0xad]Un[0x89][0xb4]B[0x1c][0x92][0xf6][0xa0]G[0xff][0x4]$[0xe6][0x95]`N[0x81][0x4][0x95]&%!'rS3[0xd0][0xe5][0xdf][0xc4][0x5][0x12][0xa2]R[0x87]X[0x4][0xcf]P[0xd8][0xad][0x82][0xf6][0xf9][0x11][0x11]biajD[0xdc]4[0x8b]%[0xd2][0xe8] [0xf2]0[0x2][0xdc]F[0xef][0xd4][0xca][0xa4][0xfc][0xc4][0xa2][0x14][0xc2][0xb9][0xd8][0xc]|[0xfe][0x17]Q[0x1e]DZ[0xef]=[0xe4]R[0x1][0xd2][0xd9][0xdb][0xc1][0xb9][0x89]99HW[0xb2]b-[0x15][0xb0]D[0xe](![0x11][0x17]N[0x88][0xb1][0x6][0xcf][0xbc][0x92][0xd4][0x9c][0x9c][0xcc][0xf4][0xd4][0xbc][0x12][0x5][0xc8][0x8][0xb][0xf6][0xb4][0x0][0x9e][0xaf]@[0xa4][0x4]s[0xb]CS"S[0x2][0xd2][0x82]r[0x8f][0xd4][0xc4][0xb2]J[0x5][0x97][0xd2][0x92]J[0x84][0xef]p&[0x4][0xd0][0xbc][0x5][0xb2][0x85][0xa0][0xa1][0x18][0xe2]|[0x87][0xa8][0xdf][0xe1][0x17][0x94]9[0xe7][0x97][0x94][0xe4][0xe7][0xe1]*[0xd0]![0x19][0xe]a[0x99][0x89]%h [0x9d]8[0xcb][0x10][0x5][0xf][0xf2]`[0x15][0xc8][0xf1][\n]"
05:47:42.395 [main] DEBUG org.apache.http.wire -  << "N[0xa9]yX[0xaa])[0xcc]R[0xe]ty'q[0x96]!z5[0x1]E[0x89][0xc9]%[0x99][0xc9][0x89]9[0xb0]k[0x99]<[0xb0][0x94][0xe6][0xd0][0x9][0x19][0x84][0xc7]L[0x8d]A+[0x8b][0x89][0xb3][0xb][0xa9]_[0x2]N[0x8f][0x1][0x89][0xa0][0x92][0x1b]{[0xd5][0x8b][0x1e][0x80]F[0xc6][0xa0][0x95][0xb2][0xc4][0xd9][0x83]([0x94][0x82]J[0xc1]Sc[0xd0]:[0x2]k[0xfd][0x4][0x91]Cx[0xc8][0xd2][0x94]x[0x8b][0x10][0x15]/r[0x89][0x4])O[0x15][0xb0][0x5][0x1f]D[\n]"
05:47:42.395 [main] DEBUG org.apache.http.wire -  << "a[0x99][0x91][0x9][0xe8][0xd0]f[0xa2]|[0x5][\n]"
05:47:42.395 [main] DEBUG org.apache.http.wire -  << "fh[0x7][0x5][0xe9][0x6]-H[0x6][0xc3]^[0xcb][0xa3][0x7][0xa1][0x99]1([0xe3][0x10]g[0x19]";[0xfb]d[0xa6]g[0x94][0x94][0xa7][0x82]H[0x5][0x88][0x89]X}[0x16][0x9e][0x9f][0x9f][0x92][0x8a]4[0xc7]hj[0x9]Z)K[0x9c]e[0x88][0xdc]5[0xe4][0xca]X[0xe4]9[0x8]p[0x9a][0x86][0xcd]*`/[0xf4]0[0xca]X3[0xb]Sc"[0x8b]=[0xa4]{&[0xe1][0xa5][0x10]$[0xb]aKj[0x18]mW#[0xf0][0xc1][0xf1][0xc4][0xc5][0x8]"[0xa7][0xba][0xe6][0xe5][0x17][0xe5][0xe6][0x97][0x16]#[0x8a]W[0xec][0x1e]C[0xcf]FF[0x16][0xa0]3[0x89][0xb3][\r][0x91]_[0x91][0xb3][0x11]n[0xaf][0x81]Z[0xb6][0x88]<D[0xfc][0xf9][0x81][0x96]H[0xcb][0xc4][0x1d][0xcb]S[0x8b][0xf3]sS[0x15][0xa0][0xc5]xpFf[0x11][0xe6][0xfc]2Z[0x15]eaI[0xec][0x81][0x88][0xe0][0xc4][0xf][0xcd][0xad][0x88]ysx[0xda][0xc0]Q[0x10][0x81]*[0x14][0x84][0xbf],,@[0xb]>[0x88][\n]"
05:47:42.395 [main] DEBUG org.apache.http.wire -  << "Ac[0xc4]("[0xc2]6hQ[0xad][0x10][0x90][0x93][0x8][0x9e][0x8e]Gm[0x19][0x83][0xaa][0x13][0x84]][0xc6][0xc6][0xa0]}[0xe0][0xc4][0xd9][0x85]([0x1a][0xa0][0xa5]+$[0xeb][0xe3][0xb0][0x7]#[0xc1][0x9b][0x1b][0x82]F[0x1b][0x88][0xb3][\n]"
05:47:42.396 [main] DEBUG org.apache.http.wire -  << "[0xb1]H[0xc][0x9e][0xc][0xa1][0xc9]Z[0x1][0xeb])[0x96]P/#[0xfc]eaHtS[0x16][0xe9]"@[0x97][0xd2]"[0xd0][0x9c][0x14]"[0xc9]c[0xaf]vA[0x1d]:[0x84]Uf[0xc4][0xaf]<@:[0xb]q[0xc8][0x15]xH[0x93]y[0xc8]5[0x3]<i[0xe3][0xb8][0xb0][0x15]5[0xb9][0x99][0x9a][0x80][0xe6][0xa6][0x88]K[0x3][0x88]:[0x16][0xd9]>x[0xab][0x1f][[0xd1][0x87][0x1a]1[0xa6][0x86][0xa0][0xd3][0xce][0x89][0xb2][0xc]i[0x9e][0x10][0xd9]2h[0x2][0xc7][0xbe][0xb4][0x6][0xbd]J71[0x4][0x9d][0x8d]A[0x9c]u[0x88]l[0x8b]T[0xa5][0x83][0xb][0x1d][0x1c][0xb7][0xef][0x82][0xe5][0x10]i[0xce][0xc8][0x18]tT(qv![0xb2]-[0x92]][0xd0][\n]"
05:47:42.396 [main] DEBUG org.apache.http.wire -  << "[0x1d]{[0xfb][0x1][0x16][0xa7][0x8][0xfb][0x8c][0xc1][0x87][0x84][0x11]g[0x1f]R[0xde]-J[0xcf][0xcf][0xcb][0x7]M[0xf9][0xc2][0xb][0xdb][0xfc]T[0xcc]n(j[0xa9]nn[0x8][0xba][0xe6][0x84]8[0xab][0x10][0xed][0x7][0xe4][0x6]34[0xd6]p$[0x10][0x94][0xc6][0x8a][0x99]%[0xd1][0xe9][0x11]iZ[0x10]~a2[0xa4][0xa6][0xc2][0xde][0x8e]E[0x8f]1[0x13][0xd0][0x8]&q[0xde]B4[0xcd]![0xdd]7h[0xe9][0x86][0xa3][0xa0][0x85][0xca]""[0xcb][0xd2][0x14]t[0xa2][0x1b]qV![0xea]{[0x8c]A[0x1d]l[0xe1][0x7]nu"l23 zT[0x5]y[0xcf][0xb]x[0x4][0xe][0xd2]n [0xd6]O[0xc6][0xa6][0xa0][0x93][0x86][0x89][0xf2][0x13][0xd2][0xbe][0x91]!W[0xc8][0x82][0xc6]D[0xa0][0xad][0x7][0xe8](7m[0x96][0x10][0x19][[0x82][0x1a][0x9f]P[0x9b][0x90]K<h[0xad][0xad][0x80][0xa3]4[0x87]D[0x1a]"[0x1][0x98][0x9a][0x80][0x6][0xe7][0x88][0x8b][0x16]DfEt8a[0x95]:[0xf6]r[0x8]#e[0x9b][0x98][0x82][0xb6][0x1c][0x10]g[0x1d][0xa2]3[0x8d]4T[0x0][0xaa][0x8d]p[0x8c][0x18]B}[0x8e][0xf0][0x9b][0x91]![0xb1][0xb][0x81]-Ac[0xc3]X[0x2][0x13]\[0x4][0xe0][0xe8][0xf][0xa0][0x16]zFfD7[0xc3][0x90][0xb6][0xa6]@[0x9b]a[0xf0]*18[0x3]k[0xf1]Z[0x92][\n]"
05:47:42.396 [main] DEBUG org.apache.http.wire -  << "[0xbe][0xa4][0x5][0xba]*[0xd3][0xd2][0x14]4[0xb4]E\[0x18]"[0xda][0xe7]P[0xab] [0xf1][0x8f]cp[0x19][0xec]]D[0xf8][0x99][0x18][0x82]f[0xb1][0x88][0xb3][0x8]{][0xf][0x8e]-[0xec][0x95]/[0xb8][0xe4]E[0xb2][0x8b][0xf8]f,([0x5]A[0xe3][\n]"
05:47:42.396 [main] DEBUG org.apache.http.wire -  << "[0xde][0x99][0x82]z[0xb]{[0x7][0x7]#aX[0x18][0x81][0xee][0x18]![0xca]c[0xa0]n[0x3][0xd4]2[0xe4][0xd1]1P;[0x5]G2D+a-[\r]A[0x1d]M[0xe2][0xec]BT[0xf4](9[0x1a]:[0xd6][0x82]u[0x1d]-Z[0x94][0x99][0x9b][0x13][0xef]3DvF[0xca]_[0xd0]f[0x5][0xf6]f3[0x9a][0xd7]Hh[0x9e][0x81]2"4[0x18][0x87]\[0x91][0x8e][0xb9][0x99][0x83]VE:[0xe6]f[0xc][0x9a][0xd9][0x84][0xc8][0xaf]4[0xae][0xa6][0x90][0x16][0xef][0xd0]r[0x82][0xd0][0x12][0xb4]R[0x1d][0x9a][0xc2]hk[0xf]"[0xdb][0xd0][0xd6][0x1e]D[0xc][0xd1][0xd4][0x1e]P[0x11]O[0x8f]p[0x3]MSB[0xed][0x9][0x8]V[0xc0]L[0xd7][0xe9][0x89][0xb9][0xa9][\n]"
05:47:42.396 [main] DEBUG org.apache.http.wire -  << "[0xa6][\n]"
05:47:42.396 [main] DEBUG org.apache.http.wire -  << "[0xc5]%[0x89]H[0x93][0xb6][0xf8]W.!O1[0x82]znP[0xe3]i[0x9c][0xa0]A]R[0xfa][0xd8][0x4][0x1a][0x86][0xa3][0x93]M[0x88][0xee],[0x8d]C[0xf]T=[0xd1][0xc9]O[0x88]n,M[0xfd]db[0x80]<[G[0xcb][0x95][0x80]&[0x6]H[0x9b]!h[0xed]'[0xfa][0x85][0x1e][0xa2]@[0xa5][0xb5][0x9f][0x10]=[\n]"
05:47:42.396 [main] DEBUG org.apache.http.wire -  << "Z[0xdb][0x84]4[0x0]@[0xe3][0x14][0x81][0xe8][0xff]g[0x6]d[0xe4][0xe7][0xa5][0x1a]b^u[0x8][0xde][0x1f][0x99][0x9a][0x2][0xbb][0x10][0x15][0xa9][0xd1][0x8d][0xf7]drD[0xf1]jb[0x80]t\[0x13][0xad][0x83][0xe]Q[0xef][0xd1][0xd8]&[0xa4]i9Z[0xdb]D[0xa7][0xe2][0xd5][0xc4][0xc0][0x8][0xd1][0x85][0xa0][0xb5][0x9f][0xe8]V@[0x90][0xb5][0x85][0x7][0x91][0xc8][0x89][0xde]jf[0x0][0x1a][0xa0][0xa2]G[0xdd]db[0x80]4Z[0x9d][0x9b][0x99][0x93][0x8d][0xb1][0xee][0x5][0xe1]z|[0xab][0xd9][0x91]3(hA[0x4][0xd4][0xed][0xd4]2[0x11][0x11][0xc1]t9[0xde][0xca][0xc4][0x0][0xe9]@ [0xcf][0x2]PY[0xa6]`h[0xa8]`f[0xa2][0x90][0x9e][0x84][0x11]@[0xf8][0x96]k[0x13][0x1f][0xe1]H[0xf7][0xdf]`_[0xd8][0x8c][0x88][0x7][0xfc]-Q[0xea][0xed]}71@[0x1a][0x8a][0xa2]](P[0xd1][0xc1][0xe0]q]h[0xd2][0xb][0xce][0xae][0xca][0xcf]W[0x8][0xcf][0xcf]IK[0xce]H[0x4]-)@[0x9d][0xb9][0xc].)J[0xac][0xcc][0xce]L[0x1][0xcd] @[0x7][0xb3][0xc][0xcd]@[0x8b][0xc3][0x88][0x18][0x1e]11E[0x9a]*[\r]N[0xcc]-.[0xcd]KW[0x8]62V[0x8][0xcd]))J[0xc4]H [0xee][0x89]9[0x89][0x15][0x95][0x88][0xf8]#2[0x1f][0x99][0x82][0x86][0xc3][0xa1][0x9e][0x19]4I[0xc2][0x14]4U[0x4]u[0x14]a[0x9f]#[0xfc]LJ[0xd8]"5[0xc2][0x8][0x86]mFfe"([0xc4][0xa1]QHt[0xd0]"[0x1a]E[0x83]'h[0x91][0xf6][0xbf][\r]"G![0xc5][0x6]-[0x9b][0x8f][0x0][0x0][0x0][0x0][0xff][0xff]"
05:47:42.396 [main] DEBUG org.apache.http.wire -  << "[\r][\n]"
05:47:42.396 [main] DEBUG org.apache.http.wire -  << "58E[\r][\n]"
05:47:42.396 [main] DEBUG org.apache.http.wire -  << "21E[0x9a][0x13][0x1b]D[0xde][0x1f][0x8c][0x9][0x5][0xe9] [0xb6][0xc1][0x13]RH3e[0x83][0xc8]QH[0xdd],[0xf0]D!t[0xfc][0x1d][0xeb][0xe2]3[0xd7][0x8a][0xd4][0xa2][0xe4][0xcc][0x92][0xc4][0x92][0xcc][0xfc][0xbc][0xd4]\[0x85][0xdc][0xc4][0xf4][0xbc]L[0x85][0xfc][0x94][0xcc][0x12][0x85][0x94][0xfc][0x9c][0xfc]"2[0x96][0x9b][0x9b][0x98]"[0xd5][0xa0][0x83]'T[0x90][0x8e]|[0xa2]i[0xcb][0xdc][0xd8][0xd2][0x1c][0x91]}h:r[0x8]Z[0xff][0x8][0xad][0x95][0x86][0xdc][0x98]>h*[0x1f][0xea]v[0x9a][0x8c]F"[\n]"
05:47:42.396 [main] DEBUG org.apache.http.wire -  << "p[0x9a][0x18][0x8f][0xc8]a41[0x1e]1[0xa6]@[0xb][0xe3][0x91][0xb6][0xc][0xd1]8'[0x80][0xd6][0xa1]@c[0x99][0xd6]6![0xf2][0x1c][0xad]mBD[0xe][0xad]mBL[0x1e][0xd3][0xda]&[0xba][0x8d][0xf9] [0x1d][0x8a]DS?[0x99][0x18] ]KBk[0x9b][0xe8]6[0xe6][0x83]t3[0x8][0xad][0xfd][0x84](@im[0x13][0xa2],[0xa5][0xb5]M[0x88]2b[0x88][0xd5][0x97]&[0x6][0x6][0x88]R[0x7]{[0x93]j [0xb7][0x80][0x9b][0x18][0x80][0xc6][0x10][0xa0][0x5]=v[0xe7]!:[0xc5][0xf4][0x1b][0xc8][0x1][0xad][0xd2][0x81]:j[0xc8][0xc5]7h#[\r][0xd4][0xed][0xc4][0xe7][\n]"
05:47:42.396 [main] DEBUG org.apache.http.wire -  << "D [0x13]?[0x4][0x7]Z[0x1c]C[0x1f][0x8b][0x86]p[0xee]C[0xda][0xfc]0[0xe4]R[0x12]h/[0x11]]"[0x18]yx[0x90][0xe8]A[0x13]r[0x92],[0xd2][0x10]![0x95][0x86][0xda][0x91][0xc6][0xf7][0xa8]e"[0xa2][0xfe][0xa4][0x96][0x89][0xe4][0xd4][0x93]d[0x5]/"[0xa3][0xd2][0xb6][0xe8][0x19][0xba]{9L[0xc][0x90][0xf6]r[0xd0]kr[0x6][0xd1][0xca][0xa4][0xde][0xb4][0x84][0xa9][0x8e][0x92]sbIjz~Qfj[0xb1][0x92]U4[0xca][0x8c][0x16]"[0xc1][0x5][0x4][0x9b]`[0xc][0xf0][0x17][0x14][0x9b]($%[0x16][0x81].[0xdd][0x81][0x8e]C[0x1b][0x13]{>[0xb3][0x89][0x1][0xd2][0x15][0x11][0xb4]Mc&[0x88]>[0x14][0xf5][0xbb][0xd2]&[0x6][0xc8]k[0xf2][0x89].[0xf3][0x90]f_[0x88][0xaf][0xa7][0x91][0x86]?[0x89][0xf]1[0xf2]l[0xa2]p[0xb2][0x9c][0xc8][0xe9][0x8][0x3][0xa4][0x95][0xfa][0xb0]]c[0x90][0xdd][0xd8]8[0xd6][0xf5][0x6][0x96]f&*[0xa4][0xe6][0x17]+[0x14]A[0x6]+[0x15][0xf2]R[0x93]S[0x8b][0x8b][0xc1]c[0x97]I[0xa5][0xc5][\n]"
05:47:42.396 [main] DEBUG org.apache.http.wire -  << "i[0xa5][0xe9][0x99][0x89]%[\n]"
05:47:42.396 [main] DEBUG org.apache.http.wire -  << "[0x89]y[0x99][0xb9][0x99]H[0xc3][0x96]F[0xa0].'1[0xf3][[0x6]H[0xb][0xfa][0xc9][\n]"
05:47:42.396 [main] DEBUG org.apache.http.wire -  << "b[0xa2]=[0x8e]h[0xcb][0x93]e[0xf][0x9][0x89][0x6][0x91][0xfa][0x91]v.[0xc1][0x86][0x83]q[0xec]Pp[0xad]P(,ML-J[0x4][0x9d][0x1e]Y[0x4][0xe][0xde]b[0xa4][0xf0]$[0xf6][0xd4][0x11][0x13][0x3]S[0xba][0x8d]* [0xad]H[0x87][0xef],[0x2]/[0xcc]Vp[0xce][0xcf]-(-[0x1][0x1f][0xd1][0x81]:[0x15][0xea]X\[0x90]Z[0x94][0x99]_[0x94]Z[0xc]9[0x9b]2?99159[0xb1]$S[0xa1][0xb0][0x94][0xbc][0xe4][0x83][0xbc]R[0x9d]f[0xb3][0xe7]T[0x9c]76[0x0][0xed]q[0x82][0xb6][0xc]i[0xb9]t[0xc9][0xc][0xd1][0x14][0xa2][0xa9]5[0x88][0xea][0x8a][0xa6][0xd6] [0xb5][0x8e][0x90][0x8e][0xd2][0x1]o[0xb4][0xc0][0x91][0xa1][0x1c]K[0xa1][0x93])[0xa9][0xb9][\n]"
05:47:42.396 [main] DEBUG org.apache.http.wire -  << "E[0xa9][0x5][0xa9]99[0xa9]y)[0xa5][0xc8]y[0x8a][0xf8]2[\n]"
05:47:42.396 [main] DEBUG org.apache.http.wire -  << "i[0x85][0xba]g[0x80][0x87][0xbf][0x9f][0xab][0x82][0xa1][0xa9]B@[0x90]?F[0xf5][0xec][0xe1][0xea][0xe7][0x1e][0xe0][0xef][0x87]h[0x0][0x9a][0x80]j[0x10][0xa2][0xca]A[0xa4][0x83])if[0x7][0xd2][0xaa]t[0xda][0xd9][0x81][0xa8][0xc8]h8[0xf]cb`[0x8e]X[0xa8]C[{[0x90]R8[0xed].[0xcf]01[0x0][0xed][0xfb][0x86][0x95][0xb][0xb4][0xb4][0x7]tJ[0x17][0xd4][0x1e][0x1a][0xd7][0x83]Hk[0xec]i[0x96][0xda]@[[0xf3][0xa1][0xbe][0xa1][0x9d][0x1d][0x88][0x94]F;;[0x10][0xc5][0xf5][0xe0][0x19][0xca]C[0xda][0xbc]@[0xcb][0xc2][0x1d]tj[0x4]4[0xe][0x7][0x8f][0xdf][0x91][0xee][0xe0][0xc0][0x99]M[0x10][0xc5]<[0xf1][0x8d]Cz[0xed][0x4]01[0xb0][0x1c][0x8c]I[\n]"
05:47:42.396 [main] DEBUG org.apache.http.wire -  << "[0xf9]@C[0xa2][0xbb]nd[0x85]3[0xa2][0xb9]?[0x88][0x12][0x15]9ms2|[0xf][0xee]-[0xc][0xb6],e[0x88]t[0x12]#[0xce],[0x85][0xb1][0xc2][0x95],[0xdf]#[\n]"
05:47:42.396 [main] DEBUG org.apache.http.wire -  << "l[0xe2]-"[0xa7][0xd7]n[0x8][0xda]E>[0xf8][0xc2][0x19][0xa9][0xb1]Lt[0x1e]#[0xcf][0xfb][0x88]LF[0xab][0x9a][0xd1][0x10]t[0xc][0x1d]4[0x88]i[0x1d][0x99][0x88][0xdc][0x19]P[0x94][0x9f]R[0x9a]\[0xa2][0xe0]X[0x9a][0x93][0x99][0xa8][0x80][0xb9][0xb7]$3/[0x13][0xb6][0xaf]D![0x11][0xae][0x6]:"G[0xe4][0x88][0x84]![0xd2]L[0x19]}[0xec]C[0xb4][0xcc]i[0x1c][0x92]H[0x1b][0xb6][0xe8][0xe3]3D[0x86][0xa7][0x8f]}[0x88][0xaa][0x95]>[0xf6]![0xfa] [0xf4][0xb1][0xf]Q[0x82]8[0x15]%&[0xa7]b[0xbb][0xca][0xca]71%U!?M!#3=[0x3]4t[0x95][0x93]YR[0xa9]P[0x90][0x9a]X[0x94][0x83]\[0x94][0x80]v[0x1b][0x11][0xd3][0xfd]54D[0x14]%.a.[\n]"
05:47:42.396 [main] DEBUG org.apache.http.wire -  << "[0xde][0x99][0xb9][0xa9]%[0xc5][0xa5][\n]"
05:47:42.396 [main] DEBUG org.apache.http.wire -  << "y[0xf9][\n]"
05:47:42.396 [main] DEBUG org.apache.http.wire -  << "[0x91][0x89][0x99]I[0xa0]u[0xd7][0xa8]#I[0x88]z[0xc1][0xd0][0xc8][0x0]u[0x8][0x1c][0xcf][0xf0][0xba]![0xd2][0x8e].[0x90]5[0xbe][0xa5][0xe9][0xa9]y[\n]"
05:47:42.396 [main] DEBUG org.apache.http.wire -  << "!E[0x89][0x99][0x98][0xcb][0xf6][0xf1][0xd8]`[0x80]{[0x0][0xdf][0x10][0xe9]6%[0x1a][0xd9][0x0][\n]"
05:47:42.396 [main] DEBUG org.apache.http.wire -  << "Sh[0x89]H+[0x1b][0x10]%[0x5][0xad]l@[0xcc][0xab][0xc][0x9a][0xe6][0x99]![0xd2][0xf4][0xff] r[0x14]"/[0xe]"G![0x86][0xb8]i\[0x95] -[0x2][0xc0][0xee][0xfd][0x1]][0x82]c[0x88]4[0xfd][0x8e][0xdd]y[0x88]R[0x84]nKp[0xc][0x91][0xa6][0xea][0xb1];j[0x80][0xc3][0xc]Q{bw[0xde][0x80][0x84][0x19][0xa2][0x8a]MO[0xcc][0xcd][0xcc][0xc3][0xbc]b+-[0xbf]H[0x1]"[0xa5]PPZT[0x90]_[0xc]>[0x12][0xe][0xda][0xe6]#z[0x0][0xc0][0xd0][0x18][0x91][0x9f]i[0x9c]u[0x90]f[0xfa][0x15]0F[0xaa]1:Z[0xc8][0xb5]6[0xb1][0x1b][0xa4][\r][0x91]&[0xe4][0xc9][0xf2][0xc][0xb1]MecD[0xd3][0x9c],{[0x88][0x8f][0x1e][0xa4]=[0xaa][0xb4][0xb6][0x9]Q[0xc9][0xd2][0xda]&DeKk[0x9b][0x10][0xb9][0x88][0xd6]6[0xd1][0xad][0x6]B[0xda]mD[0xd8]O[0xe0]C[0x7][0x88][0xce]JT[0x9c]W4D[0x9a][0xd8]'[0xec]L[0xd8]}[0xa1][0x88][0x92][0x96][0xf8][0x1c]B[0xe9][0x84]=[0x9]6[0xd1][0xad][0xa8][0xa4][0xdb][0xa4][0xb9]![0xd2][0xa4]9[0xf1][0xd1]Dt[0x82]BZId[0x88]43[0xe][0xb5][0x9][0xcb]r[0xa2][0x9c][0xc4]J[0x85][0xf2][0xcc][0x92][0xc][0x85][0xac][0xd4][0xe2]bPo[0xb][0x9c][0x80][0x11][0xc9][0x2][0xa3][0x5][0xc5]:D![0x3][0xa9]%1[0xaa][0x1c]*U[0xa0]H[0x13][0xe8]CmY[0xa8][0xa1][0x19])[0xe5]#8*[0x88][0x8e]zj[0x96]%H[0xe7][0xd6]A[0x93][0xe][0xe6][0xc9]U[0xf0][0x6][0xc4][0x0]:[0x13]1f[0x80][0xbd]!9[0xb0][0xed]\[0xa4][0x19]}h([0x12][0x9d][0x1][0x91]b[0x9d][0xf8][0x1c][0x88]4[0xbb][0x8f]=8[0x88][0xcd][0xd6][0xd4]LJ[0xe6][0x18][0xad][0x1c][0xa2]"
05:47:42.397 [main] DEBUG org.apache.http.wire -  << "[\r][\n]"
05:47:42.398 [main] DEBUG org.apache.http.wire -  << "BC8[\r][\n]"
05:47:42.398 [main] DEBUG org.apache.http.wire -  << "[0x3][0x81]X[0xe7]"[0x97]BH[0xe7][0xe1][\r][0xb9][0xc2][0x1]iE[0x3]4[0xbd][0xc][0xca]\[0x87]y/'mcth[0x14][0x99]H[0xdb][0x8f][0x87]^[0xc2]C[0x94][0xa3][0x83]:[0xe1][0x91][0xd2][0xe4][0x1f][0xb8]Z[0xc9][0x1c][0xd1]W[0x1d]r)[0x81][0xa4][0xc5]A[0x3][0x17][0xc4]H+[0x8b][0x6]s[0x82]EZ[0x9c]4[0xf4]R[0x2]bJ[0x8d]fS[0xbb][0x16][0x88][0x81]@h4b[0xde][0xed][0x9]of[0xc2][0xba][0xac]D7[0x8d][0xa8][0xd9][0x8a][0xb1][0xc0][0xa8][0x84]0][0x8a]h[0xae][0xe0][0x1b][0xd5][0xa2][0xaa][0xab][0x10][0xfd]c[0x8f][0x2][0x85][0xb0][0xcc][0xb2]|[0x85]H##[0x8c]~WnjnfNfv[0xa6]BqAjqfZfvbq[0xa6]Beb^[0xba]BbA&[0xe8][0x14]6[0xe8][0x18][0xa6]1h[0x1e][0x8d][0xd8]u[0xfb][0x86]H[0xab][0xb6][0xa0][0x91]G[0xd3]f[0x0][0xe6]I[0xb7][0xb4][0xb5][0xe]Q[0x88]C}[0x87][0xa7]-[0x86]%i[0x12]?[0xc8]A[0xf4]q[0xb7][0xf8][0xba][0xe9][0xc6]D[0x8f][0xd8][0x12][0xb3][0xae][\r]_[0x9e]#[0xc1]c[0x88][0x1][0x1][0xc2]A8pu[0x9][0xe8][0x2][0x3][0xe8]l*~gR)[0xfc]1[0xca]<<[0x9]k[0x0]C[0x5][0xa3][0xc0][0xc3][0xe1]L*[0x85][\n]"
05:47:42.399 [main] DEBUG org.apache.http.wire -  << "[0xa2]$[0xc3][0x1f][0x9][0x19][0x89][0xc5][\n]"
05:47:42.399 [main] DEBUG org.apache.http.wire -  << "[0x3][0x18]*C[0xa3][0xa1][0x8c]t[0x93]3[0xf6][0x81][0x80][0x1][0x1d][0x17][0x1]o[0xbb][0x80][0xe6][0xb8]A[0xe9]<D[0xb9][0x85][0xdd]y[0x88][0x8a][0x1e][0xff][0xd8][0xc][0x15][0xab]z#[0xa4]3H[0xb0];j[0x80][0xa3][0x14]Q\`w[0xde][0x80][0x84][0xd9][0x90](T[0x8c][0x90][0xe][0x19][0x19][0xc4]e[0x9f][0x11][0xd2]:L[0xec]Q<[0xb0])[0x10]i1%[0xe4][0xf2]1[0xc8]NDl[0x97][0x81]9[0xe5]$[0xe6][0xa5]d[0x96]df[0x16]+$[0x97][0xe6][0x14]$*[0xa4][0xe6]e[0xe6][0x82]6[0xb2]&"m[0xb8][0x4][0x9d][0xca]K[0xcc][0xc2]5#[0xa4]c[0xf0][0x7]e[0xb8] [0xfa]q[0xb4]Y[0xca]ed[0x88]h[0xd1][0xc][0xca][0x0] [0xb6][0x14][0xa0]JK[0xc6][0x8]m[0x1d]#[0xf5][0x17][0x18][0x1a]!-a[0x1c][0xcc][0xe5][0x5][0xd2]:H[0xfc][0xce][0xa4]N[0xb8]#-[0x8a][0xa4][0x8b]u[0x88]i[\r]_[0xd0]b[0xf0][0xe0][0xfc][0xe4]d,[0xfb][0x9d][0x93][0xf3][0x93][0x12][0x15][0x92][0x8b]R[0x13]KRa[0xeb][0xc5][0x11]5[0xa1]1[0xb1]}m#[0xa4][0xf3][0xed][0xa9]d[0x9b]![0xee][0x15][0xac]FF[0x88]"[0x83][0x6][0xa7]7[0x18]![0xad][0xb2]$5[0xa6][0x88][0x1e][0xfb]A[0x9a][0x12]2[0xc2]<k[0x9]s[0xec][0x6]_[0x8f][0x97]~[0x8d]<[0xa4][0xfb][0xb2][0xa1]![0x83][0xe9]RD[0xf2][0xa1][0xd3]([0x93][0x11][0xd1][0x17][0x11]P)##F[0xf9][0x7]cuB[0xf4][0xc1]N[0xd4][0x9][\r][0xa4][0xf5][0xa5]4[0xaa][0xbe][0x91][0x16][0x8b][0xd2][0xca][0x6]Dy2(c[0x94]P[0xdf]e`[0x1b][0xb6]H[0xab]8[0xa9]} [0x90][0x11][0xd2][0xf2]M[0xea][0x9b]M[0xca][0x8][0xea][0x80][\r][0xe9][0x18][0xd1]m[0xbd][0xa7][0x11][0xd2]]%[0xd0][0xd2][0xdd]T!8'3[0x17]c[0xbc][0x1e]_eD[0xf4][0xf0][0xab][0x11][0xe8][0x82][0xe8]A<[0xca]b[0x82][0xe8]5[0xc0]B[0x3]{@P[0xa7][0x1c]5%[0x94][0xc9][0x11][0xf5]*[0xfd][0xea]{[0xcc][0x15]z8[0x6]YA[0xa3][0x9e][0x94]L2[0x18]![0xad][0x99][0xa3]Gh#[0x1d]>3[0x18]K|[0xa4]c[0xd0]SR[0x8b][0x93][0x8b]2[0xb]@[0xe7][0xf0]c$?D[0x92][0xc0][0xd7][0xd4]Bnj"MhR[0xd9]`D[0xf2][0xa5]Q%[0x8d]t[0xd6][0x3][0x95][0x9d][0x8e][0x18]3[0x1f][0x94]i[0x1]QMaw[0x1e]"[0x15][0xd0][0xaf]`@[0x9a][0x13][0xc4][0xee][0xa8][0x81]m[0x92] [0x9d]a[0x81][0xdd]y[0x3][0x12]f[0x88]V&[0xfe]"[0x8e][0xe2][0xc2][0xd4][0x12]Qua[0xf7][0xfe][0x0][0xc7][0xe]b[0xc0][0xb][0xbb][0xf3][0x6]$v[0x10][0xbd]:Z[0xc7][0xe][0xa1][0xc]=[0xa0][0xb1]c[0x8c]t@[0xfe][0xa0][0x89][0x1d]c[0xa4][0x93]9hS[0xbd][0x18][0x13]<(c[0x80]c[0x5][0x91]<i[0x15][0x0][0x88]dI#[0x1b][0x90]f@he[0x3]b[0xd0][0x93][0x6][0x3][0x83][0xc6]H[0xa7]F`[0xcf][0x1a][0x3][0x9b]F[0x6][0xf7]<[0x87][0xb1][0xe1] ,[0xf6][0x8d][0xb1][0xcc]U[0xd0][0xb0][0xcf]k[0x8c]4[0xe7]0[0x18]S[0x90][0x11]"[0xff]`w[0xde][0x0][0xd4][0xcc][0xc6]Hs[0xb]4*6[0x90][0xe6][0x13]<R[0x13][0xcb]*[0x15]\JK*[0x15][0xa0][0xa7][0xe][0x7][0xe4]$[0x96][0xa4]bt[0xbd][0x1c]KKRs[0xd1][0x8f][0x1a].J-*[0xcd]E[0x9a][0xa2][0x5][0x9f]rE[0xcc][0x1c][0xad]1[0xd2][0x94][0x83]cyjq~n[0xaa]B@bAj[0x91][0x82]s~b[0x9][0x86][0xe5][0xae][0xf9][0xc5][\n]"
05:47:42.399 [main] DEBUG org.apache.http.wire -  << "[0x99][0x5][0xc5][0xa5][0xb9][\n]"
05:47:42.399 [main] DEBUG org.apache.http.wire -  << "[0x99]%[0x89][0x85][0xa5][0xa9][\n]"
05:47:42.399 [main] DEBUG org.apache.http.wire -  << "9[0x89]I[0xf9]E[0x99][0xf9][0xc5][0x89][0xb9][\n]"
05:47:42.399 [main] DEBUG org.apache.http.wire -  << "[0xa9]`[0x81][0xd4][0x12][0xd0]tqf[0x9]9[0x8e]15F[0xf4][0xe5][0x6]M*0E[0x1a]e[0xa4]m[0xfb][0xcc][0x14]i[0xcc]q[0x10]y[0x1f]Q;[0xf][0x1e]G![\r]M[0xe]"G[\r][0xc2]2[0xcc][0x94][0xe0]X[0xe7][0x0][0x14][0xac][0xa6]H[0xa7][0xed][0xf][0xa2][0xe8]C4t[0x7][0x91][0xa3][0x6]c[0xee]C[0xda]O?xB[\n]"
05:47:42.399 [main] DEBUG org.apache.http.wire -  << "[0xe9][0xea]n[0xc7][0xd4][0xa2][0xfc][0x94][0xca][0xbc][0xc4][0xdc][0xcc]d[0x5][0xc8]Z'[0xa7][0xfc][0x92][0x92][0x1c][0xcc][0xba][0x14]TC[0xe6][0xe7][0xa5]BV9[0x81][0x97]:[0xe5]efd[0xe6]($[0xe7][0x17][0x15][0x95][0x16][0x94]dB[0xae][0x1c]M-V[0xc8]M[0x84][0x9c][0xcc][0x9e]J^[0xbd]f[0x8a]HZ[0xb4][0xad]B[0x8c][0x8]^[0xdf];[0xa0][0x1d][0x5]#[0x82][0x19][0x80][0x9d]G([0xb7][\r][0xac][0xf3][0x90][0x8e][0xdb][0xc0][0x9e][0xef][0x6][0xd8]y[0x88]a[0xc6]A[0xe9]<D/[0x10]&[0xa4][0xd2][0xb4][0xda][0xe0][0x1e][0xdc]G:[0xd6][0x3]{d[\r]@[0xbb][0xc0][0x88]n'[0x80][0x18]![0x1d][0xe3][0xe0][0x9b]_Z[0x8c]Y5[0xe0][0x9b]i&v[0xce][0xcb][0xc][0x91][0x4]hh[0x9][0xa2]n[0xa1]M'[0xd5][0x8][0xf3][0xb0][0x6][0x1c]s[0xb1][0xd4][0xc9]8Hg5Pw[0xba][\r][0xe9][0xbc][0x5]*[0x1b]Lh[[0xc4][0xc0][0x96][0xcb]H[0xa7][0x12][0xc][0x9e][0xac]n[0x8e][0xe8][0xea][0xd3]([0xd9]"[0x1d];[0x80][0xdd][0xdb][0x3][0x1c]+[0x88]|[0x8b][0xdd]y[0x3]Q[0x0]#m[0xd0][0xa7]Q[0xac]`n[0xa3][0xc7]\[0xc8][0x89][0xaf][0xec]5[0xb2][0xb4]D=[0xd2][0x16][0xcf][0x81][0xb3]FH[0x9b][0xe1]i[0xe5][0x1d]D[0xd6][0x87]6*h[0xe8][0x1d]KD}[0x2][0xb5][0xc]GAL[0xe9]<[0xae]1[0xd2][0x9e]*[0xda][0x4][0x9c][0xb1][0x1][0xa2]5[0x86]=[0xf9][0xf]h[0xee]4[0xa6][0xf9]^[0x5]c[0xa4][0xb5][0xd7]4[\n]"
05:47:42.399 [main] DEBUG org.apache.http.wire -  << "b[0xa4]5[0xd3][0x83]1[0x88][0x8d][0x6]a[0x1]h<[0xb8][0xcf][0xd4]5FZ[0xf3][0x8c]=J[0x7][0xa0][0xd2]0FZ&M[0xab][0xf3]0[0x8c][0x91].[0xc4][0xa5][0x9d][0x1d][0x88][0xc5]+[0xb0][0xe2][0x95][0x96]3rH[0x93][0x1d]Hw![0xfa]d[0xe6][0xa5][0xe6][0xe1][0xb8]p2,?[0xa7][0xb4][0xa0]$[0xb1]X[0xa1],5/31W!1'[0xb3][0xb0]43[0x5][0xe7]T[0x8b][0x9][0xee][0x9d],[0xc6]Hg[0xed][0xba][0xe6][0xe5][0x17][0xe5][0xe6][0x97][0x16]+[0xf8]&[0x16]%[0xe5][0xa4][0xe2][0xb0][0xdc]3E[0xa1][0xc]bI&[0xe8]v[0xcb][0xb2][0xcc][0x92][0xc4]T[0x85][0xe2][0xd2][0xe2][0xe4][0xcc][0x82]L[0xd8]}r[0xc5][\n]"
05:47:42.399 [main] DEBUG org.apache.http.wire -  << "[0x89]I[\n]"
05:47:42.399 [main] DEBUG org.apache.http.wire -  << "9[0x99]I[0xa9]E[0xf9]8][0x85][0xa7][0xc2]6F[0x9a]k[0xf1][0xcc]+I[0xcd][0xc9][0xc9]LO[0xcd]+Qp/J[0xcc][0xcb],IU[0xc0]1[0x8c][0x17]X[0x9a][0xa9]P\[0x9a]W[0xa2][0x90][0x9b][0x9f][0x93]Z\[0x92][0x99][0x98][\n]"
05:47:42.399 [main] DEBUG org.apache.http.wire -  << "g[0x15][0xe3][0xb8][0xe0][0x8e][0xf8][0x9]2[0x82][0x93]2[0x3][Q![0xcd][0x84][0xb8]%[0xe6][0x95]$[0x16][0x97]d&+8[0xe7][0xe7]%[0x17][0xa5][0x96][0xe0][0x8a][0xca] [0xc4][0x9d][\n]"
05:47:42.399 [main] DEBUG org.apache.http.wire -  << "[0xa9][0xa0][0xb4][0x94]Z[0xa2]PX[0x9a][0x9f][0x2][0xba]i2[0x11]:[0xe6][0x99][0xb][0x9a][0xdd]KL[0xc9],[0xc8],NF[0xbe]~[0x12]5[0xe0][0xf0][0xdc]'`[0x8c][0xb4][0xa8][0x1b]{Y5[0xc0][0x1][0x87][0x18][0xad][0x82]M|B[0xe7]][0xbd][0xf3]2[0xd3]0[0x7][0x4][0x9c]R[0x13]A[0x9][0x1e][0x9a][0xe7][0x14][0xf0]d;|[0x9][0x1c]im[0xf7][0xa0][0xc][0x14]D[0xab][0x8c]F[0x8d][0x92][0xc1]=[0x2]l[0x8c]t[0xf2]`[0x8c][0x9f][0xc1]=[0x2]l[0x8c]t[0xfe][0xb1]OfzFIy*[0x88]T[0x8][0xcf][0xcf][0xcf]Qp[0xce]H[0xcc],[0xc2]XP[0xe0][0x3]Z?[0x90][\n]"
05:47:42.399 [main] DEBUG org.apache.http.wire -  << "[0xaf]YR[0x8b][0x15][0x92][0xe0][[0xd0][0x91]j[0x10]P[0xb3][0xc]4Y[0x93][0x97]^[0xac]d[0x85]/![0xcd][0x2]a[0x8f][0xbf][0x81]h [0x99][0xd2]<W[0x99]"z[0x86][0xb9][0x89][0x99]y[0x89]y[\n]"
05:47:42.399 [main] DEBUG org.apache.http.wire -  << "[0x89]y[0x89][0xa0][0xf3][0xab]Po[0x86]).IM-[0xca][0xcc]KW([0xcf]HM[0xcd]A[0x4][0x5][0xd1][g[0x8c][0x91]f[0xb2][0xb0][0x87][0xef][0xc0][0x16][0xea]H[0x3][0xc8][0xd8][0x9d][0x87][0xf0]3[0xdd][0x96][0xac][0x1b]#[0xed]e[0xa1]Q[0xa1]j[0x86][0x18][0x85][0xa0][0x95][\r][0x88][0xda][0x92][0x9a][0xd7][0x1e][0xe1][0xd9]km[0x8c][0xb4]S[0xa6][0xb8][0xb4][0xb8]T![0xbb]4%Q!'3[0x11][0xb3][0x10][0x1]KC[0x13]<[0xf4][0xc0]6K[0x94]S[0xbf][0xf0]5S[0x90][0xce][0x9d][0xa6]m[0xd6]A[0x9a]r[0x80]v/[0xcc]0[0x8a]C[0xf8][0xc8][0x17][0xfa][0xae]?C[0xe2][0xb3]([0xd2][0xac][0x3][0xad][0x12][0x3][0xa2][0xe7][0xe][0xe]z[\n]"
05:47:42.399 [main] DEBUG org.apache.http.wire -  << "b[0x6]_Y[0x8e]4[0xef]@[0xcd]4[0x87][0xcf]J[0xa4][0xb9][0x7]h[0x1c][0xd1]j[0x84][\r][0xe9]4f[0x1a][0xc5][0x12][0xd2][0x99][0xc9][0xb4][0x8c]%[0xa4][0xd9][0x5][0x9a]ZC[0xeb][0xf9][0x2]c[0xa4][0xf9][0x2]PY[0xa2][0x90]X[0x99][0x88][0xb9][0x1][0x15][0xec]E[0x90]4[0xa2]"A-j[0xf0][0xa6].D-M[0xeb][0xd4][0x85][0xc8][0xa1][0xb4]J][0x88][0xa5][0x12]4[0xf6][0xb][0xd2] >[0xad]mBTr4[\n]"
05:47:42.400 [main] DEBUG org.apache.http.wire -  << "5[0xa4]][0x90][0xb4][0xf6][0xb][0xa2][0xcd][0x89][0xbd]%4[0xb0][\r]5[0xa4]3K[0xb1];[0xf][0x91][0xbf][0xe8][0xd7]P[0xb3]@[0xa4]i[0x1a][0xc5]?[0xd2][0xee]EZ[0xd9][0x80]X[0x84]J[0xaf]J[0x93][0xe0][0x9e][0xc7][0x81]Mj[0x4][0xf7]$[0xe2]Jj[0xc6]h[0xc3][0xa7]T<[0xb4][0xd0][0xd8][0x92][0xe6][0xd5][0x19][0xd2]u[0xe2][0xb4]Jj[0x88][0xea][0x8c]V6[0xd0][0xbc][0x1a][0x3]u[0x13][0xa0]GA[0xd0][0xc6][0xf]&[0xa0][0x93][0xac][0xa0]6[0xd0][0xb6][0xc8]7A[0xda]?[0x89][0xb4][0x99][0x4]:[0xa8][0x8f]}[0xf8][0xc5]5[0xb3][0xb4]X[0xa1] [0xb5][0xa8][0xb8] 393[0xb1]$[0xb3][0x18]4[0x4][0x8c]4[0xee][0x2]J[0xa6][0xc4][0x8c][0xbb][0x98][0xd0]|[0x9b][0xa4][0x9][0xcd][0xa7][0xa4]M[0x90]6b[0xba][0xe7][0x17][0xa5][0xa7][0x82][0xa6]D[0xc2][0xf3][0xf3]SR[0xf3][0x14][0x9c][0xb1][0xf4]:[0xfd]S2K[0x10]+[0x85]as#[0xa9][0xc8][0xdb]p@[0x8b][0xec][0x88][0xb]>Z[0x17][0x7]&H[0xf3][0xed][0xb4]N[0x86][0xb4][0xce][0xb4]&[0x6][0x88]z[0x1a][0xbf]_[0xa8][0xb2] [0xcd][0x84][0xe6][0xbb]GM[0x90][0xe][0xca][0xa4]Q)[0x84][0xb4][0x81][0x94]V6 [0x1a][0xcf]t[0x89][0x14]D*[0xc3][0xde][0x80][0x1c][0xd0]F[0x87][0x9][0xd2][0x99][0x8b][0xd8][0x9d][0x87][0xab][0xd1][0x81][0xde][0xa4]b[0xa3][0xc3]d0n[0xb2]4[0xc5][0x1c][0x16][0xa3][0xd1][0x90][0x8b])[0x96][0xc1][0x1d][0x1a][0xce][0xef][0x9b]"[0x8d][0xf0][0x4]8+[0xb8];[0xfa]z[0xfa][0xb9]c[0xc][0xf8][0x5][0x7][0xb8]z+xx[0xba]{ [0xd2][0x83]%[0xa8][0xc5]@L[0xad]a[0x8a][0xb4][0x96]. 1'[0xd1]'[0xdf][0x7][0xf3]2x[0x9c]#[0x8a]F[0x96][0x96][0xa0]E[0x15][0xc4]Y[0x84][0x18]_[0xa6][0xb1]E[0x88]%[0x18]t[0xea][0xbd][0x98]"[0xdd]_Bc[0xbf]![0x9a][0xcb]t[0xf2][0x9b][0x9][0xd2][0xbe]|[0xfc]e2[0xa5][0xb][0x6]M[0xc][0x11][\r][0x18][0xec][0xe5][0xdd][0xc0][0x16][0xc7]H[0xcb][0xf9][0xb0];[0xf][0x91][0xfd][0xe8]6[0xdc]`[0x82][0xb4][0xf9][0x9b]Fu2[0xd2][0xe6]n[0x1a][0xc7]?[0xd2]jFZ[0xdb][0x84][0x18][0xd8][0xc2]o[0x13]u[0x1a]HG[0xbc][0xd2]*[0x92][0x10]-[0x19][0xfc][0x1e][0xa2]8[0x93][0x82]f[0xd1][0xa1]]Q[0x1a][0xf9][0x85][0xe8]#`)[0xf6][0xb][0xd2]JH[0x1a][0x87][0x1a][0xd2][0xf2]F[0x98]M4l6[0x98][0x80]*e[0x1a]G[0x12][0xa2][0x92][0x85]y[0x8][0xa3]][0x2]o6Pr[0xb6][0xa2][0x9][0xd2][0x12]G[0xec][0xc5][0xee][0xc0][0xd6][\n]"
05:47:42.400 [main] DEBUG org.apache.http.wire -  << "H[0xab][\r][0x7][0xa5][0xf3][0x10][0xdd]\[0xec][0xce][0x1b][0x88]J[0xb]i[0xbd]![0x8d][0xca][0x10][0xa4]u[0x83][0xd0][0xe4]I[0xda][0x96][\n]"
05:47:42.400 [main] DEBUG org.apache.http.wire -  << "[0xfa]U[0xe0]Hg+[0xe0]t)"[0x8e][0xf0][0xed][0x1a][0xa4]f/[0xcf][0x4][0xd1][0x11][0xc7][0x9e]l[0x6]6[0xd3]![0xed]P[0xa7][0xc1]IY&[0xa0][0xcb]Ih[|[0xe][0xee][0x15][0x8c]&[0x4]W0"R$[0xfd]r[0x8a][0xa9][0x81][0x8e][0x12]4Vp[0xe6][0x14]|U[0xe][0x1d]][0x8a][0x98]?[0xc3][0xe9]RD[0x8][0xd2]+O#[0x9d][0xb8][0xe1]VZ[0x94][0x97]YRZ[0x94][0xaa][0x10][0x92]_[0x80]Qo#dS[0x12][0x8b]2[0x15][0xbc]R[0xb][0x12][0x8b]@[0x83][0x2][0xd0]eQ[0x86][0xa0][0xd4]AL[0x97][0xdf][0x4]i!%[0x8d][0xca]y[0xa4]s[0xa7]ie[0x3]FW[0x81][0x92][0x9a][0x84][0x86][0xd3][0x81]&[0xa6][0x88][0xb1][0x81][0xc1][0x94][0xea][0x10]=[0x13]D[0xba][0xa2]i[0xaa]CZ[0xbf]I[0xd5]-[0xda]&Hk0[0xa1][0x1]L[0xa3]QF[0x13][0xa2][0xcf][0x13][0xa7][0xb8][0xb][0x84][0xb4]@[0x92][0xd6]~[0x1a][0xdc][0xa3];H+[0x1e][0xa9]}W[0x83][0x89][0x19]"[0xf][0xc][0xc6][0xd6][0x14][0xd2][0x98][0xf6][0xa0]t[0x1e]b[0xe0]xP:[0xf][0xd1][0x13][0xc6][0xee]<DMO[0xbf][0x16][0x8][0xd2]:DZ4[0x90][0xcd][0x11]U[\r]v?[0xf]l[0xf7][0x0][0xe9][0x4][0x2][0xec][0xce][0x1b][0x88](A[0x9a]h[0x81]o[0x96][0x84]lj[0xc1]vH[0xa6]crriqb^Ifi[0xae]B>[0xe8][0xfe][0x4][0xe8][0x96][0xba]b[0xa4][0x85][0x15][0xa8][0xdb][0xe8][0xd0]'[0xfd][0x90].N0E:[0xb5]$[0xb8]2/[0xb5](=[0x13][0xbc][0xc5][0xf][0xba]0!8#?[0x15]t[0xf5][0x17][0xea]>[0xf]W[0xf0]~>[0xd0][0x9e]>2[0xed]D[0xe4][0xb][0xda][0xd6],[0xa6]H[0xc7][0x80][0xd0][0xda]&Dc0[0xa0](?[0xa5]4[0xb9]D[0xc1][0xb1]4'3Q[0xc1][0x18][0xa3][0x11][\r][0xba][0xb5][0xae][0x0][0xaa]&[0x11][0xae][0x6][0xda][0x84][0xc6][0xd7][0xe4]G[0x89]7D>[0xa3][0x8f]}[0x88][0x8a][0x8a]>[0xf6]!F[0xa7]hh_l-[0x17][0x0][0x0][0x0][0xff][0xff]"
05:47:42.400 [main] DEBUG org.apache.http.wire -  << "[\r][\n]"
05:47:42.400 [main] DEBUG org.apache.http.wire -  << "A[\r][\n]"
05:47:42.400 [main] DEBUG org.apache.http.wire -  << "[0x3][0x0]L[0xb3][0xf9][0x85]q[0xbb][0x1][0x0]"
05:47:42.400 [main] DEBUG org.apache.http.wire -  << "[\r][\n]"
05:47:42.400 [main] DEBUG org.apache.http.wire -  << "0[\r][\n]"
05:47:42.400 [main] DEBUG org.apache.http.wire -  << "[\r][\n]"
05:47:42.400 [main] DEBUG io.restassured.internal.RestAssuredHttpBuilder - Parsed data to instance of: class org.apache.http.conn.EofSensorInputStream
05:47:42.404 [main] DEBUG org.apache.http.impl.conn.BasicClientConnectionManager - Releasing connection org.apache.http.impl.conn.ManagedClientConnectionImpl@516dd567
05:47:42.404 [main] DEBUG org.apache.http.impl.conn.BasicClientConnectionManager - Connection can be kept alive indefinitely
05:47:42.464 [main] DEBUG net.thucydides.core.steps.StepInterceptor - STEP DONE: I send HTTP GET request
  &amp#27;[32mWhen &amp#27;[0m&amp#27;[32mI send GET HTTP request&amp#27;[0m                  &amp#27;[90m# starter.stepdefinitions.UserSteps.iSendGETHTTPRequest()&amp#27;[0m
05:47:42.470 [main] DEBUG net.thucydides.core.steps.StepInterceptor - STARTING STEP: UserSteps.iReceiveValidHTTPResponseCode404 - I receive valids HTTP response code 404
05:47:42.471 [main] DEBUG net.thucydides.core.steps.StepInterceptor - STEP DONE: I receive valids HTTP response code 404
  &amp#27;[32mThen &amp#27;[0m&amp#27;[32mI receive valid HTTP response code 404&amp#27;[0m   &amp#27;[90m# starter.stepdefinitions.UserSteps.iReceiveValidHTTPResponseCode404()&amp#27;[0m
05:47:42.484 [main] INFO  - 
  _____   ___   ___   _____     ___     _     ___   ___   ___   ___  
 |_   _| | __| / __| |_   _|   | _ \   /_\   / __| / __| | __| |   \ 
   | |   | _|  \__ \   | |     |  _/  / _ \  \__ \ \__ \ | _|  | |) |
   |_|   |___| |___/   |_|     |_|   /_/ \_\ |___/ |___/ |___| |___/ 

GET - As admin I cannot get index
----------------------------------------------------------------------
]]></system-out>
  </testcase>
  <testcase name="GET - As admin I can get all orders" classname="User" time="0.708">
    <system-out><![CDATA[
@TC-0035
Scenario: GET - As admin I can get all orders &amp#27;[90m# src/test/resources/api/user.feature:238&amp#27;[0m
05:47:42.523 [main] INFO io.cucumber.core.plugin.SerenityReporter - Running feature from file:///C:/Users/Lenovo/IdeaProjects/MiniProject/MiniprojectApi/src/test/resources/api/user.feature
05:47:42.523 [main] WARN io.cucumber.core.plugin.SerenityReporter - Feature from file:///C:/Users/Lenovo/IdeaProjects/MiniProject/MiniprojectApi/src/test/resources/api/user.feature is not under the 'features' directory. Requirements report will not be correctly generated!
05:47:42.527 [main] INFO  - 
  _____   ___   ___   _____     ___   _____     _     ___   _____   ___   ___  
 |_   _| | __| / __| |_   _|   / __| |_   _|   /_\   | _ \ |_   _| | __| |   \ 
   | |   | _|  \__ \   | |     \__ \   | |    / _ \  |   /   | |   | _|  | |) |
   |_|   |___| |___/   |_|     |___/   |_|   /_/ \_\ |_|_\   |_|   |___| |___/ 

GET - As admin I can get all orders(user;get---as-admin-i-can-get-all-orders)
--------------------------------------------------------------------------------
05:47:42.630 [main] DEBUG net.thucydides.core.steps.StepInterceptor - STARTING STEP: UserSteps.iSetGETApiEndpointsAllOrders - I set the GET api endpoints all orders
05:47:42.631 [main] DEBUG net.thucydides.core.steps.StepInterceptor - STEP DONE: I set the GET api endpoints all orders
  &amp#27;[32mGiven &amp#27;[0m&amp#27;[32mI set GET api endpoints all orders&amp#27;[0m    &amp#27;[90m# starter.stepdefinitions.UserSteps.iSetGETApiEndpointsAllOrders()&amp#27;[0m
05:47:42.637 [main] DEBUG net.thucydides.core.steps.StepInterceptor - STARTING STEP: UserSteps.iSendGETHTTPRequest - I send HTTP GET request
05:47:42.640 [main] DEBUG net.thucydides.core.steps.StepInterceptor - STARTING STEP: GetAllProduct.iSendGETHTTPRequest - I set the GET api endpoints
05:47:42.640 [main] DEBUG net.thucydides.core.steps.StepInterceptor - STEP DONE: I set the GET api endpoints
05:47:42.652 [main] DEBUG org.apache.http.impl.conn.BasicClientConnectionManager - Get connection for route {s}->https://altashop-api.fly.dev:443
05:47:42.652 [main] DEBUG org.apache.http.impl.conn.DefaultClientConnectionOperator - Connecting to altashop-api.fly.dev:443
05:47:42.772 [main] DEBUG org.apache.http.client.protocol.RequestAddCookies - CookieSpec selected: ignoreCookies
05:47:42.773 [main] DEBUG org.apache.http.client.protocol.RequestAuthCache - Auth cache not set in the context
05:47:42.773 [main] DEBUG org.apache.http.client.protocol.RequestTargetAuthentication - Target auth state: UNCHALLENGED
05:47:42.773 [main] DEBUG org.apache.http.client.protocol.RequestProxyAuthentication - Proxy auth state: UNCHALLENGED
05:47:42.773 [main] DEBUG org.apache.http.impl.client.DefaultHttpClient - Attempt 1 to execute request
05:47:42.773 [main] DEBUG org.apache.http.impl.conn.DefaultClientConnection - Sending request: GET /api/products HTTP/1.1
05:47:42.773 [main] DEBUG org.apache.http.wire -  >> "GET /api/products HTTP/1.1[\r][\n]"
05:47:42.773 [main] DEBUG org.apache.http.wire -  >> "Accept: */*[\r][\n]"
05:47:42.773 [main] DEBUG org.apache.http.wire -  >> "Host: altashop-api.fly.dev[\r][\n]"
05:47:42.773 [main] DEBUG org.apache.http.wire -  >> "Connection: Keep-Alive[\r][\n]"
05:47:42.773 [main] DEBUG org.apache.http.wire -  >> "User-Agent: Apache-HttpClient/4.5.13 (Java/14.0.2)[\r][\n]"
05:47:42.773 [main] DEBUG org.apache.http.wire -  >> "Accept-Encoding: gzip,deflate[\r][\n]"
05:47:42.773 [main] DEBUG org.apache.http.wire -  >> "[\r][\n]"
05:47:42.773 [main] DEBUG org.apache.http.headers - >> GET /api/products HTTP/1.1
05:47:42.773 [main] DEBUG org.apache.http.headers - >> Accept: */*
05:47:42.773 [main] DEBUG org.apache.http.headers - >> Host: altashop-api.fly.dev
05:47:42.773 [main] DEBUG org.apache.http.headers - >> Connection: Keep-Alive
05:47:42.773 [main] DEBUG org.apache.http.headers - >> User-Agent: Apache-HttpClient/4.5.13 (Java/14.0.2)
05:47:42.773 [main] DEBUG org.apache.http.headers - >> Accept-Encoding: gzip,deflate
05:47:43.107 [main] DEBUG org.apache.http.wire -  << "HTTP/1.1 200 OK[\r][\n]"
05:47:43.107 [main] DEBUG org.apache.http.wire -  << "content-type: application/json[\r][\n]"
05:47:43.107 [main] DEBUG org.apache.http.wire -  << "date: Mon, 08 May 2023 22:56:33 GMT[\r][\n]"
05:47:43.107 [main] DEBUG org.apache.http.wire -  << "transfer-encoding: chunked[\r][\n]"
05:47:43.107 [main] DEBUG org.apache.http.wire -  << "content-encoding: gzip[\r][\n]"
05:47:43.107 [main] DEBUG org.apache.http.wire -  << "server: Fly/3f2597ca (2023-05-03)[\r][\n]"
05:47:43.107 [main] DEBUG org.apache.http.wire -  << "via: 1.1 fly.io[\r][\n]"
05:47:43.107 [main] DEBUG org.apache.http.wire -  << "fly-request-id: 01GZYS9CBBB8EZWK26MG6ZRKSQ-sin[\r][\n]"
05:47:43.107 [main] DEBUG org.apache.http.wire -  << "[\r][\n]"
05:47:43.108 [main] DEBUG org.apache.http.impl.conn.DefaultClientConnection - Receiving response: HTTP/1.1 200 OK
05:47:43.109 [main] DEBUG org.apache.http.headers - << HTTP/1.1 200 OK
05:47:43.109 [main] DEBUG org.apache.http.headers - << content-type: application/json
05:47:43.109 [main] DEBUG org.apache.http.headers - << date: Mon, 08 May 2023 22:56:33 GMT
05:47:43.109 [main] DEBUG org.apache.http.headers - << transfer-encoding: chunked
05:47:43.109 [main] DEBUG org.apache.http.headers - << content-encoding: gzip
05:47:43.109 [main] DEBUG org.apache.http.headers - << server: Fly/3f2597ca (2023-05-03)
05:47:43.109 [main] DEBUG org.apache.http.headers - << via: 1.1 fly.io
05:47:43.109 [main] DEBUG org.apache.http.headers - << fly-request-id: 01GZYS9CBBB8EZWK26MG6ZRKSQ-sin
05:47:43.109 [main] DEBUG org.apache.http.impl.client.DefaultHttpClient - Connection can be kept alive indefinitely
05:47:43.110 [main] DEBUG io.restassured.internal.RestAssuredHttpBuilder - Parsing response as: application/json
05:47:43.110 [main] DEBUG org.apache.http.wire -  << "240[\r][\n]"
05:47:43.110 [main] DEBUG org.apache.http.wire -  << "[0x1f][0x8b][0x8][0x0][0x0][0x0][0x0][0x0][0x4][0xff][0xaa]VJI,IT[0xb2][0x8a][0xae]V[0xf2]tQ[0xb2]241[0xb1]0[0xd2]Q[0xf2]K[0xcc]MU[0xb2]RJI-N.[0xca],([0xc9][0xcc][0xcf]S[0xd2]QrA[0xe2]Y))[0xe9]([0x5][0x14]e&[0xa7]*Y[0x19][0xe8]([0x5]%[0x96]d[0xe6][0xa5][0x17]+Y[0x99][0xe8](9'[0x96][0xa4][0xa6][0xe7][0x17]e[0xa6][0x16]+YE[0xc7][0xd6][0xea] [0xc]6[0x86][0x1b][0xec]Y[0x90][0x91][0x9f][0x97][0xaa]`h[0xa8]`f[0xa2][0x90][0x9e][0x84]axANb[0xa5]BFb[0xb1]B^[0xbe]BNfnfI1[0xc2]:#KK$[0xb][0x8d][0xd0],[0x84][0xda]fdjb[0x8][0xb7][0xcd]=173/[0x1d][0xc3][0x12][0xb7][0xfc]"[0x85]t[0xb0][0x94]BAiQA~qj[0xb1]R-[0x8a][0x83]-[0xe0]F[0xb8][0x95][0x16][0xe5]e[0x96][0x94][0x16][0xa5]*[0x84][0xe4][0x17]`[0x9a][0x4][0x97]MI,[0xca]T[0xf0]J-H,JD[0xb8][0xd8][0xd0][0x4][0xd9][0xc5][0xa6]h.F[0xb1][0xd1][0x4]ncp~^[0xa5]B@[0xb0]![0x86]e[0xf8][0xc2][0xc6][0x4]%l[0xc][0xd1]l[0xa2]j[0xd8][0x98][0x12]v)"[0x4][0x90][0x93][0x88][0x1]-]e[0x6]w[0x15][0x15]c[0xc][0xdd][0xc5][0xc8]1f[0x89]Hf.a.[\n]"
05:47:43.110 [main] DEBUG org.apache.http.wire -  << "[0xbe][0xa5][0xe9][0xa9]y[\n]"
05:47:43.110 [main] DEBUG org.apache.http.wire -  << "!E[0x89][0x99][0xf8]r[0x8c][0xa1][0x91][0x81][0x81][0x1][0xbe]0A[0xb1][0x1][0x91][0x1f][0x13][0xf3][0x12][0xb3][0x15][0x12]+[0x13]s1[0x12]Eqiq[0xa9][0x2]H[0x1a][0x11][0xe6][0x96](i[0x1][0xaf][0x1f][0xcc][0xe1][0xa1][0x16][0xe1][0xe4][0x1f][0x81][0x99][0xe4][0x10]9[0x5]a<jR3[0xa6]a[0xa4][0x82][0xfc][0x1]-[0x90][0xb0];[0xf][0x97][0xa3][0xd0][0xfd]L[0xc5][0xf4]o[\n]"
05:47:43.110 [main] DEBUG org.apache.http.wire -  << "[0x8a]>[0xa8][0xa3]h[0x13][0xef][0xa6][0x6][0x88][0x94][0x5][0x8a]X[0xea][0xc7][0xbb][0xa9][0x1][0xad]S[0x96][0xa9][0x1][0xa2][0xc8][0xa7][0x91][0x1f],[0x10]e[0xb4]SQbrjNj[0x9]F[0xe6][0xf0]MLIU[0xc8]OS[0xc8][0xc8]L[0xcf]P(,M[0xcc][0xc9],[0xa9]T(HM,[0xca]A[0xae]V[0x8c][0x88][0xcb][0x90][0xc6][0xc6]f[0x18][0x85][0xb4])[0x86][0x95][0xf8][\n]"
05:47:43.110 [main] DEBUG org.apache.http.wire -  << "i[0xd4][\n]"
05:47:43.110 [main] DEBUG org.apache.http.wire -  << "[0xc]w[0x8d]illf[0x9][0xcf][0x98]%[0xa9][0xc5][0xa0]*V[0xa1][0xa0](?[0xa5]4[0x19][0xd3][0x8f]%[0x19][0x99][0xc5][\n]"
05:47:43.110 [main] DEBUG org.apache.http.wire -  << "[0x99][0xc5][\n]"
05:47:43.110 [main] DEBUG org.apache.http.wire -  << "%[0x19][0xa9]05[\n]"
05:47:43.110 [main] DEBUG org.apache.http.wire -  << "[0xa8][0xd5]7[0x96][0xda][0x1a]=[0xd7]"[0x8a][0x1d]ccsD[0xf2][0xa3][0x9a][0xdd][0x86]h[0xc5][0x1e][0xee][0xaa][0xd0][0xd8][0xd8][0x1c][0x91]8[0xa9]j?R[0xdb][0x1][0xaf][0xf5][0x88]H[0xa6][0xaa][0xf5][0xc8][0x89][0xc][0xaf][0xfd][0x88]2[0x99]f[0xf6][0xa3][0x97][0x8f]([0xd1][0x8f][0xc8]W[0x98][0xf6][0x3][0x0][0x0][0x0][0xff][0xff]"
05:47:43.110 [main] DEBUG org.apache.http.wire -  << "[\r][\n]"
05:47:43.110 [main] DEBUG org.apache.http.wire -  << "478[\r][\n]"
05:47:43.110 [main] DEBUG org.apache.http.wire -  << "Bm[0x9][0x12][0x9d][0xf4][0xd0][0xa3][0x1f]_[0xd2]7[0xa7]A[0xd2]G[0xb7][0x1f][0x9f][0xff]-[0xc][0xa8][0x9f][0xf5][0xd0][0xed][0xc7][0x97][0xfd][0x90]Z[0xe1]4[0xb][0xbc][0xfe]G[0x94][0xdc][0x3]c?"[0xff]y[0x4]([0xe4]f[0x96][0xe4]c[0xa4];p[0x19][[0x92]Z[0x94][0x94][0x98][0x99][0x8d]h[0x2][0x98][0x9a][0x99]#eq[0xbc]^Dd1[0xd2][0xda][0x15][0xe8][0xf9][0x96]z[0xed][\n]"
05:47:43.110 [main] DEBUG org.apache.http.wire -  << "cc[0xb]D[0xba][0x87][0xf6][0x0]([0xa9]\[0xf0][0xa5]0KD[0xc][0x7][0x4]+`[0xda][0x92][0x9e][0x98][0x9b][0xaa]`[0xaa]P\[0x92]X[0x84][0x8]][0xd4]V[0x1f][0xbe][0xc]l[0x89][0x88]@[0xba]4[0xc5][0x8d]M[0x90][0x9a]dT[0x8]:<)[0xc7][0x4][0xa9]iF/[0xbf]!"[0x8b][0xd6]~C[0xc4][@QbrIfrb[0x8e]Bx~~Jj[0x9e][0x82]w^fZ*F>t[0xcc][0xc9]L,VH+MOT(-[0xd1]C[0xa4][0x15]CP[0x84][0xc0]G[0x6][0xf0][0x86]'"'Rod[0x0][0xaf][0x85][0x88]\[0x6][0xb3][0xd0][0x88][0xe2][0xa1][0x8]|[0x16][0x1a]"[0xaa][0x13][0x98][0x85][0x94][0x8f]}[0xe0][0xb5][0x10][0xd1]|[0xa3][0x93][0x85][0x18][0x3][0x2][0xe6][0x18])[0x5]\b[0x13]5[0xac][0x83][0xd7]k[0x88][0xd4][0x12][0x90][0x98][0x93][0xe8][0x93][0xef][0x3][0x1a]kAm[0x93][0xc0]m[0xc2]2zdl[0x8c]TA[0xe0])[0xc2]L[0xc][0x11]m rKH[0xbc][0xfe]@$BZ[0x18][0xf][0xea][0xcf]@{[0xa8]t[0xea][0x19][0x99][0x18]![0x12][0x1d]M|[0x84][0xe8][0x12][0xd0][0xc4]xD[0x19]K[0xb7][0x0]C[0x14][0xb6]t[0xb3][0x12][0x91]O[0xa9]i%[0xbe]|d[0x84][0x18][0x95][0xa3][0xa6][0x95][0xf8][0xf2][0x96][0x11][0xa2][0x8c][0xa0]q}i[0x84][0xc8][0xc5]4j[0xa8][0x9a][0x18]#*[0xf]Z[0x86][0x1f][0xac][0x19]ka[0x88]H"[0x8e][0xc9][0xc9][0xa9][0xc5][0xc5][0x90][0xd1]|[0x8c]~_[0xbe]Bj^Fb^r[0xaa]Bb[0x1]h8[0x5][0xc4]D[0x1e]A761F[0x14][0x8][0xc5][0xa9][0x5][0xa9])[0x98][0x5]ubf%H[0x10]:8ad[0x8a][0xdc]?[0xc6][0x17][0xc1][0xc6][0x88][0xb2][0x80][0x96]a[0x82][0xd4]%6[0x1][0xd5][0x1b][0xd0][0x2][0x95][0xda][0x9e][0xa1]1`[0x8c][0x88][0xe3]`p[0xcc]([0xf8]d[0x16][0x97][0x14][0x81]{R[0xa8]U)T:[0x7]"[0xad][0x90][0x97][0x9e][0x9a]T[\n]"
05:47:43.110 [main] DEBUG org.apache.http.wire -  << "[0x1a]"=[0xca][0x10][0xc5][0x0][0xd4]L[0xa8][0x95][\n]"
05:47:43.110 [main] DEBUG org.apache.http.wire -  << "N[0x89]9[0x89][0x98][0xb3]*PE[0xa8][0x16]+$%[0xe6][0xa5][0x83][0xc7][0xf8][0xa0][0xf6][0x9b][0x12][0x9f]d[0x10]e[0x2][0xdd][0x92][0xc][0xa2][0x5]A7+[0x11][0xe5][0x11][0xbd][0xac]4A[0x94]OA[0xa5][0xc5]%[0x99][0xc9][0xb0][0xfe][0x82]S"[0xe6][0xac][h[0x89]BjQQ~[0x91]BQjriqb^Jb[0xaa]BA~qqfni[0xb1]Bn~[0xe]h[0x9c]31U[0xa1]85E!3[0xb7] 5%[0x93][0xbc].[0x5][0xd2][0xf4][0x1f][0xa2][0x1b][0xe3][0x93][0x99][0x97][0x9a][0xa7][0xe0][0x94]_R[0x92][0x83][0xa5][0x1b]SZ[0xa2]P[0x90]ZT\[0x90][0x99][0x9c][0x99]X[0x92]Y[0xac][0x90][0x92][0x9f][0x93]_[0x94][0xaa][0x90][0x92][0x99]\[0x92][0xa8]P[0x90]_T[0x94][0xaf][0x90]YP\[0x9a][0xab][0x90][0x9a]HV/[0xc7][0x84][0xfe]E[0x96][0x9][0xa2]I[0x13][0x9c][0x93][0x9a][0x9a][0xad][0x0][0x9][0x1][0xf7][0x9c][0xfc][0xb2]T[0xd0][0xd8]7jN[0xf7]OK[0xcb]L[0xce][0xcc],VH[0xce][0xcf]+N-,M,)-RH[0xcc][0xcb][0xcc][0xcd][0x84]GL[0xb1]BY~NiAIbI[0xaa]BJjNj^fI&y[0x81]A[0xff]"[0xcf][0x4]Q[0xe4][0xb9][0xe7][0x17][0xa5][0xa7][0xe6][0x97][0x16]+[0x4][0x95]&%[0xa5][0x16])8[0x83][0xc7]8[0xd0]B#%[0xb3][0x4][0x92][0x6]Js[0x15][0x12]A[0x89][0x3][0x9c][0x4]r[0x12][0x93][0xf2][0x8b]2[0xf3][0x8b][0x13]s[0x15][\n]"
05:47:43.110 [main] DEBUG org.apache.http.wire -  << "K3[0x15][0x12]s2[0xb]K3S[0x14][0x8a][0xc9]M[0xa7][0x88]B[0x11][0x91]N[0xdd][0x8b][0x12][0xf3]2KR[0x15][0x9c][0xf3][0x13]A%-[0xaa][0xbb]\K@}[0xed][0xcc][0xc4][0x12][0x85][0xfc][0xdc][0xbc][0xcc]b[0x85][0xdc][0xcc][0xbc][0xcc][0xdc]D[0x85][0xbc][0xd2][0xdc][0xc2][0xd2][0xc4]\[0x85][0xe2][0xd2][0xe2][0xe4][0xcc][0x2]r][0x83]("[0x83]+[0xf3]R[0x8b][0xd2]3a[0xd9]9G!8#[0xb3][0x8][0xab]kR[0x8b]K[0xe0][0xa9]"3[0xa9][0xb4]X[0xa1] '195[0xb1]D![0x95][0xbc][0xac][0xb]*[0xd0][0xa1][0xf5][0xac][0x2][0x8d][0xba][0x90][0xa6][0x88][0xac]HV[0xf3][0x90][0xd8]V[0x8a])R[0xfe][0x83][0xcc][0xe7]c[0x8e][0xb3][0xc1][0xbb][0xaa][0x4][0xd7]:[0xe0]k[0xf][0x99][0xd2]??[0x99]"[0xf2][0x13][0xbd]j[0x1a]SDn[0xa1][0x9b][0x95][0x88],A7+[0x11][0xad][0x6][0xb2]R'[0xea][0x4]#[0xde]T[0x83]h,[0xd0][0xd8]&3D[0x1b][0x1]j[0x13][0xe6]2[0x3]|9[0x1]u[0xe0][0x19][0xdd]O[0xb0][0xae][0xb][0xe5][0xab]~[0x8c]M[0xcc][0x10]}[0x16][0xa8]Ki[0x95]g[0xcd](,[0x85][0x88][0x8f]g3[0xba][0x95]C[0xd4][0x9d][0x1c]G[0x8f]g[0xe4][0xee][0x98][0x19][0xa2][0xf8][0xa1]u<!J[0x1d][0xa8]M[0x83]6[0xed]"[\n]"
05:47:43.110 [main] DEBUG org.apache.http.wire -  << "+[0x9c].E[0xc][0xd0][0xe3][0xab][0xc5][0xa8][0x9a][0xa3]0[0xca]3J[0xc2][0x8f][0x86][0xb3]o&H[0xb].[0x6]Q[0xf8][0x99]c[0x94][0x9d][0xb4]*[0x91][0x90][0x16]}[0xf8]%[0x16]g*[0xb8]$[0x96][0xe6])x[0xa5][0x16][0x95][0x82]&X[0x11][0xcd]P[0x0][0x0][0x0][0x0][0xff][0xff]"
05:47:43.110 [main] DEBUG org.apache.http.wire -  << "[\r][\n]"
05:47:43.110 [main] DEBUG org.apache.http.wire -  << "5A4[\r][\n]"
05:47:43.110 [main] DEBUG org.apache.http.wire -  << "[0xca]S[0xb2]R[0x2][0xcb][0x97][0xa7][0xe6]%fg+[0x94][0xa4][0xe6]%[0xe6])[0xe4][0x96][0x16][0xe5][0xa6]"[0xcd][0x15][0x1a]Z[0xe2]_[0xe4][0x6]Kb[0x16][0x96][0x88]T[0x9b][0x9c][0x9f]W[0x92][0x9f][0xa1][0x9b][0x8c]XC[0x8a]>[0xea][0xe4][0x96]X[0x9c][0x91][0x99][0x9f][0x97][0x98][0x94][0x93][0x8a]:[0xd6][0x84][0xb4]`[0x4][0xec]6[0x84][0xdb][0xc1]K[0xa7][0x14][0xd2][0xf3][0x8b]R[0xb1][0xac][0x2][0x5][0xab][0xa5][0x92]?[0x10][0xe9][0x9c][0xb0]?0U [0xad]=561[0xa7][[0x89]mN[0xb7]r[0xd4][0x1c][0x11][0xcf][0xd0][0xdc]E[0xb3]tL[0xb7]v[0x8d][0x5][0xdd]Z[0xb][0x16][0x88][0x14][0x11][0xe1][0x94]_[0xa1][0x80]Y[0x86][0xd2][0xbf]d[0xb7]@[0xf4]:p[0xb8][0x89][0xf0][0xd2]Q[0xf4]:[0x1e]V,P[0xa3]-[0x87][0xb4]:pp[0xba][0x8f]n[0xe9][0x14]i[0x9d]2[0x8e][0x90]@[0xa4][0x1e][0xfa][0xb5][0xb5]-[0x11]-[0xe0][0xc1][0xe4]*DN[0xa3]q9[0x85][0xb4]H[0x6][0xfb][0x12][0xa4][0x81][0xcd]>[0x96][0x88][0x86]/v[0xe7][\r]H[0x9a]A[0xd4][0xb2][0xd8][0x1d]5[0xa0]a[0x86][0xbc]0[0x1c][0xbb][0xf3]p[0x85][0x19][\r][0xdb][0xb5][0xc8]k[0xc9]i[0x9b][0xa2][0x91]W|c[0xf7][0xfe][0x0][0xc7][0xe][0xa2][0xb1][0x83][0xdd]y[0xb8]b[0x87][0x86][0xb5][0x94][0xa9][0x1]"[0x9b][0xd1]:v([0xcf];[0xb4]L[0xa6]H[0xab][0xa4][0x6]O[0xec][0x18]"Zx[0xd8][0x1d]5[0xb0])[0xda][0x10]QYaw[0xde]@[0xa4]hCD[0xbb][0x90][0xc6])[0x1a]i[0xad][0x2][0xad]m[0xa2][.5[0xa4]W?[0xc9][0x14]i[0x85][0x1b][0x8d]C[0xf]i5[0x1a][0xad]mB[0xb4])im[0x13][0xdd]R[0xb9][0x11][0xa2][0xda][0xa2][0xb5][0x9f][0xe8][0x96][0xca][0xe9][0xb6]D[0xcb][0xd4][0x8]Q[0xeb][0xd1]:[0xf4][0xe8][0xd5][0x9f]3EZ[0x13]Fc?![0xad][0xe1][0xa2][0xb5]M[0x88][0x9c][0x8b][0xbd]*[0x1b][0xd8][0x9a][0xd6][0x18][0x91][0xdd][0xb1];o jZ[0xe4]u\4[0x9d]a65[0xa6][[0xc9]`[0x8c][0xa8][0xff]<[0x2][0x14][0x9c]A[0x8b]p2[0xb1]lP[0xc9]I-([0xc9]/P[0xc0][0xd8][0x1]d[0x9][0x2]HK[0xbc][0xd1][0x9b][0xee]H[0x93]H[0xa6][0xc6]T-[0x1a][0xd0]7[0xdc]#[0xdb][0x84][0xb4]Hj 6T![0x8f][0xa6]Q[0xcd]~|[0x13]H(~GdlBv#[0xf2][0x10]h[0xb7][0x1c][0x91][0xb1][0x88][0xb4][0xcc][0x89][0x90][0xf9]doV[0xc4][0x97][0x8a]L[0x10]%[0x3]U[0xed]'[0xd6][0xfb][0x88][0x9c]IU[0xeb][0x89][0x8e]^D&[0xa2][0x99][0xfd][0xe8][0xdd]N[0x94][0xe4][0x85][0xa8]uif?[0xbe][0xe8]GZ[0xb0]40[0xf6]#z[0xa8]4[0xb3][0x1f][0xfd][0x9c][0x15][0xe4][0xf0]GZME3[0xfb][0xf1][0x86]?[0xa2][0xb]<0[0xf6][0xd3]([0xfb][0x13][0x9b][0xff][0x90][0x16]b[\r][0x8c][0xff][0x11][0xe5][0xf][0xac][0x85]hjJ[0xa3][0xa9]=SSD[0xe3][0x80][0xba][0xab][0xf0]MM[0x11][0xc5][0x98]g^IjNNfzj^[0x89]BpIj*h[0xf5]c>[0x96][0x15][0xb3][0x9e])[0xa0][0xf3]$[0x8a]3[0x15][0xf2][0x12]KJ[0x8b]A[0xb]BADb1YkbMM[0x11][0xe5][0x18],[0x1c]i[0xb3][0xfe][0xd1][0x14]s5[0x16][0xad][0xa2][0x8b]n[0xab][0xa9]L[0xe9][0xb6][0x9a][0xca][0x94]nk[0x9c][0xc0]{[0xd9][0xa1]Kai[0x9d]"[0x10][0x89][0xdf]5/[0xbf]([0x17][0xb4]8: '[0x11][0xbc][0xfc][0xd7]9#1[0x13][0xb4][0xae][0x3]u[0x1]H[0x18]d!8[0xe8][0xd4][0x91][0x92]T[0x85][0xbc][0xfc]<[0xd0][0xb9]#e[0x99])[0xa0]<[0x93]ZL[0xd6][0xd2]_S[0xa4][0xf5]7.[0xa5]E[0xa0]5[0x1e][0xa0][0xad][0x4]9[\n]"
05:47:43.110 [main] DEBUG org.apache.http.wire -  << "[0xd8]][0x10][0xc]][0xea][0xac]PX[0x9a][0xaf][0x80][0xb4].;3[0x8f][0x9c]%[0xe9][0xa6]t[fc[0x8a][0xb4][0xcc][0x86][0xc6][0xd1]J[0xb7]e$[0xa6]t[FbJ[0xb7]e$[0xa6]H[0x87][0x90][0xd0]8[0x9e][0x90][0x8e][0x1b][0x9][0x8]6[0xc1],[0xf5][0x8b]M[0x14][0x92][0x12][0x8b]J[0x11][0xbd]#c[0xfc]k[0xab][0x90][0x9b]gt[[0xa2]b[0x8a]th[0x9][0xad][0xc3][0xb][0xd1][0xe4][0xa3][0xb5]M[0x88][0xc6][0x1d][0xad]m[0xa2][0xdb] [0xaf][0x5]f[0x83][\r]3[0xc9][0x11]}[0x4]#[0xbe][0xa6][0xb9][0x5][0xa2][0xb5]F[0xeb][0xd0]CT`[0xb4][0xb6][0x89]n[0xcd]4Kz-[0xfc]4EZ[0x1e]D[0xe3][0xd0]CZ[0xf2]Ck[0x9b][0xe8]VFX"[0xca][0x8][0xaa][0x97][0xde][0x96]t+[0x15][0x90]V[0xfb][0xd0]:f[0xe8][0x95]W[0xcd][0x90]N[0xea]q-J[0xcf][0xcf][0xcb][0xcf][0xcd]LVp[0xcc])[0xcd][0xcd][0xcc]+[0xcd][0xc5][0xba][0xed][0xcf][0xb1][0xb4]D!)5[0xb1]$1[0x15][0xbe][0xa9]-5W!7[0xb1]"37U!/57_!3'[0xa7]4[0x17][0xb4][0xe1][0xf][0xdc][0xf7]#[0xa7][0xa9]if@[0xaf]b[0xd1][0xcc][0x80]^[0x85][0x95][0xd9][0xe0]^'a6[0x18][0xd7]I[0x98][0xd1]k[0x9d][0x84][0x89][0x9]RUB[0xab][0x93]8[0xe9][0x95][0xd2]L[0x91][0xf6][0xb][0xd0][0xba][0xa0][0xa2][0x97][0x9f][0xcc][0x90][0xce]b[0xa5][0xad][0x9f][0xcc][0xc][0x10][0x95][0x15][0xad]m[0xa2]W[0xd5]efH[0xaf][0x6][0xad][0x19][0xd2][0x8a][0x19][0xec][0x93][0xc0][0x3]:Gm[0x86][0xb4][0xcc][0x6][0xbb][0xf3][0x10]=H[0xba][0xad][0xf2]6C:[0x16][0x8a][0xc6])[0xce][0x8][0xd1][0xe4][0xb][0x8]64[0xa0][0xa0]S[0x83]~[0x9e][0x11]|W[0x2]R5[0x7]9<[0x1e][0xc3][0x92]4[0xfc][0xe7][0xca][0x1b][0x9b][0x19][0xd1]-[0x7]"[0x9d][0xbc][0x94][0x9d]Y[0x90]X[0xac][0x90][0x98][0x97][0x8e][0xe5]d[0xf2][0xdc][0xd4][0xbc][0xf4][0xd4][0x9c][0xd2][0xc4][0xa2][0xec][0xc4]<[0x88][0x12][0x85][0xe2][0xc4][0xbc][0xf4][0xc4][0x12][0x85][0xec][0xd4][0xbc][0xe4]D[0xf0][0xae])[0xe8]q+[0xf8][0xf][0xf5][0x83][0x87][0x12][0xd2][0xf1][0x1b][0xe4][0x9d][0xbe]ol[0x86][0xb4]>[0x8]~\[0x83]SQ~^U*[0x8e][0xe1]@[0xc8]9[0x84]E[0xa9][0x5][0xa9]99[0xa9]y)[0xa5][0xc5][\n]"
05:47:43.111 [main] DEBUG org.apache.http.wire -  << "[0x89][0xc9][0xa0]#F@[0x7][0x8b][0x14][0x96][0x92]5$o[0x86][0xb4]t[0xc8]75%3?[0xb9]([0x15]4"[0x9]:[0xc][0x11][0xc7]![0x1a][0x8e]`;[0xf3]J2A[0x7][0x85][0x94]([0xe4][0x83][0xcf][0xd4]HT(K[0xcd][0xc9],Q[0xc8][0xcb]O[0xca],&[0xab][0xc5][0x88]t[0xcc][0xd4][0x90][0x8b]I[0xa4][0xb5]JC[0xcf][0xed][0x88][0xb9][0xd5][0xa1][0xe7]v[0xc4][0xb2][0x8b][0xa1][0xe7]vDIN[0xe3]:[0x3]iY[0x97]g^rQjJfRN[0xaa][0x2][0xac][0xa4][0xc9][0xc9]O[0xc6][0xdc][0xfb][0xea][0x9a][0x8]?fE!5/[0x13][0xd2][0x19],[0x6][0xe5][0xef][0xd4][0xe2][0xe4][0xcc][0xd2][0xbc][0x12][0x85][0x94][0xd2]d[0xf0][0x81]F[0x90]3[0x84]r[0xc9][0xca][0xf2]t[[0xda]e[0x86][0xb4][0xe0][0x8a][0xd6][0x81]M[0xb7][0x6]5[0xd2][0x9a] [0x1a][0xfb][0xc9][0x84]n[0xcd]\[0x13]D3[0x97]&[0x19][0x1a]g[0xa3][0x87][\n]"
05:47:43.111 [main] DEBUG org.apache.http.wire -  << "[0xd5][0xb9][0x9][0xe5]C[0x1e][0xc8][0xb7][0xe8][0xe0][0x19]t63[0xa1][0xdb][0xf0][0x12][0xd2][0xca][0x1f][0x1a]'2SD=Dk[0x9b][0x8][0x97][0xbc][0x0][0x0][0x0][0x0][0xff][0xff]"
05:47:43.111 [main] DEBUG org.apache.http.wire -  << "[\r][\n]"
05:47:43.111 [main] DEBUG org.apache.http.wire -  << "46B[\r][\n]"
05:47:43.111 [main] DEBUG org.apache.http.wire -  << "R[0xc2]wR[0xb][0xd1][0xa7][0x92][0x98]![0xad][[0xa1][0xb5][0x9f](O|[0xc4][0xad][0xc5]3[0xa3][0xdb][0x1a][0xe]3[0xba][0xad][0xac]0[0xa3][0xdb][0xe9]1ft;[0xd3][0xc5][0xc]tK[0x0]]VV[0x98]![0xad]i[0xa0]q*[0xa7][0xdb][0xb2][0x2]3[0xa4]e[0x5][0x1e][0x5][\n]"
05:47:43.111 [main] DEBUG org.apache.http.wire -  << "a[0x99]e[0xf9][\n]"
05:47:43.111 [main] DEBUG org.apache.http.wire -  << "[0x91]FF[0x18]=[0xe1][0xdc][0xd4][0xdc][0xcc][0x9c][0xcc][0xec]L[0x85][0xe2][0x82][0xd4][0xe2][0xcc][0xb4][0xcc]l[0xd0][0x99]"[0x95][0x89]y[0xe9][\n]"
05:47:43.111 [main] DEBUG org.apache.http.wire -  << "[0x89][0x5][0xe0][0x93]F[0xa1][0x9d]Jc[0xd0][0xbd]0([0xa7][0xc5][0xa3][0xd7]DH[0xf3][0xd9]f[0xe6][0xa4]t[0x9f][0xb1][0x9c][0xff][0x8d]''S[0xaf][0xff]jb[0x82]t[0xbf][0x2]4[0xde][0x8d]1[0x2][0x88][0x1a][0xe5][0xa8][0x89][0x89]%)[0x1]B[0xc1])s&&HSD4[0x1a]EF[0xda][0x2][0x1a][0x92][0x98]Q[0xaa][0x90]T[0x9a][0x83][0xe5][0xc]D|[0xe1]F[0xdc][0xaa]I[0x13]S[0xa4][0x81][0x1c]2m"[0xb6][0xa6]31E[0x1a][0xe7][0xa7][0xbd]][0x88]F"4[0xdd][0xd1]fm[0x9f][0x89])[0xbd][0xf6])[0x9a][0xd0]mz[0xda][0xc4][0x94]^[0xd3][0xd3]&[0xa6][0x98][0xe5][0x3][0xad][0xe2][0x89]n[0xe5][0x83])[0xbd]&[0xab]ML[0x91]J"[0x1a][0xa7]r[0xba][0xcd]6[0x99]!-[0xa1][0xb][0x80]\[0xf3][0xa6][0xe0]X[0x9a][0x93][0x99][0xa8][0x80]Yqd[0xe6]e[0x82][0x96][[0x82][0xae][0x82]SH[0x84][0xab][0x81]V[0xa7][0xc4][0x95][0x80][0xc6]f[0xe6]t*)[0x8c][0xcd][0xcc][0x11]=2[0xec][0xd3][0x12][0x3];k[0x82][0xb4][0xfa][0xe][0xbb][0xf3]p[0xcd][0x9a][0xa0][0xef]J[0xa1]^[0xfb][0xc1][0xd8][0xc]i[0xd9][0x1e]vG[\r]p[0x98]![0xba][0x89][0xd8][0x9d][0x87]+[0xcc][0xd0]{[0xee]T[\r]3DK[0x8][0x9c][0x83][0xb2][0x15][0xdc]3Ss0[0x9a]]![0xa0]C[0xc6][0xf3][0xd2]A[0x17]$f[0x17]e[0x16][0x14]g"[0xdc]J[0xfc][0xde]A3[0xb][0xc4][0xb8][0xf][0x92]e[\n]"
05:47:43.111 [main] DEBUG org.apache.http.wire -  << "[0xd9][0xa9][0xba][0x98]-a*[0xd9][0x88][0xc8][0xb0]h6b[0x96][0x10]T[0xb2][0x11][0xd1]q[0xa6][0xcf]MWfH[0x17][0xa0][0x81][0xfd][0x98]\B[0xdb]B[0x10]ia[0x4][0x9d]|H[0xaf]&[0x86][0xb1][0x19][0xbd]*~c3zU[0xc7][0xc6]f[0x96][0x88][0xaa][0x84][0xa6][0x15][0xbf][0xb1]9[0xa8]CJ[0x97]![0x2]s[0xa4]kri[0xed]'D[0x9]Bk[0x9b][0xe8][0x16]OH]F[0x1a][0xfb][0xc9][0x10]1[0xa1][0xe6][0x19][0xe0][0xe1][0xef][0xe7][0xaa]`h[0xaa][0x10][0x10][0xe4][0x8f]Q[0xc1]x[0xb8][0xfa][0xb9][0x7][0xf8][0xfb]![0xaa][0x15][0x13][0xd0]H11w[0xe1][0x99]#[0xad]S[0xa3][0xb5]o[0x10][0xf5][0x17][0xed]|C[0xb7][0xf4][0x86][0xb4]0[0x87][0xc6][0xe1][0x86][0xb4][0xc6][0x86][0xd6]6![0xd2][0x1b][0xad]mB4[0x9c]hm[0x13]R[0x8b]"1[0xaf][0x4][0xb2][0xc3][0xcc]7[0xb1][0x8]4[0xe9][0xea][0x93][0x98][0x8b]y[\r][0x90]k[0x89]BFf2h[0xd5]m>[0xd2]4*h[0xf4][0x9b][0xa8][0xfc][0x84][0xb4][0x82]#)[0xb1]85[0xa5](-[0xb3][0x2]#[0xbf][0x82]eR[0xd3][0x12]KsJR@;[0xdd][0xa0][0x1d])3K[0xd0][0xe0]-q[0xd6][0xd0]kb[0xd3][0x1c][0xe9][0xe6]+[0xda][0x8c][0xbd][0xa2]7[0xd0][0x91][0xc6]^[0xcd][0x91][0xee][0xc0][0xa2]q:[0xa1][0xdb]q#[0xe6]t[0x9b][0xfd]6[0xa7][0xee]i#[0xf8][0xe2][0x9]i[0xc2][0x96][0xc6][0xf1][0x84]t[0xf6][0x5][0xad]mB[0x94][0x1c][0xb4][0xb6][0x9][0x91][0x99]iV3[0x82][0x1a][0x4][0xd0][0xd6]%[0xfd][0xb3]1[0xd2]l[0xf2][0x0]XN[0xb7]Z[\r][0xe9]R[0x1c][0x1a][0xa7][0x18][0xa4][0x8b]i[0x6] @[0x11][0x19]c[0x0],G[0xb4][0xf3][0x7][0xc0]rDF[0xa5][0xbf][0xe5]H[0x87]([0xc][0x80][0xe5][0x88][0xf5] [0x3]`9"[0x7][0xd3]c[0x8c][0xc6][0x9c]n[0xb][0x10][0xcc][0xe9]v[0xb4][0x83]9[0xd2][0x2][0x4][0xec][0xe3][0xa7][0x3]:[0xbc]k[0xe]j[0xf8]B[0xab]'[0xec][0xce]C[0xea][0xdb]Z[0xe2][[0x98]E[0xc5][0xe1]]s[0xba][0x9d][0xd0]`[0x8e][0xb4][0x94][0x2][0xbb][0xf7][0x7]6v[0x90][0xd6]_`w[0xde][0x80][0xc4][0xe][0xa2][0xf]9[0x88][0x1c][0x85][0x18][0x80][0xc0][0xee][0xa8][0x1][0x8e]HD[0xed][0x89][0xdd]y[0x3][0x12][0x91][0x88]Zu[0xf0]8jpO[0x87][0x99][0xa3][0xdc][0xce][0xe2][0x1f][0x81][0xef]r[0x16][0xba]m[0xbc]2G[0xba][0x9e][0xc5][0xa5]4[0xbb]4[0xf]c[0xdc][0x3][0x91][0xba][0xcc][0x88]>O[0xc4][0x1c][0xe9][0xf4][0x8][0xec][0xc9]c`[0xb3][0x14][0xca][0x9d]/[0x83]&&[0x8]e[0xa9][0x81][\r]3[0xa4][0xe3][0x1f][0xb0]G)"[0xa1][0xd0]/[0xf5]Z[0x12][0x9a]a[0x1e][0xe0]0C[0xc][0x9f][0xf][0xa2]0[0x1b][0xdc][0xd5][0x1d][0xd2][0xe4][0xdd] [\n]"
05:47:43.111 [main] DEBUG org.apache.http.wire -  << "[0xb3]A[0x9d]7-[0x90][0x8e][0xb0][0x18]4af[0x81][0xb4]][0x9d]&;Q[0xd0][0xc7]6[0xa9][0xd8][0x8b][0xb0]@[0x9a]m[0x1d]zn'[0xd4][0xc6][0x1e][0xd0]2[0xd1][0x2][0xe9]&[0x9b]A[0x94]V[0x11][0xc3]c[0xb4][0x1d][0x5][0xb4]@:l[0x85][0xee][0x83]2[0x16]H[0xd3][0xe0][0xd8][0xc3]~`[0x93][0x6][0xd2][0xdc]9v[0xe7][\r]@[0x13][0xc3][0x2]i[0xb2]}[0xc8][0x15][0x5]Hk[0xca][0xb1][0x7][0xe8][0x0][0xc7]7[0xa1][0x96][0xc8][0x80][0xc4]7[0xdd][0x8a][0x2][0xa4][0xe5][0x8]C/e![0x1a]D[0xe0][0x2][0xd3][0xb1](3=1[0xbf][0x4]t[0xfa]$[0xea][0x11][0xb0][0xf8][0xb6]a[0x10][0xbb]9[0xc2][0xd8][0x2]i=[0xc5][0x90][0xb]*[0xa4][0xa3]M[0xe8][0xb3]z[0xd0][0x2][0xe9][0x88][0x13]p[0xe4][0x4][0x4][0xd3]f[0xdb][0x80][0xb1][0x5][0xd2]1%[0xf4][0xf2][0x1b][0xa2][0xcc][0xa0][0xb5][0xdf]H*[0x8][0x0][0x0][0x0][0x0][0xff][0xff]"
05:47:43.111 [main] DEBUG org.apache.http.wire -  << "[\r][\n]"
05:47:43.111 [main] DEBUG org.apache.http.wire -  << "4BF[\r][\n]"
05:47:43.111 [main] DEBUG org.apache.http.wire -  << "[0xca]W m[0x1b][0x19][0xd2][0x8a][0x9][0xb][0xa4][0x83];h[0xec]'[0xa4]c6hm[0x13]b[0xf2]i[0xc8][0xe5]Xc[0xb4][0xc2][0x8d]v[0xf9][0x7]i[0xb7]>[0xce][0xf8]@T[0x82][0xc4][0x97][0x97]H;[0xe9][0x15]0F[0xf4][0xa8]S$[0x9b][0xd0]-[0x90][0x90][0x96]A[0xc][0xb9][0xa4][0x84][0xb4][0x8a][0x2]g[0x4]S'>[0x90]n[0xd8][0xa0][0xb5]M[0x88]A7Z[0xdb][0x84][0xe8][0xca][0xd2][0xda]&[0xc4]H[0x1d][0xad]m[0xa2][[0x5][0x86]t[\r][0x6][0xad][0xfd][0x84]([0xb][0x86]\[0xe]EZ[0xa2]1[0xf4][0xdc]>[0x84]+Y[0xa4][0xbb]8[0x86]^[0xb8]#J[0xc0][0xa1][0xe7]vD[0xf9][0x93][0x99][0x97][0x92][0x9f][0x9b][0x99][0x8a][0xd1]@H[0xcc].U(.[0xcd]NT@([0x80][0xae]v6"z[\n]"
05:47:43.111 [main] DEBUG org.apache.http.wire -  << "[0xd0][0x2]i[0xf1][\n]"
05:47:43.111 [main] DEBUG org.apache.http.wire -  << "[0xb4][0xf4][0xc1][0x9c][0xf0][0xc4]W[0xf3][0xd1]m[0x12][0xc9][0xc2][0xc]1[0xc1][0x8e][0xd3][0xa5][0x88]F[0x18][0xbe][0x9d][0xb3][0xd4][0x1c][0x82]6G,[0xa0][0x82][0xb8][0xaa][0xd8][0xb4][0x18]#[0xa6][0xe0][0x1][0x88][0xde][0xf9]033[0xc3]s[0x86][0x5]r[0xe7][0x3]i[0xaa][0x16][0x11][0xdd][0xa8]}x[0xaa][0xa4][0x7][0xa4]c[0xfe]ik[0xf]"6ik[0xf][0xa2][0xce][0xa3][0xa9]=H[0xf3][0xae][0xb4][0xb5][0x7][0x91][0xde]hk[0xf]R[0xb7][0xba]2/[0xb5](=[0x13]|[0x81][0x10][0xe4][\n]"
05:47:43.111 [main] DEBUG org.apache.http.wire -  << "-[0xec][0x97][0xf8]x[0x16][0xe5][0x83][0xd6]%[0xc0][0xca] K[0xd0][0xae]Zbv\X"m[0xcf]C[0x1c][0xed][0xe]2M[0xc1])[0xbf][0xa4]$[0x7][0xb3][0xe4]s[0xce][0x7][0x1d][0xef]W[0x2][0x92][0x80][0xda]fn[0xe][0xca][0x88][0xc4][0xd9][0x86][0xa8][0x8d][0x83]sRS[0xb3][0x15][0xdc][0x8b][0x12][0xf3]2KR[0x15][0xc2][0x13]srRK02/[0xec][0x8c]yD[0xd9]bb[0x0][0xda]fN[0x9c]e[0x88]`[0x1c]bU[0x90][0x89])[0xbd][0x8e][0x97]615@[0x14][0x6]4?T[0x5]if[0x7][0x8f]][0x88][0xc8]&[0xb6]7ob[0x8a]4/[0x82][0xc7]dx]@[0xc1]X[0x94][0x89][0xa9]![0xa2]X[0x83]T;4[0x1a];41E[0x1a][0x17][0xc5]>9[0x81][0x8]*z[0xb5][0x5]LL[0xe9]5tjbJ[0xaf][0xfb][0xda]ML[0x91]NI[0xa6]i[0x94][0x1a][ [0xed];[0xa3][0xb5]Mt[0x1b][0x19]@[0xda][0x90][0xe5][0x98]Z[0x94][0x9f]R[0x99][0x97][0x8][0xba] [0x4]v[0xf1]][0x8][0xe8][0x6]:[0x8c][0xa2][0xdd][0xb5][0xa2] 5%[0xb3]$Q[0xa1][0xb4][0x4]t[0xac][0xb3]Br~QA~[0x11]y[0xe7]:[ ][0xb][0x1d][0x8c]Tc[0xfa]d[0xe6][0xa5][0xe6])8%[0xa6]c[0xda]^\[0xa2][0x90]ZT[0x94]_[0xa4][0x90][0x97][0x99][0x91][0x99][0x3]rAf[0x89]Bqf^[0x89]BQjQi[0xae]BiNN"Y[0x7][0xce]Z[0xd0]m[0xd3][0x98][0x85][0x9][0xa2]=B[0xe3][0xb4]D[0xb7]c`-[0xe8][0xb6][0x11][0xce][0x82]n[0x7][0xce]Z ][0x89]:[0xc4][0x1a]"[0xc6][0x16]H;[0x18][0xa0]il[0xb0][0xf6]Q1[0xb7]5`[0xba][0x14]Q_[0xd2][0xad][0x8f][0x8a][0xd4][0xe2][0xcd][0xcf][0xab]T[0xa0][0xdd]D[0x9][0xe6][0x81][0x8e][0x98][0xfe][0xc7][0xd7][0x0][0xa2]W[0xb][0xc2][0xd8][0x2][0xe9][0x84].[0x9c]ij[0x0]b[\n]"
05:47:43.111 [main] DEBUG org.apache.http.wire -  << "1[0xea][0x83][0xd3]U[0x83]$[0xfc][0x10][0x1d][0x1b][0x9c].[0x1d][0x80][0xf0]Ct$[0xb0]7V[0x7]v%[\r][0xa8][0xdb]8[0xd8][0xb6]bY m[0xc7][0xa0][0xe9][0x88][0x2][0xe6][0x95][0xa2][0x83][0xb5]l@[0xda][0x1]2[0x88][0xd2][0xb6][0x5]F[z[0xd0][0x86][0x1f][0xc6],[0x1d][0xa6]K[0xe9]_6 [0x1d][0xa1]E[0xd3]t[0x8e]|[0x80][0x16]x|[0x9]6[0x80][0xa4][0x10][0x9e]X[0x92][0x9c][0x81][0xd1][\r][0xf0]IM,[0xc9]HE:[0xab][0xc4][0xc2][0x8][0xb4][0x7][0x9d][0x98][0xe1]%[0xb][0xa4]U[0xf8][0x90][0xb1][0xac][0xf0][0xfc][0xfc][0x1c][0xe2][0x7][0xb2][0x8c][0x8c]@%[0x12]q6![\r]8 [0xf5]n[0x82]3s[0xb2][0x15][0x9c][0xb1]^[0xad][0x1][0xb9]w[0x3][0x11][0xcf]FF[0xa0]1lb,[0xb3]DZ[0x93][0xee][0x6]?Y[0x6]b[0x9e][0x82]s>[0x96]S[0x84][0x83][0xf3]sJK[0x12][0x15]RK[0x14][0x92]K[0xb]2A][0xba][0x92]T[0xa4]#f[0xf0]_u[0x84]4[0xcc]n[0x89]<[0xe6][0x85][0xe4]M[0xe7][0xfc][0x82][0x82][0xd4]"[0x5][0xef][0xbc][0xcc]4[0xd0][0xa0]#[0xea][0xb8];[0xc4]a[0x8][0x8f]ZX[0x82]:[0xd8][0xc4]y[0x14][0x91]S[0x86]Z[0xab][0xdc][0x12]i[0x85]8$[0xed]A[0x8f][0xfe][0x9]H[0xcc]+[0xc1][0x9c][0x2][0x9]*MJBN[0xe4][0xa6]f[0xa0][0xcb][0xbf][0x89][0xb]$D[0xa5][0xe][0xb1][0x8][0x9e][0xa1][0xb0][[0x5][0xed][0xf3]#"[0xc4][0xd2][0x2][0xb4][0xea][0x82]8[0xbb][0x10][0xc9][0x1c]y[0x18][0x1]n[0xa3]wjeR~bQ[\n]"
05:47:43.112 [main] DEBUG org.apache.http.wire -  << "[0xe1]\l[0x6]>[0xff][0x8b](K[0x91][0xd6]{[0xf][0xb9]T[0x80]t[0xf6]vpnbN[0xe][0xd2][0x95][0xac]XK[0x5],[0x91][0x3]JH[0xc4][0x85][0x13]b[0xac][0xc1]3[0xaf]$5''3=5[0xaf]D[0x1]2[0xc2][0x82]=-[0x80][0xe7]+[0x10])[0xc1][0xdc][0xc2][0xd0][0x94][0xb8][0x9]7K[0xa4][0x5][0xe5][0x1e][0xa9][0x89]e[0x95][\n]"
05:47:43.112 [main] DEBUG org.apache.http.wire -  << ".[0xa5]%[0x95][0x8][0xdf][0xe1]L[0x8][0xa0]y[0xb]d[0xb]AC1[0xc4][0xf9][0xe]Q[0xbf][0xc3]/(s[0xce]/)[0xc9][0xcf][0xc3]U[0xa0]C2[0x1c][0xc2]2[0x13]K[0xd0]@:q[0x96]![\n]"
05:47:43.112 [main] DEBUG org.apache.http.wire -  << "[0x1e][0xe4][0xc1]*[0x90][0xe3][0x15][0x9c]R[0xf3][0xb0]TS[0x98][0xa5][0x1c][0xe8]8e[0xe2],C[0xf4]j[0x2][0x8a][0x12][0x93]K2[0x93][0x13]s`[0xd7]2y`)[0xcd][0xa1][0x13]2[0x8][0x8f][0x99][0x1a][0x83]V[0x16][0x13]g[0x17]R[0xbf][0x4][0x9c][0x1e][0x3][0x12]A%7[0xf6][0xaa][0x17]=[0x0][0x8d][0x8c]A+e[0x89][0xb3][0x7]Q([0x5][0x95][0x82][0xa7][0xc6][0xa0]u[0x4][0xd6][0xfa][0x9]"[0x87][0xf0][0x90][0xa5])[0xf1][0x16][0xa1][0x94]H[0x0][0x0][0x0][0x0][0xff][0xff]"
05:47:43.112 [main] DEBUG org.apache.http.wire -  << "[\r][\n]"
05:47:43.112 [main] DEBUG org.apache.http.wire -  << "5CD[\r][\n]"
05:47:43.112 [main] DEBUG org.apache.http.wire -  << "[0x82][0xf]lB[0xca]S[0x5]l[0xc1][0x7][0x91]BXfd[0x2]:[0xb4][0x99](_[0x81][0x82][0x19][0xda]AA[0xba]A[0xb][0x92][0xc1][0xb0][0xd7][0xf2][0xe8]Ahf[0xc][0xca]8[0xc4]Y[0x86][0xc8][0xce]>[0x99][0xe9][0x19]%[0xe5][0xa9] R[0x1]b"V[0x9f][0x85][0xe7][0xe7][0xa7][0xa4]"[0xcd]1[0x9a]Z[0x82]V[0xca][0x12]g[0x19]"w[\r][0xb9]2[0x16]y[0xe][0x2][0x9c][0xa6]a[0xf3][0x9f][\n]"
05:47:43.112 [main] DEBUG org.apache.http.wire -  << "[0xd8][0xb]=[0x8c]2[0xd6][0xcc][0xc2][0xd4][0x98][0xc8]b[0xf][0xe9][0x9e]Ix)[0x4][0xc9]B[0xd8][0x92][0x1a]F[0xdb][0xd5][0x8]|p<q1[0x82][0xc8][0xa9][0xae]y[0xf9]E[0xb9][0xf9][0xa5][0xc5][0x88][0xe2][0x15][0xbb][0xc7][0xd0][0xb3][0x91][0x91][0x5][0xe8][0xcc]_[0xe2]lC[0xe4]W[0xe4]l[0x84][0xdb]k[0xa0][0x96]-"[0xf][0x11]~[0xa0]%[0xd2]2q[0xc7][0xf2][0xd4][0xe2][0xfc][0xdc]T[0x5]h1[0x1e][0x9c][0x91]Y[0x84]9[0xbf][0x8c]VEYX[0x12]{ "8[0xf1]Cs+b[0xde][0x1c][0x9e]6p[0x14]D[0xa0][\n]"
05:47:43.112 [main] DEBUG org.apache.http.wire -  << "[0x5][0xe1]/[0xb][0xb][0xd0][0x82][0xf][0xa2]B[0xd0][0x18]1[0x8a][0x88][0xb0][\r]ZT+[0x4][0xe4]$[0x82][0xa7][0xe3]Q[[0xc6][0xa0][0xea][0x4]a[0x97][0xb1]1h[0x1f]8qv![0x8a][0x6]h[0xe9][\n]"
05:47:43.112 [main] DEBUG org.apache.http.wire -  << "[0xc9][0xfa]8[0xec][0xc1]H[0xf0][0xe6][0x86][0xa0][0xd1][0x6][0xe2][0xac]B,[0x12][0x83]'Ch[0xb2]V[0xc0]z[0x8a]%[0xd4][0xcb][0x8]Y[0x18][0x12][0xdd][0x94]E[0xba][0x8][0xd0][0xa5][0xb4][0x8]4'[0x85]H[0xf2][0xd8][0xab]]P[0x87][0xe]a[0x95][0x19][0xf1]+[0xf][0x90][0xce]B[0x1c]r[0x5][0x1e][0xd2]d[0x1e]r[0xcd][0x0]O[0xda]8.lEMn[0xa6]&[0xa0][0xb9])[0xe2][0xd2][0x0][0xa2][0x8e]E[0xb6][0xf][0xde][0xea][0xc7]V[0xf4][0xa1]F[0x8c][0xa9]![0xe8][0xb4]s[0xa2],C[0x9a]'D[0xb6][0xc][0x9a][0xc0][0xb1]/[0xad]A[0xaf][0xd2]M[0xc]Agc[0x10]g[0x1d]"[0xdb]"U[0xe9][0xe0]B[0x7][0xc7][0xed][0xbb]`9D[0x9a]32[0x6][0x1d][0x15]J[0x9c]][0x88]l[0x8b]d[0x17][0xb4]B[0xc7][0xde]~[0x80][0xc5])[0xc2]>c[0xf0]!a[0xc4][0xd9][0x87][0x94]w[0x8b][0xd2][0xf3][0xf3][0xf2]AS[0xbe][0xf0][0xc2]6?[0x15][0xb3][0x1b][0x8a]Z[0xaa][0x9b][0x1b][0x82][0xae]9![0xce]*D[0xfb][0x1][0xb9][0xc1][0xc][0x8d]5[0x1c][0x9][0x4][0xa5][0xb1]bfItzD[0x9a][0x16][0x84]_[0x98][0xc][0xa9][0xa9][0xb0][0xb7]c[0xd1]c[0xcc][0x4]4[0x82]I[0x9c][0xb7][0x10]MsH[0xf7][\r]Z[0xba][0xe1](h[0xa1][0xb2][0x88][0xc8][0xb2]4[0x5][0x9d][0xe8]F[0x9c]U[0x88][0xfa][0x1e]cP[0x7][[0xf8][0x81][[0x9d][0x8][0x9b][0xcc][0xc][0x88][0x1e]UA[0xde][0xf3][0x2][0x1e][0x81][0x83][0xb4][0x1b][0x88][0xf5][0x93][0xb1])[0xe8][0xa4]a[0xa2][0xfc][0x84][0xb4]od[0xc8][0x15][0xb2][0xa0]1[0x11]h[0xeb][0x1]:[0xca]M[0xa3][0xed][0x87][0x96][0xa0][0xc6]'[0xd4]&[0xe4][0x12][0xf]Zk+[0xe0]([0xcd]![0x91][0x86]H[0x0][0xa6]&[0xa0][0xc1]9[0xe2][0xa2][0x5][0x91]Y[0x11][0x1d]NX[0xa5][0x8e][0xbd][0x1c][0xc2]H[0xd9]&[0xa6][0xa0]-[0x7][0xc4]Y[0x87][0xe8]L#[\r][0x15][0x80]j#[0x1c]#[0x86]P[0x9f]#[0xfc]fdH[0xec]B`K[0xd0][0xd8]0[0x96][0xc0][0x4][0x17][0x1]8[0xfa][0x3][0xa8][0x85][0x9e][0x91][0x19][0xd1][0xcd]0[0xa4][0xad])[0xd0]f[0x18][0xbc]J[0xc][0xce][0xc0]Z[0xbc][0x96][0xa4][0x82]/i[0x81][0xae][0xca][0xb4]4[0x5][\r]m[0x11][0x17][0x86][0x88][0xf6]9[0xd4]*H[0xfc][0xe3][0x18]\[0x6]{[0x17][0x11]~&[0x86][0xa0]Y,[0xe2],[0xc2]^[0xd7][0x83]c[0xb]{[0xe5][0xb].y[0x91][0xec]"[0xbe][0x19][0xb]JA[0xd0][0xb8][0x82]w[0xa6][0xa0][0xde][0xc2][0xde][0xc1][0xc1]H[0x18][0x16]F[0xa0];F[0x88][0xf2][0x18][0xa8][0xdb][0x0][0xb5][0xc]yt[0xc][0xd4]N[0xc1][0x91][0xc][0xd1]JXKCPG[0x93]8[0xbb][0x10][0x15]=J[0x8e][0x86][0x8e][0xb5]`]G[0x8b][0x16]e[0xe6][0xe6][0xc4][0xfb][0xc][0x91][0x9d][0x91][0xf2][0x17][0xb4]Y[0x81][0xbd][0xd9][0x8c][0xe6]5[0x12][0x9a]g[0xa0][0x8c][0x8][\r][0xc6]!W[0xa4]cn[0xe6][0xa0]U[0x91][0x8e][0xb9][0x19][0x83]f6![0xf2]+[0x8d][0xab])[0xa4][0xc5];[0xb4][0x9c] [0xb4][0x4][0xad]T[0x87][0xa6]0[0xda][0xda][0x83][0xc8]6[0xb4][0xb5][0x7][0x11]C4[0xb5][0x7]T[0xc4][0xd3]#[0xdc]@[0xd3][0x94]P{[0x2][0x82][0x15]0[0xd3]uzbn[0xaa][0x82][0xa9]BqI"[0xd2][0xa4]-[0xfe][0x95]K[0xc8]S[0x8c][0xa0][0x9e][0x1b][0xd4]x[0x1a]'hP[0x97][0x94]>6[0x81][0x86][0xe1][0xe8]d[0x13][0xa2];K[0xe3][0xd0][0x3]UOt[0xf2][0x13][0xa2][0x1b]KS?[0x99][0x18] [0xcf][0xd6][0xd1]r%[0xa0][0x89][0x1][0xd2]f[0x8]Z[0xfb][0x89]~[0xa1][0x87](Pi[0xed]'D[0x8f][0x82][0xd6]6![\r][0x0][0xd0]8E [0xfa][0xff][0x99][0x1][0x19][0xf9]y[0xa9][0x86][0x98]W[0x1d][0x82][0xf7]G[0xa6][0xa6][0xc0].DEjt[0xe3]=[0x99][0x1c]Q[0xbc][0x9a][0x18] [0x1d][0xd7]D[0xeb][0xa0]C[0xd4]{4[0xb6][0x9]iZ[0x8e][0xd6]6[0xd1][0xa9]x510Bt!h[0xed]'[0xba][0x15][0x10]dm[0xe1]A$r[0xa2][0xb7][0x9a][0x19][0x80][0x6][0xa8][0xe8]Q7[0x99][0x18] [0x8d]V[0xe7]f[0xe6]dc[0xac]{A[0xb8][0x1e][0xdf]jv[0xe4][0xc][\n]"
05:47:43.112 [main] DEBUG org.apache.http.wire -  << "Z[0x10][0x1]u;[0xb5]LDD0][0x8e][0xb7]21@:[0x10][0xc8][0xb3][0x0]T[0x96])[0x18][0x1a]*[0x98][0x99]([0xa4]'a[0x4][0x10][0xbe][0xe5][0xda][0xc4]G8[0xd2][0xfd]7[0xd8][0x17]6#[0xe2][0x1]K[0x94]z{[0xdf]M[0xc][0x90][0x86][0xa2]h[0x17][\n]"
05:47:43.112 [main] DEBUG org.apache.http.wire -  << "Tt0x\[0x17][0x9a][0xf4][0x82][0xb3][0xab][0xf2][0xf3][0x15][0xc2][0xf3]s[0xd2][0x92]3[0x12]AK[\n]"
05:47:43.112 [main] DEBUG org.apache.http.wire -  << "Pg.[0x83]K[0x8a][0x12]+[0xb3]3S@3[0x8][0xd0][0xc1],C3[0xd0][0xd6]Q"[0x86]GLL[0x91][0xa6]J[0x83][0x13]s[0x8b]K[0xf3][0xd2][0x15][0x82][0x8d][0x8c][0x15]BsJ[0x8a][0x12]1[0x12][0x88]{bNbE%"[0xfe][0x88][0xcc]G[0xa6][0xa0][0xe1]p[0xa8]g[0x6]M[0x92]0[0x5]M[0x15]A[0x1d]E[0xd8][0xe7][0x8]?[0x93][0x12][0xb6]H[0x8d]0[0x82]a[0x9b][0x91]Y[0x99][0x8][\n]"
05:47:43.112 [main] DEBUG org.apache.http.wire -  << "qh[0x14][0x12][0x1d][0xb4][0x88]F[0xd1][0xe0][0x9]Z[0xa4][0xfd]o[0x83][0xc8]QH[0xb1]A[0xd3][0xe6][0xa3])[0xd2][0x9c][0xd8] [0xf2][0xfe]`L(H[0x7][0xb1][\r][0x9e][0x90]B[0x9a])[0x1b]D[0x8e]B[0xea]f[0x81]'[\n]"
05:47:43.112 [main] DEBUG org.apache.http.wire -  << "[0xa1][0xe3][0xef]X[0x17][0x9f][0xb9]V[0xa4][0x16]%g[0x96]$[0x96]d[0xe6][0xe7][0xa5][0xe6]*[0xe4]&[0xa6][0xe7]e*[0xe4][0xa7]d[0x96]([0xa4][0xe4][0xe7][0xe4][0x17][0x91][0xb1][0xdc][0xdc][0xc4][0x14][0xa9][0x6][0x1d]<[0xa1][0x82]t[0xe4][0x13]M[[0xe6][0xc6][0x96][0xe6][0x88][0xec]C[0xd3][0x91]C[0xd0][0xfa]Gh[0xad]4[0xe4][0xc6][0xf4]AS[0xf9]P[0xb7][0xd3]d4[0x12]Q[0x80][0xd3][0xc4]xD[0xe][0xa3][0x89][0xf1][0x88]1[0x5]Z[0x18][0x8f][0xb4]e[0x88][0xc6]9[0x1][0xb4][0xe][0x5][0x1a][0xcb][0xb4][0xb6][0x9][0x91][0xe7]hm[0x13]"rhm[0x13]b[0xf2][0x98][0xd6]6[0xd1]m[0xcc][0x7][0xe9]P$[0x9a][0xfa][0xc9][0xc4][0x0][0xe9]Z[0x12]Z[0xdb]D[0xb7]1[0x1f][0xa4][0x9b]Ah[0xed]'D[0x1]Jk[0x9b][0x10]e)[0x86]M[0x0][0x0][0x0][0x0][0xff][0xff]"
05:47:43.112 [main] DEBUG org.apache.http.wire -  << "[\r][\n]"
05:47:43.112 [main] DEBUG org.apache.http.wire -  << "DF[\r][\n]"
05:47:43.112 [main] DEBUG org.apache.http.wire -  << "*[0x0][0xb5]J[0x94][0xac][0x94][0xa8]3[0xda][0x0][0xda][0x91][0x3]-[0x8d][0x86]X}ib`[0x80](u[0xb0]7[0xa9][0x6]r[0xb][0xb8][0x89][0x1]h[0xc][0x1][0x1a][0xb4][0xd8][0x9d][0x87][0xe8][0x14][0xd3]o [0x7][0xb4]J[0x7][0xea][0xa8]![0x17][0xdf][0xa0][0x8d]4P[0xb7][0x13][0x9f]+[0x10][0x81]L[0xfc][0x10][0x1c]hq[0xc]},B[0xd4][0xd0]C/6[0x10][0xf5][0xe3][0x90]s;h/[0x11]]"[0x18]yx[0x90][0xe8]A[0x13]r[0x92],[0xd2][0x10]![0x95][0x86][0xda][0x91][0xc6][0xf7][0xa8]e"[0xa2][0xfe][0xa4][0x96][0x89][0xe4][0xd4][0x93]d[0x5]/"[0xa3][0xd2][0xb6][0xe8][0x19][0xba]{9L[0xc][0x90][0xf6]r[0xd0]kr[0x6][0xd1][0xca][0xa4][0xde][0xb4][0x84][0xa9][0x8e][0x92]sbIjz~Qfj[0xb1][0x92]U4[0xca][0x8c][0x16]"[0xc1][0x5][0x4][0x9b]`[0xc][0xf0][0x17][0x14][0x9b]($%[0x16][0x81].[0xdd][0x81][0x8e]C[0x1b][0x13]{>[0xb3][0x89][0x1][0xd2][0x15][0x11][0xb4]Mc&[0x88]>[0x14][0xf5][0xbb][0xd2]&[0x6][0xc8]k[0xf2][0xf3][0xf3]*[0x1][0x0][0x0][0x0][0xff][0xff]"
05:47:43.112 [main] DEBUG org.apache.http.wire -  << "[\r][\n]"
05:47:43.113 [main] DEBUG org.apache.http.wire -  << "3CE[\r][\n]"
05:47:43.113 [main] DEBUG org.apache.http.wire -  << "[0xa2][0xd9][0x19]T&[0x6]H[0xc3][0x9f][0xc4][0x87][0x18][0xd2]<[0xf][0xf1]-[0x2][0xa4]1M[0xb2]l"r:[0xc2][0x0]i[0xa5]>l[0xd7][0x18]d76[0x8e]u[0xbd][0x81][0xa5][0x99][0x89][\n]"
05:47:43.113 [main] DEBUG org.apache.http.wire -  << "[0xa9][0xf9][0xc5][\n]"
05:47:43.113 [main] DEBUG org.apache.http.wire -  << "E[0x90][0xc1]J[0x85][0xbc][0xd4][0xe4][0xd4][0xe2]b[0xf0][0xd8]eRi[0xb1]BZizfb[0x89]Bb^fn&[0xd2][0xb0][0xa5][0x11][0xa8][0xcb]I[0xcc][0xfc][0x96][0x1][0xd2][0x82]~[0xda]z[0x1c][0xd1][0x96]'[0xcb][0x1e][0x12][0xa2][0x12][0x91][0xfa][0x91]v.[0xc1][0x86][0x83]q[0xec]Pp[0xad]P(,ML-J[0x4][0x9d][0x1e]Y[0x4][0xe][0xde]b[0xa4][0xf0]$[0xf6][0xd4][0x11][0x13][0x3]SD[0xab][0x89][0xc6][0xfe]DZ[0x91][0xe][0xdf]Y[0x4]^[0x98][0xad][0xe0][0x9c][0x9f][PZ[0x2]>[0xa2][0x3]u*[0xd4][0xb1][0xb8] [0xb5](3[0xbf]([0xb5][0x18]r6e~rrbjrbI[0xa6]Ba)y[0xc9][0x7]y[0xa5]:[0xcd]f[0xcf][0xa9]8ol[0x0][0xda][0xe3][0x4]m[0x19][0xd2]r[0xe9][0x92][0x19][0xa2])DSk[0x10][0xd5][0x15]M[0xad]Aj[0x1d]![0x1d][0xa5][0x3][0xde]h[0x81]#C9[0x96]B'SRs[0x15][0x8a]R[0xb]RsrR[0xf3]RJ[0x91][0xf3][0x14][0xf1]e[0x14][0xd2][\n]"
05:47:43.113 [main] DEBUG org.apache.http.wire -  << "u[0xcf][0x0][0xf]?W[0x5]CS[0x85][0x80] [0x8c][0xea][0xd9][0xc3][0xd5][0xcf]=[0xc0][0xdf][0xf][0xd1][0x0]4[0x1][0xd5] D[0x95][0x83]H[0x7]S[0xd2][0xcc][0xe][0xa4]U[0xe9][0xb4][0xb3][0x3][0xb1][0xea][0x8b][0x86][0xf3]0&[0x6][0xe6][0x88][0x85]:[0xb4][0xb5][0x7])[0x85][0xd3][0xee][0xf2][0xc][0x13][0x3][0xd0][0xbe]oX[0xb9]@K{@[0xa7]tA[0xed][0xa1]q[0xfd][0x80][0xb4][0xc6][0x9e]f[0xa9][\r][0xb4]5[0x1f][0xea][0x1b][0xda][0xd9][0x81]Hi[0xb4][0xb3][0x3]Q\[0xf][0x9e][0xa1]<[0xa4][0xcd][0xb][0xb4],[0xdc]A[0xa7]F@[0xe3]p[0xf0][0xf8][0x1d][0xe9][0xe][0xe][0x9c][0xd9][0x4]Q[0xcc][0x13][0xdf]8[0xa4][0xd7]N[0x0][0x13][0x3][0xcb][0xc1][0x98][0xa4][0x90][0xf]4$[0xba][0xeb]FV8#[0x9a][0xfb][0x83](Q[0x91][0xd3]6'[0xc3][0xf7][0xe0][0xde][0xc2]`[0xcb]R[0x86]H'1[0xe2][0xcc]R[0x18]sNd[0xf9][0x1e]Q`[0x13]o[0x11]9[0xbd]vC[0xd0].[0xf2][0xc1][0x17][0xce]H[0x8d]e[0xa2][0xf3][0x18]y[0xde]Gd2Z[0xd5][0x8c][0x86][0xa0]c[0xe8][0xa0]AL[0xeb][0xc8]D[0xe4][0xce][0x80][0xa2][0xfc][0x94][0xd2][0xe4][0x12][0x5][0xc7][0xd2][0x9c][0xcc]D[0x5][0xcc][0xbd]%[0x99]y[0x99][0xb0]}%[\n]"
05:47:43.113 [main] DEBUG org.apache.http.wire -  << "[0x89]p5[0xd0][0x11]9"[0x87]b[0xc][0x91]f[0xca][0xe8]c[0x1f][0xa2]eN[0xe3][0x90]D[0xda][0xb0]E[0x1f][0x9f]!2<}[0xec]CT[0xad][0xf4][0xb1][0xf][0xd1][0x7][0xa1][0x8f]}[0x88][0x12][0xc4][0xa9](19[0x15][0xdb]UV[0xbe][0x89])[0xa9][\n]"
05:47:43.113 [main] DEBUG org.apache.http.wire -  << "[0xf9]i[\n]"
05:47:43.113 [main] DEBUG org.apache.http.wire -  << "[0x19][0x99][0xe9][0x19][0xa0][0xa1][0xab][0x9c][0xcc][0x92]J[0x85][0x82][0xd4][0xc4][0xa2][0x1c][0xe4][0xa2][0x4][0xb4][0xdb][0x88][0x98][0xee][0xaf][0xa1]![0xa2](q[0x9]sQ[0xf0][0xce][0xcc]M-).[0x5]][0xb2][0x1d][0x99][0x98][0x99][0x4]Zw[0x8d]:[0x92][0x84][0xa8][0x17][0xc][0x8d][0xc]P[0x87][0xc0][0xf1][0xc][0xaf][0x1b]"[0xed][0xe8][0x2]Y[0xe3][[0x9a][0x9e][0x9a][0xa7][0x10]R[0x94][0x98][0x89][0xb9]l[0x1f][0x8f][\r][0x6][0xb8][0x7][0xf0][\r][0x91]nS[0xa2][0x91][\r][0xa0]0[0x85][0x96][0x88][0xb4][0xb2][0x1]QR[0xd0][0xca][0x6][0xc4][0xbc][0xca][0xa0]i[0x9e][0x19]"M[0xff][0xf]"G![0xf2][0xe2] r[0x14]b[0x88][0x9b][0xc6]U[0x9][0xd2][0x9][0x88][0xd8][0xbd]?[0xa0]Kp[0xc][0x91][0xa6][0xdf][0xb1];[0xf]Q[0x8a][0xd0]m[0x9][0x8e]![0xd2]T=vG[\r]p[0x98]!jO[0xec][0xce][0x1b][0x90]0CT[0xb1][0xe9][0x89][0xb9][0x99]y[0x98]Wl[0xa5][0xe5][0x17])@[0xa4][0x14][\n]"
05:47:43.113 [main] DEBUG org.apache.http.wire -  << "J[0x8b][\n]"
05:47:43.113 [main] DEBUG org.apache.http.wire -  << "[0xf2][0x8b][0xc1]G[0xc2]A[0xdb]|D[0xf][0x0][0x18][0x1a]#[0xf2]3[0x8d][0xb3][0xe][0xd2]L[0xbf][0x2][0xc6]H5FG[0xb][0xb9][0xd6]&v[0x83][0xb4]![0xd2][0x84]<Y[0x9e]![0xb6][0xa9]l[0x8c]h[0x9a][0x93]e[0xf][0xf1][0xd1][0x83][0xb4]G[0x95][0xd6]6!*YZ[0xdb][0x84][0xa8]lim[0x13]"[0x17][0xd1][0xda]&[0xba][0xd5]@$[0xcd][0xcc][0x83][0xf][0x1d] :+Qq^[0xd1][0x10]ib[0x9f][0xf8][0xa0]G[0x94][0xb4][0xc4][0xe7][0x10]J'[0xec]I[0xb0][0x89]nE%[0xdd]&[0xcd][\r][0x91]&[0xcd][0x89][0x8f]&[0xa2][0x13][0x14][0xd2]J"C[0xa4][0x99]q[0xa8]MX[0x96][0x13][0xe5]$V*[0x94]g[0x96]d(d[0xa5][0x16][0x17][0x83]z[[0xe0][0x4][0x8c]H[0x16][0xf8][0x1b]-([0xd6]![\n]"
05:47:43.113 [main] DEBUG org.apache.http.wire -  << "[0x19]H-[0x89]Q[0xe5]P[0xa9][0x2]E[0x9a]@[0x1f]j[0xcb]B[\r][0xcd]H)[0x1f][0xc1]QAt[0xd4]S[0xb3],A:[0xb7]"
05:47:43.113 [main] DEBUG org.apache.http.wire -  << "[\r][\n]"
05:47:43.113 [main] DEBUG org.apache.http.wire -  << "200[\r][\n]"
05:47:43.113 [main] DEBUG org.apache.http.wire -  << "[0xe][0x9a]t0O[0xae][0x82]7 [0x6][0xd0][0x99][0x88]1[0x3][0xec][\r][0xc9][0x81]m[0xe7]"[0xcd][0xe8]CC[0x91][0xe8][0xc][0x88][0x14][0xeb][0xc4][0xe7]@[0xa4][0xd9]}[0xec][0xc1]Al[0xb6][0xa6]fR2[0xc7]h[0xe5][0x10][0x1d][0x8][0xc4]:[0x17][0xb9][0x14]B:[0xf]o[0xc8][0x15][0xe]H+[0x1a][0xa0][0xe9]eP[0xe6]:[0xcc]{9i[0x1b][0xa3]C[0xa3][0xc8]D[0xda]~<[0xf4][0x12][0x1e][0xa2][0x1c][0x1d][0xd4][0x9][0x8f][0x94]&[0xff][0xc0][0xd5]J[0xe6][0x88][0xbe][0xea][0x90]K[0x9]$-[0xe][0x1a][0xb8] FZY4[0x98][0x13],[0xd2][0xe2][0xa4][0xa1][0x97][0x12][0x10]Sj4[0x9b][0xda][0xb5]@[0xc][0x4]B[0xa3][0x11][0xf3]nOx33/_[0x1]=[0xc1][0xe1]o[0x1a]Q[0xb3][0x15]c[0x81]Q[0x9]a[0xba][0x14][0xd1]\[0xc1]7[0xaa]EUW![0xfa][0xc7][0x1e][0x5][\n]"
05:47:43.113 [main] DEBUG org.apache.http.wire -  << "a[0x99]e[0xf9][\n]"
05:47:43.113 [main] DEBUG org.apache.http.wire -  << "[0x91]FF[0x18][0xfd][0xae][0xdc][0xd4][0xdc][0xcc][0x9c][0xcc][0xec]L[0x85][0xe2][0x82][0xd4][0xe2][0xcc][0xb4][0xcc][0xec][0xc4][0xe2]L[0x85][0xca][0xc4][0xbc]t[0x85][0xc4][0x82]L[0xd0])l[0xd0]1Lc[0xd0]<[0x1a][0xb1][0xeb][0xf6][\r][0x91]VmA#[0x8f][0xa6][0xcd][0x0][0xcc][0x93]nik[0x1d][0xa2][0x10][0x87][0xfa][0xe]O[[0xc]K[0xd2]$~[0x90][0x83][0xe8][0xe3]n[0xf1]u[0xd3][0x8d][0x89][0x1e][0xb1]%f][0x1b][0xbe]<G[0x82][0xc7][0x10][0x3][0x2][0x84][0x83][0x10]=k[0xe3][0xb7][0x86][0x9a][0x99][0x8]t[0x81][0x1]t6[0x15][0xbf]3[0xa9][0x14][0xfe][0x18]e[0x1e][0x9e][0x84]5[0x80][0xa1][0x82]Q[0xe0][0xe1]p&[0x95]B[0x5]Q[0x92][0xe1][0x8f][0x84][0x8c][0xc4]b[0x8c]j[0x80][0x8e]ieh4[0x94][0x91]nr[0xc6]>[0x10]0[0xa0][0xe3]"[0xe0]m[0x17][0xd0][0x1c]7([0x9d][0x87]([0xb7][0xb0];[0xf]Q[0xd1][0xd3][0xad][0x1]b[0x84]t[0x6][0x9]vG[\r]p[0x94]"[0x8a][0xb][0xec][0xce][0x1b][0x90]0[0x1b][0x12][0x85][0x8a][0x11][0xd2]!#[0x83][0xb8][0xec]3BZ[0x87][0x89]=[0x8a][0x7]6[0x5]"-[0xa6][0x84]\>[0x6][0xd9][0x89][0x88][0xed]20[0xa7][0x9c][0xc4][0xbc][0x94][0xcc][0x92][0xcc][0xcc]b[0x85][0xe4][0xd2][0x9c][0x82]D[0x85][0xd4][0xbc][0xcc]\[0xd0]F[0xd6]D[0xa4][\r][0x97][0xa0]Sy[0x89]Y[0xb8]f[0x84]t[0xc][0xfe][0xa0][0xc][0x17]D?[0x8e]6K[0xb9][0x8c][0xc][0x11]-[0x9a]A[0x19][0x0][0xc4][0x96][0x2]Ti[0xc9][0x18][0xa1][0xad]c[0xa4][0xfe][0x2]C#[0xa4]%[0x8c][0x83][0xb9][0xbc]@Z[0x7][0x89][0xdf][0x99][0x14][0x87];[0x0][0x0][0x0][0xff][0xff]"
05:47:43.113 [main] DEBUG org.apache.http.wire -  << "[\r][\n]"
05:47:43.114 [main] DEBUG org.apache.http.wire -  << "A06[\r][\n]"
05:47:43.114 [main] DEBUG org.apache.http.wire -  << "R[0xb2]241BZ[0x14]I[0x17][0xeb][0x10][0xd3][0x1a][0xbe][0xa0][0xc5][0xe0][0xc1][0xf9][0xc9][0xc9]X[0xf6];'[0xe7]'%*$[0x17][0xa5]&[0x96][0xa4][0xc2][0xd6][0x8b]#jBcb[0xfb][0xda]FH[0xe7][0xdb]S[0xc9]6C[0xdc]+X[0x8d][0x8c][0x10]E[0x6][\r]No0BZeIjL[0x91]3-f[0x84]y[0xd6][0x12][0xe6][0xd8][\r][0xbe][0x1e]/[0xfd][0x1a]yH[0xf7]eCC[0x6][0xd3][0xa5][0x88][0xe4]C[0xa7]Q&#[0xa2]/"[0xa0]RFF[0x8c][0xf2][0xf][0xc6][0xea][0x84][0xe8][0x83][0x9d][0xa8][0x13][0x1a]H[0xeb]KiT}#-[0x16][0xa5][0x95][\r][0x88][0xf2]dP[0xc6]([0xa1][0xbe][0xcb][0xc0]6l[0x91]VqR[0xfb]@ #[0xa4][0xe5][0x9b][0xd4]7[0x9b][0x94][0x11][0xd4][0x1][0x1b][0xe8]2[0xa2][0xdb]zO#[0xa4][0xbb]J[0xa0][0xa5][0xbb][0xa9]BpNf.[0xc6]x=[0xbe][0xca][0x8][0xff]X[0x17][0xd2]J[0x8]#[0xd0][0x5][0xd1][0x83]x[0x94][0xc5][0x4][0xd1]k[0x80][0x85][0x6][0xf6][0x80][0xa0]N9jJ([0x93]#[0xea]U[0xfa][0xd5][0xf7][0x98]+[0xf4]p[0xc][0xb2][0x82]F=)[0x99]d0BZ3G[0x8f][0xd0]F:|f0[0x96][0xf8]H[0xc7][0xa0][0xa7][0xa4][0x16][0xc3]O[0xbc][0xd5]Q[0xc2][0xb5][0xc5][0xc]_S[0xb]9[0xcf]!MhR[0xd9]`D[0xf2][0xa5]Q%[0x8d]t[0xd6][0x3][0x95][0x9d][0x8e][0x18]3[0x1f][0x94]i[0x1]QMaw[0xde]@[0x14][0xc]Hs[0x82][0xd8][0x1d]5[0xb0]M[0x12][0xa4]3,[0xb0];o@[0xc2][0xc][0xd1][0xca][0xc4]_[0xc4]Q\[0x98]Z"[0xaa].[0xec][0xde][0x1f][0xe0][0xd8]A[0xc]xaw[0xde][0x80][0xc4][0xe][0xa2]WG[0xeb][0xd8]![0x94][0xa1][0x7]4v[0x8c][0x91][0xe][0xc8][0x1f]4[0xb1]c[0x8c]t2[0x7]m[0xaa][0x17]c[0x82][0x7]e[0xc]p[0xac] [0x92]'[0xad][0x2][0x0][0x91],id[0x3][0xd2][0xc][0x8][0xad]l@[0xc]z[0xd2]``[0xd0][0x18][0xe9][0xd4][0x8][0xec]Yc`[0xd3][0xc8][0xe0][0x9e][0xe7]06[0x1c][0x84][0xc5][0xbe]1[0x96][0xb9][\n]"
05:47:43.114 [main] DEBUG org.apache.http.wire -  << "[0x1a][0xf6]y[0x8d][0x91][0xe6][0x1c][0x6]c[\n]"
05:47:43.114 [main] DEBUG org.apache.http.wire -  << "2B[0xe4][0x1f][0xec][0xce][0x1b][0x80][0x9a][0xd9][0x18]in[0x81]F[0xc5][0x6][0xd2]|[0x82]GjbY[0xa5][0x82]KiI[0xa5][0x2][0xf4][0xd4][0xe1][0x80][0x9c][0xc4][0x92]T[0x8c][0x9e][0xbf]ciIj.[0xfa]Q[0xc3]E[0xa9]E[0xa5][0xb9]HS[0xb4][0xe0]S[0xae][0x88][0x99][0xa3]5F[0x9a]rp,O-[0xce][0xcf]MU[0x8]H,H-Rp[0xce]O,[0xc1][0xb0][0xdc]5[0xbf]X![0xb3][0xa0][0xb8]4W![0xb3]$[0xb1][0xb0]4U!'1)[0xbf](3[0xbf]81W![0x15],[0x90]Z[0x2][0x9a].[0xce],![0xc7]1[0xa6][0xc6][0x88][0xbe][0xdc][0xa0]I[0x5][0xa6]H[0xa3][0x8c][0xb4]m[0x9f][0x99]"[0x8d]9[0xe]"[0xef]#j[0xe7][0xc1][0xe3]([0xa4][0xa1][0xc9]A[0xe4][0xa8]AX[0x86][0x99][0x12][0x1c][0xeb][0x1c][0x80][0x82][0xd5][0x14][0xe9][0xb4][0xfd]A[0x14]}[0x88][0x86][0xee] r[0xd4]`[0xcc]}H[0xfb][0xe9][0x7]OH!][0xdd][0xed][0x98]Z[0x94][0x9f]R[0x99][0x97][0x98][0x9b][0x99][0xac][0x0]Y[0xeb][0xe4][0x94]_R[0x92][0x83]Y[0x97][0x82]j[0xc8][0xfc][0xbc]T[0xc8]*'[0xf0]R[0xa7][0xbc][0xcc][0x8c][0xcc][0x1c][0x85][0xe4][0xfc][0xa2][0xa2][0xd2][0x82][0x92]L[0xc8][0x95][0xa3][0xa9][0xc5][\n]"
05:47:43.114 [main] DEBUG org.apache.http.wire -  << "[0xb9][0x89][0x90][0x93][0xd9]S[0xc9][0xab][0xd7]L[0x11]I[0x8b][0xb6]U[0x88][0x11][0xc1][0xeb]{[0x7][0xb4][0xa3]`D0[0xe3][0xf][0xb0][0xf3][0x8][0xe5][0xb6][0x81]u[0x1e][0xd2]q[0x1b][0xd8][0xf3][0xdd][0x0];[0xf]1[0xcc]8([0x9d][0x87][0xe8][0x5][0xe2][0xcf][0x84]T[0x9a]V[0x1b][0xdc][0x83][0xfb]H[0xc7]z`[0x8f][0xac][0x1]h[0x17][0x18][0xd1][0xed][0x4][0x10]#[0xa4]c[0x1c]|[0xf3]K[0x8b]1[0xab][0x6]|3[0xcd][0xc4][0xce]y[0x99]![0x92][0x0][\r]-A[0xd4]-[0xb4][0xe9][0xa4][0x1a]a[0x1e][0xd6][0x80]c.[0x96]:[0x19][0x7][0xe9][0xac][0x6][0xea]N[0xb7]![0x9d][0xb7]@e[0x83][0x9]m[0x8b][0x18][0xd8]r[0x19][0xe9]T[0x82][0xc1][0x93][0xd5][0xcd][0x11]]}[0x1a]%[[0xa4]c[0x7][0xb0]{{[0x80]c[0x5][0x91]o[0xb1];o [\n]"
05:47:43.114 [main] DEBUG org.apache.http.wire -  << "`[0xa4][\r][0xfa]4[0x8a][0x15][0xcc]m[0xf4][0x98][0xb]9[0xf1][0x95][0xbd]F[0x96][0x96][0xa8]G[0xda][0xe2]9p[0xd6][0x8]i3<[0xad][0xbc][0x83][0xc8][0xfa][0xd0]F[0x5][\r][0xbd]c[0x89][0xa8]O[0xa0][0x96][0xe1]([0x88])[0x9d][0xc7]5F[0xda]SE[0x9b][0x80]3F[0xba][0xfb][0x18]{[0xf2][0x1f][0xd0][0xdc]iL[0xf3][0xbd][\n]"
05:47:43.114 [main] DEBUG org.apache.http.wire -  << "[0xc6]Hk[0xaf]i[0x14][0xc4]Hk[0xa6][0x7]c[0x10][0x1b][\r][0xc2][0x2][0xd0]xp[0x9f][0xa9]k[0x8c][0xb4][0xe6][0x19]{[0x94][0xe]@[0xa5]a[0x8c][0xb4]L[0x9a]V[0xe7]a[0x18]#][0x88]K;;[0x10][0x8b]W`[0xc5]+-g[0xe4][0x90]&;[0x90][0xee]B[0xf4][0xc9][0xcc]K[0xcd][0xc3]q[0xe1]dX~NiAIb[0xb1]BYj^fb[0xae]BbNfaif[\n]"
05:47:43.114 [main] DEBUG org.apache.http.wire -  << "[0xce][0xa9][0x16][0x13][0xdc];Y[0x8c][0x91][0xce][0xda]u[0xcd][0xcb]/[0xca][0xcd]/-V[0xf0]M,J[0xca]I[0xc5]a[0xb9]g[0x8a]B[0x19][0xc4][0xfe][0x92]L[0xd0][0xed][0x96]e[0x99]%[0x89][0xa9][\n]"
05:47:43.114 [main] DEBUG org.apache.http.wire -  << "[0xc5][0xa5][0xc5][0xc9][0x99][0x5][0x99][0xb0][0xfb][0xe4][0x8a][0x15][0x12][0x93][0x14]r2[0x93]R[0x8b][0xf2]q[0xba][\n]"
05:47:43.114 [main] DEBUG org.apache.http.wire -  << "O[0x85]m[0x8c]4[0xd7][0xe2][0x99]W[0x92][0x9a][0x93][0x93][0x99][0x9e][0x9a]W[0xa2][0xe0]^[0x94][0x98][0x97]Y[0x92][0xaa][0x80]c[0x18]/[0xb0]4S[0xa1][0xb8]4[0xaf]D!7?'[0xb5][0xb8]$31[0x15][0xce]*[0xc6]q[0xc1][0x1d][0xf1][0x13]d[0x4]'e[0x6][0xb6][0xa2]B[0x9a][0x9]qK[0xcc]+I,.[0xc9]LVp[0xce][0xcf]K.J-[0xc1][0x15][0x95]A[0x88];[0xff][0x14]RAi)[0xb5]D[0xa1][0xb0]4?[0x5]t[0xd3]d"t[0xcc]3[0x17]4[0xbb][0x97][0x98][0x92]Y[0x90]Y[0x9c][0x8c]|[0xfd]$j[0xc0][0xe1][0xb9]O[0xc0][0x18]iQ7[0xf6][0xb2]j[0x80][0x3][0xe]1Z[0x5][0x9b][0xf8][0x84][0xce][0xbb]z[0xe7]e[0xa6]a[0xe][0x8]8[0xa5]&[0x82][0x12]<4[0xcf])[0xe0][0xc9]v[0xf8][0x12]8[0xd2][0xda][0xee]A[0x19]([0x88]12[0x1a]5J[0x6][0xf7][0x8][0xb0]1[0xd2][0xfd][0xc9][0x83]1~[0x6][0xf7][0x8][0xb0]1[0xd2][0xf9][0xc7]>[0x99][0xe9][0x19]%[0xe5][0xa9] R!<??G[0xc1]9#1[0xb3][0x8]cA[0x81][0xf]h[0xfd]@*[0xbc]fI-VH[0x82]oAG[0xaa]A@[0xcd]2[0xd0]dM^z[0xb1][0x92][0x15][0xbe][0xfc][0x85]4[0xb][0x84]=[0xfe][0x6][0xa2][0x81]dJ[0xf3]\e[0x8a][0xe8][0x19][0xe6]&f[0xe6]%[0xe6])$[0xe6]%[0x82][0xce][0xaf]B][0xb6]_\[0x92][0x9a]Z[0x94][0x99][0x97][0xae]P[0x9e][0x91][0x9a][0x9a][0x83][0x8][\n]"
05:47:43.114 [main] DEBUG org.apache.http.wire -  << "[0xa2][0xb7][0xce][0x18]#[0xcd]da[0xf][0xdf][0x81]-[0xd4][0x91][0x6][0x90][0xb1];[0xf][0xe1]g[0xba][0xed]e1F[0xda][0xcb]B[0xa3]B[0xd5][0xc]1[\n]"
05:47:43.114 [main] DEBUG org.apache.http.wire -  << "A+[0x1b][0x10][0xb5]%5[0xaf]=[0xc2][0xb3][0xd7][0xda][0x18]i[0xa7]Lqiq[0xa9]BviJ[0xa2]BNf"f![0x2][0x96][0x86]&x[0xe8][0x81]m[0x96]([0xa7]~[0xe1]k[0xa6] [0x9d];M[0xdb][0xac][0x83]4[0xe5][0x0][0xed]^[0x98]a[0x14][0x87][0xf0][0x91]/[0xf4]][0x86][0xc4]gQ[0xa4]Y[0x7]Z%[0x6]D[0xcf][0x1d][0x1c][0xf4][0x14][0xc4][0xc][0xbe][0xb2][0x1c]i[0xde][0x81][0x9a]i[0xe][0x9f][0x95]Hs[0xf][0xd0]8[0xa2][0xd5][0x8][0x1b][0xd2]i[0xcc]4[0x8a]%[0xa4]3[0x93]i[0x19]KH[0xb3][0xb]4[0xb5][0x86][0xd6][0xf3][0x5][0xc6]H[0xf3][0x5][0xa0][0xb2]D![0xb1]2[0x11]s[0x3]*[0xd8][0x8b] iDE[0x82]Z[0xd4][0xe0]M][0x88]Z[0x9a][0xd6][0xa9][0xb][0x91]Ci[0x95][0xba][0x10]K%h[0xec][0x17][0xa4]A|Z[0xdb][0x84][0xa8][0xe4]h[0x14]jH[0xbb] i[0xed][0x17]D[0x9b][0x13]{Kh`[0x1b]jHg[0x96]bw[0x1e]"[0xd1][0xaf][0xa1]f[0x81]H[0xd3]4[0x8a][0xa4][0xdd][0x8b][0xb4][0xb2][0x1][0xb1][0x8][0x95]^[0x95]&[0xc1]=[0x8f][0x3][0x9b][0xd4][0x8][0xee]I[0xc4][0x95][0xd4][0x8c][0xd1][0x86]O[0xa9]x[0xb4][0xaa][0xb1]%[0xcd][0xab]3[0xa4][0xeb][0xc4]i[0x95][0xd4][0x10][0xd5][0x19][0xad]l[0xa0]y5[0x6][0xea]&@[0x8f][0x82][0xa0][0x8d][0x1f]L@'YAm[0xa0]m[0x91]o[0x82][0xb4][0x12]i3[0x9]tP[0x1f][0xfb][0xf0][0x8b]kfi[0xb1]BAjQqAfrfbIf1h[0x8][0x18]i[0xdc][0x5][0x94]L[0x89][0x19]w1[0xa1][0xf9]6I[0x13][0x9a]OI[0x9b] m[0xc4]t[0xcf]/JO[0x5]M[0x89][0x84][0xe7][0xe7][0xa7][0xa4][0xe6])8c[0xe9]u[0xfa][0xa7]d[0x96] V[\n]"
05:47:43.114 [main] DEBUG org.apache.http.wire -  << "[0xc3][0xe6]FR[0x91][0xb7][0xe1][0x80][0x16][0xd9][0x11][0x17]|[0xb4].[0xe]L[0x90][0xe6][0xdb]i[0x9d][0xc]i[0x9d]iM[0xc][0x10][0xf5]4~[0xbf]PeA[0x9a][0x9][0xcd]w[0x8f][0x9a] [0x1d][0x94]I[0xa3]R[0x8]i[0x3])[0xad]l@4[0x9e][0xe9][0x12])[0x88]T[0x86][0xbd][0x1]9[0xa0][0x8d][0xe][0x13][0xa4]3[0x17][0xb1];[0xf]W[0xa3][0x3][0xbd][0xff]H[0xc5]F[0x87][0xc9]`[0xdc]di[0x8a]9,F[0xa3]![0x17]S,[0x83];4[0x9c][0xdf]7E[0x1a][0xe1][0x9]pVpw[0xf4][0xf5][0xf4]s[0xc7][0x18][0xf0][0xb][0xe]p[0xf5]V[0xf0][0xf0]t[0xf7]@[0xa4][0x7]KP[0x8b][0x81][0x98]Z[0xc3][0x14]i-]@bN[0xa2]O[0xbe][0xf][0xe6]e[0xf0]8G[0x14][0x8d],-A[0x8b]*[0x88][0xb3][0x8]1[0xbe]Lc[0x8b][0x10]K0[0xe8][0xd4]{1E[0xba][0xbf][0x84][0xc6]~C4[0x97][0xe9][0xe4]7[0x13][0xa4]}[0xf9][0xf8][0xcb]dJ[0x17][0xc][0x9a][0x18]"[0x1a]0[0xd8][0xcb][0xbb][0x81]-[0x8e][0x91][0x96][0xf3]aw[0x1e]"[0xfb][0xd1]m[0xb8][0xc1][0x4]i[0xf3]7[0x8d][0xea]d[0xa4][0xcd][0xdd]4[0x8e][0xa4][0xd5][0x8c][0xb4][0xb6][0x9]1[0xb0][0x85][0xdf]&[0xea]4[0xfe][0x90][0x8e]x[0xa5]U$!Z2[0xf8]=Dq&[0x5][0xcd][0xa2]C[0xbb][0xa2]4[0xf2][0xb][0xd1]G[0xc0]R[0xec][0x17][0xa4][0x95][0x90]4[0xe]5[0xa4][0xe5][0x8d]0[0x9b]h[0xd8]l0[0x1]U[0xca]4[0x8e]$D%[0xb][0xf3][0x10]F[0xbb][0x4][0xde]l[0xa0][0xe4]lE[0x13][0xa4]%[0x8e][0xd8][0x8b][0xdd][0x81][0xad][0x15][0x90]V[0x1b][0xe]J[0xe7]![0xba][0xb9][0xd8][0x9d]7[0x10][0x95][0x16][0xd2]zC[0x1a][0x95]!H[0xeb][0x6][0xa1][0xc9][0x93][0xb4]-[0x15][0xf4][0xab][0xc0][0x91][0xce]V[0xc0][0xe9]RD[0x1c][0xe1][0xdb]5H[0xcd]^[0x9e][0x9][0xa2]#[0x8e]=[0xd9][0xc]l[0xa6]C[0xda][0xa1]N[0x83][0x93][0xb2]L@[0x97][0x93][0xd0][0xb6][0xf8][0x1c][0xdc]+[0x18]M[0x8][0xae]`D[0xa4]H[0xfa][0xe5][0x14]S[0x3][0x1d]%h[0xac][0xe0][0xcc])[0xf8][0xaa][0x1c]:[0xba][0x14]1[0x86][0xd3][0xa5][0x88][0x10][0xa4]W[0x9e]F:q[0xc3][0xad][0xb4](/[0xb3][0xa4][0xb4](U!$[0xbf][0x0][0xa3][0xde]F[0xc8][0xa6]$[0x16]e*x[0xa5][0x16]$[0x16][0x81][0x6][0x5][0xa0][0xcb][0xa2][0xc]A[0xa9][0x83][0x98].[0xbf][0x9][0xd2]BJ[0x1a][0x95][0xf3]H[0xe7]N[0xd3][0xca][0x6][0x8c][0xae][0x2]%5[0x9][\r][0xa7][0x3]ML[0x11]c[0x3][0x83])[0xd5]!z&[0x88]tE[0xd3]T[0x87][0xb4]~[0x93][0xaa][[0xb4]M[0x90][0xd6]`B[0x3][0x98]F[0xa3][0x8c]&D[0x9f]'Nq[0x17][0x8]i[0x81]$[0xad][0xfd]4[0xb8]Gw[0x90]V<R[0xfb][0xae][0x6][0x13]3D[0x1e][0x18][0x8c][0xad])[0xa4]1[0xed]A[0xe9]<[0xc4][0xc0][0xf1][0xa0]t[0x1e][0xa2]'[0x8c][0xdd]y[0x88][0x9a][0x9e]~-[0x10][0xa4]u[0x88][0xb4]h [0x9b]#[0xaa][0x1a][0xec]~[0x1e][0xd8][0xee][0x1][0xd2][0x9][0x4][0xd8][0x9d]7[0x10]Q[0x82]4[0xd1][0x2][0xdf],[0x9][0xd9][0xd4][0x82][0xed][0x90]L[0xc7][0xe4][0xe4][0xd2][0xe2][0xc4][0xbc][0x92][0xcc][0xd2]\[0x85][0xfc][0x82][0x92][0xcc]|[0xe8][0x96][0xba]b[0xa4][0x85][0x15][0xa8][0xdb][0xe8][0xd0]'[0xfd][0x90].N0E:[0xb5]$[0xb8]2/[0xb5](=[0x13][0xbc][0xc5][0xf][0xba]0!8#?[0x15]t[0xf5][0x17][0xea]>[0xf]W[0xf0]~>[0xd0][0x9e]>2[0xed]D[0xe4][0xb][0xda][0xd6],[0xa6]H[0xc7][0x80][0xd0][0xda]&Dc0[0xa0](?[0xa5]4[0xb9]D[0xc1][0xb1]4'3Q[0xc1][0x18][0xa3][0x11][\r][0xba][0xb5][0xae][0x0][0xaa]&[0x11][0xae][0x6][0xda][0x84][0xc6][0xd7][0xe4]G[0x89]7D>[0xa3][0x8f]}[0x88][0x8a][0x8a]>[0xf6]!F[0xa7]hh_l-[0x17][0x0][0x0][0x0][0xff][0xff]"
05:47:43.114 [main] DEBUG org.apache.http.wire -  << "[\r][\n]"
05:47:43.114 [main] DEBUG org.apache.http.wire -  << "A[\r][\n]"
05:47:43.114 [main] DEBUG org.apache.http.wire -  << "[0x3][0x0]L[0xb3][0xf9][0x85]q[0xbb][0x1][0x0]"
05:47:43.114 [main] DEBUG org.apache.http.wire -  << "[\r][\n]"
05:47:43.114 [main] DEBUG org.apache.http.wire -  << "0[\r][\n]"
05:47:43.114 [main] DEBUG org.apache.http.wire -  << "[\r][\n]"
05:47:43.115 [main] DEBUG io.restassured.internal.RestAssuredHttpBuilder - Parsed data to instance of: class org.apache.http.conn.EofSensorInputStream
05:47:43.119 [main] DEBUG org.apache.http.impl.conn.BasicClientConnectionManager - Releasing connection org.apache.http.impl.conn.ManagedClientConnectionImpl@31e5f3f0
05:47:43.119 [main] DEBUG org.apache.http.impl.conn.BasicClientConnectionManager - Connection can be kept alive indefinitely
05:47:43.177 [Finalizer] DEBUG org.apache.http.impl.conn.DefaultClientConnection - Connection 0.0.0.0:60366<->149.248.193.56:443 closed
05:47:43.178 [Finalizer] DEBUG org.apache.http.impl.conn.DefaultClientConnection - Connection 0.0.0.0:60367<->149.248.193.56:443 closed
05:47:43.191 [main] DEBUG net.thucydides.core.steps.StepInterceptor - STEP DONE: I send HTTP GET request
  &amp#27;[32mWhen &amp#27;[0m&amp#27;[32mI send GET HTTP request&amp#27;[0m                &amp#27;[90m# starter.stepdefinitions.UserSteps.iSendGETHTTPRequest()&amp#27;[0m
05:47:43.199 [main] DEBUG net.thucydides.core.steps.StepInterceptor - STARTING STEP: UserSteps.iReceiveValidHTTPResponseCode - I receive valids HTTP response code 200
05:47:43.201 [main] DEBUG net.thucydides.core.steps.StepInterceptor - STEP DONE: I receive valids HTTP response code 200
  &amp#27;[32mThen &amp#27;[0m&amp#27;[32mI receive valid HTTP response code 200&amp#27;[0m &amp#27;[90m# starter.stepdefinitions.UserSteps.iReceiveValidHTTPResponseCode()&amp#27;[0m
05:47:43.209 [main] DEBUG net.thucydides.core.steps.StepInterceptor - STARTING STEP: UserSteps.iReceiveValidDataForAllOrders - I receive valid data for all orders
05:47:43.209 [main] DEBUG net.thucydides.core.steps.StepInterceptor - STEP DONE: I receive valid data for all orders
  &amp#27;[32mAnd &amp#27;[0m&amp#27;[32mI receive valid data for all orders&amp#27;[0m     &amp#27;[90m# starter.stepdefinitions.UserSteps.iReceiveValidDataForAllOrders()&amp#27;[0m
05:47:43.214 [main] INFO  - 
  _____   ___   ___   _____     ___     _     ___   ___   ___   ___  
 |_   _| | __| / __| |_   _|   | _ \   /_\   / __| / __| | __| |   \ 
   | |   | _|  \__ \   | |     |  _/  / _ \  \__ \ \__ \ | _|  | |) |
   |_|   |___| |___/   |_|     |_|   /_/ \_\ |___/ |___/ |___| |___/ 

GET - As admin I can get all orders
----------------------------------------------------------------------
]]></system-out>
  </testcase>
  <testcase name="GET - As admin I cannot get all orders" classname="User" time="0.628">
    <system-out><![CDATA[
@TC-0036
Scenario: GET - As admin I cannot get all orders     &amp#27;[90m# src/test/resources/api/user.feature:245&amp#27;[0m
05:47:43.231 [main] INFO io.cucumber.core.plugin.SerenityReporter - Running feature from file:///C:/Users/Lenovo/IdeaProjects/MiniProject/MiniprojectApi/src/test/resources/api/user.feature
05:47:43.231 [main] WARN io.cucumber.core.plugin.SerenityReporter - Feature from file:///C:/Users/Lenovo/IdeaProjects/MiniProject/MiniprojectApi/src/test/resources/api/user.feature is not under the 'features' directory. Requirements report will not be correctly generated!
05:47:43.235 [main] INFO  - 
  _____   ___   ___   _____     ___   _____     _     ___   _____   ___   ___  
 |_   _| | __| / __| |_   _|   / __| |_   _|   /_\   | _ \ |_   _| | __| |   \ 
   | |   | _|  \__ \   | |     \__ \   | |    / _ \  |   /   | |   | _|  | |) |
   |_|   |___| |___/   |_|     |___/   |_|   /_/ \_\ |_|_\   |_|   |___| |___/ 

GET - As admin I cannot get all orders(user;get---as-admin-i-cannot-get-all-orders)
--------------------------------------------------------------------------------
05:47:43.359 [main] DEBUG net.thucydides.core.steps.StepInterceptor - STARTING STEP: UserSteps.iSetUnmatchedGETApiEndpointsAllOrders - I set the GET api endpoints all orders
05:47:43.359 [main] DEBUG net.thucydides.core.steps.StepInterceptor - STEP DONE: I set the GET api endpoints all orders
  &amp#27;[32mGiven &amp#27;[0m&amp#27;[32mI set unmatched GET api endpoints all orders&amp#27;[0m &amp#27;[90m# starter.stepdefinitions.UserSteps.iSetUnmatchedGETApiEndpointsAllOrders()&amp#27;[0m
05:47:43.363 [main] DEBUG net.thucydides.core.steps.StepInterceptor - STARTING STEP: UserSteps.iSendGETHTTPRequest - I send HTTP GET request
05:47:43.363 [main] DEBUG net.thucydides.core.steps.StepInterceptor - STARTING STEP: GetAllProduct.iSendGETHTTPRequest - I set the GET api endpoints
05:47:43.364 [main] DEBUG net.thucydides.core.steps.StepInterceptor - STEP DONE: I set the GET api endpoints
05:47:43.368 [main] DEBUG org.apache.http.impl.conn.BasicClientConnectionManager - Get connection for route {s}->https://altashop-api.fly.dev:443
05:47:43.368 [main] DEBUG org.apache.http.impl.conn.DefaultClientConnectionOperator - Connecting to altashop-api.fly.dev:443
05:47:43.460 [main] DEBUG org.apache.http.client.protocol.RequestAddCookies - CookieSpec selected: ignoreCookies
05:47:43.461 [main] DEBUG org.apache.http.client.protocol.RequestAuthCache - Auth cache not set in the context
05:47:43.461 [main] DEBUG org.apache.http.client.protocol.RequestTargetAuthentication - Target auth state: UNCHALLENGED
05:47:43.461 [main] DEBUG org.apache.http.client.protocol.RequestProxyAuthentication - Proxy auth state: UNCHALLENGED
05:47:43.461 [main] DEBUG org.apache.http.impl.client.DefaultHttpClient - Attempt 1 to execute request
05:47:43.461 [main] DEBUG org.apache.http.impl.conn.DefaultClientConnection - Sending request: GET /api/products HTTP/1.1
05:47:43.461 [main] DEBUG org.apache.http.wire -  >> "GET /api/products HTTP/1.1[\r][\n]"
05:47:43.461 [main] DEBUG org.apache.http.wire -  >> "Accept: */*[\r][\n]"
05:47:43.461 [main] DEBUG org.apache.http.wire -  >> "Host: altashop-api.fly.dev[\r][\n]"
05:47:43.461 [main] DEBUG org.apache.http.wire -  >> "Connection: Keep-Alive[\r][\n]"
05:47:43.461 [main] DEBUG org.apache.http.wire -  >> "User-Agent: Apache-HttpClient/4.5.13 (Java/14.0.2)[\r][\n]"
05:47:43.461 [main] DEBUG org.apache.http.wire -  >> "Accept-Encoding: gzip,deflate[\r][\n]"
05:47:43.461 [main] DEBUG org.apache.http.wire -  >> "[\r][\n]"
05:47:43.461 [main] DEBUG org.apache.http.headers - >> GET /api/products HTTP/1.1
05:47:43.461 [main] DEBUG org.apache.http.headers - >> Accept: */*
05:47:43.461 [main] DEBUG org.apache.http.headers - >> Host: altashop-api.fly.dev
05:47:43.461 [main] DEBUG org.apache.http.headers - >> Connection: Keep-Alive
05:47:43.461 [main] DEBUG org.apache.http.headers - >> User-Agent: Apache-HttpClient/4.5.13 (Java/14.0.2)
05:47:43.461 [main] DEBUG org.apache.http.headers - >> Accept-Encoding: gzip,deflate
05:47:43.752 [main] DEBUG org.apache.http.wire -  << "HTTP/1.1 200 OK[\r][\n]"
05:47:43.752 [main] DEBUG org.apache.http.wire -  << "content-type: application/json[\r][\n]"
05:47:43.752 [main] DEBUG org.apache.http.wire -  << "date: Mon, 08 May 2023 22:56:34 GMT[\r][\n]"
05:47:43.752 [main] DEBUG org.apache.http.wire -  << "transfer-encoding: chunked[\r][\n]"
05:47:43.752 [main] DEBUG org.apache.http.wire -  << "content-encoding: gzip[\r][\n]"
05:47:43.752 [main] DEBUG org.apache.http.wire -  << "server: Fly/3f2597ca (2023-05-03)[\r][\n]"
05:47:43.752 [main] DEBUG org.apache.http.wire -  << "via: 1.1 fly.io[\r][\n]"
05:47:43.752 [main] DEBUG org.apache.http.wire -  << "fly-request-id: 01GZYS9D0SAHARJM54R4SYC9K6-sin[\r][\n]"
05:47:43.752 [main] DEBUG org.apache.http.wire -  << "[\r][\n]"
05:47:43.752 [main] DEBUG org.apache.http.impl.conn.DefaultClientConnection - Receiving response: HTTP/1.1 200 OK
05:47:43.752 [main] DEBUG org.apache.http.headers - << HTTP/1.1 200 OK
05:47:43.752 [main] DEBUG org.apache.http.headers - << content-type: application/json
05:47:43.752 [main] DEBUG org.apache.http.headers - << date: Mon, 08 May 2023 22:56:34 GMT
05:47:43.752 [main] DEBUG org.apache.http.headers - << transfer-encoding: chunked
05:47:43.752 [main] DEBUG org.apache.http.headers - << content-encoding: gzip
05:47:43.752 [main] DEBUG org.apache.http.headers - << server: Fly/3f2597ca (2023-05-03)
05:47:43.752 [main] DEBUG org.apache.http.headers - << via: 1.1 fly.io
05:47:43.753 [main] DEBUG org.apache.http.headers - << fly-request-id: 01GZYS9D0SAHARJM54R4SYC9K6-sin
05:47:43.753 [main] DEBUG org.apache.http.impl.client.DefaultHttpClient - Connection can be kept alive indefinitely
05:47:43.753 [main] DEBUG io.restassured.internal.RestAssuredHttpBuilder - Parsing response as: application/json
05:47:43.753 [main] DEBUG org.apache.http.wire -  << "2CF[\r][\n]"
05:47:43.753 [main] DEBUG org.apache.http.wire -  << "[0x1f][0x8b][0x8][0x0][0x0][0x0][0x0][0x0][0x4][0xff][0xaa]VJI,IT[0xb2][0x8a][0xae]V[0xf2]tQ[0xb2]241[0xb1]0[0xd2]Q[0xf2]K[0xcc]MU[0xb2]RJI-N.[0xca],([0xc9][0xcc][0xcf]S[0xd2]QrA[0xe2]Y))[0xe9]([0x5][0x14]e&[0xa7]*Y[0x19][0xe8]([0x5]%[0x96]d[0xe6][0xa5][0x17]+Y[0x99][0xe8](9'[0x96][0xa4][0xa6][0xe7][0x17]e[0xa6][0x16]+YE[0xc7][0xd6][0xea] [0xc]6[0x86][0x1b][0xec]Y[0x90][0x91][0x9f][0x97][0xaa]`h[0xa8]`f[0xa2][0x90][0x9e][0x84]axANb[0xa5]BFb[0xb1]B^[0xbe]BNfnfI1[0xc2]:#KK$[0xb][0x8d][0xd0],[0x84][0xda]fdjb[0x8][0xb7][0xcd]=173/[0x1d][0xc3][0x12][0xb7][0xfc]"[0x85]t[0xb0][0x94]BAiQA~qj[0xb1]R-[0x8a][0x83]-[0xe0]F[0xb8][0x95][0x16][0xe5]e[0x96][0x94][0x16][0xa5]*[0x84][0xe4][0x17]`[0x9a][0x4][0x97]MI,[0xca]T[0xf0]J-H,JD[0xb8][0xd8][0xd0][0x4][0xd9][0xc5][0xa6]h.F[0xb1][0xd1][0x4]ncp~^[0xa5]B@[0xb0]![0x86]e[0xf8][0xc2][0xc6][0x4]%l[0xc][0xd1]l[0xa2]j[0xd8][0x98][0x12]v)"[0x4][0x90][0x93][0x88][0x1]-]e[0x6]w[0x15][0x15]c[0xc][0xdd][0xc5][0xc8]1f[0x89]Hf.a.[\n]"
05:47:43.753 [main] DEBUG org.apache.http.wire -  << "[0xbe][0xa5][0xe9][0xa9]y[\n]"
05:47:43.753 [main] DEBUG org.apache.http.wire -  << "!E[0x89][0x99][0xf8]r[0x8c][0xa1][0x91][0x81][0x81][0x1][0xbe]0A[0xb1][0x1][0x91][0x1f][0x13][0xf3][0x12][0xb3][0x15][0x12]+[0x13]s1[0x12]Eqiq[0xa9][0x2]H[0x1a][0x11][0xe6][0x96](i[0x1][0xaf][0x1f][0xcc][0xe1][0xa1][0x16][0xe1][0xe4][0x1f][0x81][0x99][0xe4][0x10]9[0x5]a<jR3[0xa6]a[0xa4][0x82][0xfc][0x1]-[0x90][0xb0];[0xf][0x97][0xa3][0xd0][0xfd]L[0xc5][0xf4]o[\n]"
05:47:43.753 [main] DEBUG org.apache.http.wire -  << "[0x8a]>[0xa8][0xa3]h[0x13][0xef][0xa6][0x6][0x88][0x94][0x5][0x8a]X[0xea][0xc7][0xbb][0xa9][0x1][0xad]S[0x96][0xa9][0x1][0xa2][0xc8][0xa7][0x91][0x1f],[0x10]e[0xb4]SQbrjNj[0x9]F[0xe6][0xf0]MLIU[0xc8]OS[0xc8][0xc8]L[0xcf]P(,M[0xcc][0xc9],[0xa9]T(HM,[0xca]A[0xae]V[0x8c][0x88][0xcb][0x90][0xc6][0xc6]f[0x18][0x85][0xb4])[0x86][0x95][0xf8][\n]"
05:47:43.753 [main] DEBUG org.apache.http.wire -  << "i[0xd4][\n]"
05:47:43.753 [main] DEBUG org.apache.http.wire -  << "[0xc]w[0x8d]illf[0x9][0xcf][0x98]%[0xa9][0xc5][0xa0]*V[0xa1][0xa0](?[0xa5]4[0x19][0xd3][0x8f]%[0x19][0x99][0xc5][\n]"
05:47:43.753 [main] DEBUG org.apache.http.wire -  << "[0x99][0xc5][\n]"
05:47:43.753 [main] DEBUG org.apache.http.wire -  << "%[0x19][0xa9]05[\n]"
05:47:43.753 [main] DEBUG org.apache.http.wire -  << "[0xa8][0xd5]7[0x96][0xda][0x1a]=[0xd7]"[0x8a][0x1d]ccsD[0xf2][0xa3][0x9a][0xdd][0x86]h[0xc5][0x1e][0xee][0xaa][0xd0][0xd8][0xd8][0x1c][0x91]8[0xa9]j?R[0xdb][0x1][0xaf][0xf5][0x88]H[0xa6][0xaa][0xf5][0xc8][0x89][0xc][0xaf][0xfd][0x88]2[0x99]f[0xf6][0xa3][0x97][0x8f]([0xd1][0x8f][0xc8]W4[0xb3][0x1f]_[0xd2]7[0xa7]A[0xd2]GO~[0xf8][0xfc]oa@[0xfd][0xac][0x87]n?[0xbe][0xec][0x87][0xd4][\n]"
05:47:43.753 [main] DEBUG org.apache.http.wire -  << "[0xa7]Y[0xf8][0xe3][0xf5]?[0xa2][0xe4][0x1e][0x18][0xfb][0x11][0xf9][0xcf]#@!7[0xb3]$[0x1f]{[0x19][[0x92]Z[0x94][0x94][0x98][0x99][0x8d]h[0x2][0x98][0x9a][0x99]#eq[0xbc]^Dd1[0xd2][0xda][0x15][0xe8][0xf9][0x96]z[0xed][\n]"
05:47:43.753 [main] DEBUG org.apache.http.wire -  << "cc[0xb]D[0xba][0x87][0xf6][0x0]([0xa9]\[0xf0][0xa5]0KD[0xc][0x7][0x4]+`[0xda][0x92][0x9e][0x98][0x9b][0xaa]`[0xaa]P\[0x92]X[0x84][0x8]][0xd4]V[0x1f][0xbe][0xc]l[0x89][0x88]@[0xba]4[0xc5][0x8d]M[0x90][0x9a]dT[0x8]:<)[0xc7][0x4][0xa9]iF[0x15][0xbf][0x1][0x0][0x0][0x0][0xff][0xff]"
05:47:43.753 [main] DEBUG org.apache.http.wire -  << "[\r][\n]"
05:47:43.753 [main] DEBUG org.apache.http.wire -  << "485[\r][\n]"
05:47:43.753 [main] DEBUG org.apache.http.wire -  << "[0x82][0xf4][0x9d][0xf1][0xda][0x88][0x88],Z[0xfb][\r][0x11]o[0x1]E[0x89][0xc9]%[0x99][0xc9][0x89]9[\n]"
05:47:43.753 [main] DEBUG org.apache.http.wire -  << "[0xe1][0xf9][0xf9])[0xa9]y[\n]"
05:47:43.753 [main] DEBUG org.apache.http.wire -  << "[0xde]y[0x99]i[0xa9][0x18][0xf9][0xd0]1'3[0xb1]X![0xad]4=Q[0xa1][0xb4]D[0xf][0x91]V[0xc]A[0x11]B[0x9c][0xef][0x10]9[0x91]z#[0x3]x[0x83][0x13][0x91][0xcb]`[0x16][0x1a]Q<[0x14][0x81][0xcf]BCDu[0x2][0xb3][0x90][0xf2][0xb1][0xf][0xbc][0x16]"[0x9a]ot[0xb2][0x10]c@[0xc0][0x1c]#[0xa5][0x10][0xdf]*[0xc6][0xeb]5Dj[0x9]H[0xcc]I[0xf4][0xc9][0xf7][0x1][0x8d][0xb5][0xa0][0x8e]N[0xc1]m[0xc2]2zdl[0x8c]TA[0xe0])[0xc2]L[0xc][0x11]m rKH[0xbc][0xfe]@$BZ[0x18][0xf][0xea][0xcf]@{[0xa8]t[0xea][0x19][0x99][0x18]![0x12][0x1d]M|[0x84][0xe8][0x12][0xd0][0xc4]xD[0x19]K[0xb7][0x0]C[0x14][0xb6]t[0xb3][0x12][0x91]O[0xa9]i%[0xbe]|d[0x84][0x18][0x95][0xa3][0xa6][0x95][0xf8][0xf2][0x96][0x11][0xa2][0x8c][0xa0]q}i[0x84][0xc8][0xc5]4j[0xa8][0x9a][0x18]#*[0xf]Z[0x86][0x1f][0xac][0x19]ka[0x88]H"[0x8e][0xc9][0xc9][0xa9][0xc5][0xc5][0x90][0xd1]|[0xf4][0x19][0x80][0x92]|[0x85][0xd4][0xbc][0x8c][0xc4][0xbc][0xe4]T[0x85][0xc4][0x2][0xd0]p[\n]"
05:47:43.753 [main] DEBUG org.apache.http.wire -  << "[0x88][0x89]<[0x82]nlb[0x8c]([0x10][0x8a]S[0xb]RS0[0xb][0xea][0xc4][0xcc]J[0x90] tp[0xc2][0xc8][0x14][0xb9][0x8c]/[0x82][0x8d][0x11]e[0x1]-[0xc3][0x4][0xa9]Kl[0x2][0xaa]7[0xa0][0x5]*[0xb5]=C[0xff]b[0xc0][0x18][0x11][0xc7][0xc1][0xe0][0x98]Q[0xf0][0xc9],.)[0x2][0xf7][0xa4]P[0xab]R[0xa8]t[0xe]DZ!/=5[0xa9][0x14]4[0xfe]Dz[0x94]![0x8a][0x1][0xa8][0x99]P+[0x15][0x9c][0x12]s[0x12]1gU[0xa0][0x8a]P-VHJ[0xcc]K[0x7][0x8f][0xf1]A[0xed]7%>[0xc9] [0xca][0x4][0xba]%[0x19]D[0xb][0x82]nV"[0xca]#zYi[0x82]([0x9f][0x82]J[0x8b]K2[0x93]a[0xfd][0x5][0xa7]D[0xcc]Y[0xb7][0xd0][0x12][0x85][0xd4][0xa2][0xa2][0xfc]"[0x85][0xa2][0xd4][0xe4][0xd2][0xe2][0xc4][0xbc][0x94][0xc4]T[0x85][0x82][0xfc][0xe2][0xe2][0xcc][0xdc][0xd2]b[0x85][0xdc][0xfc][0x1c][0xd0]8gb[0xaa]Bqj[0x8a]BfnAjJ&y][\n]"
05:47:43.753 [main] DEBUG org.apache.http.wire -  << "[0xa4][0xe9]?D7[0xc6]'3/5O[0xc1])[0xbf][0xa4]$[0x7]K7[0xa6][0xb4]D[0xa1] [0xb5][0xa8][0xb8] 393[0xb1]$[0xb3]X!%?'[0xbf](U!%3[0xb9]$Q[0xa1] [0xbf][0xa8](_![0xb3][0xa0][0xb8]4W!5[0x91][0xac]^[0x8e][0x9][0xfd][0x8b],[0x13]D[0x93]&8'55[[0x1][0x12][0x2][0xee]9[0xf9]e[0xa9][0xa0][0xb1]o[0xd4][0x9c][0xee][0x9f][0x96][0x96][0x99][0x9c][0x99]Y[0xac][0x90][0x9c][0x9f]W[0x9c]ZX[0x9a]XRZ[0xa4][0x90][0x98][0x97][0x99][0x9b][0x9][0x8f][0x98]b[0x85][0xb2][0xfc][0x9c][0xd2][0x82][0x92][0xc4][0x92]T[0x85][0x94][0xd4][0x9c][0xd4][0xbc][0xcc][0x92]L[0xf2][0x2][0x83][0xfe]E[0x9e][0x9][0xa2][0xc8]s[0xcf]/JO[0xcd]/-V[0x8]*MJJ-Rp[0x6][0x8f]q[0xa0][0x85]FJf[0x9]$[\r][0x94][0xe6]*$[0x82][0x12][0x7]8[0x9][0xe4]$&[0xe5][0x17]e[0xe6][0x17]'[0xe6]*[0x14][0x96]f*$[0xe6]d[0x16][0x96]f[0xa6]([0x14][0x93][0x9b]N[0x11][0x85]""[0x9d][0xba][0x17]%[0xe6]e[0x96][0xa4]*8[0xe7]'[0x82]JZTw[0xb9][0x96][0x80][0xfa][0xda][0x99][0x89]%[\n]"
05:47:43.753 [main] DEBUG org.apache.http.wire -  << "[0xf9][0xb9]y[0x99][0xc5][\n]"
05:47:43.753 [main] DEBUG org.apache.http.wire -  << "[0xb9][0x99]y[0x99][0xb9][0x89][\n]"
05:47:43.753 [main] DEBUG org.apache.http.wire -  << "y[0xa5][0xb9][0x85][0xa5][0x89][0xb9][\n]"
05:47:43.753 [main] DEBUG org.apache.http.wire -  << "[0xc5][0xa5][0xc5][0xc9][0x99][0x5][0xe4][0xba][0x6]QD[0x6]W[0xe6][0xa5][0x16][0xa5]g[0xc2][0xb2]s[0x8e]BpFf[0x11]V[0xd7][0xa4][0x16][0x97][0xc0]SEfRi[0xb1]BANbrjb[0x89]B*yY[0x17]T[0xa0]C[0xeb]Y[0x5][0x1a]u!M[0x11]Y[0x91][0xac][0xe6]![0xb1][0xad][0x14]S[0xa4][0xfc][0x7][0x99][0xcf][0xc7][0x1c]g[0x83]wU[0x9][0xae]u[0xc0][0xd7][0x1e]2[0xa5]~2E[0xe4]'z[0xd5]4[0xa6][0x88][0xdc]B7+[0x11]Y[0x82]nV"Z[\r]d[0xa5]N[0xd4][0x9]F[0xbc][0xa9][0x6][0xd1]X[0xa0][0xb1]Mf[0x88]6[0x2][0xd4]&[0xcc]e[0x6][0xf8]r[0x2][0xea][0xc0]3[0xba][0x9f]`][0x17][0xca]W[0xfd][0x18][0x9b][0x98]![0xfa],P[0x97][0xd2]*[0xcf][0x9a]QX[\n]"
05:47:43.754 [main] DEBUG org.apache.http.wire -  << "[0x11][0x1f][0xcf]ft+[0x87][0xa8];9[0x8e][0x1e][0xcf][0xc8][0xdd]13D[0xf1]C[0xeb]xB[0x94]:P[0x9b][0x6]m[0xda]E[0x14]V8][0x8a][0x18][0xa0][0xc7]W[0x8b]Q5Ga[0x94]g[0x94][0x84][0x1f][\r]g[0xdf]L[0x90][0x16]\[0xc][0xa2][0xf0]3[0xc7](;iU"!-[0xfa][0xf0]K,[0xce]TpI,[0xcd]S[0xf0]J-*[0x5]M[0xb0][0xa2]6C[0xc1][0xf2][0xe5][0xa9]y[0x89][0xd9][0xd9][\n]"
05:47:43.754 [main] DEBUG org.apache.http.wire -  << "%[0xa9]y[0x89]y[\n]"
05:47:43.754 [main] DEBUG org.apache.http.wire -  << "[0xb9][0xa5]E[0xb9][0xa9]Hs[0x85][0x86][0x96][0xf8][0x17][0xb9][0xc1][0x92][0x98][0x85]%"[0xd5]&[0xe7][0xe7][0x95][0xe4]g[0xe8]&#[0xd6][0x90][0xa2][0x8f]:[0xb9]%[0x16]gd[0xe6][0xe7]%&[0xe5][0xa4][0xa2][0x8e]5!-[0x18][0x1][0xbb][\r][0xe1]v[0xf0][0xd2])[0x85][0xf4][0xfc][0xa2]T,[0xab]@[0xc1]j[0xa9][0xe4][0xf]D:'[0xec][0xf]L[0x15]HkO[0x8d]M[0xcc][0xe9]Vb[0x9b][0xd3][0xad][0x1c]5G[0xc4]34w[0xd1],[0x1d][0xd3][0xad]]cA[0xb7][0xd6][0x82][0x5]"ED8[0xe5]W(`[0x96][0xa1][0xf4]/[0xd9]-[0x10][0xbd][0xe][0x1c]n"[0xbc]t[0x14][0xbd][0x8e][0x87][0x15][0xb][0xd4]h[0xcb]![0xad][0xe][0x1c][0x9c][0xee][0x83][0xa4]S[0x0][0x0][0x0][0x0][0xff][0xff]"
05:47:43.754 [main] DEBUG org.apache.http.wire -  << "[\r][\n]"
05:47:43.754 [main] DEBUG org.apache.http.wire -  << "58F[\r][\n]"
05:47:43.754 [main] DEBUG org.apache.http.wire -  << "[0x2][0xad][0xb5][0xa7]q[0x8e]@Z[0xa7][0x8c]#$[0x10][0xa9][0x87]~mmKD[0xb]x0[0xb9][\n]"
05:47:43.754 [main] DEBUG org.apache.http.wire -  << "[0x91][0xd3]h[0x1d]+[0xc8][0xf9][0x87][0xbc][0x95][0xd7][0xb4][0xcc]>[0x96][0x88][0x86]/i+[0xa4]h[0xea](D-[0x8b][0xdd]Q[0x3]Z[0xe4] /[0xc][0xc7][0xee]<\[0xf9][0x8c][0x86][0xed]Z[0xe4][0xb5][0xe4][0xb4]M[0xd1][0xc8]+[0xbe][0xb1]{[0x80]c[0x7][0xd1][0xd8][0xc1][0xee]<\[0xb1]C[0xc3][0x14]mj[0x80][0xc8]f[0xb4][0x8e][0x1d][0xca][0xf3][0xe]-[0x93])[0xd2]*[0xa9][0xc1][0x13];[0x86][0x88][0x16][0x1e]vG[\r]l[0x8a]6DTV[0xd8][0x9d]7[0x10])[0xda][0x10]Q[0xaf][0xd1]8E#[0xad]U[0xa0][0xb5]Mt[0xcb][0xa5][0x86][0xf4][0xea]'[0x99]"[0xad]p[0xa3]q[0xe8]![0xad]F[0xa3][0xb5]M[0x88]6%[0xad]m[0xa2][*7BT[[0xb4][0xf6][0x13][0xdd]R9[0xdd][0x96]h[0x99][0x1a]!j=Z[0x87][0x1e][0xbd][0xfa]s[0xa6]Hk[0xc2]h[0xec]'[0xa4]5\[0xb4][0xb6][0x9][0x91]s[0xb1]We[0x3][[0xd3][0x1a]#[0xb2];v[0xe7][\r]DM[0x8b][0xbc][0x8e][0x8b][0xa6]3[0xcc][0xa6][0xc6]t+[0x19][0x8c][0x11][0xf5][0x9f]G[0x80][0x82]3h[0x11]N&[0x96][\r]*9[0xa9][0x5]%[0xf9][0x5][\n]"
05:47:43.754 [main] DEBUG org.apache.http.wire -  << "[0x18];[0x80],A[0x0]i[0x89]7z[0xd3][0x1d]i[0x12][0xc9][0xd4][0x98][0xaa]E[0x3][0xfa][0x86]{d[0x9b][0x90][0x16]I[\r][0xc4][0x86]*[0xe4][0xd1]4[0xaa][0xd9][0x8f]o[0x2][0x9][0xc5][0xef][0x88][0x8c]M[0xc8]nD[0x1e][0x2][0xed][0x96]#2[0x16][0x91][0x96]9[0x11]2[0x9f][0xe8]}[0xb2] [0xeb][0x89][0xf6][0x1f][0xa2]d[0xa0][0xaa][0xfd][0xc4]z[0x1f][0x91]3[0xa9]j=[0xd1][0xde]Gd"[0x9a][0xd9][0x8f][0xde][0xed]DI^[0x88]Z[0x97]f[0xf6][0xe3]+D[0x90][0x16],[\r][0x8c][0xfd][0x88][0x1e]*[0xcd][0xec]G?g[0x5]9[0xfc][0x91]VS[0xd1][0xcc]~[0xbc][0xe1][0x8f][0xe8][0x2][0xf][0x8c][0xfd]4[0xca][0xfe][0xc4][0xe6]?[0xa4][0x85]X[0x3][0xe3]D[0xf9][0x3]k![0x9a][0x9a][0xd2]hj[0xcf][0xd4][0x14][0xd1]8[0xa0][0xee]*|SSD1[0xe6][0x99]W[0x92][0x9a][0x93][0x93][0x99][0x9e][0x9a]W[0xa2][0x10]\[0x92][0x9a][\n]"
05:47:43.754 [main] DEBUG org.apache.http.wire -  << "Z[0xfd][0x98][0x8f]e[0xc5][0xac]g[\n]"
05:47:43.754 [main] DEBUG org.apache.http.wire -  << "[0xe8]<[0x89][0xe2]L[0x85][0xbc][0xc4][0x92][0xd2]b[0xd0][0x82]P[0x10][0x91]XL[0xd6][0x9a]XSSD9[0x6][0xb]G[0xda][0xac]4[0xc5]\[0x8d]E[0xab][0xe8][0xa2][0xdb]j*S[0xba][0xad][0xa6]2[0xa5][0xdb][0x1a]'[0xf0]^v[0xba][0xcc][0xf][0x9a][0x9a]![0x12][0xbf]k^~Q.hqt@N"x[0xf9][0xaf]sFb&h][0x7][0xea][0x2][0x90]0[0xc8]Bp[0xd0][0xa9]#%[0xa9][\n]"
05:47:43.754 [main] DEBUG org.apache.http.wire -  << "y[0xf9]y[0xa0]sG[0xca]2S@y&[0xb5][0x98][0xac][0xa5][0xbf][0xa6]H[0xeb]o\J[0x8b]@k<@[[0x9]r[0x14][0xb0][0xbb] [0x18][0xba][0xd4]Y[0xa1][0xb0]4_[0x1]i]vf[0x1e]9K[0xd2]M[0xe9][0xb6][0xcc][0xc6][0x14]i[0x99][\r][0x8d]3:[0xdd][0x96][0x91][0x98][0xd2]m[0x19][0x89])[0xdd][0x96][0x91][0x98]"[0x1d]BB[0xe3]xB:n$ [0xd8][0x4][0xb3][0xd4]/6QHJ,*E[0xf4][0x8e][0x8c][0xf1][0xaf][0xad]Bn[0x9e][0xd1]m[0x89][0x8a])[0xd2][0xa1]%[0xb4][0xe]/D[0x93][0x8f][0xd6]6![0x1a]w[0xb4][0xb6][0x89]n[0x83][0xbc][0x16][0x98][\r]6[0xcc]$G[0xf4][0x11][0x8c][0xf8][0x9a][0xe6][0x16][0x88][0xd6][0x1a][0xad]C[0xf]Q[0x81][0xd1][0xda]&[0xba]5[0xd3],[0xe9][0xb5][0xf0][0xd3][0x14]iy[0x10][0x8d]C[0xf]i[0xc9][0xf][0xad]m[0xa2][[0x19]a[0x89](#[0xa8]^z[[0xd2][0xad]T@Z[0xed]C[0xeb][0x98][0xa1]W^5C:[0xa9][0xc7][0xb5](=?/?73Y[0xc1]1[0xa7]473[0xaf]4[0x17][0xeb][0xb6]?[0xc7][0xd2][0x12][0x85][0xa4][0xd4][0xc4][0x92][0xc4]T[0xf8][0xa6][0xb6][0xd4]\[0x85][0xdc][0xc4][0x8a][0xcc][0xdc]T[0x85][0xbc][0xd4][0xdc]|[0x85][0xcc][0x9c][0x9c][0xd2]\[0xd0][0x86]?p[0xdf][0x8f][0x9c][0xa6][0xa6][0x99][0x1][0xbd][0x8a]E3[0x3]z[0x15]Vf[0x83]{[0x9d][0x84][0xd9]`\'aF[0xaf]u[0x12]&&HU[0x9][0xad]N[0xe2][0xa4]WJ3E[0xda]/@[0xeb][0x82][0x8a]^~2C:[0x8b][0x95][0xb6]~23@TV[0xb4][0xb6][0x89]^U[0x97][0x99]![0xbd][0x1a][0xb4]fH+f[0xb0]O[0x2][0xf][0xe8][0x1c][0xb5][0x19][0xd2]2[0x1b][0xec][0xce]C[0xf4] [0xe9][0xb6][0xca][0xdb][0xc][0xe9]X([0x1a][0xa7]8#D[0x93]/ [0xd8][0xd0][0x80][0x82]N[\r][0xfa]yF[0xf0]][0x9]H[0xd5][0x1c][0xe4][0xf0]x[0xc]K[0xd2][0xf0][0x9f]+olfD[0xb7][0x1c][0x88]t[0xf2]RvfAb[0xb1]Bb^:[0x96][0x93][0xc9]sS[0xf3][0xd2]SsJ[0x13][0x8b][0xb2][0x13][0xf3] J[0x14][0x8a][0x13][0xf3][0xd2][0x13]K[0x14][0xb2]S[0xf3][0x92][0x13][0xc1][0xbb][0xa6][0xa0][0xc7][0xad][0xe0]?[0xd4][0xf][0x1e]JH[0xc7]o[0x90]w[0xfa][0xbe][0xb1][0x19][0xd2][0xfa] [0xf8]q[\r]NE[0xf9]yU[0xa9]8[0x86][0x3]![0xe7][0x10][0x16][0xa5][0x16][0xa4][0xe6][0xe4][0xa4][0xe6][0xa5][0x94][0x16]+$&[0x83][0x8e][0x18][0x1][0x1d],RXJ[0xd6][0x90][0xbc][0x19][0xd2][0xd2]![0xdf][0xd4][0x94][0xcc][0xfc][0xe4][0xa2]T[0xd0][0x88]$[0xe8]0D[0x1c][0x87]h8[0x82][0xed][0xcc]+[0xc9][0x4][0x1d][0x14]R[0xa2][0x90][0xf]>S#Q[0xa1],5'[0xb3]D!/?)[0xb3][0x98][0xac][0x16]#[0xd2]1SC.&[0x91][0xd6]*[\r]=[0xb7]#[0xe6]V[0x87][0x9e][0xdb][0x11][0xcb].[0x86][0x9e][0xdb][0x11]%9[0x8d][0xeb][0xc][0xa4]e][0x9e]y[0xc9]E[0xa9])[0x99]I9[0xa9][\n]"
05:47:43.754 [main] DEBUG org.apache.http.wire -  << "[0xb0][0x92]&'?[0x19]s[0xef][0xab]k"[0xfc][0x98][0x15][0x85][0xd4][0xbc]LHg[0xb0][0x18][0x94][0xbf]S[0x8b][0x93]3K[0xf3]J[0x14]RJ[0x93][0xc1][0x7][0x1a]A[0xce][0x10][0xca]%+[0xcb][0xd3]mi[0x97][0x19][0xd2][0x82]+Z[0x7]6[0xdd][0x1a][0xd4]Hk[0x82]h[0xec]'[0x13][0xba]5sM[0x10][0xcd]\[0x9a]dh[0x9c][0x8d][0x1e]*T[0xe7]&[0x94][0xf]y [0xdf][0xa2][0x83]g[0xd0][0xd9][0xcc][0x84]n[0xc3]KH+h[0x9c][0xc8]L[0x11][0xf5][0x10][0xad]m[0xa2][[0xc9][0x8b][0xb4]n[0x85][0xd6]~[0xa2]<[0xf1][0x11][0xb7][0x16][0xcf][0x8c]nk8[0xcc][0xe8][0xb6][0xb2][0xc2][0x8c]n[0xa7][0xc7][0x98][0xd1][0xed]L[0x17]3[0xd0]-[0x1]tYYa[0x86][0xb4][0xa6][0x81][0xc6][0xa9][0x9c]n[0xcb][\n]"
05:47:43.754 [main] DEBUG org.apache.http.wire -  << "[0xcc][0x90][0x96][0x15]x[0x14]([0x84]e[0x96][0xe5]+D[0x1a][0x19]a[0xf4][0x84]sSs3s2[0xb3]3[0x15][0x8a][0xb]R[0x8b]3[0xd3]2[0xb3]Ag[0x8a]T&[0xe6][0xa5]+$[0x16][0x80]O[0x1a][0x85]v*[0x8d]A[0xf7][0xc2][0xa0][0x9c][0x16][0x8f]^[0x13]![0xcd]g[0x9b][0x99][0x93][0xd2]}[0xc6]r[0xfe]7[0x9e][0x9c]L[0xbd][0xfe][0xab][0x89][0x9][0xd2][0xfd][\n]"
05:47:43.754 [main] DEBUG org.apache.http.wire -  << "[0xd0]x7[0xc6][0x8] [0xe8][0x89]W[0x0][0x0][0x0][0x0][0xff][0xff]"
05:47:43.754 [main] DEBUG org.apache.http.wire -  << "[\r][\n]"
05:47:43.755 [main] DEBUG org.apache.http.wire -  << "CDB[\r][\n]"
05:47:43.755 [main] DEBUG org.apache.http.wire -  << ""[0xe2][0x9e];[0xdc][0xf5][0x9d][0x89][0x89]%)[0x1]B[0xc1])s&&HSD4[0x1a]EF[0xda][0x2][0x1a][0x92][0x98]Q[0xaa][0x90]T[0x9a][0x83][0xe5][0xc]D|[0xe1]F[0xdc][0xaa]I[0x13]S[0xa4][0x81][0x1c]2m"[0xf6][0xfc]-[0x13]S[0xa4]q~[0xda][0xdb][0x85]h$B[0xd3][0x1d]m[0xd6][0xf6][0x99][0x98][0xd2]k[0x9f][0xa2][0x9][0xdd][0xa6][0xa7]ML[0xe9]5=mb[0x8a]Y>[0xd0]*[0x9e][0xe8]V>[0x98][0xd2]k[0xb2][0xda][0xc4][0x14][0xa9]$[0xa2]q*[0xa7][0xdb]l[0x93][0x19][0xd2][0x12][0xba][0x0][0xc8]5o[\n]"
05:47:43.755 [main] DEBUG org.apache.http.wire -  << "[0x8e][0xa5]9[0x99][0x89][\n]"
05:47:43.755 [main] DEBUG org.apache.http.wire -  << "[0x98][0x15]Gf^&h[0xb9]%[0xe8]*8[0x85]D[0xb8][0x1a]huJ\[0x9]hlfN[0xa7][0x92][0xc2][0xd8][0xcc][0x1c][0xd1]#[0xc3]>-1[0xb0][0xb3]&H[0xab][0xef][0xb0];[0xf][0xd7][0xac][0x9][0xfa][0xae][0x14][0xea][0xb5][0x1f][0x8c][0xcd][0x90][0x96][0xed]aw[0xd4][0x0][0x87][0x19][0xa2][0x9b][0x88][0xdd]y[0xb8][0xc2][0xc][0xbd]%C[0xd5]0C[0xb4][0x84][0xc0]9([[0xc1]=35[0x7][0xa3][0xd9][0x15][0x2]:d</[0x1d]tAbvQfAq&[0xc2][0xad][0xc4][0xef][0x1d]4[0xb3]@[0x8c][0xfb] Y[0xa6][0x90][0x9d][0xaa][0x8b][0xd9][0x12][0xa6][0x92][0x8d][0x88][0xc][0x8b]f#f[0x9]A%[0x1b][0x11][0x1d]g[0xfa][0xdc]te[0x86]t[0x1][0x1a][0xd8][0x8f][0xc9]%[0xb4]-[0x4][0x91][0x16]F[0xd0][0xc9][0x87][0xf4]jb[0x18][0x9b][0xd1][0xab][0xe2]76[0xa3]Wullf[0x89][0xa8]JhZ[0xf1][0x1b][0x9b][0x83]:[0xa4]t[0x19]"0G[0xba]&[0x97][0xd6]~B[0x94] [0xb4][0xb6][0x89]n[0xf1][0x84][0xd4]e[0xa4][0xb1][0x9f][0xc][0x11][0x13]j[0x9e][0x1][0x1e][0xfe]~[0xae][\n]"
05:47:43.755 [main] DEBUG org.apache.http.wire -  << "[0x86][0xa6][\n]"
05:47:43.755 [main] DEBUG org.apache.http.wire -  << "[0x1]A[0xfe][0x18][0x15][0x8c][0x87][0xab][0x9f]{[0x80][0xbf][0x1f][0xa2]Z1[0x1][0x8d][0x14][0x13]s[0x17][0x9e]9[0xd2]:5Z[0xfb][0x6]Q[0xd1][0xce]7tKoH[0xb]sh[0x1c]nHklhm[0x13]"[0xbd][0xd1][0xda]&D[0xc3][0x89][0xd6]6![0xb5]([0x12][0xf3]J ;[0xcc]|[0x13][0x8b]@[0x93][0xae]>[0x89][0xb9][0x98][0xd7][0x0][0xb9][0x96](dd&[0x83]V[0xdd][0xe6]#M[0xa3][0x82]F[0xbf][0x89][0xca]OH+8[0x92][0x12][0x8b]SS[0x8a][0xd2]2+0[0xf2]+X&5-[0xb1]4[0xa7]$[0x5][0xb4][0xd3][\r][0xda][0x91]2[0xb3][0x4][\r][0xde][0x12]g[\r][0xbd]&6[0xcd][0x91]n[0xbe][0xa2][0xcd][0xd8]+z[0x3][0x1d]i[0xec][0xd5][0x1c][0xe9][0xe],[0x1a][0xa7][0x13][0xba][0x1d]7bN[0xb7][0xd9]os[0xea][0x9e]6[0x82]/[0x9e][0x90]&li[0x1c]O&t+9[0xa8]0[0x83][0x8c]g[0xe8][0x1f]9[0x95][0x9b] 23[0xcd]jFP[0x83][0x0][0xda][0xba][0xa4]6F[0x9a]M[0x1e][0x0][0xcb][0xe9]V[0xab]!][0x8a]C[0xe3]\[0x80]t1[0xcd][0x0][0x4]([0xa2]J[0x1d][0x0][0xcb][0x11][0xed][0xfc][0x1][0xb0][0x1c][0x91]Q[0xe9]o9[0xd2]![\n]"
05:47:43.755 [main] DEBUG org.apache.http.wire -  << "[0x3]`9b=[0xc8][0x0]X[0x8e][0xc8][0xc1][0xf4][0x18][0xa3]1[0xa7][0xdb][0x2][0x4]s[0xba][0x1d][0xed]`[0x8e][0xb4][0x0][0x1][0xfb][0xf8][0xe9][0x80][0xe][0xef][0x9a][0x83][0x1a][0xbe][0xd0][0xea][0x9][0xbb][0xf3][0x90][0xfa][0xb6][0x96][0xf8][0x16]fQqx[0xd7][0x9c]n'4[0x98]#-[0xa5][0xc0][0xee][0xfd][0x81][0x8d][0x1d][0xa4][0xf5][0x17][0xd8][0x9d]7 [0xb1][0x83]h[0x9][0xe]"G![0x6] [0xb0];j[0x80]#[0x12]Q{bw[0xde][0x80]D$[0xa2]V[0x1d]<[0x8e][0x1a][0xdc][0xd3]a[0xe6]([0xb7][0xb3]`[0xbb][0xc9]a "[0x12][0xe9]z[0x16][0x97][0xd2][0xec][0xd2]<[0x8c]q[0xf][0x84][0xa3][0xcc][0x88]>O[0xc4][0x1c][0xe9][0xf4][0x8][0xec][0xc9]c`[0xb3][0x14][0xca][0x9d]/[0x83]&&[0x8]e[0xa9][0x81][\r]3[0xa4][0xe3][0x1f][0xb0]G)"[0xa1][0xd0]m[0xdb][0xa0][0xb9]%[0xa1][0x19][0xe6][0x1][0xe]3[0xc4][0xf0][0xf9] [\n]"
05:47:43.755 [main] DEBUG org.apache.http.wire -  << "[0xb3][0xc1]][0xdd]!M[0xde][\r][0xa2]0[0x1b][0xd4]y[0xd3][0x2][0xe9][0x8][0x8b]A[0x13]f[0x16]H[0xdb][0xd5]i[0xb2][0x13][0x5]}l[0x93][0x8a][0xbd][0x8][0xb][0xa4][0xd9][0xd6][0xa1][0xe7]vBm[0xec][0x1]-[0x13]-[0x90]n[0xb2][0x19]Di[0x15]1<F[0xdb]Q@[0xb][0xa4][0xc3]V[0xe8]>(c[0x81]4[\r][0x8e]=[0xec][0x7]6i [0xcd][0x9d]cw[0xde][0x0]41,[0x90]&[0xdb][0x87]\Q[0x80][0xb4][0xa6][0x1c]{[0x80][0xe]p|[0x13]j[0x89][0xc]H|[0xd3][0xad](@Z[0x8e]0[0xf4]R[0x16][0xa2]A[0x4].0[0x1d][0x8b]2[0xd3][0x13][0xf3]K@[0xa7]O[0xa2][0x1e][0x1][0x8b]o[0x1b][0x6][0xb1][0x9b]#[0x8c]-[0x90][0xd6]S[0xc][0xb9][0xa0]B:[0xda][0x84]>[0xab][0x7]-[0x90][0x8e]8[0x1]GN@0m[0xb6][\r][0x18][ [0x1d]SB/[0xbf]![0xca][0xc]Z[0xfb][0x8d]n[0x5][0x1][0xd2][0xc1][0x1d]4[0xf6][0x13][0xd2]1[0x1b][0xb4][0xb6][0x9]1[0xf9]4[0xe4]r[0xac]1Z[0xe1]F[0xbb][0xfc][0x83][0xb4][[0x1f]g| *A[0xe2][0xcb]K[0xa4]u[0x10][\n]"
05:47:43.755 [main] DEBUG org.apache.http.wire -  << "[0x18]#z[0xd4])[0x92][0x91][0x16]@[0xe0]t:ulBZ[0x6]1[0xe4][0x92][0x12][0xd2]*[\n]"
05:47:43.755 [main] DEBUG org.apache.http.wire -  << "Z[0x87][0x12]b[0xc2][0x95][0xd6]6![0x6][0xdd]hm[0x13][0xa2]+Kk[0x9b][0x10]#u[0xb4][0xb6][0x89]n[0x15][0x18][0xd2]5[0x18][0xb4][0xf6][0x13][0xa2][0xc0][0x1c]r9[0x14]i[0x89][0xc6][0xd0]s[0xfb][0x10][0xae]d[0x91][0xee][0xe2][0x18]z[0xe1][0x8e]([0x1][0x87][0x9e][0xdb][0x11][0xe5]Of^J~nf*F[0x3]!1[0xbb]T[0xa1][0xb8]4;Q[0x1][0xa1][0x0][0xba][0xda][0xd9][0x88][0xe8])@[0xb][0xa4][0xc5]+[0xd0][0xd2][0xc7][0x10][0xc3]"|[0xed][0x3][0xba]M"Y [0xdd]k[0x82][0xd3][0xa5][0x88]F[0x18][0xbe][0x9d][0xb3][0xd4][0x1c][0x82]6G[0xaf][0xcf][0x8b]M[0x8b]q[0x7] [0xfa][0x19][0x16]fff[0xc4]-d[0xb5]@[0x9a][0xaa]ED7j[0x1f][0x9e]*[0xe9][0x1][0xe9][0x98][0xda][0xda][0x83]X.A[{[0x10]u[0x1e]M[0xed]A[0x9a]w[0xa5][0xad]=[0x88][0xf4]F[{[0x90][0xba][0xd5][0x95]y[0xa9]E[0xe9][0x99][0xe0][0xb][0x84] Wha[0xbf][0xc4][0xc7][0xb3]([0x1f][0xb4].[0x1]V[0x6]Y[0x82]v[0xd5][0x12][0xb3][0xe3][0xc2][0x12]i{[0x1e][0xe2]hw[0x90]i[\n]"
05:47:43.755 [main] DEBUG org.apache.http.wire -  << "N[0xf9]%%9[0x98]%[0x9f]s>[0xe8]x[0xbf][0x12][0x90][0x4][0xd4]6ssPF$[0xce]6Dm[0x1c][0x9c][0x93][0x9a][0x9a][0xad][0xe0]^[0x94][0x98][0x97]Y[0x92][0xaa][0x10][0x9e][0x98][0x93][0x93]Z[0x82][0x91]yag[0xcc]#[0xca][0x16][0x13][0x3][0xd0]6s[0xe2],C[0x4][0xe3][0x10][0xab][0x82]LL[0xe9]u[0xbc][0xb4][0x89][0xa9][0x1][0xa2]0[0xa0][0xf9][0xa1]*H3;x[0xec]BD6[0xb1][0xbd]y[0x13]S[0xa4]y[0x11]<&[0xe3][0xab]LI[0xb0][0xb]Q[0xac]A+C[0xda][0x8c][0x1d][0x9a][0x98]"[0x8d][0x8b]b[0x9f][0x9c]@[0x4][0x15][0xbd][0xda][0x2]&[0xa6][0xf4][0x1a]:51[0xa5][0xd7]}[0xed]&[0xa6]H[0xa7]$[0xd3]4J[0x8d]-[0x90][0xf6][0x9d][0xd1][0xda]&[0xba][0x8d][0xc] m[0xc8]rL-[0xca]O[0xa9][0xcc]K[0x4]][0x10][0x2][0xbb][0xf8].[0x4]t[0x3][0x1d]F[0xd1][0xee]ZQ[0x90][0x9a][0x92]Y[0x92][0xa8]PZ[0x2]:[0xd6]Y!9[0xbf][0xa8] [0xbf][0x88][0xbc]s[0x9d]-[0x90][0xae][0x85][0xe]F[0xaa]1}2[0xf3]R[0xf3][0x14][0x9c][0x12][0xd3]1m/.QH-*[0xca]/R[0xc8][0xcb][0xcc][0xc8][0xcc][0x1][0xb9] [0xb3]D[0xa1]83[0xaf]D[0xa1]([0xb5][0xa8]4W[0xa1]4''[0x91][0xac][0x3]g-[0xe8][0xb6]i[0xcc][0xc2][0x4][0xd1][0x1e][0xa1]qZ[0xa2][0xdb]1[0xb0][0x16]t[0xdb][0x8]gA[0xb7][0x3]g-[0x90][0xae]D[0x1d]b[\r][0x11]c[0xb][0xa4][0x1d][0xc][0xd0]46X[0xfb][0xa8][0x98][0xdb][0x1a]0][0x8a][0xa8]/[0xe9][0xd6]GEj[0xf1][0xe6][0xe7]U*[0xd0]n[0xa2][0x4][0xf3]@GL[0xff][0xe3]k[0x0][0xd1][0xab][0x5]al[0x81]tB[0x17][0xce]45[0x0]1[0x85][0x18][0xf5][0xc1][0xe9][0xaa]A[0x12]~[0x88][0x8e][\r]N[0x97][0xe]@[0xf8]!:[0x12][0xd8][0x1b][0xab][0x3][0xbb][0x92][0x6][0xd4]m[0x1c]l[[0xb1],[0x90][0xb6]c[0xd0]tD[0x1][0xf3]J[0xd1][0xc1]Z6 [0xed][0x0][0x19]Di[0xdb][0x2][0xa3]-=h[0xc3][0xf]c[0x96][0xe][0xd3][0xa5][0xf4]/[0x1b][0x90][0x8e][0xd0][0xa2]i:G>@[0xb]<[0xbe][0x4][0x1b]@R[0x8]O,I[0xce][0xc0][0xe8][0x6][0xf8][0xa4]&[0x96]d[0xa4]"[0x9d]Uba[0x4][0xda][0x83]N[0xcc][0xf0][0x92][0x5][0xd2]*|[0xc8]XVx~~[0xe][0xf1][0x3]YFF[0xa0][0x12][0x89]8[0x9b][0x90][0x6][0x1c][0x90]z7[0xc1][0x99]9[0xd9][\n]"
05:47:43.755 [main] DEBUG org.apache.http.wire -  << "[0xce]X[0xaf][0xd6][0x80][0xdc][0xbb][0x81][0x88]g##[0xd0][0x18]61[0x96]Y"[0xad]Iw[0x83][0x9f],[0x3]1O[0xc1]9[0x1f][0xcb])[0xc2][0xc1][0xf9]9[0xa5]%[0x89][\n]"
05:47:43.755 [main] DEBUG org.apache.http.wire -  << "[0xa9]%[\n]"
05:47:43.755 [main] DEBUG org.apache.http.wire -  << "[0xc9][0xa5][0x5][0x99][0xa0].]I*[0xd2][0x11]3[0xf8][0xaf]:B:/[0xc2][0x12]y[0xcc][0xb][0xc9][0x9b][0xce][0xf9][0x5][0x5][0xa9]E[\n]"
05:47:43.755 [main] DEBUG org.apache.http.wire -  << "[0xde]y[0x99]i[0xa0]AG[0xd4]qw[0x88][0xc3][0x10][0x1e][0xb5][0xb0][0x4]u[0xb0][0x89][0xf3]("[0xa7][0xc][0xb5]V[0xb9]%[0xd2][\n]"
05:47:43.755 [main] DEBUG org.apache.http.wire -  << "qH[0xda][0x83][0x1e][0xfd][0x13][0x90][0x98]W[0x82]9[0x5][0x12]T[0x9a][0x94][0x84][0x9c][0xc8]M[0xcd]@[0x97][0x13][0x17]H[0x88]J[0x1d]b[0x11]<Ca[0xb7][\n]"
05:47:43.755 [main] DEBUG org.apache.http.wire -  << "[0xda][0xe7]GD[0x88][0xa5][0x85][0xa9][0x11]q[0xd3],[0x96]H[0xa3][0x83][0xc8][0xc3][0x8]p[0x1b][0xbd]S+[0x93][0xf2][0x13][0x8b]R[0x8][0xe7]b3[0xf0][0xf9]_Dy[0x10]i[0xbd][0xf7][0x90]K[0x5]Hgo[0x7][0xe7]&[0xe6][0xe4] ][0xc9][0x8a][0xb5]T[0xc0][0x12]9[0xa0][0x84]D\8![0xc6][0x1a]<[0xf3]JRsr2[0xd3]S[0xf3]J[0x14] #,[0xd8][0xd3][0x2]x[0xbe][0x2][0x91][0x12][0xcc]-[0xc]M[0x89]L[0x9]H[0xb][0xca]=R[0x13][0xcb]*[0x15]\JK*[0x11][0xbe][0xc3][0x99][0x10]@[0xf3][0x16][0xc8][0x16][0x82][0x86]b[0x88][0xf3][0x1d][0xa2]~[0x87]_P[0xe6][0x9c]_R[0x92][0x9f][0x87][0xab]@[0x87]d8[0x84]e&[0x96][0xa0][0x81]t[0xe2],C[0x14]<[0xc8][0x83]U [0xc7]+8[0xa5][0xe6]a[0xa9][0xa6]0K9[0xd0]q[0xca][0xc4]Y[0x86][0xe8][0xd5][0x4][0x14]%&[0x97]d&'[0xe6][0xc0][0xae]e[0xf2][0xc0]R[0x9a]C'd[0x10][0x1e]35[0x6][0xad],&[0xce].[0xa4]~[0x9]8=[0x6]$[0x82]Jn[0xec]U/z[0x0][0x1a][0x19][0x83]V[0xca][0x12]g[0xf][0xa2]P[\n]"
05:47:43.755 [main] DEBUG org.apache.http.wire -  << "*[0x5]O[0x8d]A[0xeb][0x8][0xac][0xf5][0x13]D[0xe][0xe1]!KS[0xe2]-BT[0xbc][0xc8]%[0x12][0xa4]<U[0xc0][0x16]|[0x10])[0x84]eF&[0xa0]C[0x9b][0x89][0xf2][0x15]([0x98][0xa1][0x1d][0x14][0xa4][0x1b][0xb4] [0x19][0xc]{-[0x8f][0x1e][0x84]f[0xc6][0xa0][0x8c]C[0x9c]e[0x88][0xec][0xec][0x93][0x99][0x9e]QR[0x9e][\n]"
05:47:43.755 [main] DEBUG org.apache.http.wire -  << ""[0x15] &b[0xf5]Yx~~J*[0xd2][0x1c][0xa3][0xa9]%h[0xa5],q[0x96]!r[0xd7][0x90]+c[0x91][0xe7] [0xc0]i[0x1a]6[0xff][0xa9][0x80][0xbd][0xd0][0xc3](c[0xcd],L[0x8d][0x89],[0xf6][0x90][0xee][0x99][0x84][0x97]B[0x90],[0x84]-[0xa9]a[0xb4]][0x8d][0xc0][0x7][0xc7][0x13][0x17]#[0x88][0x9c][0xea][0x9a][0x97]_[0x94][0x9b]_Z[0x8c](^[0xb1]{[0xc]=[0x1b][0x19]Y[0x80][0xce][0xfc]%[0xce]6D~E[0xce]F[0xb8][0xbd][0x6]j[0xd9]"[0xf2][0x10][0xf1][0xe7][0x7]Z"-[0x13]w,O-[0xce][0xcf]MU[0x80][0x16][0xe3][0xc1][0x19][0x99]E[0x98][0xf3][0xcb]hU[0x94][0x85]%[0xb1][0x7]"[0x82][0x13]?4[0xb7]"[0xe6][0xcd][0xe1]i[0x3]GA[0x4][0xaa]P[0x10][0xfe][0xb2][0xb0][0x0]-[0xf8] *[0x4][0x8d][0x11][0xa3][0x88][0x8][0xdb][0xa0]E[0xb5]B@N"x:[0x1e][0xb5]e[0xc][0xaa]N[0x10]v[0x19][0x1b][0x83][0xf6][0x81][0x13]g[0x17][0xa2]h[0x80][0x96][0xae][0x90][0xac][0x8f][0xc3][0x1e][0x8c][0x4]on[0x8][0x1a]m [0xce]*[0xc4]"1x2[0x84]&k[0x5][0xac][0xa7]XB[0xbd][0x8c][0xf0][0x97][0x85]![0xd1]MY[0xa4][0x8b][0x0]]J[0x8b]@sR[0x88]$[0x8f][0xbd][0xda][0x5]u[0xe8][0x10]V[0x99][0x11][0xbf][0xf2][0x0][0xe9],[0xc4]!W[0xe0]!M[0xe6]![0xd7][0xc][0xf0][0xa4][0x8d][0xe3][0xc2]V[0xd4][0xe4]fj[0x2][0x9a][0x9b]".[\r] [0xea]Xd[0xfb][0xe0][0xad]~lE[0x1f]j[0xc4][0x98][0x1a][0x82]N;'[0xca]2[0xa4]yBd[0xcb][0xa0][0x9][0x1c][0xfb][0xd2][0x1a][0xf4]*[0xdd][0xc4][0x10]t6[0x6]q[0xd6]![0xb2]-R[0x95][0xe].tp[0xdc][0xbe][0xb][0x96]C[0xa4]9#c[0xd0]Q[0xa1][0xc4][0xd9][0x85][0xc8][0xb6]HvA+t[0xec][0xed][0x7]X[0x9c]"[0xec]3[0x6][0x1f][0x12]F[0x9c]}Hy[0xb7](=?/[0x1f]4[0xe5][0xb]/l[0xf3]S1[0xbb][0xa1][0xa8][0xa5][0xba][0xb9]![0xe8][0x9a][0x13][0xe2][0xac]B[0xb4][0x1f][0x90][0x1b][0xcc][0xd0]X[0xc3][0x91]@P[0x1a]+f[0x96]D[0xa7]G[0xa4]iA[0xf8][0x85][0xc9][0x90][0x9a][\n]"
05:47:43.755 [main] DEBUG org.apache.http.wire -  << "{;[0x16]=[0xc6]L@#[0x98][0xc4]y[0xb][0xd1]4[0x87]t[0xdf][0xa0][0xa5][0x1b][0x8e][0x82][0x16]*[0x8b][0x88],KS[0xd0][0x89]n[0xc4]Y[0x85][0xa8][0xef]1[0x6]u[0xb0][0x85][0x1f][0xb8][0xd5][0x89][0xb0][0xc9][0xcc][0x80][0xe8]Q[0x15][0xe4]=/[0xe0][0x11]8H[0xbb][0x81]X?[0x19][0x9b][0x82]N[0x1a]&[0xca]OH[0xfb]F[0x86]\![0xb][0x1a][0x13][0x81][0xb6][0x1e][0xa0][0xa3][0xdc][0xb4]YBdl[0x9]j|BmB.[0xf1][0xa0][0xb5][0xb6][0x2][0x8e][0xd2][0x1c][0x12]i[0x88][0x4]`j[0x2][0x1a][0x9c]#.Z[0x10][0x99][0x15][0xd1][0xe1][0x84]U[0xea][0xd8][0xcb]![0x8c][0x94]mb[\n]"
05:47:43.755 [main] DEBUG org.apache.http.wire -  << "[0xda]r@[0x9c]u[0x88][0xce]4[0xd2]P[0x1][0xa8]6[0xc2]1b[0x8][0xf5]9[0xc2]oF[0x86][0xc4].[0x4][0xb6][0x4][0x8d][\r]c[0x9]Lp[0x11][0x80][0xa3]?[0x80]Z[0xe8][0x19][0x99][0x11][0xdd][0xc]C[0xda][0x9a][0x2]m[0x86][0xc1][0xab][0xc4][0xe0][0xc][0xac][0xc5]kI*[0xf8][0x92][0x16][0xe8][0xaa]LKS[0xd0][0xd0][0x16]qa[0x88]h[0x9f]C[0xad][0x82][0xc4]?[0x8e][0xc1]e[0xb0]w[0x11][0xe1]gb[0x8][0x9a][0xc5]"[0xce]"[0xec]u=8[0xb6][0xb0]W[0xbe][0xe0][0x92][0x17][0xc9].[0xe2][0x9b][0xb1][0xa0][0x14][0x4][0x8d]+xg[\n]"
05:47:43.755 [main] DEBUG org.apache.http.wire -  << "[0xea]-[0xec][0x1d][0x1c][0x8c][0x84]aa[0x4][0xba]c[0x84]([0x8f][0x81][0xba][\r]P[0xcb][0x90]G[0xc7]@[0xed][0x14][0x1c][0xc9][0x10][0xad][0x84][0xb5]4[0x4]u4[0x89][0xb3][0xb]Q[0xd1][0xa3][0xe4]h[0xe8]X[0xb][0xd6]u[0xb4]hQfnN[0xbc][0xcf][0x10][0xd9][0x19])A[0x9b][0x15][0xd8][0x9b][0xcd]h^#[0xa1]y[0x6][0xca][0x88][0xd0]`[0x1c]rE:[0xe6]f[0xe]Z[0x15][0xe9][0x98][0x9b]1hf[0x13]"[0xbf][0xd2][0xb8][0x9a]BZ[0xbc]C[0xcb][0x9]BK[0xd0]Juh[\n]"
05:47:43.756 [main] DEBUG org.apache.http.wire -  << "[0xa3][0xad]=[0x88]lC[{[0x10]1DS{@E<=[0xc2][\r]4M[0x9][0xb5]' X[0x1]3][0xa7]'[0xe6][0xa6]*[0x98]*[0x14][0x97]$"M[0xda][0xe2]_[0xb9][0x84]<[0xc5][0x8][0xea][0xb9]A[0x8d][0xa7]q[0x82][0x6]uI[0xe9]c[0x13]h[0x18][0x8e]N6![0xba][0xb3]4[0xe]=P[0xf5]D'?![0xba][0xb1]4[0xf5][0x93][0x89][0x1][0xf2]l[0x1d]-W[0x2][0x9a][0x18] m[0x86][0xa0][0xb5][0x9f][0xe8][0x17]z[0x88][0x2][0x95][0xd6]~B[0xf4](hm[0x13][0xd2][0x0][0x0][0x8d]S[0x4][0xa2][0xff][0x9f][0x19][0x90][0x91][0x9f][0x97]j[0x88]y[0xd5]!xdj[\n]"
05:47:43.756 [main] DEBUG org.apache.http.wire -  << "[0xec]BT[0xa4]F7[0xde][0x93][0xc9][0x11][0xc5][0xab][0x89][0x1][0xd2]qM[0xb4][0xe]:D[0xbd]Gc[0x9b][0x90][0xa6][0xe5]hm[0x13][0x9d][0x8a]W[0x13][0x3]#D[0x17][0x82][0xd6]~[0xa2][[0x1]A[0xd6][0x16][0x1e]D"'z[0xfb][0x97][0x1]h[0x80][0x8a][0x1e]u[0x93][0x89][0x1][0xd2]hunfN6[0xc6][0xba][0x17][0x84][0xeb][0xf1][0xad]fG[0xce][0xa0][0xa0][0x5][0x11]P[0xb7]S[0xcb]DD[0x4][0xd3][0xe5]x+[0x13][0x3][0xa4][0x3][0x81]<[0xb]@e[0x99][0x82][0xa1][0xa1][0x82][0x99][0x89]B:[0x0][0x0][0x0][0xff][0xff]"
05:47:43.756 [main] DEBUG org.apache.http.wire -  << "[\r][\n]"
05:47:43.756 [main] DEBUG org.apache.http.wire -  << "642[\r][\n]"
05:47:43.756 [main] DEBUG org.apache.http.wire -  << "J[0xc2][0x8] |[0xcb][0xb5][0x89][0x8f]p[0xa4][0xfb]o[0xb0]/lF[0xc4][0x3][0xfe][0x96]([0xf5][0xf6][0xbe][0x9b][0x18] [\r]E[0xd1].[0x14][0xa8][0xe8]`[0xf0][0xb8].4[0xe9][0x5]gW[0xe5][0xe7]+[0x84][0xe7][0xe7][0xa4]%g$[0x82][0x96][0x14][0xa0][0xce]\[0x6][0x97][0x14]%Vfg[0xa6][0x80]f[0x10][0xa0][0x83]Y[0x86]f[0xa0][0xc5]aD[0xc][0x8f][0x98][0x98]"M[0x95][0x6]'[0xe6][0x16][0x97][0xe6][0xa5]+[0x4][0x1b][0x19]+[0x84][0xe6][0x94][0x14]%b$[0x10][0xf7][0xc4][0x9c][0xc4][0x8a]JD[0xfc][0x11][0x99][0x8f]LA[0xc3][0xe1]P[0xcf][0xc][0x9a]$a[\n]"
05:47:43.756 [main] DEBUG org.apache.http.wire -  << "[0x9a]*[0x82]:[0x8a][0xb0][0xcf][0x11]~&%l[0x91][0x1a]a[0x4][0xc3]6#[0xb3]2[0x11][0x14][0xe2][0xd0]($:h[0x11][0x8d][0xa2][0xc1][0x13][0xb4]H[0xfb][0xdf][0x6][0x91][0xa3][0x90]b[0x83][0xa6][0xcd]GS[0xa4]9[0xb1]A[0xe4][0xfd][0xc1][0x98]P[0x90][0xe]b[0x1b]<![0x85]4S6[0x88][0x1c][0x85][0xd4][0xcd][0x2]O[0x14]B[0xc7][0xdf][0xb1].>s[0xad]H-J[0xce],I,[0xc9][0xcc][0xcf]K[0xcd]U[0xc8]ML[0xcf][0xcb]T[0xc8]O[0xc9],QH[0xc9][0xcf][0xc9]/"c[0xb9][0xb9][0x89])R[\r]:xB[0x5][0xe9][0xc8]'[0x9a][0xb6][0xcc][0x8d]-[0xcd][0x11][0xd9][0x87][0xa6]#[0x87][0xa0][0xf5][0x8f][0xd0]Zi[0xc8][0x8d][0xe9][0x83][0xa6][0xf2][0xa1]n[0xa7][0xc9]h$[0xa2][0x0][0xa7][0x89][0xf1][0x88][0x1c]F[0x13][0xe3][0x11]c[\n]"
05:47:43.756 [main] DEBUG org.apache.http.wire -  << "[0xb4]0[0x1e]i[0xcb][0x10][0x8d]s[0x2]h[0x1d][\n]"
05:47:43.756 [main] DEBUG org.apache.http.wire -  << "4[0x96]im[0x13]"[0xcf][0xd1][0xda]&D[0xe4][0xd0][0xda]&[0xc4][0xe4]1[0xad]m[0xa2][0xdb][0x98][0xf][0xd2][0xa1]H4[0xf5][0x93][0x89][0x1][0xd2][0xb5]$[0xb4][0xb6][0x89]nc>H7[0x83][0xd0][0xda]O[0x88][0x2][0x94][0xd6]6![0xca]RZ[0xdb][0x84](#[0x86]X}ib`[0x80](u[0xb0]7[0xa9][0x6]r[0xb][0xb8][0x89][0x1]h[0xc][0x1]Z[0xd0]cw[0x1e][0xa2]SL[0xbf][0x81][0x1c][0xd0]*[0x1d][0xa8][0xa3][0x86]\|[0x83]6[0xd2]@[0xdd]N|[0xae]@[0x4]2[0xf1]Cp[0xa0][0xc5]1[0xf4][0xb1]h[0x8][0xe7]>[0xa4][0xcd][0xf]C.%[0x81][0xf6][0x12][0xd1]%[0x82][0x91][0x87][0x7][0x89][0x1e]4!'[0xc9]"[\r][0x11]Ri[0xa8][0x1d]i|[0x8f]Z&"[0xea]Oj[0x99]HN=IV[0xf0]"2*m[0x8b][0x9e][0xa1][0xbb][0x97][0xc3][0xc4][0x0]i/[0x7][0xbd]&g[0x10][0xad]L[0xea]MK[0x98][0xea](9'[0x96][0xa4][0xa6][0xe7][0x17]e[0xa6][0x16]+YE[0xa3][0xcc]h![0x12]\@[0xb0][0x9][0xc6][0x0]A[0xb1][0x89]BRb[0x11][0xe8][0xd2][0x1d][0xe8]8[0xb4]1[0xb1][0xe7]3[0x9b][0x18] ][0x11]A[0xdb]4f[0x82][0xe8]CQ[0xbf]+mb[0x80][0xbc]&[0x9f][0xe8]2[0xf]i[0xf6][0x85][0xf8]z[0x1a]i[0xf8][0x93][0xf8][0x10]#[0xcf]&[\n]"
05:47:43.756 [main] DEBUG org.apache.http.wire -  << "'[0xcb][0x89][0x9c][0x8e]0@Z[0xa9][0xf][0xdb]5[0x6][0xd9][0x8d][0x8d]c]o`if[0xa2]Bj~[0xb1]B[0x11]d[0xb0]R!/59[0xb5][0xb8][0x18]<v[0x99]TZ[0xac][0x90]V[0x9a][0x9e][0x99]X[0xa2][0x90][0x98][0x97][0x99][0x9b][0x89]4li[0x4][0xea]r[0x12]3[0xbf]e[0x80][0xb4][0xa0][0x9f][0xac] &[0xda][0xe3][0x88][0xb6]<Y[0xf6][0x90][0x90]h[0x10][0xa9][0x1f]i[0xe7][0x12]l8[0x18][0xc7][0xe][0x5][0xd7][\n]"
05:47:43.756 [main] DEBUG org.apache.http.wire -  << "[0x85][0xc2][0xd2][0xc4][0xd4][0xa2]D[0xd0][0xe9][0x91]E[0xe0][0xe0]-F[\n]"
05:47:43.757 [main] DEBUG org.apache.http.wire -  << "ObO[0x1d]110[0xa5][0xdb][0xa8][0x2][0xd2][0x8a]t[0xf8][0xce]"[0xf0][0xc2]l[0x5][0xe7][0xfc][0xdc][0x82][0xd2][0x12][0xf0][0x11][0x1d][0xa8]S[0xa1][0x8e][0xc5][0x5][0xa9]E[0x99][0xf9]E[0xa9][0xc5][0x90][0xb3])[0xf3][0x93][0x93][0x13]S[0x93][0x13]K2[0x15][\n]"
05:47:43.757 [main] DEBUG org.apache.http.wire -  << "K[0xc9]K>[0xc8]+[0xd5]i6{N[0xc5]yc[0x3][0xd0][0x1e]'h[0xcb][0x90][0x96]K[0x97][0xcc][0x10]M![0x9a]Z[0x83][0xa8][0xae]hj[\r]R[0xeb][0x8][0xe9]([0x1d][0xf0]F[0xb][0x1c][0x19][0xca][0xb1][0x14]:[0x99][0x92][0x9a][0xab]P[0x94]Z[0x90][0x9a][0x93][0x93][0x9a][0x97]R[0x8a][0x9c][0xa7][0x88]/[0xa3][0x90]V[0xa8]{[0x6]x[0xf8][0xfb][0xb9]*[0x18][0x9a]*[0x4][0x4][0xf9]cT[0xcf][0x1e][0xae]~[0xee][0x1][0xfe]~[0x88][0x6][0xa0][0x9][0xa8][0x6]![0xaa][0x1c]D:[0x98][0x92]fv [0xad]J[0xa7][0x9d][0x1d][0x88][0x8a][0x8c][0x86][0xf3]0&[0x6][0xe6][0x88][0x85]:[0xb4][0xb5][0x7])[0x85][0xd3][0xee][0xf2][0xc][0x13][0x3][0xd0][0xbe]oX[0xb9]@K{@[0xa7]tA[0xed][0xa1]q=[0x88][0xb4][0xc6][0x9e]f[0xa9][\r][0xb4]5[0x1f][0xea][0x1b][0xda][0xd9][0x81]Hi[0xb4][0xb3][0x3]Q\[0xf][0x9e][0xa1]<[0xa4][0xcd][0xb][0xb4],[0xdc]A[0xa7]F@[0xe3]p[0xf0][0xf8][0x1d][0xe9][0xe][0xe][0x9c][0xd9][0x4]Q[0xcc][0x13][0xdf]8[0xa4][0xd7]N[0x0][0x13][0x3][0xcb][0xc1][0x98][0xa4][0x90][0xf]4$[0xba][0xeb]FV8#[0x9a][0xfb][0x83](Q[0x91][0xd3]6'[0xc3][0xf7][0xe0][0xde][0xc2]`[0xcb]R[0x86]H'1[0xe2][0xcc]R[0x18]+\[0xc9][0xf2]=[0xa2][0xc0]&[0xde]"rz[0xed][0x86][0xa0]][0xe4][0x83]/[0x9c][0x91][0x1a][0xcb]D[0xe7]1[0xf2][0xbc][0x8f][0xc8]d[0xb4][0xaa][0x19][\r]A[0xc7][0xd0]A[0x83][0x98][0xd6][0x91][0x89][0xc8][0x9d][0x1]E[0xf9])[0xa5][0xc9]%[\n]"
05:47:43.757 [main] DEBUG org.apache.http.wire -  << "[0x8e][0xa5]9[0x99][0x89][\n]"
05:47:43.757 [main] DEBUG org.apache.http.wire -  << "[0x98]{K2[0xf3]2a[0xfb]J[0x14][0x12][0xe1]j[0xa0]#rD[0x8e]H[0x18]"[0xcd][0x94][0xd1][0xc7]>D[0xcb][0x9c][0xc6]![0x89][0xb4]a[0x8b]>>Cdx[0xfa][0xd8][0x87][0xa8]Z[0xe9]c[0x1f][0xa2][0xf]B[0x1f][0xfb][0x10]%[0x88]SQbr*[0xb6][0xab][0xac]|[0x13]SR[0x15][0xf2][0xd3][0x14]22[0xd3]3@CW9[0x99]%[0x95][\n]"
05:47:43.757 [main] DEBUG org.apache.http.wire -  << "[0x5][0xa9][0x89]E9[0xc8]E[0x9]h[0xb7][0x11]1[0xdd]_CCDQ[0xe2][0x12][0xe6][0xa2][0xe0][0x9d][0x99][0x9b]ZR\[0xaa][0x90][0x97][0xaf][0x10][0x99][0x98][0x99][0x4]Zw[0x8d]:[0x92][0x84][0xa8][0x17][0xc][0x8d][0xc]P[0x87][0xc0][0xf1][0xc][0xaf][0x1b]"[0xed][0xe8][0x2]Y[0xe3][[0x9a][0x9e][0x9a][0xa7][0x10]R[0x94][0x98][0x89][0xb9]l[0x1f][0x8f][\r][0x6][0xb8][0x7][0xf0][\r][\r][0x11][0xa5][0x8][0x8d]l[0x0][0x85])[0xb4]D[0xa4][0x95][\r][0x88][0x92][0x82]V6 [0xe6]U[0x6]M[0xf3][0xcc][0x10]i[0xfa][0x10]9[\n]"
05:47:43.757 [main] DEBUG org.apache.http.wire -  << "[0x91][0x17][0x7][0x91][0xa3][0x10]C[0xdc]4[0xae]J[0x90][0x16][0x1]`[0xf7][0xfe][0x80].[0xc1]1D[0x9a]~[0xc7][0xee]<D)B[0xb7]%8[0x86]HS[0xf5][0xd8][0x1d]5[0xc0]a[0x86][0xa8]=[0xb1];o@[0xc2][0xc]Q[0xc5][0xa6]'[0xe6]f[0xe6]a^[0xb1][0x95][0x96]_[0xa4][0x0][0x91]R((-*[0xc8]/[0x6][0x1f][0x9][0x7]m[0xf3][0x11]=[0x0]`h[0x8c][0xc8][0xcf]4[0xce]:H3[0xfd][\n]"
05:47:43.757 [main] DEBUG org.apache.http.wire -  << "[0x18]#[0xd5][0x18][0x1d]-[0xe4]Z[0x9b][0xd8][\r][0xd2][0x86]H[0x13][0xf2]dy[0x86][0xd8][0xa6][0xb2]1[0xa2]R%[0xcb][0x1e][0xe2][0xa3][0x7]i[0x8f]*[0xad]mBT[0xb2][0xb4][0xb6][0x9]Q[0xd9][0xd2][0xda]&D.[0xa2][0xb5]Mt[0xab][0x81][0x90]v[0x1b][0x11][0xf6][0x13][0xf8][0xd0][0x1][0xa2][0xb3][0x12][0x15][0xe7][0x15][\r][0x91]&[0xf6][0x9];3/_[0x1][0xec]RDIK|[0xe][0xa1]t[0xc2][0x9e][0x4][0x9b][0xe8]VT[0xd2]m[0xd2][0xdc][0x10]i[0xd2][0x9c][0xf8]h":A![0xad]$2D[0x9a][0x19][0x87][0xda][0x84]e9QNb[0xa5]ByfI[0x86]BVjq1[0xa8][0xb7][0x85][0x96],[0xf0]7ZP[0xac]C[0x14]2[0x90]Z[0x12][0xa3][0xca][0xa1]R[0x5][0x8a]4[0x81]>[0xd4][0x96][0x85][0x1a][0x9a][0x91]R>[0x82][0xa3][0x82][0xe8][0xa8][0xa7]fY[0x82]tn[0x1d]4[0xe9]`[0x9e]\[0x5]o@[0xc][0xa0]3[0x11]c[0x6][0xd8][0x1b][0x92][0x3][0xdb][0xce]E[0x9a][0xd1][0x87][0x86]"[0xd1][0x19][0x10])[0xd6][0x89][0xcf][0x81]H[0xb3][0xfb][0xd8][0x83][0x3]Q[0xda][0xe3]7[0x94][0x9a]I[0xc9][0x1c][0xa3][0x95]Ct [0x10][0xeb]"
05:47:43.757 [main] DEBUG org.apache.http.wire -  << "[\r][\n]"
05:47:43.757 [main] DEBUG org.apache.http.wire -  << "A50[\r][\n]"
05:47:43.757 [main] DEBUG org.apache.http.wire -  << "\[0xe4]R[0x8][0xe9]<[0xbc]!W8 [0xad]h[0x80][0xa6][0x97]A[0x99][0xeb]0[0xef][0xe5][0xa4]m[0x8c][0xe][0x8d]"[0x13]i[0xfb][0xf1][0xd0]Kx[0x88]rtP'<R[0x9a][0xfc][0x3]W+[0x99]#[0xfa][0xaa]C.%[0x90][0xb4]8h[0xe0][0x82][0x18]ie[0xd1]`N[0xb0]H[0x8b][0x93][0x86]^J@L[0xa9][0xd1]lj[0xd7][0x2]1[0x10][0x8][0x8d]F[0xcc][0xbb]=[0xe1][0xcd]LX[0x97][0x95][0xe8][0xa6][0x11]5[1[0x16][0x18][0x95][0x10][0xa6]K[0x11][0xcd][0x15]|[0xa3]ZTu[0x15][0xa2][0xec]Q[0xa0][0x10][0x96]Y[0x96][0xaf][0x10]id[0x84][0xd1][0xef][0xca]M[0xcd][0xcd][0xcc][0xc9][0xcc][0xce]T(.H-[0xce]L[0xcb][0xcc]N,[0xce]T[0xa8]L[0xcc]KWH,[0xc8][0x4][0x9d][0xc2][0x6][0x1d][0xc3]4[0x6][0xcd][0xa3][0x11][0xbb]n[0xdf][0x10]i[0xd5][0x16]4[0xf2]h[0xda][0xc][0xc0]<[0xe9][0x96][0xb6][0xd6]![\n]"
05:47:43.758 [main] DEBUG org.apache.http.wire -  << "q[0xa8][0xef][0xf0][0xb4][0xc5][0xb0]$M[0xe2][0x7]9[0x88]>[0xee][0x16]_7[0xdd][0x98][0xe8][0x11][b[0xd6][0xb5][0xe1][0xcb]s$x[0xc]1 @8[0x8][0x7][0xae].[0x1]]`[0x0][0x9d]M[0xc5][0xef]L*[0x85]?F[0x99][0x87]'a[\r]`[0xa8]`[0x14]x8[0x9c]I[0xa5]PA[0x94]d[0xf8]#!#[0xb1][0x18]2r[0x89]T[\r][0xe0]O[0x92][0xd4],pA[0xb7]T[0x12][0x95]V[0x6][0xd8][0x99][0x88][0x86]2[0xf6][0x81][0x80][0x1][0x1d][0x17][0x1]o[0xbb][0x80][0x86][0xe2][0xa0]t[0x1e][0xa2][0xdc][0xc2][0xee]<DEO[0xb7]a[0x14]#[0xa4]3H[0xb0];j[0x80][0xa3][0x14]Q\`w[0xde][0x80][0x84][0xd9][0x90](T[0x8c][0x90][0xe][0x19][0x19][0xc4]e[0x9f][0x11][0xd2]:L[0xec]Q<[0xb0])[0x10]i1%[0xe4][0xf2]1[0xc8]NDl[0x97][0x81]9[0xe5]$[0xe6][0xa5]d[0x96]df[0x16]+$[0x97][0xe6][0x14]$*[0xa4][0xe6]e[0xe6][0x82]6[0xb2]&"m[0xb8][0x4][0x9d][0xca]K[0xcc][0xc2]5#[0xa4]c[0xf0][0x7]e[0xb8] [0xfa]q[0xb4]Y[0xca]ed[0x88]h[0xd1][0xc][0xca][0x0] [0xb6][0x14][0xa0]JK[0xc6][0x8]m[0x1d]#[0xf5][0x17][0x18][0x1a]!-a[0x1c][0xcc][0xe5][0x5][0xd2]:H[0xfc][0xce][0xa4]N[0xb8]#-[0x8a][0xa4][0x8b]u[0x88]i[\r]_[0xd0]b[0xf0][0xe0][0xfc][0xe4]d,[0xfb][0x9d][0x93][0xf3][0x93][0x12][0x15][0x92][0x8b]R[0x13]KRa[0xeb][0xc5][0x11]5[0xa1]1[0xb1]}m#[0xa4][0xf3][0xed][0xa9]d[0x9b]![0xee][0x15][0xac]FF[0x88]"[0x83][0x6][0xa7]7[0x18]![0xad][0xb2]$5[0xa6][0x90][0x1a][0xfd][0xf8][0x9b]^HSBF[0x98]g-a[0x8e][0xdd][0xe0][0xeb][0xf1][0xe2][0xb7][0x89][0x8a][0xdd][0xb]#[0xa4][0xfb][0xb2][0xa1]![0x83][0xe9]RD[0xf2][0xa1][0xd3]([0x93][0x11][0xd1][0x17][0x11]P)#[0xf][0xee][0xce][0xb][0xd1][0x7];Q'4[0x90][0xd6][0x97][0xd2][0xa8][0xfa]FZ,J+[0x1b][0x10][0xe5][0xc9]`l  [0xdd][0xa3]=([0x9d][0x87][0x98][0x9c][0xa3][0xf6][0x81]@FH[0xcb]7[0xa9]o6)#[0xa8][0x3]6[0xd0]eD[0xb7][0xf5][0x9e]FHw[0x95]@KwS[0x85][0xe0][0x9c][0xcc]\[0x8c][0xf1]z|[0x95][0x11][0xfe][0xb1].[0xe4]j[0xf]tA[0xf4] [0x1e]e1A[0xf4][0x1a]`[0xa1][0x81]= [0xa8]S[0x8e][0x9a][0xe][0xc6][0x1][\n]"
05:47:43.758 [main] DEBUG org.apache.http.wire -  << "[0xcc][0x15]z8[0x6]YA[0xc3][0x89][0x94]L2[0x18]![0xad][0x99][0xa3]Gh#[0x1d]>3[0x18][0x8b]T[0xa4]c[0xd0]SR[0x8b][0x93][0x8b]2[0xb]@[0xe7][0xf0]c$?[0xe2][0x9a]Z[0xc8]y[0xe]iB[0x93][0xca][0x6]#[0x92]/[0x8d]*i[0xa4][0xb3][0x1e][0xa8][0xec]tD[0xfd]5([0xd3][0x2][0xa2][0x9a][0xc2][0xee]<D*[0xa0]_G[0x0]iN[0x10][0xbb][0xa3][0x6]v[0xac][\r][0xe9][0xc][0xb][0xec][0xce][0x1b][0x90]0C[0xb4]2[0xf1][0x17]q[0x14][0x17][0xa6][0x96][0x88][0xaa][0xb][0xbb][0xf7][0x7]8v[0x10][0x3]^[0xd8][0x9d]7 [0xb1][0x83][0xe8][0xd5][0xd1]:v[0x8]e[0xe8][0x1][0x8d][0x1d]c[0xa4][0x3][0xf2][0x7]M[0xec][0x18]#[0x9d][0xcc]A[0x9b][0xea][0xc5][0x98][0xe0]A[0x19][0x3][0x1c]+[0x88][0xe4]I[0xab][0x0]@$K[0x1a][0xd9][0x80]4[0x3]B+[0x1b][0x10][0x83][0x9e]4[0x18][0x18]4F:5[0x2]{[0xd6][0x18][0xd8]42[0xb8][0xe7]9[0x8c][\r][0x7]a[0xb1]o[0x8c]e[0xae][0x82][0x86]}^c[0xa4]9[0x87][0xc1][0x98][0x82][0x8c][0x10][0xf9][0x7][0xbb][0xf3][0x6][0xa0]f6F[0x9a][[0xa0]Q[0xb1][0x81]4[0x9f][0xe0][0x91][0x9a]XV[0xa9][0xe0]RZR[0xa9][0x0]=u8 '[0xb1]$[0x15][0xa3][0xeb][0xe5]XZ[0x92][0x9a][0x8b]~[0xd4]pQjQi.[0xd2][0x14]-[0xf8][0x94]+b[0xe6]h[0x8d][0x91][0xa6][0x1c][0x1c][0xcb]S[0x8b][0xf3]sS[0x15][0x2][0x12][0xb]R[0x8b][0x14][0x9c][0xf3][0x13]K0,w[0xcd]/V[0xc8],(.[0xcd]U[0xc8],I,,MU[0xc8]IL[0xca]/[0xca][0xcc]/N[0xcc]UH[0x5][0xb][0xa4][0x96][0x80][0xa6][0x8b]3K[0xc8]q[0x8c])[0xc1][0xf1][0xc6][0x1]H[0x5][0xa6]H{[0xc5]i[0xdb]>3E[0x1a]s[0x1c]4[0x99][0xc0][0x14]i[0xf9][0xe0]q[0x14][0xd2][0xd0][0xe4] r[0xd4] ,[0xc3]L[0x9][0x8e]u[0xe]D[0x96]B:m[0x10]E[0x1f][0xa2][0xa1];[0x88][0x1c][0x85]h[0x1b][0xf][0x1e]G![0xed][0xa7][0x1f]D[0x8e]B[0xc]=8[0xa6][0x16][0xe5][0xa7]T[0xe6]%[0xe6]f&+@[0xd6]:9[0xe5][0x97][0x94][0xe4]`[0xd6][0xa5][0xa0][0x1a]2?/[0x15][0xb2][0xca][0x9][0xbc][0xd4])/3#3G!9[0xbf][0xa8][0xa8][0xb4][0xa0]$[0x13]r[0xe5]hj[0xb1]Bn"[0xe4]d[0xf6]T[0xf2][0xea]5SD[0xd2][0xa2]m[0x15]bD[0xf0][0xfa][0xde][0x1][0xed]([0x18][0x11][0xcc][0xf8][0x3][0xec]<B[0xb9]m`[0x9d][0x87]t[0xdc][0x6][0xf6]|7[0xc0][0xce]C[0xc]3[0xe]J[0xe7]!z[0x81][0xf8]3![0x95][0xa6][0xd5][0x6][0xf7][0xe0]>[0xd2][0xb1][0x1e][0xd8]#k[0x0][0xda][0x5]Ft;[0x1][0xc4][0x8][0xe9][0x18][0x7][0xdf][0xfc][0xd2]b[0xcc][0xaa][0x1][0xdf]L3[0xbe][0xe5]E[0xc8]s^f[0x88]$@CK[0x10]u[0xb]m:[0xa9]F[0x98][0x87]5[0xe0][0x98][0x8b][0xa5]N[0xc6]A:[0xab][0x81][0xba][0xd3]mH[0xe7]-P[0xd9]`B[0xdb]"[0x6][0xb6]\F:[0x95]`[0xf0]dus[0x9a]O[0xdb]"[0x1d];[0x80][0xdd][0xdb][0x3][0x1c]+[0x88]|[0x8b][0xdd]y[0x3]Q[0x0]#m[0xd0][0xa7]Qa[0x82][0xb9][0x8d][0x1e]s!'[0xbe][0xb2][0xd7][0xc8][0xd2][0x12][0xf5]H[<[0x7][0xce][0x1a]!m[0x86][0xa7][0x95]w[0x10]Y[0x1f][0xda][0xa8][0xa0][0xa1]wH[0xda]cG[0xc9][0xa2][0x18]c[0xa4]=U[0xb4][0x9]8c[0x3]Dk[0xc]{[0xf2][0x1f][0xd0][0xdc]iL[0xf3][0xbd][\n]"
05:47:43.758 [main] DEBUG org.apache.http.wire -  << "[0xc6]Hk[0xaf]i[0x14][0xc4]Hk[0xa6][0x7]c[0x10][0x1b][\r][0xc2][0x2][0xd0]xp[0x9f][0xa9]k[0x8c][0xb4][0xe6][0x19]{[0x94][0xe]@[0xa5]a[0x8c][0xb4]L[0x9a]V[0xe7]a[0x18]#][0x88]K;;[0x10]#H[0xd0][0xb2][0x9c][0x96][0xab]P[0x8d][0x91]&;[0x90][0xee]B[0xf4][0xc9][0xcc]K[0xcd][0xc3]q[0xe1]dX~NiAIb[0xb1]BYj^fb[0xae]BbNfaif[\n]"
05:47:43.758 [main] DEBUG org.apache.http.wire -  << "[0xce][0xa9][0x16][0x13][0xdc];Y[0x8c][0x91][0xce][0xda]u[0xcd][0xcb]/[0xca][0xcd]/-V[0xf0]M,J[0xca]I[0xc5]a[0xb9]g[0x8a]B[0x19][0xc4][0xfe][0x92]L[0xd0][0xed][0x96]e[0x99]%[0x89][0xa9][\n]"
05:47:43.758 [main] DEBUG org.apache.http.wire -  << "[0xc5][0xa5][0xc5][0xc9][0x99][0x5][0x99][0xb0][0xfb][0xe4][0x8a][0x15][0x12][0x93][0x14]r2[0x93]R[0x8b][0xf2]q[0xba][\n]"
05:47:43.758 [main] DEBUG org.apache.http.wire -  << "O[0x85]m[0x8c]4[0xd7][0xe2][0x99]W[0x92][0x9a][0x93][0x93][0x99][0x9e][0x9a]W[0xa2][0xe0]^[0x94][0x98][0x97]Y[0x92][0xaa][0x80]c[0x18]/[0xb0]4S[0xa1][0xb8]4[0xaf]D!7?'[0xb5][0xb8]$31[0x15][0xce]*[0xc6]q[0xc1][0x1d][0xf1][0x13]d[0x4]'e[0x6][0xb6][0xa2]B[0x9a][0x9]qK[0xcc]+I,.[0xc9]LVp[0xce][0xcf]K.J-[0xc1][0x15][0x95]A[0x88];[0xff][0x14]RAi)[0xb5]D[0xa1][0xb0]4?[0x5]t[0xd3]d"t[0xcc]3[0x17]4[0xbb][0x97][0x98][0x92]Y[0x90]Y[0x9c][0x8c]|[0xfd]$j[0xc0][0xe1][0xb9]O[0xc0][0x18]iQ7[0xf6][0xb2]j[0x80][0x3][0xe]1Z[0x5][0x9b][0xf8][0x84][0xce][0xbb]z[0xe7]e[0xa6]a[0xe][0x8]8[0xa5]&[0x82][0x12]<4[0xcf])[0xe0][0xc9]v[0xf8][0x12]8[0xd2][0xda][0xee]A[0x19]([0x88]V[0x19][0x8d][0x1a]%[0x83]{[0x4][0xd8][0x18][0xe9][0xfe][0xe4][0xc1][0x18]?[0x83]{[0x4][0xd8][0x18][0xe9][0xfc]c[0x9f][0xcc][0xf4][0x8c][0x92][0xf2]T[0x10][0xa9][0x10][0x9e][0x9f][0x9f][0xa3][0xe0][0x9c][0x91][0x98]Y[0x84][0xb1][0xa0][0xc0][0x7][0xb4]~ [0x15]^[0xb3][0xa4][0x16]+$[0xc1][0xb7][0xa0]#[0xd5] [0xa0]f[0x19]h[0xb2]&/[0xbd]X[0xc9][\n]"
05:47:43.758 [main] DEBUG org.apache.http.wire -  << "_[0xfe]2E[0xd4][0xe1][0xd8][0xe3]o [0x1a]H[0xa6]4[0xcf]U[0xa6][0x88][0x91][0xc6][0xdc][0xc4][0xcc][0xbc][0xc4]<[0x85][0xc4][0xbc]D[0xd0][0xf9]U[0xa8]7[0xc3][0x14][0x97][0xa4][0xa6][0x16]e[0xe6][0xa5]+[0x94]g[0xa4][0xa6][0xe6] [0x82][0x82][0xe8][0xad]3[0xc6]H3Y[0xd8][0xc3]w`[0xb]u[0xa4][0x1]d[0xec][0xce]C[0xf8][0x99]nK[0xd6][0x8d][0x91][0xf6][0xb2][0xd0][0xa8]P5C[0x8c]B[0xd0][0xca][0x6]DmI[0xcd]k[0x8f][0xf0][0xec][0xb5]6F[0xda])S\Z\[0xaa][0x90]][0x9a][0x92][0xa8][0x90][0x93][0x99][0x88]Y[0x88][0x80][0xa5][0xa1][0x9][0x1e]z`[0x9b]%[0xca][0xa9]_[0xf8][0x9a])H[0xe7]N[0xd3]6[0xeb] M9@[0xbb][0x17]f[0x18][0xc5]!|[0xe4][0xb]}[0xd7][0x9f]![0xf1]Y[0x14]i[0xd6][0x81]V[0x89][0x1][0xd1]s[0x7][0x7]=[0x5]1[0x83][0xaf],G[0x9a]w[0xa0]f[0x9a][0xc3]g%[0xd2][0xdc][0x3]4[0x8e]pLuP[0xba]S[0xc2][0x18][0xe9]4f[0x1a][0xc5][0x12][0xd2][0x99][0xc9][0xb4][0x8c]%[0xa4][0xd9][0x5][0x9a]ZC[0xeb][0xf9][0x2]c[0xa4][0xf9][0x2]PY[0xa2][0x90]X[0x99][0x88][0xb9][0x1][0x15][0xec]E[0x90]4[0xa2]"A-j[0xf0][0xa6].D-M[0xeb][0xd4][0x85][0xc8][0xa1][0xb4]J][0x88][0xa5][0x12]4[0xf6][0xb][0xd2] >[0xad]mBTr4[\n]"
05:47:43.759 [main] DEBUG org.apache.http.wire -  << "5[0xa4]][0x90][0xb4][0xf6][0xb][0xa2][0xcd][0x89][0xbd]%4[0xb0][\r]5[0xa4]3K[0xb1];[0xf][0x91][0xbf][0xe8][0xd7]P[0xb3]@[0xa4]i[0x1a][0xc5]?[0xd2][0xee]EZ[0xd9][0x80]X[0x84]J[0xaf]J[0x93][0xe0][0x9e][0xc7][0x81]Mj[0x4][0xf7]$[0xe2]Jj[0xc6]h[0xc3][0xa7]T<[0xcf][0xc6][0xd8][0x92][0xe6][0xd5][0x19][0xd2]u[0xe2][0xb4]Jj[0x88][0xea][0x8c]V6[0xd0][0xbc][0x1a][0x3]u[0x13][0xa0]GA[0xd0][0xc6][0xf]&[0xa0][0x93][0xac][0xa0]6[0xd0][0xb6][0xc8]7A[0xda]?[0x89][0xb4][0x99][0x4]:[0xa8][0x8f]}[0xf8][0xc5]5[0xb3][0xb4]X[0xa1] [0xb5][0xa8][0xb8] 393[0xb1]$[0xb3][0x18]4[0x4][0x8c]4[0xee][0x2]J[0xa6][0xc4][0x8c][0xbb][0x98][0xd0]|[0x9b][0xa4][0x9][0xcd][0xa7][0xa4]M[0x90]6b[0xba][0xe7][0x17][0xa5][0xa7][0x82][0xa6]D[0xc2][0xf3][0xf3]SR[0xf3][0x14][0x9c][0xb1][0xf4]:[0xfd]S2K[0x10]+[0x85]as#[0xa9][0xc8][0xdb]p@[0x8b][0xec][0x88][0xb]>Z[0x17][0x7]&H[0xf3][0xed][0xb4]N[0x86][0xb4][0xce][0xb4]&[0x6][0x88]z[0x1a][0xbf]_[0xa8][0xb2] [0xcd][0x84][0xe6][0xbb]GM[0x90][0xe][0xca][0xa4]Q)[0x84][0xb4][0x81][0x94]V6 [0x1a][0xcf]t[0x89][0x14]D*[0xc3][0xde][0x80][0x1c][0xd0]F[0x87][0x9][0xd2][0x99][0x8b][0xd8][0x9d][0x87][0xab][0xd1][0x81][0xde][0xa4]b[0xa3][0xc3]d0n[0xb2]4[0xc5][0x1c][0x16][0xa3][0xd1][0x90][0x8b])[0x96][0xc1][0x1d][0x1a][0xee][0xb8]5E[0x1a][0xe1][0x9]pVpw[0xf4][0xf5][0xf4]s[0xc7][0x18][0xf0][0xb][0xe]p[0xf5]V[0xf0][0xf0]t[0xf7]@[0xa4][0x7]KP[0x8b][0x81][0x98]Z[0xc3][0x14]i-]@bN[0xa2]O[0xbe][0xf][0xe6]e[0xf0]8G[0x14][0x8d],-A[0x8b]*[0x88][0xb3][0x8]1[0xbe]Lc[0x8b][0x10][0xd3]7t[0xea][0xbd][0x98]"[0xdd]_Bc[0xbf]![0x9a][0xcb]t[0xf2][0x9b][0x9][0xd2][0xbe]|[0xfc]e2[0xa5][0xc3][0x99]&[0x86][0x88][0x6][0xc][0xf6][0xf2]n`[0x8b]c[0xa4][0xe5]|[0xd8][0x9d][0x87][0xc8]~t[0x1b]n0A[0xda][0xfc]M[0xa3]:[0x19]is7[0x8d][0xe3][0x1f]i5#[0xad]mB[0xc]l[0xe1][0xb7][0x89]:[0x8d]?[0xa4]#^i[0x15]I[0x88][0x96][0xc]~[0xf]Q[0x9c]IA[0xb3][0xe8][0xd0][0xae]([0x8d][0xfc]B[0xf4][0x11][0xb0][0x14][0xfb][0x5]i%$[0x8d]C[\r]iy#[0xcc]&[0x1a]6[0x1b]L@[0x95]2[0x8d]#[0x9]Q[0xc9][0xc2]<[0x84][0xd1].[0x81]7[0x1b](YFn[0x82][0xb4][0xc4][0x11]{[0xb1];[0xb0][0xb5][0x2][0xd2]j[0xc3]A[0xe9]<D7[0x17][0xbb][0xf3][0x6][0xa2][0xd2]BZoH[0xa3]2[0x4]i[0xdd] 4y[0x92][0xb6][0xa5][0x82]~[0x15]8[0xd2][0xd9][\n]"
05:47:43.759 [main] DEBUG org.apache.http.wire -  << "8][0x8a][0x88]#|[0xbb][0x6][0xa9][0xd9][0xcb]3At[0xc4][0xb1]'[0x1b][\n]"
05:47:43.759 [main] DEBUG org.apache.http.wire -  << "2[0x1d][0x0][0x0][0x0][0xff][0xff]"
05:47:43.759 [main] DEBUG org.apache.http.wire -  << "[\r][\n]"
05:47:43.759 [main] DEBUG org.apache.http.wire -  << "19B[\r][\n]"
05:47:43.759 [main] DEBUG org.apache.http.wire -  << "B[0x8a][0x1b][0xf7][0xc4][0xdc][0xcc][0xbc]t[0x8c][0x82][0x3]a[0xb8]BAiQA~qj[0xb1]R-[0xd2][0xa6]H[0x13][0xa4][0x1d][0xea]48)[0xcb][0x4]t9[0x9]m[0x8b][0xcf][0xc1][0xbd][0x82][0xd1][0x84][0xe0][\n]"
05:47:43.759 [main] DEBUG org.apache.http.wire -  << "FD[0x8a][0xa4]_N15[0xd0]Q[0x82][0xc6][\n]"
05:47:43.759 [main] DEBUG org.apache.http.wire -  << "[0xce][0x9c][0x82][0xaf][0xca][0xa1][0xa3]K[0x11][0xf3]g8][0x8a][0x8]Az[0xe5]i[0xa4][0x13]7[0xdc]J[0x8b][0xf2]2KJ[0x8b]R[0x15]B[0xf2][0xb]0[0xb3][0x1f]\6%[0xb1](S[0xc1]+[0xb5] [0xb1][0x8]4([0x0]][0x16]e[0x8]J[0x1d][0xc4]t[0xf9]M[0x90][0x16]R[0xd2][0xa8][0x9c]G:w[0x9a]V6`t[0x15]([0xa9]Ih8[0x1d]hb[0x8a][0x18][0x1b][0x18]L[0xa9][0xe][0xd1]3[0xa1]S[0xaa]CZ[0xbf]I[0xd5]-[0xda]&Hk0[0xa1][0x1]L[0xa3]QF[0x13][0xa2][0xcf][0x13][0xa7][0xb8][0xb][0x84][0xb4]@[0x92][0xd6]~[0x1a][0xdc][0xa3];H+[0x1e][0xa9]}W[0x83][0x89][0x19]"[0xf][0xc][0xc6][0xd6][0x14][0xd2][0x98][0xf6][0xa0]t[0x1e]b[0xe0]xP:[0xf][0xd1][0x13][0xc6][0xee]<DMO[0xbf][0x16][0x8][0xd2]:DZ4[0x90][0xcd][0x11]U[\r]v?#Z[0xf0][0x3][0xe2][0xfb][0xc1][0xd8][0xe9]E[0x9a]h[0x81]o[0x96][0x84]lj[0xc1]vH[0xa6]crriqb^Ifi[0xae]B>[0xe8][0xfe][0x4][0xe8][0x96][0xba]b[0xa4][0x85][0x15][0xa8][0xdb][0xe8][0xd0]'[0xfd][0x90][0xfa]K[0xa6]H[0xa7][0x96][0x4]W[0xe6][0xa5][0x16][0xa5]g[0x82][0xb7][0xf8]A[0x17]&[0x4]g[0xe4][0xa7][0x82][0xae][0xfe]B[0xdd][0xe7][0xe1][\n]"
05:47:43.759 [main] DEBUG org.apache.http.wire -  << "[0xde][0xcf][0x7][0xda][0xd3]G[0xa6][0x9d][0x88]|A[0xdb][0x9a][0xc5][0x14][0xe9][0x18][0x10]Z[0xdb][0x84]h[0xc][0x6][0x14][0xe5][0xa7][0x94]&[0x97](8[0x96][0xe6]d&*[0x18]c4[0xa2]A[0xb7][0xd6][0x15]@[0xd5]$[0xc2][0xd5]@[0x9b][0xd0][0xf8][0x9a][0xfc]([0xf1][0x86][0xc8]g[0xf4][0xb1][0xf]QQ[0xd1][0xc7]>DF[0xa5][0xa1]}[0xb1][0xb5]\[0x0][0x0][0x0][0x0][0xff][0xff]"
05:47:43.759 [main] DEBUG org.apache.http.wire -  << "[\r][\n]"
05:47:43.759 [main] DEBUG org.apache.http.wire -  << "A[\r][\n]"
05:47:43.759 [main] DEBUG org.apache.http.wire -  << "[0x3][0x0]L[0xb3][0xf9][0x85]q[0xbb][0x1][0x0]"
05:47:43.759 [main] DEBUG org.apache.http.wire -  << "[\r][\n]"
05:47:43.760 [main] DEBUG org.apache.http.wire -  << "0[\r][\n]"
05:47:43.760 [main] DEBUG org.apache.http.wire -  << "[\r][\n]"
05:47:43.760 [main] DEBUG io.restassured.internal.RestAssuredHttpBuilder - Parsed data to instance of: class org.apache.http.conn.EofSensorInputStream
05:47:43.764 [main] DEBUG org.apache.http.impl.conn.BasicClientConnectionManager - Releasing connection org.apache.http.impl.conn.ManagedClientConnectionImpl@214d2aa6
05:47:43.764 [main] DEBUG org.apache.http.impl.conn.BasicClientConnectionManager - Connection can be kept alive indefinitely
05:47:43.829 [main] DEBUG net.thucydides.core.steps.StepInterceptor - STEP DONE: I send HTTP GET request
  &amp#27;[32mWhen &amp#27;[0m&amp#27;[32mI send GET HTTP request&amp#27;[0m                       &amp#27;[90m# starter.stepdefinitions.UserSteps.iSendGETHTTPRequest()&amp#27;[0m
05:47:43.836 [main] DEBUG net.thucydides.core.steps.StepInterceptor - STARTING STEP: UserSteps.iReceiveValidHTTPResponseCode404 - I receive valids HTTP response code 404
05:47:43.837 [main] DEBUG net.thucydides.core.steps.StepInterceptor - STEP DONE: I receive valids HTTP response code 404
  &amp#27;[32mThen &amp#27;[0m&amp#27;[32mI receive valid HTTP response code 404&amp#27;[0m        &amp#27;[90m# starter.stepdefinitions.UserSteps.iReceiveValidHTTPResponseCode404()&amp#27;[0m
05:47:43.842 [main] INFO  - 
  _____   ___   ___   _____     ___     _     ___   ___   ___   ___  
 |_   _| | __| / __| |_   _|   | _ \   /_\   / __| / __| | __| |   \ 
   | |   | _|  \__ \   | |     |  _/  / _ \  \__ \ \__ \ | _|  | |) |
   |_|   |___| |___/   |_|     |_|   /_/ \_\ |___/ |___/ |___| |___/ 

GET - As admin I cannot get all orders
----------------------------------------------------------------------
]]></system-out>
  </testcase>
  <testcase name="GET - As admin I can get order by ID" classname="User" time="0.791">
    <system-out><![CDATA[
@TC-0037
Scenario: GET - As admin I can get order by ID &amp#27;[90m# src/test/resources/api/user.feature:251&amp#27;[0m
05:47:43.867 [main] INFO io.cucumber.core.plugin.SerenityReporter - Running feature from file:///C:/Users/Lenovo/IdeaProjects/MiniProject/MiniprojectApi/src/test/resources/api/user.feature
05:47:43.867 [main] WARN io.cucumber.core.plugin.SerenityReporter - Feature from file:///C:/Users/Lenovo/IdeaProjects/MiniProject/MiniprojectApi/src/test/resources/api/user.feature is not under the 'features' directory. Requirements report will not be correctly generated!
05:47:43.871 [main] INFO  - 
  _____   ___   ___   _____     ___   _____     _     ___   _____   ___   ___  
 |_   _| | __| / __| |_   _|   / __| |_   _|   /_\   | _ \ |_   _| | __| |   \ 
   | |   | _|  \__ \   | |     \__ \   | |    / _ \  |   /   | |   | _|  | |) |
   |_|   |___| |___/   |_|     |___/   |_|   /_/ \_\ |_|_\   |_|   |___| |___/ 

GET - As admin I can get order by ID(user;get---as-admin-i-can-get-order-by-id)
--------------------------------------------------------------------------------
05:47:44.008 [main] DEBUG net.thucydides.core.steps.StepInterceptor - STARTING STEP: UserSteps.iSetGETApiEndpointsOrderId - I set the GET api endpoints oder Id
05:47:44.008 [main] DEBUG net.thucydides.core.steps.StepInterceptor - STEP DONE: I set the GET api endpoints oder Id
  &amp#27;[32mGiven &amp#27;[0m&amp#27;[32mI set GET api endpoints order Id&amp#27;[0m       &amp#27;[90m# starter.stepdefinitions.UserSteps.iSetGETApiEndpointsOrderId()&amp#27;[0m
05:47:44.012 [main] DEBUG net.thucydides.core.steps.StepInterceptor - STARTING STEP: UserSteps.iSendGETHTTPRequest - I send HTTP GET request
05:47:44.013 [main] DEBUG net.thucydides.core.steps.StepInterceptor - STARTING STEP: GetAllProduct.iSendGETHTTPRequest - I set the GET api endpoints
05:47:44.013 [main] DEBUG net.thucydides.core.steps.StepInterceptor - STEP DONE: I set the GET api endpoints
05:47:44.019 [main] DEBUG org.apache.http.impl.conn.BasicClientConnectionManager - Get connection for route {s}->https://altashop-api.fly.dev:443
05:47:44.019 [main] DEBUG org.apache.http.impl.conn.DefaultClientConnectionOperator - Connecting to altashop-api.fly.dev:443
05:47:44.123 [main] DEBUG org.apache.http.client.protocol.RequestAddCookies - CookieSpec selected: ignoreCookies
05:47:44.123 [main] DEBUG org.apache.http.client.protocol.RequestAuthCache - Auth cache not set in the context
05:47:44.123 [main] DEBUG org.apache.http.client.protocol.RequestTargetAuthentication - Target auth state: UNCHALLENGED
05:47:44.123 [main] DEBUG org.apache.http.client.protocol.RequestProxyAuthentication - Proxy auth state: UNCHALLENGED
05:47:44.123 [main] DEBUG org.apache.http.impl.client.DefaultHttpClient - Attempt 1 to execute request
05:47:44.123 [main] DEBUG org.apache.http.impl.conn.DefaultClientConnection - Sending request: GET /api/products HTTP/1.1
05:47:44.123 [main] DEBUG org.apache.http.wire -  >> "GET /api/products HTTP/1.1[\r][\n]"
05:47:44.123 [main] DEBUG org.apache.http.wire -  >> "Accept: */*[\r][\n]"
05:47:44.123 [main] DEBUG org.apache.http.wire -  >> "Host: altashop-api.fly.dev[\r][\n]"
05:47:44.123 [main] DEBUG org.apache.http.wire -  >> "Connection: Keep-Alive[\r][\n]"
05:47:44.123 [main] DEBUG org.apache.http.wire -  >> "User-Agent: Apache-HttpClient/4.5.13 (Java/14.0.2)[\r][\n]"
05:47:44.123 [main] DEBUG org.apache.http.wire -  >> "Accept-Encoding: gzip,deflate[\r][\n]"
05:47:44.123 [main] DEBUG org.apache.http.wire -  >> "[\r][\n]"
05:47:44.123 [main] DEBUG org.apache.http.headers - >> GET /api/products HTTP/1.1
05:47:44.123 [main] DEBUG org.apache.http.headers - >> Accept: */*
05:47:44.123 [main] DEBUG org.apache.http.headers - >> Host: altashop-api.fly.dev
05:47:44.123 [main] DEBUG org.apache.http.headers - >> Connection: Keep-Alive
05:47:44.123 [main] DEBUG org.apache.http.headers - >> User-Agent: Apache-HttpClient/4.5.13 (Java/14.0.2)
05:47:44.123 [main] DEBUG org.apache.http.headers - >> Accept-Encoding: gzip,deflate
05:47:44.519 [main] DEBUG org.apache.http.wire -  << "HTTP/1.1 200 OK[\r][\n]"
05:47:44.519 [main] DEBUG org.apache.http.wire -  << "content-type: application/json[\r][\n]"
05:47:44.520 [main] DEBUG org.apache.http.wire -  << "date: Mon, 08 May 2023 22:56:34 GMT[\r][\n]"
05:47:44.520 [main] DEBUG org.apache.http.wire -  << "transfer-encoding: chunked[\r][\n]"
05:47:44.520 [main] DEBUG org.apache.http.wire -  << "content-encoding: gzip[\r][\n]"
05:47:44.520 [main] DEBUG org.apache.http.wire -  << "server: Fly/3f2597ca (2023-05-03)[\r][\n]"
05:47:44.520 [main] DEBUG org.apache.http.wire -  << "via: 1.1 fly.io[\r][\n]"
05:47:44.520 [main] DEBUG org.apache.http.wire -  << "fly-request-id: 01GZYS9DNFK576CV05RSBQNQTN-sin[\r][\n]"
05:47:44.520 [main] DEBUG org.apache.http.wire -  << "[\r][\n]"
05:47:44.520 [main] DEBUG org.apache.http.impl.conn.DefaultClientConnection - Receiving response: HTTP/1.1 200 OK
05:47:44.520 [main] DEBUG org.apache.http.headers - << HTTP/1.1 200 OK
05:47:44.520 [main] DEBUG org.apache.http.headers - << content-type: application/json
05:47:44.520 [main] DEBUG org.apache.http.headers - << date: Mon, 08 May 2023 22:56:34 GMT
05:47:44.520 [main] DEBUG org.apache.http.headers - << transfer-encoding: chunked
05:47:44.520 [main] DEBUG org.apache.http.headers - << content-encoding: gzip
05:47:44.520 [main] DEBUG org.apache.http.headers - << server: Fly/3f2597ca (2023-05-03)
05:47:44.520 [main] DEBUG org.apache.http.headers - << via: 1.1 fly.io
05:47:44.520 [main] DEBUG org.apache.http.headers - << fly-request-id: 01GZYS9DNFK576CV05RSBQNQTN-sin
05:47:44.520 [main] DEBUG org.apache.http.impl.client.DefaultHttpClient - Connection can be kept alive indefinitely
05:47:44.520 [main] DEBUG io.restassured.internal.RestAssuredHttpBuilder - Parsing response as: application/json
05:47:44.520 [main] DEBUG org.apache.http.wire -  << "576[\r][\n]"
05:47:44.520 [main] DEBUG org.apache.http.wire -  << "[0x1f][0x8b][0x8][0x0][0x0][0x0][0x0][0x0][0x4][0xff][0xaa]VJI,IT[0xb2][0x8a][0xae]V[0xf2]tQ[0xb2]241[0xb1]0[0xd2]Q[0xf2]K[0xcc]MU[0xb2]RJI-N.[0xca],([0xc9][0xcc][0xcf]S[0xd2]QrA[0xe2]Y))[0xe9]([0x5][0x14]e&[0xa7]*Y[0x19][0xe8]([0x5]%[0x96]d[0xe6][0xa5][0x17]+Y[0x99][0xe8](9'[0x96][0xa4][0xa6][0xe7][0x17]e[0xa6][0x16]+YE[0xc7][0xd6][0xea] [0xc]6[0x86][0x1b][0xec]Y[0x90][0x91][0x9f][0x97][0xaa]`h[0xa8]`f[0xa2][0x90][0x9e][0x84]axANb[0xa5]BFb[0xb1]B^[0xbe]BNfnfI1[0xc2]:#KK$[0xb][0x8d][0xd0],[0x84][0xda]fdjb[0x8][0xb7][0xcd]=173/[0x1d][0xc3][0x12][0xb7][0xfc]"[0x85]t[0xb0][0x94]BAiQA~qj[0xb1]R-[0x8a][0x83]-[0xe0]F[0xb8][0x95][0x16][0xe5]e[0x96][0x94][0x16][0xa5]*[0x84][0xe4][0x17]`[0x9a][0x4][0x97]MI,[0xca]T[0xf0]J-H,JD[0xb8][0xd8][0xd0][0x4][0xd9][0xc5][0xa6]h.F[0xb1][0xd1][0x4]ncp~^[0xa5]B@[0xb0]![0x86]e[0xf8][0xc2][0xc6][0x4]%l[0xc][0xd1]l[0xa2]j[0xd8][0x98][0x12]v)"[0x4][0x90][0x93][0x88][0x1]-]e[0x6]w[0x15][0x15]c[0xc][0xdd][0xc5][0xc8]1f[0x89]Hf.a.[\n]"
05:47:44.520 [main] DEBUG org.apache.http.wire -  << "[0xbe][0xa5][0xe9][0xa9]y[\n]"
05:47:44.520 [main] DEBUG org.apache.http.wire -  << "!E[0x89][0x99][0xf8]r[0x8c][0xa1][0x91][0x81][0x81][0x1][0xbe]0A[0xb1][0x1][0x91][0x1f][0x13][0xf3][0x12][0xb3][0x15][0x12]+[0x13]s1[0x12]Eqiq[0xa9][0x2]H[0x1a][0x11][0xe6][0x96](i[0x1][0xaf][0x1f][0xcc][0xe1][0xa1][0x16][0xe1][0xe4][0x1f][0x81][0x99][0xe4][0x10]9[0x5]a<jR3[0xa6]a[0xa4][0x82][0xfc][0x1]-[0x90][0xb0];[0xf][0x97][0xa3][0xd0][0xfd]L[0xc5][0xf4]o[\n]"
05:47:44.520 [main] DEBUG org.apache.http.wire -  << "[0x8a]>[0xa8][0xa3]h[0x13][0xef][0xa6][0x6][0x88][0x94][0x5][0x8a]X[0xea][0xc7][0xbb][0xa9][0x1][0xad]S[0x96][0xa9][0x1][0xa2][0xc8][0xa7][0x91][0x1f],[0x10]e[0xb4]SQbrjNj[0x9]F[0xe6][0xf0]MLIU[0xc8]OS[0xc8][0xc8]L[0xcf]P(,M[0xcc][0xc9],[0xa9]T(HM,[0xca]A[0xae]V[0x8c][0x88][0xcb][0x90][0xc6][0xc6]f[0x18][0x85][0xb4])[0x86][0x95][0xf8][\n]"
05:47:44.520 [main] DEBUG org.apache.http.wire -  << "i[0xd4][\n]"
05:47:44.520 [main] DEBUG org.apache.http.wire -  << "[0xc]w[0x8d]illf[0x9][0xcf][0x98]%[0xa9][0xc5][0xa0]*V[0xa1][0xa0](?[0xa5]4[0x19][0xd3][0x8f]%[0x19][0x99][0xc5][\n]"
05:47:44.520 [main] DEBUG org.apache.http.wire -  << "[0x99][0xc5][\n]"
05:47:44.520 [main] DEBUG org.apache.http.wire -  << "%[0x19][0xa9]05[\n]"
05:47:44.520 [main] DEBUG org.apache.http.wire -  << "[0xa8][0xd5]7[0x96][0xda][0x1a]=[0xd7]"[0x8a][0x1d]ccsD[0xf2][0xa3][0x9a][0xdd][0x86]h[0xc5][0x1e][0xee][0xaa][0xd0][0xd8][0xd8][0x1c][0x91]8[0xa9]j?R[0xdb][0x1][0xaf][0xf5][0x88]H[0xa6][0xaa][0xf5][0xc8][0x89][0xc][0xaf][0xfd][0x88]2[0x99]f[0xf6][0xa3][0x97][0x8f]([0xd1][0x8f][0xc8]W4[0xb3][0x1f]_[0xd2]7[0xa7]A[0xd2]GO~[0xf8][0xfc]oa@[0xfd][0xac][0x87]n?[0xbe][0xec][0x87][0xd4][\n]"
05:47:44.520 [main] DEBUG org.apache.http.wire -  << "[0xa7]Y[0xf8][0xe3][0xf5]?[0xa2][0xe4][0x1e][0x18][0xfb][0x11][0xf9][0xcf]#@!7[0xb3]$[0x1f]{[0x19][[0x92]Z[0x94][0x94][0x98][0x99][0x8d]h[0x2][0x98][0x9a][0x99]#eq[0xbc]^Dd1[0xd2][0xda][0x15][0xe8][0xf9][0x96]z[0xed][\n]"
05:47:44.520 [main] DEBUG org.apache.http.wire -  << "cc[0xb]D[0xba][0x87][0xf6][0x0]([0xa9]\[0xf0][0xa5]0KD[0xc][0x7][0x4]+`[0xda][0x92][0x9e][0x98][0x9b][0xaa]`[0xaa]P\[0x92]X[0x84][0x8]][0xd4]V[0x1f][0xbe][0xc]l[0x89][0x88]@[0xba]4[0xc5][0x8d]M[0x90][0x9a]dT[0x8]:<)[0xc7][0x4][0xa9]iF/[0xbf]!"[0x8b][0xd6]~C[0xc4][@QbrIfrb[0x8e]Bx~~Jj[0x9e][0x82]w^fZ*F>t[0xcc][0xc9]L,VH+MOT(-[0xd1]C[0xa4][0x15]CP[0x84][0xc0]G[0x6][0xf0][0x86]'"'Rod[0x0][0xaf][0x85][0x88]\[0x6][0xb3][0xd0][0x88][0xe2][0xa1][0x8]|[0x16][0x1a]"[0xaa][0x13][0x98][0x85][0x94][0x8f]}[0xe0][0xb5][0x10][0xd1]|[0xa3][0x93][0x85][0x18][0x3][0x2][0xe6][0x18])[0x85][0xf8]V1^[0xaf]!RK@bN[0xa2]O[0xbe][0xf]h[0xac][0x5]ut[\n]"
05:47:44.520 [main] DEBUG org.apache.http.wire -  << "n[0x13][0x96][0xd1]#cc[0xa4][\n]"
05:47:44.520 [main] DEBUG org.apache.http.wire -  << "[0x2]O[0x11]fb[0x88]h[0x3][0x91][B[0xe2][0xf5][0x7]"[0x11][0xd2][0xc2]xP[0x6][0xda]C[0xa5]S[0xcf][0xc8][0xc4][0x8][0x91][0xe8]h[0xe2]#D[0x97][0x80]&[0xc6]#[0xca]X[0xba][0x5][0x18][0xa2][0xb0][0xa5][0x9b][0x95][0x88]|JM+[0xf1][0xe5]##[0xc4][0xa8][0x1c]5[0xad][0xc4][0x97][0xb7][0x8c][0x10]e[0x4][0x8d][0xeb]K#D.[0xa6]QC[0xd5][0xc4][0x18]Qy[0xd0]2[0xfc]`[0xcd]X[0xb]CD[0x12]qLNN-.[0x86][0x8c][0xe6][0xa3][0xcf][0x0][0x94][0xe4]+[0xa4][0xe6]e$[0xe6]%[0xa7]*$[0x16][0x80][0x86]S@L[0xe4][0x11]tc[0x13]cD[0x81]P[0x9c]Z[0x90][0x9a][0x82]YP'fV[0x82][0x4][0xa1][0x83][0x13]F[0xa6][0xc8][0xfd]c|[0x11]l[0x8c]([0xb]h[0x19]&H]b[0x13]P[0xbd][0x1]-P[0xa9][0xed][0x19][0xfa][0x17][0x3][0xc6][0x88]8[0xe][0x6][0xc7][0x8c][0x82]OfqI[0x11][0xb8]'[0x85]Z[0x95]B[0xa5]s [0xd2][\n]"
05:47:44.520 [main] DEBUG org.apache.http.wire -  << "y[0xe9][0xa9]I[0xa5][0xa0][0xf1]'[0xd2][0xa3][0xc]Q[0xc]@[0xcd][0x84]Z[0xa9][0xe0][0x94][0x98][0x93][0x88]9[0xab][0x2]U[0x84]j[0xb1]BRb^:x[0x8c][0xf]j[0xbf])[0xf1]I[0x6]Q&[0xd0]-[0xc9] Z[0x10]t[0xb3][0x12]Q[0x1e][0xd1][0xcb]J[0x13]D[0xf9][0x14]TZ\[0x92][0x99][0xc][0xeb]/8%b[0xce][0xba][0x85][0x96]([0xa4][0x16][0x15][0xe5][0x17])[0x14][0xa5]&[0x97][0x16]'[0xe6][0xa5]$[0xa6]*[0x14][0xe4][0x17][0x17]g[0xe6][0x96][0x16]+[0xe4][0xe6][0xe7][0x80][0xc6]9[0x13]S[0x15][0x8a]SS[0x14]2s[0xb]RS2[0xc9][0xeb]R M[0xff]![0xba]1>[0x99]y[0xa9]y[\n]"
05:47:44.520 [main] DEBUG org.apache.http.wire -  << "N[0xf9]%%9X[0xba]1[0xa5]%[\n]"
05:47:44.520 [main] DEBUG org.apache.http.wire -  << "[0x5][0xa9]E[0xc5][0x5][0x99][0xc9][0x99][0x89]%[0x99][0xc5][\n]"
05:47:44.520 [main] DEBUG org.apache.http.wire -  << ")[0xf9]9[0xf9]E[0xa9][\n]"
05:47:44.521 [main] DEBUG org.apache.http.wire -  << ")[0x99][0xc9]%[0x89][\n]"
05:47:44.521 [main] DEBUG org.apache.http.wire -  << "[0x5][0xf9]EE[0xf9][\n]"
05:47:44.521 [main] DEBUG org.apache.http.wire -  << "[0x99][0x5][0xc5][0xa5][0xb9][\n]"
05:47:44.521 [main] DEBUG org.apache.http.wire -  << "[0xa9][0x89]d[0xf5]rL[0xe8]_d[0x99] [0x9a]4[0xc1]9[0xa9][0xa9][0xd9][\n]"
05:47:44.521 [main] DEBUG org.apache.http.wire -  << "[0x90][0x10]p[0xcf][0xc9]/K[0x5][0x8d]}[0xa3][0xe6]t[0xff][0xb4][0xb4][0xcc][0xe4][0xcc][0xcc]b[0x85][0xe4][0xfc][0xbc][0xe2][0xd4][0xc2][0xd2][0xc4][0x92][0xd2]"[0x85][0xc4][0xbc][0xcc][0xdc]Lx[0xc4][0x14]+[0x94][0xe5][0xe7][0x94][0x16][0x94]$[0x96][0xa4]*[0xa4][0xa4][0xe6][0xa4][0xe6]e[0x96]d[0x92][0x17][0x18][0xf4]/[0xf2]L[0x10]E[0x9e]{~Qzj~i[0xb1]BPiRRj[0x91][0x82]3x[0x8c][0x3]-4R2K i[0xa0]4W![0x11][0x94]8[0xc0]I '1)[0xbf](3[0xbf]81W[0xa1][0xb0]4S!1'[0xb3][0xb0]43E[0xa1][0x98][0xdc]t[\n]"
05:47:44.521 [main] DEBUG org.apache.http.wire -  << "*[0x14][0x1][0x0][0x0][0x0][0xff][0xff]"
05:47:44.521 [main] DEBUG org.apache.http.wire -  << "[\r][\n]"
05:47:44.521 [main] DEBUG org.apache.http.wire -  << "596[\r][\n]"
05:47:44.522 [main] DEBUG org.apache.http.wire -  << "[0x82][0xcc][0xb6]#[0xd2][0xa9]{Qb^fI[0xaa][0x82]s~"[0xa8][0xa4]Eu[0x97]k[0x9][0xa8][0xaf][0x9d][0x99]X[0xa2][0x90][0x9f][0x9b][0x97]Y[0xac][0x90][0x9b][0x99][0x97][0x99][0x9b][0xa8][0x90]W[0x9a][X[0x9a][0x98][0xab]P\Z[0x9c][0x9c]Y@[0xae]k[0x10]Edpe^jQz&,;[0xe7]([0x4]gd[0x16]auMjq[0x9]<Ud&[0x95][0x16]+[0x14][0xe4]$&[0xa7]&[0x96]([0xa4][0x92][0x97]uA[0x5]:4H[0x14]h[0xd4][0x85]4EdE[0xb2][0x9a][0x87][0xc4][0xb6]RL[0x91][0xf2][0x1f]d>[0x1f]s[0x9c][\r][0xde]U%[0xb8][0xd6][0x1]_{[0xc8][0x94][0xfe][0xf9][0xc9][0x14][0x91][0x9f][0xe8]U[0xd3][0x98]"r[0xb][0xdd][0xac]Dd[0x9][0xba]Y[0x89]h5[0x90][0x95]:Q'[0x18][0xf1][0xa6][0x1a]Dc[0x81][0xc6]6[0x99]![0xda][0x8]P[0x9b]0[0x97][0x19][0xe0][0xcb][0x9][0xa8][0x3][0xcf][0xe8]~[0x82]u](_[0xf5]clb[0x86][0xe8][0xb3]@]J[0xab]<kFa)D|<[0x9b][0xd1][0xad][0x1c][0xa2][0xee][0xe4]8z<#w[0xc7][0xcc][0x10][0xc5][0xf][0xad][0xe3][0x9]Q[0xea]@m[0x1a][0xb4]i[0x17]QX[0xe1]t)b[0x80][0x1e]_-F[0xd5][0x1c][0x85]Q[0x9e]Q[0x12]~4[0x9c]}3AZp1[0x88][0xc2][0xcf][0x1c][0xa3][0xec][0xa4]U[0x89][0x84][0xb4][0xe8][0xc3]/[0xb1]8S[0xc1]%[0xb1]4O[0xc1]+[0xb5][0xa8][0x14]4[0xc1][0x8a][0xda][0xc][0x5][0xcb][0x97][0xa7][0xe6]%fg+[0x94][0xa4][0xe6]%[0xe6])[0xe4][0x96][0x16][0xe5][0xa6]"[0xcd][0x15][0x1a]Z[0xe2]_[0xe4][0x6]Kb[0x16][0x96][0x88]T[0x9b][0x9c][0x9f]W[0x92][0x9f][0xa1][0x9b][0x8c]XC[0x8a]>[0xea][0xe4][0x96]X[0x9c][0x91][0x99][0x9f][0x97][0x98][0x94][0x93][0x8a]:[0xd6][0x84][0xb4]`[0x4][0xec]6[0x84][0xdb][0xc1]K[0xa7][0x14][0xd2][0xf3][0x8b]R[0xb1][0xac][0x2][0x5][0xab][0xa5][0x92]?[0x10][0xe9][0x9c][0xb0]?0U [0xad]=561[0xa7][[0x89]mN[0xb7]r[0xd4][0x1c][0x11][0xcf][0xd0][0xdc]E[0xb3]tL[0xb7]v[0x8d][0x5][0xdd]Z[0xb][0x16][0x88][0x14][0x11][0xe1][0x94]_[0xa1][0x80]Y[0x86][0xd2][0xbf]d[0xb7]@[0xf4]:p[0xb8][0x89][0xf0][0xd2]Q[0xf4]:[0x1e]V,P[0xa3]-[0x87][0xb4]:pp[0xba][0x8f]n[0xe9][0x14]i[0x9d]2[0x8e][0x90]@[0xa4][0x1e][0xfa][0xb5][0xb5]-[0x11]-[0xe0][0xc1][0xe4]*DN[0xa3]q9[0x85][0xb4]H[0x6][0xfb][0x12][0xa4][0x81][0xcd]>[0x96][0x88][0x86]/v[0xe7][\r]H[0x9a]A[0xd4][0xb2][0xd8][0x1d]5[0xa0]a[0x86][0xbc]0[0x1c][0xbb][0xf3]p[0x85][0x19][\r][0xdb][0xb5][0xc8]k[0xc9]i[0x9b][0xa2][0x91]W|c[0xf7][0xfe][0x0][0xc7][0xe][0xa2][0xb1][0x83][0xdd]y[0xb8]b[0x87][0x86][0xb5][0x94][0xa9][0x1]"[0x9b][0xd1]:v([0xcf];[0xb4]L[0xa6]H[0xab][0xa4][0x6]O[0xec][0x18]"Zx[0xd8][0x1d]5[0xb0])[0xda][0x10]QYaw[0xde]@[0xa4]hCD[0xbb][0x90][0xc6])[0x1a]i[0xad][0x2][0xad]m[0xa2][.5[0xa4]W?[0xc9][0x14]i[0x85][0x1b][0x8d]C[0xf]i5[0x1a][0xad]mB[0xb4])im[0x13][0xdd]R[0xb9][0x11][0xa2][0xda][0xa2][0xb5][0x9f][0xe8][0x96][0xca][0xe9][0xb6]D[0xcb][0xd4][0x8]Q[0xeb][0xd1]:[0xf4][0xe8][0xd5][0x9f]3EZ[0x13]Fc?![0xad][0xe1][0xa2][0xb5]M[0x88][0x9c][0x8b][0xbd]*[0x1b][0xd8][0x9a][0xd6][0x18][0x91][0xdd][0xb1];o jZ[0xe4]u\4[0x9d]a65[0xa6][[0xc9]`[0x8c][0xa8][0xff]<[0x2][0x14][0x9c]A[0x8b]p2[0xb1]lP[0xc9]I-([0xc9]/P[0xc0][0xd8][0x1]d[0x9][0x2]HK[0xbc][0xd1][0x9b][0xee]H[0x93]H[0xa6][0xc6]T-[0x1a][0xd0]7[0xdc]#[0xdb][0x84][0xb4]Hj 6T![0x8f][0xa6]Q[0xcd]~|[0x13]H(~GdlBv#[0xf2][0x10]h[0xb7][0x1c][0x91][0xb1][0x88][0xb4][0xcc][0x89][0x90][0xf9]D[0xef][0x93][0x5]YO[0xb4][0xff][0x10]%[0x3]U[0xed]'[0xd6][0xfb][0x88][0x9c]IU[0xeb][0x89][0xf6]>"[0x13][0xd1][0xcc]~[0xf4]n'J[0xf2]B[0xd4][0xba]4[0xb3][0x1f]_![0x82][0xb4]`i`[0xec]G[0xf4]Pif?[0xfa]9+[0xc8][0xe1][0x8f][0xb4][0x9a][0x8a]f[0xf6][0xe3][\r]D[0x17]x`[0xec][0xa7]Q[0xf6]'6[0xff]!-[0xc4][0x1a][0x18][0xff]#[0xca][0x1f]X[0xb][0xd1][0xd4][0x94]FS{[0xa6][0xa6][0x88][0xc6][0x1]uW[0xe1][0x9b][0x9a]"[0x8a]1[0xcf][0xbc][0x92][0xd4][0x9c][0x9c][0xcc][0xf4][0xd4][0xbc][0x12][0x85][0xe0][0x92][0xd4]T[0xd0][0xea][0xc7]|,+f=S@[0xe7]I[0x14]g*[0xe4]%[0x96][0x94][0x16][0x83][0x16][0x84][0x82][0x88][0xc4]b[0xb2][0xd6][0xc4][0x9a][0x9a]"[0xca]1X8[0xd2]f[0xfd][0xa3])[0xe6]j,ZE[0x17][0xdd]VS[0x99][0xd2]m5[0x95])[0xdd][0xd6]8[0x81][0xf7][0xb2]C[0x97][0xc2][0xd2]:E [0x12][0xbf]k^~Q.hqt@N"x[0xf9][0xaf]sFb&h][0x7][0xea][0x2][0x90]0[0xc8]Bp[0xd0][0xa9]#%[0xa9][\n]"
05:47:44.522 [main] DEBUG org.apache.http.wire -  << "y[0xf9]y[0xa0]sG[0xca]2S@y&[0xb5][0x98][0xac][0xa5][0xbf][0xa6]H[0xeb]o\J[0x8b]@k<@[[0x9]r[0x14][0xb0][0xbb] [0x18][0xba][0xd4]Y[0xa1][0xb0]4_[0x1]i]vf[0x1e]9K[0xd2]M[0xe9][0xb6][0xcc][0xc6][0x14]i[0x99][\r][0x8d][0xa3][0x95]n[0xcb]HL[0xe9][0xb6][0x8c][0xc4][0x94]n[0xcb]HL[0x91][0xe]![0xa1]q<![0x1d]7[0x12][0x10]l[0x82]Y[0xea][0x17][0x9b]($%[0x16][0x95]"zG[0xc6][0xf8][0xd7]V!7[0xcf][0xe8][0xb6]D[0xc5][0x14][0xe9][0xd0][0x12]Z[0x87][0x17][0xa2][0xc9]Gk[0x9b][0x10][0x8d];Z[0xdb]D[0xb7]A^[0xb][0xcc][0x6][0x1b]f[0x92]#[0xfa][0x8]F|Ms[0xb]Dk[0x8d][0xd6][0xa1][0x87][0xa8][0xc0]hm[0x13][0xdd][0x9a]i[0x96][0xf4]Z[0xf8]i[0x8a][0xb4]<[0x88][0xc6][0xa1][0x87][0xb4][0xe4][0x87][0xd6]6[0xd1][0xad][0x8c][0xb0]D[0x94][0x11]T/[0xbd]-[0xe9]V* [0xad][0xf6][0xa1]u[0xcc][0xd0]+[0xaf][0x9a]![0x9d][0xd4][0xe3]Z[0x94][0x9e][0x9f][0x97][0x9f][0x9b][0x99][0xac][0xe0][0x98]S[0x9a][0x9b][0x99]W[0x9a][0x8b]u[0xdb][0x9f]ci[0x89]BRjbIb*|S[j[0xae]BnbEfn[0xaa]B^jn[0xbe]BfNNi.h[0xc3][0x1f][0xb8][0xef]GNS[0xd3][0xcc][0x80]^[0xc5][0xa2][0x99][0x1][0xbd][\n]"
05:47:44.522 [main] DEBUG org.apache.http.wire -  << "+[0xb3][0xc1][0xbd]N[0xc2]l0[0xae][0x93]0[0xa3][0xd7]:[0x9][0x13][0x13][0xa4][0xaa][0x84]V'q[0xd2]+[0xa5][0x99]"[0xed][0x17][0xa0]uAE/?[0x99]![0x9d][0xc5]J[?[0x99][0x19] *+Z[0xdb]D[0xaf][0xaa][0xcb][0xcc][0x90]^[\r]Z3[0xa4][0x15]3[0xd8]'[0x81][0x7]t[0x8e][0xda][0xc]i[0x99][\r]v[0xe7]!z[0x90]t[[0xe5]m[0x86]t,[0x14][0x8d]S[0x9c][0x11][0xa2][0xc9][0x17][0x10]lh@A[0xa7][0x6][0xfd]<#[0xf8][0xae][0x4][0xa4]j[0xe]rx<[0x86]%i[0xf8][0xcf][0x95]763B[0xcf][0x81][0x0][0x0][0x0][0x0][0xff][0xff]"
05:47:44.522 [main] DEBUG org.apache.http.wire -  << "[\r][\n]"
05:47:44.522 [main] DEBUG org.apache.http.wire -  << "D36[\r][\n]"
05:47:44.522 [main] DEBUG org.apache.http.wire -  << "[\n]"
05:47:44.522 [main] DEBUG org.apache.http.wire -  << "[0xa6][0xd1][0xe8][0xab][0x19][0xd2][0xc9]K[0xd9][0x99][0x5][0x89][0xc5][\n]"
05:47:44.522 [main] DEBUG org.apache.http.wire -  << "[0x89]y[0xe9]XN&[0xcf]M[0xcd]KO[0xcd])M,[0xca]N[0xcc][0x83](Q(N[0xcc]KO,Q[0xc8]N[0xcd]KN[0x4][0xef][0x9a][0x82][0x1e][0xb7][0x82][0xff]P?x(![0x1d][0xbf]A[0xde][0xe9][0xfb][0xc6]fH[0xeb][0x83][0xe0][0xc7]58[0x15][0xe5][0xe7]U[0xa5][0xe2][0x18][0xe][0x84][0x9c]CX[0x94]Z[0x90][0x9a][0x93][0x93][0x9a][0x97]RZ[0xac][0x90][0x98][0xc]:b[0x4]t[0xb0]Ha)YC[0xf2]fHK[0x87]|SS2[0xf3][0x93][0x8b]RA#[0x92][0xa0][0xc3][0x10]q[0x1c][0xa2][0xe1][0x8][0xb6]3[0xaf]$[0x13]tPH[0x89]B>[0xf8]L[0x8d]D[0x85][0xb2][0xd4][0x9c][0xcc][0x12][0x85][0xbc][0xfc][0xa4][0xcc]b[0xb2]Z[0x8c]H[0xc7]L[\r][0xb9][0x98]DZ[0xab]4[0xf4][0xdc][0x8e][0x98][[0x1d]znG,[0xbb][0x18]znG[0x94][0xe4]4[0xae]3[0x90][0x96]uy[0xe6]%[0x17][0xa5][0xa6]d&[0xe5][0xa4]*[0xc0]J[0x9a][0x9c][0xfc]d[0xcc][0xbd][0xaf][0xae][0x89][0xf0]cV[0x14]R[0xf3]2![0x9d][0xc1]bP[0xfe]N-N[0xce],[0xcd]+QH)M[0x6][0x1f]h[0x4]9C([0x97][0xac],O[0xb7][0xa5]]fH[0xb][0xae]h[0x1d][0xd8]tkP#[0xad][0x9][0xa2][0xb1][0x9f]L[0xe8][0xd6][0xcc]5A4si[0x92][0xa1]q6z[0xa8]P[0x9d][0x9b]P>[0xe4][0x81]|[0x8b][0xe][0x9e]Ag3[0x13][0xba][\r]/![0xad][0xfc][0xa1]q"3E[0xd4]C[0xb4][0xb6][0x89]n%/[0xd2][0xba][0x15]Z[0xfb][0x89][0xf2][0xc4]G[0xdc]Z<3[0xba][0xad][0xe1]0[0xa3][0xdb][0xca][\n]"
05:47:44.522 [main] DEBUG org.apache.http.wire -  << "3[0xba][0x9d][0x1e]cF[0xb7]3][0xcc]@[0xb7][0x4][0xd0]ee[0x85][0x19][0xd2][0x9a][0x6][0x1a][0xa7]r[0xba]-+0CZV[0xe0]Q[0xa0][0x10][0x96]Y[0x96][0xaf][0x10]id[0x84][0xd1][0x13][0xce]M[0xcd][0xcd][0xcc][0xc9][0xcc][0xce]T(.H-[0xce]L[0xcb][0xcc][0x6][0x9d])R[0x99][0x98][0x97][0xae][0x90]X[0x0]>i[0x14][0xda][0xa9]4[0x6][0xdd][0xb][0x83]rZ<zM[0x84]4[0x9f]mfNJ[0xf7][0x19][0xcb][0xf9][0xdf]xr2[0xf5][0xfa][0xaf]&&H[0xf7]+@[0xe3][0xdd][0x18]#[0x80][0xf0][0x9d]xE[0xec][0xe9]N&&[0x96][0xa4][0x4][0x8][0x5][0xa7][0xcc][0x99][0x98] M[0x11][0xd1]h[0x14][0x19]i[0xb]hHbF[0xa9]BRi[0xe][0x96]3[0x10][0xf1][0x85][0x1b]q[0xab]&ML[0x91][0x6]r[0xc8][0xb4][0x89][0xe8][0x18]2E[0x1a][0xe7][0xa7][0xbd]][0x88]F"4[0xdd][0xd1]ft[0xc9][0xc4][0x94]^[0xfb][0x14]M[0xe8]6=mbJ[0xaf][0xe9]i[0x13]S[0xcc][0xf2][0x81]V[0xf1]D[0xb7][0xf2][0xc1][0x94]^[0x93][0xd5]&[0xa6]H%[0x11][0x8d]S9[0xdd]f[0x9b][0xcc][0x90][0x96][0xd0][0x5]@[0xae]ySp,[0xcd][0xc9]LT[0xc0][0xac]82[0xf3]2A[0xcb]-AW[0xc1])$[0xc2][0xd5]@[0xab]S[0xe2]J@c3s:[0x95][0x14][0xc6]f[0xe6][0x88][0x1e][0x19][0xf6]i[0x89][0x81][0x9d]5AZ}[0x87][0xdd]y[0xb8]fM[0xd0]w[0xa5]P[0xaf][0xfd]`l[0x86][0xb4]l[0xf][0xbb][0xa3][0x6]8[0xcc][0x10][0xdd]D[0xec][0xce][0xc3][0x15]f[0xe8]=w[0xaa][0x86][0x19][0xa2]%[0x4][0xce]A[0xd9][\n]"
05:47:44.522 [main] DEBUG org.apache.http.wire -  << "[0xee][0x99][0xa9]9[0x18][0xcd][0xae][0x10][0xd0]![0xe3]y[0xe9][0xa0][0xb][0x12][0xb3][0x8b]2[0xb][0x8a]3[0x11]n%~[0xef][0xa0][0x99][0x5]b[0xdc][0x7][0xc9]2[0x85][0xec]T][0xcc][0x96]0[0x95]lDdX4[0x1b]1K[0x8]*[0xd9][0x88][0xe8]8[0xd3][0xe7][0xa6]+3[0xa4][0xb][0xd0][0xc0]~L.[0xa1]m![0x88][0xb4]0[0x82]N>[0xa4]W[0x13][0xc3][0xd8][0x8c]^[0x15][0xbf][0xb1][0x19][0xbd][0xaa]cc3KDUB[0xd3][0x8a][0xdf][0xd8][0x1c][0xd4]![0xa5][0xcb][0x10][0x81]9[0xd2]5[0xb9][0xb4][0xf6][0x13][0xa2][0x4][0xa1][0xb5]Mt[0x8b]'[0xa4].#[0x8d][0xfd]d[0x88][0x98]P[0xf3][0xc][0xf0][0xf0][0xf7]sU04U[0x8][0x8][0xf2][0xc7][0xa8]`<\[0xfd][0xdc][0x3][0xfc][0xfd][0x10][0xd5][0x8a][0x9]h[0xa4][0x98][0x98][0xbb][0xf0][0xcc][0x91][0xd6][0xa9][0xd1][0xda]7[0x88][0xfa][0x8b]v[0xbe][0xa1][zCZ[0x98]C[0xe3]pCZcCk[0x9b][0x10][0xe9][0x8d][0xd6]6![0x1a]N[0xb4][0xb6][0x9][0xa9]E[0x91][0x98]W[0x2][0xd9]a[0xe6][0x9b]X[0x4][0x9a]t[0xf5]I[0xcc][0xc5][0xbc][0x6][0xc8][0xb5]D!#3[0x19][0xb4][0xea]6[0x1f]i[0x1a][0x15]4[0xfa]MT~BZ[0xc1][0x91][0x94]X[0x9c][0x9a]R[0x94][0x96]Y[0x81][0x91]_[0xc1]2[0xa9]i[0x89][0xa5]9%)[0xa0][0x9d]n[0xd0][0x8e][0x94][0x99]%h[0xf0][0x96]8k[0xe8]5[0xb1]i[0x8e]t[0xf3][0x15]m[0xc6]^[0xd1][0x1b][0xe8]Hc[0xaf][0xe6]Hw`[0xd1]8[0x9d][0xd0][0xed][0xb8][0x11]s[0xba][0xcd]~[0x9b]S[0xf7][0xb4][0x11]|[0xf1][0x84]4aK[0xe3]x2[0xa1][[0xc9]A[0x85][0x19]d<C[0xff][0xc8][0xa9][0xdc][0x4][0x91][0x99]iV3[0x82][0x1a][0x4][0xd0][0xd6]%[0xfd][0xb3]1[0xd2]l[0xf2][0x0]XN[0xb7]Z[\r][0xe9]R[0x1c][0x1a][0xe7][0x2][0xa4][0x8b]i[0x6] @[0x11]U[0xea][0x0]X[0x8e]h[0xe7][0xf][0x80][0xe5][0x88][0x8c]J[0xcb][0x91][0xe]Q[0x18][0x0][0xcb][0x11][0xeb]A[0x6][0xc0]rD[0xe][0xa6][0xc7][0x18][0x8d]9[0xdd][0x16] [0x98][0xd3][0xed]h[0x7]s[0xa4][0x5][0x8][0xd8][0xc7]O[0x7]tx[0xd7][0x1c][0xd4][0xf0][0x85]VO[0xd8][0x9d][0x87][0xd4][0xb7][0xb5][0xc4][0xb7]0[0x8b][0x8a][0xc3][0xbb][0xe6]t;[0xa1][0xc1][0x1c]i)[0x5]v[0xef][0xf]l[0xec] [0xad][0xbf][0xc0][0xee][0xbc][0x1][0x89][0x1d]DKp[0x10]9[\n]"
05:47:44.522 [main] DEBUG org.apache.http.wire -  << "1[0x0][0x81][0xdd]Q[0x3][0x1c][0x91][0x88][0xda][0x13][0xbb][0xf3][0x6]$"[0x11][0xb5][0xea][0xe0]q[0xd4][0xe0][0x9e][0xe]3G[0xb9][0x9d][0xc5]?[0x2][0xdf][0xe5],t[0xdb]xe[0x8e]t=[0x8b]Kivi[0x1e][0xc6][0xb8][0x7]"u[0x99][0x11]}[0x9e][0x88]9[0xd2][0xe9][0x11][0xd8][0x93][0xc7][0xc0]f)[0x94];_[0x6]ML[0x10][0xca]R[0x3][0x1b]fH[0xc7]?`[0x8f]RDB[0xa1]_[0xea][0xb5]$4[0xc3]<[0xc0]a[0x86][0x18]>[0x1f]Da6[0xb8][0xab];[0xa4][0xc9][0xbb]A[0x14]f[0x83]:oZ [0x1d]a1h[0xc2][0xcc][0x2]i[0xbb]:Mv[0xa2][0xa0][0x8f]mR[0xb1][0x17]a[0x81]4[0xdb]:[0xf4][0xdc]N[0xa8][0x8d]=[0xa0]e[0xa2][0x5][0xd2]M6[0x83]([0xad]"[0x86][0xc7]h;[\n]"
05:47:44.522 [main] DEBUG org.apache.http.wire -  << "h[0x81]t[0xd8][\n]"
05:47:44.522 [main] DEBUG org.apache.http.wire -  << "[0xdd][0x7]e,[0x90][0xa6][0xc1][0xb1][0x87][0xfd][0xc0]&[\r][0xa4][0xb9]s[0xec][0xce][0x1b][0x80]&[0x86][0x5][0xd2]d[0xfb][0x90]+[\n]"
05:47:44.522 [main] DEBUG org.apache.http.wire -  << "[0x90][0xd6][0x94]c[0xf][0xd0][0x1][0x8e]oB-[0x91][0x1][0x89]o[0xba][0x15][0x5]H[0xcb][0x11][0x86]^[0xca]B4[0x88][0xc0][0x5][0xa6]cQfzb~[0x9][0xe8][0xf4]I[0xd4]#`[0xf1]m[0xc3] vs[0x84][0xb1][0x5][0xd2]z[0x8a]![0x17]THG[0x9b][0xd0]g[0xf5][0xa0][0x5][0xd2][0x11]'[0xe0][0xc8][0xa1][0xd9][0xe1]![0x16]H[0xc7][0x94][0xd0][0xcb]o[0x88]2[0x83][0xd6]~[0xa3][A[0x80]tp[0x7][0x8d][0xfd][0x84]t[0xcc][0x6][0xad]mBL>[\r][0xb9][0x1c]k[0x8c]V[0xb8][0xd1].[0xff] [0xed][0xd6][0xc7][0x19][0x1f][0x88]J[0x90][0xf8][0xf2][0x12]i[0x1d][0x84][0x2][0xc6][0x88][0x1e]u[0x8a]d[0xa4][0x5][0x10]8[0x9d]N[0x1d][0x9b][0x90][0x96]A[0xc][0xb9][0xa4][0x84][0xb4][0x8a][0x82][0xd6][0xa1][0x84][0x98]p[0xa5][0xb5]M[0x88]A7Z[0xdb][0x84][0xe8][0xca][0xd2][0xda]&[0xc4]H[0x1d][0xad]m[0xa2][[0x5][0x86]t[\r][0x6][0xad][0xfd][0x84](0[0x87]\[0xe]EZ[0xa2]1[0xf4][0xdc]>[0x84]+Y[0xa4][0xbb]8[0x86]^[0xb8]#J[0xc0][0xa1][0xe7]vD[0xf9][0x93][0x99][0x97][0x92][0x9f][0x9b][0x99][0x8a][0xd1]@H[0xcc].U(.[0xcd]NT@([0x80][0xae]v6"z[\n]"
05:47:44.522 [main] DEBUG org.apache.http.wire -  << "[0xd0][0x2]i[0xf1][\n]"
05:47:44.522 [main] DEBUG org.apache.http.wire -  << "[0xb4][0xf4][0xc1][0x9c][0xf0][0xc4][0xd7]>[0xa0][0xdb]$[0x92][0x85][0x19]b[0x82][0x1d][0xa7]K[0x11][0x8d]0|;g[0xa9]9[0x4]m[0x8e]^[0x9f][0x17][0x9b][0x16]c[0xc4][0x14]<[0x0][0xd1][0xcf][0xb0]033#n![0xab][0x5][0xd2]T-"[0xba]Q[0xfb][0xf0]TI[0xf]H[0xc7][0xfc][0xd3][0xd6][0x1e]Dl[0xd2][0xd6][0x1e]D[0x9d]GS{[0x90][0xe6]]ik[0xf]"[0xbd][0xd1][0xd6][0x1e][0xa4]nue^jQz&[0xf8][0x2]![0xc8][0x15]Z[0xd8]/[0xf1][0xf1],[0xca][0x7][0xad]K[0x80][0x95]A[0x96][0xa0]][0xb5][0xc4][0xec][0xb8][0xb0]D[0xda][0x9e][0x87]8[0xda][0x1d]d[0x9a][0x82]S~II[0xe]f[0xc9][0xe7][0x9c][0xf]:[0xde][0xaf][0x4]$[0x1][0xb5][0xcd][0xdc][0x1c][0x94][0x11][0x89][0xb3][\r]Q[0x1b][0x7][0xe7][0xa4][0xa6]f+[0xb8][0x17]%[0xe6]e[0x96][0xa4]*[0x84]'[0xe6][0xe4][0xa4][0x96]`d^[0xd8][0x19][0xf3][0x88][0xb2][0xc5][0xc4][0x0][0xb4][0xcd][0x9c]8[0xcb][0x10][0xc1]8[0xc4][0xaa] [0x13]Sz[0x1d]/mbj[0x80]([0xc]h~[0xa8][\n]"
05:47:44.522 [main] DEBUG org.apache.http.wire -  << "[0xd2][0xcc][0xe][0x1e][0xbb][0x10][0x91]Mlo[0xde][0xc4][0x14]i^[0x4][0x8f][0xc9][0xf0][0xba][0x80][0x92][0xe3]{L[\r][0x11][0xc5][0x1a][0xb4]2[0xa4][0xd5][0x91]#H[0xe3][0xa2][0xd8]''[0x10]AE[0xaf][0xb6][0x80][0x89])[0xbd][0x86]NML[0xe9]u_[0xbb][0x89])[0xd2])[0xc9]4[0x8d]Rc[0xb][0xa4]}g[0xb4][0xb6][0x89]n#[0x3]H[0x1b][0xb2][0x1c]S[0x8b][0xf2]S*[0xf3][0x12]A[0x17][0x84][0xc0].[0xbe][0xb][0x1][0xdd]@[0x87]Q[0xb4][0xbb]V[0x14][0xa4][0xa6]d[0x96]$*[0x94][0x96][0x80][0x8e]uVH[0xce]/*[0xc8]/"[0xef]\g[0xb][0xa4]k[0xa1][0x83][0x91]jL[0x9f][0xcc][0xbc][0xd4]<[0x5][0xa7][0xc4]tL[0xdb][0x8b]K[0x14]R[0x8b][0x8a][0xf2][0x8b][0x14][0xf2]232s@.[0xc8],Q([0xce][0xcc]+Q(J-*[0xcd]U([0xcd][0xc9]I$[0xeb][0xc0]Y[0xb][0xba]m[0x1a][0xb3]0A[0xb4]Gh[0x9c][0x96][0xe8]v[0xc][0xac][0x5][0xdd]6[0xc2]Y[0xd0][0xed][0xc0]Y[0xb][0xa4]+Q[0x87]XC[0xc4][0xd8][0x2]i[0x7][0x3]4[0x8d][\r][0xd6]>*[0xe6][0xb6][0x6]L[0x97]"[0xea]K[0xba][0xf5]Q[0x91]Z[0xbc][0xf9]y4[0xbc][0xa5][0xc0][0x2][0xf3]@GL[0xff][0xe3]k[0x0][0xd1][0xab][0x5]al[0x81]tB[0x17][0xce]45[0x0]1[0x85][0x18][0xf5][0xc1][0xe9][0xaa]A[0x12]~[0x88][0x8e][\r]N[0x97][0xe]@[0xf8]!:[0x12][0xd8][0x1b][0xab][0x3][0xbb][0x92][0x6][0xd4]m[0x1c]l[[0xb1],[0x90][0xb6]c[0xd0]tD[0x1][0xf3]J[0xd1][0xc1]Z6 [0xed][0x0][0x19]Di[0xdb][0x2][0xa3]-=h[0xc3][0xf]c[0x96][0xe][0xd3][0xa5][0xf4]/[0x1b][0x90][0x8e][0xd0][0xa2]i:G>@[0xb]<[0xbe][0x4][0x1b]@R[0x8]O,I[0xce][0xc0][0xe8][0x6][0xf8][0xa4]&[0x96]d[0xa4]"[0x9d]Uba[0x4][0xda][0x83]N[0xcc][0xf0][0x92][0x5][0xd2]*|[0xc8]XVx~~[0xe][0xf1][0x3]YFF[0xa0][0x12][0x89]8[0x9b][0x90][0x6][0x1c][0x90]z7[0xc1][0x99]9[0xd9][\n]"
05:47:44.522 [main] DEBUG org.apache.http.wire -  << "[0xce]X[0xaf][0xd6][0x80][0xdc][0xbb][0x81][0x88]g##[0xd0][0x18]61[0x96]Y"[0xad]Iw[0x83][0x9f],[0x3]1O[0xc1]9[0x1f][0xcb])[0xc2][0xc1][0xf9]9[0xa5]%[0x89][\n]"
05:47:44.522 [main] DEBUG org.apache.http.wire -  << "[0xa9]%[\n]"
05:47:44.522 [main] DEBUG org.apache.http.wire -  << "[0xc9][0xa5][0x5][0x99][0xa0].]I*[0xd2][0x11]3[0xf8][0xaf]:B:/[0xc2][0x12]y[0xcc][0xb][0xc9][0x9b][0xce][0xf9][0x5][0x5][0xa9]E[\n]"
05:47:44.522 [main] DEBUG org.apache.http.wire -  << "[0xde]y[0x99]i[0xa0]AG[0xd4]qw[0x88][0xc3][0x10][0x1e][0xb5][0xb0][0x4]u[0xb0][0x89][0xf3]("[0xa7][0xc][0xb5]V[0xb9]%[0xd2][\n]"
05:47:44.522 [main] DEBUG org.apache.http.wire -  << "qH[0xda][0x83][0x1e][0xfd][0x13][0x90][0x98]W[0x82]9[0x5][0x12]T[0x9a][0x94][0x84][0x9c][0xc8]M[0xcd]@[0x97][0x13][0x17]H[0x88]J[0x1d]b[0x11]<Ca[0xb7][\n]"
05:47:44.522 [main] DEBUG org.apache.http.wire -  << "[0xda][0xe7]GD[0x88][0xa5][0x85][0xa9][0x11]q[0xd3],[0x96]H[0xa3][0x83][0xc8][0xc3][0x8]p[0x1b][0xbd]S+[0x93][0xf2][0x13][0x8b]R[0x8][0xe7]b3[0xf0][0xf9]_Dy[0x10]i[0xbd][0xf7][0x90]K[0x5]Hgo[0x7][0xe7]&[0xe6][0xe4] ][0xc9][0x8a][0xb5]T[0xc0][0x12]9[0xa0][0x84]D\8![0xc6][0x1a]<[0xf3]JRsr2[0xd3]S[0xf3]J[0x14] #,[0xd8][0xd3][0x2]x[0xbe][0x2][0x91][0x12][0xcc]-[0xc]M[0x89]L[0x9]H[0xb][0xca]=R[0x13][0xcb]*[0x15]\JK*[0x11][0xbe][0xc3][0x99][0x10]@[0xf3][0x16][0xc8][0x16][0x82][0x86]b[0x88][0xf3][0x1d][0xa2]~[0x87]_P[0xe6][0x9c]_R[0x92][0x9f][0x87][0xab]@[0x87]d8[0x84]e&[0x96][0xa0][0x81]t[0xe2],C[0x14]<[0xc8][0x83]U [0xc7]+8[0xa5][0xe6]a[0xa9][0xa6]0K9[0xd0]q[0xca][0xc4]Y[0x86][0xe8][0xd5][0x4][0x14]%&[0x97]d&'[0xe6][0xc0][0xae]e[0xf2][0xc0]R[0x9a]C'd[0x10][0x1e]35[0x6][0xad],&[0xce].[0xa4]~[0x9]8=[0x6]$[0x82]Jn[0xec]U/z[0x0][0x1a][0x19][0x83]V[0xca][0x12]g[0xf][0xa2]P[\n]"
05:47:44.522 [main] DEBUG org.apache.http.wire -  << "*[0x5]O[0x8d]A[0xeb][0x8][0xac][0xf5][0x13]D[0xe][0xe1]!KS[0xe2]-BT[0xbc][0xc8]%[0x12][0xa4]<U[0xc0][0x16]|[0x10])[0x84]eF&[0xa0]C[0x9b][0x89][0xf2][0x15]([0x98][0xa1][0x1d][0x14][0xa4][0x1b][0xb4] [0x19][0xc]{-[0x8f][0x1e][0x84]f[0xc6][0xa0][0x8c]C[0x9c]e[0x88][0xec][0xec][0x93][0x99][0x9e]QR[0x9e][\n]"
05:47:44.523 [main] DEBUG org.apache.http.wire -  << ""[0x15] &b[0xf5]Yx~~J*[0xd2][0x1c][0xa3][0xa9]%h[0xa5],q[0x96]!r[0xd7][0x90]+c[0x91][0xe7] [0xc0]i[0x1a]6[0xff][0xa9][0x80][0xbd][0xd0][0xc3](c[0xcd],L[0x8d][0x89],[0xf6][0x90][0xee][0x99][0x84][0x97]B[0x90],[0x84]-[0xa9]a[0xb4]][0x8d][0xc0][0x7][0xc7][0x13][0x17]#[0x88][0x9c][0xea][0x9a][0x97]_[0x94][0x9b]_Z[0x8c](^[0xb1]{[0xc]=[0x1b][0x19]Y[0x80][0xce][0xfc]%[0xce]6D~E[0xce]F[0xb8][0xbd][0x6]j[0xd9]"[0xf2][0x10][0xf1][0xe7][0x7]Z"-[0x13]w,O-[0xce][0xcf]MU[0x80][0x16][0xe3][0xc1][0x19][0x99]E[0x98][0xf3][0xcb]hU[0x94][0x85]%[0xb1][0x7]"[0x82][0x13]?4[0xb7]"[0xe6][0xcd][0xe1]i[0x3]GA[0x4][0xaa]P[0x10][0xfe][0xb2][0xb0][0x0]-[0xf8] *[0x4][0x8d][0x11][0xa3][0x88][0x8][0xdb][0xa0]E[0xb5]B@N"x:[0x1e][0xb5]e[0xc][0xaa]N[0x10]v[0x19][0x1b][0x83][0xf6][0x81][0x13]g[0x17][0xa2]h[0x80][0x96][0xae][0x90][0xac][0x8f][0xc3][0x1e][0x8c][0x4]on[0x8][0x1a]m [0xce]*[0xc4]"1x2[0x84]&k[0x5][0xac][0xa7]XB[0xbd][0x8c][0xf0][0x97][0x85]![0xd1]MY[0xa4][0x8b][0x0]]J[0x8b]@sR[0x88]$[0x8f][0xbd][0xda][0x5]u[0xe8][0x10]V[0x99][0x11][0xbf][0xf2][0x0][0xe9],[0xc4]!W[0xe0]!M[0xe6]![0xd7][0xc][0xf0][0xa4][0x8d][0xe3][0xc2]V[0xd4][0xe4]fj[0x2][0x9a][0x9b]".[\r] [0xea]Xd[0xfb][0xe0][0xad]~lE[0x1f]j[0xc4][0x98][0x1a][0x82]N;'[0xca]2[0xa4]yBd[0xcb][0xa0][0x9][0x1c][0xfb][0xd2][0x1a][0xf4]*[0xdd][0xc4][0x10]t6[0x6]q[0xd6]![0xb2]-R[0x95][0xe].tp[0xdc][0xbe][0xb][0x96]C[0xa4]9#c[0xd0]Q[0xa1][0xc4][0xd9][0x85][0xc8][0xb6]HvA+t[0xec][0xed][0x7]X[0x9c]"[0xec]3[0x6][0x1f][0x12]F[0x9c]}Hy[0xb7](=?/[0x1f]4[0xe5][0xb]/l[0xf3]S1[0xbb][0xa1][0xa8][0xa5][0xba][0xb9]![0xe8][0x9a][0x13][0xe2][0xac]B[0xb4][0x1f][0x90][0x1b][0xcc][0xd0]X[0xc3][0x91]@P[0x1a]+f[0x96]D[0xa7]G[0xa4]iA[0xf8][0x85][0xc9][0x90][0x9a][\n]"
05:47:44.523 [main] DEBUG org.apache.http.wire -  << "{;[0x16]=[0xc6]L@#[0x98][0xc4]y[0xb][0xd1]4[0x87]t[0xdf][0xa0][0xa5][0x1b][0x8e][0x82][0x16]*[0x8b][0x88],KS[0xd0][0x89]n[0xc4]Y[0x85][0xa8][0xef]1[0x6]u[0xb0][0x85][0x1f][0xb8][0xd5][0x89][0xb0][0xc9][0xcc][0x80][0xe8]Q[0x15][0xe4]=/[0xe0][0x11]8H[0xbb][0x81]X?[0x19][0x9b][0x82]N[0x1a]&[0xca]OH[0xfb]F[0x86]\![0xb][0x1a][0x13][0x81][0xb6][0x1e][0xa0][0xa3][0xdc][0xb4]YBdl[0x9]j|BmB.[0xf1][0xa0][0xb5][0xb6][0x2][0x8e][0xd2][0x1c][0x12]i[0x88][0x4]`j[0x2][0x1a][0x9c]#.Z[0x10][0x99][0x15][0xd1][0xe1][0x84]U[0xea][0xd8][0xcb]![0x8c][0x94]mb[\n]"
05:47:44.523 [main] DEBUG org.apache.http.wire -  << "[0xda]r@[0x9c]u[0x88][0xce]4[0xd2]P[0x1][0xa8]6[0xc2]1b[0x8][0xf5]9[0xc2]oF[0x86][0xc4].[0x4][0xb6][0x4][0x8d][\r]c[0x9]Lp[0x11][0x80][0xa3]?[0x80]Z[0xe8][0x19][0x99][0x11][0xdd][0xc]C[0xda][0x9a][0x2]m[0x86][0xc1][0xab][0xc4][0xe0][0xc][0xac][0xc5]kI*[0xf8][0x92][0x16][0xe8][0xaa]LKS[0xd0][0xd0][0x16]qa[0x88]h[0x9f]C[0xad][0x82][0xc4]?[0x8e][0xc1]e[0xb0]w[0x11][0xe1]gb[0x8][0x9a][0xc5]"[0xce]"[0xec]u=8[0xb6][0xb0]W[0xbe][0xe0][0x92][0x17][0xc9].|[0xcd]X[0x0][0x0][0x0][0x0][0xff][0xff]"
05:47:44.523 [main] DEBUG org.apache.http.wire -  << "[\r][\n]"
05:47:44.523 [main] DEBUG org.apache.http.wire -  << "7BE[\r][\n]"
05:47:44.523 [main] DEBUG org.apache.http.wire -  << "[0xb2][0x8a]F[0x1e]M[0x6][0xa5] h\[0xc1];SPoa[0xef][0xe0]`$[0xc][0xb]#[0xd0][0x1d]#Dy[0xc][0xd4]m[0x80]Z[0x86]<:[0x6]j[0xa7][0xe0]H[0x86]h%[0xac][0xa5]![0xa8][0xa3]I[0x9c]][0x88][0x8a][0x1e]%GC[0xc7]Z[0xb0][0xae][0xa3]E[0x8b]2ss[0xe2]}[0x86][0xc8][0xce]H[0xf9][0xb][0xda][0xac][0xc0][0xde]lF[0xf3][0x1a][0x9][0xcd]3PF[0x84][0x6][0xe3][0x90]+[0xd2]17s[0xd0][0xaa]H[0xc7][0xdc][0x8c]A3[0x9b][0x10][0xf9][0x95][0xc6][0xd5][0x14][0xd2][0xe2][0x1d]ZN[0x10]Z[0x82]V[0xaa]CS[0x18]m[0xed]Ad[0x1b][0xda][0xda][0x83][0x88]![0x9a][0xda][0x3]*[0xe2][0xe9][0x11]n[0xa0]iJ[0xa8]=[0x1][0xc1][\n]"
05:47:44.523 [main] DEBUG org.apache.http.wire -  << "[0x98][0xe9]:=17U[0xc1]T[0xa1][0xb8]$[0x11]i[0xd2][0x16][0xff][0xca]%[0xe4]J[0x1][0xd4]s[0x83][0x1a]O[0xe3][0x4][\r][0xea][0x92][0xd2][0xc7]&[0xd0]0[0x1c][0x9d]lBtgi[0x1c]z[0xa0][0xea][0x89]N~Btci[0xea]'[0x13][0x3][0xe4][0xd9]:Z[0xae][0x4]41@[0xda][0xc]Ak?[0xd1]/[0xf4][0x10][0x5]*[0xad][0xfd][0x84][0xe8]Q[0xd0][0xda]&[0xa4][0x1][0x0][0x1a][0xa7][0x8]D[0xff]?3 #?/[0xd5][0x10][0xf3][0xaa]C[0xf0][0xfe][0xc8][0xd4][0x14][0xd8][0x85][0xa8]H[0x8d]n[0xbc]'[0x93]#[0x8a]W[0x13][0x3][0xa4][0xe3][0x9a]h[0x1d]t[0x88]z[0x8f][0xc6]6!M[0xcb][0xd1][0xda]&:[0x15][0xaf]&[0x6]F[0x88].[0x4][0xad][0xfd]D[0xb7][0x2][0x82][0xac]-<[0x88]DN[0xf4]V3[0x3][0xd0][0x0][0x15]=[0xea]&[0x13][0x3][0xa4][0xd1][0xea][0xdc][0xcc][0x9c]l[0x8c]u/[0x8][0xd7][0xe3][[0xcd][0x8e][0x9c]AA[0xb]"[0xa0]n[0xa7][0x96][0x89][0x88][0x8][0xa6][0xcb][0xf1]V&[0x6]H[0x7][0x2]y[0x16][0x80][0xca]2[0x5]CC[0x5]3[0x13][0x85][0xf4]$[0x8c][0x0][0xc2][0xb7]\[0x9b][0xf8][0x8]G[0xba][0xff][0x6][0xfb][0xc2]fD<[0xe0]o[0x89]Ro[0xef][0xbb][0x89][0x1][0xd2]P[0x14][0xed]B[0x81][0x8a][0xe][0x6][0x8f][0xeb]B[0x93]^pvU~[0xbe]Bx~NZrF"hI[0x1][0xea][0xcc]epIQbevf[\n]"
05:47:44.523 [main] DEBUG org.apache.http.wire -  << "h[0x6][0x1]:[0x98]eh[0x6]Z[0x1c]F[0xc4][0xf0][0x88][0x89])[0xd2]Tipbnqi^[0xba]B[0xb0][0x91][0xb1]BhNIQ"F[0x2]qO[0xcc]I[0xac][0xa8]D[0xc4][0x1f][0x91][0xf9][0xc8][0x14]4[0x1c][0xe][0xf5][0xcc][0xa0]I[0x12][0xa6][0xa0][0xa9]"[0xa8][0xa3][0x8][0xfb][0x1c][0xe1]gR[0xc2][0x16][0xa9][0x11]F0l32+[0x13]A![0xe][0x8d]B[0xa2][0x83][0x16][0xd1]([0x1a]<A[0x8b][0xb4][0xff]m[0x10]9[\n]"
05:47:44.523 [main] DEBUG org.apache.http.wire -  << ")6h[0xda]|4E[0x9a][0x13][0x1b]D[0xde][0x1f][0x8c][0x9][0x5][0xe9] [0xb6][0xc1][0x13]RH3e[0x83][0xc8]QH[0xdd],[0xf0]D!t[0xfc][0x1d][0xeb][0xe2]3[0xd7][0x8a][0xd4][0xa2][0xe4][0xcc][0x92][0xc4][0x92][0xcc][0xfc][0xbc][0xd4]\[0x85][0xdc][0xc4][0xf4][0xbc]L[0x85][0xfc][0x94][0xcc][0x12][0x85][0x94][0xfc][0x9c][0xfc]"2[0x96][0x9b][0x9b][0x98]"[0xd5][0xa0][0x83]'T[0x90][0x8e]|[0xa2]i[0xcb][0xdc][0xd8][0xd2][0x1c][0x91]}h:r[0x8]Z[0xff][0x8][0xad][0x95][0x86][0xdc][0x98]>h*[0x1f][0xea]v[0x9a][0x8c]F"[\n]"
05:47:44.523 [main] DEBUG org.apache.http.wire -  << "p[0x9a][0x18][0x8f][0xc8]a41[0x1e]1[0xa6]@[0xb][0xe3][0x91][0xb6][0xc][0xd1]8'[0x80][0xd6][0xa1]@c[0x99][0xd6]6![0xf2][0x1c][0xad]mBD[0xe][0xad]mBL[0x1e][0xd3][0xda]&[0xba][0x8d][0xf9] [0x1d][0x8a]DS?[0x99][0x18] ]KBk[0x9b][0xe8]6[0xe6][0x83]t3[0x8][0xad][0xfd][0x84](@im[0x13][0xa2],[0xa5][0xb5]M[0x88]2b[0x88][0xd5][0x97]&[0x6][0x6][0x88]R[0x7]{[0x93]j [0xb7][0x80][0x9b][0x18][0x80][0xc6][0x10][0xa0][0x5]=v[0xe7]!:[0xc5][0xf4][0x1b][0xc8][0x1][0xad][0xd2][0x81]:j[0xc8][0xc5]7h#[\r][0xd4][0xed][0xc4][0xe7][\n]"
05:47:44.523 [main] DEBUG org.apache.http.wire -  << "D [0x13]?[0x4][0x7]Z[0x1c]C[0x1f][0x8b][0x86]p[0xee]C[0xda][0xfc]0[0xe4]R[0x12]h/[0x11]]"[0x18]yx[0x90][0xe8]A[0x13]r[0x92],[0xd2][0x10]![0x95][0x86][0xda][0x91][0xc6][0xf7][0xa8]e"[0xa2][0xfe][0xa4][0x96][0x89][0xe4][0xd4][0x93]d[0x5]/"[0xa3][0xd2][0xb6][0xe8][0x19][0xba]{9L[0xc][0x90][0xf6]r[0xd0]kr[0x6][0xd1][0xca][0xa4][0xde][0xb4][0x84][0xa9][0x8e][0x92]sbIjz~Q&[0xda]2O[0x13][0x3][0xa4][0xa1][0xc9][0x80]`[0x13][0x8c][0x1][0xfe][0x82]b[0x13][0x85][0xa4][0xc4]"[0xd0][0xa5];[0xd0]qhcb[0xcf]g61@[0xba]"[0x82][0xb6]i[0xcc][0x4][0xd1][0x87][0xa2]~W[0xda][0xc4][0x0]yM>[0xd1]e[0x1e][0xd2][0xec][0xb][0xf1][0xf5]4[0xd2][0xf0]'[0xf1]!F[0x9e]M[0x14]N[0x96][0x13]9[0x1d]a[0x80][0xb4]R[0x1f][0xb6]k[0xc][0xb2][0x1b][0x1b][0xc7][0xba][0xde][0xc0][0xd2][0xcc]D[0x85][0xd4][0xfc]b[0x85]"[0xc8]`[0xa5]B^jrjq1x[0xec]2[0xa9][0xb4]X![0xad]4=3[0xb1]D!1/37[0x13]i[0xd8][0xd2][0x8][0xd4][0xe5]$f~[0xcb][0x0]iA?YAL[0xb4][0xc7][0x11]my[0xb2][0xec]!![0xd1] R?[0xd2][0xce]%[0xd8]p0[0x8e][0x1d][\n]"
05:47:44.523 [main] DEBUG org.apache.http.wire -  << "[0xae][0x15][\n]"
05:47:44.523 [main] DEBUG org.apache.http.wire -  << "[0x85][0xa5][0x89][0xa9]E[0x89][0xa0][0xd3]#[0x8b][0xc0][0xc1][[0x8c][0x14][0x9e][0xc4][0x9e]:bb`J[0xb7]Q[0x5][0xa4][0x15][0xe9][0xf0][0x9d]E[0xe0][0x85][0xd9][\n]"
05:47:44.523 [main] DEBUG org.apache.http.wire -  << "[0xce][0xf9][0xb9][0x5][0xa5]%[0xe0]#:P[0xa7]B[0x1d][0x8b][0xb]R[0x8b]2[0xf3][0x8b]R[0x8b]!gS[0xe6]'''[0xa6]&'[0x96]d*[0x14][0x96][0x92][0x97]|[0x90]W[0xaa][0xd3]l[0xf6][0x9c][0x8a][0xf3][0xc6][0x6][0xa0]=N[0xd0][0x96]!-[0x97].[0x99]![0x9a]B4[0xb5][0x6][0xd1]>[0xa2][0xa9]5H[0xad]#[0xa4][0xa3]t[0xc0][0x1b]-pd([0xc7]R[0xe8]dJj[0xae]BQjAjNNj^J)r[0x9e]"[0xbe][0x8c]BZ[0xa1][0xee][0x19][0xe0][0xe1][0xef][0xe7][0xaa]`h[0xaa][0x10][0x10][0xe4][0x8f]Q={[0xb8][0xfa][0xb9][0x7][0xf8][0xfb]![0x1a][0x80]&[0xa0][0x1a][0x84][0xa8]r[0x10][0xe9]`J[0x9a][0xd9][0x81][0xb4]*[0x9d]vv *2[0x1a][0xce][0xc3][0x98][0x18][0x98]#[0x16][0xea][0xd0][0xd6][0x1e][0xa4][0x14]N[0xbb][0xcb]3L[0xc]@[0xfb][0xbe]a[0xe5][0x2]-[0xed][0x1][0x9d][0xd2][0x5][0xb5][0x87][0xc6][0xf5] [0xd2][0x1a]{[0x9a][0xa5]6[0xd0][0xd6]|[0xa8]ohg[0x7]"[0xa5][0xd1][0xce][0xe]Dq=x[0x86][0xf2][0x90]6/[0xd0][0xb2]p[0x7][0x9d][0x1a][0x1][0x8d][0xc3][0xc1][0xe3]w[0xa4];8pf[0x13]D1O|[0xe3][0x90]^;[0x1]L[0xc],[0x7]c[0x92]B>[0xd0][0x90][0xe8][0xae][0x1b]Y[0xe1][0x8c]h[0xee][0xf][0xa2]DEN[0xdb][0x9c][0xc][0xdf][0x83]{[0xb][0x83]-K[0x19]"[0x9d][0xc4][0x88]3Ka[0xac]p%[0xcb][0xf7][0x88][0x2][0x9b]x[0x8b][0xc8][0xe9][0xb5][0x1b][0x82]v[0x91][0xf][0xbe]pFj,[0x13][0x9d][0xc7][0xc8][0xf3]>"[0x93][0xd1][0xaa]f4[0x4][0x1d]C[0x7][\r]bZG&"w[0x6][0x14][0xe5][0xa7][0x94]&[0x97](8[0x96][0xe6]d&*`[0xee]-[0xc9][0xcc][0xcb][0x84][0xed]+QH[0x84][0xab][0x81][0x8e][0xc8][0x11]9"a[0x88]4SF[0x1f][0xfb][0x10]-s[0x1a][0x87]$[0xd2][0x86]-[0xfa][0xf8][0xc][0x91][0xe1][0xe9]c[0x1f][0xa2]j[0xa5][0x8f]}[0x88]>[0x8]}[0xec]C[0x94] NE[0x89][0xc9][0xa9][0xd8][0xae][0xb2][0xf2]MLIU[0xc8]OS[0xc8][0xc8]L[0xcf][0x0][\r]][0xe5]d[0x96]T*[0x14][0xa4]&[0x16][0xe5] [0x17]%[0xa0][0xdd]F[0xc4]t[\r][\r][0x11]E[0x89]K[0x98][0x8b][0x82]wfnjIq[0xa9]B^[0xbe]Bdbf[0x12]h[0xdd]5[0xea]H[0x12][0xa2]^042@[0x1d][0x2][0xc7]3[0xbc]n[0x88][0xb4][0xa3][0xb]d[0x8d]oizj[0x9e]BHQb&[0xe6][0xb2]}<6[0x18][0xe0][0x1e][0xc0]7D[0xba]M[0x89]F6[0x80][0xc2][0x14]Z"[0xd2][0xca][0x6]DIA+[0x1b][0x10][0xf3]*[0x83][0xa6]yf[0x88]4[0xfd]?[0x88][0x1c][0x85][0xc8][0x8b][0x83][0xc8]Q[0x88]!n[0x1a]W%H[0x8b][0x0][0xb0]{@[0x97][0xe0][0x18]"M[0xbf]cw[0x1e][0xa2][0x14][0xa1][0xdb][0x12][0x1c]C[0xa4][0xa9]z[0xec][0x8e][0x1a][0xe0]0C[0xd4][0x9e][0xd8][0x9d]7 a[0x86][0xa8]b[0xd3][0x13]s3[0xf3]0[0xaf][0xd8]J[0xcb]/R[0x80]H)[0x14][0x94][0x16][0x15][0xe4][0x17][0x83][0x8f][0x84][0x83][0xb6][0xf9][0x88][0x1e][0x0]04F[0xe4]g[0x1a]g[0x1d][0xa4][0x99]~[0x5][0x8c][0x91]j[0x8c][0x8e][0x16]r[0xad]M[0xec][0x6]iC[0xa4][0x9]y[0xb2]<ClS[0xd9][0x18][0xd1]4'[0xcb][0x1e][0xe2][0xa3][0x7]i[0x8f]*[0xad]mBT[0xb2][0xb4][0xb6][0x9]Q[0xd9][0xd2][0xda]&D.[0xa2][0xb5]Mt[0xab][0x81][0x90]v[0x1b][0x11][0xf6][0x13][0xf8][0xd0][0x1][0xa2][0xb3][0x12][0x15][0xe7][0x15][\r][0x91]&[0xf6][0x9];[0x13]v_([0xa2][0xa4]%>[0x87]P:aO[0x82]Mt+*[0xe9]6in[0x88]4iN|4[0x11][0x9d][0xa0][0x90][0xf6][0xc6][0x1b]"[0xcd][0x8c]Cm[0xc2][0xb2][0x9c]('[0xb1]R[0xa1]<[0xb3]$C!+[0xb5][0xb8][0x18][0xd4][0xdb][0x2]'`D[0xb2][0xc0][0xdf]hA[0xb1][0xe]Q[0xc8]@jI[0x8c]*[0x87]J[0x15]([0xd2][0x4][0xfa]P[[0x16]jhFJ[0xf9][0x8][0x8e][\n]"
05:47:44.523 [main] DEBUG org.apache.http.wire -  << "[0xa2][0xa3][0x9e][0x9a]e[0x9][0xd2][0xb9]u[0xd0][0xa4][0x83]yr[0x15][0xbc][0x1]1[0x80][0xce]D[0x8c][0x19]`oH[0xe]l;[0x17]iF[0x1f][0x1a][0x8a]Dg@[0xa4]X'>[0x7]"[0xcd][0xee]c[0xf][0xe]b[0xb3]55[0x93][0x92]9F+[0x87][0xe8]@ [0xd6][0xb9][0xc8][0xa5][0x10][0xd2]yxC"
05:47:44.523 [main] DEBUG org.apache.http.wire -  << "[\r][\n]"
05:47:44.524 [main] DEBUG org.apache.http.wire -  << "FF[\r][\n]"
05:47:44.524 [main] DEBUG org.apache.http.wire -  << "[0xae]p@Z[0xd1][0x0]M/[0x83]2[0xd7]a[0xde][0xcb]I[0xdb][0x18][0x1d][0x1a]E&[0xd2][0xf6][0xe3][0xa1][0x97][0xf0][0x10][0xe5][0xe8][0xa0]Nx[0xa4]4[0xf9][0x7][0xae]V2G[0xf4]U[0x87]\J iq[0xd0][0xc0][0x5]1[0xd2][0xca][0xa2][0xc1][0x9c]`[0x91][0x16]'[\r][0xbd][0x94][0x80][0x98]R[0xa3][0xd9][0xd4][0xae][0x5]b [0x10][0x1a][0x8d][0x98]w{[0xc2][0x9b][0x99][0xb0].+[0xd1]M#j[0xb6]b,0*!L[0x97]"[0x9a]+[0xf8]F[0xb5][0xa8][0xea]*D[0xff][0xd8][0xa3]@!,[0xb3],_![0xd2][0xc8][0x8][0xa3][0xdf][0x95][0x9b][0x9a][0x9b][0x99][0x93][0x99][0x9d][0xa9]P\[0x90]Z[0x9c][0x99][0x96][0x99][0x9d]X[0x9c][0xa9]P[0x99][0x98][0x97][0xae][0x90]X[0x90][0x9]:[0x85][\r]:[0x86]i[0xc][0x9a]G#v[0xdd][0xbe]![0xd2][0xaa]-h[0xe4][0xd1][0xb4][0x19][0x80]y[0xd2]-m[0xad]C[0x14][0xe2]P[0xdf][0xe1]i[0x8b]aI[0x9a][0xc4][0xf]r[0x10]}[0xdc]-[0xbe]n[0xba]1[0xd1]#[0xb6][0xc4][0xac]k[0xc3][0x97][0xe7]H[0xf0][0x18]b@[0x80]p[0x10][0xe]\][0x2][0xba][0xc0][0x0]:[0x9b][0x8a][0xdf][0x99]T[\n]"
05:47:44.524 [main] DEBUG org.apache.http.wire -  << "[0x8c]2[0xf]O[0xc2][0x1a][0xc0]P[0xc1]([0xf0][0x10][0xce][0x4][0x0][0x0][0x0][0xff][0xff]"
05:47:44.524 [main] DEBUG org.apache.http.wire -  << "[\r][\n]"
05:47:44.524 [main] DEBUG org.apache.http.wire -  << "807[\r][\n]"
05:47:44.524 [main] DEBUG org.apache.http.wire -  << "*[0x0][0x9d]Z[0xa4]d[0xa5][0x4]N&T[\n]"
05:47:44.524 [main] DEBUG org.apache.http.wire -  << "[0x15]DI[0x86]?[0x12]2[0x12][0x8b][0x15][0x6]0T[0x86]FC[0x19][0xe9]&g[0xec][0x3][0x1][0x3]:.[0x2][0xde]v[0x1][0xcd]q[0x83][0xd2]y[0x88]r[0xb][0xbb][0xf3][0x10][0x15]=[0xfe][0xb1][0x19]*V[0xf5]FHg[0x90]`w[0xd4][0x0]G)[0xa2][0xb8][0xc0][0xee][0xbc][0x1][0x9][0xb3]!Q[0xa8][0x18]![0x1d]22[0x88][0xcb]>#[0xa4]u[0x98][0xd8][0xa3]x`S [0xd2]bJ[0xc8][0xe5]c[0x90][0x9d][0x88][0xd8].[0x3]s[0xca]I[0xcc]K[0xc9],[0xc9][0xcc],VH.[0xcd])HTH[0xcd][0xcb][0xcc][0x5]mdMD[0xda]p[0x9]:[0x95][0x97][0x98][0x85]kFH[0xc7][0xe0][0xf][0xca]pA[0xf4][0xe3]h[0xb3][0x94][0xcb][0xc8][0x10][0xd1][0xa2][0x19][0x94][0x1]@l)@[0x95][0x96][0x8c][0x11][0xda]:F[0xea]/04BZ[0xc2]8[0x98][0xcb][0xb][0xa4]u[0x90][0xf8][0x9d]I[0x9d]pGZ[0x14]I[0x17][0xeb][0x10][0xd3][0x1a][0xbe][0xa0][0xc5][0xe0][0xc1][0xf9][0xc9][0xc9]X[0xf6];'[0xe7]'%*$[0x17][0xa5]&[0x96][0xa4][0xc2][0xd6][0x8b]#jBcb[0xfb][0xda]FH[0xe7][0xdb]S[0xc9]6C[0xdc]+X[0x8d][0x8c][0x10]E[0x6][\r]No0BZeIjL[0x11]=[0xf6][0x83]4%d[0x84]y[0xd6][0x12][0xe6][0xd8][\r][0xb8]+[0x3][0xea][`[0xe9][0xca][0xd3][0xaf][0x91][0x87]t_64d0][0x8a]H>t[0x1a]e2"[0xfa]"[0x2]*ed[0xc4]([0xff]`[0xac]N[0x88]>[0xd8][0x89]:[0xa1][0x81][0xb4][0xbe][0x94]F[0xd5]7[0xd2]bQZ[0xd9][0x80](O[0x6]e[0x8c][0x12][0xea][0xbb][0xc]l[0xc3][0x16]i[0x15]'[0xb5][0xf][0x4]2BZ[0xbe]I}[0xb3]I[0x19]A[0x1d][0xb0]![0x1d]#[0xba][0xad][0xf7]4B[0xba][0xab][0x4]Z[0xba][0x9b]*[0x4][0xe7]d[0xe6]b[0x8c][0xd7][0xe3][0xab][0x8c][0x88][0x1e]~5[0x2]][0x10]=[0x88]GYL[0x10][0xbd][0x6]Xh`[0xf][0x8][0xea][0x94][0xa3][0xa6][0x84]29[0xa2]^[0xa5]_}[0x8f][0xb9]B[0xf][0xc7] +[0x8e][0x96][0x9][0xf1][0x89][0x1]i[0xcd][0x1c]=B[0x1b][0xe9][0xf0][0x99][0xc1]X[0xe2]#[0x1d][0x83][0x9e][0x92]Z[0xc][0x1f][0xd1][0xd6]Q[0xc2][0xb5][0xc5][0xc]_S[0xb][0xb9][0xa9][0x89]4[0xa1]Ie[0x83][0x11][0xc9][0x97]F[0x95]4[0xd2]Y[0xf]Tv:b[0xcc]|P[0xa6][0x5]D5[0x85][0xdd]y[0x3]Q0 [0xcd][0x9]bw[0xd4][0xc0]6I[0x90][0xce][0xb0][0xc0][0xee][0xbc][0x1][0x9]3D+[0x13][0x11]Gqaj[0x89][0xa8][0xba][0xb0]{[0x80]c[0x7]1[0xe0][0x85][0xdd]y[0x3][0x12];[0x88]^[0x1d][0xad]c[0x87]P[0x86][0x1e][0xd0][0xd8]1F: [0xd0][0xc4][0x8e]1[0xd2][0xc9][0x1c][0xb4][0xa9]^[0x8c][0x9][0x1e][0x94]1[0xc0][0xb1][0x82]H[0x9e][0xb4][\n]"
05:47:44.525 [main] DEBUG org.apache.http.wire -  << "[0x0]D[0xb2][0xa4][0x91][\r]H3 [0xb4][0xb2][0x1]1[0xe8]I[0x83][0x81]Ac[0xa4]S#[0xb0]g[0x8d][0x81]M#[0x83]{[0x9e][0xc3][0xd8]p[0x10][0x16][0xfb][0xc6]X[0xe6]*h[0xd8][0xe7]5F[0x9a]s[0x18][0x8c])[0xc8][0x8][0x91][0xb0];o[0x0]jfc[0xa4][0xb9][0x5][0x1a][0x15][0x1b]H[0xf3][0x9][0x1e][0xa9][0x89]e[0x95][\n]"
05:47:44.525 [main] DEBUG org.apache.http.wire -  << ".[0xa5]%[0x95][\n]"
05:47:44.525 [main] DEBUG org.apache.http.wire -  << "[0xd0]S[0x87][0x3]r[0x12]KR1z[0xfe][0x8e][0xa5]%[0xa9][0xb9][0xe8]G[\r][0x17][0xa5][0x16][0x95][0xe6]"M[0xd1][0x82]O[0xb9]"f[0x8e][0xd6][0x18]i[0xca][0xc1][0xb1]<[0xb5]8?7U! [0xb1] [0xb5]H[0xc1]9?[0xb1][0x4][0xc3]r[0xd7][0xfc]b[0x85][0xcc][0x82][0xe2][0xd2]\[0x85][0xcc][0x92][0xc4][0xc2][0xd2]T[0x85][0x9c][0xc4][0xa4][0xfc][0xa2][0xcc][0xfc][0xe2][0xc4]\[0x85]T[0xb0]@j[0x9]h[0xba]8[0xb3][0x84][0x1c][0xc7][0x98][0x1a]#[0xfa]r[0x83]&[0x15][0x98]"[0x8d]2[0xd2][0xb6]}f[0x8a]4[0xe6]8[0x88][0xbc][0x8f][0xa8][0x9d][0x7][0x8f][0xa3][0x90][0x86]&[0x7][0x91][0xa3][0x6]a[0x19]fJp[0xac]s[0x0][\n]"
05:47:44.525 [main] DEBUG org.apache.http.wire -  << "VS[0xa4][0xd3][0xf6][0x7]Q[0xf4]![0x1a][0xba][0x83][0xc8]Q[0x83]1[0xf7]![0xed][0xa7][0x1f]<![0x85]tu[0xb7]cjQ~Je^bnf[0xb2][0x2]d[0xad][0x93]S~II[0xe]f][\n]"
05:47:44.525 [main] DEBUG org.apache.http.wire -  << "[0xaa]![0xf3][0xf3]R![0xab][0x9c][0xc0]K[0x9d][0xf2]232s[0x14][0x92][0xf3][0x8b][0x8a]J[0xb]J2!W[0x8e][0xa6][0x16]+[0xe4]&BNfO%[0xaf]^3E$-[0xda]V!FHwd`[0x8f][0x9a][0x1][0xed]([0x18][0x11][0xcc][0xf8][0x3][0xec]<B[0xb9]m`[0x9d][0x87]t[0xdc][0xc6]`[0x8c]\[0xa4][0xd3]/[0x6][0xa5][0xf3][0x10][0xbd]@[0xfc][0x99][0x90]J[0xd3]j[0x83]{p[0x1f][0xe9]X[0xf][0xec][0x91]5[0x0][0xed][0x2]#[0xba][0x9d][0x0]b[0x84]t[0x8c][0x83]o~i1f[0xd5][0x80]o[0xa6][0x99][0xd8]9/3D[0x12][0xa0][0xa1]%[0x88][0xba][0x85]6[0x9d]T#[0xcc][0xc3][0x1a]p[0xcc][0xc5]R'[0xe3] [0x9d][0xd5]@[0xdd][0xe9]6[0xa4][0xf3][0x16][0xa8]l0[0xa1]m[0x11][0x3][m [0x9d]J0x[0xb2][0xba]9[0xa2][0xab]O[0xa3]d[0x8b]t[0xec][0x0]vo[0xf]p[0xac] [0xf2]-v[0xe7][\r]D[0x1][0x8c][0xb4]A[0x9f]F[0xb1][0x82][0xb9][0x8d][0x1e]s!'[0xbe][0xb2][0xd7][0xc8][0xd2][0x12][0xf5]H[<[0x7][0xce][0x1a]!m[0x86][0xa7][0x95]w[0x10]Y[0x1f][0xda][0xa8][0xa0][0xa1]w,[0x11][0xf5][0x9][0xd4]2[0x1c][0x5]1[0xa5][0xf3][0xb8][0xc6]H{[0xaa]h[0x13]p[0xc6][0x6][0x88][0xd6][0x18][0xf6][0xe4]?[0xa0][0xb9][0xd3][0x98][0xe6]{[0x15][0x8c][0x91][0xd6]^[0xd3]([0x88][0x91][0xd6]L[0xf][0xc6] 6[0x1a][0x84][0x5][0xa0][0xf1][0xe0]>S[0xd7][0x18]i[0xcd]3[0xf6]([0x1d][0x80]J[0xc3][0x18]i[0x99]4[0xad][0xce][0xc3]0F[0xba][0x10][0x97]vv [0x16][0xaf][0xc0][0x8a]WZ[0xce][0xc8]!Mv [0xdd][0x85][0xe8][0x93][0x99][0x97][0x9a][0x87][0xe3][0xc2][0xc9][0xb0][0xfc][0x9c][0xd2][0x82][0x92][0xc4]b[0x85][0xb2][0xd4][0xbc][0xcc][0xc4]\[0x85][0xc4][0x9c][0xcc][0xc2][0xd2][0xcc][0x14][0x9c]S-&[0xb8]w[0xb2][0x18]#[0x9d][0xb5][0xeb][0x9a][0x97]_[0x94][0x9b]_Z[0xac][0xe0][0x9b]X[0x94][0x94][0x93][0x8a][0xc3]r[0xcf][0x14][0x85]2[0x88][0xfd]%[0x99][0xa0][0xdb]-[0xcb]2K[0x12]S[0x15][0x8a]K[0x8b][0x93]3[0xb]2a[0xf7][0xc9][0x15]+$&)[0xe4]d&[0xa5][0x16][0xe5][0xe3]t[0x15][0x9e][\n]"
05:47:44.525 [main] DEBUG org.apache.http.wire -  << "[0xdb][0x18]i[0xae][0xc5]3[0xaf]$5''3=5[0xaf]D[0xc1][0xbd](1/[0xb3]$U[0x1][0xc7]0^`i[0xa6]Bqi^[0x89]Bn~NjqIfb*[0x9c]U[0x8c][0xe3][0x82];[0xe2]'[0xc8][0x8]N[0xca][0xc]lE[0x85]4[0x13][0xe2][0x96][0x98]W[0x92]X\[0x92][0x99][0xac][0xe0][0x9c][0x9f][0x97]\[0x94]Z[0x82]+*[0x83][0x10]w[0xfe])[0xa4][0x82][0xd2]Rj[0x89]Bai~[\n]"
05:47:44.525 [main] DEBUG org.apache.http.wire -  << "[0xe8][0xa6][0xc9]D[0xe8][0x98]g.hv/1%[0xb3] [0xb3]8[0x19][0xf9][0xfa]I[0xd4][0x80][0xc3]s[0x9f][0x80]1[0xd2][0xa2]n[0xec]e[0xd5][0x0][0x7][0x1c]bQ[0x1c]l[0xe2][0x13]:[0xef][0xea][0x9d][0x97][0x99][0x86]9 [0xe0][0x94][0x9a][0x8]J[0xf0][0xd0]<[0xa7][0x80]'[0xdb][0xe1]K[0xe0]Hk[0xbb][0x7]e[0xa0] Ze4j[0x94][0xc][0xee][0x11]`c[0xa4][0xfb][0x93][0x7]c[0xfc][0xc][0xee][0x11]`c[0xa4][0x11]`[0x9f][0xcc][0xf4][0x8c][0x92][0xf2]T[0x10][0xa9][0x10][0x9e][0x9f][0x9f][0xa3][0xe0][0x9c][0x91][0x98]Y[0x84][0xb1][0xa0][0xc0][0x7][0xb4]~ [0x15]^[0xb3][0xa4][0x16]+$[0xc1][0xb7][0xa0]#[0xd5] [0xa0]f[0x19]h[0xb2]&/[0xbd]X[0xc9][\n]"
05:47:44.525 [main] DEBUG org.apache.http.wire -  << "_[0xfe]B[0x9a][0x5][0xc2][0x1e][0x3][0xd1]@2[0xa5]y[0xae]2E[0xf4][0xc]s[0x13]3[0xf3][0x12][0xf3][0x14][0x12][0xf3][0x12]A[0xe7]W[0xa1].[0xdb]/.IM-[0xca][0xcc]KW([0xcf]HM[0xcd]A[0x4][0x5][0xd1][0xbb]%[0x8c][0x91]f[0xb2][0xb0][0x87][0xef][0xc0][0x16][0xea]H[0x3][0xc8][0xd8][0x9d][0x87][0xf0]3[0xdd][0xf6][0xb2][0x18]#[0xed]e[0xa1]Q[0xa1]j[0x86][0x18][0x85][0xa0][0x95][\r][0x88][0xda][0x92][0x9a][0xd7][0x1e][0xe1][0xd9]km[0x8c][0xb4]S[0xa6][0xb8][0xb4][0xb8]T![0xbb]4%Q!'3[0x11][0xb3][0x10][0x1]KC[0x13]<[0xf4][0xc0]6K[0x94]S[0xbf][0xf0]5S[0x90][0xce][0x9d][0xa6]m[0xd6]A[0x9a]r[0x80]v/[0xcc]0[0x8a]C[0xf8][0xc8][0x17][0xfa][0xae]?C[0xe2][0xb3]([0xd2][0xac][0x3][0xad][0x12][0x3][0xa2][0xe7][0xe][0xe]z[\n]"
05:47:44.525 [main] DEBUG org.apache.http.wire -  << "b[0x6]_Y[0x8e]4[0xef]@[0xcd]4[0x87][0xcf]J[0xa4][0xb9][0x7]h[0x1c][0xd1]j[0x84][\r][0xe9]4f[0x1a][0xc5][0x12][0xd2][0x99][0xc9][0xb4][0x8c]%[0xa4][0xd9][0x5][0x9a]ZC[0xeb][0xf9][0x2]c[0xa4][0xf9][0x2]PY[0xa2][0x90]X[0x99][0x88][0xb9][0x1][0x15][0xec]E[0x90]4[0xa2]"A-j[0xf0][0xa6].D-M[0xeb][0xd4][0x85][0xc8][0xa1][0xb4]J][0x88][0xa5][0x12]4[0xf6][0xb][0xd2] >[0xad]mBTr4[\n]"
05:47:44.525 [main] DEBUG org.apache.http.wire -  << "5[0xa4]][0x90][0xb4][0xf6][0xb][0xa2][0xcd][0x89][0xbd]%4[0xb0][\r]5[0xa4]3K[0xb1];[0xf][0x91][0xbf][0xe8][0xd7]P[0xb3]@[0xa4]i[0x1a][0xc5]?[0xd2][0xee]EZ[0xd9][0x80]X[0x84]J[0xaf]J[0x93][0xe0][0x9e][0xc7][0x81]Mj[0x4][0xf7]$[0xe2]Jj[0xc6]h[0xc3][0xa7]T<[0xb4][0xd0][0xd8][0x92][0xe6][0xd5][0x19][0xd2]u[0xe2][0xb4]Jj[0x88][0xea][0x8c]V6[0xd0][0xbc][0x1a][0x3]u[0x13][0xa0]GA[0xd0][0xc6][0xf]&[0xa0][0x93][0xac][0xa0]6[0xd0][0xb6][0xc8]7A[0xda]?[0x89][0xb4][0x99][0x4]:[0xa8][0x8f]}[0xf8][0xc5]5[0xb3][0xb4]X[0xa1] [0xb5][0xa8][0xb8] 393[0xb1]$[0xb3][0x18]4[0x4][0x8c]4[0xee][0x2]J[0xa6][0xc4][0x8c][0xbb][0x98][0xd0]|[0x9b][0xa4][0x9][0xcd][0xa7][0xa4]M[0x90]6b[0xba][0xe7][0x17][0xa5][0xa7][0x82][0xa6]D[0xc2][0xf3][0xf3]SR[0xf3][0x14][0x9c][0xb1][0xf4]:[0xfd]S2K[0x10]+[0x85]as#[0xa9][0xc8][0xdb]p@[0x8b][0xec][0x88][0xb]>Z[0x17][0x7]&H[0xf3][0xed][0xb4]N[0x86][0xb4][0xce][0xb4]&[0x6][0x88]z[0x1a][0xbf]_[0xa8][0xb2] [0xcd][0x84][0xe6][0xbb]GM[0x90][0xe][0xca][0xa4]Q)[0x84][0xb4][0x81][0x94][0x1c][0x1b][0x0][0x0][0x0][0x0][0xff][0xff]"
05:47:44.525 [main] DEBUG org.apache.http.wire -  << "[\r][\n]"
05:47:44.525 [main] DEBUG org.apache.http.wire -  << "2D5[\r][\n]"
05:47:44.525 [main] DEBUG org.apache.http.wire -  << "*[0xc9]$4[0xf2]jb[0x88]h<[0xd3]%R[0x10][0xa9][0xc]{[0x3]r@[0x1b][0x1d]&Hg.bw[0x1e][0xae]F[0x7]z[0xff][0x91][0x8a][0x8d][0xe][0x93][0xc1][0xb8][0xc9][0xd2][0x14]sX[0x8c]FC.[0xa6]X[0x6]wh8[0xbf]o[0x8a]4[0xc2][0x13][0xe0][0xac][0xe0][0xee][0xe8][0xeb][0xe9][0xe7][0x8e]1[0xe0][0x17][0x1c][0xe0][0xea][0xad][0xe0][0xe1][0xe9][0xee][0x81]H[0xf][0x96][0xa0][0x16][0x3]1Y[0xce][0x14]i-]@bN[0xa2]O[0xbe][0xf][0xe6]e[0xf0]8G[0x14][0x8d],-A[0x8b]*[0x88][0xb3][0x8]1[0xbe]Lc[0x8b][0x10]K0[0xe8][0xd4]{1E[0xba][0xbf][0x84][0xc6]~C4[0x97][0xe9][0xe4]7[0x13][0xa4]}[0xf9][0xf8][0xcb]dJ[0x17][0xc][0x9a][0x18]"[0x1a]0[0xd8][0xcb][0xbb][0x81]-[0x8e][0x91][0x96][0xf3]aw[0x1e]"[0xfb][0xd1]m[0xb8][0xc1][0x4]i[0xf3]7[0x8d][0xea]d[0xa4][0xcd][0xdd]4[0x8e][0xa4][0xd5][0x8c][0xb4][0xb6][0x9]1[0xb0][0x85][0xdf]&[0xea]4[0xfe][0x90][0x8e]x[0xa5]U$!Z2[0xf8]=Dq&[0x5][0xcd][0xa2]C[0xbb][0xa2]4[0xf2][0xb][0xd1]G[0xc0]R[0xec][0x17][0xa4][0x95][0x90]4[0xe]5[0xa4][0xe5][0x8d]0[0x9b]h[0xd8]l0[0x1]U[0xca]4[0x8e]$D%[0xb][0xf3][0x10]F[0xbb][0x4][0xde]l[0xc0]r[0xea]3[0xd1]S[0x91]&HK[0x1c][0xb1][0x17][0xbb][0x3][+ [0xad]6[0x1c][0x94][0xce]Cts[0xb1];o *-[0xa4][0xf5][0x86]4*C[0x90][0xd6][\r]B[0x93]'i[*[0xe8]W[0x81]#[0x9d][0xad][0x80][0xd3][0xa5][0x88]8[0xc2][0xb7]k[0x90][0x9a][0xbd]<[0x13]DG[0x1c]{[0xb2][0x19][0xd8]L[0x87][0xb4]C[0x9d][0x6]'e[0x99][0x80].'[0xa1]m[0xf1]9[0xb8]W0[0x9a][0x10]\[0xc1][0x88]H[0x91][0xf4][0xcb])[0xa6][0x6]:J[0xd0]X[0xc1][0x99]S[0xf0]U9tt)b[0xfe][0xc][0xa7]K[0x11]!H[0xaf]<[0x8d]t[0xe2][0x86][iQ^fIiQ[0xaa]BH~[0x1]F[0xbd][0x8d][0x90]MI,[0xca]T[0xf0]J-H,[0x2][\r][\n]"
05:47:44.525 [main] DEBUG org.apache.http.wire -  << "@[0x97]E[0x19][0x82]R[0x7]1]~[0x13][0xa4][0x85][0x94]4*[0xe7][0x91][0xce][0x9d][0xa6][0x95][\r][0x18]][0x5]Jj[0x12][0x1a]N[0x7][0x9a][0x98]"[0xc6][0x6][0x6]S[0xaa]C[0xf4]L[0x10][0xe9][0x8a][0xa6][0xa9][0xe]i[0xfd]&U[0xb7]h[0x9b] [0xad][0xc1][0x84][0x6]0[0x8d]F[0x19]M[0x88]>O[0x9c][0xe2].[0x10][0xd2][0x2]IZ[0xfb]ip[0x8f][0xee] [0xad]x[0xa4][0xf6]][\r]&f[0x88]<0[0x18][SHc[0xda][0x83][0xd2]y[0x88][0x81][0xe3]A[0xe9]<DO[0x18][0xbb][0xf3][0x10]5=[0xfd]Z H[0xeb][0x10]i[0xd1]@6GT5[0xd8][0xfd]<[0xb0][0xdd][0x3][0xa4][0x13][0x8][0xb0];o [0xa2][0x4]i[0xa2][0x5][0xbe]Y[0x12][0xb2][0xa9][0x5][0xdb]![0x99][0x8e][0xc9][0xc9][0xa5][0xc5][0x89]y%[0x99][0xa5][0xb9][\n]"
05:47:44.525 [main] DEBUG org.apache.http.wire -  << "[0xf9][0xa0][0x1b][0x81][0xa1][[0xea][0x8a][0x91][0x16]V[0xa0]n[0xa3]C[0x9f][0xf4]C[0xba]8[0xc1][0x14][0xe9][0xd4][0x92][0xe0][0xca][0xbc][0xd4][0xa2][0xf4]L[0xf0][0x16]?[0xe8][0xc2][0x84][0xe0][0x8c][0xfc]T[0xd0][0xd5]_[0xa8][0xfb]<\[0xc1][0xfb][0xf9]@{[0xfa][0xc8][0xb4][0x13][0x91]/h[[0xb3][0x98]"[0x1d][0x3]Bk[0x9b][0x10][0x8d][0xc1][0x80][0xa2][0xfc][0x94][0xd2][0xe4][0x12][0x5][0xc7][0xd2][0x9c][0xcc]D[0x5]c[0x8c]F4[0xe8][0xd6][0xba][0x2][0xa8][0x9a]D[0xb8][0x1a]h[0x13][0x1a]_[0x93][0x1f]%[0xde][0x10][0xf9][0x8c]>[0xf6]!**[0xfa][0xd8][0x87][0x18][0x9d][0xa2][0xa1]}[0xb1][0xb5]\[0x0][0x0][0x0][0x0][0xff][0xff]"
05:47:44.525 [main] DEBUG org.apache.http.wire -  << "[\r][\n]"
05:47:44.525 [main] DEBUG org.apache.http.wire -  << "A[\r][\n]"
05:47:44.525 [main] DEBUG org.apache.http.wire -  << "[0x3][0x0]L[0xb3][0xf9][0x85]q[0xbb][0x1][0x0]"
05:47:44.525 [main] DEBUG org.apache.http.wire -  << "[\r][\n]"
05:47:44.525 [main] DEBUG org.apache.http.wire -  << "0[\r][\n]"
05:47:44.525 [main] DEBUG org.apache.http.wire -  << "[\r][\n]"
05:47:44.525 [main] DEBUG io.restassured.internal.RestAssuredHttpBuilder - Parsed data to instance of: class org.apache.http.conn.EofSensorInputStream
05:47:44.528 [main] DEBUG org.apache.http.impl.conn.BasicClientConnectionManager - Releasing connection org.apache.http.impl.conn.ManagedClientConnectionImpl@4aee166d
05:47:44.529 [main] DEBUG org.apache.http.impl.conn.BasicClientConnectionManager - Connection can be kept alive indefinitely
05:47:44.581 [Finalizer] DEBUG org.apache.http.impl.conn.DefaultClientConnection - Connection 0.0.0.0:60368<->149.248.193.56:443 closed
05:47:44.583 [Finalizer] DEBUG org.apache.http.impl.conn.DefaultClientConnection - Connection 0.0.0.0:60369<->149.248.193.56:443 closed
05:47:44.608 [main] DEBUG net.thucydides.core.steps.StepInterceptor - STEP DONE: I send HTTP GET request
  &amp#27;[32mWhen &amp#27;[0m&amp#27;[32mI send GET HTTP request&amp#27;[0m                 &amp#27;[90m# starter.stepdefinitions.UserSteps.iSendGETHTTPRequest()&amp#27;[0m
05:47:44.617 [main] DEBUG net.thucydides.core.steps.StepInterceptor - STARTING STEP: UserSteps.iReceiveValidHTTPResponseCode - I receive valids HTTP response code 200
05:47:44.618 [main] DEBUG net.thucydides.core.steps.StepInterceptor - STEP DONE: I receive valids HTTP response code 200
  &amp#27;[32mThen &amp#27;[0m&amp#27;[32mI receive valid HTTP response code 200&amp#27;[0m  &amp#27;[90m# starter.stepdefinitions.UserSteps.iReceiveValidHTTPResponseCode()&amp#27;[0m
05:47:44.629 [main] DEBUG net.thucydides.core.steps.StepInterceptor - STARTING STEP: UserSteps.iReceiveValidDataForOrderByID - I receive valid data for order by ID
05:47:44.629 [main] DEBUG net.thucydides.core.steps.StepInterceptor - STEP DONE: I receive valid data for order by ID
  &amp#27;[32mAnd &amp#27;[0m&amp#27;[32mI receive valid data for order by ID&amp#27;[0m     &amp#27;[90m# starter.stepdefinitions.UserSteps.iReceiveValidDataForOrderByID()&amp#27;[0m
05:47:44.634 [main] INFO  - 
  _____   ___   ___   _____     ___     _     ___   ___   ___   ___  
 |_   _| | __| / __| |_   _|   | _ \   /_\   / __| / __| | __| |   \ 
   | |   | _|  \__ \   | |     |  _/  / _ \  \__ \ \__ \ | _|  | |) |
   |_|   |___| |___/   |_|     |_|   /_/ \_\ |___/ |___/ |___| |___/ 

GET - As admin I can get order by ID
----------------------------------------------------------------------
]]></system-out>
  </testcase>
  <testcase name="GET - As admin I cannot get order by ID" classname="User" time="0.881">
    <system-out><![CDATA[
@TC-0038
Scenario: GET - As admin I cannot get order by ID  &amp#27;[90m# src/test/resources/api/user.feature:258&amp#27;[0m
05:47:44.653 [main] INFO io.cucumber.core.plugin.SerenityReporter - Running feature from file:///C:/Users/Lenovo/IdeaProjects/MiniProject/MiniprojectApi/src/test/resources/api/user.feature
05:47:44.654 [main] WARN io.cucumber.core.plugin.SerenityReporter - Feature from file:///C:/Users/Lenovo/IdeaProjects/MiniProject/MiniprojectApi/src/test/resources/api/user.feature is not under the 'features' directory. Requirements report will not be correctly generated!
05:47:44.658 [main] INFO  - 
  _____   ___   ___   _____     ___   _____     _     ___   _____   ___   ___  
 |_   _| | __| / __| |_   _|   / __| |_   _|   /_\   | _ \ |_   _| | __| |   \ 
   | |   | _|  \__ \   | |     \__ \   | |    / _ \  |   /   | |   | _|  | |) |
   |_|   |___| |___/   |_|     |___/   |_|   /_/ \_\ |_|_\   |_|   |___| |___/ 

GET - As admin I cannot get order by ID(user;get---as-admin-i-cannot-get-order-by-id)
--------------------------------------------------------------------------------
05:47:44.804 [main] DEBUG net.thucydides.core.steps.StepInterceptor - STARTING STEP: UserSteps.iSetUnmatchedGETApiEndpointsOrderId - I set the GET api endpoints oder Id
05:47:44.805 [main] DEBUG net.thucydides.core.steps.StepInterceptor - STEP DONE: I set the GET api endpoints oder Id
  &amp#27;[32mGiven &amp#27;[0m&amp#27;[32mI set unmatched GET api endpoints order Id&amp#27;[0m &amp#27;[90m# starter.stepdefinitions.UserSteps.iSetUnmatchedGETApiEndpointsOrderId()&amp#27;[0m
05:47:44.812 [main] DEBUG net.thucydides.core.steps.StepInterceptor - STARTING STEP: UserSteps.iSendGETHTTPRequest - I send HTTP GET request
05:47:44.814 [main] DEBUG net.thucydides.core.steps.StepInterceptor - STARTING STEP: GetAllProduct.iSendGETHTTPRequest - I set the GET api endpoints
05:47:44.814 [main] DEBUG net.thucydides.core.steps.StepInterceptor - STEP DONE: I set the GET api endpoints
05:47:44.822 [main] DEBUG org.apache.http.impl.conn.BasicClientConnectionManager - Get connection for route {s}->https://altashop-api.fly.dev:443
05:47:44.823 [main] DEBUG org.apache.http.impl.conn.DefaultClientConnectionOperator - Connecting to altashop-api.fly.dev:443
05:47:45.063 [main] DEBUG org.apache.http.client.protocol.RequestAddCookies - CookieSpec selected: ignoreCookies
05:47:45.063 [main] DEBUG org.apache.http.client.protocol.RequestAuthCache - Auth cache not set in the context
05:47:45.063 [main] DEBUG org.apache.http.client.protocol.RequestTargetAuthentication - Target auth state: UNCHALLENGED
05:47:45.063 [main] DEBUG org.apache.http.client.protocol.RequestProxyAuthentication - Proxy auth state: UNCHALLENGED
05:47:45.063 [main] DEBUG org.apache.http.impl.client.DefaultHttpClient - Attempt 1 to execute request
05:47:45.063 [main] DEBUG org.apache.http.impl.conn.DefaultClientConnection - Sending request: GET /api/products HTTP/1.1
05:47:45.063 [main] DEBUG org.apache.http.wire -  >> "GET /api/products HTTP/1.1[\r][\n]"
05:47:45.063 [main] DEBUG org.apache.http.wire -  >> "Accept: */*[\r][\n]"
05:47:45.063 [main] DEBUG org.apache.http.wire -  >> "Host: altashop-api.fly.dev[\r][\n]"
05:47:45.063 [main] DEBUG org.apache.http.wire -  >> "Connection: Keep-Alive[\r][\n]"
05:47:45.063 [main] DEBUG org.apache.http.wire -  >> "User-Agent: Apache-HttpClient/4.5.13 (Java/14.0.2)[\r][\n]"
05:47:45.063 [main] DEBUG org.apache.http.wire -  >> "Accept-Encoding: gzip,deflate[\r][\n]"
05:47:45.063 [main] DEBUG org.apache.http.wire -  >> "[\r][\n]"
05:47:45.063 [main] DEBUG org.apache.http.headers - >> GET /api/products HTTP/1.1
05:47:45.063 [main] DEBUG org.apache.http.headers - >> Accept: */*
05:47:45.063 [main] DEBUG org.apache.http.headers - >> Host: altashop-api.fly.dev
05:47:45.063 [main] DEBUG org.apache.http.headers - >> Connection: Keep-Alive
05:47:45.063 [main] DEBUG org.apache.http.headers - >> User-Agent: Apache-HttpClient/4.5.13 (Java/14.0.2)
05:47:45.063 [main] DEBUG org.apache.http.headers - >> Accept-Encoding: gzip,deflate
05:47:45.440 [main] DEBUG org.apache.http.wire -  << "HTTP/1.1 200 OK[\r][\n]"
05:47:45.440 [main] DEBUG org.apache.http.wire -  << "content-type: application/json[\r][\n]"
05:47:45.440 [main] DEBUG org.apache.http.wire -  << "date: Mon, 08 May 2023 22:56:35 GMT[\r][\n]"
05:47:45.440 [main] DEBUG org.apache.http.wire -  << "transfer-encoding: chunked[\r][\n]"
05:47:45.441 [main] DEBUG org.apache.http.wire -  << "content-encoding: gzip[\r][\n]"
05:47:45.441 [main] DEBUG org.apache.http.wire -  << "server: Fly/3f2597ca (2023-05-03)[\r][\n]"
05:47:45.441 [main] DEBUG org.apache.http.wire -  << "via: 1.1 fly.io[\r][\n]"
05:47:45.441 [main] DEBUG org.apache.http.wire -  << "fly-request-id: 01GZYS9EJWTPPZ5NQVRGNVWQGW-sin[\r][\n]"
05:47:45.441 [main] DEBUG org.apache.http.wire -  << "[\r][\n]"
05:47:45.441 [main] DEBUG org.apache.http.impl.conn.DefaultClientConnection - Receiving response: HTTP/1.1 200 OK
05:47:45.441 [main] DEBUG org.apache.http.headers - << HTTP/1.1 200 OK
05:47:45.441 [main] DEBUG org.apache.http.headers - << content-type: application/json
05:47:45.441 [main] DEBUG org.apache.http.headers - << date: Mon, 08 May 2023 22:56:35 GMT
05:47:45.441 [main] DEBUG org.apache.http.headers - << transfer-encoding: chunked
05:47:45.441 [main] DEBUG org.apache.http.headers - << content-encoding: gzip
05:47:45.441 [main] DEBUG org.apache.http.headers - << server: Fly/3f2597ca (2023-05-03)
05:47:45.441 [main] DEBUG org.apache.http.headers - << via: 1.1 fly.io
05:47:45.441 [main] DEBUG org.apache.http.headers - << fly-request-id: 01GZYS9EJWTPPZ5NQVRGNVWQGW-sin
05:47:45.441 [main] DEBUG org.apache.http.impl.client.DefaultHttpClient - Connection can be kept alive indefinitely
05:47:45.441 [main] DEBUG io.restassured.internal.RestAssuredHttpBuilder - Parsing response as: application/json
05:47:45.441 [main] DEBUG org.apache.http.wire -  << "2CF[\r][\n]"
05:47:45.441 [main] DEBUG org.apache.http.wire -  << "[0x1f][0x8b][0x8][0x0][0x0][0x0][0x0][0x0][0x4][0xff][0xaa]VJI,IT[0xb2][0x8a][0xae]V[0xf2]tQ[0xb2]241[0xb1]0[0xd2]Q[0xf2]K[0xcc]MU[0xb2]RJI-N.[0xca],([0xc9][0xcc][0xcf]S[0xd2]QrA[0xe2]Y))[0xe9]([0x5][0x14]e&[0xa7]*Y[0x19][0xe8]([0x5]%[0x96]d[0xe6][0xa5][0x17]+Y[0x99][0xe8](9'[0x96][0xa4][0xa6][0xe7][0x17]e[0xa6][0x16]+YE[0xc7][0xd6][0xea] [0xc]6[0x86][0x1b][0xec]Y[0x90][0x91][0x9f][0x97][0xaa]`h[0xa8]`f[0xa2][0x90][0x9e][0x84]axANb[0xa5]BFb[0xb1]B^[0xbe]BNfnfI1[0xc2]:#KK$[0xb][0x8d][0xd0],[0x84][0xda]fdjb[0x8][0xb7][0xcd]=173/[0x1d][0xc3][0x12][0xb7][0xfc]"[0x85]t[0xb0][0x94]BAiQA~qj[0xb1]R-[0x8a][0x83]-[0xe0]F[0xb8][0x95][0x16][0xe5]e[0x96][0x94][0x16][0xa5]*[0x84][0xe4][0x17]`[0x9a][0x4][0x97]MI,[0xca]T[0xf0]J-H,JD[0xb8][0xd8][0xd0][0x4][0xd9][0xc5][0xa6]h.F[0xb1][0xd1][0x4]ncp~^[0xa5]B@[0xb0]![0x86]e[0xf8][0xc2][0xc6][0x4]%l[0xc][0xd1]l[0xa2]j[0xd8][0x98][0x12]v)"[0x4][0x90][0x93][0x88][0x1]-]e[0x6]w[0x15][0x15]c[0xc][0xdd][0xc5][0xc8]1f[0x89]Hf.a.[\n]"
05:47:45.441 [main] DEBUG org.apache.http.wire -  << "[0xbe][0xa5][0xe9][0xa9]y[\n]"
05:47:45.441 [main] DEBUG org.apache.http.wire -  << "!E[0x89][0x99][0xf8]r[0x8c][0xa1][0x91][0x81][0x81][0x1][0xbe]0A[0xb1][0x1][0x91][0x1f][0x13][0xf3][0x12][0xb3][0x15][0x12]+[0x13]s1[0x12]Eqiq[0xa9][0x2]H[0x1a][0x11][0xe6][0x96](i[0x1][0xaf][0x1f][0xcc][0xe1][0xa1][0x16][0xe1][0xe4][0x1f][0x81][0x99][0xe4][0x10]9[0x5]a<jR3[0xa6]a[0xa4][0x82][0xfc][0x1]-[0x90][0xb0];[0xf][0x97][0xa3][0xd0][0xfd]L[0xc5][0xf4]o[\n]"
05:47:45.441 [main] DEBUG org.apache.http.wire -  << "[0x8a]>[0xa8][0xa3]h[0x13][0xef][0xa6][0x6][0x88][0x94][0x5][0x8a]X[0xea][0xc7][0xbb][0xa9][0x1][0xad]S[0x96][0xa9][0x1][0xa2][0xc8][0xa7][0x91][0x1f],[0x10]e[0xb4]SQbrjNj[0x9]F[0xe6][0xf0]MLIU[0xc8]OS[0xc8][0xc8]L[0xcf]P(,M[0xcc][0xc9],[0xa9]T(HM,[0xca]A[0xae]V[0x8c][0x88][0xcb][0x90][0xc6][0xc6]f[0x18][0x85][0xb4])[0x86][0x95][0xf8][\n]"
05:47:45.441 [main] DEBUG org.apache.http.wire -  << "i[0xd4][\n]"
05:47:45.441 [main] DEBUG org.apache.http.wire -  << "[0xc]w[0x8d]illf[0x9][0xcf][0x98]%[0xa9][0xc5][0xa0]*V[0xa1][0xa0](?[0xa5]4[0x19][0xd3][0x8f]%[0x19][0x99][0xc5][\n]"
05:47:45.441 [main] DEBUG org.apache.http.wire -  << "[0x99][0xc5][\n]"
05:47:45.441 [main] DEBUG org.apache.http.wire -  << "%[0x19][0xa9]05[\n]"
05:47:45.441 [main] DEBUG org.apache.http.wire -  << "[0xa8][0xd5]7[0x96][0xda][0x1a]=[0xd7]"[0x8a][0x1d]ccsD[0xf2][0xa3][0x9a][0xdd][0x86]h[0xc5][0x1e][0xee][0xaa][0xd0][0xd8][0xd8][0x1c][0x91]8[0xa9]j?R[0xdb][0x1][0xaf][0xf5][0x88]H[0xa6][0xaa][0xf5][0xc8][0x89][0xc][0xaf][0xfd][0x88]2[0x99]f[0xf6][0xa3][0x97][0x8f]([0xd1][0x8f][0xc8]W4[0xb3][0x1f]_[0xd2]7[0xa7]A[0xd2]GO~[0xf8][0xfc]oa@[0xfd][0xac][0x87]n?[0xbe][0xec][0x87][0xd4][\n]"
05:47:45.441 [main] DEBUG org.apache.http.wire -  << "[0xa7]Y[0xf8][0xe3][0xf5]?[0xa2][0xe4][0x1e][0x18][0xfb][0x11][0xf9][0xcf]#@!7[0xb3]$[0x1f]{[0x19][[0x92]Z[0x94][0x94][0x98][0x99][0x8d]h[0x2][0x98][0x9a][0x99]#eq[0xbc]^Dd1[0xd2][0xda][0x15][0xe8][0xf9][0x96]z[0xed][\n]"
05:47:45.441 [main] DEBUG org.apache.http.wire -  << "cc[0xb]D[0xba][0x87][0xf6][0x0]([0xa9]\[0xf0][0xa5]0KD[0xc][0x7][0x4]+`[0xda][0x92][0x9e][0x98][0x9b][0xaa]`[0xaa]P\[0x92]X[0x84][0x8]][0xd4]V[0x1f][0xbe][0xc]l[0x89][0x88]@[0xba]4[0xc5][0x8d]M[0x90][0x9a]dT[0x8]:<)[0xc7][0x4][0xa9]iF[0x15][0xbf][0x1][0x0][0x0][0x0][0xff][0xff]"
05:47:45.441 [main] DEBUG org.apache.http.wire -  << "[\r][\n]"
05:47:45.442 [main] DEBUG org.apache.http.wire -  << "485[\r][\n]"
05:47:45.442 [main] DEBUG org.apache.http.wire -  << "[0x82][0xf4][0x9d][0xf1][0xda][0x88][0x88],Z[0xfb][\r][0x11]o[0x1]E[0x89][0xc9]%[0x99][0xc9][0x89]9[\n]"
05:47:45.442 [main] DEBUG org.apache.http.wire -  << "[0xe1][0xf9][0xf9])[0xa9]y[\n]"
05:47:45.442 [main] DEBUG org.apache.http.wire -  << "[0xde]y[0x99]i[0xa9][0x18][0xf9][0xd0]1'3[0xb1]X![0xad]4=Q[0xa1][0xb4]D[0xf][0x91]V[0xc]A[0x11]B[0x9c][0xef][0x10]9[0x91]z#[0x3]x[0x83][0x13][0x91][0xcb]`[0x16][0x1a]Q<[0x14][0x81][0xcf]BCDu[0x2][0xb3][0x90][0xf2][0xb1][0xf][0xbc][0x16]"[0x9a]ot[0xb2][0x10]c@[0xc0][0x1c]#[0xa5][0x10][0xdf]*[0xc6][0xeb]5Dj[0x9]H[0xcc]I[0xf4][0xc9][0xf7][0x1][0x8d][0xb5][0xa0][0x8e]N[0xc1]m[0xc2]2zdl[0x8c]TA[0xe0])[0xc2]L[0xc][0x11]m rKH[0xbc][0xfe]@$BZ[0x18][0xf][0xea][0xcf]@{[0xa8]t[0xea][0x19][0x99][0x18]![0x12][0x1d]M|[0x84][0xe8][0x12][0xd0][0xc4]xD[0x19]K[0xb7][0x0]C[0x14][0xb6]t[0xb3][0x12][0x91]O[0xa9]i%[0xbe]|d[0x84][0x18][0x95][0xa3][0xa6][0x95][0xf8][0xf2][0x96][0x11][0xa2][0x8c][0xa0]q}i[0x84][0xc8][0xc5]4j[0xa8][0x9a][0x18]#*[0xf]Z[0x86][0x1f][0xac][0x19]ka[0x88]H"[0x8e][0xc9][0xc9][0xa9][0xc5][0xc5][0x90][0xd1]|[0xf4][0x19][0x80][0x92]|[0x85][0xd4][0xbc][0x8c][0xc4][0xbc][0xe4]T[0x85][0xc4][0x2][0xd0]p[\n]"
05:47:45.442 [main] DEBUG org.apache.http.wire -  << "[0x88][0x89]<[0x82]nlb[0x8c]([0x10][0x8a]S[0xb]RS0[0xb][0xea][0xc4][0xcc]J[0x90] tp[0xc2][0xc8][0x14][0xb9][0x8c]/[0x82][0x8d][0x11]e[0x1]-[0xc3][0x4][0xa9]Kl[0x2][0xaa]7[0xa0][0x5]*[0xb5]=C[0xff]b[0xc0][0x18][0x11][0xc7][0xc1][0xe0][0x98]Q[0xf0][0xc9],.)[0x2][0xf7][0xa4]P[0xab]R[0xa8]t[0xe]DZ!/=5[0xa9][0x14]4[0xfe]Dz[0x94]![0x8a][0x1][0xa8][0x99]P+[0x15][0x9c][0x12]s[0x12]1gU[0xa0][0x8a]P-VHJ[0xcc]K[0x7][0x8f][0xf1]A[0xed]7%>[0xc9] [0xca][0x4][0xba]%[0x19]D[0xb][0x82]nV"[0xca]#zYi[0x82]([0x9f][0x82]J[0x8b]K2[0x93]a[0xfd][0x5][0xa7]D[0xcc]Y[0xb7][0xd0][0x12][0x85][0xd4][0xa2][0xa2][0xfc]"[0x85][0xa2][0xd4][0xe4][0xd2][0xe2][0xc4][0xbc][0x94][0xc4]T[0x85][0x82][0xfc][0xe2][0xe2][0xcc][0xdc][0xd2]b[0x85][0xdc][0xfc][0x1c][0xd0]8gb[0xaa]Bqj[0x8a]BfnAjJ&y][\n]"
05:47:45.442 [main] DEBUG org.apache.http.wire -  << "[0xa4][0xe9]?D7[0xc6]'3/5O[0xc1])[0xbf][0xa4]$[0x7]K7[0xa6][0xb4]D[0xa1] [0xb5][0xa8][0xb8] 393[0xb1]$[0xb3]X!%?'[0xbf](U!%3[0xb9]$Q[0xa1] [0xbf][0xa8](_![0xb3][0xa0][0xb8]4W!5[0x91][0xac]^[0x8e][0x9][0xfd][0x8b],[0x13]D[0x93]&8'55[[0x1][0x12][0x2][0xee]9[0xf9]e[0xa9][0xa0][0xb1]o[0xd4][0x9c][0xee][0x9f][0x96][0x96][0x99][0x9c][0x99]Y[0xac][0x90][0x9c][0x9f]W[0x9c]ZX[0x9a]XRZ[0xa4][0x90][0x98][0x97][0x99][0x9b][0x9][0x8f][0x98]b[0x85][0xb2][0xfc][0x9c][0xd2][0x82][0x92][0xc4][0x92]T[0x85][0x94][0xd4][0x9c][0xd4][0xbc][0xcc][0x92]L[0xf2][0x2][0x83][0xfe]E[0x9e][0x9][0xa2][0xc8]s[0xcf]/JO[0xcd]/-V[0x8]*MJJ-Rp[0x6][0x8f]q[0xa0][0x85]FJf[0x9]$[\r][0x94][0xe6]*$[0x82][0x12][0x7]8[0x9][0xe4]$&[0xe5][0x17]e[0xe6][0x17]'[0xe6]*[0x14][0x96]f*$[0xe6]d[0x16][0x96]f[0xa6]([0x14][0x93][0x9b]N[0x11][0x85]""[0x9d][0xba][0x17]%[0xe6]e[0x96][0xa4]*8[0xe7]'[0x82]JZTw[0xb9][0x96][0x80][0xfa][0xda][0x99][0x89]%[\n]"
05:47:45.442 [main] DEBUG org.apache.http.wire -  << "[0xf9][0xb9]y[0x99][0xc5][\n]"
05:47:45.442 [main] DEBUG org.apache.http.wire -  << "[0xb9][0x99]y[0x99][0xb9][0x89][\n]"
05:47:45.442 [main] DEBUG org.apache.http.wire -  << "y[0xa5][0xb9][0x85][0xa5][0x89][0xb9][\n]"
05:47:45.442 [main] DEBUG org.apache.http.wire -  << "[0xc5][0xa5][0xc5][0xc9][0x99][0x5][0xe4][0xba][0x6]QD[0x6]W[0xe6][0xa5][0x16][0xa5]g[0xc2][0xb2]s[0x8e]BpFf[0x11]V[0xd7][0xa4][0x16][0x97][0xc0]SEfRi[0xb1]BANbrjb[0x89]B*yY[0x17]T[0xa0]C[0xeb]Y[0x5][0x1a]u!M[0x11]Y[0x91][0xac][0xe6]![0xb1][0xad][0x14]S[0xa4][0xfc][0x7][0x99][0xcf][0xc7][0x1c]g[0x83]wU[0x9][0xae]u[0xc0][0xd7][0x1e]2[0xa5]~2E[0xe4]'z[0xd5]4[0xa6][0x88][0xdc]B7+[0x11]Y[0x82]nV"Z[\r]d[0xa5]N[0xd4][0x9]F[0xbc][0xa9][0x6][0xd1]X[0xa0][0xb1]Mf[0x88]6[0x2][0xd4]&[0xcc]e[0x6][0xf8]r[0x2][0xea][0xc0]3[0xba][0x9f]`][0x17][0xca]W[0xfd][0x18][0x9b][0x98]![0xfa],P[0x97][0xd2]*[0xcf][0x9a]QX[\n]"
05:47:45.442 [main] DEBUG org.apache.http.wire -  << "[0x11][0x1f][0xcf]ft+[0x87][0xa8];9[0x8e][0x1e][0xcf][0xc8][0xdd]13D[0xf1]C[0xeb]xB[0x94]:P[0x9b][0x6]m[0xda]E[0x14]V8][0x8a][0x18][0xa0][0xc7]W[0x8b]Q5Ga[0x94]g[0x94][0x84][0x1f][\r]g[0xdf]L[0x90][0x16]\[0xc][0xa2][0xf0]3[0xc7](;iU"!-[0xfa][0xf0]K,[0xce]TpI,[0xcd]S[0xf0]J-*[0x5]M[0xb0][0xa2]6C[0xc1][0xf2][0xe5][0xa9]y[0x89][0xd9][0xd9][\n]"
05:47:45.442 [main] DEBUG org.apache.http.wire -  << "%[0xa9]y[0x89]y[\n]"
05:47:45.442 [main] DEBUG org.apache.http.wire -  << "[0xb9][0xa5]E[0xb9][0xa9]Hs[0x85][0x86][0x96][0xf8][0x17][0xb9][0xc1][0x92][0x98][0x85]%"[0xd5]&[0xe7][0xe7][0x95][0xe4]g[0xe8]&#[0xd6][0x90][0xa2][0x8f]:[0xb9]%[0x16]gd[0xe6][0xe7]%&[0xe5][0xa4][0xa2][0x8e]5!-[0x18][0x1][0xbb][\r][0xe1]v[0xf0][0xd2])[0x85][0xf4][0xfc][0xa2]T,[0xab]@[0xc1]j[0xa9][0xe4][0xf]D:'[0xec][0xf]L[0x15]HkO[0x8d]M[0xcc][0xe9]Vb[0x9b][0xd3][0xad][0x1c]5G[0xc4]34w[0xd1],[0x1d][0xd3][0xad]]cA[0xb7][0xd6][0x82][0x5]"ED8[0xe5]W(`[0x96][0xa1][0xf4]/[0xd9]-[0x10][0xbd][0xe][0x1c]n"[0xbc]t[0x14][0xbd][0x8e][0x87][0x15][0xb][0xd4]h[0xcb]![0xad][0xe][0x1c][0x9c][0xee][0x83][0xa4]S[0x0][0x0][0x0][0x0][0xff][0xff]"
05:47:45.442 [main] DEBUG org.apache.http.wire -  << "[\r][\n]"
05:47:45.442 [main] DEBUG org.apache.http.wire -  << "58F[\r][\n]"
05:47:45.442 [main] DEBUG org.apache.http.wire -  << "[0x2][0xad][0xb5][0xa7]q[0x8e]@Z[0xa7][0x8c]#$[0x10][0xa9][0x87]~mmKD[0xb]x0[0xb9][\n]"
05:47:45.442 [main] DEBUG org.apache.http.wire -  << "[0x91][0xd3]h[0x1d]+[0xc8][0xf9][0x87][0xbc][0x95][0xd7][0xb4][0xcc]>[0x96][0x88][0x86]/i+[0xa4]h[0xea](D-[0x8b][0xdd]Q[0x3]Z[0xe4] /[0xc][0xc7][0xee]<\[0xf9][0x8c][0x86][0xed]Z[0xe4][0xb5][0xe4][0xb4]M[0xd1][0xc8]+[0xbe][0xb1]{[0x80]c[0x7][0xd1][0xd8][0xc1][0xee]<\[0xb1]C[0xc3][0x14]mj[0x80][0xc8]f[0xb4][0x8e][0x1d][0xca][0xf3][0xe]-[0x93])[0xd2]*[0xa9][0xc1][0x13];[0x86][0x88][0x16][0x1e]vG[\r]l[0x8a]6DTV[0xd8][0x9d]7[0x10])[0xda][0x10]Q[0xaf][0xd1]8E#[0xad]U[0xa0][0xb5]Mt[0xcb][0xa5][0x86][0xf4][0xea]'[0x99]"[0xad]p[0xa3]q[0xe8]![0xad]F[0xa3][0xb5]M[0x88]6%[0xad]m[0xa2][*7BT[[0xb4][0xf6][0x13][0xdd]R9[0xdd][0x96]h[0x99][0x1a]!j=Z[0x87][0x1e][0xbd][0xfa]s[0xa6]Hk[0xc2]h[0xec]'[0xa4]5\[0xb4][0xb6][0x9][0x91]s[0xb1]We[0x3][[0xd3][0x1a]#[0xb2];v[0xe7][\r]DM[0x8b][0xbc][0x8e][0x8b][0xa6]3[0xcc][0xa6][0xc6]t+[0x19][0x8c][0x11][0xf5][0x9f]G[0x80][0x82]3h[0x11]N&[0x96][\r]*9[0xa9][0x5]%[0xf9][0x5][\n]"
05:47:45.442 [main] DEBUG org.apache.http.wire -  << "[0x18];[0x80],A[0x0]i[0x89]7z[0xd3][0x1d]i[0x12][0xc9][0xd4][0x98][0xaa]E[0x3][0xfa][0x86]{d[0x9b][0x90][0x16]I[\r][0xc4][0x86]*[0xe4][0xd1]4[0xaa][0xd9][0x8f]o[0x2][0x9][0xc5][0xef][0x88][0x8c]M[0xc8]nD[0x1e][0x2][0xed][0x96]#2[0x16][0x91][0x96]9[0x11]2[0x9f][0xe8]}[0xb2] [0xeb][0x89][0xf6][0x1f][0xa2]d[0xa0][0xaa][0xfd][0xc4]z[0x1f][0x91]3[0xa9]j=[0xd1][0xde]Gd"[0x9a][0xd9][0x8f][0xde][0xed]DI^[0x88]Z[0x97]f[0xf6][0xe3]+D[0x90][0x16],[\r][0x8c][0xfd][0x88][0x1e]*[0xcd][0xec]G?g[0x5]9[0xfc][0x91]VS[0xd1][0xcc]~[0xbc][0xe1][0x8f][0xe8][0x2][0xf][0x8c][0xfd]4[0xca][0xfe][0xc4][0xe6]?[0xa4][0x85]X[0x3][0xe3]D[0xf9][0x3]k![0x9a][0x9a][0xd2]hj[0xcf][0xd4][0x14][0xd1]8[0xa0][0xee]*|SSD1[0xe6][0x99]W[0x92][0x9a][0x93][0x93][0x99][0x9e][0x9a]W[0xa2][0x10]\[0x92][0x9a][\n]"
05:47:45.442 [main] DEBUG org.apache.http.wire -  << "Z[0xfd][0x98][0x8f]e[0xc5][0xac]g[\n]"
05:47:45.442 [main] DEBUG org.apache.http.wire -  << "[0xe8]<[0x89][0xe2]L[0x85][0xbc][0xc4][0x92][0xd2]b[0xd0][0x82]P[0x10][0x91]XL[0xd6][0x9a]XSSD9[0x6][0xb]G[0xda][0xac]4[0xc5]\[0x8d]E[0xab][0xe8][0xa2][0xdb]j*S[0xba][0xad][0xa6]2[0xa5][0xdb][0x1a]'[0xf0]^v[0xba][0xcc][0xf][0x9a][0x9a]![0x12][0xbf]k^~Q.hqt@N"x[0xf9][0xaf]sFb&h][0x7][0xea][0x2][0x90]0[0xc8]Bp[0xd0][0xa9]#%[0xa9][\n]"
05:47:45.442 [main] DEBUG org.apache.http.wire -  << "y[0xf9]y[0xa0]sG[0xca]2S@y&[0xb5][0x98][0xac][0xa5][0xbf][0xa6]H[0xeb]o\J[0x8b]@k<@[[0x9]r[0x14][0xb0][0xbb] [0x18][0xba][0xd4]Y[0xa1][0xb0]4_[0x1]i]vf[0x1e]9K[0xd2]M[0xe9][0xb6][0xcc][0xc6][0x14]i[0x99][\r][0x8d]3:[0xdd][0x96][0x91][0x98][0xd2]m[0x19][0x89])[0xdd][0x96][0x91][0x98]"[0x1d]BB[0xe3]xB:n$ [0xd8][0x4][0xb3][0xd4]/6QHJ,*E[0xf4][0x8e][0x8c][0xf1][0xaf][0xad]Bn[0x9e][0xd1]m[0x89][0x8a])[0xd2][0xa1]%[0xb4][0xe]/D[0x93][0x8f][0xd6]6![0x1a]w[0xb4][0xb6][0x89]n[0x83][0xbc][0x16][0x98][\r]6[0xcc]$G[0xf4][0x11][0x8c][0xf8][0x9a][0xe6][0x16][0x88][0xd6][0x1a][0xad]C[0xf]Q[0x81][0xd1][0xda]&[0xba]5[0xd3],[0xe9][0xb5][0xf0][0xd3][0x14]iy[0x10][0x8d]C[0xf]i[0xc9][0xf][0xad]m[0xa2][[0x19]a[0x89](#[0xa8]^z[[0xd2][0xad]T@Z[0xed]C[0xeb][0x98][0xa1]W^5C:[0xa9][0xc7][0xb5](=?/?73Y[0xc1]1[0xa7]473[0xaf]4[0x17][0xeb][0xb6]?[0xc7][0xd2][0x12][0x85][0xa4][0xd4][0xc4][0x92][0xc4]T[0xf8][0xa6][0xb6][0xd4]\[0x85][0xdc][0xc4][0x8a][0xcc][0xdc]T[0x85][0xbc][0xd4][0xdc]|[0x85][0xcc][0x9c][0x9c][0xd2]\[0xd0][0x86]?p[0xdf][0x8f][0x9c][0xa6][0xa6][0x99][0x1][0xbd][0x8a]E3[0x3]z[0x15]Vf[0x83]{[0x9d][0x84][0xd9]`\'aF[0xaf]u[0x12]&&HU[0x9][0xad]N[0xe2][0xa4]WJ3E[0xda]/@[0xeb][0x82][0x8a]^~2C:[0x8b][0x95][0xb6]~23@TV[0xb4][0xb6][0x89]^U[0x97][0x99]![0xbd][0x1a][0xb4]fH+f[0xb0]O[0x2][0xf][0xe8][0x1c][0xb5][0x19][0xd2]2[0x1b][0xec][0xce]C[0xf4] [0xe9][0xb6][0xca][0xdb][0xc][0xe9]X([0x1a][0xa7]8#D[0x93]/ [0xd8][0xd0][0x80][0x82]N[\r][0xfa]yF[0xf0]][0x9]H[0xd5][0x1c][0xe4][0xf0]x[0xc]K[0xd2][0xf0][0x9f]+olfD[0xb7][0x1c][0x88]t[0xf2]RvfAb[0xb1]Bb^:[0x96][0x93][0xc9]sS[0xf3][0xd2]SsJ[0x13][0x8b][0xb2][0x13][0xf3] J[0x14][0x8a][0x13][0xf3][0xd2][0x13]K[0x14][0xb2]S[0xf3][0x92][0x13][0xc1][0xbb][0xa6][0xa0][0xc7][0xad][0xe0]?[0xd4][0xf][0x1e]JH[0xc7]o[0x90]w[0xfa][0xbe][0xb1][0x19][0xd2][0xfa] [0xf8]q[\r]NE[0xf9]yU[0xa9]8[0x86][0x3]![0xe7][0x10][0x16][0xa5][0x16][0xa4][0xe6][0xe4][0xa4][0xe6][0xa5][0x94][0x16]+$&[0x83][0x8e][0x18][0x1][0x1d],RXJ[0xd6][0x90][0xbc][0x19][0xd2][0xd2]![0xdf][0xd4][0x94][0xcc][0xfc][0xe4][0xa2]T[0xd0][0x88]$[0xe8]0D[0x1c][0x87]h8[0x82][0xed][0xcc]+[0xc9][0x4][0x1d][0x14]R[0xa2][0x90][0xf]>S#Q[0xa1],5'[0xb3]D!/?)[0xb3][0x98][0xac][0x16]#[0xd2]1SC.&[0x91][0xd6]*[\r]=[0xb7]#[0xe6]V[0x87][0x9e][0xdb][0x11][0xcb].[0x86][0x9e][0xdb][0x11]%9[0x8d][0xeb][0xc][0xa4]e][0x9e]y[0xc9]E[0xa9])[0x99]I9[0xa9][\n]"
05:47:45.442 [main] DEBUG org.apache.http.wire -  << "[0xb0][0x92]&'?[0x19]s[0xef][0xab]k"[0xfc][0x98][0x15][0x85][0xd4][0xbc]LHg[0xb0][0x18][0x94][0xbf]S[0x8b][0x93]3K[0xf3]J[0x14]RJ[0x93][0xc1][0x7][0x1a]A[0xce][0x10][0xca]%+[0xcb][0xd3]mi[0x97][0x19][0xd2][0x82]+Z[0x7]6[0xdd][0x1a][0xd4]Hk[0x82]h[0xec]'[0x13][0xba]5sM[0x10][0xcd]\[0x9a]dh[0x9c][0x8d][0x1e]*T[0xe7]&[0x94][0xf]y [0xdf][0xa2][0x83]g[0xd0][0xd9][0xcc][0x84]n[0xc3]KH+h[0x9c][0xc8]L[0x11][0xf5][0x10][0xad]m[0xa2][[0xc9][0x8b][0xb4]n[0x85][0xd6]~[0xa2]<[0xf1][0x11][0xb7][0x16][0xcf][0x8c]nk8[0xcc][0xe8][0xb6][0xb2][0xc2][0x8c]n[0xa7][0xc7][0x98][0xd1][0xed]L[0x17]3[0xd0]-[0x1]tYYa[0x86][0xb4][0xa6][0x81][0xc6][0xa9][0x9c]n[0xcb][\n]"
05:47:45.443 [main] DEBUG org.apache.http.wire -  << "[0xcc][0x90][0x96][0x15]x[0x14]([0x84]e[0x96][0xe5]+D[0x1a][0x19]a[0xf4][0x84]sSs3s2[0xb3]3[0x15][0x8a][0xb]R[0x8b]3[0xd3]2[0xb3]Ag[0x8a]T&[0xe6][0xa5]+$[0x16][0x80]O[0x1a][0x85]v*[0x8d]A[0xf7][0xc2][0xa0][0x9c][0x16][0x8f]^[0x13]![0xcd]g[0x9b][0x99][0x93][0xd2]}[0xc6]r[0xfe]7[0x9e][0x9c]L[0xbd][0xfe][0xab][0x89][0x9][0xd2][0xfd][\n]"
05:47:45.443 [main] DEBUG org.apache.http.wire -  << "[0xd0]x7[0xc6][0x8] [0xe8][0x89]W[0x0][0x0][0x0][0x0][0xff][0xff]"
05:47:45.443 [main] DEBUG org.apache.http.wire -  << "[\r][\n]"
05:47:45.443 [main] DEBUG org.apache.http.wire -  << "385[\r][\n]"
05:47:45.443 [main] DEBUG org.apache.http.wire -  << ""[0xe2][0x9e];[0xdc][0xf5][0x9d][0x89][0x89]%)[0x1]B[0xc1])s&&HSD4[0x1a]EF[0xda][0x2][0x1a][0x92][0x98]Q[0xaa][0x90]T[0x9a][0x83][0xe5][0xc]D|[0xe1]F[0xdc][0xaa]I[0x13]S[0xa4][0x81][0x1c]2m"[0xf6][0xfc]-[0x13]S[0xa4]q~[0xda][0xdb][0x85]h$B[0xd3][0x1d]m[0xd6][0xf6][0x99][0x98][0xd2]k[0x9f][0xa2][0x9][0xdd][0xa6][0xa7]ML[0xe9]5=mb[0x8a]Y>[0xd0]*[0x9e][0xe8]V>[0x98][0xd2]k[0xb2][0xda][0xc4][0x14][0xa9]$[0xa2]q*[0xa7][0xdb]l[0x93][0x19][0xd2][0x12][0xba][0x0][0xc8]5o[\n]"
05:47:45.443 [main] DEBUG org.apache.http.wire -  << "[0x8e][0xa5]9[0x99][0x89][\n]"
05:47:45.443 [main] DEBUG org.apache.http.wire -  << "[0x98][0x15]Gf^&h[0xb9]%[0xe8]*8[0x85]D[0xb8][0x1a]huJ\[0x9]hlfN[0xa7][0x92][0xc2][0xd8][0xcc][0x1c][0xd1]#[0xc3]>-1[0xb0][0xb3]&H[0xab][0xef][0xb0];[0xf][0xd7][0xac][0x9][0xfa][0xae][0x14][0xea][0xb5][0x1f][0x8c][0xcd][0x90][0x96][0xed]aw[0xd4][0x0][0x87][0x19][0xa2][0x9b][0x88][0xdd]y[0xb8][0xc2][0xc][0xbd]%C[0xd5]0C[0xb4][0x84][0xc0]9([[0xc1]=35[0x7][0xa3][0xd9][0x15][0x2]:d</[0x1d]tAbvQfAq&[0xc2][0xad][0xc4][0xef][0x1d]4[0xb3]@[0x8c][0xfb] Y[0xa6][0x90][0x9d][0xaa][0x8b][0xd9][0x12][0xa6][0x92][0x8d][0x88][0xc][0x8b]f#f[0x9]A%[0x1b][0x11][0x1d]g[0xfa][0xdc]te[0x86]t[0x1][0x1a][0xd8][0x8f][0xc9]%[0xb4]-[0x4][0x91][0x16]F[0xd0][0xc9][0x87][0xf4]jb[0x18][0x9b][0xd1][0xab][0xe2]76[0xa3]Wullf[0x89][0xa8]JhZ[0xf1][0x1b][0x9b][0x83]:[0xa4]t[0x19]"0G[0xba]&[0x97][0xd6]~B[0x94] [0xb4][0xb6][0x89]n[0xf1][0x84][0xd4]e[0xa4][0xb1][0x9f][0xc][0x11][0x13]j[0x9e][0x1][0x1e][0xfe]~[0xae][\n]"
05:47:45.443 [main] DEBUG org.apache.http.wire -  << "[0x86][0xa6][\n]"
05:47:45.443 [main] DEBUG org.apache.http.wire -  << "[0x1]A[0xfe][0x18][0x15][0x8c][0x87][0xab][0x9f]{[0x80][0xbf][0x1f][0xa2]Z1[0x1][0x8d][0x14][0x13]s[0x17][0x9e]9[0xd2]:5Z[0xfb][0x6]Q[0xd1][0xce]7tKoH[0xb]sh[0x1c]nHklhm[0x13]"[0xbd][0xd1][0xda]&D[0xc3][0x89][0xd6]6![0xb5]([0x12][0xf3]J ;[0xcc]|[0x13][0x8b]@[0x93][0xae]>[0x89][0xb9][0x98][0xd7][0x0][0xb9][0x96](dd&[0x83]V[0xdd][0xe6]#M[0xa3][0x82]F[0xbf][0x89][0xca]OH+8[0x92][0x12][0x8b]SS[0x8a][0xd2]2+0[0xf2]+X&5-[0xb1]4[0xa7]$[0x5][0xb4][0xd3][\r][0xda][0x91]2[0xb3][0x4][\r][0xde][0x12]g[\r][0xbd]&6[0xcd][0x91]n[0xbe][0xa2][0xcd][0xd8]+z[0x3][0x1d]i[0xec][0xd5][0x1c][0xe9][0xe],[0x1a][0xa7][0x13][0xba][0x1d]7bN[0xb7][0xd9]os[0xea][0x9e]6[0x82]/[0x9e][0x90]&li[0x1c]O&t+9[0xa8]0[0x83][0x8c]g[0xe8][0x1f]9[0x95][0x9b] 23[0xcd]jFP[0x83][0x0][0xda][0xba][0xa4]6F[0x9a]M[0x1e][0x0][0xcb][0xe9]V[0xab]!][0x8a]C[0xe3]\[0x80]t1[0xcd][0x0][0x4]([0xa2]J[0x1d][0x0][0xcb][0x11][0xed][0xfc][0x1][0xb0][0x1c][0x91]Q[0xe9]o9[0xd2]![\n]"
05:47:45.443 [main] DEBUG org.apache.http.wire -  << "[0x3]`9b=[0xc8][0x0]X[0x8e][0xc8][0xc1][0xf4][0x18][0xa3]1[0xa7][0xdb][0x2][0x4]s[0xba][0x1d][0xed]`[0x8e][0xb4][0x0][0x1][0xfb][0xf8][0xe9][0x80][0xe][0xef][0x9a][0x83][0x1a][0xbe][0xd0][0xea][0x9][0xbb][0xf3][0x90][0xfa][0xb6][0x96][0xf8][0x16]fQqx[0xd7][0x9c]n'4[0x98]#-[0xa5][0xc0][0xee][0xfd][0x81][0x8d][0x1d][0xa4][0xf5][0x17][0xd8][0x9d]7 [0xb1][0x83]h[0x9][0xe]"G![0x6] [0xb0];j[0x80]#[0x12]Q{bw[0xde][0x80]D$[0xa2]V[0x1d]<[0x8e][0x1a][0xdc][0xd3]a[0xe6]([0xb7][0xb3]`[0xbb][0xc9]a "[0x12][0xe9]z[0x16][0x97][0xd2][0xec][0xd2]<[0x8c]q[0xf][0x84][0xa3][0xcc][0x88]>O[0xc4][0x1c][0xe9][0xf4][0x8][0xec][0xc9]c`[0xb3][0x14][0xca][0x9d]/[0x83]&&[0x8]e[0xa9][0x81][\r]3[0xa4][0xe3][0x1f][0xb0]G)"[0xa1][0xd0]m[0xdb][0xa0][0xb9]%[0xa1][0x19][0xe6][0x1][0xe]3[0xc4][0xf0][0xf9] [\n]"
05:47:45.443 [main] DEBUG org.apache.http.wire -  << "[0xb3][0xc1]][0xdd]!M[0xde][\r][0xa2]0[0x1b][0xd4]y[0xd3][0x2][0xe9][0x8][0x8b]A[0x13]f[0x16]H[0xdb][0xd5]i[0xb2][0x13][0x5]}l[0x93][0x8a][0xbd][0x8][0xb][0xa4][0xd9][0xd6][0xa1][0xe7]vBm[0xec][0x1]-[0x13]-[0x90]n[0xb2][0x19]Di[0x15]1<F[0xdb]Q@[0xb][0xa4][0xc3]V[0xe8]>(c[0x81]4[\r][0x8e]=[0xec][0x7]6i [0xcd][0x9d]cw[0xde][0x0]41,[0x90]&[0xdb][0x87]\Q[0x80][0xb4][0xa6][0x1c][0x16][0xa0][0x0][0x0][0x0][0x0][0xff][0xff]"
05:47:45.443 [main] DEBUG org.apache.http.wire -  << "[\r][\n]"
05:47:45.443 [main] DEBUG org.apache.http.wire -  << "1A0[\r][\n]"
05:47:45.443 [main] DEBUG org.apache.http.wire -  << "B=[0xa0]s[0x80][0xe3][0x9b]PKd@[0xe2][0x9b]nE[0x1][0xd2]r[0x84][0xa1][0x97][0xb2][0x10][\r]"p[0x81][0xe9]X[0x94][0x99][0x9e][0x98]_[0x2]:}[0x12]5[0x85][0xe1][0xdb][0x86]A[0xec][0xe6][0x8]c[0xb][0xa4][0xf5][0x14]C.[0xa8][0x90][0x8e]6[0xa1][0xcf][0xea]A[0xb][0xa4]#N[0xc0][0x91][0x13][0x10]L[0x9b]m[0x3][0xc6][0x16]H[0xc7][0x94][0xd0][0xcb]o[0x88]2[0x83][0xd6]~[0xa3][A[0x80]tp[0x7][0x8d][0xfd][0x84]t[0xcc][0x6][0xad]mBL>[\r][0xb9][0x1c]k[0x8c]V[0xb8][0xd1].[0xff] [0xed][0xd6][0xc7][0x19][0x1f][0x88]J[0x90][0xf8][0xf2][0x12]i[0x1d][0x84][0x2]F[0xa5]O[0x9d]"[0x19]i[0x1][0x4]N[0xa7]S[0xc7]&[0xa4]e[0x10]C.)![0xad][0xa2][0xa0]u(!&\im[0x13]b[0xd0][0x8d][0xd6]6![0xba][0xb2][0xb4][0xb6][0x9]1RGk[0x9b][0xe8]V[0x81]!][0x83]Ak?![\n]"
05:47:45.443 [main] DEBUG org.apache.http.wire -  << "[0xcc]![0x97]C[0x91][0x96]h[0xc]=[0xb7][0xf][0xe1]J[0x16][0xe9].[0x8e][0xa1][0x17][0xee][0x88][0x12]p[0xe8][0xb9][0x1d]Q[0xfe]d[0xe6][0xa5][0xe4][0xe7]f[0xa6]b4[0x10][0x12][0xb3]K[0x15][0x8a]K[0xb3][0x13][0x15][0x10][\n]"
05:47:45.443 [main] DEBUG org.apache.http.wire -  << "[0xa0][0xab][0x9d][0x8d][0x88][0x9e][0x2][0xb4]@Z[0xbc][0x2]-}[0xc]1,[0xc2][0xd7]>[0xa0][0xdb]$[0x92][0x5][0xd2][0xbd]&8][0x8a]h[0x84][0xe1][0xdb]9K[0xcd]!hs[0xf4][0xfa][0xbc][0xd8][0xb4][0x18]w[0x0][0xa2][0x9f]aaffF[0xdc]BV[0xb][0xa4][0xa9]ZDt[0xa3][0xf6][0xe1][0xa9][0x92][0x1e][0x90][0x8e][0xf9][0xa7][0xad]=[0x88][0xe5][0x12][0xb4][0xb5][0x7]Q[0xe7][0xd1][0xd4][0x1e][0xa4]yW[0xda][0xda][0x83]Ho[0xb4][0xb5][0x7][0xa9][][0x99][0x97]Z[0x94][0x9e][0x9][0xbe]@[0x8]r[0x85][0x16][0xf6]K|<[0x8b][0xf2]A[0xeb][0x12]`e[0x90]%hW-1;.,[0x91][0xb6][0xe7]![0x8e]v[0x7][0x99][0xa6][0xe0][0x94]_R[0x92][0x83]Y[0xf2]9[0xe7][0x83][0x8e][0xf7]+[0x1]I@m37[0x7]eD[0xe2]l[0x3][0xd5][0xc6][0x0][0x0][0x0][0x0][0xff][0xff]"
05:47:45.443 [main] DEBUG org.apache.http.wire -  << "[\r][\n]"
05:47:45.443 [main] DEBUG org.apache.http.wire -  << "553[\r][\n]"
05:47:45.443 [main] DEBUG org.apache.http.wire -  << "J[0xcc]MU[0xb2]R[\n]"
05:47:45.443 [main] DEBUG org.apache.http.wire -  << "[0xce]IM[0xcd]Vp/J[0xcc][0xcb],IU[0x8]O[0xcc][0xc9]I-[0xc1][0xc8][0xbc][0xb0]3[0xe6][0x11]e[0x8b][0x89][0x1]h[0x9b]9q[0x96]![0x82]q[0x88]UA&[0xa6][0xf4]:^[0xda][0xc4][0xd4][0x0]Q[0x18][0xd0][0xfc]P[0x15][0xa4][0x99][0x1d]<v!"[0x9b][0xd8][0xde][0xbc][0x89])[0xd2][0xbc][0x8][0x1e][0x93][0xf1]U[0xa6]$[0xd8][0x85]([0xd6][0xa0][0x95]!m[0xc6][0xe]ML[0x91][0xc6]E[0xb1]ON [0x82][0x8a]^m[0x1][0x13]Sz[\r][0x9d][0x9a][0x98][0xd2][0xeb][0xbe]v[0x13]S[0xa4]S[0x92]i[0x1a][0xa5][0xc6][0x16]H[0xfb][0xce]hm[0x13][0xdd]F[0x6][0x90]6d9[0xa6][0x16][0xe5][0xa7]T[0xe6]%[0x82].[0x8][0x81]]|[0x17][0x2][0xba][0x81][0xe][0xa3]hw[0xad](HM[0xc9],IT(-[0x1][0x1d][0xeb][0xac][0x90][0x9c]_T[0x90]_D[0xde][0xb9][0xce][0x16]H[0xd7]B[0x7]#[0xd5][0x98]>[0x99]y[0xa9]y[\n]"
05:47:45.443 [main] DEBUG org.apache.http.wire -  << "N[0x89][0xe9][0x98][0xb6][0x17][0x97]([0xa4][0x16][0x15][0xe5][0x17])[0xe4]efd[0xe6][0x80]\[0x90]Y[0xa2]P[0x9c][0x99]W[0xa2]P[0x94]ZT[0x9a][0xab]P[0x9a][0x93][0x93]H[0xd6][0x81][0xb3][0x16]t[0xdb]4fa[0x82]h[0x8f][0xd0]8-[0xd1][0xed][0x18]X[0xb][0xba]m[0x84][0xb3][0xa0][0xdb][0x81][0xb3][0x16]HW[0xa2][0xe][0xb1][0x86][0x88][0xb1][0x5][0xd2][0xe][0x6]h[0x1a][0x1b][0xac]}T[0xcc]m[\r][0x98].E[0xd4][0x97]t[0xeb][0xa3]"[0xb5]x[0xf3][0xf3]*[0x15]h7Q[0x82]y[0xa0]#[0xa6][0xff][0xf1]5[0x80][0xe8][0xd5][0x82]0[0xb6]@:[0xa1][0xb]g[0x9a][0x1a][0x80][0x98]B[0x8c][0xfa][0xe0]t[0xd5] [0x9]?D[0xc7][0x6][0xa7]K[0x7] [0xfc][0x10][0x1d][0x9][0xec][0x8d][0xd5][0x81]]I[0x3][0xea]6B[0xbb][0x9e][0xd8][0x9d][0x87][0x8]1[0xfa][0xe5][0x4][0xa4][0xed][0x18]4[0x1d]Q[0xc0][0xbc]Rt[0xb0][0x96][\r]H;@[0x6]Q[0xda][0xb6][0xc0]hK[0xf][0xda][0xf0][0xc3][0x98][0xa5][0xc3]t)"[0xa5][0xd3][0xab][0x16]D:B[0x8b][0xa6][0xe9][0x1c][0xf9][0x0]-[0xf0][0xf8][0x12]l[0x0]I!<[0xb1]$9[0x3][0xa3][0x1b][0xe0][0x93][0x9a]X[0x92][0x91][0x8a]tV[0x89][0x85][0x11]h[0xf]:1[0xc3]K[0x16]H[0xab][0xf0]!cY[0xe1][0xf9][0xf9]9[0xc4][0xf]d[0x19][0x19][0x81]J$[0xe2]lB[0x1a]p@[0xea][0xdd][0x4]g[0xe6]d+8c[0xbd]Z[0x3]r[0xef][0x6]"[0x9e][0x8d][0x8c]@c[0xd8][0xc4]Xf[0x89][0xb4]&[0xdd][\r]~[0xb2][0xc][0xc4]<[0x5][0xe7]|,[0xa7][0x8][0x7][0xe7][0xe7][0x94][0x96]$*[0xa4][0x96]($[0x97][0x16]d[0x82][0xba]t%[0xa9]HG[0xcc][0xe0][0xbf][0xea][0x8][0xe9][0xbc][0x8]K[0xe4]1/$o:[0xe7][0x17][0x14][0xa4][0x16])x[0xe7]e[0xa6][0x81][0x6][0x1d]Q[0xc7][0xdd]![0xe]Cx[0xd4][0xc2][0x12][0xd4][0xc1]&[0xce][0xa3][0x88][0x9c]2[0xd4]Z[0xe5][0x96]H+[0xc4]!i[0xf]z[0xf4]O@b^[0x9][0xe6][0x14]HPiR[0x12]r"75[0x3]][0xfe]M\ !*u[0x88]E[0xf0][0xc][0x85][0xdd]*h[0x9f][0x1f][0x11]![0x96][0x16][0xa6]F[0xc4]M[0xb3]X"[0x8d][0xe]"[0xf]#[0xc0]m[0xf4]N[0xad]L[0xca]O,J![0x9c][0x8b][0xcd][0xc0][0xe7][0x11][0xe5]A[0xa4][0xf5][0xde]C.[0x15] [0x9d][0xbd][0x1d][0x9c][0x9b][0x98][0x93][0x83]t%+[0xd6]R[0x1]K[0xe4][0x80][0x12][0x12]q[0xe1][0x84][0x18]k[0xf0][0xcc]+I[0xcd][0xc9][0xc9]LO[0xcd]+Q[0x80][0x8c][0xb0]`O[0xb][0xe0][0xf9][\n]"
05:47:45.443 [main] DEBUG org.apache.http.wire -  << "DJ0[0xb7]04%2% -([0xf7]HM,[0xab]Tp)-[0xa9]D[0xf8][0xe]gB[0x0][0xcd][ [[0x8][0x1a][0x8a]![0xce]w[0x88][0xfa][0x1d]~A[0x99]s~II~[0x1e][0xae][0x2][0x1d][0x92][0xe1][0x10][0x96][0x99]X[0x82][0x6][0xd2][0x89][0xb3][0xc]Q[0xf0] [0xf]V[0x81][0x1c][0xaf][0xe0][0x94][0x9a][0x87][0xa5][0x9a][0xc2],[0xe5]@[0xc7])[0x13]g[0x19][0xa2]W[0x13]P[0x94][0x98]\[0x92][0x99][0x9c][0x98][0x3][0xbb][0x96][0xc9][0x3]Ki[0xe][0x9d][0x90]Ax[0xcc][0xd4][0x18][0xb4][0xb2][0x98]8[0xbb][0x90][0xfa]%[0xe0][0xf4][0x18][0x90][0x8]*[0xb9][0xb1]W[0xbd][0xe8][0x1]hd[0xc]Z)K[0x9c]=[0x88]B)[0xa8][0x14]<5[0x6][0xad]#[0xb0][0xd6]O[0x10]9[0x84][0x87],M[0x89][0xb7][0x8]Q[0xf1]"[0x97]H[0x90][0xf2]T[0x1][[0xf0]A[0xa4][0x10][0x96][0x19][0x99][0x80][0xe]m&[0xca]W[0xa0]`[0x86]vP[0x90]n[0xd0][0x82]d0[0xec][0xb5]<z[0x10][0x9a][0x19][0x83]2[0xe]q[0x96]![0xb2][0xb3]OfzFIy*[0x88]T[0x80][0x98][0x88][0xd5]g[0xe1][0xf9][0xf9])[0xa9]Hs[0x8c][0xa6][0x96][0xa0][0x95][0xb2][0xc4]Y[0x86][0xc8]]C[0xae][0x8c]E[0x9e][0x83][0x0][0xa7]i[0xd8][0xfc][0xa7][0x2][0xf6]B[0xf][0xa3][0x8c]5[0xb3]05&[0xb2][0xd8]C[0xba]g[0x12]^[\n]"
05:47:45.444 [main] DEBUG org.apache.http.wire -  << "A[0xb2][0x10][0xb6][0xa4][0x86][0xd1]v5[0x2][0x1f][0x1c]O\[0x8c] r[0xaa]k^~Qn~i1[0xa2]x[0xc5][0xee]1[0xf4]ldd[0x1]:[0xf3][0x97]8[0xdb][0x10][0xf9][0x15]9[0x1b][0xe1][0xf6][0x1a][0xa8]e[0x8b][0xc8]C[0xc4][0x9f][0x1f]h[0x89][0xb4]L[0xdc][0xb1]<[0xb5]8?7U[0x1]Z[0x8c][0x7]gd[0x16]a[0xce]/[0xa3]UQ[0x16][0x96][0xc4][0x1e][0x88][0x8]N[0xfc][0xd0][0xdc][0x8a][0x98]7[0x87][0xa7][\r][0x1c][0x5][0x11][0xa8]BA[0xf8][0xcb][0xc2][0x2][0xb4][0xe0][0x83][0xa8][0x10]4F[0x8c]""l[0x83][0x16][0xd5][\n]"
05:47:45.444 [main] DEBUG org.apache.http.wire -  << "[0x1]9[0x89][0xe0][0xe9]x[0xd4][0x96]1[0xa8]:A[0xd8]el[0xc][0xda][0x7]N[0x9c]][0x88][0xa2][0x1]Z[0xba]B[0xb2]>[0xe]{0[0x12][0xbc][0xb9]!h[0xb4][0x81]8[0xab][0x10][0x8b][0xc4][0xe0][0xc9][0x10][0x9a][0xac][0x15][0xb0][0x9e]b[0x9][0xf5]2[0xc2]_[0x16][0x86]D7e[0x91].[0x2]t)-[0x2][0xcd]I![0x92]<[0xf6]j[0x17][0xd4][0xa1]CXeF[0xfc][0xca][0x3][0xa4][0xb3][0x10][0x87]\[0x81][0x87]4[0x99][0x87]\3[0xc0][0x93]6[0x8e][0xb][Q[0x93][0x9b][0xa9][0x9]hn[0x8a][0xb8]4[0x80][0xa8]c[0x91][0xed][0x83][0xb7][0xfa][0xb1][0x15]}[0xa8][0x11]cj[0x8]:[0xed][0x9c]([0xcb][0x90][0xe6][0x9][0x91]-[0x83]&p[0xec]Kk[0xd0][0xab]t[0x13]C[0xd0][0xd9][0x18][0xc4]Y[0x87][0xc8][0xb6]HU:[0xb8][0xd0][0xc1]q[0xfb].X[0xe][0x91][0xe6][0x8c][0x8c]AG[0x85][0x12]g[0x17]"[0xdb]"[0xd9][0x5][0xad][0xd0][0xb1][0xb7][0x1f]`q[0x8a][0xb0][0xcf][0x18]|H[0x18]q[0xf6]![0xe5][0xdd][0xa2][0xf4][0xfc][0xbc]|[0xd0][0x94]/[0xbc][0xb0][0xcd]O[0xc5][0xec][0x86][0xa2][0x96][0xea][0xe6][0x86][0xa0]kN[0x88][0xb3][\n]"
05:47:45.444 [main] DEBUG org.apache.http.wire -  << "[0xd1]~@n0Cc[\r]G[0x2]Ai[0xac]"
05:47:45.444 [main] DEBUG org.apache.http.wire -  << "[\r][\n]"
05:47:45.444 [main] DEBUG org.apache.http.wire -  << "6E3[\r][\n]"
05:47:45.444 [main] DEBUG org.apache.http.wire -  << "[0x98]Y[0x12][0x9d][0x1e][0x91][0xa6][0x5][0xe1][0x17]&Cj*[0xec][0xed]X[0xf4][0x18]3[0x1][0x8d]`[0x12][0xe7]-D[0xd3][0x1c][0xd2]}[0x83][0x96]n8[\n]"
05:47:45.444 [main] DEBUG org.apache.http.wire -  << "Z[0xa8],"[0xb2],MA'[0xba][0x11]g[0x15][0xa2][0xbe][0xc7][0x18][0xd4][0xc1][0x16]~[0xe0]V'[0xc2]&3[0x3][0xa2]GU[0x90][0xf7][0xbc][0x80]G[0xe0] [0xed][0x6]b[0xfd]dl[\n]"
05:47:45.444 [main] DEBUG org.apache.http.wire -  << ":i[0x98](?![0xed][0x1b][0x19]r[0x85],hL[0x4][0xda]z[0x80][0x8e]r[0xd3]f[0x9][0x91][0xb1]%[0xa8][0xf1][0x9][0xb5][0x9][0xb9][0xc4][0x83][0xd6][0xda][\n]"
05:47:45.444 [main] DEBUG org.apache.http.wire -  << "8JsH[0xa4]![0x12][0x80][0xa9][0x9]hp[0x8e][0xb8]hAdVD[0x87][0x13]V[0xa9]c/[0x87]0R[0xb6][0x89])h[0xcb][0x1]q[0xd6]!:[0xd3]HC[0x5][0xa0][0xda][0x8][0xc7][0x88]![0xd4][0xe7][0x8][0xbf][0x19][0x19][0x12][0xbb][0x10][0xd8][0x12]46[0x8c]%0[0xc1]E[0x0][0x8e][0xfe][0x0]j[0xa1]gdFt3[0xc]ik[\n]"
05:47:45.444 [main] DEBUG org.apache.http.wire -  << "[0xb4][0x19][0x6][0xaf][0x12][0x83]3[0xb0][0x16][0xaf]%[0xa9][0xe0]KZ[0xa0][0xab]2-MAC[[0xc4][0x85]![0xa2]}[0xe][0xb5][\n]"
05:47:45.444 [main] DEBUG org.apache.http.wire -  << "[0x12][0xff]8[0x6][0x97][0xc1][0xde]E[0x84][0x9f][0x89]!h[0x16][0x8b]8[0x8b][0xb0][0xd7][0xf5][0xe0][0xd8][0xc2]^[0xf9][0x82]K^$[0xbb][0x88]o[0xc6][0x82]R[0x10]4[0xae][0xe0][0x9d])[0xa8][0xb7][0xb0]wp0[0x12][0x86][0x85][0x11][0xe8][0x8e][0x11][0xa2]<[0x6][0xea]6@-C[0x1e][0x1d][0x3][0xb5]Sp$C[0xb4][0x12][0xd6][0xd2][0x10][0xd4][0xd1]$[0xce].DE[0x8f][0x92][0xa3][0xa1]c-X[0xd7][0xd1][0xa2]E[0x99][0xb9]9[0xf1]>Cdg[0xa4][0xfc][0x5]mV`o6[0xa3]y[0x8d][0x84][0xe6][0x19](#B[0x83]q[0xc8][0x15][0xe9][0x98][0x9b]9hU[0xa4]cn[0xc6][0xa0][0x99]M[0x88][0xfc]J[0xe3]j[\n]"
05:47:45.444 [main] DEBUG org.apache.http.wire -  << "i[0xf1][0xe]-'[0x8]-A+[0xd5][0xa1])[0x8c][0xb6][0xf6] [0xb2][\r]m[0xed]A[0xc4][0x10]M[0xed][0x1][0x15][0xf1][0xf4][0x8]7[0xd0]4%[0xd4][0x9e][0x80]`[0x5][0xcc]t[0x9d][0x9e][0x98][0x9b][0xaa]`[0xaa]P\[0x92][0x88]4i[0x8b][0xbd][0x6][0xf2][0x14]#[0xa8][0xe7][0x6]5[0x9e][0xc6][0x9][0x1a][0xd4]%[0xa5][0x8f]M[0xa0]a8:[0xd9][0x84][0xe8][0xce][0xd2]8[0xf4]@[0xd5][0x13][0x9d][0xfc][0x84][0xe8][0xc6][0xd2][0xd4]O&[0x6][0xc8][0xb3]u[0xb4]\[0x9]hb[0x80][0xb4][0x19][0x82][0xd6]~[0xa2]_[0xe8]![\n]"
05:47:45.444 [main] DEBUG org.apache.http.wire -  << "TZ[0xfb][0x9][0xd1][0xa3][0xa0][0xb5]MH[0x3][0x0]4N[0x11][0x88][0xfe]f@F~^[0xaa]![0xe6]U[0x87][0xe0][0xfd][0x91][0xa9])[0xb0][0xb]Q[0x91][0x1a][0xdd]xO&G[0x14][0xaf]&[0x6]H[0xc7]5[0xd1]:[0xe8][0x10][0xf5][0x1e][0x8d]mB[0x9a][0x96][0xa3][0xb5]Mt*^M[0xc][0x8c][0x10]][0x8]Z[0xfb][0x89]n[0x5][0x4]Y[x[0x10][0x89][0x9c][0xe8][0xed]_[0x6][0xa0][0x1]*z[0xd4]M&[0x6]H[0xa3][0xd5][0xb9][0x99]9[0xd9][0x18][0xeb]^[0x10][0xae][0xc7][0xb7][0x8e][0xf]9[0x83][0x82][0x16]D@[0xdd]N-[0x13][0x11][0x11]L[0x97][0xe3][0xad]L[0xc][0x90][0xe][0x4][0xf2],[0x0][0x95]e[\n]"
05:47:45.444 [main] DEBUG org.apache.http.wire -  << "[0x86][0x86][\n]"
05:47:45.444 [main] DEBUG org.apache.http.wire -  << "f&[\n]"
05:47:45.444 [main] DEBUG org.apache.http.wire -  << "[0xe9]I[0x18][0x1][0x84]o[0xb9]6[0xf1][0x11][0x8e]t[0xff][0xcd]`Y9lb[0x80]4[0x14]E[0xbb]P[0xa0][0xde]f}[0x13][0xf0][0xb8].4[0xe9][0x5]gW[0xe5][0xe7]+[0x84][0xe7][0xe7][0xa4]%g$[0x82][0x96][0x14][0xa0][0xce]\[0x6][0x97][0x14]%Vfg[0xa6][0x80]f[0x10][0xa0][0x83]Y[0x86]f[0xa0][0xc5]aD[0xc][0x8f][0x98][0x98]"M[0x95][0x6]'[0xe6][0x16][0x97][0xe6][0xa5]+[0x4][0x1b][0x19]+[0x84][0xe6][0x94][0x14]%b$[0x10][0xf7][0xc4][0x9c][0xc4][0x8a]J[0x92][0xf3][0x91])h8[0x1c][0xea][0x99]A[0x93]$LASEPG[0x11][0xf6]9[0xc2][0xcf][0xa4][0x84]-R#[0x8c]`[0xd8]fdV&[0x82]B[0x1c][0x1a][0x85]D[0x16]Q[0xa6]H7[0xd6][\r][0x9e][0xa0]E[0xda][0xff]6[0x88][0x1c][0x85][0x14][0x1b]4m>[0x9a]"[0xcd][0x89][\r]"[0xef]#Z[0xcf][0x83][0xc7]QH[0x7][0xb1][\r]"G![0x1a][0x96][0x83][0xc8]QH[0xdd],[0xf0]D!t[0xfc][0x1d][0xeb][0xe2]3[0xd7][0x8a][0xd4][0xa2][0xe4][0xcc][0x92][0xc4][0x92][0xcc][0xfc][0xbc][0xd4]\[0x85][0xdc][0xc4][0xf4][0xbc]L[0x85][0xfc][0x94][0xcc][0x12][0x85][0x94][0xfc][0x9c][0xfc]"2[0x96][0x9b][0x9b][0x98]"[0xd5][0xa0][0x83]'T[0x90][0x8e]|[0xa2]i[0xcb][0xdc][0xd8][0xd2][0x1c][0x91]}h:r[0x8]Z[0xff][0x8][0xad][0x95][0x86][0xdc][0x98]>h*[0x1f][0xea]v[0x9a][0x8c]F"[\n]"
05:47:45.444 [main] DEBUG org.apache.http.wire -  << "p[0x9a][0x18][0x8f][0xc8]a41[0x1e]1[0xa6]@[0xb][0xe3][0x91][0xb6][0xc][0xd1]8'[0x80][0xd6][0xa1]@c[0x99][0xd6]6![0xf2][0x1c][0xad]mBD[0xe][0xad]mBL[0x1e][0xd3][0xda]&[0xba][0x8d][0xf9] [0x1d][0x8a]DS?[0x99][0x18] ]KBk[0x9b][0xe8]6[0xe6][0x83]t3[0x8][0xad][0xfd][0x84](@im[0x13][0xa2],[0xa5][0xb5]M[0x88]2b[0x88][0xd5][0x97]&[0x6][0x6][0x88]R[0x7]{[0x93]j [0xb7][0x80][0x9b][0x18][0x80][0xc6][0x10][0xa0][0x5]=v[0xe7]!:[0xc5][0xf8][0xa7][0x14][0xa9]8.b[0x0]Z[0xa5][0x3]u[0xd4][0x90][0x8b]o[0xd0]F[0x1a][0xa8][0xdb][0x89][0xcf][0x15][0x88]@&~[0x8][0xe][0xb4]8[0x86]>[0x16][\r][0xe1][0xdc][0x87][0xb4][0xf9]a[0xc8][0xa5]$[0xd0]^"[0xba]D0[0xf2][0xf0] [0xd1][0x83]&[0xe4]$Y[0xa4]!B*[\r][0xb5]#[0x8d][0xef]Q[0xcb]DD[0xfd]I-[0x13][0xc9][0xa9]'[0xc9][\n]"
05:47:45.444 [main] DEBUG org.apache.http.wire -  << "^DF[0xa5]m[0xd1]3t[0xf7]r[0x98][0x18] [0xed][0xe5][0xa0][0xd7][0xe4][0xc][0xa2][0x95]I[0xbd]i[0x9]S[0x1d]%[0xe7][0xc4][0x92][0xd4][0xf4][0xfc][0xa2][0xcc][0xd4]b%[0xab]h[0x94][0x19]-D[0x82][0xb][0x8]6[0xc1][0x18][0xe0]/(6QHJ,[0x2]][0xba][0x3][0x1d][0x87]6&[0xf6]|f[0x13][0x3][0xa4]+"h[0x9b][0xc6]L[0x10]}([0xea]w[0xa5]M[0xc][0x90][0xd7][0xe4][0x13]][0xe6]![0xcd][0xbe][0x10]_O#[\r][0x12][0x1f]b[0xe4][0xd9][0x84][0x18][0xd3]$[0xcb]&"[0xa7]#[0xc][0x90]V[0xea][0xc3]v[0x8d]Avc[0xe3]X[0xd7][0x1b]X[0x9a][0x99][0xa8][0x90][0x9a]_[0xac]P[0x4][0x19][0xac]T[0xc8]KMN-.[0x6][0x8f]]&[0x95][0x16]+[0xa4][0x95][0xa6]g&[0x96]($[0xe6]e[0xe6]f"[\r][[0x1a][0x81][0xba][0x9c][0xc4][0xcc]o[0x19] -[0xe8][0xa7][0xad][0xc7][0x11]my[0xb2][0xec]!![0xd1] R?[0xd2][0xce]%[0xd8]p0[0x8e][0x1d][\n]"
05:47:45.444 [main] DEBUG org.apache.http.wire -  << "[0xae][0x15][\n]"
05:47:45.444 [main] DEBUG org.apache.http.wire -  << "[0x85][0xa5][0x89][0xa9]E[0x89][0xa0][0xd3]#[0x8b][0xc0][0xc1][[0x8c][0x14][0x9e][0xc4][0x9e]:bb`J[0xb7]Q[0x5][0xa4][0x15][0xe9][0xf0][0x9d]E[0xe0][0x85][0xd9][\n]"
05:47:45.444 [main] DEBUG org.apache.http.wire -  << "[0xce][0xf9][0xb9][0x5][0xa5]%[0xe0]#:P[0xa7]B[0x1d][0x8b][0xb]R[0x8b]2[0xf3][0x8b]R[0x8b]!gS[0xe6]'''[0xa6]&'[0x96]d*[0x14][0x96][0x92][0x97]|[0x90]W[0xaa][0xd3]l[0xf6][0x9c][0x9a][0xfd]#[0xd0][0x1e]'h[0xcb][0x90][0x96]K[0x97][0xcc][0x10]M![0x9a]Z[0x83][0xa8][0xae]hj[\r]R[0xeb][0x8][0xe9]([0x1d][0xf0]F[0xb][0x1c][0x19][0xca][0xb1][0x14]:[0x99][0x92][0x9a][0xab]P[0x94]Z[0x90][0x9a][0x93][0x93][0x9a][0x97]R[0x8a][0x9c][0xa7][0x88]/[0xa3][0x90]V[0xa8]{[0x6]x[0xf8][0xfb][0xb9]*[0x18][0x9a]*[0x4][0x4][0xf9]cT[0xcf][0x1e][0xae]~[0xee][0x1][0xfe]~[0x88][0x6][0xa0][0x9][0xa8][0x6]![0xaa][0x1c]D:[0x98][0x92]fv [0xad]J[0xa7][0x9d][0x1d][0x88][0x8a][0x8c][0x86][0xf3]0&[0x6][0xe6][0x88][0x85]:[0xb4][0xb5][0x7])[0x85][0xd3][0xee][0xf2][0xc][0x13][0x3][0xd0][0xbe]oX[0xb9]@K{@[0xa7]tA[0xed][0xa1]q=[0x88][0xb4][0xc6][0x9e]f[0xa9][\r][0xb4]5[0x1f][0xea][0x1b][0xda][0xd9][0x81]Hi[0xb4][0xb3][0x3]Q\[0xf][0x9e][0xa1]<[0xa4][0xcd][0xb][0xb4],[0xdc]A[0xa7]F@[0xe3]p[0xf0][0xf8][0x1d][0xe9][0xe][0xe][0x9c][0xd9][0x4]Q[0xcc][0x13][0xdf]8[0xa4][0xd7]N[0x0][0x13][0x3][0xcb][0xc1][0x98][0xa4][0x90][0xf]4$[0xba][0xeb]FV8#[0x9a][0xfb][0x83](Q[0x91][0xd3]6'[0xc3][0xf7][0xe0][0xde][0xc2]`[0xcb]R[0x86]H'1[0xe2][0xcc]R[0x18]+\[0xc9][0xf2]=[0xa2][0xc0]&[0xde]"rz[0xed][0x86][0xa0]][0xe4][0x83]/[0x9c][0x91][0x1a][0xcb]D[0xe7]1[0xf2][0xbc][0x8f][0xc8]d[0xb4][0xaa][0x19][\r]A[0xc7][0xd0]A[0x83][0x98][0xd6][0x91][0x89][0xc8][0x9d][0x1]E[0xf9])[0xa5][0xc9]%[\n]"
05:47:45.444 [main] DEBUG org.apache.http.wire -  << "[0x8e][0xa5]9[0x99][0x89][\n]"
05:47:45.444 [main] DEBUG org.apache.http.wire -  << "[0x98]{K2[0xf3]2a[0xfb]J[0x14][0x12][0xe1]j[0xa0]#rD[0xe][0xc5][0x18]"[0xcd][0x94][0xd1][0xc7]>D[0xcb][0x9c][0xc6]![0x89][0xb4]a[0x8b]>>Cdx[0xfa][0xd8][0x87][0xa8]Z[0xe9]c[0x1f][0xa2][0xf]B[0x86]}[0x0][0x0][0x0][0x0][0xff][0xff]"
05:47:45.444 [main] DEBUG org.apache.http.wire -  << "[\r][\n]"
05:47:45.444 [main] DEBUG org.apache.http.wire -  << "1C2[\r][\n]"
05:47:45.444 [main] DEBUG org.apache.http.wire -  << "B[0x14][0xa1]D[0xa7]LD[0x9][0xe2]T[0x94][0x98][0x9c][0x8a][0xed]*+[0xdf][0xc4][0x94]T[0x85][0xfc]4[0x85][0x8c][0xcc][0xf4][0xc][0xd0][0xd0]UNfI[0xa5]BAjbQ[0xe]rQ[0x2][0xda]mDL[0xf7][0xd7][0xd0][0x10]Q[0x94][0xb8][0x84][0xb9](xg[0xe6][0xa6][0x96][0x14][0x97]*[0xe4][0xe5]+D&f&[0x81][0xd6]][0xa3][0x8e]$!<ehd[0x80]:[0x4][0x8e]gx[0xdd][0x10]iG[0x17][0xc8][0x1a][0xdf][0xd2][0xf4][0xd4]<[0x85][0x90][0xa2][0xc4]L[0xcc]e[0xfb]xl0[0xc0]=[0x80]oh[0x88](Ehd[0x3](L[0xa1]%"[0xad]l@[0x94][0x14][0xb4][0xb2][0x1]1[0xaf]2h[0x9a]g[0x86]H[0xd3][0xff][0x83][0xc8]Q[0x88][0xbc]8[0x88][0x1c][0x85][0x18][0xe2][0xa6]qU[0x82][0xb4][0x8][0x0][0xbb][0xf7][0x7]t[0x9][0x8e]![0xd2][0xf4];v[0xe7]!J[0x11][0xba]-[0xc1]1D[0x9a][0xaa][0xc7][0xee][0xa8][0x1][0xe]3D[0xed][0x89][0xdd]y[0x3][0x12]f[0x88]*6=173[0xf][0xf3][0x8a][0xad][0xb4][0xfc]"[0x5][0x88][0x94]BAiQA~1[0xf8]H8h[0x9b][0x8f][0xe8][0x1][0x0]C[0xa4][0xfd]@4[0xce]:H3[0xfd][\n]"
05:47:45.444 [main] DEBUG org.apache.http.wire -  << "[0x18]#[0xd5][0x18][0x1d]-[0xe4]Z[0x9b][0xd8][\r][0xd2][0x86]H[0x13][0xf2]dy[0x86][0xd8][0x6][0x89]1[0xa2]R%[0xcb][0x1e][0xe2][0xa3][0x7]i[0x8f]*[0xad]mBT[0xb2][0xb4][0xb6][0x9]Q[0xd9][0xd2][0xda]&D.[0xa2][0xb5]Mt[0xab][0x81][0x90][0xce][0xe5]#[0xec]'[0xf0][0xa1][0x3]Dg%*[0xce]+[0x1a]"M[0xec][0x13]vf^[0xbe][0x2][0xd8][0xa5][0x88][0x92][0x96][0xf8][0x1c]B[0xe9][0x84]=[0x9]6![0x9a]>[0xc4]{[0x89][0xe8][0xc0]GZucH[0xb7]IsC[0xa4]Is[0x1a][0xfb][0x9]if[0x1c]j[0x13][0x96][0xe5]D9[0x89][0x95][\n]"
05:47:45.444 [main] DEBUG org.apache.http.wire -  << "[0xe5][0x99]%[0x19][\n]"
05:47:45.444 [main] DEBUG org.apache.http.wire -  << "Y[0xa9][0xc5][0xc5][0xa0][0xde][0x16]Z[0xb2][0xc0][0xdf]hA[0xe]B[0xa4][0x9d]^[0x90]Z[0x12][0xa3][0xca][0xa1]R[0x5][0x8a]4[0x81]>[0xd4][0x96][0x85][0x1a][0x9a][0x91]R>[0x82][0xa3][0x82][0xe8][0xe4]L[0xcd][0xb2][0x4][0xe9][0xdc]:h[0xd2][0xc1]<[0xb9][\n]"
05:47:45.444 [main] DEBUG org.apache.http.wire -  << "[0xde][0x80][0x18]@g"[0xc6][0xc][0xb0]7$[0x7][0xb6][0x9d][0x8b]"
05:47:45.445 [main] DEBUG org.apache.http.wire -  << "[\r][\n]"
05:47:45.445 [main] DEBUG org.apache.http.wire -  << "4E0[\r][\n]"
05:47:45.445 [main] DEBUG org.apache.http.wire -  << "4[0xa3][0xf][\r]E[0xa2]3 R[0xac][0x13][0x9f][0x3][0x91]f[0xf7][0xb1][0x7][0x7][0xa2][0xb4][0xc7]o(5[0x93][0x92]9F+[0x87][0xe8]@ [0xd6][0xb9][0xc8][0xa5][0x10][0xd2]yxC[0xae]p@Z[0xd1][0x0]M/[0x83]2[0xd7]a[0xde][0xcb]I[0xdb][0x18][0x1d][0x1a]E&[0xd2][0xf6][0xe3][0xa1][0x97][0xf0][0x10][0xe5][0xe8][0xa0]Nx[0xa4]4[0xf9][0x7][0xae]V2G[0xf4]U[0x87]\J iq[0xd0][0xc0][0x5]1[0xd2][0xca][0xa2][0xc1][0x9c]`[0x91][0x16]'[\r][0xbd][0x94][0x80][0x98]R[0xa3][0xd9][0xd4][0xae][0x5]b [0x10][0x1a][0x8d][0x98]w{[0xc2][0x9b][0x99][0xb0].+[0xd1]M#j[0xb6]b,0*!L[0x97]"[0x9a]+[0xf8]F[0xb5][0xa8][0xea]*D[0xff][0xd8][0xa3]@!,[0xb3],_![0xd2][0xc8][0x8][0xa3][0xdf][0x95][0x9b][0x9a][0x9b][0x99][0x93][0x99][0x9d][0xa9]P\[0x90]Z[0x9c][0x99][0x96][0x99][0x9d]X[0x9c][0xa9]P[0x99][0x98][0x97][0xae][0x90]X[0x90][0x9]:[0x85][\r]:[0x86]i[0xc][0x9a]G#v[0xdd][0xbe]![0xd2][0xaa]-h[0xe4][0xd1][0xb4][0x19][0x80]y[0xd2]-m[0xad]C[0x14][0xe2]P[0xdf][0xe1]i[0x8b]aI[0x9a][0xc4][0xf]r[0x10]}[0xdc]-[0xbe]n[0xba]1[0xd1]#[0xb6][0xc4][0xac]k[0xc3][0x97][0xe7]H[0xf0][0x18])[0xa3][0x8e][0x3]W[0x97][0x80].0[0x80][0xce][0xa6][0xe2][0x8f]i*[0x85]?F[0x99][0x87]'a[\r]`[0xa8]`[0x14]x8[0x9c]I[0xa5]PA[0x94]d[0xf8]#!#[0xb1][0x18]2r[0x89]T[\r][0xe0]O[0x92][0xd4],pA[0xb7]T[0x12][0x95]V[0x6][0xd8][0x99][0x88][0x86]2[0xf6][0x81][0x80][0x1][0x1d][0x17][0x1]o[0xbb][0x80][0x86][0xe2][0xa0]t[0x1e][0xa2][0xdc][0xc2][0xee]<DEO[0xb7]a[0x14]#[0xa4]3H[0xb0];j[0x80][0xa3][0x14]Q\`w[0xde][0x80][0x84][0xd9][0x90](T[0x8c][0x90][0xe][0x19][0x19][0xc4]e[0x9f][0x11][0xd2]:L[0xec]Q<[0xb0])[0x10]i1%[0xe4][0xf2]1[0xc8]NDl[0x97][0x81]9[0xe5]$[0xe6][0xa5]d[0x96]df[0x16]+$[0x97][0xe6][0x14]$*[0xa4][0xe6]e[0xe6][0x82]6[0xb2]&"m[0xb8][0x4][0x9d][0xca]K[0xcc][0xc2]5#[0xa4]c[0xf0][0x7]e[0xb8] [0xfa]q[0xb4]Y[0xca]ed[0x88]h[0xd1][0xc][0xca][0x0] [0xb6][0x14][0xa0]JK[0xc6][0x8]m[0x1d]#[0xf5][0x17][0x18][0x1a]!-a[0x1c][0xcc][0xe5][0x5][0xd2]:H[0xfc][0xce][0xa4]N[0xb8]#-[0x8a][0xa4][0x8b]u[0x88]i[\r]_[0xd0]b[0xf0][0xe0][0xfc][0xe4]d,[0xfb][0x9d][0x93][0xf3][0x93][0x12][0x15][0x92][0x8b]R[0x13]KRa[0xeb][0xc5][0x11]5[0xa1]1[0xb1]}m#[0xa4][0xf3][0xed][0xa9]d[0x9b]![0xee][0x15][0xac]FF[0x88]"[0x83][0x6][0xa7]7[0x18]![0xad][0xb2]$5[0xa6][0x90][0x1a][0xfd][0xf8][0x9b]^HSBF[0x98]g-a[0x8e][0xdd][0xe0][0xeb][0xf1][0xe2][0xb7][0x89][0x8a][0xdd][0xb]#[0xa4][0xfb][0xb2][0xa1]![0x83][0xe9]RD[0xf2][0xa1][0xd3]([0x93][0x11][0xd1][0x17][0x11]P)#[0xf][0xee][0xce][0xb][0xd1][0x7];Q'4[0x90][0xd6][0x97][0xd2][0xa8][0xfa]FZ,J+[0x1b][0x10][0xe5][0xc9]`l  [0xdd][0xa3]=([0x9d][0x87][0x98][0x9c][0xa3][0xf6][0x81]@FH[0xcb]7[0xa9]o6)#[0xa8][0x3]6[0xd0]eD[0xb7][0xf5][0x9e]FHw[0x95]@KwS[0x85][0xe0][0x9c][0xcc]\[0x8c][0xf1]z|[0x95][0x11][0xfe][0xb1].[0xe4]j[0xf]tA[0xf4] [0x1e]e1A[0xf4][0x1a]`[0xa1][0x81]= [0xa8]S[0x8e][0x9a][0xe][0xc6][0x1][\n]"
05:47:45.445 [main] DEBUG org.apache.http.wire -  << "[0xcc][0x15]z8[0x6]YA[0xc3][0x89][0x94]L2[0x18]![0xad][0x99][0xa3]Gh#[0x1d]>3[0x18][0x8b]T[0xa4]c[0xd0]SR[0x8b][0x93][0x8b]2[0xb]@[0xe7][0xf0]c$?[0xe2][0x9a]Z[0xc8]y[0xe]iB[0x93][0xca][0x6]#[0x92]/[0x8d]*i[0xa4][0xb3][0x1e][0xa8][0xec]tD[0xfd]5([0xd3][0x2][0xa2][0x9a][0xc2][0xee]<D*[0xa0]_G[0x0]iN[0x10][0xbb][0xa3][0x6]v[0xac][\r][0xe9][0xc][0xb][0xec][0xce][0x1b][0x90]0C[0xb4]2[0xf1][0x17]q[0x14][0x17][0xa6][0x96][0x88][0xaa][0xb][0xbb][0xf7][0x7]8v[0x10][0x3]^[0xd8][0x9d]7 [0xb1][0x83][0xe8][0xd5][0xd1]:v[0x8]e[0xe8][0x1][0x8d][0x1d]c[0xa4][0x3][0xf2][0x7]M[0xec][0x18]#[0x9d][0xcc]A[0x9b][0xea][0xc5][0x98][0xe0]A[0x19][0x3][0x1c]+[0x88][0xe4]I[0xab][0x0]@$K[0x1a][0xd9][0x80]4[0x3]B+[0x1b][0x10][0x83][0x9e]4[0x18][0x18]4F:5[0x2]{[0xd6][0x18][0xd8]42[0xb8][0xe7]9[0x8c][\r][0x7]a[0xb1]o[0x8c]e[0xae][0x82][0x86]}^c[0xa4]9[0x87][0xc1][0x98][0x82][0x8c][0x10][0xf9][0x7][0xbb][0xf3][0x6][0xa0]f6F[0x9a][[0xa0]Q[0xb1][0x81]4[0x9f][0xe0][0x91][0x9a]XV[0xa9][0xe0]RZR[0xa9][0x0]=u8 '[0xb1]$[0x15][0xa3][0xeb][0xe5]XZ[0x92][0x9a][0x8b]~[0xd4]pQjQi.[0xd2][0x14]-[0xf8][0x94]+b[0xe6]h[0x8d][0x91][0xa6][0x1c][0x1c][0xcb]S[0x8b][0xf3]sS[0x15][0x2][0x12][0xb]R[0x8b][0x14][0x9c][0xf3][0x13]K0,w[0xcd]/V[0xc8],(.[0xcd]U[0xc8],I,,MU[0xc8]IL[0xca]/[0xca][0xcc]/N[0xcc]UH[0x5][0xb][0xa4][0x96][0x80][0xa6][0x8b]3K[0xc8]q[0x8c])[0xc1][0xf1][0xc6][0x1]H[0x5][0xa6]H{[0xc5]i[0xdb]>3E[0x1a]s[0x1c]4[0x99][0xc0][0x14]i[0xf9][0xe0]q[0x14][0xd2][0xd0][0xe4] r[0xd4] ,[0xc3]L[0x9][0x8e]u[0xe]D[0x96]B:m[0x10]E[0x1f][0xa2][0xa1];[0x88][0x1c][0x85]h[0x1b][0xf][0x1e]G![0xed][0xa7][0x1f]D[0x8e]B[0xc]=8[0xa6][0x16][0xe5][0xa7]T[0xe6]%[0xe6]f&+@[0xd6]:9[0xe5][0x97][0x94][0xe4]`[0xd6][0xa5][0xa0][0x1a]2?/[0x15][0xb2][0xca][0x9][0xbc][0xd4])/3#3G!9[0xbf][0xa8][0xa8][0xb4][0xa0]$[0x13]r[0xe5]hj[0xb1]Bn"[0xe4]d[0xf6]T[0xf2][0xea]5SD[0xd2][0xa2]m[0x15]bD[0xf0][0xfa][0xde][0x1][0xed]([0x18][0x11][0xcc][0xf8][0x3][0xec]<B[0xb9]m`[0x9d][0x87]t[0xdc][0x6][0xf6]|7[0xc0][0xce]C[0xc]3[0xe]J[0xe7]!z[0x81][0xf8]3![0x95][0xa6][0xd5][0x90][0x7][0xf7][0x1][0x0][0x0][0x0][0xff][0xff]"
05:47:45.445 [main] DEBUG org.apache.http.wire -  << "[\r][\n]"
05:47:45.445 [main] DEBUG org.apache.http.wire -  << "53D[\r][\n]"
05:47:45.445 [main] DEBUG org.apache.http.wire -  << "[0xf2][0x8f][0xc0]\[0xae]2[0xc0][0x91]E([0xa9][0xf]@[0xbb][0xc0][0x88]n'[0x80][0x18]![0x1d][0xe3][0xe0][0x9b]_Z[0x8c]Y5[0xe0][0x9b]i[0xc6][0xb7][0xbc][0x8]y[0xce][0xcb][0xc][0x91][0x4]hh[0x9][0xa2]n[0xa1]M'[0xd5][0x8][0xf3][0xb0][0x6][0x1c]s[0xb1][0xd4][0xc9]8Hg5Pw[0xba][\r][0xe9][0xbc][0x5]*[0x1b]Lh[[0xc4][0xc0]fu[0xa4]S[0x9][0xb0][0x97]D[0x3][0x91][0xd5][0xcd]i>m[0x8b]t[0xec][0x0]vo[0xf]p[0xac] [0xf2]-v[0xe7][\r]H[0xac] j[0x5][0x1a][0x15]&[0x98][0xdb][0xe8]1kF|e[0xaf][0x91][0xa5]%[0xea][0x91][0xb6]x[0xe][0x9c]5B[0xda][0xc]O+[0xef] [0xb2]>[0xb4]QAC[0xef][0x90][0xb4][0xc7][0x8e][0x92]E1[0xc6]H{[0xaa]h[0x13]p[0xc6][0x6][0x88][0xd6][0x18][0xf6][0xe4]?[0xa0][0xb9][0xd3][0x98][0xe6]{[0x15][0x8c][0x91][0xd6]^[0xd3]([0x88][0x91][0xd6]L[0xf][0xc6] 6[0x1a][0x84][0x5][0xa0][0xf1][0xe0]>S[0xd7][0x18]i[0xcd]3[0xf6]([0x1d][0x80]J[0xc3][0x18]i[0x99]4[0xad][0xce][0xc3]0F[0xba][0x10][0x97]vv F[0x90][0xa0]e9-W[0xa1][0x1a]#Mv [0xdd][0x85][0xe8][0x93][0x99][0x97][0x9a][0x87][0xe3][0xc2][0xc9][0xb0][0xfc][0x9c][0xd2][0x82][0x92][0xc4]b[0x85][0xb2][0xd4][0xbc][0xcc][0xc4]\[0x85][0xc4][0x9c][0xcc][0xc2][0xd2][0xcc][0x14][0x9c]S-&[0xb8]w[0xb2][0x18]#[0x9d][0xb5][0xeb][0x9a][0x97]_[0x94][0x9b]_Z[0xac][0xe0][0x9b]X[0x94][0x94][0x93][0x8a][0xc3]r[0xcf][0x14][0x85]2[0x88][0xfd]%[0x99][0xa0][0xdb]-[0xcb]2K[0x12]S[0x15][0x8a]K[0x8b][0x93]3[0xb]2a[0xf7][0xc9][0x15]+$&)[0xe4]d&[0xa5][0x16][0xe5][0xe3]t[0x15][0x9e][\n]"
05:47:45.445 [main] DEBUG org.apache.http.wire -  << "[0xdb][0x18]i[0xae][0xc5]3[0xaf]$5''3=5[0xaf]D[0xc1][0xbd](1/[0xb3]$U[0x1][0xc7]0^`i[0xa6]Bqi^[0x89]Bn~NjqIfb*[0x9c]U[0x8c][0xe3][0x82];[0xe2]'[0xc8][0x8]N[0xca][0xc]lE[0x85]4[0x13][0xe2][0x96][0x98]W[0x92]X\[0x92][0x99][0xac][0xe0][0x9c][0x9f][0x97]\[0x94]Z[0x82]+*[0x83][0x10]w[0xfe])[0xa4][0x82][0xd2]Rj[0x89]Bai~[\n]"
05:47:45.446 [main] DEBUG org.apache.http.wire -  << "[0xe8][0xa6][0xc9]D[0xe8][0x98]g.hv/1%[0xb3] [0xb3]8[0x19][0xf9][0xfa]I[0xd4][0x80][0xc3]s[0x9f][0x80]1[0xd2][0xa2]n[0xec]e[0xd5][0x0][0x7][0x1c]b[0xb4][\n]"
05:47:45.446 [main] DEBUG org.apache.http.wire -  << "6[0xf1][0x9][0x9d]w[0xf5][0xce][0xcb]L[0xc3][0x1c][0x10]pJM[0x4]%xh[0x9e]S[0xc0][0x93][0xed][0xf0]%p[0xa4][0xb5][0xdd][0x83]2P[0x10][0xad]2[0x1a]5J[0x6][0xf7][0x8][0xb0]1[0xd2][0xfd][0xc9][0x83]1~[0x6][0xf7][0x8][0xb0]1[0xd2][0xf9][0xc7]>[0x99][0xe9][0x19]%[0xe5][0xa9] R!<??G[0xc1]9#1[0xb3][0x8]cA[0x81][0xf]h[0xfd]@*[0xbc]fI-VH[0x82]oAG[0xaa]A@[0xcd]2[0xd0]dM^z[0xb1][0x92][0x15][0xbe][0xfc]e[0x8a][0xa8][0xc3][0xb1][0xc7][0xdf]@4[0x90]Li[0x9e][0xab]L[0x11]#[0x8d][0xb9][0x89][0x99]y[0x89]y[\n]"
05:47:45.446 [main] DEBUG org.apache.http.wire -  << "[0x89]y[0x89][0xa0][0xf3][0xab]Po[0x86]).IM-[0xca][0xcc]KW([0xcf]HM[0xcd]A[0x4][0x5][0xd1][g[0x8c][0x91]f[0xb2][0xb0][0x87][0xef][0xc0][0x16][0xea]H[0x3][0xc8][0xd8][0x9d][0x87][0xf0]3[0xdd][0x96][0xac][0x1b]#[0xed]e[0xa1]Q[0xa1][0x8a]t[0xc0]4[0xad]l@[0xd4][0x96][0xd4][0xbc][0xf6][0x8][0xcf]^kc[0xa4][0x9d]2[0xc5][0xa5][0xc5][0xa5][\n]"
05:47:45.446 [main] DEBUG org.apache.http.wire -  << "[0xd9][0xa5])[0x89][\n]"
05:47:45.446 [main] DEBUG org.apache.http.wire -  << "9[0x99][0x89][0x98][0x85][0x8]X[0x1a][0x9a][0xe0][0xa1][0x7][0xb6]Y[0xa2][0x9c][0xfa][0x85][0xaf][0x99][0x82]t[0xee]4m[0xb3][0xe][0xd2][0x94][0x3][0xb4]{a[0x86]Q[0x1c][0xc2]G[0xbe][0xd0]w[0xfd][0x19][0x12][0x9f]E[0x91]f[0x1d]h[0x95][0x18][0x10]=wp[0xd0]S[0x10]3[0xf8][0xca]r[0xa4]y[0x7]j[0xa6]9|V"[0xcd]=@[0xe3][0x8][0xc7]T[0x7][0xa5];%[0x8c][0x91]Nc[0xa6]Q,![0x9d][0x99]L[0xcb]XB[0x9a]][0xa0][0xa9]5[0xb4][0x9e]/0F[0x9a]/[0x0][0x95]%[\n]"
05:47:45.446 [main] DEBUG org.apache.http.wire -  << "[0x89][0x95][0x89][0x98][0x1b]P[0xc1]^[0x4]I#*[0x12][0xd4][0xa2][0x6]o[0xea]B[0xd4][0xd2][0xb4]N][0x88][0x1c]J[0xab][0xd4][0x85][0x98])[0xa0][0xb1]_[0x90][0x6][0xf1]im[0x13][0xa2][0x92][0xa3]Q[0xa8]![0xed][0x82][0xa4][0xb5]_[0x10]mN[0xec]-[0xa1][0x81]m[0xa8]![0x9d]Y[0x8a][0xdd]y[0x88][0xfc]E[0xbf][0x86][0x9a][0x5]"M[0xd3]([0xfe][0x91]v/[0xd2][0xca][0x6][0xc4]"TzU[0x9a][0x4][0xf7]<[0xe]lR#[0xb8]'[0x11]WR3F[0x1b]>[0xa5][0xe2]y6[0xc6][0x96]4[0xaf][0xce][0x90][0xae][0x13][0xa7]URCTg[0xb4][0xb2][0x81][0xe6][0xd5][0x18][0xa8][0x9b][0x0]=[\n]"
05:47:45.446 [main] DEBUG org.apache.http.wire -  << "[0x82]6~0[0x1][0x9d]d[0x5][0xb5][0x81][0xb6]E[0xbe][0x9][0xd2][0xfe]I[0xa4][0xcd]$[0xd0]A}[0xec][0xc3]/[0xae][0x99][0xa5][0xc5][\n]"
05:47:45.446 [main] DEBUG org.apache.http.wire -  << "[0x5][0xa9]E[0xc5][0x5][0x99][0xc9][0x99][0x89]%[0x99][0xc5][0xa0]!`[0xa4]q[0x17]P2%f[0xdc][0xc5][0x84][0xe6][0xdb]$Mh>%m[0x82][0xb4][0x11][0xd3]=[0xbf](=[0x15]4%[0x12][0x9e][0x9f][0x9f][0x92][0x9a][0xa7][0xe0][0x8c][0xa5][0xd7][0xe9][0x9f][0x92]Y[0x82]X)[0xc][0x9b][0x1b]IE[0xde][0x86][0x3][0xba];[0x8b][0xb8][0xe0][0xa3]uq`[0x82]4[0xdf]N[0xeb]dH[0xeb]Lkb[0x80][0xa8][0xa7][0xf1][0xfb][0x85]*[0xb][0xd2]Lh[0xbe]{[0xd4][0x4][0xe9][0xa0]L[0x1a][0x95]BH[0x1b]Hie[0x3][0xa2][0xf1]L[0x97]HA[0xa4]2[0xec][\r][0xc8][0x1]mt[0x98] [0x9d][0xb9][0x88][0xdd]y[0xb8][0x1a][0x1d][0xe8][0xfd]G*6:L[0x6][0xe3]&KS[0xcc]a1[0x1a][\r][0xb9][0x98]b[0x19][0xdc][0xa1][0xe1][0x8e][S[0xa4][0x11][0x9e][0x0]g[0x5]wG_O?w[0x8c][0x1][0xbf][0xe0][0x0]Wo[0x5][0xf]Ow[0xf]Dz[0xb0][0x4][0xb5][0x18][0x88][0xa9]5L[0x91][0xd6][0xd2][0x5]$[0xe6]$[0xfa][0xe4][0xfb]`^[0x6][0x8f]sD[0xd1][0xc8][0xd2][0x12][0xb4][0xa8][0x82]8[0x8b][0x10][0xab][0xdc]hl[0x11]b[0xfa][0x86]N[0xbd][0x17]S[0xa4][0xfb]Kh[0xec]7Ds[0x99]N~3A[0xda][0x97][0x8f][0xbf]L[0xa6]t8[0xd3][0xc4][0x10][0xd1][0x80][0xc1]^[0xde][\r]lq[0x8c][0xb4][0x9c][0xf][0xbb][0xf3][0x10][0xd9][0x8f]n[0xc3][\r]&H[0x9b][0xbf]iT'#m[0xee][0xa6]q[0xfc]#[0xad]f[0xa4][0xb5]M[0x88][0x81]-[0xfc]6Q[0xa7][0xf1][0x87]t[0xc4]+[0xad]"[0x9][0xd1][0x92][0xc1][0xef]![0x8a]3)h[0x16][0x1d][0xda][0x15][0xa5][0x91]_[0x88]>[0x2][0x96]b[0xbf] [0xad][0x84][0xc4][0x12]j[0x0][0x0][0x0][0x0][0xff][0xff]"
05:47:45.446 [main] DEBUG org.apache.http.wire -  << "[\r][\n]"
05:47:45.446 [main] DEBUG org.apache.http.wire -  << "1DD[\r][\n]"
05:47:45.446 [main] DEBUG org.apache.http.wire -  << "[0xca][0xcc][0xcf]S[0xb2]R[0x82][0xd7]}[0x94][0xac][0x85]6AZ[0xde][0x8][0xb3][0x89][0x86][0xcd][0x6][0x13]P[0xa5]L[0xe3]HBT[0xb2]0[0xf]a[0xb4]K[0xa8][0x14]t[0x83][0xbb]V@Zm[0x88][0xbd]V[0x18][0xd8]Jk0[0x9e][0xbc]`[0x82][0xb4][0xde][0x90]Fe[0x8][0xd2][0xba]Ah[0xf2]$mK[0x5][0xfd]*p[0xa4][0xb3][0x15]p[0xba][0x14][0xd1][0xb0][0xc0][0xb7]k[0x90][0x9a][0xbd]<[0x13]DG|0[0xa6]j[0xa4][0x1d][0xea]48)[0xcb][0x4]t9[0x9]m[0x8b][0xcf][0xc1][0xbd][0x82][0xd1][0x84][0xe0][\n]"
05:47:45.446 [main] DEBUG org.apache.http.wire -  << "FD[0x8a][0xa4]_N15[0xd0]Q[0x82][0xc6][\n]"
05:47:45.446 [main] DEBUG org.apache.http.wire -  << "[0xce][0x9c][0x82][0xaf][0xca][0xa1][0xa3]K[0x11][0xf3]g8][0x8a][0x8]Az[0xe5]i[0xa4][0x13]7[0xdc]J[0x8b][0xf2]2KJ[0x8b]R[0x15]B[0xf2][0xb]0[0xea]m[0x84]lJbQ[0xa6][0x82]WjAb[0x11]hP[0x0][0xba],[0xca][0x10][0x94]:[0x88][0xe9][0xf2][0x9b] -[0xa4][0xa4]Q9[0x8f]t[0xee]4[0xad]l[0xc0][0xe8]*PR[0x93][0xd0]p:[0xd0][0xc4][0x14]160[0x98]R[0x1d][0xa2]g[0x82]HW4MuH[0xeb]7[0xa9][0xba]E[0xdb][0x4]i[\r]&4[0x80]i4[0xca]hB[0xf4]y[0xe2][0x14]w[0x81][0x90][0x16]H[0xd2][0xda]O[0x83][0xbb][0x1d][0x8f][0xb4][0xe2][0x91][0xda]w5[0x98][0x98]![0xf2][0xc0]`lM![0x8d]i[0xf]J[0xe7]![0x6][0x8e][0x7][0xa5][0xf3][0x10]=a[0xec][0xce]C[0xd4][0xf4][0xf4]k[0x81] [0xad]C[0xa4]E[0x3][0xd9][0x1c]Q[0xd5]`[0xf7][0xf3][0xc0]vz[0xcd][0x11]s[0xbb][0xd8][0x9d]7[0x10]Q[0x82]4[0xd1][0x2][0xdf],[0x9][0xd9][0xd4][0x82][0xed][0x90]L[0xc7][0xe4][0xe4][0xd2][0xe2][0xc4][0xbc][0x92][0xcc][0xd2]\[0x85]|[0xd0]X[0x14]tK]1[0xd2][0xc2][\n]"
05:47:45.446 [main] DEBUG org.apache.http.wire -  << "[0xd4]mt[0xe8][0x93]~H[0x87][0xc8][0x98]"[0x9d]Z[0x12]\[0x99][0x97]Z[0x94][0x9e][0x9][0xde][0xe2][0x7]][0x98][0x10][0x9c][0x91][0x9f][\n]"
05:47:45.446 [main] DEBUG org.apache.http.wire -  << "[0xba][0xfa][0xb]u[0x9f][0x87]+x?[0x1f]hO[0x1f][0x99]v"[0xf2][0x5]mk[0x16]S[0xa4]c@hm[0x13][0xa2]1[0x18]P[0x94][0x9f]R[0x9a]\[0xa2][0xe0]X[0x9a][0x93][0x99][0xa8]`[0x8c][0xd1][0x88][0x6][0xdd]ZW[0x0]U[0x93][0x8]W[0x3]mB[0xe3]k[0xf2][0xa3][0xc4][0x1b]"[0x9f][0xd1][0xc7]>DEE{[0xfb][0x0][0x0][0x0][0x0][0xff][0xff]"
05:47:45.446 [main] DEBUG org.apache.http.wire -  << "[\r][\n]"
05:47:45.446 [main] DEBUG org.apache.http.wire -  << "11[\r][\n]"
05:47:45.446 [main] DEBUG org.apache.http.wire -  << "241E[0xca][0xa8]4[0xb4]/[0xb6][0x96][0xb][0x0][0x0][0x0][0xff][0xff]"
05:47:45.446 [main] DEBUG org.apache.http.wire -  << "[\r][\n]"
05:47:45.446 [main] DEBUG org.apache.http.wire -  << "A[\r][\n]"
05:47:45.446 [main] DEBUG org.apache.http.wire -  << "[0x3][0x0]L[0xb3][0xf9][0x85]q[0xbb][0x1][0x0]"
05:47:45.446 [main] DEBUG org.apache.http.wire -  << "[\r][\n]"
05:47:45.447 [main] DEBUG org.apache.http.wire -  << "0[\r][\n]"
05:47:45.447 [main] DEBUG org.apache.http.wire -  << "[\r][\n]"
05:47:45.447 [main] DEBUG io.restassured.internal.RestAssuredHttpBuilder - Parsed data to instance of: class org.apache.http.conn.EofSensorInputStream
05:47:45.450 [main] DEBUG org.apache.http.impl.conn.BasicClientConnectionManager - Releasing connection org.apache.http.impl.conn.ManagedClientConnectionImpl@523a10a0
05:47:45.450 [main] DEBUG org.apache.http.impl.conn.BasicClientConnectionManager - Connection can be kept alive indefinitely
05:47:45.504 [main] DEBUG net.thucydides.core.steps.StepInterceptor - STEP DONE: I send HTTP GET request
  &amp#27;[32mWhen &amp#27;[0m&amp#27;[32mI send GET HTTP request&amp#27;[0m                     &amp#27;[90m# starter.stepdefinitions.UserSteps.iSendGETHTTPRequest()&amp#27;[0m
05:47:45.512 [main] DEBUG net.thucydides.core.steps.StepInterceptor - STARTING STEP: UserSteps.iReceiveValidHTTPResponseCode404 - I receive valids HTTP response code 404
05:47:45.512 [main] DEBUG net.thucydides.core.steps.StepInterceptor - STEP DONE: I receive valids HTTP response code 404
  &amp#27;[32mThen &amp#27;[0m&amp#27;[32mI receive valid HTTP response code 404&amp#27;[0m      &amp#27;[90m# starter.stepdefinitions.UserSteps.iReceiveValidHTTPResponseCode404()&amp#27;[0m
05:47:45.517 [main] INFO  - 
  _____   ___   ___   _____     ___     _     ___   ___   ___   ___  
 |_   _| | __| / __| |_   _|   | _ \   /_\   / __| / __| | __| |   \ 
   | |   | _|  \__ \   | |     |  _/  / _ \  \__ \ \__ \ | _|  | |) |
   |_|   |___| |___/   |_|     |_|   /_/ \_\ |___/ |___/ |___| |___/ 

GET - As admin I cannot get order by ID
----------------------------------------------------------------------
]]></system-out>
  </testcase>
  <testcase name="POST - As admin I have be able to create new order" classname="User" time="1.317">
    <system-out><![CDATA[
@TC-0033
Scenario: POST - As admin I have be able to create new order    &amp#27;[90m# src/test/resources/api/user.feature:264&amp#27;[0m
05:47:45.537 [main] INFO io.cucumber.core.plugin.SerenityReporter - Running feature from file:///C:/Users/Lenovo/IdeaProjects/MiniProject/MiniprojectApi/src/test/resources/api/user.feature
05:47:45.537 [main] WARN io.cucumber.core.plugin.SerenityReporter - Feature from file:///C:/Users/Lenovo/IdeaProjects/MiniProject/MiniprojectApi/src/test/resources/api/user.feature is not under the 'features' directory. Requirements report will not be correctly generated!
05:47:45.540 [main] INFO  - 
  _____   ___   ___   _____     ___   _____     _     ___   _____   ___   ___  
 |_   _| | __| / __| |_   _|   / __| |_   _|   /_\   | _ \ |_   _| | __| |   \ 
   | |   | _|  \__ \   | |     \__ \   | |    / _ \  |   /   | |   | _|  | |) |
   |_|   |___| |___/   |_|     |___/   |_|   /_/ \_\ |_|_\   |_|   |___| |___/ 

POST - As admin I have be able to create new order(user;post---as-admin-i-have-be-able-to-create-new-order)
--------------------------------------------------------------------------------
05:47:45.658 [main] DEBUG net.thucydides.core.steps.StepInterceptor - STARTING STEP: UserSteps.iSetPOSTApiEndpointsLogin - I set POST api endpoints login
05:47:45.658 [main] DEBUG net.thucydides.core.steps.StepInterceptor - STEP DONE: I set POST api endpoints login
  &amp#27;[32mGiven &amp#27;[0m&amp#27;[32mI set POST api endpoints login&amp#27;[0m                          &amp#27;[90m# starter.stepdefinitions.UserSteps.iSetPOSTApiEndpointsLogin()&amp#27;[0m
05:47:45.664 [main] DEBUG net.thucydides.core.steps.StepInterceptor - STARTING STEP: UserSteps.iSendPOSTHTTPRequestLogin - I send POST HTTP request login
05:47:45.666 [main] DEBUG net.thucydides.core.steps.StepInterceptor - STARTING STEP: PostLogin.iSendPOSTHTTPRequestLogin - I set POST api endpoints login
05:47:45.666 [main] DEBUG net.thucydides.core.steps.StepInterceptor - STEP DONE: I set POST api endpoints login
05:47:45.679 [main] DEBUG org.apache.http.impl.conn.BasicClientConnectionManager - Get connection for route {s}->https://altashop-api.fly.dev:443
05:47:45.679 [main] DEBUG org.apache.http.impl.conn.DefaultClientConnectionOperator - Connecting to altashop-api.fly.dev:443
05:47:45.860 [main] DEBUG org.apache.http.client.protocol.RequestAddCookies - CookieSpec selected: ignoreCookies
05:47:45.860 [main] DEBUG org.apache.http.client.protocol.RequestAuthCache - Auth cache not set in the context
05:47:45.860 [main] DEBUG org.apache.http.client.protocol.RequestTargetAuthentication - Target auth state: UNCHALLENGED
05:47:45.860 [main] DEBUG org.apache.http.client.protocol.RequestProxyAuthentication - Proxy auth state: UNCHALLENGED
05:47:45.860 [main] DEBUG org.apache.http.impl.client.DefaultHttpClient - Attempt 1 to execute request
05:47:45.860 [main] DEBUG org.apache.http.impl.conn.DefaultClientConnection - Sending request: POST /api/auth/login HTTP/1.1
05:47:45.860 [main] DEBUG org.apache.http.wire -  >> "POST /api/auth/login HTTP/1.1[\r][\n]"
05:47:45.860 [main] DEBUG org.apache.http.wire -  >> "Accept: */*[\r][\n]"
05:47:45.860 [main] DEBUG org.apache.http.wire -  >> "Content-Type: application/json[\r][\n]"
05:47:45.860 [main] DEBUG org.apache.http.wire -  >> "Content-Length: 48[\r][\n]"
05:47:45.860 [main] DEBUG org.apache.http.wire -  >> "Host: altashop-api.fly.dev[\r][\n]"
05:47:45.860 [main] DEBUG org.apache.http.wire -  >> "Connection: Keep-Alive[\r][\n]"
05:47:45.860 [main] DEBUG org.apache.http.wire -  >> "User-Agent: Apache-HttpClient/4.5.13 (Java/14.0.2)[\r][\n]"
05:47:45.860 [main] DEBUG org.apache.http.wire -  >> "Accept-Encoding: gzip,deflate[\r][\n]"
05:47:45.860 [main] DEBUG org.apache.http.wire -  >> "[\r][\n]"
05:47:45.860 [main] DEBUG org.apache.http.headers - >> POST /api/auth/login HTTP/1.1
05:47:45.860 [main] DEBUG org.apache.http.headers - >> Accept: */*
05:47:45.860 [main] DEBUG org.apache.http.headers - >> Content-Type: application/json
05:47:45.860 [main] DEBUG org.apache.http.headers - >> Content-Length: 48
05:47:45.860 [main] DEBUG org.apache.http.headers - >> Host: altashop-api.fly.dev
05:47:45.860 [main] DEBUG org.apache.http.headers - >> Connection: Keep-Alive
05:47:45.860 [main] DEBUG org.apache.http.headers - >> User-Agent: Apache-HttpClient/4.5.13 (Java/14.0.2)
05:47:45.860 [main] DEBUG org.apache.http.headers - >> Accept-Encoding: gzip,deflate
05:47:45.860 [main] DEBUG org.apache.http.wire -  >> "{"password":"123123","email":"someone@mail.com"}"
05:47:45.953 [main] DEBUG org.apache.http.wire -  << "HTTP/1.1 200 OK[\r][\n]"
05:47:45.954 [main] DEBUG org.apache.http.wire -  << "content-type: application/json[\r][\n]"
05:47:45.954 [main] DEBUG org.apache.http.wire -  << "date: Mon, 08 May 2023 22:56:36 GMT[\r][\n]"
05:47:45.954 [main] DEBUG org.apache.http.wire -  << "content-encoding: gzip[\r][\n]"
05:47:45.954 [main] DEBUG org.apache.http.wire -  << "transfer-encoding: chunked[\r][\n]"
05:47:45.954 [main] DEBUG org.apache.http.wire -  << "server: Fly/3f2597ca (2023-05-03)[\r][\n]"
05:47:45.954 [main] DEBUG org.apache.http.wire -  << "via: 1.1 fly.io[\r][\n]"
05:47:45.954 [main] DEBUG org.apache.http.wire -  << "fly-request-id: 01GZYS9FBSGPRD8D3WE4XYPSER-sin[\r][\n]"
05:47:45.954 [main] DEBUG org.apache.http.wire -  << "[\r][\n]"
05:47:45.954 [main] DEBUG org.apache.http.impl.conn.DefaultClientConnection - Receiving response: HTTP/1.1 200 OK
05:47:45.954 [main] DEBUG org.apache.http.headers - << HTTP/1.1 200 OK
05:47:45.954 [main] DEBUG org.apache.http.headers - << content-type: application/json
05:47:45.954 [main] DEBUG org.apache.http.headers - << date: Mon, 08 May 2023 22:56:36 GMT
05:47:45.954 [main] DEBUG org.apache.http.headers - << content-encoding: gzip
05:47:45.954 [main] DEBUG org.apache.http.headers - << transfer-encoding: chunked
05:47:45.954 [main] DEBUG org.apache.http.headers - << server: Fly/3f2597ca (2023-05-03)
05:47:45.954 [main] DEBUG org.apache.http.headers - << via: 1.1 fly.io
05:47:45.954 [main] DEBUG org.apache.http.headers - << fly-request-id: 01GZYS9FBSGPRD8D3WE4XYPSER-sin
05:47:45.954 [main] DEBUG org.apache.http.impl.client.DefaultHttpClient - Connection can be kept alive indefinitely
05:47:45.954 [main] DEBUG io.restassured.internal.RestAssuredHttpBuilder - Parsing response as: application/json
05:47:45.954 [main] DEBUG org.apache.http.wire -  << "AC[\r][\n]"
05:47:45.954 [main] DEBUG org.apache.http.wire -  << "[0x1f][0x8b][0x8][0x0][0x0][0x0][0x0][0x0][0x4][0xff][0xab]VJI,IT[0xb2]RJ[0xad][0xf4][0xca]HrO[0xce][0xf4][0xcf][0xf4][0xf2][0xc][0xad][0xf2]4[0xf4][0xcb][0xf4],[0xf6][0xcc][0xb]2Mv[0xf6]4[0xf3][0xcc].[0x88][0x8]s[0xf6][0xb2][0xd4]K[0xad][0xf4]rO[0x9][0xaf](N[0xca]u+[0x89][\n]"
05:47:45.954 [main] DEBUG org.apache.http.wire -  << "[0x6]K[0x94]%[0xba][0x9b][0xa4][0x7][0xb9][[0xe6]xf[0x96]g[0x6][0x85][0x1b]f$[0x86][0x97][0x83][0xc][0xa9]J22[0xcc]I22[0xcd][0x9]t[0x7][0x8b][0x95]F[0x1a]Y[0x96]x[0xe6][0x19][0xe8][0x85][0x97]9[0x5]W$[0x7][0xba][0x16][0x16][0xe6]e:[0x1b][0x96][0x19]X[0xf8]Te[0x17]y$[0xbb][0xfa][0xa4][0xa6][0x17][0x1b]$[0x99][0x97][0x95]d[0xb9][0x7][0x84]g&[0xba][0x86]'{*[0xd5]r[0x1][0x0]?[0x99][0xcf]j[0xa0][0x0][0x0][0x0]"
05:47:45.954 [main] DEBUG org.apache.http.wire -  << "[\r][\n]"
05:47:45.954 [main] DEBUG org.apache.http.wire -  << "0[\r][\n]"
05:47:45.955 [main] DEBUG org.apache.http.wire -  << "[\r][\n]"
05:47:45.955 [main] DEBUG io.restassured.internal.RestAssuredHttpBuilder - Parsed data to instance of: class org.apache.http.conn.EofSensorInputStream
05:47:45.957 [main] DEBUG org.apache.http.impl.conn.BasicClientConnectionManager - Releasing connection org.apache.http.impl.conn.ManagedClientConnectionImpl@4e75cf7c
05:47:45.957 [main] DEBUG org.apache.http.impl.conn.BasicClientConnectionManager - Connection can be kept alive indefinitely
05:47:45.986 [main] DEBUG net.thucydides.core.steps.StepInterceptor - STEP DONE: I send POST HTTP request login
  &amp#27;[32mWhen &amp#27;[0m&amp#27;[32mI send POST HTTP request login&amp#27;[0m                           &amp#27;[90m# starter.stepdefinitions.UserSteps.iSendPOSTHTTPRequestLogin()&amp#27;[0m
05:47:45.993 [main] DEBUG net.thucydides.core.steps.StepInterceptor - STARTING STEP: UserSteps.iSetPOSTApiEndpointsOrder - I set POST api endpoints order
05:47:45.994 [main] DEBUG net.thucydides.core.steps.StepInterceptor - STEP DONE: I set POST api endpoints order
  &amp#27;[32mAnd &amp#27;[0m&amp#27;[32mI set POST api endpoints order&amp#27;[0m                            &amp#27;[90m# starter.stepdefinitions.UserSteps.iSetPOSTApiEndpointsOrder()&amp#27;[0m
05:47:46.001 [main] DEBUG net.thucydides.core.steps.StepInterceptor - STARTING STEP: UserSteps.iSendPOSTHTTPRequestPostOrder - I send POST HTTP request post order
05:47:46.004 [main] DEBUG net.thucydides.core.steps.StepInterceptor - STARTING STEP: PostOrder.iSendPOSTHTTPRequestPostOrder - I set POST api endpoints order
05:47:46.004 [main] DEBUG net.thucydides.core.steps.StepInterceptor - STEP DONE: I set POST api endpoints order
05:47:46.017 [main] DEBUG org.apache.http.impl.conn.BasicClientConnectionManager - Get connection for route {s}->https://altashop-api.fly.dev:443
05:47:46.019 [main] DEBUG org.apache.http.impl.conn.DefaultClientConnectionOperator - Connecting to altashop-api.fly.dev:443
05:47:46.276 [main] DEBUG org.apache.http.client.protocol.RequestAddCookies - CookieSpec selected: ignoreCookies
05:47:46.276 [main] DEBUG org.apache.http.client.protocol.RequestAuthCache - Auth cache not set in the context
05:47:46.276 [main] DEBUG org.apache.http.client.protocol.RequestTargetAuthentication - Target auth state: UNCHALLENGED
05:47:46.276 [main] DEBUG org.apache.http.client.protocol.RequestProxyAuthentication - Proxy auth state: UNCHALLENGED
05:47:46.276 [main] DEBUG org.apache.http.impl.client.DefaultHttpClient - Attempt 1 to execute request
05:47:46.276 [main] DEBUG org.apache.http.impl.conn.DefaultClientConnection - Sending request: POST /api/orders HTTP/1.1
05:47:46.276 [main] DEBUG org.apache.http.wire -  >> "POST /api/orders HTTP/1.1[\r][\n]"
05:47:46.276 [main] DEBUG org.apache.http.wire -  >> "Accept: */*[\r][\n]"
05:47:46.276 [main] DEBUG org.apache.http.wire -  >> "Content-Type: application/json[\r][\n]"
05:47:46.276 [main] DEBUG org.apache.http.wire -  >> "Content-Length: 33[\r][\n]"
05:47:46.276 [main] DEBUG org.apache.http.wire -  >> "Host: altashop-api.fly.dev[\r][\n]"
05:47:46.277 [main] DEBUG org.apache.http.wire -  >> "Connection: Keep-Alive[\r][\n]"
05:47:46.277 [main] DEBUG org.apache.http.wire -  >> "User-Agent: Apache-HttpClient/4.5.13 (Java/14.0.2)[\r][\n]"
05:47:46.277 [main] DEBUG org.apache.http.wire -  >> "Accept-Encoding: gzip,deflate[\r][\n]"
05:47:46.277 [main] DEBUG org.apache.http.wire -  >> "[\r][\n]"
05:47:46.277 [main] DEBUG org.apache.http.headers - >> POST /api/orders HTTP/1.1
05:47:46.277 [main] DEBUG org.apache.http.headers - >> Accept: */*
05:47:46.277 [main] DEBUG org.apache.http.headers - >> Content-Type: application/json
05:47:46.277 [main] DEBUG org.apache.http.headers - >> Content-Length: 33
05:47:46.277 [main] DEBUG org.apache.http.headers - >> Host: altashop-api.fly.dev
05:47:46.277 [main] DEBUG org.apache.http.headers - >> Connection: Keep-Alive
05:47:46.277 [main] DEBUG org.apache.http.headers - >> User-Agent: Apache-HttpClient/4.5.13 (Java/14.0.2)
05:47:46.277 [main] DEBUG org.apache.http.headers - >> Accept-Encoding: gzip,deflate
05:47:46.277 [main] DEBUG org.apache.http.wire -  >> "[[\n]"
05:47:46.277 [main] DEBUG org.apache.http.wire -  >> "{"quantity":1,"product_id":2}[\n]"
05:47:46.277 [main] DEBUG org.apache.http.wire -  >> "]"
05:47:46.315 [main] DEBUG org.apache.http.wire -  << "HTTP/1.1 401 Unauthorized[\r][\n]"
05:47:46.315 [main] DEBUG org.apache.http.wire -  << "content-type: application/json[\r][\n]"
05:47:46.315 [main] DEBUG org.apache.http.wire -  << "date: Mon, 08 May 2023 22:56:36 GMT[\r][\n]"
05:47:46.315 [main] DEBUG org.apache.http.wire -  << "content-encoding: gzip[\r][\n]"
05:47:46.315 [main] DEBUG org.apache.http.wire -  << "transfer-encoding: chunked[\r][\n]"
05:47:46.315 [main] DEBUG org.apache.http.wire -  << "server: Fly/3f2597ca (2023-05-03)[\r][\n]"
05:47:46.315 [main] DEBUG org.apache.http.wire -  << "via: 1.1 fly.io[\r][\n]"
05:47:46.315 [main] DEBUG org.apache.http.wire -  << "fly-request-id: 01GZYS9FRSP7GGNHQRC1VVVQ61-sin[\r][\n]"
05:47:46.315 [main] DEBUG org.apache.http.wire -  << "[\r][\n]"
05:47:46.315 [main] DEBUG org.apache.http.impl.conn.DefaultClientConnection - Receiving response: HTTP/1.1 401 Unauthorized
05:47:46.315 [main] DEBUG org.apache.http.headers - << HTTP/1.1 401 Unauthorized
05:47:46.315 [main] DEBUG org.apache.http.headers - << content-type: application/json
05:47:46.315 [main] DEBUG org.apache.http.headers - << date: Mon, 08 May 2023 22:56:36 GMT
05:47:46.315 [main] DEBUG org.apache.http.headers - << content-encoding: gzip
05:47:46.315 [main] DEBUG org.apache.http.headers - << transfer-encoding: chunked
05:47:46.315 [main] DEBUG org.apache.http.headers - << server: Fly/3f2597ca (2023-05-03)
05:47:46.315 [main] DEBUG org.apache.http.headers - << via: 1.1 fly.io
05:47:46.315 [main] DEBUG org.apache.http.headers - << fly-request-id: 01GZYS9FRSP7GGNHQRC1VVVQ61-sin
05:47:46.316 [main] DEBUG org.apache.http.impl.client.DefaultHttpClient - Connection can be kept alive indefinitely
05:47:46.316 [main] DEBUG org.apache.http.impl.client.DefaultHttpClient - Authentication required
05:47:46.316 [main] DEBUG org.apache.http.impl.client.DefaultHttpClient - altashop-api.fly.dev:443 requested authentication
05:47:46.316 [main] DEBUG org.apache.http.impl.client.DefaultHttpClient - Response contains no authentication challenges
05:47:46.316 [main] DEBUG io.restassured.internal.RestAssuredHttpBuilder - Parsing response as: application/json
05:47:46.316 [main] DEBUG org.apache.http.wire -  << "2D[\r][\n]"
05:47:46.316 [main] DEBUG org.apache.http.wire -  << "[0x1f][0x8b][0x8][0x0][0x0][0x0][0x0][0x0][0x4][0xff][0xab]VJ-*[0xca]/R[0xb2]R*[0xcd]K,-[0xc9][0xc8]/[0xca][0xac]JMQ[0xaa][0xe5][0x2][0x0]@[0x17]da[0x19][0x0][0x0][0x0]"
05:47:46.316 [main] DEBUG org.apache.http.wire -  << "[\r][\n]"
05:47:46.317 [main] DEBUG org.apache.http.wire -  << "0[\r][\n]"
05:47:46.317 [main] DEBUG org.apache.http.wire -  << "[\r][\n]"
05:47:46.317 [main] DEBUG io.restassured.internal.RestAssuredHttpBuilder - Parsed data to instance of: class org.apache.http.conn.EofSensorInputStream
05:47:46.318 [main] DEBUG org.apache.http.impl.conn.BasicClientConnectionManager - Releasing connection org.apache.http.impl.conn.ManagedClientConnectionImpl@1dfd27fe
05:47:46.319 [main] DEBUG org.apache.http.impl.conn.BasicClientConnectionManager - Connection can be kept alive indefinitely
05:47:46.319 [main] DEBUG net.thucydides.core.steps.StepInterceptor - STEP DONE: I send POST HTTP request post order
  &amp#27;[32mAnd &amp#27;[0m&amp#27;[32mI send POST HTTP request post order&amp#27;[0m                       &amp#27;[90m# starter.stepdefinitions.UserSteps.iSendPOSTHTTPRequestPostOrder()&amp#27;[0m
05:47:46.326 [main] DEBUG net.thucydides.core.steps.StepInterceptor - STARTING STEP: UserSteps.iReceive1ValidLoginAndProductHTTPResponseCode - I receive valid login and product HTTP response code 200
05:47:46.328 [main] DEBUG net.thucydides.core.steps.StepInterceptor - STARTING STEP: PostProduct.iReceive1ValidLoginAndProductHTTPResponseCode - I set POST api endpoints product
05:47:46.328 [main] DEBUG net.thucydides.core.steps.StepInterceptor - STEP DONE: I set POST api endpoints product
05:47:46.338 [main] DEBUG org.apache.http.impl.conn.BasicClientConnectionManager - Get connection for route {s}->https://altashop-api.fly.dev:443
05:47:46.339 [main] DEBUG org.apache.http.impl.conn.DefaultClientConnectionOperator - Connecting to altashop-api.fly.dev:443
05:47:46.440 [main] DEBUG org.apache.http.client.protocol.RequestAddCookies - CookieSpec selected: ignoreCookies
05:47:46.440 [main] DEBUG org.apache.http.client.protocol.RequestAuthCache - Auth cache not set in the context
05:47:46.440 [main] DEBUG org.apache.http.client.protocol.RequestProxyAuthentication - Proxy auth state: UNCHALLENGED
05:47:46.440 [main] DEBUG org.apache.http.impl.client.DefaultHttpClient - Attempt 1 to execute request
05:47:46.440 [main] DEBUG org.apache.http.impl.conn.DefaultClientConnection - Sending request: GET /api/products HTTP/1.1
05:47:46.440 [main] DEBUG org.apache.http.wire -  >> "GET /api/products HTTP/1.1[\r][\n]"
05:47:46.440 [main] DEBUG org.apache.http.wire -  >> "Authorization: Bearer [\r][\n]"
05:47:46.440 [main] DEBUG org.apache.http.wire -  >> "Accept: */*[\r][\n]"
05:47:46.440 [main] DEBUG org.apache.http.wire -  >> "Host: altashop-api.fly.dev[\r][\n]"
05:47:46.440 [main] DEBUG org.apache.http.wire -  >> "Connection: Keep-Alive[\r][\n]"
05:47:46.440 [main] DEBUG org.apache.http.wire -  >> "User-Agent: Apache-HttpClient/4.5.13 (Java/14.0.2)[\r][\n]"
05:47:46.440 [main] DEBUG org.apache.http.wire -  >> "Accept-Encoding: gzip,deflate[\r][\n]"
05:47:46.440 [main] DEBUG org.apache.http.wire -  >> "[\r][\n]"
05:47:46.440 [main] DEBUG org.apache.http.headers - >> GET /api/products HTTP/1.1
05:47:46.440 [main] DEBUG org.apache.http.headers - >> Authorization: Bearer 
05:47:46.440 [main] DEBUG org.apache.http.headers - >> Accept: */*
05:47:46.440 [main] DEBUG org.apache.http.headers - >> Host: altashop-api.fly.dev
05:47:46.440 [main] DEBUG org.apache.http.headers - >> Connection: Keep-Alive
05:47:46.440 [main] DEBUG org.apache.http.headers - >> User-Agent: Apache-HttpClient/4.5.13 (Java/14.0.2)
05:47:46.440 [main] DEBUG org.apache.http.headers - >> Accept-Encoding: gzip,deflate
05:47:46.731 [main] DEBUG org.apache.http.wire -  << "HTTP/1.1 200 OK[\r][\n]"
05:47:46.731 [main] DEBUG org.apache.http.wire -  << "content-type: application/json[\r][\n]"
05:47:46.731 [main] DEBUG org.apache.http.wire -  << "date: Mon, 08 May 2023 22:56:37 GMT[\r][\n]"
05:47:46.731 [main] DEBUG org.apache.http.wire -  << "transfer-encoding: chunked[\r][\n]"
05:47:46.731 [main] DEBUG org.apache.http.wire -  << "content-encoding: gzip[\r][\n]"
05:47:46.731 [main] DEBUG org.apache.http.wire -  << "server: Fly/3f2597ca (2023-05-03)[\r][\n]"
05:47:46.731 [main] DEBUG org.apache.http.wire -  << "via: 1.1 fly.io[\r][\n]"
05:47:46.731 [main] DEBUG org.apache.http.wire -  << "fly-request-id: 01GZYS9FXXCC7TX6JBZXBQ1K1Q-sin[\r][\n]"
05:47:46.731 [main] DEBUG org.apache.http.wire -  << "[\r][\n]"
05:47:46.731 [main] DEBUG org.apache.http.impl.conn.DefaultClientConnection - Receiving response: HTTP/1.1 200 OK
05:47:46.731 [main] DEBUG org.apache.http.headers - << HTTP/1.1 200 OK
05:47:46.731 [main] DEBUG org.apache.http.headers - << content-type: application/json
05:47:46.731 [main] DEBUG org.apache.http.headers - << date: Mon, 08 May 2023 22:56:37 GMT
05:47:46.731 [main] DEBUG org.apache.http.headers - << transfer-encoding: chunked
05:47:46.731 [main] DEBUG org.apache.http.headers - << content-encoding: gzip
05:47:46.731 [main] DEBUG org.apache.http.headers - << server: Fly/3f2597ca (2023-05-03)
05:47:46.731 [main] DEBUG org.apache.http.headers - << via: 1.1 fly.io
05:47:46.731 [main] DEBUG org.apache.http.headers - << fly-request-id: 01GZYS9FXXCC7TX6JBZXBQ1K1Q-sin
05:47:46.732 [main] DEBUG org.apache.http.impl.client.DefaultHttpClient - Connection can be kept alive indefinitely
05:47:46.732 [main] DEBUG io.restassured.internal.RestAssuredHttpBuilder - Parsing response as: application/json
05:47:46.732 [main] DEBUG org.apache.http.wire -  << "240[\r][\n]"
05:47:46.732 [main] DEBUG org.apache.http.wire -  << "[0x1f][0x8b][0x8][0x0][0x0][0x0][0x0][0x0][0x4][0xff][0xaa]VJI,IT[0xb2][0x8a][0xae]V[0xf2]tQ[0xb2]241[0xb1]0[0xd2]Q[0xf2]K[0xcc]MU[0xb2]RJI-N.[0xca],([0xc9][0xcc][0xcf]S[0xd2]QrA[0xe2]Y))[0xe9]([0x5][0x14]e&[0xa7]*Y[0x19][0xe8]([0x5]%[0x96]d[0xe6][0xa5][0x17]+Y[0x99][0xe8](9'[0x96][0xa4][0xa6][0xe7][0x17]e[0xa6][0x16]+YE[0xc7][0xd6][0xea] [0xc]6[0x86][0x1b][0xec]Y[0x90][0x91][0x9f][0x97][0xaa]`h[0xa8]`f[0xa2][0x90][0x9e][0x84]axANb[0xa5]BFb[0xb1]B^[0xbe]BNfnfI1[0xc2]:#KK$[0xb][0x8d][0xd0],[0x84][0xda]fdjb[0x8][0xb7][0xcd]=173/[0x1d][0xc3][0x12][0xb7][0xfc]"[0x85]t[0xb0][0x94]BAiQA~qj[0xb1]R-[0x8a][0x83]-[0xe0]F[0xb8][0x95][0x16][0xe5]e[0x96][0x94][0x16][0xa5]*[0x84][0xe4][0x17]`[0x9a][0x4][0x97]MI,[0xca]T[0xf0]J-H,JD[0xb8][0xd8][0xd0][0x4][0xd9][0xc5][0xa6]h.F[0xb1][0xd1][0x4]ncp~^[0xa5]B@[0xb0]![0x86]e[0xf8][0xc2][0xc6][0x4]%l[0xc][0xd1]l[0xa2]j[0xd8][0x98][0x12]v)"[0x4][0x90][0x93][0x88][0x1]-]e[0x6]w[0x15][0x15]c[0xc][0xdd][0xc5][0xc8]1f[0x89]Hf.a.[\n]"
05:47:46.732 [main] DEBUG org.apache.http.wire -  << "[0xbe][0xa5][0xe9][0xa9]y[\n]"
05:47:46.732 [main] DEBUG org.apache.http.wire -  << "!E[0x89][0x99][0xf8]r[0x8c][0xa1][0x91][0x81][0x81][0x1][0xbe]0A[0xb1][0x1][0x91][0x1f][0x13][0xf3][0x12][0xb3][0x15][0x12]+[0x13]s1[0x12]Eqiq[0xa9][0x2]H[0x1a][0x11][0xe6][0x96](i[0x1][0xaf][0x1f][0xcc][0xe1][0xa1][0x16][0xe1][0xe4][0x1f][0x81][0x99][0xe4][0x10]9[0x5]a<jR3[0xa6]a[0xa4][0x82][0xfc][0x1]-[0x90][0xb0];[0xf][0x97][0xa3][0xd0][0xfd]L[0xc5][0xf4]o[\n]"
05:47:46.732 [main] DEBUG org.apache.http.wire -  << "[0x8a]>[0xa8][0xa3]h[0x13][0xef][0xa6][0x6][0x88][0x94][0x5][0x8a]X[0xea][0xc7][0xbb][0xa9][0x1][0xad]S[0x96][0xa9][0x1][0xa2][0xc8][0xa7][0x91][0x1f],[0x10]e[0xb4]SQbrjNj[0x9]F[0xe6][0xf0]MLIU[0xc8]OS[0xc8][0xc8]L[0xcf]P(,M[0xcc][0xc9],[0xa9]T(HM,[0xca]A[0xae]V[0x8c][0x88][0xcb][0x90][0xc6][0xc6]f[0x18][0x85][0xb4])[0x86][0x95][0xf8][\n]"
05:47:46.732 [main] DEBUG org.apache.http.wire -  << "i[0xd4][\n]"
05:47:46.732 [main] DEBUG org.apache.http.wire -  << "[0xc]w[0x8d]illf[0x9][0xcf][0x98]%[0xa9][0xc5][0xa0]*V[0xa1][0xa0](?[0xa5]4[0x19][0xd3][0x8f]%[0x19][0x99][0xc5][\n]"
05:47:46.732 [main] DEBUG org.apache.http.wire -  << "[0x99][0xc5][\n]"
05:47:46.732 [main] DEBUG org.apache.http.wire -  << "%[0x19][0xa9]05[\n]"
05:47:46.732 [main] DEBUG org.apache.http.wire -  << "[0xa8][0xd5]7[0x96][0xda][0x1a]=[0xd7]"[0x8a][0x1d]ccsD[0xf2][0xa3][0x9a][0xdd][0x86]h[0xc5][0x1e][0xee][0xaa][0xd0][0xd8][0xd8][0x1c][0x91]8[0xa9]j?R[0xdb][0x1][0xaf][0xf5][0x88]H[0xa6][0xaa][0xf5][0xc8][0x89][0xc][0xaf][0xfd][0x88]2[0x99]f[0xf6][0xa3][0x97][0x8f]([0xd1][0x8f][0xc8]W[0x98][0xf6][0x3][0x0][0x0][0x0][0xff][0xff]"
05:47:46.732 [main] DEBUG org.apache.http.wire -  << "[\r][\n]"
05:47:46.733 [main] DEBUG org.apache.http.wire -  << "478[\r][\n]"
05:47:46.733 [main] DEBUG org.apache.http.wire -  << "Bm[0x9][0x12][0x9d][0xf4][0xd0][0xa3][0x1f]_[0xd2]7[0xa7]A[0xd2]G[0xb7][0x1f][0x9f][0xff]-[0xc][0xa8][0x9f][0xf5][0xd0][0xed][0xc7][0x97][0xfd][0x90]Z[0xe1]4[0xb][0xbc][0xfe]G[0x94][0xdc][0x3]c?"[0xff]y[0x4]([0xe4]f[0x96][0xe4]c[0xa4];p[0x19][[0x92]Z[0x94][0x94][0x98][0x99][0x8d]h[0x2][0x98][0x9a][0x99]#eq[0xbc]^Dd1[0xd2][0xda][0x15][0xe8][0xf9][0x96]z[0xed][\n]"
05:47:46.733 [main] DEBUG org.apache.http.wire -  << "cc[0xb]D[0xba][0x87][0xf6][0x0]([0xa9]\[0xf0][0xa5]0KD[0xc][0x7][0x4]+`[0xda][0x92][0x9e][0x98][0x9b][0xaa]`[0xaa]P\[0x92]X[0x84][0x8]][0xd4]V[0x1f][0xbe][0xc]l[0x89][0x88]@[0xba]4[0xc5][0x8d]M[0x90][0x9a]dT[0x8]:<)[0xc7][0x4][0xa9]iF/[0xbf]!"[0x8b][0xd6]~C[0xc4][@QbrIfrb[0x8e]Bx~~Jj[0x9e][0x82]w^fZ*F>t[0xcc][0xc9]L,VH+MOT(-[0xd1]C[0xa4][0x15]CP[0x84][0xc0]G[0x6][0xf0][0x86]'"'Rod[0x0][0xaf][0x85][0x88]\[0x6][0xb3][0xd0][0x88][0xe2][0xa1][0x8]|[0x16][0x1a]"[0xaa][0x13][0x98][0x85][0x94][0x8f]}[0xe0][0xb5][0x10][0xd1]|[0xa3][0x93][0x85][0x18][0x3][0x2][0xe6][0x18])[0x5]\b[0x13]5[0xac][0x83][0xd7]k[0x88][0xd4][0x12][0x90][0x98][0x93][0xe8][0x93][0xef][0x3][0x1a]kAm[0x93][0xc0]m[0xc2]2zdl[0x8c]TA[0xe0])[0xc2]L[0xc][0x11]m rKH[0xbc][0xfe]@$BZ[0x18][0xf][0xea][0xcf]@{[0xa8]t[0xea][0x19][0x99][0x18]![0x12][0x1d]M|[0x84][0xe8][0x12][0xd0][0xc4]xD[0x19]K[0xb7][0x0]C[0x14][0xb6]t[0xb3][0x12][0x91]O[0xa9]i%[0xbe]|d[0x84][0x18][0x95][0xa3][0xa6][0x95][0xf8][0xf2][0x96][0x11][0xa2][0x8c][0xa0]q}i[0x84][0xc8][0xc5]4j[0xa8][0x9a][0x18]#*[0xf]Z[0x86][0x1f][0xac][0x19]ka[0x88]H"[0x8e][0xc9][0xc9][0xa9][0xc5][0xc5][0x90][0xd1]|[0x8c]~_[0xbe]Bj^Fb^r[0xaa]Bb[0x1]h8[0x5][0xc4]D[0x1e]A761F[0x14][0x8][0xc5][0xa9][0x5][0xa9])[0x98][0x5]ubf%H[0x10]:8ad[0x8a][0xdc]?[0xc6][0x17][0xc1][0xc6][0x88][0xb2][0x80][0x96]a[0x82][0xd4]%6[0x1][0xd5][0x1b][0xd0][0x2][0x95][0xda][0x9e][0xa1]1`[0x8c][0x88][0xe3]`p[0xcc]([0xf8]d[0x16][0x97][0x14][0x81]{R[0xa8]U)T:[0x7]"[0xad][0x90][0x97][0x9e][0x9a]T[\n]"
05:47:46.733 [main] DEBUG org.apache.http.wire -  << "[0x1a]"=[0xca][0x10][0xc5][0x0][0xd4]L[0xa8][0x95][\n]"
05:47:46.733 [main] DEBUG org.apache.http.wire -  << "N[0x89]9[0x89][0x98][0xb3]*PE[0xa8][0x16]+$%[0xe6][0xa5][0x83][0xc7][0xf8][0xa0][0xf6][0x9b][0x12][0x9f]d[0x10]e[0x2][0xdd][0x92][0xc][0xa2][0x5]A7+[0x11][0xe5][0x11][0xbd][0xac]4A[0x94]OA[0xa5][0xc5]%[0x99][0xc9][0xb0][0xfe][0x82]S"[0xe6][0xac][h[0x89]BjQQ~[0x91]BQjriqb^Jb[0xaa]BA~qqfni[0xb1]Bn~[0xe]h[0x9c]31U[0xa1]85E!3[0xb7] 5%[0x93][0xbc].[0x5][0xd2][0xf4][0x1f][0xa2][0x1b][0xe3][0x93][0x99][0x97][0x9a][0xa7][0xe0][0x94]_R[0x92][0x83][0xa5][0x1b]SZ[0xa2]P[0x90]ZT\[0x90][0x99][0x9c][0x99]X[0x92]Y[0xac][0x90][0x92][0x9f][0x93]_[0x94][0xaa][0x90][0x92][0x99]\[0x92][0xa8]P[0x90]_T[0x94][0xaf][0x90]YP\[0x9a][0xab][0x90][0x9a]HV/[0xc7][0x84][0xfe]E[0x96][0x9][0xa2]I[0x13][0x9c][0x93][0x9a][0x9a][0xad][0x0][0x9][0x1][0xf7][0x9c][0xfc][0xb2]T[0xd0][0xd8]7jN[0xf7]OK[0xcb]L[0xce][0xcc],VH[0xce][0xcf]+N-,M,)-RH[0xcc][0xcb][0xcc][0xcd][0x84]GL[0xb1]BY~NiAIbI[0xaa]BJjNj^fI&y[0x81]A[0xff]"[0xcf][0x4]Q[0xe4][0xb9][0xe7][0x17][0xa5][0xa7][0xe6][0x97][0x16]+[0x4][0x95]&%[0xa5][0x16])8[0x83][0xc7]8[0xd0]B#%[0xb3][0x4][0x92][0x6]Js[0x15][0x12]A[0x89][0x3][0x9c][0x4]r[0x12][0x93][0xf2][0x8b]2[0xf3][0x8b][0x13]s[0x15][\n]"
05:47:46.733 [main] DEBUG org.apache.http.wire -  << "K3[0x15][0x12]s2[0xb]K3S[0x14][0x8a][0xc9]M[0xa7][0x88]B[0x11][0x91]N[0xdd][0x8b][0x12][0xf3]2KR[0x15][0x9c][0xf3][0x13]A%-[0xaa][0xbb]\K@}[0xed][0xcc][0xc4][0x12][0x85][0xfc][0xdc][0xbc][0xcc]b[0x85][0xdc][0xcc][0xbc][0xcc][0xdc]D[0x85][0xbc][0xd2][0xdc][0xc2][0xd2][0xc4]\[0x85][0xe2][0xd2][0xe2][0xe4][0xcc][0x2]r][0x83]("[0x83]+[0xf3]R[0x8b][0xd2]3a[0xd9]9G!8#[0xb3][0x8][0xab]kR[0x8b]K[0xe0][0xa9]"3[0xa9][0xb4]X[0xa1] '195[0xb1]D![0x95][0xbc][0xac][0xb]*[0xd0][0xa1][0xf5][0xac][0x2][0x8d][0xba][0x90][0xa6][0x88][0xac]HV[0xf3][0x90][0xd8]V[0x8a])R[0xfe][0x83][0xcc][0xe7]c[0x8e][0xb3][0xc1][0xbb][0xaa][0x4][0xd7]:[0xe0]k[0xf][0x99][0xd2]??[0x99]"[0xf2][0x13][0xbd]j[0x1a]SDn[0xa1][0x9b][0x95][0x88],A7+[0x11][0xad][0x6][0xb2]R'[0xea][0x4]#[0xde]T[0x83]h,[0xd0][0xd8]&3D[0x1b][0x1]j[0x13][0xe6]2[0x3]|9[0x1]u[0xe0][0x19][0xdd]O[0xb0][0xae][0xb][0xe5][0xab]~[0x8c]M[0xcc][0x10]}[0x16][0xa8]Ki[0x95]g[0xcd](,[0x85][0x88][0x8f]g3[0xba][0x95]C[0xd4][0x9d][0x1c]G[0x8f]g[0xe4][0xee][0x98][0x19][0xa2][0xf8][0xa1]u<!J[0x1d][0xa8]M[0x83]6[0xed]"[\n]"
05:47:46.733 [main] DEBUG org.apache.http.wire -  << "+[0x9c].E[0xc][0xd0][0xe3][0xab][0xc5][0xa8][0x9a][0xa3]0[0xca]3J[0xc2][0x8f][0x86][0xb3]o&H[0xb].[0x6]Q[0xf8][0x99]c[0x94][0x9d][0xb4]*[0x91][0x90][0x16]}[0xf8]%[0x16]g*[0xb8]$[0x96][0xe6])x[0xa5][0x16][0x95][0x82]&X[0x11][0xcd]P[0x0][0x0][0x0][0x0][0xff][0xff]"
05:47:46.733 [main] DEBUG org.apache.http.wire -  << "[\r][\n]"
05:47:46.733 [main] DEBUG org.apache.http.wire -  << "5A4[\r][\n]"
05:47:46.733 [main] DEBUG org.apache.http.wire -  << "[0xca]S[0xb2]R[0x2][0xcb][0x97][0xa7][0xe6]%fg+[0x94][0xa4][0xe6]%[0xe6])[0xe4][0x96][0x16][0xe5][0xa6]"[0xcd][0x15][0x1a]Z[0xe2]_[0xe4][0x6]Kb[0x16][0x96][0x88]T[0x9b][0x9c][0x9f]W[0x92][0x9f][0xa1][0x9b][0x8c]XC[0x8a]>[0xea][0xe4][0x96]X[0x9c][0x91][0x99][0x9f][0x97][0x98][0x94][0x93][0x8a]:[0xd6][0x84][0xb4]`[0x4][0xec]6[0x84][0xdb][0xc1]K[0xa7][0x14][0xd2][0xf3][0x8b]R[0xb1][0xac][0x2][0x5][0xab][0xa5][0x92]?[0x10][0xe9][0x9c][0xb0]?0U [0xad]=561[0xa7][[0x89]mN[0xb7]r[0xd4][0x1c][0x11][0xcf][0xd0][0xdc]E[0xb3]tL[0xb7]v[0x8d][0x5][0xdd]Z[0xb][0x16][0x88][0x14][0x11][0xe1][0x94]_[0xa1][0x80]Y[0x86][0xd2][0xbf]d[0xb7]@[0xf4]:p[0xb8][0x89][0xf0][0xd2]Q[0xf4]:[0x1e]V,P[0xa3]-[0x87][0xb4]:pp[0xba][0x8f]n[0xe9][0x14]i[0x9d]2[0x8e][0x90]@[0xa4][0x1e][0xfa][0xb5][0xb5]-[0x11]-[0xe0][0xc1][0xe4]*DN[0xa3]q9[0x85][0xb4]H[0x6][0xfb][0x12][0xa4][0x81][0xcd]>[0x96][0x88][0x86]/v[0xe7][\r]H[0x9a]A[0xd4][0xb2][0xd8][0x1d]5[0xa0]a[0x86][0xbc]0[0x1c][0xbb][0xf3]p[0x85][0x19][\r][0xdb][0xb5][0xc8]k[0xc9]i[0x9b][0xa2][0x91]W|c[0xf7][0xfe][0x0][0xc7][0xe][0xa2][0xb1][0x83][0xdd]y[0xb8]b[0x87][0x86][0xb5][0x94][0xa9][0x1]"[0x9b][0xd1]:v([0xcf];[0xb4]L[0xa6]H[0xab][0xa4][0x6]O[0xec][0x18]"Zx[0xd8][0x1d]5[0xb0])[0xda][0x10]QYaw[0xde]@[0xa4]hCD[0xbb][0x90][0xc6])[0x1a]i[0xad][0x2][0xad]m[0xa2][.5[0xa4]W?[0xc9][0x14]i[0x85][0x1b][0x8d]C[0xf]i5[0x1a][0xad]mB[0xb4])im[0x13][0xdd]R[0xb9][0x11][0xa2][0xda][0xa2][0xb5][0x9f][0xe8][0x96][0xca][0xe9][0xb6]D[0xcb][0xd4][0x8]Q[0xeb][0xd1]:[0xf4][0xe8][0xd5][0x9f]3EZ[0x13]Fc?![0xad][0xe1][0xa2][0xb5]M[0x88][0x9c][0x8b][0xbd]*[0x1b][0xd8][0x9a][0xd6][0x18][0x91][0xdd][0xb1];o jZ[0xe4]u\4[0x9d]a65[0xa6][[0xc9]`[0x8c][0xa8][0xff]<[0x2][0x14][0x9c]A[0x8b]p2[0xb1]lP[0xc9]I-([0xc9]/P[0xc0][0xd8][0x1]d[0x9][0x2]HK[0xbc][0xd1][0x9b][0xee]H[0x93]H[0xa6][0xc6]T-[0x1a][0xd0]7[0xdc]#[0xdb][0x84][0xb4]Hj 6T![0x8f][0xa6]Q[0xcd]~|[0x13]H(~GdlBv#[0xf2][0x10]h[0xb7][0x1c][0x91][0xb1][0x88][0xb4][0xcc][0x89][0x90][0xf9]doV[0xc4][0x97][0x8a]L[0x10]%[0x3]U[0xed]'[0xd6][0xfb][0x88][0x9c]IU[0xeb][0x89][0x8e]^D&[0xa2][0x99][0xfd][0xe8][0xdd]N[0x94][0xe4][0x85][0xa8]uif?[0xbe][0xe8]GZ[0xb0]40[0xf6]#z[0xa8]4[0xb3][0x1f][0xfd][0x9c][0x15][0xe4][0xf0]GZME3[0xfb][0xf1][0x86]?[0xa2][0xb]<0[0xf6][0xd3]([0xfb][0x13][0x9b][0xff][0x90][0x16]b[\r][0x8c][0xff][0x11][0xe5][0xf][0xac][0x85]hjJ[0xa3][0xa9]=SSD[0xe3][0x80][0xba][0xab][0xf0]MM[0x11][0xc5][0x98]g^IjNNfzj^[0x89]BpIj*h[0xf5]c>[0x96][0x15][0xb3][0x9e])[0xa0][0xf3]$[0x8a]3[0x15][0xf2][0x12]KJ[0x8b]A[0xb]BADb1YkbMM[0x11][0xe5][0x18],[0x1c]i[0xb3][0xfe][0xd1][0x14]s5[0x16][0xad][0xa2][0x8b]n[0xab][0xa9]L[0xe9][0xb6][0x9a][0xca][0x94]nk[0x9c][0xc0]{[0xd9][0xa1]Kai[0x9d]"[0x10][0x89][0xdf]5/[0xbf]([0x17][0xb4]8: '[0x11][0xbc][0xfc][0xd7]9#1[0x13][0xb4][0xae][0x3]u[0x1]H[0x18]d!8[0xe8][0xd4][0x91][0x92]T[0x85][0xbc][0xfc]<[0xd0][0xb9]#e[0x99])[0xa0]<[0x93]ZL[0xd6][0xd2]_S[0xa4][0xf5]7.[0xa5]E[0xa0]5[0x1e][0xa0][0xad][0x4]9[\n]"
05:47:46.733 [main] DEBUG org.apache.http.wire -  << "[0xd8]][0x10][0xc]][0xea][0xac]PX[0x9a][0xaf][0x80][0xb4].;3[0x8f][0x9c]%[0xe9][0xa6]t[fc[0x8a][0xb4][0xcc][0x86][0xc6][0xd1]J[0xb7]e$[0xa6]t[FbJ[0xb7]e$[0xa6]H[0x87][0x90][0xd0]8[0x9e][0x90][0x8e][0x1b][0x9][0x8]6[0xc1],[0xf5][0x8b]M[0x14][0x92][0x12][0x8b]J[0x11][0xbd]#c[0xfc]k[0xab][0x90][0x9b]gt[[0xa2]b[0x8a]th[0x9][0xad][0xc3][0xb][0xd1][0xe4][0xa3][0xb5]M[0x88][0xc6][0x1d][0xad]m[0xa2][0xdb] [0xaf][0x5]f[0x83][\r]3[0xc9][0x11]}[0x4]#[0xbe][0xa6][0xb9][0x5][0xa2][0xb5]F[0xeb][0xd0]CT`[0xb4][0xb6][0x89]n[0xcd]4Kz-[0xfc]4EZ[0x1e]D[0xe3][0xd0]CZ[0xf2]Ck[0x9b][0xe8]VFX"[0xca][0x8][0xaa][0x97][0xde][0x96]t+[0x15][0x90]V[0xfb][0xd0]:f[0xe8][0x95]W[0xcd][0x90]N[0xea]q-J[0xcf][0xcf][0xcb][0xcf][0xcd]LVp[0xcc])[0xcd][0xcd][0xcc]+[0xcd][0xc5][0xba][0xed][0xcf][0xb1][0xb4]D!)5[0xb1]$1[0x15][0xbe][0xa9]-5W!7[0xb1]"37U!/57_!3'[0xa7]4[0x17][0xb4][0xe1][0xf][0xdc][0xf7]#[0xa7][0xa9]if@[0xaf]b[0xd1][0xcc][0x80]^[0x85][0x95][0xd9][0xe0]^'a6[0x18][0xd7]I[0x98][0xd1]k[0x9d][0x84][0x89][0x9]RUB[0xab][0x93]8[0xe9][0x95][0xd2]L[0x91][0xf6][0xb][0xd0][0xba][0xa0][0xa2][0x97][0x9f][0xcc][0x90][0xce]b[0xa5][0xad][0x9f][0xcc][0xc][0x10][0x95][0x15][0xad]m[0xa2]W[0xd5]efH[0xaf][0x6][0xad][0x19][0xd2][0x8a][0x19][0xec][0x93][0xc0][0x3]:Gm[0x86][0xb4][0xcc][0x6][0xbb][0xf3][0x10]=H[0xba][0xad][0xf2]6C:[0x16][0x8a][0xc6])[0xce][0x8][0xd1][0xe4][0xb][0x8]64[0xa0][0xa0]S[0x83]~[0x9e][0x11]|W[0x2]R5[0x7]9<[0x1e][0xc3][0x92]4[0xfc][0xe7][0xca][0x1b][0x9b][0x19][0xd1]-[0x7]"[0x9d][0xbc][0x94][0x9d]Y[0x90]X[0xac][0x90][0x98][0x97][0x8e][0xe5]d[0xf2][0xdc][0xd4][0xbc][0xf4][0xd4][0x9c][0xd2][0xc4][0xa2][0xec][0xc4]<[0x88][0x12][0x85][0xe2][0xc4][0xbc][0xf4][0xc4][0x12][0x85][0xec][0xd4][0xbc][0xe4]D[0xf0][0xae])[0xe8]q+[0xf8][0xf][0xf5][0x83][0x87][0x12][0xd2][0xf1][0x1b][0xe4][0x9d][0xbe]ol[0x86][0xb4]>[0x8]~\[0x83]SQ~^U*[0x8e][0xe1]@[0xc8]9[0x84]E[0xa9][0x5][0xa9]99[0xa9]y)[0xa5][0xc5][\n]"
05:47:46.733 [main] DEBUG org.apache.http.wire -  << "[0x89][0xc9][0xa0]#F@[0x7][0x8b][0x14][0x96][0x92]5$o[0x86][0xb4]t[0xc8]75%3?[0xb9]([0x15]4"[0x9]:[0xc][0x11][0xc7]![0x1a][0x8e]`;[0xf3]J2A[0x7][0x85][0x94]([0xe4][0x83][0xcf][0xd4]HT(K[0xcd][0xc9],Q[0xc8][0xcb]O[0xca],&[0xab][0xc5][0x88]t[0xcc][0xd4][0x90][0x8b]I[0xa4][0xb5]JC[0xcf][0xed][0x88][0xb9][0xd5][0xa1][0xe7]v[0xc4][0xb2][0x8b][0xa1][0xe7]vDIN[0xe3]:[0x3]iY[0x97]g^rQjJfRN[0xaa][0x2][0xac][0xa4][0xc9][0xc9]O[0xc6][0xdc][0xfb][0xea][0x9a][0x8]?fE!5/[0x13][0xd2][0x19],[0x6][0xe5][0xef][0xd4][0xe2][0xe4][0xcc][0xd2][0xbc][0x12][0x85][0x94][0xd2]d[0xf0][0x81]F[0x90]3[0x84]r[0xc9][0xca][0xf2]t[[0xda]e[0x86][0xb4][0xe0][0x8a][0xd6][0x81]M[0xb7][0x6]5[0xd2][0x9a] [0x1a][0xfb][0xc9][0x84]n[0xcd]\[0x13]D3[0x97]&[0x19][0x1a]g[0xa3][0x87][\n]"
05:47:46.733 [main] DEBUG org.apache.http.wire -  << "[0xd5][0xb9][0x9][0xe5]C[0x1e][0xc8][0xb7][0xe8][0xe0][0x19]t63[0xa1][0xdb][0xf0][0x12][0xd2][0xca][0x1f][0x1a]'2SD=Dk[0x9b][0x8][0x97][0xbc][0x0][0x0][0x0][0x0][0xff][0xff]"
05:47:46.733 [main] DEBUG org.apache.http.wire -  << "[\r][\n]"
05:47:46.734 [main] DEBUG org.apache.http.wire -  << "413[\r][\n]"
05:47:46.734 [main] DEBUG org.apache.http.wire -  << "R[0xc2]wR[0xb][0xd1][0xa7][0x92][0x98]![0xad][[0xa1][0xb5][0x9f](O|[0xc4][0xad][0xc5]3[0xa3][0xdb][0x1a][0xe]3[0xba][0xad][0xac]0[0xa3][0xdb][0xe9]1ft;[0xd3][0xc5][0xc]tK[0x0]]VV[0x98]![0xad]i[0xa0]q*[0xa7][0xdb][0xb2][0x2]3[0xa4]e[0x5][0x1e][0x5][\n]"
05:47:46.734 [main] DEBUG org.apache.http.wire -  << "a[0x99]e[0xf9][\n]"
05:47:46.734 [main] DEBUG org.apache.http.wire -  << "[0x91]FF[0x18]=[0xe1][0xdc][0xd4][0xdc][0xcc][0x9c][0xcc][0xec]L[0x85][0xe2][0x82][0xd4][0xe2][0xcc][0xb4][0xcc]l[0xd0][0x99]"[0x95][0x89]y[0xe9][\n]"
05:47:46.734 [main] DEBUG org.apache.http.wire -  << "[0x89][0x5][0xe0][0x93]F[0xa1][0x9d]Jc[0xd0][0xbd]0([0xa7][0xc5][0xa3][0xd7]DH[0xf3][0xd9]f[0xe6][0xa4]t[0x9f][0xb1][0x9c][0xff][0x8d]''S[0xaf][0xff]jb[0x82]t[0xbf][0x2]4[0xde][0x8d]1[0x2][0x88][0x1a][0xe5][0xa8][0x89][0x89]%)[0x1]B[0xc1])s&&HSD4[0x1a]EF[0xda][0x2][0x1a][0x92][0x98]Q[0xaa][0x90]T[0x9a][0x83][0xe5][0xc]D|[0xe1]F[0xdc][0xaa]I[0x13]S[0xa4][0x81][0x1c]2m"[0xb6][0xa6]31E[0x1a][0xe7][0xa7][0xbd]][0x88]F"4[0xdd][0xd1]fm[0x9f][0x89])[0xbd][0xf6])[0x9a][0xd0]mz[0xda][0xc4][0x94]^[0xd3][0xd3]&[0xa6][0x98][0xe5][0x3][0xad][0xe2][0x89]n[0xe5][0x83])[0xbd]&[0xab]ML[0x91]J"[0x1a][0xa7]r[0xba][0xcd]6[0x99]!-[0xa1][0xb][0x80]\[0xf3][0xa6][0xe0]X[0x9a][0x93][0x99][0xa8][0x80]Yqd[0xe6]e[0x82][0x96][[0x82][0xae][0x82]SH[0x84][0xab][0x81]V[0xa7][0xc4][0x95][0x80][0xc6]f[0xe6]t*)[0x8c][0xcd][0xcc][0x11]=2[0xec][0xd3][0x12][0x3];k[0x82][0xb4][0xfa][0xe][0xbb][0xf3]p[0xcd][0x9a][0xa0][0xef]J[0xa1]^[0xfb][0xc1][0xd8][0xc]i[0xd9][0x1e]vG[\r]p[0x98]![0xba][0x89][0xd8][0x9d][0x87]+[0xcc][0xd0]{[0xee]T[\r]3DK[0x8][0x9c][0x83][0xb2][0x15][0xdc]3Ss0[0x9a]]![0xa0]C[0xc6][0xf3][0xd2]A[0x17]$f[0x17]e[0x16][0x14]g"[0xdc]J[0xfc][0xde]A3[0xb][0xc4][0xb8][0xf][0x92]e[\n]"
05:47:46.734 [main] DEBUG org.apache.http.wire -  << "[0xd9][0xa9][0xba][0x98]-a*[0xd9][0x88][0xc8][0xb0]h6b[0x96][0x10]T[0xb2][0x11][0xd1]q[0xa6][0xcf]MWfH[0x17][0xa0][0x81][0xfd][0x98]\B[0xdb]B[0x10]ia[0x4][0x9d]|H[0xaf]&[0x86][0xb1][0x19][0xbd]*~c3zU[0xc7][0xc6]f[0x96][0x88][0xaa][0x84][0xa6][0x15][0xbf][0xb1]9[0xa8]CJ[0x97]![0x2]s[0xa4]kri[0xed]'D[0x9]Bk[0x9b][0xe8][0x16]OH]F[0x1a][0xfb][0xc9][0x10]1[0xa1][0xe6][0x19][0xe0][0xe1][0xef][0xe7][0xaa]`h[0xaa][0x10][0x10][0xe4][0x8f]Q[0xc1]x[0xb8][0xfa][0xb9][0x7][0xf8][0xfb]![0xaa][0x15][0x13][0xd0]H11w[0xe1][0x99]#[0xad]S[0xa3][0xb5]o[0x10][0xf5][0x17][0xed]|C[0xb7][0xf4][0x86][0xb4]0[0x87][0xc6][0xe1][0x86][0xb4][0xc6][0x86][0xd6]6![0xd2][0x1b][0xad]mB4[0x9c]hm[0x13]R[0x8b]"1[0xaf][0x4][0xb2][0xc3][0xcc]7[0xb1][0x8]4[0xe9][0xea][0x93][0x98][0x8b]y[\r][0x90]k[0x89]BFf2h[0xd5]m>[0xd2]4*h[0xf4][0x9b][0xa8][0xfc][0x84][0xb4][0x82]#)[0xb1]85[0xa5](-[0xb3][0x2]#[0xbf][0x82]eR[0xd3][0x12]KsJR@;[0xdd][0xa0][0x1d])3K[0xd0][0xe0]-q[0xd6][0xd0]kb[0xd3][0x1c][0xe9][0xe6]+[0xda][0x8c][0xbd][0xa2]7[0xd0][0x91][0xc6]^[0xcd][0x91][0xee][0xc0][0xa2]q:[0xa1][0xdb]q#[0xe6]t[0x9b][0xfd]6[0xa7][0xee]i#[0xf8][0xe2][0x9]i[0xc2][0x96][0xc6][0xf1][0x84]t[0xf6][0x5][0xad]mB[0x94][0x1c][0xb4][0xb6][0x9][0x91][0x99]iV3[0x82][0x1a][0x4][0xd0][0xd6]%[0xfd][0xb3]1[0xd2]l[0xf2][0x0]XN[0xb7]Z[\r][0xe9]R[0x1c][0x1a][0xa7][0x18][0xa4][0x8b]i[0x6] @[0x11][0x19]c[0x0],G[0xb4][0xf3][0x7][0xc0]rDF[0xa5][0xbf][0xe5]H[0x87]([0xc][0x80][0xe5][0x88][0xf5] [0x3]`9"[0x7][0xd3]c[0x8c][0xc6][0x9c]n[0xb][0x10][0xcc][0xe9]v[0xb4][0x83]9[0xd2][0x2][0x4][0xec][0xe3][0xa7][0x3]:[0xbc]k[0xe]j[0xf8]B[0xab]'[0xec][0xce]C[0xea][0xdb]Z[0xe2][[0x98]E[0xc5][0xe1]]s[0xba][0x9d][0xd0]`[0x8e][0xb4][0x94][0x2][0xbb][0xf7][0x7]6v[0x90][0xd6]_`w[0xde][0x80][0xc4][0xe][0xa2][0xf]9[0x88][0x1c][0x85][0x18][0x80][0xc0][0xee][0xa8][0x1][0x8e]HD[0xed][0x89][0xdd]y[0x3][0x12][0x91][0x88]Zu[0xf0]8jpO[0x87][0x99][0xa3][0xdc][0xce][0xe2][0x1f][0x81][0xef]r[0x16][0xba]m[0xbc]2G[0xba][0x9e][0xc5][0xa5]4[0xbb]4[0xf]c[0xdc][0x3][0x91][0xba][0xcc][0x88]>O[0xc4][0x1c][0xe9][0xf4][0x8][0xec][0xc9]c`[0xb3][0x14][0xca][0x9d]/[0x83]&&[0x8]e[0xa9][0x81][\r]3[0xa4][0xe3][0x1f][0xb0]G)"[0xa1][0xd0]/[0xf5]Z[0x12][0x9a]a[0x1e][0xe0]0C[0xc][0x9f][0xf][0xa2]0[0x1b][0xdc][0xd5][0x1d][0xd2][0xe4][0xdd] [\n]"
05:47:46.734 [main] DEBUG org.apache.http.wire -  << "[0xb3]A[0x9d]7-[0x90][0x8e][0xb0][0x18]4af[0x81][0xb4]][0x9d]&;Q[0xd0][0xc7]6[0xa9][0xd8][0x8b][0xb0]@[0x9a]m[0x1d]zn'[0xd4][0xc6][0x1e][0xd0]2[0xd1][0x2][0xe9]&[0x9b]A[0x94]V[0x11][0xc3]c[0xb4][0x1d][0x5][0xb4]@:l[0x85][0xee][0x83]2[0x16]H[0xd3][0xe0][0xd8][0xc3]~`[0x93][0x6][0xd2][0xdc]9v[0xe7][\r]@[0x13][0xc3][0x2]i[0xb2]}[0xc8][0x15][0x5]Hk[0xca]a[0x1][\n]"
05:47:46.734 [main] DEBUG org.apache.http.wire -  << "[0x0][0x0][0x0][0xff][0xff]"
05:47:46.734 [main] DEBUG org.apache.http.wire -  << "[\r][\n]"
05:47:46.734 [main] DEBUG org.apache.http.wire -  << "22A[\r][\n]"
05:47:46.734 [main] DEBUG org.apache.http.wire -  << "B=[0xa0]s[0x80][0xe3][0x9b]PKd@[0xe2][0x9b]nE[0x1][0xd2]r[0x84][0xa1][0x97][0xb2][0x10][\r]"p[0x81][0xe9]X[0x94][0x99][0x9e][0x98]_[0x2]:}[0x12]5[0x85][0xe1][0xdb][0x86]A[0xec][0xe6][0x8]c[0xb][0xa4][0xf5][0x14]C.[0xa8][0x90][0x8e]6[0xa1][0xcf][0xea]A[0xb][0xa4]#N[0xc0][0x91][0x13][0x10]L[0x9b]m[0x3][0xc6][0x16]H[0xc7][0x94][0xd0][0xcb]o[0x88]2[0x83][0xd6]~[0xa3][A[0x80]tp[0x7][0x8d][0xfd][0x84]t[0xcc][0x6][0xad]mBL>[\r][0xb9][0x1c]k[0x8c]V[0xb8][0xd1].[0xff] [0xed][0xd6][0xc7][0x19][0x1f][0x88]J[0x90][0xf8][0xf2][0x12]i'[0xbd][0x2]F[0xa5]O[0x9d]"[0xd9][0x84]n[0x81][0x84][0xb4][0xc]b[0xc8]%%[0xa4]U[0x14]8#[0x98]:[0xf1][0x81]t[0xc3][0x6][0xad]mB[0xc][0xba][0xd1][0xda]&DW[0x96][0xd6]6!F[0xea]hm[0x13][0xdd]*0[0xa4]k0h[0xed]'DY0[0xe4]r([0xd2][0x12][0x8d][0xa1][0xe7][0xf6]!\[0xc9]"[0xdd][0xc5]1[0xf4][0xc2][0x1d]Q[0x2][0xe]=[0xb7]#[0xca][0x9f][0xcc][0xbc][0x94][0xfc][0xdc][0xcc]T[0x8c][0x6]Bbv[0xa9]Bqiv[0xa2][0x2]B[0x1]t[0xb5][0xb3][0x11][0xd1]S[0x80][0x16]H[0x8b]W[0xa0][0xa5][0xf][0xe6][0x84]'[0xbe][0x9a][0x8f]n[0x93]H[0x16]f[0x88][0x9]v[0x9c].E4[0xc2][0xf0][0xed][0x9c][0xa5][0xe6][0x10][0xb4]9b[0x1][0x15][0xc4]U[0xc5][0xa6][0xc5][0x18]1[0x5][0xf]@[0xf4]3,[0xcc][0xcc][0xcc][0xf0][0x9c]a[0x81][0xb4]\[0xdb][0x2]i[0xaa][0x16][0x11][0xdd][0xa8]}x[0xaa][0xa4][0x7][0xa4]c[0xfe]ik[0xf]"6ik[0xf][0xa2][0xce][0xa3][0xa9]=H[0xf3][0xae][0xb4][0xb5][0x7][0x91][0xde]hk[0xf]R[0xb7][0xba]2/[0xb5](=[0x13]|[0x81][0x10][0xe4][\n]"
05:47:46.734 [main] DEBUG org.apache.http.wire -  << "-[0xec][0x97][0xf8]x[0x16][0xe5][0x83][0xd6]%[0xc0][0xca] K[0xd0][0xae]Zbv\X"m[0xcf]C[0x1c][0xed][0xe]2M[0xc1])[0xbf][0xa4]$[0x7][0xb3][0xe4]s[0xce][0x7][0x1d][0xef]W[0x2][0x92][0x80][0xda]fn[0xe][0xca][0x88][0xc4][0xd9][0x86][0xa8][0x8d][0x83]sRS[0xb3][0x15][0xdc][0x8b][0x12][0xf3]2KR[0x15][0xc2][0x13]srRK02/[0xec][0x8c]yD[0xd9]bb[0x0][0xda]fN[0x9c]e[0x88]`[0x1c]bU[0x90][0x89])[0xbd][0x8e][0x97]615@[0x14][0x6]4?T[0x5]if[0x7][0x8f]][0x88][0xc8]&[0xb6]7ob[0x8a]4/[0x82][0xc7]dx]@[0xc9][0xf1]=[0xa6][0x86][0x88]b[\r]R[0xed][0xd0]h[0xec][0xd0][0xc4][0x14]i\[0x14][0xfb][0xe4][0x4]"[0xa8][0xe8][0xd5][0x16]01[0xa5][0xd7][0xd0][0xa9][0x89])[0xbd][0xee]k71E:%[0x99][0xa6]Qjl[0x81][0xb4][0xef][0x8c][0xda]6[0x1][0x0][0x0][0x0][0xff][0xff]"
05:47:46.734 [main] DEBUG org.apache.http.wire -  << "[\r][\n]"
05:47:46.734 [main] DEBUG org.apache.http.wire -  << "2F4[\r][\n]"
05:47:46.734 [main] DEBUG org.apache.http.wire -  << "R[0xb2][0x8a]Fn[0xb5] [0x9d][0xc8]Jk[0x9b][0x10]E[0x88]cjQ~Je^"[0xe8][0x82][0x10][0xd8][0xc5]w![0xa0][0x1b][0xe8]0[0x8a]v[0xd7][0x8a][0x82][0xd4][0x94][0xcc][0x92]D[0x85][0xd2][0x12][0xd0][0xb1][0xce][\n]"
05:47:46.735 [main] DEBUG org.apache.http.wire -  << "[0xc9][0xf9]E[0x5][0xf9]E[0xe4][0x9d][0xeb]l[0x81]t-t0R[0x8d][0xe9][0x93][0x99][0x97][0x9a][0xa7][0xe0][0x94][0x98][0x8e]i{q[0x89]BjQQ~[0x91]B^fFf[0xe][0xc8][0x5][0x99]%[\n]"
05:47:46.735 [main] DEBUG org.apache.http.wire -  << "[0xc5][0x99]y%[\n]"
05:47:46.735 [main] DEBUG org.apache.http.wire -  << "E[0xa9]E[0xa5][0xb9][\n]"
05:47:46.735 [main] DEBUG org.apache.http.wire -  << "[0xa5]99[0x89]d[0x1d]8kA[0xb7]Mc[0x16]&[0x88][0xf6][0x8][0x8d]c[0x98]n[0xc7][0xc0]Z[0xd0]m#[0x9c][0x5][0xdd][0xe][0x9c][0xb5]@[0xba][0x12]u[0x88]5D[0x8c]-[0x90]v0@[0xd3][0xd8]`[0xed][0xa3]bnk[0xc0]t)[0xa2][0xbe][0xa4][[0x1f][0x15][0xa9][0xc5][0x9b][0x9f]W[0xa9]@[0xbb][0x89][0x12][0xcc][0x3][0x1d]1[0xfd][0x8f][0xaf][0x1]D[0xaf][0x16][0x84][0xb1][0x5][0xd2][0x9]]8[0xd3][0xd4][0x0][0xc4][0x14]b[0xd4][0x7][0xa7][0xab][0x6]I[0xf8]!:68]:[0x0][0xe1][0x87]h[0x5]`o[0xac][0xe][0xec]J[0x1a]P[0xb7]q[0xb0]m[0xc5][0xb2]@[0xda][0x8e]A[0xd3][0x11][0x5][0xcc]+E[0x7]k[0xd9][0x80][0xb4][0x3]d[0x10][0xa5]m[0xb][0x8c]Y[0xb6]A[0x1b]~[0x18][0xb3]t[0x98].[0xa5][0xd9][0x80]t[0x84][0x16]M[0xd3]9[0xf2][0x1]Z[0xe0][0xf1]%[0xd8][0x0][0x92]BxbIr[0x6]F7[0xc0]'5[0xb1]$#[0x15][0xe9][0xac][0x12][0xb]#[0xd0][0x1e]tb[0x86][0x97],[0x90]V[0xe1]C[0xc6][0xb2][0xc2][0xf3][0xf3]s[0x88][0x1f][0xc8]22[0x2][0x95]H[0xc4][0xd9][0x84]4[0xe0][0x80][0xd4][0xbb][0x9][0xce][0xcc][0xc9]Vp[0xc6]z[0xb5][0x6][0xe4][0xde][\r]D<[0x1b][0x19][0x81][0xc6][0xb0][0x89][0xb1][0xcc][0x12]iM[0xba][0x1b][0xfc]d[0x19][0x88]y[\n]"
05:47:46.735 [main] DEBUG org.apache.http.wire -  << "[0xce][0xf9]XN[0x11][0xe][0xce][0xcf])-ITH-QH.-[0xc8][0x4]u[0xe9]JR[0x91][0x8e][0x98][0xc1][0xd5][0x11]R[0x87][0xd5][0x12]y[0xcc][0xb][0xc9][0x9b][0xce][0xf9][0x5][0x5][0xa9]E[\n]"
05:47:46.735 [main] DEBUG org.apache.http.wire -  << "[0xde]y[0x99]i[0xa0]AG[0xd4]qw[0x88][0xc3][0x10][0x1e][0xb5][0xb0][0x4]u[0xb0][0x89][0xf3]("[0xa7][0xc][0xb5]V[0xb9]%[0xd2][\n]"
05:47:46.735 [main] DEBUG org.apache.http.wire -  << "qH[0xda][0x83][0x1e][0xfd][0x13][0x90][0x98]W[0x82]9[0x5][0x12]T[0x9a][0x94][0x84][0x9c][0xc8]M[0xcd]@[0x97][0x13][0x17]H[0x88]J[0x1d]b[0x11]<Ca[0xb7][\n]"
05:47:46.735 [main] DEBUG org.apache.http.wire -  << "[0xda][0xe7]GD[0x88][0xa5][0x5]h[0xd5][0x5]qv![0x92]9[0xf2]0[0x2][0xdc]F[0xef][0xd4][0xca][0xa4][0xfc][0xc4][0xa2][0x14][0xc2][0xb9][0xd8][0xc]|[0xfe][0x17]Q[0x96]"[0xad][0xf7][0x1e]r[0xa9][0x0][0xe9][0xec][0xed][0xe0][0xdc][0xc4][0x9c][0x1c][0xa4]+Y[0xb1][0x96][\n]"
05:47:46.735 [main] DEBUG org.apache.http.wire -  << "X"[0x7][0x94][0x90][0x88][0xb]'[0xc4]X[0x83]g^IjNNfzj^[0x89][0x2]d[0x84][0x5]{Z[0x0][0xcf]W R[0x82][0xb9][0x85][0xa1])q[0x13]n[0x96]H[0xb][0xca]=R[0x13][0xcb]*[0x15]\JK*[0x11][0xbe][0xc3][0x99][0x10]@[0xf3][0x16][0xc8][0x16][0x82][0x86]b[0x88][0xf3][0x1d][0xa2]~[0x87]_P[0xe6][0x9c]_R[0x92][0x9f][0x87][0xab]@[0x87]d8[0x84]e&[0x96][0xa0][0x81]t[0xe2],C[0x14]<[0xc8][0x83]U [0xc7]+8[0xa5][0xe6]a[0xa9][0xa6]0K9[0xd0]q[0xca][0xc4]Y[0x86][0xe8][0xd5][0x4][0x14]%&[0x97]d&'[0xe6][0xc0][0xae]e[0xf2][0xc0]R[0x9a]C'd[0x10][0x1e]35[0x6][0xad],&[0xce].[0xa4]~[0x9]8=[0x6]$[0x82]Jn[0xec]U/z[0x0][0x1a][0x19][0x83]V[0xca][0x12]g[0xf][0xa2]P[\n]"
05:47:46.735 [main] DEBUG org.apache.http.wire -  << "*[0x5]O[0x8d]A[0xeb][0x8][0xac][0xf5][0x13]D[0xe][0xe1]!KS[0xe2]-B)[0x91][0x0][0x0][0x0][0x0][0xff][0xff]"
05:47:46.735 [main] DEBUG org.apache.http.wire -  << "[\r][\n]"
05:47:46.735 [main] DEBUG org.apache.http.wire -  << "800[\r][\n]"
05:47:46.735 [main] DEBUG org.apache.http.wire -  << "[0x82][0xf]lB[0xca]S[0x5]l[0xc1][0x7][0x91]BXfd[0x2]:[0xb4][0x99](_[0x81][0x82][0x19][0xda]AA[0xba]A[0xb][0x92][0xc1][0xb0][0xd7][0xf2][0xe8]Ahf[0xc][0xca]8[0xc4]Y[0x86][0xc8][0xce]>[0x99][0xe9][0x19]%[0xe5][0xa9] R[0x1]b"V[0x9f][0x85][0xe7][0xe7][0xa7][0xa4]"[0xcd]1[0x9a]Z[0x82]V[0xca][0x12]g[0x19]"w[\r][0xb9]2[0x16]y[0xe][0x2][0x9c][0xa6]a[0xf3][0x9f][\n]"
05:47:46.735 [main] DEBUG org.apache.http.wire -  << "[0xd8][0xb]=[0x8c]2[0xd6][0xcc][0xc2][0xd4][0x98][0xc8]b[0xf][0xe9][0x9e]Ix)[0x4][0xc9]B[0xd8][0x92][0x1a]F[0xdb][0xd5][0x8]|p<q1[0x82][0xc8][0xa9][0xae]y[0xf9]E[0xb9][0xf9][0xa5][0xc5][0x88][0xe2][0x15][0xbb][0xc7][0xd0][0xb3][0x91][0x91][0x5][0xe8][0xcc]_[0xe2]lC[0xe4]W[0xe4]l[0x84][0xdb]k[0xa0][0x96]-"[0xf][0x11]~[0xa0]%[0xd2]2q[0xc7][0xf2][0xd4][0xe2][0xfc][0xdc]T[0x5]h1[0x1e][0x9c][0x91]Y[0x84]9[0xbf][0x8c]VEYX[0x12]{ "8[0xf1]Cs+b[0xde][0x1c][0x9e]6p[0x14]D[0xa0][\n]"
05:47:46.735 [main] DEBUG org.apache.http.wire -  << "[0x5][0xe1]/[0xb][0xb][0xd0][0x82][0xf][0xa2]B[0xd0][0x18]1[0x8a][0x88][0xb0][\r]ZT+[0x4][0xe4]$[0x82][0xa7][0xe3]Q[[0xc6][0xa0][0xea][0x4]a[0x97][0xb1]1h[0x1f]8qv![0x8a][0x6]h[0xe9][\n]"
05:47:46.735 [main] DEBUG org.apache.http.wire -  << "[0xc9][0xfa]8[0xec][0xc1]H[0xf0][0xe6][0x86][0xa0][0xd1][0x6][0xe2][0xac]B,[0x12][0x83]'Ch[0xb2]V[0xc0]z[0x8a]%[0xd4][0xcb][0x8]Y[0x18][0x12][0xdd][0x94]E[0xba][0x8][0xd0][0xa5][0xb4][0x8]4'[0x85]H[0xf2][0xd8][0xab]]P[0x87][0xe]a[0x95][0x19][0xf1]+[0xf][0x90][0xce]B[0x1c]r[0x5][0x1e][0xd2][0xe9][0x8a][0xc8]5[0x3]<i[0xe3][0xb8][0xb0][0x15]5[0xb9][0x99][0x9a][0x80][0xe6][0xa6][0x88]K[0x3][0x88]:[0x16][0xd9]>x[0xab][0x1f][[0xd1][0x87][0x1a]1[0xa6][0x86][0xa0][0xd3][0xce][0x89][0xb2][0xc]i[0x9e][0x10][0xd9]2h[0x2][0xc7][0xbe][0xb4][0x6][0xbd]J71[0x4][0x9d][0x8d]A[0x9c]u[0x88]l[0x8b]T[0xa5][0x83][0xb][0x1d][0x1c][0xb7][0xef][0x82][0xe5][0x10]i[0xce][0xc8][0x18]tT(qv![0xb2]-[0x92]][0xd0][\n]"
05:47:46.735 [main] DEBUG org.apache.http.wire -  << "[0x1d]{[0xfb][0x1][0x16][0xa7][0x8][0xfb][0x8c][0xc1][0x87][0x84][0x11]g[0x1f]R[0xde]-J[0xcf][0xcf][0xcb][0x7]M[0xf9][0xc2][0xb][0xdb][0xfc]T[0xcc]n(j[0xa9]nn[0x8][0xba][0xe6][0x84]8[0xab][0x10][0xed][0x7][0xe4][0x6]34[0xd6]p$[0x10][0x94][0xc6][0x8a][0x99]%[0xd1][0xe9][0x11]iZ[0x10]~a2[0xa4][0xa6][0xc2][0xde][0x8e]E[0x8f]1[0x13][0xd0][0x8]&q[0xde]B4[0xcd]![0xdd]7h[0xe9][0x86][0xa3][0xa0][0x85][0xca]""[0xcb][0xd2][0x14]t[0xa2][0x1b]qV![0xea]{[0x8c]A[0x1d]l[0xe1][0x7]nu"l23 zT[0x5]y[0xcf][0xb]x[0x4][0xe][0xd2]n [0xd6]O[0xc6][0xa6][0xa0][0x93][0x86][0x89][0xf2][0x13][0xd2][0xbe][0x91]!W[0xc8][0x82][0xc6]D[0xa0][0xad][0x7][0xe8](7[0x8d][0xb6][0x1f]Z[0x82][0x1a][0x9f]P[0x9b][0x90]K<h[0xad][0xad][0x80][0xa3]4[0x87]D[0x1a]"[0x1][0x98][0x9a][0x80][0x6][0xe7][0x88][0x8b][0x16]DfEt8a[0x95]:[0xf6]r[0x8]#e[0x9b][0x98][0x82][0xb6][0x1c][0x10]g[0x1d][0xa2]3[0x8d]4T[0x0][0xaa][0x8d]p[0x8c][0x18]B}[0x8e][0xf0][0x9b][0x91]![0xb1][0xb][0x81]-Ac[0xc3]X[0x2][0x13]\[0x4][0xe0][0xe8][0xf][0xa0][0x16]zFfD7[0xc3][0x90][0xb6][0xa6]@[0x9b]a[0xf0]*18[0x3]k[0xf1]Z[0x92][\n]"
05:47:46.735 [main] DEBUG org.apache.http.wire -  << "[0xbe][0xa4][0x5][0xba]*[0xd3][0xd2][0x14]4[0xb4]E\[0x18]"[0xda][0xe7]P[0xab] [0xf1][0x8f]cp[0x19][0xec]]D[0xf8][0x99][0x18][0x82]f[0xb1][0x88][0xb3][0x8]{][0xf][0x8e]-[0xec][0x95]/[0xb8][0xe4]E[0xb2][0x8b][0xf8]f,([0x5]A[0xe3][\n]"
05:47:46.735 [main] DEBUG org.apache.http.wire -  << "[0xde][0x99][0x82]z[0xb]{[0x7][0x7]#aX[0x18][0x81][0xee][0x18]![0xca]c[0xa0]n[0x3][0xd4]2[0xe4][0xd1]1P;[0x5]G2D+a-[\r]A[0x1d]M[0xe2][0xec]BT[0xf4](9[0x1a]:[0xd6][0x82]u[0x1d]-Z[0x94][0x99][0x9b][0x13][0xef]3DvF[0xca]_[0xd0]f[0x5][0xf6]f3[0x9a][0xd7]Hh[0x9e][0x81]2"4[0x18][0x87]\[0x91][0x8e][0xb9][0x99][0x83]VE:[0xe6]f[0xc][0x9a][0xd9][0x84][0xc8][0xaf]4[0xae][0xa6][0x90][0x16][0xef][0xd0]r[0x82][0xd0][0x12][0xb4]R[0x1d][0x9a][0xc2]hk[0xf]"[0xdb][0xd0][0xd6][0x1e]D[0xc][0xd1][0xd4][0x1e]P[0x11]O[0x8f]p[0x3]MSB[0xed][0x9][0x8]V[0xc0]L[0xd7][0xe9][0x89][0xb9][0xa9][\n]"
05:47:46.735 [main] DEBUG org.apache.http.wire -  << "[0xa6][\n]"
05:47:46.735 [main] DEBUG org.apache.http.wire -  << "[0xc5]%[0x89]H[0x93][0xb6][0xf8]W.!O1[0x82]znP[0xe3]i[0x9c][0xa0]A]R[0xfa][0xd8][0x4][0x1a][0x86][0xa3][0x93]M[0x88][0xee],[0x8d]C[0xf]T=[0xd1][0xc9]O[0x88]n,M[0xfd]db[0x80]<[G[0xcb][0x95][0x80]&[0x6]H[0x9b]!h[0xed]'[0xfa][0x85][0x1e][0xa2]@[0xa5][0xb5][0x9f][0x10]=[\n]"
05:47:46.735 [main] DEBUG org.apache.http.wire -  << "Z[0xdb][0x84]4[0x0]@[0xe3][0x14][0x81][0xe8][0xff]g[0x6]d[0xe4][0xe7][0xa5][0x1a]b^u[0x8][0xde][0x1f][0x99][0x9a][0x2][0xbb][0x10][0x15][0xa9][0xd1][0x8d][0xf7]drD[0xf1]jb[0x80]t\[0x13][0xad][0x83][0xe]Q[0xef][0xd1][0xd8]&[0xa4]i9Z[0xdb]D[0xa7][0xe2][0xd5][0xc4][0xc0][0x8][0xd1][0x85][0xa0][0xb5][0x9f][0xe8]V@[0x90][0xb5][0x85][0x7][0x91][0xc8][0x89][0xde]jf[0x0][0x1a][0xa0][0xa2]G[0xdd]db[0x80]4Z[0x9d][0x9b][0x99][0x93][0x8d][0xb1][0xee][0x5][0xe1]z|[0xab][0xd9][0x91]3(hA[0x4][0xd4][0xed][0xd4]2[0x11][0x11][0xc1]t9[0xde][0xca][0xc4][0x0][0xe9]@ [0xcf][0x2]PY[0xa6]`h[0xa8]`f[0xa2][0x90][0x9e][0x84][0x11]@[0xf8][0x96]k[0x13][0x1f][0xe1]H[0xf7][0xdf]`_[0xd8][0x8c][0x88][0x7][0xfc]-Q[0xea][0xed]}71@[0x1a][0x8a][0xa2]](P[0xd1][0xc1][0xe0]q]h[0xd2][0xb][0xce][0xae][0xca][0xcf]W[0x8][0xcf][0xcf]IK[0xce]H[0x4]-)@[0x9d][0xb9][0xc].)J[0xac][0xcc][0xce]L[0x1][0xcd] @[0x7][0xb3][0xc][0xcd]@[G[0x89][0x18][0x1e]11E[0x9a]*[\r]N[0xcc]-.[0xcd]KW[0x8]62V[0x8][0xcd]))J[0xc4]H [0xee][0x89]9[0x89][0x15][0x95][0x88][0xf8]#2[0x1f][0x99][0x82][0x86][0xc3][0xa1][0x9e][0x19]4I[0xc2][0x14]4U[0x4]u[0x14]a[0x9f]#[0xfc]LJ[0xd8]"5[0xc2][0x8][0x86]mFfe"([0xc4][0xa1]QHt[0xd0]"[0x1a]E[0x83]'h[0x91][0xf6][0xbf][\r]"G![0xc5][0x6]M[0x9b][0x8f][0xa6]Hsb[0x83][0xc8][0xfb][0x83]1[0xa1] [0x1d][0xc4]6xB[\n]"
05:47:46.736 [main] DEBUG org.apache.http.wire -  << "i[0xa6]l[0x10]9[\n]"
05:47:46.736 [main] DEBUG org.apache.http.wire -  << "[0xa9][0x9b][0x5][0x9e]([0x84][0x8e][0xbf]c]|[0xe6]Z[0x91]Z[0x94][0x9c]Y[0x92]X[0x92][0x99][0x9f][0x97][0x9a][0xab][0x90][0x9b][0x98][0x9e][0x97][0xa9][0x90][0x9f][0x92]Y[0xa2][0x90][0x92][0x9f][0x93]_D[0xc6]rs[0x13]S[0xa4][0x1a]t[0xf0][0x84][\n]"
05:47:46.736 [main] DEBUG org.apache.http.wire -  << "[0xd2][0x91]O4m[0x99][0x1b][[0x9a]#[0xb2][0xf]MG[0xe]A[0xeb][0x1f][0xa1][0xb5][0xd2][0x90][0x1b][0xd3][0x7]M[0xe5]C[0xdd]N[0x93][0xd1]HD[0x1]N[0x13][0xe3][0x11]9[0x8c]&[0xc6]#[0xc6][0x14]ha<[0xd2][0x96]![0x1a][0xe7][0x4][0xd0]:[0x14]h,[0xd3][0xda]&D[0x9e][0xa3][0xb5]M[0x88][0xc8][0xa1][0xb5]M[0x88][0xc9]cZ[0xdb]D[0xb7]1[0x1f][0xa4]C[0x91]h[0xea]'[0x13][0x3][0xa4]kIhm[0x13][0xdd][0xc6]|[0x90]n[0x6][0xa1][0xb5][0x9f][0x10][0x5]([0xad]mB[0x94][0xa5][0xb4][0xb6][0x9]QF[0xc][0xb1][0xfa][0xd2][0xc4][0xc0][0x0]Q[0xea]`oR[\r][0xe4][0x16]p[0x13][0x3][0xd0][0x18][0x2][0xb4][0xa0][0xc7][0xee]<D[0xa7][0x98]~[0x3]9[0xa0]U:PG[\r][0xb9][0xf8][0x6]m[0xa4][0x81][0xba][0x9d][0xf8]\[0x81][0x8]d[0xe2][0x87][0xe0]@[0x8b]c[0xe8]c[0xd1][0x10][0xce]}H[0x9b][0x1f][0x86]\J[0x2][0xed]%[0xa2]K[0x4]#[0xf][0xf][0x12]=hBN[0x92]E[0x1a]"[0xa4][0xd2]P;[0xd2][0xf8][0x1e][0xb5]LD[0xd4][0x9f][0xd4]2[0x91][0x9c]z[0x92][0xac][0xe0]EdT[0xda][0x16]=Cw/[0x87][0x89][0x1][0xd2]^[0xe]zM[0xce] Z[0x99][0xd4][0x9b][0x96]0[0xd5]QrN,IM[0xcf]/B?[0xe5][0xce][0xc4][0x0]ih2 [0xd8][0x4]c[0x80][0xbf][0xa0][0xd8]D!)[0xb1][0x8]t[0xe9][0xe]t[0x1c][0xda][0x98][0xd8][0xf3][0x99]M[0xc][0x90][0xae][0x88][0xa0]m[0x1a]3A[0xf4][0xa1][0xa8][0xdf][0x95]61@^[0x93]Ot[0x99][0x87]4[0xfb]B|=[0x8d]4[0xfc]I|[0x88][0x91]g[0x13][0x85][0x93][0xe5]DNG[0x18] [0xad][0xd4][0x87][0xed][0x1a][0x83][0xec][0xc6][0xc6][0xb1][0xae]7[0xb0]43Q!5[0xbf]X[0xa1][0x8]2X[0xa9][0x90][0x97][0x9a][0x9c]Z\[0xc][0x1e][0xbb]L*-VH+M[0xcf]L,QH[0xcc][0xcb][0xcc][0xcd]D[0x1a][0xb6]4[0x2]u9[0x89][0x99][0xdf]2@Z[0xd0]OV[0x10][0x13][0xed]qD[[0x9e],{HH4[0x88][0xd4][0x8f][0xb4]s[0x9]6[0x1c][0x8c]c[0x87][0x82]k[0x85]BaibjQ"[0xe8][0xf4][0xc8]"p[0xf0][0x16]#[0x85]'[0xb1][0xa7][0x8e][0x98][0x18][0x98][0xd2]mT[0x1]iE:|g[0x11]xa[0xb6][0x82]s~nAi[0x9][0xf8][0x88][0xe][0xd4][0xa9]P[0xc7][0xe2][0x82][0xd4][0xa2][0xcc][0xfc][0xa2][0xd4]b[0xc8][0xd9][0x94][0xf9][0xc9][0xc9][0x89][0xa9][0xc9][0x89]%[0x99][\n]"
05:47:46.736 [main] DEBUG org.apache.http.wire -  << "[0x85][0xa5][0xe4]%[0x1f][0xe4][0x95][0xea]4[0x9b]=[0xa7][0xe2][0xbc][0xb1][0x1]h[0x8f][0x13][0xb4]eH[0xcb][0xa5]Kf[0x88][0xa6][0x10]M[0xad]A[0xb4][0x8f]hj[\r]R[0xeb][0x8][0xe9]([0x1d][0xf0]F[0xb][0x1c][0x19][0xca][0xb1][0x14]:[0x99][0x92][0x9a][0xab]P[0x94]Z[0x90][0x9a][0x93][0x93][0x9a][0x97]R[0x8a][0x9c][0xa7][0x88]/[0xa3][0x90]V[0xa8]{[0x6]x[0xf8][0xfb][0xb9]*[0x18][0x9a]*[0x4][0x4][0xf9]cT[0xcf][0x1e][0xae]~[0xee][0x1][0xfe]~[0x88][0x6][0xa0][0x9][0xa8][0x6]![0xaa][0x1c]D:[0x98][0x92]fv [0xad]J[0xa7][0x9d][0x1d][0x88][0x8a][0x8c][0x86][0xf3]0&[0x6][0xe6][0x88][0x85]:[0xb4][0xb5][0x7])[0x85][0xd3][0xee][0xf2][0xc][0x13][0x3][0xd0][0xbe]oX[0xb9]@K{@[0xa7]tA[0xed][0xa1]q=[0x88][0xb4][0xc6][0x9e]f[0xa9][\r][0xb4]5[0x1f][0xea][0x1b][0xda][0xd9][0x81]HiT[0xb1][0x3][0x0][0x0][0x0][0xff][0xff]"
05:47:46.736 [main] DEBUG org.apache.http.wire -  << "[\r][\n]"
05:47:46.736 [main] DEBUG org.apache.http.wire -  << "273[\r][\n]"
05:47:46.736 [main] DEBUG org.apache.http.wire -  << "[0xc2][0xd6][0xec]G:[0x90]o[0xf0][0xc][0xe5]!m^[0xa0]e[0xe1][0xe]:5[0x2][0x1a][0x87][0x83][0xc7][0xef]Hwp[0xe0][0xcc]&[0x88]b[0x9e][0xf8][0xc6]![0xbd]v[0x2][0x98][0x18]X"Z[0x0][0x83](X[0x91]*r[0xa2][0xbb]nd[0x85]3[0xa2][0xb9]?[0x88]|ON[0xdb][0x9c][0xc][0xdf][0x83]{[0xb][0x83]-K[0x19]"[0x9d][0xc4][0x88]3Ka[0xac]p%[0xcb][0xf7][0x88][0x2][0x9b]x[0x8b][0xc8][0xe9][0xb5][0x1b][0x82]v[0x91][0xf][0xbe]p&'[0x8f][0x91][0xe7]}D&[0xa3]U[0xcd]h[0x8]:[0x86][0xe][0x1a][0xc4][0xb4][0x8e]LD[0xee][0xc]([0xca]O)M.Qp,[0xcd][0xc9]LT[0xc0][0xdc][[0x92][0x99][0x97][0x9][0xdb]W[0xa2][0x90][0x8]W[0x3][0x1d][0x91]#rD[0xc2][0x10]i[0xa6][0x8c]>[0xf6]!Z[0xe6]4[0xe]I[0xa4][\r][[0xf4][0xf1][0x19]"[0xc3][0xd3][0xc7]>D[0xd5]J[0x1f][0xfb][0x10]}[0x10][0xfa][0xd8][0x87](A[0x9c][0x8a][0x12][0x93]S[0xb1]]e[0xe5][0x9b][0x98][0x92][0xaa][0x90][0x9f][0xa6][0x90][0x91][0x99][0x9e][0x1][0x1a][0xba][0xca][0xc9],[0xa9]T(HM,[0xca]A.J@[0xbb][0x8d][0x88][0xe9][0xfe][0x1a][0x1a]"[0x8a][0x12][0x97]0[0x17][0x5][0xef][0xcc][0xdc][0xd4][0x92][0xe2]R[0x85][0xbc]|[0x85][0xc8][0xc4][0xcc]$[0xd0][0xba]k[0xd4][0x91]$D[0xbd]`hd[0x80]:[0x4][0x8e]gx[0xdd][0x10]iG[0x17][0xc8][0x1a][0xdf][0xd2][0xf4][0xd4]<[0x85][0x90][0xa2][0xc4]L[0xcc]e[0xfb]xl0[0xc0]=[0x80]o[0x88]t[0x9b][0x12][0x8d]l[0x0][0x85])[0xb4]D[0xa4][0x95][\r][0x88][0x92][0x82]V6 [0xe6]U[0x6]M[0xf3][0xcc][0x10]i[0xfa][0x10]9[\n]"
05:47:46.736 [main] DEBUG org.apache.http.wire -  << "[0x91][0x17][0x7][0x91][0xa3][0x10]C[0xdc]4[0xae]J[0x90][0x16][0x1]`[0xf7][0xfe][0x80].[0xc1]1D[0x9a]~[0xc7][0xee]<D)B[0xb7]%8[0x86]HS[0xf5][0xd8][0x1d]5[0xc0]a[0x86][0xa8]=[0xb1];o@[0xc2][0xc]Q[0xc5][0xa6]'[0xe6]f[0xe6]a^[0xb1][0x95][0x96]_[0xa4][0x0][0x91]R((-*[0xc8]/[0x6][0x1f][0x9][0x7]m[0xf3][0x11]=[0x0]`h[0x8c][0xc8][0xcf]4[0xce]:H3[0xfd][\n]"
05:47:46.736 [main] DEBUG org.apache.http.wire -  << "[0x18]#[0xd5][0x18][0x1d]-[0xe4]Z[0x9b][0xd8][\r][0xd2][0x86]H[0x13][0xf2]dy[0x86][0xd8][0xa6][0xb2]1[0xa2]iN[0x96]=[0xc4]G[0xf][0xd2][0x1e]UZ[0xdb][0x84][0xa8]dim[0x13][0xa2][0xb2][0xa5][0xb5]M[0x88]\Dk[0x9b][0xe8]V[0x3]![0xed]6"[0xec]'[0xf0][0xa1][0x3]Dg%*[0xce]+[0x1a]"M[0xec][0x13]v&[0xec][0xbe]PDIK|[0xe][0xa1]t[0xc2][0x9e][0x4][0x9b][0xe8]VT[0xd2]m[0xd2][0xdc][0x10]i[0xd2][0x9c][0xf8]h":A![0xed][0x8d]7D[0x9a][0x19][0x87][0xda][0x84]e9QNb[0xa5]ByfI[0x86]BVjq1[0xa8][0xb7][0x5]N[0xc0][0x88]d[0x81][0xbf][0xd1][0x82]b[0x1d][0xa2][0x90][0x81][0xd4][0x92][0x18]U[0xe][0x95]*P[0xa4][0x9][0xf4][0xa1][0xb6],[0xd4][0xd0][0x8c][0x94][0xf2][0x11][0x1c][0x15]DG=5[0xcb][0x12][0xa4]s[0xeb][0xa0]I[0x7][0xf3][0xe4]*x[0x3]b[0x0][0x9d][0x89][0x18]"
05:47:46.736 [main] DEBUG org.apache.http.wire -  << "[\r][\n]"
05:47:46.737 [main] DEBUG org.apache.http.wire -  << "130[\r][\n]"
05:47:46.737 [main] DEBUG org.apache.http.wire -  << "3[0xc0][0xde][0x90][0x1c][0xd8]v.[0xd2][0x8c]>4[0x14][0x89][0xce][0x80]H[0xb1]N|[0xe]D[0x9a][0xdd][0xc7][0x1e][0x1c][0xc4]fkj&%s[0x8c]V[0xe][0xd1][0x81]@[0xac]s[0x91]K![0xa4][0xf3][0xf0][0x86]\[0xe1][0x80][0xb4][0xa2][0x1][0x9a]^[0x6]e[0xae][0xc3][0xbc][0x97][0x93][0xb6]1:4[0x8a]L[0xa4][0xed][0xc7]C/[0xe1]![0xca][0xd1]A[0x9d][0xf0]Hi[0xf2][0xf]\[0xad]d[0x8e][0xe8][0xab][0xe][0xb9][0x94]@[0xd2][0xe2][0xa0][0x81][0xb]b[0xa4][0x95]E[0x83]9[0xc1]"-N[0x1a]z)[0x1]1[0xa5]F[0xb3][0xa9]][0xb][0xc4]@ 4[0x1a]1[0xef][0xf6][0x84]73a]V[0xa2][0x9b]F[0xd4]l[0xc5]X`TB[0x98].E4W[0xf0][0x8d]jQ[0xd5]U[0x88][0xfe][0xb1]G[0x81]BXfY[0xbe]B[0xa4][0x91][0x11]F[0xbf]+7573'3;S[0xa1][0xb8] [0xb5]83-3;[0xb1]8S[0xa1]21/]![0xb1] [0x13]t[\n]"
05:47:46.737 [main] DEBUG org.apache.http.wire -  << "[0x1b]t[0xc][0xd3][0x18]4[0x8f]F[0xec][0xba]}C[0xa4]U[[0xd0][0xc8][0xa3]i3[0x0][0xf3][0xa4][[0xda]Z[0x87]([0xc4][0xa1][0xbe][0xc3][0xd3][0x16][0xc3][0x92]4[0x89][0x1f][0xe4] [0xfa][0xb8][|[0xdd]tc[0xa2]Gl[0x89]Y[0xd7][0x86]/[0xcf][0x91][0xe0]1[0xc4][0x80][0x0][0xe1] [0x1c][0xb8][0xba][0x4]t[0x81][0x1]t6[0x15][0xbf]3[0xa9][0x14][0xfe][0x18]e[0x1e][0x9e][0x84]5[0x80][0xa1][0x82]Q[0xe0]![0x9c][0x9][0x0][0x0][0x0][0xff][0xff]"
05:47:46.737 [main] DEBUG org.apache.http.wire -  << "[\r][\n]"
05:47:46.737 [main] DEBUG org.apache.http.wire -  << "D1[\r][\n]"
05:47:46.737 [main] DEBUG org.apache.http.wire -  << "*[0x0][0x9d]Z[0xa4]d[0xa5][0x4]N&T[\n]"
05:47:46.737 [main] DEBUG org.apache.http.wire -  << "[0x15]DI[0x86]?[0x12]2[0x12][0x8b][0x15][0x6]0T[0x86]FC[0x19][0xe9]&g[0xec][0x3][0x1][0x3]:.[0x2][0xde]v[0x1][0xcd]q[0x83][0xd2]y[0x88]r[0xb][0xbb][0xf3][0x10][0x15]=[0xfe][0xb1][0x19]*V[0xf5]FHg[0x90]`w[0xd4][0x0]G)[0xa2][0xb8][0xc0][0xee][0xbc][0x1][0x9][0xb3]!Q[0xa8][0x18]![0x1d]22[0x88][0xcb]>#[0xa4]u[0x98][0xd8][0xa3]x`S [0xd2]bJ[0xc8][0xe5]c[0x90][0x9d][0x88][0xd8].[0x3]s[0xca]I[0xcc]K[0xc9],[0xc9][0xcc],VH.[0xcd])HTH[0xcd][0xcb][0xcc][0x5]mdMD[0xda]p[0x9]:[0x95][0x97][0x98][0x85]kFH[0xc7][0xe0][0xf][0xca]pA[0xf4][0xe3]h[0xb3][0x94][0xcb][0xc8][0x10][0xd1][0xa2][0x19][0x94][0x1]@l)@[0x95][0x96][0x8c][0x11][0xda]:F[0xea]/04BZ[0xc2]8[0x98][0xcb][0xb][0xa4]u[0x90][0xf8][0x9d]I[0x9d]pGZ[0x14][0x89]n[0x1d][0x0][0x0][0x0][0xff][0xff]"
05:47:46.737 [main] DEBUG org.apache.http.wire -  << "[\r][\n]"
05:47:46.737 [main] DEBUG org.apache.http.wire -  << "5E9[\r][\n]"
05:47:46.737 [main] DEBUG org.apache.http.wire -  << "[0xa2]A[0x83][0xd5][0xc8][0x8]1[0xad][0xe1][0xb]Z[0xc][0x1e][0x9c][0x9f][0x9c][0x8c]e[0xbf]sr~R[0xa2]BrQjbI*l[0xbd]8[0xa2]&4&[0xb6][0xaf]m[0x84]t[0xbe]=[0x95]l3[0xc4][0xbd][0x82][0xd5][0xc8][0x8]Qd[0xd0][0xe0][0xf4][0x6]#[0xa4]U[0x96][0xa4][0xc6][0x14][0xd1]c?HSBF[0x98]g-a[0x8e][0xdd][0x80][0xbb]2[0xa0][0xbe][0x5][0x96][0xae]<[0xfd][0x1a]yH[0xf7]eCC[0x6][0xd3][0xa5][0x88][0xe4]C[0xa7]Q&#[0xa2]/"[0xa0]RFF[0x8c][0xf2][0xf][0xc6][0xea][0x84][0xe8][0x83][0x9d][0xa8][0x13][0x1a]H[0xeb]KiT}#-[0x16][0xa5][0x95][\r][0x88][0xf2]dP[0xc6]([0xa1][0xbe][0xcb][0xc0]6l[0x91]VqR[0xfb]@ #[0xa4][0xe5][0x9b][0xd4]7[0x9b][0x94][0x11][0xd4][0x1][0x1b][0xd2]1[0xa2][0xdb]zO#[0xa4][0xbb]J[0xa0][0xa5][0xbb][0xa9]BpNf.[0xc6]x=[0xbe][0xca][0x88][0xe8][0xe1]W#[0xd0][0x5][0xd1][0x83]x[0x94][0xc5][0x4][0xd1]k[0x80][0x85][0x6][0xf6][0x80][0xa0]N9jJ([0x93]#[0xea]U[0xfa][0xd5][0xf7][0x98]+[0xf4]p[0xc][0xb2][0xe2]h[0x99][0x10][0x9f][0x18][0x90][0xd6][0xcc][0xd1]#[0xb4][0x91][0xe][0x9f][0x19][0x8c]%>[0xd2]1[0xe8])[0xa9][0x88][0xe][0x82][0x8e][0x12][0xae]-f[0xf8][0x9a]Z[0xc8]MM[0xa4][0x9]M*[0x1b][0x8c]H[0xbe]4[0xaa][0xa4][0x91][0xce]z[0xa0][0xb2][0xd3][0x11]c[0xe6][0x83]2- [0xaa])[0xec][0xce][0x1b][0x88][0x82][0x1]iN[0x10][0xbb][0xa3][0x6][0xb6]I[0x82]t[0x86][0x5]v[0xe7][\r]H[0x98]!Z[0x99][0xf8][0x8b]8[0x8a][0xb]SKD[0xd5][0x85][0xdd][0xfb][0x3][0x1c];[0x88][0x1]/[0xec][0xce][0x1b][0x90][0xd8]A[0xf4][0xea]h[0x1d];[0x84]2[0xf4][0x80][0xc6][0x8e]1[0xd2][0x1][0xf9][0x83]&v[0x8c][0x91]N[0xe6][0xa0]M[0xf5]bL[0xf0][0xa0][0x8c][0x1][0x8e][0x15]D[0xf2][0xa4]U[0x0] [0x92]%[0x8d]l@[0x9a][0x1][0xa1][0x95][\r][0x88]AO[0x1a][0xc][0xc][0x1a]#[0x9d][0x1a][0x81]=k[0xc]l[0x1a][0x19][0xdc][0xf3][0x1c][0xc6][0x86][0x83][0xb0][0xd8]7[0xc6]2WA[0xc3]>[0xaf]1[0xd2][0x9c][0xc3]`LAH[0x93][0x6][0xd8][0x9d]7[0x0]5[0xb3]1[0xd2][0xdc][0x2][0x8d][0x8a][\r][0xa4][0xf9][0x4][0x8f][0xd4][0xc4][0xb2]J[0x5][0x97][0xd2][0x92]J[0x5][0xe8][0xa9][0xc3][0x1]9[0x89]%[0xa9][0x18]=[0xc7][0xd2][0x92][0xd4]\[0xf4][0xa3][0x86][0x8b]R[0x8b]Js[0x91][0xa6]h[0xc1][0xa7]\[0x11]3Gk[0x8c]4[0xe5][0xe0]X[0x9e]Z[0x9c][0x9f][0x9b][0xaa][0x10][0x90]X[0x90]Z[0xa4][0xe0][0x9c][0x9f]X[0x82]a[0xb9]k~[0xb1]BfAqi[0xae]BfIbai[0xaa]BNbR~Qf~qb[0xae]B*X [0xb5][0x4]4][0x9c]YB[0x8e]cL[0x8d][0x11]}[0xb9]A[0x93][\n]"
05:47:46.737 [main] DEBUG org.apache.http.wire -  << "L[0x91]F[0x19]i[0xdb]>3E[0x1a]s[0x1c]D[0xde]G[0xd4][0xce][0x83][0xc7]QHC[0x93][0x83][0xc8]Q[0x88]6[0xc0] r[0xd4] \[0xb2]e[0x8a]t[0xda][0xfe] [\n]"
05:47:46.737 [main] DEBUG org.apache.http.wire -  << ")DCw[0x10]9j0[0xe6]>[0xa4][0xfd][0xf4][0x83]'[0xa4][0x90][0xae][0xee]vL-[0xca]O[0xa9][0xcc]K[0xcc][0xcd]LV[0x80][0xac]ur[0xca]/)[0xc9][0xc1][0xac]KA5d~^*d[0x95][0x13]x[0xa9]S^fFf[0x8e]Br~QQiAI&[0xe4][0xca][0xd1][0xd4]b[0x85][0xdc]D[0xc8][0xc9][0xec][0xa9][0xe4][0xd5]k[0xa6][0x88][0xa4]E[0xdb]*[0xc4][0x8][0xe9][0x8e][0xc][0xec]Q3[0xa0][0x1d][0x5]#[0x82][0x19][0x80][0x9d]G([0xb7][\r][0xac][0xf3][0x90][0x8e][0xdb][0x18][0x8c][0x91][0x8b]t[0xfa][0xc5][0xa0]t[0x1e][0xa2][0x17][0x88]?[0x13]RiZmp[0xf][0xee]#[0x1d][0xeb][0x81]=[0xb2][0x6][0xa0][0xc3]eD[0xb7][0x13]@[0x8c][0x90][0x8e]q[0xf0][0xcd]/-[0xc6][0xac][0x1a][0xf0][0xcd]4[0x13];[0xe7]e[0x86]H[0x2]4[0xb4][0x4]Q[0xb7][0xd0][0xa6][0x93]j[0x84]yX[0x3][0x8e][0xb9]X[0xea]d[0x1c][0xa4][0xb3][0x1a][0xa8];[0xdd][0x86]t[0xde][0x2][0x95][\r]&[0xd4][0xc6][0x1e][0xd8]j[0x3][0xe9]T[0x82][0xc1][0x93][0xd5][0xcd][0x11]]}[0x1a]%[[0xa4]c[0x7][0xb0]{{[0x80]c[0x5][0x91]o[0xb1];o [\n]"
05:47:46.737 [main] DEBUG org.apache.http.wire -  << "`[0xa4][\r][0xfa]4[0x8a][0x15][0xcc]m[0xf4][0x98][0xb]9[0xf1][0x95][0xbd]F[0x96][0x96][0xa8]G[0xda][0xe2]9p[0xd6][0x8]i3<[0xad][0xbc][0x83][0xc8][0xfa][0xd0]F[0x5][\r][0xbd]c[0x89][0xa8]O[0xa0][0x96][0xe1]([0x88])[0x9d][0xc7]5F[0xda]SE[0x9b][0x80]36@[0xb4][0xc6][0xb0]'[0xff][0x1][0xcd][0x9d][0xc6]4[0xdf][0xab]`[0x8c][0xb4][0xf6][0x9a]FA[0x8c][0xb4]fz0[0x6][0xb1][0xd1] ,[0x0][0x8d][0x7][0xf7][0x99][0xba][0xc6]Hk[0x9e][0xb1]G[0xe9][0x0]T[0x1a][0xc6]H[0xcb][0xa4]iu[0x1e][0x86]1[0xd2][0x85][0xb8][0xb4][0xb3][0x3][0xb1]x[0x5]V[0xbc][0xd2]rF[0xe]i[0xb2][0x3][0xe9].D[0x9f][0xcc][0xbc][0xd4]<[0x1c][0x17]N[0x86][0xe5][0xe7][0x94][0x16][0x94]$[0x16]+[0x94][0xa5][0xe6]e&[0xe6]*$[0xe6]d[0x16][0x96]f[0xa6][0xe0][0x9c]j1[0xc1][0xbd][0x93][0xc5][0x18][0xe9][0xac]][0xd7][0xbc][0xfc][0xa2][0xdc][0xfc][0xd2]b[0x5][0xdf][0xc4][0xa2][0xa4][0x9c]T[0x1c][0x96]{[0xa6]([0x94]A[0xec]/[0xc9][0x4][0xdd]nY[0x96]Y[0x92][0x98][0xaa]P\Z[0x9c][0x9c]Y[0x90][0x9][0xbb]O[0xae]X!1I!'3)[0xb5]([0x1f][0xa7][0xab][0xf0]T[0xd8][0xc6]Hs-[0x9e]y%[0xa9]99[0x99][0xe9][0xa9]y%[\n]"
05:47:46.737 [main] DEBUG org.apache.http.wire -  << "[0xee]E[0x89]y[0x99]%[0xa9][\n]"
05:47:46.737 [main] DEBUG org.apache.http.wire -  << "8[0x86][0xf1][0x2]K3[0x15][0x8a]K[0xf3]J[0x14]r[0xf3]sR[0x8b]K2[0x13]S[0xe1][0xac]b[0x1c][0x17][0xdc][0x11]?AFpRf`+*[0xa4][0x99][0x10][0xb7][0xc4][0xbc][0x92][0xc4][0xe2][0x92][0xcc]d[0x5][0xe7][0xfc][0xbc][0xe4][0xa2][0xd4][0x12]\Q[0x19][0x84][0xb8][0xf3]O![0x15][0x94][0x96]RK[0x14][\n]"
05:47:46.738 [main] DEBUG org.apache.http.wire -  << "K[0xf3]S@7M&B[0xc7]<sA[0xb3]{[0x89])[0x99][0x5][0x99][0xc5][0xc9][0xc8][0xd7]O[0xa2][0x6][0x1c][0x9e][0xfb][0x4][0x8c][0x91][0x16]uc/[0xab][0x6]8[0xe0][0x10][0x8b][0xe2]`[0x13][0x9f][0xd0]yW[0xef][0xbc][0xcc]4[0xcc][0x1][0x1][0xa7][0xd4]DP[0x82][0x87][0xe6]9[0x5]<[0xd9][0xe]_[0x2]GZ[0xdb]=([0x3][0x5][0xd1]*[0xa3]Q[0xa3]dp[0x8f][0x0][0x1b]#[0xdd][0x9f]<[0x18][0xe3]gp[0x8f][0x0][0x1b]#[0x8d][0x0][0xfb]d[0xa6]g[0x94][0x94][0xa7][0x82]H[0x85][0xf0][0xfc][0xfc][0x1c][0x5][0xe7][0x8c][0xc4][0xcc]"[0x8c][0x5][0x5]>[0xa0][0xf5][0x3][0xa9][0xf0][0x9a]%[0xb5]X![0x9][0xbe][0x5][0x1d][0xa9][0x6][0x1]5[0xcb]@[0x93]5y[0xe9][0xc5]JV[0xf8][0xf2][0x17][0xd2],[0x10][0xf6][0xf8][0x1b][0x88][0x6][0x92])[0xcd]s[0x95])[0xa2]g[0x98][0x9b][0x98][0x99][0x97][0x98][0xa7][0x90][0x98][0x97][0x8]:[0xbf][\n]"
05:47:46.738 [main] DEBUG org.apache.http.wire -  << "u[0xd9]~qIjjQf^[0xba]ByFjj[0xe]"([0x88][0xde]-a[0x8c]4[0x93][0x85]=|[0x7][0xb6]PG[0x1a]@[0xc6][0xee]<[0x84][0x9f][0xe9][0xb6][0x97][0xc5][0x18]i/[0xb][0x8d][\n]"
05:47:46.738 [main] DEBUG org.apache.http.wire -  << "U3[0xc4]([0x4][0xad]l@[0xd4][0x96][0xd4][0xbc][0xf6][0x8][0xcf]^kc[0xa4][0x9d]2[0xc5][0xa5][0xc5][0xa5][\n]"
05:47:46.738 [main] DEBUG org.apache.http.wire -  << "[0xd9][0xa5])[0x89][\n]"
05:47:46.738 [main] DEBUG org.apache.http.wire -  << "9[0x99][0x89][0x98][0x85][0x8]X[0x1a][0x9a][0xe0][0xa1][0x7][0xb6]Y[0xa2][0x9c][0xfa][0x85][0xaf][0x99][0x82]t[0xee]4m[0xb3][0xe][0xd2][0x94][0x3][0xb4]{a[0x86]Q[0x1c][0xc2]G[0xbe][0xd0]w[0xfd][0x19][0x12][0x9f]E[0x91]f[0x1d](N[0xc][0x0][0x0][0x0][0x0][0xff][0xff]"
05:47:46.738 [main] DEBUG org.apache.http.wire -  << "[\r][\n]"
05:47:46.738 [main] DEBUG org.apache.http.wire -  << "160[\r][\n]"
05:47:46.738 [main] DEBUG org.apache.http.wire -  << "[0xc2]z#[0xab]1[0xd2][0x9d][0xcf][0xe0][0xa0][0xa7] f[0xf0][0x95][0xe5]H[0xf3][0xe][0xd4]Ls[0xf8][0xac]D[0x9a]{[0x80][0xc6][0x11][0xad]F[0xd8][0x90]Nc[0xa6]Q,![0x9d][0x99]L[0xcb]XB[0x9a]][0xa0][0xa9]5[0xb4][0x9e]/0F[0x9a]/[0x0][0x95]%[\n]"
05:47:46.738 [main] DEBUG org.apache.http.wire -  << "[0x89][0x95][0x89][0x98][0x1b]P[0xc1]^[0x4]I#*[0x12][0xd4][0xa2][0x6]o[0xea]B[0xd4][0xd2][0xb4]N][0x88][0xb1]5Z[0xa5].[0xc4]R[0x9][0x1a][0xfb][0x5]i[0x10][0x9f][0xd6]6!*9[0x1a][0x85][0x1a][0xd2].HZ[0xfb][0x5][0xd1][0xe6][0xc4][0xde][0x12][0x1a][0xd8][0x86][0x1a][0xd2][0x99][0xa5][0xd8][0x9d][0x87][0xc8]_[0xf4]k[0xa8]Y [0xd2]4[0x8d][0xe2][0x1f]i[0xf7]"[0xad]l@,B[0xa5]W[0xa5]Ip[0xcf][0xe3][0xc0]&5[0x82]{[0x12]q%5c[0xb4][0xe1]S*[0x1e]ZhlI[0xf3][0xea][0xcc][0x12]Q[0x0][0xd0]*[0xa9]![0xaa]3Z[0xd9]@[0xf3]j[0xc][0xd4]M[0x80][0x1e][0x5]A[0x1b]?[0x98][0x80]N[0xb2][0x82][0xda]@[0xdb]"[0xdf][0x4]i[0xff]$[0xd2]f[0x12][0xe8][0xa0]>[0xf6][0xe1][0x17][0xd7][0xcc][0xd2]b[0x85][0x82][0xd4][0xa2][0xe2][0x82][0xcc][0xe4][0xcc][0xc4][0x92][0xcc]b[0xd0][0x10]0[0xd2][0xb8][0xb]([0x99][0x12]3[0xee]bB[0xf3]m[0x92]&4[0x9f][0x92]6A[0xda][0x88][0xe9][0x9e]_[0x94][0x9e][\n]"
05:47:46.738 [main] DEBUG org.apache.http.wire -  << "[0x9a][0x12][0x9][0xcf][0xcf]OI[0xcd]Sp[0xc6][0xd2][0xeb][0xf4]O[0xc9],A[0xac][0x14][0x86][0xcd][0x8d][0xa4]"o[0xc3][0x1]-[0xb2]#.[0xf8]h][0x1c][0x98] [0xcd][0xb7][0xd3]:[0x19][0xd2]:[0xd3][0x9a][0x18] [0xea]i[0xfc]~[0xa1][0xca][0x82]4[0x13][0x9a][0xef][0x1e]5A:([0x93]F[0xa5][0x10][0xd2][0x6]Rrl[0x0][0x0][0x0][0x0][0xff][0xff]"
05:47:46.738 [main] DEBUG org.apache.http.wire -  << "[\r][\n]"
05:47:46.738 [main] DEBUG org.apache.http.wire -  << "F2[\r][\n]"
05:47:46.738 [main] DEBUG org.apache.http.wire -  << "*[0xc9]$4[0xf2]jb[0x88]h<[0xd3]%R[0x10][0xa9][0xc]{[0x3]r@[0x1b][0x1d]&Hg.bw[0x1e][0xae]F[0x7]z[0xff][0x91][0x8a][0x8d][0xe][0x93][0xc1][0xb8][0xc9][0xd2][0x14]sX[0x8c]FC.[0xa6]X[0x6]wh8[0xbf]o[0x8a]4[0xc2][0x13][0xe0][0xac][0xe0][0xee][0xe8][0xeb][0xe9][0xe7][0x8e]1[0xe0][0x17][0x1c][0xe0][0xea][0xad][0xe0][0xe1][0xe9][0xee][0x81]H[0xf][0x96][0xa0][0x16][0x3]1Y[0xce][0x14]i-]@bN[0xa2]O[0xbe][0xf][0xe6]e[0xf0]8G[0x14][0x8d],-A[0x8b]*[0x88][0xb3][0x8]1[0xbe]Lc[0x8b][0x10]K0[0xe8][0xd4]{1E[0xba][0xbf][0x84][0xc6]~C4[0x97][0xe9][0xe4]7[0x13][0xa4]}[0xf9][0xf8][0xcb]dJ[0x17][0xc][0x9a][0x18]"[0x1a]0[0xd8][0xcb][0xbb][0x81]-[0x8e][0x91][0x96][0xf3]aw[0x1e]"[0xfb][0xd1]m[0xb8][0xc1][0x4]i[0xf3]7[0x8d][0xea]d[0xa4][0xcd][0xdd]4[0x8e][0xa4][0xd5][0x8c][0xb4][0xb6][0x9][0xd1][0xaf][0xc5]o[0x13]u[0x1a]HG[0xbc][0xd2]*[0x92][0x10]-[0x19][0xfc][0x1e][0xa2]8[0x93][0x82]f[0xd1][0xa1]]Q[0x1a][0xf9][0x85][0xe8]#`)[0xf6][0xb][0xd2]JH,[0xa1][0x6][0x0][0x0][0x0][0xff][0xff]"
05:47:46.738 [main] DEBUG org.apache.http.wire -  << "[\r][\n]"
05:47:46.739 [main] DEBUG org.apache.http.wire -  << "1F0[\r][\n]"
05:47:46.739 [main] DEBUG org.apache.http.wire -  << "[0xca][0xcc][0xcf][0x83][0xdd][0xc2]B[0xb9]M[0x88][0xca][0xf]f[0x13][\r][0x9b][\r]&[0xa0]J[0x99][0xc6][0x91][0x84][0xa8]da[0x1e][0xc2]h[0x97][0xc0][0x9b][\r]XN}&z*[0xd2][0x4]i[0x89]#[0xf6]bw`k[0x5][0xa4][0xd5][0x86][0x83][0xd2]y[0x88]n.v[0xe7][\r]D[0xa5][0x85][0xb4][0xde][0x90]Fe[0x8][0xd2][0xba]Ah[0xf2]$mK[0x5][0xfd]*p[0xa4]sdq[0xba][0x14][0x11]G[0xf8]v[\r]R[0xb3][0x97]g[0x82][0xe8][0x88]cO6[0x3][0x9b][0xe9][0x90]v[0xa8][0xd3][0xe0][0xa4],[0x13][0xd0][0xe5]$[0xb4]->[0x7][0xf7][\n]"
05:47:46.739 [main] DEBUG org.apache.http.wire -  << "F[0x13][0x82]+[0x18][0x11])[0x92]~9[0xc5][0xd4]@G[0x9][0x1a]+8s[\n]"
05:47:46.739 [main] DEBUG org.apache.http.wire -  << "[0xbe]*[0x87][0x8e].E[0xcc][0x9f][0xe1]t)"[0x4][0xe9][0x95][0xa7][0x91]N[0xdc]p+-[0xca][0xcb],)-JU[0x8][0xc9]/[0xc0][0xa8][0xb7][0x11][0xb2])[0x89]E[0x99][\n]"
05:47:46.739 [main] DEBUG org.apache.http.wire -  << "^[0xa9][0x5][0x89]E[0xa0]A[0x1][0xe8][0xb2](CP[0xea] [0xa6][0xcb]o[0x82][0xb4][0x90][0x92]F[0xe5]<[0xd2][0xb9][0xd3][0xb4][0xb2][0x1][0xa3][0xab]@IMB[0xc3][0xe9]@[0x13]S[0xc4][0xd8][0xc0]`Ju[0x88][0x9e][0x9]"][0xd1]4[0xd5]![0xad][0xdf][0xa4][0xea][0x16]m[0x13][0xa4]5[0x98][0xd0][0x0][0xa6][0xd1]([0xa3][0x9][0xd1][0xe7][0x89]S[0xdc]1AZ Ik?[\r][0xee][0xd1][0x1d][0xa4][0x15][0x8f][0xd4][0xbe][0xab][0xc1][0x4]i[0xad][0xe3]`lM![0x8d]i[0xf]J[0xe7]![0xfa][0xce][0x83][0xd2]y[0x88][0x9e]0v[0xe7]!jz[0xfa][0xb5]@[0x90][0xd6]![0xd2][0xa2][0x81]l[0x8e][0xa8]j[0xb0][0xfb]y`[0xbb][0x7]H'[0x10]`w[0xde]@D[0x9][0xd2]D[0xb]|[0xb3]$dS[0xb][0xb6]C2[0x1d][0x93][0x93]K[0x8b][0x13][0xf3]J2Ks[0x15][0xf2]AcQ[0xd0]-u[0xc5]H[0xb]+P[0xb7][0xd1][0xa1]O[0xfa]!][0x9c]`[0x8a]tjIpe^jQz&x[0x8b][0x1f]taBpF~*[0xe8][0xea]/[0xd4]}[0x1e][0xae][0xe0][0xfd]|[0xa0]=}d[0xda][0x89][0xc8][0x17][0xb4][0xad]YL[0x91][0x8e][0x1][0xa1][0xb5]M[0x88][0xc6]`@Q~Jir[0x89][0x82]ciNf[0xa2][0x82]1F#[0x1a]tk][0x1]TM"\[\r][0xb4][0x9][0x8d][0xaf][0xc9][0x8f][0x12]o[0x88]|F[0x1f][0xfb][0x10][0x8d]5[0xfa][0xd8][0x87][0x18][0x9d][0xa2][0xa1]}[0xb1][0xb5]\[0x0][0x0][0x0][0x0][0xff][0xff]"
05:47:46.739 [main] DEBUG org.apache.http.wire -  << "[\r][\n]"
05:47:46.739 [main] DEBUG org.apache.http.wire -  << "A[\r][\n]"
05:47:46.739 [main] DEBUG org.apache.http.wire -  << "[0x3][0x0]L[0xb3][0xf9][0x85]q[0xbb][0x1][0x0]"
05:47:46.739 [main] DEBUG org.apache.http.wire -  << "[\r][\n]"
05:47:46.739 [main] DEBUG org.apache.http.wire -  << "0[\r][\n]"
05:47:46.739 [main] DEBUG org.apache.http.wire -  << "[\r][\n]"
05:47:46.739 [main] DEBUG io.restassured.internal.RestAssuredHttpBuilder - Parsed data to instance of: class org.apache.http.conn.EofSensorInputStream
05:47:46.742 [main] DEBUG org.apache.http.impl.conn.BasicClientConnectionManager - Releasing connection org.apache.http.impl.conn.ManagedClientConnectionImpl@309ae326
05:47:46.742 [main] DEBUG org.apache.http.impl.conn.BasicClientConnectionManager - Connection can be kept alive indefinitely
05:47:46.760 [Finalizer] DEBUG org.apache.http.impl.conn.DefaultClientConnection - Connection 0.0.0.0:60373<->149.248.193.56:443 closed
05:47:46.764 [Finalizer] DEBUG org.apache.http.impl.conn.DefaultClientConnection - Connection 0.0.0.0:60371<->149.248.193.56:443 closed
05:47:46.765 [Finalizer] DEBUG org.apache.http.impl.conn.DefaultClientConnection - Connection 0.0.0.0:60370<->149.248.193.56:443 closed
05:47:46.765 [Finalizer] DEBUG org.apache.http.impl.conn.DefaultClientConnection - Connection 0.0.0.0:60372<->149.248.193.56:443 closed
05:47:46.821 [main] DEBUG net.thucydides.core.steps.StepInterceptor - STEP DONE: I receive valid login and product HTTP response code 200
  &amp#27;[32mThen &amp#27;[0m&amp#27;[32mI receive valid login and product HTTP response code 200&amp#27;[0m &amp#27;[90m# starter.stepdefinitions.UserSteps.iReceive1ValidLoginAndProductHTTPResponseCode()&amp#27;[0m
05:47:46.829 [main] DEBUG net.thucydides.core.steps.StepInterceptor - STARTING STEP: UserSteps.iReceiveValidDataForNewOrder - I receive valid data for new order
05:47:46.829 [main] DEBUG net.thucydides.core.steps.StepInterceptor - STEP DONE: I receive valid data for new order
  &amp#27;[32mAnd &amp#27;[0m&amp#27;[32mI receive valid data for new order&amp#27;[0m                        &amp#27;[90m# starter.stepdefinitions.UserSteps.iReceiveValidDataForNewOrder()&amp#27;[0m
05:47:46.834 [main] INFO  - 
  _____   ___   ___   _____     ___     _     ___   ___   ___   ___  
 |_   _| | __| / __| |_   _|   | _ \   /_\   / __| / __| | __| |   \ 
   | |   | _|  \__ \   | |     |  _/  / _ \  \__ \ \__ \ | _|  | |) |
   |_|   |___| |___/   |_|     |_|   /_/ \_\ |___/ |___/ |___| |___/ 

POST - As admin I have be able to create new order
----------------------------------------------------------------------
]]></system-out>
  </testcase>
  <testcase name="POST - As admin I cannot create new order" classname="User" time="0.694">
    <system-out><![CDATA[
@TC-0034
Scenario: POST - As admin I cannot create new order             &amp#27;[90m# src/test/resources/api/user.feature:273&amp#27;[0m
05:47:46.859 [main] INFO io.cucumber.core.plugin.SerenityReporter - Running feature from file:///C:/Users/Lenovo/IdeaProjects/MiniProject/MiniprojectApi/src/test/resources/api/user.feature
05:47:46.859 [main] WARN io.cucumber.core.plugin.SerenityReporter - Feature from file:///C:/Users/Lenovo/IdeaProjects/MiniProject/MiniprojectApi/src/test/resources/api/user.feature is not under the 'features' directory. Requirements report will not be correctly generated!
05:47:46.863 [main] INFO  - 
  _____   ___   ___   _____     ___   _____     _     ___   _____   ___   ___  
 |_   _| | __| / __| |_   _|   / __| |_   _|   /_\   | _ \ |_   _| | __| |   \ 
   | |   | _|  \__ \   | |     \__ \   | |    / _ \  |   /   | |   | _|  | |) |
   |_|   |___| |___/   |_|     |___/   |_|   /_/ \_\ |_|_\   |_|   |___| |___/ 

POST - As admin I cannot create new order(user;post---as-admin-i-cannot-create-new-order)
--------------------------------------------------------------------------------
05:47:47.018 [main] DEBUG net.thucydides.core.steps.StepInterceptor - STARTING STEP: UserSteps.iSetPOSTApiEndpointsLogin - I set POST api endpoints login
05:47:47.019 [main] DEBUG net.thucydides.core.steps.StepInterceptor - STEP DONE: I set POST api endpoints login
  &amp#27;[32mGiven &amp#27;[0m&amp#27;[32mI set POST api endpoints login&amp#27;[0m                          &amp#27;[90m# starter.stepdefinitions.UserSteps.iSetPOSTApiEndpointsLogin()&amp#27;[0m
05:47:47.026 [main] DEBUG net.thucydides.core.steps.StepInterceptor - STARTING STEP: UserSteps.iSendPOSTHTTPRequestLogin - I send POST HTTP request login
05:47:47.029 [main] DEBUG net.thucydides.core.steps.StepInterceptor - STARTING STEP: PostLogin.iSendPOSTHTTPRequestLogin - I set POST api endpoints login
05:47:47.029 [main] DEBUG net.thucydides.core.steps.StepInterceptor - STEP DONE: I set POST api endpoints login
05:47:47.043 [main] DEBUG org.apache.http.impl.conn.BasicClientConnectionManager - Get connection for route {s}->https://altashop-api.fly.dev:443
05:47:47.044 [main] DEBUG org.apache.http.impl.conn.DefaultClientConnectionOperator - Connecting to altashop-api.fly.dev:443
05:47:47.151 [main] DEBUG org.apache.http.client.protocol.RequestAddCookies - CookieSpec selected: ignoreCookies
05:47:47.151 [main] DEBUG org.apache.http.client.protocol.RequestAuthCache - Auth cache not set in the context
05:47:47.151 [main] DEBUG org.apache.http.client.protocol.RequestTargetAuthentication - Target auth state: UNCHALLENGED
05:47:47.151 [main] DEBUG org.apache.http.client.protocol.RequestProxyAuthentication - Proxy auth state: UNCHALLENGED
05:47:47.151 [main] DEBUG org.apache.http.impl.client.DefaultHttpClient - Attempt 1 to execute request
05:47:47.151 [main] DEBUG org.apache.http.impl.conn.DefaultClientConnection - Sending request: POST /api/auth/login HTTP/1.1
05:47:47.151 [main] DEBUG org.apache.http.wire -  >> "POST /api/auth/login HTTP/1.1[\r][\n]"
05:47:47.151 [main] DEBUG org.apache.http.wire -  >> "Accept: */*[\r][\n]"
05:47:47.151 [main] DEBUG org.apache.http.wire -  >> "Content-Type: application/json[\r][\n]"
05:47:47.151 [main] DEBUG org.apache.http.wire -  >> "Content-Length: 48[\r][\n]"
05:47:47.151 [main] DEBUG org.apache.http.wire -  >> "Host: altashop-api.fly.dev[\r][\n]"
05:47:47.151 [main] DEBUG org.apache.http.wire -  >> "Connection: Keep-Alive[\r][\n]"
05:47:47.151 [main] DEBUG org.apache.http.wire -  >> "User-Agent: Apache-HttpClient/4.5.13 (Java/14.0.2)[\r][\n]"
05:47:47.151 [main] DEBUG org.apache.http.wire -  >> "Accept-Encoding: gzip,deflate[\r][\n]"
05:47:47.151 [main] DEBUG org.apache.http.wire -  >> "[\r][\n]"
05:47:47.151 [main] DEBUG org.apache.http.headers - >> POST /api/auth/login HTTP/1.1
05:47:47.151 [main] DEBUG org.apache.http.headers - >> Accept: */*
05:47:47.151 [main] DEBUG org.apache.http.headers - >> Content-Type: application/json
05:47:47.151 [main] DEBUG org.apache.http.headers - >> Content-Length: 48
05:47:47.151 [main] DEBUG org.apache.http.headers - >> Host: altashop-api.fly.dev
05:47:47.151 [main] DEBUG org.apache.http.headers - >> Connection: Keep-Alive
05:47:47.151 [main] DEBUG org.apache.http.headers - >> User-Agent: Apache-HttpClient/4.5.13 (Java/14.0.2)
05:47:47.151 [main] DEBUG org.apache.http.headers - >> Accept-Encoding: gzip,deflate
05:47:47.151 [main] DEBUG org.apache.http.wire -  >> "{"password":"123123","email":"someone@mail.com"}"
05:47:47.190 [main] DEBUG org.apache.http.wire -  << "HTTP/1.1 200 OK[\r][\n]"
05:47:47.190 [main] DEBUG org.apache.http.wire -  << "content-type: application/json[\r][\n]"
05:47:47.190 [main] DEBUG org.apache.http.wire -  << "date: Mon, 08 May 2023 22:56:37 GMT[\r][\n]"
05:47:47.190 [main] DEBUG org.apache.http.wire -  << "content-encoding: gzip[\r][\n]"
05:47:47.190 [main] DEBUG org.apache.http.wire -  << "transfer-encoding: chunked[\r][\n]"
05:47:47.190 [main] DEBUG org.apache.http.wire -  << "server: Fly/3f2597ca (2023-05-03)[\r][\n]"
05:47:47.190 [main] DEBUG org.apache.http.wire -  << "via: 1.1 fly.io[\r][\n]"
05:47:47.190 [main] DEBUG org.apache.http.wire -  << "fly-request-id: 01GZYS9GM45DC15C5ZFV69DTGY-sin[\r][\n]"
05:47:47.190 [main] DEBUG org.apache.http.wire -  << "[\r][\n]"
05:47:47.190 [main] DEBUG org.apache.http.impl.conn.DefaultClientConnection - Receiving response: HTTP/1.1 200 OK
05:47:47.190 [main] DEBUG org.apache.http.headers - << HTTP/1.1 200 OK
05:47:47.190 [main] DEBUG org.apache.http.headers - << content-type: application/json
05:47:47.190 [main] DEBUG org.apache.http.headers - << date: Mon, 08 May 2023 22:56:37 GMT
05:47:47.190 [main] DEBUG org.apache.http.headers - << content-encoding: gzip
05:47:47.190 [main] DEBUG org.apache.http.headers - << transfer-encoding: chunked
05:47:47.190 [main] DEBUG org.apache.http.headers - << server: Fly/3f2597ca (2023-05-03)
05:47:47.190 [main] DEBUG org.apache.http.headers - << via: 1.1 fly.io
05:47:47.190 [main] DEBUG org.apache.http.headers - << fly-request-id: 01GZYS9GM45DC15C5ZFV69DTGY-sin
05:47:47.190 [main] DEBUG org.apache.http.impl.client.DefaultHttpClient - Connection can be kept alive indefinitely
05:47:47.190 [main] DEBUG io.restassured.internal.RestAssuredHttpBuilder - Parsing response as: application/json
05:47:47.190 [main] DEBUG org.apache.http.wire -  << "AC[\r][\n]"
05:47:47.190 [main] DEBUG org.apache.http.wire -  << "[0x1f][0x8b][0x8][0x0][0x0][0x0][0x0][0x0][0x4][0xff][0xab]VJI,IT[0xb2]RJ[0xad][0xf4][0xca]HrO[0xce][0xf4][0xcf][0xf4][0xf2][0xc][0xad][0xf2]4[0xf4][0xcb][0xf4],[0xf6][0xcc][0xb]2Mv[0xf6]4[0xf3][0xcc].[0x88][0x8]s[0xf6][0xb2][0xd4]K[0xad][0xf4]rO[0x9][0xaf](N[0xca]u+[0x89][\n]"
05:47:47.190 [main] DEBUG org.apache.http.wire -  << "[0x6]K[0x94]%[0xba][0x9b][0xa4][0x7][0xb9][[0xe6]xf[0x96]g[0x6][0x85][0x1b]f$[0x86][0x97][0x83][0xc][0xa9]J22[0xcc]I22[0xcd][0x9]t[0x7][0x8b][0x95]F[0x1a]Y[0x96]x[0xe6][0x19][0xe8][0x85][0x97]9[0x5]W$[0x7][0xba][0x16][0x16][0xe6]e:[0x1b][0x96][0x19]X[0xf8]Te[0x17]y$[0xbb][0xfa][0xa4][0xa6][0x17][0x1b]$[0x99][0x97][0x95]d[0xb9][0x7][0x84]g&[0xba][0x86]'{*[0xd5]r[0x1][0x0]?[0x99][0xcf]j[0xa0][0x0][0x0][0x0]"
05:47:47.190 [main] DEBUG org.apache.http.wire -  << "[\r][\n]"
05:47:47.190 [main] DEBUG org.apache.http.wire -  << "0[\r][\n]"
05:47:47.190 [main] DEBUG org.apache.http.wire -  << "[\r][\n]"
05:47:47.190 [main] DEBUG io.restassured.internal.RestAssuredHttpBuilder - Parsed data to instance of: class org.apache.http.conn.EofSensorInputStream
05:47:47.191 [main] DEBUG org.apache.http.impl.conn.BasicClientConnectionManager - Releasing connection org.apache.http.impl.conn.ManagedClientConnectionImpl@6ed000ba
05:47:47.192 [main] DEBUG org.apache.http.impl.conn.BasicClientConnectionManager - Connection can be kept alive indefinitely
05:47:47.204 [main] DEBUG net.thucydides.core.steps.StepInterceptor - STEP DONE: I send POST HTTP request login
  &amp#27;[32mWhen &amp#27;[0m&amp#27;[32mI send POST HTTP request login&amp#27;[0m                           &amp#27;[90m# starter.stepdefinitions.UserSteps.iSendPOSTHTTPRequestLogin()&amp#27;[0m
05:47:47.206 [main] DEBUG net.thucydides.core.steps.StepInterceptor - STARTING STEP: UserSteps.iSetUnmatchedPOSTApiEndpointsOrder - I set POST api endpoints order
05:47:47.207 [main] DEBUG net.thucydides.core.steps.StepInterceptor - STEP DONE: I set POST api endpoints order
  &amp#27;[32mAnd &amp#27;[0m&amp#27;[32mI set unmatched POST api endpoints order&amp#27;[0m                  &amp#27;[90m# starter.stepdefinitions.UserSteps.iSetUnmatchedPOSTApiEndpointsOrder()&amp#27;[0m
05:47:47.209 [main] DEBUG net.thucydides.core.steps.StepInterceptor - STARTING STEP: UserSteps.iSendPOSTHTTPRequestPostOrder - I send POST HTTP request post order
05:47:47.210 [main] DEBUG net.thucydides.core.steps.StepInterceptor - STARTING STEP: PostOrder.iSendPOSTHTTPRequestPostOrder - I set POST api endpoints order
05:47:47.210 [main] DEBUG net.thucydides.core.steps.StepInterceptor - STEP DONE: I set POST api endpoints order
05:47:47.216 [main] DEBUG org.apache.http.impl.conn.BasicClientConnectionManager - Get connection for route {s}->https://altashop-api.fly.dev:443
05:47:47.216 [main] DEBUG org.apache.http.impl.conn.DefaultClientConnectionOperator - Connecting to altashop-api.fly.dev:443
05:47:47.318 [main] DEBUG org.apache.http.client.protocol.RequestAddCookies - CookieSpec selected: ignoreCookies
05:47:47.318 [main] DEBUG org.apache.http.client.protocol.RequestAuthCache - Auth cache not set in the context
05:47:47.318 [main] DEBUG org.apache.http.client.protocol.RequestTargetAuthentication - Target auth state: UNCHALLENGED
05:47:47.318 [main] DEBUG org.apache.http.client.protocol.RequestProxyAuthentication - Proxy auth state: UNCHALLENGED
05:47:47.318 [main] DEBUG org.apache.http.impl.client.DefaultHttpClient - Attempt 1 to execute request
05:47:47.318 [main] DEBUG org.apache.http.impl.conn.DefaultClientConnection - Sending request: POST /api/orders HTTP/1.1
05:47:47.318 [main] DEBUG org.apache.http.wire -  >> "POST /api/orders HTTP/1.1[\r][\n]"
05:47:47.318 [main] DEBUG org.apache.http.wire -  >> "Accept: */*[\r][\n]"
05:47:47.318 [main] DEBUG org.apache.http.wire -  >> "Content-Type: application/json[\r][\n]"
05:47:47.318 [main] DEBUG org.apache.http.wire -  >> "Content-Length: 33[\r][\n]"
05:47:47.318 [main] DEBUG org.apache.http.wire -  >> "Host: altashop-api.fly.dev[\r][\n]"
05:47:47.318 [main] DEBUG org.apache.http.wire -  >> "Connection: Keep-Alive[\r][\n]"
05:47:47.318 [main] DEBUG org.apache.http.wire -  >> "User-Agent: Apache-HttpClient/4.5.13 (Java/14.0.2)[\r][\n]"
05:47:47.318 [main] DEBUG org.apache.http.wire -  >> "Accept-Encoding: gzip,deflate[\r][\n]"
05:47:47.318 [main] DEBUG org.apache.http.wire -  >> "[\r][\n]"
05:47:47.318 [main] DEBUG org.apache.http.headers - >> POST /api/orders HTTP/1.1
05:47:47.318 [main] DEBUG org.apache.http.headers - >> Accept: */*
05:47:47.318 [main] DEBUG org.apache.http.headers - >> Content-Type: application/json
05:47:47.318 [main] DEBUG org.apache.http.headers - >> Content-Length: 33
05:47:47.318 [main] DEBUG org.apache.http.headers - >> Host: altashop-api.fly.dev
05:47:47.318 [main] DEBUG org.apache.http.headers - >> Connection: Keep-Alive
05:47:47.318 [main] DEBUG org.apache.http.headers - >> User-Agent: Apache-HttpClient/4.5.13 (Java/14.0.2)
05:47:47.318 [main] DEBUG org.apache.http.headers - >> Accept-Encoding: gzip,deflate
05:47:47.318 [main] DEBUG org.apache.http.wire -  >> "[[\n]"
05:47:47.318 [main] DEBUG org.apache.http.wire -  >> "{"quantity":1,"product_id":2}[\n]"
05:47:47.318 [main] DEBUG org.apache.http.wire -  >> "]"
05:47:47.358 [main] DEBUG org.apache.http.wire -  << "HTTP/1.1 401 Unauthorized[\r][\n]"
05:47:47.358 [main] DEBUG org.apache.http.wire -  << "content-type: application/json[\r][\n]"
05:47:47.358 [main] DEBUG org.apache.http.wire -  << "date: Mon, 08 May 2023 22:56:37 GMT[\r][\n]"
05:47:47.358 [main] DEBUG org.apache.http.wire -  << "content-encoding: gzip[\r][\n]"
05:47:47.358 [main] DEBUG org.apache.http.wire -  << "transfer-encoding: chunked[\r][\n]"
05:47:47.358 [main] DEBUG org.apache.http.wire -  << "server: Fly/3f2597ca (2023-05-03)[\r][\n]"
05:47:47.358 [main] DEBUG org.apache.http.wire -  << "via: 1.1 fly.io[\r][\n]"
05:47:47.358 [main] DEBUG org.apache.http.wire -  << "fly-request-id: 01GZYS9GSACF3ZPNJ3YMSSW98G-sin[\r][\n]"
05:47:47.358 [main] DEBUG org.apache.http.wire -  << "[\r][\n]"
05:47:47.358 [main] DEBUG org.apache.http.impl.conn.DefaultClientConnection - Receiving response: HTTP/1.1 401 Unauthorized
05:47:47.358 [main] DEBUG org.apache.http.headers - << HTTP/1.1 401 Unauthorized
05:47:47.358 [main] DEBUG org.apache.http.headers - << content-type: application/json
05:47:47.358 [main] DEBUG org.apache.http.headers - << date: Mon, 08 May 2023 22:56:37 GMT
05:47:47.358 [main] DEBUG org.apache.http.headers - << content-encoding: gzip
05:47:47.358 [main] DEBUG org.apache.http.headers - << transfer-encoding: chunked
05:47:47.358 [main] DEBUG org.apache.http.headers - << server: Fly/3f2597ca (2023-05-03)
05:47:47.358 [main] DEBUG org.apache.http.headers - << via: 1.1 fly.io
05:47:47.358 [main] DEBUG org.apache.http.headers - << fly-request-id: 01GZYS9GSACF3ZPNJ3YMSSW98G-sin
05:47:47.358 [main] DEBUG org.apache.http.impl.client.DefaultHttpClient - Connection can be kept alive indefinitely
05:47:47.358 [main] DEBUG org.apache.http.impl.client.DefaultHttpClient - Authentication required
05:47:47.358 [main] DEBUG org.apache.http.impl.client.DefaultHttpClient - altashop-api.fly.dev:443 requested authentication
05:47:47.358 [main] DEBUG org.apache.http.impl.client.DefaultHttpClient - Response contains no authentication challenges
05:47:47.358 [main] DEBUG io.restassured.internal.RestAssuredHttpBuilder - Parsing response as: application/json
05:47:47.358 [main] DEBUG org.apache.http.wire -  << "2D[\r][\n]"
05:47:47.358 [main] DEBUG org.apache.http.wire -  << "[0x1f][0x8b][0x8][0x0][0x0][0x0][0x0][0x0][0x4][0xff][0xab]VJ-*[0xca]/R[0xb2]R*[0xcd]K,-[0xc9][0xc8]/[0xca][0xac]JMQ[0xaa][0xe5][0x2][0x0]@[0x17]da[0x19][0x0][0x0][0x0]"
05:47:47.358 [main] DEBUG org.apache.http.wire -  << "[\r][\n]"
05:47:47.358 [main] DEBUG org.apache.http.wire -  << "0[\r][\n]"
05:47:47.358 [main] DEBUG org.apache.http.wire -  << "[\r][\n]"
05:47:47.358 [main] DEBUG io.restassured.internal.RestAssuredHttpBuilder - Parsed data to instance of: class org.apache.http.conn.EofSensorInputStream
05:47:47.360 [main] DEBUG org.apache.http.impl.conn.BasicClientConnectionManager - Releasing connection org.apache.http.impl.conn.ManagedClientConnectionImpl@6045d2c
05:47:47.360 [main] DEBUG org.apache.http.impl.conn.BasicClientConnectionManager - Connection can be kept alive indefinitely
05:47:47.360 [main] DEBUG net.thucydides.core.steps.StepInterceptor - STEP DONE: I send POST HTTP request post order
  &amp#27;[32mAnd &amp#27;[0m&amp#27;[32mI send POST HTTP request post order&amp#27;[0m                       &amp#27;[90m# starter.stepdefinitions.UserSteps.iSendPOSTHTTPRequestPostOrder()&amp#27;[0m
05:47:47.364 [main] DEBUG net.thucydides.core.steps.StepInterceptor - STARTING STEP: UserSteps.iReceiveValidLoginAndProductHTTPResponseCode404 - I receive valid login and product HTTP response code 404
05:47:47.365 [main] DEBUG net.thucydides.core.steps.StepInterceptor - STARTING STEP: NPostProduct.iReceiveValidLoginAndProductHTTPResponseCode404 - I set POST api endpoints product
05:47:47.365 [main] DEBUG net.thucydides.core.steps.StepInterceptor - STEP DONE: I set POST api endpoints product
05:47:47.370 [main] DEBUG org.apache.http.impl.conn.BasicClientConnectionManager - Get connection for route {s}->https://altashop-api.fly.dev:443
05:47:47.370 [main] DEBUG org.apache.http.impl.conn.DefaultClientConnectionOperator - Connecting to altashop-api.fly.dev:443
05:47:47.481 [main] DEBUG org.apache.http.client.protocol.RequestAddCookies - CookieSpec selected: ignoreCookies
05:47:47.481 [main] DEBUG org.apache.http.client.protocol.RequestAuthCache - Auth cache not set in the context
05:47:47.481 [main] DEBUG org.apache.http.client.protocol.RequestProxyAuthentication - Proxy auth state: UNCHALLENGED
05:47:47.481 [main] DEBUG org.apache.http.impl.client.DefaultHttpClient - Attempt 1 to execute request
05:47:47.481 [main] DEBUG org.apache.http.impl.conn.DefaultClientConnection - Sending request: GET /api/product HTTP/1.1
05:47:47.481 [main] DEBUG org.apache.http.wire -  >> "GET /api/product HTTP/1.1[\r][\n]"
05:47:47.481 [main] DEBUG org.apache.http.wire -  >> "Authorization: Bearer [\r][\n]"
05:47:47.481 [main] DEBUG org.apache.http.wire -  >> "Accept: */*[\r][\n]"
05:47:47.482 [main] DEBUG org.apache.http.wire -  >> "Host: altashop-api.fly.dev[\r][\n]"
05:47:47.482 [main] DEBUG org.apache.http.wire -  >> "Connection: Keep-Alive[\r][\n]"
05:47:47.482 [main] DEBUG org.apache.http.wire -  >> "User-Agent: Apache-HttpClient/4.5.13 (Java/14.0.2)[\r][\n]"
05:47:47.482 [main] DEBUG org.apache.http.wire -  >> "Accept-Encoding: gzip,deflate[\r][\n]"
05:47:47.482 [main] DEBUG org.apache.http.wire -  >> "[\r][\n]"
05:47:47.482 [main] DEBUG org.apache.http.headers - >> GET /api/product HTTP/1.1
05:47:47.482 [main] DEBUG org.apache.http.headers - >> Authorization: Bearer 
05:47:47.482 [main] DEBUG org.apache.http.headers - >> Accept: */*
05:47:47.482 [main] DEBUG org.apache.http.headers - >> Host: altashop-api.fly.dev
05:47:47.482 [main] DEBUG org.apache.http.headers - >> Connection: Keep-Alive
05:47:47.482 [main] DEBUG org.apache.http.headers - >> User-Agent: Apache-HttpClient/4.5.13 (Java/14.0.2)
05:47:47.482 [main] DEBUG org.apache.http.headers - >> Accept-Encoding: gzip,deflate
05:47:47.517 [main] DEBUG org.apache.http.wire -  << "HTTP/1.1 404 Not Found[\r][\n]"
05:47:47.518 [main] DEBUG org.apache.http.wire -  << "date: Mon, 08 May 2023 22:56:37 GMT[\r][\n]"
05:47:47.518 [main] DEBUG org.apache.http.wire -  << "content-encoding: gzip[\r][\n]"
05:47:47.518 [main] DEBUG org.apache.http.wire -  << "content-type: text/plain; charset=utf-8[\r][\n]"
05:47:47.518 [main] DEBUG org.apache.http.wire -  << "transfer-encoding: chunked[\r][\n]"
05:47:47.518 [main] DEBUG org.apache.http.wire -  << "server: Fly/3f2597ca (2023-05-03)[\r][\n]"
05:47:47.518 [main] DEBUG org.apache.http.wire -  << "via: 1.1 fly.io[\r][\n]"
05:47:47.518 [main] DEBUG org.apache.http.wire -  << "fly-request-id: 01GZYS9GYED0EETANN9B3XPAN4-sin[\r][\n]"
05:47:47.518 [main] DEBUG org.apache.http.wire -  << "[\r][\n]"
05:47:47.518 [main] DEBUG org.apache.http.impl.conn.DefaultClientConnection - Receiving response: HTTP/1.1 404 Not Found
05:47:47.518 [main] DEBUG org.apache.http.headers - << HTTP/1.1 404 Not Found
05:47:47.518 [main] DEBUG org.apache.http.headers - << date: Mon, 08 May 2023 22:56:37 GMT
05:47:47.518 [main] DEBUG org.apache.http.headers - << content-encoding: gzip
05:47:47.518 [main] DEBUG org.apache.http.headers - << content-type: text/plain; charset=utf-8
05:47:47.518 [main] DEBUG org.apache.http.headers - << transfer-encoding: chunked
05:47:47.518 [main] DEBUG org.apache.http.headers - << server: Fly/3f2597ca (2023-05-03)
05:47:47.518 [main] DEBUG org.apache.http.headers - << via: 1.1 fly.io
05:47:47.518 [main] DEBUG org.apache.http.headers - << fly-request-id: 01GZYS9GYED0EETANN9B3XPAN4-sin
05:47:47.518 [main] DEBUG org.apache.http.impl.client.DefaultHttpClient - Connection can be kept alive indefinitely
05:47:47.518 [main] DEBUG io.restassured.internal.RestAssuredHttpBuilder - Parsing response as: text/plain; charset=utf-8
05:47:47.518 [main] DEBUG org.apache.http.wire -  << "1E[\r][\n]"
05:47:47.518 [main] DEBUG org.apache.http.wire -  << "[0x1f][0x8b][0x8][0x0][0x0][0x0][0x0][0x0][0x4][0xff][0xcb][0xcb]/QH[0xcb]/[0xcd]K[0xe1][0x2][0x0][0xd4]I[0xfa]r[\n]"
05:47:47.519 [main] DEBUG org.apache.http.wire -  << "[0x0][0x0][0x0]"
05:47:47.519 [main] DEBUG org.apache.http.wire -  << "[\r][\n]"
05:47:47.519 [main] DEBUG org.apache.http.wire -  << "0[\r][\n]"
05:47:47.519 [main] DEBUG org.apache.http.wire -  << "[\r][\n]"
05:47:47.519 [main] DEBUG io.restassured.internal.RestAssuredHttpBuilder - Parsed data to instance of: class org.apache.http.conn.EofSensorInputStream
05:47:47.521 [main] DEBUG org.apache.http.impl.conn.BasicClientConnectionManager - Releasing connection org.apache.http.impl.conn.ManagedClientConnectionImpl@17a65cb1
05:47:47.521 [main] DEBUG org.apache.http.impl.conn.BasicClientConnectionManager - Connection can be kept alive indefinitely
05:47:47.522 [main] DEBUG net.thucydides.core.steps.StepInterceptor - STEP DONE: I receive valid login and product HTTP response code 404
  &amp#27;[32mThen &amp#27;[0m&amp#27;[32mI receive valid login and product HTTP response code 404&amp#27;[0m &amp#27;[90m# starter.stepdefinitions.UserSteps.iReceiveValidLoginAndProductHTTPResponseCode404()&amp#27;[0m
05:47:47.529 [main] INFO  - 
  _____   ___   ___   _____     ___     _     ___   ___   ___   ___  
 |_   _| | __| / __| |_   _|   | _ \   /_\   / __| / __| | __| |   \ 
   | |   | _|  \__ \   | |     |  _/  / _ \  \__ \ \__ \ | _|  | |) |
   |_|   |___| |___/   |_|     |_|   /_/ \_\ |___/ |___/ |___| |___/ 

POST - As admin I cannot create new order
----------------------------------------------------------------------
]]></system-out>
  </testcase>
</testsuite>