<?xml version="1.0" encoding="UTF-8"?>
<testsuite xmlns:xsi="http://www.w3.org/2001/XMLSchema-instance" xsi:noNamespaceSchemaLocation="https://maven.apache.org/surefire/maven-failsafe-plugin/xsd/failsafe-test-report-3.0.xsd" version="3.0" name="starter.CucumberTestSuite" time="190.406" tests="11" errors="2" skipped="0" failures="0">
  <properties>
    <property name="java.specification.version" value="14"/>
    <property name="webdriver.chrome.driver" value="C:\Users\Lenovo\.cache\selenium\chromedriver\win32\112.0.5615.49\chromedriver.exe"/>
    <property name="sun.cpu.isalist" value="amd64"/>
    <property name="sun.jnu.encoding" value="Cp1252"/>
    <property name="java.class.path" value="C:\Users\Lenovo\IdeaProjects\MiniProject\MiniProjectWeb\target\test-classes;C:\Users\Lenovo\.m2\repository\net\serenity-bdd\serenity-core\3.6.21\serenity-core-3.6.21.jar;C:\Users\Lenovo\.m2\repository\net\serenity-bdd\serenity-model\3.6.21\serenity-model-3.6.21.jar;C:\Users\Lenovo\.m2\repository\org\apache\commons\commons-text\1.10.0\commons-text-1.10.0.jar;C:\Users\Lenovo\.m2\repository\commons-net\commons-net\3.9.0\commons-net-3.9.0.jar;C:\Users\Lenovo\.m2\repository\com\google\guava\guava\31.1-jre\guava-31.1-jre.jar;C:\Users\Lenovo\.m2\repository\com\google\guava\failureaccess\1.0.1\failureaccess-1.0.1.jar;C:\Users\Lenovo\.m2\repository\com\google\guava\listenablefuture\9999.0-empty-to-avoid-conflict-with-guava\listenablefuture-9999.0-empty-to-avoid-conflict-with-guava.jar;C:\Users\Lenovo\.m2\repository\com\google\code\findbugs\jsr305\3.0.2\jsr305-3.0.2.jar;C:\Users\Lenovo\.m2\repository\org\checkerframework\checker-qual\3.12.0\checker-qual-3.12.0.jar;C:\Users\Lenovo\.m2\repository\com\google\errorprone\error_prone_annotations\2.11.0\error_prone_annotations-2.11.0.jar;C:\Users\Lenovo\.m2\repository\com\google\j2objc\j2objc-annotations\1.3\j2objc-annotations-1.3.jar;C:\Users\Lenovo\.m2\repository\com\google\inject\guice\5.1.0\guice-5.1.0.jar;C:\Users\Lenovo\.m2\repository\javax\inject\javax.inject\1\javax.inject-1.jar;C:\Users\Lenovo\.m2\repository\aopalliance\aopalliance\1.0\aopalliance-1.0.jar;C:\Users\Lenovo\.m2\repository\org\jsoup\jsoup\1.14.3\jsoup-1.14.3.jar;C:\Users\Lenovo\.m2\repository\com\thoughtworks\xstream\xstream\1.4.20\xstream-1.4.20.jar;C:\Users\Lenovo\.m2\repository\io\github\x-stream\mxparser\1.2.2\mxparser-1.2.2.jar;C:\Users\Lenovo\.m2\repository\xmlpull\xmlpull\1.1.3.1\xmlpull-1.1.3.1.jar;C:\Users\Lenovo\.m2\repository\com\typesafe\config\1.4.2\config-1.4.2.jar;C:\Users\Lenovo\.m2\repository\org\imgscalr\imgscalr-lib\4.2\imgscalr-lib-4.2.jar;C:\Users\Lenovo\.m2\repository\org\awaitility\awaitility\4.2.0\awaitility-4.2.0.jar;C:\Users\Lenovo\.m2\repository\org\freemarker\freemarker\2.3.31\freemarker-2.3.31.jar;C:\Users\Lenovo\.m2\repository\io\github\classgraph\classgraph\4.8.138\classgraph-4.8.138.jar;C:\Users\Lenovo\.m2\repository\net\sourceforge\jexcelapi\jxl\2.6.12\jxl-2.6.12.jar;C:\Users\Lenovo\.m2\repository\net\bytebuddy\byte-buddy-agent\1.14.2\byte-buddy-agent-1.14.2.jar;C:\Users\Lenovo\.m2\repository\org\objenesis\objenesis\3.3\objenesis-3.3.jar;C:\Users\Lenovo\.m2\repository\net\serenity-bdd\serenity-reports\3.6.21\serenity-reports-3.6.21.jar;C:\Users\Lenovo\.m2\repository\net\serenity-bdd\serenity-stats\3.6.21\serenity-stats-3.6.21.jar;C:\Users\Lenovo\.m2\repository\net\serenity-bdd\serenity-reports-configuration\3.6.21\serenity-reports-configuration-3.6.21.jar;C:\Users\Lenovo\.m2\repository\com\vladsch\flexmark\flexmark-all\0.62.2\flexmark-all-0.62.2.jar;C:\Users\Lenovo\.m2\repository\com\vladsch\flexmark\flexmark\0.62.2\flexmark-0.62.2.jar;C:\Users\Lenovo\.m2\repository\com\vladsch\flexmark\flexmark-ext-abbreviation\0.62.2\flexmark-ext-abbreviation-0.62.2.jar;C:\Users\Lenovo\.m2\repository\com\vladsch\flexmark\flexmark-util\0.62.2\flexmark-util-0.62.2.jar;C:\Users\Lenovo\.m2\repository\com\vladsch\flexmark\flexmark-ext-admonition\0.62.2\flexmark-ext-admonition-0.62.2.jar;C:\Users\Lenovo\.m2\repository\com\vladsch\flexmark\flexmark-ext-anchorlink\0.62.2\flexmark-ext-anchorlink-0.62.2.jar;C:\Users\Lenovo\.m2\repository\com\vladsch\flexmark\flexmark-ext-aside\0.62.2\flexmark-ext-aside-0.62.2.jar;C:\Users\Lenovo\.m2\repository\com\vladsch\flexmark\flexmark-ext-attributes\0.62.2\flexmark-ext-attributes-0.62.2.jar;C:\Users\Lenovo\.m2\repository\com\vladsch\flexmark\flexmark-ext-autolink\0.62.2\flexmark-ext-autolink-0.62.2.jar;C:\Users\Lenovo\.m2\repository\org\nibor\autolink\autolink\0.6.0\autolink-0.6.0.jar;C:\Users\Lenovo\.m2\repository\com\vladsch\flexmark\flexmark-ext-definition\0.62.2\flexmark-ext-definition-0.62.2.jar;C:\Users\Lenovo\.m2\repository\com\vladsch\flexmark\flexmark-ext-emoji\0.62.2\flexmark-ext-emoji-0.62.2.jar;C:\Users\Lenovo\.m2\repository\com\vladsch\flexmark\flexmark-ext-enumerated-reference\0.62.2\flexmark-ext-enumerated-reference-0.62.2.jar;C:\Users\Lenovo\.m2\repository\com\vladsch\flexmark\flexmark-ext-escaped-character\0.62.2\flexmark-ext-escaped-character-0.62.2.jar;C:\Users\Lenovo\.m2\repository\com\vladsch\flexmark\flexmark-ext-footnotes\0.62.2\flexmark-ext-footnotes-0.62.2.jar;C:\Users\Lenovo\.m2\repository\com\vladsch\flexmark\flexmark-ext-gfm-issues\0.62.2\flexmark-ext-gfm-issues-0.62.2.jar;C:\Users\Lenovo\.m2\repository\com\vladsch\flexmark\flexmark-ext-gfm-strikethrough\0.62.2\flexmark-ext-gfm-strikethrough-0.62.2.jar;C:\Users\Lenovo\.m2\repository\com\vladsch\flexmark\flexmark-ext-gfm-tasklist\0.62.2\flexmark-ext-gfm-tasklist-0.62.2.jar;C:\Users\Lenovo\.m2\repository\com\vladsch\flexmark\flexmark-ext-gfm-users\0.62.2\flexmark-ext-gfm-users-0.62.2.jar;C:\Users\Lenovo\.m2\repository\com\vladsch\flexmark\flexmark-ext-gitlab\0.62.2\flexmark-ext-gitlab-0.62.2.jar;C:\Users\Lenovo\.m2\repository\com\vladsch\flexmark\flexmark-ext-jekyll-front-matter\0.62.2\flexmark-ext-jekyll-front-matter-0.62.2.jar;C:\Users\Lenovo\.m2\repository\com\vladsch\flexmark\flexmark-ext-jekyll-tag\0.62.2\flexmark-ext-jekyll-tag-0.62.2.jar;C:\Users\Lenovo\.m2\repository\com\vladsch\flexmark\flexmark-ext-media-tags\0.62.2\flexmark-ext-media-tags-0.62.2.jar;C:\Users\Lenovo\.m2\repository\com\vladsch\flexmark\flexmark-ext-macros\0.62.2\flexmark-ext-macros-0.62.2.jar;C:\Users\Lenovo\.m2\repository\com\vladsch\flexmark\flexmark-ext-ins\0.62.2\flexmark-ext-ins-0.62.2.jar;C:\Users\Lenovo\.m2\repository\com\vladsch\flexmark\flexmark-ext-xwiki-macros\0.62.2\flexmark-ext-xwiki-macros-0.62.2.jar;C:\Users\Lenovo\.m2\repository\com\vladsch\flexmark\flexmark-ext-superscript\0.62.2\flexmark-ext-superscript-0.62.2.jar;C:\Users\Lenovo\.m2\repository\com\vladsch\flexmark\flexmark-ext-tables\0.62.2\flexmark-ext-tables-0.62.2.jar;C:\Users\Lenovo\.m2\repository\com\vladsch\flexmark\flexmark-ext-toc\0.62.2\flexmark-ext-toc-0.62.2.jar;C:\Users\Lenovo\.m2\repository\com\vladsch\flexmark\flexmark-ext-typographic\0.62.2\flexmark-ext-typographic-0.62.2.jar;C:\Users\Lenovo\.m2\repository\com\vladsch\flexmark\flexmark-ext-wikilink\0.62.2\flexmark-ext-wikilink-0.62.2.jar;C:\Users\Lenovo\.m2\repository\com\vladsch\flexmark\flexmark-ext-yaml-front-matter\0.62.2\flexmark-ext-yaml-front-matter-0.62.2.jar;C:\Users\Lenovo\.m2\repository\com\vladsch\flexmark\flexmark-ext-youtube-embedded\0.62.2\flexmark-ext-youtube-embedded-0.62.2.jar;C:\Users\Lenovo\.m2\repository\com\vladsch\flexmark\flexmark-html2md-converter\0.62.2\flexmark-html2md-converter-0.62.2.jar;C:\Users\Lenovo\.m2\repository\com\vladsch\flexmark\flexmark-jira-converter\0.62.2\flexmark-jira-converter-0.62.2.jar;C:\Users\Lenovo\.m2\repository\com\vladsch\flexmark\flexmark-pdf-converter\0.62.2\flexmark-pdf-converter-0.62.2.jar;C:\Users\Lenovo\.m2\repository\com\openhtmltopdf\openhtmltopdf-core\1.0.0\openhtmltopdf-core-1.0.0.jar;C:\Users\Lenovo\.m2\repository\com\openhtmltopdf\openhtmltopdf-pdfbox\1.0.0\openhtmltopdf-pdfbox-1.0.0.jar;C:\Users\Lenovo\.m2\repository\org\apache\pdfbox\pdfbox\2.0.16\pdfbox-2.0.16.jar;C:\Users\Lenovo\.m2\repository\org\apache\pdfbox\fontbox\2.0.16\fontbox-2.0.16.jar;C:\Users\Lenovo\.m2\repository\org\apache\pdfbox\xmpbox\2.0.16\xmpbox-2.0.16.jar;C:\Users\Lenovo\.m2\repository\de\rototor\pdfbox\graphics2d\0.24\graphics2d-0.24.jar;C:\Users\Lenovo\.m2\repository\com\openhtmltopdf\openhtmltopdf-rtl-support\1.0.0\openhtmltopdf-rtl-support-1.0.0.jar;C:\Users\Lenovo\.m2\repository\com\openhtmltopdf\openhtmltopdf-jsoup-dom-converter\1.0.0\openhtmltopdf-jsoup-dom-converter-1.0.0.jar;C:\Users\Lenovo\.m2\repository\com\vladsch\flexmark\flexmark-profile-pegdown\0.62.2\flexmark-profile-pegdown-0.62.2.jar;C:\Users\Lenovo\.m2\repository\com\vladsch\flexmark\flexmark-util-ast\0.62.2\flexmark-util-ast-0.62.2.jar;C:\Users\Lenovo\.m2\repository\com\vladsch\flexmark\flexmark-util-builder\0.62.2\flexmark-util-builder-0.62.2.jar;C:\Users\Lenovo\.m2\repository\com\vladsch\flexmark\flexmark-util-collection\0.62.2\flexmark-util-collection-0.62.2.jar;C:\Users\Lenovo\.m2\repository\com\vladsch\flexmark\flexmark-util-data\0.62.2\flexmark-util-data-0.62.2.jar;C:\Users\Lenovo\.m2\repository\com\vladsch\flexmark\flexmark-util-dependency\0.62.2\flexmark-util-dependency-0.62.2.jar;C:\Users\Lenovo\.m2\repository\com\vladsch\flexmark\flexmark-util-format\0.62.2\flexmark-util-format-0.62.2.jar;C:\Users\Lenovo\.m2\repository\com\vladsch\flexmark\flexmark-util-html\0.62.2\flexmark-util-html-0.62.2.jar;C:\Users\Lenovo\.m2\repository\com\vladsch\flexmark\flexmark-util-misc\0.62.2\flexmark-util-misc-0.62.2.jar;C:\Users\Lenovo\.m2\repository\com\vladsch\flexmark\flexmark-util-options\0.62.2\flexmark-util-options-0.62.2.jar;C:\Users\Lenovo\.m2\repository\com\vladsch\flexmark\flexmark-util-sequence\0.62.2\flexmark-util-sequence-0.62.2.jar;C:\Users\Lenovo\.m2\repository\com\vladsch\flexmark\flexmark-util-visitor\0.62.2\flexmark-util-visitor-0.62.2.jar;C:\Users\Lenovo\.m2\repository\com\vladsch\flexmark\flexmark-youtrack-converter\0.62.2\flexmark-youtrack-converter-0.62.2.jar;C:\Users\Lenovo\.m2\repository\com\ibm\icu\icu4j\72.1\icu4j-72.1.jar;C:\Users\Lenovo\.m2\repository\es\nitaur\markdown\txtmark\0.16\txtmark-0.16.jar;C:\Users\Lenovo\.m2\repository\net\serenity-bdd\serenity-report-resources\3.6.21\serenity-report-resources-3.6.21.jar;C:\Users\Lenovo\.m2\repository\com\google\code\gson\gson\2.10.1\gson-2.10.1.jar;C:\Users\Lenovo\.m2\repository\com\fasterxml\jackson\core\jackson-core\2.15.0-rc1\jackson-core-2.15.0-rc1.jar;C:\Users\Lenovo\.m2\repository\com\fasterxml\jackson\core\jackson-databind\2.15.0-rc1\jackson-databind-2.15.0-rc1.jar;C:\Users\Lenovo\.m2\repository\com\fasterxml\jackson\core\jackson-annotations\2.15.0-rc1\jackson-annotations-2.15.0-rc1.jar;C:\Users\Lenovo\.m2\repository\commons-codec\commons-codec\1.15\commons-codec-1.15.jar;C:\Users\Lenovo\.m2\repository\commons-io\commons-io\2.11.0\commons-io-2.11.0.jar;C:\Users\Lenovo\.m2\repository\org\apache\httpcomponents\httpclient\4.5.13\httpclient-4.5.13.jar;C:\Users\Lenovo\.m2\repository\org\apache\httpcomponents\httpcore\4.4.13\httpcore-4.4.13.jar;C:\Users\Lenovo\.m2\repository\commons-logging\commons-logging\1.2\commons-logging-1.2.jar;C:\Users\Lenovo\.m2\repository\org\seleniumhq\selenium\selenium-java\4.8.1\selenium-java-4.8.1.jar;C:\Users\Lenovo\.m2\repository\org\seleniumhq\selenium\selenium-devtools-v108\4.8.1\selenium-devtools-v108-4.8.1.jar;C:\Users\Lenovo\.m2\repository\org\seleniumhq\selenium\selenium-devtools-v109\4.8.1\selenium-devtools-v109-4.8.1.jar;C:\Users\Lenovo\.m2\repository\org\seleniumhq\selenium\selenium-devtools-v110\4.8.1\selenium-devtools-v110-4.8.1.jar;C:\Users\Lenovo\.m2\repository\org\seleniumhq\selenium\selenium-devtools-v85\4.8.1\selenium-devtools-v85-4.8.1.jar;C:\Users\Lenovo\.m2\repository\org\seleniumhq\selenium\selenium-remote-driver\4.8.1\selenium-remote-driver-4.8.1.jar;C:\Users\Lenovo\.m2\repository\com\beust\jcommander\1.82\jcommander-1.82.jar;C:\Users\Lenovo\.m2\repository\io\netty\netty-buffer\4.1.87.Final\netty-buffer-4.1.87.Final.jar;C:\Users\Lenovo\.m2\repository\io\netty\netty-codec-http\4.1.87.Final\netty-codec-http-4.1.87.Final.jar;C:\Users\Lenovo\.m2\repository\io\netty\netty-codec\4.1.87.Final\netty-codec-4.1.87.Final.jar;C:\Users\Lenovo\.m2\repository\io\netty\netty-handler\4.1.87.Final\netty-handler-4.1.87.Final.jar;C:\Users\Lenovo\.m2\repository\io\netty\netty-common\4.1.87.Final\netty-common-4.1.87.Final.jar;C:\Users\Lenovo\.m2\repository\io\netty\netty-transport-classes-epoll\4.1.87.Final\netty-transport-classes-epoll-4.1.87.Final.jar;C:\Users\Lenovo\.m2\repository\io\netty\netty-transport-classes-kqueue\4.1.87.Final\netty-transport-classes-kqueue-4.1.87.Final.jar;C:\Users\Lenovo\.m2\repository\io\netty\netty-transport-native-epoll\4.1.87.Final\netty-transport-native-epoll-4.1.87.Final.jar;C:\Users\Lenovo\.m2\repository\io\netty\netty-transport-native-kqueue\4.1.87.Final\netty-transport-native-kqueue-4.1.87.Final.jar;C:\Users\Lenovo\.m2\repository\io\netty\netty-transport-native-unix-common\4.1.87.Final\netty-transport-native-unix-common-4.1.87.Final.jar;C:\Users\Lenovo\.m2\repository\io\netty\netty-transport\4.1.87.Final\netty-transport-4.1.87.Final.jar;C:\Users\Lenovo\.m2\repository\io\netty\netty-resolver\4.1.87.Final\netty-resolver-4.1.87.Final.jar;C:\Users\Lenovo\.m2\repository\io\opentelemetry\opentelemetry-api\1.22.0\opentelemetry-api-1.22.0.jar;C:\Users\Lenovo\.m2\repository\io\opentelemetry\opentelemetry-context\1.22.0\opentelemetry-context-1.22.0.jar;C:\Users\Lenovo\.m2\repository\io\opentelemetry\opentelemetry-exporter-logging\1.22.0\opentelemetry-exporter-logging-1.22.0.jar;C:\Users\Lenovo\.m2\repository\io\opentelemetry\opentelemetry-sdk-metrics\1.22.0\opentelemetry-sdk-metrics-1.22.0.jar;C:\Users\Lenovo\.m2\repository\io\opentelemetry\opentelemetry-sdk-logs\1.22.0-alpha\opentelemetry-sdk-logs-1.22.0-alpha.jar;C:\Users\Lenovo\.m2\repository\io\opentelemetry\opentelemetry-api-logs\1.22.0-alpha\opentelemetry-api-logs-1.22.0-alpha.jar;C:\Users\Lenovo\.m2\repository\io\opentelemetry\opentelemetry-sdk-common\1.22.0\opentelemetry-sdk-common-1.22.0.jar;C:\Users\Lenovo\.m2\repository\io\opentelemetry\opentelemetry-sdk-extension-autoconfigure-spi\1.22.0\opentelemetry-sdk-extension-autoconfigure-spi-1.22.0.jar;C:\Users\Lenovo\.m2\repository\io\opentelemetry\opentelemetry-sdk-extension-autoconfigure\1.22.0-alpha\opentelemetry-sdk-extension-autoconfigure-1.22.0-alpha.jar;C:\Users\Lenovo\.m2\repository\io\opentelemetry\opentelemetry-sdk-trace\1.22.0\opentelemetry-sdk-trace-1.22.0.jar;C:\Users\Lenovo\.m2\repository\io\opentelemetry\opentelemetry-sdk\1.22.0\opentelemetry-sdk-1.22.0.jar;C:\Users\Lenovo\.m2\repository\io\opentelemetry\opentelemetry-semconv\1.22.0-alpha\opentelemetry-semconv-1.22.0-alpha.jar;C:\Users\Lenovo\.m2\repository\io\ous\jtoml\2.0.0\jtoml-2.0.0.jar;C:\Users\Lenovo\.m2\repository\org\apache\commons\commons-exec\1.3\commons-exec-1.3.jar;C:\Users\Lenovo\.m2\repository\org\asynchttpclient\async-http-client\2.12.3\async-http-client-2.12.3.jar;C:\Users\Lenovo\.m2\repository\org\asynchttpclient\async-http-client-netty-utils\2.12.3\async-http-client-netty-utils-2.12.3.jar;C:\Users\Lenovo\.m2\repository\io\netty\netty-codec-socks\4.1.60.Final\netty-codec-socks-4.1.60.Final.jar;C:\Users\Lenovo\.m2\repository\io\netty\netty-handler-proxy\4.1.60.Final\netty-handler-proxy-4.1.60.Final.jar;C:\Users\Lenovo\.m2\repository\io\netty\netty-transport-native-epoll\4.1.60.Final\netty-transport-native-epoll-4.1.60.Final-linux-x86_64.jar;C:\Users\Lenovo\.m2\repository\io\netty\netty-transport-native-kqueue\4.1.60.Final\netty-transport-native-kqueue-4.1.60.Final-osx-x86_64.jar;C:\Users\Lenovo\.m2\repository\org\reactivestreams\reactive-streams\1.0.3\reactive-streams-1.0.3.jar;C:\Users\Lenovo\.m2\repository\com\typesafe\netty\netty-reactive-streams\2.0.4\netty-reactive-streams-2.0.4.jar;C:\Users\Lenovo\.m2\repository\org\seleniumhq\selenium\selenium-manager\4.8.1\selenium-manager-4.8.1.jar;C:\Users\Lenovo\.m2\repository\org\seleniumhq\selenium\selenium-safari-driver\4.8.1\selenium-safari-driver-4.8.1.jar;C:\Users\Lenovo\.m2\repository\org\seleniumhq\selenium\selenium-api\4.8.1\selenium-api-4.8.1.jar;C:\Users\Lenovo\.m2\repository\org\seleniumhq\selenium\selenium-support\4.8.1\selenium-support-4.8.1.jar;C:\Users\Lenovo\.m2\repository\com\google\auto\service\auto-service-annotations\1.0.1\auto-service-annotations-1.0.1.jar;C:\Users\Lenovo\.m2\repository\com\google\auto\service\auto-service\1.0.1\auto-service-1.0.1.jar;C:\Users\Lenovo\.m2\repository\com\google\auto\auto-common\1.2\auto-common-1.2.jar;C:\Users\Lenovo\.m2\repository\org\seleniumhq\selenium\selenium-json\4.8.1\selenium-json-4.8.1.jar;C:\Users\Lenovo\.m2\repository\org\seleniumhq\selenium\selenium-chrome-driver\4.8.1\selenium-chrome-driver-4.8.1.jar;C:\Users\Lenovo\.m2\repository\org\seleniumhq\selenium\selenium-chromium-driver\4.8.1\selenium-chromium-driver-4.8.1.jar;C:\Users\Lenovo\.m2\repository\org\seleniumhq\selenium\selenium-firefox-driver\4.8.1\selenium-firefox-driver-4.8.1.jar;C:\Users\Lenovo\.m2\repository\org\seleniumhq\selenium\selenium-http\4.8.1\selenium-http-4.8.1.jar;C:\Users\Lenovo\.m2\repository\dev\failsafe\failsafe\3.3.0\failsafe-3.3.0.jar;C:\Users\Lenovo\.m2\repository\org\seleniumhq\selenium\selenium-edge-driver\4.8.1\selenium-edge-driver-4.8.1.jar;C:\Users\Lenovo\.m2\repository\org\seleniumhq\selenium\selenium-ie-driver\4.8.1\selenium-ie-driver-4.8.1.jar;C:\Users\Lenovo\.m2\repository\org\projectlombok\lombok\1.18.20\lombok-1.18.20.jar;C:\Users\Lenovo\.m2\repository\io\appium\java-client\8.3.0\java-client-8.3.0.jar;C:\Users\Lenovo\.m2\repository\commons-validator\commons-validator\1.7\commons-validator-1.7.jar;C:\Users\Lenovo\.m2\repository\commons-digester\commons-digester\2.1\commons-digester-2.1.jar;C:\Users\Lenovo\.m2\repository\org\apache\groovy\groovy\4.0.10\groovy-4.0.10.jar;C:\Users\Lenovo\.m2\repository\net\sf\opencsv\opencsv\2.0\opencsv-2.0.jar;C:\Users\Lenovo\.m2\repository\commons-beanutils\commons-beanutils\1.9.4\commons-beanutils-1.9.4.jar;C:\Users\Lenovo\.m2\repository\org\apache\commons\commons-lang3\3.12.0\commons-lang3-3.12.0.jar;C:\Users\Lenovo\.m2\repository\commons-collections\commons-collections\3.2.2\commons-collections-3.2.2.jar;C:\Users\Lenovo\.m2\repository\org\fluentlenium\fluentlenium-core\0.10.2\fluentlenium-core-0.10.2.jar;C:\Users\Lenovo\.m2\repository\io\github\bonigarcia\webdrivermanager\5.3.0\webdrivermanager-5.3.0.jar;C:\Users\Lenovo\.m2\repository\com\github\docker-java\docker-java\3.2.13\docker-java-3.2.13.jar;C:\Users\Lenovo\.m2\repository\com\github\docker-java\docker-java-core\3.2.13\docker-java-core-3.2.13.jar;C:\Users\Lenovo\.m2\repository\com\github\docker-java\docker-java-api\3.2.13\docker-java-api-3.2.13.jar;C:\Users\Lenovo\.m2\repository\org\apache\commons\commons-compress\1.21\commons-compress-1.21.jar;C:\Users\Lenovo\.m2\repository\org\bouncycastle\bcpkix-jdk15on\1.64\bcpkix-jdk15on-1.64.jar;C:\Users\Lenovo\.m2\repository\org\bouncycastle\bcprov-jdk15on\1.64\bcprov-jdk15on-1.64.jar;C:\Users\Lenovo\.m2\repository\org\slf4j\jcl-over-slf4j\1.7.30\jcl-over-slf4j-1.7.30.jar;C:\Users\Lenovo\.m2\repository\com\github\docker-java\docker-java-transport-httpclient5\3.2.13\docker-java-transport-httpclient5-3.2.13.jar;C:\Users\Lenovo\.m2\repository\com\github\docker-java\docker-java-transport\3.2.13\docker-java-transport-3.2.13.jar;C:\Users\Lenovo\.m2\repository\net\java\dev\jna\jna\5.8.0\jna-5.8.0.jar;C:\Users\Lenovo\.m2\repository\org\brotli\dec\0.1.2\dec-0.1.2.jar;C:\Users\Lenovo\.m2\repository\org\apache\httpcomponents\client5\httpclient5\5.1.3\httpclient5-5.1.3.jar;C:\Users\Lenovo\.m2\repository\org\apache\httpcomponents\core5\httpcore5\5.1.3\httpcore5-5.1.3.jar;C:\Users\Lenovo\.m2\repository\org\apache\httpcomponents\core5\httpcore5-h2\5.1.3\httpcore5-h2-5.1.3.jar;C:\Users\Lenovo\.m2\repository\com\jhlabs\filters\2.0.235\filters-2.0.235.jar;C:\Users\Lenovo\.m2\repository\com\paulhammant\ngwebdriver\1.1.6\ngwebdriver-1.1.6.jar;C:\Users\Lenovo\.m2\repository\joda-time\joda-time\2.12.2\joda-time-2.12.2.jar;C:\Users\Lenovo\.m2\repository\org\hamcrest\hamcrest\2.2\hamcrest-2.2.jar;C:\Users\Lenovo\.m2\repository\com\google\jimfs\jimfs\1.2\jimfs-1.2.jar;C:\Users\Lenovo\.m2\repository\org\mockito\mockito-core\3.3.3\mockito-core-3.3.3.jar;C:\Users\Lenovo\.m2\repository\javax\xml\bind\jaxb-api\2.3.1\jaxb-api-2.3.1.jar;C:\Users\Lenovo\.m2\repository\javax\activation\javax.activation-api\1.2.0\javax.activation-api-1.2.0.jar;C:\Users\Lenovo\.m2\repository\com\sun\xml\bind\jaxb-core\2.3.0.1\jaxb-core-2.3.0.1.jar;C:\Users\Lenovo\.m2\repository\com\sun\xml\bind\jaxb-impl\2.3.3\jaxb-impl-2.3.3.jar;C:\Users\Lenovo\.m2\repository\jakarta\xml\bind\jakarta.xml.bind-api\2.3.3\jakarta.xml.bind-api-2.3.3.jar;C:\Users\Lenovo\.m2\repository\com\sun\activation\jakarta.activation\1.2.2\jakarta.activation-1.2.2.jar;C:\Users\Lenovo\.m2\repository\javax\activation\activation\1.1.1\activation-1.1.1.jar;C:\Users\Lenovo\.m2\repository\net\serenity-bdd\serenity-cucumber\3.6.21\serenity-cucumber-3.6.21.jar;C:\Users\Lenovo\.m2\repository\io\cucumber\cucumber-core\7.11.0\cucumber-core-7.11.0.jar;C:\Users\Lenovo\.m2\repository\io\cucumber\cucumber-gherkin\7.11.0\cucumber-gherkin-7.11.0.jar;C:\Users\Lenovo\.m2\repository\io\cucumber\cucumber-gherkin-messages\7.11.0\cucumber-gherkin-messages-7.11.0.jar;C:\Users\Lenovo\.m2\repository\io\cucumber\gherkin\26.0.3\gherkin-26.0.3.jar;C:\Users\Lenovo\.m2\repository\io\cucumber\messages\21.0.1\messages-21.0.1.jar;C:\Users\Lenovo\.m2\repository\io\cucumber\tag-expressions\5.0.1\tag-expressions-5.0.1.jar;C:\Users\Lenovo\.m2\repository\io\cucumber\cucumber-expressions\16.1.1\cucumber-expressions-16.1.1.jar;C:\Users\Lenovo\.m2\repository\io\cucumber\datatable\7.11.0\datatable-7.11.0.jar;C:\Users\Lenovo\.m2\repository\io\cucumber\cucumber-plugin\7.11.0\cucumber-plugin-7.11.0.jar;C:\Users\Lenovo\.m2\repository\io\cucumber\docstring\7.11.0\docstring-7.11.0.jar;C:\Users\Lenovo\.m2\repository\io\cucumber\html-formatter\20.2.1\html-formatter-20.2.1.jar;C:\Users\Lenovo\.m2\repository\io\cucumber\junit-xml-formatter\0.1.0\junit-xml-formatter-0.1.0.jar;C:\Users\Lenovo\.m2\repository\io\cucumber\ci-environment\9.1.0\ci-environment-9.1.0.jar;C:\Users\Lenovo\.m2\repository\io\cucumber\cucumber-java\7.11.0\cucumber-java-7.11.0.jar;C:\Users\Lenovo\.m2\repository\io\cucumber\cucumber-junit\7.11.0\cucumber-junit-7.11.0.jar;C:\Users\Lenovo\.m2\repository\org\apache\commons\commons-csv\1.5\commons-csv-1.5.jar;C:\Users\Lenovo\.m2\repository\net\serenity-bdd\serenity-screenplay\3.6.21\serenity-screenplay-3.6.21.jar;C:\Users\Lenovo\.m2\repository\net\serenity-bdd\serenity-screenplay-webdriver\3.6.21\serenity-screenplay-webdriver-3.6.21.jar;C:\Users\Lenovo\.m2\repository\net\serenity-bdd\serenity-ensure\3.6.21\serenity-ensure-3.6.21.jar;C:\Users\Lenovo\.m2\repository\net\serenity-bdd\serenity-junit\3.6.21\serenity-junit-3.6.21.jar;C:\Users\Lenovo\.m2\repository\org\jetbrains\kotlin\kotlin-stdlib\1.8.10\kotlin-stdlib-1.8.10.jar;C:\Users\Lenovo\.m2\repository\org\jetbrains\kotlin\kotlin-stdlib-common\1.8.10\kotlin-stdlib-common-1.8.10.jar;C:\Users\Lenovo\.m2\repository\org\jetbrains\annotations\13.0\annotations-13.0.jar;C:\Users\Lenovo\.m2\repository\org\junit\platform\junit-platform-launcher\1.8.2\junit-platform-launcher-1.8.2.jar;C:\Users\Lenovo\.m2\repository\org\junit\platform\junit-platform-engine\1.8.2\junit-platform-engine-1.8.2.jar;C:\Users\Lenovo\.m2\repository\org\opentest4j\opentest4j\1.2.0\opentest4j-1.2.0.jar;C:\Users\Lenovo\.m2\repository\org\junit\platform\junit-platform-commons\1.8.2\junit-platform-commons-1.8.2.jar;C:\Users\Lenovo\.m2\repository\org\apiguardian\apiguardian-api\1.1.2\apiguardian-api-1.1.2.jar;C:\Users\Lenovo\.m2\repository\org\junit\jupiter\junit-jupiter-engine\5.8.2\junit-jupiter-engine-5.8.2.jar;C:\Users\Lenovo\.m2\repository\org\junit\jupiter\junit-jupiter-api\5.8.2\junit-jupiter-api-5.8.2.jar;C:\Users\Lenovo\.m2\repository\org\junit\vintage\junit-vintage-engine\5.8.2\junit-vintage-engine-5.8.2.jar;C:\Users\Lenovo\.m2\repository\junit\junit\4.13.2\junit-4.13.2.jar;C:\Users\Lenovo\.m2\repository\org\hamcrest\hamcrest-core\1.3\hamcrest-core-1.3.jar;C:\Users\Lenovo\.m2\repository\ch\qos\logback\logback-classic\1.2.10\logback-classic-1.2.10.jar;C:\Users\Lenovo\.m2\repository\ch\qos\logback\logback-core\1.2.10\logback-core-1.2.10.jar;C:\Users\Lenovo\.m2\repository\org\slf4j\slf4j-api\1.7.32\slf4j-api-1.7.32.jar;C:\Users\Lenovo\.m2\repository\org\assertj\assertj-core\3.23.1\assertj-core-3.23.1.jar;C:\Users\Lenovo\.m2\repository\net\bytebuddy\byte-buddy\1.12.10\byte-buddy-1.12.10.jar;"/>
    <property name="java.vm.vendor" value="Oracle Corporation"/>
    <property name="sun.arch.data.model" value="64"/>
    <property name="user.variant" value=""/>
    <property name="java.vendor.url" value="https://java.oracle.com/"/>
    <property name="user.timezone" value="Asia/Bangkok"/>
    <property name="os.name" value="Windows 10"/>
    <property name="java.vm.specification.version" value="14"/>
    <property name="sun.java.launcher" value="SUN_STANDARD"/>
    <property name="user.country" value="US"/>
    <property name="sun.boot.library.path" value="C:\Program Files\Java\jdk-14.0.2\bin"/>
    <property name="sun.java.command" value="org.apache.maven.surefire.booter.ForkedBooter C:\Users\Lenovo\AppData\Local\Temp\surefire3174421297727465787 2023-05-09T06-31-23_104-jvmRun1 surefire6442530124579821681tmp surefire_010984308349694198601tmp"/>
    <property name="jdk.debug" value="release"/>
    <property name="surefire.test.class.path" value="C:\Users\Lenovo\IdeaProjects\MiniProject\MiniProjectWeb\target\test-classes;C:\Users\Lenovo\.m2\repository\net\serenity-bdd\serenity-core\3.6.21\serenity-core-3.6.21.jar;C:\Users\Lenovo\.m2\repository\net\serenity-bdd\serenity-model\3.6.21\serenity-model-3.6.21.jar;C:\Users\Lenovo\.m2\repository\org\apache\commons\commons-text\1.10.0\commons-text-1.10.0.jar;C:\Users\Lenovo\.m2\repository\commons-net\commons-net\3.9.0\commons-net-3.9.0.jar;C:\Users\Lenovo\.m2\repository\com\google\guava\guava\31.1-jre\guava-31.1-jre.jar;C:\Users\Lenovo\.m2\repository\com\google\guava\failureaccess\1.0.1\failureaccess-1.0.1.jar;C:\Users\Lenovo\.m2\repository\com\google\guava\listenablefuture\9999.0-empty-to-avoid-conflict-with-guava\listenablefuture-9999.0-empty-to-avoid-conflict-with-guava.jar;C:\Users\Lenovo\.m2\repository\com\google\code\findbugs\jsr305\3.0.2\jsr305-3.0.2.jar;C:\Users\Lenovo\.m2\repository\org\checkerframework\checker-qual\3.12.0\checker-qual-3.12.0.jar;C:\Users\Lenovo\.m2\repository\com\google\errorprone\error_prone_annotations\2.11.0\error_prone_annotations-2.11.0.jar;C:\Users\Lenovo\.m2\repository\com\google\j2objc\j2objc-annotations\1.3\j2objc-annotations-1.3.jar;C:\Users\Lenovo\.m2\repository\com\google\inject\guice\5.1.0\guice-5.1.0.jar;C:\Users\Lenovo\.m2\repository\javax\inject\javax.inject\1\javax.inject-1.jar;C:\Users\Lenovo\.m2\repository\aopalliance\aopalliance\1.0\aopalliance-1.0.jar;C:\Users\Lenovo\.m2\repository\org\jsoup\jsoup\1.14.3\jsoup-1.14.3.jar;C:\Users\Lenovo\.m2\repository\com\thoughtworks\xstream\xstream\1.4.20\xstream-1.4.20.jar;C:\Users\Lenovo\.m2\repository\io\github\x-stream\mxparser\1.2.2\mxparser-1.2.2.jar;C:\Users\Lenovo\.m2\repository\xmlpull\xmlpull\1.1.3.1\xmlpull-1.1.3.1.jar;C:\Users\Lenovo\.m2\repository\com\typesafe\config\1.4.2\config-1.4.2.jar;C:\Users\Lenovo\.m2\repository\org\imgscalr\imgscalr-lib\4.2\imgscalr-lib-4.2.jar;C:\Users\Lenovo\.m2\repository\org\awaitility\awaitility\4.2.0\awaitility-4.2.0.jar;C:\Users\Lenovo\.m2\repository\org\freemarker\freemarker\2.3.31\freemarker-2.3.31.jar;C:\Users\Lenovo\.m2\repository\io\github\classgraph\classgraph\4.8.138\classgraph-4.8.138.jar;C:\Users\Lenovo\.m2\repository\net\sourceforge\jexcelapi\jxl\2.6.12\jxl-2.6.12.jar;C:\Users\Lenovo\.m2\repository\net\bytebuddy\byte-buddy-agent\1.14.2\byte-buddy-agent-1.14.2.jar;C:\Users\Lenovo\.m2\repository\org\objenesis\objenesis\3.3\objenesis-3.3.jar;C:\Users\Lenovo\.m2\repository\net\serenity-bdd\serenity-reports\3.6.21\serenity-reports-3.6.21.jar;C:\Users\Lenovo\.m2\repository\net\serenity-bdd\serenity-stats\3.6.21\serenity-stats-3.6.21.jar;C:\Users\Lenovo\.m2\repository\net\serenity-bdd\serenity-reports-configuration\3.6.21\serenity-reports-configuration-3.6.21.jar;C:\Users\Lenovo\.m2\repository\com\vladsch\flexmark\flexmark-all\0.62.2\flexmark-all-0.62.2.jar;C:\Users\Lenovo\.m2\repository\com\vladsch\flexmark\flexmark\0.62.2\flexmark-0.62.2.jar;C:\Users\Lenovo\.m2\repository\com\vladsch\flexmark\flexmark-ext-abbreviation\0.62.2\flexmark-ext-abbreviation-0.62.2.jar;C:\Users\Lenovo\.m2\repository\com\vladsch\flexmark\flexmark-util\0.62.2\flexmark-util-0.62.2.jar;C:\Users\Lenovo\.m2\repository\com\vladsch\flexmark\flexmark-ext-admonition\0.62.2\flexmark-ext-admonition-0.62.2.jar;C:\Users\Lenovo\.m2\repository\com\vladsch\flexmark\flexmark-ext-anchorlink\0.62.2\flexmark-ext-anchorlink-0.62.2.jar;C:\Users\Lenovo\.m2\repository\com\vladsch\flexmark\flexmark-ext-aside\0.62.2\flexmark-ext-aside-0.62.2.jar;C:\Users\Lenovo\.m2\repository\com\vladsch\flexmark\flexmark-ext-attributes\0.62.2\flexmark-ext-attributes-0.62.2.jar;C:\Users\Lenovo\.m2\repository\com\vladsch\flexmark\flexmark-ext-autolink\0.62.2\flexmark-ext-autolink-0.62.2.jar;C:\Users\Lenovo\.m2\repository\org\nibor\autolink\autolink\0.6.0\autolink-0.6.0.jar;C:\Users\Lenovo\.m2\repository\com\vladsch\flexmark\flexmark-ext-definition\0.62.2\flexmark-ext-definition-0.62.2.jar;C:\Users\Lenovo\.m2\repository\com\vladsch\flexmark\flexmark-ext-emoji\0.62.2\flexmark-ext-emoji-0.62.2.jar;C:\Users\Lenovo\.m2\repository\com\vladsch\flexmark\flexmark-ext-enumerated-reference\0.62.2\flexmark-ext-enumerated-reference-0.62.2.jar;C:\Users\Lenovo\.m2\repository\com\vladsch\flexmark\flexmark-ext-escaped-character\0.62.2\flexmark-ext-escaped-character-0.62.2.jar;C:\Users\Lenovo\.m2\repository\com\vladsch\flexmark\flexmark-ext-footnotes\0.62.2\flexmark-ext-footnotes-0.62.2.jar;C:\Users\Lenovo\.m2\repository\com\vladsch\flexmark\flexmark-ext-gfm-issues\0.62.2\flexmark-ext-gfm-issues-0.62.2.jar;C:\Users\Lenovo\.m2\repository\com\vladsch\flexmark\flexmark-ext-gfm-strikethrough\0.62.2\flexmark-ext-gfm-strikethrough-0.62.2.jar;C:\Users\Lenovo\.m2\repository\com\vladsch\flexmark\flexmark-ext-gfm-tasklist\0.62.2\flexmark-ext-gfm-tasklist-0.62.2.jar;C:\Users\Lenovo\.m2\repository\com\vladsch\flexmark\flexmark-ext-gfm-users\0.62.2\flexmark-ext-gfm-users-0.62.2.jar;C:\Users\Lenovo\.m2\repository\com\vladsch\flexmark\flexmark-ext-gitlab\0.62.2\flexmark-ext-gitlab-0.62.2.jar;C:\Users\Lenovo\.m2\repository\com\vladsch\flexmark\flexmark-ext-jekyll-front-matter\0.62.2\flexmark-ext-jekyll-front-matter-0.62.2.jar;C:\Users\Lenovo\.m2\repository\com\vladsch\flexmark\flexmark-ext-jekyll-tag\0.62.2\flexmark-ext-jekyll-tag-0.62.2.jar;C:\Users\Lenovo\.m2\repository\com\vladsch\flexmark\flexmark-ext-media-tags\0.62.2\flexmark-ext-media-tags-0.62.2.jar;C:\Users\Lenovo\.m2\repository\com\vladsch\flexmark\flexmark-ext-macros\0.62.2\flexmark-ext-macros-0.62.2.jar;C:\Users\Lenovo\.m2\repository\com\vladsch\flexmark\flexmark-ext-ins\0.62.2\flexmark-ext-ins-0.62.2.jar;C:\Users\Lenovo\.m2\repository\com\vladsch\flexmark\flexmark-ext-xwiki-macros\0.62.2\flexmark-ext-xwiki-macros-0.62.2.jar;C:\Users\Lenovo\.m2\repository\com\vladsch\flexmark\flexmark-ext-superscript\0.62.2\flexmark-ext-superscript-0.62.2.jar;C:\Users\Lenovo\.m2\repository\com\vladsch\flexmark\flexmark-ext-tables\0.62.2\flexmark-ext-tables-0.62.2.jar;C:\Users\Lenovo\.m2\repository\com\vladsch\flexmark\flexmark-ext-toc\0.62.2\flexmark-ext-toc-0.62.2.jar;C:\Users\Lenovo\.m2\repository\com\vladsch\flexmark\flexmark-ext-typographic\0.62.2\flexmark-ext-typographic-0.62.2.jar;C:\Users\Lenovo\.m2\repository\com\vladsch\flexmark\flexmark-ext-wikilink\0.62.2\flexmark-ext-wikilink-0.62.2.jar;C:\Users\Lenovo\.m2\repository\com\vladsch\flexmark\flexmark-ext-yaml-front-matter\0.62.2\flexmark-ext-yaml-front-matter-0.62.2.jar;C:\Users\Lenovo\.m2\repository\com\vladsch\flexmark\flexmark-ext-youtube-embedded\0.62.2\flexmark-ext-youtube-embedded-0.62.2.jar;C:\Users\Lenovo\.m2\repository\com\vladsch\flexmark\flexmark-html2md-converter\0.62.2\flexmark-html2md-converter-0.62.2.jar;C:\Users\Lenovo\.m2\repository\com\vladsch\flexmark\flexmark-jira-converter\0.62.2\flexmark-jira-converter-0.62.2.jar;C:\Users\Lenovo\.m2\repository\com\vladsch\flexmark\flexmark-pdf-converter\0.62.2\flexmark-pdf-converter-0.62.2.jar;C:\Users\Lenovo\.m2\repository\com\openhtmltopdf\openhtmltopdf-core\1.0.0\openhtmltopdf-core-1.0.0.jar;C:\Users\Lenovo\.m2\repository\com\openhtmltopdf\openhtmltopdf-pdfbox\1.0.0\openhtmltopdf-pdfbox-1.0.0.jar;C:\Users\Lenovo\.m2\repository\org\apache\pdfbox\pdfbox\2.0.16\pdfbox-2.0.16.jar;C:\Users\Lenovo\.m2\repository\org\apache\pdfbox\fontbox\2.0.16\fontbox-2.0.16.jar;C:\Users\Lenovo\.m2\repository\org\apache\pdfbox\xmpbox\2.0.16\xmpbox-2.0.16.jar;C:\Users\Lenovo\.m2\repository\de\rototor\pdfbox\graphics2d\0.24\graphics2d-0.24.jar;C:\Users\Lenovo\.m2\repository\com\openhtmltopdf\openhtmltopdf-rtl-support\1.0.0\openhtmltopdf-rtl-support-1.0.0.jar;C:\Users\Lenovo\.m2\repository\com\openhtmltopdf\openhtmltopdf-jsoup-dom-converter\1.0.0\openhtmltopdf-jsoup-dom-converter-1.0.0.jar;C:\Users\Lenovo\.m2\repository\com\vladsch\flexmark\flexmark-profile-pegdown\0.62.2\flexmark-profile-pegdown-0.62.2.jar;C:\Users\Lenovo\.m2\repository\com\vladsch\flexmark\flexmark-util-ast\0.62.2\flexmark-util-ast-0.62.2.jar;C:\Users\Lenovo\.m2\repository\com\vladsch\flexmark\flexmark-util-builder\0.62.2\flexmark-util-builder-0.62.2.jar;C:\Users\Lenovo\.m2\repository\com\vladsch\flexmark\flexmark-util-collection\0.62.2\flexmark-util-collection-0.62.2.jar;C:\Users\Lenovo\.m2\repository\com\vladsch\flexmark\flexmark-util-data\0.62.2\flexmark-util-data-0.62.2.jar;C:\Users\Lenovo\.m2\repository\com\vladsch\flexmark\flexmark-util-dependency\0.62.2\flexmark-util-dependency-0.62.2.jar;C:\Users\Lenovo\.m2\repository\com\vladsch\flexmark\flexmark-util-format\0.62.2\flexmark-util-format-0.62.2.jar;C:\Users\Lenovo\.m2\repository\com\vladsch\flexmark\flexmark-util-html\0.62.2\flexmark-util-html-0.62.2.jar;C:\Users\Lenovo\.m2\repository\com\vladsch\flexmark\flexmark-util-misc\0.62.2\flexmark-util-misc-0.62.2.jar;C:\Users\Lenovo\.m2\repository\com\vladsch\flexmark\flexmark-util-options\0.62.2\flexmark-util-options-0.62.2.jar;C:\Users\Lenovo\.m2\repository\com\vladsch\flexmark\flexmark-util-sequence\0.62.2\flexmark-util-sequence-0.62.2.jar;C:\Users\Lenovo\.m2\repository\com\vladsch\flexmark\flexmark-util-visitor\0.62.2\flexmark-util-visitor-0.62.2.jar;C:\Users\Lenovo\.m2\repository\com\vladsch\flexmark\flexmark-youtrack-converter\0.62.2\flexmark-youtrack-converter-0.62.2.jar;C:\Users\Lenovo\.m2\repository\com\ibm\icu\icu4j\72.1\icu4j-72.1.jar;C:\Users\Lenovo\.m2\repository\es\nitaur\markdown\txtmark\0.16\txtmark-0.16.jar;C:\Users\Lenovo\.m2\repository\net\serenity-bdd\serenity-report-resources\3.6.21\serenity-report-resources-3.6.21.jar;C:\Users\Lenovo\.m2\repository\com\google\code\gson\gson\2.10.1\gson-2.10.1.jar;C:\Users\Lenovo\.m2\repository\com\fasterxml\jackson\core\jackson-core\2.15.0-rc1\jackson-core-2.15.0-rc1.jar;C:\Users\Lenovo\.m2\repository\com\fasterxml\jackson\core\jackson-databind\2.15.0-rc1\jackson-databind-2.15.0-rc1.jar;C:\Users\Lenovo\.m2\repository\com\fasterxml\jackson\core\jackson-annotations\2.15.0-rc1\jackson-annotations-2.15.0-rc1.jar;C:\Users\Lenovo\.m2\repository\commons-codec\commons-codec\1.15\commons-codec-1.15.jar;C:\Users\Lenovo\.m2\repository\commons-io\commons-io\2.11.0\commons-io-2.11.0.jar;C:\Users\Lenovo\.m2\repository\org\apache\httpcomponents\httpclient\4.5.13\httpclient-4.5.13.jar;C:\Users\Lenovo\.m2\repository\org\apache\httpcomponents\httpcore\4.4.13\httpcore-4.4.13.jar;C:\Users\Lenovo\.m2\repository\commons-logging\commons-logging\1.2\commons-logging-1.2.jar;C:\Users\Lenovo\.m2\repository\org\seleniumhq\selenium\selenium-java\4.8.1\selenium-java-4.8.1.jar;C:\Users\Lenovo\.m2\repository\org\seleniumhq\selenium\selenium-devtools-v108\4.8.1\selenium-devtools-v108-4.8.1.jar;C:\Users\Lenovo\.m2\repository\org\seleniumhq\selenium\selenium-devtools-v109\4.8.1\selenium-devtools-v109-4.8.1.jar;C:\Users\Lenovo\.m2\repository\org\seleniumhq\selenium\selenium-devtools-v110\4.8.1\selenium-devtools-v110-4.8.1.jar;C:\Users\Lenovo\.m2\repository\org\seleniumhq\selenium\selenium-devtools-v85\4.8.1\selenium-devtools-v85-4.8.1.jar;C:\Users\Lenovo\.m2\repository\org\seleniumhq\selenium\selenium-remote-driver\4.8.1\selenium-remote-driver-4.8.1.jar;C:\Users\Lenovo\.m2\repository\com\beust\jcommander\1.82\jcommander-1.82.jar;C:\Users\Lenovo\.m2\repository\io\netty\netty-buffer\4.1.87.Final\netty-buffer-4.1.87.Final.jar;C:\Users\Lenovo\.m2\repository\io\netty\netty-codec-http\4.1.87.Final\netty-codec-http-4.1.87.Final.jar;C:\Users\Lenovo\.m2\repository\io\netty\netty-codec\4.1.87.Final\netty-codec-4.1.87.Final.jar;C:\Users\Lenovo\.m2\repository\io\netty\netty-handler\4.1.87.Final\netty-handler-4.1.87.Final.jar;C:\Users\Lenovo\.m2\repository\io\netty\netty-common\4.1.87.Final\netty-common-4.1.87.Final.jar;C:\Users\Lenovo\.m2\repository\io\netty\netty-transport-classes-epoll\4.1.87.Final\netty-transport-classes-epoll-4.1.87.Final.jar;C:\Users\Lenovo\.m2\repository\io\netty\netty-transport-classes-kqueue\4.1.87.Final\netty-transport-classes-kqueue-4.1.87.Final.jar;C:\Users\Lenovo\.m2\repository\io\netty\netty-transport-native-epoll\4.1.87.Final\netty-transport-native-epoll-4.1.87.Final.jar;C:\Users\Lenovo\.m2\repository\io\netty\netty-transport-native-kqueue\4.1.87.Final\netty-transport-native-kqueue-4.1.87.Final.jar;C:\Users\Lenovo\.m2\repository\io\netty\netty-transport-native-unix-common\4.1.87.Final\netty-transport-native-unix-common-4.1.87.Final.jar;C:\Users\Lenovo\.m2\repository\io\netty\netty-transport\4.1.87.Final\netty-transport-4.1.87.Final.jar;C:\Users\Lenovo\.m2\repository\io\netty\netty-resolver\4.1.87.Final\netty-resolver-4.1.87.Final.jar;C:\Users\Lenovo\.m2\repository\io\opentelemetry\opentelemetry-api\1.22.0\opentelemetry-api-1.22.0.jar;C:\Users\Lenovo\.m2\repository\io\opentelemetry\opentelemetry-context\1.22.0\opentelemetry-context-1.22.0.jar;C:\Users\Lenovo\.m2\repository\io\opentelemetry\opentelemetry-exporter-logging\1.22.0\opentelemetry-exporter-logging-1.22.0.jar;C:\Users\Lenovo\.m2\repository\io\opentelemetry\opentelemetry-sdk-metrics\1.22.0\opentelemetry-sdk-metrics-1.22.0.jar;C:\Users\Lenovo\.m2\repository\io\opentelemetry\opentelemetry-sdk-logs\1.22.0-alpha\opentelemetry-sdk-logs-1.22.0-alpha.jar;C:\Users\Lenovo\.m2\repository\io\opentelemetry\opentelemetry-api-logs\1.22.0-alpha\opentelemetry-api-logs-1.22.0-alpha.jar;C:\Users\Lenovo\.m2\repository\io\opentelemetry\opentelemetry-sdk-common\1.22.0\opentelemetry-sdk-common-1.22.0.jar;C:\Users\Lenovo\.m2\repository\io\opentelemetry\opentelemetry-sdk-extension-autoconfigure-spi\1.22.0\opentelemetry-sdk-extension-autoconfigure-spi-1.22.0.jar;C:\Users\Lenovo\.m2\repository\io\opentelemetry\opentelemetry-sdk-extension-autoconfigure\1.22.0-alpha\opentelemetry-sdk-extension-autoconfigure-1.22.0-alpha.jar;C:\Users\Lenovo\.m2\repository\io\opentelemetry\opentelemetry-sdk-trace\1.22.0\opentelemetry-sdk-trace-1.22.0.jar;C:\Users\Lenovo\.m2\repository\io\opentelemetry\opentelemetry-sdk\1.22.0\opentelemetry-sdk-1.22.0.jar;C:\Users\Lenovo\.m2\repository\io\opentelemetry\opentelemetry-semconv\1.22.0-alpha\opentelemetry-semconv-1.22.0-alpha.jar;C:\Users\Lenovo\.m2\repository\io\ous\jtoml\2.0.0\jtoml-2.0.0.jar;C:\Users\Lenovo\.m2\repository\org\apache\commons\commons-exec\1.3\commons-exec-1.3.jar;C:\Users\Lenovo\.m2\repository\org\asynchttpclient\async-http-client\2.12.3\async-http-client-2.12.3.jar;C:\Users\Lenovo\.m2\repository\org\asynchttpclient\async-http-client-netty-utils\2.12.3\async-http-client-netty-utils-2.12.3.jar;C:\Users\Lenovo\.m2\repository\io\netty\netty-codec-socks\4.1.60.Final\netty-codec-socks-4.1.60.Final.jar;C:\Users\Lenovo\.m2\repository\io\netty\netty-handler-proxy\4.1.60.Final\netty-handler-proxy-4.1.60.Final.jar;C:\Users\Lenovo\.m2\repository\io\netty\netty-transport-native-epoll\4.1.60.Final\netty-transport-native-epoll-4.1.60.Final-linux-x86_64.jar;C:\Users\Lenovo\.m2\repository\io\netty\netty-transport-native-kqueue\4.1.60.Final\netty-transport-native-kqueue-4.1.60.Final-osx-x86_64.jar;C:\Users\Lenovo\.m2\repository\org\reactivestreams\reactive-streams\1.0.3\reactive-streams-1.0.3.jar;C:\Users\Lenovo\.m2\repository\com\typesafe\netty\netty-reactive-streams\2.0.4\netty-reactive-streams-2.0.4.jar;C:\Users\Lenovo\.m2\repository\org\seleniumhq\selenium\selenium-manager\4.8.1\selenium-manager-4.8.1.jar;C:\Users\Lenovo\.m2\repository\org\seleniumhq\selenium\selenium-safari-driver\4.8.1\selenium-safari-driver-4.8.1.jar;C:\Users\Lenovo\.m2\repository\org\seleniumhq\selenium\selenium-api\4.8.1\selenium-api-4.8.1.jar;C:\Users\Lenovo\.m2\repository\org\seleniumhq\selenium\selenium-support\4.8.1\selenium-support-4.8.1.jar;C:\Users\Lenovo\.m2\repository\com\google\auto\service\auto-service-annotations\1.0.1\auto-service-annotations-1.0.1.jar;C:\Users\Lenovo\.m2\repository\com\google\auto\service\auto-service\1.0.1\auto-service-1.0.1.jar;C:\Users\Lenovo\.m2\repository\com\google\auto\auto-common\1.2\auto-common-1.2.jar;C:\Users\Lenovo\.m2\repository\org\seleniumhq\selenium\selenium-json\4.8.1\selenium-json-4.8.1.jar;C:\Users\Lenovo\.m2\repository\org\seleniumhq\selenium\selenium-chrome-driver\4.8.1\selenium-chrome-driver-4.8.1.jar;C:\Users\Lenovo\.m2\repository\org\seleniumhq\selenium\selenium-chromium-driver\4.8.1\selenium-chromium-driver-4.8.1.jar;C:\Users\Lenovo\.m2\repository\org\seleniumhq\selenium\selenium-firefox-driver\4.8.1\selenium-firefox-driver-4.8.1.jar;C:\Users\Lenovo\.m2\repository\org\seleniumhq\selenium\selenium-http\4.8.1\selenium-http-4.8.1.jar;C:\Users\Lenovo\.m2\repository\dev\failsafe\failsafe\3.3.0\failsafe-3.3.0.jar;C:\Users\Lenovo\.m2\repository\org\seleniumhq\selenium\selenium-edge-driver\4.8.1\selenium-edge-driver-4.8.1.jar;C:\Users\Lenovo\.m2\repository\org\seleniumhq\selenium\selenium-ie-driver\4.8.1\selenium-ie-driver-4.8.1.jar;C:\Users\Lenovo\.m2\repository\org\projectlombok\lombok\1.18.20\lombok-1.18.20.jar;C:\Users\Lenovo\.m2\repository\io\appium\java-client\8.3.0\java-client-8.3.0.jar;C:\Users\Lenovo\.m2\repository\commons-validator\commons-validator\1.7\commons-validator-1.7.jar;C:\Users\Lenovo\.m2\repository\commons-digester\commons-digester\2.1\commons-digester-2.1.jar;C:\Users\Lenovo\.m2\repository\org\apache\groovy\groovy\4.0.10\groovy-4.0.10.jar;C:\Users\Lenovo\.m2\repository\net\sf\opencsv\opencsv\2.0\opencsv-2.0.jar;C:\Users\Lenovo\.m2\repository\commons-beanutils\commons-beanutils\1.9.4\commons-beanutils-1.9.4.jar;C:\Users\Lenovo\.m2\repository\org\apache\commons\commons-lang3\3.12.0\commons-lang3-3.12.0.jar;C:\Users\Lenovo\.m2\repository\commons-collections\commons-collections\3.2.2\commons-collections-3.2.2.jar;C:\Users\Lenovo\.m2\repository\org\fluentlenium\fluentlenium-core\0.10.2\fluentlenium-core-0.10.2.jar;C:\Users\Lenovo\.m2\repository\io\github\bonigarcia\webdrivermanager\5.3.0\webdrivermanager-5.3.0.jar;C:\Users\Lenovo\.m2\repository\com\github\docker-java\docker-java\3.2.13\docker-java-3.2.13.jar;C:\Users\Lenovo\.m2\repository\com\github\docker-java\docker-java-core\3.2.13\docker-java-core-3.2.13.jar;C:\Users\Lenovo\.m2\repository\com\github\docker-java\docker-java-api\3.2.13\docker-java-api-3.2.13.jar;C:\Users\Lenovo\.m2\repository\org\apache\commons\commons-compress\1.21\commons-compress-1.21.jar;C:\Users\Lenovo\.m2\repository\org\bouncycastle\bcpkix-jdk15on\1.64\bcpkix-jdk15on-1.64.jar;C:\Users\Lenovo\.m2\repository\org\bouncycastle\bcprov-jdk15on\1.64\bcprov-jdk15on-1.64.jar;C:\Users\Lenovo\.m2\repository\org\slf4j\jcl-over-slf4j\1.7.30\jcl-over-slf4j-1.7.30.jar;C:\Users\Lenovo\.m2\repository\com\github\docker-java\docker-java-transport-httpclient5\3.2.13\docker-java-transport-httpclient5-3.2.13.jar;C:\Users\Lenovo\.m2\repository\com\github\docker-java\docker-java-transport\3.2.13\docker-java-transport-3.2.13.jar;C:\Users\Lenovo\.m2\repository\net\java\dev\jna\jna\5.8.0\jna-5.8.0.jar;C:\Users\Lenovo\.m2\repository\org\brotli\dec\0.1.2\dec-0.1.2.jar;C:\Users\Lenovo\.m2\repository\org\apache\httpcomponents\client5\httpclient5\5.1.3\httpclient5-5.1.3.jar;C:\Users\Lenovo\.m2\repository\org\apache\httpcomponents\core5\httpcore5\5.1.3\httpcore5-5.1.3.jar;C:\Users\Lenovo\.m2\repository\org\apache\httpcomponents\core5\httpcore5-h2\5.1.3\httpcore5-h2-5.1.3.jar;C:\Users\Lenovo\.m2\repository\com\jhlabs\filters\2.0.235\filters-2.0.235.jar;C:\Users\Lenovo\.m2\repository\com\paulhammant\ngwebdriver\1.1.6\ngwebdriver-1.1.6.jar;C:\Users\Lenovo\.m2\repository\joda-time\joda-time\2.12.2\joda-time-2.12.2.jar;C:\Users\Lenovo\.m2\repository\org\hamcrest\hamcrest\2.2\hamcrest-2.2.jar;C:\Users\Lenovo\.m2\repository\com\google\jimfs\jimfs\1.2\jimfs-1.2.jar;C:\Users\Lenovo\.m2\repository\org\mockito\mockito-core\3.3.3\mockito-core-3.3.3.jar;C:\Users\Lenovo\.m2\repository\javax\xml\bind\jaxb-api\2.3.1\jaxb-api-2.3.1.jar;C:\Users\Lenovo\.m2\repository\javax\activation\javax.activation-api\1.2.0\javax.activation-api-1.2.0.jar;C:\Users\Lenovo\.m2\repository\com\sun\xml\bind\jaxb-core\2.3.0.1\jaxb-core-2.3.0.1.jar;C:\Users\Lenovo\.m2\repository\com\sun\xml\bind\jaxb-impl\2.3.3\jaxb-impl-2.3.3.jar;C:\Users\Lenovo\.m2\repository\jakarta\xml\bind\jakarta.xml.bind-api\2.3.3\jakarta.xml.bind-api-2.3.3.jar;C:\Users\Lenovo\.m2\repository\com\sun\activation\jakarta.activation\1.2.2\jakarta.activation-1.2.2.jar;C:\Users\Lenovo\.m2\repository\javax\activation\activation\1.1.1\activation-1.1.1.jar;C:\Users\Lenovo\.m2\repository\net\serenity-bdd\serenity-cucumber\3.6.21\serenity-cucumber-3.6.21.jar;C:\Users\Lenovo\.m2\repository\io\cucumber\cucumber-core\7.11.0\cucumber-core-7.11.0.jar;C:\Users\Lenovo\.m2\repository\io\cucumber\cucumber-gherkin\7.11.0\cucumber-gherkin-7.11.0.jar;C:\Users\Lenovo\.m2\repository\io\cucumber\cucumber-gherkin-messages\7.11.0\cucumber-gherkin-messages-7.11.0.jar;C:\Users\Lenovo\.m2\repository\io\cucumber\gherkin\26.0.3\gherkin-26.0.3.jar;C:\Users\Lenovo\.m2\repository\io\cucumber\messages\21.0.1\messages-21.0.1.jar;C:\Users\Lenovo\.m2\repository\io\cucumber\tag-expressions\5.0.1\tag-expressions-5.0.1.jar;C:\Users\Lenovo\.m2\repository\io\cucumber\cucumber-expressions\16.1.1\cucumber-expressions-16.1.1.jar;C:\Users\Lenovo\.m2\repository\io\cucumber\datatable\7.11.0\datatable-7.11.0.jar;C:\Users\Lenovo\.m2\repository\io\cucumber\cucumber-plugin\7.11.0\cucumber-plugin-7.11.0.jar;C:\Users\Lenovo\.m2\repository\io\cucumber\docstring\7.11.0\docstring-7.11.0.jar;C:\Users\Lenovo\.m2\repository\io\cucumber\html-formatter\20.2.1\html-formatter-20.2.1.jar;C:\Users\Lenovo\.m2\repository\io\cucumber\junit-xml-formatter\0.1.0\junit-xml-formatter-0.1.0.jar;C:\Users\Lenovo\.m2\repository\io\cucumber\ci-environment\9.1.0\ci-environment-9.1.0.jar;C:\Users\Lenovo\.m2\repository\io\cucumber\cucumber-java\7.11.0\cucumber-java-7.11.0.jar;C:\Users\Lenovo\.m2\repository\io\cucumber\cucumber-junit\7.11.0\cucumber-junit-7.11.0.jar;C:\Users\Lenovo\.m2\repository\org\apache\commons\commons-csv\1.5\commons-csv-1.5.jar;C:\Users\Lenovo\.m2\repository\net\serenity-bdd\serenity-screenplay\3.6.21\serenity-screenplay-3.6.21.jar;C:\Users\Lenovo\.m2\repository\net\serenity-bdd\serenity-screenplay-webdriver\3.6.21\serenity-screenplay-webdriver-3.6.21.jar;C:\Users\Lenovo\.m2\repository\net\serenity-bdd\serenity-ensure\3.6.21\serenity-ensure-3.6.21.jar;C:\Users\Lenovo\.m2\repository\net\serenity-bdd\serenity-junit\3.6.21\serenity-junit-3.6.21.jar;C:\Users\Lenovo\.m2\repository\org\jetbrains\kotlin\kotlin-stdlib\1.8.10\kotlin-stdlib-1.8.10.jar;C:\Users\Lenovo\.m2\repository\org\jetbrains\kotlin\kotlin-stdlib-common\1.8.10\kotlin-stdlib-common-1.8.10.jar;C:\Users\Lenovo\.m2\repository\org\jetbrains\annotations\13.0\annotations-13.0.jar;C:\Users\Lenovo\.m2\repository\org\junit\platform\junit-platform-launcher\1.8.2\junit-platform-launcher-1.8.2.jar;C:\Users\Lenovo\.m2\repository\org\junit\platform\junit-platform-engine\1.8.2\junit-platform-engine-1.8.2.jar;C:\Users\Lenovo\.m2\repository\org\opentest4j\opentest4j\1.2.0\opentest4j-1.2.0.jar;C:\Users\Lenovo\.m2\repository\org\junit\platform\junit-platform-commons\1.8.2\junit-platform-commons-1.8.2.jar;C:\Users\Lenovo\.m2\repository\org\apiguardian\apiguardian-api\1.1.2\apiguardian-api-1.1.2.jar;C:\Users\Lenovo\.m2\repository\org\junit\jupiter\junit-jupiter-engine\5.8.2\junit-jupiter-engine-5.8.2.jar;C:\Users\Lenovo\.m2\repository\org\junit\jupiter\junit-jupiter-api\5.8.2\junit-jupiter-api-5.8.2.jar;C:\Users\Lenovo\.m2\repository\org\junit\vintage\junit-vintage-engine\5.8.2\junit-vintage-engine-5.8.2.jar;C:\Users\Lenovo\.m2\repository\junit\junit\4.13.2\junit-4.13.2.jar;C:\Users\Lenovo\.m2\repository\org\hamcrest\hamcrest-core\1.3\hamcrest-core-1.3.jar;C:\Users\Lenovo\.m2\repository\ch\qos\logback\logback-classic\1.2.10\logback-classic-1.2.10.jar;C:\Users\Lenovo\.m2\repository\ch\qos\logback\logback-core\1.2.10\logback-core-1.2.10.jar;C:\Users\Lenovo\.m2\repository\org\slf4j\slf4j-api\1.7.32\slf4j-api-1.7.32.jar;C:\Users\Lenovo\.m2\repository\org\assertj\assertj-core\3.23.1\assertj-core-3.23.1.jar;C:\Users\Lenovo\.m2\repository\net\bytebuddy\byte-buddy\1.12.10\byte-buddy-1.12.10.jar;"/>
    <property name="sun.cpu.endian" value="little"/>
    <property name="user.home" value="C:\Users\Lenovo"/>
    <property name="user.language" value="en"/>
    <property name="java.specification.vendor" value="Oracle Corporation"/>
    <property name="jdk.module.path" value="C:\Users\Lenovo\IdeaProjects\MiniProject\MiniProjectWeb\target\MiniProjectWeb-1.0-SNAPSHOT.jar"/>
    <property name="java.version.date" value="2020-07-14"/>
    <property name="java.home" value="C:\Program Files\Java\jdk-14.0.2"/>
    <property name="file.separator" value="\"/>
    <property name="basedir" value="C:\Users\Lenovo\IdeaProjects\MiniProject\MiniProjectWeb"/>
    <property name="java.vm.compressedOopsMode" value="32-bit"/>
    <property name="line.separator" value="&#10;"/>
    <property name="java.vm.specification.vendor" value="Oracle Corporation"/>
    <property name="java.specification.name" value="Java Platform API Specification"/>
    <property name="surefire.real.class.path" value="C:\Users\Lenovo\.m2\repository\org\apache\maven\surefire\surefire-booter\3.0.0-M5\surefire-booter-3.0.0-M5.jar;C:\Users\Lenovo\.m2\repository\org\apache\maven\surefire\surefire-api\3.0.0-M5\surefire-api-3.0.0-M5.jar;C:\Users\Lenovo\.m2\repository\org\apache\maven\surefire\surefire-logger-api\3.0.0-M5\surefire-logger-api-3.0.0-M5.jar;C:\Users\Lenovo\.m2\repository\org\apache\maven\surefire\surefire-shared-utils\3.0.0-M4\surefire-shared-utils-3.0.0-M4.jar;C:\Users\Lenovo\.m2\repository\org\apache\maven\surefire\surefire-extensions-spi\3.0.0-M5\surefire-extensions-spi-3.0.0-M5.jar;C:\Users\Lenovo\IdeaProjects\MiniProject\MiniProjectWeb\target\test-classes;C:\Users\Lenovo\.m2\repository\net\serenity-bdd\serenity-core\3.6.21\serenity-core-3.6.21.jar;C:\Users\Lenovo\.m2\repository\net\serenity-bdd\serenity-model\3.6.21\serenity-model-3.6.21.jar;C:\Users\Lenovo\.m2\repository\org\apache\commons\commons-text\1.10.0\commons-text-1.10.0.jar;C:\Users\Lenovo\.m2\repository\commons-net\commons-net\3.9.0\commons-net-3.9.0.jar;C:\Users\Lenovo\.m2\repository\com\google\guava\guava\31.1-jre\guava-31.1-jre.jar;C:\Users\Lenovo\.m2\repository\com\google\guava\failureaccess\1.0.1\failureaccess-1.0.1.jar;C:\Users\Lenovo\.m2\repository\com\google\guava\listenablefuture\9999.0-empty-to-avoid-conflict-with-guava\listenablefuture-9999.0-empty-to-avoid-conflict-with-guava.jar;C:\Users\Lenovo\.m2\repository\com\google\code\findbugs\jsr305\3.0.2\jsr305-3.0.2.jar;C:\Users\Lenovo\.m2\repository\org\checkerframework\checker-qual\3.12.0\checker-qual-3.12.0.jar;C:\Users\Lenovo\.m2\repository\com\google\errorprone\error_prone_annotations\2.11.0\error_prone_annotations-2.11.0.jar;C:\Users\Lenovo\.m2\repository\com\google\j2objc\j2objc-annotations\1.3\j2objc-annotations-1.3.jar;C:\Users\Lenovo\.m2\repository\com\google\inject\guice\5.1.0\guice-5.1.0.jar;C:\Users\Lenovo\.m2\repository\javax\inject\javax.inject\1\javax.inject-1.jar;C:\Users\Lenovo\.m2\repository\aopalliance\aopalliance\1.0\aopalliance-1.0.jar;C:\Users\Lenovo\.m2\repository\org\jsoup\jsoup\1.14.3\jsoup-1.14.3.jar;C:\Users\Lenovo\.m2\repository\com\thoughtworks\xstream\xstream\1.4.20\xstream-1.4.20.jar;C:\Users\Lenovo\.m2\repository\io\github\x-stream\mxparser\1.2.2\mxparser-1.2.2.jar;C:\Users\Lenovo\.m2\repository\xmlpull\xmlpull\1.1.3.1\xmlpull-1.1.3.1.jar;C:\Users\Lenovo\.m2\repository\com\typesafe\config\1.4.2\config-1.4.2.jar;C:\Users\Lenovo\.m2\repository\org\imgscalr\imgscalr-lib\4.2\imgscalr-lib-4.2.jar;C:\Users\Lenovo\.m2\repository\org\awaitility\awaitility\4.2.0\awaitility-4.2.0.jar;C:\Users\Lenovo\.m2\repository\org\freemarker\freemarker\2.3.31\freemarker-2.3.31.jar;C:\Users\Lenovo\.m2\repository\io\github\classgraph\classgraph\4.8.138\classgraph-4.8.138.jar;C:\Users\Lenovo\.m2\repository\net\sourceforge\jexcelapi\jxl\2.6.12\jxl-2.6.12.jar;C:\Users\Lenovo\.m2\repository\net\bytebuddy\byte-buddy-agent\1.14.2\byte-buddy-agent-1.14.2.jar;C:\Users\Lenovo\.m2\repository\org\objenesis\objenesis\3.3\objenesis-3.3.jar;C:\Users\Lenovo\.m2\repository\net\serenity-bdd\serenity-reports\3.6.21\serenity-reports-3.6.21.jar;C:\Users\Lenovo\.m2\repository\net\serenity-bdd\serenity-stats\3.6.21\serenity-stats-3.6.21.jar;C:\Users\Lenovo\.m2\repository\net\serenity-bdd\serenity-reports-configuration\3.6.21\serenity-reports-configuration-3.6.21.jar;C:\Users\Lenovo\.m2\repository\com\vladsch\flexmark\flexmark-all\0.62.2\flexmark-all-0.62.2.jar;C:\Users\Lenovo\.m2\repository\com\vladsch\flexmark\flexmark\0.62.2\flexmark-0.62.2.jar;C:\Users\Lenovo\.m2\repository\com\vladsch\flexmark\flexmark-ext-abbreviation\0.62.2\flexmark-ext-abbreviation-0.62.2.jar;C:\Users\Lenovo\.m2\repository\com\vladsch\flexmark\flexmark-util\0.62.2\flexmark-util-0.62.2.jar;C:\Users\Lenovo\.m2\repository\com\vladsch\flexmark\flexmark-ext-admonition\0.62.2\flexmark-ext-admonition-0.62.2.jar;C:\Users\Lenovo\.m2\repository\com\vladsch\flexmark\flexmark-ext-anchorlink\0.62.2\flexmark-ext-anchorlink-0.62.2.jar;C:\Users\Lenovo\.m2\repository\com\vladsch\flexmark\flexmark-ext-aside\0.62.2\flexmark-ext-aside-0.62.2.jar;C:\Users\Lenovo\.m2\repository\com\vladsch\flexmark\flexmark-ext-attributes\0.62.2\flexmark-ext-attributes-0.62.2.jar;C:\Users\Lenovo\.m2\repository\com\vladsch\flexmark\flexmark-ext-autolink\0.62.2\flexmark-ext-autolink-0.62.2.jar;C:\Users\Lenovo\.m2\repository\org\nibor\autolink\autolink\0.6.0\autolink-0.6.0.jar;C:\Users\Lenovo\.m2\repository\com\vladsch\flexmark\flexmark-ext-definition\0.62.2\flexmark-ext-definition-0.62.2.jar;C:\Users\Lenovo\.m2\repository\com\vladsch\flexmark\flexmark-ext-emoji\0.62.2\flexmark-ext-emoji-0.62.2.jar;C:\Users\Lenovo\.m2\repository\com\vladsch\flexmark\flexmark-ext-enumerated-reference\0.62.2\flexmark-ext-enumerated-reference-0.62.2.jar;C:\Users\Lenovo\.m2\repository\com\vladsch\flexmark\flexmark-ext-escaped-character\0.62.2\flexmark-ext-escaped-character-0.62.2.jar;C:\Users\Lenovo\.m2\repository\com\vladsch\flexmark\flexmark-ext-footnotes\0.62.2\flexmark-ext-footnotes-0.62.2.jar;C:\Users\Lenovo\.m2\repository\com\vladsch\flexmark\flexmark-ext-gfm-issues\0.62.2\flexmark-ext-gfm-issues-0.62.2.jar;C:\Users\Lenovo\.m2\repository\com\vladsch\flexmark\flexmark-ext-gfm-strikethrough\0.62.2\flexmark-ext-gfm-strikethrough-0.62.2.jar;C:\Users\Lenovo\.m2\repository\com\vladsch\flexmark\flexmark-ext-gfm-tasklist\0.62.2\flexmark-ext-gfm-tasklist-0.62.2.jar;C:\Users\Lenovo\.m2\repository\com\vladsch\flexmark\flexmark-ext-gfm-users\0.62.2\flexmark-ext-gfm-users-0.62.2.jar;C:\Users\Lenovo\.m2\repository\com\vladsch\flexmark\flexmark-ext-gitlab\0.62.2\flexmark-ext-gitlab-0.62.2.jar;C:\Users\Lenovo\.m2\repository\com\vladsch\flexmark\flexmark-ext-jekyll-front-matter\0.62.2\flexmark-ext-jekyll-front-matter-0.62.2.jar;C:\Users\Lenovo\.m2\repository\com\vladsch\flexmark\flexmark-ext-jekyll-tag\0.62.2\flexmark-ext-jekyll-tag-0.62.2.jar;C:\Users\Lenovo\.m2\repository\com\vladsch\flexmark\flexmark-ext-media-tags\0.62.2\flexmark-ext-media-tags-0.62.2.jar;C:\Users\Lenovo\.m2\repository\com\vladsch\flexmark\flexmark-ext-macros\0.62.2\flexmark-ext-macros-0.62.2.jar;C:\Users\Lenovo\.m2\repository\com\vladsch\flexmark\flexmark-ext-ins\0.62.2\flexmark-ext-ins-0.62.2.jar;C:\Users\Lenovo\.m2\repository\com\vladsch\flexmark\flexmark-ext-xwiki-macros\0.62.2\flexmark-ext-xwiki-macros-0.62.2.jar;C:\Users\Lenovo\.m2\repository\com\vladsch\flexmark\flexmark-ext-superscript\0.62.2\flexmark-ext-superscript-0.62.2.jar;C:\Users\Lenovo\.m2\repository\com\vladsch\flexmark\flexmark-ext-tables\0.62.2\flexmark-ext-tables-0.62.2.jar;C:\Users\Lenovo\.m2\repository\com\vladsch\flexmark\flexmark-ext-toc\0.62.2\flexmark-ext-toc-0.62.2.jar;C:\Users\Lenovo\.m2\repository\com\vladsch\flexmark\flexmark-ext-typographic\0.62.2\flexmark-ext-typographic-0.62.2.jar;C:\Users\Lenovo\.m2\repository\com\vladsch\flexmark\flexmark-ext-wikilink\0.62.2\flexmark-ext-wikilink-0.62.2.jar;C:\Users\Lenovo\.m2\repository\com\vladsch\flexmark\flexmark-ext-yaml-front-matter\0.62.2\flexmark-ext-yaml-front-matter-0.62.2.jar;C:\Users\Lenovo\.m2\repository\com\vladsch\flexmark\flexmark-ext-youtube-embedded\0.62.2\flexmark-ext-youtube-embedded-0.62.2.jar;C:\Users\Lenovo\.m2\repository\com\vladsch\flexmark\flexmark-html2md-converter\0.62.2\flexmark-html2md-converter-0.62.2.jar;C:\Users\Lenovo\.m2\repository\com\vladsch\flexmark\flexmark-jira-converter\0.62.2\flexmark-jira-converter-0.62.2.jar;C:\Users\Lenovo\.m2\repository\com\vladsch\flexmark\flexmark-pdf-converter\0.62.2\flexmark-pdf-converter-0.62.2.jar;C:\Users\Lenovo\.m2\repository\com\openhtmltopdf\openhtmltopdf-core\1.0.0\openhtmltopdf-core-1.0.0.jar;C:\Users\Lenovo\.m2\repository\com\openhtmltopdf\openhtmltopdf-pdfbox\1.0.0\openhtmltopdf-pdfbox-1.0.0.jar;C:\Users\Lenovo\.m2\repository\org\apache\pdfbox\pdfbox\2.0.16\pdfbox-2.0.16.jar;C:\Users\Lenovo\.m2\repository\org\apache\pdfbox\fontbox\2.0.16\fontbox-2.0.16.jar;C:\Users\Lenovo\.m2\repository\org\apache\pdfbox\xmpbox\2.0.16\xmpbox-2.0.16.jar;C:\Users\Lenovo\.m2\repository\de\rototor\pdfbox\graphics2d\0.24\graphics2d-0.24.jar;C:\Users\Lenovo\.m2\repository\com\openhtmltopdf\openhtmltopdf-rtl-support\1.0.0\openhtmltopdf-rtl-support-1.0.0.jar;C:\Users\Lenovo\.m2\repository\com\openhtmltopdf\openhtmltopdf-jsoup-dom-converter\1.0.0\openhtmltopdf-jsoup-dom-converter-1.0.0.jar;C:\Users\Lenovo\.m2\repository\com\vladsch\flexmark\flexmark-profile-pegdown\0.62.2\flexmark-profile-pegdown-0.62.2.jar;C:\Users\Lenovo\.m2\repository\com\vladsch\flexmark\flexmark-util-ast\0.62.2\flexmark-util-ast-0.62.2.jar;C:\Users\Lenovo\.m2\repository\com\vladsch\flexmark\flexmark-util-builder\0.62.2\flexmark-util-builder-0.62.2.jar;C:\Users\Lenovo\.m2\repository\com\vladsch\flexmark\flexmark-util-collection\0.62.2\flexmark-util-collection-0.62.2.jar;C:\Users\Lenovo\.m2\repository\com\vladsch\flexmark\flexmark-util-data\0.62.2\flexmark-util-data-0.62.2.jar;C:\Users\Lenovo\.m2\repository\com\vladsch\flexmark\flexmark-util-dependency\0.62.2\flexmark-util-dependency-0.62.2.jar;C:\Users\Lenovo\.m2\repository\com\vladsch\flexmark\flexmark-util-format\0.62.2\flexmark-util-format-0.62.2.jar;C:\Users\Lenovo\.m2\repository\com\vladsch\flexmark\flexmark-util-html\0.62.2\flexmark-util-html-0.62.2.jar;C:\Users\Lenovo\.m2\repository\com\vladsch\flexmark\flexmark-util-misc\0.62.2\flexmark-util-misc-0.62.2.jar;C:\Users\Lenovo\.m2\repository\com\vladsch\flexmark\flexmark-util-options\0.62.2\flexmark-util-options-0.62.2.jar;C:\Users\Lenovo\.m2\repository\com\vladsch\flexmark\flexmark-util-sequence\0.62.2\flexmark-util-sequence-0.62.2.jar;C:\Users\Lenovo\.m2\repository\com\vladsch\flexmark\flexmark-util-visitor\0.62.2\flexmark-util-visitor-0.62.2.jar;C:\Users\Lenovo\.m2\repository\com\vladsch\flexmark\flexmark-youtrack-converter\0.62.2\flexmark-youtrack-converter-0.62.2.jar;C:\Users\Lenovo\.m2\repository\com\ibm\icu\icu4j\72.1\icu4j-72.1.jar;C:\Users\Lenovo\.m2\repository\es\nitaur\markdown\txtmark\0.16\txtmark-0.16.jar;C:\Users\Lenovo\.m2\repository\net\serenity-bdd\serenity-report-resources\3.6.21\serenity-report-resources-3.6.21.jar;C:\Users\Lenovo\.m2\repository\com\google\code\gson\gson\2.10.1\gson-2.10.1.jar;C:\Users\Lenovo\.m2\repository\com\fasterxml\jackson\core\jackson-core\2.15.0-rc1\jackson-core-2.15.0-rc1.jar;C:\Users\Lenovo\.m2\repository\com\fasterxml\jackson\core\jackson-databind\2.15.0-rc1\jackson-databind-2.15.0-rc1.jar;C:\Users\Lenovo\.m2\repository\com\fasterxml\jackson\core\jackson-annotations\2.15.0-rc1\jackson-annotations-2.15.0-rc1.jar;C:\Users\Lenovo\.m2\repository\commons-codec\commons-codec\1.15\commons-codec-1.15.jar;C:\Users\Lenovo\.m2\repository\commons-io\commons-io\2.11.0\commons-io-2.11.0.jar;C:\Users\Lenovo\.m2\repository\org\apache\httpcomponents\httpclient\4.5.13\httpclient-4.5.13.jar;C:\Users\Lenovo\.m2\repository\org\apache\httpcomponents\httpcore\4.4.13\httpcore-4.4.13.jar;C:\Users\Lenovo\.m2\repository\commons-logging\commons-logging\1.2\commons-logging-1.2.jar;C:\Users\Lenovo\.m2\repository\org\seleniumhq\selenium\selenium-java\4.8.1\selenium-java-4.8.1.jar;C:\Users\Lenovo\.m2\repository\org\seleniumhq\selenium\selenium-devtools-v108\4.8.1\selenium-devtools-v108-4.8.1.jar;C:\Users\Lenovo\.m2\repository\org\seleniumhq\selenium\selenium-devtools-v109\4.8.1\selenium-devtools-v109-4.8.1.jar;C:\Users\Lenovo\.m2\repository\org\seleniumhq\selenium\selenium-devtools-v110\4.8.1\selenium-devtools-v110-4.8.1.jar;C:\Users\Lenovo\.m2\repository\org\seleniumhq\selenium\selenium-devtools-v85\4.8.1\selenium-devtools-v85-4.8.1.jar;C:\Users\Lenovo\.m2\repository\org\seleniumhq\selenium\selenium-remote-driver\4.8.1\selenium-remote-driver-4.8.1.jar;C:\Users\Lenovo\.m2\repository\com\beust\jcommander\1.82\jcommander-1.82.jar;C:\Users\Lenovo\.m2\repository\io\netty\netty-buffer\4.1.87.Final\netty-buffer-4.1.87.Final.jar;C:\Users\Lenovo\.m2\repository\io\netty\netty-codec-http\4.1.87.Final\netty-codec-http-4.1.87.Final.jar;C:\Users\Lenovo\.m2\repository\io\netty\netty-codec\4.1.87.Final\netty-codec-4.1.87.Final.jar;C:\Users\Lenovo\.m2\repository\io\netty\netty-handler\4.1.87.Final\netty-handler-4.1.87.Final.jar;C:\Users\Lenovo\.m2\repository\io\netty\netty-common\4.1.87.Final\netty-common-4.1.87.Final.jar;C:\Users\Lenovo\.m2\repository\io\netty\netty-transport-classes-epoll\4.1.87.Final\netty-transport-classes-epoll-4.1.87.Final.jar;C:\Users\Lenovo\.m2\repository\io\netty\netty-transport-classes-kqueue\4.1.87.Final\netty-transport-classes-kqueue-4.1.87.Final.jar;C:\Users\Lenovo\.m2\repository\io\netty\netty-transport-native-epoll\4.1.87.Final\netty-transport-native-epoll-4.1.87.Final.jar;C:\Users\Lenovo\.m2\repository\io\netty\netty-transport-native-kqueue\4.1.87.Final\netty-transport-native-kqueue-4.1.87.Final.jar;C:\Users\Lenovo\.m2\repository\io\netty\netty-transport-native-unix-common\4.1.87.Final\netty-transport-native-unix-common-4.1.87.Final.jar;C:\Users\Lenovo\.m2\repository\io\netty\netty-transport\4.1.87.Final\netty-transport-4.1.87.Final.jar;C:\Users\Lenovo\.m2\repository\io\netty\netty-resolver\4.1.87.Final\netty-resolver-4.1.87.Final.jar;C:\Users\Lenovo\.m2\repository\io\opentelemetry\opentelemetry-api\1.22.0\opentelemetry-api-1.22.0.jar;C:\Users\Lenovo\.m2\repository\io\opentelemetry\opentelemetry-context\1.22.0\opentelemetry-context-1.22.0.jar;C:\Users\Lenovo\.m2\repository\io\opentelemetry\opentelemetry-exporter-logging\1.22.0\opentelemetry-exporter-logging-1.22.0.jar;C:\Users\Lenovo\.m2\repository\io\opentelemetry\opentelemetry-sdk-metrics\1.22.0\opentelemetry-sdk-metrics-1.22.0.jar;C:\Users\Lenovo\.m2\repository\io\opentelemetry\opentelemetry-sdk-logs\1.22.0-alpha\opentelemetry-sdk-logs-1.22.0-alpha.jar;C:\Users\Lenovo\.m2\repository\io\opentelemetry\opentelemetry-api-logs\1.22.0-alpha\opentelemetry-api-logs-1.22.0-alpha.jar;C:\Users\Lenovo\.m2\repository\io\opentelemetry\opentelemetry-sdk-common\1.22.0\opentelemetry-sdk-common-1.22.0.jar;C:\Users\Lenovo\.m2\repository\io\opentelemetry\opentelemetry-sdk-extension-autoconfigure-spi\1.22.0\opentelemetry-sdk-extension-autoconfigure-spi-1.22.0.jar;C:\Users\Lenovo\.m2\repository\io\opentelemetry\opentelemetry-sdk-extension-autoconfigure\1.22.0-alpha\opentelemetry-sdk-extension-autoconfigure-1.22.0-alpha.jar;C:\Users\Lenovo\.m2\repository\io\opentelemetry\opentelemetry-sdk-trace\1.22.0\opentelemetry-sdk-trace-1.22.0.jar;C:\Users\Lenovo\.m2\repository\io\opentelemetry\opentelemetry-sdk\1.22.0\opentelemetry-sdk-1.22.0.jar;C:\Users\Lenovo\.m2\repository\io\opentelemetry\opentelemetry-semconv\1.22.0-alpha\opentelemetry-semconv-1.22.0-alpha.jar;C:\Users\Lenovo\.m2\repository\io\ous\jtoml\2.0.0\jtoml-2.0.0.jar;C:\Users\Lenovo\.m2\repository\org\apache\commons\commons-exec\1.3\commons-exec-1.3.jar;C:\Users\Lenovo\.m2\repository\org\asynchttpclient\async-http-client\2.12.3\async-http-client-2.12.3.jar;C:\Users\Lenovo\.m2\repository\org\asynchttpclient\async-http-client-netty-utils\2.12.3\async-http-client-netty-utils-2.12.3.jar;C:\Users\Lenovo\.m2\repository\io\netty\netty-codec-socks\4.1.60.Final\netty-codec-socks-4.1.60.Final.jar;C:\Users\Lenovo\.m2\repository\io\netty\netty-handler-proxy\4.1.60.Final\netty-handler-proxy-4.1.60.Final.jar;C:\Users\Lenovo\.m2\repository\io\netty\netty-transport-native-epoll\4.1.60.Final\netty-transport-native-epoll-4.1.60.Final-linux-x86_64.jar;C:\Users\Lenovo\.m2\repository\io\netty\netty-transport-native-kqueue\4.1.60.Final\netty-transport-native-kqueue-4.1.60.Final-osx-x86_64.jar;C:\Users\Lenovo\.m2\repository\org\reactivestreams\reactive-streams\1.0.3\reactive-streams-1.0.3.jar;C:\Users\Lenovo\.m2\repository\com\typesafe\netty\netty-reactive-streams\2.0.4\netty-reactive-streams-2.0.4.jar;C:\Users\Lenovo\.m2\repository\org\seleniumhq\selenium\selenium-manager\4.8.1\selenium-manager-4.8.1.jar;C:\Users\Lenovo\.m2\repository\org\seleniumhq\selenium\selenium-safari-driver\4.8.1\selenium-safari-driver-4.8.1.jar;C:\Users\Lenovo\.m2\repository\org\seleniumhq\selenium\selenium-api\4.8.1\selenium-api-4.8.1.jar;C:\Users\Lenovo\.m2\repository\org\seleniumhq\selenium\selenium-support\4.8.1\selenium-support-4.8.1.jar;C:\Users\Lenovo\.m2\repository\com\google\auto\service\auto-service-annotations\1.0.1\auto-service-annotations-1.0.1.jar;C:\Users\Lenovo\.m2\repository\com\google\auto\service\auto-service\1.0.1\auto-service-1.0.1.jar;C:\Users\Lenovo\.m2\repository\com\google\auto\auto-common\1.2\auto-common-1.2.jar;C:\Users\Lenovo\.m2\repository\org\seleniumhq\selenium\selenium-json\4.8.1\selenium-json-4.8.1.jar;C:\Users\Lenovo\.m2\repository\org\seleniumhq\selenium\selenium-chrome-driver\4.8.1\selenium-chrome-driver-4.8.1.jar;C:\Users\Lenovo\.m2\repository\org\seleniumhq\selenium\selenium-chromium-driver\4.8.1\selenium-chromium-driver-4.8.1.jar;C:\Users\Lenovo\.m2\repository\org\seleniumhq\selenium\selenium-firefox-driver\4.8.1\selenium-firefox-driver-4.8.1.jar;C:\Users\Lenovo\.m2\repository\org\seleniumhq\selenium\selenium-http\4.8.1\selenium-http-4.8.1.jar;C:\Users\Lenovo\.m2\repository\dev\failsafe\failsafe\3.3.0\failsafe-3.3.0.jar;C:\Users\Lenovo\.m2\repository\org\seleniumhq\selenium\selenium-edge-driver\4.8.1\selenium-edge-driver-4.8.1.jar;C:\Users\Lenovo\.m2\repository\org\seleniumhq\selenium\selenium-ie-driver\4.8.1\selenium-ie-driver-4.8.1.jar;C:\Users\Lenovo\.m2\repository\org\projectlombok\lombok\1.18.20\lombok-1.18.20.jar;C:\Users\Lenovo\.m2\repository\io\appium\java-client\8.3.0\java-client-8.3.0.jar;C:\Users\Lenovo\.m2\repository\commons-validator\commons-validator\1.7\commons-validator-1.7.jar;C:\Users\Lenovo\.m2\repository\commons-digester\commons-digester\2.1\commons-digester-2.1.jar;C:\Users\Lenovo\.m2\repository\org\apache\groovy\groovy\4.0.10\groovy-4.0.10.jar;C:\Users\Lenovo\.m2\repository\net\sf\opencsv\opencsv\2.0\opencsv-2.0.jar;C:\Users\Lenovo\.m2\repository\commons-beanutils\commons-beanutils\1.9.4\commons-beanutils-1.9.4.jar;C:\Users\Lenovo\.m2\repository\org\apache\commons\commons-lang3\3.12.0\commons-lang3-3.12.0.jar;C:\Users\Lenovo\.m2\repository\commons-collections\commons-collections\3.2.2\commons-collections-3.2.2.jar;C:\Users\Lenovo\.m2\repository\org\fluentlenium\fluentlenium-core\0.10.2\fluentlenium-core-0.10.2.jar;C:\Users\Lenovo\.m2\repository\io\github\bonigarcia\webdrivermanager\5.3.0\webdrivermanager-5.3.0.jar;C:\Users\Lenovo\.m2\repository\com\github\docker-java\docker-java\3.2.13\docker-java-3.2.13.jar;C:\Users\Lenovo\.m2\repository\com\github\docker-java\docker-java-core\3.2.13\docker-java-core-3.2.13.jar;C:\Users\Lenovo\.m2\repository\com\github\docker-java\docker-java-api\3.2.13\docker-java-api-3.2.13.jar;C:\Users\Lenovo\.m2\repository\org\apache\commons\commons-compress\1.21\commons-compress-1.21.jar;C:\Users\Lenovo\.m2\repository\org\bouncycastle\bcpkix-jdk15on\1.64\bcpkix-jdk15on-1.64.jar;C:\Users\Lenovo\.m2\repository\org\bouncycastle\bcprov-jdk15on\1.64\bcprov-jdk15on-1.64.jar;C:\Users\Lenovo\.m2\repository\org\slf4j\jcl-over-slf4j\1.7.30\jcl-over-slf4j-1.7.30.jar;C:\Users\Lenovo\.m2\repository\com\github\docker-java\docker-java-transport-httpclient5\3.2.13\docker-java-transport-httpclient5-3.2.13.jar;C:\Users\Lenovo\.m2\repository\com\github\docker-java\docker-java-transport\3.2.13\docker-java-transport-3.2.13.jar;C:\Users\Lenovo\.m2\repository\net\java\dev\jna\jna\5.8.0\jna-5.8.0.jar;C:\Users\Lenovo\.m2\repository\org\brotli\dec\0.1.2\dec-0.1.2.jar;C:\Users\Lenovo\.m2\repository\org\apache\httpcomponents\client5\httpclient5\5.1.3\httpclient5-5.1.3.jar;C:\Users\Lenovo\.m2\repository\org\apache\httpcomponents\core5\httpcore5\5.1.3\httpcore5-5.1.3.jar;C:\Users\Lenovo\.m2\repository\org\apache\httpcomponents\core5\httpcore5-h2\5.1.3\httpcore5-h2-5.1.3.jar;C:\Users\Lenovo\.m2\repository\com\jhlabs\filters\2.0.235\filters-2.0.235.jar;C:\Users\Lenovo\.m2\repository\com\paulhammant\ngwebdriver\1.1.6\ngwebdriver-1.1.6.jar;C:\Users\Lenovo\.m2\repository\joda-time\joda-time\2.12.2\joda-time-2.12.2.jar;C:\Users\Lenovo\.m2\repository\org\hamcrest\hamcrest\2.2\hamcrest-2.2.jar;C:\Users\Lenovo\.m2\repository\com\google\jimfs\jimfs\1.2\jimfs-1.2.jar;C:\Users\Lenovo\.m2\repository\org\mockito\mockito-core\3.3.3\mockito-core-3.3.3.jar;C:\Users\Lenovo\.m2\repository\javax\xml\bind\jaxb-api\2.3.1\jaxb-api-2.3.1.jar;C:\Users\Lenovo\.m2\repository\javax\activation\javax.activation-api\1.2.0\javax.activation-api-1.2.0.jar;C:\Users\Lenovo\.m2\repository\com\sun\xml\bind\jaxb-core\2.3.0.1\jaxb-core-2.3.0.1.jar;C:\Users\Lenovo\.m2\repository\com\sun\xml\bind\jaxb-impl\2.3.3\jaxb-impl-2.3.3.jar;C:\Users\Lenovo\.m2\repository\jakarta\xml\bind\jakarta.xml.bind-api\2.3.3\jakarta.xml.bind-api-2.3.3.jar;C:\Users\Lenovo\.m2\repository\com\sun\activation\jakarta.activation\1.2.2\jakarta.activation-1.2.2.jar;C:\Users\Lenovo\.m2\repository\javax\activation\activation\1.1.1\activation-1.1.1.jar;C:\Users\Lenovo\.m2\repository\net\serenity-bdd\serenity-cucumber\3.6.21\serenity-cucumber-3.6.21.jar;C:\Users\Lenovo\.m2\repository\io\cucumber\cucumber-core\7.11.0\cucumber-core-7.11.0.jar;C:\Users\Lenovo\.m2\repository\io\cucumber\cucumber-gherkin\7.11.0\cucumber-gherkin-7.11.0.jar;C:\Users\Lenovo\.m2\repository\io\cucumber\cucumber-gherkin-messages\7.11.0\cucumber-gherkin-messages-7.11.0.jar;C:\Users\Lenovo\.m2\repository\io\cucumber\gherkin\26.0.3\gherkin-26.0.3.jar;C:\Users\Lenovo\.m2\repository\io\cucumber\messages\21.0.1\messages-21.0.1.jar;C:\Users\Lenovo\.m2\repository\io\cucumber\tag-expressions\5.0.1\tag-expressions-5.0.1.jar;C:\Users\Lenovo\.m2\repository\io\cucumber\cucumber-expressions\16.1.1\cucumber-expressions-16.1.1.jar;C:\Users\Lenovo\.m2\repository\io\cucumber\datatable\7.11.0\datatable-7.11.0.jar;C:\Users\Lenovo\.m2\repository\io\cucumber\cucumber-plugin\7.11.0\cucumber-plugin-7.11.0.jar;C:\Users\Lenovo\.m2\repository\io\cucumber\docstring\7.11.0\docstring-7.11.0.jar;C:\Users\Lenovo\.m2\repository\io\cucumber\html-formatter\20.2.1\html-formatter-20.2.1.jar;C:\Users\Lenovo\.m2\repository\io\cucumber\junit-xml-formatter\0.1.0\junit-xml-formatter-0.1.0.jar;C:\Users\Lenovo\.m2\repository\io\cucumber\ci-environment\9.1.0\ci-environment-9.1.0.jar;C:\Users\Lenovo\.m2\repository\io\cucumber\cucumber-java\7.11.0\cucumber-java-7.11.0.jar;C:\Users\Lenovo\.m2\repository\io\cucumber\cucumber-junit\7.11.0\cucumber-junit-7.11.0.jar;C:\Users\Lenovo\.m2\repository\org\apache\commons\commons-csv\1.5\commons-csv-1.5.jar;C:\Users\Lenovo\.m2\repository\net\serenity-bdd\serenity-screenplay\3.6.21\serenity-screenplay-3.6.21.jar;C:\Users\Lenovo\.m2\repository\net\serenity-bdd\serenity-screenplay-webdriver\3.6.21\serenity-screenplay-webdriver-3.6.21.jar;C:\Users\Lenovo\.m2\repository\net\serenity-bdd\serenity-ensure\3.6.21\serenity-ensure-3.6.21.jar;C:\Users\Lenovo\.m2\repository\net\serenity-bdd\serenity-junit\3.6.21\serenity-junit-3.6.21.jar;C:\Users\Lenovo\.m2\repository\org\jetbrains\kotlin\kotlin-stdlib\1.8.10\kotlin-stdlib-1.8.10.jar;C:\Users\Lenovo\.m2\repository\org\jetbrains\kotlin\kotlin-stdlib-common\1.8.10\kotlin-stdlib-common-1.8.10.jar;C:\Users\Lenovo\.m2\repository\org\jetbrains\annotations\13.0\annotations-13.0.jar;C:\Users\Lenovo\.m2\repository\org\junit\platform\junit-platform-launcher\1.8.2\junit-platform-launcher-1.8.2.jar;C:\Users\Lenovo\.m2\repository\org\junit\platform\junit-platform-engine\1.8.2\junit-platform-engine-1.8.2.jar;C:\Users\Lenovo\.m2\repository\org\opentest4j\opentest4j\1.2.0\opentest4j-1.2.0.jar;C:\Users\Lenovo\.m2\repository\org\junit\platform\junit-platform-commons\1.8.2\junit-platform-commons-1.8.2.jar;C:\Users\Lenovo\.m2\repository\org\apiguardian\apiguardian-api\1.1.2\apiguardian-api-1.1.2.jar;C:\Users\Lenovo\.m2\repository\org\junit\jupiter\junit-jupiter-engine\5.8.2\junit-jupiter-engine-5.8.2.jar;C:\Users\Lenovo\.m2\repository\org\junit\jupiter\junit-jupiter-api\5.8.2\junit-jupiter-api-5.8.2.jar;C:\Users\Lenovo\.m2\repository\org\junit\vintage\junit-vintage-engine\5.8.2\junit-vintage-engine-5.8.2.jar;C:\Users\Lenovo\.m2\repository\junit\junit\4.13.2\junit-4.13.2.jar;C:\Users\Lenovo\.m2\repository\org\hamcrest\hamcrest-core\1.3\hamcrest-core-1.3.jar;C:\Users\Lenovo\.m2\repository\ch\qos\logback\logback-classic\1.2.10\logback-classic-1.2.10.jar;C:\Users\Lenovo\.m2\repository\ch\qos\logback\logback-core\1.2.10\logback-core-1.2.10.jar;C:\Users\Lenovo\.m2\repository\org\slf4j\slf4j-api\1.7.32\slf4j-api-1.7.32.jar;C:\Users\Lenovo\.m2\repository\org\assertj\assertj-core\3.23.1\assertj-core-3.23.1.jar;C:\Users\Lenovo\.m2\repository\net\bytebuddy\byte-buddy\1.12.10\byte-buddy-1.12.10.jar;C:\Users\Lenovo\.m2\repository\org\apache\maven\surefire\surefire-junit-platform\3.0.0-M5\surefire-junit-platform-3.0.0-M5.jar;C:\Users\Lenovo\.m2\repository\org\apache\maven\surefire\common-java5\3.0.0-M5\common-java5-3.0.0-M5.jar"/>
    <property name="user.script" value=""/>
    <property name="java.protocol.handler.pkgs" value="com.google.common"/>
    <property name="sun.management.compiler" value="HotSpot 64-Bit Tiered Compilers"/>
    <property name="java.runtime.version" value="14.0.2+12-46"/>
    <property name="user.name" value="Lenovo"/>
    <property name="path.separator" value=";"/>
    <property name="os.version" value="10.0"/>
    <property name="java.runtime.name" value="Java(TM) SE Runtime Environment"/>
    <property name="file.encoding" value="Cp1252"/>
    <property name="webdriver.base.url" value=""/>
    <property name="java.vm.name" value="Java HotSpot(TM) 64-Bit Server VM"/>
    <property name="localRepository" value="C:\Users\Lenovo\.m2\repository"/>
    <property name="java.vendor.url.bug" value="https://bugreport.java.com/bugreport/"/>
    <property name="java.io.tmpdir" value="C:\Users\Lenovo\AppData\Local\Temp\"/>
    <property name="java.version" value="14.0.2"/>
    <property name="user.dir" value="C:\Users\Lenovo\IdeaProjects\MiniProject\MiniProjectWeb"/>
    <property name="os.arch" value="amd64"/>
    <property name="java.vm.specification.name" value="Java Virtual Machine Specification"/>
    <property name="sun.os.patch.level" value=""/>
    <property name="java.library.path" value="C:\Program Files\Java\jdk-14.0.2\bin;C:\WINDOWS\Sun\Java\bin;C:\WINDOWS\system32;C:\WINDOWS;C:\Program Files (x86)\Common Files\Intel\Shared Files\cpp\bin\Intel64;C:\WINDOWS\system32;C:\WINDOWS;C:\WINDOWS\System32\Wbem;C:\WINDOWS\System32\WindowsPowerShell\v1.0\;C:\WINDOWS\System32\OpenSSH\;C:\Program Files\Java\jdk-14.0.2\bin;C:\Program Files\Microsoft SQL Server\Client SDK\ODBC\170\Tools\Binn\;C:\Program Files (x86)\Microsoft SQL Server\150\Tools\Binn\;C:\Program Files\Microsoft SQL Server\150\Tools\Binn\;C:\Program Files\Microsoft SQL Server\150\DTS\Binn\;C:\Program Files (x86)\Microsoft SQL Server\150\DTS\Binn\;C:\Program Files\Azure Data Studio\bin;C:\Program Files\Git\cmd;C:\Program Files\nodejs\;D:\laragon\bin\php\php-7.4.19-Win32-vc15-x64;C:\Program Files\dotnet\;C:\Program Files\Microsoft SQL Server\130\Tools\Binn\;C:\Program Files (x86)\Microsoft SQL Server\110\DTS\Binn\;C:\Program Files (x86)\Microsoft SQL Server\120\DTS\Binn\;C:\Program Files (x86)\Microsoft SQL Server\130\DTS\Binn\;C:\Program Files (x86)\Microsoft SQL Server\140\DTS\Binn\;C:\Program Files (x86)\dotnet\;C:\xampp\php;C:\flutter\bin;C:\Program Files\k6\;C:\Program Files\PuTTY\;C:\Program Files\Docker\Docker\resources\bin;C:\Users\Lenovo\apache-maven-3.9.1-bin\apache-maven-3.9.1\bin;C:\Users\Lenovo\AppData\Local\Android\Sdk;C:\Users\Lenovo\AppData\Local\Android\Sdk\platform-tools;C:\Program Files\PowerShell\7\;C:\Users\Lenovo\AppData\Local\Microsoft\WindowsApps;C:\Program Files\Java\jdk-14.0.2\bin;C:\Program Files\Azure Data Studio\bin;C:\Users\Lenovo\AppData\Local\Programs\Microsoft VS Code\bin;C:\Users\Lenovo\anaconda3\Library\bin;C:\Users\Lenovo\anaconda3\Scripts;C:\Users\Lenovo\anaconda3\condabin;C:\Users\Lenovo\AppData\Roaming\npm;D:\laragon\bin\php\php-7.4.19-Win32-vc15-x64;C:\Users\Lenovo\AppData\Local\ComposerSetup\bin;C:\Users\Lenovo\AppData\Roaming\Composer\vendor\bin;C:\Users\Lenovo\.dotnet\tools;C:\Users\Lenovo\Downloads\flutter_windows_3.3.0-stable\flutter\bin;C:\Program Files\JetBrains\IntelliJ IDEA Community Edition 2022.3.2\bin;;;."/>
    <property name="java.vm.info" value="mixed mode"/>
    <property name="java.vendor" value="Oracle Corporation"/>
    <property name="java.vm.version" value="14.0.2+12-46"/>
    <property name="sun.io.unicode.encoding" value="UnicodeLittle"/>
    <property name="java.class.version" value="58.0"/>
  </properties>
  <testcase name="as a user I want to register and successfully" classname="As a user" time="18.005">
    <system-out><![CDATA[06:31:28.620 [main] DEBUG net.thucydides.core.guice.Injectors - Created injector for module net.thucydides.core.guice.ThucydidesModule
06:31:29.182 [main] DEBUG io.cucumber.core.plugin.SerenityReporter - Running feature from file:///C:/Users/Lenovo/IdeaProjects/MiniProject/MiniProjectWeb/src/test/resources/features/user.feature
06:31:29.608 [main] DEBUG net.thucydides.core.guice.Injectors - Created injector for module net.thucydides.core.guice.webdriver.WebDriverModule
06:31:29.650 [main] INFO  - 

-------------------------------------------------------------------------------------
     _______. _______ .______       _______ .__   __.  __  .___________.____    ____ 
    /       ||   ____||   _  \     |   ____||  \ |  | |  | |           |\   \  /   / 
   |   (----`|  |__   |  |_)  |    |  |__   |   \|  | |  | `---|  |----` \   \/   /  
    \   \    |   __|  |      /     |   __|  |  . `  | |  |     |  |       \_    _/   
.----)   |   |  |____ |  |\  \----.|  |____ |  |\   | |  |     |  |         |  |     
|_______/    |_______|| _| `._____||_______||__| \__| |__|     |__|         |__|    
                                                                                     
 News and tutorials at http://www.serenity-bdd.info                                  
 Documentation at https://wakaleo.gitbooks.io/the-serenity-book/content/             
 Join the Serenity Community on Gitter: https://gitter.im/serenity-bdd/serenity-core 
 Serenity BDD Support and Training at http://serenity-bdd.info/#/trainingandsupport  
-------------------------------------------------------------------------------------

06:31:29.655 [main] DEBUG net.thucydides.core.steps.StepEventBus - Test suite started for story net.thucydides.core.model.Story@a4c2e61
06:31:29.658 [main] INFO  - Test Suite Started: As a user
06:31:29.680 [main] DEBUG io.cucumber.core.plugin.SerenityReporter - Running feature from file:///C:/Users/Lenovo/IdeaProjects/MiniProject/MiniProjectWeb/src/test/resources/features/user.feature
06:31:29.687 [main] DEBUG net.thucydides.core.steps.StepEventBus - Test suite started for story net.thucydides.core.model.Story@a4c2e61
06:31:29.688 [main] INFO  - Test Suite Started: As a user

@TC-001
Scenario: as a user I want to register and successfully &amp#27;[90m# src/test/resources/features/user.feature:6&amp#27;[0m
06:31:29.837 [main] DEBUG io.cucumber.core.plugin.SerenityReporter - Running feature from file:///C:/Users/Lenovo/IdeaProjects/MiniProject/MiniProjectWeb/src/test/resources/features/user.feature
06:31:30.138 [main] INFO  - 
  _____   ___   ___   _____     ___   _____     _     ___   _____   ___   ___  
 |_   _| | __| / __| |_   _|   / __| |_   _|   /_\   | _ \ |_   _| | __| |   \ 
   | |   | _|  \__ \   | |     \__ \   | |    / _ \  |   /   | |   | _|  | |) |
   |_|   |___| |___/   |_|     |___/   |_|   /_/ \_\ |_|_\   |_|   |___| |___/ 

as a user I want to register and successfully(as-a-user;as-a-user-i-want-to-register-and-successfully)
--------------------------------------------------------------------------------
06:31:30.251 [main] DEBUG net.thucydides.core.requirements.model.cucumber.CucumberParser - Loading feature C:\Users\Lenovo\IdeaProjects\MiniProject\MiniProjectWeb\src\test\resources\features\user.feature
06:31:32.132 [main] DEBUG net.thucydides.core.steps.StepInterceptor - STARTING STEP: UserSteps.userOnMainPage - userOnMainPage
06:31:32.187 [main] INFO net.serenitybdd.core.webdriver.driverproviders.DriverProvider - Using WebDriverManager configuration for chrome
06:31:32.731 [main] DEBUG io.github.bonigarcia.wdm.cache.ResolutionCache - Resolution chrome=112 in cache (valid until 07:20:48 09/05/2023 ICT)
06:31:32.733 [main] DEBUG io.github.bonigarcia.wdm.cache.ResolutionCache - Resolution chrome112=112.0.5615.49 in cache (valid until 06:20:48 10/05/2023 ICT)
06:31:32.734 [main] INFO io.github.bonigarcia.wdm.WebDriverManager - Using chromedriver 112.0.5615.49 (resolved driver for Chrome 112)
06:31:32.759 [main] DEBUG io.github.bonigarcia.wdm.WebDriverManager - Driver chromedriver 112.0.5615.49 found in cache
06:31:32.763 [main] INFO io.github.bonigarcia.wdm.WebDriverManager - Exporting webdriver.chrome.driver as C:\Users\Lenovo\.cache\selenium\chromedriver\win32\112.0.5615.49\chromedriver.exe
06:31:32.920 [main] INFO net.serenitybdd.core.webdriver.driverproviders.ChromeDriverProvider - Starting Chrome driver instance with capabilities:
06:31:32.925 [main] INFO net.serenitybdd.core.webdriver.driverproviders.ChromeDriverProvider - Capabilities {acceptInsecureCerts: true, browserName: chrome, goog:chromeOptions: {args: [remote-allow-origins=*, test-type, no-sandbox, ignore-certificate-errors, start-maximized, incognito, disable-infobars, disable-gpu, disable-default-apps, disable-popup-blocking, remote-allow-origins=*, test-type, no-sandbox, ignore-certificate-errors, start-maximized, incognito, disable-infobars, disable-gpu, disable-default-apps, disable-popup-blocking, remote-allow-origins=*], extensions: []}}
06:31:33.081 [main] DEBUG io.netty.util.internal.logging.InternalLoggerFactory - Using SLF4J as the default logging framework
06:31:33.086 [main] DEBUG io.netty.util.ResourceLeakDetector - -Dio.netty.leakDetection.level: simple
06:31:33.086 [main] DEBUG io.netty.util.ResourceLeakDetector - -Dio.netty.leakDetection.targetRecords: 4
06:31:33.092 [main] DEBUG io.netty.util.ResourceLeakDetectorFactory - Loaded default ResourceLeakDetector: io.netty.util.ResourceLeakDetector@73ae82da
06:31:33.119 [main] DEBUG io.netty.util.internal.PlatformDependent0 - -Dio.netty.noUnsafe: false
06:31:33.119 [main] DEBUG io.netty.util.internal.PlatformDependent0 - Java version: 14
06:31:33.120 [main] DEBUG io.netty.util.internal.PlatformDependent0 - sun.misc.Unsafe.theUnsafe: available
06:31:33.122 [main] DEBUG io.netty.util.internal.PlatformDependent0 - sun.misc.Unsafe.copyMemory: available
06:31:33.122 [main] DEBUG io.netty.util.internal.PlatformDependent0 - sun.misc.Unsafe.storeFence: available
06:31:33.122 [main] DEBUG io.netty.util.internal.PlatformDependent0 - java.nio.Buffer.address: available
06:31:33.123 [main] DEBUG io.netty.util.internal.PlatformDependent0 - direct buffer constructor: unavailable: Reflective setAccessible(true) disabled
06:31:33.124 [main] DEBUG io.netty.util.internal.PlatformDependent0 - java.nio.Bits.unaligned: available, true
06:31:33.125 [main] DEBUG io.netty.util.internal.PlatformDependent0 - jdk.internal.misc.Unsafe.allocateUninitializedArray(int): unavailable: class io.netty.util.internal.PlatformDependent0$7 cannot access class jdk.internal.misc.Unsafe (in module java.base) because module java.base does not export jdk.internal.misc to unnamed module @6d1310f6
06:31:33.127 [main] DEBUG io.netty.util.internal.PlatformDependent0 - java.nio.DirectByteBuffer.<init>(long, int): unavailable
06:31:33.127 [main] DEBUG io.netty.util.internal.PlatformDependent - sun.misc.Unsafe: available
06:31:33.129 [main] DEBUG io.netty.util.internal.PlatformDependent - maxDirectMemory: 2118123520 bytes (maybe)
06:31:33.130 [main] DEBUG io.netty.util.internal.PlatformDependent - -Dio.netty.tmpdir: C:\Users\Lenovo\AppData\Local\Temp (java.io.tmpdir)
06:31:33.130 [main] DEBUG io.netty.util.internal.PlatformDependent - -Dio.netty.bitMode: 64 (sun.arch.data.model)
06:31:33.130 [main] DEBUG io.netty.util.internal.PlatformDependent - Platform: Windows
06:31:33.131 [main] DEBUG io.netty.util.internal.PlatformDependent - -Dio.netty.maxDirectMemory: -1 bytes
06:31:33.132 [main] DEBUG io.netty.util.internal.PlatformDependent - -Dio.netty.uninitializedArrayAllocationThreshold: -1
06:31:33.133 [main] DEBUG io.netty.util.internal.CleanerJava9 - java.nio.ByteBuffer.cleaner(): available
06:31:33.133 [main] DEBUG io.netty.util.internal.PlatformDependent - -Dio.netty.noPreferDirect: false
06:31:33.150 [main] DEBUG io.netty.util.internal.PlatformDependent - org.jctools-core.MpscChunkedArrayQueue: available
06:31:33.183 [main] DEBUG io.netty.util.internal.InternalThreadLocalMap - -Dio.netty.threadLocalMap.stringBuilder.initialSize: 1024
06:31:33.183 [main] DEBUG io.netty.util.internal.InternalThreadLocalMap - -Dio.netty.threadLocalMap.stringBuilder.maxSize: 4096
06:31:33.249 [main] DEBUG io.netty.handler.ssl.JdkSslContext - Default protocols (JDK): [TLSv1.3, TLSv1.2, TLSv1.1, TLSv1] 
06:31:33.249 [main] DEBUG io.netty.handler.ssl.JdkSslContext - Default cipher suites (JDK): [TLS_ECDHE_ECDSA_WITH_AES_256_GCM_SHA384, TLS_ECDHE_ECDSA_WITH_AES_128_GCM_SHA256, TLS_ECDHE_RSA_WITH_AES_128_GCM_SHA256, TLS_ECDHE_RSA_WITH_AES_256_GCM_SHA384, TLS_ECDHE_RSA_WITH_AES_128_CBC_SHA, TLS_ECDHE_RSA_WITH_AES_256_CBC_SHA, TLS_RSA_WITH_AES_128_GCM_SHA256, TLS_RSA_WITH_AES_128_CBC_SHA, TLS_RSA_WITH_AES_256_CBC_SHA, TLS_AES_128_GCM_SHA256, TLS_AES_256_GCM_SHA384]
06:31:33.297 [main] DEBUG io.netty.channel.MultithreadEventLoopGroup - -Dio.netty.eventLoopThreads: 16
06:31:33.311 [main] DEBUG io.netty.channel.nio.NioEventLoop - -Dio.netty.noKeySetOptimization: false
06:31:33.312 [main] DEBUG io.netty.channel.nio.NioEventLoop - -Dio.netty.selectorAutoRebuildThreshold: 512
06:31:33.387 [main] DEBUG io.netty.buffer.PooledByteBufAllocator - -Dio.netty.allocator.numHeapArenas: 16
06:31:33.387 [main] DEBUG io.netty.buffer.PooledByteBufAllocator - -Dio.netty.allocator.numDirectArenas: 16
06:31:33.387 [main] DEBUG io.netty.buffer.PooledByteBufAllocator - -Dio.netty.allocator.pageSize: 8192
06:31:33.387 [main] DEBUG io.netty.buffer.PooledByteBufAllocator - -Dio.netty.allocator.maxOrder: 9
06:31:33.387 [main] DEBUG io.netty.buffer.PooledByteBufAllocator - -Dio.netty.allocator.chunkSize: 4194304
06:31:33.387 [main] DEBUG io.netty.buffer.PooledByteBufAllocator - -Dio.netty.allocator.smallCacheSize: 256
06:31:33.387 [main] DEBUG io.netty.buffer.PooledByteBufAllocator - -Dio.netty.allocator.normalCacheSize: 64
06:31:33.387 [main] DEBUG io.netty.buffer.PooledByteBufAllocator - -Dio.netty.allocator.maxCachedBufferCapacity: 32768
06:31:33.388 [main] DEBUG io.netty.buffer.PooledByteBufAllocator - -Dio.netty.allocator.cacheTrimInterval: 8192
06:31:33.388 [main] DEBUG io.netty.buffer.PooledByteBufAllocator - -Dio.netty.allocator.cacheTrimIntervalMillis: 0
06:31:33.388 [main] DEBUG io.netty.buffer.PooledByteBufAllocator - -Dio.netty.allocator.useCacheForAllThreads: false
06:31:33.388 [main] DEBUG io.netty.buffer.PooledByteBufAllocator - -Dio.netty.allocator.maxCachedByteBuffersPerChunk: 1023
06:31:33.407 [main] DEBUG io.netty.buffer.ByteBufUtil - -Dio.netty.allocator.type: pooled
06:31:33.407 [main] DEBUG io.netty.buffer.ByteBufUtil - -Dio.netty.threadLocalDirectBufferSize: 0
06:31:33.407 [main] DEBUG io.netty.buffer.ByteBufUtil - -Dio.netty.maxThreadLocalCharBufferSize: 16384
06:31:34.501 [Forwarding newSession on session null to remote] DEBUG io.netty.channel.DefaultChannelId - -Dio.netty.processId: 7580 (auto-detected)
06:31:34.505 [Forwarding newSession on session null to remote] DEBUG io.netty.util.NetUtil - -Djava.net.preferIPv4Stack: false
06:31:34.505 [Forwarding newSession on session null to remote] DEBUG io.netty.util.NetUtil - -Djava.net.preferIPv6Addresses: false
06:31:34.518 [Forwarding newSession on session null to remote] DEBUG io.netty.util.NetUtilInitializations - Loopback interface: lo (Software Loopback Interface 1, 127.0.0.1)
06:31:34.520 [Forwarding newSession on session null to remote] DEBUG io.netty.util.NetUtil - Failed to get SOMAXCONN from sysctl and file \proc\sys\net\core\somaxconn. Default: 200
06:31:34.538 [Forwarding newSession on session null to remote] DEBUG io.netty.channel.DefaultChannelId - -Dio.netty.machineId: 28:39:26:ff:fe:7a:15:1f (auto-detected)
06:31:34.626 [AsyncHttpClient-1-2] DEBUG io.netty.buffer.AbstractByteBuf - -Dio.netty.buffer.checkAccessible: true
06:31:34.627 [AsyncHttpClient-1-2] DEBUG io.netty.buffer.AbstractByteBuf - -Dio.netty.buffer.checkBounds: true
06:31:34.627 [AsyncHttpClient-1-2] DEBUG io.netty.util.ResourceLeakDetectorFactory - Loaded default ResourceLeakDetector: io.netty.util.ResourceLeakDetector@368ab251
06:31:34.655 [AsyncHttpClient-1-2] DEBUG org.asynchttpclient.netty.channel.NettyConnectListener - Using new Channel '[id: 0xc09064d9, L:/127.0.0.1:62297 - R:localhost/127.0.0.1:44566]' for 'POST' to '/session'
06:31:34.689 [AsyncHttpClient-1-2] DEBUG io.netty.util.Recycler - -Dio.netty.recycler.maxCapacityPerThread: 4096
06:31:34.689 [AsyncHttpClient-1-2] DEBUG io.netty.util.Recycler - -Dio.netty.recycler.ratio: 8
06:31:34.689 [AsyncHttpClient-1-2] DEBUG io.netty.util.Recycler - -Dio.netty.recycler.chunkSize: 32
06:31:34.689 [AsyncHttpClient-1-2] DEBUG io.netty.util.Recycler - -Dio.netty.recycler.blocking: false
06:31:35.907 [AsyncHttpClient-1-2] DEBUG io.netty.handler.codec.compression.Brotli - brotli4j not in the classpath; Brotli support will be unavailable.
06:31:35.908 [AsyncHttpClient-1-2] DEBUG org.asynchttpclient.netty.handler.HttpHandler - 

Request DefaultHttpRequest(decodeResult: success, version: HTTP/1.1)
POST /session HTTP/1.1
User-Agent: selenium/4.8.1 (java windows)
Content-Length: 1701
Content-Type: application/json; charset=utf-8
host: localhost:44566
accept: */*

Response DefaultHttpResponse(decodeResult: success, version: HTTP/1.1)
HTTP/1.1 200 OK
Content-Length: 859
Content-Type: application/json; charset=utf-8
cache-control: no-cache

06:31:35.943 [AsyncHttpClient-1-2] DEBUG org.asynchttpclient.netty.channel.ChannelManager - Adding key: http://localhost:44566 for channel [id: 0xc09064d9, L:/127.0.0.1:62297 - R:localhost/127.0.0.1:44566]
06:31:36.172 [AsyncHttpClient-1-3] DEBUG org.asynchttpclient.netty.channel.NettyConnectListener - Using new Channel '[id: 0xbcc8bc92, L:/127.0.0.1:62305 - R:localhost/127.0.0.1:62298]' for 'GET' to '/json/version'
06:31:36.177 [AsyncHttpClient-1-3] DEBUG org.asynchttpclient.netty.handler.HttpHandler - 

Request DefaultFullHttpRequest(decodeResult: success, version: HTTP/1.1, content: EmptyByteBufBE)
GET /json/version HTTP/1.1
User-Agent: selenium/4.8.1 (java windows)
host: localhost:62298
accept: */*

Response DefaultHttpResponse(decodeResult: success, version: HTTP/1.1)
HTTP/1.1 200 OK
Content-Security-Policy: frame-ancestors 'none'
Content-Length: 424
Content-Type: application/json; charset=UTF-8

06:31:36.178 [AsyncHttpClient-1-3] DEBUG org.asynchttpclient.netty.channel.ChannelManager - Adding key: http://localhost:62298 for channel [id: 0xbcc8bc92, L:/127.0.0.1:62305 - R:localhost/127.0.0.1:62298]
06:31:36.191 [main] DEBUG io.netty.util.internal.ThreadLocalRandom - -Dio.netty.initialSeedUniquifier: 0x068bc0d21e1a751c
06:31:36.196 [AsyncHttpClient-1-4] DEBUG org.asynchttpclient.netty.channel.NettyConnectListener - Using new Channel '[id: 0x08b4bb18, L:/127.0.0.1:62306 - R:localhost/127.0.0.1:62298]' for 'GET' to '/devtools/browser/f7555644-a105-4696-97fc-bdc4d289118e'
06:31:36.203 [AsyncHttpClient-1-4] DEBUG org.asynchttpclient.netty.handler.WebSocketHandler - 

Request DefaultFullHttpRequest(decodeResult: success, version: HTTP/1.1, content: EmptyByteBufBE)
GET /devtools/browser/f7555644-a105-4696-97fc-bdc4d289118e HTTP/1.1
upgrade: websocket
connection: upgrade
sec-websocket-key: 79hCsy7qyVh8TFO7C3QVGA==
sec-websocket-version: 13
origin: http://localhost:62298
host: localhost:62298
accept: */*
user-agent: AHC/2.1

Response DefaultHttpResponse(decodeResult: success, version: HTTP/1.1)
HTTP/1.1 101 WebSocket Protocol Handshake
Upgrade: WebSocket
Connection: Upgrade
Sec-WebSocket-Accept: Akmh+SDtdlygE99DNkoC3gKhMLM=

06:31:36.412 [Forwarding get on session 7f1210d1bd44d78170423a6b4069738a to remote] DEBUG org.asynchttpclient.netty.request.NettyRequestSender - Using pooled Channel '[id: 0xc09064d9, L:/127.0.0.1:62297 - R:localhost/127.0.0.1:44566]' for 'POST' to 'http://localhost:44566/session/7f1210d1bd44d78170423a6b4069738a/url'
06:31:36.413 [Forwarding get on session 7f1210d1bd44d78170423a6b4069738a to remote] DEBUG org.asynchttpclient.netty.request.NettyRequestSender - Using open Channel [id: 0xc09064d9, L:/127.0.0.1:62297 - R:localhost/127.0.0.1:44566] for POST '/session/7f1210d1bd44d78170423a6b4069738a/url'
06:31:36.564 [AsyncHttpClient-1-1] DEBUG org.asynchttpclient.netty.channel.DefaultChannelPool - Entry count for : http://localhost:62298 : 1
06:31:37.663 [AsyncHttpClient-1-1] DEBUG org.asynchttpclient.netty.channel.DefaultChannelPool - Entry count for : http://localhost:62298 : 1
06:31:38.431 [AsyncHttpClient-1-2] DEBUG org.asynchttpclient.netty.handler.HttpHandler - 

Request DefaultHttpRequest(decodeResult: success, version: HTTP/1.1)
POST /session/7f1210d1bd44d78170423a6b4069738a/url HTTP/1.1
User-Agent: selenium/4.8.1 (java windows)
Content-Length: 59
Content-Type: application/json; charset=utf-8
host: localhost:44566
accept: */*

Response DefaultHttpResponse(decodeResult: success, version: HTTP/1.1)
HTTP/1.1 200 OK
Content-Length: 14
Content-Type: application/json; charset=utf-8
cache-control: no-cache

06:31:38.433 [AsyncHttpClient-1-2] DEBUG org.asynchttpclient.netty.channel.ChannelManager - Adding key: http://localhost:44566 for channel [id: 0xc09064d9, L:/127.0.0.1:62297 - R:localhost/127.0.0.1:44566]
06:31:38.442 [Forwarding setTimeout on session 7f1210d1bd44d78170423a6b4069738a to remote] DEBUG org.asynchttpclient.netty.request.NettyRequestSender - Using pooled Channel '[id: 0xc09064d9, L:/127.0.0.1:62297 - R:localhost/127.0.0.1:44566]' for 'POST' to 'http://localhost:44566/session/7f1210d1bd44d78170423a6b4069738a/timeouts'
06:31:38.444 [Forwarding setTimeout on session 7f1210d1bd44d78170423a6b4069738a to remote] DEBUG org.asynchttpclient.netty.request.NettyRequestSender - Using open Channel [id: 0xc09064d9, L:/127.0.0.1:62297 - R:localhost/127.0.0.1:44566] for POST '/session/7f1210d1bd44d78170423a6b4069738a/timeouts'
06:31:38.446 [AsyncHttpClient-1-2] DEBUG org.asynchttpclient.netty.handler.HttpHandler - 

Request DefaultHttpRequest(decodeResult: success, version: HTTP/1.1)
POST /session/7f1210d1bd44d78170423a6b4069738a/timeouts HTTP/1.1
User-Agent: selenium/4.8.1 (java windows)
Content-Length: 22
Content-Type: application/json; charset=utf-8
host: localhost:44566
accept: */*

Response DefaultHttpResponse(decodeResult: success, version: HTTP/1.1)
HTTP/1.1 200 OK
Content-Length: 14
Content-Type: application/json; charset=utf-8
cache-control: no-cache

06:31:38.448 [AsyncHttpClient-1-2] DEBUG org.asynchttpclient.netty.channel.ChannelManager - Adding key: http://localhost:44566 for channel [id: 0xc09064d9, L:/127.0.0.1:62297 - R:localhost/127.0.0.1:44566]
06:31:38.497 [Forwarding findElement on session 7f1210d1bd44d78170423a6b4069738a to remote] DEBUG org.asynchttpclient.netty.request.NettyRequestSender - Using pooled Channel '[id: 0xc09064d9, L:/127.0.0.1:62297 - R:localhost/127.0.0.1:44566]' for 'POST' to 'http://localhost:44566/session/7f1210d1bd44d78170423a6b4069738a/element'
06:31:38.497 [Forwarding findElement on session 7f1210d1bd44d78170423a6b4069738a to remote] DEBUG org.asynchttpclient.netty.request.NettyRequestSender - Using open Channel [id: 0xc09064d9, L:/127.0.0.1:62297 - R:localhost/127.0.0.1:44566] for POST '/session/7f1210d1bd44d78170423a6b4069738a/element'
06:31:38.524 [AsyncHttpClient-1-2] DEBUG org.asynchttpclient.netty.handler.HttpHandler - 

Request DefaultHttpRequest(decodeResult: success, version: HTTP/1.1)
POST /session/7f1210d1bd44d78170423a6b4069738a/element HTTP/1.1
User-Agent: selenium/4.8.1 (java windows)
Content-Length: 70
Content-Type: application/json; charset=utf-8
host: localhost:44566
accept: */*

Response DefaultHttpResponse(decodeResult: success, version: HTTP/1.1)
HTTP/1.1 200 OK
Content-Length: 88
Content-Type: application/json; charset=utf-8
cache-control: no-cache

06:31:38.525 [AsyncHttpClient-1-2] DEBUG org.asynchttpclient.netty.channel.ChannelManager - Adding key: http://localhost:44566 for channel [id: 0xc09064d9, L:/127.0.0.1:62297 - R:localhost/127.0.0.1:44566]
06:31:38.561 [Forwarding isElementDisplayed on session 7f1210d1bd44d78170423a6b4069738a to remote] DEBUG org.asynchttpclient.netty.request.NettyRequestSender - Using pooled Channel '[id: 0xc09064d9, L:/127.0.0.1:62297 - R:localhost/127.0.0.1:44566]' for 'POST' to 'http://localhost:44566/session/7f1210d1bd44d78170423a6b4069738a/execute/sync'
06:31:38.562 [Forwarding isElementDisplayed on session 7f1210d1bd44d78170423a6b4069738a to remote] DEBUG org.asynchttpclient.netty.request.NettyRequestSender - Using open Channel [id: 0xc09064d9, L:/127.0.0.1:62297 - R:localhost/127.0.0.1:44566] for POST '/session/7f1210d1bd44d78170423a6b4069738a/execute/sync'
06:31:38.610 [AsyncHttpClient-1-2] DEBUG org.asynchttpclient.netty.handler.HttpHandler - 

Request DefaultHttpRequest(decodeResult: success, version: HTTP/1.1)
POST /session/7f1210d1bd44d78170423a6b4069738a/execute/sync HTTP/1.1
User-Agent: selenium/4.8.1 (java windows)
Content-Length: 48807
Content-Type: application/json; charset=utf-8
host: localhost:44566
accept: */*

Response DefaultHttpResponse(decodeResult: success, version: HTTP/1.1)
HTTP/1.1 200 OK
Content-Length: 14
Content-Type: application/json; charset=utf-8
cache-control: no-cache

06:31:38.611 [AsyncHttpClient-1-2] DEBUG org.asynchttpclient.netty.channel.ChannelManager - Adding key: http://localhost:44566 for channel [id: 0xc09064d9, L:/127.0.0.1:62297 - R:localhost/127.0.0.1:44566]
06:31:38.623 [Forwarding isElementDisplayed on session 7f1210d1bd44d78170423a6b4069738a to remote] DEBUG org.asynchttpclient.netty.request.NettyRequestSender - Using pooled Channel '[id: 0xc09064d9, L:/127.0.0.1:62297 - R:localhost/127.0.0.1:44566]' for 'POST' to 'http://localhost:44566/session/7f1210d1bd44d78170423a6b4069738a/execute/sync'
06:31:38.623 [Forwarding isElementDisplayed on session 7f1210d1bd44d78170423a6b4069738a to remote] DEBUG org.asynchttpclient.netty.request.NettyRequestSender - Using open Channel [id: 0xc09064d9, L:/127.0.0.1:62297 - R:localhost/127.0.0.1:44566] for POST '/session/7f1210d1bd44d78170423a6b4069738a/execute/sync'
06:31:38.759 [AsyncHttpClient-1-1] DEBUG org.asynchttpclient.netty.channel.DefaultChannelPool - Entry count for : http://localhost:62298 : 1
06:31:39.861 [AsyncHttpClient-1-1] DEBUG org.asynchttpclient.netty.channel.DefaultChannelPool - Entry count for : http://localhost:62298 : 1
06:31:40.962 [AsyncHttpClient-1-1] DEBUG org.asynchttpclient.netty.channel.DefaultChannelPool - Entry count for : http://localhost:62298 : 1
06:31:42.059 [AsyncHttpClient-1-1] DEBUG org.asynchttpclient.netty.channel.DefaultChannelPool - Entry count for : http://localhost:62298 : 1
06:31:43.165 [AsyncHttpClient-1-1] DEBUG org.asynchttpclient.netty.channel.DefaultChannelPool - Entry count for : http://localhost:62298 : 1
06:31:43.435 [AsyncHttpClient-1-2] DEBUG org.asynchttpclient.netty.handler.HttpHandler - 

Request DefaultHttpRequest(decodeResult: success, version: HTTP/1.1)
POST /session/7f1210d1bd44d78170423a6b4069738a/execute/sync HTTP/1.1
User-Agent: selenium/4.8.1 (java windows)
Content-Length: 48807
Content-Type: application/json; charset=utf-8
host: localhost:44566
accept: */*

Response DefaultHttpResponse(decodeResult: success, version: HTTP/1.1)
HTTP/1.1 200 OK
Content-Length: 14
Content-Type: application/json; charset=utf-8
cache-control: no-cache

06:31:43.436 [AsyncHttpClient-1-2] DEBUG org.asynchttpclient.netty.channel.ChannelManager - Adding key: http://localhost:44566 for channel [id: 0xc09064d9, L:/127.0.0.1:62297 - R:localhost/127.0.0.1:44566]
06:31:43.463 [main] DEBUG net.thucydides.core.steps.StepInterceptor - STEP DONE: userOnMainPage
  &amp#27;[32mGiven &amp#27;[0m&amp#27;[32muser on main page&amp#27;[0m                               &amp#27;[90m# starter.stepdefinitions.UserSteps.userOnMainPage()&amp#27;[0m
06:31:43.488 [main] DEBUG net.thucydides.core.steps.StepInterceptor - STARTING STEP: UserSteps.userClickOnLoginButton - userClickOnLoginButton
06:31:43.501 [Forwarding findElement on session 7f1210d1bd44d78170423a6b4069738a to remote] DEBUG org.asynchttpclient.netty.request.NettyRequestSender - Using pooled Channel '[id: 0xc09064d9, L:/127.0.0.1:62297 - R:localhost/127.0.0.1:44566]' for 'POST' to 'http://localhost:44566/session/7f1210d1bd44d78170423a6b4069738a/element'
06:31:43.501 [Forwarding findElement on session 7f1210d1bd44d78170423a6b4069738a to remote] DEBUG org.asynchttpclient.netty.request.NettyRequestSender - Using open Channel [id: 0xc09064d9, L:/127.0.0.1:62297 - R:localhost/127.0.0.1:44566] for POST '/session/7f1210d1bd44d78170423a6b4069738a/element'
06:31:43.526 [AsyncHttpClient-1-2] DEBUG org.asynchttpclient.netty.handler.HttpHandler - 

Request DefaultHttpRequest(decodeResult: success, version: HTTP/1.1)
POST /session/7f1210d1bd44d78170423a6b4069738a/element HTTP/1.1
User-Agent: selenium/4.8.1 (java windows)
Content-Length: 106
Content-Type: application/json; charset=utf-8
host: localhost:44566
accept: */*

Response DefaultHttpResponse(decodeResult: success, version: HTTP/1.1)
HTTP/1.1 200 OK
Content-Length: 88
Content-Type: application/json; charset=utf-8
cache-control: no-cache

06:31:43.527 [AsyncHttpClient-1-2] DEBUG org.asynchttpclient.netty.channel.ChannelManager - Adding key: http://localhost:44566 for channel [id: 0xc09064d9, L:/127.0.0.1:62297 - R:localhost/127.0.0.1:44566]
06:31:43.531 [Forwarding getElementTagName on session 7f1210d1bd44d78170423a6b4069738a to remote] DEBUG org.asynchttpclient.netty.request.NettyRequestSender - Using pooled Channel '[id: 0xc09064d9, L:/127.0.0.1:62297 - R:localhost/127.0.0.1:44566]' for 'GET' to 'http://localhost:44566/session/7f1210d1bd44d78170423a6b4069738a/element/1e3ef359-cf87-461b-898d-bbcb1abc7a86/name'
06:31:43.532 [Forwarding getElementTagName on session 7f1210d1bd44d78170423a6b4069738a to remote] DEBUG org.asynchttpclient.netty.request.NettyRequestSender - Using open Channel [id: 0xc09064d9, L:/127.0.0.1:62297 - R:localhost/127.0.0.1:44566] for GET '/session/7f1210d1bd44d78170423a6b4069738a/element/1e3ef359-cf87-461b-898d-bbcb1abc7a86/name'
06:31:43.538 [AsyncHttpClient-1-2] DEBUG org.asynchttpclient.netty.handler.HttpHandler - 

Request DefaultFullHttpRequest(decodeResult: success, version: HTTP/1.1, content: EmptyByteBufBE)
GET /session/7f1210d1bd44d78170423a6b4069738a/element/1e3ef359-cf87-461b-898d-bbcb1abc7a86/name HTTP/1.1
User-Agent: selenium/4.8.1 (java windows)
Cache-Control: no-cache
Content-Type: application/json; charset=utf-8
host: localhost:44566
accept: */*

Response DefaultHttpResponse(decodeResult: success, version: HTTP/1.1)
HTTP/1.1 200 OK
Content-Length: 13
Content-Type: application/json; charset=utf-8
cache-control: no-cache

06:31:43.538 [AsyncHttpClient-1-2] DEBUG org.asynchttpclient.netty.channel.ChannelManager - Adding key: http://localhost:44566 for channel [id: 0xc09064d9, L:/127.0.0.1:62297 - R:localhost/127.0.0.1:44566]
06:31:43.541 [Forwarding getElementTagName on session 7f1210d1bd44d78170423a6b4069738a to remote] DEBUG org.asynchttpclient.netty.request.NettyRequestSender - Using pooled Channel '[id: 0xc09064d9, L:/127.0.0.1:62297 - R:localhost/127.0.0.1:44566]' for 'GET' to 'http://localhost:44566/session/7f1210d1bd44d78170423a6b4069738a/element/1e3ef359-cf87-461b-898d-bbcb1abc7a86/name'
06:31:43.541 [Forwarding getElementTagName on session 7f1210d1bd44d78170423a6b4069738a to remote] DEBUG org.asynchttpclient.netty.request.NettyRequestSender - Using open Channel [id: 0xc09064d9, L:/127.0.0.1:62297 - R:localhost/127.0.0.1:44566] for GET '/session/7f1210d1bd44d78170423a6b4069738a/element/1e3ef359-cf87-461b-898d-bbcb1abc7a86/name'
06:31:43.547 [AsyncHttpClient-1-2] DEBUG org.asynchttpclient.netty.handler.HttpHandler - 

Request DefaultFullHttpRequest(decodeResult: success, version: HTTP/1.1, content: EmptyByteBufBE)
GET /session/7f1210d1bd44d78170423a6b4069738a/element/1e3ef359-cf87-461b-898d-bbcb1abc7a86/name HTTP/1.1
User-Agent: selenium/4.8.1 (java windows)
Cache-Control: no-cache
Content-Type: application/json; charset=utf-8
host: localhost:44566
accept: */*

Response DefaultHttpResponse(decodeResult: success, version: HTTP/1.1)
HTTP/1.1 200 OK
Content-Length: 13
Content-Type: application/json; charset=utf-8
cache-control: no-cache

06:31:43.547 [AsyncHttpClient-1-2] DEBUG org.asynchttpclient.netty.channel.ChannelManager - Adding key: http://localhost:44566 for channel [id: 0xc09064d9, L:/127.0.0.1:62297 - R:localhost/127.0.0.1:44566]
06:31:43.552 [Forwarding findElement on session 7f1210d1bd44d78170423a6b4069738a to remote] DEBUG org.asynchttpclient.netty.request.NettyRequestSender - Using pooled Channel '[id: 0xc09064d9, L:/127.0.0.1:62297 - R:localhost/127.0.0.1:44566]' for 'POST' to 'http://localhost:44566/session/7f1210d1bd44d78170423a6b4069738a/element'
06:31:43.553 [Forwarding findElement on session 7f1210d1bd44d78170423a6b4069738a to remote] DEBUG org.asynchttpclient.netty.request.NettyRequestSender - Using open Channel [id: 0xc09064d9, L:/127.0.0.1:62297 - R:localhost/127.0.0.1:44566] for POST '/session/7f1210d1bd44d78170423a6b4069738a/element'
06:31:43.569 [AsyncHttpClient-1-2] DEBUG org.asynchttpclient.netty.handler.HttpHandler - 

Request DefaultHttpRequest(decodeResult: success, version: HTTP/1.1)
POST /session/7f1210d1bd44d78170423a6b4069738a/element HTTP/1.1
User-Agent: selenium/4.8.1 (java windows)
Content-Length: 106
Content-Type: application/json; charset=utf-8
host: localhost:44566
accept: */*

Response DefaultHttpResponse(decodeResult: success, version: HTTP/1.1)
HTTP/1.1 200 OK
Content-Length: 88
Content-Type: application/json; charset=utf-8
cache-control: no-cache

06:31:43.569 [AsyncHttpClient-1-2] DEBUG org.asynchttpclient.netty.channel.ChannelManager - Adding key: http://localhost:44566 for channel [id: 0xc09064d9, L:/127.0.0.1:62297 - R:localhost/127.0.0.1:44566]
06:31:43.573 [Forwarding clickElement on session 7f1210d1bd44d78170423a6b4069738a to remote] DEBUG org.asynchttpclient.netty.request.NettyRequestSender - Using pooled Channel '[id: 0xc09064d9, L:/127.0.0.1:62297 - R:localhost/127.0.0.1:44566]' for 'POST' to 'http://localhost:44566/session/7f1210d1bd44d78170423a6b4069738a/element/1e3ef359-cf87-461b-898d-bbcb1abc7a86/click'
06:31:43.573 [Forwarding clickElement on session 7f1210d1bd44d78170423a6b4069738a to remote] DEBUG org.asynchttpclient.netty.request.NettyRequestSender - Using open Channel [id: 0xc09064d9, L:/127.0.0.1:62297 - R:localhost/127.0.0.1:44566] for POST '/session/7f1210d1bd44d78170423a6b4069738a/element/1e3ef359-cf87-461b-898d-bbcb1abc7a86/click'
06:31:43.642 [AsyncHttpClient-1-2] DEBUG org.asynchttpclient.netty.handler.HttpHandler - 

Request DefaultHttpRequest(decodeResult: success, version: HTTP/1.1)
POST /session/7f1210d1bd44d78170423a6b4069738a/element/1e3ef359-cf87-461b-898d-bbcb1abc7a86/click HTTP/1.1
User-Agent: selenium/4.8.1 (java windows)
Content-Length: 50
Content-Type: application/json; charset=utf-8
host: localhost:44566
accept: */*

Response DefaultHttpResponse(decodeResult: success, version: HTTP/1.1)
HTTP/1.1 200 OK
Content-Length: 14
Content-Type: application/json; charset=utf-8
cache-control: no-cache

06:31:43.642 [AsyncHttpClient-1-2] DEBUG org.asynchttpclient.netty.channel.ChannelManager - Adding key: http://localhost:44566 for channel [id: 0xc09064d9, L:/127.0.0.1:62297 - R:localhost/127.0.0.1:44566]
06:31:43.669 [main] DEBUG net.thucydides.core.steps.StepInterceptor - STEP DONE: userClickOnLoginButton
  &amp#27;[32mWhen &amp#27;[0m&amp#27;[32muser click on login button&amp#27;[0m                       &amp#27;[90m# starter.stepdefinitions.UserSteps.userClickOnLoginButton()&amp#27;[0m
06:31:43.698 [main] DEBUG net.thucydides.core.steps.StepInterceptor - STARTING STEP: UserSteps.userOnLoginPage - userOnLoginPage
06:31:43.705 [Forwarding findElement on session 7f1210d1bd44d78170423a6b4069738a to remote] DEBUG org.asynchttpclient.netty.request.NettyRequestSender - Using pooled Channel '[id: 0xc09064d9, L:/127.0.0.1:62297 - R:localhost/127.0.0.1:44566]' for 'POST' to 'http://localhost:44566/session/7f1210d1bd44d78170423a6b4069738a/element'
06:31:43.705 [Forwarding findElement on session 7f1210d1bd44d78170423a6b4069738a to remote] DEBUG org.asynchttpclient.netty.request.NettyRequestSender - Using open Channel [id: 0xc09064d9, L:/127.0.0.1:62297 - R:localhost/127.0.0.1:44566] for POST '/session/7f1210d1bd44d78170423a6b4069738a/element'
06:31:44.072 [AsyncHttpClient-1-2] DEBUG org.asynchttpclient.netty.handler.HttpHandler - 

Request DefaultHttpRequest(decodeResult: success, version: HTTP/1.1)
POST /session/7f1210d1bd44d78170423a6b4069738a/element HTTP/1.1
User-Agent: selenium/4.8.1 (java windows)
Content-Length: 68
Content-Type: application/json; charset=utf-8
host: localhost:44566
accept: */*

Response DefaultHttpResponse(decodeResult: success, version: HTTP/1.1)
HTTP/1.1 200 OK
Content-Length: 88
Content-Type: application/json; charset=utf-8
cache-control: no-cache

06:31:44.073 [AsyncHttpClient-1-2] DEBUG org.asynchttpclient.netty.channel.ChannelManager - Adding key: http://localhost:44566 for channel [id: 0xc09064d9, L:/127.0.0.1:62297 - R:localhost/127.0.0.1:44566]
06:31:44.083 [Forwarding isElementDisplayed on session 7f1210d1bd44d78170423a6b4069738a to remote] DEBUG org.asynchttpclient.netty.request.NettyRequestSender - Using pooled Channel '[id: 0xc09064d9, L:/127.0.0.1:62297 - R:localhost/127.0.0.1:44566]' for 'POST' to 'http://localhost:44566/session/7f1210d1bd44d78170423a6b4069738a/execute/sync'
06:31:44.083 [Forwarding isElementDisplayed on session 7f1210d1bd44d78170423a6b4069738a to remote] DEBUG org.asynchttpclient.netty.request.NettyRequestSender - Using open Channel [id: 0xc09064d9, L:/127.0.0.1:62297 - R:localhost/127.0.0.1:44566] for POST '/session/7f1210d1bd44d78170423a6b4069738a/execute/sync'
06:31:44.108 [AsyncHttpClient-1-2] DEBUG org.asynchttpclient.netty.handler.HttpHandler - 

Request DefaultHttpRequest(decodeResult: success, version: HTTP/1.1)
POST /session/7f1210d1bd44d78170423a6b4069738a/execute/sync HTTP/1.1
User-Agent: selenium/4.8.1 (java windows)
Content-Length: 48807
Content-Type: application/json; charset=utf-8
host: localhost:44566
accept: */*

Response DefaultHttpResponse(decodeResult: success, version: HTTP/1.1)
HTTP/1.1 200 OK
Content-Length: 14
Content-Type: application/json; charset=utf-8
cache-control: no-cache

06:31:44.109 [AsyncHttpClient-1-2] DEBUG org.asynchttpclient.netty.channel.ChannelManager - Adding key: http://localhost:44566 for channel [id: 0xc09064d9, L:/127.0.0.1:62297 - R:localhost/127.0.0.1:44566]
06:31:44.119 [Forwarding isElementDisplayed on session 7f1210d1bd44d78170423a6b4069738a to remote] DEBUG org.asynchttpclient.netty.request.NettyRequestSender - Using pooled Channel '[id: 0xc09064d9, L:/127.0.0.1:62297 - R:localhost/127.0.0.1:44566]' for 'POST' to 'http://localhost:44566/session/7f1210d1bd44d78170423a6b4069738a/execute/sync'
06:31:44.120 [Forwarding isElementDisplayed on session 7f1210d1bd44d78170423a6b4069738a to remote] DEBUG org.asynchttpclient.netty.request.NettyRequestSender - Using open Channel [id: 0xc09064d9, L:/127.0.0.1:62297 - R:localhost/127.0.0.1:44566] for POST '/session/7f1210d1bd44d78170423a6b4069738a/execute/sync'
06:31:44.138 [AsyncHttpClient-1-2] DEBUG org.asynchttpclient.netty.handler.HttpHandler - 

Request DefaultHttpRequest(decodeResult: success, version: HTTP/1.1)
POST /session/7f1210d1bd44d78170423a6b4069738a/execute/sync HTTP/1.1
User-Agent: selenium/4.8.1 (java windows)
Content-Length: 48807
Content-Type: application/json; charset=utf-8
host: localhost:44566
accept: */*

Response DefaultHttpResponse(decodeResult: success, version: HTTP/1.1)
HTTP/1.1 200 OK
Content-Length: 14
Content-Type: application/json; charset=utf-8
cache-control: no-cache

06:31:44.138 [AsyncHttpClient-1-2] DEBUG org.asynchttpclient.netty.channel.ChannelManager - Adding key: http://localhost:44566 for channel [id: 0xc09064d9, L:/127.0.0.1:62297 - R:localhost/127.0.0.1:44566]
06:31:44.141 [main] DEBUG net.thucydides.core.steps.StepInterceptor - STEP DONE: userOnLoginPage
  &amp#27;[32mAnd &amp#27;[0m&amp#27;[32muser on login page&amp#27;[0m                                &amp#27;[90m# starter.stepdefinitions.UserSteps.userOnLoginPage()&amp#27;[0m
06:31:44.158 [main] DEBUG net.thucydides.core.steps.StepInterceptor - STARTING STEP: UserSteps.userClickRegisterButton - userClickRegisterButton
06:31:44.165 [Forwarding findElement on session 7f1210d1bd44d78170423a6b4069738a to remote] DEBUG org.asynchttpclient.netty.request.NettyRequestSender - Using pooled Channel '[id: 0xc09064d9, L:/127.0.0.1:62297 - R:localhost/127.0.0.1:44566]' for 'POST' to 'http://localhost:44566/session/7f1210d1bd44d78170423a6b4069738a/element'
06:31:44.165 [Forwarding findElement on session 7f1210d1bd44d78170423a6b4069738a to remote] DEBUG org.asynchttpclient.netty.request.NettyRequestSender - Using open Channel [id: 0xc09064d9, L:/127.0.0.1:62297 - R:localhost/127.0.0.1:44566] for POST '/session/7f1210d1bd44d78170423a6b4069738a/element'
06:31:44.188 [AsyncHttpClient-1-2] DEBUG org.asynchttpclient.netty.handler.HttpHandler - 

Request DefaultHttpRequest(decodeResult: success, version: HTTP/1.1)
POST /session/7f1210d1bd44d78170423a6b4069738a/element HTTP/1.1
User-Agent: selenium/4.8.1 (java windows)
Content-Length: 69
Content-Type: application/json; charset=utf-8
host: localhost:44566
accept: */*

Response DefaultHttpResponse(decodeResult: success, version: HTTP/1.1)
HTTP/1.1 200 OK
Content-Length: 88
Content-Type: application/json; charset=utf-8
cache-control: no-cache

06:31:44.188 [AsyncHttpClient-1-2] DEBUG org.asynchttpclient.netty.channel.ChannelManager - Adding key: http://localhost:44566 for channel [id: 0xc09064d9, L:/127.0.0.1:62297 - R:localhost/127.0.0.1:44566]
06:31:44.191 [Forwarding getElementTagName on session 7f1210d1bd44d78170423a6b4069738a to remote] DEBUG org.asynchttpclient.netty.request.NettyRequestSender - Using pooled Channel '[id: 0xc09064d9, L:/127.0.0.1:62297 - R:localhost/127.0.0.1:44566]' for 'GET' to 'http://localhost:44566/session/7f1210d1bd44d78170423a6b4069738a/element/e3aa1ad3-549d-42c5-91bb-6542329b084a/name'
06:31:44.192 [Forwarding getElementTagName on session 7f1210d1bd44d78170423a6b4069738a to remote] DEBUG org.asynchttpclient.netty.request.NettyRequestSender - Using open Channel [id: 0xc09064d9, L:/127.0.0.1:62297 - R:localhost/127.0.0.1:44566] for GET '/session/7f1210d1bd44d78170423a6b4069738a/element/e3aa1ad3-549d-42c5-91bb-6542329b084a/name'
06:31:44.199 [AsyncHttpClient-1-2] DEBUG org.asynchttpclient.netty.handler.HttpHandler - 

Request DefaultFullHttpRequest(decodeResult: success, version: HTTP/1.1, content: EmptyByteBufBE)
GET /session/7f1210d1bd44d78170423a6b4069738a/element/e3aa1ad3-549d-42c5-91bb-6542329b084a/name HTTP/1.1
User-Agent: selenium/4.8.1 (java windows)
Cache-Control: no-cache
Content-Type: application/json; charset=utf-8
host: localhost:44566
accept: */*

Response DefaultHttpResponse(decodeResult: success, version: HTTP/1.1)
HTTP/1.1 200 OK
Content-Length: 13
Content-Type: application/json; charset=utf-8
cache-control: no-cache

06:31:44.199 [AsyncHttpClient-1-2] DEBUG org.asynchttpclient.netty.channel.ChannelManager - Adding key: http://localhost:44566 for channel [id: 0xc09064d9, L:/127.0.0.1:62297 - R:localhost/127.0.0.1:44566]
06:31:44.204 [Forwarding getElementTagName on session 7f1210d1bd44d78170423a6b4069738a to remote] DEBUG org.asynchttpclient.netty.request.NettyRequestSender - Using pooled Channel '[id: 0xc09064d9, L:/127.0.0.1:62297 - R:localhost/127.0.0.1:44566]' for 'GET' to 'http://localhost:44566/session/7f1210d1bd44d78170423a6b4069738a/element/e3aa1ad3-549d-42c5-91bb-6542329b084a/name'
06:31:44.204 [Forwarding getElementTagName on session 7f1210d1bd44d78170423a6b4069738a to remote] DEBUG org.asynchttpclient.netty.request.NettyRequestSender - Using open Channel [id: 0xc09064d9, L:/127.0.0.1:62297 - R:localhost/127.0.0.1:44566] for GET '/session/7f1210d1bd44d78170423a6b4069738a/element/e3aa1ad3-549d-42c5-91bb-6542329b084a/name'
06:31:44.212 [AsyncHttpClient-1-2] DEBUG org.asynchttpclient.netty.handler.HttpHandler - 

Request DefaultFullHttpRequest(decodeResult: success, version: HTTP/1.1, content: EmptyByteBufBE)
GET /session/7f1210d1bd44d78170423a6b4069738a/element/e3aa1ad3-549d-42c5-91bb-6542329b084a/name HTTP/1.1
User-Agent: selenium/4.8.1 (java windows)
Cache-Control: no-cache
Content-Type: application/json; charset=utf-8
host: localhost:44566
accept: */*

Response DefaultHttpResponse(decodeResult: success, version: HTTP/1.1)
HTTP/1.1 200 OK
Content-Length: 13
Content-Type: application/json; charset=utf-8
cache-control: no-cache

06:31:44.212 [AsyncHttpClient-1-2] DEBUG org.asynchttpclient.netty.channel.ChannelManager - Adding key: http://localhost:44566 for channel [id: 0xc09064d9, L:/127.0.0.1:62297 - R:localhost/127.0.0.1:44566]
06:31:44.217 [Forwarding findElement on session 7f1210d1bd44d78170423a6b4069738a to remote] DEBUG org.asynchttpclient.netty.request.NettyRequestSender - Using pooled Channel '[id: 0xc09064d9, L:/127.0.0.1:62297 - R:localhost/127.0.0.1:44566]' for 'POST' to 'http://localhost:44566/session/7f1210d1bd44d78170423a6b4069738a/element'
06:31:44.218 [Forwarding findElement on session 7f1210d1bd44d78170423a6b4069738a to remote] DEBUG org.asynchttpclient.netty.request.NettyRequestSender - Using open Channel [id: 0xc09064d9, L:/127.0.0.1:62297 - R:localhost/127.0.0.1:44566] for POST '/session/7f1210d1bd44d78170423a6b4069738a/element'
06:31:44.250 [AsyncHttpClient-1-2] DEBUG org.asynchttpclient.netty.handler.HttpHandler - 

Request DefaultHttpRequest(decodeResult: success, version: HTTP/1.1)
POST /session/7f1210d1bd44d78170423a6b4069738a/element HTTP/1.1
User-Agent: selenium/4.8.1 (java windows)
Content-Length: 69
Content-Type: application/json; charset=utf-8
host: localhost:44566
accept: */*

Response DefaultHttpResponse(decodeResult: success, version: HTTP/1.1)
HTTP/1.1 200 OK
Content-Length: 88
Content-Type: application/json; charset=utf-8
cache-control: no-cache

06:31:44.251 [AsyncHttpClient-1-2] DEBUG org.asynchttpclient.netty.channel.ChannelManager - Adding key: http://localhost:44566 for channel [id: 0xc09064d9, L:/127.0.0.1:62297 - R:localhost/127.0.0.1:44566]
06:31:44.258 [AsyncHttpClient-1-1] DEBUG org.asynchttpclient.netty.channel.DefaultChannelPool - Entry count for : http://localhost:62298 : 1
06:31:44.258 [AsyncHttpClient-1-1] DEBUG org.asynchttpclient.netty.channel.DefaultChannelPool - Entry count for : http://localhost:44566 : 1
06:31:44.264 [Forwarding clickElement on session 7f1210d1bd44d78170423a6b4069738a to remote] DEBUG org.asynchttpclient.netty.request.NettyRequestSender - Using pooled Channel '[id: 0xc09064d9, L:/127.0.0.1:62297 - R:localhost/127.0.0.1:44566]' for 'POST' to 'http://localhost:44566/session/7f1210d1bd44d78170423a6b4069738a/element/e3aa1ad3-549d-42c5-91bb-6542329b084a/click'
06:31:44.266 [Forwarding clickElement on session 7f1210d1bd44d78170423a6b4069738a to remote] DEBUG org.asynchttpclient.netty.request.NettyRequestSender - Using open Channel [id: 0xc09064d9, L:/127.0.0.1:62297 - R:localhost/127.0.0.1:44566] for POST '/session/7f1210d1bd44d78170423a6b4069738a/element/e3aa1ad3-549d-42c5-91bb-6542329b084a/click'
06:31:44.357 [AsyncHttpClient-1-2] DEBUG org.asynchttpclient.netty.handler.HttpHandler - 

Request DefaultHttpRequest(decodeResult: success, version: HTTP/1.1)
POST /session/7f1210d1bd44d78170423a6b4069738a/element/e3aa1ad3-549d-42c5-91bb-6542329b084a/click HTTP/1.1
User-Agent: selenium/4.8.1 (java windows)
Content-Length: 50
Content-Type: application/json; charset=utf-8
host: localhost:44566
accept: */*

Response DefaultHttpResponse(decodeResult: success, version: HTTP/1.1)
HTTP/1.1 200 OK
Content-Length: 14
Content-Type: application/json; charset=utf-8
cache-control: no-cache

06:31:44.357 [AsyncHttpClient-1-2] DEBUG org.asynchttpclient.netty.channel.ChannelManager - Adding key: http://localhost:44566 for channel [id: 0xc09064d9, L:/127.0.0.1:62297 - R:localhost/127.0.0.1:44566]
06:31:44.375 [main] DEBUG net.thucydides.core.steps.StepInterceptor - STEP DONE: userClickRegisterButton
  &amp#27;[32mAnd &amp#27;[0m&amp#27;[32muser click register button&amp#27;[0m                        &amp#27;[90m# starter.stepdefinitions.UserSteps.userClickRegisterButton()&amp#27;[0m
06:31:44.401 [main] DEBUG net.thucydides.core.steps.StepInterceptor - STARTING STEP: UserSteps.userOnRegisterPage - userOnRegisterPage
06:31:44.408 [Forwarding findElement on session 7f1210d1bd44d78170423a6b4069738a to remote] DEBUG org.asynchttpclient.netty.request.NettyRequestSender - Using pooled Channel '[id: 0xc09064d9, L:/127.0.0.1:62297 - R:localhost/127.0.0.1:44566]' for 'POST' to 'http://localhost:44566/session/7f1210d1bd44d78170423a6b4069738a/element'
06:31:44.408 [Forwarding findElement on session 7f1210d1bd44d78170423a6b4069738a to remote] DEBUG org.asynchttpclient.netty.request.NettyRequestSender - Using open Channel [id: 0xc09064d9, L:/127.0.0.1:62297 - R:localhost/127.0.0.1:44566] for POST '/session/7f1210d1bd44d78170423a6b4069738a/element'
06:31:44.478 [AsyncHttpClient-1-2] DEBUG org.asynchttpclient.netty.handler.HttpHandler - 

Request DefaultHttpRequest(decodeResult: success, version: HTTP/1.1)
POST /session/7f1210d1bd44d78170423a6b4069738a/element HTTP/1.1
User-Agent: selenium/4.8.1 (java windows)
Content-Length: 71
Content-Type: application/json; charset=utf-8
host: localhost:44566
accept: */*

Response DefaultHttpResponse(decodeResult: success, version: HTTP/1.1)
HTTP/1.1 200 OK
Content-Length: 88
Content-Type: application/json; charset=utf-8
cache-control: no-cache

06:31:44.479 [AsyncHttpClient-1-2] DEBUG org.asynchttpclient.netty.channel.ChannelManager - Adding key: http://localhost:44566 for channel [id: 0xc09064d9, L:/127.0.0.1:62297 - R:localhost/127.0.0.1:44566]
06:31:44.497 [Forwarding isElementDisplayed on session 7f1210d1bd44d78170423a6b4069738a to remote] DEBUG org.asynchttpclient.netty.request.NettyRequestSender - Using pooled Channel '[id: 0xc09064d9, L:/127.0.0.1:62297 - R:localhost/127.0.0.1:44566]' for 'POST' to 'http://localhost:44566/session/7f1210d1bd44d78170423a6b4069738a/execute/sync'
06:31:44.498 [Forwarding isElementDisplayed on session 7f1210d1bd44d78170423a6b4069738a to remote] DEBUG org.asynchttpclient.netty.request.NettyRequestSender - Using open Channel [id: 0xc09064d9, L:/127.0.0.1:62297 - R:localhost/127.0.0.1:44566] for POST '/session/7f1210d1bd44d78170423a6b4069738a/execute/sync'
06:31:44.525 [AsyncHttpClient-1-2] DEBUG org.asynchttpclient.netty.handler.HttpHandler - 

Request DefaultHttpRequest(decodeResult: success, version: HTTP/1.1)
POST /session/7f1210d1bd44d78170423a6b4069738a/execute/sync HTTP/1.1
User-Agent: selenium/4.8.1 (java windows)
Content-Length: 48807
Content-Type: application/json; charset=utf-8
host: localhost:44566
accept: */*

Response DefaultHttpResponse(decodeResult: success, version: HTTP/1.1)
HTTP/1.1 200 OK
Content-Length: 14
Content-Type: application/json; charset=utf-8
cache-control: no-cache

06:31:44.526 [AsyncHttpClient-1-2] DEBUG org.asynchttpclient.netty.channel.ChannelManager - Adding key: http://localhost:44566 for channel [id: 0xc09064d9, L:/127.0.0.1:62297 - R:localhost/127.0.0.1:44566]
06:31:44.532 [Forwarding isElementDisplayed on session 7f1210d1bd44d78170423a6b4069738a to remote] DEBUG org.asynchttpclient.netty.request.NettyRequestSender - Using pooled Channel '[id: 0xc09064d9, L:/127.0.0.1:62297 - R:localhost/127.0.0.1:44566]' for 'POST' to 'http://localhost:44566/session/7f1210d1bd44d78170423a6b4069738a/execute/sync'
06:31:44.532 [Forwarding isElementDisplayed on session 7f1210d1bd44d78170423a6b4069738a to remote] DEBUG org.asynchttpclient.netty.request.NettyRequestSender - Using open Channel [id: 0xc09064d9, L:/127.0.0.1:62297 - R:localhost/127.0.0.1:44566] for POST '/session/7f1210d1bd44d78170423a6b4069738a/execute/sync'
06:31:44.560 [AsyncHttpClient-1-2] DEBUG org.asynchttpclient.netty.handler.HttpHandler - 

Request DefaultHttpRequest(decodeResult: success, version: HTTP/1.1)
POST /session/7f1210d1bd44d78170423a6b4069738a/execute/sync HTTP/1.1
User-Agent: selenium/4.8.1 (java windows)
Content-Length: 48807
Content-Type: application/json; charset=utf-8
host: localhost:44566
accept: */*

Response DefaultHttpResponse(decodeResult: success, version: HTTP/1.1)
HTTP/1.1 200 OK
Content-Length: 14
Content-Type: application/json; charset=utf-8
cache-control: no-cache

06:31:44.562 [AsyncHttpClient-1-2] DEBUG org.asynchttpclient.netty.channel.ChannelManager - Adding key: http://localhost:44566 for channel [id: 0xc09064d9, L:/127.0.0.1:62297 - R:localhost/127.0.0.1:44566]
06:31:44.573 [main] DEBUG net.thucydides.core.steps.StepInterceptor - STEP DONE: userOnRegisterPage
  &amp#27;[32mAnd &amp#27;[0m&amp#27;[32muser on register page&amp#27;[0m                             &amp#27;[90m# starter.stepdefinitions.UserSteps.userOnRegisterPage()&amp#27;[0m
06:31:44.599 [main] DEBUG net.thucydides.core.steps.StepInterceptor - STARTING STEP: UserSteps.userEnterAValidFullName - userEnterAValidFullName
06:31:44.605 [Forwarding findElement on session 7f1210d1bd44d78170423a6b4069738a to remote] DEBUG org.asynchttpclient.netty.request.NettyRequestSender - Using pooled Channel '[id: 0xc09064d9, L:/127.0.0.1:62297 - R:localhost/127.0.0.1:44566]' for 'POST' to 'http://localhost:44566/session/7f1210d1bd44d78170423a6b4069738a/element'
06:31:44.605 [Forwarding findElement on session 7f1210d1bd44d78170423a6b4069738a to remote] DEBUG org.asynchttpclient.netty.request.NettyRequestSender - Using open Channel [id: 0xc09064d9, L:/127.0.0.1:62297 - R:localhost/127.0.0.1:44566] for POST '/session/7f1210d1bd44d78170423a6b4069738a/element'
06:31:44.630 [AsyncHttpClient-1-2] DEBUG org.asynchttpclient.netty.handler.HttpHandler - 

Request DefaultHttpRequest(decodeResult: success, version: HTTP/1.1)
POST /session/7f1210d1bd44d78170423a6b4069738a/element HTTP/1.1
User-Agent: selenium/4.8.1 (java windows)
Content-Length: 113
Content-Type: application/json; charset=utf-8
host: localhost:44566
accept: */*

Response DefaultHttpResponse(decodeResult: success, version: HTTP/1.1)
HTTP/1.1 200 OK
Content-Length: 88
Content-Type: application/json; charset=utf-8
cache-control: no-cache

06:31:44.631 [AsyncHttpClient-1-2] DEBUG org.asynchttpclient.netty.channel.ChannelManager - Adding key: http://localhost:44566 for channel [id: 0xc09064d9, L:/127.0.0.1:62297 - R:localhost/127.0.0.1:44566]
06:31:44.633 [Forwarding clearElement on session 7f1210d1bd44d78170423a6b4069738a to remote] DEBUG org.asynchttpclient.netty.request.NettyRequestSender - Using pooled Channel '[id: 0xc09064d9, L:/127.0.0.1:62297 - R:localhost/127.0.0.1:44566]' for 'POST' to 'http://localhost:44566/session/7f1210d1bd44d78170423a6b4069738a/element/edc2a50b-372a-460c-a09b-fe70882ca7fd/clear'
06:31:44.634 [Forwarding clearElement on session 7f1210d1bd44d78170423a6b4069738a to remote] DEBUG org.asynchttpclient.netty.request.NettyRequestSender - Using open Channel [id: 0xc09064d9, L:/127.0.0.1:62297 - R:localhost/127.0.0.1:44566] for POST '/session/7f1210d1bd44d78170423a6b4069738a/element/edc2a50b-372a-460c-a09b-fe70882ca7fd/clear'
06:31:44.704 [AsyncHttpClient-1-2] DEBUG org.asynchttpclient.netty.handler.HttpHandler - 

Request DefaultHttpRequest(decodeResult: success, version: HTTP/1.1)
POST /session/7f1210d1bd44d78170423a6b4069738a/element/edc2a50b-372a-460c-a09b-fe70882ca7fd/clear HTTP/1.1
User-Agent: selenium/4.8.1 (java windows)
Content-Length: 50
Content-Type: application/json; charset=utf-8
host: localhost:44566
accept: */*

Response DefaultHttpResponse(decodeResult: success, version: HTTP/1.1)
HTTP/1.1 200 OK
Content-Length: 14
Content-Type: application/json; charset=utf-8
cache-control: no-cache

06:31:44.704 [AsyncHttpClient-1-2] DEBUG org.asynchttpclient.netty.channel.ChannelManager - Adding key: http://localhost:44566 for channel [id: 0xc09064d9, L:/127.0.0.1:62297 - R:localhost/127.0.0.1:44566]
06:31:44.710 [Forwarding sendKeysToElement on session 7f1210d1bd44d78170423a6b4069738a to remote] DEBUG org.asynchttpclient.netty.request.NettyRequestSender - Using pooled Channel '[id: 0xc09064d9, L:/127.0.0.1:62297 - R:localhost/127.0.0.1:44566]' for 'POST' to 'http://localhost:44566/session/7f1210d1bd44d78170423a6b4069738a/element/edc2a50b-372a-460c-a09b-fe70882ca7fd/value'
06:31:44.710 [Forwarding sendKeysToElement on session 7f1210d1bd44d78170423a6b4069738a to remote] DEBUG org.asynchttpclient.netty.request.NettyRequestSender - Using open Channel [id: 0xc09064d9, L:/127.0.0.1:62297 - R:localhost/127.0.0.1:44566] for POST '/session/7f1210d1bd44d78170423a6b4069738a/element/edc2a50b-372a-460c-a09b-fe70882ca7fd/value'
06:31:44.868 [AsyncHttpClient-1-2] DEBUG org.asynchttpclient.netty.handler.HttpHandler - 

Request DefaultHttpRequest(decodeResult: success, version: HTTP/1.1)
POST /session/7f1210d1bd44d78170423a6b4069738a/element/edc2a50b-372a-460c-a09b-fe70882ca7fd/value HTTP/1.1
User-Agent: selenium/4.8.1 (java windows)
Content-Length: 141
Content-Type: application/json; charset=utf-8
host: localhost:44566
accept: */*

Response DefaultHttpResponse(decodeResult: success, version: HTTP/1.1)
HTTP/1.1 200 OK
Content-Length: 14
Content-Type: application/json; charset=utf-8
cache-control: no-cache

06:31:44.869 [AsyncHttpClient-1-2] DEBUG org.asynchttpclient.netty.channel.ChannelManager - Adding key: http://localhost:44566 for channel [id: 0xc09064d9, L:/127.0.0.1:62297 - R:localhost/127.0.0.1:44566]
06:31:44.874 [main] DEBUG net.thucydides.core.steps.StepInterceptor - STEP DONE: userEnterAValidFullName
  &amp#27;[32mAnd &amp#27;[0m&amp#27;[32muser enter a valid full name&amp#27;[0m                      &amp#27;[90m# starter.stepdefinitions.UserSteps.userEnterAValidFullName()&amp#27;[0m
06:31:44.886 [main] DEBUG net.thucydides.core.steps.StepInterceptor - STARTING STEP: UserSteps.userEnterAValidEmail - userEnterAValidEmail
06:31:44.891 [Forwarding findElement on session 7f1210d1bd44d78170423a6b4069738a to remote] DEBUG org.asynchttpclient.netty.request.NettyRequestSender - Using pooled Channel '[id: 0xc09064d9, L:/127.0.0.1:62297 - R:localhost/127.0.0.1:44566]' for 'POST' to 'http://localhost:44566/session/7f1210d1bd44d78170423a6b4069738a/element'
06:31:44.891 [Forwarding findElement on session 7f1210d1bd44d78170423a6b4069738a to remote] DEBUG org.asynchttpclient.netty.request.NettyRequestSender - Using open Channel [id: 0xc09064d9, L:/127.0.0.1:62297 - R:localhost/127.0.0.1:44566] for POST '/session/7f1210d1bd44d78170423a6b4069738a/element'
06:31:44.908 [AsyncHttpClient-1-2] DEBUG org.asynchttpclient.netty.handler.HttpHandler - 

Request DefaultHttpRequest(decodeResult: success, version: HTTP/1.1)
POST /session/7f1210d1bd44d78170423a6b4069738a/element HTTP/1.1
User-Agent: selenium/4.8.1 (java windows)
Content-Length: 106
Content-Type: application/json; charset=utf-8
host: localhost:44566
accept: */*

Response DefaultHttpResponse(decodeResult: success, version: HTTP/1.1)
HTTP/1.1 200 OK
Content-Length: 88
Content-Type: application/json; charset=utf-8
cache-control: no-cache

06:31:44.910 [AsyncHttpClient-1-2] DEBUG org.asynchttpclient.netty.channel.ChannelManager - Adding key: http://localhost:44566 for channel [id: 0xc09064d9, L:/127.0.0.1:62297 - R:localhost/127.0.0.1:44566]
06:31:44.912 [Forwarding clearElement on session 7f1210d1bd44d78170423a6b4069738a to remote] DEBUG org.asynchttpclient.netty.request.NettyRequestSender - Using pooled Channel '[id: 0xc09064d9, L:/127.0.0.1:62297 - R:localhost/127.0.0.1:44566]' for 'POST' to 'http://localhost:44566/session/7f1210d1bd44d78170423a6b4069738a/element/30dc120a-49d4-47c4-88ec-a7ddf73a54a4/clear'
06:31:44.912 [Forwarding clearElement on session 7f1210d1bd44d78170423a6b4069738a to remote] DEBUG org.asynchttpclient.netty.request.NettyRequestSender - Using open Channel [id: 0xc09064d9, L:/127.0.0.1:62297 - R:localhost/127.0.0.1:44566] for POST '/session/7f1210d1bd44d78170423a6b4069738a/element/30dc120a-49d4-47c4-88ec-a7ddf73a54a4/clear'
06:31:44.956 [AsyncHttpClient-1-2] DEBUG org.asynchttpclient.netty.handler.HttpHandler - 

Request DefaultHttpRequest(decodeResult: success, version: HTTP/1.1)
POST /session/7f1210d1bd44d78170423a6b4069738a/element/30dc120a-49d4-47c4-88ec-a7ddf73a54a4/clear HTTP/1.1
User-Agent: selenium/4.8.1 (java windows)
Content-Length: 50
Content-Type: application/json; charset=utf-8
host: localhost:44566
accept: */*

Response DefaultHttpResponse(decodeResult: success, version: HTTP/1.1)
HTTP/1.1 200 OK
Content-Length: 14
Content-Type: application/json; charset=utf-8
cache-control: no-cache

06:31:44.956 [AsyncHttpClient-1-2] DEBUG org.asynchttpclient.netty.channel.ChannelManager - Adding key: http://localhost:44566 for channel [id: 0xc09064d9, L:/127.0.0.1:62297 - R:localhost/127.0.0.1:44566]
06:31:44.960 [Forwarding sendKeysToElement on session 7f1210d1bd44d78170423a6b4069738a to remote] DEBUG org.asynchttpclient.netty.request.NettyRequestSender - Using pooled Channel '[id: 0xc09064d9, L:/127.0.0.1:62297 - R:localhost/127.0.0.1:44566]' for 'POST' to 'http://localhost:44566/session/7f1210d1bd44d78170423a6b4069738a/element/30dc120a-49d4-47c4-88ec-a7ddf73a54a4/value'
06:31:44.960 [Forwarding sendKeysToElement on session 7f1210d1bd44d78170423a6b4069738a to remote] DEBUG org.asynchttpclient.netty.request.NettyRequestSender - Using open Channel [id: 0xc09064d9, L:/127.0.0.1:62297 - R:localhost/127.0.0.1:44566] for POST '/session/7f1210d1bd44d78170423a6b4069738a/element/30dc120a-49d4-47c4-88ec-a7ddf73a54a4/value'
06:31:45.181 [AsyncHttpClient-1-2] DEBUG org.asynchttpclient.netty.handler.HttpHandler - 

Request DefaultHttpRequest(decodeResult: success, version: HTTP/1.1)
POST /session/7f1210d1bd44d78170423a6b4069738a/element/30dc120a-49d4-47c4-88ec-a7ddf73a54a4/value HTTP/1.1
User-Agent: selenium/4.8.1 (java windows)
Content-Length: 241
Content-Type: application/json; charset=utf-8
host: localhost:44566
accept: */*

Response DefaultHttpResponse(decodeResult: success, version: HTTP/1.1)
HTTP/1.1 200 OK
Content-Length: 14
Content-Type: application/json; charset=utf-8
cache-control: no-cache

06:31:45.182 [AsyncHttpClient-1-2] DEBUG org.asynchttpclient.netty.channel.ChannelManager - Adding key: http://localhost:44566 for channel [id: 0xc09064d9, L:/127.0.0.1:62297 - R:localhost/127.0.0.1:44566]
06:31:45.193 [main] DEBUG net.thucydides.core.steps.StepInterceptor - STEP DONE: userEnterAValidEmail
  &amp#27;[32mAnd &amp#27;[0m&amp#27;[32muser enter a valid email&amp#27;[0m                          &amp#27;[90m# starter.stepdefinitions.UserSteps.userEnterAValidEmail()&amp#27;[0m
06:31:45.219 [main] DEBUG net.thucydides.core.steps.StepInterceptor - STARTING STEP: UserSteps.userEnterAValidPassword - userEnterAValidPassword
06:31:45.229 [Forwarding findElement on session 7f1210d1bd44d78170423a6b4069738a to remote] DEBUG org.asynchttpclient.netty.request.NettyRequestSender - Using pooled Channel '[id: 0xc09064d9, L:/127.0.0.1:62297 - R:localhost/127.0.0.1:44566]' for 'POST' to 'http://localhost:44566/session/7f1210d1bd44d78170423a6b4069738a/element'
06:31:45.229 [Forwarding findElement on session 7f1210d1bd44d78170423a6b4069738a to remote] DEBUG org.asynchttpclient.netty.request.NettyRequestSender - Using open Channel [id: 0xc09064d9, L:/127.0.0.1:62297 - R:localhost/127.0.0.1:44566] for POST '/session/7f1210d1bd44d78170423a6b4069738a/element'
06:31:45.269 [AsyncHttpClient-1-2] DEBUG org.asynchttpclient.netty.handler.HttpHandler - 

Request DefaultHttpRequest(decodeResult: success, version: HTTP/1.1)
POST /session/7f1210d1bd44d78170423a6b4069738a/element HTTP/1.1
User-Agent: selenium/4.8.1 (java windows)
Content-Length: 109
Content-Type: application/json; charset=utf-8
host: localhost:44566
accept: */*

Response DefaultHttpResponse(decodeResult: success, version: HTTP/1.1)
HTTP/1.1 200 OK
Content-Length: 88
Content-Type: application/json; charset=utf-8
cache-control: no-cache

06:31:45.270 [AsyncHttpClient-1-2] DEBUG org.asynchttpclient.netty.channel.ChannelManager - Adding key: http://localhost:44566 for channel [id: 0xc09064d9, L:/127.0.0.1:62297 - R:localhost/127.0.0.1:44566]
06:31:45.275 [Forwarding clearElement on session 7f1210d1bd44d78170423a6b4069738a to remote] DEBUG org.asynchttpclient.netty.request.NettyRequestSender - Using pooled Channel '[id: 0xc09064d9, L:/127.0.0.1:62297 - R:localhost/127.0.0.1:44566]' for 'POST' to 'http://localhost:44566/session/7f1210d1bd44d78170423a6b4069738a/element/42d6a61b-d108-48b6-88bb-212a21a50cd7/clear'
06:31:45.275 [Forwarding clearElement on session 7f1210d1bd44d78170423a6b4069738a to remote] DEBUG org.asynchttpclient.netty.request.NettyRequestSender - Using open Channel [id: 0xc09064d9, L:/127.0.0.1:62297 - R:localhost/127.0.0.1:44566] for POST '/session/7f1210d1bd44d78170423a6b4069738a/element/42d6a61b-d108-48b6-88bb-212a21a50cd7/clear'
06:31:45.358 [AsyncHttpClient-1-1] DEBUG org.asynchttpclient.netty.channel.DefaultChannelPool - Entry count for : http://localhost:62298 : 1
06:31:45.385 [AsyncHttpClient-1-2] DEBUG org.asynchttpclient.netty.handler.HttpHandler - 

Request DefaultHttpRequest(decodeResult: success, version: HTTP/1.1)
POST /session/7f1210d1bd44d78170423a6b4069738a/element/42d6a61b-d108-48b6-88bb-212a21a50cd7/clear HTTP/1.1
User-Agent: selenium/4.8.1 (java windows)
Content-Length: 50
Content-Type: application/json; charset=utf-8
host: localhost:44566
accept: */*

Response DefaultHttpResponse(decodeResult: success, version: HTTP/1.1)
HTTP/1.1 200 OK
Content-Length: 14
Content-Type: application/json; charset=utf-8
cache-control: no-cache

06:31:45.385 [AsyncHttpClient-1-2] DEBUG org.asynchttpclient.netty.channel.ChannelManager - Adding key: http://localhost:44566 for channel [id: 0xc09064d9, L:/127.0.0.1:62297 - R:localhost/127.0.0.1:44566]
06:31:45.392 [Forwarding sendKeysToElement on session 7f1210d1bd44d78170423a6b4069738a to remote] DEBUG org.asynchttpclient.netty.request.NettyRequestSender - Using pooled Channel '[id: 0xc09064d9, L:/127.0.0.1:62297 - R:localhost/127.0.0.1:44566]' for 'POST' to 'http://localhost:44566/session/7f1210d1bd44d78170423a6b4069738a/element/42d6a61b-d108-48b6-88bb-212a21a50cd7/value'
06:31:45.392 [Forwarding sendKeysToElement on session 7f1210d1bd44d78170423a6b4069738a to remote] DEBUG org.asynchttpclient.netty.request.NettyRequestSender - Using open Channel [id: 0xc09064d9, L:/127.0.0.1:62297 - R:localhost/127.0.0.1:44566] for POST '/session/7f1210d1bd44d78170423a6b4069738a/element/42d6a61b-d108-48b6-88bb-212a21a50cd7/value'
06:31:45.559 [AsyncHttpClient-1-2] DEBUG org.asynchttpclient.netty.handler.HttpHandler - 

Request DefaultHttpRequest(decodeResult: success, version: HTTP/1.1)
POST /session/7f1210d1bd44d78170423a6b4069738a/element/42d6a61b-d108-48b6-88bb-212a21a50cd7/value HTTP/1.1
User-Agent: selenium/4.8.1 (java windows)
Content-Length: 111
Content-Type: application/json; charset=utf-8
host: localhost:44566
accept: */*

Response DefaultHttpResponse(decodeResult: success, version: HTTP/1.1)
HTTP/1.1 200 OK
Content-Length: 14
Content-Type: application/json; charset=utf-8
cache-control: no-cache

06:31:45.560 [AsyncHttpClient-1-2] DEBUG org.asynchttpclient.netty.channel.ChannelManager - Adding key: http://localhost:44566 for channel [id: 0xc09064d9, L:/127.0.0.1:62297 - R:localhost/127.0.0.1:44566]
06:31:45.569 [main] DEBUG net.thucydides.core.steps.StepInterceptor - STEP DONE: userEnterAValidPassword
  &amp#27;[32mAnd &amp#27;[0m&amp#27;[32muser enter a valid password&amp#27;[0m                       &amp#27;[90m# starter.stepdefinitions.UserSteps.userEnterAValidPassword()&amp#27;[0m
06:31:45.595 [main] DEBUG net.thucydides.core.steps.StepInterceptor - STARTING STEP: UserSteps.userClickOnRegisterButton - userClickOnRegisterButton
06:31:45.603 [Forwarding findElement on session 7f1210d1bd44d78170423a6b4069738a to remote] DEBUG org.asynchttpclient.netty.request.NettyRequestSender - Using pooled Channel '[id: 0xc09064d9, L:/127.0.0.1:62297 - R:localhost/127.0.0.1:44566]' for 'POST' to 'http://localhost:44566/session/7f1210d1bd44d78170423a6b4069738a/element'
06:31:45.604 [Forwarding findElement on session 7f1210d1bd44d78170423a6b4069738a to remote] DEBUG org.asynchttpclient.netty.request.NettyRequestSender - Using open Channel [id: 0xc09064d9, L:/127.0.0.1:62297 - R:localhost/127.0.0.1:44566] for POST '/session/7f1210d1bd44d78170423a6b4069738a/element'
06:31:45.641 [AsyncHttpClient-1-2] DEBUG org.asynchttpclient.netty.handler.HttpHandler - 

Request DefaultHttpRequest(decodeResult: success, version: HTTP/1.1)
POST /session/7f1210d1bd44d78170423a6b4069738a/element HTTP/1.1
User-Agent: selenium/4.8.1 (java windows)
Content-Length: 72
Content-Type: application/json; charset=utf-8
host: localhost:44566
accept: */*

Response DefaultHttpResponse(decodeResult: success, version: HTTP/1.1)
HTTP/1.1 200 OK
Content-Length: 88
Content-Type: application/json; charset=utf-8
cache-control: no-cache

06:31:45.642 [AsyncHttpClient-1-2] DEBUG org.asynchttpclient.netty.channel.ChannelManager - Adding key: http://localhost:44566 for channel [id: 0xc09064d9, L:/127.0.0.1:62297 - R:localhost/127.0.0.1:44566]
06:31:45.647 [Forwarding getElementTagName on session 7f1210d1bd44d78170423a6b4069738a to remote] DEBUG org.asynchttpclient.netty.request.NettyRequestSender - Using pooled Channel '[id: 0xc09064d9, L:/127.0.0.1:62297 - R:localhost/127.0.0.1:44566]' for 'GET' to 'http://localhost:44566/session/7f1210d1bd44d78170423a6b4069738a/element/09ef02d8-78f2-4631-843b-f98aaaca0f22/name'
06:31:45.648 [Forwarding getElementTagName on session 7f1210d1bd44d78170423a6b4069738a to remote] DEBUG org.asynchttpclient.netty.request.NettyRequestSender - Using open Channel [id: 0xc09064d9, L:/127.0.0.1:62297 - R:localhost/127.0.0.1:44566] for GET '/session/7f1210d1bd44d78170423a6b4069738a/element/09ef02d8-78f2-4631-843b-f98aaaca0f22/name'
06:31:45.663 [AsyncHttpClient-1-2] DEBUG org.asynchttpclient.netty.handler.HttpHandler - 

Request DefaultFullHttpRequest(decodeResult: success, version: HTTP/1.1, content: EmptyByteBufBE)
GET /session/7f1210d1bd44d78170423a6b4069738a/element/09ef02d8-78f2-4631-843b-f98aaaca0f22/name HTTP/1.1
User-Agent: selenium/4.8.1 (java windows)
Cache-Control: no-cache
Content-Type: application/json; charset=utf-8
host: localhost:44566
accept: */*

Response DefaultHttpResponse(decodeResult: success, version: HTTP/1.1)
HTTP/1.1 200 OK
Content-Length: 16
Content-Type: application/json; charset=utf-8
cache-control: no-cache

06:31:45.664 [AsyncHttpClient-1-2] DEBUG org.asynchttpclient.netty.channel.ChannelManager - Adding key: http://localhost:44566 for channel [id: 0xc09064d9, L:/127.0.0.1:62297 - R:localhost/127.0.0.1:44566]
06:31:45.668 [Forwarding getElementTagName on session 7f1210d1bd44d78170423a6b4069738a to remote] DEBUG org.asynchttpclient.netty.request.NettyRequestSender - Using pooled Channel '[id: 0xc09064d9, L:/127.0.0.1:62297 - R:localhost/127.0.0.1:44566]' for 'GET' to 'http://localhost:44566/session/7f1210d1bd44d78170423a6b4069738a/element/09ef02d8-78f2-4631-843b-f98aaaca0f22/name'
06:31:45.669 [Forwarding getElementTagName on session 7f1210d1bd44d78170423a6b4069738a to remote] DEBUG org.asynchttpclient.netty.request.NettyRequestSender - Using open Channel [id: 0xc09064d9, L:/127.0.0.1:62297 - R:localhost/127.0.0.1:44566] for GET '/session/7f1210d1bd44d78170423a6b4069738a/element/09ef02d8-78f2-4631-843b-f98aaaca0f22/name'
06:31:45.681 [AsyncHttpClient-1-2] DEBUG org.asynchttpclient.netty.handler.HttpHandler - 

Request DefaultFullHttpRequest(decodeResult: success, version: HTTP/1.1, content: EmptyByteBufBE)
GET /session/7f1210d1bd44d78170423a6b4069738a/element/09ef02d8-78f2-4631-843b-f98aaaca0f22/name HTTP/1.1
User-Agent: selenium/4.8.1 (java windows)
Cache-Control: no-cache
Content-Type: application/json; charset=utf-8
host: localhost:44566
accept: */*

Response DefaultHttpResponse(decodeResult: success, version: HTTP/1.1)
HTTP/1.1 200 OK
Content-Length: 16
Content-Type: application/json; charset=utf-8
cache-control: no-cache

06:31:45.682 [AsyncHttpClient-1-2] DEBUG org.asynchttpclient.netty.channel.ChannelManager - Adding key: http://localhost:44566 for channel [id: 0xc09064d9, L:/127.0.0.1:62297 - R:localhost/127.0.0.1:44566]
06:31:45.688 [Forwarding findElement on session 7f1210d1bd44d78170423a6b4069738a to remote] DEBUG org.asynchttpclient.netty.request.NettyRequestSender - Using pooled Channel '[id: 0xc09064d9, L:/127.0.0.1:62297 - R:localhost/127.0.0.1:44566]' for 'POST' to 'http://localhost:44566/session/7f1210d1bd44d78170423a6b4069738a/element'
06:31:45.688 [Forwarding findElement on session 7f1210d1bd44d78170423a6b4069738a to remote] DEBUG org.asynchttpclient.netty.request.NettyRequestSender - Using open Channel [id: 0xc09064d9, L:/127.0.0.1:62297 - R:localhost/127.0.0.1:44566] for POST '/session/7f1210d1bd44d78170423a6b4069738a/element'
06:31:45.709 [AsyncHttpClient-1-2] DEBUG org.asynchttpclient.netty.handler.HttpHandler - 

Request DefaultHttpRequest(decodeResult: success, version: HTTP/1.1)
POST /session/7f1210d1bd44d78170423a6b4069738a/element HTTP/1.1
User-Agent: selenium/4.8.1 (java windows)
Content-Length: 72
Content-Type: application/json; charset=utf-8
host: localhost:44566
accept: */*

Response DefaultHttpResponse(decodeResult: success, version: HTTP/1.1)
HTTP/1.1 200 OK
Content-Length: 88
Content-Type: application/json; charset=utf-8
cache-control: no-cache

06:31:45.709 [AsyncHttpClient-1-2] DEBUG org.asynchttpclient.netty.channel.ChannelManager - Adding key: http://localhost:44566 for channel [id: 0xc09064d9, L:/127.0.0.1:62297 - R:localhost/127.0.0.1:44566]
06:31:45.714 [Forwarding clickElement on session 7f1210d1bd44d78170423a6b4069738a to remote] DEBUG org.asynchttpclient.netty.request.NettyRequestSender - Using pooled Channel '[id: 0xc09064d9, L:/127.0.0.1:62297 - R:localhost/127.0.0.1:44566]' for 'POST' to 'http://localhost:44566/session/7f1210d1bd44d78170423a6b4069738a/element/09ef02d8-78f2-4631-843b-f98aaaca0f22/click'
06:31:45.714 [Forwarding clickElement on session 7f1210d1bd44d78170423a6b4069738a to remote] DEBUG org.asynchttpclient.netty.request.NettyRequestSender - Using open Channel [id: 0xc09064d9, L:/127.0.0.1:62297 - R:localhost/127.0.0.1:44566] for POST '/session/7f1210d1bd44d78170423a6b4069738a/element/09ef02d8-78f2-4631-843b-f98aaaca0f22/click'
06:31:45.850 [AsyncHttpClient-1-2] DEBUG org.asynchttpclient.netty.handler.HttpHandler - 

Request DefaultHttpRequest(decodeResult: success, version: HTTP/1.1)
POST /session/7f1210d1bd44d78170423a6b4069738a/element/09ef02d8-78f2-4631-843b-f98aaaca0f22/click HTTP/1.1
User-Agent: selenium/4.8.1 (java windows)
Content-Length: 50
Content-Type: application/json; charset=utf-8
host: localhost:44566
accept: */*

Response DefaultHttpResponse(decodeResult: success, version: HTTP/1.1)
HTTP/1.1 200 OK
Content-Length: 14
Content-Type: application/json; charset=utf-8
cache-control: no-cache

06:31:45.852 [AsyncHttpClient-1-2] DEBUG org.asynchttpclient.netty.channel.ChannelManager - Adding key: http://localhost:44566 for channel [id: 0xc09064d9, L:/127.0.0.1:62297 - R:localhost/127.0.0.1:44566]
06:31:45.861 [main] DEBUG net.thucydides.core.steps.StepInterceptor - STEP DONE: userClickOnRegisterButton
  &amp#27;[32mAnd &amp#27;[0m&amp#27;[32muser click on register button&amp#27;[0m                     &amp#27;[90m# starter.stepdefinitions.UserSteps.userClickOnRegisterButton()&amp#27;[0m
06:31:45.884 [main] DEBUG net.thucydides.core.steps.StepInterceptor - STARTING STEP: UserSteps.userOnLoginPage - userOnLoginPage
06:31:45.892 [Forwarding findElement on session 7f1210d1bd44d78170423a6b4069738a to remote] DEBUG org.asynchttpclient.netty.request.NettyRequestSender - Using pooled Channel '[id: 0xc09064d9, L:/127.0.0.1:62297 - R:localhost/127.0.0.1:44566]' for 'POST' to 'http://localhost:44566/session/7f1210d1bd44d78170423a6b4069738a/element'
06:31:45.892 [Forwarding findElement on session 7f1210d1bd44d78170423a6b4069738a to remote] DEBUG org.asynchttpclient.netty.request.NettyRequestSender - Using open Channel [id: 0xc09064d9, L:/127.0.0.1:62297 - R:localhost/127.0.0.1:44566] for POST '/session/7f1210d1bd44d78170423a6b4069738a/element'
06:31:46.130 [AsyncHttpClient-1-2] DEBUG org.asynchttpclient.netty.handler.HttpHandler - 

Request DefaultHttpRequest(decodeResult: success, version: HTTP/1.1)
POST /session/7f1210d1bd44d78170423a6b4069738a/element HTTP/1.1
User-Agent: selenium/4.8.1 (java windows)
Content-Length: 68
Content-Type: application/json; charset=utf-8
host: localhost:44566
accept: */*

Response DefaultHttpResponse(decodeResult: success, version: HTTP/1.1)
HTTP/1.1 200 OK
Content-Length: 88
Content-Type: application/json; charset=utf-8
cache-control: no-cache

06:31:46.130 [AsyncHttpClient-1-2] DEBUG org.asynchttpclient.netty.channel.ChannelManager - Adding key: http://localhost:44566 for channel [id: 0xc09064d9, L:/127.0.0.1:62297 - R:localhost/127.0.0.1:44566]
06:31:46.141 [Forwarding isElementDisplayed on session 7f1210d1bd44d78170423a6b4069738a to remote] DEBUG org.asynchttpclient.netty.request.NettyRequestSender - Using pooled Channel '[id: 0xc09064d9, L:/127.0.0.1:62297 - R:localhost/127.0.0.1:44566]' for 'POST' to 'http://localhost:44566/session/7f1210d1bd44d78170423a6b4069738a/execute/sync'
06:31:46.141 [Forwarding isElementDisplayed on session 7f1210d1bd44d78170423a6b4069738a to remote] DEBUG org.asynchttpclient.netty.request.NettyRequestSender - Using open Channel [id: 0xc09064d9, L:/127.0.0.1:62297 - R:localhost/127.0.0.1:44566] for POST '/session/7f1210d1bd44d78170423a6b4069738a/execute/sync'
06:31:46.178 [AsyncHttpClient-1-2] DEBUG org.asynchttpclient.netty.handler.HttpHandler - 

Request DefaultHttpRequest(decodeResult: success, version: HTTP/1.1)
POST /session/7f1210d1bd44d78170423a6b4069738a/execute/sync HTTP/1.1
User-Agent: selenium/4.8.1 (java windows)
Content-Length: 48807
Content-Type: application/json; charset=utf-8
host: localhost:44566
accept: */*

Response DefaultHttpResponse(decodeResult: success, version: HTTP/1.1)
HTTP/1.1 200 OK
Content-Length: 14
Content-Type: application/json; charset=utf-8
cache-control: no-cache

06:31:46.178 [AsyncHttpClient-1-2] DEBUG org.asynchttpclient.netty.channel.ChannelManager - Adding key: http://localhost:44566 for channel [id: 0xc09064d9, L:/127.0.0.1:62297 - R:localhost/127.0.0.1:44566]
06:31:46.187 [Forwarding isElementDisplayed on session 7f1210d1bd44d78170423a6b4069738a to remote] DEBUG org.asynchttpclient.netty.request.NettyRequestSender - Using pooled Channel '[id: 0xc09064d9, L:/127.0.0.1:62297 - R:localhost/127.0.0.1:44566]' for 'POST' to 'http://localhost:44566/session/7f1210d1bd44d78170423a6b4069738a/execute/sync'
06:31:46.187 [Forwarding isElementDisplayed on session 7f1210d1bd44d78170423a6b4069738a to remote] DEBUG org.asynchttpclient.netty.request.NettyRequestSender - Using open Channel [id: 0xc09064d9, L:/127.0.0.1:62297 - R:localhost/127.0.0.1:44566] for POST '/session/7f1210d1bd44d78170423a6b4069738a/execute/sync'
06:31:46.224 [AsyncHttpClient-1-2] DEBUG org.asynchttpclient.netty.handler.HttpHandler - 

Request DefaultHttpRequest(decodeResult: success, version: HTTP/1.1)
POST /session/7f1210d1bd44d78170423a6b4069738a/execute/sync HTTP/1.1
User-Agent: selenium/4.8.1 (java windows)
Content-Length: 48807
Content-Type: application/json; charset=utf-8
host: localhost:44566
accept: */*

Response DefaultHttpResponse(decodeResult: success, version: HTTP/1.1)
HTTP/1.1 200 OK
Content-Length: 14
Content-Type: application/json; charset=utf-8
cache-control: no-cache

06:31:46.225 [AsyncHttpClient-1-2] DEBUG org.asynchttpclient.netty.channel.ChannelManager - Adding key: http://localhost:44566 for channel [id: 0xc09064d9, L:/127.0.0.1:62297 - R:localhost/127.0.0.1:44566]
06:31:46.233 [main] DEBUG net.thucydides.core.steps.StepInterceptor - STEP DONE: userOnLoginPage
  &amp#27;[32mThen &amp#27;[0m&amp#27;[32muser on login page&amp#27;[0m                               &amp#27;[90m# starter.stepdefinitions.UserSteps.userOnLoginPage()&amp#27;[0m
06:31:46.261 [main] INFO  - 
  _____   ___   ___   _____     ___     _     ___   ___   ___   ___  
 |_   _| | __| / __| |_   _|   | _ \   /_\   / __| / __| | __| |   \ 
   | |   | _|  \__ \   | |     |  _/  / _ \  \__ \ \__ \ | _|  | |) |
   |_|   |___| |___/   |_|     |_|   /_/ \_\ |___/ |___/ |___| |___/ 

as a user I want to register and successfully
----------------------------------------------------------------------
06:31:46.417 [Driver Command Executor] DEBUG org.asynchttpclient.netty.request.NettyRequestSender - Using pooled Channel '[id: 0xc09064d9, L:/127.0.0.1:62297 - R:localhost/127.0.0.1:44566]' for 'DELETE' to 'http://localhost:44566/session/7f1210d1bd44d78170423a6b4069738a'
06:31:46.418 [Driver Command Executor] DEBUG org.asynchttpclient.netty.request.NettyRequestSender - Using open Channel [id: 0xc09064d9, L:/127.0.0.1:62297 - R:localhost/127.0.0.1:44566] for DELETE '/session/7f1210d1bd44d78170423a6b4069738a'
06:31:46.445 [AsyncHttpClient-1-3] DEBUG org.asynchttpclient.netty.handler.HttpHandler - Unexpected I/O exception on channel [id: 0xbcc8bc92, L:/127.0.0.1:62305 - R:localhost/127.0.0.1:62298]
java.net.SocketException: Connection reset
	at java.base/sun.nio.ch.SocketChannelImpl.throwConnectionReset(SocketChannelImpl.java:345)
	at java.base/sun.nio.ch.SocketChannelImpl.read(SocketChannelImpl.java:376)
	at io.netty.buffer.PooledByteBuf.setBytes(PooledByteBuf.java:259)
	at io.netty.buffer.AbstractByteBuf.writeBytes(AbstractByteBuf.java:1132)
	at io.netty.channel.socket.nio.NioSocketChannel.doReadBytes(NioSocketChannel.java:357)
	at io.netty.channel.nio.AbstractNioByteChannel$NioByteUnsafe.read(AbstractNioByteChannel.java:151)
	at io.netty.channel.nio.NioEventLoop.processSelectedKey(NioEventLoop.java:788)
	at io.netty.channel.nio.NioEventLoop.processSelectedKeysOptimized(NioEventLoop.java:724)
	at io.netty.channel.nio.NioEventLoop.processSelectedKeys(NioEventLoop.java:650)
	at io.netty.channel.nio.NioEventLoop.run(NioEventLoop.java:562)
	at io.netty.util.concurrent.SingleThreadEventExecutor$4.run(SingleThreadEventExecutor.java:997)
	at io.netty.util.internal.ThreadExecutorMap$2.run(ThreadExecutorMap.java:74)
	at io.netty.util.concurrent.FastThreadLocalRunnable.run(FastThreadLocalRunnable.java:30)
	at java.base/java.lang.Thread.run(Thread.java:832)
06:31:46.445 [AsyncHttpClient-1-4] DEBUG org.asynchttpclient.netty.handler.WebSocketHandler - Unexpected I/O exception on channel [id: 0x08b4bb18, L:/127.0.0.1:62306 - R:localhost/127.0.0.1:62298]
java.net.SocketException: Connection reset
	at java.base/sun.nio.ch.SocketChannelImpl.throwConnectionReset(SocketChannelImpl.java:345)
	at java.base/sun.nio.ch.SocketChannelImpl.read(SocketChannelImpl.java:376)
	at io.netty.buffer.PooledByteBuf.setBytes(PooledByteBuf.java:259)
	at io.netty.buffer.AbstractByteBuf.writeBytes(AbstractByteBuf.java:1132)
	at io.netty.channel.socket.nio.NioSocketChannel.doReadBytes(NioSocketChannel.java:357)
	at io.netty.channel.nio.AbstractNioByteChannel$NioByteUnsafe.read(AbstractNioByteChannel.java:151)
	at io.netty.channel.nio.NioEventLoop.processSelectedKey(NioEventLoop.java:788)
	at io.netty.channel.nio.NioEventLoop.processSelectedKeysOptimized(NioEventLoop.java:724)
	at io.netty.channel.nio.NioEventLoop.processSelectedKeys(NioEventLoop.java:650)
	at io.netty.channel.nio.NioEventLoop.run(NioEventLoop.java:562)
	at io.netty.util.concurrent.SingleThreadEventExecutor$4.run(SingleThreadEventExecutor.java:997)
	at io.netty.util.internal.ThreadExecutorMap$2.run(ThreadExecutorMap.java:74)
	at io.netty.util.concurrent.FastThreadLocalRunnable.run(FastThreadLocalRunnable.java:30)
	at java.base/java.lang.Thread.run(Thread.java:832)
06:31:46.446 [AsyncHttpClient-1-3] DEBUG org.asynchttpclient.netty.channel.ChannelManager - Closing Channel [id: 0xbcc8bc92, L:/127.0.0.1:62305 - R:localhost/127.0.0.1:62298] 
06:31:46.448 [AsyncHttpClient-1-4] DEBUG org.asynchttpclient.netty.handler.WebSocketHandler - Was unable to recover Future: NettyResponseFuture{currentRetry=0,
	isDone=1,
	isCancelled=0,
	asyncHandler=org.asynchttpclient.ws.WebSocketUpgradeHandler@76aa1830,
	nettyRequest=org.asynchttpclient.netty.request.NettyRequest@63c7f1f1,
	future=java.util.concurrent.CompletableFuture@4875e3cc[Completed normally],
	uri=ws://localhost:62298/devtools/browser/f7555644-a105-4696-97fc-bdc4d289118e,
	keepAlive=true,
	redirectCount=0,
	timeoutsHolder=null,
	inAuth=0,
	touch=1683588706446}
06:31:46.448 [AsyncHttpClient-1-4] DEBUG org.asynchttpclient.netty.channel.ChannelManager - Closing Channel [id: 0x08b4bb18, L:/127.0.0.1:62306 - R:localhost/127.0.0.1:62298] 
06:31:46.448 [AsyncHttpClient-1-4] WARN org.asynchttpclient.netty.handler.WebSocketHandler - onError
java.net.SocketException: Connection reset
	at java.base/sun.nio.ch.SocketChannelImpl.throwConnectionReset(SocketChannelImpl.java:345)
	at java.base/sun.nio.ch.SocketChannelImpl.read(SocketChannelImpl.java:376)
	at io.netty.buffer.PooledByteBuf.setBytes(PooledByteBuf.java:259)
	at io.netty.buffer.AbstractByteBuf.writeBytes(AbstractByteBuf.java:1132)
	at io.netty.channel.socket.nio.NioSocketChannel.doReadBytes(NioSocketChannel.java:357)
	at io.netty.channel.nio.AbstractNioByteChannel$NioByteUnsafe.read(AbstractNioByteChannel.java:151)
	at io.netty.channel.nio.NioEventLoop.processSelectedKey(NioEventLoop.java:788)
	at io.netty.channel.nio.NioEventLoop.processSelectedKeysOptimized(NioEventLoop.java:724)
	at io.netty.channel.nio.NioEventLoop.processSelectedKeys(NioEventLoop.java:650)
	at io.netty.channel.nio.NioEventLoop.run(NioEventLoop.java:562)
	at io.netty.util.concurrent.SingleThreadEventExecutor$4.run(SingleThreadEventExecutor.java:997)
	at io.netty.util.internal.ThreadExecutorMap$2.run(ThreadExecutorMap.java:74)
	at io.netty.util.concurrent.FastThreadLocalRunnable.run(FastThreadLocalRunnable.java:30)
	at java.base/java.lang.Thread.run(Thread.java:832)
06:31:46.449 [AsyncHttpClient-1-3] DEBUG org.asynchttpclient.netty.handler.HttpHandler - Channel Closed: [id: 0xbcc8bc92, L:/127.0.0.1:62305 ! R:localhost/127.0.0.1:62298] with attribute DISCARD
06:31:46.451 [AsyncHttpClient-1-4] DEBUG org.asynchttpclient.netty.channel.ChannelManager - Closing Channel [id: 0x08b4bb18, L:/127.0.0.1:62306 ! R:localhost/127.0.0.1:62298] 
06:31:46.451 [AsyncHttpClient-1-4] DEBUG org.asynchttpclient.netty.handler.WebSocketHandler - Channel Closed: [id: 0x08b4bb18, L:/127.0.0.1:62306 ! R:localhost/127.0.0.1:62298] with attribute DISCARD
06:31:46.458 [AsyncHttpClient-1-2] DEBUG org.asynchttpclient.netty.handler.HttpHandler - 

Request DefaultFullHttpRequest(decodeResult: success, version: HTTP/1.1, content: EmptyByteBufBE)
DELETE /session/7f1210d1bd44d78170423a6b4069738a HTTP/1.1
User-Agent: selenium/4.8.1 (java windows)
Content-Type: application/json; charset=utf-8
host: localhost:44566
accept: */*

Response DefaultHttpResponse(decodeResult: success, version: HTTP/1.1)
HTTP/1.1 200 OK
Content-Length: 14
Content-Type: application/json; charset=utf-8
cache-control: no-cache

06:31:46.459 [AsyncHttpClient-1-1] DEBUG org.asynchttpclient.netty.channel.DefaultChannelPool - Entry count for : http://localhost:62298 : 1
06:31:46.459 [AsyncHttpClient-1-1] DEBUG org.asynchttpclient.netty.channel.DefaultChannelPool - Adding Candidate expired Channel [id: 0xbcc8bc92, L:/127.0.0.1:62305 ! R:localhost/127.0.0.1:62298] isIdleTimeoutExpired=false isRemotelyClosed=true isTtlExpired=false
06:31:46.459 [AsyncHttpClient-1-2] DEBUG org.asynchttpclient.netty.channel.ChannelManager - Adding key: http://localhost:44566 for channel [id: 0xc09064d9, L:/127.0.0.1:62297 - R:localhost/127.0.0.1:44566]
06:31:46.459 [AsyncHttpClient-1-1] DEBUG org.asynchttpclient.netty.channel.DefaultChannelPool - Closing Idle Channel [id: 0xbcc8bc92, L:/127.0.0.1:62305 ! R:localhost/127.0.0.1:62298]
06:31:46.460 [AsyncHttpClient-1-1] DEBUG org.asynchttpclient.netty.channel.DefaultChannelPool - Closed 1 connections out of 2 in 1 ms
06:31:47.097 [AsyncHttpClient-1-2] DEBUG org.asynchttpclient.netty.handler.HttpHandler - Channel Closed: [id: 0xc09064d9, L:/127.0.0.1:62297 ! R:localhost/127.0.0.1:44566] with attribute DISCARD
06:31:47.580 [AsyncHttpClient-1-1] DEBUG org.asynchttpclient.netty.channel.DefaultChannelPool - Entry count for : http://localhost:44566 : 1
06:31:47.581 [AsyncHttpClient-1-1] DEBUG org.asynchttpclient.netty.channel.DefaultChannelPool - Adding Candidate expired Channel [id: 0xc09064d9, L:/127.0.0.1:62297 ! R:localhost/127.0.0.1:44566] isIdleTimeoutExpired=false isRemotelyClosed=true isTtlExpired=false
06:31:47.581 [AsyncHttpClient-1-1] DEBUG org.asynchttpclient.netty.channel.DefaultChannelPool - Closing Idle Channel [id: 0xc09064d9, L:/127.0.0.1:62297 ! R:localhost/127.0.0.1:44566]
06:31:47.581 [AsyncHttpClient-1-1] DEBUG org.asynchttpclient.netty.channel.DefaultChannelPool - Closed 1 connections out of 1 in 0 ms
]]></system-out>
    <system-err><![CDATA[Starting ChromeDriver 112.0.5615.49 (bd2a7bcb881c11e8cfe3078709382934e3916914-refs/branch-heads/5615@{#936}) on port 44566
Only local connections are allowed.
Please see https://chromedriver.chromium.org/security-considerations for suggestions on keeping ChromeDriver safe.
ChromeDriver was started successfully.
May 09, 2023 6:31:36 AM org.openqa.selenium.devtools.CdpVersionFinder findNearestMatch
WARNING: Unable to find an exact match for CDP version 112, so returning the closest version found: 110
May 09, 2023 6:31:46 AM org.openqa.selenium.remote.http.WebSocket$Listener onError
WARNING: Connection reset
java.net.SocketException: Connection reset
	at java.base/sun.nio.ch.SocketChannelImpl.throwConnectionReset(SocketChannelImpl.java:345)
	at java.base/sun.nio.ch.SocketChannelImpl.read(SocketChannelImpl.java:376)
	at io.netty.buffer.PooledByteBuf.setBytes(PooledByteBuf.java:259)
	at io.netty.buffer.AbstractByteBuf.writeBytes(AbstractByteBuf.java:1132)
	at io.netty.channel.socket.nio.NioSocketChannel.doReadBytes(NioSocketChannel.java:357)
	at io.netty.channel.nio.AbstractNioByteChannel$NioByteUnsafe.read(AbstractNioByteChannel.java:151)
	at io.netty.channel.nio.NioEventLoop.processSelectedKey(NioEventLoop.java:788)
	at io.netty.channel.nio.NioEventLoop.processSelectedKeysOptimized(NioEventLoop.java:724)
	at io.netty.channel.nio.NioEventLoop.processSelectedKeys(NioEventLoop.java:650)
	at io.netty.channel.nio.NioEventLoop.run(NioEventLoop.java:562)
	at io.netty.util.concurrent.SingleThreadEventExecutor$4.run(SingleThreadEventExecutor.java:997)
	at io.netty.util.internal.ThreadExecutorMap$2.run(ThreadExecutorMap.java:74)
	at io.netty.util.concurrent.FastThreadLocalRunnable.run(FastThreadLocalRunnable.java:30)
	at java.base/java.lang.Thread.run(Thread.java:832)

]]></system-err>
  </testcase>
  <testcase name="as a user I want to login and successfully" classname="As a user" time="11.835">
    <system-out><![CDATA[
@TC-002
Scenario: as a user I want to login and successfully &amp#27;[90m# src/test/resources/features/user.feature:19&amp#27;[0m
06:31:47.746 [main] DEBUG io.cucumber.core.plugin.SerenityReporter - Running feature from file:///C:/Users/Lenovo/IdeaProjects/MiniProject/MiniProjectWeb/src/test/resources/features/user.feature
06:31:47.752 [main] INFO  - 
  _____   ___   ___   _____     ___   _____     _     ___   _____   ___   ___  
 |_   _| | __| / __| |_   _|   / __| |_   _|   /_\   | _ \ |_   _| | __| |   \ 
   | |   | _|  \__ \   | |     \__ \   | |    / _ \  |   /   | |   | _|  | |) |
   |_|   |___| |___/   |_|     |___/   |_|   /_/ \_\ |_|_\   |_|   |___| |___/ 

as a user I want to login and successfully(as-a-user;as-a-user-i-want-to-login-and-successfully)
--------------------------------------------------------------------------------
06:31:47.846 [main] DEBUG net.thucydides.core.steps.StepInterceptor - STARTING STEP: UserSteps.userOnMainPage - userOnMainPage
06:31:47.936 [main] INFO net.serenitybdd.core.webdriver.driverproviders.ChromeDriverProvider - Starting Chrome driver instance with capabilities:
06:31:47.937 [main] INFO net.serenitybdd.core.webdriver.driverproviders.ChromeDriverProvider - Capabilities {acceptInsecureCerts: true, browserName: chrome, goog:chromeOptions: {args: [remote-allow-origins=*, test-type, no-sandbox, ignore-certificate-errors, start-maximized, incognito, disable-infobars, disable-gpu, disable-default-apps, disable-popup-blocking, remote-allow-origins=*, test-type, no-sandbox, ignore-certificate-errors, start-maximized, incognito, disable-infobars, disable-gpu, disable-default-apps, disable-popup-blocking, remote-allow-origins=*], extensions: []}}
06:31:48.557 [AsyncHttpClient-1-5] DEBUG org.asynchttpclient.netty.channel.NettyConnectListener - Using new Channel '[id: 0x12b262af, L:/127.0.0.1:62321 - R:localhost/127.0.0.1:17429]' for 'POST' to '/session'
06:31:49.371 [AsyncHttpClient-1-5] DEBUG org.asynchttpclient.netty.handler.HttpHandler - 

Request DefaultHttpRequest(decodeResult: success, version: HTTP/1.1)
POST /session HTTP/1.1
User-Agent: selenium/4.8.1 (java windows)
Content-Length: 1701
Content-Type: application/json; charset=utf-8
host: localhost:17429
accept: */*

Response DefaultHttpResponse(decodeResult: success, version: HTTP/1.1)
HTTP/1.1 200 OK
Content-Length: 858
Content-Type: application/json; charset=utf-8
cache-control: no-cache

06:31:49.371 [AsyncHttpClient-1-5] DEBUG org.asynchttpclient.netty.channel.ChannelManager - Adding key: http://localhost:17429 for channel [id: 0x12b262af, L:/127.0.0.1:62321 - R:localhost/127.0.0.1:17429]
06:31:49.381 [AsyncHttpClient-1-6] DEBUG org.asynchttpclient.netty.channel.NettyConnectListener - Using new Channel '[id: 0xaaceff1d, L:/127.0.0.1:62328 - R:localhost/127.0.0.1:62322]' for 'GET' to '/json/version'
06:31:49.386 [AsyncHttpClient-1-6] DEBUG org.asynchttpclient.netty.handler.HttpHandler - 

Request DefaultFullHttpRequest(decodeResult: success, version: HTTP/1.1, content: EmptyByteBufBE)
GET /json/version HTTP/1.1
User-Agent: selenium/4.8.1 (java windows)
host: localhost:62322
accept: */*

Response DefaultHttpResponse(decodeResult: success, version: HTTP/1.1)
HTTP/1.1 200 OK
Content-Security-Policy: frame-ancestors 'none'
Content-Length: 424
Content-Type: application/json; charset=UTF-8

06:31:49.386 [AsyncHttpClient-1-6] DEBUG org.asynchttpclient.netty.channel.ChannelManager - Adding key: http://localhost:62322 for channel [id: 0xaaceff1d, L:/127.0.0.1:62328 - R:localhost/127.0.0.1:62322]
06:31:49.390 [AsyncHttpClient-1-7] DEBUG org.asynchttpclient.netty.channel.NettyConnectListener - Using new Channel '[id: 0xb1d24c17, L:/127.0.0.1:62329 - R:localhost/127.0.0.1:62322]' for 'GET' to '/devtools/browser/606dae08-9d6a-4d1d-a85b-d5c87551212b'
06:31:49.394 [AsyncHttpClient-1-7] DEBUG org.asynchttpclient.netty.handler.WebSocketHandler - 

Request DefaultFullHttpRequest(decodeResult: success, version: HTTP/1.1, content: EmptyByteBufBE)
GET /devtools/browser/606dae08-9d6a-4d1d-a85b-d5c87551212b HTTP/1.1
upgrade: websocket
connection: upgrade
sec-websocket-key: ITbPeFlXyPULoiZKc90h/Q==
sec-websocket-version: 13
origin: http://localhost:62322
host: localhost:62322
accept: */*
user-agent: AHC/2.1

Response DefaultHttpResponse(decodeResult: success, version: HTTP/1.1)
HTTP/1.1 101 WebSocket Protocol Handshake
Upgrade: WebSocket
Connection: Upgrade
Sec-WebSocket-Accept: 5+kW5PavV21mLERbf93CB8W96lE=

06:31:49.401 [Forwarding get on session 1b6e43484dfec07e7ae8788af83f975b to remote] DEBUG org.asynchttpclient.netty.request.NettyRequestSender - Using pooled Channel '[id: 0x12b262af, L:/127.0.0.1:62321 - R:localhost/127.0.0.1:17429]' for 'POST' to 'http://localhost:17429/session/1b6e43484dfec07e7ae8788af83f975b/url'
06:31:49.401 [Forwarding get on session 1b6e43484dfec07e7ae8788af83f975b to remote] DEBUG org.asynchttpclient.netty.request.NettyRequestSender - Using open Channel [id: 0x12b262af, L:/127.0.0.1:62321 - R:localhost/127.0.0.1:17429] for POST '/session/1b6e43484dfec07e7ae8788af83f975b/url'
06:31:49.759 [AsyncHttpClient-1-1] DEBUG org.asynchttpclient.netty.channel.DefaultChannelPool - Entry count for : http://localhost:62322 : 1
06:31:50.717 [AsyncHttpClient-1-5] DEBUG org.asynchttpclient.netty.handler.HttpHandler - 

Request DefaultHttpRequest(decodeResult: success, version: HTTP/1.1)
POST /session/1b6e43484dfec07e7ae8788af83f975b/url HTTP/1.1
User-Agent: selenium/4.8.1 (java windows)
Content-Length: 59
Content-Type: application/json; charset=utf-8
host: localhost:17429
accept: */*

Response DefaultHttpResponse(decodeResult: success, version: HTTP/1.1)
HTTP/1.1 200 OK
Content-Length: 14
Content-Type: application/json; charset=utf-8
cache-control: no-cache

06:31:50.717 [AsyncHttpClient-1-5] DEBUG org.asynchttpclient.netty.channel.ChannelManager - Adding key: http://localhost:17429 for channel [id: 0x12b262af, L:/127.0.0.1:62321 - R:localhost/127.0.0.1:17429]
06:31:50.720 [Forwarding setTimeout on session 1b6e43484dfec07e7ae8788af83f975b to remote] DEBUG org.asynchttpclient.netty.request.NettyRequestSender - Using pooled Channel '[id: 0x12b262af, L:/127.0.0.1:62321 - R:localhost/127.0.0.1:17429]' for 'POST' to 'http://localhost:17429/session/1b6e43484dfec07e7ae8788af83f975b/timeouts'
06:31:50.721 [Forwarding setTimeout on session 1b6e43484dfec07e7ae8788af83f975b to remote] DEBUG org.asynchttpclient.netty.request.NettyRequestSender - Using open Channel [id: 0x12b262af, L:/127.0.0.1:62321 - R:localhost/127.0.0.1:17429] for POST '/session/1b6e43484dfec07e7ae8788af83f975b/timeouts'
06:31:50.722 [AsyncHttpClient-1-5] DEBUG org.asynchttpclient.netty.handler.HttpHandler - 

Request DefaultHttpRequest(decodeResult: success, version: HTTP/1.1)
POST /session/1b6e43484dfec07e7ae8788af83f975b/timeouts HTTP/1.1
User-Agent: selenium/4.8.1 (java windows)
Content-Length: 22
Content-Type: application/json; charset=utf-8
host: localhost:17429
accept: */*

Response DefaultHttpResponse(decodeResult: success, version: HTTP/1.1)
HTTP/1.1 200 OK
Content-Length: 14
Content-Type: application/json; charset=utf-8
cache-control: no-cache

06:31:50.723 [AsyncHttpClient-1-5] DEBUG org.asynchttpclient.netty.channel.ChannelManager - Adding key: http://localhost:17429 for channel [id: 0x12b262af, L:/127.0.0.1:62321 - R:localhost/127.0.0.1:17429]
06:31:50.731 [Forwarding findElement on session 1b6e43484dfec07e7ae8788af83f975b to remote] DEBUG org.asynchttpclient.netty.request.NettyRequestSender - Using pooled Channel '[id: 0x12b262af, L:/127.0.0.1:62321 - R:localhost/127.0.0.1:17429]' for 'POST' to 'http://localhost:17429/session/1b6e43484dfec07e7ae8788af83f975b/element'
06:31:50.731 [Forwarding findElement on session 1b6e43484dfec07e7ae8788af83f975b to remote] DEBUG org.asynchttpclient.netty.request.NettyRequestSender - Using open Channel [id: 0x12b262af, L:/127.0.0.1:62321 - R:localhost/127.0.0.1:17429] for POST '/session/1b6e43484dfec07e7ae8788af83f975b/element'
06:31:50.751 [AsyncHttpClient-1-5] DEBUG org.asynchttpclient.netty.handler.HttpHandler - 

Request DefaultHttpRequest(decodeResult: success, version: HTTP/1.1)
POST /session/1b6e43484dfec07e7ae8788af83f975b/element HTTP/1.1
User-Agent: selenium/4.8.1 (java windows)
Content-Length: 70
Content-Type: application/json; charset=utf-8
host: localhost:17429
accept: */*

Response DefaultHttpResponse(decodeResult: success, version: HTTP/1.1)
HTTP/1.1 200 OK
Content-Length: 88
Content-Type: application/json; charset=utf-8
cache-control: no-cache

06:31:50.751 [AsyncHttpClient-1-5] DEBUG org.asynchttpclient.netty.channel.ChannelManager - Adding key: http://localhost:17429 for channel [id: 0x12b262af, L:/127.0.0.1:62321 - R:localhost/127.0.0.1:17429]
06:31:50.756 [Forwarding isElementDisplayed on session 1b6e43484dfec07e7ae8788af83f975b to remote] DEBUG org.asynchttpclient.netty.request.NettyRequestSender - Using pooled Channel '[id: 0x12b262af, L:/127.0.0.1:62321 - R:localhost/127.0.0.1:17429]' for 'POST' to 'http://localhost:17429/session/1b6e43484dfec07e7ae8788af83f975b/execute/sync'
06:31:50.756 [Forwarding isElementDisplayed on session 1b6e43484dfec07e7ae8788af83f975b to remote] DEBUG org.asynchttpclient.netty.request.NettyRequestSender - Using open Channel [id: 0x12b262af, L:/127.0.0.1:62321 - R:localhost/127.0.0.1:17429] for POST '/session/1b6e43484dfec07e7ae8788af83f975b/execute/sync'
06:31:50.788 [AsyncHttpClient-1-5] DEBUG org.asynchttpclient.netty.handler.HttpHandler - 

Request DefaultHttpRequest(decodeResult: success, version: HTTP/1.1)
POST /session/1b6e43484dfec07e7ae8788af83f975b/execute/sync HTTP/1.1
User-Agent: selenium/4.8.1 (java windows)
Content-Length: 48807
Content-Type: application/json; charset=utf-8
host: localhost:17429
accept: */*

Response DefaultHttpResponse(decodeResult: success, version: HTTP/1.1)
HTTP/1.1 200 OK
Content-Length: 14
Content-Type: application/json; charset=utf-8
cache-control: no-cache

06:31:50.788 [AsyncHttpClient-1-5] DEBUG org.asynchttpclient.netty.channel.ChannelManager - Adding key: http://localhost:17429 for channel [id: 0x12b262af, L:/127.0.0.1:62321 - R:localhost/127.0.0.1:17429]
06:31:50.792 [Forwarding isElementDisplayed on session 1b6e43484dfec07e7ae8788af83f975b to remote] DEBUG org.asynchttpclient.netty.request.NettyRequestSender - Using pooled Channel '[id: 0x12b262af, L:/127.0.0.1:62321 - R:localhost/127.0.0.1:17429]' for 'POST' to 'http://localhost:17429/session/1b6e43484dfec07e7ae8788af83f975b/execute/sync'
06:31:50.793 [Forwarding isElementDisplayed on session 1b6e43484dfec07e7ae8788af83f975b to remote] DEBUG org.asynchttpclient.netty.request.NettyRequestSender - Using open Channel [id: 0x12b262af, L:/127.0.0.1:62321 - R:localhost/127.0.0.1:17429] for POST '/session/1b6e43484dfec07e7ae8788af83f975b/execute/sync'
06:31:50.815 [AsyncHttpClient-1-5] DEBUG org.asynchttpclient.netty.handler.HttpHandler - 

Request DefaultHttpRequest(decodeResult: success, version: HTTP/1.1)
POST /session/1b6e43484dfec07e7ae8788af83f975b/execute/sync HTTP/1.1
User-Agent: selenium/4.8.1 (java windows)
Content-Length: 48807
Content-Type: application/json; charset=utf-8
host: localhost:17429
accept: */*

Response DefaultHttpResponse(decodeResult: success, version: HTTP/1.1)
HTTP/1.1 200 OK
Content-Length: 14
Content-Type: application/json; charset=utf-8
cache-control: no-cache

06:31:50.815 [AsyncHttpClient-1-5] DEBUG org.asynchttpclient.netty.channel.ChannelManager - Adding key: http://localhost:17429 for channel [id: 0x12b262af, L:/127.0.0.1:62321 - R:localhost/127.0.0.1:17429]
06:31:50.818 [main] DEBUG net.thucydides.core.steps.StepInterceptor - STEP DONE: userOnMainPage
  &amp#27;[32mGiven &amp#27;[0m&amp#27;[32muser on main page&amp#27;[0m                            &amp#27;[90m# starter.stepdefinitions.UserSteps.userOnMainPage()&amp#27;[0m
06:31:50.833 [main] DEBUG net.thucydides.core.steps.StepInterceptor - STARTING STEP: UserSteps.userClickOnLoginButton - userClickOnLoginButton
06:31:50.845 [Forwarding findElement on session 1b6e43484dfec07e7ae8788af83f975b to remote] DEBUG org.asynchttpclient.netty.request.NettyRequestSender - Using pooled Channel '[id: 0x12b262af, L:/127.0.0.1:62321 - R:localhost/127.0.0.1:17429]' for 'POST' to 'http://localhost:17429/session/1b6e43484dfec07e7ae8788af83f975b/element'
06:31:50.845 [Forwarding findElement on session 1b6e43484dfec07e7ae8788af83f975b to remote] DEBUG org.asynchttpclient.netty.request.NettyRequestSender - Using open Channel [id: 0x12b262af, L:/127.0.0.1:62321 - R:localhost/127.0.0.1:17429] for POST '/session/1b6e43484dfec07e7ae8788af83f975b/element'
06:31:50.859 [AsyncHttpClient-1-1] DEBUG org.asynchttpclient.netty.channel.DefaultChannelPool - Entry count for : http://localhost:62322 : 1
06:31:51.964 [AsyncHttpClient-1-1] DEBUG org.asynchttpclient.netty.channel.DefaultChannelPool - Entry count for : http://localhost:62322 : 1
06:31:53.065 [AsyncHttpClient-1-1] DEBUG org.asynchttpclient.netty.channel.DefaultChannelPool - Entry count for : http://localhost:62322 : 1
06:31:54.167 [AsyncHttpClient-1-1] DEBUG org.asynchttpclient.netty.channel.DefaultChannelPool - Entry count for : http://localhost:62322 : 1
06:31:55.258 [AsyncHttpClient-1-1] DEBUG org.asynchttpclient.netty.channel.DefaultChannelPool - Entry count for : http://localhost:62322 : 1
06:31:55.965 [AsyncHttpClient-1-5] DEBUG org.asynchttpclient.netty.handler.HttpHandler - 

Request DefaultHttpRequest(decodeResult: success, version: HTTP/1.1)
POST /session/1b6e43484dfec07e7ae8788af83f975b/element HTTP/1.1
User-Agent: selenium/4.8.1 (java windows)
Content-Length: 106
Content-Type: application/json; charset=utf-8
host: localhost:17429
accept: */*

Response DefaultHttpResponse(decodeResult: success, version: HTTP/1.1)
HTTP/1.1 200 OK
Content-Length: 88
Content-Type: application/json; charset=utf-8
cache-control: no-cache

06:31:55.966 [AsyncHttpClient-1-5] DEBUG org.asynchttpclient.netty.channel.ChannelManager - Adding key: http://localhost:17429 for channel [id: 0x12b262af, L:/127.0.0.1:62321 - R:localhost/127.0.0.1:17429]
06:31:55.973 [Forwarding getElementTagName on session 1b6e43484dfec07e7ae8788af83f975b to remote] DEBUG org.asynchttpclient.netty.request.NettyRequestSender - Using pooled Channel '[id: 0x12b262af, L:/127.0.0.1:62321 - R:localhost/127.0.0.1:17429]' for 'GET' to 'http://localhost:17429/session/1b6e43484dfec07e7ae8788af83f975b/element/72e51eb9-4288-4fff-9ac6-4bd2e0958605/name'
06:31:55.974 [Forwarding getElementTagName on session 1b6e43484dfec07e7ae8788af83f975b to remote] DEBUG org.asynchttpclient.netty.request.NettyRequestSender - Using open Channel [id: 0x12b262af, L:/127.0.0.1:62321 - R:localhost/127.0.0.1:17429] for GET '/session/1b6e43484dfec07e7ae8788af83f975b/element/72e51eb9-4288-4fff-9ac6-4bd2e0958605/name'
06:31:55.989 [AsyncHttpClient-1-5] DEBUG org.asynchttpclient.netty.handler.HttpHandler - 

Request DefaultFullHttpRequest(decodeResult: success, version: HTTP/1.1, content: EmptyByteBufBE)
GET /session/1b6e43484dfec07e7ae8788af83f975b/element/72e51eb9-4288-4fff-9ac6-4bd2e0958605/name HTTP/1.1
User-Agent: selenium/4.8.1 (java windows)
Cache-Control: no-cache
Content-Type: application/json; charset=utf-8
host: localhost:17429
accept: */*

Response DefaultHttpResponse(decodeResult: success, version: HTTP/1.1)
HTTP/1.1 200 OK
Content-Length: 13
Content-Type: application/json; charset=utf-8
cache-control: no-cache

06:31:55.989 [AsyncHttpClient-1-5] DEBUG org.asynchttpclient.netty.channel.ChannelManager - Adding key: http://localhost:17429 for channel [id: 0x12b262af, L:/127.0.0.1:62321 - R:localhost/127.0.0.1:17429]
06:31:55.994 [Forwarding getElementTagName on session 1b6e43484dfec07e7ae8788af83f975b to remote] DEBUG org.asynchttpclient.netty.request.NettyRequestSender - Using pooled Channel '[id: 0x12b262af, L:/127.0.0.1:62321 - R:localhost/127.0.0.1:17429]' for 'GET' to 'http://localhost:17429/session/1b6e43484dfec07e7ae8788af83f975b/element/72e51eb9-4288-4fff-9ac6-4bd2e0958605/name'
06:31:55.994 [Forwarding getElementTagName on session 1b6e43484dfec07e7ae8788af83f975b to remote] DEBUG org.asynchttpclient.netty.request.NettyRequestSender - Using open Channel [id: 0x12b262af, L:/127.0.0.1:62321 - R:localhost/127.0.0.1:17429] for GET '/session/1b6e43484dfec07e7ae8788af83f975b/element/72e51eb9-4288-4fff-9ac6-4bd2e0958605/name'
06:31:56.005 [AsyncHttpClient-1-5] DEBUG org.asynchttpclient.netty.handler.HttpHandler - 

Request DefaultFullHttpRequest(decodeResult: success, version: HTTP/1.1, content: EmptyByteBufBE)
GET /session/1b6e43484dfec07e7ae8788af83f975b/element/72e51eb9-4288-4fff-9ac6-4bd2e0958605/name HTTP/1.1
User-Agent: selenium/4.8.1 (java windows)
Cache-Control: no-cache
Content-Type: application/json; charset=utf-8
host: localhost:17429
accept: */*

Response DefaultHttpResponse(decodeResult: success, version: HTTP/1.1)
HTTP/1.1 200 OK
Content-Length: 13
Content-Type: application/json; charset=utf-8
cache-control: no-cache

06:31:56.006 [AsyncHttpClient-1-5] DEBUG org.asynchttpclient.netty.channel.ChannelManager - Adding key: http://localhost:17429 for channel [id: 0x12b262af, L:/127.0.0.1:62321 - R:localhost/127.0.0.1:17429]
06:31:56.011 [Forwarding findElement on session 1b6e43484dfec07e7ae8788af83f975b to remote] DEBUG org.asynchttpclient.netty.request.NettyRequestSender - Using pooled Channel '[id: 0x12b262af, L:/127.0.0.1:62321 - R:localhost/127.0.0.1:17429]' for 'POST' to 'http://localhost:17429/session/1b6e43484dfec07e7ae8788af83f975b/element'
06:31:56.012 [Forwarding findElement on session 1b6e43484dfec07e7ae8788af83f975b to remote] DEBUG org.asynchttpclient.netty.request.NettyRequestSender - Using open Channel [id: 0x12b262af, L:/127.0.0.1:62321 - R:localhost/127.0.0.1:17429] for POST '/session/1b6e43484dfec07e7ae8788af83f975b/element'
06:31:56.039 [AsyncHttpClient-1-5] DEBUG org.asynchttpclient.netty.handler.HttpHandler - 

Request DefaultHttpRequest(decodeResult: success, version: HTTP/1.1)
POST /session/1b6e43484dfec07e7ae8788af83f975b/element HTTP/1.1
User-Agent: selenium/4.8.1 (java windows)
Content-Length: 106
Content-Type: application/json; charset=utf-8
host: localhost:17429
accept: */*

Response DefaultHttpResponse(decodeResult: success, version: HTTP/1.1)
HTTP/1.1 200 OK
Content-Length: 88
Content-Type: application/json; charset=utf-8
cache-control: no-cache

06:31:56.039 [AsyncHttpClient-1-5] DEBUG org.asynchttpclient.netty.channel.ChannelManager - Adding key: http://localhost:17429 for channel [id: 0x12b262af, L:/127.0.0.1:62321 - R:localhost/127.0.0.1:17429]
06:31:56.044 [Forwarding clickElement on session 1b6e43484dfec07e7ae8788af83f975b to remote] DEBUG org.asynchttpclient.netty.request.NettyRequestSender - Using pooled Channel '[id: 0x12b262af, L:/127.0.0.1:62321 - R:localhost/127.0.0.1:17429]' for 'POST' to 'http://localhost:17429/session/1b6e43484dfec07e7ae8788af83f975b/element/72e51eb9-4288-4fff-9ac6-4bd2e0958605/click'
06:31:56.044 [Forwarding clickElement on session 1b6e43484dfec07e7ae8788af83f975b to remote] DEBUG org.asynchttpclient.netty.request.NettyRequestSender - Using open Channel [id: 0x12b262af, L:/127.0.0.1:62321 - R:localhost/127.0.0.1:17429] for POST '/session/1b6e43484dfec07e7ae8788af83f975b/element/72e51eb9-4288-4fff-9ac6-4bd2e0958605/click'
06:31:56.180 [AsyncHttpClient-1-5] DEBUG org.asynchttpclient.netty.handler.HttpHandler - 

Request DefaultHttpRequest(decodeResult: success, version: HTTP/1.1)
POST /session/1b6e43484dfec07e7ae8788af83f975b/element/72e51eb9-4288-4fff-9ac6-4bd2e0958605/click HTTP/1.1
User-Agent: selenium/4.8.1 (java windows)
Content-Length: 50
Content-Type: application/json; charset=utf-8
host: localhost:17429
accept: */*

Response DefaultHttpResponse(decodeResult: success, version: HTTP/1.1)
HTTP/1.1 200 OK
Content-Length: 14
Content-Type: application/json; charset=utf-8
cache-control: no-cache

06:31:56.180 [AsyncHttpClient-1-5] DEBUG org.asynchttpclient.netty.channel.ChannelManager - Adding key: http://localhost:17429 for channel [id: 0x12b262af, L:/127.0.0.1:62321 - R:localhost/127.0.0.1:17429]
06:31:56.193 [main] DEBUG net.thucydides.core.steps.StepInterceptor - STEP DONE: userClickOnLoginButton
  &amp#27;[32mWhen &amp#27;[0m&amp#27;[32muser click on login button&amp#27;[0m                    &amp#27;[90m# starter.stepdefinitions.UserSteps.userClickOnLoginButton()&amp#27;[0m
06:31:56.226 [main] DEBUG net.thucydides.core.steps.StepInterceptor - STARTING STEP: UserSteps.userOnLoginPage - userOnLoginPage
06:31:56.231 [Forwarding findElement on session 1b6e43484dfec07e7ae8788af83f975b to remote] DEBUG org.asynchttpclient.netty.request.NettyRequestSender - Using pooled Channel '[id: 0x12b262af, L:/127.0.0.1:62321 - R:localhost/127.0.0.1:17429]' for 'POST' to 'http://localhost:17429/session/1b6e43484dfec07e7ae8788af83f975b/element'
06:31:56.232 [Forwarding findElement on session 1b6e43484dfec07e7ae8788af83f975b to remote] DEBUG org.asynchttpclient.netty.request.NettyRequestSender - Using open Channel [id: 0x12b262af, L:/127.0.0.1:62321 - R:localhost/127.0.0.1:17429] for POST '/session/1b6e43484dfec07e7ae8788af83f975b/element'
06:31:56.360 [AsyncHttpClient-1-1] DEBUG org.asynchttpclient.netty.channel.DefaultChannelPool - Entry count for : http://localhost:62322 : 1
06:31:56.762 [AsyncHttpClient-1-5] DEBUG org.asynchttpclient.netty.handler.HttpHandler - 

Request DefaultHttpRequest(decodeResult: success, version: HTTP/1.1)
POST /session/1b6e43484dfec07e7ae8788af83f975b/element HTTP/1.1
User-Agent: selenium/4.8.1 (java windows)
Content-Length: 68
Content-Type: application/json; charset=utf-8
host: localhost:17429
accept: */*

Response DefaultHttpResponse(decodeResult: success, version: HTTP/1.1)
HTTP/1.1 200 OK
Content-Length: 88
Content-Type: application/json; charset=utf-8
cache-control: no-cache

06:31:56.762 [AsyncHttpClient-1-5] DEBUG org.asynchttpclient.netty.channel.ChannelManager - Adding key: http://localhost:17429 for channel [id: 0x12b262af, L:/127.0.0.1:62321 - R:localhost/127.0.0.1:17429]
06:31:56.769 [Forwarding isElementDisplayed on session 1b6e43484dfec07e7ae8788af83f975b to remote] DEBUG org.asynchttpclient.netty.request.NettyRequestSender - Using pooled Channel '[id: 0x12b262af, L:/127.0.0.1:62321 - R:localhost/127.0.0.1:17429]' for 'POST' to 'http://localhost:17429/session/1b6e43484dfec07e7ae8788af83f975b/execute/sync'
06:31:56.769 [Forwarding isElementDisplayed on session 1b6e43484dfec07e7ae8788af83f975b to remote] DEBUG org.asynchttpclient.netty.request.NettyRequestSender - Using open Channel [id: 0x12b262af, L:/127.0.0.1:62321 - R:localhost/127.0.0.1:17429] for POST '/session/1b6e43484dfec07e7ae8788af83f975b/execute/sync'
06:31:56.789 [AsyncHttpClient-1-5] DEBUG org.asynchttpclient.netty.handler.HttpHandler - 

Request DefaultHttpRequest(decodeResult: success, version: HTTP/1.1)
POST /session/1b6e43484dfec07e7ae8788af83f975b/execute/sync HTTP/1.1
User-Agent: selenium/4.8.1 (java windows)
Content-Length: 48807
Content-Type: application/json; charset=utf-8
host: localhost:17429
accept: */*

Response DefaultHttpResponse(decodeResult: success, version: HTTP/1.1)
HTTP/1.1 200 OK
Content-Length: 14
Content-Type: application/json; charset=utf-8
cache-control: no-cache

06:31:56.790 [AsyncHttpClient-1-5] DEBUG org.asynchttpclient.netty.channel.ChannelManager - Adding key: http://localhost:17429 for channel [id: 0x12b262af, L:/127.0.0.1:62321 - R:localhost/127.0.0.1:17429]
06:31:56.795 [Forwarding isElementDisplayed on session 1b6e43484dfec07e7ae8788af83f975b to remote] DEBUG org.asynchttpclient.netty.request.NettyRequestSender - Using pooled Channel '[id: 0x12b262af, L:/127.0.0.1:62321 - R:localhost/127.0.0.1:17429]' for 'POST' to 'http://localhost:17429/session/1b6e43484dfec07e7ae8788af83f975b/execute/sync'
06:31:56.795 [Forwarding isElementDisplayed on session 1b6e43484dfec07e7ae8788af83f975b to remote] DEBUG org.asynchttpclient.netty.request.NettyRequestSender - Using open Channel [id: 0x12b262af, L:/127.0.0.1:62321 - R:localhost/127.0.0.1:17429] for POST '/session/1b6e43484dfec07e7ae8788af83f975b/execute/sync'
06:31:56.816 [AsyncHttpClient-1-5] DEBUG org.asynchttpclient.netty.handler.HttpHandler - 

Request DefaultHttpRequest(decodeResult: success, version: HTTP/1.1)
POST /session/1b6e43484dfec07e7ae8788af83f975b/execute/sync HTTP/1.1
User-Agent: selenium/4.8.1 (java windows)
Content-Length: 48807
Content-Type: application/json; charset=utf-8
host: localhost:17429
accept: */*

Response DefaultHttpResponse(decodeResult: success, version: HTTP/1.1)
HTTP/1.1 200 OK
Content-Length: 14
Content-Type: application/json; charset=utf-8
cache-control: no-cache

06:31:56.816 [AsyncHttpClient-1-5] DEBUG org.asynchttpclient.netty.channel.ChannelManager - Adding key: http://localhost:17429 for channel [id: 0x12b262af, L:/127.0.0.1:62321 - R:localhost/127.0.0.1:17429]
06:31:56.822 [main] DEBUG net.thucydides.core.steps.StepInterceptor - STEP DONE: userOnLoginPage
  &amp#27;[32mAnd &amp#27;[0m&amp#27;[32muser on login page&amp#27;[0m                             &amp#27;[90m# starter.stepdefinitions.UserSteps.userOnLoginPage()&amp#27;[0m
06:31:56.844 [main] DEBUG net.thucydides.core.steps.StepInterceptor - STARTING STEP: UserSteps.userEnterAValidEmail - userEnterAValidEmail
06:31:56.850 [Forwarding findElement on session 1b6e43484dfec07e7ae8788af83f975b to remote] DEBUG org.asynchttpclient.netty.request.NettyRequestSender - Using pooled Channel '[id: 0x12b262af, L:/127.0.0.1:62321 - R:localhost/127.0.0.1:17429]' for 'POST' to 'http://localhost:17429/session/1b6e43484dfec07e7ae8788af83f975b/element'
06:31:56.850 [Forwarding findElement on session 1b6e43484dfec07e7ae8788af83f975b to remote] DEBUG org.asynchttpclient.netty.request.NettyRequestSender - Using open Channel [id: 0x12b262af, L:/127.0.0.1:62321 - R:localhost/127.0.0.1:17429] for POST '/session/1b6e43484dfec07e7ae8788af83f975b/element'
06:31:56.878 [AsyncHttpClient-1-5] DEBUG org.asynchttpclient.netty.handler.HttpHandler - 

Request DefaultHttpRequest(decodeResult: success, version: HTTP/1.1)
POST /session/1b6e43484dfec07e7ae8788af83f975b/element HTTP/1.1
User-Agent: selenium/4.8.1 (java windows)
Content-Length: 106
Content-Type: application/json; charset=utf-8
host: localhost:17429
accept: */*

Response DefaultHttpResponse(decodeResult: success, version: HTTP/1.1)
HTTP/1.1 200 OK
Content-Length: 88
Content-Type: application/json; charset=utf-8
cache-control: no-cache

06:31:56.878 [AsyncHttpClient-1-5] DEBUG org.asynchttpclient.netty.channel.ChannelManager - Adding key: http://localhost:17429 for channel [id: 0x12b262af, L:/127.0.0.1:62321 - R:localhost/127.0.0.1:17429]
06:31:56.882 [Forwarding clearElement on session 1b6e43484dfec07e7ae8788af83f975b to remote] DEBUG org.asynchttpclient.netty.request.NettyRequestSender - Using pooled Channel '[id: 0x12b262af, L:/127.0.0.1:62321 - R:localhost/127.0.0.1:17429]' for 'POST' to 'http://localhost:17429/session/1b6e43484dfec07e7ae8788af83f975b/element/8c98248b-4b0a-402e-917c-4abfb8a13c8d/clear'
06:31:56.882 [Forwarding clearElement on session 1b6e43484dfec07e7ae8788af83f975b to remote] DEBUG org.asynchttpclient.netty.request.NettyRequestSender - Using open Channel [id: 0x12b262af, L:/127.0.0.1:62321 - R:localhost/127.0.0.1:17429] for POST '/session/1b6e43484dfec07e7ae8788af83f975b/element/8c98248b-4b0a-402e-917c-4abfb8a13c8d/clear'
06:31:56.958 [AsyncHttpClient-1-5] DEBUG org.asynchttpclient.netty.handler.HttpHandler - 

Request DefaultHttpRequest(decodeResult: success, version: HTTP/1.1)
POST /session/1b6e43484dfec07e7ae8788af83f975b/element/8c98248b-4b0a-402e-917c-4abfb8a13c8d/clear HTTP/1.1
User-Agent: selenium/4.8.1 (java windows)
Content-Length: 50
Content-Type: application/json; charset=utf-8
host: localhost:17429
accept: */*

Response DefaultHttpResponse(decodeResult: success, version: HTTP/1.1)
HTTP/1.1 200 OK
Content-Length: 14
Content-Type: application/json; charset=utf-8
cache-control: no-cache

06:31:56.958 [AsyncHttpClient-1-5] DEBUG org.asynchttpclient.netty.channel.ChannelManager - Adding key: http://localhost:17429 for channel [id: 0x12b262af, L:/127.0.0.1:62321 - R:localhost/127.0.0.1:17429]
06:31:56.962 [Forwarding sendKeysToElement on session 1b6e43484dfec07e7ae8788af83f975b to remote] DEBUG org.asynchttpclient.netty.request.NettyRequestSender - Using pooled Channel '[id: 0x12b262af, L:/127.0.0.1:62321 - R:localhost/127.0.0.1:17429]' for 'POST' to 'http://localhost:17429/session/1b6e43484dfec07e7ae8788af83f975b/element/8c98248b-4b0a-402e-917c-4abfb8a13c8d/value'
06:31:56.962 [Forwarding sendKeysToElement on session 1b6e43484dfec07e7ae8788af83f975b to remote] DEBUG org.asynchttpclient.netty.request.NettyRequestSender - Using open Channel [id: 0x12b262af, L:/127.0.0.1:62321 - R:localhost/127.0.0.1:17429] for POST '/session/1b6e43484dfec07e7ae8788af83f975b/element/8c98248b-4b0a-402e-917c-4abfb8a13c8d/value'
06:31:57.128 [AsyncHttpClient-1-5] DEBUG org.asynchttpclient.netty.handler.HttpHandler - 

Request DefaultHttpRequest(decodeResult: success, version: HTTP/1.1)
POST /session/1b6e43484dfec07e7ae8788af83f975b/element/8c98248b-4b0a-402e-917c-4abfb8a13c8d/value HTTP/1.1
User-Agent: selenium/4.8.1 (java windows)
Content-Length: 241
Content-Type: application/json; charset=utf-8
host: localhost:17429
accept: */*

Response DefaultHttpResponse(decodeResult: success, version: HTTP/1.1)
HTTP/1.1 200 OK
Content-Length: 14
Content-Type: application/json; charset=utf-8
cache-control: no-cache

06:31:57.129 [AsyncHttpClient-1-5] DEBUG org.asynchttpclient.netty.channel.ChannelManager - Adding key: http://localhost:17429 for channel [id: 0x12b262af, L:/127.0.0.1:62321 - R:localhost/127.0.0.1:17429]
06:31:57.135 [main] DEBUG net.thucydides.core.steps.StepInterceptor - STEP DONE: userEnterAValidEmail
  &amp#27;[32mAnd &amp#27;[0m&amp#27;[32muser enter a valid email&amp#27;[0m                       &amp#27;[90m# starter.stepdefinitions.UserSteps.userEnterAValidEmail()&amp#27;[0m
06:31:57.164 [main] DEBUG net.thucydides.core.steps.StepInterceptor - STARTING STEP: UserSteps.userEnterAValidPassword - userEnterAValidPassword
06:31:57.168 [Forwarding findElement on session 1b6e43484dfec07e7ae8788af83f975b to remote] DEBUG org.asynchttpclient.netty.request.NettyRequestSender - Using pooled Channel '[id: 0x12b262af, L:/127.0.0.1:62321 - R:localhost/127.0.0.1:17429]' for 'POST' to 'http://localhost:17429/session/1b6e43484dfec07e7ae8788af83f975b/element'
06:31:57.168 [Forwarding findElement on session 1b6e43484dfec07e7ae8788af83f975b to remote] DEBUG org.asynchttpclient.netty.request.NettyRequestSender - Using open Channel [id: 0x12b262af, L:/127.0.0.1:62321 - R:localhost/127.0.0.1:17429] for POST '/session/1b6e43484dfec07e7ae8788af83f975b/element'
06:31:57.202 [AsyncHttpClient-1-5] DEBUG org.asynchttpclient.netty.handler.HttpHandler - 

Request DefaultHttpRequest(decodeResult: success, version: HTTP/1.1)
POST /session/1b6e43484dfec07e7ae8788af83f975b/element HTTP/1.1
User-Agent: selenium/4.8.1 (java windows)
Content-Length: 109
Content-Type: application/json; charset=utf-8
host: localhost:17429
accept: */*

Response DefaultHttpResponse(decodeResult: success, version: HTTP/1.1)
HTTP/1.1 200 OK
Content-Length: 88
Content-Type: application/json; charset=utf-8
cache-control: no-cache

06:31:57.203 [AsyncHttpClient-1-5] DEBUG org.asynchttpclient.netty.channel.ChannelManager - Adding key: http://localhost:17429 for channel [id: 0x12b262af, L:/127.0.0.1:62321 - R:localhost/127.0.0.1:17429]
06:31:57.206 [Forwarding clearElement on session 1b6e43484dfec07e7ae8788af83f975b to remote] DEBUG org.asynchttpclient.netty.request.NettyRequestSender - Using pooled Channel '[id: 0x12b262af, L:/127.0.0.1:62321 - R:localhost/127.0.0.1:17429]' for 'POST' to 'http://localhost:17429/session/1b6e43484dfec07e7ae8788af83f975b/element/5ec859c2-19db-4f3b-8ecd-5af621e7a3eb/clear'
06:31:57.206 [Forwarding clearElement on session 1b6e43484dfec07e7ae8788af83f975b to remote] DEBUG org.asynchttpclient.netty.request.NettyRequestSender - Using open Channel [id: 0x12b262af, L:/127.0.0.1:62321 - R:localhost/127.0.0.1:17429] for POST '/session/1b6e43484dfec07e7ae8788af83f975b/element/5ec859c2-19db-4f3b-8ecd-5af621e7a3eb/clear'
06:31:57.277 [AsyncHttpClient-1-5] DEBUG org.asynchttpclient.netty.handler.HttpHandler - 

Request DefaultHttpRequest(decodeResult: success, version: HTTP/1.1)
POST /session/1b6e43484dfec07e7ae8788af83f975b/element/5ec859c2-19db-4f3b-8ecd-5af621e7a3eb/clear HTTP/1.1
User-Agent: selenium/4.8.1 (java windows)
Content-Length: 50
Content-Type: application/json; charset=utf-8
host: localhost:17429
accept: */*

Response DefaultHttpResponse(decodeResult: success, version: HTTP/1.1)
HTTP/1.1 200 OK
Content-Length: 14
Content-Type: application/json; charset=utf-8
cache-control: no-cache

06:31:57.277 [AsyncHttpClient-1-5] DEBUG org.asynchttpclient.netty.channel.ChannelManager - Adding key: http://localhost:17429 for channel [id: 0x12b262af, L:/127.0.0.1:62321 - R:localhost/127.0.0.1:17429]
06:31:57.282 [Forwarding sendKeysToElement on session 1b6e43484dfec07e7ae8788af83f975b to remote] DEBUG org.asynchttpclient.netty.request.NettyRequestSender - Using pooled Channel '[id: 0x12b262af, L:/127.0.0.1:62321 - R:localhost/127.0.0.1:17429]' for 'POST' to 'http://localhost:17429/session/1b6e43484dfec07e7ae8788af83f975b/element/5ec859c2-19db-4f3b-8ecd-5af621e7a3eb/value'
06:31:57.282 [Forwarding sendKeysToElement on session 1b6e43484dfec07e7ae8788af83f975b to remote] DEBUG org.asynchttpclient.netty.request.NettyRequestSender - Using open Channel [id: 0x12b262af, L:/127.0.0.1:62321 - R:localhost/127.0.0.1:17429] for POST '/session/1b6e43484dfec07e7ae8788af83f975b/element/5ec859c2-19db-4f3b-8ecd-5af621e7a3eb/value'
06:31:57.381 [AsyncHttpClient-1-5] DEBUG org.asynchttpclient.netty.handler.HttpHandler - 

Request DefaultHttpRequest(decodeResult: success, version: HTTP/1.1)
POST /session/1b6e43484dfec07e7ae8788af83f975b/element/5ec859c2-19db-4f3b-8ecd-5af621e7a3eb/value HTTP/1.1
User-Agent: selenium/4.8.1 (java windows)
Content-Length: 111
Content-Type: application/json; charset=utf-8
host: localhost:17429
accept: */*

Response DefaultHttpResponse(decodeResult: success, version: HTTP/1.1)
HTTP/1.1 200 OK
Content-Length: 14
Content-Type: application/json; charset=utf-8
cache-control: no-cache

06:31:57.381 [AsyncHttpClient-1-5] DEBUG org.asynchttpclient.netty.channel.ChannelManager - Adding key: http://localhost:17429 for channel [id: 0x12b262af, L:/127.0.0.1:62321 - R:localhost/127.0.0.1:17429]
06:31:57.391 [main] DEBUG net.thucydides.core.steps.StepInterceptor - STEP DONE: userEnterAValidPassword
  &amp#27;[32mAnd &amp#27;[0m&amp#27;[32muser enter a valid password&amp#27;[0m                    &amp#27;[90m# starter.stepdefinitions.UserSteps.userEnterAValidPassword()&amp#27;[0m
06:31:57.412 [main] DEBUG net.thucydides.core.steps.StepInterceptor - STARTING STEP: UserSteps.userClickOnLoginButton - userClickOnLoginButton
06:31:57.422 [Forwarding findElement on session 1b6e43484dfec07e7ae8788af83f975b to remote] DEBUG org.asynchttpclient.netty.request.NettyRequestSender - Using pooled Channel '[id: 0x12b262af, L:/127.0.0.1:62321 - R:localhost/127.0.0.1:17429]' for 'POST' to 'http://localhost:17429/session/1b6e43484dfec07e7ae8788af83f975b/element'
06:31:57.423 [Forwarding findElement on session 1b6e43484dfec07e7ae8788af83f975b to remote] DEBUG org.asynchttpclient.netty.request.NettyRequestSender - Using open Channel [id: 0x12b262af, L:/127.0.0.1:62321 - R:localhost/127.0.0.1:17429] for POST '/session/1b6e43484dfec07e7ae8788af83f975b/element'
06:31:57.441 [AsyncHttpClient-1-5] DEBUG org.asynchttpclient.netty.handler.HttpHandler - 

Request DefaultHttpRequest(decodeResult: success, version: HTTP/1.1)
POST /session/1b6e43484dfec07e7ae8788af83f975b/element HTTP/1.1
User-Agent: selenium/4.8.1 (java windows)
Content-Length: 106
Content-Type: application/json; charset=utf-8
host: localhost:17429
accept: */*

Response DefaultHttpResponse(decodeResult: success, version: HTTP/1.1)
HTTP/1.1 200 OK
Content-Length: 88
Content-Type: application/json; charset=utf-8
cache-control: no-cache

06:31:57.442 [AsyncHttpClient-1-5] DEBUG org.asynchttpclient.netty.channel.ChannelManager - Adding key: http://localhost:17429 for channel [id: 0x12b262af, L:/127.0.0.1:62321 - R:localhost/127.0.0.1:17429]
06:31:57.445 [Forwarding getElementTagName on session 1b6e43484dfec07e7ae8788af83f975b to remote] DEBUG org.asynchttpclient.netty.request.NettyRequestSender - Using pooled Channel '[id: 0x12b262af, L:/127.0.0.1:62321 - R:localhost/127.0.0.1:17429]' for 'GET' to 'http://localhost:17429/session/1b6e43484dfec07e7ae8788af83f975b/element/72e51eb9-4288-4fff-9ac6-4bd2e0958605/name'
06:31:57.445 [Forwarding getElementTagName on session 1b6e43484dfec07e7ae8788af83f975b to remote] DEBUG org.asynchttpclient.netty.request.NettyRequestSender - Using open Channel [id: 0x12b262af, L:/127.0.0.1:62321 - R:localhost/127.0.0.1:17429] for GET '/session/1b6e43484dfec07e7ae8788af83f975b/element/72e51eb9-4288-4fff-9ac6-4bd2e0958605/name'
06:31:57.453 [AsyncHttpClient-1-5] DEBUG org.asynchttpclient.netty.handler.HttpHandler - 

Request DefaultFullHttpRequest(decodeResult: success, version: HTTP/1.1, content: EmptyByteBufBE)
GET /session/1b6e43484dfec07e7ae8788af83f975b/element/72e51eb9-4288-4fff-9ac6-4bd2e0958605/name HTTP/1.1
User-Agent: selenium/4.8.1 (java windows)
Cache-Control: no-cache
Content-Type: application/json; charset=utf-8
host: localhost:17429
accept: */*

Response DefaultHttpResponse(decodeResult: success, version: HTTP/1.1)
HTTP/1.1 200 OK
Content-Length: 13
Content-Type: application/json; charset=utf-8
cache-control: no-cache

06:31:57.453 [AsyncHttpClient-1-5] DEBUG org.asynchttpclient.netty.channel.ChannelManager - Adding key: http://localhost:17429 for channel [id: 0x12b262af, L:/127.0.0.1:62321 - R:localhost/127.0.0.1:17429]
06:31:57.457 [Forwarding getElementTagName on session 1b6e43484dfec07e7ae8788af83f975b to remote] DEBUG org.asynchttpclient.netty.request.NettyRequestSender - Using pooled Channel '[id: 0x12b262af, L:/127.0.0.1:62321 - R:localhost/127.0.0.1:17429]' for 'GET' to 'http://localhost:17429/session/1b6e43484dfec07e7ae8788af83f975b/element/72e51eb9-4288-4fff-9ac6-4bd2e0958605/name'
06:31:57.457 [Forwarding getElementTagName on session 1b6e43484dfec07e7ae8788af83f975b to remote] DEBUG org.asynchttpclient.netty.request.NettyRequestSender - Using open Channel [id: 0x12b262af, L:/127.0.0.1:62321 - R:localhost/127.0.0.1:17429] for GET '/session/1b6e43484dfec07e7ae8788af83f975b/element/72e51eb9-4288-4fff-9ac6-4bd2e0958605/name'
06:31:57.464 [AsyncHttpClient-1-1] DEBUG org.asynchttpclient.netty.channel.DefaultChannelPool - Entry count for : http://localhost:62322 : 1
06:31:57.464 [AsyncHttpClient-1-5] DEBUG org.asynchttpclient.netty.handler.HttpHandler - 

Request DefaultFullHttpRequest(decodeResult: success, version: HTTP/1.1, content: EmptyByteBufBE)
GET /session/1b6e43484dfec07e7ae8788af83f975b/element/72e51eb9-4288-4fff-9ac6-4bd2e0958605/name HTTP/1.1
User-Agent: selenium/4.8.1 (java windows)
Cache-Control: no-cache
Content-Type: application/json; charset=utf-8
host: localhost:17429
accept: */*

Response DefaultHttpResponse(decodeResult: success, version: HTTP/1.1)
HTTP/1.1 200 OK
Content-Length: 13
Content-Type: application/json; charset=utf-8
cache-control: no-cache

06:31:57.464 [AsyncHttpClient-1-5] DEBUG org.asynchttpclient.netty.channel.ChannelManager - Adding key: http://localhost:17429 for channel [id: 0x12b262af, L:/127.0.0.1:62321 - R:localhost/127.0.0.1:17429]
06:31:57.468 [Forwarding findElement on session 1b6e43484dfec07e7ae8788af83f975b to remote] DEBUG org.asynchttpclient.netty.request.NettyRequestSender - Using pooled Channel '[id: 0x12b262af, L:/127.0.0.1:62321 - R:localhost/127.0.0.1:17429]' for 'POST' to 'http://localhost:17429/session/1b6e43484dfec07e7ae8788af83f975b/element'
06:31:57.468 [Forwarding findElement on session 1b6e43484dfec07e7ae8788af83f975b to remote] DEBUG org.asynchttpclient.netty.request.NettyRequestSender - Using open Channel [id: 0x12b262af, L:/127.0.0.1:62321 - R:localhost/127.0.0.1:17429] for POST '/session/1b6e43484dfec07e7ae8788af83f975b/element'
06:31:57.483 [AsyncHttpClient-1-5] DEBUG org.asynchttpclient.netty.handler.HttpHandler - 

Request DefaultHttpRequest(decodeResult: success, version: HTTP/1.1)
POST /session/1b6e43484dfec07e7ae8788af83f975b/element HTTP/1.1
User-Agent: selenium/4.8.1 (java windows)
Content-Length: 106
Content-Type: application/json; charset=utf-8
host: localhost:17429
accept: */*

Response DefaultHttpResponse(decodeResult: success, version: HTTP/1.1)
HTTP/1.1 200 OK
Content-Length: 88
Content-Type: application/json; charset=utf-8
cache-control: no-cache

06:31:57.484 [AsyncHttpClient-1-5] DEBUG org.asynchttpclient.netty.channel.ChannelManager - Adding key: http://localhost:17429 for channel [id: 0x12b262af, L:/127.0.0.1:62321 - R:localhost/127.0.0.1:17429]
06:31:57.487 [Forwarding clickElement on session 1b6e43484dfec07e7ae8788af83f975b to remote] DEBUG org.asynchttpclient.netty.request.NettyRequestSender - Using pooled Channel '[id: 0x12b262af, L:/127.0.0.1:62321 - R:localhost/127.0.0.1:17429]' for 'POST' to 'http://localhost:17429/session/1b6e43484dfec07e7ae8788af83f975b/element/72e51eb9-4288-4fff-9ac6-4bd2e0958605/click'
06:31:57.488 [Forwarding clickElement on session 1b6e43484dfec07e7ae8788af83f975b to remote] DEBUG org.asynchttpclient.netty.request.NettyRequestSender - Using open Channel [id: 0x12b262af, L:/127.0.0.1:62321 - R:localhost/127.0.0.1:17429] for POST '/session/1b6e43484dfec07e7ae8788af83f975b/element/72e51eb9-4288-4fff-9ac6-4bd2e0958605/click'
06:31:57.536 [AsyncHttpClient-1-5] DEBUG org.asynchttpclient.netty.handler.HttpHandler - 

Request DefaultHttpRequest(decodeResult: success, version: HTTP/1.1)
POST /session/1b6e43484dfec07e7ae8788af83f975b/element/72e51eb9-4288-4fff-9ac6-4bd2e0958605/click HTTP/1.1
User-Agent: selenium/4.8.1 (java windows)
Content-Length: 50
Content-Type: application/json; charset=utf-8
host: localhost:17429
accept: */*

Response DefaultHttpResponse(decodeResult: success, version: HTTP/1.1)
HTTP/1.1 200 OK
Content-Length: 14
Content-Type: application/json; charset=utf-8
cache-control: no-cache

06:31:57.536 [AsyncHttpClient-1-5] DEBUG org.asynchttpclient.netty.channel.ChannelManager - Adding key: http://localhost:17429 for channel [id: 0x12b262af, L:/127.0.0.1:62321 - R:localhost/127.0.0.1:17429]
06:31:57.545 [main] DEBUG net.thucydides.core.steps.StepInterceptor - STEP DONE: userClickOnLoginButton
  &amp#27;[32mAnd &amp#27;[0m&amp#27;[32muser click on login button&amp#27;[0m                     &amp#27;[90m# starter.stepdefinitions.UserSteps.userClickOnLoginButton()&amp#27;[0m
06:31:57.566 [main] DEBUG net.thucydides.core.steps.StepInterceptor - STARTING STEP: UserSteps.userOnMainPage - userOnMainPage
06:31:57.570 [Forwarding get on session 1b6e43484dfec07e7ae8788af83f975b to remote] DEBUG org.asynchttpclient.netty.request.NettyRequestSender - Using pooled Channel '[id: 0x12b262af, L:/127.0.0.1:62321 - R:localhost/127.0.0.1:17429]' for 'POST' to 'http://localhost:17429/session/1b6e43484dfec07e7ae8788af83f975b/url'
06:31:57.570 [Forwarding get on session 1b6e43484dfec07e7ae8788af83f975b to remote] DEBUG org.asynchttpclient.netty.request.NettyRequestSender - Using open Channel [id: 0x12b262af, L:/127.0.0.1:62321 - R:localhost/127.0.0.1:17429] for POST '/session/1b6e43484dfec07e7ae8788af83f975b/url'
06:31:58.149 [AsyncHttpClient-1-5] DEBUG org.asynchttpclient.netty.handler.HttpHandler - 

Request DefaultHttpRequest(decodeResult: success, version: HTTP/1.1)
POST /session/1b6e43484dfec07e7ae8788af83f975b/url HTTP/1.1
User-Agent: selenium/4.8.1 (java windows)
Content-Length: 59
Content-Type: application/json; charset=utf-8
host: localhost:17429
accept: */*

Response DefaultHttpResponse(decodeResult: success, version: HTTP/1.1)
HTTP/1.1 200 OK
Content-Length: 14
Content-Type: application/json; charset=utf-8
cache-control: no-cache

06:31:58.149 [AsyncHttpClient-1-5] DEBUG org.asynchttpclient.netty.channel.ChannelManager - Adding key: http://localhost:17429 for channel [id: 0x12b262af, L:/127.0.0.1:62321 - R:localhost/127.0.0.1:17429]
06:31:58.160 [Forwarding findElement on session 1b6e43484dfec07e7ae8788af83f975b to remote] DEBUG org.asynchttpclient.netty.request.NettyRequestSender - Using pooled Channel '[id: 0x12b262af, L:/127.0.0.1:62321 - R:localhost/127.0.0.1:17429]' for 'POST' to 'http://localhost:17429/session/1b6e43484dfec07e7ae8788af83f975b/element'
06:31:58.160 [Forwarding findElement on session 1b6e43484dfec07e7ae8788af83f975b to remote] DEBUG org.asynchttpclient.netty.request.NettyRequestSender - Using open Channel [id: 0x12b262af, L:/127.0.0.1:62321 - R:localhost/127.0.0.1:17429] for POST '/session/1b6e43484dfec07e7ae8788af83f975b/element'
06:31:58.179 [AsyncHttpClient-1-5] DEBUG org.asynchttpclient.netty.handler.HttpHandler - 

Request DefaultHttpRequest(decodeResult: success, version: HTTP/1.1)
POST /session/1b6e43484dfec07e7ae8788af83f975b/element HTTP/1.1
User-Agent: selenium/4.8.1 (java windows)
Content-Length: 70
Content-Type: application/json; charset=utf-8
host: localhost:17429
accept: */*

Response DefaultHttpResponse(decodeResult: success, version: HTTP/1.1)
HTTP/1.1 200 OK
Content-Length: 88
Content-Type: application/json; charset=utf-8
cache-control: no-cache

06:31:58.180 [AsyncHttpClient-1-5] DEBUG org.asynchttpclient.netty.channel.ChannelManager - Adding key: http://localhost:17429 for channel [id: 0x12b262af, L:/127.0.0.1:62321 - R:localhost/127.0.0.1:17429]
06:31:58.189 [Forwarding isElementDisplayed on session 1b6e43484dfec07e7ae8788af83f975b to remote] DEBUG org.asynchttpclient.netty.request.NettyRequestSender - Using pooled Channel '[id: 0x12b262af, L:/127.0.0.1:62321 - R:localhost/127.0.0.1:17429]' for 'POST' to 'http://localhost:17429/session/1b6e43484dfec07e7ae8788af83f975b/execute/sync'
06:31:58.189 [Forwarding isElementDisplayed on session 1b6e43484dfec07e7ae8788af83f975b to remote] DEBUG org.asynchttpclient.netty.request.NettyRequestSender - Using open Channel [id: 0x12b262af, L:/127.0.0.1:62321 - R:localhost/127.0.0.1:17429] for POST '/session/1b6e43484dfec07e7ae8788af83f975b/execute/sync'
06:31:58.251 [AsyncHttpClient-1-5] DEBUG org.asynchttpclient.netty.handler.HttpHandler - 

Request DefaultHttpRequest(decodeResult: success, version: HTTP/1.1)
POST /session/1b6e43484dfec07e7ae8788af83f975b/execute/sync HTTP/1.1
User-Agent: selenium/4.8.1 (java windows)
Content-Length: 48807
Content-Type: application/json; charset=utf-8
host: localhost:17429
accept: */*

Response DefaultHttpResponse(decodeResult: success, version: HTTP/1.1)
HTTP/1.1 200 OK
Content-Length: 14
Content-Type: application/json; charset=utf-8
cache-control: no-cache

06:31:58.251 [AsyncHttpClient-1-5] DEBUG org.asynchttpclient.netty.channel.ChannelManager - Adding key: http://localhost:17429 for channel [id: 0x12b262af, L:/127.0.0.1:62321 - R:localhost/127.0.0.1:17429]
06:31:58.258 [Forwarding isElementDisplayed on session 1b6e43484dfec07e7ae8788af83f975b to remote] DEBUG org.asynchttpclient.netty.request.NettyRequestSender - Using pooled Channel '[id: 0x12b262af, L:/127.0.0.1:62321 - R:localhost/127.0.0.1:17429]' for 'POST' to 'http://localhost:17429/session/1b6e43484dfec07e7ae8788af83f975b/execute/sync'
06:31:58.258 [Forwarding isElementDisplayed on session 1b6e43484dfec07e7ae8788af83f975b to remote] DEBUG org.asynchttpclient.netty.request.NettyRequestSender - Using open Channel [id: 0x12b262af, L:/127.0.0.1:62321 - R:localhost/127.0.0.1:17429] for POST '/session/1b6e43484dfec07e7ae8788af83f975b/execute/sync'
06:31:58.277 [AsyncHttpClient-1-5] DEBUG org.asynchttpclient.netty.handler.HttpHandler - 

Request DefaultHttpRequest(decodeResult: success, version: HTTP/1.1)
POST /session/1b6e43484dfec07e7ae8788af83f975b/execute/sync HTTP/1.1
User-Agent: selenium/4.8.1 (java windows)
Content-Length: 48807
Content-Type: application/json; charset=utf-8
host: localhost:17429
accept: */*

Response DefaultHttpResponse(decodeResult: success, version: HTTP/1.1)
HTTP/1.1 200 OK
Content-Length: 14
Content-Type: application/json; charset=utf-8
cache-control: no-cache

06:31:58.277 [AsyncHttpClient-1-5] DEBUG org.asynchttpclient.netty.channel.ChannelManager - Adding key: http://localhost:17429 for channel [id: 0x12b262af, L:/127.0.0.1:62321 - R:localhost/127.0.0.1:17429]
06:31:58.281 [main] DEBUG net.thucydides.core.steps.StepInterceptor - STEP DONE: userOnMainPage
  &amp#27;[32mThen &amp#27;[0m&amp#27;[32muser on main page&amp#27;[0m                             &amp#27;[90m# starter.stepdefinitions.UserSteps.userOnMainPage()&amp#27;[0m
06:31:58.289 [main] INFO  - 
  _____   ___   ___   _____     ___     _     ___   ___   ___   ___  
 |_   _| | __| / __| |_   _|   | _ \   /_\   / __| / __| | __| |   \ 
   | |   | _|  \__ \   | |     |  _/  / _ \  \__ \ \__ \ | _|  | |) |
   |_|   |___| |___/   |_|     |_|   /_/ \_\ |___/ |___/ |___| |___/ 

as a user I want to login and successfully
----------------------------------------------------------------------
06:31:58.292 [AsyncHttpClient-1-7] DEBUG org.asynchttpclient.netty.handler.WebSocketHandler - Channel Closed: [id: 0xb1d24c17, L:/127.0.0.1:62329 ! R:localhost/127.0.0.1:62322] with attribute NettyResponseFuture{currentRetry=0,
	isDone=1,
	isCancelled=0,
	asyncHandler=org.asynchttpclient.ws.WebSocketUpgradeHandler@11548a2c,
	nettyRequest=org.asynchttpclient.netty.request.NettyRequest@54560662,
	future=java.util.concurrent.CompletableFuture@280cabb5[Completed normally],
	uri=ws://localhost:62322/devtools/browser/606dae08-9d6a-4d1d-a85b-d5c87551212b,
	keepAlive=true,
	redirectCount=0,
	timeoutsHolder=null,
	inAuth=0,
	touch=1683588709394}
06:31:58.292 [Driver Command Executor] DEBUG org.asynchttpclient.netty.request.NettyRequestSender - Using pooled Channel '[id: 0x12b262af, L:/127.0.0.1:62321 - R:localhost/127.0.0.1:17429]' for 'DELETE' to 'http://localhost:17429/session/1b6e43484dfec07e7ae8788af83f975b'
06:31:58.292 [Driver Command Executor] DEBUG org.asynchttpclient.netty.request.NettyRequestSender - Using open Channel [id: 0x12b262af, L:/127.0.0.1:62321 - R:localhost/127.0.0.1:17429] for DELETE '/session/1b6e43484dfec07e7ae8788af83f975b'
06:31:58.294 [AsyncHttpClient-1-7] DEBUG org.asynchttpclient.netty.channel.ChannelManager - Closing Channel [id: 0xb1d24c17, L:/127.0.0.1:62329 ! R:localhost/127.0.0.1:62322] 
06:31:58.329 [AsyncHttpClient-1-6] DEBUG org.asynchttpclient.netty.handler.HttpHandler - Unexpected I/O exception on channel [id: 0xaaceff1d, L:/127.0.0.1:62328 - R:localhost/127.0.0.1:62322]
java.net.SocketException: Connection reset
	at java.base/sun.nio.ch.SocketChannelImpl.throwConnectionReset(SocketChannelImpl.java:345)
	at java.base/sun.nio.ch.SocketChannelImpl.read(SocketChannelImpl.java:376)
	at io.netty.buffer.PooledByteBuf.setBytes(PooledByteBuf.java:259)
	at io.netty.buffer.AbstractByteBuf.writeBytes(AbstractByteBuf.java:1132)
	at io.netty.channel.socket.nio.NioSocketChannel.doReadBytes(NioSocketChannel.java:357)
	at io.netty.channel.nio.AbstractNioByteChannel$NioByteUnsafe.read(AbstractNioByteChannel.java:151)
	at io.netty.channel.nio.NioEventLoop.processSelectedKey(NioEventLoop.java:788)
	at io.netty.channel.nio.NioEventLoop.processSelectedKeysOptimized(NioEventLoop.java:724)
	at io.netty.channel.nio.NioEventLoop.processSelectedKeys(NioEventLoop.java:650)
	at io.netty.channel.nio.NioEventLoop.run(NioEventLoop.java:562)
	at io.netty.util.concurrent.SingleThreadEventExecutor$4.run(SingleThreadEventExecutor.java:997)
	at io.netty.util.internal.ThreadExecutorMap$2.run(ThreadExecutorMap.java:74)
	at io.netty.util.concurrent.FastThreadLocalRunnable.run(FastThreadLocalRunnable.java:30)
	at java.base/java.lang.Thread.run(Thread.java:832)
06:31:58.329 [AsyncHttpClient-1-6] DEBUG org.asynchttpclient.netty.channel.ChannelManager - Closing Channel [id: 0xaaceff1d, L:/127.0.0.1:62328 - R:localhost/127.0.0.1:62322] 
06:31:58.329 [AsyncHttpClient-1-6] DEBUG org.asynchttpclient.netty.handler.HttpHandler - Channel Closed: [id: 0xaaceff1d, L:/127.0.0.1:62328 ! R:localhost/127.0.0.1:62322] with attribute DISCARD
06:31:58.350 [AsyncHttpClient-1-5] DEBUG org.asynchttpclient.netty.handler.HttpHandler - 

Request DefaultFullHttpRequest(decodeResult: success, version: HTTP/1.1, content: EmptyByteBufBE)
DELETE /session/1b6e43484dfec07e7ae8788af83f975b HTTP/1.1
User-Agent: selenium/4.8.1 (java windows)
Content-Type: application/json; charset=utf-8
host: localhost:17429
accept: */*

Response DefaultHttpResponse(decodeResult: success, version: HTTP/1.1)
HTTP/1.1 200 OK
Content-Length: 14
Content-Type: application/json; charset=utf-8
cache-control: no-cache

06:31:58.351 [AsyncHttpClient-1-5] DEBUG org.asynchttpclient.netty.channel.ChannelManager - Adding key: http://localhost:17429 for channel [id: 0x12b262af, L:/127.0.0.1:62321 - R:localhost/127.0.0.1:17429]
06:31:58.564 [AsyncHttpClient-1-1] DEBUG org.asynchttpclient.netty.channel.DefaultChannelPool - Entry count for : http://localhost:62322 : 1
06:31:58.564 [AsyncHttpClient-1-1] DEBUG org.asynchttpclient.netty.channel.DefaultChannelPool - Entry count for : http://localhost:17429 : 1
06:31:58.564 [AsyncHttpClient-1-1] DEBUG org.asynchttpclient.netty.channel.DefaultChannelPool - Adding Candidate expired Channel [id: 0xaaceff1d, L:/127.0.0.1:62328 ! R:localhost/127.0.0.1:62322] isIdleTimeoutExpired=false isRemotelyClosed=true isTtlExpired=false
06:31:58.565 [AsyncHttpClient-1-1] DEBUG org.asynchttpclient.netty.channel.DefaultChannelPool - Closing Idle Channel [id: 0xaaceff1d, L:/127.0.0.1:62328 ! R:localhost/127.0.0.1:62322]
06:31:58.565 [AsyncHttpClient-1-1] DEBUG org.asynchttpclient.netty.channel.DefaultChannelPool - Closed 1 connections out of 2 in 1 ms
06:31:59.009 [AsyncHttpClient-1-5] DEBUG org.asynchttpclient.netty.handler.HttpHandler - Channel Closed: [id: 0x12b262af, L:/127.0.0.1:62321 ! R:localhost/127.0.0.1:17429] with attribute DISCARD
]]></system-out>
    <system-err><![CDATA[Starting ChromeDriver 112.0.5615.49 (bd2a7bcb881c11e8cfe3078709382934e3916914-refs/branch-heads/5615@{#936}) on port 17429
Only local connections are allowed.
Please see https://chromedriver.chromium.org/security-considerations for suggestions on keeping ChromeDriver safe.
ChromeDriver was started successfully.
May 09, 2023 6:31:49 AM org.openqa.selenium.devtools.CdpVersionFinder findNearestMatch
WARNING: Unable to find an exact match for CDP version 112, so returning the closest version found: 110
]]></system-err>
  </testcase>
  <testcase name="as a user I want to see product details" classname="As a user" time="18.633">
    <system-out><![CDATA[
@TC-006
Scenario: as a user I want to see product details          &amp#27;[90m# src/test/resources/features/user.feature:29&amp#27;[0m
06:31:59.576 [main] DEBUG io.cucumber.core.plugin.SerenityReporter - Running feature from file:///C:/Users/Lenovo/IdeaProjects/MiniProject/MiniProjectWeb/src/test/resources/features/user.feature
06:31:59.585 [main] INFO  - 
  _____   ___   ___   _____     ___   _____     _     ___   _____   ___   ___  
 |_   _| | __| / __| |_   _|   / __| |_   _|   /_\   | _ \ |_   _| | __| |   \ 
   | |   | _|  \__ \   | |     \__ \   | |    / _ \  |   /   | |   | _|  | |) |
   |_|   |___| |___/   |_|     |___/   |_|   /_/ \_\ |_|_\   |_|   |___| |___/ 

as a user I want to see product details(as-a-user;as-a-user-i-want-to-see-product-details)
--------------------------------------------------------------------------------
06:31:59.659 [AsyncHttpClient-1-1] DEBUG org.asynchttpclient.netty.channel.DefaultChannelPool - Entry count for : http://localhost:17429 : 1
06:31:59.659 [AsyncHttpClient-1-1] DEBUG org.asynchttpclient.netty.channel.DefaultChannelPool - Adding Candidate expired Channel [id: 0x12b262af, L:/127.0.0.1:62321 ! R:localhost/127.0.0.1:17429] isIdleTimeoutExpired=false isRemotelyClosed=true isTtlExpired=false
06:31:59.659 [AsyncHttpClient-1-1] DEBUG org.asynchttpclient.netty.channel.DefaultChannelPool - Closing Idle Channel [id: 0x12b262af, L:/127.0.0.1:62321 ! R:localhost/127.0.0.1:17429]
06:31:59.660 [AsyncHttpClient-1-1] DEBUG org.asynchttpclient.netty.channel.DefaultChannelPool - Closed 1 connections out of 1 in 0 ms
06:31:59.774 [main] DEBUG net.thucydides.core.steps.StepInterceptor - STARTING STEP: UserSteps.userOnMainPage - userOnMainPage
06:31:59.931 [main] INFO net.serenitybdd.core.webdriver.driverproviders.ChromeDriverProvider - Starting Chrome driver instance with capabilities:
06:31:59.931 [main] INFO net.serenitybdd.core.webdriver.driverproviders.ChromeDriverProvider - Capabilities {acceptInsecureCerts: true, browserName: chrome, goog:chromeOptions: {args: [remote-allow-origins=*, test-type, no-sandbox, ignore-certificate-errors, start-maximized, incognito, disable-infobars, disable-gpu, disable-default-apps, disable-popup-blocking, remote-allow-origins=*, test-type, no-sandbox, ignore-certificate-errors, start-maximized, incognito, disable-infobars, disable-gpu, disable-default-apps, disable-popup-blocking, remote-allow-origins=*], extensions: []}}
06:32:00.563 [AsyncHttpClient-1-8] DEBUG org.asynchttpclient.netty.channel.NettyConnectListener - Using new Channel '[id: 0x953bbb1e, L:/127.0.0.1:62345 - R:localhost/127.0.0.1:32166]' for 'POST' to '/session'
06:32:01.571 [AsyncHttpClient-1-8] DEBUG org.asynchttpclient.netty.handler.HttpHandler - 

Request DefaultHttpRequest(decodeResult: success, version: HTTP/1.1)
POST /session HTTP/1.1
User-Agent: selenium/4.8.1 (java windows)
Content-Length: 1701
Content-Type: application/json; charset=utf-8
host: localhost:32166
accept: */*

Response DefaultHttpResponse(decodeResult: success, version: HTTP/1.1)
HTTP/1.1 200 OK
Content-Length: 859
Content-Type: application/json; charset=utf-8
cache-control: no-cache

06:32:01.572 [AsyncHttpClient-1-8] DEBUG org.asynchttpclient.netty.channel.ChannelManager - Adding key: http://localhost:32166 for channel [id: 0x953bbb1e, L:/127.0.0.1:62345 - R:localhost/127.0.0.1:32166]
06:32:01.595 [AsyncHttpClient-1-9] DEBUG org.asynchttpclient.netty.channel.NettyConnectListener - Using new Channel '[id: 0x3330b4cf, L:/127.0.0.1:62352 - R:localhost/127.0.0.1:62346]' for 'GET' to '/json/version'
06:32:01.601 [AsyncHttpClient-1-9] DEBUG org.asynchttpclient.netty.handler.HttpHandler - 

Request DefaultFullHttpRequest(decodeResult: success, version: HTTP/1.1, content: EmptyByteBufBE)
GET /json/version HTTP/1.1
User-Agent: selenium/4.8.1 (java windows)
host: localhost:62346
accept: */*

Response DefaultHttpResponse(decodeResult: success, version: HTTP/1.1)
HTTP/1.1 200 OK
Content-Security-Policy: frame-ancestors 'none'
Content-Length: 424
Content-Type: application/json; charset=UTF-8

06:32:01.601 [AsyncHttpClient-1-9] DEBUG org.asynchttpclient.netty.channel.ChannelManager - Adding key: http://localhost:62346 for channel [id: 0x3330b4cf, L:/127.0.0.1:62352 - R:localhost/127.0.0.1:62346]
06:32:01.611 [AsyncHttpClient-1-10] DEBUG org.asynchttpclient.netty.channel.NettyConnectListener - Using new Channel '[id: 0x548fcb7c, L:/127.0.0.1:62353 - R:localhost/127.0.0.1:62346]' for 'GET' to '/devtools/browser/4313bcfe-718c-4dfd-b9e6-6142f8ec6eb4'
06:32:01.616 [AsyncHttpClient-1-10] DEBUG org.asynchttpclient.netty.handler.WebSocketHandler - 

Request DefaultFullHttpRequest(decodeResult: success, version: HTTP/1.1, content: EmptyByteBufBE)
GET /devtools/browser/4313bcfe-718c-4dfd-b9e6-6142f8ec6eb4 HTTP/1.1
upgrade: websocket
connection: upgrade
sec-websocket-key: g6PhfBQwd44pM4bd6iODrw==
sec-websocket-version: 13
origin: http://localhost:62346
host: localhost:62346
accept: */*
user-agent: AHC/2.1

Response DefaultHttpResponse(decodeResult: success, version: HTTP/1.1)
HTTP/1.1 101 WebSocket Protocol Handshake
Upgrade: WebSocket
Connection: Upgrade
Sec-WebSocket-Accept: BNh1gw3ElTEVFgaPrBygL3m+8Ac=

06:32:01.631 [Forwarding get on session a0388c0894beec542c45fcd6fb410259 to remote] DEBUG org.asynchttpclient.netty.request.NettyRequestSender - Using pooled Channel '[id: 0x953bbb1e, L:/127.0.0.1:62345 - R:localhost/127.0.0.1:32166]' for 'POST' to 'http://localhost:32166/session/a0388c0894beec542c45fcd6fb410259/url'
06:32:01.631 [Forwarding get on session a0388c0894beec542c45fcd6fb410259 to remote] DEBUG org.asynchttpclient.netty.request.NettyRequestSender - Using open Channel [id: 0x953bbb1e, L:/127.0.0.1:62345 - R:localhost/127.0.0.1:32166] for POST '/session/a0388c0894beec542c45fcd6fb410259/url'
06:32:01.860 [AsyncHttpClient-1-1] DEBUG org.asynchttpclient.netty.channel.DefaultChannelPool - Entry count for : http://localhost:62346 : 1
06:32:02.568 [AsyncHttpClient-1-8] DEBUG org.asynchttpclient.netty.handler.HttpHandler - 

Request DefaultHttpRequest(decodeResult: success, version: HTTP/1.1)
POST /session/a0388c0894beec542c45fcd6fb410259/url HTTP/1.1
User-Agent: selenium/4.8.1 (java windows)
Content-Length: 59
Content-Type: application/json; charset=utf-8
host: localhost:32166
accept: */*

Response DefaultHttpResponse(decodeResult: success, version: HTTP/1.1)
HTTP/1.1 200 OK
Content-Length: 14
Content-Type: application/json; charset=utf-8
cache-control: no-cache

06:32:02.569 [AsyncHttpClient-1-8] DEBUG org.asynchttpclient.netty.channel.ChannelManager - Adding key: http://localhost:32166 for channel [id: 0x953bbb1e, L:/127.0.0.1:62345 - R:localhost/127.0.0.1:32166]
06:32:02.573 [Forwarding setTimeout on session a0388c0894beec542c45fcd6fb410259 to remote] DEBUG org.asynchttpclient.netty.request.NettyRequestSender - Using pooled Channel '[id: 0x953bbb1e, L:/127.0.0.1:62345 - R:localhost/127.0.0.1:32166]' for 'POST' to 'http://localhost:32166/session/a0388c0894beec542c45fcd6fb410259/timeouts'
06:32:02.573 [Forwarding setTimeout on session a0388c0894beec542c45fcd6fb410259 to remote] DEBUG org.asynchttpclient.netty.request.NettyRequestSender - Using open Channel [id: 0x953bbb1e, L:/127.0.0.1:62345 - R:localhost/127.0.0.1:32166] for POST '/session/a0388c0894beec542c45fcd6fb410259/timeouts'
06:32:02.575 [AsyncHttpClient-1-8] DEBUG org.asynchttpclient.netty.handler.HttpHandler - 

Request DefaultHttpRequest(decodeResult: success, version: HTTP/1.1)
POST /session/a0388c0894beec542c45fcd6fb410259/timeouts HTTP/1.1
User-Agent: selenium/4.8.1 (java windows)
Content-Length: 22
Content-Type: application/json; charset=utf-8
host: localhost:32166
accept: */*

Response DefaultHttpResponse(decodeResult: success, version: HTTP/1.1)
HTTP/1.1 200 OK
Content-Length: 14
Content-Type: application/json; charset=utf-8
cache-control: no-cache

06:32:02.575 [AsyncHttpClient-1-8] DEBUG org.asynchttpclient.netty.channel.ChannelManager - Adding key: http://localhost:32166 for channel [id: 0x953bbb1e, L:/127.0.0.1:62345 - R:localhost/127.0.0.1:32166]
06:32:02.583 [Forwarding findElement on session a0388c0894beec542c45fcd6fb410259 to remote] DEBUG org.asynchttpclient.netty.request.NettyRequestSender - Using pooled Channel '[id: 0x953bbb1e, L:/127.0.0.1:62345 - R:localhost/127.0.0.1:32166]' for 'POST' to 'http://localhost:32166/session/a0388c0894beec542c45fcd6fb410259/element'
06:32:02.583 [Forwarding findElement on session a0388c0894beec542c45fcd6fb410259 to remote] DEBUG org.asynchttpclient.netty.request.NettyRequestSender - Using open Channel [id: 0x953bbb1e, L:/127.0.0.1:62345 - R:localhost/127.0.0.1:32166] for POST '/session/a0388c0894beec542c45fcd6fb410259/element'
06:32:02.607 [AsyncHttpClient-1-8] DEBUG org.asynchttpclient.netty.handler.HttpHandler - 

Request DefaultHttpRequest(decodeResult: success, version: HTTP/1.1)
POST /session/a0388c0894beec542c45fcd6fb410259/element HTTP/1.1
User-Agent: selenium/4.8.1 (java windows)
Content-Length: 70
Content-Type: application/json; charset=utf-8
host: localhost:32166
accept: */*

Response DefaultHttpResponse(decodeResult: success, version: HTTP/1.1)
HTTP/1.1 200 OK
Content-Length: 88
Content-Type: application/json; charset=utf-8
cache-control: no-cache

06:32:02.607 [AsyncHttpClient-1-8] DEBUG org.asynchttpclient.netty.channel.ChannelManager - Adding key: http://localhost:32166 for channel [id: 0x953bbb1e, L:/127.0.0.1:62345 - R:localhost/127.0.0.1:32166]
06:32:02.613 [Forwarding isElementDisplayed on session a0388c0894beec542c45fcd6fb410259 to remote] DEBUG org.asynchttpclient.netty.request.NettyRequestSender - Using pooled Channel '[id: 0x953bbb1e, L:/127.0.0.1:62345 - R:localhost/127.0.0.1:32166]' for 'POST' to 'http://localhost:32166/session/a0388c0894beec542c45fcd6fb410259/execute/sync'
06:32:02.613 [Forwarding isElementDisplayed on session a0388c0894beec542c45fcd6fb410259 to remote] DEBUG org.asynchttpclient.netty.request.NettyRequestSender - Using open Channel [id: 0x953bbb1e, L:/127.0.0.1:62345 - R:localhost/127.0.0.1:32166] for POST '/session/a0388c0894beec542c45fcd6fb410259/execute/sync'
06:32:02.641 [AsyncHttpClient-1-8] DEBUG org.asynchttpclient.netty.handler.HttpHandler - 

Request DefaultHttpRequest(decodeResult: success, version: HTTP/1.1)
POST /session/a0388c0894beec542c45fcd6fb410259/execute/sync HTTP/1.1
User-Agent: selenium/4.8.1 (java windows)
Content-Length: 48807
Content-Type: application/json; charset=utf-8
host: localhost:32166
accept: */*

Response DefaultHttpResponse(decodeResult: success, version: HTTP/1.1)
HTTP/1.1 200 OK
Content-Length: 14
Content-Type: application/json; charset=utf-8
cache-control: no-cache

06:32:02.642 [AsyncHttpClient-1-8] DEBUG org.asynchttpclient.netty.channel.ChannelManager - Adding key: http://localhost:32166 for channel [id: 0x953bbb1e, L:/127.0.0.1:62345 - R:localhost/127.0.0.1:32166]
06:32:02.647 [Forwarding isElementDisplayed on session a0388c0894beec542c45fcd6fb410259 to remote] DEBUG org.asynchttpclient.netty.request.NettyRequestSender - Using pooled Channel '[id: 0x953bbb1e, L:/127.0.0.1:62345 - R:localhost/127.0.0.1:32166]' for 'POST' to 'http://localhost:32166/session/a0388c0894beec542c45fcd6fb410259/execute/sync'
06:32:02.647 [Forwarding isElementDisplayed on session a0388c0894beec542c45fcd6fb410259 to remote] DEBUG org.asynchttpclient.netty.request.NettyRequestSender - Using open Channel [id: 0x953bbb1e, L:/127.0.0.1:62345 - R:localhost/127.0.0.1:32166] for POST '/session/a0388c0894beec542c45fcd6fb410259/execute/sync'
06:32:02.689 [AsyncHttpClient-1-8] DEBUG org.asynchttpclient.netty.handler.HttpHandler - 

Request DefaultHttpRequest(decodeResult: success, version: HTTP/1.1)
POST /session/a0388c0894beec542c45fcd6fb410259/execute/sync HTTP/1.1
User-Agent: selenium/4.8.1 (java windows)
Content-Length: 48807
Content-Type: application/json; charset=utf-8
host: localhost:32166
accept: */*

Response DefaultHttpResponse(decodeResult: success, version: HTTP/1.1)
HTTP/1.1 200 OK
Content-Length: 14
Content-Type: application/json; charset=utf-8
cache-control: no-cache

06:32:02.690 [AsyncHttpClient-1-8] DEBUG org.asynchttpclient.netty.channel.ChannelManager - Adding key: http://localhost:32166 for channel [id: 0x953bbb1e, L:/127.0.0.1:62345 - R:localhost/127.0.0.1:32166]
06:32:02.697 [main] DEBUG net.thucydides.core.steps.StepInterceptor - STEP DONE: userOnMainPage
  &amp#27;[32mGiven &amp#27;[0m&amp#27;[32muser on main page&amp#27;[0m                                  &amp#27;[90m# starter.stepdefinitions.UserSteps.userOnMainPage()&amp#27;[0m
06:32:02.725 [main] DEBUG net.thucydides.core.steps.StepInterceptor - STARTING STEP: UserSteps.userClickOnLoginButton - userClickOnLoginButton
06:32:02.734 [Forwarding findElement on session a0388c0894beec542c45fcd6fb410259 to remote] DEBUG org.asynchttpclient.netty.request.NettyRequestSender - Using pooled Channel '[id: 0x953bbb1e, L:/127.0.0.1:62345 - R:localhost/127.0.0.1:32166]' for 'POST' to 'http://localhost:32166/session/a0388c0894beec542c45fcd6fb410259/element'
06:32:02.734 [Forwarding findElement on session a0388c0894beec542c45fcd6fb410259 to remote] DEBUG org.asynchttpclient.netty.request.NettyRequestSender - Using open Channel [id: 0x953bbb1e, L:/127.0.0.1:62345 - R:localhost/127.0.0.1:32166] for POST '/session/a0388c0894beec542c45fcd6fb410259/element'
06:32:02.959 [AsyncHttpClient-1-1] DEBUG org.asynchttpclient.netty.channel.DefaultChannelPool - Entry count for : http://localhost:62346 : 1
06:32:04.067 [AsyncHttpClient-1-1] DEBUG org.asynchttpclient.netty.channel.DefaultChannelPool - Entry count for : http://localhost:62346 : 1
06:32:05.159 [AsyncHttpClient-1-1] DEBUG org.asynchttpclient.netty.channel.DefaultChannelPool - Entry count for : http://localhost:62346 : 1
06:32:06.260 [AsyncHttpClient-1-1] DEBUG org.asynchttpclient.netty.channel.DefaultChannelPool - Entry count for : http://localhost:62346 : 1
06:32:07.359 [AsyncHttpClient-1-1] DEBUG org.asynchttpclient.netty.channel.DefaultChannelPool - Entry count for : http://localhost:62346 : 1
06:32:07.995 [AsyncHttpClient-1-8] DEBUG org.asynchttpclient.netty.handler.HttpHandler - 

Request DefaultHttpRequest(decodeResult: success, version: HTTP/1.1)
POST /session/a0388c0894beec542c45fcd6fb410259/element HTTP/1.1
User-Agent: selenium/4.8.1 (java windows)
Content-Length: 106
Content-Type: application/json; charset=utf-8
host: localhost:32166
accept: */*

Response DefaultHttpResponse(decodeResult: success, version: HTTP/1.1)
HTTP/1.1 200 OK
Content-Length: 88
Content-Type: application/json; charset=utf-8
cache-control: no-cache

06:32:07.995 [AsyncHttpClient-1-8] DEBUG org.asynchttpclient.netty.channel.ChannelManager - Adding key: http://localhost:32166 for channel [id: 0x953bbb1e, L:/127.0.0.1:62345 - R:localhost/127.0.0.1:32166]
06:32:07.998 [Forwarding getElementTagName on session a0388c0894beec542c45fcd6fb410259 to remote] DEBUG org.asynchttpclient.netty.request.NettyRequestSender - Using pooled Channel '[id: 0x953bbb1e, L:/127.0.0.1:62345 - R:localhost/127.0.0.1:32166]' for 'GET' to 'http://localhost:32166/session/a0388c0894beec542c45fcd6fb410259/element/ab0ec655-6f6b-4e47-86c4-78770ca9d3d8/name'
06:32:07.999 [Forwarding getElementTagName on session a0388c0894beec542c45fcd6fb410259 to remote] DEBUG org.asynchttpclient.netty.request.NettyRequestSender - Using open Channel [id: 0x953bbb1e, L:/127.0.0.1:62345 - R:localhost/127.0.0.1:32166] for GET '/session/a0388c0894beec542c45fcd6fb410259/element/ab0ec655-6f6b-4e47-86c4-78770ca9d3d8/name'
06:32:08.007 [AsyncHttpClient-1-8] DEBUG org.asynchttpclient.netty.handler.HttpHandler - 

Request DefaultFullHttpRequest(decodeResult: success, version: HTTP/1.1, content: EmptyByteBufBE)
GET /session/a0388c0894beec542c45fcd6fb410259/element/ab0ec655-6f6b-4e47-86c4-78770ca9d3d8/name HTTP/1.1
User-Agent: selenium/4.8.1 (java windows)
Cache-Control: no-cache
Content-Type: application/json; charset=utf-8
host: localhost:32166
accept: */*

Response DefaultHttpResponse(decodeResult: success, version: HTTP/1.1)
HTTP/1.1 200 OK
Content-Length: 13
Content-Type: application/json; charset=utf-8
cache-control: no-cache

06:32:08.008 [AsyncHttpClient-1-8] DEBUG org.asynchttpclient.netty.channel.ChannelManager - Adding key: http://localhost:32166 for channel [id: 0x953bbb1e, L:/127.0.0.1:62345 - R:localhost/127.0.0.1:32166]
06:32:08.010 [Forwarding getElementTagName on session a0388c0894beec542c45fcd6fb410259 to remote] DEBUG org.asynchttpclient.netty.request.NettyRequestSender - Using pooled Channel '[id: 0x953bbb1e, L:/127.0.0.1:62345 - R:localhost/127.0.0.1:32166]' for 'GET' to 'http://localhost:32166/session/a0388c0894beec542c45fcd6fb410259/element/ab0ec655-6f6b-4e47-86c4-78770ca9d3d8/name'
06:32:08.011 [Forwarding getElementTagName on session a0388c0894beec542c45fcd6fb410259 to remote] DEBUG org.asynchttpclient.netty.request.NettyRequestSender - Using open Channel [id: 0x953bbb1e, L:/127.0.0.1:62345 - R:localhost/127.0.0.1:32166] for GET '/session/a0388c0894beec542c45fcd6fb410259/element/ab0ec655-6f6b-4e47-86c4-78770ca9d3d8/name'
06:32:08.019 [AsyncHttpClient-1-8] DEBUG org.asynchttpclient.netty.handler.HttpHandler - 

Request DefaultFullHttpRequest(decodeResult: success, version: HTTP/1.1, content: EmptyByteBufBE)
GET /session/a0388c0894beec542c45fcd6fb410259/element/ab0ec655-6f6b-4e47-86c4-78770ca9d3d8/name HTTP/1.1
User-Agent: selenium/4.8.1 (java windows)
Cache-Control: no-cache
Content-Type: application/json; charset=utf-8
host: localhost:32166
accept: */*

Response DefaultHttpResponse(decodeResult: success, version: HTTP/1.1)
HTTP/1.1 200 OK
Content-Length: 13
Content-Type: application/json; charset=utf-8
cache-control: no-cache

06:32:08.020 [AsyncHttpClient-1-8] DEBUG org.asynchttpclient.netty.channel.ChannelManager - Adding key: http://localhost:32166 for channel [id: 0x953bbb1e, L:/127.0.0.1:62345 - R:localhost/127.0.0.1:32166]
06:32:08.022 [Forwarding findElement on session a0388c0894beec542c45fcd6fb410259 to remote] DEBUG org.asynchttpclient.netty.request.NettyRequestSender - Using pooled Channel '[id: 0x953bbb1e, L:/127.0.0.1:62345 - R:localhost/127.0.0.1:32166]' for 'POST' to 'http://localhost:32166/session/a0388c0894beec542c45fcd6fb410259/element'
06:32:08.023 [Forwarding findElement on session a0388c0894beec542c45fcd6fb410259 to remote] DEBUG org.asynchttpclient.netty.request.NettyRequestSender - Using open Channel [id: 0x953bbb1e, L:/127.0.0.1:62345 - R:localhost/127.0.0.1:32166] for POST '/session/a0388c0894beec542c45fcd6fb410259/element'
06:32:08.041 [AsyncHttpClient-1-8] DEBUG org.asynchttpclient.netty.handler.HttpHandler - 

Request DefaultHttpRequest(decodeResult: success, version: HTTP/1.1)
POST /session/a0388c0894beec542c45fcd6fb410259/element HTTP/1.1
User-Agent: selenium/4.8.1 (java windows)
Content-Length: 106
Content-Type: application/json; charset=utf-8
host: localhost:32166
accept: */*

Response DefaultHttpResponse(decodeResult: success, version: HTTP/1.1)
HTTP/1.1 200 OK
Content-Length: 88
Content-Type: application/json; charset=utf-8
cache-control: no-cache

06:32:08.042 [AsyncHttpClient-1-8] DEBUG org.asynchttpclient.netty.channel.ChannelManager - Adding key: http://localhost:32166 for channel [id: 0x953bbb1e, L:/127.0.0.1:62345 - R:localhost/127.0.0.1:32166]
06:32:08.045 [Forwarding clickElement on session a0388c0894beec542c45fcd6fb410259 to remote] DEBUG org.asynchttpclient.netty.request.NettyRequestSender - Using pooled Channel '[id: 0x953bbb1e, L:/127.0.0.1:62345 - R:localhost/127.0.0.1:32166]' for 'POST' to 'http://localhost:32166/session/a0388c0894beec542c45fcd6fb410259/element/ab0ec655-6f6b-4e47-86c4-78770ca9d3d8/click'
06:32:08.045 [Forwarding clickElement on session a0388c0894beec542c45fcd6fb410259 to remote] DEBUG org.asynchttpclient.netty.request.NettyRequestSender - Using open Channel [id: 0x953bbb1e, L:/127.0.0.1:62345 - R:localhost/127.0.0.1:32166] for POST '/session/a0388c0894beec542c45fcd6fb410259/element/ab0ec655-6f6b-4e47-86c4-78770ca9d3d8/click'
06:32:08.131 [AsyncHttpClient-1-8] DEBUG org.asynchttpclient.netty.handler.HttpHandler - 

Request DefaultHttpRequest(decodeResult: success, version: HTTP/1.1)
POST /session/a0388c0894beec542c45fcd6fb410259/element/ab0ec655-6f6b-4e47-86c4-78770ca9d3d8/click HTTP/1.1
User-Agent: selenium/4.8.1 (java windows)
Content-Length: 50
Content-Type: application/json; charset=utf-8
host: localhost:32166
accept: */*

Response DefaultHttpResponse(decodeResult: success, version: HTTP/1.1)
HTTP/1.1 200 OK
Content-Length: 14
Content-Type: application/json; charset=utf-8
cache-control: no-cache

06:32:08.131 [AsyncHttpClient-1-8] DEBUG org.asynchttpclient.netty.channel.ChannelManager - Adding key: http://localhost:32166 for channel [id: 0x953bbb1e, L:/127.0.0.1:62345 - R:localhost/127.0.0.1:32166]
06:32:08.137 [main] DEBUG net.thucydides.core.steps.StepInterceptor - STEP DONE: userClickOnLoginButton
  &amp#27;[32mWhen &amp#27;[0m&amp#27;[32muser click on login button&amp#27;[0m                          &amp#27;[90m# starter.stepdefinitions.UserSteps.userClickOnLoginButton()&amp#27;[0m
06:32:08.156 [main] DEBUG net.thucydides.core.steps.StepInterceptor - STARTING STEP: UserSteps.userOnLoginPage - userOnLoginPage
06:32:08.162 [Forwarding findElement on session a0388c0894beec542c45fcd6fb410259 to remote] DEBUG org.asynchttpclient.netty.request.NettyRequestSender - Using pooled Channel '[id: 0x953bbb1e, L:/127.0.0.1:62345 - R:localhost/127.0.0.1:32166]' for 'POST' to 'http://localhost:32166/session/a0388c0894beec542c45fcd6fb410259/element'
06:32:08.162 [Forwarding findElement on session a0388c0894beec542c45fcd6fb410259 to remote] DEBUG org.asynchttpclient.netty.request.NettyRequestSender - Using open Channel [id: 0x953bbb1e, L:/127.0.0.1:62345 - R:localhost/127.0.0.1:32166] for POST '/session/a0388c0894beec542c45fcd6fb410259/element'
06:32:08.459 [AsyncHttpClient-1-1] DEBUG org.asynchttpclient.netty.channel.DefaultChannelPool - Entry count for : http://localhost:62346 : 1
06:32:08.521 [AsyncHttpClient-1-8] DEBUG org.asynchttpclient.netty.handler.HttpHandler - 

Request DefaultHttpRequest(decodeResult: success, version: HTTP/1.1)
POST /session/a0388c0894beec542c45fcd6fb410259/element HTTP/1.1
User-Agent: selenium/4.8.1 (java windows)
Content-Length: 68
Content-Type: application/json; charset=utf-8
host: localhost:32166
accept: */*

Response DefaultHttpResponse(decodeResult: success, version: HTTP/1.1)
HTTP/1.1 200 OK
Content-Length: 88
Content-Type: application/json; charset=utf-8
cache-control: no-cache

06:32:08.521 [AsyncHttpClient-1-8] DEBUG org.asynchttpclient.netty.channel.ChannelManager - Adding key: http://localhost:32166 for channel [id: 0x953bbb1e, L:/127.0.0.1:62345 - R:localhost/127.0.0.1:32166]
06:32:08.527 [Forwarding isElementDisplayed on session a0388c0894beec542c45fcd6fb410259 to remote] DEBUG org.asynchttpclient.netty.request.NettyRequestSender - Using pooled Channel '[id: 0x953bbb1e, L:/127.0.0.1:62345 - R:localhost/127.0.0.1:32166]' for 'POST' to 'http://localhost:32166/session/a0388c0894beec542c45fcd6fb410259/execute/sync'
06:32:08.527 [Forwarding isElementDisplayed on session a0388c0894beec542c45fcd6fb410259 to remote] DEBUG org.asynchttpclient.netty.request.NettyRequestSender - Using open Channel [id: 0x953bbb1e, L:/127.0.0.1:62345 - R:localhost/127.0.0.1:32166] for POST '/session/a0388c0894beec542c45fcd6fb410259/execute/sync'
06:32:08.549 [AsyncHttpClient-1-8] DEBUG org.asynchttpclient.netty.handler.HttpHandler - 

Request DefaultHttpRequest(decodeResult: success, version: HTTP/1.1)
POST /session/a0388c0894beec542c45fcd6fb410259/execute/sync HTTP/1.1
User-Agent: selenium/4.8.1 (java windows)
Content-Length: 48807
Content-Type: application/json; charset=utf-8
host: localhost:32166
accept: */*

Response DefaultHttpResponse(decodeResult: success, version: HTTP/1.1)
HTTP/1.1 200 OK
Content-Length: 14
Content-Type: application/json; charset=utf-8
cache-control: no-cache

06:32:08.549 [AsyncHttpClient-1-8] DEBUG org.asynchttpclient.netty.channel.ChannelManager - Adding key: http://localhost:32166 for channel [id: 0x953bbb1e, L:/127.0.0.1:62345 - R:localhost/127.0.0.1:32166]
06:32:08.555 [Forwarding isElementDisplayed on session a0388c0894beec542c45fcd6fb410259 to remote] DEBUG org.asynchttpclient.netty.request.NettyRequestSender - Using pooled Channel '[id: 0x953bbb1e, L:/127.0.0.1:62345 - R:localhost/127.0.0.1:32166]' for 'POST' to 'http://localhost:32166/session/a0388c0894beec542c45fcd6fb410259/execute/sync'
06:32:08.555 [Forwarding isElementDisplayed on session a0388c0894beec542c45fcd6fb410259 to remote] DEBUG org.asynchttpclient.netty.request.NettyRequestSender - Using open Channel [id: 0x953bbb1e, L:/127.0.0.1:62345 - R:localhost/127.0.0.1:32166] for POST '/session/a0388c0894beec542c45fcd6fb410259/execute/sync'
06:32:08.573 [AsyncHttpClient-1-8] DEBUG org.asynchttpclient.netty.handler.HttpHandler - 

Request DefaultHttpRequest(decodeResult: success, version: HTTP/1.1)
POST /session/a0388c0894beec542c45fcd6fb410259/execute/sync HTTP/1.1
User-Agent: selenium/4.8.1 (java windows)
Content-Length: 48807
Content-Type: application/json; charset=utf-8
host: localhost:32166
accept: */*

Response DefaultHttpResponse(decodeResult: success, version: HTTP/1.1)
HTTP/1.1 200 OK
Content-Length: 14
Content-Type: application/json; charset=utf-8
cache-control: no-cache

06:32:08.574 [AsyncHttpClient-1-8] DEBUG org.asynchttpclient.netty.channel.ChannelManager - Adding key: http://localhost:32166 for channel [id: 0x953bbb1e, L:/127.0.0.1:62345 - R:localhost/127.0.0.1:32166]
06:32:08.577 [main] DEBUG net.thucydides.core.steps.StepInterceptor - STEP DONE: userOnLoginPage
  &amp#27;[32mAnd &amp#27;[0m&amp#27;[32muser on login page&amp#27;[0m                                   &amp#27;[90m# starter.stepdefinitions.UserSteps.userOnLoginPage()&amp#27;[0m
06:32:08.589 [main] DEBUG net.thucydides.core.steps.StepInterceptor - STARTING STEP: UserSteps.userEnterAValidEmail - userEnterAValidEmail
06:32:08.592 [Forwarding findElement on session a0388c0894beec542c45fcd6fb410259 to remote] DEBUG org.asynchttpclient.netty.request.NettyRequestSender - Using pooled Channel '[id: 0x953bbb1e, L:/127.0.0.1:62345 - R:localhost/127.0.0.1:32166]' for 'POST' to 'http://localhost:32166/session/a0388c0894beec542c45fcd6fb410259/element'
06:32:08.592 [Forwarding findElement on session a0388c0894beec542c45fcd6fb410259 to remote] DEBUG org.asynchttpclient.netty.request.NettyRequestSender - Using open Channel [id: 0x953bbb1e, L:/127.0.0.1:62345 - R:localhost/127.0.0.1:32166] for POST '/session/a0388c0894beec542c45fcd6fb410259/element'
06:32:08.615 [AsyncHttpClient-1-8] DEBUG org.asynchttpclient.netty.handler.HttpHandler - 

Request DefaultHttpRequest(decodeResult: success, version: HTTP/1.1)
POST /session/a0388c0894beec542c45fcd6fb410259/element HTTP/1.1
User-Agent: selenium/4.8.1 (java windows)
Content-Length: 106
Content-Type: application/json; charset=utf-8
host: localhost:32166
accept: */*

Response DefaultHttpResponse(decodeResult: success, version: HTTP/1.1)
HTTP/1.1 200 OK
Content-Length: 88
Content-Type: application/json; charset=utf-8
cache-control: no-cache

06:32:08.616 [AsyncHttpClient-1-8] DEBUG org.asynchttpclient.netty.channel.ChannelManager - Adding key: http://localhost:32166 for channel [id: 0x953bbb1e, L:/127.0.0.1:62345 - R:localhost/127.0.0.1:32166]
06:32:08.618 [Forwarding clearElement on session a0388c0894beec542c45fcd6fb410259 to remote] DEBUG org.asynchttpclient.netty.request.NettyRequestSender - Using pooled Channel '[id: 0x953bbb1e, L:/127.0.0.1:62345 - R:localhost/127.0.0.1:32166]' for 'POST' to 'http://localhost:32166/session/a0388c0894beec542c45fcd6fb410259/element/4c97b777-5714-4848-84c4-5e9a211697df/clear'
06:32:08.618 [Forwarding clearElement on session a0388c0894beec542c45fcd6fb410259 to remote] DEBUG org.asynchttpclient.netty.request.NettyRequestSender - Using open Channel [id: 0x953bbb1e, L:/127.0.0.1:62345 - R:localhost/127.0.0.1:32166] for POST '/session/a0388c0894beec542c45fcd6fb410259/element/4c97b777-5714-4848-84c4-5e9a211697df/clear'
06:32:08.678 [AsyncHttpClient-1-8] DEBUG org.asynchttpclient.netty.handler.HttpHandler - 

Request DefaultHttpRequest(decodeResult: success, version: HTTP/1.1)
POST /session/a0388c0894beec542c45fcd6fb410259/element/4c97b777-5714-4848-84c4-5e9a211697df/clear HTTP/1.1
User-Agent: selenium/4.8.1 (java windows)
Content-Length: 50
Content-Type: application/json; charset=utf-8
host: localhost:32166
accept: */*

Response DefaultHttpResponse(decodeResult: success, version: HTTP/1.1)
HTTP/1.1 200 OK
Content-Length: 14
Content-Type: application/json; charset=utf-8
cache-control: no-cache

06:32:08.678 [AsyncHttpClient-1-8] DEBUG org.asynchttpclient.netty.channel.ChannelManager - Adding key: http://localhost:32166 for channel [id: 0x953bbb1e, L:/127.0.0.1:62345 - R:localhost/127.0.0.1:32166]
06:32:08.682 [Forwarding sendKeysToElement on session a0388c0894beec542c45fcd6fb410259 to remote] DEBUG org.asynchttpclient.netty.request.NettyRequestSender - Using pooled Channel '[id: 0x953bbb1e, L:/127.0.0.1:62345 - R:localhost/127.0.0.1:32166]' for 'POST' to 'http://localhost:32166/session/a0388c0894beec542c45fcd6fb410259/element/4c97b777-5714-4848-84c4-5e9a211697df/value'
06:32:08.682 [Forwarding sendKeysToElement on session a0388c0894beec542c45fcd6fb410259 to remote] DEBUG org.asynchttpclient.netty.request.NettyRequestSender - Using open Channel [id: 0x953bbb1e, L:/127.0.0.1:62345 - R:localhost/127.0.0.1:32166] for POST '/session/a0388c0894beec542c45fcd6fb410259/element/4c97b777-5714-4848-84c4-5e9a211697df/value'
06:32:08.891 [AsyncHttpClient-1-8] DEBUG org.asynchttpclient.netty.handler.HttpHandler - 

Request DefaultHttpRequest(decodeResult: success, version: HTTP/1.1)
POST /session/a0388c0894beec542c45fcd6fb410259/element/4c97b777-5714-4848-84c4-5e9a211697df/value HTTP/1.1
User-Agent: selenium/4.8.1 (java windows)
Content-Length: 241
Content-Type: application/json; charset=utf-8
host: localhost:32166
accept: */*

Response DefaultHttpResponse(decodeResult: success, version: HTTP/1.1)
HTTP/1.1 200 OK
Content-Length: 14
Content-Type: application/json; charset=utf-8
cache-control: no-cache

06:32:08.891 [AsyncHttpClient-1-8] DEBUG org.asynchttpclient.netty.channel.ChannelManager - Adding key: http://localhost:32166 for channel [id: 0x953bbb1e, L:/127.0.0.1:62345 - R:localhost/127.0.0.1:32166]
06:32:08.902 [main] DEBUG net.thucydides.core.steps.StepInterceptor - STEP DONE: userEnterAValidEmail
  &amp#27;[32mAnd &amp#27;[0m&amp#27;[32muser enter a valid email&amp#27;[0m                             &amp#27;[90m# starter.stepdefinitions.UserSteps.userEnterAValidEmail()&amp#27;[0m
06:32:08.926 [main] DEBUG net.thucydides.core.steps.StepInterceptor - STARTING STEP: UserSteps.userEnterAValidPassword - userEnterAValidPassword
06:32:08.931 [Forwarding findElement on session a0388c0894beec542c45fcd6fb410259 to remote] DEBUG org.asynchttpclient.netty.request.NettyRequestSender - Using pooled Channel '[id: 0x953bbb1e, L:/127.0.0.1:62345 - R:localhost/127.0.0.1:32166]' for 'POST' to 'http://localhost:32166/session/a0388c0894beec542c45fcd6fb410259/element'
06:32:08.932 [Forwarding findElement on session a0388c0894beec542c45fcd6fb410259 to remote] DEBUG org.asynchttpclient.netty.request.NettyRequestSender - Using open Channel [id: 0x953bbb1e, L:/127.0.0.1:62345 - R:localhost/127.0.0.1:32166] for POST '/session/a0388c0894beec542c45fcd6fb410259/element'
06:32:08.963 [AsyncHttpClient-1-8] DEBUG org.asynchttpclient.netty.handler.HttpHandler - 

Request DefaultHttpRequest(decodeResult: success, version: HTTP/1.1)
POST /session/a0388c0894beec542c45fcd6fb410259/element HTTP/1.1
User-Agent: selenium/4.8.1 (java windows)
Content-Length: 109
Content-Type: application/json; charset=utf-8
host: localhost:32166
accept: */*

Response DefaultHttpResponse(decodeResult: success, version: HTTP/1.1)
HTTP/1.1 200 OK
Content-Length: 88
Content-Type: application/json; charset=utf-8
cache-control: no-cache

06:32:08.963 [AsyncHttpClient-1-8] DEBUG org.asynchttpclient.netty.channel.ChannelManager - Adding key: http://localhost:32166 for channel [id: 0x953bbb1e, L:/127.0.0.1:62345 - R:localhost/127.0.0.1:32166]
06:32:08.967 [Forwarding clearElement on session a0388c0894beec542c45fcd6fb410259 to remote] DEBUG org.asynchttpclient.netty.request.NettyRequestSender - Using pooled Channel '[id: 0x953bbb1e, L:/127.0.0.1:62345 - R:localhost/127.0.0.1:32166]' for 'POST' to 'http://localhost:32166/session/a0388c0894beec542c45fcd6fb410259/element/a735c642-8c78-4601-8e5e-d3cdc2357e26/clear'
06:32:08.967 [Forwarding clearElement on session a0388c0894beec542c45fcd6fb410259 to remote] DEBUG org.asynchttpclient.netty.request.NettyRequestSender - Using open Channel [id: 0x953bbb1e, L:/127.0.0.1:62345 - R:localhost/127.0.0.1:32166] for POST '/session/a0388c0894beec542c45fcd6fb410259/element/a735c642-8c78-4601-8e5e-d3cdc2357e26/clear'
06:32:09.094 [AsyncHttpClient-1-8] DEBUG org.asynchttpclient.netty.handler.HttpHandler - 

Request DefaultHttpRequest(decodeResult: success, version: HTTP/1.1)
POST /session/a0388c0894beec542c45fcd6fb410259/element/a735c642-8c78-4601-8e5e-d3cdc2357e26/clear HTTP/1.1
User-Agent: selenium/4.8.1 (java windows)
Content-Length: 50
Content-Type: application/json; charset=utf-8
host: localhost:32166
accept: */*

Response DefaultHttpResponse(decodeResult: success, version: HTTP/1.1)
HTTP/1.1 200 OK
Content-Length: 14
Content-Type: application/json; charset=utf-8
cache-control: no-cache

06:32:09.095 [AsyncHttpClient-1-8] DEBUG org.asynchttpclient.netty.channel.ChannelManager - Adding key: http://localhost:32166 for channel [id: 0x953bbb1e, L:/127.0.0.1:62345 - R:localhost/127.0.0.1:32166]
06:32:09.098 [Forwarding sendKeysToElement on session a0388c0894beec542c45fcd6fb410259 to remote] DEBUG org.asynchttpclient.netty.request.NettyRequestSender - Using pooled Channel '[id: 0x953bbb1e, L:/127.0.0.1:62345 - R:localhost/127.0.0.1:32166]' for 'POST' to 'http://localhost:32166/session/a0388c0894beec542c45fcd6fb410259/element/a735c642-8c78-4601-8e5e-d3cdc2357e26/value'
06:32:09.098 [Forwarding sendKeysToElement on session a0388c0894beec542c45fcd6fb410259 to remote] DEBUG org.asynchttpclient.netty.request.NettyRequestSender - Using open Channel [id: 0x953bbb1e, L:/127.0.0.1:62345 - R:localhost/127.0.0.1:32166] for POST '/session/a0388c0894beec542c45fcd6fb410259/element/a735c642-8c78-4601-8e5e-d3cdc2357e26/value'
06:32:09.239 [AsyncHttpClient-1-8] DEBUG org.asynchttpclient.netty.handler.HttpHandler - 

Request DefaultHttpRequest(decodeResult: success, version: HTTP/1.1)
POST /session/a0388c0894beec542c45fcd6fb410259/element/a735c642-8c78-4601-8e5e-d3cdc2357e26/value HTTP/1.1
User-Agent: selenium/4.8.1 (java windows)
Content-Length: 111
Content-Type: application/json; charset=utf-8
host: localhost:32166
accept: */*

Response DefaultHttpResponse(decodeResult: success, version: HTTP/1.1)
HTTP/1.1 200 OK
Content-Length: 14
Content-Type: application/json; charset=utf-8
cache-control: no-cache

06:32:09.239 [AsyncHttpClient-1-8] DEBUG org.asynchttpclient.netty.channel.ChannelManager - Adding key: http://localhost:32166 for channel [id: 0x953bbb1e, L:/127.0.0.1:62345 - R:localhost/127.0.0.1:32166]
06:32:09.251 [main] DEBUG net.thucydides.core.steps.StepInterceptor - STEP DONE: userEnterAValidPassword
  &amp#27;[32mAnd &amp#27;[0m&amp#27;[32muser enter a valid password&amp#27;[0m                          &amp#27;[90m# starter.stepdefinitions.UserSteps.userEnterAValidPassword()&amp#27;[0m
06:32:09.279 [main] DEBUG net.thucydides.core.steps.StepInterceptor - STARTING STEP: UserSteps.userClickOnLoginButton - userClickOnLoginButton
06:32:09.288 [Forwarding findElement on session a0388c0894beec542c45fcd6fb410259 to remote] DEBUG org.asynchttpclient.netty.request.NettyRequestSender - Using pooled Channel '[id: 0x953bbb1e, L:/127.0.0.1:62345 - R:localhost/127.0.0.1:32166]' for 'POST' to 'http://localhost:32166/session/a0388c0894beec542c45fcd6fb410259/element'
06:32:09.288 [Forwarding findElement on session a0388c0894beec542c45fcd6fb410259 to remote] DEBUG org.asynchttpclient.netty.request.NettyRequestSender - Using open Channel [id: 0x953bbb1e, L:/127.0.0.1:62345 - R:localhost/127.0.0.1:32166] for POST '/session/a0388c0894beec542c45fcd6fb410259/element'
06:32:09.312 [AsyncHttpClient-1-8] DEBUG org.asynchttpclient.netty.handler.HttpHandler - 

Request DefaultHttpRequest(decodeResult: success, version: HTTP/1.1)
POST /session/a0388c0894beec542c45fcd6fb410259/element HTTP/1.1
User-Agent: selenium/4.8.1 (java windows)
Content-Length: 106
Content-Type: application/json; charset=utf-8
host: localhost:32166
accept: */*

Response DefaultHttpResponse(decodeResult: success, version: HTTP/1.1)
HTTP/1.1 200 OK
Content-Length: 88
Content-Type: application/json; charset=utf-8
cache-control: no-cache

06:32:09.313 [AsyncHttpClient-1-8] DEBUG org.asynchttpclient.netty.channel.ChannelManager - Adding key: http://localhost:32166 for channel [id: 0x953bbb1e, L:/127.0.0.1:62345 - R:localhost/127.0.0.1:32166]
06:32:09.317 [Forwarding getElementTagName on session a0388c0894beec542c45fcd6fb410259 to remote] DEBUG org.asynchttpclient.netty.request.NettyRequestSender - Using pooled Channel '[id: 0x953bbb1e, L:/127.0.0.1:62345 - R:localhost/127.0.0.1:32166]' for 'GET' to 'http://localhost:32166/session/a0388c0894beec542c45fcd6fb410259/element/ab0ec655-6f6b-4e47-86c4-78770ca9d3d8/name'
06:32:09.317 [Forwarding getElementTagName on session a0388c0894beec542c45fcd6fb410259 to remote] DEBUG org.asynchttpclient.netty.request.NettyRequestSender - Using open Channel [id: 0x953bbb1e, L:/127.0.0.1:62345 - R:localhost/127.0.0.1:32166] for GET '/session/a0388c0894beec542c45fcd6fb410259/element/ab0ec655-6f6b-4e47-86c4-78770ca9d3d8/name'
06:32:09.331 [AsyncHttpClient-1-8] DEBUG org.asynchttpclient.netty.handler.HttpHandler - 

Request DefaultFullHttpRequest(decodeResult: success, version: HTTP/1.1, content: EmptyByteBufBE)
GET /session/a0388c0894beec542c45fcd6fb410259/element/ab0ec655-6f6b-4e47-86c4-78770ca9d3d8/name HTTP/1.1
User-Agent: selenium/4.8.1 (java windows)
Cache-Control: no-cache
Content-Type: application/json; charset=utf-8
host: localhost:32166
accept: */*

Response DefaultHttpResponse(decodeResult: success, version: HTTP/1.1)
HTTP/1.1 200 OK
Content-Length: 13
Content-Type: application/json; charset=utf-8
cache-control: no-cache

06:32:09.332 [AsyncHttpClient-1-8] DEBUG org.asynchttpclient.netty.channel.ChannelManager - Adding key: http://localhost:32166 for channel [id: 0x953bbb1e, L:/127.0.0.1:62345 - R:localhost/127.0.0.1:32166]
06:32:09.336 [Forwarding getElementTagName on session a0388c0894beec542c45fcd6fb410259 to remote] DEBUG org.asynchttpclient.netty.request.NettyRequestSender - Using pooled Channel '[id: 0x953bbb1e, L:/127.0.0.1:62345 - R:localhost/127.0.0.1:32166]' for 'GET' to 'http://localhost:32166/session/a0388c0894beec542c45fcd6fb410259/element/ab0ec655-6f6b-4e47-86c4-78770ca9d3d8/name'
06:32:09.336 [Forwarding getElementTagName on session a0388c0894beec542c45fcd6fb410259 to remote] DEBUG org.asynchttpclient.netty.request.NettyRequestSender - Using open Channel [id: 0x953bbb1e, L:/127.0.0.1:62345 - R:localhost/127.0.0.1:32166] for GET '/session/a0388c0894beec542c45fcd6fb410259/element/ab0ec655-6f6b-4e47-86c4-78770ca9d3d8/name'
06:32:09.349 [AsyncHttpClient-1-8] DEBUG org.asynchttpclient.netty.handler.HttpHandler - 

Request DefaultFullHttpRequest(decodeResult: success, version: HTTP/1.1, content: EmptyByteBufBE)
GET /session/a0388c0894beec542c45fcd6fb410259/element/ab0ec655-6f6b-4e47-86c4-78770ca9d3d8/name HTTP/1.1
User-Agent: selenium/4.8.1 (java windows)
Cache-Control: no-cache
Content-Type: application/json; charset=utf-8
host: localhost:32166
accept: */*

Response DefaultHttpResponse(decodeResult: success, version: HTTP/1.1)
HTTP/1.1 200 OK
Content-Length: 13
Content-Type: application/json; charset=utf-8
cache-control: no-cache

06:32:09.350 [AsyncHttpClient-1-8] DEBUG org.asynchttpclient.netty.channel.ChannelManager - Adding key: http://localhost:32166 for channel [id: 0x953bbb1e, L:/127.0.0.1:62345 - R:localhost/127.0.0.1:32166]
06:32:09.358 [Forwarding findElement on session a0388c0894beec542c45fcd6fb410259 to remote] DEBUG org.asynchttpclient.netty.request.NettyRequestSender - Using pooled Channel '[id: 0x953bbb1e, L:/127.0.0.1:62345 - R:localhost/127.0.0.1:32166]' for 'POST' to 'http://localhost:32166/session/a0388c0894beec542c45fcd6fb410259/element'
06:32:09.359 [Forwarding findElement on session a0388c0894beec542c45fcd6fb410259 to remote] DEBUG org.asynchttpclient.netty.request.NettyRequestSender - Using open Channel [id: 0x953bbb1e, L:/127.0.0.1:62345 - R:localhost/127.0.0.1:32166] for POST '/session/a0388c0894beec542c45fcd6fb410259/element'
06:32:09.381 [AsyncHttpClient-1-8] DEBUG org.asynchttpclient.netty.handler.HttpHandler - 

Request DefaultHttpRequest(decodeResult: success, version: HTTP/1.1)
POST /session/a0388c0894beec542c45fcd6fb410259/element HTTP/1.1
User-Agent: selenium/4.8.1 (java windows)
Content-Length: 106
Content-Type: application/json; charset=utf-8
host: localhost:32166
accept: */*

Response DefaultHttpResponse(decodeResult: success, version: HTTP/1.1)
HTTP/1.1 200 OK
Content-Length: 88
Content-Type: application/json; charset=utf-8
cache-control: no-cache

06:32:09.381 [AsyncHttpClient-1-8] DEBUG org.asynchttpclient.netty.channel.ChannelManager - Adding key: http://localhost:32166 for channel [id: 0x953bbb1e, L:/127.0.0.1:62345 - R:localhost/127.0.0.1:32166]
06:32:09.384 [Forwarding clickElement on session a0388c0894beec542c45fcd6fb410259 to remote] DEBUG org.asynchttpclient.netty.request.NettyRequestSender - Using pooled Channel '[id: 0x953bbb1e, L:/127.0.0.1:62345 - R:localhost/127.0.0.1:32166]' for 'POST' to 'http://localhost:32166/session/a0388c0894beec542c45fcd6fb410259/element/ab0ec655-6f6b-4e47-86c4-78770ca9d3d8/click'
06:32:09.385 [Forwarding clickElement on session a0388c0894beec542c45fcd6fb410259 to remote] DEBUG org.asynchttpclient.netty.request.NettyRequestSender - Using open Channel [id: 0x953bbb1e, L:/127.0.0.1:62345 - R:localhost/127.0.0.1:32166] for POST '/session/a0388c0894beec542c45fcd6fb410259/element/ab0ec655-6f6b-4e47-86c4-78770ca9d3d8/click'
06:32:09.469 [AsyncHttpClient-1-8] DEBUG org.asynchttpclient.netty.handler.HttpHandler - 

Request DefaultHttpRequest(decodeResult: success, version: HTTP/1.1)
POST /session/a0388c0894beec542c45fcd6fb410259/element/ab0ec655-6f6b-4e47-86c4-78770ca9d3d8/click HTTP/1.1
User-Agent: selenium/4.8.1 (java windows)
Content-Length: 50
Content-Type: application/json; charset=utf-8
host: localhost:32166
accept: */*

Response DefaultHttpResponse(decodeResult: success, version: HTTP/1.1)
HTTP/1.1 200 OK
Content-Length: 14
Content-Type: application/json; charset=utf-8
cache-control: no-cache

06:32:09.469 [AsyncHttpClient-1-8] DEBUG org.asynchttpclient.netty.channel.ChannelManager - Adding key: http://localhost:32166 for channel [id: 0x953bbb1e, L:/127.0.0.1:62345 - R:localhost/127.0.0.1:32166]
06:32:09.480 [main] DEBUG net.thucydides.core.steps.StepInterceptor - STEP DONE: userClickOnLoginButton
  &amp#27;[32mAnd &amp#27;[0m&amp#27;[32muser click on login button&amp#27;[0m                           &amp#27;[90m# starter.stepdefinitions.UserSteps.userClickOnLoginButton()&amp#27;[0m
06:32:09.516 [main] DEBUG net.thucydides.core.steps.StepInterceptor - STARTING STEP: UserSteps.userOnMainPage - userOnMainPage
06:32:09.520 [Forwarding get on session a0388c0894beec542c45fcd6fb410259 to remote] DEBUG org.asynchttpclient.netty.request.NettyRequestSender - Using pooled Channel '[id: 0x953bbb1e, L:/127.0.0.1:62345 - R:localhost/127.0.0.1:32166]' for 'POST' to 'http://localhost:32166/session/a0388c0894beec542c45fcd6fb410259/url'
06:32:09.520 [Forwarding get on session a0388c0894beec542c45fcd6fb410259 to remote] DEBUG org.asynchttpclient.netty.request.NettyRequestSender - Using open Channel [id: 0x953bbb1e, L:/127.0.0.1:62345 - R:localhost/127.0.0.1:32166] for POST '/session/a0388c0894beec542c45fcd6fb410259/url'
06:32:09.559 [AsyncHttpClient-1-1] DEBUG org.asynchttpclient.netty.channel.DefaultChannelPool - Entry count for : http://localhost:62346 : 1
06:32:10.481 [AsyncHttpClient-1-8] DEBUG org.asynchttpclient.netty.handler.HttpHandler - 

Request DefaultHttpRequest(decodeResult: success, version: HTTP/1.1)
POST /session/a0388c0894beec542c45fcd6fb410259/url HTTP/1.1
User-Agent: selenium/4.8.1 (java windows)
Content-Length: 59
Content-Type: application/json; charset=utf-8
host: localhost:32166
accept: */*

Response DefaultHttpResponse(decodeResult: success, version: HTTP/1.1)
HTTP/1.1 200 OK
Content-Length: 14
Content-Type: application/json; charset=utf-8
cache-control: no-cache

06:32:10.483 [AsyncHttpClient-1-8] DEBUG org.asynchttpclient.netty.channel.ChannelManager - Adding key: http://localhost:32166 for channel [id: 0x953bbb1e, L:/127.0.0.1:62345 - R:localhost/127.0.0.1:32166]
06:32:10.493 [Forwarding findElement on session a0388c0894beec542c45fcd6fb410259 to remote] DEBUG org.asynchttpclient.netty.request.NettyRequestSender - Using pooled Channel '[id: 0x953bbb1e, L:/127.0.0.1:62345 - R:localhost/127.0.0.1:32166]' for 'POST' to 'http://localhost:32166/session/a0388c0894beec542c45fcd6fb410259/element'
06:32:10.493 [Forwarding findElement on session a0388c0894beec542c45fcd6fb410259 to remote] DEBUG org.asynchttpclient.netty.request.NettyRequestSender - Using open Channel [id: 0x953bbb1e, L:/127.0.0.1:62345 - R:localhost/127.0.0.1:32166] for POST '/session/a0388c0894beec542c45fcd6fb410259/element'
06:32:10.512 [AsyncHttpClient-1-8] DEBUG org.asynchttpclient.netty.handler.HttpHandler - 

Request DefaultHttpRequest(decodeResult: success, version: HTTP/1.1)
POST /session/a0388c0894beec542c45fcd6fb410259/element HTTP/1.1
User-Agent: selenium/4.8.1 (java windows)
Content-Length: 70
Content-Type: application/json; charset=utf-8
host: localhost:32166
accept: */*

Response DefaultHttpResponse(decodeResult: success, version: HTTP/1.1)
HTTP/1.1 200 OK
Content-Length: 88
Content-Type: application/json; charset=utf-8
cache-control: no-cache

06:32:10.513 [AsyncHttpClient-1-8] DEBUG org.asynchttpclient.netty.channel.ChannelManager - Adding key: http://localhost:32166 for channel [id: 0x953bbb1e, L:/127.0.0.1:62345 - R:localhost/127.0.0.1:32166]
06:32:10.532 [Forwarding isElementDisplayed on session a0388c0894beec542c45fcd6fb410259 to remote] DEBUG org.asynchttpclient.netty.request.NettyRequestSender - Using pooled Channel '[id: 0x953bbb1e, L:/127.0.0.1:62345 - R:localhost/127.0.0.1:32166]' for 'POST' to 'http://localhost:32166/session/a0388c0894beec542c45fcd6fb410259/execute/sync'
06:32:10.532 [Forwarding isElementDisplayed on session a0388c0894beec542c45fcd6fb410259 to remote] DEBUG org.asynchttpclient.netty.request.NettyRequestSender - Using open Channel [id: 0x953bbb1e, L:/127.0.0.1:62345 - R:localhost/127.0.0.1:32166] for POST '/session/a0388c0894beec542c45fcd6fb410259/execute/sync'
06:32:10.558 [AsyncHttpClient-1-8] DEBUG org.asynchttpclient.netty.handler.HttpHandler - 

Request DefaultHttpRequest(decodeResult: success, version: HTTP/1.1)
POST /session/a0388c0894beec542c45fcd6fb410259/execute/sync HTTP/1.1
User-Agent: selenium/4.8.1 (java windows)
Content-Length: 48807
Content-Type: application/json; charset=utf-8
host: localhost:32166
accept: */*

Response DefaultHttpResponse(decodeResult: success, version: HTTP/1.1)
HTTP/1.1 200 OK
Content-Length: 14
Content-Type: application/json; charset=utf-8
cache-control: no-cache

06:32:10.560 [AsyncHttpClient-1-8] DEBUG org.asynchttpclient.netty.channel.ChannelManager - Adding key: http://localhost:32166 for channel [id: 0x953bbb1e, L:/127.0.0.1:62345 - R:localhost/127.0.0.1:32166]
06:32:10.567 [Forwarding isElementDisplayed on session a0388c0894beec542c45fcd6fb410259 to remote] DEBUG org.asynchttpclient.netty.request.NettyRequestSender - Using pooled Channel '[id: 0x953bbb1e, L:/127.0.0.1:62345 - R:localhost/127.0.0.1:32166]' for 'POST' to 'http://localhost:32166/session/a0388c0894beec542c45fcd6fb410259/execute/sync'
06:32:10.567 [Forwarding isElementDisplayed on session a0388c0894beec542c45fcd6fb410259 to remote] DEBUG org.asynchttpclient.netty.request.NettyRequestSender - Using open Channel [id: 0x953bbb1e, L:/127.0.0.1:62345 - R:localhost/127.0.0.1:32166] for POST '/session/a0388c0894beec542c45fcd6fb410259/execute/sync'
06:32:10.594 [AsyncHttpClient-1-8] DEBUG org.asynchttpclient.netty.handler.HttpHandler - 

Request DefaultHttpRequest(decodeResult: success, version: HTTP/1.1)
POST /session/a0388c0894beec542c45fcd6fb410259/execute/sync HTTP/1.1
User-Agent: selenium/4.8.1 (java windows)
Content-Length: 48807
Content-Type: application/json; charset=utf-8
host: localhost:32166
accept: */*

Response DefaultHttpResponse(decodeResult: success, version: HTTP/1.1)
HTTP/1.1 200 OK
Content-Length: 14
Content-Type: application/json; charset=utf-8
cache-control: no-cache

06:32:10.594 [AsyncHttpClient-1-8] DEBUG org.asynchttpclient.netty.channel.ChannelManager - Adding key: http://localhost:32166 for channel [id: 0x953bbb1e, L:/127.0.0.1:62345 - R:localhost/127.0.0.1:32166]
06:32:10.599 [main] DEBUG net.thucydides.core.steps.StepInterceptor - STEP DONE: userOnMainPage
  &amp#27;[32mAnd &amp#27;[0m&amp#27;[32muser on main page&amp#27;[0m                                    &amp#27;[90m# starter.stepdefinitions.UserSteps.userOnMainPage()&amp#27;[0m
06:32:10.621 [main] DEBUG net.thucydides.core.steps.StepInterceptor - STARTING STEP: UserSteps.userClickTheDetailButtonOnTheSelectedProduct - userClickTheDetailButtonOnTheSelectedProduct
06:32:10.627 [Forwarding findElement on session a0388c0894beec542c45fcd6fb410259 to remote] DEBUG org.asynchttpclient.netty.request.NettyRequestSender - Using pooled Channel '[id: 0x953bbb1e, L:/127.0.0.1:62345 - R:localhost/127.0.0.1:32166]' for 'POST' to 'http://localhost:32166/session/a0388c0894beec542c45fcd6fb410259/element'
06:32:10.627 [Forwarding findElement on session a0388c0894beec542c45fcd6fb410259 to remote] DEBUG org.asynchttpclient.netty.request.NettyRequestSender - Using open Channel [id: 0x953bbb1e, L:/127.0.0.1:62345 - R:localhost/127.0.0.1:32166] for POST '/session/a0388c0894beec542c45fcd6fb410259/element'
06:32:10.666 [AsyncHttpClient-1-1] DEBUG org.asynchttpclient.netty.channel.DefaultChannelPool - Entry count for : http://localhost:62346 : 1
06:32:11.759 [AsyncHttpClient-1-1] DEBUG org.asynchttpclient.netty.channel.DefaultChannelPool - Entry count for : http://localhost:62346 : 1
06:32:12.858 [AsyncHttpClient-1-1] DEBUG org.asynchttpclient.netty.channel.DefaultChannelPool - Entry count for : http://localhost:62346 : 1
06:32:13.962 [AsyncHttpClient-1-1] DEBUG org.asynchttpclient.netty.channel.DefaultChannelPool - Entry count for : http://localhost:62346 : 1
06:32:15.059 [AsyncHttpClient-1-1] DEBUG org.asynchttpclient.netty.channel.DefaultChannelPool - Entry count for : http://localhost:62346 : 1
06:32:15.617 [AsyncHttpClient-1-8] DEBUG org.asynchttpclient.netty.handler.HttpHandler - 

Request DefaultHttpRequest(decodeResult: success, version: HTTP/1.1)
POST /session/a0388c0894beec542c45fcd6fb410259/element HTTP/1.1
User-Agent: selenium/4.8.1 (java windows)
Content-Length: 70
Content-Type: application/json; charset=utf-8
host: localhost:32166
accept: */*

Response DefaultHttpResponse(decodeResult: success, version: HTTP/1.1)
HTTP/1.1 200 OK
Content-Length: 88
Content-Type: application/json; charset=utf-8
cache-control: no-cache

06:32:15.618 [AsyncHttpClient-1-8] DEBUG org.asynchttpclient.netty.channel.ChannelManager - Adding key: http://localhost:32166 for channel [id: 0x953bbb1e, L:/127.0.0.1:62345 - R:localhost/127.0.0.1:32166]
06:32:15.625 [Forwarding getElementTagName on session a0388c0894beec542c45fcd6fb410259 to remote] DEBUG org.asynchttpclient.netty.request.NettyRequestSender - Using pooled Channel '[id: 0x953bbb1e, L:/127.0.0.1:62345 - R:localhost/127.0.0.1:32166]' for 'GET' to 'http://localhost:32166/session/a0388c0894beec542c45fcd6fb410259/element/fcf870fa-0d25-4785-a5e9-883d355f3500/name'
06:32:15.626 [Forwarding getElementTagName on session a0388c0894beec542c45fcd6fb410259 to remote] DEBUG org.asynchttpclient.netty.request.NettyRequestSender - Using open Channel [id: 0x953bbb1e, L:/127.0.0.1:62345 - R:localhost/127.0.0.1:32166] for GET '/session/a0388c0894beec542c45fcd6fb410259/element/fcf870fa-0d25-4785-a5e9-883d355f3500/name'
06:32:15.734 [AsyncHttpClient-1-8] DEBUG org.asynchttpclient.netty.handler.HttpHandler - 

Request DefaultFullHttpRequest(decodeResult: success, version: HTTP/1.1, content: EmptyByteBufBE)
GET /session/a0388c0894beec542c45fcd6fb410259/element/fcf870fa-0d25-4785-a5e9-883d355f3500/name HTTP/1.1
User-Agent: selenium/4.8.1 (java windows)
Cache-Control: no-cache
Content-Type: application/json; charset=utf-8
host: localhost:32166
accept: */*

Response DefaultHttpResponse(decodeResult: success, version: HTTP/1.1)
HTTP/1.1 200 OK
Content-Length: 16
Content-Type: application/json; charset=utf-8
cache-control: no-cache

06:32:15.734 [AsyncHttpClient-1-8] DEBUG org.asynchttpclient.netty.channel.ChannelManager - Adding key: http://localhost:32166 for channel [id: 0x953bbb1e, L:/127.0.0.1:62345 - R:localhost/127.0.0.1:32166]
06:32:15.736 [Forwarding getElementTagName on session a0388c0894beec542c45fcd6fb410259 to remote] DEBUG org.asynchttpclient.netty.request.NettyRequestSender - Using pooled Channel '[id: 0x953bbb1e, L:/127.0.0.1:62345 - R:localhost/127.0.0.1:32166]' for 'GET' to 'http://localhost:32166/session/a0388c0894beec542c45fcd6fb410259/element/fcf870fa-0d25-4785-a5e9-883d355f3500/name'
06:32:15.736 [Forwarding getElementTagName on session a0388c0894beec542c45fcd6fb410259 to remote] DEBUG org.asynchttpclient.netty.request.NettyRequestSender - Using open Channel [id: 0x953bbb1e, L:/127.0.0.1:62345 - R:localhost/127.0.0.1:32166] for GET '/session/a0388c0894beec542c45fcd6fb410259/element/fcf870fa-0d25-4785-a5e9-883d355f3500/name'
06:32:15.946 [AsyncHttpClient-1-8] DEBUG org.asynchttpclient.netty.handler.HttpHandler - 

Request DefaultFullHttpRequest(decodeResult: success, version: HTTP/1.1, content: EmptyByteBufBE)
GET /session/a0388c0894beec542c45fcd6fb410259/element/fcf870fa-0d25-4785-a5e9-883d355f3500/name HTTP/1.1
User-Agent: selenium/4.8.1 (java windows)
Cache-Control: no-cache
Content-Type: application/json; charset=utf-8
host: localhost:32166
accept: */*

Response DefaultHttpResponse(decodeResult: success, version: HTTP/1.1)
HTTP/1.1 200 OK
Content-Length: 16
Content-Type: application/json; charset=utf-8
cache-control: no-cache

06:32:15.946 [AsyncHttpClient-1-8] DEBUG org.asynchttpclient.netty.channel.ChannelManager - Adding key: http://localhost:32166 for channel [id: 0x953bbb1e, L:/127.0.0.1:62345 - R:localhost/127.0.0.1:32166]
06:32:15.950 [Forwarding findElement on session a0388c0894beec542c45fcd6fb410259 to remote] DEBUG org.asynchttpclient.netty.request.NettyRequestSender - Using pooled Channel '[id: 0x953bbb1e, L:/127.0.0.1:62345 - R:localhost/127.0.0.1:32166]' for 'POST' to 'http://localhost:32166/session/a0388c0894beec542c45fcd6fb410259/element'
06:32:15.950 [Forwarding findElement on session a0388c0894beec542c45fcd6fb410259 to remote] DEBUG org.asynchttpclient.netty.request.NettyRequestSender - Using open Channel [id: 0x953bbb1e, L:/127.0.0.1:62345 - R:localhost/127.0.0.1:32166] for POST '/session/a0388c0894beec542c45fcd6fb410259/element'
06:32:15.970 [AsyncHttpClient-1-8] DEBUG org.asynchttpclient.netty.handler.HttpHandler - 

Request DefaultHttpRequest(decodeResult: success, version: HTTP/1.1)
POST /session/a0388c0894beec542c45fcd6fb410259/element HTTP/1.1
User-Agent: selenium/4.8.1 (java windows)
Content-Length: 70
Content-Type: application/json; charset=utf-8
host: localhost:32166
accept: */*

Response DefaultHttpResponse(decodeResult: success, version: HTTP/1.1)
HTTP/1.1 200 OK
Content-Length: 88
Content-Type: application/json; charset=utf-8
cache-control: no-cache

06:32:15.971 [AsyncHttpClient-1-8] DEBUG org.asynchttpclient.netty.channel.ChannelManager - Adding key: http://localhost:32166 for channel [id: 0x953bbb1e, L:/127.0.0.1:62345 - R:localhost/127.0.0.1:32166]
06:32:15.973 [Forwarding clickElement on session a0388c0894beec542c45fcd6fb410259 to remote] DEBUG org.asynchttpclient.netty.request.NettyRequestSender - Using pooled Channel '[id: 0x953bbb1e, L:/127.0.0.1:62345 - R:localhost/127.0.0.1:32166]' for 'POST' to 'http://localhost:32166/session/a0388c0894beec542c45fcd6fb410259/element/fcf870fa-0d25-4785-a5e9-883d355f3500/click'
06:32:15.973 [Forwarding clickElement on session a0388c0894beec542c45fcd6fb410259 to remote] DEBUG org.asynchttpclient.netty.request.NettyRequestSender - Using open Channel [id: 0x953bbb1e, L:/127.0.0.1:62345 - R:localhost/127.0.0.1:32166] for POST '/session/a0388c0894beec542c45fcd6fb410259/element/fcf870fa-0d25-4785-a5e9-883d355f3500/click'
06:32:16.135 [AsyncHttpClient-1-8] DEBUG org.asynchttpclient.netty.handler.HttpHandler - 

Request DefaultHttpRequest(decodeResult: success, version: HTTP/1.1)
POST /session/a0388c0894beec542c45fcd6fb410259/element/fcf870fa-0d25-4785-a5e9-883d355f3500/click HTTP/1.1
User-Agent: selenium/4.8.1 (java windows)
Content-Length: 50
Content-Type: application/json; charset=utf-8
host: localhost:32166
accept: */*

Response DefaultHttpResponse(decodeResult: success, version: HTTP/1.1)
HTTP/1.1 200 OK
Content-Length: 14
Content-Type: application/json; charset=utf-8
cache-control: no-cache

06:32:16.135 [AsyncHttpClient-1-8] DEBUG org.asynchttpclient.netty.channel.ChannelManager - Adding key: http://localhost:32166 for channel [id: 0x953bbb1e, L:/127.0.0.1:62345 - R:localhost/127.0.0.1:32166]
06:32:16.142 [main] DEBUG net.thucydides.core.steps.StepInterceptor - STEP DONE: userClickTheDetailButtonOnTheSelectedProduct
  &amp#27;[32mAnd &amp#27;[0m&amp#27;[32muser click the detail button on the selected product&amp#27;[0m &amp#27;[90m# starter.stepdefinitions.UserSteps.userClickTheDetailButtonOnTheSelectedProduct()&amp#27;[0m
06:32:16.159 [main] DEBUG net.thucydides.core.steps.StepInterceptor - STARTING STEP: UserSteps.userOnDetailPage - userOnDetailPage
06:32:16.160 [AsyncHttpClient-1-1] DEBUG org.asynchttpclient.netty.channel.DefaultChannelPool - Entry count for : http://localhost:32166 : 1
06:32:16.160 [AsyncHttpClient-1-1] DEBUG org.asynchttpclient.netty.channel.DefaultChannelPool - Entry count for : http://localhost:62346 : 1
06:32:16.164 [Forwarding findElement on session a0388c0894beec542c45fcd6fb410259 to remote] DEBUG org.asynchttpclient.netty.request.NettyRequestSender - Using pooled Channel '[id: 0x953bbb1e, L:/127.0.0.1:62345 - R:localhost/127.0.0.1:32166]' for 'POST' to 'http://localhost:32166/session/a0388c0894beec542c45fcd6fb410259/element'
06:32:16.164 [Forwarding findElement on session a0388c0894beec542c45fcd6fb410259 to remote] DEBUG org.asynchttpclient.netty.request.NettyRequestSender - Using open Channel [id: 0x953bbb1e, L:/127.0.0.1:62345 - R:localhost/127.0.0.1:32166] for POST '/session/a0388c0894beec542c45fcd6fb410259/element'
06:32:16.832 [AsyncHttpClient-1-8] DEBUG org.asynchttpclient.netty.handler.HttpHandler - 

Request DefaultHttpRequest(decodeResult: success, version: HTTP/1.1)
POST /session/a0388c0894beec542c45fcd6fb410259/element HTTP/1.1
User-Agent: selenium/4.8.1 (java windows)
Content-Length: 137
Content-Type: application/json; charset=utf-8
host: localhost:32166
accept: */*

Response DefaultHttpResponse(decodeResult: success, version: HTTP/1.1)
HTTP/1.1 200 OK
Content-Length: 88
Content-Type: application/json; charset=utf-8
cache-control: no-cache

06:32:16.832 [AsyncHttpClient-1-8] DEBUG org.asynchttpclient.netty.channel.ChannelManager - Adding key: http://localhost:32166 for channel [id: 0x953bbb1e, L:/127.0.0.1:62345 - R:localhost/127.0.0.1:32166]
06:32:16.844 [Forwarding isElementDisplayed on session a0388c0894beec542c45fcd6fb410259 to remote] DEBUG org.asynchttpclient.netty.request.NettyRequestSender - Using pooled Channel '[id: 0x953bbb1e, L:/127.0.0.1:62345 - R:localhost/127.0.0.1:32166]' for 'POST' to 'http://localhost:32166/session/a0388c0894beec542c45fcd6fb410259/execute/sync'
06:32:16.844 [Forwarding isElementDisplayed on session a0388c0894beec542c45fcd6fb410259 to remote] DEBUG org.asynchttpclient.netty.request.NettyRequestSender - Using open Channel [id: 0x953bbb1e, L:/127.0.0.1:62345 - R:localhost/127.0.0.1:32166] for POST '/session/a0388c0894beec542c45fcd6fb410259/execute/sync'
06:32:16.875 [AsyncHttpClient-1-8] DEBUG org.asynchttpclient.netty.handler.HttpHandler - 

Request DefaultHttpRequest(decodeResult: success, version: HTTP/1.1)
POST /session/a0388c0894beec542c45fcd6fb410259/execute/sync HTTP/1.1
User-Agent: selenium/4.8.1 (java windows)
Content-Length: 48807
Content-Type: application/json; charset=utf-8
host: localhost:32166
accept: */*

Response DefaultHttpResponse(decodeResult: success, version: HTTP/1.1)
HTTP/1.1 200 OK
Content-Length: 14
Content-Type: application/json; charset=utf-8
cache-control: no-cache

06:32:16.876 [AsyncHttpClient-1-8] DEBUG org.asynchttpclient.netty.channel.ChannelManager - Adding key: http://localhost:32166 for channel [id: 0x953bbb1e, L:/127.0.0.1:62345 - R:localhost/127.0.0.1:32166]
06:32:16.884 [Forwarding isElementDisplayed on session a0388c0894beec542c45fcd6fb410259 to remote] DEBUG org.asynchttpclient.netty.request.NettyRequestSender - Using pooled Channel '[id: 0x953bbb1e, L:/127.0.0.1:62345 - R:localhost/127.0.0.1:32166]' for 'POST' to 'http://localhost:32166/session/a0388c0894beec542c45fcd6fb410259/execute/sync'
06:32:16.885 [Forwarding isElementDisplayed on session a0388c0894beec542c45fcd6fb410259 to remote] DEBUG org.asynchttpclient.netty.request.NettyRequestSender - Using open Channel [id: 0x953bbb1e, L:/127.0.0.1:62345 - R:localhost/127.0.0.1:32166] for POST '/session/a0388c0894beec542c45fcd6fb410259/execute/sync'
06:32:16.911 [AsyncHttpClient-1-8] DEBUG org.asynchttpclient.netty.handler.HttpHandler - 

Request DefaultHttpRequest(decodeResult: success, version: HTTP/1.1)
POST /session/a0388c0894beec542c45fcd6fb410259/execute/sync HTTP/1.1
User-Agent: selenium/4.8.1 (java windows)
Content-Length: 48807
Content-Type: application/json; charset=utf-8
host: localhost:32166
accept: */*

Response DefaultHttpResponse(decodeResult: success, version: HTTP/1.1)
HTTP/1.1 200 OK
Content-Length: 14
Content-Type: application/json; charset=utf-8
cache-control: no-cache

06:32:16.911 [AsyncHttpClient-1-8] DEBUG org.asynchttpclient.netty.channel.ChannelManager - Adding key: http://localhost:32166 for channel [id: 0x953bbb1e, L:/127.0.0.1:62345 - R:localhost/127.0.0.1:32166]
06:32:16.916 [main] DEBUG net.thucydides.core.steps.StepInterceptor - STEP DONE: userOnDetailPage
  &amp#27;[32mThen &amp#27;[0m&amp#27;[32muser on detail page&amp#27;[0m                                 &amp#27;[90m# starter.stepdefinitions.UserSteps.userOnDetailPage()&amp#27;[0m
06:32:16.927 [main] INFO  - 
  _____   ___   ___   _____     ___     _     ___   ___   ___   ___  
 |_   _| | __| / __| |_   _|   | _ \   /_\   / __| / __| | __| |   \ 
   | |   | _|  \__ \   | |     |  _/  / _ \  \__ \ \__ \ | _|  | |) |
   |_|   |___| |___/   |_|     |_|   /_/ \_\ |___/ |___/ |___| |___/ 

as a user I want to see product details
----------------------------------------------------------------------
06:32:16.931 [AsyncHttpClient-1-10] DEBUG org.asynchttpclient.netty.handler.WebSocketHandler - Channel Closed: [id: 0x548fcb7c, L:/127.0.0.1:62353 ! R:localhost/127.0.0.1:62346] with attribute NettyResponseFuture{currentRetry=0,
	isDone=1,
	isCancelled=0,
	asyncHandler=org.asynchttpclient.ws.WebSocketUpgradeHandler@a982970,
	nettyRequest=org.asynchttpclient.netty.request.NettyRequest@4f9ab647,
	future=java.util.concurrent.CompletableFuture@4de89df6[Completed normally],
	uri=ws://localhost:62346/devtools/browser/4313bcfe-718c-4dfd-b9e6-6142f8ec6eb4,
	keepAlive=true,
	redirectCount=0,
	timeoutsHolder=null,
	inAuth=0,
	touch=1683588721618}
06:32:16.932 [Driver Command Executor] DEBUG org.asynchttpclient.netty.request.NettyRequestSender - Using pooled Channel '[id: 0x953bbb1e, L:/127.0.0.1:62345 - R:localhost/127.0.0.1:32166]' for 'DELETE' to 'http://localhost:32166/session/a0388c0894beec542c45fcd6fb410259'
06:32:16.932 [AsyncHttpClient-1-10] DEBUG org.asynchttpclient.netty.channel.ChannelManager - Closing Channel [id: 0x548fcb7c, L:/127.0.0.1:62353 ! R:localhost/127.0.0.1:62346] 
06:32:16.932 [Driver Command Executor] DEBUG org.asynchttpclient.netty.request.NettyRequestSender - Using open Channel [id: 0x953bbb1e, L:/127.0.0.1:62345 - R:localhost/127.0.0.1:32166] for DELETE '/session/a0388c0894beec542c45fcd6fb410259'
06:32:16.993 [AsyncHttpClient-1-9] DEBUG org.asynchttpclient.netty.handler.HttpHandler - Unexpected I/O exception on channel [id: 0x3330b4cf, L:/127.0.0.1:62352 - R:localhost/127.0.0.1:62346]
java.net.SocketException: Connection reset
	at java.base/sun.nio.ch.SocketChannelImpl.throwConnectionReset(SocketChannelImpl.java:345)
	at java.base/sun.nio.ch.SocketChannelImpl.read(SocketChannelImpl.java:376)
	at io.netty.buffer.PooledByteBuf.setBytes(PooledByteBuf.java:259)
	at io.netty.buffer.AbstractByteBuf.writeBytes(AbstractByteBuf.java:1132)
	at io.netty.channel.socket.nio.NioSocketChannel.doReadBytes(NioSocketChannel.java:357)
	at io.netty.channel.nio.AbstractNioByteChannel$NioByteUnsafe.read(AbstractNioByteChannel.java:151)
	at io.netty.channel.nio.NioEventLoop.processSelectedKey(NioEventLoop.java:788)
	at io.netty.channel.nio.NioEventLoop.processSelectedKeysOptimized(NioEventLoop.java:724)
	at io.netty.channel.nio.NioEventLoop.processSelectedKeys(NioEventLoop.java:650)
	at io.netty.channel.nio.NioEventLoop.run(NioEventLoop.java:562)
	at io.netty.util.concurrent.SingleThreadEventExecutor$4.run(SingleThreadEventExecutor.java:997)
	at io.netty.util.internal.ThreadExecutorMap$2.run(ThreadExecutorMap.java:74)
	at io.netty.util.concurrent.FastThreadLocalRunnable.run(FastThreadLocalRunnable.java:30)
	at java.base/java.lang.Thread.run(Thread.java:832)
06:32:16.993 [AsyncHttpClient-1-9] DEBUG org.asynchttpclient.netty.channel.ChannelManager - Closing Channel [id: 0x3330b4cf, L:/127.0.0.1:62352 - R:localhost/127.0.0.1:62346] 
06:32:16.994 [AsyncHttpClient-1-9] DEBUG org.asynchttpclient.netty.handler.HttpHandler - Channel Closed: [id: 0x3330b4cf, L:/127.0.0.1:62352 ! R:localhost/127.0.0.1:62346] with attribute DISCARD
06:32:17.033 [AsyncHttpClient-1-8] DEBUG org.asynchttpclient.netty.handler.HttpHandler - 

Request DefaultFullHttpRequest(decodeResult: success, version: HTTP/1.1, content: EmptyByteBufBE)
DELETE /session/a0388c0894beec542c45fcd6fb410259 HTTP/1.1
User-Agent: selenium/4.8.1 (java windows)
Content-Type: application/json; charset=utf-8
host: localhost:32166
accept: */*

Response DefaultHttpResponse(decodeResult: success, version: HTTP/1.1)
HTTP/1.1 200 OK
Content-Length: 14
Content-Type: application/json; charset=utf-8
cache-control: no-cache

06:32:17.034 [AsyncHttpClient-1-8] DEBUG org.asynchttpclient.netty.channel.ChannelManager - Adding key: http://localhost:32166 for channel [id: 0x953bbb1e, L:/127.0.0.1:62345 - R:localhost/127.0.0.1:32166]
06:32:17.263 [AsyncHttpClient-1-1] DEBUG org.asynchttpclient.netty.channel.DefaultChannelPool - Entry count for : http://localhost:32166 : 1
06:32:17.263 [AsyncHttpClient-1-1] DEBUG org.asynchttpclient.netty.channel.DefaultChannelPool - Entry count for : http://localhost:62346 : 1
06:32:17.263 [AsyncHttpClient-1-1] DEBUG org.asynchttpclient.netty.channel.DefaultChannelPool - Adding Candidate expired Channel [id: 0x3330b4cf, L:/127.0.0.1:62352 ! R:localhost/127.0.0.1:62346] isIdleTimeoutExpired=false isRemotelyClosed=true isTtlExpired=false
06:32:17.263 [AsyncHttpClient-1-1] DEBUG org.asynchttpclient.netty.channel.DefaultChannelPool - Closing Idle Channel [id: 0x3330b4cf, L:/127.0.0.1:62352 ! R:localhost/127.0.0.1:62346]
06:32:17.263 [AsyncHttpClient-1-1] DEBUG org.asynchttpclient.netty.channel.DefaultChannelPool - Closed 1 connections out of 2 in 0 ms
06:32:17.660 [AsyncHttpClient-1-8] DEBUG org.asynchttpclient.netty.handler.HttpHandler - Channel Closed: [id: 0x953bbb1e, L:/127.0.0.1:62345 ! R:localhost/127.0.0.1:32166] with attribute DISCARD
]]></system-out>
    <system-err><![CDATA[Starting ChromeDriver 112.0.5615.49 (bd2a7bcb881c11e8cfe3078709382934e3916914-refs/branch-heads/5615@{#936}) on port 32166
Only local connections are allowed.
Please see https://chromedriver.chromium.org/security-considerations for suggestions on keeping ChromeDriver safe.
ChromeDriver was started successfully.
May 09, 2023 6:32:01 AM org.openqa.selenium.devtools.CdpVersionFinder findNearestMatch
WARNING: Unable to find an exact match for CDP version 112, so returning the closest version found: 110
]]></system-err>
  </testcase>
  <testcase name="as a user I want to add a product to my shopping cart" classname="As a user" time="17.064">
    <system-out><![CDATA[
@TC-007
Scenario: as a user I want to add a product to my shopping cart &amp#27;[90m# src/test/resources/features/user.feature:41&amp#27;[0m
06:32:18.210 [main] DEBUG io.cucumber.core.plugin.SerenityReporter - Running feature from file:///C:/Users/Lenovo/IdeaProjects/MiniProject/MiniProjectWeb/src/test/resources/features/user.feature
06:32:18.219 [main] INFO  - 
  _____   ___   ___   _____     ___   _____     _     ___   _____   ___   ___  
 |_   _| | __| / __| |_   _|   / __| |_   _|   /_\   | _ \ |_   _| | __| |   \ 
   | |   | _|  \__ \   | |     \__ \   | |    / _ \  |   /   | |   | _|  | |) |
   |_|   |___| |___/   |_|     |___/   |_|   /_/ \_\ |_|_\   |_|   |___| |___/ 

as a user I want to add a product to my shopping cart(as-a-user;as-a-user-i-want-to-add-a-product-to-my-shopping-cart)
--------------------------------------------------------------------------------
06:32:18.360 [AsyncHttpClient-1-1] DEBUG org.asynchttpclient.netty.channel.DefaultChannelPool - Entry count for : http://localhost:32166 : 1
06:32:18.360 [AsyncHttpClient-1-1] DEBUG org.asynchttpclient.netty.channel.DefaultChannelPool - Adding Candidate expired Channel [id: 0x953bbb1e, L:/127.0.0.1:62345 ! R:localhost/127.0.0.1:32166] isIdleTimeoutExpired=false isRemotelyClosed=true isTtlExpired=false
06:32:18.360 [AsyncHttpClient-1-1] DEBUG org.asynchttpclient.netty.channel.DefaultChannelPool - Closing Idle Channel [id: 0x953bbb1e, L:/127.0.0.1:62345 ! R:localhost/127.0.0.1:32166]
06:32:18.360 [AsyncHttpClient-1-1] DEBUG org.asynchttpclient.netty.channel.DefaultChannelPool - Closed 1 connections out of 1 in 0 ms
06:32:18.376 [main] DEBUG net.thucydides.core.steps.StepInterceptor - STARTING STEP: UserSteps.userOnMainPage - userOnMainPage
06:32:18.632 [main] INFO net.serenitybdd.core.webdriver.driverproviders.ChromeDriverProvider - Starting Chrome driver instance with capabilities:
06:32:18.633 [main] INFO net.serenitybdd.core.webdriver.driverproviders.ChromeDriverProvider - Capabilities {acceptInsecureCerts: true, browserName: chrome, goog:chromeOptions: {args: [remote-allow-origins=*, test-type, no-sandbox, ignore-certificate-errors, start-maximized, incognito, disable-infobars, disable-gpu, disable-default-apps, disable-popup-blocking, remote-allow-origins=*, test-type, no-sandbox, ignore-certificate-errors, start-maximized, incognito, disable-infobars, disable-gpu, disable-default-apps, disable-popup-blocking, remote-allow-origins=*], extensions: []}}
06:32:19.260 [AsyncHttpClient-1-11] DEBUG org.asynchttpclient.netty.channel.NettyConnectListener - Using new Channel '[id: 0x5952f140, L:/127.0.0.1:62370 - R:localhost/127.0.0.1:38203]' for 'POST' to '/session'
06:32:20.472 [AsyncHttpClient-1-11] DEBUG org.asynchttpclient.netty.handler.HttpHandler - 

Request DefaultHttpRequest(decodeResult: success, version: HTTP/1.1)
POST /session HTTP/1.1
User-Agent: selenium/4.8.1 (java windows)
Content-Length: 1701
Content-Type: application/json; charset=utf-8
host: localhost:38203
accept: */*

Response DefaultHttpResponse(decodeResult: success, version: HTTP/1.1)
HTTP/1.1 200 OK
Content-Length: 859
Content-Type: application/json; charset=utf-8
cache-control: no-cache

06:32:20.473 [AsyncHttpClient-1-11] DEBUG org.asynchttpclient.netty.channel.ChannelManager - Adding key: http://localhost:38203 for channel [id: 0x5952f140, L:/127.0.0.1:62370 - R:localhost/127.0.0.1:38203]
06:32:20.495 [AsyncHttpClient-1-12] DEBUG org.asynchttpclient.netty.channel.NettyConnectListener - Using new Channel '[id: 0xb778cb11, L:/127.0.0.1:62377 - R:localhost/127.0.0.1:62371]' for 'GET' to '/json/version'
06:32:20.502 [AsyncHttpClient-1-12] DEBUG org.asynchttpclient.netty.handler.HttpHandler - 

Request DefaultFullHttpRequest(decodeResult: success, version: HTTP/1.1, content: EmptyByteBufBE)
GET /json/version HTTP/1.1
User-Agent: selenium/4.8.1 (java windows)
host: localhost:62371
accept: */*

Response DefaultHttpResponse(decodeResult: success, version: HTTP/1.1)
HTTP/1.1 200 OK
Content-Security-Policy: frame-ancestors 'none'
Content-Length: 424
Content-Type: application/json; charset=UTF-8

06:32:20.503 [AsyncHttpClient-1-12] DEBUG org.asynchttpclient.netty.channel.ChannelManager - Adding key: http://localhost:62371 for channel [id: 0xb778cb11, L:/127.0.0.1:62377 - R:localhost/127.0.0.1:62371]
06:32:20.513 [AsyncHttpClient-1-13] DEBUG org.asynchttpclient.netty.channel.NettyConnectListener - Using new Channel '[id: 0x1692cc09, L:/127.0.0.1:62378 - R:localhost/127.0.0.1:62371]' for 'GET' to '/devtools/browser/99a4bd44-6f23-4d5b-8982-34ed570f5572'
06:32:20.519 [AsyncHttpClient-1-13] DEBUG org.asynchttpclient.netty.handler.WebSocketHandler - 

Request DefaultFullHttpRequest(decodeResult: success, version: HTTP/1.1, content: EmptyByteBufBE)
GET /devtools/browser/99a4bd44-6f23-4d5b-8982-34ed570f5572 HTTP/1.1
upgrade: websocket
connection: upgrade
sec-websocket-key: log0GO8SpkLFSSNG6yvg6Q==
sec-websocket-version: 13
origin: http://localhost:62371
host: localhost:62371
accept: */*
user-agent: AHC/2.1

Response DefaultHttpResponse(decodeResult: success, version: HTTP/1.1)
HTTP/1.1 101 WebSocket Protocol Handshake
Upgrade: WebSocket
Connection: Upgrade
Sec-WebSocket-Accept: OiqLP7HZelJuF27LIbhezjD1Iu0=

06:32:20.532 [Forwarding get on session 73c270e8d6f22a8d89e2eda7aac02522 to remote] DEBUG org.asynchttpclient.netty.request.NettyRequestSender - Using pooled Channel '[id: 0x5952f140, L:/127.0.0.1:62370 - R:localhost/127.0.0.1:38203]' for 'POST' to 'http://localhost:38203/session/73c270e8d6f22a8d89e2eda7aac02522/url'
06:32:20.533 [Forwarding get on session 73c270e8d6f22a8d89e2eda7aac02522 to remote] DEBUG org.asynchttpclient.netty.request.NettyRequestSender - Using open Channel [id: 0x5952f140, L:/127.0.0.1:62370 - R:localhost/127.0.0.1:38203] for POST '/session/73c270e8d6f22a8d89e2eda7aac02522/url'
06:32:20.558 [AsyncHttpClient-1-1] DEBUG org.asynchttpclient.netty.channel.DefaultChannelPool - Entry count for : http://localhost:62371 : 1
06:32:21.664 [AsyncHttpClient-1-1] DEBUG org.asynchttpclient.netty.channel.DefaultChannelPool - Entry count for : http://localhost:62371 : 1
06:32:21.852 [AsyncHttpClient-1-11] DEBUG org.asynchttpclient.netty.handler.HttpHandler - 

Request DefaultHttpRequest(decodeResult: success, version: HTTP/1.1)
POST /session/73c270e8d6f22a8d89e2eda7aac02522/url HTTP/1.1
User-Agent: selenium/4.8.1 (java windows)
Content-Length: 59
Content-Type: application/json; charset=utf-8
host: localhost:38203
accept: */*

Response DefaultHttpResponse(decodeResult: success, version: HTTP/1.1)
HTTP/1.1 200 OK
Content-Length: 14
Content-Type: application/json; charset=utf-8
cache-control: no-cache

06:32:21.852 [AsyncHttpClient-1-11] DEBUG org.asynchttpclient.netty.channel.ChannelManager - Adding key: http://localhost:38203 for channel [id: 0x5952f140, L:/127.0.0.1:62370 - R:localhost/127.0.0.1:38203]
06:32:21.857 [Forwarding setTimeout on session 73c270e8d6f22a8d89e2eda7aac02522 to remote] DEBUG org.asynchttpclient.netty.request.NettyRequestSender - Using pooled Channel '[id: 0x5952f140, L:/127.0.0.1:62370 - R:localhost/127.0.0.1:38203]' for 'POST' to 'http://localhost:38203/session/73c270e8d6f22a8d89e2eda7aac02522/timeouts'
06:32:21.857 [Forwarding setTimeout on session 73c270e8d6f22a8d89e2eda7aac02522 to remote] DEBUG org.asynchttpclient.netty.request.NettyRequestSender - Using open Channel [id: 0x5952f140, L:/127.0.0.1:62370 - R:localhost/127.0.0.1:38203] for POST '/session/73c270e8d6f22a8d89e2eda7aac02522/timeouts'
06:32:21.860 [AsyncHttpClient-1-11] DEBUG org.asynchttpclient.netty.handler.HttpHandler - 

Request DefaultHttpRequest(decodeResult: success, version: HTTP/1.1)
POST /session/73c270e8d6f22a8d89e2eda7aac02522/timeouts HTTP/1.1
User-Agent: selenium/4.8.1 (java windows)
Content-Length: 22
Content-Type: application/json; charset=utf-8
host: localhost:38203
accept: */*

Response DefaultHttpResponse(decodeResult: success, version: HTTP/1.1)
HTTP/1.1 200 OK
Content-Length: 14
Content-Type: application/json; charset=utf-8
cache-control: no-cache

06:32:21.861 [AsyncHttpClient-1-11] DEBUG org.asynchttpclient.netty.channel.ChannelManager - Adding key: http://localhost:38203 for channel [id: 0x5952f140, L:/127.0.0.1:62370 - R:localhost/127.0.0.1:38203]
06:32:21.877 [Forwarding findElement on session 73c270e8d6f22a8d89e2eda7aac02522 to remote] DEBUG org.asynchttpclient.netty.request.NettyRequestSender - Using pooled Channel '[id: 0x5952f140, L:/127.0.0.1:62370 - R:localhost/127.0.0.1:38203]' for 'POST' to 'http://localhost:38203/session/73c270e8d6f22a8d89e2eda7aac02522/element'
06:32:21.877 [Forwarding findElement on session 73c270e8d6f22a8d89e2eda7aac02522 to remote] DEBUG org.asynchttpclient.netty.request.NettyRequestSender - Using open Channel [id: 0x5952f140, L:/127.0.0.1:62370 - R:localhost/127.0.0.1:38203] for POST '/session/73c270e8d6f22a8d89e2eda7aac02522/element'
06:32:21.924 [AsyncHttpClient-1-11] DEBUG org.asynchttpclient.netty.handler.HttpHandler - 

Request DefaultHttpRequest(decodeResult: success, version: HTTP/1.1)
POST /session/73c270e8d6f22a8d89e2eda7aac02522/element HTTP/1.1
User-Agent: selenium/4.8.1 (java windows)
Content-Length: 70
Content-Type: application/json; charset=utf-8
host: localhost:38203
accept: */*

Response DefaultHttpResponse(decodeResult: success, version: HTTP/1.1)
HTTP/1.1 200 OK
Content-Length: 88
Content-Type: application/json; charset=utf-8
cache-control: no-cache

06:32:21.925 [AsyncHttpClient-1-11] DEBUG org.asynchttpclient.netty.channel.ChannelManager - Adding key: http://localhost:38203 for channel [id: 0x5952f140, L:/127.0.0.1:62370 - R:localhost/127.0.0.1:38203]
06:32:21.940 [Forwarding isElementDisplayed on session 73c270e8d6f22a8d89e2eda7aac02522 to remote] DEBUG org.asynchttpclient.netty.request.NettyRequestSender - Using pooled Channel '[id: 0x5952f140, L:/127.0.0.1:62370 - R:localhost/127.0.0.1:38203]' for 'POST' to 'http://localhost:38203/session/73c270e8d6f22a8d89e2eda7aac02522/execute/sync'
06:32:21.940 [Forwarding isElementDisplayed on session 73c270e8d6f22a8d89e2eda7aac02522 to remote] DEBUG org.asynchttpclient.netty.request.NettyRequestSender - Using open Channel [id: 0x5952f140, L:/127.0.0.1:62370 - R:localhost/127.0.0.1:38203] for POST '/session/73c270e8d6f22a8d89e2eda7aac02522/execute/sync'
06:32:22.765 [AsyncHttpClient-1-1] DEBUG org.asynchttpclient.netty.channel.DefaultChannelPool - Entry count for : http://localhost:62371 : 1
06:32:23.859 [AsyncHttpClient-1-1] DEBUG org.asynchttpclient.netty.channel.DefaultChannelPool - Entry count for : http://localhost:62371 : 1
06:32:24.962 [AsyncHttpClient-1-1] DEBUG org.asynchttpclient.netty.channel.DefaultChannelPool - Entry count for : http://localhost:62371 : 1
06:32:26.060 [AsyncHttpClient-1-1] DEBUG org.asynchttpclient.netty.channel.DefaultChannelPool - Entry count for : http://localhost:62371 : 1
06:32:26.328 [AsyncHttpClient-1-11] DEBUG org.asynchttpclient.netty.handler.HttpHandler - 

Request DefaultHttpRequest(decodeResult: success, version: HTTP/1.1)
POST /session/73c270e8d6f22a8d89e2eda7aac02522/execute/sync HTTP/1.1
User-Agent: selenium/4.8.1 (java windows)
Content-Length: 48807
Content-Type: application/json; charset=utf-8
host: localhost:38203
accept: */*

Response DefaultHttpResponse(decodeResult: success, version: HTTP/1.1)
HTTP/1.1 200 OK
Content-Length: 14
Content-Type: application/json; charset=utf-8
cache-control: no-cache

06:32:26.329 [AsyncHttpClient-1-11] DEBUG org.asynchttpclient.netty.channel.ChannelManager - Adding key: http://localhost:38203 for channel [id: 0x5952f140, L:/127.0.0.1:62370 - R:localhost/127.0.0.1:38203]
06:32:26.335 [Forwarding isElementDisplayed on session 73c270e8d6f22a8d89e2eda7aac02522 to remote] DEBUG org.asynchttpclient.netty.request.NettyRequestSender - Using pooled Channel '[id: 0x5952f140, L:/127.0.0.1:62370 - R:localhost/127.0.0.1:38203]' for 'POST' to 'http://localhost:38203/session/73c270e8d6f22a8d89e2eda7aac02522/execute/sync'
06:32:26.335 [Forwarding isElementDisplayed on session 73c270e8d6f22a8d89e2eda7aac02522 to remote] DEBUG org.asynchttpclient.netty.request.NettyRequestSender - Using open Channel [id: 0x5952f140, L:/127.0.0.1:62370 - R:localhost/127.0.0.1:38203] for POST '/session/73c270e8d6f22a8d89e2eda7aac02522/execute/sync'
06:32:26.358 [AsyncHttpClient-1-11] DEBUG org.asynchttpclient.netty.handler.HttpHandler - 

Request DefaultHttpRequest(decodeResult: success, version: HTTP/1.1)
POST /session/73c270e8d6f22a8d89e2eda7aac02522/execute/sync HTTP/1.1
User-Agent: selenium/4.8.1 (java windows)
Content-Length: 48807
Content-Type: application/json; charset=utf-8
host: localhost:38203
accept: */*

Response DefaultHttpResponse(decodeResult: success, version: HTTP/1.1)
HTTP/1.1 200 OK
Content-Length: 14
Content-Type: application/json; charset=utf-8
cache-control: no-cache

06:32:26.358 [AsyncHttpClient-1-11] DEBUG org.asynchttpclient.netty.channel.ChannelManager - Adding key: http://localhost:38203 for channel [id: 0x5952f140, L:/127.0.0.1:62370 - R:localhost/127.0.0.1:38203]
06:32:26.361 [main] DEBUG net.thucydides.core.steps.StepInterceptor - STEP DONE: userOnMainPage
  &amp#27;[32mGiven &amp#27;[0m&amp#27;[32muser on main page&amp#27;[0m                                       &amp#27;[90m# starter.stepdefinitions.UserSteps.userOnMainPage()&amp#27;[0m
06:32:26.375 [main] DEBUG net.thucydides.core.steps.StepInterceptor - STARTING STEP: UserSteps.userClickOnLoginButton - userClickOnLoginButton
06:32:26.379 [Forwarding findElement on session 73c270e8d6f22a8d89e2eda7aac02522 to remote] DEBUG org.asynchttpclient.netty.request.NettyRequestSender - Using pooled Channel '[id: 0x5952f140, L:/127.0.0.1:62370 - R:localhost/127.0.0.1:38203]' for 'POST' to 'http://localhost:38203/session/73c270e8d6f22a8d89e2eda7aac02522/element'
06:32:26.379 [Forwarding findElement on session 73c270e8d6f22a8d89e2eda7aac02522 to remote] DEBUG org.asynchttpclient.netty.request.NettyRequestSender - Using open Channel [id: 0x5952f140, L:/127.0.0.1:62370 - R:localhost/127.0.0.1:38203] for POST '/session/73c270e8d6f22a8d89e2eda7aac02522/element'
06:32:26.405 [AsyncHttpClient-1-11] DEBUG org.asynchttpclient.netty.handler.HttpHandler - 

Request DefaultHttpRequest(decodeResult: success, version: HTTP/1.1)
POST /session/73c270e8d6f22a8d89e2eda7aac02522/element HTTP/1.1
User-Agent: selenium/4.8.1 (java windows)
Content-Length: 106
Content-Type: application/json; charset=utf-8
host: localhost:38203
accept: */*

Response DefaultHttpResponse(decodeResult: success, version: HTTP/1.1)
HTTP/1.1 200 OK
Content-Length: 88
Content-Type: application/json; charset=utf-8
cache-control: no-cache

06:32:26.406 [AsyncHttpClient-1-11] DEBUG org.asynchttpclient.netty.channel.ChannelManager - Adding key: http://localhost:38203 for channel [id: 0x5952f140, L:/127.0.0.1:62370 - R:localhost/127.0.0.1:38203]
06:32:26.408 [Forwarding getElementTagName on session 73c270e8d6f22a8d89e2eda7aac02522 to remote] DEBUG org.asynchttpclient.netty.request.NettyRequestSender - Using pooled Channel '[id: 0x5952f140, L:/127.0.0.1:62370 - R:localhost/127.0.0.1:38203]' for 'GET' to 'http://localhost:38203/session/73c270e8d6f22a8d89e2eda7aac02522/element/d0fc9305-6a62-4306-8c3b-aff6b4cb7ae3/name'
06:32:26.408 [Forwarding getElementTagName on session 73c270e8d6f22a8d89e2eda7aac02522 to remote] DEBUG org.asynchttpclient.netty.request.NettyRequestSender - Using open Channel [id: 0x5952f140, L:/127.0.0.1:62370 - R:localhost/127.0.0.1:38203] for GET '/session/73c270e8d6f22a8d89e2eda7aac02522/element/d0fc9305-6a62-4306-8c3b-aff6b4cb7ae3/name'
06:32:26.417 [AsyncHttpClient-1-11] DEBUG org.asynchttpclient.netty.handler.HttpHandler - 

Request DefaultFullHttpRequest(decodeResult: success, version: HTTP/1.1, content: EmptyByteBufBE)
GET /session/73c270e8d6f22a8d89e2eda7aac02522/element/d0fc9305-6a62-4306-8c3b-aff6b4cb7ae3/name HTTP/1.1
User-Agent: selenium/4.8.1 (java windows)
Cache-Control: no-cache
Content-Type: application/json; charset=utf-8
host: localhost:38203
accept: */*

Response DefaultHttpResponse(decodeResult: success, version: HTTP/1.1)
HTTP/1.1 200 OK
Content-Length: 13
Content-Type: application/json; charset=utf-8
cache-control: no-cache

06:32:26.417 [AsyncHttpClient-1-11] DEBUG org.asynchttpclient.netty.channel.ChannelManager - Adding key: http://localhost:38203 for channel [id: 0x5952f140, L:/127.0.0.1:62370 - R:localhost/127.0.0.1:38203]
06:32:26.419 [Forwarding getElementTagName on session 73c270e8d6f22a8d89e2eda7aac02522 to remote] DEBUG org.asynchttpclient.netty.request.NettyRequestSender - Using pooled Channel '[id: 0x5952f140, L:/127.0.0.1:62370 - R:localhost/127.0.0.1:38203]' for 'GET' to 'http://localhost:38203/session/73c270e8d6f22a8d89e2eda7aac02522/element/d0fc9305-6a62-4306-8c3b-aff6b4cb7ae3/name'
06:32:26.419 [Forwarding getElementTagName on session 73c270e8d6f22a8d89e2eda7aac02522 to remote] DEBUG org.asynchttpclient.netty.request.NettyRequestSender - Using open Channel [id: 0x5952f140, L:/127.0.0.1:62370 - R:localhost/127.0.0.1:38203] for GET '/session/73c270e8d6f22a8d89e2eda7aac02522/element/d0fc9305-6a62-4306-8c3b-aff6b4cb7ae3/name'
06:32:26.426 [AsyncHttpClient-1-11] DEBUG org.asynchttpclient.netty.handler.HttpHandler - 

Request DefaultFullHttpRequest(decodeResult: success, version: HTTP/1.1, content: EmptyByteBufBE)
GET /session/73c270e8d6f22a8d89e2eda7aac02522/element/d0fc9305-6a62-4306-8c3b-aff6b4cb7ae3/name HTTP/1.1
User-Agent: selenium/4.8.1 (java windows)
Cache-Control: no-cache
Content-Type: application/json; charset=utf-8
host: localhost:38203
accept: */*

Response DefaultHttpResponse(decodeResult: success, version: HTTP/1.1)
HTTP/1.1 200 OK
Content-Length: 13
Content-Type: application/json; charset=utf-8
cache-control: no-cache

06:32:26.426 [AsyncHttpClient-1-11] DEBUG org.asynchttpclient.netty.channel.ChannelManager - Adding key: http://localhost:38203 for channel [id: 0x5952f140, L:/127.0.0.1:62370 - R:localhost/127.0.0.1:38203]
06:32:26.430 [Forwarding findElement on session 73c270e8d6f22a8d89e2eda7aac02522 to remote] DEBUG org.asynchttpclient.netty.request.NettyRequestSender - Using pooled Channel '[id: 0x5952f140, L:/127.0.0.1:62370 - R:localhost/127.0.0.1:38203]' for 'POST' to 'http://localhost:38203/session/73c270e8d6f22a8d89e2eda7aac02522/element'
06:32:26.430 [Forwarding findElement on session 73c270e8d6f22a8d89e2eda7aac02522 to remote] DEBUG org.asynchttpclient.netty.request.NettyRequestSender - Using open Channel [id: 0x5952f140, L:/127.0.0.1:62370 - R:localhost/127.0.0.1:38203] for POST '/session/73c270e8d6f22a8d89e2eda7aac02522/element'
06:32:26.447 [AsyncHttpClient-1-11] DEBUG org.asynchttpclient.netty.handler.HttpHandler - 

Request DefaultHttpRequest(decodeResult: success, version: HTTP/1.1)
POST /session/73c270e8d6f22a8d89e2eda7aac02522/element HTTP/1.1
User-Agent: selenium/4.8.1 (java windows)
Content-Length: 106
Content-Type: application/json; charset=utf-8
host: localhost:38203
accept: */*

Response DefaultHttpResponse(decodeResult: success, version: HTTP/1.1)
HTTP/1.1 200 OK
Content-Length: 88
Content-Type: application/json; charset=utf-8
cache-control: no-cache

06:32:26.448 [AsyncHttpClient-1-11] DEBUG org.asynchttpclient.netty.channel.ChannelManager - Adding key: http://localhost:38203 for channel [id: 0x5952f140, L:/127.0.0.1:62370 - R:localhost/127.0.0.1:38203]
06:32:26.450 [Forwarding clickElement on session 73c270e8d6f22a8d89e2eda7aac02522 to remote] DEBUG org.asynchttpclient.netty.request.NettyRequestSender - Using pooled Channel '[id: 0x5952f140, L:/127.0.0.1:62370 - R:localhost/127.0.0.1:38203]' for 'POST' to 'http://localhost:38203/session/73c270e8d6f22a8d89e2eda7aac02522/element/d0fc9305-6a62-4306-8c3b-aff6b4cb7ae3/click'
06:32:26.450 [Forwarding clickElement on session 73c270e8d6f22a8d89e2eda7aac02522 to remote] DEBUG org.asynchttpclient.netty.request.NettyRequestSender - Using open Channel [id: 0x5952f140, L:/127.0.0.1:62370 - R:localhost/127.0.0.1:38203] for POST '/session/73c270e8d6f22a8d89e2eda7aac02522/element/d0fc9305-6a62-4306-8c3b-aff6b4cb7ae3/click'
06:32:26.532 [AsyncHttpClient-1-11] DEBUG org.asynchttpclient.netty.handler.HttpHandler - 

Request DefaultHttpRequest(decodeResult: success, version: HTTP/1.1)
POST /session/73c270e8d6f22a8d89e2eda7aac02522/element/d0fc9305-6a62-4306-8c3b-aff6b4cb7ae3/click HTTP/1.1
User-Agent: selenium/4.8.1 (java windows)
Content-Length: 50
Content-Type: application/json; charset=utf-8
host: localhost:38203
accept: */*

Response DefaultHttpResponse(decodeResult: success, version: HTTP/1.1)
HTTP/1.1 200 OK
Content-Length: 14
Content-Type: application/json; charset=utf-8
cache-control: no-cache

06:32:26.533 [AsyncHttpClient-1-11] DEBUG org.asynchttpclient.netty.channel.ChannelManager - Adding key: http://localhost:38203 for channel [id: 0x5952f140, L:/127.0.0.1:62370 - R:localhost/127.0.0.1:38203]
06:32:26.538 [main] DEBUG net.thucydides.core.steps.StepInterceptor - STEP DONE: userClickOnLoginButton
  &amp#27;[32mWhen &amp#27;[0m&amp#27;[32muser click on login button&amp#27;[0m                               &amp#27;[90m# starter.stepdefinitions.UserSteps.userClickOnLoginButton()&amp#27;[0m
06:32:26.552 [main] DEBUG net.thucydides.core.steps.StepInterceptor - STARTING STEP: UserSteps.userOnLoginPage - userOnLoginPage
06:32:26.555 [Forwarding findElement on session 73c270e8d6f22a8d89e2eda7aac02522 to remote] DEBUG org.asynchttpclient.netty.request.NettyRequestSender - Using pooled Channel '[id: 0x5952f140, L:/127.0.0.1:62370 - R:localhost/127.0.0.1:38203]' for 'POST' to 'http://localhost:38203/session/73c270e8d6f22a8d89e2eda7aac02522/element'
06:32:26.555 [Forwarding findElement on session 73c270e8d6f22a8d89e2eda7aac02522 to remote] DEBUG org.asynchttpclient.netty.request.NettyRequestSender - Using open Channel [id: 0x5952f140, L:/127.0.0.1:62370 - R:localhost/127.0.0.1:38203] for POST '/session/73c270e8d6f22a8d89e2eda7aac02522/element'
06:32:26.890 [AsyncHttpClient-1-11] DEBUG org.asynchttpclient.netty.handler.HttpHandler - 

Request DefaultHttpRequest(decodeResult: success, version: HTTP/1.1)
POST /session/73c270e8d6f22a8d89e2eda7aac02522/element HTTP/1.1
User-Agent: selenium/4.8.1 (java windows)
Content-Length: 68
Content-Type: application/json; charset=utf-8
host: localhost:38203
accept: */*

Response DefaultHttpResponse(decodeResult: success, version: HTTP/1.1)
HTTP/1.1 200 OK
Content-Length: 88
Content-Type: application/json; charset=utf-8
cache-control: no-cache

06:32:26.890 [AsyncHttpClient-1-11] DEBUG org.asynchttpclient.netty.channel.ChannelManager - Adding key: http://localhost:38203 for channel [id: 0x5952f140, L:/127.0.0.1:62370 - R:localhost/127.0.0.1:38203]
06:32:26.895 [Forwarding isElementDisplayed on session 73c270e8d6f22a8d89e2eda7aac02522 to remote] DEBUG org.asynchttpclient.netty.request.NettyRequestSender - Using pooled Channel '[id: 0x5952f140, L:/127.0.0.1:62370 - R:localhost/127.0.0.1:38203]' for 'POST' to 'http://localhost:38203/session/73c270e8d6f22a8d89e2eda7aac02522/execute/sync'
06:32:26.896 [Forwarding isElementDisplayed on session 73c270e8d6f22a8d89e2eda7aac02522 to remote] DEBUG org.asynchttpclient.netty.request.NettyRequestSender - Using open Channel [id: 0x5952f140, L:/127.0.0.1:62370 - R:localhost/127.0.0.1:38203] for POST '/session/73c270e8d6f22a8d89e2eda7aac02522/execute/sync'
06:32:26.914 [AsyncHttpClient-1-11] DEBUG org.asynchttpclient.netty.handler.HttpHandler - 

Request DefaultHttpRequest(decodeResult: success, version: HTTP/1.1)
POST /session/73c270e8d6f22a8d89e2eda7aac02522/execute/sync HTTP/1.1
User-Agent: selenium/4.8.1 (java windows)
Content-Length: 48807
Content-Type: application/json; charset=utf-8
host: localhost:38203
accept: */*

Response DefaultHttpResponse(decodeResult: success, version: HTTP/1.1)
HTTP/1.1 200 OK
Content-Length: 14
Content-Type: application/json; charset=utf-8
cache-control: no-cache

06:32:26.914 [AsyncHttpClient-1-11] DEBUG org.asynchttpclient.netty.channel.ChannelManager - Adding key: http://localhost:38203 for channel [id: 0x5952f140, L:/127.0.0.1:62370 - R:localhost/127.0.0.1:38203]
06:32:26.919 [Forwarding isElementDisplayed on session 73c270e8d6f22a8d89e2eda7aac02522 to remote] DEBUG org.asynchttpclient.netty.request.NettyRequestSender - Using pooled Channel '[id: 0x5952f140, L:/127.0.0.1:62370 - R:localhost/127.0.0.1:38203]' for 'POST' to 'http://localhost:38203/session/73c270e8d6f22a8d89e2eda7aac02522/execute/sync'
06:32:26.919 [Forwarding isElementDisplayed on session 73c270e8d6f22a8d89e2eda7aac02522 to remote] DEBUG org.asynchttpclient.netty.request.NettyRequestSender - Using open Channel [id: 0x5952f140, L:/127.0.0.1:62370 - R:localhost/127.0.0.1:38203] for POST '/session/73c270e8d6f22a8d89e2eda7aac02522/execute/sync'
06:32:26.935 [AsyncHttpClient-1-11] DEBUG org.asynchttpclient.netty.handler.HttpHandler - 

Request DefaultHttpRequest(decodeResult: success, version: HTTP/1.1)
POST /session/73c270e8d6f22a8d89e2eda7aac02522/execute/sync HTTP/1.1
User-Agent: selenium/4.8.1 (java windows)
Content-Length: 48807
Content-Type: application/json; charset=utf-8
host: localhost:38203
accept: */*

Response DefaultHttpResponse(decodeResult: success, version: HTTP/1.1)
HTTP/1.1 200 OK
Content-Length: 14
Content-Type: application/json; charset=utf-8
cache-control: no-cache

06:32:26.935 [AsyncHttpClient-1-11] DEBUG org.asynchttpclient.netty.channel.ChannelManager - Adding key: http://localhost:38203 for channel [id: 0x5952f140, L:/127.0.0.1:62370 - R:localhost/127.0.0.1:38203]
06:32:26.939 [main] DEBUG net.thucydides.core.steps.StepInterceptor - STEP DONE: userOnLoginPage
  &amp#27;[32mAnd &amp#27;[0m&amp#27;[32muser on login page&amp#27;[0m                                        &amp#27;[90m# starter.stepdefinitions.UserSteps.userOnLoginPage()&amp#27;[0m
06:32:26.953 [main] DEBUG net.thucydides.core.steps.StepInterceptor - STARTING STEP: UserSteps.userEnterAValidEmail - userEnterAValidEmail
06:32:26.957 [Forwarding findElement on session 73c270e8d6f22a8d89e2eda7aac02522 to remote] DEBUG org.asynchttpclient.netty.request.NettyRequestSender - Using pooled Channel '[id: 0x5952f140, L:/127.0.0.1:62370 - R:localhost/127.0.0.1:38203]' for 'POST' to 'http://localhost:38203/session/73c270e8d6f22a8d89e2eda7aac02522/element'
06:32:26.957 [Forwarding findElement on session 73c270e8d6f22a8d89e2eda7aac02522 to remote] DEBUG org.asynchttpclient.netty.request.NettyRequestSender - Using open Channel [id: 0x5952f140, L:/127.0.0.1:62370 - R:localhost/127.0.0.1:38203] for POST '/session/73c270e8d6f22a8d89e2eda7aac02522/element'
06:32:26.985 [AsyncHttpClient-1-11] DEBUG org.asynchttpclient.netty.handler.HttpHandler - 

Request DefaultHttpRequest(decodeResult: success, version: HTTP/1.1)
POST /session/73c270e8d6f22a8d89e2eda7aac02522/element HTTP/1.1
User-Agent: selenium/4.8.1 (java windows)
Content-Length: 106
Content-Type: application/json; charset=utf-8
host: localhost:38203
accept: */*

Response DefaultHttpResponse(decodeResult: success, version: HTTP/1.1)
HTTP/1.1 200 OK
Content-Length: 88
Content-Type: application/json; charset=utf-8
cache-control: no-cache

06:32:26.985 [AsyncHttpClient-1-11] DEBUG org.asynchttpclient.netty.channel.ChannelManager - Adding key: http://localhost:38203 for channel [id: 0x5952f140, L:/127.0.0.1:62370 - R:localhost/127.0.0.1:38203]
06:32:26.988 [Forwarding clearElement on session 73c270e8d6f22a8d89e2eda7aac02522 to remote] DEBUG org.asynchttpclient.netty.request.NettyRequestSender - Using pooled Channel '[id: 0x5952f140, L:/127.0.0.1:62370 - R:localhost/127.0.0.1:38203]' for 'POST' to 'http://localhost:38203/session/73c270e8d6f22a8d89e2eda7aac02522/element/34d5d4e5-ad67-4a75-9e16-e66e06a55b31/clear'
06:32:26.988 [Forwarding clearElement on session 73c270e8d6f22a8d89e2eda7aac02522 to remote] DEBUG org.asynchttpclient.netty.request.NettyRequestSender - Using open Channel [id: 0x5952f140, L:/127.0.0.1:62370 - R:localhost/127.0.0.1:38203] for POST '/session/73c270e8d6f22a8d89e2eda7aac02522/element/34d5d4e5-ad67-4a75-9e16-e66e06a55b31/clear'
06:32:27.072 [AsyncHttpClient-1-11] DEBUG org.asynchttpclient.netty.handler.HttpHandler - 

Request DefaultHttpRequest(decodeResult: success, version: HTTP/1.1)
POST /session/73c270e8d6f22a8d89e2eda7aac02522/element/34d5d4e5-ad67-4a75-9e16-e66e06a55b31/clear HTTP/1.1
User-Agent: selenium/4.8.1 (java windows)
Content-Length: 50
Content-Type: application/json; charset=utf-8
host: localhost:38203
accept: */*

Response DefaultHttpResponse(decodeResult: success, version: HTTP/1.1)
HTTP/1.1 200 OK
Content-Length: 14
Content-Type: application/json; charset=utf-8
cache-control: no-cache

06:32:27.072 [AsyncHttpClient-1-11] DEBUG org.asynchttpclient.netty.channel.ChannelManager - Adding key: http://localhost:38203 for channel [id: 0x5952f140, L:/127.0.0.1:62370 - R:localhost/127.0.0.1:38203]
06:32:27.077 [Forwarding sendKeysToElement on session 73c270e8d6f22a8d89e2eda7aac02522 to remote] DEBUG org.asynchttpclient.netty.request.NettyRequestSender - Using pooled Channel '[id: 0x5952f140, L:/127.0.0.1:62370 - R:localhost/127.0.0.1:38203]' for 'POST' to 'http://localhost:38203/session/73c270e8d6f22a8d89e2eda7aac02522/element/34d5d4e5-ad67-4a75-9e16-e66e06a55b31/value'
06:32:27.077 [Forwarding sendKeysToElement on session 73c270e8d6f22a8d89e2eda7aac02522 to remote] DEBUG org.asynchttpclient.netty.request.NettyRequestSender - Using open Channel [id: 0x5952f140, L:/127.0.0.1:62370 - R:localhost/127.0.0.1:38203] for POST '/session/73c270e8d6f22a8d89e2eda7aac02522/element/34d5d4e5-ad67-4a75-9e16-e66e06a55b31/value'
06:32:27.162 [AsyncHttpClient-1-1] DEBUG org.asynchttpclient.netty.channel.DefaultChannelPool - Entry count for : http://localhost:62371 : 1
06:32:27.324 [AsyncHttpClient-1-11] DEBUG org.asynchttpclient.netty.handler.HttpHandler - 

Request DefaultHttpRequest(decodeResult: success, version: HTTP/1.1)
POST /session/73c270e8d6f22a8d89e2eda7aac02522/element/34d5d4e5-ad67-4a75-9e16-e66e06a55b31/value HTTP/1.1
User-Agent: selenium/4.8.1 (java windows)
Content-Length: 241
Content-Type: application/json; charset=utf-8
host: localhost:38203
accept: */*

Response DefaultHttpResponse(decodeResult: success, version: HTTP/1.1)
HTTP/1.1 200 OK
Content-Length: 14
Content-Type: application/json; charset=utf-8
cache-control: no-cache

06:32:27.324 [AsyncHttpClient-1-11] DEBUG org.asynchttpclient.netty.channel.ChannelManager - Adding key: http://localhost:38203 for channel [id: 0x5952f140, L:/127.0.0.1:62370 - R:localhost/127.0.0.1:38203]
06:32:27.332 [main] DEBUG net.thucydides.core.steps.StepInterceptor - STEP DONE: userEnterAValidEmail
  &amp#27;[32mAnd &amp#27;[0m&amp#27;[32muser enter a valid email&amp#27;[0m                                  &amp#27;[90m# starter.stepdefinitions.UserSteps.userEnterAValidEmail()&amp#27;[0m
06:32:27.347 [main] DEBUG net.thucydides.core.steps.StepInterceptor - STARTING STEP: UserSteps.userEnterAValidPassword - userEnterAValidPassword
06:32:27.352 [Forwarding findElement on session 73c270e8d6f22a8d89e2eda7aac02522 to remote] DEBUG org.asynchttpclient.netty.request.NettyRequestSender - Using pooled Channel '[id: 0x5952f140, L:/127.0.0.1:62370 - R:localhost/127.0.0.1:38203]' for 'POST' to 'http://localhost:38203/session/73c270e8d6f22a8d89e2eda7aac02522/element'
06:32:27.352 [Forwarding findElement on session 73c270e8d6f22a8d89e2eda7aac02522 to remote] DEBUG org.asynchttpclient.netty.request.NettyRequestSender - Using open Channel [id: 0x5952f140, L:/127.0.0.1:62370 - R:localhost/127.0.0.1:38203] for POST '/session/73c270e8d6f22a8d89e2eda7aac02522/element'
06:32:27.375 [AsyncHttpClient-1-11] DEBUG org.asynchttpclient.netty.handler.HttpHandler - 

Request DefaultHttpRequest(decodeResult: success, version: HTTP/1.1)
POST /session/73c270e8d6f22a8d89e2eda7aac02522/element HTTP/1.1
User-Agent: selenium/4.8.1 (java windows)
Content-Length: 109
Content-Type: application/json; charset=utf-8
host: localhost:38203
accept: */*

Response DefaultHttpResponse(decodeResult: success, version: HTTP/1.1)
HTTP/1.1 200 OK
Content-Length: 88
Content-Type: application/json; charset=utf-8
cache-control: no-cache

06:32:27.376 [AsyncHttpClient-1-11] DEBUG org.asynchttpclient.netty.channel.ChannelManager - Adding key: http://localhost:38203 for channel [id: 0x5952f140, L:/127.0.0.1:62370 - R:localhost/127.0.0.1:38203]
06:32:27.378 [Forwarding clearElement on session 73c270e8d6f22a8d89e2eda7aac02522 to remote] DEBUG org.asynchttpclient.netty.request.NettyRequestSender - Using pooled Channel '[id: 0x5952f140, L:/127.0.0.1:62370 - R:localhost/127.0.0.1:38203]' for 'POST' to 'http://localhost:38203/session/73c270e8d6f22a8d89e2eda7aac02522/element/9b830bff-6f12-43b9-ad64-abd52f043380/clear'
06:32:27.378 [Forwarding clearElement on session 73c270e8d6f22a8d89e2eda7aac02522 to remote] DEBUG org.asynchttpclient.netty.request.NettyRequestSender - Using open Channel [id: 0x5952f140, L:/127.0.0.1:62370 - R:localhost/127.0.0.1:38203] for POST '/session/73c270e8d6f22a8d89e2eda7aac02522/element/9b830bff-6f12-43b9-ad64-abd52f043380/clear'
06:32:27.449 [AsyncHttpClient-1-11] DEBUG org.asynchttpclient.netty.handler.HttpHandler - 

Request DefaultHttpRequest(decodeResult: success, version: HTTP/1.1)
POST /session/73c270e8d6f22a8d89e2eda7aac02522/element/9b830bff-6f12-43b9-ad64-abd52f043380/clear HTTP/1.1
User-Agent: selenium/4.8.1 (java windows)
Content-Length: 50
Content-Type: application/json; charset=utf-8
host: localhost:38203
accept: */*

Response DefaultHttpResponse(decodeResult: success, version: HTTP/1.1)
HTTP/1.1 200 OK
Content-Length: 14
Content-Type: application/json; charset=utf-8
cache-control: no-cache

06:32:27.450 [AsyncHttpClient-1-11] DEBUG org.asynchttpclient.netty.channel.ChannelManager - Adding key: http://localhost:38203 for channel [id: 0x5952f140, L:/127.0.0.1:62370 - R:localhost/127.0.0.1:38203]
06:32:27.453 [Forwarding sendKeysToElement on session 73c270e8d6f22a8d89e2eda7aac02522 to remote] DEBUG org.asynchttpclient.netty.request.NettyRequestSender - Using pooled Channel '[id: 0x5952f140, L:/127.0.0.1:62370 - R:localhost/127.0.0.1:38203]' for 'POST' to 'http://localhost:38203/session/73c270e8d6f22a8d89e2eda7aac02522/element/9b830bff-6f12-43b9-ad64-abd52f043380/value'
06:32:27.453 [Forwarding sendKeysToElement on session 73c270e8d6f22a8d89e2eda7aac02522 to remote] DEBUG org.asynchttpclient.netty.request.NettyRequestSender - Using open Channel [id: 0x5952f140, L:/127.0.0.1:62370 - R:localhost/127.0.0.1:38203] for POST '/session/73c270e8d6f22a8d89e2eda7aac02522/element/9b830bff-6f12-43b9-ad64-abd52f043380/value'
06:32:27.548 [AsyncHttpClient-1-11] DEBUG org.asynchttpclient.netty.handler.HttpHandler - 

Request DefaultHttpRequest(decodeResult: success, version: HTTP/1.1)
POST /session/73c270e8d6f22a8d89e2eda7aac02522/element/9b830bff-6f12-43b9-ad64-abd52f043380/value HTTP/1.1
User-Agent: selenium/4.8.1 (java windows)
Content-Length: 111
Content-Type: application/json; charset=utf-8
host: localhost:38203
accept: */*

Response DefaultHttpResponse(decodeResult: success, version: HTTP/1.1)
HTTP/1.1 200 OK
Content-Length: 14
Content-Type: application/json; charset=utf-8
cache-control: no-cache

06:32:27.548 [AsyncHttpClient-1-11] DEBUG org.asynchttpclient.netty.channel.ChannelManager - Adding key: http://localhost:38203 for channel [id: 0x5952f140, L:/127.0.0.1:62370 - R:localhost/127.0.0.1:38203]
06:32:27.555 [main] DEBUG net.thucydides.core.steps.StepInterceptor - STEP DONE: userEnterAValidPassword
  &amp#27;[32mAnd &amp#27;[0m&amp#27;[32muser enter a valid password&amp#27;[0m                               &amp#27;[90m# starter.stepdefinitions.UserSteps.userEnterAValidPassword()&amp#27;[0m
06:32:27.570 [main] DEBUG net.thucydides.core.steps.StepInterceptor - STARTING STEP: UserSteps.userClickOnLoginButton - userClickOnLoginButton
06:32:27.580 [Forwarding findElement on session 73c270e8d6f22a8d89e2eda7aac02522 to remote] DEBUG org.asynchttpclient.netty.request.NettyRequestSender - Using pooled Channel '[id: 0x5952f140, L:/127.0.0.1:62370 - R:localhost/127.0.0.1:38203]' for 'POST' to 'http://localhost:38203/session/73c270e8d6f22a8d89e2eda7aac02522/element'
06:32:27.580 [Forwarding findElement on session 73c270e8d6f22a8d89e2eda7aac02522 to remote] DEBUG org.asynchttpclient.netty.request.NettyRequestSender - Using open Channel [id: 0x5952f140, L:/127.0.0.1:62370 - R:localhost/127.0.0.1:38203] for POST '/session/73c270e8d6f22a8d89e2eda7aac02522/element'
06:32:27.597 [AsyncHttpClient-1-11] DEBUG org.asynchttpclient.netty.handler.HttpHandler - 

Request DefaultHttpRequest(decodeResult: success, version: HTTP/1.1)
POST /session/73c270e8d6f22a8d89e2eda7aac02522/element HTTP/1.1
User-Agent: selenium/4.8.1 (java windows)
Content-Length: 106
Content-Type: application/json; charset=utf-8
host: localhost:38203
accept: */*

Response DefaultHttpResponse(decodeResult: success, version: HTTP/1.1)
HTTP/1.1 200 OK
Content-Length: 88
Content-Type: application/json; charset=utf-8
cache-control: no-cache

06:32:27.597 [AsyncHttpClient-1-11] DEBUG org.asynchttpclient.netty.channel.ChannelManager - Adding key: http://localhost:38203 for channel [id: 0x5952f140, L:/127.0.0.1:62370 - R:localhost/127.0.0.1:38203]
06:32:27.599 [Forwarding getElementTagName on session 73c270e8d6f22a8d89e2eda7aac02522 to remote] DEBUG org.asynchttpclient.netty.request.NettyRequestSender - Using pooled Channel '[id: 0x5952f140, L:/127.0.0.1:62370 - R:localhost/127.0.0.1:38203]' for 'GET' to 'http://localhost:38203/session/73c270e8d6f22a8d89e2eda7aac02522/element/d0fc9305-6a62-4306-8c3b-aff6b4cb7ae3/name'
06:32:27.599 [Forwarding getElementTagName on session 73c270e8d6f22a8d89e2eda7aac02522 to remote] DEBUG org.asynchttpclient.netty.request.NettyRequestSender - Using open Channel [id: 0x5952f140, L:/127.0.0.1:62370 - R:localhost/127.0.0.1:38203] for GET '/session/73c270e8d6f22a8d89e2eda7aac02522/element/d0fc9305-6a62-4306-8c3b-aff6b4cb7ae3/name'
06:32:27.609 [AsyncHttpClient-1-11] DEBUG org.asynchttpclient.netty.handler.HttpHandler - 

Request DefaultFullHttpRequest(decodeResult: success, version: HTTP/1.1, content: EmptyByteBufBE)
GET /session/73c270e8d6f22a8d89e2eda7aac02522/element/d0fc9305-6a62-4306-8c3b-aff6b4cb7ae3/name HTTP/1.1
User-Agent: selenium/4.8.1 (java windows)
Cache-Control: no-cache
Content-Type: application/json; charset=utf-8
host: localhost:38203
accept: */*

Response DefaultHttpResponse(decodeResult: success, version: HTTP/1.1)
HTTP/1.1 200 OK
Content-Length: 13
Content-Type: application/json; charset=utf-8
cache-control: no-cache

06:32:27.609 [AsyncHttpClient-1-11] DEBUG org.asynchttpclient.netty.channel.ChannelManager - Adding key: http://localhost:38203 for channel [id: 0x5952f140, L:/127.0.0.1:62370 - R:localhost/127.0.0.1:38203]
06:32:27.612 [Forwarding getElementTagName on session 73c270e8d6f22a8d89e2eda7aac02522 to remote] DEBUG org.asynchttpclient.netty.request.NettyRequestSender - Using pooled Channel '[id: 0x5952f140, L:/127.0.0.1:62370 - R:localhost/127.0.0.1:38203]' for 'GET' to 'http://localhost:38203/session/73c270e8d6f22a8d89e2eda7aac02522/element/d0fc9305-6a62-4306-8c3b-aff6b4cb7ae3/name'
06:32:27.612 [Forwarding getElementTagName on session 73c270e8d6f22a8d89e2eda7aac02522 to remote] DEBUG org.asynchttpclient.netty.request.NettyRequestSender - Using open Channel [id: 0x5952f140, L:/127.0.0.1:62370 - R:localhost/127.0.0.1:38203] for GET '/session/73c270e8d6f22a8d89e2eda7aac02522/element/d0fc9305-6a62-4306-8c3b-aff6b4cb7ae3/name'
06:32:27.619 [AsyncHttpClient-1-11] DEBUG org.asynchttpclient.netty.handler.HttpHandler - 

Request DefaultFullHttpRequest(decodeResult: success, version: HTTP/1.1, content: EmptyByteBufBE)
GET /session/73c270e8d6f22a8d89e2eda7aac02522/element/d0fc9305-6a62-4306-8c3b-aff6b4cb7ae3/name HTTP/1.1
User-Agent: selenium/4.8.1 (java windows)
Cache-Control: no-cache
Content-Type: application/json; charset=utf-8
host: localhost:38203
accept: */*

Response DefaultHttpResponse(decodeResult: success, version: HTTP/1.1)
HTTP/1.1 200 OK
Content-Length: 13
Content-Type: application/json; charset=utf-8
cache-control: no-cache

06:32:27.620 [AsyncHttpClient-1-11] DEBUG org.asynchttpclient.netty.channel.ChannelManager - Adding key: http://localhost:38203 for channel [id: 0x5952f140, L:/127.0.0.1:62370 - R:localhost/127.0.0.1:38203]
06:32:27.623 [Forwarding findElement on session 73c270e8d6f22a8d89e2eda7aac02522 to remote] DEBUG org.asynchttpclient.netty.request.NettyRequestSender - Using pooled Channel '[id: 0x5952f140, L:/127.0.0.1:62370 - R:localhost/127.0.0.1:38203]' for 'POST' to 'http://localhost:38203/session/73c270e8d6f22a8d89e2eda7aac02522/element'
06:32:27.623 [Forwarding findElement on session 73c270e8d6f22a8d89e2eda7aac02522 to remote] DEBUG org.asynchttpclient.netty.request.NettyRequestSender - Using open Channel [id: 0x5952f140, L:/127.0.0.1:62370 - R:localhost/127.0.0.1:38203] for POST '/session/73c270e8d6f22a8d89e2eda7aac02522/element'
06:32:27.638 [AsyncHttpClient-1-11] DEBUG org.asynchttpclient.netty.handler.HttpHandler - 

Request DefaultHttpRequest(decodeResult: success, version: HTTP/1.1)
POST /session/73c270e8d6f22a8d89e2eda7aac02522/element HTTP/1.1
User-Agent: selenium/4.8.1 (java windows)
Content-Length: 106
Content-Type: application/json; charset=utf-8
host: localhost:38203
accept: */*

Response DefaultHttpResponse(decodeResult: success, version: HTTP/1.1)
HTTP/1.1 200 OK
Content-Length: 88
Content-Type: application/json; charset=utf-8
cache-control: no-cache

06:32:27.639 [AsyncHttpClient-1-11] DEBUG org.asynchttpclient.netty.channel.ChannelManager - Adding key: http://localhost:38203 for channel [id: 0x5952f140, L:/127.0.0.1:62370 - R:localhost/127.0.0.1:38203]
06:32:27.641 [Forwarding clickElement on session 73c270e8d6f22a8d89e2eda7aac02522 to remote] DEBUG org.asynchttpclient.netty.request.NettyRequestSender - Using pooled Channel '[id: 0x5952f140, L:/127.0.0.1:62370 - R:localhost/127.0.0.1:38203]' for 'POST' to 'http://localhost:38203/session/73c270e8d6f22a8d89e2eda7aac02522/element/d0fc9305-6a62-4306-8c3b-aff6b4cb7ae3/click'
06:32:27.641 [Forwarding clickElement on session 73c270e8d6f22a8d89e2eda7aac02522 to remote] DEBUG org.asynchttpclient.netty.request.NettyRequestSender - Using open Channel [id: 0x5952f140, L:/127.0.0.1:62370 - R:localhost/127.0.0.1:38203] for POST '/session/73c270e8d6f22a8d89e2eda7aac02522/element/d0fc9305-6a62-4306-8c3b-aff6b4cb7ae3/click'
06:32:27.695 [AsyncHttpClient-1-11] DEBUG org.asynchttpclient.netty.handler.HttpHandler - 

Request DefaultHttpRequest(decodeResult: success, version: HTTP/1.1)
POST /session/73c270e8d6f22a8d89e2eda7aac02522/element/d0fc9305-6a62-4306-8c3b-aff6b4cb7ae3/click HTTP/1.1
User-Agent: selenium/4.8.1 (java windows)
Content-Length: 50
Content-Type: application/json; charset=utf-8
host: localhost:38203
accept: */*

Response DefaultHttpResponse(decodeResult: success, version: HTTP/1.1)
HTTP/1.1 200 OK
Content-Length: 14
Content-Type: application/json; charset=utf-8
cache-control: no-cache

06:32:27.695 [AsyncHttpClient-1-11] DEBUG org.asynchttpclient.netty.channel.ChannelManager - Adding key: http://localhost:38203 for channel [id: 0x5952f140, L:/127.0.0.1:62370 - R:localhost/127.0.0.1:38203]
06:32:27.700 [main] DEBUG net.thucydides.core.steps.StepInterceptor - STEP DONE: userClickOnLoginButton
  &amp#27;[32mAnd &amp#27;[0m&amp#27;[32muser click on login button&amp#27;[0m                                &amp#27;[90m# starter.stepdefinitions.UserSteps.userClickOnLoginButton()&amp#27;[0m
06:32:27.714 [main] DEBUG net.thucydides.core.steps.StepInterceptor - STARTING STEP: UserSteps.userOnMainPage - userOnMainPage
06:32:27.716 [Forwarding get on session 73c270e8d6f22a8d89e2eda7aac02522 to remote] DEBUG org.asynchttpclient.netty.request.NettyRequestSender - Using pooled Channel '[id: 0x5952f140, L:/127.0.0.1:62370 - R:localhost/127.0.0.1:38203]' for 'POST' to 'http://localhost:38203/session/73c270e8d6f22a8d89e2eda7aac02522/url'
06:32:27.716 [Forwarding get on session 73c270e8d6f22a8d89e2eda7aac02522 to remote] DEBUG org.asynchttpclient.netty.request.NettyRequestSender - Using open Channel [id: 0x5952f140, L:/127.0.0.1:62370 - R:localhost/127.0.0.1:38203] for POST '/session/73c270e8d6f22a8d89e2eda7aac02522/url'
06:32:28.260 [AsyncHttpClient-1-1] DEBUG org.asynchttpclient.netty.channel.DefaultChannelPool - Entry count for : http://localhost:62371 : 1
06:32:28.276 [AsyncHttpClient-1-11] DEBUG org.asynchttpclient.netty.handler.HttpHandler - 

Request DefaultHttpRequest(decodeResult: success, version: HTTP/1.1)
POST /session/73c270e8d6f22a8d89e2eda7aac02522/url HTTP/1.1
User-Agent: selenium/4.8.1 (java windows)
Content-Length: 59
Content-Type: application/json; charset=utf-8
host: localhost:38203
accept: */*

Response DefaultHttpResponse(decodeResult: success, version: HTTP/1.1)
HTTP/1.1 200 OK
Content-Length: 14
Content-Type: application/json; charset=utf-8
cache-control: no-cache

06:32:28.276 [AsyncHttpClient-1-11] DEBUG org.asynchttpclient.netty.channel.ChannelManager - Adding key: http://localhost:38203 for channel [id: 0x5952f140, L:/127.0.0.1:62370 - R:localhost/127.0.0.1:38203]
06:32:28.287 [Forwarding findElement on session 73c270e8d6f22a8d89e2eda7aac02522 to remote] DEBUG org.asynchttpclient.netty.request.NettyRequestSender - Using pooled Channel '[id: 0x5952f140, L:/127.0.0.1:62370 - R:localhost/127.0.0.1:38203]' for 'POST' to 'http://localhost:38203/session/73c270e8d6f22a8d89e2eda7aac02522/element'
06:32:28.287 [Forwarding findElement on session 73c270e8d6f22a8d89e2eda7aac02522 to remote] DEBUG org.asynchttpclient.netty.request.NettyRequestSender - Using open Channel [id: 0x5952f140, L:/127.0.0.1:62370 - R:localhost/127.0.0.1:38203] for POST '/session/73c270e8d6f22a8d89e2eda7aac02522/element'
06:32:28.353 [AsyncHttpClient-1-11] DEBUG org.asynchttpclient.netty.handler.HttpHandler - 

Request DefaultHttpRequest(decodeResult: success, version: HTTP/1.1)
POST /session/73c270e8d6f22a8d89e2eda7aac02522/element HTTP/1.1
User-Agent: selenium/4.8.1 (java windows)
Content-Length: 70
Content-Type: application/json; charset=utf-8
host: localhost:38203
accept: */*

Response DefaultHttpResponse(decodeResult: success, version: HTTP/1.1)
HTTP/1.1 200 OK
Content-Length: 88
Content-Type: application/json; charset=utf-8
cache-control: no-cache

06:32:28.354 [AsyncHttpClient-1-11] DEBUG org.asynchttpclient.netty.channel.ChannelManager - Adding key: http://localhost:38203 for channel [id: 0x5952f140, L:/127.0.0.1:62370 - R:localhost/127.0.0.1:38203]
06:32:28.363 [Forwarding isElementDisplayed on session 73c270e8d6f22a8d89e2eda7aac02522 to remote] DEBUG org.asynchttpclient.netty.request.NettyRequestSender - Using pooled Channel '[id: 0x5952f140, L:/127.0.0.1:62370 - R:localhost/127.0.0.1:38203]' for 'POST' to 'http://localhost:38203/session/73c270e8d6f22a8d89e2eda7aac02522/execute/sync'
06:32:28.363 [Forwarding isElementDisplayed on session 73c270e8d6f22a8d89e2eda7aac02522 to remote] DEBUG org.asynchttpclient.netty.request.NettyRequestSender - Using open Channel [id: 0x5952f140, L:/127.0.0.1:62370 - R:localhost/127.0.0.1:38203] for POST '/session/73c270e8d6f22a8d89e2eda7aac02522/execute/sync'
06:32:28.397 [AsyncHttpClient-1-11] DEBUG org.asynchttpclient.netty.handler.HttpHandler - 

Request DefaultHttpRequest(decodeResult: success, version: HTTP/1.1)
POST /session/73c270e8d6f22a8d89e2eda7aac02522/execute/sync HTTP/1.1
User-Agent: selenium/4.8.1 (java windows)
Content-Length: 48807
Content-Type: application/json; charset=utf-8
host: localhost:38203
accept: */*

Response DefaultHttpResponse(decodeResult: success, version: HTTP/1.1)
HTTP/1.1 200 OK
Content-Length: 14
Content-Type: application/json; charset=utf-8
cache-control: no-cache

06:32:28.397 [AsyncHttpClient-1-11] DEBUG org.asynchttpclient.netty.channel.ChannelManager - Adding key: http://localhost:38203 for channel [id: 0x5952f140, L:/127.0.0.1:62370 - R:localhost/127.0.0.1:38203]
06:32:28.406 [Forwarding isElementDisplayed on session 73c270e8d6f22a8d89e2eda7aac02522 to remote] DEBUG org.asynchttpclient.netty.request.NettyRequestSender - Using pooled Channel '[id: 0x5952f140, L:/127.0.0.1:62370 - R:localhost/127.0.0.1:38203]' for 'POST' to 'http://localhost:38203/session/73c270e8d6f22a8d89e2eda7aac02522/execute/sync'
06:32:28.406 [Forwarding isElementDisplayed on session 73c270e8d6f22a8d89e2eda7aac02522 to remote] DEBUG org.asynchttpclient.netty.request.NettyRequestSender - Using open Channel [id: 0x5952f140, L:/127.0.0.1:62370 - R:localhost/127.0.0.1:38203] for POST '/session/73c270e8d6f22a8d89e2eda7aac02522/execute/sync'
06:32:28.440 [AsyncHttpClient-1-11] DEBUG org.asynchttpclient.netty.handler.HttpHandler - 

Request DefaultHttpRequest(decodeResult: success, version: HTTP/1.1)
POST /session/73c270e8d6f22a8d89e2eda7aac02522/execute/sync HTTP/1.1
User-Agent: selenium/4.8.1 (java windows)
Content-Length: 48807
Content-Type: application/json; charset=utf-8
host: localhost:38203
accept: */*

Response DefaultHttpResponse(decodeResult: success, version: HTTP/1.1)
HTTP/1.1 200 OK
Content-Length: 14
Content-Type: application/json; charset=utf-8
cache-control: no-cache

06:32:28.441 [AsyncHttpClient-1-11] DEBUG org.asynchttpclient.netty.channel.ChannelManager - Adding key: http://localhost:38203 for channel [id: 0x5952f140, L:/127.0.0.1:62370 - R:localhost/127.0.0.1:38203]
06:32:28.445 [main] DEBUG net.thucydides.core.steps.StepInterceptor - STEP DONE: userOnMainPage
  &amp#27;[32mAnd &amp#27;[0m&amp#27;[32muser on main page&amp#27;[0m                                         &amp#27;[90m# starter.stepdefinitions.UserSteps.userOnMainPage()&amp#27;[0m
06:32:28.470 [main] DEBUG net.thucydides.core.steps.StepInterceptor - STARTING STEP: UserSteps.userClickBuyButtonOnTheSelectedProduct - userClickBuyButtonOnTheSelectedProduct
06:32:28.477 [Forwarding findElement on session 73c270e8d6f22a8d89e2eda7aac02522 to remote] DEBUG org.asynchttpclient.netty.request.NettyRequestSender - Using pooled Channel '[id: 0x5952f140, L:/127.0.0.1:62370 - R:localhost/127.0.0.1:38203]' for 'POST' to 'http://localhost:38203/session/73c270e8d6f22a8d89e2eda7aac02522/element'
06:32:28.477 [Forwarding findElement on session 73c270e8d6f22a8d89e2eda7aac02522 to remote] DEBUG org.asynchttpclient.netty.request.NettyRequestSender - Using open Channel [id: 0x5952f140, L:/127.0.0.1:62370 - R:localhost/127.0.0.1:38203] for POST '/session/73c270e8d6f22a8d89e2eda7aac02522/element'
06:32:29.362 [AsyncHttpClient-1-1] DEBUG org.asynchttpclient.netty.channel.DefaultChannelPool - Entry count for : http://localhost:62371 : 1
06:32:30.458 [AsyncHttpClient-1-1] DEBUG org.asynchttpclient.netty.channel.DefaultChannelPool - Entry count for : http://localhost:62371 : 1
06:32:31.562 [AsyncHttpClient-1-1] DEBUG org.asynchttpclient.netty.channel.DefaultChannelPool - Entry count for : http://localhost:62371 : 1
06:32:32.194 [AsyncHttpClient-1-11] DEBUG org.asynchttpclient.netty.handler.HttpHandler - 

Request DefaultHttpRequest(decodeResult: success, version: HTTP/1.1)
POST /session/73c270e8d6f22a8d89e2eda7aac02522/element HTTP/1.1
User-Agent: selenium/4.8.1 (java windows)
Content-Length: 145
Content-Type: application/json; charset=utf-8
host: localhost:38203
accept: */*

Response DefaultHttpResponse(decodeResult: success, version: HTTP/1.1)
HTTP/1.1 200 OK
Content-Length: 88
Content-Type: application/json; charset=utf-8
cache-control: no-cache

06:32:32.194 [AsyncHttpClient-1-11] DEBUG org.asynchttpclient.netty.channel.ChannelManager - Adding key: http://localhost:38203 for channel [id: 0x5952f140, L:/127.0.0.1:62370 - R:localhost/127.0.0.1:38203]
06:32:32.197 [Forwarding getElementTagName on session 73c270e8d6f22a8d89e2eda7aac02522 to remote] DEBUG org.asynchttpclient.netty.request.NettyRequestSender - Using pooled Channel '[id: 0x5952f140, L:/127.0.0.1:62370 - R:localhost/127.0.0.1:38203]' for 'GET' to 'http://localhost:38203/session/73c270e8d6f22a8d89e2eda7aac02522/element/2f1bd808-946b-4559-a445-5e3f47beddf5/name'
06:32:32.197 [Forwarding getElementTagName on session 73c270e8d6f22a8d89e2eda7aac02522 to remote] DEBUG org.asynchttpclient.netty.request.NettyRequestSender - Using open Channel [id: 0x5952f140, L:/127.0.0.1:62370 - R:localhost/127.0.0.1:38203] for GET '/session/73c270e8d6f22a8d89e2eda7aac02522/element/2f1bd808-946b-4559-a445-5e3f47beddf5/name'
06:32:32.233 [AsyncHttpClient-1-11] DEBUG org.asynchttpclient.netty.handler.HttpHandler - 

Request DefaultFullHttpRequest(decodeResult: success, version: HTTP/1.1, content: EmptyByteBufBE)
GET /session/73c270e8d6f22a8d89e2eda7aac02522/element/2f1bd808-946b-4559-a445-5e3f47beddf5/name HTTP/1.1
User-Agent: selenium/4.8.1 (java windows)
Cache-Control: no-cache
Content-Type: application/json; charset=utf-8
host: localhost:38203
accept: */*

Response DefaultHttpResponse(decodeResult: success, version: HTTP/1.1)
HTTP/1.1 200 OK
Content-Length: 18
Content-Type: application/json; charset=utf-8
cache-control: no-cache

06:32:32.234 [AsyncHttpClient-1-11] DEBUG org.asynchttpclient.netty.channel.ChannelManager - Adding key: http://localhost:38203 for channel [id: 0x5952f140, L:/127.0.0.1:62370 - R:localhost/127.0.0.1:38203]
06:32:32.237 [Forwarding getElementTagName on session 73c270e8d6f22a8d89e2eda7aac02522 to remote] DEBUG org.asynchttpclient.netty.request.NettyRequestSender - Using pooled Channel '[id: 0x5952f140, L:/127.0.0.1:62370 - R:localhost/127.0.0.1:38203]' for 'GET' to 'http://localhost:38203/session/73c270e8d6f22a8d89e2eda7aac02522/element/2f1bd808-946b-4559-a445-5e3f47beddf5/name'
06:32:32.237 [Forwarding getElementTagName on session 73c270e8d6f22a8d89e2eda7aac02522 to remote] DEBUG org.asynchttpclient.netty.request.NettyRequestSender - Using open Channel [id: 0x5952f140, L:/127.0.0.1:62370 - R:localhost/127.0.0.1:38203] for GET '/session/73c270e8d6f22a8d89e2eda7aac02522/element/2f1bd808-946b-4559-a445-5e3f47beddf5/name'
06:32:32.512 [AsyncHttpClient-1-11] DEBUG org.asynchttpclient.netty.handler.HttpHandler - 

Request DefaultFullHttpRequest(decodeResult: success, version: HTTP/1.1, content: EmptyByteBufBE)
GET /session/73c270e8d6f22a8d89e2eda7aac02522/element/2f1bd808-946b-4559-a445-5e3f47beddf5/name HTTP/1.1
User-Agent: selenium/4.8.1 (java windows)
Cache-Control: no-cache
Content-Type: application/json; charset=utf-8
host: localhost:38203
accept: */*

Response DefaultHttpResponse(decodeResult: success, version: HTTP/1.1)
HTTP/1.1 200 OK
Content-Length: 18
Content-Type: application/json; charset=utf-8
cache-control: no-cache

06:32:32.513 [AsyncHttpClient-1-11] DEBUG org.asynchttpclient.netty.channel.ChannelManager - Adding key: http://localhost:38203 for channel [id: 0x5952f140, L:/127.0.0.1:62370 - R:localhost/127.0.0.1:38203]
06:32:32.518 [Forwarding isElementEnabled on session 73c270e8d6f22a8d89e2eda7aac02522 to remote] DEBUG org.asynchttpclient.netty.request.NettyRequestSender - Using pooled Channel '[id: 0x5952f140, L:/127.0.0.1:62370 - R:localhost/127.0.0.1:38203]' for 'GET' to 'http://localhost:38203/session/73c270e8d6f22a8d89e2eda7aac02522/element/2f1bd808-946b-4559-a445-5e3f47beddf5/enabled'
06:32:32.518 [Forwarding isElementEnabled on session 73c270e8d6f22a8d89e2eda7aac02522 to remote] DEBUG org.asynchttpclient.netty.request.NettyRequestSender - Using open Channel [id: 0x5952f140, L:/127.0.0.1:62370 - R:localhost/127.0.0.1:38203] for GET '/session/73c270e8d6f22a8d89e2eda7aac02522/element/2f1bd808-946b-4559-a445-5e3f47beddf5/enabled'
06:32:32.540 [AsyncHttpClient-1-11] DEBUG org.asynchttpclient.netty.handler.HttpHandler - 

Request DefaultFullHttpRequest(decodeResult: success, version: HTTP/1.1, content: EmptyByteBufBE)
GET /session/73c270e8d6f22a8d89e2eda7aac02522/element/2f1bd808-946b-4559-a445-5e3f47beddf5/enabled HTTP/1.1
User-Agent: selenium/4.8.1 (java windows)
Cache-Control: no-cache
Content-Type: application/json; charset=utf-8
host: localhost:38203
accept: */*

Response DefaultHttpResponse(decodeResult: success, version: HTTP/1.1)
HTTP/1.1 200 OK
Content-Length: 14
Content-Type: application/json; charset=utf-8
cache-control: no-cache

06:32:32.540 [AsyncHttpClient-1-11] DEBUG org.asynchttpclient.netty.channel.ChannelManager - Adding key: http://localhost:38203 for channel [id: 0x5952f140, L:/127.0.0.1:62370 - R:localhost/127.0.0.1:38203]
06:32:32.543 [Forwarding isElementEnabled on session 73c270e8d6f22a8d89e2eda7aac02522 to remote] DEBUG org.asynchttpclient.netty.request.NettyRequestSender - Using pooled Channel '[id: 0x5952f140, L:/127.0.0.1:62370 - R:localhost/127.0.0.1:38203]' for 'GET' to 'http://localhost:38203/session/73c270e8d6f22a8d89e2eda7aac02522/element/2f1bd808-946b-4559-a445-5e3f47beddf5/enabled'
06:32:32.543 [Forwarding isElementEnabled on session 73c270e8d6f22a8d89e2eda7aac02522 to remote] DEBUG org.asynchttpclient.netty.request.NettyRequestSender - Using open Channel [id: 0x5952f140, L:/127.0.0.1:62370 - R:localhost/127.0.0.1:38203] for GET '/session/73c270e8d6f22a8d89e2eda7aac02522/element/2f1bd808-946b-4559-a445-5e3f47beddf5/enabled'
06:32:32.576 [AsyncHttpClient-1-11] DEBUG org.asynchttpclient.netty.handler.HttpHandler - 

Request DefaultFullHttpRequest(decodeResult: success, version: HTTP/1.1, content: EmptyByteBufBE)
GET /session/73c270e8d6f22a8d89e2eda7aac02522/element/2f1bd808-946b-4559-a445-5e3f47beddf5/enabled HTTP/1.1
User-Agent: selenium/4.8.1 (java windows)
Cache-Control: no-cache
Content-Type: application/json; charset=utf-8
host: localhost:38203
accept: */*

Response DefaultHttpResponse(decodeResult: success, version: HTTP/1.1)
HTTP/1.1 200 OK
Content-Length: 14
Content-Type: application/json; charset=utf-8
cache-control: no-cache

06:32:32.576 [AsyncHttpClient-1-11] DEBUG org.asynchttpclient.netty.channel.ChannelManager - Adding key: http://localhost:38203 for channel [id: 0x5952f140, L:/127.0.0.1:62370 - R:localhost/127.0.0.1:38203]
06:32:32.579 [Forwarding findElement on session 73c270e8d6f22a8d89e2eda7aac02522 to remote] DEBUG org.asynchttpclient.netty.request.NettyRequestSender - Using pooled Channel '[id: 0x5952f140, L:/127.0.0.1:62370 - R:localhost/127.0.0.1:38203]' for 'POST' to 'http://localhost:38203/session/73c270e8d6f22a8d89e2eda7aac02522/element'
06:32:32.579 [Forwarding findElement on session 73c270e8d6f22a8d89e2eda7aac02522 to remote] DEBUG org.asynchttpclient.netty.request.NettyRequestSender - Using open Channel [id: 0x5952f140, L:/127.0.0.1:62370 - R:localhost/127.0.0.1:38203] for POST '/session/73c270e8d6f22a8d89e2eda7aac02522/element'
06:32:32.598 [AsyncHttpClient-1-11] DEBUG org.asynchttpclient.netty.handler.HttpHandler - 

Request DefaultHttpRequest(decodeResult: success, version: HTTP/1.1)
POST /session/73c270e8d6f22a8d89e2eda7aac02522/element HTTP/1.1
User-Agent: selenium/4.8.1 (java windows)
Content-Length: 145
Content-Type: application/json; charset=utf-8
host: localhost:38203
accept: */*

Response DefaultHttpResponse(decodeResult: success, version: HTTP/1.1)
HTTP/1.1 200 OK
Content-Length: 88
Content-Type: application/json; charset=utf-8
cache-control: no-cache

06:32:32.598 [AsyncHttpClient-1-11] DEBUG org.asynchttpclient.netty.channel.ChannelManager - Adding key: http://localhost:38203 for channel [id: 0x5952f140, L:/127.0.0.1:62370 - R:localhost/127.0.0.1:38203]
06:32:32.600 [Forwarding clickElement on session 73c270e8d6f22a8d89e2eda7aac02522 to remote] DEBUG org.asynchttpclient.netty.request.NettyRequestSender - Using pooled Channel '[id: 0x5952f140, L:/127.0.0.1:62370 - R:localhost/127.0.0.1:38203]' for 'POST' to 'http://localhost:38203/session/73c270e8d6f22a8d89e2eda7aac02522/element/2f1bd808-946b-4559-a445-5e3f47beddf5/click'
06:32:32.600 [Forwarding clickElement on session 73c270e8d6f22a8d89e2eda7aac02522 to remote] DEBUG org.asynchttpclient.netty.request.NettyRequestSender - Using open Channel [id: 0x5952f140, L:/127.0.0.1:62370 - R:localhost/127.0.0.1:38203] for POST '/session/73c270e8d6f22a8d89e2eda7aac02522/element/2f1bd808-946b-4559-a445-5e3f47beddf5/click'
06:32:32.658 [AsyncHttpClient-1-1] DEBUG org.asynchttpclient.netty.channel.DefaultChannelPool - Entry count for : http://localhost:62371 : 1
06:32:32.763 [AsyncHttpClient-1-11] DEBUG org.asynchttpclient.netty.handler.HttpHandler - 

Request DefaultHttpRequest(decodeResult: success, version: HTTP/1.1)
POST /session/73c270e8d6f22a8d89e2eda7aac02522/element/2f1bd808-946b-4559-a445-5e3f47beddf5/click HTTP/1.1
User-Agent: selenium/4.8.1 (java windows)
Content-Length: 50
Content-Type: application/json; charset=utf-8
host: localhost:38203
accept: */*

Response DefaultHttpResponse(decodeResult: success, version: HTTP/1.1)
HTTP/1.1 200 OK
Content-Length: 14
Content-Type: application/json; charset=utf-8
cache-control: no-cache

06:32:32.763 [AsyncHttpClient-1-11] DEBUG org.asynchttpclient.netty.channel.ChannelManager - Adding key: http://localhost:38203 for channel [id: 0x5952f140, L:/127.0.0.1:62370 - R:localhost/127.0.0.1:38203]
06:32:32.769 [main] DEBUG net.thucydides.core.steps.StepInterceptor - STEP DONE: userClickBuyButtonOnTheSelectedProduct
  &amp#27;[32mAnd &amp#27;[0m&amp#27;[32muser click buy button on the selected product&amp#27;[0m             &amp#27;[90m# starter.stepdefinitions.UserSteps.userClickBuyButtonOnTheSelectedProduct()&amp#27;[0m
06:32:32.782 [main] DEBUG net.thucydides.core.steps.StepInterceptor - STARTING STEP: UserSteps.userCanSeeTheNumberInTheShoppingCart - userCanSeeTheNumberInTheShoppingCart
06:32:32.785 [Forwarding findElement on session 73c270e8d6f22a8d89e2eda7aac02522 to remote] DEBUG org.asynchttpclient.netty.request.NettyRequestSender - Using pooled Channel '[id: 0x5952f140, L:/127.0.0.1:62370 - R:localhost/127.0.0.1:38203]' for 'POST' to 'http://localhost:38203/session/73c270e8d6f22a8d89e2eda7aac02522/element'
06:32:32.786 [Forwarding findElement on session 73c270e8d6f22a8d89e2eda7aac02522 to remote] DEBUG org.asynchttpclient.netty.request.NettyRequestSender - Using open Channel [id: 0x5952f140, L:/127.0.0.1:62370 - R:localhost/127.0.0.1:38203] for POST '/session/73c270e8d6f22a8d89e2eda7aac02522/element'
06:32:33.119 [AsyncHttpClient-1-11] DEBUG org.asynchttpclient.netty.handler.HttpHandler - 

Request DefaultHttpRequest(decodeResult: success, version: HTTP/1.1)
POST /session/73c270e8d6f22a8d89e2eda7aac02522/element HTTP/1.1
User-Agent: selenium/4.8.1 (java windows)
Content-Length: 86
Content-Type: application/json; charset=utf-8
host: localhost:38203
accept: */*

Response DefaultHttpResponse(decodeResult: success, version: HTTP/1.1)
HTTP/1.1 200 OK
Content-Length: 88
Content-Type: application/json; charset=utf-8
cache-control: no-cache

06:32:33.119 [AsyncHttpClient-1-11] DEBUG org.asynchttpclient.netty.channel.ChannelManager - Adding key: http://localhost:38203 for channel [id: 0x5952f140, L:/127.0.0.1:62370 - R:localhost/127.0.0.1:38203]
06:32:33.128 [Forwarding isElementDisplayed on session 73c270e8d6f22a8d89e2eda7aac02522 to remote] DEBUG org.asynchttpclient.netty.request.NettyRequestSender - Using pooled Channel '[id: 0x5952f140, L:/127.0.0.1:62370 - R:localhost/127.0.0.1:38203]' for 'POST' to 'http://localhost:38203/session/73c270e8d6f22a8d89e2eda7aac02522/execute/sync'
06:32:33.129 [Forwarding isElementDisplayed on session 73c270e8d6f22a8d89e2eda7aac02522 to remote] DEBUG org.asynchttpclient.netty.request.NettyRequestSender - Using open Channel [id: 0x5952f140, L:/127.0.0.1:62370 - R:localhost/127.0.0.1:38203] for POST '/session/73c270e8d6f22a8d89e2eda7aac02522/execute/sync'
06:32:33.159 [AsyncHttpClient-1-11] DEBUG org.asynchttpclient.netty.handler.HttpHandler - 

Request DefaultHttpRequest(decodeResult: success, version: HTTP/1.1)
POST /session/73c270e8d6f22a8d89e2eda7aac02522/execute/sync HTTP/1.1
User-Agent: selenium/4.8.1 (java windows)
Content-Length: 48807
Content-Type: application/json; charset=utf-8
host: localhost:38203
accept: */*

Response DefaultHttpResponse(decodeResult: success, version: HTTP/1.1)
HTTP/1.1 200 OK
Content-Length: 14
Content-Type: application/json; charset=utf-8
cache-control: no-cache

06:32:33.160 [AsyncHttpClient-1-11] DEBUG org.asynchttpclient.netty.channel.ChannelManager - Adding key: http://localhost:38203 for channel [id: 0x5952f140, L:/127.0.0.1:62370 - R:localhost/127.0.0.1:38203]
06:32:33.167 [Forwarding isElementDisplayed on session 73c270e8d6f22a8d89e2eda7aac02522 to remote] DEBUG org.asynchttpclient.netty.request.NettyRequestSender - Using pooled Channel '[id: 0x5952f140, L:/127.0.0.1:62370 - R:localhost/127.0.0.1:38203]' for 'POST' to 'http://localhost:38203/session/73c270e8d6f22a8d89e2eda7aac02522/execute/sync'
06:32:33.167 [Forwarding isElementDisplayed on session 73c270e8d6f22a8d89e2eda7aac02522 to remote] DEBUG org.asynchttpclient.netty.request.NettyRequestSender - Using open Channel [id: 0x5952f140, L:/127.0.0.1:62370 - R:localhost/127.0.0.1:38203] for POST '/session/73c270e8d6f22a8d89e2eda7aac02522/execute/sync'
06:32:33.214 [AsyncHttpClient-1-11] DEBUG org.asynchttpclient.netty.handler.HttpHandler - 

Request DefaultHttpRequest(decodeResult: success, version: HTTP/1.1)
POST /session/73c270e8d6f22a8d89e2eda7aac02522/execute/sync HTTP/1.1
User-Agent: selenium/4.8.1 (java windows)
Content-Length: 48807
Content-Type: application/json; charset=utf-8
host: localhost:38203
accept: */*

Response DefaultHttpResponse(decodeResult: success, version: HTTP/1.1)
HTTP/1.1 200 OK
Content-Length: 14
Content-Type: application/json; charset=utf-8
cache-control: no-cache

06:32:33.214 [AsyncHttpClient-1-11] DEBUG org.asynchttpclient.netty.channel.ChannelManager - Adding key: http://localhost:38203 for channel [id: 0x5952f140, L:/127.0.0.1:62370 - R:localhost/127.0.0.1:38203]
06:32:33.219 [main] DEBUG net.thucydides.core.steps.StepInterceptor - STEP DONE: userCanSeeTheNumberInTheShoppingCart
  &amp#27;[32mAnd &amp#27;[0m&amp#27;[32muser can see the number in the shopping cart&amp#27;[0m              &amp#27;[90m# starter.stepdefinitions.UserSteps.userCanSeeTheNumberInTheShoppingCart()&amp#27;[0m
06:32:33.240 [main] DEBUG net.thucydides.core.steps.StepInterceptor - STARTING STEP: UserSteps.userCanClickShoppingCartButton - userCanClickShoppingCartButton
06:32:33.246 [Forwarding findElement on session 73c270e8d6f22a8d89e2eda7aac02522 to remote] DEBUG org.asynchttpclient.netty.request.NettyRequestSender - Using pooled Channel '[id: 0x5952f140, L:/127.0.0.1:62370 - R:localhost/127.0.0.1:38203]' for 'POST' to 'http://localhost:38203/session/73c270e8d6f22a8d89e2eda7aac02522/element'
06:32:33.246 [Forwarding findElement on session 73c270e8d6f22a8d89e2eda7aac02522 to remote] DEBUG org.asynchttpclient.netty.request.NettyRequestSender - Using open Channel [id: 0x5952f140, L:/127.0.0.1:62370 - R:localhost/127.0.0.1:38203] for POST '/session/73c270e8d6f22a8d89e2eda7aac02522/element'
06:32:33.327 [AsyncHttpClient-1-11] DEBUG org.asynchttpclient.netty.handler.HttpHandler - 

Request DefaultHttpRequest(decodeResult: success, version: HTTP/1.1)
POST /session/73c270e8d6f22a8d89e2eda7aac02522/element HTTP/1.1
User-Agent: selenium/4.8.1 (java windows)
Content-Length: 78
Content-Type: application/json; charset=utf-8
host: localhost:38203
accept: */*

Response DefaultHttpResponse(decodeResult: success, version: HTTP/1.1)
HTTP/1.1 200 OK
Content-Length: 88
Content-Type: application/json; charset=utf-8
cache-control: no-cache

06:32:33.327 [AsyncHttpClient-1-11] DEBUG org.asynchttpclient.netty.channel.ChannelManager - Adding key: http://localhost:38203 for channel [id: 0x5952f140, L:/127.0.0.1:62370 - R:localhost/127.0.0.1:38203]
06:32:33.331 [Forwarding getElementTagName on session 73c270e8d6f22a8d89e2eda7aac02522 to remote] DEBUG org.asynchttpclient.netty.request.NettyRequestSender - Using pooled Channel '[id: 0x5952f140, L:/127.0.0.1:62370 - R:localhost/127.0.0.1:38203]' for 'GET' to 'http://localhost:38203/session/73c270e8d6f22a8d89e2eda7aac02522/element/1bfbbc8a-e0fb-4215-a891-687c03d444fd/name'
06:32:33.331 [Forwarding getElementTagName on session 73c270e8d6f22a8d89e2eda7aac02522 to remote] DEBUG org.asynchttpclient.netty.request.NettyRequestSender - Using open Channel [id: 0x5952f140, L:/127.0.0.1:62370 - R:localhost/127.0.0.1:38203] for GET '/session/73c270e8d6f22a8d89e2eda7aac02522/element/1bfbbc8a-e0fb-4215-a891-687c03d444fd/name'
06:32:33.345 [AsyncHttpClient-1-11] DEBUG org.asynchttpclient.netty.handler.HttpHandler - 

Request DefaultFullHttpRequest(decodeResult: success, version: HTTP/1.1, content: EmptyByteBufBE)
GET /session/73c270e8d6f22a8d89e2eda7aac02522/element/1bfbbc8a-e0fb-4215-a891-687c03d444fd/name HTTP/1.1
User-Agent: selenium/4.8.1 (java windows)
Cache-Control: no-cache
Content-Type: application/json; charset=utf-8
host: localhost:38203
accept: */*

Response DefaultHttpResponse(decodeResult: success, version: HTTP/1.1)
HTTP/1.1 200 OK
Content-Length: 16
Content-Type: application/json; charset=utf-8
cache-control: no-cache

06:32:33.346 [AsyncHttpClient-1-11] DEBUG org.asynchttpclient.netty.channel.ChannelManager - Adding key: http://localhost:38203 for channel [id: 0x5952f140, L:/127.0.0.1:62370 - R:localhost/127.0.0.1:38203]
06:32:33.348 [Forwarding getElementTagName on session 73c270e8d6f22a8d89e2eda7aac02522 to remote] DEBUG org.asynchttpclient.netty.request.NettyRequestSender - Using pooled Channel '[id: 0x5952f140, L:/127.0.0.1:62370 - R:localhost/127.0.0.1:38203]' for 'GET' to 'http://localhost:38203/session/73c270e8d6f22a8d89e2eda7aac02522/element/1bfbbc8a-e0fb-4215-a891-687c03d444fd/name'
06:32:33.349 [Forwarding getElementTagName on session 73c270e8d6f22a8d89e2eda7aac02522 to remote] DEBUG org.asynchttpclient.netty.request.NettyRequestSender - Using open Channel [id: 0x5952f140, L:/127.0.0.1:62370 - R:localhost/127.0.0.1:38203] for GET '/session/73c270e8d6f22a8d89e2eda7aac02522/element/1bfbbc8a-e0fb-4215-a891-687c03d444fd/name'
06:32:33.359 [AsyncHttpClient-1-11] DEBUG org.asynchttpclient.netty.handler.HttpHandler - 

Request DefaultFullHttpRequest(decodeResult: success, version: HTTP/1.1, content: EmptyByteBufBE)
GET /session/73c270e8d6f22a8d89e2eda7aac02522/element/1bfbbc8a-e0fb-4215-a891-687c03d444fd/name HTTP/1.1
User-Agent: selenium/4.8.1 (java windows)
Cache-Control: no-cache
Content-Type: application/json; charset=utf-8
host: localhost:38203
accept: */*

Response DefaultHttpResponse(decodeResult: success, version: HTTP/1.1)
HTTP/1.1 200 OK
Content-Length: 16
Content-Type: application/json; charset=utf-8
cache-control: no-cache

06:32:33.359 [AsyncHttpClient-1-11] DEBUG org.asynchttpclient.netty.channel.ChannelManager - Adding key: http://localhost:38203 for channel [id: 0x5952f140, L:/127.0.0.1:62370 - R:localhost/127.0.0.1:38203]
06:32:33.363 [Forwarding findElement on session 73c270e8d6f22a8d89e2eda7aac02522 to remote] DEBUG org.asynchttpclient.netty.request.NettyRequestSender - Using pooled Channel '[id: 0x5952f140, L:/127.0.0.1:62370 - R:localhost/127.0.0.1:38203]' for 'POST' to 'http://localhost:38203/session/73c270e8d6f22a8d89e2eda7aac02522/element'
06:32:33.363 [Forwarding findElement on session 73c270e8d6f22a8d89e2eda7aac02522 to remote] DEBUG org.asynchttpclient.netty.request.NettyRequestSender - Using open Channel [id: 0x5952f140, L:/127.0.0.1:62370 - R:localhost/127.0.0.1:38203] for POST '/session/73c270e8d6f22a8d89e2eda7aac02522/element'
06:32:33.392 [AsyncHttpClient-1-11] DEBUG org.asynchttpclient.netty.handler.HttpHandler - 

Request DefaultHttpRequest(decodeResult: success, version: HTTP/1.1)
POST /session/73c270e8d6f22a8d89e2eda7aac02522/element HTTP/1.1
User-Agent: selenium/4.8.1 (java windows)
Content-Length: 78
Content-Type: application/json; charset=utf-8
host: localhost:38203
accept: */*

Response DefaultHttpResponse(decodeResult: success, version: HTTP/1.1)
HTTP/1.1 200 OK
Content-Length: 88
Content-Type: application/json; charset=utf-8
cache-control: no-cache

06:32:33.393 [AsyncHttpClient-1-11] DEBUG org.asynchttpclient.netty.channel.ChannelManager - Adding key: http://localhost:38203 for channel [id: 0x5952f140, L:/127.0.0.1:62370 - R:localhost/127.0.0.1:38203]
06:32:33.396 [Forwarding clickElement on session 73c270e8d6f22a8d89e2eda7aac02522 to remote] DEBUG org.asynchttpclient.netty.request.NettyRequestSender - Using pooled Channel '[id: 0x5952f140, L:/127.0.0.1:62370 - R:localhost/127.0.0.1:38203]' for 'POST' to 'http://localhost:38203/session/73c270e8d6f22a8d89e2eda7aac02522/element/1bfbbc8a-e0fb-4215-a891-687c03d444fd/click'
06:32:33.396 [Forwarding clickElement on session 73c270e8d6f22a8d89e2eda7aac02522 to remote] DEBUG org.asynchttpclient.netty.request.NettyRequestSender - Using open Channel [id: 0x5952f140, L:/127.0.0.1:62370 - R:localhost/127.0.0.1:38203] for POST '/session/73c270e8d6f22a8d89e2eda7aac02522/element/1bfbbc8a-e0fb-4215-a891-687c03d444fd/click'
06:32:33.529 [AsyncHttpClient-1-11] DEBUG org.asynchttpclient.netty.handler.HttpHandler - 

Request DefaultHttpRequest(decodeResult: success, version: HTTP/1.1)
POST /session/73c270e8d6f22a8d89e2eda7aac02522/element/1bfbbc8a-e0fb-4215-a891-687c03d444fd/click HTTP/1.1
User-Agent: selenium/4.8.1 (java windows)
Content-Length: 50
Content-Type: application/json; charset=utf-8
host: localhost:38203
accept: */*

Response DefaultHttpResponse(decodeResult: success, version: HTTP/1.1)
HTTP/1.1 200 OK
Content-Length: 14
Content-Type: application/json; charset=utf-8
cache-control: no-cache

06:32:33.530 [AsyncHttpClient-1-11] DEBUG org.asynchttpclient.netty.channel.ChannelManager - Adding key: http://localhost:38203 for channel [id: 0x5952f140, L:/127.0.0.1:62370 - R:localhost/127.0.0.1:38203]
06:32:33.540 [main] DEBUG net.thucydides.core.steps.StepInterceptor - STEP DONE: userCanClickShoppingCartButton
  &amp#27;[32mAnd &amp#27;[0m&amp#27;[32muser can click shopping cart button&amp#27;[0m                       &amp#27;[90m# starter.stepdefinitions.UserSteps.userCanClickShoppingCartButton()&amp#27;[0m
06:32:33.590 [main] DEBUG net.thucydides.core.steps.StepInterceptor - STARTING STEP: UserSteps.userCanSeeProductPurchased - userCanSeeProductPurchased
06:32:33.604 [Forwarding findElement on session 73c270e8d6f22a8d89e2eda7aac02522 to remote] DEBUG org.asynchttpclient.netty.request.NettyRequestSender - Using pooled Channel '[id: 0x5952f140, L:/127.0.0.1:62370 - R:localhost/127.0.0.1:38203]' for 'POST' to 'http://localhost:38203/session/73c270e8d6f22a8d89e2eda7aac02522/element'
06:32:33.604 [Forwarding findElement on session 73c270e8d6f22a8d89e2eda7aac02522 to remote] DEBUG org.asynchttpclient.netty.request.NettyRequestSender - Using open Channel [id: 0x5952f140, L:/127.0.0.1:62370 - R:localhost/127.0.0.1:38203] for POST '/session/73c270e8d6f22a8d89e2eda7aac02522/element'
06:32:33.761 [AsyncHttpClient-1-1] DEBUG org.asynchttpclient.netty.channel.DefaultChannelPool - Entry count for : http://localhost:62371 : 1
06:32:33.973 [AsyncHttpClient-1-11] DEBUG org.asynchttpclient.netty.handler.HttpHandler - 

Request DefaultHttpRequest(decodeResult: success, version: HTTP/1.1)
POST /session/73c270e8d6f22a8d89e2eda7aac02522/element HTTP/1.1
User-Agent: selenium/4.8.1 (java windows)
Content-Length: 74
Content-Type: application/json; charset=utf-8
host: localhost:38203
accept: */*

Response DefaultHttpResponse(decodeResult: success, version: HTTP/1.1)
HTTP/1.1 200 OK
Content-Length: 88
Content-Type: application/json; charset=utf-8
cache-control: no-cache

06:32:33.974 [AsyncHttpClient-1-11] DEBUG org.asynchttpclient.netty.channel.ChannelManager - Adding key: http://localhost:38203 for channel [id: 0x5952f140, L:/127.0.0.1:62370 - R:localhost/127.0.0.1:38203]
06:32:33.979 [Forwarding isElementDisplayed on session 73c270e8d6f22a8d89e2eda7aac02522 to remote] DEBUG org.asynchttpclient.netty.request.NettyRequestSender - Using pooled Channel '[id: 0x5952f140, L:/127.0.0.1:62370 - R:localhost/127.0.0.1:38203]' for 'POST' to 'http://localhost:38203/session/73c270e8d6f22a8d89e2eda7aac02522/execute/sync'
06:32:33.979 [Forwarding isElementDisplayed on session 73c270e8d6f22a8d89e2eda7aac02522 to remote] DEBUG org.asynchttpclient.netty.request.NettyRequestSender - Using open Channel [id: 0x5952f140, L:/127.0.0.1:62370 - R:localhost/127.0.0.1:38203] for POST '/session/73c270e8d6f22a8d89e2eda7aac02522/execute/sync'
06:32:33.998 [AsyncHttpClient-1-11] DEBUG org.asynchttpclient.netty.handler.HttpHandler - 

Request DefaultHttpRequest(decodeResult: success, version: HTTP/1.1)
POST /session/73c270e8d6f22a8d89e2eda7aac02522/execute/sync HTTP/1.1
User-Agent: selenium/4.8.1 (java windows)
Content-Length: 48807
Content-Type: application/json; charset=utf-8
host: localhost:38203
accept: */*

Response DefaultHttpResponse(decodeResult: success, version: HTTP/1.1)
HTTP/1.1 200 OK
Content-Length: 14
Content-Type: application/json; charset=utf-8
cache-control: no-cache

06:32:33.999 [AsyncHttpClient-1-11] DEBUG org.asynchttpclient.netty.channel.ChannelManager - Adding key: http://localhost:38203 for channel [id: 0x5952f140, L:/127.0.0.1:62370 - R:localhost/127.0.0.1:38203]
06:32:34.005 [Forwarding isElementDisplayed on session 73c270e8d6f22a8d89e2eda7aac02522 to remote] DEBUG org.asynchttpclient.netty.request.NettyRequestSender - Using pooled Channel '[id: 0x5952f140, L:/127.0.0.1:62370 - R:localhost/127.0.0.1:38203]' for 'POST' to 'http://localhost:38203/session/73c270e8d6f22a8d89e2eda7aac02522/execute/sync'
06:32:34.006 [Forwarding isElementDisplayed on session 73c270e8d6f22a8d89e2eda7aac02522 to remote] DEBUG org.asynchttpclient.netty.request.NettyRequestSender - Using open Channel [id: 0x5952f140, L:/127.0.0.1:62370 - R:localhost/127.0.0.1:38203] for POST '/session/73c270e8d6f22a8d89e2eda7aac02522/execute/sync'
06:32:34.021 [AsyncHttpClient-1-11] DEBUG org.asynchttpclient.netty.handler.HttpHandler - 

Request DefaultHttpRequest(decodeResult: success, version: HTTP/1.1)
POST /session/73c270e8d6f22a8d89e2eda7aac02522/execute/sync HTTP/1.1
User-Agent: selenium/4.8.1 (java windows)
Content-Length: 48807
Content-Type: application/json; charset=utf-8
host: localhost:38203
accept: */*

Response DefaultHttpResponse(decodeResult: success, version: HTTP/1.1)
HTTP/1.1 200 OK
Content-Length: 14
Content-Type: application/json; charset=utf-8
cache-control: no-cache

06:32:34.022 [AsyncHttpClient-1-11] DEBUG org.asynchttpclient.netty.channel.ChannelManager - Adding key: http://localhost:38203 for channel [id: 0x5952f140, L:/127.0.0.1:62370 - R:localhost/127.0.0.1:38203]
06:32:34.025 [main] DEBUG net.thucydides.core.steps.StepInterceptor - STEP DONE: userCanSeeProductPurchased
  &amp#27;[32mThen &amp#27;[0m&amp#27;[32muser can see product purchased&amp#27;[0m                           &amp#27;[90m# starter.stepdefinitions.UserSteps.userCanSeeProductPurchased()&amp#27;[0m
06:32:34.031 [main] INFO  - 
  _____   ___   ___   _____     ___     _     ___   ___   ___   ___  
 |_   _| | __| / __| |_   _|   | _ \   /_\   / __| / __| | __| |   \ 
   | |   | _|  \__ \   | |     |  _/  / _ \  \__ \ \__ \ | _|  | |) |
   |_|   |___| |___/   |_|     |_|   /_/ \_\ |___/ |___/ |___| |___/ 

as a user I want to add a product to my shopping cart
----------------------------------------------------------------------
06:32:34.034 [AsyncHttpClient-1-13] DEBUG org.asynchttpclient.netty.handler.WebSocketHandler - Channel Closed: [id: 0x1692cc09, L:/127.0.0.1:62378 ! R:localhost/127.0.0.1:62371] with attribute NettyResponseFuture{currentRetry=0,
	isDone=1,
	isCancelled=0,
	asyncHandler=org.asynchttpclient.ws.WebSocketUpgradeHandler@860f6cf,
	nettyRequest=org.asynchttpclient.netty.request.NettyRequest@4d6279a7,
	future=java.util.concurrent.CompletableFuture@b5160d1[Completed normally],
	uri=ws://localhost:62371/devtools/browser/99a4bd44-6f23-4d5b-8982-34ed570f5572,
	keepAlive=true,
	redirectCount=0,
	timeoutsHolder=null,
	inAuth=0,
	touch=1683588740521}
06:32:34.035 [AsyncHttpClient-1-13] DEBUG org.asynchttpclient.netty.channel.ChannelManager - Closing Channel [id: 0x1692cc09, L:/127.0.0.1:62378 ! R:localhost/127.0.0.1:62371] 
06:32:34.035 [Driver Command Executor] DEBUG org.asynchttpclient.netty.request.NettyRequestSender - Using pooled Channel '[id: 0x5952f140, L:/127.0.0.1:62370 - R:localhost/127.0.0.1:38203]' for 'DELETE' to 'http://localhost:38203/session/73c270e8d6f22a8d89e2eda7aac02522'
06:32:34.035 [Driver Command Executor] DEBUG org.asynchttpclient.netty.request.NettyRequestSender - Using open Channel [id: 0x5952f140, L:/127.0.0.1:62370 - R:localhost/127.0.0.1:38203] for DELETE '/session/73c270e8d6f22a8d89e2eda7aac02522'
06:32:34.070 [AsyncHttpClient-1-12] DEBUG org.asynchttpclient.netty.handler.HttpHandler - Unexpected I/O exception on channel [id: 0xb778cb11, L:/127.0.0.1:62377 - R:localhost/127.0.0.1:62371]
java.net.SocketException: Connection reset
	at java.base/sun.nio.ch.SocketChannelImpl.throwConnectionReset(SocketChannelImpl.java:345)
	at java.base/sun.nio.ch.SocketChannelImpl.read(SocketChannelImpl.java:376)
	at io.netty.buffer.PooledByteBuf.setBytes(PooledByteBuf.java:259)
	at io.netty.buffer.AbstractByteBuf.writeBytes(AbstractByteBuf.java:1132)
	at io.netty.channel.socket.nio.NioSocketChannel.doReadBytes(NioSocketChannel.java:357)
	at io.netty.channel.nio.AbstractNioByteChannel$NioByteUnsafe.read(AbstractNioByteChannel.java:151)
	at io.netty.channel.nio.NioEventLoop.processSelectedKey(NioEventLoop.java:788)
	at io.netty.channel.nio.NioEventLoop.processSelectedKeysOptimized(NioEventLoop.java:724)
	at io.netty.channel.nio.NioEventLoop.processSelectedKeys(NioEventLoop.java:650)
	at io.netty.channel.nio.NioEventLoop.run(NioEventLoop.java:562)
	at io.netty.util.concurrent.SingleThreadEventExecutor$4.run(SingleThreadEventExecutor.java:997)
	at io.netty.util.internal.ThreadExecutorMap$2.run(ThreadExecutorMap.java:74)
	at io.netty.util.concurrent.FastThreadLocalRunnable.run(FastThreadLocalRunnable.java:30)
	at java.base/java.lang.Thread.run(Thread.java:832)
06:32:34.071 [AsyncHttpClient-1-12] DEBUG org.asynchttpclient.netty.channel.ChannelManager - Closing Channel [id: 0xb778cb11, L:/127.0.0.1:62377 - R:localhost/127.0.0.1:62371] 
06:32:34.071 [AsyncHttpClient-1-12] DEBUG org.asynchttpclient.netty.handler.HttpHandler - Channel Closed: [id: 0xb778cb11, L:/127.0.0.1:62377 ! R:localhost/127.0.0.1:62371] with attribute DISCARD
06:32:34.096 [AsyncHttpClient-1-11] DEBUG org.asynchttpclient.netty.handler.HttpHandler - 

Request DefaultFullHttpRequest(decodeResult: success, version: HTTP/1.1, content: EmptyByteBufBE)
DELETE /session/73c270e8d6f22a8d89e2eda7aac02522 HTTP/1.1
User-Agent: selenium/4.8.1 (java windows)
Content-Type: application/json; charset=utf-8
host: localhost:38203
accept: */*

Response DefaultHttpResponse(decodeResult: success, version: HTTP/1.1)
HTTP/1.1 200 OK
Content-Length: 14
Content-Type: application/json; charset=utf-8
cache-control: no-cache

06:32:34.096 [AsyncHttpClient-1-11] DEBUG org.asynchttpclient.netty.channel.ChannelManager - Adding key: http://localhost:38203 for channel [id: 0x5952f140, L:/127.0.0.1:62370 - R:localhost/127.0.0.1:38203]
06:32:34.725 [AsyncHttpClient-1-11] DEBUG org.asynchttpclient.netty.handler.HttpHandler - Channel Closed: [id: 0x5952f140, L:/127.0.0.1:62370 ! R:localhost/127.0.0.1:38203] with attribute DISCARD
06:32:34.862 [AsyncHttpClient-1-1] DEBUG org.asynchttpclient.netty.channel.DefaultChannelPool - Entry count for : http://localhost:38203 : 1
06:32:34.862 [AsyncHttpClient-1-1] DEBUG org.asynchttpclient.netty.channel.DefaultChannelPool - Entry count for : http://localhost:62371 : 1
06:32:34.862 [AsyncHttpClient-1-1] DEBUG org.asynchttpclient.netty.channel.DefaultChannelPool - Adding Candidate expired Channel [id: 0x5952f140, L:/127.0.0.1:62370 ! R:localhost/127.0.0.1:38203] isIdleTimeoutExpired=false isRemotelyClosed=true isTtlExpired=false
06:32:34.862 [AsyncHttpClient-1-1] DEBUG org.asynchttpclient.netty.channel.DefaultChannelPool - Closing Idle Channel [id: 0x5952f140, L:/127.0.0.1:62370 ! R:localhost/127.0.0.1:38203]
06:32:34.862 [AsyncHttpClient-1-1] DEBUG org.asynchttpclient.netty.channel.DefaultChannelPool - Adding Candidate expired Channel [id: 0xb778cb11, L:/127.0.0.1:62377 ! R:localhost/127.0.0.1:62371] isIdleTimeoutExpired=false isRemotelyClosed=true isTtlExpired=false
06:32:34.862 [AsyncHttpClient-1-1] DEBUG org.asynchttpclient.netty.channel.DefaultChannelPool - Closing Idle Channel [id: 0xb778cb11, L:/127.0.0.1:62377 ! R:localhost/127.0.0.1:62371]
06:32:34.862 [AsyncHttpClient-1-1] DEBUG org.asynchttpclient.netty.channel.DefaultChannelPool - Closed 2 connections out of 2 in 0 ms
]]></system-out>
    <system-err><![CDATA[Starting ChromeDriver 112.0.5615.49 (bd2a7bcb881c11e8cfe3078709382934e3916914-refs/branch-heads/5615@{#936}) on port 38203
Only local connections are allowed.
Please see https://chromedriver.chromium.org/security-considerations for suggestions on keeping ChromeDriver safe.
ChromeDriver was started successfully.
May 09, 2023 6:32:20 AM org.openqa.selenium.devtools.CdpVersionFinder findNearestMatch
WARNING: Unable to find an exact match for CDP version 112, so returning the closest version found: 110
]]></system-err>
  </testcase>
  <testcase name="as a user I want to pay for a product in a shopping cart" classname="As a user" time="18.989">
    <system-out><![CDATA[
@TC-008
Scenario: as a user I want to pay for a product in a shopping cart &amp#27;[90m# src/test/resources/features/user.feature:55&amp#27;[0m
06:32:35.278 [main] DEBUG io.cucumber.core.plugin.SerenityReporter - Running feature from file:///C:/Users/Lenovo/IdeaProjects/MiniProject/MiniProjectWeb/src/test/resources/features/user.feature
06:32:35.286 [main] INFO  - 
  _____   ___   ___   _____     ___   _____     _     ___   _____   ___   ___  
 |_   _| | __| / __| |_   _|   / __| |_   _|   /_\   | _ \ |_   _| | __| |   \ 
   | |   | _|  \__ \   | |     \__ \   | |    / _ \  |   /   | |   | _|  | |) |
   |_|   |___| |___/   |_|     |___/   |_|   /_/ \_\ |_|_\   |_|   |___| |___/ 

as a user I want to pay for a product in a shopping cart(as-a-user;as-a-user-i-want-to-pay-for-a-product-in-a-shopping-cart)
--------------------------------------------------------------------------------
06:32:35.378 [main] DEBUG net.thucydides.core.steps.StepInterceptor - STARTING STEP: UserSteps.userOnMainPage - userOnMainPage
06:32:35.496 [main] INFO net.serenitybdd.core.webdriver.driverproviders.ChromeDriverProvider - Starting Chrome driver instance with capabilities:
06:32:35.496 [main] INFO net.serenitybdd.core.webdriver.driverproviders.ChromeDriverProvider - Capabilities {acceptInsecureCerts: true, browserName: chrome, goog:chromeOptions: {args: [remote-allow-origins=*, test-type, no-sandbox, ignore-certificate-errors, start-maximized, incognito, disable-infobars, disable-gpu, disable-default-apps, disable-popup-blocking, remote-allow-origins=*, test-type, no-sandbox, ignore-certificate-errors, start-maximized, incognito, disable-infobars, disable-gpu, disable-default-apps, disable-popup-blocking, remote-allow-origins=*], extensions: []}}
06:32:36.120 [AsyncHttpClient-1-14] DEBUG org.asynchttpclient.netty.channel.NettyConnectListener - Using new Channel '[id: 0x1eccbce9, L:/127.0.0.1:62396 - R:localhost/127.0.0.1:7288]' for 'POST' to '/session'
06:32:37.076 [AsyncHttpClient-1-14] DEBUG org.asynchttpclient.netty.handler.HttpHandler - 

Request DefaultHttpRequest(decodeResult: success, version: HTTP/1.1)
POST /session HTTP/1.1
User-Agent: selenium/4.8.1 (java windows)
Content-Length: 1701
Content-Type: application/json; charset=utf-8
host: localhost:7288
accept: */*

Response DefaultHttpResponse(decodeResult: success, version: HTTP/1.1)
HTTP/1.1 200 OK
Content-Length: 860
Content-Type: application/json; charset=utf-8
cache-control: no-cache

06:32:37.076 [AsyncHttpClient-1-14] DEBUG org.asynchttpclient.netty.channel.ChannelManager - Adding key: http://localhost:7288 for channel [id: 0x1eccbce9, L:/127.0.0.1:62396 - R:localhost/127.0.0.1:7288]
06:32:37.097 [AsyncHttpClient-1-15] DEBUG org.asynchttpclient.netty.channel.NettyConnectListener - Using new Channel '[id: 0x995d2879, L:/127.0.0.1:62403 - R:localhost/127.0.0.1:62397]' for 'GET' to '/json/version'
06:32:37.103 [AsyncHttpClient-1-15] DEBUG org.asynchttpclient.netty.handler.HttpHandler - 

Request DefaultFullHttpRequest(decodeResult: success, version: HTTP/1.1, content: EmptyByteBufBE)
GET /json/version HTTP/1.1
User-Agent: selenium/4.8.1 (java windows)
host: localhost:62397
accept: */*

Response DefaultHttpResponse(decodeResult: success, version: HTTP/1.1)
HTTP/1.1 200 OK
Content-Security-Policy: frame-ancestors 'none'
Content-Length: 424
Content-Type: application/json; charset=UTF-8

06:32:37.104 [AsyncHttpClient-1-15] DEBUG org.asynchttpclient.netty.channel.ChannelManager - Adding key: http://localhost:62397 for channel [id: 0x995d2879, L:/127.0.0.1:62403 - R:localhost/127.0.0.1:62397]
06:32:37.113 [AsyncHttpClient-1-16] DEBUG org.asynchttpclient.netty.channel.NettyConnectListener - Using new Channel '[id: 0x6783b1db, L:/127.0.0.1:62404 - R:localhost/127.0.0.1:62397]' for 'GET' to '/devtools/browser/3e122b29-3fe8-483c-9f1a-35204a100e7f'
06:32:37.120 [AsyncHttpClient-1-16] DEBUG org.asynchttpclient.netty.handler.WebSocketHandler - 

Request DefaultFullHttpRequest(decodeResult: success, version: HTTP/1.1, content: EmptyByteBufBE)
GET /devtools/browser/3e122b29-3fe8-483c-9f1a-35204a100e7f HTTP/1.1
upgrade: websocket
connection: upgrade
sec-websocket-key: Ad4yv4LXqlUELmH6iuqAsw==
sec-websocket-version: 13
origin: http://localhost:62397
host: localhost:62397
accept: */*
user-agent: AHC/2.1

Response DefaultHttpResponse(decodeResult: success, version: HTTP/1.1)
HTTP/1.1 101 WebSocket Protocol Handshake
Upgrade: WebSocket
Connection: Upgrade
Sec-WebSocket-Accept: V2nkpfzJijRVUouXvO9A6g2hccc=

06:32:37.134 [Forwarding get on session 826b9d386e497b58adbaab294e26ef5b to remote] DEBUG org.asynchttpclient.netty.request.NettyRequestSender - Using pooled Channel '[id: 0x1eccbce9, L:/127.0.0.1:62396 - R:localhost/127.0.0.1:7288]' for 'POST' to 'http://localhost:7288/session/826b9d386e497b58adbaab294e26ef5b/url'
06:32:37.134 [Forwarding get on session 826b9d386e497b58adbaab294e26ef5b to remote] DEBUG org.asynchttpclient.netty.request.NettyRequestSender - Using open Channel [id: 0x1eccbce9, L:/127.0.0.1:62396 - R:localhost/127.0.0.1:7288] for POST '/session/826b9d386e497b58adbaab294e26ef5b/url'
06:32:38.158 [AsyncHttpClient-1-1] DEBUG org.asynchttpclient.netty.channel.DefaultChannelPool - Entry count for : http://localhost:62397 : 1
06:32:38.553 [AsyncHttpClient-1-14] DEBUG org.asynchttpclient.netty.handler.HttpHandler - 

Request DefaultHttpRequest(decodeResult: success, version: HTTP/1.1)
POST /session/826b9d386e497b58adbaab294e26ef5b/url HTTP/1.1
User-Agent: selenium/4.8.1 (java windows)
Content-Length: 59
Content-Type: application/json; charset=utf-8
host: localhost:7288
accept: */*

Response DefaultHttpResponse(decodeResult: success, version: HTTP/1.1)
HTTP/1.1 200 OK
Content-Length: 14
Content-Type: application/json; charset=utf-8
cache-control: no-cache

06:32:38.554 [AsyncHttpClient-1-14] DEBUG org.asynchttpclient.netty.channel.ChannelManager - Adding key: http://localhost:7288 for channel [id: 0x1eccbce9, L:/127.0.0.1:62396 - R:localhost/127.0.0.1:7288]
06:32:38.561 [Forwarding setTimeout on session 826b9d386e497b58adbaab294e26ef5b to remote] DEBUG org.asynchttpclient.netty.request.NettyRequestSender - Using pooled Channel '[id: 0x1eccbce9, L:/127.0.0.1:62396 - R:localhost/127.0.0.1:7288]' for 'POST' to 'http://localhost:7288/session/826b9d386e497b58adbaab294e26ef5b/timeouts'
06:32:38.561 [Forwarding setTimeout on session 826b9d386e497b58adbaab294e26ef5b to remote] DEBUG org.asynchttpclient.netty.request.NettyRequestSender - Using open Channel [id: 0x1eccbce9, L:/127.0.0.1:62396 - R:localhost/127.0.0.1:7288] for POST '/session/826b9d386e497b58adbaab294e26ef5b/timeouts'
06:32:38.564 [AsyncHttpClient-1-14] DEBUG org.asynchttpclient.netty.handler.HttpHandler - 

Request DefaultHttpRequest(decodeResult: success, version: HTTP/1.1)
POST /session/826b9d386e497b58adbaab294e26ef5b/timeouts HTTP/1.1
User-Agent: selenium/4.8.1 (java windows)
Content-Length: 22
Content-Type: application/json; charset=utf-8
host: localhost:7288
accept: */*

Response DefaultHttpResponse(decodeResult: success, version: HTTP/1.1)
HTTP/1.1 200 OK
Content-Length: 14
Content-Type: application/json; charset=utf-8
cache-control: no-cache

06:32:38.564 [AsyncHttpClient-1-14] DEBUG org.asynchttpclient.netty.channel.ChannelManager - Adding key: http://localhost:7288 for channel [id: 0x1eccbce9, L:/127.0.0.1:62396 - R:localhost/127.0.0.1:7288]
06:32:38.586 [Forwarding findElement on session 826b9d386e497b58adbaab294e26ef5b to remote] DEBUG org.asynchttpclient.netty.request.NettyRequestSender - Using pooled Channel '[id: 0x1eccbce9, L:/127.0.0.1:62396 - R:localhost/127.0.0.1:7288]' for 'POST' to 'http://localhost:7288/session/826b9d386e497b58adbaab294e26ef5b/element'
06:32:38.587 [Forwarding findElement on session 826b9d386e497b58adbaab294e26ef5b to remote] DEBUG org.asynchttpclient.netty.request.NettyRequestSender - Using open Channel [id: 0x1eccbce9, L:/127.0.0.1:62396 - R:localhost/127.0.0.1:7288] for POST '/session/826b9d386e497b58adbaab294e26ef5b/element'
06:32:38.612 [AsyncHttpClient-1-14] DEBUG org.asynchttpclient.netty.handler.HttpHandler - 

Request DefaultHttpRequest(decodeResult: success, version: HTTP/1.1)
POST /session/826b9d386e497b58adbaab294e26ef5b/element HTTP/1.1
User-Agent: selenium/4.8.1 (java windows)
Content-Length: 70
Content-Type: application/json; charset=utf-8
host: localhost:7288
accept: */*

Response DefaultHttpResponse(decodeResult: success, version: HTTP/1.1)
HTTP/1.1 200 OK
Content-Length: 88
Content-Type: application/json; charset=utf-8
cache-control: no-cache

06:32:38.612 [AsyncHttpClient-1-14] DEBUG org.asynchttpclient.netty.channel.ChannelManager - Adding key: http://localhost:7288 for channel [id: 0x1eccbce9, L:/127.0.0.1:62396 - R:localhost/127.0.0.1:7288]
06:32:38.619 [Forwarding isElementDisplayed on session 826b9d386e497b58adbaab294e26ef5b to remote] DEBUG org.asynchttpclient.netty.request.NettyRequestSender - Using pooled Channel '[id: 0x1eccbce9, L:/127.0.0.1:62396 - R:localhost/127.0.0.1:7288]' for 'POST' to 'http://localhost:7288/session/826b9d386e497b58adbaab294e26ef5b/execute/sync'
06:32:38.619 [Forwarding isElementDisplayed on session 826b9d386e497b58adbaab294e26ef5b to remote] DEBUG org.asynchttpclient.netty.request.NettyRequestSender - Using open Channel [id: 0x1eccbce9, L:/127.0.0.1:62396 - R:localhost/127.0.0.1:7288] for POST '/session/826b9d386e497b58adbaab294e26ef5b/execute/sync'
06:32:39.262 [AsyncHttpClient-1-1] DEBUG org.asynchttpclient.netty.channel.DefaultChannelPool - Entry count for : http://localhost:62397 : 1
06:32:40.359 [AsyncHttpClient-1-1] DEBUG org.asynchttpclient.netty.channel.DefaultChannelPool - Entry count for : http://localhost:62397 : 1
06:32:41.466 [AsyncHttpClient-1-1] DEBUG org.asynchttpclient.netty.channel.DefaultChannelPool - Entry count for : http://localhost:62397 : 1
06:32:42.559 [AsyncHttpClient-1-1] DEBUG org.asynchttpclient.netty.channel.DefaultChannelPool - Entry count for : http://localhost:62397 : 1
06:32:43.658 [AsyncHttpClient-1-1] DEBUG org.asynchttpclient.netty.channel.DefaultChannelPool - Entry count for : http://localhost:62397 : 1
06:32:44.252 [AsyncHttpClient-1-14] DEBUG org.asynchttpclient.netty.handler.HttpHandler - 

Request DefaultHttpRequest(decodeResult: success, version: HTTP/1.1)
POST /session/826b9d386e497b58adbaab294e26ef5b/execute/sync HTTP/1.1
User-Agent: selenium/4.8.1 (java windows)
Content-Length: 48807
Content-Type: application/json; charset=utf-8
host: localhost:7288
accept: */*

Response DefaultHttpResponse(decodeResult: success, version: HTTP/1.1)
HTTP/1.1 200 OK
Content-Length: 14
Content-Type: application/json; charset=utf-8
cache-control: no-cache

06:32:44.252 [AsyncHttpClient-1-14] DEBUG org.asynchttpclient.netty.channel.ChannelManager - Adding key: http://localhost:7288 for channel [id: 0x1eccbce9, L:/127.0.0.1:62396 - R:localhost/127.0.0.1:7288]
06:32:44.263 [Forwarding isElementDisplayed on session 826b9d386e497b58adbaab294e26ef5b to remote] DEBUG org.asynchttpclient.netty.request.NettyRequestSender - Using pooled Channel '[id: 0x1eccbce9, L:/127.0.0.1:62396 - R:localhost/127.0.0.1:7288]' for 'POST' to 'http://localhost:7288/session/826b9d386e497b58adbaab294e26ef5b/execute/sync'
06:32:44.263 [Forwarding isElementDisplayed on session 826b9d386e497b58adbaab294e26ef5b to remote] DEBUG org.asynchttpclient.netty.request.NettyRequestSender - Using open Channel [id: 0x1eccbce9, L:/127.0.0.1:62396 - R:localhost/127.0.0.1:7288] for POST '/session/826b9d386e497b58adbaab294e26ef5b/execute/sync'
06:32:44.302 [AsyncHttpClient-1-14] DEBUG org.asynchttpclient.netty.handler.HttpHandler - 

Request DefaultHttpRequest(decodeResult: success, version: HTTP/1.1)
POST /session/826b9d386e497b58adbaab294e26ef5b/execute/sync HTTP/1.1
User-Agent: selenium/4.8.1 (java windows)
Content-Length: 48807
Content-Type: application/json; charset=utf-8
host: localhost:7288
accept: */*

Response DefaultHttpResponse(decodeResult: success, version: HTTP/1.1)
HTTP/1.1 200 OK
Content-Length: 14
Content-Type: application/json; charset=utf-8
cache-control: no-cache

06:32:44.302 [AsyncHttpClient-1-14] DEBUG org.asynchttpclient.netty.channel.ChannelManager - Adding key: http://localhost:7288 for channel [id: 0x1eccbce9, L:/127.0.0.1:62396 - R:localhost/127.0.0.1:7288]
06:32:44.308 [main] DEBUG net.thucydides.core.steps.StepInterceptor - STEP DONE: userOnMainPage
  &amp#27;[32mGiven &amp#27;[0m&amp#27;[32muser on main page&amp#27;[0m                                          &amp#27;[90m# starter.stepdefinitions.UserSteps.userOnMainPage()&amp#27;[0m
06:32:44.330 [main] DEBUG net.thucydides.core.steps.StepInterceptor - STARTING STEP: UserSteps.userClickOnLoginButton - userClickOnLoginButton
06:32:44.336 [Forwarding findElement on session 826b9d386e497b58adbaab294e26ef5b to remote] DEBUG org.asynchttpclient.netty.request.NettyRequestSender - Using pooled Channel '[id: 0x1eccbce9, L:/127.0.0.1:62396 - R:localhost/127.0.0.1:7288]' for 'POST' to 'http://localhost:7288/session/826b9d386e497b58adbaab294e26ef5b/element'
06:32:44.336 [Forwarding findElement on session 826b9d386e497b58adbaab294e26ef5b to remote] DEBUG org.asynchttpclient.netty.request.NettyRequestSender - Using open Channel [id: 0x1eccbce9, L:/127.0.0.1:62396 - R:localhost/127.0.0.1:7288] for POST '/session/826b9d386e497b58adbaab294e26ef5b/element'
06:32:44.377 [AsyncHttpClient-1-14] DEBUG org.asynchttpclient.netty.handler.HttpHandler - 

Request DefaultHttpRequest(decodeResult: success, version: HTTP/1.1)
POST /session/826b9d386e497b58adbaab294e26ef5b/element HTTP/1.1
User-Agent: selenium/4.8.1 (java windows)
Content-Length: 106
Content-Type: application/json; charset=utf-8
host: localhost:7288
accept: */*

Response DefaultHttpResponse(decodeResult: success, version: HTTP/1.1)
HTTP/1.1 200 OK
Content-Length: 88
Content-Type: application/json; charset=utf-8
cache-control: no-cache

06:32:44.378 [AsyncHttpClient-1-14] DEBUG org.asynchttpclient.netty.channel.ChannelManager - Adding key: http://localhost:7288 for channel [id: 0x1eccbce9, L:/127.0.0.1:62396 - R:localhost/127.0.0.1:7288]
06:32:44.382 [Forwarding getElementTagName on session 826b9d386e497b58adbaab294e26ef5b to remote] DEBUG org.asynchttpclient.netty.request.NettyRequestSender - Using pooled Channel '[id: 0x1eccbce9, L:/127.0.0.1:62396 - R:localhost/127.0.0.1:7288]' for 'GET' to 'http://localhost:7288/session/826b9d386e497b58adbaab294e26ef5b/element/010d9adc-9a26-4a2d-aa2f-c6ba0569ab31/name'
06:32:44.382 [Forwarding getElementTagName on session 826b9d386e497b58adbaab294e26ef5b to remote] DEBUG org.asynchttpclient.netty.request.NettyRequestSender - Using open Channel [id: 0x1eccbce9, L:/127.0.0.1:62396 - R:localhost/127.0.0.1:7288] for GET '/session/826b9d386e497b58adbaab294e26ef5b/element/010d9adc-9a26-4a2d-aa2f-c6ba0569ab31/name'
06:32:44.395 [AsyncHttpClient-1-14] DEBUG org.asynchttpclient.netty.handler.HttpHandler - 

Request DefaultFullHttpRequest(decodeResult: success, version: HTTP/1.1, content: EmptyByteBufBE)
GET /session/826b9d386e497b58adbaab294e26ef5b/element/010d9adc-9a26-4a2d-aa2f-c6ba0569ab31/name HTTP/1.1
User-Agent: selenium/4.8.1 (java windows)
Cache-Control: no-cache
Content-Type: application/json; charset=utf-8
host: localhost:7288
accept: */*

Response DefaultHttpResponse(decodeResult: success, version: HTTP/1.1)
HTTP/1.1 200 OK
Content-Length: 13
Content-Type: application/json; charset=utf-8
cache-control: no-cache

06:32:44.395 [AsyncHttpClient-1-14] DEBUG org.asynchttpclient.netty.channel.ChannelManager - Adding key: http://localhost:7288 for channel [id: 0x1eccbce9, L:/127.0.0.1:62396 - R:localhost/127.0.0.1:7288]
06:32:44.398 [Forwarding getElementTagName on session 826b9d386e497b58adbaab294e26ef5b to remote] DEBUG org.asynchttpclient.netty.request.NettyRequestSender - Using pooled Channel '[id: 0x1eccbce9, L:/127.0.0.1:62396 - R:localhost/127.0.0.1:7288]' for 'GET' to 'http://localhost:7288/session/826b9d386e497b58adbaab294e26ef5b/element/010d9adc-9a26-4a2d-aa2f-c6ba0569ab31/name'
06:32:44.398 [Forwarding getElementTagName on session 826b9d386e497b58adbaab294e26ef5b to remote] DEBUG org.asynchttpclient.netty.request.NettyRequestSender - Using open Channel [id: 0x1eccbce9, L:/127.0.0.1:62396 - R:localhost/127.0.0.1:7288] for GET '/session/826b9d386e497b58adbaab294e26ef5b/element/010d9adc-9a26-4a2d-aa2f-c6ba0569ab31/name'
06:32:44.410 [AsyncHttpClient-1-14] DEBUG org.asynchttpclient.netty.handler.HttpHandler - 

Request DefaultFullHttpRequest(decodeResult: success, version: HTTP/1.1, content: EmptyByteBufBE)
GET /session/826b9d386e497b58adbaab294e26ef5b/element/010d9adc-9a26-4a2d-aa2f-c6ba0569ab31/name HTTP/1.1
User-Agent: selenium/4.8.1 (java windows)
Cache-Control: no-cache
Content-Type: application/json; charset=utf-8
host: localhost:7288
accept: */*

Response DefaultHttpResponse(decodeResult: success, version: HTTP/1.1)
HTTP/1.1 200 OK
Content-Length: 13
Content-Type: application/json; charset=utf-8
cache-control: no-cache

06:32:44.410 [AsyncHttpClient-1-14] DEBUG org.asynchttpclient.netty.channel.ChannelManager - Adding key: http://localhost:7288 for channel [id: 0x1eccbce9, L:/127.0.0.1:62396 - R:localhost/127.0.0.1:7288]
06:32:44.415 [Forwarding findElement on session 826b9d386e497b58adbaab294e26ef5b to remote] DEBUG org.asynchttpclient.netty.request.NettyRequestSender - Using pooled Channel '[id: 0x1eccbce9, L:/127.0.0.1:62396 - R:localhost/127.0.0.1:7288]' for 'POST' to 'http://localhost:7288/session/826b9d386e497b58adbaab294e26ef5b/element'
06:32:44.415 [Forwarding findElement on session 826b9d386e497b58adbaab294e26ef5b to remote] DEBUG org.asynchttpclient.netty.request.NettyRequestSender - Using open Channel [id: 0x1eccbce9, L:/127.0.0.1:62396 - R:localhost/127.0.0.1:7288] for POST '/session/826b9d386e497b58adbaab294e26ef5b/element'
06:32:44.445 [AsyncHttpClient-1-14] DEBUG org.asynchttpclient.netty.handler.HttpHandler - 

Request DefaultHttpRequest(decodeResult: success, version: HTTP/1.1)
POST /session/826b9d386e497b58adbaab294e26ef5b/element HTTP/1.1
User-Agent: selenium/4.8.1 (java windows)
Content-Length: 106
Content-Type: application/json; charset=utf-8
host: localhost:7288
accept: */*

Response DefaultHttpResponse(decodeResult: success, version: HTTP/1.1)
HTTP/1.1 200 OK
Content-Length: 88
Content-Type: application/json; charset=utf-8
cache-control: no-cache

06:32:44.445 [AsyncHttpClient-1-14] DEBUG org.asynchttpclient.netty.channel.ChannelManager - Adding key: http://localhost:7288 for channel [id: 0x1eccbce9, L:/127.0.0.1:62396 - R:localhost/127.0.0.1:7288]
06:32:44.448 [Forwarding clickElement on session 826b9d386e497b58adbaab294e26ef5b to remote] DEBUG org.asynchttpclient.netty.request.NettyRequestSender - Using pooled Channel '[id: 0x1eccbce9, L:/127.0.0.1:62396 - R:localhost/127.0.0.1:7288]' for 'POST' to 'http://localhost:7288/session/826b9d386e497b58adbaab294e26ef5b/element/010d9adc-9a26-4a2d-aa2f-c6ba0569ab31/click'
06:32:44.448 [Forwarding clickElement on session 826b9d386e497b58adbaab294e26ef5b to remote] DEBUG org.asynchttpclient.netty.request.NettyRequestSender - Using open Channel [id: 0x1eccbce9, L:/127.0.0.1:62396 - R:localhost/127.0.0.1:7288] for POST '/session/826b9d386e497b58adbaab294e26ef5b/element/010d9adc-9a26-4a2d-aa2f-c6ba0569ab31/click'
06:32:44.530 [AsyncHttpClient-1-14] DEBUG org.asynchttpclient.netty.handler.HttpHandler - 

Request DefaultHttpRequest(decodeResult: success, version: HTTP/1.1)
POST /session/826b9d386e497b58adbaab294e26ef5b/element/010d9adc-9a26-4a2d-aa2f-c6ba0569ab31/click HTTP/1.1
User-Agent: selenium/4.8.1 (java windows)
Content-Length: 50
Content-Type: application/json; charset=utf-8
host: localhost:7288
accept: */*

Response DefaultHttpResponse(decodeResult: success, version: HTTP/1.1)
HTTP/1.1 200 OK
Content-Length: 14
Content-Type: application/json; charset=utf-8
cache-control: no-cache

06:32:44.531 [AsyncHttpClient-1-14] DEBUG org.asynchttpclient.netty.channel.ChannelManager - Adding key: http://localhost:7288 for channel [id: 0x1eccbce9, L:/127.0.0.1:62396 - R:localhost/127.0.0.1:7288]
06:32:44.535 [main] DEBUG net.thucydides.core.steps.StepInterceptor - STEP DONE: userClickOnLoginButton
  &amp#27;[32mWhen &amp#27;[0m&amp#27;[32muser click on login button&amp#27;[0m                                  &amp#27;[90m# starter.stepdefinitions.UserSteps.userClickOnLoginButton()&amp#27;[0m
06:32:44.551 [main] DEBUG net.thucydides.core.steps.StepInterceptor - STARTING STEP: UserSteps.userOnLoginPage - userOnLoginPage
06:32:44.554 [Forwarding findElement on session 826b9d386e497b58adbaab294e26ef5b to remote] DEBUG org.asynchttpclient.netty.request.NettyRequestSender - Using pooled Channel '[id: 0x1eccbce9, L:/127.0.0.1:62396 - R:localhost/127.0.0.1:7288]' for 'POST' to 'http://localhost:7288/session/826b9d386e497b58adbaab294e26ef5b/element'
06:32:44.554 [Forwarding findElement on session 826b9d386e497b58adbaab294e26ef5b to remote] DEBUG org.asynchttpclient.netty.request.NettyRequestSender - Using open Channel [id: 0x1eccbce9, L:/127.0.0.1:62396 - R:localhost/127.0.0.1:7288] for POST '/session/826b9d386e497b58adbaab294e26ef5b/element'
06:32:44.762 [AsyncHttpClient-1-1] DEBUG org.asynchttpclient.netty.channel.DefaultChannelPool - Entry count for : http://localhost:62397 : 1
06:32:44.821 [AsyncHttpClient-1-14] DEBUG org.asynchttpclient.netty.handler.HttpHandler - 

Request DefaultHttpRequest(decodeResult: success, version: HTTP/1.1)
POST /session/826b9d386e497b58adbaab294e26ef5b/element HTTP/1.1
User-Agent: selenium/4.8.1 (java windows)
Content-Length: 68
Content-Type: application/json; charset=utf-8
host: localhost:7288
accept: */*

Response DefaultHttpResponse(decodeResult: success, version: HTTP/1.1)
HTTP/1.1 200 OK
Content-Length: 88
Content-Type: application/json; charset=utf-8
cache-control: no-cache

06:32:44.821 [AsyncHttpClient-1-14] DEBUG org.asynchttpclient.netty.channel.ChannelManager - Adding key: http://localhost:7288 for channel [id: 0x1eccbce9, L:/127.0.0.1:62396 - R:localhost/127.0.0.1:7288]
06:32:44.826 [Forwarding isElementDisplayed on session 826b9d386e497b58adbaab294e26ef5b to remote] DEBUG org.asynchttpclient.netty.request.NettyRequestSender - Using pooled Channel '[id: 0x1eccbce9, L:/127.0.0.1:62396 - R:localhost/127.0.0.1:7288]' for 'POST' to 'http://localhost:7288/session/826b9d386e497b58adbaab294e26ef5b/execute/sync'
06:32:44.826 [Forwarding isElementDisplayed on session 826b9d386e497b58adbaab294e26ef5b to remote] DEBUG org.asynchttpclient.netty.request.NettyRequestSender - Using open Channel [id: 0x1eccbce9, L:/127.0.0.1:62396 - R:localhost/127.0.0.1:7288] for POST '/session/826b9d386e497b58adbaab294e26ef5b/execute/sync'
06:32:44.844 [AsyncHttpClient-1-14] DEBUG org.asynchttpclient.netty.handler.HttpHandler - 

Request DefaultHttpRequest(decodeResult: success, version: HTTP/1.1)
POST /session/826b9d386e497b58adbaab294e26ef5b/execute/sync HTTP/1.1
User-Agent: selenium/4.8.1 (java windows)
Content-Length: 48807
Content-Type: application/json; charset=utf-8
host: localhost:7288
accept: */*

Response DefaultHttpResponse(decodeResult: success, version: HTTP/1.1)
HTTP/1.1 200 OK
Content-Length: 14
Content-Type: application/json; charset=utf-8
cache-control: no-cache

06:32:44.845 [AsyncHttpClient-1-14] DEBUG org.asynchttpclient.netty.channel.ChannelManager - Adding key: http://localhost:7288 for channel [id: 0x1eccbce9, L:/127.0.0.1:62396 - R:localhost/127.0.0.1:7288]
06:32:44.850 [Forwarding isElementDisplayed on session 826b9d386e497b58adbaab294e26ef5b to remote] DEBUG org.asynchttpclient.netty.request.NettyRequestSender - Using pooled Channel '[id: 0x1eccbce9, L:/127.0.0.1:62396 - R:localhost/127.0.0.1:7288]' for 'POST' to 'http://localhost:7288/session/826b9d386e497b58adbaab294e26ef5b/execute/sync'
06:32:44.850 [Forwarding isElementDisplayed on session 826b9d386e497b58adbaab294e26ef5b to remote] DEBUG org.asynchttpclient.netty.request.NettyRequestSender - Using open Channel [id: 0x1eccbce9, L:/127.0.0.1:62396 - R:localhost/127.0.0.1:7288] for POST '/session/826b9d386e497b58adbaab294e26ef5b/execute/sync'
06:32:44.867 [AsyncHttpClient-1-14] DEBUG org.asynchttpclient.netty.handler.HttpHandler - 

Request DefaultHttpRequest(decodeResult: success, version: HTTP/1.1)
POST /session/826b9d386e497b58adbaab294e26ef5b/execute/sync HTTP/1.1
User-Agent: selenium/4.8.1 (java windows)
Content-Length: 48807
Content-Type: application/json; charset=utf-8
host: localhost:7288
accept: */*

Response DefaultHttpResponse(decodeResult: success, version: HTTP/1.1)
HTTP/1.1 200 OK
Content-Length: 14
Content-Type: application/json; charset=utf-8
cache-control: no-cache

06:32:44.868 [AsyncHttpClient-1-14] DEBUG org.asynchttpclient.netty.channel.ChannelManager - Adding key: http://localhost:7288 for channel [id: 0x1eccbce9, L:/127.0.0.1:62396 - R:localhost/127.0.0.1:7288]
06:32:44.871 [main] DEBUG net.thucydides.core.steps.StepInterceptor - STEP DONE: userOnLoginPage
  &amp#27;[32mAnd &amp#27;[0m&amp#27;[32muser on login page&amp#27;[0m                                           &amp#27;[90m# starter.stepdefinitions.UserSteps.userOnLoginPage()&amp#27;[0m
06:32:44.883 [main] DEBUG net.thucydides.core.steps.StepInterceptor - STARTING STEP: UserSteps.userEnterAValidEmail - userEnterAValidEmail
06:32:44.886 [Forwarding findElement on session 826b9d386e497b58adbaab294e26ef5b to remote] DEBUG org.asynchttpclient.netty.request.NettyRequestSender - Using pooled Channel '[id: 0x1eccbce9, L:/127.0.0.1:62396 - R:localhost/127.0.0.1:7288]' for 'POST' to 'http://localhost:7288/session/826b9d386e497b58adbaab294e26ef5b/element'
06:32:44.886 [Forwarding findElement on session 826b9d386e497b58adbaab294e26ef5b to remote] DEBUG org.asynchttpclient.netty.request.NettyRequestSender - Using open Channel [id: 0x1eccbce9, L:/127.0.0.1:62396 - R:localhost/127.0.0.1:7288] for POST '/session/826b9d386e497b58adbaab294e26ef5b/element'
06:32:44.907 [AsyncHttpClient-1-14] DEBUG org.asynchttpclient.netty.handler.HttpHandler - 

Request DefaultHttpRequest(decodeResult: success, version: HTTP/1.1)
POST /session/826b9d386e497b58adbaab294e26ef5b/element HTTP/1.1
User-Agent: selenium/4.8.1 (java windows)
Content-Length: 106
Content-Type: application/json; charset=utf-8
host: localhost:7288
accept: */*

Response DefaultHttpResponse(decodeResult: success, version: HTTP/1.1)
HTTP/1.1 200 OK
Content-Length: 88
Content-Type: application/json; charset=utf-8
cache-control: no-cache

06:32:44.907 [AsyncHttpClient-1-14] DEBUG org.asynchttpclient.netty.channel.ChannelManager - Adding key: http://localhost:7288 for channel [id: 0x1eccbce9, L:/127.0.0.1:62396 - R:localhost/127.0.0.1:7288]
06:32:44.910 [Forwarding clearElement on session 826b9d386e497b58adbaab294e26ef5b to remote] DEBUG org.asynchttpclient.netty.request.NettyRequestSender - Using pooled Channel '[id: 0x1eccbce9, L:/127.0.0.1:62396 - R:localhost/127.0.0.1:7288]' for 'POST' to 'http://localhost:7288/session/826b9d386e497b58adbaab294e26ef5b/element/b80e93c5-3b66-49ad-8319-d1aced346c00/clear'
06:32:44.910 [Forwarding clearElement on session 826b9d386e497b58adbaab294e26ef5b to remote] DEBUG org.asynchttpclient.netty.request.NettyRequestSender - Using open Channel [id: 0x1eccbce9, L:/127.0.0.1:62396 - R:localhost/127.0.0.1:7288] for POST '/session/826b9d386e497b58adbaab294e26ef5b/element/b80e93c5-3b66-49ad-8319-d1aced346c00/clear'
06:32:44.973 [AsyncHttpClient-1-14] DEBUG org.asynchttpclient.netty.handler.HttpHandler - 

Request DefaultHttpRequest(decodeResult: success, version: HTTP/1.1)
POST /session/826b9d386e497b58adbaab294e26ef5b/element/b80e93c5-3b66-49ad-8319-d1aced346c00/clear HTTP/1.1
User-Agent: selenium/4.8.1 (java windows)
Content-Length: 50
Content-Type: application/json; charset=utf-8
host: localhost:7288
accept: */*

Response DefaultHttpResponse(decodeResult: success, version: HTTP/1.1)
HTTP/1.1 200 OK
Content-Length: 14
Content-Type: application/json; charset=utf-8
cache-control: no-cache

06:32:44.974 [AsyncHttpClient-1-14] DEBUG org.asynchttpclient.netty.channel.ChannelManager - Adding key: http://localhost:7288 for channel [id: 0x1eccbce9, L:/127.0.0.1:62396 - R:localhost/127.0.0.1:7288]
06:32:44.977 [Forwarding sendKeysToElement on session 826b9d386e497b58adbaab294e26ef5b to remote] DEBUG org.asynchttpclient.netty.request.NettyRequestSender - Using pooled Channel '[id: 0x1eccbce9, L:/127.0.0.1:62396 - R:localhost/127.0.0.1:7288]' for 'POST' to 'http://localhost:7288/session/826b9d386e497b58adbaab294e26ef5b/element/b80e93c5-3b66-49ad-8319-d1aced346c00/value'
06:32:44.977 [Forwarding sendKeysToElement on session 826b9d386e497b58adbaab294e26ef5b to remote] DEBUG org.asynchttpclient.netty.request.NettyRequestSender - Using open Channel [id: 0x1eccbce9, L:/127.0.0.1:62396 - R:localhost/127.0.0.1:7288] for POST '/session/826b9d386e497b58adbaab294e26ef5b/element/b80e93c5-3b66-49ad-8319-d1aced346c00/value'
06:32:45.148 [AsyncHttpClient-1-14] DEBUG org.asynchttpclient.netty.handler.HttpHandler - 

Request DefaultHttpRequest(decodeResult: success, version: HTTP/1.1)
POST /session/826b9d386e497b58adbaab294e26ef5b/element/b80e93c5-3b66-49ad-8319-d1aced346c00/value HTTP/1.1
User-Agent: selenium/4.8.1 (java windows)
Content-Length: 241
Content-Type: application/json; charset=utf-8
host: localhost:7288
accept: */*

Response DefaultHttpResponse(decodeResult: success, version: HTTP/1.1)
HTTP/1.1 200 OK
Content-Length: 14
Content-Type: application/json; charset=utf-8
cache-control: no-cache

06:32:45.149 [AsyncHttpClient-1-14] DEBUG org.asynchttpclient.netty.channel.ChannelManager - Adding key: http://localhost:7288 for channel [id: 0x1eccbce9, L:/127.0.0.1:62396 - R:localhost/127.0.0.1:7288]
06:32:45.154 [main] DEBUG net.thucydides.core.steps.StepInterceptor - STEP DONE: userEnterAValidEmail
  &amp#27;[32mAnd &amp#27;[0m&amp#27;[32muser enter a valid email&amp#27;[0m                                     &amp#27;[90m# starter.stepdefinitions.UserSteps.userEnterAValidEmail()&amp#27;[0m
06:32:45.165 [main] DEBUG net.thucydides.core.steps.StepInterceptor - STARTING STEP: UserSteps.userEnterAValidPassword - userEnterAValidPassword
06:32:45.170 [Forwarding findElement on session 826b9d386e497b58adbaab294e26ef5b to remote] DEBUG org.asynchttpclient.netty.request.NettyRequestSender - Using pooled Channel '[id: 0x1eccbce9, L:/127.0.0.1:62396 - R:localhost/127.0.0.1:7288]' for 'POST' to 'http://localhost:7288/session/826b9d386e497b58adbaab294e26ef5b/element'
06:32:45.171 [Forwarding findElement on session 826b9d386e497b58adbaab294e26ef5b to remote] DEBUG org.asynchttpclient.netty.request.NettyRequestSender - Using open Channel [id: 0x1eccbce9, L:/127.0.0.1:62396 - R:localhost/127.0.0.1:7288] for POST '/session/826b9d386e497b58adbaab294e26ef5b/element'
06:32:45.195 [AsyncHttpClient-1-14] DEBUG org.asynchttpclient.netty.handler.HttpHandler - 

Request DefaultHttpRequest(decodeResult: success, version: HTTP/1.1)
POST /session/826b9d386e497b58adbaab294e26ef5b/element HTTP/1.1
User-Agent: selenium/4.8.1 (java windows)
Content-Length: 109
Content-Type: application/json; charset=utf-8
host: localhost:7288
accept: */*

Response DefaultHttpResponse(decodeResult: success, version: HTTP/1.1)
HTTP/1.1 200 OK
Content-Length: 88
Content-Type: application/json; charset=utf-8
cache-control: no-cache

06:32:45.195 [AsyncHttpClient-1-14] DEBUG org.asynchttpclient.netty.channel.ChannelManager - Adding key: http://localhost:7288 for channel [id: 0x1eccbce9, L:/127.0.0.1:62396 - R:localhost/127.0.0.1:7288]
06:32:45.198 [Forwarding clearElement on session 826b9d386e497b58adbaab294e26ef5b to remote] DEBUG org.asynchttpclient.netty.request.NettyRequestSender - Using pooled Channel '[id: 0x1eccbce9, L:/127.0.0.1:62396 - R:localhost/127.0.0.1:7288]' for 'POST' to 'http://localhost:7288/session/826b9d386e497b58adbaab294e26ef5b/element/f32c9c23-07f0-4b14-9b46-2acba66bb3e8/clear'
06:32:45.198 [Forwarding clearElement on session 826b9d386e497b58adbaab294e26ef5b to remote] DEBUG org.asynchttpclient.netty.request.NettyRequestSender - Using open Channel [id: 0x1eccbce9, L:/127.0.0.1:62396 - R:localhost/127.0.0.1:7288] for POST '/session/826b9d386e497b58adbaab294e26ef5b/element/f32c9c23-07f0-4b14-9b46-2acba66bb3e8/clear'
06:32:45.270 [AsyncHttpClient-1-14] DEBUG org.asynchttpclient.netty.handler.HttpHandler - 

Request DefaultHttpRequest(decodeResult: success, version: HTTP/1.1)
POST /session/826b9d386e497b58adbaab294e26ef5b/element/f32c9c23-07f0-4b14-9b46-2acba66bb3e8/clear HTTP/1.1
User-Agent: selenium/4.8.1 (java windows)
Content-Length: 50
Content-Type: application/json; charset=utf-8
host: localhost:7288
accept: */*

Response DefaultHttpResponse(decodeResult: success, version: HTTP/1.1)
HTTP/1.1 200 OK
Content-Length: 14
Content-Type: application/json; charset=utf-8
cache-control: no-cache

06:32:45.270 [AsyncHttpClient-1-14] DEBUG org.asynchttpclient.netty.channel.ChannelManager - Adding key: http://localhost:7288 for channel [id: 0x1eccbce9, L:/127.0.0.1:62396 - R:localhost/127.0.0.1:7288]
06:32:45.274 [Forwarding sendKeysToElement on session 826b9d386e497b58adbaab294e26ef5b to remote] DEBUG org.asynchttpclient.netty.request.NettyRequestSender - Using pooled Channel '[id: 0x1eccbce9, L:/127.0.0.1:62396 - R:localhost/127.0.0.1:7288]' for 'POST' to 'http://localhost:7288/session/826b9d386e497b58adbaab294e26ef5b/element/f32c9c23-07f0-4b14-9b46-2acba66bb3e8/value'
06:32:45.274 [Forwarding sendKeysToElement on session 826b9d386e497b58adbaab294e26ef5b to remote] DEBUG org.asynchttpclient.netty.request.NettyRequestSender - Using open Channel [id: 0x1eccbce9, L:/127.0.0.1:62396 - R:localhost/127.0.0.1:7288] for POST '/session/826b9d386e497b58adbaab294e26ef5b/element/f32c9c23-07f0-4b14-9b46-2acba66bb3e8/value'
06:32:45.373 [AsyncHttpClient-1-14] DEBUG org.asynchttpclient.netty.handler.HttpHandler - 

Request DefaultHttpRequest(decodeResult: success, version: HTTP/1.1)
POST /session/826b9d386e497b58adbaab294e26ef5b/element/f32c9c23-07f0-4b14-9b46-2acba66bb3e8/value HTTP/1.1
User-Agent: selenium/4.8.1 (java windows)
Content-Length: 111
Content-Type: application/json; charset=utf-8
host: localhost:7288
accept: */*

Response DefaultHttpResponse(decodeResult: success, version: HTTP/1.1)
HTTP/1.1 200 OK
Content-Length: 14
Content-Type: application/json; charset=utf-8
cache-control: no-cache

06:32:45.373 [AsyncHttpClient-1-14] DEBUG org.asynchttpclient.netty.channel.ChannelManager - Adding key: http://localhost:7288 for channel [id: 0x1eccbce9, L:/127.0.0.1:62396 - R:localhost/127.0.0.1:7288]
06:32:45.380 [main] DEBUG net.thucydides.core.steps.StepInterceptor - STEP DONE: userEnterAValidPassword
  &amp#27;[32mAnd &amp#27;[0m&amp#27;[32muser enter a valid password&amp#27;[0m                                  &amp#27;[90m# starter.stepdefinitions.UserSteps.userEnterAValidPassword()&amp#27;[0m
06:32:45.397 [main] DEBUG net.thucydides.core.steps.StepInterceptor - STARTING STEP: UserSteps.userClickOnLoginButton - userClickOnLoginButton
06:32:45.402 [Forwarding findElement on session 826b9d386e497b58adbaab294e26ef5b to remote] DEBUG org.asynchttpclient.netty.request.NettyRequestSender - Using pooled Channel '[id: 0x1eccbce9, L:/127.0.0.1:62396 - R:localhost/127.0.0.1:7288]' for 'POST' to 'http://localhost:7288/session/826b9d386e497b58adbaab294e26ef5b/element'
06:32:45.402 [Forwarding findElement on session 826b9d386e497b58adbaab294e26ef5b to remote] DEBUG org.asynchttpclient.netty.request.NettyRequestSender - Using open Channel [id: 0x1eccbce9, L:/127.0.0.1:62396 - R:localhost/127.0.0.1:7288] for POST '/session/826b9d386e497b58adbaab294e26ef5b/element'
06:32:45.414 [AsyncHttpClient-1-14] DEBUG org.asynchttpclient.netty.handler.HttpHandler - 

Request DefaultHttpRequest(decodeResult: success, version: HTTP/1.1)
POST /session/826b9d386e497b58adbaab294e26ef5b/element HTTP/1.1
User-Agent: selenium/4.8.1 (java windows)
Content-Length: 106
Content-Type: application/json; charset=utf-8
host: localhost:7288
accept: */*

Response DefaultHttpResponse(decodeResult: success, version: HTTP/1.1)
HTTP/1.1 200 OK
Content-Length: 88
Content-Type: application/json; charset=utf-8
cache-control: no-cache

06:32:45.414 [AsyncHttpClient-1-14] DEBUG org.asynchttpclient.netty.channel.ChannelManager - Adding key: http://localhost:7288 for channel [id: 0x1eccbce9, L:/127.0.0.1:62396 - R:localhost/127.0.0.1:7288]
06:32:45.417 [Forwarding getElementTagName on session 826b9d386e497b58adbaab294e26ef5b to remote] DEBUG org.asynchttpclient.netty.request.NettyRequestSender - Using pooled Channel '[id: 0x1eccbce9, L:/127.0.0.1:62396 - R:localhost/127.0.0.1:7288]' for 'GET' to 'http://localhost:7288/session/826b9d386e497b58adbaab294e26ef5b/element/010d9adc-9a26-4a2d-aa2f-c6ba0569ab31/name'
06:32:45.417 [Forwarding getElementTagName on session 826b9d386e497b58adbaab294e26ef5b to remote] DEBUG org.asynchttpclient.netty.request.NettyRequestSender - Using open Channel [id: 0x1eccbce9, L:/127.0.0.1:62396 - R:localhost/127.0.0.1:7288] for GET '/session/826b9d386e497b58adbaab294e26ef5b/element/010d9adc-9a26-4a2d-aa2f-c6ba0569ab31/name'
06:32:45.425 [AsyncHttpClient-1-14] DEBUG org.asynchttpclient.netty.handler.HttpHandler - 

Request DefaultFullHttpRequest(decodeResult: success, version: HTTP/1.1, content: EmptyByteBufBE)
GET /session/826b9d386e497b58adbaab294e26ef5b/element/010d9adc-9a26-4a2d-aa2f-c6ba0569ab31/name HTTP/1.1
User-Agent: selenium/4.8.1 (java windows)
Cache-Control: no-cache
Content-Type: application/json; charset=utf-8
host: localhost:7288
accept: */*

Response DefaultHttpResponse(decodeResult: success, version: HTTP/1.1)
HTTP/1.1 200 OK
Content-Length: 13
Content-Type: application/json; charset=utf-8
cache-control: no-cache

06:32:45.425 [AsyncHttpClient-1-14] DEBUG org.asynchttpclient.netty.channel.ChannelManager - Adding key: http://localhost:7288 for channel [id: 0x1eccbce9, L:/127.0.0.1:62396 - R:localhost/127.0.0.1:7288]
06:32:45.428 [Forwarding getElementTagName on session 826b9d386e497b58adbaab294e26ef5b to remote] DEBUG org.asynchttpclient.netty.request.NettyRequestSender - Using pooled Channel '[id: 0x1eccbce9, L:/127.0.0.1:62396 - R:localhost/127.0.0.1:7288]' for 'GET' to 'http://localhost:7288/session/826b9d386e497b58adbaab294e26ef5b/element/010d9adc-9a26-4a2d-aa2f-c6ba0569ab31/name'
06:32:45.428 [Forwarding getElementTagName on session 826b9d386e497b58adbaab294e26ef5b to remote] DEBUG org.asynchttpclient.netty.request.NettyRequestSender - Using open Channel [id: 0x1eccbce9, L:/127.0.0.1:62396 - R:localhost/127.0.0.1:7288] for GET '/session/826b9d386e497b58adbaab294e26ef5b/element/010d9adc-9a26-4a2d-aa2f-c6ba0569ab31/name'
06:32:45.437 [AsyncHttpClient-1-14] DEBUG org.asynchttpclient.netty.handler.HttpHandler - 

Request DefaultFullHttpRequest(decodeResult: success, version: HTTP/1.1, content: EmptyByteBufBE)
GET /session/826b9d386e497b58adbaab294e26ef5b/element/010d9adc-9a26-4a2d-aa2f-c6ba0569ab31/name HTTP/1.1
User-Agent: selenium/4.8.1 (java windows)
Cache-Control: no-cache
Content-Type: application/json; charset=utf-8
host: localhost:7288
accept: */*

Response DefaultHttpResponse(decodeResult: success, version: HTTP/1.1)
HTTP/1.1 200 OK
Content-Length: 13
Content-Type: application/json; charset=utf-8
cache-control: no-cache

06:32:45.437 [AsyncHttpClient-1-14] DEBUG org.asynchttpclient.netty.channel.ChannelManager - Adding key: http://localhost:7288 for channel [id: 0x1eccbce9, L:/127.0.0.1:62396 - R:localhost/127.0.0.1:7288]
06:32:45.440 [Forwarding findElement on session 826b9d386e497b58adbaab294e26ef5b to remote] DEBUG org.asynchttpclient.netty.request.NettyRequestSender - Using pooled Channel '[id: 0x1eccbce9, L:/127.0.0.1:62396 - R:localhost/127.0.0.1:7288]' for 'POST' to 'http://localhost:7288/session/826b9d386e497b58adbaab294e26ef5b/element'
06:32:45.440 [Forwarding findElement on session 826b9d386e497b58adbaab294e26ef5b to remote] DEBUG org.asynchttpclient.netty.request.NettyRequestSender - Using open Channel [id: 0x1eccbce9, L:/127.0.0.1:62396 - R:localhost/127.0.0.1:7288] for POST '/session/826b9d386e497b58adbaab294e26ef5b/element'
06:32:45.454 [AsyncHttpClient-1-14] DEBUG org.asynchttpclient.netty.handler.HttpHandler - 

Request DefaultHttpRequest(decodeResult: success, version: HTTP/1.1)
POST /session/826b9d386e497b58adbaab294e26ef5b/element HTTP/1.1
User-Agent: selenium/4.8.1 (java windows)
Content-Length: 106
Content-Type: application/json; charset=utf-8
host: localhost:7288
accept: */*

Response DefaultHttpResponse(decodeResult: success, version: HTTP/1.1)
HTTP/1.1 200 OK
Content-Length: 88
Content-Type: application/json; charset=utf-8
cache-control: no-cache

06:32:45.454 [AsyncHttpClient-1-14] DEBUG org.asynchttpclient.netty.channel.ChannelManager - Adding key: http://localhost:7288 for channel [id: 0x1eccbce9, L:/127.0.0.1:62396 - R:localhost/127.0.0.1:7288]
06:32:45.456 [Forwarding clickElement on session 826b9d386e497b58adbaab294e26ef5b to remote] DEBUG org.asynchttpclient.netty.request.NettyRequestSender - Using pooled Channel '[id: 0x1eccbce9, L:/127.0.0.1:62396 - R:localhost/127.0.0.1:7288]' for 'POST' to 'http://localhost:7288/session/826b9d386e497b58adbaab294e26ef5b/element/010d9adc-9a26-4a2d-aa2f-c6ba0569ab31/click'
06:32:45.456 [Forwarding clickElement on session 826b9d386e497b58adbaab294e26ef5b to remote] DEBUG org.asynchttpclient.netty.request.NettyRequestSender - Using open Channel [id: 0x1eccbce9, L:/127.0.0.1:62396 - R:localhost/127.0.0.1:7288] for POST '/session/826b9d386e497b58adbaab294e26ef5b/element/010d9adc-9a26-4a2d-aa2f-c6ba0569ab31/click'
06:32:45.500 [AsyncHttpClient-1-14] DEBUG org.asynchttpclient.netty.handler.HttpHandler - 

Request DefaultHttpRequest(decodeResult: success, version: HTTP/1.1)
POST /session/826b9d386e497b58adbaab294e26ef5b/element/010d9adc-9a26-4a2d-aa2f-c6ba0569ab31/click HTTP/1.1
User-Agent: selenium/4.8.1 (java windows)
Content-Length: 50
Content-Type: application/json; charset=utf-8
host: localhost:7288
accept: */*

Response DefaultHttpResponse(decodeResult: success, version: HTTP/1.1)
HTTP/1.1 200 OK
Content-Length: 14
Content-Type: application/json; charset=utf-8
cache-control: no-cache

06:32:45.500 [AsyncHttpClient-1-14] DEBUG org.asynchttpclient.netty.channel.ChannelManager - Adding key: http://localhost:7288 for channel [id: 0x1eccbce9, L:/127.0.0.1:62396 - R:localhost/127.0.0.1:7288]
06:32:45.506 [main] DEBUG net.thucydides.core.steps.StepInterceptor - STEP DONE: userClickOnLoginButton
  &amp#27;[32mAnd &amp#27;[0m&amp#27;[32muser click on login button&amp#27;[0m                                   &amp#27;[90m# starter.stepdefinitions.UserSteps.userClickOnLoginButton()&amp#27;[0m
06:32:45.526 [main] DEBUG net.thucydides.core.steps.StepInterceptor - STARTING STEP: UserSteps.userOnMainPage - userOnMainPage
06:32:45.528 [Forwarding get on session 826b9d386e497b58adbaab294e26ef5b to remote] DEBUG org.asynchttpclient.netty.request.NettyRequestSender - Using pooled Channel '[id: 0x1eccbce9, L:/127.0.0.1:62396 - R:localhost/127.0.0.1:7288]' for 'POST' to 'http://localhost:7288/session/826b9d386e497b58adbaab294e26ef5b/url'
06:32:45.528 [Forwarding get on session 826b9d386e497b58adbaab294e26ef5b to remote] DEBUG org.asynchttpclient.netty.request.NettyRequestSender - Using open Channel [id: 0x1eccbce9, L:/127.0.0.1:62396 - R:localhost/127.0.0.1:7288] for POST '/session/826b9d386e497b58adbaab294e26ef5b/url'
06:32:45.864 [AsyncHttpClient-1-1] DEBUG org.asynchttpclient.netty.channel.DefaultChannelPool - Entry count for : http://localhost:62397 : 1
06:32:46.020 [AsyncHttpClient-1-14] DEBUG org.asynchttpclient.netty.handler.HttpHandler - 

Request DefaultHttpRequest(decodeResult: success, version: HTTP/1.1)
POST /session/826b9d386e497b58adbaab294e26ef5b/url HTTP/1.1
User-Agent: selenium/4.8.1 (java windows)
Content-Length: 59
Content-Type: application/json; charset=utf-8
host: localhost:7288
accept: */*

Response DefaultHttpResponse(decodeResult: success, version: HTTP/1.1)
HTTP/1.1 200 OK
Content-Length: 14
Content-Type: application/json; charset=utf-8
cache-control: no-cache

06:32:46.022 [AsyncHttpClient-1-14] DEBUG org.asynchttpclient.netty.channel.ChannelManager - Adding key: http://localhost:7288 for channel [id: 0x1eccbce9, L:/127.0.0.1:62396 - R:localhost/127.0.0.1:7288]
06:32:46.037 [Forwarding findElement on session 826b9d386e497b58adbaab294e26ef5b to remote] DEBUG org.asynchttpclient.netty.request.NettyRequestSender - Using pooled Channel '[id: 0x1eccbce9, L:/127.0.0.1:62396 - R:localhost/127.0.0.1:7288]' for 'POST' to 'http://localhost:7288/session/826b9d386e497b58adbaab294e26ef5b/element'
06:32:46.037 [Forwarding findElement on session 826b9d386e497b58adbaab294e26ef5b to remote] DEBUG org.asynchttpclient.netty.request.NettyRequestSender - Using open Channel [id: 0x1eccbce9, L:/127.0.0.1:62396 - R:localhost/127.0.0.1:7288] for POST '/session/826b9d386e497b58adbaab294e26ef5b/element'
06:32:46.116 [AsyncHttpClient-1-14] DEBUG org.asynchttpclient.netty.handler.HttpHandler - 

Request DefaultHttpRequest(decodeResult: success, version: HTTP/1.1)
POST /session/826b9d386e497b58adbaab294e26ef5b/element HTTP/1.1
User-Agent: selenium/4.8.1 (java windows)
Content-Length: 70
Content-Type: application/json; charset=utf-8
host: localhost:7288
accept: */*

Response DefaultHttpResponse(decodeResult: success, version: HTTP/1.1)
HTTP/1.1 200 OK
Content-Length: 88
Content-Type: application/json; charset=utf-8
cache-control: no-cache

06:32:46.117 [AsyncHttpClient-1-14] DEBUG org.asynchttpclient.netty.channel.ChannelManager - Adding key: http://localhost:7288 for channel [id: 0x1eccbce9, L:/127.0.0.1:62396 - R:localhost/127.0.0.1:7288]
06:32:46.125 [Forwarding isElementDisplayed on session 826b9d386e497b58adbaab294e26ef5b to remote] DEBUG org.asynchttpclient.netty.request.NettyRequestSender - Using pooled Channel '[id: 0x1eccbce9, L:/127.0.0.1:62396 - R:localhost/127.0.0.1:7288]' for 'POST' to 'http://localhost:7288/session/826b9d386e497b58adbaab294e26ef5b/execute/sync'
06:32:46.125 [Forwarding isElementDisplayed on session 826b9d386e497b58adbaab294e26ef5b to remote] DEBUG org.asynchttpclient.netty.request.NettyRequestSender - Using open Channel [id: 0x1eccbce9, L:/127.0.0.1:62396 - R:localhost/127.0.0.1:7288] for POST '/session/826b9d386e497b58adbaab294e26ef5b/execute/sync'
06:32:46.159 [AsyncHttpClient-1-14] DEBUG org.asynchttpclient.netty.handler.HttpHandler - 

Request DefaultHttpRequest(decodeResult: success, version: HTTP/1.1)
POST /session/826b9d386e497b58adbaab294e26ef5b/execute/sync HTTP/1.1
User-Agent: selenium/4.8.1 (java windows)
Content-Length: 48807
Content-Type: application/json; charset=utf-8
host: localhost:7288
accept: */*

Response DefaultHttpResponse(decodeResult: success, version: HTTP/1.1)
HTTP/1.1 200 OK
Content-Length: 14
Content-Type: application/json; charset=utf-8
cache-control: no-cache

06:32:46.159 [AsyncHttpClient-1-14] DEBUG org.asynchttpclient.netty.channel.ChannelManager - Adding key: http://localhost:7288 for channel [id: 0x1eccbce9, L:/127.0.0.1:62396 - R:localhost/127.0.0.1:7288]
06:32:46.166 [Forwarding isElementDisplayed on session 826b9d386e497b58adbaab294e26ef5b to remote] DEBUG org.asynchttpclient.netty.request.NettyRequestSender - Using pooled Channel '[id: 0x1eccbce9, L:/127.0.0.1:62396 - R:localhost/127.0.0.1:7288]' for 'POST' to 'http://localhost:7288/session/826b9d386e497b58adbaab294e26ef5b/execute/sync'
06:32:46.166 [Forwarding isElementDisplayed on session 826b9d386e497b58adbaab294e26ef5b to remote] DEBUG org.asynchttpclient.netty.request.NettyRequestSender - Using open Channel [id: 0x1eccbce9, L:/127.0.0.1:62396 - R:localhost/127.0.0.1:7288] for POST '/session/826b9d386e497b58adbaab294e26ef5b/execute/sync'
06:32:46.187 [AsyncHttpClient-1-14] DEBUG org.asynchttpclient.netty.handler.HttpHandler - 

Request DefaultHttpRequest(decodeResult: success, version: HTTP/1.1)
POST /session/826b9d386e497b58adbaab294e26ef5b/execute/sync HTTP/1.1
User-Agent: selenium/4.8.1 (java windows)
Content-Length: 48807
Content-Type: application/json; charset=utf-8
host: localhost:7288
accept: */*

Response DefaultHttpResponse(decodeResult: success, version: HTTP/1.1)
HTTP/1.1 200 OK
Content-Length: 14
Content-Type: application/json; charset=utf-8
cache-control: no-cache

06:32:46.188 [AsyncHttpClient-1-14] DEBUG org.asynchttpclient.netty.channel.ChannelManager - Adding key: http://localhost:7288 for channel [id: 0x1eccbce9, L:/127.0.0.1:62396 - R:localhost/127.0.0.1:7288]
06:32:46.191 [main] DEBUG net.thucydides.core.steps.StepInterceptor - STEP DONE: userOnMainPage
  &amp#27;[32mAnd &amp#27;[0m&amp#27;[32muser on main page&amp#27;[0m                                            &amp#27;[90m# starter.stepdefinitions.UserSteps.userOnMainPage()&amp#27;[0m
06:32:46.207 [main] DEBUG net.thucydides.core.steps.StepInterceptor - STARTING STEP: UserSteps.userClickBuyButtonOnTheSelectedProduct - userClickBuyButtonOnTheSelectedProduct
06:32:46.212 [Forwarding findElement on session 826b9d386e497b58adbaab294e26ef5b to remote] DEBUG org.asynchttpclient.netty.request.NettyRequestSender - Using pooled Channel '[id: 0x1eccbce9, L:/127.0.0.1:62396 - R:localhost/127.0.0.1:7288]' for 'POST' to 'http://localhost:7288/session/826b9d386e497b58adbaab294e26ef5b/element'
06:32:46.212 [Forwarding findElement on session 826b9d386e497b58adbaab294e26ef5b to remote] DEBUG org.asynchttpclient.netty.request.NettyRequestSender - Using open Channel [id: 0x1eccbce9, L:/127.0.0.1:62396 - R:localhost/127.0.0.1:7288] for POST '/session/826b9d386e497b58adbaab294e26ef5b/element'
06:32:46.967 [AsyncHttpClient-1-1] DEBUG org.asynchttpclient.netty.channel.DefaultChannelPool - Entry count for : http://localhost:62397 : 1
06:32:48.059 [AsyncHttpClient-1-1] DEBUG org.asynchttpclient.netty.channel.DefaultChannelPool - Entry count for : http://localhost:62397 : 1
06:32:49.158 [AsyncHttpClient-1-1] DEBUG org.asynchttpclient.netty.channel.DefaultChannelPool - Entry count for : http://localhost:62397 : 1
06:32:50.259 [AsyncHttpClient-1-1] DEBUG org.asynchttpclient.netty.channel.DefaultChannelPool - Entry count for : http://localhost:62397 : 1
06:32:51.069 [AsyncHttpClient-1-14] DEBUG org.asynchttpclient.netty.handler.HttpHandler - 

Request DefaultHttpRequest(decodeResult: success, version: HTTP/1.1)
POST /session/826b9d386e497b58adbaab294e26ef5b/element HTTP/1.1
User-Agent: selenium/4.8.1 (java windows)
Content-Length: 145
Content-Type: application/json; charset=utf-8
host: localhost:7288
accept: */*

Response DefaultHttpResponse(decodeResult: success, version: HTTP/1.1)
HTTP/1.1 200 OK
Content-Length: 88
Content-Type: application/json; charset=utf-8
cache-control: no-cache

06:32:51.071 [AsyncHttpClient-1-14] DEBUG org.asynchttpclient.netty.channel.ChannelManager - Adding key: http://localhost:7288 for channel [id: 0x1eccbce9, L:/127.0.0.1:62396 - R:localhost/127.0.0.1:7288]
06:32:51.073 [Forwarding getElementTagName on session 826b9d386e497b58adbaab294e26ef5b to remote] DEBUG org.asynchttpclient.netty.request.NettyRequestSender - Using pooled Channel '[id: 0x1eccbce9, L:/127.0.0.1:62396 - R:localhost/127.0.0.1:7288]' for 'GET' to 'http://localhost:7288/session/826b9d386e497b58adbaab294e26ef5b/element/9be559df-b21c-4c39-af11-764fd3ac97ef/name'
06:32:51.073 [Forwarding getElementTagName on session 826b9d386e497b58adbaab294e26ef5b to remote] DEBUG org.asynchttpclient.netty.request.NettyRequestSender - Using open Channel [id: 0x1eccbce9, L:/127.0.0.1:62396 - R:localhost/127.0.0.1:7288] for GET '/session/826b9d386e497b58adbaab294e26ef5b/element/9be559df-b21c-4c39-af11-764fd3ac97ef/name'
06:32:51.081 [AsyncHttpClient-1-14] DEBUG org.asynchttpclient.netty.handler.HttpHandler - 

Request DefaultFullHttpRequest(decodeResult: success, version: HTTP/1.1, content: EmptyByteBufBE)
GET /session/826b9d386e497b58adbaab294e26ef5b/element/9be559df-b21c-4c39-af11-764fd3ac97ef/name HTTP/1.1
User-Agent: selenium/4.8.1 (java windows)
Cache-Control: no-cache
Content-Type: application/json; charset=utf-8
host: localhost:7288
accept: */*

Response DefaultHttpResponse(decodeResult: success, version: HTTP/1.1)
HTTP/1.1 200 OK
Content-Length: 18
Content-Type: application/json; charset=utf-8
cache-control: no-cache

06:32:51.083 [AsyncHttpClient-1-14] DEBUG org.asynchttpclient.netty.channel.ChannelManager - Adding key: http://localhost:7288 for channel [id: 0x1eccbce9, L:/127.0.0.1:62396 - R:localhost/127.0.0.1:7288]
06:32:51.086 [Forwarding getElementTagName on session 826b9d386e497b58adbaab294e26ef5b to remote] DEBUG org.asynchttpclient.netty.request.NettyRequestSender - Using pooled Channel '[id: 0x1eccbce9, L:/127.0.0.1:62396 - R:localhost/127.0.0.1:7288]' for 'GET' to 'http://localhost:7288/session/826b9d386e497b58adbaab294e26ef5b/element/9be559df-b21c-4c39-af11-764fd3ac97ef/name'
06:32:51.086 [Forwarding getElementTagName on session 826b9d386e497b58adbaab294e26ef5b to remote] DEBUG org.asynchttpclient.netty.request.NettyRequestSender - Using open Channel [id: 0x1eccbce9, L:/127.0.0.1:62396 - R:localhost/127.0.0.1:7288] for GET '/session/826b9d386e497b58adbaab294e26ef5b/element/9be559df-b21c-4c39-af11-764fd3ac97ef/name'
06:32:51.122 [AsyncHttpClient-1-14] DEBUG org.asynchttpclient.netty.handler.HttpHandler - 

Request DefaultFullHttpRequest(decodeResult: success, version: HTTP/1.1, content: EmptyByteBufBE)
GET /session/826b9d386e497b58adbaab294e26ef5b/element/9be559df-b21c-4c39-af11-764fd3ac97ef/name HTTP/1.1
User-Agent: selenium/4.8.1 (java windows)
Cache-Control: no-cache
Content-Type: application/json; charset=utf-8
host: localhost:7288
accept: */*

Response DefaultHttpResponse(decodeResult: success, version: HTTP/1.1)
HTTP/1.1 200 OK
Content-Length: 18
Content-Type: application/json; charset=utf-8
cache-control: no-cache

06:32:51.123 [AsyncHttpClient-1-14] DEBUG org.asynchttpclient.netty.channel.ChannelManager - Adding key: http://localhost:7288 for channel [id: 0x1eccbce9, L:/127.0.0.1:62396 - R:localhost/127.0.0.1:7288]
06:32:51.127 [Forwarding isElementEnabled on session 826b9d386e497b58adbaab294e26ef5b to remote] DEBUG org.asynchttpclient.netty.request.NettyRequestSender - Using pooled Channel '[id: 0x1eccbce9, L:/127.0.0.1:62396 - R:localhost/127.0.0.1:7288]' for 'GET' to 'http://localhost:7288/session/826b9d386e497b58adbaab294e26ef5b/element/9be559df-b21c-4c39-af11-764fd3ac97ef/enabled'
06:32:51.127 [Forwarding isElementEnabled on session 826b9d386e497b58adbaab294e26ef5b to remote] DEBUG org.asynchttpclient.netty.request.NettyRequestSender - Using open Channel [id: 0x1eccbce9, L:/127.0.0.1:62396 - R:localhost/127.0.0.1:7288] for GET '/session/826b9d386e497b58adbaab294e26ef5b/element/9be559df-b21c-4c39-af11-764fd3ac97ef/enabled'
06:32:51.148 [AsyncHttpClient-1-14] DEBUG org.asynchttpclient.netty.handler.HttpHandler - 

Request DefaultFullHttpRequest(decodeResult: success, version: HTTP/1.1, content: EmptyByteBufBE)
GET /session/826b9d386e497b58adbaab294e26ef5b/element/9be559df-b21c-4c39-af11-764fd3ac97ef/enabled HTTP/1.1
User-Agent: selenium/4.8.1 (java windows)
Cache-Control: no-cache
Content-Type: application/json; charset=utf-8
host: localhost:7288
accept: */*

Response DefaultHttpResponse(decodeResult: success, version: HTTP/1.1)
HTTP/1.1 200 OK
Content-Length: 14
Content-Type: application/json; charset=utf-8
cache-control: no-cache

06:32:51.148 [AsyncHttpClient-1-14] DEBUG org.asynchttpclient.netty.channel.ChannelManager - Adding key: http://localhost:7288 for channel [id: 0x1eccbce9, L:/127.0.0.1:62396 - R:localhost/127.0.0.1:7288]
06:32:51.150 [Forwarding isElementEnabled on session 826b9d386e497b58adbaab294e26ef5b to remote] DEBUG org.asynchttpclient.netty.request.NettyRequestSender - Using pooled Channel '[id: 0x1eccbce9, L:/127.0.0.1:62396 - R:localhost/127.0.0.1:7288]' for 'GET' to 'http://localhost:7288/session/826b9d386e497b58adbaab294e26ef5b/element/9be559df-b21c-4c39-af11-764fd3ac97ef/enabled'
06:32:51.151 [Forwarding isElementEnabled on session 826b9d386e497b58adbaab294e26ef5b to remote] DEBUG org.asynchttpclient.netty.request.NettyRequestSender - Using open Channel [id: 0x1eccbce9, L:/127.0.0.1:62396 - R:localhost/127.0.0.1:7288] for GET '/session/826b9d386e497b58adbaab294e26ef5b/element/9be559df-b21c-4c39-af11-764fd3ac97ef/enabled'
06:32:51.163 [AsyncHttpClient-1-14] DEBUG org.asynchttpclient.netty.handler.HttpHandler - 

Request DefaultFullHttpRequest(decodeResult: success, version: HTTP/1.1, content: EmptyByteBufBE)
GET /session/826b9d386e497b58adbaab294e26ef5b/element/9be559df-b21c-4c39-af11-764fd3ac97ef/enabled HTTP/1.1
User-Agent: selenium/4.8.1 (java windows)
Cache-Control: no-cache
Content-Type: application/json; charset=utf-8
host: localhost:7288
accept: */*

Response DefaultHttpResponse(decodeResult: success, version: HTTP/1.1)
HTTP/1.1 200 OK
Content-Length: 14
Content-Type: application/json; charset=utf-8
cache-control: no-cache

06:32:51.163 [AsyncHttpClient-1-14] DEBUG org.asynchttpclient.netty.channel.ChannelManager - Adding key: http://localhost:7288 for channel [id: 0x1eccbce9, L:/127.0.0.1:62396 - R:localhost/127.0.0.1:7288]
06:32:51.167 [Forwarding findElement on session 826b9d386e497b58adbaab294e26ef5b to remote] DEBUG org.asynchttpclient.netty.request.NettyRequestSender - Using pooled Channel '[id: 0x1eccbce9, L:/127.0.0.1:62396 - R:localhost/127.0.0.1:7288]' for 'POST' to 'http://localhost:7288/session/826b9d386e497b58adbaab294e26ef5b/element'
06:32:51.167 [Forwarding findElement on session 826b9d386e497b58adbaab294e26ef5b to remote] DEBUG org.asynchttpclient.netty.request.NettyRequestSender - Using open Channel [id: 0x1eccbce9, L:/127.0.0.1:62396 - R:localhost/127.0.0.1:7288] for POST '/session/826b9d386e497b58adbaab294e26ef5b/element'
06:32:51.197 [AsyncHttpClient-1-14] DEBUG org.asynchttpclient.netty.handler.HttpHandler - 

Request DefaultHttpRequest(decodeResult: success, version: HTTP/1.1)
POST /session/826b9d386e497b58adbaab294e26ef5b/element HTTP/1.1
User-Agent: selenium/4.8.1 (java windows)
Content-Length: 145
Content-Type: application/json; charset=utf-8
host: localhost:7288
accept: */*

Response DefaultHttpResponse(decodeResult: success, version: HTTP/1.1)
HTTP/1.1 200 OK
Content-Length: 88
Content-Type: application/json; charset=utf-8
cache-control: no-cache

06:32:51.197 [AsyncHttpClient-1-14] DEBUG org.asynchttpclient.netty.channel.ChannelManager - Adding key: http://localhost:7288 for channel [id: 0x1eccbce9, L:/127.0.0.1:62396 - R:localhost/127.0.0.1:7288]
06:32:51.200 [Forwarding clickElement on session 826b9d386e497b58adbaab294e26ef5b to remote] DEBUG org.asynchttpclient.netty.request.NettyRequestSender - Using pooled Channel '[id: 0x1eccbce9, L:/127.0.0.1:62396 - R:localhost/127.0.0.1:7288]' for 'POST' to 'http://localhost:7288/session/826b9d386e497b58adbaab294e26ef5b/element/9be559df-b21c-4c39-af11-764fd3ac97ef/click'
06:32:51.200 [Forwarding clickElement on session 826b9d386e497b58adbaab294e26ef5b to remote] DEBUG org.asynchttpclient.netty.request.NettyRequestSender - Using open Channel [id: 0x1eccbce9, L:/127.0.0.1:62396 - R:localhost/127.0.0.1:7288] for POST '/session/826b9d386e497b58adbaab294e26ef5b/element/9be559df-b21c-4c39-af11-764fd3ac97ef/click'
06:32:51.359 [AsyncHttpClient-1-1] DEBUG org.asynchttpclient.netty.channel.DefaultChannelPool - Entry count for : http://localhost:62397 : 1
06:32:51.579 [AsyncHttpClient-1-14] DEBUG org.asynchttpclient.netty.handler.HttpHandler - 

Request DefaultHttpRequest(decodeResult: success, version: HTTP/1.1)
POST /session/826b9d386e497b58adbaab294e26ef5b/element/9be559df-b21c-4c39-af11-764fd3ac97ef/click HTTP/1.1
User-Agent: selenium/4.8.1 (java windows)
Content-Length: 50
Content-Type: application/json; charset=utf-8
host: localhost:7288
accept: */*

Response DefaultHttpResponse(decodeResult: success, version: HTTP/1.1)
HTTP/1.1 200 OK
Content-Length: 14
Content-Type: application/json; charset=utf-8
cache-control: no-cache

06:32:51.579 [AsyncHttpClient-1-14] DEBUG org.asynchttpclient.netty.channel.ChannelManager - Adding key: http://localhost:7288 for channel [id: 0x1eccbce9, L:/127.0.0.1:62396 - R:localhost/127.0.0.1:7288]
06:32:51.587 [main] DEBUG net.thucydides.core.steps.StepInterceptor - STEP DONE: userClickBuyButtonOnTheSelectedProduct
  &amp#27;[32mAnd &amp#27;[0m&amp#27;[32muser click buy button on the selected product&amp#27;[0m                &amp#27;[90m# starter.stepdefinitions.UserSteps.userClickBuyButtonOnTheSelectedProduct()&amp#27;[0m
06:32:51.603 [main] DEBUG net.thucydides.core.steps.StepInterceptor - STARTING STEP: UserSteps.userCanSeeTheNumberInTheShoppingCart - userCanSeeTheNumberInTheShoppingCart
06:32:51.606 [Forwarding findElement on session 826b9d386e497b58adbaab294e26ef5b to remote] DEBUG org.asynchttpclient.netty.request.NettyRequestSender - Using pooled Channel '[id: 0x1eccbce9, L:/127.0.0.1:62396 - R:localhost/127.0.0.1:7288]' for 'POST' to 'http://localhost:7288/session/826b9d386e497b58adbaab294e26ef5b/element'
06:32:51.606 [Forwarding findElement on session 826b9d386e497b58adbaab294e26ef5b to remote] DEBUG org.asynchttpclient.netty.request.NettyRequestSender - Using open Channel [id: 0x1eccbce9, L:/127.0.0.1:62396 - R:localhost/127.0.0.1:7288] for POST '/session/826b9d386e497b58adbaab294e26ef5b/element'
06:32:51.935 [AsyncHttpClient-1-14] DEBUG org.asynchttpclient.netty.handler.HttpHandler - 

Request DefaultHttpRequest(decodeResult: success, version: HTTP/1.1)
POST /session/826b9d386e497b58adbaab294e26ef5b/element HTTP/1.1
User-Agent: selenium/4.8.1 (java windows)
Content-Length: 86
Content-Type: application/json; charset=utf-8
host: localhost:7288
accept: */*

Response DefaultHttpResponse(decodeResult: success, version: HTTP/1.1)
HTTP/1.1 200 OK
Content-Length: 88
Content-Type: application/json; charset=utf-8
cache-control: no-cache

06:32:51.935 [AsyncHttpClient-1-14] DEBUG org.asynchttpclient.netty.channel.ChannelManager - Adding key: http://localhost:7288 for channel [id: 0x1eccbce9, L:/127.0.0.1:62396 - R:localhost/127.0.0.1:7288]
06:32:51.945 [Forwarding isElementDisplayed on session 826b9d386e497b58adbaab294e26ef5b to remote] DEBUG org.asynchttpclient.netty.request.NettyRequestSender - Using pooled Channel '[id: 0x1eccbce9, L:/127.0.0.1:62396 - R:localhost/127.0.0.1:7288]' for 'POST' to 'http://localhost:7288/session/826b9d386e497b58adbaab294e26ef5b/execute/sync'
06:32:51.945 [Forwarding isElementDisplayed on session 826b9d386e497b58adbaab294e26ef5b to remote] DEBUG org.asynchttpclient.netty.request.NettyRequestSender - Using open Channel [id: 0x1eccbce9, L:/127.0.0.1:62396 - R:localhost/127.0.0.1:7288] for POST '/session/826b9d386e497b58adbaab294e26ef5b/execute/sync'
06:32:51.979 [AsyncHttpClient-1-14] DEBUG org.asynchttpclient.netty.handler.HttpHandler - 

Request DefaultHttpRequest(decodeResult: success, version: HTTP/1.1)
POST /session/826b9d386e497b58adbaab294e26ef5b/execute/sync HTTP/1.1
User-Agent: selenium/4.8.1 (java windows)
Content-Length: 48807
Content-Type: application/json; charset=utf-8
host: localhost:7288
accept: */*

Response DefaultHttpResponse(decodeResult: success, version: HTTP/1.1)
HTTP/1.1 200 OK
Content-Length: 14
Content-Type: application/json; charset=utf-8
cache-control: no-cache

06:32:51.980 [AsyncHttpClient-1-14] DEBUG org.asynchttpclient.netty.channel.ChannelManager - Adding key: http://localhost:7288 for channel [id: 0x1eccbce9, L:/127.0.0.1:62396 - R:localhost/127.0.0.1:7288]
06:32:51.988 [Forwarding isElementDisplayed on session 826b9d386e497b58adbaab294e26ef5b to remote] DEBUG org.asynchttpclient.netty.request.NettyRequestSender - Using pooled Channel '[id: 0x1eccbce9, L:/127.0.0.1:62396 - R:localhost/127.0.0.1:7288]' for 'POST' to 'http://localhost:7288/session/826b9d386e497b58adbaab294e26ef5b/execute/sync'
06:32:51.988 [Forwarding isElementDisplayed on session 826b9d386e497b58adbaab294e26ef5b to remote] DEBUG org.asynchttpclient.netty.request.NettyRequestSender - Using open Channel [id: 0x1eccbce9, L:/127.0.0.1:62396 - R:localhost/127.0.0.1:7288] for POST '/session/826b9d386e497b58adbaab294e26ef5b/execute/sync'
06:32:52.013 [AsyncHttpClient-1-14] DEBUG org.asynchttpclient.netty.handler.HttpHandler - 

Request DefaultHttpRequest(decodeResult: success, version: HTTP/1.1)
POST /session/826b9d386e497b58adbaab294e26ef5b/execute/sync HTTP/1.1
User-Agent: selenium/4.8.1 (java windows)
Content-Length: 48807
Content-Type: application/json; charset=utf-8
host: localhost:7288
accept: */*

Response DefaultHttpResponse(decodeResult: success, version: HTTP/1.1)
HTTP/1.1 200 OK
Content-Length: 14
Content-Type: application/json; charset=utf-8
cache-control: no-cache

06:32:52.015 [AsyncHttpClient-1-14] DEBUG org.asynchttpclient.netty.channel.ChannelManager - Adding key: http://localhost:7288 for channel [id: 0x1eccbce9, L:/127.0.0.1:62396 - R:localhost/127.0.0.1:7288]
06:32:52.019 [main] DEBUG net.thucydides.core.steps.StepInterceptor - STEP DONE: userCanSeeTheNumberInTheShoppingCart
  &amp#27;[32mAnd &amp#27;[0m&amp#27;[32muser can see the number in the shopping cart&amp#27;[0m                 &amp#27;[90m# starter.stepdefinitions.UserSteps.userCanSeeTheNumberInTheShoppingCart()&amp#27;[0m
06:32:52.037 [main] DEBUG net.thucydides.core.steps.StepInterceptor - STARTING STEP: UserSteps.userCanClickShoppingCartButton - userCanClickShoppingCartButton
06:32:52.044 [Forwarding findElement on session 826b9d386e497b58adbaab294e26ef5b to remote] DEBUG org.asynchttpclient.netty.request.NettyRequestSender - Using pooled Channel '[id: 0x1eccbce9, L:/127.0.0.1:62396 - R:localhost/127.0.0.1:7288]' for 'POST' to 'http://localhost:7288/session/826b9d386e497b58adbaab294e26ef5b/element'
06:32:52.044 [Forwarding findElement on session 826b9d386e497b58adbaab294e26ef5b to remote] DEBUG org.asynchttpclient.netty.request.NettyRequestSender - Using open Channel [id: 0x1eccbce9, L:/127.0.0.1:62396 - R:localhost/127.0.0.1:7288] for POST '/session/826b9d386e497b58adbaab294e26ef5b/element'
06:32:52.135 [AsyncHttpClient-1-14] DEBUG org.asynchttpclient.netty.handler.HttpHandler - 

Request DefaultHttpRequest(decodeResult: success, version: HTTP/1.1)
POST /session/826b9d386e497b58adbaab294e26ef5b/element HTTP/1.1
User-Agent: selenium/4.8.1 (java windows)
Content-Length: 78
Content-Type: application/json; charset=utf-8
host: localhost:7288
accept: */*

Response DefaultHttpResponse(decodeResult: success, version: HTTP/1.1)
HTTP/1.1 200 OK
Content-Length: 88
Content-Type: application/json; charset=utf-8
cache-control: no-cache

06:32:52.136 [AsyncHttpClient-1-14] DEBUG org.asynchttpclient.netty.channel.ChannelManager - Adding key: http://localhost:7288 for channel [id: 0x1eccbce9, L:/127.0.0.1:62396 - R:localhost/127.0.0.1:7288]
06:32:52.138 [Forwarding getElementTagName on session 826b9d386e497b58adbaab294e26ef5b to remote] DEBUG org.asynchttpclient.netty.request.NettyRequestSender - Using pooled Channel '[id: 0x1eccbce9, L:/127.0.0.1:62396 - R:localhost/127.0.0.1:7288]' for 'GET' to 'http://localhost:7288/session/826b9d386e497b58adbaab294e26ef5b/element/027c4c98-5efd-4638-a0b3-b2ed84b446b2/name'
06:32:52.138 [Forwarding getElementTagName on session 826b9d386e497b58adbaab294e26ef5b to remote] DEBUG org.asynchttpclient.netty.request.NettyRequestSender - Using open Channel [id: 0x1eccbce9, L:/127.0.0.1:62396 - R:localhost/127.0.0.1:7288] for GET '/session/826b9d386e497b58adbaab294e26ef5b/element/027c4c98-5efd-4638-a0b3-b2ed84b446b2/name'
06:32:52.146 [AsyncHttpClient-1-14] DEBUG org.asynchttpclient.netty.handler.HttpHandler - 

Request DefaultFullHttpRequest(decodeResult: success, version: HTTP/1.1, content: EmptyByteBufBE)
GET /session/826b9d386e497b58adbaab294e26ef5b/element/027c4c98-5efd-4638-a0b3-b2ed84b446b2/name HTTP/1.1
User-Agent: selenium/4.8.1 (java windows)
Cache-Control: no-cache
Content-Type: application/json; charset=utf-8
host: localhost:7288
accept: */*

Response DefaultHttpResponse(decodeResult: success, version: HTTP/1.1)
HTTP/1.1 200 OK
Content-Length: 16
Content-Type: application/json; charset=utf-8
cache-control: no-cache

06:32:52.147 [AsyncHttpClient-1-14] DEBUG org.asynchttpclient.netty.channel.ChannelManager - Adding key: http://localhost:7288 for channel [id: 0x1eccbce9, L:/127.0.0.1:62396 - R:localhost/127.0.0.1:7288]
06:32:52.148 [Forwarding getElementTagName on session 826b9d386e497b58adbaab294e26ef5b to remote] DEBUG org.asynchttpclient.netty.request.NettyRequestSender - Using pooled Channel '[id: 0x1eccbce9, L:/127.0.0.1:62396 - R:localhost/127.0.0.1:7288]' for 'GET' to 'http://localhost:7288/session/826b9d386e497b58adbaab294e26ef5b/element/027c4c98-5efd-4638-a0b3-b2ed84b446b2/name'
06:32:52.148 [Forwarding getElementTagName on session 826b9d386e497b58adbaab294e26ef5b to remote] DEBUG org.asynchttpclient.netty.request.NettyRequestSender - Using open Channel [id: 0x1eccbce9, L:/127.0.0.1:62396 - R:localhost/127.0.0.1:7288] for GET '/session/826b9d386e497b58adbaab294e26ef5b/element/027c4c98-5efd-4638-a0b3-b2ed84b446b2/name'
06:32:52.155 [AsyncHttpClient-1-14] DEBUG org.asynchttpclient.netty.handler.HttpHandler - 

Request DefaultFullHttpRequest(decodeResult: success, version: HTTP/1.1, content: EmptyByteBufBE)
GET /session/826b9d386e497b58adbaab294e26ef5b/element/027c4c98-5efd-4638-a0b3-b2ed84b446b2/name HTTP/1.1
User-Agent: selenium/4.8.1 (java windows)
Cache-Control: no-cache
Content-Type: application/json; charset=utf-8
host: localhost:7288
accept: */*

Response DefaultHttpResponse(decodeResult: success, version: HTTP/1.1)
HTTP/1.1 200 OK
Content-Length: 16
Content-Type: application/json; charset=utf-8
cache-control: no-cache

06:32:52.155 [AsyncHttpClient-1-14] DEBUG org.asynchttpclient.netty.channel.ChannelManager - Adding key: http://localhost:7288 for channel [id: 0x1eccbce9, L:/127.0.0.1:62396 - R:localhost/127.0.0.1:7288]
06:32:52.158 [Forwarding findElement on session 826b9d386e497b58adbaab294e26ef5b to remote] DEBUG org.asynchttpclient.netty.request.NettyRequestSender - Using pooled Channel '[id: 0x1eccbce9, L:/127.0.0.1:62396 - R:localhost/127.0.0.1:7288]' for 'POST' to 'http://localhost:7288/session/826b9d386e497b58adbaab294e26ef5b/element'
06:32:52.158 [Forwarding findElement on session 826b9d386e497b58adbaab294e26ef5b to remote] DEBUG org.asynchttpclient.netty.request.NettyRequestSender - Using open Channel [id: 0x1eccbce9, L:/127.0.0.1:62396 - R:localhost/127.0.0.1:7288] for POST '/session/826b9d386e497b58adbaab294e26ef5b/element'
06:32:52.176 [AsyncHttpClient-1-14] DEBUG org.asynchttpclient.netty.handler.HttpHandler - 

Request DefaultHttpRequest(decodeResult: success, version: HTTP/1.1)
POST /session/826b9d386e497b58adbaab294e26ef5b/element HTTP/1.1
User-Agent: selenium/4.8.1 (java windows)
Content-Length: 78
Content-Type: application/json; charset=utf-8
host: localhost:7288
accept: */*

Response DefaultHttpResponse(decodeResult: success, version: HTTP/1.1)
HTTP/1.1 200 OK
Content-Length: 88
Content-Type: application/json; charset=utf-8
cache-control: no-cache

06:32:52.176 [AsyncHttpClient-1-14] DEBUG org.asynchttpclient.netty.channel.ChannelManager - Adding key: http://localhost:7288 for channel [id: 0x1eccbce9, L:/127.0.0.1:62396 - R:localhost/127.0.0.1:7288]
06:32:52.178 [Forwarding clickElement on session 826b9d386e497b58adbaab294e26ef5b to remote] DEBUG org.asynchttpclient.netty.request.NettyRequestSender - Using pooled Channel '[id: 0x1eccbce9, L:/127.0.0.1:62396 - R:localhost/127.0.0.1:7288]' for 'POST' to 'http://localhost:7288/session/826b9d386e497b58adbaab294e26ef5b/element/027c4c98-5efd-4638-a0b3-b2ed84b446b2/click'
06:32:52.178 [Forwarding clickElement on session 826b9d386e497b58adbaab294e26ef5b to remote] DEBUG org.asynchttpclient.netty.request.NettyRequestSender - Using open Channel [id: 0x1eccbce9, L:/127.0.0.1:62396 - R:localhost/127.0.0.1:7288] for POST '/session/826b9d386e497b58adbaab294e26ef5b/element/027c4c98-5efd-4638-a0b3-b2ed84b446b2/click'
06:32:52.276 [AsyncHttpClient-1-14] DEBUG org.asynchttpclient.netty.handler.HttpHandler - 

Request DefaultHttpRequest(decodeResult: success, version: HTTP/1.1)
POST /session/826b9d386e497b58adbaab294e26ef5b/element/027c4c98-5efd-4638-a0b3-b2ed84b446b2/click HTTP/1.1
User-Agent: selenium/4.8.1 (java windows)
Content-Length: 50
Content-Type: application/json; charset=utf-8
host: localhost:7288
accept: */*

Response DefaultHttpResponse(decodeResult: success, version: HTTP/1.1)
HTTP/1.1 200 OK
Content-Length: 14
Content-Type: application/json; charset=utf-8
cache-control: no-cache

06:32:52.276 [AsyncHttpClient-1-14] DEBUG org.asynchttpclient.netty.channel.ChannelManager - Adding key: http://localhost:7288 for channel [id: 0x1eccbce9, L:/127.0.0.1:62396 - R:localhost/127.0.0.1:7288]
06:32:52.286 [main] DEBUG net.thucydides.core.steps.StepInterceptor - STEP DONE: userCanClickShoppingCartButton
  &amp#27;[32mAnd &amp#27;[0m&amp#27;[32muser can click shopping cart button&amp#27;[0m                          &amp#27;[90m# starter.stepdefinitions.UserSteps.userCanClickShoppingCartButton()&amp#27;[0m
06:32:52.310 [main] DEBUG net.thucydides.core.steps.StepInterceptor - STARTING STEP: UserSteps.userCanAddNumberProduct - userCanAddNumberProduct
06:32:52.319 [Forwarding findElement on session 826b9d386e497b58adbaab294e26ef5b to remote] DEBUG org.asynchttpclient.netty.request.NettyRequestSender - Using pooled Channel '[id: 0x1eccbce9, L:/127.0.0.1:62396 - R:localhost/127.0.0.1:7288]' for 'POST' to 'http://localhost:7288/session/826b9d386e497b58adbaab294e26ef5b/element'
06:32:52.319 [Forwarding findElement on session 826b9d386e497b58adbaab294e26ef5b to remote] DEBUG org.asynchttpclient.netty.request.NettyRequestSender - Using open Channel [id: 0x1eccbce9, L:/127.0.0.1:62396 - R:localhost/127.0.0.1:7288] for POST '/session/826b9d386e497b58adbaab294e26ef5b/element'
06:32:52.458 [AsyncHttpClient-1-1] DEBUG org.asynchttpclient.netty.channel.DefaultChannelPool - Entry count for : http://localhost:62397 : 1
06:32:52.638 [AsyncHttpClient-1-14] DEBUG org.asynchttpclient.netty.handler.HttpHandler - 

Request DefaultHttpRequest(decodeResult: success, version: HTTP/1.1)
POST /session/826b9d386e497b58adbaab294e26ef5b/element HTTP/1.1
User-Agent: selenium/4.8.1 (java windows)
Content-Length: 65
Content-Type: application/json; charset=utf-8
host: localhost:7288
accept: */*

Response DefaultHttpResponse(decodeResult: success, version: HTTP/1.1)
HTTP/1.1 200 OK
Content-Length: 88
Content-Type: application/json; charset=utf-8
cache-control: no-cache

06:32:52.638 [AsyncHttpClient-1-14] DEBUG org.asynchttpclient.netty.channel.ChannelManager - Adding key: http://localhost:7288 for channel [id: 0x1eccbce9, L:/127.0.0.1:62396 - R:localhost/127.0.0.1:7288]
06:32:52.641 [Forwarding getElementTagName on session 826b9d386e497b58adbaab294e26ef5b to remote] DEBUG org.asynchttpclient.netty.request.NettyRequestSender - Using pooled Channel '[id: 0x1eccbce9, L:/127.0.0.1:62396 - R:localhost/127.0.0.1:7288]' for 'GET' to 'http://localhost:7288/session/826b9d386e497b58adbaab294e26ef5b/element/dbb24d78-53fb-408c-b80e-8ff2e5e85731/name'
06:32:52.641 [Forwarding getElementTagName on session 826b9d386e497b58adbaab294e26ef5b to remote] DEBUG org.asynchttpclient.netty.request.NettyRequestSender - Using open Channel [id: 0x1eccbce9, L:/127.0.0.1:62396 - R:localhost/127.0.0.1:7288] for GET '/session/826b9d386e497b58adbaab294e26ef5b/element/dbb24d78-53fb-408c-b80e-8ff2e5e85731/name'
06:32:52.649 [AsyncHttpClient-1-14] DEBUG org.asynchttpclient.netty.handler.HttpHandler - 

Request DefaultFullHttpRequest(decodeResult: success, version: HTTP/1.1, content: EmptyByteBufBE)
GET /session/826b9d386e497b58adbaab294e26ef5b/element/dbb24d78-53fb-408c-b80e-8ff2e5e85731/name HTTP/1.1
User-Agent: selenium/4.8.1 (java windows)
Cache-Control: no-cache
Content-Type: application/json; charset=utf-8
host: localhost:7288
accept: */*

Response DefaultHttpResponse(decodeResult: success, version: HTTP/1.1)
HTTP/1.1 200 OK
Content-Length: 16
Content-Type: application/json; charset=utf-8
cache-control: no-cache

06:32:52.649 [AsyncHttpClient-1-14] DEBUG org.asynchttpclient.netty.channel.ChannelManager - Adding key: http://localhost:7288 for channel [id: 0x1eccbce9, L:/127.0.0.1:62396 - R:localhost/127.0.0.1:7288]
06:32:52.651 [Forwarding getElementTagName on session 826b9d386e497b58adbaab294e26ef5b to remote] DEBUG org.asynchttpclient.netty.request.NettyRequestSender - Using pooled Channel '[id: 0x1eccbce9, L:/127.0.0.1:62396 - R:localhost/127.0.0.1:7288]' for 'GET' to 'http://localhost:7288/session/826b9d386e497b58adbaab294e26ef5b/element/dbb24d78-53fb-408c-b80e-8ff2e5e85731/name'
06:32:52.651 [Forwarding getElementTagName on session 826b9d386e497b58adbaab294e26ef5b to remote] DEBUG org.asynchttpclient.netty.request.NettyRequestSender - Using open Channel [id: 0x1eccbce9, L:/127.0.0.1:62396 - R:localhost/127.0.0.1:7288] for GET '/session/826b9d386e497b58adbaab294e26ef5b/element/dbb24d78-53fb-408c-b80e-8ff2e5e85731/name'
06:32:52.658 [AsyncHttpClient-1-14] DEBUG org.asynchttpclient.netty.handler.HttpHandler - 

Request DefaultFullHttpRequest(decodeResult: success, version: HTTP/1.1, content: EmptyByteBufBE)
GET /session/826b9d386e497b58adbaab294e26ef5b/element/dbb24d78-53fb-408c-b80e-8ff2e5e85731/name HTTP/1.1
User-Agent: selenium/4.8.1 (java windows)
Cache-Control: no-cache
Content-Type: application/json; charset=utf-8
host: localhost:7288
accept: */*

Response DefaultHttpResponse(decodeResult: success, version: HTTP/1.1)
HTTP/1.1 200 OK
Content-Length: 16
Content-Type: application/json; charset=utf-8
cache-control: no-cache

06:32:52.658 [AsyncHttpClient-1-14] DEBUG org.asynchttpclient.netty.channel.ChannelManager - Adding key: http://localhost:7288 for channel [id: 0x1eccbce9, L:/127.0.0.1:62396 - R:localhost/127.0.0.1:7288]
06:32:52.660 [Forwarding findElement on session 826b9d386e497b58adbaab294e26ef5b to remote] DEBUG org.asynchttpclient.netty.request.NettyRequestSender - Using pooled Channel '[id: 0x1eccbce9, L:/127.0.0.1:62396 - R:localhost/127.0.0.1:7288]' for 'POST' to 'http://localhost:7288/session/826b9d386e497b58adbaab294e26ef5b/element'
06:32:52.660 [Forwarding findElement on session 826b9d386e497b58adbaab294e26ef5b to remote] DEBUG org.asynchttpclient.netty.request.NettyRequestSender - Using open Channel [id: 0x1eccbce9, L:/127.0.0.1:62396 - R:localhost/127.0.0.1:7288] for POST '/session/826b9d386e497b58adbaab294e26ef5b/element'
06:32:52.673 [AsyncHttpClient-1-14] DEBUG org.asynchttpclient.netty.handler.HttpHandler - 

Request DefaultHttpRequest(decodeResult: success, version: HTTP/1.1)
POST /session/826b9d386e497b58adbaab294e26ef5b/element HTTP/1.1
User-Agent: selenium/4.8.1 (java windows)
Content-Length: 65
Content-Type: application/json; charset=utf-8
host: localhost:7288
accept: */*

Response DefaultHttpResponse(decodeResult: success, version: HTTP/1.1)
HTTP/1.1 200 OK
Content-Length: 88
Content-Type: application/json; charset=utf-8
cache-control: no-cache

06:32:52.673 [AsyncHttpClient-1-14] DEBUG org.asynchttpclient.netty.channel.ChannelManager - Adding key: http://localhost:7288 for channel [id: 0x1eccbce9, L:/127.0.0.1:62396 - R:localhost/127.0.0.1:7288]
06:32:52.675 [Forwarding clickElement on session 826b9d386e497b58adbaab294e26ef5b to remote] DEBUG org.asynchttpclient.netty.request.NettyRequestSender - Using pooled Channel '[id: 0x1eccbce9, L:/127.0.0.1:62396 - R:localhost/127.0.0.1:7288]' for 'POST' to 'http://localhost:7288/session/826b9d386e497b58adbaab294e26ef5b/element/dbb24d78-53fb-408c-b80e-8ff2e5e85731/click'
06:32:52.675 [Forwarding clickElement on session 826b9d386e497b58adbaab294e26ef5b to remote] DEBUG org.asynchttpclient.netty.request.NettyRequestSender - Using open Channel [id: 0x1eccbce9, L:/127.0.0.1:62396 - R:localhost/127.0.0.1:7288] for POST '/session/826b9d386e497b58adbaab294e26ef5b/element/dbb24d78-53fb-408c-b80e-8ff2e5e85731/click'
06:32:52.747 [AsyncHttpClient-1-14] DEBUG org.asynchttpclient.netty.handler.HttpHandler - 

Request DefaultHttpRequest(decodeResult: success, version: HTTP/1.1)
POST /session/826b9d386e497b58adbaab294e26ef5b/element/dbb24d78-53fb-408c-b80e-8ff2e5e85731/click HTTP/1.1
User-Agent: selenium/4.8.1 (java windows)
Content-Length: 50
Content-Type: application/json; charset=utf-8
host: localhost:7288
accept: */*

Response DefaultHttpResponse(decodeResult: success, version: HTTP/1.1)
HTTP/1.1 200 OK
Content-Length: 14
Content-Type: application/json; charset=utf-8
cache-control: no-cache

06:32:52.748 [AsyncHttpClient-1-14] DEBUG org.asynchttpclient.netty.channel.ChannelManager - Adding key: http://localhost:7288 for channel [id: 0x1eccbce9, L:/127.0.0.1:62396 - R:localhost/127.0.0.1:7288]
06:32:52.752 [main] DEBUG net.thucydides.core.steps.StepInterceptor - STEP DONE: userCanAddNumberProduct
  &amp#27;[32mAnd &amp#27;[0m&amp#27;[32muser can add number product&amp#27;[0m                                  &amp#27;[90m# starter.stepdefinitions.UserSteps.userCanAddNumberProduct()&amp#27;[0m
06:32:52.764 [main] DEBUG net.thucydides.core.steps.StepInterceptor - STARTING STEP: UserSteps.userCanClickPayButton - userCanClickPayButton
06:32:52.768 [Forwarding findElement on session 826b9d386e497b58adbaab294e26ef5b to remote] DEBUG org.asynchttpclient.netty.request.NettyRequestSender - Using pooled Channel '[id: 0x1eccbce9, L:/127.0.0.1:62396 - R:localhost/127.0.0.1:7288]' for 'POST' to 'http://localhost:7288/session/826b9d386e497b58adbaab294e26ef5b/element'
06:32:52.768 [Forwarding findElement on session 826b9d386e497b58adbaab294e26ef5b to remote] DEBUG org.asynchttpclient.netty.request.NettyRequestSender - Using open Channel [id: 0x1eccbce9, L:/127.0.0.1:62396 - R:localhost/127.0.0.1:7288] for POST '/session/826b9d386e497b58adbaab294e26ef5b/element'
06:32:52.789 [AsyncHttpClient-1-14] DEBUG org.asynchttpclient.netty.handler.HttpHandler - 

Request DefaultHttpRequest(decodeResult: success, version: HTTP/1.1)
POST /session/826b9d386e497b58adbaab294e26ef5b/element HTTP/1.1
User-Agent: selenium/4.8.1 (java windows)
Content-Length: 71
Content-Type: application/json; charset=utf-8
host: localhost:7288
accept: */*

Response DefaultHttpResponse(decodeResult: success, version: HTTP/1.1)
HTTP/1.1 200 OK
Content-Length: 88
Content-Type: application/json; charset=utf-8
cache-control: no-cache

06:32:52.789 [AsyncHttpClient-1-14] DEBUG org.asynchttpclient.netty.channel.ChannelManager - Adding key: http://localhost:7288 for channel [id: 0x1eccbce9, L:/127.0.0.1:62396 - R:localhost/127.0.0.1:7288]
06:32:52.791 [Forwarding getElementTagName on session 826b9d386e497b58adbaab294e26ef5b to remote] DEBUG org.asynchttpclient.netty.request.NettyRequestSender - Using pooled Channel '[id: 0x1eccbce9, L:/127.0.0.1:62396 - R:localhost/127.0.0.1:7288]' for 'GET' to 'http://localhost:7288/session/826b9d386e497b58adbaab294e26ef5b/element/565f4fe4-9c26-45c7-9dd6-469b38e17eec/name'
06:32:52.791 [Forwarding getElementTagName on session 826b9d386e497b58adbaab294e26ef5b to remote] DEBUG org.asynchttpclient.netty.request.NettyRequestSender - Using open Channel [id: 0x1eccbce9, L:/127.0.0.1:62396 - R:localhost/127.0.0.1:7288] for GET '/session/826b9d386e497b58adbaab294e26ef5b/element/565f4fe4-9c26-45c7-9dd6-469b38e17eec/name'
06:32:52.800 [AsyncHttpClient-1-14] DEBUG org.asynchttpclient.netty.handler.HttpHandler - 

Request DefaultFullHttpRequest(decodeResult: success, version: HTTP/1.1, content: EmptyByteBufBE)
GET /session/826b9d386e497b58adbaab294e26ef5b/element/565f4fe4-9c26-45c7-9dd6-469b38e17eec/name HTTP/1.1
User-Agent: selenium/4.8.1 (java windows)
Cache-Control: no-cache
Content-Type: application/json; charset=utf-8
host: localhost:7288
accept: */*

Response DefaultHttpResponse(decodeResult: success, version: HTTP/1.1)
HTTP/1.1 200 OK
Content-Length: 16
Content-Type: application/json; charset=utf-8
cache-control: no-cache

06:32:52.800 [AsyncHttpClient-1-14] DEBUG org.asynchttpclient.netty.channel.ChannelManager - Adding key: http://localhost:7288 for channel [id: 0x1eccbce9, L:/127.0.0.1:62396 - R:localhost/127.0.0.1:7288]
06:32:52.802 [Forwarding getElementTagName on session 826b9d386e497b58adbaab294e26ef5b to remote] DEBUG org.asynchttpclient.netty.request.NettyRequestSender - Using pooled Channel '[id: 0x1eccbce9, L:/127.0.0.1:62396 - R:localhost/127.0.0.1:7288]' for 'GET' to 'http://localhost:7288/session/826b9d386e497b58adbaab294e26ef5b/element/565f4fe4-9c26-45c7-9dd6-469b38e17eec/name'
06:32:52.802 [Forwarding getElementTagName on session 826b9d386e497b58adbaab294e26ef5b to remote] DEBUG org.asynchttpclient.netty.request.NettyRequestSender - Using open Channel [id: 0x1eccbce9, L:/127.0.0.1:62396 - R:localhost/127.0.0.1:7288] for GET '/session/826b9d386e497b58adbaab294e26ef5b/element/565f4fe4-9c26-45c7-9dd6-469b38e17eec/name'
06:32:52.809 [AsyncHttpClient-1-14] DEBUG org.asynchttpclient.netty.handler.HttpHandler - 

Request DefaultFullHttpRequest(decodeResult: success, version: HTTP/1.1, content: EmptyByteBufBE)
GET /session/826b9d386e497b58adbaab294e26ef5b/element/565f4fe4-9c26-45c7-9dd6-469b38e17eec/name HTTP/1.1
User-Agent: selenium/4.8.1 (java windows)
Cache-Control: no-cache
Content-Type: application/json; charset=utf-8
host: localhost:7288
accept: */*

Response DefaultHttpResponse(decodeResult: success, version: HTTP/1.1)
HTTP/1.1 200 OK
Content-Length: 16
Content-Type: application/json; charset=utf-8
cache-control: no-cache

06:32:52.809 [AsyncHttpClient-1-14] DEBUG org.asynchttpclient.netty.channel.ChannelManager - Adding key: http://localhost:7288 for channel [id: 0x1eccbce9, L:/127.0.0.1:62396 - R:localhost/127.0.0.1:7288]
06:32:52.818 [Forwarding findElement on session 826b9d386e497b58adbaab294e26ef5b to remote] DEBUG org.asynchttpclient.netty.request.NettyRequestSender - Using pooled Channel '[id: 0x1eccbce9, L:/127.0.0.1:62396 - R:localhost/127.0.0.1:7288]' for 'POST' to 'http://localhost:7288/session/826b9d386e497b58adbaab294e26ef5b/element'
06:32:52.819 [Forwarding findElement on session 826b9d386e497b58adbaab294e26ef5b to remote] DEBUG org.asynchttpclient.netty.request.NettyRequestSender - Using open Channel [id: 0x1eccbce9, L:/127.0.0.1:62396 - R:localhost/127.0.0.1:7288] for POST '/session/826b9d386e497b58adbaab294e26ef5b/element'
06:32:52.832 [AsyncHttpClient-1-14] DEBUG org.asynchttpclient.netty.handler.HttpHandler - 

Request DefaultHttpRequest(decodeResult: success, version: HTTP/1.1)
POST /session/826b9d386e497b58adbaab294e26ef5b/element HTTP/1.1
User-Agent: selenium/4.8.1 (java windows)
Content-Length: 71
Content-Type: application/json; charset=utf-8
host: localhost:7288
accept: */*

Response DefaultHttpResponse(decodeResult: success, version: HTTP/1.1)
HTTP/1.1 200 OK
Content-Length: 88
Content-Type: application/json; charset=utf-8
cache-control: no-cache

06:32:52.832 [AsyncHttpClient-1-14] DEBUG org.asynchttpclient.netty.channel.ChannelManager - Adding key: http://localhost:7288 for channel [id: 0x1eccbce9, L:/127.0.0.1:62396 - R:localhost/127.0.0.1:7288]
06:32:52.835 [Forwarding clickElement on session 826b9d386e497b58adbaab294e26ef5b to remote] DEBUG org.asynchttpclient.netty.request.NettyRequestSender - Using pooled Channel '[id: 0x1eccbce9, L:/127.0.0.1:62396 - R:localhost/127.0.0.1:7288]' for 'POST' to 'http://localhost:7288/session/826b9d386e497b58adbaab294e26ef5b/element/565f4fe4-9c26-45c7-9dd6-469b38e17eec/click'
06:32:52.835 [Forwarding clickElement on session 826b9d386e497b58adbaab294e26ef5b to remote] DEBUG org.asynchttpclient.netty.request.NettyRequestSender - Using open Channel [id: 0x1eccbce9, L:/127.0.0.1:62396 - R:localhost/127.0.0.1:7288] for POST '/session/826b9d386e497b58adbaab294e26ef5b/element/565f4fe4-9c26-45c7-9dd6-469b38e17eec/click'
06:32:52.903 [AsyncHttpClient-1-14] DEBUG org.asynchttpclient.netty.handler.HttpHandler - 

Request DefaultHttpRequest(decodeResult: success, version: HTTP/1.1)
POST /session/826b9d386e497b58adbaab294e26ef5b/element/565f4fe4-9c26-45c7-9dd6-469b38e17eec/click HTTP/1.1
User-Agent: selenium/4.8.1 (java windows)
Content-Length: 50
Content-Type: application/json; charset=utf-8
host: localhost:7288
accept: */*

Response DefaultHttpResponse(decodeResult: success, version: HTTP/1.1)
HTTP/1.1 200 OK
Content-Length: 14
Content-Type: application/json; charset=utf-8
cache-control: no-cache

06:32:52.903 [AsyncHttpClient-1-14] DEBUG org.asynchttpclient.netty.channel.ChannelManager - Adding key: http://localhost:7288 for channel [id: 0x1eccbce9, L:/127.0.0.1:62396 - R:localhost/127.0.0.1:7288]
06:32:52.908 [main] DEBUG net.thucydides.core.steps.StepInterceptor - STEP DONE: userCanClickPayButton
  &amp#27;[32mAnd &amp#27;[0m&amp#27;[32muser can click pay button&amp#27;[0m                                    &amp#27;[90m# starter.stepdefinitions.UserSteps.userCanClickPayButton()&amp#27;[0m
06:32:52.923 [main] DEBUG net.thucydides.core.steps.StepInterceptor - STARTING STEP: UserSteps.userGoesToTheSuccessfulTransactionPage - userGoesToTheSuccessfulTransactionPage
06:32:52.926 [Forwarding findElement on session 826b9d386e497b58adbaab294e26ef5b to remote] DEBUG org.asynchttpclient.netty.request.NettyRequestSender - Using pooled Channel '[id: 0x1eccbce9, L:/127.0.0.1:62396 - R:localhost/127.0.0.1:7288]' for 'POST' to 'http://localhost:7288/session/826b9d386e497b58adbaab294e26ef5b/element'
06:32:52.926 [Forwarding findElement on session 826b9d386e497b58adbaab294e26ef5b to remote] DEBUG org.asynchttpclient.netty.request.NettyRequestSender - Using open Channel [id: 0x1eccbce9, L:/127.0.0.1:62396 - R:localhost/127.0.0.1:7288] for POST '/session/826b9d386e497b58adbaab294e26ef5b/element'
06:32:52.949 [AsyncHttpClient-1-14] DEBUG org.asynchttpclient.netty.handler.HttpHandler - 

Request DefaultHttpRequest(decodeResult: success, version: HTTP/1.1)
POST /session/826b9d386e497b58adbaab294e26ef5b/element HTTP/1.1
User-Agent: selenium/4.8.1 (java windows)
Content-Length: 72
Content-Type: application/json; charset=utf-8
host: localhost:7288
accept: */*

Response DefaultHttpResponse(decodeResult: success, version: HTTP/1.1)
HTTP/1.1 200 OK
Content-Length: 88
Content-Type: application/json; charset=utf-8
cache-control: no-cache

06:32:52.950 [AsyncHttpClient-1-14] DEBUG org.asynchttpclient.netty.channel.ChannelManager - Adding key: http://localhost:7288 for channel [id: 0x1eccbce9, L:/127.0.0.1:62396 - R:localhost/127.0.0.1:7288]
06:32:52.955 [Forwarding isElementDisplayed on session 826b9d386e497b58adbaab294e26ef5b to remote] DEBUG org.asynchttpclient.netty.request.NettyRequestSender - Using pooled Channel '[id: 0x1eccbce9, L:/127.0.0.1:62396 - R:localhost/127.0.0.1:7288]' for 'POST' to 'http://localhost:7288/session/826b9d386e497b58adbaab294e26ef5b/execute/sync'
06:32:52.955 [Forwarding isElementDisplayed on session 826b9d386e497b58adbaab294e26ef5b to remote] DEBUG org.asynchttpclient.netty.request.NettyRequestSender - Using open Channel [id: 0x1eccbce9, L:/127.0.0.1:62396 - R:localhost/127.0.0.1:7288] for POST '/session/826b9d386e497b58adbaab294e26ef5b/execute/sync'
06:32:52.972 [AsyncHttpClient-1-14] DEBUG org.asynchttpclient.netty.handler.HttpHandler - 

Request DefaultHttpRequest(decodeResult: success, version: HTTP/1.1)
POST /session/826b9d386e497b58adbaab294e26ef5b/execute/sync HTTP/1.1
User-Agent: selenium/4.8.1 (java windows)
Content-Length: 48807
Content-Type: application/json; charset=utf-8
host: localhost:7288
accept: */*

Response DefaultHttpResponse(decodeResult: success, version: HTTP/1.1)
HTTP/1.1 200 OK
Content-Length: 14
Content-Type: application/json; charset=utf-8
cache-control: no-cache

06:32:52.973 [AsyncHttpClient-1-14] DEBUG org.asynchttpclient.netty.channel.ChannelManager - Adding key: http://localhost:7288 for channel [id: 0x1eccbce9, L:/127.0.0.1:62396 - R:localhost/127.0.0.1:7288]
06:32:52.977 [Forwarding isElementDisplayed on session 826b9d386e497b58adbaab294e26ef5b to remote] DEBUG org.asynchttpclient.netty.request.NettyRequestSender - Using pooled Channel '[id: 0x1eccbce9, L:/127.0.0.1:62396 - R:localhost/127.0.0.1:7288]' for 'POST' to 'http://localhost:7288/session/826b9d386e497b58adbaab294e26ef5b/execute/sync'
06:32:52.977 [Forwarding isElementDisplayed on session 826b9d386e497b58adbaab294e26ef5b to remote] DEBUG org.asynchttpclient.netty.request.NettyRequestSender - Using open Channel [id: 0x1eccbce9, L:/127.0.0.1:62396 - R:localhost/127.0.0.1:7288] for POST '/session/826b9d386e497b58adbaab294e26ef5b/execute/sync'
06:32:52.993 [AsyncHttpClient-1-14] DEBUG org.asynchttpclient.netty.handler.HttpHandler - 

Request DefaultHttpRequest(decodeResult: success, version: HTTP/1.1)
POST /session/826b9d386e497b58adbaab294e26ef5b/execute/sync HTTP/1.1
User-Agent: selenium/4.8.1 (java windows)
Content-Length: 48807
Content-Type: application/json; charset=utf-8
host: localhost:7288
accept: */*

Response DefaultHttpResponse(decodeResult: success, version: HTTP/1.1)
HTTP/1.1 200 OK
Content-Length: 14
Content-Type: application/json; charset=utf-8
cache-control: no-cache

06:32:52.993 [AsyncHttpClient-1-14] DEBUG org.asynchttpclient.netty.channel.ChannelManager - Adding key: http://localhost:7288 for channel [id: 0x1eccbce9, L:/127.0.0.1:62396 - R:localhost/127.0.0.1:7288]
06:32:52.996 [main] DEBUG net.thucydides.core.steps.StepInterceptor - STEP DONE: userGoesToTheSuccessfulTransactionPage
  &amp#27;[32mThen &amp#27;[0m&amp#27;[32muser goes to the successful transaction page&amp#27;[0m                &amp#27;[90m# starter.stepdefinitions.UserSteps.userGoesToTheSuccessfulTransactionPage()&amp#27;[0m
06:32:53.002 [main] INFO  - 
  _____   ___   ___   _____     ___     _     ___   ___   ___   ___  
 |_   _| | __| / __| |_   _|   | _ \   /_\   / __| / __| | __| |   \ 
   | |   | _|  \__ \   | |     |  _/  / _ \  \__ \ \__ \ | _|  | |) |
   |_|   |___| |___/   |_|     |_|   /_/ \_\ |___/ |___/ |___| |___/ 

as a user I want to pay for a product in a shopping cart
----------------------------------------------------------------------
06:32:53.005 [AsyncHttpClient-1-16] DEBUG org.asynchttpclient.netty.handler.WebSocketHandler - Channel Closed: [id: 0x6783b1db, L:/127.0.0.1:62404 ! R:localhost/127.0.0.1:62397] with attribute NettyResponseFuture{currentRetry=0,
	isDone=1,
	isCancelled=0,
	asyncHandler=org.asynchttpclient.ws.WebSocketUpgradeHandler@4bbf3800,
	nettyRequest=org.asynchttpclient.netty.request.NettyRequest@ebdbf13,
	future=java.util.concurrent.CompletableFuture@759ab167[Completed normally],
	uri=ws://localhost:62397/devtools/browser/3e122b29-3fe8-483c-9f1a-35204a100e7f,
	keepAlive=true,
	redirectCount=0,
	timeoutsHolder=null,
	inAuth=0,
	touch=1683588757121}
06:32:53.005 [AsyncHttpClient-1-16] DEBUG org.asynchttpclient.netty.channel.ChannelManager - Closing Channel [id: 0x6783b1db, L:/127.0.0.1:62404 ! R:localhost/127.0.0.1:62397] 
06:32:53.005 [Driver Command Executor] DEBUG org.asynchttpclient.netty.request.NettyRequestSender - Using pooled Channel '[id: 0x1eccbce9, L:/127.0.0.1:62396 - R:localhost/127.0.0.1:7288]' for 'DELETE' to 'http://localhost:7288/session/826b9d386e497b58adbaab294e26ef5b'
06:32:53.005 [Driver Command Executor] DEBUG org.asynchttpclient.netty.request.NettyRequestSender - Using open Channel [id: 0x1eccbce9, L:/127.0.0.1:62396 - R:localhost/127.0.0.1:7288] for DELETE '/session/826b9d386e497b58adbaab294e26ef5b'
06:32:53.064 [AsyncHttpClient-1-15] DEBUG org.asynchttpclient.netty.handler.HttpHandler - Unexpected I/O exception on channel [id: 0x995d2879, L:/127.0.0.1:62403 - R:localhost/127.0.0.1:62397]
java.net.SocketException: Connection reset
	at java.base/sun.nio.ch.SocketChannelImpl.throwConnectionReset(SocketChannelImpl.java:345)
	at java.base/sun.nio.ch.SocketChannelImpl.read(SocketChannelImpl.java:376)
	at io.netty.buffer.PooledByteBuf.setBytes(PooledByteBuf.java:259)
	at io.netty.buffer.AbstractByteBuf.writeBytes(AbstractByteBuf.java:1132)
	at io.netty.channel.socket.nio.NioSocketChannel.doReadBytes(NioSocketChannel.java:357)
	at io.netty.channel.nio.AbstractNioByteChannel$NioByteUnsafe.read(AbstractNioByteChannel.java:151)
	at io.netty.channel.nio.NioEventLoop.processSelectedKey(NioEventLoop.java:788)
	at io.netty.channel.nio.NioEventLoop.processSelectedKeysOptimized(NioEventLoop.java:724)
	at io.netty.channel.nio.NioEventLoop.processSelectedKeys(NioEventLoop.java:650)
	at io.netty.channel.nio.NioEventLoop.run(NioEventLoop.java:562)
	at io.netty.util.concurrent.SingleThreadEventExecutor$4.run(SingleThreadEventExecutor.java:997)
	at io.netty.util.internal.ThreadExecutorMap$2.run(ThreadExecutorMap.java:74)
	at io.netty.util.concurrent.FastThreadLocalRunnable.run(FastThreadLocalRunnable.java:30)
	at java.base/java.lang.Thread.run(Thread.java:832)
06:32:53.064 [AsyncHttpClient-1-15] DEBUG org.asynchttpclient.netty.channel.ChannelManager - Closing Channel [id: 0x995d2879, L:/127.0.0.1:62403 - R:localhost/127.0.0.1:62397] 
06:32:53.064 [AsyncHttpClient-1-15] DEBUG org.asynchttpclient.netty.handler.HttpHandler - Channel Closed: [id: 0x995d2879, L:/127.0.0.1:62403 ! R:localhost/127.0.0.1:62397] with attribute DISCARD
06:32:53.091 [AsyncHttpClient-1-14] DEBUG org.asynchttpclient.netty.handler.HttpHandler - 

Request DefaultFullHttpRequest(decodeResult: success, version: HTTP/1.1, content: EmptyByteBufBE)
DELETE /session/826b9d386e497b58adbaab294e26ef5b HTTP/1.1
User-Agent: selenium/4.8.1 (java windows)
Content-Type: application/json; charset=utf-8
host: localhost:7288
accept: */*

Response DefaultHttpResponse(decodeResult: success, version: HTTP/1.1)
HTTP/1.1 200 OK
Content-Length: 14
Content-Type: application/json; charset=utf-8
cache-control: no-cache

06:32:53.091 [AsyncHttpClient-1-14] DEBUG org.asynchttpclient.netty.channel.ChannelManager - Adding key: http://localhost:7288 for channel [id: 0x1eccbce9, L:/127.0.0.1:62396 - R:localhost/127.0.0.1:7288]
06:32:53.558 [AsyncHttpClient-1-1] DEBUG org.asynchttpclient.netty.channel.DefaultChannelPool - Entry count for : http://localhost:62397 : 1
06:32:53.558 [AsyncHttpClient-1-1] DEBUG org.asynchttpclient.netty.channel.DefaultChannelPool - Entry count for : http://localhost:7288 : 1
06:32:53.558 [AsyncHttpClient-1-1] DEBUG org.asynchttpclient.netty.channel.DefaultChannelPool - Adding Candidate expired Channel [id: 0x995d2879, L:/127.0.0.1:62403 ! R:localhost/127.0.0.1:62397] isIdleTimeoutExpired=false isRemotelyClosed=true isTtlExpired=false
06:32:53.558 [AsyncHttpClient-1-1] DEBUG org.asynchttpclient.netty.channel.DefaultChannelPool - Closing Idle Channel [id: 0x995d2879, L:/127.0.0.1:62403 ! R:localhost/127.0.0.1:62397]
06:32:53.558 [AsyncHttpClient-1-1] DEBUG org.asynchttpclient.netty.channel.DefaultChannelPool - Closed 1 connections out of 2 in 0 ms
06:32:53.716 [AsyncHttpClient-1-14] DEBUG org.asynchttpclient.netty.handler.HttpHandler - Channel Closed: [id: 0x1eccbce9, L:/127.0.0.1:62396 ! R:localhost/127.0.0.1:7288] with attribute DISCARD
]]></system-out>
    <system-err><![CDATA[Starting ChromeDriver 112.0.5615.49 (bd2a7bcb881c11e8cfe3078709382934e3916914-refs/branch-heads/5615@{#936}) on port 7288
Only local connections are allowed.
Please see https://chromedriver.chromium.org/security-considerations for suggestions on keeping ChromeDriver safe.
ChromeDriver was started successfully.
May 09, 2023 6:32:37 AM org.openqa.selenium.devtools.CdpVersionFinder findNearestMatch
WARNING: Unable to find an exact match for CDP version 112, so returning the closest version found: 110
]]></system-err>
  </testcase>
  <testcase name="as a user I want to select the category" classname="As a user" time="15.879">
    <system-out><![CDATA[
@TC-0010
Scenario: as a user I want to select the category &amp#27;[90m# src/test/resources/features/user.feature:71&amp#27;[0m
06:32:54.266 [main] DEBUG io.cucumber.core.plugin.SerenityReporter - Running feature from file:///C:/Users/Lenovo/IdeaProjects/MiniProject/MiniProjectWeb/src/test/resources/features/user.feature
06:32:54.274 [main] INFO  - 
  _____   ___   ___   _____     ___   _____     _     ___   _____   ___   ___  
 |_   _| | __| / __| |_   _|   / __| |_   _|   /_\   | _ \ |_   _| | __| |   \ 
   | |   | _|  \__ \   | |     \__ \   | |    / _ \  |   /   | |   | _|  | |) |
   |_|   |___| |___/   |_|     |___/   |_|   /_/ \_\ |_|_\   |_|   |___| |___/ 

as a user I want to select the category(as-a-user;as-a-user-i-want-to-select-the-category)
--------------------------------------------------------------------------------
06:32:54.396 [main] DEBUG net.thucydides.core.steps.StepInterceptor - STARTING STEP: UserSteps.userOnMainPage - userOnMainPage
06:32:54.527 [main] INFO net.serenitybdd.core.webdriver.driverproviders.ChromeDriverProvider - Starting Chrome driver instance with capabilities:
06:32:54.528 [main] INFO net.serenitybdd.core.webdriver.driverproviders.ChromeDriverProvider - Capabilities {acceptInsecureCerts: true, browserName: chrome, goog:chromeOptions: {args: [remote-allow-origins=*, test-type, no-sandbox, ignore-certificate-errors, start-maximized, incognito, disable-infobars, disable-gpu, disable-default-apps, disable-popup-blocking, remote-allow-origins=*, test-type, no-sandbox, ignore-certificate-errors, start-maximized, incognito, disable-infobars, disable-gpu, disable-default-apps, disable-popup-blocking, remote-allow-origins=*], extensions: []}}
06:32:54.664 [AsyncHttpClient-1-1] DEBUG org.asynchttpclient.netty.channel.DefaultChannelPool - Entry count for : http://localhost:7288 : 1
06:32:54.664 [AsyncHttpClient-1-1] DEBUG org.asynchttpclient.netty.channel.DefaultChannelPool - Adding Candidate expired Channel [id: 0x1eccbce9, L:/127.0.0.1:62396 ! R:localhost/127.0.0.1:7288] isIdleTimeoutExpired=false isRemotelyClosed=true isTtlExpired=false
06:32:54.664 [AsyncHttpClient-1-1] DEBUG org.asynchttpclient.netty.channel.DefaultChannelPool - Closing Idle Channel [id: 0x1eccbce9, L:/127.0.0.1:62396 ! R:localhost/127.0.0.1:7288]
06:32:54.664 [AsyncHttpClient-1-1] DEBUG org.asynchttpclient.netty.channel.DefaultChannelPool - Closed 1 connections out of 1 in 0 ms
06:32:55.169 [AsyncHttpClient-1-17] DEBUG org.asynchttpclient.netty.channel.NettyConnectListener - Using new Channel '[id: 0xd37a2fb0, L:/127.0.0.1:62421 - R:localhost/127.0.0.1:20683]' for 'POST' to '/session'
06:32:56.171 [AsyncHttpClient-1-17] DEBUG org.asynchttpclient.netty.handler.HttpHandler - 

Request DefaultHttpRequest(decodeResult: success, version: HTTP/1.1)
POST /session HTTP/1.1
User-Agent: selenium/4.8.1 (java windows)
Content-Length: 1701
Content-Type: application/json; charset=utf-8
host: localhost:20683
accept: */*

Response DefaultHttpResponse(decodeResult: success, version: HTTP/1.1)
HTTP/1.1 200 OK
Content-Length: 860
Content-Type: application/json; charset=utf-8
cache-control: no-cache

06:32:56.172 [AsyncHttpClient-1-17] DEBUG org.asynchttpclient.netty.channel.ChannelManager - Adding key: http://localhost:20683 for channel [id: 0xd37a2fb0, L:/127.0.0.1:62421 - R:localhost/127.0.0.1:20683]
06:32:56.183 [AsyncHttpClient-1-2] DEBUG org.asynchttpclient.netty.channel.NettyConnectListener - Using new Channel '[id: 0x36edf3b8, L:/127.0.0.1:62428 - R:localhost/127.0.0.1:62422]' for 'GET' to '/json/version'
06:32:56.186 [AsyncHttpClient-1-2] DEBUG org.asynchttpclient.netty.handler.HttpHandler - 

Request DefaultFullHttpRequest(decodeResult: success, version: HTTP/1.1, content: EmptyByteBufBE)
GET /json/version HTTP/1.1
User-Agent: selenium/4.8.1 (java windows)
host: localhost:62422
accept: */*

Response DefaultHttpResponse(decodeResult: success, version: HTTP/1.1)
HTTP/1.1 200 OK
Content-Security-Policy: frame-ancestors 'none'
Content-Length: 424
Content-Type: application/json; charset=UTF-8

06:32:56.186 [AsyncHttpClient-1-2] DEBUG org.asynchttpclient.netty.channel.ChannelManager - Adding key: http://localhost:62422 for channel [id: 0x36edf3b8, L:/127.0.0.1:62428 - R:localhost/127.0.0.1:62422]
06:32:56.191 [AsyncHttpClient-1-3] DEBUG org.asynchttpclient.netty.channel.NettyConnectListener - Using new Channel '[id: 0x8d973826, L:/127.0.0.1:62429 - R:localhost/127.0.0.1:62422]' for 'GET' to '/devtools/browser/e40ac828-58ec-45b0-b343-3ad1f69a890f'
06:32:56.193 [AsyncHttpClient-1-3] DEBUG org.asynchttpclient.netty.handler.WebSocketHandler - 

Request DefaultFullHttpRequest(decodeResult: success, version: HTTP/1.1, content: EmptyByteBufBE)
GET /devtools/browser/e40ac828-58ec-45b0-b343-3ad1f69a890f HTTP/1.1
upgrade: websocket
connection: upgrade
sec-websocket-key: ySk9dOnOUro27utoLlTHkw==
sec-websocket-version: 13
origin: http://localhost:62422
host: localhost:62422
accept: */*
user-agent: AHC/2.1

Response DefaultHttpResponse(decodeResult: success, version: HTTP/1.1)
HTTP/1.1 101 WebSocket Protocol Handshake
Upgrade: WebSocket
Connection: Upgrade
Sec-WebSocket-Accept: KI2XW+2nOT9rv8njLr7jp5yBF30=

06:32:56.203 [Forwarding get on session 6f5b4c9bd0ddad3439c84046dc8b08b2 to remote] DEBUG org.asynchttpclient.netty.request.NettyRequestSender - Using pooled Channel '[id: 0xd37a2fb0, L:/127.0.0.1:62421 - R:localhost/127.0.0.1:20683]' for 'POST' to 'http://localhost:20683/session/6f5b4c9bd0ddad3439c84046dc8b08b2/url'
06:32:56.203 [Forwarding get on session 6f5b4c9bd0ddad3439c84046dc8b08b2 to remote] DEBUG org.asynchttpclient.netty.request.NettyRequestSender - Using open Channel [id: 0xd37a2fb0, L:/127.0.0.1:62421 - R:localhost/127.0.0.1:20683] for POST '/session/6f5b4c9bd0ddad3439c84046dc8b08b2/url'
06:32:56.868 [AsyncHttpClient-1-1] DEBUG org.asynchttpclient.netty.channel.DefaultChannelPool - Entry count for : http://localhost:62422 : 1
06:32:57.487 [AsyncHttpClient-1-17] DEBUG org.asynchttpclient.netty.handler.HttpHandler - 

Request DefaultHttpRequest(decodeResult: success, version: HTTP/1.1)
POST /session/6f5b4c9bd0ddad3439c84046dc8b08b2/url HTTP/1.1
User-Agent: selenium/4.8.1 (java windows)
Content-Length: 59
Content-Type: application/json; charset=utf-8
host: localhost:20683
accept: */*

Response DefaultHttpResponse(decodeResult: success, version: HTTP/1.1)
HTTP/1.1 200 OK
Content-Length: 14
Content-Type: application/json; charset=utf-8
cache-control: no-cache

06:32:57.487 [AsyncHttpClient-1-17] DEBUG org.asynchttpclient.netty.channel.ChannelManager - Adding key: http://localhost:20683 for channel [id: 0xd37a2fb0, L:/127.0.0.1:62421 - R:localhost/127.0.0.1:20683]
06:32:57.492 [Forwarding setTimeout on session 6f5b4c9bd0ddad3439c84046dc8b08b2 to remote] DEBUG org.asynchttpclient.netty.request.NettyRequestSender - Using pooled Channel '[id: 0xd37a2fb0, L:/127.0.0.1:62421 - R:localhost/127.0.0.1:20683]' for 'POST' to 'http://localhost:20683/session/6f5b4c9bd0ddad3439c84046dc8b08b2/timeouts'
06:32:57.492 [Forwarding setTimeout on session 6f5b4c9bd0ddad3439c84046dc8b08b2 to remote] DEBUG org.asynchttpclient.netty.request.NettyRequestSender - Using open Channel [id: 0xd37a2fb0, L:/127.0.0.1:62421 - R:localhost/127.0.0.1:20683] for POST '/session/6f5b4c9bd0ddad3439c84046dc8b08b2/timeouts'
06:32:57.495 [AsyncHttpClient-1-17] DEBUG org.asynchttpclient.netty.handler.HttpHandler - 

Request DefaultHttpRequest(decodeResult: success, version: HTTP/1.1)
POST /session/6f5b4c9bd0ddad3439c84046dc8b08b2/timeouts HTTP/1.1
User-Agent: selenium/4.8.1 (java windows)
Content-Length: 22
Content-Type: application/json; charset=utf-8
host: localhost:20683
accept: */*

Response DefaultHttpResponse(decodeResult: success, version: HTTP/1.1)
HTTP/1.1 200 OK
Content-Length: 14
Content-Type: application/json; charset=utf-8
cache-control: no-cache

06:32:57.495 [AsyncHttpClient-1-17] DEBUG org.asynchttpclient.netty.channel.ChannelManager - Adding key: http://localhost:20683 for channel [id: 0xd37a2fb0, L:/127.0.0.1:62421 - R:localhost/127.0.0.1:20683]
06:32:57.509 [Forwarding findElement on session 6f5b4c9bd0ddad3439c84046dc8b08b2 to remote] DEBUG org.asynchttpclient.netty.request.NettyRequestSender - Using pooled Channel '[id: 0xd37a2fb0, L:/127.0.0.1:62421 - R:localhost/127.0.0.1:20683]' for 'POST' to 'http://localhost:20683/session/6f5b4c9bd0ddad3439c84046dc8b08b2/element'
06:32:57.510 [Forwarding findElement on session 6f5b4c9bd0ddad3439c84046dc8b08b2 to remote] DEBUG org.asynchttpclient.netty.request.NettyRequestSender - Using open Channel [id: 0xd37a2fb0, L:/127.0.0.1:62421 - R:localhost/127.0.0.1:20683] for POST '/session/6f5b4c9bd0ddad3439c84046dc8b08b2/element'
06:32:57.547 [AsyncHttpClient-1-17] DEBUG org.asynchttpclient.netty.handler.HttpHandler - 

Request DefaultHttpRequest(decodeResult: success, version: HTTP/1.1)
POST /session/6f5b4c9bd0ddad3439c84046dc8b08b2/element HTTP/1.1
User-Agent: selenium/4.8.1 (java windows)
Content-Length: 70
Content-Type: application/json; charset=utf-8
host: localhost:20683
accept: */*

Response DefaultHttpResponse(decodeResult: success, version: HTTP/1.1)
HTTP/1.1 200 OK
Content-Length: 88
Content-Type: application/json; charset=utf-8
cache-control: no-cache

06:32:57.548 [AsyncHttpClient-1-17] DEBUG org.asynchttpclient.netty.channel.ChannelManager - Adding key: http://localhost:20683 for channel [id: 0xd37a2fb0, L:/127.0.0.1:62421 - R:localhost/127.0.0.1:20683]
06:32:57.558 [Forwarding isElementDisplayed on session 6f5b4c9bd0ddad3439c84046dc8b08b2 to remote] DEBUG org.asynchttpclient.netty.request.NettyRequestSender - Using pooled Channel '[id: 0xd37a2fb0, L:/127.0.0.1:62421 - R:localhost/127.0.0.1:20683]' for 'POST' to 'http://localhost:20683/session/6f5b4c9bd0ddad3439c84046dc8b08b2/execute/sync'
06:32:57.558 [Forwarding isElementDisplayed on session 6f5b4c9bd0ddad3439c84046dc8b08b2 to remote] DEBUG org.asynchttpclient.netty.request.NettyRequestSender - Using open Channel [id: 0xd37a2fb0, L:/127.0.0.1:62421 - R:localhost/127.0.0.1:20683] for POST '/session/6f5b4c9bd0ddad3439c84046dc8b08b2/execute/sync'
06:32:57.606 [AsyncHttpClient-1-17] DEBUG org.asynchttpclient.netty.handler.HttpHandler - 

Request DefaultHttpRequest(decodeResult: success, version: HTTP/1.1)
POST /session/6f5b4c9bd0ddad3439c84046dc8b08b2/execute/sync HTTP/1.1
User-Agent: selenium/4.8.1 (java windows)
Content-Length: 48807
Content-Type: application/json; charset=utf-8
host: localhost:20683
accept: */*

Response DefaultHttpResponse(decodeResult: success, version: HTTP/1.1)
HTTP/1.1 200 OK
Content-Length: 14
Content-Type: application/json; charset=utf-8
cache-control: no-cache

06:32:57.606 [AsyncHttpClient-1-17] DEBUG org.asynchttpclient.netty.channel.ChannelManager - Adding key: http://localhost:20683 for channel [id: 0xd37a2fb0, L:/127.0.0.1:62421 - R:localhost/127.0.0.1:20683]
06:32:57.614 [Forwarding isElementDisplayed on session 6f5b4c9bd0ddad3439c84046dc8b08b2 to remote] DEBUG org.asynchttpclient.netty.request.NettyRequestSender - Using pooled Channel '[id: 0xd37a2fb0, L:/127.0.0.1:62421 - R:localhost/127.0.0.1:20683]' for 'POST' to 'http://localhost:20683/session/6f5b4c9bd0ddad3439c84046dc8b08b2/execute/sync'
06:32:57.614 [Forwarding isElementDisplayed on session 6f5b4c9bd0ddad3439c84046dc8b08b2 to remote] DEBUG org.asynchttpclient.netty.request.NettyRequestSender - Using open Channel [id: 0xd37a2fb0, L:/127.0.0.1:62421 - R:localhost/127.0.0.1:20683] for POST '/session/6f5b4c9bd0ddad3439c84046dc8b08b2/execute/sync'
06:32:57.963 [AsyncHttpClient-1-1] DEBUG org.asynchttpclient.netty.channel.DefaultChannelPool - Entry count for : http://localhost:62422 : 1
06:32:59.061 [AsyncHttpClient-1-1] DEBUG org.asynchttpclient.netty.channel.DefaultChannelPool - Entry count for : http://localhost:62422 : 1
06:33:00.158 [AsyncHttpClient-1-1] DEBUG org.asynchttpclient.netty.channel.DefaultChannelPool - Entry count for : http://localhost:62422 : 1
06:33:01.261 [AsyncHttpClient-1-1] DEBUG org.asynchttpclient.netty.channel.DefaultChannelPool - Entry count for : http://localhost:62422 : 1
06:33:02.106 [AsyncHttpClient-1-17] DEBUG org.asynchttpclient.netty.handler.HttpHandler - 

Request DefaultHttpRequest(decodeResult: success, version: HTTP/1.1)
POST /session/6f5b4c9bd0ddad3439c84046dc8b08b2/execute/sync HTTP/1.1
User-Agent: selenium/4.8.1 (java windows)
Content-Length: 48807
Content-Type: application/json; charset=utf-8
host: localhost:20683
accept: */*

Response DefaultHttpResponse(decodeResult: success, version: HTTP/1.1)
HTTP/1.1 200 OK
Content-Length: 14
Content-Type: application/json; charset=utf-8
cache-control: no-cache

06:33:02.106 [AsyncHttpClient-1-17] DEBUG org.asynchttpclient.netty.channel.ChannelManager - Adding key: http://localhost:20683 for channel [id: 0xd37a2fb0, L:/127.0.0.1:62421 - R:localhost/127.0.0.1:20683]
06:33:02.111 [main] DEBUG net.thucydides.core.steps.StepInterceptor - STEP DONE: userOnMainPage
  &amp#27;[32mGiven &amp#27;[0m&amp#27;[32muser on main page&amp#27;[0m                         &amp#27;[90m# starter.stepdefinitions.UserSteps.userOnMainPage()&amp#27;[0m
06:33:02.125 [main] DEBUG net.thucydides.core.steps.StepInterceptor - STARTING STEP: UserSteps.userClickOnLoginButton - userClickOnLoginButton
06:33:02.130 [Forwarding findElement on session 6f5b4c9bd0ddad3439c84046dc8b08b2 to remote] DEBUG org.asynchttpclient.netty.request.NettyRequestSender - Using pooled Channel '[id: 0xd37a2fb0, L:/127.0.0.1:62421 - R:localhost/127.0.0.1:20683]' for 'POST' to 'http://localhost:20683/session/6f5b4c9bd0ddad3439c84046dc8b08b2/element'
06:33:02.130 [Forwarding findElement on session 6f5b4c9bd0ddad3439c84046dc8b08b2 to remote] DEBUG org.asynchttpclient.netty.request.NettyRequestSender - Using open Channel [id: 0xd37a2fb0, L:/127.0.0.1:62421 - R:localhost/127.0.0.1:20683] for POST '/session/6f5b4c9bd0ddad3439c84046dc8b08b2/element'
06:33:02.158 [AsyncHttpClient-1-17] DEBUG org.asynchttpclient.netty.handler.HttpHandler - 

Request DefaultHttpRequest(decodeResult: success, version: HTTP/1.1)
POST /session/6f5b4c9bd0ddad3439c84046dc8b08b2/element HTTP/1.1
User-Agent: selenium/4.8.1 (java windows)
Content-Length: 106
Content-Type: application/json; charset=utf-8
host: localhost:20683
accept: */*

Response DefaultHttpResponse(decodeResult: success, version: HTTP/1.1)
HTTP/1.1 200 OK
Content-Length: 88
Content-Type: application/json; charset=utf-8
cache-control: no-cache

06:33:02.159 [AsyncHttpClient-1-17] DEBUG org.asynchttpclient.netty.channel.ChannelManager - Adding key: http://localhost:20683 for channel [id: 0xd37a2fb0, L:/127.0.0.1:62421 - R:localhost/127.0.0.1:20683]
06:33:02.161 [Forwarding getElementTagName on session 6f5b4c9bd0ddad3439c84046dc8b08b2 to remote] DEBUG org.asynchttpclient.netty.request.NettyRequestSender - Using pooled Channel '[id: 0xd37a2fb0, L:/127.0.0.1:62421 - R:localhost/127.0.0.1:20683]' for 'GET' to 'http://localhost:20683/session/6f5b4c9bd0ddad3439c84046dc8b08b2/element/a2cab474-0eaa-47bf-af0d-2e43d208870c/name'
06:33:02.161 [Forwarding getElementTagName on session 6f5b4c9bd0ddad3439c84046dc8b08b2 to remote] DEBUG org.asynchttpclient.netty.request.NettyRequestSender - Using open Channel [id: 0xd37a2fb0, L:/127.0.0.1:62421 - R:localhost/127.0.0.1:20683] for GET '/session/6f5b4c9bd0ddad3439c84046dc8b08b2/element/a2cab474-0eaa-47bf-af0d-2e43d208870c/name'
06:33:02.171 [AsyncHttpClient-1-17] DEBUG org.asynchttpclient.netty.handler.HttpHandler - 

Request DefaultFullHttpRequest(decodeResult: success, version: HTTP/1.1, content: EmptyByteBufBE)
GET /session/6f5b4c9bd0ddad3439c84046dc8b08b2/element/a2cab474-0eaa-47bf-af0d-2e43d208870c/name HTTP/1.1
User-Agent: selenium/4.8.1 (java windows)
Cache-Control: no-cache
Content-Type: application/json; charset=utf-8
host: localhost:20683
accept: */*

Response DefaultHttpResponse(decodeResult: success, version: HTTP/1.1)
HTTP/1.1 200 OK
Content-Length: 13
Content-Type: application/json; charset=utf-8
cache-control: no-cache

06:33:02.171 [AsyncHttpClient-1-17] DEBUG org.asynchttpclient.netty.channel.ChannelManager - Adding key: http://localhost:20683 for channel [id: 0xd37a2fb0, L:/127.0.0.1:62421 - R:localhost/127.0.0.1:20683]
06:33:02.173 [Forwarding getElementTagName on session 6f5b4c9bd0ddad3439c84046dc8b08b2 to remote] DEBUG org.asynchttpclient.netty.request.NettyRequestSender - Using pooled Channel '[id: 0xd37a2fb0, L:/127.0.0.1:62421 - R:localhost/127.0.0.1:20683]' for 'GET' to 'http://localhost:20683/session/6f5b4c9bd0ddad3439c84046dc8b08b2/element/a2cab474-0eaa-47bf-af0d-2e43d208870c/name'
06:33:02.173 [Forwarding getElementTagName on session 6f5b4c9bd0ddad3439c84046dc8b08b2 to remote] DEBUG org.asynchttpclient.netty.request.NettyRequestSender - Using open Channel [id: 0xd37a2fb0, L:/127.0.0.1:62421 - R:localhost/127.0.0.1:20683] for GET '/session/6f5b4c9bd0ddad3439c84046dc8b08b2/element/a2cab474-0eaa-47bf-af0d-2e43d208870c/name'
06:33:02.181 [AsyncHttpClient-1-17] DEBUG org.asynchttpclient.netty.handler.HttpHandler - 

Request DefaultFullHttpRequest(decodeResult: success, version: HTTP/1.1, content: EmptyByteBufBE)
GET /session/6f5b4c9bd0ddad3439c84046dc8b08b2/element/a2cab474-0eaa-47bf-af0d-2e43d208870c/name HTTP/1.1
User-Agent: selenium/4.8.1 (java windows)
Cache-Control: no-cache
Content-Type: application/json; charset=utf-8
host: localhost:20683
accept: */*

Response DefaultHttpResponse(decodeResult: success, version: HTTP/1.1)
HTTP/1.1 200 OK
Content-Length: 13
Content-Type: application/json; charset=utf-8
cache-control: no-cache

06:33:02.182 [AsyncHttpClient-1-17] DEBUG org.asynchttpclient.netty.channel.ChannelManager - Adding key: http://localhost:20683 for channel [id: 0xd37a2fb0, L:/127.0.0.1:62421 - R:localhost/127.0.0.1:20683]
06:33:02.185 [Forwarding findElement on session 6f5b4c9bd0ddad3439c84046dc8b08b2 to remote] DEBUG org.asynchttpclient.netty.request.NettyRequestSender - Using pooled Channel '[id: 0xd37a2fb0, L:/127.0.0.1:62421 - R:localhost/127.0.0.1:20683]' for 'POST' to 'http://localhost:20683/session/6f5b4c9bd0ddad3439c84046dc8b08b2/element'
06:33:02.185 [Forwarding findElement on session 6f5b4c9bd0ddad3439c84046dc8b08b2 to remote] DEBUG org.asynchttpclient.netty.request.NettyRequestSender - Using open Channel [id: 0xd37a2fb0, L:/127.0.0.1:62421 - R:localhost/127.0.0.1:20683] for POST '/session/6f5b4c9bd0ddad3439c84046dc8b08b2/element'
06:33:02.209 [AsyncHttpClient-1-17] DEBUG org.asynchttpclient.netty.handler.HttpHandler - 

Request DefaultHttpRequest(decodeResult: success, version: HTTP/1.1)
POST /session/6f5b4c9bd0ddad3439c84046dc8b08b2/element HTTP/1.1
User-Agent: selenium/4.8.1 (java windows)
Content-Length: 106
Content-Type: application/json; charset=utf-8
host: localhost:20683
accept: */*

Response DefaultHttpResponse(decodeResult: success, version: HTTP/1.1)
HTTP/1.1 200 OK
Content-Length: 88
Content-Type: application/json; charset=utf-8
cache-control: no-cache

06:33:02.209 [AsyncHttpClient-1-17] DEBUG org.asynchttpclient.netty.channel.ChannelManager - Adding key: http://localhost:20683 for channel [id: 0xd37a2fb0, L:/127.0.0.1:62421 - R:localhost/127.0.0.1:20683]
06:33:02.211 [Forwarding clickElement on session 6f5b4c9bd0ddad3439c84046dc8b08b2 to remote] DEBUG org.asynchttpclient.netty.request.NettyRequestSender - Using pooled Channel '[id: 0xd37a2fb0, L:/127.0.0.1:62421 - R:localhost/127.0.0.1:20683]' for 'POST' to 'http://localhost:20683/session/6f5b4c9bd0ddad3439c84046dc8b08b2/element/a2cab474-0eaa-47bf-af0d-2e43d208870c/click'
06:33:02.212 [Forwarding clickElement on session 6f5b4c9bd0ddad3439c84046dc8b08b2 to remote] DEBUG org.asynchttpclient.netty.request.NettyRequestSender - Using open Channel [id: 0xd37a2fb0, L:/127.0.0.1:62421 - R:localhost/127.0.0.1:20683] for POST '/session/6f5b4c9bd0ddad3439c84046dc8b08b2/element/a2cab474-0eaa-47bf-af0d-2e43d208870c/click'
06:33:02.358 [AsyncHttpClient-1-1] DEBUG org.asynchttpclient.netty.channel.DefaultChannelPool - Entry count for : http://localhost:62422 : 1
06:33:02.364 [AsyncHttpClient-1-17] DEBUG org.asynchttpclient.netty.handler.HttpHandler - 

Request DefaultHttpRequest(decodeResult: success, version: HTTP/1.1)
POST /session/6f5b4c9bd0ddad3439c84046dc8b08b2/element/a2cab474-0eaa-47bf-af0d-2e43d208870c/click HTTP/1.1
User-Agent: selenium/4.8.1 (java windows)
Content-Length: 50
Content-Type: application/json; charset=utf-8
host: localhost:20683
accept: */*

Response DefaultHttpResponse(decodeResult: success, version: HTTP/1.1)
HTTP/1.1 200 OK
Content-Length: 14
Content-Type: application/json; charset=utf-8
cache-control: no-cache

06:33:02.365 [AsyncHttpClient-1-17] DEBUG org.asynchttpclient.netty.channel.ChannelManager - Adding key: http://localhost:20683 for channel [id: 0xd37a2fb0, L:/127.0.0.1:62421 - R:localhost/127.0.0.1:20683]
06:33:02.375 [main] DEBUG net.thucydides.core.steps.StepInterceptor - STEP DONE: userClickOnLoginButton
  &amp#27;[32mWhen &amp#27;[0m&amp#27;[32muser click on login button&amp#27;[0m                 &amp#27;[90m# starter.stepdefinitions.UserSteps.userClickOnLoginButton()&amp#27;[0m
06:33:02.410 [main] DEBUG net.thucydides.core.steps.StepInterceptor - STARTING STEP: UserSteps.userOnLoginPage - userOnLoginPage
06:33:02.420 [Forwarding findElement on session 6f5b4c9bd0ddad3439c84046dc8b08b2 to remote] DEBUG org.asynchttpclient.netty.request.NettyRequestSender - Using pooled Channel '[id: 0xd37a2fb0, L:/127.0.0.1:62421 - R:localhost/127.0.0.1:20683]' for 'POST' to 'http://localhost:20683/session/6f5b4c9bd0ddad3439c84046dc8b08b2/element'
06:33:02.420 [Forwarding findElement on session 6f5b4c9bd0ddad3439c84046dc8b08b2 to remote] DEBUG org.asynchttpclient.netty.request.NettyRequestSender - Using open Channel [id: 0xd37a2fb0, L:/127.0.0.1:62421 - R:localhost/127.0.0.1:20683] for POST '/session/6f5b4c9bd0ddad3439c84046dc8b08b2/element'
06:33:02.837 [AsyncHttpClient-1-17] DEBUG org.asynchttpclient.netty.handler.HttpHandler - 

Request DefaultHttpRequest(decodeResult: success, version: HTTP/1.1)
POST /session/6f5b4c9bd0ddad3439c84046dc8b08b2/element HTTP/1.1
User-Agent: selenium/4.8.1 (java windows)
Content-Length: 68
Content-Type: application/json; charset=utf-8
host: localhost:20683
accept: */*

Response DefaultHttpResponse(decodeResult: success, version: HTTP/1.1)
HTTP/1.1 200 OK
Content-Length: 88
Content-Type: application/json; charset=utf-8
cache-control: no-cache

06:33:02.838 [AsyncHttpClient-1-17] DEBUG org.asynchttpclient.netty.channel.ChannelManager - Adding key: http://localhost:20683 for channel [id: 0xd37a2fb0, L:/127.0.0.1:62421 - R:localhost/127.0.0.1:20683]
06:33:02.843 [Forwarding isElementDisplayed on session 6f5b4c9bd0ddad3439c84046dc8b08b2 to remote] DEBUG org.asynchttpclient.netty.request.NettyRequestSender - Using pooled Channel '[id: 0xd37a2fb0, L:/127.0.0.1:62421 - R:localhost/127.0.0.1:20683]' for 'POST' to 'http://localhost:20683/session/6f5b4c9bd0ddad3439c84046dc8b08b2/execute/sync'
06:33:02.843 [Forwarding isElementDisplayed on session 6f5b4c9bd0ddad3439c84046dc8b08b2 to remote] DEBUG org.asynchttpclient.netty.request.NettyRequestSender - Using open Channel [id: 0xd37a2fb0, L:/127.0.0.1:62421 - R:localhost/127.0.0.1:20683] for POST '/session/6f5b4c9bd0ddad3439c84046dc8b08b2/execute/sync'
06:33:02.862 [AsyncHttpClient-1-17] DEBUG org.asynchttpclient.netty.handler.HttpHandler - 

Request DefaultHttpRequest(decodeResult: success, version: HTTP/1.1)
POST /session/6f5b4c9bd0ddad3439c84046dc8b08b2/execute/sync HTTP/1.1
User-Agent: selenium/4.8.1 (java windows)
Content-Length: 48807
Content-Type: application/json; charset=utf-8
host: localhost:20683
accept: */*

Response DefaultHttpResponse(decodeResult: success, version: HTTP/1.1)
HTTP/1.1 200 OK
Content-Length: 14
Content-Type: application/json; charset=utf-8
cache-control: no-cache

06:33:02.862 [AsyncHttpClient-1-17] DEBUG org.asynchttpclient.netty.channel.ChannelManager - Adding key: http://localhost:20683 for channel [id: 0xd37a2fb0, L:/127.0.0.1:62421 - R:localhost/127.0.0.1:20683]
06:33:02.866 [Forwarding isElementDisplayed on session 6f5b4c9bd0ddad3439c84046dc8b08b2 to remote] DEBUG org.asynchttpclient.netty.request.NettyRequestSender - Using pooled Channel '[id: 0xd37a2fb0, L:/127.0.0.1:62421 - R:localhost/127.0.0.1:20683]' for 'POST' to 'http://localhost:20683/session/6f5b4c9bd0ddad3439c84046dc8b08b2/execute/sync'
06:33:02.867 [Forwarding isElementDisplayed on session 6f5b4c9bd0ddad3439c84046dc8b08b2 to remote] DEBUG org.asynchttpclient.netty.request.NettyRequestSender - Using open Channel [id: 0xd37a2fb0, L:/127.0.0.1:62421 - R:localhost/127.0.0.1:20683] for POST '/session/6f5b4c9bd0ddad3439c84046dc8b08b2/execute/sync'
06:33:02.882 [AsyncHttpClient-1-17] DEBUG org.asynchttpclient.netty.handler.HttpHandler - 

Request DefaultHttpRequest(decodeResult: success, version: HTTP/1.1)
POST /session/6f5b4c9bd0ddad3439c84046dc8b08b2/execute/sync HTTP/1.1
User-Agent: selenium/4.8.1 (java windows)
Content-Length: 48807
Content-Type: application/json; charset=utf-8
host: localhost:20683
accept: */*

Response DefaultHttpResponse(decodeResult: success, version: HTTP/1.1)
HTTP/1.1 200 OK
Content-Length: 14
Content-Type: application/json; charset=utf-8
cache-control: no-cache

06:33:02.882 [AsyncHttpClient-1-17] DEBUG org.asynchttpclient.netty.channel.ChannelManager - Adding key: http://localhost:20683 for channel [id: 0xd37a2fb0, L:/127.0.0.1:62421 - R:localhost/127.0.0.1:20683]
06:33:02.885 [main] DEBUG net.thucydides.core.steps.StepInterceptor - STEP DONE: userOnLoginPage
  &amp#27;[32mAnd &amp#27;[0m&amp#27;[32muser on login page&amp#27;[0m                          &amp#27;[90m# starter.stepdefinitions.UserSteps.userOnLoginPage()&amp#27;[0m
06:33:02.898 [main] DEBUG net.thucydides.core.steps.StepInterceptor - STARTING STEP: UserSteps.userEnterAValidEmail - userEnterAValidEmail
06:33:02.901 [Forwarding findElement on session 6f5b4c9bd0ddad3439c84046dc8b08b2 to remote] DEBUG org.asynchttpclient.netty.request.NettyRequestSender - Using pooled Channel '[id: 0xd37a2fb0, L:/127.0.0.1:62421 - R:localhost/127.0.0.1:20683]' for 'POST' to 'http://localhost:20683/session/6f5b4c9bd0ddad3439c84046dc8b08b2/element'
06:33:02.901 [Forwarding findElement on session 6f5b4c9bd0ddad3439c84046dc8b08b2 to remote] DEBUG org.asynchttpclient.netty.request.NettyRequestSender - Using open Channel [id: 0xd37a2fb0, L:/127.0.0.1:62421 - R:localhost/127.0.0.1:20683] for POST '/session/6f5b4c9bd0ddad3439c84046dc8b08b2/element'
06:33:02.924 [AsyncHttpClient-1-17] DEBUG org.asynchttpclient.netty.handler.HttpHandler - 

Request DefaultHttpRequest(decodeResult: success, version: HTTP/1.1)
POST /session/6f5b4c9bd0ddad3439c84046dc8b08b2/element HTTP/1.1
User-Agent: selenium/4.8.1 (java windows)
Content-Length: 106
Content-Type: application/json; charset=utf-8
host: localhost:20683
accept: */*

Response DefaultHttpResponse(decodeResult: success, version: HTTP/1.1)
HTTP/1.1 200 OK
Content-Length: 88
Content-Type: application/json; charset=utf-8
cache-control: no-cache

06:33:02.925 [AsyncHttpClient-1-17] DEBUG org.asynchttpclient.netty.channel.ChannelManager - Adding key: http://localhost:20683 for channel [id: 0xd37a2fb0, L:/127.0.0.1:62421 - R:localhost/127.0.0.1:20683]
06:33:02.928 [Forwarding clearElement on session 6f5b4c9bd0ddad3439c84046dc8b08b2 to remote] DEBUG org.asynchttpclient.netty.request.NettyRequestSender - Using pooled Channel '[id: 0xd37a2fb0, L:/127.0.0.1:62421 - R:localhost/127.0.0.1:20683]' for 'POST' to 'http://localhost:20683/session/6f5b4c9bd0ddad3439c84046dc8b08b2/element/1eba9db2-1c43-47f3-80fe-17b906db5dce/clear'
06:33:02.928 [Forwarding clearElement on session 6f5b4c9bd0ddad3439c84046dc8b08b2 to remote] DEBUG org.asynchttpclient.netty.request.NettyRequestSender - Using open Channel [id: 0xd37a2fb0, L:/127.0.0.1:62421 - R:localhost/127.0.0.1:20683] for POST '/session/6f5b4c9bd0ddad3439c84046dc8b08b2/element/1eba9db2-1c43-47f3-80fe-17b906db5dce/clear'
06:33:03.034 [AsyncHttpClient-1-17] DEBUG org.asynchttpclient.netty.handler.HttpHandler - 

Request DefaultHttpRequest(decodeResult: success, version: HTTP/1.1)
POST /session/6f5b4c9bd0ddad3439c84046dc8b08b2/element/1eba9db2-1c43-47f3-80fe-17b906db5dce/clear HTTP/1.1
User-Agent: selenium/4.8.1 (java windows)
Content-Length: 50
Content-Type: application/json; charset=utf-8
host: localhost:20683
accept: */*

Response DefaultHttpResponse(decodeResult: success, version: HTTP/1.1)
HTTP/1.1 200 OK
Content-Length: 14
Content-Type: application/json; charset=utf-8
cache-control: no-cache

06:33:03.034 [AsyncHttpClient-1-17] DEBUG org.asynchttpclient.netty.channel.ChannelManager - Adding key: http://localhost:20683 for channel [id: 0xd37a2fb0, L:/127.0.0.1:62421 - R:localhost/127.0.0.1:20683]
06:33:03.038 [Forwarding sendKeysToElement on session 6f5b4c9bd0ddad3439c84046dc8b08b2 to remote] DEBUG org.asynchttpclient.netty.request.NettyRequestSender - Using pooled Channel '[id: 0xd37a2fb0, L:/127.0.0.1:62421 - R:localhost/127.0.0.1:20683]' for 'POST' to 'http://localhost:20683/session/6f5b4c9bd0ddad3439c84046dc8b08b2/element/1eba9db2-1c43-47f3-80fe-17b906db5dce/value'
06:33:03.039 [Forwarding sendKeysToElement on session 6f5b4c9bd0ddad3439c84046dc8b08b2 to remote] DEBUG org.asynchttpclient.netty.request.NettyRequestSender - Using open Channel [id: 0xd37a2fb0, L:/127.0.0.1:62421 - R:localhost/127.0.0.1:20683] for POST '/session/6f5b4c9bd0ddad3439c84046dc8b08b2/element/1eba9db2-1c43-47f3-80fe-17b906db5dce/value'
06:33:03.314 [AsyncHttpClient-1-17] DEBUG org.asynchttpclient.netty.handler.HttpHandler - 

Request DefaultHttpRequest(decodeResult: success, version: HTTP/1.1)
POST /session/6f5b4c9bd0ddad3439c84046dc8b08b2/element/1eba9db2-1c43-47f3-80fe-17b906db5dce/value HTTP/1.1
User-Agent: selenium/4.8.1 (java windows)
Content-Length: 241
Content-Type: application/json; charset=utf-8
host: localhost:20683
accept: */*

Response DefaultHttpResponse(decodeResult: success, version: HTTP/1.1)
HTTP/1.1 200 OK
Content-Length: 14
Content-Type: application/json; charset=utf-8
cache-control: no-cache

06:33:03.314 [AsyncHttpClient-1-17] DEBUG org.asynchttpclient.netty.channel.ChannelManager - Adding key: http://localhost:20683 for channel [id: 0xd37a2fb0, L:/127.0.0.1:62421 - R:localhost/127.0.0.1:20683]
06:33:03.323 [main] DEBUG net.thucydides.core.steps.StepInterceptor - STEP DONE: userEnterAValidEmail
  &amp#27;[32mAnd &amp#27;[0m&amp#27;[32muser enter a valid email&amp#27;[0m                    &amp#27;[90m# starter.stepdefinitions.UserSteps.userEnterAValidEmail()&amp#27;[0m
06:33:03.347 [main] DEBUG net.thucydides.core.steps.StepInterceptor - STARTING STEP: UserSteps.userEnterAValidPassword - userEnterAValidPassword
06:33:03.355 [Forwarding findElement on session 6f5b4c9bd0ddad3439c84046dc8b08b2 to remote] DEBUG org.asynchttpclient.netty.request.NettyRequestSender - Using pooled Channel '[id: 0xd37a2fb0, L:/127.0.0.1:62421 - R:localhost/127.0.0.1:20683]' for 'POST' to 'http://localhost:20683/session/6f5b4c9bd0ddad3439c84046dc8b08b2/element'
06:33:03.355 [Forwarding findElement on session 6f5b4c9bd0ddad3439c84046dc8b08b2 to remote] DEBUG org.asynchttpclient.netty.request.NettyRequestSender - Using open Channel [id: 0xd37a2fb0, L:/127.0.0.1:62421 - R:localhost/127.0.0.1:20683] for POST '/session/6f5b4c9bd0ddad3439c84046dc8b08b2/element'
06:33:03.394 [AsyncHttpClient-1-17] DEBUG org.asynchttpclient.netty.handler.HttpHandler - 

Request DefaultHttpRequest(decodeResult: success, version: HTTP/1.1)
POST /session/6f5b4c9bd0ddad3439c84046dc8b08b2/element HTTP/1.1
User-Agent: selenium/4.8.1 (java windows)
Content-Length: 109
Content-Type: application/json; charset=utf-8
host: localhost:20683
accept: */*

Response DefaultHttpResponse(decodeResult: success, version: HTTP/1.1)
HTTP/1.1 200 OK
Content-Length: 88
Content-Type: application/json; charset=utf-8
cache-control: no-cache

06:33:03.395 [AsyncHttpClient-1-17] DEBUG org.asynchttpclient.netty.channel.ChannelManager - Adding key: http://localhost:20683 for channel [id: 0xd37a2fb0, L:/127.0.0.1:62421 - R:localhost/127.0.0.1:20683]
06:33:03.399 [Forwarding clearElement on session 6f5b4c9bd0ddad3439c84046dc8b08b2 to remote] DEBUG org.asynchttpclient.netty.request.NettyRequestSender - Using pooled Channel '[id: 0xd37a2fb0, L:/127.0.0.1:62421 - R:localhost/127.0.0.1:20683]' for 'POST' to 'http://localhost:20683/session/6f5b4c9bd0ddad3439c84046dc8b08b2/element/eea031e6-ac27-4bd0-b599-a2c7cb1fb136/clear'
06:33:03.399 [Forwarding clearElement on session 6f5b4c9bd0ddad3439c84046dc8b08b2 to remote] DEBUG org.asynchttpclient.netty.request.NettyRequestSender - Using open Channel [id: 0xd37a2fb0, L:/127.0.0.1:62421 - R:localhost/127.0.0.1:20683] for POST '/session/6f5b4c9bd0ddad3439c84046dc8b08b2/element/eea031e6-ac27-4bd0-b599-a2c7cb1fb136/clear'
06:33:03.462 [AsyncHttpClient-1-1] DEBUG org.asynchttpclient.netty.channel.DefaultChannelPool - Entry count for : http://localhost:62422 : 1
06:33:03.510 [AsyncHttpClient-1-17] DEBUG org.asynchttpclient.netty.handler.HttpHandler - 

Request DefaultHttpRequest(decodeResult: success, version: HTTP/1.1)
POST /session/6f5b4c9bd0ddad3439c84046dc8b08b2/element/eea031e6-ac27-4bd0-b599-a2c7cb1fb136/clear HTTP/1.1
User-Agent: selenium/4.8.1 (java windows)
Content-Length: 50
Content-Type: application/json; charset=utf-8
host: localhost:20683
accept: */*

Response DefaultHttpResponse(decodeResult: success, version: HTTP/1.1)
HTTP/1.1 200 OK
Content-Length: 14
Content-Type: application/json; charset=utf-8
cache-control: no-cache

06:33:03.511 [AsyncHttpClient-1-17] DEBUG org.asynchttpclient.netty.channel.ChannelManager - Adding key: http://localhost:20683 for channel [id: 0xd37a2fb0, L:/127.0.0.1:62421 - R:localhost/127.0.0.1:20683]
06:33:03.515 [Forwarding sendKeysToElement on session 6f5b4c9bd0ddad3439c84046dc8b08b2 to remote] DEBUG org.asynchttpclient.netty.request.NettyRequestSender - Using pooled Channel '[id: 0xd37a2fb0, L:/127.0.0.1:62421 - R:localhost/127.0.0.1:20683]' for 'POST' to 'http://localhost:20683/session/6f5b4c9bd0ddad3439c84046dc8b08b2/element/eea031e6-ac27-4bd0-b599-a2c7cb1fb136/value'
06:33:03.515 [Forwarding sendKeysToElement on session 6f5b4c9bd0ddad3439c84046dc8b08b2 to remote] DEBUG org.asynchttpclient.netty.request.NettyRequestSender - Using open Channel [id: 0xd37a2fb0, L:/127.0.0.1:62421 - R:localhost/127.0.0.1:20683] for POST '/session/6f5b4c9bd0ddad3439c84046dc8b08b2/element/eea031e6-ac27-4bd0-b599-a2c7cb1fb136/value'
06:33:03.694 [AsyncHttpClient-1-17] DEBUG org.asynchttpclient.netty.handler.HttpHandler - 

Request DefaultHttpRequest(decodeResult: success, version: HTTP/1.1)
POST /session/6f5b4c9bd0ddad3439c84046dc8b08b2/element/eea031e6-ac27-4bd0-b599-a2c7cb1fb136/value HTTP/1.1
User-Agent: selenium/4.8.1 (java windows)
Content-Length: 111
Content-Type: application/json; charset=utf-8
host: localhost:20683
accept: */*

Response DefaultHttpResponse(decodeResult: success, version: HTTP/1.1)
HTTP/1.1 200 OK
Content-Length: 14
Content-Type: application/json; charset=utf-8
cache-control: no-cache

06:33:03.694 [AsyncHttpClient-1-17] DEBUG org.asynchttpclient.netty.channel.ChannelManager - Adding key: http://localhost:20683 for channel [id: 0xd37a2fb0, L:/127.0.0.1:62421 - R:localhost/127.0.0.1:20683]
06:33:03.707 [main] DEBUG net.thucydides.core.steps.StepInterceptor - STEP DONE: userEnterAValidPassword
  &amp#27;[32mAnd &amp#27;[0m&amp#27;[32muser enter a valid password&amp#27;[0m                 &amp#27;[90m# starter.stepdefinitions.UserSteps.userEnterAValidPassword()&amp#27;[0m
06:33:03.731 [main] DEBUG net.thucydides.core.steps.StepInterceptor - STARTING STEP: UserSteps.userClickOnLoginButton - userClickOnLoginButton
06:33:03.741 [Forwarding findElement on session 6f5b4c9bd0ddad3439c84046dc8b08b2 to remote] DEBUG org.asynchttpclient.netty.request.NettyRequestSender - Using pooled Channel '[id: 0xd37a2fb0, L:/127.0.0.1:62421 - R:localhost/127.0.0.1:20683]' for 'POST' to 'http://localhost:20683/session/6f5b4c9bd0ddad3439c84046dc8b08b2/element'
06:33:03.741 [Forwarding findElement on session 6f5b4c9bd0ddad3439c84046dc8b08b2 to remote] DEBUG org.asynchttpclient.netty.request.NettyRequestSender - Using open Channel [id: 0xd37a2fb0, L:/127.0.0.1:62421 - R:localhost/127.0.0.1:20683] for POST '/session/6f5b4c9bd0ddad3439c84046dc8b08b2/element'
06:33:03.763 [AsyncHttpClient-1-17] DEBUG org.asynchttpclient.netty.handler.HttpHandler - 

Request DefaultHttpRequest(decodeResult: success, version: HTTP/1.1)
POST /session/6f5b4c9bd0ddad3439c84046dc8b08b2/element HTTP/1.1
User-Agent: selenium/4.8.1 (java windows)
Content-Length: 106
Content-Type: application/json; charset=utf-8
host: localhost:20683
accept: */*

Response DefaultHttpResponse(decodeResult: success, version: HTTP/1.1)
HTTP/1.1 200 OK
Content-Length: 88
Content-Type: application/json; charset=utf-8
cache-control: no-cache

06:33:03.763 [AsyncHttpClient-1-17] DEBUG org.asynchttpclient.netty.channel.ChannelManager - Adding key: http://localhost:20683 for channel [id: 0xd37a2fb0, L:/127.0.0.1:62421 - R:localhost/127.0.0.1:20683]
06:33:03.767 [Forwarding getElementTagName on session 6f5b4c9bd0ddad3439c84046dc8b08b2 to remote] DEBUG org.asynchttpclient.netty.request.NettyRequestSender - Using pooled Channel '[id: 0xd37a2fb0, L:/127.0.0.1:62421 - R:localhost/127.0.0.1:20683]' for 'GET' to 'http://localhost:20683/session/6f5b4c9bd0ddad3439c84046dc8b08b2/element/a2cab474-0eaa-47bf-af0d-2e43d208870c/name'
06:33:03.767 [Forwarding getElementTagName on session 6f5b4c9bd0ddad3439c84046dc8b08b2 to remote] DEBUG org.asynchttpclient.netty.request.NettyRequestSender - Using open Channel [id: 0xd37a2fb0, L:/127.0.0.1:62421 - R:localhost/127.0.0.1:20683] for GET '/session/6f5b4c9bd0ddad3439c84046dc8b08b2/element/a2cab474-0eaa-47bf-af0d-2e43d208870c/name'
06:33:03.779 [AsyncHttpClient-1-17] DEBUG org.asynchttpclient.netty.handler.HttpHandler - 

Request DefaultFullHttpRequest(decodeResult: success, version: HTTP/1.1, content: EmptyByteBufBE)
GET /session/6f5b4c9bd0ddad3439c84046dc8b08b2/element/a2cab474-0eaa-47bf-af0d-2e43d208870c/name HTTP/1.1
User-Agent: selenium/4.8.1 (java windows)
Cache-Control: no-cache
Content-Type: application/json; charset=utf-8
host: localhost:20683
accept: */*

Response DefaultHttpResponse(decodeResult: success, version: HTTP/1.1)
HTTP/1.1 200 OK
Content-Length: 13
Content-Type: application/json; charset=utf-8
cache-control: no-cache

06:33:03.779 [AsyncHttpClient-1-17] DEBUG org.asynchttpclient.netty.channel.ChannelManager - Adding key: http://localhost:20683 for channel [id: 0xd37a2fb0, L:/127.0.0.1:62421 - R:localhost/127.0.0.1:20683]
06:33:03.783 [Forwarding getElementTagName on session 6f5b4c9bd0ddad3439c84046dc8b08b2 to remote] DEBUG org.asynchttpclient.netty.request.NettyRequestSender - Using pooled Channel '[id: 0xd37a2fb0, L:/127.0.0.1:62421 - R:localhost/127.0.0.1:20683]' for 'GET' to 'http://localhost:20683/session/6f5b4c9bd0ddad3439c84046dc8b08b2/element/a2cab474-0eaa-47bf-af0d-2e43d208870c/name'
06:33:03.783 [Forwarding getElementTagName on session 6f5b4c9bd0ddad3439c84046dc8b08b2 to remote] DEBUG org.asynchttpclient.netty.request.NettyRequestSender - Using open Channel [id: 0xd37a2fb0, L:/127.0.0.1:62421 - R:localhost/127.0.0.1:20683] for GET '/session/6f5b4c9bd0ddad3439c84046dc8b08b2/element/a2cab474-0eaa-47bf-af0d-2e43d208870c/name'
06:33:03.799 [AsyncHttpClient-1-17] DEBUG org.asynchttpclient.netty.handler.HttpHandler - 

Request DefaultFullHttpRequest(decodeResult: success, version: HTTP/1.1, content: EmptyByteBufBE)
GET /session/6f5b4c9bd0ddad3439c84046dc8b08b2/element/a2cab474-0eaa-47bf-af0d-2e43d208870c/name HTTP/1.1
User-Agent: selenium/4.8.1 (java windows)
Cache-Control: no-cache
Content-Type: application/json; charset=utf-8
host: localhost:20683
accept: */*

Response DefaultHttpResponse(decodeResult: success, version: HTTP/1.1)
HTTP/1.1 200 OK
Content-Length: 13
Content-Type: application/json; charset=utf-8
cache-control: no-cache

06:33:03.800 [AsyncHttpClient-1-17] DEBUG org.asynchttpclient.netty.channel.ChannelManager - Adding key: http://localhost:20683 for channel [id: 0xd37a2fb0, L:/127.0.0.1:62421 - R:localhost/127.0.0.1:20683]
06:33:03.807 [Forwarding findElement on session 6f5b4c9bd0ddad3439c84046dc8b08b2 to remote] DEBUG org.asynchttpclient.netty.request.NettyRequestSender - Using pooled Channel '[id: 0xd37a2fb0, L:/127.0.0.1:62421 - R:localhost/127.0.0.1:20683]' for 'POST' to 'http://localhost:20683/session/6f5b4c9bd0ddad3439c84046dc8b08b2/element'
06:33:03.807 [Forwarding findElement on session 6f5b4c9bd0ddad3439c84046dc8b08b2 to remote] DEBUG org.asynchttpclient.netty.request.NettyRequestSender - Using open Channel [id: 0xd37a2fb0, L:/127.0.0.1:62421 - R:localhost/127.0.0.1:20683] for POST '/session/6f5b4c9bd0ddad3439c84046dc8b08b2/element'
06:33:03.830 [AsyncHttpClient-1-17] DEBUG org.asynchttpclient.netty.handler.HttpHandler - 

Request DefaultHttpRequest(decodeResult: success, version: HTTP/1.1)
POST /session/6f5b4c9bd0ddad3439c84046dc8b08b2/element HTTP/1.1
User-Agent: selenium/4.8.1 (java windows)
Content-Length: 106
Content-Type: application/json; charset=utf-8
host: localhost:20683
accept: */*

Response DefaultHttpResponse(decodeResult: success, version: HTTP/1.1)
HTTP/1.1 200 OK
Content-Length: 88
Content-Type: application/json; charset=utf-8
cache-control: no-cache

06:33:03.830 [AsyncHttpClient-1-17] DEBUG org.asynchttpclient.netty.channel.ChannelManager - Adding key: http://localhost:20683 for channel [id: 0xd37a2fb0, L:/127.0.0.1:62421 - R:localhost/127.0.0.1:20683]
06:33:03.834 [Forwarding clickElement on session 6f5b4c9bd0ddad3439c84046dc8b08b2 to remote] DEBUG org.asynchttpclient.netty.request.NettyRequestSender - Using pooled Channel '[id: 0xd37a2fb0, L:/127.0.0.1:62421 - R:localhost/127.0.0.1:20683]' for 'POST' to 'http://localhost:20683/session/6f5b4c9bd0ddad3439c84046dc8b08b2/element/a2cab474-0eaa-47bf-af0d-2e43d208870c/click'
06:33:03.834 [Forwarding clickElement on session 6f5b4c9bd0ddad3439c84046dc8b08b2 to remote] DEBUG org.asynchttpclient.netty.request.NettyRequestSender - Using open Channel [id: 0xd37a2fb0, L:/127.0.0.1:62421 - R:localhost/127.0.0.1:20683] for POST '/session/6f5b4c9bd0ddad3439c84046dc8b08b2/element/a2cab474-0eaa-47bf-af0d-2e43d208870c/click'
06:33:03.925 [AsyncHttpClient-1-17] DEBUG org.asynchttpclient.netty.handler.HttpHandler - 

Request DefaultHttpRequest(decodeResult: success, version: HTTP/1.1)
POST /session/6f5b4c9bd0ddad3439c84046dc8b08b2/element/a2cab474-0eaa-47bf-af0d-2e43d208870c/click HTTP/1.1
User-Agent: selenium/4.8.1 (java windows)
Content-Length: 50
Content-Type: application/json; charset=utf-8
host: localhost:20683
accept: */*

Response DefaultHttpResponse(decodeResult: success, version: HTTP/1.1)
HTTP/1.1 200 OK
Content-Length: 14
Content-Type: application/json; charset=utf-8
cache-control: no-cache

06:33:03.926 [AsyncHttpClient-1-17] DEBUG org.asynchttpclient.netty.channel.ChannelManager - Adding key: http://localhost:20683 for channel [id: 0xd37a2fb0, L:/127.0.0.1:62421 - R:localhost/127.0.0.1:20683]
06:33:03.938 [main] DEBUG net.thucydides.core.steps.StepInterceptor - STEP DONE: userClickOnLoginButton
  &amp#27;[32mAnd &amp#27;[0m&amp#27;[32muser click on login button&amp#27;[0m                  &amp#27;[90m# starter.stepdefinitions.UserSteps.userClickOnLoginButton()&amp#27;[0m
06:33:03.981 [main] DEBUG net.thucydides.core.steps.StepInterceptor - STARTING STEP: UserSteps.userOnMainPage - userOnMainPage
06:33:03.987 [Forwarding get on session 6f5b4c9bd0ddad3439c84046dc8b08b2 to remote] DEBUG org.asynchttpclient.netty.request.NettyRequestSender - Using pooled Channel '[id: 0xd37a2fb0, L:/127.0.0.1:62421 - R:localhost/127.0.0.1:20683]' for 'POST' to 'http://localhost:20683/session/6f5b4c9bd0ddad3439c84046dc8b08b2/url'
06:33:03.987 [Forwarding get on session 6f5b4c9bd0ddad3439c84046dc8b08b2 to remote] DEBUG org.asynchttpclient.netty.request.NettyRequestSender - Using open Channel [id: 0xd37a2fb0, L:/127.0.0.1:62421 - R:localhost/127.0.0.1:20683] for POST '/session/6f5b4c9bd0ddad3439c84046dc8b08b2/url'
06:33:04.565 [AsyncHttpClient-1-1] DEBUG org.asynchttpclient.netty.channel.DefaultChannelPool - Entry count for : http://localhost:62422 : 1
06:33:04.697 [AsyncHttpClient-1-17] DEBUG org.asynchttpclient.netty.handler.HttpHandler - 

Request DefaultHttpRequest(decodeResult: success, version: HTTP/1.1)
POST /session/6f5b4c9bd0ddad3439c84046dc8b08b2/url HTTP/1.1
User-Agent: selenium/4.8.1 (java windows)
Content-Length: 59
Content-Type: application/json; charset=utf-8
host: localhost:20683
accept: */*

Response DefaultHttpResponse(decodeResult: success, version: HTTP/1.1)
HTTP/1.1 200 OK
Content-Length: 14
Content-Type: application/json; charset=utf-8
cache-control: no-cache

06:33:04.697 [AsyncHttpClient-1-17] DEBUG org.asynchttpclient.netty.channel.ChannelManager - Adding key: http://localhost:20683 for channel [id: 0xd37a2fb0, L:/127.0.0.1:62421 - R:localhost/127.0.0.1:20683]
06:33:04.712 [Forwarding findElement on session 6f5b4c9bd0ddad3439c84046dc8b08b2 to remote] DEBUG org.asynchttpclient.netty.request.NettyRequestSender - Using pooled Channel '[id: 0xd37a2fb0, L:/127.0.0.1:62421 - R:localhost/127.0.0.1:20683]' for 'POST' to 'http://localhost:20683/session/6f5b4c9bd0ddad3439c84046dc8b08b2/element'
06:33:04.712 [Forwarding findElement on session 6f5b4c9bd0ddad3439c84046dc8b08b2 to remote] DEBUG org.asynchttpclient.netty.request.NettyRequestSender - Using open Channel [id: 0xd37a2fb0, L:/127.0.0.1:62421 - R:localhost/127.0.0.1:20683] for POST '/session/6f5b4c9bd0ddad3439c84046dc8b08b2/element'
06:33:04.743 [AsyncHttpClient-1-17] DEBUG org.asynchttpclient.netty.handler.HttpHandler - 

Request DefaultHttpRequest(decodeResult: success, version: HTTP/1.1)
POST /session/6f5b4c9bd0ddad3439c84046dc8b08b2/element HTTP/1.1
User-Agent: selenium/4.8.1 (java windows)
Content-Length: 70
Content-Type: application/json; charset=utf-8
host: localhost:20683
accept: */*

Response DefaultHttpResponse(decodeResult: success, version: HTTP/1.1)
HTTP/1.1 200 OK
Content-Length: 88
Content-Type: application/json; charset=utf-8
cache-control: no-cache

06:33:04.744 [AsyncHttpClient-1-17] DEBUG org.asynchttpclient.netty.channel.ChannelManager - Adding key: http://localhost:20683 for channel [id: 0xd37a2fb0, L:/127.0.0.1:62421 - R:localhost/127.0.0.1:20683]
06:33:04.754 [Forwarding isElementDisplayed on session 6f5b4c9bd0ddad3439c84046dc8b08b2 to remote] DEBUG org.asynchttpclient.netty.request.NettyRequestSender - Using pooled Channel '[id: 0xd37a2fb0, L:/127.0.0.1:62421 - R:localhost/127.0.0.1:20683]' for 'POST' to 'http://localhost:20683/session/6f5b4c9bd0ddad3439c84046dc8b08b2/execute/sync'
06:33:04.754 [Forwarding isElementDisplayed on session 6f5b4c9bd0ddad3439c84046dc8b08b2 to remote] DEBUG org.asynchttpclient.netty.request.NettyRequestSender - Using open Channel [id: 0xd37a2fb0, L:/127.0.0.1:62421 - R:localhost/127.0.0.1:20683] for POST '/session/6f5b4c9bd0ddad3439c84046dc8b08b2/execute/sync'
06:33:04.795 [AsyncHttpClient-1-17] DEBUG org.asynchttpclient.netty.handler.HttpHandler - 

Request DefaultHttpRequest(decodeResult: success, version: HTTP/1.1)
POST /session/6f5b4c9bd0ddad3439c84046dc8b08b2/execute/sync HTTP/1.1
User-Agent: selenium/4.8.1 (java windows)
Content-Length: 48807
Content-Type: application/json; charset=utf-8
host: localhost:20683
accept: */*

Response DefaultHttpResponse(decodeResult: success, version: HTTP/1.1)
HTTP/1.1 200 OK
Content-Length: 14
Content-Type: application/json; charset=utf-8
cache-control: no-cache

06:33:04.796 [AsyncHttpClient-1-17] DEBUG org.asynchttpclient.netty.channel.ChannelManager - Adding key: http://localhost:20683 for channel [id: 0xd37a2fb0, L:/127.0.0.1:62421 - R:localhost/127.0.0.1:20683]
06:33:04.809 [Forwarding isElementDisplayed on session 6f5b4c9bd0ddad3439c84046dc8b08b2 to remote] DEBUG org.asynchttpclient.netty.request.NettyRequestSender - Using pooled Channel '[id: 0xd37a2fb0, L:/127.0.0.1:62421 - R:localhost/127.0.0.1:20683]' for 'POST' to 'http://localhost:20683/session/6f5b4c9bd0ddad3439c84046dc8b08b2/execute/sync'
06:33:04.810 [Forwarding isElementDisplayed on session 6f5b4c9bd0ddad3439c84046dc8b08b2 to remote] DEBUG org.asynchttpclient.netty.request.NettyRequestSender - Using open Channel [id: 0xd37a2fb0, L:/127.0.0.1:62421 - R:localhost/127.0.0.1:20683] for POST '/session/6f5b4c9bd0ddad3439c84046dc8b08b2/execute/sync'
06:33:05.660 [AsyncHttpClient-1-1] DEBUG org.asynchttpclient.netty.channel.DefaultChannelPool - Entry count for : http://localhost:62422 : 1
06:33:06.763 [AsyncHttpClient-1-1] DEBUG org.asynchttpclient.netty.channel.DefaultChannelPool - Entry count for : http://localhost:62422 : 1
06:33:07.859 [AsyncHttpClient-1-1] DEBUG org.asynchttpclient.netty.channel.DefaultChannelPool - Entry count for : http://localhost:62422 : 1
06:33:08.743 [AsyncHttpClient-1-17] DEBUG org.asynchttpclient.netty.handler.HttpHandler - 

Request DefaultHttpRequest(decodeResult: success, version: HTTP/1.1)
POST /session/6f5b4c9bd0ddad3439c84046dc8b08b2/execute/sync HTTP/1.1
User-Agent: selenium/4.8.1 (java windows)
Content-Length: 48807
Content-Type: application/json; charset=utf-8
host: localhost:20683
accept: */*

Response DefaultHttpResponse(decodeResult: success, version: HTTP/1.1)
HTTP/1.1 200 OK
Content-Length: 14
Content-Type: application/json; charset=utf-8
cache-control: no-cache

06:33:08.743 [AsyncHttpClient-1-17] DEBUG org.asynchttpclient.netty.channel.ChannelManager - Adding key: http://localhost:20683 for channel [id: 0xd37a2fb0, L:/127.0.0.1:62421 - R:localhost/127.0.0.1:20683]
06:33:08.746 [main] DEBUG net.thucydides.core.steps.StepInterceptor - STEP DONE: userOnMainPage
  &amp#27;[32mAnd &amp#27;[0m&amp#27;[32muser on main page&amp#27;[0m                           &amp#27;[90m# starter.stepdefinitions.UserSteps.userOnMainPage()&amp#27;[0m
06:33:08.763 [main] DEBUG net.thucydides.core.steps.StepInterceptor - STARTING STEP: UserSteps.userClickSelectCategoryButton - userClickSelectCategoryButton
06:33:08.766 [main] DEBUG net.thucydides.core.steps.StepInterceptor - STEP DONE: userClickSelectCategoryButton
  &amp#27;[32mAnd &amp#27;[0m&amp#27;[32muser click select category button&amp#27;[0m           &amp#27;[90m# starter.stepdefinitions.UserSteps.userClickSelectCategoryButton()&amp#27;[0m
06:33:08.790 [main] DEBUG net.thucydides.core.steps.StepInterceptor - STARTING STEP: UserSteps.userCanSeeSelectedCategory - userCanSeeSelectedCategory
06:33:08.793 [main] DEBUG net.thucydides.core.steps.StepInterceptor - STEP DONE: userCanSeeSelectedCategory
  &amp#27;[32mThen &amp#27;[0m&amp#27;[32muser can see selected category&amp#27;[0m             &amp#27;[90m# starter.stepdefinitions.UserSteps.userCanSeeSelectedCategory()&amp#27;[0m
06:33:08.800 [main] INFO  - 
  _____   ___   ___   _____     ___     _     ___   ___   ___   ___  
 |_   _| | __| / __| |_   _|   | _ \   /_\   / __| / __| | __| |   \ 
   | |   | _|  \__ \   | |     |  _/  / _ \  \__ \ \__ \ | _|  | |) |
   |_|   |___| |___/   |_|     |_|   /_/ \_\ |___/ |___/ |___| |___/ 

as a user I want to select the category
----------------------------------------------------------------------
06:33:08.803 [AsyncHttpClient-1-3] DEBUG org.asynchttpclient.netty.handler.WebSocketHandler - Channel Closed: [id: 0x8d973826, L:/127.0.0.1:62429 ! R:localhost/127.0.0.1:62422] with attribute NettyResponseFuture{currentRetry=0,
	isDone=1,
	isCancelled=0,
	asyncHandler=org.asynchttpclient.ws.WebSocketUpgradeHandler@7723f2ef,
	nettyRequest=org.asynchttpclient.netty.request.NettyRequest@6d2e1cd9,
	future=java.util.concurrent.CompletableFuture@7b3ffecd[Completed normally],
	uri=ws://localhost:62422/devtools/browser/e40ac828-58ec-45b0-b343-3ad1f69a890f,
	keepAlive=true,
	redirectCount=0,
	timeoutsHolder=null,
	inAuth=0,
	touch=1683588776193}
06:33:08.803 [AsyncHttpClient-1-3] DEBUG org.asynchttpclient.netty.channel.ChannelManager - Closing Channel [id: 0x8d973826, L:/127.0.0.1:62429 ! R:localhost/127.0.0.1:62422] 
06:33:08.881 [Driver Command Executor] DEBUG org.asynchttpclient.netty.request.NettyRequestSender - Using pooled Channel '[id: 0xd37a2fb0, L:/127.0.0.1:62421 - R:localhost/127.0.0.1:20683]' for 'DELETE' to 'http://localhost:20683/session/6f5b4c9bd0ddad3439c84046dc8b08b2'
06:33:08.881 [Driver Command Executor] DEBUG org.asynchttpclient.netty.request.NettyRequestSender - Using open Channel [id: 0xd37a2fb0, L:/127.0.0.1:62421 - R:localhost/127.0.0.1:20683] for DELETE '/session/6f5b4c9bd0ddad3439c84046dc8b08b2'
06:33:08.904 [AsyncHttpClient-1-2] DEBUG org.asynchttpclient.netty.handler.HttpHandler - Unexpected I/O exception on channel [id: 0x36edf3b8, L:/127.0.0.1:62428 - R:localhost/127.0.0.1:62422]
java.net.SocketException: Connection reset
	at java.base/sun.nio.ch.SocketChannelImpl.throwConnectionReset(SocketChannelImpl.java:345)
	at java.base/sun.nio.ch.SocketChannelImpl.read(SocketChannelImpl.java:376)
	at io.netty.buffer.PooledByteBuf.setBytes(PooledByteBuf.java:259)
	at io.netty.buffer.AbstractByteBuf.writeBytes(AbstractByteBuf.java:1132)
	at io.netty.channel.socket.nio.NioSocketChannel.doReadBytes(NioSocketChannel.java:357)
	at io.netty.channel.nio.AbstractNioByteChannel$NioByteUnsafe.read(AbstractNioByteChannel.java:151)
	at io.netty.channel.nio.NioEventLoop.processSelectedKey(NioEventLoop.java:788)
	at io.netty.channel.nio.NioEventLoop.processSelectedKeysOptimized(NioEventLoop.java:724)
	at io.netty.channel.nio.NioEventLoop.processSelectedKeys(NioEventLoop.java:650)
	at io.netty.channel.nio.NioEventLoop.run(NioEventLoop.java:562)
	at io.netty.util.concurrent.SingleThreadEventExecutor$4.run(SingleThreadEventExecutor.java:997)
	at io.netty.util.internal.ThreadExecutorMap$2.run(ThreadExecutorMap.java:74)
	at io.netty.util.concurrent.FastThreadLocalRunnable.run(FastThreadLocalRunnable.java:30)
	at java.base/java.lang.Thread.run(Thread.java:832)
06:33:08.904 [AsyncHttpClient-1-2] DEBUG org.asynchttpclient.netty.channel.ChannelManager - Closing Channel [id: 0x36edf3b8, L:/127.0.0.1:62428 - R:localhost/127.0.0.1:62422] 
06:33:08.904 [AsyncHttpClient-1-2] DEBUG org.asynchttpclient.netty.handler.HttpHandler - Channel Closed: [id: 0x36edf3b8, L:/127.0.0.1:62428 ! R:localhost/127.0.0.1:62422] with attribute DISCARD
06:33:08.924 [AsyncHttpClient-1-17] DEBUG org.asynchttpclient.netty.handler.HttpHandler - 

Request DefaultFullHttpRequest(decodeResult: success, version: HTTP/1.1, content: EmptyByteBufBE)
DELETE /session/6f5b4c9bd0ddad3439c84046dc8b08b2 HTTP/1.1
User-Agent: selenium/4.8.1 (java windows)
Content-Type: application/json; charset=utf-8
host: localhost:20683
accept: */*

Response DefaultHttpResponse(decodeResult: success, version: HTTP/1.1)
HTTP/1.1 200 OK
Content-Length: 14
Content-Type: application/json; charset=utf-8
cache-control: no-cache

06:33:08.924 [AsyncHttpClient-1-17] DEBUG org.asynchttpclient.netty.channel.ChannelManager - Adding key: http://localhost:20683 for channel [id: 0xd37a2fb0, L:/127.0.0.1:62421 - R:localhost/127.0.0.1:20683]
06:33:08.964 [AsyncHttpClient-1-1] DEBUG org.asynchttpclient.netty.channel.DefaultChannelPool - Entry count for : http://localhost:62422 : 1
06:33:08.964 [AsyncHttpClient-1-1] DEBUG org.asynchttpclient.netty.channel.DefaultChannelPool - Entry count for : http://localhost:20683 : 1
06:33:08.964 [AsyncHttpClient-1-1] DEBUG org.asynchttpclient.netty.channel.DefaultChannelPool - Adding Candidate expired Channel [id: 0x36edf3b8, L:/127.0.0.1:62428 ! R:localhost/127.0.0.1:62422] isIdleTimeoutExpired=false isRemotelyClosed=true isTtlExpired=false
06:33:08.964 [AsyncHttpClient-1-1] DEBUG org.asynchttpclient.netty.channel.DefaultChannelPool - Closing Idle Channel [id: 0x36edf3b8, L:/127.0.0.1:62428 ! R:localhost/127.0.0.1:62422]
06:33:08.964 [AsyncHttpClient-1-1] DEBUG org.asynchttpclient.netty.channel.DefaultChannelPool - Closed 1 connections out of 2 in 0 ms
06:33:09.588 [AsyncHttpClient-1-17] DEBUG org.asynchttpclient.netty.handler.HttpHandler - Channel Closed: [id: 0xd37a2fb0, L:/127.0.0.1:62421 ! R:localhost/127.0.0.1:20683] with attribute DISCARD
06:33:10.064 [AsyncHttpClient-1-1] DEBUG org.asynchttpclient.netty.channel.DefaultChannelPool - Entry count for : http://localhost:20683 : 1
06:33:10.064 [AsyncHttpClient-1-1] DEBUG org.asynchttpclient.netty.channel.DefaultChannelPool - Adding Candidate expired Channel [id: 0xd37a2fb0, L:/127.0.0.1:62421 ! R:localhost/127.0.0.1:20683] isIdleTimeoutExpired=false isRemotelyClosed=true isTtlExpired=false
06:33:10.064 [AsyncHttpClient-1-1] DEBUG org.asynchttpclient.netty.channel.DefaultChannelPool - Closing Idle Channel [id: 0xd37a2fb0, L:/127.0.0.1:62421 ! R:localhost/127.0.0.1:20683]
06:33:10.064 [AsyncHttpClient-1-1] DEBUG org.asynchttpclient.netty.channel.DefaultChannelPool - Closed 1 connections out of 1 in 0 ms
]]></system-out>
    <system-err><![CDATA[Starting ChromeDriver 112.0.5615.49 (bd2a7bcb881c11e8cfe3078709382934e3916914-refs/branch-heads/5615@{#936}) on port 20683
Only local connections are allowed.
Please see https://chromedriver.chromium.org/security-considerations for suggestions on keeping ChromeDriver safe.
ChromeDriver was started successfully.
May 09, 2023 6:32:56 AM org.openqa.selenium.devtools.CdpVersionFinder findNearestMatch
WARNING: Unable to find an exact match for CDP version 112, so returning the closest version found: 110
]]></system-err>
  </testcase>
  <testcase name="as a user I want transactions that have been done" classname="As a user" time="19.46">
    <error type="net.thucydides.core.webdriver.exceptions.ElementShouldBeEnabledException"><![CDATA[net.thucydides.core.webdriver.exceptions.ElementShouldBeEnabledException: Expected enabled element was not enabled
Caused by: org.openqa.selenium.TimeoutException: Expected condition failed: waiting for By.xpath: //i[@class='v-icon notranslate fas fa-user theme--dark'] to be enabled (tried for 5 second(s) with 100 milliseconds interval)
Caused by: org.openqa.selenium.NoSuchElementException: 
no such element: Unable to locate element: {"method":"xpath","selector":"//i[@class='v-icon notranslate fas fa-user theme--dark']"}
  (Session info: chrome=112.0.5615.138)
For documentation on this error, please visit: https://selenium.dev/exceptions/#no_such_element
Build info: version: '4.8.1', revision: '8ebccac989'
System info: os.name: 'Windows 10', os.arch: 'amd64', os.version: '10.0', java.version: '14.0.2'
Driver info: org.openqa.selenium.chrome.ChromeDriver
Command: [5a92d9b075369b4600bd3559d0bd6324, findElement {using=xpath, value=//i[@class='v-icon notranslate fas fa-user theme--dark']}]
Capabilities {acceptInsecureCerts: true, browserName: chrome, browserVersion: 112.0.5615.138, chrome: {chromedriverVersion: 112.0.5615.49 (bd2a7bcb881c..., userDataDir: C:\Users\Lenovo\AppData\Loc...}, goog:chromeOptions: {debuggerAddress: localhost:62447}, networkConnectionEnabled: false, pageLoadStrategy: normal, platformName: WINDOWS, proxy: Proxy(), se:cdp: ws://localhost:62447/devtoo..., se:cdpVersion: 112.0.5615.138, setWindowRect: true, strictFileInteractability: false, timeouts: {implicit: 0, pageLoad: 300000, script: 30000}, unhandledPromptBehavior: dismiss and notify, webauthn:extension:credBlob: true, webauthn:extension:largeBlob: true, webauthn:extension:minPinLength: true, webauthn:extension:prf: true, webauthn:virtualAuthenticators: true}
Session ID: 5a92d9b075369b4600bd3559d0bd6324
]]></error>
    <system-out><![CDATA[
@TC-009
Scenario: as a user I want transactions that have been done &amp#27;[90m# src/test/resources/features/user.feature:83&amp#27;[0m
06:33:10.139 [main] DEBUG io.cucumber.core.plugin.SerenityReporter - Running feature from file:///C:/Users/Lenovo/IdeaProjects/MiniProject/MiniProjectWeb/src/test/resources/features/user.feature
06:33:10.142 [main] INFO  - 
  _____   ___   ___   _____     ___   _____     _     ___   _____   ___   ___  
 |_   _| | __| / __| |_   _|   / __| |_   _|   /_\   | _ \ |_   _| | __| |   \ 
   | |   | _|  \__ \   | |     \__ \   | |    / _ \  |   /   | |   | _|  | |) |
   |_|   |___| |___/   |_|     |___/   |_|   /_/ \_\ |_|_\   |_|   |___| |___/ 

as a user I want transactions that have been done(as-a-user;as-a-user-i-want-transactions-that-have-been-done)
--------------------------------------------------------------------------------
06:33:10.207 [main] DEBUG net.thucydides.core.steps.StepInterceptor - STARTING STEP: UserSteps.userOnMainPage - userOnMainPage
06:33:10.307 [main] INFO net.serenitybdd.core.webdriver.driverproviders.ChromeDriverProvider - Starting Chrome driver instance with capabilities:
06:33:10.308 [main] INFO net.serenitybdd.core.webdriver.driverproviders.ChromeDriverProvider - Capabilities {acceptInsecureCerts: true, browserName: chrome, goog:chromeOptions: {args: [remote-allow-origins=*, test-type, no-sandbox, ignore-certificate-errors, start-maximized, incognito, disable-infobars, disable-gpu, disable-default-apps, disable-popup-blocking, remote-allow-origins=*, test-type, no-sandbox, ignore-certificate-errors, start-maximized, incognito, disable-infobars, disable-gpu, disable-default-apps, disable-popup-blocking, remote-allow-origins=*], extensions: []}}
06:33:10.939 [AsyncHttpClient-1-4] DEBUG org.asynchttpclient.netty.channel.NettyConnectListener - Using new Channel '[id: 0xcf1ff381, L:/127.0.0.1:62446 - R:localhost/127.0.0.1:21192]' for 'POST' to '/session'
06:33:12.007 [AsyncHttpClient-1-4] DEBUG org.asynchttpclient.netty.handler.HttpHandler - 

Request DefaultHttpRequest(decodeResult: success, version: HTTP/1.1)
POST /session HTTP/1.1
User-Agent: selenium/4.8.1 (java windows)
Content-Length: 1701
Content-Type: application/json; charset=utf-8
host: localhost:21192
accept: */*

Response DefaultHttpResponse(decodeResult: success, version: HTTP/1.1)
HTTP/1.1 200 OK
Content-Length: 860
Content-Type: application/json; charset=utf-8
cache-control: no-cache

06:33:12.007 [AsyncHttpClient-1-4] DEBUG org.asynchttpclient.netty.channel.ChannelManager - Adding key: http://localhost:21192 for channel [id: 0xcf1ff381, L:/127.0.0.1:62446 - R:localhost/127.0.0.1:21192]
06:33:12.023 [AsyncHttpClient-1-5] DEBUG org.asynchttpclient.netty.channel.NettyConnectListener - Using new Channel '[id: 0xa74c322e, L:/127.0.0.1:62453 - R:localhost/127.0.0.1:62447]' for 'GET' to '/json/version'
06:33:12.025 [AsyncHttpClient-1-5] DEBUG org.asynchttpclient.netty.handler.HttpHandler - 

Request DefaultFullHttpRequest(decodeResult: success, version: HTTP/1.1, content: EmptyByteBufBE)
GET /json/version HTTP/1.1
User-Agent: selenium/4.8.1 (java windows)
host: localhost:62447
accept: */*

Response DefaultHttpResponse(decodeResult: success, version: HTTP/1.1)
HTTP/1.1 200 OK
Content-Security-Policy: frame-ancestors 'none'
Content-Length: 424
Content-Type: application/json; charset=UTF-8

06:33:12.025 [AsyncHttpClient-1-5] DEBUG org.asynchttpclient.netty.channel.ChannelManager - Adding key: http://localhost:62447 for channel [id: 0xa74c322e, L:/127.0.0.1:62453 - R:localhost/127.0.0.1:62447]
06:33:12.032 [AsyncHttpClient-1-6] DEBUG org.asynchttpclient.netty.channel.NettyConnectListener - Using new Channel '[id: 0x68144f7b, L:/127.0.0.1:62454 - R:localhost/127.0.0.1:62447]' for 'GET' to '/devtools/browser/5fa0321d-4c9a-4e84-9ee2-16dea15720ce'
06:33:12.034 [AsyncHttpClient-1-6] DEBUG org.asynchttpclient.netty.handler.WebSocketHandler - 

Request DefaultFullHttpRequest(decodeResult: success, version: HTTP/1.1, content: EmptyByteBufBE)
GET /devtools/browser/5fa0321d-4c9a-4e84-9ee2-16dea15720ce HTTP/1.1
upgrade: websocket
connection: upgrade
sec-websocket-key: GMrABBWB0G4Z6S9OyYe1PA==
sec-websocket-version: 13
origin: http://localhost:62447
host: localhost:62447
accept: */*
user-agent: AHC/2.1

Response DefaultHttpResponse(decodeResult: success, version: HTTP/1.1)
HTTP/1.1 101 WebSocket Protocol Handshake
Upgrade: WebSocket
Connection: Upgrade
Sec-WebSocket-Accept: qpVLhsnsr4VZCQjj6TGVpAAMiXI=

06:33:12.044 [Forwarding get on session 5a92d9b075369b4600bd3559d0bd6324 to remote] DEBUG org.asynchttpclient.netty.request.NettyRequestSender - Using pooled Channel '[id: 0xcf1ff381, L:/127.0.0.1:62446 - R:localhost/127.0.0.1:21192]' for 'POST' to 'http://localhost:21192/session/5a92d9b075369b4600bd3559d0bd6324/url'
06:33:12.044 [Forwarding get on session 5a92d9b075369b4600bd3559d0bd6324 to remote] DEBUG org.asynchttpclient.netty.request.NettyRequestSender - Using open Channel [id: 0xcf1ff381, L:/127.0.0.1:62446 - R:localhost/127.0.0.1:21192] for POST '/session/5a92d9b075369b4600bd3559d0bd6324/url'
06:33:12.259 [AsyncHttpClient-1-1] DEBUG org.asynchttpclient.netty.channel.DefaultChannelPool - Entry count for : http://localhost:62447 : 1
06:33:13.069 [AsyncHttpClient-1-4] DEBUG org.asynchttpclient.netty.handler.HttpHandler - 

Request DefaultHttpRequest(decodeResult: success, version: HTTP/1.1)
POST /session/5a92d9b075369b4600bd3559d0bd6324/url HTTP/1.1
User-Agent: selenium/4.8.1 (java windows)
Content-Length: 59
Content-Type: application/json; charset=utf-8
host: localhost:21192
accept: */*

Response DefaultHttpResponse(decodeResult: success, version: HTTP/1.1)
HTTP/1.1 200 OK
Content-Length: 14
Content-Type: application/json; charset=utf-8
cache-control: no-cache

06:33:13.069 [AsyncHttpClient-1-4] DEBUG org.asynchttpclient.netty.channel.ChannelManager - Adding key: http://localhost:21192 for channel [id: 0xcf1ff381, L:/127.0.0.1:62446 - R:localhost/127.0.0.1:21192]
06:33:13.072 [Forwarding setTimeout on session 5a92d9b075369b4600bd3559d0bd6324 to remote] DEBUG org.asynchttpclient.netty.request.NettyRequestSender - Using pooled Channel '[id: 0xcf1ff381, L:/127.0.0.1:62446 - R:localhost/127.0.0.1:21192]' for 'POST' to 'http://localhost:21192/session/5a92d9b075369b4600bd3559d0bd6324/timeouts'
06:33:13.073 [Forwarding setTimeout on session 5a92d9b075369b4600bd3559d0bd6324 to remote] DEBUG org.asynchttpclient.netty.request.NettyRequestSender - Using open Channel [id: 0xcf1ff381, L:/127.0.0.1:62446 - R:localhost/127.0.0.1:21192] for POST '/session/5a92d9b075369b4600bd3559d0bd6324/timeouts'
06:33:13.074 [AsyncHttpClient-1-4] DEBUG org.asynchttpclient.netty.handler.HttpHandler - 

Request DefaultHttpRequest(decodeResult: success, version: HTTP/1.1)
POST /session/5a92d9b075369b4600bd3559d0bd6324/timeouts HTTP/1.1
User-Agent: selenium/4.8.1 (java windows)
Content-Length: 22
Content-Type: application/json; charset=utf-8
host: localhost:21192
accept: */*

Response DefaultHttpResponse(decodeResult: success, version: HTTP/1.1)
HTTP/1.1 200 OK
Content-Length: 14
Content-Type: application/json; charset=utf-8
cache-control: no-cache

06:33:13.075 [AsyncHttpClient-1-4] DEBUG org.asynchttpclient.netty.channel.ChannelManager - Adding key: http://localhost:21192 for channel [id: 0xcf1ff381, L:/127.0.0.1:62446 - R:localhost/127.0.0.1:21192]
06:33:13.081 [Forwarding findElement on session 5a92d9b075369b4600bd3559d0bd6324 to remote] DEBUG org.asynchttpclient.netty.request.NettyRequestSender - Using pooled Channel '[id: 0xcf1ff381, L:/127.0.0.1:62446 - R:localhost/127.0.0.1:21192]' for 'POST' to 'http://localhost:21192/session/5a92d9b075369b4600bd3559d0bd6324/element'
06:33:13.081 [Forwarding findElement on session 5a92d9b075369b4600bd3559d0bd6324 to remote] DEBUG org.asynchttpclient.netty.request.NettyRequestSender - Using open Channel [id: 0xcf1ff381, L:/127.0.0.1:62446 - R:localhost/127.0.0.1:21192] for POST '/session/5a92d9b075369b4600bd3559d0bd6324/element'
06:33:13.136 [AsyncHttpClient-1-4] DEBUG org.asynchttpclient.netty.handler.HttpHandler - 

Request DefaultHttpRequest(decodeResult: success, version: HTTP/1.1)
POST /session/5a92d9b075369b4600bd3559d0bd6324/element HTTP/1.1
User-Agent: selenium/4.8.1 (java windows)
Content-Length: 70
Content-Type: application/json; charset=utf-8
host: localhost:21192
accept: */*

Response DefaultHttpResponse(decodeResult: success, version: HTTP/1.1)
HTTP/1.1 200 OK
Content-Length: 88
Content-Type: application/json; charset=utf-8
cache-control: no-cache

06:33:13.136 [AsyncHttpClient-1-4] DEBUG org.asynchttpclient.netty.channel.ChannelManager - Adding key: http://localhost:21192 for channel [id: 0xcf1ff381, L:/127.0.0.1:62446 - R:localhost/127.0.0.1:21192]
06:33:13.148 [Forwarding isElementDisplayed on session 5a92d9b075369b4600bd3559d0bd6324 to remote] DEBUG org.asynchttpclient.netty.request.NettyRequestSender - Using pooled Channel '[id: 0xcf1ff381, L:/127.0.0.1:62446 - R:localhost/127.0.0.1:21192]' for 'POST' to 'http://localhost:21192/session/5a92d9b075369b4600bd3559d0bd6324/execute/sync'
06:33:13.148 [Forwarding isElementDisplayed on session 5a92d9b075369b4600bd3559d0bd6324 to remote] DEBUG org.asynchttpclient.netty.request.NettyRequestSender - Using open Channel [id: 0xcf1ff381, L:/127.0.0.1:62446 - R:localhost/127.0.0.1:21192] for POST '/session/5a92d9b075369b4600bd3559d0bd6324/execute/sync'
06:33:13.358 [AsyncHttpClient-1-1] DEBUG org.asynchttpclient.netty.channel.DefaultChannelPool - Entry count for : http://localhost:62447 : 1
06:33:14.466 [AsyncHttpClient-1-1] DEBUG org.asynchttpclient.netty.channel.DefaultChannelPool - Entry count for : http://localhost:62447 : 1
06:33:15.558 [AsyncHttpClient-1-1] DEBUG org.asynchttpclient.netty.channel.DefaultChannelPool - Entry count for : http://localhost:62447 : 1
06:33:16.659 [AsyncHttpClient-1-1] DEBUG org.asynchttpclient.netty.channel.DefaultChannelPool - Entry count for : http://localhost:62447 : 1
06:33:17.758 [AsyncHttpClient-1-1] DEBUG org.asynchttpclient.netty.channel.DefaultChannelPool - Entry count for : http://localhost:62447 : 1
06:33:18.295 [AsyncHttpClient-1-4] DEBUG org.asynchttpclient.netty.handler.HttpHandler - 

Request DefaultHttpRequest(decodeResult: success, version: HTTP/1.1)
POST /session/5a92d9b075369b4600bd3559d0bd6324/execute/sync HTTP/1.1
User-Agent: selenium/4.8.1 (java windows)
Content-Length: 48807
Content-Type: application/json; charset=utf-8
host: localhost:21192
accept: */*

Response DefaultHttpResponse(decodeResult: success, version: HTTP/1.1)
HTTP/1.1 200 OK
Content-Length: 14
Content-Type: application/json; charset=utf-8
cache-control: no-cache

06:33:18.295 [AsyncHttpClient-1-4] DEBUG org.asynchttpclient.netty.channel.ChannelManager - Adding key: http://localhost:21192 for channel [id: 0xcf1ff381, L:/127.0.0.1:62446 - R:localhost/127.0.0.1:21192]
06:33:18.301 [Forwarding isElementDisplayed on session 5a92d9b075369b4600bd3559d0bd6324 to remote] DEBUG org.asynchttpclient.netty.request.NettyRequestSender - Using pooled Channel '[id: 0xcf1ff381, L:/127.0.0.1:62446 - R:localhost/127.0.0.1:21192]' for 'POST' to 'http://localhost:21192/session/5a92d9b075369b4600bd3559d0bd6324/execute/sync'
06:33:18.301 [Forwarding isElementDisplayed on session 5a92d9b075369b4600bd3559d0bd6324 to remote] DEBUG org.asynchttpclient.netty.request.NettyRequestSender - Using open Channel [id: 0xcf1ff381, L:/127.0.0.1:62446 - R:localhost/127.0.0.1:21192] for POST '/session/5a92d9b075369b4600bd3559d0bd6324/execute/sync'
06:33:18.318 [AsyncHttpClient-1-4] DEBUG org.asynchttpclient.netty.handler.HttpHandler - 

Request DefaultHttpRequest(decodeResult: success, version: HTTP/1.1)
POST /session/5a92d9b075369b4600bd3559d0bd6324/execute/sync HTTP/1.1
User-Agent: selenium/4.8.1 (java windows)
Content-Length: 48807
Content-Type: application/json; charset=utf-8
host: localhost:21192
accept: */*

Response DefaultHttpResponse(decodeResult: success, version: HTTP/1.1)
HTTP/1.1 200 OK
Content-Length: 14
Content-Type: application/json; charset=utf-8
cache-control: no-cache

06:33:18.318 [AsyncHttpClient-1-4] DEBUG org.asynchttpclient.netty.channel.ChannelManager - Adding key: http://localhost:21192 for channel [id: 0xcf1ff381, L:/127.0.0.1:62446 - R:localhost/127.0.0.1:21192]
06:33:18.321 [main] DEBUG net.thucydides.core.steps.StepInterceptor - STEP DONE: userOnMainPage
  &amp#27;[32mGiven &amp#27;[0m&amp#27;[32muser on main page&amp#27;[0m                                   &amp#27;[90m# starter.stepdefinitions.UserSteps.userOnMainPage()&amp#27;[0m
06:33:18.335 [main] DEBUG net.thucydides.core.steps.StepInterceptor - STARTING STEP: UserSteps.userClickOnLoginButton - userClickOnLoginButton
06:33:18.339 [Forwarding findElement on session 5a92d9b075369b4600bd3559d0bd6324 to remote] DEBUG org.asynchttpclient.netty.request.NettyRequestSender - Using pooled Channel '[id: 0xcf1ff381, L:/127.0.0.1:62446 - R:localhost/127.0.0.1:21192]' for 'POST' to 'http://localhost:21192/session/5a92d9b075369b4600bd3559d0bd6324/element'
06:33:18.339 [Forwarding findElement on session 5a92d9b075369b4600bd3559d0bd6324 to remote] DEBUG org.asynchttpclient.netty.request.NettyRequestSender - Using open Channel [id: 0xcf1ff381, L:/127.0.0.1:62446 - R:localhost/127.0.0.1:21192] for POST '/session/5a92d9b075369b4600bd3559d0bd6324/element'
06:33:18.371 [AsyncHttpClient-1-4] DEBUG org.asynchttpclient.netty.handler.HttpHandler - 

Request DefaultHttpRequest(decodeResult: success, version: HTTP/1.1)
POST /session/5a92d9b075369b4600bd3559d0bd6324/element HTTP/1.1
User-Agent: selenium/4.8.1 (java windows)
Content-Length: 106
Content-Type: application/json; charset=utf-8
host: localhost:21192
accept: */*

Response DefaultHttpResponse(decodeResult: success, version: HTTP/1.1)
HTTP/1.1 200 OK
Content-Length: 88
Content-Type: application/json; charset=utf-8
cache-control: no-cache

06:33:18.372 [AsyncHttpClient-1-4] DEBUG org.asynchttpclient.netty.channel.ChannelManager - Adding key: http://localhost:21192 for channel [id: 0xcf1ff381, L:/127.0.0.1:62446 - R:localhost/127.0.0.1:21192]
06:33:18.375 [Forwarding getElementTagName on session 5a92d9b075369b4600bd3559d0bd6324 to remote] DEBUG org.asynchttpclient.netty.request.NettyRequestSender - Using pooled Channel '[id: 0xcf1ff381, L:/127.0.0.1:62446 - R:localhost/127.0.0.1:21192]' for 'GET' to 'http://localhost:21192/session/5a92d9b075369b4600bd3559d0bd6324/element/68d1f38d-adda-43d7-9acc-778ca6a7e105/name'
06:33:18.376 [Forwarding getElementTagName on session 5a92d9b075369b4600bd3559d0bd6324 to remote] DEBUG org.asynchttpclient.netty.request.NettyRequestSender - Using open Channel [id: 0xcf1ff381, L:/127.0.0.1:62446 - R:localhost/127.0.0.1:21192] for GET '/session/5a92d9b075369b4600bd3559d0bd6324/element/68d1f38d-adda-43d7-9acc-778ca6a7e105/name'
06:33:18.390 [AsyncHttpClient-1-4] DEBUG org.asynchttpclient.netty.handler.HttpHandler - 

Request DefaultFullHttpRequest(decodeResult: success, version: HTTP/1.1, content: EmptyByteBufBE)
GET /session/5a92d9b075369b4600bd3559d0bd6324/element/68d1f38d-adda-43d7-9acc-778ca6a7e105/name HTTP/1.1
User-Agent: selenium/4.8.1 (java windows)
Cache-Control: no-cache
Content-Type: application/json; charset=utf-8
host: localhost:21192
accept: */*

Response DefaultHttpResponse(decodeResult: success, version: HTTP/1.1)
HTTP/1.1 200 OK
Content-Length: 13
Content-Type: application/json; charset=utf-8
cache-control: no-cache

06:33:18.391 [AsyncHttpClient-1-4] DEBUG org.asynchttpclient.netty.channel.ChannelManager - Adding key: http://localhost:21192 for channel [id: 0xcf1ff381, L:/127.0.0.1:62446 - R:localhost/127.0.0.1:21192]
06:33:18.394 [Forwarding getElementTagName on session 5a92d9b075369b4600bd3559d0bd6324 to remote] DEBUG org.asynchttpclient.netty.request.NettyRequestSender - Using pooled Channel '[id: 0xcf1ff381, L:/127.0.0.1:62446 - R:localhost/127.0.0.1:21192]' for 'GET' to 'http://localhost:21192/session/5a92d9b075369b4600bd3559d0bd6324/element/68d1f38d-adda-43d7-9acc-778ca6a7e105/name'
06:33:18.394 [Forwarding getElementTagName on session 5a92d9b075369b4600bd3559d0bd6324 to remote] DEBUG org.asynchttpclient.netty.request.NettyRequestSender - Using open Channel [id: 0xcf1ff381, L:/127.0.0.1:62446 - R:localhost/127.0.0.1:21192] for GET '/session/5a92d9b075369b4600bd3559d0bd6324/element/68d1f38d-adda-43d7-9acc-778ca6a7e105/name'
06:33:18.406 [AsyncHttpClient-1-4] DEBUG org.asynchttpclient.netty.handler.HttpHandler - 

Request DefaultFullHttpRequest(decodeResult: success, version: HTTP/1.1, content: EmptyByteBufBE)
GET /session/5a92d9b075369b4600bd3559d0bd6324/element/68d1f38d-adda-43d7-9acc-778ca6a7e105/name HTTP/1.1
User-Agent: selenium/4.8.1 (java windows)
Cache-Control: no-cache
Content-Type: application/json; charset=utf-8
host: localhost:21192
accept: */*

Response DefaultHttpResponse(decodeResult: success, version: HTTP/1.1)
HTTP/1.1 200 OK
Content-Length: 13
Content-Type: application/json; charset=utf-8
cache-control: no-cache

06:33:18.407 [AsyncHttpClient-1-4] DEBUG org.asynchttpclient.netty.channel.ChannelManager - Adding key: http://localhost:21192 for channel [id: 0xcf1ff381, L:/127.0.0.1:62446 - R:localhost/127.0.0.1:21192]
06:33:18.412 [Forwarding findElement on session 5a92d9b075369b4600bd3559d0bd6324 to remote] DEBUG org.asynchttpclient.netty.request.NettyRequestSender - Using pooled Channel '[id: 0xcf1ff381, L:/127.0.0.1:62446 - R:localhost/127.0.0.1:21192]' for 'POST' to 'http://localhost:21192/session/5a92d9b075369b4600bd3559d0bd6324/element'
06:33:18.412 [Forwarding findElement on session 5a92d9b075369b4600bd3559d0bd6324 to remote] DEBUG org.asynchttpclient.netty.request.NettyRequestSender - Using open Channel [id: 0xcf1ff381, L:/127.0.0.1:62446 - R:localhost/127.0.0.1:21192] for POST '/session/5a92d9b075369b4600bd3559d0bd6324/element'
06:33:18.442 [AsyncHttpClient-1-4] DEBUG org.asynchttpclient.netty.handler.HttpHandler - 

Request DefaultHttpRequest(decodeResult: success, version: HTTP/1.1)
POST /session/5a92d9b075369b4600bd3559d0bd6324/element HTTP/1.1
User-Agent: selenium/4.8.1 (java windows)
Content-Length: 106
Content-Type: application/json; charset=utf-8
host: localhost:21192
accept: */*

Response DefaultHttpResponse(decodeResult: success, version: HTTP/1.1)
HTTP/1.1 200 OK
Content-Length: 88
Content-Type: application/json; charset=utf-8
cache-control: no-cache

06:33:18.442 [AsyncHttpClient-1-4] DEBUG org.asynchttpclient.netty.channel.ChannelManager - Adding key: http://localhost:21192 for channel [id: 0xcf1ff381, L:/127.0.0.1:62446 - R:localhost/127.0.0.1:21192]
06:33:18.446 [Forwarding clickElement on session 5a92d9b075369b4600bd3559d0bd6324 to remote] DEBUG org.asynchttpclient.netty.request.NettyRequestSender - Using pooled Channel '[id: 0xcf1ff381, L:/127.0.0.1:62446 - R:localhost/127.0.0.1:21192]' for 'POST' to 'http://localhost:21192/session/5a92d9b075369b4600bd3559d0bd6324/element/68d1f38d-adda-43d7-9acc-778ca6a7e105/click'
06:33:18.446 [Forwarding clickElement on session 5a92d9b075369b4600bd3559d0bd6324 to remote] DEBUG org.asynchttpclient.netty.request.NettyRequestSender - Using open Channel [id: 0xcf1ff381, L:/127.0.0.1:62446 - R:localhost/127.0.0.1:21192] for POST '/session/5a92d9b075369b4600bd3559d0bd6324/element/68d1f38d-adda-43d7-9acc-778ca6a7e105/click'
06:33:18.596 [AsyncHttpClient-1-4] DEBUG org.asynchttpclient.netty.handler.HttpHandler - 

Request DefaultHttpRequest(decodeResult: success, version: HTTP/1.1)
POST /session/5a92d9b075369b4600bd3559d0bd6324/element/68d1f38d-adda-43d7-9acc-778ca6a7e105/click HTTP/1.1
User-Agent: selenium/4.8.1 (java windows)
Content-Length: 50
Content-Type: application/json; charset=utf-8
host: localhost:21192
accept: */*

Response DefaultHttpResponse(decodeResult: success, version: HTTP/1.1)
HTTP/1.1 200 OK
Content-Length: 14
Content-Type: application/json; charset=utf-8
cache-control: no-cache

06:33:18.597 [AsyncHttpClient-1-4] DEBUG org.asynchttpclient.netty.channel.ChannelManager - Adding key: http://localhost:21192 for channel [id: 0xcf1ff381, L:/127.0.0.1:62446 - R:localhost/127.0.0.1:21192]
06:33:18.608 [main] DEBUG net.thucydides.core.steps.StepInterceptor - STEP DONE: userClickOnLoginButton
  &amp#27;[32mWhen &amp#27;[0m&amp#27;[32muser click on login button&amp#27;[0m                           &amp#27;[90m# starter.stepdefinitions.UserSteps.userClickOnLoginButton()&amp#27;[0m
06:33:18.636 [main] DEBUG net.thucydides.core.steps.StepInterceptor - STARTING STEP: UserSteps.userOnLoginPage - userOnLoginPage
06:33:18.643 [Forwarding findElement on session 5a92d9b075369b4600bd3559d0bd6324 to remote] DEBUG org.asynchttpclient.netty.request.NettyRequestSender - Using pooled Channel '[id: 0xcf1ff381, L:/127.0.0.1:62446 - R:localhost/127.0.0.1:21192]' for 'POST' to 'http://localhost:21192/session/5a92d9b075369b4600bd3559d0bd6324/element'
06:33:18.643 [Forwarding findElement on session 5a92d9b075369b4600bd3559d0bd6324 to remote] DEBUG org.asynchttpclient.netty.request.NettyRequestSender - Using open Channel [id: 0xcf1ff381, L:/127.0.0.1:62446 - R:localhost/127.0.0.1:21192] for POST '/session/5a92d9b075369b4600bd3559d0bd6324/element'
06:33:18.863 [AsyncHttpClient-1-1] DEBUG org.asynchttpclient.netty.channel.DefaultChannelPool - Entry count for : http://localhost:62447 : 1
06:33:18.935 [AsyncHttpClient-1-4] DEBUG org.asynchttpclient.netty.handler.HttpHandler - 

Request DefaultHttpRequest(decodeResult: success, version: HTTP/1.1)
POST /session/5a92d9b075369b4600bd3559d0bd6324/element HTTP/1.1
User-Agent: selenium/4.8.1 (java windows)
Content-Length: 68
Content-Type: application/json; charset=utf-8
host: localhost:21192
accept: */*

Response DefaultHttpResponse(decodeResult: success, version: HTTP/1.1)
HTTP/1.1 200 OK
Content-Length: 88
Content-Type: application/json; charset=utf-8
cache-control: no-cache

06:33:18.935 [AsyncHttpClient-1-4] DEBUG org.asynchttpclient.netty.channel.ChannelManager - Adding key: http://localhost:21192 for channel [id: 0xcf1ff381, L:/127.0.0.1:62446 - R:localhost/127.0.0.1:21192]
06:33:18.940 [Forwarding isElementDisplayed on session 5a92d9b075369b4600bd3559d0bd6324 to remote] DEBUG org.asynchttpclient.netty.request.NettyRequestSender - Using pooled Channel '[id: 0xcf1ff381, L:/127.0.0.1:62446 - R:localhost/127.0.0.1:21192]' for 'POST' to 'http://localhost:21192/session/5a92d9b075369b4600bd3559d0bd6324/execute/sync'
06:33:18.940 [Forwarding isElementDisplayed on session 5a92d9b075369b4600bd3559d0bd6324 to remote] DEBUG org.asynchttpclient.netty.request.NettyRequestSender - Using open Channel [id: 0xcf1ff381, L:/127.0.0.1:62446 - R:localhost/127.0.0.1:21192] for POST '/session/5a92d9b075369b4600bd3559d0bd6324/execute/sync'
06:33:18.959 [AsyncHttpClient-1-4] DEBUG org.asynchttpclient.netty.handler.HttpHandler - 

Request DefaultHttpRequest(decodeResult: success, version: HTTP/1.1)
POST /session/5a92d9b075369b4600bd3559d0bd6324/execute/sync HTTP/1.1
User-Agent: selenium/4.8.1 (java windows)
Content-Length: 48807
Content-Type: application/json; charset=utf-8
host: localhost:21192
accept: */*

Response DefaultHttpResponse(decodeResult: success, version: HTTP/1.1)
HTTP/1.1 200 OK
Content-Length: 14
Content-Type: application/json; charset=utf-8
cache-control: no-cache

06:33:18.959 [AsyncHttpClient-1-4] DEBUG org.asynchttpclient.netty.channel.ChannelManager - Adding key: http://localhost:21192 for channel [id: 0xcf1ff381, L:/127.0.0.1:62446 - R:localhost/127.0.0.1:21192]
06:33:18.964 [Forwarding isElementDisplayed on session 5a92d9b075369b4600bd3559d0bd6324 to remote] DEBUG org.asynchttpclient.netty.request.NettyRequestSender - Using pooled Channel '[id: 0xcf1ff381, L:/127.0.0.1:62446 - R:localhost/127.0.0.1:21192]' for 'POST' to 'http://localhost:21192/session/5a92d9b075369b4600bd3559d0bd6324/execute/sync'
06:33:18.964 [Forwarding isElementDisplayed on session 5a92d9b075369b4600bd3559d0bd6324 to remote] DEBUG org.asynchttpclient.netty.request.NettyRequestSender - Using open Channel [id: 0xcf1ff381, L:/127.0.0.1:62446 - R:localhost/127.0.0.1:21192] for POST '/session/5a92d9b075369b4600bd3559d0bd6324/execute/sync'
06:33:18.979 [AsyncHttpClient-1-4] DEBUG org.asynchttpclient.netty.handler.HttpHandler - 

Request DefaultHttpRequest(decodeResult: success, version: HTTP/1.1)
POST /session/5a92d9b075369b4600bd3559d0bd6324/execute/sync HTTP/1.1
User-Agent: selenium/4.8.1 (java windows)
Content-Length: 48807
Content-Type: application/json; charset=utf-8
host: localhost:21192
accept: */*

Response DefaultHttpResponse(decodeResult: success, version: HTTP/1.1)
HTTP/1.1 200 OK
Content-Length: 14
Content-Type: application/json; charset=utf-8
cache-control: no-cache

06:33:18.979 [AsyncHttpClient-1-4] DEBUG org.asynchttpclient.netty.channel.ChannelManager - Adding key: http://localhost:21192 for channel [id: 0xcf1ff381, L:/127.0.0.1:62446 - R:localhost/127.0.0.1:21192]
06:33:18.982 [main] DEBUG net.thucydides.core.steps.StepInterceptor - STEP DONE: userOnLoginPage
  &amp#27;[32mAnd &amp#27;[0m&amp#27;[32muser on login page&amp#27;[0m                                    &amp#27;[90m# starter.stepdefinitions.UserSteps.userOnLoginPage()&amp#27;[0m
06:33:18.993 [main] DEBUG net.thucydides.core.steps.StepInterceptor - STARTING STEP: UserSteps.userEnterAValidEmail - userEnterAValidEmail
06:33:18.996 [Forwarding findElement on session 5a92d9b075369b4600bd3559d0bd6324 to remote] DEBUG org.asynchttpclient.netty.request.NettyRequestSender - Using pooled Channel '[id: 0xcf1ff381, L:/127.0.0.1:62446 - R:localhost/127.0.0.1:21192]' for 'POST' to 'http://localhost:21192/session/5a92d9b075369b4600bd3559d0bd6324/element'
06:33:18.996 [Forwarding findElement on session 5a92d9b075369b4600bd3559d0bd6324 to remote] DEBUG org.asynchttpclient.netty.request.NettyRequestSender - Using open Channel [id: 0xcf1ff381, L:/127.0.0.1:62446 - R:localhost/127.0.0.1:21192] for POST '/session/5a92d9b075369b4600bd3559d0bd6324/element'
06:33:19.017 [AsyncHttpClient-1-4] DEBUG org.asynchttpclient.netty.handler.HttpHandler - 

Request DefaultHttpRequest(decodeResult: success, version: HTTP/1.1)
POST /session/5a92d9b075369b4600bd3559d0bd6324/element HTTP/1.1
User-Agent: selenium/4.8.1 (java windows)
Content-Length: 106
Content-Type: application/json; charset=utf-8
host: localhost:21192
accept: */*

Response DefaultHttpResponse(decodeResult: success, version: HTTP/1.1)
HTTP/1.1 200 OK
Content-Length: 88
Content-Type: application/json; charset=utf-8
cache-control: no-cache

06:33:19.017 [AsyncHttpClient-1-4] DEBUG org.asynchttpclient.netty.channel.ChannelManager - Adding key: http://localhost:21192 for channel [id: 0xcf1ff381, L:/127.0.0.1:62446 - R:localhost/127.0.0.1:21192]
06:33:19.019 [Forwarding clearElement on session 5a92d9b075369b4600bd3559d0bd6324 to remote] DEBUG org.asynchttpclient.netty.request.NettyRequestSender - Using pooled Channel '[id: 0xcf1ff381, L:/127.0.0.1:62446 - R:localhost/127.0.0.1:21192]' for 'POST' to 'http://localhost:21192/session/5a92d9b075369b4600bd3559d0bd6324/element/927bfb8c-7b2c-4995-9303-8791ecb05eee/clear'
06:33:19.019 [Forwarding clearElement on session 5a92d9b075369b4600bd3559d0bd6324 to remote] DEBUG org.asynchttpclient.netty.request.NettyRequestSender - Using open Channel [id: 0xcf1ff381, L:/127.0.0.1:62446 - R:localhost/127.0.0.1:21192] for POST '/session/5a92d9b075369b4600bd3559d0bd6324/element/927bfb8c-7b2c-4995-9303-8791ecb05eee/clear'
06:33:19.080 [AsyncHttpClient-1-4] DEBUG org.asynchttpclient.netty.handler.HttpHandler - 

Request DefaultHttpRequest(decodeResult: success, version: HTTP/1.1)
POST /session/5a92d9b075369b4600bd3559d0bd6324/element/927bfb8c-7b2c-4995-9303-8791ecb05eee/clear HTTP/1.1
User-Agent: selenium/4.8.1 (java windows)
Content-Length: 50
Content-Type: application/json; charset=utf-8
host: localhost:21192
accept: */*

Response DefaultHttpResponse(decodeResult: success, version: HTTP/1.1)
HTTP/1.1 200 OK
Content-Length: 14
Content-Type: application/json; charset=utf-8
cache-control: no-cache

06:33:19.081 [AsyncHttpClient-1-4] DEBUG org.asynchttpclient.netty.channel.ChannelManager - Adding key: http://localhost:21192 for channel [id: 0xcf1ff381, L:/127.0.0.1:62446 - R:localhost/127.0.0.1:21192]
06:33:19.083 [Forwarding sendKeysToElement on session 5a92d9b075369b4600bd3559d0bd6324 to remote] DEBUG org.asynchttpclient.netty.request.NettyRequestSender - Using pooled Channel '[id: 0xcf1ff381, L:/127.0.0.1:62446 - R:localhost/127.0.0.1:21192]' for 'POST' to 'http://localhost:21192/session/5a92d9b075369b4600bd3559d0bd6324/element/927bfb8c-7b2c-4995-9303-8791ecb05eee/value'
06:33:19.083 [Forwarding sendKeysToElement on session 5a92d9b075369b4600bd3559d0bd6324 to remote] DEBUG org.asynchttpclient.netty.request.NettyRequestSender - Using open Channel [id: 0xcf1ff381, L:/127.0.0.1:62446 - R:localhost/127.0.0.1:21192] for POST '/session/5a92d9b075369b4600bd3559d0bd6324/element/927bfb8c-7b2c-4995-9303-8791ecb05eee/value'
06:33:19.271 [AsyncHttpClient-1-4] DEBUG org.asynchttpclient.netty.handler.HttpHandler - 

Request DefaultHttpRequest(decodeResult: success, version: HTTP/1.1)
POST /session/5a92d9b075369b4600bd3559d0bd6324/element/927bfb8c-7b2c-4995-9303-8791ecb05eee/value HTTP/1.1
User-Agent: selenium/4.8.1 (java windows)
Content-Length: 241
Content-Type: application/json; charset=utf-8
host: localhost:21192
accept: */*

Response DefaultHttpResponse(decodeResult: success, version: HTTP/1.1)
HTTP/1.1 200 OK
Content-Length: 14
Content-Type: application/json; charset=utf-8
cache-control: no-cache

06:33:19.272 [AsyncHttpClient-1-4] DEBUG org.asynchttpclient.netty.channel.ChannelManager - Adding key: http://localhost:21192 for channel [id: 0xcf1ff381, L:/127.0.0.1:62446 - R:localhost/127.0.0.1:21192]
06:33:19.278 [main] DEBUG net.thucydides.core.steps.StepInterceptor - STEP DONE: userEnterAValidEmail
  &amp#27;[32mAnd &amp#27;[0m&amp#27;[32muser enter a valid email&amp#27;[0m                              &amp#27;[90m# starter.stepdefinitions.UserSteps.userEnterAValidEmail()&amp#27;[0m
06:33:19.293 [main] DEBUG net.thucydides.core.steps.StepInterceptor - STARTING STEP: UserSteps.userEnterAValidPassword - userEnterAValidPassword
06:33:19.298 [Forwarding findElement on session 5a92d9b075369b4600bd3559d0bd6324 to remote] DEBUG org.asynchttpclient.netty.request.NettyRequestSender - Using pooled Channel '[id: 0xcf1ff381, L:/127.0.0.1:62446 - R:localhost/127.0.0.1:21192]' for 'POST' to 'http://localhost:21192/session/5a92d9b075369b4600bd3559d0bd6324/element'
06:33:19.298 [Forwarding findElement on session 5a92d9b075369b4600bd3559d0bd6324 to remote] DEBUG org.asynchttpclient.netty.request.NettyRequestSender - Using open Channel [id: 0xcf1ff381, L:/127.0.0.1:62446 - R:localhost/127.0.0.1:21192] for POST '/session/5a92d9b075369b4600bd3559d0bd6324/element'
06:33:19.322 [AsyncHttpClient-1-4] DEBUG org.asynchttpclient.netty.handler.HttpHandler - 

Request DefaultHttpRequest(decodeResult: success, version: HTTP/1.1)
POST /session/5a92d9b075369b4600bd3559d0bd6324/element HTTP/1.1
User-Agent: selenium/4.8.1 (java windows)
Content-Length: 109
Content-Type: application/json; charset=utf-8
host: localhost:21192
accept: */*

Response DefaultHttpResponse(decodeResult: success, version: HTTP/1.1)
HTTP/1.1 200 OK
Content-Length: 88
Content-Type: application/json; charset=utf-8
cache-control: no-cache

06:33:19.322 [AsyncHttpClient-1-4] DEBUG org.asynchttpclient.netty.channel.ChannelManager - Adding key: http://localhost:21192 for channel [id: 0xcf1ff381, L:/127.0.0.1:62446 - R:localhost/127.0.0.1:21192]
06:33:19.325 [Forwarding clearElement on session 5a92d9b075369b4600bd3559d0bd6324 to remote] DEBUG org.asynchttpclient.netty.request.NettyRequestSender - Using pooled Channel '[id: 0xcf1ff381, L:/127.0.0.1:62446 - R:localhost/127.0.0.1:21192]' for 'POST' to 'http://localhost:21192/session/5a92d9b075369b4600bd3559d0bd6324/element/313c9383-d2c8-4116-87d0-c7469451911c/clear'
06:33:19.325 [Forwarding clearElement on session 5a92d9b075369b4600bd3559d0bd6324 to remote] DEBUG org.asynchttpclient.netty.request.NettyRequestSender - Using open Channel [id: 0xcf1ff381, L:/127.0.0.1:62446 - R:localhost/127.0.0.1:21192] for POST '/session/5a92d9b075369b4600bd3559d0bd6324/element/313c9383-d2c8-4116-87d0-c7469451911c/clear'
06:33:19.390 [AsyncHttpClient-1-4] DEBUG org.asynchttpclient.netty.handler.HttpHandler - 

Request DefaultHttpRequest(decodeResult: success, version: HTTP/1.1)
POST /session/5a92d9b075369b4600bd3559d0bd6324/element/313c9383-d2c8-4116-87d0-c7469451911c/clear HTTP/1.1
User-Agent: selenium/4.8.1 (java windows)
Content-Length: 50
Content-Type: application/json; charset=utf-8
host: localhost:21192
accept: */*

Response DefaultHttpResponse(decodeResult: success, version: HTTP/1.1)
HTTP/1.1 200 OK
Content-Length: 14
Content-Type: application/json; charset=utf-8
cache-control: no-cache

06:33:19.390 [AsyncHttpClient-1-4] DEBUG org.asynchttpclient.netty.channel.ChannelManager - Adding key: http://localhost:21192 for channel [id: 0xcf1ff381, L:/127.0.0.1:62446 - R:localhost/127.0.0.1:21192]
06:33:19.394 [Forwarding sendKeysToElement on session 5a92d9b075369b4600bd3559d0bd6324 to remote] DEBUG org.asynchttpclient.netty.request.NettyRequestSender - Using pooled Channel '[id: 0xcf1ff381, L:/127.0.0.1:62446 - R:localhost/127.0.0.1:21192]' for 'POST' to 'http://localhost:21192/session/5a92d9b075369b4600bd3559d0bd6324/element/313c9383-d2c8-4116-87d0-c7469451911c/value'
06:33:19.394 [Forwarding sendKeysToElement on session 5a92d9b075369b4600bd3559d0bd6324 to remote] DEBUG org.asynchttpclient.netty.request.NettyRequestSender - Using open Channel [id: 0xcf1ff381, L:/127.0.0.1:62446 - R:localhost/127.0.0.1:21192] for POST '/session/5a92d9b075369b4600bd3559d0bd6324/element/313c9383-d2c8-4116-87d0-c7469451911c/value'
06:33:19.544 [AsyncHttpClient-1-4] DEBUG org.asynchttpclient.netty.handler.HttpHandler - 

Request DefaultHttpRequest(decodeResult: success, version: HTTP/1.1)
POST /session/5a92d9b075369b4600bd3559d0bd6324/element/313c9383-d2c8-4116-87d0-c7469451911c/value HTTP/1.1
User-Agent: selenium/4.8.1 (java windows)
Content-Length: 111
Content-Type: application/json; charset=utf-8
host: localhost:21192
accept: */*

Response DefaultHttpResponse(decodeResult: success, version: HTTP/1.1)
HTTP/1.1 200 OK
Content-Length: 14
Content-Type: application/json; charset=utf-8
cache-control: no-cache

06:33:19.544 [AsyncHttpClient-1-4] DEBUG org.asynchttpclient.netty.channel.ChannelManager - Adding key: http://localhost:21192 for channel [id: 0xcf1ff381, L:/127.0.0.1:62446 - R:localhost/127.0.0.1:21192]
06:33:19.558 [main] DEBUG net.thucydides.core.steps.StepInterceptor - STEP DONE: userEnterAValidPassword
  &amp#27;[32mAnd &amp#27;[0m&amp#27;[32muser enter a valid password&amp#27;[0m                           &amp#27;[90m# starter.stepdefinitions.UserSteps.userEnterAValidPassword()&amp#27;[0m
06:33:19.585 [main] DEBUG net.thucydides.core.steps.StepInterceptor - STARTING STEP: UserSteps.userClickOnLoginButton - userClickOnLoginButton
06:33:19.595 [Forwarding findElement on session 5a92d9b075369b4600bd3559d0bd6324 to remote] DEBUG org.asynchttpclient.netty.request.NettyRequestSender - Using pooled Channel '[id: 0xcf1ff381, L:/127.0.0.1:62446 - R:localhost/127.0.0.1:21192]' for 'POST' to 'http://localhost:21192/session/5a92d9b075369b4600bd3559d0bd6324/element'
06:33:19.595 [Forwarding findElement on session 5a92d9b075369b4600bd3559d0bd6324 to remote] DEBUG org.asynchttpclient.netty.request.NettyRequestSender - Using open Channel [id: 0xcf1ff381, L:/127.0.0.1:62446 - R:localhost/127.0.0.1:21192] for POST '/session/5a92d9b075369b4600bd3559d0bd6324/element'
06:33:19.617 [AsyncHttpClient-1-4] DEBUG org.asynchttpclient.netty.handler.HttpHandler - 

Request DefaultHttpRequest(decodeResult: success, version: HTTP/1.1)
POST /session/5a92d9b075369b4600bd3559d0bd6324/element HTTP/1.1
User-Agent: selenium/4.8.1 (java windows)
Content-Length: 106
Content-Type: application/json; charset=utf-8
host: localhost:21192
accept: */*

Response DefaultHttpResponse(decodeResult: success, version: HTTP/1.1)
HTTP/1.1 200 OK
Content-Length: 88
Content-Type: application/json; charset=utf-8
cache-control: no-cache

06:33:19.617 [AsyncHttpClient-1-4] DEBUG org.asynchttpclient.netty.channel.ChannelManager - Adding key: http://localhost:21192 for channel [id: 0xcf1ff381, L:/127.0.0.1:62446 - R:localhost/127.0.0.1:21192]
06:33:19.621 [Forwarding getElementTagName on session 5a92d9b075369b4600bd3559d0bd6324 to remote] DEBUG org.asynchttpclient.netty.request.NettyRequestSender - Using pooled Channel '[id: 0xcf1ff381, L:/127.0.0.1:62446 - R:localhost/127.0.0.1:21192]' for 'GET' to 'http://localhost:21192/session/5a92d9b075369b4600bd3559d0bd6324/element/68d1f38d-adda-43d7-9acc-778ca6a7e105/name'
06:33:19.621 [Forwarding getElementTagName on session 5a92d9b075369b4600bd3559d0bd6324 to remote] DEBUG org.asynchttpclient.netty.request.NettyRequestSender - Using open Channel [id: 0xcf1ff381, L:/127.0.0.1:62446 - R:localhost/127.0.0.1:21192] for GET '/session/5a92d9b075369b4600bd3559d0bd6324/element/68d1f38d-adda-43d7-9acc-778ca6a7e105/name'
06:33:19.630 [AsyncHttpClient-1-4] DEBUG org.asynchttpclient.netty.handler.HttpHandler - 

Request DefaultFullHttpRequest(decodeResult: success, version: HTTP/1.1, content: EmptyByteBufBE)
GET /session/5a92d9b075369b4600bd3559d0bd6324/element/68d1f38d-adda-43d7-9acc-778ca6a7e105/name HTTP/1.1
User-Agent: selenium/4.8.1 (java windows)
Cache-Control: no-cache
Content-Type: application/json; charset=utf-8
host: localhost:21192
accept: */*

Response DefaultHttpResponse(decodeResult: success, version: HTTP/1.1)
HTTP/1.1 200 OK
Content-Length: 13
Content-Type: application/json; charset=utf-8
cache-control: no-cache

06:33:19.631 [AsyncHttpClient-1-4] DEBUG org.asynchttpclient.netty.channel.ChannelManager - Adding key: http://localhost:21192 for channel [id: 0xcf1ff381, L:/127.0.0.1:62446 - R:localhost/127.0.0.1:21192]
06:33:19.634 [Forwarding getElementTagName on session 5a92d9b075369b4600bd3559d0bd6324 to remote] DEBUG org.asynchttpclient.netty.request.NettyRequestSender - Using pooled Channel '[id: 0xcf1ff381, L:/127.0.0.1:62446 - R:localhost/127.0.0.1:21192]' for 'GET' to 'http://localhost:21192/session/5a92d9b075369b4600bd3559d0bd6324/element/68d1f38d-adda-43d7-9acc-778ca6a7e105/name'
06:33:19.634 [Forwarding getElementTagName on session 5a92d9b075369b4600bd3559d0bd6324 to remote] DEBUG org.asynchttpclient.netty.request.NettyRequestSender - Using open Channel [id: 0xcf1ff381, L:/127.0.0.1:62446 - R:localhost/127.0.0.1:21192] for GET '/session/5a92d9b075369b4600bd3559d0bd6324/element/68d1f38d-adda-43d7-9acc-778ca6a7e105/name'
06:33:19.643 [AsyncHttpClient-1-4] DEBUG org.asynchttpclient.netty.handler.HttpHandler - 

Request DefaultFullHttpRequest(decodeResult: success, version: HTTP/1.1, content: EmptyByteBufBE)
GET /session/5a92d9b075369b4600bd3559d0bd6324/element/68d1f38d-adda-43d7-9acc-778ca6a7e105/name HTTP/1.1
User-Agent: selenium/4.8.1 (java windows)
Cache-Control: no-cache
Content-Type: application/json; charset=utf-8
host: localhost:21192
accept: */*

Response DefaultHttpResponse(decodeResult: success, version: HTTP/1.1)
HTTP/1.1 200 OK
Content-Length: 13
Content-Type: application/json; charset=utf-8
cache-control: no-cache

06:33:19.643 [AsyncHttpClient-1-4] DEBUG org.asynchttpclient.netty.channel.ChannelManager - Adding key: http://localhost:21192 for channel [id: 0xcf1ff381, L:/127.0.0.1:62446 - R:localhost/127.0.0.1:21192]
06:33:19.647 [Forwarding findElement on session 5a92d9b075369b4600bd3559d0bd6324 to remote] DEBUG org.asynchttpclient.netty.request.NettyRequestSender - Using pooled Channel '[id: 0xcf1ff381, L:/127.0.0.1:62446 - R:localhost/127.0.0.1:21192]' for 'POST' to 'http://localhost:21192/session/5a92d9b075369b4600bd3559d0bd6324/element'
06:33:19.647 [Forwarding findElement on session 5a92d9b075369b4600bd3559d0bd6324 to remote] DEBUG org.asynchttpclient.netty.request.NettyRequestSender - Using open Channel [id: 0xcf1ff381, L:/127.0.0.1:62446 - R:localhost/127.0.0.1:21192] for POST '/session/5a92d9b075369b4600bd3559d0bd6324/element'
06:33:19.672 [AsyncHttpClient-1-4] DEBUG org.asynchttpclient.netty.handler.HttpHandler - 

Request DefaultHttpRequest(decodeResult: success, version: HTTP/1.1)
POST /session/5a92d9b075369b4600bd3559d0bd6324/element HTTP/1.1
User-Agent: selenium/4.8.1 (java windows)
Content-Length: 106
Content-Type: application/json; charset=utf-8
host: localhost:21192
accept: */*

Response DefaultHttpResponse(decodeResult: success, version: HTTP/1.1)
HTTP/1.1 200 OK
Content-Length: 88
Content-Type: application/json; charset=utf-8
cache-control: no-cache

06:33:19.673 [AsyncHttpClient-1-4] DEBUG org.asynchttpclient.netty.channel.ChannelManager - Adding key: http://localhost:21192 for channel [id: 0xcf1ff381, L:/127.0.0.1:62446 - R:localhost/127.0.0.1:21192]
06:33:19.675 [Forwarding clickElement on session 5a92d9b075369b4600bd3559d0bd6324 to remote] DEBUG org.asynchttpclient.netty.request.NettyRequestSender - Using pooled Channel '[id: 0xcf1ff381, L:/127.0.0.1:62446 - R:localhost/127.0.0.1:21192]' for 'POST' to 'http://localhost:21192/session/5a92d9b075369b4600bd3559d0bd6324/element/68d1f38d-adda-43d7-9acc-778ca6a7e105/click'
06:33:19.676 [Forwarding clickElement on session 5a92d9b075369b4600bd3559d0bd6324 to remote] DEBUG org.asynchttpclient.netty.request.NettyRequestSender - Using open Channel [id: 0xcf1ff381, L:/127.0.0.1:62446 - R:localhost/127.0.0.1:21192] for POST '/session/5a92d9b075369b4600bd3559d0bd6324/element/68d1f38d-adda-43d7-9acc-778ca6a7e105/click'
06:33:19.767 [AsyncHttpClient-1-4] DEBUG org.asynchttpclient.netty.handler.HttpHandler - 

Request DefaultHttpRequest(decodeResult: success, version: HTTP/1.1)
POST /session/5a92d9b075369b4600bd3559d0bd6324/element/68d1f38d-adda-43d7-9acc-778ca6a7e105/click HTTP/1.1
User-Agent: selenium/4.8.1 (java windows)
Content-Length: 50
Content-Type: application/json; charset=utf-8
host: localhost:21192
accept: */*

Response DefaultHttpResponse(decodeResult: success, version: HTTP/1.1)
HTTP/1.1 200 OK
Content-Length: 14
Content-Type: application/json; charset=utf-8
cache-control: no-cache

06:33:19.768 [AsyncHttpClient-1-4] DEBUG org.asynchttpclient.netty.channel.ChannelManager - Adding key: http://localhost:21192 for channel [id: 0xcf1ff381, L:/127.0.0.1:62446 - R:localhost/127.0.0.1:21192]
06:33:19.776 [main] DEBUG net.thucydides.core.steps.StepInterceptor - STEP DONE: userClickOnLoginButton
  &amp#27;[32mAnd &amp#27;[0m&amp#27;[32muser click on login button&amp#27;[0m                            &amp#27;[90m# starter.stepdefinitions.UserSteps.userClickOnLoginButton()&amp#27;[0m
06:33:19.795 [main] DEBUG net.thucydides.core.steps.StepInterceptor - STARTING STEP: UserSteps.userOnMainPage - userOnMainPage
06:33:19.798 [Forwarding get on session 5a92d9b075369b4600bd3559d0bd6324 to remote] DEBUG org.asynchttpclient.netty.request.NettyRequestSender - Using pooled Channel '[id: 0xcf1ff381, L:/127.0.0.1:62446 - R:localhost/127.0.0.1:21192]' for 'POST' to 'http://localhost:21192/session/5a92d9b075369b4600bd3559d0bd6324/url'
06:33:19.798 [Forwarding get on session 5a92d9b075369b4600bd3559d0bd6324 to remote] DEBUG org.asynchttpclient.netty.request.NettyRequestSender - Using open Channel [id: 0xcf1ff381, L:/127.0.0.1:62446 - R:localhost/127.0.0.1:21192] for POST '/session/5a92d9b075369b4600bd3559d0bd6324/url'
06:33:19.959 [AsyncHttpClient-1-1] DEBUG org.asynchttpclient.netty.channel.DefaultChannelPool - Entry count for : http://localhost:62447 : 1
06:33:20.364 [AsyncHttpClient-1-4] DEBUG org.asynchttpclient.netty.handler.HttpHandler - 

Request DefaultHttpRequest(decodeResult: success, version: HTTP/1.1)
POST /session/5a92d9b075369b4600bd3559d0bd6324/url HTTP/1.1
User-Agent: selenium/4.8.1 (java windows)
Content-Length: 59
Content-Type: application/json; charset=utf-8
host: localhost:21192
accept: */*

Response DefaultHttpResponse(decodeResult: success, version: HTTP/1.1)
HTTP/1.1 200 OK
Content-Length: 14
Content-Type: application/json; charset=utf-8
cache-control: no-cache

06:33:20.365 [AsyncHttpClient-1-4] DEBUG org.asynchttpclient.netty.channel.ChannelManager - Adding key: http://localhost:21192 for channel [id: 0xcf1ff381, L:/127.0.0.1:62446 - R:localhost/127.0.0.1:21192]
06:33:20.378 [Forwarding findElement on session 5a92d9b075369b4600bd3559d0bd6324 to remote] DEBUG org.asynchttpclient.netty.request.NettyRequestSender - Using pooled Channel '[id: 0xcf1ff381, L:/127.0.0.1:62446 - R:localhost/127.0.0.1:21192]' for 'POST' to 'http://localhost:21192/session/5a92d9b075369b4600bd3559d0bd6324/element'
06:33:20.378 [Forwarding findElement on session 5a92d9b075369b4600bd3559d0bd6324 to remote] DEBUG org.asynchttpclient.netty.request.NettyRequestSender - Using open Channel [id: 0xcf1ff381, L:/127.0.0.1:62446 - R:localhost/127.0.0.1:21192] for POST '/session/5a92d9b075369b4600bd3559d0bd6324/element'
06:33:20.411 [AsyncHttpClient-1-4] DEBUG org.asynchttpclient.netty.handler.HttpHandler - 

Request DefaultHttpRequest(decodeResult: success, version: HTTP/1.1)
POST /session/5a92d9b075369b4600bd3559d0bd6324/element HTTP/1.1
User-Agent: selenium/4.8.1 (java windows)
Content-Length: 70
Content-Type: application/json; charset=utf-8
host: localhost:21192
accept: */*

Response DefaultHttpResponse(decodeResult: success, version: HTTP/1.1)
HTTP/1.1 200 OK
Content-Length: 88
Content-Type: application/json; charset=utf-8
cache-control: no-cache

06:33:20.411 [AsyncHttpClient-1-4] DEBUG org.asynchttpclient.netty.channel.ChannelManager - Adding key: http://localhost:21192 for channel [id: 0xcf1ff381, L:/127.0.0.1:62446 - R:localhost/127.0.0.1:21192]
06:33:20.430 [Forwarding isElementDisplayed on session 5a92d9b075369b4600bd3559d0bd6324 to remote] DEBUG org.asynchttpclient.netty.request.NettyRequestSender - Using pooled Channel '[id: 0xcf1ff381, L:/127.0.0.1:62446 - R:localhost/127.0.0.1:21192]' for 'POST' to 'http://localhost:21192/session/5a92d9b075369b4600bd3559d0bd6324/execute/sync'
06:33:20.430 [Forwarding isElementDisplayed on session 5a92d9b075369b4600bd3559d0bd6324 to remote] DEBUG org.asynchttpclient.netty.request.NettyRequestSender - Using open Channel [id: 0xcf1ff381, L:/127.0.0.1:62446 - R:localhost/127.0.0.1:21192] for POST '/session/5a92d9b075369b4600bd3559d0bd6324/execute/sync'
06:33:20.456 [AsyncHttpClient-1-4] DEBUG org.asynchttpclient.netty.handler.HttpHandler - 

Request DefaultHttpRequest(decodeResult: success, version: HTTP/1.1)
POST /session/5a92d9b075369b4600bd3559d0bd6324/execute/sync HTTP/1.1
User-Agent: selenium/4.8.1 (java windows)
Content-Length: 48807
Content-Type: application/json; charset=utf-8
host: localhost:21192
accept: */*

Response DefaultHttpResponse(decodeResult: success, version: HTTP/1.1)
HTTP/1.1 200 OK
Content-Length: 14
Content-Type: application/json; charset=utf-8
cache-control: no-cache

06:33:20.457 [AsyncHttpClient-1-4] DEBUG org.asynchttpclient.netty.channel.ChannelManager - Adding key: http://localhost:21192 for channel [id: 0xcf1ff381, L:/127.0.0.1:62446 - R:localhost/127.0.0.1:21192]
06:33:20.462 [Forwarding isElementDisplayed on session 5a92d9b075369b4600bd3559d0bd6324 to remote] DEBUG org.asynchttpclient.netty.request.NettyRequestSender - Using pooled Channel '[id: 0xcf1ff381, L:/127.0.0.1:62446 - R:localhost/127.0.0.1:21192]' for 'POST' to 'http://localhost:21192/session/5a92d9b075369b4600bd3559d0bd6324/execute/sync'
06:33:20.462 [Forwarding isElementDisplayed on session 5a92d9b075369b4600bd3559d0bd6324 to remote] DEBUG org.asynchttpclient.netty.request.NettyRequestSender - Using open Channel [id: 0xcf1ff381, L:/127.0.0.1:62446 - R:localhost/127.0.0.1:21192] for POST '/session/5a92d9b075369b4600bd3559d0bd6324/execute/sync'
06:33:20.480 [AsyncHttpClient-1-4] DEBUG org.asynchttpclient.netty.handler.HttpHandler - 

Request DefaultHttpRequest(decodeResult: success, version: HTTP/1.1)
POST /session/5a92d9b075369b4600bd3559d0bd6324/execute/sync HTTP/1.1
User-Agent: selenium/4.8.1 (java windows)
Content-Length: 48807
Content-Type: application/json; charset=utf-8
host: localhost:21192
accept: */*

Response DefaultHttpResponse(decodeResult: success, version: HTTP/1.1)
HTTP/1.1 200 OK
Content-Length: 14
Content-Type: application/json; charset=utf-8
cache-control: no-cache

06:33:20.480 [AsyncHttpClient-1-4] DEBUG org.asynchttpclient.netty.channel.ChannelManager - Adding key: http://localhost:21192 for channel [id: 0xcf1ff381, L:/127.0.0.1:62446 - R:localhost/127.0.0.1:21192]
06:33:20.483 [main] DEBUG net.thucydides.core.steps.StepInterceptor - STEP DONE: userOnMainPage
  &amp#27;[32mAnd &amp#27;[0m&amp#27;[32muser on main page&amp#27;[0m                                     &amp#27;[90m# starter.stepdefinitions.UserSteps.userOnMainPage()&amp#27;[0m
06:33:20.496 [main] DEBUG net.thucydides.core.steps.StepInterceptor - STARTING STEP: UserSteps.userClickAccountButton - userClickAccountButton
06:33:20.501 [Forwarding findElement on session 5a92d9b075369b4600bd3559d0bd6324 to remote] DEBUG org.asynchttpclient.netty.request.NettyRequestSender - Using pooled Channel '[id: 0xcf1ff381, L:/127.0.0.1:62446 - R:localhost/127.0.0.1:21192]' for 'POST' to 'http://localhost:21192/session/5a92d9b075369b4600bd3559d0bd6324/element'
06:33:20.501 [Forwarding findElement on session 5a92d9b075369b4600bd3559d0bd6324 to remote] DEBUG org.asynchttpclient.netty.request.NettyRequestSender - Using open Channel [id: 0xcf1ff381, L:/127.0.0.1:62446 - R:localhost/127.0.0.1:21192] for POST '/session/5a92d9b075369b4600bd3559d0bd6324/element'
06:33:21.061 [AsyncHttpClient-1-1] DEBUG org.asynchttpclient.netty.channel.DefaultChannelPool - Entry count for : http://localhost:62447 : 1
06:33:22.163 [AsyncHttpClient-1-1] DEBUG org.asynchttpclient.netty.channel.DefaultChannelPool - Entry count for : http://localhost:62447 : 1
06:33:23.265 [AsyncHttpClient-1-1] DEBUG org.asynchttpclient.netty.channel.DefaultChannelPool - Entry count for : http://localhost:62447 : 1
06:33:24.359 [AsyncHttpClient-1-1] DEBUG org.asynchttpclient.netty.channel.DefaultChannelPool - Entry count for : http://localhost:62447 : 1
06:33:24.479 [AsyncHttpClient-1-4] DEBUG org.asynchttpclient.netty.handler.HttpHandler - 

Request DefaultHttpRequest(decodeResult: success, version: HTTP/1.1)
POST /session/5a92d9b075369b4600bd3559d0bd6324/element HTTP/1.1
User-Agent: selenium/4.8.1 (java windows)
Content-Length: 103
Content-Type: application/json; charset=utf-8
host: localhost:21192
accept: */*

Response DefaultHttpResponse(decodeResult: success, version: HTTP/1.1)
HTTP/1.1 404 Not Found
Content-Length: 1004
Content-Type: application/json; charset=utf-8
cache-control: no-cache

06:33:24.480 [AsyncHttpClient-1-4] DEBUG org.asynchttpclient.netty.channel.ChannelManager - Adding key: http://localhost:21192 for channel [id: 0xcf1ff381, L:/127.0.0.1:62446 - R:localhost/127.0.0.1:21192]
06:33:24.606 [Forwarding findElement on session 5a92d9b075369b4600bd3559d0bd6324 to remote] DEBUG org.asynchttpclient.netty.request.NettyRequestSender - Using pooled Channel '[id: 0xcf1ff381, L:/127.0.0.1:62446 - R:localhost/127.0.0.1:21192]' for 'POST' to 'http://localhost:21192/session/5a92d9b075369b4600bd3559d0bd6324/element'
06:33:24.606 [Forwarding findElement on session 5a92d9b075369b4600bd3559d0bd6324 to remote] DEBUG org.asynchttpclient.netty.request.NettyRequestSender - Using open Channel [id: 0xcf1ff381, L:/127.0.0.1:62446 - R:localhost/127.0.0.1:21192] for POST '/session/5a92d9b075369b4600bd3559d0bd6324/element'
06:33:25.462 [AsyncHttpClient-1-1] DEBUG org.asynchttpclient.netty.channel.DefaultChannelPool - Entry count for : http://localhost:62447 : 1
06:33:26.559 [AsyncHttpClient-1-1] DEBUG org.asynchttpclient.netty.channel.DefaultChannelPool - Entry count for : http://localhost:62447 : 1
06:33:26.825 [AsyncHttpClient-1-4] DEBUG org.asynchttpclient.netty.handler.HttpHandler - 

Request DefaultHttpRequest(decodeResult: success, version: HTTP/1.1)
POST /session/5a92d9b075369b4600bd3559d0bd6324/element HTTP/1.1
User-Agent: selenium/4.8.1 (java windows)
Content-Length: 103
Content-Type: application/json; charset=utf-8
host: localhost:21192
accept: */*

Response DefaultHttpResponse(decodeResult: success, version: HTTP/1.1)
HTTP/1.1 404 Not Found
Content-Length: 1004
Content-Type: application/json; charset=utf-8
cache-control: no-cache

06:33:26.826 [AsyncHttpClient-1-4] DEBUG org.asynchttpclient.netty.channel.ChannelManager - Adding key: http://localhost:21192 for channel [id: 0xcf1ff381, L:/127.0.0.1:62446 - R:localhost/127.0.0.1:21192]
06:33:26.858 [main] DEBUG net.serenitybdd.core.photography.Darkroom - Opening darkroom
06:33:26.862 [Darkroom Processing Line] DEBUG net.serenitybdd.core.photography.DarkroomProcessingLine - Darkroom processing line starting up
06:33:26.900 [Forwarding getAlertText on session 5a92d9b075369b4600bd3559d0bd6324 to remote] DEBUG org.asynchttpclient.netty.request.NettyRequestSender - Using pooled Channel '[id: 0xcf1ff381, L:/127.0.0.1:62446 - R:localhost/127.0.0.1:21192]' for 'GET' to 'http://localhost:21192/session/5a92d9b075369b4600bd3559d0bd6324/alert/text'
06:33:26.900 [Forwarding getAlertText on session 5a92d9b075369b4600bd3559d0bd6324 to remote] DEBUG org.asynchttpclient.netty.request.NettyRequestSender - Using open Channel [id: 0xcf1ff381, L:/127.0.0.1:62446 - R:localhost/127.0.0.1:21192] for GET '/session/5a92d9b075369b4600bd3559d0bd6324/alert/text'
06:33:26.906 [AsyncHttpClient-1-4] DEBUG org.asynchttpclient.netty.handler.HttpHandler - 

Request DefaultFullHttpRequest(decodeResult: success, version: HTTP/1.1, content: EmptyByteBufBE)
GET /session/5a92d9b075369b4600bd3559d0bd6324/alert/text HTTP/1.1
User-Agent: selenium/4.8.1 (java windows)
Cache-Control: no-cache
Content-Type: application/json; charset=utf-8
host: localhost:21192
accept: */*

Response DefaultHttpResponse(decodeResult: success, version: HTTP/1.1)
HTTP/1.1 404 Not Found
Content-Length: 848
Content-Type: application/json; charset=utf-8
cache-control: no-cache

06:33:26.906 [AsyncHttpClient-1-4] DEBUG org.asynchttpclient.netty.channel.ChannelManager - Adding key: http://localhost:21192 for channel [id: 0xcf1ff381, L:/127.0.0.1:62446 - R:localhost/127.0.0.1:21192]
06:33:26.911 [Forwarding getCurrentUrl on session 5a92d9b075369b4600bd3559d0bd6324 to remote] DEBUG org.asynchttpclient.netty.request.NettyRequestSender - Using pooled Channel '[id: 0xcf1ff381, L:/127.0.0.1:62446 - R:localhost/127.0.0.1:21192]' for 'GET' to 'http://localhost:21192/session/5a92d9b075369b4600bd3559d0bd6324/url'
06:33:26.911 [Forwarding getCurrentUrl on session 5a92d9b075369b4600bd3559d0bd6324 to remote] DEBUG org.asynchttpclient.netty.request.NettyRequestSender - Using open Channel [id: 0xcf1ff381, L:/127.0.0.1:62446 - R:localhost/127.0.0.1:21192] for GET '/session/5a92d9b075369b4600bd3559d0bd6324/url'
06:33:26.979 [AsyncHttpClient-1-4] DEBUG org.asynchttpclient.netty.handler.HttpHandler - 

Request DefaultFullHttpRequest(decodeResult: success, version: HTTP/1.1, content: EmptyByteBufBE)
GET /session/5a92d9b075369b4600bd3559d0bd6324/url HTTP/1.1
User-Agent: selenium/4.8.1 (java windows)
Cache-Control: no-cache
Content-Type: application/json; charset=utf-8
host: localhost:21192
accept: */*

Response DefaultHttpResponse(decodeResult: success, version: HTTP/1.1)
HTTP/1.1 200 OK
Content-Length: 41
Content-Type: application/json; charset=utf-8
cache-control: no-cache

06:33:26.979 [AsyncHttpClient-1-4] DEBUG org.asynchttpclient.netty.channel.ChannelManager - Adding key: http://localhost:21192 for channel [id: 0xcf1ff381, L:/127.0.0.1:62446 - R:localhost/127.0.0.1:21192]
06:33:26.988 [Forwarding screenshot on session 5a92d9b075369b4600bd3559d0bd6324 to remote] DEBUG org.asynchttpclient.netty.request.NettyRequestSender - Using pooled Channel '[id: 0xcf1ff381, L:/127.0.0.1:62446 - R:localhost/127.0.0.1:21192]' for 'GET' to 'http://localhost:21192/session/5a92d9b075369b4600bd3559d0bd6324/screenshot'
06:33:26.988 [Forwarding screenshot on session 5a92d9b075369b4600bd3559d0bd6324 to remote] DEBUG org.asynchttpclient.netty.request.NettyRequestSender - Using open Channel [id: 0xcf1ff381, L:/127.0.0.1:62446 - R:localhost/127.0.0.1:21192] for GET '/session/5a92d9b075369b4600bd3559d0bd6324/screenshot'
06:33:27.163 [AsyncHttpClient-1-4] DEBUG org.asynchttpclient.netty.handler.HttpHandler - 

Request DefaultFullHttpRequest(decodeResult: success, version: HTTP/1.1, content: EmptyByteBufBE)
GET /session/5a92d9b075369b4600bd3559d0bd6324/screenshot HTTP/1.1
User-Agent: selenium/4.8.1 (java windows)
Cache-Control: no-cache
Content-Type: application/json; charset=utf-8
host: localhost:21192
accept: */*

Response DefaultHttpResponse(decodeResult: success, version: HTTP/1.1)
HTTP/1.1 200 OK
Content-Length: 91732
Content-Type: application/json; charset=utf-8
cache-control: no-cache

06:33:27.165 [AsyncHttpClient-1-4] DEBUG org.asynchttpclient.netty.channel.ChannelManager - Adding key: http://localhost:21192 for channel [id: 0xcf1ff381, L:/127.0.0.1:62446 - R:localhost/127.0.0.1:21192]
06:33:27.281 [main] DEBUG net.serenitybdd.core.photography.Darkroom - Send negative for processing for target\site\serenity\a5764ca88ad6ab07fcd2cde1cbd1e2c599de8f935e1f6b64a3bdc1b8ce039e73.png
06:33:27.282 [Darkroom Processing Line] DEBUG net.serenitybdd.core.photography.DarkroomProcessingLine - Processing screenshot image in /var/screenshots/screenshot-11956533022851480631
06:33:27.282 [Darkroom Processing Line] DEBUG net.serenitybdd.core.photography.DarkroomProcessingLine - Saving screenshot to target\site\serenity\a5764ca88ad6ab07fcd2cde1cbd1e2c599de8f935e1f6b64a3bdc1b8ce039e73.png
06:33:27.286 [Forwarding getPageSource on session 5a92d9b075369b4600bd3559d0bd6324 to remote] DEBUG org.asynchttpclient.netty.request.NettyRequestSender - Using pooled Channel '[id: 0xcf1ff381, L:/127.0.0.1:62446 - R:localhost/127.0.0.1:21192]' for 'POST' to 'http://localhost:21192/session/5a92d9b075369b4600bd3559d0bd6324/execute/sync'
06:33:27.286 [Forwarding getPageSource on session 5a92d9b075369b4600bd3559d0bd6324 to remote] DEBUG org.asynchttpclient.netty.request.NettyRequestSender - Using open Channel [id: 0xcf1ff381, L:/127.0.0.1:62446 - R:localhost/127.0.0.1:21192] for POST '/session/5a92d9b075369b4600bd3559d0bd6324/execute/sync'
06:33:27.398 [AsyncHttpClient-1-4] DEBUG org.asynchttpclient.netty.handler.HttpHandler - 

Request DefaultHttpRequest(decodeResult: success, version: HTTP/1.1)
POST /session/5a92d9b075369b4600bd3559d0bd6324/execute/sync HTTP/1.1
User-Agent: selenium/4.8.1 (java windows)
Content-Length: 176
Content-Type: application/json; charset=utf-8
host: localhost:21192
accept: */*

Response DefaultHttpResponse(decodeResult: success, version: HTTP/1.1)
HTTP/1.1 200 OK
Content-Length: 837624
Content-Type: application/json; charset=utf-8
cache-control: no-cache

06:33:27.405 [AsyncHttpClient-1-4] DEBUG org.asynchttpclient.netty.channel.ChannelManager - Adding key: http://localhost:21192 for channel [id: 0xcf1ff381, L:/127.0.0.1:62446 - R:localhost/127.0.0.1:21192]
06:33:27.663 [AsyncHttpClient-1-1] DEBUG org.asynchttpclient.netty.channel.DefaultChannelPool - Entry count for : http://localhost:21192 : 1
06:33:27.663 [AsyncHttpClient-1-1] DEBUG org.asynchttpclient.netty.channel.DefaultChannelPool - Entry count for : http://localhost:62447 : 1
06:33:28.011 [Forwarding getCurrentUrl on session 5a92d9b075369b4600bd3559d0bd6324 to remote] DEBUG org.asynchttpclient.netty.request.NettyRequestSender - Using pooled Channel '[id: 0xcf1ff381, L:/127.0.0.1:62446 - R:localhost/127.0.0.1:21192]' for 'GET' to 'http://localhost:21192/session/5a92d9b075369b4600bd3559d0bd6324/url'
06:33:28.012 [Forwarding getCurrentUrl on session 5a92d9b075369b4600bd3559d0bd6324 to remote] DEBUG org.asynchttpclient.netty.request.NettyRequestSender - Using open Channel [id: 0xcf1ff381, L:/127.0.0.1:62446 - R:localhost/127.0.0.1:21192] for GET '/session/5a92d9b075369b4600bd3559d0bd6324/url'
06:33:28.015 [AsyncHttpClient-1-4] DEBUG org.asynchttpclient.netty.handler.HttpHandler - 

Request DefaultFullHttpRequest(decodeResult: success, version: HTTP/1.1, content: EmptyByteBufBE)
GET /session/5a92d9b075369b4600bd3559d0bd6324/url HTTP/1.1
User-Agent: selenium/4.8.1 (java windows)
Cache-Control: no-cache
Content-Type: application/json; charset=utf-8
host: localhost:21192
accept: */*

Response DefaultHttpResponse(decodeResult: success, version: HTTP/1.1)
HTTP/1.1 200 OK
Content-Length: 41
Content-Type: application/json; charset=utf-8
cache-control: no-cache

06:33:28.016 [AsyncHttpClient-1-4] DEBUG org.asynchttpclient.netty.channel.ChannelManager - Adding key: http://localhost:21192 for channel [id: 0xcf1ff381, L:/127.0.0.1:62446 - R:localhost/127.0.0.1:21192]
  &amp#27;[31mAnd &amp#27;[0m&amp#27;[31muser click account button&amp#27;[0m                             &amp#27;[90m# starter.stepdefinitions.UserSteps.userClickAccountButton()&amp#27;[0m
      &amp#27;[31mnet.thucydides.core.webdriver.exceptions.ElementShouldBeEnabledException: Expected enabled element was not enabled
	at net.serenitybdd.core.pages.WebElementFacadeImpl.waitUntilEnabled(WebElementFacadeImpl.java:1122)
	at net.serenitybdd.core.pages.WebElementFacadeImpl.waitUntilElementAvailable(WebElementFacadeImpl.java:906)
	at net.serenitybdd.core.pages.WebElementFacadeImpl.click(WebElementFacadeImpl.java:1204)
	at net.serenitybdd.core.pages.WebElementFacadeImpl.click(WebElementFacadeImpl.java:1224)
	at MiniProjectWeb@1.0-SNAPSHOT/starter.user.TransactionPage.userClickAccountButton(TransactionPage.java:17)
	at MiniProjectWeb@1.0-SNAPSHOT/starter.user.TransactionPage$ByteBuddy$llkNh8kB.userClickAccountButton$accessor$PvxXquql(Unknown Source)
	at java.base/jdk.internal.reflect.NativeMethodAccessorImpl.invoke0(Native Method)
	at java.base/jdk.internal.reflect.NativeMethodAccessorImpl.invoke(NativeMethodAccessorImpl.java:62)
	at java.base/jdk.internal.reflect.DelegatingMethodAccessorImpl.invoke(DelegatingMethodAccessorImpl.java:43)
	at java.base/java.lang.reflect.Method.invoke(Method.java:564)
	at net.thucydides.core.steps.StepInterceptor.invokeMethod(StepInterceptor.java:518)
	at net.thucydides.core.steps.StepInterceptor.executeTestStepMethod(StepInterceptor.java:498)
	at net.thucydides.core.steps.StepInterceptor.runTestStep(StepInterceptor.java:472)
	at net.thucydides.core.steps.StepInterceptor.runOrSkipMethod(StepInterceptor.java:211)
	at net.thucydides.core.steps.StepInterceptor.testStepResult(StepInterceptor.java:198)
	at net.thucydides.core.steps.StepInterceptor.intercept(StepInterceptor.java:86)
	at net.thucydides.core.steps.ProxyConfiguration$InterceptorDispatcher.intercept(ProxyConfiguration.java:51)
	at MiniProjectWeb@1.0-SNAPSHOT/starter.user.TransactionPage$ByteBuddy$llkNh8kB.userClickAccountButton(Unknown Source)
	at MiniProjectWeb@1.0-SNAPSHOT/starter.stepdefinitions.UserSteps.userClickAccountButton(UserSteps.java:126)
	at âœ½.user click account button(file:///C:/Users/Lenovo/IdeaProjects/MiniProject/MiniProjectWeb/src/test/resources/features/user.feature:91)
Caused by: org.openqa.selenium.TimeoutException: Expected condition failed: waiting for By.xpath: //i[@class='v-icon notranslate fas fa-user theme--dark'] to be enabled (tried for 5 second(s) with 100 milliseconds interval)
	at org.openqa.selenium.support.ui.FluentWait.timeoutException(FluentWait.java:263)
	at org.openqa.selenium.support.ui.FluentWait.until(FluentWait.java:231)
	at net.serenitybdd.core.pages.WebElementFacadeImpl.waitUntilEnabled(WebElementFacadeImpl.java:1119)
	at net.serenitybdd.core.pages.WebElementFacadeImpl.waitUntilElementAvailable(WebElementFacadeImpl.java:906)
	at net.serenitybdd.core.pages.WebElementFacadeImpl.click(WebElementFacadeImpl.java:1204)
	at net.serenitybdd.core.pages.WebElementFacadeImpl.click(WebElementFacadeImpl.java:1224)
	at MiniProjectWeb@1.0-SNAPSHOT/starter.user.TransactionPage.userClickAccountButton(TransactionPage.java:17)
	at MiniProjectWeb@1.0-SNAPSHOT/starter.user.TransactionPage$ByteBuddy$llkNh8kB.userClickAccountButton$accessor$PvxXquql(Unknown Source)
	at java.base/jdk.internal.reflect.NativeMethodAccessorImpl.invoke0(Native Method)
	at java.base/jdk.internal.reflect.NativeMethodAccessorImpl.invoke(NativeMethodAccessorImpl.java:62)
	at java.base/jdk.internal.reflect.DelegatingMethodAccessorImpl.invoke(DelegatingMethodAccessorImpl.java:43)
	at java.base/java.lang.reflect.Method.invoke(Method.java:564)
	at net.thucydides.core.steps.StepInterceptor.invokeMethod(StepInterceptor.java:518)
	at net.thucydides.core.steps.StepInterceptor.executeTestStepMethod(StepInterceptor.java:498)
	at net.thucydides.core.steps.StepInterceptor.runTestStep(StepInterceptor.java:472)
	at net.thucydides.core.steps.StepInterceptor.runOrSkipMethod(StepInterceptor.java:211)
	at net.thucydides.core.steps.StepInterceptor.testStepResult(StepInterceptor.java:198)
	at net.thucydides.core.steps.StepInterceptor.intercept(StepInterceptor.java:86)
	at net.thucydides.core.steps.ProxyConfiguration$InterceptorDispatcher.intercept(ProxyConfiguration.java:51)
	at MiniProjectWeb@1.0-SNAPSHOT/starter.user.TransactionPage$ByteBuddy$llkNh8kB.userClickAccountButton(Unknown Source)
	at MiniProjectWeb@1.0-SNAPSHOT/starter.stepdefinitions.UserSteps.userClickAccountButton(UserSteps.java:126)
	at java.base/jdk.internal.reflect.NativeMethodAccessorImpl.invoke0(Native Method)
	at java.base/jdk.internal.reflect.NativeMethodAccessorImpl.invoke(NativeMethodAccessorImpl.java:62)
	at java.base/jdk.internal.reflect.DelegatingMethodAccessorImpl.invoke(DelegatingMethodAccessorImpl.java:43)
	at java.base/java.lang.reflect.Method.invoke(Method.java:564)
	at io.cucumber.java.Invoker.doInvoke(Invoker.java:66)
	at io.cucumber.java.Invoker.invoke(Invoker.java:24)
	at io.cucumber.java.AbstractGlueDefinition.invokeMethod(AbstractGlueDefinition.java:47)
	at io.cucumber.java.JavaStepDefinition.execute(JavaStepDefinition.java:29)
	at io.cucumber.core.runner.CoreStepDefinition.execute(CoreStepDefinition.java:66)
	at io.cucumber.core.runner.PickleStepDefinitionMatch.runStep(PickleStepDefinitionMatch.java:63)
	at io.cucumber.core.runner.ExecutionMode$1.execute(ExecutionMode.java:10)
	at io.cucumber.core.runner.TestStep.executeStep(TestStep.java:84)
	at io.cucumber.core.runner.TestStep.run(TestStep.java:56)
	at io.cucumber.core.runner.PickleStepTestStep.run(PickleStepTestStep.java:51)
	at io.cucumber.core.runner.TestCase.run(TestCase.java:84)
	at io.cucumber.core.runner.Runner.runPickle(Runner.java:75)
	at io.cucumber.junit.PickleRunners$NoStepDescriptions.lambda$run$0(PickleRunners.java:151)
	at io.cucumber.core.runtime.CucumberExecutionContext.lambda$runTestCase$5(CucumberExecutionContext.java:130)
	at io.cucumber.core.runtime.RethrowingThrowableCollector.executeAndThrow(RethrowingThrowableCollector.java:23)
	at io.cucumber.core.runtime.CucumberExecutionContext.runTestCase(CucumberExecutionContext.java:130)
	at io.cucumber.junit.PickleRunners$NoStepDescriptions.run(PickleRunners.java:148)
	at io.cucumber.junit.FeatureRunner.runChild(FeatureRunner.java:144)
	at io.cucumber.junit.FeatureRunner.runChild(FeatureRunner.java:28)
	at org.junit.runners.ParentRunner$4.run(ParentRunner.java:331)
	at org.junit.runners.ParentRunner$1.schedule(ParentRunner.java:79)
	at org.junit.runners.ParentRunner.runChildren(ParentRunner.java:329)
	at org.junit.runners.ParentRunner.access$100(ParentRunner.java:66)
	at org.junit.runners.ParentRunner$2.evaluate(ParentRunner.java:293)
	at org.junit.runners.ParentRunner$3.evaluate(ParentRunner.java:306)
	at org.junit.runners.ParentRunner.run(ParentRunner.java:413)
	at io.cucumber.junit.FeatureRunner.run(FeatureRunner.java:137)
	at io.cucumber.junit.CucumberSerenityBaseRunner.runChild(CucumberSerenityBaseRunner.java:330)
	at io.cucumber.junit.CucumberSerenityBaseRunner.runChild(CucumberSerenityBaseRunner.java:51)
	at org.junit.runners.ParentRunner$4.run(ParentRunner.java:331)
	at org.junit.runners.ParentRunner$1.schedule(ParentRunner.java:79)
	at org.junit.runners.ParentRunner.runChildren(ParentRunner.java:329)
	at org.junit.runners.ParentRunner.access$100(ParentRunner.java:66)
	at org.junit.runners.ParentRunner$2.evaluate(ParentRunner.java:293)
	at io.cucumber.junit.CucumberSerenityBaseRunner$RunCucumber.evaluate(CucumberSerenityBaseRunner.java:361)
	at org.junit.runners.ParentRunner$3.evaluate(ParentRunner.java:306)
	at org.junit.runners.ParentRunner.run(ParentRunner.java:413)
	at org.junit.runner.JUnitCore.run(JUnitCore.java:137)
	at org.junit.runner.JUnitCore.run(JUnitCore.java:115)
	at org.junit.vintage.engine.execution.RunnerExecutor.execute(RunnerExecutor.java:42)
	at org.junit.vintage.engine.VintageTestEngine.executeAllChildren(VintageTestEngine.java:80)
	at org.junit.vintage.engine.VintageTestEngine.execute(VintageTestEngine.java:72)
	at org.junit.platform.launcher.core.EngineExecutionOrchestrator.execute(EngineExecutionOrchestrator.java:107)
	at org.junit.platform.launcher.core.EngineExecutionOrchestrator.execute(EngineExecutionOrchestrator.java:88)
	at org.junit.platform.launcher.core.EngineExecutionOrchestrator.lambda$execute$0(EngineExecutionOrchestrator.java:54)
	at org.junit.platform.launcher.core.EngineExecutionOrchestrator.withInterceptedStreams(EngineExecutionOrchestrator.java:67)
	at org.junit.platform.launcher.core.EngineExecutionOrchestrator.execute(EngineExecutionOrchestrator.java:52)
	at org.junit.platform.launcher.core.DefaultLauncher.execute(DefaultLauncher.java:114)
	at org.junit.platform.launcher.core.DefaultLauncher.execute(DefaultLauncher.java:86)
	at org.junit.platform.launcher.core.DefaultLauncherSession$DelegatingLauncher.execute(DefaultLauncherSession.java:86)
	at org.junit.platform.launcher.core.SessionPerRequestLauncher.execute(SessionPerRequestLauncher.java:53)
	at org.apache.maven.surefire.junitplatform.JUnitPlatformProvider.execute(JUnitPlatformProvider.java:188)
	at org.apache.maven.surefire.junitplatform.JUnitPlatformProvider.invokeAllTests(JUnitPlatformProvider.java:154)
	at org.apache.maven.surefire.junitplatform.JUnitPlatformProvider.invoke(JUnitPlatformProvider.java:128)
	at org.apache.maven.surefire.booter.ForkedBooter.runSuitesInProcess(ForkedBooter.java:428)
	at org.apache.maven.surefire.booter.ForkedBooter.execute(ForkedBooter.java:162)
	at org.apache.maven.surefire.booter.ForkedBooter.run(ForkedBooter.java:562)
	at org.apache.maven.surefire.booter.ForkedBooter.main(ForkedBooter.java:548)
Caused by: org.openqa.selenium.NoSuchElementException: no such element: Unable to locate element: {"method":"xpath","selector":"//i[@class='v-icon notranslate fas fa-user theme--dark']"}
  (Session info: chrome=112.0.5615.138)
For documentation on this error, please visit: https://selenium.dev/exceptions/#no_such_element
Build info: version: '4.8.1', revision: '8ebccac989'
System info: os.name: 'Windows 10', os.arch: 'amd64', os.version: '10.0', java.version: '14.0.2'
Driver info: org.openqa.selenium.chrome.ChromeDriver
Command: [5a92d9b075369b4600bd3559d0bd6324, findElement {using=xpath, value=//i[@class='v-icon notranslate fas fa-user theme--dark']}]
Capabilities {acceptInsecureCerts: true, browserName: chrome, browserVersion: 112.0.5615.138, chrome: {chromedriverVersion: 112.0.5615.49 (bd2a7bcb881c..., userDataDir: C:\Users\Lenovo\AppData\Loc...}, goog:chromeOptions: {debuggerAddress: localhost:62447}, networkConnectionEnabled: false, pageLoadStrategy: normal, platformName: WINDOWS, proxy: Proxy(), se:cdp: ws://localhost:62447/devtoo..., se:cdpVersion: 112.0.5615.138, setWindowRect: true, strictFileInteractability: false, timeouts: {implicit: 0, pageLoad: 300000, script: 30000}, unhandledPromptBehavior: dismiss and notify, webauthn:extension:credBlob: true, webauthn:extension:largeBlob: true, webauthn:extension:minPinLength: true, webauthn:extension:prf: true, webauthn:virtualAuthenticators: true}
Session ID: 5a92d9b075369b4600bd3559d0bd6324
	at java.base/jdk.internal.reflect.NativeConstructorAccessorImpl.newInstance0(Native Method)
	at java.base/jdk.internal.reflect.NativeConstructorAccessorImpl.newInstance(NativeConstructorAccessorImpl.java:62)
	at java.base/jdk.internal.reflect.DelegatingConstructorAccessorImpl.newInstance(DelegatingConstructorAccessorImpl.java:45)
	at java.base/java.lang.reflect.Constructor.newInstanceWithCaller(Constructor.java:500)
	at java.base/java.lang.reflect.Constructor.newInstance(Constructor.java:481)
	at org.openqa.selenium.remote.codec.w3c.W3CHttpResponseCodec.createException(W3CHttpResponseCodec.java:200)
	at org.openqa.selenium.remote.codec.w3c.W3CHttpResponseCodec.decode(W3CHttpResponseCodec.java:133)
	at org.openqa.selenium.remote.codec.w3c.W3CHttpResponseCodec.decode(W3CHttpResponseCodec.java:53)
	at org.openqa.selenium.remote.HttpCommandExecutor.execute(HttpCommandExecutor.java:184)
	at org.openqa.selenium.remote.service.DriverCommandExecutor.invokeExecute(DriverCommandExecutor.java:167)
	at org.openqa.selenium.remote.service.DriverCommandExecutor.execute(DriverCommandExecutor.java:142)
	at org.openqa.selenium.remote.RemoteWebDriver.execute(RemoteWebDriver.java:543)
	at org.openqa.selenium.remote.ElementLocation$ElementFinder$2.findElement(ElementLocation.java:162)
	at org.openqa.selenium.remote.ElementLocation.findElement(ElementLocation.java:60)
	at org.openqa.selenium.remote.RemoteWebDriver.findElement(RemoteWebDriver.java:352)
	at org.openqa.selenium.remote.RemoteWebDriver.findElement(RemoteWebDriver.java:344)
	at net.thucydides.core.webdriver.WebDriverFacade.findElement(WebDriverFacade.java:242)
	at net.serenitybdd.core.pages.WebElementResolverByLocator.resolveForDriver(WebElementResolverByLocator.java:25)
	at net.serenitybdd.core.pages.WebElementFacadeImpl.getResolvedElement(WebElementFacadeImpl.java:189)
	at net.serenitybdd.core.pages.WebElementFacadeImpl.getElement(WebElementFacadeImpl.java:184)
	at net.serenitybdd.core.pages.WebElementExpectations$3.apply(WebElementExpectations.java:63)
	at net.serenitybdd.core.pages.WebElementExpectations$3.apply(WebElementExpectations.java:55)
	at org.openqa.selenium.support.ui.FluentWait.until(FluentWait.java:208)
	... 81 more
&amp#27;[0m
  &amp#27;[36mAnd &amp#27;[0m&amp#27;[36muser can click transaction&amp#27;[0m                            &amp#27;[90m# starter.stepdefinitions.UserSteps.userCanClickTransaction()&amp#27;[0m
  &amp#27;[36mThen &amp#27;[0m&amp#27;[36muser goes to the successful transaction page&amp#27;[0m         &amp#27;[90m# starter.stepdefinitions.UserSteps.userGoesToTheSuccessfulTransactionPage()&amp#27;[0m
06:33:28.314 [main] ERROR  - 
  _____   ___   ___   _____     ___     _     ___   _      ___   ___  
 |_   _| | __| / __| |_   _|   | __|   /_\   |_ _| | |    | __| |   \ 
   | |   | _|  \__ \   | |     | _|   / _ \   | |  | |__  | _|  | |) |
   |_|   |___| |___/   |_|     |_|   /_/ \_\ |___| |____| |___| |___/ 

as a user I want transactions that have been done
-----------------------------------------------------------------------
06:33:28.321 [main] DEBUG  - RELATED ISSUES: 
06:33:28.327 [main] ERROR  -     Test failed at step: User click account button
06:33:28.327 [main] ERROR  -     Expected enabled element was not enabled
06:33:28.338 [AsyncHttpClient-1-6] DEBUG org.asynchttpclient.netty.handler.WebSocketHandler - Channel Closed: [id: 0x68144f7b, L:/127.0.0.1:62454 ! R:localhost/127.0.0.1:62447] with attribute NettyResponseFuture{currentRetry=0,
	isDone=1,
	isCancelled=0,
	asyncHandler=org.asynchttpclient.ws.WebSocketUpgradeHandler@5e25eb7a,
	nettyRequest=org.asynchttpclient.netty.request.NettyRequest@44d72f27,
	future=java.util.concurrent.CompletableFuture@26704774[Completed normally],
	uri=ws://localhost:62447/devtools/browser/5fa0321d-4c9a-4e84-9ee2-16dea15720ce,
	keepAlive=true,
	redirectCount=0,
	timeoutsHolder=null,
	inAuth=0,
	touch=1683588792035}
06:33:28.338 [AsyncHttpClient-1-6] DEBUG org.asynchttpclient.netty.channel.ChannelManager - Closing Channel [id: 0x68144f7b, L:/127.0.0.1:62454 ! R:localhost/127.0.0.1:62447] 
06:33:28.339 [Driver Command Executor] DEBUG org.asynchttpclient.netty.request.NettyRequestSender - Using pooled Channel '[id: 0xcf1ff381, L:/127.0.0.1:62446 - R:localhost/127.0.0.1:21192]' for 'DELETE' to 'http://localhost:21192/session/5a92d9b075369b4600bd3559d0bd6324'
06:33:28.339 [Driver Command Executor] DEBUG org.asynchttpclient.netty.request.NettyRequestSender - Using open Channel [id: 0xcf1ff381, L:/127.0.0.1:62446 - R:localhost/127.0.0.1:21192] for DELETE '/session/5a92d9b075369b4600bd3559d0bd6324'
06:33:28.437 [AsyncHttpClient-1-5] DEBUG org.asynchttpclient.netty.handler.HttpHandler - Unexpected I/O exception on channel [id: 0xa74c322e, L:/127.0.0.1:62453 - R:localhost/127.0.0.1:62447]
java.net.SocketException: Connection reset
	at java.base/sun.nio.ch.SocketChannelImpl.throwConnectionReset(SocketChannelImpl.java:345)
	at java.base/sun.nio.ch.SocketChannelImpl.read(SocketChannelImpl.java:376)
	at io.netty.buffer.PooledByteBuf.setBytes(PooledByteBuf.java:259)
	at io.netty.buffer.AbstractByteBuf.writeBytes(AbstractByteBuf.java:1132)
	at io.netty.channel.socket.nio.NioSocketChannel.doReadBytes(NioSocketChannel.java:357)
	at io.netty.channel.nio.AbstractNioByteChannel$NioByteUnsafe.read(AbstractNioByteChannel.java:151)
	at io.netty.channel.nio.NioEventLoop.processSelectedKey(NioEventLoop.java:788)
	at io.netty.channel.nio.NioEventLoop.processSelectedKeysOptimized(NioEventLoop.java:724)
	at io.netty.channel.nio.NioEventLoop.processSelectedKeys(NioEventLoop.java:650)
	at io.netty.channel.nio.NioEventLoop.run(NioEventLoop.java:562)
	at io.netty.util.concurrent.SingleThreadEventExecutor$4.run(SingleThreadEventExecutor.java:997)
	at io.netty.util.internal.ThreadExecutorMap$2.run(ThreadExecutorMap.java:74)
	at io.netty.util.concurrent.FastThreadLocalRunnable.run(FastThreadLocalRunnable.java:30)
	at java.base/java.lang.Thread.run(Thread.java:832)
06:33:28.437 [AsyncHttpClient-1-5] DEBUG org.asynchttpclient.netty.channel.ChannelManager - Closing Channel [id: 0xa74c322e, L:/127.0.0.1:62453 - R:localhost/127.0.0.1:62447] 
06:33:28.438 [AsyncHttpClient-1-5] DEBUG org.asynchttpclient.netty.handler.HttpHandler - Channel Closed: [id: 0xa74c322e, L:/127.0.0.1:62453 ! R:localhost/127.0.0.1:62447] with attribute DISCARD
06:33:28.468 [AsyncHttpClient-1-4] DEBUG org.asynchttpclient.netty.handler.HttpHandler - 

Request DefaultFullHttpRequest(decodeResult: success, version: HTTP/1.1, content: EmptyByteBufBE)
DELETE /session/5a92d9b075369b4600bd3559d0bd6324 HTTP/1.1
User-Agent: selenium/4.8.1 (java windows)
Content-Type: application/json; charset=utf-8
host: localhost:21192
accept: */*

Response DefaultHttpResponse(decodeResult: success, version: HTTP/1.1)
HTTP/1.1 200 OK
Content-Length: 14
Content-Type: application/json; charset=utf-8
cache-control: no-cache

06:33:28.469 [AsyncHttpClient-1-4] DEBUG org.asynchttpclient.netty.channel.ChannelManager - Adding key: http://localhost:21192 for channel [id: 0xcf1ff381, L:/127.0.0.1:62446 - R:localhost/127.0.0.1:21192]
06:33:28.758 [AsyncHttpClient-1-1] DEBUG org.asynchttpclient.netty.channel.DefaultChannelPool - Entry count for : http://localhost:21192 : 1
06:33:28.758 [AsyncHttpClient-1-1] DEBUG org.asynchttpclient.netty.channel.DefaultChannelPool - Entry count for : http://localhost:62447 : 1
06:33:28.758 [AsyncHttpClient-1-1] DEBUG org.asynchttpclient.netty.channel.DefaultChannelPool - Adding Candidate expired Channel [id: 0xa74c322e, L:/127.0.0.1:62453 ! R:localhost/127.0.0.1:62447] isIdleTimeoutExpired=false isRemotelyClosed=true isTtlExpired=false
06:33:28.758 [AsyncHttpClient-1-1] DEBUG org.asynchttpclient.netty.channel.DefaultChannelPool - Closing Idle Channel [id: 0xa74c322e, L:/127.0.0.1:62453 ! R:localhost/127.0.0.1:62447]
06:33:28.758 [AsyncHttpClient-1-1] DEBUG org.asynchttpclient.netty.channel.DefaultChannelPool - Closed 1 connections out of 2 in 0 ms
06:33:29.073 [AsyncHttpClient-1-4] DEBUG org.asynchttpclient.netty.handler.HttpHandler - Channel Closed: [id: 0xcf1ff381, L:/127.0.0.1:62446 ! R:localhost/127.0.0.1:21192] with attribute DISCARD
]]></system-out>
    <system-err><![CDATA[Starting ChromeDriver 112.0.5615.49 (bd2a7bcb881c11e8cfe3078709382934e3916914-refs/branch-heads/5615@{#936}) on port 21192
Only local connections are allowed.
Please see https://chromedriver.chromium.org/security-considerations for suggestions on keeping ChromeDriver safe.
ChromeDriver was started successfully.
May 09, 2023 6:33:12 AM org.openqa.selenium.devtools.CdpVersionFinder findNearestMatch
WARNING: Unable to find an exact match for CDP version 112, so returning the closest version found: 110
]]></system-err>
  </testcase>
  <testcase name="as a user I want to logout from the account" classname="As a user" time="16.219">
    <error type="net.thucydides.core.webdriver.exceptions.ElementShouldBeEnabledException"><![CDATA[net.thucydides.core.webdriver.exceptions.ElementShouldBeEnabledException: Expected enabled element was not enabled
Caused by: org.openqa.selenium.TimeoutException: Expected condition failed: waiting for By.xpath: //i[@class='v-icon notranslate fas fa-user theme--dark'] to be enabled (tried for 5 second(s) with 100 milliseconds interval)
Caused by: org.openqa.selenium.NoSuchElementException: 
no such element: Unable to locate element: {"method":"xpath","selector":"//i[@class='v-icon notranslate fas fa-user theme--dark']"}
  (Session info: chrome=112.0.5615.138)
For documentation on this error, please visit: https://selenium.dev/exceptions/#no_such_element
Build info: version: '4.8.1', revision: '8ebccac989'
System info: os.name: 'Windows 10', os.arch: 'amd64', os.version: '10.0', java.version: '14.0.2'
Driver info: org.openqa.selenium.chrome.ChromeDriver
Command: [4d69f0804f85bcd69738f58c3beec583, findElement {using=xpath, value=//i[@class='v-icon notranslate fas fa-user theme--dark']}]
Capabilities {acceptInsecureCerts: true, browserName: chrome, browserVersion: 112.0.5615.138, chrome: {chromedriverVersion: 112.0.5615.49 (bd2a7bcb881c..., userDataDir: C:\Users\Lenovo\AppData\Loc...}, goog:chromeOptions: {debuggerAddress: localhost:62471}, networkConnectionEnabled: false, pageLoadStrategy: normal, platformName: WINDOWS, proxy: Proxy(), se:cdp: ws://localhost:62471/devtoo..., se:cdpVersion: 112.0.5615.138, setWindowRect: true, strictFileInteractability: false, timeouts: {implicit: 0, pageLoad: 300000, script: 30000}, unhandledPromptBehavior: dismiss and notify, webauthn:extension:credBlob: true, webauthn:extension:largeBlob: true, webauthn:extension:minPinLength: true, webauthn:extension:prf: true, webauthn:virtualAuthenticators: true}
Session ID: 4d69f0804f85bcd69738f58c3beec583
]]></error>
    <system-out><![CDATA[
@TC-005
Scenario: as a user I want to logout from the account &amp#27;[90m# src/test/resources/features/user.feature:96&amp#27;[0m
06:33:29.610 [main] DEBUG io.cucumber.core.plugin.SerenityReporter - Running feature from file:///C:/Users/Lenovo/IdeaProjects/MiniProject/MiniProjectWeb/src/test/resources/features/user.feature
06:33:29.615 [main] INFO  - 
  _____   ___   ___   _____     ___   _____     _     ___   _____   ___   ___  
 |_   _| | __| / __| |_   _|   / __| |_   _|   /_\   | _ \ |_   _| | __| |   \ 
   | |   | _|  \__ \   | |     \__ \   | |    / _ \  |   /   | |   | _|  | |) |
   |_|   |___| |___/   |_|     |___/   |_|   /_/ \_\ |_|_\   |_|   |___| |___/ 

as a user I want to logout from the account(as-a-user;as-a-user-i-want-to-logout-from-the-account)
--------------------------------------------------------------------------------
06:33:29.685 [main] DEBUG net.thucydides.core.steps.StepInterceptor - STARTING STEP: UserSteps.userOnMainPage - userOnMainPage
06:33:29.809 [main] INFO net.serenitybdd.core.webdriver.driverproviders.ChromeDriverProvider - Starting Chrome driver instance with capabilities:
06:33:29.810 [main] INFO net.serenitybdd.core.webdriver.driverproviders.ChromeDriverProvider - Capabilities {acceptInsecureCerts: true, browserName: chrome, goog:chromeOptions: {args: [remote-allow-origins=*, test-type, no-sandbox, ignore-certificate-errors, start-maximized, incognito, disable-infobars, disable-gpu, disable-default-apps, disable-popup-blocking, remote-allow-origins=*, test-type, no-sandbox, ignore-certificate-errors, start-maximized, incognito, disable-infobars, disable-gpu, disable-default-apps, disable-popup-blocking, remote-allow-origins=*], extensions: []}}
06:33:29.859 [AsyncHttpClient-1-1] DEBUG org.asynchttpclient.netty.channel.DefaultChannelPool - Entry count for : http://localhost:21192 : 1
06:33:29.859 [AsyncHttpClient-1-1] DEBUG org.asynchttpclient.netty.channel.DefaultChannelPool - Adding Candidate expired Channel [id: 0xcf1ff381, L:/127.0.0.1:62446 ! R:localhost/127.0.0.1:21192] isIdleTimeoutExpired=false isRemotelyClosed=true isTtlExpired=false
06:33:29.859 [AsyncHttpClient-1-1] DEBUG org.asynchttpclient.netty.channel.DefaultChannelPool - Closing Idle Channel [id: 0xcf1ff381, L:/127.0.0.1:62446 ! R:localhost/127.0.0.1:21192]
06:33:29.859 [AsyncHttpClient-1-1] DEBUG org.asynchttpclient.netty.channel.DefaultChannelPool - Closed 1 connections out of 1 in 0 ms
06:33:30.440 [AsyncHttpClient-1-7] DEBUG org.asynchttpclient.netty.channel.NettyConnectListener - Using new Channel '[id: 0xc8f861de, L:/127.0.0.1:62470 - R:localhost/127.0.0.1:43766]' for 'POST' to '/session'
06:33:31.297 [AsyncHttpClient-1-7] DEBUG org.asynchttpclient.netty.handler.HttpHandler - 

Request DefaultHttpRequest(decodeResult: success, version: HTTP/1.1)
POST /session HTTP/1.1
User-Agent: selenium/4.8.1 (java windows)
Content-Length: 1701
Content-Type: application/json; charset=utf-8
host: localhost:43766
accept: */*

Response DefaultHttpResponse(decodeResult: success, version: HTTP/1.1)
HTTP/1.1 200 OK
Content-Length: 859
Content-Type: application/json; charset=utf-8
cache-control: no-cache

06:33:31.298 [AsyncHttpClient-1-7] DEBUG org.asynchttpclient.netty.channel.ChannelManager - Adding key: http://localhost:43766 for channel [id: 0xc8f861de, L:/127.0.0.1:62470 - R:localhost/127.0.0.1:43766]
06:33:31.309 [AsyncHttpClient-1-8] DEBUG org.asynchttpclient.netty.channel.NettyConnectListener - Using new Channel '[id: 0xf3c7f291, L:/127.0.0.1:62477 - R:localhost/127.0.0.1:62471]' for 'GET' to '/json/version'
06:33:31.311 [AsyncHttpClient-1-8] DEBUG org.asynchttpclient.netty.handler.HttpHandler - 

Request DefaultFullHttpRequest(decodeResult: success, version: HTTP/1.1, content: EmptyByteBufBE)
GET /json/version HTTP/1.1
User-Agent: selenium/4.8.1 (java windows)
host: localhost:62471
accept: */*

Response DefaultHttpResponse(decodeResult: success, version: HTTP/1.1)
HTTP/1.1 200 OK
Content-Security-Policy: frame-ancestors 'none'
Content-Length: 424
Content-Type: application/json; charset=UTF-8

06:33:31.311 [AsyncHttpClient-1-8] DEBUG org.asynchttpclient.netty.channel.ChannelManager - Adding key: http://localhost:62471 for channel [id: 0xf3c7f291, L:/127.0.0.1:62477 - R:localhost/127.0.0.1:62471]
06:33:31.317 [AsyncHttpClient-1-9] DEBUG org.asynchttpclient.netty.channel.NettyConnectListener - Using new Channel '[id: 0xef58d4ad, L:/127.0.0.1:62478 - R:localhost/127.0.0.1:62471]' for 'GET' to '/devtools/browser/65348900-96d7-4871-9aa3-83ead0f5a3c8'
06:33:31.319 [AsyncHttpClient-1-9] DEBUG org.asynchttpclient.netty.handler.WebSocketHandler - 

Request DefaultFullHttpRequest(decodeResult: success, version: HTTP/1.1, content: EmptyByteBufBE)
GET /devtools/browser/65348900-96d7-4871-9aa3-83ead0f5a3c8 HTTP/1.1
upgrade: websocket
connection: upgrade
sec-websocket-key: Qm/b1TQuY0lemMx51uOX/g==
sec-websocket-version: 13
origin: http://localhost:62471
host: localhost:62471
accept: */*
user-agent: AHC/2.1

Response DefaultHttpResponse(decodeResult: success, version: HTTP/1.1)
HTTP/1.1 101 WebSocket Protocol Handshake
Upgrade: WebSocket
Connection: Upgrade
Sec-WebSocket-Accept: 2ELfiquY+f6sg3AoJb7f+sbZZzQ=

06:33:31.327 [Forwarding get on session 4d69f0804f85bcd69738f58c3beec583 to remote] DEBUG org.asynchttpclient.netty.request.NettyRequestSender - Using pooled Channel '[id: 0xc8f861de, L:/127.0.0.1:62470 - R:localhost/127.0.0.1:43766]' for 'POST' to 'http://localhost:43766/session/4d69f0804f85bcd69738f58c3beec583/url'
06:33:31.327 [Forwarding get on session 4d69f0804f85bcd69738f58c3beec583 to remote] DEBUG org.asynchttpclient.netty.request.NettyRequestSender - Using open Channel [id: 0xc8f861de, L:/127.0.0.1:62470 - R:localhost/127.0.0.1:43766] for POST '/session/4d69f0804f85bcd69738f58c3beec583/url'
06:33:32.059 [AsyncHttpClient-1-1] DEBUG org.asynchttpclient.netty.channel.DefaultChannelPool - Entry count for : http://localhost:62471 : 1
06:33:32.622 [AsyncHttpClient-1-7] DEBUG org.asynchttpclient.netty.handler.HttpHandler - 

Request DefaultHttpRequest(decodeResult: success, version: HTTP/1.1)
POST /session/4d69f0804f85bcd69738f58c3beec583/url HTTP/1.1
User-Agent: selenium/4.8.1 (java windows)
Content-Length: 59
Content-Type: application/json; charset=utf-8
host: localhost:43766
accept: */*

Response DefaultHttpResponse(decodeResult: success, version: HTTP/1.1)
HTTP/1.1 200 OK
Content-Length: 14
Content-Type: application/json; charset=utf-8
cache-control: no-cache

06:33:32.622 [AsyncHttpClient-1-7] DEBUG org.asynchttpclient.netty.channel.ChannelManager - Adding key: http://localhost:43766 for channel [id: 0xc8f861de, L:/127.0.0.1:62470 - R:localhost/127.0.0.1:43766]
06:33:32.624 [Forwarding setTimeout on session 4d69f0804f85bcd69738f58c3beec583 to remote] DEBUG org.asynchttpclient.netty.request.NettyRequestSender - Using pooled Channel '[id: 0xc8f861de, L:/127.0.0.1:62470 - R:localhost/127.0.0.1:43766]' for 'POST' to 'http://localhost:43766/session/4d69f0804f85bcd69738f58c3beec583/timeouts'
06:33:32.625 [Forwarding setTimeout on session 4d69f0804f85bcd69738f58c3beec583 to remote] DEBUG org.asynchttpclient.netty.request.NettyRequestSender - Using open Channel [id: 0xc8f861de, L:/127.0.0.1:62470 - R:localhost/127.0.0.1:43766] for POST '/session/4d69f0804f85bcd69738f58c3beec583/timeouts'
06:33:32.627 [AsyncHttpClient-1-7] DEBUG org.asynchttpclient.netty.handler.HttpHandler - 

Request DefaultHttpRequest(decodeResult: success, version: HTTP/1.1)
POST /session/4d69f0804f85bcd69738f58c3beec583/timeouts HTTP/1.1
User-Agent: selenium/4.8.1 (java windows)
Content-Length: 22
Content-Type: application/json; charset=utf-8
host: localhost:43766
accept: */*

Response DefaultHttpResponse(decodeResult: success, version: HTTP/1.1)
HTTP/1.1 200 OK
Content-Length: 14
Content-Type: application/json; charset=utf-8
cache-control: no-cache

06:33:32.627 [AsyncHttpClient-1-7] DEBUG org.asynchttpclient.netty.channel.ChannelManager - Adding key: http://localhost:43766 for channel [id: 0xc8f861de, L:/127.0.0.1:62470 - R:localhost/127.0.0.1:43766]
06:33:32.634 [Forwarding findElement on session 4d69f0804f85bcd69738f58c3beec583 to remote] DEBUG org.asynchttpclient.netty.request.NettyRequestSender - Using pooled Channel '[id: 0xc8f861de, L:/127.0.0.1:62470 - R:localhost/127.0.0.1:43766]' for 'POST' to 'http://localhost:43766/session/4d69f0804f85bcd69738f58c3beec583/element'
06:33:32.634 [Forwarding findElement on session 4d69f0804f85bcd69738f58c3beec583 to remote] DEBUG org.asynchttpclient.netty.request.NettyRequestSender - Using open Channel [id: 0xc8f861de, L:/127.0.0.1:62470 - R:localhost/127.0.0.1:43766] for POST '/session/4d69f0804f85bcd69738f58c3beec583/element'
06:33:32.664 [AsyncHttpClient-1-7] DEBUG org.asynchttpclient.netty.handler.HttpHandler - 

Request DefaultHttpRequest(decodeResult: success, version: HTTP/1.1)
POST /session/4d69f0804f85bcd69738f58c3beec583/element HTTP/1.1
User-Agent: selenium/4.8.1 (java windows)
Content-Length: 70
Content-Type: application/json; charset=utf-8
host: localhost:43766
accept: */*

Response DefaultHttpResponse(decodeResult: success, version: HTTP/1.1)
HTTP/1.1 200 OK
Content-Length: 88
Content-Type: application/json; charset=utf-8
cache-control: no-cache

06:33:32.665 [AsyncHttpClient-1-7] DEBUG org.asynchttpclient.netty.channel.ChannelManager - Adding key: http://localhost:43766 for channel [id: 0xc8f861de, L:/127.0.0.1:62470 - R:localhost/127.0.0.1:43766]
06:33:32.672 [Forwarding isElementDisplayed on session 4d69f0804f85bcd69738f58c3beec583 to remote] DEBUG org.asynchttpclient.netty.request.NettyRequestSender - Using pooled Channel '[id: 0xc8f861de, L:/127.0.0.1:62470 - R:localhost/127.0.0.1:43766]' for 'POST' to 'http://localhost:43766/session/4d69f0804f85bcd69738f58c3beec583/execute/sync'
06:33:32.672 [Forwarding isElementDisplayed on session 4d69f0804f85bcd69738f58c3beec583 to remote] DEBUG org.asynchttpclient.netty.request.NettyRequestSender - Using open Channel [id: 0xc8f861de, L:/127.0.0.1:62470 - R:localhost/127.0.0.1:43766] for POST '/session/4d69f0804f85bcd69738f58c3beec583/execute/sync'
06:33:32.709 [AsyncHttpClient-1-7] DEBUG org.asynchttpclient.netty.handler.HttpHandler - 

Request DefaultHttpRequest(decodeResult: success, version: HTTP/1.1)
POST /session/4d69f0804f85bcd69738f58c3beec583/execute/sync HTTP/1.1
User-Agent: selenium/4.8.1 (java windows)
Content-Length: 48807
Content-Type: application/json; charset=utf-8
host: localhost:43766
accept: */*

Response DefaultHttpResponse(decodeResult: success, version: HTTP/1.1)
HTTP/1.1 200 OK
Content-Length: 14
Content-Type: application/json; charset=utf-8
cache-control: no-cache

06:33:32.709 [AsyncHttpClient-1-7] DEBUG org.asynchttpclient.netty.channel.ChannelManager - Adding key: http://localhost:43766 for channel [id: 0xc8f861de, L:/127.0.0.1:62470 - R:localhost/127.0.0.1:43766]
06:33:32.717 [Forwarding isElementDisplayed on session 4d69f0804f85bcd69738f58c3beec583 to remote] DEBUG org.asynchttpclient.netty.request.NettyRequestSender - Using pooled Channel '[id: 0xc8f861de, L:/127.0.0.1:62470 - R:localhost/127.0.0.1:43766]' for 'POST' to 'http://localhost:43766/session/4d69f0804f85bcd69738f58c3beec583/execute/sync'
06:33:32.717 [Forwarding isElementDisplayed on session 4d69f0804f85bcd69738f58c3beec583 to remote] DEBUG org.asynchttpclient.netty.request.NettyRequestSender - Using open Channel [id: 0xc8f861de, L:/127.0.0.1:62470 - R:localhost/127.0.0.1:43766] for POST '/session/4d69f0804f85bcd69738f58c3beec583/execute/sync'
06:33:33.164 [AsyncHttpClient-1-1] DEBUG org.asynchttpclient.netty.channel.DefaultChannelPool - Entry count for : http://localhost:62471 : 1
06:33:34.266 [AsyncHttpClient-1-1] DEBUG org.asynchttpclient.netty.channel.DefaultChannelPool - Entry count for : http://localhost:62471 : 1
06:33:35.359 [AsyncHttpClient-1-1] DEBUG org.asynchttpclient.netty.channel.DefaultChannelPool - Entry count for : http://localhost:62471 : 1
06:33:36.459 [AsyncHttpClient-1-1] DEBUG org.asynchttpclient.netty.channel.DefaultChannelPool - Entry count for : http://localhost:62471 : 1
06:33:36.778 [AsyncHttpClient-1-7] DEBUG org.asynchttpclient.netty.handler.HttpHandler - 

Request DefaultHttpRequest(decodeResult: success, version: HTTP/1.1)
POST /session/4d69f0804f85bcd69738f58c3beec583/execute/sync HTTP/1.1
User-Agent: selenium/4.8.1 (java windows)
Content-Length: 48807
Content-Type: application/json; charset=utf-8
host: localhost:43766
accept: */*

Response DefaultHttpResponse(decodeResult: success, version: HTTP/1.1)
HTTP/1.1 200 OK
Content-Length: 14
Content-Type: application/json; charset=utf-8
cache-control: no-cache

06:33:36.778 [AsyncHttpClient-1-7] DEBUG org.asynchttpclient.netty.channel.ChannelManager - Adding key: http://localhost:43766 for channel [id: 0xc8f861de, L:/127.0.0.1:62470 - R:localhost/127.0.0.1:43766]
06:33:36.782 [main] DEBUG net.thucydides.core.steps.StepInterceptor - STEP DONE: userOnMainPage
  &amp#27;[32mGiven &amp#27;[0m&amp#27;[32muser on main page&amp#27;[0m                             &amp#27;[90m# starter.stepdefinitions.UserSteps.userOnMainPage()&amp#27;[0m
06:33:36.795 [main] DEBUG net.thucydides.core.steps.StepInterceptor - STARTING STEP: UserSteps.userClickOnLoginButton - userClickOnLoginButton
06:33:36.800 [Forwarding findElement on session 4d69f0804f85bcd69738f58c3beec583 to remote] DEBUG org.asynchttpclient.netty.request.NettyRequestSender - Using pooled Channel '[id: 0xc8f861de, L:/127.0.0.1:62470 - R:localhost/127.0.0.1:43766]' for 'POST' to 'http://localhost:43766/session/4d69f0804f85bcd69738f58c3beec583/element'
06:33:36.800 [Forwarding findElement on session 4d69f0804f85bcd69738f58c3beec583 to remote] DEBUG org.asynchttpclient.netty.request.NettyRequestSender - Using open Channel [id: 0xc8f861de, L:/127.0.0.1:62470 - R:localhost/127.0.0.1:43766] for POST '/session/4d69f0804f85bcd69738f58c3beec583/element'
06:33:36.827 [AsyncHttpClient-1-7] DEBUG org.asynchttpclient.netty.handler.HttpHandler - 

Request DefaultHttpRequest(decodeResult: success, version: HTTP/1.1)
POST /session/4d69f0804f85bcd69738f58c3beec583/element HTTP/1.1
User-Agent: selenium/4.8.1 (java windows)
Content-Length: 106
Content-Type: application/json; charset=utf-8
host: localhost:43766
accept: */*

Response DefaultHttpResponse(decodeResult: success, version: HTTP/1.1)
HTTP/1.1 200 OK
Content-Length: 88
Content-Type: application/json; charset=utf-8
cache-control: no-cache

06:33:36.827 [AsyncHttpClient-1-7] DEBUG org.asynchttpclient.netty.channel.ChannelManager - Adding key: http://localhost:43766 for channel [id: 0xc8f861de, L:/127.0.0.1:62470 - R:localhost/127.0.0.1:43766]
06:33:36.830 [Forwarding getElementTagName on session 4d69f0804f85bcd69738f58c3beec583 to remote] DEBUG org.asynchttpclient.netty.request.NettyRequestSender - Using pooled Channel '[id: 0xc8f861de, L:/127.0.0.1:62470 - R:localhost/127.0.0.1:43766]' for 'GET' to 'http://localhost:43766/session/4d69f0804f85bcd69738f58c3beec583/element/77313915-b7fc-4407-b9ae-869e6ff4aea5/name'
06:33:36.830 [Forwarding getElementTagName on session 4d69f0804f85bcd69738f58c3beec583 to remote] DEBUG org.asynchttpclient.netty.request.NettyRequestSender - Using open Channel [id: 0xc8f861de, L:/127.0.0.1:62470 - R:localhost/127.0.0.1:43766] for GET '/session/4d69f0804f85bcd69738f58c3beec583/element/77313915-b7fc-4407-b9ae-869e6ff4aea5/name'
06:33:36.839 [AsyncHttpClient-1-7] DEBUG org.asynchttpclient.netty.handler.HttpHandler - 

Request DefaultFullHttpRequest(decodeResult: success, version: HTTP/1.1, content: EmptyByteBufBE)
GET /session/4d69f0804f85bcd69738f58c3beec583/element/77313915-b7fc-4407-b9ae-869e6ff4aea5/name HTTP/1.1
User-Agent: selenium/4.8.1 (java windows)
Cache-Control: no-cache
Content-Type: application/json; charset=utf-8
host: localhost:43766
accept: */*

Response DefaultHttpResponse(decodeResult: success, version: HTTP/1.1)
HTTP/1.1 200 OK
Content-Length: 13
Content-Type: application/json; charset=utf-8
cache-control: no-cache

06:33:36.839 [AsyncHttpClient-1-7] DEBUG org.asynchttpclient.netty.channel.ChannelManager - Adding key: http://localhost:43766 for channel [id: 0xc8f861de, L:/127.0.0.1:62470 - R:localhost/127.0.0.1:43766]
06:33:36.841 [Forwarding getElementTagName on session 4d69f0804f85bcd69738f58c3beec583 to remote] DEBUG org.asynchttpclient.netty.request.NettyRequestSender - Using pooled Channel '[id: 0xc8f861de, L:/127.0.0.1:62470 - R:localhost/127.0.0.1:43766]' for 'GET' to 'http://localhost:43766/session/4d69f0804f85bcd69738f58c3beec583/element/77313915-b7fc-4407-b9ae-869e6ff4aea5/name'
06:33:36.841 [Forwarding getElementTagName on session 4d69f0804f85bcd69738f58c3beec583 to remote] DEBUG org.asynchttpclient.netty.request.NettyRequestSender - Using open Channel [id: 0xc8f861de, L:/127.0.0.1:62470 - R:localhost/127.0.0.1:43766] for GET '/session/4d69f0804f85bcd69738f58c3beec583/element/77313915-b7fc-4407-b9ae-869e6ff4aea5/name'
06:33:36.850 [AsyncHttpClient-1-7] DEBUG org.asynchttpclient.netty.handler.HttpHandler - 

Request DefaultFullHttpRequest(decodeResult: success, version: HTTP/1.1, content: EmptyByteBufBE)
GET /session/4d69f0804f85bcd69738f58c3beec583/element/77313915-b7fc-4407-b9ae-869e6ff4aea5/name HTTP/1.1
User-Agent: selenium/4.8.1 (java windows)
Cache-Control: no-cache
Content-Type: application/json; charset=utf-8
host: localhost:43766
accept: */*

Response DefaultHttpResponse(decodeResult: success, version: HTTP/1.1)
HTTP/1.1 200 OK
Content-Length: 13
Content-Type: application/json; charset=utf-8
cache-control: no-cache

06:33:36.850 [AsyncHttpClient-1-7] DEBUG org.asynchttpclient.netty.channel.ChannelManager - Adding key: http://localhost:43766 for channel [id: 0xc8f861de, L:/127.0.0.1:62470 - R:localhost/127.0.0.1:43766]
06:33:36.853 [Forwarding findElement on session 4d69f0804f85bcd69738f58c3beec583 to remote] DEBUG org.asynchttpclient.netty.request.NettyRequestSender - Using pooled Channel '[id: 0xc8f861de, L:/127.0.0.1:62470 - R:localhost/127.0.0.1:43766]' for 'POST' to 'http://localhost:43766/session/4d69f0804f85bcd69738f58c3beec583/element'
06:33:36.853 [Forwarding findElement on session 4d69f0804f85bcd69738f58c3beec583 to remote] DEBUG org.asynchttpclient.netty.request.NettyRequestSender - Using open Channel [id: 0xc8f861de, L:/127.0.0.1:62470 - R:localhost/127.0.0.1:43766] for POST '/session/4d69f0804f85bcd69738f58c3beec583/element'
06:33:36.870 [AsyncHttpClient-1-7] DEBUG org.asynchttpclient.netty.handler.HttpHandler - 

Request DefaultHttpRequest(decodeResult: success, version: HTTP/1.1)
POST /session/4d69f0804f85bcd69738f58c3beec583/element HTTP/1.1
User-Agent: selenium/4.8.1 (java windows)
Content-Length: 106
Content-Type: application/json; charset=utf-8
host: localhost:43766
accept: */*

Response DefaultHttpResponse(decodeResult: success, version: HTTP/1.1)
HTTP/1.1 200 OK
Content-Length: 88
Content-Type: application/json; charset=utf-8
cache-control: no-cache

06:33:36.871 [AsyncHttpClient-1-7] DEBUG org.asynchttpclient.netty.channel.ChannelManager - Adding key: http://localhost:43766 for channel [id: 0xc8f861de, L:/127.0.0.1:62470 - R:localhost/127.0.0.1:43766]
06:33:36.873 [Forwarding clickElement on session 4d69f0804f85bcd69738f58c3beec583 to remote] DEBUG org.asynchttpclient.netty.request.NettyRequestSender - Using pooled Channel '[id: 0xc8f861de, L:/127.0.0.1:62470 - R:localhost/127.0.0.1:43766]' for 'POST' to 'http://localhost:43766/session/4d69f0804f85bcd69738f58c3beec583/element/77313915-b7fc-4407-b9ae-869e6ff4aea5/click'
06:33:36.873 [Forwarding clickElement on session 4d69f0804f85bcd69738f58c3beec583 to remote] DEBUG org.asynchttpclient.netty.request.NettyRequestSender - Using open Channel [id: 0xc8f861de, L:/127.0.0.1:62470 - R:localhost/127.0.0.1:43766] for POST '/session/4d69f0804f85bcd69738f58c3beec583/element/77313915-b7fc-4407-b9ae-869e6ff4aea5/click'
06:33:37.021 [AsyncHttpClient-1-7] DEBUG org.asynchttpclient.netty.handler.HttpHandler - 

Request DefaultHttpRequest(decodeResult: success, version: HTTP/1.1)
POST /session/4d69f0804f85bcd69738f58c3beec583/element/77313915-b7fc-4407-b9ae-869e6ff4aea5/click HTTP/1.1
User-Agent: selenium/4.8.1 (java windows)
Content-Length: 50
Content-Type: application/json; charset=utf-8
host: localhost:43766
accept: */*

Response DefaultHttpResponse(decodeResult: success, version: HTTP/1.1)
HTTP/1.1 200 OK
Content-Length: 14
Content-Type: application/json; charset=utf-8
cache-control: no-cache

06:33:37.021 [AsyncHttpClient-1-7] DEBUG org.asynchttpclient.netty.channel.ChannelManager - Adding key: http://localhost:43766 for channel [id: 0xc8f861de, L:/127.0.0.1:62470 - R:localhost/127.0.0.1:43766]
06:33:37.034 [main] DEBUG net.thucydides.core.steps.StepInterceptor - STEP DONE: userClickOnLoginButton
  &amp#27;[32mWhen &amp#27;[0m&amp#27;[32muser click on login button&amp#27;[0m                     &amp#27;[90m# starter.stepdefinitions.UserSteps.userClickOnLoginButton()&amp#27;[0m
06:33:37.066 [main] DEBUG net.thucydides.core.steps.StepInterceptor - STARTING STEP: UserSteps.userOnLoginPage - userOnLoginPage
06:33:37.072 [Forwarding findElement on session 4d69f0804f85bcd69738f58c3beec583 to remote] DEBUG org.asynchttpclient.netty.request.NettyRequestSender - Using pooled Channel '[id: 0xc8f861de, L:/127.0.0.1:62470 - R:localhost/127.0.0.1:43766]' for 'POST' to 'http://localhost:43766/session/4d69f0804f85bcd69738f58c3beec583/element'
06:33:37.072 [Forwarding findElement on session 4d69f0804f85bcd69738f58c3beec583 to remote] DEBUG org.asynchttpclient.netty.request.NettyRequestSender - Using open Channel [id: 0xc8f861de, L:/127.0.0.1:62470 - R:localhost/127.0.0.1:43766] for POST '/session/4d69f0804f85bcd69738f58c3beec583/element'
06:33:37.398 [AsyncHttpClient-1-7] DEBUG org.asynchttpclient.netty.handler.HttpHandler - 

Request DefaultHttpRequest(decodeResult: success, version: HTTP/1.1)
POST /session/4d69f0804f85bcd69738f58c3beec583/element HTTP/1.1
User-Agent: selenium/4.8.1 (java windows)
Content-Length: 68
Content-Type: application/json; charset=utf-8
host: localhost:43766
accept: */*

Response DefaultHttpResponse(decodeResult: success, version: HTTP/1.1)
HTTP/1.1 200 OK
Content-Length: 88
Content-Type: application/json; charset=utf-8
cache-control: no-cache

06:33:37.399 [AsyncHttpClient-1-7] DEBUG org.asynchttpclient.netty.channel.ChannelManager - Adding key: http://localhost:43766 for channel [id: 0xc8f861de, L:/127.0.0.1:62470 - R:localhost/127.0.0.1:43766]
06:33:37.403 [Forwarding isElementDisplayed on session 4d69f0804f85bcd69738f58c3beec583 to remote] DEBUG org.asynchttpclient.netty.request.NettyRequestSender - Using pooled Channel '[id: 0xc8f861de, L:/127.0.0.1:62470 - R:localhost/127.0.0.1:43766]' for 'POST' to 'http://localhost:43766/session/4d69f0804f85bcd69738f58c3beec583/execute/sync'
06:33:37.403 [Forwarding isElementDisplayed on session 4d69f0804f85bcd69738f58c3beec583 to remote] DEBUG org.asynchttpclient.netty.request.NettyRequestSender - Using open Channel [id: 0xc8f861de, L:/127.0.0.1:62470 - R:localhost/127.0.0.1:43766] for POST '/session/4d69f0804f85bcd69738f58c3beec583/execute/sync'
06:33:37.420 [AsyncHttpClient-1-7] DEBUG org.asynchttpclient.netty.handler.HttpHandler - 

Request DefaultHttpRequest(decodeResult: success, version: HTTP/1.1)
POST /session/4d69f0804f85bcd69738f58c3beec583/execute/sync HTTP/1.1
User-Agent: selenium/4.8.1 (java windows)
Content-Length: 48807
Content-Type: application/json; charset=utf-8
host: localhost:43766
accept: */*

Response DefaultHttpResponse(decodeResult: success, version: HTTP/1.1)
HTTP/1.1 200 OK
Content-Length: 14
Content-Type: application/json; charset=utf-8
cache-control: no-cache

06:33:37.420 [AsyncHttpClient-1-7] DEBUG org.asynchttpclient.netty.channel.ChannelManager - Adding key: http://localhost:43766 for channel [id: 0xc8f861de, L:/127.0.0.1:62470 - R:localhost/127.0.0.1:43766]
06:33:37.425 [Forwarding isElementDisplayed on session 4d69f0804f85bcd69738f58c3beec583 to remote] DEBUG org.asynchttpclient.netty.request.NettyRequestSender - Using pooled Channel '[id: 0xc8f861de, L:/127.0.0.1:62470 - R:localhost/127.0.0.1:43766]' for 'POST' to 'http://localhost:43766/session/4d69f0804f85bcd69738f58c3beec583/execute/sync'
06:33:37.425 [Forwarding isElementDisplayed on session 4d69f0804f85bcd69738f58c3beec583 to remote] DEBUG org.asynchttpclient.netty.request.NettyRequestSender - Using open Channel [id: 0xc8f861de, L:/127.0.0.1:62470 - R:localhost/127.0.0.1:43766] for POST '/session/4d69f0804f85bcd69738f58c3beec583/execute/sync'
06:33:37.441 [AsyncHttpClient-1-7] DEBUG org.asynchttpclient.netty.handler.HttpHandler - 

Request DefaultHttpRequest(decodeResult: success, version: HTTP/1.1)
POST /session/4d69f0804f85bcd69738f58c3beec583/execute/sync HTTP/1.1
User-Agent: selenium/4.8.1 (java windows)
Content-Length: 48807
Content-Type: application/json; charset=utf-8
host: localhost:43766
accept: */*

Response DefaultHttpResponse(decodeResult: success, version: HTTP/1.1)
HTTP/1.1 200 OK
Content-Length: 14
Content-Type: application/json; charset=utf-8
cache-control: no-cache

06:33:37.441 [AsyncHttpClient-1-7] DEBUG org.asynchttpclient.netty.channel.ChannelManager - Adding key: http://localhost:43766 for channel [id: 0xc8f861de, L:/127.0.0.1:62470 - R:localhost/127.0.0.1:43766]
06:33:37.444 [main] DEBUG net.thucydides.core.steps.StepInterceptor - STEP DONE: userOnLoginPage
  &amp#27;[32mAnd &amp#27;[0m&amp#27;[32muser on login page&amp#27;[0m                              &amp#27;[90m# starter.stepdefinitions.UserSteps.userOnLoginPage()&amp#27;[0m
06:33:37.458 [main] DEBUG net.thucydides.core.steps.StepInterceptor - STARTING STEP: UserSteps.userEnterAValidEmail - userEnterAValidEmail
06:33:37.463 [Forwarding findElement on session 4d69f0804f85bcd69738f58c3beec583 to remote] DEBUG org.asynchttpclient.netty.request.NettyRequestSender - Using pooled Channel '[id: 0xc8f861de, L:/127.0.0.1:62470 - R:localhost/127.0.0.1:43766]' for 'POST' to 'http://localhost:43766/session/4d69f0804f85bcd69738f58c3beec583/element'
06:33:37.463 [Forwarding findElement on session 4d69f0804f85bcd69738f58c3beec583 to remote] DEBUG org.asynchttpclient.netty.request.NettyRequestSender - Using open Channel [id: 0xc8f861de, L:/127.0.0.1:62470 - R:localhost/127.0.0.1:43766] for POST '/session/4d69f0804f85bcd69738f58c3beec583/element'
06:33:37.491 [AsyncHttpClient-1-7] DEBUG org.asynchttpclient.netty.handler.HttpHandler - 

Request DefaultHttpRequest(decodeResult: success, version: HTTP/1.1)
POST /session/4d69f0804f85bcd69738f58c3beec583/element HTTP/1.1
User-Agent: selenium/4.8.1 (java windows)
Content-Length: 106
Content-Type: application/json; charset=utf-8
host: localhost:43766
accept: */*

Response DefaultHttpResponse(decodeResult: success, version: HTTP/1.1)
HTTP/1.1 200 OK
Content-Length: 88
Content-Type: application/json; charset=utf-8
cache-control: no-cache

06:33:37.492 [AsyncHttpClient-1-7] DEBUG org.asynchttpclient.netty.channel.ChannelManager - Adding key: http://localhost:43766 for channel [id: 0xc8f861de, L:/127.0.0.1:62470 - R:localhost/127.0.0.1:43766]
06:33:37.494 [Forwarding clearElement on session 4d69f0804f85bcd69738f58c3beec583 to remote] DEBUG org.asynchttpclient.netty.request.NettyRequestSender - Using pooled Channel '[id: 0xc8f861de, L:/127.0.0.1:62470 - R:localhost/127.0.0.1:43766]' for 'POST' to 'http://localhost:43766/session/4d69f0804f85bcd69738f58c3beec583/element/e318dfb1-8ffd-4d03-b6a5-08dc067b2a2a/clear'
06:33:37.494 [Forwarding clearElement on session 4d69f0804f85bcd69738f58c3beec583 to remote] DEBUG org.asynchttpclient.netty.request.NettyRequestSender - Using open Channel [id: 0xc8f861de, L:/127.0.0.1:62470 - R:localhost/127.0.0.1:43766] for POST '/session/4d69f0804f85bcd69738f58c3beec583/element/e318dfb1-8ffd-4d03-b6a5-08dc067b2a2a/clear'
06:33:37.559 [AsyncHttpClient-1-1] DEBUG org.asynchttpclient.netty.channel.DefaultChannelPool - Entry count for : http://localhost:62471 : 1
06:33:37.571 [AsyncHttpClient-1-7] DEBUG org.asynchttpclient.netty.handler.HttpHandler - 

Request DefaultHttpRequest(decodeResult: success, version: HTTP/1.1)
POST /session/4d69f0804f85bcd69738f58c3beec583/element/e318dfb1-8ffd-4d03-b6a5-08dc067b2a2a/clear HTTP/1.1
User-Agent: selenium/4.8.1 (java windows)
Content-Length: 50
Content-Type: application/json; charset=utf-8
host: localhost:43766
accept: */*

Response DefaultHttpResponse(decodeResult: success, version: HTTP/1.1)
HTTP/1.1 200 OK
Content-Length: 14
Content-Type: application/json; charset=utf-8
cache-control: no-cache

06:33:37.572 [AsyncHttpClient-1-7] DEBUG org.asynchttpclient.netty.channel.ChannelManager - Adding key: http://localhost:43766 for channel [id: 0xc8f861de, L:/127.0.0.1:62470 - R:localhost/127.0.0.1:43766]
06:33:37.575 [Forwarding sendKeysToElement on session 4d69f0804f85bcd69738f58c3beec583 to remote] DEBUG org.asynchttpclient.netty.request.NettyRequestSender - Using pooled Channel '[id: 0xc8f861de, L:/127.0.0.1:62470 - R:localhost/127.0.0.1:43766]' for 'POST' to 'http://localhost:43766/session/4d69f0804f85bcd69738f58c3beec583/element/e318dfb1-8ffd-4d03-b6a5-08dc067b2a2a/value'
06:33:37.575 [Forwarding sendKeysToElement on session 4d69f0804f85bcd69738f58c3beec583 to remote] DEBUG org.asynchttpclient.netty.request.NettyRequestSender - Using open Channel [id: 0xc8f861de, L:/127.0.0.1:62470 - R:localhost/127.0.0.1:43766] for POST '/session/4d69f0804f85bcd69738f58c3beec583/element/e318dfb1-8ffd-4d03-b6a5-08dc067b2a2a/value'
06:33:37.776 [AsyncHttpClient-1-7] DEBUG org.asynchttpclient.netty.handler.HttpHandler - 

Request DefaultHttpRequest(decodeResult: success, version: HTTP/1.1)
POST /session/4d69f0804f85bcd69738f58c3beec583/element/e318dfb1-8ffd-4d03-b6a5-08dc067b2a2a/value HTTP/1.1
User-Agent: selenium/4.8.1 (java windows)
Content-Length: 241
Content-Type: application/json; charset=utf-8
host: localhost:43766
accept: */*

Response DefaultHttpResponse(decodeResult: success, version: HTTP/1.1)
HTTP/1.1 200 OK
Content-Length: 14
Content-Type: application/json; charset=utf-8
cache-control: no-cache

06:33:37.777 [AsyncHttpClient-1-7] DEBUG org.asynchttpclient.netty.channel.ChannelManager - Adding key: http://localhost:43766 for channel [id: 0xc8f861de, L:/127.0.0.1:62470 - R:localhost/127.0.0.1:43766]
06:33:37.783 [main] DEBUG net.thucydides.core.steps.StepInterceptor - STEP DONE: userEnterAValidEmail
  &amp#27;[32mAnd &amp#27;[0m&amp#27;[32muser enter a valid email&amp#27;[0m                        &amp#27;[90m# starter.stepdefinitions.UserSteps.userEnterAValidEmail()&amp#27;[0m
06:33:37.800 [main] DEBUG net.thucydides.core.steps.StepInterceptor - STARTING STEP: UserSteps.userEnterAValidPassword - userEnterAValidPassword
06:33:37.804 [Forwarding findElement on session 4d69f0804f85bcd69738f58c3beec583 to remote] DEBUG org.asynchttpclient.netty.request.NettyRequestSender - Using pooled Channel '[id: 0xc8f861de, L:/127.0.0.1:62470 - R:localhost/127.0.0.1:43766]' for 'POST' to 'http://localhost:43766/session/4d69f0804f85bcd69738f58c3beec583/element'
06:33:37.804 [Forwarding findElement on session 4d69f0804f85bcd69738f58c3beec583 to remote] DEBUG org.asynchttpclient.netty.request.NettyRequestSender - Using open Channel [id: 0xc8f861de, L:/127.0.0.1:62470 - R:localhost/127.0.0.1:43766] for POST '/session/4d69f0804f85bcd69738f58c3beec583/element'
06:33:37.823 [AsyncHttpClient-1-7] DEBUG org.asynchttpclient.netty.handler.HttpHandler - 

Request DefaultHttpRequest(decodeResult: success, version: HTTP/1.1)
POST /session/4d69f0804f85bcd69738f58c3beec583/element HTTP/1.1
User-Agent: selenium/4.8.1 (java windows)
Content-Length: 109
Content-Type: application/json; charset=utf-8
host: localhost:43766
accept: */*

Response DefaultHttpResponse(decodeResult: success, version: HTTP/1.1)
HTTP/1.1 200 OK
Content-Length: 88
Content-Type: application/json; charset=utf-8
cache-control: no-cache

06:33:37.823 [AsyncHttpClient-1-7] DEBUG org.asynchttpclient.netty.channel.ChannelManager - Adding key: http://localhost:43766 for channel [id: 0xc8f861de, L:/127.0.0.1:62470 - R:localhost/127.0.0.1:43766]
06:33:37.825 [Forwarding clearElement on session 4d69f0804f85bcd69738f58c3beec583 to remote] DEBUG org.asynchttpclient.netty.request.NettyRequestSender - Using pooled Channel '[id: 0xc8f861de, L:/127.0.0.1:62470 - R:localhost/127.0.0.1:43766]' for 'POST' to 'http://localhost:43766/session/4d69f0804f85bcd69738f58c3beec583/element/df8329e6-d8ee-4e64-84a3-f45d8fe12dab/clear'
06:33:37.825 [Forwarding clearElement on session 4d69f0804f85bcd69738f58c3beec583 to remote] DEBUG org.asynchttpclient.netty.request.NettyRequestSender - Using open Channel [id: 0xc8f861de, L:/127.0.0.1:62470 - R:localhost/127.0.0.1:43766] for POST '/session/4d69f0804f85bcd69738f58c3beec583/element/df8329e6-d8ee-4e64-84a3-f45d8fe12dab/clear'
06:33:37.872 [AsyncHttpClient-1-7] DEBUG org.asynchttpclient.netty.handler.HttpHandler - 

Request DefaultHttpRequest(decodeResult: success, version: HTTP/1.1)
POST /session/4d69f0804f85bcd69738f58c3beec583/element/df8329e6-d8ee-4e64-84a3-f45d8fe12dab/clear HTTP/1.1
User-Agent: selenium/4.8.1 (java windows)
Content-Length: 50
Content-Type: application/json; charset=utf-8
host: localhost:43766
accept: */*

Response DefaultHttpResponse(decodeResult: success, version: HTTP/1.1)
HTTP/1.1 200 OK
Content-Length: 14
Content-Type: application/json; charset=utf-8
cache-control: no-cache

06:33:37.872 [AsyncHttpClient-1-7] DEBUG org.asynchttpclient.netty.channel.ChannelManager - Adding key: http://localhost:43766 for channel [id: 0xc8f861de, L:/127.0.0.1:62470 - R:localhost/127.0.0.1:43766]
06:33:37.875 [Forwarding sendKeysToElement on session 4d69f0804f85bcd69738f58c3beec583 to remote] DEBUG org.asynchttpclient.netty.request.NettyRequestSender - Using pooled Channel '[id: 0xc8f861de, L:/127.0.0.1:62470 - R:localhost/127.0.0.1:43766]' for 'POST' to 'http://localhost:43766/session/4d69f0804f85bcd69738f58c3beec583/element/df8329e6-d8ee-4e64-84a3-f45d8fe12dab/value'
06:33:37.875 [Forwarding sendKeysToElement on session 4d69f0804f85bcd69738f58c3beec583 to remote] DEBUG org.asynchttpclient.netty.request.NettyRequestSender - Using open Channel [id: 0xc8f861de, L:/127.0.0.1:62470 - R:localhost/127.0.0.1:43766] for POST '/session/4d69f0804f85bcd69738f58c3beec583/element/df8329e6-d8ee-4e64-84a3-f45d8fe12dab/value'
06:33:37.960 [AsyncHttpClient-1-7] DEBUG org.asynchttpclient.netty.handler.HttpHandler - 

Request DefaultHttpRequest(decodeResult: success, version: HTTP/1.1)
POST /session/4d69f0804f85bcd69738f58c3beec583/element/df8329e6-d8ee-4e64-84a3-f45d8fe12dab/value HTTP/1.1
User-Agent: selenium/4.8.1 (java windows)
Content-Length: 111
Content-Type: application/json; charset=utf-8
host: localhost:43766
accept: */*

Response DefaultHttpResponse(decodeResult: success, version: HTTP/1.1)
HTTP/1.1 200 OK
Content-Length: 14
Content-Type: application/json; charset=utf-8
cache-control: no-cache

06:33:37.961 [AsyncHttpClient-1-7] DEBUG org.asynchttpclient.netty.channel.ChannelManager - Adding key: http://localhost:43766 for channel [id: 0xc8f861de, L:/127.0.0.1:62470 - R:localhost/127.0.0.1:43766]
06:33:37.967 [main] DEBUG net.thucydides.core.steps.StepInterceptor - STEP DONE: userEnterAValidPassword
  &amp#27;[32mAnd &amp#27;[0m&amp#27;[32muser enter a valid password&amp#27;[0m                     &amp#27;[90m# starter.stepdefinitions.UserSteps.userEnterAValidPassword()&amp#27;[0m
06:33:37.979 [main] DEBUG net.thucydides.core.steps.StepInterceptor - STARTING STEP: UserSteps.userClickOnLoginButton - userClickOnLoginButton
06:33:37.983 [Forwarding findElement on session 4d69f0804f85bcd69738f58c3beec583 to remote] DEBUG org.asynchttpclient.netty.request.NettyRequestSender - Using pooled Channel '[id: 0xc8f861de, L:/127.0.0.1:62470 - R:localhost/127.0.0.1:43766]' for 'POST' to 'http://localhost:43766/session/4d69f0804f85bcd69738f58c3beec583/element'
06:33:37.983 [Forwarding findElement on session 4d69f0804f85bcd69738f58c3beec583 to remote] DEBUG org.asynchttpclient.netty.request.NettyRequestSender - Using open Channel [id: 0xc8f861de, L:/127.0.0.1:62470 - R:localhost/127.0.0.1:43766] for POST '/session/4d69f0804f85bcd69738f58c3beec583/element'
06:33:37.996 [AsyncHttpClient-1-7] DEBUG org.asynchttpclient.netty.handler.HttpHandler - 

Request DefaultHttpRequest(decodeResult: success, version: HTTP/1.1)
POST /session/4d69f0804f85bcd69738f58c3beec583/element HTTP/1.1
User-Agent: selenium/4.8.1 (java windows)
Content-Length: 106
Content-Type: application/json; charset=utf-8
host: localhost:43766
accept: */*

Response DefaultHttpResponse(decodeResult: success, version: HTTP/1.1)
HTTP/1.1 200 OK
Content-Length: 88
Content-Type: application/json; charset=utf-8
cache-control: no-cache

06:33:37.996 [AsyncHttpClient-1-7] DEBUG org.asynchttpclient.netty.channel.ChannelManager - Adding key: http://localhost:43766 for channel [id: 0xc8f861de, L:/127.0.0.1:62470 - R:localhost/127.0.0.1:43766]
06:33:37.998 [Forwarding getElementTagName on session 4d69f0804f85bcd69738f58c3beec583 to remote] DEBUG org.asynchttpclient.netty.request.NettyRequestSender - Using pooled Channel '[id: 0xc8f861de, L:/127.0.0.1:62470 - R:localhost/127.0.0.1:43766]' for 'GET' to 'http://localhost:43766/session/4d69f0804f85bcd69738f58c3beec583/element/77313915-b7fc-4407-b9ae-869e6ff4aea5/name'
06:33:37.998 [Forwarding getElementTagName on session 4d69f0804f85bcd69738f58c3beec583 to remote] DEBUG org.asynchttpclient.netty.request.NettyRequestSender - Using open Channel [id: 0xc8f861de, L:/127.0.0.1:62470 - R:localhost/127.0.0.1:43766] for GET '/session/4d69f0804f85bcd69738f58c3beec583/element/77313915-b7fc-4407-b9ae-869e6ff4aea5/name'
06:33:38.004 [AsyncHttpClient-1-7] DEBUG org.asynchttpclient.netty.handler.HttpHandler - 

Request DefaultFullHttpRequest(decodeResult: success, version: HTTP/1.1, content: EmptyByteBufBE)
GET /session/4d69f0804f85bcd69738f58c3beec583/element/77313915-b7fc-4407-b9ae-869e6ff4aea5/name HTTP/1.1
User-Agent: selenium/4.8.1 (java windows)
Cache-Control: no-cache
Content-Type: application/json; charset=utf-8
host: localhost:43766
accept: */*

Response DefaultHttpResponse(decodeResult: success, version: HTTP/1.1)
HTTP/1.1 200 OK
Content-Length: 13
Content-Type: application/json; charset=utf-8
cache-control: no-cache

06:33:38.004 [AsyncHttpClient-1-7] DEBUG org.asynchttpclient.netty.channel.ChannelManager - Adding key: http://localhost:43766 for channel [id: 0xc8f861de, L:/127.0.0.1:62470 - R:localhost/127.0.0.1:43766]
06:33:38.006 [Forwarding getElementTagName on session 4d69f0804f85bcd69738f58c3beec583 to remote] DEBUG org.asynchttpclient.netty.request.NettyRequestSender - Using pooled Channel '[id: 0xc8f861de, L:/127.0.0.1:62470 - R:localhost/127.0.0.1:43766]' for 'GET' to 'http://localhost:43766/session/4d69f0804f85bcd69738f58c3beec583/element/77313915-b7fc-4407-b9ae-869e6ff4aea5/name'
06:33:38.006 [Forwarding getElementTagName on session 4d69f0804f85bcd69738f58c3beec583 to remote] DEBUG org.asynchttpclient.netty.request.NettyRequestSender - Using open Channel [id: 0xc8f861de, L:/127.0.0.1:62470 - R:localhost/127.0.0.1:43766] for GET '/session/4d69f0804f85bcd69738f58c3beec583/element/77313915-b7fc-4407-b9ae-869e6ff4aea5/name'
06:33:38.011 [AsyncHttpClient-1-7] DEBUG org.asynchttpclient.netty.handler.HttpHandler - 

Request DefaultFullHttpRequest(decodeResult: success, version: HTTP/1.1, content: EmptyByteBufBE)
GET /session/4d69f0804f85bcd69738f58c3beec583/element/77313915-b7fc-4407-b9ae-869e6ff4aea5/name HTTP/1.1
User-Agent: selenium/4.8.1 (java windows)
Cache-Control: no-cache
Content-Type: application/json; charset=utf-8
host: localhost:43766
accept: */*

Response DefaultHttpResponse(decodeResult: success, version: HTTP/1.1)
HTTP/1.1 200 OK
Content-Length: 13
Content-Type: application/json; charset=utf-8
cache-control: no-cache

06:33:38.012 [AsyncHttpClient-1-7] DEBUG org.asynchttpclient.netty.channel.ChannelManager - Adding key: http://localhost:43766 for channel [id: 0xc8f861de, L:/127.0.0.1:62470 - R:localhost/127.0.0.1:43766]
06:33:38.014 [Forwarding findElement on session 4d69f0804f85bcd69738f58c3beec583 to remote] DEBUG org.asynchttpclient.netty.request.NettyRequestSender - Using pooled Channel '[id: 0xc8f861de, L:/127.0.0.1:62470 - R:localhost/127.0.0.1:43766]' for 'POST' to 'http://localhost:43766/session/4d69f0804f85bcd69738f58c3beec583/element'
06:33:38.014 [Forwarding findElement on session 4d69f0804f85bcd69738f58c3beec583 to remote] DEBUG org.asynchttpclient.netty.request.NettyRequestSender - Using open Channel [id: 0xc8f861de, L:/127.0.0.1:62470 - R:localhost/127.0.0.1:43766] for POST '/session/4d69f0804f85bcd69738f58c3beec583/element'
06:33:38.027 [AsyncHttpClient-1-7] DEBUG org.asynchttpclient.netty.handler.HttpHandler - 

Request DefaultHttpRequest(decodeResult: success, version: HTTP/1.1)
POST /session/4d69f0804f85bcd69738f58c3beec583/element HTTP/1.1
User-Agent: selenium/4.8.1 (java windows)
Content-Length: 106
Content-Type: application/json; charset=utf-8
host: localhost:43766
accept: */*

Response DefaultHttpResponse(decodeResult: success, version: HTTP/1.1)
HTTP/1.1 200 OK
Content-Length: 88
Content-Type: application/json; charset=utf-8
cache-control: no-cache

06:33:38.027 [AsyncHttpClient-1-7] DEBUG org.asynchttpclient.netty.channel.ChannelManager - Adding key: http://localhost:43766 for channel [id: 0xc8f861de, L:/127.0.0.1:62470 - R:localhost/127.0.0.1:43766]
06:33:38.029 [Forwarding clickElement on session 4d69f0804f85bcd69738f58c3beec583 to remote] DEBUG org.asynchttpclient.netty.request.NettyRequestSender - Using pooled Channel '[id: 0xc8f861de, L:/127.0.0.1:62470 - R:localhost/127.0.0.1:43766]' for 'POST' to 'http://localhost:43766/session/4d69f0804f85bcd69738f58c3beec583/element/77313915-b7fc-4407-b9ae-869e6ff4aea5/click'
06:33:38.029 [Forwarding clickElement on session 4d69f0804f85bcd69738f58c3beec583 to remote] DEBUG org.asynchttpclient.netty.request.NettyRequestSender - Using open Channel [id: 0xc8f861de, L:/127.0.0.1:62470 - R:localhost/127.0.0.1:43766] for POST '/session/4d69f0804f85bcd69738f58c3beec583/element/77313915-b7fc-4407-b9ae-869e6ff4aea5/click'
06:33:38.079 [AsyncHttpClient-1-7] DEBUG org.asynchttpclient.netty.handler.HttpHandler - 

Request DefaultHttpRequest(decodeResult: success, version: HTTP/1.1)
POST /session/4d69f0804f85bcd69738f58c3beec583/element/77313915-b7fc-4407-b9ae-869e6ff4aea5/click HTTP/1.1
User-Agent: selenium/4.8.1 (java windows)
Content-Length: 50
Content-Type: application/json; charset=utf-8
host: localhost:43766
accept: */*

Response DefaultHttpResponse(decodeResult: success, version: HTTP/1.1)
HTTP/1.1 200 OK
Content-Length: 14
Content-Type: application/json; charset=utf-8
cache-control: no-cache

06:33:38.079 [AsyncHttpClient-1-7] DEBUG org.asynchttpclient.netty.channel.ChannelManager - Adding key: http://localhost:43766 for channel [id: 0xc8f861de, L:/127.0.0.1:62470 - R:localhost/127.0.0.1:43766]
06:33:38.086 [main] DEBUG net.thucydides.core.steps.StepInterceptor - STEP DONE: userClickOnLoginButton
  &amp#27;[32mAnd &amp#27;[0m&amp#27;[32muser click on login button&amp#27;[0m                      &amp#27;[90m# starter.stepdefinitions.UserSteps.userClickOnLoginButton()&amp#27;[0m
06:33:38.101 [main] DEBUG net.thucydides.core.steps.StepInterceptor - STARTING STEP: UserSteps.userOnMainPage - userOnMainPage
06:33:38.104 [Forwarding get on session 4d69f0804f85bcd69738f58c3beec583 to remote] DEBUG org.asynchttpclient.netty.request.NettyRequestSender - Using pooled Channel '[id: 0xc8f861de, L:/127.0.0.1:62470 - R:localhost/127.0.0.1:43766]' for 'POST' to 'http://localhost:43766/session/4d69f0804f85bcd69738f58c3beec583/url'
06:33:38.105 [Forwarding get on session 4d69f0804f85bcd69738f58c3beec583 to remote] DEBUG org.asynchttpclient.netty.request.NettyRequestSender - Using open Channel [id: 0xc8f861de, L:/127.0.0.1:62470 - R:localhost/127.0.0.1:43766] for POST '/session/4d69f0804f85bcd69738f58c3beec583/url'
06:33:38.507 [AsyncHttpClient-1-7] DEBUG org.asynchttpclient.netty.handler.HttpHandler - 

Request DefaultHttpRequest(decodeResult: success, version: HTTP/1.1)
POST /session/4d69f0804f85bcd69738f58c3beec583/url HTTP/1.1
User-Agent: selenium/4.8.1 (java windows)
Content-Length: 59
Content-Type: application/json; charset=utf-8
host: localhost:43766
accept: */*

Response DefaultHttpResponse(decodeResult: success, version: HTTP/1.1)
HTTP/1.1 200 OK
Content-Length: 14
Content-Type: application/json; charset=utf-8
cache-control: no-cache

06:33:38.508 [AsyncHttpClient-1-7] DEBUG org.asynchttpclient.netty.channel.ChannelManager - Adding key: http://localhost:43766 for channel [id: 0xc8f861de, L:/127.0.0.1:62470 - R:localhost/127.0.0.1:43766]
06:33:38.518 [Forwarding findElement on session 4d69f0804f85bcd69738f58c3beec583 to remote] DEBUG org.asynchttpclient.netty.request.NettyRequestSender - Using pooled Channel '[id: 0xc8f861de, L:/127.0.0.1:62470 - R:localhost/127.0.0.1:43766]' for 'POST' to 'http://localhost:43766/session/4d69f0804f85bcd69738f58c3beec583/element'
06:33:38.518 [Forwarding findElement on session 4d69f0804f85bcd69738f58c3beec583 to remote] DEBUG org.asynchttpclient.netty.request.NettyRequestSender - Using open Channel [id: 0xc8f861de, L:/127.0.0.1:62470 - R:localhost/127.0.0.1:43766] for POST '/session/4d69f0804f85bcd69738f58c3beec583/element'
06:33:38.532 [AsyncHttpClient-1-7] DEBUG org.asynchttpclient.netty.handler.HttpHandler - 

Request DefaultHttpRequest(decodeResult: success, version: HTTP/1.1)
POST /session/4d69f0804f85bcd69738f58c3beec583/element HTTP/1.1
User-Agent: selenium/4.8.1 (java windows)
Content-Length: 70
Content-Type: application/json; charset=utf-8
host: localhost:43766
accept: */*

Response DefaultHttpResponse(decodeResult: success, version: HTTP/1.1)
HTTP/1.1 200 OK
Content-Length: 88
Content-Type: application/json; charset=utf-8
cache-control: no-cache

06:33:38.533 [AsyncHttpClient-1-7] DEBUG org.asynchttpclient.netty.channel.ChannelManager - Adding key: http://localhost:43766 for channel [id: 0xc8f861de, L:/127.0.0.1:62470 - R:localhost/127.0.0.1:43766]
06:33:38.540 [Forwarding isElementDisplayed on session 4d69f0804f85bcd69738f58c3beec583 to remote] DEBUG org.asynchttpclient.netty.request.NettyRequestSender - Using pooled Channel '[id: 0xc8f861de, L:/127.0.0.1:62470 - R:localhost/127.0.0.1:43766]' for 'POST' to 'http://localhost:43766/session/4d69f0804f85bcd69738f58c3beec583/execute/sync'
06:33:38.540 [Forwarding isElementDisplayed on session 4d69f0804f85bcd69738f58c3beec583 to remote] DEBUG org.asynchttpclient.netty.request.NettyRequestSender - Using open Channel [id: 0xc8f861de, L:/127.0.0.1:62470 - R:localhost/127.0.0.1:43766] for POST '/session/4d69f0804f85bcd69738f58c3beec583/execute/sync'
06:33:38.602 [AsyncHttpClient-1-7] DEBUG org.asynchttpclient.netty.handler.HttpHandler - 

Request DefaultHttpRequest(decodeResult: success, version: HTTP/1.1)
POST /session/4d69f0804f85bcd69738f58c3beec583/execute/sync HTTP/1.1
User-Agent: selenium/4.8.1 (java windows)
Content-Length: 48807
Content-Type: application/json; charset=utf-8
host: localhost:43766
accept: */*

Response DefaultHttpResponse(decodeResult: success, version: HTTP/1.1)
HTTP/1.1 200 OK
Content-Length: 14
Content-Type: application/json; charset=utf-8
cache-control: no-cache

06:33:38.602 [AsyncHttpClient-1-7] DEBUG org.asynchttpclient.netty.channel.ChannelManager - Adding key: http://localhost:43766 for channel [id: 0xc8f861de, L:/127.0.0.1:62470 - R:localhost/127.0.0.1:43766]
06:33:38.609 [Forwarding isElementDisplayed on session 4d69f0804f85bcd69738f58c3beec583 to remote] DEBUG org.asynchttpclient.netty.request.NettyRequestSender - Using pooled Channel '[id: 0xc8f861de, L:/127.0.0.1:62470 - R:localhost/127.0.0.1:43766]' for 'POST' to 'http://localhost:43766/session/4d69f0804f85bcd69738f58c3beec583/execute/sync'
06:33:38.609 [Forwarding isElementDisplayed on session 4d69f0804f85bcd69738f58c3beec583 to remote] DEBUG org.asynchttpclient.netty.request.NettyRequestSender - Using open Channel [id: 0xc8f861de, L:/127.0.0.1:62470 - R:localhost/127.0.0.1:43766] for POST '/session/4d69f0804f85bcd69738f58c3beec583/execute/sync'
06:33:38.629 [AsyncHttpClient-1-7] DEBUG org.asynchttpclient.netty.handler.HttpHandler - 

Request DefaultHttpRequest(decodeResult: success, version: HTTP/1.1)
POST /session/4d69f0804f85bcd69738f58c3beec583/execute/sync HTTP/1.1
User-Agent: selenium/4.8.1 (java windows)
Content-Length: 48807
Content-Type: application/json; charset=utf-8
host: localhost:43766
accept: */*

Response DefaultHttpResponse(decodeResult: success, version: HTTP/1.1)
HTTP/1.1 200 OK
Content-Length: 14
Content-Type: application/json; charset=utf-8
cache-control: no-cache

06:33:38.629 [AsyncHttpClient-1-7] DEBUG org.asynchttpclient.netty.channel.ChannelManager - Adding key: http://localhost:43766 for channel [id: 0xc8f861de, L:/127.0.0.1:62470 - R:localhost/127.0.0.1:43766]
06:33:38.633 [main] DEBUG net.thucydides.core.steps.StepInterceptor - STEP DONE: userOnMainPage
  &amp#27;[32mAnd &amp#27;[0m&amp#27;[32muser on main page&amp#27;[0m                               &amp#27;[90m# starter.stepdefinitions.UserSteps.userOnMainPage()&amp#27;[0m
06:33:38.649 [main] DEBUG net.thucydides.core.steps.StepInterceptor - STARTING STEP: UserSteps.userClickAccountButton - userClickAccountButton
06:33:38.654 [Forwarding findElement on session 4d69f0804f85bcd69738f58c3beec583 to remote] DEBUG org.asynchttpclient.netty.request.NettyRequestSender - Using pooled Channel '[id: 0xc8f861de, L:/127.0.0.1:62470 - R:localhost/127.0.0.1:43766]' for 'POST' to 'http://localhost:43766/session/4d69f0804f85bcd69738f58c3beec583/element'
06:33:38.654 [Forwarding findElement on session 4d69f0804f85bcd69738f58c3beec583 to remote] DEBUG org.asynchttpclient.netty.request.NettyRequestSender - Using open Channel [id: 0xc8f861de, L:/127.0.0.1:62470 - R:localhost/127.0.0.1:43766] for POST '/session/4d69f0804f85bcd69738f58c3beec583/element'
06:33:38.659 [AsyncHttpClient-1-1] DEBUG org.asynchttpclient.netty.channel.DefaultChannelPool - Entry count for : http://localhost:62471 : 1
06:33:39.761 [AsyncHttpClient-1-1] DEBUG org.asynchttpclient.netty.channel.DefaultChannelPool - Entry count for : http://localhost:62471 : 1
06:33:40.858 [AsyncHttpClient-1-1] DEBUG org.asynchttpclient.netty.channel.DefaultChannelPool - Entry count for : http://localhost:62471 : 1
06:33:41.960 [AsyncHttpClient-1-1] DEBUG org.asynchttpclient.netty.channel.DefaultChannelPool - Entry count for : http://localhost:62471 : 1
06:33:43.068 [AsyncHttpClient-1-1] DEBUG org.asynchttpclient.netty.channel.DefaultChannelPool - Entry count for : http://localhost:62471 : 1
06:33:43.679 [AsyncHttpClient-1-7] DEBUG org.asynchttpclient.netty.handler.HttpHandler - 

Request DefaultHttpRequest(decodeResult: success, version: HTTP/1.1)
POST /session/4d69f0804f85bcd69738f58c3beec583/element HTTP/1.1
User-Agent: selenium/4.8.1 (java windows)
Content-Length: 103
Content-Type: application/json; charset=utf-8
host: localhost:43766
accept: */*

Response DefaultHttpResponse(decodeResult: success, version: HTTP/1.1)
HTTP/1.1 404 Not Found
Content-Length: 1004
Content-Type: application/json; charset=utf-8
cache-control: no-cache

06:33:43.679 [AsyncHttpClient-1-7] DEBUG org.asynchttpclient.netty.channel.ChannelManager - Adding key: http://localhost:43766 for channel [id: 0xc8f861de, L:/127.0.0.1:62470 - R:localhost/127.0.0.1:43766]
06:33:43.691 [Forwarding getAlertText on session 4d69f0804f85bcd69738f58c3beec583 to remote] DEBUG org.asynchttpclient.netty.request.NettyRequestSender - Using pooled Channel '[id: 0xc8f861de, L:/127.0.0.1:62470 - R:localhost/127.0.0.1:43766]' for 'GET' to 'http://localhost:43766/session/4d69f0804f85bcd69738f58c3beec583/alert/text'
06:33:43.691 [Forwarding getAlertText on session 4d69f0804f85bcd69738f58c3beec583 to remote] DEBUG org.asynchttpclient.netty.request.NettyRequestSender - Using open Channel [id: 0xc8f861de, L:/127.0.0.1:62470 - R:localhost/127.0.0.1:43766] for GET '/session/4d69f0804f85bcd69738f58c3beec583/alert/text'
06:33:43.740 [AsyncHttpClient-1-7] DEBUG org.asynchttpclient.netty.handler.HttpHandler - 

Request DefaultFullHttpRequest(decodeResult: success, version: HTTP/1.1, content: EmptyByteBufBE)
GET /session/4d69f0804f85bcd69738f58c3beec583/alert/text HTTP/1.1
User-Agent: selenium/4.8.1 (java windows)
Cache-Control: no-cache
Content-Type: application/json; charset=utf-8
host: localhost:43766
accept: */*

Response DefaultHttpResponse(decodeResult: success, version: HTTP/1.1)
HTTP/1.1 404 Not Found
Content-Length: 848
Content-Type: application/json; charset=utf-8
cache-control: no-cache

06:33:43.741 [AsyncHttpClient-1-7] DEBUG org.asynchttpclient.netty.channel.ChannelManager - Adding key: http://localhost:43766 for channel [id: 0xc8f861de, L:/127.0.0.1:62470 - R:localhost/127.0.0.1:43766]
06:33:43.743 [Forwarding getCurrentUrl on session 4d69f0804f85bcd69738f58c3beec583 to remote] DEBUG org.asynchttpclient.netty.request.NettyRequestSender - Using pooled Channel '[id: 0xc8f861de, L:/127.0.0.1:62470 - R:localhost/127.0.0.1:43766]' for 'GET' to 'http://localhost:43766/session/4d69f0804f85bcd69738f58c3beec583/url'
06:33:43.743 [Forwarding getCurrentUrl on session 4d69f0804f85bcd69738f58c3beec583 to remote] DEBUG org.asynchttpclient.netty.request.NettyRequestSender - Using open Channel [id: 0xc8f861de, L:/127.0.0.1:62470 - R:localhost/127.0.0.1:43766] for GET '/session/4d69f0804f85bcd69738f58c3beec583/url'
06:33:43.965 [AsyncHttpClient-1-7] DEBUG org.asynchttpclient.netty.handler.HttpHandler - 

Request DefaultFullHttpRequest(decodeResult: success, version: HTTP/1.1, content: EmptyByteBufBE)
GET /session/4d69f0804f85bcd69738f58c3beec583/url HTTP/1.1
User-Agent: selenium/4.8.1 (java windows)
Cache-Control: no-cache
Content-Type: application/json; charset=utf-8
host: localhost:43766
accept: */*

Response DefaultHttpResponse(decodeResult: success, version: HTTP/1.1)
HTTP/1.1 200 OK
Content-Length: 41
Content-Type: application/json; charset=utf-8
cache-control: no-cache

06:33:43.965 [AsyncHttpClient-1-7] DEBUG org.asynchttpclient.netty.channel.ChannelManager - Adding key: http://localhost:43766 for channel [id: 0xc8f861de, L:/127.0.0.1:62470 - R:localhost/127.0.0.1:43766]
06:33:43.967 [Forwarding screenshot on session 4d69f0804f85bcd69738f58c3beec583 to remote] DEBUG org.asynchttpclient.netty.request.NettyRequestSender - Using pooled Channel '[id: 0xc8f861de, L:/127.0.0.1:62470 - R:localhost/127.0.0.1:43766]' for 'GET' to 'http://localhost:43766/session/4d69f0804f85bcd69738f58c3beec583/screenshot'
06:33:43.967 [Forwarding screenshot on session 4d69f0804f85bcd69738f58c3beec583 to remote] DEBUG org.asynchttpclient.netty.request.NettyRequestSender - Using open Channel [id: 0xc8f861de, L:/127.0.0.1:62470 - R:localhost/127.0.0.1:43766] for GET '/session/4d69f0804f85bcd69738f58c3beec583/screenshot'
06:33:44.079 [AsyncHttpClient-1-7] DEBUG org.asynchttpclient.netty.handler.HttpHandler - 

Request DefaultFullHttpRequest(decodeResult: success, version: HTTP/1.1, content: EmptyByteBufBE)
GET /session/4d69f0804f85bcd69738f58c3beec583/screenshot HTTP/1.1
User-Agent: selenium/4.8.1 (java windows)
Cache-Control: no-cache
Content-Type: application/json; charset=utf-8
host: localhost:43766
accept: */*

Response DefaultHttpResponse(decodeResult: success, version: HTTP/1.1)
HTTP/1.1 200 OK
Content-Length: 91732
Content-Type: application/json; charset=utf-8
cache-control: no-cache

06:33:44.080 [AsyncHttpClient-1-7] DEBUG org.asynchttpclient.netty.channel.ChannelManager - Adding key: http://localhost:43766 for channel [id: 0xc8f861de, L:/127.0.0.1:62470 - R:localhost/127.0.0.1:43766]
06:33:44.093 [main] DEBUG net.serenitybdd.core.photography.Darkroom - Send negative for processing for target\site\serenity\a5764ca88ad6ab07fcd2cde1cbd1e2c599de8f935e1f6b64a3bdc1b8ce039e73.png
06:33:44.096 [Forwarding getPageSource on session 4d69f0804f85bcd69738f58c3beec583 to remote] DEBUG org.asynchttpclient.netty.request.NettyRequestSender - Using pooled Channel '[id: 0xc8f861de, L:/127.0.0.1:62470 - R:localhost/127.0.0.1:43766]' for 'POST' to 'http://localhost:43766/session/4d69f0804f85bcd69738f58c3beec583/execute/sync'
06:33:44.096 [Forwarding getPageSource on session 4d69f0804f85bcd69738f58c3beec583 to remote] DEBUG org.asynchttpclient.netty.request.NettyRequestSender - Using open Channel [id: 0xc8f861de, L:/127.0.0.1:62470 - R:localhost/127.0.0.1:43766] for POST '/session/4d69f0804f85bcd69738f58c3beec583/execute/sync'
06:33:44.162 [AsyncHttpClient-1-1] DEBUG org.asynchttpclient.netty.channel.DefaultChannelPool - Entry count for : http://localhost:62471 : 1
06:33:44.197 [AsyncHttpClient-1-7] DEBUG org.asynchttpclient.netty.handler.HttpHandler - 

Request DefaultHttpRequest(decodeResult: success, version: HTTP/1.1)
POST /session/4d69f0804f85bcd69738f58c3beec583/execute/sync HTTP/1.1
User-Agent: selenium/4.8.1 (java windows)
Content-Length: 176
Content-Type: application/json; charset=utf-8
host: localhost:43766
accept: */*

Response DefaultHttpResponse(decodeResult: success, version: HTTP/1.1)
HTTP/1.1 200 OK
Content-Length: 837624
Content-Type: application/json; charset=utf-8
cache-control: no-cache

06:33:44.207 [AsyncHttpClient-1-7] DEBUG org.asynchttpclient.netty.channel.ChannelManager - Adding key: http://localhost:43766 for channel [id: 0xc8f861de, L:/127.0.0.1:62470 - R:localhost/127.0.0.1:43766]
06:33:44.518 [Forwarding getCurrentUrl on session 4d69f0804f85bcd69738f58c3beec583 to remote] DEBUG org.asynchttpclient.netty.request.NettyRequestSender - Using pooled Channel '[id: 0xc8f861de, L:/127.0.0.1:62470 - R:localhost/127.0.0.1:43766]' for 'GET' to 'http://localhost:43766/session/4d69f0804f85bcd69738f58c3beec583/url'
06:33:44.518 [Forwarding getCurrentUrl on session 4d69f0804f85bcd69738f58c3beec583 to remote] DEBUG org.asynchttpclient.netty.request.NettyRequestSender - Using open Channel [id: 0xc8f861de, L:/127.0.0.1:62470 - R:localhost/127.0.0.1:43766] for GET '/session/4d69f0804f85bcd69738f58c3beec583/url'
06:33:44.524 [AsyncHttpClient-1-7] DEBUG org.asynchttpclient.netty.handler.HttpHandler - 

Request DefaultFullHttpRequest(decodeResult: success, version: HTTP/1.1, content: EmptyByteBufBE)
GET /session/4d69f0804f85bcd69738f58c3beec583/url HTTP/1.1
User-Agent: selenium/4.8.1 (java windows)
Cache-Control: no-cache
Content-Type: application/json; charset=utf-8
host: localhost:43766
accept: */*

Response DefaultHttpResponse(decodeResult: success, version: HTTP/1.1)
HTTP/1.1 200 OK
Content-Length: 41
Content-Type: application/json; charset=utf-8
cache-control: no-cache

06:33:44.524 [AsyncHttpClient-1-7] DEBUG org.asynchttpclient.netty.channel.ChannelManager - Adding key: http://localhost:43766 for channel [id: 0xc8f861de, L:/127.0.0.1:62470 - R:localhost/127.0.0.1:43766]
  &amp#27;[31mAnd &amp#27;[0m&amp#27;[31muser click account button&amp#27;[0m                       &amp#27;[90m# starter.stepdefinitions.UserSteps.userClickAccountButton()&amp#27;[0m
      &amp#27;[31mnet.thucydides.core.webdriver.exceptions.ElementShouldBeEnabledException: Expected enabled element was not enabled
	at net.serenitybdd.core.pages.WebElementFacadeImpl.waitUntilEnabled(WebElementFacadeImpl.java:1122)
	at net.serenitybdd.core.pages.WebElementFacadeImpl.waitUntilElementAvailable(WebElementFacadeImpl.java:906)
	at net.serenitybdd.core.pages.WebElementFacadeImpl.click(WebElementFacadeImpl.java:1204)
	at net.serenitybdd.core.pages.WebElementFacadeImpl.click(WebElementFacadeImpl.java:1224)
	at MiniProjectWeb@1.0-SNAPSHOT/starter.user.TransactionPage.userClickAccountButton(TransactionPage.java:17)
	at MiniProjectWeb@1.0-SNAPSHOT/starter.user.TransactionPage$ByteBuddy$llkNh8kB.userClickAccountButton$accessor$PvxXquql(Unknown Source)
	at java.base/jdk.internal.reflect.NativeMethodAccessorImpl.invoke0(Native Method)
	at java.base/jdk.internal.reflect.NativeMethodAccessorImpl.invoke(NativeMethodAccessorImpl.java:62)
	at java.base/jdk.internal.reflect.DelegatingMethodAccessorImpl.invoke(DelegatingMethodAccessorImpl.java:43)
	at java.base/java.lang.reflect.Method.invoke(Method.java:564)
	at net.thucydides.core.steps.StepInterceptor.invokeMethod(StepInterceptor.java:518)
	at net.thucydides.core.steps.StepInterceptor.executeTestStepMethod(StepInterceptor.java:498)
	at net.thucydides.core.steps.StepInterceptor.runTestStep(StepInterceptor.java:472)
	at net.thucydides.core.steps.StepInterceptor.runOrSkipMethod(StepInterceptor.java:211)
	at net.thucydides.core.steps.StepInterceptor.testStepResult(StepInterceptor.java:198)
	at net.thucydides.core.steps.StepInterceptor.intercept(StepInterceptor.java:86)
	at net.thucydides.core.steps.ProxyConfiguration$InterceptorDispatcher.intercept(ProxyConfiguration.java:51)
	at MiniProjectWeb@1.0-SNAPSHOT/starter.user.TransactionPage$ByteBuddy$llkNh8kB.userClickAccountButton(Unknown Source)
	at MiniProjectWeb@1.0-SNAPSHOT/starter.stepdefinitions.UserSteps.userClickAccountButton(UserSteps.java:126)
	at âœ½.user click account button(file:///C:/Users/Lenovo/IdeaProjects/MiniProject/MiniProjectWeb/src/test/resources/features/user.feature:104)
Caused by: org.openqa.selenium.TimeoutException: Expected condition failed: waiting for By.xpath: //i[@class='v-icon notranslate fas fa-user theme--dark'] to be enabled (tried for 5 second(s) with 100 milliseconds interval)
	at org.openqa.selenium.support.ui.FluentWait.timeoutException(FluentWait.java:263)
	at org.openqa.selenium.support.ui.FluentWait.until(FluentWait.java:231)
	at net.serenitybdd.core.pages.WebElementFacadeImpl.waitUntilEnabled(WebElementFacadeImpl.java:1119)
	at net.serenitybdd.core.pages.WebElementFacadeImpl.waitUntilElementAvailable(WebElementFacadeImpl.java:906)
	at net.serenitybdd.core.pages.WebElementFacadeImpl.click(WebElementFacadeImpl.java:1204)
	at net.serenitybdd.core.pages.WebElementFacadeImpl.click(WebElementFacadeImpl.java:1224)
	at MiniProjectWeb@1.0-SNAPSHOT/starter.user.TransactionPage.userClickAccountButton(TransactionPage.java:17)
	at MiniProjectWeb@1.0-SNAPSHOT/starter.user.TransactionPage$ByteBuddy$llkNh8kB.userClickAccountButton$accessor$PvxXquql(Unknown Source)
	at java.base/jdk.internal.reflect.NativeMethodAccessorImpl.invoke0(Native Method)
	at java.base/jdk.internal.reflect.NativeMethodAccessorImpl.invoke(NativeMethodAccessorImpl.java:62)
	at java.base/jdk.internal.reflect.DelegatingMethodAccessorImpl.invoke(DelegatingMethodAccessorImpl.java:43)
	at java.base/java.lang.reflect.Method.invoke(Method.java:564)
	at net.thucydides.core.steps.StepInterceptor.invokeMethod(StepInterceptor.java:518)
	at net.thucydides.core.steps.StepInterceptor.executeTestStepMethod(StepInterceptor.java:498)
	at net.thucydides.core.steps.StepInterceptor.runTestStep(StepInterceptor.java:472)
	at net.thucydides.core.steps.StepInterceptor.runOrSkipMethod(StepInterceptor.java:211)
	at net.thucydides.core.steps.StepInterceptor.testStepResult(StepInterceptor.java:198)
	at net.thucydides.core.steps.StepInterceptor.intercept(StepInterceptor.java:86)
	at net.thucydides.core.steps.ProxyConfiguration$InterceptorDispatcher.intercept(ProxyConfiguration.java:51)
	at MiniProjectWeb@1.0-SNAPSHOT/starter.user.TransactionPage$ByteBuddy$llkNh8kB.userClickAccountButton(Unknown Source)
	at MiniProjectWeb@1.0-SNAPSHOT/starter.stepdefinitions.UserSteps.userClickAccountButton(UserSteps.java:126)
	at java.base/jdk.internal.reflect.NativeMethodAccessorImpl.invoke0(Native Method)
	at java.base/jdk.internal.reflect.NativeMethodAccessorImpl.invoke(NativeMethodAccessorImpl.java:62)
	at java.base/jdk.internal.reflect.DelegatingMethodAccessorImpl.invoke(DelegatingMethodAccessorImpl.java:43)
	at java.base/java.lang.reflect.Method.invoke(Method.java:564)
	at io.cucumber.java.Invoker.doInvoke(Invoker.java:66)
	at io.cucumber.java.Invoker.invoke(Invoker.java:24)
	at io.cucumber.java.AbstractGlueDefinition.invokeMethod(AbstractGlueDefinition.java:47)
	at io.cucumber.java.JavaStepDefinition.execute(JavaStepDefinition.java:29)
	at io.cucumber.core.runner.CoreStepDefinition.execute(CoreStepDefinition.java:66)
	at io.cucumber.core.runner.PickleStepDefinitionMatch.runStep(PickleStepDefinitionMatch.java:63)
	at io.cucumber.core.runner.ExecutionMode$1.execute(ExecutionMode.java:10)
	at io.cucumber.core.runner.TestStep.executeStep(TestStep.java:84)
	at io.cucumber.core.runner.TestStep.run(TestStep.java:56)
	at io.cucumber.core.runner.PickleStepTestStep.run(PickleStepTestStep.java:51)
	at io.cucumber.core.runner.TestCase.run(TestCase.java:84)
	at io.cucumber.core.runner.Runner.runPickle(Runner.java:75)
	at io.cucumber.junit.PickleRunners$NoStepDescriptions.lambda$run$0(PickleRunners.java:151)
	at io.cucumber.core.runtime.CucumberExecutionContext.lambda$runTestCase$5(CucumberExecutionContext.java:130)
	at io.cucumber.core.runtime.RethrowingThrowableCollector.executeAndThrow(RethrowingThrowableCollector.java:23)
	at io.cucumber.core.runtime.CucumberExecutionContext.runTestCase(CucumberExecutionContext.java:130)
	at io.cucumber.junit.PickleRunners$NoStepDescriptions.run(PickleRunners.java:148)
	at io.cucumber.junit.FeatureRunner.runChild(FeatureRunner.java:144)
	at io.cucumber.junit.FeatureRunner.runChild(FeatureRunner.java:28)
	at org.junit.runners.ParentRunner$4.run(ParentRunner.java:331)
	at org.junit.runners.ParentRunner$1.schedule(ParentRunner.java:79)
	at org.junit.runners.ParentRunner.runChildren(ParentRunner.java:329)
	at org.junit.runners.ParentRunner.access$100(ParentRunner.java:66)
	at org.junit.runners.ParentRunner$2.evaluate(ParentRunner.java:293)
	at org.junit.runners.ParentRunner$3.evaluate(ParentRunner.java:306)
	at org.junit.runners.ParentRunner.run(ParentRunner.java:413)
	at io.cucumber.junit.FeatureRunner.run(FeatureRunner.java:137)
	at io.cucumber.junit.CucumberSerenityBaseRunner.runChild(CucumberSerenityBaseRunner.java:330)
	at io.cucumber.junit.CucumberSerenityBaseRunner.runChild(CucumberSerenityBaseRunner.java:51)
	at org.junit.runners.ParentRunner$4.run(ParentRunner.java:331)
	at org.junit.runners.ParentRunner$1.schedule(ParentRunner.java:79)
	at org.junit.runners.ParentRunner.runChildren(ParentRunner.java:329)
	at org.junit.runners.ParentRunner.access$100(ParentRunner.java:66)
	at org.junit.runners.ParentRunner$2.evaluate(ParentRunner.java:293)
	at io.cucumber.junit.CucumberSerenityBaseRunner$RunCucumber.evaluate(CucumberSerenityBaseRunner.java:361)
	at org.junit.runners.ParentRunner$3.evaluate(ParentRunner.java:306)
	at org.junit.runners.ParentRunner.run(ParentRunner.java:413)
	at org.junit.runner.JUnitCore.run(JUnitCore.java:137)
	at org.junit.runner.JUnitCore.run(JUnitCore.java:115)
	at org.junit.vintage.engine.execution.RunnerExecutor.execute(RunnerExecutor.java:42)
	at org.junit.vintage.engine.VintageTestEngine.executeAllChildren(VintageTestEngine.java:80)
	at org.junit.vintage.engine.VintageTestEngine.execute(VintageTestEngine.java:72)
	at org.junit.platform.launcher.core.EngineExecutionOrchestrator.execute(EngineExecutionOrchestrator.java:107)
	at org.junit.platform.launcher.core.EngineExecutionOrchestrator.execute(EngineExecutionOrchestrator.java:88)
	at org.junit.platform.launcher.core.EngineExecutionOrchestrator.lambda$execute$0(EngineExecutionOrchestrator.java:54)
	at org.junit.platform.launcher.core.EngineExecutionOrchestrator.withInterceptedStreams(EngineExecutionOrchestrator.java:67)
	at org.junit.platform.launcher.core.EngineExecutionOrchestrator.execute(EngineExecutionOrchestrator.java:52)
	at org.junit.platform.launcher.core.DefaultLauncher.execute(DefaultLauncher.java:114)
	at org.junit.platform.launcher.core.DefaultLauncher.execute(DefaultLauncher.java:86)
	at org.junit.platform.launcher.core.DefaultLauncherSession$DelegatingLauncher.execute(DefaultLauncherSession.java:86)
	at org.junit.platform.launcher.core.SessionPerRequestLauncher.execute(SessionPerRequestLauncher.java:53)
	at org.apache.maven.surefire.junitplatform.JUnitPlatformProvider.execute(JUnitPlatformProvider.java:188)
	at org.apache.maven.surefire.junitplatform.JUnitPlatformProvider.invokeAllTests(JUnitPlatformProvider.java:154)
	at org.apache.maven.surefire.junitplatform.JUnitPlatformProvider.invoke(JUnitPlatformProvider.java:128)
	at org.apache.maven.surefire.booter.ForkedBooter.runSuitesInProcess(ForkedBooter.java:428)
	at org.apache.maven.surefire.booter.ForkedBooter.execute(ForkedBooter.java:162)
	at org.apache.maven.surefire.booter.ForkedBooter.run(ForkedBooter.java:562)
	at org.apache.maven.surefire.booter.ForkedBooter.main(ForkedBooter.java:548)
Caused by: org.openqa.selenium.NoSuchElementException: no such element: Unable to locate element: {"method":"xpath","selector":"//i[@class='v-icon notranslate fas fa-user theme--dark']"}
  (Session info: chrome=112.0.5615.138)
For documentation on this error, please visit: https://selenium.dev/exceptions/#no_such_element
Build info: version: '4.8.1', revision: '8ebccac989'
System info: os.name: 'Windows 10', os.arch: 'amd64', os.version: '10.0', java.version: '14.0.2'
Driver info: org.openqa.selenium.chrome.ChromeDriver
Command: [4d69f0804f85bcd69738f58c3beec583, findElement {using=xpath, value=//i[@class='v-icon notranslate fas fa-user theme--dark']}]
Capabilities {acceptInsecureCerts: true, browserName: chrome, browserVersion: 112.0.5615.138, chrome: {chromedriverVersion: 112.0.5615.49 (bd2a7bcb881c..., userDataDir: C:\Users\Lenovo\AppData\Loc...}, goog:chromeOptions: {debuggerAddress: localhost:62471}, networkConnectionEnabled: false, pageLoadStrategy: normal, platformName: WINDOWS, proxy: Proxy(), se:cdp: ws://localhost:62471/devtoo..., se:cdpVersion: 112.0.5615.138, setWindowRect: true, strictFileInteractability: false, timeouts: {implicit: 0, pageLoad: 300000, script: 30000}, unhandledPromptBehavior: dismiss and notify, webauthn:extension:credBlob: true, webauthn:extension:largeBlob: true, webauthn:extension:minPinLength: true, webauthn:extension:prf: true, webauthn:virtualAuthenticators: true}
Session ID: 4d69f0804f85bcd69738f58c3beec583
	at java.base/jdk.internal.reflect.NativeConstructorAccessorImpl.newInstance0(Native Method)
	at java.base/jdk.internal.reflect.NativeConstructorAccessorImpl.newInstance(NativeConstructorAccessorImpl.java:62)
	at java.base/jdk.internal.reflect.DelegatingConstructorAccessorImpl.newInstance(DelegatingConstructorAccessorImpl.java:45)
	at java.base/java.lang.reflect.Constructor.newInstanceWithCaller(Constructor.java:500)
	at java.base/java.lang.reflect.Constructor.newInstance(Constructor.java:481)
	at org.openqa.selenium.remote.codec.w3c.W3CHttpResponseCodec.createException(W3CHttpResponseCodec.java:200)
	at org.openqa.selenium.remote.codec.w3c.W3CHttpResponseCodec.decode(W3CHttpResponseCodec.java:133)
	at org.openqa.selenium.remote.codec.w3c.W3CHttpResponseCodec.decode(W3CHttpResponseCodec.java:53)
	at org.openqa.selenium.remote.HttpCommandExecutor.execute(HttpCommandExecutor.java:184)
	at org.openqa.selenium.remote.service.DriverCommandExecutor.invokeExecute(DriverCommandExecutor.java:167)
	at org.openqa.selenium.remote.service.DriverCommandExecutor.execute(DriverCommandExecutor.java:142)
	at org.openqa.selenium.remote.RemoteWebDriver.execute(RemoteWebDriver.java:543)
	at org.openqa.selenium.remote.ElementLocation$ElementFinder$2.findElement(ElementLocation.java:162)
	at org.openqa.selenium.remote.ElementLocation.findElement(ElementLocation.java:60)
	at org.openqa.selenium.remote.RemoteWebDriver.findElement(RemoteWebDriver.java:352)
	at org.openqa.selenium.remote.RemoteWebDriver.findElement(RemoteWebDriver.java:344)
	at net.thucydides.core.webdriver.WebDriverFacade.findElement(WebDriverFacade.java:242)
	at net.serenitybdd.core.pages.WebElementResolverByLocator.resolveForDriver(WebElementResolverByLocator.java:25)
	at net.serenitybdd.core.pages.WebElementFacadeImpl.getResolvedElement(WebElementFacadeImpl.java:189)
	at net.serenitybdd.core.pages.WebElementFacadeImpl.getElement(WebElementFacadeImpl.java:184)
	at net.serenitybdd.core.pages.WebElementExpectations$3.apply(WebElementExpectations.java:63)
	at net.serenitybdd.core.pages.WebElementExpectations$3.apply(WebElementExpectations.java:55)
	at org.openqa.selenium.support.ui.FluentWait.until(FluentWait.java:208)
	... 81 more
&amp#27;[0m
  &amp#27;[36mAnd &amp#27;[0m&amp#27;[36muser can click logout button&amp#27;[0m                    &amp#27;[90m# starter.stepdefinitions.UserSteps.userCanClickLogoutButton()&amp#27;[0m
  &amp#27;[36mThen &amp#27;[0m&amp#27;[36muser on login page&amp#27;[0m                             &amp#27;[90m# starter.stepdefinitions.UserSteps.userOnLoginPage()&amp#27;[0m
06:33:44.601 [main] ERROR  - 
  _____   ___   ___   _____     ___     _     ___   _      ___   ___  
 |_   _| | __| / __| |_   _|   | __|   /_\   |_ _| | |    | __| |   \ 
   | |   | _|  \__ \   | |     | _|   / _ \   | |  | |__  | _|  | |) |
   |_|   |___| |___/   |_|     |_|   /_/ \_\ |___| |____| |___| |___/ 

as a user I want to logout from the account
-----------------------------------------------------------------------
06:33:44.601 [main] DEBUG  - RELATED ISSUES: 
06:33:44.602 [main] ERROR  -     Test failed at step: User click account button
06:33:44.602 [main] ERROR  -     Expected enabled element was not enabled
06:33:44.607 [AsyncHttpClient-1-9] DEBUG org.asynchttpclient.netty.handler.WebSocketHandler - Channel Closed: [id: 0xef58d4ad, L:/127.0.0.1:62478 ! R:localhost/127.0.0.1:62471] with attribute NettyResponseFuture{currentRetry=0,
	isDone=1,
	isCancelled=0,
	asyncHandler=org.asynchttpclient.ws.WebSocketUpgradeHandler@3d2c752d,
	nettyRequest=org.asynchttpclient.netty.request.NettyRequest@549b06d0,
	future=java.util.concurrent.CompletableFuture@45e98d9a[Completed normally],
	uri=ws://localhost:62471/devtools/browser/65348900-96d7-4871-9aa3-83ead0f5a3c8,
	keepAlive=true,
	redirectCount=0,
	timeoutsHolder=null,
	inAuth=0,
	touch=1683588811320}
06:33:44.607 [AsyncHttpClient-1-9] DEBUG org.asynchttpclient.netty.channel.ChannelManager - Closing Channel [id: 0xef58d4ad, L:/127.0.0.1:62478 ! R:localhost/127.0.0.1:62471] 
06:33:44.607 [Driver Command Executor] DEBUG org.asynchttpclient.netty.request.NettyRequestSender - Using pooled Channel '[id: 0xc8f861de, L:/127.0.0.1:62470 - R:localhost/127.0.0.1:43766]' for 'DELETE' to 'http://localhost:43766/session/4d69f0804f85bcd69738f58c3beec583'
06:33:44.607 [Driver Command Executor] DEBUG org.asynchttpclient.netty.request.NettyRequestSender - Using open Channel [id: 0xc8f861de, L:/127.0.0.1:62470 - R:localhost/127.0.0.1:43766] for DELETE '/session/4d69f0804f85bcd69738f58c3beec583'
06:33:44.642 [AsyncHttpClient-1-8] DEBUG org.asynchttpclient.netty.handler.HttpHandler - Unexpected I/O exception on channel [id: 0xf3c7f291, L:/127.0.0.1:62477 - R:localhost/127.0.0.1:62471]
java.net.SocketException: Connection reset
	at java.base/sun.nio.ch.SocketChannelImpl.throwConnectionReset(SocketChannelImpl.java:345)
	at java.base/sun.nio.ch.SocketChannelImpl.read(SocketChannelImpl.java:376)
	at io.netty.buffer.PooledByteBuf.setBytes(PooledByteBuf.java:259)
	at io.netty.buffer.AbstractByteBuf.writeBytes(AbstractByteBuf.java:1132)
	at io.netty.channel.socket.nio.NioSocketChannel.doReadBytes(NioSocketChannel.java:357)
	at io.netty.channel.nio.AbstractNioByteChannel$NioByteUnsafe.read(AbstractNioByteChannel.java:151)
	at io.netty.channel.nio.NioEventLoop.processSelectedKey(NioEventLoop.java:788)
	at io.netty.channel.nio.NioEventLoop.processSelectedKeysOptimized(NioEventLoop.java:724)
	at io.netty.channel.nio.NioEventLoop.processSelectedKeys(NioEventLoop.java:650)
	at io.netty.channel.nio.NioEventLoop.run(NioEventLoop.java:562)
	at io.netty.util.concurrent.SingleThreadEventExecutor$4.run(SingleThreadEventExecutor.java:997)
	at io.netty.util.internal.ThreadExecutorMap$2.run(ThreadExecutorMap.java:74)
	at io.netty.util.concurrent.FastThreadLocalRunnable.run(FastThreadLocalRunnable.java:30)
	at java.base/java.lang.Thread.run(Thread.java:832)
06:33:44.643 [AsyncHttpClient-1-8] DEBUG org.asynchttpclient.netty.channel.ChannelManager - Closing Channel [id: 0xf3c7f291, L:/127.0.0.1:62477 - R:localhost/127.0.0.1:62471] 
06:33:44.644 [AsyncHttpClient-1-8] DEBUG org.asynchttpclient.netty.handler.HttpHandler - Channel Closed: [id: 0xf3c7f291, L:/127.0.0.1:62477 ! R:localhost/127.0.0.1:62471] with attribute DISCARD
06:33:44.677 [AsyncHttpClient-1-7] DEBUG org.asynchttpclient.netty.handler.HttpHandler - 

Request DefaultFullHttpRequest(decodeResult: success, version: HTTP/1.1, content: EmptyByteBufBE)
DELETE /session/4d69f0804f85bcd69738f58c3beec583 HTTP/1.1
User-Agent: selenium/4.8.1 (java windows)
Content-Type: application/json; charset=utf-8
host: localhost:43766
accept: */*

Response DefaultHttpResponse(decodeResult: success, version: HTTP/1.1)
HTTP/1.1 200 OK
Content-Length: 14
Content-Type: application/json; charset=utf-8
cache-control: no-cache

06:33:44.677 [AsyncHttpClient-1-7] DEBUG org.asynchttpclient.netty.channel.ChannelManager - Adding key: http://localhost:43766 for channel [id: 0xc8f861de, L:/127.0.0.1:62470 - R:localhost/127.0.0.1:43766]
06:33:45.258 [AsyncHttpClient-1-1] DEBUG org.asynchttpclient.netty.channel.DefaultChannelPool - Entry count for : http://localhost:62471 : 1
06:33:45.258 [AsyncHttpClient-1-1] DEBUG org.asynchttpclient.netty.channel.DefaultChannelPool - Entry count for : http://localhost:43766 : 1
06:33:45.258 [AsyncHttpClient-1-1] DEBUG org.asynchttpclient.netty.channel.DefaultChannelPool - Adding Candidate expired Channel [id: 0xf3c7f291, L:/127.0.0.1:62477 ! R:localhost/127.0.0.1:62471] isIdleTimeoutExpired=false isRemotelyClosed=true isTtlExpired=false
06:33:45.258 [AsyncHttpClient-1-1] DEBUG org.asynchttpclient.netty.channel.DefaultChannelPool - Closing Idle Channel [id: 0xf3c7f291, L:/127.0.0.1:62477 ! R:localhost/127.0.0.1:62471]
06:33:45.258 [AsyncHttpClient-1-1] DEBUG org.asynchttpclient.netty.channel.DefaultChannelPool - Closed 1 connections out of 2 in 0 ms
06:33:45.288 [AsyncHttpClient-1-7] DEBUG org.asynchttpclient.netty.handler.HttpHandler - Channel Closed: [id: 0xc8f861de, L:/127.0.0.1:62470 ! R:localhost/127.0.0.1:43766] with attribute DISCARD
]]></system-out>
    <system-err><![CDATA[Starting ChromeDriver 112.0.5615.49 (bd2a7bcb881c11e8cfe3078709382934e3916914-refs/branch-heads/5615@{#936}) on port 43766
Only local connections are allowed.
Please see https://chromedriver.chromium.org/security-considerations for suggestions on keeping ChromeDriver safe.
ChromeDriver was started successfully.
May 09, 2023 6:33:31 AM org.openqa.selenium.devtools.CdpVersionFinder findNearestMatch
WARNING: Unable to find an exact match for CDP version 112, so returning the closest version found: 110
]]></system-err>
  </testcase>
  <testcase name="as a user I want to login with invalid email" classname="As a user" time="13.939">
    <system-out><![CDATA[
@TC-003
Scenario: as a user I want to login with invalid email &amp#27;[90m# src/test/resources/features/user.feature:109&amp#27;[0m
06:33:45.834 [main] DEBUG io.cucumber.core.plugin.SerenityReporter - Running feature from file:///C:/Users/Lenovo/IdeaProjects/MiniProject/MiniProjectWeb/src/test/resources/features/user.feature
06:33:45.840 [main] INFO  - 
  _____   ___   ___   _____     ___   _____     _     ___   _____   ___   ___  
 |_   _| | __| / __| |_   _|   / __| |_   _|   /_\   | _ \ |_   _| | __| |   \ 
   | |   | _|  \__ \   | |     \__ \   | |    / _ \  |   /   | |   | _|  | |) |
   |_|   |___| |___/   |_|     |___/   |_|   /_/ \_\ |_|_\   |_|   |___| |___/ 

as a user I want to login with invalid email(as-a-user;as-a-user-i-want-to-login-with-invalid-email)
--------------------------------------------------------------------------------
06:33:45.953 [main] DEBUG net.thucydides.core.steps.StepInterceptor - STARTING STEP: UserSteps.userOnMainPage - userOnMainPage
06:33:46.064 [main] INFO net.serenitybdd.core.webdriver.driverproviders.ChromeDriverProvider - Starting Chrome driver instance with capabilities:
06:33:46.064 [main] INFO net.serenitybdd.core.webdriver.driverproviders.ChromeDriverProvider - Capabilities {acceptInsecureCerts: true, browserName: chrome, goog:chromeOptions: {args: [remote-allow-origins=*, test-type, no-sandbox, ignore-certificate-errors, start-maximized, incognito, disable-infobars, disable-gpu, disable-default-apps, disable-popup-blocking, remote-allow-origins=*, test-type, no-sandbox, ignore-certificate-errors, start-maximized, incognito, disable-infobars, disable-gpu, disable-default-apps, disable-popup-blocking, remote-allow-origins=*], extensions: []}}
06:33:46.358 [AsyncHttpClient-1-1] DEBUG org.asynchttpclient.netty.channel.DefaultChannelPool - Entry count for : http://localhost:43766 : 1
06:33:46.358 [AsyncHttpClient-1-1] DEBUG org.asynchttpclient.netty.channel.DefaultChannelPool - Adding Candidate expired Channel [id: 0xc8f861de, L:/127.0.0.1:62470 ! R:localhost/127.0.0.1:43766] isIdleTimeoutExpired=false isRemotelyClosed=true isTtlExpired=false
06:33:46.358 [AsyncHttpClient-1-1] DEBUG org.asynchttpclient.netty.channel.DefaultChannelPool - Closing Idle Channel [id: 0xc8f861de, L:/127.0.0.1:62470 ! R:localhost/127.0.0.1:43766]
06:33:46.358 [AsyncHttpClient-1-1] DEBUG org.asynchttpclient.netty.channel.DefaultChannelPool - Closed 1 connections out of 1 in 0 ms
06:33:46.687 [AsyncHttpClient-1-10] DEBUG org.asynchttpclient.netty.channel.NettyConnectListener - Using new Channel '[id: 0x6ea02814, L:/127.0.0.1:62499 - R:localhost/127.0.0.1:5203]' for 'POST' to '/session'
06:33:47.935 [AsyncHttpClient-1-10] DEBUG org.asynchttpclient.netty.handler.HttpHandler - 

Request DefaultHttpRequest(decodeResult: success, version: HTTP/1.1)
POST /session HTTP/1.1
User-Agent: selenium/4.8.1 (java windows)
Content-Length: 1701
Content-Type: application/json; charset=utf-8
host: localhost:5203
accept: */*

Response DefaultHttpResponse(decodeResult: success, version: HTTP/1.1)
HTTP/1.1 200 OK
Content-Length: 860
Content-Type: application/json; charset=utf-8
cache-control: no-cache

06:33:47.935 [AsyncHttpClient-1-10] DEBUG org.asynchttpclient.netty.channel.ChannelManager - Adding key: http://localhost:5203 for channel [id: 0x6ea02814, L:/127.0.0.1:62499 - R:localhost/127.0.0.1:5203]
06:33:47.952 [AsyncHttpClient-1-11] DEBUG org.asynchttpclient.netty.channel.NettyConnectListener - Using new Channel '[id: 0xfd777461, L:/127.0.0.1:62506 - R:localhost/127.0.0.1:62500]' for 'GET' to '/json/version'
06:33:47.962 [AsyncHttpClient-1-11] DEBUG org.asynchttpclient.netty.handler.HttpHandler - 

Request DefaultFullHttpRequest(decodeResult: success, version: HTTP/1.1, content: EmptyByteBufBE)
GET /json/version HTTP/1.1
User-Agent: selenium/4.8.1 (java windows)
host: localhost:62500
accept: */*

Response DefaultHttpResponse(decodeResult: success, version: HTTP/1.1)
HTTP/1.1 200 OK
Content-Security-Policy: frame-ancestors 'none'
Content-Length: 424
Content-Type: application/json; charset=UTF-8

06:33:47.963 [AsyncHttpClient-1-11] DEBUG org.asynchttpclient.netty.channel.ChannelManager - Adding key: http://localhost:62500 for channel [id: 0xfd777461, L:/127.0.0.1:62506 - R:localhost/127.0.0.1:62500]
06:33:47.971 [AsyncHttpClient-1-12] DEBUG org.asynchttpclient.netty.channel.NettyConnectListener - Using new Channel '[id: 0x14c53635, L:/127.0.0.1:62507 - R:localhost/127.0.0.1:62500]' for 'GET' to '/devtools/browser/937384eb-3055-48af-9ff7-36a8695a866e'
06:33:47.973 [AsyncHttpClient-1-12] DEBUG org.asynchttpclient.netty.handler.WebSocketHandler - 

Request DefaultFullHttpRequest(decodeResult: success, version: HTTP/1.1, content: EmptyByteBufBE)
GET /devtools/browser/937384eb-3055-48af-9ff7-36a8695a866e HTTP/1.1
upgrade: websocket
connection: upgrade
sec-websocket-key: BpTPTL1BFiV1KBqp4gYkYw==
sec-websocket-version: 13
origin: http://localhost:62500
host: localhost:62500
accept: */*
user-agent: AHC/2.1

Response DefaultHttpResponse(decodeResult: success, version: HTTP/1.1)
HTTP/1.1 101 WebSocket Protocol Handshake
Upgrade: WebSocket
Connection: Upgrade
Sec-WebSocket-Accept: u47brCJFolMpwi3lYMe5UuDfCaA=

06:33:47.982 [Forwarding get on session 3afacb529d497d473e236e5f9c134fa7 to remote] DEBUG org.asynchttpclient.netty.request.NettyRequestSender - Using pooled Channel '[id: 0x6ea02814, L:/127.0.0.1:62499 - R:localhost/127.0.0.1:5203]' for 'POST' to 'http://localhost:5203/session/3afacb529d497d473e236e5f9c134fa7/url'
06:33:47.982 [Forwarding get on session 3afacb529d497d473e236e5f9c134fa7 to remote] DEBUG org.asynchttpclient.netty.request.NettyRequestSender - Using open Channel [id: 0x6ea02814, L:/127.0.0.1:62499 - R:localhost/127.0.0.1:5203] for POST '/session/3afacb529d497d473e236e5f9c134fa7/url'
06:33:48.558 [AsyncHttpClient-1-1] DEBUG org.asynchttpclient.netty.channel.DefaultChannelPool - Entry count for : http://localhost:62500 : 1
06:33:49.663 [AsyncHttpClient-1-1] DEBUG org.asynchttpclient.netty.channel.DefaultChannelPool - Entry count for : http://localhost:62500 : 1
06:33:50.759 [AsyncHttpClient-1-1] DEBUG org.asynchttpclient.netty.channel.DefaultChannelPool - Entry count for : http://localhost:62500 : 1
06:33:51.859 [AsyncHttpClient-1-1] DEBUG org.asynchttpclient.netty.channel.DefaultChannelPool - Entry count for : http://localhost:62500 : 1
06:33:52.842 [AsyncHttpClient-1-10] DEBUG org.asynchttpclient.netty.handler.HttpHandler - 

Request DefaultHttpRequest(decodeResult: success, version: HTTP/1.1)
POST /session/3afacb529d497d473e236e5f9c134fa7/url HTTP/1.1
User-Agent: selenium/4.8.1 (java windows)
Content-Length: 59
Content-Type: application/json; charset=utf-8
host: localhost:5203
accept: */*

Response DefaultHttpResponse(decodeResult: success, version: HTTP/1.1)
HTTP/1.1 200 OK
Content-Length: 14
Content-Type: application/json; charset=utf-8
cache-control: no-cache

06:33:52.842 [AsyncHttpClient-1-10] DEBUG org.asynchttpclient.netty.channel.ChannelManager - Adding key: http://localhost:5203 for channel [id: 0x6ea02814, L:/127.0.0.1:62499 - R:localhost/127.0.0.1:5203]
06:33:52.844 [Forwarding setTimeout on session 3afacb529d497d473e236e5f9c134fa7 to remote] DEBUG org.asynchttpclient.netty.request.NettyRequestSender - Using pooled Channel '[id: 0x6ea02814, L:/127.0.0.1:62499 - R:localhost/127.0.0.1:5203]' for 'POST' to 'http://localhost:5203/session/3afacb529d497d473e236e5f9c134fa7/timeouts'
06:33:52.845 [Forwarding setTimeout on session 3afacb529d497d473e236e5f9c134fa7 to remote] DEBUG org.asynchttpclient.netty.request.NettyRequestSender - Using open Channel [id: 0x6ea02814, L:/127.0.0.1:62499 - R:localhost/127.0.0.1:5203] for POST '/session/3afacb529d497d473e236e5f9c134fa7/timeouts'
06:33:52.846 [AsyncHttpClient-1-10] DEBUG org.asynchttpclient.netty.handler.HttpHandler - 

Request DefaultHttpRequest(decodeResult: success, version: HTTP/1.1)
POST /session/3afacb529d497d473e236e5f9c134fa7/timeouts HTTP/1.1
User-Agent: selenium/4.8.1 (java windows)
Content-Length: 22
Content-Type: application/json; charset=utf-8
host: localhost:5203
accept: */*

Response DefaultHttpResponse(decodeResult: success, version: HTTP/1.1)
HTTP/1.1 200 OK
Content-Length: 14
Content-Type: application/json; charset=utf-8
cache-control: no-cache

06:33:52.846 [AsyncHttpClient-1-10] DEBUG org.asynchttpclient.netty.channel.ChannelManager - Adding key: http://localhost:5203 for channel [id: 0x6ea02814, L:/127.0.0.1:62499 - R:localhost/127.0.0.1:5203]
06:33:52.856 [Forwarding findElement on session 3afacb529d497d473e236e5f9c134fa7 to remote] DEBUG org.asynchttpclient.netty.request.NettyRequestSender - Using pooled Channel '[id: 0x6ea02814, L:/127.0.0.1:62499 - R:localhost/127.0.0.1:5203]' for 'POST' to 'http://localhost:5203/session/3afacb529d497d473e236e5f9c134fa7/element'
06:33:52.857 [Forwarding findElement on session 3afacb529d497d473e236e5f9c134fa7 to remote] DEBUG org.asynchttpclient.netty.request.NettyRequestSender - Using open Channel [id: 0x6ea02814, L:/127.0.0.1:62499 - R:localhost/127.0.0.1:5203] for POST '/session/3afacb529d497d473e236e5f9c134fa7/element'
06:33:52.884 [AsyncHttpClient-1-10] DEBUG org.asynchttpclient.netty.handler.HttpHandler - 

Request DefaultHttpRequest(decodeResult: success, version: HTTP/1.1)
POST /session/3afacb529d497d473e236e5f9c134fa7/element HTTP/1.1
User-Agent: selenium/4.8.1 (java windows)
Content-Length: 70
Content-Type: application/json; charset=utf-8
host: localhost:5203
accept: */*

Response DefaultHttpResponse(decodeResult: success, version: HTTP/1.1)
HTTP/1.1 200 OK
Content-Length: 88
Content-Type: application/json; charset=utf-8
cache-control: no-cache

06:33:52.884 [AsyncHttpClient-1-10] DEBUG org.asynchttpclient.netty.channel.ChannelManager - Adding key: http://localhost:5203 for channel [id: 0x6ea02814, L:/127.0.0.1:62499 - R:localhost/127.0.0.1:5203]
06:33:52.890 [Forwarding isElementDisplayed on session 3afacb529d497d473e236e5f9c134fa7 to remote] DEBUG org.asynchttpclient.netty.request.NettyRequestSender - Using pooled Channel '[id: 0x6ea02814, L:/127.0.0.1:62499 - R:localhost/127.0.0.1:5203]' for 'POST' to 'http://localhost:5203/session/3afacb529d497d473e236e5f9c134fa7/execute/sync'
06:33:52.890 [Forwarding isElementDisplayed on session 3afacb529d497d473e236e5f9c134fa7 to remote] DEBUG org.asynchttpclient.netty.request.NettyRequestSender - Using open Channel [id: 0x6ea02814, L:/127.0.0.1:62499 - R:localhost/127.0.0.1:5203] for POST '/session/3afacb529d497d473e236e5f9c134fa7/execute/sync'
06:33:52.919 [AsyncHttpClient-1-10] DEBUG org.asynchttpclient.netty.handler.HttpHandler - 

Request DefaultHttpRequest(decodeResult: success, version: HTTP/1.1)
POST /session/3afacb529d497d473e236e5f9c134fa7/execute/sync HTTP/1.1
User-Agent: selenium/4.8.1 (java windows)
Content-Length: 48807
Content-Type: application/json; charset=utf-8
host: localhost:5203
accept: */*

Response DefaultHttpResponse(decodeResult: success, version: HTTP/1.1)
HTTP/1.1 200 OK
Content-Length: 14
Content-Type: application/json; charset=utf-8
cache-control: no-cache

06:33:52.919 [AsyncHttpClient-1-10] DEBUG org.asynchttpclient.netty.channel.ChannelManager - Adding key: http://localhost:5203 for channel [id: 0x6ea02814, L:/127.0.0.1:62499 - R:localhost/127.0.0.1:5203]
06:33:52.923 [Forwarding isElementDisplayed on session 3afacb529d497d473e236e5f9c134fa7 to remote] DEBUG org.asynchttpclient.netty.request.NettyRequestSender - Using pooled Channel '[id: 0x6ea02814, L:/127.0.0.1:62499 - R:localhost/127.0.0.1:5203]' for 'POST' to 'http://localhost:5203/session/3afacb529d497d473e236e5f9c134fa7/execute/sync'
06:33:52.924 [Forwarding isElementDisplayed on session 3afacb529d497d473e236e5f9c134fa7 to remote] DEBUG org.asynchttpclient.netty.request.NettyRequestSender - Using open Channel [id: 0x6ea02814, L:/127.0.0.1:62499 - R:localhost/127.0.0.1:5203] for POST '/session/3afacb529d497d473e236e5f9c134fa7/execute/sync'
06:33:52.947 [AsyncHttpClient-1-10] DEBUG org.asynchttpclient.netty.handler.HttpHandler - 

Request DefaultHttpRequest(decodeResult: success, version: HTTP/1.1)
POST /session/3afacb529d497d473e236e5f9c134fa7/execute/sync HTTP/1.1
User-Agent: selenium/4.8.1 (java windows)
Content-Length: 48807
Content-Type: application/json; charset=utf-8
host: localhost:5203
accept: */*

Response DefaultHttpResponse(decodeResult: success, version: HTTP/1.1)
HTTP/1.1 200 OK
Content-Length: 14
Content-Type: application/json; charset=utf-8
cache-control: no-cache

06:33:52.947 [AsyncHttpClient-1-10] DEBUG org.asynchttpclient.netty.channel.ChannelManager - Adding key: http://localhost:5203 for channel [id: 0x6ea02814, L:/127.0.0.1:62499 - R:localhost/127.0.0.1:5203]
06:33:52.950 [main] DEBUG net.thucydides.core.steps.StepInterceptor - STEP DONE: userOnMainPage
  &amp#27;[32mGiven &amp#27;[0m&amp#27;[32muser on main page&amp#27;[0m                              &amp#27;[90m# starter.stepdefinitions.UserSteps.userOnMainPage()&amp#27;[0m
06:33:52.962 [main] DEBUG net.thucydides.core.steps.StepInterceptor - STARTING STEP: UserSteps.userClickOnLoginButton - userClickOnLoginButton
06:33:52.964 [AsyncHttpClient-1-1] DEBUG org.asynchttpclient.netty.channel.DefaultChannelPool - Entry count for : http://localhost:5203 : 1
06:33:52.964 [AsyncHttpClient-1-1] DEBUG org.asynchttpclient.netty.channel.DefaultChannelPool - Entry count for : http://localhost:62500 : 1
06:33:52.969 [Forwarding findElement on session 3afacb529d497d473e236e5f9c134fa7 to remote] DEBUG org.asynchttpclient.netty.request.NettyRequestSender - Using pooled Channel '[id: 0x6ea02814, L:/127.0.0.1:62499 - R:localhost/127.0.0.1:5203]' for 'POST' to 'http://localhost:5203/session/3afacb529d497d473e236e5f9c134fa7/element'
06:33:52.969 [Forwarding findElement on session 3afacb529d497d473e236e5f9c134fa7 to remote] DEBUG org.asynchttpclient.netty.request.NettyRequestSender - Using open Channel [id: 0x6ea02814, L:/127.0.0.1:62499 - R:localhost/127.0.0.1:5203] for POST '/session/3afacb529d497d473e236e5f9c134fa7/element'
06:33:52.989 [AsyncHttpClient-1-10] DEBUG org.asynchttpclient.netty.handler.HttpHandler - 

Request DefaultHttpRequest(decodeResult: success, version: HTTP/1.1)
POST /session/3afacb529d497d473e236e5f9c134fa7/element HTTP/1.1
User-Agent: selenium/4.8.1 (java windows)
Content-Length: 106
Content-Type: application/json; charset=utf-8
host: localhost:5203
accept: */*

Response DefaultHttpResponse(decodeResult: success, version: HTTP/1.1)
HTTP/1.1 200 OK
Content-Length: 88
Content-Type: application/json; charset=utf-8
cache-control: no-cache

06:33:52.990 [AsyncHttpClient-1-10] DEBUG org.asynchttpclient.netty.channel.ChannelManager - Adding key: http://localhost:5203 for channel [id: 0x6ea02814, L:/127.0.0.1:62499 - R:localhost/127.0.0.1:5203]
06:33:52.992 [Forwarding getElementTagName on session 3afacb529d497d473e236e5f9c134fa7 to remote] DEBUG org.asynchttpclient.netty.request.NettyRequestSender - Using pooled Channel '[id: 0x6ea02814, L:/127.0.0.1:62499 - R:localhost/127.0.0.1:5203]' for 'GET' to 'http://localhost:5203/session/3afacb529d497d473e236e5f9c134fa7/element/5b7f22fe-79eb-487f-94ab-dcababf2026f/name'
06:33:52.992 [Forwarding getElementTagName on session 3afacb529d497d473e236e5f9c134fa7 to remote] DEBUG org.asynchttpclient.netty.request.NettyRequestSender - Using open Channel [id: 0x6ea02814, L:/127.0.0.1:62499 - R:localhost/127.0.0.1:5203] for GET '/session/3afacb529d497d473e236e5f9c134fa7/element/5b7f22fe-79eb-487f-94ab-dcababf2026f/name'
06:33:53.000 [AsyncHttpClient-1-10] DEBUG org.asynchttpclient.netty.handler.HttpHandler - 

Request DefaultFullHttpRequest(decodeResult: success, version: HTTP/1.1, content: EmptyByteBufBE)
GET /session/3afacb529d497d473e236e5f9c134fa7/element/5b7f22fe-79eb-487f-94ab-dcababf2026f/name HTTP/1.1
User-Agent: selenium/4.8.1 (java windows)
Cache-Control: no-cache
Content-Type: application/json; charset=utf-8
host: localhost:5203
accept: */*

Response DefaultHttpResponse(decodeResult: success, version: HTTP/1.1)
HTTP/1.1 200 OK
Content-Length: 13
Content-Type: application/json; charset=utf-8
cache-control: no-cache

06:33:53.000 [AsyncHttpClient-1-10] DEBUG org.asynchttpclient.netty.channel.ChannelManager - Adding key: http://localhost:5203 for channel [id: 0x6ea02814, L:/127.0.0.1:62499 - R:localhost/127.0.0.1:5203]
06:33:53.002 [Forwarding getElementTagName on session 3afacb529d497d473e236e5f9c134fa7 to remote] DEBUG org.asynchttpclient.netty.request.NettyRequestSender - Using pooled Channel '[id: 0x6ea02814, L:/127.0.0.1:62499 - R:localhost/127.0.0.1:5203]' for 'GET' to 'http://localhost:5203/session/3afacb529d497d473e236e5f9c134fa7/element/5b7f22fe-79eb-487f-94ab-dcababf2026f/name'
06:33:53.002 [Forwarding getElementTagName on session 3afacb529d497d473e236e5f9c134fa7 to remote] DEBUG org.asynchttpclient.netty.request.NettyRequestSender - Using open Channel [id: 0x6ea02814, L:/127.0.0.1:62499 - R:localhost/127.0.0.1:5203] for GET '/session/3afacb529d497d473e236e5f9c134fa7/element/5b7f22fe-79eb-487f-94ab-dcababf2026f/name'
06:33:53.008 [AsyncHttpClient-1-10] DEBUG org.asynchttpclient.netty.handler.HttpHandler - 

Request DefaultFullHttpRequest(decodeResult: success, version: HTTP/1.1, content: EmptyByteBufBE)
GET /session/3afacb529d497d473e236e5f9c134fa7/element/5b7f22fe-79eb-487f-94ab-dcababf2026f/name HTTP/1.1
User-Agent: selenium/4.8.1 (java windows)
Cache-Control: no-cache
Content-Type: application/json; charset=utf-8
host: localhost:5203
accept: */*

Response DefaultHttpResponse(decodeResult: success, version: HTTP/1.1)
HTTP/1.1 200 OK
Content-Length: 13
Content-Type: application/json; charset=utf-8
cache-control: no-cache

06:33:53.008 [AsyncHttpClient-1-10] DEBUG org.asynchttpclient.netty.channel.ChannelManager - Adding key: http://localhost:5203 for channel [id: 0x6ea02814, L:/127.0.0.1:62499 - R:localhost/127.0.0.1:5203]
06:33:53.011 [Forwarding findElement on session 3afacb529d497d473e236e5f9c134fa7 to remote] DEBUG org.asynchttpclient.netty.request.NettyRequestSender - Using pooled Channel '[id: 0x6ea02814, L:/127.0.0.1:62499 - R:localhost/127.0.0.1:5203]' for 'POST' to 'http://localhost:5203/session/3afacb529d497d473e236e5f9c134fa7/element'
06:33:53.011 [Forwarding findElement on session 3afacb529d497d473e236e5f9c134fa7 to remote] DEBUG org.asynchttpclient.netty.request.NettyRequestSender - Using open Channel [id: 0x6ea02814, L:/127.0.0.1:62499 - R:localhost/127.0.0.1:5203] for POST '/session/3afacb529d497d473e236e5f9c134fa7/element'
06:33:53.026 [AsyncHttpClient-1-10] DEBUG org.asynchttpclient.netty.handler.HttpHandler - 

Request DefaultHttpRequest(decodeResult: success, version: HTTP/1.1)
POST /session/3afacb529d497d473e236e5f9c134fa7/element HTTP/1.1
User-Agent: selenium/4.8.1 (java windows)
Content-Length: 106
Content-Type: application/json; charset=utf-8
host: localhost:5203
accept: */*

Response DefaultHttpResponse(decodeResult: success, version: HTTP/1.1)
HTTP/1.1 200 OK
Content-Length: 88
Content-Type: application/json; charset=utf-8
cache-control: no-cache

06:33:53.026 [AsyncHttpClient-1-10] DEBUG org.asynchttpclient.netty.channel.ChannelManager - Adding key: http://localhost:5203 for channel [id: 0x6ea02814, L:/127.0.0.1:62499 - R:localhost/127.0.0.1:5203]
06:33:53.029 [Forwarding clickElement on session 3afacb529d497d473e236e5f9c134fa7 to remote] DEBUG org.asynchttpclient.netty.request.NettyRequestSender - Using pooled Channel '[id: 0x6ea02814, L:/127.0.0.1:62499 - R:localhost/127.0.0.1:5203]' for 'POST' to 'http://localhost:5203/session/3afacb529d497d473e236e5f9c134fa7/element/5b7f22fe-79eb-487f-94ab-dcababf2026f/click'
06:33:53.029 [Forwarding clickElement on session 3afacb529d497d473e236e5f9c134fa7 to remote] DEBUG org.asynchttpclient.netty.request.NettyRequestSender - Using open Channel [id: 0x6ea02814, L:/127.0.0.1:62499 - R:localhost/127.0.0.1:5203] for POST '/session/3afacb529d497d473e236e5f9c134fa7/element/5b7f22fe-79eb-487f-94ab-dcababf2026f/click'
06:33:54.061 [AsyncHttpClient-1-1] DEBUG org.asynchttpclient.netty.channel.DefaultChannelPool - Entry count for : http://localhost:62500 : 1
06:33:55.162 [AsyncHttpClient-1-1] DEBUG org.asynchttpclient.netty.channel.DefaultChannelPool - Entry count for : http://localhost:62500 : 1
06:33:56.261 [AsyncHttpClient-1-1] DEBUG org.asynchttpclient.netty.channel.DefaultChannelPool - Entry count for : http://localhost:62500 : 1
06:33:57.359 [AsyncHttpClient-1-1] DEBUG org.asynchttpclient.netty.channel.DefaultChannelPool - Entry count for : http://localhost:62500 : 1
06:33:57.802 [AsyncHttpClient-1-10] DEBUG org.asynchttpclient.netty.handler.HttpHandler - 

Request DefaultHttpRequest(decodeResult: success, version: HTTP/1.1)
POST /session/3afacb529d497d473e236e5f9c134fa7/element/5b7f22fe-79eb-487f-94ab-dcababf2026f/click HTTP/1.1
User-Agent: selenium/4.8.1 (java windows)
Content-Length: 50
Content-Type: application/json; charset=utf-8
host: localhost:5203
accept: */*

Response DefaultHttpResponse(decodeResult: success, version: HTTP/1.1)
HTTP/1.1 200 OK
Content-Length: 14
Content-Type: application/json; charset=utf-8
cache-control: no-cache

06:33:57.803 [AsyncHttpClient-1-10] DEBUG org.asynchttpclient.netty.channel.ChannelManager - Adding key: http://localhost:5203 for channel [id: 0x6ea02814, L:/127.0.0.1:62499 - R:localhost/127.0.0.1:5203]
06:33:57.807 [main] DEBUG net.thucydides.core.steps.StepInterceptor - STEP DONE: userClickOnLoginButton
  &amp#27;[32mWhen &amp#27;[0m&amp#27;[32muser click on login button&amp#27;[0m                      &amp#27;[90m# starter.stepdefinitions.UserSteps.userClickOnLoginButton()&amp#27;[0m
06:33:57.822 [main] DEBUG net.thucydides.core.steps.StepInterceptor - STARTING STEP: UserSteps.userOnLoginPage - userOnLoginPage
06:33:57.824 [Forwarding findElement on session 3afacb529d497d473e236e5f9c134fa7 to remote] DEBUG org.asynchttpclient.netty.request.NettyRequestSender - Using pooled Channel '[id: 0x6ea02814, L:/127.0.0.1:62499 - R:localhost/127.0.0.1:5203]' for 'POST' to 'http://localhost:5203/session/3afacb529d497d473e236e5f9c134fa7/element'
06:33:57.825 [Forwarding findElement on session 3afacb529d497d473e236e5f9c134fa7 to remote] DEBUG org.asynchttpclient.netty.request.NettyRequestSender - Using open Channel [id: 0x6ea02814, L:/127.0.0.1:62499 - R:localhost/127.0.0.1:5203] for POST '/session/3afacb529d497d473e236e5f9c134fa7/element'
06:33:58.108 [AsyncHttpClient-1-10] DEBUG org.asynchttpclient.netty.handler.HttpHandler - 

Request DefaultHttpRequest(decodeResult: success, version: HTTP/1.1)
POST /session/3afacb529d497d473e236e5f9c134fa7/element HTTP/1.1
User-Agent: selenium/4.8.1 (java windows)
Content-Length: 68
Content-Type: application/json; charset=utf-8
host: localhost:5203
accept: */*

Response DefaultHttpResponse(decodeResult: success, version: HTTP/1.1)
HTTP/1.1 200 OK
Content-Length: 88
Content-Type: application/json; charset=utf-8
cache-control: no-cache

06:33:58.108 [AsyncHttpClient-1-10] DEBUG org.asynchttpclient.netty.channel.ChannelManager - Adding key: http://localhost:5203 for channel [id: 0x6ea02814, L:/127.0.0.1:62499 - R:localhost/127.0.0.1:5203]
06:33:58.114 [Forwarding isElementDisplayed on session 3afacb529d497d473e236e5f9c134fa7 to remote] DEBUG org.asynchttpclient.netty.request.NettyRequestSender - Using pooled Channel '[id: 0x6ea02814, L:/127.0.0.1:62499 - R:localhost/127.0.0.1:5203]' for 'POST' to 'http://localhost:5203/session/3afacb529d497d473e236e5f9c134fa7/execute/sync'
06:33:58.114 [Forwarding isElementDisplayed on session 3afacb529d497d473e236e5f9c134fa7 to remote] DEBUG org.asynchttpclient.netty.request.NettyRequestSender - Using open Channel [id: 0x6ea02814, L:/127.0.0.1:62499 - R:localhost/127.0.0.1:5203] for POST '/session/3afacb529d497d473e236e5f9c134fa7/execute/sync'
06:33:58.132 [AsyncHttpClient-1-10] DEBUG org.asynchttpclient.netty.handler.HttpHandler - 

Request DefaultHttpRequest(decodeResult: success, version: HTTP/1.1)
POST /session/3afacb529d497d473e236e5f9c134fa7/execute/sync HTTP/1.1
User-Agent: selenium/4.8.1 (java windows)
Content-Length: 48807
Content-Type: application/json; charset=utf-8
host: localhost:5203
accept: */*

Response DefaultHttpResponse(decodeResult: success, version: HTTP/1.1)
HTTP/1.1 200 OK
Content-Length: 14
Content-Type: application/json; charset=utf-8
cache-control: no-cache

06:33:58.132 [AsyncHttpClient-1-10] DEBUG org.asynchttpclient.netty.channel.ChannelManager - Adding key: http://localhost:5203 for channel [id: 0x6ea02814, L:/127.0.0.1:62499 - R:localhost/127.0.0.1:5203]
06:33:58.136 [Forwarding isElementDisplayed on session 3afacb529d497d473e236e5f9c134fa7 to remote] DEBUG org.asynchttpclient.netty.request.NettyRequestSender - Using pooled Channel '[id: 0x6ea02814, L:/127.0.0.1:62499 - R:localhost/127.0.0.1:5203]' for 'POST' to 'http://localhost:5203/session/3afacb529d497d473e236e5f9c134fa7/execute/sync'
06:33:58.136 [Forwarding isElementDisplayed on session 3afacb529d497d473e236e5f9c134fa7 to remote] DEBUG org.asynchttpclient.netty.request.NettyRequestSender - Using open Channel [id: 0x6ea02814, L:/127.0.0.1:62499 - R:localhost/127.0.0.1:5203] for POST '/session/3afacb529d497d473e236e5f9c134fa7/execute/sync'
06:33:58.151 [AsyncHttpClient-1-10] DEBUG org.asynchttpclient.netty.handler.HttpHandler - 

Request DefaultHttpRequest(decodeResult: success, version: HTTP/1.1)
POST /session/3afacb529d497d473e236e5f9c134fa7/execute/sync HTTP/1.1
User-Agent: selenium/4.8.1 (java windows)
Content-Length: 48807
Content-Type: application/json; charset=utf-8
host: localhost:5203
accept: */*

Response DefaultHttpResponse(decodeResult: success, version: HTTP/1.1)
HTTP/1.1 200 OK
Content-Length: 14
Content-Type: application/json; charset=utf-8
cache-control: no-cache

06:33:58.151 [AsyncHttpClient-1-10] DEBUG org.asynchttpclient.netty.channel.ChannelManager - Adding key: http://localhost:5203 for channel [id: 0x6ea02814, L:/127.0.0.1:62499 - R:localhost/127.0.0.1:5203]
06:33:58.155 [main] DEBUG net.thucydides.core.steps.StepInterceptor - STEP DONE: userOnLoginPage
  &amp#27;[32mAnd &amp#27;[0m&amp#27;[32muser on login page&amp#27;[0m                               &amp#27;[90m# starter.stepdefinitions.UserSteps.userOnLoginPage()&amp#27;[0m
  &amp#27;[32mAnd &amp#27;[0m&amp#27;[32muser enter a invalid email&amp#27;[0m                       &amp#27;[90m# starter.stepdefinitions.UserSteps.userEnterAInvalidEmail()&amp#27;[0m
06:33:58.173 [main] DEBUG net.thucydides.core.steps.StepInterceptor - STARTING STEP: UserSteps.userEnterAValidPassword - userEnterAValidPassword
06:33:58.176 [Forwarding findElement on session 3afacb529d497d473e236e5f9c134fa7 to remote] DEBUG org.asynchttpclient.netty.request.NettyRequestSender - Using pooled Channel '[id: 0x6ea02814, L:/127.0.0.1:62499 - R:localhost/127.0.0.1:5203]' for 'POST' to 'http://localhost:5203/session/3afacb529d497d473e236e5f9c134fa7/element'
06:33:58.176 [Forwarding findElement on session 3afacb529d497d473e236e5f9c134fa7 to remote] DEBUG org.asynchttpclient.netty.request.NettyRequestSender - Using open Channel [id: 0x6ea02814, L:/127.0.0.1:62499 - R:localhost/127.0.0.1:5203] for POST '/session/3afacb529d497d473e236e5f9c134fa7/element'
06:33:58.195 [AsyncHttpClient-1-10] DEBUG org.asynchttpclient.netty.handler.HttpHandler - 

Request DefaultHttpRequest(decodeResult: success, version: HTTP/1.1)
POST /session/3afacb529d497d473e236e5f9c134fa7/element HTTP/1.1
User-Agent: selenium/4.8.1 (java windows)
Content-Length: 109
Content-Type: application/json; charset=utf-8
host: localhost:5203
accept: */*

Response DefaultHttpResponse(decodeResult: success, version: HTTP/1.1)
HTTP/1.1 200 OK
Content-Length: 88
Content-Type: application/json; charset=utf-8
cache-control: no-cache

06:33:58.196 [AsyncHttpClient-1-10] DEBUG org.asynchttpclient.netty.channel.ChannelManager - Adding key: http://localhost:5203 for channel [id: 0x6ea02814, L:/127.0.0.1:62499 - R:localhost/127.0.0.1:5203]
06:33:58.198 [Forwarding clearElement on session 3afacb529d497d473e236e5f9c134fa7 to remote] DEBUG org.asynchttpclient.netty.request.NettyRequestSender - Using pooled Channel '[id: 0x6ea02814, L:/127.0.0.1:62499 - R:localhost/127.0.0.1:5203]' for 'POST' to 'http://localhost:5203/session/3afacb529d497d473e236e5f9c134fa7/element/51c57dcd-0a7c-4b5e-b879-606713977957/clear'
06:33:58.198 [Forwarding clearElement on session 3afacb529d497d473e236e5f9c134fa7 to remote] DEBUG org.asynchttpclient.netty.request.NettyRequestSender - Using open Channel [id: 0x6ea02814, L:/127.0.0.1:62499 - R:localhost/127.0.0.1:5203] for POST '/session/3afacb529d497d473e236e5f9c134fa7/element/51c57dcd-0a7c-4b5e-b879-606713977957/clear'
06:33:58.260 [AsyncHttpClient-1-10] DEBUG org.asynchttpclient.netty.handler.HttpHandler - 

Request DefaultHttpRequest(decodeResult: success, version: HTTP/1.1)
POST /session/3afacb529d497d473e236e5f9c134fa7/element/51c57dcd-0a7c-4b5e-b879-606713977957/clear HTTP/1.1
User-Agent: selenium/4.8.1 (java windows)
Content-Length: 50
Content-Type: application/json; charset=utf-8
host: localhost:5203
accept: */*

Response DefaultHttpResponse(decodeResult: success, version: HTTP/1.1)
HTTP/1.1 200 OK
Content-Length: 14
Content-Type: application/json; charset=utf-8
cache-control: no-cache

06:33:58.260 [AsyncHttpClient-1-10] DEBUG org.asynchttpclient.netty.channel.ChannelManager - Adding key: http://localhost:5203 for channel [id: 0x6ea02814, L:/127.0.0.1:62499 - R:localhost/127.0.0.1:5203]
06:33:58.263 [Forwarding sendKeysToElement on session 3afacb529d497d473e236e5f9c134fa7 to remote] DEBUG org.asynchttpclient.netty.request.NettyRequestSender - Using pooled Channel '[id: 0x6ea02814, L:/127.0.0.1:62499 - R:localhost/127.0.0.1:5203]' for 'POST' to 'http://localhost:5203/session/3afacb529d497d473e236e5f9c134fa7/element/51c57dcd-0a7c-4b5e-b879-606713977957/value'
06:33:58.263 [Forwarding sendKeysToElement on session 3afacb529d497d473e236e5f9c134fa7 to remote] DEBUG org.asynchttpclient.netty.request.NettyRequestSender - Using open Channel [id: 0x6ea02814, L:/127.0.0.1:62499 - R:localhost/127.0.0.1:5203] for POST '/session/3afacb529d497d473e236e5f9c134fa7/element/51c57dcd-0a7c-4b5e-b879-606713977957/value'
06:33:58.360 [AsyncHttpClient-1-10] DEBUG org.asynchttpclient.netty.handler.HttpHandler - 

Request DefaultHttpRequest(decodeResult: success, version: HTTP/1.1)
POST /session/3afacb529d497d473e236e5f9c134fa7/element/51c57dcd-0a7c-4b5e-b879-606713977957/value HTTP/1.1
User-Agent: selenium/4.8.1 (java windows)
Content-Length: 111
Content-Type: application/json; charset=utf-8
host: localhost:5203
accept: */*

Response DefaultHttpResponse(decodeResult: success, version: HTTP/1.1)
HTTP/1.1 200 OK
Content-Length: 14
Content-Type: application/json; charset=utf-8
cache-control: no-cache

06:33:58.360 [AsyncHttpClient-1-10] DEBUG org.asynchttpclient.netty.channel.ChannelManager - Adding key: http://localhost:5203 for channel [id: 0x6ea02814, L:/127.0.0.1:62499 - R:localhost/127.0.0.1:5203]
06:33:58.368 [main] DEBUG net.thucydides.core.steps.StepInterceptor - STEP DONE: userEnterAValidPassword
  &amp#27;[32mAnd &amp#27;[0m&amp#27;[32muser enter a valid password&amp#27;[0m                      &amp#27;[90m# starter.stepdefinitions.UserSteps.userEnterAValidPassword()&amp#27;[0m
06:33:58.381 [main] DEBUG net.thucydides.core.steps.StepInterceptor - STARTING STEP: UserSteps.userClickOnLoginButton - userClickOnLoginButton
06:33:58.387 [Forwarding findElement on session 3afacb529d497d473e236e5f9c134fa7 to remote] DEBUG org.asynchttpclient.netty.request.NettyRequestSender - Using pooled Channel '[id: 0x6ea02814, L:/127.0.0.1:62499 - R:localhost/127.0.0.1:5203]' for 'POST' to 'http://localhost:5203/session/3afacb529d497d473e236e5f9c134fa7/element'
06:33:58.388 [Forwarding findElement on session 3afacb529d497d473e236e5f9c134fa7 to remote] DEBUG org.asynchttpclient.netty.request.NettyRequestSender - Using open Channel [id: 0x6ea02814, L:/127.0.0.1:62499 - R:localhost/127.0.0.1:5203] for POST '/session/3afacb529d497d473e236e5f9c134fa7/element'
06:33:58.404 [AsyncHttpClient-1-10] DEBUG org.asynchttpclient.netty.handler.HttpHandler - 

Request DefaultHttpRequest(decodeResult: success, version: HTTP/1.1)
POST /session/3afacb529d497d473e236e5f9c134fa7/element HTTP/1.1
User-Agent: selenium/4.8.1 (java windows)
Content-Length: 106
Content-Type: application/json; charset=utf-8
host: localhost:5203
accept: */*

Response DefaultHttpResponse(decodeResult: success, version: HTTP/1.1)
HTTP/1.1 200 OK
Content-Length: 88
Content-Type: application/json; charset=utf-8
cache-control: no-cache

06:33:58.404 [AsyncHttpClient-1-10] DEBUG org.asynchttpclient.netty.channel.ChannelManager - Adding key: http://localhost:5203 for channel [id: 0x6ea02814, L:/127.0.0.1:62499 - R:localhost/127.0.0.1:5203]
06:33:58.406 [Forwarding getElementTagName on session 3afacb529d497d473e236e5f9c134fa7 to remote] DEBUG org.asynchttpclient.netty.request.NettyRequestSender - Using pooled Channel '[id: 0x6ea02814, L:/127.0.0.1:62499 - R:localhost/127.0.0.1:5203]' for 'GET' to 'http://localhost:5203/session/3afacb529d497d473e236e5f9c134fa7/element/5b7f22fe-79eb-487f-94ab-dcababf2026f/name'
06:33:58.406 [Forwarding getElementTagName on session 3afacb529d497d473e236e5f9c134fa7 to remote] DEBUG org.asynchttpclient.netty.request.NettyRequestSender - Using open Channel [id: 0x6ea02814, L:/127.0.0.1:62499 - R:localhost/127.0.0.1:5203] for GET '/session/3afacb529d497d473e236e5f9c134fa7/element/5b7f22fe-79eb-487f-94ab-dcababf2026f/name'
06:33:58.413 [AsyncHttpClient-1-10] DEBUG org.asynchttpclient.netty.handler.HttpHandler - 

Request DefaultFullHttpRequest(decodeResult: success, version: HTTP/1.1, content: EmptyByteBufBE)
GET /session/3afacb529d497d473e236e5f9c134fa7/element/5b7f22fe-79eb-487f-94ab-dcababf2026f/name HTTP/1.1
User-Agent: selenium/4.8.1 (java windows)
Cache-Control: no-cache
Content-Type: application/json; charset=utf-8
host: localhost:5203
accept: */*

Response DefaultHttpResponse(decodeResult: success, version: HTTP/1.1)
HTTP/1.1 200 OK
Content-Length: 13
Content-Type: application/json; charset=utf-8
cache-control: no-cache

06:33:58.414 [AsyncHttpClient-1-10] DEBUG org.asynchttpclient.netty.channel.ChannelManager - Adding key: http://localhost:5203 for channel [id: 0x6ea02814, L:/127.0.0.1:62499 - R:localhost/127.0.0.1:5203]
06:33:58.416 [Forwarding getElementTagName on session 3afacb529d497d473e236e5f9c134fa7 to remote] DEBUG org.asynchttpclient.netty.request.NettyRequestSender - Using pooled Channel '[id: 0x6ea02814, L:/127.0.0.1:62499 - R:localhost/127.0.0.1:5203]' for 'GET' to 'http://localhost:5203/session/3afacb529d497d473e236e5f9c134fa7/element/5b7f22fe-79eb-487f-94ab-dcababf2026f/name'
06:33:58.416 [Forwarding getElementTagName on session 3afacb529d497d473e236e5f9c134fa7 to remote] DEBUG org.asynchttpclient.netty.request.NettyRequestSender - Using open Channel [id: 0x6ea02814, L:/127.0.0.1:62499 - R:localhost/127.0.0.1:5203] for GET '/session/3afacb529d497d473e236e5f9c134fa7/element/5b7f22fe-79eb-487f-94ab-dcababf2026f/name'
06:33:58.424 [AsyncHttpClient-1-10] DEBUG org.asynchttpclient.netty.handler.HttpHandler - 

Request DefaultFullHttpRequest(decodeResult: success, version: HTTP/1.1, content: EmptyByteBufBE)
GET /session/3afacb529d497d473e236e5f9c134fa7/element/5b7f22fe-79eb-487f-94ab-dcababf2026f/name HTTP/1.1
User-Agent: selenium/4.8.1 (java windows)
Cache-Control: no-cache
Content-Type: application/json; charset=utf-8
host: localhost:5203
accept: */*

Response DefaultHttpResponse(decodeResult: success, version: HTTP/1.1)
HTTP/1.1 200 OK
Content-Length: 13
Content-Type: application/json; charset=utf-8
cache-control: no-cache

06:33:58.424 [AsyncHttpClient-1-10] DEBUG org.asynchttpclient.netty.channel.ChannelManager - Adding key: http://localhost:5203 for channel [id: 0x6ea02814, L:/127.0.0.1:62499 - R:localhost/127.0.0.1:5203]
06:33:58.428 [Forwarding findElement on session 3afacb529d497d473e236e5f9c134fa7 to remote] DEBUG org.asynchttpclient.netty.request.NettyRequestSender - Using pooled Channel '[id: 0x6ea02814, L:/127.0.0.1:62499 - R:localhost/127.0.0.1:5203]' for 'POST' to 'http://localhost:5203/session/3afacb529d497d473e236e5f9c134fa7/element'
06:33:58.428 [Forwarding findElement on session 3afacb529d497d473e236e5f9c134fa7 to remote] DEBUG org.asynchttpclient.netty.request.NettyRequestSender - Using open Channel [id: 0x6ea02814, L:/127.0.0.1:62499 - R:localhost/127.0.0.1:5203] for POST '/session/3afacb529d497d473e236e5f9c134fa7/element'
06:33:58.443 [AsyncHttpClient-1-10] DEBUG org.asynchttpclient.netty.handler.HttpHandler - 

Request DefaultHttpRequest(decodeResult: success, version: HTTP/1.1)
POST /session/3afacb529d497d473e236e5f9c134fa7/element HTTP/1.1
User-Agent: selenium/4.8.1 (java windows)
Content-Length: 106
Content-Type: application/json; charset=utf-8
host: localhost:5203
accept: */*

Response DefaultHttpResponse(decodeResult: success, version: HTTP/1.1)
HTTP/1.1 200 OK
Content-Length: 88
Content-Type: application/json; charset=utf-8
cache-control: no-cache

06:33:58.443 [AsyncHttpClient-1-10] DEBUG org.asynchttpclient.netty.channel.ChannelManager - Adding key: http://localhost:5203 for channel [id: 0x6ea02814, L:/127.0.0.1:62499 - R:localhost/127.0.0.1:5203]
06:33:58.445 [Forwarding clickElement on session 3afacb529d497d473e236e5f9c134fa7 to remote] DEBUG org.asynchttpclient.netty.request.NettyRequestSender - Using pooled Channel '[id: 0x6ea02814, L:/127.0.0.1:62499 - R:localhost/127.0.0.1:5203]' for 'POST' to 'http://localhost:5203/session/3afacb529d497d473e236e5f9c134fa7/element/5b7f22fe-79eb-487f-94ab-dcababf2026f/click'
06:33:58.446 [Forwarding clickElement on session 3afacb529d497d473e236e5f9c134fa7 to remote] DEBUG org.asynchttpclient.netty.request.NettyRequestSender - Using open Channel [id: 0x6ea02814, L:/127.0.0.1:62499 - R:localhost/127.0.0.1:5203] for POST '/session/3afacb529d497d473e236e5f9c134fa7/element/5b7f22fe-79eb-487f-94ab-dcababf2026f/click'
06:33:58.462 [AsyncHttpClient-1-1] DEBUG org.asynchttpclient.netty.channel.DefaultChannelPool - Entry count for : http://localhost:62500 : 1
06:33:58.508 [AsyncHttpClient-1-10] DEBUG org.asynchttpclient.netty.handler.HttpHandler - 

Request DefaultHttpRequest(decodeResult: success, version: HTTP/1.1)
POST /session/3afacb529d497d473e236e5f9c134fa7/element/5b7f22fe-79eb-487f-94ab-dcababf2026f/click HTTP/1.1
User-Agent: selenium/4.8.1 (java windows)
Content-Length: 50
Content-Type: application/json; charset=utf-8
host: localhost:5203
accept: */*

Response DefaultHttpResponse(decodeResult: success, version: HTTP/1.1)
HTTP/1.1 200 OK
Content-Length: 14
Content-Type: application/json; charset=utf-8
cache-control: no-cache

06:33:58.508 [AsyncHttpClient-1-10] DEBUG org.asynchttpclient.netty.channel.ChannelManager - Adding key: http://localhost:5203 for channel [id: 0x6ea02814, L:/127.0.0.1:62499 - R:localhost/127.0.0.1:5203]
06:33:58.515 [main] DEBUG net.thucydides.core.steps.StepInterceptor - STEP DONE: userClickOnLoginButton
  &amp#27;[32mAnd &amp#27;[0m&amp#27;[32muser click on login button&amp#27;[0m                       &amp#27;[90m# starter.stepdefinitions.UserSteps.userClickOnLoginButton()&amp#27;[0m
  &amp#27;[32mThen &amp#27;[0m&amp#27;[32muser see an error message&amp#27;[0m                       &amp#27;[90m# starter.stepdefinitions.UserSteps.userSeeAnErrorMessage()&amp#27;[0m
06:33:58.527 [main] INFO  - 
  _____   ___   ___   _____     ___     _     ___   ___   ___   ___  
 |_   _| | __| / __| |_   _|   | _ \   /_\   / __| / __| | __| |   \ 
   | |   | _|  \__ \   | |     |  _/  / _ \  \__ \ \__ \ | _|  | |) |
   |_|   |___| |___/   |_|     |_|   /_/ \_\ |___/ |___/ |___| |___/ 

as a user I want to login with invalid email
----------------------------------------------------------------------
06:33:58.530 [AsyncHttpClient-1-12] DEBUG org.asynchttpclient.netty.handler.WebSocketHandler - Channel Closed: [id: 0x14c53635, L:/127.0.0.1:62507 ! R:localhost/127.0.0.1:62500] with attribute NettyResponseFuture{currentRetry=0,
	isDone=1,
	isCancelled=0,
	asyncHandler=org.asynchttpclient.ws.WebSocketUpgradeHandler@770dfea6,
	nettyRequest=org.asynchttpclient.netty.request.NettyRequest@2533eba0,
	future=java.util.concurrent.CompletableFuture@f39b60d[Completed normally],
	uri=ws://localhost:62500/devtools/browser/937384eb-3055-48af-9ff7-36a8695a866e,
	keepAlive=true,
	redirectCount=0,
	timeoutsHolder=null,
	inAuth=0,
	touch=1683588827974}
06:33:58.530 [AsyncHttpClient-1-12] DEBUG org.asynchttpclient.netty.channel.ChannelManager - Closing Channel [id: 0x14c53635, L:/127.0.0.1:62507 ! R:localhost/127.0.0.1:62500] 
06:33:58.530 [Driver Command Executor] DEBUG org.asynchttpclient.netty.request.NettyRequestSender - Using pooled Channel '[id: 0x6ea02814, L:/127.0.0.1:62499 - R:localhost/127.0.0.1:5203]' for 'DELETE' to 'http://localhost:5203/session/3afacb529d497d473e236e5f9c134fa7'
06:33:58.531 [Driver Command Executor] DEBUG org.asynchttpclient.netty.request.NettyRequestSender - Using open Channel [id: 0x6ea02814, L:/127.0.0.1:62499 - R:localhost/127.0.0.1:5203] for DELETE '/session/3afacb529d497d473e236e5f9c134fa7'
06:33:58.565 [AsyncHttpClient-1-11] DEBUG org.asynchttpclient.netty.handler.HttpHandler - Unexpected I/O exception on channel [id: 0xfd777461, L:/127.0.0.1:62506 - R:localhost/127.0.0.1:62500]
java.net.SocketException: Connection reset
	at java.base/sun.nio.ch.SocketChannelImpl.throwConnectionReset(SocketChannelImpl.java:345)
	at java.base/sun.nio.ch.SocketChannelImpl.read(SocketChannelImpl.java:376)
	at io.netty.buffer.PooledByteBuf.setBytes(PooledByteBuf.java:259)
	at io.netty.buffer.AbstractByteBuf.writeBytes(AbstractByteBuf.java:1132)
	at io.netty.channel.socket.nio.NioSocketChannel.doReadBytes(NioSocketChannel.java:357)
	at io.netty.channel.nio.AbstractNioByteChannel$NioByteUnsafe.read(AbstractNioByteChannel.java:151)
	at io.netty.channel.nio.NioEventLoop.processSelectedKey(NioEventLoop.java:788)
	at io.netty.channel.nio.NioEventLoop.processSelectedKeysOptimized(NioEventLoop.java:724)
	at io.netty.channel.nio.NioEventLoop.processSelectedKeys(NioEventLoop.java:650)
	at io.netty.channel.nio.NioEventLoop.run(NioEventLoop.java:562)
	at io.netty.util.concurrent.SingleThreadEventExecutor$4.run(SingleThreadEventExecutor.java:997)
	at io.netty.util.internal.ThreadExecutorMap$2.run(ThreadExecutorMap.java:74)
	at io.netty.util.concurrent.FastThreadLocalRunnable.run(FastThreadLocalRunnable.java:30)
	at java.base/java.lang.Thread.run(Thread.java:832)
06:33:58.565 [AsyncHttpClient-1-11] DEBUG org.asynchttpclient.netty.channel.ChannelManager - Closing Channel [id: 0xfd777461, L:/127.0.0.1:62506 - R:localhost/127.0.0.1:62500] 
06:33:58.566 [AsyncHttpClient-1-11] DEBUG org.asynchttpclient.netty.handler.HttpHandler - Channel Closed: [id: 0xfd777461, L:/127.0.0.1:62506 ! R:localhost/127.0.0.1:62500] with attribute DISCARD
06:33:58.592 [AsyncHttpClient-1-10] DEBUG org.asynchttpclient.netty.handler.HttpHandler - 

Request DefaultFullHttpRequest(decodeResult: success, version: HTTP/1.1, content: EmptyByteBufBE)
DELETE /session/3afacb529d497d473e236e5f9c134fa7 HTTP/1.1
User-Agent: selenium/4.8.1 (java windows)
Content-Type: application/json; charset=utf-8
host: localhost:5203
accept: */*

Response DefaultHttpResponse(decodeResult: success, version: HTTP/1.1)
HTTP/1.1 200 OK
Content-Length: 14
Content-Type: application/json; charset=utf-8
cache-control: no-cache

06:33:58.592 [AsyncHttpClient-1-10] DEBUG org.asynchttpclient.netty.channel.ChannelManager - Adding key: http://localhost:5203 for channel [id: 0x6ea02814, L:/127.0.0.1:62499 - R:localhost/127.0.0.1:5203]
06:33:59.226 [AsyncHttpClient-1-10] DEBUG org.asynchttpclient.netty.handler.HttpHandler - Channel Closed: [id: 0x6ea02814, L:/127.0.0.1:62499 ! R:localhost/127.0.0.1:5203] with attribute DISCARD
06:33:59.567 [AsyncHttpClient-1-1] DEBUG org.asynchttpclient.netty.channel.DefaultChannelPool - Entry count for : http://localhost:5203 : 1
06:33:59.567 [AsyncHttpClient-1-1] DEBUG org.asynchttpclient.netty.channel.DefaultChannelPool - Entry count for : http://localhost:62500 : 1
06:33:59.567 [AsyncHttpClient-1-1] DEBUG org.asynchttpclient.netty.channel.DefaultChannelPool - Adding Candidate expired Channel [id: 0x6ea02814, L:/127.0.0.1:62499 ! R:localhost/127.0.0.1:5203] isIdleTimeoutExpired=false isRemotelyClosed=true isTtlExpired=false
06:33:59.567 [AsyncHttpClient-1-1] DEBUG org.asynchttpclient.netty.channel.DefaultChannelPool - Closing Idle Channel [id: 0x6ea02814, L:/127.0.0.1:62499 ! R:localhost/127.0.0.1:5203]
06:33:59.567 [AsyncHttpClient-1-1] DEBUG org.asynchttpclient.netty.channel.DefaultChannelPool - Adding Candidate expired Channel [id: 0xfd777461, L:/127.0.0.1:62506 ! R:localhost/127.0.0.1:62500] isIdleTimeoutExpired=false isRemotelyClosed=true isTtlExpired=false
06:33:59.567 [AsyncHttpClient-1-1] DEBUG org.asynchttpclient.netty.channel.DefaultChannelPool - Closing Idle Channel [id: 0xfd777461, L:/127.0.0.1:62506 ! R:localhost/127.0.0.1:62500]
06:33:59.567 [AsyncHttpClient-1-1] DEBUG org.asynchttpclient.netty.channel.DefaultChannelPool - Closed 2 connections out of 2 in 0 ms
]]></system-out>
    <system-err><![CDATA[Starting ChromeDriver 112.0.5615.49 (bd2a7bcb881c11e8cfe3078709382934e3916914-refs/branch-heads/5615@{#936}) on port 5203
Only local connections are allowed.
Please see https://chromedriver.chromium.org/security-considerations for suggestions on keeping ChromeDriver safe.
ChromeDriver was started successfully.
May 09, 2023 6:33:47 AM org.openqa.selenium.devtools.CdpVersionFinder findNearestMatch
WARNING: Unable to find an exact match for CDP version 112, so returning the closest version found: 110
]]></system-err>
  </testcase>
  <testcase name="as a user I want to login with invalid password" classname="As a user" time="10.823">
    <system-out><![CDATA[
@TC-004
Scenario: as a user I want to login with invalid password &amp#27;[90m# src/test/resources/features/user.feature:119&amp#27;[0m
06:33:59.774 [main] DEBUG io.cucumber.core.plugin.SerenityReporter - Running feature from file:///C:/Users/Lenovo/IdeaProjects/MiniProject/MiniProjectWeb/src/test/resources/features/user.feature
06:33:59.779 [main] INFO  - 
  _____   ___   ___   _____     ___   _____     _     ___   _____   ___   ___  
 |_   _| | __| / __| |_   _|   / __| |_   _|   /_\   | _ \ |_   _| | __| |   \ 
   | |   | _|  \__ \   | |     \__ \   | |    / _ \  |   /   | |   | _|  | |) |
   |_|   |___| |___/   |_|     |___/   |_|   /_/ \_\ |_|_\   |_|   |___| |___/ 

as a user I want to login with invalid password(as-a-user;as-a-user-i-want-to-login-with-invalid-password)
--------------------------------------------------------------------------------
06:33:59.905 [main] DEBUG net.thucydides.core.steps.StepInterceptor - STARTING STEP: UserSteps.userOnMainPage - userOnMainPage
06:34:00.052 [main] INFO net.serenitybdd.core.webdriver.driverproviders.ChromeDriverProvider - Starting Chrome driver instance with capabilities:
06:34:00.052 [main] INFO net.serenitybdd.core.webdriver.driverproviders.ChromeDriverProvider - Capabilities {acceptInsecureCerts: true, browserName: chrome, goog:chromeOptions: {args: [remote-allow-origins=*, test-type, no-sandbox, ignore-certificate-errors, start-maximized, incognito, disable-infobars, disable-gpu, disable-default-apps, disable-popup-blocking, remote-allow-origins=*, test-type, no-sandbox, ignore-certificate-errors, start-maximized, incognito, disable-infobars, disable-gpu, disable-default-apps, disable-popup-blocking, remote-allow-origins=*], extensions: []}}
06:34:00.682 [AsyncHttpClient-1-13] DEBUG org.asynchttpclient.netty.channel.NettyConnectListener - Using new Channel '[id: 0xcd4d1063, L:/127.0.0.1:62522 - R:localhost/127.0.0.1:24048]' for 'POST' to '/session'
06:34:01.711 [AsyncHttpClient-1-13] DEBUG org.asynchttpclient.netty.handler.HttpHandler - 

Request DefaultHttpRequest(decodeResult: success, version: HTTP/1.1)
POST /session HTTP/1.1
User-Agent: selenium/4.8.1 (java windows)
Content-Length: 1701
Content-Type: application/json; charset=utf-8
host: localhost:24048
accept: */*

Response DefaultHttpResponse(decodeResult: success, version: HTTP/1.1)
HTTP/1.1 200 OK
Content-Length: 858
Content-Type: application/json; charset=utf-8
cache-control: no-cache

06:34:01.711 [AsyncHttpClient-1-13] DEBUG org.asynchttpclient.netty.channel.ChannelManager - Adding key: http://localhost:24048 for channel [id: 0xcd4d1063, L:/127.0.0.1:62522 - R:localhost/127.0.0.1:24048]
06:34:01.721 [AsyncHttpClient-1-14] DEBUG org.asynchttpclient.netty.channel.NettyConnectListener - Using new Channel '[id: 0xd8351e62, L:/127.0.0.1:62530 - R:localhost/127.0.0.1:62523]' for 'GET' to '/json/version'
06:34:01.723 [AsyncHttpClient-1-14] DEBUG org.asynchttpclient.netty.handler.HttpHandler - 

Request DefaultFullHttpRequest(decodeResult: success, version: HTTP/1.1, content: EmptyByteBufBE)
GET /json/version HTTP/1.1
User-Agent: selenium/4.8.1 (java windows)
host: localhost:62523
accept: */*

Response DefaultHttpResponse(decodeResult: success, version: HTTP/1.1)
HTTP/1.1 200 OK
Content-Security-Policy: frame-ancestors 'none'
Content-Length: 424
Content-Type: application/json; charset=UTF-8

06:34:01.723 [AsyncHttpClient-1-14] DEBUG org.asynchttpclient.netty.channel.ChannelManager - Adding key: http://localhost:62523 for channel [id: 0xd8351e62, L:/127.0.0.1:62530 - R:localhost/127.0.0.1:62523]
06:34:01.727 [AsyncHttpClient-1-15] DEBUG org.asynchttpclient.netty.channel.NettyConnectListener - Using new Channel '[id: 0x0a94fba9, L:/127.0.0.1:62531 - R:localhost/127.0.0.1:62523]' for 'GET' to '/devtools/browser/95db6cb1-d8e1-4c4c-b989-90c64b6d615c'
06:34:01.729 [AsyncHttpClient-1-15] DEBUG org.asynchttpclient.netty.handler.WebSocketHandler - 

Request DefaultFullHttpRequest(decodeResult: success, version: HTTP/1.1, content: EmptyByteBufBE)
GET /devtools/browser/95db6cb1-d8e1-4c4c-b989-90c64b6d615c HTTP/1.1
upgrade: websocket
connection: upgrade
sec-websocket-key: Q3KaGupd6G8K129zeOCkzw==
sec-websocket-version: 13
origin: http://localhost:62523
host: localhost:62523
accept: */*
user-agent: AHC/2.1

Response DefaultHttpResponse(decodeResult: success, version: HTTP/1.1)
HTTP/1.1 101 WebSocket Protocol Handshake
Upgrade: WebSocket
Connection: Upgrade
Sec-WebSocket-Accept: ZhappNN0oMRoyAQbjhzha75yFD0=

06:34:01.737 [Forwarding get on session 800d940cd6406c4c22624d8e48fe6756 to remote] DEBUG org.asynchttpclient.netty.request.NettyRequestSender - Using pooled Channel '[id: 0xcd4d1063, L:/127.0.0.1:62522 - R:localhost/127.0.0.1:24048]' for 'POST' to 'http://localhost:24048/session/800d940cd6406c4c22624d8e48fe6756/url'
06:34:01.737 [Forwarding get on session 800d940cd6406c4c22624d8e48fe6756 to remote] DEBUG org.asynchttpclient.netty.request.NettyRequestSender - Using open Channel [id: 0xcd4d1063, L:/127.0.0.1:62522 - R:localhost/127.0.0.1:24048] for POST '/session/800d940cd6406c4c22624d8e48fe6756/url'
06:34:01.760 [AsyncHttpClient-1-1] DEBUG org.asynchttpclient.netty.channel.DefaultChannelPool - Entry count for : http://localhost:62523 : 1
06:34:02.859 [AsyncHttpClient-1-1] DEBUG org.asynchttpclient.netty.channel.DefaultChannelPool - Entry count for : http://localhost:62523 : 1
06:34:03.035 [AsyncHttpClient-1-13] DEBUG org.asynchttpclient.netty.handler.HttpHandler - 

Request DefaultHttpRequest(decodeResult: success, version: HTTP/1.1)
POST /session/800d940cd6406c4c22624d8e48fe6756/url HTTP/1.1
User-Agent: selenium/4.8.1 (java windows)
Content-Length: 59
Content-Type: application/json; charset=utf-8
host: localhost:24048
accept: */*

Response DefaultHttpResponse(decodeResult: success, version: HTTP/1.1)
HTTP/1.1 200 OK
Content-Length: 14
Content-Type: application/json; charset=utf-8
cache-control: no-cache

06:34:03.036 [AsyncHttpClient-1-13] DEBUG org.asynchttpclient.netty.channel.ChannelManager - Adding key: http://localhost:24048 for channel [id: 0xcd4d1063, L:/127.0.0.1:62522 - R:localhost/127.0.0.1:24048]
06:34:03.039 [Forwarding setTimeout on session 800d940cd6406c4c22624d8e48fe6756 to remote] DEBUG org.asynchttpclient.netty.request.NettyRequestSender - Using pooled Channel '[id: 0xcd4d1063, L:/127.0.0.1:62522 - R:localhost/127.0.0.1:24048]' for 'POST' to 'http://localhost:24048/session/800d940cd6406c4c22624d8e48fe6756/timeouts'
06:34:03.039 [Forwarding setTimeout on session 800d940cd6406c4c22624d8e48fe6756 to remote] DEBUG org.asynchttpclient.netty.request.NettyRequestSender - Using open Channel [id: 0xcd4d1063, L:/127.0.0.1:62522 - R:localhost/127.0.0.1:24048] for POST '/session/800d940cd6406c4c22624d8e48fe6756/timeouts'
06:34:03.042 [AsyncHttpClient-1-13] DEBUG org.asynchttpclient.netty.handler.HttpHandler - 

Request DefaultHttpRequest(decodeResult: success, version: HTTP/1.1)
POST /session/800d940cd6406c4c22624d8e48fe6756/timeouts HTTP/1.1
User-Agent: selenium/4.8.1 (java windows)
Content-Length: 22
Content-Type: application/json; charset=utf-8
host: localhost:24048
accept: */*

Response DefaultHttpResponse(decodeResult: success, version: HTTP/1.1)
HTTP/1.1 200 OK
Content-Length: 14
Content-Type: application/json; charset=utf-8
cache-control: no-cache

06:34:03.043 [AsyncHttpClient-1-13] DEBUG org.asynchttpclient.netty.channel.ChannelManager - Adding key: http://localhost:24048 for channel [id: 0xcd4d1063, L:/127.0.0.1:62522 - R:localhost/127.0.0.1:24048]
06:34:03.054 [Forwarding findElement on session 800d940cd6406c4c22624d8e48fe6756 to remote] DEBUG org.asynchttpclient.netty.request.NettyRequestSender - Using pooled Channel '[id: 0xcd4d1063, L:/127.0.0.1:62522 - R:localhost/127.0.0.1:24048]' for 'POST' to 'http://localhost:24048/session/800d940cd6406c4c22624d8e48fe6756/element'
06:34:03.054 [Forwarding findElement on session 800d940cd6406c4c22624d8e48fe6756 to remote] DEBUG org.asynchttpclient.netty.request.NettyRequestSender - Using open Channel [id: 0xcd4d1063, L:/127.0.0.1:62522 - R:localhost/127.0.0.1:24048] for POST '/session/800d940cd6406c4c22624d8e48fe6756/element'
06:34:03.101 [AsyncHttpClient-1-13] DEBUG org.asynchttpclient.netty.handler.HttpHandler - 

Request DefaultHttpRequest(decodeResult: success, version: HTTP/1.1)
POST /session/800d940cd6406c4c22624d8e48fe6756/element HTTP/1.1
User-Agent: selenium/4.8.1 (java windows)
Content-Length: 70
Content-Type: application/json; charset=utf-8
host: localhost:24048
accept: */*

Response DefaultHttpResponse(decodeResult: success, version: HTTP/1.1)
HTTP/1.1 200 OK
Content-Length: 88
Content-Type: application/json; charset=utf-8
cache-control: no-cache

06:34:03.101 [AsyncHttpClient-1-13] DEBUG org.asynchttpclient.netty.channel.ChannelManager - Adding key: http://localhost:24048 for channel [id: 0xcd4d1063, L:/127.0.0.1:62522 - R:localhost/127.0.0.1:24048]
06:34:03.115 [Forwarding isElementDisplayed on session 800d940cd6406c4c22624d8e48fe6756 to remote] DEBUG org.asynchttpclient.netty.request.NettyRequestSender - Using pooled Channel '[id: 0xcd4d1063, L:/127.0.0.1:62522 - R:localhost/127.0.0.1:24048]' for 'POST' to 'http://localhost:24048/session/800d940cd6406c4c22624d8e48fe6756/execute/sync'
06:34:03.115 [Forwarding isElementDisplayed on session 800d940cd6406c4c22624d8e48fe6756 to remote] DEBUG org.asynchttpclient.netty.request.NettyRequestSender - Using open Channel [id: 0xcd4d1063, L:/127.0.0.1:62522 - R:localhost/127.0.0.1:24048] for POST '/session/800d940cd6406c4c22624d8e48fe6756/execute/sync'
06:34:03.959 [AsyncHttpClient-1-1] DEBUG org.asynchttpclient.netty.channel.DefaultChannelPool - Entry count for : http://localhost:62523 : 1
06:34:05.067 [AsyncHttpClient-1-1] DEBUG org.asynchttpclient.netty.channel.DefaultChannelPool - Entry count for : http://localhost:62523 : 1
06:34:06.165 [AsyncHttpClient-1-1] DEBUG org.asynchttpclient.netty.channel.DefaultChannelPool - Entry count for : http://localhost:62523 : 1
06:34:07.261 [AsyncHttpClient-1-1] DEBUG org.asynchttpclient.netty.channel.DefaultChannelPool - Entry count for : http://localhost:62523 : 1
06:34:08.176 [AsyncHttpClient-1-13] DEBUG org.asynchttpclient.netty.handler.HttpHandler - 

Request DefaultHttpRequest(decodeResult: success, version: HTTP/1.1)
POST /session/800d940cd6406c4c22624d8e48fe6756/execute/sync HTTP/1.1
User-Agent: selenium/4.8.1 (java windows)
Content-Length: 48807
Content-Type: application/json; charset=utf-8
host: localhost:24048
accept: */*

Response DefaultHttpResponse(decodeResult: success, version: HTTP/1.1)
HTTP/1.1 200 OK
Content-Length: 14
Content-Type: application/json; charset=utf-8
cache-control: no-cache

06:34:08.178 [AsyncHttpClient-1-13] DEBUG org.asynchttpclient.netty.channel.ChannelManager - Adding key: http://localhost:24048 for channel [id: 0xcd4d1063, L:/127.0.0.1:62522 - R:localhost/127.0.0.1:24048]
06:34:08.185 [Forwarding isElementDisplayed on session 800d940cd6406c4c22624d8e48fe6756 to remote] DEBUG org.asynchttpclient.netty.request.NettyRequestSender - Using pooled Channel '[id: 0xcd4d1063, L:/127.0.0.1:62522 - R:localhost/127.0.0.1:24048]' for 'POST' to 'http://localhost:24048/session/800d940cd6406c4c22624d8e48fe6756/execute/sync'
06:34:08.185 [Forwarding isElementDisplayed on session 800d940cd6406c4c22624d8e48fe6756 to remote] DEBUG org.asynchttpclient.netty.request.NettyRequestSender - Using open Channel [id: 0xcd4d1063, L:/127.0.0.1:62522 - R:localhost/127.0.0.1:24048] for POST '/session/800d940cd6406c4c22624d8e48fe6756/execute/sync'
06:34:08.207 [AsyncHttpClient-1-13] DEBUG org.asynchttpclient.netty.handler.HttpHandler - 

Request DefaultHttpRequest(decodeResult: success, version: HTTP/1.1)
POST /session/800d940cd6406c4c22624d8e48fe6756/execute/sync HTTP/1.1
User-Agent: selenium/4.8.1 (java windows)
Content-Length: 48807
Content-Type: application/json; charset=utf-8
host: localhost:24048
accept: */*

Response DefaultHttpResponse(decodeResult: success, version: HTTP/1.1)
HTTP/1.1 200 OK
Content-Length: 14
Content-Type: application/json; charset=utf-8
cache-control: no-cache

06:34:08.207 [AsyncHttpClient-1-13] DEBUG org.asynchttpclient.netty.channel.ChannelManager - Adding key: http://localhost:24048 for channel [id: 0xcd4d1063, L:/127.0.0.1:62522 - R:localhost/127.0.0.1:24048]
06:34:08.210 [main] DEBUG net.thucydides.core.steps.StepInterceptor - STEP DONE: userOnMainPage
  &amp#27;[32mGiven &amp#27;[0m&amp#27;[32muser on main page&amp#27;[0m                                 &amp#27;[90m# starter.stepdefinitions.UserSteps.userOnMainPage()&amp#27;[0m
06:34:08.223 [main] DEBUG net.thucydides.core.steps.StepInterceptor - STARTING STEP: UserSteps.userClickOnLoginButton - userClickOnLoginButton
06:34:08.228 [Forwarding findElement on session 800d940cd6406c4c22624d8e48fe6756 to remote] DEBUG org.asynchttpclient.netty.request.NettyRequestSender - Using pooled Channel '[id: 0xcd4d1063, L:/127.0.0.1:62522 - R:localhost/127.0.0.1:24048]' for 'POST' to 'http://localhost:24048/session/800d940cd6406c4c22624d8e48fe6756/element'
06:34:08.228 [Forwarding findElement on session 800d940cd6406c4c22624d8e48fe6756 to remote] DEBUG org.asynchttpclient.netty.request.NettyRequestSender - Using open Channel [id: 0xcd4d1063, L:/127.0.0.1:62522 - R:localhost/127.0.0.1:24048] for POST '/session/800d940cd6406c4c22624d8e48fe6756/element'
06:34:08.254 [AsyncHttpClient-1-13] DEBUG org.asynchttpclient.netty.handler.HttpHandler - 

Request DefaultHttpRequest(decodeResult: success, version: HTTP/1.1)
POST /session/800d940cd6406c4c22624d8e48fe6756/element HTTP/1.1
User-Agent: selenium/4.8.1 (java windows)
Content-Length: 106
Content-Type: application/json; charset=utf-8
host: localhost:24048
accept: */*

Response DefaultHttpResponse(decodeResult: success, version: HTTP/1.1)
HTTP/1.1 200 OK
Content-Length: 88
Content-Type: application/json; charset=utf-8
cache-control: no-cache

06:34:08.254 [AsyncHttpClient-1-13] DEBUG org.asynchttpclient.netty.channel.ChannelManager - Adding key: http://localhost:24048 for channel [id: 0xcd4d1063, L:/127.0.0.1:62522 - R:localhost/127.0.0.1:24048]
06:34:08.257 [Forwarding getElementTagName on session 800d940cd6406c4c22624d8e48fe6756 to remote] DEBUG org.asynchttpclient.netty.request.NettyRequestSender - Using pooled Channel '[id: 0xcd4d1063, L:/127.0.0.1:62522 - R:localhost/127.0.0.1:24048]' for 'GET' to 'http://localhost:24048/session/800d940cd6406c4c22624d8e48fe6756/element/c662cfe7-556e-445b-94e7-cc1adc0c03e3/name'
06:34:08.257 [Forwarding getElementTagName on session 800d940cd6406c4c22624d8e48fe6756 to remote] DEBUG org.asynchttpclient.netty.request.NettyRequestSender - Using open Channel [id: 0xcd4d1063, L:/127.0.0.1:62522 - R:localhost/127.0.0.1:24048] for GET '/session/800d940cd6406c4c22624d8e48fe6756/element/c662cfe7-556e-445b-94e7-cc1adc0c03e3/name'
06:34:08.267 [AsyncHttpClient-1-13] DEBUG org.asynchttpclient.netty.handler.HttpHandler - 

Request DefaultFullHttpRequest(decodeResult: success, version: HTTP/1.1, content: EmptyByteBufBE)
GET /session/800d940cd6406c4c22624d8e48fe6756/element/c662cfe7-556e-445b-94e7-cc1adc0c03e3/name HTTP/1.1
User-Agent: selenium/4.8.1 (java windows)
Cache-Control: no-cache
Content-Type: application/json; charset=utf-8
host: localhost:24048
accept: */*

Response DefaultHttpResponse(decodeResult: success, version: HTTP/1.1)
HTTP/1.1 200 OK
Content-Length: 13
Content-Type: application/json; charset=utf-8
cache-control: no-cache

06:34:08.267 [AsyncHttpClient-1-13] DEBUG org.asynchttpclient.netty.channel.ChannelManager - Adding key: http://localhost:24048 for channel [id: 0xcd4d1063, L:/127.0.0.1:62522 - R:localhost/127.0.0.1:24048]
06:34:08.268 [Forwarding getElementTagName on session 800d940cd6406c4c22624d8e48fe6756 to remote] DEBUG org.asynchttpclient.netty.request.NettyRequestSender - Using pooled Channel '[id: 0xcd4d1063, L:/127.0.0.1:62522 - R:localhost/127.0.0.1:24048]' for 'GET' to 'http://localhost:24048/session/800d940cd6406c4c22624d8e48fe6756/element/c662cfe7-556e-445b-94e7-cc1adc0c03e3/name'
06:34:08.268 [Forwarding getElementTagName on session 800d940cd6406c4c22624d8e48fe6756 to remote] DEBUG org.asynchttpclient.netty.request.NettyRequestSender - Using open Channel [id: 0xcd4d1063, L:/127.0.0.1:62522 - R:localhost/127.0.0.1:24048] for GET '/session/800d940cd6406c4c22624d8e48fe6756/element/c662cfe7-556e-445b-94e7-cc1adc0c03e3/name'
06:34:08.275 [AsyncHttpClient-1-13] DEBUG org.asynchttpclient.netty.handler.HttpHandler - 

Request DefaultFullHttpRequest(decodeResult: success, version: HTTP/1.1, content: EmptyByteBufBE)
GET /session/800d940cd6406c4c22624d8e48fe6756/element/c662cfe7-556e-445b-94e7-cc1adc0c03e3/name HTTP/1.1
User-Agent: selenium/4.8.1 (java windows)
Cache-Control: no-cache
Content-Type: application/json; charset=utf-8
host: localhost:24048
accept: */*

Response DefaultHttpResponse(decodeResult: success, version: HTTP/1.1)
HTTP/1.1 200 OK
Content-Length: 13
Content-Type: application/json; charset=utf-8
cache-control: no-cache

06:34:08.275 [AsyncHttpClient-1-13] DEBUG org.asynchttpclient.netty.channel.ChannelManager - Adding key: http://localhost:24048 for channel [id: 0xcd4d1063, L:/127.0.0.1:62522 - R:localhost/127.0.0.1:24048]
06:34:08.279 [Forwarding findElement on session 800d940cd6406c4c22624d8e48fe6756 to remote] DEBUG org.asynchttpclient.netty.request.NettyRequestSender - Using pooled Channel '[id: 0xcd4d1063, L:/127.0.0.1:62522 - R:localhost/127.0.0.1:24048]' for 'POST' to 'http://localhost:24048/session/800d940cd6406c4c22624d8e48fe6756/element'
06:34:08.279 [Forwarding findElement on session 800d940cd6406c4c22624d8e48fe6756 to remote] DEBUG org.asynchttpclient.netty.request.NettyRequestSender - Using open Channel [id: 0xcd4d1063, L:/127.0.0.1:62522 - R:localhost/127.0.0.1:24048] for POST '/session/800d940cd6406c4c22624d8e48fe6756/element'
06:34:08.296 [AsyncHttpClient-1-13] DEBUG org.asynchttpclient.netty.handler.HttpHandler - 

Request DefaultHttpRequest(decodeResult: success, version: HTTP/1.1)
POST /session/800d940cd6406c4c22624d8e48fe6756/element HTTP/1.1
User-Agent: selenium/4.8.1 (java windows)
Content-Length: 106
Content-Type: application/json; charset=utf-8
host: localhost:24048
accept: */*

Response DefaultHttpResponse(decodeResult: success, version: HTTP/1.1)
HTTP/1.1 200 OK
Content-Length: 88
Content-Type: application/json; charset=utf-8
cache-control: no-cache

06:34:08.296 [AsyncHttpClient-1-13] DEBUG org.asynchttpclient.netty.channel.ChannelManager - Adding key: http://localhost:24048 for channel [id: 0xcd4d1063, L:/127.0.0.1:62522 - R:localhost/127.0.0.1:24048]
06:34:08.298 [Forwarding clickElement on session 800d940cd6406c4c22624d8e48fe6756 to remote] DEBUG org.asynchttpclient.netty.request.NettyRequestSender - Using pooled Channel '[id: 0xcd4d1063, L:/127.0.0.1:62522 - R:localhost/127.0.0.1:24048]' for 'POST' to 'http://localhost:24048/session/800d940cd6406c4c22624d8e48fe6756/element/c662cfe7-556e-445b-94e7-cc1adc0c03e3/click'
06:34:08.298 [Forwarding clickElement on session 800d940cd6406c4c22624d8e48fe6756 to remote] DEBUG org.asynchttpclient.netty.request.NettyRequestSender - Using open Channel [id: 0xcd4d1063, L:/127.0.0.1:62522 - R:localhost/127.0.0.1:24048] for POST '/session/800d940cd6406c4c22624d8e48fe6756/element/c662cfe7-556e-445b-94e7-cc1adc0c03e3/click'
06:34:08.358 [AsyncHttpClient-1-1] DEBUG org.asynchttpclient.netty.channel.DefaultChannelPool - Entry count for : http://localhost:62523 : 1
06:34:08.435 [AsyncHttpClient-1-13] DEBUG org.asynchttpclient.netty.handler.HttpHandler - 

Request DefaultHttpRequest(decodeResult: success, version: HTTP/1.1)
POST /session/800d940cd6406c4c22624d8e48fe6756/element/c662cfe7-556e-445b-94e7-cc1adc0c03e3/click HTTP/1.1
User-Agent: selenium/4.8.1 (java windows)
Content-Length: 50
Content-Type: application/json; charset=utf-8
host: localhost:24048
accept: */*

Response DefaultHttpResponse(decodeResult: success, version: HTTP/1.1)
HTTP/1.1 200 OK
Content-Length: 14
Content-Type: application/json; charset=utf-8
cache-control: no-cache

06:34:08.436 [AsyncHttpClient-1-13] DEBUG org.asynchttpclient.netty.channel.ChannelManager - Adding key: http://localhost:24048 for channel [id: 0xcd4d1063, L:/127.0.0.1:62522 - R:localhost/127.0.0.1:24048]
06:34:08.445 [main] DEBUG net.thucydides.core.steps.StepInterceptor - STEP DONE: userClickOnLoginButton
  &amp#27;[32mWhen &amp#27;[0m&amp#27;[32muser click on login button&amp#27;[0m                         &amp#27;[90m# starter.stepdefinitions.UserSteps.userClickOnLoginButton()&amp#27;[0m
06:34:08.472 [main] DEBUG net.thucydides.core.steps.StepInterceptor - STARTING STEP: UserSteps.userOnLoginPage - userOnLoginPage
06:34:08.480 [Forwarding findElement on session 800d940cd6406c4c22624d8e48fe6756 to remote] DEBUG org.asynchttpclient.netty.request.NettyRequestSender - Using pooled Channel '[id: 0xcd4d1063, L:/127.0.0.1:62522 - R:localhost/127.0.0.1:24048]' for 'POST' to 'http://localhost:24048/session/800d940cd6406c4c22624d8e48fe6756/element'
06:34:08.480 [Forwarding findElement on session 800d940cd6406c4c22624d8e48fe6756 to remote] DEBUG org.asynchttpclient.netty.request.NettyRequestSender - Using open Channel [id: 0xcd4d1063, L:/127.0.0.1:62522 - R:localhost/127.0.0.1:24048] for POST '/session/800d940cd6406c4c22624d8e48fe6756/element'
06:34:08.747 [AsyncHttpClient-1-13] DEBUG org.asynchttpclient.netty.handler.HttpHandler - 

Request DefaultHttpRequest(decodeResult: success, version: HTTP/1.1)
POST /session/800d940cd6406c4c22624d8e48fe6756/element HTTP/1.1
User-Agent: selenium/4.8.1 (java windows)
Content-Length: 68
Content-Type: application/json; charset=utf-8
host: localhost:24048
accept: */*

Response DefaultHttpResponse(decodeResult: success, version: HTTP/1.1)
HTTP/1.1 200 OK
Content-Length: 88
Content-Type: application/json; charset=utf-8
cache-control: no-cache

06:34:08.747 [AsyncHttpClient-1-13] DEBUG org.asynchttpclient.netty.channel.ChannelManager - Adding key: http://localhost:24048 for channel [id: 0xcd4d1063, L:/127.0.0.1:62522 - R:localhost/127.0.0.1:24048]
06:34:08.751 [Forwarding isElementDisplayed on session 800d940cd6406c4c22624d8e48fe6756 to remote] DEBUG org.asynchttpclient.netty.request.NettyRequestSender - Using pooled Channel '[id: 0xcd4d1063, L:/127.0.0.1:62522 - R:localhost/127.0.0.1:24048]' for 'POST' to 'http://localhost:24048/session/800d940cd6406c4c22624d8e48fe6756/execute/sync'
06:34:08.751 [Forwarding isElementDisplayed on session 800d940cd6406c4c22624d8e48fe6756 to remote] DEBUG org.asynchttpclient.netty.request.NettyRequestSender - Using open Channel [id: 0xcd4d1063, L:/127.0.0.1:62522 - R:localhost/127.0.0.1:24048] for POST '/session/800d940cd6406c4c22624d8e48fe6756/execute/sync'
06:34:08.769 [AsyncHttpClient-1-13] DEBUG org.asynchttpclient.netty.handler.HttpHandler - 

Request DefaultHttpRequest(decodeResult: success, version: HTTP/1.1)
POST /session/800d940cd6406c4c22624d8e48fe6756/execute/sync HTTP/1.1
User-Agent: selenium/4.8.1 (java windows)
Content-Length: 48807
Content-Type: application/json; charset=utf-8
host: localhost:24048
accept: */*

Response DefaultHttpResponse(decodeResult: success, version: HTTP/1.1)
HTTP/1.1 200 OK
Content-Length: 14
Content-Type: application/json; charset=utf-8
cache-control: no-cache

06:34:08.769 [AsyncHttpClient-1-13] DEBUG org.asynchttpclient.netty.channel.ChannelManager - Adding key: http://localhost:24048 for channel [id: 0xcd4d1063, L:/127.0.0.1:62522 - R:localhost/127.0.0.1:24048]
06:34:08.773 [Forwarding isElementDisplayed on session 800d940cd6406c4c22624d8e48fe6756 to remote] DEBUG org.asynchttpclient.netty.request.NettyRequestSender - Using pooled Channel '[id: 0xcd4d1063, L:/127.0.0.1:62522 - R:localhost/127.0.0.1:24048]' for 'POST' to 'http://localhost:24048/session/800d940cd6406c4c22624d8e48fe6756/execute/sync'
06:34:08.773 [Forwarding isElementDisplayed on session 800d940cd6406c4c22624d8e48fe6756 to remote] DEBUG org.asynchttpclient.netty.request.NettyRequestSender - Using open Channel [id: 0xcd4d1063, L:/127.0.0.1:62522 - R:localhost/127.0.0.1:24048] for POST '/session/800d940cd6406c4c22624d8e48fe6756/execute/sync'
06:34:08.791 [AsyncHttpClient-1-13] DEBUG org.asynchttpclient.netty.handler.HttpHandler - 

Request DefaultHttpRequest(decodeResult: success, version: HTTP/1.1)
POST /session/800d940cd6406c4c22624d8e48fe6756/execute/sync HTTP/1.1
User-Agent: selenium/4.8.1 (java windows)
Content-Length: 48807
Content-Type: application/json; charset=utf-8
host: localhost:24048
accept: */*

Response DefaultHttpResponse(decodeResult: success, version: HTTP/1.1)
HTTP/1.1 200 OK
Content-Length: 14
Content-Type: application/json; charset=utf-8
cache-control: no-cache

06:34:08.792 [AsyncHttpClient-1-13] DEBUG org.asynchttpclient.netty.channel.ChannelManager - Adding key: http://localhost:24048 for channel [id: 0xcd4d1063, L:/127.0.0.1:62522 - R:localhost/127.0.0.1:24048]
06:34:08.796 [main] DEBUG net.thucydides.core.steps.StepInterceptor - STEP DONE: userOnLoginPage
  &amp#27;[32mAnd &amp#27;[0m&amp#27;[32muser on login page&amp#27;[0m                                  &amp#27;[90m# starter.stepdefinitions.UserSteps.userOnLoginPage()&amp#27;[0m
06:34:08.807 [main] DEBUG net.thucydides.core.steps.StepInterceptor - STARTING STEP: UserSteps.userEnterAValidEmail - userEnterAValidEmail
06:34:08.810 [Forwarding findElement on session 800d940cd6406c4c22624d8e48fe6756 to remote] DEBUG org.asynchttpclient.netty.request.NettyRequestSender - Using pooled Channel '[id: 0xcd4d1063, L:/127.0.0.1:62522 - R:localhost/127.0.0.1:24048]' for 'POST' to 'http://localhost:24048/session/800d940cd6406c4c22624d8e48fe6756/element'
06:34:08.811 [Forwarding findElement on session 800d940cd6406c4c22624d8e48fe6756 to remote] DEBUG org.asynchttpclient.netty.request.NettyRequestSender - Using open Channel [id: 0xcd4d1063, L:/127.0.0.1:62522 - R:localhost/127.0.0.1:24048] for POST '/session/800d940cd6406c4c22624d8e48fe6756/element'
06:34:08.831 [AsyncHttpClient-1-13] DEBUG org.asynchttpclient.netty.handler.HttpHandler - 

Request DefaultHttpRequest(decodeResult: success, version: HTTP/1.1)
POST /session/800d940cd6406c4c22624d8e48fe6756/element HTTP/1.1
User-Agent: selenium/4.8.1 (java windows)
Content-Length: 106
Content-Type: application/json; charset=utf-8
host: localhost:24048
accept: */*

Response DefaultHttpResponse(decodeResult: success, version: HTTP/1.1)
HTTP/1.1 200 OK
Content-Length: 88
Content-Type: application/json; charset=utf-8
cache-control: no-cache

06:34:08.831 [AsyncHttpClient-1-13] DEBUG org.asynchttpclient.netty.channel.ChannelManager - Adding key: http://localhost:24048 for channel [id: 0xcd4d1063, L:/127.0.0.1:62522 - R:localhost/127.0.0.1:24048]
06:34:08.833 [Forwarding clearElement on session 800d940cd6406c4c22624d8e48fe6756 to remote] DEBUG org.asynchttpclient.netty.request.NettyRequestSender - Using pooled Channel '[id: 0xcd4d1063, L:/127.0.0.1:62522 - R:localhost/127.0.0.1:24048]' for 'POST' to 'http://localhost:24048/session/800d940cd6406c4c22624d8e48fe6756/element/63e9f85a-447c-4893-9d6b-0f382626b4d6/clear'
06:34:08.833 [Forwarding clearElement on session 800d940cd6406c4c22624d8e48fe6756 to remote] DEBUG org.asynchttpclient.netty.request.NettyRequestSender - Using open Channel [id: 0xcd4d1063, L:/127.0.0.1:62522 - R:localhost/127.0.0.1:24048] for POST '/session/800d940cd6406c4c22624d8e48fe6756/element/63e9f85a-447c-4893-9d6b-0f382626b4d6/clear'
06:34:08.902 [AsyncHttpClient-1-13] DEBUG org.asynchttpclient.netty.handler.HttpHandler - 

Request DefaultHttpRequest(decodeResult: success, version: HTTP/1.1)
POST /session/800d940cd6406c4c22624d8e48fe6756/element/63e9f85a-447c-4893-9d6b-0f382626b4d6/clear HTTP/1.1
User-Agent: selenium/4.8.1 (java windows)
Content-Length: 50
Content-Type: application/json; charset=utf-8
host: localhost:24048
accept: */*

Response DefaultHttpResponse(decodeResult: success, version: HTTP/1.1)
HTTP/1.1 200 OK
Content-Length: 14
Content-Type: application/json; charset=utf-8
cache-control: no-cache

06:34:08.903 [AsyncHttpClient-1-13] DEBUG org.asynchttpclient.netty.channel.ChannelManager - Adding key: http://localhost:24048 for channel [id: 0xcd4d1063, L:/127.0.0.1:62522 - R:localhost/127.0.0.1:24048]
06:34:08.906 [Forwarding sendKeysToElement on session 800d940cd6406c4c22624d8e48fe6756 to remote] DEBUG org.asynchttpclient.netty.request.NettyRequestSender - Using pooled Channel '[id: 0xcd4d1063, L:/127.0.0.1:62522 - R:localhost/127.0.0.1:24048]' for 'POST' to 'http://localhost:24048/session/800d940cd6406c4c22624d8e48fe6756/element/63e9f85a-447c-4893-9d6b-0f382626b4d6/value'
06:34:08.906 [Forwarding sendKeysToElement on session 800d940cd6406c4c22624d8e48fe6756 to remote] DEBUG org.asynchttpclient.netty.request.NettyRequestSender - Using open Channel [id: 0xcd4d1063, L:/127.0.0.1:62522 - R:localhost/127.0.0.1:24048] for POST '/session/800d940cd6406c4c22624d8e48fe6756/element/63e9f85a-447c-4893-9d6b-0f382626b4d6/value'
06:34:09.122 [AsyncHttpClient-1-13] DEBUG org.asynchttpclient.netty.handler.HttpHandler - 

Request DefaultHttpRequest(decodeResult: success, version: HTTP/1.1)
POST /session/800d940cd6406c4c22624d8e48fe6756/element/63e9f85a-447c-4893-9d6b-0f382626b4d6/value HTTP/1.1
User-Agent: selenium/4.8.1 (java windows)
Content-Length: 241
Content-Type: application/json; charset=utf-8
host: localhost:24048
accept: */*

Response DefaultHttpResponse(decodeResult: success, version: HTTP/1.1)
HTTP/1.1 200 OK
Content-Length: 14
Content-Type: application/json; charset=utf-8
cache-control: no-cache

06:34:09.122 [AsyncHttpClient-1-13] DEBUG org.asynchttpclient.netty.channel.ChannelManager - Adding key: http://localhost:24048 for channel [id: 0xcd4d1063, L:/127.0.0.1:62522 - R:localhost/127.0.0.1:24048]
06:34:09.129 [main] DEBUG net.thucydides.core.steps.StepInterceptor - STEP DONE: userEnterAValidEmail
  &amp#27;[32mAnd &amp#27;[0m&amp#27;[32muser enter a valid email&amp#27;[0m                            &amp#27;[90m# starter.stepdefinitions.UserSteps.userEnterAValidEmail()&amp#27;[0m
  &amp#27;[32mAnd &amp#27;[0m&amp#27;[32muser enter a invalid password&amp#27;[0m                       &amp#27;[90m# starter.stepdefinitions.UserSteps.userEnterAInvalidPassword()&amp#27;[0m
06:34:09.158 [main] DEBUG net.thucydides.core.steps.StepInterceptor - STARTING STEP: UserSteps.userClickOnLoginButton - userClickOnLoginButton
06:34:09.163 [Forwarding findElement on session 800d940cd6406c4c22624d8e48fe6756 to remote] DEBUG org.asynchttpclient.netty.request.NettyRequestSender - Using pooled Channel '[id: 0xcd4d1063, L:/127.0.0.1:62522 - R:localhost/127.0.0.1:24048]' for 'POST' to 'http://localhost:24048/session/800d940cd6406c4c22624d8e48fe6756/element'
06:34:09.164 [Forwarding findElement on session 800d940cd6406c4c22624d8e48fe6756 to remote] DEBUG org.asynchttpclient.netty.request.NettyRequestSender - Using open Channel [id: 0xcd4d1063, L:/127.0.0.1:62522 - R:localhost/127.0.0.1:24048] for POST '/session/800d940cd6406c4c22624d8e48fe6756/element'
06:34:09.185 [AsyncHttpClient-1-13] DEBUG org.asynchttpclient.netty.handler.HttpHandler - 

Request DefaultHttpRequest(decodeResult: success, version: HTTP/1.1)
POST /session/800d940cd6406c4c22624d8e48fe6756/element HTTP/1.1
User-Agent: selenium/4.8.1 (java windows)
Content-Length: 106
Content-Type: application/json; charset=utf-8
host: localhost:24048
accept: */*

Response DefaultHttpResponse(decodeResult: success, version: HTTP/1.1)
HTTP/1.1 200 OK
Content-Length: 88
Content-Type: application/json; charset=utf-8
cache-control: no-cache

06:34:09.186 [AsyncHttpClient-1-13] DEBUG org.asynchttpclient.netty.channel.ChannelManager - Adding key: http://localhost:24048 for channel [id: 0xcd4d1063, L:/127.0.0.1:62522 - R:localhost/127.0.0.1:24048]
06:34:09.188 [Forwarding getElementTagName on session 800d940cd6406c4c22624d8e48fe6756 to remote] DEBUG org.asynchttpclient.netty.request.NettyRequestSender - Using pooled Channel '[id: 0xcd4d1063, L:/127.0.0.1:62522 - R:localhost/127.0.0.1:24048]' for 'GET' to 'http://localhost:24048/session/800d940cd6406c4c22624d8e48fe6756/element/c662cfe7-556e-445b-94e7-cc1adc0c03e3/name'
06:34:09.189 [Forwarding getElementTagName on session 800d940cd6406c4c22624d8e48fe6756 to remote] DEBUG org.asynchttpclient.netty.request.NettyRequestSender - Using open Channel [id: 0xcd4d1063, L:/127.0.0.1:62522 - R:localhost/127.0.0.1:24048] for GET '/session/800d940cd6406c4c22624d8e48fe6756/element/c662cfe7-556e-445b-94e7-cc1adc0c03e3/name'
06:34:09.200 [AsyncHttpClient-1-13] DEBUG org.asynchttpclient.netty.handler.HttpHandler - 

Request DefaultFullHttpRequest(decodeResult: success, version: HTTP/1.1, content: EmptyByteBufBE)
GET /session/800d940cd6406c4c22624d8e48fe6756/element/c662cfe7-556e-445b-94e7-cc1adc0c03e3/name HTTP/1.1
User-Agent: selenium/4.8.1 (java windows)
Cache-Control: no-cache
Content-Type: application/json; charset=utf-8
host: localhost:24048
accept: */*

Response DefaultHttpResponse(decodeResult: success, version: HTTP/1.1)
HTTP/1.1 200 OK
Content-Length: 13
Content-Type: application/json; charset=utf-8
cache-control: no-cache

06:34:09.201 [AsyncHttpClient-1-13] DEBUG org.asynchttpclient.netty.channel.ChannelManager - Adding key: http://localhost:24048 for channel [id: 0xcd4d1063, L:/127.0.0.1:62522 - R:localhost/127.0.0.1:24048]
06:34:09.204 [Forwarding getElementTagName on session 800d940cd6406c4c22624d8e48fe6756 to remote] DEBUG org.asynchttpclient.netty.request.NettyRequestSender - Using pooled Channel '[id: 0xcd4d1063, L:/127.0.0.1:62522 - R:localhost/127.0.0.1:24048]' for 'GET' to 'http://localhost:24048/session/800d940cd6406c4c22624d8e48fe6756/element/c662cfe7-556e-445b-94e7-cc1adc0c03e3/name'
06:34:09.204 [Forwarding getElementTagName on session 800d940cd6406c4c22624d8e48fe6756 to remote] DEBUG org.asynchttpclient.netty.request.NettyRequestSender - Using open Channel [id: 0xcd4d1063, L:/127.0.0.1:62522 - R:localhost/127.0.0.1:24048] for GET '/session/800d940cd6406c4c22624d8e48fe6756/element/c662cfe7-556e-445b-94e7-cc1adc0c03e3/name'
06:34:09.213 [AsyncHttpClient-1-13] DEBUG org.asynchttpclient.netty.handler.HttpHandler - 

Request DefaultFullHttpRequest(decodeResult: success, version: HTTP/1.1, content: EmptyByteBufBE)
GET /session/800d940cd6406c4c22624d8e48fe6756/element/c662cfe7-556e-445b-94e7-cc1adc0c03e3/name HTTP/1.1
User-Agent: selenium/4.8.1 (java windows)
Cache-Control: no-cache
Content-Type: application/json; charset=utf-8
host: localhost:24048
accept: */*

Response DefaultHttpResponse(decodeResult: success, version: HTTP/1.1)
HTTP/1.1 200 OK
Content-Length: 13
Content-Type: application/json; charset=utf-8
cache-control: no-cache

06:34:09.214 [AsyncHttpClient-1-13] DEBUG org.asynchttpclient.netty.channel.ChannelManager - Adding key: http://localhost:24048 for channel [id: 0xcd4d1063, L:/127.0.0.1:62522 - R:localhost/127.0.0.1:24048]
06:34:09.219 [Forwarding findElement on session 800d940cd6406c4c22624d8e48fe6756 to remote] DEBUG org.asynchttpclient.netty.request.NettyRequestSender - Using pooled Channel '[id: 0xcd4d1063, L:/127.0.0.1:62522 - R:localhost/127.0.0.1:24048]' for 'POST' to 'http://localhost:24048/session/800d940cd6406c4c22624d8e48fe6756/element'
06:34:09.219 [Forwarding findElement on session 800d940cd6406c4c22624d8e48fe6756 to remote] DEBUG org.asynchttpclient.netty.request.NettyRequestSender - Using open Channel [id: 0xcd4d1063, L:/127.0.0.1:62522 - R:localhost/127.0.0.1:24048] for POST '/session/800d940cd6406c4c22624d8e48fe6756/element'
06:34:09.239 [AsyncHttpClient-1-13] DEBUG org.asynchttpclient.netty.handler.HttpHandler - 

Request DefaultHttpRequest(decodeResult: success, version: HTTP/1.1)
POST /session/800d940cd6406c4c22624d8e48fe6756/element HTTP/1.1
User-Agent: selenium/4.8.1 (java windows)
Content-Length: 106
Content-Type: application/json; charset=utf-8
host: localhost:24048
accept: */*

Response DefaultHttpResponse(decodeResult: success, version: HTTP/1.1)
HTTP/1.1 200 OK
Content-Length: 88
Content-Type: application/json; charset=utf-8
cache-control: no-cache

06:34:09.240 [AsyncHttpClient-1-13] DEBUG org.asynchttpclient.netty.channel.ChannelManager - Adding key: http://localhost:24048 for channel [id: 0xcd4d1063, L:/127.0.0.1:62522 - R:localhost/127.0.0.1:24048]
06:34:09.242 [Forwarding clickElement on session 800d940cd6406c4c22624d8e48fe6756 to remote] DEBUG org.asynchttpclient.netty.request.NettyRequestSender - Using pooled Channel '[id: 0xcd4d1063, L:/127.0.0.1:62522 - R:localhost/127.0.0.1:24048]' for 'POST' to 'http://localhost:24048/session/800d940cd6406c4c22624d8e48fe6756/element/c662cfe7-556e-445b-94e7-cc1adc0c03e3/click'
06:34:09.242 [Forwarding clickElement on session 800d940cd6406c4c22624d8e48fe6756 to remote] DEBUG org.asynchttpclient.netty.request.NettyRequestSender - Using open Channel [id: 0xcd4d1063, L:/127.0.0.1:62522 - R:localhost/127.0.0.1:24048] for POST '/session/800d940cd6406c4c22624d8e48fe6756/element/c662cfe7-556e-445b-94e7-cc1adc0c03e3/click'
06:34:09.318 [AsyncHttpClient-1-13] DEBUG org.asynchttpclient.netty.handler.HttpHandler - 

Request DefaultHttpRequest(decodeResult: success, version: HTTP/1.1)
POST /session/800d940cd6406c4c22624d8e48fe6756/element/c662cfe7-556e-445b-94e7-cc1adc0c03e3/click HTTP/1.1
User-Agent: selenium/4.8.1 (java windows)
Content-Length: 50
Content-Type: application/json; charset=utf-8
host: localhost:24048
accept: */*

Response DefaultHttpResponse(decodeResult: success, version: HTTP/1.1)
HTTP/1.1 200 OK
Content-Length: 14
Content-Type: application/json; charset=utf-8
cache-control: no-cache

06:34:09.318 [AsyncHttpClient-1-13] DEBUG org.asynchttpclient.netty.channel.ChannelManager - Adding key: http://localhost:24048 for channel [id: 0xcd4d1063, L:/127.0.0.1:62522 - R:localhost/127.0.0.1:24048]
06:34:09.328 [main] DEBUG net.thucydides.core.steps.StepInterceptor - STEP DONE: userClickOnLoginButton
  &amp#27;[32mAnd &amp#27;[0m&amp#27;[32muser click on login button&amp#27;[0m                          &amp#27;[90m# starter.stepdefinitions.UserSteps.userClickOnLoginButton()&amp#27;[0m
  &amp#27;[32mThen &amp#27;[0m&amp#27;[32muser see an error message&amp#27;[0m                          &amp#27;[90m# starter.stepdefinitions.UserSteps.userSeeAnErrorMessage()&amp#27;[0m
06:34:09.349 [main] INFO  - 
  _____   ___   ___   _____     ___     _     ___   ___   ___   ___  
 |_   _| | __| / __| |_   _|   | _ \   /_\   / __| / __| | __| |   \ 
   | |   | _|  \__ \   | |     |  _/  / _ \  \__ \ \__ \ | _|  | |) |
   |_|   |___| |___/   |_|     |_|   /_/ \_\ |___/ |___/ |___| |___/ 

as a user I want to login with invalid password
----------------------------------------------------------------------
06:34:09.352 [AsyncHttpClient-1-15] DEBUG org.asynchttpclient.netty.handler.WebSocketHandler - Channel Closed: [id: 0x0a94fba9, L:/127.0.0.1:62531 ! R:localhost/127.0.0.1:62523] with attribute NettyResponseFuture{currentRetry=0,
	isDone=1,
	isCancelled=0,
	asyncHandler=org.asynchttpclient.ws.WebSocketUpgradeHandler@5b3fb0d,
	nettyRequest=org.asynchttpclient.netty.request.NettyRequest@320a8346,
	future=java.util.concurrent.CompletableFuture@7d9082d9[Completed normally],
	uri=ws://localhost:62523/devtools/browser/95db6cb1-d8e1-4c4c-b989-90c64b6d615c,
	keepAlive=true,
	redirectCount=0,
	timeoutsHolder=null,
	inAuth=0,
	touch=1683588841729}
06:34:09.352 [Driver Command Executor] DEBUG org.asynchttpclient.netty.request.NettyRequestSender - Using pooled Channel '[id: 0xcd4d1063, L:/127.0.0.1:62522 - R:localhost/127.0.0.1:24048]' for 'DELETE' to 'http://localhost:24048/session/800d940cd6406c4c22624d8e48fe6756'
06:34:09.352 [AsyncHttpClient-1-15] DEBUG org.asynchttpclient.netty.channel.ChannelManager - Closing Channel [id: 0x0a94fba9, L:/127.0.0.1:62531 ! R:localhost/127.0.0.1:62523] 
06:34:09.352 [Driver Command Executor] DEBUG org.asynchttpclient.netty.request.NettyRequestSender - Using open Channel [id: 0xcd4d1063, L:/127.0.0.1:62522 - R:localhost/127.0.0.1:24048] for DELETE '/session/800d940cd6406c4c22624d8e48fe6756'
06:34:09.400 [AsyncHttpClient-1-14] DEBUG org.asynchttpclient.netty.handler.HttpHandler - Unexpected I/O exception on channel [id: 0xd8351e62, L:/127.0.0.1:62530 - R:localhost/127.0.0.1:62523]
java.net.SocketException: Connection reset
	at java.base/sun.nio.ch.SocketChannelImpl.throwConnectionReset(SocketChannelImpl.java:345)
	at java.base/sun.nio.ch.SocketChannelImpl.read(SocketChannelImpl.java:376)
	at io.netty.buffer.PooledByteBuf.setBytes(PooledByteBuf.java:259)
	at io.netty.buffer.AbstractByteBuf.writeBytes(AbstractByteBuf.java:1132)
	at io.netty.channel.socket.nio.NioSocketChannel.doReadBytes(NioSocketChannel.java:357)
	at io.netty.channel.nio.AbstractNioByteChannel$NioByteUnsafe.read(AbstractNioByteChannel.java:151)
	at io.netty.channel.nio.NioEventLoop.processSelectedKey(NioEventLoop.java:788)
	at io.netty.channel.nio.NioEventLoop.processSelectedKeysOptimized(NioEventLoop.java:724)
	at io.netty.channel.nio.NioEventLoop.processSelectedKeys(NioEventLoop.java:650)
	at io.netty.channel.nio.NioEventLoop.run(NioEventLoop.java:562)
	at io.netty.util.concurrent.SingleThreadEventExecutor$4.run(SingleThreadEventExecutor.java:997)
	at io.netty.util.internal.ThreadExecutorMap$2.run(ThreadExecutorMap.java:74)
	at io.netty.util.concurrent.FastThreadLocalRunnable.run(FastThreadLocalRunnable.java:30)
	at java.base/java.lang.Thread.run(Thread.java:832)
06:34:09.400 [AsyncHttpClient-1-14] DEBUG org.asynchttpclient.netty.channel.ChannelManager - Closing Channel [id: 0xd8351e62, L:/127.0.0.1:62530 - R:localhost/127.0.0.1:62523] 
06:34:09.400 [AsyncHttpClient-1-14] DEBUG org.asynchttpclient.netty.handler.HttpHandler - Channel Closed: [id: 0xd8351e62, L:/127.0.0.1:62530 ! R:localhost/127.0.0.1:62523] with attribute DISCARD
06:34:09.425 [AsyncHttpClient-1-13] DEBUG org.asynchttpclient.netty.handler.HttpHandler - 

Request DefaultFullHttpRequest(decodeResult: success, version: HTTP/1.1, content: EmptyByteBufBE)
DELETE /session/800d940cd6406c4c22624d8e48fe6756 HTTP/1.1
User-Agent: selenium/4.8.1 (java windows)
Content-Type: application/json; charset=utf-8
host: localhost:24048
accept: */*

Response DefaultHttpResponse(decodeResult: success, version: HTTP/1.1)
HTTP/1.1 200 OK
Content-Length: 14
Content-Type: application/json; charset=utf-8
cache-control: no-cache

06:34:09.425 [AsyncHttpClient-1-13] DEBUG org.asynchttpclient.netty.channel.ChannelManager - Adding key: http://localhost:24048 for channel [id: 0xcd4d1063, L:/127.0.0.1:62522 - R:localhost/127.0.0.1:24048]
06:34:09.465 [AsyncHttpClient-1-1] DEBUG org.asynchttpclient.netty.channel.DefaultChannelPool - Entry count for : http://localhost:24048 : 1
06:34:09.465 [AsyncHttpClient-1-1] DEBUG org.asynchttpclient.netty.channel.DefaultChannelPool - Entry count for : http://localhost:62523 : 1
06:34:09.465 [AsyncHttpClient-1-1] DEBUG org.asynchttpclient.netty.channel.DefaultChannelPool - Adding Candidate expired Channel [id: 0xd8351e62, L:/127.0.0.1:62530 ! R:localhost/127.0.0.1:62523] isIdleTimeoutExpired=false isRemotelyClosed=true isTtlExpired=false
06:34:09.465 [AsyncHttpClient-1-1] DEBUG org.asynchttpclient.netty.channel.DefaultChannelPool - Closing Idle Channel [id: 0xd8351e62, L:/127.0.0.1:62530 ! R:localhost/127.0.0.1:62523]
06:34:09.465 [AsyncHttpClient-1-1] DEBUG org.asynchttpclient.netty.channel.DefaultChannelPool - Closed 1 connections out of 2 in 0 ms
06:34:10.060 [AsyncHttpClient-1-13] DEBUG org.asynchttpclient.netty.handler.HttpHandler - Channel Closed: [id: 0xcd4d1063, L:/127.0.0.1:62522 ! R:localhost/127.0.0.1:24048] with attribute DISCARD
06:34:10.559 [AsyncHttpClient-1-1] DEBUG org.asynchttpclient.netty.channel.DefaultChannelPool - Entry count for : http://localhost:24048 : 1
06:34:10.559 [AsyncHttpClient-1-1] DEBUG org.asynchttpclient.netty.channel.DefaultChannelPool - Adding Candidate expired Channel [id: 0xcd4d1063, L:/127.0.0.1:62522 ! R:localhost/127.0.0.1:24048] isIdleTimeoutExpired=false isRemotelyClosed=true isTtlExpired=false
06:34:10.559 [AsyncHttpClient-1-1] DEBUG org.asynchttpclient.netty.channel.DefaultChannelPool - Closing Idle Channel [id: 0xcd4d1063, L:/127.0.0.1:62522 ! R:localhost/127.0.0.1:24048]
06:34:10.559 [AsyncHttpClient-1-1] DEBUG org.asynchttpclient.netty.channel.DefaultChannelPool - Closed 1 connections out of 1 in 0 ms
]]></system-out>
    <system-err><![CDATA[Starting ChromeDriver 112.0.5615.49 (bd2a7bcb881c11e8cfe3078709382934e3916914-refs/branch-heads/5615@{#936}) on port 24048
Only local connections are allowed.
Please see https://chromedriver.chromium.org/security-considerations for suggestions on keeping ChromeDriver safe.
ChromeDriver was started successfully.
May 09, 2023 6:34:01 AM org.openqa.selenium.devtools.CdpVersionFinder findNearestMatch
WARNING: Unable to find an exact match for CDP version 112, so returning the closest version found: 110
]]></system-err>
  </testcase>
  <testcase name="as a user I want to login with invalid password and email" classname="As a user" time="11.008">
    <system-out><![CDATA[
@Invalid
Scenario: as a user I want to login with invalid password and email &amp#27;[90m# src/test/resources/features/user.feature:129&amp#27;[0m
06:34:10.600 [main] DEBUG io.cucumber.core.plugin.SerenityReporter - Running feature from file:///C:/Users/Lenovo/IdeaProjects/MiniProject/MiniProjectWeb/src/test/resources/features/user.feature
06:34:10.606 [main] INFO  - 
  _____   ___   ___   _____     ___   _____     _     ___   _____   ___   ___  
 |_   _| | __| / __| |_   _|   / __| |_   _|   /_\   | _ \ |_   _| | __| |   \ 
   | |   | _|  \__ \   | |     \__ \   | |    / _ \  |   /   | |   | _|  | |) |
   |_|   |___| |___/   |_|     |___/   |_|   /_/ \_\ |_|_\   |_|   |___| |___/ 

as a user I want to login with invalid password and email(as-a-user;as-a-user-i-want-to-login-with-invalid-password-and-email)
--------------------------------------------------------------------------------
06:34:10.706 [main] DEBUG net.thucydides.core.steps.StepInterceptor - STARTING STEP: UserSteps.userOnMainPage - userOnMainPage
06:34:10.865 [main] INFO net.serenitybdd.core.webdriver.driverproviders.ChromeDriverProvider - Starting Chrome driver instance with capabilities:
06:34:10.866 [main] INFO net.serenitybdd.core.webdriver.driverproviders.ChromeDriverProvider - Capabilities {acceptInsecureCerts: true, browserName: chrome, goog:chromeOptions: {args: [remote-allow-origins=*, test-type, no-sandbox, ignore-certificate-errors, start-maximized, incognito, disable-infobars, disable-gpu, disable-default-apps, disable-popup-blocking, remote-allow-origins=*, test-type, no-sandbox, ignore-certificate-errors, start-maximized, incognito, disable-infobars, disable-gpu, disable-default-apps, disable-popup-blocking, remote-allow-origins=*], extensions: []}}
06:34:11.476 [AsyncHttpClient-1-16] DEBUG org.asynchttpclient.netty.channel.NettyConnectListener - Using new Channel '[id: 0x5f23e749, L:/127.0.0.1:62546 - R:localhost/127.0.0.1:5556]' for 'POST' to '/session'
06:34:12.320 [AsyncHttpClient-1-16] DEBUG org.asynchttpclient.netty.handler.HttpHandler - 

Request DefaultHttpRequest(decodeResult: success, version: HTTP/1.1)
POST /session HTTP/1.1
User-Agent: selenium/4.8.1 (java windows)
Content-Length: 1701
Content-Type: application/json; charset=utf-8
host: localhost:5556
accept: */*

Response DefaultHttpResponse(decodeResult: success, version: HTTP/1.1)
HTTP/1.1 200 OK
Content-Length: 860
Content-Type: application/json; charset=utf-8
cache-control: no-cache

06:34:12.320 [AsyncHttpClient-1-16] DEBUG org.asynchttpclient.netty.channel.ChannelManager - Adding key: http://localhost:5556 for channel [id: 0x5f23e749, L:/127.0.0.1:62546 - R:localhost/127.0.0.1:5556]
06:34:12.338 [AsyncHttpClient-1-17] DEBUG org.asynchttpclient.netty.channel.NettyConnectListener - Using new Channel '[id: 0x9c27c83d, L:/127.0.0.1:62553 - R:localhost/127.0.0.1:62547]' for 'GET' to '/json/version'
06:34:12.340 [AsyncHttpClient-1-17] DEBUG org.asynchttpclient.netty.handler.HttpHandler - 

Request DefaultFullHttpRequest(decodeResult: success, version: HTTP/1.1, content: EmptyByteBufBE)
GET /json/version HTTP/1.1
User-Agent: selenium/4.8.1 (java windows)
host: localhost:62547
accept: */*

Response DefaultHttpResponse(decodeResult: success, version: HTTP/1.1)
HTTP/1.1 200 OK
Content-Security-Policy: frame-ancestors 'none'
Content-Length: 424
Content-Type: application/json; charset=UTF-8

06:34:12.340 [AsyncHttpClient-1-17] DEBUG org.asynchttpclient.netty.channel.ChannelManager - Adding key: http://localhost:62547 for channel [id: 0x9c27c83d, L:/127.0.0.1:62553 - R:localhost/127.0.0.1:62547]
06:34:12.347 [AsyncHttpClient-1-2] DEBUG org.asynchttpclient.netty.channel.NettyConnectListener - Using new Channel '[id: 0xc61fb803, L:/127.0.0.1:62554 - R:localhost/127.0.0.1:62547]' for 'GET' to '/devtools/browser/7b97a461-baef-484f-9b29-7be1eaab8e41'
06:34:12.349 [AsyncHttpClient-1-2] DEBUG org.asynchttpclient.netty.handler.WebSocketHandler - 

Request DefaultFullHttpRequest(decodeResult: success, version: HTTP/1.1, content: EmptyByteBufBE)
GET /devtools/browser/7b97a461-baef-484f-9b29-7be1eaab8e41 HTTP/1.1
upgrade: websocket
connection: upgrade
sec-websocket-key: mc9KCaHaIoW3LMdgolXxBw==
sec-websocket-version: 13
origin: http://localhost:62547
host: localhost:62547
accept: */*
user-agent: AHC/2.1

Response DefaultHttpResponse(decodeResult: success, version: HTTP/1.1)
HTTP/1.1 101 WebSocket Protocol Handshake
Upgrade: WebSocket
Connection: Upgrade
Sec-WebSocket-Accept: KdLfuPPD7q4R10JtiHE/TeHffDc=

06:34:12.358 [Forwarding get on session 9ece924f29575bafe5480f02baa6b326 to remote] DEBUG org.asynchttpclient.netty.request.NettyRequestSender - Using pooled Channel '[id: 0x5f23e749, L:/127.0.0.1:62546 - R:localhost/127.0.0.1:5556]' for 'POST' to 'http://localhost:5556/session/9ece924f29575bafe5480f02baa6b326/url'
06:34:12.358 [Forwarding get on session 9ece924f29575bafe5480f02baa6b326 to remote] DEBUG org.asynchttpclient.netty.request.NettyRequestSender - Using open Channel [id: 0x5f23e749, L:/127.0.0.1:62546 - R:localhost/127.0.0.1:5556] for POST '/session/9ece924f29575bafe5480f02baa6b326/url'
06:34:12.764 [AsyncHttpClient-1-1] DEBUG org.asynchttpclient.netty.channel.DefaultChannelPool - Entry count for : http://localhost:62547 : 1
06:34:13.601 [AsyncHttpClient-1-16] DEBUG org.asynchttpclient.netty.handler.HttpHandler - 

Request DefaultHttpRequest(decodeResult: success, version: HTTP/1.1)
POST /session/9ece924f29575bafe5480f02baa6b326/url HTTP/1.1
User-Agent: selenium/4.8.1 (java windows)
Content-Length: 59
Content-Type: application/json; charset=utf-8
host: localhost:5556
accept: */*

Response DefaultHttpResponse(decodeResult: success, version: HTTP/1.1)
HTTP/1.1 200 OK
Content-Length: 14
Content-Type: application/json; charset=utf-8
cache-control: no-cache

06:34:13.601 [AsyncHttpClient-1-16] DEBUG org.asynchttpclient.netty.channel.ChannelManager - Adding key: http://localhost:5556 for channel [id: 0x5f23e749, L:/127.0.0.1:62546 - R:localhost/127.0.0.1:5556]
06:34:13.605 [Forwarding setTimeout on session 9ece924f29575bafe5480f02baa6b326 to remote] DEBUG org.asynchttpclient.netty.request.NettyRequestSender - Using pooled Channel '[id: 0x5f23e749, L:/127.0.0.1:62546 - R:localhost/127.0.0.1:5556]' for 'POST' to 'http://localhost:5556/session/9ece924f29575bafe5480f02baa6b326/timeouts'
06:34:13.605 [Forwarding setTimeout on session 9ece924f29575bafe5480f02baa6b326 to remote] DEBUG org.asynchttpclient.netty.request.NettyRequestSender - Using open Channel [id: 0x5f23e749, L:/127.0.0.1:62546 - R:localhost/127.0.0.1:5556] for POST '/session/9ece924f29575bafe5480f02baa6b326/timeouts'
06:34:13.607 [AsyncHttpClient-1-16] DEBUG org.asynchttpclient.netty.handler.HttpHandler - 

Request DefaultHttpRequest(decodeResult: success, version: HTTP/1.1)
POST /session/9ece924f29575bafe5480f02baa6b326/timeouts HTTP/1.1
User-Agent: selenium/4.8.1 (java windows)
Content-Length: 22
Content-Type: application/json; charset=utf-8
host: localhost:5556
accept: */*

Response DefaultHttpResponse(decodeResult: success, version: HTTP/1.1)
HTTP/1.1 200 OK
Content-Length: 14
Content-Type: application/json; charset=utf-8
cache-control: no-cache

06:34:13.608 [AsyncHttpClient-1-16] DEBUG org.asynchttpclient.netty.channel.ChannelManager - Adding key: http://localhost:5556 for channel [id: 0x5f23e749, L:/127.0.0.1:62546 - R:localhost/127.0.0.1:5556]
06:34:13.622 [Forwarding findElement on session 9ece924f29575bafe5480f02baa6b326 to remote] DEBUG org.asynchttpclient.netty.request.NettyRequestSender - Using pooled Channel '[id: 0x5f23e749, L:/127.0.0.1:62546 - R:localhost/127.0.0.1:5556]' for 'POST' to 'http://localhost:5556/session/9ece924f29575bafe5480f02baa6b326/element'
06:34:13.622 [Forwarding findElement on session 9ece924f29575bafe5480f02baa6b326 to remote] DEBUG org.asynchttpclient.netty.request.NettyRequestSender - Using open Channel [id: 0x5f23e749, L:/127.0.0.1:62546 - R:localhost/127.0.0.1:5556] for POST '/session/9ece924f29575bafe5480f02baa6b326/element'
06:34:13.858 [AsyncHttpClient-1-1] DEBUG org.asynchttpclient.netty.channel.DefaultChannelPool - Entry count for : http://localhost:62547 : 1
06:34:14.961 [AsyncHttpClient-1-1] DEBUG org.asynchttpclient.netty.channel.DefaultChannelPool - Entry count for : http://localhost:62547 : 1
06:34:16.059 [AsyncHttpClient-1-1] DEBUG org.asynchttpclient.netty.channel.DefaultChannelPool - Entry count for : http://localhost:62547 : 1
06:34:17.166 [AsyncHttpClient-1-1] DEBUG org.asynchttpclient.netty.channel.DefaultChannelPool - Entry count for : http://localhost:62547 : 1
06:34:18.260 [AsyncHttpClient-1-1] DEBUG org.asynchttpclient.netty.channel.DefaultChannelPool - Entry count for : http://localhost:62547 : 1
06:34:19.236 [AsyncHttpClient-1-16] DEBUG org.asynchttpclient.netty.handler.HttpHandler - 

Request DefaultHttpRequest(decodeResult: success, version: HTTP/1.1)
POST /session/9ece924f29575bafe5480f02baa6b326/element HTTP/1.1
User-Agent: selenium/4.8.1 (java windows)
Content-Length: 70
Content-Type: application/json; charset=utf-8
host: localhost:5556
accept: */*

Response DefaultHttpResponse(decodeResult: success, version: HTTP/1.1)
HTTP/1.1 200 OK
Content-Length: 88
Content-Type: application/json; charset=utf-8
cache-control: no-cache

06:34:19.237 [AsyncHttpClient-1-16] DEBUG org.asynchttpclient.netty.channel.ChannelManager - Adding key: http://localhost:5556 for channel [id: 0x5f23e749, L:/127.0.0.1:62546 - R:localhost/127.0.0.1:5556]
06:34:19.245 [Forwarding isElementDisplayed on session 9ece924f29575bafe5480f02baa6b326 to remote] DEBUG org.asynchttpclient.netty.request.NettyRequestSender - Using pooled Channel '[id: 0x5f23e749, L:/127.0.0.1:62546 - R:localhost/127.0.0.1:5556]' for 'POST' to 'http://localhost:5556/session/9ece924f29575bafe5480f02baa6b326/execute/sync'
06:34:19.245 [Forwarding isElementDisplayed on session 9ece924f29575bafe5480f02baa6b326 to remote] DEBUG org.asynchttpclient.netty.request.NettyRequestSender - Using open Channel [id: 0x5f23e749, L:/127.0.0.1:62546 - R:localhost/127.0.0.1:5556] for POST '/session/9ece924f29575bafe5480f02baa6b326/execute/sync'
06:34:19.276 [AsyncHttpClient-1-16] DEBUG org.asynchttpclient.netty.handler.HttpHandler - 

Request DefaultHttpRequest(decodeResult: success, version: HTTP/1.1)
POST /session/9ece924f29575bafe5480f02baa6b326/execute/sync HTTP/1.1
User-Agent: selenium/4.8.1 (java windows)
Content-Length: 48807
Content-Type: application/json; charset=utf-8
host: localhost:5556
accept: */*

Response DefaultHttpResponse(decodeResult: success, version: HTTP/1.1)
HTTP/1.1 200 OK
Content-Length: 14
Content-Type: application/json; charset=utf-8
cache-control: no-cache

06:34:19.276 [AsyncHttpClient-1-16] DEBUG org.asynchttpclient.netty.channel.ChannelManager - Adding key: http://localhost:5556 for channel [id: 0x5f23e749, L:/127.0.0.1:62546 - R:localhost/127.0.0.1:5556]
06:34:19.283 [Forwarding isElementDisplayed on session 9ece924f29575bafe5480f02baa6b326 to remote] DEBUG org.asynchttpclient.netty.request.NettyRequestSender - Using pooled Channel '[id: 0x5f23e749, L:/127.0.0.1:62546 - R:localhost/127.0.0.1:5556]' for 'POST' to 'http://localhost:5556/session/9ece924f29575bafe5480f02baa6b326/execute/sync'
06:34:19.283 [Forwarding isElementDisplayed on session 9ece924f29575bafe5480f02baa6b326 to remote] DEBUG org.asynchttpclient.netty.request.NettyRequestSender - Using open Channel [id: 0x5f23e749, L:/127.0.0.1:62546 - R:localhost/127.0.0.1:5556] for POST '/session/9ece924f29575bafe5480f02baa6b326/execute/sync'
06:34:19.313 [AsyncHttpClient-1-16] DEBUG org.asynchttpclient.netty.handler.HttpHandler - 

Request DefaultHttpRequest(decodeResult: success, version: HTTP/1.1)
POST /session/9ece924f29575bafe5480f02baa6b326/execute/sync HTTP/1.1
User-Agent: selenium/4.8.1 (java windows)
Content-Length: 48807
Content-Type: application/json; charset=utf-8
host: localhost:5556
accept: */*

Response DefaultHttpResponse(decodeResult: success, version: HTTP/1.1)
HTTP/1.1 200 OK
Content-Length: 14
Content-Type: application/json; charset=utf-8
cache-control: no-cache

06:34:19.314 [AsyncHttpClient-1-16] DEBUG org.asynchttpclient.netty.channel.ChannelManager - Adding key: http://localhost:5556 for channel [id: 0x5f23e749, L:/127.0.0.1:62546 - R:localhost/127.0.0.1:5556]
06:34:19.321 [main] DEBUG net.thucydides.core.steps.StepInterceptor - STEP DONE: userOnMainPage
  &amp#27;[32mGiven &amp#27;[0m&amp#27;[32muser on main page&amp#27;[0m                                           &amp#27;[90m# starter.stepdefinitions.UserSteps.userOnMainPage()&amp#27;[0m
06:34:19.345 [main] DEBUG net.thucydides.core.steps.StepInterceptor - STARTING STEP: UserSteps.userClickOnLoginButton - userClickOnLoginButton
06:34:19.358 [AsyncHttpClient-1-1] DEBUG org.asynchttpclient.netty.channel.DefaultChannelPool - Entry count for : http://localhost:5556 : 1
06:34:19.358 [AsyncHttpClient-1-1] DEBUG org.asynchttpclient.netty.channel.DefaultChannelPool - Entry count for : http://localhost:62547 : 1
06:34:19.359 [Forwarding findElement on session 9ece924f29575bafe5480f02baa6b326 to remote] DEBUG org.asynchttpclient.netty.request.NettyRequestSender - Using pooled Channel '[id: 0x5f23e749, L:/127.0.0.1:62546 - R:localhost/127.0.0.1:5556]' for 'POST' to 'http://localhost:5556/session/9ece924f29575bafe5480f02baa6b326/element'
06:34:19.359 [Forwarding findElement on session 9ece924f29575bafe5480f02baa6b326 to remote] DEBUG org.asynchttpclient.netty.request.NettyRequestSender - Using open Channel [id: 0x5f23e749, L:/127.0.0.1:62546 - R:localhost/127.0.0.1:5556] for POST '/session/9ece924f29575bafe5480f02baa6b326/element'
06:34:19.404 [AsyncHttpClient-1-16] DEBUG org.asynchttpclient.netty.handler.HttpHandler - 

Request DefaultHttpRequest(decodeResult: success, version: HTTP/1.1)
POST /session/9ece924f29575bafe5480f02baa6b326/element HTTP/1.1
User-Agent: selenium/4.8.1 (java windows)
Content-Length: 106
Content-Type: application/json; charset=utf-8
host: localhost:5556
accept: */*

Response DefaultHttpResponse(decodeResult: success, version: HTTP/1.1)
HTTP/1.1 200 OK
Content-Length: 88
Content-Type: application/json; charset=utf-8
cache-control: no-cache

06:34:19.405 [AsyncHttpClient-1-16] DEBUG org.asynchttpclient.netty.channel.ChannelManager - Adding key: http://localhost:5556 for channel [id: 0x5f23e749, L:/127.0.0.1:62546 - R:localhost/127.0.0.1:5556]
06:34:19.408 [Forwarding getElementTagName on session 9ece924f29575bafe5480f02baa6b326 to remote] DEBUG org.asynchttpclient.netty.request.NettyRequestSender - Using pooled Channel '[id: 0x5f23e749, L:/127.0.0.1:62546 - R:localhost/127.0.0.1:5556]' for 'GET' to 'http://localhost:5556/session/9ece924f29575bafe5480f02baa6b326/element/62b55557-1b17-4a81-960e-96a21dc184ee/name'
06:34:19.408 [Forwarding getElementTagName on session 9ece924f29575bafe5480f02baa6b326 to remote] DEBUG org.asynchttpclient.netty.request.NettyRequestSender - Using open Channel [id: 0x5f23e749, L:/127.0.0.1:62546 - R:localhost/127.0.0.1:5556] for GET '/session/9ece924f29575bafe5480f02baa6b326/element/62b55557-1b17-4a81-960e-96a21dc184ee/name'
06:34:19.423 [AsyncHttpClient-1-16] DEBUG org.asynchttpclient.netty.handler.HttpHandler - 

Request DefaultFullHttpRequest(decodeResult: success, version: HTTP/1.1, content: EmptyByteBufBE)
GET /session/9ece924f29575bafe5480f02baa6b326/element/62b55557-1b17-4a81-960e-96a21dc184ee/name HTTP/1.1
User-Agent: selenium/4.8.1 (java windows)
Cache-Control: no-cache
Content-Type: application/json; charset=utf-8
host: localhost:5556
accept: */*

Response DefaultHttpResponse(decodeResult: success, version: HTTP/1.1)
HTTP/1.1 200 OK
Content-Length: 13
Content-Type: application/json; charset=utf-8
cache-control: no-cache

06:34:19.424 [AsyncHttpClient-1-16] DEBUG org.asynchttpclient.netty.channel.ChannelManager - Adding key: http://localhost:5556 for channel [id: 0x5f23e749, L:/127.0.0.1:62546 - R:localhost/127.0.0.1:5556]
06:34:19.428 [Forwarding getElementTagName on session 9ece924f29575bafe5480f02baa6b326 to remote] DEBUG org.asynchttpclient.netty.request.NettyRequestSender - Using pooled Channel '[id: 0x5f23e749, L:/127.0.0.1:62546 - R:localhost/127.0.0.1:5556]' for 'GET' to 'http://localhost:5556/session/9ece924f29575bafe5480f02baa6b326/element/62b55557-1b17-4a81-960e-96a21dc184ee/name'
06:34:19.429 [Forwarding getElementTagName on session 9ece924f29575bafe5480f02baa6b326 to remote] DEBUG org.asynchttpclient.netty.request.NettyRequestSender - Using open Channel [id: 0x5f23e749, L:/127.0.0.1:62546 - R:localhost/127.0.0.1:5556] for GET '/session/9ece924f29575bafe5480f02baa6b326/element/62b55557-1b17-4a81-960e-96a21dc184ee/name'
06:34:19.442 [AsyncHttpClient-1-16] DEBUG org.asynchttpclient.netty.handler.HttpHandler - 

Request DefaultFullHttpRequest(decodeResult: success, version: HTTP/1.1, content: EmptyByteBufBE)
GET /session/9ece924f29575bafe5480f02baa6b326/element/62b55557-1b17-4a81-960e-96a21dc184ee/name HTTP/1.1
User-Agent: selenium/4.8.1 (java windows)
Cache-Control: no-cache
Content-Type: application/json; charset=utf-8
host: localhost:5556
accept: */*

Response DefaultHttpResponse(decodeResult: success, version: HTTP/1.1)
HTTP/1.1 200 OK
Content-Length: 13
Content-Type: application/json; charset=utf-8
cache-control: no-cache

06:34:19.442 [AsyncHttpClient-1-16] DEBUG org.asynchttpclient.netty.channel.ChannelManager - Adding key: http://localhost:5556 for channel [id: 0x5f23e749, L:/127.0.0.1:62546 - R:localhost/127.0.0.1:5556]
06:34:19.450 [Forwarding findElement on session 9ece924f29575bafe5480f02baa6b326 to remote] DEBUG org.asynchttpclient.netty.request.NettyRequestSender - Using pooled Channel '[id: 0x5f23e749, L:/127.0.0.1:62546 - R:localhost/127.0.0.1:5556]' for 'POST' to 'http://localhost:5556/session/9ece924f29575bafe5480f02baa6b326/element'
06:34:19.450 [Forwarding findElement on session 9ece924f29575bafe5480f02baa6b326 to remote] DEBUG org.asynchttpclient.netty.request.NettyRequestSender - Using open Channel [id: 0x5f23e749, L:/127.0.0.1:62546 - R:localhost/127.0.0.1:5556] for POST '/session/9ece924f29575bafe5480f02baa6b326/element'
06:34:19.483 [AsyncHttpClient-1-16] DEBUG org.asynchttpclient.netty.handler.HttpHandler - 

Request DefaultHttpRequest(decodeResult: success, version: HTTP/1.1)
POST /session/9ece924f29575bafe5480f02baa6b326/element HTTP/1.1
User-Agent: selenium/4.8.1 (java windows)
Content-Length: 106
Content-Type: application/json; charset=utf-8
host: localhost:5556
accept: */*

Response DefaultHttpResponse(decodeResult: success, version: HTTP/1.1)
HTTP/1.1 200 OK
Content-Length: 88
Content-Type: application/json; charset=utf-8
cache-control: no-cache

06:34:19.483 [AsyncHttpClient-1-16] DEBUG org.asynchttpclient.netty.channel.ChannelManager - Adding key: http://localhost:5556 for channel [id: 0x5f23e749, L:/127.0.0.1:62546 - R:localhost/127.0.0.1:5556]
06:34:19.486 [Forwarding clickElement on session 9ece924f29575bafe5480f02baa6b326 to remote] DEBUG org.asynchttpclient.netty.request.NettyRequestSender - Using pooled Channel '[id: 0x5f23e749, L:/127.0.0.1:62546 - R:localhost/127.0.0.1:5556]' for 'POST' to 'http://localhost:5556/session/9ece924f29575bafe5480f02baa6b326/element/62b55557-1b17-4a81-960e-96a21dc184ee/click'
06:34:19.487 [Forwarding clickElement on session 9ece924f29575bafe5480f02baa6b326 to remote] DEBUG org.asynchttpclient.netty.request.NettyRequestSender - Using open Channel [id: 0x5f23e749, L:/127.0.0.1:62546 - R:localhost/127.0.0.1:5556] for POST '/session/9ece924f29575bafe5480f02baa6b326/element/62b55557-1b17-4a81-960e-96a21dc184ee/click'
06:34:19.641 [AsyncHttpClient-1-16] DEBUG org.asynchttpclient.netty.handler.HttpHandler - 

Request DefaultHttpRequest(decodeResult: success, version: HTTP/1.1)
POST /session/9ece924f29575bafe5480f02baa6b326/element/62b55557-1b17-4a81-960e-96a21dc184ee/click HTTP/1.1
User-Agent: selenium/4.8.1 (java windows)
Content-Length: 50
Content-Type: application/json; charset=utf-8
host: localhost:5556
accept: */*

Response DefaultHttpResponse(decodeResult: success, version: HTTP/1.1)
HTTP/1.1 200 OK
Content-Length: 14
Content-Type: application/json; charset=utf-8
cache-control: no-cache

06:34:19.641 [AsyncHttpClient-1-16] DEBUG org.asynchttpclient.netty.channel.ChannelManager - Adding key: http://localhost:5556 for channel [id: 0x5f23e749, L:/127.0.0.1:62546 - R:localhost/127.0.0.1:5556]
06:34:19.656 [main] DEBUG net.thucydides.core.steps.StepInterceptor - STEP DONE: userClickOnLoginButton
  &amp#27;[32mWhen &amp#27;[0m&amp#27;[32muser click on login button&amp#27;[0m                                   &amp#27;[90m# starter.stepdefinitions.UserSteps.userClickOnLoginButton()&amp#27;[0m
06:34:19.687 [main] DEBUG net.thucydides.core.steps.StepInterceptor - STARTING STEP: UserSteps.userOnLoginPage - userOnLoginPage
06:34:19.693 [Forwarding findElement on session 9ece924f29575bafe5480f02baa6b326 to remote] DEBUG org.asynchttpclient.netty.request.NettyRequestSender - Using pooled Channel '[id: 0x5f23e749, L:/127.0.0.1:62546 - R:localhost/127.0.0.1:5556]' for 'POST' to 'http://localhost:5556/session/9ece924f29575bafe5480f02baa6b326/element'
06:34:19.693 [Forwarding findElement on session 9ece924f29575bafe5480f02baa6b326 to remote] DEBUG org.asynchttpclient.netty.request.NettyRequestSender - Using open Channel [id: 0x5f23e749, L:/127.0.0.1:62546 - R:localhost/127.0.0.1:5556] for POST '/session/9ece924f29575bafe5480f02baa6b326/element'
06:34:20.099 [AsyncHttpClient-1-16] DEBUG org.asynchttpclient.netty.handler.HttpHandler - 

Request DefaultHttpRequest(decodeResult: success, version: HTTP/1.1)
POST /session/9ece924f29575bafe5480f02baa6b326/element HTTP/1.1
User-Agent: selenium/4.8.1 (java windows)
Content-Length: 68
Content-Type: application/json; charset=utf-8
host: localhost:5556
accept: */*

Response DefaultHttpResponse(decodeResult: success, version: HTTP/1.1)
HTTP/1.1 200 OK
Content-Length: 88
Content-Type: application/json; charset=utf-8
cache-control: no-cache

06:34:20.099 [AsyncHttpClient-1-16] DEBUG org.asynchttpclient.netty.channel.ChannelManager - Adding key: http://localhost:5556 for channel [id: 0x5f23e749, L:/127.0.0.1:62546 - R:localhost/127.0.0.1:5556]
06:34:20.104 [Forwarding isElementDisplayed on session 9ece924f29575bafe5480f02baa6b326 to remote] DEBUG org.asynchttpclient.netty.request.NettyRequestSender - Using pooled Channel '[id: 0x5f23e749, L:/127.0.0.1:62546 - R:localhost/127.0.0.1:5556]' for 'POST' to 'http://localhost:5556/session/9ece924f29575bafe5480f02baa6b326/execute/sync'
06:34:20.104 [Forwarding isElementDisplayed on session 9ece924f29575bafe5480f02baa6b326 to remote] DEBUG org.asynchttpclient.netty.request.NettyRequestSender - Using open Channel [id: 0x5f23e749, L:/127.0.0.1:62546 - R:localhost/127.0.0.1:5556] for POST '/session/9ece924f29575bafe5480f02baa6b326/execute/sync'
06:34:20.118 [AsyncHttpClient-1-16] DEBUG org.asynchttpclient.netty.handler.HttpHandler - 

Request DefaultHttpRequest(decodeResult: success, version: HTTP/1.1)
POST /session/9ece924f29575bafe5480f02baa6b326/execute/sync HTTP/1.1
User-Agent: selenium/4.8.1 (java windows)
Content-Length: 48807
Content-Type: application/json; charset=utf-8
host: localhost:5556
accept: */*

Response DefaultHttpResponse(decodeResult: success, version: HTTP/1.1)
HTTP/1.1 200 OK
Content-Length: 14
Content-Type: application/json; charset=utf-8
cache-control: no-cache

06:34:20.118 [AsyncHttpClient-1-16] DEBUG org.asynchttpclient.netty.channel.ChannelManager - Adding key: http://localhost:5556 for channel [id: 0x5f23e749, L:/127.0.0.1:62546 - R:localhost/127.0.0.1:5556]
06:34:20.122 [Forwarding isElementDisplayed on session 9ece924f29575bafe5480f02baa6b326 to remote] DEBUG org.asynchttpclient.netty.request.NettyRequestSender - Using pooled Channel '[id: 0x5f23e749, L:/127.0.0.1:62546 - R:localhost/127.0.0.1:5556]' for 'POST' to 'http://localhost:5556/session/9ece924f29575bafe5480f02baa6b326/execute/sync'
06:34:20.122 [Forwarding isElementDisplayed on session 9ece924f29575bafe5480f02baa6b326 to remote] DEBUG org.asynchttpclient.netty.request.NettyRequestSender - Using open Channel [id: 0x5f23e749, L:/127.0.0.1:62546 - R:localhost/127.0.0.1:5556] for POST '/session/9ece924f29575bafe5480f02baa6b326/execute/sync'
06:34:20.137 [AsyncHttpClient-1-16] DEBUG org.asynchttpclient.netty.handler.HttpHandler - 

Request DefaultHttpRequest(decodeResult: success, version: HTTP/1.1)
POST /session/9ece924f29575bafe5480f02baa6b326/execute/sync HTTP/1.1
User-Agent: selenium/4.8.1 (java windows)
Content-Length: 48807
Content-Type: application/json; charset=utf-8
host: localhost:5556
accept: */*

Response DefaultHttpResponse(decodeResult: success, version: HTTP/1.1)
HTTP/1.1 200 OK
Content-Length: 14
Content-Type: application/json; charset=utf-8
cache-control: no-cache

06:34:20.137 [AsyncHttpClient-1-16] DEBUG org.asynchttpclient.netty.channel.ChannelManager - Adding key: http://localhost:5556 for channel [id: 0x5f23e749, L:/127.0.0.1:62546 - R:localhost/127.0.0.1:5556]
06:34:20.140 [main] DEBUG net.thucydides.core.steps.StepInterceptor - STEP DONE: userOnLoginPage
  &amp#27;[32mAnd &amp#27;[0m&amp#27;[32muser on login page&amp#27;[0m                                            &amp#27;[90m# starter.stepdefinitions.UserSteps.userOnLoginPage()&amp#27;[0m
  &amp#27;[32mAnd &amp#27;[0m&amp#27;[32muser enter a invalid email&amp#27;[0m                                    &amp#27;[90m# starter.stepdefinitions.UserSteps.userEnterAInvalidEmail()&amp#27;[0m
  &amp#27;[32mAnd &amp#27;[0m&amp#27;[32muser enter a invalid password&amp#27;[0m                                 &amp#27;[90m# starter.stepdefinitions.UserSteps.userEnterAInvalidPassword()&amp#27;[0m
06:34:20.162 [main] DEBUG net.thucydides.core.steps.StepInterceptor - STARTING STEP: UserSteps.userClickOnLoginButton - userClickOnLoginButton
06:34:20.167 [Forwarding findElement on session 9ece924f29575bafe5480f02baa6b326 to remote] DEBUG org.asynchttpclient.netty.request.NettyRequestSender - Using pooled Channel '[id: 0x5f23e749, L:/127.0.0.1:62546 - R:localhost/127.0.0.1:5556]' for 'POST' to 'http://localhost:5556/session/9ece924f29575bafe5480f02baa6b326/element'
06:34:20.167 [Forwarding findElement on session 9ece924f29575bafe5480f02baa6b326 to remote] DEBUG org.asynchttpclient.netty.request.NettyRequestSender - Using open Channel [id: 0x5f23e749, L:/127.0.0.1:62546 - R:localhost/127.0.0.1:5556] for POST '/session/9ece924f29575bafe5480f02baa6b326/element'
06:34:20.182 [AsyncHttpClient-1-16] DEBUG org.asynchttpclient.netty.handler.HttpHandler - 

Request DefaultHttpRequest(decodeResult: success, version: HTTP/1.1)
POST /session/9ece924f29575bafe5480f02baa6b326/element HTTP/1.1
User-Agent: selenium/4.8.1 (java windows)
Content-Length: 106
Content-Type: application/json; charset=utf-8
host: localhost:5556
accept: */*

Response DefaultHttpResponse(decodeResult: success, version: HTTP/1.1)
HTTP/1.1 200 OK
Content-Length: 88
Content-Type: application/json; charset=utf-8
cache-control: no-cache

06:34:20.182 [AsyncHttpClient-1-16] DEBUG org.asynchttpclient.netty.channel.ChannelManager - Adding key: http://localhost:5556 for channel [id: 0x5f23e749, L:/127.0.0.1:62546 - R:localhost/127.0.0.1:5556]
06:34:20.184 [Forwarding getElementTagName on session 9ece924f29575bafe5480f02baa6b326 to remote] DEBUG org.asynchttpclient.netty.request.NettyRequestSender - Using pooled Channel '[id: 0x5f23e749, L:/127.0.0.1:62546 - R:localhost/127.0.0.1:5556]' for 'GET' to 'http://localhost:5556/session/9ece924f29575bafe5480f02baa6b326/element/62b55557-1b17-4a81-960e-96a21dc184ee/name'
06:34:20.184 [Forwarding getElementTagName on session 9ece924f29575bafe5480f02baa6b326 to remote] DEBUG org.asynchttpclient.netty.request.NettyRequestSender - Using open Channel [id: 0x5f23e749, L:/127.0.0.1:62546 - R:localhost/127.0.0.1:5556] for GET '/session/9ece924f29575bafe5480f02baa6b326/element/62b55557-1b17-4a81-960e-96a21dc184ee/name'
06:34:20.192 [AsyncHttpClient-1-16] DEBUG org.asynchttpclient.netty.handler.HttpHandler - 

Request DefaultFullHttpRequest(decodeResult: success, version: HTTP/1.1, content: EmptyByteBufBE)
GET /session/9ece924f29575bafe5480f02baa6b326/element/62b55557-1b17-4a81-960e-96a21dc184ee/name HTTP/1.1
User-Agent: selenium/4.8.1 (java windows)
Cache-Control: no-cache
Content-Type: application/json; charset=utf-8
host: localhost:5556
accept: */*

Response DefaultHttpResponse(decodeResult: success, version: HTTP/1.1)
HTTP/1.1 200 OK
Content-Length: 13
Content-Type: application/json; charset=utf-8
cache-control: no-cache

06:34:20.192 [AsyncHttpClient-1-16] DEBUG org.asynchttpclient.netty.channel.ChannelManager - Adding key: http://localhost:5556 for channel [id: 0x5f23e749, L:/127.0.0.1:62546 - R:localhost/127.0.0.1:5556]
06:34:20.194 [Forwarding getElementTagName on session 9ece924f29575bafe5480f02baa6b326 to remote] DEBUG org.asynchttpclient.netty.request.NettyRequestSender - Using pooled Channel '[id: 0x5f23e749, L:/127.0.0.1:62546 - R:localhost/127.0.0.1:5556]' for 'GET' to 'http://localhost:5556/session/9ece924f29575bafe5480f02baa6b326/element/62b55557-1b17-4a81-960e-96a21dc184ee/name'
06:34:20.194 [Forwarding getElementTagName on session 9ece924f29575bafe5480f02baa6b326 to remote] DEBUG org.asynchttpclient.netty.request.NettyRequestSender - Using open Channel [id: 0x5f23e749, L:/127.0.0.1:62546 - R:localhost/127.0.0.1:5556] for GET '/session/9ece924f29575bafe5480f02baa6b326/element/62b55557-1b17-4a81-960e-96a21dc184ee/name'
06:34:20.202 [AsyncHttpClient-1-16] DEBUG org.asynchttpclient.netty.handler.HttpHandler - 

Request DefaultFullHttpRequest(decodeResult: success, version: HTTP/1.1, content: EmptyByteBufBE)
GET /session/9ece924f29575bafe5480f02baa6b326/element/62b55557-1b17-4a81-960e-96a21dc184ee/name HTTP/1.1
User-Agent: selenium/4.8.1 (java windows)
Cache-Control: no-cache
Content-Type: application/json; charset=utf-8
host: localhost:5556
accept: */*

Response DefaultHttpResponse(decodeResult: success, version: HTTP/1.1)
HTTP/1.1 200 OK
Content-Length: 13
Content-Type: application/json; charset=utf-8
cache-control: no-cache

06:34:20.202 [AsyncHttpClient-1-16] DEBUG org.asynchttpclient.netty.channel.ChannelManager - Adding key: http://localhost:5556 for channel [id: 0x5f23e749, L:/127.0.0.1:62546 - R:localhost/127.0.0.1:5556]
06:34:20.204 [Forwarding findElement on session 9ece924f29575bafe5480f02baa6b326 to remote] DEBUG org.asynchttpclient.netty.request.NettyRequestSender - Using pooled Channel '[id: 0x5f23e749, L:/127.0.0.1:62546 - R:localhost/127.0.0.1:5556]' for 'POST' to 'http://localhost:5556/session/9ece924f29575bafe5480f02baa6b326/element'
06:34:20.205 [Forwarding findElement on session 9ece924f29575bafe5480f02baa6b326 to remote] DEBUG org.asynchttpclient.netty.request.NettyRequestSender - Using open Channel [id: 0x5f23e749, L:/127.0.0.1:62546 - R:localhost/127.0.0.1:5556] for POST '/session/9ece924f29575bafe5480f02baa6b326/element'
06:34:20.217 [AsyncHttpClient-1-16] DEBUG org.asynchttpclient.netty.handler.HttpHandler - 

Request DefaultHttpRequest(decodeResult: success, version: HTTP/1.1)
POST /session/9ece924f29575bafe5480f02baa6b326/element HTTP/1.1
User-Agent: selenium/4.8.1 (java windows)
Content-Length: 106
Content-Type: application/json; charset=utf-8
host: localhost:5556
accept: */*

Response DefaultHttpResponse(decodeResult: success, version: HTTP/1.1)
HTTP/1.1 200 OK
Content-Length: 88
Content-Type: application/json; charset=utf-8
cache-control: no-cache

06:34:20.218 [AsyncHttpClient-1-16] DEBUG org.asynchttpclient.netty.channel.ChannelManager - Adding key: http://localhost:5556 for channel [id: 0x5f23e749, L:/127.0.0.1:62546 - R:localhost/127.0.0.1:5556]
06:34:20.220 [Forwarding clickElement on session 9ece924f29575bafe5480f02baa6b326 to remote] DEBUG org.asynchttpclient.netty.request.NettyRequestSender - Using pooled Channel '[id: 0x5f23e749, L:/127.0.0.1:62546 - R:localhost/127.0.0.1:5556]' for 'POST' to 'http://localhost:5556/session/9ece924f29575bafe5480f02baa6b326/element/62b55557-1b17-4a81-960e-96a21dc184ee/click'
06:34:20.220 [Forwarding clickElement on session 9ece924f29575bafe5480f02baa6b326 to remote] DEBUG org.asynchttpclient.netty.request.NettyRequestSender - Using open Channel [id: 0x5f23e749, L:/127.0.0.1:62546 - R:localhost/127.0.0.1:5556] for POST '/session/9ece924f29575bafe5480f02baa6b326/element/62b55557-1b17-4a81-960e-96a21dc184ee/click'
06:34:20.267 [AsyncHttpClient-1-16] DEBUG org.asynchttpclient.netty.handler.HttpHandler - 

Request DefaultHttpRequest(decodeResult: success, version: HTTP/1.1)
POST /session/9ece924f29575bafe5480f02baa6b326/element/62b55557-1b17-4a81-960e-96a21dc184ee/click HTTP/1.1
User-Agent: selenium/4.8.1 (java windows)
Content-Length: 50
Content-Type: application/json; charset=utf-8
host: localhost:5556
accept: */*

Response DefaultHttpResponse(decodeResult: success, version: HTTP/1.1)
HTTP/1.1 200 OK
Content-Length: 14
Content-Type: application/json; charset=utf-8
cache-control: no-cache

06:34:20.267 [AsyncHttpClient-1-16] DEBUG org.asynchttpclient.netty.channel.ChannelManager - Adding key: http://localhost:5556 for channel [id: 0x5f23e749, L:/127.0.0.1:62546 - R:localhost/127.0.0.1:5556]
06:34:20.274 [main] DEBUG net.thucydides.core.steps.StepInterceptor - STEP DONE: userClickOnLoginButton
  &amp#27;[32mAnd &amp#27;[0m&amp#27;[32muser click on login button&amp#27;[0m                                    &amp#27;[90m# starter.stepdefinitions.UserSteps.userClickOnLoginButton()&amp#27;[0m
  &amp#27;[32mThen &amp#27;[0m&amp#27;[32muser see an error message&amp#27;[0m                                    &amp#27;[90m# starter.stepdefinitions.UserSteps.userSeeAnErrorMessage()&amp#27;[0m
06:34:20.290 [main] INFO  - 
  _____   ___   ___   _____     ___     _     ___   ___   ___   ___  
 |_   _| | __| / __| |_   _|   | _ \   /_\   / __| / __| | __| |   \ 
   | |   | _|  \__ \   | |     |  _/  / _ \  \__ \ \__ \ | _|  | |) |
   |_|   |___| |___/   |_|     |_|   /_/ \_\ |___/ |___/ |___| |___/ 

as a user I want to login with invalid password and email
----------------------------------------------------------------------
06:34:20.293 [AsyncHttpClient-1-2] DEBUG org.asynchttpclient.netty.handler.WebSocketHandler - Channel Closed: [id: 0xc61fb803, L:/127.0.0.1:62554 ! R:localhost/127.0.0.1:62547] with attribute NettyResponseFuture{currentRetry=0,
	isDone=1,
	isCancelled=0,
	asyncHandler=org.asynchttpclient.ws.WebSocketUpgradeHandler@1f6d7820,
	nettyRequest=org.asynchttpclient.netty.request.NettyRequest@5c5d0cf4,
	future=java.util.concurrent.CompletableFuture@40b79402[Completed normally],
	uri=ws://localhost:62547/devtools/browser/7b97a461-baef-484f-9b29-7be1eaab8e41,
	keepAlive=true,
	redirectCount=0,
	timeoutsHolder=null,
	inAuth=0,
	touch=1683588852350}
06:34:20.293 [Driver Command Executor] DEBUG org.asynchttpclient.netty.request.NettyRequestSender - Using pooled Channel '[id: 0x5f23e749, L:/127.0.0.1:62546 - R:localhost/127.0.0.1:5556]' for 'DELETE' to 'http://localhost:5556/session/9ece924f29575bafe5480f02baa6b326'
06:34:20.293 [AsyncHttpClient-1-2] DEBUG org.asynchttpclient.netty.channel.ChannelManager - Closing Channel [id: 0xc61fb803, L:/127.0.0.1:62554 ! R:localhost/127.0.0.1:62547] 
06:34:20.293 [Driver Command Executor] DEBUG org.asynchttpclient.netty.request.NettyRequestSender - Using open Channel [id: 0x5f23e749, L:/127.0.0.1:62546 - R:localhost/127.0.0.1:5556] for DELETE '/session/9ece924f29575bafe5480f02baa6b326'
06:34:20.417 [AsyncHttpClient-1-17] DEBUG org.asynchttpclient.netty.handler.HttpHandler - Unexpected I/O exception on channel [id: 0x9c27c83d, L:/127.0.0.1:62553 - R:localhost/127.0.0.1:62547]
java.net.SocketException: Connection reset
	at java.base/sun.nio.ch.SocketChannelImpl.throwConnectionReset(SocketChannelImpl.java:345)
	at java.base/sun.nio.ch.SocketChannelImpl.read(SocketChannelImpl.java:376)
	at io.netty.buffer.PooledByteBuf.setBytes(PooledByteBuf.java:259)
	at io.netty.buffer.AbstractByteBuf.writeBytes(AbstractByteBuf.java:1132)
	at io.netty.channel.socket.nio.NioSocketChannel.doReadBytes(NioSocketChannel.java:357)
	at io.netty.channel.nio.AbstractNioByteChannel$NioByteUnsafe.read(AbstractNioByteChannel.java:151)
	at io.netty.channel.nio.NioEventLoop.processSelectedKey(NioEventLoop.java:788)
	at io.netty.channel.nio.NioEventLoop.processSelectedKeysOptimized(NioEventLoop.java:724)
	at io.netty.channel.nio.NioEventLoop.processSelectedKeys(NioEventLoop.java:650)
	at io.netty.channel.nio.NioEventLoop.run(NioEventLoop.java:562)
	at io.netty.util.concurrent.SingleThreadEventExecutor$4.run(SingleThreadEventExecutor.java:997)
	at io.netty.util.internal.ThreadExecutorMap$2.run(ThreadExecutorMap.java:74)
	at io.netty.util.concurrent.FastThreadLocalRunnable.run(FastThreadLocalRunnable.java:30)
	at java.base/java.lang.Thread.run(Thread.java:832)
06:34:20.418 [AsyncHttpClient-1-17] DEBUG org.asynchttpclient.netty.channel.ChannelManager - Closing Channel [id: 0x9c27c83d, L:/127.0.0.1:62553 - R:localhost/127.0.0.1:62547] 
06:34:20.418 [AsyncHttpClient-1-17] DEBUG org.asynchttpclient.netty.handler.HttpHandler - Channel Closed: [id: 0x9c27c83d, L:/127.0.0.1:62553 ! R:localhost/127.0.0.1:62547] with attribute DISCARD
06:34:20.458 [AsyncHttpClient-1-1] DEBUG org.asynchttpclient.netty.channel.DefaultChannelPool - Entry count for : http://localhost:62547 : 1
06:34:20.458 [AsyncHttpClient-1-1] DEBUG org.asynchttpclient.netty.channel.DefaultChannelPool - Adding Candidate expired Channel [id: 0x9c27c83d, L:/127.0.0.1:62553 ! R:localhost/127.0.0.1:62547] isIdleTimeoutExpired=false isRemotelyClosed=true isTtlExpired=false
06:34:20.458 [AsyncHttpClient-1-1] DEBUG org.asynchttpclient.netty.channel.DefaultChannelPool - Closing Idle Channel [id: 0x9c27c83d, L:/127.0.0.1:62553 ! R:localhost/127.0.0.1:62547]
06:34:20.458 [AsyncHttpClient-1-1] DEBUG org.asynchttpclient.netty.channel.DefaultChannelPool - Closed 1 connections out of 1 in 0 ms
06:34:20.459 [AsyncHttpClient-1-16] DEBUG org.asynchttpclient.netty.handler.HttpHandler - 

Request DefaultFullHttpRequest(decodeResult: success, version: HTTP/1.1, content: EmptyByteBufBE)
DELETE /session/9ece924f29575bafe5480f02baa6b326 HTTP/1.1
User-Agent: selenium/4.8.1 (java windows)
Content-Type: application/json; charset=utf-8
host: localhost:5556
accept: */*

Response DefaultHttpResponse(decodeResult: success, version: HTTP/1.1)
HTTP/1.1 200 OK
Content-Length: 14
Content-Type: application/json; charset=utf-8
cache-control: no-cache

06:34:20.459 [AsyncHttpClient-1-16] DEBUG org.asynchttpclient.netty.channel.ChannelManager - Adding key: http://localhost:5556 for channel [id: 0x5f23e749, L:/127.0.0.1:62546 - R:localhost/127.0.0.1:5556]
06:34:21.063 [AsyncHttpClient-1-16] DEBUG org.asynchttpclient.netty.handler.HttpHandler - Channel Closed: [id: 0x5f23e749, L:/127.0.0.1:62546 ! R:localhost/127.0.0.1:5556] with attribute DISCARD
06:34:21.559 [AsyncHttpClient-1-1] DEBUG org.asynchttpclient.netty.channel.DefaultChannelPool - Entry count for : http://localhost:5556 : 1
06:34:21.559 [AsyncHttpClient-1-1] DEBUG org.asynchttpclient.netty.channel.DefaultChannelPool - Adding Candidate expired Channel [id: 0x5f23e749, L:/127.0.0.1:62546 ! R:localhost/127.0.0.1:5556] isIdleTimeoutExpired=false isRemotelyClosed=true isTtlExpired=false
06:34:21.559 [AsyncHttpClient-1-1] DEBUG org.asynchttpclient.netty.channel.DefaultChannelPool - Closing Idle Channel [id: 0x5f23e749, L:/127.0.0.1:62546 ! R:localhost/127.0.0.1:5556]
06:34:21.559 [AsyncHttpClient-1-1] DEBUG org.asynchttpclient.netty.channel.DefaultChannelPool - Closed 1 connections out of 1 in 0 ms
]]></system-out>
    <system-err><![CDATA[Starting ChromeDriver 112.0.5615.49 (bd2a7bcb881c11e8cfe3078709382934e3916914-refs/branch-heads/5615@{#936}) on port 5556
Only local connections are allowed.
Please see https://chromedriver.chromium.org/security-considerations for suggestions on keeping ChromeDriver safe.
ChromeDriver was started successfully.
May 09, 2023 6:34:12 AM org.openqa.selenium.devtools.CdpVersionFinder findNearestMatch
WARNING: Unable to find an exact match for CDP version 112, so returning the closest version found: 110
]]></system-err>
  </testcase>
</testsuite>